<?xml version="1.0" encoding="UTF-8"?>
<testsuite name="org.project.neutrino.nfvo.core.test.reositories.RepositoryClassSuiteTest" tests="3" skipped="0" failures="0" errors="0" timestamp="2015-05-06T11:23:08" hostname="i5dhcp195.fokus.fraunhofer.de" time="0.301">
  <properties/>
  <testcase name="nsdRepositoryFindTest" classname="org.project.neutrino.nfvo.core.test.reositories.RepositoryClassSuiteTest" time="0.12"/>
  <testcase name="nsdRepositoryMergeTest" classname="org.project.neutrino.nfvo.core.test.reositories.RepositoryClassSuiteTest" time="0.118"/>
  <testcase name="nsdRepositoryPersistTest" classname="org.project.neutrino.nfvo.core.test.reositories.RepositoryClassSuiteTest" time="0.06"/>
  <system-out><![CDATA[13:23:02.758 [Test worker] DEBUG o.s.t.c.j.SpringJUnit4ClassRunner - SpringJUnit4ClassRunner constructor called with [class org.project.neutrino.nfvo.core.test.reositories.RepositoryClassSuiteTest].
13:23:02.770 [Test worker] DEBUG o.s.test.context.BootstrapUtils - Instantiating TestContextBootstrapper from class [org.springframework.test.context.support.DefaultTestContextBootstrapper]
13:23:02.789 [Test worker] DEBUG o.s.t.c.s.AbstractDelegatingSmartContextLoader - Delegating to AnnotationConfigContextLoader to process context configuration [ContextConfigurationAttributes@1d70b8c3 declaringClass = 'org.project.neutrino.nfvo.core.test.reositories.RepositoryClassSuiteTest', classes = '{class org.project.neutrino.nfvo.core.test.ApplicationTest}', locations = '{}', inheritLocations = true, initializers = '{}', inheritInitializers = true, name = [null], contextLoaderClass = 'org.springframework.test.context.ContextLoader'].
13:23:02.791 [Test worker] DEBUG o.s.t.c.support.ActiveProfilesUtils - Could not find an 'annotation declaring class' for annotation type [org.springframework.test.context.ActiveProfiles] and class [org.project.neutrino.nfvo.core.test.reositories.RepositoryClassSuiteTest]
13:23:02.797 [Test worker] INFO  o.s.t.c.s.DefaultTestContextBootstrapper - Using TestExecutionListeners: [org.springframework.test.context.support.DependencyInjectionTestExecutionListener@63e87ba1]
13:23:02.800 [Test worker] DEBUG o.s.t.annotation.ProfileValueUtils - Retrieved @ProfileValueSourceConfiguration [null] for test class [org.project.neutrino.nfvo.core.test.reositories.RepositoryClassSuiteTest]
13:23:02.800 [Test worker] DEBUG o.s.t.annotation.ProfileValueUtils - Retrieved ProfileValueSource type [class org.springframework.test.annotation.SystemProfileValueSource] for class [org.project.neutrino.nfvo.core.test.reositories.RepositoryClassSuiteTest]
13:23:02.802 [Test worker] DEBUG o.s.t.annotation.ProfileValueUtils - Retrieved @ProfileValueSourceConfiguration [null] for test class [org.project.neutrino.nfvo.core.test.reositories.RepositoryClassSuiteTest]
13:23:02.802 [Test worker] DEBUG o.s.t.annotation.ProfileValueUtils - Retrieved ProfileValueSource type [class org.springframework.test.annotation.SystemProfileValueSource] for class [org.project.neutrino.nfvo.core.test.reositories.RepositoryClassSuiteTest]
13:23:02.803 [Test worker] DEBUG o.s.t.annotation.ProfileValueUtils - Retrieved @ProfileValueSourceConfiguration [null] for test class [org.project.neutrino.nfvo.core.test.reositories.RepositoryClassSuiteTest]
13:23:02.803 [Test worker] DEBUG o.s.t.annotation.ProfileValueUtils - Retrieved ProfileValueSource type [class org.springframework.test.annotation.SystemProfileValueSource] for class [org.project.neutrino.nfvo.core.test.reositories.RepositoryClassSuiteTest]
13:23:02.805 [Test worker] DEBUG o.s.t.annotation.ProfileValueUtils - Retrieved @ProfileValueSourceConfiguration [null] for test class [org.project.neutrino.nfvo.core.test.reositories.RepositoryClassSuiteTest]
13:23:02.805 [Test worker] DEBUG o.s.t.annotation.ProfileValueUtils - Retrieved ProfileValueSource type [class org.springframework.test.annotation.SystemProfileValueSource] for class [org.project.neutrino.nfvo.core.test.reositories.RepositoryClassSuiteTest]
13:23:02.807 [Test worker] DEBUG o.s.t.c.s.DependencyInjectionTestExecutionListener - Performing dependency injection for test context [[DefaultTestContext@b9c7bfc testClass = RepositoryClassSuiteTest, testInstance = org.project.neutrino.nfvo.core.test.reositories.RepositoryClassSuiteTest@4e8fe358, testMethod = [null], testException = [null], mergedContextConfiguration = [MergedContextConfiguration@4896ceb3 testClass = RepositoryClassSuiteTest, locations = '{}', classes = '{class org.project.neutrino.nfvo.core.test.ApplicationTest}', contextInitializerClasses = '[]', activeProfiles = '{}', propertySourceLocations = '{}', propertySourceProperties = '{timezone = GMT, port: 4242}', contextLoader = 'org.springframework.test.context.support.DelegatingSmartContextLoader', parent = [null]]]].
13:23:02.807 [Test worker] DEBUG o.s.t.c.s.AbstractDelegatingSmartContextLoader - Delegating to AnnotationConfigContextLoader to load context from [MergedContextConfiguration@4896ceb3 testClass = RepositoryClassSuiteTest, locations = '{}', classes = '{class org.project.neutrino.nfvo.core.test.ApplicationTest}', contextInitializerClasses = '[]', activeProfiles = '{}', propertySourceLocations = '{}', propertySourceProperties = '{timezone = GMT, port: 4242}', contextLoader = 'org.springframework.test.context.support.DelegatingSmartContextLoader', parent = [null]].
13:23:02.808 [Test worker] DEBUG o.s.t.c.s.AbstractGenericContextLoader - Loading ApplicationContext for merged context configuration [[MergedContextConfiguration@4896ceb3 testClass = RepositoryClassSuiteTest, locations = '{}', classes = '{class org.project.neutrino.nfvo.core.test.ApplicationTest}', contextInitializerClasses = '[]', activeProfiles = '{}', propertySourceLocations = '{}', propertySourceProperties = '{timezone = GMT, port: 4242}', contextLoader = 'org.springframework.test.context.support.DelegatingSmartContextLoader', parent = [null]]].
13:23:02.886 [Test worker] DEBUG o.s.core.env.StandardEnvironment - Adding [systemProperties] PropertySource with lowest search precedence
13:23:02.888 [Test worker] DEBUG o.s.core.env.StandardEnvironment - Adding [systemEnvironment] PropertySource with lowest search precedence
13:23:02.888 [Test worker] DEBUG o.s.core.env.StandardEnvironment - Initialized StandardEnvironment with PropertySources [systemProperties,systemEnvironment]
13:23:02.888 [Test worker] DEBUG o.s.t.c.s.TestPropertySourceUtils - Adding inlined properties to environment: {timezone = GMT, port: 4242}
13:23:02.888 [Test worker] DEBUG o.s.core.env.StandardEnvironment - Adding [Inlined Test Properties] PropertySource with highest search precedence
13:23:02.889 [Test worker] DEBUG o.s.t.c.s.AnnotationConfigContextLoader - Registering annotated classes: {class org.project.neutrino.nfvo.core.test.ApplicationTest}
13:23:02.950 [Test worker] INFO  o.s.c.s.GenericApplicationContext - Refreshing org.springframework.context.support.GenericApplicationContext@4be95777: startup date [Wed May 06 13:23:02 CEST 2015]; root of context hierarchy
13:23:02.950 [Test worker] DEBUG o.s.c.s.GenericApplicationContext - Bean factory for org.springframework.context.support.GenericApplicationContext@4be95777: org.springframework.beans.factory.support.DefaultListableBeanFactory@2462ea85: defining beans [org.springframework.context.annotation.internalConfigurationAnnotationProcessor,org.springframework.context.annotation.internalAutowiredAnnotationProcessor,org.springframework.context.annotation.internalRequiredAnnotationProcessor,org.springframework.context.annotation.internalCommonAnnotationProcessor,org.springframework.context.annotation.internalPersistenceAnnotationProcessor,applicationTest]; root of factory hierarchy
13:23:02.962 [Test worker] DEBUG o.s.b.f.s.DefaultListableBeanFactory - Creating shared instance of singleton bean 'org.springframework.context.annotation.internalConfigurationAnnotationProcessor'
13:23:02.962 [Test worker] DEBUG o.s.b.f.s.DefaultListableBeanFactory - Creating instance of bean 'org.springframework.context.annotation.internalConfigurationAnnotationProcessor'
13:23:02.987 [Test worker] DEBUG o.s.b.f.s.DefaultListableBeanFactory - Eagerly caching bean 'org.springframework.context.annotation.internalConfigurationAnnotationProcessor' to allow for resolving potential circular references
13:23:02.989 [Test worker] DEBUG o.s.b.f.s.DefaultListableBeanFactory - Finished creating instance of bean 'org.springframework.context.annotation.internalConfigurationAnnotationProcessor'
13:23:03.006 [Test worker] DEBUG o.s.core.env.StandardEnvironment - Adding [systemProperties] PropertySource with lowest search precedence
13:23:03.006 [Test worker] DEBUG o.s.core.env.StandardEnvironment - Adding [systemEnvironment] PropertySource with lowest search precedence
13:23:03.006 [Test worker] DEBUG o.s.core.env.StandardEnvironment - Initialized StandardEnvironment with PropertySources [systemProperties,systemEnvironment]
13:23:03.012 [Test worker] DEBUG o.s.c.i.s.PathMatchingResourcePatternResolver - Looking for matching resources in directory tree [/opt/neutrino/nfvo/core/core-implementation/build/classes/main/org/project/neutrino/nfvo/core/repositories]
13:23:03.013 [Test worker] DEBUG o.s.c.i.s.PathMatchingResourcePatternResolver - Searching directory [/opt/neutrino/nfvo/core/core-implementation/build/classes/main/org/project/neutrino/nfvo/core/repositories] for files matching pattern [/opt/neutrino/nfvo/core/core-implementation/build/classes/main/org/project/neutrino/nfvo/core/repositories/**/*.class]
13:23:03.016 [Test worker] DEBUG o.s.c.i.s.PathMatchingResourcePatternResolver - Resolved location pattern [classpath*:org/project/neutrino/nfvo/core/repositories/**/*.class] to resources [file [/opt/neutrino/nfvo/core/core-implementation/build/classes/main/org/project/neutrino/nfvo/core/repositories/NSDRepositoryImpl.class]]
13:23:03.041 [Test worker] DEBUG o.s.c.a.ClassPathBeanDefinitionScanner - Identified candidate component class: file [/opt/neutrino/nfvo/core/core-implementation/build/classes/main/org/project/neutrino/nfvo/core/repositories/NSDRepositoryImpl.class]
13:23:03.043 [Test worker] DEBUG o.s.c.i.s.PathMatchingResourcePatternResolver - Looking for matching resources in directory tree [/opt/neutrino/nfvo/core/core-implementation/build/classes/main/org/project/neutrino/nfvo/core/beans]
13:23:03.043 [Test worker] DEBUG o.s.c.i.s.PathMatchingResourcePatternResolver - Searching directory [/opt/neutrino/nfvo/core/core-implementation/build/classes/main/org/project/neutrino/nfvo/core/beans] for files matching pattern [/opt/neutrino/nfvo/core/core-implementation/build/classes/main/org/project/neutrino/nfvo/core/beans/**/*.class]
13:23:03.045 [Test worker] DEBUG o.s.c.i.s.PathMatchingResourcePatternResolver - Resolved location pattern [classpath*:org/project/neutrino/nfvo/core/beans/**/*.class] to resources [file [/opt/neutrino/nfvo/core/core-implementation/build/classes/main/org/project/neutrino/nfvo/core/beans/MyBean$1.class], file [/opt/neutrino/nfvo/core/core-implementation/build/classes/main/org/project/neutrino/nfvo/core/beans/MyBean.class], file [/opt/neutrino/nfvo/core/core-implementation/build/classes/main/org/project/neutrino/nfvo/core/beans/Receiver.class], file [/opt/neutrino/nfvo/core/core-implementation/build/classes/main/org/project/neutrino/nfvo/core/beans/SenderImpl$1.class], file [/opt/neutrino/nfvo/core/core-implementation/build/classes/main/org/project/neutrino/nfvo/core/beans/SenderImpl.class]]
13:23:03.049 [Test worker] DEBUG o.s.c.a.ClassPathBeanDefinitionScanner - Identified candidate component class: file [/opt/neutrino/nfvo/core/core-implementation/build/classes/main/org/project/neutrino/nfvo/core/beans/MyBean.class]
13:23:03.053 [Test worker] DEBUG o.s.c.a.ClassPathBeanDefinitionScanner - Identified candidate component class: file [/opt/neutrino/nfvo/core/core-implementation/build/classes/main/org/project/neutrino/nfvo/core/beans/Receiver.class]
13:23:03.054 [Test worker] DEBUG o.s.c.a.ClassPathBeanDefinitionScanner - Identified candidate component class: file [/opt/neutrino/nfvo/core/core-implementation/build/classes/main/org/project/neutrino/nfvo/core/beans/SenderImpl.class]
13:23:03.164 [Test worker] DEBUG o.s.c.t.c.AnnotationAttributesReadingVisitor - Failed to class-load type while reading annotation metadata. This is a non-fatal error, but certain annotation metadata may be unavailable.
java.lang.ClassNotFoundException: org.springframework.security.config.annotation.web.configuration.EnableWebSecurity
	at java.net.URLClassLoader$1.run(URLClassLoader.java:366) ~[na:1.7.0_67]
	at java.net.URLClassLoader$1.run(URLClassLoader.java:355) ~[na:1.7.0_67]
	at java.security.AccessController.doPrivileged(Native Method) ~[na:1.7.0_67]
	at java.net.URLClassLoader.findClass(URLClassLoader.java:354) ~[na:1.7.0_67]
	at java.lang.ClassLoader.loadClass(ClassLoader.java:425) ~[na:1.7.0_67]
	at sun.misc.Launcher$AppClassLoader.loadClass(Launcher.java:308) ~[na:1.7.0_67]
	at java.lang.ClassLoader.loadClass(ClassLoader.java:358) ~[na:1.7.0_67]
	at org.springframework.core.type.classreading.RecursiveAnnotationAttributesVisitor.visitEnd(RecursiveAnnotationAttributesVisitor.java:47) ~[spring-core-4.1.6.RELEASE.jar:4.1.6.RELEASE]
	at org.springframework.asm.ClassReader.readAnnotationValues(ClassReader.java:1802) [spring-core-4.1.6.RELEASE.jar:4.1.6.RELEASE]
	at org.springframework.asm.ClassReader.accept(ClassReader.java:642) [spring-core-4.1.6.RELEASE.jar:4.1.6.RELEASE]
	at org.springframework.asm.ClassReader.accept(ClassReader.java:508) [spring-core-4.1.6.RELEASE.jar:4.1.6.RELEASE]
	at org.springframework.core.type.classreading.SimpleMetadataReader.<init>(SimpleMetadataReader.java:64) [spring-core-4.1.6.RELEASE.jar:4.1.6.RELEASE]
	at org.springframework.core.type.classreading.SimpleMetadataReaderFactory.getMetadataReader(SimpleMetadataReaderFactory.java:98) [spring-core-4.1.6.RELEASE.jar:4.1.6.RELEASE]
	at org.springframework.core.type.classreading.CachingMetadataReaderFactory.getMetadataReader(CachingMetadataReaderFactory.java:102) [spring-core-4.1.6.RELEASE.jar:4.1.6.RELEASE]
	at org.springframework.core.type.classreading.SimpleMetadataReaderFactory.getMetadataReader(SimpleMetadataReaderFactory.java:93) [spring-core-4.1.6.RELEASE.jar:4.1.6.RELEASE]
	at org.springframework.boot.autoconfigure.AutoConfigurationSorter$AutoConfigurationClasses.<init>(AutoConfigurationSorter.java:112) [spring-boot-autoconfigure-1.2.3.RELEASE.jar:1.2.3.RELEASE]
	at org.springframework.boot.autoconfigure.AutoConfigurationSorter.getInPriorityOrder(AutoConfigurationSorter.java:57) [spring-boot-autoconfigure-1.2.3.RELEASE.jar:1.2.3.RELEASE]
	at org.springframework.boot.autoconfigure.EnableAutoConfigurationImportSelector.selectImports(EnableAutoConfigurationImportSelector.java:72) [spring-boot-autoconfigure-1.2.3.RELEASE.jar:1.2.3.RELEASE]
	at org.springframework.context.annotation.ConfigurationClassParser.processDeferredImportSelectors(ConfigurationClassParser.java:429) [spring-context-4.1.6.RELEASE.jar:4.1.6.RELEASE]
	at org.springframework.context.annotation.ConfigurationClassParser.parse(ConfigurationClassParser.java:183) [spring-context-4.1.6.RELEASE.jar:4.1.6.RELEASE]
	at org.springframework.context.annotation.ConfigurationClassPostProcessor.processConfigBeanDefinitions(ConfigurationClassPostProcessor.java:306) [spring-context-4.1.6.RELEASE.jar:4.1.6.RELEASE]
	at org.springframework.context.annotation.ConfigurationClassPostProcessor.postProcessBeanDefinitionRegistry(ConfigurationClassPostProcessor.java:239) [spring-context-4.1.6.RELEASE.jar:4.1.6.RELEASE]
	at org.springframework.context.support.PostProcessorRegistrationDelegate.invokeBeanDefinitionRegistryPostProcessors(PostProcessorRegistrationDelegate.java:254) [spring-context-4.1.6.RELEASE.jar:4.1.6.RELEASE]
	at org.springframework.context.support.PostProcessorRegistrationDelegate.invokeBeanFactoryPostProcessors(PostProcessorRegistrationDelegate.java:94) [spring-context-4.1.6.RELEASE.jar:4.1.6.RELEASE]
	at org.springframework.context.support.AbstractApplicationContext.invokeBeanFactoryPostProcessors(AbstractApplicationContext.java:606) [spring-context-4.1.6.RELEASE.jar:4.1.6.RELEASE]
	at org.springframework.context.support.AbstractApplicationContext.refresh(AbstractApplicationContext.java:462) [spring-context-4.1.6.RELEASE.jar:4.1.6.RELEASE]
	at org.springframework.test.context.support.AbstractGenericContextLoader.loadContext(AbstractGenericContextLoader.java:125) [spring-test-4.1.6.RELEASE.jar:4.1.6.RELEASE]
	at org.springframework.test.context.support.AbstractGenericContextLoader.loadContext(AbstractGenericContextLoader.java:60) [spring-test-4.1.6.RELEASE.jar:4.1.6.RELEASE]
	at org.springframework.test.context.support.AbstractDelegatingSmartContextLoader.delegateLoading(AbstractDelegatingSmartContextLoader.java:109) [spring-test-4.1.6.RELEASE.jar:4.1.6.RELEASE]
	at org.springframework.test.context.support.AbstractDelegatingSmartContextLoader.loadContext(AbstractDelegatingSmartContextLoader.java:261) [spring-test-4.1.6.RELEASE.jar:4.1.6.RELEASE]
	at org.springframework.test.context.DefaultCacheAwareContextLoaderDelegate.loadContextInternal(DefaultCacheAwareContextLoaderDelegate.java:68) [spring-test-4.1.6.RELEASE.jar:4.1.6.RELEASE]
	at org.springframework.test.context.DefaultCacheAwareContextLoaderDelegate.loadContext(DefaultCacheAwareContextLoaderDelegate.java:86) [spring-test-4.1.6.RELEASE.jar:4.1.6.RELEASE]
	at org.springframework.test.context.DefaultTestContext.getApplicationContext(DefaultTestContext.java:72) [spring-test-4.1.6.RELEASE.jar:4.1.6.RELEASE]
	at org.springframework.test.context.support.DependencyInjectionTestExecutionListener.injectDependencies(DependencyInjectionTestExecutionListener.java:117) [spring-test-4.1.6.RELEASE.jar:4.1.6.RELEASE]
	at org.springframework.test.context.support.DependencyInjectionTestExecutionListener.prepareTestInstance(DependencyInjectionTestExecutionListener.java:83) [spring-test-4.1.6.RELEASE.jar:4.1.6.RELEASE]
	at org.springframework.test.context.TestContextManager.prepareTestInstance(TestContextManager.java:212) [spring-test-4.1.6.RELEASE.jar:4.1.6.RELEASE]
	at org.springframework.test.context.junit4.SpringJUnit4ClassRunner.createTest(SpringJUnit4ClassRunner.java:200) [spring-test-4.1.6.RELEASE.jar:4.1.6.RELEASE]
	at org.springframework.test.context.junit4.SpringJUnit4ClassRunner$1.runReflectiveCall(SpringJUnit4ClassRunner.java:259) [spring-test-4.1.6.RELEASE.jar:4.1.6.RELEASE]
	at org.junit.internal.runners.model.ReflectiveCallable.run(ReflectiveCallable.java:15) [junit-4.9.jar:na]
	at org.springframework.test.context.junit4.SpringJUnit4ClassRunner.methodBlock(SpringJUnit4ClassRunner.java:261) [spring-test-4.1.6.RELEASE.jar:4.1.6.RELEASE]
	at org.springframework.test.context.junit4.SpringJUnit4ClassRunner.runChild(SpringJUnit4ClassRunner.java:219) [spring-test-4.1.6.RELEASE.jar:4.1.6.RELEASE]
	at org.springframework.test.context.junit4.SpringJUnit4ClassRunner.runChild(SpringJUnit4ClassRunner.java:83) [spring-test-4.1.6.RELEASE.jar:4.1.6.RELEASE]
	at org.junit.runners.ParentRunner$3.run(ParentRunner.java:231) [junit-4.9.jar:na]
	at org.junit.runners.ParentRunner$1.schedule(ParentRunner.java:60) [junit-4.9.jar:na]
	at org.junit.runners.ParentRunner.runChildren(ParentRunner.java:229) [junit-4.9.jar:na]
	at org.junit.runners.ParentRunner.access$000(ParentRunner.java:50) [junit-4.9.jar:na]
	at org.junit.runners.ParentRunner$2.evaluate(ParentRunner.java:222) [junit-4.9.jar:na]
	at org.springframework.test.context.junit4.statements.RunBeforeTestClassCallbacks.evaluate(RunBeforeTestClassCallbacks.java:61) [spring-test-4.1.6.RELEASE.jar:4.1.6.RELEASE]
	at org.junit.internal.runners.statements.RunAfters.evaluate(RunAfters.java:31) [junit-4.9.jar:na]
	at org.springframework.test.context.junit4.statements.RunAfterTestClassCallbacks.evaluate(RunAfterTestClassCallbacks.java:68) [spring-test-4.1.6.RELEASE.jar:4.1.6.RELEASE]
	at org.junit.runners.ParentRunner.run(ParentRunner.java:292) [junit-4.9.jar:na]
	at org.springframework.test.context.junit4.SpringJUnit4ClassRunner.run(SpringJUnit4ClassRunner.java:163) [spring-test-4.1.6.RELEASE.jar:4.1.6.RELEASE]
	at org.gradle.api.internal.tasks.testing.junit.JUnitTestClassExecuter.runTestClass(JUnitTestClassExecuter.java:86) [gradle-plugins-2.3.jar:2.3]
	at org.gradle.api.internal.tasks.testing.junit.JUnitTestClassExecuter.execute(JUnitTestClassExecuter.java:49) [gradle-plugins-2.3.jar:2.3]
	at org.gradle.api.internal.tasks.testing.junit.JUnitTestClassProcessor.processTestClass(JUnitTestClassProcessor.java:64) [gradle-plugins-2.3.jar:2.3]
	at org.gradle.api.internal.tasks.testing.SuiteTestClassProcessor.processTestClass(SuiteTestClassProcessor.java:50) [gradle-plugins-2.3.jar:2.3]
	at sun.reflect.NativeMethodAccessorImpl.invoke0(Native Method) ~[na:1.7.0_67]
	at sun.reflect.NativeMethodAccessorImpl.invoke(NativeMethodAccessorImpl.java:57) ~[na:1.7.0_67]
	at sun.reflect.DelegatingMethodAccessorImpl.invoke(DelegatingMethodAccessorImpl.java:43) ~[na:1.7.0_67]
	at java.lang.reflect.Method.invoke(Method.java:606) ~[na:1.7.0_67]
	at org.gradle.messaging.dispatch.ReflectionDispatch.dispatch(ReflectionDispatch.java:35) [gradle-messaging-2.3.jar:2.3]
	at org.gradle.messaging.dispatch.ReflectionDispatch.dispatch(ReflectionDispatch.java:24) [gradle-messaging-2.3.jar:2.3]
	at org.gradle.messaging.dispatch.ContextClassLoaderDispatch.dispatch(ContextClassLoaderDispatch.java:32) [gradle-messaging-2.3.jar:2.3]
	at org.gradle.messaging.dispatch.ProxyDispatchAdapter$DispatchingInvocationHandler.invoke(ProxyDispatchAdapter.java:93) [gradle-messaging-2.3.jar:2.3]
	at com.sun.proxy.$Proxy2.processTestClass(Unknown Source) [na:na]
	at org.gradle.api.internal.tasks.testing.worker.TestWorker.processTestClass(TestWorker.java:106) [gradle-plugins-2.3.jar:2.3]
	at sun.reflect.NativeMethodAccessorImpl.invoke0(Native Method) ~[na:1.7.0_67]
	at sun.reflect.NativeMethodAccessorImpl.invoke(NativeMethodAccessorImpl.java:57) ~[na:1.7.0_67]
	at sun.reflect.DelegatingMethodAccessorImpl.invoke(DelegatingMethodAccessorImpl.java:43) ~[na:1.7.0_67]
	at java.lang.reflect.Method.invoke(Method.java:606) ~[na:1.7.0_67]
	at org.gradle.messaging.dispatch.ReflectionDispatch.dispatch(ReflectionDispatch.java:35) [gradle-messaging-2.3.jar:2.3]
	at org.gradle.messaging.dispatch.ReflectionDispatch.dispatch(ReflectionDispatch.java:24) [gradle-messaging-2.3.jar:2.3]
	at org.gradle.messaging.remote.internal.hub.MessageHub$Handler.run(MessageHub.java:360) [gradle-messaging-2.3.jar:2.3]
	at org.gradle.internal.concurrent.DefaultExecutorFactory$StoppableExecutorImpl$1.run(DefaultExecutorFactory.java:64) [gradle-base-services-2.3.jar:2.3]
	at java.util.concurrent.ThreadPoolExecutor.runWorker(ThreadPoolExecutor.java:1145) [na:1.7.0_67]
	at java.util.concurrent.ThreadPoolExecutor$Worker.run(ThreadPoolExecutor.java:615) [na:1.7.0_67]
	at java.lang.Thread.run(Thread.java:745) [na:1.7.0_67]
13:23:03.286 [Test worker] DEBUG o.s.c.t.c.AnnotationAttributesReadingVisitor - Failed to class-load type while reading annotation metadata. This is a non-fatal error, but certain annotation metadata may be unavailable.
java.lang.ClassNotFoundException: org.springframework.security.config.annotation.web.configuration.EnableWebSecurity
	at java.net.URLClassLoader$1.run(URLClassLoader.java:366) ~[na:1.7.0_67]
	at java.net.URLClassLoader$1.run(URLClassLoader.java:355) ~[na:1.7.0_67]
	at java.security.AccessController.doPrivileged(Native Method) ~[na:1.7.0_67]
	at java.net.URLClassLoader.findClass(URLClassLoader.java:354) ~[na:1.7.0_67]
	at java.lang.ClassLoader.loadClass(ClassLoader.java:425) ~[na:1.7.0_67]
	at sun.misc.Launcher$AppClassLoader.loadClass(Launcher.java:308) ~[na:1.7.0_67]
	at java.lang.ClassLoader.loadClass(ClassLoader.java:358) ~[na:1.7.0_67]
	at org.springframework.core.type.classreading.RecursiveAnnotationAttributesVisitor.visitEnd(RecursiveAnnotationAttributesVisitor.java:47) ~[spring-core-4.1.6.RELEASE.jar:4.1.6.RELEASE]
	at org.springframework.asm.ClassReader.readAnnotationValues(ClassReader.java:1802) [spring-core-4.1.6.RELEASE.jar:4.1.6.RELEASE]
	at org.springframework.asm.ClassReader.accept(ClassReader.java:642) [spring-core-4.1.6.RELEASE.jar:4.1.6.RELEASE]
	at org.springframework.asm.ClassReader.accept(ClassReader.java:508) [spring-core-4.1.6.RELEASE.jar:4.1.6.RELEASE]
	at org.springframework.core.type.classreading.SimpleMetadataReader.<init>(SimpleMetadataReader.java:64) [spring-core-4.1.6.RELEASE.jar:4.1.6.RELEASE]
	at org.springframework.core.type.classreading.SimpleMetadataReaderFactory.getMetadataReader(SimpleMetadataReaderFactory.java:98) [spring-core-4.1.6.RELEASE.jar:4.1.6.RELEASE]
	at org.springframework.core.type.classreading.CachingMetadataReaderFactory.getMetadataReader(CachingMetadataReaderFactory.java:102) [spring-core-4.1.6.RELEASE.jar:4.1.6.RELEASE]
	at org.springframework.core.type.classreading.SimpleMetadataReaderFactory.getMetadataReader(SimpleMetadataReaderFactory.java:93) [spring-core-4.1.6.RELEASE.jar:4.1.6.RELEASE]
	at org.springframework.context.annotation.ConfigurationClassParser.asSourceClass(ConfigurationClassParser.java:596) [spring-context-4.1.6.RELEASE.jar:4.1.6.RELEASE]
	at org.springframework.context.annotation.ConfigurationClassParser.asSourceClasses(ConfigurationClassParser.java:578) [spring-context-4.1.6.RELEASE.jar:4.1.6.RELEASE]
	at org.springframework.context.annotation.ConfigurationClassParser.processDeferredImportSelectors(ConfigurationClassParser.java:430) [spring-context-4.1.6.RELEASE.jar:4.1.6.RELEASE]
	at org.springframework.context.annotation.ConfigurationClassParser.parse(ConfigurationClassParser.java:183) [spring-context-4.1.6.RELEASE.jar:4.1.6.RELEASE]
	at org.springframework.context.annotation.ConfigurationClassPostProcessor.processConfigBeanDefinitions(ConfigurationClassPostProcessor.java:306) [spring-context-4.1.6.RELEASE.jar:4.1.6.RELEASE]
	at org.springframework.context.annotation.ConfigurationClassPostProcessor.postProcessBeanDefinitionRegistry(ConfigurationClassPostProcessor.java:239) [spring-context-4.1.6.RELEASE.jar:4.1.6.RELEASE]
	at org.springframework.context.support.PostProcessorRegistrationDelegate.invokeBeanDefinitionRegistryPostProcessors(PostProcessorRegistrationDelegate.java:254) [spring-context-4.1.6.RELEASE.jar:4.1.6.RELEASE]
	at org.springframework.context.support.PostProcessorRegistrationDelegate.invokeBeanFactoryPostProcessors(PostProcessorRegistrationDelegate.java:94) [spring-context-4.1.6.RELEASE.jar:4.1.6.RELEASE]
	at org.springframework.context.support.AbstractApplicationContext.invokeBeanFactoryPostProcessors(AbstractApplicationContext.java:606) [spring-context-4.1.6.RELEASE.jar:4.1.6.RELEASE]
	at org.springframework.context.support.AbstractApplicationContext.refresh(AbstractApplicationContext.java:462) [spring-context-4.1.6.RELEASE.jar:4.1.6.RELEASE]
	at org.springframework.test.context.support.AbstractGenericContextLoader.loadContext(AbstractGenericContextLoader.java:125) [spring-test-4.1.6.RELEASE.jar:4.1.6.RELEASE]
	at org.springframework.test.context.support.AbstractGenericContextLoader.loadContext(AbstractGenericContextLoader.java:60) [spring-test-4.1.6.RELEASE.jar:4.1.6.RELEASE]
	at org.springframework.test.context.support.AbstractDelegatingSmartContextLoader.delegateLoading(AbstractDelegatingSmartContextLoader.java:109) [spring-test-4.1.6.RELEASE.jar:4.1.6.RELEASE]
	at org.springframework.test.context.support.AbstractDelegatingSmartContextLoader.loadContext(AbstractDelegatingSmartContextLoader.java:261) [spring-test-4.1.6.RELEASE.jar:4.1.6.RELEASE]
	at org.springframework.test.context.DefaultCacheAwareContextLoaderDelegate.loadContextInternal(DefaultCacheAwareContextLoaderDelegate.java:68) [spring-test-4.1.6.RELEASE.jar:4.1.6.RELEASE]
	at org.springframework.test.context.DefaultCacheAwareContextLoaderDelegate.loadContext(DefaultCacheAwareContextLoaderDelegate.java:86) [spring-test-4.1.6.RELEASE.jar:4.1.6.RELEASE]
	at org.springframework.test.context.DefaultTestContext.getApplicationContext(DefaultTestContext.java:72) [spring-test-4.1.6.RELEASE.jar:4.1.6.RELEASE]
	at org.springframework.test.context.support.DependencyInjectionTestExecutionListener.injectDependencies(DependencyInjectionTestExecutionListener.java:117) [spring-test-4.1.6.RELEASE.jar:4.1.6.RELEASE]
	at org.springframework.test.context.support.DependencyInjectionTestExecutionListener.prepareTestInstance(DependencyInjectionTestExecutionListener.java:83) [spring-test-4.1.6.RELEASE.jar:4.1.6.RELEASE]
	at org.springframework.test.context.TestContextManager.prepareTestInstance(TestContextManager.java:212) [spring-test-4.1.6.RELEASE.jar:4.1.6.RELEASE]
	at org.springframework.test.context.junit4.SpringJUnit4ClassRunner.createTest(SpringJUnit4ClassRunner.java:200) [spring-test-4.1.6.RELEASE.jar:4.1.6.RELEASE]
	at org.springframework.test.context.junit4.SpringJUnit4ClassRunner$1.runReflectiveCall(SpringJUnit4ClassRunner.java:259) [spring-test-4.1.6.RELEASE.jar:4.1.6.RELEASE]
	at org.junit.internal.runners.model.ReflectiveCallable.run(ReflectiveCallable.java:15) [junit-4.9.jar:na]
	at org.springframework.test.context.junit4.SpringJUnit4ClassRunner.methodBlock(SpringJUnit4ClassRunner.java:261) [spring-test-4.1.6.RELEASE.jar:4.1.6.RELEASE]
	at org.springframework.test.context.junit4.SpringJUnit4ClassRunner.runChild(SpringJUnit4ClassRunner.java:219) [spring-test-4.1.6.RELEASE.jar:4.1.6.RELEASE]
	at org.springframework.test.context.junit4.SpringJUnit4ClassRunner.runChild(SpringJUnit4ClassRunner.java:83) [spring-test-4.1.6.RELEASE.jar:4.1.6.RELEASE]
	at org.junit.runners.ParentRunner$3.run(ParentRunner.java:231) [junit-4.9.jar:na]
	at org.junit.runners.ParentRunner$1.schedule(ParentRunner.java:60) [junit-4.9.jar:na]
	at org.junit.runners.ParentRunner.runChildren(ParentRunner.java:229) [junit-4.9.jar:na]
	at org.junit.runners.ParentRunner.access$000(ParentRunner.java:50) [junit-4.9.jar:na]
	at org.junit.runners.ParentRunner$2.evaluate(ParentRunner.java:222) [junit-4.9.jar:na]
	at org.springframework.test.context.junit4.statements.RunBeforeTestClassCallbacks.evaluate(RunBeforeTestClassCallbacks.java:61) [spring-test-4.1.6.RELEASE.jar:4.1.6.RELEASE]
	at org.junit.internal.runners.statements.RunAfters.evaluate(RunAfters.java:31) [junit-4.9.jar:na]
	at org.springframework.test.context.junit4.statements.RunAfterTestClassCallbacks.evaluate(RunAfterTestClassCallbacks.java:68) [spring-test-4.1.6.RELEASE.jar:4.1.6.RELEASE]
	at org.junit.runners.ParentRunner.run(ParentRunner.java:292) [junit-4.9.jar:na]
	at org.springframework.test.context.junit4.SpringJUnit4ClassRunner.run(SpringJUnit4ClassRunner.java:163) [spring-test-4.1.6.RELEASE.jar:4.1.6.RELEASE]
	at org.gradle.api.internal.tasks.testing.junit.JUnitTestClassExecuter.runTestClass(JUnitTestClassExecuter.java:86) [gradle-plugins-2.3.jar:2.3]
	at org.gradle.api.internal.tasks.testing.junit.JUnitTestClassExecuter.execute(JUnitTestClassExecuter.java:49) [gradle-plugins-2.3.jar:2.3]
	at org.gradle.api.internal.tasks.testing.junit.JUnitTestClassProcessor.processTestClass(JUnitTestClassProcessor.java:64) [gradle-plugins-2.3.jar:2.3]
	at org.gradle.api.internal.tasks.testing.SuiteTestClassProcessor.processTestClass(SuiteTestClassProcessor.java:50) [gradle-plugins-2.3.jar:2.3]
	at sun.reflect.NativeMethodAccessorImpl.invoke0(Native Method) ~[na:1.7.0_67]
	at sun.reflect.NativeMethodAccessorImpl.invoke(NativeMethodAccessorImpl.java:57) ~[na:1.7.0_67]
	at sun.reflect.DelegatingMethodAccessorImpl.invoke(DelegatingMethodAccessorImpl.java:43) ~[na:1.7.0_67]
	at java.lang.reflect.Method.invoke(Method.java:606) ~[na:1.7.0_67]
	at org.gradle.messaging.dispatch.ReflectionDispatch.dispatch(ReflectionDispatch.java:35) [gradle-messaging-2.3.jar:2.3]
	at org.gradle.messaging.dispatch.ReflectionDispatch.dispatch(ReflectionDispatch.java:24) [gradle-messaging-2.3.jar:2.3]
	at org.gradle.messaging.dispatch.ContextClassLoaderDispatch.dispatch(ContextClassLoaderDispatch.java:32) [gradle-messaging-2.3.jar:2.3]
	at org.gradle.messaging.dispatch.ProxyDispatchAdapter$DispatchingInvocationHandler.invoke(ProxyDispatchAdapter.java:93) [gradle-messaging-2.3.jar:2.3]
	at com.sun.proxy.$Proxy2.processTestClass(Unknown Source) [na:na]
	at org.gradle.api.internal.tasks.testing.worker.TestWorker.processTestClass(TestWorker.java:106) [gradle-plugins-2.3.jar:2.3]
	at sun.reflect.NativeMethodAccessorImpl.invoke0(Native Method) ~[na:1.7.0_67]
	at sun.reflect.NativeMethodAccessorImpl.invoke(NativeMethodAccessorImpl.java:57) ~[na:1.7.0_67]
	at sun.reflect.DelegatingMethodAccessorImpl.invoke(DelegatingMethodAccessorImpl.java:43) ~[na:1.7.0_67]
	at java.lang.reflect.Method.invoke(Method.java:606) ~[na:1.7.0_67]
	at org.gradle.messaging.dispatch.ReflectionDispatch.dispatch(ReflectionDispatch.java:35) [gradle-messaging-2.3.jar:2.3]
	at org.gradle.messaging.dispatch.ReflectionDispatch.dispatch(ReflectionDispatch.java:24) [gradle-messaging-2.3.jar:2.3]
	at org.gradle.messaging.remote.internal.hub.MessageHub$Handler.run(MessageHub.java:360) [gradle-messaging-2.3.jar:2.3]
	at org.gradle.internal.concurrent.DefaultExecutorFactory$StoppableExecutorImpl$1.run(DefaultExecutorFactory.java:64) [gradle-base-services-2.3.jar:2.3]
	at java.util.concurrent.ThreadPoolExecutor.runWorker(ThreadPoolExecutor.java:1145) [na:1.7.0_67]
	at java.util.concurrent.ThreadPoolExecutor$Worker.run(ThreadPoolExecutor.java:615) [na:1.7.0_67]
	at java.lang.Thread.run(Thread.java:745) [na:1.7.0_67]
13:23:03.299 [Test worker] DEBUG o.s.c.e.PropertySourcesPropertyResolver - Searching for key 'spring.messages.basename' in [Inlined Test Properties]
13:23:03.299 [Test worker] DEBUG o.s.c.e.PropertySourcesPropertyResolver - Searching for key 'spring.messages.basename' in [systemProperties]
13:23:03.299 [Test worker] DEBUG o.s.c.e.PropertySourcesPropertyResolver - Searching for key 'spring.messages.basename' in [systemEnvironment]
13:23:03.300 [Test worker] DEBUG o.s.c.e.PropertySourcesPropertyResolver - Could not find key 'spring.messages.basename' in any property source. Returning [null]
13:23:03.340 [Test worker] DEBUG o.s.c.i.s.PathMatchingResourcePatternResolver - Looking for matching resources in directory tree [/opt/neutrino/nfvo/core/core-implementation/build/classes/test]
13:23:03.340 [Test worker] DEBUG o.s.c.i.s.PathMatchingResourcePatternResolver - Searching directory [/opt/neutrino/nfvo/core/core-implementation/build/classes/test] for files matching pattern [/opt/neutrino/nfvo/core/core-implementation/build/classes/test/messages*.properties]
13:23:03.341 [Test worker] DEBUG o.s.c.i.s.PathMatchingResourcePatternResolver - Looking for matching resources in directory tree [/opt/neutrino/nfvo/core/core-implementation/build/classes/main]
13:23:03.341 [Test worker] DEBUG o.s.c.i.s.PathMatchingResourcePatternResolver - Searching directory [/opt/neutrino/nfvo/core/core-implementation/build/classes/main] for files matching pattern [/opt/neutrino/nfvo/core/core-implementation/build/classes/main/messages*.properties]
13:23:03.342 [Test worker] DEBUG o.s.c.i.s.PathMatchingResourcePatternResolver - Looking for matching resources in directory tree [/opt/neutrino/nfvo/core/core-implementation/build/resources/main]
13:23:03.342 [Test worker] DEBUG o.s.c.i.s.PathMatchingResourcePatternResolver - Searching directory [/opt/neutrino/nfvo/core/core-implementation/build/resources/main] for files matching pattern [/opt/neutrino/nfvo/core/core-implementation/build/resources/main/messages*.properties]
13:23:03.342 [Test worker] DEBUG o.s.c.i.s.PathMatchingResourcePatternResolver - Looking for matching resources in jar file [file:/Users/lto/.gradle/caches/2.3/workerMain/gradle-worker.jar]
13:23:03.343 [Test worker] DEBUG o.s.c.i.s.PathMatchingResourcePatternResolver - Looking for matching resources in jar file [file:/Users/lto/.gradle/caches/modules-2/files-2.1/org.springframework/spring-jms/4.1.6.RELEASE/8becbaeaf6ab2eee3bb1e5fe435cf0592a0d20b9/spring-jms-4.1.6.RELEASE.jar]
13:23:03.346 [Test worker] DEBUG o.s.c.i.s.PathMatchingResourcePatternResolver - Looking for matching resources in jar file [file:/Users/lto/.gradle/caches/modules-2/files-2.1/javax.jms/javax.jms-api/2.0.1/5faaa3864ff6025ce69809b60d65bda3e358610c/javax.jms-api-2.0.1.jar]
13:23:03.348 [Test worker] DEBUG o.s.c.i.s.PathMatchingResourcePatternResolver - Looking for matching resources in jar file [file:/Users/lto/.gradle/caches/modules-2/files-2.1/org.apache.activemq/activemq-broker/5.11.1/596959fd779d1084569ff5fb7a021d0c40817c51/activemq-broker-5.11.1.jar]
13:23:03.363 [Test worker] DEBUG o.s.c.i.s.PathMatchingResourcePatternResolver - Looking for matching resources in jar file [file:/Users/lto/.gradle/caches/modules-2/files-2.1/org.apache.activemq/activemq-kahadb-store/5.11.1/3f80ca5ea2d1a393a5edf1d8544db9698150e273/activemq-kahadb-store-5.11.1.jar]
13:23:03.372 [Test worker] DEBUG o.s.c.i.s.PathMatchingResourcePatternResolver - Looking for matching resources in jar file [file:/Users/lto/.gradle/caches/modules-2/files-2.1/mysql/mysql-connector-java/5.1.35/b6ac941b7288376a7e8bc6490264bbd4427fb94e/mysql-connector-java-5.1.35.jar]
13:23:03.380 [Test worker] DEBUG o.s.c.i.s.PathMatchingResourcePatternResolver - Looking for matching resources in jar file [file:/Users/lto/.gradle/caches/modules-2/files-2.1/commons-dbcp/commons-dbcp/1.4/30be73c965cc990b153a100aaaaafcf239f82d39/commons-dbcp-1.4.jar]
13:23:03.382 [Test worker] DEBUG o.s.c.i.s.PathMatchingResourcePatternResolver - Looking for matching resources in jar file [file:/opt/neutrino/nfvo/core/core-interfaces/build/libs/core-interfaces-0.1-SNAPSHOT.jar]
13:23:03.382 [Test worker] DEBUG o.s.c.i.s.PathMatchingResourcePatternResolver - Looking for matching resources in jar file [file:/Users/lto/.gradle/caches/modules-2/files-2.1/junit/junit/4.9/1013627e3993319870863a020034004717505815/junit-4.9.jar]
13:23:03.388 [Test worker] DEBUG o.s.c.i.s.PathMatchingResourcePatternResolver - Looking for matching resources in jar file [file:/Users/lto/.gradle/caches/modules-2/files-2.1/org.springframework/spring-test/4.1.6.RELEASE/89612cafdac51bc92d9bd512e1863a9111a08b4e/spring-test-4.1.6.RELEASE.jar]
13:23:03.393 [Test worker] DEBUG o.s.c.i.s.PathMatchingResourcePatternResolver - Looking for matching resources in jar file [file:/Users/lto/.gradle/caches/modules-2/files-2.1/org.mockito/mockito-core/1.9.5/c3264abeea62c4d2f367e21484fbb40c7e256393/mockito-core-1.9.5.jar]
13:23:03.415 [Test worker] DEBUG o.s.c.i.s.PathMatchingResourcePatternResolver - Looking for matching resources in jar file [file:/Users/lto/.gradle/caches/modules-2/files-2.1/org.springframework.data/spring-data-jpa/1.8.0.RELEASE/13dc24ff3707dbded54d61501260c3fdf5cd9d8c/spring-data-jpa-1.8.0.RELEASE.jar]
13:23:03.419 [Test worker] DEBUG o.s.c.i.s.PathMatchingResourcePatternResolver - Looking for matching resources in jar file [file:/Users/lto/.gradle/caches/modules-2/files-2.1/org.slf4j/jcl-over-slf4j/1.7.11/180246b7809ffae6293eea3d34e668ee948f0dc8/jcl-over-slf4j-1.7.11.jar]
13:23:03.420 [Test worker] DEBUG o.s.c.i.s.PathMatchingResourcePatternResolver - Looking for matching resources in jar file [file:/Users/lto/.gradle/caches/modules-2/files-2.1/org.slf4j/jul-to-slf4j/1.7.11/87a1d59c837c57396bc20f433ee24ad3a59c7812/jul-to-slf4j-1.7.11.jar]
13:23:03.420 [Test worker] DEBUG o.s.c.i.s.PathMatchingResourcePatternResolver - Looking for matching resources in jar file [file:/Users/lto/.gradle/caches/modules-2/files-2.1/org.slf4j/log4j-over-slf4j/1.7.11/4f51599470151c7b8ebec1d36767138f7fb7d427/log4j-over-slf4j-1.7.11.jar]
13:23:03.421 [Test worker] DEBUG o.s.c.i.s.PathMatchingResourcePatternResolver - Looking for matching resources in jar file [file:/Users/lto/.gradle/caches/modules-2/files-2.1/org.springframework/spring-messaging/4.1.6.RELEASE/d39238370be17d8435069492a1cb0471e5be7e67/spring-messaging-4.1.6.RELEASE.jar]
13:23:03.426 [Test worker] DEBUG o.s.c.i.s.PathMatchingResourcePatternResolver - Looking for matching resources in jar file [file:/Users/lto/.gradle/caches/modules-2/files-2.1/org.apache.activemq/activemq-client/5.11.1/4d501ba53065be743dd66bf13e81a0512e33e860/activemq-client-5.11.1.jar]
13:23:03.440 [Test worker] DEBUG o.s.c.i.s.PathMatchingResourcePatternResolver - Looking for matching resources in jar file [file:/Users/lto/.gradle/caches/modules-2/files-2.1/org.apache.activemq/activemq-openwire-legacy/5.11.1/8a164cddf1b144f37cd38c24960e4178283492ba/activemq-openwire-legacy-5.11.1.jar]
13:23:03.445 [Test worker] DEBUG o.s.c.i.s.PathMatchingResourcePatternResolver - Looking for matching resources in jar file [file:/Users/lto/.gradle/caches/modules-2/files-2.1/org.apache.activemq.protobuf/activemq-protobuf/1.1/26682eb801f70563511f7c424dc10e8b3e66340e/activemq-protobuf-1.1.jar]
13:23:03.446 [Test worker] DEBUG o.s.c.i.s.PathMatchingResourcePatternResolver - Looking for matching resources in jar file [file:/Users/lto/.gradle/caches/modules-2/files-2.1/org.apache.geronimo.specs/geronimo-j2ee-management_1.1_spec/1.0.1/5372615b0c04c1913c95c34a0414cef720ca2855/geronimo-j2ee-management_1.1_spec-1.0.1.jar]
13:23:03.447 [Test worker] DEBUG o.s.c.i.s.PathMatchingResourcePatternResolver - Looking for matching resources in jar file [file:/Users/lto/.gradle/caches/modules-2/files-2.1/commons-net/commons-net/3.3/cd0d5510908225f76c5fe5a3f1df4fa44866f81e/commons-net-3.3.jar]
13:23:03.449 [Test worker] DEBUG o.s.c.i.s.PathMatchingResourcePatternResolver - Looking for matching resources in jar file [file:/Users/lto/.gradle/caches/modules-2/files-2.1/org.jboss.logging/jboss-logging/3.1.3.GA/64499e907f19e5e1b3fdc02f81440c1832fe3545/jboss-logging-3.1.3.GA.jar]
13:23:03.450 [Test worker] DEBUG o.s.c.i.s.PathMatchingResourcePatternResolver - Looking for matching resources in jar file [file:/Users/lto/.gradle/caches/modules-2/files-2.1/org.jboss.logging/jboss-logging-annotations/1.2.0.Beta1/2f437f37bb265d9f8f1392823dbca12d2bec06d6/jboss-logging-annotations-1.2.0.Beta1.jar]
13:23:03.450 [Test worker] DEBUG o.s.c.i.s.PathMatchingResourcePatternResolver - Looking for matching resources in jar file [file:/Users/lto/.gradle/caches/modules-2/files-2.1/dom4j/dom4j/1.6.1/5d3ccc056b6f056dbf0dddfdf43894b9065a8f94/dom4j-1.6.1.jar]
13:23:03.456 [Test worker] DEBUG o.s.c.i.s.PathMatchingResourcePatternResolver - Looking for matching resources in jar file [file:/Users/lto/.gradle/caches/modules-2/files-2.1/org.hibernate.common/hibernate-commons-annotations/4.0.5.Final/2a581b9edb8168e45060d8bad8b7f46712d2c52c/hibernate-commons-annotations-4.0.5.Final.jar]
13:23:03.457 [Test worker] DEBUG o.s.c.i.s.PathMatchingResourcePatternResolver - Looking for matching resources in jar file [file:/Users/lto/.gradle/caches/modules-2/files-2.1/org.hibernate.javax.persistence/hibernate-jpa-2.1-api/1.0.0.Final/5e731d961297e5a07290bfaf3db1fbc8bbbf405a/hibernate-jpa-2.1-api-1.0.0.Final.jar]
13:23:03.459 [Test worker] DEBUG o.s.c.i.s.PathMatchingResourcePatternResolver - Looking for matching resources in jar file [file:/Users/lto/.gradle/caches/modules-2/files-2.1/org.jboss.spec.javax.transaction/jboss-transaction-api_1.2_spec/1.0.0.Final/1f9fef7a9fcbb41cc390fc370a291cf30729e094/jboss-transaction-api_1.2_spec-1.0.0.Final.jar]
13:23:03.460 [Test worker] DEBUG o.s.c.i.s.PathMatchingResourcePatternResolver - Looking for matching resources in jar file [file:/Users/lto/.gradle/caches/modules-2/files-2.1/antlr/antlr/2.7.7/83cd2cd674a217ade95a4bb83a8a14f351f48bd0/antlr-2.7.7.jar]
13:23:03.462 [Test worker] DEBUG o.s.c.i.s.PathMatchingResourcePatternResolver - Looking for matching resources in jar file [file:/Users/lto/.gradle/caches/modules-2/files-2.1/org.jboss/jandex/1.1.0.Final/e84a2122e76f0b6503be78094ddf2108057ac15f/jandex-1.1.0.Final.jar]
13:23:03.463 [Test worker] DEBUG o.s.c.i.s.PathMatchingResourcePatternResolver - Looking for matching resources in jar file [file:/Users/lto/.gradle/caches/modules-2/files-2.1/commons-pool/commons-pool/1.5.4/75b6e20c596ed2945a259cea26d7fadd298398e6/commons-pool-1.5.4.jar]
13:23:03.463 [Test worker] DEBUG o.s.c.i.s.PathMatchingResourcePatternResolver - Looking for matching resources in jar file [file:/opt/neutrino/nfvo/catalogue/build/libs/catalogue-0.1-SNAPSHOT.jar]
13:23:03.464 [Test worker] DEBUG o.s.c.i.s.PathMatchingResourcePatternResolver - Looking for matching resources in jar file [file:/Users/lto/.gradle/caches/modules-2/files-2.1/javax.transaction/javax.transaction-api/1.2/d81aff979d603edd90dcd8db2abc1f4ce6479e3e/javax.transaction-api-1.2.jar]
13:23:03.464 [Test worker] DEBUG o.s.c.i.s.PathMatchingResourcePatternResolver - Looking for matching resources in jar file [file:/Users/lto/.gradle/caches/modules-2/files-2.1/org.springframework/spring-aspects/4.1.6.RELEASE/4667823d6133f9543f12e58ddb6747ee4e4d42a5/spring-aspects-4.1.6.RELEASE.jar]
13:23:03.465 [Test worker] DEBUG o.s.c.i.s.PathMatchingResourcePatternResolver - Looking for matching resources in jar file [file:/Users/lto/.gradle/caches/modules-2/files-2.1/org.hamcrest/hamcrest-core/1.1/860340562250678d1a344907ac75754e259cdb14/hamcrest-core-1.1.jar]
13:23:03.465 [Test worker] DEBUG o.s.c.i.s.PathMatchingResourcePatternResolver - Looking for matching resources in jar file [file:/Users/lto/.gradle/caches/modules-2/files-2.1/org.objenesis/objenesis/1.0/9b473564e792c2bdf1449da1f0b1b5bff9805704/objenesis-1.0.jar]
13:23:03.466 [Test worker] DEBUG o.s.c.i.s.PathMatchingResourcePatternResolver - Looking for matching resources in jar file [file:/Users/lto/.gradle/caches/modules-2/files-2.1/commons-logging/commons-logging/1.2/4bfc12adfe4842bf07b657f0369c4cb522955686/commons-logging-1.2.jar]
13:23:03.466 [Test worker] DEBUG o.s.c.i.s.PathMatchingResourcePatternResolver - Looking for matching resources in jar file [file:/Users/lto/.gradle/caches/modules-2/files-2.1/org.slf4j/slf4j-api/1.7.11/7eaaaf2238f324e2b02dbd4d6ced6778b99328/slf4j-api-1.7.11.jar]
13:23:03.467 [Test worker] DEBUG o.s.c.i.s.PathMatchingResourcePatternResolver - Looking for matching resources in jar file [file:/Users/lto/.gradle/caches/modules-2/files-2.1/aopalliance/aopalliance/1.0/235ba8b489512805ac13a8f9ea77a1ca5ebe3e8/aopalliance-1.0.jar]
13:23:03.467 [Test worker] DEBUG o.s.c.i.s.PathMatchingResourcePatternResolver - Looking for matching resources in jar file [file:/Users/lto/.gradle/caches/modules-2/files-2.1/org.apache.geronimo.specs/geronimo-jms_1.1_spec/1.1.1/c872b46c601d8dc03633288b81269f9e42762cea/geronimo-jms_1.1_spec-1.1.1.jar]
13:23:03.468 [Test worker] DEBUG o.s.c.i.s.PathMatchingResourcePatternResolver - Looking for matching resources in jar file [file:/Users/lto/.gradle/caches/modules-2/files-2.1/org.fusesource.hawtbuf/hawtbuf/1.11/8f0e50ad8bea37b84b698ec40cce09e47714a63e/hawtbuf-1.11.jar]
13:23:03.468 [Test worker] DEBUG o.s.c.i.s.PathMatchingResourcePatternResolver - Looking for matching resources in jar file [file:/Users/lto/.gradle/caches/modules-2/files-2.1/xml-apis/xml-apis/1.0.b2/3136ca936f64c9d68529f048c2618bd356bf85c9/xml-apis-1.0.b2.jar]
13:23:03.470 [Test worker] DEBUG o.s.c.i.s.PathMatchingResourcePatternResolver - Looking for matching resources in jar file [file:/Users/lto/.gradle/caches/modules-2/files-2.1/org.aspectj/aspectjrt/1.8.5/39a8ff2d1f79267907f5573c090b342b040b9682/aspectjrt-1.8.5.jar]
13:23:03.472 [Test worker] DEBUG o.s.c.i.s.PathMatchingResourcePatternResolver - Looking for matching resources in jar file [file:/Users/lto/.gradle/caches/modules-2/files-2.1/org.apache.tomcat/tomcat-jdbc/8.0.20/7802cb686f4dec006ae31b86b283ddd45f4a3d/tomcat-jdbc-8.0.20.jar]
13:23:03.474 [Test worker] DEBUG o.s.c.i.s.PathMatchingResourcePatternResolver - Looking for matching resources in jar file [file:/Users/lto/.gradle/caches/modules-2/files-2.1/org.apache.tomcat/tomcat-juli/8.0.20/f1654901f9bd84c03c648099335dd2f7e7085f90/tomcat-juli-8.0.20.jar]
13:23:03.475 [Test worker] DEBUG o.s.c.i.s.PathMatchingResourcePatternResolver - Resolved location pattern [classpath*:messages*.properties] to resources []
13:23:03.479 [Test worker] DEBUG o.s.c.t.filter.AssignableTypeFilter - Could not read interface [org.springframework.web.WebApplicationInitializer] for type-filtered class [org.springframework.boot.autoconfigure.jersey.JerseyAutoConfiguration]
13:23:03.479 [Test worker] DEBUG o.s.c.t.filter.AssignableTypeFilter - Could not read interface [org.springframework.web.WebApplicationInitializer] for type-filtered class [org.springframework.boot.autoconfigure.jersey.JerseyAutoConfiguration]
13:23:03.481 [Test worker] DEBUG o.s.b.f.s.DefaultListableBeanFactory - Returning cached instance of singleton bean 'autoConfigurationReport'
13:23:03.482 [Test worker] DEBUG o.s.b.f.s.DefaultListableBeanFactory - Returning cached instance of singleton bean 'autoConfigurationReport'
13:23:03.483 [Test worker] DEBUG o.s.b.f.s.DefaultListableBeanFactory - Returning cached instance of singleton bean 'autoConfigurationReport'
13:23:03.483 [Test worker] DEBUG o.s.b.f.s.DefaultListableBeanFactory - Returning cached instance of singleton bean 'autoConfigurationReport'
13:23:03.487 [Test worker] DEBUG o.s.b.f.s.DefaultListableBeanFactory - Returning cached instance of singleton bean 'autoConfigurationReport'
13:23:03.489 [Test worker] DEBUG o.s.b.f.s.DefaultListableBeanFactory - Returning cached instance of singleton bean 'autoConfigurationReport'
13:23:03.490 [Test worker] DEBUG o.s.b.f.s.DefaultListableBeanFactory - Returning cached instance of singleton bean 'autoConfigurationReport'
13:23:03.490 [Test worker] DEBUG o.s.b.f.s.DefaultListableBeanFactory - Returning cached instance of singleton bean 'autoConfigurationReport'
13:23:03.492 [Test worker] DEBUG o.s.b.f.s.DefaultListableBeanFactory - Returning cached instance of singleton bean 'autoConfigurationReport'
13:23:03.497 [Test worker] DEBUG o.s.b.f.s.DefaultListableBeanFactory - Returning cached instance of singleton bean 'autoConfigurationReport'
13:23:03.502 [Test worker] DEBUG o.s.b.f.s.DefaultListableBeanFactory - Returning cached instance of singleton bean 'autoConfigurationReport'
13:23:03.504 [Test worker] DEBUG o.s.b.f.s.DefaultListableBeanFactory - Returning cached instance of singleton bean 'autoConfigurationReport'
13:23:03.510 [Test worker] DEBUG o.s.b.f.s.DefaultListableBeanFactory - Returning cached instance of singleton bean 'autoConfigurationReport'
13:23:03.511 [Test worker] DEBUG o.s.b.f.s.DefaultListableBeanFactory - Returning cached instance of singleton bean 'autoConfigurationReport'
13:23:03.525 [Test worker] DEBUG o.s.b.f.s.DefaultListableBeanFactory - Returning cached instance of singleton bean 'autoConfigurationReport'
13:23:03.527 [Test worker] DEBUG o.s.b.f.s.DefaultListableBeanFactory - Returning cached instance of singleton bean 'autoConfigurationReport'
13:23:03.528 [Test worker] DEBUG o.s.b.f.s.DefaultListableBeanFactory - Returning cached instance of singleton bean 'autoConfigurationReport'
13:23:03.529 [Test worker] DEBUG o.s.b.f.s.DefaultListableBeanFactory - Returning cached instance of singleton bean 'autoConfigurationReport'
13:23:03.530 [Test worker] DEBUG o.s.b.f.s.DefaultListableBeanFactory - Returning cached instance of singleton bean 'autoConfigurationReport'
13:23:03.532 [Test worker] DEBUG o.s.b.f.s.DefaultListableBeanFactory - Returning cached instance of singleton bean 'autoConfigurationReport'
13:23:03.533 [Test worker] DEBUG o.s.b.f.s.DefaultListableBeanFactory - Returning cached instance of singleton bean 'autoConfigurationReport'
13:23:03.537 [Test worker] DEBUG o.s.b.f.s.DefaultListableBeanFactory - Returning cached instance of singleton bean 'autoConfigurationReport'
13:23:03.547 [Test worker] DEBUG o.s.b.f.s.DefaultListableBeanFactory - Returning cached instance of singleton bean 'autoConfigurationReport'
13:23:03.552 [Test worker] DEBUG o.s.b.f.s.DefaultListableBeanFactory - Returning cached instance of singleton bean 'autoConfigurationReport'
13:23:03.554 [Test worker] DEBUG o.s.b.f.s.DefaultListableBeanFactory - Returning cached instance of singleton bean 'autoConfigurationReport'
13:23:03.556 [Test worker] DEBUG o.s.b.f.s.DefaultListableBeanFactory - Returning cached instance of singleton bean 'autoConfigurationReport'
13:23:03.557 [Test worker] DEBUG o.s.b.f.s.DefaultListableBeanFactory - Returning cached instance of singleton bean 'autoConfigurationReport'
13:23:03.559 [Test worker] DEBUG o.s.b.f.s.DefaultListableBeanFactory - Returning cached instance of singleton bean 'autoConfigurationReport'
13:23:03.565 [Test worker] DEBUG o.s.b.f.s.DefaultListableBeanFactory - Returning cached instance of singleton bean 'autoConfigurationReport'
13:23:03.567 [Test worker] DEBUG o.s.b.f.s.DefaultListableBeanFactory - Returning cached instance of singleton bean 'autoConfigurationReport'
13:23:03.567 [Test worker] DEBUG o.s.b.f.s.DefaultListableBeanFactory - Returning cached instance of singleton bean 'autoConfigurationReport'
13:23:03.573 [Test worker] DEBUG o.s.b.f.s.DefaultListableBeanFactory - Returning cached instance of singleton bean 'autoConfigurationReport'
13:23:03.574 [Test worker] DEBUG o.s.b.f.s.DefaultListableBeanFactory - Returning cached instance of singleton bean 'autoConfigurationReport'
13:23:03.577 [Test worker] DEBUG o.s.b.f.s.DefaultListableBeanFactory - Returning cached instance of singleton bean 'autoConfigurationReport'
13:23:03.581 [Test worker] DEBUG o.s.b.f.s.DefaultListableBeanFactory - Returning cached instance of singleton bean 'autoConfigurationReport'
13:23:03.582 [Test worker] DEBUG o.s.b.f.s.DefaultListableBeanFactory - Returning cached instance of singleton bean 'autoConfigurationReport'
13:23:03.584 [Test worker] DEBUG o.s.b.f.s.DefaultListableBeanFactory - Returning cached instance of singleton bean 'autoConfigurationReport'
13:23:03.589 [Test worker] DEBUG o.s.b.f.s.DefaultListableBeanFactory - Returning cached instance of singleton bean 'autoConfigurationReport'
13:23:03.591 [Test worker] DEBUG o.s.b.f.s.DefaultListableBeanFactory - Returning cached instance of singleton bean 'autoConfigurationReport'
13:23:03.597 [Test worker] DEBUG o.s.b.f.s.DefaultListableBeanFactory - Returning cached instance of singleton bean 'autoConfigurationReport'
13:23:03.598 [Test worker] DEBUG o.s.b.f.s.DefaultListableBeanFactory - Returning cached instance of singleton bean 'autoConfigurationReport'
13:23:03.599 [Test worker] DEBUG o.s.b.f.s.DefaultListableBeanFactory - Returning cached instance of singleton bean 'autoConfigurationReport'
13:23:03.600 [Test worker] DEBUG o.s.b.f.s.DefaultListableBeanFactory - Returning cached instance of singleton bean 'autoConfigurationReport'
13:23:03.600 [Test worker] DEBUG o.s.b.f.s.DefaultListableBeanFactory - Returning cached instance of singleton bean 'autoConfigurationReport'
13:23:03.601 [Test worker] DEBUG o.s.b.f.s.DefaultListableBeanFactory - Returning cached instance of singleton bean 'autoConfigurationReport'
13:23:03.602 [Test worker] DEBUG o.s.b.f.s.DefaultListableBeanFactory - Returning cached instance of singleton bean 'autoConfigurationReport'
13:23:03.604 [Test worker] DEBUG o.s.b.f.s.DefaultListableBeanFactory - Returning cached instance of singleton bean 'autoConfigurationReport'
13:23:03.605 [Test worker] DEBUG o.s.b.f.s.DefaultListableBeanFactory - Returning cached instance of singleton bean 'autoConfigurationReport'
13:23:03.606 [Test worker] DEBUG o.s.b.f.s.DefaultListableBeanFactory - Returning cached instance of singleton bean 'autoConfigurationReport'
13:23:03.607 [Test worker] DEBUG o.s.b.f.s.DefaultListableBeanFactory - Returning cached instance of singleton bean 'autoConfigurationReport'
13:23:03.608 [Test worker] DEBUG o.s.b.f.s.DefaultListableBeanFactory - Returning cached instance of singleton bean 'autoConfigurationReport'
13:23:03.608 [Test worker] DEBUG o.s.b.f.s.DefaultListableBeanFactory - Returning cached instance of singleton bean 'autoConfigurationReport'
13:23:03.609 [Test worker] DEBUG o.s.b.f.s.DefaultListableBeanFactory - Returning cached instance of singleton bean 'autoConfigurationReport'
13:23:03.612 [Test worker] DEBUG o.s.b.f.s.DefaultListableBeanFactory - Returning cached instance of singleton bean 'autoConfigurationReport'
13:23:03.613 [Test worker] DEBUG o.s.b.f.s.DefaultListableBeanFactory - Returning cached instance of singleton bean 'autoConfigurationReport'
13:23:03.615 [Test worker] DEBUG o.s.b.f.s.DefaultListableBeanFactory - Returning cached instance of singleton bean 'autoConfigurationReport'
13:23:03.617 [Test worker] DEBUG o.s.b.f.s.DefaultListableBeanFactory - Returning cached instance of singleton bean 'autoConfigurationReport'
13:23:03.639 [Test worker] DEBUG o.s.b.f.s.DefaultListableBeanFactory - Returning cached instance of singleton bean 'autoConfigurationReport'
13:23:03.645 [Test worker] DEBUG o.s.b.f.s.DefaultListableBeanFactory - Returning cached instance of singleton bean 'autoConfigurationReport'
13:23:03.650 [Test worker] DEBUG o.s.b.f.s.DefaultListableBeanFactory - Returning cached instance of singleton bean 'autoConfigurationReport'
13:23:03.655 [Test worker] DEBUG o.s.b.f.s.DefaultListableBeanFactory - Returning cached instance of singleton bean 'autoConfigurationReport'
13:23:03.658 [Test worker] DEBUG o.s.b.f.s.DefaultListableBeanFactory - Returning cached instance of singleton bean 'autoConfigurationReport'
13:23:03.658 [Test worker] DEBUG o.s.b.f.s.DefaultListableBeanFactory - Returning cached instance of singleton bean 'autoConfigurationReport'
13:23:03.663 [Test worker] DEBUG o.s.b.f.s.DefaultListableBeanFactory - Returning cached instance of singleton bean 'autoConfigurationReport'
13:23:03.668 [Test worker] DEBUG o.s.b.f.s.DefaultListableBeanFactory - Returning cached instance of singleton bean 'autoConfigurationReport'
13:23:03.670 [Test worker] DEBUG o.s.b.f.s.DefaultListableBeanFactory - Returning cached instance of singleton bean 'autoConfigurationReport'
13:23:03.673 [Test worker] DEBUG o.s.b.f.s.DefaultListableBeanFactory - Returning cached instance of singleton bean 'autoConfigurationReport'
13:23:03.675 [Test worker] DEBUG o.s.b.f.s.DefaultListableBeanFactory - Returning cached instance of singleton bean 'autoConfigurationReport'
13:23:03.676 [Test worker] DEBUG o.s.b.f.s.DefaultListableBeanFactory - Returning cached instance of singleton bean 'autoConfigurationReport'
13:23:03.677 [Test worker] DEBUG o.s.b.f.s.DefaultListableBeanFactory - Returning cached instance of singleton bean 'autoConfigurationReport'
13:23:03.679 [Test worker] DEBUG o.s.b.f.s.DefaultListableBeanFactory - Returning cached instance of singleton bean 'autoConfigurationReport'
13:23:03.680 [Test worker] DEBUG o.s.b.f.s.DefaultListableBeanFactory - Returning cached instance of singleton bean 'autoConfigurationReport'
13:23:03.681 [Test worker] DEBUG o.s.b.f.s.DefaultListableBeanFactory - Returning cached instance of singleton bean 'autoConfigurationReport'
13:23:03.682 [Test worker] DEBUG o.s.b.f.s.DefaultListableBeanFactory - Returning cached instance of singleton bean 'autoConfigurationReport'
13:23:03.683 [Test worker] DEBUG o.s.b.f.s.DefaultListableBeanFactory - Returning cached instance of singleton bean 'autoConfigurationReport'
13:23:03.684 [Test worker] DEBUG o.s.b.f.s.DefaultListableBeanFactory - Returning cached instance of singleton bean 'autoConfigurationReport'
13:23:03.685 [Test worker] DEBUG o.s.b.f.s.DefaultListableBeanFactory - Returning cached instance of singleton bean 'autoConfigurationReport'
13:23:03.686 [Test worker] DEBUG o.s.b.f.s.DefaultListableBeanFactory - Returning cached instance of singleton bean 'autoConfigurationReport'
13:23:03.687 [Test worker] DEBUG o.s.b.f.s.DefaultListableBeanFactory - Returning cached instance of singleton bean 'autoConfigurationReport'
13:23:03.689 [Test worker] DEBUG o.s.b.f.s.DefaultListableBeanFactory - Returning cached instance of singleton bean 'autoConfigurationReport'
13:23:03.690 [Test worker] DEBUG o.s.b.f.s.DefaultListableBeanFactory - Returning cached instance of singleton bean 'autoConfigurationReport'
13:23:03.691 [Test worker] DEBUG o.s.b.f.s.DefaultListableBeanFactory - Returning cached instance of singleton bean 'autoConfigurationReport'
13:23:03.692 [Test worker] DEBUG o.s.b.f.s.DefaultListableBeanFactory - Returning cached instance of singleton bean 'autoConfigurationReport'
13:23:03.693 [Test worker] DEBUG o.s.b.f.s.DefaultListableBeanFactory - Returning cached instance of singleton bean 'autoConfigurationReport'
13:23:03.693 [Test worker] DEBUG o.s.b.f.s.DefaultListableBeanFactory - Returning cached instance of singleton bean 'autoConfigurationReport'
13:23:03.694 [Test worker] DEBUG o.s.b.f.s.DefaultListableBeanFactory - Returning cached instance of singleton bean 'autoConfigurationReport'
13:23:03.696 [Test worker] DEBUG o.s.b.f.s.DefaultListableBeanFactory - Returning cached instance of singleton bean 'autoConfigurationReport'
13:23:03.698 [Test worker] DEBUG o.s.b.f.s.DefaultListableBeanFactory - Returning cached instance of singleton bean 'autoConfigurationReport'
13:23:03.710 [Test worker] DEBUG o.s.c.a.ConfigurationClassBeanDefinitionReader - Registered bean definition for imported @Configuration class org.springframework.jms.annotation.JmsBootstrapConfiguration
13:23:03.711 [Test worker] DEBUG o.s.c.a.ConfigurationClassBeanDefinitionReader - Registering bean definition for @Bean method org.springframework.jms.annotation.JmsBootstrapConfiguration.org.springframework.jms.config.internalJmsListenerAnnotationProcessor()
13:23:03.711 [Test worker] DEBUG o.s.c.a.ConfigurationClassBeanDefinitionReader - Registering bean definition for @Bean method org.springframework.jms.annotation.JmsBootstrapConfiguration.org.springframework.jms.config.internalJmsListenerEndpointRegistry()
13:23:03.712 [Test worker] DEBUG o.s.c.a.ConfigurationClassBeanDefinitionReader - Registering bean definition for @Bean method org.project.neutrino.nfvo.core.beans.MyBean.myJmsContainerFactory()
13:23:03.712 [Test worker] DEBUG o.s.c.a.ConfigurationClassBeanDefinitionReader - Registering bean definition for @Bean method org.project.neutrino.nfvo.core.test.ApplicationTest.dataSource()
13:23:03.721 [Test worker] DEBUG o.s.core.env.StandardEnvironment - Adding [systemProperties] PropertySource with lowest search precedence
13:23:03.721 [Test worker] DEBUG o.s.core.env.StandardEnvironment - Adding [systemEnvironment] PropertySource with lowest search precedence
13:23:03.721 [Test worker] DEBUG o.s.core.env.StandardEnvironment - Initialized StandardEnvironment with PropertySources [systemProperties,systemEnvironment]
13:23:03.724 [Test worker] DEBUG o.s.c.i.s.PathMatchingResourcePatternResolver - Looking for matching resources in jar file [file:/Users/lto/.gradle/caches/modules-2/files-2.1/org.springframework.data/spring-data-jpa/1.8.0.RELEASE/13dc24ff3707dbded54d61501260c3fdf5cd9d8c/spring-data-jpa-1.8.0.RELEASE.jar]
13:23:03.734 [Test worker] DEBUG o.s.c.i.s.PathMatchingResourcePatternResolver - Looking for matching resources in jar file [file:/Users/lto/.gradle/caches/modules-2/files-2.1/org.springframework.data/spring-data-commons/1.10.0.RELEASE/f3c8d801fc68907ddef15d0d28ab2b3564900b14/spring-data-commons-1.10.0.RELEASE.jar]
13:23:03.757 [Test worker] DEBUG o.s.c.i.s.PathMatchingResourcePatternResolver - Resolved location pattern [classpath*:org/springframework/data/**/repository/support/**/*.class] to resources [URL [jar:file:/Users/lto/.gradle/caches/modules-2/files-2.1/org.springframework.data/spring-data-jpa/1.8.0.RELEASE/13dc24ff3707dbded54d61501260c3fdf5cd9d8c/spring-data-jpa-1.8.0.RELEASE.jar!/org/springframework/data/jpa/repository/support/Querydsl$1.class], URL [jar:file:/Users/lto/.gradle/caches/modules-2/files-2.1/org.springframework.data/spring-data-jpa/1.8.0.RELEASE/13dc24ff3707dbded54d61501260c3fdf5cd9d8c/spring-data-jpa-1.8.0.RELEASE.jar!/org/springframework/data/jpa/repository/support/CrudMethodMetadataPostProcessor$ThreadBoundTargetSource.class], URL [jar:file:/Users/lto/.gradle/caches/modules-2/files-2.1/org.springframework.data/spring-data-jpa/1.8.0.RELEASE/13dc24ff3707dbded54d61501260c3fdf5cd9d8c/spring-data-jpa-1.8.0.RELEASE.jar!/org/springframework/data/jpa/repository/support/JpaPersistableEntityInformation.class], URL [jar:file:/Users/lto/.gradle/caches/modules-2/files-2.1/org.springframework.data/spring-data-jpa/1.8.0.RELEASE/13dc24ff3707dbded54d61501260c3fdf5cd9d8c/spring-data-jpa-1.8.0.RELEASE.jar!/org/springframework/data/jpa/repository/support/CrudMethodMetadataPostProcessor.class], URL [jar:file:/Users/lto/.gradle/caches/modules-2/files-2.1/org.springframework.data/spring-data-jpa/1.8.0.RELEASE/13dc24ff3707dbded54d61501260c3fdf5cd9d8c/spring-data-jpa-1.8.0.RELEASE.jar!/org/springframework/data/jpa/repository/support/CrudMethodMetadataPostProcessor$1.class], URL [jar:file:/Users/lto/.gradle/caches/modules-2/files-2.1/org.springframework.data/spring-data-jpa/1.8.0.RELEASE/13dc24ff3707dbded54d61501260c3fdf5cd9d8c/spring-data-jpa-1.8.0.RELEASE.jar!/org/springframework/data/jpa/repository/support/JpaEntityInformation.class], URL [jar:file:/Users/lto/.gradle/caches/modules-2/files-2.1/org.springframework.data/spring-data-jpa/1.8.0.RELEASE/13dc24ff3707dbded54d61501260c3fdf5cd9d8c/spring-data-jpa-1.8.0.RELEASE.jar!/org/springframework/data/jpa/repository/support/JpaMetamodelEntityInformation.class], URL [jar:file:/Users/lto/.gradle/caches/modules-2/files-2.1/org.springframework.data/spring-data-jpa/1.8.0.RELEASE/13dc24ff3707dbded54d61501260c3fdf5cd9d8c/spring-data-jpa-1.8.0.RELEASE.jar!/org/springframework/data/jpa/repository/support/JpaMetamodelEntityInformation$IdMetadata.class], URL [jar:file:/Users/lto/.gradle/caches/modules-2/files-2.1/org.springframework.data/spring-data-jpa/1.8.0.RELEASE/13dc24ff3707dbded54d61501260c3fdf5cd9d8c/spring-data-jpa-1.8.0.RELEASE.jar!/org/springframework/data/jpa/repository/support/JpaEntityInformationSupport.class], URL [jar:file:/Users/lto/.gradle/caches/modules-2/files-2.1/org.springframework.data/spring-data-jpa/1.8.0.RELEASE/13dc24ff3707dbded54d61501260c3fdf5cd9d8c/spring-data-jpa-1.8.0.RELEASE.jar!/org/springframework/data/jpa/repository/support/QueryDslRepositorySupport.class], URL [jar:file:/Users/lto/.gradle/caches/modules-2/files-2.1/org.springframework.data/spring-data-jpa/1.8.0.RELEASE/13dc24ff3707dbded54d61501260c3fdf5cd9d8c/spring-data-jpa-1.8.0.RELEASE.jar!/org/springframework/data/jpa/repository/support/JpaRepositoryFactory.class], URL [jar:file:/Users/lto/.gradle/caches/modules-2/files-2.1/org.springframework.data/spring-data-jpa/1.8.0.RELEASE/13dc24ff3707dbded54d61501260c3fdf5cd9d8c/spring-data-jpa-1.8.0.RELEASE.jar!/org/springframework/data/jpa/repository/support/CrudMethodMetadataPostProcessor$DefaultCrudMethodMetadata.class], URL [jar:file:/Users/lto/.gradle/caches/modules-2/files-2.1/org.springframework.data/spring-data-jpa/1.8.0.RELEASE/13dc24ff3707dbded54d61501260c3fdf5cd9d8c/spring-data-jpa-1.8.0.RELEASE.jar!/org/springframework/data/jpa/repository/support/SimpleJpaRepository.class], URL [jar:file:/Users/lto/.gradle/caches/modules-2/files-2.1/org.springframework.data/spring-data-jpa/1.8.0.RELEASE/13dc24ff3707dbded54d61501260c3fdf5cd9d8c/spring-data-jpa-1.8.0.RELEASE.jar!/org/springframework/data/jpa/repository/support/CrudMethodMetadataPostProcessor$CrudMethodMetadataPopulatingMethodIntercceptor.class], URL [jar:file:/Users/lto/.gradle/caches/modules-2/files-2.1/org.springframework.data/spring-data-jpa/1.8.0.RELEASE/13dc24ff3707dbded54d61501260c3fdf5cd9d8c/spring-data-jpa-1.8.0.RELEASE.jar!/org/springframework/data/jpa/repository/support/Querydsl.class], URL [jar:file:/Users/lto/.gradle/caches/modules-2/files-2.1/org.springframework.data/spring-data-jpa/1.8.0.RELEASE/13dc24ff3707dbded54d61501260c3fdf5cd9d8c/spring-data-jpa-1.8.0.RELEASE.jar!/org/springframework/data/jpa/repository/support/CrudMethodMetadata.class], URL [jar:file:/Users/lto/.gradle/caches/modules-2/files-2.1/org.springframework.data/spring-data-jpa/1.8.0.RELEASE/13dc24ff3707dbded54d61501260c3fdf5cd9d8c/spring-data-jpa-1.8.0.RELEASE.jar!/org/springframework/data/jpa/repository/support/EntityManagerBeanDefinitionRegistrarPostProcessor.class], URL [jar:file:/Users/lto/.gradle/caches/modules-2/files-2.1/org.springframework.data/spring-data-jpa/1.8.0.RELEASE/13dc24ff3707dbded54d61501260c3fdf5cd9d8c/spring-data-jpa-1.8.0.RELEASE.jar!/org/springframework/data/jpa/repository/support/JpaMetamodelEntityInformation$IdentifierDerivingDirectFieldAccessFallbackBeanWrapper.class], URL [jar:file:/Users/lto/.gradle/caches/modules-2/files-2.1/org.springframework.data/spring-data-jpa/1.8.0.RELEASE/13dc24ff3707dbded54d61501260c3fdf5cd9d8c/spring-data-jpa-1.8.0.RELEASE.jar!/org/springframework/data/jpa/repository/support/QueryDslJpaRepository.class], URL [jar:file:/Users/lto/.gradle/caches/modules-2/files-2.1/org.springframework.data/spring-data-jpa/1.8.0.RELEASE/13dc24ff3707dbded54d61501260c3fdf5cd9d8c/spring-data-jpa-1.8.0.RELEASE.jar!/org/springframework/data/jpa/repository/support/JpaRepositoryFactoryBean.class], URL [jar:file:/Users/lto/.gradle/caches/modules-2/files-2.1/org.springframework.data/spring-data-jpa/1.8.0.RELEASE/13dc24ff3707dbded54d61501260c3fdf5cd9d8c/spring-data-jpa-1.8.0.RELEASE.jar!/org/springframework/data/jpa/repository/support/SimpleJpaRepository$ByIdsSpecification.class], URL [jar:file:/Users/lto/.gradle/caches/modules-2/files-2.1/org.springframework.data/spring-data-commons/1.10.0.RELEASE/f3c8d801fc68907ddef15d0d28ab2b3564900b14/spring-data-commons-1.10.0.RELEASE.jar!/org/springframework/data/repository/support/DomainClassConverter$ConversionMatchAbbreviationException.class], URL [jar:file:/Users/lto/.gradle/caches/modules-2/files-2.1/org.springframework.data/spring-data-commons/1.10.0.RELEASE/f3c8d801fc68907ddef15d0d28ab2b3564900b14/spring-data-commons-1.10.0.RELEASE.jar!/org/springframework/data/repository/support/DomainClassConverter$ToIdConverter.class], URL [jar:file:/Users/lto/.gradle/caches/modules-2/files-2.1/org.springframework.data/spring-data-commons/1.10.0.RELEASE/f3c8d801fc68907ddef15d0d28ab2b3564900b14/spring-data-commons-1.10.0.RELEASE.jar!/org/springframework/data/repository/support/Repositories$EmptyRepositoryFactoryInformation.class], URL [jar:file:/Users/lto/.gradle/caches/modules-2/files-2.1/org.springframework.data/spring-data-commons/1.10.0.RELEASE/f3c8d801fc68907ddef15d0d28ab2b3564900b14/spring-data-commons-1.10.0.RELEASE.jar!/org/springframework/data/repository/support/PagingAndSortingRepositoryInvoker.class], URL [jar:file:/Users/lto/.gradle/caches/modules-2/files-2.1/org.springframework.data/spring-data-commons/1.10.0.RELEASE/f3c8d801fc68907ddef15d0d28ab2b3564900b14/spring-data-commons-1.10.0.RELEASE.jar!/org/springframework/data/repository/support/MethodParameters.class], URL [jar:file:/Users/lto/.gradle/caches/modules-2/files-2.1/org.springframework.data/spring-data-commons/1.10.0.RELEASE/f3c8d801fc68907ddef15d0d28ab2b3564900b14/spring-data-commons-1.10.0.RELEASE.jar!/org/springframework/data/repository/support/RepositoryInvoker.class], URL [jar:file:/Users/lto/.gradle/caches/modules-2/files-2.1/org.springframework.data/spring-data-commons/1.10.0.RELEASE/f3c8d801fc68907ddef15d0d28ab2b3564900b14/spring-data-commons-1.10.0.RELEASE.jar!/org/springframework/data/repository/support/RepositoryInvokerFactory.class], URL [jar:file:/Users/lto/.gradle/caches/modules-2/files-2.1/org.springframework.data/spring-data-commons/1.10.0.RELEASE/f3c8d801fc68907ddef15d0d28ab2b3564900b14/spring-data-commons-1.10.0.RELEASE.jar!/org/springframework/data/repository/support/DomainClassPropertyEditorRegistrar.class], URL [jar:file:/Users/lto/.gradle/caches/modules-2/files-2.1/org.springframework.data/spring-data-commons/1.10.0.RELEASE/f3c8d801fc68907ddef15d0d28ab2b3564900b14/spring-data-commons-1.10.0.RELEASE.jar!/org/springframework/data/repository/support/AnnotationAttribute.class], URL [jar:file:/Users/lto/.gradle/caches/modules-2/files-2.1/org.springframework.data/spring-data-commons/1.10.0.RELEASE/f3c8d801fc68907ddef15d0d28ab2b3564900b14/spring-data-commons-1.10.0.RELEASE.jar!/org/springframework/data/repository/support/DefaultRepositoryInvokerFactory.class], URL [jar:file:/Users/lto/.gradle/caches/modules-2/files-2.1/org.springframework.data/spring-data-commons/1.10.0.RELEASE/f3c8d801fc68907ddef15d0d28ab2b3564900b14/spring-data-commons-1.10.0.RELEASE.jar!/org/springframework/data/repository/support/MethodParameters$AnnotationNamingMethodParameter.class], URL [jar:file:/Users/lto/.gradle/caches/modules-2/files-2.1/org.springframework.data/spring-data-commons/1.10.0.RELEASE/f3c8d801fc68907ddef15d0d28ab2b3564900b14/spring-data-commons-1.10.0.RELEASE.jar!/org/springframework/data/repository/support/CrudRepositoryInvoker.class], URL [jar:file:/Users/lto/.gradle/caches/modules-2/files-2.1/org.springframework.data/spring-data-commons/1.10.0.RELEASE/f3c8d801fc68907ddef15d0d28ab2b3564900b14/spring-data-commons-1.10.0.RELEASE.jar!/org/springframework/data/repository/support/Repositories.class], URL [jar:file:/Users/lto/.gradle/caches/modules-2/files-2.1/org.springframework.data/spring-data-commons/1.10.0.RELEASE/f3c8d801fc68907ddef15d0d28ab2b3564900b14/spring-data-commons-1.10.0.RELEASE.jar!/org/springframework/data/repository/support/DomainClassConverter$ToEntityConverter.class], URL [jar:file:/Users/lto/.gradle/caches/modules-2/files-2.1/org.springframework.data/spring-data-commons/1.10.0.RELEASE/f3c8d801fc68907ddef15d0d28ab2b3564900b14/spring-data-commons-1.10.0.RELEASE.jar!/org/springframework/data/repository/support/ReflectionRepositoryInvoker.class], URL [jar:file:/Users/lto/.gradle/caches/modules-2/files-2.1/org.springframework.data/spring-data-commons/1.10.0.RELEASE/f3c8d801fc68907ddef15d0d28ab2b3564900b14/spring-data-commons-1.10.0.RELEASE.jar!/org/springframework/data/repository/support/DomainClassPropertyEditor.class], URL [jar:file:/Users/lto/.gradle/caches/modules-2/files-2.1/org.springframework.data/spring-data-commons/1.10.0.RELEASE/f3c8d801fc68907ddef15d0d28ab2b3564900b14/spring-data-commons-1.10.0.RELEASE.jar!/org/springframework/data/repository/support/DomainClassConverter.class], URL [jar:file:/Users/lto/.gradle/caches/modules-2/files-2.1/org.springframework.data/spring-data-commons/1.10.0.RELEASE/f3c8d801fc68907ddef15d0d28ab2b3564900b14/spring-data-commons-1.10.0.RELEASE.jar!/org/springframework/data/repository/support/DomainClassConverter$1.class], URL [jar:file:/Users/lto/.gradle/caches/modules-2/files-2.1/org.springframework.data/spring-data-commons/1.10.0.RELEASE/f3c8d801fc68907ddef15d0d28ab2b3564900b14/spring-data-commons-1.10.0.RELEASE.jar!/org/springframework/data/repository/support/RepositoryInvocationInformation.class]]
13:23:03.773 [Test worker] DEBUG o.s.c.a.ClassPathScanningCandidateComponentProvider - Identified candidate component class: URL [jar:file:/Users/lto/.gradle/caches/modules-2/files-2.1/org.springframework.data/spring-data-jpa/1.8.0.RELEASE/13dc24ff3707dbded54d61501260c3fdf5cd9d8c/spring-data-jpa-1.8.0.RELEASE.jar!/org/springframework/data/jpa/repository/support/JpaRepositoryFactory.class]
13:23:03.825 [Test worker] DEBUG o.s.core.env.StandardEnvironment - Adding [systemProperties] PropertySource with lowest search precedence
13:23:03.826 [Test worker] DEBUG o.s.core.env.StandardEnvironment - Adding [systemEnvironment] PropertySource with lowest search precedence
13:23:03.827 [Test worker] DEBUG o.s.core.env.StandardEnvironment - Initialized StandardEnvironment with PropertySources [systemProperties,systemEnvironment]
13:23:03.829 [Test worker] DEBUG o.s.c.i.s.PathMatchingResourcePatternResolver - Looking for matching resources in directory tree [/opt/neutrino/nfvo/core/core-implementation/build/classes/main/org/project/neutrino/nfvo/core/repositories]
13:23:03.829 [Test worker] DEBUG o.s.c.i.s.PathMatchingResourcePatternResolver - Searching directory [/opt/neutrino/nfvo/core/core-implementation/build/classes/main/org/project/neutrino/nfvo/core/repositories] for files matching pattern [/opt/neutrino/nfvo/core/core-implementation/build/classes/main/org/project/neutrino/nfvo/core/repositories/**/*.class]
13:23:03.830 [Test worker] DEBUG o.s.c.i.s.PathMatchingResourcePatternResolver - Resolved location pattern [classpath*:org/project/neutrino/nfvo/core/repositories/**/*.class] to resources [file [/opt/neutrino/nfvo/core/core-implementation/build/classes/main/org/project/neutrino/nfvo/core/repositories/NSDRepositoryImpl.class]]
13:23:03.834 [Test worker] DEBUG o.s.c.a.ConfigurationClassBeanDefinitionReader - Registered bean definition for imported @Configuration class org.springframework.boot.autoconfigure.PropertyPlaceholderAutoConfiguration
13:23:03.840 [Test worker] DEBUG o.s.b.f.s.DefaultListableBeanFactory - Creating shared instance of singleton bean 'org.springframework.boot.autoconfigure.condition.BeanTypeRegistry'
13:23:03.840 [Test worker] DEBUG o.s.b.f.s.DefaultListableBeanFactory - Creating instance of bean 'org.springframework.boot.autoconfigure.condition.BeanTypeRegistry'
13:23:03.852 [Test worker] DEBUG o.s.b.f.s.DefaultListableBeanFactory - Eagerly caching bean 'org.springframework.boot.autoconfigure.condition.BeanTypeRegistry' to allow for resolving potential circular references
13:23:03.852 [Test worker] DEBUG o.s.b.f.s.DefaultListableBeanFactory - Finished creating instance of bean 'org.springframework.boot.autoconfigure.condition.BeanTypeRegistry'
13:23:03.863 [Test worker] DEBUG o.s.b.f.s.DefaultListableBeanFactory - Returning cached instance of singleton bean 'autoConfigurationReport'
13:23:03.864 [Test worker] DEBUG o.s.c.a.ConfigurationClassBeanDefinitionReader - Registering bean definition for @Bean method org.springframework.boot.autoconfigure.PropertyPlaceholderAutoConfiguration.propertySourcesPlaceholderConfigurer()
13:23:03.864 [Test worker] DEBUG o.s.b.f.s.DefaultListableBeanFactory - Returning cached instance of singleton bean 'autoConfigurationReport'
13:23:03.866 [Test worker] DEBUG o.s.b.f.s.DefaultListableBeanFactory - Returning cached instance of singleton bean 'autoConfigurationReport'
13:23:03.869 [Test worker] DEBUG o.s.b.f.s.DefaultListableBeanFactory - Returning cached instance of singleton bean 'autoConfigurationReport'
13:23:03.869 [Test worker] DEBUG o.s.c.a.ConfigurationClassBeanDefinitionReader - Registered bean definition for imported @Configuration class org.springframework.boot.autoconfigure.aop.AopAutoConfiguration$JdkDynamicAutoProxyConfiguration
13:23:03.872 [Test worker] DEBUG o.s.c.a.ConfigurationClassBeanDefinitionReader - Registered bean definition for imported @Configuration class org.springframework.boot.autoconfigure.aop.AopAutoConfiguration
13:23:03.873 [Test worker] DEBUG o.s.b.f.s.DefaultListableBeanFactory - Returning cached instance of singleton bean 'autoConfigurationReport'
13:23:03.874 [Test worker] DEBUG o.s.b.f.s.DefaultListableBeanFactory - Returning cached instance of singleton bean 'autoConfigurationReport'
13:23:03.876 [Test worker] DEBUG o.s.c.a.ConfigurationClassBeanDefinitionReader - Registered bean definition for imported @Configuration class org.springframework.boot.autoconfigure.jta.JtaAutoConfiguration
13:23:03.881 [Test worker] DEBUG o.s.b.f.s.DefaultListableBeanFactory - Returning cached instance of singleton bean 'autoConfigurationReport'
13:23:03.882 [Test worker] DEBUG o.s.b.f.s.DefaultListableBeanFactory - Returning cached instance of singleton bean 'org.springframework.boot.autoconfigure.condition.BeanTypeRegistry'
13:23:03.884 [Test worker] DEBUG o.s.b.f.s.DefaultListableBeanFactory - Returning cached instance of singleton bean 'autoConfigurationReport'
13:23:03.884 [Test worker] DEBUG o.s.b.f.s.DefaultListableBeanFactory - Returning cached instance of singleton bean 'autoConfigurationReport'
13:23:03.890 [Test worker] DEBUG o.s.b.f.s.DefaultListableBeanFactory - Returning cached instance of singleton bean 'autoConfigurationReport'
13:23:03.891 [Test worker] DEBUG o.s.c.a.ConfigurationClassBeanDefinitionReader - Registered bean definition for imported @Configuration class org.springframework.boot.autoconfigure.jdbc.DataSourceAutoConfiguration$JdbcTemplateConfiguration
13:23:03.892 [Test worker] DEBUG o.s.b.f.s.DefaultListableBeanFactory - Returning cached instance of singleton bean 'org.springframework.boot.autoconfigure.condition.BeanTypeRegistry'
13:23:03.892 [Test worker] DEBUG o.s.b.f.s.DefaultListableBeanFactory - Returning cached instance of singleton bean 'autoConfigurationReport'
13:23:03.893 [Test worker] DEBUG o.s.c.a.ConfigurationClassBeanDefinitionReader - Registering bean definition for @Bean method org.springframework.boot.autoconfigure.jdbc.DataSourceAutoConfiguration$JdbcTemplateConfiguration.jdbcTemplate()
13:23:03.894 [Test worker] DEBUG o.s.b.f.s.DefaultListableBeanFactory - Returning cached instance of singleton bean 'org.springframework.boot.autoconfigure.condition.BeanTypeRegistry'
13:23:03.896 [Test worker] DEBUG o.s.b.f.s.DefaultListableBeanFactory - Returning cached instance of singleton bean 'autoConfigurationReport'
13:23:03.896 [Test worker] DEBUG o.s.c.a.ConfigurationClassBeanDefinitionReader - Registering bean definition for @Bean method org.springframework.boot.autoconfigure.jdbc.DataSourceAutoConfiguration$JdbcTemplateConfiguration.namedParameterJdbcTemplate()
13:23:03.897 [Test worker] DEBUG o.s.b.f.s.DefaultListableBeanFactory - Returning cached instance of singleton bean 'autoConfigurationReport'
13:23:03.897 [Test worker] DEBUG o.s.b.f.s.DefaultListableBeanFactory - Returning cached instance of singleton bean 'org.springframework.boot.autoconfigure.condition.BeanTypeRegistry'
13:23:03.898 [Test worker] DEBUG o.s.b.f.s.DefaultListableBeanFactory - Returning cached instance of singleton bean 'org.springframework.boot.autoconfigure.condition.BeanTypeRegistry'
13:23:03.898 [Test worker] DEBUG o.s.b.f.s.DefaultListableBeanFactory - Returning cached instance of singleton bean 'autoConfigurationReport'
13:23:03.899 [Test worker] DEBUG o.s.b.f.s.DefaultListableBeanFactory - Returning cached instance of singleton bean 'org.springframework.boot.autoconfigure.condition.BeanTypeRegistry'
13:23:03.899 [Test worker] DEBUG o.s.b.f.s.DefaultListableBeanFactory - Returning cached instance of singleton bean 'autoConfigurationReport'
13:23:03.900 [Test worker] DEBUG o.s.c.a.ConfigurationClassBeanDefinitionReader - Registered bean definition for imported @Configuration class org.springframework.boot.autoconfigure.jdbc.DataSourceAutoConfiguration$DataSourceInitializerConfiguration
13:23:03.900 [Test worker] DEBUG o.s.c.a.ConfigurationClassBeanDefinitionReader - Registering bean definition for @Bean method org.springframework.boot.autoconfigure.jdbc.DataSourceAutoConfiguration$DataSourceInitializerConfiguration.dataSourceInitializer()
13:23:03.901 [Test worker] DEBUG o.s.b.f.s.DefaultListableBeanFactory - Returning cached instance of singleton bean 'autoConfigurationReport'
13:23:03.901 [Test worker] DEBUG o.s.c.a.ConfigurationClassBeanDefinitionReader - Registered bean definition for imported @Configuration class org.springframework.boot.autoconfigure.jdbc.metadata.DataSourcePoolMetadataProvidersConfiguration$CommonsDbcpPoolDataSourceMetadataProviderConfiguration
13:23:03.901 [Test worker] DEBUG o.s.c.a.ConfigurationClassBeanDefinitionReader - Registering bean definition for @Bean method org.springframework.boot.autoconfigure.jdbc.metadata.DataSourcePoolMetadataProvidersConfiguration$CommonsDbcpPoolDataSourceMetadataProviderConfiguration.commonsDbcpPoolDataSourceMetadataProvider()
13:23:03.903 [Test worker] DEBUG o.s.b.f.s.DefaultListableBeanFactory - Returning cached instance of singleton bean 'autoConfigurationReport'
13:23:03.904 [Test worker] DEBUG o.s.c.a.ConfigurationClassBeanDefinitionReader - Registered bean definition for imported @Configuration class org.springframework.boot.autoconfigure.jdbc.metadata.DataSourcePoolMetadataProvidersConfiguration$TomcatDataSourcePoolMetadataProviderConfiguration
13:23:03.905 [Test worker] DEBUG o.s.c.a.ConfigurationClassBeanDefinitionReader - Registering bean definition for @Bean method org.springframework.boot.autoconfigure.jdbc.metadata.DataSourcePoolMetadataProvidersConfiguration$TomcatDataSourcePoolMetadataProviderConfiguration.tomcatPoolDataSourceMetadataProvider()
13:23:03.905 [Test worker] DEBUG o.s.c.a.ConfigurationClassBeanDefinitionReader - Registered bean definition for imported @Configuration class org.springframework.boot.autoconfigure.jdbc.metadata.DataSourcePoolMetadataProvidersConfiguration
13:23:03.906 [Test worker] DEBUG o.s.c.a.ConfigurationClassBeanDefinitionReader - Registered bean definition for imported @Configuration class org.springframework.boot.autoconfigure.jdbc.DataSourceAutoConfiguration
13:23:03.908 [Test worker] DEBUG o.s.b.f.s.DefaultListableBeanFactory - Returning cached instance of singleton bean 'autoConfigurationReport'
13:23:03.908 [Test worker] DEBUG o.s.b.f.s.DefaultListableBeanFactory - Returning cached instance of singleton bean 'autoConfigurationReport'
13:23:03.909 [Test worker] DEBUG o.s.c.a.ConfigurationClassBeanDefinitionReader - Registered bean definition for imported @Configuration class org.springframework.boot.autoconfigure.orm.jpa.HibernateJpaAutoConfiguration
13:23:03.909 [Test worker] DEBUG o.s.b.f.s.DefaultListableBeanFactory - Returning cached instance of singleton bean 'org.springframework.boot.autoconfigure.condition.BeanTypeRegistry'
13:23:03.914 [Test worker] DEBUG o.s.b.f.s.DefaultListableBeanFactory - Returning cached instance of singleton bean 'autoConfigurationReport'
13:23:03.914 [Test worker] DEBUG o.s.c.a.ConfigurationClassBeanDefinitionReader - Registering bean definition for @Bean method org.springframework.boot.autoconfigure.orm.jpa.HibernateJpaAutoConfiguration.transactionManager()
13:23:03.916 [Test worker] DEBUG o.s.b.f.s.DefaultListableBeanFactory - Returning cached instance of singleton bean 'org.springframework.boot.autoconfigure.condition.BeanTypeRegistry'
13:23:03.918 [Test worker] DEBUG o.s.b.f.s.DefaultListableBeanFactory - Returning cached instance of singleton bean 'autoConfigurationReport'
13:23:03.918 [Test worker] DEBUG o.s.c.a.ConfigurationClassBeanDefinitionReader - Registering bean definition for @Bean method org.springframework.boot.autoconfigure.orm.jpa.HibernateJpaAutoConfiguration.jpaVendorAdapter()
13:23:03.918 [Test worker] DEBUG o.s.b.f.s.DefaultListableBeanFactory - Returning cached instance of singleton bean 'org.springframework.boot.autoconfigure.condition.BeanTypeRegistry'
13:23:03.920 [Test worker] DEBUG o.s.b.f.s.DefaultListableBeanFactory - Returning cached instance of singleton bean 'autoConfigurationReport'
13:23:03.920 [Test worker] DEBUG o.s.c.a.ConfigurationClassBeanDefinitionReader - Registering bean definition for @Bean method org.springframework.boot.autoconfigure.orm.jpa.HibernateJpaAutoConfiguration.entityManagerFactoryBuilder()
13:23:03.920 [Test worker] DEBUG o.s.b.f.s.DefaultListableBeanFactory - Returning cached instance of singleton bean 'org.springframework.boot.autoconfigure.condition.BeanTypeRegistry'
13:23:03.921 [Test worker] DEBUG o.s.b.f.s.DefaultListableBeanFactory - Returning cached instance of singleton bean 'autoConfigurationReport'
13:23:03.922 [Test worker] DEBUG o.s.c.a.ConfigurationClassBeanDefinitionReader - Registering bean definition for @Bean method org.springframework.boot.autoconfigure.orm.jpa.HibernateJpaAutoConfiguration.entityManagerFactory()
13:23:03.923 [Test worker] DEBUG o.s.b.f.s.DefaultListableBeanFactory - Returning cached instance of singleton bean 'autoConfigurationReport'
13:23:03.923 [Test worker] DEBUG o.s.c.a.ConfigurationClassBeanDefinitionReader - Registered bean definition for imported @Configuration class org.springframework.boot.autoconfigure.dao.PersistenceExceptionTranslationAutoConfiguration
13:23:03.924 [Test worker] DEBUG o.s.b.f.s.DefaultListableBeanFactory - Returning cached instance of singleton bean 'org.springframework.boot.autoconfigure.condition.BeanTypeRegistry'
13:23:03.925 [Test worker] DEBUG o.s.b.f.s.DefaultListableBeanFactory - Returning cached instance of singleton bean 'autoConfigurationReport'
13:23:03.927 [Test worker] DEBUG o.s.b.f.s.DefaultListableBeanFactory - Returning cached instance of singleton bean 'autoConfigurationReport'
13:23:03.927 [Test worker] DEBUG o.s.c.a.ConfigurationClassBeanDefinitionReader - Registering bean definition for @Bean method org.springframework.boot.autoconfigure.dao.PersistenceExceptionTranslationAutoConfiguration.persistenceExceptionTranslationPostProcessor()
13:23:03.928 [Test worker] DEBUG o.s.b.f.s.DefaultListableBeanFactory - Returning cached instance of singleton bean 'autoConfigurationReport'
13:23:03.928 [Test worker] DEBUG o.s.b.f.s.DefaultListableBeanFactory - Returning cached instance of singleton bean 'org.springframework.boot.autoconfigure.condition.BeanTypeRegistry'
13:23:03.929 [Test worker] DEBUG o.s.b.f.s.DefaultListableBeanFactory - Returning cached instance of singleton bean 'org.springframework.boot.autoconfigure.condition.BeanTypeRegistry'
13:23:03.929 [Test worker] DEBUG o.s.b.f.s.DefaultListableBeanFactory - Returning cached instance of singleton bean 'org.springframework.boot.autoconfigure.condition.BeanTypeRegistry'
13:23:03.929 [Test worker] DEBUG o.s.b.f.s.DefaultListableBeanFactory - Returning cached instance of singleton bean 'autoConfigurationReport'
13:23:03.930 [Test worker] DEBUG o.s.b.f.s.DefaultListableBeanFactory - Returning cached instance of singleton bean 'autoConfigurationReport'
13:23:03.931 [Test worker] DEBUG o.s.b.f.s.DefaultListableBeanFactory - Returning cached instance of singleton bean 'autoConfigurationReport'
13:23:03.932 [Test worker] DEBUG o.s.c.a.ConfigurationClassBeanDefinitionReader - Registered bean definition for imported @Configuration class org.springframework.boot.autoconfigure.jmx.JmxAutoConfiguration
13:23:03.932 [Test worker] DEBUG o.s.b.f.s.DefaultListableBeanFactory - Returning cached instance of singleton bean 'org.springframework.boot.autoconfigure.condition.BeanTypeRegistry'
13:23:03.933 [Test worker] DEBUG o.s.b.f.s.DefaultListableBeanFactory - Returning cached instance of singleton bean 'autoConfigurationReport'
13:23:03.933 [Test worker] DEBUG o.s.c.a.ConfigurationClassBeanDefinitionReader - Registering bean definition for @Bean method org.springframework.boot.autoconfigure.jmx.JmxAutoConfiguration.mbeanExporter()
13:23:03.934 [Test worker] DEBUG o.s.b.f.s.DefaultListableBeanFactory - Returning cached instance of singleton bean 'org.springframework.boot.autoconfigure.condition.BeanTypeRegistry'
13:23:03.936 [Test worker] DEBUG o.s.b.f.s.DefaultListableBeanFactory - Returning cached instance of singleton bean 'autoConfigurationReport'
13:23:03.937 [Test worker] DEBUG o.s.c.a.ConfigurationClassBeanDefinitionReader - Registering bean definition for @Bean method org.springframework.boot.autoconfigure.jmx.JmxAutoConfiguration.objectNamingStrategy()
13:23:03.937 [Test worker] DEBUG o.s.b.f.s.DefaultListableBeanFactory - Returning cached instance of singleton bean 'org.springframework.boot.autoconfigure.condition.BeanTypeRegistry'
13:23:03.938 [Test worker] DEBUG o.s.b.f.s.DefaultListableBeanFactory - Returning cached instance of singleton bean 'autoConfigurationReport'
13:23:03.938 [Test worker] DEBUG o.s.c.a.ConfigurationClassBeanDefinitionReader - Registering bean definition for @Bean method org.springframework.boot.autoconfigure.jmx.JmxAutoConfiguration.mbeanServer()
13:23:03.939 [Test worker] DEBUG o.s.b.f.s.DefaultListableBeanFactory - Returning cached instance of singleton bean 'autoConfigurationReport'
13:23:03.939 [Test worker] DEBUG o.s.b.f.s.DefaultListableBeanFactory - Returning cached instance of singleton bean 'org.springframework.boot.autoconfigure.condition.BeanTypeRegistry'
13:23:03.940 [Test worker] DEBUG o.s.b.f.s.DefaultListableBeanFactory - Returning cached instance of singleton bean 'autoConfigurationReport'
13:23:03.940 [Test worker] DEBUG o.s.c.a.ConfigurationClassBeanDefinitionReader - Registered bean definition for imported @Configuration class org.springframework.transaction.annotation.ProxyTransactionManagementConfiguration
13:23:03.940 [Test worker] DEBUG o.s.c.a.ConfigurationClassBeanDefinitionReader - Registering bean definition for @Bean method org.springframework.transaction.annotation.ProxyTransactionManagementConfiguration.org.springframework.transaction.config.internalTransactionAdvisor()
13:23:03.941 [Test worker] DEBUG o.s.c.a.ConfigurationClassBeanDefinitionReader - Registering bean definition for @Bean method org.springframework.transaction.annotation.ProxyTransactionManagementConfiguration.transactionAttributeSource()
13:23:03.941 [Test worker] DEBUG o.s.c.a.ConfigurationClassBeanDefinitionReader - Registering bean definition for @Bean method org.springframework.transaction.annotation.ProxyTransactionManagementConfiguration.transactionInterceptor()
13:23:03.941 [Test worker] DEBUG o.s.c.a.ConfigurationClassBeanDefinitionReader - Registered bean definition for imported @Configuration class org.springframework.boot.autoconfigure.jdbc.DataSourceTransactionManagerAutoConfiguration$TransactionManagementConfiguration
13:23:03.942 [Test worker] DEBUG o.s.c.a.ConfigurationClassBeanDefinitionReader - Registered bean definition for imported @Configuration class org.springframework.boot.autoconfigure.jdbc.DataSourceTransactionManagerAutoConfiguration
13:23:03.942 [Test worker] DEBUG o.s.b.f.s.DefaultListableBeanFactory - Returning cached instance of singleton bean 'org.springframework.boot.autoconfigure.condition.BeanTypeRegistry'
13:23:03.948 [Test worker] DEBUG o.s.b.f.s.DefaultListableBeanFactory - Returning cached instance of singleton bean 'autoConfigurationReport'
13:23:03.949 [Test worker] DEBUG o.s.b.f.s.DefaultListableBeanFactory - Returning cached instance of singleton bean 'autoConfigurationReport'
13:23:03.949 [Test worker] DEBUG o.s.b.f.s.DefaultListableBeanFactory - Returning cached instance of singleton bean 'org.springframework.boot.autoconfigure.condition.BeanTypeRegistry'
13:23:03.949 [Test worker] DEBUG o.s.b.f.s.DefaultListableBeanFactory - Returning cached instance of singleton bean 'autoConfigurationReport'
13:23:03.949 [Test worker] DEBUG o.s.b.f.s.DefaultListableBeanFactory - Returning cached instance of singleton bean 'autoConfigurationReport'
13:23:03.950 [Test worker] DEBUG o.s.b.f.s.DefaultListableBeanFactory - Returning cached instance of singleton bean 'org.springframework.boot.autoconfigure.condition.BeanTypeRegistry'
13:23:03.950 [Test worker] DEBUG o.s.b.f.s.DefaultListableBeanFactory - Returning cached instance of singleton bean 'autoConfigurationReport'
13:23:03.951 [Test worker] DEBUG o.s.b.f.s.DefaultListableBeanFactory - Returning cached instance of singleton bean 'org.springframework.boot.autoconfigure.condition.BeanTypeRegistry'
13:23:03.952 [Test worker] DEBUG o.s.b.f.s.DefaultListableBeanFactory - Returning cached instance of singleton bean 'autoConfigurationReport'
13:23:03.952 [Test worker] DEBUG o.s.c.a.ConfigurationClassBeanDefinitionReader - Registered bean definition for imported @Configuration class org.springframework.boot.autoconfigure.jms.activemq.ActiveMQConnectionFactoryConfiguration
13:23:03.952 [Test worker] DEBUG o.s.c.a.ConfigurationClassBeanDefinitionReader - Registering bean definition for @Bean method org.springframework.boot.autoconfigure.jms.activemq.ActiveMQConnectionFactoryConfiguration.jmsConnectionFactory()
13:23:03.954 [Test worker] DEBUG o.s.c.a.ConfigurationClassBeanDefinitionReader - Registered bean definition for imported @Configuration class org.springframework.boot.autoconfigure.jms.activemq.ActiveMQAutoConfiguration
13:23:03.955 [Test worker] DEBUG o.s.b.f.s.DefaultListableBeanFactory - Returning cached instance of singleton bean 'autoConfigurationReport'
13:23:03.955 [Test worker] DEBUG o.s.b.f.s.DefaultListableBeanFactory - Returning cached instance of singleton bean 'org.springframework.boot.autoconfigure.condition.BeanTypeRegistry'
13:23:03.957 [Test worker] DEBUG o.s.b.f.s.DefaultListableBeanFactory - Returning cached instance of singleton bean 'autoConfigurationReport'
13:23:03.958 [Test worker] DEBUG o.s.b.f.s.DefaultListableBeanFactory - Returning cached instance of singleton bean 'autoConfigurationReport'
13:23:03.958 [Test worker] DEBUG o.s.b.f.s.DefaultListableBeanFactory - Returning cached instance of singleton bean 'org.springframework.boot.autoconfigure.condition.BeanTypeRegistry'
13:23:03.958 [Test worker] DEBUG o.s.b.f.s.DefaultListableBeanFactory - Returning cached instance of singleton bean 'autoConfigurationReport'
13:23:03.959 [Test worker] DEBUG o.s.c.a.ConfigurationClassBeanDefinitionReader - Registered bean definition for imported @Configuration class org.springframework.boot.autoconfigure.jms.JmsAutoConfiguration$MessagingTemplateConfiguration
13:23:03.959 [Test worker] DEBUG o.s.c.a.ConfigurationClassBeanDefinitionReader - Registering bean definition for @Bean method org.springframework.boot.autoconfigure.jms.JmsAutoConfiguration$MessagingTemplateConfiguration.jmsMessagingTemplate()
13:23:03.960 [Test worker] DEBUG o.s.b.f.s.DefaultListableBeanFactory - Returning cached instance of singleton bean 'autoConfigurationReport'
13:23:03.960 [Test worker] DEBUG o.s.b.f.s.DefaultListableBeanFactory - Returning cached instance of singleton bean 'autoConfigurationReport'
13:23:03.961 [Test worker] DEBUG o.s.c.a.ConfigurationClassBeanDefinitionReader - Registered bean definition for imported @Configuration class org.springframework.boot.autoconfigure.jms.JmsAnnotationDrivenConfiguration
13:23:03.961 [Test worker] DEBUG o.s.b.f.s.DefaultListableBeanFactory - Returning cached instance of singleton bean 'autoConfigurationReport'
13:23:03.961 [Test worker] DEBUG o.s.c.a.ConfigurationClassBeanDefinitionReader - Registering bean definition for @Bean method org.springframework.boot.autoconfigure.jms.JmsAnnotationDrivenConfiguration.jmsListenerContainerFactory()
13:23:03.962 [Test worker] DEBUG o.s.c.a.ConfigurationClassBeanDefinitionReader - Registered bean definition for imported @Configuration class org.springframework.boot.autoconfigure.jms.JmsAutoConfiguration
13:23:03.963 [Test worker] DEBUG o.s.b.f.s.DefaultListableBeanFactory - Returning cached instance of singleton bean 'org.springframework.boot.autoconfigure.condition.BeanTypeRegistry'
13:23:03.966 [Test worker] DEBUG o.s.b.f.s.DefaultListableBeanFactory - Returning cached instance of singleton bean 'autoConfigurationReport'
13:23:03.966 [Test worker] DEBUG o.s.c.a.ConfigurationClassBeanDefinitionReader - Registering bean definition for @Bean method org.springframework.boot.autoconfigure.jms.JmsAutoConfiguration.jmsTemplate()
13:23:04.066 [Test worker] DEBUG o.s.c.a.ConfigurationClassEnhancer - Successfully enhanced org.project.neutrino.nfvo.core.test.ApplicationTest; enhanced class name is: org.project.neutrino.nfvo.core.test.ApplicationTest$$EnhancerBySpringCGLIB$$4b6ef30f
13:23:04.066 [Test worker] DEBUG o.s.c.a.ConfigurationClassPostProcessor - Replacing bean definition 'applicationTest' existing class name 'org.project.neutrino.nfvo.core.test.ApplicationTest' with enhanced class name 'org.project.neutrino.nfvo.core.test.ApplicationTest$$EnhancerBySpringCGLIB$$4b6ef30f'
13:23:04.071 [Test worker] DEBUG o.s.c.a.ConfigurationClassEnhancer - Successfully enhanced org.springframework.jms.annotation.JmsBootstrapConfiguration; enhanced class name is: org.springframework.jms.annotation.JmsBootstrapConfiguration$$EnhancerBySpringCGLIB$$81671d74
13:23:04.071 [Test worker] DEBUG o.s.c.a.ConfigurationClassPostProcessor - Replacing bean definition 'org.springframework.jms.annotation.JmsBootstrapConfiguration' existing class name 'org.springframework.jms.annotation.JmsBootstrapConfiguration' with enhanced class name 'org.springframework.jms.annotation.JmsBootstrapConfiguration$$EnhancerBySpringCGLIB$$81671d74'
13:23:04.073 [Test worker] DEBUG o.s.c.a.ConfigurationClassEnhancer - Successfully enhanced org.springframework.boot.autoconfigure.PropertyPlaceholderAutoConfiguration; enhanced class name is: org.springframework.boot.autoconfigure.PropertyPlaceholderAutoConfiguration$$EnhancerBySpringCGLIB$$23e4f10b
13:23:04.073 [Test worker] DEBUG o.s.c.a.ConfigurationClassPostProcessor - Replacing bean definition 'org.springframework.boot.autoconfigure.PropertyPlaceholderAutoConfiguration' existing class name 'org.springframework.boot.autoconfigure.PropertyPlaceholderAutoConfiguration' with enhanced class name 'org.springframework.boot.autoconfigure.PropertyPlaceholderAutoConfiguration$$EnhancerBySpringCGLIB$$23e4f10b'
13:23:04.074 [Test worker] DEBUG o.s.c.a.ConfigurationClassEnhancer - Successfully enhanced org.springframework.boot.autoconfigure.PropertyPlaceholderAutoConfiguration; enhanced class name is: org.springframework.boot.autoconfigure.PropertyPlaceholderAutoConfiguration$$EnhancerBySpringCGLIB$$23e4f10b
13:23:04.074 [Test worker] DEBUG o.s.c.a.ConfigurationClassPostProcessor - Replacing bean definition 'propertySourcesPlaceholderConfigurer' existing class name 'org.springframework.boot.autoconfigure.PropertyPlaceholderAutoConfiguration' with enhanced class name 'org.springframework.boot.autoconfigure.PropertyPlaceholderAutoConfiguration$$EnhancerBySpringCGLIB$$23e4f10b'
13:23:04.077 [Test worker] DEBUG o.s.c.a.ConfigurationClassEnhancer - Successfully enhanced org.springframework.boot.autoconfigure.aop.AopAutoConfiguration$JdkDynamicAutoProxyConfiguration; enhanced class name is: org.springframework.boot.autoconfigure.aop.AopAutoConfiguration$JdkDynamicAutoProxyConfiguration$$EnhancerBySpringCGLIB$$959cfd22
13:23:04.077 [Test worker] DEBUG o.s.c.a.ConfigurationClassPostProcessor - Replacing bean definition 'org.springframework.boot.autoconfigure.aop.AopAutoConfiguration$JdkDynamicAutoProxyConfiguration' existing class name 'org.springframework.boot.autoconfigure.aop.AopAutoConfiguration$JdkDynamicAutoProxyConfiguration' with enhanced class name 'org.springframework.boot.autoconfigure.aop.AopAutoConfiguration$JdkDynamicAutoProxyConfiguration$$EnhancerBySpringCGLIB$$959cfd22'
13:23:04.079 [Test worker] DEBUG o.s.c.a.ConfigurationClassEnhancer - Successfully enhanced org.springframework.boot.autoconfigure.aop.AopAutoConfiguration; enhanced class name is: org.springframework.boot.autoconfigure.aop.AopAutoConfiguration$$EnhancerBySpringCGLIB$$62819e53
13:23:04.080 [Test worker] DEBUG o.s.c.a.ConfigurationClassPostProcessor - Replacing bean definition 'org.springframework.boot.autoconfigure.aop.AopAutoConfiguration' existing class name 'org.springframework.boot.autoconfigure.aop.AopAutoConfiguration' with enhanced class name 'org.springframework.boot.autoconfigure.aop.AopAutoConfiguration$$EnhancerBySpringCGLIB$$62819e53'
13:23:04.085 [Test worker] DEBUG o.s.c.a.ConfigurationClassEnhancer - Successfully enhanced org.springframework.boot.autoconfigure.jdbc.DataSourceAutoConfiguration$JdbcTemplateConfiguration; enhanced class name is: org.springframework.boot.autoconfigure.jdbc.DataSourceAutoConfiguration$JdbcTemplateConfiguration$$EnhancerBySpringCGLIB$$e1f7690e
13:23:04.085 [Test worker] DEBUG o.s.c.a.ConfigurationClassPostProcessor - Replacing bean definition 'org.springframework.boot.autoconfigure.jdbc.DataSourceAutoConfiguration$JdbcTemplateConfiguration' existing class name 'org.springframework.boot.autoconfigure.jdbc.DataSourceAutoConfiguration$JdbcTemplateConfiguration' with enhanced class name 'org.springframework.boot.autoconfigure.jdbc.DataSourceAutoConfiguration$JdbcTemplateConfiguration$$EnhancerBySpringCGLIB$$e1f7690e'
13:23:04.089 [Test worker] DEBUG o.s.c.a.ConfigurationClassEnhancer - Successfully enhanced org.springframework.boot.autoconfigure.jdbc.DataSourceAutoConfiguration$DataSourceInitializerConfiguration; enhanced class name is: org.springframework.boot.autoconfigure.jdbc.DataSourceAutoConfiguration$DataSourceInitializerConfiguration$$EnhancerBySpringCGLIB$$2dafe118
13:23:04.089 [Test worker] DEBUG o.s.c.a.ConfigurationClassPostProcessor - Replacing bean definition 'org.springframework.boot.autoconfigure.jdbc.DataSourceAutoConfiguration$DataSourceInitializerConfiguration' existing class name 'org.springframework.boot.autoconfigure.jdbc.DataSourceAutoConfiguration$DataSourceInitializerConfiguration' with enhanced class name 'org.springframework.boot.autoconfigure.jdbc.DataSourceAutoConfiguration$DataSourceInitializerConfiguration$$EnhancerBySpringCGLIB$$2dafe118'
13:23:04.092 [Test worker] DEBUG o.s.c.a.ConfigurationClassEnhancer - Successfully enhanced org.springframework.boot.autoconfigure.jdbc.metadata.DataSourcePoolMetadataProvidersConfiguration$CommonsDbcpPoolDataSourceMetadataProviderConfiguration; enhanced class name is: org.springframework.boot.autoconfigure.jdbc.metadata.DataSourcePoolMetadataProvidersConfiguration$CommonsDbcpPoolDataSourceMetadataProviderConfiguration$$EnhancerBySpringCGLIB$$f8e1ae00
13:23:04.093 [Test worker] DEBUG o.s.c.a.ConfigurationClassPostProcessor - Replacing bean definition 'org.springframework.boot.autoconfigure.jdbc.metadata.DataSourcePoolMetadataProvidersConfiguration$CommonsDbcpPoolDataSourceMetadataProviderConfiguration' existing class name 'org.springframework.boot.autoconfigure.jdbc.metadata.DataSourcePoolMetadataProvidersConfiguration$CommonsDbcpPoolDataSourceMetadataProviderConfiguration' with enhanced class name 'org.springframework.boot.autoconfigure.jdbc.metadata.DataSourcePoolMetadataProvidersConfiguration$CommonsDbcpPoolDataSourceMetadataProviderConfiguration$$EnhancerBySpringCGLIB$$f8e1ae00'
13:23:04.097 [Test worker] DEBUG o.s.c.a.ConfigurationClassEnhancer - Successfully enhanced org.springframework.boot.autoconfigure.jdbc.metadata.DataSourcePoolMetadataProvidersConfiguration$TomcatDataSourcePoolMetadataProviderConfiguration; enhanced class name is: org.springframework.boot.autoconfigure.jdbc.metadata.DataSourcePoolMetadataProvidersConfiguration$TomcatDataSourcePoolMetadataProviderConfiguration$$EnhancerBySpringCGLIB$$a1c7903f
13:23:04.097 [Test worker] DEBUG o.s.c.a.ConfigurationClassPostProcessor - Replacing bean definition 'org.springframework.boot.autoconfigure.jdbc.metadata.DataSourcePoolMetadataProvidersConfiguration$TomcatDataSourcePoolMetadataProviderConfiguration' existing class name 'org.springframework.boot.autoconfigure.jdbc.metadata.DataSourcePoolMetadataProvidersConfiguration$TomcatDataSourcePoolMetadataProviderConfiguration' with enhanced class name 'org.springframework.boot.autoconfigure.jdbc.metadata.DataSourcePoolMetadataProvidersConfiguration$TomcatDataSourcePoolMetadataProviderConfiguration$$EnhancerBySpringCGLIB$$a1c7903f'
13:23:04.100 [Test worker] DEBUG o.s.c.a.ConfigurationClassEnhancer - Successfully enhanced org.springframework.boot.autoconfigure.jdbc.metadata.DataSourcePoolMetadataProvidersConfiguration; enhanced class name is: org.springframework.boot.autoconfigure.jdbc.metadata.DataSourcePoolMetadataProvidersConfiguration$$EnhancerBySpringCGLIB$$2bf8c3f2
13:23:04.100 [Test worker] DEBUG o.s.c.a.ConfigurationClassPostProcessor - Replacing bean definition 'org.springframework.boot.autoconfigure.jdbc.metadata.DataSourcePoolMetadataProvidersConfiguration' existing class name 'org.springframework.boot.autoconfigure.jdbc.metadata.DataSourcePoolMetadataProvidersConfiguration' with enhanced class name 'org.springframework.boot.autoconfigure.jdbc.metadata.DataSourcePoolMetadataProvidersConfiguration$$EnhancerBySpringCGLIB$$2bf8c3f2'
13:23:04.103 [Test worker] DEBUG o.s.c.a.ConfigurationClassEnhancer - Successfully enhanced org.springframework.boot.autoconfigure.jdbc.DataSourceAutoConfiguration; enhanced class name is: org.springframework.boot.autoconfigure.jdbc.DataSourceAutoConfiguration$$EnhancerBySpringCGLIB$$62ae8731
13:23:04.103 [Test worker] DEBUG o.s.c.a.ConfigurationClassPostProcessor - Replacing bean definition 'org.springframework.boot.autoconfigure.jdbc.DataSourceAutoConfiguration' existing class name 'org.springframework.boot.autoconfigure.jdbc.DataSourceAutoConfiguration' with enhanced class name 'org.springframework.boot.autoconfigure.jdbc.DataSourceAutoConfiguration$$EnhancerBySpringCGLIB$$62ae8731'
13:23:04.108 [Test worker] DEBUG o.s.c.a.ConfigurationClassEnhancer - Successfully enhanced org.springframework.boot.autoconfigure.orm.jpa.HibernateJpaAutoConfiguration; enhanced class name is: org.springframework.boot.autoconfigure.orm.jpa.HibernateJpaAutoConfiguration$$EnhancerBySpringCGLIB$$bdf82ff1
13:23:04.108 [Test worker] DEBUG o.s.c.a.ConfigurationClassPostProcessor - Replacing bean definition 'org.springframework.boot.autoconfigure.orm.jpa.HibernateJpaAutoConfiguration' existing class name 'org.springframework.boot.autoconfigure.orm.jpa.HibernateJpaAutoConfiguration' with enhanced class name 'org.springframework.boot.autoconfigure.orm.jpa.HibernateJpaAutoConfiguration$$EnhancerBySpringCGLIB$$bdf82ff1'
13:23:04.113 [Test worker] DEBUG o.s.c.a.ConfigurationClassEnhancer - Successfully enhanced org.springframework.boot.autoconfigure.jmx.JmxAutoConfiguration; enhanced class name is: org.springframework.boot.autoconfigure.jmx.JmxAutoConfiguration$$EnhancerBySpringCGLIB$$4bc78b6d
13:23:04.113 [Test worker] DEBUG o.s.c.a.ConfigurationClassPostProcessor - Replacing bean definition 'org.springframework.boot.autoconfigure.jmx.JmxAutoConfiguration' existing class name 'org.springframework.boot.autoconfigure.jmx.JmxAutoConfiguration' with enhanced class name 'org.springframework.boot.autoconfigure.jmx.JmxAutoConfiguration$$EnhancerBySpringCGLIB$$4bc78b6d'
13:23:04.119 [Test worker] DEBUG o.s.c.a.ConfigurationClassEnhancer - Successfully enhanced org.springframework.transaction.annotation.ProxyTransactionManagementConfiguration; enhanced class name is: org.springframework.transaction.annotation.ProxyTransactionManagementConfiguration$$EnhancerBySpringCGLIB$$d2ebcfd1
13:23:04.119 [Test worker] DEBUG o.s.c.a.ConfigurationClassPostProcessor - Replacing bean definition 'org.springframework.transaction.annotation.ProxyTransactionManagementConfiguration' existing class name 'org.springframework.transaction.annotation.ProxyTransactionManagementConfiguration' with enhanced class name 'org.springframework.transaction.annotation.ProxyTransactionManagementConfiguration$$EnhancerBySpringCGLIB$$d2ebcfd1'
13:23:04.122 [Test worker] DEBUG o.s.c.a.ConfigurationClassEnhancer - Successfully enhanced org.springframework.boot.autoconfigure.jdbc.DataSourceTransactionManagerAutoConfiguration$TransactionManagementConfiguration; enhanced class name is: org.springframework.boot.autoconfigure.jdbc.DataSourceTransactionManagerAutoConfiguration$TransactionManagementConfiguration$$EnhancerBySpringCGLIB$$7448d6a3
13:23:04.122 [Test worker] DEBUG o.s.c.a.ConfigurationClassPostProcessor - Replacing bean definition 'org.springframework.boot.autoconfigure.jdbc.DataSourceTransactionManagerAutoConfiguration$TransactionManagementConfiguration' existing class name 'org.springframework.boot.autoconfigure.jdbc.DataSourceTransactionManagerAutoConfiguration$TransactionManagementConfiguration' with enhanced class name 'org.springframework.boot.autoconfigure.jdbc.DataSourceTransactionManagerAutoConfiguration$TransactionManagementConfiguration$$EnhancerBySpringCGLIB$$7448d6a3'
13:23:04.128 [Test worker] DEBUG o.s.c.a.ConfigurationClassEnhancer - Successfully enhanced org.springframework.boot.autoconfigure.jdbc.DataSourceTransactionManagerAutoConfiguration; enhanced class name is: org.springframework.boot.autoconfigure.jdbc.DataSourceTransactionManagerAutoConfiguration$$EnhancerBySpringCGLIB$$acff0a02
13:23:04.128 [Test worker] DEBUG o.s.c.a.ConfigurationClassPostProcessor - Replacing bean definition 'org.springframework.boot.autoconfigure.jdbc.DataSourceTransactionManagerAutoConfiguration' existing class name 'org.springframework.boot.autoconfigure.jdbc.DataSourceTransactionManagerAutoConfiguration' with enhanced class name 'org.springframework.boot.autoconfigure.jdbc.DataSourceTransactionManagerAutoConfiguration$$EnhancerBySpringCGLIB$$acff0a02'
13:23:04.130 [Test worker] DEBUG o.s.c.a.ConfigurationClassEnhancer - Successfully enhanced org.springframework.boot.autoconfigure.jms.activemq.ActiveMQConnectionFactoryConfiguration; enhanced class name is: org.springframework.boot.autoconfigure.jms.activemq.ActiveMQConnectionFactoryConfiguration$$EnhancerBySpringCGLIB$$21bcf964
13:23:04.131 [Test worker] DEBUG o.s.c.a.ConfigurationClassPostProcessor - Replacing bean definition 'org.springframework.boot.autoconfigure.jms.activemq.ActiveMQConnectionFactoryConfiguration' existing class name 'org.springframework.boot.autoconfigure.jms.activemq.ActiveMQConnectionFactoryConfiguration' with enhanced class name 'org.springframework.boot.autoconfigure.jms.activemq.ActiveMQConnectionFactoryConfiguration$$EnhancerBySpringCGLIB$$21bcf964'
13:23:04.134 [Test worker] DEBUG o.s.c.a.ConfigurationClassEnhancer - Successfully enhanced org.springframework.boot.autoconfigure.jms.activemq.ActiveMQAutoConfiguration; enhanced class name is: org.springframework.boot.autoconfigure.jms.activemq.ActiveMQAutoConfiguration$$EnhancerBySpringCGLIB$$37378fd9
13:23:04.136 [Test worker] DEBUG o.s.c.a.ConfigurationClassPostProcessor - Replacing bean definition 'org.springframework.boot.autoconfigure.jms.activemq.ActiveMQAutoConfiguration' existing class name 'org.springframework.boot.autoconfigure.jms.activemq.ActiveMQAutoConfiguration' with enhanced class name 'org.springframework.boot.autoconfigure.jms.activemq.ActiveMQAutoConfiguration$$EnhancerBySpringCGLIB$$37378fd9'
13:23:04.141 [Test worker] DEBUG o.s.c.a.ConfigurationClassEnhancer - Successfully enhanced org.springframework.boot.autoconfigure.jms.JmsAnnotationDrivenConfiguration; enhanced class name is: org.springframework.boot.autoconfigure.jms.JmsAnnotationDrivenConfiguration$$EnhancerBySpringCGLIB$$f5871ab3
13:23:04.141 [Test worker] DEBUG o.s.c.a.ConfigurationClassPostProcessor - Replacing bean definition 'org.springframework.boot.autoconfigure.jms.JmsAnnotationDrivenConfiguration' existing class name 'org.springframework.boot.autoconfigure.jms.JmsAnnotationDrivenConfiguration' with enhanced class name 'org.springframework.boot.autoconfigure.jms.JmsAnnotationDrivenConfiguration$$EnhancerBySpringCGLIB$$f5871ab3'
13:23:04.144 [Test worker] DEBUG o.s.c.a.ConfigurationClassEnhancer - Successfully enhanced org.springframework.boot.autoconfigure.jms.JmsAutoConfiguration; enhanced class name is: org.springframework.boot.autoconfigure.jms.JmsAutoConfiguration$$EnhancerBySpringCGLIB$$f51e79b7
13:23:04.144 [Test worker] DEBUG o.s.c.a.ConfigurationClassPostProcessor - Replacing bean definition 'org.springframework.boot.autoconfigure.jms.JmsAutoConfiguration' existing class name 'org.springframework.boot.autoconfigure.jms.JmsAutoConfiguration' with enhanced class name 'org.springframework.boot.autoconfigure.jms.JmsAutoConfiguration$$EnhancerBySpringCGLIB$$f51e79b7'
13:23:04.157 [Test worker] DEBUG o.s.b.f.s.DefaultListableBeanFactory - Creating shared instance of singleton bean 'propertySourcesPlaceholderConfigurer'
13:23:04.158 [Test worker] DEBUG o.s.b.f.s.DefaultListableBeanFactory - Creating instance of bean 'propertySourcesPlaceholderConfigurer'
13:23:04.162 [Test worker] DEBUG o.s.b.f.s.DefaultListableBeanFactory - Eagerly caching bean 'propertySourcesPlaceholderConfigurer' to allow for resolving potential circular references
13:23:04.163 [Test worker] DEBUG o.s.b.f.s.DefaultListableBeanFactory - Finished creating instance of bean 'propertySourcesPlaceholderConfigurer'
13:23:04.163 [Test worker] DEBUG o.s.core.env.MutablePropertySources - Adding [environmentProperties] PropertySource with lowest search precedence
13:23:04.164 [Test worker] DEBUG o.s.core.env.MutablePropertySources - Adding [localProperties] PropertySource with lowest search precedence
13:23:04.167 [Test worker] DEBUG o.s.b.f.s.DefaultListableBeanFactory - Creating shared instance of singleton bean 'foo'
13:23:04.168 [Test worker] DEBUG o.s.b.f.s.DefaultListableBeanFactory - Creating instance of bean 'foo'
13:23:04.168 [Test worker] DEBUG o.s.b.f.s.DefaultListableBeanFactory - Eagerly caching bean 'foo' to allow for resolving potential circular references
13:23:04.169 [Test worker] DEBUG o.s.b.f.s.DefaultListableBeanFactory - Finished creating instance of bean 'foo'
13:23:04.170 [Test worker] DEBUG o.s.b.f.s.DefaultListableBeanFactory - Creating shared instance of singleton bean 'org.springframework.boot.context.properties.ConfigurationPropertiesBindingPostProcessor.store'
13:23:04.170 [Test worker] DEBUG o.s.b.f.s.DefaultListableBeanFactory - Creating instance of bean 'org.springframework.boot.context.properties.ConfigurationPropertiesBindingPostProcessor.store'
13:23:04.170 [Test worker] DEBUG o.s.b.f.s.DefaultListableBeanFactory - Eagerly caching bean 'org.springframework.boot.context.properties.ConfigurationPropertiesBindingPostProcessor.store' to allow for resolving potential circular references
13:23:04.171 [Test worker] DEBUG o.s.b.f.s.DefaultListableBeanFactory - Finished creating instance of bean 'org.springframework.boot.context.properties.ConfigurationPropertiesBindingPostProcessor.store'
13:23:04.222 [Test worker] DEBUG o.s.b.f.s.DefaultListableBeanFactory - Creating shared instance of singleton bean 'org.springframework.context.annotation.internalAutowiredAnnotationProcessor'
13:23:04.222 [Test worker] DEBUG o.s.b.f.s.DefaultListableBeanFactory - Creating instance of bean 'org.springframework.context.annotation.internalAutowiredAnnotationProcessor'
13:23:04.223 [Test worker] DEBUG o.s.b.f.s.DefaultListableBeanFactory - Eagerly caching bean 'org.springframework.context.annotation.internalAutowiredAnnotationProcessor' to allow for resolving potential circular references
13:23:04.223 [Test worker] DEBUG o.s.b.f.s.DefaultListableBeanFactory - Finished creating instance of bean 'org.springframework.context.annotation.internalAutowiredAnnotationProcessor'
13:23:04.223 [Test worker] DEBUG o.s.b.f.s.DefaultListableBeanFactory - Creating shared instance of singleton bean 'org.springframework.context.annotation.internalRequiredAnnotationProcessor'
13:23:04.223 [Test worker] DEBUG o.s.b.f.s.DefaultListableBeanFactory - Creating instance of bean 'org.springframework.context.annotation.internalRequiredAnnotationProcessor'
13:23:04.224 [Test worker] DEBUG o.s.b.f.s.DefaultListableBeanFactory - Eagerly caching bean 'org.springframework.context.annotation.internalRequiredAnnotationProcessor' to allow for resolving potential circular references
13:23:04.224 [Test worker] DEBUG o.s.b.f.s.DefaultListableBeanFactory - Finished creating instance of bean 'org.springframework.context.annotation.internalRequiredAnnotationProcessor'
13:23:04.224 [Test worker] DEBUG o.s.b.f.s.DefaultListableBeanFactory - Creating shared instance of singleton bean 'org.springframework.context.annotation.internalCommonAnnotationProcessor'
13:23:04.224 [Test worker] DEBUG o.s.b.f.s.DefaultListableBeanFactory - Creating instance of bean 'org.springframework.context.annotation.internalCommonAnnotationProcessor'
13:23:04.227 [Test worker] DEBUG o.s.b.f.s.DefaultListableBeanFactory - Eagerly caching bean 'org.springframework.context.annotation.internalCommonAnnotationProcessor' to allow for resolving potential circular references
13:23:04.227 [Test worker] DEBUG o.s.b.f.s.DefaultListableBeanFactory - Finished creating instance of bean 'org.springframework.context.annotation.internalCommonAnnotationProcessor'
13:23:04.228 [Test worker] DEBUG o.s.b.f.s.DefaultListableBeanFactory - Creating shared instance of singleton bean 'org.springframework.context.annotation.internalPersistenceAnnotationProcessor'
13:23:04.228 [Test worker] DEBUG o.s.b.f.s.DefaultListableBeanFactory - Creating instance of bean 'org.springframework.context.annotation.internalPersistenceAnnotationProcessor'
13:23:04.228 [Test worker] DEBUG o.s.b.f.s.DefaultListableBeanFactory - Eagerly caching bean 'org.springframework.context.annotation.internalPersistenceAnnotationProcessor' to allow for resolving potential circular references
13:23:04.228 [Test worker] DEBUG o.s.b.f.s.DefaultListableBeanFactory - Finished creating instance of bean 'org.springframework.context.annotation.internalPersistenceAnnotationProcessor'
13:23:04.229 [Test worker] DEBUG o.s.b.f.s.DefaultListableBeanFactory - Creating shared instance of singleton bean 'org.springframework.context.annotation.ConfigurationClassPostProcessor.importAwareProcessor'
13:23:04.229 [Test worker] DEBUG o.s.b.f.s.DefaultListableBeanFactory - Creating instance of bean 'org.springframework.context.annotation.ConfigurationClassPostProcessor.importAwareProcessor'
13:23:04.229 [Test worker] DEBUG o.s.b.f.s.DefaultListableBeanFactory - Eagerly caching bean 'org.springframework.context.annotation.ConfigurationClassPostProcessor.importAwareProcessor' to allow for resolving potential circular references
13:23:04.229 [Test worker] DEBUG o.s.b.f.s.DefaultListableBeanFactory - Finished creating instance of bean 'org.springframework.context.annotation.ConfigurationClassPostProcessor.importAwareProcessor'
13:23:04.229 [Test worker] DEBUG o.s.b.f.s.DefaultListableBeanFactory - Creating shared instance of singleton bean 'org.springframework.context.annotation.ConfigurationClassPostProcessor.enhancedConfigurationProcessor'
13:23:04.229 [Test worker] DEBUG o.s.b.f.s.DefaultListableBeanFactory - Creating instance of bean 'org.springframework.context.annotation.ConfigurationClassPostProcessor.enhancedConfigurationProcessor'
13:23:04.229 [Test worker] DEBUG o.s.b.f.s.DefaultListableBeanFactory - Eagerly caching bean 'org.springframework.context.annotation.ConfigurationClassPostProcessor.enhancedConfigurationProcessor' to allow for resolving potential circular references
13:23:04.229 [Test worker] DEBUG o.s.b.f.s.DefaultListableBeanFactory - Finished creating instance of bean 'org.springframework.context.annotation.ConfigurationClassPostProcessor.enhancedConfigurationProcessor'
13:23:04.230 [Test worker] DEBUG o.s.b.f.s.DefaultListableBeanFactory - Creating shared instance of singleton bean 'org.springframework.data.repository.core.support.RepositoryInterfaceAwareBeanPostProcessor'
13:23:04.230 [Test worker] DEBUG o.s.b.f.s.DefaultListableBeanFactory - Creating instance of bean 'org.springframework.data.repository.core.support.RepositoryInterfaceAwareBeanPostProcessor'
13:23:04.231 [Test worker] DEBUG o.s.b.f.s.DefaultListableBeanFactory - Eagerly caching bean 'org.springframework.data.repository.core.support.RepositoryInterfaceAwareBeanPostProcessor' to allow for resolving potential circular references
13:23:04.231 [Test worker] DEBUG o.s.b.f.s.DefaultListableBeanFactory - Finished creating instance of bean 'org.springframework.data.repository.core.support.RepositoryInterfaceAwareBeanPostProcessor'
13:23:04.231 [Test worker] DEBUG o.s.b.f.s.DefaultListableBeanFactory - Creating shared instance of singleton bean 'org.springframework.boot.context.properties.ConfigurationPropertiesBindingPostProcessor'
13:23:04.231 [Test worker] DEBUG o.s.b.f.s.DefaultListableBeanFactory - Creating instance of bean 'org.springframework.boot.context.properties.ConfigurationPropertiesBindingPostProcessor'
13:23:04.232 [Test worker] DEBUG o.s.core.env.StandardEnvironment - Adding [systemProperties] PropertySource with lowest search precedence
13:23:04.232 [Test worker] DEBUG o.s.core.env.StandardEnvironment - Adding [systemEnvironment] PropertySource with lowest search precedence
13:23:04.232 [Test worker] DEBUG o.s.core.env.StandardEnvironment - Initialized StandardEnvironment with PropertySources [systemProperties,systemEnvironment]
13:23:04.232 [Test worker] DEBUG o.s.b.f.s.DefaultListableBeanFactory - Eagerly caching bean 'org.springframework.boot.context.properties.ConfigurationPropertiesBindingPostProcessor' to allow for resolving potential circular references
13:23:04.240 [Test worker] DEBUG o.s.b.f.s.DefaultListableBeanFactory - Returning cached instance of singleton bean 'org.springframework.boot.context.properties.ConfigurationPropertiesBindingPostProcessor.store'
13:23:04.252 [Test worker] DEBUG o.s.b.f.s.DefaultListableBeanFactory - Invoking afterPropertiesSet() on bean with name 'org.springframework.boot.context.properties.ConfigurationPropertiesBindingPostProcessor'
13:23:04.270 [Test worker] DEBUG o.s.b.f.s.DefaultListableBeanFactory - Returning cached instance of singleton bean 'propertySourcesPlaceholderConfigurer'
13:23:04.273 [Test worker] DEBUG o.s.b.f.s.DefaultListableBeanFactory - Finished creating instance of bean 'org.springframework.boot.context.properties.ConfigurationPropertiesBindingPostProcessor'
13:23:04.273 [Test worker] DEBUG o.s.b.f.s.DefaultListableBeanFactory - Creating shared instance of singleton bean 'org.springframework.jms.config.internalJmsListenerAnnotationProcessor'
13:23:04.273 [Test worker] DEBUG o.s.b.f.s.DefaultListableBeanFactory - Creating instance of bean 'org.springframework.jms.config.internalJmsListenerAnnotationProcessor'
13:23:04.274 [Test worker] DEBUG o.s.b.f.s.DefaultListableBeanFactory - Creating shared instance of singleton bean 'org.springframework.jms.annotation.JmsBootstrapConfiguration'
13:23:04.274 [Test worker] DEBUG o.s.b.f.s.DefaultListableBeanFactory - Creating instance of bean 'org.springframework.jms.annotation.JmsBootstrapConfiguration'
13:23:04.279 [Test worker] DEBUG o.s.b.f.s.DefaultListableBeanFactory - Eagerly caching bean 'org.springframework.jms.annotation.JmsBootstrapConfiguration' to allow for resolving potential circular references
13:23:04.283 [Test worker] INFO  o.s.c.s.PostProcessorRegistrationDelegate$BeanPostProcessorChecker - Bean 'org.springframework.jms.annotation.JmsBootstrapConfiguration' of type [class org.springframework.jms.annotation.JmsBootstrapConfiguration$$EnhancerBySpringCGLIB$$81671d74] is not eligible for getting processed by all BeanPostProcessors (for example: not eligible for auto-proxying)
13:23:04.283 [Test worker] DEBUG o.s.b.f.s.DefaultListableBeanFactory - Finished creating instance of bean 'org.springframework.jms.annotation.JmsBootstrapConfiguration'
13:23:04.306 [Test worker] DEBUG o.s.b.f.s.DefaultListableBeanFactory - Eagerly caching bean 'org.springframework.jms.config.internalJmsListenerAnnotationProcessor' to allow for resolving potential circular references
13:23:04.309 [Test worker] DEBUG o.s.b.f.s.DefaultListableBeanFactory - Finished creating instance of bean 'org.springframework.jms.config.internalJmsListenerAnnotationProcessor'
13:23:04.309 [Test worker] DEBUG o.s.b.f.s.DefaultListableBeanFactory - Creating shared instance of singleton bean 'entityScanBeanPostProcessor'
13:23:04.309 [Test worker] DEBUG o.s.b.f.s.DefaultListableBeanFactory - Creating instance of bean 'entityScanBeanPostProcessor'
13:23:04.311 [Test worker] DEBUG o.s.b.f.s.DefaultListableBeanFactory - Eagerly caching bean 'entityScanBeanPostProcessor' to allow for resolving potential circular references
13:23:04.312 [Test worker] DEBUG o.s.b.f.s.DefaultListableBeanFactory - Finished creating instance of bean 'entityScanBeanPostProcessor'
13:23:04.312 [Test worker] DEBUG o.s.b.f.s.DefaultListableBeanFactory - Creating shared instance of singleton bean 'org.springframework.aop.config.internalAutoProxyCreator'
13:23:04.312 [Test worker] DEBUG o.s.b.f.s.DefaultListableBeanFactory - Creating instance of bean 'org.springframework.aop.config.internalAutoProxyCreator'
13:23:04.337 [Test worker] DEBUG o.s.b.f.s.DefaultListableBeanFactory - Eagerly caching bean 'org.springframework.aop.config.internalAutoProxyCreator' to allow for resolving potential circular references
13:23:04.349 [Test worker] DEBUG o.s.b.f.s.DefaultListableBeanFactory - Finished creating instance of bean 'org.springframework.aop.config.internalAutoProxyCreator'
13:23:04.349 [Test worker] DEBUG o.s.b.f.s.DefaultListableBeanFactory - Creating shared instance of singleton bean 'dataSourceInitializerPostProcessor'
13:23:04.349 [Test worker] DEBUG o.s.b.f.s.DefaultListableBeanFactory - Creating instance of bean 'dataSourceInitializerPostProcessor'
13:23:04.352 [Test worker] DEBUG o.s.b.f.annotation.InjectionMetadata - Registered injected element on class [org.springframework.boot.autoconfigure.jdbc.DataSourceInitializerPostProcessor]: AutowiredFieldElement for private org.springframework.beans.factory.BeanFactory org.springframework.boot.autoconfigure.jdbc.DataSourceInitializerPostProcessor.beanFactory
13:23:04.352 [Test worker] DEBUG o.s.b.f.s.DefaultListableBeanFactory - Eagerly caching bean 'dataSourceInitializerPostProcessor' to allow for resolving potential circular references
13:23:04.354 [Test worker] DEBUG o.s.b.f.annotation.InjectionMetadata - Processing injected element of bean 'dataSourceInitializerPostProcessor': AutowiredFieldElement for private org.springframework.beans.factory.BeanFactory org.springframework.boot.autoconfigure.jdbc.DataSourceInitializerPostProcessor.beanFactory
13:23:04.365 [Test worker] DEBUG o.s.b.f.a.AutowiredAnnotationBeanPostProcessor - Autowiring by type from bean name 'dataSourceInitializerPostProcessor' to bean named 'org.springframework.beans.factory.support.DefaultListableBeanFactory@2462ea85'
13:23:04.366 [Test worker] DEBUG o.s.b.f.s.DefaultListableBeanFactory - Finished creating instance of bean 'dataSourceInitializerPostProcessor'
13:23:04.366 [Test worker] DEBUG o.s.b.f.s.DefaultListableBeanFactory - Creating shared instance of singleton bean 'persistenceExceptionTranslationPostProcessor'
13:23:04.366 [Test worker] DEBUG o.s.b.f.s.DefaultListableBeanFactory - Creating instance of bean 'persistenceExceptionTranslationPostProcessor'
13:23:04.370 [Test worker] DEBUG o.s.b.f.s.DefaultListableBeanFactory - Eagerly caching bean 'persistenceExceptionTranslationPostProcessor' to allow for resolving potential circular references
13:23:04.377 [Test worker] DEBUG o.s.b.f.s.DefaultListableBeanFactory - Finished creating instance of bean 'persistenceExceptionTranslationPostProcessor'
13:23:04.378 [Test worker] DEBUG o.s.b.f.s.DefaultListableBeanFactory - Creating shared instance of singleton bean 'dataSourceInitializedPublisher'
13:23:04.378 [Test worker] DEBUG o.s.b.f.s.DefaultListableBeanFactory - Creating instance of bean 'dataSourceInitializedPublisher'
13:23:04.379 [Test worker] DEBUG o.s.b.f.annotation.InjectionMetadata - Registered injected element on class [org.springframework.boot.autoconfigure.orm.jpa.DataSourceInitializedPublisher]: AutowiredFieldElement for private org.springframework.context.ApplicationContext org.springframework.boot.autoconfigure.orm.jpa.DataSourceInitializedPublisher.applicationContext
13:23:04.379 [Test worker] DEBUG o.s.b.f.s.DefaultListableBeanFactory - Eagerly caching bean 'dataSourceInitializedPublisher' to allow for resolving potential circular references
13:23:04.381 [Test worker] DEBUG o.s.b.f.annotation.InjectionMetadata - Processing injected element of bean 'dataSourceInitializedPublisher': AutowiredFieldElement for private org.springframework.context.ApplicationContext org.springframework.boot.autoconfigure.orm.jpa.DataSourceInitializedPublisher.applicationContext
13:23:04.389 [Test worker] DEBUG o.s.b.f.a.AutowiredAnnotationBeanPostProcessor - Autowiring by type from bean name 'dataSourceInitializedPublisher' to bean named 'org.springframework.context.support.GenericApplicationContext@4be95777'
13:23:04.390 [Test worker] DEBUG o.s.b.f.s.DefaultListableBeanFactory - Finished creating instance of bean 'dataSourceInitializedPublisher'
13:23:04.395 [Test worker] DEBUG o.s.c.s.GenericApplicationContext - Unable to locate MessageSource with name 'messageSource': using default [org.springframework.context.support.DelegatingMessageSource@68dda0a]
13:23:04.398 [Test worker] DEBUG o.s.c.s.GenericApplicationContext - Unable to locate ApplicationEventMulticaster with name 'applicationEventMulticaster': using default [org.springframework.context.event.SimpleApplicationEventMulticaster@41350279]
13:23:04.416 [Test worker] DEBUG o.s.b.f.s.DefaultListableBeanFactory - Creating shared instance of singleton bean 'entityManagerFactory'
13:23:04.416 [Test worker] DEBUG o.s.b.f.s.DefaultListableBeanFactory - Creating instance of bean 'entityManagerFactory'
13:23:04.422 [Test worker] DEBUG o.s.b.f.s.DefaultListableBeanFactory - Creating shared instance of singleton bean 'org.springframework.transaction.config.internalTransactionAdvisor'
13:23:04.422 [Test worker] DEBUG o.s.b.f.s.DefaultListableBeanFactory - Creating instance of bean 'org.springframework.transaction.config.internalTransactionAdvisor'
13:23:04.422 [Test worker] DEBUG o.s.b.f.s.DefaultListableBeanFactory - Creating shared instance of singleton bean 'org.springframework.transaction.annotation.ProxyTransactionManagementConfiguration'
13:23:04.423 [Test worker] DEBUG o.s.b.f.s.DefaultListableBeanFactory - Creating instance of bean 'org.springframework.transaction.annotation.ProxyTransactionManagementConfiguration'
13:23:04.423 [Test worker] DEBUG o.s.a.f.a.BeanFactoryAdvisorRetrievalHelper - Skipping currently created advisor 'org.springframework.transaction.config.internalTransactionAdvisor'
13:23:04.452 [Test worker] DEBUG o.s.b.f.annotation.InjectionMetadata - Registered injected element on class [org.springframework.transaction.annotation.ProxyTransactionManagementConfiguration$$EnhancerBySpringCGLIB$$d2ebcfd1]: AutowiredMethodElement for void org.springframework.transaction.annotation.AbstractTransactionManagementConfiguration.setConfigurers(java.util.Collection)
13:23:04.452 [Test worker] DEBUG o.s.b.f.s.DefaultListableBeanFactory - Eagerly caching bean 'org.springframework.transaction.annotation.ProxyTransactionManagementConfiguration' to allow for resolving potential circular references
13:23:04.452 [Test worker] DEBUG o.s.b.f.annotation.InjectionMetadata - Processing injected element of bean 'org.springframework.transaction.annotation.ProxyTransactionManagementConfiguration': AutowiredMethodElement for void org.springframework.transaction.annotation.AbstractTransactionManagementConfiguration.setConfigurers(java.util.Collection)
13:23:04.458 [Test worker] DEBUG o.s.b.f.s.DefaultListableBeanFactory - Returning cached instance of singleton bean 'org.springframework.context.annotation.ConfigurationClassPostProcessor.importRegistry'
13:23:04.459 [Test worker] DEBUG o.s.a.f.a.BeanFactoryAdvisorRetrievalHelper - Skipping currently created advisor 'org.springframework.transaction.config.internalTransactionAdvisor'
13:23:04.459 [Test worker] DEBUG o.s.a.f.a.BeanFactoryAdvisorRetrievalHelper - Skipping currently created advisor 'org.springframework.transaction.config.internalTransactionAdvisor'
13:23:04.461 [Test worker] DEBUG o.s.j.a.JmsListenerAnnotationBeanPostProcessor - No @JmsListener annotations found on bean class: class org.springframework.transaction.annotation.ProxyTransactionManagementConfiguration$$EnhancerBySpringCGLIB$$d2ebcfd1
13:23:04.462 [Test worker] DEBUG o.s.b.f.s.DefaultListableBeanFactory - Finished creating instance of bean 'org.springframework.transaction.annotation.ProxyTransactionManagementConfiguration'
13:23:04.470 [Test worker] DEBUG o.s.b.f.s.DefaultListableBeanFactory - Creating shared instance of singleton bean 'transactionAttributeSource'
13:23:04.470 [Test worker] DEBUG o.s.b.f.s.DefaultListableBeanFactory - Creating instance of bean 'transactionAttributeSource'
13:23:04.470 [Test worker] DEBUG o.s.a.f.a.BeanFactoryAdvisorRetrievalHelper - Skipping currently created advisor 'org.springframework.transaction.config.internalTransactionAdvisor'
13:23:04.470 [Test worker] DEBUG o.s.b.f.s.DefaultListableBeanFactory - Returning cached instance of singleton bean 'org.springframework.transaction.annotation.ProxyTransactionManagementConfiguration'
13:23:04.476 [Test worker] DEBUG o.s.b.f.s.DefaultListableBeanFactory - Eagerly caching bean 'transactionAttributeSource' to allow for resolving potential circular references
13:23:04.478 [Test worker] DEBUG o.s.a.f.a.BeanFactoryAdvisorRetrievalHelper - Skipping currently created advisor 'org.springframework.transaction.config.internalTransactionAdvisor'
13:23:04.478 [Test worker] DEBUG o.s.a.f.a.BeanFactoryAdvisorRetrievalHelper - Skipping currently created advisor 'org.springframework.transaction.config.internalTransactionAdvisor'
13:23:04.478 [Test worker] DEBUG o.s.j.a.JmsListenerAnnotationBeanPostProcessor - No @JmsListener annotations found on bean class: class org.springframework.transaction.annotation.AnnotationTransactionAttributeSource
13:23:04.478 [Test worker] DEBUG o.s.b.f.s.DefaultListableBeanFactory - Finished creating instance of bean 'transactionAttributeSource'
13:23:04.479 [Test worker] DEBUG o.s.b.f.s.DefaultListableBeanFactory - Creating shared instance of singleton bean 'transactionInterceptor'
13:23:04.479 [Test worker] DEBUG o.s.b.f.s.DefaultListableBeanFactory - Creating instance of bean 'transactionInterceptor'
13:23:04.479 [Test worker] DEBUG o.s.b.f.s.DefaultListableBeanFactory - Returning cached instance of singleton bean 'org.springframework.transaction.annotation.ProxyTransactionManagementConfiguration'
13:23:04.481 [Test worker] DEBUG o.s.b.f.s.DefaultListableBeanFactory - Returning cached instance of singleton bean 'transactionAttributeSource'
13:23:04.484 [Test worker] DEBUG o.s.b.f.s.DefaultListableBeanFactory - Eagerly caching bean 'transactionInterceptor' to allow for resolving potential circular references
13:23:04.486 [Test worker] DEBUG o.s.b.f.s.DefaultListableBeanFactory - Invoking afterPropertiesSet() on bean with name 'transactionInterceptor'
13:23:04.487 [Test worker] DEBUG o.s.j.a.JmsListenerAnnotationBeanPostProcessor - No @JmsListener annotations found on bean class: class org.springframework.transaction.interceptor.TransactionInterceptor
13:23:04.487 [Test worker] DEBUG o.s.b.f.s.DefaultListableBeanFactory - Finished creating instance of bean 'transactionInterceptor'
13:23:04.488 [Test worker] DEBUG o.s.b.f.s.DefaultListableBeanFactory - Eagerly caching bean 'org.springframework.transaction.config.internalTransactionAdvisor' to allow for resolving potential circular references
13:23:04.491 [Test worker] DEBUG o.s.j.a.JmsListenerAnnotationBeanPostProcessor - No @JmsListener annotations found on bean class: class org.springframework.transaction.interceptor.BeanFactoryTransactionAttributeSourceAdvisor
13:23:04.491 [Test worker] DEBUG o.s.b.f.s.DefaultListableBeanFactory - Finished creating instance of bean 'org.springframework.transaction.config.internalTransactionAdvisor'
13:23:04.492 [Test worker] DEBUG o.s.b.f.s.DefaultListableBeanFactory - Creating shared instance of singleton bean 'org.springframework.boot.autoconfigure.orm.jpa.HibernateJpaAutoConfiguration'
13:23:04.492 [Test worker] DEBUG o.s.b.f.s.DefaultListableBeanFactory - Creating instance of bean 'org.springframework.boot.autoconfigure.orm.jpa.HibernateJpaAutoConfiguration'
13:23:04.492 [Test worker] DEBUG o.s.b.f.s.DefaultListableBeanFactory - Returning cached instance of singleton bean 'org.springframework.transaction.config.internalTransactionAdvisor'
13:23:04.495 [Test worker] DEBUG o.s.b.f.annotation.InjectionMetadata - Registered injected element on class [org.springframework.boot.autoconfigure.orm.jpa.HibernateJpaAutoConfiguration$$EnhancerBySpringCGLIB$$bdf82ff1]: AutowiredFieldElement for private javax.sql.DataSource org.springframework.boot.autoconfigure.orm.jpa.JpaBaseConfiguration.dataSource
13:23:04.495 [Test worker] DEBUG o.s.b.f.annotation.InjectionMetadata - Registered injected element on class [org.springframework.boot.autoconfigure.orm.jpa.HibernateJpaAutoConfiguration$$EnhancerBySpringCGLIB$$bdf82ff1]: AutowiredFieldElement for private org.springframework.orm.jpa.persistenceunit.PersistenceUnitManager org.springframework.boot.autoconfigure.orm.jpa.JpaBaseConfiguration.persistenceUnitManager
13:23:04.496 [Test worker] DEBUG o.s.b.f.annotation.InjectionMetadata - Registered injected element on class [org.springframework.boot.autoconfigure.orm.jpa.HibernateJpaAutoConfiguration$$EnhancerBySpringCGLIB$$bdf82ff1]: AutowiredFieldElement for private org.springframework.boot.autoconfigure.orm.jpa.JpaProperties org.springframework.boot.autoconfigure.orm.jpa.JpaBaseConfiguration.jpaProperties
13:23:04.496 [Test worker] DEBUG o.s.b.f.annotation.InjectionMetadata - Registered injected element on class [org.springframework.boot.autoconfigure.orm.jpa.HibernateJpaAutoConfiguration$$EnhancerBySpringCGLIB$$bdf82ff1]: AutowiredFieldElement for private org.springframework.transaction.jta.JtaTransactionManager org.springframework.boot.autoconfigure.orm.jpa.JpaBaseConfiguration.jtaTransactionManager
13:23:04.496 [Test worker] DEBUG o.s.b.f.annotation.InjectionMetadata - Registered injected element on class [org.springframework.boot.autoconfigure.orm.jpa.HibernateJpaAutoConfiguration$$EnhancerBySpringCGLIB$$bdf82ff1]: AutowiredFieldElement for private org.springframework.boot.autoconfigure.orm.jpa.JpaProperties org.springframework.boot.autoconfigure.orm.jpa.HibernateJpaAutoConfiguration.properties
13:23:04.496 [Test worker] DEBUG o.s.b.f.annotation.InjectionMetadata - Registered injected element on class [org.springframework.boot.autoconfigure.orm.jpa.HibernateJpaAutoConfiguration$$EnhancerBySpringCGLIB$$bdf82ff1]: AutowiredFieldElement for private javax.sql.DataSource org.springframework.boot.autoconfigure.orm.jpa.HibernateJpaAutoConfiguration.dataSource
13:23:04.496 [Test worker] DEBUG o.s.b.f.s.DefaultListableBeanFactory - Eagerly caching bean 'org.springframework.boot.autoconfigure.orm.jpa.HibernateJpaAutoConfiguration' to allow for resolving potential circular references
13:23:04.504 [Test worker] DEBUG o.s.b.f.annotation.InjectionMetadata - Processing injected element of bean 'org.springframework.boot.autoconfigure.orm.jpa.HibernateJpaAutoConfiguration': AutowiredFieldElement for private javax.sql.DataSource org.springframework.boot.autoconfigure.orm.jpa.JpaBaseConfiguration.dataSource
13:23:04.509 [Test worker] DEBUG o.s.b.f.s.DefaultListableBeanFactory - Creating shared instance of singleton bean 'dataSource'
13:23:04.509 [Test worker] DEBUG o.s.b.f.s.DefaultListableBeanFactory - Creating instance of bean 'dataSource'
13:23:04.509 [Test worker] DEBUG o.s.b.f.s.DefaultListableBeanFactory - Returning cached instance of singleton bean 'org.springframework.transaction.config.internalTransactionAdvisor'
13:23:04.509 [Test worker] DEBUG o.s.b.f.s.DefaultListableBeanFactory - Creating shared instance of singleton bean 'applicationTest'
13:23:04.509 [Test worker] DEBUG o.s.b.f.s.DefaultListableBeanFactory - Creating instance of bean 'applicationTest'
13:23:04.510 [Test worker] DEBUG o.s.b.f.s.DefaultListableBeanFactory - Returning cached instance of singleton bean 'org.springframework.transaction.config.internalTransactionAdvisor'
13:23:04.510 [Test worker] DEBUG o.s.b.f.s.DefaultListableBeanFactory - Eagerly caching bean 'applicationTest' to allow for resolving potential circular references
13:23:04.513 [Test worker] DEBUG o.s.b.f.s.DefaultListableBeanFactory - Returning cached instance of singleton bean 'org.springframework.transaction.config.internalTransactionAdvisor'
13:23:04.513 [Test worker] DEBUG o.s.b.f.s.DefaultListableBeanFactory - Returning cached instance of singleton bean 'org.springframework.transaction.config.internalTransactionAdvisor'
13:23:04.515 [Test worker] DEBUG o.s.j.a.JmsListenerAnnotationBeanPostProcessor - No @JmsListener annotations found on bean class: class org.project.neutrino.nfvo.core.test.ApplicationTest$$EnhancerBySpringCGLIB$$4b6ef30f
13:23:04.516 [Test worker] DEBUG o.s.b.f.s.DefaultListableBeanFactory - Finished creating instance of bean 'applicationTest'
13:23:04.524 [Test worker] INFO  o.s.j.d.e.EmbeddedDatabaseFactory - Creating embedded database 'testdb'
13:23:04.536 [Test worker] DEBUG o.s.jdbc.datasource.DataSourceUtils - Fetching JDBC Connection from DataSource
13:23:04.536 [Test worker] DEBUG o.s.j.d.SimpleDriverDataSource - Creating new JDBC Driver Connection to [jdbc:hsqldb:mem:testdb]
13:23:04.794 [Test worker] DEBUG o.s.jdbc.datasource.DataSourceUtils - Returning JDBC Connection to DataSource
13:23:04.795 [Test worker] DEBUG o.s.b.f.s.DefaultListableBeanFactory - Eagerly caching bean 'dataSource' to allow for resolving potential circular references
13:23:04.797 [Test worker] DEBUG o.s.b.f.s.DefaultListableBeanFactory - Returning cached instance of singleton bean 'org.springframework.transaction.config.internalTransactionAdvisor'
13:23:04.797 [Test worker] DEBUG o.s.b.f.s.DefaultListableBeanFactory - Returning cached instance of singleton bean 'org.springframework.transaction.config.internalTransactionAdvisor'
13:23:04.803 [Test worker] DEBUG o.s.b.f.s.DefaultListableBeanFactory - Creating shared instance of singleton bean 'dataSourceInitializer'
13:23:04.803 [Test worker] DEBUG o.s.b.f.s.DefaultListableBeanFactory - Creating instance of bean 'dataSourceInitializer'
13:23:04.804 [Test worker] DEBUG o.s.b.f.s.DefaultListableBeanFactory - Returning cached instance of singleton bean 'org.springframework.transaction.config.internalTransactionAdvisor'
13:23:04.804 [Test worker] DEBUG o.s.b.f.s.DefaultListableBeanFactory - Creating shared instance of singleton bean 'org.springframework.boot.autoconfigure.jdbc.DataSourceAutoConfiguration$DataSourceInitializerConfiguration'
13:23:04.804 [Test worker] DEBUG o.s.b.f.s.DefaultListableBeanFactory - Creating instance of bean 'org.springframework.boot.autoconfigure.jdbc.DataSourceAutoConfiguration$DataSourceInitializerConfiguration'
13:23:04.804 [Test worker] DEBUG o.s.b.f.s.DefaultListableBeanFactory - Returning cached instance of singleton bean 'org.springframework.transaction.config.internalTransactionAdvisor'
13:23:04.805 [Test worker] DEBUG o.s.b.f.s.DefaultListableBeanFactory - Eagerly caching bean 'org.springframework.boot.autoconfigure.jdbc.DataSourceAutoConfiguration$DataSourceInitializerConfiguration' to allow for resolving potential circular references
13:23:04.809 [Test worker] DEBUG o.s.b.f.s.DefaultListableBeanFactory - Returning cached instance of singleton bean 'org.springframework.transaction.config.internalTransactionAdvisor'
13:23:04.809 [Test worker] DEBUG o.s.b.f.s.DefaultListableBeanFactory - Returning cached instance of singleton bean 'org.springframework.transaction.config.internalTransactionAdvisor'
13:23:04.810 [Test worker] DEBUG o.s.j.a.JmsListenerAnnotationBeanPostProcessor - No @JmsListener annotations found on bean class: class org.springframework.boot.autoconfigure.jdbc.DataSourceAutoConfiguration$DataSourceInitializerConfiguration$$EnhancerBySpringCGLIB$$2dafe118
13:23:04.810 [Test worker] DEBUG o.s.b.f.s.DefaultListableBeanFactory - Finished creating instance of bean 'org.springframework.boot.autoconfigure.jdbc.DataSourceAutoConfiguration$DataSourceInitializerConfiguration'
13:23:04.816 [Test worker] DEBUG o.s.c.a.CommonAnnotationBeanPostProcessor - Found init method on class [org.springframework.boot.autoconfigure.jdbc.DataSourceInitializer]: public void org.springframework.boot.autoconfigure.jdbc.DataSourceInitializer.init()
13:23:04.817 [Test worker] DEBUG o.s.c.a.CommonAnnotationBeanPostProcessor - Registered init method on class [org.springframework.boot.autoconfigure.jdbc.DataSourceInitializer]: org.springframework.beans.factory.annotation.InitDestroyAnnotationBeanPostProcessor$LifecycleElement@316510
13:23:04.818 [Test worker] DEBUG o.s.b.f.annotation.InjectionMetadata - Registered injected element on class [org.springframework.boot.autoconfigure.jdbc.DataSourceInitializer]: AutowiredFieldElement for private org.springframework.context.ConfigurableApplicationContext org.springframework.boot.autoconfigure.jdbc.DataSourceInitializer.applicationContext
13:23:04.818 [Test worker] DEBUG o.s.b.f.annotation.InjectionMetadata - Registered injected element on class [org.springframework.boot.autoconfigure.jdbc.DataSourceInitializer]: AutowiredFieldElement for private org.springframework.boot.autoconfigure.jdbc.DataSourceProperties org.springframework.boot.autoconfigure.jdbc.DataSourceInitializer.properties
13:23:04.819 [Test worker] DEBUG o.s.b.f.s.DefaultListableBeanFactory - Eagerly caching bean 'dataSourceInitializer' to allow for resolving potential circular references
13:23:04.823 [Test worker] DEBUG o.s.b.f.annotation.InjectionMetadata - Processing injected element of bean 'dataSourceInitializer': AutowiredFieldElement for private org.springframework.context.ConfigurableApplicationContext org.springframework.boot.autoconfigure.jdbc.DataSourceInitializer.applicationContext
13:23:04.828 [Test worker] DEBUG o.s.b.f.a.AutowiredAnnotationBeanPostProcessor - Autowiring by type from bean name 'dataSourceInitializer' to bean named 'org.springframework.context.support.GenericApplicationContext@4be95777'
13:23:04.828 [Test worker] DEBUG o.s.b.f.annotation.InjectionMetadata - Processing injected element of bean 'dataSourceInitializer': AutowiredFieldElement for private org.springframework.boot.autoconfigure.jdbc.DataSourceProperties org.springframework.boot.autoconfigure.jdbc.DataSourceInitializer.properties
13:23:04.833 [Test worker] DEBUG o.s.b.f.s.DefaultListableBeanFactory - Creating shared instance of singleton bean 'spring.datasource.CONFIGURATION_PROPERTIES'
13:23:04.833 [Test worker] DEBUG o.s.b.f.s.DefaultListableBeanFactory - Creating instance of bean 'spring.datasource.CONFIGURATION_PROPERTIES'
13:23:04.833 [Test worker] DEBUG o.s.b.f.s.DefaultListableBeanFactory - Returning cached instance of singleton bean 'org.springframework.transaction.config.internalTransactionAdvisor'
13:23:04.834 [Test worker] DEBUG o.s.b.f.s.DefaultListableBeanFactory - Eagerly caching bean 'spring.datasource.CONFIGURATION_PROPERTIES' to allow for resolving potential circular references
13:23:04.856 [Test worker] DEBUG o.s.core.env.MutablePropertySources - Adding [Inlined Test Properties] PropertySource with lowest search precedence
13:23:04.856 [Test worker] DEBUG o.s.core.env.MutablePropertySources - Adding [systemProperties] PropertySource with lowest search precedence
13:23:04.856 [Test worker] DEBUG o.s.core.env.MutablePropertySources - Adding [systemEnvironment] PropertySource with lowest search precedence
13:23:04.856 [Test worker] DEBUG o.s.core.env.MutablePropertySources - Adding [localProperties] PropertySource with lowest search precedence
13:23:04.856 [Test worker] DEBUG o.s.core.env.MutablePropertySources - Adding [Inlined Test Properties] PropertySource with lowest search precedence
13:23:04.856 [Test worker] DEBUG o.s.core.env.MutablePropertySources - Adding [systemProperties] PropertySource with lowest search precedence
13:23:04.856 [Test worker] DEBUG o.s.core.env.MutablePropertySources - Adding [systemEnvironment] PropertySource with lowest search precedence
13:23:04.857 [Test worker] DEBUG o.s.core.env.MutablePropertySources - Adding [localProperties] PropertySource with lowest search precedence
13:23:04.857 [Test worker] DEBUG o.s.c.e.PropertySourcesPropertyResolver - Searching for key 'timezone' in [Inlined Test Properties]
13:23:04.857 [Test worker] DEBUG o.s.c.e.PropertySourcesPropertyResolver - Found key 'timezone' in [Inlined Test Properties] with type [String] and value 'GMT'
13:23:04.858 [Test worker] DEBUG o.s.core.env.MutablePropertySources - Adding [Inlined Test Properties] PropertySource with lowest search precedence
13:23:04.858 [Test worker] DEBUG o.s.core.env.MutablePropertySources - Adding [systemProperties] PropertySource with lowest search precedence
13:23:04.858 [Test worker] DEBUG o.s.core.env.MutablePropertySources - Adding [systemEnvironment] PropertySource with lowest search precedence
13:23:04.858 [Test worker] DEBUG o.s.core.env.MutablePropertySources - Adding [localProperties] PropertySource with lowest search precedence
13:23:04.858 [Test worker] DEBUG o.s.c.e.PropertySourcesPropertyResolver - Searching for key 'port' in [Inlined Test Properties]
13:23:04.858 [Test worker] DEBUG o.s.c.e.PropertySourcesPropertyResolver - Found key 'port' in [Inlined Test Properties] with type [String] and value '4242'
13:23:04.866 [Test worker] DEBUG o.s.b.f.s.DefaultListableBeanFactory - Invoking afterPropertiesSet() on bean with name 'spring.datasource.CONFIGURATION_PROPERTIES'
13:23:04.869 [Test worker] DEBUG o.s.b.f.s.DefaultListableBeanFactory - Returning cached instance of singleton bean 'org.springframework.transaction.config.internalTransactionAdvisor'
13:23:04.869 [Test worker] DEBUG o.s.b.f.s.DefaultListableBeanFactory - Returning cached instance of singleton bean 'org.springframework.transaction.config.internalTransactionAdvisor'
13:23:04.871 [Test worker] DEBUG o.s.j.a.JmsListenerAnnotationBeanPostProcessor - No @JmsListener annotations found on bean class: class org.springframework.boot.autoconfigure.jdbc.DataSourceProperties
13:23:04.871 [Test worker] DEBUG o.s.b.f.s.DefaultListableBeanFactory - Finished creating instance of bean 'spring.datasource.CONFIGURATION_PROPERTIES'
13:23:04.871 [Test worker] DEBUG o.s.b.f.a.AutowiredAnnotationBeanPostProcessor - Autowiring by type from bean name 'dataSourceInitializer' to bean named 'spring.datasource.CONFIGURATION_PROPERTIES'
13:23:04.872 [Test worker] DEBUG o.s.c.a.CommonAnnotationBeanPostProcessor - Invoking init method on bean 'dataSourceInitializer': public void org.springframework.boot.autoconfigure.jdbc.DataSourceInitializer.init()
13:23:04.880 [Test worker] DEBUG o.s.b.f.s.DefaultListableBeanFactory - Returning eagerly cached instance of singleton bean 'dataSource' that is not fully initialized yet - a consequence of a circular reference
13:23:04.880 [Test worker] DEBUG o.s.b.f.s.DefaultListableBeanFactory - Returning cached instance of singleton bean 'org.springframework.transaction.config.internalTransactionAdvisor'
13:23:04.880 [Test worker] DEBUG o.s.b.f.s.DefaultListableBeanFactory - Returning cached instance of singleton bean 'org.springframework.transaction.config.internalTransactionAdvisor'
13:23:04.881 [Test worker] DEBUG o.s.j.a.JmsListenerAnnotationBeanPostProcessor - No @JmsListener annotations found on bean class: class org.springframework.boot.autoconfigure.jdbc.DataSourceInitializer
13:23:04.881 [Test worker] DEBUG o.s.b.f.s.DefaultListableBeanFactory - Finished creating instance of bean 'dataSourceInitializer'
13:23:04.882 [Test worker] DEBUG o.s.j.a.JmsListenerAnnotationBeanPostProcessor - No @JmsListener annotations found on bean class: class org.springframework.jdbc.datasource.embedded.EmbeddedDatabaseFactory$EmbeddedDataSourceProxy
13:23:04.882 [Test worker] DEBUG o.s.b.f.s.DefaultListableBeanFactory - Finished creating instance of bean 'dataSource'
13:23:04.882 [Test worker] DEBUG o.s.b.f.a.AutowiredAnnotationBeanPostProcessor - Autowiring by type from bean name 'org.springframework.boot.autoconfigure.orm.jpa.HibernateJpaAutoConfiguration' to bean named 'dataSource'
13:23:04.882 [Test worker] DEBUG o.s.b.f.annotation.InjectionMetadata - Processing injected element of bean 'org.springframework.boot.autoconfigure.orm.jpa.HibernateJpaAutoConfiguration': AutowiredFieldElement for private org.springframework.orm.jpa.persistenceunit.PersistenceUnitManager org.springframework.boot.autoconfigure.orm.jpa.JpaBaseConfiguration.persistenceUnitManager
13:23:04.885 [Test worker] DEBUG o.s.b.f.annotation.InjectionMetadata - Processing injected element of bean 'org.springframework.boot.autoconfigure.orm.jpa.HibernateJpaAutoConfiguration': AutowiredFieldElement for private org.springframework.boot.autoconfigure.orm.jpa.JpaProperties org.springframework.boot.autoconfigure.orm.jpa.JpaBaseConfiguration.jpaProperties
13:23:04.888 [Test worker] DEBUG o.s.b.f.s.DefaultListableBeanFactory - Creating shared instance of singleton bean 'spring.jpa.CONFIGURATION_PROPERTIES'
13:23:04.889 [Test worker] DEBUG o.s.b.f.s.DefaultListableBeanFactory - Creating instance of bean 'spring.jpa.CONFIGURATION_PROPERTIES'
13:23:04.889 [Test worker] DEBUG o.s.b.f.s.DefaultListableBeanFactory - Returning cached instance of singleton bean 'org.springframework.transaction.config.internalTransactionAdvisor'
13:23:04.890 [Test worker] DEBUG o.s.b.f.s.DefaultListableBeanFactory - Eagerly caching bean 'spring.jpa.CONFIGURATION_PROPERTIES' to allow for resolving potential circular references
13:23:04.894 [Test worker] DEBUG o.s.core.env.MutablePropertySources - Adding [Inlined Test Properties] PropertySource with lowest search precedence
13:23:04.894 [Test worker] DEBUG o.s.core.env.MutablePropertySources - Adding [systemProperties] PropertySource with lowest search precedence
13:23:04.894 [Test worker] DEBUG o.s.core.env.MutablePropertySources - Adding [systemEnvironment] PropertySource with lowest search precedence
13:23:04.894 [Test worker] DEBUG o.s.core.env.MutablePropertySources - Adding [localProperties] PropertySource with lowest search precedence
13:23:04.894 [Test worker] DEBUG o.s.core.env.MutablePropertySources - Adding [Inlined Test Properties] PropertySource with lowest search precedence
13:23:04.894 [Test worker] DEBUG o.s.core.env.MutablePropertySources - Adding [systemProperties] PropertySource with lowest search precedence
13:23:04.894 [Test worker] DEBUG o.s.core.env.MutablePropertySources - Adding [systemEnvironment] PropertySource with lowest search precedence
13:23:04.895 [Test worker] DEBUG o.s.core.env.MutablePropertySources - Adding [localProperties] PropertySource with lowest search precedence
13:23:04.895 [Test worker] DEBUG o.s.c.e.PropertySourcesPropertyResolver - Searching for key 'timezone' in [Inlined Test Properties]
13:23:04.895 [Test worker] DEBUG o.s.c.e.PropertySourcesPropertyResolver - Found key 'timezone' in [Inlined Test Properties] with type [String] and value 'GMT'
13:23:04.895 [Test worker] DEBUG o.s.core.env.MutablePropertySources - Adding [Inlined Test Properties] PropertySource with lowest search precedence
13:23:04.895 [Test worker] DEBUG o.s.core.env.MutablePropertySources - Adding [systemProperties] PropertySource with lowest search precedence
13:23:04.895 [Test worker] DEBUG o.s.core.env.MutablePropertySources - Adding [systemEnvironment] PropertySource with lowest search precedence
13:23:04.895 [Test worker] DEBUG o.s.core.env.MutablePropertySources - Adding [localProperties] PropertySource with lowest search precedence
13:23:04.895 [Test worker] DEBUG o.s.c.e.PropertySourcesPropertyResolver - Searching for key 'port' in [Inlined Test Properties]
13:23:04.895 [Test worker] DEBUG o.s.c.e.PropertySourcesPropertyResolver - Found key 'port' in [Inlined Test Properties] with type [String] and value '4242'
13:23:04.897 [Test worker] DEBUG o.s.b.f.s.DefaultListableBeanFactory - Returning cached instance of singleton bean 'org.springframework.transaction.config.internalTransactionAdvisor'
13:23:04.897 [Test worker] DEBUG o.s.b.f.s.DefaultListableBeanFactory - Returning cached instance of singleton bean 'org.springframework.transaction.config.internalTransactionAdvisor'
13:23:04.897 [Test worker] DEBUG o.s.j.a.JmsListenerAnnotationBeanPostProcessor - No @JmsListener annotations found on bean class: class org.springframework.boot.autoconfigure.orm.jpa.JpaProperties
13:23:04.897 [Test worker] DEBUG o.s.b.f.s.DefaultListableBeanFactory - Finished creating instance of bean 'spring.jpa.CONFIGURATION_PROPERTIES'
13:23:04.898 [Test worker] DEBUG o.s.b.f.a.AutowiredAnnotationBeanPostProcessor - Autowiring by type from bean name 'org.springframework.boot.autoconfigure.orm.jpa.HibernateJpaAutoConfiguration' to bean named 'spring.jpa.CONFIGURATION_PROPERTIES'
13:23:04.898 [Test worker] DEBUG o.s.b.f.annotation.InjectionMetadata - Processing injected element of bean 'org.springframework.boot.autoconfigure.orm.jpa.HibernateJpaAutoConfiguration': AutowiredFieldElement for private org.springframework.transaction.jta.JtaTransactionManager org.springframework.boot.autoconfigure.orm.jpa.JpaBaseConfiguration.jtaTransactionManager
13:23:04.901 [Test worker] DEBUG o.s.b.f.annotation.InjectionMetadata - Processing injected element of bean 'org.springframework.boot.autoconfigure.orm.jpa.HibernateJpaAutoConfiguration': AutowiredFieldElement for private org.springframework.boot.autoconfigure.orm.jpa.JpaProperties org.springframework.boot.autoconfigure.orm.jpa.HibernateJpaAutoConfiguration.properties
13:23:04.904 [Test worker] DEBUG o.s.b.f.s.DefaultListableBeanFactory - Returning cached instance of singleton bean 'spring.jpa.CONFIGURATION_PROPERTIES'
13:23:04.904 [Test worker] DEBUG o.s.b.f.a.AutowiredAnnotationBeanPostProcessor - Autowiring by type from bean name 'org.springframework.boot.autoconfigure.orm.jpa.HibernateJpaAutoConfiguration' to bean named 'spring.jpa.CONFIGURATION_PROPERTIES'
13:23:04.904 [Test worker] DEBUG o.s.b.f.annotation.InjectionMetadata - Processing injected element of bean 'org.springframework.boot.autoconfigure.orm.jpa.HibernateJpaAutoConfiguration': AutowiredFieldElement for private javax.sql.DataSource org.springframework.boot.autoconfigure.orm.jpa.HibernateJpaAutoConfiguration.dataSource
13:23:04.907 [Test worker] DEBUG o.s.b.f.s.DefaultListableBeanFactory - Returning cached instance of singleton bean 'dataSource'
13:23:04.907 [Test worker] DEBUG o.s.b.f.a.AutowiredAnnotationBeanPostProcessor - Autowiring by type from bean name 'org.springframework.boot.autoconfigure.orm.jpa.HibernateJpaAutoConfiguration' to bean named 'dataSource'
13:23:04.907 [Test worker] DEBUG o.s.b.f.s.DefaultListableBeanFactory - Returning cached instance of singleton bean 'org.springframework.transaction.config.internalTransactionAdvisor'
13:23:04.907 [Test worker] DEBUG o.s.b.f.s.DefaultListableBeanFactory - Returning cached instance of singleton bean 'org.springframework.transaction.config.internalTransactionAdvisor'
13:23:04.909 [Test worker] DEBUG o.s.j.a.JmsListenerAnnotationBeanPostProcessor - No @JmsListener annotations found on bean class: class org.springframework.boot.autoconfigure.orm.jpa.HibernateJpaAutoConfiguration$$EnhancerBySpringCGLIB$$bdf82ff1
13:23:04.909 [Test worker] DEBUG o.s.b.f.s.DefaultListableBeanFactory - Finished creating instance of bean 'org.springframework.boot.autoconfigure.orm.jpa.HibernateJpaAutoConfiguration'
13:23:04.913 [Test worker] DEBUG o.s.b.f.s.DefaultListableBeanFactory - Creating shared instance of singleton bean 'entityManagerFactoryBuilder'
13:23:04.913 [Test worker] DEBUG o.s.b.f.s.DefaultListableBeanFactory - Creating instance of bean 'entityManagerFactoryBuilder'
13:23:04.913 [Test worker] DEBUG o.s.b.f.s.DefaultListableBeanFactory - Returning cached instance of singleton bean 'org.springframework.transaction.config.internalTransactionAdvisor'
13:23:04.913 [Test worker] DEBUG o.s.b.f.s.DefaultListableBeanFactory - Returning cached instance of singleton bean 'org.springframework.boot.autoconfigure.orm.jpa.HibernateJpaAutoConfiguration'
13:23:04.916 [Test worker] DEBUG o.s.b.f.s.DefaultListableBeanFactory - Creating shared instance of singleton bean 'jpaVendorAdapter'
13:23:04.916 [Test worker] DEBUG o.s.b.f.s.DefaultListableBeanFactory - Creating instance of bean 'jpaVendorAdapter'
13:23:04.916 [Test worker] DEBUG o.s.b.f.s.DefaultListableBeanFactory - Returning cached instance of singleton bean 'org.springframework.transaction.config.internalTransactionAdvisor'
13:23:04.916 [Test worker] DEBUG o.s.b.f.s.DefaultListableBeanFactory - Returning cached instance of singleton bean 'org.springframework.boot.autoconfigure.orm.jpa.HibernateJpaAutoConfiguration'
13:23:04.943 [Test worker] DEBUG org.jboss.logging - Logging Provider: org.jboss.logging.Slf4jLoggerProvider
13:23:04.947 [Test worker] DEBUG o.s.b.f.s.DefaultListableBeanFactory - Eagerly caching bean 'jpaVendorAdapter' to allow for resolving potential circular references
13:23:04.950 [Test worker] DEBUG o.s.b.f.s.DefaultListableBeanFactory - Returning cached instance of singleton bean 'org.springframework.transaction.config.internalTransactionAdvisor'
13:23:04.950 [Test worker] DEBUG o.s.b.f.s.DefaultListableBeanFactory - Returning cached instance of singleton bean 'org.springframework.transaction.config.internalTransactionAdvisor'
13:23:04.952 [Test worker] DEBUG o.s.j.a.JmsListenerAnnotationBeanPostProcessor - No @JmsListener annotations found on bean class: class org.springframework.orm.jpa.vendor.HibernateJpaVendorAdapter
13:23:04.952 [Test worker] DEBUG o.s.b.f.s.DefaultListableBeanFactory - Finished creating instance of bean 'jpaVendorAdapter'
13:23:04.953 [Test worker] DEBUG o.s.b.f.s.DefaultListableBeanFactory - Autowiring by type from bean name 'entityManagerFactoryBuilder' via factory method to bean named 'jpaVendorAdapter'
13:23:04.954 [Test worker] DEBUG o.s.b.f.s.DefaultListableBeanFactory - Eagerly caching bean 'entityManagerFactoryBuilder' to allow for resolving potential circular references
13:23:04.956 [Test worker] DEBUG o.s.b.f.s.DefaultListableBeanFactory - Returning cached instance of singleton bean 'org.springframework.transaction.config.internalTransactionAdvisor'
13:23:04.956 [Test worker] DEBUG o.s.b.f.s.DefaultListableBeanFactory - Returning cached instance of singleton bean 'org.springframework.transaction.config.internalTransactionAdvisor'
13:23:04.956 [Test worker] DEBUG o.s.j.a.JmsListenerAnnotationBeanPostProcessor - No @JmsListener annotations found on bean class: class org.springframework.boot.autoconfigure.orm.jpa.EntityManagerFactoryBuilder
13:23:04.956 [Test worker] DEBUG o.s.b.f.s.DefaultListableBeanFactory - Finished creating instance of bean 'entityManagerFactoryBuilder'
13:23:04.956 [Test worker] DEBUG o.s.b.f.s.DefaultListableBeanFactory - Autowiring by type from bean name 'entityManagerFactory' via factory method to bean named 'entityManagerFactoryBuilder'
13:23:04.963 [Test worker] DEBUG o.s.jdbc.datasource.DataSourceUtils - Fetching JDBC Connection from DataSource
13:23:04.963 [Test worker] DEBUG o.s.j.d.SimpleDriverDataSource - Creating new JDBC Driver Connection to [jdbc:hsqldb:mem:testdb]
13:23:04.975 [Test worker] DEBUG o.s.jdbc.datasource.DataSourceUtils - Returning JDBC Connection to DataSource
13:23:04.976 [Test worker] DEBUG o.s.b.f.s.DefaultListableBeanFactory - Creating shared instance of singleton bean 'org.springframework.boot.autoconfigure.AutoConfigurationPackages'
13:23:04.976 [Test worker] DEBUG o.s.b.f.s.DefaultListableBeanFactory - Creating instance of bean 'org.springframework.boot.autoconfigure.AutoConfigurationPackages'
13:23:04.976 [Test worker] DEBUG o.s.b.f.s.DefaultListableBeanFactory - Returning cached instance of singleton bean 'org.springframework.transaction.config.internalTransactionAdvisor'
13:23:04.977 [Test worker] DEBUG o.s.b.f.s.DefaultListableBeanFactory - Eagerly caching bean 'org.springframework.boot.autoconfigure.AutoConfigurationPackages' to allow for resolving potential circular references
13:23:04.978 [Test worker] DEBUG o.s.b.f.s.DefaultListableBeanFactory - Returning cached instance of singleton bean 'org.springframework.transaction.config.internalTransactionAdvisor'
13:23:04.978 [Test worker] DEBUG o.s.b.f.s.DefaultListableBeanFactory - Returning cached instance of singleton bean 'org.springframework.transaction.config.internalTransactionAdvisor'
13:23:04.979 [Test worker] DEBUG o.s.j.a.JmsListenerAnnotationBeanPostProcessor - No @JmsListener annotations found on bean class: class org.springframework.boot.autoconfigure.AutoConfigurationPackages$BasePackages
13:23:04.979 [Test worker] DEBUG o.s.b.f.s.DefaultListableBeanFactory - Finished creating instance of bean 'org.springframework.boot.autoconfigure.AutoConfigurationPackages'
13:23:04.979 [Test worker] DEBUG o.s.b.a.AutoConfigurationPackages - @EnableAutoConfiguration was declared on a class in the package 'org.project.neutrino.nfvo.core.test'. Automatic @Repository and @Entity scanning is enabled.
13:23:04.979 [Test worker] DEBUG o.s.b.f.s.DefaultListableBeanFactory - Returning cached instance of singleton bean 'org.springframework.boot.autoconfigure.AutoConfigurationPackages'
13:23:04.988 [Test worker] DEBUG o.s.b.f.s.DefaultListableBeanFactory - Eagerly caching bean 'entityManagerFactory' to allow for resolving potential circular references
13:23:04.995 [Test worker] DEBUG o.s.b.f.s.DefaultListableBeanFactory - Invoking afterPropertiesSet() on bean with name 'entityManagerFactory'
13:23:05.001 [Test worker] DEBUG o.s.c.i.s.PathMatchingResourcePatternResolver - Looking for matching resources in jar file [file:/opt/neutrino/nfvo/catalogue/build/libs/catalogue-0.1-SNAPSHOT.jar]
13:23:05.003 [Test worker] DEBUG o.s.c.i.s.PathMatchingResourcePatternResolver - Resolved location pattern [classpath*:org/project/neutrino/nfvo/catalogue/mano/descriptor/**/*.class] to resources [URL [jar:file:/opt/neutrino/nfvo/catalogue/build/libs/catalogue-0.1-SNAPSHOT.jar!/org/project/neutrino/nfvo/catalogue/mano/descriptor/InternalVirtualLink.class], URL [jar:file:/opt/neutrino/nfvo/catalogue/build/libs/catalogue-0.1-SNAPSHOT.jar!/org/project/neutrino/nfvo/catalogue/mano/descriptor/NetworkForwardingPath.class], URL [jar:file:/opt/neutrino/nfvo/catalogue/build/libs/catalogue-0.1-SNAPSHOT.jar!/org/project/neutrino/nfvo/catalogue/mano/descriptor/NetworkServiceDescriptor.class], URL [jar:file:/opt/neutrino/nfvo/catalogue/build/libs/catalogue-0.1-SNAPSHOT.jar!/org/project/neutrino/nfvo/catalogue/mano/descriptor/PhysicalNetworkFunctionDescriptor.class], URL [jar:file:/opt/neutrino/nfvo/catalogue/build/libs/catalogue-0.1-SNAPSHOT.jar!/org/project/neutrino/nfvo/catalogue/mano/descriptor/Policy.class], URL [jar:file:/opt/neutrino/nfvo/catalogue/build/libs/catalogue-0.1-SNAPSHOT.jar!/org/project/neutrino/nfvo/catalogue/mano/descriptor/VDUDependency.class], URL [jar:file:/opt/neutrino/nfvo/catalogue/build/libs/catalogue-0.1-SNAPSHOT.jar!/org/project/neutrino/nfvo/catalogue/mano/descriptor/VirtualDeploymentUnit.class], URL [jar:file:/opt/neutrino/nfvo/catalogue/build/libs/catalogue-0.1-SNAPSHOT.jar!/org/project/neutrino/nfvo/catalogue/mano/descriptor/VirtualLinkDescriptor.class], URL [jar:file:/opt/neutrino/nfvo/catalogue/build/libs/catalogue-0.1-SNAPSHOT.jar!/org/project/neutrino/nfvo/catalogue/mano/descriptor/VirtualNetworkFunctionDescriptor.class], URL [jar:file:/opt/neutrino/nfvo/catalogue/build/libs/catalogue-0.1-SNAPSHOT.jar!/org/project/neutrino/nfvo/catalogue/mano/descriptor/VNFComponent.class], URL [jar:file:/opt/neutrino/nfvo/catalogue/build/libs/catalogue-0.1-SNAPSHOT.jar!/org/project/neutrino/nfvo/catalogue/mano/descriptor/VNFDConnectionPoint.class], URL [jar:file:/opt/neutrino/nfvo/catalogue/build/libs/catalogue-0.1-SNAPSHOT.jar!/org/project/neutrino/nfvo/catalogue/mano/descriptor/VNFDDeploymentFlavour.class], URL [jar:file:/opt/neutrino/nfvo/catalogue/build/libs/catalogue-0.1-SNAPSHOT.jar!/org/project/neutrino/nfvo/catalogue/mano/descriptor/VNFForwardingGraph.class]]
13:23:05.010 [Test worker] DEBUG o.s.c.i.s.PathMatchingResourcePatternResolver - Looking for matching resources in jar file [file:/opt/neutrino/nfvo/catalogue/build/libs/catalogue-0.1-SNAPSHOT.jar]
13:23:05.011 [Test worker] DEBUG o.s.c.i.s.PathMatchingResourcePatternResolver - Resolved location pattern [classpath*:org/project/neutrino/nfvo/catalogue/mano/common/**/*.class] to resources [URL [jar:file:/opt/neutrino/nfvo/catalogue/build/libs/catalogue-0.1-SNAPSHOT.jar!/org/project/neutrino/nfvo/catalogue/mano/common/AbstractVirtualLink.class], URL [jar:file:/opt/neutrino/nfvo/catalogue/build/libs/catalogue-0.1-SNAPSHOT.jar!/org/project/neutrino/nfvo/catalogue/mano/common/AutoScalePolicy.class], URL [jar:file:/opt/neutrino/nfvo/catalogue/build/libs/catalogue-0.1-SNAPSHOT.jar!/org/project/neutrino/nfvo/catalogue/mano/common/ConnectionPoint.class], URL [jar:file:/opt/neutrino/nfvo/catalogue/build/libs/catalogue-0.1-SNAPSHOT.jar!/org/project/neutrino/nfvo/catalogue/mano/common/CostituentVDU.class], URL [jar:file:/opt/neutrino/nfvo/catalogue/build/libs/catalogue-0.1-SNAPSHOT.jar!/org/project/neutrino/nfvo/catalogue/mano/common/CostituentVNF.class], URL [jar:file:/opt/neutrino/nfvo/catalogue/build/libs/catalogue-0.1-SNAPSHOT.jar!/org/project/neutrino/nfvo/catalogue/mano/common/DeploymentFlavour.class], URL [jar:file:/opt/neutrino/nfvo/catalogue/build/libs/catalogue-0.1-SNAPSHOT.jar!/org/project/neutrino/nfvo/catalogue/mano/common/Event.class], URL [jar:file:/opt/neutrino/nfvo/catalogue/build/libs/catalogue-0.1-SNAPSHOT.jar!/org/project/neutrino/nfvo/catalogue/mano/common/HighAvailability.class], URL [jar:file:/opt/neutrino/nfvo/catalogue/build/libs/catalogue-0.1-SNAPSHOT.jar!/org/project/neutrino/nfvo/catalogue/mano/common/LifecycleEvent.class], URL [jar:file:/opt/neutrino/nfvo/catalogue/build/libs/catalogue-0.1-SNAPSHOT.jar!/org/project/neutrino/nfvo/catalogue/mano/common/NFVEntityDescriptor.class], URL [jar:file:/opt/neutrino/nfvo/catalogue/build/libs/catalogue-0.1-SNAPSHOT.jar!/org/project/neutrino/nfvo/catalogue/mano/common/RedundancyModel.class], URL [jar:file:/opt/neutrino/nfvo/catalogue/build/libs/catalogue-0.1-SNAPSHOT.jar!/org/project/neutrino/nfvo/catalogue/mano/common/Security.class], URL [jar:file:/opt/neutrino/nfvo/catalogue/build/libs/catalogue-0.1-SNAPSHOT.jar!/org/project/neutrino/nfvo/catalogue/mano/common/ServiceDeploymentFlavour.class], URL [jar:file:/opt/neutrino/nfvo/catalogue/build/libs/catalogue-0.1-SNAPSHOT.jar!/org/project/neutrino/nfvo/catalogue/mano/common/VNFDependency.class]]
13:23:05.018 [Test worker] DEBUG o.s.c.i.s.PathMatchingResourcePatternResolver - Looking for matching resources in jar file [file:/opt/neutrino/nfvo/catalogue/build/libs/catalogue-0.1-SNAPSHOT.jar]
13:23:05.019 [Test worker] DEBUG o.s.c.i.s.PathMatchingResourcePatternResolver - Resolved location pattern [classpath*:org/project/neutrino/nfvo/catalogue/mano/record/**/*.class] to resources [URL [jar:file:/opt/neutrino/nfvo/catalogue/build/libs/catalogue-0.1-SNAPSHOT.jar!/org/project/neutrino/nfvo/catalogue/mano/record/LinkStatus.class], URL [jar:file:/opt/neutrino/nfvo/catalogue/build/libs/catalogue-0.1-SNAPSHOT.jar!/org/project/neutrino/nfvo/catalogue/mano/record/NetworkServiceRecord.class], URL [jar:file:/opt/neutrino/nfvo/catalogue/build/libs/catalogue-0.1-SNAPSHOT.jar!/org/project/neutrino/nfvo/catalogue/mano/record/PhysicalNetworkFunctionRecord.class], URL [jar:file:/opt/neutrino/nfvo/catalogue/build/libs/catalogue-0.1-SNAPSHOT.jar!/org/project/neutrino/nfvo/catalogue/mano/record/Status.class], URL [jar:file:/opt/neutrino/nfvo/catalogue/build/libs/catalogue-0.1-SNAPSHOT.jar!/org/project/neutrino/nfvo/catalogue/mano/record/VirtualLinkRecord.class], URL [jar:file:/opt/neutrino/nfvo/catalogue/build/libs/catalogue-0.1-SNAPSHOT.jar!/org/project/neutrino/nfvo/catalogue/mano/record/VirtualNetworkFunctionRecord.class], URL [jar:file:/opt/neutrino/nfvo/catalogue/build/libs/catalogue-0.1-SNAPSHOT.jar!/org/project/neutrino/nfvo/catalogue/mano/record/VNFForwardingGraphRecord.class]]
13:23:05.023 [Test worker] INFO  o.s.o.j.LocalContainerEntityManagerFactoryBean - Building JPA container EntityManagerFactory for persistence unit 'default'
13:23:05.052 [Test worker] DEBUG o.h.jpa.internal.util.LogHelper - PersistenceUnitInfo [
	name: default
	persistence provider classname: null
	classloader: sun.misc.Launcher$AppClassLoader@2bc7510d
	excludeUnlistedClasses: true
	JTA datasource: null
	Non JTA datasource: org.springframework.jdbc.datasource.embedded.EmbeddedDatabaseFactory$EmbeddedDataSourceProxy@38e610e9
	Transaction type: RESOURCE_LOCAL
	PU root URL: file:/opt/neutrino/nfvo/catalogue/build/libs/catalogue-0.1-SNAPSHOT.jar
	Shared Cache Mode: UNSPECIFIED
	Validation Mode: AUTO
	Jar files URLs []
	Managed classes names [
		org.project.neutrino.nfvo.catalogue.mano.descriptor.InternalVirtualLink
		org.project.neutrino.nfvo.catalogue.mano.descriptor.NetworkForwardingPath
		org.project.neutrino.nfvo.catalogue.mano.descriptor.NetworkServiceDescriptor
		org.project.neutrino.nfvo.catalogue.mano.descriptor.PhysicalNetworkFunctionDescriptor
		org.project.neutrino.nfvo.catalogue.mano.descriptor.Policy
		org.project.neutrino.nfvo.catalogue.mano.descriptor.VDUDependency
		org.project.neutrino.nfvo.catalogue.mano.descriptor.VirtualDeploymentUnit
		org.project.neutrino.nfvo.catalogue.mano.descriptor.VirtualLinkDescriptor
		org.project.neutrino.nfvo.catalogue.mano.descriptor.VirtualNetworkFunctionDescriptor
		org.project.neutrino.nfvo.catalogue.mano.descriptor.VNFComponent
		org.project.neutrino.nfvo.catalogue.mano.descriptor.VNFDConnectionPoint
		org.project.neutrino.nfvo.catalogue.mano.descriptor.VNFDDeploymentFlavour
		org.project.neutrino.nfvo.catalogue.mano.descriptor.VNFForwardingGraph
		org.project.neutrino.nfvo.catalogue.mano.common.AbstractVirtualLink
		org.project.neutrino.nfvo.catalogue.mano.common.AutoScalePolicy
		org.project.neutrino.nfvo.catalogue.mano.common.ConnectionPoint
		org.project.neutrino.nfvo.catalogue.mano.common.CostituentVDU
		org.project.neutrino.nfvo.catalogue.mano.common.CostituentVNF
		org.project.neutrino.nfvo.catalogue.mano.common.DeploymentFlavour
		org.project.neutrino.nfvo.catalogue.mano.common.LifecycleEvent
		org.project.neutrino.nfvo.catalogue.mano.common.NFVEntityDescriptor
		org.project.neutrino.nfvo.catalogue.mano.common.Security
		org.project.neutrino.nfvo.catalogue.mano.common.ServiceDeploymentFlavour
		org.project.neutrino.nfvo.catalogue.mano.common.VNFDependency
		org.project.neutrino.nfvo.catalogue.mano.record.NetworkServiceRecord
		org.project.neutrino.nfvo.catalogue.mano.record.PhysicalNetworkFunctionRecord
		org.project.neutrino.nfvo.catalogue.mano.record.VirtualLinkRecord
		org.project.neutrino.nfvo.catalogue.mano.record.VirtualNetworkFunctionRecord
		org.project.neutrino.nfvo.catalogue.mano.record.VNFForwardingGraphRecord]
	Mapping files names []
	Properties []
13:23:05.072 [Test worker] DEBUG o.h.i.internal.IntegratorServiceImpl - Adding Integrator [org.hibernate.cfg.beanvalidation.BeanValidationIntegrator].
13:23:05.075 [Test worker] DEBUG o.h.i.internal.IntegratorServiceImpl - Adding Integrator [org.hibernate.secure.spi.JaccIntegrator].
13:23:05.076 [Test worker] DEBUG o.h.i.internal.IntegratorServiceImpl - Adding Integrator [org.hibernate.cache.internal.CollectionCacheInvalidator].
13:23:05.077 [Test worker] DEBUG o.h.i.internal.IntegratorServiceImpl - Adding Integrator [org.hibernate.jpa.event.spi.JpaIntegrator].
13:23:05.090 [Test worker] DEBUG o.h.b.r.s.i.StrategySelectorImpl - Registering named strategy selector [org.hibernate.dialect.Dialect] : [MySQL5] -> [org.hibernate.dialect.MySQL5Dialect] (replacing [org.hibernate.dialect.MySQL5Dialect])
13:23:05.090 [Test worker] DEBUG o.h.b.r.s.i.StrategySelectorImpl - Registering named strategy selector [org.hibernate.dialect.Dialect] : [MySQL5InnoDB] -> [org.hibernate.dialect.MySQL5InnoDBDialect] (replacing [org.hibernate.dialect.MySQL5InnoDBDialect])
13:23:05.132 [Test worker] INFO  org.hibernate.Version - HHH000412: Hibernate Core {4.3.8.Final}
13:23:05.134 [Test worker] INFO  org.hibernate.cfg.Environment - HHH000205: Loaded properties from resource hibernate.properties: {hibernate.dialect=org.hibernate.dialect.MySQL5Dialect, hibernate.show_sql=false, hibernate.bytecode.use_reflection_optimizer=false, hibernate.hbm2ddl.auto=create-drop}
13:23:05.134 [Test worker] INFO  org.hibernate.cfg.Environment - HHH000021: Bytecode provider name : javassist
13:23:05.280 [Test worker] DEBUG o.h.service.spi.ServiceBinding - Overriding existing service binding [org.hibernate.secure.spi.JaccService]
13:23:05.299 [Test worker] DEBUG org.hibernate.type.BasicTypeRegistry - Adding type registration boolean -> org.hibernate.type.BooleanType@494082d3
13:23:05.299 [Test worker] DEBUG org.hibernate.type.BasicTypeRegistry - Adding type registration boolean -> org.hibernate.type.BooleanType@494082d3
13:23:05.299 [Test worker] DEBUG org.hibernate.type.BasicTypeRegistry - Adding type registration java.lang.Boolean -> org.hibernate.type.BooleanType@494082d3
13:23:05.300 [Test worker] DEBUG org.hibernate.type.BasicTypeRegistry - Adding type registration numeric_boolean -> org.hibernate.type.NumericBooleanType@3a001137
13:23:05.301 [Test worker] DEBUG org.hibernate.type.BasicTypeRegistry - Adding type registration true_false -> org.hibernate.type.TrueFalseType@5550cf6c
13:23:05.302 [Test worker] DEBUG org.hibernate.type.BasicTypeRegistry - Adding type registration yes_no -> org.hibernate.type.YesNoType@685c6936
13:23:05.303 [Test worker] DEBUG org.hibernate.type.BasicTypeRegistry - Adding type registration byte -> org.hibernate.type.ByteType@1cb285b
13:23:05.303 [Test worker] DEBUG org.hibernate.type.BasicTypeRegistry - Adding type registration byte -> org.hibernate.type.ByteType@1cb285b
13:23:05.303 [Test worker] DEBUG org.hibernate.type.BasicTypeRegistry - Adding type registration java.lang.Byte -> org.hibernate.type.ByteType@1cb285b
13:23:05.304 [Test worker] DEBUG org.hibernate.type.BasicTypeRegistry - Adding type registration character -> org.hibernate.type.CharacterType@3ace5360
13:23:05.304 [Test worker] DEBUG org.hibernate.type.BasicTypeRegistry - Adding type registration char -> org.hibernate.type.CharacterType@3ace5360
13:23:05.304 [Test worker] DEBUG org.hibernate.type.BasicTypeRegistry - Adding type registration java.lang.Character -> org.hibernate.type.CharacterType@3ace5360
13:23:05.305 [Test worker] DEBUG org.hibernate.type.BasicTypeRegistry - Adding type registration short -> org.hibernate.type.ShortType@5a88b14b
13:23:05.306 [Test worker] DEBUG org.hibernate.type.BasicTypeRegistry - Adding type registration short -> org.hibernate.type.ShortType@5a88b14b
13:23:05.306 [Test worker] DEBUG org.hibernate.type.BasicTypeRegistry - Adding type registration java.lang.Short -> org.hibernate.type.ShortType@5a88b14b
13:23:05.307 [Test worker] DEBUG org.hibernate.type.BasicTypeRegistry - Adding type registration integer -> org.hibernate.type.IntegerType@67cb409
13:23:05.307 [Test worker] DEBUG org.hibernate.type.BasicTypeRegistry - Adding type registration int -> org.hibernate.type.IntegerType@67cb409
13:23:05.307 [Test worker] DEBUG org.hibernate.type.BasicTypeRegistry - Adding type registration java.lang.Integer -> org.hibernate.type.IntegerType@67cb409
13:23:05.308 [Test worker] DEBUG org.hibernate.type.BasicTypeRegistry - Adding type registration long -> org.hibernate.type.LongType@3830fba7
13:23:05.308 [Test worker] DEBUG org.hibernate.type.BasicTypeRegistry - Adding type registration long -> org.hibernate.type.LongType@3830fba7
13:23:05.308 [Test worker] DEBUG org.hibernate.type.BasicTypeRegistry - Adding type registration java.lang.Long -> org.hibernate.type.LongType@3830fba7
13:23:05.309 [Test worker] DEBUG org.hibernate.type.BasicTypeRegistry - Adding type registration float -> org.hibernate.type.FloatType@752e9f4
13:23:05.310 [Test worker] DEBUG org.hibernate.type.BasicTypeRegistry - Adding type registration float -> org.hibernate.type.FloatType@752e9f4
13:23:05.310 [Test worker] DEBUG org.hibernate.type.BasicTypeRegistry - Adding type registration java.lang.Float -> org.hibernate.type.FloatType@752e9f4
13:23:05.311 [Test worker] DEBUG org.hibernate.type.BasicTypeRegistry - Adding type registration double -> org.hibernate.type.DoubleType@5eb09153
13:23:05.311 [Test worker] DEBUG org.hibernate.type.BasicTypeRegistry - Adding type registration double -> org.hibernate.type.DoubleType@5eb09153
13:23:05.311 [Test worker] DEBUG org.hibernate.type.BasicTypeRegistry - Adding type registration java.lang.Double -> org.hibernate.type.DoubleType@5eb09153
13:23:05.312 [Test worker] DEBUG org.hibernate.type.BasicTypeRegistry - Adding type registration big_decimal -> org.hibernate.type.BigDecimalType@29cf831
13:23:05.312 [Test worker] DEBUG org.hibernate.type.BasicTypeRegistry - Adding type registration java.math.BigDecimal -> org.hibernate.type.BigDecimalType@29cf831
13:23:05.313 [Test worker] DEBUG org.hibernate.type.BasicTypeRegistry - Adding type registration big_integer -> org.hibernate.type.BigIntegerType@6be42e65
13:23:05.313 [Test worker] DEBUG org.hibernate.type.BasicTypeRegistry - Adding type registration java.math.BigInteger -> org.hibernate.type.BigIntegerType@6be42e65
13:23:05.314 [Test worker] DEBUG org.hibernate.type.BasicTypeRegistry - Adding type registration string -> org.hibernate.type.StringType@71e5fa01
13:23:05.314 [Test worker] DEBUG org.hibernate.type.BasicTypeRegistry - Adding type registration java.lang.String -> org.hibernate.type.StringType@71e5fa01
13:23:05.315 [Test worker] DEBUG org.hibernate.type.BasicTypeRegistry - Adding type registration nstring -> org.hibernate.type.StringNVarcharType@105b0f2e
13:23:05.316 [Test worker] DEBUG org.hibernate.type.BasicTypeRegistry - Adding type registration ncharacter -> org.hibernate.type.CharacterNCharType@261e62b
13:23:05.316 [Test worker] DEBUG org.hibernate.type.BasicTypeRegistry - Adding type registration url -> org.hibernate.type.UrlType@1649e5ce
13:23:05.316 [Test worker] DEBUG org.hibernate.type.BasicTypeRegistry - Adding type registration java.net.URL -> org.hibernate.type.UrlType@1649e5ce
13:23:05.320 [Test worker] DEBUG org.hibernate.type.BasicTypeRegistry - Adding type registration date -> org.hibernate.type.DateType@180d1176
13:23:05.321 [Test worker] DEBUG org.hibernate.type.BasicTypeRegistry - Adding type registration java.sql.Date -> org.hibernate.type.DateType@180d1176
13:23:05.322 [Test worker] DEBUG org.hibernate.type.BasicTypeRegistry - Adding type registration time -> org.hibernate.type.TimeType@1aa484ca
13:23:05.323 [Test worker] DEBUG org.hibernate.type.BasicTypeRegistry - Adding type registration java.sql.Time -> org.hibernate.type.TimeType@1aa484ca
13:23:05.324 [Test worker] DEBUG org.hibernate.type.BasicTypeRegistry - Adding type registration timestamp -> org.hibernate.type.TimestampType@4b0a552e
13:23:05.325 [Test worker] DEBUG org.hibernate.type.BasicTypeRegistry - Adding type registration java.sql.Timestamp -> org.hibernate.type.TimestampType@4b0a552e
13:23:05.325 [Test worker] DEBUG org.hibernate.type.BasicTypeRegistry - Adding type registration java.util.Date -> org.hibernate.type.TimestampType@4b0a552e
13:23:05.326 [Test worker] DEBUG org.hibernate.type.BasicTypeRegistry - Adding type registration dbtimestamp -> org.hibernate.type.DbTimestampType@4d6520f3
13:23:05.328 [Test worker] DEBUG org.hibernate.type.BasicTypeRegistry - Adding type registration calendar -> org.hibernate.type.CalendarType@4bad0030
13:23:05.328 [Test worker] DEBUG org.hibernate.type.BasicTypeRegistry - Adding type registration java.util.Calendar -> org.hibernate.type.CalendarType@4bad0030
13:23:05.328 [Test worker] DEBUG org.hibernate.type.BasicTypeRegistry - Adding type registration java.util.GregorianCalendar -> org.hibernate.type.CalendarType@4bad0030
13:23:05.329 [Test worker] DEBUG org.hibernate.type.BasicTypeRegistry - Adding type registration calendar_date -> org.hibernate.type.CalendarDateType@2b09b5c9
13:23:05.330 [Test worker] DEBUG org.hibernate.type.BasicTypeRegistry - Adding type registration locale -> org.hibernate.type.LocaleType@5c5a3b32
13:23:05.330 [Test worker] DEBUG org.hibernate.type.BasicTypeRegistry - Adding type registration java.util.Locale -> org.hibernate.type.LocaleType@5c5a3b32
13:23:05.331 [Test worker] DEBUG org.hibernate.type.BasicTypeRegistry - Adding type registration currency -> org.hibernate.type.CurrencyType@50f3a0e8
13:23:05.331 [Test worker] DEBUG org.hibernate.type.BasicTypeRegistry - Adding type registration java.util.Currency -> org.hibernate.type.CurrencyType@50f3a0e8
13:23:05.332 [Test worker] DEBUG org.hibernate.type.BasicTypeRegistry - Adding type registration timezone -> org.hibernate.type.TimeZoneType@5c80f478
13:23:05.332 [Test worker] DEBUG org.hibernate.type.BasicTypeRegistry - Adding type registration java.util.TimeZone -> org.hibernate.type.TimeZoneType@5c80f478
13:23:05.333 [Test worker] DEBUG org.hibernate.type.BasicTypeRegistry - Adding type registration class -> org.hibernate.type.ClassType@396163b9
13:23:05.333 [Test worker] DEBUG org.hibernate.type.BasicTypeRegistry - Adding type registration java.lang.Class -> org.hibernate.type.ClassType@396163b9
13:23:05.334 [Test worker] DEBUG org.hibernate.type.BasicTypeRegistry - Adding type registration uuid-binary -> org.hibernate.type.UUIDBinaryType@49b86cb5
13:23:05.334 [Test worker] DEBUG org.hibernate.type.BasicTypeRegistry - Adding type registration java.util.UUID -> org.hibernate.type.UUIDBinaryType@49b86cb5
13:23:05.334 [Test worker] DEBUG org.hibernate.type.BasicTypeRegistry - Adding type registration uuid-char -> org.hibernate.type.UUIDCharType@60e8f749
13:23:05.335 [Test worker] DEBUG org.hibernate.type.BasicTypeRegistry - Adding type registration pg-uuid -> org.hibernate.type.PostgresUUIDType@40d6c203
13:23:05.336 [Test worker] DEBUG org.hibernate.type.BasicTypeRegistry - Adding type registration binary -> org.hibernate.type.BinaryType@3125821e
13:23:05.336 [Test worker] DEBUG org.hibernate.type.BasicTypeRegistry - Adding type registration byte[] -> org.hibernate.type.BinaryType@3125821e
13:23:05.336 [Test worker] DEBUG org.hibernate.type.BasicTypeRegistry - Adding type registration [B -> org.hibernate.type.BinaryType@3125821e
13:23:05.337 [Test worker] DEBUG org.hibernate.type.BasicTypeRegistry - Adding type registration wrapper-binary -> org.hibernate.type.WrapperBinaryType@5fff09c1
13:23:05.337 [Test worker] DEBUG org.hibernate.type.BasicTypeRegistry - Adding type registration Byte[] -> org.hibernate.type.WrapperBinaryType@5fff09c1
13:23:05.338 [Test worker] DEBUG org.hibernate.type.BasicTypeRegistry - Adding type registration [Ljava.lang.Byte; -> org.hibernate.type.WrapperBinaryType@5fff09c1
13:23:05.338 [Test worker] DEBUG org.hibernate.type.BasicTypeRegistry - Adding type registration image -> org.hibernate.type.ImageType@2c3b101d
13:23:05.339 [Test worker] DEBUG org.hibernate.type.BasicTypeRegistry - Adding type registration characters -> org.hibernate.type.CharArrayType@4be699b0
13:23:05.339 [Test worker] DEBUG org.hibernate.type.BasicTypeRegistry - Adding type registration char[] -> org.hibernate.type.CharArrayType@4be699b0
13:23:05.339 [Test worker] DEBUG org.hibernate.type.BasicTypeRegistry - Adding type registration [C -> org.hibernate.type.CharArrayType@4be699b0
13:23:05.340 [Test worker] DEBUG org.hibernate.type.BasicTypeRegistry - Adding type registration wrapper-characters -> org.hibernate.type.CharacterArrayType@2d4bc050
13:23:05.340 [Test worker] DEBUG org.hibernate.type.BasicTypeRegistry - Adding type registration [Ljava.lang.Character; -> org.hibernate.type.CharacterArrayType@2d4bc050
13:23:05.340 [Test worker] DEBUG org.hibernate.type.BasicTypeRegistry - Adding type registration Character[] -> org.hibernate.type.CharacterArrayType@2d4bc050
13:23:05.341 [Test worker] DEBUG org.hibernate.type.BasicTypeRegistry - Adding type registration text -> org.hibernate.type.TextType@5c608f6e
13:23:05.341 [Test worker] DEBUG org.hibernate.type.BasicTypeRegistry - Adding type registration ntext -> org.hibernate.type.NTextType@26190041
13:23:05.344 [Test worker] DEBUG org.hibernate.type.BasicTypeRegistry - Adding type registration blob -> org.hibernate.type.BlobType@73d5f05f
13:23:05.344 [Test worker] DEBUG org.hibernate.type.BasicTypeRegistry - Adding type registration java.sql.Blob -> org.hibernate.type.BlobType@73d5f05f
13:23:05.345 [Test worker] DEBUG org.hibernate.type.BasicTypeRegistry - Adding type registration materialized_blob -> org.hibernate.type.MaterializedBlobType@3d5d9ee8
13:23:05.347 [Test worker] DEBUG org.hibernate.type.BasicTypeRegistry - Adding type registration clob -> org.hibernate.type.ClobType@707ddb77
13:23:05.348 [Test worker] DEBUG org.hibernate.type.BasicTypeRegistry - Adding type registration java.sql.Clob -> org.hibernate.type.ClobType@707ddb77
13:23:05.351 [Test worker] DEBUG org.hibernate.type.BasicTypeRegistry - Adding type registration nclob -> org.hibernate.type.NClobType@391730f6
13:23:05.351 [Test worker] DEBUG org.hibernate.type.BasicTypeRegistry - Adding type registration java.sql.NClob -> org.hibernate.type.NClobType@391730f6
13:23:05.351 [Test worker] DEBUG org.hibernate.type.BasicTypeRegistry - Adding type registration materialized_clob -> org.hibernate.type.MaterializedClobType@674735a8
13:23:05.352 [Test worker] DEBUG org.hibernate.type.BasicTypeRegistry - Adding type registration materialized_nclob -> org.hibernate.type.MaterializedNClobType@75b24924
13:23:05.352 [Test worker] DEBUG org.hibernate.type.BasicTypeRegistry - Adding type registration serializable -> org.hibernate.type.SerializableType@404226a8
13:23:05.355 [Test worker] DEBUG org.hibernate.type.BasicTypeRegistry - Adding type registration object -> org.hibernate.type.ObjectType@73bee2a5
13:23:05.355 [Test worker] DEBUG org.hibernate.type.BasicTypeRegistry - Adding type registration java.lang.Object -> org.hibernate.type.ObjectType@73bee2a5
13:23:05.356 [Test worker] DEBUG org.hibernate.type.BasicTypeRegistry - Adding type registration imm_date -> org.hibernate.type.AdaptedImmutableType@1cd886cd
13:23:05.356 [Test worker] DEBUG org.hibernate.type.BasicTypeRegistry - Adding type registration imm_time -> org.hibernate.type.AdaptedImmutableType@4b7a0b86
13:23:05.356 [Test worker] DEBUG org.hibernate.type.BasicTypeRegistry - Adding type registration imm_timestamp -> org.hibernate.type.AdaptedImmutableType@398ab120
13:23:05.356 [Test worker] DEBUG org.hibernate.type.BasicTypeRegistry - Adding type registration imm_dbtimestamp -> org.hibernate.type.AdaptedImmutableType@4072c963
13:23:05.356 [Test worker] DEBUG org.hibernate.type.BasicTypeRegistry - Adding type registration imm_calendar -> org.hibernate.type.AdaptedImmutableType@3003a3a3
13:23:05.356 [Test worker] DEBUG org.hibernate.type.BasicTypeRegistry - Adding type registration imm_calendar_date -> org.hibernate.type.AdaptedImmutableType@3eec3af5
13:23:05.356 [Test worker] DEBUG org.hibernate.type.BasicTypeRegistry - Adding type registration imm_binary -> org.hibernate.type.AdaptedImmutableType@712cb19
13:23:05.356 [Test worker] DEBUG org.hibernate.type.BasicTypeRegistry - Adding type registration imm_serializable -> org.hibernate.type.AdaptedImmutableType@62d3d9ef
13:23:05.370 [Test worker] INFO  o.h.annotations.common.Version - HCANN000001: Hibernate Commons Annotations {4.0.5.Final}
13:23:05.379 [Test worker] DEBUG o.h.i.f.i.DefaultIdentifierGeneratorFactory - Registering IdentifierGenerator strategy [uuid2] -> [org.hibernate.id.UUIDGenerator]
13:23:05.379 [Test worker] DEBUG o.h.i.f.i.DefaultIdentifierGeneratorFactory - Registering IdentifierGenerator strategy [guid] -> [org.hibernate.id.GUIDGenerator]
13:23:05.380 [Test worker] DEBUG o.h.i.f.i.DefaultIdentifierGeneratorFactory - Registering IdentifierGenerator strategy [uuid] -> [org.hibernate.id.UUIDHexGenerator]
13:23:05.380 [Test worker] DEBUG o.h.i.f.i.DefaultIdentifierGeneratorFactory - Registering IdentifierGenerator strategy [uuid.hex] -> [org.hibernate.id.UUIDHexGenerator]
13:23:05.381 [Test worker] DEBUG o.h.i.f.i.DefaultIdentifierGeneratorFactory - Registering IdentifierGenerator strategy [hilo] -> [org.hibernate.id.TableHiLoGenerator]
13:23:05.382 [Test worker] DEBUG o.h.i.f.i.DefaultIdentifierGeneratorFactory - Registering IdentifierGenerator strategy [assigned] -> [org.hibernate.id.Assigned]
13:23:05.382 [Test worker] DEBUG o.h.i.f.i.DefaultIdentifierGeneratorFactory - Registering IdentifierGenerator strategy [identity] -> [org.hibernate.id.IdentityGenerator]
13:23:05.383 [Test worker] DEBUG o.h.i.f.i.DefaultIdentifierGeneratorFactory - Registering IdentifierGenerator strategy [select] -> [org.hibernate.id.SelectGenerator]
13:23:05.383 [Test worker] DEBUG o.h.i.f.i.DefaultIdentifierGeneratorFactory - Registering IdentifierGenerator strategy [sequence] -> [org.hibernate.id.SequenceGenerator]
13:23:05.383 [Test worker] DEBUG o.h.i.f.i.DefaultIdentifierGeneratorFactory - Registering IdentifierGenerator strategy [seqhilo] -> [org.hibernate.id.SequenceHiLoGenerator]
13:23:05.384 [Test worker] DEBUG o.h.i.f.i.DefaultIdentifierGeneratorFactory - Registering IdentifierGenerator strategy [increment] -> [org.hibernate.id.IncrementGenerator]
13:23:05.384 [Test worker] DEBUG o.h.i.f.i.DefaultIdentifierGeneratorFactory - Registering IdentifierGenerator strategy [foreign] -> [org.hibernate.id.ForeignGenerator]
13:23:05.385 [Test worker] DEBUG o.h.i.f.i.DefaultIdentifierGeneratorFactory - Registering IdentifierGenerator strategy [sequence-identity] -> [org.hibernate.id.SequenceIdentityGenerator]
13:23:05.385 [Test worker] DEBUG o.h.i.f.i.DefaultIdentifierGeneratorFactory - Registering IdentifierGenerator strategy [enhanced-sequence] -> [org.hibernate.id.enhanced.SequenceStyleGenerator]
13:23:05.386 [Test worker] DEBUG o.h.i.f.i.DefaultIdentifierGeneratorFactory - Registering IdentifierGenerator strategy [enhanced-table] -> [org.hibernate.id.enhanced.TableGenerator]
13:23:05.399 [Test worker] DEBUG org.hibernate.cfg.Configuration - Preparing to build session factory with filters : {}
13:23:05.409 [Test worker] DEBUG o.s.j.d.SimpleDriverDataSource - Creating new JDBC Driver Connection to [jdbc:hsqldb:mem:testdb]
13:23:05.414 [Test worker] DEBUG o.h.e.jdbc.internal.JdbcServicesImpl - Database ->
       name : HSQL Database Engine
    version : 2.3.2
      major : 2
      minor : 3
13:23:05.414 [Test worker] DEBUG o.h.e.jdbc.internal.JdbcServicesImpl - Driver ->
       name : HSQL Database Engine Driver
    version : 2.3.2
      major : 2
      minor : 3
13:23:05.414 [Test worker] DEBUG o.h.e.jdbc.internal.JdbcServicesImpl - JDBC version : 4.0
13:23:05.428 [Test worker] INFO  org.hibernate.dialect.Dialect - HHH000400: Using dialect: org.hibernate.dialect.MySQL5Dialect
13:23:05.458 [Test worker] DEBUG org.hibernate.cfg.Configuration - Processing hbm.xml files
13:23:05.458 [Test worker] DEBUG org.hibernate.cfg.Configuration - Process annotated classes
13:23:05.461 [Test worker] DEBUG org.hibernate.cfg.AnnotationBinder - Binding entity from annotated class: org.project.neutrino.nfvo.catalogue.mano.common.NFVEntityDescriptor
13:23:05.476 [Test worker] DEBUG o.h.cfg.annotations.EntityBinder - Import with entity name NFVEntityDescriptor
13:23:05.480 [Test worker] DEBUG o.h.cfg.annotations.EntityBinder - Bind entity org.project.neutrino.nfvo.catalogue.mano.common.NFVEntityDescriptor on table nfventity_descriptor
13:23:05.499 [Test worker] DEBUG org.hibernate.cfg.Ejb3Column - Binding column: Ejb3Column{table=org.hibernate.mapping.Table(nfventity_descriptor), mappingColumn=id, insertable=true, updatable=true, unique=false}
13:23:05.500 [Test worker] DEBUG o.h.cfg.annotations.PropertyBinder - MetadataSourceProcessor property Id with lazy=false
13:23:05.502 [Test worker] DEBUG o.h.cfg.AbstractPropertyHolder - Attempting to locate auto-apply AttributeConverter for property [org.project.neutrino.nfvo.catalogue.mano.common.NFVEntityDescriptor:Id]
13:23:05.502 [Test worker] DEBUG o.h.c.annotations.SimpleValueBinder - building SimpleValue for Id
13:23:05.503 [Test worker] DEBUG o.h.cfg.annotations.PropertyBinder - Building property Id
13:23:05.506 [Test worker] DEBUG org.hibernate.cfg.Ejb3Column - Binding column: Ejb3JoinColumn{logicalColumnName='null', referencedColumn='null', mappedBy=''}
13:23:05.506 [Test worker] DEBUG org.hibernate.cfg.Ejb3Column - Binding column: Ejb3Column{table=org.hibernate.mapping.Table(nfventity_descriptor), mappingColumn=auto_scale_policy, insertable=true, updatable=true, unique=false}
13:23:05.507 [Test worker] DEBUG org.hibernate.cfg.Ejb3Column - Binding column: Ejb3Column{table=org.hibernate.mapping.Table(nfventity_descriptor), mappingColumn=null, insertable=true, updatable=true, unique=false}
13:23:05.513 [Test worker] DEBUG org.hibernate.cfg.Ejb3Column - Binding column: Ejb3Column{table=org.hibernate.mapping.Table(nfventity_descriptor), mappingColumn=element, insertable=true, updatable=true, unique=false}
13:23:05.513 [Test worker] DEBUG org.hibernate.cfg.Ejb3Column - Binding column: Ejb3Column{table=org.hibernate.mapping.Table(nfventity_descriptor), mappingColumn=auto_scale_policy_key, insertable=true, updatable=true, unique=false}
13:23:05.513 [Test worker] DEBUG org.hibernate.cfg.Ejb3Column - Binding column: Ejb3JoinColumn{logicalColumnName='auto_scale_policy_KEY', referencedColumn='null', mappedBy='null'}
13:23:05.514 [Test worker] DEBUG org.hibernate.cfg.Ejb3Column - Binding column: Ejb3JoinColumn{logicalColumnName='null', referencedColumn='null', mappedBy=''}
13:23:05.514 [Test worker] DEBUG org.hibernate.cfg.Ejb3Column - Binding column: Ejb3JoinColumn{logicalColumnName='null', referencedColumn='null', mappedBy=''}
13:23:05.514 [Test worker] DEBUG o.h.cfg.annotations.CollectionBinder - Collection role: org.project.neutrino.nfvo.catalogue.mano.common.NFVEntityDescriptor.auto_scale_policy
13:23:05.516 [Test worker] DEBUG o.h.cfg.annotations.PropertyBinder - Building property auto_scale_policy
13:23:05.516 [Test worker] DEBUG org.hibernate.cfg.Ejb3Column - Binding column: Ejb3JoinColumn{logicalColumnName='null', referencedColumn='null', mappedBy=''}
13:23:05.516 [Test worker] DEBUG org.hibernate.cfg.Ejb3Column - Binding column: Ejb3Column{table=org.hibernate.mapping.Table(nfventity_descriptor), mappingColumn=connection_point, insertable=true, updatable=true, unique=false}
13:23:05.517 [Test worker] DEBUG org.hibernate.cfg.Ejb3Column - Binding column: Ejb3Column{table=org.hibernate.mapping.Table(nfventity_descriptor), mappingColumn=null, insertable=true, updatable=true, unique=false}
13:23:05.517 [Test worker] DEBUG org.hibernate.cfg.Ejb3Column - Binding column: Ejb3Column{table=org.hibernate.mapping.Table(nfventity_descriptor), mappingColumn=element, insertable=true, updatable=true, unique=false}
13:23:05.517 [Test worker] DEBUG org.hibernate.cfg.Ejb3Column - Binding column: Ejb3Column{table=org.hibernate.mapping.Table(nfventity_descriptor), mappingColumn=connection_point_key, insertable=true, updatable=true, unique=false}
13:23:05.517 [Test worker] DEBUG org.hibernate.cfg.Ejb3Column - Binding column: Ejb3JoinColumn{logicalColumnName='connection_point_KEY', referencedColumn='null', mappedBy='null'}
13:23:05.517 [Test worker] DEBUG org.hibernate.cfg.Ejb3Column - Binding column: Ejb3JoinColumn{logicalColumnName='null', referencedColumn='null', mappedBy=''}
13:23:05.517 [Test worker] DEBUG org.hibernate.cfg.Ejb3Column - Binding column: Ejb3JoinColumn{logicalColumnName='null', referencedColumn='null', mappedBy=''}
13:23:05.517 [Test worker] DEBUG o.h.cfg.annotations.CollectionBinder - Collection role: org.project.neutrino.nfvo.catalogue.mano.common.NFVEntityDescriptor.connection_point
13:23:05.517 [Test worker] DEBUG o.h.cfg.annotations.PropertyBinder - Building property connection_point
13:23:05.518 [Test worker] DEBUG org.hibernate.cfg.Ejb3Column - Binding column: Ejb3Column{table=org.hibernate.mapping.Table(nfventity_descriptor), mappingColumn=hb_version, insertable=true, updatable=true, unique=false}
13:23:05.518 [Test worker] DEBUG o.h.cfg.annotations.PropertyBinder - MetadataSourceProcessor property hb_version with lazy=false
13:23:05.518 [Test worker] DEBUG o.h.cfg.AbstractPropertyHolder - Attempting to locate auto-apply AttributeConverter for property [org.project.neutrino.nfvo.catalogue.mano.common.NFVEntityDescriptor:hb_version]
13:23:05.518 [Test worker] DEBUG o.h.c.annotations.SimpleValueBinder - building SimpleValue for hb_version
13:23:05.518 [Test worker] DEBUG o.h.cfg.annotations.PropertyBinder - Building property hb_version
13:23:05.518 [Test worker] DEBUG org.hibernate.cfg.Ejb3Column - Binding column: Ejb3JoinColumn{logicalColumnName='null', referencedColumn='null', mappedBy=''}
13:23:05.519 [Test worker] DEBUG org.hibernate.cfg.Ejb3Column - Binding column: Ejb3Column{table=org.hibernate.mapping.Table(nfventity_descriptor), mappingColumn=lifecycle_event, insertable=true, updatable=true, unique=false}
13:23:05.519 [Test worker] DEBUG org.hibernate.cfg.Ejb3Column - Binding column: Ejb3Column{table=org.hibernate.mapping.Table(nfventity_descriptor), mappingColumn=null, insertable=true, updatable=true, unique=false}
13:23:05.519 [Test worker] DEBUG org.hibernate.cfg.Ejb3Column - Binding column: Ejb3Column{table=org.hibernate.mapping.Table(nfventity_descriptor), mappingColumn=element, insertable=true, updatable=true, unique=false}
13:23:05.519 [Test worker] DEBUG org.hibernate.cfg.Ejb3Column - Binding column: Ejb3Column{table=org.hibernate.mapping.Table(nfventity_descriptor), mappingColumn=lifecycle_event_key, insertable=true, updatable=true, unique=false}
13:23:05.519 [Test worker] DEBUG org.hibernate.cfg.Ejb3Column - Binding column: Ejb3JoinColumn{logicalColumnName='lifecycle_event_KEY', referencedColumn='null', mappedBy='null'}
13:23:05.519 [Test worker] DEBUG org.hibernate.cfg.Ejb3Column - Binding column: Ejb3JoinColumn{logicalColumnName='null', referencedColumn='null', mappedBy=''}
13:23:05.519 [Test worker] DEBUG org.hibernate.cfg.Ejb3Column - Binding column: Ejb3JoinColumn{logicalColumnName='null', referencedColumn='null', mappedBy=''}
13:23:05.519 [Test worker] DEBUG o.h.cfg.annotations.CollectionBinder - Collection role: org.project.neutrino.nfvo.catalogue.mano.common.NFVEntityDescriptor.lifecycle_event
13:23:05.520 [Test worker] DEBUG o.h.cfg.annotations.PropertyBinder - Building property lifecycle_event
13:23:05.520 [Test worker] DEBUG org.hibernate.cfg.Ejb3Column - Binding column: Ejb3JoinColumn{logicalColumnName='null', referencedColumn='null', mappedBy=''}
13:23:05.520 [Test worker] DEBUG org.hibernate.cfg.Ejb3Column - Binding column: Ejb3Column{table=org.hibernate.mapping.Table(nfventity_descriptor), mappingColumn=monitoring_parameter, insertable=true, updatable=true, unique=false}
13:23:05.520 [Test worker] DEBUG org.hibernate.cfg.Ejb3Column - Binding column: Ejb3Column{table=org.hibernate.mapping.Table(nfventity_descriptor), mappingColumn=null, insertable=true, updatable=true, unique=false}
13:23:05.520 [Test worker] DEBUG org.hibernate.cfg.Ejb3Column - Binding column: Ejb3Column{table=org.hibernate.mapping.Table(nfventity_descriptor), mappingColumn=monitoring_parameter, insertable=true, updatable=true, unique=false}
13:23:05.520 [Test worker] DEBUG org.hibernate.cfg.Ejb3Column - Binding column: Ejb3Column{table=org.hibernate.mapping.Table(nfventity_descriptor), mappingColumn=monitoring_parameter_key, insertable=true, updatable=true, unique=false}
13:23:05.521 [Test worker] DEBUG org.hibernate.cfg.Ejb3Column - Binding column: Ejb3JoinColumn{logicalColumnName='monitoring_parameter_KEY', referencedColumn='null', mappedBy='null'}
13:23:05.521 [Test worker] DEBUG org.hibernate.cfg.Ejb3Column - Binding column: Ejb3JoinColumn{logicalColumnName='null', referencedColumn='null', mappedBy=''}
13:23:05.521 [Test worker] DEBUG org.hibernate.cfg.Ejb3Column - Binding column: Ejb3JoinColumn{logicalColumnName='null', referencedColumn='null', mappedBy=''}
13:23:05.521 [Test worker] DEBUG o.h.cfg.annotations.CollectionBinder - Collection role: org.project.neutrino.nfvo.catalogue.mano.common.NFVEntityDescriptor.monitoring_parameter
13:23:05.521 [Test worker] DEBUG o.h.cfg.annotations.PropertyBinder - Building property monitoring_parameter
13:23:05.521 [Test worker] DEBUG org.hibernate.cfg.Ejb3Column - Binding column: Ejb3JoinColumn{logicalColumnName='null', referencedColumn='null', mappedBy=''}
13:23:05.521 [Test worker] DEBUG org.hibernate.cfg.Ejb3Column - Binding column: Ejb3Column{table=org.hibernate.mapping.Table(nfventity_descriptor), mappingColumn=service_deployment_flavour, insertable=true, updatable=true, unique=false}
13:23:05.522 [Test worker] DEBUG org.hibernate.cfg.Ejb3Column - Binding column: Ejb3Column{table=org.hibernate.mapping.Table(nfventity_descriptor), mappingColumn=null, insertable=true, updatable=true, unique=false}
13:23:05.522 [Test worker] DEBUG org.hibernate.cfg.Ejb3Column - Binding column: Ejb3Column{table=org.hibernate.mapping.Table(nfventity_descriptor), mappingColumn=element, insertable=true, updatable=true, unique=false}
13:23:05.522 [Test worker] DEBUG org.hibernate.cfg.Ejb3Column - Binding column: Ejb3Column{table=org.hibernate.mapping.Table(nfventity_descriptor), mappingColumn=service_deployment_flavour_key, insertable=true, updatable=true, unique=false}
13:23:05.522 [Test worker] DEBUG org.hibernate.cfg.Ejb3Column - Binding column: Ejb3JoinColumn{logicalColumnName='service_deployment_flavour_KEY', referencedColumn='null', mappedBy='null'}
13:23:05.522 [Test worker] DEBUG org.hibernate.cfg.Ejb3Column - Binding column: Ejb3JoinColumn{logicalColumnName='null', referencedColumn='null', mappedBy=''}
13:23:05.522 [Test worker] DEBUG org.hibernate.cfg.Ejb3Column - Binding column: Ejb3JoinColumn{logicalColumnName='null', referencedColumn='null', mappedBy=''}
13:23:05.522 [Test worker] DEBUG o.h.cfg.annotations.CollectionBinder - Collection role: org.project.neutrino.nfvo.catalogue.mano.common.NFVEntityDescriptor.service_deployment_flavour
13:23:05.522 [Test worker] DEBUG o.h.cfg.annotations.PropertyBinder - Building property service_deployment_flavour
13:23:05.523 [Test worker] DEBUG org.hibernate.cfg.Ejb3Column - Binding column: Ejb3Column{table=org.hibernate.mapping.Table(nfventity_descriptor), mappingColumn=vendor, insertable=true, updatable=true, unique=false}
13:23:05.523 [Test worker] DEBUG o.h.cfg.annotations.PropertyBinder - MetadataSourceProcessor property vendor with lazy=false
13:23:05.523 [Test worker] DEBUG o.h.cfg.AbstractPropertyHolder - Attempting to locate auto-apply AttributeConverter for property [org.project.neutrino.nfvo.catalogue.mano.common.NFVEntityDescriptor:vendor]
13:23:05.523 [Test worker] DEBUG o.h.c.annotations.SimpleValueBinder - building SimpleValue for vendor
13:23:05.523 [Test worker] DEBUG o.h.cfg.annotations.PropertyBinder - Building property vendor
13:23:05.523 [Test worker] DEBUG org.hibernate.cfg.Ejb3Column - Binding column: Ejb3Column{table=org.hibernate.mapping.Table(nfventity_descriptor), mappingColumn=version, insertable=true, updatable=true, unique=false}
13:23:05.523 [Test worker] DEBUG o.h.cfg.annotations.PropertyBinder - MetadataSourceProcessor property version with lazy=false
13:23:05.524 [Test worker] DEBUG o.h.cfg.AbstractPropertyHolder - Attempting to locate auto-apply AttributeConverter for property [org.project.neutrino.nfvo.catalogue.mano.common.NFVEntityDescriptor:version]
13:23:05.524 [Test worker] DEBUG o.h.c.annotations.SimpleValueBinder - building SimpleValue for version
13:23:05.524 [Test worker] DEBUG o.h.cfg.annotations.PropertyBinder - Building property version
13:23:05.524 [Test worker] DEBUG org.hibernate.cfg.Ejb3Column - Binding column: Ejb3JoinColumn{logicalColumnName='null', referencedColumn='null', mappedBy=''}
13:23:05.524 [Test worker] DEBUG org.hibernate.cfg.Ejb3Column - Binding column: Ejb3Column{table=org.hibernate.mapping.Table(nfventity_descriptor), mappingColumn=vld, insertable=true, updatable=true, unique=false}
13:23:05.524 [Test worker] DEBUG org.hibernate.cfg.Ejb3Column - Binding column: Ejb3Column{table=org.hibernate.mapping.Table(nfventity_descriptor), mappingColumn=null, insertable=true, updatable=true, unique=false}
13:23:05.524 [Test worker] DEBUG org.hibernate.cfg.Ejb3Column - Binding column: Ejb3Column{table=org.hibernate.mapping.Table(nfventity_descriptor), mappingColumn=element, insertable=true, updatable=true, unique=false}
13:23:05.524 [Test worker] DEBUG org.hibernate.cfg.Ejb3Column - Binding column: Ejb3Column{table=org.hibernate.mapping.Table(nfventity_descriptor), mappingColumn=vld_key, insertable=true, updatable=true, unique=false}
13:23:05.525 [Test worker] DEBUG org.hibernate.cfg.Ejb3Column - Binding column: Ejb3JoinColumn{logicalColumnName='vld_KEY', referencedColumn='null', mappedBy='null'}
13:23:05.525 [Test worker] DEBUG org.hibernate.cfg.Ejb3Column - Binding column: Ejb3JoinColumn{logicalColumnName='null', referencedColumn='null', mappedBy=''}
13:23:05.525 [Test worker] DEBUG org.hibernate.cfg.Ejb3Column - Binding column: Ejb3JoinColumn{logicalColumnName='null', referencedColumn='null', mappedBy=''}
13:23:05.525 [Test worker] DEBUG o.h.cfg.annotations.CollectionBinder - Collection role: org.project.neutrino.nfvo.catalogue.mano.common.NFVEntityDescriptor.vld
13:23:05.525 [Test worker] DEBUG o.h.cfg.annotations.PropertyBinder - Building property vld
13:23:05.525 [Test worker] DEBUG org.hibernate.cfg.Ejb3Column - Binding column: Ejb3JoinColumn{logicalColumnName='null', referencedColumn='null', mappedBy=''}
13:23:05.525 [Test worker] DEBUG org.hibernate.cfg.Ejb3Column - Binding column: Ejb3Column{table=org.hibernate.mapping.Table(nfventity_descriptor), mappingColumn=vnffgd, insertable=true, updatable=true, unique=false}
13:23:05.525 [Test worker] DEBUG org.hibernate.cfg.Ejb3Column - Binding column: Ejb3Column{table=org.hibernate.mapping.Table(nfventity_descriptor), mappingColumn=null, insertable=true, updatable=true, unique=false}
13:23:05.526 [Test worker] DEBUG org.hibernate.cfg.Ejb3Column - Binding column: Ejb3Column{table=org.hibernate.mapping.Table(nfventity_descriptor), mappingColumn=element, insertable=true, updatable=true, unique=false}
13:23:05.526 [Test worker] DEBUG org.hibernate.cfg.Ejb3Column - Binding column: Ejb3Column{table=org.hibernate.mapping.Table(nfventity_descriptor), mappingColumn=vnffgd_key, insertable=true, updatable=true, unique=false}
13:23:05.526 [Test worker] DEBUG org.hibernate.cfg.Ejb3Column - Binding column: Ejb3JoinColumn{logicalColumnName='vnffgd_KEY', referencedColumn='null', mappedBy='null'}
13:23:05.526 [Test worker] DEBUG org.hibernate.cfg.Ejb3Column - Binding column: Ejb3JoinColumn{logicalColumnName='null', referencedColumn='null', mappedBy=''}
13:23:05.526 [Test worker] DEBUG org.hibernate.cfg.Ejb3Column - Binding column: Ejb3JoinColumn{logicalColumnName='null', referencedColumn='null', mappedBy=''}
13:23:05.526 [Test worker] DEBUG o.h.cfg.annotations.CollectionBinder - Collection role: org.project.neutrino.nfvo.catalogue.mano.common.NFVEntityDescriptor.vnffgd
13:23:05.526 [Test worker] DEBUG o.h.cfg.annotations.PropertyBinder - Building property vnffgd
13:23:05.527 [Test worker] DEBUG org.hibernate.cfg.AnnotationBinder - Binding entity from annotated class: org.project.neutrino.nfvo.catalogue.mano.descriptor.VirtualNetworkFunctionDescriptor
13:23:05.528 [Test worker] DEBUG o.h.cfg.annotations.EntityBinder - Import with entity name VirtualNetworkFunctionDescriptor
13:23:05.528 [Test worker] DEBUG o.h.cfg.annotations.EntityBinder - Bind entity org.project.neutrino.nfvo.catalogue.mano.descriptor.VirtualNetworkFunctionDescriptor on table virtual_network_function_descriptor
13:23:05.531 [Test worker] DEBUG org.hibernate.cfg.Ejb3Column - Binding column: Ejb3JoinColumn{logicalColumnName='null', referencedColumn='null', mappedBy=''}
13:23:05.531 [Test worker] DEBUG org.hibernate.cfg.Ejb3Column - Binding column: Ejb3Column{table=org.hibernate.mapping.DenormalizedTable(virtual_network_function_descriptor), mappingColumn=deployment_flavour, insertable=true, updatable=true, unique=false}
13:23:05.531 [Test worker] DEBUG org.hibernate.cfg.Ejb3Column - Binding column: Ejb3Column{table=org.hibernate.mapping.DenormalizedTable(virtual_network_function_descriptor), mappingColumn=null, insertable=true, updatable=true, unique=false}
13:23:05.531 [Test worker] DEBUG org.hibernate.cfg.Ejb3Column - Binding column: Ejb3Column{table=org.hibernate.mapping.DenormalizedTable(virtual_network_function_descriptor), mappingColumn=element, insertable=true, updatable=true, unique=false}
13:23:05.531 [Test worker] DEBUG org.hibernate.cfg.Ejb3Column - Binding column: Ejb3Column{table=org.hibernate.mapping.DenormalizedTable(virtual_network_function_descriptor), mappingColumn=deployment_flavour_key, insertable=true, updatable=true, unique=false}
13:23:05.531 [Test worker] DEBUG org.hibernate.cfg.Ejb3Column - Binding column: Ejb3JoinColumn{logicalColumnName='deployment_flavour_KEY', referencedColumn='null', mappedBy='null'}
13:23:05.532 [Test worker] DEBUG org.hibernate.cfg.Ejb3Column - Binding column: Ejb3JoinColumn{logicalColumnName='null', referencedColumn='null', mappedBy=''}
13:23:05.532 [Test worker] DEBUG org.hibernate.cfg.Ejb3Column - Binding column: Ejb3JoinColumn{logicalColumnName='null', referencedColumn='null', mappedBy=''}
13:23:05.532 [Test worker] DEBUG o.h.cfg.annotations.CollectionBinder - Collection role: org.project.neutrino.nfvo.catalogue.mano.descriptor.VirtualNetworkFunctionDescriptor.deployment_flavour
13:23:05.532 [Test worker] DEBUG o.h.cfg.annotations.PropertyBinder - Building property deployment_flavour
13:23:05.532 [Test worker] DEBUG org.hibernate.cfg.Ejb3Column - Binding column: Ejb3Column{table=org.hibernate.mapping.DenormalizedTable(virtual_network_function_descriptor), mappingColumn=descriptor_version, insertable=true, updatable=true, unique=false}
13:23:05.532 [Test worker] DEBUG o.h.cfg.annotations.PropertyBinder - MetadataSourceProcessor property descriptor_version with lazy=false
13:23:05.532 [Test worker] DEBUG o.h.cfg.AbstractPropertyHolder - Attempting to locate auto-apply AttributeConverter for property [org.project.neutrino.nfvo.catalogue.mano.descriptor.VirtualNetworkFunctionDescriptor:descriptor_version]
13:23:05.532 [Test worker] DEBUG o.h.c.annotations.SimpleValueBinder - building SimpleValue for descriptor_version
13:23:05.533 [Test worker] DEBUG o.h.cfg.annotations.PropertyBinder - Building property descriptor_version
13:23:05.533 [Test worker] DEBUG org.hibernate.cfg.Ejb3Column - Binding column: Ejb3Column{table=org.hibernate.mapping.DenormalizedTable(virtual_network_function_descriptor), mappingColumn=manifest_file, insertable=true, updatable=true, unique=false}
13:23:05.533 [Test worker] DEBUG o.h.cfg.annotations.PropertyBinder - MetadataSourceProcessor property manifest_file with lazy=false
13:23:05.533 [Test worker] DEBUG o.h.cfg.AbstractPropertyHolder - Attempting to locate auto-apply AttributeConverter for property [org.project.neutrino.nfvo.catalogue.mano.descriptor.VirtualNetworkFunctionDescriptor:manifest_file]
13:23:05.533 [Test worker] DEBUG o.h.c.annotations.SimpleValueBinder - building SimpleValue for manifest_file
13:23:05.533 [Test worker] DEBUG o.h.cfg.annotations.PropertyBinder - Building property manifest_file
13:23:05.533 [Test worker] DEBUG org.hibernate.cfg.Ejb3Column - Binding column: Ejb3JoinColumn{logicalColumnName='null', referencedColumn='null', mappedBy=''}
13:23:05.534 [Test worker] DEBUG org.hibernate.cfg.Ejb3Column - Binding column: Ejb3Column{table=org.hibernate.mapping.DenormalizedTable(virtual_network_function_descriptor), mappingColumn=manifest_file_security, insertable=true, updatable=true, unique=false}
13:23:05.534 [Test worker] DEBUG org.hibernate.cfg.Ejb3Column - Binding column: Ejb3Column{table=org.hibernate.mapping.DenormalizedTable(virtual_network_function_descriptor), mappingColumn=null, insertable=true, updatable=true, unique=false}
13:23:05.534 [Test worker] DEBUG org.hibernate.cfg.Ejb3Column - Binding column: Ejb3Column{table=org.hibernate.mapping.DenormalizedTable(virtual_network_function_descriptor), mappingColumn=element, insertable=true, updatable=true, unique=false}
13:23:05.534 [Test worker] DEBUG org.hibernate.cfg.Ejb3Column - Binding column: Ejb3Column{table=org.hibernate.mapping.DenormalizedTable(virtual_network_function_descriptor), mappingColumn=manifest_file_security_key, insertable=true, updatable=true, unique=false}
13:23:05.534 [Test worker] DEBUG org.hibernate.cfg.Ejb3Column - Binding column: Ejb3JoinColumn{logicalColumnName='manifest_file_security_KEY', referencedColumn='null', mappedBy='null'}
13:23:05.534 [Test worker] DEBUG org.hibernate.cfg.Ejb3Column - Binding column: Ejb3JoinColumn{logicalColumnName='null', referencedColumn='null', mappedBy=''}
13:23:05.534 [Test worker] DEBUG org.hibernate.cfg.Ejb3Column - Binding column: Ejb3JoinColumn{logicalColumnName='null', referencedColumn='null', mappedBy=''}
13:23:05.535 [Test worker] DEBUG o.h.cfg.annotations.CollectionBinder - Collection role: org.project.neutrino.nfvo.catalogue.mano.descriptor.VirtualNetworkFunctionDescriptor.manifest_file_security
13:23:05.535 [Test worker] DEBUG o.h.cfg.annotations.PropertyBinder - Building property manifest_file_security
13:23:05.535 [Test worker] DEBUG org.hibernate.cfg.Ejb3Column - Binding column: Ejb3JoinColumn{logicalColumnName='null', referencedColumn='null', mappedBy=''}
13:23:05.535 [Test worker] DEBUG org.hibernate.cfg.Ejb3Column - Binding column: Ejb3Column{table=org.hibernate.mapping.DenormalizedTable(virtual_network_function_descriptor), mappingColumn=vdu, insertable=true, updatable=true, unique=false}
13:23:05.535 [Test worker] DEBUG org.hibernate.cfg.Ejb3Column - Binding column: Ejb3Column{table=org.hibernate.mapping.DenormalizedTable(virtual_network_function_descriptor), mappingColumn=null, insertable=true, updatable=true, unique=false}
13:23:05.535 [Test worker] DEBUG org.hibernate.cfg.Ejb3Column - Binding column: Ejb3Column{table=org.hibernate.mapping.DenormalizedTable(virtual_network_function_descriptor), mappingColumn=element, insertable=true, updatable=true, unique=false}
13:23:05.535 [Test worker] DEBUG org.hibernate.cfg.Ejb3Column - Binding column: Ejb3Column{table=org.hibernate.mapping.DenormalizedTable(virtual_network_function_descriptor), mappingColumn=vdu_key, insertable=true, updatable=true, unique=false}
13:23:05.536 [Test worker] DEBUG org.hibernate.cfg.Ejb3Column - Binding column: Ejb3JoinColumn{logicalColumnName='vdu_KEY', referencedColumn='null', mappedBy='null'}
13:23:05.536 [Test worker] DEBUG org.hibernate.cfg.Ejb3Column - Binding column: Ejb3JoinColumn{logicalColumnName='null', referencedColumn='null', mappedBy=''}
13:23:05.536 [Test worker] DEBUG org.hibernate.cfg.Ejb3Column - Binding column: Ejb3JoinColumn{logicalColumnName='null', referencedColumn='null', mappedBy=''}
13:23:05.536 [Test worker] DEBUG o.h.cfg.annotations.CollectionBinder - Collection role: org.project.neutrino.nfvo.catalogue.mano.descriptor.VirtualNetworkFunctionDescriptor.vdu
13:23:05.536 [Test worker] DEBUG o.h.cfg.annotations.PropertyBinder - Building property vdu
13:23:05.536 [Test worker] DEBUG org.hibernate.cfg.Ejb3Column - Binding column: Ejb3JoinColumn{logicalColumnName='null', referencedColumn='null', mappedBy=''}
13:23:05.536 [Test worker] DEBUG org.hibernate.cfg.Ejb3Column - Binding column: Ejb3Column{table=org.hibernate.mapping.DenormalizedTable(virtual_network_function_descriptor), mappingColumn=vdu_dependency, insertable=true, updatable=true, unique=false}
13:23:05.537 [Test worker] DEBUG org.hibernate.cfg.Ejb3Column - Binding column: Ejb3Column{table=org.hibernate.mapping.DenormalizedTable(virtual_network_function_descriptor), mappingColumn=null, insertable=true, updatable=true, unique=false}
13:23:05.537 [Test worker] DEBUG org.hibernate.cfg.Ejb3Column - Binding column: Ejb3Column{table=org.hibernate.mapping.DenormalizedTable(virtual_network_function_descriptor), mappingColumn=element, insertable=true, updatable=true, unique=false}
13:23:05.537 [Test worker] DEBUG org.hibernate.cfg.Ejb3Column - Binding column: Ejb3Column{table=org.hibernate.mapping.DenormalizedTable(virtual_network_function_descriptor), mappingColumn=vdu_dependency_key, insertable=true, updatable=true, unique=false}
13:23:05.537 [Test worker] DEBUG org.hibernate.cfg.Ejb3Column - Binding column: Ejb3JoinColumn{logicalColumnName='vdu_dependency_KEY', referencedColumn='null', mappedBy='null'}
13:23:05.537 [Test worker] DEBUG org.hibernate.cfg.Ejb3Column - Binding column: Ejb3JoinColumn{logicalColumnName='null', referencedColumn='null', mappedBy=''}
13:23:05.537 [Test worker] DEBUG org.hibernate.cfg.Ejb3Column - Binding column: Ejb3JoinColumn{logicalColumnName='null', referencedColumn='null', mappedBy=''}
13:23:05.537 [Test worker] DEBUG o.h.cfg.annotations.CollectionBinder - Collection role: org.project.neutrino.nfvo.catalogue.mano.descriptor.VirtualNetworkFunctionDescriptor.vdu_dependency
13:23:05.538 [Test worker] DEBUG o.h.cfg.annotations.PropertyBinder - Building property vdu_dependency
13:23:05.538 [Test worker] DEBUG org.hibernate.cfg.Ejb3Column - Binding column: Ejb3JoinColumn{logicalColumnName='null', referencedColumn='null', mappedBy=''}
13:23:05.538 [Test worker] DEBUG org.hibernate.cfg.Ejb3Column - Binding column: Ejb3Column{table=org.hibernate.mapping.DenormalizedTable(virtual_network_function_descriptor), mappingColumn=virtual_link, insertable=true, updatable=true, unique=false}
13:23:05.538 [Test worker] DEBUG org.hibernate.cfg.Ejb3Column - Binding column: Ejb3Column{table=org.hibernate.mapping.DenormalizedTable(virtual_network_function_descriptor), mappingColumn=null, insertable=true, updatable=true, unique=false}
13:23:05.538 [Test worker] DEBUG org.hibernate.cfg.Ejb3Column - Binding column: Ejb3Column{table=org.hibernate.mapping.DenormalizedTable(virtual_network_function_descriptor), mappingColumn=element, insertable=true, updatable=true, unique=false}
13:23:05.538 [Test worker] DEBUG org.hibernate.cfg.Ejb3Column - Binding column: Ejb3Column{table=org.hibernate.mapping.DenormalizedTable(virtual_network_function_descriptor), mappingColumn=virtual_link_key, insertable=true, updatable=true, unique=false}
13:23:05.539 [Test worker] DEBUG org.hibernate.cfg.Ejb3Column - Binding column: Ejb3JoinColumn{logicalColumnName='virtual_link_KEY', referencedColumn='null', mappedBy='null'}
13:23:05.539 [Test worker] DEBUG org.hibernate.cfg.Ejb3Column - Binding column: Ejb3JoinColumn{logicalColumnName='null', referencedColumn='null', mappedBy=''}
13:23:05.539 [Test worker] DEBUG org.hibernate.cfg.Ejb3Column - Binding column: Ejb3JoinColumn{logicalColumnName='null', referencedColumn='null', mappedBy=''}
13:23:05.539 [Test worker] DEBUG o.h.cfg.annotations.CollectionBinder - Collection role: org.project.neutrino.nfvo.catalogue.mano.descriptor.VirtualNetworkFunctionDescriptor.virtual_link
13:23:05.539 [Test worker] DEBUG o.h.cfg.annotations.PropertyBinder - Building property virtual_link
13:23:05.539 [Test worker] DEBUG org.hibernate.cfg.AnnotationBinder - Binding entity from annotated class: org.project.neutrino.nfvo.catalogue.mano.common.VNFDependency
13:23:05.540 [Test worker] DEBUG org.hibernate.cfg.Ejb3Column - Binding column: Ejb3DiscriminatorColumn{logicalColumnName'DTYPE', discriminatorTypeName='string'}
13:23:05.541 [Test worker] DEBUG o.h.cfg.annotations.EntityBinder - Import with entity name VNFDependency
13:23:05.541 [Test worker] DEBUG o.h.cfg.annotations.EntityBinder - Bind entity org.project.neutrino.nfvo.catalogue.mano.common.VNFDependency on table vnfdependency
13:23:05.544 [Test worker] DEBUG org.hibernate.cfg.Ejb3Column - Binding column: Ejb3Column{table=org.hibernate.mapping.Table(vnfdependency), mappingColumn=id, insertable=true, updatable=true, unique=false}
13:23:05.544 [Test worker] DEBUG o.h.cfg.annotations.PropertyBinder - MetadataSourceProcessor property id with lazy=false
13:23:05.545 [Test worker] DEBUG o.h.cfg.AbstractPropertyHolder - Attempting to locate auto-apply AttributeConverter for property [org.project.neutrino.nfvo.catalogue.mano.common.VNFDependency:id]
13:23:05.545 [Test worker] DEBUG o.h.c.annotations.SimpleValueBinder - building SimpleValue for id
13:23:05.545 [Test worker] DEBUG o.h.cfg.annotations.PropertyBinder - Building property id
13:23:05.545 [Test worker] DEBUG org.hibernate.cfg.Ejb3Column - Binding column: Ejb3JoinColumn{logicalColumnName='null', referencedColumn='null', mappedBy=''}
13:23:05.545 [Test worker] DEBUG org.hibernate.cfg.Ejb3Column - Binding column: Ejb3Column{table=org.hibernate.mapping.Table(vnfdependency), mappingColumn=source, insertable=true, updatable=true, unique=false}
13:23:05.546 [Test worker] DEBUG o.h.cfg.annotations.PropertyBinder - Building property source
13:23:05.547 [Test worker] DEBUG org.hibernate.cfg.Ejb3Column - Binding column: Ejb3JoinColumn{logicalColumnName='null', referencedColumn='null', mappedBy=''}
13:23:05.547 [Test worker] DEBUG org.hibernate.cfg.Ejb3Column - Binding column: Ejb3Column{table=org.hibernate.mapping.Table(vnfdependency), mappingColumn=target, insertable=true, updatable=true, unique=false}
13:23:05.547 [Test worker] DEBUG o.h.cfg.annotations.PropertyBinder - Building property target
13:23:05.547 [Test worker] DEBUG org.hibernate.cfg.Ejb3Column - Binding column: Ejb3Column{table=org.hibernate.mapping.Table(vnfdependency), mappingColumn=version, insertable=true, updatable=true, unique=false}
13:23:05.547 [Test worker] DEBUG o.h.cfg.annotations.PropertyBinder - MetadataSourceProcessor property version with lazy=false
13:23:05.547 [Test worker] DEBUG o.h.cfg.AbstractPropertyHolder - Attempting to locate auto-apply AttributeConverter for property [org.project.neutrino.nfvo.catalogue.mano.common.VNFDependency:version]
13:23:05.547 [Test worker] DEBUG o.h.c.annotations.SimpleValueBinder - building SimpleValue for version
13:23:05.548 [Test worker] DEBUG o.h.cfg.annotations.PropertyBinder - Building property version
13:23:05.548 [Test worker] DEBUG org.hibernate.cfg.AnnotationBinder - Binding entity from annotated class: org.project.neutrino.nfvo.catalogue.mano.common.DeploymentFlavour
13:23:05.548 [Test worker] DEBUG o.h.cfg.annotations.EntityBinder - Import with entity name DeploymentFlavour
13:23:05.548 [Test worker] DEBUG o.h.cfg.annotations.EntityBinder - Bind entity org.project.neutrino.nfvo.catalogue.mano.common.DeploymentFlavour on table deployment_flavour
13:23:05.549 [Test worker] DEBUG org.hibernate.cfg.Ejb3Column - Binding column: Ejb3Column{table=org.hibernate.mapping.Table(deployment_flavour), mappingColumn=id, insertable=true, updatable=true, unique=false}
13:23:05.549 [Test worker] DEBUG o.h.cfg.annotations.PropertyBinder - MetadataSourceProcessor property id with lazy=false
13:23:05.549 [Test worker] DEBUG o.h.cfg.AbstractPropertyHolder - Attempting to locate auto-apply AttributeConverter for property [org.project.neutrino.nfvo.catalogue.mano.common.DeploymentFlavour:id]
13:23:05.549 [Test worker] DEBUG o.h.c.annotations.SimpleValueBinder - building SimpleValue for id
13:23:05.549 [Test worker] DEBUG o.h.cfg.annotations.PropertyBinder - Building property id
13:23:05.549 [Test worker] DEBUG org.hibernate.cfg.Ejb3Column - Binding column: Ejb3Column{table=org.hibernate.mapping.Table(deployment_flavour), mappingColumn=flavour_key, insertable=true, updatable=true, unique=false}
13:23:05.549 [Test worker] DEBUG o.h.cfg.annotations.PropertyBinder - MetadataSourceProcessor property flavour_key with lazy=false
13:23:05.550 [Test worker] DEBUG o.h.cfg.AbstractPropertyHolder - Attempting to locate auto-apply AttributeConverter for property [org.project.neutrino.nfvo.catalogue.mano.common.DeploymentFlavour:flavour_key]
13:23:05.550 [Test worker] DEBUG o.h.c.annotations.SimpleValueBinder - building SimpleValue for flavour_key
13:23:05.550 [Test worker] DEBUG o.h.cfg.annotations.PropertyBinder - Building property flavour_key
13:23:05.550 [Test worker] DEBUG org.hibernate.cfg.Ejb3Column - Binding column: Ejb3Column{table=org.hibernate.mapping.Table(deployment_flavour), mappingColumn=version, insertable=true, updatable=true, unique=false}
13:23:05.550 [Test worker] DEBUG o.h.cfg.annotations.PropertyBinder - MetadataSourceProcessor property version with lazy=false
13:23:05.550 [Test worker] DEBUG o.h.cfg.AbstractPropertyHolder - Attempting to locate auto-apply AttributeConverter for property [org.project.neutrino.nfvo.catalogue.mano.common.DeploymentFlavour:version]
13:23:05.550 [Test worker] DEBUG o.h.c.annotations.SimpleValueBinder - building SimpleValue for version
13:23:05.550 [Test worker] DEBUG o.h.cfg.annotations.PropertyBinder - Building property version
13:23:05.550 [Test worker] DEBUG org.hibernate.cfg.AnnotationBinder - Binding entity from annotated class: org.project.neutrino.nfvo.catalogue.mano.common.ServiceDeploymentFlavour
13:23:05.551 [Test worker] DEBUG o.h.cfg.annotations.EntityBinder - Import with entity name ServiceDeploymentFlavour
13:23:05.551 [Test worker] DEBUG o.h.cfg.annotations.EntityBinder - Bind entity org.project.neutrino.nfvo.catalogue.mano.common.ServiceDeploymentFlavour on table service_deployment_flavour
13:23:05.551 [Test worker] DEBUG org.hibernate.cfg.Ejb3Column - Binding column: Ejb3JoinColumn{logicalColumnName='null', referencedColumn='null', mappedBy=''}
13:23:05.552 [Test worker] DEBUG org.hibernate.cfg.Ejb3Column - Binding column: Ejb3Column{table=org.hibernate.mapping.DenormalizedTable(service_deployment_flavour), mappingColumn=constituent_vnf, insertable=true, updatable=true, unique=false}
13:23:05.552 [Test worker] DEBUG org.hibernate.cfg.Ejb3Column - Binding column: Ejb3Column{table=org.hibernate.mapping.DenormalizedTable(service_deployment_flavour), mappingColumn=null, insertable=true, updatable=true, unique=false}
13:23:05.552 [Test worker] DEBUG org.hibernate.cfg.Ejb3Column - Binding column: Ejb3Column{table=org.hibernate.mapping.DenormalizedTable(service_deployment_flavour), mappingColumn=element, insertable=true, updatable=true, unique=false}
13:23:05.552 [Test worker] DEBUG org.hibernate.cfg.Ejb3Column - Binding column: Ejb3Column{table=org.hibernate.mapping.DenormalizedTable(service_deployment_flavour), mappingColumn=constituent_vnf_key, insertable=true, updatable=true, unique=false}
13:23:05.552 [Test worker] DEBUG org.hibernate.cfg.Ejb3Column - Binding column: Ejb3JoinColumn{logicalColumnName='constituent_vnf_KEY', referencedColumn='null', mappedBy='null'}
13:23:05.553 [Test worker] DEBUG org.hibernate.cfg.Ejb3Column - Binding column: Ejb3JoinColumn{logicalColumnName='null', referencedColumn='null', mappedBy=''}
13:23:05.553 [Test worker] DEBUG org.hibernate.cfg.Ejb3Column - Binding column: Ejb3JoinColumn{logicalColumnName='null', referencedColumn='null', mappedBy=''}
13:23:05.553 [Test worker] DEBUG o.h.cfg.annotations.CollectionBinder - Collection role: org.project.neutrino.nfvo.catalogue.mano.common.ServiceDeploymentFlavour.constituent_vnf
13:23:05.553 [Test worker] DEBUG o.h.cfg.annotations.PropertyBinder - Building property constituent_vnf
13:23:05.553 [Test worker] DEBUG org.hibernate.cfg.AnnotationBinder - Binding entity from annotated class: org.project.neutrino.nfvo.catalogue.mano.descriptor.Policy
13:23:05.553 [Test worker] DEBUG org.hibernate.cfg.Ejb3Column - Binding column: Ejb3DiscriminatorColumn{logicalColumnName'DTYPE', discriminatorTypeName='string'}
13:23:05.553 [Test worker] DEBUG o.h.cfg.annotations.EntityBinder - Import with entity name Policy
13:23:05.554 [Test worker] DEBUG o.h.cfg.annotations.EntityBinder - Bind entity org.project.neutrino.nfvo.catalogue.mano.descriptor.Policy on table policy
13:23:05.555 [Test worker] DEBUG org.hibernate.cfg.Ejb3Column - Binding column: Ejb3Column{table=org.hibernate.mapping.Table(policy), mappingColumn=id, insertable=true, updatable=true, unique=false}
13:23:05.556 [Test worker] DEBUG o.h.cfg.annotations.PropertyBinder - MetadataSourceProcessor property id with lazy=false
13:23:05.556 [Test worker] DEBUG o.h.cfg.AbstractPropertyHolder - Attempting to locate auto-apply AttributeConverter for property [org.project.neutrino.nfvo.catalogue.mano.descriptor.Policy:id]
13:23:05.556 [Test worker] DEBUG o.h.c.annotations.SimpleValueBinder - building SimpleValue for id
13:23:05.556 [Test worker] DEBUG o.h.cfg.annotations.PropertyBinder - Building property id
13:23:05.557 [Test worker] DEBUG org.hibernate.cfg.Ejb3Column - Binding column: Ejb3Column{table=org.hibernate.mapping.Table(policy), mappingColumn=version, insertable=true, updatable=true, unique=false}
13:23:05.557 [Test worker] DEBUG o.h.cfg.annotations.PropertyBinder - MetadataSourceProcessor property version with lazy=false
13:23:05.557 [Test worker] DEBUG o.h.cfg.AbstractPropertyHolder - Attempting to locate auto-apply AttributeConverter for property [org.project.neutrino.nfvo.catalogue.mano.descriptor.Policy:version]
13:23:05.557 [Test worker] DEBUG o.h.c.annotations.SimpleValueBinder - building SimpleValue for version
13:23:05.557 [Test worker] DEBUG o.h.cfg.annotations.PropertyBinder - Building property version
13:23:05.557 [Test worker] DEBUG org.hibernate.cfg.AnnotationBinder - Binding entity from annotated class: org.project.neutrino.nfvo.catalogue.mano.descriptor.NetworkServiceDescriptor
13:23:05.557 [Test worker] DEBUG o.h.cfg.annotations.EntityBinder - Import with entity name NetworkServiceDescriptor
13:23:05.557 [Test worker] DEBUG o.h.cfg.annotations.EntityBinder - Bind entity org.project.neutrino.nfvo.catalogue.mano.descriptor.NetworkServiceDescriptor on table network_service_descriptor
13:23:05.559 [Test worker] DEBUG org.hibernate.cfg.Ejb3Column - Binding column: Ejb3JoinColumn{logicalColumnName='null', referencedColumn='null', mappedBy=''}
13:23:05.560 [Test worker] DEBUG org.hibernate.cfg.Ejb3Column - Binding column: Ejb3Column{table=org.hibernate.mapping.DenormalizedTable(network_service_descriptor), mappingColumn=nsd_security, insertable=true, updatable=true, unique=false}
13:23:05.560 [Test worker] DEBUG o.h.cfg.annotations.PropertyBinder - Building property nsd_security
13:23:05.560 [Test worker] DEBUG org.hibernate.cfg.Ejb3Column - Binding column: Ejb3JoinColumn{logicalColumnName='null', referencedColumn='null', mappedBy=''}
13:23:05.560 [Test worker] DEBUG org.hibernate.cfg.Ejb3Column - Binding column: Ejb3Column{table=org.hibernate.mapping.DenormalizedTable(network_service_descriptor), mappingColumn=pnfd, insertable=true, updatable=true, unique=false}
13:23:05.560 [Test worker] DEBUG org.hibernate.cfg.Ejb3Column - Binding column: Ejb3Column{table=org.hibernate.mapping.DenormalizedTable(network_service_descriptor), mappingColumn=null, insertable=true, updatable=true, unique=false}
13:23:05.561 [Test worker] DEBUG org.hibernate.cfg.Ejb3Column - Binding column: Ejb3Column{table=org.hibernate.mapping.DenormalizedTable(network_service_descriptor), mappingColumn=element, insertable=true, updatable=true, unique=false}
13:23:05.561 [Test worker] DEBUG org.hibernate.cfg.Ejb3Column - Binding column: Ejb3Column{table=org.hibernate.mapping.DenormalizedTable(network_service_descriptor), mappingColumn=pnfd_key, insertable=true, updatable=true, unique=false}
13:23:05.561 [Test worker] DEBUG org.hibernate.cfg.Ejb3Column - Binding column: Ejb3JoinColumn{logicalColumnName='pnfd_KEY', referencedColumn='null', mappedBy='null'}
13:23:05.561 [Test worker] DEBUG org.hibernate.cfg.Ejb3Column - Binding column: Ejb3JoinColumn{logicalColumnName='null', referencedColumn='null', mappedBy=''}
13:23:05.561 [Test worker] DEBUG org.hibernate.cfg.Ejb3Column - Binding column: Ejb3JoinColumn{logicalColumnName='null', referencedColumn='null', mappedBy=''}
13:23:05.561 [Test worker] DEBUG o.h.cfg.annotations.CollectionBinder - Collection role: org.project.neutrino.nfvo.catalogue.mano.descriptor.NetworkServiceDescriptor.pnfd
13:23:05.561 [Test worker] DEBUG o.h.cfg.annotations.PropertyBinder - Building property pnfd
13:23:05.561 [Test worker] DEBUG org.hibernate.cfg.Ejb3Column - Binding column: Ejb3JoinColumn{logicalColumnName='null', referencedColumn='null', mappedBy=''}
13:23:05.562 [Test worker] DEBUG org.hibernate.cfg.Ejb3Column - Binding column: Ejb3Column{table=org.hibernate.mapping.DenormalizedTable(network_service_descriptor), mappingColumn=vnf_dependency, insertable=true, updatable=true, unique=false}
13:23:05.562 [Test worker] DEBUG org.hibernate.cfg.Ejb3Column - Binding column: Ejb3Column{table=org.hibernate.mapping.DenormalizedTable(network_service_descriptor), mappingColumn=null, insertable=true, updatable=true, unique=false}
13:23:05.562 [Test worker] DEBUG org.hibernate.cfg.Ejb3Column - Binding column: Ejb3Column{table=org.hibernate.mapping.DenormalizedTable(network_service_descriptor), mappingColumn=element, insertable=true, updatable=true, unique=false}
13:23:05.562 [Test worker] DEBUG org.hibernate.cfg.Ejb3Column - Binding column: Ejb3Column{table=org.hibernate.mapping.DenormalizedTable(network_service_descriptor), mappingColumn=vnf_dependency_key, insertable=true, updatable=true, unique=false}
13:23:05.562 [Test worker] DEBUG org.hibernate.cfg.Ejb3Column - Binding column: Ejb3JoinColumn{logicalColumnName='vnf_dependency_KEY', referencedColumn='null', mappedBy='null'}
13:23:05.562 [Test worker] DEBUG org.hibernate.cfg.Ejb3Column - Binding column: Ejb3JoinColumn{logicalColumnName='null', referencedColumn='null', mappedBy=''}
13:23:05.562 [Test worker] DEBUG org.hibernate.cfg.Ejb3Column - Binding column: Ejb3JoinColumn{logicalColumnName='null', referencedColumn='null', mappedBy=''}
13:23:05.562 [Test worker] DEBUG o.h.cfg.annotations.CollectionBinder - Collection role: org.project.neutrino.nfvo.catalogue.mano.descriptor.NetworkServiceDescriptor.vnf_dependency
13:23:05.563 [Test worker] DEBUG o.h.cfg.annotations.PropertyBinder - Building property vnf_dependency
13:23:05.563 [Test worker] DEBUG org.hibernate.cfg.Ejb3Column - Binding column: Ejb3JoinColumn{logicalColumnName='null', referencedColumn='null', mappedBy=''}
13:23:05.563 [Test worker] DEBUG org.hibernate.cfg.Ejb3Column - Binding column: Ejb3Column{table=org.hibernate.mapping.DenormalizedTable(network_service_descriptor), mappingColumn=vnfd, insertable=true, updatable=true, unique=false}
13:23:05.563 [Test worker] DEBUG org.hibernate.cfg.Ejb3Column - Binding column: Ejb3Column{table=org.hibernate.mapping.DenormalizedTable(network_service_descriptor), mappingColumn=null, insertable=true, updatable=true, unique=false}
13:23:05.563 [Test worker] DEBUG org.hibernate.cfg.Ejb3Column - Binding column: Ejb3Column{table=org.hibernate.mapping.DenormalizedTable(network_service_descriptor), mappingColumn=element, insertable=true, updatable=true, unique=false}
13:23:05.563 [Test worker] DEBUG org.hibernate.cfg.Ejb3Column - Binding column: Ejb3Column{table=org.hibernate.mapping.DenormalizedTable(network_service_descriptor), mappingColumn=vnfd_key, insertable=true, updatable=true, unique=false}
13:23:05.564 [Test worker] DEBUG org.hibernate.cfg.Ejb3Column - Binding column: Ejb3JoinColumn{logicalColumnName='vnfd_KEY', referencedColumn='null', mappedBy='null'}
13:23:05.564 [Test worker] DEBUG org.hibernate.cfg.Ejb3Column - Binding column: Ejb3JoinColumn{logicalColumnName='null', referencedColumn='null', mappedBy=''}
13:23:05.564 [Test worker] DEBUG org.hibernate.cfg.Ejb3Column - Binding column: Ejb3JoinColumn{logicalColumnName='null', referencedColumn='null', mappedBy=''}
13:23:05.564 [Test worker] DEBUG o.h.cfg.annotations.CollectionBinder - Collection role: org.project.neutrino.nfvo.catalogue.mano.descriptor.NetworkServiceDescriptor.vnfd
13:23:05.564 [Test worker] DEBUG o.h.cfg.annotations.PropertyBinder - Building property vnfd
13:23:05.564 [Test worker] DEBUG org.hibernate.cfg.AnnotationBinder - Binding entity from annotated class: org.project.neutrino.nfvo.catalogue.mano.record.NetworkServiceRecord
13:23:05.564 [Test worker] DEBUG org.hibernate.cfg.Ejb3Column - Binding column: Ejb3DiscriminatorColumn{logicalColumnName'DTYPE', discriminatorTypeName='string'}
13:23:05.565 [Test worker] DEBUG o.h.cfg.annotations.EntityBinder - Import with entity name NetworkServiceRecord
13:23:05.565 [Test worker] DEBUG o.h.cfg.annotations.EntityBinder - Bind entity org.project.neutrino.nfvo.catalogue.mano.record.NetworkServiceRecord on table network_service_record
13:23:05.570 [Test worker] DEBUG org.hibernate.cfg.Ejb3Column - Binding column: Ejb3Column{table=org.hibernate.mapping.Table(network_service_record), mappingColumn=id, insertable=true, updatable=true, unique=false}
13:23:05.571 [Test worker] DEBUG o.h.cfg.annotations.PropertyBinder - MetadataSourceProcessor property id with lazy=false
13:23:05.571 [Test worker] DEBUG o.h.cfg.AbstractPropertyHolder - Attempting to locate auto-apply AttributeConverter for property [org.project.neutrino.nfvo.catalogue.mano.record.NetworkServiceRecord:id]
13:23:05.571 [Test worker] DEBUG o.h.c.annotations.SimpleValueBinder - building SimpleValue for id
13:23:05.571 [Test worker] DEBUG o.h.cfg.annotations.PropertyBinder - Building property id
13:23:05.571 [Test worker] DEBUG org.hibernate.cfg.Ejb3Column - Binding column: Ejb3Column{table=org.hibernate.mapping.Table(network_service_record), mappingColumn=audit_log, insertable=true, updatable=true, unique=false}
13:23:05.571 [Test worker] DEBUG o.h.cfg.annotations.PropertyBinder - MetadataSourceProcessor property audit_log with lazy=false
13:23:05.571 [Test worker] DEBUG o.h.cfg.AbstractPropertyHolder - Attempting to locate auto-apply AttributeConverter for property [org.project.neutrino.nfvo.catalogue.mano.record.NetworkServiceRecord:audit_log]
13:23:05.572 [Test worker] DEBUG o.h.c.annotations.SimpleValueBinder - building SimpleValue for audit_log
13:23:05.572 [Test worker] DEBUG o.h.cfg.annotations.PropertyBinder - Building property audit_log
13:23:05.572 [Test worker] DEBUG org.hibernate.cfg.Ejb3Column - Binding column: Ejb3JoinColumn{logicalColumnName='null', referencedColumn='null', mappedBy=''}
13:23:05.572 [Test worker] DEBUG org.hibernate.cfg.Ejb3Column - Binding column: Ejb3Column{table=org.hibernate.mapping.Table(network_service_record), mappingColumn=auto_scale_policy, insertable=true, updatable=true, unique=false}
13:23:05.572 [Test worker] DEBUG org.hibernate.cfg.Ejb3Column - Binding column: Ejb3Column{table=org.hibernate.mapping.Table(network_service_record), mappingColumn=null, insertable=true, updatable=true, unique=false}
13:23:05.572 [Test worker] DEBUG org.hibernate.cfg.Ejb3Column - Binding column: Ejb3Column{table=org.hibernate.mapping.Table(network_service_record), mappingColumn=element, insertable=true, updatable=true, unique=false}
13:23:05.572 [Test worker] DEBUG org.hibernate.cfg.Ejb3Column - Binding column: Ejb3Column{table=org.hibernate.mapping.Table(network_service_record), mappingColumn=auto_scale_policy_key, insertable=true, updatable=true, unique=false}
13:23:05.573 [Test worker] DEBUG org.hibernate.cfg.Ejb3Column - Binding column: Ejb3JoinColumn{logicalColumnName='auto_scale_policy_KEY', referencedColumn='null', mappedBy='null'}
13:23:05.573 [Test worker] DEBUG org.hibernate.cfg.Ejb3Column - Binding column: Ejb3JoinColumn{logicalColumnName='null', referencedColumn='null', mappedBy=''}
13:23:05.573 [Test worker] DEBUG org.hibernate.cfg.Ejb3Column - Binding column: Ejb3JoinColumn{logicalColumnName='null', referencedColumn='null', mappedBy=''}
13:23:05.573 [Test worker] DEBUG o.h.cfg.annotations.CollectionBinder - Collection role: org.project.neutrino.nfvo.catalogue.mano.record.NetworkServiceRecord.auto_scale_policy
13:23:05.573 [Test worker] DEBUG o.h.cfg.annotations.PropertyBinder - Building property auto_scale_policy
13:23:05.573 [Test worker] DEBUG org.hibernate.cfg.Ejb3Column - Binding column: Ejb3JoinColumn{logicalColumnName='null', referencedColumn='null', mappedBy=''}
13:23:05.573 [Test worker] DEBUG org.hibernate.cfg.Ejb3Column - Binding column: Ejb3Column{table=org.hibernate.mapping.Table(network_service_record), mappingColumn=connection_point, insertable=true, updatable=true, unique=false}
13:23:05.573 [Test worker] DEBUG org.hibernate.cfg.Ejb3Column - Binding column: Ejb3Column{table=org.hibernate.mapping.Table(network_service_record), mappingColumn=null, insertable=true, updatable=true, unique=false}
13:23:05.574 [Test worker] DEBUG org.hibernate.cfg.Ejb3Column - Binding column: Ejb3Column{table=org.hibernate.mapping.Table(network_service_record), mappingColumn=element, insertable=true, updatable=true, unique=false}
13:23:05.574 [Test worker] DEBUG org.hibernate.cfg.Ejb3Column - Binding column: Ejb3Column{table=org.hibernate.mapping.Table(network_service_record), mappingColumn=connection_point_key, insertable=true, updatable=true, unique=false}
13:23:05.574 [Test worker] DEBUG org.hibernate.cfg.Ejb3Column - Binding column: Ejb3JoinColumn{logicalColumnName='connection_point_KEY', referencedColumn='null', mappedBy='null'}
13:23:05.574 [Test worker] DEBUG org.hibernate.cfg.Ejb3Column - Binding column: Ejb3JoinColumn{logicalColumnName='null', referencedColumn='null', mappedBy=''}
13:23:05.574 [Test worker] DEBUG org.hibernate.cfg.Ejb3Column - Binding column: Ejb3JoinColumn{logicalColumnName='null', referencedColumn='null', mappedBy=''}
13:23:05.574 [Test worker] DEBUG o.h.cfg.annotations.CollectionBinder - Collection role: org.project.neutrino.nfvo.catalogue.mano.record.NetworkServiceRecord.connection_point
13:23:05.574 [Test worker] DEBUG o.h.cfg.annotations.PropertyBinder - Building property connection_point
13:23:05.574 [Test worker] DEBUG org.hibernate.cfg.Ejb3Column - Binding column: Ejb3JoinColumn{logicalColumnName='null', referencedColumn='null', mappedBy=''}
13:23:05.575 [Test worker] DEBUG org.hibernate.cfg.Ejb3Column - Binding column: Ejb3Column{table=org.hibernate.mapping.Table(network_service_record), mappingColumn=descriptor_reference, insertable=true, updatable=true, unique=false}
13:23:05.575 [Test worker] DEBUG o.h.cfg.annotations.PropertyBinder - Building property descriptor_reference
13:23:05.575 [Test worker] DEBUG org.hibernate.cfg.Ejb3Column - Binding column: Ejb3JoinColumn{logicalColumnName='null', referencedColumn='null', mappedBy=''}
13:23:05.575 [Test worker] DEBUG org.hibernate.cfg.Ejb3Column - Binding column: Ejb3Column{table=org.hibernate.mapping.Table(network_service_record), mappingColumn=lifecycle_event, insertable=true, updatable=true, unique=false}
13:23:05.575 [Test worker] DEBUG o.h.cfg.annotations.PropertyBinder - Building property lifecycle_event
13:23:05.575 [Test worker] DEBUG org.hibernate.cfg.Ejb3Column - Binding column: Ejb3JoinColumn{logicalColumnName='null', referencedColumn='null', mappedBy=''}
13:23:05.576 [Test worker] DEBUG org.hibernate.cfg.Ejb3Column - Binding column: Ejb3Column{table=org.hibernate.mapping.Table(network_service_record), mappingColumn=lifecycle_event_history, insertable=true, updatable=true, unique=false}
13:23:05.576 [Test worker] DEBUG org.hibernate.cfg.Ejb3Column - Binding column: Ejb3Column{table=org.hibernate.mapping.Table(network_service_record), mappingColumn=null, insertable=true, updatable=true, unique=false}
13:23:05.576 [Test worker] DEBUG org.hibernate.cfg.Ejb3Column - Binding column: Ejb3Column{table=org.hibernate.mapping.Table(network_service_record), mappingColumn=element, insertable=true, updatable=true, unique=false}
13:23:05.576 [Test worker] DEBUG org.hibernate.cfg.Ejb3Column - Binding column: Ejb3Column{table=org.hibernate.mapping.Table(network_service_record), mappingColumn=lifecycle_event_history_key, insertable=true, updatable=true, unique=false}
13:23:05.576 [Test worker] DEBUG org.hibernate.cfg.Ejb3Column - Binding column: Ejb3JoinColumn{logicalColumnName='lifecycle_event_history_KEY', referencedColumn='null', mappedBy='null'}
13:23:05.576 [Test worker] DEBUG org.hibernate.cfg.Ejb3Column - Binding column: Ejb3JoinColumn{logicalColumnName='null', referencedColumn='null', mappedBy=''}
13:23:05.576 [Test worker] DEBUG org.hibernate.cfg.Ejb3Column - Binding column: Ejb3JoinColumn{logicalColumnName='null', referencedColumn='null', mappedBy=''}
13:23:05.576 [Test worker] DEBUG o.h.cfg.annotations.CollectionBinder - Collection role: org.project.neutrino.nfvo.catalogue.mano.record.NetworkServiceRecord.lifecycle_event_history
13:23:05.577 [Test worker] DEBUG o.h.cfg.annotations.PropertyBinder - Building property lifecycle_event_history
13:23:05.577 [Test worker] DEBUG org.hibernate.cfg.Ejb3Column - Binding column: Ejb3JoinColumn{logicalColumnName='null', referencedColumn='null', mappedBy=''}
13:23:05.577 [Test worker] DEBUG org.hibernate.cfg.Ejb3Column - Binding column: Ejb3Column{table=org.hibernate.mapping.Table(network_service_record), mappingColumn=monitoring_parameter, insertable=true, updatable=true, unique=false}
13:23:05.577 [Test worker] DEBUG org.hibernate.cfg.Ejb3Column - Binding column: Ejb3Column{table=org.hibernate.mapping.Table(network_service_record), mappingColumn=null, insertable=true, updatable=true, unique=false}
13:23:05.577 [Test worker] DEBUG org.hibernate.cfg.Ejb3Column - Binding column: Ejb3Column{table=org.hibernate.mapping.Table(network_service_record), mappingColumn=monitoring_parameter, insertable=true, updatable=true, unique=false}
13:23:05.577 [Test worker] DEBUG org.hibernate.cfg.Ejb3Column - Binding column: Ejb3Column{table=org.hibernate.mapping.Table(network_service_record), mappingColumn=monitoring_parameter_key, insertable=true, updatable=true, unique=false}
13:23:05.577 [Test worker] DEBUG org.hibernate.cfg.Ejb3Column - Binding column: Ejb3JoinColumn{logicalColumnName='monitoring_parameter_KEY', referencedColumn='null', mappedBy='null'}
13:23:05.578 [Test worker] DEBUG org.hibernate.cfg.Ejb3Column - Binding column: Ejb3JoinColumn{logicalColumnName='null', referencedColumn='null', mappedBy=''}
13:23:05.578 [Test worker] DEBUG org.hibernate.cfg.Ejb3Column - Binding column: Ejb3JoinColumn{logicalColumnName='null', referencedColumn='null', mappedBy=''}
13:23:05.578 [Test worker] DEBUG o.h.cfg.annotations.CollectionBinder - Collection role: org.project.neutrino.nfvo.catalogue.mano.record.NetworkServiceRecord.monitoring_parameter
13:23:05.578 [Test worker] DEBUG o.h.cfg.annotations.PropertyBinder - Building property monitoring_parameter
13:23:05.578 [Test worker] DEBUG org.hibernate.cfg.Ejb3Column - Binding column: Ejb3Column{table=org.hibernate.mapping.Table(network_service_record), mappingColumn=notification, insertable=true, updatable=true, unique=false}
13:23:05.578 [Test worker] DEBUG o.h.cfg.annotations.PropertyBinder - MetadataSourceProcessor property notification with lazy=false
13:23:05.578 [Test worker] DEBUG o.h.cfg.AbstractPropertyHolder - Attempting to locate auto-apply AttributeConverter for property [org.project.neutrino.nfvo.catalogue.mano.record.NetworkServiceRecord:notification]
13:23:05.578 [Test worker] DEBUG o.h.c.annotations.SimpleValueBinder - building SimpleValue for notification
13:23:05.578 [Test worker] DEBUG o.h.cfg.annotations.PropertyBinder - Building property notification
13:23:05.579 [Test worker] DEBUG org.hibernate.cfg.Ejb3Column - Binding column: Ejb3JoinColumn{logicalColumnName='null', referencedColumn='null', mappedBy=''}
13:23:05.579 [Test worker] DEBUG org.hibernate.cfg.Ejb3Column - Binding column: Ejb3Column{table=org.hibernate.mapping.Table(network_service_record), mappingColumn=pnfr, insertable=true, updatable=true, unique=false}
13:23:05.579 [Test worker] DEBUG org.hibernate.cfg.Ejb3Column - Binding column: Ejb3Column{table=org.hibernate.mapping.Table(network_service_record), mappingColumn=null, insertable=true, updatable=true, unique=false}
13:23:05.579 [Test worker] DEBUG org.hibernate.cfg.Ejb3Column - Binding column: Ejb3Column{table=org.hibernate.mapping.Table(network_service_record), mappingColumn=element, insertable=true, updatable=true, unique=false}
13:23:05.579 [Test worker] DEBUG org.hibernate.cfg.Ejb3Column - Binding column: Ejb3Column{table=org.hibernate.mapping.Table(network_service_record), mappingColumn=pnfr_key, insertable=true, updatable=true, unique=false}
13:23:05.579 [Test worker] DEBUG org.hibernate.cfg.Ejb3Column - Binding column: Ejb3JoinColumn{logicalColumnName='pnfr_KEY', referencedColumn='null', mappedBy='null'}
13:23:05.579 [Test worker] DEBUG org.hibernate.cfg.Ejb3Column - Binding column: Ejb3JoinColumn{logicalColumnName='null', referencedColumn='null', mappedBy=''}
13:23:05.579 [Test worker] DEBUG org.hibernate.cfg.Ejb3Column - Binding column: Ejb3JoinColumn{logicalColumnName='null', referencedColumn='null', mappedBy=''}
13:23:05.580 [Test worker] DEBUG o.h.cfg.annotations.CollectionBinder - Collection role: org.project.neutrino.nfvo.catalogue.mano.record.NetworkServiceRecord.pnfr
13:23:05.580 [Test worker] DEBUG o.h.cfg.annotations.PropertyBinder - Building property pnfr
13:23:05.580 [Test worker] DEBUG org.hibernate.cfg.Ejb3Column - Binding column: Ejb3Column{table=org.hibernate.mapping.Table(network_service_record), mappingColumn=resource_reservation, insertable=true, updatable=true, unique=false}
13:23:05.580 [Test worker] DEBUG o.h.cfg.annotations.PropertyBinder - MetadataSourceProcessor property resource_reservation with lazy=false
13:23:05.580 [Test worker] DEBUG o.h.cfg.AbstractPropertyHolder - Attempting to locate auto-apply AttributeConverter for property [org.project.neutrino.nfvo.catalogue.mano.record.NetworkServiceRecord:resource_reservation]
13:23:05.580 [Test worker] DEBUG o.h.c.annotations.SimpleValueBinder - building SimpleValue for resource_reservation
13:23:05.580 [Test worker] DEBUG o.h.cfg.annotations.PropertyBinder - Building property resource_reservation
13:23:05.581 [Test worker] DEBUG org.hibernate.cfg.Ejb3Column - Binding column: Ejb3Column{table=org.hibernate.mapping.Table(network_service_record), mappingColumn=runtime_policy_info, insertable=true, updatable=true, unique=false}
13:23:05.581 [Test worker] DEBUG o.h.cfg.annotations.PropertyBinder - MetadataSourceProcessor property runtime_policy_info with lazy=false
13:23:05.581 [Test worker] DEBUG o.h.cfg.AbstractPropertyHolder - Attempting to locate auto-apply AttributeConverter for property [org.project.neutrino.nfvo.catalogue.mano.record.NetworkServiceRecord:runtime_policy_info]
13:23:05.581 [Test worker] DEBUG o.h.c.annotations.SimpleValueBinder - building SimpleValue for runtime_policy_info
13:23:05.581 [Test worker] DEBUG o.h.cfg.annotations.PropertyBinder - Building property runtime_policy_info
13:23:05.581 [Test worker] DEBUG org.hibernate.cfg.Ejb3Column - Binding column: Ejb3JoinColumn{logicalColumnName='null', referencedColumn='null', mappedBy=''}
13:23:05.581 [Test worker] DEBUG org.hibernate.cfg.Ejb3Column - Binding column: Ejb3Column{table=org.hibernate.mapping.Table(network_service_record), mappingColumn=service_deployment_flavour, insertable=true, updatable=true, unique=false}
13:23:05.581 [Test worker] DEBUG o.h.cfg.annotations.PropertyBinder - Building property service_deployment_flavour
13:23:05.582 [Test worker] DEBUG org.hibernate.cfg.Ejb3Column - Binding column: Ejb3Column{table=org.hibernate.mapping.Table(network_service_record), mappingColumn=status, insertable=true, updatable=true, unique=false}
13:23:05.582 [Test worker] DEBUG o.h.cfg.annotations.PropertyBinder - MetadataSourceProcessor property status with lazy=false
13:23:05.582 [Test worker] DEBUG o.h.cfg.AbstractPropertyHolder - Attempting to locate auto-apply AttributeConverter for property [org.project.neutrino.nfvo.catalogue.mano.record.NetworkServiceRecord:status]
13:23:05.583 [Test worker] DEBUG o.h.c.annotations.SimpleValueBinder - building SimpleValue for status
13:23:05.584 [Test worker] DEBUG o.h.cfg.annotations.PropertyBinder - Building property status
13:23:05.584 [Test worker] DEBUG org.hibernate.cfg.Ejb3Column - Binding column: Ejb3Column{table=org.hibernate.mapping.Table(network_service_record), mappingColumn=vendor, insertable=true, updatable=true, unique=false}
13:23:05.584 [Test worker] DEBUG o.h.cfg.annotations.PropertyBinder - MetadataSourceProcessor property vendor with lazy=false
13:23:05.584 [Test worker] DEBUG o.h.cfg.AbstractPropertyHolder - Attempting to locate auto-apply AttributeConverter for property [org.project.neutrino.nfvo.catalogue.mano.record.NetworkServiceRecord:vendor]
13:23:05.584 [Test worker] DEBUG o.h.c.annotations.SimpleValueBinder - building SimpleValue for vendor
13:23:05.584 [Test worker] DEBUG o.h.cfg.annotations.PropertyBinder - Building property vendor
13:23:05.584 [Test worker] DEBUG org.hibernate.cfg.Ejb3Column - Binding column: Ejb3Column{table=org.hibernate.mapping.Table(network_service_record), mappingColumn=version, insertable=true, updatable=true, unique=false}
13:23:05.585 [Test worker] DEBUG o.h.cfg.annotations.PropertyBinder - MetadataSourceProcessor property version with lazy=false
13:23:05.585 [Test worker] DEBUG o.h.cfg.AbstractPropertyHolder - Attempting to locate auto-apply AttributeConverter for property [org.project.neutrino.nfvo.catalogue.mano.record.NetworkServiceRecord:version]
13:23:05.585 [Test worker] DEBUG o.h.c.annotations.SimpleValueBinder - building SimpleValue for version
13:23:05.585 [Test worker] DEBUG o.h.cfg.annotations.PropertyBinder - Building property version
13:23:05.585 [Test worker] DEBUG org.hibernate.cfg.Ejb3Column - Binding column: Ejb3JoinColumn{logicalColumnName='null', referencedColumn='null', mappedBy=''}
13:23:05.585 [Test worker] DEBUG org.hibernate.cfg.Ejb3Column - Binding column: Ejb3Column{table=org.hibernate.mapping.Table(network_service_record), mappingColumn=vlr, insertable=true, updatable=true, unique=false}
13:23:05.585 [Test worker] DEBUG org.hibernate.cfg.Ejb3Column - Binding column: Ejb3Column{table=org.hibernate.mapping.Table(network_service_record), mappingColumn=null, insertable=true, updatable=true, unique=false}
13:23:05.585 [Test worker] DEBUG org.hibernate.cfg.Ejb3Column - Binding column: Ejb3Column{table=org.hibernate.mapping.Table(network_service_record), mappingColumn=element, insertable=true, updatable=true, unique=false}
13:23:05.586 [Test worker] DEBUG org.hibernate.cfg.Ejb3Column - Binding column: Ejb3Column{table=org.hibernate.mapping.Table(network_service_record), mappingColumn=vlr_key, insertable=true, updatable=true, unique=false}
13:23:05.586 [Test worker] DEBUG org.hibernate.cfg.Ejb3Column - Binding column: Ejb3JoinColumn{logicalColumnName='vlr_KEY', referencedColumn='null', mappedBy='null'}
13:23:05.586 [Test worker] DEBUG org.hibernate.cfg.Ejb3Column - Binding column: Ejb3JoinColumn{logicalColumnName='null', referencedColumn='null', mappedBy=''}
13:23:05.586 [Test worker] DEBUG org.hibernate.cfg.Ejb3Column - Binding column: Ejb3JoinColumn{logicalColumnName='null', referencedColumn='null', mappedBy=''}
13:23:05.586 [Test worker] DEBUG o.h.cfg.annotations.CollectionBinder - Collection role: org.project.neutrino.nfvo.catalogue.mano.record.NetworkServiceRecord.vlr
13:23:05.586 [Test worker] DEBUG o.h.cfg.annotations.PropertyBinder - Building property vlr
13:23:05.586 [Test worker] DEBUG org.hibernate.cfg.Ejb3Column - Binding column: Ejb3JoinColumn{logicalColumnName='null', referencedColumn='null', mappedBy=''}
13:23:05.586 [Test worker] DEBUG org.hibernate.cfg.Ejb3Column - Binding column: Ejb3Column{table=org.hibernate.mapping.Table(network_service_record), mappingColumn=vnf_dependency, insertable=true, updatable=true, unique=false}
13:23:05.586 [Test worker] DEBUG org.hibernate.cfg.Ejb3Column - Binding column: Ejb3Column{table=org.hibernate.mapping.Table(network_service_record), mappingColumn=null, insertable=true, updatable=true, unique=false}
13:23:05.587 [Test worker] DEBUG org.hibernate.cfg.Ejb3Column - Binding column: Ejb3Column{table=org.hibernate.mapping.Table(network_service_record), mappingColumn=element, insertable=true, updatable=true, unique=false}
13:23:05.587 [Test worker] DEBUG org.hibernate.cfg.Ejb3Column - Binding column: Ejb3Column{table=org.hibernate.mapping.Table(network_service_record), mappingColumn=vnf_dependency_key, insertable=true, updatable=true, unique=false}
13:23:05.587 [Test worker] DEBUG org.hibernate.cfg.Ejb3Column - Binding column: Ejb3JoinColumn{logicalColumnName='vnf_dependency_KEY', referencedColumn='null', mappedBy='null'}
13:23:05.587 [Test worker] DEBUG org.hibernate.cfg.Ejb3Column - Binding column: Ejb3JoinColumn{logicalColumnName='null', referencedColumn='null', mappedBy=''}
13:23:05.587 [Test worker] DEBUG org.hibernate.cfg.Ejb3Column - Binding column: Ejb3JoinColumn{logicalColumnName='null', referencedColumn='null', mappedBy=''}
13:23:05.587 [Test worker] DEBUG o.h.cfg.annotations.CollectionBinder - Collection role: org.project.neutrino.nfvo.catalogue.mano.record.NetworkServiceRecord.vnf_dependency
13:23:05.587 [Test worker] DEBUG o.h.cfg.annotations.PropertyBinder - Building property vnf_dependency
13:23:05.587 [Test worker] DEBUG org.hibernate.cfg.Ejb3Column - Binding column: Ejb3JoinColumn{logicalColumnName='null', referencedColumn='null', mappedBy=''}
13:23:05.588 [Test worker] DEBUG org.hibernate.cfg.Ejb3Column - Binding column: Ejb3Column{table=org.hibernate.mapping.Table(network_service_record), mappingColumn=vnffgr, insertable=true, updatable=true, unique=false}
13:23:05.588 [Test worker] DEBUG org.hibernate.cfg.Ejb3Column - Binding column: Ejb3Column{table=org.hibernate.mapping.Table(network_service_record), mappingColumn=null, insertable=true, updatable=true, unique=false}
13:23:05.588 [Test worker] DEBUG org.hibernate.cfg.Ejb3Column - Binding column: Ejb3Column{table=org.hibernate.mapping.Table(network_service_record), mappingColumn=element, insertable=true, updatable=true, unique=false}
13:23:05.588 [Test worker] DEBUG org.hibernate.cfg.Ejb3Column - Binding column: Ejb3Column{table=org.hibernate.mapping.Table(network_service_record), mappingColumn=vnffgr_key, insertable=true, updatable=true, unique=false}
13:23:05.588 [Test worker] DEBUG org.hibernate.cfg.Ejb3Column - Binding column: Ejb3JoinColumn{logicalColumnName='vnffgr_KEY', referencedColumn='null', mappedBy='null'}
13:23:05.588 [Test worker] DEBUG org.hibernate.cfg.Ejb3Column - Binding column: Ejb3JoinColumn{logicalColumnName='null', referencedColumn='null', mappedBy=''}
13:23:05.588 [Test worker] DEBUG org.hibernate.cfg.Ejb3Column - Binding column: Ejb3JoinColumn{logicalColumnName='null', referencedColumn='null', mappedBy=''}
13:23:05.589 [Test worker] DEBUG o.h.cfg.annotations.CollectionBinder - Collection role: org.project.neutrino.nfvo.catalogue.mano.record.NetworkServiceRecord.vnffgr
13:23:05.589 [Test worker] DEBUG o.h.cfg.annotations.PropertyBinder - Building property vnffgr
13:23:05.589 [Test worker] DEBUG org.hibernate.cfg.Ejb3Column - Binding column: Ejb3JoinColumn{logicalColumnName='null', referencedColumn='null', mappedBy=''}
13:23:05.589 [Test worker] DEBUG org.hibernate.cfg.Ejb3Column - Binding column: Ejb3Column{table=org.hibernate.mapping.Table(network_service_record), mappingColumn=vnfr, insertable=true, updatable=true, unique=false}
13:23:05.589 [Test worker] DEBUG o.h.cfg.annotations.PropertyBinder - Building property vnfr
13:23:05.589 [Test worker] DEBUG org.hibernate.cfg.AnnotationBinder - Binding entity from annotated class: org.project.neutrino.nfvo.catalogue.mano.descriptor.VNFComponent
13:23:05.589 [Test worker] DEBUG org.hibernate.cfg.Ejb3Column - Binding column: Ejb3DiscriminatorColumn{logicalColumnName'DTYPE', discriminatorTypeName='string'}
13:23:05.590 [Test worker] DEBUG o.h.cfg.annotations.EntityBinder - Import with entity name VNFComponent
13:23:05.590 [Test worker] DEBUG o.h.cfg.annotations.EntityBinder - Bind entity org.project.neutrino.nfvo.catalogue.mano.descriptor.VNFComponent on table vnfcomponent
13:23:05.591 [Test worker] DEBUG org.hibernate.cfg.Ejb3Column - Binding column: Ejb3Column{table=org.hibernate.mapping.Table(vnfcomponent), mappingColumn=id, insertable=true, updatable=true, unique=false}
13:23:05.591 [Test worker] DEBUG o.h.cfg.annotations.PropertyBinder - MetadataSourceProcessor property id with lazy=false
13:23:05.591 [Test worker] DEBUG o.h.cfg.AbstractPropertyHolder - Attempting to locate auto-apply AttributeConverter for property [org.project.neutrino.nfvo.catalogue.mano.descriptor.VNFComponent:id]
13:23:05.591 [Test worker] DEBUG o.h.c.annotations.SimpleValueBinder - building SimpleValue for id
13:23:05.591 [Test worker] DEBUG o.h.cfg.annotations.PropertyBinder - Building property id
13:23:05.591 [Test worker] DEBUG org.hibernate.cfg.Ejb3Column - Binding column: Ejb3JoinColumn{logicalColumnName='null', referencedColumn='null', mappedBy=''}
13:23:05.591 [Test worker] DEBUG org.hibernate.cfg.Ejb3Column - Binding column: Ejb3Column{table=org.hibernate.mapping.Table(vnfcomponent), mappingColumn=connection_point, insertable=true, updatable=true, unique=false}
13:23:05.591 [Test worker] DEBUG org.hibernate.cfg.Ejb3Column - Binding column: Ejb3Column{table=org.hibernate.mapping.Table(vnfcomponent), mappingColumn=null, insertable=true, updatable=true, unique=false}
13:23:05.592 [Test worker] DEBUG org.hibernate.cfg.Ejb3Column - Binding column: Ejb3Column{table=org.hibernate.mapping.Table(vnfcomponent), mappingColumn=element, insertable=true, updatable=true, unique=false}
13:23:05.592 [Test worker] DEBUG org.hibernate.cfg.Ejb3Column - Binding column: Ejb3Column{table=org.hibernate.mapping.Table(vnfcomponent), mappingColumn=connection_point_key, insertable=true, updatable=true, unique=false}
13:23:05.592 [Test worker] DEBUG org.hibernate.cfg.Ejb3Column - Binding column: Ejb3JoinColumn{logicalColumnName='connection_point_KEY', referencedColumn='null', mappedBy='null'}
13:23:05.592 [Test worker] DEBUG org.hibernate.cfg.Ejb3Column - Binding column: Ejb3JoinColumn{logicalColumnName='null', referencedColumn='null', mappedBy=''}
13:23:05.592 [Test worker] DEBUG org.hibernate.cfg.Ejb3Column - Binding column: Ejb3JoinColumn{logicalColumnName='null', referencedColumn='null', mappedBy=''}
13:23:05.592 [Test worker] DEBUG o.h.cfg.annotations.CollectionBinder - Collection role: org.project.neutrino.nfvo.catalogue.mano.descriptor.VNFComponent.connection_point
13:23:05.592 [Test worker] DEBUG o.h.cfg.annotations.PropertyBinder - Building property connection_point
13:23:05.593 [Test worker] DEBUG org.hibernate.cfg.Ejb3Column - Binding column: Ejb3Column{table=org.hibernate.mapping.Table(vnfcomponent), mappingColumn=version, insertable=true, updatable=true, unique=false}
13:23:05.593 [Test worker] DEBUG o.h.cfg.annotations.PropertyBinder - MetadataSourceProcessor property version with lazy=false
13:23:05.593 [Test worker] DEBUG o.h.cfg.AbstractPropertyHolder - Attempting to locate auto-apply AttributeConverter for property [org.project.neutrino.nfvo.catalogue.mano.descriptor.VNFComponent:version]
13:23:05.593 [Test worker] DEBUG o.h.c.annotations.SimpleValueBinder - building SimpleValue for version
13:23:05.593 [Test worker] DEBUG o.h.cfg.annotations.PropertyBinder - Building property version
13:23:05.593 [Test worker] DEBUG org.hibernate.cfg.AnnotationBinder - Binding entity from annotated class: org.project.neutrino.nfvo.catalogue.mano.descriptor.VNFForwardingGraph
13:23:05.593 [Test worker] DEBUG org.hibernate.cfg.Ejb3Column - Binding column: Ejb3DiscriminatorColumn{logicalColumnName'DTYPE', discriminatorTypeName='string'}
13:23:05.593 [Test worker] DEBUG o.h.cfg.annotations.EntityBinder - Import with entity name VNFForwardingGraph
13:23:05.593 [Test worker] DEBUG o.h.cfg.annotations.EntityBinder - Bind entity org.project.neutrino.nfvo.catalogue.mano.descriptor.VNFForwardingGraph on table vnfforwarding_graph
13:23:05.595 [Test worker] DEBUG org.hibernate.cfg.Ejb3Column - Binding column: Ejb3Column{table=org.hibernate.mapping.Table(vnfforwarding_graph), mappingColumn=id, insertable=true, updatable=true, unique=false}
13:23:05.596 [Test worker] DEBUG o.h.cfg.annotations.PropertyBinder - MetadataSourceProcessor property id with lazy=false
13:23:05.596 [Test worker] DEBUG o.h.cfg.AbstractPropertyHolder - Attempting to locate auto-apply AttributeConverter for property [org.project.neutrino.nfvo.catalogue.mano.descriptor.VNFForwardingGraph:id]
13:23:05.596 [Test worker] DEBUG o.h.c.annotations.SimpleValueBinder - building SimpleValue for id
13:23:05.596 [Test worker] DEBUG o.h.cfg.annotations.PropertyBinder - Building property id
13:23:05.596 [Test worker] DEBUG org.hibernate.cfg.Ejb3Column - Binding column: Ejb3JoinColumn{logicalColumnName='null', referencedColumn='null', mappedBy=''}
13:23:05.596 [Test worker] DEBUG org.hibernate.cfg.Ejb3Column - Binding column: Ejb3Column{table=org.hibernate.mapping.Table(vnfforwarding_graph), mappingColumn=connection_point, insertable=true, updatable=true, unique=false}
13:23:05.596 [Test worker] DEBUG org.hibernate.cfg.Ejb3Column - Binding column: Ejb3Column{table=org.hibernate.mapping.Table(vnfforwarding_graph), mappingColumn=null, insertable=true, updatable=true, unique=false}
13:23:05.597 [Test worker] DEBUG org.hibernate.cfg.Ejb3Column - Binding column: Ejb3Column{table=org.hibernate.mapping.Table(vnfforwarding_graph), mappingColumn=element, insertable=true, updatable=true, unique=false}
13:23:05.597 [Test worker] DEBUG org.hibernate.cfg.Ejb3Column - Binding column: Ejb3Column{table=org.hibernate.mapping.Table(vnfforwarding_graph), mappingColumn=connection_point_key, insertable=true, updatable=true, unique=false}
13:23:05.597 [Test worker] DEBUG org.hibernate.cfg.Ejb3Column - Binding column: Ejb3JoinColumn{logicalColumnName='connection_point_KEY', referencedColumn='null', mappedBy='null'}
13:23:05.597 [Test worker] DEBUG org.hibernate.cfg.Ejb3Column - Binding column: Ejb3JoinColumn{logicalColumnName='null', referencedColumn='null', mappedBy=''}
13:23:05.597 [Test worker] DEBUG org.hibernate.cfg.Ejb3Column - Binding column: Ejb3JoinColumn{logicalColumnName='null', referencedColumn='null', mappedBy=''}
13:23:05.597 [Test worker] DEBUG o.h.cfg.annotations.CollectionBinder - Collection role: org.project.neutrino.nfvo.catalogue.mano.descriptor.VNFForwardingGraph.connection_point
13:23:05.597 [Test worker] DEBUG o.h.cfg.annotations.PropertyBinder - Building property connection_point
13:23:05.597 [Test worker] DEBUG org.hibernate.cfg.Ejb3Column - Binding column: Ejb3JoinColumn{logicalColumnName='null', referencedColumn='null', mappedBy=''}
13:23:05.598 [Test worker] DEBUG org.hibernate.cfg.Ejb3Column - Binding column: Ejb3Column{table=org.hibernate.mapping.Table(vnfforwarding_graph), mappingColumn=constituent_vnfs, insertable=true, updatable=true, unique=false}
13:23:05.598 [Test worker] DEBUG org.hibernate.cfg.Ejb3Column - Binding column: Ejb3Column{table=org.hibernate.mapping.Table(vnfforwarding_graph), mappingColumn=null, insertable=true, updatable=true, unique=false}
13:23:05.598 [Test worker] DEBUG org.hibernate.cfg.Ejb3Column - Binding column: Ejb3Column{table=org.hibernate.mapping.Table(vnfforwarding_graph), mappingColumn=element, insertable=true, updatable=true, unique=false}
13:23:05.598 [Test worker] DEBUG org.hibernate.cfg.Ejb3Column - Binding column: Ejb3Column{table=org.hibernate.mapping.Table(vnfforwarding_graph), mappingColumn=constituent_vnfs_key, insertable=true, updatable=true, unique=false}
13:23:05.598 [Test worker] DEBUG org.hibernate.cfg.Ejb3Column - Binding column: Ejb3JoinColumn{logicalColumnName='constituent_vnfs_KEY', referencedColumn='null', mappedBy='null'}
13:23:05.598 [Test worker] DEBUG org.hibernate.cfg.Ejb3Column - Binding column: Ejb3JoinColumn{logicalColumnName='null', referencedColumn='null', mappedBy=''}
13:23:05.598 [Test worker] DEBUG org.hibernate.cfg.Ejb3Column - Binding column: Ejb3JoinColumn{logicalColumnName='null', referencedColumn='null', mappedBy=''}
13:23:05.598 [Test worker] DEBUG o.h.cfg.annotations.CollectionBinder - Collection role: org.project.neutrino.nfvo.catalogue.mano.descriptor.VNFForwardingGraph.constituent_vnfs
13:23:05.599 [Test worker] DEBUG o.h.cfg.annotations.PropertyBinder - Building property constituent_vnfs
13:23:05.599 [Test worker] DEBUG org.hibernate.cfg.Ejb3Column - Binding column: Ejb3JoinColumn{logicalColumnName='null', referencedColumn='null', mappedBy=''}
13:23:05.599 [Test worker] DEBUG org.hibernate.cfg.Ejb3Column - Binding column: Ejb3Column{table=org.hibernate.mapping.Table(vnfforwarding_graph), mappingColumn=dependent_virtual_link, insertable=true, updatable=true, unique=false}
13:23:05.599 [Test worker] DEBUG org.hibernate.cfg.Ejb3Column - Binding column: Ejb3Column{table=org.hibernate.mapping.Table(vnfforwarding_graph), mappingColumn=null, insertable=true, updatable=true, unique=false}
13:23:05.599 [Test worker] DEBUG org.hibernate.cfg.Ejb3Column - Binding column: Ejb3Column{table=org.hibernate.mapping.Table(vnfforwarding_graph), mappingColumn=element, insertable=true, updatable=true, unique=false}
13:23:05.600 [Test worker] DEBUG org.hibernate.cfg.Ejb3Column - Binding column: Ejb3Column{table=org.hibernate.mapping.Table(vnfforwarding_graph), mappingColumn=dependent_virtual_link_key, insertable=true, updatable=true, unique=false}
13:23:05.600 [Test worker] DEBUG org.hibernate.cfg.Ejb3Column - Binding column: Ejb3JoinColumn{logicalColumnName='dependent_virtual_link_KEY', referencedColumn='null', mappedBy='null'}
13:23:05.600 [Test worker] DEBUG org.hibernate.cfg.Ejb3Column - Binding column: Ejb3JoinColumn{logicalColumnName='null', referencedColumn='null', mappedBy=''}
13:23:05.600 [Test worker] DEBUG org.hibernate.cfg.Ejb3Column - Binding column: Ejb3JoinColumn{logicalColumnName='null', referencedColumn='null', mappedBy=''}
13:23:05.600 [Test worker] DEBUG o.h.cfg.annotations.CollectionBinder - Collection role: org.project.neutrino.nfvo.catalogue.mano.descriptor.VNFForwardingGraph.dependent_virtual_link
13:23:05.600 [Test worker] DEBUG o.h.cfg.annotations.PropertyBinder - Building property dependent_virtual_link
13:23:05.600 [Test worker] DEBUG org.hibernate.cfg.Ejb3Column - Binding column: Ejb3Column{table=org.hibernate.mapping.Table(vnfforwarding_graph), mappingColumn=descriptor_version, insertable=true, updatable=true, unique=false}
13:23:05.600 [Test worker] DEBUG o.h.cfg.annotations.PropertyBinder - MetadataSourceProcessor property descriptor_version with lazy=false
13:23:05.600 [Test worker] DEBUG o.h.cfg.AbstractPropertyHolder - Attempting to locate auto-apply AttributeConverter for property [org.project.neutrino.nfvo.catalogue.mano.descriptor.VNFForwardingGraph:descriptor_version]
13:23:05.601 [Test worker] DEBUG o.h.c.annotations.SimpleValueBinder - building SimpleValue for descriptor_version
13:23:05.601 [Test worker] DEBUG o.h.cfg.annotations.PropertyBinder - Building property descriptor_version
13:23:05.601 [Test worker] DEBUG org.hibernate.cfg.Ejb3Column - Binding column: Ejb3Column{table=org.hibernate.mapping.Table(vnfforwarding_graph), mappingColumn=hb_version, insertable=true, updatable=true, unique=false}
13:23:05.601 [Test worker] DEBUG o.h.cfg.annotations.PropertyBinder - MetadataSourceProcessor property hb_version with lazy=false
13:23:05.601 [Test worker] DEBUG o.h.cfg.AbstractPropertyHolder - Attempting to locate auto-apply AttributeConverter for property [org.project.neutrino.nfvo.catalogue.mano.descriptor.VNFForwardingGraph:hb_version]
13:23:05.601 [Test worker] DEBUG o.h.c.annotations.SimpleValueBinder - building SimpleValue for hb_version
13:23:05.601 [Test worker] DEBUG o.h.cfg.annotations.PropertyBinder - Building property hb_version
13:23:05.601 [Test worker] DEBUG org.hibernate.cfg.Ejb3Column - Binding column: Ejb3JoinColumn{logicalColumnName='null', referencedColumn='null', mappedBy=''}
13:23:05.602 [Test worker] DEBUG org.hibernate.cfg.Ejb3Column - Binding column: Ejb3Column{table=org.hibernate.mapping.Table(vnfforwarding_graph), mappingColumn=network_forwarding_path, insertable=true, updatable=true, unique=false}
13:23:05.602 [Test worker] DEBUG org.hibernate.cfg.Ejb3Column - Binding column: Ejb3Column{table=org.hibernate.mapping.Table(vnfforwarding_graph), mappingColumn=null, insertable=true, updatable=true, unique=false}
13:23:05.602 [Test worker] DEBUG org.hibernate.cfg.Ejb3Column - Binding column: Ejb3Column{table=org.hibernate.mapping.Table(vnfforwarding_graph), mappingColumn=element, insertable=true, updatable=true, unique=false}
13:23:05.602 [Test worker] DEBUG org.hibernate.cfg.Ejb3Column - Binding column: Ejb3Column{table=org.hibernate.mapping.Table(vnfforwarding_graph), mappingColumn=network_forwarding_path_key, insertable=true, updatable=true, unique=false}
13:23:05.602 [Test worker] DEBUG org.hibernate.cfg.Ejb3Column - Binding column: Ejb3JoinColumn{logicalColumnName='network_forwarding_path_KEY', referencedColumn='null', mappedBy='null'}
13:23:05.602 [Test worker] DEBUG org.hibernate.cfg.Ejb3Column - Binding column: Ejb3JoinColumn{logicalColumnName='null', referencedColumn='null', mappedBy=''}
13:23:05.602 [Test worker] DEBUG org.hibernate.cfg.Ejb3Column - Binding column: Ejb3JoinColumn{logicalColumnName='null', referencedColumn='null', mappedBy=''}
13:23:05.603 [Test worker] DEBUG o.h.cfg.annotations.CollectionBinder - Collection role: org.project.neutrino.nfvo.catalogue.mano.descriptor.VNFForwardingGraph.network_forwarding_path
13:23:05.603 [Test worker] DEBUG o.h.cfg.annotations.PropertyBinder - Building property network_forwarding_path
13:23:05.603 [Test worker] DEBUG org.hibernate.cfg.Ejb3Column - Binding column: Ejb3Column{table=org.hibernate.mapping.Table(vnfforwarding_graph), mappingColumn=number_of_endpoints, insertable=true, updatable=true, unique=false}
13:23:05.603 [Test worker] DEBUG o.h.cfg.annotations.PropertyBinder - MetadataSourceProcessor property number_of_endpoints with lazy=false
13:23:05.603 [Test worker] DEBUG o.h.cfg.AbstractPropertyHolder - Attempting to locate auto-apply AttributeConverter for property [org.project.neutrino.nfvo.catalogue.mano.descriptor.VNFForwardingGraph:number_of_endpoints]
13:23:05.603 [Test worker] DEBUG o.h.c.annotations.SimpleValueBinder - building SimpleValue for number_of_endpoints
13:23:05.603 [Test worker] DEBUG o.h.cfg.annotations.PropertyBinder - Building property number_of_endpoints
13:23:05.603 [Test worker] DEBUG org.hibernate.cfg.Ejb3Column - Binding column: Ejb3Column{table=org.hibernate.mapping.Table(vnfforwarding_graph), mappingColumn=number_of_virtual_links, insertable=true, updatable=true, unique=false}
13:23:05.604 [Test worker] DEBUG o.h.cfg.annotations.PropertyBinder - MetadataSourceProcessor property number_of_virtual_links with lazy=false
13:23:05.604 [Test worker] DEBUG o.h.cfg.AbstractPropertyHolder - Attempting to locate auto-apply AttributeConverter for property [org.project.neutrino.nfvo.catalogue.mano.descriptor.VNFForwardingGraph:number_of_virtual_links]
13:23:05.604 [Test worker] DEBUG o.h.c.annotations.SimpleValueBinder - building SimpleValue for number_of_virtual_links
13:23:05.604 [Test worker] DEBUG o.h.cfg.annotations.PropertyBinder - Building property number_of_virtual_links
13:23:05.604 [Test worker] DEBUG org.hibernate.cfg.Ejb3Column - Binding column: Ejb3Column{table=org.hibernate.mapping.Table(vnfforwarding_graph), mappingColumn=vendor, insertable=true, updatable=true, unique=false}
13:23:05.604 [Test worker] DEBUG o.h.cfg.annotations.PropertyBinder - MetadataSourceProcessor property vendor with lazy=false
13:23:05.604 [Test worker] DEBUG o.h.cfg.AbstractPropertyHolder - Attempting to locate auto-apply AttributeConverter for property [org.project.neutrino.nfvo.catalogue.mano.descriptor.VNFForwardingGraph:vendor]
13:23:05.605 [Test worker] DEBUG o.h.c.annotations.SimpleValueBinder - building SimpleValue for vendor
13:23:05.605 [Test worker] DEBUG o.h.cfg.annotations.PropertyBinder - Building property vendor
13:23:05.605 [Test worker] DEBUG org.hibernate.cfg.Ejb3Column - Binding column: Ejb3Column{table=org.hibernate.mapping.Table(vnfforwarding_graph), mappingColumn=version, insertable=true, updatable=true, unique=false}
13:23:05.605 [Test worker] DEBUG o.h.cfg.annotations.PropertyBinder - MetadataSourceProcessor property version with lazy=false
13:23:05.605 [Test worker] DEBUG o.h.cfg.AbstractPropertyHolder - Attempting to locate auto-apply AttributeConverter for property [org.project.neutrino.nfvo.catalogue.mano.descriptor.VNFForwardingGraph:version]
13:23:05.605 [Test worker] DEBUG o.h.c.annotations.SimpleValueBinder - building SimpleValue for version
13:23:05.605 [Test worker] DEBUG o.h.cfg.annotations.PropertyBinder - Building property version
13:23:05.605 [Test worker] DEBUG org.hibernate.cfg.Ejb3Column - Binding column: Ejb3JoinColumn{logicalColumnName='null', referencedColumn='null', mappedBy=''}
13:23:05.606 [Test worker] DEBUG org.hibernate.cfg.Ejb3Column - Binding column: Ejb3Column{table=org.hibernate.mapping.Table(vnfforwarding_graph), mappingColumn=vnffgd_security, insertable=true, updatable=true, unique=false}
13:23:05.606 [Test worker] DEBUG o.h.cfg.annotations.PropertyBinder - Building property vnffgd_security
13:23:05.606 [Test worker] DEBUG org.hibernate.cfg.AnnotationBinder - Binding entity from annotated class: org.project.neutrino.nfvo.catalogue.mano.common.AbstractVirtualLink
13:23:05.606 [Test worker] DEBUG o.h.cfg.annotations.EntityBinder - Import with entity name AbstractVirtualLink
13:23:05.606 [Test worker] DEBUG o.h.cfg.annotations.EntityBinder - Bind entity org.project.neutrino.nfvo.catalogue.mano.common.AbstractVirtualLink on table abstract_virtual_link
13:23:05.608 [Test worker] DEBUG org.hibernate.cfg.Ejb3Column - Binding column: Ejb3Column{table=org.hibernate.mapping.Table(abstract_virtual_link), mappingColumn=id, insertable=true, updatable=true, unique=false}
13:23:05.608 [Test worker] DEBUG o.h.cfg.annotations.PropertyBinder - MetadataSourceProcessor property id with lazy=false
13:23:05.608 [Test worker] DEBUG o.h.cfg.AbstractPropertyHolder - Attempting to locate auto-apply AttributeConverter for property [org.project.neutrino.nfvo.catalogue.mano.common.AbstractVirtualLink:id]
13:23:05.608 [Test worker] DEBUG o.h.c.annotations.SimpleValueBinder - building SimpleValue for id
13:23:05.608 [Test worker] DEBUG o.h.cfg.annotations.PropertyBinder - Building property id
13:23:05.608 [Test worker] DEBUG org.hibernate.cfg.Ejb3Column - Binding column: Ejb3Column{table=org.hibernate.mapping.Table(abstract_virtual_link), mappingColumn=connectivity_type, insertable=true, updatable=true, unique=false}
13:23:05.609 [Test worker] DEBUG o.h.cfg.annotations.PropertyBinder - MetadataSourceProcessor property connectivity_type with lazy=false
13:23:05.609 [Test worker] DEBUG o.h.cfg.AbstractPropertyHolder - Attempting to locate auto-apply AttributeConverter for property [org.project.neutrino.nfvo.catalogue.mano.common.AbstractVirtualLink:connectivity_type]
13:23:05.609 [Test worker] DEBUG o.h.c.annotations.SimpleValueBinder - building SimpleValue for connectivity_type
13:23:05.609 [Test worker] DEBUG o.h.cfg.annotations.PropertyBinder - Building property connectivity_type
13:23:05.609 [Test worker] DEBUG org.hibernate.cfg.Ejb3Column - Binding column: Ejb3Column{table=org.hibernate.mapping.Table(abstract_virtual_link), mappingColumn=leaf_requirement, insertable=true, updatable=true, unique=false}
13:23:05.609 [Test worker] DEBUG o.h.cfg.annotations.PropertyBinder - MetadataSourceProcessor property leaf_requirement with lazy=false
13:23:05.609 [Test worker] DEBUG o.h.cfg.AbstractPropertyHolder - Attempting to locate auto-apply AttributeConverter for property [org.project.neutrino.nfvo.catalogue.mano.common.AbstractVirtualLink:leaf_requirement]
13:23:05.609 [Test worker] DEBUG o.h.c.annotations.SimpleValueBinder - building SimpleValue for leaf_requirement
13:23:05.609 [Test worker] DEBUG o.h.cfg.annotations.PropertyBinder - Building property leaf_requirement
13:23:05.610 [Test worker] DEBUG org.hibernate.cfg.Ejb3Column - Binding column: Ejb3JoinColumn{logicalColumnName='null', referencedColumn='null', mappedBy=''}
13:23:05.610 [Test worker] DEBUG org.hibernate.cfg.Ejb3Column - Binding column: Ejb3Column{table=org.hibernate.mapping.Table(abstract_virtual_link), mappingColumn=qos, insertable=true, updatable=true, unique=false}
13:23:05.610 [Test worker] DEBUG org.hibernate.cfg.Ejb3Column - Binding column: Ejb3Column{table=org.hibernate.mapping.Table(abstract_virtual_link), mappingColumn=null, insertable=true, updatable=true, unique=false}
13:23:05.610 [Test worker] DEBUG org.hibernate.cfg.Ejb3Column - Binding column: Ejb3Column{table=org.hibernate.mapping.Table(abstract_virtual_link), mappingColumn=qos, insertable=true, updatable=true, unique=false}
13:23:05.610 [Test worker] DEBUG org.hibernate.cfg.Ejb3Column - Binding column: Ejb3Column{table=org.hibernate.mapping.Table(abstract_virtual_link), mappingColumn=qos_key, insertable=true, updatable=true, unique=false}
13:23:05.610 [Test worker] DEBUG org.hibernate.cfg.Ejb3Column - Binding column: Ejb3JoinColumn{logicalColumnName='qos_KEY', referencedColumn='null', mappedBy='null'}
13:23:05.611 [Test worker] DEBUG org.hibernate.cfg.Ejb3Column - Binding column: Ejb3JoinColumn{logicalColumnName='null', referencedColumn='null', mappedBy=''}
13:23:05.611 [Test worker] DEBUG org.hibernate.cfg.Ejb3Column - Binding column: Ejb3JoinColumn{logicalColumnName='null', referencedColumn='null', mappedBy=''}
13:23:05.611 [Test worker] DEBUG o.h.cfg.annotations.CollectionBinder - Collection role: org.project.neutrino.nfvo.catalogue.mano.common.AbstractVirtualLink.qos
13:23:05.611 [Test worker] DEBUG o.h.cfg.annotations.PropertyBinder - Building property qos
13:23:05.611 [Test worker] DEBUG org.hibernate.cfg.Ejb3Column - Binding column: Ejb3Column{table=org.hibernate.mapping.Table(abstract_virtual_link), mappingColumn=root_requirement, insertable=true, updatable=true, unique=false}
13:23:05.611 [Test worker] DEBUG o.h.cfg.annotations.PropertyBinder - MetadataSourceProcessor property root_requirement with lazy=false
13:23:05.611 [Test worker] DEBUG o.h.cfg.AbstractPropertyHolder - Attempting to locate auto-apply AttributeConverter for property [org.project.neutrino.nfvo.catalogue.mano.common.AbstractVirtualLink:root_requirement]
13:23:05.611 [Test worker] DEBUG o.h.c.annotations.SimpleValueBinder - building SimpleValue for root_requirement
13:23:05.611 [Test worker] DEBUG o.h.cfg.annotations.PropertyBinder - Building property root_requirement
13:23:05.612 [Test worker] DEBUG org.hibernate.cfg.Ejb3Column - Binding column: Ejb3JoinColumn{logicalColumnName='null', referencedColumn='null', mappedBy=''}
13:23:05.612 [Test worker] DEBUG org.hibernate.cfg.Ejb3Column - Binding column: Ejb3Column{table=org.hibernate.mapping.Table(abstract_virtual_link), mappingColumn=test_access, insertable=true, updatable=true, unique=false}
13:23:05.612 [Test worker] DEBUG org.hibernate.cfg.Ejb3Column - Binding column: Ejb3Column{table=org.hibernate.mapping.Table(abstract_virtual_link), mappingColumn=null, insertable=true, updatable=true, unique=false}
13:23:05.612 [Test worker] DEBUG org.hibernate.cfg.Ejb3Column - Binding column: Ejb3Column{table=org.hibernate.mapping.Table(abstract_virtual_link), mappingColumn=test_access, insertable=true, updatable=true, unique=false}
13:23:05.612 [Test worker] DEBUG org.hibernate.cfg.Ejb3Column - Binding column: Ejb3Column{table=org.hibernate.mapping.Table(abstract_virtual_link), mappingColumn=test_access_key, insertable=true, updatable=true, unique=false}
13:23:05.612 [Test worker] DEBUG org.hibernate.cfg.Ejb3Column - Binding column: Ejb3JoinColumn{logicalColumnName='test_access_KEY', referencedColumn='null', mappedBy='null'}
13:23:05.612 [Test worker] DEBUG org.hibernate.cfg.Ejb3Column - Binding column: Ejb3JoinColumn{logicalColumnName='null', referencedColumn='null', mappedBy=''}
13:23:05.613 [Test worker] DEBUG org.hibernate.cfg.Ejb3Column - Binding column: Ejb3JoinColumn{logicalColumnName='null', referencedColumn='null', mappedBy=''}
13:23:05.613 [Test worker] DEBUG o.h.cfg.annotations.CollectionBinder - Collection role: org.project.neutrino.nfvo.catalogue.mano.common.AbstractVirtualLink.test_access
13:23:05.613 [Test worker] DEBUG o.h.cfg.annotations.PropertyBinder - Building property test_access
13:23:05.613 [Test worker] DEBUG org.hibernate.cfg.Ejb3Column - Binding column: Ejb3Column{table=org.hibernate.mapping.Table(abstract_virtual_link), mappingColumn=version, insertable=true, updatable=true, unique=false}
13:23:05.613 [Test worker] DEBUG o.h.cfg.annotations.PropertyBinder - MetadataSourceProcessor property version with lazy=false
13:23:05.613 [Test worker] DEBUG o.h.cfg.AbstractPropertyHolder - Attempting to locate auto-apply AttributeConverter for property [org.project.neutrino.nfvo.catalogue.mano.common.AbstractVirtualLink:version]
13:23:05.613 [Test worker] DEBUG o.h.c.annotations.SimpleValueBinder - building SimpleValue for version
13:23:05.613 [Test worker] DEBUG o.h.cfg.annotations.PropertyBinder - Building property version
13:23:05.613 [Test worker] DEBUG org.hibernate.cfg.AnnotationBinder - Binding entity from annotated class: org.project.neutrino.nfvo.catalogue.mano.descriptor.VirtualLinkDescriptor
13:23:05.614 [Test worker] DEBUG o.h.cfg.annotations.EntityBinder - Import with entity name VirtualLinkDescriptor
13:23:05.614 [Test worker] DEBUG o.h.cfg.annotations.EntityBinder - Bind entity org.project.neutrino.nfvo.catalogue.mano.descriptor.VirtualLinkDescriptor on table virtual_link_descriptor
13:23:05.615 [Test worker] DEBUG org.hibernate.cfg.Ejb3Column - Binding column: Ejb3JoinColumn{logicalColumnName='null', referencedColumn='null', mappedBy=''}
13:23:05.615 [Test worker] DEBUG org.hibernate.cfg.Ejb3Column - Binding column: Ejb3Column{table=org.hibernate.mapping.DenormalizedTable(virtual_link_descriptor), mappingColumn=connection, insertable=true, updatable=true, unique=false}
13:23:05.615 [Test worker] DEBUG org.hibernate.cfg.Ejb3Column - Binding column: Ejb3Column{table=org.hibernate.mapping.DenormalizedTable(virtual_link_descriptor), mappingColumn=null, insertable=true, updatable=true, unique=false}
13:23:05.616 [Test worker] DEBUG org.hibernate.cfg.Ejb3Column - Binding column: Ejb3Column{table=org.hibernate.mapping.DenormalizedTable(virtual_link_descriptor), mappingColumn=connection, insertable=true, updatable=true, unique=false}
13:23:05.616 [Test worker] DEBUG org.hibernate.cfg.Ejb3Column - Binding column: Ejb3Column{table=org.hibernate.mapping.DenormalizedTable(virtual_link_descriptor), mappingColumn=connection_key, insertable=true, updatable=true, unique=false}
13:23:05.616 [Test worker] DEBUG org.hibernate.cfg.Ejb3Column - Binding column: Ejb3JoinColumn{logicalColumnName='connection_KEY', referencedColumn='null', mappedBy='null'}
13:23:05.616 [Test worker] DEBUG org.hibernate.cfg.Ejb3Column - Binding column: Ejb3JoinColumn{logicalColumnName='null', referencedColumn='null', mappedBy=''}
13:23:05.616 [Test worker] DEBUG org.hibernate.cfg.Ejb3Column - Binding column: Ejb3JoinColumn{logicalColumnName='null', referencedColumn='null', mappedBy=''}
13:23:05.616 [Test worker] DEBUG o.h.cfg.annotations.CollectionBinder - Collection role: org.project.neutrino.nfvo.catalogue.mano.descriptor.VirtualLinkDescriptor.connection
13:23:05.616 [Test worker] DEBUG o.h.cfg.annotations.PropertyBinder - Building property connection
13:23:05.616 [Test worker] DEBUG org.hibernate.cfg.Ejb3Column - Binding column: Ejb3Column{table=org.hibernate.mapping.DenormalizedTable(virtual_link_descriptor), mappingColumn=descriptor_version, insertable=true, updatable=true, unique=false}
13:23:05.616 [Test worker] DEBUG o.h.cfg.annotations.PropertyBinder - MetadataSourceProcessor property descriptor_version with lazy=false
13:23:05.617 [Test worker] DEBUG o.h.cfg.AbstractPropertyHolder - Attempting to locate auto-apply AttributeConverter for property [org.project.neutrino.nfvo.catalogue.mano.descriptor.VirtualLinkDescriptor:descriptor_version]
13:23:05.617 [Test worker] DEBUG o.h.c.annotations.SimpleValueBinder - building SimpleValue for descriptor_version
13:23:05.617 [Test worker] DEBUG o.h.cfg.annotations.PropertyBinder - Building property descriptor_version
13:23:05.617 [Test worker] DEBUG org.hibernate.cfg.Ejb3Column - Binding column: Ejb3Column{table=org.hibernate.mapping.DenormalizedTable(virtual_link_descriptor), mappingColumn=number_of_endpoints, insertable=true, updatable=true, unique=false}
13:23:05.617 [Test worker] DEBUG o.h.cfg.annotations.PropertyBinder - MetadataSourceProcessor property number_of_endpoints with lazy=false
13:23:05.617 [Test worker] DEBUG o.h.cfg.AbstractPropertyHolder - Attempting to locate auto-apply AttributeConverter for property [org.project.neutrino.nfvo.catalogue.mano.descriptor.VirtualLinkDescriptor:number_of_endpoints]
13:23:05.617 [Test worker] DEBUG o.h.c.annotations.SimpleValueBinder - building SimpleValue for number_of_endpoints
13:23:05.617 [Test worker] DEBUG o.h.cfg.annotations.PropertyBinder - Building property number_of_endpoints
13:23:05.618 [Test worker] DEBUG org.hibernate.cfg.Ejb3Column - Binding column: Ejb3Column{table=org.hibernate.mapping.DenormalizedTable(virtual_link_descriptor), mappingColumn=vendor, insertable=true, updatable=true, unique=false}
13:23:05.618 [Test worker] DEBUG o.h.cfg.annotations.PropertyBinder - MetadataSourceProcessor property vendor with lazy=false
13:23:05.618 [Test worker] DEBUG o.h.cfg.AbstractPropertyHolder - Attempting to locate auto-apply AttributeConverter for property [org.project.neutrino.nfvo.catalogue.mano.descriptor.VirtualLinkDescriptor:vendor]
13:23:05.618 [Test worker] DEBUG o.h.c.annotations.SimpleValueBinder - building SimpleValue for vendor
13:23:05.618 [Test worker] DEBUG o.h.cfg.annotations.PropertyBinder - Building property vendor
13:23:05.618 [Test worker] DEBUG org.hibernate.cfg.Ejb3Column - Binding column: Ejb3JoinColumn{logicalColumnName='null', referencedColumn='null', mappedBy=''}
13:23:05.618 [Test worker] DEBUG org.hibernate.cfg.Ejb3Column - Binding column: Ejb3Column{table=org.hibernate.mapping.DenormalizedTable(virtual_link_descriptor), mappingColumn=vld_security, insertable=true, updatable=true, unique=false}
13:23:05.618 [Test worker] DEBUG o.h.cfg.annotations.PropertyBinder - Building property vld_security
13:23:05.619 [Test worker] DEBUG org.hibernate.cfg.AnnotationBinder - Binding entity from annotated class: org.project.neutrino.nfvo.catalogue.mano.descriptor.InternalVirtualLink
13:23:05.619 [Test worker] DEBUG o.h.cfg.annotations.EntityBinder - Import with entity name InternalVirtualLink
13:23:05.619 [Test worker] DEBUG o.h.cfg.annotations.EntityBinder - Bind entity org.project.neutrino.nfvo.catalogue.mano.descriptor.InternalVirtualLink on table internal_virtual_link
13:23:05.620 [Test worker] DEBUG org.hibernate.cfg.Ejb3Column - Binding column: Ejb3JoinColumn{logicalColumnName='null', referencedColumn='null', mappedBy=''}
13:23:05.620 [Test worker] DEBUG org.hibernate.cfg.Ejb3Column - Binding column: Ejb3Column{table=org.hibernate.mapping.DenormalizedTable(internal_virtual_link), mappingColumn=connection_points_references, insertable=true, updatable=true, unique=false}
13:23:05.620 [Test worker] DEBUG org.hibernate.cfg.Ejb3Column - Binding column: Ejb3Column{table=org.hibernate.mapping.DenormalizedTable(internal_virtual_link), mappingColumn=null, insertable=true, updatable=true, unique=false}
13:23:05.620 [Test worker] DEBUG org.hibernate.cfg.Ejb3Column - Binding column: Ejb3Column{table=org.hibernate.mapping.DenormalizedTable(internal_virtual_link), mappingColumn=connection_points_references, insertable=true, updatable=true, unique=false}
13:23:05.620 [Test worker] DEBUG org.hibernate.cfg.Ejb3Column - Binding column: Ejb3Column{table=org.hibernate.mapping.DenormalizedTable(internal_virtual_link), mappingColumn=connection_points_references_key, insertable=true, updatable=true, unique=false}
13:23:05.621 [Test worker] DEBUG org.hibernate.cfg.Ejb3Column - Binding column: Ejb3JoinColumn{logicalColumnName='connection_points_references_KEY', referencedColumn='null', mappedBy='null'}
13:23:05.621 [Test worker] DEBUG org.hibernate.cfg.Ejb3Column - Binding column: Ejb3JoinColumn{logicalColumnName='null', referencedColumn='null', mappedBy=''}
13:23:05.621 [Test worker] DEBUG org.hibernate.cfg.Ejb3Column - Binding column: Ejb3JoinColumn{logicalColumnName='null', referencedColumn='null', mappedBy=''}
13:23:05.621 [Test worker] DEBUG o.h.cfg.annotations.CollectionBinder - Collection role: org.project.neutrino.nfvo.catalogue.mano.descriptor.InternalVirtualLink.connection_points_references
13:23:05.621 [Test worker] DEBUG o.h.cfg.annotations.PropertyBinder - Building property connection_points_references
13:23:05.621 [Test worker] DEBUG org.hibernate.cfg.AnnotationBinder - Binding entity from annotated class: org.project.neutrino.nfvo.catalogue.mano.descriptor.PhysicalNetworkFunctionDescriptor
13:23:05.621 [Test worker] DEBUG org.hibernate.cfg.Ejb3Column - Binding column: Ejb3DiscriminatorColumn{logicalColumnName'DTYPE', discriminatorTypeName='string'}
13:23:05.622 [Test worker] DEBUG o.h.cfg.annotations.EntityBinder - Import with entity name PhysicalNetworkFunctionDescriptor
13:23:05.622 [Test worker] DEBUG o.h.cfg.annotations.EntityBinder - Bind entity org.project.neutrino.nfvo.catalogue.mano.descriptor.PhysicalNetworkFunctionDescriptor on table physical_network_function_descriptor
13:23:05.623 [Test worker] DEBUG org.hibernate.cfg.Ejb3Column - Binding column: Ejb3Column{table=org.hibernate.mapping.Table(physical_network_function_descriptor), mappingColumn=id, insertable=true, updatable=true, unique=false}
13:23:05.623 [Test worker] DEBUG o.h.cfg.annotations.PropertyBinder - MetadataSourceProcessor property id with lazy=false
13:23:05.623 [Test worker] DEBUG o.h.cfg.AbstractPropertyHolder - Attempting to locate auto-apply AttributeConverter for property [org.project.neutrino.nfvo.catalogue.mano.descriptor.PhysicalNetworkFunctionDescriptor:id]
13:23:05.623 [Test worker] DEBUG o.h.c.annotations.SimpleValueBinder - building SimpleValue for id
13:23:05.623 [Test worker] DEBUG o.h.cfg.annotations.PropertyBinder - Building property id
13:23:05.624 [Test worker] DEBUG org.hibernate.cfg.Ejb3Column - Binding column: Ejb3JoinColumn{logicalColumnName='null', referencedColumn='null', mappedBy=''}
13:23:05.624 [Test worker] DEBUG org.hibernate.cfg.Ejb3Column - Binding column: Ejb3Column{table=org.hibernate.mapping.Table(physical_network_function_descriptor), mappingColumn=connection_point, insertable=true, updatable=true, unique=false}
13:23:05.624 [Test worker] DEBUG org.hibernate.cfg.Ejb3Column - Binding column: Ejb3Column{table=org.hibernate.mapping.Table(physical_network_function_descriptor), mappingColumn=null, insertable=true, updatable=true, unique=false}
13:23:05.624 [Test worker] DEBUG org.hibernate.cfg.Ejb3Column - Binding column: Ejb3Column{table=org.hibernate.mapping.Table(physical_network_function_descriptor), mappingColumn=element, insertable=true, updatable=true, unique=false}
13:23:05.624 [Test worker] DEBUG org.hibernate.cfg.Ejb3Column - Binding column: Ejb3Column{table=org.hibernate.mapping.Table(physical_network_function_descriptor), mappingColumn=connection_point_key, insertable=true, updatable=true, unique=false}
13:23:05.624 [Test worker] DEBUG org.hibernate.cfg.Ejb3Column - Binding column: Ejb3JoinColumn{logicalColumnName='connection_point_KEY', referencedColumn='null', mappedBy='null'}
13:23:05.624 [Test worker] DEBUG org.hibernate.cfg.Ejb3Column - Binding column: Ejb3JoinColumn{logicalColumnName='null', referencedColumn='null', mappedBy=''}
13:23:05.625 [Test worker] DEBUG org.hibernate.cfg.Ejb3Column - Binding column: Ejb3JoinColumn{logicalColumnName='null', referencedColumn='null', mappedBy=''}
13:23:05.625 [Test worker] DEBUG o.h.cfg.annotations.CollectionBinder - Collection role: org.project.neutrino.nfvo.catalogue.mano.descriptor.PhysicalNetworkFunctionDescriptor.connection_point
13:23:05.625 [Test worker] DEBUG o.h.cfg.annotations.PropertyBinder - Building property connection_point
13:23:05.625 [Test worker] DEBUG org.hibernate.cfg.Ejb3Column - Binding column: Ejb3Column{table=org.hibernate.mapping.Table(physical_network_function_descriptor), mappingColumn=description, insertable=true, updatable=true, unique=false}
13:23:05.625 [Test worker] DEBUG o.h.cfg.annotations.PropertyBinder - MetadataSourceProcessor property description with lazy=false
13:23:05.625 [Test worker] DEBUG o.h.cfg.AbstractPropertyHolder - Attempting to locate auto-apply AttributeConverter for property [org.project.neutrino.nfvo.catalogue.mano.descriptor.PhysicalNetworkFunctionDescriptor:description]
13:23:05.625 [Test worker] DEBUG o.h.c.annotations.SimpleValueBinder - building SimpleValue for description
13:23:05.625 [Test worker] DEBUG o.h.cfg.annotations.PropertyBinder - Building property description
13:23:05.626 [Test worker] DEBUG org.hibernate.cfg.Ejb3Column - Binding column: Ejb3Column{table=org.hibernate.mapping.Table(physical_network_function_descriptor), mappingColumn=descriptor_version, insertable=true, updatable=true, unique=false}
13:23:05.626 [Test worker] DEBUG o.h.cfg.annotations.PropertyBinder - MetadataSourceProcessor property descriptor_version with lazy=false
13:23:05.626 [Test worker] DEBUG o.h.cfg.AbstractPropertyHolder - Attempting to locate auto-apply AttributeConverter for property [org.project.neutrino.nfvo.catalogue.mano.descriptor.PhysicalNetworkFunctionDescriptor:descriptor_version]
13:23:05.626 [Test worker] DEBUG o.h.c.annotations.SimpleValueBinder - building SimpleValue for descriptor_version
13:23:05.626 [Test worker] DEBUG o.h.cfg.annotations.PropertyBinder - Building property descriptor_version
13:23:05.626 [Test worker] DEBUG org.hibernate.cfg.Ejb3Column - Binding column: Ejb3Column{table=org.hibernate.mapping.Table(physical_network_function_descriptor), mappingColumn=hb_version, insertable=true, updatable=true, unique=false}
13:23:05.626 [Test worker] DEBUG o.h.cfg.annotations.PropertyBinder - MetadataSourceProcessor property hb_version with lazy=false
13:23:05.626 [Test worker] DEBUG o.h.cfg.AbstractPropertyHolder - Attempting to locate auto-apply AttributeConverter for property [org.project.neutrino.nfvo.catalogue.mano.descriptor.PhysicalNetworkFunctionDescriptor:hb_version]
13:23:05.626 [Test worker] DEBUG o.h.c.annotations.SimpleValueBinder - building SimpleValue for hb_version
13:23:05.627 [Test worker] DEBUG o.h.cfg.annotations.PropertyBinder - Building property hb_version
13:23:05.627 [Test worker] DEBUG org.hibernate.cfg.Ejb3Column - Binding column: Ejb3JoinColumn{logicalColumnName='null', referencedColumn='null', mappedBy=''}
13:23:05.627 [Test worker] DEBUG org.hibernate.cfg.Ejb3Column - Binding column: Ejb3Column{table=org.hibernate.mapping.Table(physical_network_function_descriptor), mappingColumn=pnfd_security, insertable=true, updatable=true, unique=false}
13:23:05.627 [Test worker] DEBUG o.h.cfg.annotations.PropertyBinder - Building property pnfd_security
13:23:05.627 [Test worker] DEBUG org.hibernate.cfg.Ejb3Column - Binding column: Ejb3Column{table=org.hibernate.mapping.Table(physical_network_function_descriptor), mappingColumn=vendor, insertable=true, updatable=true, unique=false}
13:23:05.627 [Test worker] DEBUG o.h.cfg.annotations.PropertyBinder - MetadataSourceProcessor property vendor with lazy=false
13:23:05.627 [Test worker] DEBUG o.h.cfg.AbstractPropertyHolder - Attempting to locate auto-apply AttributeConverter for property [org.project.neutrino.nfvo.catalogue.mano.descriptor.PhysicalNetworkFunctionDescriptor:vendor]
13:23:05.628 [Test worker] DEBUG o.h.c.annotations.SimpleValueBinder - building SimpleValue for vendor
13:23:05.628 [Test worker] DEBUG o.h.cfg.annotations.PropertyBinder - Building property vendor
13:23:05.628 [Test worker] DEBUG org.hibernate.cfg.Ejb3Column - Binding column: Ejb3Column{table=org.hibernate.mapping.Table(physical_network_function_descriptor), mappingColumn=version, insertable=true, updatable=true, unique=false}
13:23:05.628 [Test worker] DEBUG o.h.cfg.annotations.PropertyBinder - MetadataSourceProcessor property version with lazy=false
13:23:05.628 [Test worker] DEBUG o.h.cfg.AbstractPropertyHolder - Attempting to locate auto-apply AttributeConverter for property [org.project.neutrino.nfvo.catalogue.mano.descriptor.PhysicalNetworkFunctionDescriptor:version]
13:23:05.628 [Test worker] DEBUG o.h.c.annotations.SimpleValueBinder - building SimpleValue for version
13:23:05.628 [Test worker] DEBUG o.h.cfg.annotations.PropertyBinder - Building property version
13:23:05.628 [Test worker] DEBUG org.hibernate.cfg.AnnotationBinder - Binding entity from annotated class: org.project.neutrino.nfvo.catalogue.mano.descriptor.NetworkForwardingPath
13:23:05.628 [Test worker] DEBUG org.hibernate.cfg.Ejb3Column - Binding column: Ejb3DiscriminatorColumn{logicalColumnName'DTYPE', discriminatorTypeName='string'}
13:23:05.629 [Test worker] DEBUG o.h.cfg.annotations.EntityBinder - Import with entity name NetworkForwardingPath
13:23:05.629 [Test worker] DEBUG o.h.cfg.annotations.EntityBinder - Bind entity org.project.neutrino.nfvo.catalogue.mano.descriptor.NetworkForwardingPath on table network_forwarding_path
13:23:05.630 [Test worker] DEBUG org.hibernate.cfg.Ejb3Column - Binding column: Ejb3Column{table=org.hibernate.mapping.Table(network_forwarding_path), mappingColumn=id, insertable=true, updatable=true, unique=false}
13:23:05.630 [Test worker] DEBUG o.h.cfg.annotations.PropertyBinder - MetadataSourceProcessor property id with lazy=false
13:23:05.630 [Test worker] DEBUG o.h.cfg.AbstractPropertyHolder - Attempting to locate auto-apply AttributeConverter for property [org.project.neutrino.nfvo.catalogue.mano.descriptor.NetworkForwardingPath:id]
13:23:05.630 [Test worker] DEBUG o.h.c.annotations.SimpleValueBinder - building SimpleValue for id
13:23:05.630 [Test worker] DEBUG o.h.cfg.annotations.PropertyBinder - Building property id
13:23:05.630 [Test worker] DEBUG org.hibernate.cfg.Ejb3Column - Binding column: Ejb3JoinColumn{logicalColumnName='null', referencedColumn='null', mappedBy=''}
13:23:05.631 [Test worker] DEBUG org.hibernate.cfg.Ejb3Column - Binding column: Ejb3Column{table=org.hibernate.mapping.Table(network_forwarding_path), mappingColumn=connection, insertable=true, updatable=true, unique=false}
13:23:05.631 [Test worker] DEBUG org.hibernate.cfg.Ejb3Column - Binding column: Ejb3Column{table=org.hibernate.mapping.Table(network_forwarding_path), mappingColumn=null, insertable=true, updatable=true, unique=false}
13:23:05.632 [Test worker] DEBUG org.hibernate.cfg.Ejb3Column - Binding column: Ejb3Column{table=org.hibernate.mapping.Table(network_forwarding_path), mappingColumn=connection, insertable=true, updatable=true, unique=false}
13:23:05.633 [Test worker] DEBUG org.hibernate.cfg.Ejb3Column - Binding column: Ejb3Column{table=org.hibernate.mapping.Table(network_forwarding_path), mappingColumn=connection_key, insertable=true, updatable=true, unique=false}
13:23:05.633 [Test worker] DEBUG org.hibernate.cfg.Ejb3Column - Binding column: Ejb3JoinColumn{logicalColumnName='connection_KEY', referencedColumn='null', mappedBy='null'}
13:23:05.633 [Test worker] DEBUG org.hibernate.cfg.Ejb3Column - Binding column: Ejb3JoinColumn{logicalColumnName='null', referencedColumn='null', mappedBy=''}
13:23:05.633 [Test worker] DEBUG org.hibernate.cfg.Ejb3Column - Binding column: Ejb3JoinColumn{logicalColumnName='null', referencedColumn='null', mappedBy=''}
13:23:05.634 [Test worker] DEBUG o.h.cfg.annotations.CollectionBinder - Collection role: org.project.neutrino.nfvo.catalogue.mano.descriptor.NetworkForwardingPath.connection
13:23:05.634 [Test worker] DEBUG o.h.cfg.annotations.PropertyBinder - Building property connection
13:23:05.635 [Test worker] DEBUG org.hibernate.cfg.Ejb3Column - Binding column: Ejb3JoinColumn{logicalColumnName='null', referencedColumn='null', mappedBy=''}
13:23:05.635 [Test worker] DEBUG org.hibernate.cfg.Ejb3Column - Binding column: Ejb3Column{table=org.hibernate.mapping.Table(network_forwarding_path), mappingColumn=policy, insertable=true, updatable=true, unique=false}
13:23:05.635 [Test worker] DEBUG o.h.cfg.annotations.PropertyBinder - Building property policy
13:23:05.635 [Test worker] DEBUG org.hibernate.cfg.Ejb3Column - Binding column: Ejb3Column{table=org.hibernate.mapping.Table(network_forwarding_path), mappingColumn=version, insertable=true, updatable=true, unique=false}
13:23:05.635 [Test worker] DEBUG o.h.cfg.annotations.PropertyBinder - MetadataSourceProcessor property version with lazy=false
13:23:05.635 [Test worker] DEBUG o.h.cfg.AbstractPropertyHolder - Attempting to locate auto-apply AttributeConverter for property [org.project.neutrino.nfvo.catalogue.mano.descriptor.NetworkForwardingPath:version]
13:23:05.636 [Test worker] DEBUG o.h.c.annotations.SimpleValueBinder - building SimpleValue for version
13:23:05.636 [Test worker] DEBUG o.h.cfg.annotations.PropertyBinder - Building property version
13:23:05.636 [Test worker] DEBUG org.hibernate.cfg.AnnotationBinder - Binding entity from annotated class: org.project.neutrino.nfvo.catalogue.mano.common.ConnectionPoint
13:23:05.636 [Test worker] DEBUG o.h.cfg.annotations.EntityBinder - Import with entity name ConnectionPoint
13:23:05.636 [Test worker] DEBUG o.h.cfg.annotations.EntityBinder - Bind entity org.project.neutrino.nfvo.catalogue.mano.common.ConnectionPoint on table connection_point
13:23:05.637 [Test worker] DEBUG org.hibernate.cfg.Ejb3Column - Binding column: Ejb3Column{table=org.hibernate.mapping.Table(connection_point), mappingColumn=id, insertable=true, updatable=true, unique=false}
13:23:05.637 [Test worker] DEBUG o.h.cfg.annotations.PropertyBinder - MetadataSourceProcessor property id with lazy=false
13:23:05.637 [Test worker] DEBUG o.h.cfg.AbstractPropertyHolder - Attempting to locate auto-apply AttributeConverter for property [org.project.neutrino.nfvo.catalogue.mano.common.ConnectionPoint:id]
13:23:05.637 [Test worker] DEBUG o.h.c.annotations.SimpleValueBinder - building SimpleValue for id
13:23:05.638 [Test worker] DEBUG o.h.cfg.annotations.PropertyBinder - Building property id
13:23:05.638 [Test worker] DEBUG org.hibernate.cfg.Ejb3Column - Binding column: Ejb3Column{table=org.hibernate.mapping.Table(connection_point), mappingColumn=type, insertable=true, updatable=true, unique=false}
13:23:05.638 [Test worker] DEBUG o.h.cfg.annotations.PropertyBinder - MetadataSourceProcessor property type with lazy=false
13:23:05.638 [Test worker] DEBUG o.h.cfg.AbstractPropertyHolder - Attempting to locate auto-apply AttributeConverter for property [org.project.neutrino.nfvo.catalogue.mano.common.ConnectionPoint:type]
13:23:05.638 [Test worker] DEBUG o.h.c.annotations.SimpleValueBinder - building SimpleValue for type
13:23:05.638 [Test worker] DEBUG o.h.cfg.annotations.PropertyBinder - Building property type
13:23:05.638 [Test worker] DEBUG org.hibernate.cfg.Ejb3Column - Binding column: Ejb3Column{table=org.hibernate.mapping.Table(connection_point), mappingColumn=version, insertable=true, updatable=true, unique=false}
13:23:05.639 [Test worker] DEBUG o.h.cfg.annotations.PropertyBinder - MetadataSourceProcessor property version with lazy=false
13:23:05.639 [Test worker] DEBUG o.h.cfg.AbstractPropertyHolder - Attempting to locate auto-apply AttributeConverter for property [org.project.neutrino.nfvo.catalogue.mano.common.ConnectionPoint:version]
13:23:05.639 [Test worker] DEBUG o.h.c.annotations.SimpleValueBinder - building SimpleValue for version
13:23:05.639 [Test worker] DEBUG o.h.cfg.annotations.PropertyBinder - Building property version
13:23:05.639 [Test worker] DEBUG org.hibernate.cfg.AnnotationBinder - Binding entity from annotated class: org.project.neutrino.nfvo.catalogue.mano.descriptor.VNFDConnectionPoint
13:23:05.639 [Test worker] DEBUG o.h.cfg.annotations.EntityBinder - Import with entity name VNFDConnectionPoint
13:23:05.639 [Test worker] DEBUG o.h.cfg.annotations.EntityBinder - Bind entity org.project.neutrino.nfvo.catalogue.mano.descriptor.VNFDConnectionPoint on table vnfdconnection_point
13:23:05.640 [Test worker] DEBUG org.hibernate.cfg.Ejb3Column - Binding column: Ejb3Column{table=org.hibernate.mapping.DenormalizedTable(vnfdconnection_point), mappingColumn=virtual_link_reference, insertable=true, updatable=true, unique=false}
13:23:05.640 [Test worker] DEBUG o.h.cfg.annotations.PropertyBinder - MetadataSourceProcessor property virtual_link_reference with lazy=false
13:23:05.640 [Test worker] DEBUG o.h.cfg.AbstractPropertyHolder - Attempting to locate auto-apply AttributeConverter for property [org.project.neutrino.nfvo.catalogue.mano.descriptor.VNFDConnectionPoint:virtual_link_reference]
13:23:05.640 [Test worker] DEBUG o.h.c.annotations.SimpleValueBinder - building SimpleValue for virtual_link_reference
13:23:05.641 [Test worker] DEBUG o.h.cfg.annotations.PropertyBinder - Building property virtual_link_reference
13:23:05.641 [Test worker] DEBUG org.hibernate.cfg.AnnotationBinder - Binding entity from annotated class: org.project.neutrino.nfvo.catalogue.mano.descriptor.VNFDDeploymentFlavour
13:23:05.642 [Test worker] DEBUG o.h.cfg.annotations.EntityBinder - Import with entity name VNFDDeploymentFlavour
13:23:05.642 [Test worker] DEBUG o.h.cfg.annotations.EntityBinder - Bind entity org.project.neutrino.nfvo.catalogue.mano.descriptor.VNFDDeploymentFlavour on table vnfddeployment_flavour
13:23:05.643 [Test worker] DEBUG org.hibernate.cfg.Ejb3Column - Binding column: Ejb3JoinColumn{logicalColumnName='null', referencedColumn='null', mappedBy=''}
13:23:05.644 [Test worker] DEBUG org.hibernate.cfg.Ejb3Column - Binding column: Ejb3Column{table=org.hibernate.mapping.DenormalizedTable(vnfddeployment_flavour), mappingColumn=costituent_vdu, insertable=true, updatable=true, unique=false}
13:23:05.644 [Test worker] DEBUG org.hibernate.cfg.Ejb3Column - Binding column: Ejb3Column{table=org.hibernate.mapping.DenormalizedTable(vnfddeployment_flavour), mappingColumn=null, insertable=true, updatable=true, unique=false}
13:23:05.644 [Test worker] DEBUG org.hibernate.cfg.Ejb3Column - Binding column: Ejb3Column{table=org.hibernate.mapping.DenormalizedTable(vnfddeployment_flavour), mappingColumn=element, insertable=true, updatable=true, unique=false}
13:23:05.644 [Test worker] DEBUG org.hibernate.cfg.Ejb3Column - Binding column: Ejb3Column{table=org.hibernate.mapping.DenormalizedTable(vnfddeployment_flavour), mappingColumn=costituent_vdu_key, insertable=true, updatable=true, unique=false}
13:23:05.644 [Test worker] DEBUG org.hibernate.cfg.Ejb3Column - Binding column: Ejb3JoinColumn{logicalColumnName='costituent_vdu_KEY', referencedColumn='null', mappedBy='null'}
13:23:05.644 [Test worker] DEBUG org.hibernate.cfg.Ejb3Column - Binding column: Ejb3JoinColumn{logicalColumnName='null', referencedColumn='null', mappedBy=''}
13:23:05.644 [Test worker] DEBUG org.hibernate.cfg.Ejb3Column - Binding column: Ejb3JoinColumn{logicalColumnName='null', referencedColumn='null', mappedBy=''}
13:23:05.644 [Test worker] DEBUG o.h.cfg.annotations.CollectionBinder - Collection role: org.project.neutrino.nfvo.catalogue.mano.descriptor.VNFDDeploymentFlavour.costituent_vdu
13:23:05.645 [Test worker] DEBUG o.h.cfg.annotations.PropertyBinder - Building property costituent_vdu
13:23:05.645 [Test worker] DEBUG org.hibernate.cfg.Ejb3Column - Binding column: Ejb3JoinColumn{logicalColumnName='null', referencedColumn='null', mappedBy=''}
13:23:05.645 [Test worker] DEBUG org.hibernate.cfg.Ejb3Column - Binding column: Ejb3Column{table=org.hibernate.mapping.DenormalizedTable(vnfddeployment_flavour), mappingColumn=df_constraint, insertable=true, updatable=true, unique=false}
13:23:05.645 [Test worker] DEBUG org.hibernate.cfg.Ejb3Column - Binding column: Ejb3Column{table=org.hibernate.mapping.DenormalizedTable(vnfddeployment_flavour), mappingColumn=null, insertable=true, updatable=true, unique=false}
13:23:05.646 [Test worker] DEBUG org.hibernate.cfg.Ejb3Column - Binding column: Ejb3Column{table=org.hibernate.mapping.DenormalizedTable(vnfddeployment_flavour), mappingColumn=df_constraint, insertable=true, updatable=true, unique=false}
13:23:05.646 [Test worker] DEBUG org.hibernate.cfg.Ejb3Column - Binding column: Ejb3Column{table=org.hibernate.mapping.DenormalizedTable(vnfddeployment_flavour), mappingColumn=df_constraint_key, insertable=true, updatable=true, unique=false}
13:23:05.646 [Test worker] DEBUG org.hibernate.cfg.Ejb3Column - Binding column: Ejb3JoinColumn{logicalColumnName='df_constraint_KEY', referencedColumn='null', mappedBy='null'}
13:23:05.646 [Test worker] DEBUG org.hibernate.cfg.Ejb3Column - Binding column: Ejb3JoinColumn{logicalColumnName='null', referencedColumn='null', mappedBy=''}
13:23:05.646 [Test worker] DEBUG org.hibernate.cfg.Ejb3Column - Binding column: Ejb3JoinColumn{logicalColumnName='null', referencedColumn='null', mappedBy=''}
13:23:05.647 [Test worker] DEBUG o.h.cfg.annotations.CollectionBinder - Collection role: org.project.neutrino.nfvo.catalogue.mano.descriptor.VNFDDeploymentFlavour.df_constraint
13:23:05.647 [Test worker] DEBUG o.h.cfg.annotations.PropertyBinder - Building property df_constraint
13:23:05.647 [Test worker] DEBUG org.hibernate.cfg.AnnotationBinder - Binding entity from annotated class: org.project.neutrino.nfvo.catalogue.mano.record.VirtualNetworkFunctionRecord
13:23:05.647 [Test worker] DEBUG org.hibernate.cfg.Ejb3Column - Binding column: Ejb3DiscriminatorColumn{logicalColumnName'DTYPE', discriminatorTypeName='string'}
13:23:05.647 [Test worker] DEBUG o.h.cfg.annotations.EntityBinder - Import with entity name VirtualNetworkFunctionRecord
13:23:05.647 [Test worker] DEBUG o.h.cfg.annotations.EntityBinder - Bind entity org.project.neutrino.nfvo.catalogue.mano.record.VirtualNetworkFunctionRecord on table virtual_network_function_record
13:23:05.651 [Test worker] DEBUG org.hibernate.cfg.Ejb3Column - Binding column: Ejb3Column{table=org.hibernate.mapping.Table(virtual_network_function_record), mappingColumn=id, insertable=true, updatable=true, unique=false}
13:23:05.652 [Test worker] DEBUG o.h.cfg.annotations.PropertyBinder - MetadataSourceProcessor property id with lazy=false
13:23:05.652 [Test worker] DEBUG o.h.cfg.AbstractPropertyHolder - Attempting to locate auto-apply AttributeConverter for property [org.project.neutrino.nfvo.catalogue.mano.record.VirtualNetworkFunctionRecord:id]
13:23:05.652 [Test worker] DEBUG o.h.c.annotations.SimpleValueBinder - building SimpleValue for id
13:23:05.652 [Test worker] DEBUG o.h.cfg.annotations.PropertyBinder - Building property id
13:23:05.652 [Test worker] DEBUG org.hibernate.cfg.Ejb3Column - Binding column: Ejb3Column{table=org.hibernate.mapping.Table(virtual_network_function_record), mappingColumn=audit_log, insertable=true, updatable=true, unique=false}
13:23:05.652 [Test worker] DEBUG o.h.cfg.annotations.PropertyBinder - MetadataSourceProcessor property audit_log with lazy=false
13:23:05.653 [Test worker] DEBUG o.h.cfg.AbstractPropertyHolder - Attempting to locate auto-apply AttributeConverter for property [org.project.neutrino.nfvo.catalogue.mano.record.VirtualNetworkFunctionRecord:audit_log]
13:23:05.653 [Test worker] DEBUG o.h.c.annotations.SimpleValueBinder - building SimpleValue for audit_log
13:23:05.653 [Test worker] DEBUG o.h.cfg.annotations.PropertyBinder - Building property audit_log
13:23:05.653 [Test worker] DEBUG org.hibernate.cfg.Ejb3Column - Binding column: Ejb3JoinColumn{logicalColumnName='null', referencedColumn='null', mappedBy=''}
13:23:05.654 [Test worker] DEBUG org.hibernate.cfg.Ejb3Column - Binding column: Ejb3Column{table=org.hibernate.mapping.Table(virtual_network_function_record), mappingColumn=auto_scale_policy, insertable=true, updatable=true, unique=false}
13:23:05.657 [Test worker] DEBUG org.hibernate.cfg.Ejb3Column - Binding column: Ejb3Column{table=org.hibernate.mapping.Table(virtual_network_function_record), mappingColumn=null, insertable=true, updatable=true, unique=false}
13:23:05.657 [Test worker] DEBUG org.hibernate.cfg.Ejb3Column - Binding column: Ejb3Column{table=org.hibernate.mapping.Table(virtual_network_function_record), mappingColumn=element, insertable=true, updatable=true, unique=false}
13:23:05.657 [Test worker] DEBUG org.hibernate.cfg.Ejb3Column - Binding column: Ejb3Column{table=org.hibernate.mapping.Table(virtual_network_function_record), mappingColumn=auto_scale_policy_key, insertable=true, updatable=true, unique=false}
13:23:05.658 [Test worker] DEBUG org.hibernate.cfg.Ejb3Column - Binding column: Ejb3JoinColumn{logicalColumnName='auto_scale_policy_KEY', referencedColumn='null', mappedBy='null'}
13:23:05.658 [Test worker] DEBUG org.hibernate.cfg.Ejb3Column - Binding column: Ejb3JoinColumn{logicalColumnName='null', referencedColumn='null', mappedBy=''}
13:23:05.658 [Test worker] DEBUG org.hibernate.cfg.Ejb3Column - Binding column: Ejb3JoinColumn{logicalColumnName='null', referencedColumn='null', mappedBy=''}
13:23:05.658 [Test worker] DEBUG o.h.cfg.annotations.CollectionBinder - Collection role: org.project.neutrino.nfvo.catalogue.mano.record.VirtualNetworkFunctionRecord.auto_scale_policy
13:23:05.658 [Test worker] DEBUG o.h.cfg.annotations.PropertyBinder - Building property auto_scale_policy
13:23:05.658 [Test worker] DEBUG org.hibernate.cfg.Ejb3Column - Binding column: Ejb3JoinColumn{logicalColumnName='null', referencedColumn='null', mappedBy=''}
13:23:05.659 [Test worker] DEBUG org.hibernate.cfg.Ejb3Column - Binding column: Ejb3Column{table=org.hibernate.mapping.Table(virtual_network_function_record), mappingColumn=connected_external_virtual_link, insertable=true, updatable=true, unique=false}
13:23:05.659 [Test worker] DEBUG org.hibernate.cfg.Ejb3Column - Binding column: Ejb3Column{table=org.hibernate.mapping.Table(virtual_network_function_record), mappingColumn=null, insertable=true, updatable=true, unique=false}
13:23:05.659 [Test worker] DEBUG org.hibernate.cfg.Ejb3Column - Binding column: Ejb3Column{table=org.hibernate.mapping.Table(virtual_network_function_record), mappingColumn=element, insertable=true, updatable=true, unique=false}
13:23:05.659 [Test worker] DEBUG org.hibernate.cfg.Ejb3Column - Binding column: Ejb3Column{table=org.hibernate.mapping.Table(virtual_network_function_record), mappingColumn=connected_external_virtual_link_key, insertable=true, updatable=true, unique=false}
13:23:05.659 [Test worker] DEBUG org.hibernate.cfg.Ejb3Column - Binding column: Ejb3JoinColumn{logicalColumnName='connected_external_virtual_link_KEY', referencedColumn='null', mappedBy='null'}
13:23:05.659 [Test worker] DEBUG org.hibernate.cfg.Ejb3Column - Binding column: Ejb3JoinColumn{logicalColumnName='null', referencedColumn='null', mappedBy=''}
13:23:05.659 [Test worker] DEBUG org.hibernate.cfg.Ejb3Column - Binding column: Ejb3JoinColumn{logicalColumnName='null', referencedColumn='null', mappedBy=''}
13:23:05.659 [Test worker] DEBUG o.h.cfg.annotations.CollectionBinder - Collection role: org.project.neutrino.nfvo.catalogue.mano.record.VirtualNetworkFunctionRecord.connected_external_virtual_link
13:23:05.660 [Test worker] DEBUG o.h.cfg.annotations.PropertyBinder - Building property connected_external_virtual_link
13:23:05.660 [Test worker] DEBUG org.hibernate.cfg.Ejb3Column - Binding column: Ejb3JoinColumn{logicalColumnName='null', referencedColumn='null', mappedBy=''}
13:23:05.660 [Test worker] DEBUG org.hibernate.cfg.Ejb3Column - Binding column: Ejb3Column{table=org.hibernate.mapping.Table(virtual_network_function_record), mappingColumn=connection_point, insertable=true, updatable=true, unique=false}
13:23:05.660 [Test worker] DEBUG org.hibernate.cfg.Ejb3Column - Binding column: Ejb3Column{table=org.hibernate.mapping.Table(virtual_network_function_record), mappingColumn=null, insertable=true, updatable=true, unique=false}
13:23:05.660 [Test worker] DEBUG org.hibernate.cfg.Ejb3Column - Binding column: Ejb3Column{table=org.hibernate.mapping.Table(virtual_network_function_record), mappingColumn=element, insertable=true, updatable=true, unique=false}
13:23:05.660 [Test worker] DEBUG org.hibernate.cfg.Ejb3Column - Binding column: Ejb3Column{table=org.hibernate.mapping.Table(virtual_network_function_record), mappingColumn=connection_point_key, insertable=true, updatable=true, unique=false}
13:23:05.661 [Test worker] DEBUG org.hibernate.cfg.Ejb3Column - Binding column: Ejb3JoinColumn{logicalColumnName='connection_point_KEY', referencedColumn='null', mappedBy='null'}
13:23:05.661 [Test worker] DEBUG org.hibernate.cfg.Ejb3Column - Binding column: Ejb3JoinColumn{logicalColumnName='null', referencedColumn='null', mappedBy=''}
13:23:05.661 [Test worker] DEBUG org.hibernate.cfg.Ejb3Column - Binding column: Ejb3JoinColumn{logicalColumnName='null', referencedColumn='null', mappedBy=''}
13:23:05.661 [Test worker] DEBUG o.h.cfg.annotations.CollectionBinder - Collection role: org.project.neutrino.nfvo.catalogue.mano.record.VirtualNetworkFunctionRecord.connection_point
13:23:05.661 [Test worker] DEBUG o.h.cfg.annotations.PropertyBinder - Building property connection_point
13:23:05.661 [Test worker] DEBUG org.hibernate.cfg.Ejb3Column - Binding column: Ejb3JoinColumn{logicalColumnName='null', referencedColumn='null', mappedBy=''}
13:23:05.661 [Test worker] DEBUG org.hibernate.cfg.Ejb3Column - Binding column: Ejb3Column{table=org.hibernate.mapping.Table(virtual_network_function_record), mappingColumn=dependency, insertable=true, updatable=true, unique=false}
13:23:05.662 [Test worker] DEBUG org.hibernate.cfg.Ejb3Column - Binding column: Ejb3Column{table=org.hibernate.mapping.Table(virtual_network_function_record), mappingColumn=null, insertable=true, updatable=true, unique=false}
13:23:05.662 [Test worker] DEBUG org.hibernate.cfg.Ejb3Column - Binding column: Ejb3Column{table=org.hibernate.mapping.Table(virtual_network_function_record), mappingColumn=element, insertable=true, updatable=true, unique=false}
13:23:05.662 [Test worker] DEBUG org.hibernate.cfg.Ejb3Column - Binding column: Ejb3Column{table=org.hibernate.mapping.Table(virtual_network_function_record), mappingColumn=dependency_key, insertable=true, updatable=true, unique=false}
13:23:05.662 [Test worker] DEBUG org.hibernate.cfg.Ejb3Column - Binding column: Ejb3JoinColumn{logicalColumnName='dependency_KEY', referencedColumn='null', mappedBy='null'}
13:23:05.662 [Test worker] DEBUG org.hibernate.cfg.Ejb3Column - Binding column: Ejb3JoinColumn{logicalColumnName='null', referencedColumn='null', mappedBy=''}
13:23:05.662 [Test worker] DEBUG org.hibernate.cfg.Ejb3Column - Binding column: Ejb3JoinColumn{logicalColumnName='null', referencedColumn='null', mappedBy=''}
13:23:05.662 [Test worker] DEBUG o.h.cfg.annotations.CollectionBinder - Collection role: org.project.neutrino.nfvo.catalogue.mano.record.VirtualNetworkFunctionRecord.dependency
13:23:05.662 [Test worker] DEBUG o.h.cfg.annotations.PropertyBinder - Building property dependency
13:23:05.663 [Test worker] DEBUG org.hibernate.cfg.Ejb3Column - Binding column: Ejb3JoinColumn{logicalColumnName='null', referencedColumn='null', mappedBy=''}
13:23:05.663 [Test worker] DEBUG org.hibernate.cfg.Ejb3Column - Binding column: Ejb3Column{table=org.hibernate.mapping.Table(virtual_network_function_record), mappingColumn=deployment_flavour, insertable=true, updatable=true, unique=false}
13:23:05.663 [Test worker] DEBUG o.h.cfg.annotations.PropertyBinder - Building property deployment_flavour
13:23:05.663 [Test worker] DEBUG org.hibernate.cfg.Ejb3Column - Binding column: Ejb3Column{table=org.hibernate.mapping.Table(virtual_network_function_record), mappingColumn=descriptor_reference, insertable=true, updatable=true, unique=false}
13:23:05.663 [Test worker] DEBUG o.h.cfg.annotations.PropertyBinder - MetadataSourceProcessor property descriptor_reference with lazy=false
13:23:05.664 [Test worker] DEBUG o.h.cfg.AbstractPropertyHolder - Attempting to locate auto-apply AttributeConverter for property [org.project.neutrino.nfvo.catalogue.mano.record.VirtualNetworkFunctionRecord:descriptor_reference]
13:23:05.664 [Test worker] DEBUG o.h.c.annotations.SimpleValueBinder - building SimpleValue for descriptor_reference
13:23:05.664 [Test worker] DEBUG o.h.cfg.annotations.PropertyBinder - Building property descriptor_reference
13:23:05.664 [Test worker] DEBUG org.hibernate.cfg.Ejb3Column - Binding column: Ejb3JoinColumn{logicalColumnName='null', referencedColumn='null', mappedBy=''}
13:23:05.664 [Test worker] DEBUG org.hibernate.cfg.Ejb3Column - Binding column: Ejb3Column{table=org.hibernate.mapping.Table(virtual_network_function_record), mappingColumn=lifecycle_event, insertable=true, updatable=true, unique=false}
13:23:05.664 [Test worker] DEBUG o.h.cfg.annotations.PropertyBinder - Building property lifecycle_event
13:23:05.664 [Test worker] DEBUG org.hibernate.cfg.Ejb3Column - Binding column: Ejb3JoinColumn{logicalColumnName='null', referencedColumn='null', mappedBy=''}
13:23:05.665 [Test worker] DEBUG org.hibernate.cfg.Ejb3Column - Binding column: Ejb3Column{table=org.hibernate.mapping.Table(virtual_network_function_record), mappingColumn=lifecycle_event_history, insertable=true, updatable=true, unique=false}
13:23:05.665 [Test worker] DEBUG org.hibernate.cfg.Ejb3Column - Binding column: Ejb3Column{table=org.hibernate.mapping.Table(virtual_network_function_record), mappingColumn=null, insertable=true, updatable=true, unique=false}
13:23:05.665 [Test worker] DEBUG org.hibernate.cfg.Ejb3Column - Binding column: Ejb3Column{table=org.hibernate.mapping.Table(virtual_network_function_record), mappingColumn=element, insertable=true, updatable=true, unique=false}
13:23:05.665 [Test worker] DEBUG org.hibernate.cfg.Ejb3Column - Binding column: Ejb3Column{table=org.hibernate.mapping.Table(virtual_network_function_record), mappingColumn=lifecycle_event_history_key, insertable=true, updatable=true, unique=false}
13:23:05.666 [Test worker] DEBUG org.hibernate.cfg.Ejb3Column - Binding column: Ejb3JoinColumn{logicalColumnName='lifecycle_event_history_KEY', referencedColumn='null', mappedBy='null'}
13:23:05.666 [Test worker] DEBUG org.hibernate.cfg.Ejb3Column - Binding column: Ejb3JoinColumn{logicalColumnName='null', referencedColumn='null', mappedBy=''}
13:23:05.666 [Test worker] DEBUG org.hibernate.cfg.Ejb3Column - Binding column: Ejb3JoinColumn{logicalColumnName='null', referencedColumn='null', mappedBy=''}
13:23:05.666 [Test worker] DEBUG o.h.cfg.annotations.CollectionBinder - Collection role: org.project.neutrino.nfvo.catalogue.mano.record.VirtualNetworkFunctionRecord.lifecycle_event_history
13:23:05.666 [Test worker] DEBUG o.h.cfg.annotations.PropertyBinder - Building property lifecycle_event_history
13:23:05.666 [Test worker] DEBUG org.hibernate.cfg.Ejb3Column - Binding column: Ejb3Column{table=org.hibernate.mapping.Table(virtual_network_function_record), mappingColumn=localization, insertable=true, updatable=true, unique=false}
13:23:05.666 [Test worker] DEBUG o.h.cfg.annotations.PropertyBinder - MetadataSourceProcessor property localization with lazy=false
13:23:05.667 [Test worker] DEBUG o.h.cfg.AbstractPropertyHolder - Attempting to locate auto-apply AttributeConverter for property [org.project.neutrino.nfvo.catalogue.mano.record.VirtualNetworkFunctionRecord:localization]
13:23:05.667 [Test worker] DEBUG o.h.c.annotations.SimpleValueBinder - building SimpleValue for localization
13:23:05.667 [Test worker] DEBUG o.h.cfg.annotations.PropertyBinder - Building property localization
13:23:05.667 [Test worker] DEBUG org.hibernate.cfg.Ejb3Column - Binding column: Ejb3JoinColumn{logicalColumnName='null', referencedColumn='null', mappedBy=''}
13:23:05.667 [Test worker] DEBUG org.hibernate.cfg.Ejb3Column - Binding column: Ejb3Column{table=org.hibernate.mapping.Table(virtual_network_function_record), mappingColumn=monitoring_parameter, insertable=true, updatable=true, unique=false}
13:23:05.667 [Test worker] DEBUG org.hibernate.cfg.Ejb3Column - Binding column: Ejb3Column{table=org.hibernate.mapping.Table(virtual_network_function_record), mappingColumn=null, insertable=true, updatable=true, unique=false}
13:23:05.668 [Test worker] DEBUG org.hibernate.cfg.Ejb3Column - Binding column: Ejb3Column{table=org.hibernate.mapping.Table(virtual_network_function_record), mappingColumn=monitoring_parameter, insertable=true, updatable=true, unique=false}
13:23:05.668 [Test worker] DEBUG org.hibernate.cfg.Ejb3Column - Binding column: Ejb3Column{table=org.hibernate.mapping.Table(virtual_network_function_record), mappingColumn=monitoring_parameter_key, insertable=true, updatable=true, unique=false}
13:23:05.668 [Test worker] DEBUG org.hibernate.cfg.Ejb3Column - Binding column: Ejb3JoinColumn{logicalColumnName='monitoring_parameter_KEY', referencedColumn='null', mappedBy='null'}
13:23:05.668 [Test worker] DEBUG org.hibernate.cfg.Ejb3Column - Binding column: Ejb3JoinColumn{logicalColumnName='null', referencedColumn='null', mappedBy=''}
13:23:05.668 [Test worker] DEBUG org.hibernate.cfg.Ejb3Column - Binding column: Ejb3JoinColumn{logicalColumnName='null', referencedColumn='null', mappedBy=''}
13:23:05.668 [Test worker] DEBUG o.h.cfg.annotations.CollectionBinder - Collection role: org.project.neutrino.nfvo.catalogue.mano.record.VirtualNetworkFunctionRecord.monitoring_parameter
13:23:05.668 [Test worker] DEBUG o.h.cfg.annotations.PropertyBinder - Building property monitoring_parameter
13:23:05.668 [Test worker] DEBUG org.hibernate.cfg.Ejb3Column - Binding column: Ejb3JoinColumn{logicalColumnName='null', referencedColumn='null', mappedBy=''}
13:23:05.669 [Test worker] DEBUG org.hibernate.cfg.Ejb3Column - Binding column: Ejb3Column{table=org.hibernate.mapping.Table(virtual_network_function_record), mappingColumn=notification, insertable=true, updatable=true, unique=false}
13:23:05.669 [Test worker] DEBUG org.hibernate.cfg.Ejb3Column - Binding column: Ejb3Column{table=org.hibernate.mapping.Table(virtual_network_function_record), mappingColumn=null, insertable=true, updatable=true, unique=false}
13:23:05.669 [Test worker] DEBUG org.hibernate.cfg.Ejb3Column - Binding column: Ejb3Column{table=org.hibernate.mapping.Table(virtual_network_function_record), mappingColumn=notification, insertable=true, updatable=true, unique=false}
13:23:05.669 [Test worker] DEBUG org.hibernate.cfg.Ejb3Column - Binding column: Ejb3Column{table=org.hibernate.mapping.Table(virtual_network_function_record), mappingColumn=notification_key, insertable=true, updatable=true, unique=false}
13:23:05.670 [Test worker] DEBUG org.hibernate.cfg.Ejb3Column - Binding column: Ejb3JoinColumn{logicalColumnName='notification_KEY', referencedColumn='null', mappedBy='null'}
13:23:05.670 [Test worker] DEBUG org.hibernate.cfg.Ejb3Column - Binding column: Ejb3JoinColumn{logicalColumnName='null', referencedColumn='null', mappedBy=''}
13:23:05.670 [Test worker] DEBUG org.hibernate.cfg.Ejb3Column - Binding column: Ejb3JoinColumn{logicalColumnName='null', referencedColumn='null', mappedBy=''}
13:23:05.670 [Test worker] DEBUG o.h.cfg.annotations.CollectionBinder - Collection role: org.project.neutrino.nfvo.catalogue.mano.record.VirtualNetworkFunctionRecord.notification
13:23:05.670 [Test worker] DEBUG o.h.cfg.annotations.PropertyBinder - Building property notification
13:23:05.670 [Test worker] DEBUG org.hibernate.cfg.Ejb3Column - Binding column: Ejb3JoinColumn{logicalColumnName='null', referencedColumn='null', mappedBy=''}
13:23:05.670 [Test worker] DEBUG org.hibernate.cfg.Ejb3Column - Binding column: Ejb3Column{table=org.hibernate.mapping.Table(virtual_network_function_record), mappingColumn=parent_ns, insertable=true, updatable=true, unique=false}
13:23:05.670 [Test worker] DEBUG o.h.cfg.annotations.PropertyBinder - Building property parent_ns
13:23:05.671 [Test worker] DEBUG org.hibernate.cfg.Ejb3Column - Binding column: Ejb3JoinColumn{logicalColumnName='null', referencedColumn='null', mappedBy=''}
13:23:05.671 [Test worker] DEBUG org.hibernate.cfg.Ejb3Column - Binding column: Ejb3Column{table=org.hibernate.mapping.Table(virtual_network_function_record), mappingColumn=runtime_policy_info, insertable=true, updatable=true, unique=false}
13:23:05.671 [Test worker] DEBUG org.hibernate.cfg.Ejb3Column - Binding column: Ejb3Column{table=org.hibernate.mapping.Table(virtual_network_function_record), mappingColumn=null, insertable=true, updatable=true, unique=false}
13:23:05.671 [Test worker] DEBUG org.hibernate.cfg.Ejb3Column - Binding column: Ejb3Column{table=org.hibernate.mapping.Table(virtual_network_function_record), mappingColumn=runtime_policy_info, insertable=true, updatable=true, unique=false}
13:23:05.672 [Test worker] DEBUG org.hibernate.cfg.Ejb3Column - Binding column: Ejb3Column{table=org.hibernate.mapping.Table(virtual_network_function_record), mappingColumn=runtime_policy_info_key, insertable=true, updatable=true, unique=false}
13:23:05.672 [Test worker] DEBUG org.hibernate.cfg.Ejb3Column - Binding column: Ejb3JoinColumn{logicalColumnName='runtime_policy_info_KEY', referencedColumn='null', mappedBy='null'}
13:23:05.672 [Test worker] DEBUG org.hibernate.cfg.Ejb3Column - Binding column: Ejb3JoinColumn{logicalColumnName='null', referencedColumn='null', mappedBy=''}
13:23:05.672 [Test worker] DEBUG org.hibernate.cfg.Ejb3Column - Binding column: Ejb3JoinColumn{logicalColumnName='null', referencedColumn='null', mappedBy=''}
13:23:05.672 [Test worker] DEBUG o.h.cfg.annotations.CollectionBinder - Collection role: org.project.neutrino.nfvo.catalogue.mano.record.VirtualNetworkFunctionRecord.runtime_policy_info
13:23:05.672 [Test worker] DEBUG o.h.cfg.annotations.PropertyBinder - Building property runtime_policy_info
13:23:05.672 [Test worker] DEBUG org.hibernate.cfg.Ejb3Column - Binding column: Ejb3Column{table=org.hibernate.mapping.Table(virtual_network_function_record), mappingColumn=status, insertable=true, updatable=true, unique=false}
13:23:05.673 [Test worker] DEBUG o.h.cfg.annotations.PropertyBinder - MetadataSourceProcessor property status with lazy=false
13:23:05.673 [Test worker] DEBUG o.h.cfg.AbstractPropertyHolder - Attempting to locate auto-apply AttributeConverter for property [org.project.neutrino.nfvo.catalogue.mano.record.VirtualNetworkFunctionRecord:status]
13:23:05.673 [Test worker] DEBUG o.h.c.annotations.SimpleValueBinder - building SimpleValue for status
13:23:05.673 [Test worker] DEBUG o.h.cfg.annotations.PropertyBinder - Building property status
13:23:05.673 [Test worker] DEBUG org.hibernate.cfg.Ejb3Column - Binding column: Ejb3JoinColumn{logicalColumnName='null', referencedColumn='null', mappedBy=''}
13:23:05.673 [Test worker] DEBUG org.hibernate.cfg.Ejb3Column - Binding column: Ejb3Column{table=org.hibernate.mapping.Table(virtual_network_function_record), mappingColumn=vdu, insertable=true, updatable=true, unique=false}
13:23:05.673 [Test worker] DEBUG org.hibernate.cfg.Ejb3Column - Binding column: Ejb3Column{table=org.hibernate.mapping.Table(virtual_network_function_record), mappingColumn=null, insertable=true, updatable=true, unique=false}
13:23:05.674 [Test worker] DEBUG org.hibernate.cfg.Ejb3Column - Binding column: Ejb3Column{table=org.hibernate.mapping.Table(virtual_network_function_record), mappingColumn=element, insertable=true, updatable=true, unique=false}
13:23:05.674 [Test worker] DEBUG org.hibernate.cfg.Ejb3Column - Binding column: Ejb3Column{table=org.hibernate.mapping.Table(virtual_network_function_record), mappingColumn=vdu_key, insertable=true, updatable=true, unique=false}
13:23:05.674 [Test worker] DEBUG org.hibernate.cfg.Ejb3Column - Binding column: Ejb3JoinColumn{logicalColumnName='vdu_KEY', referencedColumn='null', mappedBy='null'}
13:23:05.674 [Test worker] DEBUG org.hibernate.cfg.Ejb3Column - Binding column: Ejb3JoinColumn{logicalColumnName='null', referencedColumn='null', mappedBy=''}
13:23:05.674 [Test worker] DEBUG org.hibernate.cfg.Ejb3Column - Binding column: Ejb3JoinColumn{logicalColumnName='null', referencedColumn='null', mappedBy=''}
13:23:05.674 [Test worker] DEBUG o.h.cfg.annotations.CollectionBinder - Collection role: org.project.neutrino.nfvo.catalogue.mano.record.VirtualNetworkFunctionRecord.vdu
13:23:05.674 [Test worker] DEBUG o.h.cfg.annotations.PropertyBinder - Building property vdu
13:23:05.674 [Test worker] DEBUG org.hibernate.cfg.Ejb3Column - Binding column: Ejb3Column{table=org.hibernate.mapping.Table(virtual_network_function_record), mappingColumn=vendor, insertable=true, updatable=true, unique=false}
13:23:05.675 [Test worker] DEBUG o.h.cfg.annotations.PropertyBinder - MetadataSourceProcessor property vendor with lazy=false
13:23:05.675 [Test worker] DEBUG o.h.cfg.AbstractPropertyHolder - Attempting to locate auto-apply AttributeConverter for property [org.project.neutrino.nfvo.catalogue.mano.record.VirtualNetworkFunctionRecord:vendor]
13:23:05.675 [Test worker] DEBUG o.h.c.annotations.SimpleValueBinder - building SimpleValue for vendor
13:23:05.675 [Test worker] DEBUG o.h.cfg.annotations.PropertyBinder - Building property vendor
13:23:05.675 [Test worker] DEBUG org.hibernate.cfg.Ejb3Column - Binding column: Ejb3Column{table=org.hibernate.mapping.Table(virtual_network_function_record), mappingColumn=version, insertable=true, updatable=true, unique=false}
13:23:05.675 [Test worker] DEBUG o.h.cfg.annotations.PropertyBinder - MetadataSourceProcessor property version with lazy=false
13:23:05.675 [Test worker] DEBUG o.h.cfg.AbstractPropertyHolder - Attempting to locate auto-apply AttributeConverter for property [org.project.neutrino.nfvo.catalogue.mano.record.VirtualNetworkFunctionRecord:version]
13:23:05.676 [Test worker] DEBUG o.h.c.annotations.SimpleValueBinder - building SimpleValue for version
13:23:05.676 [Test worker] DEBUG o.h.cfg.annotations.PropertyBinder - Building property version
13:23:05.676 [Test worker] DEBUG org.hibernate.cfg.Ejb3Column - Binding column: Ejb3JoinColumn{logicalColumnName='null', referencedColumn='null', mappedBy=''}
13:23:05.676 [Test worker] DEBUG org.hibernate.cfg.Ejb3Column - Binding column: Ejb3Column{table=org.hibernate.mapping.Table(virtual_network_function_record), mappingColumn=virtual_link, insertable=true, updatable=true, unique=false}
13:23:05.676 [Test worker] DEBUG org.hibernate.cfg.Ejb3Column - Binding column: Ejb3Column{table=org.hibernate.mapping.Table(virtual_network_function_record), mappingColumn=null, insertable=true, updatable=true, unique=false}
13:23:05.676 [Test worker] DEBUG org.hibernate.cfg.Ejb3Column - Binding column: Ejb3Column{table=org.hibernate.mapping.Table(virtual_network_function_record), mappingColumn=element, insertable=true, updatable=true, unique=false}
13:23:05.676 [Test worker] DEBUG org.hibernate.cfg.Ejb3Column - Binding column: Ejb3Column{table=org.hibernate.mapping.Table(virtual_network_function_record), mappingColumn=virtual_link_key, insertable=true, updatable=true, unique=false}
13:23:05.677 [Test worker] DEBUG org.hibernate.cfg.Ejb3Column - Binding column: Ejb3JoinColumn{logicalColumnName='virtual_link_KEY', referencedColumn='null', mappedBy='null'}
13:23:05.677 [Test worker] DEBUG org.hibernate.cfg.Ejb3Column - Binding column: Ejb3JoinColumn{logicalColumnName='null', referencedColumn='null', mappedBy=''}
13:23:05.677 [Test worker] DEBUG org.hibernate.cfg.Ejb3Column - Binding column: Ejb3JoinColumn{logicalColumnName='null', referencedColumn='null', mappedBy=''}
13:23:05.677 [Test worker] DEBUG o.h.cfg.annotations.CollectionBinder - Collection role: org.project.neutrino.nfvo.catalogue.mano.record.VirtualNetworkFunctionRecord.virtual_link
13:23:05.677 [Test worker] DEBUG o.h.cfg.annotations.PropertyBinder - Building property virtual_link
13:23:05.677 [Test worker] DEBUG org.hibernate.cfg.Ejb3Column - Binding column: Ejb3JoinColumn{logicalColumnName='null', referencedColumn='null', mappedBy=''}
13:23:05.678 [Test worker] DEBUG org.hibernate.cfg.Ejb3Column - Binding column: Ejb3Column{table=org.hibernate.mapping.Table(virtual_network_function_record), mappingColumn=vnf_address, insertable=true, updatable=true, unique=false}
13:23:05.678 [Test worker] DEBUG org.hibernate.cfg.Ejb3Column - Binding column: Ejb3Column{table=org.hibernate.mapping.Table(virtual_network_function_record), mappingColumn=null, insertable=true, updatable=true, unique=false}
13:23:05.678 [Test worker] DEBUG org.hibernate.cfg.Ejb3Column - Binding column: Ejb3Column{table=org.hibernate.mapping.Table(virtual_network_function_record), mappingColumn=vnf_address, insertable=true, updatable=true, unique=false}
13:23:05.678 [Test worker] DEBUG org.hibernate.cfg.Ejb3Column - Binding column: Ejb3Column{table=org.hibernate.mapping.Table(virtual_network_function_record), mappingColumn=vnf_address_key, insertable=true, updatable=true, unique=false}
13:23:05.678 [Test worker] DEBUG org.hibernate.cfg.Ejb3Column - Binding column: Ejb3JoinColumn{logicalColumnName='vnf_address_KEY', referencedColumn='null', mappedBy='null'}
13:23:05.678 [Test worker] DEBUG org.hibernate.cfg.Ejb3Column - Binding column: Ejb3JoinColumn{logicalColumnName='null', referencedColumn='null', mappedBy=''}
13:23:05.678 [Test worker] DEBUG org.hibernate.cfg.Ejb3Column - Binding column: Ejb3JoinColumn{logicalColumnName='null', referencedColumn='null', mappedBy=''}
13:23:05.678 [Test worker] DEBUG o.h.cfg.annotations.CollectionBinder - Collection role: org.project.neutrino.nfvo.catalogue.mano.record.VirtualNetworkFunctionRecord.vnf_address
13:23:05.678 [Test worker] DEBUG o.h.cfg.annotations.PropertyBinder - Building property vnf_address
13:23:05.679 [Test worker] DEBUG org.hibernate.cfg.Ejb3Column - Binding column: Ejb3Column{table=org.hibernate.mapping.Table(virtual_network_function_record), mappingColumn=vnfm_id, insertable=true, updatable=true, unique=false}
13:23:05.679 [Test worker] DEBUG o.h.cfg.annotations.PropertyBinder - MetadataSourceProcessor property vnfm_id with lazy=false
13:23:05.679 [Test worker] DEBUG o.h.cfg.AbstractPropertyHolder - Attempting to locate auto-apply AttributeConverter for property [org.project.neutrino.nfvo.catalogue.mano.record.VirtualNetworkFunctionRecord:vnfm_id]
13:23:05.679 [Test worker] DEBUG o.h.c.annotations.SimpleValueBinder - building SimpleValue for vnfm_id
13:23:05.679 [Test worker] DEBUG o.h.cfg.annotations.PropertyBinder - Building property vnfm_id
13:23:05.679 [Test worker] DEBUG org.hibernate.cfg.AnnotationBinder - Binding entity from annotated class: org.project.neutrino.nfvo.catalogue.mano.common.LifecycleEvent
13:23:05.679 [Test worker] DEBUG org.hibernate.cfg.Ejb3Column - Binding column: Ejb3DiscriminatorColumn{logicalColumnName'DTYPE', discriminatorTypeName='string'}
13:23:05.679 [Test worker] DEBUG o.h.cfg.annotations.EntityBinder - Import with entity name LifecycleEvent
13:23:05.680 [Test worker] DEBUG o.h.cfg.annotations.EntityBinder - Bind entity org.project.neutrino.nfvo.catalogue.mano.common.LifecycleEvent on table lifecycle_event
13:23:05.681 [Test worker] DEBUG org.hibernate.cfg.Ejb3Column - Binding column: Ejb3Column{table=org.hibernate.mapping.Table(lifecycle_event), mappingColumn=id, insertable=true, updatable=true, unique=false}
13:23:05.681 [Test worker] DEBUG o.h.cfg.annotations.PropertyBinder - MetadataSourceProcessor property id with lazy=false
13:23:05.681 [Test worker] DEBUG o.h.cfg.AbstractPropertyHolder - Attempting to locate auto-apply AttributeConverter for property [org.project.neutrino.nfvo.catalogue.mano.common.LifecycleEvent:id]
13:23:05.681 [Test worker] DEBUG o.h.c.annotations.SimpleValueBinder - building SimpleValue for id
13:23:05.682 [Test worker] DEBUG o.h.cfg.annotations.PropertyBinder - Building property id
13:23:05.682 [Test worker] DEBUG org.hibernate.cfg.Ejb3Column - Binding column: Ejb3JoinColumn{logicalColumnName='null', referencedColumn='null', mappedBy=''}
13:23:05.682 [Test worker] DEBUG org.hibernate.cfg.Ejb3Column - Binding column: Ejb3Column{table=org.hibernate.mapping.Table(lifecycle_event), mappingColumn=lifecycle_events, insertable=true, updatable=true, unique=false}
13:23:05.682 [Test worker] DEBUG org.hibernate.cfg.Ejb3Column - Binding column: Ejb3Column{table=org.hibernate.mapping.Table(lifecycle_event), mappingColumn=null, insertable=true, updatable=true, unique=false}
13:23:05.682 [Test worker] DEBUG org.hibernate.cfg.Ejb3Column - Binding column: Ejb3Column{table=org.hibernate.mapping.Table(lifecycle_event), mappingColumn=lifecycle_events, insertable=true, updatable=true, unique=false}
13:23:05.682 [Test worker] DEBUG org.hibernate.cfg.Ejb3Column - Binding column: Ejb3Column{table=org.hibernate.mapping.Table(lifecycle_event), mappingColumn=lifecycle_events_key, insertable=true, updatable=true, unique=false}
13:23:05.682 [Test worker] DEBUG org.hibernate.cfg.Ejb3Column - Binding column: Ejb3JoinColumn{logicalColumnName='lifecycle_events_KEY', referencedColumn='null', mappedBy='null'}
13:23:05.683 [Test worker] DEBUG org.hibernate.cfg.Ejb3Column - Binding column: Ejb3JoinColumn{logicalColumnName='null', referencedColumn='null', mappedBy=''}
13:23:05.683 [Test worker] DEBUG org.hibernate.cfg.Ejb3Column - Binding column: Ejb3JoinColumn{logicalColumnName='null', referencedColumn='null', mappedBy=''}
13:23:05.683 [Test worker] DEBUG o.h.cfg.annotations.CollectionBinder - Collection role: org.project.neutrino.nfvo.catalogue.mano.common.LifecycleEvent.lifecycle_events
13:23:05.683 [Test worker] DEBUG o.h.cfg.annotations.PropertyBinder - Building property lifecycle_events
13:23:05.683 [Test worker] DEBUG org.hibernate.cfg.Ejb3Column - Binding column: Ejb3Column{table=org.hibernate.mapping.Table(lifecycle_event), mappingColumn=version, insertable=true, updatable=true, unique=false}
13:23:05.683 [Test worker] DEBUG o.h.cfg.annotations.PropertyBinder - MetadataSourceProcessor property version with lazy=false
13:23:05.683 [Test worker] DEBUG o.h.cfg.AbstractPropertyHolder - Attempting to locate auto-apply AttributeConverter for property [org.project.neutrino.nfvo.catalogue.mano.common.LifecycleEvent:version]
13:23:05.683 [Test worker] DEBUG o.h.c.annotations.SimpleValueBinder - building SimpleValue for version
13:23:05.683 [Test worker] DEBUG o.h.cfg.annotations.PropertyBinder - Building property version
13:23:05.684 [Test worker] DEBUG org.hibernate.cfg.AnnotationBinder - Binding entity from annotated class: org.project.neutrino.nfvo.catalogue.mano.descriptor.VDUDependency
13:23:05.684 [Test worker] DEBUG org.hibernate.cfg.Ejb3Column - Binding column: Ejb3DiscriminatorColumn{logicalColumnName'DTYPE', discriminatorTypeName='string'}
13:23:05.684 [Test worker] DEBUG o.h.cfg.annotations.EntityBinder - Import with entity name VDUDependency
13:23:05.684 [Test worker] DEBUG o.h.cfg.annotations.EntityBinder - Bind entity org.project.neutrino.nfvo.catalogue.mano.descriptor.VDUDependency on table vdudependency
13:23:05.685 [Test worker] DEBUG org.hibernate.cfg.Ejb3Column - Binding column: Ejb3Column{table=org.hibernate.mapping.Table(vdudependency), mappingColumn=id, insertable=true, updatable=true, unique=false}
13:23:05.685 [Test worker] DEBUG o.h.cfg.annotations.PropertyBinder - MetadataSourceProcessor property id with lazy=false
13:23:05.685 [Test worker] DEBUG o.h.cfg.AbstractPropertyHolder - Attempting to locate auto-apply AttributeConverter for property [org.project.neutrino.nfvo.catalogue.mano.descriptor.VDUDependency:id]
13:23:05.685 [Test worker] DEBUG o.h.c.annotations.SimpleValueBinder - building SimpleValue for id
13:23:05.685 [Test worker] DEBUG o.h.cfg.annotations.PropertyBinder - Building property id
13:23:05.685 [Test worker] DEBUG org.hibernate.cfg.Ejb3Column - Binding column: Ejb3JoinColumn{logicalColumnName='null', referencedColumn='null', mappedBy=''}
13:23:05.686 [Test worker] DEBUG org.hibernate.cfg.Ejb3Column - Binding column: Ejb3Column{table=org.hibernate.mapping.Table(vdudependency), mappingColumn=source, insertable=true, updatable=true, unique=false}
13:23:05.686 [Test worker] DEBUG o.h.cfg.annotations.PropertyBinder - Building property source
13:23:05.686 [Test worker] DEBUG org.hibernate.cfg.Ejb3Column - Binding column: Ejb3JoinColumn{logicalColumnName='null', referencedColumn='null', mappedBy=''}
13:23:05.686 [Test worker] DEBUG org.hibernate.cfg.Ejb3Column - Binding column: Ejb3Column{table=org.hibernate.mapping.Table(vdudependency), mappingColumn=target, insertable=true, updatable=true, unique=false}
13:23:05.687 [Test worker] DEBUG o.h.cfg.annotations.PropertyBinder - Building property target
13:23:05.687 [Test worker] DEBUG org.hibernate.cfg.Ejb3Column - Binding column: Ejb3Column{table=org.hibernate.mapping.Table(vdudependency), mappingColumn=version, insertable=true, updatable=true, unique=false}
13:23:05.687 [Test worker] DEBUG o.h.cfg.annotations.PropertyBinder - MetadataSourceProcessor property version with lazy=false
13:23:05.687 [Test worker] DEBUG o.h.cfg.AbstractPropertyHolder - Attempting to locate auto-apply AttributeConverter for property [org.project.neutrino.nfvo.catalogue.mano.descriptor.VDUDependency:version]
13:23:05.687 [Test worker] DEBUG o.h.c.annotations.SimpleValueBinder - building SimpleValue for version
13:23:05.687 [Test worker] DEBUG o.h.cfg.annotations.PropertyBinder - Building property version
13:23:05.688 [Test worker] DEBUG org.hibernate.cfg.AnnotationBinder - Binding entity from annotated class: org.project.neutrino.nfvo.catalogue.mano.common.AutoScalePolicy
13:23:05.688 [Test worker] DEBUG org.hibernate.cfg.Ejb3Column - Binding column: Ejb3DiscriminatorColumn{logicalColumnName'DTYPE', discriminatorTypeName='string'}
13:23:05.688 [Test worker] DEBUG o.h.cfg.annotations.EntityBinder - Import with entity name AutoScalePolicy
13:23:05.688 [Test worker] DEBUG o.h.cfg.annotations.EntityBinder - Bind entity org.project.neutrino.nfvo.catalogue.mano.common.AutoScalePolicy on table auto_scale_policy
13:23:05.689 [Test worker] DEBUG org.hibernate.cfg.Ejb3Column - Binding column: Ejb3Column{table=org.hibernate.mapping.Table(auto_scale_policy), mappingColumn=id, insertable=true, updatable=true, unique=false}
13:23:05.689 [Test worker] DEBUG o.h.cfg.annotations.PropertyBinder - MetadataSourceProcessor property id with lazy=false
13:23:05.689 [Test worker] DEBUG o.h.cfg.AbstractPropertyHolder - Attempting to locate auto-apply AttributeConverter for property [org.project.neutrino.nfvo.catalogue.mano.common.AutoScalePolicy:id]
13:23:05.689 [Test worker] DEBUG o.h.c.annotations.SimpleValueBinder - building SimpleValue for id
13:23:05.689 [Test worker] DEBUG o.h.cfg.annotations.PropertyBinder - Building property id
13:23:05.689 [Test worker] DEBUG org.hibernate.cfg.Ejb3Column - Binding column: Ejb3Column{table=org.hibernate.mapping.Table(auto_scale_policy), mappingColumn=version, insertable=true, updatable=true, unique=false}
13:23:05.689 [Test worker] DEBUG o.h.cfg.annotations.PropertyBinder - MetadataSourceProcessor property version with lazy=false
13:23:05.690 [Test worker] DEBUG o.h.cfg.AbstractPropertyHolder - Attempting to locate auto-apply AttributeConverter for property [org.project.neutrino.nfvo.catalogue.mano.common.AutoScalePolicy:version]
13:23:05.690 [Test worker] DEBUG o.h.c.annotations.SimpleValueBinder - building SimpleValue for version
13:23:05.690 [Test worker] DEBUG o.h.cfg.annotations.PropertyBinder - Building property version
13:23:05.690 [Test worker] DEBUG org.hibernate.cfg.AnnotationBinder - Binding entity from annotated class: org.project.neutrino.nfvo.catalogue.mano.descriptor.VirtualDeploymentUnit
13:23:05.690 [Test worker] DEBUG org.hibernate.cfg.Ejb3Column - Binding column: Ejb3DiscriminatorColumn{logicalColumnName'DTYPE', discriminatorTypeName='string'}
13:23:05.690 [Test worker] DEBUG o.h.cfg.annotations.EntityBinder - Import with entity name VirtualDeploymentUnit
13:23:05.690 [Test worker] DEBUG o.h.cfg.annotations.EntityBinder - Bind entity org.project.neutrino.nfvo.catalogue.mano.descriptor.VirtualDeploymentUnit on table virtual_deployment_unit
13:23:05.693 [Test worker] DEBUG org.hibernate.cfg.Ejb3Column - Binding column: Ejb3Column{table=org.hibernate.mapping.Table(virtual_deployment_unit), mappingColumn=id, insertable=true, updatable=true, unique=false}
13:23:05.693 [Test worker] DEBUG o.h.cfg.annotations.PropertyBinder - MetadataSourceProcessor property id with lazy=false
13:23:05.693 [Test worker] DEBUG o.h.cfg.AbstractPropertyHolder - Attempting to locate auto-apply AttributeConverter for property [org.project.neutrino.nfvo.catalogue.mano.descriptor.VirtualDeploymentUnit:id]
13:23:05.693 [Test worker] DEBUG o.h.c.annotations.SimpleValueBinder - building SimpleValue for id
13:23:05.694 [Test worker] DEBUG o.h.cfg.annotations.PropertyBinder - Building property id
13:23:05.694 [Test worker] DEBUG org.hibernate.cfg.Ejb3Column - Binding column: Ejb3Column{table=org.hibernate.mapping.Table(virtual_deployment_unit), mappingColumn=computation_requirement, insertable=true, updatable=true, unique=false}
13:23:05.694 [Test worker] DEBUG o.h.cfg.annotations.PropertyBinder - MetadataSourceProcessor property computation_requirement with lazy=false
13:23:05.694 [Test worker] DEBUG o.h.cfg.AbstractPropertyHolder - Attempting to locate auto-apply AttributeConverter for property [org.project.neutrino.nfvo.catalogue.mano.descriptor.VirtualDeploymentUnit:computation_requirement]
13:23:05.694 [Test worker] DEBUG o.h.c.annotations.SimpleValueBinder - building SimpleValue for computation_requirement
13:23:05.694 [Test worker] DEBUG o.h.cfg.annotations.PropertyBinder - Building property computation_requirement
13:23:05.694 [Test worker] DEBUG org.hibernate.cfg.Ejb3Column - Binding column: Ejb3Column{table=org.hibernate.mapping.Table(virtual_deployment_unit), mappingColumn=high_availability, insertable=true, updatable=true, unique=false}
13:23:05.694 [Test worker] DEBUG o.h.cfg.annotations.PropertyBinder - MetadataSourceProcessor property high_availability with lazy=false
13:23:05.694 [Test worker] DEBUG o.h.cfg.AbstractPropertyHolder - Attempting to locate auto-apply AttributeConverter for property [org.project.neutrino.nfvo.catalogue.mano.descriptor.VirtualDeploymentUnit:high_availability]
13:23:05.695 [Test worker] DEBUG o.h.c.annotations.SimpleValueBinder - building SimpleValue for high_availability
13:23:05.695 [Test worker] DEBUG o.h.cfg.annotations.PropertyBinder - Building property high_availability
13:23:05.695 [Test worker] DEBUG org.hibernate.cfg.Ejb3Column - Binding column: Ejb3JoinColumn{logicalColumnName='null', referencedColumn='null', mappedBy=''}
13:23:05.695 [Test worker] DEBUG org.hibernate.cfg.Ejb3Column - Binding column: Ejb3Column{table=org.hibernate.mapping.Table(virtual_deployment_unit), mappingColumn=lifecycle_event, insertable=true, updatable=true, unique=false}
13:23:05.695 [Test worker] DEBUG org.hibernate.cfg.Ejb3Column - Binding column: Ejb3Column{table=org.hibernate.mapping.Table(virtual_deployment_unit), mappingColumn=null, insertable=true, updatable=true, unique=false}
13:23:05.695 [Test worker] DEBUG org.hibernate.cfg.Ejb3Column - Binding column: Ejb3Column{table=org.hibernate.mapping.Table(virtual_deployment_unit), mappingColumn=element, insertable=true, updatable=true, unique=false}
13:23:05.695 [Test worker] DEBUG org.hibernate.cfg.Ejb3Column - Binding column: Ejb3Column{table=org.hibernate.mapping.Table(virtual_deployment_unit), mappingColumn=lifecycle_event_key, insertable=true, updatable=true, unique=false}
13:23:05.695 [Test worker] DEBUG org.hibernate.cfg.Ejb3Column - Binding column: Ejb3JoinColumn{logicalColumnName='lifecycle_event_KEY', referencedColumn='null', mappedBy='null'}
13:23:05.696 [Test worker] DEBUG org.hibernate.cfg.Ejb3Column - Binding column: Ejb3JoinColumn{logicalColumnName='null', referencedColumn='null', mappedBy=''}
13:23:05.696 [Test worker] DEBUG org.hibernate.cfg.Ejb3Column - Binding column: Ejb3JoinColumn{logicalColumnName='null', referencedColumn='null', mappedBy=''}
13:23:05.696 [Test worker] DEBUG o.h.cfg.annotations.CollectionBinder - Collection role: org.project.neutrino.nfvo.catalogue.mano.descriptor.VirtualDeploymentUnit.lifecycle_event
13:23:05.696 [Test worker] DEBUG o.h.cfg.annotations.PropertyBinder - Building property lifecycle_event
13:23:05.696 [Test worker] DEBUG org.hibernate.cfg.Ejb3Column - Binding column: Ejb3JoinColumn{logicalColumnName='null', referencedColumn='null', mappedBy=''}
13:23:05.696 [Test worker] DEBUG org.hibernate.cfg.Ejb3Column - Binding column: Ejb3Column{table=org.hibernate.mapping.Table(virtual_deployment_unit), mappingColumn=monitoring_parameter, insertable=true, updatable=true, unique=false}
13:23:05.696 [Test worker] DEBUG org.hibernate.cfg.Ejb3Column - Binding column: Ejb3Column{table=org.hibernate.mapping.Table(virtual_deployment_unit), mappingColumn=null, insertable=true, updatable=true, unique=false}
13:23:05.696 [Test worker] DEBUG org.hibernate.cfg.Ejb3Column - Binding column: Ejb3Column{table=org.hibernate.mapping.Table(virtual_deployment_unit), mappingColumn=monitoring_parameter, insertable=true, updatable=true, unique=false}
13:23:05.697 [Test worker] DEBUG org.hibernate.cfg.Ejb3Column - Binding column: Ejb3Column{table=org.hibernate.mapping.Table(virtual_deployment_unit), mappingColumn=monitoring_parameter_key, insertable=true, updatable=true, unique=false}
13:23:05.697 [Test worker] DEBUG org.hibernate.cfg.Ejb3Column - Binding column: Ejb3JoinColumn{logicalColumnName='monitoring_parameter_KEY', referencedColumn='null', mappedBy='null'}
13:23:05.697 [Test worker] DEBUG org.hibernate.cfg.Ejb3Column - Binding column: Ejb3JoinColumn{logicalColumnName='null', referencedColumn='null', mappedBy=''}
13:23:05.697 [Test worker] DEBUG org.hibernate.cfg.Ejb3Column - Binding column: Ejb3JoinColumn{logicalColumnName='null', referencedColumn='null', mappedBy=''}
13:23:05.697 [Test worker] DEBUG o.h.cfg.annotations.CollectionBinder - Collection role: org.project.neutrino.nfvo.catalogue.mano.descriptor.VirtualDeploymentUnit.monitoring_parameter
13:23:05.697 [Test worker] DEBUG o.h.cfg.annotations.PropertyBinder - Building property monitoring_parameter
13:23:05.697 [Test worker] DEBUG org.hibernate.cfg.Ejb3Column - Binding column: Ejb3Column{table=org.hibernate.mapping.Table(virtual_deployment_unit), mappingColumn=scale_in_out, insertable=true, updatable=true, unique=false}
13:23:05.697 [Test worker] DEBUG o.h.cfg.annotations.PropertyBinder - MetadataSourceProcessor property scale_in_out with lazy=false
13:23:05.697 [Test worker] DEBUG o.h.cfg.AbstractPropertyHolder - Attempting to locate auto-apply AttributeConverter for property [org.project.neutrino.nfvo.catalogue.mano.descriptor.VirtualDeploymentUnit:scale_in_out]
13:23:05.698 [Test worker] DEBUG o.h.c.annotations.SimpleValueBinder - building SimpleValue for scale_in_out
13:23:05.698 [Test worker] DEBUG o.h.cfg.annotations.PropertyBinder - Building property scale_in_out
13:23:05.698 [Test worker] DEBUG org.hibernate.cfg.Ejb3Column - Binding column: Ejb3Column{table=org.hibernate.mapping.Table(virtual_deployment_unit), mappingColumn=vdu_constraint, insertable=true, updatable=true, unique=false}
13:23:05.698 [Test worker] DEBUG o.h.cfg.annotations.PropertyBinder - MetadataSourceProcessor property vdu_constraint with lazy=false
13:23:05.698 [Test worker] DEBUG o.h.cfg.AbstractPropertyHolder - Attempting to locate auto-apply AttributeConverter for property [org.project.neutrino.nfvo.catalogue.mano.descriptor.VirtualDeploymentUnit:vdu_constraint]
13:23:05.698 [Test worker] DEBUG o.h.c.annotations.SimpleValueBinder - building SimpleValue for vdu_constraint
13:23:05.698 [Test worker] DEBUG o.h.cfg.annotations.PropertyBinder - Building property vdu_constraint
13:23:05.698 [Test worker] DEBUG org.hibernate.cfg.Ejb3Column - Binding column: Ejb3Column{table=org.hibernate.mapping.Table(virtual_deployment_unit), mappingColumn=version, insertable=true, updatable=true, unique=false}
13:23:05.698 [Test worker] DEBUG o.h.cfg.annotations.PropertyBinder - MetadataSourceProcessor property version with lazy=false
13:23:05.699 [Test worker] DEBUG o.h.cfg.AbstractPropertyHolder - Attempting to locate auto-apply AttributeConverter for property [org.project.neutrino.nfvo.catalogue.mano.descriptor.VirtualDeploymentUnit:version]
13:23:05.699 [Test worker] DEBUG o.h.c.annotations.SimpleValueBinder - building SimpleValue for version
13:23:05.699 [Test worker] DEBUG o.h.cfg.annotations.PropertyBinder - Building property version
13:23:05.699 [Test worker] DEBUG org.hibernate.cfg.Ejb3Column - Binding column: Ejb3Column{table=org.hibernate.mapping.Table(virtual_deployment_unit), mappingColumn=virtual_memory_resource_element, insertable=true, updatable=true, unique=false}
13:23:05.699 [Test worker] DEBUG o.h.cfg.annotations.PropertyBinder - MetadataSourceProcessor property virtual_memory_resource_element with lazy=false
13:23:05.699 [Test worker] DEBUG o.h.cfg.AbstractPropertyHolder - Attempting to locate auto-apply AttributeConverter for property [org.project.neutrino.nfvo.catalogue.mano.descriptor.VirtualDeploymentUnit:virtual_memory_resource_element]
13:23:05.699 [Test worker] DEBUG o.h.c.annotations.SimpleValueBinder - building SimpleValue for virtual_memory_resource_element
13:23:05.699 [Test worker] DEBUG o.h.cfg.annotations.PropertyBinder - Building property virtual_memory_resource_element
13:23:05.700 [Test worker] DEBUG org.hibernate.cfg.Ejb3Column - Binding column: Ejb3Column{table=org.hibernate.mapping.Table(virtual_deployment_unit), mappingColumn=virtual_network_bandwidth_resource, insertable=true, updatable=true, unique=false}
13:23:05.700 [Test worker] DEBUG o.h.cfg.annotations.PropertyBinder - MetadataSourceProcessor property virtual_network_bandwidth_resource with lazy=false
13:23:05.700 [Test worker] DEBUG o.h.cfg.AbstractPropertyHolder - Attempting to locate auto-apply AttributeConverter for property [org.project.neutrino.nfvo.catalogue.mano.descriptor.VirtualDeploymentUnit:virtual_network_bandwidth_resource]
13:23:05.700 [Test worker] DEBUG o.h.c.annotations.SimpleValueBinder - building SimpleValue for virtual_network_bandwidth_resource
13:23:05.700 [Test worker] DEBUG o.h.cfg.annotations.PropertyBinder - Building property virtual_network_bandwidth_resource
13:23:05.700 [Test worker] DEBUG org.hibernate.cfg.Ejb3Column - Binding column: Ejb3JoinColumn{logicalColumnName='null', referencedColumn='null', mappedBy=''}
13:23:05.700 [Test worker] DEBUG org.hibernate.cfg.Ejb3Column - Binding column: Ejb3Column{table=org.hibernate.mapping.Table(virtual_deployment_unit), mappingColumn=vm_image, insertable=true, updatable=true, unique=false}
13:23:05.700 [Test worker] DEBUG org.hibernate.cfg.Ejb3Column - Binding column: Ejb3Column{table=org.hibernate.mapping.Table(virtual_deployment_unit), mappingColumn=null, insertable=true, updatable=true, unique=false}
13:23:05.701 [Test worker] DEBUG org.hibernate.cfg.Ejb3Column - Binding column: Ejb3Column{table=org.hibernate.mapping.Table(virtual_deployment_unit), mappingColumn=vm_image, insertable=true, updatable=true, unique=false}
13:23:05.701 [Test worker] DEBUG org.hibernate.cfg.Ejb3Column - Binding column: Ejb3Column{table=org.hibernate.mapping.Table(virtual_deployment_unit), mappingColumn=vm_image_key, insertable=true, updatable=true, unique=false}
13:23:05.701 [Test worker] DEBUG org.hibernate.cfg.Ejb3Column - Binding column: Ejb3JoinColumn{logicalColumnName='vm_image_KEY', referencedColumn='null', mappedBy='null'}
13:23:05.701 [Test worker] DEBUG org.hibernate.cfg.Ejb3Column - Binding column: Ejb3JoinColumn{logicalColumnName='null', referencedColumn='null', mappedBy=''}
13:23:05.701 [Test worker] DEBUG org.hibernate.cfg.Ejb3Column - Binding column: Ejb3JoinColumn{logicalColumnName='null', referencedColumn='null', mappedBy=''}
13:23:05.701 [Test worker] DEBUG o.h.cfg.annotations.CollectionBinder - Collection role: org.project.neutrino.nfvo.catalogue.mano.descriptor.VirtualDeploymentUnit.vm_image
13:23:05.701 [Test worker] DEBUG o.h.cfg.annotations.PropertyBinder - Building property vm_image
13:23:05.701 [Test worker] DEBUG org.hibernate.cfg.Ejb3Column - Binding column: Ejb3JoinColumn{logicalColumnName='null', referencedColumn='null', mappedBy=''}
13:23:05.701 [Test worker] DEBUG org.hibernate.cfg.Ejb3Column - Binding column: Ejb3Column{table=org.hibernate.mapping.Table(virtual_deployment_unit), mappingColumn=vnfc, insertable=true, updatable=true, unique=false}
13:23:05.702 [Test worker] DEBUG org.hibernate.cfg.Ejb3Column - Binding column: Ejb3Column{table=org.hibernate.mapping.Table(virtual_deployment_unit), mappingColumn=null, insertable=true, updatable=true, unique=false}
13:23:05.702 [Test worker] DEBUG org.hibernate.cfg.Ejb3Column - Binding column: Ejb3Column{table=org.hibernate.mapping.Table(virtual_deployment_unit), mappingColumn=element, insertable=true, updatable=true, unique=false}
13:23:05.702 [Test worker] DEBUG org.hibernate.cfg.Ejb3Column - Binding column: Ejb3Column{table=org.hibernate.mapping.Table(virtual_deployment_unit), mappingColumn=vnfc_key, insertable=true, updatable=true, unique=false}
13:23:05.702 [Test worker] DEBUG org.hibernate.cfg.Ejb3Column - Binding column: Ejb3JoinColumn{logicalColumnName='vnfc_KEY', referencedColumn='null', mappedBy='null'}
13:23:05.702 [Test worker] DEBUG org.hibernate.cfg.Ejb3Column - Binding column: Ejb3JoinColumn{logicalColumnName='null', referencedColumn='null', mappedBy=''}
13:23:05.702 [Test worker] DEBUG org.hibernate.cfg.Ejb3Column - Binding column: Ejb3JoinColumn{logicalColumnName='null', referencedColumn='null', mappedBy=''}
13:23:05.702 [Test worker] DEBUG o.h.cfg.annotations.CollectionBinder - Collection role: org.project.neutrino.nfvo.catalogue.mano.descriptor.VirtualDeploymentUnit.vnfc
13:23:05.702 [Test worker] DEBUG o.h.cfg.annotations.PropertyBinder - Building property vnfc
13:23:05.702 [Test worker] DEBUG org.hibernate.cfg.AnnotationBinder - Binding entity from annotated class: org.project.neutrino.nfvo.catalogue.mano.common.CostituentVNF
13:23:05.703 [Test worker] DEBUG org.hibernate.cfg.Ejb3Column - Binding column: Ejb3DiscriminatorColumn{logicalColumnName'DTYPE', discriminatorTypeName='string'}
13:23:05.703 [Test worker] DEBUG o.h.cfg.annotations.EntityBinder - Import with entity name CostituentVNF
13:23:05.703 [Test worker] DEBUG o.h.cfg.annotations.EntityBinder - Bind entity org.project.neutrino.nfvo.catalogue.mano.common.CostituentVNF on table costituentvnf
13:23:05.704 [Test worker] DEBUG org.hibernate.cfg.Ejb3Column - Binding column: Ejb3Column{table=org.hibernate.mapping.Table(costituentvnf), mappingColumn=id, insertable=true, updatable=true, unique=false}
13:23:05.704 [Test worker] DEBUG o.h.cfg.annotations.PropertyBinder - MetadataSourceProcessor property id with lazy=false
13:23:05.704 [Test worker] DEBUG o.h.cfg.AbstractPropertyHolder - Attempting to locate auto-apply AttributeConverter for property [org.project.neutrino.nfvo.catalogue.mano.common.CostituentVNF:id]
13:23:05.705 [Test worker] DEBUG o.h.c.annotations.SimpleValueBinder - building SimpleValue for id
13:23:05.705 [Test worker] DEBUG o.h.cfg.annotations.PropertyBinder - Building property id
13:23:05.705 [Test worker] DEBUG org.hibernate.cfg.Ejb3Column - Binding column: Ejb3Column{table=org.hibernate.mapping.Table(costituentvnf), mappingColumn=affinity, insertable=true, updatable=true, unique=false}
13:23:05.705 [Test worker] DEBUG o.h.cfg.annotations.PropertyBinder - MetadataSourceProcessor property affinity with lazy=false
13:23:05.705 [Test worker] DEBUG o.h.cfg.AbstractPropertyHolder - Attempting to locate auto-apply AttributeConverter for property [org.project.neutrino.nfvo.catalogue.mano.common.CostituentVNF:affinity]
13:23:05.705 [Test worker] DEBUG o.h.c.annotations.SimpleValueBinder - building SimpleValue for affinity
13:23:05.705 [Test worker] DEBUG o.h.cfg.annotations.PropertyBinder - Building property affinity
13:23:05.705 [Test worker] DEBUG org.hibernate.cfg.Ejb3Column - Binding column: Ejb3Column{table=org.hibernate.mapping.Table(costituentvnf), mappingColumn=capability, insertable=true, updatable=true, unique=false}
13:23:05.706 [Test worker] DEBUG o.h.cfg.annotations.PropertyBinder - MetadataSourceProcessor property capability with lazy=false
13:23:05.706 [Test worker] DEBUG o.h.cfg.AbstractPropertyHolder - Attempting to locate auto-apply AttributeConverter for property [org.project.neutrino.nfvo.catalogue.mano.common.CostituentVNF:capability]
13:23:05.706 [Test worker] DEBUG o.h.c.annotations.SimpleValueBinder - building SimpleValue for capability
13:23:05.706 [Test worker] DEBUG o.h.cfg.annotations.PropertyBinder - Building property capability
13:23:05.706 [Test worker] DEBUG org.hibernate.cfg.Ejb3Column - Binding column: Ejb3Column{table=org.hibernate.mapping.Table(costituentvnf), mappingColumn=number_of_instances, insertable=true, updatable=true, unique=false}
13:23:05.706 [Test worker] DEBUG o.h.cfg.annotations.PropertyBinder - MetadataSourceProcessor property number_of_instances with lazy=false
13:23:05.706 [Test worker] DEBUG o.h.cfg.AbstractPropertyHolder - Attempting to locate auto-apply AttributeConverter for property [org.project.neutrino.nfvo.catalogue.mano.common.CostituentVNF:number_of_instances]
13:23:05.706 [Test worker] DEBUG o.h.c.annotations.SimpleValueBinder - building SimpleValue for number_of_instances
13:23:05.706 [Test worker] DEBUG o.h.cfg.annotations.PropertyBinder - Building property number_of_instances
13:23:05.707 [Test worker] DEBUG org.hibernate.cfg.Ejb3Column - Binding column: Ejb3Column{table=org.hibernate.mapping.Table(costituentvnf), mappingColumn=redundancy_model, insertable=true, updatable=true, unique=false}
13:23:05.707 [Test worker] DEBUG o.h.cfg.annotations.PropertyBinder - MetadataSourceProcessor property redundancy_model with lazy=false
13:23:05.707 [Test worker] DEBUG o.h.cfg.AbstractPropertyHolder - Attempting to locate auto-apply AttributeConverter for property [org.project.neutrino.nfvo.catalogue.mano.common.CostituentVNF:redundancy_model]
13:23:05.707 [Test worker] DEBUG o.h.c.annotations.SimpleValueBinder - building SimpleValue for redundancy_model
13:23:05.707 [Test worker] DEBUG o.h.cfg.annotations.PropertyBinder - Building property redundancy_model
13:23:05.707 [Test worker] DEBUG org.hibernate.cfg.Ejb3Column - Binding column: Ejb3Column{table=org.hibernate.mapping.Table(costituentvnf), mappingColumn=version, insertable=true, updatable=true, unique=false}
13:23:05.707 [Test worker] DEBUG o.h.cfg.annotations.PropertyBinder - MetadataSourceProcessor property version with lazy=false
13:23:05.707 [Test worker] DEBUG o.h.cfg.AbstractPropertyHolder - Attempting to locate auto-apply AttributeConverter for property [org.project.neutrino.nfvo.catalogue.mano.common.CostituentVNF:version]
13:23:05.707 [Test worker] DEBUG o.h.c.annotations.SimpleValueBinder - building SimpleValue for version
13:23:05.707 [Test worker] DEBUG o.h.cfg.annotations.PropertyBinder - Building property version
13:23:05.708 [Test worker] DEBUG org.hibernate.cfg.Ejb3Column - Binding column: Ejb3Column{table=org.hibernate.mapping.Table(costituentvnf), mappingColumn=vnf_flavour_id_reference, insertable=true, updatable=true, unique=false}
13:23:05.708 [Test worker] DEBUG o.h.cfg.annotations.PropertyBinder - MetadataSourceProcessor property vnf_flavour_id_reference with lazy=false
13:23:05.708 [Test worker] DEBUG o.h.cfg.AbstractPropertyHolder - Attempting to locate auto-apply AttributeConverter for property [org.project.neutrino.nfvo.catalogue.mano.common.CostituentVNF:vnf_flavour_id_reference]
13:23:05.708 [Test worker] DEBUG o.h.c.annotations.SimpleValueBinder - building SimpleValue for vnf_flavour_id_reference
13:23:05.708 [Test worker] DEBUG o.h.cfg.annotations.PropertyBinder - Building property vnf_flavour_id_reference
13:23:05.708 [Test worker] DEBUG org.hibernate.cfg.Ejb3Column - Binding column: Ejb3Column{table=org.hibernate.mapping.Table(costituentvnf), mappingColumn=vnf_reference, insertable=true, updatable=true, unique=false}
13:23:05.708 [Test worker] DEBUG o.h.cfg.annotations.PropertyBinder - MetadataSourceProcessor property vnf_reference with lazy=false
13:23:05.708 [Test worker] DEBUG o.h.cfg.AbstractPropertyHolder - Attempting to locate auto-apply AttributeConverter for property [org.project.neutrino.nfvo.catalogue.mano.common.CostituentVNF:vnf_reference]
13:23:05.708 [Test worker] DEBUG o.h.c.annotations.SimpleValueBinder - building SimpleValue for vnf_reference
13:23:05.709 [Test worker] DEBUG o.h.cfg.annotations.PropertyBinder - Building property vnf_reference
13:23:05.709 [Test worker] DEBUG org.hibernate.cfg.AnnotationBinder - Binding entity from annotated class: org.project.neutrino.nfvo.catalogue.mano.common.CostituentVDU
13:23:05.709 [Test worker] DEBUG org.hibernate.cfg.Ejb3Column - Binding column: Ejb3DiscriminatorColumn{logicalColumnName'DTYPE', discriminatorTypeName='string'}
13:23:05.709 [Test worker] DEBUG o.h.cfg.annotations.EntityBinder - Import with entity name CostituentVDU
13:23:05.709 [Test worker] DEBUG o.h.cfg.annotations.EntityBinder - Bind entity org.project.neutrino.nfvo.catalogue.mano.common.CostituentVDU on table costituentvdu
13:23:05.710 [Test worker] DEBUG org.hibernate.cfg.Ejb3Column - Binding column: Ejb3Column{table=org.hibernate.mapping.Table(costituentvdu), mappingColumn=id, insertable=true, updatable=true, unique=false}
13:23:05.710 [Test worker] DEBUG o.h.cfg.annotations.PropertyBinder - MetadataSourceProcessor property id with lazy=false
13:23:05.710 [Test worker] DEBUG o.h.cfg.AbstractPropertyHolder - Attempting to locate auto-apply AttributeConverter for property [org.project.neutrino.nfvo.catalogue.mano.common.CostituentVDU:id]
13:23:05.710 [Test worker] DEBUG o.h.c.annotations.SimpleValueBinder - building SimpleValue for id
13:23:05.710 [Test worker] DEBUG o.h.cfg.annotations.PropertyBinder - Building property id
13:23:05.711 [Test worker] DEBUG org.hibernate.cfg.Ejb3Column - Binding column: Ejb3Column{table=org.hibernate.mapping.Table(costituentvdu), mappingColumn=constituent_vnfc, insertable=true, updatable=true, unique=false}
13:23:05.711 [Test worker] DEBUG o.h.cfg.annotations.PropertyBinder - MetadataSourceProcessor property constituent_vnfc with lazy=false
13:23:05.711 [Test worker] DEBUG o.h.cfg.AbstractPropertyHolder - Attempting to locate auto-apply AttributeConverter for property [org.project.neutrino.nfvo.catalogue.mano.common.CostituentVDU:constituent_vnfc]
13:23:05.711 [Test worker] DEBUG o.h.c.annotations.SimpleValueBinder - building SimpleValue for constituent_vnfc
13:23:05.711 [Test worker] DEBUG o.h.cfg.annotations.PropertyBinder - Building property constituent_vnfc
13:23:05.711 [Test worker] DEBUG org.hibernate.cfg.Ejb3Column - Binding column: Ejb3Column{table=org.hibernate.mapping.Table(costituentvdu), mappingColumn=number_of_instances, insertable=true, updatable=true, unique=false}
13:23:05.711 [Test worker] DEBUG o.h.cfg.annotations.PropertyBinder - MetadataSourceProcessor property number_of_instances with lazy=false
13:23:05.711 [Test worker] DEBUG o.h.cfg.AbstractPropertyHolder - Attempting to locate auto-apply AttributeConverter for property [org.project.neutrino.nfvo.catalogue.mano.common.CostituentVDU:number_of_instances]
13:23:05.711 [Test worker] DEBUG o.h.c.annotations.SimpleValueBinder - building SimpleValue for number_of_instances
13:23:05.712 [Test worker] DEBUG o.h.cfg.annotations.PropertyBinder - Building property number_of_instances
13:23:05.712 [Test worker] DEBUG org.hibernate.cfg.Ejb3Column - Binding column: Ejb3Column{table=org.hibernate.mapping.Table(costituentvdu), mappingColumn=vdu_reference, insertable=true, updatable=true, unique=false}
13:23:05.712 [Test worker] DEBUG o.h.cfg.annotations.PropertyBinder - MetadataSourceProcessor property vdu_reference with lazy=false
13:23:05.712 [Test worker] DEBUG o.h.cfg.AbstractPropertyHolder - Attempting to locate auto-apply AttributeConverter for property [org.project.neutrino.nfvo.catalogue.mano.common.CostituentVDU:vdu_reference]
13:23:05.712 [Test worker] DEBUG o.h.c.annotations.SimpleValueBinder - building SimpleValue for vdu_reference
13:23:05.712 [Test worker] DEBUG o.h.cfg.annotations.PropertyBinder - Building property vdu_reference
13:23:05.712 [Test worker] DEBUG org.hibernate.cfg.Ejb3Column - Binding column: Ejb3Column{table=org.hibernate.mapping.Table(costituentvdu), mappingColumn=version, insertable=true, updatable=true, unique=false}
13:23:05.712 [Test worker] DEBUG o.h.cfg.annotations.PropertyBinder - MetadataSourceProcessor property version with lazy=false
13:23:05.712 [Test worker] DEBUG o.h.cfg.AbstractPropertyHolder - Attempting to locate auto-apply AttributeConverter for property [org.project.neutrino.nfvo.catalogue.mano.common.CostituentVDU:version]
13:23:05.712 [Test worker] DEBUG o.h.c.annotations.SimpleValueBinder - building SimpleValue for version
13:23:05.713 [Test worker] DEBUG o.h.cfg.annotations.PropertyBinder - Building property version
13:23:05.713 [Test worker] DEBUG org.hibernate.cfg.AnnotationBinder - Binding entity from annotated class: org.project.neutrino.nfvo.catalogue.mano.record.VirtualLinkRecord
13:23:05.713 [Test worker] DEBUG org.hibernate.cfg.Ejb3Column - Binding column: Ejb3DiscriminatorColumn{logicalColumnName'DTYPE', discriminatorTypeName='string'}
13:23:05.713 [Test worker] DEBUG o.h.cfg.annotations.EntityBinder - Import with entity name VirtualLinkRecord
13:23:05.713 [Test worker] DEBUG o.h.cfg.annotations.EntityBinder - Bind entity org.project.neutrino.nfvo.catalogue.mano.record.VirtualLinkRecord on table virtual_link_record
13:23:05.717 [Test worker] DEBUG org.hibernate.cfg.Ejb3Column - Binding column: Ejb3Column{table=org.hibernate.mapping.Table(virtual_link_record), mappingColumn=id, insertable=true, updatable=true, unique=false}
13:23:05.717 [Test worker] DEBUG o.h.cfg.annotations.PropertyBinder - MetadataSourceProcessor property id with lazy=false
13:23:05.717 [Test worker] DEBUG o.h.cfg.AbstractPropertyHolder - Attempting to locate auto-apply AttributeConverter for property [org.project.neutrino.nfvo.catalogue.mano.record.VirtualLinkRecord:id]
13:23:05.717 [Test worker] DEBUG o.h.c.annotations.SimpleValueBinder - building SimpleValue for id
13:23:05.717 [Test worker] DEBUG o.h.cfg.annotations.PropertyBinder - Building property id
13:23:05.717 [Test worker] DEBUG org.hibernate.cfg.Ejb3Column - Binding column: Ejb3JoinColumn{logicalColumnName='null', referencedColumn='null', mappedBy=''}
13:23:05.717 [Test worker] DEBUG org.hibernate.cfg.Ejb3Column - Binding column: Ejb3Column{table=org.hibernate.mapping.Table(virtual_link_record), mappingColumn=allocated_capacity, insertable=true, updatable=true, unique=false}
13:23:05.718 [Test worker] DEBUG org.hibernate.cfg.Ejb3Column - Binding column: Ejb3Column{table=org.hibernate.mapping.Table(virtual_link_record), mappingColumn=null, insertable=true, updatable=true, unique=false}
13:23:05.718 [Test worker] DEBUG org.hibernate.cfg.Ejb3Column - Binding column: Ejb3Column{table=org.hibernate.mapping.Table(virtual_link_record), mappingColumn=allocated_capacity, insertable=true, updatable=true, unique=false}
13:23:05.718 [Test worker] DEBUG org.hibernate.cfg.Ejb3Column - Binding column: Ejb3Column{table=org.hibernate.mapping.Table(virtual_link_record), mappingColumn=allocated_capacity_key, insertable=true, updatable=true, unique=false}
13:23:05.718 [Test worker] DEBUG org.hibernate.cfg.Ejb3Column - Binding column: Ejb3JoinColumn{logicalColumnName='allocated_capacity_KEY', referencedColumn='null', mappedBy='null'}
13:23:05.718 [Test worker] DEBUG org.hibernate.cfg.Ejb3Column - Binding column: Ejb3JoinColumn{logicalColumnName='null', referencedColumn='null', mappedBy=''}
13:23:05.718 [Test worker] DEBUG org.hibernate.cfg.Ejb3Column - Binding column: Ejb3JoinColumn{logicalColumnName='null', referencedColumn='null', mappedBy=''}
13:23:05.718 [Test worker] DEBUG o.h.cfg.annotations.CollectionBinder - Collection role: org.project.neutrino.nfvo.catalogue.mano.record.VirtualLinkRecord.allocated_capacity
13:23:05.718 [Test worker] DEBUG o.h.cfg.annotations.PropertyBinder - Building property allocated_capacity
13:23:05.718 [Test worker] DEBUG org.hibernate.cfg.Ejb3Column - Binding column: Ejb3JoinColumn{logicalColumnName='null', referencedColumn='null', mappedBy=''}
13:23:05.719 [Test worker] DEBUG org.hibernate.cfg.Ejb3Column - Binding column: Ejb3Column{table=org.hibernate.mapping.Table(virtual_link_record), mappingColumn=audit_log, insertable=true, updatable=true, unique=false}
13:23:05.719 [Test worker] DEBUG org.hibernate.cfg.Ejb3Column - Binding column: Ejb3Column{table=org.hibernate.mapping.Table(virtual_link_record), mappingColumn=null, insertable=true, updatable=true, unique=false}
13:23:05.719 [Test worker] DEBUG org.hibernate.cfg.Ejb3Column - Binding column: Ejb3Column{table=org.hibernate.mapping.Table(virtual_link_record), mappingColumn=audit_log, insertable=true, updatable=true, unique=false}
13:23:05.719 [Test worker] DEBUG org.hibernate.cfg.Ejb3Column - Binding column: Ejb3Column{table=org.hibernate.mapping.Table(virtual_link_record), mappingColumn=audit_log_key, insertable=true, updatable=true, unique=false}
13:23:05.719 [Test worker] DEBUG org.hibernate.cfg.Ejb3Column - Binding column: Ejb3JoinColumn{logicalColumnName='audit_log_KEY', referencedColumn='null', mappedBy='null'}
13:23:05.719 [Test worker] DEBUG org.hibernate.cfg.Ejb3Column - Binding column: Ejb3JoinColumn{logicalColumnName='null', referencedColumn='null', mappedBy=''}
13:23:05.719 [Test worker] DEBUG org.hibernate.cfg.Ejb3Column - Binding column: Ejb3JoinColumn{logicalColumnName='null', referencedColumn='null', mappedBy=''}
13:23:05.719 [Test worker] DEBUG o.h.cfg.annotations.CollectionBinder - Collection role: org.project.neutrino.nfvo.catalogue.mano.record.VirtualLinkRecord.audit_log
13:23:05.720 [Test worker] DEBUG o.h.cfg.annotations.PropertyBinder - Building property audit_log
13:23:05.720 [Test worker] DEBUG org.hibernate.cfg.Ejb3Column - Binding column: Ejb3JoinColumn{logicalColumnName='null', referencedColumn='null', mappedBy=''}
13:23:05.720 [Test worker] DEBUG org.hibernate.cfg.Ejb3Column - Binding column: Ejb3Column{table=org.hibernate.mapping.Table(virtual_link_record), mappingColumn=connection, insertable=true, updatable=true, unique=false}
13:23:05.720 [Test worker] DEBUG org.hibernate.cfg.Ejb3Column - Binding column: Ejb3Column{table=org.hibernate.mapping.Table(virtual_link_record), mappingColumn=null, insertable=true, updatable=true, unique=false}
13:23:05.720 [Test worker] DEBUG org.hibernate.cfg.Ejb3Column - Binding column: Ejb3Column{table=org.hibernate.mapping.Table(virtual_link_record), mappingColumn=connection, insertable=true, updatable=true, unique=false}
13:23:05.720 [Test worker] DEBUG org.hibernate.cfg.Ejb3Column - Binding column: Ejb3Column{table=org.hibernate.mapping.Table(virtual_link_record), mappingColumn=connection_key, insertable=true, updatable=true, unique=false}
13:23:05.720 [Test worker] DEBUG org.hibernate.cfg.Ejb3Column - Binding column: Ejb3JoinColumn{logicalColumnName='connection_KEY', referencedColumn='null', mappedBy='null'}
13:23:05.721 [Test worker] DEBUG org.hibernate.cfg.Ejb3Column - Binding column: Ejb3JoinColumn{logicalColumnName='null', referencedColumn='null', mappedBy=''}
13:23:05.721 [Test worker] DEBUG org.hibernate.cfg.Ejb3Column - Binding column: Ejb3JoinColumn{logicalColumnName='null', referencedColumn='null', mappedBy=''}
13:23:05.721 [Test worker] DEBUG o.h.cfg.annotations.CollectionBinder - Collection role: org.project.neutrino.nfvo.catalogue.mano.record.VirtualLinkRecord.connection
13:23:05.721 [Test worker] DEBUG o.h.cfg.annotations.PropertyBinder - Building property connection
13:23:05.721 [Test worker] DEBUG org.hibernate.cfg.Ejb3Column - Binding column: Ejb3Column{table=org.hibernate.mapping.Table(virtual_link_record), mappingColumn=connectivity_type, insertable=true, updatable=true, unique=false}
13:23:05.721 [Test worker] DEBUG o.h.cfg.annotations.PropertyBinder - MetadataSourceProcessor property connectivity_type with lazy=false
13:23:05.721 [Test worker] DEBUG o.h.cfg.AbstractPropertyHolder - Attempting to locate auto-apply AttributeConverter for property [org.project.neutrino.nfvo.catalogue.mano.record.VirtualLinkRecord:connectivity_type]
13:23:05.721 [Test worker] DEBUG o.h.c.annotations.SimpleValueBinder - building SimpleValue for connectivity_type
13:23:05.721 [Test worker] DEBUG o.h.cfg.annotations.PropertyBinder - Building property connectivity_type
13:23:05.722 [Test worker] DEBUG org.hibernate.cfg.Ejb3Column - Binding column: Ejb3Column{table=org.hibernate.mapping.Table(virtual_link_record), mappingColumn=descriptor_reference, insertable=true, updatable=true, unique=false}
13:23:05.722 [Test worker] DEBUG o.h.cfg.annotations.PropertyBinder - MetadataSourceProcessor property descriptor_reference with lazy=false
13:23:05.722 [Test worker] DEBUG o.h.cfg.AbstractPropertyHolder - Attempting to locate auto-apply AttributeConverter for property [org.project.neutrino.nfvo.catalogue.mano.record.VirtualLinkRecord:descriptor_reference]
13:23:05.722 [Test worker] DEBUG o.h.c.annotations.SimpleValueBinder - building SimpleValue for descriptor_reference
13:23:05.722 [Test worker] DEBUG o.h.cfg.annotations.PropertyBinder - Building property descriptor_reference
13:23:05.722 [Test worker] DEBUG org.hibernate.cfg.Ejb3Column - Binding column: Ejb3Column{table=org.hibernate.mapping.Table(virtual_link_record), mappingColumn=leaf_requirement, insertable=true, updatable=true, unique=false}
13:23:05.722 [Test worker] DEBUG o.h.cfg.annotations.PropertyBinder - MetadataSourceProcessor property leaf_requirement with lazy=false
13:23:05.722 [Test worker] DEBUG o.h.cfg.AbstractPropertyHolder - Attempting to locate auto-apply AttributeConverter for property [org.project.neutrino.nfvo.catalogue.mano.record.VirtualLinkRecord:leaf_requirement]
13:23:05.722 [Test worker] DEBUG o.h.c.annotations.SimpleValueBinder - building SimpleValue for leaf_requirement
13:23:05.722 [Test worker] DEBUG o.h.cfg.annotations.PropertyBinder - Building property leaf_requirement
13:23:05.723 [Test worker] DEBUG org.hibernate.cfg.Ejb3Column - Binding column: Ejb3JoinColumn{logicalColumnName='null', referencedColumn='null', mappedBy=''}
13:23:05.723 [Test worker] DEBUG org.hibernate.cfg.Ejb3Column - Binding column: Ejb3Column{table=org.hibernate.mapping.Table(virtual_link_record), mappingColumn=lifecycle_event_history, insertable=true, updatable=true, unique=false}
13:23:05.723 [Test worker] DEBUG org.hibernate.cfg.Ejb3Column - Binding column: Ejb3Column{table=org.hibernate.mapping.Table(virtual_link_record), mappingColumn=null, insertable=true, updatable=true, unique=false}
13:23:05.723 [Test worker] DEBUG org.hibernate.cfg.Ejb3Column - Binding column: Ejb3Column{table=org.hibernate.mapping.Table(virtual_link_record), mappingColumn=element, insertable=true, updatable=true, unique=false}
13:23:05.723 [Test worker] DEBUG org.hibernate.cfg.Ejb3Column - Binding column: Ejb3Column{table=org.hibernate.mapping.Table(virtual_link_record), mappingColumn=lifecycle_event_history_key, insertable=true, updatable=true, unique=false}
13:23:05.723 [Test worker] DEBUG org.hibernate.cfg.Ejb3Column - Binding column: Ejb3JoinColumn{logicalColumnName='lifecycle_event_history_KEY', referencedColumn='null', mappedBy='null'}
13:23:05.723 [Test worker] DEBUG org.hibernate.cfg.Ejb3Column - Binding column: Ejb3JoinColumn{logicalColumnName='null', referencedColumn='null', mappedBy=''}
13:23:05.723 [Test worker] DEBUG org.hibernate.cfg.Ejb3Column - Binding column: Ejb3JoinColumn{logicalColumnName='null', referencedColumn='null', mappedBy=''}
13:23:05.723 [Test worker] DEBUG o.h.cfg.annotations.CollectionBinder - Collection role: org.project.neutrino.nfvo.catalogue.mano.record.VirtualLinkRecord.lifecycle_event_history
13:23:05.724 [Test worker] DEBUG o.h.cfg.annotations.PropertyBinder - Building property lifecycle_event_history
13:23:05.724 [Test worker] DEBUG org.hibernate.cfg.Ejb3Column - Binding column: Ejb3JoinColumn{logicalColumnName='null', referencedColumn='null', mappedBy=''}
13:23:05.724 [Test worker] DEBUG org.hibernate.cfg.Ejb3Column - Binding column: Ejb3Column{table=org.hibernate.mapping.Table(virtual_link_record), mappingColumn=notification, insertable=true, updatable=true, unique=false}
13:23:05.724 [Test worker] DEBUG org.hibernate.cfg.Ejb3Column - Binding column: Ejb3Column{table=org.hibernate.mapping.Table(virtual_link_record), mappingColumn=null, insertable=true, updatable=true, unique=false}
13:23:05.724 [Test worker] DEBUG org.hibernate.cfg.Ejb3Column - Binding column: Ejb3Column{table=org.hibernate.mapping.Table(virtual_link_record), mappingColumn=notification, insertable=true, updatable=true, unique=false}
13:23:05.724 [Test worker] DEBUG org.hibernate.cfg.Ejb3Column - Binding column: Ejb3Column{table=org.hibernate.mapping.Table(virtual_link_record), mappingColumn=notification_key, insertable=true, updatable=true, unique=false}
13:23:05.724 [Test worker] DEBUG org.hibernate.cfg.Ejb3Column - Binding column: Ejb3JoinColumn{logicalColumnName='notification_KEY', referencedColumn='null', mappedBy='null'}
13:23:05.725 [Test worker] DEBUG org.hibernate.cfg.Ejb3Column - Binding column: Ejb3JoinColumn{logicalColumnName='null', referencedColumn='null', mappedBy=''}
13:23:05.725 [Test worker] DEBUG org.hibernate.cfg.Ejb3Column - Binding column: Ejb3JoinColumn{logicalColumnName='null', referencedColumn='null', mappedBy=''}
13:23:05.725 [Test worker] DEBUG o.h.cfg.annotations.CollectionBinder - Collection role: org.project.neutrino.nfvo.catalogue.mano.record.VirtualLinkRecord.notification
13:23:05.725 [Test worker] DEBUG o.h.cfg.annotations.PropertyBinder - Building property notification
13:23:05.725 [Test worker] DEBUG org.hibernate.cfg.Ejb3Column - Binding column: Ejb3Column{table=org.hibernate.mapping.Table(virtual_link_record), mappingColumn=number_of_enpoints, insertable=true, updatable=true, unique=false}
13:23:05.725 [Test worker] DEBUG o.h.cfg.annotations.PropertyBinder - MetadataSourceProcessor property number_of_enpoints with lazy=false
13:23:05.725 [Test worker] DEBUG o.h.cfg.AbstractPropertyHolder - Attempting to locate auto-apply AttributeConverter for property [org.project.neutrino.nfvo.catalogue.mano.record.VirtualLinkRecord:number_of_enpoints]
13:23:05.725 [Test worker] DEBUG o.h.c.annotations.SimpleValueBinder - building SimpleValue for number_of_enpoints
13:23:05.725 [Test worker] DEBUG o.h.cfg.annotations.PropertyBinder - Building property number_of_enpoints
13:23:05.725 [Test worker] DEBUG org.hibernate.cfg.Ejb3Column - Binding column: Ejb3Column{table=org.hibernate.mapping.Table(virtual_link_record), mappingColumn=parent_ns, insertable=true, updatable=true, unique=false}
13:23:05.726 [Test worker] DEBUG o.h.cfg.annotations.PropertyBinder - MetadataSourceProcessor property parent_ns with lazy=false
13:23:05.726 [Test worker] DEBUG o.h.cfg.AbstractPropertyHolder - Attempting to locate auto-apply AttributeConverter for property [org.project.neutrino.nfvo.catalogue.mano.record.VirtualLinkRecord:parent_ns]
13:23:05.726 [Test worker] DEBUG o.h.c.annotations.SimpleValueBinder - building SimpleValue for parent_ns
13:23:05.726 [Test worker] DEBUG o.h.cfg.annotations.PropertyBinder - Building property parent_ns
13:23:05.726 [Test worker] DEBUG org.hibernate.cfg.Ejb3Column - Binding column: Ejb3JoinColumn{logicalColumnName='null', referencedColumn='null', mappedBy=''}
13:23:05.726 [Test worker] DEBUG org.hibernate.cfg.Ejb3Column - Binding column: Ejb3Column{table=org.hibernate.mapping.Table(virtual_link_record), mappingColumn=qos, insertable=true, updatable=true, unique=false}
13:23:05.726 [Test worker] DEBUG org.hibernate.cfg.Ejb3Column - Binding column: Ejb3Column{table=org.hibernate.mapping.Table(virtual_link_record), mappingColumn=null, insertable=true, updatable=true, unique=false}
13:23:05.726 [Test worker] DEBUG org.hibernate.cfg.Ejb3Column - Binding column: Ejb3Column{table=org.hibernate.mapping.Table(virtual_link_record), mappingColumn=qos, insertable=true, updatable=true, unique=false}
13:23:05.727 [Test worker] DEBUG org.hibernate.cfg.Ejb3Column - Binding column: Ejb3Column{table=org.hibernate.mapping.Table(virtual_link_record), mappingColumn=qos_key, insertable=true, updatable=true, unique=false}
13:23:05.727 [Test worker] DEBUG org.hibernate.cfg.Ejb3Column - Binding column: Ejb3JoinColumn{logicalColumnName='qos_KEY', referencedColumn='null', mappedBy='null'}
13:23:05.727 [Test worker] DEBUG org.hibernate.cfg.Ejb3Column - Binding column: Ejb3JoinColumn{logicalColumnName='null', referencedColumn='null', mappedBy=''}
13:23:05.727 [Test worker] DEBUG org.hibernate.cfg.Ejb3Column - Binding column: Ejb3JoinColumn{logicalColumnName='null', referencedColumn='null', mappedBy=''}
13:23:05.727 [Test worker] DEBUG o.h.cfg.annotations.CollectionBinder - Collection role: org.project.neutrino.nfvo.catalogue.mano.record.VirtualLinkRecord.qos
13:23:05.727 [Test worker] DEBUG o.h.cfg.annotations.PropertyBinder - Building property qos
13:23:05.727 [Test worker] DEBUG org.hibernate.cfg.Ejb3Column - Binding column: Ejb3Column{table=org.hibernate.mapping.Table(virtual_link_record), mappingColumn=root_requirement, insertable=true, updatable=true, unique=false}
13:23:05.727 [Test worker] DEBUG o.h.cfg.annotations.PropertyBinder - MetadataSourceProcessor property root_requirement with lazy=false
13:23:05.727 [Test worker] DEBUG o.h.cfg.AbstractPropertyHolder - Attempting to locate auto-apply AttributeConverter for property [org.project.neutrino.nfvo.catalogue.mano.record.VirtualLinkRecord:root_requirement]
13:23:05.728 [Test worker] DEBUG o.h.c.annotations.SimpleValueBinder - building SimpleValue for root_requirement
13:23:05.728 [Test worker] DEBUG o.h.cfg.annotations.PropertyBinder - Building property root_requirement
13:23:05.728 [Test worker] DEBUG org.hibernate.cfg.Ejb3Column - Binding column: Ejb3Column{table=org.hibernate.mapping.Table(virtual_link_record), mappingColumn=status, insertable=true, updatable=true, unique=false}
13:23:05.728 [Test worker] DEBUG o.h.cfg.annotations.PropertyBinder - MetadataSourceProcessor property status with lazy=false
13:23:05.728 [Test worker] DEBUG o.h.cfg.AbstractPropertyHolder - Attempting to locate auto-apply AttributeConverter for property [org.project.neutrino.nfvo.catalogue.mano.record.VirtualLinkRecord:status]
13:23:05.728 [Test worker] DEBUG o.h.c.annotations.SimpleValueBinder - building SimpleValue for status
13:23:05.728 [Test worker] DEBUG o.h.cfg.annotations.PropertyBinder - Building property status
13:23:05.728 [Test worker] DEBUG org.hibernate.cfg.Ejb3Column - Binding column: Ejb3Column{table=org.hibernate.mapping.Table(virtual_link_record), mappingColumn=test_access, insertable=true, updatable=true, unique=false}
13:23:05.728 [Test worker] DEBUG o.h.cfg.annotations.PropertyBinder - MetadataSourceProcessor property test_access with lazy=false
13:23:05.729 [Test worker] DEBUG o.h.cfg.AbstractPropertyHolder - Attempting to locate auto-apply AttributeConverter for property [org.project.neutrino.nfvo.catalogue.mano.record.VirtualLinkRecord:test_access]
13:23:05.729 [Test worker] DEBUG o.h.c.annotations.SimpleValueBinder - building SimpleValue for test_access
13:23:05.729 [Test worker] DEBUG o.h.cfg.annotations.PropertyBinder - Building property test_access
13:23:05.729 [Test worker] DEBUG org.hibernate.cfg.Ejb3Column - Binding column: Ejb3Column{table=org.hibernate.mapping.Table(virtual_link_record), mappingColumn=vendor, insertable=true, updatable=true, unique=false}
13:23:05.729 [Test worker] DEBUG o.h.cfg.annotations.PropertyBinder - MetadataSourceProcessor property vendor with lazy=false
13:23:05.729 [Test worker] DEBUG o.h.cfg.AbstractPropertyHolder - Attempting to locate auto-apply AttributeConverter for property [org.project.neutrino.nfvo.catalogue.mano.record.VirtualLinkRecord:vendor]
13:23:05.729 [Test worker] DEBUG o.h.c.annotations.SimpleValueBinder - building SimpleValue for vendor
13:23:05.729 [Test worker] DEBUG o.h.cfg.annotations.PropertyBinder - Building property vendor
13:23:05.729 [Test worker] DEBUG org.hibernate.cfg.Ejb3Column - Binding column: Ejb3Column{table=org.hibernate.mapping.Table(virtual_link_record), mappingColumn=version, insertable=true, updatable=true, unique=false}
13:23:05.729 [Test worker] DEBUG o.h.cfg.annotations.PropertyBinder - MetadataSourceProcessor property version with lazy=false
13:23:05.730 [Test worker] DEBUG o.h.cfg.AbstractPropertyHolder - Attempting to locate auto-apply AttributeConverter for property [org.project.neutrino.nfvo.catalogue.mano.record.VirtualLinkRecord:version]
13:23:05.730 [Test worker] DEBUG o.h.c.annotations.SimpleValueBinder - building SimpleValue for version
13:23:05.730 [Test worker] DEBUG o.h.cfg.annotations.PropertyBinder - Building property version
13:23:05.730 [Test worker] DEBUG org.hibernate.cfg.Ejb3Column - Binding column: Ejb3Column{table=org.hibernate.mapping.Table(virtual_link_record), mappingColumn=vim_id, insertable=true, updatable=true, unique=false}
13:23:05.730 [Test worker] DEBUG o.h.cfg.annotations.PropertyBinder - MetadataSourceProcessor property vim_id with lazy=false
13:23:05.730 [Test worker] DEBUG o.h.cfg.AbstractPropertyHolder - Attempting to locate auto-apply AttributeConverter for property [org.project.neutrino.nfvo.catalogue.mano.record.VirtualLinkRecord:vim_id]
13:23:05.730 [Test worker] DEBUG o.h.c.annotations.SimpleValueBinder - building SimpleValue for vim_id
13:23:05.730 [Test worker] DEBUG o.h.cfg.annotations.PropertyBinder - Building property vim_id
13:23:05.730 [Test worker] DEBUG org.hibernate.cfg.Ejb3Column - Binding column: Ejb3JoinColumn{logicalColumnName='null', referencedColumn='null', mappedBy=''}
13:23:05.731 [Test worker] DEBUG org.hibernate.cfg.Ejb3Column - Binding column: Ejb3Column{table=org.hibernate.mapping.Table(virtual_link_record), mappingColumn=vnffgr_reference, insertable=true, updatable=true, unique=false}
13:23:05.731 [Test worker] DEBUG org.hibernate.cfg.Ejb3Column - Binding column: Ejb3Column{table=org.hibernate.mapping.Table(virtual_link_record), mappingColumn=null, insertable=true, updatable=true, unique=false}
13:23:05.731 [Test worker] DEBUG org.hibernate.cfg.Ejb3Column - Binding column: Ejb3Column{table=org.hibernate.mapping.Table(virtual_link_record), mappingColumn=element, insertable=true, updatable=true, unique=false}
13:23:05.731 [Test worker] DEBUG org.hibernate.cfg.Ejb3Column - Binding column: Ejb3Column{table=org.hibernate.mapping.Table(virtual_link_record), mappingColumn=vnffgr_reference_key, insertable=true, updatable=true, unique=false}
13:23:05.731 [Test worker] DEBUG org.hibernate.cfg.Ejb3Column - Binding column: Ejb3JoinColumn{logicalColumnName='vnffgr_reference_KEY', referencedColumn='null', mappedBy='null'}
13:23:05.731 [Test worker] DEBUG org.hibernate.cfg.Ejb3Column - Binding column: Ejb3JoinColumn{logicalColumnName='null', referencedColumn='null', mappedBy=''}
13:23:05.731 [Test worker] DEBUG org.hibernate.cfg.Ejb3Column - Binding column: Ejb3JoinColumn{logicalColumnName='null', referencedColumn='null', mappedBy=''}
13:23:05.731 [Test worker] DEBUG o.h.cfg.annotations.CollectionBinder - Collection role: org.project.neutrino.nfvo.catalogue.mano.record.VirtualLinkRecord.vnffgr_reference
13:23:05.732 [Test worker] DEBUG o.h.cfg.annotations.PropertyBinder - Building property vnffgr_reference
13:23:05.732 [Test worker] DEBUG org.hibernate.cfg.AnnotationBinder - Binding entity from annotated class: org.project.neutrino.nfvo.catalogue.mano.record.VNFForwardingGraphRecord
13:23:05.732 [Test worker] DEBUG org.hibernate.cfg.Ejb3Column - Binding column: Ejb3DiscriminatorColumn{logicalColumnName'DTYPE', discriminatorTypeName='string'}
13:23:05.732 [Test worker] DEBUG o.h.cfg.annotations.EntityBinder - Import with entity name VNFForwardingGraphRecord
13:23:05.732 [Test worker] DEBUG o.h.cfg.annotations.EntityBinder - Bind entity org.project.neutrino.nfvo.catalogue.mano.record.VNFForwardingGraphRecord on table vnfforwarding_graph_record
13:23:05.735 [Test worker] DEBUG org.hibernate.cfg.Ejb3Column - Binding column: Ejb3Column{table=org.hibernate.mapping.Table(vnfforwarding_graph_record), mappingColumn=id, insertable=true, updatable=true, unique=false}
13:23:05.735 [Test worker] DEBUG o.h.cfg.annotations.PropertyBinder - MetadataSourceProcessor property id with lazy=false
13:23:05.735 [Test worker] DEBUG o.h.cfg.AbstractPropertyHolder - Attempting to locate auto-apply AttributeConverter for property [org.project.neutrino.nfvo.catalogue.mano.record.VNFForwardingGraphRecord:id]
13:23:05.735 [Test worker] DEBUG o.h.c.annotations.SimpleValueBinder - building SimpleValue for id
13:23:05.735 [Test worker] DEBUG o.h.cfg.annotations.PropertyBinder - Building property id
13:23:05.735 [Test worker] DEBUG org.hibernate.cfg.Ejb3Column - Binding column: Ejb3Column{table=org.hibernate.mapping.Table(vnfforwarding_graph_record), mappingColumn=audit_log, insertable=true, updatable=true, unique=false}
13:23:05.735 [Test worker] DEBUG o.h.cfg.annotations.PropertyBinder - MetadataSourceProcessor property audit_log with lazy=false
13:23:05.736 [Test worker] DEBUG o.h.cfg.AbstractPropertyHolder - Attempting to locate auto-apply AttributeConverter for property [org.project.neutrino.nfvo.catalogue.mano.record.VNFForwardingGraphRecord:audit_log]
13:23:05.736 [Test worker] DEBUG o.h.c.annotations.SimpleValueBinder - building SimpleValue for audit_log
13:23:05.736 [Test worker] DEBUG o.h.cfg.annotations.PropertyBinder - Building property audit_log
13:23:05.736 [Test worker] DEBUG org.hibernate.cfg.Ejb3Column - Binding column: Ejb3JoinColumn{logicalColumnName='null', referencedColumn='null', mappedBy=''}
13:23:05.736 [Test worker] DEBUG org.hibernate.cfg.Ejb3Column - Binding column: Ejb3Column{table=org.hibernate.mapping.Table(vnfforwarding_graph_record), mappingColumn=connection_point, insertable=true, updatable=true, unique=false}
13:23:05.736 [Test worker] DEBUG org.hibernate.cfg.Ejb3Column - Binding column: Ejb3Column{table=org.hibernate.mapping.Table(vnfforwarding_graph_record), mappingColumn=null, insertable=true, updatable=true, unique=false}
13:23:05.737 [Test worker] DEBUG org.hibernate.cfg.Ejb3Column - Binding column: Ejb3Column{table=org.hibernate.mapping.Table(vnfforwarding_graph_record), mappingColumn=element, insertable=true, updatable=true, unique=false}
13:23:05.737 [Test worker] DEBUG org.hibernate.cfg.Ejb3Column - Binding column: Ejb3Column{table=org.hibernate.mapping.Table(vnfforwarding_graph_record), mappingColumn=connection_point_key, insertable=true, updatable=true, unique=false}
13:23:05.737 [Test worker] DEBUG org.hibernate.cfg.Ejb3Column - Binding column: Ejb3JoinColumn{logicalColumnName='connection_point_KEY', referencedColumn='null', mappedBy='null'}
13:23:05.737 [Test worker] DEBUG org.hibernate.cfg.Ejb3Column - Binding column: Ejb3JoinColumn{logicalColumnName='null', referencedColumn='null', mappedBy=''}
13:23:05.737 [Test worker] DEBUG org.hibernate.cfg.Ejb3Column - Binding column: Ejb3JoinColumn{logicalColumnName='null', referencedColumn='null', mappedBy=''}
13:23:05.737 [Test worker] DEBUG o.h.cfg.annotations.CollectionBinder - Collection role: org.project.neutrino.nfvo.catalogue.mano.record.VNFForwardingGraphRecord.connection_point
13:23:05.737 [Test worker] DEBUG o.h.cfg.annotations.PropertyBinder - Building property connection_point
13:23:05.737 [Test worker] DEBUG org.hibernate.cfg.Ejb3Column - Binding column: Ejb3JoinColumn{logicalColumnName='null', referencedColumn='null', mappedBy=''}
13:23:05.737 [Test worker] DEBUG org.hibernate.cfg.Ejb3Column - Binding column: Ejb3Column{table=org.hibernate.mapping.Table(vnfforwarding_graph_record), mappingColumn=dependent_virtual_link, insertable=true, updatable=true, unique=false}
13:23:05.738 [Test worker] DEBUG org.hibernate.cfg.Ejb3Column - Binding column: Ejb3Column{table=org.hibernate.mapping.Table(vnfforwarding_graph_record), mappingColumn=null, insertable=true, updatable=true, unique=false}
13:23:05.738 [Test worker] DEBUG org.hibernate.cfg.Ejb3Column - Binding column: Ejb3Column{table=org.hibernate.mapping.Table(vnfforwarding_graph_record), mappingColumn=element, insertable=true, updatable=true, unique=false}
13:23:05.738 [Test worker] DEBUG org.hibernate.cfg.Ejb3Column - Binding column: Ejb3Column{table=org.hibernate.mapping.Table(vnfforwarding_graph_record), mappingColumn=dependent_virtual_link_key, insertable=true, updatable=true, unique=false}
13:23:05.738 [Test worker] DEBUG org.hibernate.cfg.Ejb3Column - Binding column: Ejb3JoinColumn{logicalColumnName='dependent_virtual_link_KEY', referencedColumn='null', mappedBy='null'}
13:23:05.738 [Test worker] DEBUG org.hibernate.cfg.Ejb3Column - Binding column: Ejb3JoinColumn{logicalColumnName='null', referencedColumn='null', mappedBy=''}
13:23:05.738 [Test worker] DEBUG org.hibernate.cfg.Ejb3Column - Binding column: Ejb3JoinColumn{logicalColumnName='null', referencedColumn='null', mappedBy=''}
13:23:05.738 [Test worker] DEBUG o.h.cfg.annotations.CollectionBinder - Collection role: org.project.neutrino.nfvo.catalogue.mano.record.VNFForwardingGraphRecord.dependent_virtual_link
13:23:05.738 [Test worker] DEBUG o.h.cfg.annotations.PropertyBinder - Building property dependent_virtual_link
13:23:05.739 [Test worker] DEBUG org.hibernate.cfg.Ejb3Column - Binding column: Ejb3JoinColumn{logicalColumnName='null', referencedColumn='null', mappedBy=''}
13:23:05.739 [Test worker] DEBUG org.hibernate.cfg.Ejb3Column - Binding column: Ejb3Column{table=org.hibernate.mapping.Table(vnfforwarding_graph_record), mappingColumn=descriptor_reference, insertable=true, updatable=true, unique=false}
13:23:05.739 [Test worker] DEBUG o.h.cfg.annotations.PropertyBinder - Building property descriptor_reference
13:23:05.739 [Test worker] DEBUG org.hibernate.cfg.Ejb3Column - Binding column: Ejb3JoinColumn{logicalColumnName='null', referencedColumn='null', mappedBy=''}
13:23:05.739 [Test worker] DEBUG org.hibernate.cfg.Ejb3Column - Binding column: Ejb3Column{table=org.hibernate.mapping.Table(vnfforwarding_graph_record), mappingColumn=lifecycle_event_history, insertable=true, updatable=true, unique=false}
13:23:05.739 [Test worker] DEBUG org.hibernate.cfg.Ejb3Column - Binding column: Ejb3Column{table=org.hibernate.mapping.Table(vnfforwarding_graph_record), mappingColumn=null, insertable=true, updatable=true, unique=false}
13:23:05.739 [Test worker] DEBUG org.hibernate.cfg.Ejb3Column - Binding column: Ejb3Column{table=org.hibernate.mapping.Table(vnfforwarding_graph_record), mappingColumn=element, insertable=true, updatable=true, unique=false}
13:23:05.740 [Test worker] DEBUG org.hibernate.cfg.Ejb3Column - Binding column: Ejb3Column{table=org.hibernate.mapping.Table(vnfforwarding_graph_record), mappingColumn=lifecycle_event_history_key, insertable=true, updatable=true, unique=false}
13:23:05.740 [Test worker] DEBUG org.hibernate.cfg.Ejb3Column - Binding column: Ejb3JoinColumn{logicalColumnName='lifecycle_event_history_KEY', referencedColumn='null', mappedBy='null'}
13:23:05.740 [Test worker] DEBUG org.hibernate.cfg.Ejb3Column - Binding column: Ejb3JoinColumn{logicalColumnName='null', referencedColumn='null', mappedBy=''}
13:23:05.740 [Test worker] DEBUG org.hibernate.cfg.Ejb3Column - Binding column: Ejb3JoinColumn{logicalColumnName='null', referencedColumn='null', mappedBy=''}
13:23:05.740 [Test worker] DEBUG o.h.cfg.annotations.CollectionBinder - Collection role: org.project.neutrino.nfvo.catalogue.mano.record.VNFForwardingGraphRecord.lifecycle_event_history
13:23:05.740 [Test worker] DEBUG o.h.cfg.annotations.PropertyBinder - Building property lifecycle_event_history
13:23:05.740 [Test worker] DEBUG org.hibernate.cfg.Ejb3Column - Binding column: Ejb3JoinColumn{logicalColumnName='null', referencedColumn='null', mappedBy=''}
13:23:05.740 [Test worker] DEBUG org.hibernate.cfg.Ejb3Column - Binding column: Ejb3Column{table=org.hibernate.mapping.Table(vnfforwarding_graph_record), mappingColumn=member_vnfs, insertable=true, updatable=true, unique=false}
13:23:05.740 [Test worker] DEBUG org.hibernate.cfg.Ejb3Column - Binding column: Ejb3Column{table=org.hibernate.mapping.Table(vnfforwarding_graph_record), mappingColumn=null, insertable=true, updatable=true, unique=false}
13:23:05.740 [Test worker] DEBUG org.hibernate.cfg.Ejb3Column - Binding column: Ejb3Column{table=org.hibernate.mapping.Table(vnfforwarding_graph_record), mappingColumn=element, insertable=true, updatable=true, unique=false}
13:23:05.741 [Test worker] DEBUG org.hibernate.cfg.Ejb3Column - Binding column: Ejb3Column{table=org.hibernate.mapping.Table(vnfforwarding_graph_record), mappingColumn=member_vnfs_key, insertable=true, updatable=true, unique=false}
13:23:05.741 [Test worker] DEBUG org.hibernate.cfg.Ejb3Column - Binding column: Ejb3JoinColumn{logicalColumnName='member_vnfs_KEY', referencedColumn='null', mappedBy='null'}
13:23:05.741 [Test worker] DEBUG org.hibernate.cfg.Ejb3Column - Binding column: Ejb3JoinColumn{logicalColumnName='null', referencedColumn='null', mappedBy=''}
13:23:05.741 [Test worker] DEBUG org.hibernate.cfg.Ejb3Column - Binding column: Ejb3JoinColumn{logicalColumnName='null', referencedColumn='null', mappedBy=''}
13:23:05.741 [Test worker] DEBUG o.h.cfg.annotations.CollectionBinder - Collection role: org.project.neutrino.nfvo.catalogue.mano.record.VNFForwardingGraphRecord.member_vnfs
13:23:05.741 [Test worker] DEBUG o.h.cfg.annotations.PropertyBinder - Building property member_vnfs
13:23:05.741 [Test worker] DEBUG org.hibernate.cfg.Ejb3Column - Binding column: Ejb3JoinColumn{logicalColumnName='null', referencedColumn='null', mappedBy=''}
13:23:05.741 [Test worker] DEBUG org.hibernate.cfg.Ejb3Column - Binding column: Ejb3Column{table=org.hibernate.mapping.Table(vnfforwarding_graph_record), mappingColumn=network_forwarding_path, insertable=true, updatable=true, unique=false}
13:23:05.741 [Test worker] DEBUG o.h.cfg.annotations.PropertyBinder - Building property network_forwarding_path
13:23:05.742 [Test worker] DEBUG org.hibernate.cfg.Ejb3Column - Binding column: Ejb3JoinColumn{logicalColumnName='null', referencedColumn='null', mappedBy=''}
13:23:05.742 [Test worker] DEBUG org.hibernate.cfg.Ejb3Column - Binding column: Ejb3Column{table=org.hibernate.mapping.Table(vnfforwarding_graph_record), mappingColumn=notification, insertable=true, updatable=true, unique=false}
13:23:05.742 [Test worker] DEBUG org.hibernate.cfg.Ejb3Column - Binding column: Ejb3Column{table=org.hibernate.mapping.Table(vnfforwarding_graph_record), mappingColumn=null, insertable=true, updatable=true, unique=false}
13:23:05.742 [Test worker] DEBUG org.hibernate.cfg.Ejb3Column - Binding column: Ejb3Column{table=org.hibernate.mapping.Table(vnfforwarding_graph_record), mappingColumn=notification, insertable=true, updatable=true, unique=false}
13:23:05.742 [Test worker] DEBUG org.hibernate.cfg.Ejb3Column - Binding column: Ejb3Column{table=org.hibernate.mapping.Table(vnfforwarding_graph_record), mappingColumn=notification_key, insertable=true, updatable=true, unique=false}
13:23:05.742 [Test worker] DEBUG org.hibernate.cfg.Ejb3Column - Binding column: Ejb3JoinColumn{logicalColumnName='notification_KEY', referencedColumn='null', mappedBy='null'}
13:23:05.742 [Test worker] DEBUG org.hibernate.cfg.Ejb3Column - Binding column: Ejb3JoinColumn{logicalColumnName='null', referencedColumn='null', mappedBy=''}
13:23:05.742 [Test worker] DEBUG org.hibernate.cfg.Ejb3Column - Binding column: Ejb3JoinColumn{logicalColumnName='null', referencedColumn='null', mappedBy=''}
13:23:05.742 [Test worker] DEBUG o.h.cfg.annotations.CollectionBinder - Collection role: org.project.neutrino.nfvo.catalogue.mano.record.VNFForwardingGraphRecord.notification
13:23:05.743 [Test worker] DEBUG o.h.cfg.annotations.PropertyBinder - Building property notification
13:23:05.743 [Test worker] DEBUG org.hibernate.cfg.Ejb3Column - Binding column: Ejb3Column{table=org.hibernate.mapping.Table(vnfforwarding_graph_record), mappingColumn=number_of_endpoints, insertable=true, updatable=true, unique=false}
13:23:05.743 [Test worker] DEBUG o.h.cfg.annotations.PropertyBinder - MetadataSourceProcessor property number_of_endpoints with lazy=false
13:23:05.743 [Test worker] DEBUG o.h.cfg.AbstractPropertyHolder - Attempting to locate auto-apply AttributeConverter for property [org.project.neutrino.nfvo.catalogue.mano.record.VNFForwardingGraphRecord:number_of_endpoints]
13:23:05.743 [Test worker] DEBUG o.h.c.annotations.SimpleValueBinder - building SimpleValue for number_of_endpoints
13:23:05.743 [Test worker] DEBUG o.h.cfg.annotations.PropertyBinder - Building property number_of_endpoints
13:23:05.743 [Test worker] DEBUG org.hibernate.cfg.Ejb3Column - Binding column: Ejb3Column{table=org.hibernate.mapping.Table(vnfforwarding_graph_record), mappingColumn=number_of_pnfs, insertable=true, updatable=true, unique=false}
13:23:05.743 [Test worker] DEBUG o.h.cfg.annotations.PropertyBinder - MetadataSourceProcessor property number_of_pnfs with lazy=false
13:23:05.743 [Test worker] DEBUG o.h.cfg.AbstractPropertyHolder - Attempting to locate auto-apply AttributeConverter for property [org.project.neutrino.nfvo.catalogue.mano.record.VNFForwardingGraphRecord:number_of_pnfs]
13:23:05.743 [Test worker] DEBUG o.h.c.annotations.SimpleValueBinder - building SimpleValue for number_of_pnfs
13:23:05.744 [Test worker] DEBUG o.h.cfg.annotations.PropertyBinder - Building property number_of_pnfs
13:23:05.744 [Test worker] DEBUG org.hibernate.cfg.Ejb3Column - Binding column: Ejb3Column{table=org.hibernate.mapping.Table(vnfforwarding_graph_record), mappingColumn=number_of_virtual_links, insertable=true, updatable=true, unique=false}
13:23:05.744 [Test worker] DEBUG o.h.cfg.annotations.PropertyBinder - MetadataSourceProcessor property number_of_virtual_links with lazy=false
13:23:05.744 [Test worker] DEBUG o.h.cfg.AbstractPropertyHolder - Attempting to locate auto-apply AttributeConverter for property [org.project.neutrino.nfvo.catalogue.mano.record.VNFForwardingGraphRecord:number_of_virtual_links]
13:23:05.744 [Test worker] DEBUG o.h.c.annotations.SimpleValueBinder - building SimpleValue for number_of_virtual_links
13:23:05.744 [Test worker] DEBUG o.h.cfg.annotations.PropertyBinder - Building property number_of_virtual_links
13:23:05.744 [Test worker] DEBUG org.hibernate.cfg.Ejb3Column - Binding column: Ejb3Column{table=org.hibernate.mapping.Table(vnfforwarding_graph_record), mappingColumn=number_of_vnfs, insertable=true, updatable=true, unique=false}
13:23:05.744 [Test worker] DEBUG o.h.cfg.annotations.PropertyBinder - MetadataSourceProcessor property number_of_vnfs with lazy=false
13:23:05.744 [Test worker] DEBUG o.h.cfg.AbstractPropertyHolder - Attempting to locate auto-apply AttributeConverter for property [org.project.neutrino.nfvo.catalogue.mano.record.VNFForwardingGraphRecord:number_of_vnfs]
13:23:05.744 [Test worker] DEBUG o.h.c.annotations.SimpleValueBinder - building SimpleValue for number_of_vnfs
13:23:05.745 [Test worker] DEBUG o.h.cfg.annotations.PropertyBinder - Building property number_of_vnfs
13:23:05.745 [Test worker] DEBUG org.hibernate.cfg.Ejb3Column - Binding column: Ejb3JoinColumn{logicalColumnName='null', referencedColumn='null', mappedBy=''}
13:23:05.745 [Test worker] DEBUG org.hibernate.cfg.Ejb3Column - Binding column: Ejb3Column{table=org.hibernate.mapping.Table(vnfforwarding_graph_record), mappingColumn=parent_ns, insertable=true, updatable=true, unique=false}
13:23:05.745 [Test worker] DEBUG o.h.cfg.annotations.PropertyBinder - Building property parent_ns
13:23:05.745 [Test worker] DEBUG org.hibernate.cfg.Ejb3Column - Binding column: Ejb3Column{table=org.hibernate.mapping.Table(vnfforwarding_graph_record), mappingColumn=status, insertable=true, updatable=true, unique=false}
13:23:05.745 [Test worker] DEBUG o.h.cfg.annotations.PropertyBinder - MetadataSourceProcessor property status with lazy=false
13:23:05.745 [Test worker] DEBUG o.h.cfg.AbstractPropertyHolder - Attempting to locate auto-apply AttributeConverter for property [org.project.neutrino.nfvo.catalogue.mano.record.VNFForwardingGraphRecord:status]
13:23:05.745 [Test worker] DEBUG o.h.c.annotations.SimpleValueBinder - building SimpleValue for status
13:23:05.745 [Test worker] DEBUG o.h.cfg.annotations.PropertyBinder - Building property status
13:23:05.746 [Test worker] DEBUG org.hibernate.cfg.Ejb3Column - Binding column: Ejb3Column{table=org.hibernate.mapping.Table(vnfforwarding_graph_record), mappingColumn=vendor, insertable=true, updatable=true, unique=false}
13:23:05.746 [Test worker] DEBUG o.h.cfg.annotations.PropertyBinder - MetadataSourceProcessor property vendor with lazy=false
13:23:05.746 [Test worker] DEBUG o.h.cfg.AbstractPropertyHolder - Attempting to locate auto-apply AttributeConverter for property [org.project.neutrino.nfvo.catalogue.mano.record.VNFForwardingGraphRecord:vendor]
13:23:05.746 [Test worker] DEBUG o.h.c.annotations.SimpleValueBinder - building SimpleValue for vendor
13:23:05.746 [Test worker] DEBUG o.h.cfg.annotations.PropertyBinder - Building property vendor
13:23:05.746 [Test worker] DEBUG org.hibernate.cfg.Ejb3Column - Binding column: Ejb3Column{table=org.hibernate.mapping.Table(vnfforwarding_graph_record), mappingColumn=version, insertable=true, updatable=true, unique=false}
13:23:05.746 [Test worker] DEBUG o.h.cfg.annotations.PropertyBinder - MetadataSourceProcessor property version with lazy=false
13:23:05.746 [Test worker] DEBUG o.h.cfg.AbstractPropertyHolder - Attempting to locate auto-apply AttributeConverter for property [org.project.neutrino.nfvo.catalogue.mano.record.VNFForwardingGraphRecord:version]
13:23:05.746 [Test worker] DEBUG o.h.c.annotations.SimpleValueBinder - building SimpleValue for version
13:23:05.746 [Test worker] DEBUG o.h.cfg.annotations.PropertyBinder - Building property version
13:23:05.747 [Test worker] DEBUG org.hibernate.cfg.AnnotationBinder - Binding entity from annotated class: org.project.neutrino.nfvo.catalogue.mano.common.Security
13:23:05.747 [Test worker] DEBUG org.hibernate.cfg.Ejb3Column - Binding column: Ejb3DiscriminatorColumn{logicalColumnName'DTYPE', discriminatorTypeName='string'}
13:23:05.747 [Test worker] DEBUG o.h.cfg.annotations.EntityBinder - Import with entity name Security
13:23:05.747 [Test worker] DEBUG o.h.cfg.annotations.EntityBinder - Bind entity org.project.neutrino.nfvo.catalogue.mano.common.Security on table security
13:23:05.748 [Test worker] DEBUG org.hibernate.cfg.Ejb3Column - Binding column: Ejb3Column{table=org.hibernate.mapping.Table(security), mappingColumn=id, insertable=true, updatable=true, unique=false}
13:23:05.748 [Test worker] DEBUG o.h.cfg.annotations.PropertyBinder - MetadataSourceProcessor property id with lazy=false
13:23:05.748 [Test worker] DEBUG o.h.cfg.AbstractPropertyHolder - Attempting to locate auto-apply AttributeConverter for property [org.project.neutrino.nfvo.catalogue.mano.common.Security:id]
13:23:05.748 [Test worker] DEBUG o.h.c.annotations.SimpleValueBinder - building SimpleValue for id
13:23:05.748 [Test worker] DEBUG o.h.cfg.annotations.PropertyBinder - Building property id
13:23:05.748 [Test worker] DEBUG org.hibernate.cfg.Ejb3Column - Binding column: Ejb3Column{table=org.hibernate.mapping.Table(security), mappingColumn=version, insertable=true, updatable=true, unique=false}
13:23:05.748 [Test worker] DEBUG o.h.cfg.annotations.PropertyBinder - MetadataSourceProcessor property version with lazy=false
13:23:05.748 [Test worker] DEBUG o.h.cfg.AbstractPropertyHolder - Attempting to locate auto-apply AttributeConverter for property [org.project.neutrino.nfvo.catalogue.mano.common.Security:version]
13:23:05.748 [Test worker] DEBUG o.h.c.annotations.SimpleValueBinder - building SimpleValue for version
13:23:05.749 [Test worker] DEBUG o.h.cfg.annotations.PropertyBinder - Building property version
13:23:05.749 [Test worker] DEBUG org.hibernate.cfg.AnnotationBinder - Binding entity from annotated class: org.project.neutrino.nfvo.catalogue.mano.record.PhysicalNetworkFunctionRecord
13:23:05.749 [Test worker] DEBUG org.hibernate.cfg.Ejb3Column - Binding column: Ejb3DiscriminatorColumn{logicalColumnName'DTYPE', discriminatorTypeName='string'}
13:23:05.749 [Test worker] DEBUG o.h.cfg.annotations.EntityBinder - Import with entity name PhysicalNetworkFunctionRecord
13:23:05.749 [Test worker] DEBUG o.h.cfg.annotations.EntityBinder - Bind entity org.project.neutrino.nfvo.catalogue.mano.record.PhysicalNetworkFunctionRecord on table physical_network_function_record
13:23:05.751 [Test worker] DEBUG org.hibernate.cfg.Ejb3Column - Binding column: Ejb3Column{table=org.hibernate.mapping.Table(physical_network_function_record), mappingColumn=id, insertable=true, updatable=true, unique=false}
13:23:05.751 [Test worker] DEBUG o.h.cfg.annotations.PropertyBinder - MetadataSourceProcessor property id with lazy=false
13:23:05.751 [Test worker] DEBUG o.h.cfg.AbstractPropertyHolder - Attempting to locate auto-apply AttributeConverter for property [org.project.neutrino.nfvo.catalogue.mano.record.PhysicalNetworkFunctionRecord:id]
13:23:05.751 [Test worker] DEBUG o.h.c.annotations.SimpleValueBinder - building SimpleValue for id
13:23:05.751 [Test worker] DEBUG o.h.cfg.annotations.PropertyBinder - Building property id
13:23:05.752 [Test worker] DEBUG org.hibernate.cfg.Ejb3Column - Binding column: Ejb3JoinColumn{logicalColumnName='null', referencedColumn='null', mappedBy=''}
13:23:05.752 [Test worker] DEBUG org.hibernate.cfg.Ejb3Column - Binding column: Ejb3Column{table=org.hibernate.mapping.Table(physical_network_function_record), mappingColumn=connected_virtual_link, insertable=true, updatable=true, unique=false}
13:23:05.752 [Test worker] DEBUG org.hibernate.cfg.Ejb3Column - Binding column: Ejb3Column{table=org.hibernate.mapping.Table(physical_network_function_record), mappingColumn=null, insertable=true, updatable=true, unique=false}
13:23:05.752 [Test worker] DEBUG org.hibernate.cfg.Ejb3Column - Binding column: Ejb3Column{table=org.hibernate.mapping.Table(physical_network_function_record), mappingColumn=element, insertable=true, updatable=true, unique=false}
13:23:05.752 [Test worker] DEBUG org.hibernate.cfg.Ejb3Column - Binding column: Ejb3Column{table=org.hibernate.mapping.Table(physical_network_function_record), mappingColumn=connected_virtual_link_key, insertable=true, updatable=true, unique=false}
13:23:05.752 [Test worker] DEBUG org.hibernate.cfg.Ejb3Column - Binding column: Ejb3JoinColumn{logicalColumnName='connected_virtual_link_KEY', referencedColumn='null', mappedBy='null'}
13:23:05.752 [Test worker] DEBUG org.hibernate.cfg.Ejb3Column - Binding column: Ejb3JoinColumn{logicalColumnName='null', referencedColumn='null', mappedBy=''}
13:23:05.753 [Test worker] DEBUG org.hibernate.cfg.Ejb3Column - Binding column: Ejb3JoinColumn{logicalColumnName='null', referencedColumn='null', mappedBy=''}
13:23:05.753 [Test worker] DEBUG o.h.cfg.annotations.CollectionBinder - Collection role: org.project.neutrino.nfvo.catalogue.mano.record.PhysicalNetworkFunctionRecord.connected_virtual_link
13:23:05.753 [Test worker] DEBUG o.h.cfg.annotations.PropertyBinder - Building property connected_virtual_link
13:23:05.753 [Test worker] DEBUG org.hibernate.cfg.Ejb3Column - Binding column: Ejb3JoinColumn{logicalColumnName='null', referencedColumn='null', mappedBy=''}
13:23:05.753 [Test worker] DEBUG org.hibernate.cfg.Ejb3Column - Binding column: Ejb3Column{table=org.hibernate.mapping.Table(physical_network_function_record), mappingColumn=connection_point, insertable=true, updatable=true, unique=false}
13:23:05.753 [Test worker] DEBUG org.hibernate.cfg.Ejb3Column - Binding column: Ejb3Column{table=org.hibernate.mapping.Table(physical_network_function_record), mappingColumn=null, insertable=true, updatable=true, unique=false}
13:23:05.753 [Test worker] DEBUG org.hibernate.cfg.Ejb3Column - Binding column: Ejb3Column{table=org.hibernate.mapping.Table(physical_network_function_record), mappingColumn=element, insertable=true, updatable=true, unique=false}
13:23:05.754 [Test worker] DEBUG org.hibernate.cfg.Ejb3Column - Binding column: Ejb3Column{table=org.hibernate.mapping.Table(physical_network_function_record), mappingColumn=connection_point_key, insertable=true, updatable=true, unique=false}
13:23:05.754 [Test worker] DEBUG org.hibernate.cfg.Ejb3Column - Binding column: Ejb3JoinColumn{logicalColumnName='connection_point_KEY', referencedColumn='null', mappedBy='null'}
13:23:05.754 [Test worker] DEBUG org.hibernate.cfg.Ejb3Column - Binding column: Ejb3JoinColumn{logicalColumnName='null', referencedColumn='null', mappedBy=''}
13:23:05.754 [Test worker] DEBUG org.hibernate.cfg.Ejb3Column - Binding column: Ejb3JoinColumn{logicalColumnName='null', referencedColumn='null', mappedBy=''}
13:23:05.754 [Test worker] DEBUG o.h.cfg.annotations.CollectionBinder - Collection role: org.project.neutrino.nfvo.catalogue.mano.record.PhysicalNetworkFunctionRecord.connection_point
13:23:05.754 [Test worker] DEBUG o.h.cfg.annotations.PropertyBinder - Building property connection_point
13:23:05.754 [Test worker] DEBUG org.hibernate.cfg.Ejb3Column - Binding column: Ejb3Column{table=org.hibernate.mapping.Table(physical_network_function_record), mappingColumn=description, insertable=true, updatable=true, unique=false}
13:23:05.754 [Test worker] DEBUG o.h.cfg.annotations.PropertyBinder - MetadataSourceProcessor property description with lazy=false
13:23:05.755 [Test worker] DEBUG o.h.cfg.AbstractPropertyHolder - Attempting to locate auto-apply AttributeConverter for property [org.project.neutrino.nfvo.catalogue.mano.record.PhysicalNetworkFunctionRecord:description]
13:23:05.755 [Test worker] DEBUG o.h.c.annotations.SimpleValueBinder - building SimpleValue for description
13:23:05.755 [Test worker] DEBUG o.h.cfg.annotations.PropertyBinder - Building property description
13:23:05.755 [Test worker] DEBUG org.hibernate.cfg.Ejb3Column - Binding column: Ejb3JoinColumn{logicalColumnName='null', referencedColumn='null', mappedBy=''}
13:23:05.755 [Test worker] DEBUG org.hibernate.cfg.Ejb3Column - Binding column: Ejb3Column{table=org.hibernate.mapping.Table(physical_network_function_record), mappingColumn=descriptor_reference, insertable=true, updatable=true, unique=false}
13:23:05.755 [Test worker] DEBUG o.h.cfg.annotations.PropertyBinder - Building property descriptor_reference
13:23:05.755 [Test worker] DEBUG org.hibernate.cfg.Ejb3Column - Binding column: Ejb3Column{table=org.hibernate.mapping.Table(physical_network_function_record), mappingColumn=oam_reference, insertable=true, updatable=true, unique=false}
13:23:05.756 [Test worker] DEBUG o.h.cfg.annotations.PropertyBinder - MetadataSourceProcessor property oam_reference with lazy=false
13:23:05.756 [Test worker] DEBUG o.h.cfg.AbstractPropertyHolder - Attempting to locate auto-apply AttributeConverter for property [org.project.neutrino.nfvo.catalogue.mano.record.PhysicalNetworkFunctionRecord:oam_reference]
13:23:05.756 [Test worker] DEBUG o.h.c.annotations.SimpleValueBinder - building SimpleValue for oam_reference
13:23:05.756 [Test worker] DEBUG o.h.cfg.annotations.PropertyBinder - Building property oam_reference
13:23:05.756 [Test worker] DEBUG org.hibernate.cfg.Ejb3Column - Binding column: Ejb3JoinColumn{logicalColumnName='null', referencedColumn='null', mappedBy=''}
13:23:05.756 [Test worker] DEBUG org.hibernate.cfg.Ejb3Column - Binding column: Ejb3Column{table=org.hibernate.mapping.Table(physical_network_function_record), mappingColumn=parent_ns, insertable=true, updatable=true, unique=false}
13:23:05.757 [Test worker] DEBUG o.h.cfg.annotations.PropertyBinder - Building property parent_ns
13:23:05.757 [Test worker] DEBUG org.hibernate.cfg.Ejb3Column - Binding column: Ejb3JoinColumn{logicalColumnName='null', referencedColumn='null', mappedBy=''}
13:23:05.757 [Test worker] DEBUG org.hibernate.cfg.Ejb3Column - Binding column: Ejb3Column{table=org.hibernate.mapping.Table(physical_network_function_record), mappingColumn=pnf_address, insertable=true, updatable=true, unique=false}
13:23:05.757 [Test worker] DEBUG org.hibernate.cfg.Ejb3Column - Binding column: Ejb3Column{table=org.hibernate.mapping.Table(physical_network_function_record), mappingColumn=null, insertable=true, updatable=true, unique=false}
13:23:05.757 [Test worker] DEBUG org.hibernate.cfg.Ejb3Column - Binding column: Ejb3Column{table=org.hibernate.mapping.Table(physical_network_function_record), mappingColumn=pnf_address, insertable=true, updatable=true, unique=false}
13:23:05.757 [Test worker] DEBUG org.hibernate.cfg.Ejb3Column - Binding column: Ejb3Column{table=org.hibernate.mapping.Table(physical_network_function_record), mappingColumn=pnf_address_key, insertable=true, updatable=true, unique=false}
13:23:05.757 [Test worker] DEBUG org.hibernate.cfg.Ejb3Column - Binding column: Ejb3JoinColumn{logicalColumnName='pnf_address_KEY', referencedColumn='null', mappedBy='null'}
13:23:05.757 [Test worker] DEBUG org.hibernate.cfg.Ejb3Column - Binding column: Ejb3JoinColumn{logicalColumnName='null', referencedColumn='null', mappedBy=''}
13:23:05.757 [Test worker] DEBUG org.hibernate.cfg.Ejb3Column - Binding column: Ejb3JoinColumn{logicalColumnName='null', referencedColumn='null', mappedBy=''}
13:23:05.757 [Test worker] DEBUG o.h.cfg.annotations.CollectionBinder - Collection role: org.project.neutrino.nfvo.catalogue.mano.record.PhysicalNetworkFunctionRecord.pnf_address
13:23:05.758 [Test worker] DEBUG o.h.cfg.annotations.PropertyBinder - Building property pnf_address
13:23:05.758 [Test worker] DEBUG org.hibernate.cfg.Ejb3Column - Binding column: Ejb3Column{table=org.hibernate.mapping.Table(physical_network_function_record), mappingColumn=vendor, insertable=true, updatable=true, unique=false}
13:23:05.758 [Test worker] DEBUG o.h.cfg.annotations.PropertyBinder - MetadataSourceProcessor property vendor with lazy=false
13:23:05.758 [Test worker] DEBUG o.h.cfg.AbstractPropertyHolder - Attempting to locate auto-apply AttributeConverter for property [org.project.neutrino.nfvo.catalogue.mano.record.PhysicalNetworkFunctionRecord:vendor]
13:23:05.758 [Test worker] DEBUG o.h.c.annotations.SimpleValueBinder - building SimpleValue for vendor
13:23:05.758 [Test worker] DEBUG o.h.cfg.annotations.PropertyBinder - Building property vendor
13:23:05.758 [Test worker] DEBUG org.hibernate.cfg.Ejb3Column - Binding column: Ejb3Column{table=org.hibernate.mapping.Table(physical_network_function_record), mappingColumn=version, insertable=true, updatable=true, unique=false}
13:23:05.758 [Test worker] DEBUG o.h.cfg.annotations.PropertyBinder - MetadataSourceProcessor property version with lazy=false
13:23:05.758 [Test worker] DEBUG o.h.cfg.AbstractPropertyHolder - Attempting to locate auto-apply AttributeConverter for property [org.project.neutrino.nfvo.catalogue.mano.record.PhysicalNetworkFunctionRecord:version]
13:23:05.759 [Test worker] DEBUG o.h.c.annotations.SimpleValueBinder - building SimpleValue for version
13:23:05.759 [Test worker] DEBUG o.h.cfg.annotations.PropertyBinder - Building property version
13:23:05.759 [Test worker] DEBUG org.hibernate.cfg.Ejb3Column - Binding column: Ejb3JoinColumn{logicalColumnName='null', referencedColumn='null', mappedBy=''}
13:23:05.759 [Test worker] DEBUG org.hibernate.cfg.Ejb3Column - Binding column: Ejb3Column{table=org.hibernate.mapping.Table(physical_network_function_record), mappingColumn=vnffgr, insertable=true, updatable=true, unique=false}
13:23:05.759 [Test worker] DEBUG org.hibernate.cfg.Ejb3Column - Binding column: Ejb3Column{table=org.hibernate.mapping.Table(physical_network_function_record), mappingColumn=null, insertable=true, updatable=true, unique=false}
13:23:05.759 [Test worker] DEBUG org.hibernate.cfg.Ejb3Column - Binding column: Ejb3Column{table=org.hibernate.mapping.Table(physical_network_function_record), mappingColumn=element, insertable=true, updatable=true, unique=false}
13:23:05.759 [Test worker] DEBUG org.hibernate.cfg.Ejb3Column - Binding column: Ejb3Column{table=org.hibernate.mapping.Table(physical_network_function_record), mappingColumn=vnffgr_key, insertable=true, updatable=true, unique=false}
13:23:05.760 [Test worker] DEBUG org.hibernate.cfg.Ejb3Column - Binding column: Ejb3JoinColumn{logicalColumnName='vnffgr_KEY', referencedColumn='null', mappedBy='null'}
13:23:05.760 [Test worker] DEBUG org.hibernate.cfg.Ejb3Column - Binding column: Ejb3JoinColumn{logicalColumnName='null', referencedColumn='null', mappedBy=''}
13:23:05.760 [Test worker] DEBUG org.hibernate.cfg.Ejb3Column - Binding column: Ejb3JoinColumn{logicalColumnName='null', referencedColumn='null', mappedBy=''}
13:23:05.760 [Test worker] DEBUG o.h.cfg.annotations.CollectionBinder - Collection role: org.project.neutrino.nfvo.catalogue.mano.record.PhysicalNetworkFunctionRecord.vnffgr
13:23:05.760 [Test worker] DEBUG o.h.cfg.annotations.PropertyBinder - Building property vnffgr
13:23:05.761 [Test worker] DEBUG o.h.c.annotations.SimpleValueBinder - Starting fillSimpleValue for Id
13:23:05.761 [Test worker] DEBUG o.h.c.annotations.SimpleValueBinder - Starting fillSimpleValue for hb_version
13:23:05.761 [Test worker] DEBUG o.h.c.annotations.SimpleValueBinder - Starting fillSimpleValue for vendor
13:23:05.761 [Test worker] DEBUG o.h.c.annotations.SimpleValueBinder - Starting fillSimpleValue for version
13:23:05.761 [Test worker] DEBUG o.h.c.annotations.SimpleValueBinder - Starting fillSimpleValue for descriptor_version
13:23:05.761 [Test worker] DEBUG o.h.c.annotations.SimpleValueBinder - Starting fillSimpleValue for manifest_file
13:23:05.761 [Test worker] DEBUG o.h.c.annotations.SimpleValueBinder - Starting fillSimpleValue for id
13:23:05.761 [Test worker] DEBUG o.h.c.annotations.SimpleValueBinder - Starting fillSimpleValue for version
13:23:05.761 [Test worker] DEBUG o.h.c.annotations.SimpleValueBinder - Starting fillSimpleValue for id
13:23:05.762 [Test worker] DEBUG o.h.c.annotations.SimpleValueBinder - Starting fillSimpleValue for flavour_key
13:23:05.762 [Test worker] DEBUG o.h.c.annotations.SimpleValueBinder - Starting fillSimpleValue for version
13:23:05.762 [Test worker] DEBUG o.h.c.annotations.SimpleValueBinder - Starting fillSimpleValue for id
13:23:05.762 [Test worker] DEBUG o.h.c.annotations.SimpleValueBinder - Starting fillSimpleValue for version
13:23:05.762 [Test worker] DEBUG o.h.c.annotations.SimpleValueBinder - Starting fillSimpleValue for id
13:23:05.762 [Test worker] DEBUG o.h.c.annotations.SimpleValueBinder - Starting fillSimpleValue for audit_log
13:23:05.762 [Test worker] DEBUG o.h.c.annotations.SimpleValueBinder - Starting fillSimpleValue for notification
13:23:05.762 [Test worker] DEBUG o.h.c.annotations.SimpleValueBinder - Starting fillSimpleValue for resource_reservation
13:23:05.762 [Test worker] DEBUG o.h.c.annotations.SimpleValueBinder - Starting fillSimpleValue for runtime_policy_info
13:23:05.762 [Test worker] DEBUG o.h.c.annotations.SimpleValueBinder - Starting fillSimpleValue for status
13:23:05.763 [Test worker] DEBUG o.h.c.annotations.SimpleValueBinder - Starting fillSimpleValue for vendor
13:23:05.763 [Test worker] DEBUG o.h.c.annotations.SimpleValueBinder - Starting fillSimpleValue for version
13:23:05.763 [Test worker] DEBUG o.h.c.annotations.SimpleValueBinder - Starting fillSimpleValue for id
13:23:05.763 [Test worker] DEBUG o.h.c.annotations.SimpleValueBinder - Starting fillSimpleValue for version
13:23:05.763 [Test worker] DEBUG o.h.c.annotations.SimpleValueBinder - Starting fillSimpleValue for id
13:23:05.763 [Test worker] DEBUG o.h.c.annotations.SimpleValueBinder - Starting fillSimpleValue for descriptor_version
13:23:05.763 [Test worker] DEBUG o.h.c.annotations.SimpleValueBinder - Starting fillSimpleValue for hb_version
13:23:05.763 [Test worker] DEBUG o.h.c.annotations.SimpleValueBinder - Starting fillSimpleValue for number_of_endpoints
13:23:05.764 [Test worker] DEBUG o.h.c.annotations.SimpleValueBinder - Starting fillSimpleValue for number_of_virtual_links
13:23:05.764 [Test worker] DEBUG o.h.c.annotations.SimpleValueBinder - Starting fillSimpleValue for vendor
13:23:05.764 [Test worker] DEBUG o.h.c.annotations.SimpleValueBinder - Starting fillSimpleValue for version
13:23:05.764 [Test worker] DEBUG o.h.c.annotations.SimpleValueBinder - Starting fillSimpleValue for id
13:23:05.764 [Test worker] DEBUG o.h.c.annotations.SimpleValueBinder - Starting fillSimpleValue for connectivity_type
13:23:05.764 [Test worker] DEBUG o.h.c.annotations.SimpleValueBinder - Starting fillSimpleValue for leaf_requirement
13:23:05.764 [Test worker] DEBUG o.h.c.annotations.SimpleValueBinder - Starting fillSimpleValue for root_requirement
13:23:05.764 [Test worker] DEBUG o.h.c.annotations.SimpleValueBinder - Starting fillSimpleValue for version
13:23:05.764 [Test worker] DEBUG o.h.c.annotations.SimpleValueBinder - Starting fillSimpleValue for descriptor_version
13:23:05.764 [Test worker] DEBUG o.h.c.annotations.SimpleValueBinder - Starting fillSimpleValue for number_of_endpoints
13:23:05.764 [Test worker] DEBUG o.h.c.annotations.SimpleValueBinder - Starting fillSimpleValue for vendor
13:23:05.764 [Test worker] DEBUG o.h.c.annotations.SimpleValueBinder - Starting fillSimpleValue for id
13:23:05.765 [Test worker] DEBUG o.h.c.annotations.SimpleValueBinder - Starting fillSimpleValue for description
13:23:05.765 [Test worker] DEBUG o.h.c.annotations.SimpleValueBinder - Starting fillSimpleValue for descriptor_version
13:23:05.765 [Test worker] DEBUG o.h.c.annotations.SimpleValueBinder - Starting fillSimpleValue for hb_version
13:23:05.765 [Test worker] DEBUG o.h.c.annotations.SimpleValueBinder - Starting fillSimpleValue for vendor
13:23:05.765 [Test worker] DEBUG o.h.c.annotations.SimpleValueBinder - Starting fillSimpleValue for version
13:23:05.765 [Test worker] DEBUG o.h.c.annotations.SimpleValueBinder - Starting fillSimpleValue for id
13:23:05.765 [Test worker] DEBUG o.h.c.annotations.SimpleValueBinder - Starting fillSimpleValue for version
13:23:05.765 [Test worker] DEBUG o.h.c.annotations.SimpleValueBinder - Starting fillSimpleValue for id
13:23:05.765 [Test worker] DEBUG o.h.c.annotations.SimpleValueBinder - Starting fillSimpleValue for type
13:23:05.765 [Test worker] DEBUG o.h.c.annotations.SimpleValueBinder - Starting fillSimpleValue for version
13:23:05.765 [Test worker] DEBUG o.h.c.annotations.SimpleValueBinder - Starting fillSimpleValue for virtual_link_reference
13:23:05.766 [Test worker] DEBUG o.h.c.annotations.SimpleValueBinder - Starting fillSimpleValue for id
13:23:05.766 [Test worker] DEBUG o.h.c.annotations.SimpleValueBinder - Starting fillSimpleValue for audit_log
13:23:05.766 [Test worker] DEBUG o.h.c.annotations.SimpleValueBinder - Starting fillSimpleValue for descriptor_reference
13:23:05.766 [Test worker] DEBUG o.h.c.annotations.SimpleValueBinder - Starting fillSimpleValue for localization
13:23:05.766 [Test worker] DEBUG o.h.c.annotations.SimpleValueBinder - Starting fillSimpleValue for status
13:23:05.766 [Test worker] DEBUG o.h.c.annotations.SimpleValueBinder - Starting fillSimpleValue for vendor
13:23:05.766 [Test worker] DEBUG o.h.c.annotations.SimpleValueBinder - Starting fillSimpleValue for version
13:23:05.766 [Test worker] DEBUG o.h.c.annotations.SimpleValueBinder - Starting fillSimpleValue for vnfm_id
13:23:05.766 [Test worker] DEBUG o.h.c.annotations.SimpleValueBinder - Starting fillSimpleValue for id
13:23:05.766 [Test worker] DEBUG o.h.c.annotations.SimpleValueBinder - Starting fillSimpleValue for version
13:23:05.766 [Test worker] DEBUG o.h.c.annotations.SimpleValueBinder - Starting fillSimpleValue for id
13:23:05.766 [Test worker] DEBUG o.h.c.annotations.SimpleValueBinder - Starting fillSimpleValue for version
13:23:05.766 [Test worker] DEBUG o.h.c.annotations.SimpleValueBinder - Starting fillSimpleValue for id
13:23:05.767 [Test worker] DEBUG o.h.c.annotations.SimpleValueBinder - Starting fillSimpleValue for version
13:23:05.767 [Test worker] DEBUG o.h.c.annotations.SimpleValueBinder - Starting fillSimpleValue for id
13:23:05.767 [Test worker] DEBUG o.h.c.annotations.SimpleValueBinder - Starting fillSimpleValue for computation_requirement
13:23:05.767 [Test worker] DEBUG o.h.c.annotations.SimpleValueBinder - Starting fillSimpleValue for high_availability
13:23:05.767 [Test worker] DEBUG o.h.c.annotations.SimpleValueBinder - Starting fillSimpleValue for scale_in_out
13:23:05.767 [Test worker] DEBUG o.h.c.annotations.SimpleValueBinder - Starting fillSimpleValue for vdu_constraint
13:23:05.767 [Test worker] DEBUG o.h.c.annotations.SimpleValueBinder - Starting fillSimpleValue for version
13:23:05.767 [Test worker] DEBUG o.h.c.annotations.SimpleValueBinder - Starting fillSimpleValue for virtual_memory_resource_element
13:23:05.767 [Test worker] DEBUG o.h.c.annotations.SimpleValueBinder - Starting fillSimpleValue for virtual_network_bandwidth_resource
13:23:05.767 [Test worker] DEBUG o.h.c.annotations.SimpleValueBinder - Starting fillSimpleValue for id
13:23:05.767 [Test worker] DEBUG o.h.c.annotations.SimpleValueBinder - Starting fillSimpleValue for affinity
13:23:05.767 [Test worker] DEBUG o.h.c.annotations.SimpleValueBinder - Starting fillSimpleValue for capability
13:23:05.768 [Test worker] DEBUG o.h.c.annotations.SimpleValueBinder - Starting fillSimpleValue for number_of_instances
13:23:05.768 [Test worker] DEBUG o.h.c.annotations.SimpleValueBinder - Starting fillSimpleValue for redundancy_model
13:23:05.768 [Test worker] DEBUG o.h.c.annotations.SimpleValueBinder - Starting fillSimpleValue for version
13:23:05.768 [Test worker] DEBUG o.h.c.annotations.SimpleValueBinder - Starting fillSimpleValue for vnf_flavour_id_reference
13:23:05.768 [Test worker] DEBUG o.h.c.annotations.SimpleValueBinder - Starting fillSimpleValue for vnf_reference
13:23:05.768 [Test worker] DEBUG o.h.c.annotations.SimpleValueBinder - Starting fillSimpleValue for id
13:23:05.768 [Test worker] DEBUG o.h.c.annotations.SimpleValueBinder - Starting fillSimpleValue for constituent_vnfc
13:23:05.768 [Test worker] DEBUG o.h.c.annotations.SimpleValueBinder - Starting fillSimpleValue for number_of_instances
13:23:05.768 [Test worker] DEBUG o.h.c.annotations.SimpleValueBinder - Starting fillSimpleValue for vdu_reference
13:23:05.768 [Test worker] DEBUG o.h.c.annotations.SimpleValueBinder - Starting fillSimpleValue for version
13:23:05.768 [Test worker] DEBUG o.h.c.annotations.SimpleValueBinder - Starting fillSimpleValue for id
13:23:05.769 [Test worker] DEBUG o.h.c.annotations.SimpleValueBinder - Starting fillSimpleValue for connectivity_type
13:23:05.769 [Test worker] DEBUG o.h.c.annotations.SimpleValueBinder - Starting fillSimpleValue for descriptor_reference
13:23:05.769 [Test worker] DEBUG o.h.c.annotations.SimpleValueBinder - Starting fillSimpleValue for leaf_requirement
13:23:05.769 [Test worker] DEBUG o.h.c.annotations.SimpleValueBinder - Starting fillSimpleValue for number_of_enpoints
13:23:05.769 [Test worker] DEBUG o.h.c.annotations.SimpleValueBinder - Starting fillSimpleValue for parent_ns
13:23:05.769 [Test worker] DEBUG o.h.c.annotations.SimpleValueBinder - Starting fillSimpleValue for root_requirement
13:23:05.769 [Test worker] DEBUG o.h.c.annotations.SimpleValueBinder - Starting fillSimpleValue for status
13:23:05.769 [Test worker] DEBUG o.h.c.annotations.SimpleValueBinder - Starting fillSimpleValue for test_access
13:23:05.769 [Test worker] DEBUG o.h.c.annotations.SimpleValueBinder - Starting fillSimpleValue for vendor
13:23:05.769 [Test worker] DEBUG o.h.c.annotations.SimpleValueBinder - Starting fillSimpleValue for version
13:23:05.770 [Test worker] DEBUG o.h.c.annotations.SimpleValueBinder - Starting fillSimpleValue for vim_id
13:23:05.770 [Test worker] DEBUG o.h.c.annotations.SimpleValueBinder - Starting fillSimpleValue for id
13:23:05.770 [Test worker] DEBUG o.h.c.annotations.SimpleValueBinder - Starting fillSimpleValue for audit_log
13:23:05.770 [Test worker] DEBUG o.h.c.annotations.SimpleValueBinder - Starting fillSimpleValue for number_of_endpoints
13:23:05.770 [Test worker] DEBUG o.h.c.annotations.SimpleValueBinder - Starting fillSimpleValue for number_of_pnfs
13:23:05.770 [Test worker] DEBUG o.h.c.annotations.SimpleValueBinder - Starting fillSimpleValue for number_of_virtual_links
13:23:05.770 [Test worker] DEBUG o.h.c.annotations.SimpleValueBinder - Starting fillSimpleValue for number_of_vnfs
13:23:05.770 [Test worker] DEBUG o.h.c.annotations.SimpleValueBinder - Starting fillSimpleValue for status
13:23:05.770 [Test worker] DEBUG o.h.c.annotations.SimpleValueBinder - Starting fillSimpleValue for vendor
13:23:05.770 [Test worker] DEBUG o.h.c.annotations.SimpleValueBinder - Starting fillSimpleValue for version
13:23:05.770 [Test worker] DEBUG o.h.c.annotations.SimpleValueBinder - Starting fillSimpleValue for id
13:23:05.770 [Test worker] DEBUG o.h.c.annotations.SimpleValueBinder - Starting fillSimpleValue for version
13:23:05.770 [Test worker] DEBUG o.h.c.annotations.SimpleValueBinder - Starting fillSimpleValue for id
13:23:05.770 [Test worker] DEBUG o.h.c.annotations.SimpleValueBinder - Starting fillSimpleValue for description
13:23:05.770 [Test worker] DEBUG o.h.c.annotations.SimpleValueBinder - Starting fillSimpleValue for oam_reference
13:23:05.771 [Test worker] DEBUG o.h.c.annotations.SimpleValueBinder - Starting fillSimpleValue for vendor
13:23:05.771 [Test worker] DEBUG o.h.c.annotations.SimpleValueBinder - Starting fillSimpleValue for version
13:23:05.772 [Test worker] DEBUG org.hibernate.cfg.Configuration - Processing fk mappings (*ToOne and JoinedSubclass)
13:23:05.782 [Test worker] DEBUG org.hibernate.cfg.Configuration - Processing extends queue
13:23:05.782 [Test worker] DEBUG org.hibernate.cfg.Configuration - Processing extends queue
13:23:05.782 [Test worker] DEBUG org.hibernate.cfg.Configuration - Processing collection mappings
13:23:05.782 [Test worker] DEBUG o.hibernate.cfg.CollectionSecondPass - Second pass for collection: org.project.neutrino.nfvo.catalogue.mano.record.PhysicalNetworkFunctionRecord.vnffgr
13:23:05.782 [Test worker] DEBUG o.h.cfg.annotations.CollectionBinder - Binding a OneToMany: org.project.neutrino.nfvo.catalogue.mano.record.PhysicalNetworkFunctionRecord.vnffgr through an association table
13:23:05.786 [Test worker] DEBUG o.hibernate.cfg.CollectionSecondPass - Mapped collection key: physical_network_function_record_id, element: vnffgr_id
13:23:05.786 [Test worker] DEBUG o.hibernate.cfg.CollectionSecondPass - Second pass for collection: org.project.neutrino.nfvo.catalogue.mano.record.PhysicalNetworkFunctionRecord.pnf_address
13:23:05.786 [Test worker] DEBUG o.h.cfg.annotations.CollectionBinder - Binding a collection of element: org.project.neutrino.nfvo.catalogue.mano.record.PhysicalNetworkFunctionRecord.pnf_address
13:23:05.788 [Test worker] DEBUG o.h.cfg.CollectionPropertyHolder - Attempting to locate auto-apply AttributeConverter for collection element [org.project.neutrino.nfvo.catalogue.mano.record.PhysicalNetworkFunctionRecord.pnf_address]
13:23:05.788 [Test worker] DEBUG o.h.c.annotations.SimpleValueBinder - building SimpleValue for null
13:23:05.789 [Test worker] DEBUG o.h.c.annotations.SimpleValueBinder - Starting fillSimpleValue for null
13:23:05.789 [Test worker] DEBUG o.hibernate.cfg.CollectionSecondPass - Mapped collection key: physical_network_function_record_id, element: pnf_address
13:23:05.789 [Test worker] DEBUG o.hibernate.cfg.CollectionSecondPass - Second pass for collection: org.project.neutrino.nfvo.catalogue.mano.record.PhysicalNetworkFunctionRecord.connection_point
13:23:05.789 [Test worker] DEBUG o.h.cfg.annotations.CollectionBinder - Binding a OneToMany: org.project.neutrino.nfvo.catalogue.mano.record.PhysicalNetworkFunctionRecord.connection_point through an association table
13:23:05.789 [Test worker] DEBUG o.hibernate.cfg.CollectionSecondPass - Mapped collection key: physical_network_function_record_id, element: connection_point_id
13:23:05.789 [Test worker] DEBUG o.hibernate.cfg.CollectionSecondPass - Second pass for collection: org.project.neutrino.nfvo.catalogue.mano.record.PhysicalNetworkFunctionRecord.connected_virtual_link
13:23:05.789 [Test worker] DEBUG o.h.cfg.annotations.CollectionBinder - Binding a OneToMany: org.project.neutrino.nfvo.catalogue.mano.record.PhysicalNetworkFunctionRecord.connected_virtual_link through an association table
13:23:05.790 [Test worker] DEBUG o.hibernate.cfg.CollectionSecondPass - Mapped collection key: physical_network_function_record_id, element: connected_virtual_link_id
13:23:05.790 [Test worker] DEBUG o.hibernate.cfg.CollectionSecondPass - Second pass for collection: org.project.neutrino.nfvo.catalogue.mano.record.VNFForwardingGraphRecord.notification
13:23:05.790 [Test worker] DEBUG o.h.cfg.annotations.CollectionBinder - Binding a collection of element: org.project.neutrino.nfvo.catalogue.mano.record.VNFForwardingGraphRecord.notification
13:23:05.791 [Test worker] DEBUG o.h.cfg.CollectionPropertyHolder - Attempting to locate auto-apply AttributeConverter for collection element [org.project.neutrino.nfvo.catalogue.mano.record.VNFForwardingGraphRecord.notification]
13:23:05.791 [Test worker] DEBUG o.h.c.annotations.SimpleValueBinder - building SimpleValue for null
13:23:05.791 [Test worker] DEBUG o.h.c.annotations.SimpleValueBinder - Starting fillSimpleValue for null
13:23:05.791 [Test worker] DEBUG o.hibernate.cfg.CollectionSecondPass - Mapped collection key: vnfforwarding_graph_record_id, element: notification
13:23:05.791 [Test worker] DEBUG o.hibernate.cfg.CollectionSecondPass - Second pass for collection: org.project.neutrino.nfvo.catalogue.mano.record.VNFForwardingGraphRecord.member_vnfs
13:23:05.791 [Test worker] DEBUG o.h.cfg.annotations.CollectionBinder - Binding a OneToMany: org.project.neutrino.nfvo.catalogue.mano.record.VNFForwardingGraphRecord.member_vnfs through an association table
13:23:05.792 [Test worker] DEBUG o.hibernate.cfg.CollectionSecondPass - Mapped collection key: vnfforwarding_graph_record_id, element: member_vnfs_id
13:23:05.792 [Test worker] DEBUG o.hibernate.cfg.CollectionSecondPass - Second pass for collection: org.project.neutrino.nfvo.catalogue.mano.record.VNFForwardingGraphRecord.lifecycle_event_history
13:23:05.792 [Test worker] DEBUG o.h.cfg.annotations.CollectionBinder - Binding a OneToMany: org.project.neutrino.nfvo.catalogue.mano.record.VNFForwardingGraphRecord.lifecycle_event_history through an association table
13:23:05.792 [Test worker] DEBUG o.hibernate.cfg.CollectionSecondPass - Mapped collection key: vnfforwarding_graph_record_id, element: lifecycle_event_history_id
13:23:05.793 [Test worker] DEBUG o.hibernate.cfg.CollectionSecondPass - Second pass for collection: org.project.neutrino.nfvo.catalogue.mano.record.VNFForwardingGraphRecord.dependent_virtual_link
13:23:05.793 [Test worker] DEBUG o.h.cfg.annotations.CollectionBinder - Binding a OneToMany: org.project.neutrino.nfvo.catalogue.mano.record.VNFForwardingGraphRecord.dependent_virtual_link through an association table
13:23:05.793 [Test worker] DEBUG o.hibernate.cfg.CollectionSecondPass - Mapped collection key: vnfforwarding_graph_record_id, element: dependent_virtual_link_id
13:23:05.793 [Test worker] DEBUG o.hibernate.cfg.CollectionSecondPass - Second pass for collection: org.project.neutrino.nfvo.catalogue.mano.record.VNFForwardingGraphRecord.connection_point
13:23:05.793 [Test worker] DEBUG o.h.cfg.annotations.CollectionBinder - Binding a OneToMany: org.project.neutrino.nfvo.catalogue.mano.record.VNFForwardingGraphRecord.connection_point through an association table
13:23:05.794 [Test worker] DEBUG o.hibernate.cfg.CollectionSecondPass - Mapped collection key: vnfforwarding_graph_record_id, element: connection_point_id
13:23:05.794 [Test worker] DEBUG o.hibernate.cfg.CollectionSecondPass - Second pass for collection: org.project.neutrino.nfvo.catalogue.mano.record.VirtualLinkRecord.vnffgr_reference
13:23:05.795 [Test worker] DEBUG o.h.cfg.annotations.CollectionBinder - Binding a OneToMany: org.project.neutrino.nfvo.catalogue.mano.record.VirtualLinkRecord.vnffgr_reference through an association table
13:23:05.795 [Test worker] DEBUG o.hibernate.cfg.CollectionSecondPass - Mapped collection key: virtual_link_record_id, element: vnffgr_reference_id
13:23:05.795 [Test worker] DEBUG o.hibernate.cfg.CollectionSecondPass - Second pass for collection: org.project.neutrino.nfvo.catalogue.mano.record.VirtualLinkRecord.qos
13:23:05.795 [Test worker] DEBUG o.h.cfg.annotations.CollectionBinder - Binding a collection of element: org.project.neutrino.nfvo.catalogue.mano.record.VirtualLinkRecord.qos
13:23:05.796 [Test worker] DEBUG o.h.cfg.CollectionPropertyHolder - Attempting to locate auto-apply AttributeConverter for collection element [org.project.neutrino.nfvo.catalogue.mano.record.VirtualLinkRecord.qos]
13:23:05.796 [Test worker] DEBUG o.h.c.annotations.SimpleValueBinder - building SimpleValue for null
13:23:05.796 [Test worker] DEBUG o.h.c.annotations.SimpleValueBinder - Starting fillSimpleValue for null
13:23:05.796 [Test worker] DEBUG o.hibernate.cfg.CollectionSecondPass - Mapped collection key: virtual_link_record_id, element: qos
13:23:05.796 [Test worker] DEBUG o.hibernate.cfg.CollectionSecondPass - Second pass for collection: org.project.neutrino.nfvo.catalogue.mano.record.VirtualLinkRecord.notification
13:23:05.796 [Test worker] DEBUG o.h.cfg.annotations.CollectionBinder - Binding a collection of element: org.project.neutrino.nfvo.catalogue.mano.record.VirtualLinkRecord.notification
13:23:05.796 [Test worker] DEBUG o.h.cfg.CollectionPropertyHolder - Attempting to locate auto-apply AttributeConverter for collection element [org.project.neutrino.nfvo.catalogue.mano.record.VirtualLinkRecord.notification]
13:23:05.797 [Test worker] DEBUG o.h.c.annotations.SimpleValueBinder - building SimpleValue for null
13:23:05.797 [Test worker] DEBUG o.h.c.annotations.SimpleValueBinder - Starting fillSimpleValue for null
13:23:05.797 [Test worker] DEBUG o.hibernate.cfg.CollectionSecondPass - Mapped collection key: virtual_link_record_id, element: notification
13:23:05.797 [Test worker] DEBUG o.hibernate.cfg.CollectionSecondPass - Second pass for collection: org.project.neutrino.nfvo.catalogue.mano.record.VirtualLinkRecord.lifecycle_event_history
13:23:05.797 [Test worker] DEBUG o.h.cfg.annotations.CollectionBinder - Binding a OneToMany: org.project.neutrino.nfvo.catalogue.mano.record.VirtualLinkRecord.lifecycle_event_history through an association table
13:23:05.798 [Test worker] DEBUG o.hibernate.cfg.CollectionSecondPass - Mapped collection key: virtual_link_record_id, element: lifecycle_event_history_id
13:23:05.798 [Test worker] DEBUG o.hibernate.cfg.CollectionSecondPass - Second pass for collection: org.project.neutrino.nfvo.catalogue.mano.record.VirtualLinkRecord.connection
13:23:05.798 [Test worker] DEBUG o.h.cfg.annotations.CollectionBinder - Binding a collection of element: org.project.neutrino.nfvo.catalogue.mano.record.VirtualLinkRecord.connection
13:23:05.798 [Test worker] DEBUG o.h.cfg.CollectionPropertyHolder - Attempting to locate auto-apply AttributeConverter for collection element [org.project.neutrino.nfvo.catalogue.mano.record.VirtualLinkRecord.connection]
13:23:05.798 [Test worker] DEBUG o.h.c.annotations.SimpleValueBinder - building SimpleValue for null
13:23:05.798 [Test worker] DEBUG o.h.c.annotations.SimpleValueBinder - Starting fillSimpleValue for null
13:23:05.799 [Test worker] DEBUG o.hibernate.cfg.CollectionSecondPass - Mapped collection key: virtual_link_record_id, element: connection
13:23:05.799 [Test worker] DEBUG o.hibernate.cfg.CollectionSecondPass - Second pass for collection: org.project.neutrino.nfvo.catalogue.mano.record.VirtualLinkRecord.audit_log
13:23:05.799 [Test worker] DEBUG o.h.cfg.annotations.CollectionBinder - Binding a collection of element: org.project.neutrino.nfvo.catalogue.mano.record.VirtualLinkRecord.audit_log
13:23:05.799 [Test worker] DEBUG o.h.cfg.CollectionPropertyHolder - Attempting to locate auto-apply AttributeConverter for collection element [org.project.neutrino.nfvo.catalogue.mano.record.VirtualLinkRecord.audit_log]
13:23:05.799 [Test worker] DEBUG o.h.c.annotations.SimpleValueBinder - building SimpleValue for null
13:23:05.799 [Test worker] DEBUG o.h.c.annotations.SimpleValueBinder - Starting fillSimpleValue for null
13:23:05.799 [Test worker] DEBUG o.hibernate.cfg.CollectionSecondPass - Mapped collection key: virtual_link_record_id, element: audit_log
13:23:05.799 [Test worker] DEBUG o.hibernate.cfg.CollectionSecondPass - Second pass for collection: org.project.neutrino.nfvo.catalogue.mano.record.VirtualLinkRecord.allocated_capacity
13:23:05.800 [Test worker] DEBUG o.h.cfg.annotations.CollectionBinder - Binding a collection of element: org.project.neutrino.nfvo.catalogue.mano.record.VirtualLinkRecord.allocated_capacity
13:23:05.800 [Test worker] DEBUG o.h.cfg.CollectionPropertyHolder - Attempting to locate auto-apply AttributeConverter for collection element [org.project.neutrino.nfvo.catalogue.mano.record.VirtualLinkRecord.allocated_capacity]
13:23:05.800 [Test worker] DEBUG o.h.c.annotations.SimpleValueBinder - building SimpleValue for null
13:23:05.800 [Test worker] DEBUG o.h.c.annotations.SimpleValueBinder - Starting fillSimpleValue for null
13:23:05.800 [Test worker] DEBUG o.hibernate.cfg.CollectionSecondPass - Mapped collection key: virtual_link_record_id, element: allocated_capacity
13:23:05.800 [Test worker] DEBUG o.hibernate.cfg.CollectionSecondPass - Second pass for collection: org.project.neutrino.nfvo.catalogue.mano.descriptor.VirtualDeploymentUnit.vnfc
13:23:05.800 [Test worker] DEBUG o.h.cfg.annotations.CollectionBinder - Binding a OneToMany: org.project.neutrino.nfvo.catalogue.mano.descriptor.VirtualDeploymentUnit.vnfc through an association table
13:23:05.801 [Test worker] DEBUG o.hibernate.cfg.CollectionSecondPass - Mapped collection key: virtual_deployment_unit_id, element: vnfc_id
13:23:05.801 [Test worker] DEBUG o.hibernate.cfg.CollectionSecondPass - Second pass for collection: org.project.neutrino.nfvo.catalogue.mano.descriptor.VirtualDeploymentUnit.vm_image
13:23:05.801 [Test worker] DEBUG o.h.cfg.annotations.CollectionBinder - Binding a collection of element: org.project.neutrino.nfvo.catalogue.mano.descriptor.VirtualDeploymentUnit.vm_image
13:23:05.801 [Test worker] DEBUG o.h.cfg.CollectionPropertyHolder - Attempting to locate auto-apply AttributeConverter for collection element [org.project.neutrino.nfvo.catalogue.mano.descriptor.VirtualDeploymentUnit.vm_image]
13:23:05.802 [Test worker] DEBUG o.h.c.annotations.SimpleValueBinder - building SimpleValue for null
13:23:05.802 [Test worker] DEBUG o.h.c.annotations.SimpleValueBinder - Starting fillSimpleValue for null
13:23:05.802 [Test worker] DEBUG o.hibernate.cfg.CollectionSecondPass - Mapped collection key: virtual_deployment_unit_id, element: vm_image
13:23:05.802 [Test worker] DEBUG o.hibernate.cfg.CollectionSecondPass - Second pass for collection: org.project.neutrino.nfvo.catalogue.mano.descriptor.VirtualDeploymentUnit.monitoring_parameter
13:23:05.802 [Test worker] DEBUG o.h.cfg.annotations.CollectionBinder - Binding a collection of element: org.project.neutrino.nfvo.catalogue.mano.descriptor.VirtualDeploymentUnit.monitoring_parameter
13:23:05.803 [Test worker] DEBUG o.h.cfg.CollectionPropertyHolder - Attempting to locate auto-apply AttributeConverter for collection element [org.project.neutrino.nfvo.catalogue.mano.descriptor.VirtualDeploymentUnit.monitoring_parameter]
13:23:05.804 [Test worker] DEBUG o.h.c.annotations.SimpleValueBinder - building SimpleValue for null
13:23:05.804 [Test worker] DEBUG o.h.c.annotations.SimpleValueBinder - Starting fillSimpleValue for null
13:23:05.804 [Test worker] DEBUG o.hibernate.cfg.CollectionSecondPass - Mapped collection key: virtual_deployment_unit_id, element: monitoring_parameter
13:23:05.804 [Test worker] DEBUG o.hibernate.cfg.CollectionSecondPass - Second pass for collection: org.project.neutrino.nfvo.catalogue.mano.descriptor.VirtualDeploymentUnit.lifecycle_event
13:23:05.804 [Test worker] DEBUG o.h.cfg.annotations.CollectionBinder - Binding a OneToMany: org.project.neutrino.nfvo.catalogue.mano.descriptor.VirtualDeploymentUnit.lifecycle_event through an association table
13:23:05.805 [Test worker] DEBUG o.hibernate.cfg.CollectionSecondPass - Mapped collection key: virtual_deployment_unit_id, element: lifecycle_event_id
13:23:05.805 [Test worker] DEBUG o.hibernate.cfg.CollectionSecondPass - Second pass for collection: org.project.neutrino.nfvo.catalogue.mano.common.LifecycleEvent.lifecycle_events
13:23:05.805 [Test worker] DEBUG o.h.cfg.annotations.CollectionBinder - Binding a collection of element: org.project.neutrino.nfvo.catalogue.mano.common.LifecycleEvent.lifecycle_events
13:23:05.805 [Test worker] DEBUG o.h.cfg.CollectionPropertyHolder - Attempting to locate auto-apply AttributeConverter for collection element [org.project.neutrino.nfvo.catalogue.mano.common.LifecycleEvent.lifecycle_events]
13:23:05.805 [Test worker] DEBUG o.h.c.annotations.SimpleValueBinder - building SimpleValue for null
13:23:05.805 [Test worker] DEBUG o.h.c.annotations.SimpleValueBinder - Starting fillSimpleValue for null
13:23:05.806 [Test worker] DEBUG o.h.cfg.CollectionPropertyHolder - Attempting to locate auto-apply AttributeConverter for collection key [org.project.neutrino.nfvo.catalogue.mano.common.LifecycleEvent.lifecycle_events]
13:23:05.806 [Test worker] DEBUG o.h.c.annotations.SimpleValueBinder - building SimpleValue for null
13:23:05.806 [Test worker] DEBUG o.h.c.annotations.SimpleValueBinder - Starting fillSimpleValue for null
13:23:05.807 [Test worker] DEBUG o.hibernate.cfg.CollectionSecondPass - Mapped collection key: lifecycle_event_id, index: lifecycle_events_key, element: lifecycle_events
13:23:05.807 [Test worker] DEBUG o.hibernate.cfg.CollectionSecondPass - Second pass for collection: org.project.neutrino.nfvo.catalogue.mano.record.VirtualNetworkFunctionRecord.vnf_address
13:23:05.807 [Test worker] DEBUG o.h.cfg.annotations.CollectionBinder - Binding a collection of element: org.project.neutrino.nfvo.catalogue.mano.record.VirtualNetworkFunctionRecord.vnf_address
13:23:05.808 [Test worker] DEBUG o.h.cfg.CollectionPropertyHolder - Attempting to locate auto-apply AttributeConverter for collection element [org.project.neutrino.nfvo.catalogue.mano.record.VirtualNetworkFunctionRecord.vnf_address]
13:23:05.808 [Test worker] DEBUG o.h.c.annotations.SimpleValueBinder - building SimpleValue for null
13:23:05.808 [Test worker] DEBUG o.h.c.annotations.SimpleValueBinder - Starting fillSimpleValue for null
13:23:05.808 [Test worker] DEBUG o.hibernate.cfg.CollectionSecondPass - Mapped collection key: virtual_network_function_record_id, element: vnf_address
13:23:05.808 [Test worker] DEBUG o.hibernate.cfg.CollectionSecondPass - Second pass for collection: org.project.neutrino.nfvo.catalogue.mano.record.VirtualNetworkFunctionRecord.virtual_link
13:23:05.808 [Test worker] DEBUG o.h.cfg.annotations.CollectionBinder - Binding a OneToMany: org.project.neutrino.nfvo.catalogue.mano.record.VirtualNetworkFunctionRecord.virtual_link through an association table
13:23:05.810 [Test worker] DEBUG o.hibernate.cfg.CollectionSecondPass - Mapped collection key: virtual_network_function_record_id, element: virtual_link_id
13:23:05.810 [Test worker] DEBUG o.hibernate.cfg.CollectionSecondPass - Second pass for collection: org.project.neutrino.nfvo.catalogue.mano.record.VirtualNetworkFunctionRecord.vdu
13:23:05.810 [Test worker] DEBUG o.h.cfg.annotations.CollectionBinder - Binding a OneToMany: org.project.neutrino.nfvo.catalogue.mano.record.VirtualNetworkFunctionRecord.vdu through an association table
13:23:05.812 [Test worker] DEBUG o.hibernate.cfg.CollectionSecondPass - Mapped collection key: virtual_network_function_record_id, element: vdu_id
13:23:05.812 [Test worker] DEBUG o.hibernate.cfg.CollectionSecondPass - Second pass for collection: org.project.neutrino.nfvo.catalogue.mano.record.VirtualNetworkFunctionRecord.runtime_policy_info
13:23:05.812 [Test worker] DEBUG o.h.cfg.annotations.CollectionBinder - Binding a collection of element: org.project.neutrino.nfvo.catalogue.mano.record.VirtualNetworkFunctionRecord.runtime_policy_info
13:23:05.813 [Test worker] DEBUG o.h.cfg.CollectionPropertyHolder - Attempting to locate auto-apply AttributeConverter for collection element [org.project.neutrino.nfvo.catalogue.mano.record.VirtualNetworkFunctionRecord.runtime_policy_info]
13:23:05.813 [Test worker] DEBUG o.h.c.annotations.SimpleValueBinder - building SimpleValue for null
13:23:05.813 [Test worker] DEBUG o.h.c.annotations.SimpleValueBinder - Starting fillSimpleValue for null
13:23:05.814 [Test worker] DEBUG o.hibernate.cfg.CollectionSecondPass - Mapped collection key: virtual_network_function_record_id, element: runtime_policy_info
13:23:05.814 [Test worker] DEBUG o.hibernate.cfg.CollectionSecondPass - Second pass for collection: org.project.neutrino.nfvo.catalogue.mano.record.VirtualNetworkFunctionRecord.notification
13:23:05.814 [Test worker] DEBUG o.h.cfg.annotations.CollectionBinder - Binding a collection of element: org.project.neutrino.nfvo.catalogue.mano.record.VirtualNetworkFunctionRecord.notification
13:23:05.814 [Test worker] DEBUG o.h.cfg.CollectionPropertyHolder - Attempting to locate auto-apply AttributeConverter for collection element [org.project.neutrino.nfvo.catalogue.mano.record.VirtualNetworkFunctionRecord.notification]
13:23:05.814 [Test worker] DEBUG o.h.c.annotations.SimpleValueBinder - building SimpleValue for null
13:23:05.814 [Test worker] DEBUG o.h.c.annotations.SimpleValueBinder - Starting fillSimpleValue for null
13:23:05.815 [Test worker] DEBUG o.hibernate.cfg.CollectionSecondPass - Mapped collection key: virtual_network_function_record_id, element: notification
13:23:05.815 [Test worker] DEBUG o.hibernate.cfg.CollectionSecondPass - Second pass for collection: org.project.neutrino.nfvo.catalogue.mano.record.VirtualNetworkFunctionRecord.monitoring_parameter
13:23:05.815 [Test worker] DEBUG o.h.cfg.annotations.CollectionBinder - Binding a collection of element: org.project.neutrino.nfvo.catalogue.mano.record.VirtualNetworkFunctionRecord.monitoring_parameter
13:23:05.815 [Test worker] DEBUG o.h.cfg.CollectionPropertyHolder - Attempting to locate auto-apply AttributeConverter for collection element [org.project.neutrino.nfvo.catalogue.mano.record.VirtualNetworkFunctionRecord.monitoring_parameter]
13:23:05.815 [Test worker] DEBUG o.h.c.annotations.SimpleValueBinder - building SimpleValue for null
13:23:05.815 [Test worker] DEBUG o.h.c.annotations.SimpleValueBinder - Starting fillSimpleValue for null
13:23:05.815 [Test worker] DEBUG o.hibernate.cfg.CollectionSecondPass - Mapped collection key: virtual_network_function_record_id, element: monitoring_parameter
13:23:05.815 [Test worker] DEBUG o.hibernate.cfg.CollectionSecondPass - Second pass for collection: org.project.neutrino.nfvo.catalogue.mano.record.VirtualNetworkFunctionRecord.lifecycle_event_history
13:23:05.815 [Test worker] DEBUG o.h.cfg.annotations.CollectionBinder - Binding a OneToMany: org.project.neutrino.nfvo.catalogue.mano.record.VirtualNetworkFunctionRecord.lifecycle_event_history through an association table
13:23:05.816 [Test worker] DEBUG o.hibernate.cfg.CollectionSecondPass - Mapped collection key: virtual_network_function_record_id, element: lifecycle_event_history_id
13:23:05.816 [Test worker] DEBUG o.hibernate.cfg.CollectionSecondPass - Second pass for collection: org.project.neutrino.nfvo.catalogue.mano.record.VirtualNetworkFunctionRecord.dependency
13:23:05.816 [Test worker] DEBUG o.h.cfg.annotations.CollectionBinder - Binding a OneToMany: org.project.neutrino.nfvo.catalogue.mano.record.VirtualNetworkFunctionRecord.dependency through an association table
13:23:05.816 [Test worker] DEBUG o.hibernate.cfg.CollectionSecondPass - Mapped collection key: virtual_network_function_record_id, element: dependency_id
13:23:05.816 [Test worker] DEBUG o.hibernate.cfg.CollectionSecondPass - Second pass for collection: org.project.neutrino.nfvo.catalogue.mano.record.VirtualNetworkFunctionRecord.connection_point
13:23:05.816 [Test worker] DEBUG o.h.cfg.annotations.CollectionBinder - Binding a OneToMany: org.project.neutrino.nfvo.catalogue.mano.record.VirtualNetworkFunctionRecord.connection_point through an association table
13:23:05.818 [Test worker] DEBUG o.hibernate.cfg.CollectionSecondPass - Mapped collection key: virtual_network_function_record_id, element: connection_point_id
13:23:05.818 [Test worker] DEBUG o.hibernate.cfg.CollectionSecondPass - Second pass for collection: org.project.neutrino.nfvo.catalogue.mano.record.VirtualNetworkFunctionRecord.connected_external_virtual_link
13:23:05.818 [Test worker] DEBUG o.h.cfg.annotations.CollectionBinder - Binding a OneToMany: org.project.neutrino.nfvo.catalogue.mano.record.VirtualNetworkFunctionRecord.connected_external_virtual_link through an association table
13:23:05.826 [Test worker] DEBUG o.hibernate.cfg.CollectionSecondPass - Mapped collection key: virtual_network_function_record_id, element: connected_external_virtual_link_id
13:23:05.826 [Test worker] DEBUG o.hibernate.cfg.CollectionSecondPass - Second pass for collection: org.project.neutrino.nfvo.catalogue.mano.record.VirtualNetworkFunctionRecord.auto_scale_policy
13:23:05.826 [Test worker] DEBUG o.h.cfg.annotations.CollectionBinder - Binding a OneToMany: org.project.neutrino.nfvo.catalogue.mano.record.VirtualNetworkFunctionRecord.auto_scale_policy through an association table
13:23:05.827 [Test worker] DEBUG o.hibernate.cfg.CollectionSecondPass - Mapped collection key: virtual_network_function_record_id, element: auto_scale_policy_id
13:23:05.828 [Test worker] DEBUG o.hibernate.cfg.CollectionSecondPass - Second pass for collection: org.project.neutrino.nfvo.catalogue.mano.descriptor.VNFDDeploymentFlavour.df_constraint
13:23:05.829 [Test worker] DEBUG o.h.cfg.annotations.CollectionBinder - Binding a collection of element: org.project.neutrino.nfvo.catalogue.mano.descriptor.VNFDDeploymentFlavour.df_constraint
13:23:05.830 [Test worker] DEBUG o.h.cfg.CollectionPropertyHolder - Attempting to locate auto-apply AttributeConverter for collection element [org.project.neutrino.nfvo.catalogue.mano.descriptor.VNFDDeploymentFlavour.df_constraint]
13:23:05.830 [Test worker] DEBUG o.h.c.annotations.SimpleValueBinder - building SimpleValue for null
13:23:05.830 [Test worker] DEBUG o.h.c.annotations.SimpleValueBinder - Starting fillSimpleValue for null
13:23:05.830 [Test worker] DEBUG o.hibernate.cfg.CollectionSecondPass - Mapped collection key: vnfddeployment_flavour_id, element: df_constraint
13:23:05.830 [Test worker] DEBUG o.hibernate.cfg.CollectionSecondPass - Second pass for collection: org.project.neutrino.nfvo.catalogue.mano.descriptor.VNFDDeploymentFlavour.costituent_vdu
13:23:05.830 [Test worker] DEBUG o.h.cfg.annotations.CollectionBinder - Binding a OneToMany: org.project.neutrino.nfvo.catalogue.mano.descriptor.VNFDDeploymentFlavour.costituent_vdu through an association table
13:23:05.831 [Test worker] DEBUG o.hibernate.cfg.CollectionSecondPass - Mapped collection key: vnfddeployment_flavour_id, element: costituent_vdu_id
13:23:05.831 [Test worker] DEBUG o.hibernate.cfg.CollectionSecondPass - Second pass for collection: org.project.neutrino.nfvo.catalogue.mano.descriptor.NetworkForwardingPath.connection
13:23:05.831 [Test worker] DEBUG o.h.cfg.annotations.CollectionBinder - Binding a collection of element: org.project.neutrino.nfvo.catalogue.mano.descriptor.NetworkForwardingPath.connection
13:23:05.831 [Test worker] DEBUG o.h.cfg.CollectionPropertyHolder - Attempting to locate auto-apply AttributeConverter for collection element [org.project.neutrino.nfvo.catalogue.mano.descriptor.NetworkForwardingPath.connection]
13:23:05.832 [Test worker] DEBUG o.h.c.annotations.SimpleValueBinder - building SimpleValue for null
13:23:05.832 [Test worker] DEBUG o.h.c.annotations.SimpleValueBinder - Starting fillSimpleValue for null
13:23:05.832 [Test worker] DEBUG o.h.cfg.CollectionPropertyHolder - Attempting to locate auto-apply AttributeConverter for collection key [org.project.neutrino.nfvo.catalogue.mano.descriptor.NetworkForwardingPath.connection]
13:23:05.832 [Test worker] DEBUG o.h.c.annotations.SimpleValueBinder - building SimpleValue for null
13:23:05.832 [Test worker] DEBUG o.h.c.annotations.SimpleValueBinder - Starting fillSimpleValue for null
13:23:05.832 [Test worker] DEBUG o.hibernate.cfg.CollectionSecondPass - Mapped collection key: network_forwarding_path_id, index: connection_key, element: connection
13:23:05.832 [Test worker] DEBUG o.hibernate.cfg.CollectionSecondPass - Second pass for collection: org.project.neutrino.nfvo.catalogue.mano.descriptor.PhysicalNetworkFunctionDescriptor.connection_point
13:23:05.832 [Test worker] DEBUG o.h.cfg.annotations.CollectionBinder - Binding a OneToMany: org.project.neutrino.nfvo.catalogue.mano.descriptor.PhysicalNetworkFunctionDescriptor.connection_point through an association table
13:23:05.833 [Test worker] DEBUG o.hibernate.cfg.CollectionSecondPass - Mapped collection key: physical_network_function_descriptor_id, element: connection_point_id
13:23:05.833 [Test worker] DEBUG o.hibernate.cfg.CollectionSecondPass - Second pass for collection: org.project.neutrino.nfvo.catalogue.mano.descriptor.InternalVirtualLink.connection_points_references
13:23:05.833 [Test worker] DEBUG o.h.cfg.annotations.CollectionBinder - Binding a collection of element: org.project.neutrino.nfvo.catalogue.mano.descriptor.InternalVirtualLink.connection_points_references
13:23:05.834 [Test worker] DEBUG o.h.cfg.CollectionPropertyHolder - Attempting to locate auto-apply AttributeConverter for collection element [org.project.neutrino.nfvo.catalogue.mano.descriptor.InternalVirtualLink.connection_points_references]
13:23:05.834 [Test worker] DEBUG o.h.c.annotations.SimpleValueBinder - building SimpleValue for null
13:23:05.834 [Test worker] DEBUG o.h.c.annotations.SimpleValueBinder - Starting fillSimpleValue for null
13:23:05.834 [Test worker] DEBUG o.hibernate.cfg.CollectionSecondPass - Mapped collection key: internal_virtual_link_id, element: connection_points_references
13:23:05.834 [Test worker] DEBUG o.hibernate.cfg.CollectionSecondPass - Second pass for collection: org.project.neutrino.nfvo.catalogue.mano.descriptor.VirtualLinkDescriptor.connection
13:23:05.834 [Test worker] DEBUG o.h.cfg.annotations.CollectionBinder - Binding a collection of element: org.project.neutrino.nfvo.catalogue.mano.descriptor.VirtualLinkDescriptor.connection
13:23:05.835 [Test worker] DEBUG o.h.cfg.CollectionPropertyHolder - Attempting to locate auto-apply AttributeConverter for collection element [org.project.neutrino.nfvo.catalogue.mano.descriptor.VirtualLinkDescriptor.connection]
13:23:05.835 [Test worker] DEBUG o.h.c.annotations.SimpleValueBinder - building SimpleValue for null
13:23:05.835 [Test worker] DEBUG o.h.c.annotations.SimpleValueBinder - Starting fillSimpleValue for null
13:23:05.835 [Test worker] DEBUG o.hibernate.cfg.CollectionSecondPass - Mapped collection key: virtual_link_descriptor_id, element: connection
13:23:05.835 [Test worker] DEBUG o.hibernate.cfg.CollectionSecondPass - Second pass for collection: org.project.neutrino.nfvo.catalogue.mano.common.AbstractVirtualLink.test_access
13:23:05.835 [Test worker] DEBUG o.h.cfg.annotations.CollectionBinder - Binding a collection of element: org.project.neutrino.nfvo.catalogue.mano.common.AbstractVirtualLink.test_access
13:23:05.836 [Test worker] DEBUG o.h.cfg.CollectionPropertyHolder - Attempting to locate auto-apply AttributeConverter for collection element [org.project.neutrino.nfvo.catalogue.mano.common.AbstractVirtualLink.test_access]
13:23:05.836 [Test worker] DEBUG o.h.c.annotations.SimpleValueBinder - building SimpleValue for null
13:23:05.836 [Test worker] DEBUG o.h.c.annotations.SimpleValueBinder - Starting fillSimpleValue for null
13:23:05.836 [Test worker] DEBUG o.hibernate.cfg.CollectionSecondPass - Mapped collection key: abstract_virtual_link_id, element: test_access
13:23:05.836 [Test worker] DEBUG o.hibernate.cfg.CollectionSecondPass - Second pass for collection: org.project.neutrino.nfvo.catalogue.mano.common.AbstractVirtualLink.qos
13:23:05.836 [Test worker] DEBUG o.h.cfg.annotations.CollectionBinder - Binding a collection of element: org.project.neutrino.nfvo.catalogue.mano.common.AbstractVirtualLink.qos
13:23:05.836 [Test worker] DEBUG o.h.cfg.CollectionPropertyHolder - Attempting to locate auto-apply AttributeConverter for collection element [org.project.neutrino.nfvo.catalogue.mano.common.AbstractVirtualLink.qos]
13:23:05.836 [Test worker] DEBUG o.h.c.annotations.SimpleValueBinder - building SimpleValue for null
13:23:05.836 [Test worker] DEBUG o.h.c.annotations.SimpleValueBinder - Starting fillSimpleValue for null
13:23:05.837 [Test worker] DEBUG o.hibernate.cfg.CollectionSecondPass - Mapped collection key: abstract_virtual_link_id, element: qos
13:23:05.837 [Test worker] DEBUG o.hibernate.cfg.CollectionSecondPass - Second pass for collection: org.project.neutrino.nfvo.catalogue.mano.descriptor.VNFForwardingGraph.network_forwarding_path
13:23:05.837 [Test worker] DEBUG o.h.cfg.annotations.CollectionBinder - Binding a OneToMany: org.project.neutrino.nfvo.catalogue.mano.descriptor.VNFForwardingGraph.network_forwarding_path through an association table
13:23:05.837 [Test worker] DEBUG o.hibernate.cfg.CollectionSecondPass - Mapped collection key: vnfforwarding_graph_id, element: network_forwarding_path_id
13:23:05.837 [Test worker] DEBUG o.hibernate.cfg.CollectionSecondPass - Second pass for collection: org.project.neutrino.nfvo.catalogue.mano.descriptor.VNFForwardingGraph.dependent_virtual_link
13:23:05.837 [Test worker] DEBUG o.h.cfg.annotations.CollectionBinder - Binding a OneToMany: org.project.neutrino.nfvo.catalogue.mano.descriptor.VNFForwardingGraph.dependent_virtual_link through an association table
13:23:05.838 [Test worker] DEBUG o.hibernate.cfg.CollectionSecondPass - Mapped collection key: vnfforwarding_graph_id, element: dependent_virtual_link_id
13:23:05.838 [Test worker] DEBUG o.hibernate.cfg.CollectionSecondPass - Second pass for collection: org.project.neutrino.nfvo.catalogue.mano.descriptor.VNFForwardingGraph.constituent_vnfs
13:23:05.838 [Test worker] DEBUG o.h.cfg.annotations.CollectionBinder - Binding a OneToMany: org.project.neutrino.nfvo.catalogue.mano.descriptor.VNFForwardingGraph.constituent_vnfs through an association table
13:23:05.839 [Test worker] DEBUG o.hibernate.cfg.CollectionSecondPass - Mapped collection key: vnfforwarding_graph_id, element: constituent_vnfs_id
13:23:05.839 [Test worker] DEBUG o.hibernate.cfg.CollectionSecondPass - Second pass for collection: org.project.neutrino.nfvo.catalogue.mano.descriptor.VNFForwardingGraph.connection_point
13:23:05.839 [Test worker] DEBUG o.h.cfg.annotations.CollectionBinder - Binding a OneToMany: org.project.neutrino.nfvo.catalogue.mano.descriptor.VNFForwardingGraph.connection_point through an association table
13:23:05.839 [Test worker] DEBUG o.hibernate.cfg.CollectionSecondPass - Mapped collection key: vnfforwarding_graph_id, element: connection_point_id
13:23:05.840 [Test worker] DEBUG o.hibernate.cfg.CollectionSecondPass - Second pass for collection: org.project.neutrino.nfvo.catalogue.mano.descriptor.VNFComponent.connection_point
13:23:05.840 [Test worker] DEBUG o.h.cfg.annotations.CollectionBinder - Binding a OneToMany: org.project.neutrino.nfvo.catalogue.mano.descriptor.VNFComponent.connection_point through an association table
13:23:05.840 [Test worker] DEBUG o.hibernate.cfg.CollectionSecondPass - Mapped collection key: vnfcomponent_id, element: connection_point_id
13:23:05.840 [Test worker] DEBUG o.hibernate.cfg.CollectionSecondPass - Second pass for collection: org.project.neutrino.nfvo.catalogue.mano.record.NetworkServiceRecord.vnffgr
13:23:05.840 [Test worker] DEBUG o.h.cfg.annotations.CollectionBinder - Binding a OneToMany: org.project.neutrino.nfvo.catalogue.mano.record.NetworkServiceRecord.vnffgr through an association table
13:23:05.841 [Test worker] DEBUG o.hibernate.cfg.CollectionSecondPass - Mapped collection key: network_service_record_id, element: vnffgr_id
13:23:05.841 [Test worker] DEBUG o.hibernate.cfg.CollectionSecondPass - Second pass for collection: org.project.neutrino.nfvo.catalogue.mano.record.NetworkServiceRecord.vnf_dependency
13:23:05.841 [Test worker] DEBUG o.h.cfg.annotations.CollectionBinder - Binding a OneToMany: org.project.neutrino.nfvo.catalogue.mano.record.NetworkServiceRecord.vnf_dependency through an association table
13:23:05.841 [Test worker] DEBUG o.hibernate.cfg.CollectionSecondPass - Mapped collection key: network_service_record_id, element: vnf_dependency_id
13:23:05.842 [Test worker] DEBUG o.hibernate.cfg.CollectionSecondPass - Second pass for collection: org.project.neutrino.nfvo.catalogue.mano.record.NetworkServiceRecord.vlr
13:23:05.842 [Test worker] DEBUG o.h.cfg.annotations.CollectionBinder - Binding a OneToMany: org.project.neutrino.nfvo.catalogue.mano.record.NetworkServiceRecord.vlr through an association table
13:23:05.842 [Test worker] DEBUG o.hibernate.cfg.CollectionSecondPass - Mapped collection key: network_service_record_id, element: vlr_id
13:23:05.842 [Test worker] DEBUG o.hibernate.cfg.CollectionSecondPass - Second pass for collection: org.project.neutrino.nfvo.catalogue.mano.record.NetworkServiceRecord.pnfr
13:23:05.842 [Test worker] DEBUG o.h.cfg.annotations.CollectionBinder - Binding a OneToMany: org.project.neutrino.nfvo.catalogue.mano.record.NetworkServiceRecord.pnfr through an association table
13:23:05.843 [Test worker] DEBUG o.hibernate.cfg.CollectionSecondPass - Mapped collection key: network_service_record_id, element: pnfr_id
13:23:05.843 [Test worker] DEBUG o.hibernate.cfg.CollectionSecondPass - Second pass for collection: org.project.neutrino.nfvo.catalogue.mano.record.NetworkServiceRecord.monitoring_parameter
13:23:05.843 [Test worker] DEBUG o.h.cfg.annotations.CollectionBinder - Binding a collection of element: org.project.neutrino.nfvo.catalogue.mano.record.NetworkServiceRecord.monitoring_parameter
13:23:05.844 [Test worker] DEBUG o.h.cfg.CollectionPropertyHolder - Attempting to locate auto-apply AttributeConverter for collection element [org.project.neutrino.nfvo.catalogue.mano.record.NetworkServiceRecord.monitoring_parameter]
13:23:05.844 [Test worker] DEBUG o.h.c.annotations.SimpleValueBinder - building SimpleValue for null
13:23:05.844 [Test worker] DEBUG o.h.c.annotations.SimpleValueBinder - Starting fillSimpleValue for null
13:23:05.844 [Test worker] DEBUG o.hibernate.cfg.CollectionSecondPass - Mapped collection key: network_service_record_id, element: monitoring_parameter
13:23:05.844 [Test worker] DEBUG o.hibernate.cfg.CollectionSecondPass - Second pass for collection: org.project.neutrino.nfvo.catalogue.mano.record.NetworkServiceRecord.lifecycle_event_history
13:23:05.844 [Test worker] DEBUG o.h.cfg.annotations.CollectionBinder - Binding a OneToMany: org.project.neutrino.nfvo.catalogue.mano.record.NetworkServiceRecord.lifecycle_event_history through an association table
13:23:05.845 [Test worker] DEBUG o.hibernate.cfg.CollectionSecondPass - Mapped collection key: network_service_record_id, element: lifecycle_event_history_id
13:23:05.845 [Test worker] DEBUG o.hibernate.cfg.CollectionSecondPass - Second pass for collection: org.project.neutrino.nfvo.catalogue.mano.record.NetworkServiceRecord.connection_point
13:23:05.845 [Test worker] DEBUG o.h.cfg.annotations.CollectionBinder - Binding a OneToMany: org.project.neutrino.nfvo.catalogue.mano.record.NetworkServiceRecord.connection_point through an association table
13:23:05.846 [Test worker] DEBUG o.hibernate.cfg.CollectionSecondPass - Mapped collection key: network_service_record_id, element: connection_point_id
13:23:05.846 [Test worker] DEBUG o.hibernate.cfg.CollectionSecondPass - Second pass for collection: org.project.neutrino.nfvo.catalogue.mano.record.NetworkServiceRecord.auto_scale_policy
13:23:05.846 [Test worker] DEBUG o.h.cfg.annotations.CollectionBinder - Binding a OneToMany: org.project.neutrino.nfvo.catalogue.mano.record.NetworkServiceRecord.auto_scale_policy through an association table
13:23:05.847 [Test worker] DEBUG o.hibernate.cfg.CollectionSecondPass - Mapped collection key: network_service_record_id, element: auto_scale_policy_id
13:23:05.847 [Test worker] DEBUG o.hibernate.cfg.CollectionSecondPass - Second pass for collection: org.project.neutrino.nfvo.catalogue.mano.descriptor.NetworkServiceDescriptor.vnfd
13:23:05.847 [Test worker] DEBUG o.h.cfg.annotations.CollectionBinder - Binding a OneToMany: org.project.neutrino.nfvo.catalogue.mano.descriptor.NetworkServiceDescriptor.vnfd through an association table
13:23:05.848 [Test worker] DEBUG o.hibernate.cfg.CollectionSecondPass - Mapped collection key: network_service_descriptor_Id, element: vnfd_Id
13:23:05.848 [Test worker] DEBUG o.hibernate.cfg.CollectionSecondPass - Second pass for collection: org.project.neutrino.nfvo.catalogue.mano.descriptor.NetworkServiceDescriptor.vnf_dependency
13:23:05.848 [Test worker] DEBUG o.h.cfg.annotations.CollectionBinder - Binding a OneToMany: org.project.neutrino.nfvo.catalogue.mano.descriptor.NetworkServiceDescriptor.vnf_dependency through an association table
13:23:05.849 [Test worker] DEBUG o.hibernate.cfg.CollectionSecondPass - Mapped collection key: network_service_descriptor_Id, element: vnf_dependency_id
13:23:05.849 [Test worker] DEBUG o.hibernate.cfg.CollectionSecondPass - Second pass for collection: org.project.neutrino.nfvo.catalogue.mano.descriptor.NetworkServiceDescriptor.pnfd
13:23:05.849 [Test worker] DEBUG o.h.cfg.annotations.CollectionBinder - Binding a OneToMany: org.project.neutrino.nfvo.catalogue.mano.descriptor.NetworkServiceDescriptor.pnfd through an association table
13:23:05.850 [Test worker] DEBUG o.hibernate.cfg.CollectionSecondPass - Mapped collection key: network_service_descriptor_Id, element: pnfd_id
13:23:05.850 [Test worker] DEBUG o.hibernate.cfg.CollectionSecondPass - Second pass for collection: org.project.neutrino.nfvo.catalogue.mano.common.ServiceDeploymentFlavour.constituent_vnf
13:23:05.850 [Test worker] DEBUG o.h.cfg.annotations.CollectionBinder - Binding a OneToMany: org.project.neutrino.nfvo.catalogue.mano.common.ServiceDeploymentFlavour.constituent_vnf through an association table
13:23:05.851 [Test worker] DEBUG o.hibernate.cfg.CollectionSecondPass - Mapped collection key: service_deployment_flavour_id, element: constituent_vnf_id
13:23:05.851 [Test worker] DEBUG o.hibernate.cfg.CollectionSecondPass - Second pass for collection: org.project.neutrino.nfvo.catalogue.mano.descriptor.VirtualNetworkFunctionDescriptor.virtual_link
13:23:05.851 [Test worker] DEBUG o.h.cfg.annotations.CollectionBinder - Binding a OneToMany: org.project.neutrino.nfvo.catalogue.mano.descriptor.VirtualNetworkFunctionDescriptor.virtual_link through an association table
13:23:05.852 [Test worker] DEBUG o.hibernate.cfg.CollectionSecondPass - Mapped collection key: virtual_network_function_descriptor_Id, element: virtual_link_id
13:23:05.852 [Test worker] DEBUG o.hibernate.cfg.CollectionSecondPass - Second pass for collection: org.project.neutrino.nfvo.catalogue.mano.descriptor.VirtualNetworkFunctionDescriptor.vdu_dependency
13:23:05.852 [Test worker] DEBUG o.h.cfg.annotations.CollectionBinder - Binding a OneToMany: org.project.neutrino.nfvo.catalogue.mano.descriptor.VirtualNetworkFunctionDescriptor.vdu_dependency through an association table
13:23:05.853 [Test worker] DEBUG o.hibernate.cfg.CollectionSecondPass - Mapped collection key: virtual_network_function_descriptor_Id, element: vdu_dependency_id
13:23:05.853 [Test worker] DEBUG o.hibernate.cfg.CollectionSecondPass - Second pass for collection: org.project.neutrino.nfvo.catalogue.mano.descriptor.VirtualNetworkFunctionDescriptor.vdu
13:23:05.853 [Test worker] DEBUG o.h.cfg.annotations.CollectionBinder - Binding a OneToMany: org.project.neutrino.nfvo.catalogue.mano.descriptor.VirtualNetworkFunctionDescriptor.vdu through an association table
13:23:05.854 [Test worker] DEBUG o.hibernate.cfg.CollectionSecondPass - Mapped collection key: virtual_network_function_descriptor_Id, element: vdu_id
13:23:05.854 [Test worker] DEBUG o.hibernate.cfg.CollectionSecondPass - Second pass for collection: org.project.neutrino.nfvo.catalogue.mano.descriptor.VirtualNetworkFunctionDescriptor.manifest_file_security
13:23:05.855 [Test worker] DEBUG o.h.cfg.annotations.CollectionBinder - Binding a OneToMany: org.project.neutrino.nfvo.catalogue.mano.descriptor.VirtualNetworkFunctionDescriptor.manifest_file_security through an association table
13:23:05.855 [Test worker] DEBUG o.hibernate.cfg.CollectionSecondPass - Mapped collection key: virtual_network_function_descriptor_Id, element: manifest_file_security_id
13:23:05.855 [Test worker] DEBUG o.hibernate.cfg.CollectionSecondPass - Second pass for collection: org.project.neutrino.nfvo.catalogue.mano.descriptor.VirtualNetworkFunctionDescriptor.deployment_flavour
13:23:05.855 [Test worker] DEBUG o.h.cfg.annotations.CollectionBinder - Binding a OneToMany: org.project.neutrino.nfvo.catalogue.mano.descriptor.VirtualNetworkFunctionDescriptor.deployment_flavour through an association table
13:23:05.856 [Test worker] DEBUG o.hibernate.cfg.CollectionSecondPass - Mapped collection key: virtual_network_function_descriptor_Id, element: deployment_flavour_id
13:23:05.856 [Test worker] DEBUG o.hibernate.cfg.CollectionSecondPass - Second pass for collection: org.project.neutrino.nfvo.catalogue.mano.common.NFVEntityDescriptor.vnffgd
13:23:05.857 [Test worker] DEBUG o.h.cfg.annotations.CollectionBinder - Binding a OneToMany: org.project.neutrino.nfvo.catalogue.mano.common.NFVEntityDescriptor.vnffgd through an association table
13:23:05.857 [Test worker] DEBUG o.hibernate.cfg.CollectionSecondPass - Mapped collection key: nfventity_descriptor_Id, element: vnffgd_id
13:23:05.857 [Test worker] DEBUG o.hibernate.cfg.CollectionSecondPass - Second pass for collection: org.project.neutrino.nfvo.catalogue.mano.common.NFVEntityDescriptor.vld
13:23:05.857 [Test worker] DEBUG o.h.cfg.annotations.CollectionBinder - Binding a OneToMany: org.project.neutrino.nfvo.catalogue.mano.common.NFVEntityDescriptor.vld through an association table
13:23:05.858 [Test worker] DEBUG o.hibernate.cfg.CollectionSecondPass - Mapped collection key: nfventity_descriptor_Id, element: vld_id
13:23:05.858 [Test worker] DEBUG o.hibernate.cfg.CollectionSecondPass - Second pass for collection: org.project.neutrino.nfvo.catalogue.mano.common.NFVEntityDescriptor.service_deployment_flavour
13:23:05.858 [Test worker] DEBUG o.h.cfg.annotations.CollectionBinder - Binding a OneToMany: org.project.neutrino.nfvo.catalogue.mano.common.NFVEntityDescriptor.service_deployment_flavour through an association table
13:23:05.859 [Test worker] DEBUG o.hibernate.cfg.CollectionSecondPass - Mapped collection key: nfventity_descriptor_Id, element: service_deployment_flavour_id
13:23:05.859 [Test worker] DEBUG o.hibernate.cfg.CollectionSecondPass - Second pass for collection: org.project.neutrino.nfvo.catalogue.mano.common.NFVEntityDescriptor.monitoring_parameter
13:23:05.859 [Test worker] DEBUG o.h.cfg.annotations.CollectionBinder - Binding a collection of element: org.project.neutrino.nfvo.catalogue.mano.common.NFVEntityDescriptor.monitoring_parameter
13:23:05.860 [Test worker] DEBUG o.h.cfg.CollectionPropertyHolder - Attempting to locate auto-apply AttributeConverter for collection element [org.project.neutrino.nfvo.catalogue.mano.common.NFVEntityDescriptor.monitoring_parameter]
13:23:05.860 [Test worker] DEBUG o.h.c.annotations.SimpleValueBinder - building SimpleValue for null
13:23:05.860 [Test worker] DEBUG o.h.c.annotations.SimpleValueBinder - Starting fillSimpleValue for null
13:23:05.860 [Test worker] DEBUG o.hibernate.cfg.CollectionSecondPass - Mapped collection key: nfventity_descriptor_Id, element: monitoring_parameter
13:23:05.860 [Test worker] DEBUG o.hibernate.cfg.CollectionSecondPass - Second pass for collection: org.project.neutrino.nfvo.catalogue.mano.common.NFVEntityDescriptor.lifecycle_event
13:23:05.860 [Test worker] DEBUG o.h.cfg.annotations.CollectionBinder - Binding a OneToMany: org.project.neutrino.nfvo.catalogue.mano.common.NFVEntityDescriptor.lifecycle_event through an association table
13:23:05.861 [Test worker] DEBUG o.hibernate.cfg.CollectionSecondPass - Mapped collection key: nfventity_descriptor_Id, element: lifecycle_event_id
13:23:05.861 [Test worker] DEBUG o.hibernate.cfg.CollectionSecondPass - Second pass for collection: org.project.neutrino.nfvo.catalogue.mano.common.NFVEntityDescriptor.connection_point
13:23:05.861 [Test worker] DEBUG o.h.cfg.annotations.CollectionBinder - Binding a OneToMany: org.project.neutrino.nfvo.catalogue.mano.common.NFVEntityDescriptor.connection_point through an association table
13:23:05.862 [Test worker] DEBUG o.hibernate.cfg.CollectionSecondPass - Mapped collection key: nfventity_descriptor_Id, element: connection_point_id
13:23:05.862 [Test worker] DEBUG o.hibernate.cfg.CollectionSecondPass - Second pass for collection: org.project.neutrino.nfvo.catalogue.mano.common.NFVEntityDescriptor.auto_scale_policy
13:23:05.862 [Test worker] DEBUG o.h.cfg.annotations.CollectionBinder - Binding a OneToMany: org.project.neutrino.nfvo.catalogue.mano.common.NFVEntityDescriptor.auto_scale_policy through an association table
13:23:05.862 [Test worker] DEBUG o.hibernate.cfg.CollectionSecondPass - Mapped collection key: nfventity_descriptor_Id, element: auto_scale_policy_id
13:23:05.862 [Test worker] DEBUG org.hibernate.cfg.Configuration - Processing native query and ResultSetMapping mappings
13:23:05.862 [Test worker] DEBUG org.hibernate.cfg.Configuration - Processing association property references
13:23:05.862 [Test worker] DEBUG org.hibernate.cfg.Configuration - Creating tables' unique integer identifiers
13:23:05.862 [Test worker] DEBUG org.hibernate.cfg.Configuration - Processing foreign key constraints
13:23:05.863 [Test worker] DEBUG org.hibernate.cfg.Configuration - Resolving reference to class: org.project.neutrino.nfvo.catalogue.mano.common.AbstractVirtualLink
13:23:05.863 [Test worker] DEBUG org.hibernate.cfg.Configuration - Resolving reference to class: org.project.neutrino.nfvo.catalogue.mano.common.AbstractVirtualLink
13:23:05.863 [Test worker] DEBUG org.hibernate.cfg.Configuration - Resolving reference to class: org.project.neutrino.nfvo.catalogue.mano.descriptor.InternalVirtualLink
13:23:05.863 [Test worker] DEBUG org.hibernate.cfg.Configuration - Resolving reference to class: org.project.neutrino.nfvo.catalogue.mano.common.LifecycleEvent
13:23:05.863 [Test worker] DEBUG org.hibernate.cfg.Configuration - Resolving reference to class: org.project.neutrino.nfvo.catalogue.mano.descriptor.Policy
13:23:05.863 [Test worker] DEBUG org.hibernate.cfg.Configuration - Resolving reference to class: org.project.neutrino.nfvo.catalogue.mano.descriptor.NetworkForwardingPath
13:23:05.863 [Test worker] DEBUG org.hibernate.cfg.Configuration - Resolving reference to class: org.project.neutrino.nfvo.catalogue.mano.common.Security
13:23:05.863 [Test worker] DEBUG org.hibernate.cfg.Configuration - Resolving reference to class: org.project.neutrino.nfvo.catalogue.mano.descriptor.PhysicalNetworkFunctionDescriptor
13:23:05.863 [Test worker] DEBUG org.hibernate.cfg.Configuration - Resolving reference to class: org.project.neutrino.nfvo.catalogue.mano.descriptor.NetworkServiceDescriptor
13:23:05.863 [Test worker] DEBUG org.hibernate.cfg.Configuration - Resolving reference to class: org.project.neutrino.nfvo.catalogue.mano.common.VNFDependency
13:23:05.864 [Test worker] DEBUG org.hibernate.cfg.Configuration - Resolving reference to class: org.project.neutrino.nfvo.catalogue.mano.descriptor.NetworkServiceDescriptor
13:23:05.864 [Test worker] DEBUG org.hibernate.cfg.Configuration - Resolving reference to class: org.project.neutrino.nfvo.catalogue.mano.descriptor.VirtualNetworkFunctionDescriptor
13:23:05.864 [Test worker] DEBUG org.hibernate.cfg.Configuration - Resolving reference to class: org.project.neutrino.nfvo.catalogue.mano.descriptor.NetworkServiceDescriptor
13:23:05.864 [Test worker] DEBUG org.hibernate.cfg.Configuration - Resolving reference to class: org.project.neutrino.nfvo.catalogue.mano.common.NFVEntityDescriptor
13:23:05.864 [Test worker] DEBUG org.hibernate.cfg.Configuration - Resolving reference to class: org.project.neutrino.nfvo.catalogue.mano.common.LifecycleEvent
13:23:05.864 [Test worker] DEBUG org.hibernate.cfg.Configuration - Resolving reference to class: org.project.neutrino.nfvo.catalogue.mano.common.ServiceDeploymentFlavour
13:23:05.865 [Test worker] DEBUG org.hibernate.cfg.Configuration - Resolving reference to class: org.project.neutrino.nfvo.catalogue.mano.record.VirtualNetworkFunctionRecord
13:23:05.865 [Test worker] DEBUG org.hibernate.cfg.Configuration - Resolving reference to class: org.project.neutrino.nfvo.catalogue.mano.common.AutoScalePolicy
13:23:05.865 [Test worker] DEBUG org.hibernate.cfg.Configuration - Resolving reference to class: org.project.neutrino.nfvo.catalogue.mano.record.NetworkServiceRecord
13:23:05.865 [Test worker] DEBUG org.hibernate.cfg.Configuration - Resolving reference to class: org.project.neutrino.nfvo.catalogue.mano.common.ConnectionPoint
13:23:05.865 [Test worker] DEBUG org.hibernate.cfg.Configuration - Resolving reference to class: org.project.neutrino.nfvo.catalogue.mano.record.NetworkServiceRecord
13:23:05.865 [Test worker] DEBUG org.hibernate.cfg.Configuration - Resolving reference to class: org.project.neutrino.nfvo.catalogue.mano.common.LifecycleEvent
13:23:05.865 [Test worker] DEBUG org.hibernate.cfg.Configuration - Resolving reference to class: org.project.neutrino.nfvo.catalogue.mano.record.NetworkServiceRecord
13:23:05.865 [Test worker] DEBUG org.hibernate.cfg.Configuration - Resolving reference to class: org.project.neutrino.nfvo.catalogue.mano.record.NetworkServiceRecord
13:23:05.865 [Test worker] DEBUG org.hibernate.cfg.Configuration - Resolving reference to class: org.project.neutrino.nfvo.catalogue.mano.record.PhysicalNetworkFunctionRecord
13:23:05.865 [Test worker] DEBUG org.hibernate.cfg.Configuration - Resolving reference to class: org.project.neutrino.nfvo.catalogue.mano.record.NetworkServiceRecord
13:23:05.866 [Test worker] DEBUG org.hibernate.cfg.Configuration - Resolving reference to class: org.project.neutrino.nfvo.catalogue.mano.record.VirtualLinkRecord
13:23:05.866 [Test worker] DEBUG org.hibernate.cfg.Configuration - Resolving reference to class: org.project.neutrino.nfvo.catalogue.mano.record.NetworkServiceRecord
13:23:05.866 [Test worker] DEBUG org.hibernate.cfg.Configuration - Resolving reference to class: org.project.neutrino.nfvo.catalogue.mano.common.VNFDependency
13:23:05.866 [Test worker] DEBUG org.hibernate.cfg.Configuration - Resolving reference to class: org.project.neutrino.nfvo.catalogue.mano.record.NetworkServiceRecord
13:23:05.866 [Test worker] DEBUG org.hibernate.cfg.Configuration - Resolving reference to class: org.project.neutrino.nfvo.catalogue.mano.descriptor.VNFForwardingGraph
13:23:05.866 [Test worker] DEBUG org.hibernate.cfg.Configuration - Resolving reference to class: org.project.neutrino.nfvo.catalogue.mano.record.NetworkServiceRecord
13:23:05.866 [Test worker] DEBUG org.hibernate.cfg.Configuration - Resolving reference to class: org.project.neutrino.nfvo.catalogue.mano.common.AutoScalePolicy
13:23:05.866 [Test worker] DEBUG org.hibernate.cfg.Configuration - Resolving reference to class: org.project.neutrino.nfvo.catalogue.mano.common.NFVEntityDescriptor
13:23:05.867 [Test worker] DEBUG org.hibernate.cfg.Configuration - Resolving reference to class: org.project.neutrino.nfvo.catalogue.mano.common.ConnectionPoint
13:23:05.867 [Test worker] DEBUG org.hibernate.cfg.Configuration - Resolving reference to class: org.project.neutrino.nfvo.catalogue.mano.common.NFVEntityDescriptor
13:23:05.867 [Test worker] DEBUG org.hibernate.cfg.Configuration - Resolving reference to class: org.project.neutrino.nfvo.catalogue.mano.common.LifecycleEvent
13:23:05.867 [Test worker] DEBUG org.hibernate.cfg.Configuration - Resolving reference to class: org.project.neutrino.nfvo.catalogue.mano.common.NFVEntityDescriptor
13:23:05.867 [Test worker] DEBUG org.hibernate.cfg.Configuration - Resolving reference to class: org.project.neutrino.nfvo.catalogue.mano.common.NFVEntityDescriptor
13:23:05.867 [Test worker] DEBUG org.hibernate.cfg.Configuration - Resolving reference to class: org.project.neutrino.nfvo.catalogue.mano.common.DeploymentFlavour
13:23:05.867 [Test worker] DEBUG org.hibernate.cfg.Configuration - Resolving reference to class: org.project.neutrino.nfvo.catalogue.mano.common.NFVEntityDescriptor
13:23:05.867 [Test worker] DEBUG org.hibernate.cfg.Configuration - Resolving reference to class: org.project.neutrino.nfvo.catalogue.mano.descriptor.VirtualLinkDescriptor
13:23:05.867 [Test worker] DEBUG org.hibernate.cfg.Configuration - Resolving reference to class: org.project.neutrino.nfvo.catalogue.mano.common.NFVEntityDescriptor
13:23:05.867 [Test worker] DEBUG org.hibernate.cfg.Configuration - Resolving reference to class: org.project.neutrino.nfvo.catalogue.mano.descriptor.VNFForwardingGraph
13:23:05.867 [Test worker] DEBUG org.hibernate.cfg.Configuration - Resolving reference to class: org.project.neutrino.nfvo.catalogue.mano.common.NFVEntityDescriptor
13:23:05.867 [Test worker] DEBUG org.hibernate.cfg.Configuration - Resolving reference to class: org.project.neutrino.nfvo.catalogue.mano.common.Security
13:23:05.867 [Test worker] DEBUG org.hibernate.cfg.Configuration - Resolving reference to class: org.project.neutrino.nfvo.catalogue.mano.common.ConnectionPoint
13:23:05.867 [Test worker] DEBUG org.hibernate.cfg.Configuration - Resolving reference to class: org.project.neutrino.nfvo.catalogue.mano.descriptor.PhysicalNetworkFunctionDescriptor
13:23:05.867 [Test worker] DEBUG org.hibernate.cfg.Configuration - Resolving reference to class: org.project.neutrino.nfvo.catalogue.mano.descriptor.PhysicalNetworkFunctionDescriptor
13:23:05.867 [Test worker] DEBUG org.hibernate.cfg.Configuration - Resolving reference to class: org.project.neutrino.nfvo.catalogue.mano.record.NetworkServiceRecord
13:23:05.867 [Test worker] DEBUG org.hibernate.cfg.Configuration - Resolving reference to class: org.project.neutrino.nfvo.catalogue.mano.record.VirtualLinkRecord
13:23:05.867 [Test worker] DEBUG org.hibernate.cfg.Configuration - Resolving reference to class: org.project.neutrino.nfvo.catalogue.mano.record.PhysicalNetworkFunctionRecord
13:23:05.868 [Test worker] DEBUG org.hibernate.cfg.Configuration - Resolving reference to class: org.project.neutrino.nfvo.catalogue.mano.common.ConnectionPoint
13:23:05.868 [Test worker] DEBUG org.hibernate.cfg.Configuration - Resolving reference to class: org.project.neutrino.nfvo.catalogue.mano.record.PhysicalNetworkFunctionRecord
13:23:05.868 [Test worker] DEBUG org.hibernate.cfg.Configuration - Resolving reference to class: org.project.neutrino.nfvo.catalogue.mano.record.PhysicalNetworkFunctionRecord
13:23:05.868 [Test worker] DEBUG org.hibernate.cfg.Configuration - Resolving reference to class: org.project.neutrino.nfvo.catalogue.mano.record.VNFForwardingGraphRecord
13:23:05.868 [Test worker] DEBUG org.hibernate.cfg.Configuration - Resolving reference to class: org.project.neutrino.nfvo.catalogue.mano.record.PhysicalNetworkFunctionRecord
13:23:05.868 [Test worker] DEBUG org.hibernate.cfg.Configuration - Resolving reference to class: org.project.neutrino.nfvo.catalogue.mano.common.CostituentVNF
13:23:05.868 [Test worker] DEBUG org.hibernate.cfg.Configuration - Resolving reference to class: org.project.neutrino.nfvo.catalogue.mano.common.ServiceDeploymentFlavour
13:23:05.868 [Test worker] DEBUG org.hibernate.cfg.Configuration - Resolving reference to class: org.project.neutrino.nfvo.catalogue.mano.descriptor.VirtualDeploymentUnit
13:23:05.868 [Test worker] DEBUG org.hibernate.cfg.Configuration - Resolving reference to class: org.project.neutrino.nfvo.catalogue.mano.descriptor.VirtualDeploymentUnit
13:23:05.868 [Test worker] DEBUG org.hibernate.cfg.Configuration - Resolving reference to class: org.project.neutrino.nfvo.catalogue.mano.common.LifecycleEvent
13:23:05.868 [Test worker] DEBUG org.hibernate.cfg.Configuration - Resolving reference to class: org.project.neutrino.nfvo.catalogue.mano.descriptor.VirtualDeploymentUnit
13:23:05.868 [Test worker] DEBUG org.hibernate.cfg.Configuration - Resolving reference to class: org.project.neutrino.nfvo.catalogue.mano.descriptor.VirtualDeploymentUnit
13:23:05.869 [Test worker] DEBUG org.hibernate.cfg.Configuration - Resolving reference to class: org.project.neutrino.nfvo.catalogue.mano.descriptor.VirtualDeploymentUnit
13:23:05.869 [Test worker] DEBUG org.hibernate.cfg.Configuration - Resolving reference to class: org.project.neutrino.nfvo.catalogue.mano.descriptor.VNFComponent
13:23:05.869 [Test worker] DEBUG org.hibernate.cfg.Configuration - Resolving reference to class: org.project.neutrino.nfvo.catalogue.mano.descriptor.VirtualDeploymentUnit
13:23:05.869 [Test worker] DEBUG org.hibernate.cfg.Configuration - Resolving reference to class: org.project.neutrino.nfvo.catalogue.mano.common.Security
13:23:05.869 [Test worker] DEBUG org.hibernate.cfg.Configuration - Resolving reference to class: org.project.neutrino.nfvo.catalogue.mano.descriptor.VirtualLinkDescriptor
13:23:05.869 [Test worker] DEBUG org.hibernate.cfg.Configuration - Resolving reference to class: org.project.neutrino.nfvo.catalogue.mano.record.VirtualLinkRecord
13:23:05.869 [Test worker] DEBUG org.hibernate.cfg.Configuration - Resolving reference to class: org.project.neutrino.nfvo.catalogue.mano.record.VirtualLinkRecord
13:23:05.869 [Test worker] DEBUG org.hibernate.cfg.Configuration - Resolving reference to class: org.project.neutrino.nfvo.catalogue.mano.record.VirtualLinkRecord
13:23:05.869 [Test worker] DEBUG org.hibernate.cfg.Configuration - Resolving reference to class: org.project.neutrino.nfvo.catalogue.mano.common.LifecycleEvent
13:23:05.869 [Test worker] DEBUG org.hibernate.cfg.Configuration - Resolving reference to class: org.project.neutrino.nfvo.catalogue.mano.record.VirtualLinkRecord
13:23:05.869 [Test worker] DEBUG org.hibernate.cfg.Configuration - Resolving reference to class: org.project.neutrino.nfvo.catalogue.mano.record.VirtualLinkRecord
13:23:05.869 [Test worker] DEBUG org.hibernate.cfg.Configuration - Resolving reference to class: org.project.neutrino.nfvo.catalogue.mano.record.VirtualLinkRecord
13:23:05.869 [Test worker] DEBUG org.hibernate.cfg.Configuration - Resolving reference to class: org.project.neutrino.nfvo.catalogue.mano.record.VNFForwardingGraphRecord
13:23:05.869 [Test worker] DEBUG org.hibernate.cfg.Configuration - Resolving reference to class: org.project.neutrino.nfvo.catalogue.mano.record.VirtualLinkRecord
13:23:05.869 [Test worker] DEBUG org.hibernate.cfg.Configuration - Resolving reference to class: org.project.neutrino.nfvo.catalogue.mano.descriptor.VNFDDeploymentFlavour
13:23:05.870 [Test worker] DEBUG org.hibernate.cfg.Configuration - Resolving reference to class: org.project.neutrino.nfvo.catalogue.mano.descriptor.VirtualNetworkFunctionDescriptor
13:23:05.870 [Test worker] DEBUG org.hibernate.cfg.Configuration - Resolving reference to class: org.project.neutrino.nfvo.catalogue.mano.common.Security
13:23:05.870 [Test worker] DEBUG org.hibernate.cfg.Configuration - Resolving reference to class: org.project.neutrino.nfvo.catalogue.mano.descriptor.VirtualNetworkFunctionDescriptor
13:23:05.870 [Test worker] DEBUG org.hibernate.cfg.Configuration - Resolving reference to class: org.project.neutrino.nfvo.catalogue.mano.descriptor.VirtualDeploymentUnit
13:23:05.870 [Test worker] DEBUG org.hibernate.cfg.Configuration - Resolving reference to class: org.project.neutrino.nfvo.catalogue.mano.descriptor.VirtualNetworkFunctionDescriptor
13:23:05.870 [Test worker] DEBUG org.hibernate.cfg.Configuration - Resolving reference to class: org.project.neutrino.nfvo.catalogue.mano.descriptor.VDUDependency
13:23:05.870 [Test worker] DEBUG org.hibernate.cfg.Configuration - Resolving reference to class: org.project.neutrino.nfvo.catalogue.mano.descriptor.VirtualNetworkFunctionDescriptor
13:23:05.870 [Test worker] DEBUG org.hibernate.cfg.Configuration - Resolving reference to class: org.project.neutrino.nfvo.catalogue.mano.descriptor.InternalVirtualLink
13:23:05.870 [Test worker] DEBUG org.hibernate.cfg.Configuration - Resolving reference to class: org.project.neutrino.nfvo.catalogue.mano.descriptor.VirtualNetworkFunctionDescriptor
13:23:05.870 [Test worker] DEBUG org.hibernate.cfg.Configuration - Resolving reference to class: org.project.neutrino.nfvo.catalogue.mano.descriptor.VNFDDeploymentFlavour
13:23:05.870 [Test worker] DEBUG org.hibernate.cfg.Configuration - Resolving reference to class: org.project.neutrino.nfvo.catalogue.mano.common.LifecycleEvent
13:23:05.870 [Test worker] DEBUG org.hibernate.cfg.Configuration - Resolving reference to class: org.project.neutrino.nfvo.catalogue.mano.record.NetworkServiceRecord
13:23:05.870 [Test worker] DEBUG org.hibernate.cfg.Configuration - Resolving reference to class: org.project.neutrino.nfvo.catalogue.mano.common.AutoScalePolicy
13:23:05.871 [Test worker] DEBUG org.hibernate.cfg.Configuration - Resolving reference to class: org.project.neutrino.nfvo.catalogue.mano.record.VirtualNetworkFunctionRecord
13:23:05.871 [Test worker] DEBUG org.hibernate.cfg.Configuration - Resolving reference to class: org.project.neutrino.nfvo.catalogue.mano.record.VirtualLinkRecord
13:23:05.871 [Test worker] DEBUG org.hibernate.cfg.Configuration - Resolving reference to class: org.project.neutrino.nfvo.catalogue.mano.record.VirtualNetworkFunctionRecord
13:23:05.871 [Test worker] DEBUG org.hibernate.cfg.Configuration - Resolving reference to class: org.project.neutrino.nfvo.catalogue.mano.common.ConnectionPoint
13:23:05.871 [Test worker] DEBUG org.hibernate.cfg.Configuration - Resolving reference to class: org.project.neutrino.nfvo.catalogue.mano.record.VirtualNetworkFunctionRecord
13:23:05.871 [Test worker] DEBUG org.hibernate.cfg.Configuration - Resolving reference to class: org.project.neutrino.nfvo.catalogue.mano.common.VNFDependency
13:23:05.871 [Test worker] DEBUG org.hibernate.cfg.Configuration - Resolving reference to class: org.project.neutrino.nfvo.catalogue.mano.record.VirtualNetworkFunctionRecord
13:23:05.871 [Test worker] DEBUG org.hibernate.cfg.Configuration - Resolving reference to class: org.project.neutrino.nfvo.catalogue.mano.common.LifecycleEvent
13:23:05.871 [Test worker] DEBUG org.hibernate.cfg.Configuration - Resolving reference to class: org.project.neutrino.nfvo.catalogue.mano.record.VirtualNetworkFunctionRecord
13:23:05.872 [Test worker] DEBUG org.hibernate.cfg.Configuration - Resolving reference to class: org.project.neutrino.nfvo.catalogue.mano.record.VirtualNetworkFunctionRecord
13:23:05.872 [Test worker] DEBUG org.hibernate.cfg.Configuration - Resolving reference to class: org.project.neutrino.nfvo.catalogue.mano.record.VirtualNetworkFunctionRecord
13:23:05.872 [Test worker] DEBUG org.hibernate.cfg.Configuration - Resolving reference to class: org.project.neutrino.nfvo.catalogue.mano.record.VirtualNetworkFunctionRecord
13:23:05.872 [Test worker] DEBUG org.hibernate.cfg.Configuration - Resolving reference to class: org.project.neutrino.nfvo.catalogue.mano.descriptor.VirtualDeploymentUnit
13:23:05.872 [Test worker] DEBUG org.hibernate.cfg.Configuration - Resolving reference to class: org.project.neutrino.nfvo.catalogue.mano.record.VirtualNetworkFunctionRecord
13:23:05.872 [Test worker] DEBUG org.hibernate.cfg.Configuration - Resolving reference to class: org.project.neutrino.nfvo.catalogue.mano.descriptor.InternalVirtualLink
13:23:05.872 [Test worker] DEBUG org.hibernate.cfg.Configuration - Resolving reference to class: org.project.neutrino.nfvo.catalogue.mano.record.VirtualNetworkFunctionRecord
13:23:05.872 [Test worker] DEBUG org.hibernate.cfg.Configuration - Resolving reference to class: org.project.neutrino.nfvo.catalogue.mano.record.VirtualNetworkFunctionRecord
13:23:05.872 [Test worker] DEBUG org.hibernate.cfg.Configuration - Resolving reference to class: org.project.neutrino.nfvo.catalogue.mano.descriptor.VNFDConnectionPoint
13:23:05.872 [Test worker] DEBUG org.hibernate.cfg.Configuration - Resolving reference to class: org.project.neutrino.nfvo.catalogue.mano.descriptor.VNFComponent
13:23:05.872 [Test worker] DEBUG org.hibernate.cfg.Configuration - Resolving reference to class: org.project.neutrino.nfvo.catalogue.mano.common.CostituentVDU
13:23:05.872 [Test worker] DEBUG org.hibernate.cfg.Configuration - Resolving reference to class: org.project.neutrino.nfvo.catalogue.mano.descriptor.VNFDDeploymentFlavour
13:23:05.872 [Test worker] DEBUG org.hibernate.cfg.Configuration - Resolving reference to class: org.project.neutrino.nfvo.catalogue.mano.descriptor.VNFDDeploymentFlavour
13:23:05.872 [Test worker] DEBUG org.hibernate.cfg.Configuration - Resolving reference to class: org.project.neutrino.nfvo.catalogue.mano.descriptor.VirtualNetworkFunctionDescriptor
13:23:05.872 [Test worker] DEBUG org.hibernate.cfg.Configuration - Resolving reference to class: org.project.neutrino.nfvo.catalogue.mano.descriptor.VirtualNetworkFunctionDescriptor
13:23:05.872 [Test worker] DEBUG org.hibernate.cfg.Configuration - Resolving reference to class: org.project.neutrino.nfvo.catalogue.mano.common.Security
13:23:05.872 [Test worker] DEBUG org.hibernate.cfg.Configuration - Resolving reference to class: org.project.neutrino.nfvo.catalogue.mano.common.ConnectionPoint
13:23:05.872 [Test worker] DEBUG org.hibernate.cfg.Configuration - Resolving reference to class: org.project.neutrino.nfvo.catalogue.mano.descriptor.VNFForwardingGraph
13:23:05.872 [Test worker] DEBUG org.hibernate.cfg.Configuration - Resolving reference to class: org.project.neutrino.nfvo.catalogue.mano.common.CostituentVNF
13:23:05.873 [Test worker] DEBUG org.hibernate.cfg.Configuration - Resolving reference to class: org.project.neutrino.nfvo.catalogue.mano.descriptor.VNFForwardingGraph
13:23:05.873 [Test worker] DEBUG org.hibernate.cfg.Configuration - Resolving reference to class: org.project.neutrino.nfvo.catalogue.mano.descriptor.VirtualLinkDescriptor
13:23:05.873 [Test worker] DEBUG org.hibernate.cfg.Configuration - Resolving reference to class: org.project.neutrino.nfvo.catalogue.mano.descriptor.VNFForwardingGraph
13:23:05.873 [Test worker] DEBUG org.hibernate.cfg.Configuration - Resolving reference to class: org.project.neutrino.nfvo.catalogue.mano.descriptor.NetworkForwardingPath
13:23:05.873 [Test worker] DEBUG org.hibernate.cfg.Configuration - Resolving reference to class: org.project.neutrino.nfvo.catalogue.mano.descriptor.VNFForwardingGraph
13:23:05.873 [Test worker] DEBUG org.hibernate.cfg.Configuration - Resolving reference to class: org.project.neutrino.nfvo.catalogue.mano.descriptor.VNFForwardingGraph
13:23:05.873 [Test worker] DEBUG org.hibernate.cfg.Configuration - Resolving reference to class: org.project.neutrino.nfvo.catalogue.mano.descriptor.NetworkForwardingPath
13:23:05.873 [Test worker] DEBUG org.hibernate.cfg.Configuration - Resolving reference to class: org.project.neutrino.nfvo.catalogue.mano.record.NetworkServiceRecord
13:23:05.873 [Test worker] DEBUG org.hibernate.cfg.Configuration - Resolving reference to class: org.project.neutrino.nfvo.catalogue.mano.descriptor.VNFDConnectionPoint
13:23:05.873 [Test worker] DEBUG org.hibernate.cfg.Configuration - Resolving reference to class: org.project.neutrino.nfvo.catalogue.mano.record.VNFForwardingGraphRecord
13:23:05.873 [Test worker] DEBUG org.hibernate.cfg.Configuration - Resolving reference to class: org.project.neutrino.nfvo.catalogue.mano.record.VirtualLinkRecord
13:23:05.873 [Test worker] DEBUG org.hibernate.cfg.Configuration - Resolving reference to class: org.project.neutrino.nfvo.catalogue.mano.record.VNFForwardingGraphRecord
13:23:05.873 [Test worker] DEBUG org.hibernate.cfg.Configuration - Resolving reference to class: org.project.neutrino.nfvo.catalogue.mano.common.LifecycleEvent
13:23:05.873 [Test worker] DEBUG org.hibernate.cfg.Configuration - Resolving reference to class: org.project.neutrino.nfvo.catalogue.mano.record.VNFForwardingGraphRecord
13:23:05.873 [Test worker] DEBUG org.hibernate.cfg.Configuration - Resolving reference to class: org.project.neutrino.nfvo.catalogue.mano.record.VirtualNetworkFunctionRecord
13:23:05.873 [Test worker] DEBUG org.hibernate.cfg.Configuration - Resolving reference to class: org.project.neutrino.nfvo.catalogue.mano.record.VNFForwardingGraphRecord
13:23:05.873 [Test worker] DEBUG org.hibernate.cfg.Configuration - Resolving reference to class: org.project.neutrino.nfvo.catalogue.mano.record.VNFForwardingGraphRecord
13:23:05.886 [Test worker] DEBUG org.hibernate.cfg.SettingsFactory - Automatic flush during beforeCompletion(): disabled
13:23:05.886 [Test worker] DEBUG org.hibernate.cfg.SettingsFactory - Automatic session close at end of transaction: disabled
13:23:05.886 [Test worker] DEBUG org.hibernate.cfg.SettingsFactory - JDBC batch size: 15
13:23:05.886 [Test worker] DEBUG org.hibernate.cfg.SettingsFactory - JDBC batch updates for versioned data: disabled
13:23:05.886 [Test worker] DEBUG org.hibernate.cfg.SettingsFactory - Scrollable result sets: enabled
13:23:05.886 [Test worker] DEBUG org.hibernate.cfg.SettingsFactory - Wrap result sets: disabled
13:23:05.886 [Test worker] DEBUG org.hibernate.cfg.SettingsFactory - JDBC3 getGeneratedKeys(): enabled
13:23:05.886 [Test worker] DEBUG org.hibernate.cfg.SettingsFactory - multi-tenancy strategy : NONE
13:23:05.886 [Test worker] DEBUG org.hibernate.cfg.SettingsFactory - Connection release mode: auto
13:23:05.890 [Test worker] DEBUG org.hibernate.cfg.SettingsFactory - Using BatchFetchStyle : LEGACY
13:23:05.890 [Test worker] DEBUG org.hibernate.cfg.SettingsFactory - Maximum outer join fetch depth: 2
13:23:05.890 [Test worker] DEBUG org.hibernate.cfg.SettingsFactory - Default batch fetch size: 1
13:23:05.890 [Test worker] DEBUG org.hibernate.cfg.SettingsFactory - Generate SQL with comments: disabled
13:23:05.890 [Test worker] DEBUG org.hibernate.cfg.SettingsFactory - Order SQL updates by primary key: disabled
13:23:05.891 [Test worker] DEBUG org.hibernate.cfg.SettingsFactory - Order SQL inserts for batching: disabled
13:23:05.891 [Test worker] DEBUG org.hibernate.cfg.SettingsFactory - Default null ordering: none
13:23:05.891 [Test worker] DEBUG org.hibernate.cfg.SettingsFactory - Query translator: org.hibernate.hql.internal.ast.ASTQueryTranslatorFactory
13:23:05.893 [Test worker] INFO  o.h.h.i.a.ASTQueryTranslatorFactory - HHH000397: Using ASTQueryTranslatorFactory
13:23:05.893 [Test worker] DEBUG org.hibernate.cfg.SettingsFactory - Query language substitutions: {}
13:23:05.893 [Test worker] DEBUG org.hibernate.cfg.SettingsFactory - JPA-QL strict compliance: disabled
13:23:05.893 [Test worker] DEBUG org.hibernate.cfg.SettingsFactory - Second-level cache: enabled
13:23:05.893 [Test worker] DEBUG org.hibernate.cfg.SettingsFactory - Query cache: disabled
13:23:05.894 [Test worker] DEBUG o.h.c.i.RegionFactoryInitiator - Cache region factory : org.hibernate.cache.internal.NoCachingRegionFactory
13:23:05.897 [Test worker] DEBUG org.hibernate.cfg.SettingsFactory - Optimize cache for minimal puts: disabled
13:23:05.897 [Test worker] DEBUG org.hibernate.cfg.SettingsFactory - Structured second-level cache entries: disabled
13:23:05.897 [Test worker] DEBUG org.hibernate.cfg.SettingsFactory - Second-level cache direct-reference entries: disabled
13:23:05.897 [Test worker] DEBUG org.hibernate.cfg.SettingsFactory - Automatic eviction of collection cache: disabled
13:23:05.897 [Test worker] DEBUG org.hibernate.cfg.SettingsFactory - Statistics: disabled
13:23:05.897 [Test worker] DEBUG org.hibernate.cfg.SettingsFactory - Deleted entity synthetic identifier rollback: disabled
13:23:05.897 [Test worker] DEBUG org.hibernate.cfg.SettingsFactory - Default entity-mode: pojo
13:23:05.897 [Test worker] DEBUG org.hibernate.cfg.SettingsFactory - Named query checking : enabled
13:23:05.897 [Test worker] DEBUG org.hibernate.cfg.SettingsFactory - Check Nullability in Core (should be disabled when Bean Validation is on): enabled
13:23:05.897 [Test worker] DEBUG org.hibernate.cfg.SettingsFactory - Allow initialization of lazy state outside session : : disabled
13:23:05.898 [Test worker] DEBUG org.hibernate.cfg.SettingsFactory - JTA Track by Thread: enabled
13:23:05.904 [Test worker] DEBUG o.h.internal.SessionFactoryImpl - Building session factory
13:23:05.912 [Test worker] DEBUG o.h.internal.SessionFactoryImpl - Session factory constructed with filter configurations : {}
13:23:05.912 [Test worker] DEBUG o.h.internal.SessionFactoryImpl - Instantiating session factory with properties: {java.runtime.name=Java(TM) SE Runtime Environment, sun.boot.library.path=/Library/Java/JavaVirtualMachines/jdk1.7.0_67.jdk/Contents/Home/jre/lib, java.vm.version=24.65-b04, gopherProxySet=false, java.vm.vendor=Oracle Corporation, java.vendor.url=http://java.oracle.com/, path.separator=:, java.vm.name=Java HotSpot(TM) 64-Bit Server VM, file.encoding.pkg=sun.io, user.country=US, sun.java.launcher=SUN_STANDARD, sun.os.patch.level=unknown, hibernate.ejb.naming_strategy=org.springframework.boot.orm.jpa.hibernate.SpringNamingStrategy, java.vm.specification.name=Java Virtual Machine Specification, user.dir=/opt/neutrino/nfvo/core/core-implementation, javax.persistence.sharedCache.mode=UNSPECIFIED, java.runtime.version=1.7.0_67-b01, java.awt.graphicsenv=sun.awt.CGraphicsEnvironment, java.endorsed.dirs=/Library/Java/JavaVirtualMachines/jdk1.7.0_67.jdk/Contents/Home/jre/lib/endorsed, os.arch=x86_64, java.io.tmpdir=/var/folders/6c/w3tnrhkd62nc33r800f10d240000gn/T/, line.separator=
, java.vm.specification.vendor=Oracle Corporation, user.variant=, os.name=Mac OS X, sun.jnu.encoding=UTF-8, java.library.path=/Users/lto/Library/Java/Extensions:/Library/Java/Extensions:/Network/Library/Java/Extensions:/System/Library/Java/Extensions:/usr/lib/java:., hibernate.ejb.persistenceUnitName=default, java.specification.name=Java Platform API Specification, java.class.version=51.0, hibernate.transaction.jta.platform=org.hibernate.engine.transaction.jta.platform.internal.NoJtaPlatform@cdabdca, sun.management.compiler=HotSpot 64-Bit Tiered Compilers, os.version=10.10.3, http.nonProxyHosts=local|*.local|169.254/16|*.169.254/16, user.home=/Users/lto, user.timezone=Europe/Berlin, java.awt.printerjob=sun.lwawt.macosx.CPrinterJob, java.specification.version=1.7, file.encoding=UTF-8, javax.persistence.nonJtaDataSource=org.springframework.jdbc.datasource.embedded.EmbeddedDatabaseFactory$EmbeddedDataSourceProxy@38e610e9, user.name=lto, java.class.path=/opt/neutrino/nfvo/core/core-implementation/build/classes/test:/opt/neutrino/nfvo/core/core-implementation/build/resources/test:/opt/neutrino/nfvo/core/core-implementation/build/classes/main:/opt/neutrino/nfvo/core/core-implementation/build/resources/main:/Users/lto/.gradle/caches/modules-2/files-2.1/org.springframework.boot/spring-boot/1.2.3.RELEASE/2601c81786dd8d88fd7e53af1a3950ef45fd5507/spring-boot-1.2.3.RELEASE.jar:/Users/lto/.gradle/caches/modules-2/files-2.1/org.springframework.boot/spring-boot-starter-logging/1.2.3.RELEASE/43093c137ea9c6d26ca6341e17295c0a6c506dfb/spring-boot-starter-logging-1.2.3.RELEASE.jar:/Users/lto/.gradle/caches/modules-2/files-2.1/org.springframework.boot/spring-boot-autoconfigure/1.2.3.RELEASE/11175f217ac34bdacd6282cd44310f211121e270/spring-boot-autoconfigure-1.2.3.RELEASE.jar:/Users/lto/.gradle/caches/modules-2/files-2.1/org.springframework/spring-jms/4.1.6.RELEASE/8becbaeaf6ab2eee3bb1e5fe435cf0592a0d20b9/spring-jms-4.1.6.RELEASE.jar:/Users/lto/.gradle/caches/modules-2/files-2.1/javax.jms/javax.jms-api/2.0.1/5faaa3864ff6025ce69809b60d65bda3e358610c/javax.jms-api-2.0.1.jar:/Users/lto/.gradle/caches/modules-2/files-2.1/org.apache.activemq/activemq-broker/5.11.1/596959fd779d1084569ff5fb7a021d0c40817c51/activemq-broker-5.11.1.jar:/Users/lto/.gradle/caches/modules-2/files-2.1/org.apache.activemq/activemq-kahadb-store/5.11.1/3f80ca5ea2d1a393a5edf1d8544db9698150e273/activemq-kahadb-store-5.11.1.jar:/Users/lto/.gradle/caches/modules-2/files-2.1/mysql/mysql-connector-java/5.1.35/b6ac941b7288376a7e8bc6490264bbd4427fb94e/mysql-connector-java-5.1.35.jar:/Users/lto/.gradle/caches/modules-2/files-2.1/org.hibernate/hibernate-entitymanager/4.3.8.Final/eeb1e6d969eb58627329e227da87ae284e93113d/hibernate-entitymanager-4.3.8.Final.jar:/Users/lto/.gradle/caches/modules-2/files-2.1/org.hibernate/hibernate-core/4.3.8.Final/72afcf795dea9d787141fbf665924d634471dcbf/hibernate-core-4.3.8.Final.jar:/Users/lto/.gradle/caches/modules-2/files-2.1/org.springframework/spring-orm/4.1.6.RELEASE/d5b70acee6ddfab47786c31114c89b895654cb97/spring-orm-4.1.6.RELEASE.jar:/Users/lto/.gradle/caches/modules-2/files-2.1/commons-dbcp/commons-dbcp/1.4/30be73c965cc990b153a100aaaaafcf239f82d39/commons-dbcp-1.4.jar:/opt/neutrino/nfvo/core/core-interfaces/build/libs/core-interfaces-0.1-SNAPSHOT.jar:/Users/lto/.gradle/caches/modules-2/files-2.1/org.springframework.boot/spring-boot-starter-data-jpa/1.2.3.RELEASE/c6acbb437aad944d4bc7272731381b0e93224519/spring-boot-starter-data-jpa-1.2.3.RELEASE.jar:/Users/lto/.gradle/caches/modules-2/files-2.1/org.hsqldb/hsqldb/2.3.2/970fd7b8f635e2c19305160459649569655b843c/hsqldb-2.3.2.jar:/Users/lto/.gradle/caches/modules-2/files-2.1/junit/junit/4.9/1013627e3993319870863a020034004717505815/junit-4.9.jar:/Users/lto/.gradle/caches/modules-2/files-2.1/org.springframework/spring-test/4.1.6.RELEASE/89612cafdac51bc92d9bd512e1863a9111a08b4e/spring-test-4.1.6.RELEASE.jar:/Users/lto/.gradle/caches/modules-2/files-2.1/org.mockito/mockito-core/1.9.5/c3264abeea62c4d2f367e21484fbb40c7e256393/mockito-core-1.9.5.jar:/Users/lto/.gradle/caches/modules-2/files-2.1/org.springframework.data/spring-data-jpa/1.8.0.RELEASE/13dc24ff3707dbded54d61501260c3fdf5cd9d8c/spring-data-jpa-1.8.0.RELEASE.jar:/Users/lto/.gradle/caches/modules-2/files-2.1/org.springframework/spring-core/4.1.6.RELEASE/e2f486124d5dea2d91a9c2ea7d4456bc343ca2cc/spring-core-4.1.6.RELEASE.jar:/Users/lto/.gradle/caches/modules-2/files-2.1/org.springframework/spring-context/4.1.6.RELEASE/15f0b22bf89ed468badbc4eec759af2b916d33e4/spring-context-4.1.6.RELEASE.jar:/Users/lto/.gradle/caches/modules-2/files-2.1/org.slf4j/jcl-over-slf4j/1.7.11/180246b7809ffae6293eea3d34e668ee948f0dc8/jcl-over-slf4j-1.7.11.jar:/Users/lto/.gradle/caches/modules-2/files-2.1/org.slf4j/jul-to-slf4j/1.7.11/87a1d59c837c57396bc20f433ee24ad3a59c7812/jul-to-slf4j-1.7.11.jar:/Users/lto/.gradle/caches/modules-2/files-2.1/org.slf4j/log4j-over-slf4j/1.7.11/4f51599470151c7b8ebec1d36767138f7fb7d427/log4j-over-slf4j-1.7.11.jar:/Users/lto/.gradle/caches/modules-2/files-2.1/ch.qos.logback/logback-classic/1.1.3/d90276fff414f06cb375f2057f6778cd63c6082f/logback-classic-1.1.3.jar:/Users/lto/.gradle/caches/modules-2/files-2.1/org.yaml/snakeyaml/1.14/c2df91929ed06a25001939929bff5120e0ea3fd4/snakeyaml-1.14.jar:/Users/lto/.gradle/caches/modules-2/files-2.1/org.springframework/spring-aop/4.1.6.RELEASE/686c13ba57d9423dede9c5d580dcadc5c67a2761/spring-aop-4.1.6.RELEASE.jar:/Users/lto/.gradle/caches/modules-2/files-2.1/org.springframework/spring-beans/4.1.6.RELEASE/ce2d409d470948f11fad41ffdf37dcff4d28cd7c/spring-beans-4.1.6.RELEASE.jar:/Users/lto/.gradle/caches/modules-2/files-2.1/org.springframework/spring-messaging/4.1.6.RELEASE/d39238370be17d8435069492a1cb0471e5be7e67/spring-messaging-4.1.6.RELEASE.jar:/Users/lto/.gradle/caches/modules-2/files-2.1/org.springframework/spring-tx/4.1.6.RELEASE/b5beecfa930e0e2ce6fb3999eee3f69c4776e6be/spring-tx-4.1.6.RELEASE.jar:/Users/lto/.gradle/caches/modules-2/files-2.1/org.apache.activemq/activemq-client/5.11.1/4d501ba53065be743dd66bf13e81a0512e33e860/activemq-client-5.11.1.jar:/Users/lto/.gradle/caches/modules-2/files-2.1/org.apache.activemq/activemq-openwire-legacy/5.11.1/8a164cddf1b144f37cd38c24960e4178283492ba/activemq-openwire-legacy-5.11.1.jar:/Users/lto/.gradle/caches/modules-2/files-2.1/org.apache.activemq.protobuf/activemq-protobuf/1.1/26682eb801f70563511f7c424dc10e8b3e66340e/activemq-protobuf-1.1.jar:/Users/lto/.gradle/caches/modules-2/files-2.1/org.apache.geronimo.specs/geronimo-j2ee-management_1.1_spec/1.0.1/5372615b0c04c1913c95c34a0414cef720ca2855/geronimo-j2ee-management_1.1_spec-1.0.1.jar:/Users/lto/.gradle/caches/modules-2/files-2.1/commons-net/commons-net/3.3/cd0d5510908225f76c5fe5a3f1df4fa44866f81e/commons-net-3.3.jar:/Users/lto/.gradle/caches/modules-2/files-2.1/org.jboss.logging/jboss-logging/3.1.3.GA/64499e907f19e5e1b3fdc02f81440c1832fe3545/jboss-logging-3.1.3.GA.jar:/Users/lto/.gradle/caches/modules-2/files-2.1/org.jboss.logging/jboss-logging-annotations/1.2.0.Beta1/2f437f37bb265d9f8f1392823dbca12d2bec06d6/jboss-logging-annotations-1.2.0.Beta1.jar:/Users/lto/.gradle/caches/modules-2/files-2.1/dom4j/dom4j/1.6.1/5d3ccc056b6f056dbf0dddfdf43894b9065a8f94/dom4j-1.6.1.jar:/Users/lto/.gradle/caches/modules-2/files-2.1/org.hibernate.common/hibernate-commons-annotations/4.0.5.Final/2a581b9edb8168e45060d8bad8b7f46712d2c52c/hibernate-commons-annotations-4.0.5.Final.jar:/Users/lto/.gradle/caches/modules-2/files-2.1/org.hibernate.javax.persistence/hibernate-jpa-2.1-api/1.0.0.Final/5e731d961297e5a07290bfaf3db1fbc8bbbf405a/hibernate-jpa-2.1-api-1.0.0.Final.jar:/Users/lto/.gradle/caches/modules-2/files-2.1/org.jboss.spec.javax.transaction/jboss-transaction-api_1.2_spec/1.0.0.Final/1f9fef7a9fcbb41cc390fc370a291cf30729e094/jboss-transaction-api_1.2_spec-1.0.0.Final.jar:/Users/lto/.gradle/caches/modules-2/files-2.1/org.javassist/javassist/3.18.1-GA/d9a09f7732226af26bf99f19e2cffe0ae219db5b/javassist-3.18.1-GA.jar:/Users/lto/.gradle/caches/modules-2/files-2.1/antlr/antlr/2.7.7/83cd2cd674a217ade95a4bb83a8a14f351f48bd0/antlr-2.7.7.jar:/Users/lto/.gradle/caches/modules-2/files-2.1/org.jboss/jandex/1.1.0.Final/e84a2122e76f0b6503be78094ddf2108057ac15f/jandex-1.1.0.Final.jar:/Users/lto/.gradle/caches/modules-2/files-2.1/org.springframework/spring-jdbc/4.1.6.RELEASE/895d8f28e64c0445e3ee9461963406123f06821c/spring-jdbc-4.1.6.RELEASE.jar:/Users/lto/.gradle/caches/modules-2/files-2.1/commons-pool/commons-pool/1.5.4/75b6e20c596ed2945a259cea26d7fadd298398e6/commons-pool-1.5.4.jar:/opt/neutrino/nfvo/catalogue/build/libs/catalogue-0.1-SNAPSHOT.jar:/Users/lto/.gradle/caches/modules-2/files-2.1/org.springframework.boot/spring-boot-starter/1.2.3.RELEASE/a50eea39bce85f09db0fc43d80e86aa767e8cc24/spring-boot-starter-1.2.3.RELEASE.jar:/Users/lto/.gradle/caches/modules-2/files-2.1/org.springframework.boot/spring-boot-starter-aop/1.2.3.RELEASE/7f46397536495f8b19e3dbba70bc7b32307120c6/spring-boot-starter-aop-1.2.3.RELEASE.jar:/Users/lto/.gradle/caches/modules-2/files-2.1/org.springframework.boot/spring-boot-starter-jdbc/1.2.3.RELEASE/36a0f2be54d91dc8ac063e61d57e1a38d084ed83/spring-boot-starter-jdbc-1.2.3.RELEASE.jar:/Users/lto/.gradle/caches/modules-2/files-2.1/javax.transaction/javax.transaction-api/1.2/d81aff979d603edd90dcd8db2abc1f4ce6479e3e/javax.transaction-api-1.2.jar:/Users/lto/.gradle/caches/modules-2/files-2.1/org.springframework/spring-aspects/4.1.6.RELEASE/4667823d6133f9543f12e58ddb6747ee4e4d42a5/spring-aspects-4.1.6.RELEASE.jar:/Users/lto/.gradle/caches/modules-2/files-2.1/org.hamcrest/hamcrest-core/1.1/860340562250678d1a344907ac75754e259cdb14/hamcrest-core-1.1.jar:/Users/lto/.gradle/caches/modules-2/files-2.1/org.objenesis/objenesis/1.0/9b473564e792c2bdf1449da1f0b1b5bff9805704/objenesis-1.0.jar:/Users/lto/.gradle/caches/modules-2/files-2.1/commons-logging/commons-logging/1.2/4bfc12adfe4842bf07b657f0369c4cb522955686/commons-logging-1.2.jar:/Users/lto/.gradle/caches/modules-2/files-2.1/org.springframework/spring-expression/4.1.6.RELEASE/8bf70887c2c883a6f6e552dbe46eec35c07adf6a/spring-expression-4.1.6.RELEASE.jar:/Users/lto/.gradle/caches/modules-2/files-2.1/org.slf4j/slf4j-api/1.7.11/7eaaaf2238f324e2b02dbd4d6ced6778b99328/slf4j-api-1.7.11.jar:/Users/lto/.gradle/caches/modules-2/files-2.1/ch.qos.logback/logback-core/1.1.3/e3c02049f2dbbc764681b40094ecf0dcbc99b157/logback-core-1.1.3.jar:/Users/lto/.gradle/caches/modules-2/files-2.1/aopalliance/aopalliance/1.0/235ba8b489512805ac13a8f9ea77a1ca5ebe3e8/aopalliance-1.0.jar:/Users/lto/.gradle/caches/modules-2/files-2.1/org.apache.geronimo.specs/geronimo-jms_1.1_spec/1.1.1/c872b46c601d8dc03633288b81269f9e42762cea/geronimo-jms_1.1_spec-1.1.1.jar:/Users/lto/.gradle/caches/modules-2/files-2.1/org.fusesource.hawtbuf/hawtbuf/1.11/8f0e50ad8bea37b84b698ec40cce09e47714a63e/hawtbuf-1.11.jar:/Users/lto/.gradle/caches/modules-2/files-2.1/xml-apis/xml-apis/1.0.b2/3136ca936f64c9d68529f048c2618bd356bf85c9/xml-apis-1.0.b2.jar:/Users/lto/.gradle/caches/modules-2/files-2.1/org.aspectj/aspectjrt/1.8.5/39a8ff2d1f79267907f5573c090b342b040b9682/aspectjrt-1.8.5.jar:/Users/lto/.gradle/caches/modules-2/files-2.1/org.aspectj/aspectjweaver/1.8.5/6004670a8cbcbe794d73ad00106779561ad1b180/aspectjweaver-1.8.5.jar:/Users/lto/.gradle/caches/modules-2/files-2.1/org.apache.tomcat/tomcat-jdbc/8.0.20/7802cb686f4dec006ae31b86b283ddd45f4a3d/tomcat-jdbc-8.0.20.jar:/Users/lto/.gradle/caches/modules-2/files-2.1/org.apache.tomcat/tomcat-juli/8.0.20/f1654901f9bd84c03c648099335dd2f7e7085f90/tomcat-juli-8.0.20.jar:/Users/lto/.gradle/caches/modules-2/files-2.1/org.springframework.data/spring-data-commons/1.10.0.RELEASE/f3c8d801fc68907ddef15d0d28ab2b3564900b14/spring-data-commons-1.10.0.RELEASE.jar, hibernate.bytecode.use_reflection_optimizer=false, hibernate.show_sql=false, javax.persistence.validation.mode=AUTO, java.vm.specification.version=1.7, sun.arch.data.model=64, java.home=/Library/Java/JavaVirtualMachines/jdk1.7.0_67.jdk/Contents/Home/jre, sun.java.command=jarjar.org.gradle.process.internal.launcher.GradleWorkerMain 'Gradle Test Executor 3', hibernate.dialect=org.hibernate.dialect.MySQL5Dialect, java.specification.vendor=Oracle Corporation, user.language=en, awt.toolkit=sun.lwawt.macosx.LWCToolkit, java.vm.info=mixed mode, java.version=1.7.0_67, java.ext.dirs=/Users/lto/Library/Java/Extensions:/Library/Java/JavaVirtualMachines/jdk1.7.0_67.jdk/Contents/Home/jre/lib/ext:/Library/Java/Extensions:/Network/Library/Java/Extensions:/System/Library/Java/Extensions:/usr/lib/java, sun.boot.class.path=/Library/Java/JavaVirtualMachines/jdk1.7.0_67.jdk/Contents/Home/jre/lib/resources.jar:/Library/Java/JavaVirtualMachines/jdk1.7.0_67.jdk/Contents/Home/jre/lib/rt.jar:/Library/Java/JavaVirtualMachines/jdk1.7.0_67.jdk/Contents/Home/jre/lib/sunrsasign.jar:/Library/Java/JavaVirtualMachines/jdk1.7.0_67.jdk/Contents/Home/jre/lib/jsse.jar:/Library/Java/JavaVirtualMachines/jdk1.7.0_67.jdk/Contents/Home/jre/lib/jce.jar:/Library/Java/JavaVirtualMachines/jdk1.7.0_67.jdk/Contents/Home/jre/lib/charsets.jar:/Library/Java/JavaVirtualMachines/jdk1.7.0_67.jdk/Contents/Home/jre/lib/jfr.jar:/Library/Java/JavaVirtualMachines/jdk1.7.0_67.jdk/Contents/Home/jre/classes, java.vendor=Oracle Corporation, org.gradle.test.worker=3, file.separator=/, java.vendor.url.bug=http://bugreport.sun.com/bugreport/, hibernate.hbm2ddl.auto=create-drop, sun.cpu.endian=little, sun.io.unicode.encoding=UnicodeBig, socksNonProxyHosts=local|*.local|169.254/16|*.169.254/16, ftp.nonProxyHosts=local|*.local|169.254/16|*.169.254/16, sun.cpu.isalist=}
13:23:05.920 [Test worker] DEBUG o.h.secure.spi.JaccIntegrator - Skipping JACC integration as it was not enabled
13:23:05.923 [Test worker] DEBUG o.hibernate.engine.spi.CascadeStyles - External cascade style regsitration [persist : STYLE_PERSIST_SKIPLAZY] overrode base registration [STYLE_PERSIST]
13:23:05.979 [Test worker] DEBUG o.h.i.f.i.DefaultIdentifierGeneratorFactory - Setting dialect [org.hibernate.dialect.MySQL5Dialect]
13:23:05.979 [Test worker] DEBUG o.h.i.f.i.DefaultIdentifierGeneratorFactory - Setting dialect [org.hibernate.dialect.MySQL5Dialect]
13:23:05.979 [Test worker] DEBUG o.h.i.f.i.DefaultIdentifierGeneratorFactory - Setting dialect [org.hibernate.dialect.MySQL5Dialect]
13:23:05.979 [Test worker] DEBUG o.h.i.f.i.DefaultIdentifierGeneratorFactory - Setting dialect [org.hibernate.dialect.MySQL5Dialect]
13:23:05.980 [Test worker] DEBUG o.h.i.f.i.DefaultIdentifierGeneratorFactory - Setting dialect [org.hibernate.dialect.MySQL5Dialect]
13:23:05.980 [Test worker] DEBUG o.h.i.f.i.DefaultIdentifierGeneratorFactory - Setting dialect [org.hibernate.dialect.MySQL5Dialect]
13:23:05.980 [Test worker] DEBUG o.h.i.f.i.DefaultIdentifierGeneratorFactory - Setting dialect [org.hibernate.dialect.MySQL5Dialect]
13:23:05.980 [Test worker] DEBUG o.h.i.f.i.DefaultIdentifierGeneratorFactory - Setting dialect [org.hibernate.dialect.MySQL5Dialect]
13:23:05.980 [Test worker] DEBUG o.h.i.f.i.DefaultIdentifierGeneratorFactory - Setting dialect [org.hibernate.dialect.MySQL5Dialect]
13:23:05.980 [Test worker] DEBUG o.h.i.f.i.DefaultIdentifierGeneratorFactory - Setting dialect [org.hibernate.dialect.MySQL5Dialect]
13:23:05.980 [Test worker] DEBUG o.h.i.f.i.DefaultIdentifierGeneratorFactory - Setting dialect [org.hibernate.dialect.MySQL5Dialect]
13:23:05.981 [Test worker] DEBUG o.h.i.f.i.DefaultIdentifierGeneratorFactory - Setting dialect [org.hibernate.dialect.MySQL5Dialect]
13:23:05.981 [Test worker] DEBUG o.h.i.f.i.DefaultIdentifierGeneratorFactory - Setting dialect [org.hibernate.dialect.MySQL5Dialect]
13:23:05.981 [Test worker] DEBUG o.h.i.f.i.DefaultIdentifierGeneratorFactory - Setting dialect [org.hibernate.dialect.MySQL5Dialect]
13:23:05.981 [Test worker] DEBUG o.h.i.f.i.DefaultIdentifierGeneratorFactory - Setting dialect [org.hibernate.dialect.MySQL5Dialect]
13:23:05.981 [Test worker] DEBUG o.h.i.f.i.DefaultIdentifierGeneratorFactory - Setting dialect [org.hibernate.dialect.MySQL5Dialect]
13:23:05.981 [Test worker] DEBUG o.h.i.f.i.DefaultIdentifierGeneratorFactory - Setting dialect [org.hibernate.dialect.MySQL5Dialect]
13:23:05.982 [Test worker] DEBUG o.h.i.f.i.DefaultIdentifierGeneratorFactory - Setting dialect [org.hibernate.dialect.MySQL5Dialect]
13:23:05.982 [Test worker] DEBUG o.h.i.f.i.DefaultIdentifierGeneratorFactory - Setting dialect [org.hibernate.dialect.MySQL5Dialect]
13:23:05.982 [Test worker] DEBUG o.h.i.f.i.DefaultIdentifierGeneratorFactory - Setting dialect [org.hibernate.dialect.MySQL5Dialect]
13:23:05.982 [Test worker] DEBUG o.h.i.f.i.DefaultIdentifierGeneratorFactory - Setting dialect [org.hibernate.dialect.MySQL5Dialect]
13:23:05.982 [Test worker] DEBUG o.h.i.f.i.DefaultIdentifierGeneratorFactory - Setting dialect [org.hibernate.dialect.MySQL5Dialect]
13:23:06.165 [Test worker] DEBUG o.h.p.c.AbstractCollectionPersister - Static SQL for collection: org.project.neutrino.nfvo.catalogue.mano.descriptor.VirtualNetworkFunctionDescriptor.virtual_link
13:23:06.165 [Test worker] DEBUG o.h.p.c.AbstractCollectionPersister -  Row insert: insert into virtual_network_function_descriptor_virtual_link (virtual_network_function_descriptor_Id, virtual_link_id) values (?, ?)
13:23:06.166 [Test worker] DEBUG o.h.p.c.AbstractCollectionPersister -  Row update: update virtual_network_function_descriptor_virtual_link set virtual_link_id=? where virtual_network_function_descriptor_Id=? and virtual_link_id=?
13:23:06.166 [Test worker] DEBUG o.h.p.c.AbstractCollectionPersister -  Row delete: delete from virtual_network_function_descriptor_virtual_link where virtual_network_function_descriptor_Id=? and virtual_link_id=?
13:23:06.166 [Test worker] DEBUG o.h.p.c.AbstractCollectionPersister -  One-shot delete: delete from virtual_network_function_descriptor_virtual_link where virtual_network_function_descriptor_Id=?
13:23:06.166 [Test worker] DEBUG o.h.p.c.AbstractCollectionPersister - Static SQL for collection: org.project.neutrino.nfvo.catalogue.mano.descriptor.VirtualNetworkFunctionDescriptor.manifest_file_security
13:23:06.166 [Test worker] DEBUG o.h.p.c.AbstractCollectionPersister -  Row insert: insert into virtual_network_function_descriptor_manifest_file_security (virtual_network_function_descriptor_Id, manifest_file_security_id) values (?, ?)
13:23:06.166 [Test worker] DEBUG o.h.p.c.AbstractCollectionPersister -  Row update: update virtual_network_function_descriptor_manifest_file_security set manifest_file_security_id=? where virtual_network_function_descriptor_Id=? and manifest_file_security_id=?
13:23:06.166 [Test worker] DEBUG o.h.p.c.AbstractCollectionPersister -  Row delete: delete from virtual_network_function_descriptor_manifest_file_security where virtual_network_function_descriptor_Id=? and manifest_file_security_id=?
13:23:06.166 [Test worker] DEBUG o.h.p.c.AbstractCollectionPersister -  One-shot delete: delete from virtual_network_function_descriptor_manifest_file_security where virtual_network_function_descriptor_Id=?
13:23:06.167 [Test worker] DEBUG o.h.p.c.AbstractCollectionPersister - Static SQL for collection: org.project.neutrino.nfvo.catalogue.mano.record.VirtualNetworkFunctionRecord.auto_scale_policy
13:23:06.167 [Test worker] DEBUG o.h.p.c.AbstractCollectionPersister -  Row insert: insert into virtual_network_function_record_auto_scale_policy (virtual_network_function_record_id, auto_scale_policy_id) values (?, ?)
13:23:06.167 [Test worker] DEBUG o.h.p.c.AbstractCollectionPersister -  Row update: update virtual_network_function_record_auto_scale_policy set auto_scale_policy_id=? where virtual_network_function_record_id=? and auto_scale_policy_id=?
13:23:06.167 [Test worker] DEBUG o.h.p.c.AbstractCollectionPersister -  Row delete: delete from virtual_network_function_record_auto_scale_policy where virtual_network_function_record_id=? and auto_scale_policy_id=?
13:23:06.167 [Test worker] DEBUG o.h.p.c.AbstractCollectionPersister -  One-shot delete: delete from virtual_network_function_record_auto_scale_policy where virtual_network_function_record_id=?
13:23:06.167 [Test worker] DEBUG o.h.p.c.AbstractCollectionPersister - Static SQL for collection: org.project.neutrino.nfvo.catalogue.mano.record.VirtualNetworkFunctionRecord.virtual_link
13:23:06.167 [Test worker] DEBUG o.h.p.c.AbstractCollectionPersister -  Row insert: insert into virtual_network_function_record_virtual_link (virtual_network_function_record_id, virtual_link_id) values (?, ?)
13:23:06.167 [Test worker] DEBUG o.h.p.c.AbstractCollectionPersister -  Row update: update virtual_network_function_record_virtual_link set virtual_link_id=? where virtual_network_function_record_id=? and virtual_link_id=?
13:23:06.167 [Test worker] DEBUG o.h.p.c.AbstractCollectionPersister -  Row delete: delete from virtual_network_function_record_virtual_link where virtual_network_function_record_id=? and virtual_link_id=?
13:23:06.167 [Test worker] DEBUG o.h.p.c.AbstractCollectionPersister -  One-shot delete: delete from virtual_network_function_record_virtual_link where virtual_network_function_record_id=?
13:23:06.168 [Test worker] DEBUG o.h.p.c.AbstractCollectionPersister - Static SQL for collection: org.project.neutrino.nfvo.catalogue.mano.common.NFVEntityDescriptor.vnffgd
13:23:06.168 [Test worker] DEBUG o.h.p.c.AbstractCollectionPersister -  Row insert: insert into nfventity_descriptor_vnffgd (nfventity_descriptor_Id, vnffgd_id) values (?, ?)
13:23:06.168 [Test worker] DEBUG o.h.p.c.AbstractCollectionPersister -  Row update: update nfventity_descriptor_vnffgd set vnffgd_id=? where nfventity_descriptor_Id=? and vnffgd_id=?
13:23:06.168 [Test worker] DEBUG o.h.p.c.AbstractCollectionPersister -  Row delete: delete from nfventity_descriptor_vnffgd where nfventity_descriptor_Id=? and vnffgd_id=?
13:23:06.168 [Test worker] DEBUG o.h.p.c.AbstractCollectionPersister -  One-shot delete: delete from nfventity_descriptor_vnffgd where nfventity_descriptor_Id=?
13:23:06.168 [Test worker] DEBUG o.h.p.c.AbstractCollectionPersister - Static SQL for collection: org.project.neutrino.nfvo.catalogue.mano.descriptor.VNFForwardingGraph.network_forwarding_path
13:23:06.168 [Test worker] DEBUG o.h.p.c.AbstractCollectionPersister -  Row insert: insert into vnfforwarding_graph_network_forwarding_path (vnfforwarding_graph_id, network_forwarding_path_id) values (?, ?)
13:23:06.168 [Test worker] DEBUG o.h.p.c.AbstractCollectionPersister -  Row update: update vnfforwarding_graph_network_forwarding_path set network_forwarding_path_id=? where vnfforwarding_graph_id=? and network_forwarding_path_id=?
13:23:06.168 [Test worker] DEBUG o.h.p.c.AbstractCollectionPersister -  Row delete: delete from vnfforwarding_graph_network_forwarding_path where vnfforwarding_graph_id=? and network_forwarding_path_id=?
13:23:06.168 [Test worker] DEBUG o.h.p.c.AbstractCollectionPersister -  One-shot delete: delete from vnfforwarding_graph_network_forwarding_path where vnfforwarding_graph_id=?
13:23:06.169 [Test worker] DEBUG o.h.p.c.AbstractCollectionPersister - Static SQL for collection: org.project.neutrino.nfvo.catalogue.mano.record.VirtualLinkRecord.vnffgr_reference
13:23:06.169 [Test worker] DEBUG o.h.p.c.AbstractCollectionPersister -  Row insert: insert into virtual_link_record_vnffgr_reference (virtual_link_record_id, vnffgr_reference_id) values (?, ?)
13:23:06.169 [Test worker] DEBUG o.h.p.c.AbstractCollectionPersister -  Row update: update virtual_link_record_vnffgr_reference set vnffgr_reference_id=? where virtual_link_record_id=? and vnffgr_reference_id=?
13:23:06.169 [Test worker] DEBUG o.h.p.c.AbstractCollectionPersister -  Row delete: delete from virtual_link_record_vnffgr_reference where virtual_link_record_id=? and vnffgr_reference_id=?
13:23:06.169 [Test worker] DEBUG o.h.p.c.AbstractCollectionPersister -  One-shot delete: delete from virtual_link_record_vnffgr_reference where virtual_link_record_id=?
13:23:06.169 [Test worker] DEBUG o.h.p.c.AbstractCollectionPersister - Static SQL for collection: org.project.neutrino.nfvo.catalogue.mano.descriptor.VirtualDeploymentUnit.vm_image
13:23:06.169 [Test worker] DEBUG o.h.p.c.AbstractCollectionPersister -  Row insert: insert into virtual_deployment_unit_vm_image (virtual_deployment_unit_id, vm_image) values (?, ?)
13:23:06.169 [Test worker] DEBUG o.h.p.c.AbstractCollectionPersister -  Row update: update virtual_deployment_unit_vm_image set vm_image=? where virtual_deployment_unit_id=? and vm_image=?
13:23:06.169 [Test worker] DEBUG o.h.p.c.AbstractCollectionPersister -  Row delete: delete from virtual_deployment_unit_vm_image where virtual_deployment_unit_id=? and vm_image=?
13:23:06.170 [Test worker] DEBUG o.h.p.c.AbstractCollectionPersister -  One-shot delete: delete from virtual_deployment_unit_vm_image where virtual_deployment_unit_id=?
13:23:06.170 [Test worker] DEBUG o.h.p.c.AbstractCollectionPersister - Static SQL for collection: org.project.neutrino.nfvo.catalogue.mano.descriptor.VNFDDeploymentFlavour.df_constraint
13:23:06.170 [Test worker] DEBUG o.h.p.c.AbstractCollectionPersister -  Row insert: insert into vnfddeployment_flavour_df_constraint (vnfddeployment_flavour_id, df_constraint) values (?, ?)
13:23:06.170 [Test worker] DEBUG o.h.p.c.AbstractCollectionPersister -  Row update: update vnfddeployment_flavour_df_constraint set df_constraint=? where vnfddeployment_flavour_id=? and df_constraint=?
13:23:06.170 [Test worker] DEBUG o.h.p.c.AbstractCollectionPersister -  Row delete: delete from vnfddeployment_flavour_df_constraint where vnfddeployment_flavour_id=? and df_constraint=?
13:23:06.170 [Test worker] DEBUG o.h.p.c.AbstractCollectionPersister -  One-shot delete: delete from vnfddeployment_flavour_df_constraint where vnfddeployment_flavour_id=?
13:23:06.171 [Test worker] DEBUG o.h.p.c.AbstractCollectionPersister - Static SQL for collection: org.project.neutrino.nfvo.catalogue.mano.record.NetworkServiceRecord.monitoring_parameter
13:23:06.171 [Test worker] DEBUG o.h.p.c.AbstractCollectionPersister -  Row insert: insert into network_service_record_monitoring_parameter (network_service_record_id, monitoring_parameter) values (?, ?)
13:23:06.171 [Test worker] DEBUG o.h.p.c.AbstractCollectionPersister -  Row update: update network_service_record_monitoring_parameter set monitoring_parameter=? where network_service_record_id=? and monitoring_parameter=?
13:23:06.171 [Test worker] DEBUG o.h.p.c.AbstractCollectionPersister -  Row delete: delete from network_service_record_monitoring_parameter where network_service_record_id=? and monitoring_parameter=?
13:23:06.171 [Test worker] DEBUG o.h.p.c.AbstractCollectionPersister -  One-shot delete: delete from network_service_record_monitoring_parameter where network_service_record_id=?
13:23:06.171 [Test worker] DEBUG o.h.p.c.AbstractCollectionPersister - Static SQL for collection: org.project.neutrino.nfvo.catalogue.mano.record.VNFForwardingGraphRecord.lifecycle_event_history
13:23:06.171 [Test worker] DEBUG o.h.p.c.AbstractCollectionPersister -  Row insert: insert into vnfforwarding_graph_record_lifecycle_event_history (vnfforwarding_graph_record_id, lifecycle_event_history_id) values (?, ?)
13:23:06.171 [Test worker] DEBUG o.h.p.c.AbstractCollectionPersister -  Row update: update vnfforwarding_graph_record_lifecycle_event_history set lifecycle_event_history_id=? where vnfforwarding_graph_record_id=? and lifecycle_event_history_id=?
13:23:06.171 [Test worker] DEBUG o.h.p.c.AbstractCollectionPersister -  Row delete: delete from vnfforwarding_graph_record_lifecycle_event_history where vnfforwarding_graph_record_id=? and lifecycle_event_history_id=?
13:23:06.172 [Test worker] DEBUG o.h.p.c.AbstractCollectionPersister -  One-shot delete: delete from vnfforwarding_graph_record_lifecycle_event_history where vnfforwarding_graph_record_id=?
13:23:06.172 [Test worker] DEBUG o.h.p.c.AbstractCollectionPersister - Static SQL for collection: org.project.neutrino.nfvo.catalogue.mano.descriptor.VirtualNetworkFunctionDescriptor.deployment_flavour
13:23:06.172 [Test worker] DEBUG o.h.p.c.AbstractCollectionPersister -  Row insert: insert into virtual_network_function_descriptor_deployment_flavour (virtual_network_function_descriptor_Id, deployment_flavour_id) values (?, ?)
13:23:06.172 [Test worker] DEBUG o.h.p.c.AbstractCollectionPersister -  Row update: update virtual_network_function_descriptor_deployment_flavour set deployment_flavour_id=? where virtual_network_function_descriptor_Id=? and deployment_flavour_id=?
13:23:06.172 [Test worker] DEBUG o.h.p.c.AbstractCollectionPersister -  Row delete: delete from virtual_network_function_descriptor_deployment_flavour where virtual_network_function_descriptor_Id=? and deployment_flavour_id=?
13:23:06.172 [Test worker] DEBUG o.h.p.c.AbstractCollectionPersister -  One-shot delete: delete from virtual_network_function_descriptor_deployment_flavour where virtual_network_function_descriptor_Id=?
13:23:06.172 [Test worker] DEBUG o.h.p.c.AbstractCollectionPersister - Static SQL for collection: org.project.neutrino.nfvo.catalogue.mano.descriptor.VirtualDeploymentUnit.monitoring_parameter
13:23:06.172 [Test worker] DEBUG o.h.p.c.AbstractCollectionPersister -  Row insert: insert into virtual_deployment_unit_monitoring_parameter (virtual_deployment_unit_id, monitoring_parameter) values (?, ?)
13:23:06.172 [Test worker] DEBUG o.h.p.c.AbstractCollectionPersister -  Row update: update virtual_deployment_unit_monitoring_parameter set monitoring_parameter=? where virtual_deployment_unit_id=? and monitoring_parameter=?
13:23:06.173 [Test worker] DEBUG o.h.p.c.AbstractCollectionPersister -  Row delete: delete from virtual_deployment_unit_monitoring_parameter where virtual_deployment_unit_id=? and monitoring_parameter=?
13:23:06.173 [Test worker] DEBUG o.h.p.c.AbstractCollectionPersister -  One-shot delete: delete from virtual_deployment_unit_monitoring_parameter where virtual_deployment_unit_id=?
13:23:06.173 [Test worker] DEBUG o.h.p.c.AbstractCollectionPersister - Static SQL for collection: org.project.neutrino.nfvo.catalogue.mano.record.VirtualNetworkFunctionRecord.runtime_policy_info
13:23:06.173 [Test worker] DEBUG o.h.p.c.AbstractCollectionPersister -  Row insert: insert into virtual_network_function_record_runtime_policy_info (virtual_network_function_record_id, runtime_policy_info) values (?, ?)
13:23:06.173 [Test worker] DEBUG o.h.p.c.AbstractCollectionPersister -  Row update: update virtual_network_function_record_runtime_policy_info set runtime_policy_info=? where virtual_network_function_record_id=? and runtime_policy_info=?
13:23:06.173 [Test worker] DEBUG o.h.p.c.AbstractCollectionPersister -  Row delete: delete from virtual_network_function_record_runtime_policy_info where virtual_network_function_record_id=? and runtime_policy_info=?
13:23:06.173 [Test worker] DEBUG o.h.p.c.AbstractCollectionPersister -  One-shot delete: delete from virtual_network_function_record_runtime_policy_info where virtual_network_function_record_id=?
13:23:06.173 [Test worker] DEBUG o.h.p.c.AbstractCollectionPersister - Static SQL for collection: org.project.neutrino.nfvo.catalogue.mano.common.NFVEntityDescriptor.connection_point
13:23:06.173 [Test worker] DEBUG o.h.p.c.AbstractCollectionPersister -  Row insert: insert into nfventity_descriptor_connection_point (nfventity_descriptor_Id, connection_point_id) values (?, ?)
13:23:06.173 [Test worker] DEBUG o.h.p.c.AbstractCollectionPersister -  Row update: update nfventity_descriptor_connection_point set connection_point_id=? where nfventity_descriptor_Id=? and connection_point_id=?
13:23:06.174 [Test worker] DEBUG o.h.p.c.AbstractCollectionPersister -  Row delete: delete from nfventity_descriptor_connection_point where nfventity_descriptor_Id=? and connection_point_id=?
13:23:06.174 [Test worker] DEBUG o.h.p.c.AbstractCollectionPersister -  One-shot delete: delete from nfventity_descriptor_connection_point where nfventity_descriptor_Id=?
13:23:06.174 [Test worker] DEBUG o.h.p.c.AbstractCollectionPersister - Static SQL for collection: org.project.neutrino.nfvo.catalogue.mano.descriptor.NetworkForwardingPath.connection
13:23:06.174 [Test worker] DEBUG o.h.p.c.AbstractCollectionPersister -  Row insert: insert into network_forwarding_path_connection (network_forwarding_path_id, connection_key, connection) values (?, ?, ?)
13:23:06.174 [Test worker] DEBUG o.h.p.c.AbstractCollectionPersister -  Row update: update network_forwarding_path_connection set connection=? where network_forwarding_path_id=? and connection_key=?
13:23:06.174 [Test worker] DEBUG o.h.p.c.AbstractCollectionPersister -  Row delete: delete from network_forwarding_path_connection where network_forwarding_path_id=? and connection_key=?
13:23:06.175 [Test worker] DEBUG o.h.p.c.AbstractCollectionPersister -  One-shot delete: delete from network_forwarding_path_connection where network_forwarding_path_id=?
13:23:06.175 [Test worker] DEBUG o.h.p.c.AbstractCollectionPersister - Static SQL for collection: org.project.neutrino.nfvo.catalogue.mano.descriptor.NetworkServiceDescriptor.vnf_dependency
13:23:06.175 [Test worker] DEBUG o.h.p.c.AbstractCollectionPersister -  Row insert: insert into network_service_descriptor_vnf_dependency (network_service_descriptor_Id, vnf_dependency_id) values (?, ?)
13:23:06.175 [Test worker] DEBUG o.h.p.c.AbstractCollectionPersister -  Row update: update network_service_descriptor_vnf_dependency set vnf_dependency_id=? where network_service_descriptor_Id=? and vnf_dependency_id=?
13:23:06.175 [Test worker] DEBUG o.h.p.c.AbstractCollectionPersister -  Row delete: delete from network_service_descriptor_vnf_dependency where network_service_descriptor_Id=? and vnf_dependency_id=?
13:23:06.175 [Test worker] DEBUG o.h.p.c.AbstractCollectionPersister -  One-shot delete: delete from network_service_descriptor_vnf_dependency where network_service_descriptor_Id=?
13:23:06.175 [Test worker] DEBUG o.h.p.c.AbstractCollectionPersister - Static SQL for collection: org.project.neutrino.nfvo.catalogue.mano.record.VNFForwardingGraphRecord.connection_point
13:23:06.175 [Test worker] DEBUG o.h.p.c.AbstractCollectionPersister -  Row insert: insert into vnfforwarding_graph_record_connection_point (vnfforwarding_graph_record_id, connection_point_id) values (?, ?)
13:23:06.175 [Test worker] DEBUG o.h.p.c.AbstractCollectionPersister -  Row update: update vnfforwarding_graph_record_connection_point set connection_point_id=? where vnfforwarding_graph_record_id=? and connection_point_id=?
13:23:06.175 [Test worker] DEBUG o.h.p.c.AbstractCollectionPersister -  Row delete: delete from vnfforwarding_graph_record_connection_point where vnfforwarding_graph_record_id=? and connection_point_id=?
13:23:06.176 [Test worker] DEBUG o.h.p.c.AbstractCollectionPersister -  One-shot delete: delete from vnfforwarding_graph_record_connection_point where vnfforwarding_graph_record_id=?
13:23:06.176 [Test worker] DEBUG o.h.p.c.AbstractCollectionPersister - Static SQL for collection: org.project.neutrino.nfvo.catalogue.mano.record.VirtualLinkRecord.notification
13:23:06.176 [Test worker] DEBUG o.h.p.c.AbstractCollectionPersister -  Row insert: insert into virtual_link_record_notification (virtual_link_record_id, notification) values (?, ?)
13:23:06.176 [Test worker] DEBUG o.h.p.c.AbstractCollectionPersister -  Row update: update virtual_link_record_notification set notification=? where virtual_link_record_id=? and notification=?
13:23:06.176 [Test worker] DEBUG o.h.p.c.AbstractCollectionPersister -  Row delete: delete from virtual_link_record_notification where virtual_link_record_id=? and notification=?
13:23:06.176 [Test worker] DEBUG o.h.p.c.AbstractCollectionPersister -  One-shot delete: delete from virtual_link_record_notification where virtual_link_record_id=?
13:23:06.176 [Test worker] DEBUG o.h.p.c.AbstractCollectionPersister - Static SQL for collection: org.project.neutrino.nfvo.catalogue.mano.record.NetworkServiceRecord.vlr
13:23:06.176 [Test worker] DEBUG o.h.p.c.AbstractCollectionPersister -  Row insert: insert into network_service_record_vlr (network_service_record_id, vlr_id) values (?, ?)
13:23:06.176 [Test worker] DEBUG o.h.p.c.AbstractCollectionPersister -  Row update: update network_service_record_vlr set vlr_id=? where network_service_record_id=? and vlr_id=?
13:23:06.176 [Test worker] DEBUG o.h.p.c.AbstractCollectionPersister -  Row delete: delete from network_service_record_vlr where network_service_record_id=? and vlr_id=?
13:23:06.176 [Test worker] DEBUG o.h.p.c.AbstractCollectionPersister -  One-shot delete: delete from network_service_record_vlr where network_service_record_id=?
13:23:06.177 [Test worker] DEBUG o.h.p.c.AbstractCollectionPersister - Static SQL for collection: org.project.neutrino.nfvo.catalogue.mano.descriptor.VNFDDeploymentFlavour.costituent_vdu
13:23:06.177 [Test worker] DEBUG o.h.p.c.AbstractCollectionPersister -  Row insert: insert into vnfddeployment_flavour_costituent_vdu (vnfddeployment_flavour_id, costituent_vdu_id) values (?, ?)
13:23:06.177 [Test worker] DEBUG o.h.p.c.AbstractCollectionPersister -  Row update: update vnfddeployment_flavour_costituent_vdu set costituent_vdu_id=? where vnfddeployment_flavour_id=? and costituent_vdu_id=?
13:23:06.177 [Test worker] DEBUG o.h.p.c.AbstractCollectionPersister -  Row delete: delete from vnfddeployment_flavour_costituent_vdu where vnfddeployment_flavour_id=? and costituent_vdu_id=?
13:23:06.177 [Test worker] DEBUG o.h.p.c.AbstractCollectionPersister -  One-shot delete: delete from vnfddeployment_flavour_costituent_vdu where vnfddeployment_flavour_id=?
13:23:06.177 [Test worker] DEBUG o.h.p.c.AbstractCollectionPersister - Static SQL for collection: org.project.neutrino.nfvo.catalogue.mano.descriptor.VNFComponent.connection_point
13:23:06.177 [Test worker] DEBUG o.h.p.c.AbstractCollectionPersister -  Row insert: insert into vnfcomponent_connection_point (vnfcomponent_id, connection_point_id) values (?, ?)
13:23:06.177 [Test worker] DEBUG o.h.p.c.AbstractCollectionPersister -  Row update: update vnfcomponent_connection_point set connection_point_id=? where vnfcomponent_id=? and connection_point_id=?
13:23:06.177 [Test worker] DEBUG o.h.p.c.AbstractCollectionPersister -  Row delete: delete from vnfcomponent_connection_point where vnfcomponent_id=? and connection_point_id=?
13:23:06.178 [Test worker] DEBUG o.h.p.c.AbstractCollectionPersister -  One-shot delete: delete from vnfcomponent_connection_point where vnfcomponent_id=?
13:23:06.178 [Test worker] DEBUG o.h.p.c.AbstractCollectionPersister - Static SQL for collection: org.project.neutrino.nfvo.catalogue.mano.record.VirtualNetworkFunctionRecord.dependency
13:23:06.178 [Test worker] DEBUG o.h.p.c.AbstractCollectionPersister -  Row insert: insert into virtual_network_function_record_dependency (virtual_network_function_record_id, dependency_id) values (?, ?)
13:23:06.178 [Test worker] DEBUG o.h.p.c.AbstractCollectionPersister -  Row update: update virtual_network_function_record_dependency set dependency_id=? where virtual_network_function_record_id=? and dependency_id=?
13:23:06.178 [Test worker] DEBUG o.h.p.c.AbstractCollectionPersister -  Row delete: delete from virtual_network_function_record_dependency where virtual_network_function_record_id=? and dependency_id=?
13:23:06.178 [Test worker] DEBUG o.h.p.c.AbstractCollectionPersister -  One-shot delete: delete from virtual_network_function_record_dependency where virtual_network_function_record_id=?
13:23:06.178 [Test worker] DEBUG o.h.p.c.AbstractCollectionPersister - Static SQL for collection: org.project.neutrino.nfvo.catalogue.mano.common.NFVEntityDescriptor.service_deployment_flavour
13:23:06.178 [Test worker] DEBUG o.h.p.c.AbstractCollectionPersister -  Row insert: insert into nfventity_descriptor_service_deployment_flavour (nfventity_descriptor_Id, service_deployment_flavour_id) values (?, ?)
13:23:06.178 [Test worker] DEBUG o.h.p.c.AbstractCollectionPersister -  Row update: update nfventity_descriptor_service_deployment_flavour set service_deployment_flavour_id=? where nfventity_descriptor_Id=? and service_deployment_flavour_id=?
13:23:06.178 [Test worker] DEBUG o.h.p.c.AbstractCollectionPersister -  Row delete: delete from nfventity_descriptor_service_deployment_flavour where nfventity_descriptor_Id=? and service_deployment_flavour_id=?
13:23:06.179 [Test worker] DEBUG o.h.p.c.AbstractCollectionPersister -  One-shot delete: delete from nfventity_descriptor_service_deployment_flavour where nfventity_descriptor_Id=?
13:23:06.179 [Test worker] DEBUG o.h.p.c.AbstractCollectionPersister - Static SQL for collection: org.project.neutrino.nfvo.catalogue.mano.record.PhysicalNetworkFunctionRecord.connection_point
13:23:06.179 [Test worker] DEBUG o.h.p.c.AbstractCollectionPersister -  Row insert: insert into physical_network_function_record_connection_point (physical_network_function_record_id, connection_point_id) values (?, ?)
13:23:06.179 [Test worker] DEBUG o.h.p.c.AbstractCollectionPersister -  Row update: update physical_network_function_record_connection_point set connection_point_id=? where physical_network_function_record_id=? and connection_point_id=?
13:23:06.179 [Test worker] DEBUG o.h.p.c.AbstractCollectionPersister -  Row delete: delete from physical_network_function_record_connection_point where physical_network_function_record_id=? and connection_point_id=?
13:23:06.179 [Test worker] DEBUG o.h.p.c.AbstractCollectionPersister -  One-shot delete: delete from physical_network_function_record_connection_point where physical_network_function_record_id=?
13:23:06.179 [Test worker] DEBUG o.h.p.c.AbstractCollectionPersister - Static SQL for collection: org.project.neutrino.nfvo.catalogue.mano.descriptor.VNFForwardingGraph.dependent_virtual_link
13:23:06.179 [Test worker] DEBUG o.h.p.c.AbstractCollectionPersister -  Row insert: insert into vnfforwarding_graph_dependent_virtual_link (vnfforwarding_graph_id, dependent_virtual_link_id) values (?, ?)
13:23:06.180 [Test worker] DEBUG o.h.p.c.AbstractCollectionPersister -  Row update: update vnfforwarding_graph_dependent_virtual_link set dependent_virtual_link_id=? where vnfforwarding_graph_id=? and dependent_virtual_link_id=?
13:23:06.180 [Test worker] DEBUG o.h.p.c.AbstractCollectionPersister -  Row delete: delete from vnfforwarding_graph_dependent_virtual_link where vnfforwarding_graph_id=? and dependent_virtual_link_id=?
13:23:06.180 [Test worker] DEBUG o.h.p.c.AbstractCollectionPersister -  One-shot delete: delete from vnfforwarding_graph_dependent_virtual_link where vnfforwarding_graph_id=?
13:23:06.180 [Test worker] DEBUG o.h.p.c.AbstractCollectionPersister - Static SQL for collection: org.project.neutrino.nfvo.catalogue.mano.record.VirtualNetworkFunctionRecord.connection_point
13:23:06.180 [Test worker] DEBUG o.h.p.c.AbstractCollectionPersister -  Row insert: insert into virtual_network_function_record_connection_point (virtual_network_function_record_id, connection_point_id) values (?, ?)
13:23:06.180 [Test worker] DEBUG o.h.p.c.AbstractCollectionPersister -  Row update: update virtual_network_function_record_connection_point set connection_point_id=? where virtual_network_function_record_id=? and connection_point_id=?
13:23:06.180 [Test worker] DEBUG o.h.p.c.AbstractCollectionPersister -  Row delete: delete from virtual_network_function_record_connection_point where virtual_network_function_record_id=? and connection_point_id=?
13:23:06.180 [Test worker] DEBUG o.h.p.c.AbstractCollectionPersister -  One-shot delete: delete from virtual_network_function_record_connection_point where virtual_network_function_record_id=?
13:23:06.181 [Test worker] DEBUG o.h.p.c.AbstractCollectionPersister - Static SQL for collection: org.project.neutrino.nfvo.catalogue.mano.descriptor.VirtualNetworkFunctionDescriptor.vdu_dependency
13:23:06.181 [Test worker] DEBUG o.h.p.c.AbstractCollectionPersister -  Row insert: insert into virtual_network_function_descriptor_vdu_dependency (virtual_network_function_descriptor_Id, vdu_dependency_id) values (?, ?)
13:23:06.181 [Test worker] DEBUG o.h.p.c.AbstractCollectionPersister -  Row update: update virtual_network_function_descriptor_vdu_dependency set vdu_dependency_id=? where virtual_network_function_descriptor_Id=? and vdu_dependency_id=?
13:23:06.181 [Test worker] DEBUG o.h.p.c.AbstractCollectionPersister -  Row delete: delete from virtual_network_function_descriptor_vdu_dependency where virtual_network_function_descriptor_Id=? and vdu_dependency_id=?
13:23:06.181 [Test worker] DEBUG o.h.p.c.AbstractCollectionPersister -  One-shot delete: delete from virtual_network_function_descriptor_vdu_dependency where virtual_network_function_descriptor_Id=?
13:23:06.181 [Test worker] DEBUG o.h.p.c.AbstractCollectionPersister - Static SQL for collection: org.project.neutrino.nfvo.catalogue.mano.descriptor.NetworkServiceDescriptor.vnfd
13:23:06.181 [Test worker] DEBUG o.h.p.c.AbstractCollectionPersister -  Row insert: insert into network_service_descriptor_vnfd (network_service_descriptor_Id, vnfd_Id) values (?, ?)
13:23:06.181 [Test worker] DEBUG o.h.p.c.AbstractCollectionPersister -  Row update: update network_service_descriptor_vnfd set vnfd_Id=? where network_service_descriptor_Id=? and vnfd_Id=?
13:23:06.181 [Test worker] DEBUG o.h.p.c.AbstractCollectionPersister -  Row delete: delete from network_service_descriptor_vnfd where network_service_descriptor_Id=? and vnfd_Id=?
13:23:06.182 [Test worker] DEBUG o.h.p.c.AbstractCollectionPersister -  One-shot delete: delete from network_service_descriptor_vnfd where network_service_descriptor_Id=?
13:23:06.182 [Test worker] DEBUG o.h.p.c.AbstractCollectionPersister - Static SQL for collection: org.project.neutrino.nfvo.catalogue.mano.descriptor.PhysicalNetworkFunctionDescriptor.connection_point
13:23:06.182 [Test worker] DEBUG o.h.p.c.AbstractCollectionPersister -  Row insert: insert into physical_network_function_descriptor_connection_point (physical_network_function_descriptor_id, connection_point_id) values (?, ?)
13:23:06.182 [Test worker] DEBUG o.h.p.c.AbstractCollectionPersister -  Row update: update physical_network_function_descriptor_connection_point set connection_point_id=? where physical_network_function_descriptor_id=? and connection_point_id=?
13:23:06.182 [Test worker] DEBUG o.h.p.c.AbstractCollectionPersister -  Row delete: delete from physical_network_function_descriptor_connection_point where physical_network_function_descriptor_id=? and connection_point_id=?
13:23:06.182 [Test worker] DEBUG o.h.p.c.AbstractCollectionPersister -  One-shot delete: delete from physical_network_function_descriptor_connection_point where physical_network_function_descriptor_id=?
13:23:06.183 [Test worker] DEBUG o.h.p.c.AbstractCollectionPersister - Static SQL for collection: org.project.neutrino.nfvo.catalogue.mano.common.NFVEntityDescriptor.lifecycle_event
13:23:06.183 [Test worker] DEBUG o.h.p.c.AbstractCollectionPersister -  Row insert: insert into nfventity_descriptor_lifecycle_event (nfventity_descriptor_Id, lifecycle_event_id) values (?, ?)
13:23:06.183 [Test worker] DEBUG o.h.p.c.AbstractCollectionPersister -  Row update: update nfventity_descriptor_lifecycle_event set lifecycle_event_id=? where nfventity_descriptor_Id=? and lifecycle_event_id=?
13:23:06.183 [Test worker] DEBUG o.h.p.c.AbstractCollectionPersister -  Row delete: delete from nfventity_descriptor_lifecycle_event where nfventity_descriptor_Id=? and lifecycle_event_id=?
13:23:06.183 [Test worker] DEBUG o.h.p.c.AbstractCollectionPersister -  One-shot delete: delete from nfventity_descriptor_lifecycle_event where nfventity_descriptor_Id=?
13:23:06.183 [Test worker] DEBUG o.h.p.c.AbstractCollectionPersister - Static SQL for collection: org.project.neutrino.nfvo.catalogue.mano.record.VirtualLinkRecord.connection
13:23:06.183 [Test worker] DEBUG o.h.p.c.AbstractCollectionPersister -  Row insert: insert into virtual_link_record_connection (virtual_link_record_id, connection) values (?, ?)
13:23:06.183 [Test worker] DEBUG o.h.p.c.AbstractCollectionPersister -  Row update: update virtual_link_record_connection set connection=? where virtual_link_record_id=? and connection=?
13:23:06.183 [Test worker] DEBUG o.h.p.c.AbstractCollectionPersister -  Row delete: delete from virtual_link_record_connection where virtual_link_record_id=? and connection=?
13:23:06.183 [Test worker] DEBUG o.h.p.c.AbstractCollectionPersister -  One-shot delete: delete from virtual_link_record_connection where virtual_link_record_id=?
13:23:06.184 [Test worker] DEBUG o.h.p.c.AbstractCollectionPersister - Static SQL for collection: org.project.neutrino.nfvo.catalogue.mano.record.VirtualNetworkFunctionRecord.notification
13:23:06.184 [Test worker] DEBUG o.h.p.c.AbstractCollectionPersister -  Row insert: insert into virtual_network_function_record_notification (virtual_network_function_record_id, notification) values (?, ?)
13:23:06.184 [Test worker] DEBUG o.h.p.c.AbstractCollectionPersister -  Row update: update virtual_network_function_record_notification set notification=? where virtual_network_function_record_id=? and notification=?
13:23:06.184 [Test worker] DEBUG o.h.p.c.AbstractCollectionPersister -  Row delete: delete from virtual_network_function_record_notification where virtual_network_function_record_id=? and notification=?
13:23:06.184 [Test worker] DEBUG o.h.p.c.AbstractCollectionPersister -  One-shot delete: delete from virtual_network_function_record_notification where virtual_network_function_record_id=?
13:23:06.185 [Test worker] DEBUG o.h.p.c.AbstractCollectionPersister - Static SQL for collection: org.project.neutrino.nfvo.catalogue.mano.record.VirtualNetworkFunctionRecord.vnf_address
13:23:06.185 [Test worker] DEBUG o.h.p.c.AbstractCollectionPersister -  Row insert: insert into virtual_network_function_record_vnf_address (virtual_network_function_record_id, vnf_address) values (?, ?)
13:23:06.185 [Test worker] DEBUG o.h.p.c.AbstractCollectionPersister -  Row update: update virtual_network_function_record_vnf_address set vnf_address=? where virtual_network_function_record_id=? and vnf_address=?
13:23:06.185 [Test worker] DEBUG o.h.p.c.AbstractCollectionPersister -  Row delete: delete from virtual_network_function_record_vnf_address where virtual_network_function_record_id=? and vnf_address=?
13:23:06.185 [Test worker] DEBUG o.h.p.c.AbstractCollectionPersister -  One-shot delete: delete from virtual_network_function_record_vnf_address where virtual_network_function_record_id=?
13:23:06.185 [Test worker] DEBUG o.h.p.c.AbstractCollectionPersister - Static SQL for collection: org.project.neutrino.nfvo.catalogue.mano.common.NFVEntityDescriptor.auto_scale_policy
13:23:06.185 [Test worker] DEBUG o.h.p.c.AbstractCollectionPersister -  Row insert: insert into nfventity_descriptor_auto_scale_policy (nfventity_descriptor_Id, auto_scale_policy_id) values (?, ?)
13:23:06.185 [Test worker] DEBUG o.h.p.c.AbstractCollectionPersister -  Row update: update nfventity_descriptor_auto_scale_policy set auto_scale_policy_id=? where nfventity_descriptor_Id=? and auto_scale_policy_id=?
13:23:06.186 [Test worker] DEBUG o.h.p.c.AbstractCollectionPersister -  Row delete: delete from nfventity_descriptor_auto_scale_policy where nfventity_descriptor_Id=? and auto_scale_policy_id=?
13:23:06.186 [Test worker] DEBUG o.h.p.c.AbstractCollectionPersister -  One-shot delete: delete from nfventity_descriptor_auto_scale_policy where nfventity_descriptor_Id=?
13:23:06.186 [Test worker] DEBUG o.h.p.c.AbstractCollectionPersister - Static SQL for collection: org.project.neutrino.nfvo.catalogue.mano.record.VirtualNetworkFunctionRecord.connected_external_virtual_link
13:23:06.186 [Test worker] DEBUG o.h.p.c.AbstractCollectionPersister -  Row insert: insert into virtual_network_function_record_connected_external_virtual_link (virtual_network_function_record_id, connected_external_virtual_link_id) values (?, ?)
13:23:06.186 [Test worker] DEBUG o.h.p.c.AbstractCollectionPersister -  Row update: update virtual_network_function_record_connected_external_virtual_link set connected_external_virtual_link_id=? where virtual_network_function_record_id=? and connected_external_virtual_link_id=?
13:23:06.186 [Test worker] DEBUG o.h.p.c.AbstractCollectionPersister -  Row delete: delete from virtual_network_function_record_connected_external_virtual_link where virtual_network_function_record_id=? and connected_external_virtual_link_id=?
13:23:06.187 [Test worker] DEBUG o.h.p.c.AbstractCollectionPersister -  One-shot delete: delete from virtual_network_function_record_connected_external_virtual_link where virtual_network_function_record_id=?
13:23:06.188 [Test worker] DEBUG o.h.p.c.AbstractCollectionPersister - Static SQL for collection: org.project.neutrino.nfvo.catalogue.mano.record.NetworkServiceRecord.lifecycle_event_history
13:23:06.188 [Test worker] DEBUG o.h.p.c.AbstractCollectionPersister -  Row insert: insert into network_service_record_lifecycle_event_history (network_service_record_id, lifecycle_event_history_id) values (?, ?)
13:23:06.188 [Test worker] DEBUG o.h.p.c.AbstractCollectionPersister -  Row update: update network_service_record_lifecycle_event_history set lifecycle_event_history_id=? where network_service_record_id=? and lifecycle_event_history_id=?
13:23:06.188 [Test worker] DEBUG o.h.p.c.AbstractCollectionPersister -  Row delete: delete from network_service_record_lifecycle_event_history where network_service_record_id=? and lifecycle_event_history_id=?
13:23:06.188 [Test worker] DEBUG o.h.p.c.AbstractCollectionPersister -  One-shot delete: delete from network_service_record_lifecycle_event_history where network_service_record_id=?
13:23:06.188 [Test worker] DEBUG o.h.p.c.AbstractCollectionPersister - Static SQL for collection: org.project.neutrino.nfvo.catalogue.mano.common.NFVEntityDescriptor.monitoring_parameter
13:23:06.188 [Test worker] DEBUG o.h.p.c.AbstractCollectionPersister -  Row insert: insert into nfventity_descriptor_monitoring_parameter (nfventity_descriptor_Id, monitoring_parameter) values (?, ?)
13:23:06.188 [Test worker] DEBUG o.h.p.c.AbstractCollectionPersister -  Row update: update nfventity_descriptor_monitoring_parameter set monitoring_parameter=? where nfventity_descriptor_Id=? and monitoring_parameter=?
13:23:06.188 [Test worker] DEBUG o.h.p.c.AbstractCollectionPersister -  Row delete: delete from nfventity_descriptor_monitoring_parameter where nfventity_descriptor_Id=? and monitoring_parameter=?
13:23:06.189 [Test worker] DEBUG o.h.p.c.AbstractCollectionPersister -  One-shot delete: delete from nfventity_descriptor_monitoring_parameter where nfventity_descriptor_Id=?
13:23:06.189 [Test worker] DEBUG o.h.p.c.AbstractCollectionPersister - Static SQL for collection: org.project.neutrino.nfvo.catalogue.mano.descriptor.InternalVirtualLink.connection_points_references
13:23:06.189 [Test worker] DEBUG o.h.p.c.AbstractCollectionPersister -  Row insert: insert into internal_virtual_link_connection_points_references (internal_virtual_link_id, connection_points_references) values (?, ?)
13:23:06.189 [Test worker] DEBUG o.h.p.c.AbstractCollectionPersister -  Row update: update internal_virtual_link_connection_points_references set connection_points_references=? where internal_virtual_link_id=? and connection_points_references=?
13:23:06.189 [Test worker] DEBUG o.h.p.c.AbstractCollectionPersister -  Row delete: delete from internal_virtual_link_connection_points_references where internal_virtual_link_id=? and connection_points_references=?
13:23:06.189 [Test worker] DEBUG o.h.p.c.AbstractCollectionPersister -  One-shot delete: delete from internal_virtual_link_connection_points_references where internal_virtual_link_id=?
13:23:06.189 [Test worker] DEBUG o.h.p.c.AbstractCollectionPersister - Static SQL for collection: org.project.neutrino.nfvo.catalogue.mano.record.VirtualLinkRecord.allocated_capacity
13:23:06.189 [Test worker] DEBUG o.h.p.c.AbstractCollectionPersister -  Row insert: insert into virtual_link_record_allocated_capacity (virtual_link_record_id, allocated_capacity) values (?, ?)
13:23:06.190 [Test worker] DEBUG o.h.p.c.AbstractCollectionPersister -  Row update: update virtual_link_record_allocated_capacity set allocated_capacity=? where virtual_link_record_id=? and allocated_capacity=?
13:23:06.190 [Test worker] DEBUG o.h.p.c.AbstractCollectionPersister -  Row delete: delete from virtual_link_record_allocated_capacity where virtual_link_record_id=? and allocated_capacity=?
13:23:06.190 [Test worker] DEBUG o.h.p.c.AbstractCollectionPersister -  One-shot delete: delete from virtual_link_record_allocated_capacity where virtual_link_record_id=?
13:23:06.190 [Test worker] DEBUG o.h.p.c.AbstractCollectionPersister - Static SQL for collection: org.project.neutrino.nfvo.catalogue.mano.record.NetworkServiceRecord.auto_scale_policy
13:23:06.190 [Test worker] DEBUG o.h.p.c.AbstractCollectionPersister -  Row insert: insert into network_service_record_auto_scale_policy (network_service_record_id, auto_scale_policy_id) values (?, ?)
13:23:06.190 [Test worker] DEBUG o.h.p.c.AbstractCollectionPersister -  Row update: update network_service_record_auto_scale_policy set auto_scale_policy_id=? where network_service_record_id=? and auto_scale_policy_id=?
13:23:06.190 [Test worker] DEBUG o.h.p.c.AbstractCollectionPersister -  Row delete: delete from network_service_record_auto_scale_policy where network_service_record_id=? and auto_scale_policy_id=?
13:23:06.190 [Test worker] DEBUG o.h.p.c.AbstractCollectionPersister -  One-shot delete: delete from network_service_record_auto_scale_policy where network_service_record_id=?
13:23:06.190 [Test worker] DEBUG o.h.p.c.AbstractCollectionPersister - Static SQL for collection: org.project.neutrino.nfvo.catalogue.mano.record.VirtualLinkRecord.lifecycle_event_history
13:23:06.190 [Test worker] DEBUG o.h.p.c.AbstractCollectionPersister -  Row insert: insert into virtual_link_record_lifecycle_event_history (virtual_link_record_id, lifecycle_event_history_id) values (?, ?)
13:23:06.190 [Test worker] DEBUG o.h.p.c.AbstractCollectionPersister -  Row update: update virtual_link_record_lifecycle_event_history set lifecycle_event_history_id=? where virtual_link_record_id=? and lifecycle_event_history_id=?
13:23:06.190 [Test worker] DEBUG o.h.p.c.AbstractCollectionPersister -  Row delete: delete from virtual_link_record_lifecycle_event_history where virtual_link_record_id=? and lifecycle_event_history_id=?
13:23:06.191 [Test worker] DEBUG o.h.p.c.AbstractCollectionPersister -  One-shot delete: delete from virtual_link_record_lifecycle_event_history where virtual_link_record_id=?
13:23:06.191 [Test worker] DEBUG o.h.p.c.AbstractCollectionPersister - Static SQL for collection: org.project.neutrino.nfvo.catalogue.mano.record.VirtualLinkRecord.audit_log
13:23:06.191 [Test worker] DEBUG o.h.p.c.AbstractCollectionPersister -  Row insert: insert into virtual_link_record_audit_log (virtual_link_record_id, audit_log) values (?, ?)
13:23:06.191 [Test worker] DEBUG o.h.p.c.AbstractCollectionPersister -  Row update: update virtual_link_record_audit_log set audit_log=? where virtual_link_record_id=? and audit_log=?
13:23:06.191 [Test worker] DEBUG o.h.p.c.AbstractCollectionPersister -  Row delete: delete from virtual_link_record_audit_log where virtual_link_record_id=? and audit_log=?
13:23:06.191 [Test worker] DEBUG o.h.p.c.AbstractCollectionPersister -  One-shot delete: delete from virtual_link_record_audit_log where virtual_link_record_id=?
13:23:06.191 [Test worker] DEBUG o.h.p.c.AbstractCollectionPersister - Static SQL for collection: org.project.neutrino.nfvo.catalogue.mano.record.NetworkServiceRecord.connection_point
13:23:06.191 [Test worker] DEBUG o.h.p.c.AbstractCollectionPersister -  Row insert: insert into network_service_record_connection_point (network_service_record_id, connection_point_id) values (?, ?)
13:23:06.191 [Test worker] DEBUG o.h.p.c.AbstractCollectionPersister -  Row update: update network_service_record_connection_point set connection_point_id=? where network_service_record_id=? and connection_point_id=?
13:23:06.191 [Test worker] DEBUG o.h.p.c.AbstractCollectionPersister -  Row delete: delete from network_service_record_connection_point where network_service_record_id=? and connection_point_id=?
13:23:06.191 [Test worker] DEBUG o.h.p.c.AbstractCollectionPersister -  One-shot delete: delete from network_service_record_connection_point where network_service_record_id=?
13:23:06.192 [Test worker] DEBUG o.h.p.c.AbstractCollectionPersister - Static SQL for collection: org.project.neutrino.nfvo.catalogue.mano.record.VirtualNetworkFunctionRecord.lifecycle_event_history
13:23:06.192 [Test worker] DEBUG o.h.p.c.AbstractCollectionPersister -  Row insert: insert into virtual_network_function_record_lifecycle_event_history (virtual_network_function_record_id, lifecycle_event_history_id) values (?, ?)
13:23:06.192 [Test worker] DEBUG o.h.p.c.AbstractCollectionPersister -  Row update: update virtual_network_function_record_lifecycle_event_history set lifecycle_event_history_id=? where virtual_network_function_record_id=? and lifecycle_event_history_id=?
13:23:06.192 [Test worker] DEBUG o.h.p.c.AbstractCollectionPersister -  Row delete: delete from virtual_network_function_record_lifecycle_event_history where virtual_network_function_record_id=? and lifecycle_event_history_id=?
13:23:06.192 [Test worker] DEBUG o.h.p.c.AbstractCollectionPersister -  One-shot delete: delete from virtual_network_function_record_lifecycle_event_history where virtual_network_function_record_id=?
13:23:06.193 [Test worker] DEBUG o.h.p.c.AbstractCollectionPersister - Static SQL for collection: org.project.neutrino.nfvo.catalogue.mano.common.AbstractVirtualLink.test_access
13:23:06.193 [Test worker] DEBUG o.h.p.c.AbstractCollectionPersister -  Row insert: insert into abstract_virtual_link_test_access (abstract_virtual_link_id, test_access) values (?, ?)
13:23:06.193 [Test worker] DEBUG o.h.p.c.AbstractCollectionPersister -  Row update: update abstract_virtual_link_test_access set test_access=? where abstract_virtual_link_id=? and test_access=?
13:23:06.193 [Test worker] DEBUG o.h.p.c.AbstractCollectionPersister -  Row delete: delete from abstract_virtual_link_test_access where abstract_virtual_link_id=? and test_access=?
13:23:06.193 [Test worker] DEBUG o.h.p.c.AbstractCollectionPersister -  One-shot delete: delete from abstract_virtual_link_test_access where abstract_virtual_link_id=?
13:23:06.193 [Test worker] DEBUG o.h.p.c.AbstractCollectionPersister - Static SQL for collection: org.project.neutrino.nfvo.catalogue.mano.record.VNFForwardingGraphRecord.member_vnfs
13:23:06.193 [Test worker] DEBUG o.h.p.c.AbstractCollectionPersister -  Row insert: insert into vnfforwarding_graph_record_member_vnfs (vnfforwarding_graph_record_id, member_vnfs_id) values (?, ?)
13:23:06.194 [Test worker] DEBUG o.h.p.c.AbstractCollectionPersister -  Row update: update vnfforwarding_graph_record_member_vnfs set member_vnfs_id=? where vnfforwarding_graph_record_id=? and member_vnfs_id=?
13:23:06.194 [Test worker] DEBUG o.h.p.c.AbstractCollectionPersister -  Row delete: delete from vnfforwarding_graph_record_member_vnfs where vnfforwarding_graph_record_id=? and member_vnfs_id=?
13:23:06.194 [Test worker] DEBUG o.h.p.c.AbstractCollectionPersister -  One-shot delete: delete from vnfforwarding_graph_record_member_vnfs where vnfforwarding_graph_record_id=?
13:23:06.194 [Test worker] DEBUG o.h.p.c.AbstractCollectionPersister - Static SQL for collection: org.project.neutrino.nfvo.catalogue.mano.descriptor.VNFForwardingGraph.connection_point
13:23:06.194 [Test worker] DEBUG o.h.p.c.AbstractCollectionPersister -  Row insert: insert into vnfforwarding_graph_connection_point (vnfforwarding_graph_id, connection_point_id) values (?, ?)
13:23:06.194 [Test worker] DEBUG o.h.p.c.AbstractCollectionPersister -  Row update: update vnfforwarding_graph_connection_point set connection_point_id=? where vnfforwarding_graph_id=? and connection_point_id=?
13:23:06.194 [Test worker] DEBUG o.h.p.c.AbstractCollectionPersister -  Row delete: delete from vnfforwarding_graph_connection_point where vnfforwarding_graph_id=? and connection_point_id=?
13:23:06.194 [Test worker] DEBUG o.h.p.c.AbstractCollectionPersister -  One-shot delete: delete from vnfforwarding_graph_connection_point where vnfforwarding_graph_id=?
13:23:06.194 [Test worker] DEBUG o.h.p.c.AbstractCollectionPersister - Static SQL for collection: org.project.neutrino.nfvo.catalogue.mano.record.VirtualNetworkFunctionRecord.vdu
13:23:06.194 [Test worker] DEBUG o.h.p.c.AbstractCollectionPersister -  Row insert: insert into virtual_network_function_record_vdu (virtual_network_function_record_id, vdu_id) values (?, ?)
13:23:06.194 [Test worker] DEBUG o.h.p.c.AbstractCollectionPersister -  Row update: update virtual_network_function_record_vdu set vdu_id=? where virtual_network_function_record_id=? and vdu_id=?
13:23:06.195 [Test worker] DEBUG o.h.p.c.AbstractCollectionPersister -  Row delete: delete from virtual_network_function_record_vdu where virtual_network_function_record_id=? and vdu_id=?
13:23:06.195 [Test worker] DEBUG o.h.p.c.AbstractCollectionPersister -  One-shot delete: delete from virtual_network_function_record_vdu where virtual_network_function_record_id=?
13:23:06.195 [Test worker] DEBUG o.h.p.c.AbstractCollectionPersister - Static SQL for collection: org.project.neutrino.nfvo.catalogue.mano.descriptor.NetworkServiceDescriptor.pnfd
13:23:06.195 [Test worker] DEBUG o.h.p.c.AbstractCollectionPersister -  Row insert: insert into network_service_descriptor_pnfd (network_service_descriptor_Id, pnfd_id) values (?, ?)
13:23:06.195 [Test worker] DEBUG o.h.p.c.AbstractCollectionPersister -  Row update: update network_service_descriptor_pnfd set pnfd_id=? where network_service_descriptor_Id=? and pnfd_id=?
13:23:06.195 [Test worker] DEBUG o.h.p.c.AbstractCollectionPersister -  Row delete: delete from network_service_descriptor_pnfd where network_service_descriptor_Id=? and pnfd_id=?
13:23:06.195 [Test worker] DEBUG o.h.p.c.AbstractCollectionPersister -  One-shot delete: delete from network_service_descriptor_pnfd where network_service_descriptor_Id=?
13:23:06.195 [Test worker] DEBUG o.h.p.c.AbstractCollectionPersister - Static SQL for collection: org.project.neutrino.nfvo.catalogue.mano.record.PhysicalNetworkFunctionRecord.pnf_address
13:23:06.195 [Test worker] DEBUG o.h.p.c.AbstractCollectionPersister -  Row insert: insert into physical_network_function_record_pnf_address (physical_network_function_record_id, pnf_address) values (?, ?)
13:23:06.195 [Test worker] DEBUG o.h.p.c.AbstractCollectionPersister -  Row update: update physical_network_function_record_pnf_address set pnf_address=? where physical_network_function_record_id=? and pnf_address=?
13:23:06.195 [Test worker] DEBUG o.h.p.c.AbstractCollectionPersister -  Row delete: delete from physical_network_function_record_pnf_address where physical_network_function_record_id=? and pnf_address=?
13:23:06.195 [Test worker] DEBUG o.h.p.c.AbstractCollectionPersister -  One-shot delete: delete from physical_network_function_record_pnf_address where physical_network_function_record_id=?
13:23:06.196 [Test worker] DEBUG o.h.p.c.AbstractCollectionPersister - Static SQL for collection: org.project.neutrino.nfvo.catalogue.mano.common.NFVEntityDescriptor.vld
13:23:06.196 [Test worker] DEBUG o.h.p.c.AbstractCollectionPersister -  Row insert: insert into nfventity_descriptor_vld (nfventity_descriptor_Id, vld_id) values (?, ?)
13:23:06.196 [Test worker] DEBUG o.h.p.c.AbstractCollectionPersister -  Row update: update nfventity_descriptor_vld set vld_id=? where nfventity_descriptor_Id=? and vld_id=?
13:23:06.196 [Test worker] DEBUG o.h.p.c.AbstractCollectionPersister -  Row delete: delete from nfventity_descriptor_vld where nfventity_descriptor_Id=? and vld_id=?
13:23:06.196 [Test worker] DEBUG o.h.p.c.AbstractCollectionPersister -  One-shot delete: delete from nfventity_descriptor_vld where nfventity_descriptor_Id=?
13:23:06.196 [Test worker] DEBUG o.h.p.c.AbstractCollectionPersister - Static SQL for collection: org.project.neutrino.nfvo.catalogue.mano.record.NetworkServiceRecord.pnfr
13:23:06.196 [Test worker] DEBUG o.h.p.c.AbstractCollectionPersister -  Row insert: insert into network_service_record_pnfr (network_service_record_id, pnfr_id) values (?, ?)
13:23:06.196 [Test worker] DEBUG o.h.p.c.AbstractCollectionPersister -  Row update: update network_service_record_pnfr set pnfr_id=? where network_service_record_id=? and pnfr_id=?
13:23:06.196 [Test worker] DEBUG o.h.p.c.AbstractCollectionPersister -  Row delete: delete from network_service_record_pnfr where network_service_record_id=? and pnfr_id=?
13:23:06.196 [Test worker] DEBUG o.h.p.c.AbstractCollectionPersister -  One-shot delete: delete from network_service_record_pnfr where network_service_record_id=?
13:23:06.196 [Test worker] DEBUG o.h.p.c.AbstractCollectionPersister - Static SQL for collection: org.project.neutrino.nfvo.catalogue.mano.record.NetworkServiceRecord.vnffgr
13:23:06.197 [Test worker] DEBUG o.h.p.c.AbstractCollectionPersister -  Row insert: insert into network_service_record_vnffgr (network_service_record_id, vnffgr_id) values (?, ?)
13:23:06.197 [Test worker] DEBUG o.h.p.c.AbstractCollectionPersister -  Row update: update network_service_record_vnffgr set vnffgr_id=? where network_service_record_id=? and vnffgr_id=?
13:23:06.197 [Test worker] DEBUG o.h.p.c.AbstractCollectionPersister -  Row delete: delete from network_service_record_vnffgr where network_service_record_id=? and vnffgr_id=?
13:23:06.197 [Test worker] DEBUG o.h.p.c.AbstractCollectionPersister -  One-shot delete: delete from network_service_record_vnffgr where network_service_record_id=?
13:23:06.197 [Test worker] DEBUG o.h.p.c.AbstractCollectionPersister - Static SQL for collection: org.project.neutrino.nfvo.catalogue.mano.record.PhysicalNetworkFunctionRecord.vnffgr
13:23:06.197 [Test worker] DEBUG o.h.p.c.AbstractCollectionPersister -  Row insert: insert into physical_network_function_record_vnffgr (physical_network_function_record_id, vnffgr_id) values (?, ?)
13:23:06.197 [Test worker] DEBUG o.h.p.c.AbstractCollectionPersister -  Row update: update physical_network_function_record_vnffgr set vnffgr_id=? where physical_network_function_record_id=? and vnffgr_id=?
13:23:06.197 [Test worker] DEBUG o.h.p.c.AbstractCollectionPersister -  Row delete: delete from physical_network_function_record_vnffgr where physical_network_function_record_id=? and vnffgr_id=?
13:23:06.198 [Test worker] DEBUG o.h.p.c.AbstractCollectionPersister -  One-shot delete: delete from physical_network_function_record_vnffgr where physical_network_function_record_id=?
13:23:06.198 [Test worker] DEBUG o.h.p.c.AbstractCollectionPersister - Static SQL for collection: org.project.neutrino.nfvo.catalogue.mano.record.VirtualLinkRecord.qos
13:23:06.198 [Test worker] DEBUG o.h.p.c.AbstractCollectionPersister -  Row insert: insert into virtual_link_record_qos (virtual_link_record_id, qos) values (?, ?)
13:23:06.198 [Test worker] DEBUG o.h.p.c.AbstractCollectionPersister -  Row update: update virtual_link_record_qos set qos=? where virtual_link_record_id=? and qos=?
13:23:06.198 [Test worker] DEBUG o.h.p.c.AbstractCollectionPersister -  Row delete: delete from virtual_link_record_qos where virtual_link_record_id=? and qos=?
13:23:06.198 [Test worker] DEBUG o.h.p.c.AbstractCollectionPersister -  One-shot delete: delete from virtual_link_record_qos where virtual_link_record_id=?
13:23:06.199 [Test worker] DEBUG o.h.p.c.AbstractCollectionPersister - Static SQL for collection: org.project.neutrino.nfvo.catalogue.mano.descriptor.VNFForwardingGraph.constituent_vnfs
13:23:06.199 [Test worker] DEBUG o.h.p.c.AbstractCollectionPersister -  Row insert: insert into vnfforwarding_graph_constituent_vnfs (vnfforwarding_graph_id, constituent_vnfs_id) values (?, ?)
13:23:06.199 [Test worker] DEBUG o.h.p.c.AbstractCollectionPersister -  Row update: update vnfforwarding_graph_constituent_vnfs set constituent_vnfs_id=? where vnfforwarding_graph_id=? and constituent_vnfs_id=?
13:23:06.199 [Test worker] DEBUG o.h.p.c.AbstractCollectionPersister -  Row delete: delete from vnfforwarding_graph_constituent_vnfs where vnfforwarding_graph_id=? and constituent_vnfs_id=?
13:23:06.199 [Test worker] DEBUG o.h.p.c.AbstractCollectionPersister -  One-shot delete: delete from vnfforwarding_graph_constituent_vnfs where vnfforwarding_graph_id=?
13:23:06.199 [Test worker] DEBUG o.h.p.c.AbstractCollectionPersister - Static SQL for collection: org.project.neutrino.nfvo.catalogue.mano.record.VNFForwardingGraphRecord.notification
13:23:06.199 [Test worker] DEBUG o.h.p.c.AbstractCollectionPersister -  Row insert: insert into vnfforwarding_graph_record_notification (vnfforwarding_graph_record_id, notification) values (?, ?)
13:23:06.199 [Test worker] DEBUG o.h.p.c.AbstractCollectionPersister -  Row update: update vnfforwarding_graph_record_notification set notification=? where vnfforwarding_graph_record_id=? and notification=?
13:23:06.199 [Test worker] DEBUG o.h.p.c.AbstractCollectionPersister -  Row delete: delete from vnfforwarding_graph_record_notification where vnfforwarding_graph_record_id=? and notification=?
13:23:06.199 [Test worker] DEBUG o.h.p.c.AbstractCollectionPersister -  One-shot delete: delete from vnfforwarding_graph_record_notification where vnfforwarding_graph_record_id=?
13:23:06.200 [Test worker] DEBUG o.h.p.c.AbstractCollectionPersister - Static SQL for collection: org.project.neutrino.nfvo.catalogue.mano.record.VNFForwardingGraphRecord.dependent_virtual_link
13:23:06.200 [Test worker] DEBUG o.h.p.c.AbstractCollectionPersister -  Row insert: insert into vnfforwarding_graph_record_dependent_virtual_link (vnfforwarding_graph_record_id, dependent_virtual_link_id) values (?, ?)
13:23:06.200 [Test worker] DEBUG o.h.p.c.AbstractCollectionPersister -  Row update: update vnfforwarding_graph_record_dependent_virtual_link set dependent_virtual_link_id=? where vnfforwarding_graph_record_id=? and dependent_virtual_link_id=?
13:23:06.200 [Test worker] DEBUG o.h.p.c.AbstractCollectionPersister -  Row delete: delete from vnfforwarding_graph_record_dependent_virtual_link where vnfforwarding_graph_record_id=? and dependent_virtual_link_id=?
13:23:06.200 [Test worker] DEBUG o.h.p.c.AbstractCollectionPersister -  One-shot delete: delete from vnfforwarding_graph_record_dependent_virtual_link where vnfforwarding_graph_record_id=?
13:23:06.200 [Test worker] DEBUG o.h.p.c.AbstractCollectionPersister - Static SQL for collection: org.project.neutrino.nfvo.catalogue.mano.common.LifecycleEvent.lifecycle_events
13:23:06.200 [Test worker] DEBUG o.h.p.c.AbstractCollectionPersister -  Row insert: insert into lifecycle_event_lifecycle_events (lifecycle_event_id, lifecycle_events_key, lifecycle_events) values (?, ?, ?)
13:23:06.200 [Test worker] DEBUG o.h.p.c.AbstractCollectionPersister -  Row update: update lifecycle_event_lifecycle_events set lifecycle_events=? where lifecycle_event_id=? and lifecycle_events_key=?
13:23:06.200 [Test worker] DEBUG o.h.p.c.AbstractCollectionPersister -  Row delete: delete from lifecycle_event_lifecycle_events where lifecycle_event_id=? and lifecycle_events_key=?
13:23:06.201 [Test worker] DEBUG o.h.p.c.AbstractCollectionPersister -  One-shot delete: delete from lifecycle_event_lifecycle_events where lifecycle_event_id=?
13:23:06.201 [Test worker] DEBUG o.h.p.c.AbstractCollectionPersister - Static SQL for collection: org.project.neutrino.nfvo.catalogue.mano.descriptor.VirtualLinkDescriptor.connection
13:23:06.201 [Test worker] DEBUG o.h.p.c.AbstractCollectionPersister -  Row insert: insert into virtual_link_descriptor_connection (virtual_link_descriptor_id, connection) values (?, ?)
13:23:06.201 [Test worker] DEBUG o.h.p.c.AbstractCollectionPersister -  Row update: update virtual_link_descriptor_connection set connection=? where virtual_link_descriptor_id=? and connection=?
13:23:06.201 [Test worker] DEBUG o.h.p.c.AbstractCollectionPersister -  Row delete: delete from virtual_link_descriptor_connection where virtual_link_descriptor_id=? and connection=?
13:23:06.201 [Test worker] DEBUG o.h.p.c.AbstractCollectionPersister -  One-shot delete: delete from virtual_link_descriptor_connection where virtual_link_descriptor_id=?
13:23:06.201 [Test worker] DEBUG o.h.p.c.AbstractCollectionPersister - Static SQL for collection: org.project.neutrino.nfvo.catalogue.mano.descriptor.VirtualDeploymentUnit.vnfc
13:23:06.201 [Test worker] DEBUG o.h.p.c.AbstractCollectionPersister -  Row insert: insert into virtual_deployment_unit_vnfc (virtual_deployment_unit_id, vnfc_id) values (?, ?)
13:23:06.201 [Test worker] DEBUG o.h.p.c.AbstractCollectionPersister -  Row update: update virtual_deployment_unit_vnfc set vnfc_id=? where virtual_deployment_unit_id=? and vnfc_id=?
13:23:06.201 [Test worker] DEBUG o.h.p.c.AbstractCollectionPersister -  Row delete: delete from virtual_deployment_unit_vnfc where virtual_deployment_unit_id=? and vnfc_id=?
13:23:06.202 [Test worker] DEBUG o.h.p.c.AbstractCollectionPersister -  One-shot delete: delete from virtual_deployment_unit_vnfc where virtual_deployment_unit_id=?
13:23:06.202 [Test worker] DEBUG o.h.p.c.AbstractCollectionPersister - Static SQL for collection: org.project.neutrino.nfvo.catalogue.mano.descriptor.VirtualNetworkFunctionDescriptor.vdu
13:23:06.202 [Test worker] DEBUG o.h.p.c.AbstractCollectionPersister -  Row insert: insert into virtual_network_function_descriptor_vdu (virtual_network_function_descriptor_Id, vdu_id) values (?, ?)
13:23:06.202 [Test worker] DEBUG o.h.p.c.AbstractCollectionPersister -  Row update: update virtual_network_function_descriptor_vdu set vdu_id=? where virtual_network_function_descriptor_Id=? and vdu_id=?
13:23:06.202 [Test worker] DEBUG o.h.p.c.AbstractCollectionPersister -  Row delete: delete from virtual_network_function_descriptor_vdu where virtual_network_function_descriptor_Id=? and vdu_id=?
13:23:06.202 [Test worker] DEBUG o.h.p.c.AbstractCollectionPersister -  One-shot delete: delete from virtual_network_function_descriptor_vdu where virtual_network_function_descriptor_Id=?
13:23:06.202 [Test worker] DEBUG o.h.p.c.AbstractCollectionPersister - Static SQL for collection: org.project.neutrino.nfvo.catalogue.mano.record.NetworkServiceRecord.vnf_dependency
13:23:06.202 [Test worker] DEBUG o.h.p.c.AbstractCollectionPersister -  Row insert: insert into network_service_record_vnf_dependency (network_service_record_id, vnf_dependency_id) values (?, ?)
13:23:06.202 [Test worker] DEBUG o.h.p.c.AbstractCollectionPersister -  Row update: update network_service_record_vnf_dependency set vnf_dependency_id=? where network_service_record_id=? and vnf_dependency_id=?
13:23:06.203 [Test worker] DEBUG o.h.p.c.AbstractCollectionPersister -  Row delete: delete from network_service_record_vnf_dependency where network_service_record_id=? and vnf_dependency_id=?
13:23:06.203 [Test worker] DEBUG o.h.p.c.AbstractCollectionPersister -  One-shot delete: delete from network_service_record_vnf_dependency where network_service_record_id=?
13:23:06.203 [Test worker] DEBUG o.h.p.c.AbstractCollectionPersister - Static SQL for collection: org.project.neutrino.nfvo.catalogue.mano.common.ServiceDeploymentFlavour.constituent_vnf
13:23:06.203 [Test worker] DEBUG o.h.p.c.AbstractCollectionPersister -  Row insert: insert into service_deployment_flavour_constituent_vnf (service_deployment_flavour_id, constituent_vnf_id) values (?, ?)
13:23:06.203 [Test worker] DEBUG o.h.p.c.AbstractCollectionPersister -  Row update: update service_deployment_flavour_constituent_vnf set constituent_vnf_id=? where service_deployment_flavour_id=? and constituent_vnf_id=?
13:23:06.203 [Test worker] DEBUG o.h.p.c.AbstractCollectionPersister -  Row delete: delete from service_deployment_flavour_constituent_vnf where service_deployment_flavour_id=? and constituent_vnf_id=?
13:23:06.203 [Test worker] DEBUG o.h.p.c.AbstractCollectionPersister -  One-shot delete: delete from service_deployment_flavour_constituent_vnf where service_deployment_flavour_id=?
13:23:06.204 [Test worker] DEBUG o.h.p.c.AbstractCollectionPersister - Static SQL for collection: org.project.neutrino.nfvo.catalogue.mano.record.VirtualNetworkFunctionRecord.monitoring_parameter
13:23:06.204 [Test worker] DEBUG o.h.p.c.AbstractCollectionPersister -  Row insert: insert into virtual_network_function_record_monitoring_parameter (virtual_network_function_record_id, monitoring_parameter) values (?, ?)
13:23:06.204 [Test worker] DEBUG o.h.p.c.AbstractCollectionPersister -  Row update: update virtual_network_function_record_monitoring_parameter set monitoring_parameter=? where virtual_network_function_record_id=? and monitoring_parameter=?
13:23:06.204 [Test worker] DEBUG o.h.p.c.AbstractCollectionPersister -  Row delete: delete from virtual_network_function_record_monitoring_parameter where virtual_network_function_record_id=? and monitoring_parameter=?
13:23:06.204 [Test worker] DEBUG o.h.p.c.AbstractCollectionPersister -  One-shot delete: delete from virtual_network_function_record_monitoring_parameter where virtual_network_function_record_id=?
13:23:06.205 [Test worker] DEBUG o.h.p.c.AbstractCollectionPersister - Static SQL for collection: org.project.neutrino.nfvo.catalogue.mano.descriptor.VirtualDeploymentUnit.lifecycle_event
13:23:06.205 [Test worker] DEBUG o.h.p.c.AbstractCollectionPersister -  Row insert: insert into virtual_deployment_unit_lifecycle_event (virtual_deployment_unit_id, lifecycle_event_id) values (?, ?)
13:23:06.205 [Test worker] DEBUG o.h.p.c.AbstractCollectionPersister -  Row update: update virtual_deployment_unit_lifecycle_event set lifecycle_event_id=? where virtual_deployment_unit_id=? and lifecycle_event_id=?
13:23:06.205 [Test worker] DEBUG o.h.p.c.AbstractCollectionPersister -  Row delete: delete from virtual_deployment_unit_lifecycle_event where virtual_deployment_unit_id=? and lifecycle_event_id=?
13:23:06.205 [Test worker] DEBUG o.h.p.c.AbstractCollectionPersister -  One-shot delete: delete from virtual_deployment_unit_lifecycle_event where virtual_deployment_unit_id=?
13:23:06.205 [Test worker] DEBUG o.h.p.c.AbstractCollectionPersister - Static SQL for collection: org.project.neutrino.nfvo.catalogue.mano.common.AbstractVirtualLink.qos
13:23:06.205 [Test worker] DEBUG o.h.p.c.AbstractCollectionPersister -  Row insert: insert into abstract_virtual_link_qos (abstract_virtual_link_id, qos) values (?, ?)
13:23:06.205 [Test worker] DEBUG o.h.p.c.AbstractCollectionPersister -  Row update: update abstract_virtual_link_qos set qos=? where abstract_virtual_link_id=? and qos=?
13:23:06.205 [Test worker] DEBUG o.h.p.c.AbstractCollectionPersister -  Row delete: delete from abstract_virtual_link_qos where abstract_virtual_link_id=? and qos=?
13:23:06.206 [Test worker] DEBUG o.h.p.c.AbstractCollectionPersister -  One-shot delete: delete from abstract_virtual_link_qos where abstract_virtual_link_id=?
13:23:06.206 [Test worker] DEBUG o.h.p.c.AbstractCollectionPersister - Static SQL for collection: org.project.neutrino.nfvo.catalogue.mano.record.PhysicalNetworkFunctionRecord.connected_virtual_link
13:23:06.206 [Test worker] DEBUG o.h.p.c.AbstractCollectionPersister -  Row insert: insert into physical_network_function_record_connected_virtual_link (physical_network_function_record_id, connected_virtual_link_id) values (?, ?)
13:23:06.206 [Test worker] DEBUG o.h.p.c.AbstractCollectionPersister -  Row update: update physical_network_function_record_connected_virtual_link set connected_virtual_link_id=? where physical_network_function_record_id=? and connected_virtual_link_id=?
13:23:06.206 [Test worker] DEBUG o.h.p.c.AbstractCollectionPersister -  Row delete: delete from physical_network_function_record_connected_virtual_link where physical_network_function_record_id=? and connected_virtual_link_id=?
13:23:06.206 [Test worker] DEBUG o.h.p.c.AbstractCollectionPersister -  One-shot delete: delete from physical_network_function_record_connected_virtual_link where physical_network_function_record_id=?
13:23:06.209 [Test worker] DEBUG o.h.p.entity.AbstractEntityPersister - Static SQL for entity: org.project.neutrino.nfvo.catalogue.mano.descriptor.VirtualNetworkFunctionDescriptor
13:23:06.209 [Test worker] DEBUG o.h.p.entity.AbstractEntityPersister -  Version select: select hb_version from virtual_network_function_descriptor where id =?
13:23:06.209 [Test worker] DEBUG o.h.p.entity.AbstractEntityPersister -  Snapshot select: select virtualnet_.id, virtualnet_.hb_version as hb_versi2_27_, virtualnet_.vendor as vendor3_27_, virtualnet_.version as version4_27_, virtualnet_.descriptor_version as descript1_62_, virtualnet_.manifest_file as manifest2_62_ from virtual_network_function_descriptor virtualnet_ where virtualnet_.id=?
13:23:06.209 [Test worker] DEBUG o.h.p.entity.AbstractEntityPersister -  Insert 0: insert into virtual_network_function_descriptor (hb_version, vendor, version, descriptor_version, manifest_file, id) values (?, ?, ?, ?, ?, ?)
13:23:06.209 [Test worker] DEBUG o.h.p.entity.AbstractEntityPersister -  Update 0: update virtual_network_function_descriptor set hb_version=?, vendor=?, version=?, descriptor_version=?, manifest_file=? where id=? and hb_version=?
13:23:06.210 [Test worker] DEBUG o.h.p.entity.AbstractEntityPersister -  Delete 0: delete from virtual_network_function_descriptor where id=? and hb_version=?
13:23:06.226 [Test worker] DEBUG o.h.l.p.b.i.spaces.QuerySpacesImpl - Adding QuerySpace : uid = <gen:0> -> org.hibernate.loader.plan.build.internal.spaces.EntityQuerySpaceImpl@7330a56a]
13:23:06.227 [Test worker] DEBUG o.h.p.w.spi.MetamodelGraphWalker - Visiting attribute path : auto_scale_policy
13:23:06.229 [Test worker] DEBUG o.h.p.w.spi.MetamodelGraphWalker - Visiting attribute path : connection_point
13:23:06.229 [Test worker] DEBUG o.h.p.w.spi.MetamodelGraphWalker - Visiting attribute path : hb_version
13:23:06.229 [Test worker] DEBUG o.h.p.w.spi.MetamodelGraphWalker - Visiting attribute path : lifecycle_event
13:23:06.229 [Test worker] DEBUG o.h.p.w.spi.MetamodelGraphWalker - Visiting attribute path : monitoring_parameter
13:23:06.230 [Test worker] DEBUG o.h.l.p.b.i.spaces.QuerySpacesImpl - Adding QuerySpace : uid = <gen:1> -> org.hibernate.loader.plan.build.internal.spaces.CollectionQuerySpaceImpl@2165156f]
13:23:06.233 [Test worker] DEBUG o.h.p.w.spi.MetamodelGraphWalker - Visiting attribute path : service_deployment_flavour
13:23:06.233 [Test worker] DEBUG o.h.p.w.spi.MetamodelGraphWalker - Visiting attribute path : vendor
13:23:06.233 [Test worker] DEBUG o.h.p.w.spi.MetamodelGraphWalker - Visiting attribute path : version
13:23:06.233 [Test worker] DEBUG o.h.p.w.spi.MetamodelGraphWalker - Visiting attribute path : vld
13:23:06.233 [Test worker] DEBUG o.h.p.w.spi.MetamodelGraphWalker - Visiting attribute path : vnffgd
13:23:06.233 [Test worker] DEBUG o.h.p.w.spi.MetamodelGraphWalker - Visiting attribute path : deployment_flavour
13:23:06.233 [Test worker] DEBUG o.h.l.p.b.i.spaces.QuerySpacesImpl - Adding QuerySpace : uid = <gen:2> -> org.hibernate.loader.plan.build.internal.spaces.CollectionQuerySpaceImpl@6091b85]
13:23:06.233 [Test worker] DEBUG o.h.l.p.b.i.spaces.QuerySpacesImpl - Adding QuerySpace : uid = <gen:3> -> org.hibernate.loader.plan.build.internal.spaces.EntityQuerySpaceImpl@3fedbbdb]
13:23:06.234 [Test worker] DEBUG o.h.p.w.spi.MetamodelGraphWalker - Visiting attribute path : deployment_flavour.flavour_key
13:23:06.234 [Test worker] DEBUG o.h.p.w.spi.MetamodelGraphWalker - Visiting attribute path : deployment_flavour.version
13:23:06.234 [Test worker] DEBUG o.h.p.w.spi.MetamodelGraphWalker - Visiting attribute path : deployment_flavour.costituent_vdu
13:23:06.234 [Test worker] DEBUG o.h.p.w.spi.MetamodelGraphWalker - Visiting attribute path : deployment_flavour.df_constraint
13:23:06.234 [Test worker] DEBUG o.h.l.p.b.i.spaces.QuerySpacesImpl - Adding QuerySpace : uid = <gen:4> -> org.hibernate.loader.plan.build.internal.spaces.CollectionQuerySpaceImpl@11c834d1]
13:23:06.235 [Test worker] DEBUG o.h.p.w.spi.MetamodelGraphWalker - Visiting attribute path : descriptor_version
13:23:06.235 [Test worker] DEBUG o.h.p.w.spi.MetamodelGraphWalker - Visiting attribute path : manifest_file
13:23:06.235 [Test worker] DEBUG o.h.p.w.spi.MetamodelGraphWalker - Visiting attribute path : manifest_file_security
13:23:06.235 [Test worker] DEBUG o.h.p.w.spi.MetamodelGraphWalker - Visiting attribute path : vdu
13:23:06.235 [Test worker] DEBUG o.h.p.w.spi.MetamodelGraphWalker - Visiting attribute path : vdu_dependency
13:23:06.235 [Test worker] DEBUG o.h.p.w.spi.MetamodelGraphWalker - Visiting attribute path : virtual_link
13:23:06.235 [Test worker] DEBUG o.h.l.p.b.i.FetchStyleLoadPlanBuildingAssociationVisitationStrategy - Building LoadPlan...
13:23:06.245 [Test worker] DEBUG o.h.l.p.e.i.LoadQueryJoinAndFetchProcessor - processing queryspace <gen:0>
13:23:06.250 [Test worker] DEBUG o.h.l.p.b.spi.LoadPlanTreePrinter - LoadPlan(entity=org.project.neutrino.nfvo.catalogue.mano.descriptor.VirtualNetworkFunctionDescriptor)
    - Returns
       - EntityReturnImpl(entity=org.project.neutrino.nfvo.catalogue.mano.descriptor.VirtualNetworkFunctionDescriptor, querySpaceUid=<gen:0>, path=org.project.neutrino.nfvo.catalogue.mano.descriptor.VirtualNetworkFunctionDescriptor)
          - CollectionAttributeFetchImpl(collection=org.project.neutrino.nfvo.catalogue.mano.common.NFVEntityDescriptor.monitoring_parameter, querySpaceUid=<gen:1>, path=org.project.neutrino.nfvo.catalogue.mano.descriptor.VirtualNetworkFunctionDescriptor.monitoring_parameter)
          - CollectionAttributeFetchImpl(collection=org.project.neutrino.nfvo.catalogue.mano.descriptor.VirtualNetworkFunctionDescriptor.deployment_flavour, querySpaceUid=<gen:2>, path=org.project.neutrino.nfvo.catalogue.mano.descriptor.VirtualNetworkFunctionDescriptor.deployment_flavour)
             - (collection element) CollectionFetchableElementEntityGraph(entity=org.project.neutrino.nfvo.catalogue.mano.descriptor.VNFDDeploymentFlavour, querySpaceUid=<gen:3>, path=org.project.neutrino.nfvo.catalogue.mano.descriptor.VirtualNetworkFunctionDescriptor.deployment_flavour.<elements>)
                - CollectionAttributeFetchImpl(collection=org.project.neutrino.nfvo.catalogue.mano.descriptor.VNFDDeploymentFlavour.df_constraint, querySpaceUid=<gen:4>, path=org.project.neutrino.nfvo.catalogue.mano.descriptor.VirtualNetworkFunctionDescriptor.deployment_flavour.<elements>.df_constraint)
    - QuerySpaces
       - EntityQuerySpaceImpl(uid=<gen:0>, entity=org.project.neutrino.nfvo.catalogue.mano.descriptor.VirtualNetworkFunctionDescriptor)
          - SQL table alias mapping - virtualnet0_
          - alias suffix - 0_
          - suffixed key columns - {id1_27_0_}
          - JOIN (JoinDefinedByMetadata(monitoring_parameter)) : <gen:0> -> <gen:1>
             - CollectionQuerySpaceImpl(uid=<gen:1>, collection=org.project.neutrino.nfvo.catalogue.mano.common.NFVEntityDescriptor.monitoring_parameter)
                - SQL table alias mapping - monitoring1_
                - alias suffix - 1_
                - suffixed key columns - {nfventit1_27_1_}
          - JOIN (JoinDefinedByMetadata(deployment_flavour)) : <gen:0> -> <gen:2>
             - CollectionQuerySpaceImpl(uid=<gen:2>, collection=org.project.neutrino.nfvo.catalogue.mano.descriptor.VirtualNetworkFunctionDescriptor.deployment_flavour)
                - SQL table alias mapping - deployment2_
                - alias suffix - 2_
                - suffixed key columns - {virtual_1_27_2_}
                - entity-element alias suffix - 3_
                - 3_entity-element suffixed key columns - id1_7_3_
                - JOIN (JoinDefinedByMetadata(elements)) : <gen:2> -> <gen:3>
                   - EntityQuerySpaceImpl(uid=<gen:3>, entity=org.project.neutrino.nfvo.catalogue.mano.descriptor.VNFDDeploymentFlavour)
                      - SQL table alias mapping - vnfddeploy3_
                      - alias suffix - 3_
                      - suffixed key columns - {id1_7_3_}
                      - JOIN (JoinDefinedByMetadata(df_constraint)) : <gen:3> -> <gen:4>
                         - CollectionQuerySpaceImpl(uid=<gen:4>, collection=org.project.neutrino.nfvo.catalogue.mano.descriptor.VNFDDeploymentFlavour.df_constraint)
                            - SQL table alias mapping - df_constra4_
                            - alias suffix - 4_
                            - suffixed key columns - {vnfddepl1_7_4_}

13:23:06.253 [Test worker] DEBUG o.h.loader.entity.plan.EntityLoader - Static select for entity org.project.neutrino.nfvo.catalogue.mano.descriptor.VirtualNetworkFunctionDescriptor [NONE]: select virtualnet0_.id as id1_27_0_, virtualnet0_.hb_version as hb_versi2_27_0_, virtualnet0_.vendor as vendor3_27_0_, virtualnet0_.version as version4_27_0_, virtualnet0_.descriptor_version as descript1_62_0_, virtualnet0_.manifest_file as manifest2_62_0_, monitoring1_.nfventity_descriptor_Id as nfventit1_27_1_, monitoring1_.monitoring_parameter as monitori2_31_1_, deployment2_.virtual_network_function_descriptor_Id as virtual_1_27_2_, vnfddeploy3_.id as deployme2_63_2_, vnfddeploy3_.id as id1_7_3_, vnfddeploy3_.flavour_key as flavour_2_7_3_, vnfddeploy3_.version as version3_7_3_, df_constra4_.vnfddeployment_flavour_id as vnfddepl1_7_4_, df_constra4_.df_constraint as df_const2_85_4_ from virtual_network_function_descriptor virtualnet0_ left outer join nfventity_descriptor_monitoring_parameter monitoring1_ on virtualnet0_.id=monitoring1_.nfventity_descriptor_Id left outer join virtual_network_function_descriptor_deployment_flavour deployment2_ on virtualnet0_.id=deployment2_.virtual_network_function_descriptor_Id left outer join vnfddeployment_flavour vnfddeploy3_ on deployment2_.deployment_flavour_id=vnfddeploy3_.id left outer join vnfddeployment_flavour_df_constraint df_constra4_ on vnfddeploy3_.id=df_constra4_.vnfddeployment_flavour_id where virtualnet0_.id=?
13:23:06.253 [Test worker] DEBUG o.h.l.p.b.i.spaces.QuerySpacesImpl - Adding QuerySpace : uid = <gen:0> -> org.hibernate.loader.plan.build.internal.spaces.EntityQuerySpaceImpl@4448ff99]
13:23:06.253 [Test worker] DEBUG o.h.p.w.spi.MetamodelGraphWalker - Visiting attribute path : auto_scale_policy
13:23:06.253 [Test worker] DEBUG o.h.p.w.spi.MetamodelGraphWalker - Visiting attribute path : connection_point
13:23:06.254 [Test worker] DEBUG o.h.p.w.spi.MetamodelGraphWalker - Visiting attribute path : hb_version
13:23:06.254 [Test worker] DEBUG o.h.p.w.spi.MetamodelGraphWalker - Visiting attribute path : lifecycle_event
13:23:06.254 [Test worker] DEBUG o.h.p.w.spi.MetamodelGraphWalker - Visiting attribute path : monitoring_parameter
13:23:06.254 [Test worker] DEBUG o.h.l.p.b.i.spaces.QuerySpacesImpl - Adding QuerySpace : uid = <gen:1> -> org.hibernate.loader.plan.build.internal.spaces.CollectionQuerySpaceImpl@1582b279]
13:23:06.254 [Test worker] DEBUG o.h.p.w.spi.MetamodelGraphWalker - Visiting attribute path : service_deployment_flavour
13:23:06.254 [Test worker] DEBUG o.h.p.w.spi.MetamodelGraphWalker - Visiting attribute path : vendor
13:23:06.254 [Test worker] DEBUG o.h.p.w.spi.MetamodelGraphWalker - Visiting attribute path : version
13:23:06.254 [Test worker] DEBUG o.h.p.w.spi.MetamodelGraphWalker - Visiting attribute path : vld
13:23:06.255 [Test worker] DEBUG o.h.p.w.spi.MetamodelGraphWalker - Visiting attribute path : vnffgd
13:23:06.255 [Test worker] DEBUG o.h.p.w.spi.MetamodelGraphWalker - Visiting attribute path : deployment_flavour
13:23:06.255 [Test worker] DEBUG o.h.l.p.b.i.spaces.QuerySpacesImpl - Adding QuerySpace : uid = <gen:2> -> org.hibernate.loader.plan.build.internal.spaces.CollectionQuerySpaceImpl@2073c4a2]
13:23:06.255 [Test worker] DEBUG o.h.l.p.b.i.spaces.QuerySpacesImpl - Adding QuerySpace : uid = <gen:3> -> org.hibernate.loader.plan.build.internal.spaces.EntityQuerySpaceImpl@10727853]
13:23:06.255 [Test worker] DEBUG o.h.p.w.spi.MetamodelGraphWalker - Visiting attribute path : deployment_flavour.flavour_key
13:23:06.256 [Test worker] DEBUG o.h.p.w.spi.MetamodelGraphWalker - Visiting attribute path : deployment_flavour.version
13:23:06.256 [Test worker] DEBUG o.h.p.w.spi.MetamodelGraphWalker - Visiting attribute path : deployment_flavour.costituent_vdu
13:23:06.256 [Test worker] DEBUG o.h.p.w.spi.MetamodelGraphWalker - Visiting attribute path : deployment_flavour.df_constraint
13:23:06.256 [Test worker] DEBUG o.h.l.p.b.i.spaces.QuerySpacesImpl - Adding QuerySpace : uid = <gen:4> -> org.hibernate.loader.plan.build.internal.spaces.CollectionQuerySpaceImpl@9a23677]
13:23:06.256 [Test worker] DEBUG o.h.p.w.spi.MetamodelGraphWalker - Visiting attribute path : descriptor_version
13:23:06.256 [Test worker] DEBUG o.h.p.w.spi.MetamodelGraphWalker - Visiting attribute path : manifest_file
13:23:06.256 [Test worker] DEBUG o.h.p.w.spi.MetamodelGraphWalker - Visiting attribute path : manifest_file_security
13:23:06.256 [Test worker] DEBUG o.h.p.w.spi.MetamodelGraphWalker - Visiting attribute path : vdu
13:23:06.257 [Test worker] DEBUG o.h.p.w.spi.MetamodelGraphWalker - Visiting attribute path : vdu_dependency
13:23:06.257 [Test worker] DEBUG o.h.p.w.spi.MetamodelGraphWalker - Visiting attribute path : virtual_link
13:23:06.257 [Test worker] DEBUG o.h.l.p.b.i.FetchStyleLoadPlanBuildingAssociationVisitationStrategy - Building LoadPlan...
13:23:06.257 [Test worker] DEBUG o.h.l.p.e.i.LoadQueryJoinAndFetchProcessor - processing queryspace <gen:0>
13:23:06.258 [Test worker] DEBUG o.h.l.p.b.spi.LoadPlanTreePrinter - LoadPlan(entity=org.project.neutrino.nfvo.catalogue.mano.descriptor.VirtualNetworkFunctionDescriptor)
    - Returns
       - EntityReturnImpl(entity=org.project.neutrino.nfvo.catalogue.mano.descriptor.VirtualNetworkFunctionDescriptor, querySpaceUid=<gen:0>, path=org.project.neutrino.nfvo.catalogue.mano.descriptor.VirtualNetworkFunctionDescriptor)
          - CollectionAttributeFetchImpl(collection=org.project.neutrino.nfvo.catalogue.mano.common.NFVEntityDescriptor.monitoring_parameter, querySpaceUid=<gen:1>, path=org.project.neutrino.nfvo.catalogue.mano.descriptor.VirtualNetworkFunctionDescriptor.monitoring_parameter)
          - CollectionAttributeFetchImpl(collection=org.project.neutrino.nfvo.catalogue.mano.descriptor.VirtualNetworkFunctionDescriptor.deployment_flavour, querySpaceUid=<gen:2>, path=org.project.neutrino.nfvo.catalogue.mano.descriptor.VirtualNetworkFunctionDescriptor.deployment_flavour)
             - (collection element) CollectionFetchableElementEntityGraph(entity=org.project.neutrino.nfvo.catalogue.mano.descriptor.VNFDDeploymentFlavour, querySpaceUid=<gen:3>, path=org.project.neutrino.nfvo.catalogue.mano.descriptor.VirtualNetworkFunctionDescriptor.deployment_flavour.<elements>)
                - CollectionAttributeFetchImpl(collection=org.project.neutrino.nfvo.catalogue.mano.descriptor.VNFDDeploymentFlavour.df_constraint, querySpaceUid=<gen:4>, path=org.project.neutrino.nfvo.catalogue.mano.descriptor.VirtualNetworkFunctionDescriptor.deployment_flavour.<elements>.df_constraint)
    - QuerySpaces
       - EntityQuerySpaceImpl(uid=<gen:0>, entity=org.project.neutrino.nfvo.catalogue.mano.descriptor.VirtualNetworkFunctionDescriptor)
          - SQL table alias mapping - virtualnet0_
          - alias suffix - 0_
          - suffixed key columns - {id1_27_0_}
          - JOIN (JoinDefinedByMetadata(monitoring_parameter)) : <gen:0> -> <gen:1>
             - CollectionQuerySpaceImpl(uid=<gen:1>, collection=org.project.neutrino.nfvo.catalogue.mano.common.NFVEntityDescriptor.monitoring_parameter)
                - SQL table alias mapping - monitoring1_
                - alias suffix - 1_
                - suffixed key columns - {nfventit1_27_1_}
          - JOIN (JoinDefinedByMetadata(deployment_flavour)) : <gen:0> -> <gen:2>
             - CollectionQuerySpaceImpl(uid=<gen:2>, collection=org.project.neutrino.nfvo.catalogue.mano.descriptor.VirtualNetworkFunctionDescriptor.deployment_flavour)
                - SQL table alias mapping - deployment2_
                - alias suffix - 2_
                - suffixed key columns - {virtual_1_27_2_}
                - entity-element alias suffix - 3_
                - 3_entity-element suffixed key columns - id1_7_3_
                - JOIN (JoinDefinedByMetadata(elements)) : <gen:2> -> <gen:3>
                   - EntityQuerySpaceImpl(uid=<gen:3>, entity=org.project.neutrino.nfvo.catalogue.mano.descriptor.VNFDDeploymentFlavour)
                      - SQL table alias mapping - vnfddeploy3_
                      - alias suffix - 3_
                      - suffixed key columns - {id1_7_3_}
                      - JOIN (JoinDefinedByMetadata(df_constraint)) : <gen:3> -> <gen:4>
                         - CollectionQuerySpaceImpl(uid=<gen:4>, collection=org.project.neutrino.nfvo.catalogue.mano.descriptor.VNFDDeploymentFlavour.df_constraint)
                            - SQL table alias mapping - df_constra4_
                            - alias suffix - 4_
                            - suffixed key columns - {vnfddepl1_7_4_}

13:23:06.260 [Test worker] DEBUG o.h.loader.entity.plan.EntityLoader - Static select for entity org.project.neutrino.nfvo.catalogue.mano.descriptor.VirtualNetworkFunctionDescriptor [READ]: select virtualnet0_.id as id1_27_0_, virtualnet0_.hb_version as hb_versi2_27_0_, virtualnet0_.vendor as vendor3_27_0_, virtualnet0_.version as version4_27_0_, virtualnet0_.descriptor_version as descript1_62_0_, virtualnet0_.manifest_file as manifest2_62_0_, monitoring1_.nfventity_descriptor_Id as nfventit1_27_1_, monitoring1_.monitoring_parameter as monitori2_31_1_, deployment2_.virtual_network_function_descriptor_Id as virtual_1_27_2_, vnfddeploy3_.id as deployme2_63_2_, vnfddeploy3_.id as id1_7_3_, vnfddeploy3_.flavour_key as flavour_2_7_3_, vnfddeploy3_.version as version3_7_3_, df_constra4_.vnfddeployment_flavour_id as vnfddepl1_7_4_, df_constra4_.df_constraint as df_const2_85_4_ from virtual_network_function_descriptor virtualnet0_ left outer join nfventity_descriptor_monitoring_parameter monitoring1_ on virtualnet0_.id=monitoring1_.nfventity_descriptor_Id left outer join virtual_network_function_descriptor_deployment_flavour deployment2_ on virtualnet0_.id=deployment2_.virtual_network_function_descriptor_Id left outer join vnfddeployment_flavour vnfddeploy3_ on deployment2_.deployment_flavour_id=vnfddeploy3_.id left outer join vnfddeployment_flavour_df_constraint df_constra4_ on vnfddeploy3_.id=df_constra4_.vnfddeployment_flavour_id where virtualnet0_.id=?
13:23:06.260 [Test worker] DEBUG o.h.l.p.b.i.spaces.QuerySpacesImpl - Adding QuerySpace : uid = <gen:0> -> org.hibernate.loader.plan.build.internal.spaces.EntityQuerySpaceImpl@4acaa278]
13:23:06.260 [Test worker] DEBUG o.h.p.w.spi.MetamodelGraphWalker - Visiting attribute path : auto_scale_policy
13:23:06.260 [Test worker] DEBUG o.h.p.w.spi.MetamodelGraphWalker - Visiting attribute path : connection_point
13:23:06.260 [Test worker] DEBUG o.h.p.w.spi.MetamodelGraphWalker - Visiting attribute path : hb_version
13:23:06.260 [Test worker] DEBUG o.h.p.w.spi.MetamodelGraphWalker - Visiting attribute path : lifecycle_event
13:23:06.261 [Test worker] DEBUG o.h.p.w.spi.MetamodelGraphWalker - Visiting attribute path : monitoring_parameter
13:23:06.261 [Test worker] DEBUG o.h.l.p.b.i.spaces.QuerySpacesImpl - Adding QuerySpace : uid = <gen:1> -> org.hibernate.loader.plan.build.internal.spaces.CollectionQuerySpaceImpl@2bb8a47f]
13:23:06.261 [Test worker] DEBUG o.h.p.w.spi.MetamodelGraphWalker - Visiting attribute path : service_deployment_flavour
13:23:06.261 [Test worker] DEBUG o.h.p.w.spi.MetamodelGraphWalker - Visiting attribute path : vendor
13:23:06.261 [Test worker] DEBUG o.h.p.w.spi.MetamodelGraphWalker - Visiting attribute path : version
13:23:06.261 [Test worker] DEBUG o.h.p.w.spi.MetamodelGraphWalker - Visiting attribute path : vld
13:23:06.261 [Test worker] DEBUG o.h.p.w.spi.MetamodelGraphWalker - Visiting attribute path : vnffgd
13:23:06.261 [Test worker] DEBUG o.h.p.w.spi.MetamodelGraphWalker - Visiting attribute path : deployment_flavour
13:23:06.261 [Test worker] DEBUG o.h.l.p.b.i.spaces.QuerySpacesImpl - Adding QuerySpace : uid = <gen:2> -> org.hibernate.loader.plan.build.internal.spaces.CollectionQuerySpaceImpl@6737a445]
13:23:06.261 [Test worker] DEBUG o.h.l.p.b.i.spaces.QuerySpacesImpl - Adding QuerySpace : uid = <gen:3> -> org.hibernate.loader.plan.build.internal.spaces.EntityQuerySpaceImpl@7601e2f3]
13:23:06.261 [Test worker] DEBUG o.h.p.w.spi.MetamodelGraphWalker - Visiting attribute path : descriptor_version
13:23:06.262 [Test worker] DEBUG o.h.p.w.spi.MetamodelGraphWalker - Visiting attribute path : manifest_file
13:23:06.262 [Test worker] DEBUG o.h.p.w.spi.MetamodelGraphWalker - Visiting attribute path : manifest_file_security
13:23:06.262 [Test worker] DEBUG o.h.p.w.spi.MetamodelGraphWalker - Visiting attribute path : vdu
13:23:06.262 [Test worker] DEBUG o.h.p.w.spi.MetamodelGraphWalker - Visiting attribute path : vdu_dependency
13:23:06.262 [Test worker] DEBUG o.h.p.w.spi.MetamodelGraphWalker - Visiting attribute path : virtual_link
13:23:06.262 [Test worker] DEBUG o.h.l.p.b.i.FetchStyleLoadPlanBuildingAssociationVisitationStrategy - Building LoadPlan...
13:23:06.262 [Test worker] DEBUG o.h.l.p.e.i.LoadQueryJoinAndFetchProcessor - processing queryspace <gen:0>
13:23:06.263 [Test worker] DEBUG o.h.l.p.b.spi.LoadPlanTreePrinter - LoadPlan(entity=org.project.neutrino.nfvo.catalogue.mano.descriptor.VirtualNetworkFunctionDescriptor)
    - Returns
       - EntityReturnImpl(entity=org.project.neutrino.nfvo.catalogue.mano.descriptor.VirtualNetworkFunctionDescriptor, querySpaceUid=<gen:0>, path=org.project.neutrino.nfvo.catalogue.mano.descriptor.VirtualNetworkFunctionDescriptor)
          - CollectionAttributeFetchImpl(collection=org.project.neutrino.nfvo.catalogue.mano.common.NFVEntityDescriptor.monitoring_parameter, querySpaceUid=<gen:1>, path=org.project.neutrino.nfvo.catalogue.mano.descriptor.VirtualNetworkFunctionDescriptor.monitoring_parameter)
          - CollectionAttributeFetchImpl(collection=org.project.neutrino.nfvo.catalogue.mano.descriptor.VirtualNetworkFunctionDescriptor.deployment_flavour, querySpaceUid=<gen:2>, path=org.project.neutrino.nfvo.catalogue.mano.descriptor.VirtualNetworkFunctionDescriptor.deployment_flavour)
             - (collection element) CollectionFetchableElementEntityGraph(entity=org.project.neutrino.nfvo.catalogue.mano.descriptor.VNFDDeploymentFlavour, querySpaceUid=<gen:3>, path=org.project.neutrino.nfvo.catalogue.mano.descriptor.VirtualNetworkFunctionDescriptor.deployment_flavour.<elements>)
    - QuerySpaces
       - EntityQuerySpaceImpl(uid=<gen:0>, entity=org.project.neutrino.nfvo.catalogue.mano.descriptor.VirtualNetworkFunctionDescriptor)
          - SQL table alias mapping - virtualnet0_
          - alias suffix - 0_
          - suffixed key columns - {id1_27_0_}

13:23:06.263 [Test worker] DEBUG o.h.loader.entity.plan.EntityLoader - Static select for entity org.project.neutrino.nfvo.catalogue.mano.descriptor.VirtualNetworkFunctionDescriptor [UPGRADE]: select virtualnet0_.id as id1_27_0_, virtualnet0_.hb_version as hb_versi2_27_0_, virtualnet0_.vendor as vendor3_27_0_, virtualnet0_.version as version4_27_0_, virtualnet0_.descriptor_version as descript1_62_0_, virtualnet0_.manifest_file as manifest2_62_0_ from virtual_network_function_descriptor virtualnet0_ where virtualnet0_.id=? for update
13:23:06.263 [Test worker] DEBUG o.h.l.p.b.i.spaces.QuerySpacesImpl - Adding QuerySpace : uid = <gen:0> -> org.hibernate.loader.plan.build.internal.spaces.EntityQuerySpaceImpl@75dafc0b]
13:23:06.263 [Test worker] DEBUG o.h.p.w.spi.MetamodelGraphWalker - Visiting attribute path : auto_scale_policy
13:23:06.264 [Test worker] DEBUG o.h.p.w.spi.MetamodelGraphWalker - Visiting attribute path : connection_point
13:23:06.264 [Test worker] DEBUG o.h.p.w.spi.MetamodelGraphWalker - Visiting attribute path : hb_version
13:23:06.264 [Test worker] DEBUG o.h.p.w.spi.MetamodelGraphWalker - Visiting attribute path : lifecycle_event
13:23:06.264 [Test worker] DEBUG o.h.p.w.spi.MetamodelGraphWalker - Visiting attribute path : monitoring_parameter
13:23:06.264 [Test worker] DEBUG o.h.l.p.b.i.spaces.QuerySpacesImpl - Adding QuerySpace : uid = <gen:1> -> org.hibernate.loader.plan.build.internal.spaces.CollectionQuerySpaceImpl@f4643f]
13:23:06.264 [Test worker] DEBUG o.h.p.w.spi.MetamodelGraphWalker - Visiting attribute path : service_deployment_flavour
13:23:06.264 [Test worker] DEBUG o.h.p.w.spi.MetamodelGraphWalker - Visiting attribute path : vendor
13:23:06.264 [Test worker] DEBUG o.h.p.w.spi.MetamodelGraphWalker - Visiting attribute path : version
13:23:06.264 [Test worker] DEBUG o.h.p.w.spi.MetamodelGraphWalker - Visiting attribute path : vld
13:23:06.264 [Test worker] DEBUG o.h.p.w.spi.MetamodelGraphWalker - Visiting attribute path : vnffgd
13:23:06.264 [Test worker] DEBUG o.h.p.w.spi.MetamodelGraphWalker - Visiting attribute path : deployment_flavour
13:23:06.265 [Test worker] DEBUG o.h.l.p.b.i.spaces.QuerySpacesImpl - Adding QuerySpace : uid = <gen:2> -> org.hibernate.loader.plan.build.internal.spaces.CollectionQuerySpaceImpl@2ce16496]
13:23:06.265 [Test worker] DEBUG o.h.l.p.b.i.spaces.QuerySpacesImpl - Adding QuerySpace : uid = <gen:3> -> org.hibernate.loader.plan.build.internal.spaces.EntityQuerySpaceImpl@192cadf]
13:23:06.265 [Test worker] DEBUG o.h.p.w.spi.MetamodelGraphWalker - Visiting attribute path : descriptor_version
13:23:06.265 [Test worker] DEBUG o.h.p.w.spi.MetamodelGraphWalker - Visiting attribute path : manifest_file
13:23:06.265 [Test worker] DEBUG o.h.p.w.spi.MetamodelGraphWalker - Visiting attribute path : manifest_file_security
13:23:06.265 [Test worker] DEBUG o.h.p.w.spi.MetamodelGraphWalker - Visiting attribute path : vdu
13:23:06.265 [Test worker] DEBUG o.h.p.w.spi.MetamodelGraphWalker - Visiting attribute path : vdu_dependency
13:23:06.265 [Test worker] DEBUG o.h.p.w.spi.MetamodelGraphWalker - Visiting attribute path : virtual_link
13:23:06.265 [Test worker] DEBUG o.h.l.p.b.i.FetchStyleLoadPlanBuildingAssociationVisitationStrategy - Building LoadPlan...
13:23:06.266 [Test worker] DEBUG o.h.l.p.e.i.LoadQueryJoinAndFetchProcessor - processing queryspace <gen:0>
13:23:06.266 [Test worker] DEBUG o.h.l.p.b.spi.LoadPlanTreePrinter - LoadPlan(entity=org.project.neutrino.nfvo.catalogue.mano.descriptor.VirtualNetworkFunctionDescriptor)
    - Returns
       - EntityReturnImpl(entity=org.project.neutrino.nfvo.catalogue.mano.descriptor.VirtualNetworkFunctionDescriptor, querySpaceUid=<gen:0>, path=org.project.neutrino.nfvo.catalogue.mano.descriptor.VirtualNetworkFunctionDescriptor)
          - CollectionAttributeFetchImpl(collection=org.project.neutrino.nfvo.catalogue.mano.common.NFVEntityDescriptor.monitoring_parameter, querySpaceUid=<gen:1>, path=org.project.neutrino.nfvo.catalogue.mano.descriptor.VirtualNetworkFunctionDescriptor.monitoring_parameter)
          - CollectionAttributeFetchImpl(collection=org.project.neutrino.nfvo.catalogue.mano.descriptor.VirtualNetworkFunctionDescriptor.deployment_flavour, querySpaceUid=<gen:2>, path=org.project.neutrino.nfvo.catalogue.mano.descriptor.VirtualNetworkFunctionDescriptor.deployment_flavour)
             - (collection element) CollectionFetchableElementEntityGraph(entity=org.project.neutrino.nfvo.catalogue.mano.descriptor.VNFDDeploymentFlavour, querySpaceUid=<gen:3>, path=org.project.neutrino.nfvo.catalogue.mano.descriptor.VirtualNetworkFunctionDescriptor.deployment_flavour.<elements>)
    - QuerySpaces
       - EntityQuerySpaceImpl(uid=<gen:0>, entity=org.project.neutrino.nfvo.catalogue.mano.descriptor.VirtualNetworkFunctionDescriptor)
          - SQL table alias mapping - virtualnet0_
          - alias suffix - 0_
          - suffixed key columns - {id1_27_0_}

13:23:06.266 [Test worker] DEBUG o.h.loader.entity.plan.EntityLoader - Static select for entity org.project.neutrino.nfvo.catalogue.mano.descriptor.VirtualNetworkFunctionDescriptor [UPGRADE_NOWAIT]: select virtualnet0_.id as id1_27_0_, virtualnet0_.hb_version as hb_versi2_27_0_, virtualnet0_.vendor as vendor3_27_0_, virtualnet0_.version as version4_27_0_, virtualnet0_.descriptor_version as descript1_62_0_, virtualnet0_.manifest_file as manifest2_62_0_ from virtual_network_function_descriptor virtualnet0_ where virtualnet0_.id=? for update
13:23:06.267 [Test worker] DEBUG o.h.l.p.b.i.spaces.QuerySpacesImpl - Adding QuerySpace : uid = <gen:0> -> org.hibernate.loader.plan.build.internal.spaces.EntityQuerySpaceImpl@4c44f747]
13:23:06.267 [Test worker] DEBUG o.h.p.w.spi.MetamodelGraphWalker - Visiting attribute path : auto_scale_policy
13:23:06.267 [Test worker] DEBUG o.h.p.w.spi.MetamodelGraphWalker - Visiting attribute path : connection_point
13:23:06.267 [Test worker] DEBUG o.h.p.w.spi.MetamodelGraphWalker - Visiting attribute path : hb_version
13:23:06.267 [Test worker] DEBUG o.h.p.w.spi.MetamodelGraphWalker - Visiting attribute path : lifecycle_event
13:23:06.267 [Test worker] DEBUG o.h.p.w.spi.MetamodelGraphWalker - Visiting attribute path : monitoring_parameter
13:23:06.267 [Test worker] DEBUG o.h.l.p.b.i.spaces.QuerySpacesImpl - Adding QuerySpace : uid = <gen:1> -> org.hibernate.loader.plan.build.internal.spaces.CollectionQuerySpaceImpl@1c55252c]
13:23:06.267 [Test worker] DEBUG o.h.p.w.spi.MetamodelGraphWalker - Visiting attribute path : service_deployment_flavour
13:23:06.267 [Test worker] DEBUG o.h.p.w.spi.MetamodelGraphWalker - Visiting attribute path : vendor
13:23:06.267 [Test worker] DEBUG o.h.p.w.spi.MetamodelGraphWalker - Visiting attribute path : version
13:23:06.268 [Test worker] DEBUG o.h.p.w.spi.MetamodelGraphWalker - Visiting attribute path : vld
13:23:06.268 [Test worker] DEBUG o.h.p.w.spi.MetamodelGraphWalker - Visiting attribute path : vnffgd
13:23:06.268 [Test worker] DEBUG o.h.p.w.spi.MetamodelGraphWalker - Visiting attribute path : deployment_flavour
13:23:06.268 [Test worker] DEBUG o.h.l.p.b.i.spaces.QuerySpacesImpl - Adding QuerySpace : uid = <gen:2> -> org.hibernate.loader.plan.build.internal.spaces.CollectionQuerySpaceImpl@19fb7a3c]
13:23:06.268 [Test worker] DEBUG o.h.l.p.b.i.spaces.QuerySpacesImpl - Adding QuerySpace : uid = <gen:3> -> org.hibernate.loader.plan.build.internal.spaces.EntityQuerySpaceImpl@4d160677]
13:23:06.268 [Test worker] DEBUG o.h.p.w.spi.MetamodelGraphWalker - Visiting attribute path : descriptor_version
13:23:06.268 [Test worker] DEBUG o.h.p.w.spi.MetamodelGraphWalker - Visiting attribute path : manifest_file
13:23:06.268 [Test worker] DEBUG o.h.p.w.spi.MetamodelGraphWalker - Visiting attribute path : manifest_file_security
13:23:06.268 [Test worker] DEBUG o.h.p.w.spi.MetamodelGraphWalker - Visiting attribute path : vdu
13:23:06.269 [Test worker] DEBUG o.h.p.w.spi.MetamodelGraphWalker - Visiting attribute path : vdu_dependency
13:23:06.269 [Test worker] DEBUG o.h.p.w.spi.MetamodelGraphWalker - Visiting attribute path : virtual_link
13:23:06.269 [Test worker] DEBUG o.h.l.p.b.i.FetchStyleLoadPlanBuildingAssociationVisitationStrategy - Building LoadPlan...
13:23:06.269 [Test worker] DEBUG o.h.l.p.e.i.LoadQueryJoinAndFetchProcessor - processing queryspace <gen:0>
13:23:06.269 [Test worker] DEBUG o.h.l.p.b.spi.LoadPlanTreePrinter - LoadPlan(entity=org.project.neutrino.nfvo.catalogue.mano.descriptor.VirtualNetworkFunctionDescriptor)
    - Returns
       - EntityReturnImpl(entity=org.project.neutrino.nfvo.catalogue.mano.descriptor.VirtualNetworkFunctionDescriptor, querySpaceUid=<gen:0>, path=org.project.neutrino.nfvo.catalogue.mano.descriptor.VirtualNetworkFunctionDescriptor)
          - CollectionAttributeFetchImpl(collection=org.project.neutrino.nfvo.catalogue.mano.common.NFVEntityDescriptor.monitoring_parameter, querySpaceUid=<gen:1>, path=org.project.neutrino.nfvo.catalogue.mano.descriptor.VirtualNetworkFunctionDescriptor.monitoring_parameter)
          - CollectionAttributeFetchImpl(collection=org.project.neutrino.nfvo.catalogue.mano.descriptor.VirtualNetworkFunctionDescriptor.deployment_flavour, querySpaceUid=<gen:2>, path=org.project.neutrino.nfvo.catalogue.mano.descriptor.VirtualNetworkFunctionDescriptor.deployment_flavour)
             - (collection element) CollectionFetchableElementEntityGraph(entity=org.project.neutrino.nfvo.catalogue.mano.descriptor.VNFDDeploymentFlavour, querySpaceUid=<gen:3>, path=org.project.neutrino.nfvo.catalogue.mano.descriptor.VirtualNetworkFunctionDescriptor.deployment_flavour.<elements>)
    - QuerySpaces
       - EntityQuerySpaceImpl(uid=<gen:0>, entity=org.project.neutrino.nfvo.catalogue.mano.descriptor.VirtualNetworkFunctionDescriptor)
          - SQL table alias mapping - virtualnet0_
          - alias suffix - 0_
          - suffixed key columns - {id1_27_0_}

13:23:06.271 [Test worker] DEBUG o.h.loader.entity.plan.EntityLoader - Static select for entity org.project.neutrino.nfvo.catalogue.mano.descriptor.VirtualNetworkFunctionDescriptor [UPGRADE_SKIPLOCKED]: select virtualnet0_.id as id1_27_0_, virtualnet0_.hb_version as hb_versi2_27_0_, virtualnet0_.vendor as vendor3_27_0_, virtualnet0_.version as version4_27_0_, virtualnet0_.descriptor_version as descript1_62_0_, virtualnet0_.manifest_file as manifest2_62_0_ from virtual_network_function_descriptor virtualnet0_ where virtualnet0_.id=? for update
13:23:06.271 [Test worker] DEBUG o.h.l.p.b.i.spaces.QuerySpacesImpl - Adding QuerySpace : uid = <gen:0> -> org.hibernate.loader.plan.build.internal.spaces.EntityQuerySpaceImpl@6102962a]
13:23:06.271 [Test worker] DEBUG o.h.p.w.spi.MetamodelGraphWalker - Visiting attribute path : auto_scale_policy
13:23:06.271 [Test worker] DEBUG o.h.p.w.spi.MetamodelGraphWalker - Visiting attribute path : connection_point
13:23:06.271 [Test worker] DEBUG o.h.p.w.spi.MetamodelGraphWalker - Visiting attribute path : hb_version
13:23:06.271 [Test worker] DEBUG o.h.p.w.spi.MetamodelGraphWalker - Visiting attribute path : lifecycle_event
13:23:06.271 [Test worker] DEBUG o.h.p.w.spi.MetamodelGraphWalker - Visiting attribute path : monitoring_parameter
13:23:06.272 [Test worker] DEBUG o.h.l.p.b.i.spaces.QuerySpacesImpl - Adding QuerySpace : uid = <gen:1> -> org.hibernate.loader.plan.build.internal.spaces.CollectionQuerySpaceImpl@1d53914e]
13:23:06.272 [Test worker] DEBUG o.h.p.w.spi.MetamodelGraphWalker - Visiting attribute path : service_deployment_flavour
13:23:06.272 [Test worker] DEBUG o.h.p.w.spi.MetamodelGraphWalker - Visiting attribute path : vendor
13:23:06.272 [Test worker] DEBUG o.h.p.w.spi.MetamodelGraphWalker - Visiting attribute path : version
13:23:06.272 [Test worker] DEBUG o.h.p.w.spi.MetamodelGraphWalker - Visiting attribute path : vld
13:23:06.272 [Test worker] DEBUG o.h.p.w.spi.MetamodelGraphWalker - Visiting attribute path : vnffgd
13:23:06.272 [Test worker] DEBUG o.h.p.w.spi.MetamodelGraphWalker - Visiting attribute path : deployment_flavour
13:23:06.272 [Test worker] DEBUG o.h.l.p.b.i.spaces.QuerySpacesImpl - Adding QuerySpace : uid = <gen:2> -> org.hibernate.loader.plan.build.internal.spaces.CollectionQuerySpaceImpl@5968a6ec]
13:23:06.273 [Test worker] DEBUG o.h.l.p.b.i.spaces.QuerySpacesImpl - Adding QuerySpace : uid = <gen:3> -> org.hibernate.loader.plan.build.internal.spaces.EntityQuerySpaceImpl@65a6fdcf]
13:23:06.273 [Test worker] DEBUG o.h.p.w.spi.MetamodelGraphWalker - Visiting attribute path : descriptor_version
13:23:06.273 [Test worker] DEBUG o.h.p.w.spi.MetamodelGraphWalker - Visiting attribute path : manifest_file
13:23:06.273 [Test worker] DEBUG o.h.p.w.spi.MetamodelGraphWalker - Visiting attribute path : manifest_file_security
13:23:06.273 [Test worker] DEBUG o.h.p.w.spi.MetamodelGraphWalker - Visiting attribute path : vdu
13:23:06.273 [Test worker] DEBUG o.h.p.w.spi.MetamodelGraphWalker - Visiting attribute path : vdu_dependency
13:23:06.273 [Test worker] DEBUG o.h.p.w.spi.MetamodelGraphWalker - Visiting attribute path : virtual_link
13:23:06.273 [Test worker] DEBUG o.h.l.p.b.i.FetchStyleLoadPlanBuildingAssociationVisitationStrategy - Building LoadPlan...
13:23:06.274 [Test worker] DEBUG o.h.l.p.e.i.LoadQueryJoinAndFetchProcessor - processing queryspace <gen:0>
13:23:06.274 [Test worker] DEBUG o.h.l.p.b.spi.LoadPlanTreePrinter - LoadPlan(entity=org.project.neutrino.nfvo.catalogue.mano.descriptor.VirtualNetworkFunctionDescriptor)
    - Returns
       - EntityReturnImpl(entity=org.project.neutrino.nfvo.catalogue.mano.descriptor.VirtualNetworkFunctionDescriptor, querySpaceUid=<gen:0>, path=org.project.neutrino.nfvo.catalogue.mano.descriptor.VirtualNetworkFunctionDescriptor)
          - CollectionAttributeFetchImpl(collection=org.project.neutrino.nfvo.catalogue.mano.common.NFVEntityDescriptor.monitoring_parameter, querySpaceUid=<gen:1>, path=org.project.neutrino.nfvo.catalogue.mano.descriptor.VirtualNetworkFunctionDescriptor.monitoring_parameter)
          - CollectionAttributeFetchImpl(collection=org.project.neutrino.nfvo.catalogue.mano.descriptor.VirtualNetworkFunctionDescriptor.deployment_flavour, querySpaceUid=<gen:2>, path=org.project.neutrino.nfvo.catalogue.mano.descriptor.VirtualNetworkFunctionDescriptor.deployment_flavour)
             - (collection element) CollectionFetchableElementEntityGraph(entity=org.project.neutrino.nfvo.catalogue.mano.descriptor.VNFDDeploymentFlavour, querySpaceUid=<gen:3>, path=org.project.neutrino.nfvo.catalogue.mano.descriptor.VirtualNetworkFunctionDescriptor.deployment_flavour.<elements>)
    - QuerySpaces
       - EntityQuerySpaceImpl(uid=<gen:0>, entity=org.project.neutrino.nfvo.catalogue.mano.descriptor.VirtualNetworkFunctionDescriptor)
          - SQL table alias mapping - virtualnet0_
          - alias suffix - 0_
          - suffixed key columns - {id1_27_0_}

13:23:06.275 [Test worker] DEBUG o.h.loader.entity.plan.EntityLoader - Static select for entity org.project.neutrino.nfvo.catalogue.mano.descriptor.VirtualNetworkFunctionDescriptor [FORCE]: select virtualnet0_.id as id1_27_0_, virtualnet0_.hb_version as hb_versi2_27_0_, virtualnet0_.vendor as vendor3_27_0_, virtualnet0_.version as version4_27_0_, virtualnet0_.descriptor_version as descript1_62_0_, virtualnet0_.manifest_file as manifest2_62_0_ from virtual_network_function_descriptor virtualnet0_ where virtualnet0_.id=? for update
13:23:06.275 [Test worker] DEBUG o.h.l.p.b.i.spaces.QuerySpacesImpl - Adding QuerySpace : uid = <gen:0> -> org.hibernate.loader.plan.build.internal.spaces.EntityQuerySpaceImpl@3661552c]
13:23:06.275 [Test worker] DEBUG o.h.p.w.spi.MetamodelGraphWalker - Visiting attribute path : auto_scale_policy
13:23:06.275 [Test worker] DEBUG o.h.p.w.spi.MetamodelGraphWalker - Visiting attribute path : connection_point
13:23:06.275 [Test worker] DEBUG o.h.p.w.spi.MetamodelGraphWalker - Visiting attribute path : hb_version
13:23:06.276 [Test worker] DEBUG o.h.p.w.spi.MetamodelGraphWalker - Visiting attribute path : lifecycle_event
13:23:06.276 [Test worker] DEBUG o.h.p.w.spi.MetamodelGraphWalker - Visiting attribute path : monitoring_parameter
13:23:06.276 [Test worker] DEBUG o.h.l.p.b.i.spaces.QuerySpacesImpl - Adding QuerySpace : uid = <gen:1> -> org.hibernate.loader.plan.build.internal.spaces.CollectionQuerySpaceImpl@38dc54d6]
13:23:06.276 [Test worker] DEBUG o.h.p.w.spi.MetamodelGraphWalker - Visiting attribute path : service_deployment_flavour
13:23:06.276 [Test worker] DEBUG o.h.p.w.spi.MetamodelGraphWalker - Visiting attribute path : vendor
13:23:06.276 [Test worker] DEBUG o.h.p.w.spi.MetamodelGraphWalker - Visiting attribute path : version
13:23:06.276 [Test worker] DEBUG o.h.p.w.spi.MetamodelGraphWalker - Visiting attribute path : vld
13:23:06.277 [Test worker] DEBUG o.h.p.w.spi.MetamodelGraphWalker - Visiting attribute path : vnffgd
13:23:06.277 [Test worker] DEBUG o.h.p.w.spi.MetamodelGraphWalker - Visiting attribute path : deployment_flavour
13:23:06.277 [Test worker] DEBUG o.h.l.p.b.i.spaces.QuerySpacesImpl - Adding QuerySpace : uid = <gen:2> -> org.hibernate.loader.plan.build.internal.spaces.CollectionQuerySpaceImpl@945cac4]
13:23:06.277 [Test worker] DEBUG o.h.l.p.b.i.spaces.QuerySpacesImpl - Adding QuerySpace : uid = <gen:3> -> org.hibernate.loader.plan.build.internal.spaces.EntityQuerySpaceImpl@45030e9d]
13:23:06.277 [Test worker] DEBUG o.h.p.w.spi.MetamodelGraphWalker - Visiting attribute path : descriptor_version
13:23:06.277 [Test worker] DEBUG o.h.p.w.spi.MetamodelGraphWalker - Visiting attribute path : manifest_file
13:23:06.277 [Test worker] DEBUG o.h.p.w.spi.MetamodelGraphWalker - Visiting attribute path : manifest_file_security
13:23:06.277 [Test worker] DEBUG o.h.p.w.spi.MetamodelGraphWalker - Visiting attribute path : vdu
13:23:06.278 [Test worker] DEBUG o.h.p.w.spi.MetamodelGraphWalker - Visiting attribute path : vdu_dependency
13:23:06.278 [Test worker] DEBUG o.h.p.w.spi.MetamodelGraphWalker - Visiting attribute path : virtual_link
13:23:06.278 [Test worker] DEBUG o.h.l.p.b.i.FetchStyleLoadPlanBuildingAssociationVisitationStrategy - Building LoadPlan...
13:23:06.278 [Test worker] DEBUG o.h.l.p.e.i.LoadQueryJoinAndFetchProcessor - processing queryspace <gen:0>
13:23:06.280 [Test worker] DEBUG o.h.l.p.b.spi.LoadPlanTreePrinter - LoadPlan(entity=org.project.neutrino.nfvo.catalogue.mano.descriptor.VirtualNetworkFunctionDescriptor)
    - Returns
       - EntityReturnImpl(entity=org.project.neutrino.nfvo.catalogue.mano.descriptor.VirtualNetworkFunctionDescriptor, querySpaceUid=<gen:0>, path=org.project.neutrino.nfvo.catalogue.mano.descriptor.VirtualNetworkFunctionDescriptor)
          - CollectionAttributeFetchImpl(collection=org.project.neutrino.nfvo.catalogue.mano.common.NFVEntityDescriptor.monitoring_parameter, querySpaceUid=<gen:1>, path=org.project.neutrino.nfvo.catalogue.mano.descriptor.VirtualNetworkFunctionDescriptor.monitoring_parameter)
          - CollectionAttributeFetchImpl(collection=org.project.neutrino.nfvo.catalogue.mano.descriptor.VirtualNetworkFunctionDescriptor.deployment_flavour, querySpaceUid=<gen:2>, path=org.project.neutrino.nfvo.catalogue.mano.descriptor.VirtualNetworkFunctionDescriptor.deployment_flavour)
             - (collection element) CollectionFetchableElementEntityGraph(entity=org.project.neutrino.nfvo.catalogue.mano.descriptor.VNFDDeploymentFlavour, querySpaceUid=<gen:3>, path=org.project.neutrino.nfvo.catalogue.mano.descriptor.VirtualNetworkFunctionDescriptor.deployment_flavour.<elements>)
    - QuerySpaces
       - EntityQuerySpaceImpl(uid=<gen:0>, entity=org.project.neutrino.nfvo.catalogue.mano.descriptor.VirtualNetworkFunctionDescriptor)
          - SQL table alias mapping - virtualnet0_
          - alias suffix - 0_
          - suffixed key columns - {id1_27_0_}

13:23:06.280 [Test worker] DEBUG o.h.loader.entity.plan.EntityLoader - Static select for entity org.project.neutrino.nfvo.catalogue.mano.descriptor.VirtualNetworkFunctionDescriptor [PESSIMISTIC_READ]: select virtualnet0_.id as id1_27_0_, virtualnet0_.hb_version as hb_versi2_27_0_, virtualnet0_.vendor as vendor3_27_0_, virtualnet0_.version as version4_27_0_, virtualnet0_.descriptor_version as descript1_62_0_, virtualnet0_.manifest_file as manifest2_62_0_ from virtual_network_function_descriptor virtualnet0_ where virtualnet0_.id=? lock in share mode
13:23:06.280 [Test worker] DEBUG o.h.l.p.b.i.spaces.QuerySpacesImpl - Adding QuerySpace : uid = <gen:0> -> org.hibernate.loader.plan.build.internal.spaces.EntityQuerySpaceImpl@4bb488d0]
13:23:06.281 [Test worker] DEBUG o.h.p.w.spi.MetamodelGraphWalker - Visiting attribute path : auto_scale_policy
13:23:06.281 [Test worker] DEBUG o.h.p.w.spi.MetamodelGraphWalker - Visiting attribute path : connection_point
13:23:06.281 [Test worker] DEBUG o.h.p.w.spi.MetamodelGraphWalker - Visiting attribute path : hb_version
13:23:06.281 [Test worker] DEBUG o.h.p.w.spi.MetamodelGraphWalker - Visiting attribute path : lifecycle_event
13:23:06.281 [Test worker] DEBUG o.h.p.w.spi.MetamodelGraphWalker - Visiting attribute path : monitoring_parameter
13:23:06.281 [Test worker] DEBUG o.h.l.p.b.i.spaces.QuerySpacesImpl - Adding QuerySpace : uid = <gen:1> -> org.hibernate.loader.plan.build.internal.spaces.CollectionQuerySpaceImpl@13c9319b]
13:23:06.281 [Test worker] DEBUG o.h.p.w.spi.MetamodelGraphWalker - Visiting attribute path : service_deployment_flavour
13:23:06.281 [Test worker] DEBUG o.h.p.w.spi.MetamodelGraphWalker - Visiting attribute path : vendor
13:23:06.282 [Test worker] DEBUG o.h.p.w.spi.MetamodelGraphWalker - Visiting attribute path : version
13:23:06.282 [Test worker] DEBUG o.h.p.w.spi.MetamodelGraphWalker - Visiting attribute path : vld
13:23:06.282 [Test worker] DEBUG o.h.p.w.spi.MetamodelGraphWalker - Visiting attribute path : vnffgd
13:23:06.282 [Test worker] DEBUG o.h.p.w.spi.MetamodelGraphWalker - Visiting attribute path : deployment_flavour
13:23:06.282 [Test worker] DEBUG o.h.l.p.b.i.spaces.QuerySpacesImpl - Adding QuerySpace : uid = <gen:2> -> org.hibernate.loader.plan.build.internal.spaces.CollectionQuerySpaceImpl@7dd7c142]
13:23:06.282 [Test worker] DEBUG o.h.l.p.b.i.spaces.QuerySpacesImpl - Adding QuerySpace : uid = <gen:3> -> org.hibernate.loader.plan.build.internal.spaces.EntityQuerySpaceImpl@5fd11499]
13:23:06.282 [Test worker] DEBUG o.h.p.w.spi.MetamodelGraphWalker - Visiting attribute path : descriptor_version
13:23:06.282 [Test worker] DEBUG o.h.p.w.spi.MetamodelGraphWalker - Visiting attribute path : manifest_file
13:23:06.282 [Test worker] DEBUG o.h.p.w.spi.MetamodelGraphWalker - Visiting attribute path : manifest_file_security
13:23:06.283 [Test worker] DEBUG o.h.p.w.spi.MetamodelGraphWalker - Visiting attribute path : vdu
13:23:06.283 [Test worker] DEBUG o.h.p.w.spi.MetamodelGraphWalker - Visiting attribute path : vdu_dependency
13:23:06.283 [Test worker] DEBUG o.h.p.w.spi.MetamodelGraphWalker - Visiting attribute path : virtual_link
13:23:06.283 [Test worker] DEBUG o.h.l.p.b.i.FetchStyleLoadPlanBuildingAssociationVisitationStrategy - Building LoadPlan...
13:23:06.283 [Test worker] DEBUG o.h.l.p.e.i.LoadQueryJoinAndFetchProcessor - processing queryspace <gen:0>
13:23:06.285 [Test worker] DEBUG o.h.l.p.b.spi.LoadPlanTreePrinter - LoadPlan(entity=org.project.neutrino.nfvo.catalogue.mano.descriptor.VirtualNetworkFunctionDescriptor)
    - Returns
       - EntityReturnImpl(entity=org.project.neutrino.nfvo.catalogue.mano.descriptor.VirtualNetworkFunctionDescriptor, querySpaceUid=<gen:0>, path=org.project.neutrino.nfvo.catalogue.mano.descriptor.VirtualNetworkFunctionDescriptor)
          - CollectionAttributeFetchImpl(collection=org.project.neutrino.nfvo.catalogue.mano.common.NFVEntityDescriptor.monitoring_parameter, querySpaceUid=<gen:1>, path=org.project.neutrino.nfvo.catalogue.mano.descriptor.VirtualNetworkFunctionDescriptor.monitoring_parameter)
          - CollectionAttributeFetchImpl(collection=org.project.neutrino.nfvo.catalogue.mano.descriptor.VirtualNetworkFunctionDescriptor.deployment_flavour, querySpaceUid=<gen:2>, path=org.project.neutrino.nfvo.catalogue.mano.descriptor.VirtualNetworkFunctionDescriptor.deployment_flavour)
             - (collection element) CollectionFetchableElementEntityGraph(entity=org.project.neutrino.nfvo.catalogue.mano.descriptor.VNFDDeploymentFlavour, querySpaceUid=<gen:3>, path=org.project.neutrino.nfvo.catalogue.mano.descriptor.VirtualNetworkFunctionDescriptor.deployment_flavour.<elements>)
    - QuerySpaces
       - EntityQuerySpaceImpl(uid=<gen:0>, entity=org.project.neutrino.nfvo.catalogue.mano.descriptor.VirtualNetworkFunctionDescriptor)
          - SQL table alias mapping - virtualnet0_
          - alias suffix - 0_
          - suffixed key columns - {id1_27_0_}

13:23:06.285 [Test worker] DEBUG o.h.loader.entity.plan.EntityLoader - Static select for entity org.project.neutrino.nfvo.catalogue.mano.descriptor.VirtualNetworkFunctionDescriptor [PESSIMISTIC_WRITE]: select virtualnet0_.id as id1_27_0_, virtualnet0_.hb_version as hb_versi2_27_0_, virtualnet0_.vendor as vendor3_27_0_, virtualnet0_.version as version4_27_0_, virtualnet0_.descriptor_version as descript1_62_0_, virtualnet0_.manifest_file as manifest2_62_0_ from virtual_network_function_descriptor virtualnet0_ where virtualnet0_.id=? for update
13:23:06.285 [Test worker] DEBUG o.h.l.p.b.i.spaces.QuerySpacesImpl - Adding QuerySpace : uid = <gen:0> -> org.hibernate.loader.plan.build.internal.spaces.EntityQuerySpaceImpl@179f79f4]
13:23:06.285 [Test worker] DEBUG o.h.p.w.spi.MetamodelGraphWalker - Visiting attribute path : auto_scale_policy
13:23:06.286 [Test worker] DEBUG o.h.p.w.spi.MetamodelGraphWalker - Visiting attribute path : connection_point
13:23:06.286 [Test worker] DEBUG o.h.p.w.spi.MetamodelGraphWalker - Visiting attribute path : hb_version
13:23:06.286 [Test worker] DEBUG o.h.p.w.spi.MetamodelGraphWalker - Visiting attribute path : lifecycle_event
13:23:06.286 [Test worker] DEBUG o.h.p.w.spi.MetamodelGraphWalker - Visiting attribute path : monitoring_parameter
13:23:06.286 [Test worker] DEBUG o.h.l.p.b.i.spaces.QuerySpacesImpl - Adding QuerySpace : uid = <gen:1> -> org.hibernate.loader.plan.build.internal.spaces.CollectionQuerySpaceImpl@13d68f73]
13:23:06.286 [Test worker] DEBUG o.h.p.w.spi.MetamodelGraphWalker - Visiting attribute path : service_deployment_flavour
13:23:06.286 [Test worker] DEBUG o.h.p.w.spi.MetamodelGraphWalker - Visiting attribute path : vendor
13:23:06.286 [Test worker] DEBUG o.h.p.w.spi.MetamodelGraphWalker - Visiting attribute path : version
13:23:06.286 [Test worker] DEBUG o.h.p.w.spi.MetamodelGraphWalker - Visiting attribute path : vld
13:23:06.286 [Test worker] DEBUG o.h.p.w.spi.MetamodelGraphWalker - Visiting attribute path : vnffgd
13:23:06.287 [Test worker] DEBUG o.h.p.w.spi.MetamodelGraphWalker - Visiting attribute path : deployment_flavour
13:23:06.287 [Test worker] DEBUG o.h.l.p.b.i.spaces.QuerySpacesImpl - Adding QuerySpace : uid = <gen:2> -> org.hibernate.loader.plan.build.internal.spaces.CollectionQuerySpaceImpl@6b63d131]
13:23:06.287 [Test worker] DEBUG o.h.l.p.b.i.spaces.QuerySpacesImpl - Adding QuerySpace : uid = <gen:3> -> org.hibernate.loader.plan.build.internal.spaces.EntityQuerySpaceImpl@663b1f0b]
13:23:06.287 [Test worker] DEBUG o.h.p.w.spi.MetamodelGraphWalker - Visiting attribute path : descriptor_version
13:23:06.287 [Test worker] DEBUG o.h.p.w.spi.MetamodelGraphWalker - Visiting attribute path : manifest_file
13:23:06.287 [Test worker] DEBUG o.h.p.w.spi.MetamodelGraphWalker - Visiting attribute path : manifest_file_security
13:23:06.287 [Test worker] DEBUG o.h.p.w.spi.MetamodelGraphWalker - Visiting attribute path : vdu
13:23:06.287 [Test worker] DEBUG o.h.p.w.spi.MetamodelGraphWalker - Visiting attribute path : vdu_dependency
13:23:06.287 [Test worker] DEBUG o.h.p.w.spi.MetamodelGraphWalker - Visiting attribute path : virtual_link
13:23:06.288 [Test worker] DEBUG o.h.l.p.b.i.FetchStyleLoadPlanBuildingAssociationVisitationStrategy - Building LoadPlan...
13:23:06.288 [Test worker] DEBUG o.h.l.p.e.i.LoadQueryJoinAndFetchProcessor - processing queryspace <gen:0>
13:23:06.288 [Test worker] DEBUG o.h.l.p.b.spi.LoadPlanTreePrinter - LoadPlan(entity=org.project.neutrino.nfvo.catalogue.mano.descriptor.VirtualNetworkFunctionDescriptor)
    - Returns
       - EntityReturnImpl(entity=org.project.neutrino.nfvo.catalogue.mano.descriptor.VirtualNetworkFunctionDescriptor, querySpaceUid=<gen:0>, path=org.project.neutrino.nfvo.catalogue.mano.descriptor.VirtualNetworkFunctionDescriptor)
          - CollectionAttributeFetchImpl(collection=org.project.neutrino.nfvo.catalogue.mano.common.NFVEntityDescriptor.monitoring_parameter, querySpaceUid=<gen:1>, path=org.project.neutrino.nfvo.catalogue.mano.descriptor.VirtualNetworkFunctionDescriptor.monitoring_parameter)
          - CollectionAttributeFetchImpl(collection=org.project.neutrino.nfvo.catalogue.mano.descriptor.VirtualNetworkFunctionDescriptor.deployment_flavour, querySpaceUid=<gen:2>, path=org.project.neutrino.nfvo.catalogue.mano.descriptor.VirtualNetworkFunctionDescriptor.deployment_flavour)
             - (collection element) CollectionFetchableElementEntityGraph(entity=org.project.neutrino.nfvo.catalogue.mano.descriptor.VNFDDeploymentFlavour, querySpaceUid=<gen:3>, path=org.project.neutrino.nfvo.catalogue.mano.descriptor.VirtualNetworkFunctionDescriptor.deployment_flavour.<elements>)
    - QuerySpaces
       - EntityQuerySpaceImpl(uid=<gen:0>, entity=org.project.neutrino.nfvo.catalogue.mano.descriptor.VirtualNetworkFunctionDescriptor)
          - SQL table alias mapping - virtualnet0_
          - alias suffix - 0_
          - suffixed key columns - {id1_27_0_}

13:23:06.289 [Test worker] DEBUG o.h.loader.entity.plan.EntityLoader - Static select for entity org.project.neutrino.nfvo.catalogue.mano.descriptor.VirtualNetworkFunctionDescriptor [PESSIMISTIC_FORCE_INCREMENT]: select virtualnet0_.id as id1_27_0_, virtualnet0_.hb_version as hb_versi2_27_0_, virtualnet0_.vendor as vendor3_27_0_, virtualnet0_.version as version4_27_0_, virtualnet0_.descriptor_version as descript1_62_0_, virtualnet0_.manifest_file as manifest2_62_0_ from virtual_network_function_descriptor virtualnet0_ where virtualnet0_.id=? for update
13:23:06.289 [Test worker] DEBUG o.h.l.p.b.i.spaces.QuerySpacesImpl - Adding QuerySpace : uid = <gen:0> -> org.hibernate.loader.plan.build.internal.spaces.EntityQuerySpaceImpl@33733f9c]
13:23:06.289 [Test worker] DEBUG o.h.p.w.spi.MetamodelGraphWalker - Visiting attribute path : auto_scale_policy
13:23:06.289 [Test worker] DEBUG o.h.p.w.spi.MetamodelGraphWalker - Visiting attribute path : connection_point
13:23:06.289 [Test worker] DEBUG o.h.p.w.spi.MetamodelGraphWalker - Visiting attribute path : hb_version
13:23:06.289 [Test worker] DEBUG o.h.p.w.spi.MetamodelGraphWalker - Visiting attribute path : lifecycle_event
13:23:06.289 [Test worker] DEBUG o.h.p.w.spi.MetamodelGraphWalker - Visiting attribute path : monitoring_parameter
13:23:06.289 [Test worker] DEBUG o.h.l.p.b.i.spaces.QuerySpacesImpl - Adding QuerySpace : uid = <gen:1> -> org.hibernate.loader.plan.build.internal.spaces.CollectionQuerySpaceImpl@7f14be2e]
13:23:06.289 [Test worker] DEBUG o.h.p.w.spi.MetamodelGraphWalker - Visiting attribute path : service_deployment_flavour
13:23:06.289 [Test worker] DEBUG o.h.p.w.spi.MetamodelGraphWalker - Visiting attribute path : vendor
13:23:06.290 [Test worker] DEBUG o.h.p.w.spi.MetamodelGraphWalker - Visiting attribute path : version
13:23:06.290 [Test worker] DEBUG o.h.p.w.spi.MetamodelGraphWalker - Visiting attribute path : vld
13:23:06.290 [Test worker] DEBUG o.h.p.w.spi.MetamodelGraphWalker - Visiting attribute path : vnffgd
13:23:06.290 [Test worker] DEBUG o.h.p.w.spi.MetamodelGraphWalker - Visiting attribute path : deployment_flavour
13:23:06.290 [Test worker] DEBUG o.h.l.p.b.i.spaces.QuerySpacesImpl - Adding QuerySpace : uid = <gen:2> -> org.hibernate.loader.plan.build.internal.spaces.CollectionQuerySpaceImpl@2ad1ff30]
13:23:06.290 [Test worker] DEBUG o.h.l.p.b.i.spaces.QuerySpacesImpl - Adding QuerySpace : uid = <gen:3> -> org.hibernate.loader.plan.build.internal.spaces.EntityQuerySpaceImpl@40c8be46]
13:23:06.290 [Test worker] DEBUG o.h.p.w.spi.MetamodelGraphWalker - Visiting attribute path : descriptor_version
13:23:06.291 [Test worker] DEBUG o.h.p.w.spi.MetamodelGraphWalker - Visiting attribute path : manifest_file
13:23:06.291 [Test worker] DEBUG o.h.p.w.spi.MetamodelGraphWalker - Visiting attribute path : manifest_file_security
13:23:06.291 [Test worker] DEBUG o.h.p.w.spi.MetamodelGraphWalker - Visiting attribute path : vdu
13:23:06.291 [Test worker] DEBUG o.h.p.w.spi.MetamodelGraphWalker - Visiting attribute path : vdu_dependency
13:23:06.291 [Test worker] DEBUG o.h.p.w.spi.MetamodelGraphWalker - Visiting attribute path : virtual_link
13:23:06.291 [Test worker] DEBUG o.h.l.p.b.i.FetchStyleLoadPlanBuildingAssociationVisitationStrategy - Building LoadPlan...
13:23:06.292 [Test worker] DEBUG o.h.l.p.e.i.LoadQueryJoinAndFetchProcessor - processing queryspace <gen:0>
13:23:06.292 [Test worker] DEBUG o.h.l.p.b.spi.LoadPlanTreePrinter - LoadPlan(entity=org.project.neutrino.nfvo.catalogue.mano.descriptor.VirtualNetworkFunctionDescriptor)
    - Returns
       - EntityReturnImpl(entity=org.project.neutrino.nfvo.catalogue.mano.descriptor.VirtualNetworkFunctionDescriptor, querySpaceUid=<gen:0>, path=org.project.neutrino.nfvo.catalogue.mano.descriptor.VirtualNetworkFunctionDescriptor)
          - CollectionAttributeFetchImpl(collection=org.project.neutrino.nfvo.catalogue.mano.common.NFVEntityDescriptor.monitoring_parameter, querySpaceUid=<gen:1>, path=org.project.neutrino.nfvo.catalogue.mano.descriptor.VirtualNetworkFunctionDescriptor.monitoring_parameter)
          - CollectionAttributeFetchImpl(collection=org.project.neutrino.nfvo.catalogue.mano.descriptor.VirtualNetworkFunctionDescriptor.deployment_flavour, querySpaceUid=<gen:2>, path=org.project.neutrino.nfvo.catalogue.mano.descriptor.VirtualNetworkFunctionDescriptor.deployment_flavour)
             - (collection element) CollectionFetchableElementEntityGraph(entity=org.project.neutrino.nfvo.catalogue.mano.descriptor.VNFDDeploymentFlavour, querySpaceUid=<gen:3>, path=org.project.neutrino.nfvo.catalogue.mano.descriptor.VirtualNetworkFunctionDescriptor.deployment_flavour.<elements>)
    - QuerySpaces
       - EntityQuerySpaceImpl(uid=<gen:0>, entity=org.project.neutrino.nfvo.catalogue.mano.descriptor.VirtualNetworkFunctionDescriptor)
          - SQL table alias mapping - virtualnet0_
          - alias suffix - 0_
          - suffixed key columns - {id1_27_0_}

13:23:06.294 [Test worker] DEBUG o.h.loader.entity.plan.EntityLoader - Static select for entity org.project.neutrino.nfvo.catalogue.mano.descriptor.VirtualNetworkFunctionDescriptor [OPTIMISTIC]: select virtualnet0_.id as id1_27_0_, virtualnet0_.hb_version as hb_versi2_27_0_, virtualnet0_.vendor as vendor3_27_0_, virtualnet0_.version as version4_27_0_, virtualnet0_.descriptor_version as descript1_62_0_, virtualnet0_.manifest_file as manifest2_62_0_ from virtual_network_function_descriptor virtualnet0_ where virtualnet0_.id=?
13:23:06.294 [Test worker] DEBUG o.h.l.p.b.i.spaces.QuerySpacesImpl - Adding QuerySpace : uid = <gen:0> -> org.hibernate.loader.plan.build.internal.spaces.EntityQuerySpaceImpl@3b4406e4]
13:23:06.294 [Test worker] DEBUG o.h.p.w.spi.MetamodelGraphWalker - Visiting attribute path : auto_scale_policy
13:23:06.294 [Test worker] DEBUG o.h.p.w.spi.MetamodelGraphWalker - Visiting attribute path : connection_point
13:23:06.295 [Test worker] DEBUG o.h.p.w.spi.MetamodelGraphWalker - Visiting attribute path : hb_version
13:23:06.295 [Test worker] DEBUG o.h.p.w.spi.MetamodelGraphWalker - Visiting attribute path : lifecycle_event
13:23:06.295 [Test worker] DEBUG o.h.p.w.spi.MetamodelGraphWalker - Visiting attribute path : monitoring_parameter
13:23:06.295 [Test worker] DEBUG o.h.l.p.b.i.spaces.QuerySpacesImpl - Adding QuerySpace : uid = <gen:1> -> org.hibernate.loader.plan.build.internal.spaces.CollectionQuerySpaceImpl@3efdd686]
13:23:06.295 [Test worker] DEBUG o.h.p.w.spi.MetamodelGraphWalker - Visiting attribute path : service_deployment_flavour
13:23:06.295 [Test worker] DEBUG o.h.p.w.spi.MetamodelGraphWalker - Visiting attribute path : vendor
13:23:06.295 [Test worker] DEBUG o.h.p.w.spi.MetamodelGraphWalker - Visiting attribute path : version
13:23:06.295 [Test worker] DEBUG o.h.p.w.spi.MetamodelGraphWalker - Visiting attribute path : vld
13:23:06.295 [Test worker] DEBUG o.h.p.w.spi.MetamodelGraphWalker - Visiting attribute path : vnffgd
13:23:06.296 [Test worker] DEBUG o.h.p.w.spi.MetamodelGraphWalker - Visiting attribute path : deployment_flavour
13:23:06.296 [Test worker] DEBUG o.h.l.p.b.i.spaces.QuerySpacesImpl - Adding QuerySpace : uid = <gen:2> -> org.hibernate.loader.plan.build.internal.spaces.CollectionQuerySpaceImpl@b0f17b9]
13:23:06.296 [Test worker] DEBUG o.h.l.p.b.i.spaces.QuerySpacesImpl - Adding QuerySpace : uid = <gen:3> -> org.hibernate.loader.plan.build.internal.spaces.EntityQuerySpaceImpl@bde785b]
13:23:06.296 [Test worker] DEBUG o.h.p.w.spi.MetamodelGraphWalker - Visiting attribute path : descriptor_version
13:23:06.296 [Test worker] DEBUG o.h.p.w.spi.MetamodelGraphWalker - Visiting attribute path : manifest_file
13:23:06.296 [Test worker] DEBUG o.h.p.w.spi.MetamodelGraphWalker - Visiting attribute path : manifest_file_security
13:23:06.296 [Test worker] DEBUG o.h.p.w.spi.MetamodelGraphWalker - Visiting attribute path : vdu
13:23:06.296 [Test worker] DEBUG o.h.p.w.spi.MetamodelGraphWalker - Visiting attribute path : vdu_dependency
13:23:06.296 [Test worker] DEBUG o.h.p.w.spi.MetamodelGraphWalker - Visiting attribute path : virtual_link
13:23:06.297 [Test worker] DEBUG o.h.l.p.b.i.FetchStyleLoadPlanBuildingAssociationVisitationStrategy - Building LoadPlan...
13:23:06.297 [Test worker] DEBUG o.h.l.p.e.i.LoadQueryJoinAndFetchProcessor - processing queryspace <gen:0>
13:23:06.297 [Test worker] DEBUG o.h.l.p.b.spi.LoadPlanTreePrinter - LoadPlan(entity=org.project.neutrino.nfvo.catalogue.mano.descriptor.VirtualNetworkFunctionDescriptor)
    - Returns
       - EntityReturnImpl(entity=org.project.neutrino.nfvo.catalogue.mano.descriptor.VirtualNetworkFunctionDescriptor, querySpaceUid=<gen:0>, path=org.project.neutrino.nfvo.catalogue.mano.descriptor.VirtualNetworkFunctionDescriptor)
          - CollectionAttributeFetchImpl(collection=org.project.neutrino.nfvo.catalogue.mano.common.NFVEntityDescriptor.monitoring_parameter, querySpaceUid=<gen:1>, path=org.project.neutrino.nfvo.catalogue.mano.descriptor.VirtualNetworkFunctionDescriptor.monitoring_parameter)
          - CollectionAttributeFetchImpl(collection=org.project.neutrino.nfvo.catalogue.mano.descriptor.VirtualNetworkFunctionDescriptor.deployment_flavour, querySpaceUid=<gen:2>, path=org.project.neutrino.nfvo.catalogue.mano.descriptor.VirtualNetworkFunctionDescriptor.deployment_flavour)
             - (collection element) CollectionFetchableElementEntityGraph(entity=org.project.neutrino.nfvo.catalogue.mano.descriptor.VNFDDeploymentFlavour, querySpaceUid=<gen:3>, path=org.project.neutrino.nfvo.catalogue.mano.descriptor.VirtualNetworkFunctionDescriptor.deployment_flavour.<elements>)
    - QuerySpaces
       - EntityQuerySpaceImpl(uid=<gen:0>, entity=org.project.neutrino.nfvo.catalogue.mano.descriptor.VirtualNetworkFunctionDescriptor)
          - SQL table alias mapping - virtualnet0_
          - alias suffix - 0_
          - suffixed key columns - {id1_27_0_}

13:23:06.297 [Test worker] DEBUG o.h.loader.entity.plan.EntityLoader - Static select for entity org.project.neutrino.nfvo.catalogue.mano.descriptor.VirtualNetworkFunctionDescriptor [OPTIMISTIC_FORCE_INCREMENT]: select virtualnet0_.id as id1_27_0_, virtualnet0_.hb_version as hb_versi2_27_0_, virtualnet0_.vendor as vendor3_27_0_, virtualnet0_.version as version4_27_0_, virtualnet0_.descriptor_version as descript1_62_0_, virtualnet0_.manifest_file as manifest2_62_0_ from virtual_network_function_descriptor virtualnet0_ where virtualnet0_.id=?
13:23:06.309 [Test worker] DEBUG org.hibernate.loader.Loader - Static select for action ACTION_MERGE on entity org.project.neutrino.nfvo.catalogue.mano.descriptor.VirtualNetworkFunctionDescriptor: select virtualnet0_.id as id1_27_1_, virtualnet0_.hb_version as hb_versi2_27_1_, virtualnet0_.vendor as vendor3_27_1_, virtualnet0_.version as version4_27_1_, virtualnet0_.descriptor_version as descript1_62_1_, virtualnet0_.manifest_file as manifest2_62_1_, auto_scale1_.nfventity_descriptor_Id as nfventit1_27_3_, autoscalep2_.id as auto_sca2_28_3_, autoscalep2_.id as id1_3_0_, autoscalep2_.version as version2_3_0_ from virtual_network_function_descriptor virtualnet0_ left outer join nfventity_descriptor_auto_scale_policy auto_scale1_ on virtualnet0_.id=auto_scale1_.nfventity_descriptor_Id left outer join auto_scale_policy autoscalep2_ on auto_scale1_.auto_scale_policy_id=autoscalep2_.id where virtualnet0_.id=?
13:23:06.309 [Test worker] DEBUG org.hibernate.loader.Loader - Static select for action ACTION_REFRESH on entity org.project.neutrino.nfvo.catalogue.mano.descriptor.VirtualNetworkFunctionDescriptor: select virtualnet0_.id as id1_27_1_, virtualnet0_.hb_version as hb_versi2_27_1_, virtualnet0_.vendor as vendor3_27_1_, virtualnet0_.version as version4_27_1_, virtualnet0_.descriptor_version as descript1_62_1_, virtualnet0_.manifest_file as manifest2_62_1_, auto_scale1_.nfventity_descriptor_Id as nfventit1_27_3_, autoscalep2_.id as auto_sca2_28_3_, autoscalep2_.id as id1_3_0_, autoscalep2_.version as version2_3_0_ from virtual_network_function_descriptor virtualnet0_ left outer join nfventity_descriptor_auto_scale_policy auto_scale1_ on virtualnet0_.id=auto_scale1_.nfventity_descriptor_Id left outer join auto_scale_policy autoscalep2_ on auto_scale1_.auto_scale_policy_id=autoscalep2_.id where virtualnet0_.id=?
13:23:06.310 [Test worker] DEBUG o.h.p.entity.AbstractEntityPersister - Static SQL for entity: org.project.neutrino.nfvo.catalogue.mano.common.VNFDependency
13:23:06.310 [Test worker] DEBUG o.h.p.entity.AbstractEntityPersister -  Version select: select version from vnfdependency where id =?
13:23:06.310 [Test worker] DEBUG o.h.p.entity.AbstractEntityPersister -  Snapshot select: select vnfdepende_.id, vnfdepende_.source_Id as source_I3_86_, vnfdepende_.target_Id as target_I4_86_, vnfdepende_.version as version2_86_ from vnfdependency vnfdepende_ where vnfdepende_.id=?
13:23:06.310 [Test worker] DEBUG o.h.p.entity.AbstractEntityPersister -  Insert 0: insert into vnfdependency (source_Id, target_Id, version, id) values (?, ?, ?, ?)
13:23:06.310 [Test worker] DEBUG o.h.p.entity.AbstractEntityPersister -  Update 0: update vnfdependency set source_Id=?, target_Id=?, version=? where id=? and version=?
13:23:06.310 [Test worker] DEBUG o.h.p.entity.AbstractEntityPersister -  Delete 0: delete from vnfdependency where id=? and version=?
13:23:06.310 [Test worker] DEBUG o.h.l.p.b.i.spaces.QuerySpacesImpl - Adding QuerySpace : uid = <gen:0> -> org.hibernate.loader.plan.build.internal.spaces.EntityQuerySpaceImpl@533f6c57]
13:23:06.310 [Test worker] DEBUG o.h.p.w.spi.MetamodelGraphWalker - Visiting attribute path : source
13:23:06.311 [Test worker] DEBUG o.h.l.p.b.i.spaces.QuerySpacesImpl - Adding QuerySpace : uid = <gen:1> -> org.hibernate.loader.plan.build.internal.spaces.EntityQuerySpaceImpl@48edf5d0]
13:23:06.311 [Test worker] DEBUG o.h.p.w.spi.MetamodelGraphWalker - Visiting attribute path : source.auto_scale_policy
13:23:06.311 [Test worker] DEBUG o.h.p.w.spi.MetamodelGraphWalker - Visiting attribute path : source.connection_point
13:23:06.311 [Test worker] DEBUG o.h.p.w.spi.MetamodelGraphWalker - Visiting attribute path : source.hb_version
13:23:06.311 [Test worker] DEBUG o.h.p.w.spi.MetamodelGraphWalker - Visiting attribute path : source.lifecycle_event
13:23:06.311 [Test worker] DEBUG o.h.p.w.spi.MetamodelGraphWalker - Visiting attribute path : source.monitoring_parameter
13:23:06.311 [Test worker] DEBUG o.h.l.p.b.i.spaces.QuerySpacesImpl - Adding QuerySpace : uid = <gen:2> -> org.hibernate.loader.plan.build.internal.spaces.CollectionQuerySpaceImpl@30132014]
13:23:06.312 [Test worker] DEBUG o.h.p.w.spi.MetamodelGraphWalker - Visiting attribute path : source.service_deployment_flavour
13:23:06.312 [Test worker] DEBUG o.h.p.w.spi.MetamodelGraphWalker - Visiting attribute path : source.vendor
13:23:06.312 [Test worker] DEBUG o.h.p.w.spi.MetamodelGraphWalker - Visiting attribute path : source.version
13:23:06.312 [Test worker] DEBUG o.h.p.w.spi.MetamodelGraphWalker - Visiting attribute path : source.vld
13:23:06.312 [Test worker] DEBUG o.h.p.w.spi.MetamodelGraphWalker - Visiting attribute path : source.vnffgd
13:23:06.312 [Test worker] DEBUG o.h.p.w.spi.MetamodelGraphWalker - Visiting attribute path : source.deployment_flavour
13:23:06.312 [Test worker] DEBUG o.h.l.p.b.i.spaces.QuerySpacesImpl - Adding QuerySpace : uid = <gen:3> -> org.hibernate.loader.plan.build.internal.spaces.CollectionQuerySpaceImpl@2e5094f3]
13:23:06.312 [Test worker] DEBUG o.h.l.p.b.i.spaces.QuerySpacesImpl - Adding QuerySpace : uid = <gen:4> -> org.hibernate.loader.plan.build.internal.spaces.EntityQuerySpaceImpl@2c62f546]
13:23:06.312 [Test worker] DEBUG o.h.p.w.spi.MetamodelGraphWalker - Visiting attribute path : source.deployment_flavour.flavour_key
13:23:06.313 [Test worker] DEBUG o.h.p.w.spi.MetamodelGraphWalker - Visiting attribute path : source.deployment_flavour.version
13:23:06.313 [Test worker] DEBUG o.h.p.w.spi.MetamodelGraphWalker - Visiting attribute path : source.deployment_flavour.costituent_vdu
13:23:06.313 [Test worker] DEBUG o.h.p.w.spi.MetamodelGraphWalker - Visiting attribute path : source.deployment_flavour.df_constraint
13:23:06.313 [Test worker] DEBUG o.h.l.p.b.i.spaces.QuerySpacesImpl - Adding QuerySpace : uid = <gen:5> -> org.hibernate.loader.plan.build.internal.spaces.CollectionQuerySpaceImpl@5340d9b5]
13:23:06.313 [Test worker] DEBUG o.h.p.w.spi.MetamodelGraphWalker - Visiting attribute path : source.descriptor_version
13:23:06.313 [Test worker] DEBUG o.h.p.w.spi.MetamodelGraphWalker - Visiting attribute path : source.manifest_file
13:23:06.313 [Test worker] DEBUG o.h.p.w.spi.MetamodelGraphWalker - Visiting attribute path : source.manifest_file_security
13:23:06.313 [Test worker] DEBUG o.h.p.w.spi.MetamodelGraphWalker - Visiting attribute path : source.vdu
13:23:06.313 [Test worker] DEBUG o.h.p.w.spi.MetamodelGraphWalker - Visiting attribute path : source.vdu_dependency
13:23:06.313 [Test worker] DEBUG o.h.p.w.spi.MetamodelGraphWalker - Visiting attribute path : source.virtual_link
13:23:06.314 [Test worker] DEBUG o.h.p.w.spi.MetamodelGraphWalker - Visiting attribute path : target
13:23:06.314 [Test worker] DEBUG o.h.l.p.b.i.spaces.QuerySpacesImpl - Adding QuerySpace : uid = <gen:6> -> org.hibernate.loader.plan.build.internal.spaces.EntityQuerySpaceImpl@469524c6]
13:23:06.314 [Test worker] DEBUG o.h.p.w.spi.MetamodelGraphWalker - Visiting attribute path : target.auto_scale_policy
13:23:06.314 [Test worker] DEBUG o.h.p.w.spi.MetamodelGraphWalker - Visiting attribute path : target.connection_point
13:23:06.314 [Test worker] DEBUG o.h.p.w.spi.MetamodelGraphWalker - Visiting attribute path : target.hb_version
13:23:06.314 [Test worker] DEBUG o.h.p.w.spi.MetamodelGraphWalker - Visiting attribute path : target.lifecycle_event
13:23:06.314 [Test worker] DEBUG o.h.p.w.spi.MetamodelGraphWalker - Visiting attribute path : target.monitoring_parameter
13:23:06.314 [Test worker] DEBUG o.h.p.w.spi.MetamodelGraphWalker - Property path deemed to be circular : target.monitoring_parameter
13:23:06.314 [Test worker] DEBUG o.h.p.w.spi.MetamodelGraphWalker - Visiting attribute path : target.service_deployment_flavour
13:23:06.315 [Test worker] DEBUG o.h.p.w.spi.MetamodelGraphWalker - Visiting attribute path : target.vendor
13:23:06.315 [Test worker] DEBUG o.h.p.w.spi.MetamodelGraphWalker - Visiting attribute path : target.version
13:23:06.315 [Test worker] DEBUG o.h.p.w.spi.MetamodelGraphWalker - Visiting attribute path : target.vld
13:23:06.315 [Test worker] DEBUG o.h.p.w.spi.MetamodelGraphWalker - Visiting attribute path : target.vnffgd
13:23:06.315 [Test worker] DEBUG o.h.p.w.spi.MetamodelGraphWalker - Visiting attribute path : target.deployment_flavour
13:23:06.315 [Test worker] DEBUG o.h.p.w.spi.MetamodelGraphWalker - Property path deemed to be circular : target.deployment_flavour
13:23:06.315 [Test worker] DEBUG o.h.p.w.spi.MetamodelGraphWalker - Visiting attribute path : target.descriptor_version
13:23:06.315 [Test worker] DEBUG o.h.p.w.spi.MetamodelGraphWalker - Visiting attribute path : target.manifest_file
13:23:06.315 [Test worker] DEBUG o.h.p.w.spi.MetamodelGraphWalker - Visiting attribute path : target.manifest_file_security
13:23:06.315 [Test worker] DEBUG o.h.p.w.spi.MetamodelGraphWalker - Visiting attribute path : target.vdu
13:23:06.315 [Test worker] DEBUG o.h.p.w.spi.MetamodelGraphWalker - Visiting attribute path : target.vdu_dependency
13:23:06.316 [Test worker] DEBUG o.h.p.w.spi.MetamodelGraphWalker - Visiting attribute path : target.virtual_link
13:23:06.316 [Test worker] DEBUG o.h.p.w.spi.MetamodelGraphWalker - Visiting attribute path : version
13:23:06.316 [Test worker] DEBUG o.h.l.p.b.i.FetchStyleLoadPlanBuildingAssociationVisitationStrategy - Building LoadPlan...
13:23:06.316 [Test worker] DEBUG o.h.l.p.e.i.LoadQueryJoinAndFetchProcessor - processing queryspace <gen:0>
13:23:06.317 [Test worker] DEBUG o.h.l.p.b.spi.LoadPlanTreePrinter - LoadPlan(entity=org.project.neutrino.nfvo.catalogue.mano.common.VNFDependency)
    - Returns
       - EntityReturnImpl(entity=org.project.neutrino.nfvo.catalogue.mano.common.VNFDependency, querySpaceUid=<gen:0>, path=org.project.neutrino.nfvo.catalogue.mano.common.VNFDependency)
          - EntityAttributeFetchImpl(entity=org.project.neutrino.nfvo.catalogue.mano.descriptor.VirtualNetworkFunctionDescriptor, querySpaceUid=<gen:1>, path=org.project.neutrino.nfvo.catalogue.mano.common.VNFDependency.source)
             - CollectionAttributeFetchImpl(collection=org.project.neutrino.nfvo.catalogue.mano.common.NFVEntityDescriptor.monitoring_parameter, querySpaceUid=<gen:2>, path=org.project.neutrino.nfvo.catalogue.mano.common.VNFDependency.source.monitoring_parameter)
             - CollectionAttributeFetchImpl(collection=org.project.neutrino.nfvo.catalogue.mano.descriptor.VirtualNetworkFunctionDescriptor.deployment_flavour, querySpaceUid=<gen:3>, path=org.project.neutrino.nfvo.catalogue.mano.common.VNFDependency.source.deployment_flavour)
                - (collection element) CollectionFetchableElementEntityGraph(entity=org.project.neutrino.nfvo.catalogue.mano.descriptor.VNFDDeploymentFlavour, querySpaceUid=<gen:4>, path=org.project.neutrino.nfvo.catalogue.mano.common.VNFDependency.source.deployment_flavour.<elements>)
                   - CollectionAttributeFetchImpl(collection=org.project.neutrino.nfvo.catalogue.mano.descriptor.VNFDDeploymentFlavour.df_constraint, querySpaceUid=<gen:5>, path=org.project.neutrino.nfvo.catalogue.mano.common.VNFDependency.source.deployment_flavour.<elements>.df_constraint)
          - EntityAttributeFetchImpl(entity=org.project.neutrino.nfvo.catalogue.mano.descriptor.VirtualNetworkFunctionDescriptor, querySpaceUid=<gen:6>, path=org.project.neutrino.nfvo.catalogue.mano.common.VNFDependency.target)
    - QuerySpaces
       - EntityQuerySpaceImpl(uid=<gen:0>, entity=org.project.neutrino.nfvo.catalogue.mano.common.VNFDependency)
          - SQL table alias mapping - vnfdepende0_
          - alias suffix - 0_
          - suffixed key columns - {id1_86_0_}
          - JOIN (JoinDefinedByMetadata(source)) : <gen:0> -> <gen:1>
             - EntityQuerySpaceImpl(uid=<gen:1>, entity=org.project.neutrino.nfvo.catalogue.mano.descriptor.VirtualNetworkFunctionDescriptor)
                - SQL table alias mapping - virtualnet1_
                - alias suffix - 1_
                - suffixed key columns - {id1_27_1_}
                - JOIN (JoinDefinedByMetadata(monitoring_parameter)) : <gen:1> -> <gen:2>
                   - CollectionQuerySpaceImpl(uid=<gen:2>, collection=org.project.neutrino.nfvo.catalogue.mano.common.NFVEntityDescriptor.monitoring_parameter)
                      - SQL table alias mapping - monitoring2_
                      - alias suffix - 2_
                      - suffixed key columns - {nfventit1_27_2_}
                - JOIN (JoinDefinedByMetadata(deployment_flavour)) : <gen:1> -> <gen:3>
                   - CollectionQuerySpaceImpl(uid=<gen:3>, collection=org.project.neutrino.nfvo.catalogue.mano.descriptor.VirtualNetworkFunctionDescriptor.deployment_flavour)
                      - SQL table alias mapping - deployment3_
                      - alias suffix - 3_
                      - suffixed key columns - {virtual_1_27_3_}
                      - entity-element alias suffix - 4_
                      - 4_entity-element suffixed key columns - id1_7_4_
                      - JOIN (JoinDefinedByMetadata(elements)) : <gen:3> -> <gen:4>
                         - EntityQuerySpaceImpl(uid=<gen:4>, entity=org.project.neutrino.nfvo.catalogue.mano.descriptor.VNFDDeploymentFlavour)
                            - SQL table alias mapping - vnfddeploy4_
                            - alias suffix - 4_
                            - suffixed key columns - {id1_7_4_}
          - JOIN (JoinDefinedByMetadata(target)) : <gen:0> -> <gen:6>
             - EntityQuerySpaceImpl(uid=<gen:6>, entity=org.project.neutrino.nfvo.catalogue.mano.descriptor.VirtualNetworkFunctionDescriptor)
                - SQL table alias mapping - virtualnet5_
                - alias suffix - 5_
                - suffixed key columns - {id1_27_5_}

13:23:06.318 [Test worker] DEBUG o.h.loader.entity.plan.EntityLoader - Static select for entity org.project.neutrino.nfvo.catalogue.mano.common.VNFDependency [NONE]: select vnfdepende0_.id as id1_86_0_, vnfdepende0_.source_Id as source_I3_86_0_, vnfdepende0_.target_Id as target_I4_86_0_, vnfdepende0_.version as version2_86_0_, virtualnet1_.id as id1_27_1_, virtualnet1_.hb_version as hb_versi2_27_1_, virtualnet1_.vendor as vendor3_27_1_, virtualnet1_.version as version4_27_1_, virtualnet1_.descriptor_version as descript1_62_1_, virtualnet1_.manifest_file as manifest2_62_1_, monitoring2_.nfventity_descriptor_Id as nfventit1_27_2_, monitoring2_.monitoring_parameter as monitori2_31_2_, deployment3_.virtual_network_function_descriptor_Id as virtual_1_27_3_, vnfddeploy4_.id as deployme2_63_3_, vnfddeploy4_.id as id1_7_4_, vnfddeploy4_.flavour_key as flavour_2_7_4_, vnfddeploy4_.version as version3_7_4_, virtualnet5_.id as id1_27_5_, virtualnet5_.hb_version as hb_versi2_27_5_, virtualnet5_.vendor as vendor3_27_5_, virtualnet5_.version as version4_27_5_, virtualnet5_.descriptor_version as descript1_62_5_, virtualnet5_.manifest_file as manifest2_62_5_ from vnfdependency vnfdepende0_ left outer join virtual_network_function_descriptor virtualnet1_ on vnfdepende0_.source_Id=virtualnet1_.id left outer join nfventity_descriptor_monitoring_parameter monitoring2_ on virtualnet1_.id=monitoring2_.nfventity_descriptor_Id left outer join virtual_network_function_descriptor_deployment_flavour deployment3_ on virtualnet1_.id=deployment3_.virtual_network_function_descriptor_Id left outer join vnfddeployment_flavour vnfddeploy4_ on deployment3_.deployment_flavour_id=vnfddeploy4_.id left outer join virtual_network_function_descriptor virtualnet5_ on vnfdepende0_.target_Id=virtualnet5_.id where vnfdepende0_.id=?
13:23:06.319 [Test worker] DEBUG o.h.l.p.b.i.spaces.QuerySpacesImpl - Adding QuerySpace : uid = <gen:0> -> org.hibernate.loader.plan.build.internal.spaces.EntityQuerySpaceImpl@638940d8]
13:23:06.320 [Test worker] DEBUG o.h.p.w.spi.MetamodelGraphWalker - Visiting attribute path : source
13:23:06.321 [Test worker] DEBUG o.h.l.p.b.i.spaces.QuerySpacesImpl - Adding QuerySpace : uid = <gen:1> -> org.hibernate.loader.plan.build.internal.spaces.EntityQuerySpaceImpl@e8ebac1]
13:23:06.322 [Test worker] DEBUG o.h.p.w.spi.MetamodelGraphWalker - Visiting attribute path : source.auto_scale_policy
13:23:06.322 [Test worker] DEBUG o.h.p.w.spi.MetamodelGraphWalker - Visiting attribute path : source.connection_point
13:23:06.322 [Test worker] DEBUG o.h.p.w.spi.MetamodelGraphWalker - Visiting attribute path : source.hb_version
13:23:06.322 [Test worker] DEBUG o.h.p.w.spi.MetamodelGraphWalker - Visiting attribute path : source.lifecycle_event
13:23:06.322 [Test worker] DEBUG o.h.p.w.spi.MetamodelGraphWalker - Visiting attribute path : source.monitoring_parameter
13:23:06.323 [Test worker] DEBUG o.h.l.p.b.i.spaces.QuerySpacesImpl - Adding QuerySpace : uid = <gen:2> -> org.hibernate.loader.plan.build.internal.spaces.CollectionQuerySpaceImpl@39edbe5d]
13:23:06.323 [Test worker] DEBUG o.h.p.w.spi.MetamodelGraphWalker - Visiting attribute path : source.service_deployment_flavour
13:23:06.323 [Test worker] DEBUG o.h.p.w.spi.MetamodelGraphWalker - Visiting attribute path : source.vendor
13:23:06.323 [Test worker] DEBUG o.h.p.w.spi.MetamodelGraphWalker - Visiting attribute path : source.version
13:23:06.323 [Test worker] DEBUG o.h.p.w.spi.MetamodelGraphWalker - Visiting attribute path : source.vld
13:23:06.323 [Test worker] DEBUG o.h.p.w.spi.MetamodelGraphWalker - Visiting attribute path : source.vnffgd
13:23:06.323 [Test worker] DEBUG o.h.p.w.spi.MetamodelGraphWalker - Visiting attribute path : source.deployment_flavour
13:23:06.323 [Test worker] DEBUG o.h.l.p.b.i.spaces.QuerySpacesImpl - Adding QuerySpace : uid = <gen:3> -> org.hibernate.loader.plan.build.internal.spaces.CollectionQuerySpaceImpl@5f4df37f]
13:23:06.323 [Test worker] DEBUG o.h.l.p.b.i.spaces.QuerySpacesImpl - Adding QuerySpace : uid = <gen:4> -> org.hibernate.loader.plan.build.internal.spaces.EntityQuerySpaceImpl@76ad47ba]
13:23:06.324 [Test worker] DEBUG o.h.p.w.spi.MetamodelGraphWalker - Visiting attribute path : source.deployment_flavour.flavour_key
13:23:06.324 [Test worker] DEBUG o.h.p.w.spi.MetamodelGraphWalker - Visiting attribute path : source.deployment_flavour.version
13:23:06.324 [Test worker] DEBUG o.h.p.w.spi.MetamodelGraphWalker - Visiting attribute path : source.deployment_flavour.costituent_vdu
13:23:06.324 [Test worker] DEBUG o.h.p.w.spi.MetamodelGraphWalker - Visiting attribute path : source.deployment_flavour.df_constraint
13:23:06.324 [Test worker] DEBUG o.h.l.p.b.i.spaces.QuerySpacesImpl - Adding QuerySpace : uid = <gen:5> -> org.hibernate.loader.plan.build.internal.spaces.CollectionQuerySpaceImpl@64b50674]
13:23:06.325 [Test worker] DEBUG o.h.p.w.spi.MetamodelGraphWalker - Visiting attribute path : source.descriptor_version
13:23:06.325 [Test worker] DEBUG o.h.p.w.spi.MetamodelGraphWalker - Visiting attribute path : source.manifest_file
13:23:06.325 [Test worker] DEBUG o.h.p.w.spi.MetamodelGraphWalker - Visiting attribute path : source.manifest_file_security
13:23:06.325 [Test worker] DEBUG o.h.p.w.spi.MetamodelGraphWalker - Visiting attribute path : source.vdu
13:23:06.325 [Test worker] DEBUG o.h.p.w.spi.MetamodelGraphWalker - Visiting attribute path : source.vdu_dependency
13:23:06.325 [Test worker] DEBUG o.h.p.w.spi.MetamodelGraphWalker - Visiting attribute path : source.virtual_link
13:23:06.325 [Test worker] DEBUG o.h.p.w.spi.MetamodelGraphWalker - Visiting attribute path : target
13:23:06.325 [Test worker] DEBUG o.h.l.p.b.i.spaces.QuerySpacesImpl - Adding QuerySpace : uid = <gen:6> -> org.hibernate.loader.plan.build.internal.spaces.EntityQuerySpaceImpl@28badd53]
13:23:06.326 [Test worker] DEBUG o.h.p.w.spi.MetamodelGraphWalker - Visiting attribute path : target.auto_scale_policy
13:23:06.326 [Test worker] DEBUG o.h.p.w.spi.MetamodelGraphWalker - Visiting attribute path : target.connection_point
13:23:06.326 [Test worker] DEBUG o.h.p.w.spi.MetamodelGraphWalker - Visiting attribute path : target.hb_version
13:23:06.326 [Test worker] DEBUG o.h.p.w.spi.MetamodelGraphWalker - Visiting attribute path : target.lifecycle_event
13:23:06.326 [Test worker] DEBUG o.h.p.w.spi.MetamodelGraphWalker - Visiting attribute path : target.monitoring_parameter
13:23:06.326 [Test worker] DEBUG o.h.p.w.spi.MetamodelGraphWalker - Property path deemed to be circular : target.monitoring_parameter
13:23:06.326 [Test worker] DEBUG o.h.p.w.spi.MetamodelGraphWalker - Visiting attribute path : target.service_deployment_flavour
13:23:06.326 [Test worker] DEBUG o.h.p.w.spi.MetamodelGraphWalker - Visiting attribute path : target.vendor
13:23:06.326 [Test worker] DEBUG o.h.p.w.spi.MetamodelGraphWalker - Visiting attribute path : target.version
13:23:06.326 [Test worker] DEBUG o.h.p.w.spi.MetamodelGraphWalker - Visiting attribute path : target.vld
13:23:06.326 [Test worker] DEBUG o.h.p.w.spi.MetamodelGraphWalker - Visiting attribute path : target.vnffgd
13:23:06.327 [Test worker] DEBUG o.h.p.w.spi.MetamodelGraphWalker - Visiting attribute path : target.deployment_flavour
13:23:06.327 [Test worker] DEBUG o.h.p.w.spi.MetamodelGraphWalker - Property path deemed to be circular : target.deployment_flavour
13:23:06.327 [Test worker] DEBUG o.h.p.w.spi.MetamodelGraphWalker - Visiting attribute path : target.descriptor_version
13:23:06.327 [Test worker] DEBUG o.h.p.w.spi.MetamodelGraphWalker - Visiting attribute path : target.manifest_file
13:23:06.327 [Test worker] DEBUG o.h.p.w.spi.MetamodelGraphWalker - Visiting attribute path : target.manifest_file_security
13:23:06.327 [Test worker] DEBUG o.h.p.w.spi.MetamodelGraphWalker - Visiting attribute path : target.vdu
13:23:06.327 [Test worker] DEBUG o.h.p.w.spi.MetamodelGraphWalker - Visiting attribute path : target.vdu_dependency
13:23:06.327 [Test worker] DEBUG o.h.p.w.spi.MetamodelGraphWalker - Visiting attribute path : target.virtual_link
13:23:06.328 [Test worker] DEBUG o.h.p.w.spi.MetamodelGraphWalker - Visiting attribute path : version
13:23:06.328 [Test worker] DEBUG o.h.l.p.b.i.FetchStyleLoadPlanBuildingAssociationVisitationStrategy - Building LoadPlan...
13:23:06.329 [Test worker] DEBUG o.h.l.p.e.i.LoadQueryJoinAndFetchProcessor - processing queryspace <gen:0>
13:23:06.330 [Test worker] DEBUG o.h.l.p.b.spi.LoadPlanTreePrinter - LoadPlan(entity=org.project.neutrino.nfvo.catalogue.mano.common.VNFDependency)
    - Returns
       - EntityReturnImpl(entity=org.project.neutrino.nfvo.catalogue.mano.common.VNFDependency, querySpaceUid=<gen:0>, path=org.project.neutrino.nfvo.catalogue.mano.common.VNFDependency)
          - EntityAttributeFetchImpl(entity=org.project.neutrino.nfvo.catalogue.mano.descriptor.VirtualNetworkFunctionDescriptor, querySpaceUid=<gen:1>, path=org.project.neutrino.nfvo.catalogue.mano.common.VNFDependency.source)
             - CollectionAttributeFetchImpl(collection=org.project.neutrino.nfvo.catalogue.mano.common.NFVEntityDescriptor.monitoring_parameter, querySpaceUid=<gen:2>, path=org.project.neutrino.nfvo.catalogue.mano.common.VNFDependency.source.monitoring_parameter)
             - CollectionAttributeFetchImpl(collection=org.project.neutrino.nfvo.catalogue.mano.descriptor.VirtualNetworkFunctionDescriptor.deployment_flavour, querySpaceUid=<gen:3>, path=org.project.neutrino.nfvo.catalogue.mano.common.VNFDependency.source.deployment_flavour)
                - (collection element) CollectionFetchableElementEntityGraph(entity=org.project.neutrino.nfvo.catalogue.mano.descriptor.VNFDDeploymentFlavour, querySpaceUid=<gen:4>, path=org.project.neutrino.nfvo.catalogue.mano.common.VNFDependency.source.deployment_flavour.<elements>)
                   - CollectionAttributeFetchImpl(collection=org.project.neutrino.nfvo.catalogue.mano.descriptor.VNFDDeploymentFlavour.df_constraint, querySpaceUid=<gen:5>, path=org.project.neutrino.nfvo.catalogue.mano.common.VNFDependency.source.deployment_flavour.<elements>.df_constraint)
          - EntityAttributeFetchImpl(entity=org.project.neutrino.nfvo.catalogue.mano.descriptor.VirtualNetworkFunctionDescriptor, querySpaceUid=<gen:6>, path=org.project.neutrino.nfvo.catalogue.mano.common.VNFDependency.target)
    - QuerySpaces
       - EntityQuerySpaceImpl(uid=<gen:0>, entity=org.project.neutrino.nfvo.catalogue.mano.common.VNFDependency)
          - SQL table alias mapping - vnfdepende0_
          - alias suffix - 0_
          - suffixed key columns - {id1_86_0_}
          - JOIN (JoinDefinedByMetadata(source)) : <gen:0> -> <gen:1>
             - EntityQuerySpaceImpl(uid=<gen:1>, entity=org.project.neutrino.nfvo.catalogue.mano.descriptor.VirtualNetworkFunctionDescriptor)
                - SQL table alias mapping - virtualnet1_
                - alias suffix - 1_
                - suffixed key columns - {id1_27_1_}
                - JOIN (JoinDefinedByMetadata(monitoring_parameter)) : <gen:1> -> <gen:2>
                   - CollectionQuerySpaceImpl(uid=<gen:2>, collection=org.project.neutrino.nfvo.catalogue.mano.common.NFVEntityDescriptor.monitoring_parameter)
                      - SQL table alias mapping - monitoring2_
                      - alias suffix - 2_
                      - suffixed key columns - {nfventit1_27_2_}
                - JOIN (JoinDefinedByMetadata(deployment_flavour)) : <gen:1> -> <gen:3>
                   - CollectionQuerySpaceImpl(uid=<gen:3>, collection=org.project.neutrino.nfvo.catalogue.mano.descriptor.VirtualNetworkFunctionDescriptor.deployment_flavour)
                      - SQL table alias mapping - deployment3_
                      - alias suffix - 3_
                      - suffixed key columns - {virtual_1_27_3_}
                      - entity-element alias suffix - 4_
                      - 4_entity-element suffixed key columns - id1_7_4_
                      - JOIN (JoinDefinedByMetadata(elements)) : <gen:3> -> <gen:4>
                         - EntityQuerySpaceImpl(uid=<gen:4>, entity=org.project.neutrino.nfvo.catalogue.mano.descriptor.VNFDDeploymentFlavour)
                            - SQL table alias mapping - vnfddeploy4_
                            - alias suffix - 4_
                            - suffixed key columns - {id1_7_4_}
          - JOIN (JoinDefinedByMetadata(target)) : <gen:0> -> <gen:6>
             - EntityQuerySpaceImpl(uid=<gen:6>, entity=org.project.neutrino.nfvo.catalogue.mano.descriptor.VirtualNetworkFunctionDescriptor)
                - SQL table alias mapping - virtualnet5_
                - alias suffix - 5_
                - suffixed key columns - {id1_27_5_}

13:23:06.331 [Test worker] DEBUG o.h.loader.entity.plan.EntityLoader - Static select for entity org.project.neutrino.nfvo.catalogue.mano.common.VNFDependency [READ]: select vnfdepende0_.id as id1_86_0_, vnfdepende0_.source_Id as source_I3_86_0_, vnfdepende0_.target_Id as target_I4_86_0_, vnfdepende0_.version as version2_86_0_, virtualnet1_.id as id1_27_1_, virtualnet1_.hb_version as hb_versi2_27_1_, virtualnet1_.vendor as vendor3_27_1_, virtualnet1_.version as version4_27_1_, virtualnet1_.descriptor_version as descript1_62_1_, virtualnet1_.manifest_file as manifest2_62_1_, monitoring2_.nfventity_descriptor_Id as nfventit1_27_2_, monitoring2_.monitoring_parameter as monitori2_31_2_, deployment3_.virtual_network_function_descriptor_Id as virtual_1_27_3_, vnfddeploy4_.id as deployme2_63_3_, vnfddeploy4_.id as id1_7_4_, vnfddeploy4_.flavour_key as flavour_2_7_4_, vnfddeploy4_.version as version3_7_4_, virtualnet5_.id as id1_27_5_, virtualnet5_.hb_version as hb_versi2_27_5_, virtualnet5_.vendor as vendor3_27_5_, virtualnet5_.version as version4_27_5_, virtualnet5_.descriptor_version as descript1_62_5_, virtualnet5_.manifest_file as manifest2_62_5_ from vnfdependency vnfdepende0_ left outer join virtual_network_function_descriptor virtualnet1_ on vnfdepende0_.source_Id=virtualnet1_.id left outer join nfventity_descriptor_monitoring_parameter monitoring2_ on virtualnet1_.id=monitoring2_.nfventity_descriptor_Id left outer join virtual_network_function_descriptor_deployment_flavour deployment3_ on virtualnet1_.id=deployment3_.virtual_network_function_descriptor_Id left outer join vnfddeployment_flavour vnfddeploy4_ on deployment3_.deployment_flavour_id=vnfddeploy4_.id left outer join virtual_network_function_descriptor virtualnet5_ on vnfdepende0_.target_Id=virtualnet5_.id where vnfdepende0_.id=?
13:23:06.331 [Test worker] DEBUG o.h.l.p.b.i.spaces.QuerySpacesImpl - Adding QuerySpace : uid = <gen:0> -> org.hibernate.loader.plan.build.internal.spaces.EntityQuerySpaceImpl@66ccaff8]
13:23:06.332 [Test worker] DEBUG o.h.p.w.spi.MetamodelGraphWalker - Visiting attribute path : source
13:23:06.332 [Test worker] DEBUG o.h.l.p.b.i.spaces.QuerySpacesImpl - Adding QuerySpace : uid = <gen:1> -> org.hibernate.loader.plan.build.internal.spaces.EntityQuerySpaceImpl@4d657c03]
13:23:06.332 [Test worker] DEBUG o.h.p.w.spi.MetamodelGraphWalker - Visiting attribute path : target
13:23:06.332 [Test worker] DEBUG o.h.l.p.b.i.spaces.QuerySpacesImpl - Adding QuerySpace : uid = <gen:2> -> org.hibernate.loader.plan.build.internal.spaces.EntityQuerySpaceImpl@41b0d0a7]
13:23:06.332 [Test worker] DEBUG o.h.p.w.spi.MetamodelGraphWalker - Visiting attribute path : version
13:23:06.332 [Test worker] DEBUG o.h.l.p.b.i.FetchStyleLoadPlanBuildingAssociationVisitationStrategy - Building LoadPlan...
13:23:06.332 [Test worker] DEBUG o.h.l.p.e.i.LoadQueryJoinAndFetchProcessor - processing queryspace <gen:0>
13:23:06.333 [Test worker] DEBUG o.h.l.p.b.spi.LoadPlanTreePrinter - LoadPlan(entity=org.project.neutrino.nfvo.catalogue.mano.common.VNFDependency)
    - Returns
       - EntityReturnImpl(entity=org.project.neutrino.nfvo.catalogue.mano.common.VNFDependency, querySpaceUid=<gen:0>, path=org.project.neutrino.nfvo.catalogue.mano.common.VNFDependency)
          - EntityAttributeFetchImpl(entity=org.project.neutrino.nfvo.catalogue.mano.descriptor.VirtualNetworkFunctionDescriptor, querySpaceUid=<gen:1>, path=org.project.neutrino.nfvo.catalogue.mano.common.VNFDependency.source)
          - EntityAttributeFetchImpl(entity=org.project.neutrino.nfvo.catalogue.mano.descriptor.VirtualNetworkFunctionDescriptor, querySpaceUid=<gen:2>, path=org.project.neutrino.nfvo.catalogue.mano.common.VNFDependency.target)
    - QuerySpaces
       - EntityQuerySpaceImpl(uid=<gen:0>, entity=org.project.neutrino.nfvo.catalogue.mano.common.VNFDependency)
          - SQL table alias mapping - vnfdepende0_
          - alias suffix - 0_
          - suffixed key columns - {id1_86_0_}

13:23:06.333 [Test worker] DEBUG o.h.loader.entity.plan.EntityLoader - Static select for entity org.project.neutrino.nfvo.catalogue.mano.common.VNFDependency [UPGRADE]: select vnfdepende0_.id as id1_86_0_, vnfdepende0_.source_Id as source_I3_86_0_, vnfdepende0_.target_Id as target_I4_86_0_, vnfdepende0_.version as version2_86_0_ from vnfdependency vnfdepende0_ where vnfdepende0_.id=? for update
13:23:06.333 [Test worker] DEBUG o.h.l.p.b.i.spaces.QuerySpacesImpl - Adding QuerySpace : uid = <gen:0> -> org.hibernate.loader.plan.build.internal.spaces.EntityQuerySpaceImpl@3f52a5a2]
13:23:06.333 [Test worker] DEBUG o.h.p.w.spi.MetamodelGraphWalker - Visiting attribute path : source
13:23:06.334 [Test worker] DEBUG o.h.l.p.b.i.spaces.QuerySpacesImpl - Adding QuerySpace : uid = <gen:1> -> org.hibernate.loader.plan.build.internal.spaces.EntityQuerySpaceImpl@7414f18b]
13:23:06.334 [Test worker] DEBUG o.h.p.w.spi.MetamodelGraphWalker - Visiting attribute path : target
13:23:06.334 [Test worker] DEBUG o.h.l.p.b.i.spaces.QuerySpacesImpl - Adding QuerySpace : uid = <gen:2> -> org.hibernate.loader.plan.build.internal.spaces.EntityQuerySpaceImpl@afe1837]
13:23:06.334 [Test worker] DEBUG o.h.p.w.spi.MetamodelGraphWalker - Visiting attribute path : version
13:23:06.334 [Test worker] DEBUG o.h.l.p.b.i.FetchStyleLoadPlanBuildingAssociationVisitationStrategy - Building LoadPlan...
13:23:06.334 [Test worker] DEBUG o.h.l.p.e.i.LoadQueryJoinAndFetchProcessor - processing queryspace <gen:0>
13:23:06.334 [Test worker] DEBUG o.h.l.p.b.spi.LoadPlanTreePrinter - LoadPlan(entity=org.project.neutrino.nfvo.catalogue.mano.common.VNFDependency)
    - Returns
       - EntityReturnImpl(entity=org.project.neutrino.nfvo.catalogue.mano.common.VNFDependency, querySpaceUid=<gen:0>, path=org.project.neutrino.nfvo.catalogue.mano.common.VNFDependency)
          - EntityAttributeFetchImpl(entity=org.project.neutrino.nfvo.catalogue.mano.descriptor.VirtualNetworkFunctionDescriptor, querySpaceUid=<gen:1>, path=org.project.neutrino.nfvo.catalogue.mano.common.VNFDependency.source)
          - EntityAttributeFetchImpl(entity=org.project.neutrino.nfvo.catalogue.mano.descriptor.VirtualNetworkFunctionDescriptor, querySpaceUid=<gen:2>, path=org.project.neutrino.nfvo.catalogue.mano.common.VNFDependency.target)
    - QuerySpaces
       - EntityQuerySpaceImpl(uid=<gen:0>, entity=org.project.neutrino.nfvo.catalogue.mano.common.VNFDependency)
          - SQL table alias mapping - vnfdepende0_
          - alias suffix - 0_
          - suffixed key columns - {id1_86_0_}

13:23:06.335 [Test worker] DEBUG o.h.loader.entity.plan.EntityLoader - Static select for entity org.project.neutrino.nfvo.catalogue.mano.common.VNFDependency [UPGRADE_NOWAIT]: select vnfdepende0_.id as id1_86_0_, vnfdepende0_.source_Id as source_I3_86_0_, vnfdepende0_.target_Id as target_I4_86_0_, vnfdepende0_.version as version2_86_0_ from vnfdependency vnfdepende0_ where vnfdepende0_.id=? for update
13:23:06.335 [Test worker] DEBUG o.h.l.p.b.i.spaces.QuerySpacesImpl - Adding QuerySpace : uid = <gen:0> -> org.hibernate.loader.plan.build.internal.spaces.EntityQuerySpaceImpl@2fe7c884]
13:23:06.335 [Test worker] DEBUG o.h.p.w.spi.MetamodelGraphWalker - Visiting attribute path : source
13:23:06.335 [Test worker] DEBUG o.h.l.p.b.i.spaces.QuerySpacesImpl - Adding QuerySpace : uid = <gen:1> -> org.hibernate.loader.plan.build.internal.spaces.EntityQuerySpaceImpl@146d2e7]
13:23:06.335 [Test worker] DEBUG o.h.p.w.spi.MetamodelGraphWalker - Visiting attribute path : target
13:23:06.335 [Test worker] DEBUG o.h.l.p.b.i.spaces.QuerySpacesImpl - Adding QuerySpace : uid = <gen:2> -> org.hibernate.loader.plan.build.internal.spaces.EntityQuerySpaceImpl@50c03c58]
13:23:06.335 [Test worker] DEBUG o.h.p.w.spi.MetamodelGraphWalker - Visiting attribute path : version
13:23:06.335 [Test worker] DEBUG o.h.l.p.b.i.FetchStyleLoadPlanBuildingAssociationVisitationStrategy - Building LoadPlan...
13:23:06.336 [Test worker] DEBUG o.h.l.p.e.i.LoadQueryJoinAndFetchProcessor - processing queryspace <gen:0>
13:23:06.336 [Test worker] DEBUG o.h.l.p.b.spi.LoadPlanTreePrinter - LoadPlan(entity=org.project.neutrino.nfvo.catalogue.mano.common.VNFDependency)
    - Returns
       - EntityReturnImpl(entity=org.project.neutrino.nfvo.catalogue.mano.common.VNFDependency, querySpaceUid=<gen:0>, path=org.project.neutrino.nfvo.catalogue.mano.common.VNFDependency)
          - EntityAttributeFetchImpl(entity=org.project.neutrino.nfvo.catalogue.mano.descriptor.VirtualNetworkFunctionDescriptor, querySpaceUid=<gen:1>, path=org.project.neutrino.nfvo.catalogue.mano.common.VNFDependency.source)
          - EntityAttributeFetchImpl(entity=org.project.neutrino.nfvo.catalogue.mano.descriptor.VirtualNetworkFunctionDescriptor, querySpaceUid=<gen:2>, path=org.project.neutrino.nfvo.catalogue.mano.common.VNFDependency.target)
    - QuerySpaces
       - EntityQuerySpaceImpl(uid=<gen:0>, entity=org.project.neutrino.nfvo.catalogue.mano.common.VNFDependency)
          - SQL table alias mapping - vnfdepende0_
          - alias suffix - 0_
          - suffixed key columns - {id1_86_0_}

13:23:06.336 [Test worker] DEBUG o.h.loader.entity.plan.EntityLoader - Static select for entity org.project.neutrino.nfvo.catalogue.mano.common.VNFDependency [UPGRADE_SKIPLOCKED]: select vnfdepende0_.id as id1_86_0_, vnfdepende0_.source_Id as source_I3_86_0_, vnfdepende0_.target_Id as target_I4_86_0_, vnfdepende0_.version as version2_86_0_ from vnfdependency vnfdepende0_ where vnfdepende0_.id=? for update
13:23:06.337 [Test worker] DEBUG o.h.l.p.b.i.spaces.QuerySpacesImpl - Adding QuerySpace : uid = <gen:0> -> org.hibernate.loader.plan.build.internal.spaces.EntityQuerySpaceImpl@7cb9ded2]
13:23:06.337 [Test worker] DEBUG o.h.p.w.spi.MetamodelGraphWalker - Visiting attribute path : source
13:23:06.337 [Test worker] DEBUG o.h.l.p.b.i.spaces.QuerySpacesImpl - Adding QuerySpace : uid = <gen:1> -> org.hibernate.loader.plan.build.internal.spaces.EntityQuerySpaceImpl@7b6a53bb]
13:23:06.337 [Test worker] DEBUG o.h.p.w.spi.MetamodelGraphWalker - Visiting attribute path : target
13:23:06.337 [Test worker] DEBUG o.h.l.p.b.i.spaces.QuerySpacesImpl - Adding QuerySpace : uid = <gen:2> -> org.hibernate.loader.plan.build.internal.spaces.EntityQuerySpaceImpl@19f594a]
13:23:06.337 [Test worker] DEBUG o.h.p.w.spi.MetamodelGraphWalker - Visiting attribute path : version
13:23:06.337 [Test worker] DEBUG o.h.l.p.b.i.FetchStyleLoadPlanBuildingAssociationVisitationStrategy - Building LoadPlan...
13:23:06.337 [Test worker] DEBUG o.h.l.p.e.i.LoadQueryJoinAndFetchProcessor - processing queryspace <gen:0>
13:23:06.338 [Test worker] DEBUG o.h.l.p.b.spi.LoadPlanTreePrinter - LoadPlan(entity=org.project.neutrino.nfvo.catalogue.mano.common.VNFDependency)
    - Returns
       - EntityReturnImpl(entity=org.project.neutrino.nfvo.catalogue.mano.common.VNFDependency, querySpaceUid=<gen:0>, path=org.project.neutrino.nfvo.catalogue.mano.common.VNFDependency)
          - EntityAttributeFetchImpl(entity=org.project.neutrino.nfvo.catalogue.mano.descriptor.VirtualNetworkFunctionDescriptor, querySpaceUid=<gen:1>, path=org.project.neutrino.nfvo.catalogue.mano.common.VNFDependency.source)
          - EntityAttributeFetchImpl(entity=org.project.neutrino.nfvo.catalogue.mano.descriptor.VirtualNetworkFunctionDescriptor, querySpaceUid=<gen:2>, path=org.project.neutrino.nfvo.catalogue.mano.common.VNFDependency.target)
    - QuerySpaces
       - EntityQuerySpaceImpl(uid=<gen:0>, entity=org.project.neutrino.nfvo.catalogue.mano.common.VNFDependency)
          - SQL table alias mapping - vnfdepende0_
          - alias suffix - 0_
          - suffixed key columns - {id1_86_0_}

13:23:06.338 [Test worker] DEBUG o.h.loader.entity.plan.EntityLoader - Static select for entity org.project.neutrino.nfvo.catalogue.mano.common.VNFDependency [FORCE]: select vnfdepende0_.id as id1_86_0_, vnfdepende0_.source_Id as source_I3_86_0_, vnfdepende0_.target_Id as target_I4_86_0_, vnfdepende0_.version as version2_86_0_ from vnfdependency vnfdepende0_ where vnfdepende0_.id=? for update
13:23:06.338 [Test worker] DEBUG o.h.l.p.b.i.spaces.QuerySpacesImpl - Adding QuerySpace : uid = <gen:0> -> org.hibernate.loader.plan.build.internal.spaces.EntityQuerySpaceImpl@49f0a1b]
13:23:06.338 [Test worker] DEBUG o.h.p.w.spi.MetamodelGraphWalker - Visiting attribute path : source
13:23:06.338 [Test worker] DEBUG o.h.l.p.b.i.spaces.QuerySpacesImpl - Adding QuerySpace : uid = <gen:1> -> org.hibernate.loader.plan.build.internal.spaces.EntityQuerySpaceImpl@5303eb4]
13:23:06.338 [Test worker] DEBUG o.h.p.w.spi.MetamodelGraphWalker - Visiting attribute path : target
13:23:06.339 [Test worker] DEBUG o.h.l.p.b.i.spaces.QuerySpacesImpl - Adding QuerySpace : uid = <gen:2> -> org.hibernate.loader.plan.build.internal.spaces.EntityQuerySpaceImpl@22649e15]
13:23:06.339 [Test worker] DEBUG o.h.p.w.spi.MetamodelGraphWalker - Visiting attribute path : version
13:23:06.339 [Test worker] DEBUG o.h.l.p.b.i.FetchStyleLoadPlanBuildingAssociationVisitationStrategy - Building LoadPlan...
13:23:06.339 [Test worker] DEBUG o.h.l.p.e.i.LoadQueryJoinAndFetchProcessor - processing queryspace <gen:0>
13:23:06.339 [Test worker] DEBUG o.h.l.p.b.spi.LoadPlanTreePrinter - LoadPlan(entity=org.project.neutrino.nfvo.catalogue.mano.common.VNFDependency)
    - Returns
       - EntityReturnImpl(entity=org.project.neutrino.nfvo.catalogue.mano.common.VNFDependency, querySpaceUid=<gen:0>, path=org.project.neutrino.nfvo.catalogue.mano.common.VNFDependency)
          - EntityAttributeFetchImpl(entity=org.project.neutrino.nfvo.catalogue.mano.descriptor.VirtualNetworkFunctionDescriptor, querySpaceUid=<gen:1>, path=org.project.neutrino.nfvo.catalogue.mano.common.VNFDependency.source)
          - EntityAttributeFetchImpl(entity=org.project.neutrino.nfvo.catalogue.mano.descriptor.VirtualNetworkFunctionDescriptor, querySpaceUid=<gen:2>, path=org.project.neutrino.nfvo.catalogue.mano.common.VNFDependency.target)
    - QuerySpaces
       - EntityQuerySpaceImpl(uid=<gen:0>, entity=org.project.neutrino.nfvo.catalogue.mano.common.VNFDependency)
          - SQL table alias mapping - vnfdepende0_
          - alias suffix - 0_
          - suffixed key columns - {id1_86_0_}

13:23:06.339 [Test worker] DEBUG o.h.loader.entity.plan.EntityLoader - Static select for entity org.project.neutrino.nfvo.catalogue.mano.common.VNFDependency [PESSIMISTIC_READ]: select vnfdepende0_.id as id1_86_0_, vnfdepende0_.source_Id as source_I3_86_0_, vnfdepende0_.target_Id as target_I4_86_0_, vnfdepende0_.version as version2_86_0_ from vnfdependency vnfdepende0_ where vnfdepende0_.id=? lock in share mode
13:23:06.340 [Test worker] DEBUG o.h.l.p.b.i.spaces.QuerySpacesImpl - Adding QuerySpace : uid = <gen:0> -> org.hibernate.loader.plan.build.internal.spaces.EntityQuerySpaceImpl@7bc68656]
13:23:06.340 [Test worker] DEBUG o.h.p.w.spi.MetamodelGraphWalker - Visiting attribute path : source
13:23:06.340 [Test worker] DEBUG o.h.l.p.b.i.spaces.QuerySpacesImpl - Adding QuerySpace : uid = <gen:1> -> org.hibernate.loader.plan.build.internal.spaces.EntityQuerySpaceImpl@3c7feca8]
13:23:06.340 [Test worker] DEBUG o.h.p.w.spi.MetamodelGraphWalker - Visiting attribute path : target
13:23:06.340 [Test worker] DEBUG o.h.l.p.b.i.spaces.QuerySpacesImpl - Adding QuerySpace : uid = <gen:2> -> org.hibernate.loader.plan.build.internal.spaces.EntityQuerySpaceImpl@728a289f]
13:23:06.340 [Test worker] DEBUG o.h.p.w.spi.MetamodelGraphWalker - Visiting attribute path : version
13:23:06.340 [Test worker] DEBUG o.h.l.p.b.i.FetchStyleLoadPlanBuildingAssociationVisitationStrategy - Building LoadPlan...
13:23:06.341 [Test worker] DEBUG o.h.l.p.e.i.LoadQueryJoinAndFetchProcessor - processing queryspace <gen:0>
13:23:06.341 [Test worker] DEBUG o.h.l.p.b.spi.LoadPlanTreePrinter - LoadPlan(entity=org.project.neutrino.nfvo.catalogue.mano.common.VNFDependency)
    - Returns
       - EntityReturnImpl(entity=org.project.neutrino.nfvo.catalogue.mano.common.VNFDependency, querySpaceUid=<gen:0>, path=org.project.neutrino.nfvo.catalogue.mano.common.VNFDependency)
          - EntityAttributeFetchImpl(entity=org.project.neutrino.nfvo.catalogue.mano.descriptor.VirtualNetworkFunctionDescriptor, querySpaceUid=<gen:1>, path=org.project.neutrino.nfvo.catalogue.mano.common.VNFDependency.source)
          - EntityAttributeFetchImpl(entity=org.project.neutrino.nfvo.catalogue.mano.descriptor.VirtualNetworkFunctionDescriptor, querySpaceUid=<gen:2>, path=org.project.neutrino.nfvo.catalogue.mano.common.VNFDependency.target)
    - QuerySpaces
       - EntityQuerySpaceImpl(uid=<gen:0>, entity=org.project.neutrino.nfvo.catalogue.mano.common.VNFDependency)
          - SQL table alias mapping - vnfdepende0_
          - alias suffix - 0_
          - suffixed key columns - {id1_86_0_}

13:23:06.341 [Test worker] DEBUG o.h.loader.entity.plan.EntityLoader - Static select for entity org.project.neutrino.nfvo.catalogue.mano.common.VNFDependency [PESSIMISTIC_WRITE]: select vnfdepende0_.id as id1_86_0_, vnfdepende0_.source_Id as source_I3_86_0_, vnfdepende0_.target_Id as target_I4_86_0_, vnfdepende0_.version as version2_86_0_ from vnfdependency vnfdepende0_ where vnfdepende0_.id=? for update
13:23:06.341 [Test worker] DEBUG o.h.l.p.b.i.spaces.QuerySpacesImpl - Adding QuerySpace : uid = <gen:0> -> org.hibernate.loader.plan.build.internal.spaces.EntityQuerySpaceImpl@4c711978]
13:23:06.341 [Test worker] DEBUG o.h.p.w.spi.MetamodelGraphWalker - Visiting attribute path : source
13:23:06.341 [Test worker] DEBUG o.h.l.p.b.i.spaces.QuerySpacesImpl - Adding QuerySpace : uid = <gen:1> -> org.hibernate.loader.plan.build.internal.spaces.EntityQuerySpaceImpl@6a9c3d70]
13:23:06.341 [Test worker] DEBUG o.h.p.w.spi.MetamodelGraphWalker - Visiting attribute path : target
13:23:06.342 [Test worker] DEBUG o.h.l.p.b.i.spaces.QuerySpacesImpl - Adding QuerySpace : uid = <gen:2> -> org.hibernate.loader.plan.build.internal.spaces.EntityQuerySpaceImpl@3785babe]
13:23:06.342 [Test worker] DEBUG o.h.p.w.spi.MetamodelGraphWalker - Visiting attribute path : version
13:23:06.342 [Test worker] DEBUG o.h.l.p.b.i.FetchStyleLoadPlanBuildingAssociationVisitationStrategy - Building LoadPlan...
13:23:06.342 [Test worker] DEBUG o.h.l.p.e.i.LoadQueryJoinAndFetchProcessor - processing queryspace <gen:0>
13:23:06.342 [Test worker] DEBUG o.h.l.p.b.spi.LoadPlanTreePrinter - LoadPlan(entity=org.project.neutrino.nfvo.catalogue.mano.common.VNFDependency)
    - Returns
       - EntityReturnImpl(entity=org.project.neutrino.nfvo.catalogue.mano.common.VNFDependency, querySpaceUid=<gen:0>, path=org.project.neutrino.nfvo.catalogue.mano.common.VNFDependency)
          - EntityAttributeFetchImpl(entity=org.project.neutrino.nfvo.catalogue.mano.descriptor.VirtualNetworkFunctionDescriptor, querySpaceUid=<gen:1>, path=org.project.neutrino.nfvo.catalogue.mano.common.VNFDependency.source)
          - EntityAttributeFetchImpl(entity=org.project.neutrino.nfvo.catalogue.mano.descriptor.VirtualNetworkFunctionDescriptor, querySpaceUid=<gen:2>, path=org.project.neutrino.nfvo.catalogue.mano.common.VNFDependency.target)
    - QuerySpaces
       - EntityQuerySpaceImpl(uid=<gen:0>, entity=org.project.neutrino.nfvo.catalogue.mano.common.VNFDependency)
          - SQL table alias mapping - vnfdepende0_
          - alias suffix - 0_
          - suffixed key columns - {id1_86_0_}

13:23:06.342 [Test worker] DEBUG o.h.loader.entity.plan.EntityLoader - Static select for entity org.project.neutrino.nfvo.catalogue.mano.common.VNFDependency [PESSIMISTIC_FORCE_INCREMENT]: select vnfdepende0_.id as id1_86_0_, vnfdepende0_.source_Id as source_I3_86_0_, vnfdepende0_.target_Id as target_I4_86_0_, vnfdepende0_.version as version2_86_0_ from vnfdependency vnfdepende0_ where vnfdepende0_.id=? for update
13:23:06.343 [Test worker] DEBUG o.h.l.p.b.i.spaces.QuerySpacesImpl - Adding QuerySpace : uid = <gen:0> -> org.hibernate.loader.plan.build.internal.spaces.EntityQuerySpaceImpl@2ca72c6c]
13:23:06.343 [Test worker] DEBUG o.h.p.w.spi.MetamodelGraphWalker - Visiting attribute path : source
13:23:06.343 [Test worker] DEBUG o.h.l.p.b.i.spaces.QuerySpacesImpl - Adding QuerySpace : uid = <gen:1> -> org.hibernate.loader.plan.build.internal.spaces.EntityQuerySpaceImpl@5198eb47]
13:23:06.343 [Test worker] DEBUG o.h.p.w.spi.MetamodelGraphWalker - Visiting attribute path : target
13:23:06.343 [Test worker] DEBUG o.h.l.p.b.i.spaces.QuerySpacesImpl - Adding QuerySpace : uid = <gen:2> -> org.hibernate.loader.plan.build.internal.spaces.EntityQuerySpaceImpl@e7eac2b]
13:23:06.343 [Test worker] DEBUG o.h.p.w.spi.MetamodelGraphWalker - Visiting attribute path : version
13:23:06.343 [Test worker] DEBUG o.h.l.p.b.i.FetchStyleLoadPlanBuildingAssociationVisitationStrategy - Building LoadPlan...
13:23:06.344 [Test worker] DEBUG o.h.l.p.e.i.LoadQueryJoinAndFetchProcessor - processing queryspace <gen:0>
13:23:06.344 [Test worker] DEBUG o.h.l.p.b.spi.LoadPlanTreePrinter - LoadPlan(entity=org.project.neutrino.nfvo.catalogue.mano.common.VNFDependency)
    - Returns
       - EntityReturnImpl(entity=org.project.neutrino.nfvo.catalogue.mano.common.VNFDependency, querySpaceUid=<gen:0>, path=org.project.neutrino.nfvo.catalogue.mano.common.VNFDependency)
          - EntityAttributeFetchImpl(entity=org.project.neutrino.nfvo.catalogue.mano.descriptor.VirtualNetworkFunctionDescriptor, querySpaceUid=<gen:1>, path=org.project.neutrino.nfvo.catalogue.mano.common.VNFDependency.source)
          - EntityAttributeFetchImpl(entity=org.project.neutrino.nfvo.catalogue.mano.descriptor.VirtualNetworkFunctionDescriptor, querySpaceUid=<gen:2>, path=org.project.neutrino.nfvo.catalogue.mano.common.VNFDependency.target)
    - QuerySpaces
       - EntityQuerySpaceImpl(uid=<gen:0>, entity=org.project.neutrino.nfvo.catalogue.mano.common.VNFDependency)
          - SQL table alias mapping - vnfdepende0_
          - alias suffix - 0_
          - suffixed key columns - {id1_86_0_}

13:23:06.344 [Test worker] DEBUG o.h.loader.entity.plan.EntityLoader - Static select for entity org.project.neutrino.nfvo.catalogue.mano.common.VNFDependency [OPTIMISTIC]: select vnfdepende0_.id as id1_86_0_, vnfdepende0_.source_Id as source_I3_86_0_, vnfdepende0_.target_Id as target_I4_86_0_, vnfdepende0_.version as version2_86_0_ from vnfdependency vnfdepende0_ where vnfdepende0_.id=?
13:23:06.344 [Test worker] DEBUG o.h.l.p.b.i.spaces.QuerySpacesImpl - Adding QuerySpace : uid = <gen:0> -> org.hibernate.loader.plan.build.internal.spaces.EntityQuerySpaceImpl@1e59427c]
13:23:06.345 [Test worker] DEBUG o.h.p.w.spi.MetamodelGraphWalker - Visiting attribute path : source
13:23:06.346 [Test worker] DEBUG o.h.l.p.b.i.spaces.QuerySpacesImpl - Adding QuerySpace : uid = <gen:1> -> org.hibernate.loader.plan.build.internal.spaces.EntityQuerySpaceImpl@22bda240]
13:23:06.346 [Test worker] DEBUG o.h.p.w.spi.MetamodelGraphWalker - Visiting attribute path : target
13:23:06.346 [Test worker] DEBUG o.h.l.p.b.i.spaces.QuerySpacesImpl - Adding QuerySpace : uid = <gen:2> -> org.hibernate.loader.plan.build.internal.spaces.EntityQuerySpaceImpl@4fe72991]
13:23:06.346 [Test worker] DEBUG o.h.p.w.spi.MetamodelGraphWalker - Visiting attribute path : version
13:23:06.347 [Test worker] DEBUG o.h.l.p.b.i.FetchStyleLoadPlanBuildingAssociationVisitationStrategy - Building LoadPlan...
13:23:06.347 [Test worker] DEBUG o.h.l.p.e.i.LoadQueryJoinAndFetchProcessor - processing queryspace <gen:0>
13:23:06.347 [Test worker] DEBUG o.h.l.p.b.spi.LoadPlanTreePrinter - LoadPlan(entity=org.project.neutrino.nfvo.catalogue.mano.common.VNFDependency)
    - Returns
       - EntityReturnImpl(entity=org.project.neutrino.nfvo.catalogue.mano.common.VNFDependency, querySpaceUid=<gen:0>, path=org.project.neutrino.nfvo.catalogue.mano.common.VNFDependency)
          - EntityAttributeFetchImpl(entity=org.project.neutrino.nfvo.catalogue.mano.descriptor.VirtualNetworkFunctionDescriptor, querySpaceUid=<gen:1>, path=org.project.neutrino.nfvo.catalogue.mano.common.VNFDependency.source)
          - EntityAttributeFetchImpl(entity=org.project.neutrino.nfvo.catalogue.mano.descriptor.VirtualNetworkFunctionDescriptor, querySpaceUid=<gen:2>, path=org.project.neutrino.nfvo.catalogue.mano.common.VNFDependency.target)
    - QuerySpaces
       - EntityQuerySpaceImpl(uid=<gen:0>, entity=org.project.neutrino.nfvo.catalogue.mano.common.VNFDependency)
          - SQL table alias mapping - vnfdepende0_
          - alias suffix - 0_
          - suffixed key columns - {id1_86_0_}

13:23:06.348 [Test worker] DEBUG o.h.loader.entity.plan.EntityLoader - Static select for entity org.project.neutrino.nfvo.catalogue.mano.common.VNFDependency [OPTIMISTIC_FORCE_INCREMENT]: select vnfdepende0_.id as id1_86_0_, vnfdepende0_.source_Id as source_I3_86_0_, vnfdepende0_.target_Id as target_I4_86_0_, vnfdepende0_.version as version2_86_0_ from vnfdependency vnfdepende0_ where vnfdepende0_.id=?
13:23:06.348 [Test worker] DEBUG org.hibernate.loader.Loader - Static select for action ACTION_MERGE on entity org.project.neutrino.nfvo.catalogue.mano.common.VNFDependency: select vnfdepende0_.id as id1_86_3_, vnfdepende0_.source_Id as source_I3_86_3_, vnfdepende0_.target_Id as target_I4_86_3_, vnfdepende0_.version as version2_86_3_, virtualnet1_.id as id1_27_0_, virtualnet1_.hb_version as hb_versi2_27_0_, virtualnet1_.vendor as vendor3_27_0_, virtualnet1_.version as version4_27_0_, virtualnet1_.descriptor_version as descript1_62_0_, virtualnet1_.manifest_file as manifest2_62_0_, auto_scale2_.nfventity_descriptor_Id as nfventit1_27_5_, autoscalep3_.id as auto_sca2_28_5_, autoscalep3_.id as id1_3_1_, autoscalep3_.version as version2_3_1_, virtualnet4_.id as id1_27_2_, virtualnet4_.hb_version as hb_versi2_27_2_, virtualnet4_.vendor as vendor3_27_2_, virtualnet4_.version as version4_27_2_, virtualnet4_.descriptor_version as descript1_62_2_, virtualnet4_.manifest_file as manifest2_62_2_ from vnfdependency vnfdepende0_ left outer join virtual_network_function_descriptor virtualnet1_ on vnfdepende0_.source_Id=virtualnet1_.id left outer join nfventity_descriptor_auto_scale_policy auto_scale2_ on virtualnet1_.id=auto_scale2_.nfventity_descriptor_Id left outer join auto_scale_policy autoscalep3_ on auto_scale2_.auto_scale_policy_id=autoscalep3_.id left outer join virtual_network_function_descriptor virtualnet4_ on vnfdepende0_.target_Id=virtualnet4_.id where vnfdepende0_.id=?
13:23:06.348 [Test worker] DEBUG org.hibernate.loader.Loader - Static select for action ACTION_REFRESH on entity org.project.neutrino.nfvo.catalogue.mano.common.VNFDependency: select vnfdepende0_.id as id1_86_0_, vnfdepende0_.source_Id as source_I3_86_0_, vnfdepende0_.target_Id as target_I4_86_0_, vnfdepende0_.version as version2_86_0_ from vnfdependency vnfdepende0_ where vnfdepende0_.id=?
13:23:06.349 [Test worker] DEBUG o.h.p.entity.AbstractEntityPersister - Static SQL for entity: org.project.neutrino.nfvo.catalogue.mano.common.ServiceDeploymentFlavour
13:23:06.349 [Test worker] DEBUG o.h.p.entity.AbstractEntityPersister -  Version select: select version from service_deployment_flavour where id =?
13:23:06.349 [Test worker] DEBUG o.h.p.entity.AbstractEntityPersister -  Snapshot select: select servicedep_.id, servicedep_.flavour_key as flavour_2_7_, servicedep_.version as version3_7_ from service_deployment_flavour servicedep_ where servicedep_.id=?
13:23:06.349 [Test worker] DEBUG o.h.p.entity.AbstractEntityPersister -  Insert 0: insert into service_deployment_flavour (flavour_key, version, id) values (?, ?, ?)
13:23:06.349 [Test worker] DEBUG o.h.p.entity.AbstractEntityPersister -  Update 0: update service_deployment_flavour set flavour_key=?, version=? where id=? and version=?
13:23:06.349 [Test worker] DEBUG o.h.p.entity.AbstractEntityPersister -  Delete 0: delete from service_deployment_flavour where id=? and version=?
13:23:06.349 [Test worker] DEBUG o.h.l.p.b.i.spaces.QuerySpacesImpl - Adding QuerySpace : uid = <gen:0> -> org.hibernate.loader.plan.build.internal.spaces.EntityQuerySpaceImpl@515a1792]
13:23:06.349 [Test worker] DEBUG o.h.p.w.spi.MetamodelGraphWalker - Visiting attribute path : flavour_key
13:23:06.349 [Test worker] DEBUG o.h.p.w.spi.MetamodelGraphWalker - Visiting attribute path : version
13:23:06.349 [Test worker] DEBUG o.h.p.w.spi.MetamodelGraphWalker - Visiting attribute path : constituent_vnf
13:23:06.350 [Test worker] DEBUG o.h.l.p.b.i.FetchStyleLoadPlanBuildingAssociationVisitationStrategy - Building LoadPlan...
13:23:06.350 [Test worker] DEBUG o.h.l.p.e.i.LoadQueryJoinAndFetchProcessor - processing queryspace <gen:0>
13:23:06.350 [Test worker] DEBUG o.h.l.p.b.spi.LoadPlanTreePrinter - LoadPlan(entity=org.project.neutrino.nfvo.catalogue.mano.common.ServiceDeploymentFlavour)
    - Returns
       - EntityReturnImpl(entity=org.project.neutrino.nfvo.catalogue.mano.common.ServiceDeploymentFlavour, querySpaceUid=<gen:0>, path=org.project.neutrino.nfvo.catalogue.mano.common.ServiceDeploymentFlavour)
    - QuerySpaces
       - EntityQuerySpaceImpl(uid=<gen:0>, entity=org.project.neutrino.nfvo.catalogue.mano.common.ServiceDeploymentFlavour)
          - SQL table alias mapping - servicedep0_
          - alias suffix - 0_
          - suffixed key columns - {id1_7_0_}

13:23:06.350 [Test worker] DEBUG o.h.loader.entity.plan.EntityLoader - Static select for entity org.project.neutrino.nfvo.catalogue.mano.common.ServiceDeploymentFlavour [NONE]: select servicedep0_.id as id1_7_0_, servicedep0_.flavour_key as flavour_2_7_0_, servicedep0_.version as version3_7_0_ from service_deployment_flavour servicedep0_ where servicedep0_.id=?
13:23:06.350 [Test worker] DEBUG o.h.l.p.b.i.spaces.QuerySpacesImpl - Adding QuerySpace : uid = <gen:0> -> org.hibernate.loader.plan.build.internal.spaces.EntityQuerySpaceImpl@5de6af79]
13:23:06.350 [Test worker] DEBUG o.h.p.w.spi.MetamodelGraphWalker - Visiting attribute path : flavour_key
13:23:06.350 [Test worker] DEBUG o.h.p.w.spi.MetamodelGraphWalker - Visiting attribute path : version
13:23:06.350 [Test worker] DEBUG o.h.p.w.spi.MetamodelGraphWalker - Visiting attribute path : constituent_vnf
13:23:06.351 [Test worker] DEBUG o.h.l.p.b.i.FetchStyleLoadPlanBuildingAssociationVisitationStrategy - Building LoadPlan...
13:23:06.351 [Test worker] DEBUG o.h.l.p.e.i.LoadQueryJoinAndFetchProcessor - processing queryspace <gen:0>
13:23:06.351 [Test worker] DEBUG o.h.l.p.b.spi.LoadPlanTreePrinter - LoadPlan(entity=org.project.neutrino.nfvo.catalogue.mano.common.ServiceDeploymentFlavour)
    - Returns
       - EntityReturnImpl(entity=org.project.neutrino.nfvo.catalogue.mano.common.ServiceDeploymentFlavour, querySpaceUid=<gen:0>, path=org.project.neutrino.nfvo.catalogue.mano.common.ServiceDeploymentFlavour)
    - QuerySpaces
       - EntityQuerySpaceImpl(uid=<gen:0>, entity=org.project.neutrino.nfvo.catalogue.mano.common.ServiceDeploymentFlavour)
          - SQL table alias mapping - servicedep0_
          - alias suffix - 0_
          - suffixed key columns - {id1_7_0_}

13:23:06.351 [Test worker] DEBUG o.h.loader.entity.plan.EntityLoader - Static select for entity org.project.neutrino.nfvo.catalogue.mano.common.ServiceDeploymentFlavour [READ]: select servicedep0_.id as id1_7_0_, servicedep0_.flavour_key as flavour_2_7_0_, servicedep0_.version as version3_7_0_ from service_deployment_flavour servicedep0_ where servicedep0_.id=?
13:23:06.351 [Test worker] DEBUG o.h.l.p.b.i.spaces.QuerySpacesImpl - Adding QuerySpace : uid = <gen:0> -> org.hibernate.loader.plan.build.internal.spaces.EntityQuerySpaceImpl@756c99c2]
13:23:06.351 [Test worker] DEBUG o.h.p.w.spi.MetamodelGraphWalker - Visiting attribute path : flavour_key
13:23:06.352 [Test worker] DEBUG o.h.p.w.spi.MetamodelGraphWalker - Visiting attribute path : version
13:23:06.352 [Test worker] DEBUG o.h.p.w.spi.MetamodelGraphWalker - Visiting attribute path : constituent_vnf
13:23:06.352 [Test worker] DEBUG o.h.l.p.b.i.FetchStyleLoadPlanBuildingAssociationVisitationStrategy - Building LoadPlan...
13:23:06.352 [Test worker] DEBUG o.h.l.p.e.i.LoadQueryJoinAndFetchProcessor - processing queryspace <gen:0>
13:23:06.352 [Test worker] DEBUG o.h.l.p.b.spi.LoadPlanTreePrinter - LoadPlan(entity=org.project.neutrino.nfvo.catalogue.mano.common.ServiceDeploymentFlavour)
    - Returns
       - EntityReturnImpl(entity=org.project.neutrino.nfvo.catalogue.mano.common.ServiceDeploymentFlavour, querySpaceUid=<gen:0>, path=org.project.neutrino.nfvo.catalogue.mano.common.ServiceDeploymentFlavour)
    - QuerySpaces
       - EntityQuerySpaceImpl(uid=<gen:0>, entity=org.project.neutrino.nfvo.catalogue.mano.common.ServiceDeploymentFlavour)
          - SQL table alias mapping - servicedep0_
          - alias suffix - 0_
          - suffixed key columns - {id1_7_0_}

13:23:06.352 [Test worker] DEBUG o.h.loader.entity.plan.EntityLoader - Static select for entity org.project.neutrino.nfvo.catalogue.mano.common.ServiceDeploymentFlavour [UPGRADE]: select servicedep0_.id as id1_7_0_, servicedep0_.flavour_key as flavour_2_7_0_, servicedep0_.version as version3_7_0_ from service_deployment_flavour servicedep0_ where servicedep0_.id=? for update
13:23:06.352 [Test worker] DEBUG o.h.l.p.b.i.spaces.QuerySpacesImpl - Adding QuerySpace : uid = <gen:0> -> org.hibernate.loader.plan.build.internal.spaces.EntityQuerySpaceImpl@5db0ce7d]
13:23:06.352 [Test worker] DEBUG o.h.p.w.spi.MetamodelGraphWalker - Visiting attribute path : flavour_key
13:23:06.353 [Test worker] DEBUG o.h.p.w.spi.MetamodelGraphWalker - Visiting attribute path : version
13:23:06.353 [Test worker] DEBUG o.h.p.w.spi.MetamodelGraphWalker - Visiting attribute path : constituent_vnf
13:23:06.353 [Test worker] DEBUG o.h.l.p.b.i.FetchStyleLoadPlanBuildingAssociationVisitationStrategy - Building LoadPlan...
13:23:06.353 [Test worker] DEBUG o.h.l.p.e.i.LoadQueryJoinAndFetchProcessor - processing queryspace <gen:0>
13:23:06.353 [Test worker] DEBUG o.h.l.p.b.spi.LoadPlanTreePrinter - LoadPlan(entity=org.project.neutrino.nfvo.catalogue.mano.common.ServiceDeploymentFlavour)
    - Returns
       - EntityReturnImpl(entity=org.project.neutrino.nfvo.catalogue.mano.common.ServiceDeploymentFlavour, querySpaceUid=<gen:0>, path=org.project.neutrino.nfvo.catalogue.mano.common.ServiceDeploymentFlavour)
    - QuerySpaces
       - EntityQuerySpaceImpl(uid=<gen:0>, entity=org.project.neutrino.nfvo.catalogue.mano.common.ServiceDeploymentFlavour)
          - SQL table alias mapping - servicedep0_
          - alias suffix - 0_
          - suffixed key columns - {id1_7_0_}

13:23:06.353 [Test worker] DEBUG o.h.loader.entity.plan.EntityLoader - Static select for entity org.project.neutrino.nfvo.catalogue.mano.common.ServiceDeploymentFlavour [UPGRADE_NOWAIT]: select servicedep0_.id as id1_7_0_, servicedep0_.flavour_key as flavour_2_7_0_, servicedep0_.version as version3_7_0_ from service_deployment_flavour servicedep0_ where servicedep0_.id=? for update
13:23:06.353 [Test worker] DEBUG o.h.l.p.b.i.spaces.QuerySpacesImpl - Adding QuerySpace : uid = <gen:0> -> org.hibernate.loader.plan.build.internal.spaces.EntityQuerySpaceImpl@3b0b9e3a]
13:23:06.354 [Test worker] DEBUG o.h.p.w.spi.MetamodelGraphWalker - Visiting attribute path : flavour_key
13:23:06.354 [Test worker] DEBUG o.h.p.w.spi.MetamodelGraphWalker - Visiting attribute path : version
13:23:06.354 [Test worker] DEBUG o.h.p.w.spi.MetamodelGraphWalker - Visiting attribute path : constituent_vnf
13:23:06.354 [Test worker] DEBUG o.h.l.p.b.i.FetchStyleLoadPlanBuildingAssociationVisitationStrategy - Building LoadPlan...
13:23:06.354 [Test worker] DEBUG o.h.l.p.e.i.LoadQueryJoinAndFetchProcessor - processing queryspace <gen:0>
13:23:06.354 [Test worker] DEBUG o.h.l.p.b.spi.LoadPlanTreePrinter - LoadPlan(entity=org.project.neutrino.nfvo.catalogue.mano.common.ServiceDeploymentFlavour)
    - Returns
       - EntityReturnImpl(entity=org.project.neutrino.nfvo.catalogue.mano.common.ServiceDeploymentFlavour, querySpaceUid=<gen:0>, path=org.project.neutrino.nfvo.catalogue.mano.common.ServiceDeploymentFlavour)
    - QuerySpaces
       - EntityQuerySpaceImpl(uid=<gen:0>, entity=org.project.neutrino.nfvo.catalogue.mano.common.ServiceDeploymentFlavour)
          - SQL table alias mapping - servicedep0_
          - alias suffix - 0_
          - suffixed key columns - {id1_7_0_}

13:23:06.354 [Test worker] DEBUG o.h.loader.entity.plan.EntityLoader - Static select for entity org.project.neutrino.nfvo.catalogue.mano.common.ServiceDeploymentFlavour [UPGRADE_SKIPLOCKED]: select servicedep0_.id as id1_7_0_, servicedep0_.flavour_key as flavour_2_7_0_, servicedep0_.version as version3_7_0_ from service_deployment_flavour servicedep0_ where servicedep0_.id=? for update
13:23:06.355 [Test worker] DEBUG o.h.l.p.b.i.spaces.QuerySpacesImpl - Adding QuerySpace : uid = <gen:0> -> org.hibernate.loader.plan.build.internal.spaces.EntityQuerySpaceImpl@24095efe]
13:23:06.355 [Test worker] DEBUG o.h.p.w.spi.MetamodelGraphWalker - Visiting attribute path : flavour_key
13:23:06.355 [Test worker] DEBUG o.h.p.w.spi.MetamodelGraphWalker - Visiting attribute path : version
13:23:06.355 [Test worker] DEBUG o.h.p.w.spi.MetamodelGraphWalker - Visiting attribute path : constituent_vnf
13:23:06.355 [Test worker] DEBUG o.h.l.p.b.i.FetchStyleLoadPlanBuildingAssociationVisitationStrategy - Building LoadPlan...
13:23:06.355 [Test worker] DEBUG o.h.l.p.e.i.LoadQueryJoinAndFetchProcessor - processing queryspace <gen:0>
13:23:06.356 [Test worker] DEBUG o.h.l.p.b.spi.LoadPlanTreePrinter - LoadPlan(entity=org.project.neutrino.nfvo.catalogue.mano.common.ServiceDeploymentFlavour)
    - Returns
       - EntityReturnImpl(entity=org.project.neutrino.nfvo.catalogue.mano.common.ServiceDeploymentFlavour, querySpaceUid=<gen:0>, path=org.project.neutrino.nfvo.catalogue.mano.common.ServiceDeploymentFlavour)
    - QuerySpaces
       - EntityQuerySpaceImpl(uid=<gen:0>, entity=org.project.neutrino.nfvo.catalogue.mano.common.ServiceDeploymentFlavour)
          - SQL table alias mapping - servicedep0_
          - alias suffix - 0_
          - suffixed key columns - {id1_7_0_}

13:23:06.356 [Test worker] DEBUG o.h.loader.entity.plan.EntityLoader - Static select for entity org.project.neutrino.nfvo.catalogue.mano.common.ServiceDeploymentFlavour [FORCE]: select servicedep0_.id as id1_7_0_, servicedep0_.flavour_key as flavour_2_7_0_, servicedep0_.version as version3_7_0_ from service_deployment_flavour servicedep0_ where servicedep0_.id=? for update
13:23:06.356 [Test worker] DEBUG o.h.l.p.b.i.spaces.QuerySpacesImpl - Adding QuerySpace : uid = <gen:0> -> org.hibernate.loader.plan.build.internal.spaces.EntityQuerySpaceImpl@59697540]
13:23:06.356 [Test worker] DEBUG o.h.p.w.spi.MetamodelGraphWalker - Visiting attribute path : flavour_key
13:23:06.356 [Test worker] DEBUG o.h.p.w.spi.MetamodelGraphWalker - Visiting attribute path : version
13:23:06.356 [Test worker] DEBUG o.h.p.w.spi.MetamodelGraphWalker - Visiting attribute path : constituent_vnf
13:23:06.357 [Test worker] DEBUG o.h.l.p.b.i.FetchStyleLoadPlanBuildingAssociationVisitationStrategy - Building LoadPlan...
13:23:06.357 [Test worker] DEBUG o.h.l.p.e.i.LoadQueryJoinAndFetchProcessor - processing queryspace <gen:0>
13:23:06.357 [Test worker] DEBUG o.h.l.p.b.spi.LoadPlanTreePrinter - LoadPlan(entity=org.project.neutrino.nfvo.catalogue.mano.common.ServiceDeploymentFlavour)
    - Returns
       - EntityReturnImpl(entity=org.project.neutrino.nfvo.catalogue.mano.common.ServiceDeploymentFlavour, querySpaceUid=<gen:0>, path=org.project.neutrino.nfvo.catalogue.mano.common.ServiceDeploymentFlavour)
    - QuerySpaces
       - EntityQuerySpaceImpl(uid=<gen:0>, entity=org.project.neutrino.nfvo.catalogue.mano.common.ServiceDeploymentFlavour)
          - SQL table alias mapping - servicedep0_
          - alias suffix - 0_
          - suffixed key columns - {id1_7_0_}

13:23:06.357 [Test worker] DEBUG o.h.loader.entity.plan.EntityLoader - Static select for entity org.project.neutrino.nfvo.catalogue.mano.common.ServiceDeploymentFlavour [PESSIMISTIC_READ]: select servicedep0_.id as id1_7_0_, servicedep0_.flavour_key as flavour_2_7_0_, servicedep0_.version as version3_7_0_ from service_deployment_flavour servicedep0_ where servicedep0_.id=? lock in share mode
13:23:06.357 [Test worker] DEBUG o.h.l.p.b.i.spaces.QuerySpacesImpl - Adding QuerySpace : uid = <gen:0> -> org.hibernate.loader.plan.build.internal.spaces.EntityQuerySpaceImpl@201ab564]
13:23:06.358 [Test worker] DEBUG o.h.p.w.spi.MetamodelGraphWalker - Visiting attribute path : flavour_key
13:23:06.358 [Test worker] DEBUG o.h.p.w.spi.MetamodelGraphWalker - Visiting attribute path : version
13:23:06.358 [Test worker] DEBUG o.h.p.w.spi.MetamodelGraphWalker - Visiting attribute path : constituent_vnf
13:23:06.358 [Test worker] DEBUG o.h.l.p.b.i.FetchStyleLoadPlanBuildingAssociationVisitationStrategy - Building LoadPlan...
13:23:06.358 [Test worker] DEBUG o.h.l.p.e.i.LoadQueryJoinAndFetchProcessor - processing queryspace <gen:0>
13:23:06.359 [Test worker] DEBUG o.h.l.p.b.spi.LoadPlanTreePrinter - LoadPlan(entity=org.project.neutrino.nfvo.catalogue.mano.common.ServiceDeploymentFlavour)
    - Returns
       - EntityReturnImpl(entity=org.project.neutrino.nfvo.catalogue.mano.common.ServiceDeploymentFlavour, querySpaceUid=<gen:0>, path=org.project.neutrino.nfvo.catalogue.mano.common.ServiceDeploymentFlavour)
    - QuerySpaces
       - EntityQuerySpaceImpl(uid=<gen:0>, entity=org.project.neutrino.nfvo.catalogue.mano.common.ServiceDeploymentFlavour)
          - SQL table alias mapping - servicedep0_
          - alias suffix - 0_
          - suffixed key columns - {id1_7_0_}

13:23:06.359 [Test worker] DEBUG o.h.loader.entity.plan.EntityLoader - Static select for entity org.project.neutrino.nfvo.catalogue.mano.common.ServiceDeploymentFlavour [PESSIMISTIC_WRITE]: select servicedep0_.id as id1_7_0_, servicedep0_.flavour_key as flavour_2_7_0_, servicedep0_.version as version3_7_0_ from service_deployment_flavour servicedep0_ where servicedep0_.id=? for update
13:23:06.359 [Test worker] DEBUG o.h.l.p.b.i.spaces.QuerySpacesImpl - Adding QuerySpace : uid = <gen:0> -> org.hibernate.loader.plan.build.internal.spaces.EntityQuerySpaceImpl@2c0e7d40]
13:23:06.359 [Test worker] DEBUG o.h.p.w.spi.MetamodelGraphWalker - Visiting attribute path : flavour_key
13:23:06.359 [Test worker] DEBUG o.h.p.w.spi.MetamodelGraphWalker - Visiting attribute path : version
13:23:06.360 [Test worker] DEBUG o.h.p.w.spi.MetamodelGraphWalker - Visiting attribute path : constituent_vnf
13:23:06.360 [Test worker] DEBUG o.h.l.p.b.i.FetchStyleLoadPlanBuildingAssociationVisitationStrategy - Building LoadPlan...
13:23:06.361 [Test worker] DEBUG o.h.l.p.e.i.LoadQueryJoinAndFetchProcessor - processing queryspace <gen:0>
13:23:06.362 [Test worker] DEBUG o.h.l.p.b.spi.LoadPlanTreePrinter - LoadPlan(entity=org.project.neutrino.nfvo.catalogue.mano.common.ServiceDeploymentFlavour)
    - Returns
       - EntityReturnImpl(entity=org.project.neutrino.nfvo.catalogue.mano.common.ServiceDeploymentFlavour, querySpaceUid=<gen:0>, path=org.project.neutrino.nfvo.catalogue.mano.common.ServiceDeploymentFlavour)
    - QuerySpaces
       - EntityQuerySpaceImpl(uid=<gen:0>, entity=org.project.neutrino.nfvo.catalogue.mano.common.ServiceDeploymentFlavour)
          - SQL table alias mapping - servicedep0_
          - alias suffix - 0_
          - suffixed key columns - {id1_7_0_}

13:23:06.362 [Test worker] DEBUG o.h.loader.entity.plan.EntityLoader - Static select for entity org.project.neutrino.nfvo.catalogue.mano.common.ServiceDeploymentFlavour [PESSIMISTIC_FORCE_INCREMENT]: select servicedep0_.id as id1_7_0_, servicedep0_.flavour_key as flavour_2_7_0_, servicedep0_.version as version3_7_0_ from service_deployment_flavour servicedep0_ where servicedep0_.id=? for update
13:23:06.362 [Test worker] DEBUG o.h.l.p.b.i.spaces.QuerySpacesImpl - Adding QuerySpace : uid = <gen:0> -> org.hibernate.loader.plan.build.internal.spaces.EntityQuerySpaceImpl@7b4ff56a]
13:23:06.363 [Test worker] DEBUG o.h.p.w.spi.MetamodelGraphWalker - Visiting attribute path : flavour_key
13:23:06.363 [Test worker] DEBUG o.h.p.w.spi.MetamodelGraphWalker - Visiting attribute path : version
13:23:06.363 [Test worker] DEBUG o.h.p.w.spi.MetamodelGraphWalker - Visiting attribute path : constituent_vnf
13:23:06.364 [Test worker] DEBUG o.h.l.p.b.i.FetchStyleLoadPlanBuildingAssociationVisitationStrategy - Building LoadPlan...
13:23:06.364 [Test worker] DEBUG o.h.l.p.e.i.LoadQueryJoinAndFetchProcessor - processing queryspace <gen:0>
13:23:06.364 [Test worker] DEBUG o.h.l.p.b.spi.LoadPlanTreePrinter - LoadPlan(entity=org.project.neutrino.nfvo.catalogue.mano.common.ServiceDeploymentFlavour)
    - Returns
       - EntityReturnImpl(entity=org.project.neutrino.nfvo.catalogue.mano.common.ServiceDeploymentFlavour, querySpaceUid=<gen:0>, path=org.project.neutrino.nfvo.catalogue.mano.common.ServiceDeploymentFlavour)
    - QuerySpaces
       - EntityQuerySpaceImpl(uid=<gen:0>, entity=org.project.neutrino.nfvo.catalogue.mano.common.ServiceDeploymentFlavour)
          - SQL table alias mapping - servicedep0_
          - alias suffix - 0_
          - suffixed key columns - {id1_7_0_}

13:23:06.364 [Test worker] DEBUG o.h.loader.entity.plan.EntityLoader - Static select for entity org.project.neutrino.nfvo.catalogue.mano.common.ServiceDeploymentFlavour [OPTIMISTIC]: select servicedep0_.id as id1_7_0_, servicedep0_.flavour_key as flavour_2_7_0_, servicedep0_.version as version3_7_0_ from service_deployment_flavour servicedep0_ where servicedep0_.id=?
13:23:06.364 [Test worker] DEBUG o.h.l.p.b.i.spaces.QuerySpacesImpl - Adding QuerySpace : uid = <gen:0> -> org.hibernate.loader.plan.build.internal.spaces.EntityQuerySpaceImpl@ab46dee]
13:23:06.365 [Test worker] DEBUG o.h.p.w.spi.MetamodelGraphWalker - Visiting attribute path : flavour_key
13:23:06.365 [Test worker] DEBUG o.h.p.w.spi.MetamodelGraphWalker - Visiting attribute path : version
13:23:06.365 [Test worker] DEBUG o.h.p.w.spi.MetamodelGraphWalker - Visiting attribute path : constituent_vnf
13:23:06.365 [Test worker] DEBUG o.h.l.p.b.i.FetchStyleLoadPlanBuildingAssociationVisitationStrategy - Building LoadPlan...
13:23:06.365 [Test worker] DEBUG o.h.l.p.e.i.LoadQueryJoinAndFetchProcessor - processing queryspace <gen:0>
13:23:06.365 [Test worker] DEBUG o.h.l.p.b.spi.LoadPlanTreePrinter - LoadPlan(entity=org.project.neutrino.nfvo.catalogue.mano.common.ServiceDeploymentFlavour)
    - Returns
       - EntityReturnImpl(entity=org.project.neutrino.nfvo.catalogue.mano.common.ServiceDeploymentFlavour, querySpaceUid=<gen:0>, path=org.project.neutrino.nfvo.catalogue.mano.common.ServiceDeploymentFlavour)
    - QuerySpaces
       - EntityQuerySpaceImpl(uid=<gen:0>, entity=org.project.neutrino.nfvo.catalogue.mano.common.ServiceDeploymentFlavour)
          - SQL table alias mapping - servicedep0_
          - alias suffix - 0_
          - suffixed key columns - {id1_7_0_}

13:23:06.365 [Test worker] DEBUG o.h.loader.entity.plan.EntityLoader - Static select for entity org.project.neutrino.nfvo.catalogue.mano.common.ServiceDeploymentFlavour [OPTIMISTIC_FORCE_INCREMENT]: select servicedep0_.id as id1_7_0_, servicedep0_.flavour_key as flavour_2_7_0_, servicedep0_.version as version3_7_0_ from service_deployment_flavour servicedep0_ where servicedep0_.id=?
13:23:06.366 [Test worker] DEBUG org.hibernate.loader.Loader - Static select for action ACTION_MERGE on entity org.project.neutrino.nfvo.catalogue.mano.common.ServiceDeploymentFlavour: select servicedep0_.id as id1_7_1_, servicedep0_.flavour_key as flavour_2_7_1_, servicedep0_.version as version3_7_1_, constituen1_.service_deployment_flavour_id as service_1_7_3_, costituent2_.id as constitu2_45_3_, costituent2_.id as id1_6_0_, costituent2_.affinity as affinity2_6_0_, costituent2_.capability as capabili3_6_0_, costituent2_.number_of_instances as number_o4_6_0_, costituent2_.redundancy_model as redundan5_6_0_, costituent2_.version as version6_6_0_, costituent2_.vnf_flavour_id_reference as vnf_flav7_6_0_, costituent2_.vnf_reference as vnf_refe8_6_0_ from service_deployment_flavour servicedep0_ left outer join service_deployment_flavour_constituent_vnf constituen1_ on servicedep0_.id=constituen1_.service_deployment_flavour_id left outer join costituentvnf costituent2_ on constituen1_.constituent_vnf_id=costituent2_.id where servicedep0_.id=?
13:23:06.366 [Test worker] DEBUG org.hibernate.loader.Loader - Static select for action ACTION_REFRESH on entity org.project.neutrino.nfvo.catalogue.mano.common.ServiceDeploymentFlavour: select servicedep0_.id as id1_7_1_, servicedep0_.flavour_key as flavour_2_7_1_, servicedep0_.version as version3_7_1_, constituen1_.service_deployment_flavour_id as service_1_7_3_, costituent2_.id as constitu2_45_3_, costituent2_.id as id1_6_0_, costituent2_.affinity as affinity2_6_0_, costituent2_.capability as capabili3_6_0_, costituent2_.number_of_instances as number_o4_6_0_, costituent2_.redundancy_model as redundan5_6_0_, costituent2_.version as version6_6_0_, costituent2_.vnf_flavour_id_reference as vnf_flav7_6_0_, costituent2_.vnf_reference as vnf_refe8_6_0_ from service_deployment_flavour servicedep0_ left outer join service_deployment_flavour_constituent_vnf constituen1_ on servicedep0_.id=constituen1_.service_deployment_flavour_id left outer join costituentvnf costituent2_ on constituen1_.constituent_vnf_id=costituent2_.id where servicedep0_.id=?
13:23:06.366 [Test worker] DEBUG o.h.p.entity.AbstractEntityPersister - Static SQL for entity: org.project.neutrino.nfvo.catalogue.mano.descriptor.Policy
13:23:06.367 [Test worker] DEBUG o.h.p.entity.AbstractEntityPersister -  Version select: select version from policy where id =?
13:23:06.367 [Test worker] DEBUG o.h.p.entity.AbstractEntityPersister -  Snapshot select: select policy_.id, policy_.version as version2_42_ from policy policy_ where policy_.id=?
13:23:06.367 [Test worker] DEBUG o.h.p.entity.AbstractEntityPersister -  Insert 0: insert into policy (version, id) values (?, ?)
13:23:06.367 [Test worker] DEBUG o.h.p.entity.AbstractEntityPersister -  Update 0: update policy set version=? where id=? and version=?
13:23:06.367 [Test worker] DEBUG o.h.p.entity.AbstractEntityPersister -  Delete 0: delete from policy where id=? and version=?
13:23:06.367 [Test worker] DEBUG o.h.l.p.b.i.spaces.QuerySpacesImpl - Adding QuerySpace : uid = <gen:0> -> org.hibernate.loader.plan.build.internal.spaces.EntityQuerySpaceImpl@3b1fe161]
13:23:06.367 [Test worker] DEBUG o.h.p.w.spi.MetamodelGraphWalker - Visiting attribute path : version
13:23:06.367 [Test worker] DEBUG o.h.l.p.b.i.FetchStyleLoadPlanBuildingAssociationVisitationStrategy - Building LoadPlan...
13:23:06.367 [Test worker] DEBUG o.h.l.p.e.i.LoadQueryJoinAndFetchProcessor - processing queryspace <gen:0>
13:23:06.367 [Test worker] DEBUG o.h.l.p.b.spi.LoadPlanTreePrinter - LoadPlan(entity=org.project.neutrino.nfvo.catalogue.mano.descriptor.Policy)
    - Returns
       - EntityReturnImpl(entity=org.project.neutrino.nfvo.catalogue.mano.descriptor.Policy, querySpaceUid=<gen:0>, path=org.project.neutrino.nfvo.catalogue.mano.descriptor.Policy)
    - QuerySpaces
       - EntityQuerySpaceImpl(uid=<gen:0>, entity=org.project.neutrino.nfvo.catalogue.mano.descriptor.Policy)
          - SQL table alias mapping - policy0_
          - alias suffix - 0_
          - suffixed key columns - {id1_42_0_}

13:23:06.367 [Test worker] DEBUG o.h.loader.entity.plan.EntityLoader - Static select for entity org.project.neutrino.nfvo.catalogue.mano.descriptor.Policy [NONE]: select policy0_.id as id1_42_0_, policy0_.version as version2_42_0_ from policy policy0_ where policy0_.id=?
13:23:06.367 [Test worker] DEBUG o.h.l.p.b.i.spaces.QuerySpacesImpl - Adding QuerySpace : uid = <gen:0> -> org.hibernate.loader.plan.build.internal.spaces.EntityQuerySpaceImpl@60f01703]
13:23:06.367 [Test worker] DEBUG o.h.p.w.spi.MetamodelGraphWalker - Visiting attribute path : version
13:23:06.368 [Test worker] DEBUG o.h.l.p.b.i.FetchStyleLoadPlanBuildingAssociationVisitationStrategy - Building LoadPlan...
13:23:06.368 [Test worker] DEBUG o.h.l.p.e.i.LoadQueryJoinAndFetchProcessor - processing queryspace <gen:0>
13:23:06.368 [Test worker] DEBUG o.h.l.p.b.spi.LoadPlanTreePrinter - LoadPlan(entity=org.project.neutrino.nfvo.catalogue.mano.descriptor.Policy)
    - Returns
       - EntityReturnImpl(entity=org.project.neutrino.nfvo.catalogue.mano.descriptor.Policy, querySpaceUid=<gen:0>, path=org.project.neutrino.nfvo.catalogue.mano.descriptor.Policy)
    - QuerySpaces
       - EntityQuerySpaceImpl(uid=<gen:0>, entity=org.project.neutrino.nfvo.catalogue.mano.descriptor.Policy)
          - SQL table alias mapping - policy0_
          - alias suffix - 0_
          - suffixed key columns - {id1_42_0_}

13:23:06.368 [Test worker] DEBUG o.h.loader.entity.plan.EntityLoader - Static select for entity org.project.neutrino.nfvo.catalogue.mano.descriptor.Policy [READ]: select policy0_.id as id1_42_0_, policy0_.version as version2_42_0_ from policy policy0_ where policy0_.id=?
13:23:06.369 [Test worker] DEBUG o.h.l.p.b.i.spaces.QuerySpacesImpl - Adding QuerySpace : uid = <gen:0> -> org.hibernate.loader.plan.build.internal.spaces.EntityQuerySpaceImpl@207e98bd]
13:23:06.369 [Test worker] DEBUG o.h.p.w.spi.MetamodelGraphWalker - Visiting attribute path : version
13:23:06.369 [Test worker] DEBUG o.h.l.p.b.i.FetchStyleLoadPlanBuildingAssociationVisitationStrategy - Building LoadPlan...
13:23:06.369 [Test worker] DEBUG o.h.l.p.e.i.LoadQueryJoinAndFetchProcessor - processing queryspace <gen:0>
13:23:06.369 [Test worker] DEBUG o.h.l.p.b.spi.LoadPlanTreePrinter - LoadPlan(entity=org.project.neutrino.nfvo.catalogue.mano.descriptor.Policy)
    - Returns
       - EntityReturnImpl(entity=org.project.neutrino.nfvo.catalogue.mano.descriptor.Policy, querySpaceUid=<gen:0>, path=org.project.neutrino.nfvo.catalogue.mano.descriptor.Policy)
    - QuerySpaces
       - EntityQuerySpaceImpl(uid=<gen:0>, entity=org.project.neutrino.nfvo.catalogue.mano.descriptor.Policy)
          - SQL table alias mapping - policy0_
          - alias suffix - 0_
          - suffixed key columns - {id1_42_0_}

13:23:06.369 [Test worker] DEBUG o.h.loader.entity.plan.EntityLoader - Static select for entity org.project.neutrino.nfvo.catalogue.mano.descriptor.Policy [UPGRADE]: select policy0_.id as id1_42_0_, policy0_.version as version2_42_0_ from policy policy0_ where policy0_.id=? for update
13:23:06.369 [Test worker] DEBUG o.h.l.p.b.i.spaces.QuerySpacesImpl - Adding QuerySpace : uid = <gen:0> -> org.hibernate.loader.plan.build.internal.spaces.EntityQuerySpaceImpl@480cd1a2]
13:23:06.370 [Test worker] DEBUG o.h.p.w.spi.MetamodelGraphWalker - Visiting attribute path : version
13:23:06.370 [Test worker] DEBUG o.h.l.p.b.i.FetchStyleLoadPlanBuildingAssociationVisitationStrategy - Building LoadPlan...
13:23:06.371 [Test worker] DEBUG o.h.l.p.e.i.LoadQueryJoinAndFetchProcessor - processing queryspace <gen:0>
13:23:06.372 [Test worker] DEBUG o.h.l.p.b.spi.LoadPlanTreePrinter - LoadPlan(entity=org.project.neutrino.nfvo.catalogue.mano.descriptor.Policy)
    - Returns
       - EntityReturnImpl(entity=org.project.neutrino.nfvo.catalogue.mano.descriptor.Policy, querySpaceUid=<gen:0>, path=org.project.neutrino.nfvo.catalogue.mano.descriptor.Policy)
    - QuerySpaces
       - EntityQuerySpaceImpl(uid=<gen:0>, entity=org.project.neutrino.nfvo.catalogue.mano.descriptor.Policy)
          - SQL table alias mapping - policy0_
          - alias suffix - 0_
          - suffixed key columns - {id1_42_0_}

13:23:06.372 [Test worker] DEBUG o.h.loader.entity.plan.EntityLoader - Static select for entity org.project.neutrino.nfvo.catalogue.mano.descriptor.Policy [UPGRADE_NOWAIT]: select policy0_.id as id1_42_0_, policy0_.version as version2_42_0_ from policy policy0_ where policy0_.id=? for update
13:23:06.372 [Test worker] DEBUG o.h.l.p.b.i.spaces.QuerySpacesImpl - Adding QuerySpace : uid = <gen:0> -> org.hibernate.loader.plan.build.internal.spaces.EntityQuerySpaceImpl@22763e52]
13:23:06.372 [Test worker] DEBUG o.h.p.w.spi.MetamodelGraphWalker - Visiting attribute path : version
13:23:06.373 [Test worker] DEBUG o.h.l.p.b.i.FetchStyleLoadPlanBuildingAssociationVisitationStrategy - Building LoadPlan...
13:23:06.373 [Test worker] DEBUG o.h.l.p.e.i.LoadQueryJoinAndFetchProcessor - processing queryspace <gen:0>
13:23:06.373 [Test worker] DEBUG o.h.l.p.b.spi.LoadPlanTreePrinter - LoadPlan(entity=org.project.neutrino.nfvo.catalogue.mano.descriptor.Policy)
    - Returns
       - EntityReturnImpl(entity=org.project.neutrino.nfvo.catalogue.mano.descriptor.Policy, querySpaceUid=<gen:0>, path=org.project.neutrino.nfvo.catalogue.mano.descriptor.Policy)
    - QuerySpaces
       - EntityQuerySpaceImpl(uid=<gen:0>, entity=org.project.neutrino.nfvo.catalogue.mano.descriptor.Policy)
          - SQL table alias mapping - policy0_
          - alias suffix - 0_
          - suffixed key columns - {id1_42_0_}

13:23:06.373 [Test worker] DEBUG o.h.loader.entity.plan.EntityLoader - Static select for entity org.project.neutrino.nfvo.catalogue.mano.descriptor.Policy [UPGRADE_SKIPLOCKED]: select policy0_.id as id1_42_0_, policy0_.version as version2_42_0_ from policy policy0_ where policy0_.id=? for update
13:23:06.374 [Test worker] DEBUG o.h.l.p.b.i.spaces.QuerySpacesImpl - Adding QuerySpace : uid = <gen:0> -> org.hibernate.loader.plan.build.internal.spaces.EntityQuerySpaceImpl@7883b48a]
13:23:06.374 [Test worker] DEBUG o.h.p.w.spi.MetamodelGraphWalker - Visiting attribute path : version
13:23:06.374 [Test worker] DEBUG o.h.l.p.b.i.FetchStyleLoadPlanBuildingAssociationVisitationStrategy - Building LoadPlan...
13:23:06.374 [Test worker] DEBUG o.h.l.p.e.i.LoadQueryJoinAndFetchProcessor - processing queryspace <gen:0>
13:23:06.374 [Test worker] DEBUG o.h.l.p.b.spi.LoadPlanTreePrinter - LoadPlan(entity=org.project.neutrino.nfvo.catalogue.mano.descriptor.Policy)
    - Returns
       - EntityReturnImpl(entity=org.project.neutrino.nfvo.catalogue.mano.descriptor.Policy, querySpaceUid=<gen:0>, path=org.project.neutrino.nfvo.catalogue.mano.descriptor.Policy)
    - QuerySpaces
       - EntityQuerySpaceImpl(uid=<gen:0>, entity=org.project.neutrino.nfvo.catalogue.mano.descriptor.Policy)
          - SQL table alias mapping - policy0_
          - alias suffix - 0_
          - suffixed key columns - {id1_42_0_}

13:23:06.374 [Test worker] DEBUG o.h.loader.entity.plan.EntityLoader - Static select for entity org.project.neutrino.nfvo.catalogue.mano.descriptor.Policy [FORCE]: select policy0_.id as id1_42_0_, policy0_.version as version2_42_0_ from policy policy0_ where policy0_.id=? for update
13:23:06.375 [Test worker] DEBUG o.h.l.p.b.i.spaces.QuerySpacesImpl - Adding QuerySpace : uid = <gen:0> -> org.hibernate.loader.plan.build.internal.spaces.EntityQuerySpaceImpl@661a642b]
13:23:06.375 [Test worker] DEBUG o.h.p.w.spi.MetamodelGraphWalker - Visiting attribute path : version
13:23:06.375 [Test worker] DEBUG o.h.l.p.b.i.FetchStyleLoadPlanBuildingAssociationVisitationStrategy - Building LoadPlan...
13:23:06.375 [Test worker] DEBUG o.h.l.p.e.i.LoadQueryJoinAndFetchProcessor - processing queryspace <gen:0>
13:23:06.375 [Test worker] DEBUG o.h.l.p.b.spi.LoadPlanTreePrinter - LoadPlan(entity=org.project.neutrino.nfvo.catalogue.mano.descriptor.Policy)
    - Returns
       - EntityReturnImpl(entity=org.project.neutrino.nfvo.catalogue.mano.descriptor.Policy, querySpaceUid=<gen:0>, path=org.project.neutrino.nfvo.catalogue.mano.descriptor.Policy)
    - QuerySpaces
       - EntityQuerySpaceImpl(uid=<gen:0>, entity=org.project.neutrino.nfvo.catalogue.mano.descriptor.Policy)
          - SQL table alias mapping - policy0_
          - alias suffix - 0_
          - suffixed key columns - {id1_42_0_}

13:23:06.375 [Test worker] DEBUG o.h.loader.entity.plan.EntityLoader - Static select for entity org.project.neutrino.nfvo.catalogue.mano.descriptor.Policy [PESSIMISTIC_READ]: select policy0_.id as id1_42_0_, policy0_.version as version2_42_0_ from policy policy0_ where policy0_.id=? lock in share mode
13:23:06.376 [Test worker] DEBUG o.h.l.p.b.i.spaces.QuerySpacesImpl - Adding QuerySpace : uid = <gen:0> -> org.hibernate.loader.plan.build.internal.spaces.EntityQuerySpaceImpl@12ea3a24]
13:23:06.376 [Test worker] DEBUG o.h.p.w.spi.MetamodelGraphWalker - Visiting attribute path : version
13:23:06.376 [Test worker] DEBUG o.h.l.p.b.i.FetchStyleLoadPlanBuildingAssociationVisitationStrategy - Building LoadPlan...
13:23:06.376 [Test worker] DEBUG o.h.l.p.e.i.LoadQueryJoinAndFetchProcessor - processing queryspace <gen:0>
13:23:06.376 [Test worker] DEBUG o.h.l.p.b.spi.LoadPlanTreePrinter - LoadPlan(entity=org.project.neutrino.nfvo.catalogue.mano.descriptor.Policy)
    - Returns
       - EntityReturnImpl(entity=org.project.neutrino.nfvo.catalogue.mano.descriptor.Policy, querySpaceUid=<gen:0>, path=org.project.neutrino.nfvo.catalogue.mano.descriptor.Policy)
    - QuerySpaces
       - EntityQuerySpaceImpl(uid=<gen:0>, entity=org.project.neutrino.nfvo.catalogue.mano.descriptor.Policy)
          - SQL table alias mapping - policy0_
          - alias suffix - 0_
          - suffixed key columns - {id1_42_0_}

13:23:06.376 [Test worker] DEBUG o.h.loader.entity.plan.EntityLoader - Static select for entity org.project.neutrino.nfvo.catalogue.mano.descriptor.Policy [PESSIMISTIC_WRITE]: select policy0_.id as id1_42_0_, policy0_.version as version2_42_0_ from policy policy0_ where policy0_.id=? for update
13:23:06.377 [Test worker] DEBUG o.h.l.p.b.i.spaces.QuerySpacesImpl - Adding QuerySpace : uid = <gen:0> -> org.hibernate.loader.plan.build.internal.spaces.EntityQuerySpaceImpl@3c41d377]
13:23:06.377 [Test worker] DEBUG o.h.p.w.spi.MetamodelGraphWalker - Visiting attribute path : version
13:23:06.377 [Test worker] DEBUG o.h.l.p.b.i.FetchStyleLoadPlanBuildingAssociationVisitationStrategy - Building LoadPlan...
13:23:06.377 [Test worker] DEBUG o.h.l.p.e.i.LoadQueryJoinAndFetchProcessor - processing queryspace <gen:0>
13:23:06.377 [Test worker] DEBUG o.h.l.p.b.spi.LoadPlanTreePrinter - LoadPlan(entity=org.project.neutrino.nfvo.catalogue.mano.descriptor.Policy)
    - Returns
       - EntityReturnImpl(entity=org.project.neutrino.nfvo.catalogue.mano.descriptor.Policy, querySpaceUid=<gen:0>, path=org.project.neutrino.nfvo.catalogue.mano.descriptor.Policy)
    - QuerySpaces
       - EntityQuerySpaceImpl(uid=<gen:0>, entity=org.project.neutrino.nfvo.catalogue.mano.descriptor.Policy)
          - SQL table alias mapping - policy0_
          - alias suffix - 0_
          - suffixed key columns - {id1_42_0_}

13:23:06.377 [Test worker] DEBUG o.h.loader.entity.plan.EntityLoader - Static select for entity org.project.neutrino.nfvo.catalogue.mano.descriptor.Policy [PESSIMISTIC_FORCE_INCREMENT]: select policy0_.id as id1_42_0_, policy0_.version as version2_42_0_ from policy policy0_ where policy0_.id=? for update
13:23:06.377 [Test worker] DEBUG o.h.l.p.b.i.spaces.QuerySpacesImpl - Adding QuerySpace : uid = <gen:0> -> org.hibernate.loader.plan.build.internal.spaces.EntityQuerySpaceImpl@61481d42]
13:23:06.378 [Test worker] DEBUG o.h.p.w.spi.MetamodelGraphWalker - Visiting attribute path : version
13:23:06.378 [Test worker] DEBUG o.h.l.p.b.i.FetchStyleLoadPlanBuildingAssociationVisitationStrategy - Building LoadPlan...
13:23:06.378 [Test worker] DEBUG o.h.l.p.e.i.LoadQueryJoinAndFetchProcessor - processing queryspace <gen:0>
13:23:06.378 [Test worker] DEBUG o.h.l.p.b.spi.LoadPlanTreePrinter - LoadPlan(entity=org.project.neutrino.nfvo.catalogue.mano.descriptor.Policy)
    - Returns
       - EntityReturnImpl(entity=org.project.neutrino.nfvo.catalogue.mano.descriptor.Policy, querySpaceUid=<gen:0>, path=org.project.neutrino.nfvo.catalogue.mano.descriptor.Policy)
    - QuerySpaces
       - EntityQuerySpaceImpl(uid=<gen:0>, entity=org.project.neutrino.nfvo.catalogue.mano.descriptor.Policy)
          - SQL table alias mapping - policy0_
          - alias suffix - 0_
          - suffixed key columns - {id1_42_0_}

13:23:06.378 [Test worker] DEBUG o.h.loader.entity.plan.EntityLoader - Static select for entity org.project.neutrino.nfvo.catalogue.mano.descriptor.Policy [OPTIMISTIC]: select policy0_.id as id1_42_0_, policy0_.version as version2_42_0_ from policy policy0_ where policy0_.id=?
13:23:06.378 [Test worker] DEBUG o.h.l.p.b.i.spaces.QuerySpacesImpl - Adding QuerySpace : uid = <gen:0> -> org.hibernate.loader.plan.build.internal.spaces.EntityQuerySpaceImpl@d7c5427]
13:23:06.379 [Test worker] DEBUG o.h.p.w.spi.MetamodelGraphWalker - Visiting attribute path : version
13:23:06.379 [Test worker] DEBUG o.h.l.p.b.i.FetchStyleLoadPlanBuildingAssociationVisitationStrategy - Building LoadPlan...
13:23:06.379 [Test worker] DEBUG o.h.l.p.e.i.LoadQueryJoinAndFetchProcessor - processing queryspace <gen:0>
13:23:06.379 [Test worker] DEBUG o.h.l.p.b.spi.LoadPlanTreePrinter - LoadPlan(entity=org.project.neutrino.nfvo.catalogue.mano.descriptor.Policy)
    - Returns
       - EntityReturnImpl(entity=org.project.neutrino.nfvo.catalogue.mano.descriptor.Policy, querySpaceUid=<gen:0>, path=org.project.neutrino.nfvo.catalogue.mano.descriptor.Policy)
    - QuerySpaces
       - EntityQuerySpaceImpl(uid=<gen:0>, entity=org.project.neutrino.nfvo.catalogue.mano.descriptor.Policy)
          - SQL table alias mapping - policy0_
          - alias suffix - 0_
          - suffixed key columns - {id1_42_0_}

13:23:06.379 [Test worker] DEBUG o.h.loader.entity.plan.EntityLoader - Static select for entity org.project.neutrino.nfvo.catalogue.mano.descriptor.Policy [OPTIMISTIC_FORCE_INCREMENT]: select policy0_.id as id1_42_0_, policy0_.version as version2_42_0_ from policy policy0_ where policy0_.id=?
13:23:06.379 [Test worker] DEBUG org.hibernate.loader.Loader - Static select for action ACTION_MERGE on entity org.project.neutrino.nfvo.catalogue.mano.descriptor.Policy: select policy0_.id as id1_42_0_, policy0_.version as version2_42_0_ from policy policy0_ where policy0_.id=?
13:23:06.380 [Test worker] DEBUG org.hibernate.loader.Loader - Static select for action ACTION_REFRESH on entity org.project.neutrino.nfvo.catalogue.mano.descriptor.Policy: select policy0_.id as id1_42_0_, policy0_.version as version2_42_0_ from policy policy0_ where policy0_.id=?
13:23:06.380 [Test worker] DEBUG o.h.p.entity.AbstractEntityPersister - Static SQL for entity: org.project.neutrino.nfvo.catalogue.mano.descriptor.NetworkServiceDescriptor
13:23:06.380 [Test worker] DEBUG o.h.p.entity.AbstractEntityPersister -  Version select: select hb_version from network_service_descriptor where id =?
13:23:06.380 [Test worker] DEBUG o.h.p.entity.AbstractEntityPersister -  Snapshot select: select networkser_.id, networkser_.hb_version as hb_versi2_27_, networkser_.vendor as vendor3_27_, networkser_.version as version4_27_, networkser_.nsd_security_id as nsd_secu1_14_ from network_service_descriptor networkser_ where networkser_.id=?
13:23:06.380 [Test worker] DEBUG o.h.p.entity.AbstractEntityPersister -  Insert 0: insert into network_service_descriptor (hb_version, vendor, version, nsd_security_id, id) values (?, ?, ?, ?, ?)
13:23:06.380 [Test worker] DEBUG o.h.p.entity.AbstractEntityPersister -  Update 0: update network_service_descriptor set hb_version=?, vendor=?, version=?, nsd_security_id=? where id=? and hb_version=?
13:23:06.380 [Test worker] DEBUG o.h.p.entity.AbstractEntityPersister -  Delete 0: delete from network_service_descriptor where id=? and hb_version=?
13:23:06.380 [Test worker] DEBUG o.h.l.p.b.i.spaces.QuerySpacesImpl - Adding QuerySpace : uid = <gen:0> -> org.hibernate.loader.plan.build.internal.spaces.EntityQuerySpaceImpl@277c2b4e]
13:23:06.380 [Test worker] DEBUG o.h.p.w.spi.MetamodelGraphWalker - Visiting attribute path : auto_scale_policy
13:23:06.381 [Test worker] DEBUG o.h.p.w.spi.MetamodelGraphWalker - Visiting attribute path : connection_point
13:23:06.381 [Test worker] DEBUG o.h.p.w.spi.MetamodelGraphWalker - Visiting attribute path : hb_version
13:23:06.381 [Test worker] DEBUG o.h.p.w.spi.MetamodelGraphWalker - Visiting attribute path : lifecycle_event
13:23:06.381 [Test worker] DEBUG o.h.p.w.spi.MetamodelGraphWalker - Visiting attribute path : monitoring_parameter
13:23:06.381 [Test worker] DEBUG o.h.l.p.b.i.spaces.QuerySpacesImpl - Adding QuerySpace : uid = <gen:1> -> org.hibernate.loader.plan.build.internal.spaces.CollectionQuerySpaceImpl@661a0b9e]
13:23:06.381 [Test worker] DEBUG o.h.p.w.spi.MetamodelGraphWalker - Visiting attribute path : service_deployment_flavour
13:23:06.381 [Test worker] DEBUG o.h.p.w.spi.MetamodelGraphWalker - Visiting attribute path : vendor
13:23:06.381 [Test worker] DEBUG o.h.p.w.spi.MetamodelGraphWalker - Visiting attribute path : version
13:23:06.381 [Test worker] DEBUG o.h.p.w.spi.MetamodelGraphWalker - Visiting attribute path : vld
13:23:06.381 [Test worker] DEBUG o.h.p.w.spi.MetamodelGraphWalker - Visiting attribute path : vnffgd
13:23:06.381 [Test worker] DEBUG o.h.p.w.spi.MetamodelGraphWalker - Visiting attribute path : nsd_security
13:23:06.382 [Test worker] DEBUG o.h.l.p.b.i.spaces.QuerySpacesImpl - Adding QuerySpace : uid = <gen:2> -> org.hibernate.loader.plan.build.internal.spaces.EntityQuerySpaceImpl@28a8dfc1]
13:23:06.382 [Test worker] DEBUG o.h.p.w.spi.MetamodelGraphWalker - Visiting attribute path : nsd_security.version
13:23:06.382 [Test worker] DEBUG o.h.p.w.spi.MetamodelGraphWalker - Visiting attribute path : pnfd
13:23:06.382 [Test worker] DEBUG o.h.p.w.spi.MetamodelGraphWalker - Visiting attribute path : vnf_dependency
13:23:06.382 [Test worker] DEBUG o.h.l.p.b.i.spaces.QuerySpacesImpl - Adding QuerySpace : uid = <gen:3> -> org.hibernate.loader.plan.build.internal.spaces.CollectionQuerySpaceImpl@2a5b87b8]
13:23:06.382 [Test worker] DEBUG o.h.l.p.b.i.spaces.QuerySpacesImpl - Adding QuerySpace : uid = <gen:4> -> org.hibernate.loader.plan.build.internal.spaces.EntityQuerySpaceImpl@5f2b56c1]
13:23:06.382 [Test worker] DEBUG o.h.p.w.spi.MetamodelGraphWalker - Visiting attribute path : vnf_dependency.source
13:23:06.382 [Test worker] DEBUG o.h.l.p.b.i.spaces.QuerySpacesImpl - Adding QuerySpace : uid = <gen:5> -> org.hibernate.loader.plan.build.internal.spaces.EntityQuerySpaceImpl@75e64723]
13:23:06.382 [Test worker] DEBUG o.h.p.w.spi.MetamodelGraphWalker - Visiting attribute path : vnf_dependency.source.auto_scale_policy
13:23:06.383 [Test worker] DEBUG o.h.p.w.spi.MetamodelGraphWalker - Visiting attribute path : vnf_dependency.source.connection_point
13:23:06.383 [Test worker] DEBUG o.h.p.w.spi.MetamodelGraphWalker - Visiting attribute path : vnf_dependency.source.hb_version
13:23:06.383 [Test worker] DEBUG o.h.p.w.spi.MetamodelGraphWalker - Visiting attribute path : vnf_dependency.source.lifecycle_event
13:23:06.383 [Test worker] DEBUG o.h.p.w.spi.MetamodelGraphWalker - Visiting attribute path : vnf_dependency.source.monitoring_parameter
13:23:06.383 [Test worker] DEBUG o.h.p.w.spi.MetamodelGraphWalker - Property path deemed to be circular : vnf_dependency.source.monitoring_parameter
13:23:06.383 [Test worker] DEBUG o.h.p.w.spi.MetamodelGraphWalker - Visiting attribute path : vnf_dependency.source.service_deployment_flavour
13:23:06.383 [Test worker] DEBUG o.h.p.w.spi.MetamodelGraphWalker - Visiting attribute path : vnf_dependency.source.vendor
13:23:06.383 [Test worker] DEBUG o.h.p.w.spi.MetamodelGraphWalker - Visiting attribute path : vnf_dependency.source.version
13:23:06.383 [Test worker] DEBUG o.h.p.w.spi.MetamodelGraphWalker - Visiting attribute path : vnf_dependency.source.vld
13:23:06.383 [Test worker] DEBUG o.h.p.w.spi.MetamodelGraphWalker - Visiting attribute path : vnf_dependency.source.vnffgd
13:23:06.383 [Test worker] DEBUG o.h.p.w.spi.MetamodelGraphWalker - Visiting attribute path : vnf_dependency.source.deployment_flavour
13:23:06.383 [Test worker] DEBUG o.h.l.p.b.i.spaces.QuerySpacesImpl - Adding QuerySpace : uid = <gen:6> -> org.hibernate.loader.plan.build.internal.spaces.CollectionQuerySpaceImpl@60ab0220]
13:23:06.383 [Test worker] DEBUG o.h.l.p.b.i.spaces.QuerySpacesImpl - Adding QuerySpace : uid = <gen:7> -> org.hibernate.loader.plan.build.internal.spaces.EntityQuerySpaceImpl@7b18b474]
13:23:06.383 [Test worker] DEBUG o.h.p.w.spi.MetamodelGraphWalker - Visiting attribute path : vnf_dependency.source.descriptor_version
13:23:06.383 [Test worker] DEBUG o.h.p.w.spi.MetamodelGraphWalker - Visiting attribute path : vnf_dependency.source.manifest_file
13:23:06.383 [Test worker] DEBUG o.h.p.w.spi.MetamodelGraphWalker - Visiting attribute path : vnf_dependency.source.manifest_file_security
13:23:06.383 [Test worker] DEBUG o.h.p.w.spi.MetamodelGraphWalker - Visiting attribute path : vnf_dependency.source.vdu
13:23:06.383 [Test worker] DEBUG o.h.p.w.spi.MetamodelGraphWalker - Visiting attribute path : vnf_dependency.source.vdu_dependency
13:23:06.383 [Test worker] DEBUG o.h.p.w.spi.MetamodelGraphWalker - Visiting attribute path : vnf_dependency.source.virtual_link
13:23:06.383 [Test worker] DEBUG o.h.p.w.spi.MetamodelGraphWalker - Visiting attribute path : vnf_dependency.target
13:23:06.384 [Test worker] DEBUG o.h.l.p.b.i.spaces.QuerySpacesImpl - Adding QuerySpace : uid = <gen:8> -> org.hibernate.loader.plan.build.internal.spaces.EntityQuerySpaceImpl@12ef6acf]
13:23:06.384 [Test worker] DEBUG o.h.p.w.spi.MetamodelGraphWalker - Visiting attribute path : vnf_dependency.target.auto_scale_policy
13:23:06.384 [Test worker] DEBUG o.h.p.w.spi.MetamodelGraphWalker - Visiting attribute path : vnf_dependency.target.connection_point
13:23:06.384 [Test worker] DEBUG o.h.p.w.spi.MetamodelGraphWalker - Visiting attribute path : vnf_dependency.target.hb_version
13:23:06.384 [Test worker] DEBUG o.h.p.w.spi.MetamodelGraphWalker - Visiting attribute path : vnf_dependency.target.lifecycle_event
13:23:06.384 [Test worker] DEBUG o.h.p.w.spi.MetamodelGraphWalker - Visiting attribute path : vnf_dependency.target.monitoring_parameter
13:23:06.385 [Test worker] DEBUG o.h.p.w.spi.MetamodelGraphWalker - Property path deemed to be circular : vnf_dependency.target.monitoring_parameter
13:23:06.385 [Test worker] DEBUG o.h.p.w.spi.MetamodelGraphWalker - Visiting attribute path : vnf_dependency.target.service_deployment_flavour
13:23:06.385 [Test worker] DEBUG o.h.p.w.spi.MetamodelGraphWalker - Visiting attribute path : vnf_dependency.target.vendor
13:23:06.385 [Test worker] DEBUG o.h.p.w.spi.MetamodelGraphWalker - Visiting attribute path : vnf_dependency.target.version
13:23:06.385 [Test worker] DEBUG o.h.p.w.spi.MetamodelGraphWalker - Visiting attribute path : vnf_dependency.target.vld
13:23:06.385 [Test worker] DEBUG o.h.p.w.spi.MetamodelGraphWalker - Visiting attribute path : vnf_dependency.target.vnffgd
13:23:06.385 [Test worker] DEBUG o.h.p.w.spi.MetamodelGraphWalker - Visiting attribute path : vnf_dependency.target.deployment_flavour
13:23:06.385 [Test worker] DEBUG o.h.l.p.b.i.spaces.QuerySpacesImpl - Adding QuerySpace : uid = <gen:9> -> org.hibernate.loader.plan.build.internal.spaces.CollectionQuerySpaceImpl@4d1e1137]
13:23:06.385 [Test worker] DEBUG o.h.l.p.b.i.spaces.QuerySpacesImpl - Adding QuerySpace : uid = <gen:10> -> org.hibernate.loader.plan.build.internal.spaces.EntityQuerySpaceImpl@70fc596e]
13:23:06.385 [Test worker] DEBUG o.h.p.w.spi.MetamodelGraphWalker - Visiting attribute path : vnf_dependency.target.descriptor_version
13:23:06.385 [Test worker] DEBUG o.h.p.w.spi.MetamodelGraphWalker - Visiting attribute path : vnf_dependency.target.manifest_file
13:23:06.385 [Test worker] DEBUG o.h.p.w.spi.MetamodelGraphWalker - Visiting attribute path : vnf_dependency.target.manifest_file_security
13:23:06.385 [Test worker] DEBUG o.h.p.w.spi.MetamodelGraphWalker - Visiting attribute path : vnf_dependency.target.vdu
13:23:06.385 [Test worker] DEBUG o.h.p.w.spi.MetamodelGraphWalker - Visiting attribute path : vnf_dependency.target.vdu_dependency
13:23:06.386 [Test worker] DEBUG o.h.p.w.spi.MetamodelGraphWalker - Visiting attribute path : vnf_dependency.target.virtual_link
13:23:06.386 [Test worker] DEBUG o.h.p.w.spi.MetamodelGraphWalker - Visiting attribute path : vnf_dependency.version
13:23:06.386 [Test worker] DEBUG o.h.p.w.spi.MetamodelGraphWalker - Visiting attribute path : vnfd
13:23:06.386 [Test worker] DEBUG o.h.l.p.b.i.spaces.QuerySpacesImpl - Adding QuerySpace : uid = <gen:11> -> org.hibernate.loader.plan.build.internal.spaces.CollectionQuerySpaceImpl@47537eb5]
13:23:06.386 [Test worker] DEBUG o.h.l.p.b.i.spaces.QuerySpacesImpl - Adding QuerySpace : uid = <gen:12> -> org.hibernate.loader.plan.build.internal.spaces.EntityQuerySpaceImpl@3aa3c1a8]
13:23:06.386 [Test worker] DEBUG o.h.p.w.spi.MetamodelGraphWalker - Visiting attribute path : vnfd.auto_scale_policy
13:23:06.386 [Test worker] DEBUG o.h.p.w.spi.MetamodelGraphWalker - Visiting attribute path : vnfd.connection_point
13:23:06.386 [Test worker] DEBUG o.h.p.w.spi.MetamodelGraphWalker - Visiting attribute path : vnfd.hb_version
13:23:06.386 [Test worker] DEBUG o.h.p.w.spi.MetamodelGraphWalker - Visiting attribute path : vnfd.lifecycle_event
13:23:06.387 [Test worker] DEBUG o.h.p.w.spi.MetamodelGraphWalker - Visiting attribute path : vnfd.monitoring_parameter
13:23:06.387 [Test worker] DEBUG o.h.p.w.spi.MetamodelGraphWalker - Property path deemed to be circular : vnfd.monitoring_parameter
13:23:06.387 [Test worker] DEBUG o.h.p.w.spi.MetamodelGraphWalker - Visiting attribute path : vnfd.service_deployment_flavour
13:23:06.387 [Test worker] DEBUG o.h.p.w.spi.MetamodelGraphWalker - Visiting attribute path : vnfd.vendor
13:23:06.387 [Test worker] DEBUG o.h.p.w.spi.MetamodelGraphWalker - Visiting attribute path : vnfd.version
13:23:06.387 [Test worker] DEBUG o.h.p.w.spi.MetamodelGraphWalker - Visiting attribute path : vnfd.vld
13:23:06.387 [Test worker] DEBUG o.h.p.w.spi.MetamodelGraphWalker - Visiting attribute path : vnfd.vnffgd
13:23:06.388 [Test worker] DEBUG o.h.p.w.spi.MetamodelGraphWalker - Visiting attribute path : vnfd.deployment_flavour
13:23:06.388 [Test worker] DEBUG o.h.l.p.b.i.spaces.QuerySpacesImpl - Adding QuerySpace : uid = <gen:13> -> org.hibernate.loader.plan.build.internal.spaces.CollectionQuerySpaceImpl@5652fdf4]
13:23:06.388 [Test worker] DEBUG o.h.l.p.b.i.spaces.QuerySpacesImpl - Adding QuerySpace : uid = <gen:14> -> org.hibernate.loader.plan.build.internal.spaces.EntityQuerySpaceImpl@629eca72]
13:23:06.388 [Test worker] DEBUG o.h.p.w.spi.MetamodelGraphWalker - Visiting attribute path : vnfd.deployment_flavour.flavour_key
13:23:06.388 [Test worker] DEBUG o.h.p.w.spi.MetamodelGraphWalker - Visiting attribute path : vnfd.deployment_flavour.version
13:23:06.388 [Test worker] DEBUG o.h.p.w.spi.MetamodelGraphWalker - Visiting attribute path : vnfd.deployment_flavour.costituent_vdu
13:23:06.388 [Test worker] DEBUG o.h.p.w.spi.MetamodelGraphWalker - Visiting attribute path : vnfd.deployment_flavour.df_constraint
13:23:06.388 [Test worker] DEBUG o.h.l.p.b.i.spaces.QuerySpacesImpl - Adding QuerySpace : uid = <gen:15> -> org.hibernate.loader.plan.build.internal.spaces.CollectionQuerySpaceImpl@aa0ceaa]
13:23:06.388 [Test worker] DEBUG o.h.p.w.spi.MetamodelGraphWalker - Visiting attribute path : vnfd.descriptor_version
13:23:06.388 [Test worker] DEBUG o.h.p.w.spi.MetamodelGraphWalker - Visiting attribute path : vnfd.manifest_file
13:23:06.388 [Test worker] DEBUG o.h.p.w.spi.MetamodelGraphWalker - Visiting attribute path : vnfd.manifest_file_security
13:23:06.388 [Test worker] DEBUG o.h.p.w.spi.MetamodelGraphWalker - Visiting attribute path : vnfd.vdu
13:23:06.389 [Test worker] DEBUG o.h.p.w.spi.MetamodelGraphWalker - Visiting attribute path : vnfd.vdu_dependency
13:23:06.389 [Test worker] DEBUG o.h.p.w.spi.MetamodelGraphWalker - Visiting attribute path : vnfd.virtual_link
13:23:06.389 [Test worker] DEBUG o.h.l.p.b.i.FetchStyleLoadPlanBuildingAssociationVisitationStrategy - Building LoadPlan...
13:23:06.389 [Test worker] DEBUG o.h.l.p.e.i.LoadQueryJoinAndFetchProcessor - processing queryspace <gen:0>
13:23:06.390 [Test worker] DEBUG o.h.l.p.b.spi.LoadPlanTreePrinter - LoadPlan(entity=org.project.neutrino.nfvo.catalogue.mano.descriptor.NetworkServiceDescriptor)
    - Returns
       - EntityReturnImpl(entity=org.project.neutrino.nfvo.catalogue.mano.descriptor.NetworkServiceDescriptor, querySpaceUid=<gen:0>, path=org.project.neutrino.nfvo.catalogue.mano.descriptor.NetworkServiceDescriptor)
          - CollectionAttributeFetchImpl(collection=org.project.neutrino.nfvo.catalogue.mano.common.NFVEntityDescriptor.monitoring_parameter, querySpaceUid=<gen:1>, path=org.project.neutrino.nfvo.catalogue.mano.descriptor.NetworkServiceDescriptor.monitoring_parameter)
          - EntityAttributeFetchImpl(entity=org.project.neutrino.nfvo.catalogue.mano.common.Security, querySpaceUid=<gen:2>, path=org.project.neutrino.nfvo.catalogue.mano.descriptor.NetworkServiceDescriptor.nsd_security)
          - CollectionAttributeFetchImpl(collection=org.project.neutrino.nfvo.catalogue.mano.descriptor.NetworkServiceDescriptor.vnf_dependency, querySpaceUid=<gen:3>, path=org.project.neutrino.nfvo.catalogue.mano.descriptor.NetworkServiceDescriptor.vnf_dependency)
             - (collection element) CollectionFetchableElementEntityGraph(entity=org.project.neutrino.nfvo.catalogue.mano.common.VNFDependency, querySpaceUid=<gen:4>, path=org.project.neutrino.nfvo.catalogue.mano.descriptor.NetworkServiceDescriptor.vnf_dependency.<elements>)
                - EntityAttributeFetchImpl(entity=org.project.neutrino.nfvo.catalogue.mano.descriptor.VirtualNetworkFunctionDescriptor, querySpaceUid=<gen:5>, path=org.project.neutrino.nfvo.catalogue.mano.descriptor.NetworkServiceDescriptor.vnf_dependency.<elements>.source)
                   - CollectionAttributeFetchImpl(collection=org.project.neutrino.nfvo.catalogue.mano.descriptor.VirtualNetworkFunctionDescriptor.deployment_flavour, querySpaceUid=<gen:6>, path=org.project.neutrino.nfvo.catalogue.mano.descriptor.NetworkServiceDescriptor.vnf_dependency.<elements>.source.deployment_flavour)
                      - (collection element) CollectionFetchableElementEntityGraph(entity=org.project.neutrino.nfvo.catalogue.mano.descriptor.VNFDDeploymentFlavour, querySpaceUid=<gen:7>, path=org.project.neutrino.nfvo.catalogue.mano.descriptor.NetworkServiceDescriptor.vnf_dependency.<elements>.source.deployment_flavour.<elements>)
                - EntityAttributeFetchImpl(entity=org.project.neutrino.nfvo.catalogue.mano.descriptor.VirtualNetworkFunctionDescriptor, querySpaceUid=<gen:8>, path=org.project.neutrino.nfvo.catalogue.mano.descriptor.NetworkServiceDescriptor.vnf_dependency.<elements>.target)
                   - CollectionAttributeFetchImpl(collection=org.project.neutrino.nfvo.catalogue.mano.descriptor.VirtualNetworkFunctionDescriptor.deployment_flavour, querySpaceUid=<gen:9>, path=org.project.neutrino.nfvo.catalogue.mano.descriptor.NetworkServiceDescriptor.vnf_dependency.<elements>.target.deployment_flavour)
                      - (collection element) CollectionFetchableElementEntityGraph(entity=org.project.neutrino.nfvo.catalogue.mano.descriptor.VNFDDeploymentFlavour, querySpaceUid=<gen:10>, path=org.project.neutrino.nfvo.catalogue.mano.descriptor.NetworkServiceDescriptor.vnf_dependency.<elements>.target.deployment_flavour.<elements>)
          - CollectionAttributeFetchImpl(collection=org.project.neutrino.nfvo.catalogue.mano.descriptor.NetworkServiceDescriptor.vnfd, querySpaceUid=<gen:11>, path=org.project.neutrino.nfvo.catalogue.mano.descriptor.NetworkServiceDescriptor.vnfd)
             - (collection element) CollectionFetchableElementEntityGraph(entity=org.project.neutrino.nfvo.catalogue.mano.descriptor.VirtualNetworkFunctionDescriptor, querySpaceUid=<gen:12>, path=org.project.neutrino.nfvo.catalogue.mano.descriptor.NetworkServiceDescriptor.vnfd.<elements>)
                - CollectionAttributeFetchImpl(collection=org.project.neutrino.nfvo.catalogue.mano.descriptor.VirtualNetworkFunctionDescriptor.deployment_flavour, querySpaceUid=<gen:13>, path=org.project.neutrino.nfvo.catalogue.mano.descriptor.NetworkServiceDescriptor.vnfd.<elements>.deployment_flavour)
                   - (collection element) CollectionFetchableElementEntityGraph(entity=org.project.neutrino.nfvo.catalogue.mano.descriptor.VNFDDeploymentFlavour, querySpaceUid=<gen:14>, path=org.project.neutrino.nfvo.catalogue.mano.descriptor.NetworkServiceDescriptor.vnfd.<elements>.deployment_flavour.<elements>)
                      - CollectionAttributeFetchImpl(collection=org.project.neutrino.nfvo.catalogue.mano.descriptor.VNFDDeploymentFlavour.df_constraint, querySpaceUid=<gen:15>, path=org.project.neutrino.nfvo.catalogue.mano.descriptor.NetworkServiceDescriptor.vnfd.<elements>.deployment_flavour.<elements>.df_constraint)
    - QuerySpaces
       - EntityQuerySpaceImpl(uid=<gen:0>, entity=org.project.neutrino.nfvo.catalogue.mano.descriptor.NetworkServiceDescriptor)
          - SQL table alias mapping - networkser0_
          - alias suffix - 0_
          - suffixed key columns - {id1_27_0_}
          - JOIN (JoinDefinedByMetadata(monitoring_parameter)) : <gen:0> -> <gen:1>
             - CollectionQuerySpaceImpl(uid=<gen:1>, collection=org.project.neutrino.nfvo.catalogue.mano.common.NFVEntityDescriptor.monitoring_parameter)
                - SQL table alias mapping - monitoring1_
                - alias suffix - 1_
                - suffixed key columns - {nfventit1_27_1_}
          - JOIN (JoinDefinedByMetadata(nsd_security)) : <gen:0> -> <gen:2>
             - EntityQuerySpaceImpl(uid=<gen:2>, entity=org.project.neutrino.nfvo.catalogue.mano.common.Security)
                - SQL table alias mapping - security2_
                - alias suffix - 2_
                - suffixed key columns - {id1_43_2_}
          - JOIN (JoinDefinedByMetadata(vnf_dependency)) : <gen:0> -> <gen:3>
             - CollectionQuerySpaceImpl(uid=<gen:3>, collection=org.project.neutrino.nfvo.catalogue.mano.descriptor.NetworkServiceDescriptor.vnf_dependency)
                - SQL table alias mapping - vnf_depend3_
                - alias suffix - 3_
                - suffixed key columns - {network_1_27_3_}
                - entity-element alias suffix - 4_
                - 4_entity-element suffixed key columns - id1_86_4_
                - JOIN (JoinDefinedByMetadata(elements)) : <gen:3> -> <gen:4>
                   - EntityQuerySpaceImpl(uid=<gen:4>, entity=org.project.neutrino.nfvo.catalogue.mano.common.VNFDependency)
                      - SQL table alias mapping - vnfdepende4_
                      - alias suffix - 4_
                      - suffixed key columns - {id1_86_4_}
                      - JOIN (JoinDefinedByMetadata(source)) : <gen:4> -> <gen:5>
                         - EntityQuerySpaceImpl(uid=<gen:5>, entity=org.project.neutrino.nfvo.catalogue.mano.descriptor.VirtualNetworkFunctionDescriptor)
                            - SQL table alias mapping - virtualnet5_
                            - alias suffix - 5_
                            - suffixed key columns - {id1_27_5_}
                      - JOIN (JoinDefinedByMetadata(target)) : <gen:4> -> <gen:8>
                         - EntityQuerySpaceImpl(uid=<gen:8>, entity=org.project.neutrino.nfvo.catalogue.mano.descriptor.VirtualNetworkFunctionDescriptor)
                            - SQL table alias mapping - virtualnet6_
                            - alias suffix - 6_
                            - suffixed key columns - {id1_27_6_}
          - JOIN (JoinDefinedByMetadata(vnfd)) : <gen:0> -> <gen:11>
             - CollectionQuerySpaceImpl(uid=<gen:11>, collection=org.project.neutrino.nfvo.catalogue.mano.descriptor.NetworkServiceDescriptor.vnfd)
                - SQL table alias mapping - vnfd7_
                - alias suffix - 7_
                - suffixed key columns - {network_1_27_7_}
                - entity-element alias suffix - 8_
                - 8_entity-element suffixed key columns - id1_27_8_
                - JOIN (JoinDefinedByMetadata(elements)) : <gen:11> -> <gen:12>
                   - EntityQuerySpaceImpl(uid=<gen:12>, entity=org.project.neutrino.nfvo.catalogue.mano.descriptor.VirtualNetworkFunctionDescriptor)
                      - SQL table alias mapping - virtualnet8_
                      - alias suffix - 8_
                      - suffixed key columns - {id1_27_8_}
                      - JOIN (JoinDefinedByMetadata(deployment_flavour)) : <gen:12> -> <gen:13>
                         - CollectionQuerySpaceImpl(uid=<gen:13>, collection=org.project.neutrino.nfvo.catalogue.mano.descriptor.VirtualNetworkFunctionDescriptor.deployment_flavour)
                            - SQL table alias mapping - deployment9_
                            - alias suffix - 9_
                            - suffixed key columns - {virtual_1_27_9_}
                            - entity-element alias suffix - 10_
                            - 10_entity-element suffixed key columns - id1_7_10_
                            - JOIN (JoinDefinedByMetadata(elements)) : <gen:13> -> <gen:14>
                               - EntityQuerySpaceImpl(uid=<gen:14>, entity=org.project.neutrino.nfvo.catalogue.mano.descriptor.VNFDDeploymentFlavour)
                                  - SQL table alias mapping - vnfddeploy10_
                                  - alias suffix - 10_
                                  - suffixed key columns - {id1_7_10_}

13:23:06.391 [Test worker] DEBUG o.h.loader.entity.plan.EntityLoader - Static select for entity org.project.neutrino.nfvo.catalogue.mano.descriptor.NetworkServiceDescriptor [NONE]: select networkser0_.id as id1_27_0_, networkser0_.hb_version as hb_versi2_27_0_, networkser0_.vendor as vendor3_27_0_, networkser0_.version as version4_27_0_, networkser0_.nsd_security_id as nsd_secu1_14_0_, monitoring1_.nfventity_descriptor_Id as nfventit1_27_1_, monitoring1_.monitoring_parameter as monitori2_31_1_, security2_.id as id1_43_2_, security2_.version as version2_43_2_, vnf_depend3_.network_service_descriptor_Id as network_1_27_3_, vnfdepende4_.id as vnf_depe2_16_3_, vnfdepende4_.id as id1_86_4_, vnfdepende4_.source_Id as source_I3_86_4_, vnfdepende4_.target_Id as target_I4_86_4_, vnfdepende4_.version as version2_86_4_, virtualnet5_.id as id1_27_5_, virtualnet5_.hb_version as hb_versi2_27_5_, virtualnet5_.vendor as vendor3_27_5_, virtualnet5_.version as version4_27_5_, virtualnet5_.descriptor_version as descript1_62_5_, virtualnet5_.manifest_file as manifest2_62_5_, virtualnet6_.id as id1_27_6_, virtualnet6_.hb_version as hb_versi2_27_6_, virtualnet6_.vendor as vendor3_27_6_, virtualnet6_.version as version4_27_6_, virtualnet6_.descriptor_version as descript1_62_6_, virtualnet6_.manifest_file as manifest2_62_6_, vnfd7_.network_service_descriptor_Id as network_1_27_7_, virtualnet8_.id as vnfd_Id2_17_7_, virtualnet8_.id as id1_27_8_, virtualnet8_.hb_version as hb_versi2_27_8_, virtualnet8_.vendor as vendor3_27_8_, virtualnet8_.version as version4_27_8_, virtualnet8_.descriptor_version as descript1_62_8_, virtualnet8_.manifest_file as manifest2_62_8_, deployment9_.virtual_network_function_descriptor_Id as virtual_1_27_9_, vnfddeploy10_.id as deployme2_63_9_, vnfddeploy10_.id as id1_7_10_, vnfddeploy10_.flavour_key as flavour_2_7_10_, vnfddeploy10_.version as version3_7_10_ from network_service_descriptor networkser0_ left outer join nfventity_descriptor_monitoring_parameter monitoring1_ on networkser0_.id=monitoring1_.nfventity_descriptor_Id left outer join security security2_ on networkser0_.nsd_security_id=security2_.id left outer join network_service_descriptor_vnf_dependency vnf_depend3_ on networkser0_.id=vnf_depend3_.network_service_descriptor_Id left outer join vnfdependency vnfdepende4_ on vnf_depend3_.vnf_dependency_id=vnfdepende4_.id left outer join virtual_network_function_descriptor virtualnet5_ on vnfdepende4_.source_Id=virtualnet5_.id left outer join virtual_network_function_descriptor virtualnet6_ on vnfdepende4_.target_Id=virtualnet6_.id left outer join network_service_descriptor_vnfd vnfd7_ on networkser0_.id=vnfd7_.network_service_descriptor_Id left outer join virtual_network_function_descriptor virtualnet8_ on vnfd7_.vnfd_Id=virtualnet8_.id left outer join virtual_network_function_descriptor_deployment_flavour deployment9_ on virtualnet8_.id=deployment9_.virtual_network_function_descriptor_Id left outer join vnfddeployment_flavour vnfddeploy10_ on deployment9_.deployment_flavour_id=vnfddeploy10_.id where networkser0_.id=?
13:23:06.392 [Test worker] DEBUG o.h.l.p.b.i.spaces.QuerySpacesImpl - Adding QuerySpace : uid = <gen:0> -> org.hibernate.loader.plan.build.internal.spaces.EntityQuerySpaceImpl@43600059]
13:23:06.392 [Test worker] DEBUG o.h.p.w.spi.MetamodelGraphWalker - Visiting attribute path : auto_scale_policy
13:23:06.392 [Test worker] DEBUG o.h.p.w.spi.MetamodelGraphWalker - Visiting attribute path : connection_point
13:23:06.392 [Test worker] DEBUG o.h.p.w.spi.MetamodelGraphWalker - Visiting attribute path : hb_version
13:23:06.392 [Test worker] DEBUG o.h.p.w.spi.MetamodelGraphWalker - Visiting attribute path : lifecycle_event
13:23:06.392 [Test worker] DEBUG o.h.p.w.spi.MetamodelGraphWalker - Visiting attribute path : monitoring_parameter
13:23:06.392 [Test worker] DEBUG o.h.l.p.b.i.spaces.QuerySpacesImpl - Adding QuerySpace : uid = <gen:1> -> org.hibernate.loader.plan.build.internal.spaces.CollectionQuerySpaceImpl@10b7415b]
13:23:06.393 [Test worker] DEBUG o.h.p.w.spi.MetamodelGraphWalker - Visiting attribute path : service_deployment_flavour
13:23:06.393 [Test worker] DEBUG o.h.p.w.spi.MetamodelGraphWalker - Visiting attribute path : vendor
13:23:06.393 [Test worker] DEBUG o.h.p.w.spi.MetamodelGraphWalker - Visiting attribute path : version
13:23:06.393 [Test worker] DEBUG o.h.p.w.spi.MetamodelGraphWalker - Visiting attribute path : vld
13:23:06.393 [Test worker] DEBUG o.h.p.w.spi.MetamodelGraphWalker - Visiting attribute path : vnffgd
13:23:06.393 [Test worker] DEBUG o.h.p.w.spi.MetamodelGraphWalker - Visiting attribute path : nsd_security
13:23:06.393 [Test worker] DEBUG o.h.l.p.b.i.spaces.QuerySpacesImpl - Adding QuerySpace : uid = <gen:2> -> org.hibernate.loader.plan.build.internal.spaces.EntityQuerySpaceImpl@159806ea]
13:23:06.393 [Test worker] DEBUG o.h.p.w.spi.MetamodelGraphWalker - Visiting attribute path : nsd_security.version
13:23:06.394 [Test worker] DEBUG o.h.p.w.spi.MetamodelGraphWalker - Visiting attribute path : pnfd
13:23:06.394 [Test worker] DEBUG o.h.p.w.spi.MetamodelGraphWalker - Visiting attribute path : vnf_dependency
13:23:06.394 [Test worker] DEBUG o.h.l.p.b.i.spaces.QuerySpacesImpl - Adding QuerySpace : uid = <gen:3> -> org.hibernate.loader.plan.build.internal.spaces.CollectionQuerySpaceImpl@3022ab44]
13:23:06.394 [Test worker] DEBUG o.h.l.p.b.i.spaces.QuerySpacesImpl - Adding QuerySpace : uid = <gen:4> -> org.hibernate.loader.plan.build.internal.spaces.EntityQuerySpaceImpl@341a160c]
13:23:06.394 [Test worker] DEBUG o.h.p.w.spi.MetamodelGraphWalker - Visiting attribute path : vnf_dependency.source
13:23:06.394 [Test worker] DEBUG o.h.l.p.b.i.spaces.QuerySpacesImpl - Adding QuerySpace : uid = <gen:5> -> org.hibernate.loader.plan.build.internal.spaces.EntityQuerySpaceImpl@1adf145c]
13:23:06.395 [Test worker] DEBUG o.h.p.w.spi.MetamodelGraphWalker - Visiting attribute path : vnf_dependency.source.auto_scale_policy
13:23:06.395 [Test worker] DEBUG o.h.p.w.spi.MetamodelGraphWalker - Visiting attribute path : vnf_dependency.source.connection_point
13:23:06.395 [Test worker] DEBUG o.h.p.w.spi.MetamodelGraphWalker - Visiting attribute path : vnf_dependency.source.hb_version
13:23:06.395 [Test worker] DEBUG o.h.p.w.spi.MetamodelGraphWalker - Visiting attribute path : vnf_dependency.source.lifecycle_event
13:23:06.395 [Test worker] DEBUG o.h.p.w.spi.MetamodelGraphWalker - Visiting attribute path : vnf_dependency.source.monitoring_parameter
13:23:06.395 [Test worker] DEBUG o.h.p.w.spi.MetamodelGraphWalker - Property path deemed to be circular : vnf_dependency.source.monitoring_parameter
13:23:06.395 [Test worker] DEBUG o.h.p.w.spi.MetamodelGraphWalker - Visiting attribute path : vnf_dependency.source.service_deployment_flavour
13:23:06.395 [Test worker] DEBUG o.h.p.w.spi.MetamodelGraphWalker - Visiting attribute path : vnf_dependency.source.vendor
13:23:06.395 [Test worker] DEBUG o.h.p.w.spi.MetamodelGraphWalker - Visiting attribute path : vnf_dependency.source.version
13:23:06.395 [Test worker] DEBUG o.h.p.w.spi.MetamodelGraphWalker - Visiting attribute path : vnf_dependency.source.vld
13:23:06.396 [Test worker] DEBUG o.h.p.w.spi.MetamodelGraphWalker - Visiting attribute path : vnf_dependency.source.vnffgd
13:23:06.396 [Test worker] DEBUG o.h.p.w.spi.MetamodelGraphWalker - Visiting attribute path : vnf_dependency.source.deployment_flavour
13:23:06.396 [Test worker] DEBUG o.h.l.p.b.i.spaces.QuerySpacesImpl - Adding QuerySpace : uid = <gen:6> -> org.hibernate.loader.plan.build.internal.spaces.CollectionQuerySpaceImpl@1f0fde7d]
13:23:06.396 [Test worker] DEBUG o.h.l.p.b.i.spaces.QuerySpacesImpl - Adding QuerySpace : uid = <gen:7> -> org.hibernate.loader.plan.build.internal.spaces.EntityQuerySpaceImpl@4ad7f079]
13:23:06.396 [Test worker] DEBUG o.h.p.w.spi.MetamodelGraphWalker - Visiting attribute path : vnf_dependency.source.descriptor_version
13:23:06.396 [Test worker] DEBUG o.h.p.w.spi.MetamodelGraphWalker - Visiting attribute path : vnf_dependency.source.manifest_file
13:23:06.396 [Test worker] DEBUG o.h.p.w.spi.MetamodelGraphWalker - Visiting attribute path : vnf_dependency.source.manifest_file_security
13:23:06.396 [Test worker] DEBUG o.h.p.w.spi.MetamodelGraphWalker - Visiting attribute path : vnf_dependency.source.vdu
13:23:06.396 [Test worker] DEBUG o.h.p.w.spi.MetamodelGraphWalker - Visiting attribute path : vnf_dependency.source.vdu_dependency
13:23:06.396 [Test worker] DEBUG o.h.p.w.spi.MetamodelGraphWalker - Visiting attribute path : vnf_dependency.source.virtual_link
13:23:06.396 [Test worker] DEBUG o.h.p.w.spi.MetamodelGraphWalker - Visiting attribute path : vnf_dependency.target
13:23:06.396 [Test worker] DEBUG o.h.l.p.b.i.spaces.QuerySpacesImpl - Adding QuerySpace : uid = <gen:8> -> org.hibernate.loader.plan.build.internal.spaces.EntityQuerySpaceImpl@26ecbe52]
13:23:06.397 [Test worker] DEBUG o.h.p.w.spi.MetamodelGraphWalker - Visiting attribute path : vnf_dependency.target.auto_scale_policy
13:23:06.397 [Test worker] DEBUG o.h.p.w.spi.MetamodelGraphWalker - Visiting attribute path : vnf_dependency.target.connection_point
13:23:06.397 [Test worker] DEBUG o.h.p.w.spi.MetamodelGraphWalker - Visiting attribute path : vnf_dependency.target.hb_version
13:23:06.397 [Test worker] DEBUG o.h.p.w.spi.MetamodelGraphWalker - Visiting attribute path : vnf_dependency.target.lifecycle_event
13:23:06.397 [Test worker] DEBUG o.h.p.w.spi.MetamodelGraphWalker - Visiting attribute path : vnf_dependency.target.monitoring_parameter
13:23:06.397 [Test worker] DEBUG o.h.p.w.spi.MetamodelGraphWalker - Property path deemed to be circular : vnf_dependency.target.monitoring_parameter
13:23:06.397 [Test worker] DEBUG o.h.p.w.spi.MetamodelGraphWalker - Visiting attribute path : vnf_dependency.target.service_deployment_flavour
13:23:06.397 [Test worker] DEBUG o.h.p.w.spi.MetamodelGraphWalker - Visiting attribute path : vnf_dependency.target.vendor
13:23:06.397 [Test worker] DEBUG o.h.p.w.spi.MetamodelGraphWalker - Visiting attribute path : vnf_dependency.target.version
13:23:06.397 [Test worker] DEBUG o.h.p.w.spi.MetamodelGraphWalker - Visiting attribute path : vnf_dependency.target.vld
13:23:06.397 [Test worker] DEBUG o.h.p.w.spi.MetamodelGraphWalker - Visiting attribute path : vnf_dependency.target.vnffgd
13:23:06.397 [Test worker] DEBUG o.h.p.w.spi.MetamodelGraphWalker - Visiting attribute path : vnf_dependency.target.deployment_flavour
13:23:06.398 [Test worker] DEBUG o.h.l.p.b.i.spaces.QuerySpacesImpl - Adding QuerySpace : uid = <gen:9> -> org.hibernate.loader.plan.build.internal.spaces.CollectionQuerySpaceImpl@5a87cb7]
13:23:06.398 [Test worker] DEBUG o.h.l.p.b.i.spaces.QuerySpacesImpl - Adding QuerySpace : uid = <gen:10> -> org.hibernate.loader.plan.build.internal.spaces.EntityQuerySpaceImpl@7893d547]
13:23:06.398 [Test worker] DEBUG o.h.p.w.spi.MetamodelGraphWalker - Visiting attribute path : vnf_dependency.target.descriptor_version
13:23:06.398 [Test worker] DEBUG o.h.p.w.spi.MetamodelGraphWalker - Visiting attribute path : vnf_dependency.target.manifest_file
13:23:06.398 [Test worker] DEBUG o.h.p.w.spi.MetamodelGraphWalker - Visiting attribute path : vnf_dependency.target.manifest_file_security
13:23:06.398 [Test worker] DEBUG o.h.p.w.spi.MetamodelGraphWalker - Visiting attribute path : vnf_dependency.target.vdu
13:23:06.398 [Test worker] DEBUG o.h.p.w.spi.MetamodelGraphWalker - Visiting attribute path : vnf_dependency.target.vdu_dependency
13:23:06.398 [Test worker] DEBUG o.h.p.w.spi.MetamodelGraphWalker - Visiting attribute path : vnf_dependency.target.virtual_link
13:23:06.398 [Test worker] DEBUG o.h.p.w.spi.MetamodelGraphWalker - Visiting attribute path : vnf_dependency.version
13:23:06.398 [Test worker] DEBUG o.h.p.w.spi.MetamodelGraphWalker - Visiting attribute path : vnfd
13:23:06.398 [Test worker] DEBUG o.h.l.p.b.i.spaces.QuerySpacesImpl - Adding QuerySpace : uid = <gen:11> -> org.hibernate.loader.plan.build.internal.spaces.CollectionQuerySpaceImpl@31976629]
13:23:06.399 [Test worker] DEBUG o.h.l.p.b.i.spaces.QuerySpacesImpl - Adding QuerySpace : uid = <gen:12> -> org.hibernate.loader.plan.build.internal.spaces.EntityQuerySpaceImpl@4ab4272e]
13:23:06.399 [Test worker] DEBUG o.h.p.w.spi.MetamodelGraphWalker - Visiting attribute path : vnfd.auto_scale_policy
13:23:06.399 [Test worker] DEBUG o.h.p.w.spi.MetamodelGraphWalker - Visiting attribute path : vnfd.connection_point
13:23:06.399 [Test worker] DEBUG o.h.p.w.spi.MetamodelGraphWalker - Visiting attribute path : vnfd.hb_version
13:23:06.399 [Test worker] DEBUG o.h.p.w.spi.MetamodelGraphWalker - Visiting attribute path : vnfd.lifecycle_event
13:23:06.399 [Test worker] DEBUG o.h.p.w.spi.MetamodelGraphWalker - Visiting attribute path : vnfd.monitoring_parameter
13:23:06.399 [Test worker] DEBUG o.h.p.w.spi.MetamodelGraphWalker - Property path deemed to be circular : vnfd.monitoring_parameter
13:23:06.399 [Test worker] DEBUG o.h.p.w.spi.MetamodelGraphWalker - Visiting attribute path : vnfd.service_deployment_flavour
13:23:06.399 [Test worker] DEBUG o.h.p.w.spi.MetamodelGraphWalker - Visiting attribute path : vnfd.vendor
13:23:06.399 [Test worker] DEBUG o.h.p.w.spi.MetamodelGraphWalker - Visiting attribute path : vnfd.version
13:23:06.399 [Test worker] DEBUG o.h.p.w.spi.MetamodelGraphWalker - Visiting attribute path : vnfd.vld
13:23:06.400 [Test worker] DEBUG o.h.p.w.spi.MetamodelGraphWalker - Visiting attribute path : vnfd.vnffgd
13:23:06.400 [Test worker] DEBUG o.h.p.w.spi.MetamodelGraphWalker - Visiting attribute path : vnfd.deployment_flavour
13:23:06.400 [Test worker] DEBUG o.h.l.p.b.i.spaces.QuerySpacesImpl - Adding QuerySpace : uid = <gen:13> -> org.hibernate.loader.plan.build.internal.spaces.CollectionQuerySpaceImpl@575c6dd1]
13:23:06.400 [Test worker] DEBUG o.h.l.p.b.i.spaces.QuerySpacesImpl - Adding QuerySpace : uid = <gen:14> -> org.hibernate.loader.plan.build.internal.spaces.EntityQuerySpaceImpl@752de125]
13:23:06.400 [Test worker] DEBUG o.h.p.w.spi.MetamodelGraphWalker - Visiting attribute path : vnfd.deployment_flavour.flavour_key
13:23:06.400 [Test worker] DEBUG o.h.p.w.spi.MetamodelGraphWalker - Visiting attribute path : vnfd.deployment_flavour.version
13:23:06.400 [Test worker] DEBUG o.h.p.w.spi.MetamodelGraphWalker - Visiting attribute path : vnfd.deployment_flavour.costituent_vdu
13:23:06.400 [Test worker] DEBUG o.h.p.w.spi.MetamodelGraphWalker - Visiting attribute path : vnfd.deployment_flavour.df_constraint
13:23:06.400 [Test worker] DEBUG o.h.l.p.b.i.spaces.QuerySpacesImpl - Adding QuerySpace : uid = <gen:15> -> org.hibernate.loader.plan.build.internal.spaces.CollectionQuerySpaceImpl@5126430d]
13:23:06.400 [Test worker] DEBUG o.h.p.w.spi.MetamodelGraphWalker - Visiting attribute path : vnfd.descriptor_version
13:23:06.400 [Test worker] DEBUG o.h.p.w.spi.MetamodelGraphWalker - Visiting attribute path : vnfd.manifest_file
13:23:06.400 [Test worker] DEBUG o.h.p.w.spi.MetamodelGraphWalker - Visiting attribute path : vnfd.manifest_file_security
13:23:06.401 [Test worker] DEBUG o.h.p.w.spi.MetamodelGraphWalker - Visiting attribute path : vnfd.vdu
13:23:06.401 [Test worker] DEBUG o.h.p.w.spi.MetamodelGraphWalker - Visiting attribute path : vnfd.vdu_dependency
13:23:06.401 [Test worker] DEBUG o.h.p.w.spi.MetamodelGraphWalker - Visiting attribute path : vnfd.virtual_link
13:23:06.401 [Test worker] DEBUG o.h.l.p.b.i.FetchStyleLoadPlanBuildingAssociationVisitationStrategy - Building LoadPlan...
13:23:06.401 [Test worker] DEBUG o.h.l.p.e.i.LoadQueryJoinAndFetchProcessor - processing queryspace <gen:0>
13:23:06.402 [Test worker] DEBUG o.h.l.p.b.spi.LoadPlanTreePrinter - LoadPlan(entity=org.project.neutrino.nfvo.catalogue.mano.descriptor.NetworkServiceDescriptor)
    - Returns
       - EntityReturnImpl(entity=org.project.neutrino.nfvo.catalogue.mano.descriptor.NetworkServiceDescriptor, querySpaceUid=<gen:0>, path=org.project.neutrino.nfvo.catalogue.mano.descriptor.NetworkServiceDescriptor)
          - CollectionAttributeFetchImpl(collection=org.project.neutrino.nfvo.catalogue.mano.common.NFVEntityDescriptor.monitoring_parameter, querySpaceUid=<gen:1>, path=org.project.neutrino.nfvo.catalogue.mano.descriptor.NetworkServiceDescriptor.monitoring_parameter)
          - EntityAttributeFetchImpl(entity=org.project.neutrino.nfvo.catalogue.mano.common.Security, querySpaceUid=<gen:2>, path=org.project.neutrino.nfvo.catalogue.mano.descriptor.NetworkServiceDescriptor.nsd_security)
          - CollectionAttributeFetchImpl(collection=org.project.neutrino.nfvo.catalogue.mano.descriptor.NetworkServiceDescriptor.vnf_dependency, querySpaceUid=<gen:3>, path=org.project.neutrino.nfvo.catalogue.mano.descriptor.NetworkServiceDescriptor.vnf_dependency)
             - (collection element) CollectionFetchableElementEntityGraph(entity=org.project.neutrino.nfvo.catalogue.mano.common.VNFDependency, querySpaceUid=<gen:4>, path=org.project.neutrino.nfvo.catalogue.mano.descriptor.NetworkServiceDescriptor.vnf_dependency.<elements>)
                - EntityAttributeFetchImpl(entity=org.project.neutrino.nfvo.catalogue.mano.descriptor.VirtualNetworkFunctionDescriptor, querySpaceUid=<gen:5>, path=org.project.neutrino.nfvo.catalogue.mano.descriptor.NetworkServiceDescriptor.vnf_dependency.<elements>.source)
                   - CollectionAttributeFetchImpl(collection=org.project.neutrino.nfvo.catalogue.mano.descriptor.VirtualNetworkFunctionDescriptor.deployment_flavour, querySpaceUid=<gen:6>, path=org.project.neutrino.nfvo.catalogue.mano.descriptor.NetworkServiceDescriptor.vnf_dependency.<elements>.source.deployment_flavour)
                      - (collection element) CollectionFetchableElementEntityGraph(entity=org.project.neutrino.nfvo.catalogue.mano.descriptor.VNFDDeploymentFlavour, querySpaceUid=<gen:7>, path=org.project.neutrino.nfvo.catalogue.mano.descriptor.NetworkServiceDescriptor.vnf_dependency.<elements>.source.deployment_flavour.<elements>)
                - EntityAttributeFetchImpl(entity=org.project.neutrino.nfvo.catalogue.mano.descriptor.VirtualNetworkFunctionDescriptor, querySpaceUid=<gen:8>, path=org.project.neutrino.nfvo.catalogue.mano.descriptor.NetworkServiceDescriptor.vnf_dependency.<elements>.target)
                   - CollectionAttributeFetchImpl(collection=org.project.neutrino.nfvo.catalogue.mano.descriptor.VirtualNetworkFunctionDescriptor.deployment_flavour, querySpaceUid=<gen:9>, path=org.project.neutrino.nfvo.catalogue.mano.descriptor.NetworkServiceDescriptor.vnf_dependency.<elements>.target.deployment_flavour)
                      - (collection element) CollectionFetchableElementEntityGraph(entity=org.project.neutrino.nfvo.catalogue.mano.descriptor.VNFDDeploymentFlavour, querySpaceUid=<gen:10>, path=org.project.neutrino.nfvo.catalogue.mano.descriptor.NetworkServiceDescriptor.vnf_dependency.<elements>.target.deployment_flavour.<elements>)
          - CollectionAttributeFetchImpl(collection=org.project.neutrino.nfvo.catalogue.mano.descriptor.NetworkServiceDescriptor.vnfd, querySpaceUid=<gen:11>, path=org.project.neutrino.nfvo.catalogue.mano.descriptor.NetworkServiceDescriptor.vnfd)
             - (collection element) CollectionFetchableElementEntityGraph(entity=org.project.neutrino.nfvo.catalogue.mano.descriptor.VirtualNetworkFunctionDescriptor, querySpaceUid=<gen:12>, path=org.project.neutrino.nfvo.catalogue.mano.descriptor.NetworkServiceDescriptor.vnfd.<elements>)
                - CollectionAttributeFetchImpl(collection=org.project.neutrino.nfvo.catalogue.mano.descriptor.VirtualNetworkFunctionDescriptor.deployment_flavour, querySpaceUid=<gen:13>, path=org.project.neutrino.nfvo.catalogue.mano.descriptor.NetworkServiceDescriptor.vnfd.<elements>.deployment_flavour)
                   - (collection element) CollectionFetchableElementEntityGraph(entity=org.project.neutrino.nfvo.catalogue.mano.descriptor.VNFDDeploymentFlavour, querySpaceUid=<gen:14>, path=org.project.neutrino.nfvo.catalogue.mano.descriptor.NetworkServiceDescriptor.vnfd.<elements>.deployment_flavour.<elements>)
                      - CollectionAttributeFetchImpl(collection=org.project.neutrino.nfvo.catalogue.mano.descriptor.VNFDDeploymentFlavour.df_constraint, querySpaceUid=<gen:15>, path=org.project.neutrino.nfvo.catalogue.mano.descriptor.NetworkServiceDescriptor.vnfd.<elements>.deployment_flavour.<elements>.df_constraint)
    - QuerySpaces
       - EntityQuerySpaceImpl(uid=<gen:0>, entity=org.project.neutrino.nfvo.catalogue.mano.descriptor.NetworkServiceDescriptor)
          - SQL table alias mapping - networkser0_
          - alias suffix - 0_
          - suffixed key columns - {id1_27_0_}
          - JOIN (JoinDefinedByMetadata(monitoring_parameter)) : <gen:0> -> <gen:1>
             - CollectionQuerySpaceImpl(uid=<gen:1>, collection=org.project.neutrino.nfvo.catalogue.mano.common.NFVEntityDescriptor.monitoring_parameter)
                - SQL table alias mapping - monitoring1_
                - alias suffix - 1_
                - suffixed key columns - {nfventit1_27_1_}
          - JOIN (JoinDefinedByMetadata(nsd_security)) : <gen:0> -> <gen:2>
             - EntityQuerySpaceImpl(uid=<gen:2>, entity=org.project.neutrino.nfvo.catalogue.mano.common.Security)
                - SQL table alias mapping - security2_
                - alias suffix - 2_
                - suffixed key columns - {id1_43_2_}
          - JOIN (JoinDefinedByMetadata(vnf_dependency)) : <gen:0> -> <gen:3>
             - CollectionQuerySpaceImpl(uid=<gen:3>, collection=org.project.neutrino.nfvo.catalogue.mano.descriptor.NetworkServiceDescriptor.vnf_dependency)
                - SQL table alias mapping - vnf_depend3_
                - alias suffix - 3_
                - suffixed key columns - {network_1_27_3_}
                - entity-element alias suffix - 4_
                - 4_entity-element suffixed key columns - id1_86_4_
                - JOIN (JoinDefinedByMetadata(elements)) : <gen:3> -> <gen:4>
                   - EntityQuerySpaceImpl(uid=<gen:4>, entity=org.project.neutrino.nfvo.catalogue.mano.common.VNFDependency)
                      - SQL table alias mapping - vnfdepende4_
                      - alias suffix - 4_
                      - suffixed key columns - {id1_86_4_}
                      - JOIN (JoinDefinedByMetadata(source)) : <gen:4> -> <gen:5>
                         - EntityQuerySpaceImpl(uid=<gen:5>, entity=org.project.neutrino.nfvo.catalogue.mano.descriptor.VirtualNetworkFunctionDescriptor)
                            - SQL table alias mapping - virtualnet5_
                            - alias suffix - 5_
                            - suffixed key columns - {id1_27_5_}
                      - JOIN (JoinDefinedByMetadata(target)) : <gen:4> -> <gen:8>
                         - EntityQuerySpaceImpl(uid=<gen:8>, entity=org.project.neutrino.nfvo.catalogue.mano.descriptor.VirtualNetworkFunctionDescriptor)
                            - SQL table alias mapping - virtualnet6_
                            - alias suffix - 6_
                            - suffixed key columns - {id1_27_6_}
          - JOIN (JoinDefinedByMetadata(vnfd)) : <gen:0> -> <gen:11>
             - CollectionQuerySpaceImpl(uid=<gen:11>, collection=org.project.neutrino.nfvo.catalogue.mano.descriptor.NetworkServiceDescriptor.vnfd)
                - SQL table alias mapping - vnfd7_
                - alias suffix - 7_
                - suffixed key columns - {network_1_27_7_}
                - entity-element alias suffix - 8_
                - 8_entity-element suffixed key columns - id1_27_8_
                - JOIN (JoinDefinedByMetadata(elements)) : <gen:11> -> <gen:12>
                   - EntityQuerySpaceImpl(uid=<gen:12>, entity=org.project.neutrino.nfvo.catalogue.mano.descriptor.VirtualNetworkFunctionDescriptor)
                      - SQL table alias mapping - virtualnet8_
                      - alias suffix - 8_
                      - suffixed key columns - {id1_27_8_}
                      - JOIN (JoinDefinedByMetadata(deployment_flavour)) : <gen:12> -> <gen:13>
                         - CollectionQuerySpaceImpl(uid=<gen:13>, collection=org.project.neutrino.nfvo.catalogue.mano.descriptor.VirtualNetworkFunctionDescriptor.deployment_flavour)
                            - SQL table alias mapping - deployment9_
                            - alias suffix - 9_
                            - suffixed key columns - {virtual_1_27_9_}
                            - entity-element alias suffix - 10_
                            - 10_entity-element suffixed key columns - id1_7_10_
                            - JOIN (JoinDefinedByMetadata(elements)) : <gen:13> -> <gen:14>
                               - EntityQuerySpaceImpl(uid=<gen:14>, entity=org.project.neutrino.nfvo.catalogue.mano.descriptor.VNFDDeploymentFlavour)
                                  - SQL table alias mapping - vnfddeploy10_
                                  - alias suffix - 10_
                                  - suffixed key columns - {id1_7_10_}

13:23:06.404 [Test worker] DEBUG o.h.loader.entity.plan.EntityLoader - Static select for entity org.project.neutrino.nfvo.catalogue.mano.descriptor.NetworkServiceDescriptor [READ]: select networkser0_.id as id1_27_0_, networkser0_.hb_version as hb_versi2_27_0_, networkser0_.vendor as vendor3_27_0_, networkser0_.version as version4_27_0_, networkser0_.nsd_security_id as nsd_secu1_14_0_, monitoring1_.nfventity_descriptor_Id as nfventit1_27_1_, monitoring1_.monitoring_parameter as monitori2_31_1_, security2_.id as id1_43_2_, security2_.version as version2_43_2_, vnf_depend3_.network_service_descriptor_Id as network_1_27_3_, vnfdepende4_.id as vnf_depe2_16_3_, vnfdepende4_.id as id1_86_4_, vnfdepende4_.source_Id as source_I3_86_4_, vnfdepende4_.target_Id as target_I4_86_4_, vnfdepende4_.version as version2_86_4_, virtualnet5_.id as id1_27_5_, virtualnet5_.hb_version as hb_versi2_27_5_, virtualnet5_.vendor as vendor3_27_5_, virtualnet5_.version as version4_27_5_, virtualnet5_.descriptor_version as descript1_62_5_, virtualnet5_.manifest_file as manifest2_62_5_, virtualnet6_.id as id1_27_6_, virtualnet6_.hb_version as hb_versi2_27_6_, virtualnet6_.vendor as vendor3_27_6_, virtualnet6_.version as version4_27_6_, virtualnet6_.descriptor_version as descript1_62_6_, virtualnet6_.manifest_file as manifest2_62_6_, vnfd7_.network_service_descriptor_Id as network_1_27_7_, virtualnet8_.id as vnfd_Id2_17_7_, virtualnet8_.id as id1_27_8_, virtualnet8_.hb_version as hb_versi2_27_8_, virtualnet8_.vendor as vendor3_27_8_, virtualnet8_.version as version4_27_8_, virtualnet8_.descriptor_version as descript1_62_8_, virtualnet8_.manifest_file as manifest2_62_8_, deployment9_.virtual_network_function_descriptor_Id as virtual_1_27_9_, vnfddeploy10_.id as deployme2_63_9_, vnfddeploy10_.id as id1_7_10_, vnfddeploy10_.flavour_key as flavour_2_7_10_, vnfddeploy10_.version as version3_7_10_ from network_service_descriptor networkser0_ left outer join nfventity_descriptor_monitoring_parameter monitoring1_ on networkser0_.id=monitoring1_.nfventity_descriptor_Id left outer join security security2_ on networkser0_.nsd_security_id=security2_.id left outer join network_service_descriptor_vnf_dependency vnf_depend3_ on networkser0_.id=vnf_depend3_.network_service_descriptor_Id left outer join vnfdependency vnfdepende4_ on vnf_depend3_.vnf_dependency_id=vnfdepende4_.id left outer join virtual_network_function_descriptor virtualnet5_ on vnfdepende4_.source_Id=virtualnet5_.id left outer join virtual_network_function_descriptor virtualnet6_ on vnfdepende4_.target_Id=virtualnet6_.id left outer join network_service_descriptor_vnfd vnfd7_ on networkser0_.id=vnfd7_.network_service_descriptor_Id left outer join virtual_network_function_descriptor virtualnet8_ on vnfd7_.vnfd_Id=virtualnet8_.id left outer join virtual_network_function_descriptor_deployment_flavour deployment9_ on virtualnet8_.id=deployment9_.virtual_network_function_descriptor_Id left outer join vnfddeployment_flavour vnfddeploy10_ on deployment9_.deployment_flavour_id=vnfddeploy10_.id where networkser0_.id=?
13:23:06.404 [Test worker] DEBUG o.h.l.p.b.i.spaces.QuerySpacesImpl - Adding QuerySpace : uid = <gen:0> -> org.hibernate.loader.plan.build.internal.spaces.EntityQuerySpaceImpl@26fc341a]
13:23:06.404 [Test worker] DEBUG o.h.p.w.spi.MetamodelGraphWalker - Visiting attribute path : auto_scale_policy
13:23:06.404 [Test worker] DEBUG o.h.p.w.spi.MetamodelGraphWalker - Visiting attribute path : connection_point
13:23:06.404 [Test worker] DEBUG o.h.p.w.spi.MetamodelGraphWalker - Visiting attribute path : hb_version
13:23:06.404 [Test worker] DEBUG o.h.p.w.spi.MetamodelGraphWalker - Visiting attribute path : lifecycle_event
13:23:06.405 [Test worker] DEBUG o.h.p.w.spi.MetamodelGraphWalker - Visiting attribute path : monitoring_parameter
13:23:06.405 [Test worker] DEBUG o.h.l.p.b.i.spaces.QuerySpacesImpl - Adding QuerySpace : uid = <gen:1> -> org.hibernate.loader.plan.build.internal.spaces.CollectionQuerySpaceImpl@a17b698]
13:23:06.405 [Test worker] DEBUG o.h.p.w.spi.MetamodelGraphWalker - Visiting attribute path : service_deployment_flavour
13:23:06.405 [Test worker] DEBUG o.h.p.w.spi.MetamodelGraphWalker - Visiting attribute path : vendor
13:23:06.405 [Test worker] DEBUG o.h.p.w.spi.MetamodelGraphWalker - Visiting attribute path : version
13:23:06.405 [Test worker] DEBUG o.h.p.w.spi.MetamodelGraphWalker - Visiting attribute path : vld
13:23:06.405 [Test worker] DEBUG o.h.p.w.spi.MetamodelGraphWalker - Visiting attribute path : vnffgd
13:23:06.405 [Test worker] DEBUG o.h.p.w.spi.MetamodelGraphWalker - Visiting attribute path : nsd_security
13:23:06.405 [Test worker] DEBUG o.h.l.p.b.i.spaces.QuerySpacesImpl - Adding QuerySpace : uid = <gen:2> -> org.hibernate.loader.plan.build.internal.spaces.EntityQuerySpaceImpl@1ad4ba55]
13:23:06.406 [Test worker] DEBUG o.h.p.w.spi.MetamodelGraphWalker - Visiting attribute path : pnfd
13:23:06.406 [Test worker] DEBUG o.h.p.w.spi.MetamodelGraphWalker - Visiting attribute path : vnf_dependency
13:23:06.406 [Test worker] DEBUG o.h.l.p.b.i.spaces.QuerySpacesImpl - Adding QuerySpace : uid = <gen:3> -> org.hibernate.loader.plan.build.internal.spaces.CollectionQuerySpaceImpl@4153036]
13:23:06.406 [Test worker] DEBUG o.h.l.p.b.i.spaces.QuerySpacesImpl - Adding QuerySpace : uid = <gen:4> -> org.hibernate.loader.plan.build.internal.spaces.EntityQuerySpaceImpl@b102b52]
13:23:06.406 [Test worker] DEBUG o.h.p.w.spi.MetamodelGraphWalker - Visiting attribute path : vnfd
13:23:06.406 [Test worker] DEBUG o.h.l.p.b.i.spaces.QuerySpacesImpl - Adding QuerySpace : uid = <gen:5> -> org.hibernate.loader.plan.build.internal.spaces.CollectionQuerySpaceImpl@528c1a2a]
13:23:06.406 [Test worker] DEBUG o.h.l.p.b.i.spaces.QuerySpacesImpl - Adding QuerySpace : uid = <gen:6> -> org.hibernate.loader.plan.build.internal.spaces.EntityQuerySpaceImpl@6c09e5bc]
13:23:06.407 [Test worker] DEBUG o.h.l.p.b.i.FetchStyleLoadPlanBuildingAssociationVisitationStrategy - Building LoadPlan...
13:23:06.407 [Test worker] DEBUG o.h.l.p.e.i.LoadQueryJoinAndFetchProcessor - processing queryspace <gen:0>
13:23:06.407 [Test worker] DEBUG o.h.l.p.b.spi.LoadPlanTreePrinter - LoadPlan(entity=org.project.neutrino.nfvo.catalogue.mano.descriptor.NetworkServiceDescriptor)
    - Returns
       - EntityReturnImpl(entity=org.project.neutrino.nfvo.catalogue.mano.descriptor.NetworkServiceDescriptor, querySpaceUid=<gen:0>, path=org.project.neutrino.nfvo.catalogue.mano.descriptor.NetworkServiceDescriptor)
          - CollectionAttributeFetchImpl(collection=org.project.neutrino.nfvo.catalogue.mano.common.NFVEntityDescriptor.monitoring_parameter, querySpaceUid=<gen:1>, path=org.project.neutrino.nfvo.catalogue.mano.descriptor.NetworkServiceDescriptor.monitoring_parameter)
          - EntityAttributeFetchImpl(entity=org.project.neutrino.nfvo.catalogue.mano.common.Security, querySpaceUid=<gen:2>, path=org.project.neutrino.nfvo.catalogue.mano.descriptor.NetworkServiceDescriptor.nsd_security)
          - CollectionAttributeFetchImpl(collection=org.project.neutrino.nfvo.catalogue.mano.descriptor.NetworkServiceDescriptor.vnf_dependency, querySpaceUid=<gen:3>, path=org.project.neutrino.nfvo.catalogue.mano.descriptor.NetworkServiceDescriptor.vnf_dependency)
             - (collection element) CollectionFetchableElementEntityGraph(entity=org.project.neutrino.nfvo.catalogue.mano.common.VNFDependency, querySpaceUid=<gen:4>, path=org.project.neutrino.nfvo.catalogue.mano.descriptor.NetworkServiceDescriptor.vnf_dependency.<elements>)
          - CollectionAttributeFetchImpl(collection=org.project.neutrino.nfvo.catalogue.mano.descriptor.NetworkServiceDescriptor.vnfd, querySpaceUid=<gen:5>, path=org.project.neutrino.nfvo.catalogue.mano.descriptor.NetworkServiceDescriptor.vnfd)
             - (collection element) CollectionFetchableElementEntityGraph(entity=org.project.neutrino.nfvo.catalogue.mano.descriptor.VirtualNetworkFunctionDescriptor, querySpaceUid=<gen:6>, path=org.project.neutrino.nfvo.catalogue.mano.descriptor.NetworkServiceDescriptor.vnfd.<elements>)
    - QuerySpaces
       - EntityQuerySpaceImpl(uid=<gen:0>, entity=org.project.neutrino.nfvo.catalogue.mano.descriptor.NetworkServiceDescriptor)
          - SQL table alias mapping - networkser0_
          - alias suffix - 0_
          - suffixed key columns - {id1_27_0_}

13:23:06.407 [Test worker] DEBUG o.h.loader.entity.plan.EntityLoader - Static select for entity org.project.neutrino.nfvo.catalogue.mano.descriptor.NetworkServiceDescriptor [UPGRADE]: select networkser0_.id as id1_27_0_, networkser0_.hb_version as hb_versi2_27_0_, networkser0_.vendor as vendor3_27_0_, networkser0_.version as version4_27_0_, networkser0_.nsd_security_id as nsd_secu1_14_0_ from network_service_descriptor networkser0_ where networkser0_.id=? for update
13:23:06.407 [Test worker] DEBUG o.h.l.p.b.i.spaces.QuerySpacesImpl - Adding QuerySpace : uid = <gen:0> -> org.hibernate.loader.plan.build.internal.spaces.EntityQuerySpaceImpl@7dc9d10d]
13:23:06.408 [Test worker] DEBUG o.h.p.w.spi.MetamodelGraphWalker - Visiting attribute path : auto_scale_policy
13:23:06.408 [Test worker] DEBUG o.h.p.w.spi.MetamodelGraphWalker - Visiting attribute path : connection_point
13:23:06.408 [Test worker] DEBUG o.h.p.w.spi.MetamodelGraphWalker - Visiting attribute path : hb_version
13:23:06.408 [Test worker] DEBUG o.h.p.w.spi.MetamodelGraphWalker - Visiting attribute path : lifecycle_event
13:23:06.408 [Test worker] DEBUG o.h.p.w.spi.MetamodelGraphWalker - Visiting attribute path : monitoring_parameter
13:23:06.408 [Test worker] DEBUG o.h.l.p.b.i.spaces.QuerySpacesImpl - Adding QuerySpace : uid = <gen:1> -> org.hibernate.loader.plan.build.internal.spaces.CollectionQuerySpaceImpl@45c480b4]
13:23:06.408 [Test worker] DEBUG o.h.p.w.spi.MetamodelGraphWalker - Visiting attribute path : service_deployment_flavour
13:23:06.408 [Test worker] DEBUG o.h.p.w.spi.MetamodelGraphWalker - Visiting attribute path : vendor
13:23:06.408 [Test worker] DEBUG o.h.p.w.spi.MetamodelGraphWalker - Visiting attribute path : version
13:23:06.408 [Test worker] DEBUG o.h.p.w.spi.MetamodelGraphWalker - Visiting attribute path : vld
13:23:06.408 [Test worker] DEBUG o.h.p.w.spi.MetamodelGraphWalker - Visiting attribute path : vnffgd
13:23:06.409 [Test worker] DEBUG o.h.p.w.spi.MetamodelGraphWalker - Visiting attribute path : nsd_security
13:23:06.409 [Test worker] DEBUG o.h.l.p.b.i.spaces.QuerySpacesImpl - Adding QuerySpace : uid = <gen:2> -> org.hibernate.loader.plan.build.internal.spaces.EntityQuerySpaceImpl@67ddcd34]
13:23:06.409 [Test worker] DEBUG o.h.p.w.spi.MetamodelGraphWalker - Visiting attribute path : pnfd
13:23:06.409 [Test worker] DEBUG o.h.p.w.spi.MetamodelGraphWalker - Visiting attribute path : vnf_dependency
13:23:06.409 [Test worker] DEBUG o.h.l.p.b.i.spaces.QuerySpacesImpl - Adding QuerySpace : uid = <gen:3> -> org.hibernate.loader.plan.build.internal.spaces.CollectionQuerySpaceImpl@12cb4632]
13:23:06.409 [Test worker] DEBUG o.h.l.p.b.i.spaces.QuerySpacesImpl - Adding QuerySpace : uid = <gen:4> -> org.hibernate.loader.plan.build.internal.spaces.EntityQuerySpaceImpl@5f6d8641]
13:23:06.409 [Test worker] DEBUG o.h.p.w.spi.MetamodelGraphWalker - Visiting attribute path : vnfd
13:23:06.409 [Test worker] DEBUG o.h.l.p.b.i.spaces.QuerySpacesImpl - Adding QuerySpace : uid = <gen:5> -> org.hibernate.loader.plan.build.internal.spaces.CollectionQuerySpaceImpl@f894659]
13:23:06.409 [Test worker] DEBUG o.h.l.p.b.i.spaces.QuerySpacesImpl - Adding QuerySpace : uid = <gen:6> -> org.hibernate.loader.plan.build.internal.spaces.EntityQuerySpaceImpl@7d698506]
13:23:06.409 [Test worker] DEBUG o.h.l.p.b.i.FetchStyleLoadPlanBuildingAssociationVisitationStrategy - Building LoadPlan...
13:23:06.410 [Test worker] DEBUG o.h.l.p.e.i.LoadQueryJoinAndFetchProcessor - processing queryspace <gen:0>
13:23:06.410 [Test worker] DEBUG o.h.l.p.b.spi.LoadPlanTreePrinter - LoadPlan(entity=org.project.neutrino.nfvo.catalogue.mano.descriptor.NetworkServiceDescriptor)
    - Returns
       - EntityReturnImpl(entity=org.project.neutrino.nfvo.catalogue.mano.descriptor.NetworkServiceDescriptor, querySpaceUid=<gen:0>, path=org.project.neutrino.nfvo.catalogue.mano.descriptor.NetworkServiceDescriptor)
          - CollectionAttributeFetchImpl(collection=org.project.neutrino.nfvo.catalogue.mano.common.NFVEntityDescriptor.monitoring_parameter, querySpaceUid=<gen:1>, path=org.project.neutrino.nfvo.catalogue.mano.descriptor.NetworkServiceDescriptor.monitoring_parameter)
          - EntityAttributeFetchImpl(entity=org.project.neutrino.nfvo.catalogue.mano.common.Security, querySpaceUid=<gen:2>, path=org.project.neutrino.nfvo.catalogue.mano.descriptor.NetworkServiceDescriptor.nsd_security)
          - CollectionAttributeFetchImpl(collection=org.project.neutrino.nfvo.catalogue.mano.descriptor.NetworkServiceDescriptor.vnf_dependency, querySpaceUid=<gen:3>, path=org.project.neutrino.nfvo.catalogue.mano.descriptor.NetworkServiceDescriptor.vnf_dependency)
             - (collection element) CollectionFetchableElementEntityGraph(entity=org.project.neutrino.nfvo.catalogue.mano.common.VNFDependency, querySpaceUid=<gen:4>, path=org.project.neutrino.nfvo.catalogue.mano.descriptor.NetworkServiceDescriptor.vnf_dependency.<elements>)
          - CollectionAttributeFetchImpl(collection=org.project.neutrino.nfvo.catalogue.mano.descriptor.NetworkServiceDescriptor.vnfd, querySpaceUid=<gen:5>, path=org.project.neutrino.nfvo.catalogue.mano.descriptor.NetworkServiceDescriptor.vnfd)
             - (collection element) CollectionFetchableElementEntityGraph(entity=org.project.neutrino.nfvo.catalogue.mano.descriptor.VirtualNetworkFunctionDescriptor, querySpaceUid=<gen:6>, path=org.project.neutrino.nfvo.catalogue.mano.descriptor.NetworkServiceDescriptor.vnfd.<elements>)
    - QuerySpaces
       - EntityQuerySpaceImpl(uid=<gen:0>, entity=org.project.neutrino.nfvo.catalogue.mano.descriptor.NetworkServiceDescriptor)
          - SQL table alias mapping - networkser0_
          - alias suffix - 0_
          - suffixed key columns - {id1_27_0_}

13:23:06.410 [Test worker] DEBUG o.h.loader.entity.plan.EntityLoader - Static select for entity org.project.neutrino.nfvo.catalogue.mano.descriptor.NetworkServiceDescriptor [UPGRADE_NOWAIT]: select networkser0_.id as id1_27_0_, networkser0_.hb_version as hb_versi2_27_0_, networkser0_.vendor as vendor3_27_0_, networkser0_.version as version4_27_0_, networkser0_.nsd_security_id as nsd_secu1_14_0_ from network_service_descriptor networkser0_ where networkser0_.id=? for update
13:23:06.410 [Test worker] DEBUG o.h.l.p.b.i.spaces.QuerySpacesImpl - Adding QuerySpace : uid = <gen:0> -> org.hibernate.loader.plan.build.internal.spaces.EntityQuerySpaceImpl@1a9c8d3d]
13:23:06.410 [Test worker] DEBUG o.h.p.w.spi.MetamodelGraphWalker - Visiting attribute path : auto_scale_policy
13:23:06.411 [Test worker] DEBUG o.h.p.w.spi.MetamodelGraphWalker - Visiting attribute path : connection_point
13:23:06.411 [Test worker] DEBUG o.h.p.w.spi.MetamodelGraphWalker - Visiting attribute path : hb_version
13:23:06.411 [Test worker] DEBUG o.h.p.w.spi.MetamodelGraphWalker - Visiting attribute path : lifecycle_event
13:23:06.411 [Test worker] DEBUG o.h.p.w.spi.MetamodelGraphWalker - Visiting attribute path : monitoring_parameter
13:23:06.411 [Test worker] DEBUG o.h.l.p.b.i.spaces.QuerySpacesImpl - Adding QuerySpace : uid = <gen:1> -> org.hibernate.loader.plan.build.internal.spaces.CollectionQuerySpaceImpl@69dee411]
13:23:06.412 [Test worker] DEBUG o.h.p.w.spi.MetamodelGraphWalker - Visiting attribute path : service_deployment_flavour
13:23:06.412 [Test worker] DEBUG o.h.p.w.spi.MetamodelGraphWalker - Visiting attribute path : vendor
13:23:06.412 [Test worker] DEBUG o.h.p.w.spi.MetamodelGraphWalker - Visiting attribute path : version
13:23:06.412 [Test worker] DEBUG o.h.p.w.spi.MetamodelGraphWalker - Visiting attribute path : vld
13:23:06.412 [Test worker] DEBUG o.h.p.w.spi.MetamodelGraphWalker - Visiting attribute path : vnffgd
13:23:06.412 [Test worker] DEBUG o.h.p.w.spi.MetamodelGraphWalker - Visiting attribute path : nsd_security
13:23:06.412 [Test worker] DEBUG o.h.l.p.b.i.spaces.QuerySpacesImpl - Adding QuerySpace : uid = <gen:2> -> org.hibernate.loader.plan.build.internal.spaces.EntityQuerySpaceImpl@284f4e64]
13:23:06.412 [Test worker] DEBUG o.h.p.w.spi.MetamodelGraphWalker - Visiting attribute path : pnfd
13:23:06.412 [Test worker] DEBUG o.h.p.w.spi.MetamodelGraphWalker - Visiting attribute path : vnf_dependency
13:23:06.412 [Test worker] DEBUG o.h.l.p.b.i.spaces.QuerySpacesImpl - Adding QuerySpace : uid = <gen:3> -> org.hibernate.loader.plan.build.internal.spaces.CollectionQuerySpaceImpl@6ea39be8]
13:23:06.412 [Test worker] DEBUG o.h.l.p.b.i.spaces.QuerySpacesImpl - Adding QuerySpace : uid = <gen:4> -> org.hibernate.loader.plan.build.internal.spaces.EntityQuerySpaceImpl@3750d517]
13:23:06.413 [Test worker] DEBUG o.h.p.w.spi.MetamodelGraphWalker - Visiting attribute path : vnfd
13:23:06.413 [Test worker] DEBUG o.h.l.p.b.i.spaces.QuerySpacesImpl - Adding QuerySpace : uid = <gen:5> -> org.hibernate.loader.plan.build.internal.spaces.CollectionQuerySpaceImpl@1bd5f560]
13:23:06.414 [Test worker] DEBUG o.h.l.p.b.i.spaces.QuerySpacesImpl - Adding QuerySpace : uid = <gen:6> -> org.hibernate.loader.plan.build.internal.spaces.EntityQuerySpaceImpl@7be07fe6]
13:23:06.425 [Test worker] DEBUG o.h.l.p.b.i.FetchStyleLoadPlanBuildingAssociationVisitationStrategy - Building LoadPlan...
13:23:06.426 [Test worker] DEBUG o.h.l.p.e.i.LoadQueryJoinAndFetchProcessor - processing queryspace <gen:0>
13:23:06.426 [Test worker] DEBUG o.h.l.p.b.spi.LoadPlanTreePrinter - LoadPlan(entity=org.project.neutrino.nfvo.catalogue.mano.descriptor.NetworkServiceDescriptor)
    - Returns
       - EntityReturnImpl(entity=org.project.neutrino.nfvo.catalogue.mano.descriptor.NetworkServiceDescriptor, querySpaceUid=<gen:0>, path=org.project.neutrino.nfvo.catalogue.mano.descriptor.NetworkServiceDescriptor)
          - CollectionAttributeFetchImpl(collection=org.project.neutrino.nfvo.catalogue.mano.common.NFVEntityDescriptor.monitoring_parameter, querySpaceUid=<gen:1>, path=org.project.neutrino.nfvo.catalogue.mano.descriptor.NetworkServiceDescriptor.monitoring_parameter)
          - EntityAttributeFetchImpl(entity=org.project.neutrino.nfvo.catalogue.mano.common.Security, querySpaceUid=<gen:2>, path=org.project.neutrino.nfvo.catalogue.mano.descriptor.NetworkServiceDescriptor.nsd_security)
          - CollectionAttributeFetchImpl(collection=org.project.neutrino.nfvo.catalogue.mano.descriptor.NetworkServiceDescriptor.vnf_dependency, querySpaceUid=<gen:3>, path=org.project.neutrino.nfvo.catalogue.mano.descriptor.NetworkServiceDescriptor.vnf_dependency)
             - (collection element) CollectionFetchableElementEntityGraph(entity=org.project.neutrino.nfvo.catalogue.mano.common.VNFDependency, querySpaceUid=<gen:4>, path=org.project.neutrino.nfvo.catalogue.mano.descriptor.NetworkServiceDescriptor.vnf_dependency.<elements>)
          - CollectionAttributeFetchImpl(collection=org.project.neutrino.nfvo.catalogue.mano.descriptor.NetworkServiceDescriptor.vnfd, querySpaceUid=<gen:5>, path=org.project.neutrino.nfvo.catalogue.mano.descriptor.NetworkServiceDescriptor.vnfd)
             - (collection element) CollectionFetchableElementEntityGraph(entity=org.project.neutrino.nfvo.catalogue.mano.descriptor.VirtualNetworkFunctionDescriptor, querySpaceUid=<gen:6>, path=org.project.neutrino.nfvo.catalogue.mano.descriptor.NetworkServiceDescriptor.vnfd.<elements>)
    - QuerySpaces
       - EntityQuerySpaceImpl(uid=<gen:0>, entity=org.project.neutrino.nfvo.catalogue.mano.descriptor.NetworkServiceDescriptor)
          - SQL table alias mapping - networkser0_
          - alias suffix - 0_
          - suffixed key columns - {id1_27_0_}

13:23:06.428 [Test worker] DEBUG o.h.loader.entity.plan.EntityLoader - Static select for entity org.project.neutrino.nfvo.catalogue.mano.descriptor.NetworkServiceDescriptor [UPGRADE_SKIPLOCKED]: select networkser0_.id as id1_27_0_, networkser0_.hb_version as hb_versi2_27_0_, networkser0_.vendor as vendor3_27_0_, networkser0_.version as version4_27_0_, networkser0_.nsd_security_id as nsd_secu1_14_0_ from network_service_descriptor networkser0_ where networkser0_.id=? for update
13:23:06.428 [Test worker] DEBUG o.h.l.p.b.i.spaces.QuerySpacesImpl - Adding QuerySpace : uid = <gen:0> -> org.hibernate.loader.plan.build.internal.spaces.EntityQuerySpaceImpl@4fed1493]
13:23:06.428 [Test worker] DEBUG o.h.p.w.spi.MetamodelGraphWalker - Visiting attribute path : auto_scale_policy
13:23:06.428 [Test worker] DEBUG o.h.p.w.spi.MetamodelGraphWalker - Visiting attribute path : connection_point
13:23:06.429 [Test worker] DEBUG o.h.p.w.spi.MetamodelGraphWalker - Visiting attribute path : hb_version
13:23:06.429 [Test worker] DEBUG o.h.p.w.spi.MetamodelGraphWalker - Visiting attribute path : lifecycle_event
13:23:06.429 [Test worker] DEBUG o.h.p.w.spi.MetamodelGraphWalker - Visiting attribute path : monitoring_parameter
13:23:06.429 [Test worker] DEBUG o.h.l.p.b.i.spaces.QuerySpacesImpl - Adding QuerySpace : uid = <gen:1> -> org.hibernate.loader.plan.build.internal.spaces.CollectionQuerySpaceImpl@623f1421]
13:23:06.429 [Test worker] DEBUG o.h.p.w.spi.MetamodelGraphWalker - Visiting attribute path : service_deployment_flavour
13:23:06.429 [Test worker] DEBUG o.h.p.w.spi.MetamodelGraphWalker - Visiting attribute path : vendor
13:23:06.429 [Test worker] DEBUG o.h.p.w.spi.MetamodelGraphWalker - Visiting attribute path : version
13:23:06.429 [Test worker] DEBUG o.h.p.w.spi.MetamodelGraphWalker - Visiting attribute path : vld
13:23:06.429 [Test worker] DEBUG o.h.p.w.spi.MetamodelGraphWalker - Visiting attribute path : vnffgd
13:23:06.429 [Test worker] DEBUG o.h.p.w.spi.MetamodelGraphWalker - Visiting attribute path : nsd_security
13:23:06.429 [Test worker] DEBUG o.h.l.p.b.i.spaces.QuerySpacesImpl - Adding QuerySpace : uid = <gen:2> -> org.hibernate.loader.plan.build.internal.spaces.EntityQuerySpaceImpl@1b42b4eb]
13:23:06.430 [Test worker] DEBUG o.h.p.w.spi.MetamodelGraphWalker - Visiting attribute path : pnfd
13:23:06.430 [Test worker] DEBUG o.h.p.w.spi.MetamodelGraphWalker - Visiting attribute path : vnf_dependency
13:23:06.431 [Test worker] DEBUG o.h.l.p.b.i.spaces.QuerySpacesImpl - Adding QuerySpace : uid = <gen:3> -> org.hibernate.loader.plan.build.internal.spaces.CollectionQuerySpaceImpl@3873be48]
13:23:06.431 [Test worker] DEBUG o.h.l.p.b.i.spaces.QuerySpacesImpl - Adding QuerySpace : uid = <gen:4> -> org.hibernate.loader.plan.build.internal.spaces.EntityQuerySpaceImpl@36d185ec]
13:23:06.431 [Test worker] DEBUG o.h.p.w.spi.MetamodelGraphWalker - Visiting attribute path : vnfd
13:23:06.431 [Test worker] DEBUG o.h.l.p.b.i.spaces.QuerySpacesImpl - Adding QuerySpace : uid = <gen:5> -> org.hibernate.loader.plan.build.internal.spaces.CollectionQuerySpaceImpl@75af6511]
13:23:06.431 [Test worker] DEBUG o.h.l.p.b.i.spaces.QuerySpacesImpl - Adding QuerySpace : uid = <gen:6> -> org.hibernate.loader.plan.build.internal.spaces.EntityQuerySpaceImpl@4e147b73]
13:23:06.431 [Test worker] DEBUG o.h.l.p.b.i.FetchStyleLoadPlanBuildingAssociationVisitationStrategy - Building LoadPlan...
13:23:06.431 [Test worker] DEBUG o.h.l.p.e.i.LoadQueryJoinAndFetchProcessor - processing queryspace <gen:0>
13:23:06.432 [Test worker] DEBUG o.h.l.p.b.spi.LoadPlanTreePrinter - LoadPlan(entity=org.project.neutrino.nfvo.catalogue.mano.descriptor.NetworkServiceDescriptor)
    - Returns
       - EntityReturnImpl(entity=org.project.neutrino.nfvo.catalogue.mano.descriptor.NetworkServiceDescriptor, querySpaceUid=<gen:0>, path=org.project.neutrino.nfvo.catalogue.mano.descriptor.NetworkServiceDescriptor)
          - CollectionAttributeFetchImpl(collection=org.project.neutrino.nfvo.catalogue.mano.common.NFVEntityDescriptor.monitoring_parameter, querySpaceUid=<gen:1>, path=org.project.neutrino.nfvo.catalogue.mano.descriptor.NetworkServiceDescriptor.monitoring_parameter)
          - EntityAttributeFetchImpl(entity=org.project.neutrino.nfvo.catalogue.mano.common.Security, querySpaceUid=<gen:2>, path=org.project.neutrino.nfvo.catalogue.mano.descriptor.NetworkServiceDescriptor.nsd_security)
          - CollectionAttributeFetchImpl(collection=org.project.neutrino.nfvo.catalogue.mano.descriptor.NetworkServiceDescriptor.vnf_dependency, querySpaceUid=<gen:3>, path=org.project.neutrino.nfvo.catalogue.mano.descriptor.NetworkServiceDescriptor.vnf_dependency)
             - (collection element) CollectionFetchableElementEntityGraph(entity=org.project.neutrino.nfvo.catalogue.mano.common.VNFDependency, querySpaceUid=<gen:4>, path=org.project.neutrino.nfvo.catalogue.mano.descriptor.NetworkServiceDescriptor.vnf_dependency.<elements>)
          - CollectionAttributeFetchImpl(collection=org.project.neutrino.nfvo.catalogue.mano.descriptor.NetworkServiceDescriptor.vnfd, querySpaceUid=<gen:5>, path=org.project.neutrino.nfvo.catalogue.mano.descriptor.NetworkServiceDescriptor.vnfd)
             - (collection element) CollectionFetchableElementEntityGraph(entity=org.project.neutrino.nfvo.catalogue.mano.descriptor.VirtualNetworkFunctionDescriptor, querySpaceUid=<gen:6>, path=org.project.neutrino.nfvo.catalogue.mano.descriptor.NetworkServiceDescriptor.vnfd.<elements>)
    - QuerySpaces
       - EntityQuerySpaceImpl(uid=<gen:0>, entity=org.project.neutrino.nfvo.catalogue.mano.descriptor.NetworkServiceDescriptor)
          - SQL table alias mapping - networkser0_
          - alias suffix - 0_
          - suffixed key columns - {id1_27_0_}

13:23:06.434 [Test worker] DEBUG o.h.loader.entity.plan.EntityLoader - Static select for entity org.project.neutrino.nfvo.catalogue.mano.descriptor.NetworkServiceDescriptor [FORCE]: select networkser0_.id as id1_27_0_, networkser0_.hb_version as hb_versi2_27_0_, networkser0_.vendor as vendor3_27_0_, networkser0_.version as version4_27_0_, networkser0_.nsd_security_id as nsd_secu1_14_0_ from network_service_descriptor networkser0_ where networkser0_.id=? for update
13:23:06.434 [Test worker] DEBUG o.h.l.p.b.i.spaces.QuerySpacesImpl - Adding QuerySpace : uid = <gen:0> -> org.hibernate.loader.plan.build.internal.spaces.EntityQuerySpaceImpl@22b4e311]
13:23:06.435 [Test worker] DEBUG o.h.p.w.spi.MetamodelGraphWalker - Visiting attribute path : auto_scale_policy
13:23:06.435 [Test worker] DEBUG o.h.p.w.spi.MetamodelGraphWalker - Visiting attribute path : connection_point
13:23:06.435 [Test worker] DEBUG o.h.p.w.spi.MetamodelGraphWalker - Visiting attribute path : hb_version
13:23:06.435 [Test worker] DEBUG o.h.p.w.spi.MetamodelGraphWalker - Visiting attribute path : lifecycle_event
13:23:06.435 [Test worker] DEBUG o.h.p.w.spi.MetamodelGraphWalker - Visiting attribute path : monitoring_parameter
13:23:06.435 [Test worker] DEBUG o.h.l.p.b.i.spaces.QuerySpacesImpl - Adding QuerySpace : uid = <gen:1> -> org.hibernate.loader.plan.build.internal.spaces.CollectionQuerySpaceImpl@c824fca]
13:23:06.435 [Test worker] DEBUG o.h.p.w.spi.MetamodelGraphWalker - Visiting attribute path : service_deployment_flavour
13:23:06.435 [Test worker] DEBUG o.h.p.w.spi.MetamodelGraphWalker - Visiting attribute path : vendor
13:23:06.435 [Test worker] DEBUG o.h.p.w.spi.MetamodelGraphWalker - Visiting attribute path : version
13:23:06.435 [Test worker] DEBUG o.h.p.w.spi.MetamodelGraphWalker - Visiting attribute path : vld
13:23:06.436 [Test worker] DEBUG o.h.p.w.spi.MetamodelGraphWalker - Visiting attribute path : vnffgd
13:23:06.436 [Test worker] DEBUG o.h.p.w.spi.MetamodelGraphWalker - Visiting attribute path : nsd_security
13:23:06.437 [Test worker] DEBUG o.h.l.p.b.i.spaces.QuerySpacesImpl - Adding QuerySpace : uid = <gen:2> -> org.hibernate.loader.plan.build.internal.spaces.EntityQuerySpaceImpl@3f445d30]
13:23:06.437 [Test worker] DEBUG o.h.p.w.spi.MetamodelGraphWalker - Visiting attribute path : pnfd
13:23:06.437 [Test worker] DEBUG o.h.p.w.spi.MetamodelGraphWalker - Visiting attribute path : vnf_dependency
13:23:06.437 [Test worker] DEBUG o.h.l.p.b.i.spaces.QuerySpacesImpl - Adding QuerySpace : uid = <gen:3> -> org.hibernate.loader.plan.build.internal.spaces.CollectionQuerySpaceImpl@21421ac3]
13:23:06.437 [Test worker] DEBUG o.h.l.p.b.i.spaces.QuerySpacesImpl - Adding QuerySpace : uid = <gen:4> -> org.hibernate.loader.plan.build.internal.spaces.EntityQuerySpaceImpl@7aeb0943]
13:23:06.439 [Test worker] DEBUG o.h.p.w.spi.MetamodelGraphWalker - Visiting attribute path : vnfd
13:23:06.440 [Test worker] DEBUG o.h.l.p.b.i.spaces.QuerySpacesImpl - Adding QuerySpace : uid = <gen:5> -> org.hibernate.loader.plan.build.internal.spaces.CollectionQuerySpaceImpl@5cad4cc0]
13:23:06.440 [Test worker] DEBUG o.h.l.p.b.i.spaces.QuerySpacesImpl - Adding QuerySpace : uid = <gen:6> -> org.hibernate.loader.plan.build.internal.spaces.EntityQuerySpaceImpl@758a00c8]
13:23:06.440 [Test worker] DEBUG o.h.l.p.b.i.FetchStyleLoadPlanBuildingAssociationVisitationStrategy - Building LoadPlan...
13:23:06.441 [Test worker] DEBUG o.h.l.p.e.i.LoadQueryJoinAndFetchProcessor - processing queryspace <gen:0>
13:23:06.441 [Test worker] DEBUG o.h.l.p.b.spi.LoadPlanTreePrinter - LoadPlan(entity=org.project.neutrino.nfvo.catalogue.mano.descriptor.NetworkServiceDescriptor)
    - Returns
       - EntityReturnImpl(entity=org.project.neutrino.nfvo.catalogue.mano.descriptor.NetworkServiceDescriptor, querySpaceUid=<gen:0>, path=org.project.neutrino.nfvo.catalogue.mano.descriptor.NetworkServiceDescriptor)
          - CollectionAttributeFetchImpl(collection=org.project.neutrino.nfvo.catalogue.mano.common.NFVEntityDescriptor.monitoring_parameter, querySpaceUid=<gen:1>, path=org.project.neutrino.nfvo.catalogue.mano.descriptor.NetworkServiceDescriptor.monitoring_parameter)
          - EntityAttributeFetchImpl(entity=org.project.neutrino.nfvo.catalogue.mano.common.Security, querySpaceUid=<gen:2>, path=org.project.neutrino.nfvo.catalogue.mano.descriptor.NetworkServiceDescriptor.nsd_security)
          - CollectionAttributeFetchImpl(collection=org.project.neutrino.nfvo.catalogue.mano.descriptor.NetworkServiceDescriptor.vnf_dependency, querySpaceUid=<gen:3>, path=org.project.neutrino.nfvo.catalogue.mano.descriptor.NetworkServiceDescriptor.vnf_dependency)
             - (collection element) CollectionFetchableElementEntityGraph(entity=org.project.neutrino.nfvo.catalogue.mano.common.VNFDependency, querySpaceUid=<gen:4>, path=org.project.neutrino.nfvo.catalogue.mano.descriptor.NetworkServiceDescriptor.vnf_dependency.<elements>)
          - CollectionAttributeFetchImpl(collection=org.project.neutrino.nfvo.catalogue.mano.descriptor.NetworkServiceDescriptor.vnfd, querySpaceUid=<gen:5>, path=org.project.neutrino.nfvo.catalogue.mano.descriptor.NetworkServiceDescriptor.vnfd)
             - (collection element) CollectionFetchableElementEntityGraph(entity=org.project.neutrino.nfvo.catalogue.mano.descriptor.VirtualNetworkFunctionDescriptor, querySpaceUid=<gen:6>, path=org.project.neutrino.nfvo.catalogue.mano.descriptor.NetworkServiceDescriptor.vnfd.<elements>)
    - QuerySpaces
       - EntityQuerySpaceImpl(uid=<gen:0>, entity=org.project.neutrino.nfvo.catalogue.mano.descriptor.NetworkServiceDescriptor)
          - SQL table alias mapping - networkser0_
          - alias suffix - 0_
          - suffixed key columns - {id1_27_0_}

13:23:06.441 [Test worker] DEBUG o.h.loader.entity.plan.EntityLoader - Static select for entity org.project.neutrino.nfvo.catalogue.mano.descriptor.NetworkServiceDescriptor [PESSIMISTIC_READ]: select networkser0_.id as id1_27_0_, networkser0_.hb_version as hb_versi2_27_0_, networkser0_.vendor as vendor3_27_0_, networkser0_.version as version4_27_0_, networkser0_.nsd_security_id as nsd_secu1_14_0_ from network_service_descriptor networkser0_ where networkser0_.id=? lock in share mode
13:23:06.442 [Test worker] DEBUG o.h.l.p.b.i.spaces.QuerySpacesImpl - Adding QuerySpace : uid = <gen:0> -> org.hibernate.loader.plan.build.internal.spaces.EntityQuerySpaceImpl@373986c1]
13:23:06.442 [Test worker] DEBUG o.h.p.w.spi.MetamodelGraphWalker - Visiting attribute path : auto_scale_policy
13:23:06.442 [Test worker] DEBUG o.h.p.w.spi.MetamodelGraphWalker - Visiting attribute path : connection_point
13:23:06.442 [Test worker] DEBUG o.h.p.w.spi.MetamodelGraphWalker - Visiting attribute path : hb_version
13:23:06.442 [Test worker] DEBUG o.h.p.w.spi.MetamodelGraphWalker - Visiting attribute path : lifecycle_event
13:23:06.442 [Test worker] DEBUG o.h.p.w.spi.MetamodelGraphWalker - Visiting attribute path : monitoring_parameter
13:23:06.442 [Test worker] DEBUG o.h.l.p.b.i.spaces.QuerySpacesImpl - Adding QuerySpace : uid = <gen:1> -> org.hibernate.loader.plan.build.internal.spaces.CollectionQuerySpaceImpl@42493424]
13:23:06.442 [Test worker] DEBUG o.h.p.w.spi.MetamodelGraphWalker - Visiting attribute path : service_deployment_flavour
13:23:06.442 [Test worker] DEBUG o.h.p.w.spi.MetamodelGraphWalker - Visiting attribute path : vendor
13:23:06.442 [Test worker] DEBUG o.h.p.w.spi.MetamodelGraphWalker - Visiting attribute path : version
13:23:06.442 [Test worker] DEBUG o.h.p.w.spi.MetamodelGraphWalker - Visiting attribute path : vld
13:23:06.442 [Test worker] DEBUG o.h.p.w.spi.MetamodelGraphWalker - Visiting attribute path : vnffgd
13:23:06.442 [Test worker] DEBUG o.h.p.w.spi.MetamodelGraphWalker - Visiting attribute path : nsd_security
13:23:06.442 [Test worker] DEBUG o.h.l.p.b.i.spaces.QuerySpacesImpl - Adding QuerySpace : uid = <gen:2> -> org.hibernate.loader.plan.build.internal.spaces.EntityQuerySpaceImpl@53fe497b]
13:23:06.442 [Test worker] DEBUG o.h.p.w.spi.MetamodelGraphWalker - Visiting attribute path : pnfd
13:23:06.443 [Test worker] DEBUG o.h.p.w.spi.MetamodelGraphWalker - Visiting attribute path : vnf_dependency
13:23:06.444 [Test worker] DEBUG o.h.l.p.b.i.spaces.QuerySpacesImpl - Adding QuerySpace : uid = <gen:3> -> org.hibernate.loader.plan.build.internal.spaces.CollectionQuerySpaceImpl@5b8a5551]
13:23:06.444 [Test worker] DEBUG o.h.l.p.b.i.spaces.QuerySpacesImpl - Adding QuerySpace : uid = <gen:4> -> org.hibernate.loader.plan.build.internal.spaces.EntityQuerySpaceImpl@56e767ca]
13:23:06.444 [Test worker] DEBUG o.h.p.w.spi.MetamodelGraphWalker - Visiting attribute path : vnfd
13:23:06.444 [Test worker] DEBUG o.h.l.p.b.i.spaces.QuerySpacesImpl - Adding QuerySpace : uid = <gen:5> -> org.hibernate.loader.plan.build.internal.spaces.CollectionQuerySpaceImpl@724f2b58]
13:23:06.444 [Test worker] DEBUG o.h.l.p.b.i.spaces.QuerySpacesImpl - Adding QuerySpace : uid = <gen:6> -> org.hibernate.loader.plan.build.internal.spaces.EntityQuerySpaceImpl@2ba6d909]
13:23:06.444 [Test worker] DEBUG o.h.l.p.b.i.FetchStyleLoadPlanBuildingAssociationVisitationStrategy - Building LoadPlan...
13:23:06.445 [Test worker] DEBUG o.h.l.p.e.i.LoadQueryJoinAndFetchProcessor - processing queryspace <gen:0>
13:23:06.445 [Test worker] DEBUG o.h.l.p.b.spi.LoadPlanTreePrinter - LoadPlan(entity=org.project.neutrino.nfvo.catalogue.mano.descriptor.NetworkServiceDescriptor)
    - Returns
       - EntityReturnImpl(entity=org.project.neutrino.nfvo.catalogue.mano.descriptor.NetworkServiceDescriptor, querySpaceUid=<gen:0>, path=org.project.neutrino.nfvo.catalogue.mano.descriptor.NetworkServiceDescriptor)
          - CollectionAttributeFetchImpl(collection=org.project.neutrino.nfvo.catalogue.mano.common.NFVEntityDescriptor.monitoring_parameter, querySpaceUid=<gen:1>, path=org.project.neutrino.nfvo.catalogue.mano.descriptor.NetworkServiceDescriptor.monitoring_parameter)
          - EntityAttributeFetchImpl(entity=org.project.neutrino.nfvo.catalogue.mano.common.Security, querySpaceUid=<gen:2>, path=org.project.neutrino.nfvo.catalogue.mano.descriptor.NetworkServiceDescriptor.nsd_security)
          - CollectionAttributeFetchImpl(collection=org.project.neutrino.nfvo.catalogue.mano.descriptor.NetworkServiceDescriptor.vnf_dependency, querySpaceUid=<gen:3>, path=org.project.neutrino.nfvo.catalogue.mano.descriptor.NetworkServiceDescriptor.vnf_dependency)
             - (collection element) CollectionFetchableElementEntityGraph(entity=org.project.neutrino.nfvo.catalogue.mano.common.VNFDependency, querySpaceUid=<gen:4>, path=org.project.neutrino.nfvo.catalogue.mano.descriptor.NetworkServiceDescriptor.vnf_dependency.<elements>)
          - CollectionAttributeFetchImpl(collection=org.project.neutrino.nfvo.catalogue.mano.descriptor.NetworkServiceDescriptor.vnfd, querySpaceUid=<gen:5>, path=org.project.neutrino.nfvo.catalogue.mano.descriptor.NetworkServiceDescriptor.vnfd)
             - (collection element) CollectionFetchableElementEntityGraph(entity=org.project.neutrino.nfvo.catalogue.mano.descriptor.VirtualNetworkFunctionDescriptor, querySpaceUid=<gen:6>, path=org.project.neutrino.nfvo.catalogue.mano.descriptor.NetworkServiceDescriptor.vnfd.<elements>)
    - QuerySpaces
       - EntityQuerySpaceImpl(uid=<gen:0>, entity=org.project.neutrino.nfvo.catalogue.mano.descriptor.NetworkServiceDescriptor)
          - SQL table alias mapping - networkser0_
          - alias suffix - 0_
          - suffixed key columns - {id1_27_0_}

13:23:06.445 [Test worker] DEBUG o.h.loader.entity.plan.EntityLoader - Static select for entity org.project.neutrino.nfvo.catalogue.mano.descriptor.NetworkServiceDescriptor [PESSIMISTIC_WRITE]: select networkser0_.id as id1_27_0_, networkser0_.hb_version as hb_versi2_27_0_, networkser0_.vendor as vendor3_27_0_, networkser0_.version as version4_27_0_, networkser0_.nsd_security_id as nsd_secu1_14_0_ from network_service_descriptor networkser0_ where networkser0_.id=? for update
13:23:06.445 [Test worker] DEBUG o.h.l.p.b.i.spaces.QuerySpacesImpl - Adding QuerySpace : uid = <gen:0> -> org.hibernate.loader.plan.build.internal.spaces.EntityQuerySpaceImpl@56f2f442]
13:23:06.445 [Test worker] DEBUG o.h.p.w.spi.MetamodelGraphWalker - Visiting attribute path : auto_scale_policy
13:23:06.445 [Test worker] DEBUG o.h.p.w.spi.MetamodelGraphWalker - Visiting attribute path : connection_point
13:23:06.446 [Test worker] DEBUG o.h.p.w.spi.MetamodelGraphWalker - Visiting attribute path : hb_version
13:23:06.446 [Test worker] DEBUG o.h.p.w.spi.MetamodelGraphWalker - Visiting attribute path : lifecycle_event
13:23:06.446 [Test worker] DEBUG o.h.p.w.spi.MetamodelGraphWalker - Visiting attribute path : monitoring_parameter
13:23:06.446 [Test worker] DEBUG o.h.l.p.b.i.spaces.QuerySpacesImpl - Adding QuerySpace : uid = <gen:1> -> org.hibernate.loader.plan.build.internal.spaces.CollectionQuerySpaceImpl@40aacae4]
13:23:06.446 [Test worker] DEBUG o.h.p.w.spi.MetamodelGraphWalker - Visiting attribute path : service_deployment_flavour
13:23:06.446 [Test worker] DEBUG o.h.p.w.spi.MetamodelGraphWalker - Visiting attribute path : vendor
13:23:06.446 [Test worker] DEBUG o.h.p.w.spi.MetamodelGraphWalker - Visiting attribute path : version
13:23:06.446 [Test worker] DEBUG o.h.p.w.spi.MetamodelGraphWalker - Visiting attribute path : vld
13:23:06.446 [Test worker] DEBUG o.h.p.w.spi.MetamodelGraphWalker - Visiting attribute path : vnffgd
13:23:06.446 [Test worker] DEBUG o.h.p.w.spi.MetamodelGraphWalker - Visiting attribute path : nsd_security
13:23:06.446 [Test worker] DEBUG o.h.l.p.b.i.spaces.QuerySpacesImpl - Adding QuerySpace : uid = <gen:2> -> org.hibernate.loader.plan.build.internal.spaces.EntityQuerySpaceImpl@cee5fe7]
13:23:06.446 [Test worker] DEBUG o.h.p.w.spi.MetamodelGraphWalker - Visiting attribute path : pnfd
13:23:06.447 [Test worker] DEBUG o.h.p.w.spi.MetamodelGraphWalker - Visiting attribute path : vnf_dependency
13:23:06.448 [Test worker] DEBUG o.h.l.p.b.i.spaces.QuerySpacesImpl - Adding QuerySpace : uid = <gen:3> -> org.hibernate.loader.plan.build.internal.spaces.CollectionQuerySpaceImpl@75da3d52]
13:23:06.448 [Test worker] DEBUG o.h.l.p.b.i.spaces.QuerySpacesImpl - Adding QuerySpace : uid = <gen:4> -> org.hibernate.loader.plan.build.internal.spaces.EntityQuerySpaceImpl@4af00ef0]
13:23:06.448 [Test worker] DEBUG o.h.p.w.spi.MetamodelGraphWalker - Visiting attribute path : vnfd
13:23:06.448 [Test worker] DEBUG o.h.l.p.b.i.spaces.QuerySpacesImpl - Adding QuerySpace : uid = <gen:5> -> org.hibernate.loader.plan.build.internal.spaces.CollectionQuerySpaceImpl@5664d4ff]
13:23:06.448 [Test worker] DEBUG o.h.l.p.b.i.spaces.QuerySpacesImpl - Adding QuerySpace : uid = <gen:6> -> org.hibernate.loader.plan.build.internal.spaces.EntityQuerySpaceImpl@75dbdda8]
13:23:06.448 [Test worker] DEBUG o.h.l.p.b.i.FetchStyleLoadPlanBuildingAssociationVisitationStrategy - Building LoadPlan...
13:23:06.448 [Test worker] DEBUG o.h.l.p.e.i.LoadQueryJoinAndFetchProcessor - processing queryspace <gen:0>
13:23:06.449 [Test worker] DEBUG o.h.l.p.b.spi.LoadPlanTreePrinter - LoadPlan(entity=org.project.neutrino.nfvo.catalogue.mano.descriptor.NetworkServiceDescriptor)
    - Returns
       - EntityReturnImpl(entity=org.project.neutrino.nfvo.catalogue.mano.descriptor.NetworkServiceDescriptor, querySpaceUid=<gen:0>, path=org.project.neutrino.nfvo.catalogue.mano.descriptor.NetworkServiceDescriptor)
          - CollectionAttributeFetchImpl(collection=org.project.neutrino.nfvo.catalogue.mano.common.NFVEntityDescriptor.monitoring_parameter, querySpaceUid=<gen:1>, path=org.project.neutrino.nfvo.catalogue.mano.descriptor.NetworkServiceDescriptor.monitoring_parameter)
          - EntityAttributeFetchImpl(entity=org.project.neutrino.nfvo.catalogue.mano.common.Security, querySpaceUid=<gen:2>, path=org.project.neutrino.nfvo.catalogue.mano.descriptor.NetworkServiceDescriptor.nsd_security)
          - CollectionAttributeFetchImpl(collection=org.project.neutrino.nfvo.catalogue.mano.descriptor.NetworkServiceDescriptor.vnf_dependency, querySpaceUid=<gen:3>, path=org.project.neutrino.nfvo.catalogue.mano.descriptor.NetworkServiceDescriptor.vnf_dependency)
             - (collection element) CollectionFetchableElementEntityGraph(entity=org.project.neutrino.nfvo.catalogue.mano.common.VNFDependency, querySpaceUid=<gen:4>, path=org.project.neutrino.nfvo.catalogue.mano.descriptor.NetworkServiceDescriptor.vnf_dependency.<elements>)
          - CollectionAttributeFetchImpl(collection=org.project.neutrino.nfvo.catalogue.mano.descriptor.NetworkServiceDescriptor.vnfd, querySpaceUid=<gen:5>, path=org.project.neutrino.nfvo.catalogue.mano.descriptor.NetworkServiceDescriptor.vnfd)
             - (collection element) CollectionFetchableElementEntityGraph(entity=org.project.neutrino.nfvo.catalogue.mano.descriptor.VirtualNetworkFunctionDescriptor, querySpaceUid=<gen:6>, path=org.project.neutrino.nfvo.catalogue.mano.descriptor.NetworkServiceDescriptor.vnfd.<elements>)
    - QuerySpaces
       - EntityQuerySpaceImpl(uid=<gen:0>, entity=org.project.neutrino.nfvo.catalogue.mano.descriptor.NetworkServiceDescriptor)
          - SQL table alias mapping - networkser0_
          - alias suffix - 0_
          - suffixed key columns - {id1_27_0_}

13:23:06.449 [Test worker] DEBUG o.h.loader.entity.plan.EntityLoader - Static select for entity org.project.neutrino.nfvo.catalogue.mano.descriptor.NetworkServiceDescriptor [PESSIMISTIC_FORCE_INCREMENT]: select networkser0_.id as id1_27_0_, networkser0_.hb_version as hb_versi2_27_0_, networkser0_.vendor as vendor3_27_0_, networkser0_.version as version4_27_0_, networkser0_.nsd_security_id as nsd_secu1_14_0_ from network_service_descriptor networkser0_ where networkser0_.id=? for update
13:23:06.449 [Test worker] DEBUG o.h.l.p.b.i.spaces.QuerySpacesImpl - Adding QuerySpace : uid = <gen:0> -> org.hibernate.loader.plan.build.internal.spaces.EntityQuerySpaceImpl@35b57d0b]
13:23:06.451 [Test worker] DEBUG o.h.p.w.spi.MetamodelGraphWalker - Visiting attribute path : auto_scale_policy
13:23:06.451 [Test worker] DEBUG o.h.p.w.spi.MetamodelGraphWalker - Visiting attribute path : connection_point
13:23:06.451 [Test worker] DEBUG o.h.p.w.spi.MetamodelGraphWalker - Visiting attribute path : hb_version
13:23:06.451 [Test worker] DEBUG o.h.p.w.spi.MetamodelGraphWalker - Visiting attribute path : lifecycle_event
13:23:06.451 [Test worker] DEBUG o.h.p.w.spi.MetamodelGraphWalker - Visiting attribute path : monitoring_parameter
13:23:06.451 [Test worker] DEBUG o.h.l.p.b.i.spaces.QuerySpacesImpl - Adding QuerySpace : uid = <gen:1> -> org.hibernate.loader.plan.build.internal.spaces.CollectionQuerySpaceImpl@6c71c924]
13:23:06.451 [Test worker] DEBUG o.h.p.w.spi.MetamodelGraphWalker - Visiting attribute path : service_deployment_flavour
13:23:06.451 [Test worker] DEBUG o.h.p.w.spi.MetamodelGraphWalker - Visiting attribute path : vendor
13:23:06.451 [Test worker] DEBUG o.h.p.w.spi.MetamodelGraphWalker - Visiting attribute path : version
13:23:06.452 [Test worker] DEBUG o.h.p.w.spi.MetamodelGraphWalker - Visiting attribute path : vld
13:23:06.452 [Test worker] DEBUG o.h.p.w.spi.MetamodelGraphWalker - Visiting attribute path : vnffgd
13:23:06.452 [Test worker] DEBUG o.h.p.w.spi.MetamodelGraphWalker - Visiting attribute path : nsd_security
13:23:06.452 [Test worker] DEBUG o.h.l.p.b.i.spaces.QuerySpacesImpl - Adding QuerySpace : uid = <gen:2> -> org.hibernate.loader.plan.build.internal.spaces.EntityQuerySpaceImpl@224c921b]
13:23:06.452 [Test worker] DEBUG o.h.p.w.spi.MetamodelGraphWalker - Visiting attribute path : pnfd
13:23:06.452 [Test worker] DEBUG o.h.p.w.spi.MetamodelGraphWalker - Visiting attribute path : vnf_dependency
13:23:06.452 [Test worker] DEBUG o.h.l.p.b.i.spaces.QuerySpacesImpl - Adding QuerySpace : uid = <gen:3> -> org.hibernate.loader.plan.build.internal.spaces.CollectionQuerySpaceImpl@510c3c34]
13:23:06.452 [Test worker] DEBUG o.h.l.p.b.i.spaces.QuerySpacesImpl - Adding QuerySpace : uid = <gen:4> -> org.hibernate.loader.plan.build.internal.spaces.EntityQuerySpaceImpl@7a44a37d]
13:23:06.452 [Test worker] DEBUG o.h.p.w.spi.MetamodelGraphWalker - Visiting attribute path : vnfd
13:23:06.452 [Test worker] DEBUG o.h.l.p.b.i.spaces.QuerySpacesImpl - Adding QuerySpace : uid = <gen:5> -> org.hibernate.loader.plan.build.internal.spaces.CollectionQuerySpaceImpl@3049a241]
13:23:06.453 [Test worker] DEBUG o.h.l.p.b.i.spaces.QuerySpacesImpl - Adding QuerySpace : uid = <gen:6> -> org.hibernate.loader.plan.build.internal.spaces.EntityQuerySpaceImpl@323b722b]
13:23:06.453 [Test worker] DEBUG o.h.l.p.b.i.FetchStyleLoadPlanBuildingAssociationVisitationStrategy - Building LoadPlan...
13:23:06.453 [Test worker] DEBUG o.h.l.p.e.i.LoadQueryJoinAndFetchProcessor - processing queryspace <gen:0>
13:23:06.453 [Test worker] DEBUG o.h.l.p.b.spi.LoadPlanTreePrinter - LoadPlan(entity=org.project.neutrino.nfvo.catalogue.mano.descriptor.NetworkServiceDescriptor)
    - Returns
       - EntityReturnImpl(entity=org.project.neutrino.nfvo.catalogue.mano.descriptor.NetworkServiceDescriptor, querySpaceUid=<gen:0>, path=org.project.neutrino.nfvo.catalogue.mano.descriptor.NetworkServiceDescriptor)
          - CollectionAttributeFetchImpl(collection=org.project.neutrino.nfvo.catalogue.mano.common.NFVEntityDescriptor.monitoring_parameter, querySpaceUid=<gen:1>, path=org.project.neutrino.nfvo.catalogue.mano.descriptor.NetworkServiceDescriptor.monitoring_parameter)
          - EntityAttributeFetchImpl(entity=org.project.neutrino.nfvo.catalogue.mano.common.Security, querySpaceUid=<gen:2>, path=org.project.neutrino.nfvo.catalogue.mano.descriptor.NetworkServiceDescriptor.nsd_security)
          - CollectionAttributeFetchImpl(collection=org.project.neutrino.nfvo.catalogue.mano.descriptor.NetworkServiceDescriptor.vnf_dependency, querySpaceUid=<gen:3>, path=org.project.neutrino.nfvo.catalogue.mano.descriptor.NetworkServiceDescriptor.vnf_dependency)
             - (collection element) CollectionFetchableElementEntityGraph(entity=org.project.neutrino.nfvo.catalogue.mano.common.VNFDependency, querySpaceUid=<gen:4>, path=org.project.neutrino.nfvo.catalogue.mano.descriptor.NetworkServiceDescriptor.vnf_dependency.<elements>)
          - CollectionAttributeFetchImpl(collection=org.project.neutrino.nfvo.catalogue.mano.descriptor.NetworkServiceDescriptor.vnfd, querySpaceUid=<gen:5>, path=org.project.neutrino.nfvo.catalogue.mano.descriptor.NetworkServiceDescriptor.vnfd)
             - (collection element) CollectionFetchableElementEntityGraph(entity=org.project.neutrino.nfvo.catalogue.mano.descriptor.VirtualNetworkFunctionDescriptor, querySpaceUid=<gen:6>, path=org.project.neutrino.nfvo.catalogue.mano.descriptor.NetworkServiceDescriptor.vnfd.<elements>)
    - QuerySpaces
       - EntityQuerySpaceImpl(uid=<gen:0>, entity=org.project.neutrino.nfvo.catalogue.mano.descriptor.NetworkServiceDescriptor)
          - SQL table alias mapping - networkser0_
          - alias suffix - 0_
          - suffixed key columns - {id1_27_0_}

13:23:06.453 [Test worker] DEBUG o.h.loader.entity.plan.EntityLoader - Static select for entity org.project.neutrino.nfvo.catalogue.mano.descriptor.NetworkServiceDescriptor [OPTIMISTIC]: select networkser0_.id as id1_27_0_, networkser0_.hb_version as hb_versi2_27_0_, networkser0_.vendor as vendor3_27_0_, networkser0_.version as version4_27_0_, networkser0_.nsd_security_id as nsd_secu1_14_0_ from network_service_descriptor networkser0_ where networkser0_.id=?
13:23:06.453 [Test worker] DEBUG o.h.l.p.b.i.spaces.QuerySpacesImpl - Adding QuerySpace : uid = <gen:0> -> org.hibernate.loader.plan.build.internal.spaces.EntityQuerySpaceImpl@5cc47ed0]
13:23:06.454 [Test worker] DEBUG o.h.p.w.spi.MetamodelGraphWalker - Visiting attribute path : auto_scale_policy
13:23:06.454 [Test worker] DEBUG o.h.p.w.spi.MetamodelGraphWalker - Visiting attribute path : connection_point
13:23:06.454 [Test worker] DEBUG o.h.p.w.spi.MetamodelGraphWalker - Visiting attribute path : hb_version
13:23:06.454 [Test worker] DEBUG o.h.p.w.spi.MetamodelGraphWalker - Visiting attribute path : lifecycle_event
13:23:06.454 [Test worker] DEBUG o.h.p.w.spi.MetamodelGraphWalker - Visiting attribute path : monitoring_parameter
13:23:06.454 [Test worker] DEBUG o.h.l.p.b.i.spaces.QuerySpacesImpl - Adding QuerySpace : uid = <gen:1> -> org.hibernate.loader.plan.build.internal.spaces.CollectionQuerySpaceImpl@67ca54e5]
13:23:06.454 [Test worker] DEBUG o.h.p.w.spi.MetamodelGraphWalker - Visiting attribute path : service_deployment_flavour
13:23:06.455 [Test worker] DEBUG o.h.p.w.spi.MetamodelGraphWalker - Visiting attribute path : vendor
13:23:06.455 [Test worker] DEBUG o.h.p.w.spi.MetamodelGraphWalker - Visiting attribute path : version
13:23:06.455 [Test worker] DEBUG o.h.p.w.spi.MetamodelGraphWalker - Visiting attribute path : vld
13:23:06.455 [Test worker] DEBUG o.h.p.w.spi.MetamodelGraphWalker - Visiting attribute path : vnffgd
13:23:06.455 [Test worker] DEBUG o.h.p.w.spi.MetamodelGraphWalker - Visiting attribute path : nsd_security
13:23:06.455 [Test worker] DEBUG o.h.l.p.b.i.spaces.QuerySpacesImpl - Adding QuerySpace : uid = <gen:2> -> org.hibernate.loader.plan.build.internal.spaces.EntityQuerySpaceImpl@148bbb9f]
13:23:06.456 [Test worker] DEBUG o.h.p.w.spi.MetamodelGraphWalker - Visiting attribute path : pnfd
13:23:06.456 [Test worker] DEBUG o.h.p.w.spi.MetamodelGraphWalker - Visiting attribute path : vnf_dependency
13:23:06.456 [Test worker] DEBUG o.h.l.p.b.i.spaces.QuerySpacesImpl - Adding QuerySpace : uid = <gen:3> -> org.hibernate.loader.plan.build.internal.spaces.CollectionQuerySpaceImpl@61cace42]
13:23:06.456 [Test worker] DEBUG o.h.l.p.b.i.spaces.QuerySpacesImpl - Adding QuerySpace : uid = <gen:4> -> org.hibernate.loader.plan.build.internal.spaces.EntityQuerySpaceImpl@49ab8136]
13:23:06.456 [Test worker] DEBUG o.h.p.w.spi.MetamodelGraphWalker - Visiting attribute path : vnfd
13:23:06.456 [Test worker] DEBUG o.h.l.p.b.i.spaces.QuerySpacesImpl - Adding QuerySpace : uid = <gen:5> -> org.hibernate.loader.plan.build.internal.spaces.CollectionQuerySpaceImpl@1ab02603]
13:23:06.456 [Test worker] DEBUG o.h.l.p.b.i.spaces.QuerySpacesImpl - Adding QuerySpace : uid = <gen:6> -> org.hibernate.loader.plan.build.internal.spaces.EntityQuerySpaceImpl@228f9ca5]
13:23:06.456 [Test worker] DEBUG o.h.l.p.b.i.FetchStyleLoadPlanBuildingAssociationVisitationStrategy - Building LoadPlan...
13:23:06.456 [Test worker] DEBUG o.h.l.p.e.i.LoadQueryJoinAndFetchProcessor - processing queryspace <gen:0>
13:23:06.457 [Test worker] DEBUG o.h.l.p.b.spi.LoadPlanTreePrinter - LoadPlan(entity=org.project.neutrino.nfvo.catalogue.mano.descriptor.NetworkServiceDescriptor)
    - Returns
       - EntityReturnImpl(entity=org.project.neutrino.nfvo.catalogue.mano.descriptor.NetworkServiceDescriptor, querySpaceUid=<gen:0>, path=org.project.neutrino.nfvo.catalogue.mano.descriptor.NetworkServiceDescriptor)
          - CollectionAttributeFetchImpl(collection=org.project.neutrino.nfvo.catalogue.mano.common.NFVEntityDescriptor.monitoring_parameter, querySpaceUid=<gen:1>, path=org.project.neutrino.nfvo.catalogue.mano.descriptor.NetworkServiceDescriptor.monitoring_parameter)
          - EntityAttributeFetchImpl(entity=org.project.neutrino.nfvo.catalogue.mano.common.Security, querySpaceUid=<gen:2>, path=org.project.neutrino.nfvo.catalogue.mano.descriptor.NetworkServiceDescriptor.nsd_security)
          - CollectionAttributeFetchImpl(collection=org.project.neutrino.nfvo.catalogue.mano.descriptor.NetworkServiceDescriptor.vnf_dependency, querySpaceUid=<gen:3>, path=org.project.neutrino.nfvo.catalogue.mano.descriptor.NetworkServiceDescriptor.vnf_dependency)
             - (collection element) CollectionFetchableElementEntityGraph(entity=org.project.neutrino.nfvo.catalogue.mano.common.VNFDependency, querySpaceUid=<gen:4>, path=org.project.neutrino.nfvo.catalogue.mano.descriptor.NetworkServiceDescriptor.vnf_dependency.<elements>)
          - CollectionAttributeFetchImpl(collection=org.project.neutrino.nfvo.catalogue.mano.descriptor.NetworkServiceDescriptor.vnfd, querySpaceUid=<gen:5>, path=org.project.neutrino.nfvo.catalogue.mano.descriptor.NetworkServiceDescriptor.vnfd)
             - (collection element) CollectionFetchableElementEntityGraph(entity=org.project.neutrino.nfvo.catalogue.mano.descriptor.VirtualNetworkFunctionDescriptor, querySpaceUid=<gen:6>, path=org.project.neutrino.nfvo.catalogue.mano.descriptor.NetworkServiceDescriptor.vnfd.<elements>)
    - QuerySpaces
       - EntityQuerySpaceImpl(uid=<gen:0>, entity=org.project.neutrino.nfvo.catalogue.mano.descriptor.NetworkServiceDescriptor)
          - SQL table alias mapping - networkser0_
          - alias suffix - 0_
          - suffixed key columns - {id1_27_0_}

13:23:06.457 [Test worker] DEBUG o.h.loader.entity.plan.EntityLoader - Static select for entity org.project.neutrino.nfvo.catalogue.mano.descriptor.NetworkServiceDescriptor [OPTIMISTIC_FORCE_INCREMENT]: select networkser0_.id as id1_27_0_, networkser0_.hb_version as hb_versi2_27_0_, networkser0_.vendor as vendor3_27_0_, networkser0_.version as version4_27_0_, networkser0_.nsd_security_id as nsd_secu1_14_0_ from network_service_descriptor networkser0_ where networkser0_.id=?
13:23:06.458 [Test worker] DEBUG org.hibernate.loader.Loader - Static select for action ACTION_MERGE on entity org.project.neutrino.nfvo.catalogue.mano.descriptor.NetworkServiceDescriptor: select networkser0_.id as id1_27_2_, networkser0_.hb_version as hb_versi2_27_2_, networkser0_.vendor as vendor3_27_2_, networkser0_.version as version4_27_2_, networkser0_.nsd_security_id as nsd_secu1_14_2_, auto_scale1_.nfventity_descriptor_Id as nfventit1_27_4_, autoscalep2_.id as auto_sca2_28_4_, autoscalep2_.id as id1_3_0_, autoscalep2_.version as version2_3_0_, security3_.id as id1_43_1_, security3_.version as version2_43_1_ from network_service_descriptor networkser0_ left outer join nfventity_descriptor_auto_scale_policy auto_scale1_ on networkser0_.id=auto_scale1_.nfventity_descriptor_Id left outer join auto_scale_policy autoscalep2_ on auto_scale1_.auto_scale_policy_id=autoscalep2_.id left outer join security security3_ on networkser0_.nsd_security_id=security3_.id where networkser0_.id=?
13:23:06.459 [Test worker] DEBUG org.hibernate.loader.Loader - Static select for action ACTION_REFRESH on entity org.project.neutrino.nfvo.catalogue.mano.descriptor.NetworkServiceDescriptor: select networkser0_.id as id1_27_2_, networkser0_.hb_version as hb_versi2_27_2_, networkser0_.vendor as vendor3_27_2_, networkser0_.version as version4_27_2_, networkser0_.nsd_security_id as nsd_secu1_14_2_, auto_scale1_.nfventity_descriptor_Id as nfventit1_27_4_, autoscalep2_.id as auto_sca2_28_4_, autoscalep2_.id as id1_3_0_, autoscalep2_.version as version2_3_0_, security3_.id as id1_43_1_, security3_.version as version2_43_1_ from network_service_descriptor networkser0_ left outer join nfventity_descriptor_auto_scale_policy auto_scale1_ on networkser0_.id=auto_scale1_.nfventity_descriptor_Id left outer join auto_scale_policy autoscalep2_ on auto_scale1_.auto_scale_policy_id=autoscalep2_.id left outer join security security3_ on networkser0_.nsd_security_id=security3_.id where networkser0_.id=?
13:23:06.459 [Test worker] DEBUG o.h.p.entity.AbstractEntityPersister - Static SQL for entity: org.project.neutrino.nfvo.catalogue.mano.record.NetworkServiceRecord
13:23:06.459 [Test worker] DEBUG o.h.p.entity.AbstractEntityPersister -  Version select: select id from network_service_record where id =?
13:23:06.459 [Test worker] DEBUG o.h.p.entity.AbstractEntityPersister -  Snapshot select: select networkser_.id, networkser_.audit_log as audit_lo2_18_, networkser_.descriptor_reference_Id as descript9_18_, networkser_.lifecycle_event_id as lifecyc10_18_, networkser_.notification as notifica3_18_, networkser_.resource_reservation as resource4_18_, networkser_.runtime_policy_info as runtime_5_18_, networkser_.service_deployment_flavour_id as service11_18_, networkser_.status as status6_18_, networkser_.vendor as vendor7_18_, networkser_.version as version8_18_, networkser_.vnfr_id as vnfr_id12_18_ from network_service_record networkser_ where networkser_.id=?
13:23:06.460 [Test worker] DEBUG o.h.p.entity.AbstractEntityPersister -  Insert 0: insert into network_service_record (audit_log, descriptor_reference_Id, lifecycle_event_id, notification, resource_reservation, runtime_policy_info, service_deployment_flavour_id, status, vendor, version, vnfr_id, id) values (?, ?, ?, ?, ?, ?, ?, ?, ?, ?, ?, ?)
13:23:06.460 [Test worker] DEBUG o.h.p.entity.AbstractEntityPersister -  Update 0: update network_service_record set audit_log=?, descriptor_reference_Id=?, lifecycle_event_id=?, notification=?, resource_reservation=?, runtime_policy_info=?, service_deployment_flavour_id=?, status=?, vendor=?, version=?, vnfr_id=? where id=?
13:23:06.460 [Test worker] DEBUG o.h.p.entity.AbstractEntityPersister -  Delete 0: delete from network_service_record where id=?
13:23:06.460 [Test worker] DEBUG o.h.l.p.b.i.spaces.QuerySpacesImpl - Adding QuerySpace : uid = <gen:0> -> org.hibernate.loader.plan.build.internal.spaces.EntityQuerySpaceImpl@275265d]
13:23:06.460 [Test worker] DEBUG o.h.p.w.spi.MetamodelGraphWalker - Visiting attribute path : audit_log
13:23:06.460 [Test worker] DEBUG o.h.p.w.spi.MetamodelGraphWalker - Visiting attribute path : auto_scale_policy
13:23:06.460 [Test worker] DEBUG o.h.l.p.b.i.spaces.QuerySpacesImpl - Adding QuerySpace : uid = <gen:1> -> org.hibernate.loader.plan.build.internal.spaces.CollectionQuerySpaceImpl@3d0af156]
13:23:06.460 [Test worker] DEBUG o.h.l.p.b.i.spaces.QuerySpacesImpl - Adding QuerySpace : uid = <gen:2> -> org.hibernate.loader.plan.build.internal.spaces.EntityQuerySpaceImpl@196a6469]
13:23:06.460 [Test worker] DEBUG o.h.p.w.spi.MetamodelGraphWalker - Visiting attribute path : auto_scale_policy.version
13:23:06.460 [Test worker] DEBUG o.h.p.w.spi.MetamodelGraphWalker - Visiting attribute path : connection_point
13:23:06.460 [Test worker] DEBUG o.h.l.p.b.i.spaces.QuerySpacesImpl - Adding QuerySpace : uid = <gen:3> -> org.hibernate.loader.plan.build.internal.spaces.CollectionQuerySpaceImpl@40e8ecbd]
13:23:06.460 [Test worker] DEBUG o.h.l.p.b.i.spaces.QuerySpacesImpl - Adding QuerySpace : uid = <gen:4> -> org.hibernate.loader.plan.build.internal.spaces.EntityQuerySpaceImpl@7c0e8d95]
13:23:06.461 [Test worker] DEBUG o.h.p.w.spi.MetamodelGraphWalker - Visiting attribute path : connection_point.type
13:23:06.461 [Test worker] DEBUG o.h.p.w.spi.MetamodelGraphWalker - Visiting attribute path : connection_point.version
13:23:06.461 [Test worker] DEBUG o.h.p.w.spi.MetamodelGraphWalker - Visiting attribute path : connection_point.virtual_link_reference
13:23:06.461 [Test worker] DEBUG o.h.p.w.spi.MetamodelGraphWalker - Visiting attribute path : descriptor_reference
13:23:06.461 [Test worker] DEBUG o.h.l.p.b.i.spaces.QuerySpacesImpl - Adding QuerySpace : uid = <gen:5> -> org.hibernate.loader.plan.build.internal.spaces.EntityQuerySpaceImpl@62b60dd1]
13:23:06.461 [Test worker] DEBUG o.h.p.w.spi.MetamodelGraphWalker - Visiting attribute path : descriptor_reference.auto_scale_policy
13:23:06.461 [Test worker] DEBUG o.h.p.w.spi.MetamodelGraphWalker - Visiting attribute path : descriptor_reference.connection_point
13:23:06.461 [Test worker] DEBUG o.h.p.w.spi.MetamodelGraphWalker - Visiting attribute path : descriptor_reference.hb_version
13:23:06.461 [Test worker] DEBUG o.h.p.w.spi.MetamodelGraphWalker - Visiting attribute path : descriptor_reference.lifecycle_event
13:23:06.461 [Test worker] DEBUG o.h.p.w.spi.MetamodelGraphWalker - Visiting attribute path : descriptor_reference.monitoring_parameter
13:23:06.461 [Test worker] DEBUG o.h.l.p.b.i.spaces.QuerySpacesImpl - Adding QuerySpace : uid = <gen:6> -> org.hibernate.loader.plan.build.internal.spaces.CollectionQuerySpaceImpl@5636534e]
13:23:06.461 [Test worker] DEBUG o.h.p.w.spi.MetamodelGraphWalker - Visiting attribute path : descriptor_reference.service_deployment_flavour
13:23:06.461 [Test worker] DEBUG o.h.p.w.spi.MetamodelGraphWalker - Visiting attribute path : descriptor_reference.vendor
13:23:06.461 [Test worker] DEBUG o.h.p.w.spi.MetamodelGraphWalker - Visiting attribute path : descriptor_reference.version
13:23:06.462 [Test worker] DEBUG o.h.p.w.spi.MetamodelGraphWalker - Visiting attribute path : descriptor_reference.vld
13:23:06.462 [Test worker] DEBUG o.h.p.w.spi.MetamodelGraphWalker - Visiting attribute path : descriptor_reference.vnffgd
13:23:06.462 [Test worker] DEBUG o.h.p.w.spi.MetamodelGraphWalker - Visiting attribute path : descriptor_reference.deployment_flavour
13:23:06.462 [Test worker] DEBUG o.h.l.p.b.i.spaces.QuerySpacesImpl - Adding QuerySpace : uid = <gen:7> -> org.hibernate.loader.plan.build.internal.spaces.CollectionQuerySpaceImpl@68f2d5e]
13:23:06.462 [Test worker] DEBUG o.h.l.p.b.i.spaces.QuerySpacesImpl - Adding QuerySpace : uid = <gen:8> -> org.hibernate.loader.plan.build.internal.spaces.EntityQuerySpaceImpl@21eb79af]
13:23:06.462 [Test worker] DEBUG o.h.p.w.spi.MetamodelGraphWalker - Visiting attribute path : descriptor_reference.deployment_flavour.flavour_key
13:23:06.462 [Test worker] DEBUG o.h.p.w.spi.MetamodelGraphWalker - Visiting attribute path : descriptor_reference.deployment_flavour.version
13:23:06.462 [Test worker] DEBUG o.h.p.w.spi.MetamodelGraphWalker - Visiting attribute path : descriptor_reference.deployment_flavour.costituent_vdu
13:23:06.462 [Test worker] DEBUG o.h.p.w.spi.MetamodelGraphWalker - Visiting attribute path : descriptor_reference.deployment_flavour.df_constraint
13:23:06.463 [Test worker] DEBUG o.h.l.p.b.i.spaces.QuerySpacesImpl - Adding QuerySpace : uid = <gen:9> -> org.hibernate.loader.plan.build.internal.spaces.CollectionQuerySpaceImpl@2c160110]
13:23:06.463 [Test worker] DEBUG o.h.p.w.spi.MetamodelGraphWalker - Visiting attribute path : descriptor_reference.descriptor_version
13:23:06.463 [Test worker] DEBUG o.h.p.w.spi.MetamodelGraphWalker - Visiting attribute path : descriptor_reference.manifest_file
13:23:06.463 [Test worker] DEBUG o.h.p.w.spi.MetamodelGraphWalker - Visiting attribute path : descriptor_reference.manifest_file_security
13:23:06.463 [Test worker] DEBUG o.h.p.w.spi.MetamodelGraphWalker - Visiting attribute path : descriptor_reference.vdu
13:23:06.463 [Test worker] DEBUG o.h.p.w.spi.MetamodelGraphWalker - Visiting attribute path : descriptor_reference.vdu_dependency
13:23:06.463 [Test worker] DEBUG o.h.p.w.spi.MetamodelGraphWalker - Visiting attribute path : descriptor_reference.virtual_link
13:23:06.463 [Test worker] DEBUG o.h.p.w.spi.MetamodelGraphWalker - Visiting attribute path : descriptor_reference.nsd_security
13:23:06.463 [Test worker] DEBUG o.h.l.p.b.i.spaces.QuerySpacesImpl - Adding QuerySpace : uid = <gen:10> -> org.hibernate.loader.plan.build.internal.spaces.EntityQuerySpaceImpl@589fd80c]
13:23:06.463 [Test worker] DEBUG o.h.p.w.spi.MetamodelGraphWalker - Visiting attribute path : descriptor_reference.nsd_security.version
13:23:06.464 [Test worker] DEBUG o.h.p.w.spi.MetamodelGraphWalker - Visiting attribute path : descriptor_reference.pnfd
13:23:06.464 [Test worker] DEBUG o.h.p.w.spi.MetamodelGraphWalker - Visiting attribute path : descriptor_reference.vnf_dependency
13:23:06.464 [Test worker] DEBUG o.h.l.p.b.i.spaces.QuerySpacesImpl - Adding QuerySpace : uid = <gen:11> -> org.hibernate.loader.plan.build.internal.spaces.CollectionQuerySpaceImpl@b1d6a5a]
13:23:06.464 [Test worker] DEBUG o.h.l.p.b.i.spaces.QuerySpacesImpl - Adding QuerySpace : uid = <gen:12> -> org.hibernate.loader.plan.build.internal.spaces.EntityQuerySpaceImpl@38314069]
13:23:06.464 [Test worker] DEBUG o.h.p.w.spi.MetamodelGraphWalker - Visiting attribute path : descriptor_reference.vnf_dependency.source
13:23:06.465 [Test worker] DEBUG o.h.l.p.b.i.spaces.QuerySpacesImpl - Adding QuerySpace : uid = <gen:13> -> org.hibernate.loader.plan.build.internal.spaces.EntityQuerySpaceImpl@4e8ab79b]
13:23:06.465 [Test worker] DEBUG o.h.p.w.spi.MetamodelGraphWalker - Visiting attribute path : descriptor_reference.vnf_dependency.target
13:23:06.465 [Test worker] DEBUG o.h.l.p.b.i.spaces.QuerySpacesImpl - Adding QuerySpace : uid = <gen:14> -> org.hibernate.loader.plan.build.internal.spaces.EntityQuerySpaceImpl@751c4965]
13:23:06.465 [Test worker] DEBUG o.h.p.w.spi.MetamodelGraphWalker - Visiting attribute path : descriptor_reference.vnf_dependency.version
13:23:06.465 [Test worker] DEBUG o.h.p.w.spi.MetamodelGraphWalker - Visiting attribute path : descriptor_reference.vnfd
13:23:06.465 [Test worker] DEBUG o.h.l.p.b.i.spaces.QuerySpacesImpl - Adding QuerySpace : uid = <gen:15> -> org.hibernate.loader.plan.build.internal.spaces.CollectionQuerySpaceImpl@1416c1f4]
13:23:06.465 [Test worker] DEBUG o.h.l.p.b.i.spaces.QuerySpacesImpl - Adding QuerySpace : uid = <gen:16> -> org.hibernate.loader.plan.build.internal.spaces.EntityQuerySpaceImpl@62178479]
13:23:06.465 [Test worker] DEBUG o.h.p.w.spi.MetamodelGraphWalker - Visiting attribute path : descriptor_reference.vnfd.auto_scale_policy
13:23:06.466 [Test worker] DEBUG o.h.p.w.spi.MetamodelGraphWalker - Visiting attribute path : descriptor_reference.vnfd.connection_point
13:23:06.466 [Test worker] DEBUG o.h.p.w.spi.MetamodelGraphWalker - Visiting attribute path : descriptor_reference.vnfd.hb_version
13:23:06.466 [Test worker] DEBUG o.h.p.w.spi.MetamodelGraphWalker - Visiting attribute path : descriptor_reference.vnfd.lifecycle_event
13:23:06.466 [Test worker] DEBUG o.h.p.w.spi.MetamodelGraphWalker - Visiting attribute path : descriptor_reference.vnfd.monitoring_parameter
13:23:06.466 [Test worker] DEBUG o.h.p.w.spi.MetamodelGraphWalker - Property path deemed to be circular : descriptor_reference.vnfd.monitoring_parameter
13:23:06.466 [Test worker] DEBUG o.h.p.w.spi.MetamodelGraphWalker - Visiting attribute path : descriptor_reference.vnfd.service_deployment_flavour
13:23:06.466 [Test worker] DEBUG o.h.p.w.spi.MetamodelGraphWalker - Visiting attribute path : descriptor_reference.vnfd.vendor
13:23:06.466 [Test worker] DEBUG o.h.p.w.spi.MetamodelGraphWalker - Visiting attribute path : descriptor_reference.vnfd.version
13:23:06.466 [Test worker] DEBUG o.h.p.w.spi.MetamodelGraphWalker - Visiting attribute path : descriptor_reference.vnfd.vld
13:23:06.466 [Test worker] DEBUG o.h.p.w.spi.MetamodelGraphWalker - Visiting attribute path : descriptor_reference.vnfd.vnffgd
13:23:06.466 [Test worker] DEBUG o.h.p.w.spi.MetamodelGraphWalker - Visiting attribute path : descriptor_reference.vnfd.deployment_flavour
13:23:06.466 [Test worker] DEBUG o.h.p.w.spi.MetamodelGraphWalker - Property path deemed to be circular : descriptor_reference.vnfd.deployment_flavour
13:23:06.466 [Test worker] DEBUG o.h.p.w.spi.MetamodelGraphWalker - Visiting attribute path : descriptor_reference.vnfd.descriptor_version
13:23:06.466 [Test worker] DEBUG o.h.p.w.spi.MetamodelGraphWalker - Visiting attribute path : descriptor_reference.vnfd.manifest_file
13:23:06.467 [Test worker] DEBUG o.h.p.w.spi.MetamodelGraphWalker - Visiting attribute path : descriptor_reference.vnfd.manifest_file_security
13:23:06.467 [Test worker] DEBUG o.h.p.w.spi.MetamodelGraphWalker - Visiting attribute path : descriptor_reference.vnfd.vdu
13:23:06.467 [Test worker] DEBUG o.h.p.w.spi.MetamodelGraphWalker - Visiting attribute path : descriptor_reference.vnfd.vdu_dependency
13:23:06.467 [Test worker] DEBUG o.h.p.w.spi.MetamodelGraphWalker - Visiting attribute path : descriptor_reference.vnfd.virtual_link
13:23:06.467 [Test worker] DEBUG o.h.p.w.spi.MetamodelGraphWalker - Visiting attribute path : lifecycle_event
13:23:06.467 [Test worker] DEBUG o.h.l.p.b.i.spaces.QuerySpacesImpl - Adding QuerySpace : uid = <gen:17> -> org.hibernate.loader.plan.build.internal.spaces.EntityQuerySpaceImpl@4f8dfc01]
13:23:06.467 [Test worker] DEBUG o.h.p.w.spi.MetamodelGraphWalker - Visiting attribute path : lifecycle_event.lifecycle_events
13:23:06.467 [Test worker] DEBUG o.h.p.w.spi.MetamodelGraphWalker - Visiting attribute path : lifecycle_event.version
13:23:06.468 [Test worker] DEBUG o.h.p.w.spi.MetamodelGraphWalker - Visiting attribute path : lifecycle_event_history
13:23:06.468 [Test worker] DEBUG o.h.l.p.b.i.spaces.QuerySpacesImpl - Adding QuerySpace : uid = <gen:18> -> org.hibernate.loader.plan.build.internal.spaces.CollectionQuerySpaceImpl@530f5c74]
13:23:06.468 [Test worker] DEBUG o.h.l.p.b.i.spaces.QuerySpacesImpl - Adding QuerySpace : uid = <gen:19> -> org.hibernate.loader.plan.build.internal.spaces.EntityQuerySpaceImpl@157eee46]
13:23:06.468 [Test worker] DEBUG o.h.p.w.spi.MetamodelGraphWalker - Visiting attribute path : lifecycle_event_history.lifecycle_events
13:23:06.468 [Test worker] DEBUG o.h.p.w.spi.MetamodelGraphWalker - Visiting attribute path : lifecycle_event_history.version
13:23:06.468 [Test worker] DEBUG o.h.p.w.spi.MetamodelGraphWalker - Visiting attribute path : monitoring_parameter
13:23:06.468 [Test worker] DEBUG o.h.p.w.spi.MetamodelGraphWalker - Visiting attribute path : notification
13:23:06.468 [Test worker] DEBUG o.h.p.w.spi.MetamodelGraphWalker - Visiting attribute path : pnfr
13:23:06.468 [Test worker] DEBUG o.h.l.p.b.i.spaces.QuerySpacesImpl - Adding QuerySpace : uid = <gen:20> -> org.hibernate.loader.plan.build.internal.spaces.CollectionQuerySpaceImpl@24f70c8a]
13:23:06.468 [Test worker] DEBUG o.h.l.p.b.i.spaces.QuerySpacesImpl - Adding QuerySpace : uid = <gen:21> -> org.hibernate.loader.plan.build.internal.spaces.EntityQuerySpaceImpl@57584afb]
13:23:06.469 [Test worker] DEBUG o.h.p.w.spi.MetamodelGraphWalker - Visiting attribute path : pnfr.connected_virtual_link
13:23:06.469 [Test worker] DEBUG o.h.l.p.b.i.spaces.QuerySpacesImpl - Adding QuerySpace : uid = <gen:22> -> org.hibernate.loader.plan.build.internal.spaces.CollectionQuerySpaceImpl@57a4c12d]
13:23:06.469 [Test worker] DEBUG o.h.l.p.b.i.spaces.QuerySpacesImpl - Adding QuerySpace : uid = <gen:23> -> org.hibernate.loader.plan.build.internal.spaces.EntityQuerySpaceImpl@1869e4f]
13:23:06.469 [Test worker] DEBUG o.h.p.w.spi.MetamodelGraphWalker - Visiting attribute path : pnfr.connected_virtual_link.allocated_capacity
13:23:06.469 [Test worker] DEBUG o.h.p.w.spi.MetamodelGraphWalker - Visiting attribute path : pnfr.connected_virtual_link.audit_log
13:23:06.469 [Test worker] DEBUG o.h.p.w.spi.MetamodelGraphWalker - Visiting attribute path : pnfr.connected_virtual_link.connection
13:23:06.469 [Test worker] DEBUG o.h.p.w.spi.MetamodelGraphWalker - Visiting attribute path : pnfr.connected_virtual_link.connectivity_type
13:23:06.469 [Test worker] DEBUG o.h.p.w.spi.MetamodelGraphWalker - Visiting attribute path : pnfr.connected_virtual_link.descriptor_reference
13:23:06.469 [Test worker] DEBUG o.h.p.w.spi.MetamodelGraphWalker - Visiting attribute path : pnfr.connected_virtual_link.leaf_requirement
13:23:06.470 [Test worker] DEBUG o.h.p.w.spi.MetamodelGraphWalker - Visiting attribute path : pnfr.connected_virtual_link.lifecycle_event_history
13:23:06.470 [Test worker] DEBUG o.h.l.p.b.i.spaces.QuerySpacesImpl - Adding QuerySpace : uid = <gen:24> -> org.hibernate.loader.plan.build.internal.spaces.CollectionQuerySpaceImpl@9196c38]
13:23:06.470 [Test worker] DEBUG o.h.l.p.b.i.spaces.QuerySpacesImpl - Adding QuerySpace : uid = <gen:25> -> org.hibernate.loader.plan.build.internal.spaces.EntityQuerySpaceImpl@640fd532]
13:23:06.470 [Test worker] DEBUG o.h.p.w.spi.MetamodelGraphWalker - Visiting attribute path : pnfr.connected_virtual_link.notification
13:23:06.470 [Test worker] DEBUG o.h.p.w.spi.MetamodelGraphWalker - Visiting attribute path : pnfr.connected_virtual_link.number_of_enpoints
13:23:06.470 [Test worker] DEBUG o.h.p.w.spi.MetamodelGraphWalker - Visiting attribute path : pnfr.connected_virtual_link.parent_ns
13:23:06.470 [Test worker] DEBUG o.h.p.w.spi.MetamodelGraphWalker - Visiting attribute path : pnfr.connected_virtual_link.qos
13:23:06.470 [Test worker] DEBUG o.h.p.w.spi.MetamodelGraphWalker - Visiting attribute path : pnfr.connected_virtual_link.root_requirement
13:23:06.470 [Test worker] DEBUG o.h.p.w.spi.MetamodelGraphWalker - Visiting attribute path : pnfr.connected_virtual_link.status
13:23:06.470 [Test worker] DEBUG o.h.p.w.spi.MetamodelGraphWalker - Visiting attribute path : pnfr.connected_virtual_link.test_access
13:23:06.470 [Test worker] DEBUG o.h.p.w.spi.MetamodelGraphWalker - Visiting attribute path : pnfr.connected_virtual_link.vendor
13:23:06.470 [Test worker] DEBUG o.h.p.w.spi.MetamodelGraphWalker - Visiting attribute path : pnfr.connected_virtual_link.version
13:23:06.470 [Test worker] DEBUG o.h.p.w.spi.MetamodelGraphWalker - Visiting attribute path : pnfr.connected_virtual_link.vim_id
13:23:06.470 [Test worker] DEBUG o.h.p.w.spi.MetamodelGraphWalker - Visiting attribute path : pnfr.connected_virtual_link.vnffgr_reference
13:23:06.471 [Test worker] DEBUG o.h.l.p.b.i.spaces.QuerySpacesImpl - Adding QuerySpace : uid = <gen:26> -> org.hibernate.loader.plan.build.internal.spaces.CollectionQuerySpaceImpl@4b75f8f0]
13:23:06.471 [Test worker] DEBUG o.h.l.p.b.i.spaces.QuerySpacesImpl - Adding QuerySpace : uid = <gen:27> -> org.hibernate.loader.plan.build.internal.spaces.EntityQuerySpaceImpl@2e2a7b44]
13:23:06.471 [Test worker] DEBUG o.h.p.w.spi.MetamodelGraphWalker - Visiting attribute path : pnfr.connection_point
13:23:06.471 [Test worker] DEBUG o.h.l.p.b.i.spaces.QuerySpacesImpl - Adding QuerySpace : uid = <gen:28> -> org.hibernate.loader.plan.build.internal.spaces.CollectionQuerySpaceImpl@6702c509]
13:23:06.471 [Test worker] DEBUG o.h.l.p.b.i.spaces.QuerySpacesImpl - Adding QuerySpace : uid = <gen:29> -> org.hibernate.loader.plan.build.internal.spaces.EntityQuerySpaceImpl@66d606b4]
13:23:06.471 [Test worker] DEBUG o.h.p.w.spi.MetamodelGraphWalker - Visiting attribute path : pnfr.connection_point.type
13:23:06.471 [Test worker] DEBUG o.h.p.w.spi.MetamodelGraphWalker - Visiting attribute path : pnfr.connection_point.version
13:23:06.471 [Test worker] DEBUG o.h.p.w.spi.MetamodelGraphWalker - Visiting attribute path : pnfr.connection_point.virtual_link_reference
13:23:06.471 [Test worker] DEBUG o.h.p.w.spi.MetamodelGraphWalker - Visiting attribute path : pnfr.description
13:23:06.472 [Test worker] DEBUG o.h.p.w.spi.MetamodelGraphWalker - Visiting attribute path : pnfr.descriptor_reference
13:23:06.472 [Test worker] DEBUG o.h.l.p.b.i.spaces.QuerySpacesImpl - Adding QuerySpace : uid = <gen:30> -> org.hibernate.loader.plan.build.internal.spaces.EntityQuerySpaceImpl@104cb477]
13:23:06.472 [Test worker] DEBUG o.h.p.w.spi.MetamodelGraphWalker - Visiting attribute path : pnfr.descriptor_reference.connection_point
13:23:06.472 [Test worker] DEBUG o.h.p.w.spi.MetamodelGraphWalker - Visiting attribute path : pnfr.descriptor_reference.description
13:23:06.472 [Test worker] DEBUG o.h.p.w.spi.MetamodelGraphWalker - Visiting attribute path : pnfr.descriptor_reference.descriptor_version
13:23:06.472 [Test worker] DEBUG o.h.p.w.spi.MetamodelGraphWalker - Visiting attribute path : pnfr.descriptor_reference.hb_version
13:23:06.472 [Test worker] DEBUG o.h.p.w.spi.MetamodelGraphWalker - Visiting attribute path : pnfr.descriptor_reference.pnfd_security
13:23:06.472 [Test worker] DEBUG o.h.l.p.b.i.spaces.QuerySpacesImpl - Adding QuerySpace : uid = <gen:31> -> org.hibernate.loader.plan.build.internal.spaces.EntityQuerySpaceImpl@6b7b855]
13:23:06.472 [Test worker] DEBUG o.h.p.w.spi.MetamodelGraphWalker - Visiting attribute path : pnfr.descriptor_reference.vendor
13:23:06.472 [Test worker] DEBUG o.h.p.w.spi.MetamodelGraphWalker - Visiting attribute path : pnfr.descriptor_reference.version
13:23:06.472 [Test worker] DEBUG o.h.p.w.spi.MetamodelGraphWalker - Visiting attribute path : pnfr.oam_reference
13:23:06.473 [Test worker] DEBUG o.h.p.w.spi.MetamodelGraphWalker - Visiting attribute path : pnfr.parent_ns
13:23:06.473 [Test worker] DEBUG o.h.l.p.b.i.spaces.QuerySpacesImpl - Adding QuerySpace : uid = <gen:32> -> org.hibernate.loader.plan.build.internal.spaces.EntityQuerySpaceImpl@7a6d7e5]
13:23:06.473 [Test worker] DEBUG o.h.p.w.spi.MetamodelGraphWalker - Visiting attribute path : pnfr.parent_ns.audit_log
13:23:06.473 [Test worker] DEBUG o.h.p.w.spi.MetamodelGraphWalker - Visiting attribute path : pnfr.parent_ns.auto_scale_policy
13:23:06.473 [Test worker] DEBUG o.h.p.w.spi.MetamodelGraphWalker - Property path deemed to be circular : pnfr.parent_ns.auto_scale_policy
13:23:06.473 [Test worker] DEBUG o.h.p.w.spi.MetamodelGraphWalker - Visiting attribute path : pnfr.parent_ns.connection_point
13:23:06.473 [Test worker] DEBUG o.h.p.w.spi.MetamodelGraphWalker - Property path deemed to be circular : pnfr.parent_ns.connection_point
13:23:06.473 [Test worker] DEBUG o.h.p.w.spi.MetamodelGraphWalker - Visiting attribute path : pnfr.parent_ns.descriptor_reference
13:23:06.473 [Test worker] DEBUG o.h.p.w.spi.MetamodelGraphWalker - Property path deemed to be circular : pnfr.parent_ns.descriptor_reference
13:23:06.473 [Test worker] DEBUG o.h.p.w.spi.MetamodelGraphWalker - Visiting attribute path : pnfr.parent_ns.lifecycle_event
13:23:06.473 [Test worker] DEBUG o.h.p.w.spi.MetamodelGraphWalker - Property path deemed to be circular : pnfr.parent_ns.lifecycle_event
13:23:06.473 [Test worker] DEBUG o.h.p.w.spi.MetamodelGraphWalker - Visiting attribute path : pnfr.parent_ns.lifecycle_event_history
13:23:06.473 [Test worker] DEBUG o.h.p.w.spi.MetamodelGraphWalker - Property path deemed to be circular : pnfr.parent_ns.lifecycle_event_history
13:23:06.473 [Test worker] DEBUG o.h.p.w.spi.MetamodelGraphWalker - Visiting attribute path : pnfr.parent_ns.monitoring_parameter
13:23:06.473 [Test worker] DEBUG o.h.p.w.spi.MetamodelGraphWalker - Visiting attribute path : pnfr.parent_ns.notification
13:23:06.473 [Test worker] DEBUG o.h.p.w.spi.MetamodelGraphWalker - Visiting attribute path : pnfr.parent_ns.pnfr
13:23:06.474 [Test worker] DEBUG o.h.p.w.spi.MetamodelGraphWalker - Property path deemed to be circular : pnfr.parent_ns.pnfr
13:23:06.474 [Test worker] DEBUG o.h.p.w.spi.MetamodelGraphWalker - Visiting attribute path : pnfr.parent_ns.resource_reservation
13:23:06.474 [Test worker] DEBUG o.h.p.w.spi.MetamodelGraphWalker - Visiting attribute path : pnfr.parent_ns.runtime_policy_info
13:23:06.474 [Test worker] DEBUG o.h.p.w.spi.MetamodelGraphWalker - Visiting attribute path : pnfr.parent_ns.service_deployment_flavour
13:23:06.474 [Test worker] DEBUG o.h.l.p.b.i.spaces.QuerySpacesImpl - Adding QuerySpace : uid = <gen:33> -> org.hibernate.loader.plan.build.internal.spaces.EntityQuerySpaceImpl@4b6aca08]
13:23:06.474 [Test worker] DEBUG o.h.p.w.spi.MetamodelGraphWalker - Visiting attribute path : pnfr.parent_ns.status
13:23:06.474 [Test worker] DEBUG o.h.p.w.spi.MetamodelGraphWalker - Visiting attribute path : pnfr.parent_ns.vendor
13:23:06.474 [Test worker] DEBUG o.h.p.w.spi.MetamodelGraphWalker - Visiting attribute path : pnfr.parent_ns.version
13:23:06.474 [Test worker] DEBUG o.h.p.w.spi.MetamodelGraphWalker - Visiting attribute path : pnfr.parent_ns.vlr
13:23:06.474 [Test worker] DEBUG o.h.l.p.b.i.spaces.QuerySpacesImpl - Adding QuerySpace : uid = <gen:34> -> org.hibernate.loader.plan.build.internal.spaces.CollectionQuerySpaceImpl@4ff5f9e6]
13:23:06.474 [Test worker] DEBUG o.h.l.p.b.i.spaces.QuerySpacesImpl - Adding QuerySpace : uid = <gen:35> -> org.hibernate.loader.plan.build.internal.spaces.EntityQuerySpaceImpl@1de9940d]
13:23:06.474 [Test worker] DEBUG o.h.p.w.spi.MetamodelGraphWalker - Visiting attribute path : pnfr.parent_ns.vnf_dependency
13:23:06.474 [Test worker] DEBUG o.h.l.p.b.i.spaces.QuerySpacesImpl - Adding QuerySpace : uid = <gen:36> -> org.hibernate.loader.plan.build.internal.spaces.CollectionQuerySpaceImpl@51f6f0d2]
13:23:06.474 [Test worker] DEBUG o.h.l.p.b.i.spaces.QuerySpacesImpl - Adding QuerySpace : uid = <gen:37> -> org.hibernate.loader.plan.build.internal.spaces.EntityQuerySpaceImpl@2b3c9508]
13:23:06.474 [Test worker] DEBUG o.h.p.w.spi.MetamodelGraphWalker - Visiting attribute path : pnfr.parent_ns.vnffgr
13:23:06.474 [Test worker] DEBUG o.h.l.p.b.i.spaces.QuerySpacesImpl - Adding QuerySpace : uid = <gen:38> -> org.hibernate.loader.plan.build.internal.spaces.CollectionQuerySpaceImpl@165c5665]
13:23:06.474 [Test worker] DEBUG o.h.l.p.b.i.spaces.QuerySpacesImpl - Adding QuerySpace : uid = <gen:39> -> org.hibernate.loader.plan.build.internal.spaces.EntityQuerySpaceImpl@82c0c5b]
13:23:06.474 [Test worker] DEBUG o.h.p.w.spi.MetamodelGraphWalker - Visiting attribute path : pnfr.parent_ns.vnfr
13:23:06.474 [Test worker] DEBUG o.h.l.p.b.i.spaces.QuerySpacesImpl - Adding QuerySpace : uid = <gen:40> -> org.hibernate.loader.plan.build.internal.spaces.EntityQuerySpaceImpl@3df2e8e]
13:23:06.474 [Test worker] DEBUG o.h.p.w.spi.MetamodelGraphWalker - Visiting attribute path : pnfr.pnf_address
13:23:06.475 [Test worker] DEBUG o.h.p.w.spi.MetamodelGraphWalker - Visiting attribute path : pnfr.vendor
13:23:06.475 [Test worker] DEBUG o.h.p.w.spi.MetamodelGraphWalker - Visiting attribute path : pnfr.version
13:23:06.475 [Test worker] DEBUG o.h.p.w.spi.MetamodelGraphWalker - Visiting attribute path : pnfr.vnffgr
13:23:06.475 [Test worker] DEBUG o.h.l.p.b.i.spaces.QuerySpacesImpl - Adding QuerySpace : uid = <gen:41> -> org.hibernate.loader.plan.build.internal.spaces.CollectionQuerySpaceImpl@31696e9e]
13:23:06.475 [Test worker] DEBUG o.h.l.p.b.i.spaces.QuerySpacesImpl - Adding QuerySpace : uid = <gen:42> -> org.hibernate.loader.plan.build.internal.spaces.EntityQuerySpaceImpl@dd606a]
13:23:06.475 [Test worker] DEBUG o.h.p.w.spi.MetamodelGraphWalker - Visiting attribute path : pnfr.vnffgr.audit_log
13:23:06.475 [Test worker] DEBUG o.h.p.w.spi.MetamodelGraphWalker - Visiting attribute path : pnfr.vnffgr.connection_point
13:23:06.475 [Test worker] DEBUG o.h.l.p.b.i.spaces.QuerySpacesImpl - Adding QuerySpace : uid = <gen:43> -> org.hibernate.loader.plan.build.internal.spaces.CollectionQuerySpaceImpl@24db37d4]
13:23:06.475 [Test worker] DEBUG o.h.l.p.b.i.spaces.QuerySpacesImpl - Adding QuerySpace : uid = <gen:44> -> org.hibernate.loader.plan.build.internal.spaces.EntityQuerySpaceImpl@342e5233]
13:23:06.475 [Test worker] DEBUG o.h.p.w.spi.MetamodelGraphWalker - Visiting attribute path : pnfr.vnffgr.dependent_virtual_link
13:23:06.476 [Test worker] DEBUG o.h.l.p.b.i.spaces.QuerySpacesImpl - Adding QuerySpace : uid = <gen:45> -> org.hibernate.loader.plan.build.internal.spaces.CollectionQuerySpaceImpl@4d16ad08]
13:23:06.476 [Test worker] DEBUG o.h.l.p.b.i.spaces.QuerySpacesImpl - Adding QuerySpace : uid = <gen:46> -> org.hibernate.loader.plan.build.internal.spaces.EntityQuerySpaceImpl@bba0fc2]
13:23:06.476 [Test worker] DEBUG o.h.p.w.spi.MetamodelGraphWalker - Visiting attribute path : pnfr.vnffgr.descriptor_reference
13:23:06.476 [Test worker] DEBUG o.h.l.p.b.i.spaces.QuerySpacesImpl - Adding QuerySpace : uid = <gen:47> -> org.hibernate.loader.plan.build.internal.spaces.EntityQuerySpaceImpl@64608f91]
13:23:06.476 [Test worker] DEBUG o.h.p.w.spi.MetamodelGraphWalker - Visiting attribute path : pnfr.vnffgr.lifecycle_event_history
13:23:06.476 [Test worker] DEBUG o.h.l.p.b.i.spaces.QuerySpacesImpl - Adding QuerySpace : uid = <gen:48> -> org.hibernate.loader.plan.build.internal.spaces.CollectionQuerySpaceImpl@7f71ac12]
13:23:06.476 [Test worker] DEBUG o.h.l.p.b.i.spaces.QuerySpacesImpl - Adding QuerySpace : uid = <gen:49> -> org.hibernate.loader.plan.build.internal.spaces.EntityQuerySpaceImpl@7fd8131b]
13:23:06.476 [Test worker] DEBUG o.h.p.w.spi.MetamodelGraphWalker - Visiting attribute path : pnfr.vnffgr.member_vnfs
13:23:06.476 [Test worker] DEBUG o.h.l.p.b.i.spaces.QuerySpacesImpl - Adding QuerySpace : uid = <gen:50> -> org.hibernate.loader.plan.build.internal.spaces.CollectionQuerySpaceImpl@42ce932f]
13:23:06.476 [Test worker] DEBUG o.h.l.p.b.i.spaces.QuerySpacesImpl - Adding QuerySpace : uid = <gen:51> -> org.hibernate.loader.plan.build.internal.spaces.EntityQuerySpaceImpl@82114ed]
13:23:06.476 [Test worker] DEBUG o.h.p.w.spi.MetamodelGraphWalker - Visiting attribute path : pnfr.vnffgr.network_forwarding_path
13:23:06.477 [Test worker] DEBUG o.h.l.p.b.i.spaces.QuerySpacesImpl - Adding QuerySpace : uid = <gen:52> -> org.hibernate.loader.plan.build.internal.spaces.EntityQuerySpaceImpl@33e4d7c6]
13:23:06.477 [Test worker] DEBUG o.h.p.w.spi.MetamodelGraphWalker - Visiting attribute path : pnfr.vnffgr.notification
13:23:06.477 [Test worker] DEBUG o.h.p.w.spi.MetamodelGraphWalker - Visiting attribute path : pnfr.vnffgr.number_of_endpoints
13:23:06.477 [Test worker] DEBUG o.h.p.w.spi.MetamodelGraphWalker - Visiting attribute path : pnfr.vnffgr.number_of_pnfs
13:23:06.477 [Test worker] DEBUG o.h.p.w.spi.MetamodelGraphWalker - Visiting attribute path : pnfr.vnffgr.number_of_virtual_links
13:23:06.477 [Test worker] DEBUG o.h.p.w.spi.MetamodelGraphWalker - Visiting attribute path : pnfr.vnffgr.number_of_vnfs
13:23:06.477 [Test worker] DEBUG o.h.p.w.spi.MetamodelGraphWalker - Visiting attribute path : pnfr.vnffgr.parent_ns
13:23:06.477 [Test worker] DEBUG o.h.l.p.b.i.spaces.QuerySpacesImpl - Adding QuerySpace : uid = <gen:53> -> org.hibernate.loader.plan.build.internal.spaces.EntityQuerySpaceImpl@751222c7]
13:23:06.477 [Test worker] DEBUG o.h.p.w.spi.MetamodelGraphWalker - Visiting attribute path : pnfr.vnffgr.status
13:23:06.477 [Test worker] DEBUG o.h.p.w.spi.MetamodelGraphWalker - Visiting attribute path : pnfr.vnffgr.vendor
13:23:06.477 [Test worker] DEBUG o.h.p.w.spi.MetamodelGraphWalker - Visiting attribute path : pnfr.vnffgr.version
13:23:06.477 [Test worker] DEBUG o.h.p.w.spi.MetamodelGraphWalker - Visiting attribute path : resource_reservation
13:23:06.478 [Test worker] DEBUG o.h.p.w.spi.MetamodelGraphWalker - Visiting attribute path : runtime_policy_info
13:23:06.478 [Test worker] DEBUG o.h.p.w.spi.MetamodelGraphWalker - Visiting attribute path : service_deployment_flavour
13:23:06.478 [Test worker] DEBUG o.h.l.p.b.i.spaces.QuerySpacesImpl - Adding QuerySpace : uid = <gen:54> -> org.hibernate.loader.plan.build.internal.spaces.EntityQuerySpaceImpl@79a972dc]
13:23:06.478 [Test worker] DEBUG o.h.p.w.spi.MetamodelGraphWalker - Visiting attribute path : service_deployment_flavour.flavour_key
13:23:06.478 [Test worker] DEBUG o.h.p.w.spi.MetamodelGraphWalker - Visiting attribute path : service_deployment_flavour.version
13:23:06.478 [Test worker] DEBUG o.h.p.w.spi.MetamodelGraphWalker - Visiting attribute path : service_deployment_flavour.constituent_vnf
13:23:06.478 [Test worker] DEBUG o.h.p.w.spi.MetamodelGraphWalker - Visiting attribute path : status
13:23:06.478 [Test worker] DEBUG o.h.p.w.spi.MetamodelGraphWalker - Visiting attribute path : vendor
13:23:06.478 [Test worker] DEBUG o.h.p.w.spi.MetamodelGraphWalker - Visiting attribute path : version
13:23:06.478 [Test worker] DEBUG o.h.p.w.spi.MetamodelGraphWalker - Visiting attribute path : vlr
13:23:06.478 [Test worker] DEBUG o.h.l.p.b.i.spaces.QuerySpacesImpl - Adding QuerySpace : uid = <gen:55> -> org.hibernate.loader.plan.build.internal.spaces.CollectionQuerySpaceImpl@4073c6c9]
13:23:06.478 [Test worker] DEBUG o.h.l.p.b.i.spaces.QuerySpacesImpl - Adding QuerySpace : uid = <gen:56> -> org.hibernate.loader.plan.build.internal.spaces.EntityQuerySpaceImpl@70ffd72d]
13:23:06.479 [Test worker] DEBUG o.h.p.w.spi.MetamodelGraphWalker - Visiting attribute path : vlr.allocated_capacity
13:23:06.479 [Test worker] DEBUG o.h.p.w.spi.MetamodelGraphWalker - Visiting attribute path : vlr.audit_log
13:23:06.479 [Test worker] DEBUG o.h.p.w.spi.MetamodelGraphWalker - Visiting attribute path : vlr.connection
13:23:06.479 [Test worker] DEBUG o.h.p.w.spi.MetamodelGraphWalker - Visiting attribute path : vlr.connectivity_type
13:23:06.479 [Test worker] DEBUG o.h.p.w.spi.MetamodelGraphWalker - Visiting attribute path : vlr.descriptor_reference
13:23:06.479 [Test worker] DEBUG o.h.p.w.spi.MetamodelGraphWalker - Visiting attribute path : vlr.leaf_requirement
13:23:06.479 [Test worker] DEBUG o.h.p.w.spi.MetamodelGraphWalker - Visiting attribute path : vlr.lifecycle_event_history
13:23:06.479 [Test worker] DEBUG o.h.l.p.b.i.spaces.QuerySpacesImpl - Adding QuerySpace : uid = <gen:57> -> org.hibernate.loader.plan.build.internal.spaces.CollectionQuerySpaceImpl@33fca8e4]
13:23:06.479 [Test worker] DEBUG o.h.l.p.b.i.spaces.QuerySpacesImpl - Adding QuerySpace : uid = <gen:58> -> org.hibernate.loader.plan.build.internal.spaces.EntityQuerySpaceImpl@10b42b66]
13:23:06.480 [Test worker] DEBUG o.h.p.w.spi.MetamodelGraphWalker - Visiting attribute path : vlr.lifecycle_event_history.lifecycle_events
13:23:06.480 [Test worker] DEBUG o.h.p.w.spi.MetamodelGraphWalker - Visiting attribute path : vlr.lifecycle_event_history.version
13:23:06.480 [Test worker] DEBUG o.h.p.w.spi.MetamodelGraphWalker - Visiting attribute path : vlr.notification
13:23:06.480 [Test worker] DEBUG o.h.p.w.spi.MetamodelGraphWalker - Visiting attribute path : vlr.number_of_enpoints
13:23:06.480 [Test worker] DEBUG o.h.p.w.spi.MetamodelGraphWalker - Visiting attribute path : vlr.parent_ns
13:23:06.480 [Test worker] DEBUG o.h.p.w.spi.MetamodelGraphWalker - Visiting attribute path : vlr.qos
13:23:06.480 [Test worker] DEBUG o.h.p.w.spi.MetamodelGraphWalker - Visiting attribute path : vlr.root_requirement
13:23:06.480 [Test worker] DEBUG o.h.p.w.spi.MetamodelGraphWalker - Visiting attribute path : vlr.status
13:23:06.480 [Test worker] DEBUG o.h.p.w.spi.MetamodelGraphWalker - Visiting attribute path : vlr.test_access
13:23:06.480 [Test worker] DEBUG o.h.p.w.spi.MetamodelGraphWalker - Visiting attribute path : vlr.vendor
13:23:06.480 [Test worker] DEBUG o.h.p.w.spi.MetamodelGraphWalker - Visiting attribute path : vlr.version
13:23:06.480 [Test worker] DEBUG o.h.p.w.spi.MetamodelGraphWalker - Visiting attribute path : vlr.vim_id
13:23:06.480 [Test worker] DEBUG o.h.p.w.spi.MetamodelGraphWalker - Visiting attribute path : vlr.vnffgr_reference
13:23:06.481 [Test worker] DEBUG o.h.l.p.b.i.spaces.QuerySpacesImpl - Adding QuerySpace : uid = <gen:59> -> org.hibernate.loader.plan.build.internal.spaces.CollectionQuerySpaceImpl@86a6a27]
13:23:06.481 [Test worker] DEBUG o.h.l.p.b.i.spaces.QuerySpacesImpl - Adding QuerySpace : uid = <gen:60> -> org.hibernate.loader.plan.build.internal.spaces.EntityQuerySpaceImpl@25f2ac2]
13:23:06.481 [Test worker] DEBUG o.h.p.w.spi.MetamodelGraphWalker - Visiting attribute path : vlr.vnffgr_reference.audit_log
13:23:06.481 [Test worker] DEBUG o.h.p.w.spi.MetamodelGraphWalker - Visiting attribute path : vlr.vnffgr_reference.connection_point
13:23:06.481 [Test worker] DEBUG o.h.l.p.b.i.spaces.QuerySpacesImpl - Adding QuerySpace : uid = <gen:61> -> org.hibernate.loader.plan.build.internal.spaces.CollectionQuerySpaceImpl@45de5dc6]
13:23:06.481 [Test worker] DEBUG o.h.l.p.b.i.spaces.QuerySpacesImpl - Adding QuerySpace : uid = <gen:62> -> org.hibernate.loader.plan.build.internal.spaces.EntityQuerySpaceImpl@9de9600]
13:23:06.481 [Test worker] DEBUG o.h.p.w.spi.MetamodelGraphWalker - Visiting attribute path : vlr.vnffgr_reference.dependent_virtual_link
13:23:06.481 [Test worker] DEBUG o.h.l.p.b.i.spaces.QuerySpacesImpl - Adding QuerySpace : uid = <gen:63> -> org.hibernate.loader.plan.build.internal.spaces.CollectionQuerySpaceImpl@7449df0f]
13:23:06.481 [Test worker] DEBUG o.h.l.p.b.i.spaces.QuerySpacesImpl - Adding QuerySpace : uid = <gen:64> -> org.hibernate.loader.plan.build.internal.spaces.EntityQuerySpaceImpl@1dd38d6e]
13:23:06.481 [Test worker] DEBUG o.h.p.w.spi.MetamodelGraphWalker - Visiting attribute path : vlr.vnffgr_reference.descriptor_reference
13:23:06.482 [Test worker] DEBUG o.h.l.p.b.i.spaces.QuerySpacesImpl - Adding QuerySpace : uid = <gen:65> -> org.hibernate.loader.plan.build.internal.spaces.EntityQuerySpaceImpl@2bea400e]
13:23:06.482 [Test worker] DEBUG o.h.p.w.spi.MetamodelGraphWalker - Visiting attribute path : vlr.vnffgr_reference.lifecycle_event_history
13:23:06.482 [Test worker] DEBUG o.h.l.p.b.i.spaces.QuerySpacesImpl - Adding QuerySpace : uid = <gen:66> -> org.hibernate.loader.plan.build.internal.spaces.CollectionQuerySpaceImpl@20136da8]
13:23:06.482 [Test worker] DEBUG o.h.l.p.b.i.spaces.QuerySpacesImpl - Adding QuerySpace : uid = <gen:67> -> org.hibernate.loader.plan.build.internal.spaces.EntityQuerySpaceImpl@5b84410b]
13:23:06.482 [Test worker] DEBUG o.h.p.w.spi.MetamodelGraphWalker - Visiting attribute path : vlr.vnffgr_reference.member_vnfs
13:23:06.482 [Test worker] DEBUG o.h.l.p.b.i.spaces.QuerySpacesImpl - Adding QuerySpace : uid = <gen:68> -> org.hibernate.loader.plan.build.internal.spaces.CollectionQuerySpaceImpl@47ca681d]
13:23:06.482 [Test worker] DEBUG o.h.l.p.b.i.spaces.QuerySpacesImpl - Adding QuerySpace : uid = <gen:69> -> org.hibernate.loader.plan.build.internal.spaces.EntityQuerySpaceImpl@39796cbd]
13:23:06.482 [Test worker] DEBUG o.h.p.w.spi.MetamodelGraphWalker - Visiting attribute path : vlr.vnffgr_reference.network_forwarding_path
13:23:06.483 [Test worker] DEBUG o.h.l.p.b.i.spaces.QuerySpacesImpl - Adding QuerySpace : uid = <gen:70> -> org.hibernate.loader.plan.build.internal.spaces.EntityQuerySpaceImpl@52d209c5]
13:23:06.483 [Test worker] DEBUG o.h.p.w.spi.MetamodelGraphWalker - Visiting attribute path : vlr.vnffgr_reference.notification
13:23:06.483 [Test worker] DEBUG o.h.p.w.spi.MetamodelGraphWalker - Visiting attribute path : vlr.vnffgr_reference.number_of_endpoints
13:23:06.483 [Test worker] DEBUG o.h.p.w.spi.MetamodelGraphWalker - Visiting attribute path : vlr.vnffgr_reference.number_of_pnfs
13:23:06.483 [Test worker] DEBUG o.h.p.w.spi.MetamodelGraphWalker - Visiting attribute path : vlr.vnffgr_reference.number_of_virtual_links
13:23:06.483 [Test worker] DEBUG o.h.p.w.spi.MetamodelGraphWalker - Visiting attribute path : vlr.vnffgr_reference.number_of_vnfs
13:23:06.483 [Test worker] DEBUG o.h.p.w.spi.MetamodelGraphWalker - Visiting attribute path : vlr.vnffgr_reference.parent_ns
13:23:06.483 [Test worker] DEBUG o.h.l.p.b.i.spaces.QuerySpacesImpl - Adding QuerySpace : uid = <gen:71> -> org.hibernate.loader.plan.build.internal.spaces.EntityQuerySpaceImpl@5b7f8efd]
13:23:06.484 [Test worker] DEBUG o.h.p.w.spi.MetamodelGraphWalker - Visiting attribute path : vlr.vnffgr_reference.status
13:23:06.484 [Test worker] DEBUG o.h.p.w.spi.MetamodelGraphWalker - Visiting attribute path : vlr.vnffgr_reference.vendor
13:23:06.484 [Test worker] DEBUG o.h.p.w.spi.MetamodelGraphWalker - Visiting attribute path : vlr.vnffgr_reference.version
13:23:06.484 [Test worker] DEBUG o.h.p.w.spi.MetamodelGraphWalker - Visiting attribute path : vnf_dependency
13:23:06.484 [Test worker] DEBUG o.h.l.p.b.i.spaces.QuerySpacesImpl - Adding QuerySpace : uid = <gen:72> -> org.hibernate.loader.plan.build.internal.spaces.CollectionQuerySpaceImpl@1384b2f9]
13:23:06.484 [Test worker] DEBUG o.h.l.p.b.i.spaces.QuerySpacesImpl - Adding QuerySpace : uid = <gen:73> -> org.hibernate.loader.plan.build.internal.spaces.EntityQuerySpaceImpl@6d020371]
13:23:06.484 [Test worker] DEBUG o.h.p.w.spi.MetamodelGraphWalker - Visiting attribute path : vnf_dependency.source
13:23:06.485 [Test worker] DEBUG o.h.l.p.b.i.spaces.QuerySpacesImpl - Adding QuerySpace : uid = <gen:74> -> org.hibernate.loader.plan.build.internal.spaces.EntityQuerySpaceImpl@6929c572]
13:23:06.485 [Test worker] DEBUG o.h.p.w.spi.MetamodelGraphWalker - Visiting attribute path : vnf_dependency.source.auto_scale_policy
13:23:06.485 [Test worker] DEBUG o.h.p.w.spi.MetamodelGraphWalker - Visiting attribute path : vnf_dependency.source.connection_point
13:23:06.485 [Test worker] DEBUG o.h.p.w.spi.MetamodelGraphWalker - Visiting attribute path : vnf_dependency.source.hb_version
13:23:06.485 [Test worker] DEBUG o.h.p.w.spi.MetamodelGraphWalker - Visiting attribute path : vnf_dependency.source.lifecycle_event
13:23:06.485 [Test worker] DEBUG o.h.p.w.spi.MetamodelGraphWalker - Visiting attribute path : vnf_dependency.source.monitoring_parameter
13:23:06.485 [Test worker] DEBUG o.h.p.w.spi.MetamodelGraphWalker - Property path deemed to be circular : vnf_dependency.source.monitoring_parameter
13:23:06.485 [Test worker] DEBUG o.h.p.w.spi.MetamodelGraphWalker - Visiting attribute path : vnf_dependency.source.service_deployment_flavour
13:23:06.485 [Test worker] DEBUG o.h.p.w.spi.MetamodelGraphWalker - Visiting attribute path : vnf_dependency.source.vendor
13:23:06.485 [Test worker] DEBUG o.h.p.w.spi.MetamodelGraphWalker - Visiting attribute path : vnf_dependency.source.version
13:23:06.485 [Test worker] DEBUG o.h.p.w.spi.MetamodelGraphWalker - Visiting attribute path : vnf_dependency.source.vld
13:23:06.485 [Test worker] DEBUG o.h.p.w.spi.MetamodelGraphWalker - Visiting attribute path : vnf_dependency.source.vnffgd
13:23:06.485 [Test worker] DEBUG o.h.p.w.spi.MetamodelGraphWalker - Visiting attribute path : vnf_dependency.source.deployment_flavour
13:23:06.486 [Test worker] DEBUG o.h.p.w.spi.MetamodelGraphWalker - Property path deemed to be circular : vnf_dependency.source.deployment_flavour
13:23:06.486 [Test worker] DEBUG o.h.p.w.spi.MetamodelGraphWalker - Visiting attribute path : vnf_dependency.source.descriptor_version
13:23:06.486 [Test worker] DEBUG o.h.p.w.spi.MetamodelGraphWalker - Visiting attribute path : vnf_dependency.source.manifest_file
13:23:06.486 [Test worker] DEBUG o.h.p.w.spi.MetamodelGraphWalker - Visiting attribute path : vnf_dependency.source.manifest_file_security
13:23:06.486 [Test worker] DEBUG o.h.p.w.spi.MetamodelGraphWalker - Visiting attribute path : vnf_dependency.source.vdu
13:23:06.486 [Test worker] DEBUG o.h.p.w.spi.MetamodelGraphWalker - Visiting attribute path : vnf_dependency.source.vdu_dependency
13:23:06.486 [Test worker] DEBUG o.h.p.w.spi.MetamodelGraphWalker - Visiting attribute path : vnf_dependency.source.virtual_link
13:23:06.486 [Test worker] DEBUG o.h.p.w.spi.MetamodelGraphWalker - Visiting attribute path : vnf_dependency.target
13:23:06.486 [Test worker] DEBUG o.h.l.p.b.i.spaces.QuerySpacesImpl - Adding QuerySpace : uid = <gen:75> -> org.hibernate.loader.plan.build.internal.spaces.EntityQuerySpaceImpl@322fef43]
13:23:06.486 [Test worker] DEBUG o.h.p.w.spi.MetamodelGraphWalker - Visiting attribute path : vnf_dependency.target.auto_scale_policy
13:23:06.486 [Test worker] DEBUG o.h.p.w.spi.MetamodelGraphWalker - Visiting attribute path : vnf_dependency.target.connection_point
13:23:06.486 [Test worker] DEBUG o.h.p.w.spi.MetamodelGraphWalker - Visiting attribute path : vnf_dependency.target.hb_version
13:23:06.486 [Test worker] DEBUG o.h.p.w.spi.MetamodelGraphWalker - Visiting attribute path : vnf_dependency.target.lifecycle_event
13:23:06.486 [Test worker] DEBUG o.h.p.w.spi.MetamodelGraphWalker - Visiting attribute path : vnf_dependency.target.monitoring_parameter
13:23:06.487 [Test worker] DEBUG o.h.p.w.spi.MetamodelGraphWalker - Property path deemed to be circular : vnf_dependency.target.monitoring_parameter
13:23:06.487 [Test worker] DEBUG o.h.p.w.spi.MetamodelGraphWalker - Visiting attribute path : vnf_dependency.target.service_deployment_flavour
13:23:06.487 [Test worker] DEBUG o.h.p.w.spi.MetamodelGraphWalker - Visiting attribute path : vnf_dependency.target.vendor
13:23:06.487 [Test worker] DEBUG o.h.p.w.spi.MetamodelGraphWalker - Visiting attribute path : vnf_dependency.target.version
13:23:06.488 [Test worker] DEBUG o.h.p.w.spi.MetamodelGraphWalker - Visiting attribute path : vnf_dependency.target.vld
13:23:06.488 [Test worker] DEBUG o.h.p.w.spi.MetamodelGraphWalker - Visiting attribute path : vnf_dependency.target.vnffgd
13:23:06.488 [Test worker] DEBUG o.h.p.w.spi.MetamodelGraphWalker - Visiting attribute path : vnf_dependency.target.deployment_flavour
13:23:06.488 [Test worker] DEBUG o.h.p.w.spi.MetamodelGraphWalker - Property path deemed to be circular : vnf_dependency.target.deployment_flavour
13:23:06.488 [Test worker] DEBUG o.h.p.w.spi.MetamodelGraphWalker - Visiting attribute path : vnf_dependency.target.descriptor_version
13:23:06.488 [Test worker] DEBUG o.h.p.w.spi.MetamodelGraphWalker - Visiting attribute path : vnf_dependency.target.manifest_file
13:23:06.488 [Test worker] DEBUG o.h.p.w.spi.MetamodelGraphWalker - Visiting attribute path : vnf_dependency.target.manifest_file_security
13:23:06.488 [Test worker] DEBUG o.h.p.w.spi.MetamodelGraphWalker - Visiting attribute path : vnf_dependency.target.vdu
13:23:06.488 [Test worker] DEBUG o.h.p.w.spi.MetamodelGraphWalker - Visiting attribute path : vnf_dependency.target.vdu_dependency
13:23:06.488 [Test worker] DEBUG o.h.p.w.spi.MetamodelGraphWalker - Visiting attribute path : vnf_dependency.target.virtual_link
13:23:06.488 [Test worker] DEBUG o.h.p.w.spi.MetamodelGraphWalker - Visiting attribute path : vnf_dependency.version
13:23:06.489 [Test worker] DEBUG o.h.p.w.spi.MetamodelGraphWalker - Visiting attribute path : vnffgr
13:23:06.489 [Test worker] DEBUG o.h.l.p.b.i.spaces.QuerySpacesImpl - Adding QuerySpace : uid = <gen:76> -> org.hibernate.loader.plan.build.internal.spaces.CollectionQuerySpaceImpl@53f1693b]
13:23:06.489 [Test worker] DEBUG o.h.l.p.b.i.spaces.QuerySpacesImpl - Adding QuerySpace : uid = <gen:77> -> org.hibernate.loader.plan.build.internal.spaces.EntityQuerySpaceImpl@e33cb8b]
13:23:06.489 [Test worker] DEBUG o.h.p.w.spi.MetamodelGraphWalker - Visiting attribute path : vnffgr.connection_point
13:23:06.489 [Test worker] DEBUG o.h.p.w.spi.MetamodelGraphWalker - Visiting attribute path : vnffgr.constituent_vnfs
13:23:06.489 [Test worker] DEBUG o.h.p.w.spi.MetamodelGraphWalker - Visiting attribute path : vnffgr.dependent_virtual_link
13:23:06.489 [Test worker] DEBUG o.h.p.w.spi.MetamodelGraphWalker - Visiting attribute path : vnffgr.descriptor_version
13:23:06.489 [Test worker] DEBUG o.h.p.w.spi.MetamodelGraphWalker - Visiting attribute path : vnffgr.hb_version
13:23:06.489 [Test worker] DEBUG o.h.p.w.spi.MetamodelGraphWalker - Visiting attribute path : vnffgr.network_forwarding_path
13:23:06.489 [Test worker] DEBUG o.h.p.w.spi.MetamodelGraphWalker - Visiting attribute path : vnffgr.number_of_endpoints
13:23:06.489 [Test worker] DEBUG o.h.p.w.spi.MetamodelGraphWalker - Visiting attribute path : vnffgr.number_of_virtual_links
13:23:06.489 [Test worker] DEBUG o.h.p.w.spi.MetamodelGraphWalker - Visiting attribute path : vnffgr.vendor
13:23:06.489 [Test worker] DEBUG o.h.p.w.spi.MetamodelGraphWalker - Visiting attribute path : vnffgr.version
13:23:06.489 [Test worker] DEBUG o.h.p.w.spi.MetamodelGraphWalker - Visiting attribute path : vnffgr.vnffgd_security
13:23:06.490 [Test worker] DEBUG o.h.l.p.b.i.spaces.QuerySpacesImpl - Adding QuerySpace : uid = <gen:78> -> org.hibernate.loader.plan.build.internal.spaces.EntityQuerySpaceImpl@1c126b6]
13:23:06.490 [Test worker] DEBUG o.h.p.w.spi.MetamodelGraphWalker - Visiting attribute path : vnffgr.vnffgd_security.version
13:23:06.490 [Test worker] DEBUG o.h.p.w.spi.MetamodelGraphWalker - Visiting attribute path : vnfr
13:23:06.490 [Test worker] DEBUG o.h.l.p.b.i.spaces.QuerySpacesImpl - Adding QuerySpace : uid = <gen:79> -> org.hibernate.loader.plan.build.internal.spaces.EntityQuerySpaceImpl@25f9c1e8]
13:23:06.490 [Test worker] DEBUG o.h.p.w.spi.MetamodelGraphWalker - Visiting attribute path : vnfr.audit_log
13:23:06.490 [Test worker] DEBUG o.h.p.w.spi.MetamodelGraphWalker - Visiting attribute path : vnfr.auto_scale_policy
13:23:06.490 [Test worker] DEBUG o.h.l.p.b.i.spaces.QuerySpacesImpl - Adding QuerySpace : uid = <gen:80> -> org.hibernate.loader.plan.build.internal.spaces.CollectionQuerySpaceImpl@72fce2b1]
13:23:06.490 [Test worker] DEBUG o.h.l.p.b.i.spaces.QuerySpacesImpl - Adding QuerySpace : uid = <gen:81> -> org.hibernate.loader.plan.build.internal.spaces.EntityQuerySpaceImpl@38870d71]
13:23:06.492 [Test worker] DEBUG o.h.p.w.spi.MetamodelGraphWalker - Visiting attribute path : vnfr.auto_scale_policy.version
13:23:06.492 [Test worker] DEBUG o.h.p.w.spi.MetamodelGraphWalker - Visiting attribute path : vnfr.connected_external_virtual_link
13:23:06.493 [Test worker] DEBUG o.h.l.p.b.i.spaces.QuerySpacesImpl - Adding QuerySpace : uid = <gen:82> -> org.hibernate.loader.plan.build.internal.spaces.CollectionQuerySpaceImpl@4dffb848]
13:23:06.493 [Test worker] DEBUG o.h.l.p.b.i.spaces.QuerySpacesImpl - Adding QuerySpace : uid = <gen:83> -> org.hibernate.loader.plan.build.internal.spaces.EntityQuerySpaceImpl@4f9ba6f9]
13:23:06.493 [Test worker] DEBUG o.h.p.w.spi.MetamodelGraphWalker - Visiting attribute path : vnfr.connected_external_virtual_link.allocated_capacity
13:23:06.493 [Test worker] DEBUG o.h.p.w.spi.MetamodelGraphWalker - Visiting attribute path : vnfr.connected_external_virtual_link.audit_log
13:23:06.493 [Test worker] DEBUG o.h.p.w.spi.MetamodelGraphWalker - Visiting attribute path : vnfr.connected_external_virtual_link.connection
13:23:06.493 [Test worker] DEBUG o.h.p.w.spi.MetamodelGraphWalker - Visiting attribute path : vnfr.connected_external_virtual_link.connectivity_type
13:23:06.493 [Test worker] DEBUG o.h.p.w.spi.MetamodelGraphWalker - Visiting attribute path : vnfr.connected_external_virtual_link.descriptor_reference
13:23:06.493 [Test worker] DEBUG o.h.p.w.spi.MetamodelGraphWalker - Visiting attribute path : vnfr.connected_external_virtual_link.leaf_requirement
13:23:06.493 [Test worker] DEBUG o.h.p.w.spi.MetamodelGraphWalker - Visiting attribute path : vnfr.connected_external_virtual_link.lifecycle_event_history
13:23:06.493 [Test worker] DEBUG o.h.p.w.spi.MetamodelGraphWalker - Property path deemed to be circular : vnfr.connected_external_virtual_link.lifecycle_event_history
13:23:06.493 [Test worker] DEBUG o.h.p.w.spi.MetamodelGraphWalker - Visiting attribute path : vnfr.connected_external_virtual_link.notification
13:23:06.493 [Test worker] DEBUG o.h.p.w.spi.MetamodelGraphWalker - Visiting attribute path : vnfr.connected_external_virtual_link.number_of_enpoints
13:23:06.493 [Test worker] DEBUG o.h.p.w.spi.MetamodelGraphWalker - Visiting attribute path : vnfr.connected_external_virtual_link.parent_ns
13:23:06.493 [Test worker] DEBUG o.h.p.w.spi.MetamodelGraphWalker - Visiting attribute path : vnfr.connected_external_virtual_link.qos
13:23:06.493 [Test worker] DEBUG o.h.p.w.spi.MetamodelGraphWalker - Visiting attribute path : vnfr.connected_external_virtual_link.root_requirement
13:23:06.493 [Test worker] DEBUG o.h.p.w.spi.MetamodelGraphWalker - Visiting attribute path : vnfr.connected_external_virtual_link.status
13:23:06.493 [Test worker] DEBUG o.h.p.w.spi.MetamodelGraphWalker - Visiting attribute path : vnfr.connected_external_virtual_link.test_access
13:23:06.493 [Test worker] DEBUG o.h.p.w.spi.MetamodelGraphWalker - Visiting attribute path : vnfr.connected_external_virtual_link.vendor
13:23:06.493 [Test worker] DEBUG o.h.p.w.spi.MetamodelGraphWalker - Visiting attribute path : vnfr.connected_external_virtual_link.version
13:23:06.493 [Test worker] DEBUG o.h.p.w.spi.MetamodelGraphWalker - Visiting attribute path : vnfr.connected_external_virtual_link.vim_id
13:23:06.493 [Test worker] DEBUG o.h.p.w.spi.MetamodelGraphWalker - Visiting attribute path : vnfr.connected_external_virtual_link.vnffgr_reference
13:23:06.494 [Test worker] DEBUG o.h.p.w.spi.MetamodelGraphWalker - Property path deemed to be circular : vnfr.connected_external_virtual_link.vnffgr_reference
13:23:06.494 [Test worker] DEBUG o.h.p.w.spi.MetamodelGraphWalker - Visiting attribute path : vnfr.connection_point
13:23:06.494 [Test worker] DEBUG o.h.l.p.b.i.spaces.QuerySpacesImpl - Adding QuerySpace : uid = <gen:84> -> org.hibernate.loader.plan.build.internal.spaces.CollectionQuerySpaceImpl@745ce55]
13:23:06.495 [Test worker] DEBUG o.h.l.p.b.i.spaces.QuerySpacesImpl - Adding QuerySpace : uid = <gen:85> -> org.hibernate.loader.plan.build.internal.spaces.EntityQuerySpaceImpl@77ed322d]
13:23:06.495 [Test worker] DEBUG o.h.p.w.spi.MetamodelGraphWalker - Visiting attribute path : vnfr.connection_point.type
13:23:06.496 [Test worker] DEBUG o.h.p.w.spi.MetamodelGraphWalker - Visiting attribute path : vnfr.connection_point.version
13:23:06.496 [Test worker] DEBUG o.h.p.w.spi.MetamodelGraphWalker - Visiting attribute path : vnfr.connection_point.virtual_link_reference
13:23:06.496 [Test worker] DEBUG o.h.p.w.spi.MetamodelGraphWalker - Visiting attribute path : vnfr.dependency
13:23:06.496 [Test worker] DEBUG o.h.l.p.b.i.spaces.QuerySpacesImpl - Adding QuerySpace : uid = <gen:86> -> org.hibernate.loader.plan.build.internal.spaces.CollectionQuerySpaceImpl@1e8ec0d7]
13:23:06.496 [Test worker] DEBUG o.h.l.p.b.i.spaces.QuerySpacesImpl - Adding QuerySpace : uid = <gen:87> -> org.hibernate.loader.plan.build.internal.spaces.EntityQuerySpaceImpl@2e1672ed]
13:23:06.497 [Test worker] DEBUG o.h.p.w.spi.MetamodelGraphWalker - Visiting attribute path : vnfr.dependency.source
13:23:06.497 [Test worker] DEBUG o.h.p.w.spi.MetamodelGraphWalker - Property path deemed to be circular : vnfr.dependency.source
13:23:06.497 [Test worker] DEBUG o.h.p.w.spi.MetamodelGraphWalker - Visiting attribute path : vnfr.dependency.target
13:23:06.497 [Test worker] DEBUG o.h.p.w.spi.MetamodelGraphWalker - Property path deemed to be circular : vnfr.dependency.target
13:23:06.497 [Test worker] DEBUG o.h.p.w.spi.MetamodelGraphWalker - Visiting attribute path : vnfr.dependency.version
13:23:06.497 [Test worker] DEBUG o.h.p.w.spi.MetamodelGraphWalker - Visiting attribute path : vnfr.deployment_flavour
13:23:06.497 [Test worker] DEBUG o.h.l.p.b.i.spaces.QuerySpacesImpl - Adding QuerySpace : uid = <gen:88> -> org.hibernate.loader.plan.build.internal.spaces.EntityQuerySpaceImpl@507c9f6b]
13:23:06.498 [Test worker] DEBUG o.h.p.w.spi.MetamodelGraphWalker - Visiting attribute path : vnfr.deployment_flavour.flavour_key
13:23:06.498 [Test worker] DEBUG o.h.p.w.spi.MetamodelGraphWalker - Visiting attribute path : vnfr.deployment_flavour.version
13:23:06.498 [Test worker] DEBUG o.h.p.w.spi.MetamodelGraphWalker - Visiting attribute path : vnfr.deployment_flavour.costituent_vdu
13:23:06.498 [Test worker] DEBUG o.h.p.w.spi.MetamodelGraphWalker - Visiting attribute path : vnfr.deployment_flavour.df_constraint
13:23:06.498 [Test worker] DEBUG o.h.l.p.b.i.spaces.QuerySpacesImpl - Adding QuerySpace : uid = <gen:89> -> org.hibernate.loader.plan.build.internal.spaces.CollectionQuerySpaceImpl@7f789b12]
13:23:06.498 [Test worker] DEBUG o.h.p.w.spi.MetamodelGraphWalker - Visiting attribute path : vnfr.descriptor_reference
13:23:06.498 [Test worker] DEBUG o.h.p.w.spi.MetamodelGraphWalker - Visiting attribute path : vnfr.lifecycle_event
13:23:06.498 [Test worker] DEBUG o.h.l.p.b.i.spaces.QuerySpacesImpl - Adding QuerySpace : uid = <gen:90> -> org.hibernate.loader.plan.build.internal.spaces.EntityQuerySpaceImpl@470cfc1f]
13:23:06.499 [Test worker] DEBUG o.h.p.w.spi.MetamodelGraphWalker - Visiting attribute path : vnfr.lifecycle_event.lifecycle_events
13:23:06.499 [Test worker] DEBUG o.h.p.w.spi.MetamodelGraphWalker - Visiting attribute path : vnfr.lifecycle_event.version
13:23:06.499 [Test worker] DEBUG o.h.p.w.spi.MetamodelGraphWalker - Visiting attribute path : vnfr.lifecycle_event_history
13:23:06.499 [Test worker] DEBUG o.h.l.p.b.i.spaces.QuerySpacesImpl - Adding QuerySpace : uid = <gen:91> -> org.hibernate.loader.plan.build.internal.spaces.CollectionQuerySpaceImpl@f9ae920]
13:23:06.500 [Test worker] DEBUG o.h.l.p.b.i.spaces.QuerySpacesImpl - Adding QuerySpace : uid = <gen:92> -> org.hibernate.loader.plan.build.internal.spaces.EntityQuerySpaceImpl@33f3be1]
13:23:06.500 [Test worker] DEBUG o.h.p.w.spi.MetamodelGraphWalker - Visiting attribute path : vnfr.lifecycle_event_history.lifecycle_events
13:23:06.500 [Test worker] DEBUG o.h.p.w.spi.MetamodelGraphWalker - Visiting attribute path : vnfr.lifecycle_event_history.version
13:23:06.500 [Test worker] DEBUG o.h.p.w.spi.MetamodelGraphWalker - Visiting attribute path : vnfr.localization
13:23:06.500 [Test worker] DEBUG o.h.p.w.spi.MetamodelGraphWalker - Visiting attribute path : vnfr.monitoring_parameter
13:23:06.500 [Test worker] DEBUG o.h.p.w.spi.MetamodelGraphWalker - Visiting attribute path : vnfr.notification
13:23:06.500 [Test worker] DEBUG o.h.p.w.spi.MetamodelGraphWalker - Visiting attribute path : vnfr.parent_ns
13:23:06.500 [Test worker] DEBUG o.h.l.p.b.i.spaces.QuerySpacesImpl - Adding QuerySpace : uid = <gen:93> -> org.hibernate.loader.plan.build.internal.spaces.EntityQuerySpaceImpl@6d20036b]
13:23:06.501 [Test worker] DEBUG o.h.p.w.spi.MetamodelGraphWalker - Visiting attribute path : vnfr.parent_ns.audit_log
13:23:06.501 [Test worker] DEBUG o.h.p.w.spi.MetamodelGraphWalker - Visiting attribute path : vnfr.parent_ns.auto_scale_policy
13:23:06.501 [Test worker] DEBUG o.h.p.w.spi.MetamodelGraphWalker - Property path deemed to be circular : vnfr.parent_ns.auto_scale_policy
13:23:06.501 [Test worker] DEBUG o.h.p.w.spi.MetamodelGraphWalker - Visiting attribute path : vnfr.parent_ns.connection_point
13:23:06.501 [Test worker] DEBUG o.h.p.w.spi.MetamodelGraphWalker - Property path deemed to be circular : vnfr.parent_ns.connection_point
13:23:06.501 [Test worker] DEBUG o.h.p.w.spi.MetamodelGraphWalker - Visiting attribute path : vnfr.parent_ns.descriptor_reference
13:23:06.501 [Test worker] DEBUG o.h.p.w.spi.MetamodelGraphWalker - Property path deemed to be circular : vnfr.parent_ns.descriptor_reference
13:23:06.501 [Test worker] DEBUG o.h.p.w.spi.MetamodelGraphWalker - Visiting attribute path : vnfr.parent_ns.lifecycle_event
13:23:06.501 [Test worker] DEBUG o.h.p.w.spi.MetamodelGraphWalker - Property path deemed to be circular : vnfr.parent_ns.lifecycle_event
13:23:06.501 [Test worker] DEBUG o.h.p.w.spi.MetamodelGraphWalker - Visiting attribute path : vnfr.parent_ns.lifecycle_event_history
13:23:06.501 [Test worker] DEBUG o.h.p.w.spi.MetamodelGraphWalker - Property path deemed to be circular : vnfr.parent_ns.lifecycle_event_history
13:23:06.501 [Test worker] DEBUG o.h.p.w.spi.MetamodelGraphWalker - Visiting attribute path : vnfr.parent_ns.monitoring_parameter
13:23:06.501 [Test worker] DEBUG o.h.p.w.spi.MetamodelGraphWalker - Visiting attribute path : vnfr.parent_ns.notification
13:23:06.502 [Test worker] DEBUG o.h.p.w.spi.MetamodelGraphWalker - Visiting attribute path : vnfr.parent_ns.pnfr
13:23:06.502 [Test worker] DEBUG o.h.p.w.spi.MetamodelGraphWalker - Property path deemed to be circular : vnfr.parent_ns.pnfr
13:23:06.502 [Test worker] DEBUG o.h.p.w.spi.MetamodelGraphWalker - Visiting attribute path : vnfr.parent_ns.resource_reservation
13:23:06.502 [Test worker] DEBUG o.h.p.w.spi.MetamodelGraphWalker - Visiting attribute path : vnfr.parent_ns.runtime_policy_info
13:23:06.502 [Test worker] DEBUG o.h.p.w.spi.MetamodelGraphWalker - Visiting attribute path : vnfr.parent_ns.service_deployment_flavour
13:23:06.502 [Test worker] DEBUG o.h.p.w.spi.MetamodelGraphWalker - Property path deemed to be circular : vnfr.parent_ns.service_deployment_flavour
13:23:06.503 [Test worker] DEBUG o.h.p.w.spi.MetamodelGraphWalker - Visiting attribute path : vnfr.parent_ns.status
13:23:06.503 [Test worker] DEBUG o.h.p.w.spi.MetamodelGraphWalker - Visiting attribute path : vnfr.parent_ns.vendor
13:23:06.503 [Test worker] DEBUG o.h.p.w.spi.MetamodelGraphWalker - Visiting attribute path : vnfr.parent_ns.version
13:23:06.503 [Test worker] DEBUG o.h.p.w.spi.MetamodelGraphWalker - Visiting attribute path : vnfr.parent_ns.vlr
13:23:06.503 [Test worker] DEBUG o.h.p.w.spi.MetamodelGraphWalker - Property path deemed to be circular : vnfr.parent_ns.vlr
13:23:06.503 [Test worker] DEBUG o.h.p.w.spi.MetamodelGraphWalker - Visiting attribute path : vnfr.parent_ns.vnf_dependency
13:23:06.503 [Test worker] DEBUG o.h.p.w.spi.MetamodelGraphWalker - Property path deemed to be circular : vnfr.parent_ns.vnf_dependency
13:23:06.503 [Test worker] DEBUG o.h.p.w.spi.MetamodelGraphWalker - Visiting attribute path : vnfr.parent_ns.vnffgr
13:23:06.503 [Test worker] DEBUG o.h.p.w.spi.MetamodelGraphWalker - Property path deemed to be circular : vnfr.parent_ns.vnffgr
13:23:06.503 [Test worker] DEBUG o.h.p.w.spi.MetamodelGraphWalker - Visiting attribute path : vnfr.parent_ns.vnfr
13:23:06.503 [Test worker] DEBUG o.h.p.w.spi.MetamodelGraphWalker - Property path deemed to be circular : vnfr.parent_ns.vnfr
13:23:06.504 [Test worker] DEBUG o.h.p.w.spi.MetamodelGraphWalker - Visiting attribute path : vnfr.runtime_policy_info
13:23:06.504 [Test worker] DEBUG o.h.p.w.spi.MetamodelGraphWalker - Visiting attribute path : vnfr.status
13:23:06.504 [Test worker] DEBUG o.h.p.w.spi.MetamodelGraphWalker - Visiting attribute path : vnfr.vdu
13:23:06.504 [Test worker] DEBUG o.h.l.p.b.i.spaces.QuerySpacesImpl - Adding QuerySpace : uid = <gen:94> -> org.hibernate.loader.plan.build.internal.spaces.CollectionQuerySpaceImpl@15b619ee]
13:23:06.504 [Test worker] DEBUG o.h.l.p.b.i.spaces.QuerySpacesImpl - Adding QuerySpace : uid = <gen:95> -> org.hibernate.loader.plan.build.internal.spaces.EntityQuerySpaceImpl@66606364]
13:23:06.504 [Test worker] DEBUG o.h.p.w.spi.MetamodelGraphWalker - Visiting attribute path : vnfr.vdu.computation_requirement
13:23:06.504 [Test worker] DEBUG o.h.p.w.spi.MetamodelGraphWalker - Visiting attribute path : vnfr.vdu.high_availability
13:23:06.504 [Test worker] DEBUG o.h.p.w.spi.MetamodelGraphWalker - Visiting attribute path : vnfr.vdu.lifecycle_event
13:23:06.504 [Test worker] DEBUG o.h.p.w.spi.MetamodelGraphWalker - Visiting attribute path : vnfr.vdu.monitoring_parameter
13:23:06.504 [Test worker] DEBUG o.h.l.p.b.i.spaces.QuerySpacesImpl - Adding QuerySpace : uid = <gen:96> -> org.hibernate.loader.plan.build.internal.spaces.CollectionQuerySpaceImpl@6452a25c]
13:23:06.505 [Test worker] DEBUG o.h.p.w.spi.MetamodelGraphWalker - Visiting attribute path : vnfr.vdu.scale_in_out
13:23:06.505 [Test worker] DEBUG o.h.p.w.spi.MetamodelGraphWalker - Visiting attribute path : vnfr.vdu.vdu_constraint
13:23:06.505 [Test worker] DEBUG o.h.p.w.spi.MetamodelGraphWalker - Visiting attribute path : vnfr.vdu.version
13:23:06.505 [Test worker] DEBUG o.h.p.w.spi.MetamodelGraphWalker - Visiting attribute path : vnfr.vdu.virtual_memory_resource_element
13:23:06.505 [Test worker] DEBUG o.h.p.w.spi.MetamodelGraphWalker - Visiting attribute path : vnfr.vdu.virtual_network_bandwidth_resource
13:23:06.505 [Test worker] DEBUG o.h.p.w.spi.MetamodelGraphWalker - Visiting attribute path : vnfr.vdu.vm_image
13:23:06.505 [Test worker] DEBUG o.h.l.p.b.i.spaces.QuerySpacesImpl - Adding QuerySpace : uid = <gen:97> -> org.hibernate.loader.plan.build.internal.spaces.CollectionQuerySpaceImpl@6d217978]
13:23:06.505 [Test worker] DEBUG o.h.p.w.spi.MetamodelGraphWalker - Visiting attribute path : vnfr.vdu.vnfc
13:23:06.505 [Test worker] DEBUG o.h.p.w.spi.MetamodelGraphWalker - Visiting attribute path : vnfr.vendor
13:23:06.505 [Test worker] DEBUG o.h.p.w.spi.MetamodelGraphWalker - Visiting attribute path : vnfr.version
13:23:06.505 [Test worker] DEBUG o.h.p.w.spi.MetamodelGraphWalker - Visiting attribute path : vnfr.virtual_link
13:23:06.506 [Test worker] DEBUG o.h.l.p.b.i.spaces.QuerySpacesImpl - Adding QuerySpace : uid = <gen:98> -> org.hibernate.loader.plan.build.internal.spaces.CollectionQuerySpaceImpl@30aded41]
13:23:06.506 [Test worker] DEBUG o.h.l.p.b.i.spaces.QuerySpacesImpl - Adding QuerySpace : uid = <gen:99> -> org.hibernate.loader.plan.build.internal.spaces.EntityQuerySpaceImpl@6ab35f5e]
13:23:06.506 [Test worker] DEBUG o.h.p.w.spi.MetamodelGraphWalker - Visiting attribute path : vnfr.virtual_link.connectivity_type
13:23:06.506 [Test worker] DEBUG o.h.p.w.spi.MetamodelGraphWalker - Visiting attribute path : vnfr.virtual_link.leaf_requirement
13:23:06.506 [Test worker] DEBUG o.h.p.w.spi.MetamodelGraphWalker - Visiting attribute path : vnfr.virtual_link.qos
13:23:06.506 [Test worker] DEBUG o.h.p.w.spi.MetamodelGraphWalker - Visiting attribute path : vnfr.virtual_link.root_requirement
13:23:06.506 [Test worker] DEBUG o.h.p.w.spi.MetamodelGraphWalker - Visiting attribute path : vnfr.virtual_link.test_access
13:23:06.506 [Test worker] DEBUG o.h.p.w.spi.MetamodelGraphWalker - Visiting attribute path : vnfr.virtual_link.version
13:23:06.506 [Test worker] DEBUG o.h.p.w.spi.MetamodelGraphWalker - Visiting attribute path : vnfr.virtual_link.connection_points_references
13:23:06.506 [Test worker] DEBUG o.h.l.p.b.i.spaces.QuerySpacesImpl - Adding QuerySpace : uid = <gen:100> -> org.hibernate.loader.plan.build.internal.spaces.CollectionQuerySpaceImpl@32f0a2bd]
13:23:06.506 [Test worker] DEBUG o.h.p.w.spi.MetamodelGraphWalker - Visiting attribute path : vnfr.vnf_address
13:23:06.506 [Test worker] DEBUG o.h.p.w.spi.MetamodelGraphWalker - Visiting attribute path : vnfr.vnfm_id
13:23:06.507 [Test worker] DEBUG o.h.l.p.b.i.FetchStyleLoadPlanBuildingAssociationVisitationStrategy - Building LoadPlan...
13:23:06.507 [Test worker] DEBUG o.h.l.p.e.i.LoadQueryJoinAndFetchProcessor - processing queryspace <gen:0>
13:23:06.514 [Test worker] DEBUG o.h.l.p.b.spi.LoadPlanTreePrinter - LoadPlan(entity=org.project.neutrino.nfvo.catalogue.mano.record.NetworkServiceRecord)
    - Returns
       - EntityReturnImpl(entity=org.project.neutrino.nfvo.catalogue.mano.record.NetworkServiceRecord, querySpaceUid=<gen:0>, path=org.project.neutrino.nfvo.catalogue.mano.record.NetworkServiceRecord)
          - CollectionAttributeFetchImpl(collection=org.project.neutrino.nfvo.catalogue.mano.record.NetworkServiceRecord.auto_scale_policy, querySpaceUid=<gen:1>, path=org.project.neutrino.nfvo.catalogue.mano.record.NetworkServiceRecord.auto_scale_policy)
             - (collection element) CollectionFetchableElementEntityGraph(entity=org.project.neutrino.nfvo.catalogue.mano.common.AutoScalePolicy, querySpaceUid=<gen:2>, path=org.project.neutrino.nfvo.catalogue.mano.record.NetworkServiceRecord.auto_scale_policy.<elements>)
          - CollectionAttributeFetchImpl(collection=org.project.neutrino.nfvo.catalogue.mano.record.NetworkServiceRecord.connection_point, querySpaceUid=<gen:3>, path=org.project.neutrino.nfvo.catalogue.mano.record.NetworkServiceRecord.connection_point)
             - (collection element) CollectionFetchableElementEntityGraph(entity=org.project.neutrino.nfvo.catalogue.mano.common.ConnectionPoint, querySpaceUid=<gen:4>, path=org.project.neutrino.nfvo.catalogue.mano.record.NetworkServiceRecord.connection_point.<elements>)
          - EntityAttributeFetchImpl(entity=org.project.neutrino.nfvo.catalogue.mano.common.NFVEntityDescriptor, querySpaceUid=<gen:5>, path=org.project.neutrino.nfvo.catalogue.mano.record.NetworkServiceRecord.descriptor_reference)
             - CollectionAttributeFetchImpl(collection=org.project.neutrino.nfvo.catalogue.mano.common.NFVEntityDescriptor.monitoring_parameter, querySpaceUid=<gen:6>, path=org.project.neutrino.nfvo.catalogue.mano.record.NetworkServiceRecord.descriptor_reference.monitoring_parameter)
             - CollectionAttributeFetchImpl(collection=org.project.neutrino.nfvo.catalogue.mano.descriptor.VirtualNetworkFunctionDescriptor.deployment_flavour, querySpaceUid=<gen:7>, path=org.project.neutrino.nfvo.catalogue.mano.record.NetworkServiceRecord.descriptor_reference.deployment_flavour)
                - (collection element) CollectionFetchableElementEntityGraph(entity=org.project.neutrino.nfvo.catalogue.mano.descriptor.VNFDDeploymentFlavour, querySpaceUid=<gen:8>, path=org.project.neutrino.nfvo.catalogue.mano.record.NetworkServiceRecord.descriptor_reference.deployment_flavour.<elements>)
                   - CollectionAttributeFetchImpl(collection=org.project.neutrino.nfvo.catalogue.mano.descriptor.VNFDDeploymentFlavour.df_constraint, querySpaceUid=<gen:9>, path=org.project.neutrino.nfvo.catalogue.mano.record.NetworkServiceRecord.descriptor_reference.deployment_flavour.<elements>.df_constraint)
             - EntityAttributeFetchImpl(entity=org.project.neutrino.nfvo.catalogue.mano.common.Security, querySpaceUid=<gen:10>, path=org.project.neutrino.nfvo.catalogue.mano.record.NetworkServiceRecord.descriptor_reference.nsd_security)
             - CollectionAttributeFetchImpl(collection=org.project.neutrino.nfvo.catalogue.mano.descriptor.NetworkServiceDescriptor.vnf_dependency, querySpaceUid=<gen:11>, path=org.project.neutrino.nfvo.catalogue.mano.record.NetworkServiceRecord.descriptor_reference.vnf_dependency)
                - (collection element) CollectionFetchableElementEntityGraph(entity=org.project.neutrino.nfvo.catalogue.mano.common.VNFDependency, querySpaceUid=<gen:12>, path=org.project.neutrino.nfvo.catalogue.mano.record.NetworkServiceRecord.descriptor_reference.vnf_dependency.<elements>)
                   - EntityAttributeFetchImpl(entity=org.project.neutrino.nfvo.catalogue.mano.descriptor.VirtualNetworkFunctionDescriptor, querySpaceUid=<gen:13>, path=org.project.neutrino.nfvo.catalogue.mano.record.NetworkServiceRecord.descriptor_reference.vnf_dependency.<elements>.source)
                   - EntityAttributeFetchImpl(entity=org.project.neutrino.nfvo.catalogue.mano.descriptor.VirtualNetworkFunctionDescriptor, querySpaceUid=<gen:14>, path=org.project.neutrino.nfvo.catalogue.mano.record.NetworkServiceRecord.descriptor_reference.vnf_dependency.<elements>.target)
             - CollectionAttributeFetchImpl(collection=org.project.neutrino.nfvo.catalogue.mano.descriptor.NetworkServiceDescriptor.vnfd, querySpaceUid=<gen:15>, path=org.project.neutrino.nfvo.catalogue.mano.record.NetworkServiceRecord.descriptor_reference.vnfd)
                - (collection element) CollectionFetchableElementEntityGraph(entity=org.project.neutrino.nfvo.catalogue.mano.descriptor.VirtualNetworkFunctionDescriptor, querySpaceUid=<gen:16>, path=org.project.neutrino.nfvo.catalogue.mano.record.NetworkServiceRecord.descriptor_reference.vnfd.<elements>)
          - EntityAttributeFetchImpl(entity=org.project.neutrino.nfvo.catalogue.mano.common.LifecycleEvent, querySpaceUid=<gen:17>, path=org.project.neutrino.nfvo.catalogue.mano.record.NetworkServiceRecord.lifecycle_event)
          - CollectionAttributeFetchImpl(collection=org.project.neutrino.nfvo.catalogue.mano.record.NetworkServiceRecord.lifecycle_event_history, querySpaceUid=<gen:18>, path=org.project.neutrino.nfvo.catalogue.mano.record.NetworkServiceRecord.lifecycle_event_history)
             - (collection element) CollectionFetchableElementEntityGraph(entity=org.project.neutrino.nfvo.catalogue.mano.common.LifecycleEvent, querySpaceUid=<gen:19>, path=org.project.neutrino.nfvo.catalogue.mano.record.NetworkServiceRecord.lifecycle_event_history.<elements>)
          - CollectionAttributeFetchImpl(collection=org.project.neutrino.nfvo.catalogue.mano.record.NetworkServiceRecord.pnfr, querySpaceUid=<gen:20>, path=org.project.neutrino.nfvo.catalogue.mano.record.NetworkServiceRecord.pnfr)
             - (collection element) CollectionFetchableElementEntityGraph(entity=org.project.neutrino.nfvo.catalogue.mano.record.PhysicalNetworkFunctionRecord, querySpaceUid=<gen:21>, path=org.project.neutrino.nfvo.catalogue.mano.record.NetworkServiceRecord.pnfr.<elements>)
                - CollectionAttributeFetchImpl(collection=org.project.neutrino.nfvo.catalogue.mano.record.PhysicalNetworkFunctionRecord.connected_virtual_link, querySpaceUid=<gen:22>, path=org.project.neutrino.nfvo.catalogue.mano.record.NetworkServiceRecord.pnfr.<elements>.connected_virtual_link)
                   - (collection element) CollectionFetchableElementEntityGraph(entity=org.project.neutrino.nfvo.catalogue.mano.record.VirtualLinkRecord, querySpaceUid=<gen:23>, path=org.project.neutrino.nfvo.catalogue.mano.record.NetworkServiceRecord.pnfr.<elements>.connected_virtual_link.<elements>)
                      - CollectionAttributeFetchImpl(collection=org.project.neutrino.nfvo.catalogue.mano.record.VirtualLinkRecord.lifecycle_event_history, querySpaceUid=<gen:24>, path=org.project.neutrino.nfvo.catalogue.mano.record.NetworkServiceRecord.pnfr.<elements>.connected_virtual_link.<elements>.lifecycle_event_history)
                         - (collection element) CollectionFetchableElementEntityGraph(entity=org.project.neutrino.nfvo.catalogue.mano.common.LifecycleEvent, querySpaceUid=<gen:25>, path=org.project.neutrino.nfvo.catalogue.mano.record.NetworkServiceRecord.pnfr.<elements>.connected_virtual_link.<elements>.lifecycle_event_history.<elements>)
                      - CollectionAttributeFetchImpl(collection=org.project.neutrino.nfvo.catalogue.mano.record.VirtualLinkRecord.vnffgr_reference, querySpaceUid=<gen:26>, path=org.project.neutrino.nfvo.catalogue.mano.record.NetworkServiceRecord.pnfr.<elements>.connected_virtual_link.<elements>.vnffgr_reference)
                         - (collection element) CollectionFetchableElementEntityGraph(entity=org.project.neutrino.nfvo.catalogue.mano.record.VNFForwardingGraphRecord, querySpaceUid=<gen:27>, path=org.project.neutrino.nfvo.catalogue.mano.record.NetworkServiceRecord.pnfr.<elements>.connected_virtual_link.<elements>.vnffgr_reference.<elements>)
                - CollectionAttributeFetchImpl(collection=org.project.neutrino.nfvo.catalogue.mano.record.PhysicalNetworkFunctionRecord.connection_point, querySpaceUid=<gen:28>, path=org.project.neutrino.nfvo.catalogue.mano.record.NetworkServiceRecord.pnfr.<elements>.connection_point)
                   - (collection element) CollectionFetchableElementEntityGraph(entity=org.project.neutrino.nfvo.catalogue.mano.common.ConnectionPoint, querySpaceUid=<gen:29>, path=org.project.neutrino.nfvo.catalogue.mano.record.NetworkServiceRecord.pnfr.<elements>.connection_point.<elements>)
                - EntityAttributeFetchImpl(entity=org.project.neutrino.nfvo.catalogue.mano.descriptor.PhysicalNetworkFunctionDescriptor, querySpaceUid=<gen:30>, path=org.project.neutrino.nfvo.catalogue.mano.record.NetworkServiceRecord.pnfr.<elements>.descriptor_reference)
                   - EntityAttributeFetchImpl(entity=org.project.neutrino.nfvo.catalogue.mano.common.Security, querySpaceUid=<gen:31>, path=org.project.neutrino.nfvo.catalogue.mano.record.NetworkServiceRecord.pnfr.<elements>.descriptor_reference.pnfd_security)
                - EntityAttributeFetchImpl(entity=org.project.neutrino.nfvo.catalogue.mano.record.NetworkServiceRecord, querySpaceUid=<gen:32>, path=org.project.neutrino.nfvo.catalogue.mano.record.NetworkServiceRecord.pnfr.<elements>.parent_ns)
                   - EntityAttributeFetchImpl(entity=org.project.neutrino.nfvo.catalogue.mano.common.ServiceDeploymentFlavour, querySpaceUid=<gen:33>, path=org.project.neutrino.nfvo.catalogue.mano.record.NetworkServiceRecord.pnfr.<elements>.parent_ns.service_deployment_flavour)
                   - CollectionAttributeFetchImpl(collection=org.project.neutrino.nfvo.catalogue.mano.record.NetworkServiceRecord.vlr, querySpaceUid=<gen:34>, path=org.project.neutrino.nfvo.catalogue.mano.record.NetworkServiceRecord.pnfr.<elements>.parent_ns.vlr)
                      - (collection element) CollectionFetchableElementEntityGraph(entity=org.project.neutrino.nfvo.catalogue.mano.record.VirtualLinkRecord, querySpaceUid=<gen:35>, path=org.project.neutrino.nfvo.catalogue.mano.record.NetworkServiceRecord.pnfr.<elements>.parent_ns.vlr.<elements>)
                   - CollectionAttributeFetchImpl(collection=org.project.neutrino.nfvo.catalogue.mano.record.NetworkServiceRecord.vnf_dependency, querySpaceUid=<gen:36>, path=org.project.neutrino.nfvo.catalogue.mano.record.NetworkServiceRecord.pnfr.<elements>.parent_ns.vnf_dependency)
                      - (collection element) CollectionFetchableElementEntityGraph(entity=org.project.neutrino.nfvo.catalogue.mano.common.VNFDependency, querySpaceUid=<gen:37>, path=org.project.neutrino.nfvo.catalogue.mano.record.NetworkServiceRecord.pnfr.<elements>.parent_ns.vnf_dependency.<elements>)
                   - CollectionAttributeFetchImpl(collection=org.project.neutrino.nfvo.catalogue.mano.record.NetworkServiceRecord.vnffgr, querySpaceUid=<gen:38>, path=org.project.neutrino.nfvo.catalogue.mano.record.NetworkServiceRecord.pnfr.<elements>.parent_ns.vnffgr)
                      - (collection element) CollectionFetchableElementEntityGraph(entity=org.project.neutrino.nfvo.catalogue.mano.descriptor.VNFForwardingGraph, querySpaceUid=<gen:39>, path=org.project.neutrino.nfvo.catalogue.mano.record.NetworkServiceRecord.pnfr.<elements>.parent_ns.vnffgr.<elements>)
                   - EntityAttributeFetchImpl(entity=org.project.neutrino.nfvo.catalogue.mano.record.VirtualNetworkFunctionRecord, querySpaceUid=<gen:40>, path=org.project.neutrino.nfvo.catalogue.mano.record.NetworkServiceRecord.pnfr.<elements>.parent_ns.vnfr)
                - CollectionAttributeFetchImpl(collection=org.project.neutrino.nfvo.catalogue.mano.record.PhysicalNetworkFunctionRecord.vnffgr, querySpaceUid=<gen:41>, path=org.project.neutrino.nfvo.catalogue.mano.record.NetworkServiceRecord.pnfr.<elements>.vnffgr)
                   - (collection element) CollectionFetchableElementEntityGraph(entity=org.project.neutrino.nfvo.catalogue.mano.record.VNFForwardingGraphRecord, querySpaceUid=<gen:42>, path=org.project.neutrino.nfvo.catalogue.mano.record.NetworkServiceRecord.pnfr.<elements>.vnffgr.<elements>)
                      - CollectionAttributeFetchImpl(collection=org.project.neutrino.nfvo.catalogue.mano.record.VNFForwardingGraphRecord.connection_point, querySpaceUid=<gen:43>, path=org.project.neutrino.nfvo.catalogue.mano.record.NetworkServiceRecord.pnfr.<elements>.vnffgr.<elements>.connection_point)
                         - (collection element) CollectionFetchableElementEntityGraph(entity=org.project.neutrino.nfvo.catalogue.mano.descriptor.VNFDConnectionPoint, querySpaceUid=<gen:44>, path=org.project.neutrino.nfvo.catalogue.mano.record.NetworkServiceRecord.pnfr.<elements>.vnffgr.<elements>.connection_point.<elements>)
                      - CollectionAttributeFetchImpl(collection=org.project.neutrino.nfvo.catalogue.mano.record.VNFForwardingGraphRecord.dependent_virtual_link, querySpaceUid=<gen:45>, path=org.project.neutrino.nfvo.catalogue.mano.record.NetworkServiceRecord.pnfr.<elements>.vnffgr.<elements>.dependent_virtual_link)
                         - (collection element) CollectionFetchableElementEntityGraph(entity=org.project.neutrino.nfvo.catalogue.mano.record.VirtualLinkRecord, querySpaceUid=<gen:46>, path=org.project.neutrino.nfvo.catalogue.mano.record.NetworkServiceRecord.pnfr.<elements>.vnffgr.<elements>.dependent_virtual_link.<elements>)
                      - EntityAttributeFetchImpl(entity=org.project.neutrino.nfvo.catalogue.mano.descriptor.VNFForwardingGraph, querySpaceUid=<gen:47>, path=org.project.neutrino.nfvo.catalogue.mano.record.NetworkServiceRecord.pnfr.<elements>.vnffgr.<elements>.descriptor_reference)
                      - CollectionAttributeFetchImpl(collection=org.project.neutrino.nfvo.catalogue.mano.record.VNFForwardingGraphRecord.lifecycle_event_history, querySpaceUid=<gen:48>, path=org.project.neutrino.nfvo.catalogue.mano.record.NetworkServiceRecord.pnfr.<elements>.vnffgr.<elements>.lifecycle_event_history)
                         - (collection element) CollectionFetchableElementEntityGraph(entity=org.project.neutrino.nfvo.catalogue.mano.common.LifecycleEvent, querySpaceUid=<gen:49>, path=org.project.neutrino.nfvo.catalogue.mano.record.NetworkServiceRecord.pnfr.<elements>.vnffgr.<elements>.lifecycle_event_history.<elements>)
                      - CollectionAttributeFetchImpl(collection=org.project.neutrino.nfvo.catalogue.mano.record.VNFForwardingGraphRecord.member_vnfs, querySpaceUid=<gen:50>, path=org.project.neutrino.nfvo.catalogue.mano.record.NetworkServiceRecord.pnfr.<elements>.vnffgr.<elements>.member_vnfs)
                         - (collection element) CollectionFetchableElementEntityGraph(entity=org.project.neutrino.nfvo.catalogue.mano.record.VirtualNetworkFunctionRecord, querySpaceUid=<gen:51>, path=org.project.neutrino.nfvo.catalogue.mano.record.NetworkServiceRecord.pnfr.<elements>.vnffgr.<elements>.member_vnfs.<elements>)
                      - EntityAttributeFetchImpl(entity=org.project.neutrino.nfvo.catalogue.mano.descriptor.NetworkForwardingPath, querySpaceUid=<gen:52>, path=org.project.neutrino.nfvo.catalogue.mano.record.NetworkServiceRecord.pnfr.<elements>.vnffgr.<elements>.network_forwarding_path)
                      - EntityAttributeFetchImpl(entity=org.project.neutrino.nfvo.catalogue.mano.record.NetworkServiceRecord, querySpaceUid=<gen:53>, path=org.project.neutrino.nfvo.catalogue.mano.record.NetworkServiceRecord.pnfr.<elements>.vnffgr.<elements>.parent_ns)
          - EntityAttributeFetchImpl(entity=org.project.neutrino.nfvo.catalogue.mano.common.ServiceDeploymentFlavour, querySpaceUid=<gen:54>, path=org.project.neutrino.nfvo.catalogue.mano.record.NetworkServiceRecord.service_deployment_flavour)
          - CollectionAttributeFetchImpl(collection=org.project.neutrino.nfvo.catalogue.mano.record.NetworkServiceRecord.vlr, querySpaceUid=<gen:55>, path=org.project.neutrino.nfvo.catalogue.mano.record.NetworkServiceRecord.vlr)
             - (collection element) CollectionFetchableElementEntityGraph(entity=org.project.neutrino.nfvo.catalogue.mano.record.VirtualLinkRecord, querySpaceUid=<gen:56>, path=org.project.neutrino.nfvo.catalogue.mano.record.NetworkServiceRecord.vlr.<elements>)
                - CollectionAttributeFetchImpl(collection=org.project.neutrino.nfvo.catalogue.mano.record.VirtualLinkRecord.lifecycle_event_history, querySpaceUid=<gen:57>, path=org.project.neutrino.nfvo.catalogue.mano.record.NetworkServiceRecord.vlr.<elements>.lifecycle_event_history)
                   - (collection element) CollectionFetchableElementEntityGraph(entity=org.project.neutrino.nfvo.catalogue.mano.common.LifecycleEvent, querySpaceUid=<gen:58>, path=org.project.neutrino.nfvo.catalogue.mano.record.NetworkServiceRecord.vlr.<elements>.lifecycle_event_history.<elements>)
                - CollectionAttributeFetchImpl(collection=org.project.neutrino.nfvo.catalogue.mano.record.VirtualLinkRecord.vnffgr_reference, querySpaceUid=<gen:59>, path=org.project.neutrino.nfvo.catalogue.mano.record.NetworkServiceRecord.vlr.<elements>.vnffgr_reference)
                   - (collection element) CollectionFetchableElementEntityGraph(entity=org.project.neutrino.nfvo.catalogue.mano.record.VNFForwardingGraphRecord, querySpaceUid=<gen:60>, path=org.project.neutrino.nfvo.catalogue.mano.record.NetworkServiceRecord.vlr.<elements>.vnffgr_reference.<elements>)
                      - CollectionAttributeFetchImpl(collection=org.project.neutrino.nfvo.catalogue.mano.record.VNFForwardingGraphRecord.connection_point, querySpaceUid=<gen:61>, path=org.project.neutrino.nfvo.catalogue.mano.record.NetworkServiceRecord.vlr.<elements>.vnffgr_reference.<elements>.connection_point)
                         - (collection element) CollectionFetchableElementEntityGraph(entity=org.project.neutrino.nfvo.catalogue.mano.descriptor.VNFDConnectionPoint, querySpaceUid=<gen:62>, path=org.project.neutrino.nfvo.catalogue.mano.record.NetworkServiceRecord.vlr.<elements>.vnffgr_reference.<elements>.connection_point.<elements>)
                      - CollectionAttributeFetchImpl(collection=org.project.neutrino.nfvo.catalogue.mano.record.VNFForwardingGraphRecord.dependent_virtual_link, querySpaceUid=<gen:63>, path=org.project.neutrino.nfvo.catalogue.mano.record.NetworkServiceRecord.vlr.<elements>.vnffgr_reference.<elements>.dependent_virtual_link)
                         - (collection element) CollectionFetchableElementEntityGraph(entity=org.project.neutrino.nfvo.catalogue.mano.record.VirtualLinkRecord, querySpaceUid=<gen:64>, path=org.project.neutrino.nfvo.catalogue.mano.record.NetworkServiceRecord.vlr.<elements>.vnffgr_reference.<elements>.dependent_virtual_link.<elements>)
                      - EntityAttributeFetchImpl(entity=org.project.neutrino.nfvo.catalogue.mano.descriptor.VNFForwardingGraph, querySpaceUid=<gen:65>, path=org.project.neutrino.nfvo.catalogue.mano.record.NetworkServiceRecord.vlr.<elements>.vnffgr_reference.<elements>.descriptor_reference)
                      - CollectionAttributeFetchImpl(collection=org.project.neutrino.nfvo.catalogue.mano.record.VNFForwardingGraphRecord.lifecycle_event_history, querySpaceUid=<gen:66>, path=org.project.neutrino.nfvo.catalogue.mano.record.NetworkServiceRecord.vlr.<elements>.vnffgr_reference.<elements>.lifecycle_event_history)
                         - (collection element) CollectionFetchableElementEntityGraph(entity=org.project.neutrino.nfvo.catalogue.mano.common.LifecycleEvent, querySpaceUid=<gen:67>, path=org.project.neutrino.nfvo.catalogue.mano.record.NetworkServiceRecord.vlr.<elements>.vnffgr_reference.<elements>.lifecycle_event_history.<elements>)
                      - CollectionAttributeFetchImpl(collection=org.project.neutrino.nfvo.catalogue.mano.record.VNFForwardingGraphRecord.member_vnfs, querySpaceUid=<gen:68>, path=org.project.neutrino.nfvo.catalogue.mano.record.NetworkServiceRecord.vlr.<elements>.vnffgr_reference.<elements>.member_vnfs)
                         - (collection element) CollectionFetchableElementEntityGraph(entity=org.project.neutrino.nfvo.catalogue.mano.record.VirtualNetworkFunctionRecord, querySpaceUid=<gen:69>, path=org.project.neutrino.nfvo.catalogue.mano.record.NetworkServiceRecord.vlr.<elements>.vnffgr_reference.<elements>.member_vnfs.<elements>)
                      - EntityAttributeFetchImpl(entity=org.project.neutrino.nfvo.catalogue.mano.descriptor.NetworkForwardingPath, querySpaceUid=<gen:70>, path=org.project.neutrino.nfvo.catalogue.mano.record.NetworkServiceRecord.vlr.<elements>.vnffgr_reference.<elements>.network_forwarding_path)
                      - EntityAttributeFetchImpl(entity=org.project.neutrino.nfvo.catalogue.mano.record.NetworkServiceRecord, querySpaceUid=<gen:71>, path=org.project.neutrino.nfvo.catalogue.mano.record.NetworkServiceRecord.vlr.<elements>.vnffgr_reference.<elements>.parent_ns)
          - CollectionAttributeFetchImpl(collection=org.project.neutrino.nfvo.catalogue.mano.record.NetworkServiceRecord.vnf_dependency, querySpaceUid=<gen:72>, path=org.project.neutrino.nfvo.catalogue.mano.record.NetworkServiceRecord.vnf_dependency)
             - (collection element) CollectionFetchableElementEntityGraph(entity=org.project.neutrino.nfvo.catalogue.mano.common.VNFDependency, querySpaceUid=<gen:73>, path=org.project.neutrino.nfvo.catalogue.mano.record.NetworkServiceRecord.vnf_dependency.<elements>)
                - EntityAttributeFetchImpl(entity=org.project.neutrino.nfvo.catalogue.mano.descriptor.VirtualNetworkFunctionDescriptor, querySpaceUid=<gen:74>, path=org.project.neutrino.nfvo.catalogue.mano.record.NetworkServiceRecord.vnf_dependency.<elements>.source)
                - EntityAttributeFetchImpl(entity=org.project.neutrino.nfvo.catalogue.mano.descriptor.VirtualNetworkFunctionDescriptor, querySpaceUid=<gen:75>, path=org.project.neutrino.nfvo.catalogue.mano.record.NetworkServiceRecord.vnf_dependency.<elements>.target)
          - CollectionAttributeFetchImpl(collection=org.project.neutrino.nfvo.catalogue.mano.record.NetworkServiceRecord.vnffgr, querySpaceUid=<gen:76>, path=org.project.neutrino.nfvo.catalogue.mano.record.NetworkServiceRecord.vnffgr)
             - (collection element) CollectionFetchableElementEntityGraph(entity=org.project.neutrino.nfvo.catalogue.mano.descriptor.VNFForwardingGraph, querySpaceUid=<gen:77>, path=org.project.neutrino.nfvo.catalogue.mano.record.NetworkServiceRecord.vnffgr.<elements>)
                - EntityAttributeFetchImpl(entity=org.project.neutrino.nfvo.catalogue.mano.common.Security, querySpaceUid=<gen:78>, path=org.project.neutrino.nfvo.catalogue.mano.record.NetworkServiceRecord.vnffgr.<elements>.vnffgd_security)
          - EntityAttributeFetchImpl(entity=org.project.neutrino.nfvo.catalogue.mano.record.VirtualNetworkFunctionRecord, querySpaceUid=<gen:79>, path=org.project.neutrino.nfvo.catalogue.mano.record.NetworkServiceRecord.vnfr)
             - CollectionAttributeFetchImpl(collection=org.project.neutrino.nfvo.catalogue.mano.record.VirtualNetworkFunctionRecord.auto_scale_policy, querySpaceUid=<gen:80>, path=org.project.neutrino.nfvo.catalogue.mano.record.NetworkServiceRecord.vnfr.auto_scale_policy)
                - (collection element) CollectionFetchableElementEntityGraph(entity=org.project.neutrino.nfvo.catalogue.mano.common.AutoScalePolicy, querySpaceUid=<gen:81>, path=org.project.neutrino.nfvo.catalogue.mano.record.NetworkServiceRecord.vnfr.auto_scale_policy.<elements>)
             - CollectionAttributeFetchImpl(collection=org.project.neutrino.nfvo.catalogue.mano.record.VirtualNetworkFunctionRecord.connected_external_virtual_link, querySpaceUid=<gen:82>, path=org.project.neutrino.nfvo.catalogue.mano.record.NetworkServiceRecord.vnfr.connected_external_virtual_link)
                - (collection element) CollectionFetchableElementEntityGraph(entity=org.project.neutrino.nfvo.catalogue.mano.record.VirtualLinkRecord, querySpaceUid=<gen:83>, path=org.project.neutrino.nfvo.catalogue.mano.record.NetworkServiceRecord.vnfr.connected_external_virtual_link.<elements>)
             - CollectionAttributeFetchImpl(collection=org.project.neutrino.nfvo.catalogue.mano.record.VirtualNetworkFunctionRecord.connection_point, querySpaceUid=<gen:84>, path=org.project.neutrino.nfvo.catalogue.mano.record.NetworkServiceRecord.vnfr.connection_point)
                - (collection element) CollectionFetchableElementEntityGraph(entity=org.project.neutrino.nfvo.catalogue.mano.common.ConnectionPoint, querySpaceUid=<gen:85>, path=org.project.neutrino.nfvo.catalogue.mano.record.NetworkServiceRecord.vnfr.connection_point.<elements>)
             - CollectionAttributeFetchImpl(collection=org.project.neutrino.nfvo.catalogue.mano.record.VirtualNetworkFunctionRecord.dependency, querySpaceUid=<gen:86>, path=org.project.neutrino.nfvo.catalogue.mano.record.NetworkServiceRecord.vnfr.dependency)
                - (collection element) CollectionFetchableElementEntityGraph(entity=org.project.neutrino.nfvo.catalogue.mano.common.VNFDependency, querySpaceUid=<gen:87>, path=org.project.neutrino.nfvo.catalogue.mano.record.NetworkServiceRecord.vnfr.dependency.<elements>)
             - EntityAttributeFetchImpl(entity=org.project.neutrino.nfvo.catalogue.mano.descriptor.VNFDDeploymentFlavour, querySpaceUid=<gen:88>, path=org.project.neutrino.nfvo.catalogue.mano.record.NetworkServiceRecord.vnfr.deployment_flavour)
                - CollectionAttributeFetchImpl(collection=org.project.neutrino.nfvo.catalogue.mano.descriptor.VNFDDeploymentFlavour.df_constraint, querySpaceUid=<gen:89>, path=org.project.neutrino.nfvo.catalogue.mano.record.NetworkServiceRecord.vnfr.deployment_flavour.df_constraint)
             - EntityAttributeFetchImpl(entity=org.project.neutrino.nfvo.catalogue.mano.common.LifecycleEvent, querySpaceUid=<gen:90>, path=org.project.neutrino.nfvo.catalogue.mano.record.NetworkServiceRecord.vnfr.lifecycle_event)
             - CollectionAttributeFetchImpl(collection=org.project.neutrino.nfvo.catalogue.mano.record.VirtualNetworkFunctionRecord.lifecycle_event_history, querySpaceUid=<gen:91>, path=org.project.neutrino.nfvo.catalogue.mano.record.NetworkServiceRecord.vnfr.lifecycle_event_history)
                - (collection element) CollectionFetchableElementEntityGraph(entity=org.project.neutrino.nfvo.catalogue.mano.common.LifecycleEvent, querySpaceUid=<gen:92>, path=org.project.neutrino.nfvo.catalogue.mano.record.NetworkServiceRecord.vnfr.lifecycle_event_history.<elements>)
             - EntityAttributeFetchImpl(entity=org.project.neutrino.nfvo.catalogue.mano.record.NetworkServiceRecord, querySpaceUid=<gen:93>, path=org.project.neutrino.nfvo.catalogue.mano.record.NetworkServiceRecord.vnfr.parent_ns)
             - CollectionAttributeFetchImpl(collection=org.project.neutrino.nfvo.catalogue.mano.record.VirtualNetworkFunctionRecord.vdu, querySpaceUid=<gen:94>, path=org.project.neutrino.nfvo.catalogue.mano.record.NetworkServiceRecord.vnfr.vdu)
                - (collection element) CollectionFetchableElementEntityGraph(entity=org.project.neutrino.nfvo.catalogue.mano.descriptor.VirtualDeploymentUnit, querySpaceUid=<gen:95>, path=org.project.neutrino.nfvo.catalogue.mano.record.NetworkServiceRecord.vnfr.vdu.<elements>)
                   - CollectionAttributeFetchImpl(collection=org.project.neutrino.nfvo.catalogue.mano.descriptor.VirtualDeploymentUnit.monitoring_parameter, querySpaceUid=<gen:96>, path=org.project.neutrino.nfvo.catalogue.mano.record.NetworkServiceRecord.vnfr.vdu.<elements>.monitoring_parameter)
                   - CollectionAttributeFetchImpl(collection=org.project.neutrino.nfvo.catalogue.mano.descriptor.VirtualDeploymentUnit.vm_image, querySpaceUid=<gen:97>, path=org.project.neutrino.nfvo.catalogue.mano.record.NetworkServiceRecord.vnfr.vdu.<elements>.vm_image)
             - CollectionAttributeFetchImpl(collection=org.project.neutrino.nfvo.catalogue.mano.record.VirtualNetworkFunctionRecord.virtual_link, querySpaceUid=<gen:98>, path=org.project.neutrino.nfvo.catalogue.mano.record.NetworkServiceRecord.vnfr.virtual_link)
                - (collection element) CollectionFetchableElementEntityGraph(entity=org.project.neutrino.nfvo.catalogue.mano.descriptor.InternalVirtualLink, querySpaceUid=<gen:99>, path=org.project.neutrino.nfvo.catalogue.mano.record.NetworkServiceRecord.vnfr.virtual_link.<elements>)
                   - CollectionAttributeFetchImpl(collection=org.project.neutrino.nfvo.catalogue.mano.descriptor.InternalVirtualLink.connection_points_references, querySpaceUid=<gen:100>, path=org.project.neutrino.nfvo.catalogue.mano.record.NetworkServiceRecord.vnfr.virtual_link.<elements>.connection_points_references)
    - QuerySpaces
       - EntityQuerySpaceImpl(uid=<gen:0>, entity=org.project.neutrino.nfvo.catalogue.mano.record.NetworkServiceRecord)
          - SQL table alias mapping - networkser0_
          - alias suffix - 0_
          - suffixed key columns - {id1_18_0_}
          - JOIN (JoinDefinedByMetadata(auto_scale_policy)) : <gen:0> -> <gen:1>
             - CollectionQuerySpaceImpl(uid=<gen:1>, collection=org.project.neutrino.nfvo.catalogue.mano.record.NetworkServiceRecord.auto_scale_policy)
                - SQL table alias mapping - auto_scale1_
                - alias suffix - 1_
                - suffixed key columns - {network_1_18_1_}
                - entity-element alias suffix - 2_
                - 2_entity-element suffixed key columns - id1_3_2_
                - JOIN (JoinDefinedByMetadata(elements)) : <gen:1> -> <gen:2>
                   - EntityQuerySpaceImpl(uid=<gen:2>, entity=org.project.neutrino.nfvo.catalogue.mano.common.AutoScalePolicy)
                      - SQL table alias mapping - autoscalep2_
                      - alias suffix - 2_
                      - suffixed key columns - {id1_3_2_}
          - JOIN (JoinDefinedByMetadata(connection_point)) : <gen:0> -> <gen:3>
             - CollectionQuerySpaceImpl(uid=<gen:3>, collection=org.project.neutrino.nfvo.catalogue.mano.record.NetworkServiceRecord.connection_point)
                - SQL table alias mapping - connection3_
                - alias suffix - 3_
                - suffixed key columns - {network_1_18_3_}
                - entity-element alias suffix - 4_
                - 4_entity-element suffixed key columns - id1_4_4_
                - JOIN (JoinDefinedByMetadata(elements)) : <gen:3> -> <gen:4>
                   - EntityQuerySpaceImpl(uid=<gen:4>, entity=org.project.neutrino.nfvo.catalogue.mano.common.ConnectionPoint)
                      - SQL table alias mapping - connection4_
                      - alias suffix - 4_
                      - suffixed key columns - {id1_4_4_}
          - JOIN (JoinDefinedByMetadata(descriptor_reference)) : <gen:0> -> <gen:5>
             - EntityQuerySpaceImpl(uid=<gen:5>, entity=org.project.neutrino.nfvo.catalogue.mano.common.NFVEntityDescriptor)
                - SQL table alias mapping - nfventityd5_
                - alias suffix - 5_
                - suffixed key columns - {id1_27_5_}
                - JOIN (JoinDefinedByMetadata(monitoring_parameter)) : <gen:5> -> <gen:6>
                   - CollectionQuerySpaceImpl(uid=<gen:6>, collection=org.project.neutrino.nfvo.catalogue.mano.common.NFVEntityDescriptor.monitoring_parameter)
                      - SQL table alias mapping - monitoring6_
                      - alias suffix - 6_
                      - suffixed key columns - {nfventit1_27_6_}
                - JOIN (JoinDefinedByMetadata(deployment_flavour)) : <gen:5> -> <gen:7>
                   - CollectionQuerySpaceImpl(uid=<gen:7>, collection=org.project.neutrino.nfvo.catalogue.mano.descriptor.VirtualNetworkFunctionDescriptor.deployment_flavour)
                      - SQL table alias mapping - deployment7_
                      - alias suffix - 7_
                      - suffixed key columns - {virtual_1_27_7_}
                      - entity-element alias suffix - 8_
                      - 8_entity-element suffixed key columns - id1_7_8_
                      - JOIN (JoinDefinedByMetadata(elements)) : <gen:7> -> <gen:8>
                         - EntityQuerySpaceImpl(uid=<gen:8>, entity=org.project.neutrino.nfvo.catalogue.mano.descriptor.VNFDDeploymentFlavour)
                            - SQL table alias mapping - vnfddeploy8_
                            - alias suffix - 8_
                            - suffixed key columns - {id1_7_8_}
                - JOIN (JoinDefinedByMetadata(nsd_security)) : <gen:5> -> <gen:10>
                   - EntityQuerySpaceImpl(uid=<gen:10>, entity=org.project.neutrino.nfvo.catalogue.mano.common.Security)
                      - SQL table alias mapping - security9_
                      - alias suffix - 9_
                      - suffixed key columns - {id1_43_9_}
                - JOIN (JoinDefinedByMetadata(vnf_dependency)) : <gen:5> -> <gen:11>
                   - CollectionQuerySpaceImpl(uid=<gen:11>, collection=org.project.neutrino.nfvo.catalogue.mano.descriptor.NetworkServiceDescriptor.vnf_dependency)
                      - SQL table alias mapping - vnf_depend10_
                      - alias suffix - 10_
                      - suffixed key columns - {network_1_27_10_}
                      - entity-element alias suffix - 11_
                      - 11_entity-element suffixed key columns - id1_86_11_
                      - JOIN (JoinDefinedByMetadata(elements)) : <gen:11> -> <gen:12>
                         - EntityQuerySpaceImpl(uid=<gen:12>, entity=org.project.neutrino.nfvo.catalogue.mano.common.VNFDependency)
                            - SQL table alias mapping - vnfdepende11_
                            - alias suffix - 11_
                            - suffixed key columns - {id1_86_11_}
                - JOIN (JoinDefinedByMetadata(vnfd)) : <gen:5> -> <gen:15>
                   - CollectionQuerySpaceImpl(uid=<gen:15>, collection=org.project.neutrino.nfvo.catalogue.mano.descriptor.NetworkServiceDescriptor.vnfd)
                      - SQL table alias mapping - vnfd12_
                      - alias suffix - 12_
                      - suffixed key columns - {network_1_27_12_}
                      - entity-element alias suffix - 13_
                      - 13_entity-element suffixed key columns - id1_27_13_
                      - JOIN (JoinDefinedByMetadata(elements)) : <gen:15> -> <gen:16>
                         - EntityQuerySpaceImpl(uid=<gen:16>, entity=org.project.neutrino.nfvo.catalogue.mano.descriptor.VirtualNetworkFunctionDescriptor)
                            - SQL table alias mapping - virtualnet13_
                            - alias suffix - 13_
                            - suffixed key columns - {id1_27_13_}
          - JOIN (JoinDefinedByMetadata(lifecycle_event)) : <gen:0> -> <gen:17>
             - EntityQuerySpaceImpl(uid=<gen:17>, entity=org.project.neutrino.nfvo.catalogue.mano.common.LifecycleEvent)
                - SQL table alias mapping - lifecyclee14_
                - alias suffix - 14_
                - suffixed key columns - {id1_10_14_}
          - JOIN (JoinDefinedByMetadata(lifecycle_event_history)) : <gen:0> -> <gen:18>
             - CollectionQuerySpaceImpl(uid=<gen:18>, collection=org.project.neutrino.nfvo.catalogue.mano.record.NetworkServiceRecord.lifecycle_event_history)
                - SQL table alias mapping - lifecycle_15_
                - alias suffix - 15_
                - suffixed key columns - {network_1_18_15_}
                - entity-element alias suffix - 16_
                - 16_entity-element suffixed key columns - id1_10_16_
                - JOIN (JoinDefinedByMetadata(elements)) : <gen:18> -> <gen:19>
                   - EntityQuerySpaceImpl(uid=<gen:19>, entity=org.project.neutrino.nfvo.catalogue.mano.common.LifecycleEvent)
                      - SQL table alias mapping - lifecyclee16_
                      - alias suffix - 16_
                      - suffixed key columns - {id1_10_16_}
          - JOIN (JoinDefinedByMetadata(pnfr)) : <gen:0> -> <gen:20>
             - CollectionQuerySpaceImpl(uid=<gen:20>, collection=org.project.neutrino.nfvo.catalogue.mano.record.NetworkServiceRecord.pnfr)
                - SQL table alias mapping - pnfr17_
                - alias suffix - 17_
                - suffixed key columns - {network_1_18_17_}
                - entity-element alias suffix - 18_
                - 18_entity-element suffixed key columns - id1_37_18_
                - JOIN (JoinDefinedByMetadata(elements)) : <gen:20> -> <gen:21>
                   - EntityQuerySpaceImpl(uid=<gen:21>, entity=org.project.neutrino.nfvo.catalogue.mano.record.PhysicalNetworkFunctionRecord)
                      - SQL table alias mapping - physicalne18_
                      - alias suffix - 18_
                      - suffixed key columns - {id1_37_18_}
                      - JOIN (JoinDefinedByMetadata(connected_virtual_link)) : <gen:21> -> <gen:22>
                         - CollectionQuerySpaceImpl(uid=<gen:22>, collection=org.project.neutrino.nfvo.catalogue.mano.record.PhysicalNetworkFunctionRecord.connected_virtual_link)
                            - SQL table alias mapping - connected_19_
                            - alias suffix - 19_
                            - suffixed key columns - {physical1_37_19_}
                            - entity-element alias suffix - 20_
                            - 20_entity-element suffixed key columns - id1_54_20_
                            - JOIN (JoinDefinedByMetadata(elements)) : <gen:22> -> <gen:23>
                               - EntityQuerySpaceImpl(uid=<gen:23>, entity=org.project.neutrino.nfvo.catalogue.mano.record.VirtualLinkRecord)
                                  - SQL table alias mapping - virtuallin20_
                                  - alias suffix - 20_
                                  - suffixed key columns - {id1_54_20_}
                      - JOIN (JoinDefinedByMetadata(connection_point)) : <gen:21> -> <gen:28>
                         - CollectionQuerySpaceImpl(uid=<gen:28>, collection=org.project.neutrino.nfvo.catalogue.mano.record.PhysicalNetworkFunctionRecord.connection_point)
                            - SQL table alias mapping - connection21_
                            - alias suffix - 21_
                            - suffixed key columns - {physical1_37_21_}
                            - entity-element alias suffix - 22_
                            - 22_entity-element suffixed key columns - id1_4_22_
                            - JOIN (JoinDefinedByMetadata(elements)) : <gen:28> -> <gen:29>
                               - EntityQuerySpaceImpl(uid=<gen:29>, entity=org.project.neutrino.nfvo.catalogue.mano.common.ConnectionPoint)
                                  - SQL table alias mapping - connection22_
                                  - alias suffix - 22_
                                  - suffixed key columns - {id1_4_22_}
                      - JOIN (JoinDefinedByMetadata(descriptor_reference)) : <gen:21> -> <gen:30>
                         - EntityQuerySpaceImpl(uid=<gen:30>, entity=org.project.neutrino.nfvo.catalogue.mano.descriptor.PhysicalNetworkFunctionDescriptor)
                            - SQL table alias mapping - physicalne23_
                            - alias suffix - 23_
                            - suffixed key columns - {id1_35_23_}
                      - JOIN (JoinDefinedByMetadata(parent_ns)) : <gen:21> -> <gen:32>
                         - EntityQuerySpaceImpl(uid=<gen:32>, entity=org.project.neutrino.nfvo.catalogue.mano.record.NetworkServiceRecord)
                            - SQL table alias mapping - networkser24_
                            - alias suffix - 24_
                            - suffixed key columns - {id1_18_24_}
                      - JOIN (JoinDefinedByMetadata(vnffgr)) : <gen:21> -> <gen:41>
                         - CollectionQuerySpaceImpl(uid=<gen:41>, collection=org.project.neutrino.nfvo.catalogue.mano.record.PhysicalNetworkFunctionRecord.vnffgr)
                            - SQL table alias mapping - vnffgr25_
                            - alias suffix - 25_
                            - suffixed key columns - {physical1_37_25_}
                            - entity-element alias suffix - 26_
                            - 26_entity-element suffixed key columns - id1_92_26_
                            - JOIN (JoinDefinedByMetadata(elements)) : <gen:41> -> <gen:42>
                               - EntityQuerySpaceImpl(uid=<gen:42>, entity=org.project.neutrino.nfvo.catalogue.mano.record.VNFForwardingGraphRecord)
                                  - SQL table alias mapping - vnfforward26_
                                  - alias suffix - 26_
                                  - suffixed key columns - {id1_92_26_}
          - JOIN (JoinDefinedByMetadata(service_deployment_flavour)) : <gen:0> -> <gen:54>
             - EntityQuerySpaceImpl(uid=<gen:54>, entity=org.project.neutrino.nfvo.catalogue.mano.common.ServiceDeploymentFlavour)
                - SQL table alias mapping - servicedep27_
                - alias suffix - 27_
                - suffixed key columns - {id1_7_27_}
          - JOIN (JoinDefinedByMetadata(vlr)) : <gen:0> -> <gen:55>
             - CollectionQuerySpaceImpl(uid=<gen:55>, collection=org.project.neutrino.nfvo.catalogue.mano.record.NetworkServiceRecord.vlr)
                - SQL table alias mapping - vlr28_
                - alias suffix - 28_
                - suffixed key columns - {network_1_18_28_}
                - entity-element alias suffix - 29_
                - 29_entity-element suffixed key columns - id1_54_29_
                - JOIN (JoinDefinedByMetadata(elements)) : <gen:55> -> <gen:56>
                   - EntityQuerySpaceImpl(uid=<gen:56>, entity=org.project.neutrino.nfvo.catalogue.mano.record.VirtualLinkRecord)
                      - SQL table alias mapping - virtuallin29_
                      - alias suffix - 29_
                      - suffixed key columns - {id1_54_29_}
                      - JOIN (JoinDefinedByMetadata(lifecycle_event_history)) : <gen:56> -> <gen:57>
                         - CollectionQuerySpaceImpl(uid=<gen:57>, collection=org.project.neutrino.nfvo.catalogue.mano.record.VirtualLinkRecord.lifecycle_event_history)
                            - SQL table alias mapping - lifecycle_30_
                            - alias suffix - 30_
                            - suffixed key columns - {virtual_1_54_30_}
                            - entity-element alias suffix - 31_
                            - 31_entity-element suffixed key columns - id1_10_31_
                            - JOIN (JoinDefinedByMetadata(elements)) : <gen:57> -> <gen:58>
                               - EntityQuerySpaceImpl(uid=<gen:58>, entity=org.project.neutrino.nfvo.catalogue.mano.common.LifecycleEvent)
                                  - SQL table alias mapping - lifecyclee31_
                                  - alias suffix - 31_
                                  - suffixed key columns - {id1_10_31_}
                      - JOIN (JoinDefinedByMetadata(vnffgr_reference)) : <gen:56> -> <gen:59>
                         - CollectionQuerySpaceImpl(uid=<gen:59>, collection=org.project.neutrino.nfvo.catalogue.mano.record.VirtualLinkRecord.vnffgr_reference)
                            - SQL table alias mapping - vnffgr_ref32_
                            - alias suffix - 32_
                            - suffixed key columns - {virtual_1_54_32_}
                            - entity-element alias suffix - 33_
                            - 33_entity-element suffixed key columns - id1_92_33_
                            - JOIN (JoinDefinedByMetadata(elements)) : <gen:59> -> <gen:60>
                               - EntityQuerySpaceImpl(uid=<gen:60>, entity=org.project.neutrino.nfvo.catalogue.mano.record.VNFForwardingGraphRecord)
                                  - SQL table alias mapping - vnfforward33_
                                  - alias suffix - 33_
                                  - suffixed key columns - {id1_92_33_}
          - JOIN (JoinDefinedByMetadata(vnf_dependency)) : <gen:0> -> <gen:72>
             - CollectionQuerySpaceImpl(uid=<gen:72>, collection=org.project.neutrino.nfvo.catalogue.mano.record.NetworkServiceRecord.vnf_dependency)
                - SQL table alias mapping - vnf_depend34_
                - alias suffix - 34_
                - suffixed key columns - {network_1_18_34_}
                - entity-element alias suffix - 35_
                - 35_entity-element suffixed key columns - id1_86_35_
                - JOIN (JoinDefinedByMetadata(elements)) : <gen:72> -> <gen:73>
                   - EntityQuerySpaceImpl(uid=<gen:73>, entity=org.project.neutrino.nfvo.catalogue.mano.common.VNFDependency)
                      - SQL table alias mapping - vnfdepende35_
                      - alias suffix - 35_
                      - suffixed key columns - {id1_86_35_}
                      - JOIN (JoinDefinedByMetadata(source)) : <gen:73> -> <gen:74>
                         - EntityQuerySpaceImpl(uid=<gen:74>, entity=org.project.neutrino.nfvo.catalogue.mano.descriptor.VirtualNetworkFunctionDescriptor)
                            - SQL table alias mapping - virtualnet36_
                            - alias suffix - 36_
                            - suffixed key columns - {id1_27_36_}
                      - JOIN (JoinDefinedByMetadata(target)) : <gen:73> -> <gen:75>
                         - EntityQuerySpaceImpl(uid=<gen:75>, entity=org.project.neutrino.nfvo.catalogue.mano.descriptor.VirtualNetworkFunctionDescriptor)
                            - SQL table alias mapping - virtualnet37_
                            - alias suffix - 37_
                            - suffixed key columns - {id1_27_37_}
          - JOIN (JoinDefinedByMetadata(vnffgr)) : <gen:0> -> <gen:76>
             - CollectionQuerySpaceImpl(uid=<gen:76>, collection=org.project.neutrino.nfvo.catalogue.mano.record.NetworkServiceRecord.vnffgr)
                - SQL table alias mapping - vnffgr38_
                - alias suffix - 38_
                - suffixed key columns - {network_1_18_38_}
                - entity-element alias suffix - 39_
                - 39_entity-element suffixed key columns - id1_87_39_
                - JOIN (JoinDefinedByMetadata(elements)) : <gen:76> -> <gen:77>
                   - EntityQuerySpaceImpl(uid=<gen:77>, entity=org.project.neutrino.nfvo.catalogue.mano.descriptor.VNFForwardingGraph)
                      - SQL table alias mapping - vnfforward39_
                      - alias suffix - 39_
                      - suffixed key columns - {id1_87_39_}
                      - JOIN (JoinDefinedByMetadata(vnffgd_security)) : <gen:77> -> <gen:78>
                         - EntityQuerySpaceImpl(uid=<gen:78>, entity=org.project.neutrino.nfvo.catalogue.mano.common.Security)
                            - SQL table alias mapping - security40_
                            - alias suffix - 40_
                            - suffixed key columns - {id1_43_40_}
          - JOIN (JoinDefinedByMetadata(vnfr)) : <gen:0> -> <gen:79>
             - EntityQuerySpaceImpl(uid=<gen:79>, entity=org.project.neutrino.nfvo.catalogue.mano.record.VirtualNetworkFunctionRecord)
                - SQL table alias mapping - virtualnet41_
                - alias suffix - 41_
                - suffixed key columns - {id1_68_41_}
                - JOIN (JoinDefinedByMetadata(auto_scale_policy)) : <gen:79> -> <gen:80>
                   - CollectionQuerySpaceImpl(uid=<gen:80>, collection=org.project.neutrino.nfvo.catalogue.mano.record.VirtualNetworkFunctionRecord.auto_scale_policy)
                      - SQL table alias mapping - auto_scale42_
                      - alias suffix - 42_
                      - suffixed key columns - {virtual_1_68_42_}
                      - entity-element alias suffix - 43_
                      - 43_entity-element suffixed key columns - id1_3_43_
                      - JOIN (JoinDefinedByMetadata(elements)) : <gen:80> -> <gen:81>
                         - EntityQuerySpaceImpl(uid=<gen:81>, entity=org.project.neutrino.nfvo.catalogue.mano.common.AutoScalePolicy)
                            - SQL table alias mapping - autoscalep43_
                            - alias suffix - 43_
                            - suffixed key columns - {id1_3_43_}
                - JOIN (JoinDefinedByMetadata(connected_external_virtual_link)) : <gen:79> -> <gen:82>
                   - CollectionQuerySpaceImpl(uid=<gen:82>, collection=org.project.neutrino.nfvo.catalogue.mano.record.VirtualNetworkFunctionRecord.connected_external_virtual_link)
                      - SQL table alias mapping - connected_44_
                      - alias suffix - 44_
                      - suffixed key columns - {virtual_1_68_44_}
                      - entity-element alias suffix - 45_
                      - 45_entity-element suffixed key columns - id1_54_45_
                      - JOIN (JoinDefinedByMetadata(elements)) : <gen:82> -> <gen:83>
                         - EntityQuerySpaceImpl(uid=<gen:83>, entity=org.project.neutrino.nfvo.catalogue.mano.record.VirtualLinkRecord)
                            - SQL table alias mapping - virtuallin45_
                            - alias suffix - 45_
                            - suffixed key columns - {id1_54_45_}
                - JOIN (JoinDefinedByMetadata(connection_point)) : <gen:79> -> <gen:84>
                   - CollectionQuerySpaceImpl(uid=<gen:84>, collection=org.project.neutrino.nfvo.catalogue.mano.record.VirtualNetworkFunctionRecord.connection_point)
                      - SQL table alias mapping - connection46_
                      - alias suffix - 46_
                      - suffixed key columns - {virtual_1_68_46_}
                      - entity-element alias suffix - 47_
                      - 47_entity-element suffixed key columns - id1_4_47_
                      - JOIN (JoinDefinedByMetadata(elements)) : <gen:84> -> <gen:85>
                         - EntityQuerySpaceImpl(uid=<gen:85>, entity=org.project.neutrino.nfvo.catalogue.mano.common.ConnectionPoint)
                            - SQL table alias mapping - connection47_
                            - alias suffix - 47_
                            - suffixed key columns - {id1_4_47_}
                - JOIN (JoinDefinedByMetadata(dependency)) : <gen:79> -> <gen:86>
                   - CollectionQuerySpaceImpl(uid=<gen:86>, collection=org.project.neutrino.nfvo.catalogue.mano.record.VirtualNetworkFunctionRecord.dependency)
                      - SQL table alias mapping - dependency48_
                      - alias suffix - 48_
                      - suffixed key columns - {virtual_1_68_48_}
                      - entity-element alias suffix - 49_
                      - 49_entity-element suffixed key columns - id1_86_49_
                      - JOIN (JoinDefinedByMetadata(elements)) : <gen:86> -> <gen:87>
                         - EntityQuerySpaceImpl(uid=<gen:87>, entity=org.project.neutrino.nfvo.catalogue.mano.common.VNFDependency)
                            - SQL table alias mapping - vnfdepende49_
                            - alias suffix - 49_
                            - suffixed key columns - {id1_86_49_}
                - JOIN (JoinDefinedByMetadata(deployment_flavour)) : <gen:79> -> <gen:88>
                   - EntityQuerySpaceImpl(uid=<gen:88>, entity=org.project.neutrino.nfvo.catalogue.mano.descriptor.VNFDDeploymentFlavour)
                      - SQL table alias mapping - vnfddeploy50_
                      - alias suffix - 50_
                      - suffixed key columns - {id1_7_50_}
                - JOIN (JoinDefinedByMetadata(lifecycle_event)) : <gen:79> -> <gen:90>
                   - EntityQuerySpaceImpl(uid=<gen:90>, entity=org.project.neutrino.nfvo.catalogue.mano.common.LifecycleEvent)
                      - SQL table alias mapping - lifecyclee51_
                      - alias suffix - 51_
                      - suffixed key columns - {id1_10_51_}
                - JOIN (JoinDefinedByMetadata(lifecycle_event_history)) : <gen:79> -> <gen:91>
                   - CollectionQuerySpaceImpl(uid=<gen:91>, collection=org.project.neutrino.nfvo.catalogue.mano.record.VirtualNetworkFunctionRecord.lifecycle_event_history)
                      - SQL table alias mapping - lifecycle_52_
                      - alias suffix - 52_
                      - suffixed key columns - {virtual_1_68_52_}
                      - entity-element alias suffix - 53_
                      - 53_entity-element suffixed key columns - id1_10_53_
                      - JOIN (JoinDefinedByMetadata(elements)) : <gen:91> -> <gen:92>
                         - EntityQuerySpaceImpl(uid=<gen:92>, entity=org.project.neutrino.nfvo.catalogue.mano.common.LifecycleEvent)
                            - SQL table alias mapping - lifecyclee53_
                            - alias suffix - 53_
                            - suffixed key columns - {id1_10_53_}
                - JOIN (JoinDefinedByMetadata(parent_ns)) : <gen:79> -> <gen:93>
                   - EntityQuerySpaceImpl(uid=<gen:93>, entity=org.project.neutrino.nfvo.catalogue.mano.record.NetworkServiceRecord)
                      - SQL table alias mapping - networkser54_
                      - alias suffix - 54_
                      - suffixed key columns - {id1_18_54_}
                - JOIN (JoinDefinedByMetadata(vdu)) : <gen:79> -> <gen:94>
                   - CollectionQuerySpaceImpl(uid=<gen:94>, collection=org.project.neutrino.nfvo.catalogue.mano.record.VirtualNetworkFunctionRecord.vdu)
                      - SQL table alias mapping - vdu55_
                      - alias suffix - 55_
                      - suffixed key columns - {virtual_1_68_55_}
                      - entity-element alias suffix - 56_
                      - 56_entity-element suffixed key columns - id1_47_56_
                      - JOIN (JoinDefinedByMetadata(elements)) : <gen:94> -> <gen:95>
                         - EntityQuerySpaceImpl(uid=<gen:95>, entity=org.project.neutrino.nfvo.catalogue.mano.descriptor.VirtualDeploymentUnit)
                            - SQL table alias mapping - virtualdep56_
                            - alias suffix - 56_
                            - suffixed key columns - {id1_47_56_}
                - JOIN (JoinDefinedByMetadata(virtual_link)) : <gen:79> -> <gen:98>
                   - CollectionQuerySpaceImpl(uid=<gen:98>, collection=org.project.neutrino.nfvo.catalogue.mano.record.VirtualNetworkFunctionRecord.virtual_link)
                      - SQL table alias mapping - virtual_li57_
                      - alias suffix - 57_
                      - suffixed key columns - {virtual_1_68_57_}
                      - entity-element alias suffix - 58_
                      - 58_entity-element suffixed key columns - id1_0_58_
                      - JOIN (JoinDefinedByMetadata(elements)) : <gen:98> -> <gen:99>
                         - EntityQuerySpaceImpl(uid=<gen:99>, entity=org.project.neutrino.nfvo.catalogue.mano.descriptor.InternalVirtualLink)
                            - SQL table alias mapping - internalvi58_
                            - alias suffix - 58_
                            - suffixed key columns - {id1_0_58_}

13:23:06.520 [Test worker] DEBUG o.h.loader.entity.plan.EntityLoader - Static select for entity org.project.neutrino.nfvo.catalogue.mano.record.NetworkServiceRecord [NONE]: select networkser0_.id as id1_18_0_, networkser0_.audit_log as audit_lo2_18_0_, networkser0_.descriptor_reference_Id as descript9_18_0_, networkser0_.lifecycle_event_id as lifecyc10_18_0_, networkser0_.notification as notifica3_18_0_, networkser0_.resource_reservation as resource4_18_0_, networkser0_.runtime_policy_info as runtime_5_18_0_, networkser0_.service_deployment_flavour_id as service11_18_0_, networkser0_.status as status6_18_0_, networkser0_.vendor as vendor7_18_0_, networkser0_.version as version8_18_0_, networkser0_.vnfr_id as vnfr_id12_18_0_, auto_scale1_.network_service_record_id as network_1_18_1_, autoscalep2_.id as auto_sca2_19_1_, autoscalep2_.id as id1_3_2_, autoscalep2_.version as version2_3_2_, connection3_.network_service_record_id as network_1_18_3_, connection4_.id as connecti2_20_3_, connection4_.id as id1_4_4_, connection4_.type as type2_4_4_, connection4_.version as version3_4_4_, connection4_.virtual_link_reference as virtual_1_82_4_, connection4_.clazz_ as clazz_4_, nfventityd5_.id as id1_27_5_, nfventityd5_.hb_version as hb_versi2_27_5_, nfventityd5_.vendor as vendor3_27_5_, nfventityd5_.version as version4_27_5_, nfventityd5_.descriptor_version as descript1_62_5_, nfventityd5_.manifest_file as manifest2_62_5_, nfventityd5_.nsd_security_id as nsd_secu1_14_5_, nfventityd5_.clazz_ as clazz_5_, monitoring6_.nfventity_descriptor_Id as nfventit1_27_6_, monitoring6_.monitoring_parameter as monitori2_31_6_, deployment7_.virtual_network_function_descriptor_Id as virtual_1_27_7_, vnfddeploy8_.id as deployme2_63_7_, vnfddeploy8_.id as id1_7_8_, vnfddeploy8_.flavour_key as flavour_2_7_8_, vnfddeploy8_.version as version3_7_8_, security9_.id as id1_43_9_, security9_.version as version2_43_9_, vnf_depend10_.network_service_descriptor_Id as network_1_27_10_, vnfdepende11_.id as vnf_depe2_16_10_, vnfdepende11_.id as id1_86_11_, vnfdepende11_.source_Id as source_I3_86_11_, vnfdepende11_.target_Id as target_I4_86_11_, vnfdepende11_.version as version2_86_11_, vnfd12_.network_service_descriptor_Id as network_1_27_12_, virtualnet13_.id as vnfd_Id2_17_12_, virtualnet13_.id as id1_27_13_, virtualnet13_.hb_version as hb_versi2_27_13_, virtualnet13_.vendor as vendor3_27_13_, virtualnet13_.version as version4_27_13_, virtualnet13_.descriptor_version as descript1_62_13_, virtualnet13_.manifest_file as manifest2_62_13_, lifecyclee14_.id as id1_10_14_, lifecyclee14_.version as version2_10_14_, lifecycle_15_.network_service_record_id as network_1_18_15_, lifecyclee16_.id as lifecycl2_21_15_, lifecyclee16_.id as id1_10_16_, lifecyclee16_.version as version2_10_16_, pnfr17_.network_service_record_id as network_1_18_17_, physicalne18_.id as pnfr_id2_23_17_, physicalne18_.id as id1_37_18_, physicalne18_.description as descript2_37_18_, physicalne18_.descriptor_reference_id as descript6_37_18_, physicalne18_.oam_reference as oam_refe3_37_18_, physicalne18_.parent_ns_id as parent_n7_37_18_, physicalne18_.vendor as vendor4_37_18_, physicalne18_.version as version5_37_18_, connected_19_.physical_network_function_record_id as physical1_37_19_, virtuallin20_.id as connecte2_38_19_, virtuallin20_.id as id1_54_20_, virtuallin20_.connectivity_type as connecti2_54_20_, virtuallin20_.descriptor_reference as descript3_54_20_, virtuallin20_.leaf_requirement as leaf_req4_54_20_, virtuallin20_.number_of_enpoints as number_o5_54_20_, virtuallin20_.parent_ns as parent_n6_54_20_, virtuallin20_.root_requirement as root_req7_54_20_, virtuallin20_.status as status8_54_20_, virtuallin20_.test_access as test_acc9_54_20_, virtuallin20_.vendor as vendor10_54_20_, virtuallin20_.version as version11_54_20_, virtuallin20_.vim_id as vim_id12_54_20_, connection21_.physical_network_function_record_id as physical1_37_21_, connection22_.id as connecti2_39_21_, connection22_.id as id1_4_22_, connection22_.type as type2_4_22_, connection22_.version as version3_4_22_, connection22_.virtual_link_reference as virtual_1_82_22_, connection22_.clazz_ as clazz_22_, physicalne23_.id as id1_35_23_, physicalne23_.description as descript2_35_23_, physicalne23_.descriptor_version as descript3_35_23_, physicalne23_.hb_version as hb_versi4_35_23_, physicalne23_.pnfd_security_id as pnfd_sec7_35_23_, physicalne23_.vendor as vendor5_35_23_, physicalne23_.version as version6_35_23_, networkser24_.id as id1_18_24_, networkser24_.audit_log as audit_lo2_18_24_, networkser24_.descriptor_reference_Id as descript9_18_24_, networkser24_.lifecycle_event_id as lifecyc10_18_24_, networkser24_.notification as notifica3_18_24_, networkser24_.resource_reservation as resource4_18_24_, networkser24_.runtime_policy_info as runtime_5_18_24_, networkser24_.service_deployment_flavour_id as service11_18_24_, networkser24_.status as status6_18_24_, networkser24_.vendor as vendor7_18_24_, networkser24_.version as version8_18_24_, networkser24_.vnfr_id as vnfr_id12_18_24_, vnffgr25_.physical_network_function_record_id as physical1_37_25_, vnfforward26_.id as vnffgr_i2_41_25_, vnfforward26_.id as id1_92_26_, vnfforward26_.audit_log as audit_lo2_92_26_, vnfforward26_.descriptor_reference_id as descrip10_92_26_, vnfforward26_.network_forwarding_path_id as network11_92_26_, vnfforward26_.number_of_endpoints as number_o3_92_26_, vnfforward26_.number_of_pnfs as number_o4_92_26_, vnfforward26_.number_of_virtual_links as number_o5_92_26_, vnfforward26_.number_of_vnfs as number_o6_92_26_, vnfforward26_.parent_ns_id as parent_12_92_26_, vnfforward26_.status as status7_92_26_, vnfforward26_.vendor as vendor8_92_26_, vnfforward26_.version as version9_92_26_, servicedep27_.id as id1_7_27_, servicedep27_.flavour_key as flavour_2_7_27_, servicedep27_.version as version3_7_27_, vlr28_.network_service_record_id as network_1_18_28_, virtuallin29_.id as vlr_id2_24_28_, virtuallin29_.id as id1_54_29_, virtuallin29_.connectivity_type as connecti2_54_29_, virtuallin29_.descriptor_reference as descript3_54_29_, virtuallin29_.leaf_requirement as leaf_req4_54_29_, virtuallin29_.number_of_enpoints as number_o5_54_29_, virtuallin29_.parent_ns as parent_n6_54_29_, virtuallin29_.root_requirement as root_req7_54_29_, virtuallin29_.status as status8_54_29_, virtuallin29_.test_access as test_acc9_54_29_, virtuallin29_.vendor as vendor10_54_29_, virtuallin29_.version as version11_54_29_, virtuallin29_.vim_id as vim_id12_54_29_, lifecycle_30_.virtual_link_record_id as virtual_1_54_30_, lifecyclee31_.id as lifecycl2_58_30_, lifecyclee31_.id as id1_10_31_, lifecyclee31_.version as version2_10_31_, vnffgr_ref32_.virtual_link_record_id as virtual_1_54_32_, vnfforward33_.id as vnffgr_r2_61_32_, vnfforward33_.id as id1_92_33_, vnfforward33_.audit_log as audit_lo2_92_33_, vnfforward33_.descriptor_reference_id as descrip10_92_33_, vnfforward33_.network_forwarding_path_id as network11_92_33_, vnfforward33_.number_of_endpoints as number_o3_92_33_, vnfforward33_.number_of_pnfs as number_o4_92_33_, vnfforward33_.number_of_virtual_links as number_o5_92_33_, vnfforward33_.number_of_vnfs as number_o6_92_33_, vnfforward33_.parent_ns_id as parent_12_92_33_, vnfforward33_.status as status7_92_33_, vnfforward33_.vendor as vendor8_92_33_, vnfforward33_.version as version9_92_33_, vnf_depend34_.network_service_record_id as network_1_18_34_, vnfdepende35_.id as vnf_depe2_25_34_, vnfdepende35_.id as id1_86_35_, vnfdepende35_.source_Id as source_I3_86_35_, vnfdepende35_.target_Id as target_I4_86_35_, vnfdepende35_.version as version2_86_35_, virtualnet36_.id as id1_27_36_, virtualnet36_.hb_version as hb_versi2_27_36_, virtualnet36_.vendor as vendor3_27_36_, virtualnet36_.version as version4_27_36_, virtualnet36_.descriptor_version as descript1_62_36_, virtualnet36_.manifest_file as manifest2_62_36_, virtualnet37_.id as id1_27_37_, virtualnet37_.hb_version as hb_versi2_27_37_, virtualnet37_.vendor as vendor3_27_37_, virtualnet37_.version as version4_27_37_, virtualnet37_.descriptor_version as descript1_62_37_, virtualnet37_.manifest_file as manifest2_62_37_, vnffgr38_.network_service_record_id as network_1_18_38_, vnfforward39_.id as vnffgr_i2_26_38_, vnfforward39_.id as id1_87_39_, vnfforward39_.descriptor_version as descript2_87_39_, vnfforward39_.hb_version as hb_versi3_87_39_, vnfforward39_.number_of_endpoints as number_o4_87_39_, vnfforward39_.number_of_virtual_links as number_o5_87_39_, vnfforward39_.vendor as vendor6_87_39_, vnfforward39_.version as version7_87_39_, vnfforward39_.vnffgd_security_id as vnffgd_s8_87_39_, security40_.id as id1_43_40_, security40_.version as version2_43_40_, virtualnet41_.id as id1_68_41_, virtualnet41_.audit_log as audit_lo2_68_41_, virtualnet41_.deployment_flavour_id as deployme9_68_41_, virtualnet41_.descriptor_reference as descript3_68_41_, virtualnet41_.lifecycle_event_id as lifecyc10_68_41_, virtualnet41_.localization as localiza4_68_41_, virtualnet41_.parent_ns_id as parent_11_68_41_, virtualnet41_.status as status5_68_41_, virtualnet41_.vendor as vendor6_68_41_, virtualnet41_.version as version7_68_41_, virtualnet41_.vnfm_id as vnfm_id8_68_41_, auto_scale42_.virtual_network_function_record_id as virtual_1_68_42_, autoscalep43_.id as auto_sca2_69_42_, autoscalep43_.id as id1_3_43_, autoscalep43_.version as version2_3_43_, connected_44_.virtual_network_function_record_id as virtual_1_68_44_, virtuallin45_.id as connecte2_70_44_, virtuallin45_.id as id1_54_45_, virtuallin45_.connectivity_type as connecti2_54_45_, virtuallin45_.descriptor_reference as descript3_54_45_, virtuallin45_.leaf_requirement as leaf_req4_54_45_, virtuallin45_.number_of_enpoints as number_o5_54_45_, virtuallin45_.parent_ns as parent_n6_54_45_, virtuallin45_.root_requirement as root_req7_54_45_, virtuallin45_.status as status8_54_45_, virtuallin45_.test_access as test_acc9_54_45_, virtuallin45_.vendor as vendor10_54_45_, virtuallin45_.version as version11_54_45_, virtuallin45_.vim_id as vim_id12_54_45_, connection46_.virtual_network_function_record_id as virtual_1_68_46_, connection47_.id as connecti2_71_46_, connection47_.id as id1_4_47_, connection47_.type as type2_4_47_, connection47_.version as version3_4_47_, connection47_.virtual_link_reference as virtual_1_82_47_, connection47_.clazz_ as clazz_47_, dependency48_.virtual_network_function_record_id as virtual_1_68_48_, vnfdepende49_.id as dependen2_72_48_, vnfdepende49_.id as id1_86_49_, vnfdepende49_.source_Id as source_I3_86_49_, vnfdepende49_.target_Id as target_I4_86_49_, vnfdepende49_.version as version2_86_49_, vnfddeploy50_.id as id1_7_50_, vnfddeploy50_.flavour_key as flavour_2_7_50_, vnfddeploy50_.version as version3_7_50_, lifecyclee51_.id as id1_10_51_, lifecyclee51_.version as version2_10_51_, lifecycle_52_.virtual_network_function_record_id as virtual_1_68_52_, lifecyclee53_.id as lifecycl2_73_52_, lifecyclee53_.id as id1_10_53_, lifecyclee53_.version as version2_10_53_, networkser54_.id as id1_18_54_, networkser54_.audit_log as audit_lo2_18_54_, networkser54_.descriptor_reference_Id as descript9_18_54_, networkser54_.lifecycle_event_id as lifecyc10_18_54_, networkser54_.notification as notifica3_18_54_, networkser54_.resource_reservation as resource4_18_54_, networkser54_.runtime_policy_info as runtime_5_18_54_, networkser54_.service_deployment_flavour_id as service11_18_54_, networkser54_.status as status6_18_54_, networkser54_.vendor as vendor7_18_54_, networkser54_.version as version8_18_54_, networkser54_.vnfr_id as vnfr_id12_18_54_, vdu55_.virtual_network_function_record_id as virtual_1_68_55_, virtualdep56_.id as vdu_id2_77_55_, virtualdep56_.id as id1_47_56_, virtualdep56_.computation_requirement as computat2_47_56_, virtualdep56_.high_availability as high_ava3_47_56_, virtualdep56_.scale_in_out as scale_in4_47_56_, virtualdep56_.vdu_constraint as vdu_cons5_47_56_, virtualdep56_.version as version6_47_56_, virtualdep56_.virtual_memory_resource_element as virtual_7_47_56_, virtualdep56_.virtual_network_bandwidth_resource as virtual_8_47_56_, virtual_li57_.virtual_network_function_record_id as virtual_1_68_57_, internalvi58_.id as virtual_2_78_57_, internalvi58_.id as id1_0_58_, internalvi58_.connectivity_type as connecti2_0_58_, internalvi58_.leaf_requirement as leaf_req3_0_58_, internalvi58_.root_requirement as root_req4_0_58_, internalvi58_.version as version5_0_58_ from network_service_record networkser0_ left outer join network_service_record_auto_scale_policy auto_scale1_ on networkser0_.id=auto_scale1_.network_service_record_id left outer join auto_scale_policy autoscalep2_ on auto_scale1_.auto_scale_policy_id=autoscalep2_.id left outer join network_service_record_connection_point connection3_ on networkser0_.id=connection3_.network_service_record_id left outer join ( select id, type, version, null as virtual_link_reference, 0 as clazz_ from connection_point union select id, type, version, virtual_link_reference, 1 as clazz_ from vnfdconnection_point ) connection4_ on connection3_.connection_point_id=connection4_.id left outer join ( select id, hb_version, vendor, version, descriptor_version, manifest_file, null as nsd_security_id, 1 as clazz_ from virtual_network_function_descriptor union select id, hb_version, vendor, version, null as descriptor_version, null as manifest_file, nsd_security_id, 2 as clazz_ from network_service_descriptor ) nfventityd5_ on networkser0_.descriptor_reference_Id=nfventityd5_.id left outer join nfventity_descriptor_monitoring_parameter monitoring6_ on nfventityd5_.id=monitoring6_.nfventity_descriptor_Id left outer join virtual_network_function_descriptor_deployment_flavour deployment7_ on nfventityd5_.id=deployment7_.virtual_network_function_descriptor_Id left outer join vnfddeployment_flavour vnfddeploy8_ on deployment7_.deployment_flavour_id=vnfddeploy8_.id left outer join security security9_ on nfventityd5_.nsd_security_id=security9_.id left outer join network_service_descriptor_vnf_dependency vnf_depend10_ on nfventityd5_.id=vnf_depend10_.network_service_descriptor_Id left outer join vnfdependency vnfdepende11_ on vnf_depend10_.vnf_dependency_id=vnfdepende11_.id left outer join network_service_descriptor_vnfd vnfd12_ on nfventityd5_.id=vnfd12_.network_service_descriptor_Id left outer join virtual_network_function_descriptor virtualnet13_ on vnfd12_.vnfd_Id=virtualnet13_.id left outer join lifecycle_event lifecyclee14_ on networkser0_.lifecycle_event_id=lifecyclee14_.id left outer join network_service_record_lifecycle_event_history lifecycle_15_ on networkser0_.id=lifecycle_15_.network_service_record_id left outer join lifecycle_event lifecyclee16_ on lifecycle_15_.lifecycle_event_history_id=lifecyclee16_.id left outer join network_service_record_pnfr pnfr17_ on networkser0_.id=pnfr17_.network_service_record_id left outer join physical_network_function_record physicalne18_ on pnfr17_.pnfr_id=physicalne18_.id left outer join physical_network_function_record_connected_virtual_link connected_19_ on physicalne18_.id=connected_19_.physical_network_function_record_id left outer join virtual_link_record virtuallin20_ on connected_19_.connected_virtual_link_id=virtuallin20_.id left outer join physical_network_function_record_connection_point connection21_ on physicalne18_.id=connection21_.physical_network_function_record_id left outer join ( select id, type, version, null as virtual_link_reference, 0 as clazz_ from connection_point union select id, type, version, virtual_link_reference, 1 as clazz_ from vnfdconnection_point ) connection22_ on connection21_.connection_point_id=connection22_.id left outer join physical_network_function_descriptor physicalne23_ on physicalne18_.descriptor_reference_id=physicalne23_.id left outer join network_service_record networkser24_ on physicalne18_.parent_ns_id=networkser24_.id left outer join physical_network_function_record_vnffgr vnffgr25_ on physicalne18_.id=vnffgr25_.physical_network_function_record_id left outer join vnfforwarding_graph_record vnfforward26_ on vnffgr25_.vnffgr_id=vnfforward26_.id left outer join service_deployment_flavour servicedep27_ on networkser0_.service_deployment_flavour_id=servicedep27_.id left outer join network_service_record_vlr vlr28_ on networkser0_.id=vlr28_.network_service_record_id left outer join virtual_link_record virtuallin29_ on vlr28_.vlr_id=virtuallin29_.id left outer join virtual_link_record_lifecycle_event_history lifecycle_30_ on virtuallin29_.id=lifecycle_30_.virtual_link_record_id left outer join lifecycle_event lifecyclee31_ on lifecycle_30_.lifecycle_event_history_id=lifecyclee31_.id left outer join virtual_link_record_vnffgr_reference vnffgr_ref32_ on virtuallin29_.id=vnffgr_ref32_.virtual_link_record_id left outer join vnfforwarding_graph_record vnfforward33_ on vnffgr_ref32_.vnffgr_reference_id=vnfforward33_.id left outer join network_service_record_vnf_dependency vnf_depend34_ on networkser0_.id=vnf_depend34_.network_service_record_id left outer join vnfdependency vnfdepende35_ on vnf_depend34_.vnf_dependency_id=vnfdepende35_.id left outer join virtual_network_function_descriptor virtualnet36_ on vnfdepende35_.source_Id=virtualnet36_.id left outer join virtual_network_function_descriptor virtualnet37_ on vnfdepende35_.target_Id=virtualnet37_.id left outer join network_service_record_vnffgr vnffgr38_ on networkser0_.id=vnffgr38_.network_service_record_id left outer join vnfforwarding_graph vnfforward39_ on vnffgr38_.vnffgr_id=vnfforward39_.id left outer join security security40_ on vnfforward39_.vnffgd_security_id=security40_.id left outer join virtual_network_function_record virtualnet41_ on networkser0_.vnfr_id=virtualnet41_.id left outer join virtual_network_function_record_auto_scale_policy auto_scale42_ on virtualnet41_.id=auto_scale42_.virtual_network_function_record_id left outer join auto_scale_policy autoscalep43_ on auto_scale42_.auto_scale_policy_id=autoscalep43_.id left outer join virtual_network_function_record_connected_external_virtual_link connected_44_ on virtualnet41_.id=connected_44_.virtual_network_function_record_id left outer join virtual_link_record virtuallin45_ on connected_44_.connected_external_virtual_link_id=virtuallin45_.id left outer join virtual_network_function_record_connection_point connection46_ on virtualnet41_.id=connection46_.virtual_network_function_record_id left outer join ( select id, type, version, null as virtual_link_reference, 0 as clazz_ from connection_point union select id, type, version, virtual_link_reference, 1 as clazz_ from vnfdconnection_point ) connection47_ on connection46_.connection_point_id=connection47_.id left outer join virtual_network_function_record_dependency dependency48_ on virtualnet41_.id=dependency48_.virtual_network_function_record_id left outer join vnfdependency vnfdepende49_ on dependency48_.dependency_id=vnfdepende49_.id left outer join vnfddeployment_flavour vnfddeploy50_ on virtualnet41_.deployment_flavour_id=vnfddeploy50_.id left outer join lifecycle_event lifecyclee51_ on virtualnet41_.lifecycle_event_id=lifecyclee51_.id left outer join virtual_network_function_record_lifecycle_event_history lifecycle_52_ on virtualnet41_.id=lifecycle_52_.virtual_network_function_record_id left outer join lifecycle_event lifecyclee53_ on lifecycle_52_.lifecycle_event_history_id=lifecyclee53_.id left outer join network_service_record networkser54_ on virtualnet41_.parent_ns_id=networkser54_.id left outer join virtual_network_function_record_vdu vdu55_ on virtualnet41_.id=vdu55_.virtual_network_function_record_id left outer join virtual_deployment_unit virtualdep56_ on vdu55_.vdu_id=virtualdep56_.id left outer join virtual_network_function_record_virtual_link virtual_li57_ on virtualnet41_.id=virtual_li57_.virtual_network_function_record_id left outer join internal_virtual_link internalvi58_ on virtual_li57_.virtual_link_id=internalvi58_.id where networkser0_.id=?
13:23:06.522 [Test worker] DEBUG o.h.l.p.b.i.spaces.QuerySpacesImpl - Adding QuerySpace : uid = <gen:0> -> org.hibernate.loader.plan.build.internal.spaces.EntityQuerySpaceImpl@544c406b]
13:23:06.522 [Test worker] DEBUG o.h.p.w.spi.MetamodelGraphWalker - Visiting attribute path : audit_log
13:23:06.522 [Test worker] DEBUG o.h.p.w.spi.MetamodelGraphWalker - Visiting attribute path : auto_scale_policy
13:23:06.523 [Test worker] DEBUG o.h.l.p.b.i.spaces.QuerySpacesImpl - Adding QuerySpace : uid = <gen:1> -> org.hibernate.loader.plan.build.internal.spaces.CollectionQuerySpaceImpl@36e98115]
13:23:06.523 [Test worker] DEBUG o.h.l.p.b.i.spaces.QuerySpacesImpl - Adding QuerySpace : uid = <gen:2> -> org.hibernate.loader.plan.build.internal.spaces.EntityQuerySpaceImpl@1c19a5dd]
13:23:06.523 [Test worker] DEBUG o.h.p.w.spi.MetamodelGraphWalker - Visiting attribute path : auto_scale_policy.version
13:23:06.524 [Test worker] DEBUG o.h.p.w.spi.MetamodelGraphWalker - Visiting attribute path : connection_point
13:23:06.524 [Test worker] DEBUG o.h.l.p.b.i.spaces.QuerySpacesImpl - Adding QuerySpace : uid = <gen:3> -> org.hibernate.loader.plan.build.internal.spaces.CollectionQuerySpaceImpl@1364a358]
13:23:06.524 [Test worker] DEBUG o.h.l.p.b.i.spaces.QuerySpacesImpl - Adding QuerySpace : uid = <gen:4> -> org.hibernate.loader.plan.build.internal.spaces.EntityQuerySpaceImpl@341ff05a]
13:23:06.525 [Test worker] DEBUG o.h.p.w.spi.MetamodelGraphWalker - Visiting attribute path : connection_point.type
13:23:06.525 [Test worker] DEBUG o.h.p.w.spi.MetamodelGraphWalker - Visiting attribute path : connection_point.version
13:23:06.525 [Test worker] DEBUG o.h.p.w.spi.MetamodelGraphWalker - Visiting attribute path : connection_point.virtual_link_reference
13:23:06.525 [Test worker] DEBUG o.h.p.w.spi.MetamodelGraphWalker - Visiting attribute path : descriptor_reference
13:23:06.526 [Test worker] DEBUG o.h.l.p.b.i.spaces.QuerySpacesImpl - Adding QuerySpace : uid = <gen:5> -> org.hibernate.loader.plan.build.internal.spaces.EntityQuerySpaceImpl@5c47f49a]
13:23:06.527 [Test worker] DEBUG o.h.p.w.spi.MetamodelGraphWalker - Visiting attribute path : descriptor_reference.auto_scale_policy
13:23:06.527 [Test worker] DEBUG o.h.p.w.spi.MetamodelGraphWalker - Visiting attribute path : descriptor_reference.connection_point
13:23:06.527 [Test worker] DEBUG o.h.p.w.spi.MetamodelGraphWalker - Visiting attribute path : descriptor_reference.hb_version
13:23:06.527 [Test worker] DEBUG o.h.p.w.spi.MetamodelGraphWalker - Visiting attribute path : descriptor_reference.lifecycle_event
13:23:06.528 [Test worker] DEBUG o.h.p.w.spi.MetamodelGraphWalker - Visiting attribute path : descriptor_reference.monitoring_parameter
13:23:06.528 [Test worker] DEBUG o.h.l.p.b.i.spaces.QuerySpacesImpl - Adding QuerySpace : uid = <gen:6> -> org.hibernate.loader.plan.build.internal.spaces.CollectionQuerySpaceImpl@52079a58]
13:23:06.528 [Test worker] DEBUG o.h.p.w.spi.MetamodelGraphWalker - Visiting attribute path : descriptor_reference.service_deployment_flavour
13:23:06.528 [Test worker] DEBUG o.h.p.w.spi.MetamodelGraphWalker - Visiting attribute path : descriptor_reference.vendor
13:23:06.528 [Test worker] DEBUG o.h.p.w.spi.MetamodelGraphWalker - Visiting attribute path : descriptor_reference.version
13:23:06.528 [Test worker] DEBUG o.h.p.w.spi.MetamodelGraphWalker - Visiting attribute path : descriptor_reference.vld
13:23:06.528 [Test worker] DEBUG o.h.p.w.spi.MetamodelGraphWalker - Visiting attribute path : descriptor_reference.vnffgd
13:23:06.528 [Test worker] DEBUG o.h.p.w.spi.MetamodelGraphWalker - Visiting attribute path : descriptor_reference.deployment_flavour
13:23:06.529 [Test worker] DEBUG o.h.l.p.b.i.spaces.QuerySpacesImpl - Adding QuerySpace : uid = <gen:7> -> org.hibernate.loader.plan.build.internal.spaces.CollectionQuerySpaceImpl@27a7a9f]
13:23:06.529 [Test worker] DEBUG o.h.l.p.b.i.spaces.QuerySpacesImpl - Adding QuerySpace : uid = <gen:8> -> org.hibernate.loader.plan.build.internal.spaces.EntityQuerySpaceImpl@37085dfe]
13:23:06.529 [Test worker] DEBUG o.h.p.w.spi.MetamodelGraphWalker - Visiting attribute path : descriptor_reference.deployment_flavour.flavour_key
13:23:06.529 [Test worker] DEBUG o.h.p.w.spi.MetamodelGraphWalker - Visiting attribute path : descriptor_reference.deployment_flavour.version
13:23:06.529 [Test worker] DEBUG o.h.p.w.spi.MetamodelGraphWalker - Visiting attribute path : descriptor_reference.deployment_flavour.costituent_vdu
13:23:06.529 [Test worker] DEBUG o.h.p.w.spi.MetamodelGraphWalker - Visiting attribute path : descriptor_reference.deployment_flavour.df_constraint
13:23:06.529 [Test worker] DEBUG o.h.l.p.b.i.spaces.QuerySpacesImpl - Adding QuerySpace : uid = <gen:9> -> org.hibernate.loader.plan.build.internal.spaces.CollectionQuerySpaceImpl@5f659313]
13:23:06.529 [Test worker] DEBUG o.h.p.w.spi.MetamodelGraphWalker - Visiting attribute path : descriptor_reference.descriptor_version
13:23:06.529 [Test worker] DEBUG o.h.p.w.spi.MetamodelGraphWalker - Visiting attribute path : descriptor_reference.manifest_file
13:23:06.529 [Test worker] DEBUG o.h.p.w.spi.MetamodelGraphWalker - Visiting attribute path : descriptor_reference.manifest_file_security
13:23:06.529 [Test worker] DEBUG o.h.p.w.spi.MetamodelGraphWalker - Visiting attribute path : descriptor_reference.vdu
13:23:06.529 [Test worker] DEBUG o.h.p.w.spi.MetamodelGraphWalker - Visiting attribute path : descriptor_reference.vdu_dependency
13:23:06.529 [Test worker] DEBUG o.h.p.w.spi.MetamodelGraphWalker - Visiting attribute path : descriptor_reference.virtual_link
13:23:06.530 [Test worker] DEBUG o.h.p.w.spi.MetamodelGraphWalker - Visiting attribute path : descriptor_reference.nsd_security
13:23:06.530 [Test worker] DEBUG o.h.l.p.b.i.spaces.QuerySpacesImpl - Adding QuerySpace : uid = <gen:10> -> org.hibernate.loader.plan.build.internal.spaces.EntityQuerySpaceImpl@59af553]
13:23:06.530 [Test worker] DEBUG o.h.p.w.spi.MetamodelGraphWalker - Visiting attribute path : descriptor_reference.nsd_security.version
13:23:06.530 [Test worker] DEBUG o.h.p.w.spi.MetamodelGraphWalker - Visiting attribute path : descriptor_reference.pnfd
13:23:06.530 [Test worker] DEBUG o.h.p.w.spi.MetamodelGraphWalker - Visiting attribute path : descriptor_reference.vnf_dependency
13:23:06.530 [Test worker] DEBUG o.h.l.p.b.i.spaces.QuerySpacesImpl - Adding QuerySpace : uid = <gen:11> -> org.hibernate.loader.plan.build.internal.spaces.CollectionQuerySpaceImpl@26948174]
13:23:06.530 [Test worker] DEBUG o.h.l.p.b.i.spaces.QuerySpacesImpl - Adding QuerySpace : uid = <gen:12> -> org.hibernate.loader.plan.build.internal.spaces.EntityQuerySpaceImpl@5fbefa75]
13:23:06.530 [Test worker] DEBUG o.h.p.w.spi.MetamodelGraphWalker - Visiting attribute path : descriptor_reference.vnf_dependency.source
13:23:06.530 [Test worker] DEBUG o.h.l.p.b.i.spaces.QuerySpacesImpl - Adding QuerySpace : uid = <gen:13> -> org.hibernate.loader.plan.build.internal.spaces.EntityQuerySpaceImpl@2b24895a]
13:23:06.531 [Test worker] DEBUG o.h.p.w.spi.MetamodelGraphWalker - Visiting attribute path : descriptor_reference.vnf_dependency.target
13:23:06.532 [Test worker] DEBUG o.h.l.p.b.i.spaces.QuerySpacesImpl - Adding QuerySpace : uid = <gen:14> -> org.hibernate.loader.plan.build.internal.spaces.EntityQuerySpaceImpl@6bb589d6]
13:23:06.533 [Test worker] DEBUG o.h.p.w.spi.MetamodelGraphWalker - Visiting attribute path : descriptor_reference.vnf_dependency.version
13:23:06.533 [Test worker] DEBUG o.h.p.w.spi.MetamodelGraphWalker - Visiting attribute path : descriptor_reference.vnfd
13:23:06.533 [Test worker] DEBUG o.h.l.p.b.i.spaces.QuerySpacesImpl - Adding QuerySpace : uid = <gen:15> -> org.hibernate.loader.plan.build.internal.spaces.CollectionQuerySpaceImpl@5b6c77d8]
13:23:06.533 [Test worker] DEBUG o.h.l.p.b.i.spaces.QuerySpacesImpl - Adding QuerySpace : uid = <gen:16> -> org.hibernate.loader.plan.build.internal.spaces.EntityQuerySpaceImpl@2e3034cc]
13:23:06.533 [Test worker] DEBUG o.h.p.w.spi.MetamodelGraphWalker - Visiting attribute path : descriptor_reference.vnfd.auto_scale_policy
13:23:06.533 [Test worker] DEBUG o.h.p.w.spi.MetamodelGraphWalker - Visiting attribute path : descriptor_reference.vnfd.connection_point
13:23:06.533 [Test worker] DEBUG o.h.p.w.spi.MetamodelGraphWalker - Visiting attribute path : descriptor_reference.vnfd.hb_version
13:23:06.533 [Test worker] DEBUG o.h.p.w.spi.MetamodelGraphWalker - Visiting attribute path : descriptor_reference.vnfd.lifecycle_event
13:23:06.533 [Test worker] DEBUG o.h.p.w.spi.MetamodelGraphWalker - Visiting attribute path : descriptor_reference.vnfd.monitoring_parameter
13:23:06.533 [Test worker] DEBUG o.h.p.w.spi.MetamodelGraphWalker - Property path deemed to be circular : descriptor_reference.vnfd.monitoring_parameter
13:23:06.533 [Test worker] DEBUG o.h.p.w.spi.MetamodelGraphWalker - Visiting attribute path : descriptor_reference.vnfd.service_deployment_flavour
13:23:06.533 [Test worker] DEBUG o.h.p.w.spi.MetamodelGraphWalker - Visiting attribute path : descriptor_reference.vnfd.vendor
13:23:06.533 [Test worker] DEBUG o.h.p.w.spi.MetamodelGraphWalker - Visiting attribute path : descriptor_reference.vnfd.version
13:23:06.533 [Test worker] DEBUG o.h.p.w.spi.MetamodelGraphWalker - Visiting attribute path : descriptor_reference.vnfd.vld
13:23:06.533 [Test worker] DEBUG o.h.p.w.spi.MetamodelGraphWalker - Visiting attribute path : descriptor_reference.vnfd.vnffgd
13:23:06.533 [Test worker] DEBUG o.h.p.w.spi.MetamodelGraphWalker - Visiting attribute path : descriptor_reference.vnfd.deployment_flavour
13:23:06.533 [Test worker] DEBUG o.h.p.w.spi.MetamodelGraphWalker - Property path deemed to be circular : descriptor_reference.vnfd.deployment_flavour
13:23:06.533 [Test worker] DEBUG o.h.p.w.spi.MetamodelGraphWalker - Visiting attribute path : descriptor_reference.vnfd.descriptor_version
13:23:06.533 [Test worker] DEBUG o.h.p.w.spi.MetamodelGraphWalker - Visiting attribute path : descriptor_reference.vnfd.manifest_file
13:23:06.533 [Test worker] DEBUG o.h.p.w.spi.MetamodelGraphWalker - Visiting attribute path : descriptor_reference.vnfd.manifest_file_security
13:23:06.534 [Test worker] DEBUG o.h.p.w.spi.MetamodelGraphWalker - Visiting attribute path : descriptor_reference.vnfd.vdu
13:23:06.534 [Test worker] DEBUG o.h.p.w.spi.MetamodelGraphWalker - Visiting attribute path : descriptor_reference.vnfd.vdu_dependency
13:23:06.534 [Test worker] DEBUG o.h.p.w.spi.MetamodelGraphWalker - Visiting attribute path : descriptor_reference.vnfd.virtual_link
13:23:06.535 [Test worker] DEBUG o.h.p.w.spi.MetamodelGraphWalker - Visiting attribute path : lifecycle_event
13:23:06.535 [Test worker] DEBUG o.h.l.p.b.i.spaces.QuerySpacesImpl - Adding QuerySpace : uid = <gen:17> -> org.hibernate.loader.plan.build.internal.spaces.EntityQuerySpaceImpl@6b103fcf]
13:23:06.535 [Test worker] DEBUG o.h.p.w.spi.MetamodelGraphWalker - Visiting attribute path : lifecycle_event.lifecycle_events
13:23:06.535 [Test worker] DEBUG o.h.p.w.spi.MetamodelGraphWalker - Visiting attribute path : lifecycle_event.version
13:23:06.535 [Test worker] DEBUG o.h.p.w.spi.MetamodelGraphWalker - Visiting attribute path : lifecycle_event_history
13:23:06.535 [Test worker] DEBUG o.h.l.p.b.i.spaces.QuerySpacesImpl - Adding QuerySpace : uid = <gen:18> -> org.hibernate.loader.plan.build.internal.spaces.CollectionQuerySpaceImpl@4de03050]
13:23:06.535 [Test worker] DEBUG o.h.l.p.b.i.spaces.QuerySpacesImpl - Adding QuerySpace : uid = <gen:19> -> org.hibernate.loader.plan.build.internal.spaces.EntityQuerySpaceImpl@3983fc21]
13:23:06.535 [Test worker] DEBUG o.h.p.w.spi.MetamodelGraphWalker - Visiting attribute path : lifecycle_event_history.lifecycle_events
13:23:06.536 [Test worker] DEBUG o.h.p.w.spi.MetamodelGraphWalker - Visiting attribute path : lifecycle_event_history.version
13:23:06.536 [Test worker] DEBUG o.h.p.w.spi.MetamodelGraphWalker - Visiting attribute path : monitoring_parameter
13:23:06.536 [Test worker] DEBUG o.h.p.w.spi.MetamodelGraphWalker - Visiting attribute path : notification
13:23:06.536 [Test worker] DEBUG o.h.p.w.spi.MetamodelGraphWalker - Visiting attribute path : pnfr
13:23:06.536 [Test worker] DEBUG o.h.l.p.b.i.spaces.QuerySpacesImpl - Adding QuerySpace : uid = <gen:20> -> org.hibernate.loader.plan.build.internal.spaces.CollectionQuerySpaceImpl@3553696f]
13:23:06.536 [Test worker] DEBUG o.h.l.p.b.i.spaces.QuerySpacesImpl - Adding QuerySpace : uid = <gen:21> -> org.hibernate.loader.plan.build.internal.spaces.EntityQuerySpaceImpl@772f11c2]
13:23:06.536 [Test worker] DEBUG o.h.p.w.spi.MetamodelGraphWalker - Visiting attribute path : pnfr.connected_virtual_link
13:23:06.536 [Test worker] DEBUG o.h.l.p.b.i.spaces.QuerySpacesImpl - Adding QuerySpace : uid = <gen:22> -> org.hibernate.loader.plan.build.internal.spaces.CollectionQuerySpaceImpl@7290b900]
13:23:06.536 [Test worker] DEBUG o.h.l.p.b.i.spaces.QuerySpacesImpl - Adding QuerySpace : uid = <gen:23> -> org.hibernate.loader.plan.build.internal.spaces.EntityQuerySpaceImpl@7b61e9c2]
13:23:06.536 [Test worker] DEBUG o.h.p.w.spi.MetamodelGraphWalker - Visiting attribute path : pnfr.connected_virtual_link.allocated_capacity
13:23:06.537 [Test worker] DEBUG o.h.p.w.spi.MetamodelGraphWalker - Visiting attribute path : pnfr.connected_virtual_link.audit_log
13:23:06.537 [Test worker] DEBUG o.h.p.w.spi.MetamodelGraphWalker - Visiting attribute path : pnfr.connected_virtual_link.connection
13:23:06.537 [Test worker] DEBUG o.h.p.w.spi.MetamodelGraphWalker - Visiting attribute path : pnfr.connected_virtual_link.connectivity_type
13:23:06.537 [Test worker] DEBUG o.h.p.w.spi.MetamodelGraphWalker - Visiting attribute path : pnfr.connected_virtual_link.descriptor_reference
13:23:06.537 [Test worker] DEBUG o.h.p.w.spi.MetamodelGraphWalker - Visiting attribute path : pnfr.connected_virtual_link.leaf_requirement
13:23:06.537 [Test worker] DEBUG o.h.p.w.spi.MetamodelGraphWalker - Visiting attribute path : pnfr.connected_virtual_link.lifecycle_event_history
13:23:06.537 [Test worker] DEBUG o.h.l.p.b.i.spaces.QuerySpacesImpl - Adding QuerySpace : uid = <gen:24> -> org.hibernate.loader.plan.build.internal.spaces.CollectionQuerySpaceImpl@15f5f95d]
13:23:06.537 [Test worker] DEBUG o.h.l.p.b.i.spaces.QuerySpacesImpl - Adding QuerySpace : uid = <gen:25> -> org.hibernate.loader.plan.build.internal.spaces.EntityQuerySpaceImpl@47c653ee]
13:23:06.537 [Test worker] DEBUG o.h.p.w.spi.MetamodelGraphWalker - Visiting attribute path : pnfr.connected_virtual_link.notification
13:23:06.537 [Test worker] DEBUG o.h.p.w.spi.MetamodelGraphWalker - Visiting attribute path : pnfr.connected_virtual_link.number_of_enpoints
13:23:06.538 [Test worker] DEBUG o.h.p.w.spi.MetamodelGraphWalker - Visiting attribute path : pnfr.connected_virtual_link.parent_ns
13:23:06.538 [Test worker] DEBUG o.h.p.w.spi.MetamodelGraphWalker - Visiting attribute path : pnfr.connected_virtual_link.qos
13:23:06.538 [Test worker] DEBUG o.h.p.w.spi.MetamodelGraphWalker - Visiting attribute path : pnfr.connected_virtual_link.root_requirement
13:23:06.538 [Test worker] DEBUG o.h.p.w.spi.MetamodelGraphWalker - Visiting attribute path : pnfr.connected_virtual_link.status
13:23:06.538 [Test worker] DEBUG o.h.p.w.spi.MetamodelGraphWalker - Visiting attribute path : pnfr.connected_virtual_link.test_access
13:23:06.538 [Test worker] DEBUG o.h.p.w.spi.MetamodelGraphWalker - Visiting attribute path : pnfr.connected_virtual_link.vendor
13:23:06.538 [Test worker] DEBUG o.h.p.w.spi.MetamodelGraphWalker - Visiting attribute path : pnfr.connected_virtual_link.version
13:23:06.538 [Test worker] DEBUG o.h.p.w.spi.MetamodelGraphWalker - Visiting attribute path : pnfr.connected_virtual_link.vim_id
13:23:06.538 [Test worker] DEBUG o.h.p.w.spi.MetamodelGraphWalker - Visiting attribute path : pnfr.connected_virtual_link.vnffgr_reference
13:23:06.538 [Test worker] DEBUG o.h.l.p.b.i.spaces.QuerySpacesImpl - Adding QuerySpace : uid = <gen:26> -> org.hibernate.loader.plan.build.internal.spaces.CollectionQuerySpaceImpl@2db05312]
13:23:06.538 [Test worker] DEBUG o.h.l.p.b.i.spaces.QuerySpacesImpl - Adding QuerySpace : uid = <gen:27> -> org.hibernate.loader.plan.build.internal.spaces.EntityQuerySpaceImpl@131dda2d]
13:23:06.539 [Test worker] DEBUG o.h.p.w.spi.MetamodelGraphWalker - Visiting attribute path : pnfr.connection_point
13:23:06.539 [Test worker] DEBUG o.h.l.p.b.i.spaces.QuerySpacesImpl - Adding QuerySpace : uid = <gen:28> -> org.hibernate.loader.plan.build.internal.spaces.CollectionQuerySpaceImpl@cdeca29]
13:23:06.539 [Test worker] DEBUG o.h.l.p.b.i.spaces.QuerySpacesImpl - Adding QuerySpace : uid = <gen:29> -> org.hibernate.loader.plan.build.internal.spaces.EntityQuerySpaceImpl@76aa5058]
13:23:06.539 [Test worker] DEBUG o.h.p.w.spi.MetamodelGraphWalker - Visiting attribute path : pnfr.connection_point.type
13:23:06.539 [Test worker] DEBUG o.h.p.w.spi.MetamodelGraphWalker - Visiting attribute path : pnfr.connection_point.version
13:23:06.539 [Test worker] DEBUG o.h.p.w.spi.MetamodelGraphWalker - Visiting attribute path : pnfr.connection_point.virtual_link_reference
13:23:06.539 [Test worker] DEBUG o.h.p.w.spi.MetamodelGraphWalker - Visiting attribute path : pnfr.description
13:23:06.539 [Test worker] DEBUG o.h.p.w.spi.MetamodelGraphWalker - Visiting attribute path : pnfr.descriptor_reference
13:23:06.539 [Test worker] DEBUG o.h.l.p.b.i.spaces.QuerySpacesImpl - Adding QuerySpace : uid = <gen:30> -> org.hibernate.loader.plan.build.internal.spaces.EntityQuerySpaceImpl@4ceb3e97]
13:23:06.539 [Test worker] DEBUG o.h.p.w.spi.MetamodelGraphWalker - Visiting attribute path : pnfr.descriptor_reference.connection_point
13:23:06.539 [Test worker] DEBUG o.h.p.w.spi.MetamodelGraphWalker - Visiting attribute path : pnfr.descriptor_reference.description
13:23:06.539 [Test worker] DEBUG o.h.p.w.spi.MetamodelGraphWalker - Visiting attribute path : pnfr.descriptor_reference.descriptor_version
13:23:06.539 [Test worker] DEBUG o.h.p.w.spi.MetamodelGraphWalker - Visiting attribute path : pnfr.descriptor_reference.hb_version
13:23:06.539 [Test worker] DEBUG o.h.p.w.spi.MetamodelGraphWalker - Visiting attribute path : pnfr.descriptor_reference.pnfd_security
13:23:06.540 [Test worker] DEBUG o.h.l.p.b.i.spaces.QuerySpacesImpl - Adding QuerySpace : uid = <gen:31> -> org.hibernate.loader.plan.build.internal.spaces.EntityQuerySpaceImpl@1fc46b2]
13:23:06.540 [Test worker] DEBUG o.h.p.w.spi.MetamodelGraphWalker - Visiting attribute path : pnfr.descriptor_reference.vendor
13:23:06.540 [Test worker] DEBUG o.h.p.w.spi.MetamodelGraphWalker - Visiting attribute path : pnfr.descriptor_reference.version
13:23:06.540 [Test worker] DEBUG o.h.p.w.spi.MetamodelGraphWalker - Visiting attribute path : pnfr.oam_reference
13:23:06.540 [Test worker] DEBUG o.h.p.w.spi.MetamodelGraphWalker - Visiting attribute path : pnfr.parent_ns
13:23:06.540 [Test worker] DEBUG o.h.l.p.b.i.spaces.QuerySpacesImpl - Adding QuerySpace : uid = <gen:32> -> org.hibernate.loader.plan.build.internal.spaces.EntityQuerySpaceImpl@59855122]
13:23:06.540 [Test worker] DEBUG o.h.p.w.spi.MetamodelGraphWalker - Visiting attribute path : pnfr.parent_ns.audit_log
13:23:06.540 [Test worker] DEBUG o.h.p.w.spi.MetamodelGraphWalker - Visiting attribute path : pnfr.parent_ns.auto_scale_policy
13:23:06.540 [Test worker] DEBUG o.h.p.w.spi.MetamodelGraphWalker - Property path deemed to be circular : pnfr.parent_ns.auto_scale_policy
13:23:06.540 [Test worker] DEBUG o.h.p.w.spi.MetamodelGraphWalker - Visiting attribute path : pnfr.parent_ns.connection_point
13:23:06.540 [Test worker] DEBUG o.h.p.w.spi.MetamodelGraphWalker - Property path deemed to be circular : pnfr.parent_ns.connection_point
13:23:06.540 [Test worker] DEBUG o.h.p.w.spi.MetamodelGraphWalker - Visiting attribute path : pnfr.parent_ns.descriptor_reference
13:23:06.540 [Test worker] DEBUG o.h.p.w.spi.MetamodelGraphWalker - Property path deemed to be circular : pnfr.parent_ns.descriptor_reference
13:23:06.540 [Test worker] DEBUG o.h.p.w.spi.MetamodelGraphWalker - Visiting attribute path : pnfr.parent_ns.lifecycle_event
13:23:06.540 [Test worker] DEBUG o.h.p.w.spi.MetamodelGraphWalker - Property path deemed to be circular : pnfr.parent_ns.lifecycle_event
13:23:06.541 [Test worker] DEBUG o.h.p.w.spi.MetamodelGraphWalker - Visiting attribute path : pnfr.parent_ns.lifecycle_event_history
13:23:06.541 [Test worker] DEBUG o.h.p.w.spi.MetamodelGraphWalker - Property path deemed to be circular : pnfr.parent_ns.lifecycle_event_history
13:23:06.541 [Test worker] DEBUG o.h.p.w.spi.MetamodelGraphWalker - Visiting attribute path : pnfr.parent_ns.monitoring_parameter
13:23:06.541 [Test worker] DEBUG o.h.p.w.spi.MetamodelGraphWalker - Visiting attribute path : pnfr.parent_ns.notification
13:23:06.541 [Test worker] DEBUG o.h.p.w.spi.MetamodelGraphWalker - Visiting attribute path : pnfr.parent_ns.pnfr
13:23:06.541 [Test worker] DEBUG o.h.p.w.spi.MetamodelGraphWalker - Property path deemed to be circular : pnfr.parent_ns.pnfr
13:23:06.541 [Test worker] DEBUG o.h.p.w.spi.MetamodelGraphWalker - Visiting attribute path : pnfr.parent_ns.resource_reservation
13:23:06.541 [Test worker] DEBUG o.h.p.w.spi.MetamodelGraphWalker - Visiting attribute path : pnfr.parent_ns.runtime_policy_info
13:23:06.541 [Test worker] DEBUG o.h.p.w.spi.MetamodelGraphWalker - Visiting attribute path : pnfr.parent_ns.service_deployment_flavour
13:23:06.541 [Test worker] DEBUG o.h.l.p.b.i.spaces.QuerySpacesImpl - Adding QuerySpace : uid = <gen:33> -> org.hibernate.loader.plan.build.internal.spaces.EntityQuerySpaceImpl@79159342]
13:23:06.541 [Test worker] DEBUG o.h.p.w.spi.MetamodelGraphWalker - Visiting attribute path : pnfr.parent_ns.status
13:23:06.541 [Test worker] DEBUG o.h.p.w.spi.MetamodelGraphWalker - Visiting attribute path : pnfr.parent_ns.vendor
13:23:06.541 [Test worker] DEBUG o.h.p.w.spi.MetamodelGraphWalker - Visiting attribute path : pnfr.parent_ns.version
13:23:06.541 [Test worker] DEBUG o.h.p.w.spi.MetamodelGraphWalker - Visiting attribute path : pnfr.parent_ns.vlr
13:23:06.541 [Test worker] DEBUG o.h.l.p.b.i.spaces.QuerySpacesImpl - Adding QuerySpace : uid = <gen:34> -> org.hibernate.loader.plan.build.internal.spaces.CollectionQuerySpaceImpl@77771028]
13:23:06.541 [Test worker] DEBUG o.h.l.p.b.i.spaces.QuerySpacesImpl - Adding QuerySpace : uid = <gen:35> -> org.hibernate.loader.plan.build.internal.spaces.EntityQuerySpaceImpl@29c5ef5e]
13:23:06.542 [Test worker] DEBUG o.h.p.w.spi.MetamodelGraphWalker - Visiting attribute path : pnfr.parent_ns.vnf_dependency
13:23:06.542 [Test worker] DEBUG o.h.l.p.b.i.spaces.QuerySpacesImpl - Adding QuerySpace : uid = <gen:36> -> org.hibernate.loader.plan.build.internal.spaces.CollectionQuerySpaceImpl@1e619bf]
13:23:06.542 [Test worker] DEBUG o.h.l.p.b.i.spaces.QuerySpacesImpl - Adding QuerySpace : uid = <gen:37> -> org.hibernate.loader.plan.build.internal.spaces.EntityQuerySpaceImpl@29a44b92]
13:23:06.542 [Test worker] DEBUG o.h.p.w.spi.MetamodelGraphWalker - Visiting attribute path : pnfr.parent_ns.vnffgr
13:23:06.542 [Test worker] DEBUG o.h.l.p.b.i.spaces.QuerySpacesImpl - Adding QuerySpace : uid = <gen:38> -> org.hibernate.loader.plan.build.internal.spaces.CollectionQuerySpaceImpl@615d7399]
13:23:06.542 [Test worker] DEBUG o.h.l.p.b.i.spaces.QuerySpacesImpl - Adding QuerySpace : uid = <gen:39> -> org.hibernate.loader.plan.build.internal.spaces.EntityQuerySpaceImpl@3e5073bf]
13:23:06.542 [Test worker] DEBUG o.h.p.w.spi.MetamodelGraphWalker - Visiting attribute path : pnfr.parent_ns.vnfr
13:23:06.542 [Test worker] DEBUG o.h.l.p.b.i.spaces.QuerySpacesImpl - Adding QuerySpace : uid = <gen:40> -> org.hibernate.loader.plan.build.internal.spaces.EntityQuerySpaceImpl@13df208f]
13:23:06.542 [Test worker] DEBUG o.h.p.w.spi.MetamodelGraphWalker - Visiting attribute path : pnfr.pnf_address
13:23:06.542 [Test worker] DEBUG o.h.p.w.spi.MetamodelGraphWalker - Visiting attribute path : pnfr.vendor
13:23:06.542 [Test worker] DEBUG o.h.p.w.spi.MetamodelGraphWalker - Visiting attribute path : pnfr.version
13:23:06.542 [Test worker] DEBUG o.h.p.w.spi.MetamodelGraphWalker - Visiting attribute path : pnfr.vnffgr
13:23:06.542 [Test worker] DEBUG o.h.l.p.b.i.spaces.QuerySpacesImpl - Adding QuerySpace : uid = <gen:41> -> org.hibernate.loader.plan.build.internal.spaces.CollectionQuerySpaceImpl@1dd2967a]
13:23:06.542 [Test worker] DEBUG o.h.l.p.b.i.spaces.QuerySpacesImpl - Adding QuerySpace : uid = <gen:42> -> org.hibernate.loader.plan.build.internal.spaces.EntityQuerySpaceImpl@6c9532e1]
13:23:06.543 [Test worker] DEBUG o.h.p.w.spi.MetamodelGraphWalker - Visiting attribute path : pnfr.vnffgr.audit_log
13:23:06.543 [Test worker] DEBUG o.h.p.w.spi.MetamodelGraphWalker - Visiting attribute path : pnfr.vnffgr.connection_point
13:23:06.543 [Test worker] DEBUG o.h.l.p.b.i.spaces.QuerySpacesImpl - Adding QuerySpace : uid = <gen:43> -> org.hibernate.loader.plan.build.internal.spaces.CollectionQuerySpaceImpl@598a02d1]
13:23:06.543 [Test worker] DEBUG o.h.l.p.b.i.spaces.QuerySpacesImpl - Adding QuerySpace : uid = <gen:44> -> org.hibernate.loader.plan.build.internal.spaces.EntityQuerySpaceImpl@73bf1543]
13:23:06.543 [Test worker] DEBUG o.h.p.w.spi.MetamodelGraphWalker - Visiting attribute path : pnfr.vnffgr.dependent_virtual_link
13:23:06.543 [Test worker] DEBUG o.h.l.p.b.i.spaces.QuerySpacesImpl - Adding QuerySpace : uid = <gen:45> -> org.hibernate.loader.plan.build.internal.spaces.CollectionQuerySpaceImpl@60d1d13]
13:23:06.543 [Test worker] DEBUG o.h.l.p.b.i.spaces.QuerySpacesImpl - Adding QuerySpace : uid = <gen:46> -> org.hibernate.loader.plan.build.internal.spaces.EntityQuerySpaceImpl@46efcd7f]
13:23:06.543 [Test worker] DEBUG o.h.p.w.spi.MetamodelGraphWalker - Visiting attribute path : pnfr.vnffgr.descriptor_reference
13:23:06.543 [Test worker] DEBUG o.h.l.p.b.i.spaces.QuerySpacesImpl - Adding QuerySpace : uid = <gen:47> -> org.hibernate.loader.plan.build.internal.spaces.EntityQuerySpaceImpl@299c713b]
13:23:06.543 [Test worker] DEBUG o.h.p.w.spi.MetamodelGraphWalker - Visiting attribute path : pnfr.vnffgr.lifecycle_event_history
13:23:06.543 [Test worker] DEBUG o.h.l.p.b.i.spaces.QuerySpacesImpl - Adding QuerySpace : uid = <gen:48> -> org.hibernate.loader.plan.build.internal.spaces.CollectionQuerySpaceImpl@5dcdedd4]
13:23:06.544 [Test worker] DEBUG o.h.l.p.b.i.spaces.QuerySpacesImpl - Adding QuerySpace : uid = <gen:49> -> org.hibernate.loader.plan.build.internal.spaces.EntityQuerySpaceImpl@7ab92968]
13:23:06.544 [Test worker] DEBUG o.h.p.w.spi.MetamodelGraphWalker - Visiting attribute path : pnfr.vnffgr.member_vnfs
13:23:06.544 [Test worker] DEBUG o.h.l.p.b.i.spaces.QuerySpacesImpl - Adding QuerySpace : uid = <gen:50> -> org.hibernate.loader.plan.build.internal.spaces.CollectionQuerySpaceImpl@124da9ca]
13:23:06.544 [Test worker] DEBUG o.h.l.p.b.i.spaces.QuerySpacesImpl - Adding QuerySpace : uid = <gen:51> -> org.hibernate.loader.plan.build.internal.spaces.EntityQuerySpaceImpl@28c61629]
13:23:06.544 [Test worker] DEBUG o.h.p.w.spi.MetamodelGraphWalker - Visiting attribute path : pnfr.vnffgr.network_forwarding_path
13:23:06.544 [Test worker] DEBUG o.h.l.p.b.i.spaces.QuerySpacesImpl - Adding QuerySpace : uid = <gen:52> -> org.hibernate.loader.plan.build.internal.spaces.EntityQuerySpaceImpl@64d8f2a8]
13:23:06.544 [Test worker] DEBUG o.h.p.w.spi.MetamodelGraphWalker - Visiting attribute path : pnfr.vnffgr.notification
13:23:06.544 [Test worker] DEBUG o.h.p.w.spi.MetamodelGraphWalker - Visiting attribute path : pnfr.vnffgr.number_of_endpoints
13:23:06.544 [Test worker] DEBUG o.h.p.w.spi.MetamodelGraphWalker - Visiting attribute path : pnfr.vnffgr.number_of_pnfs
13:23:06.544 [Test worker] DEBUG o.h.p.w.spi.MetamodelGraphWalker - Visiting attribute path : pnfr.vnffgr.number_of_virtual_links
13:23:06.544 [Test worker] DEBUG o.h.p.w.spi.MetamodelGraphWalker - Visiting attribute path : pnfr.vnffgr.number_of_vnfs
13:23:06.544 [Test worker] DEBUG o.h.p.w.spi.MetamodelGraphWalker - Visiting attribute path : pnfr.vnffgr.parent_ns
13:23:06.544 [Test worker] DEBUG o.h.l.p.b.i.spaces.QuerySpacesImpl - Adding QuerySpace : uid = <gen:53> -> org.hibernate.loader.plan.build.internal.spaces.EntityQuerySpaceImpl@5f232751]
13:23:06.544 [Test worker] DEBUG o.h.p.w.spi.MetamodelGraphWalker - Visiting attribute path : pnfr.vnffgr.status
13:23:06.545 [Test worker] DEBUG o.h.p.w.spi.MetamodelGraphWalker - Visiting attribute path : pnfr.vnffgr.vendor
13:23:06.545 [Test worker] DEBUG o.h.p.w.spi.MetamodelGraphWalker - Visiting attribute path : pnfr.vnffgr.version
13:23:06.545 [Test worker] DEBUG o.h.p.w.spi.MetamodelGraphWalker - Visiting attribute path : resource_reservation
13:23:06.545 [Test worker] DEBUG o.h.p.w.spi.MetamodelGraphWalker - Visiting attribute path : runtime_policy_info
13:23:06.545 [Test worker] DEBUG o.h.p.w.spi.MetamodelGraphWalker - Visiting attribute path : service_deployment_flavour
13:23:06.545 [Test worker] DEBUG o.h.l.p.b.i.spaces.QuerySpacesImpl - Adding QuerySpace : uid = <gen:54> -> org.hibernate.loader.plan.build.internal.spaces.EntityQuerySpaceImpl@7cea67a2]
13:23:06.545 [Test worker] DEBUG o.h.p.w.spi.MetamodelGraphWalker - Visiting attribute path : service_deployment_flavour.flavour_key
13:23:06.545 [Test worker] DEBUG o.h.p.w.spi.MetamodelGraphWalker - Visiting attribute path : service_deployment_flavour.version
13:23:06.545 [Test worker] DEBUG o.h.p.w.spi.MetamodelGraphWalker - Visiting attribute path : service_deployment_flavour.constituent_vnf
13:23:06.545 [Test worker] DEBUG o.h.p.w.spi.MetamodelGraphWalker - Visiting attribute path : status
13:23:06.545 [Test worker] DEBUG o.h.p.w.spi.MetamodelGraphWalker - Visiting attribute path : vendor
13:23:06.545 [Test worker] DEBUG o.h.p.w.spi.MetamodelGraphWalker - Visiting attribute path : version
13:23:06.545 [Test worker] DEBUG o.h.p.w.spi.MetamodelGraphWalker - Visiting attribute path : vlr
13:23:06.545 [Test worker] DEBUG o.h.l.p.b.i.spaces.QuerySpacesImpl - Adding QuerySpace : uid = <gen:55> -> org.hibernate.loader.plan.build.internal.spaces.CollectionQuerySpaceImpl@600a1e1]
13:23:06.545 [Test worker] DEBUG o.h.l.p.b.i.spaces.QuerySpacesImpl - Adding QuerySpace : uid = <gen:56> -> org.hibernate.loader.plan.build.internal.spaces.EntityQuerySpaceImpl@1383bddb]
13:23:06.546 [Test worker] DEBUG o.h.p.w.spi.MetamodelGraphWalker - Visiting attribute path : vlr.allocated_capacity
13:23:06.546 [Test worker] DEBUG o.h.p.w.spi.MetamodelGraphWalker - Visiting attribute path : vlr.audit_log
13:23:06.546 [Test worker] DEBUG o.h.p.w.spi.MetamodelGraphWalker - Visiting attribute path : vlr.connection
13:23:06.546 [Test worker] DEBUG o.h.p.w.spi.MetamodelGraphWalker - Visiting attribute path : vlr.connectivity_type
13:23:06.546 [Test worker] DEBUG o.h.p.w.spi.MetamodelGraphWalker - Visiting attribute path : vlr.descriptor_reference
13:23:06.546 [Test worker] DEBUG o.h.p.w.spi.MetamodelGraphWalker - Visiting attribute path : vlr.leaf_requirement
13:23:06.546 [Test worker] DEBUG o.h.p.w.spi.MetamodelGraphWalker - Visiting attribute path : vlr.lifecycle_event_history
13:23:06.546 [Test worker] DEBUG o.h.l.p.b.i.spaces.QuerySpacesImpl - Adding QuerySpace : uid = <gen:57> -> org.hibernate.loader.plan.build.internal.spaces.CollectionQuerySpaceImpl@7486e1ba]
13:23:06.546 [Test worker] DEBUG o.h.l.p.b.i.spaces.QuerySpacesImpl - Adding QuerySpace : uid = <gen:58> -> org.hibernate.loader.plan.build.internal.spaces.EntityQuerySpaceImpl@434db61a]
13:23:06.546 [Test worker] DEBUG o.h.p.w.spi.MetamodelGraphWalker - Visiting attribute path : vlr.lifecycle_event_history.lifecycle_events
13:23:06.546 [Test worker] DEBUG o.h.p.w.spi.MetamodelGraphWalker - Visiting attribute path : vlr.lifecycle_event_history.version
13:23:06.546 [Test worker] DEBUG o.h.p.w.spi.MetamodelGraphWalker - Visiting attribute path : vlr.notification
13:23:06.546 [Test worker] DEBUG o.h.p.w.spi.MetamodelGraphWalker - Visiting attribute path : vlr.number_of_enpoints
13:23:06.547 [Test worker] DEBUG o.h.p.w.spi.MetamodelGraphWalker - Visiting attribute path : vlr.parent_ns
13:23:06.547 [Test worker] DEBUG o.h.p.w.spi.MetamodelGraphWalker - Visiting attribute path : vlr.qos
13:23:06.547 [Test worker] DEBUG o.h.p.w.spi.MetamodelGraphWalker - Visiting attribute path : vlr.root_requirement
13:23:06.547 [Test worker] DEBUG o.h.p.w.spi.MetamodelGraphWalker - Visiting attribute path : vlr.status
13:23:06.547 [Test worker] DEBUG o.h.p.w.spi.MetamodelGraphWalker - Visiting attribute path : vlr.test_access
13:23:06.547 [Test worker] DEBUG o.h.p.w.spi.MetamodelGraphWalker - Visiting attribute path : vlr.vendor
13:23:06.547 [Test worker] DEBUG o.h.p.w.spi.MetamodelGraphWalker - Visiting attribute path : vlr.version
13:23:06.547 [Test worker] DEBUG o.h.p.w.spi.MetamodelGraphWalker - Visiting attribute path : vlr.vim_id
13:23:06.547 [Test worker] DEBUG o.h.p.w.spi.MetamodelGraphWalker - Visiting attribute path : vlr.vnffgr_reference
13:23:06.547 [Test worker] DEBUG o.h.l.p.b.i.spaces.QuerySpacesImpl - Adding QuerySpace : uid = <gen:59> -> org.hibernate.loader.plan.build.internal.spaces.CollectionQuerySpaceImpl@62a9b09a]
13:23:06.547 [Test worker] DEBUG o.h.l.p.b.i.spaces.QuerySpacesImpl - Adding QuerySpace : uid = <gen:60> -> org.hibernate.loader.plan.build.internal.spaces.EntityQuerySpaceImpl@72898110]
13:23:06.547 [Test worker] DEBUG o.h.p.w.spi.MetamodelGraphWalker - Visiting attribute path : vlr.vnffgr_reference.audit_log
13:23:06.547 [Test worker] DEBUG o.h.p.w.spi.MetamodelGraphWalker - Visiting attribute path : vlr.vnffgr_reference.connection_point
13:23:06.548 [Test worker] DEBUG o.h.l.p.b.i.spaces.QuerySpacesImpl - Adding QuerySpace : uid = <gen:61> -> org.hibernate.loader.plan.build.internal.spaces.CollectionQuerySpaceImpl@1240a29e]
13:23:06.548 [Test worker] DEBUG o.h.l.p.b.i.spaces.QuerySpacesImpl - Adding QuerySpace : uid = <gen:62> -> org.hibernate.loader.plan.build.internal.spaces.EntityQuerySpaceImpl@51743c6e]
13:23:06.548 [Test worker] DEBUG o.h.p.w.spi.MetamodelGraphWalker - Visiting attribute path : vlr.vnffgr_reference.dependent_virtual_link
13:23:06.548 [Test worker] DEBUG o.h.l.p.b.i.spaces.QuerySpacesImpl - Adding QuerySpace : uid = <gen:63> -> org.hibernate.loader.plan.build.internal.spaces.CollectionQuerySpaceImpl@262b8389]
13:23:06.548 [Test worker] DEBUG o.h.l.p.b.i.spaces.QuerySpacesImpl - Adding QuerySpace : uid = <gen:64> -> org.hibernate.loader.plan.build.internal.spaces.EntityQuerySpaceImpl@72c8aaf2]
13:23:06.548 [Test worker] DEBUG o.h.p.w.spi.MetamodelGraphWalker - Visiting attribute path : vlr.vnffgr_reference.descriptor_reference
13:23:06.548 [Test worker] DEBUG o.h.l.p.b.i.spaces.QuerySpacesImpl - Adding QuerySpace : uid = <gen:65> -> org.hibernate.loader.plan.build.internal.spaces.EntityQuerySpaceImpl@544f30bd]
13:23:06.548 [Test worker] DEBUG o.h.p.w.spi.MetamodelGraphWalker - Visiting attribute path : vlr.vnffgr_reference.lifecycle_event_history
13:23:06.548 [Test worker] DEBUG o.h.l.p.b.i.spaces.QuerySpacesImpl - Adding QuerySpace : uid = <gen:66> -> org.hibernate.loader.plan.build.internal.spaces.CollectionQuerySpaceImpl@1b08f389]
13:23:06.548 [Test worker] DEBUG o.h.l.p.b.i.spaces.QuerySpacesImpl - Adding QuerySpace : uid = <gen:67> -> org.hibernate.loader.plan.build.internal.spaces.EntityQuerySpaceImpl@68acb53c]
13:23:06.548 [Test worker] DEBUG o.h.p.w.spi.MetamodelGraphWalker - Visiting attribute path : vlr.vnffgr_reference.member_vnfs
13:23:06.548 [Test worker] DEBUG o.h.l.p.b.i.spaces.QuerySpacesImpl - Adding QuerySpace : uid = <gen:68> -> org.hibernate.loader.plan.build.internal.spaces.CollectionQuerySpaceImpl@22aeabd4]
13:23:06.548 [Test worker] DEBUG o.h.l.p.b.i.spaces.QuerySpacesImpl - Adding QuerySpace : uid = <gen:69> -> org.hibernate.loader.plan.build.internal.spaces.EntityQuerySpaceImpl@7992fd15]
13:23:06.548 [Test worker] DEBUG o.h.p.w.spi.MetamodelGraphWalker - Visiting attribute path : vlr.vnffgr_reference.network_forwarding_path
13:23:06.549 [Test worker] DEBUG o.h.l.p.b.i.spaces.QuerySpacesImpl - Adding QuerySpace : uid = <gen:70> -> org.hibernate.loader.plan.build.internal.spaces.EntityQuerySpaceImpl@2125ac0e]
13:23:06.549 [Test worker] DEBUG o.h.p.w.spi.MetamodelGraphWalker - Visiting attribute path : vlr.vnffgr_reference.notification
13:23:06.549 [Test worker] DEBUG o.h.p.w.spi.MetamodelGraphWalker - Visiting attribute path : vlr.vnffgr_reference.number_of_endpoints
13:23:06.549 [Test worker] DEBUG o.h.p.w.spi.MetamodelGraphWalker - Visiting attribute path : vlr.vnffgr_reference.number_of_pnfs
13:23:06.549 [Test worker] DEBUG o.h.p.w.spi.MetamodelGraphWalker - Visiting attribute path : vlr.vnffgr_reference.number_of_virtual_links
13:23:06.549 [Test worker] DEBUG o.h.p.w.spi.MetamodelGraphWalker - Visiting attribute path : vlr.vnffgr_reference.number_of_vnfs
13:23:06.549 [Test worker] DEBUG o.h.p.w.spi.MetamodelGraphWalker - Visiting attribute path : vlr.vnffgr_reference.parent_ns
13:23:06.549 [Test worker] DEBUG o.h.l.p.b.i.spaces.QuerySpacesImpl - Adding QuerySpace : uid = <gen:71> -> org.hibernate.loader.plan.build.internal.spaces.EntityQuerySpaceImpl@3042dc22]
13:23:06.549 [Test worker] DEBUG o.h.p.w.spi.MetamodelGraphWalker - Visiting attribute path : vlr.vnffgr_reference.status
13:23:06.549 [Test worker] DEBUG o.h.p.w.spi.MetamodelGraphWalker - Visiting attribute path : vlr.vnffgr_reference.vendor
13:23:06.549 [Test worker] DEBUG o.h.p.w.spi.MetamodelGraphWalker - Visiting attribute path : vlr.vnffgr_reference.version
13:23:06.549 [Test worker] DEBUG o.h.p.w.spi.MetamodelGraphWalker - Visiting attribute path : vnf_dependency
13:23:06.549 [Test worker] DEBUG o.h.l.p.b.i.spaces.QuerySpacesImpl - Adding QuerySpace : uid = <gen:72> -> org.hibernate.loader.plan.build.internal.spaces.CollectionQuerySpaceImpl@758254ee]
13:23:06.549 [Test worker] DEBUG o.h.l.p.b.i.spaces.QuerySpacesImpl - Adding QuerySpace : uid = <gen:73> -> org.hibernate.loader.plan.build.internal.spaces.EntityQuerySpaceImpl@3f961187]
13:23:06.550 [Test worker] DEBUG o.h.p.w.spi.MetamodelGraphWalker - Visiting attribute path : vnf_dependency.source
13:23:06.550 [Test worker] DEBUG o.h.l.p.b.i.spaces.QuerySpacesImpl - Adding QuerySpace : uid = <gen:74> -> org.hibernate.loader.plan.build.internal.spaces.EntityQuerySpaceImpl@11885aff]
13:23:06.550 [Test worker] DEBUG o.h.p.w.spi.MetamodelGraphWalker - Visiting attribute path : vnf_dependency.source.auto_scale_policy
13:23:06.550 [Test worker] DEBUG o.h.p.w.spi.MetamodelGraphWalker - Visiting attribute path : vnf_dependency.source.connection_point
13:23:06.550 [Test worker] DEBUG o.h.p.w.spi.MetamodelGraphWalker - Visiting attribute path : vnf_dependency.source.hb_version
13:23:06.550 [Test worker] DEBUG o.h.p.w.spi.MetamodelGraphWalker - Visiting attribute path : vnf_dependency.source.lifecycle_event
13:23:06.550 [Test worker] DEBUG o.h.p.w.spi.MetamodelGraphWalker - Visiting attribute path : vnf_dependency.source.monitoring_parameter
13:23:06.550 [Test worker] DEBUG o.h.p.w.spi.MetamodelGraphWalker - Property path deemed to be circular : vnf_dependency.source.monitoring_parameter
13:23:06.550 [Test worker] DEBUG o.h.p.w.spi.MetamodelGraphWalker - Visiting attribute path : vnf_dependency.source.service_deployment_flavour
13:23:06.551 [Test worker] DEBUG o.h.p.w.spi.MetamodelGraphWalker - Visiting attribute path : vnf_dependency.source.vendor
13:23:06.551 [Test worker] DEBUG o.h.p.w.spi.MetamodelGraphWalker - Visiting attribute path : vnf_dependency.source.version
13:23:06.551 [Test worker] DEBUG o.h.p.w.spi.MetamodelGraphWalker - Visiting attribute path : vnf_dependency.source.vld
13:23:06.551 [Test worker] DEBUG o.h.p.w.spi.MetamodelGraphWalker - Visiting attribute path : vnf_dependency.source.vnffgd
13:23:06.551 [Test worker] DEBUG o.h.p.w.spi.MetamodelGraphWalker - Visiting attribute path : vnf_dependency.source.deployment_flavour
13:23:06.551 [Test worker] DEBUG o.h.p.w.spi.MetamodelGraphWalker - Property path deemed to be circular : vnf_dependency.source.deployment_flavour
13:23:06.551 [Test worker] DEBUG o.h.p.w.spi.MetamodelGraphWalker - Visiting attribute path : vnf_dependency.source.descriptor_version
13:23:06.551 [Test worker] DEBUG o.h.p.w.spi.MetamodelGraphWalker - Visiting attribute path : vnf_dependency.source.manifest_file
13:23:06.551 [Test worker] DEBUG o.h.p.w.spi.MetamodelGraphWalker - Visiting attribute path : vnf_dependency.source.manifest_file_security
13:23:06.551 [Test worker] DEBUG o.h.p.w.spi.MetamodelGraphWalker - Visiting attribute path : vnf_dependency.source.vdu
13:23:06.551 [Test worker] DEBUG o.h.p.w.spi.MetamodelGraphWalker - Visiting attribute path : vnf_dependency.source.vdu_dependency
13:23:06.552 [Test worker] DEBUG o.h.p.w.spi.MetamodelGraphWalker - Visiting attribute path : vnf_dependency.source.virtual_link
13:23:06.552 [Test worker] DEBUG o.h.p.w.spi.MetamodelGraphWalker - Visiting attribute path : vnf_dependency.target
13:23:06.552 [Test worker] DEBUG o.h.l.p.b.i.spaces.QuerySpacesImpl - Adding QuerySpace : uid = <gen:75> -> org.hibernate.loader.plan.build.internal.spaces.EntityQuerySpaceImpl@6973d379]
13:23:06.552 [Test worker] DEBUG o.h.p.w.spi.MetamodelGraphWalker - Visiting attribute path : vnf_dependency.target.auto_scale_policy
13:23:06.552 [Test worker] DEBUG o.h.p.w.spi.MetamodelGraphWalker - Visiting attribute path : vnf_dependency.target.connection_point
13:23:06.552 [Test worker] DEBUG o.h.p.w.spi.MetamodelGraphWalker - Visiting attribute path : vnf_dependency.target.hb_version
13:23:06.552 [Test worker] DEBUG o.h.p.w.spi.MetamodelGraphWalker - Visiting attribute path : vnf_dependency.target.lifecycle_event
13:23:06.552 [Test worker] DEBUG o.h.p.w.spi.MetamodelGraphWalker - Visiting attribute path : vnf_dependency.target.monitoring_parameter
13:23:06.553 [Test worker] DEBUG o.h.p.w.spi.MetamodelGraphWalker - Property path deemed to be circular : vnf_dependency.target.monitoring_parameter
13:23:06.553 [Test worker] DEBUG o.h.p.w.spi.MetamodelGraphWalker - Visiting attribute path : vnf_dependency.target.service_deployment_flavour
13:23:06.553 [Test worker] DEBUG o.h.p.w.spi.MetamodelGraphWalker - Visiting attribute path : vnf_dependency.target.vendor
13:23:06.553 [Test worker] DEBUG o.h.p.w.spi.MetamodelGraphWalker - Visiting attribute path : vnf_dependency.target.version
13:23:06.553 [Test worker] DEBUG o.h.p.w.spi.MetamodelGraphWalker - Visiting attribute path : vnf_dependency.target.vld
13:23:06.553 [Test worker] DEBUG o.h.p.w.spi.MetamodelGraphWalker - Visiting attribute path : vnf_dependency.target.vnffgd
13:23:06.553 [Test worker] DEBUG o.h.p.w.spi.MetamodelGraphWalker - Visiting attribute path : vnf_dependency.target.deployment_flavour
13:23:06.553 [Test worker] DEBUG o.h.p.w.spi.MetamodelGraphWalker - Property path deemed to be circular : vnf_dependency.target.deployment_flavour
13:23:06.553 [Test worker] DEBUG o.h.p.w.spi.MetamodelGraphWalker - Visiting attribute path : vnf_dependency.target.descriptor_version
13:23:06.553 [Test worker] DEBUG o.h.p.w.spi.MetamodelGraphWalker - Visiting attribute path : vnf_dependency.target.manifest_file
13:23:06.553 [Test worker] DEBUG o.h.p.w.spi.MetamodelGraphWalker - Visiting attribute path : vnf_dependency.target.manifest_file_security
13:23:06.561 [Test worker] DEBUG o.h.p.w.spi.MetamodelGraphWalker - Visiting attribute path : vnf_dependency.target.vdu
13:23:06.562 [Test worker] DEBUG o.h.p.w.spi.MetamodelGraphWalker - Visiting attribute path : vnf_dependency.target.vdu_dependency
13:23:06.563 [Test worker] DEBUG o.h.p.w.spi.MetamodelGraphWalker - Visiting attribute path : vnf_dependency.target.virtual_link
13:23:06.563 [Test worker] DEBUG o.h.p.w.spi.MetamodelGraphWalker - Visiting attribute path : vnf_dependency.version
13:23:06.563 [Test worker] DEBUG o.h.p.w.spi.MetamodelGraphWalker - Visiting attribute path : vnffgr
13:23:06.563 [Test worker] DEBUG o.h.l.p.b.i.spaces.QuerySpacesImpl - Adding QuerySpace : uid = <gen:76> -> org.hibernate.loader.plan.build.internal.spaces.CollectionQuerySpaceImpl@68f8778c]
13:23:06.563 [Test worker] DEBUG o.h.l.p.b.i.spaces.QuerySpacesImpl - Adding QuerySpace : uid = <gen:77> -> org.hibernate.loader.plan.build.internal.spaces.EntityQuerySpaceImpl@1070be2b]
13:23:06.563 [Test worker] DEBUG o.h.p.w.spi.MetamodelGraphWalker - Visiting attribute path : vnffgr.connection_point
13:23:06.564 [Test worker] DEBUG o.h.p.w.spi.MetamodelGraphWalker - Visiting attribute path : vnffgr.constituent_vnfs
13:23:06.564 [Test worker] DEBUG o.h.p.w.spi.MetamodelGraphWalker - Visiting attribute path : vnffgr.dependent_virtual_link
13:23:06.564 [Test worker] DEBUG o.h.p.w.spi.MetamodelGraphWalker - Visiting attribute path : vnffgr.descriptor_version
13:23:06.564 [Test worker] DEBUG o.h.p.w.spi.MetamodelGraphWalker - Visiting attribute path : vnffgr.hb_version
13:23:06.564 [Test worker] DEBUG o.h.p.w.spi.MetamodelGraphWalker - Visiting attribute path : vnffgr.network_forwarding_path
13:23:06.564 [Test worker] DEBUG o.h.p.w.spi.MetamodelGraphWalker - Visiting attribute path : vnffgr.number_of_endpoints
13:23:06.564 [Test worker] DEBUG o.h.p.w.spi.MetamodelGraphWalker - Visiting attribute path : vnffgr.number_of_virtual_links
13:23:06.564 [Test worker] DEBUG o.h.p.w.spi.MetamodelGraphWalker - Visiting attribute path : vnffgr.vendor
13:23:06.564 [Test worker] DEBUG o.h.p.w.spi.MetamodelGraphWalker - Visiting attribute path : vnffgr.version
13:23:06.564 [Test worker] DEBUG o.h.p.w.spi.MetamodelGraphWalker - Visiting attribute path : vnffgr.vnffgd_security
13:23:06.564 [Test worker] DEBUG o.h.l.p.b.i.spaces.QuerySpacesImpl - Adding QuerySpace : uid = <gen:78> -> org.hibernate.loader.plan.build.internal.spaces.EntityQuerySpaceImpl@4c7f3c76]
13:23:06.565 [Test worker] DEBUG o.h.p.w.spi.MetamodelGraphWalker - Visiting attribute path : vnffgr.vnffgd_security.version
13:23:06.565 [Test worker] DEBUG o.h.p.w.spi.MetamodelGraphWalker - Visiting attribute path : vnfr
13:23:06.566 [Test worker] DEBUG o.h.l.p.b.i.spaces.QuerySpacesImpl - Adding QuerySpace : uid = <gen:79> -> org.hibernate.loader.plan.build.internal.spaces.EntityQuerySpaceImpl@4c2e9697]
13:23:06.566 [Test worker] DEBUG o.h.p.w.spi.MetamodelGraphWalker - Visiting attribute path : vnfr.audit_log
13:23:06.566 [Test worker] DEBUG o.h.p.w.spi.MetamodelGraphWalker - Visiting attribute path : vnfr.auto_scale_policy
13:23:06.566 [Test worker] DEBUG o.h.l.p.b.i.spaces.QuerySpacesImpl - Adding QuerySpace : uid = <gen:80> -> org.hibernate.loader.plan.build.internal.spaces.CollectionQuerySpaceImpl@22394df2]
13:23:06.566 [Test worker] DEBUG o.h.l.p.b.i.spaces.QuerySpacesImpl - Adding QuerySpace : uid = <gen:81> -> org.hibernate.loader.plan.build.internal.spaces.EntityQuerySpaceImpl@602c5c6b]
13:23:06.566 [Test worker] DEBUG o.h.p.w.spi.MetamodelGraphWalker - Visiting attribute path : vnfr.auto_scale_policy.version
13:23:06.567 [Test worker] DEBUG o.h.p.w.spi.MetamodelGraphWalker - Visiting attribute path : vnfr.connected_external_virtual_link
13:23:06.567 [Test worker] DEBUG o.h.l.p.b.i.spaces.QuerySpacesImpl - Adding QuerySpace : uid = <gen:82> -> org.hibernate.loader.plan.build.internal.spaces.CollectionQuerySpaceImpl@4cda814e]
13:23:06.567 [Test worker] DEBUG o.h.l.p.b.i.spaces.QuerySpacesImpl - Adding QuerySpace : uid = <gen:83> -> org.hibernate.loader.plan.build.internal.spaces.EntityQuerySpaceImpl@1d5f4f4d]
13:23:06.567 [Test worker] DEBUG o.h.p.w.spi.MetamodelGraphWalker - Visiting attribute path : vnfr.connected_external_virtual_link.allocated_capacity
13:23:06.567 [Test worker] DEBUG o.h.p.w.spi.MetamodelGraphWalker - Visiting attribute path : vnfr.connected_external_virtual_link.audit_log
13:23:06.567 [Test worker] DEBUG o.h.p.w.spi.MetamodelGraphWalker - Visiting attribute path : vnfr.connected_external_virtual_link.connection
13:23:06.567 [Test worker] DEBUG o.h.p.w.spi.MetamodelGraphWalker - Visiting attribute path : vnfr.connected_external_virtual_link.connectivity_type
13:23:06.568 [Test worker] DEBUG o.h.p.w.spi.MetamodelGraphWalker - Visiting attribute path : vnfr.connected_external_virtual_link.descriptor_reference
13:23:06.568 [Test worker] DEBUG o.h.p.w.spi.MetamodelGraphWalker - Visiting attribute path : vnfr.connected_external_virtual_link.leaf_requirement
13:23:06.568 [Test worker] DEBUG o.h.p.w.spi.MetamodelGraphWalker - Visiting attribute path : vnfr.connected_external_virtual_link.lifecycle_event_history
13:23:06.568 [Test worker] DEBUG o.h.p.w.spi.MetamodelGraphWalker - Property path deemed to be circular : vnfr.connected_external_virtual_link.lifecycle_event_history
13:23:06.568 [Test worker] DEBUG o.h.p.w.spi.MetamodelGraphWalker - Visiting attribute path : vnfr.connected_external_virtual_link.notification
13:23:06.568 [Test worker] DEBUG o.h.p.w.spi.MetamodelGraphWalker - Visiting attribute path : vnfr.connected_external_virtual_link.number_of_enpoints
13:23:06.568 [Test worker] DEBUG o.h.p.w.spi.MetamodelGraphWalker - Visiting attribute path : vnfr.connected_external_virtual_link.parent_ns
13:23:06.568 [Test worker] DEBUG o.h.p.w.spi.MetamodelGraphWalker - Visiting attribute path : vnfr.connected_external_virtual_link.qos
13:23:06.569 [Test worker] DEBUG o.h.p.w.spi.MetamodelGraphWalker - Visiting attribute path : vnfr.connected_external_virtual_link.root_requirement
13:23:06.569 [Test worker] DEBUG o.h.p.w.spi.MetamodelGraphWalker - Visiting attribute path : vnfr.connected_external_virtual_link.status
13:23:06.569 [Test worker] DEBUG o.h.p.w.spi.MetamodelGraphWalker - Visiting attribute path : vnfr.connected_external_virtual_link.test_access
13:23:06.569 [Test worker] DEBUG o.h.p.w.spi.MetamodelGraphWalker - Visiting attribute path : vnfr.connected_external_virtual_link.vendor
13:23:06.569 [Test worker] DEBUG o.h.p.w.spi.MetamodelGraphWalker - Visiting attribute path : vnfr.connected_external_virtual_link.version
13:23:06.569 [Test worker] DEBUG o.h.p.w.spi.MetamodelGraphWalker - Visiting attribute path : vnfr.connected_external_virtual_link.vim_id
13:23:06.569 [Test worker] DEBUG o.h.p.w.spi.MetamodelGraphWalker - Visiting attribute path : vnfr.connected_external_virtual_link.vnffgr_reference
13:23:06.569 [Test worker] DEBUG o.h.p.w.spi.MetamodelGraphWalker - Property path deemed to be circular : vnfr.connected_external_virtual_link.vnffgr_reference
13:23:06.570 [Test worker] DEBUG o.h.p.w.spi.MetamodelGraphWalker - Visiting attribute path : vnfr.connection_point
13:23:06.570 [Test worker] DEBUG o.h.l.p.b.i.spaces.QuerySpacesImpl - Adding QuerySpace : uid = <gen:84> -> org.hibernate.loader.plan.build.internal.spaces.CollectionQuerySpaceImpl@154e95ac]
13:23:06.570 [Test worker] DEBUG o.h.l.p.b.i.spaces.QuerySpacesImpl - Adding QuerySpace : uid = <gen:85> -> org.hibernate.loader.plan.build.internal.spaces.EntityQuerySpaceImpl@5a445a21]
13:23:06.570 [Test worker] DEBUG o.h.p.w.spi.MetamodelGraphWalker - Visiting attribute path : vnfr.connection_point.type
13:23:06.570 [Test worker] DEBUG o.h.p.w.spi.MetamodelGraphWalker - Visiting attribute path : vnfr.connection_point.version
13:23:06.570 [Test worker] DEBUG o.h.p.w.spi.MetamodelGraphWalker - Visiting attribute path : vnfr.connection_point.virtual_link_reference
13:23:06.570 [Test worker] DEBUG o.h.p.w.spi.MetamodelGraphWalker - Visiting attribute path : vnfr.dependency
13:23:06.570 [Test worker] DEBUG o.h.l.p.b.i.spaces.QuerySpacesImpl - Adding QuerySpace : uid = <gen:86> -> org.hibernate.loader.plan.build.internal.spaces.CollectionQuerySpaceImpl@24a5d30]
13:23:06.570 [Test worker] DEBUG o.h.l.p.b.i.spaces.QuerySpacesImpl - Adding QuerySpace : uid = <gen:87> -> org.hibernate.loader.plan.build.internal.spaces.EntityQuerySpaceImpl@602bfb7c]
13:23:06.570 [Test worker] DEBUG o.h.p.w.spi.MetamodelGraphWalker - Visiting attribute path : vnfr.dependency.source
13:23:06.571 [Test worker] DEBUG o.h.p.w.spi.MetamodelGraphWalker - Property path deemed to be circular : vnfr.dependency.source
13:23:06.571 [Test worker] DEBUG o.h.p.w.spi.MetamodelGraphWalker - Visiting attribute path : vnfr.dependency.target
13:23:06.571 [Test worker] DEBUG o.h.p.w.spi.MetamodelGraphWalker - Property path deemed to be circular : vnfr.dependency.target
13:23:06.571 [Test worker] DEBUG o.h.p.w.spi.MetamodelGraphWalker - Visiting attribute path : vnfr.dependency.version
13:23:06.571 [Test worker] DEBUG o.h.p.w.spi.MetamodelGraphWalker - Visiting attribute path : vnfr.deployment_flavour
13:23:06.571 [Test worker] DEBUG o.h.l.p.b.i.spaces.QuerySpacesImpl - Adding QuerySpace : uid = <gen:88> -> org.hibernate.loader.plan.build.internal.spaces.EntityQuerySpaceImpl@208e7979]
13:23:06.571 [Test worker] DEBUG o.h.p.w.spi.MetamodelGraphWalker - Visiting attribute path : vnfr.deployment_flavour.flavour_key
13:23:06.571 [Test worker] DEBUG o.h.p.w.spi.MetamodelGraphWalker - Visiting attribute path : vnfr.deployment_flavour.version
13:23:06.571 [Test worker] DEBUG o.h.p.w.spi.MetamodelGraphWalker - Visiting attribute path : vnfr.deployment_flavour.costituent_vdu
13:23:06.571 [Test worker] DEBUG o.h.p.w.spi.MetamodelGraphWalker - Visiting attribute path : vnfr.deployment_flavour.df_constraint
13:23:06.571 [Test worker] DEBUG o.h.l.p.b.i.spaces.QuerySpacesImpl - Adding QuerySpace : uid = <gen:89> -> org.hibernate.loader.plan.build.internal.spaces.CollectionQuerySpaceImpl@d141149]
13:23:06.572 [Test worker] DEBUG o.h.p.w.spi.MetamodelGraphWalker - Visiting attribute path : vnfr.descriptor_reference
13:23:06.572 [Test worker] DEBUG o.h.p.w.spi.MetamodelGraphWalker - Visiting attribute path : vnfr.lifecycle_event
13:23:06.572 [Test worker] DEBUG o.h.l.p.b.i.spaces.QuerySpacesImpl - Adding QuerySpace : uid = <gen:90> -> org.hibernate.loader.plan.build.internal.spaces.EntityQuerySpaceImpl@207ad654]
13:23:06.572 [Test worker] DEBUG o.h.p.w.spi.MetamodelGraphWalker - Visiting attribute path : vnfr.lifecycle_event.lifecycle_events
13:23:06.572 [Test worker] DEBUG o.h.p.w.spi.MetamodelGraphWalker - Visiting attribute path : vnfr.lifecycle_event.version
13:23:06.572 [Test worker] DEBUG o.h.p.w.spi.MetamodelGraphWalker - Visiting attribute path : vnfr.lifecycle_event_history
13:23:06.572 [Test worker] DEBUG o.h.l.p.b.i.spaces.QuerySpacesImpl - Adding QuerySpace : uid = <gen:91> -> org.hibernate.loader.plan.build.internal.spaces.CollectionQuerySpaceImpl@56b08431]
13:23:06.572 [Test worker] DEBUG o.h.l.p.b.i.spaces.QuerySpacesImpl - Adding QuerySpace : uid = <gen:92> -> org.hibernate.loader.plan.build.internal.spaces.EntityQuerySpaceImpl@5eb6d96d]
13:23:06.573 [Test worker] DEBUG o.h.p.w.spi.MetamodelGraphWalker - Visiting attribute path : vnfr.lifecycle_event_history.lifecycle_events
13:23:06.573 [Test worker] DEBUG o.h.p.w.spi.MetamodelGraphWalker - Visiting attribute path : vnfr.lifecycle_event_history.version
13:23:06.573 [Test worker] DEBUG o.h.p.w.spi.MetamodelGraphWalker - Visiting attribute path : vnfr.localization
13:23:06.573 [Test worker] DEBUG o.h.p.w.spi.MetamodelGraphWalker - Visiting attribute path : vnfr.monitoring_parameter
13:23:06.573 [Test worker] DEBUG o.h.p.w.spi.MetamodelGraphWalker - Visiting attribute path : vnfr.notification
13:23:06.573 [Test worker] DEBUG o.h.p.w.spi.MetamodelGraphWalker - Visiting attribute path : vnfr.parent_ns
13:23:06.573 [Test worker] DEBUG o.h.l.p.b.i.spaces.QuerySpacesImpl - Adding QuerySpace : uid = <gen:93> -> org.hibernate.loader.plan.build.internal.spaces.EntityQuerySpaceImpl@378f95c8]
13:23:06.573 [Test worker] DEBUG o.h.p.w.spi.MetamodelGraphWalker - Visiting attribute path : vnfr.parent_ns.audit_log
13:23:06.573 [Test worker] DEBUG o.h.p.w.spi.MetamodelGraphWalker - Visiting attribute path : vnfr.parent_ns.auto_scale_policy
13:23:06.573 [Test worker] DEBUG o.h.p.w.spi.MetamodelGraphWalker - Property path deemed to be circular : vnfr.parent_ns.auto_scale_policy
13:23:06.573 [Test worker] DEBUG o.h.p.w.spi.MetamodelGraphWalker - Visiting attribute path : vnfr.parent_ns.connection_point
13:23:06.573 [Test worker] DEBUG o.h.p.w.spi.MetamodelGraphWalker - Property path deemed to be circular : vnfr.parent_ns.connection_point
13:23:06.573 [Test worker] DEBUG o.h.p.w.spi.MetamodelGraphWalker - Visiting attribute path : vnfr.parent_ns.descriptor_reference
13:23:06.573 [Test worker] DEBUG o.h.p.w.spi.MetamodelGraphWalker - Property path deemed to be circular : vnfr.parent_ns.descriptor_reference
13:23:06.573 [Test worker] DEBUG o.h.p.w.spi.MetamodelGraphWalker - Visiting attribute path : vnfr.parent_ns.lifecycle_event
13:23:06.573 [Test worker] DEBUG o.h.p.w.spi.MetamodelGraphWalker - Property path deemed to be circular : vnfr.parent_ns.lifecycle_event
13:23:06.573 [Test worker] DEBUG o.h.p.w.spi.MetamodelGraphWalker - Visiting attribute path : vnfr.parent_ns.lifecycle_event_history
13:23:06.574 [Test worker] DEBUG o.h.p.w.spi.MetamodelGraphWalker - Property path deemed to be circular : vnfr.parent_ns.lifecycle_event_history
13:23:06.574 [Test worker] DEBUG o.h.p.w.spi.MetamodelGraphWalker - Visiting attribute path : vnfr.parent_ns.monitoring_parameter
13:23:06.574 [Test worker] DEBUG o.h.p.w.spi.MetamodelGraphWalker - Visiting attribute path : vnfr.parent_ns.notification
13:23:06.574 [Test worker] DEBUG o.h.p.w.spi.MetamodelGraphWalker - Visiting attribute path : vnfr.parent_ns.pnfr
13:23:06.574 [Test worker] DEBUG o.h.p.w.spi.MetamodelGraphWalker - Property path deemed to be circular : vnfr.parent_ns.pnfr
13:23:06.574 [Test worker] DEBUG o.h.p.w.spi.MetamodelGraphWalker - Visiting attribute path : vnfr.parent_ns.resource_reservation
13:23:06.574 [Test worker] DEBUG o.h.p.w.spi.MetamodelGraphWalker - Visiting attribute path : vnfr.parent_ns.runtime_policy_info
13:23:06.574 [Test worker] DEBUG o.h.p.w.spi.MetamodelGraphWalker - Visiting attribute path : vnfr.parent_ns.service_deployment_flavour
13:23:06.574 [Test worker] DEBUG o.h.p.w.spi.MetamodelGraphWalker - Property path deemed to be circular : vnfr.parent_ns.service_deployment_flavour
13:23:06.574 [Test worker] DEBUG o.h.p.w.spi.MetamodelGraphWalker - Visiting attribute path : vnfr.parent_ns.status
13:23:06.574 [Test worker] DEBUG o.h.p.w.spi.MetamodelGraphWalker - Visiting attribute path : vnfr.parent_ns.vendor
13:23:06.575 [Test worker] DEBUG o.h.p.w.spi.MetamodelGraphWalker - Visiting attribute path : vnfr.parent_ns.version
13:23:06.575 [Test worker] DEBUG o.h.p.w.spi.MetamodelGraphWalker - Visiting attribute path : vnfr.parent_ns.vlr
13:23:06.575 [Test worker] DEBUG o.h.p.w.spi.MetamodelGraphWalker - Property path deemed to be circular : vnfr.parent_ns.vlr
13:23:06.575 [Test worker] DEBUG o.h.p.w.spi.MetamodelGraphWalker - Visiting attribute path : vnfr.parent_ns.vnf_dependency
13:23:06.575 [Test worker] DEBUG o.h.p.w.spi.MetamodelGraphWalker - Property path deemed to be circular : vnfr.parent_ns.vnf_dependency
13:23:06.575 [Test worker] DEBUG o.h.p.w.spi.MetamodelGraphWalker - Visiting attribute path : vnfr.parent_ns.vnffgr
13:23:06.575 [Test worker] DEBUG o.h.p.w.spi.MetamodelGraphWalker - Property path deemed to be circular : vnfr.parent_ns.vnffgr
13:23:06.575 [Test worker] DEBUG o.h.p.w.spi.MetamodelGraphWalker - Visiting attribute path : vnfr.parent_ns.vnfr
13:23:06.575 [Test worker] DEBUG o.h.p.w.spi.MetamodelGraphWalker - Property path deemed to be circular : vnfr.parent_ns.vnfr
13:23:06.575 [Test worker] DEBUG o.h.p.w.spi.MetamodelGraphWalker - Visiting attribute path : vnfr.runtime_policy_info
13:23:06.575 [Test worker] DEBUG o.h.p.w.spi.MetamodelGraphWalker - Visiting attribute path : vnfr.status
13:23:06.575 [Test worker] DEBUG o.h.p.w.spi.MetamodelGraphWalker - Visiting attribute path : vnfr.vdu
13:23:06.575 [Test worker] DEBUG o.h.l.p.b.i.spaces.QuerySpacesImpl - Adding QuerySpace : uid = <gen:94> -> org.hibernate.loader.plan.build.internal.spaces.CollectionQuerySpaceImpl@129a41a5]
13:23:06.575 [Test worker] DEBUG o.h.l.p.b.i.spaces.QuerySpacesImpl - Adding QuerySpace : uid = <gen:95> -> org.hibernate.loader.plan.build.internal.spaces.EntityQuerySpaceImpl@4d4bc12d]
13:23:06.575 [Test worker] DEBUG o.h.p.w.spi.MetamodelGraphWalker - Visiting attribute path : vnfr.vdu.computation_requirement
13:23:06.576 [Test worker] DEBUG o.h.p.w.spi.MetamodelGraphWalker - Visiting attribute path : vnfr.vdu.high_availability
13:23:06.576 [Test worker] DEBUG o.h.p.w.spi.MetamodelGraphWalker - Visiting attribute path : vnfr.vdu.lifecycle_event
13:23:06.576 [Test worker] DEBUG o.h.p.w.spi.MetamodelGraphWalker - Visiting attribute path : vnfr.vdu.monitoring_parameter
13:23:06.576 [Test worker] DEBUG o.h.l.p.b.i.spaces.QuerySpacesImpl - Adding QuerySpace : uid = <gen:96> -> org.hibernate.loader.plan.build.internal.spaces.CollectionQuerySpaceImpl@1c93b6b6]
13:23:06.576 [Test worker] DEBUG o.h.p.w.spi.MetamodelGraphWalker - Visiting attribute path : vnfr.vdu.scale_in_out
13:23:06.576 [Test worker] DEBUG o.h.p.w.spi.MetamodelGraphWalker - Visiting attribute path : vnfr.vdu.vdu_constraint
13:23:06.576 [Test worker] DEBUG o.h.p.w.spi.MetamodelGraphWalker - Visiting attribute path : vnfr.vdu.version
13:23:06.576 [Test worker] DEBUG o.h.p.w.spi.MetamodelGraphWalker - Visiting attribute path : vnfr.vdu.virtual_memory_resource_element
13:23:06.576 [Test worker] DEBUG o.h.p.w.spi.MetamodelGraphWalker - Visiting attribute path : vnfr.vdu.virtual_network_bandwidth_resource
13:23:06.576 [Test worker] DEBUG o.h.p.w.spi.MetamodelGraphWalker - Visiting attribute path : vnfr.vdu.vm_image
13:23:06.576 [Test worker] DEBUG o.h.l.p.b.i.spaces.QuerySpacesImpl - Adding QuerySpace : uid = <gen:97> -> org.hibernate.loader.plan.build.internal.spaces.CollectionQuerySpaceImpl@25c07562]
13:23:06.576 [Test worker] DEBUG o.h.p.w.spi.MetamodelGraphWalker - Visiting attribute path : vnfr.vdu.vnfc
13:23:06.576 [Test worker] DEBUG o.h.p.w.spi.MetamodelGraphWalker - Visiting attribute path : vnfr.vendor
13:23:06.576 [Test worker] DEBUG o.h.p.w.spi.MetamodelGraphWalker - Visiting attribute path : vnfr.version
13:23:06.576 [Test worker] DEBUG o.h.p.w.spi.MetamodelGraphWalker - Visiting attribute path : vnfr.virtual_link
13:23:06.577 [Test worker] DEBUG o.h.l.p.b.i.spaces.QuerySpacesImpl - Adding QuerySpace : uid = <gen:98> -> org.hibernate.loader.plan.build.internal.spaces.CollectionQuerySpaceImpl@7e5a884a]
13:23:06.577 [Test worker] DEBUG o.h.l.p.b.i.spaces.QuerySpacesImpl - Adding QuerySpace : uid = <gen:99> -> org.hibernate.loader.plan.build.internal.spaces.EntityQuerySpaceImpl@69a9f314]
13:23:06.577 [Test worker] DEBUG o.h.p.w.spi.MetamodelGraphWalker - Visiting attribute path : vnfr.virtual_link.connectivity_type
13:23:06.577 [Test worker] DEBUG o.h.p.w.spi.MetamodelGraphWalker - Visiting attribute path : vnfr.virtual_link.leaf_requirement
13:23:06.577 [Test worker] DEBUG o.h.p.w.spi.MetamodelGraphWalker - Visiting attribute path : vnfr.virtual_link.qos
13:23:06.577 [Test worker] DEBUG o.h.p.w.spi.MetamodelGraphWalker - Visiting attribute path : vnfr.virtual_link.root_requirement
13:23:06.577 [Test worker] DEBUG o.h.p.w.spi.MetamodelGraphWalker - Visiting attribute path : vnfr.virtual_link.test_access
13:23:06.577 [Test worker] DEBUG o.h.p.w.spi.MetamodelGraphWalker - Visiting attribute path : vnfr.virtual_link.version
13:23:06.577 [Test worker] DEBUG o.h.p.w.spi.MetamodelGraphWalker - Visiting attribute path : vnfr.virtual_link.connection_points_references
13:23:06.577 [Test worker] DEBUG o.h.l.p.b.i.spaces.QuerySpacesImpl - Adding QuerySpace : uid = <gen:100> -> org.hibernate.loader.plan.build.internal.spaces.CollectionQuerySpaceImpl@538391ec]
13:23:06.577 [Test worker] DEBUG o.h.p.w.spi.MetamodelGraphWalker - Visiting attribute path : vnfr.vnf_address
13:23:06.577 [Test worker] DEBUG o.h.p.w.spi.MetamodelGraphWalker - Visiting attribute path : vnfr.vnfm_id
13:23:06.577 [Test worker] DEBUG o.h.l.p.b.i.FetchStyleLoadPlanBuildingAssociationVisitationStrategy - Building LoadPlan...
13:23:06.578 [Test worker] DEBUG o.h.l.p.e.i.LoadQueryJoinAndFetchProcessor - processing queryspace <gen:0>
13:23:06.585 [Test worker] DEBUG o.h.l.p.b.spi.LoadPlanTreePrinter - LoadPlan(entity=org.project.neutrino.nfvo.catalogue.mano.record.NetworkServiceRecord)
    - Returns
       - EntityReturnImpl(entity=org.project.neutrino.nfvo.catalogue.mano.record.NetworkServiceRecord, querySpaceUid=<gen:0>, path=org.project.neutrino.nfvo.catalogue.mano.record.NetworkServiceRecord)
          - CollectionAttributeFetchImpl(collection=org.project.neutrino.nfvo.catalogue.mano.record.NetworkServiceRecord.auto_scale_policy, querySpaceUid=<gen:1>, path=org.project.neutrino.nfvo.catalogue.mano.record.NetworkServiceRecord.auto_scale_policy)
             - (collection element) CollectionFetchableElementEntityGraph(entity=org.project.neutrino.nfvo.catalogue.mano.common.AutoScalePolicy, querySpaceUid=<gen:2>, path=org.project.neutrino.nfvo.catalogue.mano.record.NetworkServiceRecord.auto_scale_policy.<elements>)
          - CollectionAttributeFetchImpl(collection=org.project.neutrino.nfvo.catalogue.mano.record.NetworkServiceRecord.connection_point, querySpaceUid=<gen:3>, path=org.project.neutrino.nfvo.catalogue.mano.record.NetworkServiceRecord.connection_point)
             - (collection element) CollectionFetchableElementEntityGraph(entity=org.project.neutrino.nfvo.catalogue.mano.common.ConnectionPoint, querySpaceUid=<gen:4>, path=org.project.neutrino.nfvo.catalogue.mano.record.NetworkServiceRecord.connection_point.<elements>)
          - EntityAttributeFetchImpl(entity=org.project.neutrino.nfvo.catalogue.mano.common.NFVEntityDescriptor, querySpaceUid=<gen:5>, path=org.project.neutrino.nfvo.catalogue.mano.record.NetworkServiceRecord.descriptor_reference)
             - CollectionAttributeFetchImpl(collection=org.project.neutrino.nfvo.catalogue.mano.common.NFVEntityDescriptor.monitoring_parameter, querySpaceUid=<gen:6>, path=org.project.neutrino.nfvo.catalogue.mano.record.NetworkServiceRecord.descriptor_reference.monitoring_parameter)
             - CollectionAttributeFetchImpl(collection=org.project.neutrino.nfvo.catalogue.mano.descriptor.VirtualNetworkFunctionDescriptor.deployment_flavour, querySpaceUid=<gen:7>, path=org.project.neutrino.nfvo.catalogue.mano.record.NetworkServiceRecord.descriptor_reference.deployment_flavour)
                - (collection element) CollectionFetchableElementEntityGraph(entity=org.project.neutrino.nfvo.catalogue.mano.descriptor.VNFDDeploymentFlavour, querySpaceUid=<gen:8>, path=org.project.neutrino.nfvo.catalogue.mano.record.NetworkServiceRecord.descriptor_reference.deployment_flavour.<elements>)
                   - CollectionAttributeFetchImpl(collection=org.project.neutrino.nfvo.catalogue.mano.descriptor.VNFDDeploymentFlavour.df_constraint, querySpaceUid=<gen:9>, path=org.project.neutrino.nfvo.catalogue.mano.record.NetworkServiceRecord.descriptor_reference.deployment_flavour.<elements>.df_constraint)
             - EntityAttributeFetchImpl(entity=org.project.neutrino.nfvo.catalogue.mano.common.Security, querySpaceUid=<gen:10>, path=org.project.neutrino.nfvo.catalogue.mano.record.NetworkServiceRecord.descriptor_reference.nsd_security)
             - CollectionAttributeFetchImpl(collection=org.project.neutrino.nfvo.catalogue.mano.descriptor.NetworkServiceDescriptor.vnf_dependency, querySpaceUid=<gen:11>, path=org.project.neutrino.nfvo.catalogue.mano.record.NetworkServiceRecord.descriptor_reference.vnf_dependency)
                - (collection element) CollectionFetchableElementEntityGraph(entity=org.project.neutrino.nfvo.catalogue.mano.common.VNFDependency, querySpaceUid=<gen:12>, path=org.project.neutrino.nfvo.catalogue.mano.record.NetworkServiceRecord.descriptor_reference.vnf_dependency.<elements>)
                   - EntityAttributeFetchImpl(entity=org.project.neutrino.nfvo.catalogue.mano.descriptor.VirtualNetworkFunctionDescriptor, querySpaceUid=<gen:13>, path=org.project.neutrino.nfvo.catalogue.mano.record.NetworkServiceRecord.descriptor_reference.vnf_dependency.<elements>.source)
                   - EntityAttributeFetchImpl(entity=org.project.neutrino.nfvo.catalogue.mano.descriptor.VirtualNetworkFunctionDescriptor, querySpaceUid=<gen:14>, path=org.project.neutrino.nfvo.catalogue.mano.record.NetworkServiceRecord.descriptor_reference.vnf_dependency.<elements>.target)
             - CollectionAttributeFetchImpl(collection=org.project.neutrino.nfvo.catalogue.mano.descriptor.NetworkServiceDescriptor.vnfd, querySpaceUid=<gen:15>, path=org.project.neutrino.nfvo.catalogue.mano.record.NetworkServiceRecord.descriptor_reference.vnfd)
                - (collection element) CollectionFetchableElementEntityGraph(entity=org.project.neutrino.nfvo.catalogue.mano.descriptor.VirtualNetworkFunctionDescriptor, querySpaceUid=<gen:16>, path=org.project.neutrino.nfvo.catalogue.mano.record.NetworkServiceRecord.descriptor_reference.vnfd.<elements>)
          - EntityAttributeFetchImpl(entity=org.project.neutrino.nfvo.catalogue.mano.common.LifecycleEvent, querySpaceUid=<gen:17>, path=org.project.neutrino.nfvo.catalogue.mano.record.NetworkServiceRecord.lifecycle_event)
          - CollectionAttributeFetchImpl(collection=org.project.neutrino.nfvo.catalogue.mano.record.NetworkServiceRecord.lifecycle_event_history, querySpaceUid=<gen:18>, path=org.project.neutrino.nfvo.catalogue.mano.record.NetworkServiceRecord.lifecycle_event_history)
             - (collection element) CollectionFetchableElementEntityGraph(entity=org.project.neutrino.nfvo.catalogue.mano.common.LifecycleEvent, querySpaceUid=<gen:19>, path=org.project.neutrino.nfvo.catalogue.mano.record.NetworkServiceRecord.lifecycle_event_history.<elements>)
          - CollectionAttributeFetchImpl(collection=org.project.neutrino.nfvo.catalogue.mano.record.NetworkServiceRecord.pnfr, querySpaceUid=<gen:20>, path=org.project.neutrino.nfvo.catalogue.mano.record.NetworkServiceRecord.pnfr)
             - (collection element) CollectionFetchableElementEntityGraph(entity=org.project.neutrino.nfvo.catalogue.mano.record.PhysicalNetworkFunctionRecord, querySpaceUid=<gen:21>, path=org.project.neutrino.nfvo.catalogue.mano.record.NetworkServiceRecord.pnfr.<elements>)
                - CollectionAttributeFetchImpl(collection=org.project.neutrino.nfvo.catalogue.mano.record.PhysicalNetworkFunctionRecord.connected_virtual_link, querySpaceUid=<gen:22>, path=org.project.neutrino.nfvo.catalogue.mano.record.NetworkServiceRecord.pnfr.<elements>.connected_virtual_link)
                   - (collection element) CollectionFetchableElementEntityGraph(entity=org.project.neutrino.nfvo.catalogue.mano.record.VirtualLinkRecord, querySpaceUid=<gen:23>, path=org.project.neutrino.nfvo.catalogue.mano.record.NetworkServiceRecord.pnfr.<elements>.connected_virtual_link.<elements>)
                      - CollectionAttributeFetchImpl(collection=org.project.neutrino.nfvo.catalogue.mano.record.VirtualLinkRecord.lifecycle_event_history, querySpaceUid=<gen:24>, path=org.project.neutrino.nfvo.catalogue.mano.record.NetworkServiceRecord.pnfr.<elements>.connected_virtual_link.<elements>.lifecycle_event_history)
                         - (collection element) CollectionFetchableElementEntityGraph(entity=org.project.neutrino.nfvo.catalogue.mano.common.LifecycleEvent, querySpaceUid=<gen:25>, path=org.project.neutrino.nfvo.catalogue.mano.record.NetworkServiceRecord.pnfr.<elements>.connected_virtual_link.<elements>.lifecycle_event_history.<elements>)
                      - CollectionAttributeFetchImpl(collection=org.project.neutrino.nfvo.catalogue.mano.record.VirtualLinkRecord.vnffgr_reference, querySpaceUid=<gen:26>, path=org.project.neutrino.nfvo.catalogue.mano.record.NetworkServiceRecord.pnfr.<elements>.connected_virtual_link.<elements>.vnffgr_reference)
                         - (collection element) CollectionFetchableElementEntityGraph(entity=org.project.neutrino.nfvo.catalogue.mano.record.VNFForwardingGraphRecord, querySpaceUid=<gen:27>, path=org.project.neutrino.nfvo.catalogue.mano.record.NetworkServiceRecord.pnfr.<elements>.connected_virtual_link.<elements>.vnffgr_reference.<elements>)
                - CollectionAttributeFetchImpl(collection=org.project.neutrino.nfvo.catalogue.mano.record.PhysicalNetworkFunctionRecord.connection_point, querySpaceUid=<gen:28>, path=org.project.neutrino.nfvo.catalogue.mano.record.NetworkServiceRecord.pnfr.<elements>.connection_point)
                   - (collection element) CollectionFetchableElementEntityGraph(entity=org.project.neutrino.nfvo.catalogue.mano.common.ConnectionPoint, querySpaceUid=<gen:29>, path=org.project.neutrino.nfvo.catalogue.mano.record.NetworkServiceRecord.pnfr.<elements>.connection_point.<elements>)
                - EntityAttributeFetchImpl(entity=org.project.neutrino.nfvo.catalogue.mano.descriptor.PhysicalNetworkFunctionDescriptor, querySpaceUid=<gen:30>, path=org.project.neutrino.nfvo.catalogue.mano.record.NetworkServiceRecord.pnfr.<elements>.descriptor_reference)
                   - EntityAttributeFetchImpl(entity=org.project.neutrino.nfvo.catalogue.mano.common.Security, querySpaceUid=<gen:31>, path=org.project.neutrino.nfvo.catalogue.mano.record.NetworkServiceRecord.pnfr.<elements>.descriptor_reference.pnfd_security)
                - EntityAttributeFetchImpl(entity=org.project.neutrino.nfvo.catalogue.mano.record.NetworkServiceRecord, querySpaceUid=<gen:32>, path=org.project.neutrino.nfvo.catalogue.mano.record.NetworkServiceRecord.pnfr.<elements>.parent_ns)
                   - EntityAttributeFetchImpl(entity=org.project.neutrino.nfvo.catalogue.mano.common.ServiceDeploymentFlavour, querySpaceUid=<gen:33>, path=org.project.neutrino.nfvo.catalogue.mano.record.NetworkServiceRecord.pnfr.<elements>.parent_ns.service_deployment_flavour)
                   - CollectionAttributeFetchImpl(collection=org.project.neutrino.nfvo.catalogue.mano.record.NetworkServiceRecord.vlr, querySpaceUid=<gen:34>, path=org.project.neutrino.nfvo.catalogue.mano.record.NetworkServiceRecord.pnfr.<elements>.parent_ns.vlr)
                      - (collection element) CollectionFetchableElementEntityGraph(entity=org.project.neutrino.nfvo.catalogue.mano.record.VirtualLinkRecord, querySpaceUid=<gen:35>, path=org.project.neutrino.nfvo.catalogue.mano.record.NetworkServiceRecord.pnfr.<elements>.parent_ns.vlr.<elements>)
                   - CollectionAttributeFetchImpl(collection=org.project.neutrino.nfvo.catalogue.mano.record.NetworkServiceRecord.vnf_dependency, querySpaceUid=<gen:36>, path=org.project.neutrino.nfvo.catalogue.mano.record.NetworkServiceRecord.pnfr.<elements>.parent_ns.vnf_dependency)
                      - (collection element) CollectionFetchableElementEntityGraph(entity=org.project.neutrino.nfvo.catalogue.mano.common.VNFDependency, querySpaceUid=<gen:37>, path=org.project.neutrino.nfvo.catalogue.mano.record.NetworkServiceRecord.pnfr.<elements>.parent_ns.vnf_dependency.<elements>)
                   - CollectionAttributeFetchImpl(collection=org.project.neutrino.nfvo.catalogue.mano.record.NetworkServiceRecord.vnffgr, querySpaceUid=<gen:38>, path=org.project.neutrino.nfvo.catalogue.mano.record.NetworkServiceRecord.pnfr.<elements>.parent_ns.vnffgr)
                      - (collection element) CollectionFetchableElementEntityGraph(entity=org.project.neutrino.nfvo.catalogue.mano.descriptor.VNFForwardingGraph, querySpaceUid=<gen:39>, path=org.project.neutrino.nfvo.catalogue.mano.record.NetworkServiceRecord.pnfr.<elements>.parent_ns.vnffgr.<elements>)
                   - EntityAttributeFetchImpl(entity=org.project.neutrino.nfvo.catalogue.mano.record.VirtualNetworkFunctionRecord, querySpaceUid=<gen:40>, path=org.project.neutrino.nfvo.catalogue.mano.record.NetworkServiceRecord.pnfr.<elements>.parent_ns.vnfr)
                - CollectionAttributeFetchImpl(collection=org.project.neutrino.nfvo.catalogue.mano.record.PhysicalNetworkFunctionRecord.vnffgr, querySpaceUid=<gen:41>, path=org.project.neutrino.nfvo.catalogue.mano.record.NetworkServiceRecord.pnfr.<elements>.vnffgr)
                   - (collection element) CollectionFetchableElementEntityGraph(entity=org.project.neutrino.nfvo.catalogue.mano.record.VNFForwardingGraphRecord, querySpaceUid=<gen:42>, path=org.project.neutrino.nfvo.catalogue.mano.record.NetworkServiceRecord.pnfr.<elements>.vnffgr.<elements>)
                      - CollectionAttributeFetchImpl(collection=org.project.neutrino.nfvo.catalogue.mano.record.VNFForwardingGraphRecord.connection_point, querySpaceUid=<gen:43>, path=org.project.neutrino.nfvo.catalogue.mano.record.NetworkServiceRecord.pnfr.<elements>.vnffgr.<elements>.connection_point)
                         - (collection element) CollectionFetchableElementEntityGraph(entity=org.project.neutrino.nfvo.catalogue.mano.descriptor.VNFDConnectionPoint, querySpaceUid=<gen:44>, path=org.project.neutrino.nfvo.catalogue.mano.record.NetworkServiceRecord.pnfr.<elements>.vnffgr.<elements>.connection_point.<elements>)
                      - CollectionAttributeFetchImpl(collection=org.project.neutrino.nfvo.catalogue.mano.record.VNFForwardingGraphRecord.dependent_virtual_link, querySpaceUid=<gen:45>, path=org.project.neutrino.nfvo.catalogue.mano.record.NetworkServiceRecord.pnfr.<elements>.vnffgr.<elements>.dependent_virtual_link)
                         - (collection element) CollectionFetchableElementEntityGraph(entity=org.project.neutrino.nfvo.catalogue.mano.record.VirtualLinkRecord, querySpaceUid=<gen:46>, path=org.project.neutrino.nfvo.catalogue.mano.record.NetworkServiceRecord.pnfr.<elements>.vnffgr.<elements>.dependent_virtual_link.<elements>)
                      - EntityAttributeFetchImpl(entity=org.project.neutrino.nfvo.catalogue.mano.descriptor.VNFForwardingGraph, querySpaceUid=<gen:47>, path=org.project.neutrino.nfvo.catalogue.mano.record.NetworkServiceRecord.pnfr.<elements>.vnffgr.<elements>.descriptor_reference)
                      - CollectionAttributeFetchImpl(collection=org.project.neutrino.nfvo.catalogue.mano.record.VNFForwardingGraphRecord.lifecycle_event_history, querySpaceUid=<gen:48>, path=org.project.neutrino.nfvo.catalogue.mano.record.NetworkServiceRecord.pnfr.<elements>.vnffgr.<elements>.lifecycle_event_history)
                         - (collection element) CollectionFetchableElementEntityGraph(entity=org.project.neutrino.nfvo.catalogue.mano.common.LifecycleEvent, querySpaceUid=<gen:49>, path=org.project.neutrino.nfvo.catalogue.mano.record.NetworkServiceRecord.pnfr.<elements>.vnffgr.<elements>.lifecycle_event_history.<elements>)
                      - CollectionAttributeFetchImpl(collection=org.project.neutrino.nfvo.catalogue.mano.record.VNFForwardingGraphRecord.member_vnfs, querySpaceUid=<gen:50>, path=org.project.neutrino.nfvo.catalogue.mano.record.NetworkServiceRecord.pnfr.<elements>.vnffgr.<elements>.member_vnfs)
                         - (collection element) CollectionFetchableElementEntityGraph(entity=org.project.neutrino.nfvo.catalogue.mano.record.VirtualNetworkFunctionRecord, querySpaceUid=<gen:51>, path=org.project.neutrino.nfvo.catalogue.mano.record.NetworkServiceRecord.pnfr.<elements>.vnffgr.<elements>.member_vnfs.<elements>)
                      - EntityAttributeFetchImpl(entity=org.project.neutrino.nfvo.catalogue.mano.descriptor.NetworkForwardingPath, querySpaceUid=<gen:52>, path=org.project.neutrino.nfvo.catalogue.mano.record.NetworkServiceRecord.pnfr.<elements>.vnffgr.<elements>.network_forwarding_path)
                      - EntityAttributeFetchImpl(entity=org.project.neutrino.nfvo.catalogue.mano.record.NetworkServiceRecord, querySpaceUid=<gen:53>, path=org.project.neutrino.nfvo.catalogue.mano.record.NetworkServiceRecord.pnfr.<elements>.vnffgr.<elements>.parent_ns)
          - EntityAttributeFetchImpl(entity=org.project.neutrino.nfvo.catalogue.mano.common.ServiceDeploymentFlavour, querySpaceUid=<gen:54>, path=org.project.neutrino.nfvo.catalogue.mano.record.NetworkServiceRecord.service_deployment_flavour)
          - CollectionAttributeFetchImpl(collection=org.project.neutrino.nfvo.catalogue.mano.record.NetworkServiceRecord.vlr, querySpaceUid=<gen:55>, path=org.project.neutrino.nfvo.catalogue.mano.record.NetworkServiceRecord.vlr)
             - (collection element) CollectionFetchableElementEntityGraph(entity=org.project.neutrino.nfvo.catalogue.mano.record.VirtualLinkRecord, querySpaceUid=<gen:56>, path=org.project.neutrino.nfvo.catalogue.mano.record.NetworkServiceRecord.vlr.<elements>)
                - CollectionAttributeFetchImpl(collection=org.project.neutrino.nfvo.catalogue.mano.record.VirtualLinkRecord.lifecycle_event_history, querySpaceUid=<gen:57>, path=org.project.neutrino.nfvo.catalogue.mano.record.NetworkServiceRecord.vlr.<elements>.lifecycle_event_history)
                   - (collection element) CollectionFetchableElementEntityGraph(entity=org.project.neutrino.nfvo.catalogue.mano.common.LifecycleEvent, querySpaceUid=<gen:58>, path=org.project.neutrino.nfvo.catalogue.mano.record.NetworkServiceRecord.vlr.<elements>.lifecycle_event_history.<elements>)
                - CollectionAttributeFetchImpl(collection=org.project.neutrino.nfvo.catalogue.mano.record.VirtualLinkRecord.vnffgr_reference, querySpaceUid=<gen:59>, path=org.project.neutrino.nfvo.catalogue.mano.record.NetworkServiceRecord.vlr.<elements>.vnffgr_reference)
                   - (collection element) CollectionFetchableElementEntityGraph(entity=org.project.neutrino.nfvo.catalogue.mano.record.VNFForwardingGraphRecord, querySpaceUid=<gen:60>, path=org.project.neutrino.nfvo.catalogue.mano.record.NetworkServiceRecord.vlr.<elements>.vnffgr_reference.<elements>)
                      - CollectionAttributeFetchImpl(collection=org.project.neutrino.nfvo.catalogue.mano.record.VNFForwardingGraphRecord.connection_point, querySpaceUid=<gen:61>, path=org.project.neutrino.nfvo.catalogue.mano.record.NetworkServiceRecord.vlr.<elements>.vnffgr_reference.<elements>.connection_point)
                         - (collection element) CollectionFetchableElementEntityGraph(entity=org.project.neutrino.nfvo.catalogue.mano.descriptor.VNFDConnectionPoint, querySpaceUid=<gen:62>, path=org.project.neutrino.nfvo.catalogue.mano.record.NetworkServiceRecord.vlr.<elements>.vnffgr_reference.<elements>.connection_point.<elements>)
                      - CollectionAttributeFetchImpl(collection=org.project.neutrino.nfvo.catalogue.mano.record.VNFForwardingGraphRecord.dependent_virtual_link, querySpaceUid=<gen:63>, path=org.project.neutrino.nfvo.catalogue.mano.record.NetworkServiceRecord.vlr.<elements>.vnffgr_reference.<elements>.dependent_virtual_link)
                         - (collection element) CollectionFetchableElementEntityGraph(entity=org.project.neutrino.nfvo.catalogue.mano.record.VirtualLinkRecord, querySpaceUid=<gen:64>, path=org.project.neutrino.nfvo.catalogue.mano.record.NetworkServiceRecord.vlr.<elements>.vnffgr_reference.<elements>.dependent_virtual_link.<elements>)
                      - EntityAttributeFetchImpl(entity=org.project.neutrino.nfvo.catalogue.mano.descriptor.VNFForwardingGraph, querySpaceUid=<gen:65>, path=org.project.neutrino.nfvo.catalogue.mano.record.NetworkServiceRecord.vlr.<elements>.vnffgr_reference.<elements>.descriptor_reference)
                      - CollectionAttributeFetchImpl(collection=org.project.neutrino.nfvo.catalogue.mano.record.VNFForwardingGraphRecord.lifecycle_event_history, querySpaceUid=<gen:66>, path=org.project.neutrino.nfvo.catalogue.mano.record.NetworkServiceRecord.vlr.<elements>.vnffgr_reference.<elements>.lifecycle_event_history)
                         - (collection element) CollectionFetchableElementEntityGraph(entity=org.project.neutrino.nfvo.catalogue.mano.common.LifecycleEvent, querySpaceUid=<gen:67>, path=org.project.neutrino.nfvo.catalogue.mano.record.NetworkServiceRecord.vlr.<elements>.vnffgr_reference.<elements>.lifecycle_event_history.<elements>)
                      - CollectionAttributeFetchImpl(collection=org.project.neutrino.nfvo.catalogue.mano.record.VNFForwardingGraphRecord.member_vnfs, querySpaceUid=<gen:68>, path=org.project.neutrino.nfvo.catalogue.mano.record.NetworkServiceRecord.vlr.<elements>.vnffgr_reference.<elements>.member_vnfs)
                         - (collection element) CollectionFetchableElementEntityGraph(entity=org.project.neutrino.nfvo.catalogue.mano.record.VirtualNetworkFunctionRecord, querySpaceUid=<gen:69>, path=org.project.neutrino.nfvo.catalogue.mano.record.NetworkServiceRecord.vlr.<elements>.vnffgr_reference.<elements>.member_vnfs.<elements>)
                      - EntityAttributeFetchImpl(entity=org.project.neutrino.nfvo.catalogue.mano.descriptor.NetworkForwardingPath, querySpaceUid=<gen:70>, path=org.project.neutrino.nfvo.catalogue.mano.record.NetworkServiceRecord.vlr.<elements>.vnffgr_reference.<elements>.network_forwarding_path)
                      - EntityAttributeFetchImpl(entity=org.project.neutrino.nfvo.catalogue.mano.record.NetworkServiceRecord, querySpaceUid=<gen:71>, path=org.project.neutrino.nfvo.catalogue.mano.record.NetworkServiceRecord.vlr.<elements>.vnffgr_reference.<elements>.parent_ns)
          - CollectionAttributeFetchImpl(collection=org.project.neutrino.nfvo.catalogue.mano.record.NetworkServiceRecord.vnf_dependency, querySpaceUid=<gen:72>, path=org.project.neutrino.nfvo.catalogue.mano.record.NetworkServiceRecord.vnf_dependency)
             - (collection element) CollectionFetchableElementEntityGraph(entity=org.project.neutrino.nfvo.catalogue.mano.common.VNFDependency, querySpaceUid=<gen:73>, path=org.project.neutrino.nfvo.catalogue.mano.record.NetworkServiceRecord.vnf_dependency.<elements>)
                - EntityAttributeFetchImpl(entity=org.project.neutrino.nfvo.catalogue.mano.descriptor.VirtualNetworkFunctionDescriptor, querySpaceUid=<gen:74>, path=org.project.neutrino.nfvo.catalogue.mano.record.NetworkServiceRecord.vnf_dependency.<elements>.source)
                - EntityAttributeFetchImpl(entity=org.project.neutrino.nfvo.catalogue.mano.descriptor.VirtualNetworkFunctionDescriptor, querySpaceUid=<gen:75>, path=org.project.neutrino.nfvo.catalogue.mano.record.NetworkServiceRecord.vnf_dependency.<elements>.target)
          - CollectionAttributeFetchImpl(collection=org.project.neutrino.nfvo.catalogue.mano.record.NetworkServiceRecord.vnffgr, querySpaceUid=<gen:76>, path=org.project.neutrino.nfvo.catalogue.mano.record.NetworkServiceRecord.vnffgr)
             - (collection element) CollectionFetchableElementEntityGraph(entity=org.project.neutrino.nfvo.catalogue.mano.descriptor.VNFForwardingGraph, querySpaceUid=<gen:77>, path=org.project.neutrino.nfvo.catalogue.mano.record.NetworkServiceRecord.vnffgr.<elements>)
                - EntityAttributeFetchImpl(entity=org.project.neutrino.nfvo.catalogue.mano.common.Security, querySpaceUid=<gen:78>, path=org.project.neutrino.nfvo.catalogue.mano.record.NetworkServiceRecord.vnffgr.<elements>.vnffgd_security)
          - EntityAttributeFetchImpl(entity=org.project.neutrino.nfvo.catalogue.mano.record.VirtualNetworkFunctionRecord, querySpaceUid=<gen:79>, path=org.project.neutrino.nfvo.catalogue.mano.record.NetworkServiceRecord.vnfr)
             - CollectionAttributeFetchImpl(collection=org.project.neutrino.nfvo.catalogue.mano.record.VirtualNetworkFunctionRecord.auto_scale_policy, querySpaceUid=<gen:80>, path=org.project.neutrino.nfvo.catalogue.mano.record.NetworkServiceRecord.vnfr.auto_scale_policy)
                - (collection element) CollectionFetchableElementEntityGraph(entity=org.project.neutrino.nfvo.catalogue.mano.common.AutoScalePolicy, querySpaceUid=<gen:81>, path=org.project.neutrino.nfvo.catalogue.mano.record.NetworkServiceRecord.vnfr.auto_scale_policy.<elements>)
             - CollectionAttributeFetchImpl(collection=org.project.neutrino.nfvo.catalogue.mano.record.VirtualNetworkFunctionRecord.connected_external_virtual_link, querySpaceUid=<gen:82>, path=org.project.neutrino.nfvo.catalogue.mano.record.NetworkServiceRecord.vnfr.connected_external_virtual_link)
                - (collection element) CollectionFetchableElementEntityGraph(entity=org.project.neutrino.nfvo.catalogue.mano.record.VirtualLinkRecord, querySpaceUid=<gen:83>, path=org.project.neutrino.nfvo.catalogue.mano.record.NetworkServiceRecord.vnfr.connected_external_virtual_link.<elements>)
             - CollectionAttributeFetchImpl(collection=org.project.neutrino.nfvo.catalogue.mano.record.VirtualNetworkFunctionRecord.connection_point, querySpaceUid=<gen:84>, path=org.project.neutrino.nfvo.catalogue.mano.record.NetworkServiceRecord.vnfr.connection_point)
                - (collection element) CollectionFetchableElementEntityGraph(entity=org.project.neutrino.nfvo.catalogue.mano.common.ConnectionPoint, querySpaceUid=<gen:85>, path=org.project.neutrino.nfvo.catalogue.mano.record.NetworkServiceRecord.vnfr.connection_point.<elements>)
             - CollectionAttributeFetchImpl(collection=org.project.neutrino.nfvo.catalogue.mano.record.VirtualNetworkFunctionRecord.dependency, querySpaceUid=<gen:86>, path=org.project.neutrino.nfvo.catalogue.mano.record.NetworkServiceRecord.vnfr.dependency)
                - (collection element) CollectionFetchableElementEntityGraph(entity=org.project.neutrino.nfvo.catalogue.mano.common.VNFDependency, querySpaceUid=<gen:87>, path=org.project.neutrino.nfvo.catalogue.mano.record.NetworkServiceRecord.vnfr.dependency.<elements>)
             - EntityAttributeFetchImpl(entity=org.project.neutrino.nfvo.catalogue.mano.descriptor.VNFDDeploymentFlavour, querySpaceUid=<gen:88>, path=org.project.neutrino.nfvo.catalogue.mano.record.NetworkServiceRecord.vnfr.deployment_flavour)
                - CollectionAttributeFetchImpl(collection=org.project.neutrino.nfvo.catalogue.mano.descriptor.VNFDDeploymentFlavour.df_constraint, querySpaceUid=<gen:89>, path=org.project.neutrino.nfvo.catalogue.mano.record.NetworkServiceRecord.vnfr.deployment_flavour.df_constraint)
             - EntityAttributeFetchImpl(entity=org.project.neutrino.nfvo.catalogue.mano.common.LifecycleEvent, querySpaceUid=<gen:90>, path=org.project.neutrino.nfvo.catalogue.mano.record.NetworkServiceRecord.vnfr.lifecycle_event)
             - CollectionAttributeFetchImpl(collection=org.project.neutrino.nfvo.catalogue.mano.record.VirtualNetworkFunctionRecord.lifecycle_event_history, querySpaceUid=<gen:91>, path=org.project.neutrino.nfvo.catalogue.mano.record.NetworkServiceRecord.vnfr.lifecycle_event_history)
                - (collection element) CollectionFetchableElementEntityGraph(entity=org.project.neutrino.nfvo.catalogue.mano.common.LifecycleEvent, querySpaceUid=<gen:92>, path=org.project.neutrino.nfvo.catalogue.mano.record.NetworkServiceRecord.vnfr.lifecycle_event_history.<elements>)
             - EntityAttributeFetchImpl(entity=org.project.neutrino.nfvo.catalogue.mano.record.NetworkServiceRecord, querySpaceUid=<gen:93>, path=org.project.neutrino.nfvo.catalogue.mano.record.NetworkServiceRecord.vnfr.parent_ns)
             - CollectionAttributeFetchImpl(collection=org.project.neutrino.nfvo.catalogue.mano.record.VirtualNetworkFunctionRecord.vdu, querySpaceUid=<gen:94>, path=org.project.neutrino.nfvo.catalogue.mano.record.NetworkServiceRecord.vnfr.vdu)
                - (collection element) CollectionFetchableElementEntityGraph(entity=org.project.neutrino.nfvo.catalogue.mano.descriptor.VirtualDeploymentUnit, querySpaceUid=<gen:95>, path=org.project.neutrino.nfvo.catalogue.mano.record.NetworkServiceRecord.vnfr.vdu.<elements>)
                   - CollectionAttributeFetchImpl(collection=org.project.neutrino.nfvo.catalogue.mano.descriptor.VirtualDeploymentUnit.monitoring_parameter, querySpaceUid=<gen:96>, path=org.project.neutrino.nfvo.catalogue.mano.record.NetworkServiceRecord.vnfr.vdu.<elements>.monitoring_parameter)
                   - CollectionAttributeFetchImpl(collection=org.project.neutrino.nfvo.catalogue.mano.descriptor.VirtualDeploymentUnit.vm_image, querySpaceUid=<gen:97>, path=org.project.neutrino.nfvo.catalogue.mano.record.NetworkServiceRecord.vnfr.vdu.<elements>.vm_image)
             - CollectionAttributeFetchImpl(collection=org.project.neutrino.nfvo.catalogue.mano.record.VirtualNetworkFunctionRecord.virtual_link, querySpaceUid=<gen:98>, path=org.project.neutrino.nfvo.catalogue.mano.record.NetworkServiceRecord.vnfr.virtual_link)
                - (collection element) CollectionFetchableElementEntityGraph(entity=org.project.neutrino.nfvo.catalogue.mano.descriptor.InternalVirtualLink, querySpaceUid=<gen:99>, path=org.project.neutrino.nfvo.catalogue.mano.record.NetworkServiceRecord.vnfr.virtual_link.<elements>)
                   - CollectionAttributeFetchImpl(collection=org.project.neutrino.nfvo.catalogue.mano.descriptor.InternalVirtualLink.connection_points_references, querySpaceUid=<gen:100>, path=org.project.neutrino.nfvo.catalogue.mano.record.NetworkServiceRecord.vnfr.virtual_link.<elements>.connection_points_references)
    - QuerySpaces
       - EntityQuerySpaceImpl(uid=<gen:0>, entity=org.project.neutrino.nfvo.catalogue.mano.record.NetworkServiceRecord)
          - SQL table alias mapping - networkser0_
          - alias suffix - 0_
          - suffixed key columns - {id1_18_0_}
          - JOIN (JoinDefinedByMetadata(auto_scale_policy)) : <gen:0> -> <gen:1>
             - CollectionQuerySpaceImpl(uid=<gen:1>, collection=org.project.neutrino.nfvo.catalogue.mano.record.NetworkServiceRecord.auto_scale_policy)
                - SQL table alias mapping - auto_scale1_
                - alias suffix - 1_
                - suffixed key columns - {network_1_18_1_}
                - entity-element alias suffix - 2_
                - 2_entity-element suffixed key columns - id1_3_2_
                - JOIN (JoinDefinedByMetadata(elements)) : <gen:1> -> <gen:2>
                   - EntityQuerySpaceImpl(uid=<gen:2>, entity=org.project.neutrino.nfvo.catalogue.mano.common.AutoScalePolicy)
                      - SQL table alias mapping - autoscalep2_
                      - alias suffix - 2_
                      - suffixed key columns - {id1_3_2_}
          - JOIN (JoinDefinedByMetadata(connection_point)) : <gen:0> -> <gen:3>
             - CollectionQuerySpaceImpl(uid=<gen:3>, collection=org.project.neutrino.nfvo.catalogue.mano.record.NetworkServiceRecord.connection_point)
                - SQL table alias mapping - connection3_
                - alias suffix - 3_
                - suffixed key columns - {network_1_18_3_}
                - entity-element alias suffix - 4_
                - 4_entity-element suffixed key columns - id1_4_4_
                - JOIN (JoinDefinedByMetadata(elements)) : <gen:3> -> <gen:4>
                   - EntityQuerySpaceImpl(uid=<gen:4>, entity=org.project.neutrino.nfvo.catalogue.mano.common.ConnectionPoint)
                      - SQL table alias mapping - connection4_
                      - alias suffix - 4_
                      - suffixed key columns - {id1_4_4_}
          - JOIN (JoinDefinedByMetadata(descriptor_reference)) : <gen:0> -> <gen:5>
             - EntityQuerySpaceImpl(uid=<gen:5>, entity=org.project.neutrino.nfvo.catalogue.mano.common.NFVEntityDescriptor)
                - SQL table alias mapping - nfventityd5_
                - alias suffix - 5_
                - suffixed key columns - {id1_27_5_}
                - JOIN (JoinDefinedByMetadata(monitoring_parameter)) : <gen:5> -> <gen:6>
                   - CollectionQuerySpaceImpl(uid=<gen:6>, collection=org.project.neutrino.nfvo.catalogue.mano.common.NFVEntityDescriptor.monitoring_parameter)
                      - SQL table alias mapping - monitoring6_
                      - alias suffix - 6_
                      - suffixed key columns - {nfventit1_27_6_}
                - JOIN (JoinDefinedByMetadata(deployment_flavour)) : <gen:5> -> <gen:7>
                   - CollectionQuerySpaceImpl(uid=<gen:7>, collection=org.project.neutrino.nfvo.catalogue.mano.descriptor.VirtualNetworkFunctionDescriptor.deployment_flavour)
                      - SQL table alias mapping - deployment7_
                      - alias suffix - 7_
                      - suffixed key columns - {virtual_1_27_7_}
                      - entity-element alias suffix - 8_
                      - 8_entity-element suffixed key columns - id1_7_8_
                      - JOIN (JoinDefinedByMetadata(elements)) : <gen:7> -> <gen:8>
                         - EntityQuerySpaceImpl(uid=<gen:8>, entity=org.project.neutrino.nfvo.catalogue.mano.descriptor.VNFDDeploymentFlavour)
                            - SQL table alias mapping - vnfddeploy8_
                            - alias suffix - 8_
                            - suffixed key columns - {id1_7_8_}
                - JOIN (JoinDefinedByMetadata(nsd_security)) : <gen:5> -> <gen:10>
                   - EntityQuerySpaceImpl(uid=<gen:10>, entity=org.project.neutrino.nfvo.catalogue.mano.common.Security)
                      - SQL table alias mapping - security9_
                      - alias suffix - 9_
                      - suffixed key columns - {id1_43_9_}
                - JOIN (JoinDefinedByMetadata(vnf_dependency)) : <gen:5> -> <gen:11>
                   - CollectionQuerySpaceImpl(uid=<gen:11>, collection=org.project.neutrino.nfvo.catalogue.mano.descriptor.NetworkServiceDescriptor.vnf_dependency)
                      - SQL table alias mapping - vnf_depend10_
                      - alias suffix - 10_
                      - suffixed key columns - {network_1_27_10_}
                      - entity-element alias suffix - 11_
                      - 11_entity-element suffixed key columns - id1_86_11_
                      - JOIN (JoinDefinedByMetadata(elements)) : <gen:11> -> <gen:12>
                         - EntityQuerySpaceImpl(uid=<gen:12>, entity=org.project.neutrino.nfvo.catalogue.mano.common.VNFDependency)
                            - SQL table alias mapping - vnfdepende11_
                            - alias suffix - 11_
                            - suffixed key columns - {id1_86_11_}
                - JOIN (JoinDefinedByMetadata(vnfd)) : <gen:5> -> <gen:15>
                   - CollectionQuerySpaceImpl(uid=<gen:15>, collection=org.project.neutrino.nfvo.catalogue.mano.descriptor.NetworkServiceDescriptor.vnfd)
                      - SQL table alias mapping - vnfd12_
                      - alias suffix - 12_
                      - suffixed key columns - {network_1_27_12_}
                      - entity-element alias suffix - 13_
                      - 13_entity-element suffixed key columns - id1_27_13_
                      - JOIN (JoinDefinedByMetadata(elements)) : <gen:15> -> <gen:16>
                         - EntityQuerySpaceImpl(uid=<gen:16>, entity=org.project.neutrino.nfvo.catalogue.mano.descriptor.VirtualNetworkFunctionDescriptor)
                            - SQL table alias mapping - virtualnet13_
                            - alias suffix - 13_
                            - suffixed key columns - {id1_27_13_}
          - JOIN (JoinDefinedByMetadata(lifecycle_event)) : <gen:0> -> <gen:17>
             - EntityQuerySpaceImpl(uid=<gen:17>, entity=org.project.neutrino.nfvo.catalogue.mano.common.LifecycleEvent)
                - SQL table alias mapping - lifecyclee14_
                - alias suffix - 14_
                - suffixed key columns - {id1_10_14_}
          - JOIN (JoinDefinedByMetadata(lifecycle_event_history)) : <gen:0> -> <gen:18>
             - CollectionQuerySpaceImpl(uid=<gen:18>, collection=org.project.neutrino.nfvo.catalogue.mano.record.NetworkServiceRecord.lifecycle_event_history)
                - SQL table alias mapping - lifecycle_15_
                - alias suffix - 15_
                - suffixed key columns - {network_1_18_15_}
                - entity-element alias suffix - 16_
                - 16_entity-element suffixed key columns - id1_10_16_
                - JOIN (JoinDefinedByMetadata(elements)) : <gen:18> -> <gen:19>
                   - EntityQuerySpaceImpl(uid=<gen:19>, entity=org.project.neutrino.nfvo.catalogue.mano.common.LifecycleEvent)
                      - SQL table alias mapping - lifecyclee16_
                      - alias suffix - 16_
                      - suffixed key columns - {id1_10_16_}
          - JOIN (JoinDefinedByMetadata(pnfr)) : <gen:0> -> <gen:20>
             - CollectionQuerySpaceImpl(uid=<gen:20>, collection=org.project.neutrino.nfvo.catalogue.mano.record.NetworkServiceRecord.pnfr)
                - SQL table alias mapping - pnfr17_
                - alias suffix - 17_
                - suffixed key columns - {network_1_18_17_}
                - entity-element alias suffix - 18_
                - 18_entity-element suffixed key columns - id1_37_18_
                - JOIN (JoinDefinedByMetadata(elements)) : <gen:20> -> <gen:21>
                   - EntityQuerySpaceImpl(uid=<gen:21>, entity=org.project.neutrino.nfvo.catalogue.mano.record.PhysicalNetworkFunctionRecord)
                      - SQL table alias mapping - physicalne18_
                      - alias suffix - 18_
                      - suffixed key columns - {id1_37_18_}
                      - JOIN (JoinDefinedByMetadata(connected_virtual_link)) : <gen:21> -> <gen:22>
                         - CollectionQuerySpaceImpl(uid=<gen:22>, collection=org.project.neutrino.nfvo.catalogue.mano.record.PhysicalNetworkFunctionRecord.connected_virtual_link)
                            - SQL table alias mapping - connected_19_
                            - alias suffix - 19_
                            - suffixed key columns - {physical1_37_19_}
                            - entity-element alias suffix - 20_
                            - 20_entity-element suffixed key columns - id1_54_20_
                            - JOIN (JoinDefinedByMetadata(elements)) : <gen:22> -> <gen:23>
                               - EntityQuerySpaceImpl(uid=<gen:23>, entity=org.project.neutrino.nfvo.catalogue.mano.record.VirtualLinkRecord)
                                  - SQL table alias mapping - virtuallin20_
                                  - alias suffix - 20_
                                  - suffixed key columns - {id1_54_20_}
                      - JOIN (JoinDefinedByMetadata(connection_point)) : <gen:21> -> <gen:28>
                         - CollectionQuerySpaceImpl(uid=<gen:28>, collection=org.project.neutrino.nfvo.catalogue.mano.record.PhysicalNetworkFunctionRecord.connection_point)
                            - SQL table alias mapping - connection21_
                            - alias suffix - 21_
                            - suffixed key columns - {physical1_37_21_}
                            - entity-element alias suffix - 22_
                            - 22_entity-element suffixed key columns - id1_4_22_
                            - JOIN (JoinDefinedByMetadata(elements)) : <gen:28> -> <gen:29>
                               - EntityQuerySpaceImpl(uid=<gen:29>, entity=org.project.neutrino.nfvo.catalogue.mano.common.ConnectionPoint)
                                  - SQL table alias mapping - connection22_
                                  - alias suffix - 22_
                                  - suffixed key columns - {id1_4_22_}
                      - JOIN (JoinDefinedByMetadata(descriptor_reference)) : <gen:21> -> <gen:30>
                         - EntityQuerySpaceImpl(uid=<gen:30>, entity=org.project.neutrino.nfvo.catalogue.mano.descriptor.PhysicalNetworkFunctionDescriptor)
                            - SQL table alias mapping - physicalne23_
                            - alias suffix - 23_
                            - suffixed key columns - {id1_35_23_}
                      - JOIN (JoinDefinedByMetadata(parent_ns)) : <gen:21> -> <gen:32>
                         - EntityQuerySpaceImpl(uid=<gen:32>, entity=org.project.neutrino.nfvo.catalogue.mano.record.NetworkServiceRecord)
                            - SQL table alias mapping - networkser24_
                            - alias suffix - 24_
                            - suffixed key columns - {id1_18_24_}
                      - JOIN (JoinDefinedByMetadata(vnffgr)) : <gen:21> -> <gen:41>
                         - CollectionQuerySpaceImpl(uid=<gen:41>, collection=org.project.neutrino.nfvo.catalogue.mano.record.PhysicalNetworkFunctionRecord.vnffgr)
                            - SQL table alias mapping - vnffgr25_
                            - alias suffix - 25_
                            - suffixed key columns - {physical1_37_25_}
                            - entity-element alias suffix - 26_
                            - 26_entity-element suffixed key columns - id1_92_26_
                            - JOIN (JoinDefinedByMetadata(elements)) : <gen:41> -> <gen:42>
                               - EntityQuerySpaceImpl(uid=<gen:42>, entity=org.project.neutrino.nfvo.catalogue.mano.record.VNFForwardingGraphRecord)
                                  - SQL table alias mapping - vnfforward26_
                                  - alias suffix - 26_
                                  - suffixed key columns - {id1_92_26_}
          - JOIN (JoinDefinedByMetadata(service_deployment_flavour)) : <gen:0> -> <gen:54>
             - EntityQuerySpaceImpl(uid=<gen:54>, entity=org.project.neutrino.nfvo.catalogue.mano.common.ServiceDeploymentFlavour)
                - SQL table alias mapping - servicedep27_
                - alias suffix - 27_
                - suffixed key columns - {id1_7_27_}
          - JOIN (JoinDefinedByMetadata(vlr)) : <gen:0> -> <gen:55>
             - CollectionQuerySpaceImpl(uid=<gen:55>, collection=org.project.neutrino.nfvo.catalogue.mano.record.NetworkServiceRecord.vlr)
                - SQL table alias mapping - vlr28_
                - alias suffix - 28_
                - suffixed key columns - {network_1_18_28_}
                - entity-element alias suffix - 29_
                - 29_entity-element suffixed key columns - id1_54_29_
                - JOIN (JoinDefinedByMetadata(elements)) : <gen:55> -> <gen:56>
                   - EntityQuerySpaceImpl(uid=<gen:56>, entity=org.project.neutrino.nfvo.catalogue.mano.record.VirtualLinkRecord)
                      - SQL table alias mapping - virtuallin29_
                      - alias suffix - 29_
                      - suffixed key columns - {id1_54_29_}
                      - JOIN (JoinDefinedByMetadata(lifecycle_event_history)) : <gen:56> -> <gen:57>
                         - CollectionQuerySpaceImpl(uid=<gen:57>, collection=org.project.neutrino.nfvo.catalogue.mano.record.VirtualLinkRecord.lifecycle_event_history)
                            - SQL table alias mapping - lifecycle_30_
                            - alias suffix - 30_
                            - suffixed key columns - {virtual_1_54_30_}
                            - entity-element alias suffix - 31_
                            - 31_entity-element suffixed key columns - id1_10_31_
                            - JOIN (JoinDefinedByMetadata(elements)) : <gen:57> -> <gen:58>
                               - EntityQuerySpaceImpl(uid=<gen:58>, entity=org.project.neutrino.nfvo.catalogue.mano.common.LifecycleEvent)
                                  - SQL table alias mapping - lifecyclee31_
                                  - alias suffix - 31_
                                  - suffixed key columns - {id1_10_31_}
                      - JOIN (JoinDefinedByMetadata(vnffgr_reference)) : <gen:56> -> <gen:59>
                         - CollectionQuerySpaceImpl(uid=<gen:59>, collection=org.project.neutrino.nfvo.catalogue.mano.record.VirtualLinkRecord.vnffgr_reference)
                            - SQL table alias mapping - vnffgr_ref32_
                            - alias suffix - 32_
                            - suffixed key columns - {virtual_1_54_32_}
                            - entity-element alias suffix - 33_
                            - 33_entity-element suffixed key columns - id1_92_33_
                            - JOIN (JoinDefinedByMetadata(elements)) : <gen:59> -> <gen:60>
                               - EntityQuerySpaceImpl(uid=<gen:60>, entity=org.project.neutrino.nfvo.catalogue.mano.record.VNFForwardingGraphRecord)
                                  - SQL table alias mapping - vnfforward33_
                                  - alias suffix - 33_
                                  - suffixed key columns - {id1_92_33_}
          - JOIN (JoinDefinedByMetadata(vnf_dependency)) : <gen:0> -> <gen:72>
             - CollectionQuerySpaceImpl(uid=<gen:72>, collection=org.project.neutrino.nfvo.catalogue.mano.record.NetworkServiceRecord.vnf_dependency)
                - SQL table alias mapping - vnf_depend34_
                - alias suffix - 34_
                - suffixed key columns - {network_1_18_34_}
                - entity-element alias suffix - 35_
                - 35_entity-element suffixed key columns - id1_86_35_
                - JOIN (JoinDefinedByMetadata(elements)) : <gen:72> -> <gen:73>
                   - EntityQuerySpaceImpl(uid=<gen:73>, entity=org.project.neutrino.nfvo.catalogue.mano.common.VNFDependency)
                      - SQL table alias mapping - vnfdepende35_
                      - alias suffix - 35_
                      - suffixed key columns - {id1_86_35_}
                      - JOIN (JoinDefinedByMetadata(source)) : <gen:73> -> <gen:74>
                         - EntityQuerySpaceImpl(uid=<gen:74>, entity=org.project.neutrino.nfvo.catalogue.mano.descriptor.VirtualNetworkFunctionDescriptor)
                            - SQL table alias mapping - virtualnet36_
                            - alias suffix - 36_
                            - suffixed key columns - {id1_27_36_}
                      - JOIN (JoinDefinedByMetadata(target)) : <gen:73> -> <gen:75>
                         - EntityQuerySpaceImpl(uid=<gen:75>, entity=org.project.neutrino.nfvo.catalogue.mano.descriptor.VirtualNetworkFunctionDescriptor)
                            - SQL table alias mapping - virtualnet37_
                            - alias suffix - 37_
                            - suffixed key columns - {id1_27_37_}
          - JOIN (JoinDefinedByMetadata(vnffgr)) : <gen:0> -> <gen:76>
             - CollectionQuerySpaceImpl(uid=<gen:76>, collection=org.project.neutrino.nfvo.catalogue.mano.record.NetworkServiceRecord.vnffgr)
                - SQL table alias mapping - vnffgr38_
                - alias suffix - 38_
                - suffixed key columns - {network_1_18_38_}
                - entity-element alias suffix - 39_
                - 39_entity-element suffixed key columns - id1_87_39_
                - JOIN (JoinDefinedByMetadata(elements)) : <gen:76> -> <gen:77>
                   - EntityQuerySpaceImpl(uid=<gen:77>, entity=org.project.neutrino.nfvo.catalogue.mano.descriptor.VNFForwardingGraph)
                      - SQL table alias mapping - vnfforward39_
                      - alias suffix - 39_
                      - suffixed key columns - {id1_87_39_}
                      - JOIN (JoinDefinedByMetadata(vnffgd_security)) : <gen:77> -> <gen:78>
                         - EntityQuerySpaceImpl(uid=<gen:78>, entity=org.project.neutrino.nfvo.catalogue.mano.common.Security)
                            - SQL table alias mapping - security40_
                            - alias suffix - 40_
                            - suffixed key columns - {id1_43_40_}
          - JOIN (JoinDefinedByMetadata(vnfr)) : <gen:0> -> <gen:79>
             - EntityQuerySpaceImpl(uid=<gen:79>, entity=org.project.neutrino.nfvo.catalogue.mano.record.VirtualNetworkFunctionRecord)
                - SQL table alias mapping - virtualnet41_
                - alias suffix - 41_
                - suffixed key columns - {id1_68_41_}
                - JOIN (JoinDefinedByMetadata(auto_scale_policy)) : <gen:79> -> <gen:80>
                   - CollectionQuerySpaceImpl(uid=<gen:80>, collection=org.project.neutrino.nfvo.catalogue.mano.record.VirtualNetworkFunctionRecord.auto_scale_policy)
                      - SQL table alias mapping - auto_scale42_
                      - alias suffix - 42_
                      - suffixed key columns - {virtual_1_68_42_}
                      - entity-element alias suffix - 43_
                      - 43_entity-element suffixed key columns - id1_3_43_
                      - JOIN (JoinDefinedByMetadata(elements)) : <gen:80> -> <gen:81>
                         - EntityQuerySpaceImpl(uid=<gen:81>, entity=org.project.neutrino.nfvo.catalogue.mano.common.AutoScalePolicy)
                            - SQL table alias mapping - autoscalep43_
                            - alias suffix - 43_
                            - suffixed key columns - {id1_3_43_}
                - JOIN (JoinDefinedByMetadata(connected_external_virtual_link)) : <gen:79> -> <gen:82>
                   - CollectionQuerySpaceImpl(uid=<gen:82>, collection=org.project.neutrino.nfvo.catalogue.mano.record.VirtualNetworkFunctionRecord.connected_external_virtual_link)
                      - SQL table alias mapping - connected_44_
                      - alias suffix - 44_
                      - suffixed key columns - {virtual_1_68_44_}
                      - entity-element alias suffix - 45_
                      - 45_entity-element suffixed key columns - id1_54_45_
                      - JOIN (JoinDefinedByMetadata(elements)) : <gen:82> -> <gen:83>
                         - EntityQuerySpaceImpl(uid=<gen:83>, entity=org.project.neutrino.nfvo.catalogue.mano.record.VirtualLinkRecord)
                            - SQL table alias mapping - virtuallin45_
                            - alias suffix - 45_
                            - suffixed key columns - {id1_54_45_}
                - JOIN (JoinDefinedByMetadata(connection_point)) : <gen:79> -> <gen:84>
                   - CollectionQuerySpaceImpl(uid=<gen:84>, collection=org.project.neutrino.nfvo.catalogue.mano.record.VirtualNetworkFunctionRecord.connection_point)
                      - SQL table alias mapping - connection46_
                      - alias suffix - 46_
                      - suffixed key columns - {virtual_1_68_46_}
                      - entity-element alias suffix - 47_
                      - 47_entity-element suffixed key columns - id1_4_47_
                      - JOIN (JoinDefinedByMetadata(elements)) : <gen:84> -> <gen:85>
                         - EntityQuerySpaceImpl(uid=<gen:85>, entity=org.project.neutrino.nfvo.catalogue.mano.common.ConnectionPoint)
                            - SQL table alias mapping - connection47_
                            - alias suffix - 47_
                            - suffixed key columns - {id1_4_47_}
                - JOIN (JoinDefinedByMetadata(dependency)) : <gen:79> -> <gen:86>
                   - CollectionQuerySpaceImpl(uid=<gen:86>, collection=org.project.neutrino.nfvo.catalogue.mano.record.VirtualNetworkFunctionRecord.dependency)
                      - SQL table alias mapping - dependency48_
                      - alias suffix - 48_
                      - suffixed key columns - {virtual_1_68_48_}
                      - entity-element alias suffix - 49_
                      - 49_entity-element suffixed key columns - id1_86_49_
                      - JOIN (JoinDefinedByMetadata(elements)) : <gen:86> -> <gen:87>
                         - EntityQuerySpaceImpl(uid=<gen:87>, entity=org.project.neutrino.nfvo.catalogue.mano.common.VNFDependency)
                            - SQL table alias mapping - vnfdepende49_
                            - alias suffix - 49_
                            - suffixed key columns - {id1_86_49_}
                - JOIN (JoinDefinedByMetadata(deployment_flavour)) : <gen:79> -> <gen:88>
                   - EntityQuerySpaceImpl(uid=<gen:88>, entity=org.project.neutrino.nfvo.catalogue.mano.descriptor.VNFDDeploymentFlavour)
                      - SQL table alias mapping - vnfddeploy50_
                      - alias suffix - 50_
                      - suffixed key columns - {id1_7_50_}
                - JOIN (JoinDefinedByMetadata(lifecycle_event)) : <gen:79> -> <gen:90>
                   - EntityQuerySpaceImpl(uid=<gen:90>, entity=org.project.neutrino.nfvo.catalogue.mano.common.LifecycleEvent)
                      - SQL table alias mapping - lifecyclee51_
                      - alias suffix - 51_
                      - suffixed key columns - {id1_10_51_}
                - JOIN (JoinDefinedByMetadata(lifecycle_event_history)) : <gen:79> -> <gen:91>
                   - CollectionQuerySpaceImpl(uid=<gen:91>, collection=org.project.neutrino.nfvo.catalogue.mano.record.VirtualNetworkFunctionRecord.lifecycle_event_history)
                      - SQL table alias mapping - lifecycle_52_
                      - alias suffix - 52_
                      - suffixed key columns - {virtual_1_68_52_}
                      - entity-element alias suffix - 53_
                      - 53_entity-element suffixed key columns - id1_10_53_
                      - JOIN (JoinDefinedByMetadata(elements)) : <gen:91> -> <gen:92>
                         - EntityQuerySpaceImpl(uid=<gen:92>, entity=org.project.neutrino.nfvo.catalogue.mano.common.LifecycleEvent)
                            - SQL table alias mapping - lifecyclee53_
                            - alias suffix - 53_
                            - suffixed key columns - {id1_10_53_}
                - JOIN (JoinDefinedByMetadata(parent_ns)) : <gen:79> -> <gen:93>
                   - EntityQuerySpaceImpl(uid=<gen:93>, entity=org.project.neutrino.nfvo.catalogue.mano.record.NetworkServiceRecord)
                      - SQL table alias mapping - networkser54_
                      - alias suffix - 54_
                      - suffixed key columns - {id1_18_54_}
                - JOIN (JoinDefinedByMetadata(vdu)) : <gen:79> -> <gen:94>
                   - CollectionQuerySpaceImpl(uid=<gen:94>, collection=org.project.neutrino.nfvo.catalogue.mano.record.VirtualNetworkFunctionRecord.vdu)
                      - SQL table alias mapping - vdu55_
                      - alias suffix - 55_
                      - suffixed key columns - {virtual_1_68_55_}
                      - entity-element alias suffix - 56_
                      - 56_entity-element suffixed key columns - id1_47_56_
                      - JOIN (JoinDefinedByMetadata(elements)) : <gen:94> -> <gen:95>
                         - EntityQuerySpaceImpl(uid=<gen:95>, entity=org.project.neutrino.nfvo.catalogue.mano.descriptor.VirtualDeploymentUnit)
                            - SQL table alias mapping - virtualdep56_
                            - alias suffix - 56_
                            - suffixed key columns - {id1_47_56_}
                - JOIN (JoinDefinedByMetadata(virtual_link)) : <gen:79> -> <gen:98>
                   - CollectionQuerySpaceImpl(uid=<gen:98>, collection=org.project.neutrino.nfvo.catalogue.mano.record.VirtualNetworkFunctionRecord.virtual_link)
                      - SQL table alias mapping - virtual_li57_
                      - alias suffix - 57_
                      - suffixed key columns - {virtual_1_68_57_}
                      - entity-element alias suffix - 58_
                      - 58_entity-element suffixed key columns - id1_0_58_
                      - JOIN (JoinDefinedByMetadata(elements)) : <gen:98> -> <gen:99>
                         - EntityQuerySpaceImpl(uid=<gen:99>, entity=org.project.neutrino.nfvo.catalogue.mano.descriptor.InternalVirtualLink)
                            - SQL table alias mapping - internalvi58_
                            - alias suffix - 58_
                            - suffixed key columns - {id1_0_58_}

13:23:06.586 [Test worker] DEBUG o.h.loader.entity.plan.EntityLoader - Static select for entity org.project.neutrino.nfvo.catalogue.mano.record.NetworkServiceRecord [READ]: select networkser0_.id as id1_18_0_, networkser0_.audit_log as audit_lo2_18_0_, networkser0_.descriptor_reference_Id as descript9_18_0_, networkser0_.lifecycle_event_id as lifecyc10_18_0_, networkser0_.notification as notifica3_18_0_, networkser0_.resource_reservation as resource4_18_0_, networkser0_.runtime_policy_info as runtime_5_18_0_, networkser0_.service_deployment_flavour_id as service11_18_0_, networkser0_.status as status6_18_0_, networkser0_.vendor as vendor7_18_0_, networkser0_.version as version8_18_0_, networkser0_.vnfr_id as vnfr_id12_18_0_, auto_scale1_.network_service_record_id as network_1_18_1_, autoscalep2_.id as auto_sca2_19_1_, autoscalep2_.id as id1_3_2_, autoscalep2_.version as version2_3_2_, connection3_.network_service_record_id as network_1_18_3_, connection4_.id as connecti2_20_3_, connection4_.id as id1_4_4_, connection4_.type as type2_4_4_, connection4_.version as version3_4_4_, connection4_.virtual_link_reference as virtual_1_82_4_, connection4_.clazz_ as clazz_4_, nfventityd5_.id as id1_27_5_, nfventityd5_.hb_version as hb_versi2_27_5_, nfventityd5_.vendor as vendor3_27_5_, nfventityd5_.version as version4_27_5_, nfventityd5_.descriptor_version as descript1_62_5_, nfventityd5_.manifest_file as manifest2_62_5_, nfventityd5_.nsd_security_id as nsd_secu1_14_5_, nfventityd5_.clazz_ as clazz_5_, monitoring6_.nfventity_descriptor_Id as nfventit1_27_6_, monitoring6_.monitoring_parameter as monitori2_31_6_, deployment7_.virtual_network_function_descriptor_Id as virtual_1_27_7_, vnfddeploy8_.id as deployme2_63_7_, vnfddeploy8_.id as id1_7_8_, vnfddeploy8_.flavour_key as flavour_2_7_8_, vnfddeploy8_.version as version3_7_8_, security9_.id as id1_43_9_, security9_.version as version2_43_9_, vnf_depend10_.network_service_descriptor_Id as network_1_27_10_, vnfdepende11_.id as vnf_depe2_16_10_, vnfdepende11_.id as id1_86_11_, vnfdepende11_.source_Id as source_I3_86_11_, vnfdepende11_.target_Id as target_I4_86_11_, vnfdepende11_.version as version2_86_11_, vnfd12_.network_service_descriptor_Id as network_1_27_12_, virtualnet13_.id as vnfd_Id2_17_12_, virtualnet13_.id as id1_27_13_, virtualnet13_.hb_version as hb_versi2_27_13_, virtualnet13_.vendor as vendor3_27_13_, virtualnet13_.version as version4_27_13_, virtualnet13_.descriptor_version as descript1_62_13_, virtualnet13_.manifest_file as manifest2_62_13_, lifecyclee14_.id as id1_10_14_, lifecyclee14_.version as version2_10_14_, lifecycle_15_.network_service_record_id as network_1_18_15_, lifecyclee16_.id as lifecycl2_21_15_, lifecyclee16_.id as id1_10_16_, lifecyclee16_.version as version2_10_16_, pnfr17_.network_service_record_id as network_1_18_17_, physicalne18_.id as pnfr_id2_23_17_, physicalne18_.id as id1_37_18_, physicalne18_.description as descript2_37_18_, physicalne18_.descriptor_reference_id as descript6_37_18_, physicalne18_.oam_reference as oam_refe3_37_18_, physicalne18_.parent_ns_id as parent_n7_37_18_, physicalne18_.vendor as vendor4_37_18_, physicalne18_.version as version5_37_18_, connected_19_.physical_network_function_record_id as physical1_37_19_, virtuallin20_.id as connecte2_38_19_, virtuallin20_.id as id1_54_20_, virtuallin20_.connectivity_type as connecti2_54_20_, virtuallin20_.descriptor_reference as descript3_54_20_, virtuallin20_.leaf_requirement as leaf_req4_54_20_, virtuallin20_.number_of_enpoints as number_o5_54_20_, virtuallin20_.parent_ns as parent_n6_54_20_, virtuallin20_.root_requirement as root_req7_54_20_, virtuallin20_.status as status8_54_20_, virtuallin20_.test_access as test_acc9_54_20_, virtuallin20_.vendor as vendor10_54_20_, virtuallin20_.version as version11_54_20_, virtuallin20_.vim_id as vim_id12_54_20_, connection21_.physical_network_function_record_id as physical1_37_21_, connection22_.id as connecti2_39_21_, connection22_.id as id1_4_22_, connection22_.type as type2_4_22_, connection22_.version as version3_4_22_, connection22_.virtual_link_reference as virtual_1_82_22_, connection22_.clazz_ as clazz_22_, physicalne23_.id as id1_35_23_, physicalne23_.description as descript2_35_23_, physicalne23_.descriptor_version as descript3_35_23_, physicalne23_.hb_version as hb_versi4_35_23_, physicalne23_.pnfd_security_id as pnfd_sec7_35_23_, physicalne23_.vendor as vendor5_35_23_, physicalne23_.version as version6_35_23_, networkser24_.id as id1_18_24_, networkser24_.audit_log as audit_lo2_18_24_, networkser24_.descriptor_reference_Id as descript9_18_24_, networkser24_.lifecycle_event_id as lifecyc10_18_24_, networkser24_.notification as notifica3_18_24_, networkser24_.resource_reservation as resource4_18_24_, networkser24_.runtime_policy_info as runtime_5_18_24_, networkser24_.service_deployment_flavour_id as service11_18_24_, networkser24_.status as status6_18_24_, networkser24_.vendor as vendor7_18_24_, networkser24_.version as version8_18_24_, networkser24_.vnfr_id as vnfr_id12_18_24_, vnffgr25_.physical_network_function_record_id as physical1_37_25_, vnfforward26_.id as vnffgr_i2_41_25_, vnfforward26_.id as id1_92_26_, vnfforward26_.audit_log as audit_lo2_92_26_, vnfforward26_.descriptor_reference_id as descrip10_92_26_, vnfforward26_.network_forwarding_path_id as network11_92_26_, vnfforward26_.number_of_endpoints as number_o3_92_26_, vnfforward26_.number_of_pnfs as number_o4_92_26_, vnfforward26_.number_of_virtual_links as number_o5_92_26_, vnfforward26_.number_of_vnfs as number_o6_92_26_, vnfforward26_.parent_ns_id as parent_12_92_26_, vnfforward26_.status as status7_92_26_, vnfforward26_.vendor as vendor8_92_26_, vnfforward26_.version as version9_92_26_, servicedep27_.id as id1_7_27_, servicedep27_.flavour_key as flavour_2_7_27_, servicedep27_.version as version3_7_27_, vlr28_.network_service_record_id as network_1_18_28_, virtuallin29_.id as vlr_id2_24_28_, virtuallin29_.id as id1_54_29_, virtuallin29_.connectivity_type as connecti2_54_29_, virtuallin29_.descriptor_reference as descript3_54_29_, virtuallin29_.leaf_requirement as leaf_req4_54_29_, virtuallin29_.number_of_enpoints as number_o5_54_29_, virtuallin29_.parent_ns as parent_n6_54_29_, virtuallin29_.root_requirement as root_req7_54_29_, virtuallin29_.status as status8_54_29_, virtuallin29_.test_access as test_acc9_54_29_, virtuallin29_.vendor as vendor10_54_29_, virtuallin29_.version as version11_54_29_, virtuallin29_.vim_id as vim_id12_54_29_, lifecycle_30_.virtual_link_record_id as virtual_1_54_30_, lifecyclee31_.id as lifecycl2_58_30_, lifecyclee31_.id as id1_10_31_, lifecyclee31_.version as version2_10_31_, vnffgr_ref32_.virtual_link_record_id as virtual_1_54_32_, vnfforward33_.id as vnffgr_r2_61_32_, vnfforward33_.id as id1_92_33_, vnfforward33_.audit_log as audit_lo2_92_33_, vnfforward33_.descriptor_reference_id as descrip10_92_33_, vnfforward33_.network_forwarding_path_id as network11_92_33_, vnfforward33_.number_of_endpoints as number_o3_92_33_, vnfforward33_.number_of_pnfs as number_o4_92_33_, vnfforward33_.number_of_virtual_links as number_o5_92_33_, vnfforward33_.number_of_vnfs as number_o6_92_33_, vnfforward33_.parent_ns_id as parent_12_92_33_, vnfforward33_.status as status7_92_33_, vnfforward33_.vendor as vendor8_92_33_, vnfforward33_.version as version9_92_33_, vnf_depend34_.network_service_record_id as network_1_18_34_, vnfdepende35_.id as vnf_depe2_25_34_, vnfdepende35_.id as id1_86_35_, vnfdepende35_.source_Id as source_I3_86_35_, vnfdepende35_.target_Id as target_I4_86_35_, vnfdepende35_.version as version2_86_35_, virtualnet36_.id as id1_27_36_, virtualnet36_.hb_version as hb_versi2_27_36_, virtualnet36_.vendor as vendor3_27_36_, virtualnet36_.version as version4_27_36_, virtualnet36_.descriptor_version as descript1_62_36_, virtualnet36_.manifest_file as manifest2_62_36_, virtualnet37_.id as id1_27_37_, virtualnet37_.hb_version as hb_versi2_27_37_, virtualnet37_.vendor as vendor3_27_37_, virtualnet37_.version as version4_27_37_, virtualnet37_.descriptor_version as descript1_62_37_, virtualnet37_.manifest_file as manifest2_62_37_, vnffgr38_.network_service_record_id as network_1_18_38_, vnfforward39_.id as vnffgr_i2_26_38_, vnfforward39_.id as id1_87_39_, vnfforward39_.descriptor_version as descript2_87_39_, vnfforward39_.hb_version as hb_versi3_87_39_, vnfforward39_.number_of_endpoints as number_o4_87_39_, vnfforward39_.number_of_virtual_links as number_o5_87_39_, vnfforward39_.vendor as vendor6_87_39_, vnfforward39_.version as version7_87_39_, vnfforward39_.vnffgd_security_id as vnffgd_s8_87_39_, security40_.id as id1_43_40_, security40_.version as version2_43_40_, virtualnet41_.id as id1_68_41_, virtualnet41_.audit_log as audit_lo2_68_41_, virtualnet41_.deployment_flavour_id as deployme9_68_41_, virtualnet41_.descriptor_reference as descript3_68_41_, virtualnet41_.lifecycle_event_id as lifecyc10_68_41_, virtualnet41_.localization as localiza4_68_41_, virtualnet41_.parent_ns_id as parent_11_68_41_, virtualnet41_.status as status5_68_41_, virtualnet41_.vendor as vendor6_68_41_, virtualnet41_.version as version7_68_41_, virtualnet41_.vnfm_id as vnfm_id8_68_41_, auto_scale42_.virtual_network_function_record_id as virtual_1_68_42_, autoscalep43_.id as auto_sca2_69_42_, autoscalep43_.id as id1_3_43_, autoscalep43_.version as version2_3_43_, connected_44_.virtual_network_function_record_id as virtual_1_68_44_, virtuallin45_.id as connecte2_70_44_, virtuallin45_.id as id1_54_45_, virtuallin45_.connectivity_type as connecti2_54_45_, virtuallin45_.descriptor_reference as descript3_54_45_, virtuallin45_.leaf_requirement as leaf_req4_54_45_, virtuallin45_.number_of_enpoints as number_o5_54_45_, virtuallin45_.parent_ns as parent_n6_54_45_, virtuallin45_.root_requirement as root_req7_54_45_, virtuallin45_.status as status8_54_45_, virtuallin45_.test_access as test_acc9_54_45_, virtuallin45_.vendor as vendor10_54_45_, virtuallin45_.version as version11_54_45_, virtuallin45_.vim_id as vim_id12_54_45_, connection46_.virtual_network_function_record_id as virtual_1_68_46_, connection47_.id as connecti2_71_46_, connection47_.id as id1_4_47_, connection47_.type as type2_4_47_, connection47_.version as version3_4_47_, connection47_.virtual_link_reference as virtual_1_82_47_, connection47_.clazz_ as clazz_47_, dependency48_.virtual_network_function_record_id as virtual_1_68_48_, vnfdepende49_.id as dependen2_72_48_, vnfdepende49_.id as id1_86_49_, vnfdepende49_.source_Id as source_I3_86_49_, vnfdepende49_.target_Id as target_I4_86_49_, vnfdepende49_.version as version2_86_49_, vnfddeploy50_.id as id1_7_50_, vnfddeploy50_.flavour_key as flavour_2_7_50_, vnfddeploy50_.version as version3_7_50_, lifecyclee51_.id as id1_10_51_, lifecyclee51_.version as version2_10_51_, lifecycle_52_.virtual_network_function_record_id as virtual_1_68_52_, lifecyclee53_.id as lifecycl2_73_52_, lifecyclee53_.id as id1_10_53_, lifecyclee53_.version as version2_10_53_, networkser54_.id as id1_18_54_, networkser54_.audit_log as audit_lo2_18_54_, networkser54_.descriptor_reference_Id as descript9_18_54_, networkser54_.lifecycle_event_id as lifecyc10_18_54_, networkser54_.notification as notifica3_18_54_, networkser54_.resource_reservation as resource4_18_54_, networkser54_.runtime_policy_info as runtime_5_18_54_, networkser54_.service_deployment_flavour_id as service11_18_54_, networkser54_.status as status6_18_54_, networkser54_.vendor as vendor7_18_54_, networkser54_.version as version8_18_54_, networkser54_.vnfr_id as vnfr_id12_18_54_, vdu55_.virtual_network_function_record_id as virtual_1_68_55_, virtualdep56_.id as vdu_id2_77_55_, virtualdep56_.id as id1_47_56_, virtualdep56_.computation_requirement as computat2_47_56_, virtualdep56_.high_availability as high_ava3_47_56_, virtualdep56_.scale_in_out as scale_in4_47_56_, virtualdep56_.vdu_constraint as vdu_cons5_47_56_, virtualdep56_.version as version6_47_56_, virtualdep56_.virtual_memory_resource_element as virtual_7_47_56_, virtualdep56_.virtual_network_bandwidth_resource as virtual_8_47_56_, virtual_li57_.virtual_network_function_record_id as virtual_1_68_57_, internalvi58_.id as virtual_2_78_57_, internalvi58_.id as id1_0_58_, internalvi58_.connectivity_type as connecti2_0_58_, internalvi58_.leaf_requirement as leaf_req3_0_58_, internalvi58_.root_requirement as root_req4_0_58_, internalvi58_.version as version5_0_58_ from network_service_record networkser0_ left outer join network_service_record_auto_scale_policy auto_scale1_ on networkser0_.id=auto_scale1_.network_service_record_id left outer join auto_scale_policy autoscalep2_ on auto_scale1_.auto_scale_policy_id=autoscalep2_.id left outer join network_service_record_connection_point connection3_ on networkser0_.id=connection3_.network_service_record_id left outer join ( select id, type, version, null as virtual_link_reference, 0 as clazz_ from connection_point union select id, type, version, virtual_link_reference, 1 as clazz_ from vnfdconnection_point ) connection4_ on connection3_.connection_point_id=connection4_.id left outer join ( select id, hb_version, vendor, version, descriptor_version, manifest_file, null as nsd_security_id, 1 as clazz_ from virtual_network_function_descriptor union select id, hb_version, vendor, version, null as descriptor_version, null as manifest_file, nsd_security_id, 2 as clazz_ from network_service_descriptor ) nfventityd5_ on networkser0_.descriptor_reference_Id=nfventityd5_.id left outer join nfventity_descriptor_monitoring_parameter monitoring6_ on nfventityd5_.id=monitoring6_.nfventity_descriptor_Id left outer join virtual_network_function_descriptor_deployment_flavour deployment7_ on nfventityd5_.id=deployment7_.virtual_network_function_descriptor_Id left outer join vnfddeployment_flavour vnfddeploy8_ on deployment7_.deployment_flavour_id=vnfddeploy8_.id left outer join security security9_ on nfventityd5_.nsd_security_id=security9_.id left outer join network_service_descriptor_vnf_dependency vnf_depend10_ on nfventityd5_.id=vnf_depend10_.network_service_descriptor_Id left outer join vnfdependency vnfdepende11_ on vnf_depend10_.vnf_dependency_id=vnfdepende11_.id left outer join network_service_descriptor_vnfd vnfd12_ on nfventityd5_.id=vnfd12_.network_service_descriptor_Id left outer join virtual_network_function_descriptor virtualnet13_ on vnfd12_.vnfd_Id=virtualnet13_.id left outer join lifecycle_event lifecyclee14_ on networkser0_.lifecycle_event_id=lifecyclee14_.id left outer join network_service_record_lifecycle_event_history lifecycle_15_ on networkser0_.id=lifecycle_15_.network_service_record_id left outer join lifecycle_event lifecyclee16_ on lifecycle_15_.lifecycle_event_history_id=lifecyclee16_.id left outer join network_service_record_pnfr pnfr17_ on networkser0_.id=pnfr17_.network_service_record_id left outer join physical_network_function_record physicalne18_ on pnfr17_.pnfr_id=physicalne18_.id left outer join physical_network_function_record_connected_virtual_link connected_19_ on physicalne18_.id=connected_19_.physical_network_function_record_id left outer join virtual_link_record virtuallin20_ on connected_19_.connected_virtual_link_id=virtuallin20_.id left outer join physical_network_function_record_connection_point connection21_ on physicalne18_.id=connection21_.physical_network_function_record_id left outer join ( select id, type, version, null as virtual_link_reference, 0 as clazz_ from connection_point union select id, type, version, virtual_link_reference, 1 as clazz_ from vnfdconnection_point ) connection22_ on connection21_.connection_point_id=connection22_.id left outer join physical_network_function_descriptor physicalne23_ on physicalne18_.descriptor_reference_id=physicalne23_.id left outer join network_service_record networkser24_ on physicalne18_.parent_ns_id=networkser24_.id left outer join physical_network_function_record_vnffgr vnffgr25_ on physicalne18_.id=vnffgr25_.physical_network_function_record_id left outer join vnfforwarding_graph_record vnfforward26_ on vnffgr25_.vnffgr_id=vnfforward26_.id left outer join service_deployment_flavour servicedep27_ on networkser0_.service_deployment_flavour_id=servicedep27_.id left outer join network_service_record_vlr vlr28_ on networkser0_.id=vlr28_.network_service_record_id left outer join virtual_link_record virtuallin29_ on vlr28_.vlr_id=virtuallin29_.id left outer join virtual_link_record_lifecycle_event_history lifecycle_30_ on virtuallin29_.id=lifecycle_30_.virtual_link_record_id left outer join lifecycle_event lifecyclee31_ on lifecycle_30_.lifecycle_event_history_id=lifecyclee31_.id left outer join virtual_link_record_vnffgr_reference vnffgr_ref32_ on virtuallin29_.id=vnffgr_ref32_.virtual_link_record_id left outer join vnfforwarding_graph_record vnfforward33_ on vnffgr_ref32_.vnffgr_reference_id=vnfforward33_.id left outer join network_service_record_vnf_dependency vnf_depend34_ on networkser0_.id=vnf_depend34_.network_service_record_id left outer join vnfdependency vnfdepende35_ on vnf_depend34_.vnf_dependency_id=vnfdepende35_.id left outer join virtual_network_function_descriptor virtualnet36_ on vnfdepende35_.source_Id=virtualnet36_.id left outer join virtual_network_function_descriptor virtualnet37_ on vnfdepende35_.target_Id=virtualnet37_.id left outer join network_service_record_vnffgr vnffgr38_ on networkser0_.id=vnffgr38_.network_service_record_id left outer join vnfforwarding_graph vnfforward39_ on vnffgr38_.vnffgr_id=vnfforward39_.id left outer join security security40_ on vnfforward39_.vnffgd_security_id=security40_.id left outer join virtual_network_function_record virtualnet41_ on networkser0_.vnfr_id=virtualnet41_.id left outer join virtual_network_function_record_auto_scale_policy auto_scale42_ on virtualnet41_.id=auto_scale42_.virtual_network_function_record_id left outer join auto_scale_policy autoscalep43_ on auto_scale42_.auto_scale_policy_id=autoscalep43_.id left outer join virtual_network_function_record_connected_external_virtual_link connected_44_ on virtualnet41_.id=connected_44_.virtual_network_function_record_id left outer join virtual_link_record virtuallin45_ on connected_44_.connected_external_virtual_link_id=virtuallin45_.id left outer join virtual_network_function_record_connection_point connection46_ on virtualnet41_.id=connection46_.virtual_network_function_record_id left outer join ( select id, type, version, null as virtual_link_reference, 0 as clazz_ from connection_point union select id, type, version, virtual_link_reference, 1 as clazz_ from vnfdconnection_point ) connection47_ on connection46_.connection_point_id=connection47_.id left outer join virtual_network_function_record_dependency dependency48_ on virtualnet41_.id=dependency48_.virtual_network_function_record_id left outer join vnfdependency vnfdepende49_ on dependency48_.dependency_id=vnfdepende49_.id left outer join vnfddeployment_flavour vnfddeploy50_ on virtualnet41_.deployment_flavour_id=vnfddeploy50_.id left outer join lifecycle_event lifecyclee51_ on virtualnet41_.lifecycle_event_id=lifecyclee51_.id left outer join virtual_network_function_record_lifecycle_event_history lifecycle_52_ on virtualnet41_.id=lifecycle_52_.virtual_network_function_record_id left outer join lifecycle_event lifecyclee53_ on lifecycle_52_.lifecycle_event_history_id=lifecyclee53_.id left outer join network_service_record networkser54_ on virtualnet41_.parent_ns_id=networkser54_.id left outer join virtual_network_function_record_vdu vdu55_ on virtualnet41_.id=vdu55_.virtual_network_function_record_id left outer join virtual_deployment_unit virtualdep56_ on vdu55_.vdu_id=virtualdep56_.id left outer join virtual_network_function_record_virtual_link virtual_li57_ on virtualnet41_.id=virtual_li57_.virtual_network_function_record_id left outer join internal_virtual_link internalvi58_ on virtual_li57_.virtual_link_id=internalvi58_.id where networkser0_.id=?
13:23:06.587 [Test worker] DEBUG o.h.l.p.b.i.spaces.QuerySpacesImpl - Adding QuerySpace : uid = <gen:0> -> org.hibernate.loader.plan.build.internal.spaces.EntityQuerySpaceImpl@62e147c9]
13:23:06.588 [Test worker] DEBUG o.h.p.w.spi.MetamodelGraphWalker - Visiting attribute path : audit_log
13:23:06.588 [Test worker] DEBUG o.h.p.w.spi.MetamodelGraphWalker - Visiting attribute path : auto_scale_policy
13:23:06.588 [Test worker] DEBUG o.h.l.p.b.i.spaces.QuerySpacesImpl - Adding QuerySpace : uid = <gen:1> -> org.hibernate.loader.plan.build.internal.spaces.CollectionQuerySpaceImpl@3f5fc55e]
13:23:06.589 [Test worker] DEBUG o.h.l.p.b.i.spaces.QuerySpacesImpl - Adding QuerySpace : uid = <gen:2> -> org.hibernate.loader.plan.build.internal.spaces.EntityQuerySpaceImpl@2896bed3]
13:23:06.589 [Test worker] DEBUG o.h.p.w.spi.MetamodelGraphWalker - Visiting attribute path : connection_point
13:23:06.589 [Test worker] DEBUG o.h.l.p.b.i.spaces.QuerySpacesImpl - Adding QuerySpace : uid = <gen:3> -> org.hibernate.loader.plan.build.internal.spaces.CollectionQuerySpaceImpl@40ca2376]
13:23:06.589 [Test worker] DEBUG o.h.l.p.b.i.spaces.QuerySpacesImpl - Adding QuerySpace : uid = <gen:4> -> org.hibernate.loader.plan.build.internal.spaces.EntityQuerySpaceImpl@16de3935]
13:23:06.590 [Test worker] DEBUG o.h.p.w.spi.MetamodelGraphWalker - Visiting attribute path : descriptor_reference
13:23:06.590 [Test worker] DEBUG o.h.l.p.b.i.spaces.QuerySpacesImpl - Adding QuerySpace : uid = <gen:5> -> org.hibernate.loader.plan.build.internal.spaces.EntityQuerySpaceImpl@577dd24d]
13:23:06.590 [Test worker] DEBUG o.h.p.w.spi.MetamodelGraphWalker - Visiting attribute path : lifecycle_event
13:23:06.590 [Test worker] DEBUG o.h.l.p.b.i.spaces.QuerySpacesImpl - Adding QuerySpace : uid = <gen:6> -> org.hibernate.loader.plan.build.internal.spaces.EntityQuerySpaceImpl@579ea1b]
13:23:06.590 [Test worker] DEBUG o.h.p.w.spi.MetamodelGraphWalker - Visiting attribute path : lifecycle_event_history
13:23:06.590 [Test worker] DEBUG o.h.l.p.b.i.spaces.QuerySpacesImpl - Adding QuerySpace : uid = <gen:7> -> org.hibernate.loader.plan.build.internal.spaces.CollectionQuerySpaceImpl@6f8956c]
13:23:06.591 [Test worker] DEBUG o.h.l.p.b.i.spaces.QuerySpacesImpl - Adding QuerySpace : uid = <gen:8> -> org.hibernate.loader.plan.build.internal.spaces.EntityQuerySpaceImpl@2a19e907]
13:23:06.591 [Test worker] DEBUG o.h.p.w.spi.MetamodelGraphWalker - Visiting attribute path : monitoring_parameter
13:23:06.591 [Test worker] DEBUG o.h.p.w.spi.MetamodelGraphWalker - Visiting attribute path : notification
13:23:06.591 [Test worker] DEBUG o.h.p.w.spi.MetamodelGraphWalker - Visiting attribute path : pnfr
13:23:06.591 [Test worker] DEBUG o.h.l.p.b.i.spaces.QuerySpacesImpl - Adding QuerySpace : uid = <gen:9> -> org.hibernate.loader.plan.build.internal.spaces.CollectionQuerySpaceImpl@b11e029]
13:23:06.591 [Test worker] DEBUG o.h.l.p.b.i.spaces.QuerySpacesImpl - Adding QuerySpace : uid = <gen:10> -> org.hibernate.loader.plan.build.internal.spaces.EntityQuerySpaceImpl@4293a96c]
13:23:06.591 [Test worker] DEBUG o.h.p.w.spi.MetamodelGraphWalker - Visiting attribute path : resource_reservation
13:23:06.591 [Test worker] DEBUG o.h.p.w.spi.MetamodelGraphWalker - Visiting attribute path : runtime_policy_info
13:23:06.591 [Test worker] DEBUG o.h.p.w.spi.MetamodelGraphWalker - Visiting attribute path : service_deployment_flavour
13:23:06.592 [Test worker] DEBUG o.h.l.p.b.i.spaces.QuerySpacesImpl - Adding QuerySpace : uid = <gen:11> -> org.hibernate.loader.plan.build.internal.spaces.EntityQuerySpaceImpl@6c581399]
13:23:06.592 [Test worker] DEBUG o.h.p.w.spi.MetamodelGraphWalker - Visiting attribute path : status
13:23:06.592 [Test worker] DEBUG o.h.p.w.spi.MetamodelGraphWalker - Visiting attribute path : vendor
13:23:06.592 [Test worker] DEBUG o.h.p.w.spi.MetamodelGraphWalker - Visiting attribute path : version
13:23:06.592 [Test worker] DEBUG o.h.p.w.spi.MetamodelGraphWalker - Visiting attribute path : vlr
13:23:06.592 [Test worker] DEBUG o.h.l.p.b.i.spaces.QuerySpacesImpl - Adding QuerySpace : uid = <gen:12> -> org.hibernate.loader.plan.build.internal.spaces.CollectionQuerySpaceImpl@a6ed961]
13:23:06.592 [Test worker] DEBUG o.h.l.p.b.i.spaces.QuerySpacesImpl - Adding QuerySpace : uid = <gen:13> -> org.hibernate.loader.plan.build.internal.spaces.EntityQuerySpaceImpl@738174a0]
13:23:06.592 [Test worker] DEBUG o.h.p.w.spi.MetamodelGraphWalker - Visiting attribute path : vnf_dependency
13:23:06.593 [Test worker] DEBUG o.h.l.p.b.i.spaces.QuerySpacesImpl - Adding QuerySpace : uid = <gen:14> -> org.hibernate.loader.plan.build.internal.spaces.CollectionQuerySpaceImpl@380fef9e]
13:23:06.593 [Test worker] DEBUG o.h.l.p.b.i.spaces.QuerySpacesImpl - Adding QuerySpace : uid = <gen:15> -> org.hibernate.loader.plan.build.internal.spaces.EntityQuerySpaceImpl@1e3c8ad3]
13:23:06.593 [Test worker] DEBUG o.h.p.w.spi.MetamodelGraphWalker - Visiting attribute path : vnffgr
13:23:06.593 [Test worker] DEBUG o.h.l.p.b.i.spaces.QuerySpacesImpl - Adding QuerySpace : uid = <gen:16> -> org.hibernate.loader.plan.build.internal.spaces.CollectionQuerySpaceImpl@18be3227]
13:23:06.593 [Test worker] DEBUG o.h.l.p.b.i.spaces.QuerySpacesImpl - Adding QuerySpace : uid = <gen:17> -> org.hibernate.loader.plan.build.internal.spaces.EntityQuerySpaceImpl@6eceab21]
13:23:06.593 [Test worker] DEBUG o.h.p.w.spi.MetamodelGraphWalker - Visiting attribute path : vnfr
13:23:06.593 [Test worker] DEBUG o.h.l.p.b.i.spaces.QuerySpacesImpl - Adding QuerySpace : uid = <gen:18> -> org.hibernate.loader.plan.build.internal.spaces.EntityQuerySpaceImpl@42453c5c]
13:23:06.593 [Test worker] DEBUG o.h.l.p.b.i.FetchStyleLoadPlanBuildingAssociationVisitationStrategy - Building LoadPlan...
13:23:06.594 [Test worker] DEBUG o.h.l.p.e.i.LoadQueryJoinAndFetchProcessor - processing queryspace <gen:0>
13:23:06.596 [Test worker] DEBUG o.h.l.p.b.spi.LoadPlanTreePrinter - LoadPlan(entity=org.project.neutrino.nfvo.catalogue.mano.record.NetworkServiceRecord)
    - Returns
       - EntityReturnImpl(entity=org.project.neutrino.nfvo.catalogue.mano.record.NetworkServiceRecord, querySpaceUid=<gen:0>, path=org.project.neutrino.nfvo.catalogue.mano.record.NetworkServiceRecord)
          - CollectionAttributeFetchImpl(collection=org.project.neutrino.nfvo.catalogue.mano.record.NetworkServiceRecord.auto_scale_policy, querySpaceUid=<gen:1>, path=org.project.neutrino.nfvo.catalogue.mano.record.NetworkServiceRecord.auto_scale_policy)
             - (collection element) CollectionFetchableElementEntityGraph(entity=org.project.neutrino.nfvo.catalogue.mano.common.AutoScalePolicy, querySpaceUid=<gen:2>, path=org.project.neutrino.nfvo.catalogue.mano.record.NetworkServiceRecord.auto_scale_policy.<elements>)
          - CollectionAttributeFetchImpl(collection=org.project.neutrino.nfvo.catalogue.mano.record.NetworkServiceRecord.connection_point, querySpaceUid=<gen:3>, path=org.project.neutrino.nfvo.catalogue.mano.record.NetworkServiceRecord.connection_point)
             - (collection element) CollectionFetchableElementEntityGraph(entity=org.project.neutrino.nfvo.catalogue.mano.common.ConnectionPoint, querySpaceUid=<gen:4>, path=org.project.neutrino.nfvo.catalogue.mano.record.NetworkServiceRecord.connection_point.<elements>)
          - EntityAttributeFetchImpl(entity=org.project.neutrino.nfvo.catalogue.mano.common.NFVEntityDescriptor, querySpaceUid=<gen:5>, path=org.project.neutrino.nfvo.catalogue.mano.record.NetworkServiceRecord.descriptor_reference)
          - EntityAttributeFetchImpl(entity=org.project.neutrino.nfvo.catalogue.mano.common.LifecycleEvent, querySpaceUid=<gen:6>, path=org.project.neutrino.nfvo.catalogue.mano.record.NetworkServiceRecord.lifecycle_event)
          - CollectionAttributeFetchImpl(collection=org.project.neutrino.nfvo.catalogue.mano.record.NetworkServiceRecord.lifecycle_event_history, querySpaceUid=<gen:7>, path=org.project.neutrino.nfvo.catalogue.mano.record.NetworkServiceRecord.lifecycle_event_history)
             - (collection element) CollectionFetchableElementEntityGraph(entity=org.project.neutrino.nfvo.catalogue.mano.common.LifecycleEvent, querySpaceUid=<gen:8>, path=org.project.neutrino.nfvo.catalogue.mano.record.NetworkServiceRecord.lifecycle_event_history.<elements>)
          - CollectionAttributeFetchImpl(collection=org.project.neutrino.nfvo.catalogue.mano.record.NetworkServiceRecord.pnfr, querySpaceUid=<gen:9>, path=org.project.neutrino.nfvo.catalogue.mano.record.NetworkServiceRecord.pnfr)
             - (collection element) CollectionFetchableElementEntityGraph(entity=org.project.neutrino.nfvo.catalogue.mano.record.PhysicalNetworkFunctionRecord, querySpaceUid=<gen:10>, path=org.project.neutrino.nfvo.catalogue.mano.record.NetworkServiceRecord.pnfr.<elements>)
          - EntityAttributeFetchImpl(entity=org.project.neutrino.nfvo.catalogue.mano.common.ServiceDeploymentFlavour, querySpaceUid=<gen:11>, path=org.project.neutrino.nfvo.catalogue.mano.record.NetworkServiceRecord.service_deployment_flavour)
          - CollectionAttributeFetchImpl(collection=org.project.neutrino.nfvo.catalogue.mano.record.NetworkServiceRecord.vlr, querySpaceUid=<gen:12>, path=org.project.neutrino.nfvo.catalogue.mano.record.NetworkServiceRecord.vlr)
             - (collection element) CollectionFetchableElementEntityGraph(entity=org.project.neutrino.nfvo.catalogue.mano.record.VirtualLinkRecord, querySpaceUid=<gen:13>, path=org.project.neutrino.nfvo.catalogue.mano.record.NetworkServiceRecord.vlr.<elements>)
          - CollectionAttributeFetchImpl(collection=org.project.neutrino.nfvo.catalogue.mano.record.NetworkServiceRecord.vnf_dependency, querySpaceUid=<gen:14>, path=org.project.neutrino.nfvo.catalogue.mano.record.NetworkServiceRecord.vnf_dependency)
             - (collection element) CollectionFetchableElementEntityGraph(entity=org.project.neutrino.nfvo.catalogue.mano.common.VNFDependency, querySpaceUid=<gen:15>, path=org.project.neutrino.nfvo.catalogue.mano.record.NetworkServiceRecord.vnf_dependency.<elements>)
          - CollectionAttributeFetchImpl(collection=org.project.neutrino.nfvo.catalogue.mano.record.NetworkServiceRecord.vnffgr, querySpaceUid=<gen:16>, path=org.project.neutrino.nfvo.catalogue.mano.record.NetworkServiceRecord.vnffgr)
             - (collection element) CollectionFetchableElementEntityGraph(entity=org.project.neutrino.nfvo.catalogue.mano.descriptor.VNFForwardingGraph, querySpaceUid=<gen:17>, path=org.project.neutrino.nfvo.catalogue.mano.record.NetworkServiceRecord.vnffgr.<elements>)
          - EntityAttributeFetchImpl(entity=org.project.neutrino.nfvo.catalogue.mano.record.VirtualNetworkFunctionRecord, querySpaceUid=<gen:18>, path=org.project.neutrino.nfvo.catalogue.mano.record.NetworkServiceRecord.vnfr)
    - QuerySpaces
       - EntityQuerySpaceImpl(uid=<gen:0>, entity=org.project.neutrino.nfvo.catalogue.mano.record.NetworkServiceRecord)
          - SQL table alias mapping - networkser0_
          - alias suffix - 0_
          - suffixed key columns - {id1_18_0_}

13:23:06.596 [Test worker] DEBUG o.h.loader.entity.plan.EntityLoader - Static select for entity org.project.neutrino.nfvo.catalogue.mano.record.NetworkServiceRecord [UPGRADE]: select networkser0_.id as id1_18_0_, networkser0_.audit_log as audit_lo2_18_0_, networkser0_.descriptor_reference_Id as descript9_18_0_, networkser0_.lifecycle_event_id as lifecyc10_18_0_, networkser0_.notification as notifica3_18_0_, networkser0_.resource_reservation as resource4_18_0_, networkser0_.runtime_policy_info as runtime_5_18_0_, networkser0_.service_deployment_flavour_id as service11_18_0_, networkser0_.status as status6_18_0_, networkser0_.vendor as vendor7_18_0_, networkser0_.version as version8_18_0_, networkser0_.vnfr_id as vnfr_id12_18_0_ from network_service_record networkser0_ where networkser0_.id=? for update
13:23:06.596 [Test worker] DEBUG o.h.l.p.b.i.spaces.QuerySpacesImpl - Adding QuerySpace : uid = <gen:0> -> org.hibernate.loader.plan.build.internal.spaces.EntityQuerySpaceImpl@4f7dde01]
13:23:06.596 [Test worker] DEBUG o.h.p.w.spi.MetamodelGraphWalker - Visiting attribute path : audit_log
13:23:06.596 [Test worker] DEBUG o.h.p.w.spi.MetamodelGraphWalker - Visiting attribute path : auto_scale_policy
13:23:06.596 [Test worker] DEBUG o.h.l.p.b.i.spaces.QuerySpacesImpl - Adding QuerySpace : uid = <gen:1> -> org.hibernate.loader.plan.build.internal.spaces.CollectionQuerySpaceImpl@914ffbb]
13:23:06.596 [Test worker] DEBUG o.h.l.p.b.i.spaces.QuerySpacesImpl - Adding QuerySpace : uid = <gen:2> -> org.hibernate.loader.plan.build.internal.spaces.EntityQuerySpaceImpl@41a152a5]
13:23:06.597 [Test worker] DEBUG o.h.p.w.spi.MetamodelGraphWalker - Visiting attribute path : connection_point
13:23:06.597 [Test worker] DEBUG o.h.l.p.b.i.spaces.QuerySpacesImpl - Adding QuerySpace : uid = <gen:3> -> org.hibernate.loader.plan.build.internal.spaces.CollectionQuerySpaceImpl@4638f04c]
13:23:06.597 [Test worker] DEBUG o.h.l.p.b.i.spaces.QuerySpacesImpl - Adding QuerySpace : uid = <gen:4> -> org.hibernate.loader.plan.build.internal.spaces.EntityQuerySpaceImpl@44283198]
13:23:06.597 [Test worker] DEBUG o.h.p.w.spi.MetamodelGraphWalker - Visiting attribute path : descriptor_reference
13:23:06.597 [Test worker] DEBUG o.h.l.p.b.i.spaces.QuerySpacesImpl - Adding QuerySpace : uid = <gen:5> -> org.hibernate.loader.plan.build.internal.spaces.EntityQuerySpaceImpl@2ad0151d]
13:23:06.597 [Test worker] DEBUG o.h.p.w.spi.MetamodelGraphWalker - Visiting attribute path : lifecycle_event
13:23:06.597 [Test worker] DEBUG o.h.l.p.b.i.spaces.QuerySpacesImpl - Adding QuerySpace : uid = <gen:6> -> org.hibernate.loader.plan.build.internal.spaces.EntityQuerySpaceImpl@431a38e0]
13:23:06.598 [Test worker] DEBUG o.h.p.w.spi.MetamodelGraphWalker - Visiting attribute path : lifecycle_event_history
13:23:06.598 [Test worker] DEBUG o.h.l.p.b.i.spaces.QuerySpacesImpl - Adding QuerySpace : uid = <gen:7> -> org.hibernate.loader.plan.build.internal.spaces.CollectionQuerySpaceImpl@6e8c1c8a]
13:23:06.598 [Test worker] DEBUG o.h.l.p.b.i.spaces.QuerySpacesImpl - Adding QuerySpace : uid = <gen:8> -> org.hibernate.loader.plan.build.internal.spaces.EntityQuerySpaceImpl@30a5e0b9]
13:23:06.598 [Test worker] DEBUG o.h.p.w.spi.MetamodelGraphWalker - Visiting attribute path : monitoring_parameter
13:23:06.598 [Test worker] DEBUG o.h.p.w.spi.MetamodelGraphWalker - Visiting attribute path : notification
13:23:06.598 [Test worker] DEBUG o.h.p.w.spi.MetamodelGraphWalker - Visiting attribute path : pnfr
13:23:06.598 [Test worker] DEBUG o.h.l.p.b.i.spaces.QuerySpacesImpl - Adding QuerySpace : uid = <gen:9> -> org.hibernate.loader.plan.build.internal.spaces.CollectionQuerySpaceImpl@5a44aaa2]
13:23:06.598 [Test worker] DEBUG o.h.l.p.b.i.spaces.QuerySpacesImpl - Adding QuerySpace : uid = <gen:10> -> org.hibernate.loader.plan.build.internal.spaces.EntityQuerySpaceImpl@521e9ffa]
13:23:06.599 [Test worker] DEBUG o.h.p.w.spi.MetamodelGraphWalker - Visiting attribute path : resource_reservation
13:23:06.599 [Test worker] DEBUG o.h.p.w.spi.MetamodelGraphWalker - Visiting attribute path : runtime_policy_info
13:23:06.599 [Test worker] DEBUG o.h.p.w.spi.MetamodelGraphWalker - Visiting attribute path : service_deployment_flavour
13:23:06.599 [Test worker] DEBUG o.h.l.p.b.i.spaces.QuerySpacesImpl - Adding QuerySpace : uid = <gen:11> -> org.hibernate.loader.plan.build.internal.spaces.EntityQuerySpaceImpl@58990034]
13:23:06.599 [Test worker] DEBUG o.h.p.w.spi.MetamodelGraphWalker - Visiting attribute path : status
13:23:06.599 [Test worker] DEBUG o.h.p.w.spi.MetamodelGraphWalker - Visiting attribute path : vendor
13:23:06.599 [Test worker] DEBUG o.h.p.w.spi.MetamodelGraphWalker - Visiting attribute path : version
13:23:06.599 [Test worker] DEBUG o.h.p.w.spi.MetamodelGraphWalker - Visiting attribute path : vlr
13:23:06.599 [Test worker] DEBUG o.h.l.p.b.i.spaces.QuerySpacesImpl - Adding QuerySpace : uid = <gen:12> -> org.hibernate.loader.plan.build.internal.spaces.CollectionQuerySpaceImpl@24dc835d]
13:23:06.599 [Test worker] DEBUG o.h.l.p.b.i.spaces.QuerySpacesImpl - Adding QuerySpace : uid = <gen:13> -> org.hibernate.loader.plan.build.internal.spaces.EntityQuerySpaceImpl@9346193]
13:23:06.599 [Test worker] DEBUG o.h.p.w.spi.MetamodelGraphWalker - Visiting attribute path : vnf_dependency
13:23:06.600 [Test worker] DEBUG o.h.l.p.b.i.spaces.QuerySpacesImpl - Adding QuerySpace : uid = <gen:14> -> org.hibernate.loader.plan.build.internal.spaces.CollectionQuerySpaceImpl@4df1fe9d]
13:23:06.600 [Test worker] DEBUG o.h.l.p.b.i.spaces.QuerySpacesImpl - Adding QuerySpace : uid = <gen:15> -> org.hibernate.loader.plan.build.internal.spaces.EntityQuerySpaceImpl@4a831d65]
13:23:06.600 [Test worker] DEBUG o.h.p.w.spi.MetamodelGraphWalker - Visiting attribute path : vnffgr
13:23:06.600 [Test worker] DEBUG o.h.l.p.b.i.spaces.QuerySpacesImpl - Adding QuerySpace : uid = <gen:16> -> org.hibernate.loader.plan.build.internal.spaces.CollectionQuerySpaceImpl@65fef81a]
13:23:06.600 [Test worker] DEBUG o.h.l.p.b.i.spaces.QuerySpacesImpl - Adding QuerySpace : uid = <gen:17> -> org.hibernate.loader.plan.build.internal.spaces.EntityQuerySpaceImpl@4652a746]
13:23:06.600 [Test worker] DEBUG o.h.p.w.spi.MetamodelGraphWalker - Visiting attribute path : vnfr
13:23:06.601 [Test worker] DEBUG o.h.l.p.b.i.spaces.QuerySpacesImpl - Adding QuerySpace : uid = <gen:18> -> org.hibernate.loader.plan.build.internal.spaces.EntityQuerySpaceImpl@5c6408bb]
13:23:06.602 [Test worker] DEBUG o.h.l.p.b.i.FetchStyleLoadPlanBuildingAssociationVisitationStrategy - Building LoadPlan...
13:23:06.603 [Test worker] DEBUG o.h.l.p.e.i.LoadQueryJoinAndFetchProcessor - processing queryspace <gen:0>
13:23:06.604 [Test worker] DEBUG o.h.l.p.b.spi.LoadPlanTreePrinter - LoadPlan(entity=org.project.neutrino.nfvo.catalogue.mano.record.NetworkServiceRecord)
    - Returns
       - EntityReturnImpl(entity=org.project.neutrino.nfvo.catalogue.mano.record.NetworkServiceRecord, querySpaceUid=<gen:0>, path=org.project.neutrino.nfvo.catalogue.mano.record.NetworkServiceRecord)
          - CollectionAttributeFetchImpl(collection=org.project.neutrino.nfvo.catalogue.mano.record.NetworkServiceRecord.auto_scale_policy, querySpaceUid=<gen:1>, path=org.project.neutrino.nfvo.catalogue.mano.record.NetworkServiceRecord.auto_scale_policy)
             - (collection element) CollectionFetchableElementEntityGraph(entity=org.project.neutrino.nfvo.catalogue.mano.common.AutoScalePolicy, querySpaceUid=<gen:2>, path=org.project.neutrino.nfvo.catalogue.mano.record.NetworkServiceRecord.auto_scale_policy.<elements>)
          - CollectionAttributeFetchImpl(collection=org.project.neutrino.nfvo.catalogue.mano.record.NetworkServiceRecord.connection_point, querySpaceUid=<gen:3>, path=org.project.neutrino.nfvo.catalogue.mano.record.NetworkServiceRecord.connection_point)
             - (collection element) CollectionFetchableElementEntityGraph(entity=org.project.neutrino.nfvo.catalogue.mano.common.ConnectionPoint, querySpaceUid=<gen:4>, path=org.project.neutrino.nfvo.catalogue.mano.record.NetworkServiceRecord.connection_point.<elements>)
          - EntityAttributeFetchImpl(entity=org.project.neutrino.nfvo.catalogue.mano.common.NFVEntityDescriptor, querySpaceUid=<gen:5>, path=org.project.neutrino.nfvo.catalogue.mano.record.NetworkServiceRecord.descriptor_reference)
          - EntityAttributeFetchImpl(entity=org.project.neutrino.nfvo.catalogue.mano.common.LifecycleEvent, querySpaceUid=<gen:6>, path=org.project.neutrino.nfvo.catalogue.mano.record.NetworkServiceRecord.lifecycle_event)
          - CollectionAttributeFetchImpl(collection=org.project.neutrino.nfvo.catalogue.mano.record.NetworkServiceRecord.lifecycle_event_history, querySpaceUid=<gen:7>, path=org.project.neutrino.nfvo.catalogue.mano.record.NetworkServiceRecord.lifecycle_event_history)
             - (collection element) CollectionFetchableElementEntityGraph(entity=org.project.neutrino.nfvo.catalogue.mano.common.LifecycleEvent, querySpaceUid=<gen:8>, path=org.project.neutrino.nfvo.catalogue.mano.record.NetworkServiceRecord.lifecycle_event_history.<elements>)
          - CollectionAttributeFetchImpl(collection=org.project.neutrino.nfvo.catalogue.mano.record.NetworkServiceRecord.pnfr, querySpaceUid=<gen:9>, path=org.project.neutrino.nfvo.catalogue.mano.record.NetworkServiceRecord.pnfr)
             - (collection element) CollectionFetchableElementEntityGraph(entity=org.project.neutrino.nfvo.catalogue.mano.record.PhysicalNetworkFunctionRecord, querySpaceUid=<gen:10>, path=org.project.neutrino.nfvo.catalogue.mano.record.NetworkServiceRecord.pnfr.<elements>)
          - EntityAttributeFetchImpl(entity=org.project.neutrino.nfvo.catalogue.mano.common.ServiceDeploymentFlavour, querySpaceUid=<gen:11>, path=org.project.neutrino.nfvo.catalogue.mano.record.NetworkServiceRecord.service_deployment_flavour)
          - CollectionAttributeFetchImpl(collection=org.project.neutrino.nfvo.catalogue.mano.record.NetworkServiceRecord.vlr, querySpaceUid=<gen:12>, path=org.project.neutrino.nfvo.catalogue.mano.record.NetworkServiceRecord.vlr)
             - (collection element) CollectionFetchableElementEntityGraph(entity=org.project.neutrino.nfvo.catalogue.mano.record.VirtualLinkRecord, querySpaceUid=<gen:13>, path=org.project.neutrino.nfvo.catalogue.mano.record.NetworkServiceRecord.vlr.<elements>)
          - CollectionAttributeFetchImpl(collection=org.project.neutrino.nfvo.catalogue.mano.record.NetworkServiceRecord.vnf_dependency, querySpaceUid=<gen:14>, path=org.project.neutrino.nfvo.catalogue.mano.record.NetworkServiceRecord.vnf_dependency)
             - (collection element) CollectionFetchableElementEntityGraph(entity=org.project.neutrino.nfvo.catalogue.mano.common.VNFDependency, querySpaceUid=<gen:15>, path=org.project.neutrino.nfvo.catalogue.mano.record.NetworkServiceRecord.vnf_dependency.<elements>)
          - CollectionAttributeFetchImpl(collection=org.project.neutrino.nfvo.catalogue.mano.record.NetworkServiceRecord.vnffgr, querySpaceUid=<gen:16>, path=org.project.neutrino.nfvo.catalogue.mano.record.NetworkServiceRecord.vnffgr)
             - (collection element) CollectionFetchableElementEntityGraph(entity=org.project.neutrino.nfvo.catalogue.mano.descriptor.VNFForwardingGraph, querySpaceUid=<gen:17>, path=org.project.neutrino.nfvo.catalogue.mano.record.NetworkServiceRecord.vnffgr.<elements>)
          - EntityAttributeFetchImpl(entity=org.project.neutrino.nfvo.catalogue.mano.record.VirtualNetworkFunctionRecord, querySpaceUid=<gen:18>, path=org.project.neutrino.nfvo.catalogue.mano.record.NetworkServiceRecord.vnfr)
    - QuerySpaces
       - EntityQuerySpaceImpl(uid=<gen:0>, entity=org.project.neutrino.nfvo.catalogue.mano.record.NetworkServiceRecord)
          - SQL table alias mapping - networkser0_
          - alias suffix - 0_
          - suffixed key columns - {id1_18_0_}

13:23:06.604 [Test worker] DEBUG o.h.loader.entity.plan.EntityLoader - Static select for entity org.project.neutrino.nfvo.catalogue.mano.record.NetworkServiceRecord [UPGRADE_NOWAIT]: select networkser0_.id as id1_18_0_, networkser0_.audit_log as audit_lo2_18_0_, networkser0_.descriptor_reference_Id as descript9_18_0_, networkser0_.lifecycle_event_id as lifecyc10_18_0_, networkser0_.notification as notifica3_18_0_, networkser0_.resource_reservation as resource4_18_0_, networkser0_.runtime_policy_info as runtime_5_18_0_, networkser0_.service_deployment_flavour_id as service11_18_0_, networkser0_.status as status6_18_0_, networkser0_.vendor as vendor7_18_0_, networkser0_.version as version8_18_0_, networkser0_.vnfr_id as vnfr_id12_18_0_ from network_service_record networkser0_ where networkser0_.id=? for update
13:23:06.604 [Test worker] DEBUG o.h.l.p.b.i.spaces.QuerySpacesImpl - Adding QuerySpace : uid = <gen:0> -> org.hibernate.loader.plan.build.internal.spaces.EntityQuerySpaceImpl@2b795c60]
13:23:06.605 [Test worker] DEBUG o.h.p.w.spi.MetamodelGraphWalker - Visiting attribute path : audit_log
13:23:06.605 [Test worker] DEBUG o.h.p.w.spi.MetamodelGraphWalker - Visiting attribute path : auto_scale_policy
13:23:06.605 [Test worker] DEBUG o.h.l.p.b.i.spaces.QuerySpacesImpl - Adding QuerySpace : uid = <gen:1> -> org.hibernate.loader.plan.build.internal.spaces.CollectionQuerySpaceImpl@2a25a4d7]
13:23:06.605 [Test worker] DEBUG o.h.l.p.b.i.spaces.QuerySpacesImpl - Adding QuerySpace : uid = <gen:2> -> org.hibernate.loader.plan.build.internal.spaces.EntityQuerySpaceImpl@d6934df]
13:23:06.605 [Test worker] DEBUG o.h.p.w.spi.MetamodelGraphWalker - Visiting attribute path : connection_point
13:23:06.605 [Test worker] DEBUG o.h.l.p.b.i.spaces.QuerySpacesImpl - Adding QuerySpace : uid = <gen:3> -> org.hibernate.loader.plan.build.internal.spaces.CollectionQuerySpaceImpl@760e2359]
13:23:06.606 [Test worker] DEBUG o.h.l.p.b.i.spaces.QuerySpacesImpl - Adding QuerySpace : uid = <gen:4> -> org.hibernate.loader.plan.build.internal.spaces.EntityQuerySpaceImpl@1a32e49c]
13:23:06.606 [Test worker] DEBUG o.h.p.w.spi.MetamodelGraphWalker - Visiting attribute path : descriptor_reference
13:23:06.606 [Test worker] DEBUG o.h.l.p.b.i.spaces.QuerySpacesImpl - Adding QuerySpace : uid = <gen:5> -> org.hibernate.loader.plan.build.internal.spaces.EntityQuerySpaceImpl@33ecb34]
13:23:06.606 [Test worker] DEBUG o.h.p.w.spi.MetamodelGraphWalker - Visiting attribute path : lifecycle_event
13:23:06.606 [Test worker] DEBUG o.h.l.p.b.i.spaces.QuerySpacesImpl - Adding QuerySpace : uid = <gen:6> -> org.hibernate.loader.plan.build.internal.spaces.EntityQuerySpaceImpl@f8ec496]
13:23:06.606 [Test worker] DEBUG o.h.p.w.spi.MetamodelGraphWalker - Visiting attribute path : lifecycle_event_history
13:23:06.606 [Test worker] DEBUG o.h.l.p.b.i.spaces.QuerySpacesImpl - Adding QuerySpace : uid = <gen:7> -> org.hibernate.loader.plan.build.internal.spaces.CollectionQuerySpaceImpl@660c5bd4]
13:23:06.607 [Test worker] DEBUG o.h.l.p.b.i.spaces.QuerySpacesImpl - Adding QuerySpace : uid = <gen:8> -> org.hibernate.loader.plan.build.internal.spaces.EntityQuerySpaceImpl@3560efa3]
13:23:06.607 [Test worker] DEBUG o.h.p.w.spi.MetamodelGraphWalker - Visiting attribute path : monitoring_parameter
13:23:06.607 [Test worker] DEBUG o.h.p.w.spi.MetamodelGraphWalker - Visiting attribute path : notification
13:23:06.607 [Test worker] DEBUG o.h.p.w.spi.MetamodelGraphWalker - Visiting attribute path : pnfr
13:23:06.607 [Test worker] DEBUG o.h.l.p.b.i.spaces.QuerySpacesImpl - Adding QuerySpace : uid = <gen:9> -> org.hibernate.loader.plan.build.internal.spaces.CollectionQuerySpaceImpl@6f14d1b5]
13:23:06.607 [Test worker] DEBUG o.h.l.p.b.i.spaces.QuerySpacesImpl - Adding QuerySpace : uid = <gen:10> -> org.hibernate.loader.plan.build.internal.spaces.EntityQuerySpaceImpl@3fd3fb0c]
13:23:06.607 [Test worker] DEBUG o.h.p.w.spi.MetamodelGraphWalker - Visiting attribute path : resource_reservation
13:23:06.607 [Test worker] DEBUG o.h.p.w.spi.MetamodelGraphWalker - Visiting attribute path : runtime_policy_info
13:23:06.607 [Test worker] DEBUG o.h.p.w.spi.MetamodelGraphWalker - Visiting attribute path : service_deployment_flavour
13:23:06.607 [Test worker] DEBUG o.h.l.p.b.i.spaces.QuerySpacesImpl - Adding QuerySpace : uid = <gen:11> -> org.hibernate.loader.plan.build.internal.spaces.EntityQuerySpaceImpl@7606f190]
13:23:06.607 [Test worker] DEBUG o.h.p.w.spi.MetamodelGraphWalker - Visiting attribute path : status
13:23:06.607 [Test worker] DEBUG o.h.p.w.spi.MetamodelGraphWalker - Visiting attribute path : vendor
13:23:06.607 [Test worker] DEBUG o.h.p.w.spi.MetamodelGraphWalker - Visiting attribute path : version
13:23:06.607 [Test worker] DEBUG o.h.p.w.spi.MetamodelGraphWalker - Visiting attribute path : vlr
13:23:06.607 [Test worker] DEBUG o.h.l.p.b.i.spaces.QuerySpacesImpl - Adding QuerySpace : uid = <gen:12> -> org.hibernate.loader.plan.build.internal.spaces.CollectionQuerySpaceImpl@41dd6179]
13:23:06.607 [Test worker] DEBUG o.h.l.p.b.i.spaces.QuerySpacesImpl - Adding QuerySpace : uid = <gen:13> -> org.hibernate.loader.plan.build.internal.spaces.EntityQuerySpaceImpl@2d2a70b7]
13:23:06.607 [Test worker] DEBUG o.h.p.w.spi.MetamodelGraphWalker - Visiting attribute path : vnf_dependency
13:23:06.608 [Test worker] DEBUG o.h.l.p.b.i.spaces.QuerySpacesImpl - Adding QuerySpace : uid = <gen:14> -> org.hibernate.loader.plan.build.internal.spaces.CollectionQuerySpaceImpl@3d4e158b]
13:23:06.608 [Test worker] DEBUG o.h.l.p.b.i.spaces.QuerySpacesImpl - Adding QuerySpace : uid = <gen:15> -> org.hibernate.loader.plan.build.internal.spaces.EntityQuerySpaceImpl@5168781e]
13:23:06.608 [Test worker] DEBUG o.h.p.w.spi.MetamodelGraphWalker - Visiting attribute path : vnffgr
13:23:06.608 [Test worker] DEBUG o.h.l.p.b.i.spaces.QuerySpacesImpl - Adding QuerySpace : uid = <gen:16> -> org.hibernate.loader.plan.build.internal.spaces.CollectionQuerySpaceImpl@21a62353]
13:23:06.608 [Test worker] DEBUG o.h.l.p.b.i.spaces.QuerySpacesImpl - Adding QuerySpace : uid = <gen:17> -> org.hibernate.loader.plan.build.internal.spaces.EntityQuerySpaceImpl@22592f67]
13:23:06.608 [Test worker] DEBUG o.h.p.w.spi.MetamodelGraphWalker - Visiting attribute path : vnfr
13:23:06.608 [Test worker] DEBUG o.h.l.p.b.i.spaces.QuerySpacesImpl - Adding QuerySpace : uid = <gen:18> -> org.hibernate.loader.plan.build.internal.spaces.EntityQuerySpaceImpl@d3724cf]
13:23:06.608 [Test worker] DEBUG o.h.l.p.b.i.FetchStyleLoadPlanBuildingAssociationVisitationStrategy - Building LoadPlan...
13:23:06.609 [Test worker] DEBUG o.h.l.p.e.i.LoadQueryJoinAndFetchProcessor - processing queryspace <gen:0>
13:23:06.610 [Test worker] DEBUG o.h.l.p.b.spi.LoadPlanTreePrinter - LoadPlan(entity=org.project.neutrino.nfvo.catalogue.mano.record.NetworkServiceRecord)
    - Returns
       - EntityReturnImpl(entity=org.project.neutrino.nfvo.catalogue.mano.record.NetworkServiceRecord, querySpaceUid=<gen:0>, path=org.project.neutrino.nfvo.catalogue.mano.record.NetworkServiceRecord)
          - CollectionAttributeFetchImpl(collection=org.project.neutrino.nfvo.catalogue.mano.record.NetworkServiceRecord.auto_scale_policy, querySpaceUid=<gen:1>, path=org.project.neutrino.nfvo.catalogue.mano.record.NetworkServiceRecord.auto_scale_policy)
             - (collection element) CollectionFetchableElementEntityGraph(entity=org.project.neutrino.nfvo.catalogue.mano.common.AutoScalePolicy, querySpaceUid=<gen:2>, path=org.project.neutrino.nfvo.catalogue.mano.record.NetworkServiceRecord.auto_scale_policy.<elements>)
          - CollectionAttributeFetchImpl(collection=org.project.neutrino.nfvo.catalogue.mano.record.NetworkServiceRecord.connection_point, querySpaceUid=<gen:3>, path=org.project.neutrino.nfvo.catalogue.mano.record.NetworkServiceRecord.connection_point)
             - (collection element) CollectionFetchableElementEntityGraph(entity=org.project.neutrino.nfvo.catalogue.mano.common.ConnectionPoint, querySpaceUid=<gen:4>, path=org.project.neutrino.nfvo.catalogue.mano.record.NetworkServiceRecord.connection_point.<elements>)
          - EntityAttributeFetchImpl(entity=org.project.neutrino.nfvo.catalogue.mano.common.NFVEntityDescriptor, querySpaceUid=<gen:5>, path=org.project.neutrino.nfvo.catalogue.mano.record.NetworkServiceRecord.descriptor_reference)
          - EntityAttributeFetchImpl(entity=org.project.neutrino.nfvo.catalogue.mano.common.LifecycleEvent, querySpaceUid=<gen:6>, path=org.project.neutrino.nfvo.catalogue.mano.record.NetworkServiceRecord.lifecycle_event)
          - CollectionAttributeFetchImpl(collection=org.project.neutrino.nfvo.catalogue.mano.record.NetworkServiceRecord.lifecycle_event_history, querySpaceUid=<gen:7>, path=org.project.neutrino.nfvo.catalogue.mano.record.NetworkServiceRecord.lifecycle_event_history)
             - (collection element) CollectionFetchableElementEntityGraph(entity=org.project.neutrino.nfvo.catalogue.mano.common.LifecycleEvent, querySpaceUid=<gen:8>, path=org.project.neutrino.nfvo.catalogue.mano.record.NetworkServiceRecord.lifecycle_event_history.<elements>)
          - CollectionAttributeFetchImpl(collection=org.project.neutrino.nfvo.catalogue.mano.record.NetworkServiceRecord.pnfr, querySpaceUid=<gen:9>, path=org.project.neutrino.nfvo.catalogue.mano.record.NetworkServiceRecord.pnfr)
             - (collection element) CollectionFetchableElementEntityGraph(entity=org.project.neutrino.nfvo.catalogue.mano.record.PhysicalNetworkFunctionRecord, querySpaceUid=<gen:10>, path=org.project.neutrino.nfvo.catalogue.mano.record.NetworkServiceRecord.pnfr.<elements>)
          - EntityAttributeFetchImpl(entity=org.project.neutrino.nfvo.catalogue.mano.common.ServiceDeploymentFlavour, querySpaceUid=<gen:11>, path=org.project.neutrino.nfvo.catalogue.mano.record.NetworkServiceRecord.service_deployment_flavour)
          - CollectionAttributeFetchImpl(collection=org.project.neutrino.nfvo.catalogue.mano.record.NetworkServiceRecord.vlr, querySpaceUid=<gen:12>, path=org.project.neutrino.nfvo.catalogue.mano.record.NetworkServiceRecord.vlr)
             - (collection element) CollectionFetchableElementEntityGraph(entity=org.project.neutrino.nfvo.catalogue.mano.record.VirtualLinkRecord, querySpaceUid=<gen:13>, path=org.project.neutrino.nfvo.catalogue.mano.record.NetworkServiceRecord.vlr.<elements>)
          - CollectionAttributeFetchImpl(collection=org.project.neutrino.nfvo.catalogue.mano.record.NetworkServiceRecord.vnf_dependency, querySpaceUid=<gen:14>, path=org.project.neutrino.nfvo.catalogue.mano.record.NetworkServiceRecord.vnf_dependency)
             - (collection element) CollectionFetchableElementEntityGraph(entity=org.project.neutrino.nfvo.catalogue.mano.common.VNFDependency, querySpaceUid=<gen:15>, path=org.project.neutrino.nfvo.catalogue.mano.record.NetworkServiceRecord.vnf_dependency.<elements>)
          - CollectionAttributeFetchImpl(collection=org.project.neutrino.nfvo.catalogue.mano.record.NetworkServiceRecord.vnffgr, querySpaceUid=<gen:16>, path=org.project.neutrino.nfvo.catalogue.mano.record.NetworkServiceRecord.vnffgr)
             - (collection element) CollectionFetchableElementEntityGraph(entity=org.project.neutrino.nfvo.catalogue.mano.descriptor.VNFForwardingGraph, querySpaceUid=<gen:17>, path=org.project.neutrino.nfvo.catalogue.mano.record.NetworkServiceRecord.vnffgr.<elements>)
          - EntityAttributeFetchImpl(entity=org.project.neutrino.nfvo.catalogue.mano.record.VirtualNetworkFunctionRecord, querySpaceUid=<gen:18>, path=org.project.neutrino.nfvo.catalogue.mano.record.NetworkServiceRecord.vnfr)
    - QuerySpaces
       - EntityQuerySpaceImpl(uid=<gen:0>, entity=org.project.neutrino.nfvo.catalogue.mano.record.NetworkServiceRecord)
          - SQL table alias mapping - networkser0_
          - alias suffix - 0_
          - suffixed key columns - {id1_18_0_}

13:23:06.610 [Test worker] DEBUG o.h.loader.entity.plan.EntityLoader - Static select for entity org.project.neutrino.nfvo.catalogue.mano.record.NetworkServiceRecord [UPGRADE_SKIPLOCKED]: select networkser0_.id as id1_18_0_, networkser0_.audit_log as audit_lo2_18_0_, networkser0_.descriptor_reference_Id as descript9_18_0_, networkser0_.lifecycle_event_id as lifecyc10_18_0_, networkser0_.notification as notifica3_18_0_, networkser0_.resource_reservation as resource4_18_0_, networkser0_.runtime_policy_info as runtime_5_18_0_, networkser0_.service_deployment_flavour_id as service11_18_0_, networkser0_.status as status6_18_0_, networkser0_.vendor as vendor7_18_0_, networkser0_.version as version8_18_0_, networkser0_.vnfr_id as vnfr_id12_18_0_ from network_service_record networkser0_ where networkser0_.id=? for update
13:23:06.610 [Test worker] DEBUG o.h.l.p.b.i.spaces.QuerySpacesImpl - Adding QuerySpace : uid = <gen:0> -> org.hibernate.loader.plan.build.internal.spaces.EntityQuerySpaceImpl@1f5198d0]
13:23:06.611 [Test worker] DEBUG o.h.p.w.spi.MetamodelGraphWalker - Visiting attribute path : audit_log
13:23:06.611 [Test worker] DEBUG o.h.p.w.spi.MetamodelGraphWalker - Visiting attribute path : auto_scale_policy
13:23:06.611 [Test worker] DEBUG o.h.l.p.b.i.spaces.QuerySpacesImpl - Adding QuerySpace : uid = <gen:1> -> org.hibernate.loader.plan.build.internal.spaces.CollectionQuerySpaceImpl@3a6e99c1]
13:23:06.611 [Test worker] DEBUG o.h.l.p.b.i.spaces.QuerySpacesImpl - Adding QuerySpace : uid = <gen:2> -> org.hibernate.loader.plan.build.internal.spaces.EntityQuerySpaceImpl@33306bdf]
13:23:06.611 [Test worker] DEBUG o.h.p.w.spi.MetamodelGraphWalker - Visiting attribute path : connection_point
13:23:06.611 [Test worker] DEBUG o.h.l.p.b.i.spaces.QuerySpacesImpl - Adding QuerySpace : uid = <gen:3> -> org.hibernate.loader.plan.build.internal.spaces.CollectionQuerySpaceImpl@2ffa17ba]
13:23:06.611 [Test worker] DEBUG o.h.l.p.b.i.spaces.QuerySpacesImpl - Adding QuerySpace : uid = <gen:4> -> org.hibernate.loader.plan.build.internal.spaces.EntityQuerySpaceImpl@4c2bccf1]
13:23:06.612 [Test worker] DEBUG o.h.p.w.spi.MetamodelGraphWalker - Visiting attribute path : descriptor_reference
13:23:06.612 [Test worker] DEBUG o.h.l.p.b.i.spaces.QuerySpacesImpl - Adding QuerySpace : uid = <gen:5> -> org.hibernate.loader.plan.build.internal.spaces.EntityQuerySpaceImpl@4f9c0948]
13:23:06.612 [Test worker] DEBUG o.h.p.w.spi.MetamodelGraphWalker - Visiting attribute path : lifecycle_event
13:23:06.612 [Test worker] DEBUG o.h.l.p.b.i.spaces.QuerySpacesImpl - Adding QuerySpace : uid = <gen:6> -> org.hibernate.loader.plan.build.internal.spaces.EntityQuerySpaceImpl@d257ecd]
13:23:06.612 [Test worker] DEBUG o.h.p.w.spi.MetamodelGraphWalker - Visiting attribute path : lifecycle_event_history
13:23:06.612 [Test worker] DEBUG o.h.l.p.b.i.spaces.QuerySpacesImpl - Adding QuerySpace : uid = <gen:7> -> org.hibernate.loader.plan.build.internal.spaces.CollectionQuerySpaceImpl@18a7cb79]
13:23:06.612 [Test worker] DEBUG o.h.l.p.b.i.spaces.QuerySpacesImpl - Adding QuerySpace : uid = <gen:8> -> org.hibernate.loader.plan.build.internal.spaces.EntityQuerySpaceImpl@301f8194]
13:23:06.612 [Test worker] DEBUG o.h.p.w.spi.MetamodelGraphWalker - Visiting attribute path : monitoring_parameter
13:23:06.612 [Test worker] DEBUG o.h.p.w.spi.MetamodelGraphWalker - Visiting attribute path : notification
13:23:06.612 [Test worker] DEBUG o.h.p.w.spi.MetamodelGraphWalker - Visiting attribute path : pnfr
13:23:06.612 [Test worker] DEBUG o.h.l.p.b.i.spaces.QuerySpacesImpl - Adding QuerySpace : uid = <gen:9> -> org.hibernate.loader.plan.build.internal.spaces.CollectionQuerySpaceImpl@6474343a]
13:23:06.613 [Test worker] DEBUG o.h.l.p.b.i.spaces.QuerySpacesImpl - Adding QuerySpace : uid = <gen:10> -> org.hibernate.loader.plan.build.internal.spaces.EntityQuerySpaceImpl@910ff5c]
13:23:06.613 [Test worker] DEBUG o.h.p.w.spi.MetamodelGraphWalker - Visiting attribute path : resource_reservation
13:23:06.613 [Test worker] DEBUG o.h.p.w.spi.MetamodelGraphWalker - Visiting attribute path : runtime_policy_info
13:23:06.613 [Test worker] DEBUG o.h.p.w.spi.MetamodelGraphWalker - Visiting attribute path : service_deployment_flavour
13:23:06.613 [Test worker] DEBUG o.h.l.p.b.i.spaces.QuerySpacesImpl - Adding QuerySpace : uid = <gen:11> -> org.hibernate.loader.plan.build.internal.spaces.EntityQuerySpaceImpl@3aecf5aa]
13:23:06.613 [Test worker] DEBUG o.h.p.w.spi.MetamodelGraphWalker - Visiting attribute path : status
13:23:06.613 [Test worker] DEBUG o.h.p.w.spi.MetamodelGraphWalker - Visiting attribute path : vendor
13:23:06.613 [Test worker] DEBUG o.h.p.w.spi.MetamodelGraphWalker - Visiting attribute path : version
13:23:06.613 [Test worker] DEBUG o.h.p.w.spi.MetamodelGraphWalker - Visiting attribute path : vlr
13:23:06.613 [Test worker] DEBUG o.h.l.p.b.i.spaces.QuerySpacesImpl - Adding QuerySpace : uid = <gen:12> -> org.hibernate.loader.plan.build.internal.spaces.CollectionQuerySpaceImpl@1af48a1f]
13:23:06.613 [Test worker] DEBUG o.h.l.p.b.i.spaces.QuerySpacesImpl - Adding QuerySpace : uid = <gen:13> -> org.hibernate.loader.plan.build.internal.spaces.EntityQuerySpaceImpl@2c98070c]
13:23:06.613 [Test worker] DEBUG o.h.p.w.spi.MetamodelGraphWalker - Visiting attribute path : vnf_dependency
13:23:06.613 [Test worker] DEBUG o.h.l.p.b.i.spaces.QuerySpacesImpl - Adding QuerySpace : uid = <gen:14> -> org.hibernate.loader.plan.build.internal.spaces.CollectionQuerySpaceImpl@30f6bbb3]
13:23:06.613 [Test worker] DEBUG o.h.l.p.b.i.spaces.QuerySpacesImpl - Adding QuerySpace : uid = <gen:15> -> org.hibernate.loader.plan.build.internal.spaces.EntityQuerySpaceImpl@169cfde2]
13:23:06.613 [Test worker] DEBUG o.h.p.w.spi.MetamodelGraphWalker - Visiting attribute path : vnffgr
13:23:06.613 [Test worker] DEBUG o.h.l.p.b.i.spaces.QuerySpacesImpl - Adding QuerySpace : uid = <gen:16> -> org.hibernate.loader.plan.build.internal.spaces.CollectionQuerySpaceImpl@1ce00c07]
13:23:06.613 [Test worker] DEBUG o.h.l.p.b.i.spaces.QuerySpacesImpl - Adding QuerySpace : uid = <gen:17> -> org.hibernate.loader.plan.build.internal.spaces.EntityQuerySpaceImpl@3935ae60]
13:23:06.613 [Test worker] DEBUG o.h.p.w.spi.MetamodelGraphWalker - Visiting attribute path : vnfr
13:23:06.614 [Test worker] DEBUG o.h.l.p.b.i.spaces.QuerySpacesImpl - Adding QuerySpace : uid = <gen:18> -> org.hibernate.loader.plan.build.internal.spaces.EntityQuerySpaceImpl@734b3df7]
13:23:06.614 [Test worker] DEBUG o.h.l.p.b.i.FetchStyleLoadPlanBuildingAssociationVisitationStrategy - Building LoadPlan...
13:23:06.614 [Test worker] DEBUG o.h.l.p.e.i.LoadQueryJoinAndFetchProcessor - processing queryspace <gen:0>
13:23:06.615 [Test worker] DEBUG o.h.l.p.b.spi.LoadPlanTreePrinter - LoadPlan(entity=org.project.neutrino.nfvo.catalogue.mano.record.NetworkServiceRecord)
    - Returns
       - EntityReturnImpl(entity=org.project.neutrino.nfvo.catalogue.mano.record.NetworkServiceRecord, querySpaceUid=<gen:0>, path=org.project.neutrino.nfvo.catalogue.mano.record.NetworkServiceRecord)
          - CollectionAttributeFetchImpl(collection=org.project.neutrino.nfvo.catalogue.mano.record.NetworkServiceRecord.auto_scale_policy, querySpaceUid=<gen:1>, path=org.project.neutrino.nfvo.catalogue.mano.record.NetworkServiceRecord.auto_scale_policy)
             - (collection element) CollectionFetchableElementEntityGraph(entity=org.project.neutrino.nfvo.catalogue.mano.common.AutoScalePolicy, querySpaceUid=<gen:2>, path=org.project.neutrino.nfvo.catalogue.mano.record.NetworkServiceRecord.auto_scale_policy.<elements>)
          - CollectionAttributeFetchImpl(collection=org.project.neutrino.nfvo.catalogue.mano.record.NetworkServiceRecord.connection_point, querySpaceUid=<gen:3>, path=org.project.neutrino.nfvo.catalogue.mano.record.NetworkServiceRecord.connection_point)
             - (collection element) CollectionFetchableElementEntityGraph(entity=org.project.neutrino.nfvo.catalogue.mano.common.ConnectionPoint, querySpaceUid=<gen:4>, path=org.project.neutrino.nfvo.catalogue.mano.record.NetworkServiceRecord.connection_point.<elements>)
          - EntityAttributeFetchImpl(entity=org.project.neutrino.nfvo.catalogue.mano.common.NFVEntityDescriptor, querySpaceUid=<gen:5>, path=org.project.neutrino.nfvo.catalogue.mano.record.NetworkServiceRecord.descriptor_reference)
          - EntityAttributeFetchImpl(entity=org.project.neutrino.nfvo.catalogue.mano.common.LifecycleEvent, querySpaceUid=<gen:6>, path=org.project.neutrino.nfvo.catalogue.mano.record.NetworkServiceRecord.lifecycle_event)
          - CollectionAttributeFetchImpl(collection=org.project.neutrino.nfvo.catalogue.mano.record.NetworkServiceRecord.lifecycle_event_history, querySpaceUid=<gen:7>, path=org.project.neutrino.nfvo.catalogue.mano.record.NetworkServiceRecord.lifecycle_event_history)
             - (collection element) CollectionFetchableElementEntityGraph(entity=org.project.neutrino.nfvo.catalogue.mano.common.LifecycleEvent, querySpaceUid=<gen:8>, path=org.project.neutrino.nfvo.catalogue.mano.record.NetworkServiceRecord.lifecycle_event_history.<elements>)
          - CollectionAttributeFetchImpl(collection=org.project.neutrino.nfvo.catalogue.mano.record.NetworkServiceRecord.pnfr, querySpaceUid=<gen:9>, path=org.project.neutrino.nfvo.catalogue.mano.record.NetworkServiceRecord.pnfr)
             - (collection element) CollectionFetchableElementEntityGraph(entity=org.project.neutrino.nfvo.catalogue.mano.record.PhysicalNetworkFunctionRecord, querySpaceUid=<gen:10>, path=org.project.neutrino.nfvo.catalogue.mano.record.NetworkServiceRecord.pnfr.<elements>)
          - EntityAttributeFetchImpl(entity=org.project.neutrino.nfvo.catalogue.mano.common.ServiceDeploymentFlavour, querySpaceUid=<gen:11>, path=org.project.neutrino.nfvo.catalogue.mano.record.NetworkServiceRecord.service_deployment_flavour)
          - CollectionAttributeFetchImpl(collection=org.project.neutrino.nfvo.catalogue.mano.record.NetworkServiceRecord.vlr, querySpaceUid=<gen:12>, path=org.project.neutrino.nfvo.catalogue.mano.record.NetworkServiceRecord.vlr)
             - (collection element) CollectionFetchableElementEntityGraph(entity=org.project.neutrino.nfvo.catalogue.mano.record.VirtualLinkRecord, querySpaceUid=<gen:13>, path=org.project.neutrino.nfvo.catalogue.mano.record.NetworkServiceRecord.vlr.<elements>)
          - CollectionAttributeFetchImpl(collection=org.project.neutrino.nfvo.catalogue.mano.record.NetworkServiceRecord.vnf_dependency, querySpaceUid=<gen:14>, path=org.project.neutrino.nfvo.catalogue.mano.record.NetworkServiceRecord.vnf_dependency)
             - (collection element) CollectionFetchableElementEntityGraph(entity=org.project.neutrino.nfvo.catalogue.mano.common.VNFDependency, querySpaceUid=<gen:15>, path=org.project.neutrino.nfvo.catalogue.mano.record.NetworkServiceRecord.vnf_dependency.<elements>)
          - CollectionAttributeFetchImpl(collection=org.project.neutrino.nfvo.catalogue.mano.record.NetworkServiceRecord.vnffgr, querySpaceUid=<gen:16>, path=org.project.neutrino.nfvo.catalogue.mano.record.NetworkServiceRecord.vnffgr)
             - (collection element) CollectionFetchableElementEntityGraph(entity=org.project.neutrino.nfvo.catalogue.mano.descriptor.VNFForwardingGraph, querySpaceUid=<gen:17>, path=org.project.neutrino.nfvo.catalogue.mano.record.NetworkServiceRecord.vnffgr.<elements>)
          - EntityAttributeFetchImpl(entity=org.project.neutrino.nfvo.catalogue.mano.record.VirtualNetworkFunctionRecord, querySpaceUid=<gen:18>, path=org.project.neutrino.nfvo.catalogue.mano.record.NetworkServiceRecord.vnfr)
    - QuerySpaces
       - EntityQuerySpaceImpl(uid=<gen:0>, entity=org.project.neutrino.nfvo.catalogue.mano.record.NetworkServiceRecord)
          - SQL table alias mapping - networkser0_
          - alias suffix - 0_
          - suffixed key columns - {id1_18_0_}

13:23:06.615 [Test worker] DEBUG o.h.loader.entity.plan.EntityLoader - Static select for entity org.project.neutrino.nfvo.catalogue.mano.record.NetworkServiceRecord [FORCE]: select networkser0_.id as id1_18_0_, networkser0_.audit_log as audit_lo2_18_0_, networkser0_.descriptor_reference_Id as descript9_18_0_, networkser0_.lifecycle_event_id as lifecyc10_18_0_, networkser0_.notification as notifica3_18_0_, networkser0_.resource_reservation as resource4_18_0_, networkser0_.runtime_policy_info as runtime_5_18_0_, networkser0_.service_deployment_flavour_id as service11_18_0_, networkser0_.status as status6_18_0_, networkser0_.vendor as vendor7_18_0_, networkser0_.version as version8_18_0_, networkser0_.vnfr_id as vnfr_id12_18_0_ from network_service_record networkser0_ where networkser0_.id=? for update
13:23:06.615 [Test worker] DEBUG o.h.l.p.b.i.spaces.QuerySpacesImpl - Adding QuerySpace : uid = <gen:0> -> org.hibernate.loader.plan.build.internal.spaces.EntityQuerySpaceImpl@50d15e43]
13:23:06.615 [Test worker] DEBUG o.h.p.w.spi.MetamodelGraphWalker - Visiting attribute path : audit_log
13:23:06.615 [Test worker] DEBUG o.h.p.w.spi.MetamodelGraphWalker - Visiting attribute path : auto_scale_policy
13:23:06.615 [Test worker] DEBUG o.h.l.p.b.i.spaces.QuerySpacesImpl - Adding QuerySpace : uid = <gen:1> -> org.hibernate.loader.plan.build.internal.spaces.CollectionQuerySpaceImpl@b185a1c]
13:23:06.615 [Test worker] DEBUG o.h.l.p.b.i.spaces.QuerySpacesImpl - Adding QuerySpace : uid = <gen:2> -> org.hibernate.loader.plan.build.internal.spaces.EntityQuerySpaceImpl@6bc3e9f4]
13:23:06.615 [Test worker] DEBUG o.h.p.w.spi.MetamodelGraphWalker - Visiting attribute path : connection_point
13:23:06.615 [Test worker] DEBUG o.h.l.p.b.i.spaces.QuerySpacesImpl - Adding QuerySpace : uid = <gen:3> -> org.hibernate.loader.plan.build.internal.spaces.CollectionQuerySpaceImpl@b34c972]
13:23:06.615 [Test worker] DEBUG o.h.l.p.b.i.spaces.QuerySpacesImpl - Adding QuerySpace : uid = <gen:4> -> org.hibernate.loader.plan.build.internal.spaces.EntityQuerySpaceImpl@3695611d]
13:23:06.615 [Test worker] DEBUG o.h.p.w.spi.MetamodelGraphWalker - Visiting attribute path : descriptor_reference
13:23:06.615 [Test worker] DEBUG o.h.l.p.b.i.spaces.QuerySpacesImpl - Adding QuerySpace : uid = <gen:5> -> org.hibernate.loader.plan.build.internal.spaces.EntityQuerySpaceImpl@91ad2ea]
13:23:06.615 [Test worker] DEBUG o.h.p.w.spi.MetamodelGraphWalker - Visiting attribute path : lifecycle_event
13:23:06.615 [Test worker] DEBUG o.h.l.p.b.i.spaces.QuerySpacesImpl - Adding QuerySpace : uid = <gen:6> -> org.hibernate.loader.plan.build.internal.spaces.EntityQuerySpaceImpl@400d0551]
13:23:06.615 [Test worker] DEBUG o.h.p.w.spi.MetamodelGraphWalker - Visiting attribute path : lifecycle_event_history
13:23:06.615 [Test worker] DEBUG o.h.l.p.b.i.spaces.QuerySpacesImpl - Adding QuerySpace : uid = <gen:7> -> org.hibernate.loader.plan.build.internal.spaces.CollectionQuerySpaceImpl@16d829b1]
13:23:06.616 [Test worker] DEBUG o.h.l.p.b.i.spaces.QuerySpacesImpl - Adding QuerySpace : uid = <gen:8> -> org.hibernate.loader.plan.build.internal.spaces.EntityQuerySpaceImpl@49992f2e]
13:23:06.616 [Test worker] DEBUG o.h.p.w.spi.MetamodelGraphWalker - Visiting attribute path : monitoring_parameter
13:23:06.616 [Test worker] DEBUG o.h.p.w.spi.MetamodelGraphWalker - Visiting attribute path : notification
13:23:06.616 [Test worker] DEBUG o.h.p.w.spi.MetamodelGraphWalker - Visiting attribute path : pnfr
13:23:06.617 [Test worker] DEBUG o.h.l.p.b.i.spaces.QuerySpacesImpl - Adding QuerySpace : uid = <gen:9> -> org.hibernate.loader.plan.build.internal.spaces.CollectionQuerySpaceImpl@67e89ac1]
13:23:06.617 [Test worker] DEBUG o.h.l.p.b.i.spaces.QuerySpacesImpl - Adding QuerySpace : uid = <gen:10> -> org.hibernate.loader.plan.build.internal.spaces.EntityQuerySpaceImpl@58082a32]
13:23:06.617 [Test worker] DEBUG o.h.p.w.spi.MetamodelGraphWalker - Visiting attribute path : resource_reservation
13:23:06.617 [Test worker] DEBUG o.h.p.w.spi.MetamodelGraphWalker - Visiting attribute path : runtime_policy_info
13:23:06.617 [Test worker] DEBUG o.h.p.w.spi.MetamodelGraphWalker - Visiting attribute path : service_deployment_flavour
13:23:06.617 [Test worker] DEBUG o.h.l.p.b.i.spaces.QuerySpacesImpl - Adding QuerySpace : uid = <gen:11> -> org.hibernate.loader.plan.build.internal.spaces.EntityQuerySpaceImpl@a65c5]
13:23:06.617 [Test worker] DEBUG o.h.p.w.spi.MetamodelGraphWalker - Visiting attribute path : status
13:23:06.617 [Test worker] DEBUG o.h.p.w.spi.MetamodelGraphWalker - Visiting attribute path : vendor
13:23:06.617 [Test worker] DEBUG o.h.p.w.spi.MetamodelGraphWalker - Visiting attribute path : version
13:23:06.617 [Test worker] DEBUG o.h.p.w.spi.MetamodelGraphWalker - Visiting attribute path : vlr
13:23:06.617 [Test worker] DEBUG o.h.l.p.b.i.spaces.QuerySpacesImpl - Adding QuerySpace : uid = <gen:12> -> org.hibernate.loader.plan.build.internal.spaces.CollectionQuerySpaceImpl@2a9f6888]
13:23:06.617 [Test worker] DEBUG o.h.l.p.b.i.spaces.QuerySpacesImpl - Adding QuerySpace : uid = <gen:13> -> org.hibernate.loader.plan.build.internal.spaces.EntityQuerySpaceImpl@4787ce94]
13:23:06.618 [Test worker] DEBUG o.h.p.w.spi.MetamodelGraphWalker - Visiting attribute path : vnf_dependency
13:23:06.618 [Test worker] DEBUG o.h.l.p.b.i.spaces.QuerySpacesImpl - Adding QuerySpace : uid = <gen:14> -> org.hibernate.loader.plan.build.internal.spaces.CollectionQuerySpaceImpl@250b7b3c]
13:23:06.618 [Test worker] DEBUG o.h.l.p.b.i.spaces.QuerySpacesImpl - Adding QuerySpace : uid = <gen:15> -> org.hibernate.loader.plan.build.internal.spaces.EntityQuerySpaceImpl@14c7b324]
13:23:06.618 [Test worker] DEBUG o.h.p.w.spi.MetamodelGraphWalker - Visiting attribute path : vnffgr
13:23:06.618 [Test worker] DEBUG o.h.l.p.b.i.spaces.QuerySpacesImpl - Adding QuerySpace : uid = <gen:16> -> org.hibernate.loader.plan.build.internal.spaces.CollectionQuerySpaceImpl@42c20b24]
13:23:06.618 [Test worker] DEBUG o.h.l.p.b.i.spaces.QuerySpacesImpl - Adding QuerySpace : uid = <gen:17> -> org.hibernate.loader.plan.build.internal.spaces.EntityQuerySpaceImpl@51698ab9]
13:23:06.618 [Test worker] DEBUG o.h.p.w.spi.MetamodelGraphWalker - Visiting attribute path : vnfr
13:23:06.618 [Test worker] DEBUG o.h.l.p.b.i.spaces.QuerySpacesImpl - Adding QuerySpace : uid = <gen:18> -> org.hibernate.loader.plan.build.internal.spaces.EntityQuerySpaceImpl@6812a170]
13:23:06.618 [Test worker] DEBUG o.h.l.p.b.i.FetchStyleLoadPlanBuildingAssociationVisitationStrategy - Building LoadPlan...
13:23:06.619 [Test worker] DEBUG o.h.l.p.e.i.LoadQueryJoinAndFetchProcessor - processing queryspace <gen:0>
13:23:06.619 [Test worker] DEBUG o.h.l.p.b.spi.LoadPlanTreePrinter - LoadPlan(entity=org.project.neutrino.nfvo.catalogue.mano.record.NetworkServiceRecord)
    - Returns
       - EntityReturnImpl(entity=org.project.neutrino.nfvo.catalogue.mano.record.NetworkServiceRecord, querySpaceUid=<gen:0>, path=org.project.neutrino.nfvo.catalogue.mano.record.NetworkServiceRecord)
          - CollectionAttributeFetchImpl(collection=org.project.neutrino.nfvo.catalogue.mano.record.NetworkServiceRecord.auto_scale_policy, querySpaceUid=<gen:1>, path=org.project.neutrino.nfvo.catalogue.mano.record.NetworkServiceRecord.auto_scale_policy)
             - (collection element) CollectionFetchableElementEntityGraph(entity=org.project.neutrino.nfvo.catalogue.mano.common.AutoScalePolicy, querySpaceUid=<gen:2>, path=org.project.neutrino.nfvo.catalogue.mano.record.NetworkServiceRecord.auto_scale_policy.<elements>)
          - CollectionAttributeFetchImpl(collection=org.project.neutrino.nfvo.catalogue.mano.record.NetworkServiceRecord.connection_point, querySpaceUid=<gen:3>, path=org.project.neutrino.nfvo.catalogue.mano.record.NetworkServiceRecord.connection_point)
             - (collection element) CollectionFetchableElementEntityGraph(entity=org.project.neutrino.nfvo.catalogue.mano.common.ConnectionPoint, querySpaceUid=<gen:4>, path=org.project.neutrino.nfvo.catalogue.mano.record.NetworkServiceRecord.connection_point.<elements>)
          - EntityAttributeFetchImpl(entity=org.project.neutrino.nfvo.catalogue.mano.common.NFVEntityDescriptor, querySpaceUid=<gen:5>, path=org.project.neutrino.nfvo.catalogue.mano.record.NetworkServiceRecord.descriptor_reference)
          - EntityAttributeFetchImpl(entity=org.project.neutrino.nfvo.catalogue.mano.common.LifecycleEvent, querySpaceUid=<gen:6>, path=org.project.neutrino.nfvo.catalogue.mano.record.NetworkServiceRecord.lifecycle_event)
          - CollectionAttributeFetchImpl(collection=org.project.neutrino.nfvo.catalogue.mano.record.NetworkServiceRecord.lifecycle_event_history, querySpaceUid=<gen:7>, path=org.project.neutrino.nfvo.catalogue.mano.record.NetworkServiceRecord.lifecycle_event_history)
             - (collection element) CollectionFetchableElementEntityGraph(entity=org.project.neutrino.nfvo.catalogue.mano.common.LifecycleEvent, querySpaceUid=<gen:8>, path=org.project.neutrino.nfvo.catalogue.mano.record.NetworkServiceRecord.lifecycle_event_history.<elements>)
          - CollectionAttributeFetchImpl(collection=org.project.neutrino.nfvo.catalogue.mano.record.NetworkServiceRecord.pnfr, querySpaceUid=<gen:9>, path=org.project.neutrino.nfvo.catalogue.mano.record.NetworkServiceRecord.pnfr)
             - (collection element) CollectionFetchableElementEntityGraph(entity=org.project.neutrino.nfvo.catalogue.mano.record.PhysicalNetworkFunctionRecord, querySpaceUid=<gen:10>, path=org.project.neutrino.nfvo.catalogue.mano.record.NetworkServiceRecord.pnfr.<elements>)
          - EntityAttributeFetchImpl(entity=org.project.neutrino.nfvo.catalogue.mano.common.ServiceDeploymentFlavour, querySpaceUid=<gen:11>, path=org.project.neutrino.nfvo.catalogue.mano.record.NetworkServiceRecord.service_deployment_flavour)
          - CollectionAttributeFetchImpl(collection=org.project.neutrino.nfvo.catalogue.mano.record.NetworkServiceRecord.vlr, querySpaceUid=<gen:12>, path=org.project.neutrino.nfvo.catalogue.mano.record.NetworkServiceRecord.vlr)
             - (collection element) CollectionFetchableElementEntityGraph(entity=org.project.neutrino.nfvo.catalogue.mano.record.VirtualLinkRecord, querySpaceUid=<gen:13>, path=org.project.neutrino.nfvo.catalogue.mano.record.NetworkServiceRecord.vlr.<elements>)
          - CollectionAttributeFetchImpl(collection=org.project.neutrino.nfvo.catalogue.mano.record.NetworkServiceRecord.vnf_dependency, querySpaceUid=<gen:14>, path=org.project.neutrino.nfvo.catalogue.mano.record.NetworkServiceRecord.vnf_dependency)
             - (collection element) CollectionFetchableElementEntityGraph(entity=org.project.neutrino.nfvo.catalogue.mano.common.VNFDependency, querySpaceUid=<gen:15>, path=org.project.neutrino.nfvo.catalogue.mano.record.NetworkServiceRecord.vnf_dependency.<elements>)
          - CollectionAttributeFetchImpl(collection=org.project.neutrino.nfvo.catalogue.mano.record.NetworkServiceRecord.vnffgr, querySpaceUid=<gen:16>, path=org.project.neutrino.nfvo.catalogue.mano.record.NetworkServiceRecord.vnffgr)
             - (collection element) CollectionFetchableElementEntityGraph(entity=org.project.neutrino.nfvo.catalogue.mano.descriptor.VNFForwardingGraph, querySpaceUid=<gen:17>, path=org.project.neutrino.nfvo.catalogue.mano.record.NetworkServiceRecord.vnffgr.<elements>)
          - EntityAttributeFetchImpl(entity=org.project.neutrino.nfvo.catalogue.mano.record.VirtualNetworkFunctionRecord, querySpaceUid=<gen:18>, path=org.project.neutrino.nfvo.catalogue.mano.record.NetworkServiceRecord.vnfr)
    - QuerySpaces
       - EntityQuerySpaceImpl(uid=<gen:0>, entity=org.project.neutrino.nfvo.catalogue.mano.record.NetworkServiceRecord)
          - SQL table alias mapping - networkser0_
          - alias suffix - 0_
          - suffixed key columns - {id1_18_0_}

13:23:06.619 [Test worker] DEBUG o.h.loader.entity.plan.EntityLoader - Static select for entity org.project.neutrino.nfvo.catalogue.mano.record.NetworkServiceRecord [PESSIMISTIC_READ]: select networkser0_.id as id1_18_0_, networkser0_.audit_log as audit_lo2_18_0_, networkser0_.descriptor_reference_Id as descript9_18_0_, networkser0_.lifecycle_event_id as lifecyc10_18_0_, networkser0_.notification as notifica3_18_0_, networkser0_.resource_reservation as resource4_18_0_, networkser0_.runtime_policy_info as runtime_5_18_0_, networkser0_.service_deployment_flavour_id as service11_18_0_, networkser0_.status as status6_18_0_, networkser0_.vendor as vendor7_18_0_, networkser0_.version as version8_18_0_, networkser0_.vnfr_id as vnfr_id12_18_0_ from network_service_record networkser0_ where networkser0_.id=? lock in share mode
13:23:06.619 [Test worker] DEBUG o.h.l.p.b.i.spaces.QuerySpacesImpl - Adding QuerySpace : uid = <gen:0> -> org.hibernate.loader.plan.build.internal.spaces.EntityQuerySpaceImpl@1f24f571]
13:23:06.620 [Test worker] DEBUG o.h.p.w.spi.MetamodelGraphWalker - Visiting attribute path : audit_log
13:23:06.620 [Test worker] DEBUG o.h.p.w.spi.MetamodelGraphWalker - Visiting attribute path : auto_scale_policy
13:23:06.620 [Test worker] DEBUG o.h.l.p.b.i.spaces.QuerySpacesImpl - Adding QuerySpace : uid = <gen:1> -> org.hibernate.loader.plan.build.internal.spaces.CollectionQuerySpaceImpl@71f56830]
13:23:06.620 [Test worker] DEBUG o.h.l.p.b.i.spaces.QuerySpacesImpl - Adding QuerySpace : uid = <gen:2> -> org.hibernate.loader.plan.build.internal.spaces.EntityQuerySpaceImpl@268b61c3]
13:23:06.620 [Test worker] DEBUG o.h.p.w.spi.MetamodelGraphWalker - Visiting attribute path : connection_point
13:23:06.620 [Test worker] DEBUG o.h.l.p.b.i.spaces.QuerySpacesImpl - Adding QuerySpace : uid = <gen:3> -> org.hibernate.loader.plan.build.internal.spaces.CollectionQuerySpaceImpl@8bf5cfa]
13:23:06.621 [Test worker] DEBUG o.h.l.p.b.i.spaces.QuerySpacesImpl - Adding QuerySpace : uid = <gen:4> -> org.hibernate.loader.plan.build.internal.spaces.EntityQuerySpaceImpl@4b712592]
13:23:06.621 [Test worker] DEBUG o.h.p.w.spi.MetamodelGraphWalker - Visiting attribute path : descriptor_reference
13:23:06.621 [Test worker] DEBUG o.h.l.p.b.i.spaces.QuerySpacesImpl - Adding QuerySpace : uid = <gen:5> -> org.hibernate.loader.plan.build.internal.spaces.EntityQuerySpaceImpl@7159baef]
13:23:06.621 [Test worker] DEBUG o.h.p.w.spi.MetamodelGraphWalker - Visiting attribute path : lifecycle_event
13:23:06.621 [Test worker] DEBUG o.h.l.p.b.i.spaces.QuerySpacesImpl - Adding QuerySpace : uid = <gen:6> -> org.hibernate.loader.plan.build.internal.spaces.EntityQuerySpaceImpl@39ffdb0c]
13:23:06.621 [Test worker] DEBUG o.h.p.w.spi.MetamodelGraphWalker - Visiting attribute path : lifecycle_event_history
13:23:06.621 [Test worker] DEBUG o.h.l.p.b.i.spaces.QuerySpacesImpl - Adding QuerySpace : uid = <gen:7> -> org.hibernate.loader.plan.build.internal.spaces.CollectionQuerySpaceImpl@4c860e93]
13:23:06.621 [Test worker] DEBUG o.h.l.p.b.i.spaces.QuerySpacesImpl - Adding QuerySpace : uid = <gen:8> -> org.hibernate.loader.plan.build.internal.spaces.EntityQuerySpaceImpl@7526fc24]
13:23:06.621 [Test worker] DEBUG o.h.p.w.spi.MetamodelGraphWalker - Visiting attribute path : monitoring_parameter
13:23:06.621 [Test worker] DEBUG o.h.p.w.spi.MetamodelGraphWalker - Visiting attribute path : notification
13:23:06.621 [Test worker] DEBUG o.h.p.w.spi.MetamodelGraphWalker - Visiting attribute path : pnfr
13:23:06.621 [Test worker] DEBUG o.h.l.p.b.i.spaces.QuerySpacesImpl - Adding QuerySpace : uid = <gen:9> -> org.hibernate.loader.plan.build.internal.spaces.CollectionQuerySpaceImpl@5273db92]
13:23:06.621 [Test worker] DEBUG o.h.l.p.b.i.spaces.QuerySpacesImpl - Adding QuerySpace : uid = <gen:10> -> org.hibernate.loader.plan.build.internal.spaces.EntityQuerySpaceImpl@34547888]
13:23:06.622 [Test worker] DEBUG o.h.p.w.spi.MetamodelGraphWalker - Visiting attribute path : resource_reservation
13:23:06.622 [Test worker] DEBUG o.h.p.w.spi.MetamodelGraphWalker - Visiting attribute path : runtime_policy_info
13:23:06.622 [Test worker] DEBUG o.h.p.w.spi.MetamodelGraphWalker - Visiting attribute path : service_deployment_flavour
13:23:06.622 [Test worker] DEBUG o.h.l.p.b.i.spaces.QuerySpacesImpl - Adding QuerySpace : uid = <gen:11> -> org.hibernate.loader.plan.build.internal.spaces.EntityQuerySpaceImpl@15b5438f]
13:23:06.622 [Test worker] DEBUG o.h.p.w.spi.MetamodelGraphWalker - Visiting attribute path : status
13:23:06.622 [Test worker] DEBUG o.h.p.w.spi.MetamodelGraphWalker - Visiting attribute path : vendor
13:23:06.622 [Test worker] DEBUG o.h.p.w.spi.MetamodelGraphWalker - Visiting attribute path : version
13:23:06.622 [Test worker] DEBUG o.h.p.w.spi.MetamodelGraphWalker - Visiting attribute path : vlr
13:23:06.622 [Test worker] DEBUG o.h.l.p.b.i.spaces.QuerySpacesImpl - Adding QuerySpace : uid = <gen:12> -> org.hibernate.loader.plan.build.internal.spaces.CollectionQuerySpaceImpl@2f666c6b]
13:23:06.622 [Test worker] DEBUG o.h.l.p.b.i.spaces.QuerySpacesImpl - Adding QuerySpace : uid = <gen:13> -> org.hibernate.loader.plan.build.internal.spaces.EntityQuerySpaceImpl@6d57fd1c]
13:23:06.622 [Test worker] DEBUG o.h.p.w.spi.MetamodelGraphWalker - Visiting attribute path : vnf_dependency
13:23:06.622 [Test worker] DEBUG o.h.l.p.b.i.spaces.QuerySpacesImpl - Adding QuerySpace : uid = <gen:14> -> org.hibernate.loader.plan.build.internal.spaces.CollectionQuerySpaceImpl@2baa7159]
13:23:06.622 [Test worker] DEBUG o.h.l.p.b.i.spaces.QuerySpacesImpl - Adding QuerySpace : uid = <gen:15> -> org.hibernate.loader.plan.build.internal.spaces.EntityQuerySpaceImpl@42f7a074]
13:23:06.622 [Test worker] DEBUG o.h.p.w.spi.MetamodelGraphWalker - Visiting attribute path : vnffgr
13:23:06.622 [Test worker] DEBUG o.h.l.p.b.i.spaces.QuerySpacesImpl - Adding QuerySpace : uid = <gen:16> -> org.hibernate.loader.plan.build.internal.spaces.CollectionQuerySpaceImpl@f474205]
13:23:06.622 [Test worker] DEBUG o.h.l.p.b.i.spaces.QuerySpacesImpl - Adding QuerySpace : uid = <gen:17> -> org.hibernate.loader.plan.build.internal.spaces.EntityQuerySpaceImpl@f3f5e19]
13:23:06.622 [Test worker] DEBUG o.h.p.w.spi.MetamodelGraphWalker - Visiting attribute path : vnfr
13:23:06.623 [Test worker] DEBUG o.h.l.p.b.i.spaces.QuerySpacesImpl - Adding QuerySpace : uid = <gen:18> -> org.hibernate.loader.plan.build.internal.spaces.EntityQuerySpaceImpl@93ac321]
13:23:06.623 [Test worker] DEBUG o.h.l.p.b.i.FetchStyleLoadPlanBuildingAssociationVisitationStrategy - Building LoadPlan...
13:23:06.623 [Test worker] DEBUG o.h.l.p.e.i.LoadQueryJoinAndFetchProcessor - processing queryspace <gen:0>
13:23:06.623 [Test worker] DEBUG o.h.l.p.b.spi.LoadPlanTreePrinter - LoadPlan(entity=org.project.neutrino.nfvo.catalogue.mano.record.NetworkServiceRecord)
    - Returns
       - EntityReturnImpl(entity=org.project.neutrino.nfvo.catalogue.mano.record.NetworkServiceRecord, querySpaceUid=<gen:0>, path=org.project.neutrino.nfvo.catalogue.mano.record.NetworkServiceRecord)
          - CollectionAttributeFetchImpl(collection=org.project.neutrino.nfvo.catalogue.mano.record.NetworkServiceRecord.auto_scale_policy, querySpaceUid=<gen:1>, path=org.project.neutrino.nfvo.catalogue.mano.record.NetworkServiceRecord.auto_scale_policy)
             - (collection element) CollectionFetchableElementEntityGraph(entity=org.project.neutrino.nfvo.catalogue.mano.common.AutoScalePolicy, querySpaceUid=<gen:2>, path=org.project.neutrino.nfvo.catalogue.mano.record.NetworkServiceRecord.auto_scale_policy.<elements>)
          - CollectionAttributeFetchImpl(collection=org.project.neutrino.nfvo.catalogue.mano.record.NetworkServiceRecord.connection_point, querySpaceUid=<gen:3>, path=org.project.neutrino.nfvo.catalogue.mano.record.NetworkServiceRecord.connection_point)
             - (collection element) CollectionFetchableElementEntityGraph(entity=org.project.neutrino.nfvo.catalogue.mano.common.ConnectionPoint, querySpaceUid=<gen:4>, path=org.project.neutrino.nfvo.catalogue.mano.record.NetworkServiceRecord.connection_point.<elements>)
          - EntityAttributeFetchImpl(entity=org.project.neutrino.nfvo.catalogue.mano.common.NFVEntityDescriptor, querySpaceUid=<gen:5>, path=org.project.neutrino.nfvo.catalogue.mano.record.NetworkServiceRecord.descriptor_reference)
          - EntityAttributeFetchImpl(entity=org.project.neutrino.nfvo.catalogue.mano.common.LifecycleEvent, querySpaceUid=<gen:6>, path=org.project.neutrino.nfvo.catalogue.mano.record.NetworkServiceRecord.lifecycle_event)
          - CollectionAttributeFetchImpl(collection=org.project.neutrino.nfvo.catalogue.mano.record.NetworkServiceRecord.lifecycle_event_history, querySpaceUid=<gen:7>, path=org.project.neutrino.nfvo.catalogue.mano.record.NetworkServiceRecord.lifecycle_event_history)
             - (collection element) CollectionFetchableElementEntityGraph(entity=org.project.neutrino.nfvo.catalogue.mano.common.LifecycleEvent, querySpaceUid=<gen:8>, path=org.project.neutrino.nfvo.catalogue.mano.record.NetworkServiceRecord.lifecycle_event_history.<elements>)
          - CollectionAttributeFetchImpl(collection=org.project.neutrino.nfvo.catalogue.mano.record.NetworkServiceRecord.pnfr, querySpaceUid=<gen:9>, path=org.project.neutrino.nfvo.catalogue.mano.record.NetworkServiceRecord.pnfr)
             - (collection element) CollectionFetchableElementEntityGraph(entity=org.project.neutrino.nfvo.catalogue.mano.record.PhysicalNetworkFunctionRecord, querySpaceUid=<gen:10>, path=org.project.neutrino.nfvo.catalogue.mano.record.NetworkServiceRecord.pnfr.<elements>)
          - EntityAttributeFetchImpl(entity=org.project.neutrino.nfvo.catalogue.mano.common.ServiceDeploymentFlavour, querySpaceUid=<gen:11>, path=org.project.neutrino.nfvo.catalogue.mano.record.NetworkServiceRecord.service_deployment_flavour)
          - CollectionAttributeFetchImpl(collection=org.project.neutrino.nfvo.catalogue.mano.record.NetworkServiceRecord.vlr, querySpaceUid=<gen:12>, path=org.project.neutrino.nfvo.catalogue.mano.record.NetworkServiceRecord.vlr)
             - (collection element) CollectionFetchableElementEntityGraph(entity=org.project.neutrino.nfvo.catalogue.mano.record.VirtualLinkRecord, querySpaceUid=<gen:13>, path=org.project.neutrino.nfvo.catalogue.mano.record.NetworkServiceRecord.vlr.<elements>)
          - CollectionAttributeFetchImpl(collection=org.project.neutrino.nfvo.catalogue.mano.record.NetworkServiceRecord.vnf_dependency, querySpaceUid=<gen:14>, path=org.project.neutrino.nfvo.catalogue.mano.record.NetworkServiceRecord.vnf_dependency)
             - (collection element) CollectionFetchableElementEntityGraph(entity=org.project.neutrino.nfvo.catalogue.mano.common.VNFDependency, querySpaceUid=<gen:15>, path=org.project.neutrino.nfvo.catalogue.mano.record.NetworkServiceRecord.vnf_dependency.<elements>)
          - CollectionAttributeFetchImpl(collection=org.project.neutrino.nfvo.catalogue.mano.record.NetworkServiceRecord.vnffgr, querySpaceUid=<gen:16>, path=org.project.neutrino.nfvo.catalogue.mano.record.NetworkServiceRecord.vnffgr)
             - (collection element) CollectionFetchableElementEntityGraph(entity=org.project.neutrino.nfvo.catalogue.mano.descriptor.VNFForwardingGraph, querySpaceUid=<gen:17>, path=org.project.neutrino.nfvo.catalogue.mano.record.NetworkServiceRecord.vnffgr.<elements>)
          - EntityAttributeFetchImpl(entity=org.project.neutrino.nfvo.catalogue.mano.record.VirtualNetworkFunctionRecord, querySpaceUid=<gen:18>, path=org.project.neutrino.nfvo.catalogue.mano.record.NetworkServiceRecord.vnfr)
    - QuerySpaces
       - EntityQuerySpaceImpl(uid=<gen:0>, entity=org.project.neutrino.nfvo.catalogue.mano.record.NetworkServiceRecord)
          - SQL table alias mapping - networkser0_
          - alias suffix - 0_
          - suffixed key columns - {id1_18_0_}

13:23:06.623 [Test worker] DEBUG o.h.loader.entity.plan.EntityLoader - Static select for entity org.project.neutrino.nfvo.catalogue.mano.record.NetworkServiceRecord [PESSIMISTIC_WRITE]: select networkser0_.id as id1_18_0_, networkser0_.audit_log as audit_lo2_18_0_, networkser0_.descriptor_reference_Id as descript9_18_0_, networkser0_.lifecycle_event_id as lifecyc10_18_0_, networkser0_.notification as notifica3_18_0_, networkser0_.resource_reservation as resource4_18_0_, networkser0_.runtime_policy_info as runtime_5_18_0_, networkser0_.service_deployment_flavour_id as service11_18_0_, networkser0_.status as status6_18_0_, networkser0_.vendor as vendor7_18_0_, networkser0_.version as version8_18_0_, networkser0_.vnfr_id as vnfr_id12_18_0_ from network_service_record networkser0_ where networkser0_.id=? for update
13:23:06.624 [Test worker] DEBUG o.h.l.p.b.i.spaces.QuerySpacesImpl - Adding QuerySpace : uid = <gen:0> -> org.hibernate.loader.plan.build.internal.spaces.EntityQuerySpaceImpl@70e0b042]
13:23:06.624 [Test worker] DEBUG o.h.p.w.spi.MetamodelGraphWalker - Visiting attribute path : audit_log
13:23:06.624 [Test worker] DEBUG o.h.p.w.spi.MetamodelGraphWalker - Visiting attribute path : auto_scale_policy
13:23:06.624 [Test worker] DEBUG o.h.l.p.b.i.spaces.QuerySpacesImpl - Adding QuerySpace : uid = <gen:1> -> org.hibernate.loader.plan.build.internal.spaces.CollectionQuerySpaceImpl@3179e3cb]
13:23:06.624 [Test worker] DEBUG o.h.l.p.b.i.spaces.QuerySpacesImpl - Adding QuerySpace : uid = <gen:2> -> org.hibernate.loader.plan.build.internal.spaces.EntityQuerySpaceImpl@395a3dcd]
13:23:06.624 [Test worker] DEBUG o.h.p.w.spi.MetamodelGraphWalker - Visiting attribute path : connection_point
13:23:06.625 [Test worker] DEBUG o.h.l.p.b.i.spaces.QuerySpacesImpl - Adding QuerySpace : uid = <gen:3> -> org.hibernate.loader.plan.build.internal.spaces.CollectionQuerySpaceImpl@538f7b25]
13:23:06.625 [Test worker] DEBUG o.h.l.p.b.i.spaces.QuerySpacesImpl - Adding QuerySpace : uid = <gen:4> -> org.hibernate.loader.plan.build.internal.spaces.EntityQuerySpaceImpl@70dde4fe]
13:23:06.625 [Test worker] DEBUG o.h.p.w.spi.MetamodelGraphWalker - Visiting attribute path : descriptor_reference
13:23:06.625 [Test worker] DEBUG o.h.l.p.b.i.spaces.QuerySpacesImpl - Adding QuerySpace : uid = <gen:5> -> org.hibernate.loader.plan.build.internal.spaces.EntityQuerySpaceImpl@77e51995]
13:23:06.625 [Test worker] DEBUG o.h.p.w.spi.MetamodelGraphWalker - Visiting attribute path : lifecycle_event
13:23:06.625 [Test worker] DEBUG o.h.l.p.b.i.spaces.QuerySpacesImpl - Adding QuerySpace : uid = <gen:6> -> org.hibernate.loader.plan.build.internal.spaces.EntityQuerySpaceImpl@61f2c2b1]
13:23:06.625 [Test worker] DEBUG o.h.p.w.spi.MetamodelGraphWalker - Visiting attribute path : lifecycle_event_history
13:23:06.625 [Test worker] DEBUG o.h.l.p.b.i.spaces.QuerySpacesImpl - Adding QuerySpace : uid = <gen:7> -> org.hibernate.loader.plan.build.internal.spaces.CollectionQuerySpaceImpl@8cc24b4]
13:23:06.625 [Test worker] DEBUG o.h.l.p.b.i.spaces.QuerySpacesImpl - Adding QuerySpace : uid = <gen:8> -> org.hibernate.loader.plan.build.internal.spaces.EntityQuerySpaceImpl@127da9ef]
13:23:06.626 [Test worker] DEBUG o.h.p.w.spi.MetamodelGraphWalker - Visiting attribute path : monitoring_parameter
13:23:06.626 [Test worker] DEBUG o.h.p.w.spi.MetamodelGraphWalker - Visiting attribute path : notification
13:23:06.626 [Test worker] DEBUG o.h.p.w.spi.MetamodelGraphWalker - Visiting attribute path : pnfr
13:23:06.626 [Test worker] DEBUG o.h.l.p.b.i.spaces.QuerySpacesImpl - Adding QuerySpace : uid = <gen:9> -> org.hibernate.loader.plan.build.internal.spaces.CollectionQuerySpaceImpl@781f9364]
13:23:06.626 [Test worker] DEBUG o.h.l.p.b.i.spaces.QuerySpacesImpl - Adding QuerySpace : uid = <gen:10> -> org.hibernate.loader.plan.build.internal.spaces.EntityQuerySpaceImpl@6105c7d8]
13:23:06.626 [Test worker] DEBUG o.h.p.w.spi.MetamodelGraphWalker - Visiting attribute path : resource_reservation
13:23:06.626 [Test worker] DEBUG o.h.p.w.spi.MetamodelGraphWalker - Visiting attribute path : runtime_policy_info
13:23:06.626 [Test worker] DEBUG o.h.p.w.spi.MetamodelGraphWalker - Visiting attribute path : service_deployment_flavour
13:23:06.626 [Test worker] DEBUG o.h.l.p.b.i.spaces.QuerySpacesImpl - Adding QuerySpace : uid = <gen:11> -> org.hibernate.loader.plan.build.internal.spaces.EntityQuerySpaceImpl@428367ab]
13:23:06.626 [Test worker] DEBUG o.h.p.w.spi.MetamodelGraphWalker - Visiting attribute path : status
13:23:06.626 [Test worker] DEBUG o.h.p.w.spi.MetamodelGraphWalker - Visiting attribute path : vendor
13:23:06.626 [Test worker] DEBUG o.h.p.w.spi.MetamodelGraphWalker - Visiting attribute path : version
13:23:06.626 [Test worker] DEBUG o.h.p.w.spi.MetamodelGraphWalker - Visiting attribute path : vlr
13:23:06.626 [Test worker] DEBUG o.h.l.p.b.i.spaces.QuerySpacesImpl - Adding QuerySpace : uid = <gen:12> -> org.hibernate.loader.plan.build.internal.spaces.CollectionQuerySpaceImpl@410b2daa]
13:23:06.626 [Test worker] DEBUG o.h.l.p.b.i.spaces.QuerySpacesImpl - Adding QuerySpace : uid = <gen:13> -> org.hibernate.loader.plan.build.internal.spaces.EntityQuerySpaceImpl@44e31542]
13:23:06.627 [Test worker] DEBUG o.h.p.w.spi.MetamodelGraphWalker - Visiting attribute path : vnf_dependency
13:23:06.627 [Test worker] DEBUG o.h.l.p.b.i.spaces.QuerySpacesImpl - Adding QuerySpace : uid = <gen:14> -> org.hibernate.loader.plan.build.internal.spaces.CollectionQuerySpaceImpl@1888c363]
13:23:06.627 [Test worker] DEBUG o.h.l.p.b.i.spaces.QuerySpacesImpl - Adding QuerySpace : uid = <gen:15> -> org.hibernate.loader.plan.build.internal.spaces.EntityQuerySpaceImpl@3ad3a52a]
13:23:06.627 [Test worker] DEBUG o.h.p.w.spi.MetamodelGraphWalker - Visiting attribute path : vnffgr
13:23:06.627 [Test worker] DEBUG o.h.l.p.b.i.spaces.QuerySpacesImpl - Adding QuerySpace : uid = <gen:16> -> org.hibernate.loader.plan.build.internal.spaces.CollectionQuerySpaceImpl@1d008692]
13:23:06.627 [Test worker] DEBUG o.h.l.p.b.i.spaces.QuerySpacesImpl - Adding QuerySpace : uid = <gen:17> -> org.hibernate.loader.plan.build.internal.spaces.EntityQuerySpaceImpl@d82ea1e]
13:23:06.627 [Test worker] DEBUG o.h.p.w.spi.MetamodelGraphWalker - Visiting attribute path : vnfr
13:23:06.627 [Test worker] DEBUG o.h.l.p.b.i.spaces.QuerySpacesImpl - Adding QuerySpace : uid = <gen:18> -> org.hibernate.loader.plan.build.internal.spaces.EntityQuerySpaceImpl@dd85e80]
13:23:06.627 [Test worker] DEBUG o.h.l.p.b.i.FetchStyleLoadPlanBuildingAssociationVisitationStrategy - Building LoadPlan...
13:23:06.627 [Test worker] DEBUG o.h.l.p.e.i.LoadQueryJoinAndFetchProcessor - processing queryspace <gen:0>
13:23:06.628 [Test worker] DEBUG o.h.l.p.b.spi.LoadPlanTreePrinter - LoadPlan(entity=org.project.neutrino.nfvo.catalogue.mano.record.NetworkServiceRecord)
    - Returns
       - EntityReturnImpl(entity=org.project.neutrino.nfvo.catalogue.mano.record.NetworkServiceRecord, querySpaceUid=<gen:0>, path=org.project.neutrino.nfvo.catalogue.mano.record.NetworkServiceRecord)
          - CollectionAttributeFetchImpl(collection=org.project.neutrino.nfvo.catalogue.mano.record.NetworkServiceRecord.auto_scale_policy, querySpaceUid=<gen:1>, path=org.project.neutrino.nfvo.catalogue.mano.record.NetworkServiceRecord.auto_scale_policy)
             - (collection element) CollectionFetchableElementEntityGraph(entity=org.project.neutrino.nfvo.catalogue.mano.common.AutoScalePolicy, querySpaceUid=<gen:2>, path=org.project.neutrino.nfvo.catalogue.mano.record.NetworkServiceRecord.auto_scale_policy.<elements>)
          - CollectionAttributeFetchImpl(collection=org.project.neutrino.nfvo.catalogue.mano.record.NetworkServiceRecord.connection_point, querySpaceUid=<gen:3>, path=org.project.neutrino.nfvo.catalogue.mano.record.NetworkServiceRecord.connection_point)
             - (collection element) CollectionFetchableElementEntityGraph(entity=org.project.neutrino.nfvo.catalogue.mano.common.ConnectionPoint, querySpaceUid=<gen:4>, path=org.project.neutrino.nfvo.catalogue.mano.record.NetworkServiceRecord.connection_point.<elements>)
          - EntityAttributeFetchImpl(entity=org.project.neutrino.nfvo.catalogue.mano.common.NFVEntityDescriptor, querySpaceUid=<gen:5>, path=org.project.neutrino.nfvo.catalogue.mano.record.NetworkServiceRecord.descriptor_reference)
          - EntityAttributeFetchImpl(entity=org.project.neutrino.nfvo.catalogue.mano.common.LifecycleEvent, querySpaceUid=<gen:6>, path=org.project.neutrino.nfvo.catalogue.mano.record.NetworkServiceRecord.lifecycle_event)
          - CollectionAttributeFetchImpl(collection=org.project.neutrino.nfvo.catalogue.mano.record.NetworkServiceRecord.lifecycle_event_history, querySpaceUid=<gen:7>, path=org.project.neutrino.nfvo.catalogue.mano.record.NetworkServiceRecord.lifecycle_event_history)
             - (collection element) CollectionFetchableElementEntityGraph(entity=org.project.neutrino.nfvo.catalogue.mano.common.LifecycleEvent, querySpaceUid=<gen:8>, path=org.project.neutrino.nfvo.catalogue.mano.record.NetworkServiceRecord.lifecycle_event_history.<elements>)
          - CollectionAttributeFetchImpl(collection=org.project.neutrino.nfvo.catalogue.mano.record.NetworkServiceRecord.pnfr, querySpaceUid=<gen:9>, path=org.project.neutrino.nfvo.catalogue.mano.record.NetworkServiceRecord.pnfr)
             - (collection element) CollectionFetchableElementEntityGraph(entity=org.project.neutrino.nfvo.catalogue.mano.record.PhysicalNetworkFunctionRecord, querySpaceUid=<gen:10>, path=org.project.neutrino.nfvo.catalogue.mano.record.NetworkServiceRecord.pnfr.<elements>)
          - EntityAttributeFetchImpl(entity=org.project.neutrino.nfvo.catalogue.mano.common.ServiceDeploymentFlavour, querySpaceUid=<gen:11>, path=org.project.neutrino.nfvo.catalogue.mano.record.NetworkServiceRecord.service_deployment_flavour)
          - CollectionAttributeFetchImpl(collection=org.project.neutrino.nfvo.catalogue.mano.record.NetworkServiceRecord.vlr, querySpaceUid=<gen:12>, path=org.project.neutrino.nfvo.catalogue.mano.record.NetworkServiceRecord.vlr)
             - (collection element) CollectionFetchableElementEntityGraph(entity=org.project.neutrino.nfvo.catalogue.mano.record.VirtualLinkRecord, querySpaceUid=<gen:13>, path=org.project.neutrino.nfvo.catalogue.mano.record.NetworkServiceRecord.vlr.<elements>)
          - CollectionAttributeFetchImpl(collection=org.project.neutrino.nfvo.catalogue.mano.record.NetworkServiceRecord.vnf_dependency, querySpaceUid=<gen:14>, path=org.project.neutrino.nfvo.catalogue.mano.record.NetworkServiceRecord.vnf_dependency)
             - (collection element) CollectionFetchableElementEntityGraph(entity=org.project.neutrino.nfvo.catalogue.mano.common.VNFDependency, querySpaceUid=<gen:15>, path=org.project.neutrino.nfvo.catalogue.mano.record.NetworkServiceRecord.vnf_dependency.<elements>)
          - CollectionAttributeFetchImpl(collection=org.project.neutrino.nfvo.catalogue.mano.record.NetworkServiceRecord.vnffgr, querySpaceUid=<gen:16>, path=org.project.neutrino.nfvo.catalogue.mano.record.NetworkServiceRecord.vnffgr)
             - (collection element) CollectionFetchableElementEntityGraph(entity=org.project.neutrino.nfvo.catalogue.mano.descriptor.VNFForwardingGraph, querySpaceUid=<gen:17>, path=org.project.neutrino.nfvo.catalogue.mano.record.NetworkServiceRecord.vnffgr.<elements>)
          - EntityAttributeFetchImpl(entity=org.project.neutrino.nfvo.catalogue.mano.record.VirtualNetworkFunctionRecord, querySpaceUid=<gen:18>, path=org.project.neutrino.nfvo.catalogue.mano.record.NetworkServiceRecord.vnfr)
    - QuerySpaces
       - EntityQuerySpaceImpl(uid=<gen:0>, entity=org.project.neutrino.nfvo.catalogue.mano.record.NetworkServiceRecord)
          - SQL table alias mapping - networkser0_
          - alias suffix - 0_
          - suffixed key columns - {id1_18_0_}

13:23:06.628 [Test worker] DEBUG o.h.loader.entity.plan.EntityLoader - Static select for entity org.project.neutrino.nfvo.catalogue.mano.record.NetworkServiceRecord [PESSIMISTIC_FORCE_INCREMENT]: select networkser0_.id as id1_18_0_, networkser0_.audit_log as audit_lo2_18_0_, networkser0_.descriptor_reference_Id as descript9_18_0_, networkser0_.lifecycle_event_id as lifecyc10_18_0_, networkser0_.notification as notifica3_18_0_, networkser0_.resource_reservation as resource4_18_0_, networkser0_.runtime_policy_info as runtime_5_18_0_, networkser0_.service_deployment_flavour_id as service11_18_0_, networkser0_.status as status6_18_0_, networkser0_.vendor as vendor7_18_0_, networkser0_.version as version8_18_0_, networkser0_.vnfr_id as vnfr_id12_18_0_ from network_service_record networkser0_ where networkser0_.id=? for update
13:23:06.628 [Test worker] DEBUG o.h.l.p.b.i.spaces.QuerySpacesImpl - Adding QuerySpace : uid = <gen:0> -> org.hibernate.loader.plan.build.internal.spaces.EntityQuerySpaceImpl@78242c99]
13:23:06.628 [Test worker] DEBUG o.h.p.w.spi.MetamodelGraphWalker - Visiting attribute path : audit_log
13:23:06.629 [Test worker] DEBUG o.h.p.w.spi.MetamodelGraphWalker - Visiting attribute path : auto_scale_policy
13:23:06.629 [Test worker] DEBUG o.h.l.p.b.i.spaces.QuerySpacesImpl - Adding QuerySpace : uid = <gen:1> -> org.hibernate.loader.plan.build.internal.spaces.CollectionQuerySpaceImpl@33dc3f69]
13:23:06.629 [Test worker] DEBUG o.h.l.p.b.i.spaces.QuerySpacesImpl - Adding QuerySpace : uid = <gen:2> -> org.hibernate.loader.plan.build.internal.spaces.EntityQuerySpaceImpl@40c72118]
13:23:06.629 [Test worker] DEBUG o.h.p.w.spi.MetamodelGraphWalker - Visiting attribute path : connection_point
13:23:06.629 [Test worker] DEBUG o.h.l.p.b.i.spaces.QuerySpacesImpl - Adding QuerySpace : uid = <gen:3> -> org.hibernate.loader.plan.build.internal.spaces.CollectionQuerySpaceImpl@514dcfe1]
13:23:06.629 [Test worker] DEBUG o.h.l.p.b.i.spaces.QuerySpacesImpl - Adding QuerySpace : uid = <gen:4> -> org.hibernate.loader.plan.build.internal.spaces.EntityQuerySpaceImpl@4b8ae67a]
13:23:06.629 [Test worker] DEBUG o.h.p.w.spi.MetamodelGraphWalker - Visiting attribute path : descriptor_reference
13:23:06.629 [Test worker] DEBUG o.h.l.p.b.i.spaces.QuerySpacesImpl - Adding QuerySpace : uid = <gen:5> -> org.hibernate.loader.plan.build.internal.spaces.EntityQuerySpaceImpl@c217a55]
13:23:06.629 [Test worker] DEBUG o.h.p.w.spi.MetamodelGraphWalker - Visiting attribute path : lifecycle_event
13:23:06.630 [Test worker] DEBUG o.h.l.p.b.i.spaces.QuerySpacesImpl - Adding QuerySpace : uid = <gen:6> -> org.hibernate.loader.plan.build.internal.spaces.EntityQuerySpaceImpl@69e668ab]
13:23:06.630 [Test worker] DEBUG o.h.p.w.spi.MetamodelGraphWalker - Visiting attribute path : lifecycle_event_history
13:23:06.630 [Test worker] DEBUG o.h.l.p.b.i.spaces.QuerySpacesImpl - Adding QuerySpace : uid = <gen:7> -> org.hibernate.loader.plan.build.internal.spaces.CollectionQuerySpaceImpl@15e1e8de]
13:23:06.630 [Test worker] DEBUG o.h.l.p.b.i.spaces.QuerySpacesImpl - Adding QuerySpace : uid = <gen:8> -> org.hibernate.loader.plan.build.internal.spaces.EntityQuerySpaceImpl@227f520b]
13:23:06.630 [Test worker] DEBUG o.h.p.w.spi.MetamodelGraphWalker - Visiting attribute path : monitoring_parameter
13:23:06.630 [Test worker] DEBUG o.h.p.w.spi.MetamodelGraphWalker - Visiting attribute path : notification
13:23:06.630 [Test worker] DEBUG o.h.p.w.spi.MetamodelGraphWalker - Visiting attribute path : pnfr
13:23:06.630 [Test worker] DEBUG o.h.l.p.b.i.spaces.QuerySpacesImpl - Adding QuerySpace : uid = <gen:9> -> org.hibernate.loader.plan.build.internal.spaces.CollectionQuerySpaceImpl@54e361de]
13:23:06.630 [Test worker] DEBUG o.h.l.p.b.i.spaces.QuerySpacesImpl - Adding QuerySpace : uid = <gen:10> -> org.hibernate.loader.plan.build.internal.spaces.EntityQuerySpaceImpl@1c2e615c]
13:23:06.630 [Test worker] DEBUG o.h.p.w.spi.MetamodelGraphWalker - Visiting attribute path : resource_reservation
13:23:06.630 [Test worker] DEBUG o.h.p.w.spi.MetamodelGraphWalker - Visiting attribute path : runtime_policy_info
13:23:06.630 [Test worker] DEBUG o.h.p.w.spi.MetamodelGraphWalker - Visiting attribute path : service_deployment_flavour
13:23:06.630 [Test worker] DEBUG o.h.l.p.b.i.spaces.QuerySpacesImpl - Adding QuerySpace : uid = <gen:11> -> org.hibernate.loader.plan.build.internal.spaces.EntityQuerySpaceImpl@28f9ed78]
13:23:06.630 [Test worker] DEBUG o.h.p.w.spi.MetamodelGraphWalker - Visiting attribute path : status
13:23:06.630 [Test worker] DEBUG o.h.p.w.spi.MetamodelGraphWalker - Visiting attribute path : vendor
13:23:06.631 [Test worker] DEBUG o.h.p.w.spi.MetamodelGraphWalker - Visiting attribute path : version
13:23:06.631 [Test worker] DEBUG o.h.p.w.spi.MetamodelGraphWalker - Visiting attribute path : vlr
13:23:06.631 [Test worker] DEBUG o.h.l.p.b.i.spaces.QuerySpacesImpl - Adding QuerySpace : uid = <gen:12> -> org.hibernate.loader.plan.build.internal.spaces.CollectionQuerySpaceImpl@3055764c]
13:23:06.631 [Test worker] DEBUG o.h.l.p.b.i.spaces.QuerySpacesImpl - Adding QuerySpace : uid = <gen:13> -> org.hibernate.loader.plan.build.internal.spaces.EntityQuerySpaceImpl@3ac9905e]
13:23:06.631 [Test worker] DEBUG o.h.p.w.spi.MetamodelGraphWalker - Visiting attribute path : vnf_dependency
13:23:06.631 [Test worker] DEBUG o.h.l.p.b.i.spaces.QuerySpacesImpl - Adding QuerySpace : uid = <gen:14> -> org.hibernate.loader.plan.build.internal.spaces.CollectionQuerySpaceImpl@7252979]
13:23:06.631 [Test worker] DEBUG o.h.l.p.b.i.spaces.QuerySpacesImpl - Adding QuerySpace : uid = <gen:15> -> org.hibernate.loader.plan.build.internal.spaces.EntityQuerySpaceImpl@18c5ca99]
13:23:06.631 [Test worker] DEBUG o.h.p.w.spi.MetamodelGraphWalker - Visiting attribute path : vnffgr
13:23:06.631 [Test worker] DEBUG o.h.l.p.b.i.spaces.QuerySpacesImpl - Adding QuerySpace : uid = <gen:16> -> org.hibernate.loader.plan.build.internal.spaces.CollectionQuerySpaceImpl@61780f83]
13:23:06.631 [Test worker] DEBUG o.h.l.p.b.i.spaces.QuerySpacesImpl - Adding QuerySpace : uid = <gen:17> -> org.hibernate.loader.plan.build.internal.spaces.EntityQuerySpaceImpl@11429373]
13:23:06.631 [Test worker] DEBUG o.h.p.w.spi.MetamodelGraphWalker - Visiting attribute path : vnfr
13:23:06.631 [Test worker] DEBUG o.h.l.p.b.i.spaces.QuerySpacesImpl - Adding QuerySpace : uid = <gen:18> -> org.hibernate.loader.plan.build.internal.spaces.EntityQuerySpaceImpl@29de6bdf]
13:23:06.632 [Test worker] DEBUG o.h.l.p.b.i.FetchStyleLoadPlanBuildingAssociationVisitationStrategy - Building LoadPlan...
13:23:06.632 [Test worker] DEBUG o.h.l.p.e.i.LoadQueryJoinAndFetchProcessor - processing queryspace <gen:0>
13:23:06.632 [Test worker] DEBUG o.h.l.p.b.spi.LoadPlanTreePrinter - LoadPlan(entity=org.project.neutrino.nfvo.catalogue.mano.record.NetworkServiceRecord)
    - Returns
       - EntityReturnImpl(entity=org.project.neutrino.nfvo.catalogue.mano.record.NetworkServiceRecord, querySpaceUid=<gen:0>, path=org.project.neutrino.nfvo.catalogue.mano.record.NetworkServiceRecord)
          - CollectionAttributeFetchImpl(collection=org.project.neutrino.nfvo.catalogue.mano.record.NetworkServiceRecord.auto_scale_policy, querySpaceUid=<gen:1>, path=org.project.neutrino.nfvo.catalogue.mano.record.NetworkServiceRecord.auto_scale_policy)
             - (collection element) CollectionFetchableElementEntityGraph(entity=org.project.neutrino.nfvo.catalogue.mano.common.AutoScalePolicy, querySpaceUid=<gen:2>, path=org.project.neutrino.nfvo.catalogue.mano.record.NetworkServiceRecord.auto_scale_policy.<elements>)
          - CollectionAttributeFetchImpl(collection=org.project.neutrino.nfvo.catalogue.mano.record.NetworkServiceRecord.connection_point, querySpaceUid=<gen:3>, path=org.project.neutrino.nfvo.catalogue.mano.record.NetworkServiceRecord.connection_point)
             - (collection element) CollectionFetchableElementEntityGraph(entity=org.project.neutrino.nfvo.catalogue.mano.common.ConnectionPoint, querySpaceUid=<gen:4>, path=org.project.neutrino.nfvo.catalogue.mano.record.NetworkServiceRecord.connection_point.<elements>)
          - EntityAttributeFetchImpl(entity=org.project.neutrino.nfvo.catalogue.mano.common.NFVEntityDescriptor, querySpaceUid=<gen:5>, path=org.project.neutrino.nfvo.catalogue.mano.record.NetworkServiceRecord.descriptor_reference)
          - EntityAttributeFetchImpl(entity=org.project.neutrino.nfvo.catalogue.mano.common.LifecycleEvent, querySpaceUid=<gen:6>, path=org.project.neutrino.nfvo.catalogue.mano.record.NetworkServiceRecord.lifecycle_event)
          - CollectionAttributeFetchImpl(collection=org.project.neutrino.nfvo.catalogue.mano.record.NetworkServiceRecord.lifecycle_event_history, querySpaceUid=<gen:7>, path=org.project.neutrino.nfvo.catalogue.mano.record.NetworkServiceRecord.lifecycle_event_history)
             - (collection element) CollectionFetchableElementEntityGraph(entity=org.project.neutrino.nfvo.catalogue.mano.common.LifecycleEvent, querySpaceUid=<gen:8>, path=org.project.neutrino.nfvo.catalogue.mano.record.NetworkServiceRecord.lifecycle_event_history.<elements>)
          - CollectionAttributeFetchImpl(collection=org.project.neutrino.nfvo.catalogue.mano.record.NetworkServiceRecord.pnfr, querySpaceUid=<gen:9>, path=org.project.neutrino.nfvo.catalogue.mano.record.NetworkServiceRecord.pnfr)
             - (collection element) CollectionFetchableElementEntityGraph(entity=org.project.neutrino.nfvo.catalogue.mano.record.PhysicalNetworkFunctionRecord, querySpaceUid=<gen:10>, path=org.project.neutrino.nfvo.catalogue.mano.record.NetworkServiceRecord.pnfr.<elements>)
          - EntityAttributeFetchImpl(entity=org.project.neutrino.nfvo.catalogue.mano.common.ServiceDeploymentFlavour, querySpaceUid=<gen:11>, path=org.project.neutrino.nfvo.catalogue.mano.record.NetworkServiceRecord.service_deployment_flavour)
          - CollectionAttributeFetchImpl(collection=org.project.neutrino.nfvo.catalogue.mano.record.NetworkServiceRecord.vlr, querySpaceUid=<gen:12>, path=org.project.neutrino.nfvo.catalogue.mano.record.NetworkServiceRecord.vlr)
             - (collection element) CollectionFetchableElementEntityGraph(entity=org.project.neutrino.nfvo.catalogue.mano.record.VirtualLinkRecord, querySpaceUid=<gen:13>, path=org.project.neutrino.nfvo.catalogue.mano.record.NetworkServiceRecord.vlr.<elements>)
          - CollectionAttributeFetchImpl(collection=org.project.neutrino.nfvo.catalogue.mano.record.NetworkServiceRecord.vnf_dependency, querySpaceUid=<gen:14>, path=org.project.neutrino.nfvo.catalogue.mano.record.NetworkServiceRecord.vnf_dependency)
             - (collection element) CollectionFetchableElementEntityGraph(entity=org.project.neutrino.nfvo.catalogue.mano.common.VNFDependency, querySpaceUid=<gen:15>, path=org.project.neutrino.nfvo.catalogue.mano.record.NetworkServiceRecord.vnf_dependency.<elements>)
          - CollectionAttributeFetchImpl(collection=org.project.neutrino.nfvo.catalogue.mano.record.NetworkServiceRecord.vnffgr, querySpaceUid=<gen:16>, path=org.project.neutrino.nfvo.catalogue.mano.record.NetworkServiceRecord.vnffgr)
             - (collection element) CollectionFetchableElementEntityGraph(entity=org.project.neutrino.nfvo.catalogue.mano.descriptor.VNFForwardingGraph, querySpaceUid=<gen:17>, path=org.project.neutrino.nfvo.catalogue.mano.record.NetworkServiceRecord.vnffgr.<elements>)
          - EntityAttributeFetchImpl(entity=org.project.neutrino.nfvo.catalogue.mano.record.VirtualNetworkFunctionRecord, querySpaceUid=<gen:18>, path=org.project.neutrino.nfvo.catalogue.mano.record.NetworkServiceRecord.vnfr)
    - QuerySpaces
       - EntityQuerySpaceImpl(uid=<gen:0>, entity=org.project.neutrino.nfvo.catalogue.mano.record.NetworkServiceRecord)
          - SQL table alias mapping - networkser0_
          - alias suffix - 0_
          - suffixed key columns - {id1_18_0_}

13:23:06.632 [Test worker] DEBUG o.h.loader.entity.plan.EntityLoader - Static select for entity org.project.neutrino.nfvo.catalogue.mano.record.NetworkServiceRecord [OPTIMISTIC]: select networkser0_.id as id1_18_0_, networkser0_.audit_log as audit_lo2_18_0_, networkser0_.descriptor_reference_Id as descript9_18_0_, networkser0_.lifecycle_event_id as lifecyc10_18_0_, networkser0_.notification as notifica3_18_0_, networkser0_.resource_reservation as resource4_18_0_, networkser0_.runtime_policy_info as runtime_5_18_0_, networkser0_.service_deployment_flavour_id as service11_18_0_, networkser0_.status as status6_18_0_, networkser0_.vendor as vendor7_18_0_, networkser0_.version as version8_18_0_, networkser0_.vnfr_id as vnfr_id12_18_0_ from network_service_record networkser0_ where networkser0_.id=?
13:23:06.632 [Test worker] DEBUG o.h.l.p.b.i.spaces.QuerySpacesImpl - Adding QuerySpace : uid = <gen:0> -> org.hibernate.loader.plan.build.internal.spaces.EntityQuerySpaceImpl@497c12f2]
13:23:06.633 [Test worker] DEBUG o.h.p.w.spi.MetamodelGraphWalker - Visiting attribute path : audit_log
13:23:06.633 [Test worker] DEBUG o.h.p.w.spi.MetamodelGraphWalker - Visiting attribute path : auto_scale_policy
13:23:06.633 [Test worker] DEBUG o.h.l.p.b.i.spaces.QuerySpacesImpl - Adding QuerySpace : uid = <gen:1> -> org.hibernate.loader.plan.build.internal.spaces.CollectionQuerySpaceImpl@4a0f2976]
13:23:06.633 [Test worker] DEBUG o.h.l.p.b.i.spaces.QuerySpacesImpl - Adding QuerySpace : uid = <gen:2> -> org.hibernate.loader.plan.build.internal.spaces.EntityQuerySpaceImpl@296b27f6]
13:23:06.634 [Test worker] DEBUG o.h.p.w.spi.MetamodelGraphWalker - Visiting attribute path : connection_point
13:23:06.634 [Test worker] DEBUG o.h.l.p.b.i.spaces.QuerySpacesImpl - Adding QuerySpace : uid = <gen:3> -> org.hibernate.loader.plan.build.internal.spaces.CollectionQuerySpaceImpl@3a0c9cb8]
13:23:06.634 [Test worker] DEBUG o.h.l.p.b.i.spaces.QuerySpacesImpl - Adding QuerySpace : uid = <gen:4> -> org.hibernate.loader.plan.build.internal.spaces.EntityQuerySpaceImpl@120511ce]
13:23:06.634 [Test worker] DEBUG o.h.p.w.spi.MetamodelGraphWalker - Visiting attribute path : descriptor_reference
13:23:06.634 [Test worker] DEBUG o.h.l.p.b.i.spaces.QuerySpacesImpl - Adding QuerySpace : uid = <gen:5> -> org.hibernate.loader.plan.build.internal.spaces.EntityQuerySpaceImpl@ad3f4a0]
13:23:06.634 [Test worker] DEBUG o.h.p.w.spi.MetamodelGraphWalker - Visiting attribute path : lifecycle_event
13:23:06.634 [Test worker] DEBUG o.h.l.p.b.i.spaces.QuerySpacesImpl - Adding QuerySpace : uid = <gen:6> -> org.hibernate.loader.plan.build.internal.spaces.EntityQuerySpaceImpl@616139ed]
13:23:06.634 [Test worker] DEBUG o.h.p.w.spi.MetamodelGraphWalker - Visiting attribute path : lifecycle_event_history
13:23:06.634 [Test worker] DEBUG o.h.l.p.b.i.spaces.QuerySpacesImpl - Adding QuerySpace : uid = <gen:7> -> org.hibernate.loader.plan.build.internal.spaces.CollectionQuerySpaceImpl@3622288d]
13:23:06.635 [Test worker] DEBUG o.h.l.p.b.i.spaces.QuerySpacesImpl - Adding QuerySpace : uid = <gen:8> -> org.hibernate.loader.plan.build.internal.spaces.EntityQuerySpaceImpl@7c945cbe]
13:23:06.635 [Test worker] DEBUG o.h.p.w.spi.MetamodelGraphWalker - Visiting attribute path : monitoring_parameter
13:23:06.635 [Test worker] DEBUG o.h.p.w.spi.MetamodelGraphWalker - Visiting attribute path : notification
13:23:06.635 [Test worker] DEBUG o.h.p.w.spi.MetamodelGraphWalker - Visiting attribute path : pnfr
13:23:06.635 [Test worker] DEBUG o.h.l.p.b.i.spaces.QuerySpacesImpl - Adding QuerySpace : uid = <gen:9> -> org.hibernate.loader.plan.build.internal.spaces.CollectionQuerySpaceImpl@7054fdd7]
13:23:06.635 [Test worker] DEBUG o.h.l.p.b.i.spaces.QuerySpacesImpl - Adding QuerySpace : uid = <gen:10> -> org.hibernate.loader.plan.build.internal.spaces.EntityQuerySpaceImpl@5be567de]
13:23:06.635 [Test worker] DEBUG o.h.p.w.spi.MetamodelGraphWalker - Visiting attribute path : resource_reservation
13:23:06.635 [Test worker] DEBUG o.h.p.w.spi.MetamodelGraphWalker - Visiting attribute path : runtime_policy_info
13:23:06.635 [Test worker] DEBUG o.h.p.w.spi.MetamodelGraphWalker - Visiting attribute path : service_deployment_flavour
13:23:06.635 [Test worker] DEBUG o.h.l.p.b.i.spaces.QuerySpacesImpl - Adding QuerySpace : uid = <gen:11> -> org.hibernate.loader.plan.build.internal.spaces.EntityQuerySpaceImpl@32064ef4]
13:23:06.635 [Test worker] DEBUG o.h.p.w.spi.MetamodelGraphWalker - Visiting attribute path : status
13:23:06.635 [Test worker] DEBUG o.h.p.w.spi.MetamodelGraphWalker - Visiting attribute path : vendor
13:23:06.635 [Test worker] DEBUG o.h.p.w.spi.MetamodelGraphWalker - Visiting attribute path : version
13:23:06.635 [Test worker] DEBUG o.h.p.w.spi.MetamodelGraphWalker - Visiting attribute path : vlr
13:23:06.635 [Test worker] DEBUG o.h.l.p.b.i.spaces.QuerySpacesImpl - Adding QuerySpace : uid = <gen:12> -> org.hibernate.loader.plan.build.internal.spaces.CollectionQuerySpaceImpl@3c298ed4]
13:23:06.636 [Test worker] DEBUG o.h.l.p.b.i.spaces.QuerySpacesImpl - Adding QuerySpace : uid = <gen:13> -> org.hibernate.loader.plan.build.internal.spaces.EntityQuerySpaceImpl@4c601f27]
13:23:06.636 [Test worker] DEBUG o.h.p.w.spi.MetamodelGraphWalker - Visiting attribute path : vnf_dependency
13:23:06.636 [Test worker] DEBUG o.h.l.p.b.i.spaces.QuerySpacesImpl - Adding QuerySpace : uid = <gen:14> -> org.hibernate.loader.plan.build.internal.spaces.CollectionQuerySpaceImpl@3a9d609d]
13:23:06.636 [Test worker] DEBUG o.h.l.p.b.i.spaces.QuerySpacesImpl - Adding QuerySpace : uid = <gen:15> -> org.hibernate.loader.plan.build.internal.spaces.EntityQuerySpaceImpl@3232017b]
13:23:06.636 [Test worker] DEBUG o.h.p.w.spi.MetamodelGraphWalker - Visiting attribute path : vnffgr
13:23:06.636 [Test worker] DEBUG o.h.l.p.b.i.spaces.QuerySpacesImpl - Adding QuerySpace : uid = <gen:16> -> org.hibernate.loader.plan.build.internal.spaces.CollectionQuerySpaceImpl@70ff4bfb]
13:23:06.636 [Test worker] DEBUG o.h.l.p.b.i.spaces.QuerySpacesImpl - Adding QuerySpace : uid = <gen:17> -> org.hibernate.loader.plan.build.internal.spaces.EntityQuerySpaceImpl@8d585b2]
13:23:06.636 [Test worker] DEBUG o.h.p.w.spi.MetamodelGraphWalker - Visiting attribute path : vnfr
13:23:06.636 [Test worker] DEBUG o.h.l.p.b.i.spaces.QuerySpacesImpl - Adding QuerySpace : uid = <gen:18> -> org.hibernate.loader.plan.build.internal.spaces.EntityQuerySpaceImpl@7a3c6da5]
13:23:06.636 [Test worker] DEBUG o.h.l.p.b.i.FetchStyleLoadPlanBuildingAssociationVisitationStrategy - Building LoadPlan...
13:23:06.636 [Test worker] DEBUG o.h.l.p.e.i.LoadQueryJoinAndFetchProcessor - processing queryspace <gen:0>
13:23:06.637 [Test worker] DEBUG o.h.l.p.b.spi.LoadPlanTreePrinter - LoadPlan(entity=org.project.neutrino.nfvo.catalogue.mano.record.NetworkServiceRecord)
    - Returns
       - EntityReturnImpl(entity=org.project.neutrino.nfvo.catalogue.mano.record.NetworkServiceRecord, querySpaceUid=<gen:0>, path=org.project.neutrino.nfvo.catalogue.mano.record.NetworkServiceRecord)
          - CollectionAttributeFetchImpl(collection=org.project.neutrino.nfvo.catalogue.mano.record.NetworkServiceRecord.auto_scale_policy, querySpaceUid=<gen:1>, path=org.project.neutrino.nfvo.catalogue.mano.record.NetworkServiceRecord.auto_scale_policy)
             - (collection element) CollectionFetchableElementEntityGraph(entity=org.project.neutrino.nfvo.catalogue.mano.common.AutoScalePolicy, querySpaceUid=<gen:2>, path=org.project.neutrino.nfvo.catalogue.mano.record.NetworkServiceRecord.auto_scale_policy.<elements>)
          - CollectionAttributeFetchImpl(collection=org.project.neutrino.nfvo.catalogue.mano.record.NetworkServiceRecord.connection_point, querySpaceUid=<gen:3>, path=org.project.neutrino.nfvo.catalogue.mano.record.NetworkServiceRecord.connection_point)
             - (collection element) CollectionFetchableElementEntityGraph(entity=org.project.neutrino.nfvo.catalogue.mano.common.ConnectionPoint, querySpaceUid=<gen:4>, path=org.project.neutrino.nfvo.catalogue.mano.record.NetworkServiceRecord.connection_point.<elements>)
          - EntityAttributeFetchImpl(entity=org.project.neutrino.nfvo.catalogue.mano.common.NFVEntityDescriptor, querySpaceUid=<gen:5>, path=org.project.neutrino.nfvo.catalogue.mano.record.NetworkServiceRecord.descriptor_reference)
          - EntityAttributeFetchImpl(entity=org.project.neutrino.nfvo.catalogue.mano.common.LifecycleEvent, querySpaceUid=<gen:6>, path=org.project.neutrino.nfvo.catalogue.mano.record.NetworkServiceRecord.lifecycle_event)
          - CollectionAttributeFetchImpl(collection=org.project.neutrino.nfvo.catalogue.mano.record.NetworkServiceRecord.lifecycle_event_history, querySpaceUid=<gen:7>, path=org.project.neutrino.nfvo.catalogue.mano.record.NetworkServiceRecord.lifecycle_event_history)
             - (collection element) CollectionFetchableElementEntityGraph(entity=org.project.neutrino.nfvo.catalogue.mano.common.LifecycleEvent, querySpaceUid=<gen:8>, path=org.project.neutrino.nfvo.catalogue.mano.record.NetworkServiceRecord.lifecycle_event_history.<elements>)
          - CollectionAttributeFetchImpl(collection=org.project.neutrino.nfvo.catalogue.mano.record.NetworkServiceRecord.pnfr, querySpaceUid=<gen:9>, path=org.project.neutrino.nfvo.catalogue.mano.record.NetworkServiceRecord.pnfr)
             - (collection element) CollectionFetchableElementEntityGraph(entity=org.project.neutrino.nfvo.catalogue.mano.record.PhysicalNetworkFunctionRecord, querySpaceUid=<gen:10>, path=org.project.neutrino.nfvo.catalogue.mano.record.NetworkServiceRecord.pnfr.<elements>)
          - EntityAttributeFetchImpl(entity=org.project.neutrino.nfvo.catalogue.mano.common.ServiceDeploymentFlavour, querySpaceUid=<gen:11>, path=org.project.neutrino.nfvo.catalogue.mano.record.NetworkServiceRecord.service_deployment_flavour)
          - CollectionAttributeFetchImpl(collection=org.project.neutrino.nfvo.catalogue.mano.record.NetworkServiceRecord.vlr, querySpaceUid=<gen:12>, path=org.project.neutrino.nfvo.catalogue.mano.record.NetworkServiceRecord.vlr)
             - (collection element) CollectionFetchableElementEntityGraph(entity=org.project.neutrino.nfvo.catalogue.mano.record.VirtualLinkRecord, querySpaceUid=<gen:13>, path=org.project.neutrino.nfvo.catalogue.mano.record.NetworkServiceRecord.vlr.<elements>)
          - CollectionAttributeFetchImpl(collection=org.project.neutrino.nfvo.catalogue.mano.record.NetworkServiceRecord.vnf_dependency, querySpaceUid=<gen:14>, path=org.project.neutrino.nfvo.catalogue.mano.record.NetworkServiceRecord.vnf_dependency)
             - (collection element) CollectionFetchableElementEntityGraph(entity=org.project.neutrino.nfvo.catalogue.mano.common.VNFDependency, querySpaceUid=<gen:15>, path=org.project.neutrino.nfvo.catalogue.mano.record.NetworkServiceRecord.vnf_dependency.<elements>)
          - CollectionAttributeFetchImpl(collection=org.project.neutrino.nfvo.catalogue.mano.record.NetworkServiceRecord.vnffgr, querySpaceUid=<gen:16>, path=org.project.neutrino.nfvo.catalogue.mano.record.NetworkServiceRecord.vnffgr)
             - (collection element) CollectionFetchableElementEntityGraph(entity=org.project.neutrino.nfvo.catalogue.mano.descriptor.VNFForwardingGraph, querySpaceUid=<gen:17>, path=org.project.neutrino.nfvo.catalogue.mano.record.NetworkServiceRecord.vnffgr.<elements>)
          - EntityAttributeFetchImpl(entity=org.project.neutrino.nfvo.catalogue.mano.record.VirtualNetworkFunctionRecord, querySpaceUid=<gen:18>, path=org.project.neutrino.nfvo.catalogue.mano.record.NetworkServiceRecord.vnfr)
    - QuerySpaces
       - EntityQuerySpaceImpl(uid=<gen:0>, entity=org.project.neutrino.nfvo.catalogue.mano.record.NetworkServiceRecord)
          - SQL table alias mapping - networkser0_
          - alias suffix - 0_
          - suffixed key columns - {id1_18_0_}

13:23:06.637 [Test worker] DEBUG o.h.loader.entity.plan.EntityLoader - Static select for entity org.project.neutrino.nfvo.catalogue.mano.record.NetworkServiceRecord [OPTIMISTIC_FORCE_INCREMENT]: select networkser0_.id as id1_18_0_, networkser0_.audit_log as audit_lo2_18_0_, networkser0_.descriptor_reference_Id as descript9_18_0_, networkser0_.lifecycle_event_id as lifecyc10_18_0_, networkser0_.notification as notifica3_18_0_, networkser0_.resource_reservation as resource4_18_0_, networkser0_.runtime_policy_info as runtime_5_18_0_, networkser0_.service_deployment_flavour_id as service11_18_0_, networkser0_.status as status6_18_0_, networkser0_.vendor as vendor7_18_0_, networkser0_.version as version8_18_0_, networkser0_.vnfr_id as vnfr_id12_18_0_ from network_service_record networkser0_ where networkser0_.id=?
13:23:06.639 [Test worker] DEBUG org.hibernate.loader.Loader - Static select for action ACTION_MERGE on entity org.project.neutrino.nfvo.catalogue.mano.record.NetworkServiceRecord: select networkser0_.id as id1_18_9_, networkser0_.audit_log as audit_lo2_18_9_, networkser0_.descriptor_reference_Id as descript9_18_9_, networkser0_.lifecycle_event_id as lifecyc10_18_9_, networkser0_.notification as notifica3_18_9_, networkser0_.resource_reservation as resource4_18_9_, networkser0_.runtime_policy_info as runtime_5_18_9_, networkser0_.service_deployment_flavour_id as service11_18_9_, networkser0_.status as status6_18_9_, networkser0_.vendor as vendor7_18_9_, networkser0_.version as version8_18_9_, networkser0_.vnfr_id as vnfr_id12_18_9_, auto_scale1_.network_service_record_id as network_1_18_11_, autoscalep2_.id as auto_sca2_19_11_, autoscalep2_.id as id1_3_0_, autoscalep2_.version as version2_3_0_, nfventityd3_.id as id1_27_1_, nfventityd3_.hb_version as hb_versi2_27_1_, nfventityd3_.vendor as vendor3_27_1_, nfventityd3_.version as version4_27_1_, nfventityd3_.descriptor_version as descript1_62_1_, nfventityd3_.manifest_file as manifest2_62_1_, nfventityd3_.nsd_security_id as nsd_secu1_14_1_, nfventityd3_.clazz_ as clazz_1_, security4_.id as id1_43_2_, security4_.version as version2_43_2_, lifecyclee5_.id as id1_10_3_, lifecyclee5_.version as version2_10_3_, servicedep6_.id as id1_7_4_, servicedep6_.flavour_key as flavour_2_7_4_, servicedep6_.version as version3_7_4_, virtualnet7_.id as id1_68_5_, virtualnet7_.audit_log as audit_lo2_68_5_, virtualnet7_.deployment_flavour_id as deployme9_68_5_, virtualnet7_.descriptor_reference as descript3_68_5_, virtualnet7_.lifecycle_event_id as lifecyc10_68_5_, virtualnet7_.localization as localiza4_68_5_, virtualnet7_.parent_ns_id as parent_11_68_5_, virtualnet7_.status as status5_68_5_, virtualnet7_.vendor as vendor6_68_5_, virtualnet7_.version as version7_68_5_, virtualnet7_.vnfm_id as vnfm_id8_68_5_, vnfddeploy8_.id as id1_7_6_, vnfddeploy8_.flavour_key as flavour_2_7_6_, vnfddeploy8_.version as version3_7_6_, lifecyclee9_.id as id1_10_7_, lifecyclee9_.version as version2_10_7_, networkser10_.id as id1_18_8_, networkser10_.audit_log as audit_lo2_18_8_, networkser10_.descriptor_reference_Id as descript9_18_8_, networkser10_.lifecycle_event_id as lifecyc10_18_8_, networkser10_.notification as notifica3_18_8_, networkser10_.resource_reservation as resource4_18_8_, networkser10_.runtime_policy_info as runtime_5_18_8_, networkser10_.service_deployment_flavour_id as service11_18_8_, networkser10_.status as status6_18_8_, networkser10_.vendor as vendor7_18_8_, networkser10_.version as version8_18_8_, networkser10_.vnfr_id as vnfr_id12_18_8_ from network_service_record networkser0_ left outer join network_service_record_auto_scale_policy auto_scale1_ on networkser0_.id=auto_scale1_.network_service_record_id left outer join auto_scale_policy autoscalep2_ on auto_scale1_.auto_scale_policy_id=autoscalep2_.id left outer join ( select id, hb_version, vendor, version, descriptor_version, manifest_file, null as nsd_security_id, 1 as clazz_ from virtual_network_function_descriptor union select id, hb_version, vendor, version, null as descriptor_version, null as manifest_file, nsd_security_id, 2 as clazz_ from network_service_descriptor ) nfventityd3_ on networkser0_.descriptor_reference_Id=nfventityd3_.id left outer join security security4_ on nfventityd3_.nsd_security_id=security4_.id left outer join lifecycle_event lifecyclee5_ on networkser0_.lifecycle_event_id=lifecyclee5_.id left outer join service_deployment_flavour servicedep6_ on networkser0_.service_deployment_flavour_id=servicedep6_.id left outer join virtual_network_function_record virtualnet7_ on networkser0_.vnfr_id=virtualnet7_.id left outer join vnfddeployment_flavour vnfddeploy8_ on virtualnet7_.deployment_flavour_id=vnfddeploy8_.id left outer join lifecycle_event lifecyclee9_ on virtualnet7_.lifecycle_event_id=lifecyclee9_.id left outer join network_service_record networkser10_ on virtualnet7_.parent_ns_id=networkser10_.id where networkser0_.id=?
13:23:06.641 [Test worker] DEBUG org.hibernate.loader.Loader - Static select for action ACTION_REFRESH on entity org.project.neutrino.nfvo.catalogue.mano.record.NetworkServiceRecord: select networkser0_.id as id1_18_9_, networkser0_.audit_log as audit_lo2_18_9_, networkser0_.descriptor_reference_Id as descript9_18_9_, networkser0_.lifecycle_event_id as lifecyc10_18_9_, networkser0_.notification as notifica3_18_9_, networkser0_.resource_reservation as resource4_18_9_, networkser0_.runtime_policy_info as runtime_5_18_9_, networkser0_.service_deployment_flavour_id as service11_18_9_, networkser0_.status as status6_18_9_, networkser0_.vendor as vendor7_18_9_, networkser0_.version as version8_18_9_, networkser0_.vnfr_id as vnfr_id12_18_9_, auto_scale1_.network_service_record_id as network_1_18_11_, autoscalep2_.id as auto_sca2_19_11_, autoscalep2_.id as id1_3_0_, autoscalep2_.version as version2_3_0_, nfventityd3_.id as id1_27_1_, nfventityd3_.hb_version as hb_versi2_27_1_, nfventityd3_.vendor as vendor3_27_1_, nfventityd3_.version as version4_27_1_, nfventityd3_.descriptor_version as descript1_62_1_, nfventityd3_.manifest_file as manifest2_62_1_, nfventityd3_.nsd_security_id as nsd_secu1_14_1_, nfventityd3_.clazz_ as clazz_1_, security4_.id as id1_43_2_, security4_.version as version2_43_2_, lifecyclee5_.id as id1_10_3_, lifecyclee5_.version as version2_10_3_, servicedep6_.id as id1_7_4_, servicedep6_.flavour_key as flavour_2_7_4_, servicedep6_.version as version3_7_4_, virtualnet7_.id as id1_68_5_, virtualnet7_.audit_log as audit_lo2_68_5_, virtualnet7_.deployment_flavour_id as deployme9_68_5_, virtualnet7_.descriptor_reference as descript3_68_5_, virtualnet7_.lifecycle_event_id as lifecyc10_68_5_, virtualnet7_.localization as localiza4_68_5_, virtualnet7_.parent_ns_id as parent_11_68_5_, virtualnet7_.status as status5_68_5_, virtualnet7_.vendor as vendor6_68_5_, virtualnet7_.version as version7_68_5_, virtualnet7_.vnfm_id as vnfm_id8_68_5_, vnfddeploy8_.id as id1_7_6_, vnfddeploy8_.flavour_key as flavour_2_7_6_, vnfddeploy8_.version as version3_7_6_, lifecyclee9_.id as id1_10_7_, lifecyclee9_.version as version2_10_7_, networkser10_.id as id1_18_8_, networkser10_.audit_log as audit_lo2_18_8_, networkser10_.descriptor_reference_Id as descript9_18_8_, networkser10_.lifecycle_event_id as lifecyc10_18_8_, networkser10_.notification as notifica3_18_8_, networkser10_.resource_reservation as resource4_18_8_, networkser10_.runtime_policy_info as runtime_5_18_8_, networkser10_.service_deployment_flavour_id as service11_18_8_, networkser10_.status as status6_18_8_, networkser10_.vendor as vendor7_18_8_, networkser10_.version as version8_18_8_, networkser10_.vnfr_id as vnfr_id12_18_8_ from network_service_record networkser0_ left outer join network_service_record_auto_scale_policy auto_scale1_ on networkser0_.id=auto_scale1_.network_service_record_id left outer join auto_scale_policy autoscalep2_ on auto_scale1_.auto_scale_policy_id=autoscalep2_.id left outer join ( select id, hb_version, vendor, version, descriptor_version, manifest_file, null as nsd_security_id, 1 as clazz_ from virtual_network_function_descriptor union select id, hb_version, vendor, version, null as descriptor_version, null as manifest_file, nsd_security_id, 2 as clazz_ from network_service_descriptor ) nfventityd3_ on networkser0_.descriptor_reference_Id=nfventityd3_.id left outer join security security4_ on nfventityd3_.nsd_security_id=security4_.id left outer join lifecycle_event lifecyclee5_ on networkser0_.lifecycle_event_id=lifecyclee5_.id left outer join service_deployment_flavour servicedep6_ on networkser0_.service_deployment_flavour_id=servicedep6_.id left outer join virtual_network_function_record virtualnet7_ on networkser0_.vnfr_id=virtualnet7_.id left outer join vnfddeployment_flavour vnfddeploy8_ on virtualnet7_.deployment_flavour_id=vnfddeploy8_.id left outer join lifecycle_event lifecyclee9_ on virtualnet7_.lifecycle_event_id=lifecyclee9_.id left outer join network_service_record networkser10_ on virtualnet7_.parent_ns_id=networkser10_.id where networkser0_.id=?
13:23:06.641 [Test worker] DEBUG o.h.p.entity.AbstractEntityPersister - Static SQL for entity: org.project.neutrino.nfvo.catalogue.mano.descriptor.VNFComponent
13:23:06.641 [Test worker] DEBUG o.h.p.entity.AbstractEntityPersister -  Version select: select version from vnfcomponent where id =?
13:23:06.641 [Test worker] DEBUG o.h.p.entity.AbstractEntityPersister -  Snapshot select: select vnfcompone_.id, vnfcompone_.version as version2_80_ from vnfcomponent vnfcompone_ where vnfcompone_.id=?
13:23:06.641 [Test worker] DEBUG o.h.p.entity.AbstractEntityPersister -  Insert 0: insert into vnfcomponent (version, id) values (?, ?)
13:23:06.641 [Test worker] DEBUG o.h.p.entity.AbstractEntityPersister -  Update 0: update vnfcomponent set version=? where id=? and version=?
13:23:06.641 [Test worker] DEBUG o.h.p.entity.AbstractEntityPersister -  Delete 0: delete from vnfcomponent where id=? and version=?
13:23:06.641 [Test worker] DEBUG o.h.l.p.b.i.spaces.QuerySpacesImpl - Adding QuerySpace : uid = <gen:0> -> org.hibernate.loader.plan.build.internal.spaces.EntityQuerySpaceImpl@1542aa55]
13:23:06.642 [Test worker] DEBUG o.h.p.w.spi.MetamodelGraphWalker - Visiting attribute path : connection_point
13:23:06.642 [Test worker] DEBUG o.h.p.w.spi.MetamodelGraphWalker - Visiting attribute path : version
13:23:06.643 [Test worker] DEBUG o.h.l.p.b.i.FetchStyleLoadPlanBuildingAssociationVisitationStrategy - Building LoadPlan...
13:23:06.643 [Test worker] DEBUG o.h.l.p.e.i.LoadQueryJoinAndFetchProcessor - processing queryspace <gen:0>
13:23:06.643 [Test worker] DEBUG o.h.l.p.b.spi.LoadPlanTreePrinter - LoadPlan(entity=org.project.neutrino.nfvo.catalogue.mano.descriptor.VNFComponent)
    - Returns
       - EntityReturnImpl(entity=org.project.neutrino.nfvo.catalogue.mano.descriptor.VNFComponent, querySpaceUid=<gen:0>, path=org.project.neutrino.nfvo.catalogue.mano.descriptor.VNFComponent)
    - QuerySpaces
       - EntityQuerySpaceImpl(uid=<gen:0>, entity=org.project.neutrino.nfvo.catalogue.mano.descriptor.VNFComponent)
          - SQL table alias mapping - vnfcompone0_
          - alias suffix - 0_
          - suffixed key columns - {id1_80_0_}

13:23:06.643 [Test worker] DEBUG o.h.loader.entity.plan.EntityLoader - Static select for entity org.project.neutrino.nfvo.catalogue.mano.descriptor.VNFComponent [NONE]: select vnfcompone0_.id as id1_80_0_, vnfcompone0_.version as version2_80_0_ from vnfcomponent vnfcompone0_ where vnfcompone0_.id=?
13:23:06.644 [Test worker] DEBUG o.h.l.p.b.i.spaces.QuerySpacesImpl - Adding QuerySpace : uid = <gen:0> -> org.hibernate.loader.plan.build.internal.spaces.EntityQuerySpaceImpl@5433868e]
13:23:06.644 [Test worker] DEBUG o.h.p.w.spi.MetamodelGraphWalker - Visiting attribute path : connection_point
13:23:06.644 [Test worker] DEBUG o.h.p.w.spi.MetamodelGraphWalker - Visiting attribute path : version
13:23:06.644 [Test worker] DEBUG o.h.l.p.b.i.FetchStyleLoadPlanBuildingAssociationVisitationStrategy - Building LoadPlan...
13:23:06.644 [Test worker] DEBUG o.h.l.p.e.i.LoadQueryJoinAndFetchProcessor - processing queryspace <gen:0>
13:23:06.644 [Test worker] DEBUG o.h.l.p.b.spi.LoadPlanTreePrinter - LoadPlan(entity=org.project.neutrino.nfvo.catalogue.mano.descriptor.VNFComponent)
    - Returns
       - EntityReturnImpl(entity=org.project.neutrino.nfvo.catalogue.mano.descriptor.VNFComponent, querySpaceUid=<gen:0>, path=org.project.neutrino.nfvo.catalogue.mano.descriptor.VNFComponent)
    - QuerySpaces
       - EntityQuerySpaceImpl(uid=<gen:0>, entity=org.project.neutrino.nfvo.catalogue.mano.descriptor.VNFComponent)
          - SQL table alias mapping - vnfcompone0_
          - alias suffix - 0_
          - suffixed key columns - {id1_80_0_}

13:23:06.645 [Test worker] DEBUG o.h.loader.entity.plan.EntityLoader - Static select for entity org.project.neutrino.nfvo.catalogue.mano.descriptor.VNFComponent [READ]: select vnfcompone0_.id as id1_80_0_, vnfcompone0_.version as version2_80_0_ from vnfcomponent vnfcompone0_ where vnfcompone0_.id=?
13:23:06.645 [Test worker] DEBUG o.h.l.p.b.i.spaces.QuerySpacesImpl - Adding QuerySpace : uid = <gen:0> -> org.hibernate.loader.plan.build.internal.spaces.EntityQuerySpaceImpl@56c5356a]
13:23:06.645 [Test worker] DEBUG o.h.p.w.spi.MetamodelGraphWalker - Visiting attribute path : connection_point
13:23:06.645 [Test worker] DEBUG o.h.p.w.spi.MetamodelGraphWalker - Visiting attribute path : version
13:23:06.645 [Test worker] DEBUG o.h.l.p.b.i.FetchStyleLoadPlanBuildingAssociationVisitationStrategy - Building LoadPlan...
13:23:06.646 [Test worker] DEBUG o.h.l.p.e.i.LoadQueryJoinAndFetchProcessor - processing queryspace <gen:0>
13:23:06.646 [Test worker] DEBUG o.h.l.p.b.spi.LoadPlanTreePrinter - LoadPlan(entity=org.project.neutrino.nfvo.catalogue.mano.descriptor.VNFComponent)
    - Returns
       - EntityReturnImpl(entity=org.project.neutrino.nfvo.catalogue.mano.descriptor.VNFComponent, querySpaceUid=<gen:0>, path=org.project.neutrino.nfvo.catalogue.mano.descriptor.VNFComponent)
    - QuerySpaces
       - EntityQuerySpaceImpl(uid=<gen:0>, entity=org.project.neutrino.nfvo.catalogue.mano.descriptor.VNFComponent)
          - SQL table alias mapping - vnfcompone0_
          - alias suffix - 0_
          - suffixed key columns - {id1_80_0_}

13:23:06.646 [Test worker] DEBUG o.h.loader.entity.plan.EntityLoader - Static select for entity org.project.neutrino.nfvo.catalogue.mano.descriptor.VNFComponent [UPGRADE]: select vnfcompone0_.id as id1_80_0_, vnfcompone0_.version as version2_80_0_ from vnfcomponent vnfcompone0_ where vnfcompone0_.id=? for update
13:23:06.646 [Test worker] DEBUG o.h.l.p.b.i.spaces.QuerySpacesImpl - Adding QuerySpace : uid = <gen:0> -> org.hibernate.loader.plan.build.internal.spaces.EntityQuerySpaceImpl@2fc72d21]
13:23:06.646 [Test worker] DEBUG o.h.p.w.spi.MetamodelGraphWalker - Visiting attribute path : connection_point
13:23:06.646 [Test worker] DEBUG o.h.p.w.spi.MetamodelGraphWalker - Visiting attribute path : version
13:23:06.647 [Test worker] DEBUG o.h.l.p.b.i.FetchStyleLoadPlanBuildingAssociationVisitationStrategy - Building LoadPlan...
13:23:06.647 [Test worker] DEBUG o.h.l.p.e.i.LoadQueryJoinAndFetchProcessor - processing queryspace <gen:0>
13:23:06.647 [Test worker] DEBUG o.h.l.p.b.spi.LoadPlanTreePrinter - LoadPlan(entity=org.project.neutrino.nfvo.catalogue.mano.descriptor.VNFComponent)
    - Returns
       - EntityReturnImpl(entity=org.project.neutrino.nfvo.catalogue.mano.descriptor.VNFComponent, querySpaceUid=<gen:0>, path=org.project.neutrino.nfvo.catalogue.mano.descriptor.VNFComponent)
    - QuerySpaces
       - EntityQuerySpaceImpl(uid=<gen:0>, entity=org.project.neutrino.nfvo.catalogue.mano.descriptor.VNFComponent)
          - SQL table alias mapping - vnfcompone0_
          - alias suffix - 0_
          - suffixed key columns - {id1_80_0_}

13:23:06.647 [Test worker] DEBUG o.h.loader.entity.plan.EntityLoader - Static select for entity org.project.neutrino.nfvo.catalogue.mano.descriptor.VNFComponent [UPGRADE_NOWAIT]: select vnfcompone0_.id as id1_80_0_, vnfcompone0_.version as version2_80_0_ from vnfcomponent vnfcompone0_ where vnfcompone0_.id=? for update
13:23:06.647 [Test worker] DEBUG o.h.l.p.b.i.spaces.QuerySpacesImpl - Adding QuerySpace : uid = <gen:0> -> org.hibernate.loader.plan.build.internal.spaces.EntityQuerySpaceImpl@6a99d2b4]
13:23:06.647 [Test worker] DEBUG o.h.p.w.spi.MetamodelGraphWalker - Visiting attribute path : connection_point
13:23:06.647 [Test worker] DEBUG o.h.p.w.spi.MetamodelGraphWalker - Visiting attribute path : version
13:23:06.648 [Test worker] DEBUG o.h.l.p.b.i.FetchStyleLoadPlanBuildingAssociationVisitationStrategy - Building LoadPlan...
13:23:06.648 [Test worker] DEBUG o.h.l.p.e.i.LoadQueryJoinAndFetchProcessor - processing queryspace <gen:0>
13:23:06.648 [Test worker] DEBUG o.h.l.p.b.spi.LoadPlanTreePrinter - LoadPlan(entity=org.project.neutrino.nfvo.catalogue.mano.descriptor.VNFComponent)
    - Returns
       - EntityReturnImpl(entity=org.project.neutrino.nfvo.catalogue.mano.descriptor.VNFComponent, querySpaceUid=<gen:0>, path=org.project.neutrino.nfvo.catalogue.mano.descriptor.VNFComponent)
    - QuerySpaces
       - EntityQuerySpaceImpl(uid=<gen:0>, entity=org.project.neutrino.nfvo.catalogue.mano.descriptor.VNFComponent)
          - SQL table alias mapping - vnfcompone0_
          - alias suffix - 0_
          - suffixed key columns - {id1_80_0_}

13:23:06.648 [Test worker] DEBUG o.h.loader.entity.plan.EntityLoader - Static select for entity org.project.neutrino.nfvo.catalogue.mano.descriptor.VNFComponent [UPGRADE_SKIPLOCKED]: select vnfcompone0_.id as id1_80_0_, vnfcompone0_.version as version2_80_0_ from vnfcomponent vnfcompone0_ where vnfcompone0_.id=? for update
13:23:06.648 [Test worker] DEBUG o.h.l.p.b.i.spaces.QuerySpacesImpl - Adding QuerySpace : uid = <gen:0> -> org.hibernate.loader.plan.build.internal.spaces.EntityQuerySpaceImpl@2509c80d]
13:23:06.648 [Test worker] DEBUG o.h.p.w.spi.MetamodelGraphWalker - Visiting attribute path : connection_point
13:23:06.648 [Test worker] DEBUG o.h.p.w.spi.MetamodelGraphWalker - Visiting attribute path : version
13:23:06.648 [Test worker] DEBUG o.h.l.p.b.i.FetchStyleLoadPlanBuildingAssociationVisitationStrategy - Building LoadPlan...
13:23:06.649 [Test worker] DEBUG o.h.l.p.e.i.LoadQueryJoinAndFetchProcessor - processing queryspace <gen:0>
13:23:06.649 [Test worker] DEBUG o.h.l.p.b.spi.LoadPlanTreePrinter - LoadPlan(entity=org.project.neutrino.nfvo.catalogue.mano.descriptor.VNFComponent)
    - Returns
       - EntityReturnImpl(entity=org.project.neutrino.nfvo.catalogue.mano.descriptor.VNFComponent, querySpaceUid=<gen:0>, path=org.project.neutrino.nfvo.catalogue.mano.descriptor.VNFComponent)
    - QuerySpaces
       - EntityQuerySpaceImpl(uid=<gen:0>, entity=org.project.neutrino.nfvo.catalogue.mano.descriptor.VNFComponent)
          - SQL table alias mapping - vnfcompone0_
          - alias suffix - 0_
          - suffixed key columns - {id1_80_0_}

13:23:06.649 [Test worker] DEBUG o.h.loader.entity.plan.EntityLoader - Static select for entity org.project.neutrino.nfvo.catalogue.mano.descriptor.VNFComponent [FORCE]: select vnfcompone0_.id as id1_80_0_, vnfcompone0_.version as version2_80_0_ from vnfcomponent vnfcompone0_ where vnfcompone0_.id=? for update
13:23:06.649 [Test worker] DEBUG o.h.l.p.b.i.spaces.QuerySpacesImpl - Adding QuerySpace : uid = <gen:0> -> org.hibernate.loader.plan.build.internal.spaces.EntityQuerySpaceImpl@25457ca7]
13:23:06.649 [Test worker] DEBUG o.h.p.w.spi.MetamodelGraphWalker - Visiting attribute path : connection_point
13:23:06.649 [Test worker] DEBUG o.h.p.w.spi.MetamodelGraphWalker - Visiting attribute path : version
13:23:06.649 [Test worker] DEBUG o.h.l.p.b.i.FetchStyleLoadPlanBuildingAssociationVisitationStrategy - Building LoadPlan...
13:23:06.649 [Test worker] DEBUG o.h.l.p.e.i.LoadQueryJoinAndFetchProcessor - processing queryspace <gen:0>
13:23:06.650 [Test worker] DEBUG o.h.l.p.b.spi.LoadPlanTreePrinter - LoadPlan(entity=org.project.neutrino.nfvo.catalogue.mano.descriptor.VNFComponent)
    - Returns
       - EntityReturnImpl(entity=org.project.neutrino.nfvo.catalogue.mano.descriptor.VNFComponent, querySpaceUid=<gen:0>, path=org.project.neutrino.nfvo.catalogue.mano.descriptor.VNFComponent)
    - QuerySpaces
       - EntityQuerySpaceImpl(uid=<gen:0>, entity=org.project.neutrino.nfvo.catalogue.mano.descriptor.VNFComponent)
          - SQL table alias mapping - vnfcompone0_
          - alias suffix - 0_
          - suffixed key columns - {id1_80_0_}

13:23:06.650 [Test worker] DEBUG o.h.loader.entity.plan.EntityLoader - Static select for entity org.project.neutrino.nfvo.catalogue.mano.descriptor.VNFComponent [PESSIMISTIC_READ]: select vnfcompone0_.id as id1_80_0_, vnfcompone0_.version as version2_80_0_ from vnfcomponent vnfcompone0_ where vnfcompone0_.id=? lock in share mode
13:23:06.650 [Test worker] DEBUG o.h.l.p.b.i.spaces.QuerySpacesImpl - Adding QuerySpace : uid = <gen:0> -> org.hibernate.loader.plan.build.internal.spaces.EntityQuerySpaceImpl@7d294021]
13:23:06.650 [Test worker] DEBUG o.h.p.w.spi.MetamodelGraphWalker - Visiting attribute path : connection_point
13:23:06.650 [Test worker] DEBUG o.h.p.w.spi.MetamodelGraphWalker - Visiting attribute path : version
13:23:06.650 [Test worker] DEBUG o.h.l.p.b.i.FetchStyleLoadPlanBuildingAssociationVisitationStrategy - Building LoadPlan...
13:23:06.650 [Test worker] DEBUG o.h.l.p.e.i.LoadQueryJoinAndFetchProcessor - processing queryspace <gen:0>
13:23:06.651 [Test worker] DEBUG o.h.l.p.b.spi.LoadPlanTreePrinter - LoadPlan(entity=org.project.neutrino.nfvo.catalogue.mano.descriptor.VNFComponent)
    - Returns
       - EntityReturnImpl(entity=org.project.neutrino.nfvo.catalogue.mano.descriptor.VNFComponent, querySpaceUid=<gen:0>, path=org.project.neutrino.nfvo.catalogue.mano.descriptor.VNFComponent)
    - QuerySpaces
       - EntityQuerySpaceImpl(uid=<gen:0>, entity=org.project.neutrino.nfvo.catalogue.mano.descriptor.VNFComponent)
          - SQL table alias mapping - vnfcompone0_
          - alias suffix - 0_
          - suffixed key columns - {id1_80_0_}

13:23:06.651 [Test worker] DEBUG o.h.loader.entity.plan.EntityLoader - Static select for entity org.project.neutrino.nfvo.catalogue.mano.descriptor.VNFComponent [PESSIMISTIC_WRITE]: select vnfcompone0_.id as id1_80_0_, vnfcompone0_.version as version2_80_0_ from vnfcomponent vnfcompone0_ where vnfcompone0_.id=? for update
13:23:06.651 [Test worker] DEBUG o.h.l.p.b.i.spaces.QuerySpacesImpl - Adding QuerySpace : uid = <gen:0> -> org.hibernate.loader.plan.build.internal.spaces.EntityQuerySpaceImpl@68697bae]
13:23:06.651 [Test worker] DEBUG o.h.p.w.spi.MetamodelGraphWalker - Visiting attribute path : connection_point
13:23:06.651 [Test worker] DEBUG o.h.p.w.spi.MetamodelGraphWalker - Visiting attribute path : version
13:23:06.651 [Test worker] DEBUG o.h.l.p.b.i.FetchStyleLoadPlanBuildingAssociationVisitationStrategy - Building LoadPlan...
13:23:06.651 [Test worker] DEBUG o.h.l.p.e.i.LoadQueryJoinAndFetchProcessor - processing queryspace <gen:0>
13:23:06.652 [Test worker] DEBUG o.h.l.p.b.spi.LoadPlanTreePrinter - LoadPlan(entity=org.project.neutrino.nfvo.catalogue.mano.descriptor.VNFComponent)
    - Returns
       - EntityReturnImpl(entity=org.project.neutrino.nfvo.catalogue.mano.descriptor.VNFComponent, querySpaceUid=<gen:0>, path=org.project.neutrino.nfvo.catalogue.mano.descriptor.VNFComponent)
    - QuerySpaces
       - EntityQuerySpaceImpl(uid=<gen:0>, entity=org.project.neutrino.nfvo.catalogue.mano.descriptor.VNFComponent)
          - SQL table alias mapping - vnfcompone0_
          - alias suffix - 0_
          - suffixed key columns - {id1_80_0_}

13:23:06.652 [Test worker] DEBUG o.h.loader.entity.plan.EntityLoader - Static select for entity org.project.neutrino.nfvo.catalogue.mano.descriptor.VNFComponent [PESSIMISTIC_FORCE_INCREMENT]: select vnfcompone0_.id as id1_80_0_, vnfcompone0_.version as version2_80_0_ from vnfcomponent vnfcompone0_ where vnfcompone0_.id=? for update
13:23:06.652 [Test worker] DEBUG o.h.l.p.b.i.spaces.QuerySpacesImpl - Adding QuerySpace : uid = <gen:0> -> org.hibernate.loader.plan.build.internal.spaces.EntityQuerySpaceImpl@282cab3]
13:23:06.652 [Test worker] DEBUG o.h.p.w.spi.MetamodelGraphWalker - Visiting attribute path : connection_point
13:23:06.652 [Test worker] DEBUG o.h.p.w.spi.MetamodelGraphWalker - Visiting attribute path : version
13:23:06.652 [Test worker] DEBUG o.h.l.p.b.i.FetchStyleLoadPlanBuildingAssociationVisitationStrategy - Building LoadPlan...
13:23:06.652 [Test worker] DEBUG o.h.l.p.e.i.LoadQueryJoinAndFetchProcessor - processing queryspace <gen:0>
13:23:06.653 [Test worker] DEBUG o.h.l.p.b.spi.LoadPlanTreePrinter - LoadPlan(entity=org.project.neutrino.nfvo.catalogue.mano.descriptor.VNFComponent)
    - Returns
       - EntityReturnImpl(entity=org.project.neutrino.nfvo.catalogue.mano.descriptor.VNFComponent, querySpaceUid=<gen:0>, path=org.project.neutrino.nfvo.catalogue.mano.descriptor.VNFComponent)
    - QuerySpaces
       - EntityQuerySpaceImpl(uid=<gen:0>, entity=org.project.neutrino.nfvo.catalogue.mano.descriptor.VNFComponent)
          - SQL table alias mapping - vnfcompone0_
          - alias suffix - 0_
          - suffixed key columns - {id1_80_0_}

13:23:06.653 [Test worker] DEBUG o.h.loader.entity.plan.EntityLoader - Static select for entity org.project.neutrino.nfvo.catalogue.mano.descriptor.VNFComponent [OPTIMISTIC]: select vnfcompone0_.id as id1_80_0_, vnfcompone0_.version as version2_80_0_ from vnfcomponent vnfcompone0_ where vnfcompone0_.id=?
13:23:06.653 [Test worker] DEBUG o.h.l.p.b.i.spaces.QuerySpacesImpl - Adding QuerySpace : uid = <gen:0> -> org.hibernate.loader.plan.build.internal.spaces.EntityQuerySpaceImpl@2103edac]
13:23:06.653 [Test worker] DEBUG o.h.p.w.spi.MetamodelGraphWalker - Visiting attribute path : connection_point
13:23:06.653 [Test worker] DEBUG o.h.p.w.spi.MetamodelGraphWalker - Visiting attribute path : version
13:23:06.653 [Test worker] DEBUG o.h.l.p.b.i.FetchStyleLoadPlanBuildingAssociationVisitationStrategy - Building LoadPlan...
13:23:06.653 [Test worker] DEBUG o.h.l.p.e.i.LoadQueryJoinAndFetchProcessor - processing queryspace <gen:0>
13:23:06.654 [Test worker] DEBUG o.h.l.p.b.spi.LoadPlanTreePrinter - LoadPlan(entity=org.project.neutrino.nfvo.catalogue.mano.descriptor.VNFComponent)
    - Returns
       - EntityReturnImpl(entity=org.project.neutrino.nfvo.catalogue.mano.descriptor.VNFComponent, querySpaceUid=<gen:0>, path=org.project.neutrino.nfvo.catalogue.mano.descriptor.VNFComponent)
    - QuerySpaces
       - EntityQuerySpaceImpl(uid=<gen:0>, entity=org.project.neutrino.nfvo.catalogue.mano.descriptor.VNFComponent)
          - SQL table alias mapping - vnfcompone0_
          - alias suffix - 0_
          - suffixed key columns - {id1_80_0_}

13:23:06.654 [Test worker] DEBUG o.h.loader.entity.plan.EntityLoader - Static select for entity org.project.neutrino.nfvo.catalogue.mano.descriptor.VNFComponent [OPTIMISTIC_FORCE_INCREMENT]: select vnfcompone0_.id as id1_80_0_, vnfcompone0_.version as version2_80_0_ from vnfcomponent vnfcompone0_ where vnfcompone0_.id=?
13:23:06.656 [Test worker] DEBUG org.hibernate.loader.Loader - Static select for action ACTION_MERGE on entity org.project.neutrino.nfvo.catalogue.mano.descriptor.VNFComponent: select vnfcompone0_.id as id1_80_1_, vnfcompone0_.version as version2_80_1_, connection1_.vnfcomponent_id as vnfcompo1_80_3_, vnfdconnec2_.id as connecti2_81_3_, vnfdconnec2_.id as id1_4_0_, vnfdconnec2_.type as type2_4_0_, vnfdconnec2_.version as version3_4_0_, vnfdconnec2_.virtual_link_reference as virtual_1_82_0_ from vnfcomponent vnfcompone0_ left outer join vnfcomponent_connection_point connection1_ on vnfcompone0_.id=connection1_.vnfcomponent_id left outer join vnfdconnection_point vnfdconnec2_ on connection1_.connection_point_id=vnfdconnec2_.id where vnfcompone0_.id=?
13:23:06.656 [Test worker] DEBUG org.hibernate.loader.Loader - Static select for action ACTION_REFRESH on entity org.project.neutrino.nfvo.catalogue.mano.descriptor.VNFComponent: select vnfcompone0_.id as id1_80_1_, vnfcompone0_.version as version2_80_1_, connection1_.vnfcomponent_id as vnfcompo1_80_3_, vnfdconnec2_.id as connecti2_81_3_, vnfdconnec2_.id as id1_4_0_, vnfdconnec2_.type as type2_4_0_, vnfdconnec2_.version as version3_4_0_, vnfdconnec2_.virtual_link_reference as virtual_1_82_0_ from vnfcomponent vnfcompone0_ left outer join vnfcomponent_connection_point connection1_ on vnfcompone0_.id=connection1_.vnfcomponent_id left outer join vnfdconnection_point vnfdconnec2_ on connection1_.connection_point_id=vnfdconnec2_.id where vnfcompone0_.id=?
13:23:06.657 [Test worker] DEBUG o.h.p.entity.AbstractEntityPersister - Static SQL for entity: org.project.neutrino.nfvo.catalogue.mano.descriptor.InternalVirtualLink
13:23:06.657 [Test worker] DEBUG o.h.p.entity.AbstractEntityPersister -  Version select: select version from internal_virtual_link where id =?
13:23:06.657 [Test worker] DEBUG o.h.p.entity.AbstractEntityPersister -  Snapshot select: select internalvi_.id, internalvi_.connectivity_type as connecti2_0_, internalvi_.leaf_requirement as leaf_req3_0_, internalvi_.root_requirement as root_req4_0_, internalvi_.version as version5_0_ from internal_virtual_link internalvi_ where internalvi_.id=?
13:23:06.657 [Test worker] DEBUG o.h.p.entity.AbstractEntityPersister -  Insert 0: insert into internal_virtual_link (connectivity_type, leaf_requirement, root_requirement, version, id) values (?, ?, ?, ?, ?)
13:23:06.657 [Test worker] DEBUG o.h.p.entity.AbstractEntityPersister -  Update 0: update internal_virtual_link set connectivity_type=?, leaf_requirement=?, root_requirement=?, version=? where id=? and version=?
13:23:06.657 [Test worker] DEBUG o.h.p.entity.AbstractEntityPersister -  Delete 0: delete from internal_virtual_link where id=? and version=?
13:23:06.657 [Test worker] DEBUG o.h.l.p.b.i.spaces.QuerySpacesImpl - Adding QuerySpace : uid = <gen:0> -> org.hibernate.loader.plan.build.internal.spaces.EntityQuerySpaceImpl@6aab7666]
13:23:06.657 [Test worker] DEBUG o.h.p.w.spi.MetamodelGraphWalker - Visiting attribute path : connectivity_type
13:23:06.657 [Test worker] DEBUG o.h.p.w.spi.MetamodelGraphWalker - Visiting attribute path : leaf_requirement
13:23:06.657 [Test worker] DEBUG o.h.p.w.spi.MetamodelGraphWalker - Visiting attribute path : qos
13:23:06.658 [Test worker] DEBUG o.h.p.w.spi.MetamodelGraphWalker - Visiting attribute path : root_requirement
13:23:06.658 [Test worker] DEBUG o.h.p.w.spi.MetamodelGraphWalker - Visiting attribute path : test_access
13:23:06.658 [Test worker] DEBUG o.h.p.w.spi.MetamodelGraphWalker - Visiting attribute path : version
13:23:06.658 [Test worker] DEBUG o.h.p.w.spi.MetamodelGraphWalker - Visiting attribute path : connection_points_references
13:23:06.658 [Test worker] DEBUG o.h.l.p.b.i.spaces.QuerySpacesImpl - Adding QuerySpace : uid = <gen:1> -> org.hibernate.loader.plan.build.internal.spaces.CollectionQuerySpaceImpl@2b89889b]
13:23:06.658 [Test worker] DEBUG o.h.l.p.b.i.FetchStyleLoadPlanBuildingAssociationVisitationStrategy - Building LoadPlan...
13:23:06.658 [Test worker] DEBUG o.h.l.p.e.i.LoadQueryJoinAndFetchProcessor - processing queryspace <gen:0>
13:23:06.658 [Test worker] DEBUG o.h.l.p.b.spi.LoadPlanTreePrinter - LoadPlan(entity=org.project.neutrino.nfvo.catalogue.mano.descriptor.InternalVirtualLink)
    - Returns
       - EntityReturnImpl(entity=org.project.neutrino.nfvo.catalogue.mano.descriptor.InternalVirtualLink, querySpaceUid=<gen:0>, path=org.project.neutrino.nfvo.catalogue.mano.descriptor.InternalVirtualLink)
          - CollectionAttributeFetchImpl(collection=org.project.neutrino.nfvo.catalogue.mano.descriptor.InternalVirtualLink.connection_points_references, querySpaceUid=<gen:1>, path=org.project.neutrino.nfvo.catalogue.mano.descriptor.InternalVirtualLink.connection_points_references)
    - QuerySpaces
       - EntityQuerySpaceImpl(uid=<gen:0>, entity=org.project.neutrino.nfvo.catalogue.mano.descriptor.InternalVirtualLink)
          - SQL table alias mapping - internalvi0_
          - alias suffix - 0_
          - suffixed key columns - {id1_0_0_}
          - JOIN (JoinDefinedByMetadata(connection_points_references)) : <gen:0> -> <gen:1>
             - CollectionQuerySpaceImpl(uid=<gen:1>, collection=org.project.neutrino.nfvo.catalogue.mano.descriptor.InternalVirtualLink.connection_points_references)
                - SQL table alias mapping - connection1_
                - alias suffix - 1_
                - suffixed key columns - {internal1_0_1_}

13:23:06.659 [Test worker] DEBUG o.h.loader.entity.plan.EntityLoader - Static select for entity org.project.neutrino.nfvo.catalogue.mano.descriptor.InternalVirtualLink [NONE]: select internalvi0_.id as id1_0_0_, internalvi0_.connectivity_type as connecti2_0_0_, internalvi0_.leaf_requirement as leaf_req3_0_0_, internalvi0_.root_requirement as root_req4_0_0_, internalvi0_.version as version5_0_0_, connection1_.internal_virtual_link_id as internal1_0_1_, connection1_.connection_points_references as connecti2_9_1_ from internal_virtual_link internalvi0_ left outer join internal_virtual_link_connection_points_references connection1_ on internalvi0_.id=connection1_.internal_virtual_link_id where internalvi0_.id=?
13:23:06.659 [Test worker] DEBUG o.h.l.p.b.i.spaces.QuerySpacesImpl - Adding QuerySpace : uid = <gen:0> -> org.hibernate.loader.plan.build.internal.spaces.EntityQuerySpaceImpl@cb8c6fb]
13:23:06.659 [Test worker] DEBUG o.h.p.w.spi.MetamodelGraphWalker - Visiting attribute path : connectivity_type
13:23:06.659 [Test worker] DEBUG o.h.p.w.spi.MetamodelGraphWalker - Visiting attribute path : leaf_requirement
13:23:06.659 [Test worker] DEBUG o.h.p.w.spi.MetamodelGraphWalker - Visiting attribute path : qos
13:23:06.659 [Test worker] DEBUG o.h.p.w.spi.MetamodelGraphWalker - Visiting attribute path : root_requirement
13:23:06.659 [Test worker] DEBUG o.h.p.w.spi.MetamodelGraphWalker - Visiting attribute path : test_access
13:23:06.659 [Test worker] DEBUG o.h.p.w.spi.MetamodelGraphWalker - Visiting attribute path : version
13:23:06.659 [Test worker] DEBUG o.h.p.w.spi.MetamodelGraphWalker - Visiting attribute path : connection_points_references
13:23:06.659 [Test worker] DEBUG o.h.l.p.b.i.spaces.QuerySpacesImpl - Adding QuerySpace : uid = <gen:1> -> org.hibernate.loader.plan.build.internal.spaces.CollectionQuerySpaceImpl@5e8693f2]
13:23:06.660 [Test worker] DEBUG o.h.l.p.b.i.FetchStyleLoadPlanBuildingAssociationVisitationStrategy - Building LoadPlan...
13:23:06.660 [Test worker] DEBUG o.h.l.p.e.i.LoadQueryJoinAndFetchProcessor - processing queryspace <gen:0>
13:23:06.660 [Test worker] DEBUG o.h.l.p.b.spi.LoadPlanTreePrinter - LoadPlan(entity=org.project.neutrino.nfvo.catalogue.mano.descriptor.InternalVirtualLink)
    - Returns
       - EntityReturnImpl(entity=org.project.neutrino.nfvo.catalogue.mano.descriptor.InternalVirtualLink, querySpaceUid=<gen:0>, path=org.project.neutrino.nfvo.catalogue.mano.descriptor.InternalVirtualLink)
          - CollectionAttributeFetchImpl(collection=org.project.neutrino.nfvo.catalogue.mano.descriptor.InternalVirtualLink.connection_points_references, querySpaceUid=<gen:1>, path=org.project.neutrino.nfvo.catalogue.mano.descriptor.InternalVirtualLink.connection_points_references)
    - QuerySpaces
       - EntityQuerySpaceImpl(uid=<gen:0>, entity=org.project.neutrino.nfvo.catalogue.mano.descriptor.InternalVirtualLink)
          - SQL table alias mapping - internalvi0_
          - alias suffix - 0_
          - suffixed key columns - {id1_0_0_}
          - JOIN (JoinDefinedByMetadata(connection_points_references)) : <gen:0> -> <gen:1>
             - CollectionQuerySpaceImpl(uid=<gen:1>, collection=org.project.neutrino.nfvo.catalogue.mano.descriptor.InternalVirtualLink.connection_points_references)
                - SQL table alias mapping - connection1_
                - alias suffix - 1_
                - suffixed key columns - {internal1_0_1_}

13:23:06.660 [Test worker] DEBUG o.h.loader.entity.plan.EntityLoader - Static select for entity org.project.neutrino.nfvo.catalogue.mano.descriptor.InternalVirtualLink [READ]: select internalvi0_.id as id1_0_0_, internalvi0_.connectivity_type as connecti2_0_0_, internalvi0_.leaf_requirement as leaf_req3_0_0_, internalvi0_.root_requirement as root_req4_0_0_, internalvi0_.version as version5_0_0_, connection1_.internal_virtual_link_id as internal1_0_1_, connection1_.connection_points_references as connecti2_9_1_ from internal_virtual_link internalvi0_ left outer join internal_virtual_link_connection_points_references connection1_ on internalvi0_.id=connection1_.internal_virtual_link_id where internalvi0_.id=?
13:23:06.660 [Test worker] DEBUG o.h.l.p.b.i.spaces.QuerySpacesImpl - Adding QuerySpace : uid = <gen:0> -> org.hibernate.loader.plan.build.internal.spaces.EntityQuerySpaceImpl@52f121d6]
13:23:06.661 [Test worker] DEBUG o.h.p.w.spi.MetamodelGraphWalker - Visiting attribute path : connectivity_type
13:23:06.661 [Test worker] DEBUG o.h.p.w.spi.MetamodelGraphWalker - Visiting attribute path : leaf_requirement
13:23:06.661 [Test worker] DEBUG o.h.p.w.spi.MetamodelGraphWalker - Visiting attribute path : qos
13:23:06.661 [Test worker] DEBUG o.h.p.w.spi.MetamodelGraphWalker - Visiting attribute path : root_requirement
13:23:06.661 [Test worker] DEBUG o.h.p.w.spi.MetamodelGraphWalker - Visiting attribute path : test_access
13:23:06.661 [Test worker] DEBUG o.h.p.w.spi.MetamodelGraphWalker - Visiting attribute path : version
13:23:06.661 [Test worker] DEBUG o.h.p.w.spi.MetamodelGraphWalker - Visiting attribute path : connection_points_references
13:23:06.661 [Test worker] DEBUG o.h.l.p.b.i.spaces.QuerySpacesImpl - Adding QuerySpace : uid = <gen:1> -> org.hibernate.loader.plan.build.internal.spaces.CollectionQuerySpaceImpl@6a784c06]
13:23:06.661 [Test worker] DEBUG o.h.l.p.b.i.FetchStyleLoadPlanBuildingAssociationVisitationStrategy - Building LoadPlan...
13:23:06.661 [Test worker] DEBUG o.h.l.p.e.i.LoadQueryJoinAndFetchProcessor - processing queryspace <gen:0>
13:23:06.662 [Test worker] DEBUG o.h.l.p.b.spi.LoadPlanTreePrinter - LoadPlan(entity=org.project.neutrino.nfvo.catalogue.mano.descriptor.InternalVirtualLink)
    - Returns
       - EntityReturnImpl(entity=org.project.neutrino.nfvo.catalogue.mano.descriptor.InternalVirtualLink, querySpaceUid=<gen:0>, path=org.project.neutrino.nfvo.catalogue.mano.descriptor.InternalVirtualLink)
          - CollectionAttributeFetchImpl(collection=org.project.neutrino.nfvo.catalogue.mano.descriptor.InternalVirtualLink.connection_points_references, querySpaceUid=<gen:1>, path=org.project.neutrino.nfvo.catalogue.mano.descriptor.InternalVirtualLink.connection_points_references)
    - QuerySpaces
       - EntityQuerySpaceImpl(uid=<gen:0>, entity=org.project.neutrino.nfvo.catalogue.mano.descriptor.InternalVirtualLink)
          - SQL table alias mapping - internalvi0_
          - alias suffix - 0_
          - suffixed key columns - {id1_0_0_}

13:23:06.662 [Test worker] DEBUG o.h.loader.entity.plan.EntityLoader - Static select for entity org.project.neutrino.nfvo.catalogue.mano.descriptor.InternalVirtualLink [UPGRADE]: select internalvi0_.id as id1_0_0_, internalvi0_.connectivity_type as connecti2_0_0_, internalvi0_.leaf_requirement as leaf_req3_0_0_, internalvi0_.root_requirement as root_req4_0_0_, internalvi0_.version as version5_0_0_ from internal_virtual_link internalvi0_ where internalvi0_.id=? for update
13:23:06.662 [Test worker] DEBUG o.h.l.p.b.i.spaces.QuerySpacesImpl - Adding QuerySpace : uid = <gen:0> -> org.hibernate.loader.plan.build.internal.spaces.EntityQuerySpaceImpl@7fc75485]
13:23:06.662 [Test worker] DEBUG o.h.p.w.spi.MetamodelGraphWalker - Visiting attribute path : connectivity_type
13:23:06.662 [Test worker] DEBUG o.h.p.w.spi.MetamodelGraphWalker - Visiting attribute path : leaf_requirement
13:23:06.662 [Test worker] DEBUG o.h.p.w.spi.MetamodelGraphWalker - Visiting attribute path : qos
13:23:06.662 [Test worker] DEBUG o.h.p.w.spi.MetamodelGraphWalker - Visiting attribute path : root_requirement
13:23:06.662 [Test worker] DEBUG o.h.p.w.spi.MetamodelGraphWalker - Visiting attribute path : test_access
13:23:06.662 [Test worker] DEBUG o.h.p.w.spi.MetamodelGraphWalker - Visiting attribute path : version
13:23:06.662 [Test worker] DEBUG o.h.p.w.spi.MetamodelGraphWalker - Visiting attribute path : connection_points_references
13:23:06.663 [Test worker] DEBUG o.h.l.p.b.i.spaces.QuerySpacesImpl - Adding QuerySpace : uid = <gen:1> -> org.hibernate.loader.plan.build.internal.spaces.CollectionQuerySpaceImpl@7bc979dd]
13:23:06.663 [Test worker] DEBUG o.h.l.p.b.i.FetchStyleLoadPlanBuildingAssociationVisitationStrategy - Building LoadPlan...
13:23:06.663 [Test worker] DEBUG o.h.l.p.e.i.LoadQueryJoinAndFetchProcessor - processing queryspace <gen:0>
13:23:06.663 [Test worker] DEBUG o.h.l.p.b.spi.LoadPlanTreePrinter - LoadPlan(entity=org.project.neutrino.nfvo.catalogue.mano.descriptor.InternalVirtualLink)
    - Returns
       - EntityReturnImpl(entity=org.project.neutrino.nfvo.catalogue.mano.descriptor.InternalVirtualLink, querySpaceUid=<gen:0>, path=org.project.neutrino.nfvo.catalogue.mano.descriptor.InternalVirtualLink)
          - CollectionAttributeFetchImpl(collection=org.project.neutrino.nfvo.catalogue.mano.descriptor.InternalVirtualLink.connection_points_references, querySpaceUid=<gen:1>, path=org.project.neutrino.nfvo.catalogue.mano.descriptor.InternalVirtualLink.connection_points_references)
    - QuerySpaces
       - EntityQuerySpaceImpl(uid=<gen:0>, entity=org.project.neutrino.nfvo.catalogue.mano.descriptor.InternalVirtualLink)
          - SQL table alias mapping - internalvi0_
          - alias suffix - 0_
          - suffixed key columns - {id1_0_0_}

13:23:06.663 [Test worker] DEBUG o.h.loader.entity.plan.EntityLoader - Static select for entity org.project.neutrino.nfvo.catalogue.mano.descriptor.InternalVirtualLink [UPGRADE_NOWAIT]: select internalvi0_.id as id1_0_0_, internalvi0_.connectivity_type as connecti2_0_0_, internalvi0_.leaf_requirement as leaf_req3_0_0_, internalvi0_.root_requirement as root_req4_0_0_, internalvi0_.version as version5_0_0_ from internal_virtual_link internalvi0_ where internalvi0_.id=? for update
13:23:06.663 [Test worker] DEBUG o.h.l.p.b.i.spaces.QuerySpacesImpl - Adding QuerySpace : uid = <gen:0> -> org.hibernate.loader.plan.build.internal.spaces.EntityQuerySpaceImpl@685fdba8]
13:23:06.663 [Test worker] DEBUG o.h.p.w.spi.MetamodelGraphWalker - Visiting attribute path : connectivity_type
13:23:06.664 [Test worker] DEBUG o.h.p.w.spi.MetamodelGraphWalker - Visiting attribute path : leaf_requirement
13:23:06.664 [Test worker] DEBUG o.h.p.w.spi.MetamodelGraphWalker - Visiting attribute path : qos
13:23:06.664 [Test worker] DEBUG o.h.p.w.spi.MetamodelGraphWalker - Visiting attribute path : root_requirement
13:23:06.664 [Test worker] DEBUG o.h.p.w.spi.MetamodelGraphWalker - Visiting attribute path : test_access
13:23:06.664 [Test worker] DEBUG o.h.p.w.spi.MetamodelGraphWalker - Visiting attribute path : version
13:23:06.664 [Test worker] DEBUG o.h.p.w.spi.MetamodelGraphWalker - Visiting attribute path : connection_points_references
13:23:06.664 [Test worker] DEBUG o.h.l.p.b.i.spaces.QuerySpacesImpl - Adding QuerySpace : uid = <gen:1> -> org.hibernate.loader.plan.build.internal.spaces.CollectionQuerySpaceImpl@262c84f0]
13:23:06.664 [Test worker] DEBUG o.h.l.p.b.i.FetchStyleLoadPlanBuildingAssociationVisitationStrategy - Building LoadPlan...
13:23:06.664 [Test worker] DEBUG o.h.l.p.e.i.LoadQueryJoinAndFetchProcessor - processing queryspace <gen:0>
13:23:06.665 [Test worker] DEBUG o.h.l.p.b.spi.LoadPlanTreePrinter - LoadPlan(entity=org.project.neutrino.nfvo.catalogue.mano.descriptor.InternalVirtualLink)
    - Returns
       - EntityReturnImpl(entity=org.project.neutrino.nfvo.catalogue.mano.descriptor.InternalVirtualLink, querySpaceUid=<gen:0>, path=org.project.neutrino.nfvo.catalogue.mano.descriptor.InternalVirtualLink)
          - CollectionAttributeFetchImpl(collection=org.project.neutrino.nfvo.catalogue.mano.descriptor.InternalVirtualLink.connection_points_references, querySpaceUid=<gen:1>, path=org.project.neutrino.nfvo.catalogue.mano.descriptor.InternalVirtualLink.connection_points_references)
    - QuerySpaces
       - EntityQuerySpaceImpl(uid=<gen:0>, entity=org.project.neutrino.nfvo.catalogue.mano.descriptor.InternalVirtualLink)
          - SQL table alias mapping - internalvi0_
          - alias suffix - 0_
          - suffixed key columns - {id1_0_0_}

13:23:06.665 [Test worker] DEBUG o.h.loader.entity.plan.EntityLoader - Static select for entity org.project.neutrino.nfvo.catalogue.mano.descriptor.InternalVirtualLink [UPGRADE_SKIPLOCKED]: select internalvi0_.id as id1_0_0_, internalvi0_.connectivity_type as connecti2_0_0_, internalvi0_.leaf_requirement as leaf_req3_0_0_, internalvi0_.root_requirement as root_req4_0_0_, internalvi0_.version as version5_0_0_ from internal_virtual_link internalvi0_ where internalvi0_.id=? for update
13:23:06.665 [Test worker] DEBUG o.h.l.p.b.i.spaces.QuerySpacesImpl - Adding QuerySpace : uid = <gen:0> -> org.hibernate.loader.plan.build.internal.spaces.EntityQuerySpaceImpl@34cbbc24]
13:23:06.665 [Test worker] DEBUG o.h.p.w.spi.MetamodelGraphWalker - Visiting attribute path : connectivity_type
13:23:06.665 [Test worker] DEBUG o.h.p.w.spi.MetamodelGraphWalker - Visiting attribute path : leaf_requirement
13:23:06.665 [Test worker] DEBUG o.h.p.w.spi.MetamodelGraphWalker - Visiting attribute path : qos
13:23:06.665 [Test worker] DEBUG o.h.p.w.spi.MetamodelGraphWalker - Visiting attribute path : root_requirement
13:23:06.665 [Test worker] DEBUG o.h.p.w.spi.MetamodelGraphWalker - Visiting attribute path : test_access
13:23:06.665 [Test worker] DEBUG o.h.p.w.spi.MetamodelGraphWalker - Visiting attribute path : version
13:23:06.665 [Test worker] DEBUG o.h.p.w.spi.MetamodelGraphWalker - Visiting attribute path : connection_points_references
13:23:06.665 [Test worker] DEBUG o.h.l.p.b.i.spaces.QuerySpacesImpl - Adding QuerySpace : uid = <gen:1> -> org.hibernate.loader.plan.build.internal.spaces.CollectionQuerySpaceImpl@69761a56]
13:23:06.666 [Test worker] DEBUG o.h.l.p.b.i.FetchStyleLoadPlanBuildingAssociationVisitationStrategy - Building LoadPlan...
13:23:06.666 [Test worker] DEBUG o.h.l.p.e.i.LoadQueryJoinAndFetchProcessor - processing queryspace <gen:0>
13:23:06.666 [Test worker] DEBUG o.h.l.p.b.spi.LoadPlanTreePrinter - LoadPlan(entity=org.project.neutrino.nfvo.catalogue.mano.descriptor.InternalVirtualLink)
    - Returns
       - EntityReturnImpl(entity=org.project.neutrino.nfvo.catalogue.mano.descriptor.InternalVirtualLink, querySpaceUid=<gen:0>, path=org.project.neutrino.nfvo.catalogue.mano.descriptor.InternalVirtualLink)
          - CollectionAttributeFetchImpl(collection=org.project.neutrino.nfvo.catalogue.mano.descriptor.InternalVirtualLink.connection_points_references, querySpaceUid=<gen:1>, path=org.project.neutrino.nfvo.catalogue.mano.descriptor.InternalVirtualLink.connection_points_references)
    - QuerySpaces
       - EntityQuerySpaceImpl(uid=<gen:0>, entity=org.project.neutrino.nfvo.catalogue.mano.descriptor.InternalVirtualLink)
          - SQL table alias mapping - internalvi0_
          - alias suffix - 0_
          - suffixed key columns - {id1_0_0_}

13:23:06.666 [Test worker] DEBUG o.h.loader.entity.plan.EntityLoader - Static select for entity org.project.neutrino.nfvo.catalogue.mano.descriptor.InternalVirtualLink [FORCE]: select internalvi0_.id as id1_0_0_, internalvi0_.connectivity_type as connecti2_0_0_, internalvi0_.leaf_requirement as leaf_req3_0_0_, internalvi0_.root_requirement as root_req4_0_0_, internalvi0_.version as version5_0_0_ from internal_virtual_link internalvi0_ where internalvi0_.id=? for update
13:23:06.666 [Test worker] DEBUG o.h.l.p.b.i.spaces.QuerySpacesImpl - Adding QuerySpace : uid = <gen:0> -> org.hibernate.loader.plan.build.internal.spaces.EntityQuerySpaceImpl@48bb3a31]
13:23:06.666 [Test worker] DEBUG o.h.p.w.spi.MetamodelGraphWalker - Visiting attribute path : connectivity_type
13:23:06.667 [Test worker] DEBUG o.h.p.w.spi.MetamodelGraphWalker - Visiting attribute path : leaf_requirement
13:23:06.667 [Test worker] DEBUG o.h.p.w.spi.MetamodelGraphWalker - Visiting attribute path : qos
13:23:06.667 [Test worker] DEBUG o.h.p.w.spi.MetamodelGraphWalker - Visiting attribute path : root_requirement
13:23:06.667 [Test worker] DEBUG o.h.p.w.spi.MetamodelGraphWalker - Visiting attribute path : test_access
13:23:06.667 [Test worker] DEBUG o.h.p.w.spi.MetamodelGraphWalker - Visiting attribute path : version
13:23:06.667 [Test worker] DEBUG o.h.p.w.spi.MetamodelGraphWalker - Visiting attribute path : connection_points_references
13:23:06.667 [Test worker] DEBUG o.h.l.p.b.i.spaces.QuerySpacesImpl - Adding QuerySpace : uid = <gen:1> -> org.hibernate.loader.plan.build.internal.spaces.CollectionQuerySpaceImpl@21f803ea]
13:23:06.667 [Test worker] DEBUG o.h.l.p.b.i.FetchStyleLoadPlanBuildingAssociationVisitationStrategy - Building LoadPlan...
13:23:06.667 [Test worker] DEBUG o.h.l.p.e.i.LoadQueryJoinAndFetchProcessor - processing queryspace <gen:0>
13:23:06.667 [Test worker] DEBUG o.h.l.p.b.spi.LoadPlanTreePrinter - LoadPlan(entity=org.project.neutrino.nfvo.catalogue.mano.descriptor.InternalVirtualLink)
    - Returns
       - EntityReturnImpl(entity=org.project.neutrino.nfvo.catalogue.mano.descriptor.InternalVirtualLink, querySpaceUid=<gen:0>, path=org.project.neutrino.nfvo.catalogue.mano.descriptor.InternalVirtualLink)
          - CollectionAttributeFetchImpl(collection=org.project.neutrino.nfvo.catalogue.mano.descriptor.InternalVirtualLink.connection_points_references, querySpaceUid=<gen:1>, path=org.project.neutrino.nfvo.catalogue.mano.descriptor.InternalVirtualLink.connection_points_references)
    - QuerySpaces
       - EntityQuerySpaceImpl(uid=<gen:0>, entity=org.project.neutrino.nfvo.catalogue.mano.descriptor.InternalVirtualLink)
          - SQL table alias mapping - internalvi0_
          - alias suffix - 0_
          - suffixed key columns - {id1_0_0_}

13:23:06.667 [Test worker] DEBUG o.h.loader.entity.plan.EntityLoader - Static select for entity org.project.neutrino.nfvo.catalogue.mano.descriptor.InternalVirtualLink [PESSIMISTIC_READ]: select internalvi0_.id as id1_0_0_, internalvi0_.connectivity_type as connecti2_0_0_, internalvi0_.leaf_requirement as leaf_req3_0_0_, internalvi0_.root_requirement as root_req4_0_0_, internalvi0_.version as version5_0_0_ from internal_virtual_link internalvi0_ where internalvi0_.id=? lock in share mode
13:23:06.668 [Test worker] DEBUG o.h.l.p.b.i.spaces.QuerySpacesImpl - Adding QuerySpace : uid = <gen:0> -> org.hibernate.loader.plan.build.internal.spaces.EntityQuerySpaceImpl@21c90912]
13:23:06.668 [Test worker] DEBUG o.h.p.w.spi.MetamodelGraphWalker - Visiting attribute path : connectivity_type
13:23:06.668 [Test worker] DEBUG o.h.p.w.spi.MetamodelGraphWalker - Visiting attribute path : leaf_requirement
13:23:06.668 [Test worker] DEBUG o.h.p.w.spi.MetamodelGraphWalker - Visiting attribute path : qos
13:23:06.668 [Test worker] DEBUG o.h.p.w.spi.MetamodelGraphWalker - Visiting attribute path : root_requirement
13:23:06.668 [Test worker] DEBUG o.h.p.w.spi.MetamodelGraphWalker - Visiting attribute path : test_access
13:23:06.668 [Test worker] DEBUG o.h.p.w.spi.MetamodelGraphWalker - Visiting attribute path : version
13:23:06.668 [Test worker] DEBUG o.h.p.w.spi.MetamodelGraphWalker - Visiting attribute path : connection_points_references
13:23:06.668 [Test worker] DEBUG o.h.l.p.b.i.spaces.QuerySpacesImpl - Adding QuerySpace : uid = <gen:1> -> org.hibernate.loader.plan.build.internal.spaces.CollectionQuerySpaceImpl@13cd4abe]
13:23:06.669 [Test worker] DEBUG o.h.l.p.b.i.FetchStyleLoadPlanBuildingAssociationVisitationStrategy - Building LoadPlan...
13:23:06.669 [Test worker] DEBUG o.h.l.p.e.i.LoadQueryJoinAndFetchProcessor - processing queryspace <gen:0>
13:23:06.669 [Test worker] DEBUG o.h.l.p.b.spi.LoadPlanTreePrinter - LoadPlan(entity=org.project.neutrino.nfvo.catalogue.mano.descriptor.InternalVirtualLink)
    - Returns
       - EntityReturnImpl(entity=org.project.neutrino.nfvo.catalogue.mano.descriptor.InternalVirtualLink, querySpaceUid=<gen:0>, path=org.project.neutrino.nfvo.catalogue.mano.descriptor.InternalVirtualLink)
          - CollectionAttributeFetchImpl(collection=org.project.neutrino.nfvo.catalogue.mano.descriptor.InternalVirtualLink.connection_points_references, querySpaceUid=<gen:1>, path=org.project.neutrino.nfvo.catalogue.mano.descriptor.InternalVirtualLink.connection_points_references)
    - QuerySpaces
       - EntityQuerySpaceImpl(uid=<gen:0>, entity=org.project.neutrino.nfvo.catalogue.mano.descriptor.InternalVirtualLink)
          - SQL table alias mapping - internalvi0_
          - alias suffix - 0_
          - suffixed key columns - {id1_0_0_}

13:23:06.669 [Test worker] DEBUG o.h.loader.entity.plan.EntityLoader - Static select for entity org.project.neutrino.nfvo.catalogue.mano.descriptor.InternalVirtualLink [PESSIMISTIC_WRITE]: select internalvi0_.id as id1_0_0_, internalvi0_.connectivity_type as connecti2_0_0_, internalvi0_.leaf_requirement as leaf_req3_0_0_, internalvi0_.root_requirement as root_req4_0_0_, internalvi0_.version as version5_0_0_ from internal_virtual_link internalvi0_ where internalvi0_.id=? for update
13:23:06.669 [Test worker] DEBUG o.h.l.p.b.i.spaces.QuerySpacesImpl - Adding QuerySpace : uid = <gen:0> -> org.hibernate.loader.plan.build.internal.spaces.EntityQuerySpaceImpl@ae60a1a]
13:23:06.669 [Test worker] DEBUG o.h.p.w.spi.MetamodelGraphWalker - Visiting attribute path : connectivity_type
13:23:06.670 [Test worker] DEBUG o.h.p.w.spi.MetamodelGraphWalker - Visiting attribute path : leaf_requirement
13:23:06.670 [Test worker] DEBUG o.h.p.w.spi.MetamodelGraphWalker - Visiting attribute path : qos
13:23:06.670 [Test worker] DEBUG o.h.p.w.spi.MetamodelGraphWalker - Visiting attribute path : root_requirement
13:23:06.670 [Test worker] DEBUG o.h.p.w.spi.MetamodelGraphWalker - Visiting attribute path : test_access
13:23:06.670 [Test worker] DEBUG o.h.p.w.spi.MetamodelGraphWalker - Visiting attribute path : version
13:23:06.670 [Test worker] DEBUG o.h.p.w.spi.MetamodelGraphWalker - Visiting attribute path : connection_points_references
13:23:06.670 [Test worker] DEBUG o.h.l.p.b.i.spaces.QuerySpacesImpl - Adding QuerySpace : uid = <gen:1> -> org.hibernate.loader.plan.build.internal.spaces.CollectionQuerySpaceImpl@7404655a]
13:23:06.670 [Test worker] DEBUG o.h.l.p.b.i.FetchStyleLoadPlanBuildingAssociationVisitationStrategy - Building LoadPlan...
13:23:06.670 [Test worker] DEBUG o.h.l.p.e.i.LoadQueryJoinAndFetchProcessor - processing queryspace <gen:0>
13:23:06.670 [Test worker] DEBUG o.h.l.p.b.spi.LoadPlanTreePrinter - LoadPlan(entity=org.project.neutrino.nfvo.catalogue.mano.descriptor.InternalVirtualLink)
    - Returns
       - EntityReturnImpl(entity=org.project.neutrino.nfvo.catalogue.mano.descriptor.InternalVirtualLink, querySpaceUid=<gen:0>, path=org.project.neutrino.nfvo.catalogue.mano.descriptor.InternalVirtualLink)
          - CollectionAttributeFetchImpl(collection=org.project.neutrino.nfvo.catalogue.mano.descriptor.InternalVirtualLink.connection_points_references, querySpaceUid=<gen:1>, path=org.project.neutrino.nfvo.catalogue.mano.descriptor.InternalVirtualLink.connection_points_references)
    - QuerySpaces
       - EntityQuerySpaceImpl(uid=<gen:0>, entity=org.project.neutrino.nfvo.catalogue.mano.descriptor.InternalVirtualLink)
          - SQL table alias mapping - internalvi0_
          - alias suffix - 0_
          - suffixed key columns - {id1_0_0_}

13:23:06.670 [Test worker] DEBUG o.h.loader.entity.plan.EntityLoader - Static select for entity org.project.neutrino.nfvo.catalogue.mano.descriptor.InternalVirtualLink [PESSIMISTIC_FORCE_INCREMENT]: select internalvi0_.id as id1_0_0_, internalvi0_.connectivity_type as connecti2_0_0_, internalvi0_.leaf_requirement as leaf_req3_0_0_, internalvi0_.root_requirement as root_req4_0_0_, internalvi0_.version as version5_0_0_ from internal_virtual_link internalvi0_ where internalvi0_.id=? for update
13:23:06.670 [Test worker] DEBUG o.h.l.p.b.i.spaces.QuerySpacesImpl - Adding QuerySpace : uid = <gen:0> -> org.hibernate.loader.plan.build.internal.spaces.EntityQuerySpaceImpl@4c9a3337]
13:23:06.670 [Test worker] DEBUG o.h.p.w.spi.MetamodelGraphWalker - Visiting attribute path : connectivity_type
13:23:06.670 [Test worker] DEBUG o.h.p.w.spi.MetamodelGraphWalker - Visiting attribute path : leaf_requirement
13:23:06.670 [Test worker] DEBUG o.h.p.w.spi.MetamodelGraphWalker - Visiting attribute path : qos
13:23:06.670 [Test worker] DEBUG o.h.p.w.spi.MetamodelGraphWalker - Visiting attribute path : root_requirement
13:23:06.671 [Test worker] DEBUG o.h.p.w.spi.MetamodelGraphWalker - Visiting attribute path : test_access
13:23:06.671 [Test worker] DEBUG o.h.p.w.spi.MetamodelGraphWalker - Visiting attribute path : version
13:23:06.671 [Test worker] DEBUG o.h.p.w.spi.MetamodelGraphWalker - Visiting attribute path : connection_points_references
13:23:06.671 [Test worker] DEBUG o.h.l.p.b.i.spaces.QuerySpacesImpl - Adding QuerySpace : uid = <gen:1> -> org.hibernate.loader.plan.build.internal.spaces.CollectionQuerySpaceImpl@56d22841]
13:23:06.672 [Test worker] DEBUG o.h.l.p.b.i.FetchStyleLoadPlanBuildingAssociationVisitationStrategy - Building LoadPlan...
13:23:06.672 [Test worker] DEBUG o.h.l.p.e.i.LoadQueryJoinAndFetchProcessor - processing queryspace <gen:0>
13:23:06.672 [Test worker] DEBUG o.h.l.p.b.spi.LoadPlanTreePrinter - LoadPlan(entity=org.project.neutrino.nfvo.catalogue.mano.descriptor.InternalVirtualLink)
    - Returns
       - EntityReturnImpl(entity=org.project.neutrino.nfvo.catalogue.mano.descriptor.InternalVirtualLink, querySpaceUid=<gen:0>, path=org.project.neutrino.nfvo.catalogue.mano.descriptor.InternalVirtualLink)
          - CollectionAttributeFetchImpl(collection=org.project.neutrino.nfvo.catalogue.mano.descriptor.InternalVirtualLink.connection_points_references, querySpaceUid=<gen:1>, path=org.project.neutrino.nfvo.catalogue.mano.descriptor.InternalVirtualLink.connection_points_references)
    - QuerySpaces
       - EntityQuerySpaceImpl(uid=<gen:0>, entity=org.project.neutrino.nfvo.catalogue.mano.descriptor.InternalVirtualLink)
          - SQL table alias mapping - internalvi0_
          - alias suffix - 0_
          - suffixed key columns - {id1_0_0_}

13:23:06.672 [Test worker] DEBUG o.h.loader.entity.plan.EntityLoader - Static select for entity org.project.neutrino.nfvo.catalogue.mano.descriptor.InternalVirtualLink [OPTIMISTIC]: select internalvi0_.id as id1_0_0_, internalvi0_.connectivity_type as connecti2_0_0_, internalvi0_.leaf_requirement as leaf_req3_0_0_, internalvi0_.root_requirement as root_req4_0_0_, internalvi0_.version as version5_0_0_ from internal_virtual_link internalvi0_ where internalvi0_.id=?
13:23:06.672 [Test worker] DEBUG o.h.l.p.b.i.spaces.QuerySpacesImpl - Adding QuerySpace : uid = <gen:0> -> org.hibernate.loader.plan.build.internal.spaces.EntityQuerySpaceImpl@7f50efee]
13:23:06.673 [Test worker] DEBUG o.h.p.w.spi.MetamodelGraphWalker - Visiting attribute path : connectivity_type
13:23:06.673 [Test worker] DEBUG o.h.p.w.spi.MetamodelGraphWalker - Visiting attribute path : leaf_requirement
13:23:06.673 [Test worker] DEBUG o.h.p.w.spi.MetamodelGraphWalker - Visiting attribute path : qos
13:23:06.673 [Test worker] DEBUG o.h.p.w.spi.MetamodelGraphWalker - Visiting attribute path : root_requirement
13:23:06.673 [Test worker] DEBUG o.h.p.w.spi.MetamodelGraphWalker - Visiting attribute path : test_access
13:23:06.673 [Test worker] DEBUG o.h.p.w.spi.MetamodelGraphWalker - Visiting attribute path : version
13:23:06.673 [Test worker] DEBUG o.h.p.w.spi.MetamodelGraphWalker - Visiting attribute path : connection_points_references
13:23:06.673 [Test worker] DEBUG o.h.l.p.b.i.spaces.QuerySpacesImpl - Adding QuerySpace : uid = <gen:1> -> org.hibernate.loader.plan.build.internal.spaces.CollectionQuerySpaceImpl@3340fefd]
13:23:06.673 [Test worker] DEBUG o.h.l.p.b.i.FetchStyleLoadPlanBuildingAssociationVisitationStrategy - Building LoadPlan...
13:23:06.673 [Test worker] DEBUG o.h.l.p.e.i.LoadQueryJoinAndFetchProcessor - processing queryspace <gen:0>
13:23:06.674 [Test worker] DEBUG o.h.l.p.b.spi.LoadPlanTreePrinter - LoadPlan(entity=org.project.neutrino.nfvo.catalogue.mano.descriptor.InternalVirtualLink)
    - Returns
       - EntityReturnImpl(entity=org.project.neutrino.nfvo.catalogue.mano.descriptor.InternalVirtualLink, querySpaceUid=<gen:0>, path=org.project.neutrino.nfvo.catalogue.mano.descriptor.InternalVirtualLink)
          - CollectionAttributeFetchImpl(collection=org.project.neutrino.nfvo.catalogue.mano.descriptor.InternalVirtualLink.connection_points_references, querySpaceUid=<gen:1>, path=org.project.neutrino.nfvo.catalogue.mano.descriptor.InternalVirtualLink.connection_points_references)
    - QuerySpaces
       - EntityQuerySpaceImpl(uid=<gen:0>, entity=org.project.neutrino.nfvo.catalogue.mano.descriptor.InternalVirtualLink)
          - SQL table alias mapping - internalvi0_
          - alias suffix - 0_
          - suffixed key columns - {id1_0_0_}

13:23:06.674 [Test worker] DEBUG o.h.loader.entity.plan.EntityLoader - Static select for entity org.project.neutrino.nfvo.catalogue.mano.descriptor.InternalVirtualLink [OPTIMISTIC_FORCE_INCREMENT]: select internalvi0_.id as id1_0_0_, internalvi0_.connectivity_type as connecti2_0_0_, internalvi0_.leaf_requirement as leaf_req3_0_0_, internalvi0_.root_requirement as root_req4_0_0_, internalvi0_.version as version5_0_0_ from internal_virtual_link internalvi0_ where internalvi0_.id=?
13:23:06.674 [Test worker] DEBUG org.hibernate.loader.Loader - Static select for action ACTION_MERGE on entity org.project.neutrino.nfvo.catalogue.mano.descriptor.InternalVirtualLink: select internalvi0_.id as id1_0_0_, internalvi0_.connectivity_type as connecti2_0_0_, internalvi0_.leaf_requirement as leaf_req3_0_0_, internalvi0_.root_requirement as root_req4_0_0_, internalvi0_.version as version5_0_0_ from internal_virtual_link internalvi0_ where internalvi0_.id=?
13:23:06.674 [Test worker] DEBUG org.hibernate.loader.Loader - Static select for action ACTION_REFRESH on entity org.project.neutrino.nfvo.catalogue.mano.descriptor.InternalVirtualLink: select internalvi0_.id as id1_0_0_, internalvi0_.connectivity_type as connecti2_0_0_, internalvi0_.leaf_requirement as leaf_req3_0_0_, internalvi0_.root_requirement as root_req4_0_0_, internalvi0_.version as version5_0_0_ from internal_virtual_link internalvi0_ where internalvi0_.id=?
13:23:06.675 [Test worker] DEBUG o.h.p.entity.AbstractEntityPersister - Static SQL for entity: org.project.neutrino.nfvo.catalogue.mano.descriptor.VNFForwardingGraph
13:23:06.675 [Test worker] DEBUG o.h.p.entity.AbstractEntityPersister -  Version select: select hb_version from vnfforwarding_graph where id =?
13:23:06.675 [Test worker] DEBUG o.h.p.entity.AbstractEntityPersister -  Snapshot select: select vnfforward_.id, vnfforward_.descriptor_version as descript2_87_, vnfforward_.hb_version as hb_versi3_87_, vnfforward_.number_of_endpoints as number_o4_87_, vnfforward_.number_of_virtual_links as number_o5_87_, vnfforward_.vendor as vendor6_87_, vnfforward_.version as version7_87_, vnfforward_.vnffgd_security_id as vnffgd_s8_87_ from vnfforwarding_graph vnfforward_ where vnfforward_.id=?
13:23:06.675 [Test worker] DEBUG o.h.p.entity.AbstractEntityPersister -  Insert 0: insert into vnfforwarding_graph (descriptor_version, hb_version, number_of_endpoints, number_of_virtual_links, vendor, version, vnffgd_security_id, id) values (?, ?, ?, ?, ?, ?, ?, ?)
13:23:06.675 [Test worker] DEBUG o.h.p.entity.AbstractEntityPersister -  Update 0: update vnfforwarding_graph set descriptor_version=?, hb_version=?, number_of_endpoints=?, number_of_virtual_links=?, vendor=?, version=?, vnffgd_security_id=? where id=? and hb_version=?
13:23:06.675 [Test worker] DEBUG o.h.p.entity.AbstractEntityPersister -  Delete 0: delete from vnfforwarding_graph where id=? and hb_version=?
13:23:06.675 [Test worker] DEBUG o.h.l.p.b.i.spaces.QuerySpacesImpl - Adding QuerySpace : uid = <gen:0> -> org.hibernate.loader.plan.build.internal.spaces.EntityQuerySpaceImpl@7024ae54]
13:23:06.675 [Test worker] DEBUG o.h.p.w.spi.MetamodelGraphWalker - Visiting attribute path : connection_point
13:23:06.675 [Test worker] DEBUG o.h.p.w.spi.MetamodelGraphWalker - Visiting attribute path : constituent_vnfs
13:23:06.675 [Test worker] DEBUG o.h.p.w.spi.MetamodelGraphWalker - Visiting attribute path : dependent_virtual_link
13:23:06.675 [Test worker] DEBUG o.h.p.w.spi.MetamodelGraphWalker - Visiting attribute path : descriptor_version
13:23:06.675 [Test worker] DEBUG o.h.p.w.spi.MetamodelGraphWalker - Visiting attribute path : hb_version
13:23:06.675 [Test worker] DEBUG o.h.p.w.spi.MetamodelGraphWalker - Visiting attribute path : network_forwarding_path
13:23:06.676 [Test worker] DEBUG o.h.p.w.spi.MetamodelGraphWalker - Visiting attribute path : number_of_endpoints
13:23:06.676 [Test worker] DEBUG o.h.p.w.spi.MetamodelGraphWalker - Visiting attribute path : number_of_virtual_links
13:23:06.676 [Test worker] DEBUG o.h.p.w.spi.MetamodelGraphWalker - Visiting attribute path : vendor
13:23:06.676 [Test worker] DEBUG o.h.p.w.spi.MetamodelGraphWalker - Visiting attribute path : version
13:23:06.676 [Test worker] DEBUG o.h.p.w.spi.MetamodelGraphWalker - Visiting attribute path : vnffgd_security
13:23:06.676 [Test worker] DEBUG o.h.l.p.b.i.spaces.QuerySpacesImpl - Adding QuerySpace : uid = <gen:1> -> org.hibernate.loader.plan.build.internal.spaces.EntityQuerySpaceImpl@6aff6bd5]
13:23:06.676 [Test worker] DEBUG o.h.p.w.spi.MetamodelGraphWalker - Visiting attribute path : vnffgd_security.version
13:23:06.676 [Test worker] DEBUG o.h.l.p.b.i.FetchStyleLoadPlanBuildingAssociationVisitationStrategy - Building LoadPlan...
13:23:06.676 [Test worker] DEBUG o.h.l.p.e.i.LoadQueryJoinAndFetchProcessor - processing queryspace <gen:0>
13:23:06.677 [Test worker] DEBUG o.h.l.p.b.spi.LoadPlanTreePrinter - LoadPlan(entity=org.project.neutrino.nfvo.catalogue.mano.descriptor.VNFForwardingGraph)
    - Returns
       - EntityReturnImpl(entity=org.project.neutrino.nfvo.catalogue.mano.descriptor.VNFForwardingGraph, querySpaceUid=<gen:0>, path=org.project.neutrino.nfvo.catalogue.mano.descriptor.VNFForwardingGraph)
          - EntityAttributeFetchImpl(entity=org.project.neutrino.nfvo.catalogue.mano.common.Security, querySpaceUid=<gen:1>, path=org.project.neutrino.nfvo.catalogue.mano.descriptor.VNFForwardingGraph.vnffgd_security)
    - QuerySpaces
       - EntityQuerySpaceImpl(uid=<gen:0>, entity=org.project.neutrino.nfvo.catalogue.mano.descriptor.VNFForwardingGraph)
          - SQL table alias mapping - vnfforward0_
          - alias suffix - 0_
          - suffixed key columns - {id1_87_0_}
          - JOIN (JoinDefinedByMetadata(vnffgd_security)) : <gen:0> -> <gen:1>
             - EntityQuerySpaceImpl(uid=<gen:1>, entity=org.project.neutrino.nfvo.catalogue.mano.common.Security)
                - SQL table alias mapping - security1_
                - alias suffix - 1_
                - suffixed key columns - {id1_43_1_}

13:23:06.677 [Test worker] DEBUG o.h.loader.entity.plan.EntityLoader - Static select for entity org.project.neutrino.nfvo.catalogue.mano.descriptor.VNFForwardingGraph [NONE]: select vnfforward0_.id as id1_87_0_, vnfforward0_.descriptor_version as descript2_87_0_, vnfforward0_.hb_version as hb_versi3_87_0_, vnfforward0_.number_of_endpoints as number_o4_87_0_, vnfforward0_.number_of_virtual_links as number_o5_87_0_, vnfforward0_.vendor as vendor6_87_0_, vnfforward0_.version as version7_87_0_, vnfforward0_.vnffgd_security_id as vnffgd_s8_87_0_, security1_.id as id1_43_1_, security1_.version as version2_43_1_ from vnfforwarding_graph vnfforward0_ left outer join security security1_ on vnfforward0_.vnffgd_security_id=security1_.id where vnfforward0_.id=?
13:23:06.677 [Test worker] DEBUG o.h.l.p.b.i.spaces.QuerySpacesImpl - Adding QuerySpace : uid = <gen:0> -> org.hibernate.loader.plan.build.internal.spaces.EntityQuerySpaceImpl@1b03c74d]
13:23:06.677 [Test worker] DEBUG o.h.p.w.spi.MetamodelGraphWalker - Visiting attribute path : connection_point
13:23:06.678 [Test worker] DEBUG o.h.p.w.spi.MetamodelGraphWalker - Visiting attribute path : constituent_vnfs
13:23:06.678 [Test worker] DEBUG o.h.p.w.spi.MetamodelGraphWalker - Visiting attribute path : dependent_virtual_link
13:23:06.678 [Test worker] DEBUG o.h.p.w.spi.MetamodelGraphWalker - Visiting attribute path : descriptor_version
13:23:06.678 [Test worker] DEBUG o.h.p.w.spi.MetamodelGraphWalker - Visiting attribute path : hb_version
13:23:06.678 [Test worker] DEBUG o.h.p.w.spi.MetamodelGraphWalker - Visiting attribute path : network_forwarding_path
13:23:06.678 [Test worker] DEBUG o.h.p.w.spi.MetamodelGraphWalker - Visiting attribute path : number_of_endpoints
13:23:06.678 [Test worker] DEBUG o.h.p.w.spi.MetamodelGraphWalker - Visiting attribute path : number_of_virtual_links
13:23:06.678 [Test worker] DEBUG o.h.p.w.spi.MetamodelGraphWalker - Visiting attribute path : vendor
13:23:06.678 [Test worker] DEBUG o.h.p.w.spi.MetamodelGraphWalker - Visiting attribute path : version
13:23:06.678 [Test worker] DEBUG o.h.p.w.spi.MetamodelGraphWalker - Visiting attribute path : vnffgd_security
13:23:06.678 [Test worker] DEBUG o.h.l.p.b.i.spaces.QuerySpacesImpl - Adding QuerySpace : uid = <gen:1> -> org.hibernate.loader.plan.build.internal.spaces.EntityQuerySpaceImpl@37a1c128]
13:23:06.678 [Test worker] DEBUG o.h.p.w.spi.MetamodelGraphWalker - Visiting attribute path : vnffgd_security.version
13:23:06.678 [Test worker] DEBUG o.h.l.p.b.i.FetchStyleLoadPlanBuildingAssociationVisitationStrategy - Building LoadPlan...
13:23:06.679 [Test worker] DEBUG o.h.l.p.e.i.LoadQueryJoinAndFetchProcessor - processing queryspace <gen:0>
13:23:06.679 [Test worker] DEBUG o.h.l.p.b.spi.LoadPlanTreePrinter - LoadPlan(entity=org.project.neutrino.nfvo.catalogue.mano.descriptor.VNFForwardingGraph)
    - Returns
       - EntityReturnImpl(entity=org.project.neutrino.nfvo.catalogue.mano.descriptor.VNFForwardingGraph, querySpaceUid=<gen:0>, path=org.project.neutrino.nfvo.catalogue.mano.descriptor.VNFForwardingGraph)
          - EntityAttributeFetchImpl(entity=org.project.neutrino.nfvo.catalogue.mano.common.Security, querySpaceUid=<gen:1>, path=org.project.neutrino.nfvo.catalogue.mano.descriptor.VNFForwardingGraph.vnffgd_security)
    - QuerySpaces
       - EntityQuerySpaceImpl(uid=<gen:0>, entity=org.project.neutrino.nfvo.catalogue.mano.descriptor.VNFForwardingGraph)
          - SQL table alias mapping - vnfforward0_
          - alias suffix - 0_
          - suffixed key columns - {id1_87_0_}
          - JOIN (JoinDefinedByMetadata(vnffgd_security)) : <gen:0> -> <gen:1>
             - EntityQuerySpaceImpl(uid=<gen:1>, entity=org.project.neutrino.nfvo.catalogue.mano.common.Security)
                - SQL table alias mapping - security1_
                - alias suffix - 1_
                - suffixed key columns - {id1_43_1_}

13:23:06.679 [Test worker] DEBUG o.h.loader.entity.plan.EntityLoader - Static select for entity org.project.neutrino.nfvo.catalogue.mano.descriptor.VNFForwardingGraph [READ]: select vnfforward0_.id as id1_87_0_, vnfforward0_.descriptor_version as descript2_87_0_, vnfforward0_.hb_version as hb_versi3_87_0_, vnfforward0_.number_of_endpoints as number_o4_87_0_, vnfforward0_.number_of_virtual_links as number_o5_87_0_, vnfforward0_.vendor as vendor6_87_0_, vnfforward0_.version as version7_87_0_, vnfforward0_.vnffgd_security_id as vnffgd_s8_87_0_, security1_.id as id1_43_1_, security1_.version as version2_43_1_ from vnfforwarding_graph vnfforward0_ left outer join security security1_ on vnfforward0_.vnffgd_security_id=security1_.id where vnfforward0_.id=?
13:23:06.679 [Test worker] DEBUG o.h.l.p.b.i.spaces.QuerySpacesImpl - Adding QuerySpace : uid = <gen:0> -> org.hibernate.loader.plan.build.internal.spaces.EntityQuerySpaceImpl@3cb3ada]
13:23:06.679 [Test worker] DEBUG o.h.p.w.spi.MetamodelGraphWalker - Visiting attribute path : connection_point
13:23:06.679 [Test worker] DEBUG o.h.p.w.spi.MetamodelGraphWalker - Visiting attribute path : constituent_vnfs
13:23:06.679 [Test worker] DEBUG o.h.p.w.spi.MetamodelGraphWalker - Visiting attribute path : dependent_virtual_link
13:23:06.679 [Test worker] DEBUG o.h.p.w.spi.MetamodelGraphWalker - Visiting attribute path : descriptor_version
13:23:06.679 [Test worker] DEBUG o.h.p.w.spi.MetamodelGraphWalker - Visiting attribute path : hb_version
13:23:06.679 [Test worker] DEBUG o.h.p.w.spi.MetamodelGraphWalker - Visiting attribute path : network_forwarding_path
13:23:06.679 [Test worker] DEBUG o.h.p.w.spi.MetamodelGraphWalker - Visiting attribute path : number_of_endpoints
13:23:06.679 [Test worker] DEBUG o.h.p.w.spi.MetamodelGraphWalker - Visiting attribute path : number_of_virtual_links
13:23:06.679 [Test worker] DEBUG o.h.p.w.spi.MetamodelGraphWalker - Visiting attribute path : vendor
13:23:06.679 [Test worker] DEBUG o.h.p.w.spi.MetamodelGraphWalker - Visiting attribute path : version
13:23:06.679 [Test worker] DEBUG o.h.p.w.spi.MetamodelGraphWalker - Visiting attribute path : vnffgd_security
13:23:06.680 [Test worker] DEBUG o.h.l.p.b.i.spaces.QuerySpacesImpl - Adding QuerySpace : uid = <gen:1> -> org.hibernate.loader.plan.build.internal.spaces.EntityQuerySpaceImpl@70638c1a]
13:23:06.681 [Test worker] DEBUG o.h.l.p.b.i.FetchStyleLoadPlanBuildingAssociationVisitationStrategy - Building LoadPlan...
13:23:06.681 [Test worker] DEBUG o.h.l.p.e.i.LoadQueryJoinAndFetchProcessor - processing queryspace <gen:0>
13:23:06.681 [Test worker] DEBUG o.h.l.p.b.spi.LoadPlanTreePrinter - LoadPlan(entity=org.project.neutrino.nfvo.catalogue.mano.descriptor.VNFForwardingGraph)
    - Returns
       - EntityReturnImpl(entity=org.project.neutrino.nfvo.catalogue.mano.descriptor.VNFForwardingGraph, querySpaceUid=<gen:0>, path=org.project.neutrino.nfvo.catalogue.mano.descriptor.VNFForwardingGraph)
          - EntityAttributeFetchImpl(entity=org.project.neutrino.nfvo.catalogue.mano.common.Security, querySpaceUid=<gen:1>, path=org.project.neutrino.nfvo.catalogue.mano.descriptor.VNFForwardingGraph.vnffgd_security)
    - QuerySpaces
       - EntityQuerySpaceImpl(uid=<gen:0>, entity=org.project.neutrino.nfvo.catalogue.mano.descriptor.VNFForwardingGraph)
          - SQL table alias mapping - vnfforward0_
          - alias suffix - 0_
          - suffixed key columns - {id1_87_0_}

13:23:06.681 [Test worker] DEBUG o.h.loader.entity.plan.EntityLoader - Static select for entity org.project.neutrino.nfvo.catalogue.mano.descriptor.VNFForwardingGraph [UPGRADE]: select vnfforward0_.id as id1_87_0_, vnfforward0_.descriptor_version as descript2_87_0_, vnfforward0_.hb_version as hb_versi3_87_0_, vnfforward0_.number_of_endpoints as number_o4_87_0_, vnfforward0_.number_of_virtual_links as number_o5_87_0_, vnfforward0_.vendor as vendor6_87_0_, vnfforward0_.version as version7_87_0_, vnfforward0_.vnffgd_security_id as vnffgd_s8_87_0_ from vnfforwarding_graph vnfforward0_ where vnfforward0_.id=? for update
13:23:06.681 [Test worker] DEBUG o.h.l.p.b.i.spaces.QuerySpacesImpl - Adding QuerySpace : uid = <gen:0> -> org.hibernate.loader.plan.build.internal.spaces.EntityQuerySpaceImpl@1783389b]
13:23:06.682 [Test worker] DEBUG o.h.p.w.spi.MetamodelGraphWalker - Visiting attribute path : connection_point
13:23:06.682 [Test worker] DEBUG o.h.p.w.spi.MetamodelGraphWalker - Visiting attribute path : constituent_vnfs
13:23:06.682 [Test worker] DEBUG o.h.p.w.spi.MetamodelGraphWalker - Visiting attribute path : dependent_virtual_link
13:23:06.682 [Test worker] DEBUG o.h.p.w.spi.MetamodelGraphWalker - Visiting attribute path : descriptor_version
13:23:06.682 [Test worker] DEBUG o.h.p.w.spi.MetamodelGraphWalker - Visiting attribute path : hb_version
13:23:06.682 [Test worker] DEBUG o.h.p.w.spi.MetamodelGraphWalker - Visiting attribute path : network_forwarding_path
13:23:06.682 [Test worker] DEBUG o.h.p.w.spi.MetamodelGraphWalker - Visiting attribute path : number_of_endpoints
13:23:06.682 [Test worker] DEBUG o.h.p.w.spi.MetamodelGraphWalker - Visiting attribute path : number_of_virtual_links
13:23:06.682 [Test worker] DEBUG o.h.p.w.spi.MetamodelGraphWalker - Visiting attribute path : vendor
13:23:06.682 [Test worker] DEBUG o.h.p.w.spi.MetamodelGraphWalker - Visiting attribute path : version
13:23:06.682 [Test worker] DEBUG o.h.p.w.spi.MetamodelGraphWalker - Visiting attribute path : vnffgd_security
13:23:06.682 [Test worker] DEBUG o.h.l.p.b.i.spaces.QuerySpacesImpl - Adding QuerySpace : uid = <gen:1> -> org.hibernate.loader.plan.build.internal.spaces.EntityQuerySpaceImpl@62052934]
13:23:06.682 [Test worker] DEBUG o.h.l.p.b.i.FetchStyleLoadPlanBuildingAssociationVisitationStrategy - Building LoadPlan...
13:23:06.682 [Test worker] DEBUG o.h.l.p.e.i.LoadQueryJoinAndFetchProcessor - processing queryspace <gen:0>
13:23:06.684 [Test worker] DEBUG o.h.l.p.b.spi.LoadPlanTreePrinter - LoadPlan(entity=org.project.neutrino.nfvo.catalogue.mano.descriptor.VNFForwardingGraph)
    - Returns
       - EntityReturnImpl(entity=org.project.neutrino.nfvo.catalogue.mano.descriptor.VNFForwardingGraph, querySpaceUid=<gen:0>, path=org.project.neutrino.nfvo.catalogue.mano.descriptor.VNFForwardingGraph)
          - EntityAttributeFetchImpl(entity=org.project.neutrino.nfvo.catalogue.mano.common.Security, querySpaceUid=<gen:1>, path=org.project.neutrino.nfvo.catalogue.mano.descriptor.VNFForwardingGraph.vnffgd_security)
    - QuerySpaces
       - EntityQuerySpaceImpl(uid=<gen:0>, entity=org.project.neutrino.nfvo.catalogue.mano.descriptor.VNFForwardingGraph)
          - SQL table alias mapping - vnfforward0_
          - alias suffix - 0_
          - suffixed key columns - {id1_87_0_}

13:23:06.684 [Test worker] DEBUG o.h.loader.entity.plan.EntityLoader - Static select for entity org.project.neutrino.nfvo.catalogue.mano.descriptor.VNFForwardingGraph [UPGRADE_NOWAIT]: select vnfforward0_.id as id1_87_0_, vnfforward0_.descriptor_version as descript2_87_0_, vnfforward0_.hb_version as hb_versi3_87_0_, vnfforward0_.number_of_endpoints as number_o4_87_0_, vnfforward0_.number_of_virtual_links as number_o5_87_0_, vnfforward0_.vendor as vendor6_87_0_, vnfforward0_.version as version7_87_0_, vnfforward0_.vnffgd_security_id as vnffgd_s8_87_0_ from vnfforwarding_graph vnfforward0_ where vnfforward0_.id=? for update
13:23:06.688 [Test worker] DEBUG o.h.l.p.b.i.spaces.QuerySpacesImpl - Adding QuerySpace : uid = <gen:0> -> org.hibernate.loader.plan.build.internal.spaces.EntityQuerySpaceImpl@40d44732]
13:23:06.688 [Test worker] DEBUG o.h.p.w.spi.MetamodelGraphWalker - Visiting attribute path : connection_point
13:23:06.688 [Test worker] DEBUG o.h.p.w.spi.MetamodelGraphWalker - Visiting attribute path : constituent_vnfs
13:23:06.688 [Test worker] DEBUG o.h.p.w.spi.MetamodelGraphWalker - Visiting attribute path : dependent_virtual_link
13:23:06.688 [Test worker] DEBUG o.h.p.w.spi.MetamodelGraphWalker - Visiting attribute path : descriptor_version
13:23:06.689 [Test worker] DEBUG o.h.p.w.spi.MetamodelGraphWalker - Visiting attribute path : hb_version
13:23:06.689 [Test worker] DEBUG o.h.p.w.spi.MetamodelGraphWalker - Visiting attribute path : network_forwarding_path
13:23:06.689 [Test worker] DEBUG o.h.p.w.spi.MetamodelGraphWalker - Visiting attribute path : number_of_endpoints
13:23:06.689 [Test worker] DEBUG o.h.p.w.spi.MetamodelGraphWalker - Visiting attribute path : number_of_virtual_links
13:23:06.689 [Test worker] DEBUG o.h.p.w.spi.MetamodelGraphWalker - Visiting attribute path : vendor
13:23:06.689 [Test worker] DEBUG o.h.p.w.spi.MetamodelGraphWalker - Visiting attribute path : version
13:23:06.689 [Test worker] DEBUG o.h.p.w.spi.MetamodelGraphWalker - Visiting attribute path : vnffgd_security
13:23:06.689 [Test worker] DEBUG o.h.l.p.b.i.spaces.QuerySpacesImpl - Adding QuerySpace : uid = <gen:1> -> org.hibernate.loader.plan.build.internal.spaces.EntityQuerySpaceImpl@4c4b63b9]
13:23:06.690 [Test worker] DEBUG o.h.l.p.b.i.FetchStyleLoadPlanBuildingAssociationVisitationStrategy - Building LoadPlan...
13:23:06.690 [Test worker] DEBUG o.h.l.p.e.i.LoadQueryJoinAndFetchProcessor - processing queryspace <gen:0>
13:23:06.691 [Test worker] DEBUG o.h.l.p.b.spi.LoadPlanTreePrinter - LoadPlan(entity=org.project.neutrino.nfvo.catalogue.mano.descriptor.VNFForwardingGraph)
    - Returns
       - EntityReturnImpl(entity=org.project.neutrino.nfvo.catalogue.mano.descriptor.VNFForwardingGraph, querySpaceUid=<gen:0>, path=org.project.neutrino.nfvo.catalogue.mano.descriptor.VNFForwardingGraph)
          - EntityAttributeFetchImpl(entity=org.project.neutrino.nfvo.catalogue.mano.common.Security, querySpaceUid=<gen:1>, path=org.project.neutrino.nfvo.catalogue.mano.descriptor.VNFForwardingGraph.vnffgd_security)
    - QuerySpaces
       - EntityQuerySpaceImpl(uid=<gen:0>, entity=org.project.neutrino.nfvo.catalogue.mano.descriptor.VNFForwardingGraph)
          - SQL table alias mapping - vnfforward0_
          - alias suffix - 0_
          - suffixed key columns - {id1_87_0_}

13:23:06.691 [Test worker] DEBUG o.h.loader.entity.plan.EntityLoader - Static select for entity org.project.neutrino.nfvo.catalogue.mano.descriptor.VNFForwardingGraph [UPGRADE_SKIPLOCKED]: select vnfforward0_.id as id1_87_0_, vnfforward0_.descriptor_version as descript2_87_0_, vnfforward0_.hb_version as hb_versi3_87_0_, vnfforward0_.number_of_endpoints as number_o4_87_0_, vnfforward0_.number_of_virtual_links as number_o5_87_0_, vnfforward0_.vendor as vendor6_87_0_, vnfforward0_.version as version7_87_0_, vnfforward0_.vnffgd_security_id as vnffgd_s8_87_0_ from vnfforwarding_graph vnfforward0_ where vnfforward0_.id=? for update
13:23:06.691 [Test worker] DEBUG o.h.l.p.b.i.spaces.QuerySpacesImpl - Adding QuerySpace : uid = <gen:0> -> org.hibernate.loader.plan.build.internal.spaces.EntityQuerySpaceImpl@69802dd0]
13:23:06.691 [Test worker] DEBUG o.h.p.w.spi.MetamodelGraphWalker - Visiting attribute path : connection_point
13:23:06.691 [Test worker] DEBUG o.h.p.w.spi.MetamodelGraphWalker - Visiting attribute path : constituent_vnfs
13:23:06.691 [Test worker] DEBUG o.h.p.w.spi.MetamodelGraphWalker - Visiting attribute path : dependent_virtual_link
13:23:06.691 [Test worker] DEBUG o.h.p.w.spi.MetamodelGraphWalker - Visiting attribute path : descriptor_version
13:23:06.691 [Test worker] DEBUG o.h.p.w.spi.MetamodelGraphWalker - Visiting attribute path : hb_version
13:23:06.691 [Test worker] DEBUG o.h.p.w.spi.MetamodelGraphWalker - Visiting attribute path : network_forwarding_path
13:23:06.691 [Test worker] DEBUG o.h.p.w.spi.MetamodelGraphWalker - Visiting attribute path : number_of_endpoints
13:23:06.691 [Test worker] DEBUG o.h.p.w.spi.MetamodelGraphWalker - Visiting attribute path : number_of_virtual_links
13:23:06.691 [Test worker] DEBUG o.h.p.w.spi.MetamodelGraphWalker - Visiting attribute path : vendor
13:23:06.691 [Test worker] DEBUG o.h.p.w.spi.MetamodelGraphWalker - Visiting attribute path : version
13:23:06.691 [Test worker] DEBUG o.h.p.w.spi.MetamodelGraphWalker - Visiting attribute path : vnffgd_security
13:23:06.691 [Test worker] DEBUG o.h.l.p.b.i.spaces.QuerySpacesImpl - Adding QuerySpace : uid = <gen:1> -> org.hibernate.loader.plan.build.internal.spaces.EntityQuerySpaceImpl@35ccd96b]
13:23:06.692 [Test worker] DEBUG o.h.l.p.b.i.FetchStyleLoadPlanBuildingAssociationVisitationStrategy - Building LoadPlan...
13:23:06.692 [Test worker] DEBUG o.h.l.p.e.i.LoadQueryJoinAndFetchProcessor - processing queryspace <gen:0>
13:23:06.693 [Test worker] DEBUG o.h.l.p.b.spi.LoadPlanTreePrinter - LoadPlan(entity=org.project.neutrino.nfvo.catalogue.mano.descriptor.VNFForwardingGraph)
    - Returns
       - EntityReturnImpl(entity=org.project.neutrino.nfvo.catalogue.mano.descriptor.VNFForwardingGraph, querySpaceUid=<gen:0>, path=org.project.neutrino.nfvo.catalogue.mano.descriptor.VNFForwardingGraph)
          - EntityAttributeFetchImpl(entity=org.project.neutrino.nfvo.catalogue.mano.common.Security, querySpaceUid=<gen:1>, path=org.project.neutrino.nfvo.catalogue.mano.descriptor.VNFForwardingGraph.vnffgd_security)
    - QuerySpaces
       - EntityQuerySpaceImpl(uid=<gen:0>, entity=org.project.neutrino.nfvo.catalogue.mano.descriptor.VNFForwardingGraph)
          - SQL table alias mapping - vnfforward0_
          - alias suffix - 0_
          - suffixed key columns - {id1_87_0_}

13:23:06.693 [Test worker] DEBUG o.h.loader.entity.plan.EntityLoader - Static select for entity org.project.neutrino.nfvo.catalogue.mano.descriptor.VNFForwardingGraph [FORCE]: select vnfforward0_.id as id1_87_0_, vnfforward0_.descriptor_version as descript2_87_0_, vnfforward0_.hb_version as hb_versi3_87_0_, vnfforward0_.number_of_endpoints as number_o4_87_0_, vnfforward0_.number_of_virtual_links as number_o5_87_0_, vnfforward0_.vendor as vendor6_87_0_, vnfforward0_.version as version7_87_0_, vnfforward0_.vnffgd_security_id as vnffgd_s8_87_0_ from vnfforwarding_graph vnfforward0_ where vnfforward0_.id=? for update
13:23:06.693 [Test worker] DEBUG o.h.l.p.b.i.spaces.QuerySpacesImpl - Adding QuerySpace : uid = <gen:0> -> org.hibernate.loader.plan.build.internal.spaces.EntityQuerySpaceImpl@1bd61b65]
13:23:06.693 [Test worker] DEBUG o.h.p.w.spi.MetamodelGraphWalker - Visiting attribute path : connection_point
13:23:06.693 [Test worker] DEBUG o.h.p.w.spi.MetamodelGraphWalker - Visiting attribute path : constituent_vnfs
13:23:06.693 [Test worker] DEBUG o.h.p.w.spi.MetamodelGraphWalker - Visiting attribute path : dependent_virtual_link
13:23:06.693 [Test worker] DEBUG o.h.p.w.spi.MetamodelGraphWalker - Visiting attribute path : descriptor_version
13:23:06.693 [Test worker] DEBUG o.h.p.w.spi.MetamodelGraphWalker - Visiting attribute path : hb_version
13:23:06.693 [Test worker] DEBUG o.h.p.w.spi.MetamodelGraphWalker - Visiting attribute path : network_forwarding_path
13:23:06.693 [Test worker] DEBUG o.h.p.w.spi.MetamodelGraphWalker - Visiting attribute path : number_of_endpoints
13:23:06.693 [Test worker] DEBUG o.h.p.w.spi.MetamodelGraphWalker - Visiting attribute path : number_of_virtual_links
13:23:06.693 [Test worker] DEBUG o.h.p.w.spi.MetamodelGraphWalker - Visiting attribute path : vendor
13:23:06.693 [Test worker] DEBUG o.h.p.w.spi.MetamodelGraphWalker - Visiting attribute path : version
13:23:06.693 [Test worker] DEBUG o.h.p.w.spi.MetamodelGraphWalker - Visiting attribute path : vnffgd_security
13:23:06.693 [Test worker] DEBUG o.h.l.p.b.i.spaces.QuerySpacesImpl - Adding QuerySpace : uid = <gen:1> -> org.hibernate.loader.plan.build.internal.spaces.EntityQuerySpaceImpl@70dc0648]
13:23:06.693 [Test worker] DEBUG o.h.l.p.b.i.FetchStyleLoadPlanBuildingAssociationVisitationStrategy - Building LoadPlan...
13:23:06.694 [Test worker] DEBUG o.h.l.p.e.i.LoadQueryJoinAndFetchProcessor - processing queryspace <gen:0>
13:23:06.694 [Test worker] DEBUG o.h.l.p.b.spi.LoadPlanTreePrinter - LoadPlan(entity=org.project.neutrino.nfvo.catalogue.mano.descriptor.VNFForwardingGraph)
    - Returns
       - EntityReturnImpl(entity=org.project.neutrino.nfvo.catalogue.mano.descriptor.VNFForwardingGraph, querySpaceUid=<gen:0>, path=org.project.neutrino.nfvo.catalogue.mano.descriptor.VNFForwardingGraph)
          - EntityAttributeFetchImpl(entity=org.project.neutrino.nfvo.catalogue.mano.common.Security, querySpaceUid=<gen:1>, path=org.project.neutrino.nfvo.catalogue.mano.descriptor.VNFForwardingGraph.vnffgd_security)
    - QuerySpaces
       - EntityQuerySpaceImpl(uid=<gen:0>, entity=org.project.neutrino.nfvo.catalogue.mano.descriptor.VNFForwardingGraph)
          - SQL table alias mapping - vnfforward0_
          - alias suffix - 0_
          - suffixed key columns - {id1_87_0_}

13:23:06.695 [Test worker] DEBUG o.h.loader.entity.plan.EntityLoader - Static select for entity org.project.neutrino.nfvo.catalogue.mano.descriptor.VNFForwardingGraph [PESSIMISTIC_READ]: select vnfforward0_.id as id1_87_0_, vnfforward0_.descriptor_version as descript2_87_0_, vnfforward0_.hb_version as hb_versi3_87_0_, vnfforward0_.number_of_endpoints as number_o4_87_0_, vnfforward0_.number_of_virtual_links as number_o5_87_0_, vnfforward0_.vendor as vendor6_87_0_, vnfforward0_.version as version7_87_0_, vnfforward0_.vnffgd_security_id as vnffgd_s8_87_0_ from vnfforwarding_graph vnfforward0_ where vnfforward0_.id=? lock in share mode
13:23:06.695 [Test worker] DEBUG o.h.l.p.b.i.spaces.QuerySpacesImpl - Adding QuerySpace : uid = <gen:0> -> org.hibernate.loader.plan.build.internal.spaces.EntityQuerySpaceImpl@7d209ada]
13:23:06.695 [Test worker] DEBUG o.h.p.w.spi.MetamodelGraphWalker - Visiting attribute path : connection_point
13:23:06.695 [Test worker] DEBUG o.h.p.w.spi.MetamodelGraphWalker - Visiting attribute path : constituent_vnfs
13:23:06.695 [Test worker] DEBUG o.h.p.w.spi.MetamodelGraphWalker - Visiting attribute path : dependent_virtual_link
13:23:06.695 [Test worker] DEBUG o.h.p.w.spi.MetamodelGraphWalker - Visiting attribute path : descriptor_version
13:23:06.695 [Test worker] DEBUG o.h.p.w.spi.MetamodelGraphWalker - Visiting attribute path : hb_version
13:23:06.695 [Test worker] DEBUG o.h.p.w.spi.MetamodelGraphWalker - Visiting attribute path : network_forwarding_path
13:23:06.695 [Test worker] DEBUG o.h.p.w.spi.MetamodelGraphWalker - Visiting attribute path : number_of_endpoints
13:23:06.695 [Test worker] DEBUG o.h.p.w.spi.MetamodelGraphWalker - Visiting attribute path : number_of_virtual_links
13:23:06.695 [Test worker] DEBUG o.h.p.w.spi.MetamodelGraphWalker - Visiting attribute path : vendor
13:23:06.695 [Test worker] DEBUG o.h.p.w.spi.MetamodelGraphWalker - Visiting attribute path : version
13:23:06.695 [Test worker] DEBUG o.h.p.w.spi.MetamodelGraphWalker - Visiting attribute path : vnffgd_security
13:23:06.695 [Test worker] DEBUG o.h.l.p.b.i.spaces.QuerySpacesImpl - Adding QuerySpace : uid = <gen:1> -> org.hibernate.loader.plan.build.internal.spaces.EntityQuerySpaceImpl@5178aab6]
13:23:06.695 [Test worker] DEBUG o.h.l.p.b.i.FetchStyleLoadPlanBuildingAssociationVisitationStrategy - Building LoadPlan...
13:23:06.696 [Test worker] DEBUG o.h.l.p.e.i.LoadQueryJoinAndFetchProcessor - processing queryspace <gen:0>
13:23:06.696 [Test worker] DEBUG o.h.l.p.b.spi.LoadPlanTreePrinter - LoadPlan(entity=org.project.neutrino.nfvo.catalogue.mano.descriptor.VNFForwardingGraph)
    - Returns
       - EntityReturnImpl(entity=org.project.neutrino.nfvo.catalogue.mano.descriptor.VNFForwardingGraph, querySpaceUid=<gen:0>, path=org.project.neutrino.nfvo.catalogue.mano.descriptor.VNFForwardingGraph)
          - EntityAttributeFetchImpl(entity=org.project.neutrino.nfvo.catalogue.mano.common.Security, querySpaceUid=<gen:1>, path=org.project.neutrino.nfvo.catalogue.mano.descriptor.VNFForwardingGraph.vnffgd_security)
    - QuerySpaces
       - EntityQuerySpaceImpl(uid=<gen:0>, entity=org.project.neutrino.nfvo.catalogue.mano.descriptor.VNFForwardingGraph)
          - SQL table alias mapping - vnfforward0_
          - alias suffix - 0_
          - suffixed key columns - {id1_87_0_}

13:23:06.696 [Test worker] DEBUG o.h.loader.entity.plan.EntityLoader - Static select for entity org.project.neutrino.nfvo.catalogue.mano.descriptor.VNFForwardingGraph [PESSIMISTIC_WRITE]: select vnfforward0_.id as id1_87_0_, vnfforward0_.descriptor_version as descript2_87_0_, vnfforward0_.hb_version as hb_versi3_87_0_, vnfforward0_.number_of_endpoints as number_o4_87_0_, vnfforward0_.number_of_virtual_links as number_o5_87_0_, vnfforward0_.vendor as vendor6_87_0_, vnfforward0_.version as version7_87_0_, vnfforward0_.vnffgd_security_id as vnffgd_s8_87_0_ from vnfforwarding_graph vnfforward0_ where vnfforward0_.id=? for update
13:23:06.696 [Test worker] DEBUG o.h.l.p.b.i.spaces.QuerySpacesImpl - Adding QuerySpace : uid = <gen:0> -> org.hibernate.loader.plan.build.internal.spaces.EntityQuerySpaceImpl@490fbc83]
13:23:06.697 [Test worker] DEBUG o.h.p.w.spi.MetamodelGraphWalker - Visiting attribute path : connection_point
13:23:06.697 [Test worker] DEBUG o.h.p.w.spi.MetamodelGraphWalker - Visiting attribute path : constituent_vnfs
13:23:06.697 [Test worker] DEBUG o.h.p.w.spi.MetamodelGraphWalker - Visiting attribute path : dependent_virtual_link
13:23:06.697 [Test worker] DEBUG o.h.p.w.spi.MetamodelGraphWalker - Visiting attribute path : descriptor_version
13:23:06.697 [Test worker] DEBUG o.h.p.w.spi.MetamodelGraphWalker - Visiting attribute path : hb_version
13:23:06.697 [Test worker] DEBUG o.h.p.w.spi.MetamodelGraphWalker - Visiting attribute path : network_forwarding_path
13:23:06.697 [Test worker] DEBUG o.h.p.w.spi.MetamodelGraphWalker - Visiting attribute path : number_of_endpoints
13:23:06.697 [Test worker] DEBUG o.h.p.w.spi.MetamodelGraphWalker - Visiting attribute path : number_of_virtual_links
13:23:06.697 [Test worker] DEBUG o.h.p.w.spi.MetamodelGraphWalker - Visiting attribute path : vendor
13:23:06.697 [Test worker] DEBUG o.h.p.w.spi.MetamodelGraphWalker - Visiting attribute path : version
13:23:06.697 [Test worker] DEBUG o.h.p.w.spi.MetamodelGraphWalker - Visiting attribute path : vnffgd_security
13:23:06.697 [Test worker] DEBUG o.h.l.p.b.i.spaces.QuerySpacesImpl - Adding QuerySpace : uid = <gen:1> -> org.hibernate.loader.plan.build.internal.spaces.EntityQuerySpaceImpl@27a464d7]
13:23:06.697 [Test worker] DEBUG o.h.l.p.b.i.FetchStyleLoadPlanBuildingAssociationVisitationStrategy - Building LoadPlan...
13:23:06.698 [Test worker] DEBUG o.h.l.p.e.i.LoadQueryJoinAndFetchProcessor - processing queryspace <gen:0>
13:23:06.698 [Test worker] DEBUG o.h.l.p.b.spi.LoadPlanTreePrinter - LoadPlan(entity=org.project.neutrino.nfvo.catalogue.mano.descriptor.VNFForwardingGraph)
    - Returns
       - EntityReturnImpl(entity=org.project.neutrino.nfvo.catalogue.mano.descriptor.VNFForwardingGraph, querySpaceUid=<gen:0>, path=org.project.neutrino.nfvo.catalogue.mano.descriptor.VNFForwardingGraph)
          - EntityAttributeFetchImpl(entity=org.project.neutrino.nfvo.catalogue.mano.common.Security, querySpaceUid=<gen:1>, path=org.project.neutrino.nfvo.catalogue.mano.descriptor.VNFForwardingGraph.vnffgd_security)
    - QuerySpaces
       - EntityQuerySpaceImpl(uid=<gen:0>, entity=org.project.neutrino.nfvo.catalogue.mano.descriptor.VNFForwardingGraph)
          - SQL table alias mapping - vnfforward0_
          - alias suffix - 0_
          - suffixed key columns - {id1_87_0_}

13:23:06.698 [Test worker] DEBUG o.h.loader.entity.plan.EntityLoader - Static select for entity org.project.neutrino.nfvo.catalogue.mano.descriptor.VNFForwardingGraph [PESSIMISTIC_FORCE_INCREMENT]: select vnfforward0_.id as id1_87_0_, vnfforward0_.descriptor_version as descript2_87_0_, vnfforward0_.hb_version as hb_versi3_87_0_, vnfforward0_.number_of_endpoints as number_o4_87_0_, vnfforward0_.number_of_virtual_links as number_o5_87_0_, vnfforward0_.vendor as vendor6_87_0_, vnfforward0_.version as version7_87_0_, vnfforward0_.vnffgd_security_id as vnffgd_s8_87_0_ from vnfforwarding_graph vnfforward0_ where vnfforward0_.id=? for update
13:23:06.698 [Test worker] DEBUG o.h.l.p.b.i.spaces.QuerySpacesImpl - Adding QuerySpace : uid = <gen:0> -> org.hibernate.loader.plan.build.internal.spaces.EntityQuerySpaceImpl@19d87396]
13:23:06.698 [Test worker] DEBUG o.h.p.w.spi.MetamodelGraphWalker - Visiting attribute path : connection_point
13:23:06.699 [Test worker] DEBUG o.h.p.w.spi.MetamodelGraphWalker - Visiting attribute path : constituent_vnfs
13:23:06.699 [Test worker] DEBUG o.h.p.w.spi.MetamodelGraphWalker - Visiting attribute path : dependent_virtual_link
13:23:06.699 [Test worker] DEBUG o.h.p.w.spi.MetamodelGraphWalker - Visiting attribute path : descriptor_version
13:23:06.699 [Test worker] DEBUG o.h.p.w.spi.MetamodelGraphWalker - Visiting attribute path : hb_version
13:23:06.699 [Test worker] DEBUG o.h.p.w.spi.MetamodelGraphWalker - Visiting attribute path : network_forwarding_path
13:23:06.699 [Test worker] DEBUG o.h.p.w.spi.MetamodelGraphWalker - Visiting attribute path : number_of_endpoints
13:23:06.699 [Test worker] DEBUG o.h.p.w.spi.MetamodelGraphWalker - Visiting attribute path : number_of_virtual_links
13:23:06.699 [Test worker] DEBUG o.h.p.w.spi.MetamodelGraphWalker - Visiting attribute path : vendor
13:23:06.699 [Test worker] DEBUG o.h.p.w.spi.MetamodelGraphWalker - Visiting attribute path : version
13:23:06.699 [Test worker] DEBUG o.h.p.w.spi.MetamodelGraphWalker - Visiting attribute path : vnffgd_security
13:23:06.699 [Test worker] DEBUG o.h.l.p.b.i.spaces.QuerySpacesImpl - Adding QuerySpace : uid = <gen:1> -> org.hibernate.loader.plan.build.internal.spaces.EntityQuerySpaceImpl@61bf1c70]
13:23:06.699 [Test worker] DEBUG o.h.l.p.b.i.FetchStyleLoadPlanBuildingAssociationVisitationStrategy - Building LoadPlan...
13:23:06.700 [Test worker] DEBUG o.h.l.p.e.i.LoadQueryJoinAndFetchProcessor - processing queryspace <gen:0>
13:23:06.700 [Test worker] DEBUG o.h.l.p.b.spi.LoadPlanTreePrinter - LoadPlan(entity=org.project.neutrino.nfvo.catalogue.mano.descriptor.VNFForwardingGraph)
    - Returns
       - EntityReturnImpl(entity=org.project.neutrino.nfvo.catalogue.mano.descriptor.VNFForwardingGraph, querySpaceUid=<gen:0>, path=org.project.neutrino.nfvo.catalogue.mano.descriptor.VNFForwardingGraph)
          - EntityAttributeFetchImpl(entity=org.project.neutrino.nfvo.catalogue.mano.common.Security, querySpaceUid=<gen:1>, path=org.project.neutrino.nfvo.catalogue.mano.descriptor.VNFForwardingGraph.vnffgd_security)
    - QuerySpaces
       - EntityQuerySpaceImpl(uid=<gen:0>, entity=org.project.neutrino.nfvo.catalogue.mano.descriptor.VNFForwardingGraph)
          - SQL table alias mapping - vnfforward0_
          - alias suffix - 0_
          - suffixed key columns - {id1_87_0_}

13:23:06.700 [Test worker] DEBUG o.h.loader.entity.plan.EntityLoader - Static select for entity org.project.neutrino.nfvo.catalogue.mano.descriptor.VNFForwardingGraph [OPTIMISTIC]: select vnfforward0_.id as id1_87_0_, vnfforward0_.descriptor_version as descript2_87_0_, vnfforward0_.hb_version as hb_versi3_87_0_, vnfforward0_.number_of_endpoints as number_o4_87_0_, vnfforward0_.number_of_virtual_links as number_o5_87_0_, vnfforward0_.vendor as vendor6_87_0_, vnfforward0_.version as version7_87_0_, vnfforward0_.vnffgd_security_id as vnffgd_s8_87_0_ from vnfforwarding_graph vnfforward0_ where vnfforward0_.id=?
13:23:06.700 [Test worker] DEBUG o.h.l.p.b.i.spaces.QuerySpacesImpl - Adding QuerySpace : uid = <gen:0> -> org.hibernate.loader.plan.build.internal.spaces.EntityQuerySpaceImpl@49e42f32]
13:23:06.700 [Test worker] DEBUG o.h.p.w.spi.MetamodelGraphWalker - Visiting attribute path : connection_point
13:23:06.700 [Test worker] DEBUG o.h.p.w.spi.MetamodelGraphWalker - Visiting attribute path : constituent_vnfs
13:23:06.700 [Test worker] DEBUG o.h.p.w.spi.MetamodelGraphWalker - Visiting attribute path : dependent_virtual_link
13:23:06.700 [Test worker] DEBUG o.h.p.w.spi.MetamodelGraphWalker - Visiting attribute path : descriptor_version
13:23:06.700 [Test worker] DEBUG o.h.p.w.spi.MetamodelGraphWalker - Visiting attribute path : hb_version
13:23:06.700 [Test worker] DEBUG o.h.p.w.spi.MetamodelGraphWalker - Visiting attribute path : network_forwarding_path
13:23:06.700 [Test worker] DEBUG o.h.p.w.spi.MetamodelGraphWalker - Visiting attribute path : number_of_endpoints
13:23:06.700 [Test worker] DEBUG o.h.p.w.spi.MetamodelGraphWalker - Visiting attribute path : number_of_virtual_links
13:23:06.700 [Test worker] DEBUG o.h.p.w.spi.MetamodelGraphWalker - Visiting attribute path : vendor
13:23:06.700 [Test worker] DEBUG o.h.p.w.spi.MetamodelGraphWalker - Visiting attribute path : version
13:23:06.700 [Test worker] DEBUG o.h.p.w.spi.MetamodelGraphWalker - Visiting attribute path : vnffgd_security
13:23:06.700 [Test worker] DEBUG o.h.l.p.b.i.spaces.QuerySpacesImpl - Adding QuerySpace : uid = <gen:1> -> org.hibernate.loader.plan.build.internal.spaces.EntityQuerySpaceImpl@6005f37d]
13:23:06.700 [Test worker] DEBUG o.h.l.p.b.i.FetchStyleLoadPlanBuildingAssociationVisitationStrategy - Building LoadPlan...
13:23:06.701 [Test worker] DEBUG o.h.l.p.e.i.LoadQueryJoinAndFetchProcessor - processing queryspace <gen:0>
13:23:06.701 [Test worker] DEBUG o.h.l.p.b.spi.LoadPlanTreePrinter - LoadPlan(entity=org.project.neutrino.nfvo.catalogue.mano.descriptor.VNFForwardingGraph)
    - Returns
       - EntityReturnImpl(entity=org.project.neutrino.nfvo.catalogue.mano.descriptor.VNFForwardingGraph, querySpaceUid=<gen:0>, path=org.project.neutrino.nfvo.catalogue.mano.descriptor.VNFForwardingGraph)
          - EntityAttributeFetchImpl(entity=org.project.neutrino.nfvo.catalogue.mano.common.Security, querySpaceUid=<gen:1>, path=org.project.neutrino.nfvo.catalogue.mano.descriptor.VNFForwardingGraph.vnffgd_security)
    - QuerySpaces
       - EntityQuerySpaceImpl(uid=<gen:0>, entity=org.project.neutrino.nfvo.catalogue.mano.descriptor.VNFForwardingGraph)
          - SQL table alias mapping - vnfforward0_
          - alias suffix - 0_
          - suffixed key columns - {id1_87_0_}

13:23:06.701 [Test worker] DEBUG o.h.loader.entity.plan.EntityLoader - Static select for entity org.project.neutrino.nfvo.catalogue.mano.descriptor.VNFForwardingGraph [OPTIMISTIC_FORCE_INCREMENT]: select vnfforward0_.id as id1_87_0_, vnfforward0_.descriptor_version as descript2_87_0_, vnfforward0_.hb_version as hb_versi3_87_0_, vnfforward0_.number_of_endpoints as number_o4_87_0_, vnfforward0_.number_of_virtual_links as number_o5_87_0_, vnfforward0_.vendor as vendor6_87_0_, vnfforward0_.version as version7_87_0_, vnfforward0_.vnffgd_security_id as vnffgd_s8_87_0_ from vnfforwarding_graph vnfforward0_ where vnfforward0_.id=?
13:23:06.702 [Test worker] DEBUG org.hibernate.loader.Loader - Static select for action ACTION_MERGE on entity org.project.neutrino.nfvo.catalogue.mano.descriptor.VNFForwardingGraph: select vnfforward0_.id as id1_87_2_, vnfforward0_.descriptor_version as descript2_87_2_, vnfforward0_.hb_version as hb_versi3_87_2_, vnfforward0_.number_of_endpoints as number_o4_87_2_, vnfforward0_.number_of_virtual_links as number_o5_87_2_, vnfforward0_.vendor as vendor6_87_2_, vnfforward0_.version as version7_87_2_, vnfforward0_.vnffgd_security_id as vnffgd_s8_87_2_, connection1_.vnfforwarding_graph_id as vnfforwa1_87_4_, connection2_.id as connecti2_88_4_, connection2_.id as id1_4_0_, connection2_.type as type2_4_0_, connection2_.version as version3_4_0_, connection2_.virtual_link_reference as virtual_1_82_0_, connection2_.clazz_ as clazz_0_, security3_.id as id1_43_1_, security3_.version as version2_43_1_ from vnfforwarding_graph vnfforward0_ left outer join vnfforwarding_graph_connection_point connection1_ on vnfforward0_.id=connection1_.vnfforwarding_graph_id left outer join ( select id, type, version, null as virtual_link_reference, 0 as clazz_ from connection_point union select id, type, version, virtual_link_reference, 1 as clazz_ from vnfdconnection_point ) connection2_ on connection1_.connection_point_id=connection2_.id left outer join security security3_ on vnfforward0_.vnffgd_security_id=security3_.id where vnfforward0_.id=?
13:23:06.702 [Test worker] DEBUG org.hibernate.loader.Loader - Static select for action ACTION_REFRESH on entity org.project.neutrino.nfvo.catalogue.mano.descriptor.VNFForwardingGraph: select vnfforward0_.id as id1_87_2_, vnfforward0_.descriptor_version as descript2_87_2_, vnfforward0_.hb_version as hb_versi3_87_2_, vnfforward0_.number_of_endpoints as number_o4_87_2_, vnfforward0_.number_of_virtual_links as number_o5_87_2_, vnfforward0_.vendor as vendor6_87_2_, vnfforward0_.version as version7_87_2_, vnfforward0_.vnffgd_security_id as vnffgd_s8_87_2_, connection1_.vnfforwarding_graph_id as vnfforwa1_87_4_, connection2_.id as connecti2_88_4_, connection2_.id as id1_4_0_, connection2_.type as type2_4_0_, connection2_.version as version3_4_0_, connection2_.virtual_link_reference as virtual_1_82_0_, connection2_.clazz_ as clazz_0_, security3_.id as id1_43_1_, security3_.version as version2_43_1_ from vnfforwarding_graph vnfforward0_ left outer join vnfforwarding_graph_connection_point connection1_ on vnfforward0_.id=connection1_.vnfforwarding_graph_id left outer join ( select id, type, version, null as virtual_link_reference, 0 as clazz_ from connection_point union select id, type, version, virtual_link_reference, 1 as clazz_ from vnfdconnection_point ) connection2_ on connection1_.connection_point_id=connection2_.id left outer join security security3_ on vnfforward0_.vnffgd_security_id=security3_.id where vnfforward0_.id=?
13:23:06.703 [Test worker] DEBUG o.h.p.entity.AbstractEntityPersister - Static SQL for entity: org.project.neutrino.nfvo.catalogue.mano.descriptor.VirtualLinkDescriptor
13:23:06.703 [Test worker] DEBUG o.h.p.entity.AbstractEntityPersister -  Version select: select version from virtual_link_descriptor where id =?
13:23:06.703 [Test worker] DEBUG o.h.p.entity.AbstractEntityPersister -  Snapshot select: select virtuallin_.id, virtuallin_.connectivity_type as connecti2_0_, virtuallin_.leaf_requirement as leaf_req3_0_, virtuallin_.root_requirement as root_req4_0_, virtuallin_.version as version5_0_, virtuallin_.descriptor_version as descript1_52_, virtuallin_.number_of_endpoints as number_o2_52_, virtuallin_.vendor as vendor3_52_, virtuallin_.vld_security_id as vld_secu4_52_ from virtual_link_descriptor virtuallin_ where virtuallin_.id=?
13:23:06.703 [Test worker] DEBUG o.h.p.entity.AbstractEntityPersister -  Insert 0: insert into virtual_link_descriptor (connectivity_type, leaf_requirement, root_requirement, version, descriptor_version, number_of_endpoints, vendor, vld_security_id, id) values (?, ?, ?, ?, ?, ?, ?, ?, ?)
13:23:06.703 [Test worker] DEBUG o.h.p.entity.AbstractEntityPersister -  Update 0: update virtual_link_descriptor set connectivity_type=?, leaf_requirement=?, root_requirement=?, version=?, descriptor_version=?, number_of_endpoints=?, vendor=?, vld_security_id=? where id=? and version=?
13:23:06.703 [Test worker] DEBUG o.h.p.entity.AbstractEntityPersister -  Delete 0: delete from virtual_link_descriptor where id=? and version=?
13:23:06.703 [Test worker] DEBUG o.h.l.p.b.i.spaces.QuerySpacesImpl - Adding QuerySpace : uid = <gen:0> -> org.hibernate.loader.plan.build.internal.spaces.EntityQuerySpaceImpl@26b4c4cb]
13:23:06.703 [Test worker] DEBUG o.h.p.w.spi.MetamodelGraphWalker - Visiting attribute path : connectivity_type
13:23:06.703 [Test worker] DEBUG o.h.p.w.spi.MetamodelGraphWalker - Visiting attribute path : leaf_requirement
13:23:06.703 [Test worker] DEBUG o.h.p.w.spi.MetamodelGraphWalker - Visiting attribute path : qos
13:23:06.703 [Test worker] DEBUG o.h.p.w.spi.MetamodelGraphWalker - Visiting attribute path : root_requirement
13:23:06.703 [Test worker] DEBUG o.h.p.w.spi.MetamodelGraphWalker - Visiting attribute path : test_access
13:23:06.703 [Test worker] DEBUG o.h.p.w.spi.MetamodelGraphWalker - Visiting attribute path : version
13:23:06.703 [Test worker] DEBUG o.h.p.w.spi.MetamodelGraphWalker - Visiting attribute path : connection
13:23:06.704 [Test worker] DEBUG o.h.p.w.spi.MetamodelGraphWalker - Visiting attribute path : descriptor_version
13:23:06.704 [Test worker] DEBUG o.h.p.w.spi.MetamodelGraphWalker - Visiting attribute path : number_of_endpoints
13:23:06.704 [Test worker] DEBUG o.h.p.w.spi.MetamodelGraphWalker - Visiting attribute path : vendor
13:23:06.704 [Test worker] DEBUG o.h.p.w.spi.MetamodelGraphWalker - Visiting attribute path : vld_security
13:23:06.704 [Test worker] DEBUG o.h.l.p.b.i.spaces.QuerySpacesImpl - Adding QuerySpace : uid = <gen:1> -> org.hibernate.loader.plan.build.internal.spaces.EntityQuerySpaceImpl@1b8ca1c0]
13:23:06.704 [Test worker] DEBUG o.h.p.w.spi.MetamodelGraphWalker - Visiting attribute path : vld_security.version
13:23:06.704 [Test worker] DEBUG o.h.l.p.b.i.FetchStyleLoadPlanBuildingAssociationVisitationStrategy - Building LoadPlan...
13:23:06.704 [Test worker] DEBUG o.h.l.p.e.i.LoadQueryJoinAndFetchProcessor - processing queryspace <gen:0>
13:23:06.705 [Test worker] DEBUG o.h.l.p.b.spi.LoadPlanTreePrinter - LoadPlan(entity=org.project.neutrino.nfvo.catalogue.mano.descriptor.VirtualLinkDescriptor)
    - Returns
       - EntityReturnImpl(entity=org.project.neutrino.nfvo.catalogue.mano.descriptor.VirtualLinkDescriptor, querySpaceUid=<gen:0>, path=org.project.neutrino.nfvo.catalogue.mano.descriptor.VirtualLinkDescriptor)
          - EntityAttributeFetchImpl(entity=org.project.neutrino.nfvo.catalogue.mano.common.Security, querySpaceUid=<gen:1>, path=org.project.neutrino.nfvo.catalogue.mano.descriptor.VirtualLinkDescriptor.vld_security)
    - QuerySpaces
       - EntityQuerySpaceImpl(uid=<gen:0>, entity=org.project.neutrino.nfvo.catalogue.mano.descriptor.VirtualLinkDescriptor)
          - SQL table alias mapping - virtuallin0_
          - alias suffix - 0_
          - suffixed key columns - {id1_0_0_}
          - JOIN (JoinDefinedByMetadata(vld_security)) : <gen:0> -> <gen:1>
             - EntityQuerySpaceImpl(uid=<gen:1>, entity=org.project.neutrino.nfvo.catalogue.mano.common.Security)
                - SQL table alias mapping - security1_
                - alias suffix - 1_
                - suffixed key columns - {id1_43_1_}

13:23:06.705 [Test worker] DEBUG o.h.loader.entity.plan.EntityLoader - Static select for entity org.project.neutrino.nfvo.catalogue.mano.descriptor.VirtualLinkDescriptor [NONE]: select virtuallin0_.id as id1_0_0_, virtuallin0_.connectivity_type as connecti2_0_0_, virtuallin0_.leaf_requirement as leaf_req3_0_0_, virtuallin0_.root_requirement as root_req4_0_0_, virtuallin0_.version as version5_0_0_, virtuallin0_.descriptor_version as descript1_52_0_, virtuallin0_.number_of_endpoints as number_o2_52_0_, virtuallin0_.vendor as vendor3_52_0_, virtuallin0_.vld_security_id as vld_secu4_52_0_, security1_.id as id1_43_1_, security1_.version as version2_43_1_ from virtual_link_descriptor virtuallin0_ left outer join security security1_ on virtuallin0_.vld_security_id=security1_.id where virtuallin0_.id=?
13:23:06.705 [Test worker] DEBUG o.h.l.p.b.i.spaces.QuerySpacesImpl - Adding QuerySpace : uid = <gen:0> -> org.hibernate.loader.plan.build.internal.spaces.EntityQuerySpaceImpl@62975c6]
13:23:06.705 [Test worker] DEBUG o.h.p.w.spi.MetamodelGraphWalker - Visiting attribute path : connectivity_type
13:23:06.705 [Test worker] DEBUG o.h.p.w.spi.MetamodelGraphWalker - Visiting attribute path : leaf_requirement
13:23:06.705 [Test worker] DEBUG o.h.p.w.spi.MetamodelGraphWalker - Visiting attribute path : qos
13:23:06.705 [Test worker] DEBUG o.h.p.w.spi.MetamodelGraphWalker - Visiting attribute path : root_requirement
13:23:06.705 [Test worker] DEBUG o.h.p.w.spi.MetamodelGraphWalker - Visiting attribute path : test_access
13:23:06.705 [Test worker] DEBUG o.h.p.w.spi.MetamodelGraphWalker - Visiting attribute path : version
13:23:06.706 [Test worker] DEBUG o.h.p.w.spi.MetamodelGraphWalker - Visiting attribute path : connection
13:23:06.706 [Test worker] DEBUG o.h.p.w.spi.MetamodelGraphWalker - Visiting attribute path : descriptor_version
13:23:06.706 [Test worker] DEBUG o.h.p.w.spi.MetamodelGraphWalker - Visiting attribute path : number_of_endpoints
13:23:06.706 [Test worker] DEBUG o.h.p.w.spi.MetamodelGraphWalker - Visiting attribute path : vendor
13:23:06.706 [Test worker] DEBUG o.h.p.w.spi.MetamodelGraphWalker - Visiting attribute path : vld_security
13:23:06.706 [Test worker] DEBUG o.h.l.p.b.i.spaces.QuerySpacesImpl - Adding QuerySpace : uid = <gen:1> -> org.hibernate.loader.plan.build.internal.spaces.EntityQuerySpaceImpl@60a3a46]
13:23:06.706 [Test worker] DEBUG o.h.p.w.spi.MetamodelGraphWalker - Visiting attribute path : vld_security.version
13:23:06.706 [Test worker] DEBUG o.h.l.p.b.i.FetchStyleLoadPlanBuildingAssociationVisitationStrategy - Building LoadPlan...
13:23:06.706 [Test worker] DEBUG o.h.l.p.e.i.LoadQueryJoinAndFetchProcessor - processing queryspace <gen:0>
13:23:06.707 [Test worker] DEBUG o.h.l.p.b.spi.LoadPlanTreePrinter - LoadPlan(entity=org.project.neutrino.nfvo.catalogue.mano.descriptor.VirtualLinkDescriptor)
    - Returns
       - EntityReturnImpl(entity=org.project.neutrino.nfvo.catalogue.mano.descriptor.VirtualLinkDescriptor, querySpaceUid=<gen:0>, path=org.project.neutrino.nfvo.catalogue.mano.descriptor.VirtualLinkDescriptor)
          - EntityAttributeFetchImpl(entity=org.project.neutrino.nfvo.catalogue.mano.common.Security, querySpaceUid=<gen:1>, path=org.project.neutrino.nfvo.catalogue.mano.descriptor.VirtualLinkDescriptor.vld_security)
    - QuerySpaces
       - EntityQuerySpaceImpl(uid=<gen:0>, entity=org.project.neutrino.nfvo.catalogue.mano.descriptor.VirtualLinkDescriptor)
          - SQL table alias mapping - virtuallin0_
          - alias suffix - 0_
          - suffixed key columns - {id1_0_0_}
          - JOIN (JoinDefinedByMetadata(vld_security)) : <gen:0> -> <gen:1>
             - EntityQuerySpaceImpl(uid=<gen:1>, entity=org.project.neutrino.nfvo.catalogue.mano.common.Security)
                - SQL table alias mapping - security1_
                - alias suffix - 1_
                - suffixed key columns - {id1_43_1_}

13:23:06.707 [Test worker] DEBUG o.h.loader.entity.plan.EntityLoader - Static select for entity org.project.neutrino.nfvo.catalogue.mano.descriptor.VirtualLinkDescriptor [READ]: select virtuallin0_.id as id1_0_0_, virtuallin0_.connectivity_type as connecti2_0_0_, virtuallin0_.leaf_requirement as leaf_req3_0_0_, virtuallin0_.root_requirement as root_req4_0_0_, virtuallin0_.version as version5_0_0_, virtuallin0_.descriptor_version as descript1_52_0_, virtuallin0_.number_of_endpoints as number_o2_52_0_, virtuallin0_.vendor as vendor3_52_0_, virtuallin0_.vld_security_id as vld_secu4_52_0_, security1_.id as id1_43_1_, security1_.version as version2_43_1_ from virtual_link_descriptor virtuallin0_ left outer join security security1_ on virtuallin0_.vld_security_id=security1_.id where virtuallin0_.id=?
13:23:06.707 [Test worker] DEBUG o.h.l.p.b.i.spaces.QuerySpacesImpl - Adding QuerySpace : uid = <gen:0> -> org.hibernate.loader.plan.build.internal.spaces.EntityQuerySpaceImpl@18241b10]
13:23:06.707 [Test worker] DEBUG o.h.p.w.spi.MetamodelGraphWalker - Visiting attribute path : connectivity_type
13:23:06.707 [Test worker] DEBUG o.h.p.w.spi.MetamodelGraphWalker - Visiting attribute path : leaf_requirement
13:23:06.707 [Test worker] DEBUG o.h.p.w.spi.MetamodelGraphWalker - Visiting attribute path : qos
13:23:06.707 [Test worker] DEBUG o.h.p.w.spi.MetamodelGraphWalker - Visiting attribute path : root_requirement
13:23:06.707 [Test worker] DEBUG o.h.p.w.spi.MetamodelGraphWalker - Visiting attribute path : test_access
13:23:06.707 [Test worker] DEBUG o.h.p.w.spi.MetamodelGraphWalker - Visiting attribute path : version
13:23:06.708 [Test worker] DEBUG o.h.p.w.spi.MetamodelGraphWalker - Visiting attribute path : connection
13:23:06.708 [Test worker] DEBUG o.h.p.w.spi.MetamodelGraphWalker - Visiting attribute path : descriptor_version
13:23:06.708 [Test worker] DEBUG o.h.p.w.spi.MetamodelGraphWalker - Visiting attribute path : number_of_endpoints
13:23:06.708 [Test worker] DEBUG o.h.p.w.spi.MetamodelGraphWalker - Visiting attribute path : vendor
13:23:06.708 [Test worker] DEBUG o.h.p.w.spi.MetamodelGraphWalker - Visiting attribute path : vld_security
13:23:06.708 [Test worker] DEBUG o.h.l.p.b.i.spaces.QuerySpacesImpl - Adding QuerySpace : uid = <gen:1> -> org.hibernate.loader.plan.build.internal.spaces.EntityQuerySpaceImpl@aac04ed]
13:23:06.708 [Test worker] DEBUG o.h.l.p.b.i.FetchStyleLoadPlanBuildingAssociationVisitationStrategy - Building LoadPlan...
13:23:06.708 [Test worker] DEBUG o.h.l.p.e.i.LoadQueryJoinAndFetchProcessor - processing queryspace <gen:0>
13:23:06.708 [Test worker] DEBUG o.h.l.p.b.spi.LoadPlanTreePrinter - LoadPlan(entity=org.project.neutrino.nfvo.catalogue.mano.descriptor.VirtualLinkDescriptor)
    - Returns
       - EntityReturnImpl(entity=org.project.neutrino.nfvo.catalogue.mano.descriptor.VirtualLinkDescriptor, querySpaceUid=<gen:0>, path=org.project.neutrino.nfvo.catalogue.mano.descriptor.VirtualLinkDescriptor)
          - EntityAttributeFetchImpl(entity=org.project.neutrino.nfvo.catalogue.mano.common.Security, querySpaceUid=<gen:1>, path=org.project.neutrino.nfvo.catalogue.mano.descriptor.VirtualLinkDescriptor.vld_security)
    - QuerySpaces
       - EntityQuerySpaceImpl(uid=<gen:0>, entity=org.project.neutrino.nfvo.catalogue.mano.descriptor.VirtualLinkDescriptor)
          - SQL table alias mapping - virtuallin0_
          - alias suffix - 0_
          - suffixed key columns - {id1_0_0_}

13:23:06.708 [Test worker] DEBUG o.h.loader.entity.plan.EntityLoader - Static select for entity org.project.neutrino.nfvo.catalogue.mano.descriptor.VirtualLinkDescriptor [UPGRADE]: select virtuallin0_.id as id1_0_0_, virtuallin0_.connectivity_type as connecti2_0_0_, virtuallin0_.leaf_requirement as leaf_req3_0_0_, virtuallin0_.root_requirement as root_req4_0_0_, virtuallin0_.version as version5_0_0_, virtuallin0_.descriptor_version as descript1_52_0_, virtuallin0_.number_of_endpoints as number_o2_52_0_, virtuallin0_.vendor as vendor3_52_0_, virtuallin0_.vld_security_id as vld_secu4_52_0_ from virtual_link_descriptor virtuallin0_ where virtuallin0_.id=? for update
13:23:06.708 [Test worker] DEBUG o.h.l.p.b.i.spaces.QuerySpacesImpl - Adding QuerySpace : uid = <gen:0> -> org.hibernate.loader.plan.build.internal.spaces.EntityQuerySpaceImpl@23776914]
13:23:06.709 [Test worker] DEBUG o.h.p.w.spi.MetamodelGraphWalker - Visiting attribute path : connectivity_type
13:23:06.709 [Test worker] DEBUG o.h.p.w.spi.MetamodelGraphWalker - Visiting attribute path : leaf_requirement
13:23:06.709 [Test worker] DEBUG o.h.p.w.spi.MetamodelGraphWalker - Visiting attribute path : qos
13:23:06.709 [Test worker] DEBUG o.h.p.w.spi.MetamodelGraphWalker - Visiting attribute path : root_requirement
13:23:06.709 [Test worker] DEBUG o.h.p.w.spi.MetamodelGraphWalker - Visiting attribute path : test_access
13:23:06.709 [Test worker] DEBUG o.h.p.w.spi.MetamodelGraphWalker - Visiting attribute path : version
13:23:06.709 [Test worker] DEBUG o.h.p.w.spi.MetamodelGraphWalker - Visiting attribute path : connection
13:23:06.709 [Test worker] DEBUG o.h.p.w.spi.MetamodelGraphWalker - Visiting attribute path : descriptor_version
13:23:06.709 [Test worker] DEBUG o.h.p.w.spi.MetamodelGraphWalker - Visiting attribute path : number_of_endpoints
13:23:06.709 [Test worker] DEBUG o.h.p.w.spi.MetamodelGraphWalker - Visiting attribute path : vendor
13:23:06.709 [Test worker] DEBUG o.h.p.w.spi.MetamodelGraphWalker - Visiting attribute path : vld_security
13:23:06.709 [Test worker] DEBUG o.h.l.p.b.i.spaces.QuerySpacesImpl - Adding QuerySpace : uid = <gen:1> -> org.hibernate.loader.plan.build.internal.spaces.EntityQuerySpaceImpl@c9abcef]
13:23:06.710 [Test worker] DEBUG o.h.l.p.b.i.FetchStyleLoadPlanBuildingAssociationVisitationStrategy - Building LoadPlan...
13:23:06.710 [Test worker] DEBUG o.h.l.p.e.i.LoadQueryJoinAndFetchProcessor - processing queryspace <gen:0>
13:23:06.710 [Test worker] DEBUG o.h.l.p.b.spi.LoadPlanTreePrinter - LoadPlan(entity=org.project.neutrino.nfvo.catalogue.mano.descriptor.VirtualLinkDescriptor)
    - Returns
       - EntityReturnImpl(entity=org.project.neutrino.nfvo.catalogue.mano.descriptor.VirtualLinkDescriptor, querySpaceUid=<gen:0>, path=org.project.neutrino.nfvo.catalogue.mano.descriptor.VirtualLinkDescriptor)
          - EntityAttributeFetchImpl(entity=org.project.neutrino.nfvo.catalogue.mano.common.Security, querySpaceUid=<gen:1>, path=org.project.neutrino.nfvo.catalogue.mano.descriptor.VirtualLinkDescriptor.vld_security)
    - QuerySpaces
       - EntityQuerySpaceImpl(uid=<gen:0>, entity=org.project.neutrino.nfvo.catalogue.mano.descriptor.VirtualLinkDescriptor)
          - SQL table alias mapping - virtuallin0_
          - alias suffix - 0_
          - suffixed key columns - {id1_0_0_}

13:23:06.710 [Test worker] DEBUG o.h.loader.entity.plan.EntityLoader - Static select for entity org.project.neutrino.nfvo.catalogue.mano.descriptor.VirtualLinkDescriptor [UPGRADE_NOWAIT]: select virtuallin0_.id as id1_0_0_, virtuallin0_.connectivity_type as connecti2_0_0_, virtuallin0_.leaf_requirement as leaf_req3_0_0_, virtuallin0_.root_requirement as root_req4_0_0_, virtuallin0_.version as version5_0_0_, virtuallin0_.descriptor_version as descript1_52_0_, virtuallin0_.number_of_endpoints as number_o2_52_0_, virtuallin0_.vendor as vendor3_52_0_, virtuallin0_.vld_security_id as vld_secu4_52_0_ from virtual_link_descriptor virtuallin0_ where virtuallin0_.id=? for update
13:23:06.710 [Test worker] DEBUG o.h.l.p.b.i.spaces.QuerySpacesImpl - Adding QuerySpace : uid = <gen:0> -> org.hibernate.loader.plan.build.internal.spaces.EntityQuerySpaceImpl@2e9f560]
13:23:06.710 [Test worker] DEBUG o.h.p.w.spi.MetamodelGraphWalker - Visiting attribute path : connectivity_type
13:23:06.710 [Test worker] DEBUG o.h.p.w.spi.MetamodelGraphWalker - Visiting attribute path : leaf_requirement
13:23:06.710 [Test worker] DEBUG o.h.p.w.spi.MetamodelGraphWalker - Visiting attribute path : qos
13:23:06.710 [Test worker] DEBUG o.h.p.w.spi.MetamodelGraphWalker - Visiting attribute path : root_requirement
13:23:06.711 [Test worker] DEBUG o.h.p.w.spi.MetamodelGraphWalker - Visiting attribute path : test_access
13:23:06.711 [Test worker] DEBUG o.h.p.w.spi.MetamodelGraphWalker - Visiting attribute path : version
13:23:06.711 [Test worker] DEBUG o.h.p.w.spi.MetamodelGraphWalker - Visiting attribute path : connection
13:23:06.711 [Test worker] DEBUG o.h.p.w.spi.MetamodelGraphWalker - Visiting attribute path : descriptor_version
13:23:06.711 [Test worker] DEBUG o.h.p.w.spi.MetamodelGraphWalker - Visiting attribute path : number_of_endpoints
13:23:06.711 [Test worker] DEBUG o.h.p.w.spi.MetamodelGraphWalker - Visiting attribute path : vendor
13:23:06.711 [Test worker] DEBUG o.h.p.w.spi.MetamodelGraphWalker - Visiting attribute path : vld_security
13:23:06.711 [Test worker] DEBUG o.h.l.p.b.i.spaces.QuerySpacesImpl - Adding QuerySpace : uid = <gen:1> -> org.hibernate.loader.plan.build.internal.spaces.EntityQuerySpaceImpl@5e79de89]
13:23:06.711 [Test worker] DEBUG o.h.l.p.b.i.FetchStyleLoadPlanBuildingAssociationVisitationStrategy - Building LoadPlan...
13:23:06.711 [Test worker] DEBUG o.h.l.p.e.i.LoadQueryJoinAndFetchProcessor - processing queryspace <gen:0>
13:23:06.711 [Test worker] DEBUG o.h.l.p.b.spi.LoadPlanTreePrinter - LoadPlan(entity=org.project.neutrino.nfvo.catalogue.mano.descriptor.VirtualLinkDescriptor)
    - Returns
       - EntityReturnImpl(entity=org.project.neutrino.nfvo.catalogue.mano.descriptor.VirtualLinkDescriptor, querySpaceUid=<gen:0>, path=org.project.neutrino.nfvo.catalogue.mano.descriptor.VirtualLinkDescriptor)
          - EntityAttributeFetchImpl(entity=org.project.neutrino.nfvo.catalogue.mano.common.Security, querySpaceUid=<gen:1>, path=org.project.neutrino.nfvo.catalogue.mano.descriptor.VirtualLinkDescriptor.vld_security)
    - QuerySpaces
       - EntityQuerySpaceImpl(uid=<gen:0>, entity=org.project.neutrino.nfvo.catalogue.mano.descriptor.VirtualLinkDescriptor)
          - SQL table alias mapping - virtuallin0_
          - alias suffix - 0_
          - suffixed key columns - {id1_0_0_}

13:23:06.712 [Test worker] DEBUG o.h.loader.entity.plan.EntityLoader - Static select for entity org.project.neutrino.nfvo.catalogue.mano.descriptor.VirtualLinkDescriptor [UPGRADE_SKIPLOCKED]: select virtuallin0_.id as id1_0_0_, virtuallin0_.connectivity_type as connecti2_0_0_, virtuallin0_.leaf_requirement as leaf_req3_0_0_, virtuallin0_.root_requirement as root_req4_0_0_, virtuallin0_.version as version5_0_0_, virtuallin0_.descriptor_version as descript1_52_0_, virtuallin0_.number_of_endpoints as number_o2_52_0_, virtuallin0_.vendor as vendor3_52_0_, virtuallin0_.vld_security_id as vld_secu4_52_0_ from virtual_link_descriptor virtuallin0_ where virtuallin0_.id=? for update
13:23:06.712 [Test worker] DEBUG o.h.l.p.b.i.spaces.QuerySpacesImpl - Adding QuerySpace : uid = <gen:0> -> org.hibernate.loader.plan.build.internal.spaces.EntityQuerySpaceImpl@130124d4]
13:23:06.712 [Test worker] DEBUG o.h.p.w.spi.MetamodelGraphWalker - Visiting attribute path : connectivity_type
13:23:06.712 [Test worker] DEBUG o.h.p.w.spi.MetamodelGraphWalker - Visiting attribute path : leaf_requirement
13:23:06.712 [Test worker] DEBUG o.h.p.w.spi.MetamodelGraphWalker - Visiting attribute path : qos
13:23:06.712 [Test worker] DEBUG o.h.p.w.spi.MetamodelGraphWalker - Visiting attribute path : root_requirement
13:23:06.712 [Test worker] DEBUG o.h.p.w.spi.MetamodelGraphWalker - Visiting attribute path : test_access
13:23:06.712 [Test worker] DEBUG o.h.p.w.spi.MetamodelGraphWalker - Visiting attribute path : version
13:23:06.712 [Test worker] DEBUG o.h.p.w.spi.MetamodelGraphWalker - Visiting attribute path : connection
13:23:06.712 [Test worker] DEBUG o.h.p.w.spi.MetamodelGraphWalker - Visiting attribute path : descriptor_version
13:23:06.712 [Test worker] DEBUG o.h.p.w.spi.MetamodelGraphWalker - Visiting attribute path : number_of_endpoints
13:23:06.712 [Test worker] DEBUG o.h.p.w.spi.MetamodelGraphWalker - Visiting attribute path : vendor
13:23:06.712 [Test worker] DEBUG o.h.p.w.spi.MetamodelGraphWalker - Visiting attribute path : vld_security
13:23:06.713 [Test worker] DEBUG o.h.l.p.b.i.spaces.QuerySpacesImpl - Adding QuerySpace : uid = <gen:1> -> org.hibernate.loader.plan.build.internal.spaces.EntityQuerySpaceImpl@3223a6d8]
13:23:06.713 [Test worker] DEBUG o.h.l.p.b.i.FetchStyleLoadPlanBuildingAssociationVisitationStrategy - Building LoadPlan...
13:23:06.713 [Test worker] DEBUG o.h.l.p.e.i.LoadQueryJoinAndFetchProcessor - processing queryspace <gen:0>
13:23:06.713 [Test worker] DEBUG o.h.l.p.b.spi.LoadPlanTreePrinter - LoadPlan(entity=org.project.neutrino.nfvo.catalogue.mano.descriptor.VirtualLinkDescriptor)
    - Returns
       - EntityReturnImpl(entity=org.project.neutrino.nfvo.catalogue.mano.descriptor.VirtualLinkDescriptor, querySpaceUid=<gen:0>, path=org.project.neutrino.nfvo.catalogue.mano.descriptor.VirtualLinkDescriptor)
          - EntityAttributeFetchImpl(entity=org.project.neutrino.nfvo.catalogue.mano.common.Security, querySpaceUid=<gen:1>, path=org.project.neutrino.nfvo.catalogue.mano.descriptor.VirtualLinkDescriptor.vld_security)
    - QuerySpaces
       - EntityQuerySpaceImpl(uid=<gen:0>, entity=org.project.neutrino.nfvo.catalogue.mano.descriptor.VirtualLinkDescriptor)
          - SQL table alias mapping - virtuallin0_
          - alias suffix - 0_
          - suffixed key columns - {id1_0_0_}

13:23:06.713 [Test worker] DEBUG o.h.loader.entity.plan.EntityLoader - Static select for entity org.project.neutrino.nfvo.catalogue.mano.descriptor.VirtualLinkDescriptor [FORCE]: select virtuallin0_.id as id1_0_0_, virtuallin0_.connectivity_type as connecti2_0_0_, virtuallin0_.leaf_requirement as leaf_req3_0_0_, virtuallin0_.root_requirement as root_req4_0_0_, virtuallin0_.version as version5_0_0_, virtuallin0_.descriptor_version as descript1_52_0_, virtuallin0_.number_of_endpoints as number_o2_52_0_, virtuallin0_.vendor as vendor3_52_0_, virtuallin0_.vld_security_id as vld_secu4_52_0_ from virtual_link_descriptor virtuallin0_ where virtuallin0_.id=? for update
13:23:06.713 [Test worker] DEBUG o.h.l.p.b.i.spaces.QuerySpacesImpl - Adding QuerySpace : uid = <gen:0> -> org.hibernate.loader.plan.build.internal.spaces.EntityQuerySpaceImpl@429ec89f]
13:23:06.713 [Test worker] DEBUG o.h.p.w.spi.MetamodelGraphWalker - Visiting attribute path : connectivity_type
13:23:06.714 [Test worker] DEBUG o.h.p.w.spi.MetamodelGraphWalker - Visiting attribute path : leaf_requirement
13:23:06.714 [Test worker] DEBUG o.h.p.w.spi.MetamodelGraphWalker - Visiting attribute path : qos
13:23:06.714 [Test worker] DEBUG o.h.p.w.spi.MetamodelGraphWalker - Visiting attribute path : root_requirement
13:23:06.714 [Test worker] DEBUG o.h.p.w.spi.MetamodelGraphWalker - Visiting attribute path : test_access
13:23:06.714 [Test worker] DEBUG o.h.p.w.spi.MetamodelGraphWalker - Visiting attribute path : version
13:23:06.714 [Test worker] DEBUG o.h.p.w.spi.MetamodelGraphWalker - Visiting attribute path : connection
13:23:06.714 [Test worker] DEBUG o.h.p.w.spi.MetamodelGraphWalker - Visiting attribute path : descriptor_version
13:23:06.714 [Test worker] DEBUG o.h.p.w.spi.MetamodelGraphWalker - Visiting attribute path : number_of_endpoints
13:23:06.714 [Test worker] DEBUG o.h.p.w.spi.MetamodelGraphWalker - Visiting attribute path : vendor
13:23:06.714 [Test worker] DEBUG o.h.p.w.spi.MetamodelGraphWalker - Visiting attribute path : vld_security
13:23:06.714 [Test worker] DEBUG o.h.l.p.b.i.spaces.QuerySpacesImpl - Adding QuerySpace : uid = <gen:1> -> org.hibernate.loader.plan.build.internal.spaces.EntityQuerySpaceImpl@5e9c3ce7]
13:23:06.714 [Test worker] DEBUG o.h.l.p.b.i.FetchStyleLoadPlanBuildingAssociationVisitationStrategy - Building LoadPlan...
13:23:06.714 [Test worker] DEBUG o.h.l.p.e.i.LoadQueryJoinAndFetchProcessor - processing queryspace <gen:0>
13:23:06.715 [Test worker] DEBUG o.h.l.p.b.spi.LoadPlanTreePrinter - LoadPlan(entity=org.project.neutrino.nfvo.catalogue.mano.descriptor.VirtualLinkDescriptor)
    - Returns
       - EntityReturnImpl(entity=org.project.neutrino.nfvo.catalogue.mano.descriptor.VirtualLinkDescriptor, querySpaceUid=<gen:0>, path=org.project.neutrino.nfvo.catalogue.mano.descriptor.VirtualLinkDescriptor)
          - EntityAttributeFetchImpl(entity=org.project.neutrino.nfvo.catalogue.mano.common.Security, querySpaceUid=<gen:1>, path=org.project.neutrino.nfvo.catalogue.mano.descriptor.VirtualLinkDescriptor.vld_security)
    - QuerySpaces
       - EntityQuerySpaceImpl(uid=<gen:0>, entity=org.project.neutrino.nfvo.catalogue.mano.descriptor.VirtualLinkDescriptor)
          - SQL table alias mapping - virtuallin0_
          - alias suffix - 0_
          - suffixed key columns - {id1_0_0_}

13:23:06.715 [Test worker] DEBUG o.h.loader.entity.plan.EntityLoader - Static select for entity org.project.neutrino.nfvo.catalogue.mano.descriptor.VirtualLinkDescriptor [PESSIMISTIC_READ]: select virtuallin0_.id as id1_0_0_, virtuallin0_.connectivity_type as connecti2_0_0_, virtuallin0_.leaf_requirement as leaf_req3_0_0_, virtuallin0_.root_requirement as root_req4_0_0_, virtuallin0_.version as version5_0_0_, virtuallin0_.descriptor_version as descript1_52_0_, virtuallin0_.number_of_endpoints as number_o2_52_0_, virtuallin0_.vendor as vendor3_52_0_, virtuallin0_.vld_security_id as vld_secu4_52_0_ from virtual_link_descriptor virtuallin0_ where virtuallin0_.id=? lock in share mode
13:23:06.715 [Test worker] DEBUG o.h.l.p.b.i.spaces.QuerySpacesImpl - Adding QuerySpace : uid = <gen:0> -> org.hibernate.loader.plan.build.internal.spaces.EntityQuerySpaceImpl@63629237]
13:23:06.715 [Test worker] DEBUG o.h.p.w.spi.MetamodelGraphWalker - Visiting attribute path : connectivity_type
13:23:06.715 [Test worker] DEBUG o.h.p.w.spi.MetamodelGraphWalker - Visiting attribute path : leaf_requirement
13:23:06.715 [Test worker] DEBUG o.h.p.w.spi.MetamodelGraphWalker - Visiting attribute path : qos
13:23:06.715 [Test worker] DEBUG o.h.p.w.spi.MetamodelGraphWalker - Visiting attribute path : root_requirement
13:23:06.715 [Test worker] DEBUG o.h.p.w.spi.MetamodelGraphWalker - Visiting attribute path : test_access
13:23:06.715 [Test worker] DEBUG o.h.p.w.spi.MetamodelGraphWalker - Visiting attribute path : version
13:23:06.716 [Test worker] DEBUG o.h.p.w.spi.MetamodelGraphWalker - Visiting attribute path : connection
13:23:06.716 [Test worker] DEBUG o.h.p.w.spi.MetamodelGraphWalker - Visiting attribute path : descriptor_version
13:23:06.716 [Test worker] DEBUG o.h.p.w.spi.MetamodelGraphWalker - Visiting attribute path : number_of_endpoints
13:23:06.716 [Test worker] DEBUG o.h.p.w.spi.MetamodelGraphWalker - Visiting attribute path : vendor
13:23:06.716 [Test worker] DEBUG o.h.p.w.spi.MetamodelGraphWalker - Visiting attribute path : vld_security
13:23:06.716 [Test worker] DEBUG o.h.l.p.b.i.spaces.QuerySpacesImpl - Adding QuerySpace : uid = <gen:1> -> org.hibernate.loader.plan.build.internal.spaces.EntityQuerySpaceImpl@1bf8c49e]
13:23:06.716 [Test worker] DEBUG o.h.l.p.b.i.FetchStyleLoadPlanBuildingAssociationVisitationStrategy - Building LoadPlan...
13:23:06.716 [Test worker] DEBUG o.h.l.p.e.i.LoadQueryJoinAndFetchProcessor - processing queryspace <gen:0>
13:23:06.716 [Test worker] DEBUG o.h.l.p.b.spi.LoadPlanTreePrinter - LoadPlan(entity=org.project.neutrino.nfvo.catalogue.mano.descriptor.VirtualLinkDescriptor)
    - Returns
       - EntityReturnImpl(entity=org.project.neutrino.nfvo.catalogue.mano.descriptor.VirtualLinkDescriptor, querySpaceUid=<gen:0>, path=org.project.neutrino.nfvo.catalogue.mano.descriptor.VirtualLinkDescriptor)
          - EntityAttributeFetchImpl(entity=org.project.neutrino.nfvo.catalogue.mano.common.Security, querySpaceUid=<gen:1>, path=org.project.neutrino.nfvo.catalogue.mano.descriptor.VirtualLinkDescriptor.vld_security)
    - QuerySpaces
       - EntityQuerySpaceImpl(uid=<gen:0>, entity=org.project.neutrino.nfvo.catalogue.mano.descriptor.VirtualLinkDescriptor)
          - SQL table alias mapping - virtuallin0_
          - alias suffix - 0_
          - suffixed key columns - {id1_0_0_}

13:23:06.717 [Test worker] DEBUG o.h.loader.entity.plan.EntityLoader - Static select for entity org.project.neutrino.nfvo.catalogue.mano.descriptor.VirtualLinkDescriptor [PESSIMISTIC_WRITE]: select virtuallin0_.id as id1_0_0_, virtuallin0_.connectivity_type as connecti2_0_0_, virtuallin0_.leaf_requirement as leaf_req3_0_0_, virtuallin0_.root_requirement as root_req4_0_0_, virtuallin0_.version as version5_0_0_, virtuallin0_.descriptor_version as descript1_52_0_, virtuallin0_.number_of_endpoints as number_o2_52_0_, virtuallin0_.vendor as vendor3_52_0_, virtuallin0_.vld_security_id as vld_secu4_52_0_ from virtual_link_descriptor virtuallin0_ where virtuallin0_.id=? for update
13:23:06.717 [Test worker] DEBUG o.h.l.p.b.i.spaces.QuerySpacesImpl - Adding QuerySpace : uid = <gen:0> -> org.hibernate.loader.plan.build.internal.spaces.EntityQuerySpaceImpl@69346f6a]
13:23:06.717 [Test worker] DEBUG o.h.p.w.spi.MetamodelGraphWalker - Visiting attribute path : connectivity_type
13:23:06.717 [Test worker] DEBUG o.h.p.w.spi.MetamodelGraphWalker - Visiting attribute path : leaf_requirement
13:23:06.717 [Test worker] DEBUG o.h.p.w.spi.MetamodelGraphWalker - Visiting attribute path : qos
13:23:06.717 [Test worker] DEBUG o.h.p.w.spi.MetamodelGraphWalker - Visiting attribute path : root_requirement
13:23:06.717 [Test worker] DEBUG o.h.p.w.spi.MetamodelGraphWalker - Visiting attribute path : test_access
13:23:06.717 [Test worker] DEBUG o.h.p.w.spi.MetamodelGraphWalker - Visiting attribute path : version
13:23:06.717 [Test worker] DEBUG o.h.p.w.spi.MetamodelGraphWalker - Visiting attribute path : connection
13:23:06.717 [Test worker] DEBUG o.h.p.w.spi.MetamodelGraphWalker - Visiting attribute path : descriptor_version
13:23:06.717 [Test worker] DEBUG o.h.p.w.spi.MetamodelGraphWalker - Visiting attribute path : number_of_endpoints
13:23:06.717 [Test worker] DEBUG o.h.p.w.spi.MetamodelGraphWalker - Visiting attribute path : vendor
13:23:06.717 [Test worker] DEBUG o.h.p.w.spi.MetamodelGraphWalker - Visiting attribute path : vld_security
13:23:06.717 [Test worker] DEBUG o.h.l.p.b.i.spaces.QuerySpacesImpl - Adding QuerySpace : uid = <gen:1> -> org.hibernate.loader.plan.build.internal.spaces.EntityQuerySpaceImpl@3c0d88d3]
13:23:06.718 [Test worker] DEBUG o.h.l.p.b.i.FetchStyleLoadPlanBuildingAssociationVisitationStrategy - Building LoadPlan...
13:23:06.718 [Test worker] DEBUG o.h.l.p.e.i.LoadQueryJoinAndFetchProcessor - processing queryspace <gen:0>
13:23:06.718 [Test worker] DEBUG o.h.l.p.b.spi.LoadPlanTreePrinter - LoadPlan(entity=org.project.neutrino.nfvo.catalogue.mano.descriptor.VirtualLinkDescriptor)
    - Returns
       - EntityReturnImpl(entity=org.project.neutrino.nfvo.catalogue.mano.descriptor.VirtualLinkDescriptor, querySpaceUid=<gen:0>, path=org.project.neutrino.nfvo.catalogue.mano.descriptor.VirtualLinkDescriptor)
          - EntityAttributeFetchImpl(entity=org.project.neutrino.nfvo.catalogue.mano.common.Security, querySpaceUid=<gen:1>, path=org.project.neutrino.nfvo.catalogue.mano.descriptor.VirtualLinkDescriptor.vld_security)
    - QuerySpaces
       - EntityQuerySpaceImpl(uid=<gen:0>, entity=org.project.neutrino.nfvo.catalogue.mano.descriptor.VirtualLinkDescriptor)
          - SQL table alias mapping - virtuallin0_
          - alias suffix - 0_
          - suffixed key columns - {id1_0_0_}

13:23:06.718 [Test worker] DEBUG o.h.loader.entity.plan.EntityLoader - Static select for entity org.project.neutrino.nfvo.catalogue.mano.descriptor.VirtualLinkDescriptor [PESSIMISTIC_FORCE_INCREMENT]: select virtuallin0_.id as id1_0_0_, virtuallin0_.connectivity_type as connecti2_0_0_, virtuallin0_.leaf_requirement as leaf_req3_0_0_, virtuallin0_.root_requirement as root_req4_0_0_, virtuallin0_.version as version5_0_0_, virtuallin0_.descriptor_version as descript1_52_0_, virtuallin0_.number_of_endpoints as number_o2_52_0_, virtuallin0_.vendor as vendor3_52_0_, virtuallin0_.vld_security_id as vld_secu4_52_0_ from virtual_link_descriptor virtuallin0_ where virtuallin0_.id=? for update
13:23:06.718 [Test worker] DEBUG o.h.l.p.b.i.spaces.QuerySpacesImpl - Adding QuerySpace : uid = <gen:0> -> org.hibernate.loader.plan.build.internal.spaces.EntityQuerySpaceImpl@1c91f372]
13:23:06.718 [Test worker] DEBUG o.h.p.w.spi.MetamodelGraphWalker - Visiting attribute path : connectivity_type
13:23:06.718 [Test worker] DEBUG o.h.p.w.spi.MetamodelGraphWalker - Visiting attribute path : leaf_requirement
13:23:06.718 [Test worker] DEBUG o.h.p.w.spi.MetamodelGraphWalker - Visiting attribute path : qos
13:23:06.719 [Test worker] DEBUG o.h.p.w.spi.MetamodelGraphWalker - Visiting attribute path : root_requirement
13:23:06.719 [Test worker] DEBUG o.h.p.w.spi.MetamodelGraphWalker - Visiting attribute path : test_access
13:23:06.719 [Test worker] DEBUG o.h.p.w.spi.MetamodelGraphWalker - Visiting attribute path : version
13:23:06.719 [Test worker] DEBUG o.h.p.w.spi.MetamodelGraphWalker - Visiting attribute path : connection
13:23:06.719 [Test worker] DEBUG o.h.p.w.spi.MetamodelGraphWalker - Visiting attribute path : descriptor_version
13:23:06.719 [Test worker] DEBUG o.h.p.w.spi.MetamodelGraphWalker - Visiting attribute path : number_of_endpoints
13:23:06.719 [Test worker] DEBUG o.h.p.w.spi.MetamodelGraphWalker - Visiting attribute path : vendor
13:23:06.719 [Test worker] DEBUG o.h.p.w.spi.MetamodelGraphWalker - Visiting attribute path : vld_security
13:23:06.719 [Test worker] DEBUG o.h.l.p.b.i.spaces.QuerySpacesImpl - Adding QuerySpace : uid = <gen:1> -> org.hibernate.loader.plan.build.internal.spaces.EntityQuerySpaceImpl@1b9c11eb]
13:23:06.719 [Test worker] DEBUG o.h.l.p.b.i.FetchStyleLoadPlanBuildingAssociationVisitationStrategy - Building LoadPlan...
13:23:06.719 [Test worker] DEBUG o.h.l.p.e.i.LoadQueryJoinAndFetchProcessor - processing queryspace <gen:0>
13:23:06.720 [Test worker] DEBUG o.h.l.p.b.spi.LoadPlanTreePrinter - LoadPlan(entity=org.project.neutrino.nfvo.catalogue.mano.descriptor.VirtualLinkDescriptor)
    - Returns
       - EntityReturnImpl(entity=org.project.neutrino.nfvo.catalogue.mano.descriptor.VirtualLinkDescriptor, querySpaceUid=<gen:0>, path=org.project.neutrino.nfvo.catalogue.mano.descriptor.VirtualLinkDescriptor)
          - EntityAttributeFetchImpl(entity=org.project.neutrino.nfvo.catalogue.mano.common.Security, querySpaceUid=<gen:1>, path=org.project.neutrino.nfvo.catalogue.mano.descriptor.VirtualLinkDescriptor.vld_security)
    - QuerySpaces
       - EntityQuerySpaceImpl(uid=<gen:0>, entity=org.project.neutrino.nfvo.catalogue.mano.descriptor.VirtualLinkDescriptor)
          - SQL table alias mapping - virtuallin0_
          - alias suffix - 0_
          - suffixed key columns - {id1_0_0_}

13:23:06.720 [Test worker] DEBUG o.h.loader.entity.plan.EntityLoader - Static select for entity org.project.neutrino.nfvo.catalogue.mano.descriptor.VirtualLinkDescriptor [OPTIMISTIC]: select virtuallin0_.id as id1_0_0_, virtuallin0_.connectivity_type as connecti2_0_0_, virtuallin0_.leaf_requirement as leaf_req3_0_0_, virtuallin0_.root_requirement as root_req4_0_0_, virtuallin0_.version as version5_0_0_, virtuallin0_.descriptor_version as descript1_52_0_, virtuallin0_.number_of_endpoints as number_o2_52_0_, virtuallin0_.vendor as vendor3_52_0_, virtuallin0_.vld_security_id as vld_secu4_52_0_ from virtual_link_descriptor virtuallin0_ where virtuallin0_.id=?
13:23:06.720 [Test worker] DEBUG o.h.l.p.b.i.spaces.QuerySpacesImpl - Adding QuerySpace : uid = <gen:0> -> org.hibernate.loader.plan.build.internal.spaces.EntityQuerySpaceImpl@235c6976]
13:23:06.720 [Test worker] DEBUG o.h.p.w.spi.MetamodelGraphWalker - Visiting attribute path : connectivity_type
13:23:06.720 [Test worker] DEBUG o.h.p.w.spi.MetamodelGraphWalker - Visiting attribute path : leaf_requirement
13:23:06.720 [Test worker] DEBUG o.h.p.w.spi.MetamodelGraphWalker - Visiting attribute path : qos
13:23:06.720 [Test worker] DEBUG o.h.p.w.spi.MetamodelGraphWalker - Visiting attribute path : root_requirement
13:23:06.720 [Test worker] DEBUG o.h.p.w.spi.MetamodelGraphWalker - Visiting attribute path : test_access
13:23:06.720 [Test worker] DEBUG o.h.p.w.spi.MetamodelGraphWalker - Visiting attribute path : version
13:23:06.720 [Test worker] DEBUG o.h.p.w.spi.MetamodelGraphWalker - Visiting attribute path : connection
13:23:06.720 [Test worker] DEBUG o.h.p.w.spi.MetamodelGraphWalker - Visiting attribute path : descriptor_version
13:23:06.721 [Test worker] DEBUG o.h.p.w.spi.MetamodelGraphWalker - Visiting attribute path : number_of_endpoints
13:23:06.721 [Test worker] DEBUG o.h.p.w.spi.MetamodelGraphWalker - Visiting attribute path : vendor
13:23:06.721 [Test worker] DEBUG o.h.p.w.spi.MetamodelGraphWalker - Visiting attribute path : vld_security
13:23:06.721 [Test worker] DEBUG o.h.l.p.b.i.spaces.QuerySpacesImpl - Adding QuerySpace : uid = <gen:1> -> org.hibernate.loader.plan.build.internal.spaces.EntityQuerySpaceImpl@472ec00d]
13:23:06.721 [Test worker] DEBUG o.h.l.p.b.i.FetchStyleLoadPlanBuildingAssociationVisitationStrategy - Building LoadPlan...
13:23:06.721 [Test worker] DEBUG o.h.l.p.e.i.LoadQueryJoinAndFetchProcessor - processing queryspace <gen:0>
13:23:06.721 [Test worker] DEBUG o.h.l.p.b.spi.LoadPlanTreePrinter - LoadPlan(entity=org.project.neutrino.nfvo.catalogue.mano.descriptor.VirtualLinkDescriptor)
    - Returns
       - EntityReturnImpl(entity=org.project.neutrino.nfvo.catalogue.mano.descriptor.VirtualLinkDescriptor, querySpaceUid=<gen:0>, path=org.project.neutrino.nfvo.catalogue.mano.descriptor.VirtualLinkDescriptor)
          - EntityAttributeFetchImpl(entity=org.project.neutrino.nfvo.catalogue.mano.common.Security, querySpaceUid=<gen:1>, path=org.project.neutrino.nfvo.catalogue.mano.descriptor.VirtualLinkDescriptor.vld_security)
    - QuerySpaces
       - EntityQuerySpaceImpl(uid=<gen:0>, entity=org.project.neutrino.nfvo.catalogue.mano.descriptor.VirtualLinkDescriptor)
          - SQL table alias mapping - virtuallin0_
          - alias suffix - 0_
          - suffixed key columns - {id1_0_0_}

13:23:06.721 [Test worker] DEBUG o.h.loader.entity.plan.EntityLoader - Static select for entity org.project.neutrino.nfvo.catalogue.mano.descriptor.VirtualLinkDescriptor [OPTIMISTIC_FORCE_INCREMENT]: select virtuallin0_.id as id1_0_0_, virtuallin0_.connectivity_type as connecti2_0_0_, virtuallin0_.leaf_requirement as leaf_req3_0_0_, virtuallin0_.root_requirement as root_req4_0_0_, virtuallin0_.version as version5_0_0_, virtuallin0_.descriptor_version as descript1_52_0_, virtuallin0_.number_of_endpoints as number_o2_52_0_, virtuallin0_.vendor as vendor3_52_0_, virtuallin0_.vld_security_id as vld_secu4_52_0_ from virtual_link_descriptor virtuallin0_ where virtuallin0_.id=?
13:23:06.722 [Test worker] DEBUG org.hibernate.loader.Loader - Static select for action ACTION_MERGE on entity org.project.neutrino.nfvo.catalogue.mano.descriptor.VirtualLinkDescriptor: select virtuallin0_.id as id1_0_1_, virtuallin0_.connectivity_type as connecti2_0_1_, virtuallin0_.leaf_requirement as leaf_req3_0_1_, virtuallin0_.root_requirement as root_req4_0_1_, virtuallin0_.version as version5_0_1_, virtuallin0_.descriptor_version as descript1_52_1_, virtuallin0_.number_of_endpoints as number_o2_52_1_, virtuallin0_.vendor as vendor3_52_1_, virtuallin0_.vld_security_id as vld_secu4_52_1_, security1_.id as id1_43_0_, security1_.version as version2_43_0_ from virtual_link_descriptor virtuallin0_ left outer join security security1_ on virtuallin0_.vld_security_id=security1_.id where virtuallin0_.id=?
13:23:06.722 [Test worker] DEBUG org.hibernate.loader.Loader - Static select for action ACTION_REFRESH on entity org.project.neutrino.nfvo.catalogue.mano.descriptor.VirtualLinkDescriptor: select virtuallin0_.id as id1_0_1_, virtuallin0_.connectivity_type as connecti2_0_1_, virtuallin0_.leaf_requirement as leaf_req3_0_1_, virtuallin0_.root_requirement as root_req4_0_1_, virtuallin0_.version as version5_0_1_, virtuallin0_.descriptor_version as descript1_52_1_, virtuallin0_.number_of_endpoints as number_o2_52_1_, virtuallin0_.vendor as vendor3_52_1_, virtuallin0_.vld_security_id as vld_secu4_52_1_, security1_.id as id1_43_0_, security1_.version as version2_43_0_ from virtual_link_descriptor virtuallin0_ left outer join security security1_ on virtuallin0_.vld_security_id=security1_.id where virtuallin0_.id=?
13:23:06.722 [Test worker] DEBUG o.h.p.entity.AbstractEntityPersister - Static SQL for entity: org.project.neutrino.nfvo.catalogue.mano.common.AbstractVirtualLink
13:23:06.723 [Test worker] DEBUG o.h.p.entity.AbstractEntityPersister -  Version select: select version from abstract_virtual_link where id =?
13:23:06.723 [Test worker] DEBUG o.h.p.entity.AbstractEntityPersister -  Snapshot select: select abstractvi_.id, abstractvi_.connectivity_type as connecti2_0_, abstractvi_.leaf_requirement as leaf_req3_0_, abstractvi_.root_requirement as root_req4_0_, abstractvi_.version as version5_0_ from ( select id, connectivity_type, leaf_requirement, root_requirement, version, descriptor_version, number_of_endpoints, vendor, vld_security_id, 1 as clazz_ from virtual_link_descriptor union select id, connectivity_type, leaf_requirement, root_requirement, version, null as descriptor_version, null as number_of_endpoints, null as vendor, null as vld_security_id, 2 as clazz_ from internal_virtual_link ) abstractvi_ where abstractvi_.id=?
13:23:06.723 [Test worker] DEBUG o.h.p.entity.AbstractEntityPersister -  Insert 0: insert into abstract_virtual_link (connectivity_type, leaf_requirement, root_requirement, version, id) values (?, ?, ?, ?, ?)
13:23:06.723 [Test worker] DEBUG o.h.p.entity.AbstractEntityPersister -  Update 0: update abstract_virtual_link set connectivity_type=?, leaf_requirement=?, root_requirement=?, version=? where id=? and version=?
13:23:06.723 [Test worker] DEBUG o.h.p.entity.AbstractEntityPersister -  Delete 0: delete from abstract_virtual_link where id=? and version=?
13:23:06.723 [Test worker] DEBUG o.h.l.p.b.i.spaces.QuerySpacesImpl - Adding QuerySpace : uid = <gen:0> -> org.hibernate.loader.plan.build.internal.spaces.EntityQuerySpaceImpl@4e42b9fd]
13:23:06.723 [Test worker] DEBUG o.h.p.w.spi.MetamodelGraphWalker - Visiting attribute path : connectivity_type
13:23:06.723 [Test worker] DEBUG o.h.p.w.spi.MetamodelGraphWalker - Visiting attribute path : leaf_requirement
13:23:06.723 [Test worker] DEBUG o.h.p.w.spi.MetamodelGraphWalker - Visiting attribute path : qos
13:23:06.723 [Test worker] DEBUG o.h.p.w.spi.MetamodelGraphWalker - Visiting attribute path : root_requirement
13:23:06.723 [Test worker] DEBUG o.h.p.w.spi.MetamodelGraphWalker - Visiting attribute path : test_access
13:23:06.724 [Test worker] DEBUG o.h.p.w.spi.MetamodelGraphWalker - Visiting attribute path : version
13:23:06.724 [Test worker] DEBUG o.h.p.w.spi.MetamodelGraphWalker - Visiting attribute path : connection_points_references
13:23:06.724 [Test worker] DEBUG o.h.l.p.b.i.spaces.QuerySpacesImpl - Adding QuerySpace : uid = <gen:1> -> org.hibernate.loader.plan.build.internal.spaces.CollectionQuerySpaceImpl@1ebdbc05]
13:23:06.724 [Test worker] DEBUG o.h.p.w.spi.MetamodelGraphWalker - Visiting attribute path : connection
13:23:06.724 [Test worker] DEBUG o.h.p.w.spi.MetamodelGraphWalker - Visiting attribute path : descriptor_version
13:23:06.724 [Test worker] DEBUG o.h.p.w.spi.MetamodelGraphWalker - Visiting attribute path : number_of_endpoints
13:23:06.724 [Test worker] DEBUG o.h.p.w.spi.MetamodelGraphWalker - Visiting attribute path : vendor
13:23:06.724 [Test worker] DEBUG o.h.p.w.spi.MetamodelGraphWalker - Visiting attribute path : vld_security
13:23:06.724 [Test worker] DEBUG o.h.l.p.b.i.spaces.QuerySpacesImpl - Adding QuerySpace : uid = <gen:2> -> org.hibernate.loader.plan.build.internal.spaces.EntityQuerySpaceImpl@6d704d93]
13:23:06.724 [Test worker] DEBUG o.h.p.w.spi.MetamodelGraphWalker - Visiting attribute path : vld_security.version
13:23:06.724 [Test worker] DEBUG o.h.l.p.b.i.FetchStyleLoadPlanBuildingAssociationVisitationStrategy - Building LoadPlan...
13:23:06.725 [Test worker] DEBUG o.h.l.p.e.i.LoadQueryJoinAndFetchProcessor - processing queryspace <gen:0>
13:23:06.725 [Test worker] DEBUG o.h.l.p.b.spi.LoadPlanTreePrinter - LoadPlan(entity=org.project.neutrino.nfvo.catalogue.mano.common.AbstractVirtualLink)
    - Returns
       - EntityReturnImpl(entity=org.project.neutrino.nfvo.catalogue.mano.common.AbstractVirtualLink, querySpaceUid=<gen:0>, path=org.project.neutrino.nfvo.catalogue.mano.common.AbstractVirtualLink)
          - CollectionAttributeFetchImpl(collection=org.project.neutrino.nfvo.catalogue.mano.descriptor.InternalVirtualLink.connection_points_references, querySpaceUid=<gen:1>, path=org.project.neutrino.nfvo.catalogue.mano.common.AbstractVirtualLink.connection_points_references)
          - EntityAttributeFetchImpl(entity=org.project.neutrino.nfvo.catalogue.mano.common.Security, querySpaceUid=<gen:2>, path=org.project.neutrino.nfvo.catalogue.mano.common.AbstractVirtualLink.vld_security)
    - QuerySpaces
       - EntityQuerySpaceImpl(uid=<gen:0>, entity=org.project.neutrino.nfvo.catalogue.mano.common.AbstractVirtualLink)
          - SQL table alias mapping - abstractvi0_
          - alias suffix - 0_
          - suffixed key columns - {id1_0_0_}
          - JOIN (JoinDefinedByMetadata(connection_points_references)) : <gen:0> -> <gen:1>
             - CollectionQuerySpaceImpl(uid=<gen:1>, collection=org.project.neutrino.nfvo.catalogue.mano.descriptor.InternalVirtualLink.connection_points_references)
                - SQL table alias mapping - connection1_
                - alias suffix - 1_
                - suffixed key columns - {internal1_0_1_}
          - JOIN (JoinDefinedByMetadata(vld_security)) : <gen:0> -> <gen:2>
             - EntityQuerySpaceImpl(uid=<gen:2>, entity=org.project.neutrino.nfvo.catalogue.mano.common.Security)
                - SQL table alias mapping - security2_
                - alias suffix - 2_
                - suffixed key columns - {id1_43_2_}

13:23:06.726 [Test worker] DEBUG o.h.loader.entity.plan.EntityLoader - Static select for entity org.project.neutrino.nfvo.catalogue.mano.common.AbstractVirtualLink [NONE]: select abstractvi0_.id as id1_0_0_, abstractvi0_.connectivity_type as connecti2_0_0_, abstractvi0_.leaf_requirement as leaf_req3_0_0_, abstractvi0_.root_requirement as root_req4_0_0_, abstractvi0_.version as version5_0_0_, abstractvi0_.descriptor_version as descript1_52_0_, abstractvi0_.number_of_endpoints as number_o2_52_0_, abstractvi0_.vendor as vendor3_52_0_, abstractvi0_.vld_security_id as vld_secu4_52_0_, abstractvi0_.clazz_ as clazz_0_, connection1_.internal_virtual_link_id as internal1_0_1_, connection1_.connection_points_references as connecti2_9_1_, security2_.id as id1_43_2_, security2_.version as version2_43_2_ from ( select id, connectivity_type, leaf_requirement, root_requirement, version, descriptor_version, number_of_endpoints, vendor, vld_security_id, 1 as clazz_ from virtual_link_descriptor union select id, connectivity_type, leaf_requirement, root_requirement, version, null as descriptor_version, null as number_of_endpoints, null as vendor, null as vld_security_id, 2 as clazz_ from internal_virtual_link ) abstractvi0_ left outer join internal_virtual_link_connection_points_references connection1_ on abstractvi0_.id=connection1_.internal_virtual_link_id left outer join security security2_ on abstractvi0_.vld_security_id=security2_.id where abstractvi0_.id=?
13:23:06.726 [Test worker] DEBUG o.h.l.p.b.i.spaces.QuerySpacesImpl - Adding QuerySpace : uid = <gen:0> -> org.hibernate.loader.plan.build.internal.spaces.EntityQuerySpaceImpl@f93893c]
13:23:06.726 [Test worker] DEBUG o.h.p.w.spi.MetamodelGraphWalker - Visiting attribute path : connectivity_type
13:23:06.726 [Test worker] DEBUG o.h.p.w.spi.MetamodelGraphWalker - Visiting attribute path : leaf_requirement
13:23:06.726 [Test worker] DEBUG o.h.p.w.spi.MetamodelGraphWalker - Visiting attribute path : qos
13:23:06.726 [Test worker] DEBUG o.h.p.w.spi.MetamodelGraphWalker - Visiting attribute path : root_requirement
13:23:06.726 [Test worker] DEBUG o.h.p.w.spi.MetamodelGraphWalker - Visiting attribute path : test_access
13:23:06.727 [Test worker] DEBUG o.h.p.w.spi.MetamodelGraphWalker - Visiting attribute path : version
13:23:06.727 [Test worker] DEBUG o.h.p.w.spi.MetamodelGraphWalker - Visiting attribute path : connection_points_references
13:23:06.727 [Test worker] DEBUG o.h.l.p.b.i.spaces.QuerySpacesImpl - Adding QuerySpace : uid = <gen:1> -> org.hibernate.loader.plan.build.internal.spaces.CollectionQuerySpaceImpl@11304c79]
13:23:06.727 [Test worker] DEBUG o.h.p.w.spi.MetamodelGraphWalker - Visiting attribute path : connection
13:23:06.727 [Test worker] DEBUG o.h.p.w.spi.MetamodelGraphWalker - Visiting attribute path : descriptor_version
13:23:06.727 [Test worker] DEBUG o.h.p.w.spi.MetamodelGraphWalker - Visiting attribute path : number_of_endpoints
13:23:06.727 [Test worker] DEBUG o.h.p.w.spi.MetamodelGraphWalker - Visiting attribute path : vendor
13:23:06.727 [Test worker] DEBUG o.h.p.w.spi.MetamodelGraphWalker - Visiting attribute path : vld_security
13:23:06.728 [Test worker] DEBUG o.h.l.p.b.i.spaces.QuerySpacesImpl - Adding QuerySpace : uid = <gen:2> -> org.hibernate.loader.plan.build.internal.spaces.EntityQuerySpaceImpl@1f343622]
13:23:06.728 [Test worker] DEBUG o.h.p.w.spi.MetamodelGraphWalker - Visiting attribute path : vld_security.version
13:23:06.728 [Test worker] DEBUG o.h.l.p.b.i.FetchStyleLoadPlanBuildingAssociationVisitationStrategy - Building LoadPlan...
13:23:06.728 [Test worker] DEBUG o.h.l.p.e.i.LoadQueryJoinAndFetchProcessor - processing queryspace <gen:0>
13:23:06.729 [Test worker] DEBUG o.h.l.p.b.spi.LoadPlanTreePrinter - LoadPlan(entity=org.project.neutrino.nfvo.catalogue.mano.common.AbstractVirtualLink)
    - Returns
       - EntityReturnImpl(entity=org.project.neutrino.nfvo.catalogue.mano.common.AbstractVirtualLink, querySpaceUid=<gen:0>, path=org.project.neutrino.nfvo.catalogue.mano.common.AbstractVirtualLink)
          - CollectionAttributeFetchImpl(collection=org.project.neutrino.nfvo.catalogue.mano.descriptor.InternalVirtualLink.connection_points_references, querySpaceUid=<gen:1>, path=org.project.neutrino.nfvo.catalogue.mano.common.AbstractVirtualLink.connection_points_references)
          - EntityAttributeFetchImpl(entity=org.project.neutrino.nfvo.catalogue.mano.common.Security, querySpaceUid=<gen:2>, path=org.project.neutrino.nfvo.catalogue.mano.common.AbstractVirtualLink.vld_security)
    - QuerySpaces
       - EntityQuerySpaceImpl(uid=<gen:0>, entity=org.project.neutrino.nfvo.catalogue.mano.common.AbstractVirtualLink)
          - SQL table alias mapping - abstractvi0_
          - alias suffix - 0_
          - suffixed key columns - {id1_0_0_}
          - JOIN (JoinDefinedByMetadata(connection_points_references)) : <gen:0> -> <gen:1>
             - CollectionQuerySpaceImpl(uid=<gen:1>, collection=org.project.neutrino.nfvo.catalogue.mano.descriptor.InternalVirtualLink.connection_points_references)
                - SQL table alias mapping - connection1_
                - alias suffix - 1_
                - suffixed key columns - {internal1_0_1_}
          - JOIN (JoinDefinedByMetadata(vld_security)) : <gen:0> -> <gen:2>
             - EntityQuerySpaceImpl(uid=<gen:2>, entity=org.project.neutrino.nfvo.catalogue.mano.common.Security)
                - SQL table alias mapping - security2_
                - alias suffix - 2_
                - suffixed key columns - {id1_43_2_}

13:23:06.729 [Test worker] DEBUG o.h.loader.entity.plan.EntityLoader - Static select for entity org.project.neutrino.nfvo.catalogue.mano.common.AbstractVirtualLink [READ]: select abstractvi0_.id as id1_0_0_, abstractvi0_.connectivity_type as connecti2_0_0_, abstractvi0_.leaf_requirement as leaf_req3_0_0_, abstractvi0_.root_requirement as root_req4_0_0_, abstractvi0_.version as version5_0_0_, abstractvi0_.descriptor_version as descript1_52_0_, abstractvi0_.number_of_endpoints as number_o2_52_0_, abstractvi0_.vendor as vendor3_52_0_, abstractvi0_.vld_security_id as vld_secu4_52_0_, abstractvi0_.clazz_ as clazz_0_, connection1_.internal_virtual_link_id as internal1_0_1_, connection1_.connection_points_references as connecti2_9_1_, security2_.id as id1_43_2_, security2_.version as version2_43_2_ from ( select id, connectivity_type, leaf_requirement, root_requirement, version, descriptor_version, number_of_endpoints, vendor, vld_security_id, 1 as clazz_ from virtual_link_descriptor union select id, connectivity_type, leaf_requirement, root_requirement, version, null as descriptor_version, null as number_of_endpoints, null as vendor, null as vld_security_id, 2 as clazz_ from internal_virtual_link ) abstractvi0_ left outer join internal_virtual_link_connection_points_references connection1_ on abstractvi0_.id=connection1_.internal_virtual_link_id left outer join security security2_ on abstractvi0_.vld_security_id=security2_.id where abstractvi0_.id=?
13:23:06.729 [Test worker] DEBUG o.h.l.p.b.i.spaces.QuerySpacesImpl - Adding QuerySpace : uid = <gen:0> -> org.hibernate.loader.plan.build.internal.spaces.EntityQuerySpaceImpl@18f16a6f]
13:23:06.730 [Test worker] DEBUG o.h.p.w.spi.MetamodelGraphWalker - Visiting attribute path : connectivity_type
13:23:06.730 [Test worker] DEBUG o.h.p.w.spi.MetamodelGraphWalker - Visiting attribute path : leaf_requirement
13:23:06.730 [Test worker] DEBUG o.h.p.w.spi.MetamodelGraphWalker - Visiting attribute path : qos
13:23:06.730 [Test worker] DEBUG o.h.p.w.spi.MetamodelGraphWalker - Visiting attribute path : root_requirement
13:23:06.730 [Test worker] DEBUG o.h.p.w.spi.MetamodelGraphWalker - Visiting attribute path : test_access
13:23:06.730 [Test worker] DEBUG o.h.p.w.spi.MetamodelGraphWalker - Visiting attribute path : version
13:23:06.730 [Test worker] DEBUG o.h.p.w.spi.MetamodelGraphWalker - Visiting attribute path : connection_points_references
13:23:06.731 [Test worker] DEBUG o.h.l.p.b.i.spaces.QuerySpacesImpl - Adding QuerySpace : uid = <gen:1> -> org.hibernate.loader.plan.build.internal.spaces.CollectionQuerySpaceImpl@197444e7]
13:23:06.731 [Test worker] DEBUG o.h.p.w.spi.MetamodelGraphWalker - Visiting attribute path : connection
13:23:06.731 [Test worker] DEBUG o.h.p.w.spi.MetamodelGraphWalker - Visiting attribute path : descriptor_version
13:23:06.731 [Test worker] DEBUG o.h.p.w.spi.MetamodelGraphWalker - Visiting attribute path : number_of_endpoints
13:23:06.731 [Test worker] DEBUG o.h.p.w.spi.MetamodelGraphWalker - Visiting attribute path : vendor
13:23:06.732 [Test worker] DEBUG o.h.p.w.spi.MetamodelGraphWalker - Visiting attribute path : vld_security
13:23:06.732 [Test worker] DEBUG o.h.l.p.b.i.spaces.QuerySpacesImpl - Adding QuerySpace : uid = <gen:2> -> org.hibernate.loader.plan.build.internal.spaces.EntityQuerySpaceImpl@2057a6bf]
13:23:06.732 [Test worker] DEBUG o.h.l.p.b.i.FetchStyleLoadPlanBuildingAssociationVisitationStrategy - Building LoadPlan...
13:23:06.732 [Test worker] DEBUG o.h.l.p.e.i.LoadQueryJoinAndFetchProcessor - processing queryspace <gen:0>
13:23:06.732 [Test worker] DEBUG o.h.l.p.b.spi.LoadPlanTreePrinter - LoadPlan(entity=org.project.neutrino.nfvo.catalogue.mano.common.AbstractVirtualLink)
    - Returns
       - EntityReturnImpl(entity=org.project.neutrino.nfvo.catalogue.mano.common.AbstractVirtualLink, querySpaceUid=<gen:0>, path=org.project.neutrino.nfvo.catalogue.mano.common.AbstractVirtualLink)
          - CollectionAttributeFetchImpl(collection=org.project.neutrino.nfvo.catalogue.mano.descriptor.InternalVirtualLink.connection_points_references, querySpaceUid=<gen:1>, path=org.project.neutrino.nfvo.catalogue.mano.common.AbstractVirtualLink.connection_points_references)
          - EntityAttributeFetchImpl(entity=org.project.neutrino.nfvo.catalogue.mano.common.Security, querySpaceUid=<gen:2>, path=org.project.neutrino.nfvo.catalogue.mano.common.AbstractVirtualLink.vld_security)
    - QuerySpaces
       - EntityQuerySpaceImpl(uid=<gen:0>, entity=org.project.neutrino.nfvo.catalogue.mano.common.AbstractVirtualLink)
          - SQL table alias mapping - abstractvi0_
          - alias suffix - 0_
          - suffixed key columns - {id1_0_0_}

13:23:06.733 [Test worker] DEBUG o.h.loader.entity.plan.EntityLoader - Static select for entity org.project.neutrino.nfvo.catalogue.mano.common.AbstractVirtualLink [UPGRADE]: select abstractvi0_.id as id1_0_0_, abstractvi0_.connectivity_type as connecti2_0_0_, abstractvi0_.leaf_requirement as leaf_req3_0_0_, abstractvi0_.root_requirement as root_req4_0_0_, abstractvi0_.version as version5_0_0_, abstractvi0_.descriptor_version as descript1_52_0_, abstractvi0_.number_of_endpoints as number_o2_52_0_, abstractvi0_.vendor as vendor3_52_0_, abstractvi0_.vld_security_id as vld_secu4_52_0_, abstractvi0_.clazz_ as clazz_0_ from ( select id, connectivity_type, leaf_requirement, root_requirement, version, descriptor_version, number_of_endpoints, vendor, vld_security_id, 1 as clazz_ from virtual_link_descriptor union select id, connectivity_type, leaf_requirement, root_requirement, version, null as descriptor_version, null as number_of_endpoints, null as vendor, null as vld_security_id, 2 as clazz_ from internal_virtual_link ) abstractvi0_ where abstractvi0_.id=? for update
13:23:06.733 [Test worker] DEBUG o.h.l.p.b.i.spaces.QuerySpacesImpl - Adding QuerySpace : uid = <gen:0> -> org.hibernate.loader.plan.build.internal.spaces.EntityQuerySpaceImpl@5a84562f]
13:23:06.733 [Test worker] DEBUG o.h.p.w.spi.MetamodelGraphWalker - Visiting attribute path : connectivity_type
13:23:06.733 [Test worker] DEBUG o.h.p.w.spi.MetamodelGraphWalker - Visiting attribute path : leaf_requirement
13:23:06.733 [Test worker] DEBUG o.h.p.w.spi.MetamodelGraphWalker - Visiting attribute path : qos
13:23:06.733 [Test worker] DEBUG o.h.p.w.spi.MetamodelGraphWalker - Visiting attribute path : root_requirement
13:23:06.734 [Test worker] DEBUG o.h.p.w.spi.MetamodelGraphWalker - Visiting attribute path : test_access
13:23:06.734 [Test worker] DEBUG o.h.p.w.spi.MetamodelGraphWalker - Visiting attribute path : version
13:23:06.734 [Test worker] DEBUG o.h.p.w.spi.MetamodelGraphWalker - Visiting attribute path : connection_points_references
13:23:06.734 [Test worker] DEBUG o.h.l.p.b.i.spaces.QuerySpacesImpl - Adding QuerySpace : uid = <gen:1> -> org.hibernate.loader.plan.build.internal.spaces.CollectionQuerySpaceImpl@394dd1f3]
13:23:06.734 [Test worker] DEBUG o.h.p.w.spi.MetamodelGraphWalker - Visiting attribute path : connection
13:23:06.734 [Test worker] DEBUG o.h.p.w.spi.MetamodelGraphWalker - Visiting attribute path : descriptor_version
13:23:06.734 [Test worker] DEBUG o.h.p.w.spi.MetamodelGraphWalker - Visiting attribute path : number_of_endpoints
13:23:06.734 [Test worker] DEBUG o.h.p.w.spi.MetamodelGraphWalker - Visiting attribute path : vendor
13:23:06.734 [Test worker] DEBUG o.h.p.w.spi.MetamodelGraphWalker - Visiting attribute path : vld_security
13:23:06.734 [Test worker] DEBUG o.h.l.p.b.i.spaces.QuerySpacesImpl - Adding QuerySpace : uid = <gen:2> -> org.hibernate.loader.plan.build.internal.spaces.EntityQuerySpaceImpl@2412c5e9]
13:23:06.735 [Test worker] DEBUG o.h.l.p.b.i.FetchStyleLoadPlanBuildingAssociationVisitationStrategy - Building LoadPlan...
13:23:06.735 [Test worker] DEBUG o.h.l.p.e.i.LoadQueryJoinAndFetchProcessor - processing queryspace <gen:0>
13:23:06.735 [Test worker] DEBUG o.h.l.p.b.spi.LoadPlanTreePrinter - LoadPlan(entity=org.project.neutrino.nfvo.catalogue.mano.common.AbstractVirtualLink)
    - Returns
       - EntityReturnImpl(entity=org.project.neutrino.nfvo.catalogue.mano.common.AbstractVirtualLink, querySpaceUid=<gen:0>, path=org.project.neutrino.nfvo.catalogue.mano.common.AbstractVirtualLink)
          - CollectionAttributeFetchImpl(collection=org.project.neutrino.nfvo.catalogue.mano.descriptor.InternalVirtualLink.connection_points_references, querySpaceUid=<gen:1>, path=org.project.neutrino.nfvo.catalogue.mano.common.AbstractVirtualLink.connection_points_references)
          - EntityAttributeFetchImpl(entity=org.project.neutrino.nfvo.catalogue.mano.common.Security, querySpaceUid=<gen:2>, path=org.project.neutrino.nfvo.catalogue.mano.common.AbstractVirtualLink.vld_security)
    - QuerySpaces
       - EntityQuerySpaceImpl(uid=<gen:0>, entity=org.project.neutrino.nfvo.catalogue.mano.common.AbstractVirtualLink)
          - SQL table alias mapping - abstractvi0_
          - alias suffix - 0_
          - suffixed key columns - {id1_0_0_}

13:23:06.735 [Test worker] DEBUG o.h.loader.entity.plan.EntityLoader - Static select for entity org.project.neutrino.nfvo.catalogue.mano.common.AbstractVirtualLink [UPGRADE_NOWAIT]: select abstractvi0_.id as id1_0_0_, abstractvi0_.connectivity_type as connecti2_0_0_, abstractvi0_.leaf_requirement as leaf_req3_0_0_, abstractvi0_.root_requirement as root_req4_0_0_, abstractvi0_.version as version5_0_0_, abstractvi0_.descriptor_version as descript1_52_0_, abstractvi0_.number_of_endpoints as number_o2_52_0_, abstractvi0_.vendor as vendor3_52_0_, abstractvi0_.vld_security_id as vld_secu4_52_0_, abstractvi0_.clazz_ as clazz_0_ from ( select id, connectivity_type, leaf_requirement, root_requirement, version, descriptor_version, number_of_endpoints, vendor, vld_security_id, 1 as clazz_ from virtual_link_descriptor union select id, connectivity_type, leaf_requirement, root_requirement, version, null as descriptor_version, null as number_of_endpoints, null as vendor, null as vld_security_id, 2 as clazz_ from internal_virtual_link ) abstractvi0_ where abstractvi0_.id=? for update
13:23:06.735 [Test worker] DEBUG o.h.l.p.b.i.spaces.QuerySpacesImpl - Adding QuerySpace : uid = <gen:0> -> org.hibernate.loader.plan.build.internal.spaces.EntityQuerySpaceImpl@4c7f567f]
13:23:06.736 [Test worker] DEBUG o.h.p.w.spi.MetamodelGraphWalker - Visiting attribute path : connectivity_type
13:23:06.736 [Test worker] DEBUG o.h.p.w.spi.MetamodelGraphWalker - Visiting attribute path : leaf_requirement
13:23:06.736 [Test worker] DEBUG o.h.p.w.spi.MetamodelGraphWalker - Visiting attribute path : qos
13:23:06.736 [Test worker] DEBUG o.h.p.w.spi.MetamodelGraphWalker - Visiting attribute path : root_requirement
13:23:06.736 [Test worker] DEBUG o.h.p.w.spi.MetamodelGraphWalker - Visiting attribute path : test_access
13:23:06.736 [Test worker] DEBUG o.h.p.w.spi.MetamodelGraphWalker - Visiting attribute path : version
13:23:06.736 [Test worker] DEBUG o.h.p.w.spi.MetamodelGraphWalker - Visiting attribute path : connection_points_references
13:23:06.736 [Test worker] DEBUG o.h.l.p.b.i.spaces.QuerySpacesImpl - Adding QuerySpace : uid = <gen:1> -> org.hibernate.loader.plan.build.internal.spaces.CollectionQuerySpaceImpl@25b3267d]
13:23:06.736 [Test worker] DEBUG o.h.p.w.spi.MetamodelGraphWalker - Visiting attribute path : connection
13:23:06.736 [Test worker] DEBUG o.h.p.w.spi.MetamodelGraphWalker - Visiting attribute path : descriptor_version
13:23:06.736 [Test worker] DEBUG o.h.p.w.spi.MetamodelGraphWalker - Visiting attribute path : number_of_endpoints
13:23:06.736 [Test worker] DEBUG o.h.p.w.spi.MetamodelGraphWalker - Visiting attribute path : vendor
13:23:06.736 [Test worker] DEBUG o.h.p.w.spi.MetamodelGraphWalker - Visiting attribute path : vld_security
13:23:06.737 [Test worker] DEBUG o.h.l.p.b.i.spaces.QuerySpacesImpl - Adding QuerySpace : uid = <gen:2> -> org.hibernate.loader.plan.build.internal.spaces.EntityQuerySpaceImpl@14a3ebe1]
13:23:06.737 [Test worker] DEBUG o.h.l.p.b.i.FetchStyleLoadPlanBuildingAssociationVisitationStrategy - Building LoadPlan...
13:23:06.737 [Test worker] DEBUG o.h.l.p.e.i.LoadQueryJoinAndFetchProcessor - processing queryspace <gen:0>
13:23:06.737 [Test worker] DEBUG o.h.l.p.b.spi.LoadPlanTreePrinter - LoadPlan(entity=org.project.neutrino.nfvo.catalogue.mano.common.AbstractVirtualLink)
    - Returns
       - EntityReturnImpl(entity=org.project.neutrino.nfvo.catalogue.mano.common.AbstractVirtualLink, querySpaceUid=<gen:0>, path=org.project.neutrino.nfvo.catalogue.mano.common.AbstractVirtualLink)
          - CollectionAttributeFetchImpl(collection=org.project.neutrino.nfvo.catalogue.mano.descriptor.InternalVirtualLink.connection_points_references, querySpaceUid=<gen:1>, path=org.project.neutrino.nfvo.catalogue.mano.common.AbstractVirtualLink.connection_points_references)
          - EntityAttributeFetchImpl(entity=org.project.neutrino.nfvo.catalogue.mano.common.Security, querySpaceUid=<gen:2>, path=org.project.neutrino.nfvo.catalogue.mano.common.AbstractVirtualLink.vld_security)
    - QuerySpaces
       - EntityQuerySpaceImpl(uid=<gen:0>, entity=org.project.neutrino.nfvo.catalogue.mano.common.AbstractVirtualLink)
          - SQL table alias mapping - abstractvi0_
          - alias suffix - 0_
          - suffixed key columns - {id1_0_0_}

13:23:06.737 [Test worker] DEBUG o.h.loader.entity.plan.EntityLoader - Static select for entity org.project.neutrino.nfvo.catalogue.mano.common.AbstractVirtualLink [UPGRADE_SKIPLOCKED]: select abstractvi0_.id as id1_0_0_, abstractvi0_.connectivity_type as connecti2_0_0_, abstractvi0_.leaf_requirement as leaf_req3_0_0_, abstractvi0_.root_requirement as root_req4_0_0_, abstractvi0_.version as version5_0_0_, abstractvi0_.descriptor_version as descript1_52_0_, abstractvi0_.number_of_endpoints as number_o2_52_0_, abstractvi0_.vendor as vendor3_52_0_, abstractvi0_.vld_security_id as vld_secu4_52_0_, abstractvi0_.clazz_ as clazz_0_ from ( select id, connectivity_type, leaf_requirement, root_requirement, version, descriptor_version, number_of_endpoints, vendor, vld_security_id, 1 as clazz_ from virtual_link_descriptor union select id, connectivity_type, leaf_requirement, root_requirement, version, null as descriptor_version, null as number_of_endpoints, null as vendor, null as vld_security_id, 2 as clazz_ from internal_virtual_link ) abstractvi0_ where abstractvi0_.id=? for update
13:23:06.738 [Test worker] DEBUG o.h.l.p.b.i.spaces.QuerySpacesImpl - Adding QuerySpace : uid = <gen:0> -> org.hibernate.loader.plan.build.internal.spaces.EntityQuerySpaceImpl@15d30b5d]
13:23:06.738 [Test worker] DEBUG o.h.p.w.spi.MetamodelGraphWalker - Visiting attribute path : connectivity_type
13:23:06.738 [Test worker] DEBUG o.h.p.w.spi.MetamodelGraphWalker - Visiting attribute path : leaf_requirement
13:23:06.738 [Test worker] DEBUG o.h.p.w.spi.MetamodelGraphWalker - Visiting attribute path : qos
13:23:06.738 [Test worker] DEBUG o.h.p.w.spi.MetamodelGraphWalker - Visiting attribute path : root_requirement
13:23:06.738 [Test worker] DEBUG o.h.p.w.spi.MetamodelGraphWalker - Visiting attribute path : test_access
13:23:06.738 [Test worker] DEBUG o.h.p.w.spi.MetamodelGraphWalker - Visiting attribute path : version
13:23:06.738 [Test worker] DEBUG o.h.p.w.spi.MetamodelGraphWalker - Visiting attribute path : connection_points_references
13:23:06.738 [Test worker] DEBUG o.h.l.p.b.i.spaces.QuerySpacesImpl - Adding QuerySpace : uid = <gen:1> -> org.hibernate.loader.plan.build.internal.spaces.CollectionQuerySpaceImpl@2eddacdc]
13:23:06.738 [Test worker] DEBUG o.h.p.w.spi.MetamodelGraphWalker - Visiting attribute path : connection
13:23:06.738 [Test worker] DEBUG o.h.p.w.spi.MetamodelGraphWalker - Visiting attribute path : descriptor_version
13:23:06.739 [Test worker] DEBUG o.h.p.w.spi.MetamodelGraphWalker - Visiting attribute path : number_of_endpoints
13:23:06.739 [Test worker] DEBUG o.h.p.w.spi.MetamodelGraphWalker - Visiting attribute path : vendor
13:23:06.739 [Test worker] DEBUG o.h.p.w.spi.MetamodelGraphWalker - Visiting attribute path : vld_security
13:23:06.739 [Test worker] DEBUG o.h.l.p.b.i.spaces.QuerySpacesImpl - Adding QuerySpace : uid = <gen:2> -> org.hibernate.loader.plan.build.internal.spaces.EntityQuerySpaceImpl@5b7fb78d]
13:23:06.739 [Test worker] DEBUG o.h.l.p.b.i.FetchStyleLoadPlanBuildingAssociationVisitationStrategy - Building LoadPlan...
13:23:06.739 [Test worker] DEBUG o.h.l.p.e.i.LoadQueryJoinAndFetchProcessor - processing queryspace <gen:0>
13:23:06.739 [Test worker] DEBUG o.h.l.p.b.spi.LoadPlanTreePrinter - LoadPlan(entity=org.project.neutrino.nfvo.catalogue.mano.common.AbstractVirtualLink)
    - Returns
       - EntityReturnImpl(entity=org.project.neutrino.nfvo.catalogue.mano.common.AbstractVirtualLink, querySpaceUid=<gen:0>, path=org.project.neutrino.nfvo.catalogue.mano.common.AbstractVirtualLink)
          - CollectionAttributeFetchImpl(collection=org.project.neutrino.nfvo.catalogue.mano.descriptor.InternalVirtualLink.connection_points_references, querySpaceUid=<gen:1>, path=org.project.neutrino.nfvo.catalogue.mano.common.AbstractVirtualLink.connection_points_references)
          - EntityAttributeFetchImpl(entity=org.project.neutrino.nfvo.catalogue.mano.common.Security, querySpaceUid=<gen:2>, path=org.project.neutrino.nfvo.catalogue.mano.common.AbstractVirtualLink.vld_security)
    - QuerySpaces
       - EntityQuerySpaceImpl(uid=<gen:0>, entity=org.project.neutrino.nfvo.catalogue.mano.common.AbstractVirtualLink)
          - SQL table alias mapping - abstractvi0_
          - alias suffix - 0_
          - suffixed key columns - {id1_0_0_}

13:23:06.739 [Test worker] DEBUG o.h.loader.entity.plan.EntityLoader - Static select for entity org.project.neutrino.nfvo.catalogue.mano.common.AbstractVirtualLink [FORCE]: select abstractvi0_.id as id1_0_0_, abstractvi0_.connectivity_type as connecti2_0_0_, abstractvi0_.leaf_requirement as leaf_req3_0_0_, abstractvi0_.root_requirement as root_req4_0_0_, abstractvi0_.version as version5_0_0_, abstractvi0_.descriptor_version as descript1_52_0_, abstractvi0_.number_of_endpoints as number_o2_52_0_, abstractvi0_.vendor as vendor3_52_0_, abstractvi0_.vld_security_id as vld_secu4_52_0_, abstractvi0_.clazz_ as clazz_0_ from ( select id, connectivity_type, leaf_requirement, root_requirement, version, descriptor_version, number_of_endpoints, vendor, vld_security_id, 1 as clazz_ from virtual_link_descriptor union select id, connectivity_type, leaf_requirement, root_requirement, version, null as descriptor_version, null as number_of_endpoints, null as vendor, null as vld_security_id, 2 as clazz_ from internal_virtual_link ) abstractvi0_ where abstractvi0_.id=? for update
13:23:06.740 [Test worker] DEBUG o.h.l.p.b.i.spaces.QuerySpacesImpl - Adding QuerySpace : uid = <gen:0> -> org.hibernate.loader.plan.build.internal.spaces.EntityQuerySpaceImpl@1debb8e9]
13:23:06.740 [Test worker] DEBUG o.h.p.w.spi.MetamodelGraphWalker - Visiting attribute path : connectivity_type
13:23:06.740 [Test worker] DEBUG o.h.p.w.spi.MetamodelGraphWalker - Visiting attribute path : leaf_requirement
13:23:06.740 [Test worker] DEBUG o.h.p.w.spi.MetamodelGraphWalker - Visiting attribute path : qos
13:23:06.740 [Test worker] DEBUG o.h.p.w.spi.MetamodelGraphWalker - Visiting attribute path : root_requirement
13:23:06.740 [Test worker] DEBUG o.h.p.w.spi.MetamodelGraphWalker - Visiting attribute path : test_access
13:23:06.740 [Test worker] DEBUG o.h.p.w.spi.MetamodelGraphWalker - Visiting attribute path : version
13:23:06.740 [Test worker] DEBUG o.h.p.w.spi.MetamodelGraphWalker - Visiting attribute path : connection_points_references
13:23:06.740 [Test worker] DEBUG o.h.l.p.b.i.spaces.QuerySpacesImpl - Adding QuerySpace : uid = <gen:1> -> org.hibernate.loader.plan.build.internal.spaces.CollectionQuerySpaceImpl@39836856]
13:23:06.740 [Test worker] DEBUG o.h.p.w.spi.MetamodelGraphWalker - Visiting attribute path : connection
13:23:06.740 [Test worker] DEBUG o.h.p.w.spi.MetamodelGraphWalker - Visiting attribute path : descriptor_version
13:23:06.740 [Test worker] DEBUG o.h.p.w.spi.MetamodelGraphWalker - Visiting attribute path : number_of_endpoints
13:23:06.740 [Test worker] DEBUG o.h.p.w.spi.MetamodelGraphWalker - Visiting attribute path : vendor
13:23:06.741 [Test worker] DEBUG o.h.p.w.spi.MetamodelGraphWalker - Visiting attribute path : vld_security
13:23:06.741 [Test worker] DEBUG o.h.l.p.b.i.spaces.QuerySpacesImpl - Adding QuerySpace : uid = <gen:2> -> org.hibernate.loader.plan.build.internal.spaces.EntityQuerySpaceImpl@62370399]
13:23:06.741 [Test worker] DEBUG o.h.l.p.b.i.FetchStyleLoadPlanBuildingAssociationVisitationStrategy - Building LoadPlan...
13:23:06.741 [Test worker] DEBUG o.h.l.p.e.i.LoadQueryJoinAndFetchProcessor - processing queryspace <gen:0>
13:23:06.741 [Test worker] DEBUG o.h.l.p.b.spi.LoadPlanTreePrinter - LoadPlan(entity=org.project.neutrino.nfvo.catalogue.mano.common.AbstractVirtualLink)
    - Returns
       - EntityReturnImpl(entity=org.project.neutrino.nfvo.catalogue.mano.common.AbstractVirtualLink, querySpaceUid=<gen:0>, path=org.project.neutrino.nfvo.catalogue.mano.common.AbstractVirtualLink)
          - CollectionAttributeFetchImpl(collection=org.project.neutrino.nfvo.catalogue.mano.descriptor.InternalVirtualLink.connection_points_references, querySpaceUid=<gen:1>, path=org.project.neutrino.nfvo.catalogue.mano.common.AbstractVirtualLink.connection_points_references)
          - EntityAttributeFetchImpl(entity=org.project.neutrino.nfvo.catalogue.mano.common.Security, querySpaceUid=<gen:2>, path=org.project.neutrino.nfvo.catalogue.mano.common.AbstractVirtualLink.vld_security)
    - QuerySpaces
       - EntityQuerySpaceImpl(uid=<gen:0>, entity=org.project.neutrino.nfvo.catalogue.mano.common.AbstractVirtualLink)
          - SQL table alias mapping - abstractvi0_
          - alias suffix - 0_
          - suffixed key columns - {id1_0_0_}

13:23:06.742 [Test worker] DEBUG o.h.loader.entity.plan.EntityLoader - Static select for entity org.project.neutrino.nfvo.catalogue.mano.common.AbstractVirtualLink [PESSIMISTIC_READ]: select abstractvi0_.id as id1_0_0_, abstractvi0_.connectivity_type as connecti2_0_0_, abstractvi0_.leaf_requirement as leaf_req3_0_0_, abstractvi0_.root_requirement as root_req4_0_0_, abstractvi0_.version as version5_0_0_, abstractvi0_.descriptor_version as descript1_52_0_, abstractvi0_.number_of_endpoints as number_o2_52_0_, abstractvi0_.vendor as vendor3_52_0_, abstractvi0_.vld_security_id as vld_secu4_52_0_, abstractvi0_.clazz_ as clazz_0_ from ( select id, connectivity_type, leaf_requirement, root_requirement, version, descriptor_version, number_of_endpoints, vendor, vld_security_id, 1 as clazz_ from virtual_link_descriptor union select id, connectivity_type, leaf_requirement, root_requirement, version, null as descriptor_version, null as number_of_endpoints, null as vendor, null as vld_security_id, 2 as clazz_ from internal_virtual_link ) abstractvi0_ where abstractvi0_.id=? lock in share mode
13:23:06.742 [Test worker] DEBUG o.h.l.p.b.i.spaces.QuerySpacesImpl - Adding QuerySpace : uid = <gen:0> -> org.hibernate.loader.plan.build.internal.spaces.EntityQuerySpaceImpl@9cd642f]
13:23:06.742 [Test worker] DEBUG o.h.p.w.spi.MetamodelGraphWalker - Visiting attribute path : connectivity_type
13:23:06.742 [Test worker] DEBUG o.h.p.w.spi.MetamodelGraphWalker - Visiting attribute path : leaf_requirement
13:23:06.742 [Test worker] DEBUG o.h.p.w.spi.MetamodelGraphWalker - Visiting attribute path : qos
13:23:06.742 [Test worker] DEBUG o.h.p.w.spi.MetamodelGraphWalker - Visiting attribute path : root_requirement
13:23:06.742 [Test worker] DEBUG o.h.p.w.spi.MetamodelGraphWalker - Visiting attribute path : test_access
13:23:06.742 [Test worker] DEBUG o.h.p.w.spi.MetamodelGraphWalker - Visiting attribute path : version
13:23:06.742 [Test worker] DEBUG o.h.p.w.spi.MetamodelGraphWalker - Visiting attribute path : connection_points_references
13:23:06.742 [Test worker] DEBUG o.h.l.p.b.i.spaces.QuerySpacesImpl - Adding QuerySpace : uid = <gen:1> -> org.hibernate.loader.plan.build.internal.spaces.CollectionQuerySpaceImpl@73a20aab]
13:23:06.742 [Test worker] DEBUG o.h.p.w.spi.MetamodelGraphWalker - Visiting attribute path : connection
13:23:06.742 [Test worker] DEBUG o.h.p.w.spi.MetamodelGraphWalker - Visiting attribute path : descriptor_version
13:23:06.742 [Test worker] DEBUG o.h.p.w.spi.MetamodelGraphWalker - Visiting attribute path : number_of_endpoints
13:23:06.742 [Test worker] DEBUG o.h.p.w.spi.MetamodelGraphWalker - Visiting attribute path : vendor
13:23:06.742 [Test worker] DEBUG o.h.p.w.spi.MetamodelGraphWalker - Visiting attribute path : vld_security
13:23:06.743 [Test worker] DEBUG o.h.l.p.b.i.spaces.QuerySpacesImpl - Adding QuerySpace : uid = <gen:2> -> org.hibernate.loader.plan.build.internal.spaces.EntityQuerySpaceImpl@136a9bdc]
13:23:06.743 [Test worker] DEBUG o.h.l.p.b.i.FetchStyleLoadPlanBuildingAssociationVisitationStrategy - Building LoadPlan...
13:23:06.743 [Test worker] DEBUG o.h.l.p.e.i.LoadQueryJoinAndFetchProcessor - processing queryspace <gen:0>
13:23:06.743 [Test worker] DEBUG o.h.l.p.b.spi.LoadPlanTreePrinter - LoadPlan(entity=org.project.neutrino.nfvo.catalogue.mano.common.AbstractVirtualLink)
    - Returns
       - EntityReturnImpl(entity=org.project.neutrino.nfvo.catalogue.mano.common.AbstractVirtualLink, querySpaceUid=<gen:0>, path=org.project.neutrino.nfvo.catalogue.mano.common.AbstractVirtualLink)
          - CollectionAttributeFetchImpl(collection=org.project.neutrino.nfvo.catalogue.mano.descriptor.InternalVirtualLink.connection_points_references, querySpaceUid=<gen:1>, path=org.project.neutrino.nfvo.catalogue.mano.common.AbstractVirtualLink.connection_points_references)
          - EntityAttributeFetchImpl(entity=org.project.neutrino.nfvo.catalogue.mano.common.Security, querySpaceUid=<gen:2>, path=org.project.neutrino.nfvo.catalogue.mano.common.AbstractVirtualLink.vld_security)
    - QuerySpaces
       - EntityQuerySpaceImpl(uid=<gen:0>, entity=org.project.neutrino.nfvo.catalogue.mano.common.AbstractVirtualLink)
          - SQL table alias mapping - abstractvi0_
          - alias suffix - 0_
          - suffixed key columns - {id1_0_0_}

13:23:06.743 [Test worker] DEBUG o.h.loader.entity.plan.EntityLoader - Static select for entity org.project.neutrino.nfvo.catalogue.mano.common.AbstractVirtualLink [PESSIMISTIC_WRITE]: select abstractvi0_.id as id1_0_0_, abstractvi0_.connectivity_type as connecti2_0_0_, abstractvi0_.leaf_requirement as leaf_req3_0_0_, abstractvi0_.root_requirement as root_req4_0_0_, abstractvi0_.version as version5_0_0_, abstractvi0_.descriptor_version as descript1_52_0_, abstractvi0_.number_of_endpoints as number_o2_52_0_, abstractvi0_.vendor as vendor3_52_0_, abstractvi0_.vld_security_id as vld_secu4_52_0_, abstractvi0_.clazz_ as clazz_0_ from ( select id, connectivity_type, leaf_requirement, root_requirement, version, descriptor_version, number_of_endpoints, vendor, vld_security_id, 1 as clazz_ from virtual_link_descriptor union select id, connectivity_type, leaf_requirement, root_requirement, version, null as descriptor_version, null as number_of_endpoints, null as vendor, null as vld_security_id, 2 as clazz_ from internal_virtual_link ) abstractvi0_ where abstractvi0_.id=? for update
13:23:06.743 [Test worker] DEBUG o.h.l.p.b.i.spaces.QuerySpacesImpl - Adding QuerySpace : uid = <gen:0> -> org.hibernate.loader.plan.build.internal.spaces.EntityQuerySpaceImpl@3c1e9279]
13:23:06.743 [Test worker] DEBUG o.h.p.w.spi.MetamodelGraphWalker - Visiting attribute path : connectivity_type
13:23:06.744 [Test worker] DEBUG o.h.p.w.spi.MetamodelGraphWalker - Visiting attribute path : leaf_requirement
13:23:06.744 [Test worker] DEBUG o.h.p.w.spi.MetamodelGraphWalker - Visiting attribute path : qos
13:23:06.744 [Test worker] DEBUG o.h.p.w.spi.MetamodelGraphWalker - Visiting attribute path : root_requirement
13:23:06.744 [Test worker] DEBUG o.h.p.w.spi.MetamodelGraphWalker - Visiting attribute path : test_access
13:23:06.744 [Test worker] DEBUG o.h.p.w.spi.MetamodelGraphWalker - Visiting attribute path : version
13:23:06.744 [Test worker] DEBUG o.h.p.w.spi.MetamodelGraphWalker - Visiting attribute path : connection_points_references
13:23:06.744 [Test worker] DEBUG o.h.l.p.b.i.spaces.QuerySpacesImpl - Adding QuerySpace : uid = <gen:1> -> org.hibernate.loader.plan.build.internal.spaces.CollectionQuerySpaceImpl@f05bf04]
13:23:06.744 [Test worker] DEBUG o.h.p.w.spi.MetamodelGraphWalker - Visiting attribute path : connection
13:23:06.744 [Test worker] DEBUG o.h.p.w.spi.MetamodelGraphWalker - Visiting attribute path : descriptor_version
13:23:06.744 [Test worker] DEBUG o.h.p.w.spi.MetamodelGraphWalker - Visiting attribute path : number_of_endpoints
13:23:06.744 [Test worker] DEBUG o.h.p.w.spi.MetamodelGraphWalker - Visiting attribute path : vendor
13:23:06.744 [Test worker] DEBUG o.h.p.w.spi.MetamodelGraphWalker - Visiting attribute path : vld_security
13:23:06.744 [Test worker] DEBUG o.h.l.p.b.i.spaces.QuerySpacesImpl - Adding QuerySpace : uid = <gen:2> -> org.hibernate.loader.plan.build.internal.spaces.EntityQuerySpaceImpl@423fa750]
13:23:06.744 [Test worker] DEBUG o.h.l.p.b.i.FetchStyleLoadPlanBuildingAssociationVisitationStrategy - Building LoadPlan...
13:23:06.745 [Test worker] DEBUG o.h.l.p.e.i.LoadQueryJoinAndFetchProcessor - processing queryspace <gen:0>
13:23:06.745 [Test worker] DEBUG o.h.l.p.b.spi.LoadPlanTreePrinter - LoadPlan(entity=org.project.neutrino.nfvo.catalogue.mano.common.AbstractVirtualLink)
    - Returns
       - EntityReturnImpl(entity=org.project.neutrino.nfvo.catalogue.mano.common.AbstractVirtualLink, querySpaceUid=<gen:0>, path=org.project.neutrino.nfvo.catalogue.mano.common.AbstractVirtualLink)
          - CollectionAttributeFetchImpl(collection=org.project.neutrino.nfvo.catalogue.mano.descriptor.InternalVirtualLink.connection_points_references, querySpaceUid=<gen:1>, path=org.project.neutrino.nfvo.catalogue.mano.common.AbstractVirtualLink.connection_points_references)
          - EntityAttributeFetchImpl(entity=org.project.neutrino.nfvo.catalogue.mano.common.Security, querySpaceUid=<gen:2>, path=org.project.neutrino.nfvo.catalogue.mano.common.AbstractVirtualLink.vld_security)
    - QuerySpaces
       - EntityQuerySpaceImpl(uid=<gen:0>, entity=org.project.neutrino.nfvo.catalogue.mano.common.AbstractVirtualLink)
          - SQL table alias mapping - abstractvi0_
          - alias suffix - 0_
          - suffixed key columns - {id1_0_0_}

13:23:06.745 [Test worker] DEBUG o.h.loader.entity.plan.EntityLoader - Static select for entity org.project.neutrino.nfvo.catalogue.mano.common.AbstractVirtualLink [PESSIMISTIC_FORCE_INCREMENT]: select abstractvi0_.id as id1_0_0_, abstractvi0_.connectivity_type as connecti2_0_0_, abstractvi0_.leaf_requirement as leaf_req3_0_0_, abstractvi0_.root_requirement as root_req4_0_0_, abstractvi0_.version as version5_0_0_, abstractvi0_.descriptor_version as descript1_52_0_, abstractvi0_.number_of_endpoints as number_o2_52_0_, abstractvi0_.vendor as vendor3_52_0_, abstractvi0_.vld_security_id as vld_secu4_52_0_, abstractvi0_.clazz_ as clazz_0_ from ( select id, connectivity_type, leaf_requirement, root_requirement, version, descriptor_version, number_of_endpoints, vendor, vld_security_id, 1 as clazz_ from virtual_link_descriptor union select id, connectivity_type, leaf_requirement, root_requirement, version, null as descriptor_version, null as number_of_endpoints, null as vendor, null as vld_security_id, 2 as clazz_ from internal_virtual_link ) abstractvi0_ where abstractvi0_.id=? for update
13:23:06.745 [Test worker] DEBUG o.h.l.p.b.i.spaces.QuerySpacesImpl - Adding QuerySpace : uid = <gen:0> -> org.hibernate.loader.plan.build.internal.spaces.EntityQuerySpaceImpl@6101972a]
13:23:06.745 [Test worker] DEBUG o.h.p.w.spi.MetamodelGraphWalker - Visiting attribute path : connectivity_type
13:23:06.745 [Test worker] DEBUG o.h.p.w.spi.MetamodelGraphWalker - Visiting attribute path : leaf_requirement
13:23:06.745 [Test worker] DEBUG o.h.p.w.spi.MetamodelGraphWalker - Visiting attribute path : qos
13:23:06.745 [Test worker] DEBUG o.h.p.w.spi.MetamodelGraphWalker - Visiting attribute path : root_requirement
13:23:06.746 [Test worker] DEBUG o.h.p.w.spi.MetamodelGraphWalker - Visiting attribute path : test_access
13:23:06.746 [Test worker] DEBUG o.h.p.w.spi.MetamodelGraphWalker - Visiting attribute path : version
13:23:06.746 [Test worker] DEBUG o.h.p.w.spi.MetamodelGraphWalker - Visiting attribute path : connection_points_references
13:23:06.746 [Test worker] DEBUG o.h.l.p.b.i.spaces.QuerySpacesImpl - Adding QuerySpace : uid = <gen:1> -> org.hibernate.loader.plan.build.internal.spaces.CollectionQuerySpaceImpl@389d60c3]
13:23:06.746 [Test worker] DEBUG o.h.p.w.spi.MetamodelGraphWalker - Visiting attribute path : connection
13:23:06.746 [Test worker] DEBUG o.h.p.w.spi.MetamodelGraphWalker - Visiting attribute path : descriptor_version
13:23:06.746 [Test worker] DEBUG o.h.p.w.spi.MetamodelGraphWalker - Visiting attribute path : number_of_endpoints
13:23:06.746 [Test worker] DEBUG o.h.p.w.spi.MetamodelGraphWalker - Visiting attribute path : vendor
13:23:06.746 [Test worker] DEBUG o.h.p.w.spi.MetamodelGraphWalker - Visiting attribute path : vld_security
13:23:06.746 [Test worker] DEBUG o.h.l.p.b.i.spaces.QuerySpacesImpl - Adding QuerySpace : uid = <gen:2> -> org.hibernate.loader.plan.build.internal.spaces.EntityQuerySpaceImpl@643bbf3e]
13:23:06.746 [Test worker] DEBUG o.h.l.p.b.i.FetchStyleLoadPlanBuildingAssociationVisitationStrategy - Building LoadPlan...
13:23:06.747 [Test worker] DEBUG o.h.l.p.e.i.LoadQueryJoinAndFetchProcessor - processing queryspace <gen:0>
13:23:06.747 [Test worker] DEBUG o.h.l.p.b.spi.LoadPlanTreePrinter - LoadPlan(entity=org.project.neutrino.nfvo.catalogue.mano.common.AbstractVirtualLink)
    - Returns
       - EntityReturnImpl(entity=org.project.neutrino.nfvo.catalogue.mano.common.AbstractVirtualLink, querySpaceUid=<gen:0>, path=org.project.neutrino.nfvo.catalogue.mano.common.AbstractVirtualLink)
          - CollectionAttributeFetchImpl(collection=org.project.neutrino.nfvo.catalogue.mano.descriptor.InternalVirtualLink.connection_points_references, querySpaceUid=<gen:1>, path=org.project.neutrino.nfvo.catalogue.mano.common.AbstractVirtualLink.connection_points_references)
          - EntityAttributeFetchImpl(entity=org.project.neutrino.nfvo.catalogue.mano.common.Security, querySpaceUid=<gen:2>, path=org.project.neutrino.nfvo.catalogue.mano.common.AbstractVirtualLink.vld_security)
    - QuerySpaces
       - EntityQuerySpaceImpl(uid=<gen:0>, entity=org.project.neutrino.nfvo.catalogue.mano.common.AbstractVirtualLink)
          - SQL table alias mapping - abstractvi0_
          - alias suffix - 0_
          - suffixed key columns - {id1_0_0_}

13:23:06.747 [Test worker] DEBUG o.h.loader.entity.plan.EntityLoader - Static select for entity org.project.neutrino.nfvo.catalogue.mano.common.AbstractVirtualLink [OPTIMISTIC]: select abstractvi0_.id as id1_0_0_, abstractvi0_.connectivity_type as connecti2_0_0_, abstractvi0_.leaf_requirement as leaf_req3_0_0_, abstractvi0_.root_requirement as root_req4_0_0_, abstractvi0_.version as version5_0_0_, abstractvi0_.descriptor_version as descript1_52_0_, abstractvi0_.number_of_endpoints as number_o2_52_0_, abstractvi0_.vendor as vendor3_52_0_, abstractvi0_.vld_security_id as vld_secu4_52_0_, abstractvi0_.clazz_ as clazz_0_ from ( select id, connectivity_type, leaf_requirement, root_requirement, version, descriptor_version, number_of_endpoints, vendor, vld_security_id, 1 as clazz_ from virtual_link_descriptor union select id, connectivity_type, leaf_requirement, root_requirement, version, null as descriptor_version, null as number_of_endpoints, null as vendor, null as vld_security_id, 2 as clazz_ from internal_virtual_link ) abstractvi0_ where abstractvi0_.id=?
13:23:06.747 [Test worker] DEBUG o.h.l.p.b.i.spaces.QuerySpacesImpl - Adding QuerySpace : uid = <gen:0> -> org.hibernate.loader.plan.build.internal.spaces.EntityQuerySpaceImpl@e88b2db]
13:23:06.747 [Test worker] DEBUG o.h.p.w.spi.MetamodelGraphWalker - Visiting attribute path : connectivity_type
13:23:06.747 [Test worker] DEBUG o.h.p.w.spi.MetamodelGraphWalker - Visiting attribute path : leaf_requirement
13:23:06.747 [Test worker] DEBUG o.h.p.w.spi.MetamodelGraphWalker - Visiting attribute path : qos
13:23:06.747 [Test worker] DEBUG o.h.p.w.spi.MetamodelGraphWalker - Visiting attribute path : root_requirement
13:23:06.747 [Test worker] DEBUG o.h.p.w.spi.MetamodelGraphWalker - Visiting attribute path : test_access
13:23:06.748 [Test worker] DEBUG o.h.p.w.spi.MetamodelGraphWalker - Visiting attribute path : version
13:23:06.748 [Test worker] DEBUG o.h.p.w.spi.MetamodelGraphWalker - Visiting attribute path : connection_points_references
13:23:06.748 [Test worker] DEBUG o.h.l.p.b.i.spaces.QuerySpacesImpl - Adding QuerySpace : uid = <gen:1> -> org.hibernate.loader.plan.build.internal.spaces.CollectionQuerySpaceImpl@5c3167c2]
13:23:06.748 [Test worker] DEBUG o.h.p.w.spi.MetamodelGraphWalker - Visiting attribute path : connection
13:23:06.748 [Test worker] DEBUG o.h.p.w.spi.MetamodelGraphWalker - Visiting attribute path : descriptor_version
13:23:06.748 [Test worker] DEBUG o.h.p.w.spi.MetamodelGraphWalker - Visiting attribute path : number_of_endpoints
13:23:06.748 [Test worker] DEBUG o.h.p.w.spi.MetamodelGraphWalker - Visiting attribute path : vendor
13:23:06.748 [Test worker] DEBUG o.h.p.w.spi.MetamodelGraphWalker - Visiting attribute path : vld_security
13:23:06.748 [Test worker] DEBUG o.h.l.p.b.i.spaces.QuerySpacesImpl - Adding QuerySpace : uid = <gen:2> -> org.hibernate.loader.plan.build.internal.spaces.EntityQuerySpaceImpl@2f9320d7]
13:23:06.748 [Test worker] DEBUG o.h.l.p.b.i.FetchStyleLoadPlanBuildingAssociationVisitationStrategy - Building LoadPlan...
13:23:06.748 [Test worker] DEBUG o.h.l.p.e.i.LoadQueryJoinAndFetchProcessor - processing queryspace <gen:0>
13:23:06.749 [Test worker] DEBUG o.h.l.p.b.spi.LoadPlanTreePrinter - LoadPlan(entity=org.project.neutrino.nfvo.catalogue.mano.common.AbstractVirtualLink)
    - Returns
       - EntityReturnImpl(entity=org.project.neutrino.nfvo.catalogue.mano.common.AbstractVirtualLink, querySpaceUid=<gen:0>, path=org.project.neutrino.nfvo.catalogue.mano.common.AbstractVirtualLink)
          - CollectionAttributeFetchImpl(collection=org.project.neutrino.nfvo.catalogue.mano.descriptor.InternalVirtualLink.connection_points_references, querySpaceUid=<gen:1>, path=org.project.neutrino.nfvo.catalogue.mano.common.AbstractVirtualLink.connection_points_references)
          - EntityAttributeFetchImpl(entity=org.project.neutrino.nfvo.catalogue.mano.common.Security, querySpaceUid=<gen:2>, path=org.project.neutrino.nfvo.catalogue.mano.common.AbstractVirtualLink.vld_security)
    - QuerySpaces
       - EntityQuerySpaceImpl(uid=<gen:0>, entity=org.project.neutrino.nfvo.catalogue.mano.common.AbstractVirtualLink)
          - SQL table alias mapping - abstractvi0_
          - alias suffix - 0_
          - suffixed key columns - {id1_0_0_}

13:23:06.749 [Test worker] DEBUG o.h.loader.entity.plan.EntityLoader - Static select for entity org.project.neutrino.nfvo.catalogue.mano.common.AbstractVirtualLink [OPTIMISTIC_FORCE_INCREMENT]: select abstractvi0_.id as id1_0_0_, abstractvi0_.connectivity_type as connecti2_0_0_, abstractvi0_.leaf_requirement as leaf_req3_0_0_, abstractvi0_.root_requirement as root_req4_0_0_, abstractvi0_.version as version5_0_0_, abstractvi0_.descriptor_version as descript1_52_0_, abstractvi0_.number_of_endpoints as number_o2_52_0_, abstractvi0_.vendor as vendor3_52_0_, abstractvi0_.vld_security_id as vld_secu4_52_0_, abstractvi0_.clazz_ as clazz_0_ from ( select id, connectivity_type, leaf_requirement, root_requirement, version, descriptor_version, number_of_endpoints, vendor, vld_security_id, 1 as clazz_ from virtual_link_descriptor union select id, connectivity_type, leaf_requirement, root_requirement, version, null as descriptor_version, null as number_of_endpoints, null as vendor, null as vld_security_id, 2 as clazz_ from internal_virtual_link ) abstractvi0_ where abstractvi0_.id=?
13:23:06.749 [Test worker] DEBUG org.hibernate.loader.Loader - Static select for action ACTION_MERGE on entity org.project.neutrino.nfvo.catalogue.mano.common.AbstractVirtualLink: select abstractvi0_.id as id1_0_1_, abstractvi0_.connectivity_type as connecti2_0_1_, abstractvi0_.leaf_requirement as leaf_req3_0_1_, abstractvi0_.root_requirement as root_req4_0_1_, abstractvi0_.version as version5_0_1_, abstractvi0_.descriptor_version as descript1_52_1_, abstractvi0_.number_of_endpoints as number_o2_52_1_, abstractvi0_.vendor as vendor3_52_1_, abstractvi0_.vld_security_id as vld_secu4_52_1_, abstractvi0_.clazz_ as clazz_1_, security1_.id as id1_43_0_, security1_.version as version2_43_0_ from ( select id, connectivity_type, leaf_requirement, root_requirement, version, descriptor_version, number_of_endpoints, vendor, vld_security_id, 1 as clazz_ from virtual_link_descriptor union select id, connectivity_type, leaf_requirement, root_requirement, version, null as descriptor_version, null as number_of_endpoints, null as vendor, null as vld_security_id, 2 as clazz_ from internal_virtual_link ) abstractvi0_ left outer join security security1_ on abstractvi0_.vld_security_id=security1_.id where abstractvi0_.id=?
13:23:06.749 [Test worker] DEBUG org.hibernate.loader.Loader - Static select for action ACTION_REFRESH on entity org.project.neutrino.nfvo.catalogue.mano.common.AbstractVirtualLink: select abstractvi0_.id as id1_0_1_, abstractvi0_.connectivity_type as connecti2_0_1_, abstractvi0_.leaf_requirement as leaf_req3_0_1_, abstractvi0_.root_requirement as root_req4_0_1_, abstractvi0_.version as version5_0_1_, abstractvi0_.descriptor_version as descript1_52_1_, abstractvi0_.number_of_endpoints as number_o2_52_1_, abstractvi0_.vendor as vendor3_52_1_, abstractvi0_.vld_security_id as vld_secu4_52_1_, abstractvi0_.clazz_ as clazz_1_, security1_.id as id1_43_0_, security1_.version as version2_43_0_ from ( select id, connectivity_type, leaf_requirement, root_requirement, version, descriptor_version, number_of_endpoints, vendor, vld_security_id, 1 as clazz_ from virtual_link_descriptor union select id, connectivity_type, leaf_requirement, root_requirement, version, null as descriptor_version, null as number_of_endpoints, null as vendor, null as vld_security_id, 2 as clazz_ from internal_virtual_link ) abstractvi0_ left outer join security security1_ on abstractvi0_.vld_security_id=security1_.id where abstractvi0_.id=?
13:23:06.750 [Test worker] DEBUG o.h.p.entity.AbstractEntityPersister - Static SQL for entity: org.project.neutrino.nfvo.catalogue.mano.descriptor.PhysicalNetworkFunctionDescriptor
13:23:06.750 [Test worker] DEBUG o.h.p.entity.AbstractEntityPersister -  Version select: select hb_version from physical_network_function_descriptor where id =?
13:23:06.750 [Test worker] DEBUG o.h.p.entity.AbstractEntityPersister -  Snapshot select: select physicalne_.id, physicalne_.description as descript2_35_, physicalne_.descriptor_version as descript3_35_, physicalne_.hb_version as hb_versi4_35_, physicalne_.pnfd_security_id as pnfd_sec7_35_, physicalne_.vendor as vendor5_35_, physicalne_.version as version6_35_ from physical_network_function_descriptor physicalne_ where physicalne_.id=?
13:23:06.750 [Test worker] DEBUG o.h.p.entity.AbstractEntityPersister -  Insert 0: insert into physical_network_function_descriptor (description, descriptor_version, hb_version, pnfd_security_id, vendor, version, id) values (?, ?, ?, ?, ?, ?, ?)
13:23:06.750 [Test worker] DEBUG o.h.p.entity.AbstractEntityPersister -  Update 0: update physical_network_function_descriptor set description=?, descriptor_version=?, hb_version=?, pnfd_security_id=?, vendor=?, version=? where id=? and hb_version=?
13:23:06.750 [Test worker] DEBUG o.h.p.entity.AbstractEntityPersister -  Delete 0: delete from physical_network_function_descriptor where id=? and hb_version=?
13:23:06.750 [Test worker] DEBUG o.h.l.p.b.i.spaces.QuerySpacesImpl - Adding QuerySpace : uid = <gen:0> -> org.hibernate.loader.plan.build.internal.spaces.EntityQuerySpaceImpl@64511ba7]
13:23:06.750 [Test worker] DEBUG o.h.p.w.spi.MetamodelGraphWalker - Visiting attribute path : connection_point
13:23:06.750 [Test worker] DEBUG o.h.p.w.spi.MetamodelGraphWalker - Visiting attribute path : description
13:23:06.750 [Test worker] DEBUG o.h.p.w.spi.MetamodelGraphWalker - Visiting attribute path : descriptor_version
13:23:06.750 [Test worker] DEBUG o.h.p.w.spi.MetamodelGraphWalker - Visiting attribute path : hb_version
13:23:06.750 [Test worker] DEBUG o.h.p.w.spi.MetamodelGraphWalker - Visiting attribute path : pnfd_security
13:23:06.750 [Test worker] DEBUG o.h.l.p.b.i.spaces.QuerySpacesImpl - Adding QuerySpace : uid = <gen:1> -> org.hibernate.loader.plan.build.internal.spaces.EntityQuerySpaceImpl@6b6ae777]
13:23:06.750 [Test worker] DEBUG o.h.p.w.spi.MetamodelGraphWalker - Visiting attribute path : pnfd_security.version
13:23:06.751 [Test worker] DEBUG o.h.p.w.spi.MetamodelGraphWalker - Visiting attribute path : vendor
13:23:06.751 [Test worker] DEBUG o.h.p.w.spi.MetamodelGraphWalker - Visiting attribute path : version
13:23:06.751 [Test worker] DEBUG o.h.l.p.b.i.FetchStyleLoadPlanBuildingAssociationVisitationStrategy - Building LoadPlan...
13:23:06.751 [Test worker] DEBUG o.h.l.p.e.i.LoadQueryJoinAndFetchProcessor - processing queryspace <gen:0>
13:23:06.751 [Test worker] DEBUG o.h.l.p.b.spi.LoadPlanTreePrinter - LoadPlan(entity=org.project.neutrino.nfvo.catalogue.mano.descriptor.PhysicalNetworkFunctionDescriptor)
    - Returns
       - EntityReturnImpl(entity=org.project.neutrino.nfvo.catalogue.mano.descriptor.PhysicalNetworkFunctionDescriptor, querySpaceUid=<gen:0>, path=org.project.neutrino.nfvo.catalogue.mano.descriptor.PhysicalNetworkFunctionDescriptor)
          - EntityAttributeFetchImpl(entity=org.project.neutrino.nfvo.catalogue.mano.common.Security, querySpaceUid=<gen:1>, path=org.project.neutrino.nfvo.catalogue.mano.descriptor.PhysicalNetworkFunctionDescriptor.pnfd_security)
    - QuerySpaces
       - EntityQuerySpaceImpl(uid=<gen:0>, entity=org.project.neutrino.nfvo.catalogue.mano.descriptor.PhysicalNetworkFunctionDescriptor)
          - SQL table alias mapping - physicalne0_
          - alias suffix - 0_
          - suffixed key columns - {id1_35_0_}
          - JOIN (JoinDefinedByMetadata(pnfd_security)) : <gen:0> -> <gen:1>
             - EntityQuerySpaceImpl(uid=<gen:1>, entity=org.project.neutrino.nfvo.catalogue.mano.common.Security)
                - SQL table alias mapping - security1_
                - alias suffix - 1_
                - suffixed key columns - {id1_43_1_}

13:23:06.751 [Test worker] DEBUG o.h.loader.entity.plan.EntityLoader - Static select for entity org.project.neutrino.nfvo.catalogue.mano.descriptor.PhysicalNetworkFunctionDescriptor [NONE]: select physicalne0_.id as id1_35_0_, physicalne0_.description as descript2_35_0_, physicalne0_.descriptor_version as descript3_35_0_, physicalne0_.hb_version as hb_versi4_35_0_, physicalne0_.pnfd_security_id as pnfd_sec7_35_0_, physicalne0_.vendor as vendor5_35_0_, physicalne0_.version as version6_35_0_, security1_.id as id1_43_1_, security1_.version as version2_43_1_ from physical_network_function_descriptor physicalne0_ left outer join security security1_ on physicalne0_.pnfd_security_id=security1_.id where physicalne0_.id=?
13:23:06.752 [Test worker] DEBUG o.h.l.p.b.i.spaces.QuerySpacesImpl - Adding QuerySpace : uid = <gen:0> -> org.hibernate.loader.plan.build.internal.spaces.EntityQuerySpaceImpl@53b00227]
13:23:06.752 [Test worker] DEBUG o.h.p.w.spi.MetamodelGraphWalker - Visiting attribute path : connection_point
13:23:06.752 [Test worker] DEBUG o.h.p.w.spi.MetamodelGraphWalker - Visiting attribute path : description
13:23:06.752 [Test worker] DEBUG o.h.p.w.spi.MetamodelGraphWalker - Visiting attribute path : descriptor_version
13:23:06.752 [Test worker] DEBUG o.h.p.w.spi.MetamodelGraphWalker - Visiting attribute path : hb_version
13:23:06.752 [Test worker] DEBUG o.h.p.w.spi.MetamodelGraphWalker - Visiting attribute path : pnfd_security
13:23:06.752 [Test worker] DEBUG o.h.l.p.b.i.spaces.QuerySpacesImpl - Adding QuerySpace : uid = <gen:1> -> org.hibernate.loader.plan.build.internal.spaces.EntityQuerySpaceImpl@70caedc8]
13:23:06.752 [Test worker] DEBUG o.h.p.w.spi.MetamodelGraphWalker - Visiting attribute path : pnfd_security.version
13:23:06.752 [Test worker] DEBUG o.h.p.w.spi.MetamodelGraphWalker - Visiting attribute path : vendor
13:23:06.752 [Test worker] DEBUG o.h.p.w.spi.MetamodelGraphWalker - Visiting attribute path : version
13:23:06.752 [Test worker] DEBUG o.h.l.p.b.i.FetchStyleLoadPlanBuildingAssociationVisitationStrategy - Building LoadPlan...
13:23:06.753 [Test worker] DEBUG o.h.l.p.e.i.LoadQueryJoinAndFetchProcessor - processing queryspace <gen:0>
13:23:06.753 [Test worker] DEBUG o.h.l.p.b.spi.LoadPlanTreePrinter - LoadPlan(entity=org.project.neutrino.nfvo.catalogue.mano.descriptor.PhysicalNetworkFunctionDescriptor)
    - Returns
       - EntityReturnImpl(entity=org.project.neutrino.nfvo.catalogue.mano.descriptor.PhysicalNetworkFunctionDescriptor, querySpaceUid=<gen:0>, path=org.project.neutrino.nfvo.catalogue.mano.descriptor.PhysicalNetworkFunctionDescriptor)
          - EntityAttributeFetchImpl(entity=org.project.neutrino.nfvo.catalogue.mano.common.Security, querySpaceUid=<gen:1>, path=org.project.neutrino.nfvo.catalogue.mano.descriptor.PhysicalNetworkFunctionDescriptor.pnfd_security)
    - QuerySpaces
       - EntityQuerySpaceImpl(uid=<gen:0>, entity=org.project.neutrino.nfvo.catalogue.mano.descriptor.PhysicalNetworkFunctionDescriptor)
          - SQL table alias mapping - physicalne0_
          - alias suffix - 0_
          - suffixed key columns - {id1_35_0_}
          - JOIN (JoinDefinedByMetadata(pnfd_security)) : <gen:0> -> <gen:1>
             - EntityQuerySpaceImpl(uid=<gen:1>, entity=org.project.neutrino.nfvo.catalogue.mano.common.Security)
                - SQL table alias mapping - security1_
                - alias suffix - 1_
                - suffixed key columns - {id1_43_1_}

13:23:06.753 [Test worker] DEBUG o.h.loader.entity.plan.EntityLoader - Static select for entity org.project.neutrino.nfvo.catalogue.mano.descriptor.PhysicalNetworkFunctionDescriptor [READ]: select physicalne0_.id as id1_35_0_, physicalne0_.description as descript2_35_0_, physicalne0_.descriptor_version as descript3_35_0_, physicalne0_.hb_version as hb_versi4_35_0_, physicalne0_.pnfd_security_id as pnfd_sec7_35_0_, physicalne0_.vendor as vendor5_35_0_, physicalne0_.version as version6_35_0_, security1_.id as id1_43_1_, security1_.version as version2_43_1_ from physical_network_function_descriptor physicalne0_ left outer join security security1_ on physicalne0_.pnfd_security_id=security1_.id where physicalne0_.id=?
13:23:06.753 [Test worker] DEBUG o.h.l.p.b.i.spaces.QuerySpacesImpl - Adding QuerySpace : uid = <gen:0> -> org.hibernate.loader.plan.build.internal.spaces.EntityQuerySpaceImpl@7cef4e36]
13:23:06.754 [Test worker] DEBUG o.h.p.w.spi.MetamodelGraphWalker - Visiting attribute path : connection_point
13:23:06.754 [Test worker] DEBUG o.h.p.w.spi.MetamodelGraphWalker - Visiting attribute path : description
13:23:06.754 [Test worker] DEBUG o.h.p.w.spi.MetamodelGraphWalker - Visiting attribute path : descriptor_version
13:23:06.754 [Test worker] DEBUG o.h.p.w.spi.MetamodelGraphWalker - Visiting attribute path : hb_version
13:23:06.754 [Test worker] DEBUG o.h.p.w.spi.MetamodelGraphWalker - Visiting attribute path : pnfd_security
13:23:06.754 [Test worker] DEBUG o.h.l.p.b.i.spaces.QuerySpacesImpl - Adding QuerySpace : uid = <gen:1> -> org.hibernate.loader.plan.build.internal.spaces.EntityQuerySpaceImpl@2693e03b]
13:23:06.754 [Test worker] DEBUG o.h.p.w.spi.MetamodelGraphWalker - Visiting attribute path : vendor
13:23:06.754 [Test worker] DEBUG o.h.p.w.spi.MetamodelGraphWalker - Visiting attribute path : version
13:23:06.754 [Test worker] DEBUG o.h.l.p.b.i.FetchStyleLoadPlanBuildingAssociationVisitationStrategy - Building LoadPlan...
13:23:06.754 [Test worker] DEBUG o.h.l.p.e.i.LoadQueryJoinAndFetchProcessor - processing queryspace <gen:0>
13:23:06.755 [Test worker] DEBUG o.h.l.p.b.spi.LoadPlanTreePrinter - LoadPlan(entity=org.project.neutrino.nfvo.catalogue.mano.descriptor.PhysicalNetworkFunctionDescriptor)
    - Returns
       - EntityReturnImpl(entity=org.project.neutrino.nfvo.catalogue.mano.descriptor.PhysicalNetworkFunctionDescriptor, querySpaceUid=<gen:0>, path=org.project.neutrino.nfvo.catalogue.mano.descriptor.PhysicalNetworkFunctionDescriptor)
          - EntityAttributeFetchImpl(entity=org.project.neutrino.nfvo.catalogue.mano.common.Security, querySpaceUid=<gen:1>, path=org.project.neutrino.nfvo.catalogue.mano.descriptor.PhysicalNetworkFunctionDescriptor.pnfd_security)
    - QuerySpaces
       - EntityQuerySpaceImpl(uid=<gen:0>, entity=org.project.neutrino.nfvo.catalogue.mano.descriptor.PhysicalNetworkFunctionDescriptor)
          - SQL table alias mapping - physicalne0_
          - alias suffix - 0_
          - suffixed key columns - {id1_35_0_}

13:23:06.755 [Test worker] DEBUG o.h.loader.entity.plan.EntityLoader - Static select for entity org.project.neutrino.nfvo.catalogue.mano.descriptor.PhysicalNetworkFunctionDescriptor [UPGRADE]: select physicalne0_.id as id1_35_0_, physicalne0_.description as descript2_35_0_, physicalne0_.descriptor_version as descript3_35_0_, physicalne0_.hb_version as hb_versi4_35_0_, physicalne0_.pnfd_security_id as pnfd_sec7_35_0_, physicalne0_.vendor as vendor5_35_0_, physicalne0_.version as version6_35_0_ from physical_network_function_descriptor physicalne0_ where physicalne0_.id=? for update
13:23:06.755 [Test worker] DEBUG o.h.l.p.b.i.spaces.QuerySpacesImpl - Adding QuerySpace : uid = <gen:0> -> org.hibernate.loader.plan.build.internal.spaces.EntityQuerySpaceImpl@36665546]
13:23:06.755 [Test worker] DEBUG o.h.p.w.spi.MetamodelGraphWalker - Visiting attribute path : connection_point
13:23:06.755 [Test worker] DEBUG o.h.p.w.spi.MetamodelGraphWalker - Visiting attribute path : description
13:23:06.755 [Test worker] DEBUG o.h.p.w.spi.MetamodelGraphWalker - Visiting attribute path : descriptor_version
13:23:06.755 [Test worker] DEBUG o.h.p.w.spi.MetamodelGraphWalker - Visiting attribute path : hb_version
13:23:06.755 [Test worker] DEBUG o.h.p.w.spi.MetamodelGraphWalker - Visiting attribute path : pnfd_security
13:23:06.755 [Test worker] DEBUG o.h.l.p.b.i.spaces.QuerySpacesImpl - Adding QuerySpace : uid = <gen:1> -> org.hibernate.loader.plan.build.internal.spaces.EntityQuerySpaceImpl@1553f9b2]
13:23:06.755 [Test worker] DEBUG o.h.p.w.spi.MetamodelGraphWalker - Visiting attribute path : vendor
13:23:06.756 [Test worker] DEBUG o.h.p.w.spi.MetamodelGraphWalker - Visiting attribute path : version
13:23:06.756 [Test worker] DEBUG o.h.l.p.b.i.FetchStyleLoadPlanBuildingAssociationVisitationStrategy - Building LoadPlan...
13:23:06.756 [Test worker] DEBUG o.h.l.p.e.i.LoadQueryJoinAndFetchProcessor - processing queryspace <gen:0>
13:23:06.756 [Test worker] DEBUG o.h.l.p.b.spi.LoadPlanTreePrinter - LoadPlan(entity=org.project.neutrino.nfvo.catalogue.mano.descriptor.PhysicalNetworkFunctionDescriptor)
    - Returns
       - EntityReturnImpl(entity=org.project.neutrino.nfvo.catalogue.mano.descriptor.PhysicalNetworkFunctionDescriptor, querySpaceUid=<gen:0>, path=org.project.neutrino.nfvo.catalogue.mano.descriptor.PhysicalNetworkFunctionDescriptor)
          - EntityAttributeFetchImpl(entity=org.project.neutrino.nfvo.catalogue.mano.common.Security, querySpaceUid=<gen:1>, path=org.project.neutrino.nfvo.catalogue.mano.descriptor.PhysicalNetworkFunctionDescriptor.pnfd_security)
    - QuerySpaces
       - EntityQuerySpaceImpl(uid=<gen:0>, entity=org.project.neutrino.nfvo.catalogue.mano.descriptor.PhysicalNetworkFunctionDescriptor)
          - SQL table alias mapping - physicalne0_
          - alias suffix - 0_
          - suffixed key columns - {id1_35_0_}

13:23:06.756 [Test worker] DEBUG o.h.loader.entity.plan.EntityLoader - Static select for entity org.project.neutrino.nfvo.catalogue.mano.descriptor.PhysicalNetworkFunctionDescriptor [UPGRADE_NOWAIT]: select physicalne0_.id as id1_35_0_, physicalne0_.description as descript2_35_0_, physicalne0_.descriptor_version as descript3_35_0_, physicalne0_.hb_version as hb_versi4_35_0_, physicalne0_.pnfd_security_id as pnfd_sec7_35_0_, physicalne0_.vendor as vendor5_35_0_, physicalne0_.version as version6_35_0_ from physical_network_function_descriptor physicalne0_ where physicalne0_.id=? for update
13:23:06.757 [Test worker] DEBUG o.h.l.p.b.i.spaces.QuerySpacesImpl - Adding QuerySpace : uid = <gen:0> -> org.hibernate.loader.plan.build.internal.spaces.EntityQuerySpaceImpl@3c2e200e]
13:23:06.757 [Test worker] DEBUG o.h.p.w.spi.MetamodelGraphWalker - Visiting attribute path : connection_point
13:23:06.757 [Test worker] DEBUG o.h.p.w.spi.MetamodelGraphWalker - Visiting attribute path : description
13:23:06.757 [Test worker] DEBUG o.h.p.w.spi.MetamodelGraphWalker - Visiting attribute path : descriptor_version
13:23:06.757 [Test worker] DEBUG o.h.p.w.spi.MetamodelGraphWalker - Visiting attribute path : hb_version
13:23:06.757 [Test worker] DEBUG o.h.p.w.spi.MetamodelGraphWalker - Visiting attribute path : pnfd_security
13:23:06.757 [Test worker] DEBUG o.h.l.p.b.i.spaces.QuerySpacesImpl - Adding QuerySpace : uid = <gen:1> -> org.hibernate.loader.plan.build.internal.spaces.EntityQuerySpaceImpl@4e4dd603]
13:23:06.757 [Test worker] DEBUG o.h.p.w.spi.MetamodelGraphWalker - Visiting attribute path : vendor
13:23:06.757 [Test worker] DEBUG o.h.p.w.spi.MetamodelGraphWalker - Visiting attribute path : version
13:23:06.757 [Test worker] DEBUG o.h.l.p.b.i.FetchStyleLoadPlanBuildingAssociationVisitationStrategy - Building LoadPlan...
13:23:06.757 [Test worker] DEBUG o.h.l.p.e.i.LoadQueryJoinAndFetchProcessor - processing queryspace <gen:0>
13:23:06.758 [Test worker] DEBUG o.h.l.p.b.spi.LoadPlanTreePrinter - LoadPlan(entity=org.project.neutrino.nfvo.catalogue.mano.descriptor.PhysicalNetworkFunctionDescriptor)
    - Returns
       - EntityReturnImpl(entity=org.project.neutrino.nfvo.catalogue.mano.descriptor.PhysicalNetworkFunctionDescriptor, querySpaceUid=<gen:0>, path=org.project.neutrino.nfvo.catalogue.mano.descriptor.PhysicalNetworkFunctionDescriptor)
          - EntityAttributeFetchImpl(entity=org.project.neutrino.nfvo.catalogue.mano.common.Security, querySpaceUid=<gen:1>, path=org.project.neutrino.nfvo.catalogue.mano.descriptor.PhysicalNetworkFunctionDescriptor.pnfd_security)
    - QuerySpaces
       - EntityQuerySpaceImpl(uid=<gen:0>, entity=org.project.neutrino.nfvo.catalogue.mano.descriptor.PhysicalNetworkFunctionDescriptor)
          - SQL table alias mapping - physicalne0_
          - alias suffix - 0_
          - suffixed key columns - {id1_35_0_}

13:23:06.758 [Test worker] DEBUG o.h.loader.entity.plan.EntityLoader - Static select for entity org.project.neutrino.nfvo.catalogue.mano.descriptor.PhysicalNetworkFunctionDescriptor [UPGRADE_SKIPLOCKED]: select physicalne0_.id as id1_35_0_, physicalne0_.description as descript2_35_0_, physicalne0_.descriptor_version as descript3_35_0_, physicalne0_.hb_version as hb_versi4_35_0_, physicalne0_.pnfd_security_id as pnfd_sec7_35_0_, physicalne0_.vendor as vendor5_35_0_, physicalne0_.version as version6_35_0_ from physical_network_function_descriptor physicalne0_ where physicalne0_.id=? for update
13:23:06.758 [Test worker] DEBUG o.h.l.p.b.i.spaces.QuerySpacesImpl - Adding QuerySpace : uid = <gen:0> -> org.hibernate.loader.plan.build.internal.spaces.EntityQuerySpaceImpl@581d871e]
13:23:06.758 [Test worker] DEBUG o.h.p.w.spi.MetamodelGraphWalker - Visiting attribute path : connection_point
13:23:06.758 [Test worker] DEBUG o.h.p.w.spi.MetamodelGraphWalker - Visiting attribute path : description
13:23:06.758 [Test worker] DEBUG o.h.p.w.spi.MetamodelGraphWalker - Visiting attribute path : descriptor_version
13:23:06.758 [Test worker] DEBUG o.h.p.w.spi.MetamodelGraphWalker - Visiting attribute path : hb_version
13:23:06.758 [Test worker] DEBUG o.h.p.w.spi.MetamodelGraphWalker - Visiting attribute path : pnfd_security
13:23:06.759 [Test worker] DEBUG o.h.l.p.b.i.spaces.QuerySpacesImpl - Adding QuerySpace : uid = <gen:1> -> org.hibernate.loader.plan.build.internal.spaces.EntityQuerySpaceImpl@3142a13]
13:23:06.759 [Test worker] DEBUG o.h.p.w.spi.MetamodelGraphWalker - Visiting attribute path : vendor
13:23:06.759 [Test worker] DEBUG o.h.p.w.spi.MetamodelGraphWalker - Visiting attribute path : version
13:23:06.759 [Test worker] DEBUG o.h.l.p.b.i.FetchStyleLoadPlanBuildingAssociationVisitationStrategy - Building LoadPlan...
13:23:06.759 [Test worker] DEBUG o.h.l.p.e.i.LoadQueryJoinAndFetchProcessor - processing queryspace <gen:0>
13:23:06.759 [Test worker] DEBUG o.h.l.p.b.spi.LoadPlanTreePrinter - LoadPlan(entity=org.project.neutrino.nfvo.catalogue.mano.descriptor.PhysicalNetworkFunctionDescriptor)
    - Returns
       - EntityReturnImpl(entity=org.project.neutrino.nfvo.catalogue.mano.descriptor.PhysicalNetworkFunctionDescriptor, querySpaceUid=<gen:0>, path=org.project.neutrino.nfvo.catalogue.mano.descriptor.PhysicalNetworkFunctionDescriptor)
          - EntityAttributeFetchImpl(entity=org.project.neutrino.nfvo.catalogue.mano.common.Security, querySpaceUid=<gen:1>, path=org.project.neutrino.nfvo.catalogue.mano.descriptor.PhysicalNetworkFunctionDescriptor.pnfd_security)
    - QuerySpaces
       - EntityQuerySpaceImpl(uid=<gen:0>, entity=org.project.neutrino.nfvo.catalogue.mano.descriptor.PhysicalNetworkFunctionDescriptor)
          - SQL table alias mapping - physicalne0_
          - alias suffix - 0_
          - suffixed key columns - {id1_35_0_}

13:23:06.759 [Test worker] DEBUG o.h.loader.entity.plan.EntityLoader - Static select for entity org.project.neutrino.nfvo.catalogue.mano.descriptor.PhysicalNetworkFunctionDescriptor [FORCE]: select physicalne0_.id as id1_35_0_, physicalne0_.description as descript2_35_0_, physicalne0_.descriptor_version as descript3_35_0_, physicalne0_.hb_version as hb_versi4_35_0_, physicalne0_.pnfd_security_id as pnfd_sec7_35_0_, physicalne0_.vendor as vendor5_35_0_, physicalne0_.version as version6_35_0_ from physical_network_function_descriptor physicalne0_ where physicalne0_.id=? for update
13:23:06.760 [Test worker] DEBUG o.h.l.p.b.i.spaces.QuerySpacesImpl - Adding QuerySpace : uid = <gen:0> -> org.hibernate.loader.plan.build.internal.spaces.EntityQuerySpaceImpl@20d646f9]
13:23:06.760 [Test worker] DEBUG o.h.p.w.spi.MetamodelGraphWalker - Visiting attribute path : connection_point
13:23:06.760 [Test worker] DEBUG o.h.p.w.spi.MetamodelGraphWalker - Visiting attribute path : description
13:23:06.760 [Test worker] DEBUG o.h.p.w.spi.MetamodelGraphWalker - Visiting attribute path : descriptor_version
13:23:06.760 [Test worker] DEBUG o.h.p.w.spi.MetamodelGraphWalker - Visiting attribute path : hb_version
13:23:06.760 [Test worker] DEBUG o.h.p.w.spi.MetamodelGraphWalker - Visiting attribute path : pnfd_security
13:23:06.760 [Test worker] DEBUG o.h.l.p.b.i.spaces.QuerySpacesImpl - Adding QuerySpace : uid = <gen:1> -> org.hibernate.loader.plan.build.internal.spaces.EntityQuerySpaceImpl@5e44f8a5]
13:23:06.760 [Test worker] DEBUG o.h.p.w.spi.MetamodelGraphWalker - Visiting attribute path : vendor
13:23:06.760 [Test worker] DEBUG o.h.p.w.spi.MetamodelGraphWalker - Visiting attribute path : version
13:23:06.760 [Test worker] DEBUG o.h.l.p.b.i.FetchStyleLoadPlanBuildingAssociationVisitationStrategy - Building LoadPlan...
13:23:06.761 [Test worker] DEBUG o.h.l.p.e.i.LoadQueryJoinAndFetchProcessor - processing queryspace <gen:0>
13:23:06.761 [Test worker] DEBUG o.h.l.p.b.spi.LoadPlanTreePrinter - LoadPlan(entity=org.project.neutrino.nfvo.catalogue.mano.descriptor.PhysicalNetworkFunctionDescriptor)
    - Returns
       - EntityReturnImpl(entity=org.project.neutrino.nfvo.catalogue.mano.descriptor.PhysicalNetworkFunctionDescriptor, querySpaceUid=<gen:0>, path=org.project.neutrino.nfvo.catalogue.mano.descriptor.PhysicalNetworkFunctionDescriptor)
          - EntityAttributeFetchImpl(entity=org.project.neutrino.nfvo.catalogue.mano.common.Security, querySpaceUid=<gen:1>, path=org.project.neutrino.nfvo.catalogue.mano.descriptor.PhysicalNetworkFunctionDescriptor.pnfd_security)
    - QuerySpaces
       - EntityQuerySpaceImpl(uid=<gen:0>, entity=org.project.neutrino.nfvo.catalogue.mano.descriptor.PhysicalNetworkFunctionDescriptor)
          - SQL table alias mapping - physicalne0_
          - alias suffix - 0_
          - suffixed key columns - {id1_35_0_}

13:23:06.761 [Test worker] DEBUG o.h.loader.entity.plan.EntityLoader - Static select for entity org.project.neutrino.nfvo.catalogue.mano.descriptor.PhysicalNetworkFunctionDescriptor [PESSIMISTIC_READ]: select physicalne0_.id as id1_35_0_, physicalne0_.description as descript2_35_0_, physicalne0_.descriptor_version as descript3_35_0_, physicalne0_.hb_version as hb_versi4_35_0_, physicalne0_.pnfd_security_id as pnfd_sec7_35_0_, physicalne0_.vendor as vendor5_35_0_, physicalne0_.version as version6_35_0_ from physical_network_function_descriptor physicalne0_ where physicalne0_.id=? lock in share mode
13:23:06.761 [Test worker] DEBUG o.h.l.p.b.i.spaces.QuerySpacesImpl - Adding QuerySpace : uid = <gen:0> -> org.hibernate.loader.plan.build.internal.spaces.EntityQuerySpaceImpl@22048fd]
13:23:06.761 [Test worker] DEBUG o.h.p.w.spi.MetamodelGraphWalker - Visiting attribute path : connection_point
13:23:06.761 [Test worker] DEBUG o.h.p.w.spi.MetamodelGraphWalker - Visiting attribute path : description
13:23:06.761 [Test worker] DEBUG o.h.p.w.spi.MetamodelGraphWalker - Visiting attribute path : descriptor_version
13:23:06.761 [Test worker] DEBUG o.h.p.w.spi.MetamodelGraphWalker - Visiting attribute path : hb_version
13:23:06.762 [Test worker] DEBUG o.h.p.w.spi.MetamodelGraphWalker - Visiting attribute path : pnfd_security
13:23:06.762 [Test worker] DEBUG o.h.l.p.b.i.spaces.QuerySpacesImpl - Adding QuerySpace : uid = <gen:1> -> org.hibernate.loader.plan.build.internal.spaces.EntityQuerySpaceImpl@24b3a041]
13:23:06.762 [Test worker] DEBUG o.h.p.w.spi.MetamodelGraphWalker - Visiting attribute path : vendor
13:23:06.762 [Test worker] DEBUG o.h.p.w.spi.MetamodelGraphWalker - Visiting attribute path : version
13:23:06.762 [Test worker] DEBUG o.h.l.p.b.i.FetchStyleLoadPlanBuildingAssociationVisitationStrategy - Building LoadPlan...
13:23:06.762 [Test worker] DEBUG o.h.l.p.e.i.LoadQueryJoinAndFetchProcessor - processing queryspace <gen:0>
13:23:06.762 [Test worker] DEBUG o.h.l.p.b.spi.LoadPlanTreePrinter - LoadPlan(entity=org.project.neutrino.nfvo.catalogue.mano.descriptor.PhysicalNetworkFunctionDescriptor)
    - Returns
       - EntityReturnImpl(entity=org.project.neutrino.nfvo.catalogue.mano.descriptor.PhysicalNetworkFunctionDescriptor, querySpaceUid=<gen:0>, path=org.project.neutrino.nfvo.catalogue.mano.descriptor.PhysicalNetworkFunctionDescriptor)
          - EntityAttributeFetchImpl(entity=org.project.neutrino.nfvo.catalogue.mano.common.Security, querySpaceUid=<gen:1>, path=org.project.neutrino.nfvo.catalogue.mano.descriptor.PhysicalNetworkFunctionDescriptor.pnfd_security)
    - QuerySpaces
       - EntityQuerySpaceImpl(uid=<gen:0>, entity=org.project.neutrino.nfvo.catalogue.mano.descriptor.PhysicalNetworkFunctionDescriptor)
          - SQL table alias mapping - physicalne0_
          - alias suffix - 0_
          - suffixed key columns - {id1_35_0_}

13:23:06.762 [Test worker] DEBUG o.h.loader.entity.plan.EntityLoader - Static select for entity org.project.neutrino.nfvo.catalogue.mano.descriptor.PhysicalNetworkFunctionDescriptor [PESSIMISTIC_WRITE]: select physicalne0_.id as id1_35_0_, physicalne0_.description as descript2_35_0_, physicalne0_.descriptor_version as descript3_35_0_, physicalne0_.hb_version as hb_versi4_35_0_, physicalne0_.pnfd_security_id as pnfd_sec7_35_0_, physicalne0_.vendor as vendor5_35_0_, physicalne0_.version as version6_35_0_ from physical_network_function_descriptor physicalne0_ where physicalne0_.id=? for update
13:23:06.763 [Test worker] DEBUG o.h.l.p.b.i.spaces.QuerySpacesImpl - Adding QuerySpace : uid = <gen:0> -> org.hibernate.loader.plan.build.internal.spaces.EntityQuerySpaceImpl@cde1e3a]
13:23:06.763 [Test worker] DEBUG o.h.p.w.spi.MetamodelGraphWalker - Visiting attribute path : connection_point
13:23:06.763 [Test worker] DEBUG o.h.p.w.spi.MetamodelGraphWalker - Visiting attribute path : description
13:23:06.763 [Test worker] DEBUG o.h.p.w.spi.MetamodelGraphWalker - Visiting attribute path : descriptor_version
13:23:06.763 [Test worker] DEBUG o.h.p.w.spi.MetamodelGraphWalker - Visiting attribute path : hb_version
13:23:06.763 [Test worker] DEBUG o.h.p.w.spi.MetamodelGraphWalker - Visiting attribute path : pnfd_security
13:23:06.763 [Test worker] DEBUG o.h.l.p.b.i.spaces.QuerySpacesImpl - Adding QuerySpace : uid = <gen:1> -> org.hibernate.loader.plan.build.internal.spaces.EntityQuerySpaceImpl@5620e5a8]
13:23:06.763 [Test worker] DEBUG o.h.p.w.spi.MetamodelGraphWalker - Visiting attribute path : vendor
13:23:06.763 [Test worker] DEBUG o.h.p.w.spi.MetamodelGraphWalker - Visiting attribute path : version
13:23:06.763 [Test worker] DEBUG o.h.l.p.b.i.FetchStyleLoadPlanBuildingAssociationVisitationStrategy - Building LoadPlan...
13:23:06.763 [Test worker] DEBUG o.h.l.p.e.i.LoadQueryJoinAndFetchProcessor - processing queryspace <gen:0>
13:23:06.764 [Test worker] DEBUG o.h.l.p.b.spi.LoadPlanTreePrinter - LoadPlan(entity=org.project.neutrino.nfvo.catalogue.mano.descriptor.PhysicalNetworkFunctionDescriptor)
    - Returns
       - EntityReturnImpl(entity=org.project.neutrino.nfvo.catalogue.mano.descriptor.PhysicalNetworkFunctionDescriptor, querySpaceUid=<gen:0>, path=org.project.neutrino.nfvo.catalogue.mano.descriptor.PhysicalNetworkFunctionDescriptor)
          - EntityAttributeFetchImpl(entity=org.project.neutrino.nfvo.catalogue.mano.common.Security, querySpaceUid=<gen:1>, path=org.project.neutrino.nfvo.catalogue.mano.descriptor.PhysicalNetworkFunctionDescriptor.pnfd_security)
    - QuerySpaces
       - EntityQuerySpaceImpl(uid=<gen:0>, entity=org.project.neutrino.nfvo.catalogue.mano.descriptor.PhysicalNetworkFunctionDescriptor)
          - SQL table alias mapping - physicalne0_
          - alias suffix - 0_
          - suffixed key columns - {id1_35_0_}

13:23:06.764 [Test worker] DEBUG o.h.loader.entity.plan.EntityLoader - Static select for entity org.project.neutrino.nfvo.catalogue.mano.descriptor.PhysicalNetworkFunctionDescriptor [PESSIMISTIC_FORCE_INCREMENT]: select physicalne0_.id as id1_35_0_, physicalne0_.description as descript2_35_0_, physicalne0_.descriptor_version as descript3_35_0_, physicalne0_.hb_version as hb_versi4_35_0_, physicalne0_.pnfd_security_id as pnfd_sec7_35_0_, physicalne0_.vendor as vendor5_35_0_, physicalne0_.version as version6_35_0_ from physical_network_function_descriptor physicalne0_ where physicalne0_.id=? for update
13:23:06.764 [Test worker] DEBUG o.h.l.p.b.i.spaces.QuerySpacesImpl - Adding QuerySpace : uid = <gen:0> -> org.hibernate.loader.plan.build.internal.spaces.EntityQuerySpaceImpl@9c5a4c5]
13:23:06.764 [Test worker] DEBUG o.h.p.w.spi.MetamodelGraphWalker - Visiting attribute path : connection_point
13:23:06.764 [Test worker] DEBUG o.h.p.w.spi.MetamodelGraphWalker - Visiting attribute path : description
13:23:06.764 [Test worker] DEBUG o.h.p.w.spi.MetamodelGraphWalker - Visiting attribute path : descriptor_version
13:23:06.764 [Test worker] DEBUG o.h.p.w.spi.MetamodelGraphWalker - Visiting attribute path : hb_version
13:23:06.764 [Test worker] DEBUG o.h.p.w.spi.MetamodelGraphWalker - Visiting attribute path : pnfd_security
13:23:06.764 [Test worker] DEBUG o.h.l.p.b.i.spaces.QuerySpacesImpl - Adding QuerySpace : uid = <gen:1> -> org.hibernate.loader.plan.build.internal.spaces.EntityQuerySpaceImpl@85bcefd]
13:23:06.764 [Test worker] DEBUG o.h.p.w.spi.MetamodelGraphWalker - Visiting attribute path : vendor
13:23:06.764 [Test worker] DEBUG o.h.p.w.spi.MetamodelGraphWalker - Visiting attribute path : version
13:23:06.765 [Test worker] DEBUG o.h.l.p.b.i.FetchStyleLoadPlanBuildingAssociationVisitationStrategy - Building LoadPlan...
13:23:06.765 [Test worker] DEBUG o.h.l.p.e.i.LoadQueryJoinAndFetchProcessor - processing queryspace <gen:0>
13:23:06.765 [Test worker] DEBUG o.h.l.p.b.spi.LoadPlanTreePrinter - LoadPlan(entity=org.project.neutrino.nfvo.catalogue.mano.descriptor.PhysicalNetworkFunctionDescriptor)
    - Returns
       - EntityReturnImpl(entity=org.project.neutrino.nfvo.catalogue.mano.descriptor.PhysicalNetworkFunctionDescriptor, querySpaceUid=<gen:0>, path=org.project.neutrino.nfvo.catalogue.mano.descriptor.PhysicalNetworkFunctionDescriptor)
          - EntityAttributeFetchImpl(entity=org.project.neutrino.nfvo.catalogue.mano.common.Security, querySpaceUid=<gen:1>, path=org.project.neutrino.nfvo.catalogue.mano.descriptor.PhysicalNetworkFunctionDescriptor.pnfd_security)
    - QuerySpaces
       - EntityQuerySpaceImpl(uid=<gen:0>, entity=org.project.neutrino.nfvo.catalogue.mano.descriptor.PhysicalNetworkFunctionDescriptor)
          - SQL table alias mapping - physicalne0_
          - alias suffix - 0_
          - suffixed key columns - {id1_35_0_}

13:23:06.765 [Test worker] DEBUG o.h.loader.entity.plan.EntityLoader - Static select for entity org.project.neutrino.nfvo.catalogue.mano.descriptor.PhysicalNetworkFunctionDescriptor [OPTIMISTIC]: select physicalne0_.id as id1_35_0_, physicalne0_.description as descript2_35_0_, physicalne0_.descriptor_version as descript3_35_0_, physicalne0_.hb_version as hb_versi4_35_0_, physicalne0_.pnfd_security_id as pnfd_sec7_35_0_, physicalne0_.vendor as vendor5_35_0_, physicalne0_.version as version6_35_0_ from physical_network_function_descriptor physicalne0_ where physicalne0_.id=?
13:23:06.765 [Test worker] DEBUG o.h.l.p.b.i.spaces.QuerySpacesImpl - Adding QuerySpace : uid = <gen:0> -> org.hibernate.loader.plan.build.internal.spaces.EntityQuerySpaceImpl@43724854]
13:23:06.765 [Test worker] DEBUG o.h.p.w.spi.MetamodelGraphWalker - Visiting attribute path : connection_point
13:23:06.766 [Test worker] DEBUG o.h.p.w.spi.MetamodelGraphWalker - Visiting attribute path : description
13:23:06.766 [Test worker] DEBUG o.h.p.w.spi.MetamodelGraphWalker - Visiting attribute path : descriptor_version
13:23:06.766 [Test worker] DEBUG o.h.p.w.spi.MetamodelGraphWalker - Visiting attribute path : hb_version
13:23:06.766 [Test worker] DEBUG o.h.p.w.spi.MetamodelGraphWalker - Visiting attribute path : pnfd_security
13:23:06.766 [Test worker] DEBUG o.h.l.p.b.i.spaces.QuerySpacesImpl - Adding QuerySpace : uid = <gen:1> -> org.hibernate.loader.plan.build.internal.spaces.EntityQuerySpaceImpl@22104a3e]
13:23:06.766 [Test worker] DEBUG o.h.p.w.spi.MetamodelGraphWalker - Visiting attribute path : vendor
13:23:06.766 [Test worker] DEBUG o.h.p.w.spi.MetamodelGraphWalker - Visiting attribute path : version
13:23:06.766 [Test worker] DEBUG o.h.l.p.b.i.FetchStyleLoadPlanBuildingAssociationVisitationStrategy - Building LoadPlan...
13:23:06.766 [Test worker] DEBUG o.h.l.p.e.i.LoadQueryJoinAndFetchProcessor - processing queryspace <gen:0>
13:23:06.766 [Test worker] DEBUG o.h.l.p.b.spi.LoadPlanTreePrinter - LoadPlan(entity=org.project.neutrino.nfvo.catalogue.mano.descriptor.PhysicalNetworkFunctionDescriptor)
    - Returns
       - EntityReturnImpl(entity=org.project.neutrino.nfvo.catalogue.mano.descriptor.PhysicalNetworkFunctionDescriptor, querySpaceUid=<gen:0>, path=org.project.neutrino.nfvo.catalogue.mano.descriptor.PhysicalNetworkFunctionDescriptor)
          - EntityAttributeFetchImpl(entity=org.project.neutrino.nfvo.catalogue.mano.common.Security, querySpaceUid=<gen:1>, path=org.project.neutrino.nfvo.catalogue.mano.descriptor.PhysicalNetworkFunctionDescriptor.pnfd_security)
    - QuerySpaces
       - EntityQuerySpaceImpl(uid=<gen:0>, entity=org.project.neutrino.nfvo.catalogue.mano.descriptor.PhysicalNetworkFunctionDescriptor)
          - SQL table alias mapping - physicalne0_
          - alias suffix - 0_
          - suffixed key columns - {id1_35_0_}

13:23:06.766 [Test worker] DEBUG o.h.loader.entity.plan.EntityLoader - Static select for entity org.project.neutrino.nfvo.catalogue.mano.descriptor.PhysicalNetworkFunctionDescriptor [OPTIMISTIC_FORCE_INCREMENT]: select physicalne0_.id as id1_35_0_, physicalne0_.description as descript2_35_0_, physicalne0_.descriptor_version as descript3_35_0_, physicalne0_.hb_version as hb_versi4_35_0_, physicalne0_.pnfd_security_id as pnfd_sec7_35_0_, physicalne0_.vendor as vendor5_35_0_, physicalne0_.version as version6_35_0_ from physical_network_function_descriptor physicalne0_ where physicalne0_.id=?
13:23:06.767 [Test worker] DEBUG org.hibernate.loader.Loader - Static select for action ACTION_MERGE on entity org.project.neutrino.nfvo.catalogue.mano.descriptor.PhysicalNetworkFunctionDescriptor: select physicalne0_.id as id1_35_2_, physicalne0_.description as descript2_35_2_, physicalne0_.descriptor_version as descript3_35_2_, physicalne0_.hb_version as hb_versi4_35_2_, physicalne0_.pnfd_security_id as pnfd_sec7_35_2_, physicalne0_.vendor as vendor5_35_2_, physicalne0_.version as version6_35_2_, connection1_.physical_network_function_descriptor_id as physical1_35_4_, connection2_.id as connecti2_36_4_, connection2_.id as id1_4_0_, connection2_.type as type2_4_0_, connection2_.version as version3_4_0_, connection2_.virtual_link_reference as virtual_1_82_0_, connection2_.clazz_ as clazz_0_, security3_.id as id1_43_1_, security3_.version as version2_43_1_ from physical_network_function_descriptor physicalne0_ left outer join physical_network_function_descriptor_connection_point connection1_ on physicalne0_.id=connection1_.physical_network_function_descriptor_id left outer join ( select id, type, version, null as virtual_link_reference, 0 as clazz_ from connection_point union select id, type, version, virtual_link_reference, 1 as clazz_ from vnfdconnection_point ) connection2_ on connection1_.connection_point_id=connection2_.id left outer join security security3_ on physicalne0_.pnfd_security_id=security3_.id where physicalne0_.id=?
13:23:06.767 [Test worker] DEBUG org.hibernate.loader.Loader - Static select for action ACTION_REFRESH on entity org.project.neutrino.nfvo.catalogue.mano.descriptor.PhysicalNetworkFunctionDescriptor: select physicalne0_.id as id1_35_2_, physicalne0_.description as descript2_35_2_, physicalne0_.descriptor_version as descript3_35_2_, physicalne0_.hb_version as hb_versi4_35_2_, physicalne0_.pnfd_security_id as pnfd_sec7_35_2_, physicalne0_.vendor as vendor5_35_2_, physicalne0_.version as version6_35_2_, connection1_.physical_network_function_descriptor_id as physical1_35_4_, connection2_.id as connecti2_36_4_, connection2_.id as id1_4_0_, connection2_.type as type2_4_0_, connection2_.version as version3_4_0_, connection2_.virtual_link_reference as virtual_1_82_0_, connection2_.clazz_ as clazz_0_, security3_.id as id1_43_1_, security3_.version as version2_43_1_ from physical_network_function_descriptor physicalne0_ left outer join physical_network_function_descriptor_connection_point connection1_ on physicalne0_.id=connection1_.physical_network_function_descriptor_id left outer join ( select id, type, version, null as virtual_link_reference, 0 as clazz_ from connection_point union select id, type, version, virtual_link_reference, 1 as clazz_ from vnfdconnection_point ) connection2_ on connection1_.connection_point_id=connection2_.id left outer join security security3_ on physicalne0_.pnfd_security_id=security3_.id where physicalne0_.id=?
13:23:06.768 [Test worker] DEBUG o.h.p.entity.AbstractEntityPersister - Static SQL for entity: org.project.neutrino.nfvo.catalogue.mano.common.DeploymentFlavour
13:23:06.768 [Test worker] DEBUG o.h.p.entity.AbstractEntityPersister -  Version select: select version from deployment_flavour where id =?
13:23:06.768 [Test worker] DEBUG o.h.p.entity.AbstractEntityPersister -  Snapshot select: select deployment_.id, deployment_.flavour_key as flavour_2_7_, deployment_.version as version3_7_ from ( select id, flavour_key, version, 0 as clazz_ from deployment_flavour union select id, flavour_key, version, 1 as clazz_ from service_deployment_flavour union select id, flavour_key, version, 2 as clazz_ from vnfddeployment_flavour ) deployment_ where deployment_.id=?
13:23:06.768 [Test worker] DEBUG o.h.p.entity.AbstractEntityPersister -  Insert 0: insert into deployment_flavour (flavour_key, version, id) values (?, ?, ?)
13:23:06.768 [Test worker] DEBUG o.h.p.entity.AbstractEntityPersister -  Update 0: update deployment_flavour set flavour_key=?, version=? where id=? and version=?
13:23:06.768 [Test worker] DEBUG o.h.p.entity.AbstractEntityPersister -  Delete 0: delete from deployment_flavour where id=? and version=?
13:23:06.768 [Test worker] DEBUG o.h.l.p.b.i.spaces.QuerySpacesImpl - Adding QuerySpace : uid = <gen:0> -> org.hibernate.loader.plan.build.internal.spaces.EntityQuerySpaceImpl@5b7a3dea]
13:23:06.768 [Test worker] DEBUG o.h.p.w.spi.MetamodelGraphWalker - Visiting attribute path : flavour_key
13:23:06.768 [Test worker] DEBUG o.h.p.w.spi.MetamodelGraphWalker - Visiting attribute path : version
13:23:06.768 [Test worker] DEBUG o.h.p.w.spi.MetamodelGraphWalker - Visiting attribute path : constituent_vnf
13:23:06.768 [Test worker] DEBUG o.h.p.w.spi.MetamodelGraphWalker - Visiting attribute path : costituent_vdu
13:23:06.768 [Test worker] DEBUG o.h.p.w.spi.MetamodelGraphWalker - Visiting attribute path : df_constraint
13:23:06.768 [Test worker] DEBUG o.h.l.p.b.i.spaces.QuerySpacesImpl - Adding QuerySpace : uid = <gen:1> -> org.hibernate.loader.plan.build.internal.spaces.CollectionQuerySpaceImpl@3dbfaf86]
13:23:06.769 [Test worker] DEBUG o.h.l.p.b.i.FetchStyleLoadPlanBuildingAssociationVisitationStrategy - Building LoadPlan...
13:23:06.769 [Test worker] DEBUG o.h.l.p.e.i.LoadQueryJoinAndFetchProcessor - processing queryspace <gen:0>
13:23:06.769 [Test worker] DEBUG o.h.l.p.b.spi.LoadPlanTreePrinter - LoadPlan(entity=org.project.neutrino.nfvo.catalogue.mano.common.DeploymentFlavour)
    - Returns
       - EntityReturnImpl(entity=org.project.neutrino.nfvo.catalogue.mano.common.DeploymentFlavour, querySpaceUid=<gen:0>, path=org.project.neutrino.nfvo.catalogue.mano.common.DeploymentFlavour)
          - CollectionAttributeFetchImpl(collection=org.project.neutrino.nfvo.catalogue.mano.descriptor.VNFDDeploymentFlavour.df_constraint, querySpaceUid=<gen:1>, path=org.project.neutrino.nfvo.catalogue.mano.common.DeploymentFlavour.df_constraint)
    - QuerySpaces
       - EntityQuerySpaceImpl(uid=<gen:0>, entity=org.project.neutrino.nfvo.catalogue.mano.common.DeploymentFlavour)
          - SQL table alias mapping - deployment0_
          - alias suffix - 0_
          - suffixed key columns - {id1_7_0_}
          - JOIN (JoinDefinedByMetadata(df_constraint)) : <gen:0> -> <gen:1>
             - CollectionQuerySpaceImpl(uid=<gen:1>, collection=org.project.neutrino.nfvo.catalogue.mano.descriptor.VNFDDeploymentFlavour.df_constraint)
                - SQL table alias mapping - df_constra1_
                - alias suffix - 1_
                - suffixed key columns - {vnfddepl1_7_1_}

13:23:06.769 [Test worker] DEBUG o.h.loader.entity.plan.EntityLoader - Static select for entity org.project.neutrino.nfvo.catalogue.mano.common.DeploymentFlavour [NONE]: select deployment0_.id as id1_7_0_, deployment0_.flavour_key as flavour_2_7_0_, deployment0_.version as version3_7_0_, deployment0_.clazz_ as clazz_0_, df_constra1_.vnfddeployment_flavour_id as vnfddepl1_7_1_, df_constra1_.df_constraint as df_const2_85_1_ from ( select id, flavour_key, version, 0 as clazz_ from deployment_flavour union select id, flavour_key, version, 1 as clazz_ from service_deployment_flavour union select id, flavour_key, version, 2 as clazz_ from vnfddeployment_flavour ) deployment0_ left outer join vnfddeployment_flavour_df_constraint df_constra1_ on deployment0_.id=df_constra1_.vnfddeployment_flavour_id where deployment0_.id=?
13:23:06.769 [Test worker] DEBUG o.h.l.p.b.i.spaces.QuerySpacesImpl - Adding QuerySpace : uid = <gen:0> -> org.hibernate.loader.plan.build.internal.spaces.EntityQuerySpaceImpl@315be7ff]
13:23:06.769 [Test worker] DEBUG o.h.p.w.spi.MetamodelGraphWalker - Visiting attribute path : flavour_key
13:23:06.769 [Test worker] DEBUG o.h.p.w.spi.MetamodelGraphWalker - Visiting attribute path : version
13:23:06.769 [Test worker] DEBUG o.h.p.w.spi.MetamodelGraphWalker - Visiting attribute path : constituent_vnf
13:23:06.770 [Test worker] DEBUG o.h.p.w.spi.MetamodelGraphWalker - Visiting attribute path : costituent_vdu
13:23:06.770 [Test worker] DEBUG o.h.p.w.spi.MetamodelGraphWalker - Visiting attribute path : df_constraint
13:23:06.770 [Test worker] DEBUG o.h.l.p.b.i.spaces.QuerySpacesImpl - Adding QuerySpace : uid = <gen:1> -> org.hibernate.loader.plan.build.internal.spaces.CollectionQuerySpaceImpl@2fbd4671]
13:23:06.770 [Test worker] DEBUG o.h.l.p.b.i.FetchStyleLoadPlanBuildingAssociationVisitationStrategy - Building LoadPlan...
13:23:06.770 [Test worker] DEBUG o.h.l.p.e.i.LoadQueryJoinAndFetchProcessor - processing queryspace <gen:0>
13:23:06.771 [Test worker] DEBUG o.h.l.p.b.spi.LoadPlanTreePrinter - LoadPlan(entity=org.project.neutrino.nfvo.catalogue.mano.common.DeploymentFlavour)
    - Returns
       - EntityReturnImpl(entity=org.project.neutrino.nfvo.catalogue.mano.common.DeploymentFlavour, querySpaceUid=<gen:0>, path=org.project.neutrino.nfvo.catalogue.mano.common.DeploymentFlavour)
          - CollectionAttributeFetchImpl(collection=org.project.neutrino.nfvo.catalogue.mano.descriptor.VNFDDeploymentFlavour.df_constraint, querySpaceUid=<gen:1>, path=org.project.neutrino.nfvo.catalogue.mano.common.DeploymentFlavour.df_constraint)
    - QuerySpaces
       - EntityQuerySpaceImpl(uid=<gen:0>, entity=org.project.neutrino.nfvo.catalogue.mano.common.DeploymentFlavour)
          - SQL table alias mapping - deployment0_
          - alias suffix - 0_
          - suffixed key columns - {id1_7_0_}
          - JOIN (JoinDefinedByMetadata(df_constraint)) : <gen:0> -> <gen:1>
             - CollectionQuerySpaceImpl(uid=<gen:1>, collection=org.project.neutrino.nfvo.catalogue.mano.descriptor.VNFDDeploymentFlavour.df_constraint)
                - SQL table alias mapping - df_constra1_
                - alias suffix - 1_
                - suffixed key columns - {vnfddepl1_7_1_}

13:23:06.771 [Test worker] DEBUG o.h.loader.entity.plan.EntityLoader - Static select for entity org.project.neutrino.nfvo.catalogue.mano.common.DeploymentFlavour [READ]: select deployment0_.id as id1_7_0_, deployment0_.flavour_key as flavour_2_7_0_, deployment0_.version as version3_7_0_, deployment0_.clazz_ as clazz_0_, df_constra1_.vnfddeployment_flavour_id as vnfddepl1_7_1_, df_constra1_.df_constraint as df_const2_85_1_ from ( select id, flavour_key, version, 0 as clazz_ from deployment_flavour union select id, flavour_key, version, 1 as clazz_ from service_deployment_flavour union select id, flavour_key, version, 2 as clazz_ from vnfddeployment_flavour ) deployment0_ left outer join vnfddeployment_flavour_df_constraint df_constra1_ on deployment0_.id=df_constra1_.vnfddeployment_flavour_id where deployment0_.id=?
13:23:06.771 [Test worker] DEBUG o.h.l.p.b.i.spaces.QuerySpacesImpl - Adding QuerySpace : uid = <gen:0> -> org.hibernate.loader.plan.build.internal.spaces.EntityQuerySpaceImpl@4be2799c]
13:23:06.771 [Test worker] DEBUG o.h.p.w.spi.MetamodelGraphWalker - Visiting attribute path : flavour_key
13:23:06.771 [Test worker] DEBUG o.h.p.w.spi.MetamodelGraphWalker - Visiting attribute path : version
13:23:06.771 [Test worker] DEBUG o.h.p.w.spi.MetamodelGraphWalker - Visiting attribute path : constituent_vnf
13:23:06.771 [Test worker] DEBUG o.h.p.w.spi.MetamodelGraphWalker - Visiting attribute path : costituent_vdu
13:23:06.772 [Test worker] DEBUG o.h.p.w.spi.MetamodelGraphWalker - Visiting attribute path : df_constraint
13:23:06.772 [Test worker] DEBUG o.h.l.p.b.i.spaces.QuerySpacesImpl - Adding QuerySpace : uid = <gen:1> -> org.hibernate.loader.plan.build.internal.spaces.CollectionQuerySpaceImpl@322524a4]
13:23:06.772 [Test worker] DEBUG o.h.l.p.b.i.FetchStyleLoadPlanBuildingAssociationVisitationStrategy - Building LoadPlan...
13:23:06.772 [Test worker] DEBUG o.h.l.p.e.i.LoadQueryJoinAndFetchProcessor - processing queryspace <gen:0>
13:23:06.772 [Test worker] DEBUG o.h.l.p.b.spi.LoadPlanTreePrinter - LoadPlan(entity=org.project.neutrino.nfvo.catalogue.mano.common.DeploymentFlavour)
    - Returns
       - EntityReturnImpl(entity=org.project.neutrino.nfvo.catalogue.mano.common.DeploymentFlavour, querySpaceUid=<gen:0>, path=org.project.neutrino.nfvo.catalogue.mano.common.DeploymentFlavour)
          - CollectionAttributeFetchImpl(collection=org.project.neutrino.nfvo.catalogue.mano.descriptor.VNFDDeploymentFlavour.df_constraint, querySpaceUid=<gen:1>, path=org.project.neutrino.nfvo.catalogue.mano.common.DeploymentFlavour.df_constraint)
    - QuerySpaces
       - EntityQuerySpaceImpl(uid=<gen:0>, entity=org.project.neutrino.nfvo.catalogue.mano.common.DeploymentFlavour)
          - SQL table alias mapping - deployment0_
          - alias suffix - 0_
          - suffixed key columns - {id1_7_0_}

13:23:06.772 [Test worker] DEBUG o.h.loader.entity.plan.EntityLoader - Static select for entity org.project.neutrino.nfvo.catalogue.mano.common.DeploymentFlavour [UPGRADE]: select deployment0_.id as id1_7_0_, deployment0_.flavour_key as flavour_2_7_0_, deployment0_.version as version3_7_0_, deployment0_.clazz_ as clazz_0_ from ( select id, flavour_key, version, 0 as clazz_ from deployment_flavour union select id, flavour_key, version, 1 as clazz_ from service_deployment_flavour union select id, flavour_key, version, 2 as clazz_ from vnfddeployment_flavour ) deployment0_ where deployment0_.id=? for update
13:23:06.773 [Test worker] DEBUG o.h.l.p.b.i.spaces.QuerySpacesImpl - Adding QuerySpace : uid = <gen:0> -> org.hibernate.loader.plan.build.internal.spaces.EntityQuerySpaceImpl@2488a4b4]
13:23:06.773 [Test worker] DEBUG o.h.p.w.spi.MetamodelGraphWalker - Visiting attribute path : flavour_key
13:23:06.773 [Test worker] DEBUG o.h.p.w.spi.MetamodelGraphWalker - Visiting attribute path : version
13:23:06.773 [Test worker] DEBUG o.h.p.w.spi.MetamodelGraphWalker - Visiting attribute path : constituent_vnf
13:23:06.773 [Test worker] DEBUG o.h.p.w.spi.MetamodelGraphWalker - Visiting attribute path : costituent_vdu
13:23:06.774 [Test worker] DEBUG o.h.p.w.spi.MetamodelGraphWalker - Visiting attribute path : df_constraint
13:23:06.774 [Test worker] DEBUG o.h.l.p.b.i.spaces.QuerySpacesImpl - Adding QuerySpace : uid = <gen:1> -> org.hibernate.loader.plan.build.internal.spaces.CollectionQuerySpaceImpl@4d3a0f50]
13:23:06.774 [Test worker] DEBUG o.h.l.p.b.i.FetchStyleLoadPlanBuildingAssociationVisitationStrategy - Building LoadPlan...
13:23:06.774 [Test worker] DEBUG o.h.l.p.e.i.LoadQueryJoinAndFetchProcessor - processing queryspace <gen:0>
13:23:06.774 [Test worker] DEBUG o.h.l.p.b.spi.LoadPlanTreePrinter - LoadPlan(entity=org.project.neutrino.nfvo.catalogue.mano.common.DeploymentFlavour)
    - Returns
       - EntityReturnImpl(entity=org.project.neutrino.nfvo.catalogue.mano.common.DeploymentFlavour, querySpaceUid=<gen:0>, path=org.project.neutrino.nfvo.catalogue.mano.common.DeploymentFlavour)
          - CollectionAttributeFetchImpl(collection=org.project.neutrino.nfvo.catalogue.mano.descriptor.VNFDDeploymentFlavour.df_constraint, querySpaceUid=<gen:1>, path=org.project.neutrino.nfvo.catalogue.mano.common.DeploymentFlavour.df_constraint)
    - QuerySpaces
       - EntityQuerySpaceImpl(uid=<gen:0>, entity=org.project.neutrino.nfvo.catalogue.mano.common.DeploymentFlavour)
          - SQL table alias mapping - deployment0_
          - alias suffix - 0_
          - suffixed key columns - {id1_7_0_}

13:23:06.774 [Test worker] DEBUG o.h.loader.entity.plan.EntityLoader - Static select for entity org.project.neutrino.nfvo.catalogue.mano.common.DeploymentFlavour [UPGRADE_NOWAIT]: select deployment0_.id as id1_7_0_, deployment0_.flavour_key as flavour_2_7_0_, deployment0_.version as version3_7_0_, deployment0_.clazz_ as clazz_0_ from ( select id, flavour_key, version, 0 as clazz_ from deployment_flavour union select id, flavour_key, version, 1 as clazz_ from service_deployment_flavour union select id, flavour_key, version, 2 as clazz_ from vnfddeployment_flavour ) deployment0_ where deployment0_.id=? for update
13:23:06.775 [Test worker] DEBUG o.h.l.p.b.i.spaces.QuerySpacesImpl - Adding QuerySpace : uid = <gen:0> -> org.hibernate.loader.plan.build.internal.spaces.EntityQuerySpaceImpl@1ec374cc]
13:23:06.775 [Test worker] DEBUG o.h.p.w.spi.MetamodelGraphWalker - Visiting attribute path : flavour_key
13:23:06.775 [Test worker] DEBUG o.h.p.w.spi.MetamodelGraphWalker - Visiting attribute path : version
13:23:06.775 [Test worker] DEBUG o.h.p.w.spi.MetamodelGraphWalker - Visiting attribute path : constituent_vnf
13:23:06.776 [Test worker] DEBUG o.h.p.w.spi.MetamodelGraphWalker - Visiting attribute path : costituent_vdu
13:23:06.776 [Test worker] DEBUG o.h.p.w.spi.MetamodelGraphWalker - Visiting attribute path : df_constraint
13:23:06.776 [Test worker] DEBUG o.h.l.p.b.i.spaces.QuerySpacesImpl - Adding QuerySpace : uid = <gen:1> -> org.hibernate.loader.plan.build.internal.spaces.CollectionQuerySpaceImpl@250b1797]
13:23:06.776 [Test worker] DEBUG o.h.l.p.b.i.FetchStyleLoadPlanBuildingAssociationVisitationStrategy - Building LoadPlan...
13:23:06.776 [Test worker] DEBUG o.h.l.p.e.i.LoadQueryJoinAndFetchProcessor - processing queryspace <gen:0>
13:23:06.776 [Test worker] DEBUG o.h.l.p.b.spi.LoadPlanTreePrinter - LoadPlan(entity=org.project.neutrino.nfvo.catalogue.mano.common.DeploymentFlavour)
    - Returns
       - EntityReturnImpl(entity=org.project.neutrino.nfvo.catalogue.mano.common.DeploymentFlavour, querySpaceUid=<gen:0>, path=org.project.neutrino.nfvo.catalogue.mano.common.DeploymentFlavour)
          - CollectionAttributeFetchImpl(collection=org.project.neutrino.nfvo.catalogue.mano.descriptor.VNFDDeploymentFlavour.df_constraint, querySpaceUid=<gen:1>, path=org.project.neutrino.nfvo.catalogue.mano.common.DeploymentFlavour.df_constraint)
    - QuerySpaces
       - EntityQuerySpaceImpl(uid=<gen:0>, entity=org.project.neutrino.nfvo.catalogue.mano.common.DeploymentFlavour)
          - SQL table alias mapping - deployment0_
          - alias suffix - 0_
          - suffixed key columns - {id1_7_0_}

13:23:06.776 [Test worker] DEBUG o.h.loader.entity.plan.EntityLoader - Static select for entity org.project.neutrino.nfvo.catalogue.mano.common.DeploymentFlavour [UPGRADE_SKIPLOCKED]: select deployment0_.id as id1_7_0_, deployment0_.flavour_key as flavour_2_7_0_, deployment0_.version as version3_7_0_, deployment0_.clazz_ as clazz_0_ from ( select id, flavour_key, version, 0 as clazz_ from deployment_flavour union select id, flavour_key, version, 1 as clazz_ from service_deployment_flavour union select id, flavour_key, version, 2 as clazz_ from vnfddeployment_flavour ) deployment0_ where deployment0_.id=? for update
13:23:06.777 [Test worker] DEBUG o.h.l.p.b.i.spaces.QuerySpacesImpl - Adding QuerySpace : uid = <gen:0> -> org.hibernate.loader.plan.build.internal.spaces.EntityQuerySpaceImpl@7b39cd80]
13:23:06.777 [Test worker] DEBUG o.h.p.w.spi.MetamodelGraphWalker - Visiting attribute path : flavour_key
13:23:06.777 [Test worker] DEBUG o.h.p.w.spi.MetamodelGraphWalker - Visiting attribute path : version
13:23:06.777 [Test worker] DEBUG o.h.p.w.spi.MetamodelGraphWalker - Visiting attribute path : constituent_vnf
13:23:06.777 [Test worker] DEBUG o.h.p.w.spi.MetamodelGraphWalker - Visiting attribute path : costituent_vdu
13:23:06.777 [Test worker] DEBUG o.h.p.w.spi.MetamodelGraphWalker - Visiting attribute path : df_constraint
13:23:06.777 [Test worker] DEBUG o.h.l.p.b.i.spaces.QuerySpacesImpl - Adding QuerySpace : uid = <gen:1> -> org.hibernate.loader.plan.build.internal.spaces.CollectionQuerySpaceImpl@732eec91]
13:23:06.777 [Test worker] DEBUG o.h.l.p.b.i.FetchStyleLoadPlanBuildingAssociationVisitationStrategy - Building LoadPlan...
13:23:06.777 [Test worker] DEBUG o.h.l.p.e.i.LoadQueryJoinAndFetchProcessor - processing queryspace <gen:0>
13:23:06.778 [Test worker] DEBUG o.h.l.p.b.spi.LoadPlanTreePrinter - LoadPlan(entity=org.project.neutrino.nfvo.catalogue.mano.common.DeploymentFlavour)
    - Returns
       - EntityReturnImpl(entity=org.project.neutrino.nfvo.catalogue.mano.common.DeploymentFlavour, querySpaceUid=<gen:0>, path=org.project.neutrino.nfvo.catalogue.mano.common.DeploymentFlavour)
          - CollectionAttributeFetchImpl(collection=org.project.neutrino.nfvo.catalogue.mano.descriptor.VNFDDeploymentFlavour.df_constraint, querySpaceUid=<gen:1>, path=org.project.neutrino.nfvo.catalogue.mano.common.DeploymentFlavour.df_constraint)
    - QuerySpaces
       - EntityQuerySpaceImpl(uid=<gen:0>, entity=org.project.neutrino.nfvo.catalogue.mano.common.DeploymentFlavour)
          - SQL table alias mapping - deployment0_
          - alias suffix - 0_
          - suffixed key columns - {id1_7_0_}

13:23:06.778 [Test worker] DEBUG o.h.loader.entity.plan.EntityLoader - Static select for entity org.project.neutrino.nfvo.catalogue.mano.common.DeploymentFlavour [FORCE]: select deployment0_.id as id1_7_0_, deployment0_.flavour_key as flavour_2_7_0_, deployment0_.version as version3_7_0_, deployment0_.clazz_ as clazz_0_ from ( select id, flavour_key, version, 0 as clazz_ from deployment_flavour union select id, flavour_key, version, 1 as clazz_ from service_deployment_flavour union select id, flavour_key, version, 2 as clazz_ from vnfddeployment_flavour ) deployment0_ where deployment0_.id=? for update
13:23:06.778 [Test worker] DEBUG o.h.l.p.b.i.spaces.QuerySpacesImpl - Adding QuerySpace : uid = <gen:0> -> org.hibernate.loader.plan.build.internal.spaces.EntityQuerySpaceImpl@dad5eab]
13:23:06.778 [Test worker] DEBUG o.h.p.w.spi.MetamodelGraphWalker - Visiting attribute path : flavour_key
13:23:06.778 [Test worker] DEBUG o.h.p.w.spi.MetamodelGraphWalker - Visiting attribute path : version
13:23:06.778 [Test worker] DEBUG o.h.p.w.spi.MetamodelGraphWalker - Visiting attribute path : constituent_vnf
13:23:06.778 [Test worker] DEBUG o.h.p.w.spi.MetamodelGraphWalker - Visiting attribute path : costituent_vdu
13:23:06.778 [Test worker] DEBUG o.h.p.w.spi.MetamodelGraphWalker - Visiting attribute path : df_constraint
13:23:06.778 [Test worker] DEBUG o.h.l.p.b.i.spaces.QuerySpacesImpl - Adding QuerySpace : uid = <gen:1> -> org.hibernate.loader.plan.build.internal.spaces.CollectionQuerySpaceImpl@7c676cf6]
13:23:06.779 [Test worker] DEBUG o.h.l.p.b.i.FetchStyleLoadPlanBuildingAssociationVisitationStrategy - Building LoadPlan...
13:23:06.779 [Test worker] DEBUG o.h.l.p.e.i.LoadQueryJoinAndFetchProcessor - processing queryspace <gen:0>
13:23:06.796 [Test worker] DEBUG o.h.l.p.b.spi.LoadPlanTreePrinter - LoadPlan(entity=org.project.neutrino.nfvo.catalogue.mano.common.DeploymentFlavour)
    - Returns
       - EntityReturnImpl(entity=org.project.neutrino.nfvo.catalogue.mano.common.DeploymentFlavour, querySpaceUid=<gen:0>, path=org.project.neutrino.nfvo.catalogue.mano.common.DeploymentFlavour)
          - CollectionAttributeFetchImpl(collection=org.project.neutrino.nfvo.catalogue.mano.descriptor.VNFDDeploymentFlavour.df_constraint, querySpaceUid=<gen:1>, path=org.project.neutrino.nfvo.catalogue.mano.common.DeploymentFlavour.df_constraint)
    - QuerySpaces
       - EntityQuerySpaceImpl(uid=<gen:0>, entity=org.project.neutrino.nfvo.catalogue.mano.common.DeploymentFlavour)
          - SQL table alias mapping - deployment0_
          - alias suffix - 0_
          - suffixed key columns - {id1_7_0_}

13:23:06.798 [Test worker] DEBUG o.h.loader.entity.plan.EntityLoader - Static select for entity org.project.neutrino.nfvo.catalogue.mano.common.DeploymentFlavour [PESSIMISTIC_READ]: select deployment0_.id as id1_7_0_, deployment0_.flavour_key as flavour_2_7_0_, deployment0_.version as version3_7_0_, deployment0_.clazz_ as clazz_0_ from ( select id, flavour_key, version, 0 as clazz_ from deployment_flavour union select id, flavour_key, version, 1 as clazz_ from service_deployment_flavour union select id, flavour_key, version, 2 as clazz_ from vnfddeployment_flavour ) deployment0_ where deployment0_.id=? lock in share mode
13:23:06.798 [Test worker] DEBUG o.h.l.p.b.i.spaces.QuerySpacesImpl - Adding QuerySpace : uid = <gen:0> -> org.hibernate.loader.plan.build.internal.spaces.EntityQuerySpaceImpl@68d50d2f]
13:23:06.799 [Test worker] DEBUG o.h.p.w.spi.MetamodelGraphWalker - Visiting attribute path : flavour_key
13:23:06.799 [Test worker] DEBUG o.h.p.w.spi.MetamodelGraphWalker - Visiting attribute path : version
13:23:06.799 [Test worker] DEBUG o.h.p.w.spi.MetamodelGraphWalker - Visiting attribute path : constituent_vnf
13:23:06.799 [Test worker] DEBUG o.h.p.w.spi.MetamodelGraphWalker - Visiting attribute path : costituent_vdu
13:23:06.799 [Test worker] DEBUG o.h.p.w.spi.MetamodelGraphWalker - Visiting attribute path : df_constraint
13:23:06.799 [Test worker] DEBUG o.h.l.p.b.i.spaces.QuerySpacesImpl - Adding QuerySpace : uid = <gen:1> -> org.hibernate.loader.plan.build.internal.spaces.CollectionQuerySpaceImpl@78a2255c]
13:23:06.799 [Test worker] DEBUG o.h.l.p.b.i.FetchStyleLoadPlanBuildingAssociationVisitationStrategy - Building LoadPlan...
13:23:06.799 [Test worker] DEBUG o.h.l.p.e.i.LoadQueryJoinAndFetchProcessor - processing queryspace <gen:0>
13:23:06.800 [Test worker] DEBUG o.h.l.p.b.spi.LoadPlanTreePrinter - LoadPlan(entity=org.project.neutrino.nfvo.catalogue.mano.common.DeploymentFlavour)
    - Returns
       - EntityReturnImpl(entity=org.project.neutrino.nfvo.catalogue.mano.common.DeploymentFlavour, querySpaceUid=<gen:0>, path=org.project.neutrino.nfvo.catalogue.mano.common.DeploymentFlavour)
          - CollectionAttributeFetchImpl(collection=org.project.neutrino.nfvo.catalogue.mano.descriptor.VNFDDeploymentFlavour.df_constraint, querySpaceUid=<gen:1>, path=org.project.neutrino.nfvo.catalogue.mano.common.DeploymentFlavour.df_constraint)
    - QuerySpaces
       - EntityQuerySpaceImpl(uid=<gen:0>, entity=org.project.neutrino.nfvo.catalogue.mano.common.DeploymentFlavour)
          - SQL table alias mapping - deployment0_
          - alias suffix - 0_
          - suffixed key columns - {id1_7_0_}

13:23:06.800 [Test worker] DEBUG o.h.loader.entity.plan.EntityLoader - Static select for entity org.project.neutrino.nfvo.catalogue.mano.common.DeploymentFlavour [PESSIMISTIC_WRITE]: select deployment0_.id as id1_7_0_, deployment0_.flavour_key as flavour_2_7_0_, deployment0_.version as version3_7_0_, deployment0_.clazz_ as clazz_0_ from ( select id, flavour_key, version, 0 as clazz_ from deployment_flavour union select id, flavour_key, version, 1 as clazz_ from service_deployment_flavour union select id, flavour_key, version, 2 as clazz_ from vnfddeployment_flavour ) deployment0_ where deployment0_.id=? for update
13:23:06.800 [Test worker] DEBUG o.h.l.p.b.i.spaces.QuerySpacesImpl - Adding QuerySpace : uid = <gen:0> -> org.hibernate.loader.plan.build.internal.spaces.EntityQuerySpaceImpl@5d42f8e3]
13:23:06.800 [Test worker] DEBUG o.h.p.w.spi.MetamodelGraphWalker - Visiting attribute path : flavour_key
13:23:06.800 [Test worker] DEBUG o.h.p.w.spi.MetamodelGraphWalker - Visiting attribute path : version
13:23:06.801 [Test worker] DEBUG o.h.p.w.spi.MetamodelGraphWalker - Visiting attribute path : constituent_vnf
13:23:06.801 [Test worker] DEBUG o.h.p.w.spi.MetamodelGraphWalker - Visiting attribute path : costituent_vdu
13:23:06.801 [Test worker] DEBUG o.h.p.w.spi.MetamodelGraphWalker - Visiting attribute path : df_constraint
13:23:06.801 [Test worker] DEBUG o.h.l.p.b.i.spaces.QuerySpacesImpl - Adding QuerySpace : uid = <gen:1> -> org.hibernate.loader.plan.build.internal.spaces.CollectionQuerySpaceImpl@427631b9]
13:23:06.801 [Test worker] DEBUG o.h.l.p.b.i.FetchStyleLoadPlanBuildingAssociationVisitationStrategy - Building LoadPlan...
13:23:06.801 [Test worker] DEBUG o.h.l.p.e.i.LoadQueryJoinAndFetchProcessor - processing queryspace <gen:0>
13:23:06.802 [Test worker] DEBUG o.h.l.p.b.spi.LoadPlanTreePrinter - LoadPlan(entity=org.project.neutrino.nfvo.catalogue.mano.common.DeploymentFlavour)
    - Returns
       - EntityReturnImpl(entity=org.project.neutrino.nfvo.catalogue.mano.common.DeploymentFlavour, querySpaceUid=<gen:0>, path=org.project.neutrino.nfvo.catalogue.mano.common.DeploymentFlavour)
          - CollectionAttributeFetchImpl(collection=org.project.neutrino.nfvo.catalogue.mano.descriptor.VNFDDeploymentFlavour.df_constraint, querySpaceUid=<gen:1>, path=org.project.neutrino.nfvo.catalogue.mano.common.DeploymentFlavour.df_constraint)
    - QuerySpaces
       - EntityQuerySpaceImpl(uid=<gen:0>, entity=org.project.neutrino.nfvo.catalogue.mano.common.DeploymentFlavour)
          - SQL table alias mapping - deployment0_
          - alias suffix - 0_
          - suffixed key columns - {id1_7_0_}

13:23:06.802 [Test worker] DEBUG o.h.loader.entity.plan.EntityLoader - Static select for entity org.project.neutrino.nfvo.catalogue.mano.common.DeploymentFlavour [PESSIMISTIC_FORCE_INCREMENT]: select deployment0_.id as id1_7_0_, deployment0_.flavour_key as flavour_2_7_0_, deployment0_.version as version3_7_0_, deployment0_.clazz_ as clazz_0_ from ( select id, flavour_key, version, 0 as clazz_ from deployment_flavour union select id, flavour_key, version, 1 as clazz_ from service_deployment_flavour union select id, flavour_key, version, 2 as clazz_ from vnfddeployment_flavour ) deployment0_ where deployment0_.id=? for update
13:23:06.802 [Test worker] DEBUG o.h.l.p.b.i.spaces.QuerySpacesImpl - Adding QuerySpace : uid = <gen:0> -> org.hibernate.loader.plan.build.internal.spaces.EntityQuerySpaceImpl@5dba8ac5]
13:23:06.802 [Test worker] DEBUG o.h.p.w.spi.MetamodelGraphWalker - Visiting attribute path : flavour_key
13:23:06.802 [Test worker] DEBUG o.h.p.w.spi.MetamodelGraphWalker - Visiting attribute path : version
13:23:06.802 [Test worker] DEBUG o.h.p.w.spi.MetamodelGraphWalker - Visiting attribute path : constituent_vnf
13:23:06.802 [Test worker] DEBUG o.h.p.w.spi.MetamodelGraphWalker - Visiting attribute path : costituent_vdu
13:23:06.803 [Test worker] DEBUG o.h.p.w.spi.MetamodelGraphWalker - Visiting attribute path : df_constraint
13:23:06.803 [Test worker] DEBUG o.h.l.p.b.i.spaces.QuerySpacesImpl - Adding QuerySpace : uid = <gen:1> -> org.hibernate.loader.plan.build.internal.spaces.CollectionQuerySpaceImpl@5d0f75d6]
13:23:06.803 [Test worker] DEBUG o.h.l.p.b.i.FetchStyleLoadPlanBuildingAssociationVisitationStrategy - Building LoadPlan...
13:23:06.803 [Test worker] DEBUG o.h.l.p.e.i.LoadQueryJoinAndFetchProcessor - processing queryspace <gen:0>
13:23:06.803 [Test worker] DEBUG o.h.l.p.b.spi.LoadPlanTreePrinter - LoadPlan(entity=org.project.neutrino.nfvo.catalogue.mano.common.DeploymentFlavour)
    - Returns
       - EntityReturnImpl(entity=org.project.neutrino.nfvo.catalogue.mano.common.DeploymentFlavour, querySpaceUid=<gen:0>, path=org.project.neutrino.nfvo.catalogue.mano.common.DeploymentFlavour)
          - CollectionAttributeFetchImpl(collection=org.project.neutrino.nfvo.catalogue.mano.descriptor.VNFDDeploymentFlavour.df_constraint, querySpaceUid=<gen:1>, path=org.project.neutrino.nfvo.catalogue.mano.common.DeploymentFlavour.df_constraint)
    - QuerySpaces
       - EntityQuerySpaceImpl(uid=<gen:0>, entity=org.project.neutrino.nfvo.catalogue.mano.common.DeploymentFlavour)
          - SQL table alias mapping - deployment0_
          - alias suffix - 0_
          - suffixed key columns - {id1_7_0_}

13:23:06.803 [Test worker] DEBUG o.h.loader.entity.plan.EntityLoader - Static select for entity org.project.neutrino.nfvo.catalogue.mano.common.DeploymentFlavour [OPTIMISTIC]: select deployment0_.id as id1_7_0_, deployment0_.flavour_key as flavour_2_7_0_, deployment0_.version as version3_7_0_, deployment0_.clazz_ as clazz_0_ from ( select id, flavour_key, version, 0 as clazz_ from deployment_flavour union select id, flavour_key, version, 1 as clazz_ from service_deployment_flavour union select id, flavour_key, version, 2 as clazz_ from vnfddeployment_flavour ) deployment0_ where deployment0_.id=?
13:23:06.804 [Test worker] DEBUG o.h.l.p.b.i.spaces.QuerySpacesImpl - Adding QuerySpace : uid = <gen:0> -> org.hibernate.loader.plan.build.internal.spaces.EntityQuerySpaceImpl@22016455]
13:23:06.804 [Test worker] DEBUG o.h.p.w.spi.MetamodelGraphWalker - Visiting attribute path : flavour_key
13:23:06.804 [Test worker] DEBUG o.h.p.w.spi.MetamodelGraphWalker - Visiting attribute path : version
13:23:06.804 [Test worker] DEBUG o.h.p.w.spi.MetamodelGraphWalker - Visiting attribute path : constituent_vnf
13:23:06.805 [Test worker] DEBUG o.h.p.w.spi.MetamodelGraphWalker - Visiting attribute path : costituent_vdu
13:23:06.806 [Test worker] DEBUG o.h.p.w.spi.MetamodelGraphWalker - Visiting attribute path : df_constraint
13:23:06.806 [Test worker] DEBUG o.h.l.p.b.i.spaces.QuerySpacesImpl - Adding QuerySpace : uid = <gen:1> -> org.hibernate.loader.plan.build.internal.spaces.CollectionQuerySpaceImpl@791cc8c]
13:23:06.806 [Test worker] DEBUG o.h.l.p.b.i.FetchStyleLoadPlanBuildingAssociationVisitationStrategy - Building LoadPlan...
13:23:06.807 [Test worker] DEBUG o.h.l.p.e.i.LoadQueryJoinAndFetchProcessor - processing queryspace <gen:0>
13:23:06.807 [Test worker] DEBUG o.h.l.p.b.spi.LoadPlanTreePrinter - LoadPlan(entity=org.project.neutrino.nfvo.catalogue.mano.common.DeploymentFlavour)
    - Returns
       - EntityReturnImpl(entity=org.project.neutrino.nfvo.catalogue.mano.common.DeploymentFlavour, querySpaceUid=<gen:0>, path=org.project.neutrino.nfvo.catalogue.mano.common.DeploymentFlavour)
          - CollectionAttributeFetchImpl(collection=org.project.neutrino.nfvo.catalogue.mano.descriptor.VNFDDeploymentFlavour.df_constraint, querySpaceUid=<gen:1>, path=org.project.neutrino.nfvo.catalogue.mano.common.DeploymentFlavour.df_constraint)
    - QuerySpaces
       - EntityQuerySpaceImpl(uid=<gen:0>, entity=org.project.neutrino.nfvo.catalogue.mano.common.DeploymentFlavour)
          - SQL table alias mapping - deployment0_
          - alias suffix - 0_
          - suffixed key columns - {id1_7_0_}

13:23:06.807 [Test worker] DEBUG o.h.loader.entity.plan.EntityLoader - Static select for entity org.project.neutrino.nfvo.catalogue.mano.common.DeploymentFlavour [OPTIMISTIC_FORCE_INCREMENT]: select deployment0_.id as id1_7_0_, deployment0_.flavour_key as flavour_2_7_0_, deployment0_.version as version3_7_0_, deployment0_.clazz_ as clazz_0_ from ( select id, flavour_key, version, 0 as clazz_ from deployment_flavour union select id, flavour_key, version, 1 as clazz_ from service_deployment_flavour union select id, flavour_key, version, 2 as clazz_ from vnfddeployment_flavour ) deployment0_ where deployment0_.id=?
13:23:06.808 [Test worker] DEBUG org.hibernate.loader.Loader - Static select for action ACTION_MERGE on entity org.project.neutrino.nfvo.catalogue.mano.common.DeploymentFlavour: select deployment0_.id as id1_7_1_, deployment0_.flavour_key as flavour_2_7_1_, deployment0_.version as version3_7_1_, deployment0_.clazz_ as clazz_1_, constituen1_.service_deployment_flavour_id as service_1_7_3_, costituent2_.id as constitu2_45_3_, costituent2_.id as id1_6_0_, costituent2_.affinity as affinity2_6_0_, costituent2_.capability as capabili3_6_0_, costituent2_.number_of_instances as number_o4_6_0_, costituent2_.redundancy_model as redundan5_6_0_, costituent2_.version as version6_6_0_, costituent2_.vnf_flavour_id_reference as vnf_flav7_6_0_, costituent2_.vnf_reference as vnf_refe8_6_0_ from ( select id, flavour_key, version, 0 as clazz_ from deployment_flavour union select id, flavour_key, version, 1 as clazz_ from service_deployment_flavour union select id, flavour_key, version, 2 as clazz_ from vnfddeployment_flavour ) deployment0_ left outer join service_deployment_flavour_constituent_vnf constituen1_ on deployment0_.id=constituen1_.service_deployment_flavour_id left outer join costituentvnf costituent2_ on constituen1_.constituent_vnf_id=costituent2_.id where deployment0_.id=?
13:23:06.808 [Test worker] DEBUG org.hibernate.loader.Loader - Static select for action ACTION_REFRESH on entity org.project.neutrino.nfvo.catalogue.mano.common.DeploymentFlavour: select deployment0_.id as id1_7_1_, deployment0_.flavour_key as flavour_2_7_1_, deployment0_.version as version3_7_1_, deployment0_.clazz_ as clazz_1_, constituen1_.service_deployment_flavour_id as service_1_7_3_, costituent2_.id as constitu2_45_3_, costituent2_.id as id1_6_0_, costituent2_.affinity as affinity2_6_0_, costituent2_.capability as capabili3_6_0_, costituent2_.number_of_instances as number_o4_6_0_, costituent2_.redundancy_model as redundan5_6_0_, costituent2_.version as version6_6_0_, costituent2_.vnf_flavour_id_reference as vnf_flav7_6_0_, costituent2_.vnf_reference as vnf_refe8_6_0_ from ( select id, flavour_key, version, 0 as clazz_ from deployment_flavour union select id, flavour_key, version, 1 as clazz_ from service_deployment_flavour union select id, flavour_key, version, 2 as clazz_ from vnfddeployment_flavour ) deployment0_ left outer join service_deployment_flavour_constituent_vnf constituen1_ on deployment0_.id=constituen1_.service_deployment_flavour_id left outer join costituentvnf costituent2_ on constituen1_.constituent_vnf_id=costituent2_.id where deployment0_.id=?
13:23:06.808 [Test worker] DEBUG o.h.p.entity.AbstractEntityPersister - Static SQL for entity: org.project.neutrino.nfvo.catalogue.mano.descriptor.NetworkForwardingPath
13:23:06.808 [Test worker] DEBUG o.h.p.entity.AbstractEntityPersister -  Version select: select version from network_forwarding_path where id =?
13:23:06.808 [Test worker] DEBUG o.h.p.entity.AbstractEntityPersister -  Snapshot select: select networkfor_.id, networkfor_.policy_id as policy_i3_12_, networkfor_.version as version2_12_ from network_forwarding_path networkfor_ where networkfor_.id=?
13:23:06.808 [Test worker] DEBUG o.h.p.entity.AbstractEntityPersister -  Insert 0: insert into network_forwarding_path (policy_id, version, id) values (?, ?, ?)
13:23:06.809 [Test worker] DEBUG o.h.p.entity.AbstractEntityPersister -  Update 0: update network_forwarding_path set policy_id=?, version=? where id=? and version=?
13:23:06.809 [Test worker] DEBUG o.h.p.entity.AbstractEntityPersister -  Delete 0: delete from network_forwarding_path where id=? and version=?
13:23:06.809 [Test worker] DEBUG o.h.l.p.b.i.spaces.QuerySpacesImpl - Adding QuerySpace : uid = <gen:0> -> org.hibernate.loader.plan.build.internal.spaces.EntityQuerySpaceImpl@750bff35]
13:23:06.809 [Test worker] DEBUG o.h.p.w.spi.MetamodelGraphWalker - Visiting attribute path : connection
13:23:06.809 [Test worker] DEBUG o.h.l.p.b.i.spaces.QuerySpacesImpl - Adding QuerySpace : uid = <gen:1> -> org.hibernate.loader.plan.build.internal.spaces.CollectionQuerySpaceImpl@1dd0a8c0]
13:23:06.810 [Test worker] DEBUG o.h.p.w.spi.MetamodelGraphWalker - Visiting index for collection :  connection
13:23:06.810 [Test worker] DEBUG o.h.p.w.spi.MetamodelGraphWalker - Visiting attribute path : policy
13:23:06.810 [Test worker] DEBUG o.h.l.p.b.i.spaces.QuerySpacesImpl - Adding QuerySpace : uid = <gen:2> -> org.hibernate.loader.plan.build.internal.spaces.EntityQuerySpaceImpl@3143f2fb]
13:23:06.811 [Test worker] DEBUG o.h.p.w.spi.MetamodelGraphWalker - Visiting attribute path : policy.version
13:23:06.811 [Test worker] DEBUG o.h.p.w.spi.MetamodelGraphWalker - Visiting attribute path : version
13:23:06.811 [Test worker] DEBUG o.h.l.p.b.i.FetchStyleLoadPlanBuildingAssociationVisitationStrategy - Building LoadPlan...
13:23:06.811 [Test worker] DEBUG o.h.l.p.e.i.LoadQueryJoinAndFetchProcessor - processing queryspace <gen:0>
13:23:06.812 [Test worker] DEBUG o.h.l.p.b.spi.LoadPlanTreePrinter - LoadPlan(entity=org.project.neutrino.nfvo.catalogue.mano.descriptor.NetworkForwardingPath)
    - Returns
       - EntityReturnImpl(entity=org.project.neutrino.nfvo.catalogue.mano.descriptor.NetworkForwardingPath, querySpaceUid=<gen:0>, path=org.project.neutrino.nfvo.catalogue.mano.descriptor.NetworkForwardingPath)
          - CollectionAttributeFetchImpl(collection=org.project.neutrino.nfvo.catalogue.mano.descriptor.NetworkForwardingPath.connection, querySpaceUid=<gen:1>, path=org.project.neutrino.nfvo.catalogue.mano.descriptor.NetworkForwardingPath.connection)
          - EntityAttributeFetchImpl(entity=org.project.neutrino.nfvo.catalogue.mano.descriptor.Policy, querySpaceUid=<gen:2>, path=org.project.neutrino.nfvo.catalogue.mano.descriptor.NetworkForwardingPath.policy)
    - QuerySpaces
       - EntityQuerySpaceImpl(uid=<gen:0>, entity=org.project.neutrino.nfvo.catalogue.mano.descriptor.NetworkForwardingPath)
          - SQL table alias mapping - networkfor0_
          - alias suffix - 0_
          - suffixed key columns - {id1_12_0_}
          - JOIN (JoinDefinedByMetadata(connection)) : <gen:0> -> <gen:1>
             - CollectionQuerySpaceImpl(uid=<gen:1>, collection=org.project.neutrino.nfvo.catalogue.mano.descriptor.NetworkForwardingPath.connection)
                - SQL table alias mapping - connection1_
                - alias suffix - 1_
                - suffixed key columns - {network_1_12_1_}
          - JOIN (JoinDefinedByMetadata(policy)) : <gen:0> -> <gen:2>
             - EntityQuerySpaceImpl(uid=<gen:2>, entity=org.project.neutrino.nfvo.catalogue.mano.descriptor.Policy)
                - SQL table alias mapping - policy2_
                - alias suffix - 2_
                - suffixed key columns - {id1_42_2_}

13:23:06.812 [Test worker] DEBUG o.h.loader.entity.plan.EntityLoader - Static select for entity org.project.neutrino.nfvo.catalogue.mano.descriptor.NetworkForwardingPath [NONE]: select networkfor0_.id as id1_12_0_, networkfor0_.policy_id as policy_i3_12_0_, networkfor0_.version as version2_12_0_, connection1_.network_forwarding_path_id as network_1_12_1_, connection1_.connection as connecti2_13_1_, connection1_.connection_key as connecti3_1_, policy2_.id as id1_42_2_, policy2_.version as version2_42_2_ from network_forwarding_path networkfor0_ left outer join network_forwarding_path_connection connection1_ on networkfor0_.id=connection1_.network_forwarding_path_id left outer join policy policy2_ on networkfor0_.policy_id=policy2_.id where networkfor0_.id=?
13:23:06.812 [Test worker] DEBUG o.h.l.p.b.i.spaces.QuerySpacesImpl - Adding QuerySpace : uid = <gen:0> -> org.hibernate.loader.plan.build.internal.spaces.EntityQuerySpaceImpl@1a518ef4]
13:23:06.812 [Test worker] DEBUG o.h.p.w.spi.MetamodelGraphWalker - Visiting attribute path : connection
13:23:06.812 [Test worker] DEBUG o.h.l.p.b.i.spaces.QuerySpacesImpl - Adding QuerySpace : uid = <gen:1> -> org.hibernate.loader.plan.build.internal.spaces.CollectionQuerySpaceImpl@4991a0c]
13:23:06.813 [Test worker] DEBUG o.h.p.w.spi.MetamodelGraphWalker - Visiting index for collection :  connection
13:23:06.813 [Test worker] DEBUG o.h.p.w.spi.MetamodelGraphWalker - Visiting attribute path : policy
13:23:06.813 [Test worker] DEBUG o.h.l.p.b.i.spaces.QuerySpacesImpl - Adding QuerySpace : uid = <gen:2> -> org.hibernate.loader.plan.build.internal.spaces.EntityQuerySpaceImpl@aab12a3]
13:23:06.813 [Test worker] DEBUG o.h.p.w.spi.MetamodelGraphWalker - Visiting attribute path : policy.version
13:23:06.813 [Test worker] DEBUG o.h.p.w.spi.MetamodelGraphWalker - Visiting attribute path : version
13:23:06.813 [Test worker] DEBUG o.h.l.p.b.i.FetchStyleLoadPlanBuildingAssociationVisitationStrategy - Building LoadPlan...
13:23:06.813 [Test worker] DEBUG o.h.l.p.e.i.LoadQueryJoinAndFetchProcessor - processing queryspace <gen:0>
13:23:06.814 [Test worker] DEBUG o.h.l.p.b.spi.LoadPlanTreePrinter - LoadPlan(entity=org.project.neutrino.nfvo.catalogue.mano.descriptor.NetworkForwardingPath)
    - Returns
       - EntityReturnImpl(entity=org.project.neutrino.nfvo.catalogue.mano.descriptor.NetworkForwardingPath, querySpaceUid=<gen:0>, path=org.project.neutrino.nfvo.catalogue.mano.descriptor.NetworkForwardingPath)
          - CollectionAttributeFetchImpl(collection=org.project.neutrino.nfvo.catalogue.mano.descriptor.NetworkForwardingPath.connection, querySpaceUid=<gen:1>, path=org.project.neutrino.nfvo.catalogue.mano.descriptor.NetworkForwardingPath.connection)
          - EntityAttributeFetchImpl(entity=org.project.neutrino.nfvo.catalogue.mano.descriptor.Policy, querySpaceUid=<gen:2>, path=org.project.neutrino.nfvo.catalogue.mano.descriptor.NetworkForwardingPath.policy)
    - QuerySpaces
       - EntityQuerySpaceImpl(uid=<gen:0>, entity=org.project.neutrino.nfvo.catalogue.mano.descriptor.NetworkForwardingPath)
          - SQL table alias mapping - networkfor0_
          - alias suffix - 0_
          - suffixed key columns - {id1_12_0_}
          - JOIN (JoinDefinedByMetadata(connection)) : <gen:0> -> <gen:1>
             - CollectionQuerySpaceImpl(uid=<gen:1>, collection=org.project.neutrino.nfvo.catalogue.mano.descriptor.NetworkForwardingPath.connection)
                - SQL table alias mapping - connection1_
                - alias suffix - 1_
                - suffixed key columns - {network_1_12_1_}
          - JOIN (JoinDefinedByMetadata(policy)) : <gen:0> -> <gen:2>
             - EntityQuerySpaceImpl(uid=<gen:2>, entity=org.project.neutrino.nfvo.catalogue.mano.descriptor.Policy)
                - SQL table alias mapping - policy2_
                - alias suffix - 2_
                - suffixed key columns - {id1_42_2_}

13:23:06.814 [Test worker] DEBUG o.h.loader.entity.plan.EntityLoader - Static select for entity org.project.neutrino.nfvo.catalogue.mano.descriptor.NetworkForwardingPath [READ]: select networkfor0_.id as id1_12_0_, networkfor0_.policy_id as policy_i3_12_0_, networkfor0_.version as version2_12_0_, connection1_.network_forwarding_path_id as network_1_12_1_, connection1_.connection as connecti2_13_1_, connection1_.connection_key as connecti3_1_, policy2_.id as id1_42_2_, policy2_.version as version2_42_2_ from network_forwarding_path networkfor0_ left outer join network_forwarding_path_connection connection1_ on networkfor0_.id=connection1_.network_forwarding_path_id left outer join policy policy2_ on networkfor0_.policy_id=policy2_.id where networkfor0_.id=?
13:23:06.814 [Test worker] DEBUG o.h.l.p.b.i.spaces.QuerySpacesImpl - Adding QuerySpace : uid = <gen:0> -> org.hibernate.loader.plan.build.internal.spaces.EntityQuerySpaceImpl@12eeb6b4]
13:23:06.815 [Test worker] DEBUG o.h.p.w.spi.MetamodelGraphWalker - Visiting attribute path : connection
13:23:06.815 [Test worker] DEBUG o.h.l.p.b.i.spaces.QuerySpacesImpl - Adding QuerySpace : uid = <gen:1> -> org.hibernate.loader.plan.build.internal.spaces.CollectionQuerySpaceImpl@65144e1b]
13:23:06.815 [Test worker] DEBUG o.h.p.w.spi.MetamodelGraphWalker - Visiting attribute path : policy
13:23:06.815 [Test worker] DEBUG o.h.l.p.b.i.spaces.QuerySpacesImpl - Adding QuerySpace : uid = <gen:2> -> org.hibernate.loader.plan.build.internal.spaces.EntityQuerySpaceImpl@18140275]
13:23:06.815 [Test worker] DEBUG o.h.p.w.spi.MetamodelGraphWalker - Visiting attribute path : version
13:23:06.815 [Test worker] DEBUG o.h.l.p.b.i.FetchStyleLoadPlanBuildingAssociationVisitationStrategy - Building LoadPlan...
13:23:06.815 [Test worker] DEBUG o.h.l.p.e.i.LoadQueryJoinAndFetchProcessor - processing queryspace <gen:0>
13:23:06.816 [Test worker] DEBUG o.h.l.p.b.spi.LoadPlanTreePrinter - LoadPlan(entity=org.project.neutrino.nfvo.catalogue.mano.descriptor.NetworkForwardingPath)
    - Returns
       - EntityReturnImpl(entity=org.project.neutrino.nfvo.catalogue.mano.descriptor.NetworkForwardingPath, querySpaceUid=<gen:0>, path=org.project.neutrino.nfvo.catalogue.mano.descriptor.NetworkForwardingPath)
          - CollectionAttributeFetchImpl(collection=org.project.neutrino.nfvo.catalogue.mano.descriptor.NetworkForwardingPath.connection, querySpaceUid=<gen:1>, path=org.project.neutrino.nfvo.catalogue.mano.descriptor.NetworkForwardingPath.connection)
          - EntityAttributeFetchImpl(entity=org.project.neutrino.nfvo.catalogue.mano.descriptor.Policy, querySpaceUid=<gen:2>, path=org.project.neutrino.nfvo.catalogue.mano.descriptor.NetworkForwardingPath.policy)
    - QuerySpaces
       - EntityQuerySpaceImpl(uid=<gen:0>, entity=org.project.neutrino.nfvo.catalogue.mano.descriptor.NetworkForwardingPath)
          - SQL table alias mapping - networkfor0_
          - alias suffix - 0_
          - suffixed key columns - {id1_12_0_}

13:23:06.816 [Test worker] DEBUG o.h.loader.entity.plan.EntityLoader - Static select for entity org.project.neutrino.nfvo.catalogue.mano.descriptor.NetworkForwardingPath [UPGRADE]: select networkfor0_.id as id1_12_0_, networkfor0_.policy_id as policy_i3_12_0_, networkfor0_.version as version2_12_0_ from network_forwarding_path networkfor0_ where networkfor0_.id=? for update
13:23:06.816 [Test worker] DEBUG o.h.l.p.b.i.spaces.QuerySpacesImpl - Adding QuerySpace : uid = <gen:0> -> org.hibernate.loader.plan.build.internal.spaces.EntityQuerySpaceImpl@49ad5bac]
13:23:06.816 [Test worker] DEBUG o.h.p.w.spi.MetamodelGraphWalker - Visiting attribute path : connection
13:23:06.816 [Test worker] DEBUG o.h.l.p.b.i.spaces.QuerySpacesImpl - Adding QuerySpace : uid = <gen:1> -> org.hibernate.loader.plan.build.internal.spaces.CollectionQuerySpaceImpl@e714024]
13:23:06.816 [Test worker] DEBUG o.h.p.w.spi.MetamodelGraphWalker - Visiting attribute path : policy
13:23:06.816 [Test worker] DEBUG o.h.l.p.b.i.spaces.QuerySpacesImpl - Adding QuerySpace : uid = <gen:2> -> org.hibernate.loader.plan.build.internal.spaces.EntityQuerySpaceImpl@2d2a02e4]
13:23:06.816 [Test worker] DEBUG o.h.p.w.spi.MetamodelGraphWalker - Visiting attribute path : version
13:23:06.817 [Test worker] DEBUG o.h.l.p.b.i.FetchStyleLoadPlanBuildingAssociationVisitationStrategy - Building LoadPlan...
13:23:06.817 [Test worker] DEBUG o.h.l.p.e.i.LoadQueryJoinAndFetchProcessor - processing queryspace <gen:0>
13:23:06.817 [Test worker] DEBUG o.h.l.p.b.spi.LoadPlanTreePrinter - LoadPlan(entity=org.project.neutrino.nfvo.catalogue.mano.descriptor.NetworkForwardingPath)
    - Returns
       - EntityReturnImpl(entity=org.project.neutrino.nfvo.catalogue.mano.descriptor.NetworkForwardingPath, querySpaceUid=<gen:0>, path=org.project.neutrino.nfvo.catalogue.mano.descriptor.NetworkForwardingPath)
          - CollectionAttributeFetchImpl(collection=org.project.neutrino.nfvo.catalogue.mano.descriptor.NetworkForwardingPath.connection, querySpaceUid=<gen:1>, path=org.project.neutrino.nfvo.catalogue.mano.descriptor.NetworkForwardingPath.connection)
          - EntityAttributeFetchImpl(entity=org.project.neutrino.nfvo.catalogue.mano.descriptor.Policy, querySpaceUid=<gen:2>, path=org.project.neutrino.nfvo.catalogue.mano.descriptor.NetworkForwardingPath.policy)
    - QuerySpaces
       - EntityQuerySpaceImpl(uid=<gen:0>, entity=org.project.neutrino.nfvo.catalogue.mano.descriptor.NetworkForwardingPath)
          - SQL table alias mapping - networkfor0_
          - alias suffix - 0_
          - suffixed key columns - {id1_12_0_}

13:23:06.817 [Test worker] DEBUG o.h.loader.entity.plan.EntityLoader - Static select for entity org.project.neutrino.nfvo.catalogue.mano.descriptor.NetworkForwardingPath [UPGRADE_NOWAIT]: select networkfor0_.id as id1_12_0_, networkfor0_.policy_id as policy_i3_12_0_, networkfor0_.version as version2_12_0_ from network_forwarding_path networkfor0_ where networkfor0_.id=? for update
13:23:06.817 [Test worker] DEBUG o.h.l.p.b.i.spaces.QuerySpacesImpl - Adding QuerySpace : uid = <gen:0> -> org.hibernate.loader.plan.build.internal.spaces.EntityQuerySpaceImpl@2123dde6]
13:23:06.818 [Test worker] DEBUG o.h.p.w.spi.MetamodelGraphWalker - Visiting attribute path : connection
13:23:06.818 [Test worker] DEBUG o.h.l.p.b.i.spaces.QuerySpacesImpl - Adding QuerySpace : uid = <gen:1> -> org.hibernate.loader.plan.build.internal.spaces.CollectionQuerySpaceImpl@35a9f47c]
13:23:06.818 [Test worker] DEBUG o.h.p.w.spi.MetamodelGraphWalker - Visiting attribute path : policy
13:23:06.818 [Test worker] DEBUG o.h.l.p.b.i.spaces.QuerySpacesImpl - Adding QuerySpace : uid = <gen:2> -> org.hibernate.loader.plan.build.internal.spaces.EntityQuerySpaceImpl@28f2146a]
13:23:06.818 [Test worker] DEBUG o.h.p.w.spi.MetamodelGraphWalker - Visiting attribute path : version
13:23:06.818 [Test worker] DEBUG o.h.l.p.b.i.FetchStyleLoadPlanBuildingAssociationVisitationStrategy - Building LoadPlan...
13:23:06.818 [Test worker] DEBUG o.h.l.p.e.i.LoadQueryJoinAndFetchProcessor - processing queryspace <gen:0>
13:23:06.818 [Test worker] DEBUG o.h.l.p.b.spi.LoadPlanTreePrinter - LoadPlan(entity=org.project.neutrino.nfvo.catalogue.mano.descriptor.NetworkForwardingPath)
    - Returns
       - EntityReturnImpl(entity=org.project.neutrino.nfvo.catalogue.mano.descriptor.NetworkForwardingPath, querySpaceUid=<gen:0>, path=org.project.neutrino.nfvo.catalogue.mano.descriptor.NetworkForwardingPath)
          - CollectionAttributeFetchImpl(collection=org.project.neutrino.nfvo.catalogue.mano.descriptor.NetworkForwardingPath.connection, querySpaceUid=<gen:1>, path=org.project.neutrino.nfvo.catalogue.mano.descriptor.NetworkForwardingPath.connection)
          - EntityAttributeFetchImpl(entity=org.project.neutrino.nfvo.catalogue.mano.descriptor.Policy, querySpaceUid=<gen:2>, path=org.project.neutrino.nfvo.catalogue.mano.descriptor.NetworkForwardingPath.policy)
    - QuerySpaces
       - EntityQuerySpaceImpl(uid=<gen:0>, entity=org.project.neutrino.nfvo.catalogue.mano.descriptor.NetworkForwardingPath)
          - SQL table alias mapping - networkfor0_
          - alias suffix - 0_
          - suffixed key columns - {id1_12_0_}

13:23:06.819 [Test worker] DEBUG o.h.loader.entity.plan.EntityLoader - Static select for entity org.project.neutrino.nfvo.catalogue.mano.descriptor.NetworkForwardingPath [UPGRADE_SKIPLOCKED]: select networkfor0_.id as id1_12_0_, networkfor0_.policy_id as policy_i3_12_0_, networkfor0_.version as version2_12_0_ from network_forwarding_path networkfor0_ where networkfor0_.id=? for update
13:23:06.819 [Test worker] DEBUG o.h.l.p.b.i.spaces.QuerySpacesImpl - Adding QuerySpace : uid = <gen:0> -> org.hibernate.loader.plan.build.internal.spaces.EntityQuerySpaceImpl@2d1a5026]
13:23:06.820 [Test worker] DEBUG o.h.p.w.spi.MetamodelGraphWalker - Visiting attribute path : connection
13:23:06.820 [Test worker] DEBUG o.h.l.p.b.i.spaces.QuerySpacesImpl - Adding QuerySpace : uid = <gen:1> -> org.hibernate.loader.plan.build.internal.spaces.CollectionQuerySpaceImpl@51a0d68d]
13:23:06.820 [Test worker] DEBUG o.h.p.w.spi.MetamodelGraphWalker - Visiting attribute path : policy
13:23:06.821 [Test worker] DEBUG o.h.l.p.b.i.spaces.QuerySpacesImpl - Adding QuerySpace : uid = <gen:2> -> org.hibernate.loader.plan.build.internal.spaces.EntityQuerySpaceImpl@1665ecd9]
13:23:06.821 [Test worker] DEBUG o.h.p.w.spi.MetamodelGraphWalker - Visiting attribute path : version
13:23:06.821 [Test worker] DEBUG o.h.l.p.b.i.FetchStyleLoadPlanBuildingAssociationVisitationStrategy - Building LoadPlan...
13:23:06.822 [Test worker] DEBUG o.h.l.p.e.i.LoadQueryJoinAndFetchProcessor - processing queryspace <gen:0>
13:23:06.822 [Test worker] DEBUG o.h.l.p.b.spi.LoadPlanTreePrinter - LoadPlan(entity=org.project.neutrino.nfvo.catalogue.mano.descriptor.NetworkForwardingPath)
    - Returns
       - EntityReturnImpl(entity=org.project.neutrino.nfvo.catalogue.mano.descriptor.NetworkForwardingPath, querySpaceUid=<gen:0>, path=org.project.neutrino.nfvo.catalogue.mano.descriptor.NetworkForwardingPath)
          - CollectionAttributeFetchImpl(collection=org.project.neutrino.nfvo.catalogue.mano.descriptor.NetworkForwardingPath.connection, querySpaceUid=<gen:1>, path=org.project.neutrino.nfvo.catalogue.mano.descriptor.NetworkForwardingPath.connection)
          - EntityAttributeFetchImpl(entity=org.project.neutrino.nfvo.catalogue.mano.descriptor.Policy, querySpaceUid=<gen:2>, path=org.project.neutrino.nfvo.catalogue.mano.descriptor.NetworkForwardingPath.policy)
    - QuerySpaces
       - EntityQuerySpaceImpl(uid=<gen:0>, entity=org.project.neutrino.nfvo.catalogue.mano.descriptor.NetworkForwardingPath)
          - SQL table alias mapping - networkfor0_
          - alias suffix - 0_
          - suffixed key columns - {id1_12_0_}

13:23:06.822 [Test worker] DEBUG o.h.loader.entity.plan.EntityLoader - Static select for entity org.project.neutrino.nfvo.catalogue.mano.descriptor.NetworkForwardingPath [FORCE]: select networkfor0_.id as id1_12_0_, networkfor0_.policy_id as policy_i3_12_0_, networkfor0_.version as version2_12_0_ from network_forwarding_path networkfor0_ where networkfor0_.id=? for update
13:23:06.823 [Test worker] DEBUG o.h.l.p.b.i.spaces.QuerySpacesImpl - Adding QuerySpace : uid = <gen:0> -> org.hibernate.loader.plan.build.internal.spaces.EntityQuerySpaceImpl@7da0a60b]
13:23:06.823 [Test worker] DEBUG o.h.p.w.spi.MetamodelGraphWalker - Visiting attribute path : connection
13:23:06.823 [Test worker] DEBUG o.h.l.p.b.i.spaces.QuerySpacesImpl - Adding QuerySpace : uid = <gen:1> -> org.hibernate.loader.plan.build.internal.spaces.CollectionQuerySpaceImpl@3793258b]
13:23:06.823 [Test worker] DEBUG o.h.p.w.spi.MetamodelGraphWalker - Visiting attribute path : policy
13:23:06.823 [Test worker] DEBUG o.h.l.p.b.i.spaces.QuerySpacesImpl - Adding QuerySpace : uid = <gen:2> -> org.hibernate.loader.plan.build.internal.spaces.EntityQuerySpaceImpl@1d85e52e]
13:23:06.823 [Test worker] DEBUG o.h.p.w.spi.MetamodelGraphWalker - Visiting attribute path : version
13:23:06.823 [Test worker] DEBUG o.h.l.p.b.i.FetchStyleLoadPlanBuildingAssociationVisitationStrategy - Building LoadPlan...
13:23:06.824 [Test worker] DEBUG o.h.l.p.e.i.LoadQueryJoinAndFetchProcessor - processing queryspace <gen:0>
13:23:06.824 [Test worker] DEBUG o.h.l.p.b.spi.LoadPlanTreePrinter - LoadPlan(entity=org.project.neutrino.nfvo.catalogue.mano.descriptor.NetworkForwardingPath)
    - Returns
       - EntityReturnImpl(entity=org.project.neutrino.nfvo.catalogue.mano.descriptor.NetworkForwardingPath, querySpaceUid=<gen:0>, path=org.project.neutrino.nfvo.catalogue.mano.descriptor.NetworkForwardingPath)
          - CollectionAttributeFetchImpl(collection=org.project.neutrino.nfvo.catalogue.mano.descriptor.NetworkForwardingPath.connection, querySpaceUid=<gen:1>, path=org.project.neutrino.nfvo.catalogue.mano.descriptor.NetworkForwardingPath.connection)
          - EntityAttributeFetchImpl(entity=org.project.neutrino.nfvo.catalogue.mano.descriptor.Policy, querySpaceUid=<gen:2>, path=org.project.neutrino.nfvo.catalogue.mano.descriptor.NetworkForwardingPath.policy)
    - QuerySpaces
       - EntityQuerySpaceImpl(uid=<gen:0>, entity=org.project.neutrino.nfvo.catalogue.mano.descriptor.NetworkForwardingPath)
          - SQL table alias mapping - networkfor0_
          - alias suffix - 0_
          - suffixed key columns - {id1_12_0_}

13:23:06.824 [Test worker] DEBUG o.h.loader.entity.plan.EntityLoader - Static select for entity org.project.neutrino.nfvo.catalogue.mano.descriptor.NetworkForwardingPath [PESSIMISTIC_READ]: select networkfor0_.id as id1_12_0_, networkfor0_.policy_id as policy_i3_12_0_, networkfor0_.version as version2_12_0_ from network_forwarding_path networkfor0_ where networkfor0_.id=? lock in share mode
13:23:06.824 [Test worker] DEBUG o.h.l.p.b.i.spaces.QuerySpacesImpl - Adding QuerySpace : uid = <gen:0> -> org.hibernate.loader.plan.build.internal.spaces.EntityQuerySpaceImpl@41893e26]
13:23:06.824 [Test worker] DEBUG o.h.p.w.spi.MetamodelGraphWalker - Visiting attribute path : connection
13:23:06.825 [Test worker] DEBUG o.h.l.p.b.i.spaces.QuerySpacesImpl - Adding QuerySpace : uid = <gen:1> -> org.hibernate.loader.plan.build.internal.spaces.CollectionQuerySpaceImpl@26aaf52c]
13:23:06.825 [Test worker] DEBUG o.h.p.w.spi.MetamodelGraphWalker - Visiting attribute path : policy
13:23:06.825 [Test worker] DEBUG o.h.l.p.b.i.spaces.QuerySpacesImpl - Adding QuerySpace : uid = <gen:2> -> org.hibernate.loader.plan.build.internal.spaces.EntityQuerySpaceImpl@21c62f89]
13:23:06.825 [Test worker] DEBUG o.h.p.w.spi.MetamodelGraphWalker - Visiting attribute path : version
13:23:06.825 [Test worker] DEBUG o.h.l.p.b.i.FetchStyleLoadPlanBuildingAssociationVisitationStrategy - Building LoadPlan...
13:23:06.825 [Test worker] DEBUG o.h.l.p.e.i.LoadQueryJoinAndFetchProcessor - processing queryspace <gen:0>
13:23:06.825 [Test worker] DEBUG o.h.l.p.b.spi.LoadPlanTreePrinter - LoadPlan(entity=org.project.neutrino.nfvo.catalogue.mano.descriptor.NetworkForwardingPath)
    - Returns
       - EntityReturnImpl(entity=org.project.neutrino.nfvo.catalogue.mano.descriptor.NetworkForwardingPath, querySpaceUid=<gen:0>, path=org.project.neutrino.nfvo.catalogue.mano.descriptor.NetworkForwardingPath)
          - CollectionAttributeFetchImpl(collection=org.project.neutrino.nfvo.catalogue.mano.descriptor.NetworkForwardingPath.connection, querySpaceUid=<gen:1>, path=org.project.neutrino.nfvo.catalogue.mano.descriptor.NetworkForwardingPath.connection)
          - EntityAttributeFetchImpl(entity=org.project.neutrino.nfvo.catalogue.mano.descriptor.Policy, querySpaceUid=<gen:2>, path=org.project.neutrino.nfvo.catalogue.mano.descriptor.NetworkForwardingPath.policy)
    - QuerySpaces
       - EntityQuerySpaceImpl(uid=<gen:0>, entity=org.project.neutrino.nfvo.catalogue.mano.descriptor.NetworkForwardingPath)
          - SQL table alias mapping - networkfor0_
          - alias suffix - 0_
          - suffixed key columns - {id1_12_0_}

13:23:06.826 [Test worker] DEBUG o.h.loader.entity.plan.EntityLoader - Static select for entity org.project.neutrino.nfvo.catalogue.mano.descriptor.NetworkForwardingPath [PESSIMISTIC_WRITE]: select networkfor0_.id as id1_12_0_, networkfor0_.policy_id as policy_i3_12_0_, networkfor0_.version as version2_12_0_ from network_forwarding_path networkfor0_ where networkfor0_.id=? for update
13:23:06.826 [Test worker] DEBUG o.h.l.p.b.i.spaces.QuerySpacesImpl - Adding QuerySpace : uid = <gen:0> -> org.hibernate.loader.plan.build.internal.spaces.EntityQuerySpaceImpl@5a5adcb1]
13:23:06.826 [Test worker] DEBUG o.h.p.w.spi.MetamodelGraphWalker - Visiting attribute path : connection
13:23:06.826 [Test worker] DEBUG o.h.l.p.b.i.spaces.QuerySpacesImpl - Adding QuerySpace : uid = <gen:1> -> org.hibernate.loader.plan.build.internal.spaces.CollectionQuerySpaceImpl@3d6271bb]
13:23:06.827 [Test worker] DEBUG o.h.p.w.spi.MetamodelGraphWalker - Visiting attribute path : policy
13:23:06.827 [Test worker] DEBUG o.h.l.p.b.i.spaces.QuerySpacesImpl - Adding QuerySpace : uid = <gen:2> -> org.hibernate.loader.plan.build.internal.spaces.EntityQuerySpaceImpl@a18cb79]
13:23:06.827 [Test worker] DEBUG o.h.p.w.spi.MetamodelGraphWalker - Visiting attribute path : version
13:23:06.828 [Test worker] DEBUG o.h.l.p.b.i.FetchStyleLoadPlanBuildingAssociationVisitationStrategy - Building LoadPlan...
13:23:06.828 [Test worker] DEBUG o.h.l.p.e.i.LoadQueryJoinAndFetchProcessor - processing queryspace <gen:0>
13:23:06.828 [Test worker] DEBUG o.h.l.p.b.spi.LoadPlanTreePrinter - LoadPlan(entity=org.project.neutrino.nfvo.catalogue.mano.descriptor.NetworkForwardingPath)
    - Returns
       - EntityReturnImpl(entity=org.project.neutrino.nfvo.catalogue.mano.descriptor.NetworkForwardingPath, querySpaceUid=<gen:0>, path=org.project.neutrino.nfvo.catalogue.mano.descriptor.NetworkForwardingPath)
          - CollectionAttributeFetchImpl(collection=org.project.neutrino.nfvo.catalogue.mano.descriptor.NetworkForwardingPath.connection, querySpaceUid=<gen:1>, path=org.project.neutrino.nfvo.catalogue.mano.descriptor.NetworkForwardingPath.connection)
          - EntityAttributeFetchImpl(entity=org.project.neutrino.nfvo.catalogue.mano.descriptor.Policy, querySpaceUid=<gen:2>, path=org.project.neutrino.nfvo.catalogue.mano.descriptor.NetworkForwardingPath.policy)
    - QuerySpaces
       - EntityQuerySpaceImpl(uid=<gen:0>, entity=org.project.neutrino.nfvo.catalogue.mano.descriptor.NetworkForwardingPath)
          - SQL table alias mapping - networkfor0_
          - alias suffix - 0_
          - suffixed key columns - {id1_12_0_}

13:23:06.829 [Test worker] DEBUG o.h.loader.entity.plan.EntityLoader - Static select for entity org.project.neutrino.nfvo.catalogue.mano.descriptor.NetworkForwardingPath [PESSIMISTIC_FORCE_INCREMENT]: select networkfor0_.id as id1_12_0_, networkfor0_.policy_id as policy_i3_12_0_, networkfor0_.version as version2_12_0_ from network_forwarding_path networkfor0_ where networkfor0_.id=? for update
13:23:06.829 [Test worker] DEBUG o.h.l.p.b.i.spaces.QuerySpacesImpl - Adding QuerySpace : uid = <gen:0> -> org.hibernate.loader.plan.build.internal.spaces.EntityQuerySpaceImpl@61d67a1c]
13:23:06.829 [Test worker] DEBUG o.h.p.w.spi.MetamodelGraphWalker - Visiting attribute path : connection
13:23:06.829 [Test worker] DEBUG o.h.l.p.b.i.spaces.QuerySpacesImpl - Adding QuerySpace : uid = <gen:1> -> org.hibernate.loader.plan.build.internal.spaces.CollectionQuerySpaceImpl@12d9db41]
13:23:06.829 [Test worker] DEBUG o.h.p.w.spi.MetamodelGraphWalker - Visiting attribute path : policy
13:23:06.829 [Test worker] DEBUG o.h.l.p.b.i.spaces.QuerySpacesImpl - Adding QuerySpace : uid = <gen:2> -> org.hibernate.loader.plan.build.internal.spaces.EntityQuerySpaceImpl@1cc99212]
13:23:06.829 [Test worker] DEBUG o.h.p.w.spi.MetamodelGraphWalker - Visiting attribute path : version
13:23:06.829 [Test worker] DEBUG o.h.l.p.b.i.FetchStyleLoadPlanBuildingAssociationVisitationStrategy - Building LoadPlan...
13:23:06.830 [Test worker] DEBUG o.h.l.p.e.i.LoadQueryJoinAndFetchProcessor - processing queryspace <gen:0>
13:23:06.830 [Test worker] DEBUG o.h.l.p.b.spi.LoadPlanTreePrinter - LoadPlan(entity=org.project.neutrino.nfvo.catalogue.mano.descriptor.NetworkForwardingPath)
    - Returns
       - EntityReturnImpl(entity=org.project.neutrino.nfvo.catalogue.mano.descriptor.NetworkForwardingPath, querySpaceUid=<gen:0>, path=org.project.neutrino.nfvo.catalogue.mano.descriptor.NetworkForwardingPath)
          - CollectionAttributeFetchImpl(collection=org.project.neutrino.nfvo.catalogue.mano.descriptor.NetworkForwardingPath.connection, querySpaceUid=<gen:1>, path=org.project.neutrino.nfvo.catalogue.mano.descriptor.NetworkForwardingPath.connection)
          - EntityAttributeFetchImpl(entity=org.project.neutrino.nfvo.catalogue.mano.descriptor.Policy, querySpaceUid=<gen:2>, path=org.project.neutrino.nfvo.catalogue.mano.descriptor.NetworkForwardingPath.policy)
    - QuerySpaces
       - EntityQuerySpaceImpl(uid=<gen:0>, entity=org.project.neutrino.nfvo.catalogue.mano.descriptor.NetworkForwardingPath)
          - SQL table alias mapping - networkfor0_
          - alias suffix - 0_
          - suffixed key columns - {id1_12_0_}

13:23:06.830 [Test worker] DEBUG o.h.loader.entity.plan.EntityLoader - Static select for entity org.project.neutrino.nfvo.catalogue.mano.descriptor.NetworkForwardingPath [OPTIMISTIC]: select networkfor0_.id as id1_12_0_, networkfor0_.policy_id as policy_i3_12_0_, networkfor0_.version as version2_12_0_ from network_forwarding_path networkfor0_ where networkfor0_.id=?
13:23:06.830 [Test worker] DEBUG o.h.l.p.b.i.spaces.QuerySpacesImpl - Adding QuerySpace : uid = <gen:0> -> org.hibernate.loader.plan.build.internal.spaces.EntityQuerySpaceImpl@7594ea81]
13:23:06.830 [Test worker] DEBUG o.h.p.w.spi.MetamodelGraphWalker - Visiting attribute path : connection
13:23:06.830 [Test worker] DEBUG o.h.l.p.b.i.spaces.QuerySpacesImpl - Adding QuerySpace : uid = <gen:1> -> org.hibernate.loader.plan.build.internal.spaces.CollectionQuerySpaceImpl@159f65de]
13:23:06.830 [Test worker] DEBUG o.h.p.w.spi.MetamodelGraphWalker - Visiting attribute path : policy
13:23:06.830 [Test worker] DEBUG o.h.l.p.b.i.spaces.QuerySpacesImpl - Adding QuerySpace : uid = <gen:2> -> org.hibernate.loader.plan.build.internal.spaces.EntityQuerySpaceImpl@13d8dce9]
13:23:06.831 [Test worker] DEBUG o.h.p.w.spi.MetamodelGraphWalker - Visiting attribute path : version
13:23:06.831 [Test worker] DEBUG o.h.l.p.b.i.FetchStyleLoadPlanBuildingAssociationVisitationStrategy - Building LoadPlan...
13:23:06.831 [Test worker] DEBUG o.h.l.p.e.i.LoadQueryJoinAndFetchProcessor - processing queryspace <gen:0>
13:23:06.831 [Test worker] DEBUG o.h.l.p.b.spi.LoadPlanTreePrinter - LoadPlan(entity=org.project.neutrino.nfvo.catalogue.mano.descriptor.NetworkForwardingPath)
    - Returns
       - EntityReturnImpl(entity=org.project.neutrino.nfvo.catalogue.mano.descriptor.NetworkForwardingPath, querySpaceUid=<gen:0>, path=org.project.neutrino.nfvo.catalogue.mano.descriptor.NetworkForwardingPath)
          - CollectionAttributeFetchImpl(collection=org.project.neutrino.nfvo.catalogue.mano.descriptor.NetworkForwardingPath.connection, querySpaceUid=<gen:1>, path=org.project.neutrino.nfvo.catalogue.mano.descriptor.NetworkForwardingPath.connection)
          - EntityAttributeFetchImpl(entity=org.project.neutrino.nfvo.catalogue.mano.descriptor.Policy, querySpaceUid=<gen:2>, path=org.project.neutrino.nfvo.catalogue.mano.descriptor.NetworkForwardingPath.policy)
    - QuerySpaces
       - EntityQuerySpaceImpl(uid=<gen:0>, entity=org.project.neutrino.nfvo.catalogue.mano.descriptor.NetworkForwardingPath)
          - SQL table alias mapping - networkfor0_
          - alias suffix - 0_
          - suffixed key columns - {id1_12_0_}

13:23:06.831 [Test worker] DEBUG o.h.loader.entity.plan.EntityLoader - Static select for entity org.project.neutrino.nfvo.catalogue.mano.descriptor.NetworkForwardingPath [OPTIMISTIC_FORCE_INCREMENT]: select networkfor0_.id as id1_12_0_, networkfor0_.policy_id as policy_i3_12_0_, networkfor0_.version as version2_12_0_ from network_forwarding_path networkfor0_ where networkfor0_.id=?
13:23:06.832 [Test worker] DEBUG org.hibernate.loader.Loader - Static select for action ACTION_MERGE on entity org.project.neutrino.nfvo.catalogue.mano.descriptor.NetworkForwardingPath: select networkfor0_.id as id1_12_1_, networkfor0_.policy_id as policy_i3_12_1_, networkfor0_.version as version2_12_1_, policy1_.id as id1_42_0_, policy1_.version as version2_42_0_ from network_forwarding_path networkfor0_ left outer join policy policy1_ on networkfor0_.policy_id=policy1_.id where networkfor0_.id=?
13:23:06.832 [Test worker] DEBUG org.hibernate.loader.Loader - Static select for action ACTION_REFRESH on entity org.project.neutrino.nfvo.catalogue.mano.descriptor.NetworkForwardingPath: select networkfor0_.id as id1_12_1_, networkfor0_.policy_id as policy_i3_12_1_, networkfor0_.version as version2_12_1_, policy1_.id as id1_42_0_, policy1_.version as version2_42_0_ from network_forwarding_path networkfor0_ left outer join policy policy1_ on networkfor0_.policy_id=policy1_.id where networkfor0_.id=?
13:23:06.832 [Test worker] DEBUG o.h.p.entity.AbstractEntityPersister - Static SQL for entity: org.project.neutrino.nfvo.catalogue.mano.descriptor.VNFDConnectionPoint
13:23:06.832 [Test worker] DEBUG o.h.p.entity.AbstractEntityPersister -  Version select: select version from vnfdconnection_point where id =?
13:23:06.832 [Test worker] DEBUG o.h.p.entity.AbstractEntityPersister -  Snapshot select: select vnfdconnec_.id, vnfdconnec_.type as type2_4_, vnfdconnec_.version as version3_4_, vnfdconnec_.virtual_link_reference as virtual_1_82_ from vnfdconnection_point vnfdconnec_ where vnfdconnec_.id=?
13:23:06.832 [Test worker] DEBUG o.h.p.entity.AbstractEntityPersister -  Insert 0: insert into vnfdconnection_point (type, version, virtual_link_reference, id) values (?, ?, ?, ?)
13:23:06.832 [Test worker] DEBUG o.h.p.entity.AbstractEntityPersister -  Update 0: update vnfdconnection_point set type=?, version=?, virtual_link_reference=? where id=? and version=?
13:23:06.832 [Test worker] DEBUG o.h.p.entity.AbstractEntityPersister -  Delete 0: delete from vnfdconnection_point where id=? and version=?
13:23:06.832 [Test worker] DEBUG o.h.l.p.b.i.spaces.QuerySpacesImpl - Adding QuerySpace : uid = <gen:0> -> org.hibernate.loader.plan.build.internal.spaces.EntityQuerySpaceImpl@28f4f2d]
13:23:06.832 [Test worker] DEBUG o.h.p.w.spi.MetamodelGraphWalker - Visiting attribute path : type
13:23:06.833 [Test worker] DEBUG o.h.p.w.spi.MetamodelGraphWalker - Visiting attribute path : version
13:23:06.833 [Test worker] DEBUG o.h.p.w.spi.MetamodelGraphWalker - Visiting attribute path : virtual_link_reference
13:23:06.833 [Test worker] DEBUG o.h.l.p.b.i.FetchStyleLoadPlanBuildingAssociationVisitationStrategy - Building LoadPlan...
13:23:06.833 [Test worker] DEBUG o.h.l.p.e.i.LoadQueryJoinAndFetchProcessor - processing queryspace <gen:0>
13:23:06.833 [Test worker] DEBUG o.h.l.p.b.spi.LoadPlanTreePrinter - LoadPlan(entity=org.project.neutrino.nfvo.catalogue.mano.descriptor.VNFDConnectionPoint)
    - Returns
       - EntityReturnImpl(entity=org.project.neutrino.nfvo.catalogue.mano.descriptor.VNFDConnectionPoint, querySpaceUid=<gen:0>, path=org.project.neutrino.nfvo.catalogue.mano.descriptor.VNFDConnectionPoint)
    - QuerySpaces
       - EntityQuerySpaceImpl(uid=<gen:0>, entity=org.project.neutrino.nfvo.catalogue.mano.descriptor.VNFDConnectionPoint)
          - SQL table alias mapping - vnfdconnec0_
          - alias suffix - 0_
          - suffixed key columns - {id1_4_0_}

13:23:06.833 [Test worker] DEBUG o.h.loader.entity.plan.EntityLoader - Static select for entity org.project.neutrino.nfvo.catalogue.mano.descriptor.VNFDConnectionPoint [NONE]: select vnfdconnec0_.id as id1_4_0_, vnfdconnec0_.type as type2_4_0_, vnfdconnec0_.version as version3_4_0_, vnfdconnec0_.virtual_link_reference as virtual_1_82_0_ from vnfdconnection_point vnfdconnec0_ where vnfdconnec0_.id=?
13:23:06.834 [Test worker] DEBUG o.h.l.p.b.i.spaces.QuerySpacesImpl - Adding QuerySpace : uid = <gen:0> -> org.hibernate.loader.plan.build.internal.spaces.EntityQuerySpaceImpl@60cdee08]
13:23:06.834 [Test worker] DEBUG o.h.p.w.spi.MetamodelGraphWalker - Visiting attribute path : type
13:23:06.834 [Test worker] DEBUG o.h.p.w.spi.MetamodelGraphWalker - Visiting attribute path : version
13:23:06.834 [Test worker] DEBUG o.h.p.w.spi.MetamodelGraphWalker - Visiting attribute path : virtual_link_reference
13:23:06.834 [Test worker] DEBUG o.h.l.p.b.i.FetchStyleLoadPlanBuildingAssociationVisitationStrategy - Building LoadPlan...
13:23:06.834 [Test worker] DEBUG o.h.l.p.e.i.LoadQueryJoinAndFetchProcessor - processing queryspace <gen:0>
13:23:06.834 [Test worker] DEBUG o.h.l.p.b.spi.LoadPlanTreePrinter - LoadPlan(entity=org.project.neutrino.nfvo.catalogue.mano.descriptor.VNFDConnectionPoint)
    - Returns
       - EntityReturnImpl(entity=org.project.neutrino.nfvo.catalogue.mano.descriptor.VNFDConnectionPoint, querySpaceUid=<gen:0>, path=org.project.neutrino.nfvo.catalogue.mano.descriptor.VNFDConnectionPoint)
    - QuerySpaces
       - EntityQuerySpaceImpl(uid=<gen:0>, entity=org.project.neutrino.nfvo.catalogue.mano.descriptor.VNFDConnectionPoint)
          - SQL table alias mapping - vnfdconnec0_
          - alias suffix - 0_
          - suffixed key columns - {id1_4_0_}

13:23:06.834 [Test worker] DEBUG o.h.loader.entity.plan.EntityLoader - Static select for entity org.project.neutrino.nfvo.catalogue.mano.descriptor.VNFDConnectionPoint [READ]: select vnfdconnec0_.id as id1_4_0_, vnfdconnec0_.type as type2_4_0_, vnfdconnec0_.version as version3_4_0_, vnfdconnec0_.virtual_link_reference as virtual_1_82_0_ from vnfdconnection_point vnfdconnec0_ where vnfdconnec0_.id=?
13:23:06.835 [Test worker] DEBUG o.h.l.p.b.i.spaces.QuerySpacesImpl - Adding QuerySpace : uid = <gen:0> -> org.hibernate.loader.plan.build.internal.spaces.EntityQuerySpaceImpl@5136a826]
13:23:06.835 [Test worker] DEBUG o.h.p.w.spi.MetamodelGraphWalker - Visiting attribute path : type
13:23:06.835 [Test worker] DEBUG o.h.p.w.spi.MetamodelGraphWalker - Visiting attribute path : version
13:23:06.835 [Test worker] DEBUG o.h.p.w.spi.MetamodelGraphWalker - Visiting attribute path : virtual_link_reference
13:23:06.835 [Test worker] DEBUG o.h.l.p.b.i.FetchStyleLoadPlanBuildingAssociationVisitationStrategy - Building LoadPlan...
13:23:06.835 [Test worker] DEBUG o.h.l.p.e.i.LoadQueryJoinAndFetchProcessor - processing queryspace <gen:0>
13:23:06.835 [Test worker] DEBUG o.h.l.p.b.spi.LoadPlanTreePrinter - LoadPlan(entity=org.project.neutrino.nfvo.catalogue.mano.descriptor.VNFDConnectionPoint)
    - Returns
       - EntityReturnImpl(entity=org.project.neutrino.nfvo.catalogue.mano.descriptor.VNFDConnectionPoint, querySpaceUid=<gen:0>, path=org.project.neutrino.nfvo.catalogue.mano.descriptor.VNFDConnectionPoint)
    - QuerySpaces
       - EntityQuerySpaceImpl(uid=<gen:0>, entity=org.project.neutrino.nfvo.catalogue.mano.descriptor.VNFDConnectionPoint)
          - SQL table alias mapping - vnfdconnec0_
          - alias suffix - 0_
          - suffixed key columns - {id1_4_0_}

13:23:06.835 [Test worker] DEBUG o.h.loader.entity.plan.EntityLoader - Static select for entity org.project.neutrino.nfvo.catalogue.mano.descriptor.VNFDConnectionPoint [UPGRADE]: select vnfdconnec0_.id as id1_4_0_, vnfdconnec0_.type as type2_4_0_, vnfdconnec0_.version as version3_4_0_, vnfdconnec0_.virtual_link_reference as virtual_1_82_0_ from vnfdconnection_point vnfdconnec0_ where vnfdconnec0_.id=? for update
13:23:06.836 [Test worker] DEBUG o.h.l.p.b.i.spaces.QuerySpacesImpl - Adding QuerySpace : uid = <gen:0> -> org.hibernate.loader.plan.build.internal.spaces.EntityQuerySpaceImpl@50ffa991]
13:23:06.836 [Test worker] DEBUG o.h.p.w.spi.MetamodelGraphWalker - Visiting attribute path : type
13:23:06.836 [Test worker] DEBUG o.h.p.w.spi.MetamodelGraphWalker - Visiting attribute path : version
13:23:06.836 [Test worker] DEBUG o.h.p.w.spi.MetamodelGraphWalker - Visiting attribute path : virtual_link_reference
13:23:06.836 [Test worker] DEBUG o.h.l.p.b.i.FetchStyleLoadPlanBuildingAssociationVisitationStrategy - Building LoadPlan...
13:23:06.836 [Test worker] DEBUG o.h.l.p.e.i.LoadQueryJoinAndFetchProcessor - processing queryspace <gen:0>
13:23:06.836 [Test worker] DEBUG o.h.l.p.b.spi.LoadPlanTreePrinter - LoadPlan(entity=org.project.neutrino.nfvo.catalogue.mano.descriptor.VNFDConnectionPoint)
    - Returns
       - EntityReturnImpl(entity=org.project.neutrino.nfvo.catalogue.mano.descriptor.VNFDConnectionPoint, querySpaceUid=<gen:0>, path=org.project.neutrino.nfvo.catalogue.mano.descriptor.VNFDConnectionPoint)
    - QuerySpaces
       - EntityQuerySpaceImpl(uid=<gen:0>, entity=org.project.neutrino.nfvo.catalogue.mano.descriptor.VNFDConnectionPoint)
          - SQL table alias mapping - vnfdconnec0_
          - alias suffix - 0_
          - suffixed key columns - {id1_4_0_}

13:23:06.836 [Test worker] DEBUG o.h.loader.entity.plan.EntityLoader - Static select for entity org.project.neutrino.nfvo.catalogue.mano.descriptor.VNFDConnectionPoint [UPGRADE_NOWAIT]: select vnfdconnec0_.id as id1_4_0_, vnfdconnec0_.type as type2_4_0_, vnfdconnec0_.version as version3_4_0_, vnfdconnec0_.virtual_link_reference as virtual_1_82_0_ from vnfdconnection_point vnfdconnec0_ where vnfdconnec0_.id=? for update
13:23:06.836 [Test worker] DEBUG o.h.l.p.b.i.spaces.QuerySpacesImpl - Adding QuerySpace : uid = <gen:0> -> org.hibernate.loader.plan.build.internal.spaces.EntityQuerySpaceImpl@6f7016f]
13:23:06.837 [Test worker] DEBUG o.h.p.w.spi.MetamodelGraphWalker - Visiting attribute path : type
13:23:06.837 [Test worker] DEBUG o.h.p.w.spi.MetamodelGraphWalker - Visiting attribute path : version
13:23:06.837 [Test worker] DEBUG o.h.p.w.spi.MetamodelGraphWalker - Visiting attribute path : virtual_link_reference
13:23:06.837 [Test worker] DEBUG o.h.l.p.b.i.FetchStyleLoadPlanBuildingAssociationVisitationStrategy - Building LoadPlan...
13:23:06.837 [Test worker] DEBUG o.h.l.p.e.i.LoadQueryJoinAndFetchProcessor - processing queryspace <gen:0>
13:23:06.837 [Test worker] DEBUG o.h.l.p.b.spi.LoadPlanTreePrinter - LoadPlan(entity=org.project.neutrino.nfvo.catalogue.mano.descriptor.VNFDConnectionPoint)
    - Returns
       - EntityReturnImpl(entity=org.project.neutrino.nfvo.catalogue.mano.descriptor.VNFDConnectionPoint, querySpaceUid=<gen:0>, path=org.project.neutrino.nfvo.catalogue.mano.descriptor.VNFDConnectionPoint)
    - QuerySpaces
       - EntityQuerySpaceImpl(uid=<gen:0>, entity=org.project.neutrino.nfvo.catalogue.mano.descriptor.VNFDConnectionPoint)
          - SQL table alias mapping - vnfdconnec0_
          - alias suffix - 0_
          - suffixed key columns - {id1_4_0_}

13:23:06.837 [Test worker] DEBUG o.h.loader.entity.plan.EntityLoader - Static select for entity org.project.neutrino.nfvo.catalogue.mano.descriptor.VNFDConnectionPoint [UPGRADE_SKIPLOCKED]: select vnfdconnec0_.id as id1_4_0_, vnfdconnec0_.type as type2_4_0_, vnfdconnec0_.version as version3_4_0_, vnfdconnec0_.virtual_link_reference as virtual_1_82_0_ from vnfdconnection_point vnfdconnec0_ where vnfdconnec0_.id=? for update
13:23:06.838 [Test worker] DEBUG o.h.l.p.b.i.spaces.QuerySpacesImpl - Adding QuerySpace : uid = <gen:0> -> org.hibernate.loader.plan.build.internal.spaces.EntityQuerySpaceImpl@289007d8]
13:23:06.838 [Test worker] DEBUG o.h.p.w.spi.MetamodelGraphWalker - Visiting attribute path : type
13:23:06.838 [Test worker] DEBUG o.h.p.w.spi.MetamodelGraphWalker - Visiting attribute path : version
13:23:06.838 [Test worker] DEBUG o.h.p.w.spi.MetamodelGraphWalker - Visiting attribute path : virtual_link_reference
13:23:06.838 [Test worker] DEBUG o.h.l.p.b.i.FetchStyleLoadPlanBuildingAssociationVisitationStrategy - Building LoadPlan...
13:23:06.838 [Test worker] DEBUG o.h.l.p.e.i.LoadQueryJoinAndFetchProcessor - processing queryspace <gen:0>
13:23:06.838 [Test worker] DEBUG o.h.l.p.b.spi.LoadPlanTreePrinter - LoadPlan(entity=org.project.neutrino.nfvo.catalogue.mano.descriptor.VNFDConnectionPoint)
    - Returns
       - EntityReturnImpl(entity=org.project.neutrino.nfvo.catalogue.mano.descriptor.VNFDConnectionPoint, querySpaceUid=<gen:0>, path=org.project.neutrino.nfvo.catalogue.mano.descriptor.VNFDConnectionPoint)
    - QuerySpaces
       - EntityQuerySpaceImpl(uid=<gen:0>, entity=org.project.neutrino.nfvo.catalogue.mano.descriptor.VNFDConnectionPoint)
          - SQL table alias mapping - vnfdconnec0_
          - alias suffix - 0_
          - suffixed key columns - {id1_4_0_}

13:23:06.838 [Test worker] DEBUG o.h.loader.entity.plan.EntityLoader - Static select for entity org.project.neutrino.nfvo.catalogue.mano.descriptor.VNFDConnectionPoint [FORCE]: select vnfdconnec0_.id as id1_4_0_, vnfdconnec0_.type as type2_4_0_, vnfdconnec0_.version as version3_4_0_, vnfdconnec0_.virtual_link_reference as virtual_1_82_0_ from vnfdconnection_point vnfdconnec0_ where vnfdconnec0_.id=? for update
13:23:06.839 [Test worker] DEBUG o.h.l.p.b.i.spaces.QuerySpacesImpl - Adding QuerySpace : uid = <gen:0> -> org.hibernate.loader.plan.build.internal.spaces.EntityQuerySpaceImpl@654436cd]
13:23:06.839 [Test worker] DEBUG o.h.p.w.spi.MetamodelGraphWalker - Visiting attribute path : type
13:23:06.839 [Test worker] DEBUG o.h.p.w.spi.MetamodelGraphWalker - Visiting attribute path : version
13:23:06.839 [Test worker] DEBUG o.h.p.w.spi.MetamodelGraphWalker - Visiting attribute path : virtual_link_reference
13:23:06.839 [Test worker] DEBUG o.h.l.p.b.i.FetchStyleLoadPlanBuildingAssociationVisitationStrategy - Building LoadPlan...
13:23:06.839 [Test worker] DEBUG o.h.l.p.e.i.LoadQueryJoinAndFetchProcessor - processing queryspace <gen:0>
13:23:06.839 [Test worker] DEBUG o.h.l.p.b.spi.LoadPlanTreePrinter - LoadPlan(entity=org.project.neutrino.nfvo.catalogue.mano.descriptor.VNFDConnectionPoint)
    - Returns
       - EntityReturnImpl(entity=org.project.neutrino.nfvo.catalogue.mano.descriptor.VNFDConnectionPoint, querySpaceUid=<gen:0>, path=org.project.neutrino.nfvo.catalogue.mano.descriptor.VNFDConnectionPoint)
    - QuerySpaces
       - EntityQuerySpaceImpl(uid=<gen:0>, entity=org.project.neutrino.nfvo.catalogue.mano.descriptor.VNFDConnectionPoint)
          - SQL table alias mapping - vnfdconnec0_
          - alias suffix - 0_
          - suffixed key columns - {id1_4_0_}

13:23:06.839 [Test worker] DEBUG o.h.loader.entity.plan.EntityLoader - Static select for entity org.project.neutrino.nfvo.catalogue.mano.descriptor.VNFDConnectionPoint [PESSIMISTIC_READ]: select vnfdconnec0_.id as id1_4_0_, vnfdconnec0_.type as type2_4_0_, vnfdconnec0_.version as version3_4_0_, vnfdconnec0_.virtual_link_reference as virtual_1_82_0_ from vnfdconnection_point vnfdconnec0_ where vnfdconnec0_.id=? lock in share mode
13:23:06.840 [Test worker] DEBUG o.h.l.p.b.i.spaces.QuerySpacesImpl - Adding QuerySpace : uid = <gen:0> -> org.hibernate.loader.plan.build.internal.spaces.EntityQuerySpaceImpl@76520c83]
13:23:06.840 [Test worker] DEBUG o.h.p.w.spi.MetamodelGraphWalker - Visiting attribute path : type
13:23:06.840 [Test worker] DEBUG o.h.p.w.spi.MetamodelGraphWalker - Visiting attribute path : version
13:23:06.840 [Test worker] DEBUG o.h.p.w.spi.MetamodelGraphWalker - Visiting attribute path : virtual_link_reference
13:23:06.840 [Test worker] DEBUG o.h.l.p.b.i.FetchStyleLoadPlanBuildingAssociationVisitationStrategy - Building LoadPlan...
13:23:06.840 [Test worker] DEBUG o.h.l.p.e.i.LoadQueryJoinAndFetchProcessor - processing queryspace <gen:0>
13:23:06.840 [Test worker] DEBUG o.h.l.p.b.spi.LoadPlanTreePrinter - LoadPlan(entity=org.project.neutrino.nfvo.catalogue.mano.descriptor.VNFDConnectionPoint)
    - Returns
       - EntityReturnImpl(entity=org.project.neutrino.nfvo.catalogue.mano.descriptor.VNFDConnectionPoint, querySpaceUid=<gen:0>, path=org.project.neutrino.nfvo.catalogue.mano.descriptor.VNFDConnectionPoint)
    - QuerySpaces
       - EntityQuerySpaceImpl(uid=<gen:0>, entity=org.project.neutrino.nfvo.catalogue.mano.descriptor.VNFDConnectionPoint)
          - SQL table alias mapping - vnfdconnec0_
          - alias suffix - 0_
          - suffixed key columns - {id1_4_0_}

13:23:06.840 [Test worker] DEBUG o.h.loader.entity.plan.EntityLoader - Static select for entity org.project.neutrino.nfvo.catalogue.mano.descriptor.VNFDConnectionPoint [PESSIMISTIC_WRITE]: select vnfdconnec0_.id as id1_4_0_, vnfdconnec0_.type as type2_4_0_, vnfdconnec0_.version as version3_4_0_, vnfdconnec0_.virtual_link_reference as virtual_1_82_0_ from vnfdconnection_point vnfdconnec0_ where vnfdconnec0_.id=? for update
13:23:06.841 [Test worker] DEBUG o.h.l.p.b.i.spaces.QuerySpacesImpl - Adding QuerySpace : uid = <gen:0> -> org.hibernate.loader.plan.build.internal.spaces.EntityQuerySpaceImpl@2f25be8c]
13:23:06.841 [Test worker] DEBUG o.h.p.w.spi.MetamodelGraphWalker - Visiting attribute path : type
13:23:06.841 [Test worker] DEBUG o.h.p.w.spi.MetamodelGraphWalker - Visiting attribute path : version
13:23:06.841 [Test worker] DEBUG o.h.p.w.spi.MetamodelGraphWalker - Visiting attribute path : virtual_link_reference
13:23:06.841 [Test worker] DEBUG o.h.l.p.b.i.FetchStyleLoadPlanBuildingAssociationVisitationStrategy - Building LoadPlan...
13:23:06.841 [Test worker] DEBUG o.h.l.p.e.i.LoadQueryJoinAndFetchProcessor - processing queryspace <gen:0>
13:23:06.841 [Test worker] DEBUG o.h.l.p.b.spi.LoadPlanTreePrinter - LoadPlan(entity=org.project.neutrino.nfvo.catalogue.mano.descriptor.VNFDConnectionPoint)
    - Returns
       - EntityReturnImpl(entity=org.project.neutrino.nfvo.catalogue.mano.descriptor.VNFDConnectionPoint, querySpaceUid=<gen:0>, path=org.project.neutrino.nfvo.catalogue.mano.descriptor.VNFDConnectionPoint)
    - QuerySpaces
       - EntityQuerySpaceImpl(uid=<gen:0>, entity=org.project.neutrino.nfvo.catalogue.mano.descriptor.VNFDConnectionPoint)
          - SQL table alias mapping - vnfdconnec0_
          - alias suffix - 0_
          - suffixed key columns - {id1_4_0_}

13:23:06.841 [Test worker] DEBUG o.h.loader.entity.plan.EntityLoader - Static select for entity org.project.neutrino.nfvo.catalogue.mano.descriptor.VNFDConnectionPoint [PESSIMISTIC_FORCE_INCREMENT]: select vnfdconnec0_.id as id1_4_0_, vnfdconnec0_.type as type2_4_0_, vnfdconnec0_.version as version3_4_0_, vnfdconnec0_.virtual_link_reference as virtual_1_82_0_ from vnfdconnection_point vnfdconnec0_ where vnfdconnec0_.id=? for update
13:23:06.841 [Test worker] DEBUG o.h.l.p.b.i.spaces.QuerySpacesImpl - Adding QuerySpace : uid = <gen:0> -> org.hibernate.loader.plan.build.internal.spaces.EntityQuerySpaceImpl@7eefba6d]
13:23:06.842 [Test worker] DEBUG o.h.p.w.spi.MetamodelGraphWalker - Visiting attribute path : type
13:23:06.842 [Test worker] DEBUG o.h.p.w.spi.MetamodelGraphWalker - Visiting attribute path : version
13:23:06.842 [Test worker] DEBUG o.h.p.w.spi.MetamodelGraphWalker - Visiting attribute path : virtual_link_reference
13:23:06.842 [Test worker] DEBUG o.h.l.p.b.i.FetchStyleLoadPlanBuildingAssociationVisitationStrategy - Building LoadPlan...
13:23:06.842 [Test worker] DEBUG o.h.l.p.e.i.LoadQueryJoinAndFetchProcessor - processing queryspace <gen:0>
13:23:06.842 [Test worker] DEBUG o.h.l.p.b.spi.LoadPlanTreePrinter - LoadPlan(entity=org.project.neutrino.nfvo.catalogue.mano.descriptor.VNFDConnectionPoint)
    - Returns
       - EntityReturnImpl(entity=org.project.neutrino.nfvo.catalogue.mano.descriptor.VNFDConnectionPoint, querySpaceUid=<gen:0>, path=org.project.neutrino.nfvo.catalogue.mano.descriptor.VNFDConnectionPoint)
    - QuerySpaces
       - EntityQuerySpaceImpl(uid=<gen:0>, entity=org.project.neutrino.nfvo.catalogue.mano.descriptor.VNFDConnectionPoint)
          - SQL table alias mapping - vnfdconnec0_
          - alias suffix - 0_
          - suffixed key columns - {id1_4_0_}

13:23:06.845 [Test worker] DEBUG o.h.loader.entity.plan.EntityLoader - Static select for entity org.project.neutrino.nfvo.catalogue.mano.descriptor.VNFDConnectionPoint [OPTIMISTIC]: select vnfdconnec0_.id as id1_4_0_, vnfdconnec0_.type as type2_4_0_, vnfdconnec0_.version as version3_4_0_, vnfdconnec0_.virtual_link_reference as virtual_1_82_0_ from vnfdconnection_point vnfdconnec0_ where vnfdconnec0_.id=?
13:23:06.845 [Test worker] DEBUG o.h.l.p.b.i.spaces.QuerySpacesImpl - Adding QuerySpace : uid = <gen:0> -> org.hibernate.loader.plan.build.internal.spaces.EntityQuerySpaceImpl@7bb9d2a]
13:23:06.845 [Test worker] DEBUG o.h.p.w.spi.MetamodelGraphWalker - Visiting attribute path : type
13:23:06.846 [Test worker] DEBUG o.h.p.w.spi.MetamodelGraphWalker - Visiting attribute path : version
13:23:06.846 [Test worker] DEBUG o.h.p.w.spi.MetamodelGraphWalker - Visiting attribute path : virtual_link_reference
13:23:06.846 [Test worker] DEBUG o.h.l.p.b.i.FetchStyleLoadPlanBuildingAssociationVisitationStrategy - Building LoadPlan...
13:23:06.846 [Test worker] DEBUG o.h.l.p.e.i.LoadQueryJoinAndFetchProcessor - processing queryspace <gen:0>
13:23:06.847 [Test worker] DEBUG o.h.l.p.b.spi.LoadPlanTreePrinter - LoadPlan(entity=org.project.neutrino.nfvo.catalogue.mano.descriptor.VNFDConnectionPoint)
    - Returns
       - EntityReturnImpl(entity=org.project.neutrino.nfvo.catalogue.mano.descriptor.VNFDConnectionPoint, querySpaceUid=<gen:0>, path=org.project.neutrino.nfvo.catalogue.mano.descriptor.VNFDConnectionPoint)
    - QuerySpaces
       - EntityQuerySpaceImpl(uid=<gen:0>, entity=org.project.neutrino.nfvo.catalogue.mano.descriptor.VNFDConnectionPoint)
          - SQL table alias mapping - vnfdconnec0_
          - alias suffix - 0_
          - suffixed key columns - {id1_4_0_}

13:23:06.849 [Test worker] DEBUG o.h.loader.entity.plan.EntityLoader - Static select for entity org.project.neutrino.nfvo.catalogue.mano.descriptor.VNFDConnectionPoint [OPTIMISTIC_FORCE_INCREMENT]: select vnfdconnec0_.id as id1_4_0_, vnfdconnec0_.type as type2_4_0_, vnfdconnec0_.version as version3_4_0_, vnfdconnec0_.virtual_link_reference as virtual_1_82_0_ from vnfdconnection_point vnfdconnec0_ where vnfdconnec0_.id=?
13:23:06.868 [Test worker] DEBUG org.hibernate.loader.Loader - Static select for action ACTION_MERGE on entity org.project.neutrino.nfvo.catalogue.mano.descriptor.VNFDConnectionPoint: select vnfdconnec0_.id as id1_4_0_, vnfdconnec0_.type as type2_4_0_, vnfdconnec0_.version as version3_4_0_, vnfdconnec0_.virtual_link_reference as virtual_1_82_0_ from vnfdconnection_point vnfdconnec0_ where vnfdconnec0_.id=?
13:23:06.868 [Test worker] DEBUG org.hibernate.loader.Loader - Static select for action ACTION_REFRESH on entity org.project.neutrino.nfvo.catalogue.mano.descriptor.VNFDConnectionPoint: select vnfdconnec0_.id as id1_4_0_, vnfdconnec0_.type as type2_4_0_, vnfdconnec0_.version as version3_4_0_, vnfdconnec0_.virtual_link_reference as virtual_1_82_0_ from vnfdconnection_point vnfdconnec0_ where vnfdconnec0_.id=?
13:23:06.869 [Test worker] DEBUG o.h.p.entity.AbstractEntityPersister - Static SQL for entity: org.project.neutrino.nfvo.catalogue.mano.descriptor.VNFDDeploymentFlavour
13:23:06.869 [Test worker] DEBUG o.h.p.entity.AbstractEntityPersister -  Version select: select version from vnfddeployment_flavour where id =?
13:23:06.869 [Test worker] DEBUG o.h.p.entity.AbstractEntityPersister -  Snapshot select: select vnfddeploy_.id, vnfddeploy_.flavour_key as flavour_2_7_, vnfddeploy_.version as version3_7_ from vnfddeployment_flavour vnfddeploy_ where vnfddeploy_.id=?
13:23:06.870 [Test worker] DEBUG o.h.p.entity.AbstractEntityPersister -  Insert 0: insert into vnfddeployment_flavour (flavour_key, version, id) values (?, ?, ?)
13:23:06.871 [Test worker] DEBUG o.h.p.entity.AbstractEntityPersister -  Update 0: update vnfddeployment_flavour set flavour_key=?, version=? where id=? and version=?
13:23:06.872 [Test worker] DEBUG o.h.p.entity.AbstractEntityPersister -  Delete 0: delete from vnfddeployment_flavour where id=? and version=?
13:23:06.872 [Test worker] DEBUG o.h.l.p.b.i.spaces.QuerySpacesImpl - Adding QuerySpace : uid = <gen:0> -> org.hibernate.loader.plan.build.internal.spaces.EntityQuerySpaceImpl@4b5add69]
13:23:06.872 [Test worker] DEBUG o.h.p.w.spi.MetamodelGraphWalker - Visiting attribute path : flavour_key
13:23:06.872 [Test worker] DEBUG o.h.p.w.spi.MetamodelGraphWalker - Visiting attribute path : version
13:23:06.873 [Test worker] DEBUG o.h.p.w.spi.MetamodelGraphWalker - Visiting attribute path : costituent_vdu
13:23:06.873 [Test worker] DEBUG o.h.p.w.spi.MetamodelGraphWalker - Visiting attribute path : df_constraint
13:23:06.873 [Test worker] DEBUG o.h.l.p.b.i.spaces.QuerySpacesImpl - Adding QuerySpace : uid = <gen:1> -> org.hibernate.loader.plan.build.internal.spaces.CollectionQuerySpaceImpl@3663b423]
13:23:06.873 [Test worker] DEBUG o.h.l.p.b.i.FetchStyleLoadPlanBuildingAssociationVisitationStrategy - Building LoadPlan...
13:23:06.873 [Test worker] DEBUG o.h.l.p.e.i.LoadQueryJoinAndFetchProcessor - processing queryspace <gen:0>
13:23:06.874 [Test worker] DEBUG o.h.l.p.b.spi.LoadPlanTreePrinter - LoadPlan(entity=org.project.neutrino.nfvo.catalogue.mano.descriptor.VNFDDeploymentFlavour)
    - Returns
       - EntityReturnImpl(entity=org.project.neutrino.nfvo.catalogue.mano.descriptor.VNFDDeploymentFlavour, querySpaceUid=<gen:0>, path=org.project.neutrino.nfvo.catalogue.mano.descriptor.VNFDDeploymentFlavour)
          - CollectionAttributeFetchImpl(collection=org.project.neutrino.nfvo.catalogue.mano.descriptor.VNFDDeploymentFlavour.df_constraint, querySpaceUid=<gen:1>, path=org.project.neutrino.nfvo.catalogue.mano.descriptor.VNFDDeploymentFlavour.df_constraint)
    - QuerySpaces
       - EntityQuerySpaceImpl(uid=<gen:0>, entity=org.project.neutrino.nfvo.catalogue.mano.descriptor.VNFDDeploymentFlavour)
          - SQL table alias mapping - vnfddeploy0_
          - alias suffix - 0_
          - suffixed key columns - {id1_7_0_}
          - JOIN (JoinDefinedByMetadata(df_constraint)) : <gen:0> -> <gen:1>
             - CollectionQuerySpaceImpl(uid=<gen:1>, collection=org.project.neutrino.nfvo.catalogue.mano.descriptor.VNFDDeploymentFlavour.df_constraint)
                - SQL table alias mapping - df_constra1_
                - alias suffix - 1_
                - suffixed key columns - {vnfddepl1_7_1_}

13:23:06.874 [Test worker] DEBUG o.h.loader.entity.plan.EntityLoader - Static select for entity org.project.neutrino.nfvo.catalogue.mano.descriptor.VNFDDeploymentFlavour [NONE]: select vnfddeploy0_.id as id1_7_0_, vnfddeploy0_.flavour_key as flavour_2_7_0_, vnfddeploy0_.version as version3_7_0_, df_constra1_.vnfddeployment_flavour_id as vnfddepl1_7_1_, df_constra1_.df_constraint as df_const2_85_1_ from vnfddeployment_flavour vnfddeploy0_ left outer join vnfddeployment_flavour_df_constraint df_constra1_ on vnfddeploy0_.id=df_constra1_.vnfddeployment_flavour_id where vnfddeploy0_.id=?
13:23:06.874 [Test worker] DEBUG o.h.l.p.b.i.spaces.QuerySpacesImpl - Adding QuerySpace : uid = <gen:0> -> org.hibernate.loader.plan.build.internal.spaces.EntityQuerySpaceImpl@17160134]
13:23:06.874 [Test worker] DEBUG o.h.p.w.spi.MetamodelGraphWalker - Visiting attribute path : flavour_key
13:23:06.875 [Test worker] DEBUG o.h.p.w.spi.MetamodelGraphWalker - Visiting attribute path : version
13:23:06.875 [Test worker] DEBUG o.h.p.w.spi.MetamodelGraphWalker - Visiting attribute path : costituent_vdu
13:23:06.875 [Test worker] DEBUG o.h.p.w.spi.MetamodelGraphWalker - Visiting attribute path : df_constraint
13:23:06.875 [Test worker] DEBUG o.h.l.p.b.i.spaces.QuerySpacesImpl - Adding QuerySpace : uid = <gen:1> -> org.hibernate.loader.plan.build.internal.spaces.CollectionQuerySpaceImpl@7c7e4d85]
13:23:06.875 [Test worker] DEBUG o.h.l.p.b.i.FetchStyleLoadPlanBuildingAssociationVisitationStrategy - Building LoadPlan...
13:23:06.875 [Test worker] DEBUG o.h.l.p.e.i.LoadQueryJoinAndFetchProcessor - processing queryspace <gen:0>
13:23:06.876 [Test worker] DEBUG o.h.l.p.b.spi.LoadPlanTreePrinter - LoadPlan(entity=org.project.neutrino.nfvo.catalogue.mano.descriptor.VNFDDeploymentFlavour)
    - Returns
       - EntityReturnImpl(entity=org.project.neutrino.nfvo.catalogue.mano.descriptor.VNFDDeploymentFlavour, querySpaceUid=<gen:0>, path=org.project.neutrino.nfvo.catalogue.mano.descriptor.VNFDDeploymentFlavour)
          - CollectionAttributeFetchImpl(collection=org.project.neutrino.nfvo.catalogue.mano.descriptor.VNFDDeploymentFlavour.df_constraint, querySpaceUid=<gen:1>, path=org.project.neutrino.nfvo.catalogue.mano.descriptor.VNFDDeploymentFlavour.df_constraint)
    - QuerySpaces
       - EntityQuerySpaceImpl(uid=<gen:0>, entity=org.project.neutrino.nfvo.catalogue.mano.descriptor.VNFDDeploymentFlavour)
          - SQL table alias mapping - vnfddeploy0_
          - alias suffix - 0_
          - suffixed key columns - {id1_7_0_}
          - JOIN (JoinDefinedByMetadata(df_constraint)) : <gen:0> -> <gen:1>
             - CollectionQuerySpaceImpl(uid=<gen:1>, collection=org.project.neutrino.nfvo.catalogue.mano.descriptor.VNFDDeploymentFlavour.df_constraint)
                - SQL table alias mapping - df_constra1_
                - alias suffix - 1_
                - suffixed key columns - {vnfddepl1_7_1_}

13:23:06.876 [Test worker] DEBUG o.h.loader.entity.plan.EntityLoader - Static select for entity org.project.neutrino.nfvo.catalogue.mano.descriptor.VNFDDeploymentFlavour [READ]: select vnfddeploy0_.id as id1_7_0_, vnfddeploy0_.flavour_key as flavour_2_7_0_, vnfddeploy0_.version as version3_7_0_, df_constra1_.vnfddeployment_flavour_id as vnfddepl1_7_1_, df_constra1_.df_constraint as df_const2_85_1_ from vnfddeployment_flavour vnfddeploy0_ left outer join vnfddeployment_flavour_df_constraint df_constra1_ on vnfddeploy0_.id=df_constra1_.vnfddeployment_flavour_id where vnfddeploy0_.id=?
13:23:06.876 [Test worker] DEBUG o.h.l.p.b.i.spaces.QuerySpacesImpl - Adding QuerySpace : uid = <gen:0> -> org.hibernate.loader.plan.build.internal.spaces.EntityQuerySpaceImpl@7e054262]
13:23:06.876 [Test worker] DEBUG o.h.p.w.spi.MetamodelGraphWalker - Visiting attribute path : flavour_key
13:23:06.876 [Test worker] DEBUG o.h.p.w.spi.MetamodelGraphWalker - Visiting attribute path : version
13:23:06.877 [Test worker] DEBUG o.h.p.w.spi.MetamodelGraphWalker - Visiting attribute path : costituent_vdu
13:23:06.877 [Test worker] DEBUG o.h.p.w.spi.MetamodelGraphWalker - Visiting attribute path : df_constraint
13:23:06.877 [Test worker] DEBUG o.h.l.p.b.i.spaces.QuerySpacesImpl - Adding QuerySpace : uid = <gen:1> -> org.hibernate.loader.plan.build.internal.spaces.CollectionQuerySpaceImpl@27d4561]
13:23:06.877 [Test worker] DEBUG o.h.l.p.b.i.FetchStyleLoadPlanBuildingAssociationVisitationStrategy - Building LoadPlan...
13:23:06.877 [Test worker] DEBUG o.h.l.p.e.i.LoadQueryJoinAndFetchProcessor - processing queryspace <gen:0>
13:23:06.877 [Test worker] DEBUG o.h.l.p.b.spi.LoadPlanTreePrinter - LoadPlan(entity=org.project.neutrino.nfvo.catalogue.mano.descriptor.VNFDDeploymentFlavour)
    - Returns
       - EntityReturnImpl(entity=org.project.neutrino.nfvo.catalogue.mano.descriptor.VNFDDeploymentFlavour, querySpaceUid=<gen:0>, path=org.project.neutrino.nfvo.catalogue.mano.descriptor.VNFDDeploymentFlavour)
          - CollectionAttributeFetchImpl(collection=org.project.neutrino.nfvo.catalogue.mano.descriptor.VNFDDeploymentFlavour.df_constraint, querySpaceUid=<gen:1>, path=org.project.neutrino.nfvo.catalogue.mano.descriptor.VNFDDeploymentFlavour.df_constraint)
    - QuerySpaces
       - EntityQuerySpaceImpl(uid=<gen:0>, entity=org.project.neutrino.nfvo.catalogue.mano.descriptor.VNFDDeploymentFlavour)
          - SQL table alias mapping - vnfddeploy0_
          - alias suffix - 0_
          - suffixed key columns - {id1_7_0_}

13:23:06.877 [Test worker] DEBUG o.h.loader.entity.plan.EntityLoader - Static select for entity org.project.neutrino.nfvo.catalogue.mano.descriptor.VNFDDeploymentFlavour [UPGRADE]: select vnfddeploy0_.id as id1_7_0_, vnfddeploy0_.flavour_key as flavour_2_7_0_, vnfddeploy0_.version as version3_7_0_ from vnfddeployment_flavour vnfddeploy0_ where vnfddeploy0_.id=? for update
13:23:06.878 [Test worker] DEBUG o.h.l.p.b.i.spaces.QuerySpacesImpl - Adding QuerySpace : uid = <gen:0> -> org.hibernate.loader.plan.build.internal.spaces.EntityQuerySpaceImpl@6e55e48d]
13:23:06.878 [Test worker] DEBUG o.h.p.w.spi.MetamodelGraphWalker - Visiting attribute path : flavour_key
13:23:06.878 [Test worker] DEBUG o.h.p.w.spi.MetamodelGraphWalker - Visiting attribute path : version
13:23:06.878 [Test worker] DEBUG o.h.p.w.spi.MetamodelGraphWalker - Visiting attribute path : costituent_vdu
13:23:06.878 [Test worker] DEBUG o.h.p.w.spi.MetamodelGraphWalker - Visiting attribute path : df_constraint
13:23:06.878 [Test worker] DEBUG o.h.l.p.b.i.spaces.QuerySpacesImpl - Adding QuerySpace : uid = <gen:1> -> org.hibernate.loader.plan.build.internal.spaces.CollectionQuerySpaceImpl@410581b7]
13:23:06.878 [Test worker] DEBUG o.h.l.p.b.i.FetchStyleLoadPlanBuildingAssociationVisitationStrategy - Building LoadPlan...
13:23:06.878 [Test worker] DEBUG o.h.l.p.e.i.LoadQueryJoinAndFetchProcessor - processing queryspace <gen:0>
13:23:06.878 [Test worker] DEBUG o.h.l.p.b.spi.LoadPlanTreePrinter - LoadPlan(entity=org.project.neutrino.nfvo.catalogue.mano.descriptor.VNFDDeploymentFlavour)
    - Returns
       - EntityReturnImpl(entity=org.project.neutrino.nfvo.catalogue.mano.descriptor.VNFDDeploymentFlavour, querySpaceUid=<gen:0>, path=org.project.neutrino.nfvo.catalogue.mano.descriptor.VNFDDeploymentFlavour)
          - CollectionAttributeFetchImpl(collection=org.project.neutrino.nfvo.catalogue.mano.descriptor.VNFDDeploymentFlavour.df_constraint, querySpaceUid=<gen:1>, path=org.project.neutrino.nfvo.catalogue.mano.descriptor.VNFDDeploymentFlavour.df_constraint)
    - QuerySpaces
       - EntityQuerySpaceImpl(uid=<gen:0>, entity=org.project.neutrino.nfvo.catalogue.mano.descriptor.VNFDDeploymentFlavour)
          - SQL table alias mapping - vnfddeploy0_
          - alias suffix - 0_
          - suffixed key columns - {id1_7_0_}

13:23:06.878 [Test worker] DEBUG o.h.loader.entity.plan.EntityLoader - Static select for entity org.project.neutrino.nfvo.catalogue.mano.descriptor.VNFDDeploymentFlavour [UPGRADE_NOWAIT]: select vnfddeploy0_.id as id1_7_0_, vnfddeploy0_.flavour_key as flavour_2_7_0_, vnfddeploy0_.version as version3_7_0_ from vnfddeployment_flavour vnfddeploy0_ where vnfddeploy0_.id=? for update
13:23:06.878 [Test worker] DEBUG o.h.l.p.b.i.spaces.QuerySpacesImpl - Adding QuerySpace : uid = <gen:0> -> org.hibernate.loader.plan.build.internal.spaces.EntityQuerySpaceImpl@508736ba]
13:23:06.878 [Test worker] DEBUG o.h.p.w.spi.MetamodelGraphWalker - Visiting attribute path : flavour_key
13:23:06.878 [Test worker] DEBUG o.h.p.w.spi.MetamodelGraphWalker - Visiting attribute path : version
13:23:06.878 [Test worker] DEBUG o.h.p.w.spi.MetamodelGraphWalker - Visiting attribute path : costituent_vdu
13:23:06.878 [Test worker] DEBUG o.h.p.w.spi.MetamodelGraphWalker - Visiting attribute path : df_constraint
13:23:06.878 [Test worker] DEBUG o.h.l.p.b.i.spaces.QuerySpacesImpl - Adding QuerySpace : uid = <gen:1> -> org.hibernate.loader.plan.build.internal.spaces.CollectionQuerySpaceImpl@5bc45715]
13:23:06.879 [Test worker] DEBUG o.h.l.p.b.i.FetchStyleLoadPlanBuildingAssociationVisitationStrategy - Building LoadPlan...
13:23:06.879 [Test worker] DEBUG o.h.l.p.e.i.LoadQueryJoinAndFetchProcessor - processing queryspace <gen:0>
13:23:06.879 [Test worker] DEBUG o.h.l.p.b.spi.LoadPlanTreePrinter - LoadPlan(entity=org.project.neutrino.nfvo.catalogue.mano.descriptor.VNFDDeploymentFlavour)
    - Returns
       - EntityReturnImpl(entity=org.project.neutrino.nfvo.catalogue.mano.descriptor.VNFDDeploymentFlavour, querySpaceUid=<gen:0>, path=org.project.neutrino.nfvo.catalogue.mano.descriptor.VNFDDeploymentFlavour)
          - CollectionAttributeFetchImpl(collection=org.project.neutrino.nfvo.catalogue.mano.descriptor.VNFDDeploymentFlavour.df_constraint, querySpaceUid=<gen:1>, path=org.project.neutrino.nfvo.catalogue.mano.descriptor.VNFDDeploymentFlavour.df_constraint)
    - QuerySpaces
       - EntityQuerySpaceImpl(uid=<gen:0>, entity=org.project.neutrino.nfvo.catalogue.mano.descriptor.VNFDDeploymentFlavour)
          - SQL table alias mapping - vnfddeploy0_
          - alias suffix - 0_
          - suffixed key columns - {id1_7_0_}

13:23:06.879 [Test worker] DEBUG o.h.loader.entity.plan.EntityLoader - Static select for entity org.project.neutrino.nfvo.catalogue.mano.descriptor.VNFDDeploymentFlavour [UPGRADE_SKIPLOCKED]: select vnfddeploy0_.id as id1_7_0_, vnfddeploy0_.flavour_key as flavour_2_7_0_, vnfddeploy0_.version as version3_7_0_ from vnfddeployment_flavour vnfddeploy0_ where vnfddeploy0_.id=? for update
13:23:06.879 [Test worker] DEBUG o.h.l.p.b.i.spaces.QuerySpacesImpl - Adding QuerySpace : uid = <gen:0> -> org.hibernate.loader.plan.build.internal.spaces.EntityQuerySpaceImpl@373152c4]
13:23:06.879 [Test worker] DEBUG o.h.p.w.spi.MetamodelGraphWalker - Visiting attribute path : flavour_key
13:23:06.879 [Test worker] DEBUG o.h.p.w.spi.MetamodelGraphWalker - Visiting attribute path : version
13:23:06.879 [Test worker] DEBUG o.h.p.w.spi.MetamodelGraphWalker - Visiting attribute path : costituent_vdu
13:23:06.879 [Test worker] DEBUG o.h.p.w.spi.MetamodelGraphWalker - Visiting attribute path : df_constraint
13:23:06.879 [Test worker] DEBUG o.h.l.p.b.i.spaces.QuerySpacesImpl - Adding QuerySpace : uid = <gen:1> -> org.hibernate.loader.plan.build.internal.spaces.CollectionQuerySpaceImpl@1949dcbd]
13:23:06.879 [Test worker] DEBUG o.h.l.p.b.i.FetchStyleLoadPlanBuildingAssociationVisitationStrategy - Building LoadPlan...
13:23:06.879 [Test worker] DEBUG o.h.l.p.e.i.LoadQueryJoinAndFetchProcessor - processing queryspace <gen:0>
13:23:06.881 [Test worker] DEBUG o.h.l.p.b.spi.LoadPlanTreePrinter - LoadPlan(entity=org.project.neutrino.nfvo.catalogue.mano.descriptor.VNFDDeploymentFlavour)
    - Returns
       - EntityReturnImpl(entity=org.project.neutrino.nfvo.catalogue.mano.descriptor.VNFDDeploymentFlavour, querySpaceUid=<gen:0>, path=org.project.neutrino.nfvo.catalogue.mano.descriptor.VNFDDeploymentFlavour)
          - CollectionAttributeFetchImpl(collection=org.project.neutrino.nfvo.catalogue.mano.descriptor.VNFDDeploymentFlavour.df_constraint, querySpaceUid=<gen:1>, path=org.project.neutrino.nfvo.catalogue.mano.descriptor.VNFDDeploymentFlavour.df_constraint)
    - QuerySpaces
       - EntityQuerySpaceImpl(uid=<gen:0>, entity=org.project.neutrino.nfvo.catalogue.mano.descriptor.VNFDDeploymentFlavour)
          - SQL table alias mapping - vnfddeploy0_
          - alias suffix - 0_
          - suffixed key columns - {id1_7_0_}

13:23:06.881 [Test worker] DEBUG o.h.loader.entity.plan.EntityLoader - Static select for entity org.project.neutrino.nfvo.catalogue.mano.descriptor.VNFDDeploymentFlavour [FORCE]: select vnfddeploy0_.id as id1_7_0_, vnfddeploy0_.flavour_key as flavour_2_7_0_, vnfddeploy0_.version as version3_7_0_ from vnfddeployment_flavour vnfddeploy0_ where vnfddeploy0_.id=? for update
13:23:06.881 [Test worker] DEBUG o.h.l.p.b.i.spaces.QuerySpacesImpl - Adding QuerySpace : uid = <gen:0> -> org.hibernate.loader.plan.build.internal.spaces.EntityQuerySpaceImpl@403b0943]
13:23:06.881 [Test worker] DEBUG o.h.p.w.spi.MetamodelGraphWalker - Visiting attribute path : flavour_key
13:23:06.881 [Test worker] DEBUG o.h.p.w.spi.MetamodelGraphWalker - Visiting attribute path : version
13:23:06.881 [Test worker] DEBUG o.h.p.w.spi.MetamodelGraphWalker - Visiting attribute path : costituent_vdu
13:23:06.881 [Test worker] DEBUG o.h.p.w.spi.MetamodelGraphWalker - Visiting attribute path : df_constraint
13:23:06.882 [Test worker] DEBUG o.h.l.p.b.i.spaces.QuerySpacesImpl - Adding QuerySpace : uid = <gen:1> -> org.hibernate.loader.plan.build.internal.spaces.CollectionQuerySpaceImpl@4e21c782]
13:23:06.882 [Test worker] DEBUG o.h.l.p.b.i.FetchStyleLoadPlanBuildingAssociationVisitationStrategy - Building LoadPlan...
13:23:06.882 [Test worker] DEBUG o.h.l.p.e.i.LoadQueryJoinAndFetchProcessor - processing queryspace <gen:0>
13:23:06.882 [Test worker] DEBUG o.h.l.p.b.spi.LoadPlanTreePrinter - LoadPlan(entity=org.project.neutrino.nfvo.catalogue.mano.descriptor.VNFDDeploymentFlavour)
    - Returns
       - EntityReturnImpl(entity=org.project.neutrino.nfvo.catalogue.mano.descriptor.VNFDDeploymentFlavour, querySpaceUid=<gen:0>, path=org.project.neutrino.nfvo.catalogue.mano.descriptor.VNFDDeploymentFlavour)
          - CollectionAttributeFetchImpl(collection=org.project.neutrino.nfvo.catalogue.mano.descriptor.VNFDDeploymentFlavour.df_constraint, querySpaceUid=<gen:1>, path=org.project.neutrino.nfvo.catalogue.mano.descriptor.VNFDDeploymentFlavour.df_constraint)
    - QuerySpaces
       - EntityQuerySpaceImpl(uid=<gen:0>, entity=org.project.neutrino.nfvo.catalogue.mano.descriptor.VNFDDeploymentFlavour)
          - SQL table alias mapping - vnfddeploy0_
          - alias suffix - 0_
          - suffixed key columns - {id1_7_0_}

13:23:06.882 [Test worker] DEBUG o.h.loader.entity.plan.EntityLoader - Static select for entity org.project.neutrino.nfvo.catalogue.mano.descriptor.VNFDDeploymentFlavour [PESSIMISTIC_READ]: select vnfddeploy0_.id as id1_7_0_, vnfddeploy0_.flavour_key as flavour_2_7_0_, vnfddeploy0_.version as version3_7_0_ from vnfddeployment_flavour vnfddeploy0_ where vnfddeploy0_.id=? lock in share mode
13:23:06.883 [Test worker] DEBUG o.h.l.p.b.i.spaces.QuerySpacesImpl - Adding QuerySpace : uid = <gen:0> -> org.hibernate.loader.plan.build.internal.spaces.EntityQuerySpaceImpl@bb14fe1]
13:23:06.883 [Test worker] DEBUG o.h.p.w.spi.MetamodelGraphWalker - Visiting attribute path : flavour_key
13:23:06.883 [Test worker] DEBUG o.h.p.w.spi.MetamodelGraphWalker - Visiting attribute path : version
13:23:06.883 [Test worker] DEBUG o.h.p.w.spi.MetamodelGraphWalker - Visiting attribute path : costituent_vdu
13:23:06.883 [Test worker] DEBUG o.h.p.w.spi.MetamodelGraphWalker - Visiting attribute path : df_constraint
13:23:06.883 [Test worker] DEBUG o.h.l.p.b.i.spaces.QuerySpacesImpl - Adding QuerySpace : uid = <gen:1> -> org.hibernate.loader.plan.build.internal.spaces.CollectionQuerySpaceImpl@5a4e8a1]
13:23:06.883 [Test worker] DEBUG o.h.l.p.b.i.FetchStyleLoadPlanBuildingAssociationVisitationStrategy - Building LoadPlan...
13:23:06.883 [Test worker] DEBUG o.h.l.p.e.i.LoadQueryJoinAndFetchProcessor - processing queryspace <gen:0>
13:23:06.884 [Test worker] DEBUG o.h.l.p.b.spi.LoadPlanTreePrinter - LoadPlan(entity=org.project.neutrino.nfvo.catalogue.mano.descriptor.VNFDDeploymentFlavour)
    - Returns
       - EntityReturnImpl(entity=org.project.neutrino.nfvo.catalogue.mano.descriptor.VNFDDeploymentFlavour, querySpaceUid=<gen:0>, path=org.project.neutrino.nfvo.catalogue.mano.descriptor.VNFDDeploymentFlavour)
          - CollectionAttributeFetchImpl(collection=org.project.neutrino.nfvo.catalogue.mano.descriptor.VNFDDeploymentFlavour.df_constraint, querySpaceUid=<gen:1>, path=org.project.neutrino.nfvo.catalogue.mano.descriptor.VNFDDeploymentFlavour.df_constraint)
    - QuerySpaces
       - EntityQuerySpaceImpl(uid=<gen:0>, entity=org.project.neutrino.nfvo.catalogue.mano.descriptor.VNFDDeploymentFlavour)
          - SQL table alias mapping - vnfddeploy0_
          - alias suffix - 0_
          - suffixed key columns - {id1_7_0_}

13:23:06.884 [Test worker] DEBUG o.h.loader.entity.plan.EntityLoader - Static select for entity org.project.neutrino.nfvo.catalogue.mano.descriptor.VNFDDeploymentFlavour [PESSIMISTIC_WRITE]: select vnfddeploy0_.id as id1_7_0_, vnfddeploy0_.flavour_key as flavour_2_7_0_, vnfddeploy0_.version as version3_7_0_ from vnfddeployment_flavour vnfddeploy0_ where vnfddeploy0_.id=? for update
13:23:06.884 [Test worker] DEBUG o.h.l.p.b.i.spaces.QuerySpacesImpl - Adding QuerySpace : uid = <gen:0> -> org.hibernate.loader.plan.build.internal.spaces.EntityQuerySpaceImpl@da4a4ec]
13:23:06.884 [Test worker] DEBUG o.h.p.w.spi.MetamodelGraphWalker - Visiting attribute path : flavour_key
13:23:06.884 [Test worker] DEBUG o.h.p.w.spi.MetamodelGraphWalker - Visiting attribute path : version
13:23:06.884 [Test worker] DEBUG o.h.p.w.spi.MetamodelGraphWalker - Visiting attribute path : costituent_vdu
13:23:06.884 [Test worker] DEBUG o.h.p.w.spi.MetamodelGraphWalker - Visiting attribute path : df_constraint
13:23:06.885 [Test worker] DEBUG o.h.l.p.b.i.spaces.QuerySpacesImpl - Adding QuerySpace : uid = <gen:1> -> org.hibernate.loader.plan.build.internal.spaces.CollectionQuerySpaceImpl@44702455]
13:23:06.885 [Test worker] DEBUG o.h.l.p.b.i.FetchStyleLoadPlanBuildingAssociationVisitationStrategy - Building LoadPlan...
13:23:06.885 [Test worker] DEBUG o.h.l.p.e.i.LoadQueryJoinAndFetchProcessor - processing queryspace <gen:0>
13:23:06.885 [Test worker] DEBUG o.h.l.p.b.spi.LoadPlanTreePrinter - LoadPlan(entity=org.project.neutrino.nfvo.catalogue.mano.descriptor.VNFDDeploymentFlavour)
    - Returns
       - EntityReturnImpl(entity=org.project.neutrino.nfvo.catalogue.mano.descriptor.VNFDDeploymentFlavour, querySpaceUid=<gen:0>, path=org.project.neutrino.nfvo.catalogue.mano.descriptor.VNFDDeploymentFlavour)
          - CollectionAttributeFetchImpl(collection=org.project.neutrino.nfvo.catalogue.mano.descriptor.VNFDDeploymentFlavour.df_constraint, querySpaceUid=<gen:1>, path=org.project.neutrino.nfvo.catalogue.mano.descriptor.VNFDDeploymentFlavour.df_constraint)
    - QuerySpaces
       - EntityQuerySpaceImpl(uid=<gen:0>, entity=org.project.neutrino.nfvo.catalogue.mano.descriptor.VNFDDeploymentFlavour)
          - SQL table alias mapping - vnfddeploy0_
          - alias suffix - 0_
          - suffixed key columns - {id1_7_0_}

13:23:06.886 [Test worker] DEBUG o.h.loader.entity.plan.EntityLoader - Static select for entity org.project.neutrino.nfvo.catalogue.mano.descriptor.VNFDDeploymentFlavour [PESSIMISTIC_FORCE_INCREMENT]: select vnfddeploy0_.id as id1_7_0_, vnfddeploy0_.flavour_key as flavour_2_7_0_, vnfddeploy0_.version as version3_7_0_ from vnfddeployment_flavour vnfddeploy0_ where vnfddeploy0_.id=? for update
13:23:06.886 [Test worker] DEBUG o.h.l.p.b.i.spaces.QuerySpacesImpl - Adding QuerySpace : uid = <gen:0> -> org.hibernate.loader.plan.build.internal.spaces.EntityQuerySpaceImpl@1e616b8d]
13:23:06.886 [Test worker] DEBUG o.h.p.w.spi.MetamodelGraphWalker - Visiting attribute path : flavour_key
13:23:06.886 [Test worker] DEBUG o.h.p.w.spi.MetamodelGraphWalker - Visiting attribute path : version
13:23:06.886 [Test worker] DEBUG o.h.p.w.spi.MetamodelGraphWalker - Visiting attribute path : costituent_vdu
13:23:06.886 [Test worker] DEBUG o.h.p.w.spi.MetamodelGraphWalker - Visiting attribute path : df_constraint
13:23:06.886 [Test worker] DEBUG o.h.l.p.b.i.spaces.QuerySpacesImpl - Adding QuerySpace : uid = <gen:1> -> org.hibernate.loader.plan.build.internal.spaces.CollectionQuerySpaceImpl@67f1380b]
13:23:06.886 [Test worker] DEBUG o.h.l.p.b.i.FetchStyleLoadPlanBuildingAssociationVisitationStrategy - Building LoadPlan...
13:23:06.887 [Test worker] DEBUG o.h.l.p.e.i.LoadQueryJoinAndFetchProcessor - processing queryspace <gen:0>
13:23:06.887 [Test worker] DEBUG o.h.l.p.b.spi.LoadPlanTreePrinter - LoadPlan(entity=org.project.neutrino.nfvo.catalogue.mano.descriptor.VNFDDeploymentFlavour)
    - Returns
       - EntityReturnImpl(entity=org.project.neutrino.nfvo.catalogue.mano.descriptor.VNFDDeploymentFlavour, querySpaceUid=<gen:0>, path=org.project.neutrino.nfvo.catalogue.mano.descriptor.VNFDDeploymentFlavour)
          - CollectionAttributeFetchImpl(collection=org.project.neutrino.nfvo.catalogue.mano.descriptor.VNFDDeploymentFlavour.df_constraint, querySpaceUid=<gen:1>, path=org.project.neutrino.nfvo.catalogue.mano.descriptor.VNFDDeploymentFlavour.df_constraint)
    - QuerySpaces
       - EntityQuerySpaceImpl(uid=<gen:0>, entity=org.project.neutrino.nfvo.catalogue.mano.descriptor.VNFDDeploymentFlavour)
          - SQL table alias mapping - vnfddeploy0_
          - alias suffix - 0_
          - suffixed key columns - {id1_7_0_}

13:23:06.887 [Test worker] DEBUG o.h.loader.entity.plan.EntityLoader - Static select for entity org.project.neutrino.nfvo.catalogue.mano.descriptor.VNFDDeploymentFlavour [OPTIMISTIC]: select vnfddeploy0_.id as id1_7_0_, vnfddeploy0_.flavour_key as flavour_2_7_0_, vnfddeploy0_.version as version3_7_0_ from vnfddeployment_flavour vnfddeploy0_ where vnfddeploy0_.id=?
13:23:06.887 [Test worker] DEBUG o.h.l.p.b.i.spaces.QuerySpacesImpl - Adding QuerySpace : uid = <gen:0> -> org.hibernate.loader.plan.build.internal.spaces.EntityQuerySpaceImpl@d968f7d]
13:23:06.888 [Test worker] DEBUG o.h.p.w.spi.MetamodelGraphWalker - Visiting attribute path : flavour_key
13:23:06.888 [Test worker] DEBUG o.h.p.w.spi.MetamodelGraphWalker - Visiting attribute path : version
13:23:06.888 [Test worker] DEBUG o.h.p.w.spi.MetamodelGraphWalker - Visiting attribute path : costituent_vdu
13:23:06.888 [Test worker] DEBUG o.h.p.w.spi.MetamodelGraphWalker - Visiting attribute path : df_constraint
13:23:06.888 [Test worker] DEBUG o.h.l.p.b.i.spaces.QuerySpacesImpl - Adding QuerySpace : uid = <gen:1> -> org.hibernate.loader.plan.build.internal.spaces.CollectionQuerySpaceImpl@2b86f696]
13:23:06.888 [Test worker] DEBUG o.h.l.p.b.i.FetchStyleLoadPlanBuildingAssociationVisitationStrategy - Building LoadPlan...
13:23:06.888 [Test worker] DEBUG o.h.l.p.e.i.LoadQueryJoinAndFetchProcessor - processing queryspace <gen:0>
13:23:06.889 [Test worker] DEBUG o.h.l.p.b.spi.LoadPlanTreePrinter - LoadPlan(entity=org.project.neutrino.nfvo.catalogue.mano.descriptor.VNFDDeploymentFlavour)
    - Returns
       - EntityReturnImpl(entity=org.project.neutrino.nfvo.catalogue.mano.descriptor.VNFDDeploymentFlavour, querySpaceUid=<gen:0>, path=org.project.neutrino.nfvo.catalogue.mano.descriptor.VNFDDeploymentFlavour)
          - CollectionAttributeFetchImpl(collection=org.project.neutrino.nfvo.catalogue.mano.descriptor.VNFDDeploymentFlavour.df_constraint, querySpaceUid=<gen:1>, path=org.project.neutrino.nfvo.catalogue.mano.descriptor.VNFDDeploymentFlavour.df_constraint)
    - QuerySpaces
       - EntityQuerySpaceImpl(uid=<gen:0>, entity=org.project.neutrino.nfvo.catalogue.mano.descriptor.VNFDDeploymentFlavour)
          - SQL table alias mapping - vnfddeploy0_
          - alias suffix - 0_
          - suffixed key columns - {id1_7_0_}

13:23:06.889 [Test worker] DEBUG o.h.loader.entity.plan.EntityLoader - Static select for entity org.project.neutrino.nfvo.catalogue.mano.descriptor.VNFDDeploymentFlavour [OPTIMISTIC_FORCE_INCREMENT]: select vnfddeploy0_.id as id1_7_0_, vnfddeploy0_.flavour_key as flavour_2_7_0_, vnfddeploy0_.version as version3_7_0_ from vnfddeployment_flavour vnfddeploy0_ where vnfddeploy0_.id=?
13:23:06.889 [Test worker] DEBUG org.hibernate.loader.Loader - Static select for action ACTION_MERGE on entity org.project.neutrino.nfvo.catalogue.mano.descriptor.VNFDDeploymentFlavour: select vnfddeploy0_.id as id1_7_1_, vnfddeploy0_.flavour_key as flavour_2_7_1_, vnfddeploy0_.version as version3_7_1_, costituent1_.vnfddeployment_flavour_id as vnfddepl1_7_3_, costituent2_.id as costitue2_84_3_, costituent2_.id as id1_5_0_, costituent2_.constituent_vnfc as constitu2_5_0_, costituent2_.number_of_instances as number_o3_5_0_, costituent2_.vdu_reference as vdu_refe4_5_0_, costituent2_.version as version5_5_0_ from vnfddeployment_flavour vnfddeploy0_ left outer join vnfddeployment_flavour_costituent_vdu costituent1_ on vnfddeploy0_.id=costituent1_.vnfddeployment_flavour_id left outer join costituentvdu costituent2_ on costituent1_.costituent_vdu_id=costituent2_.id where vnfddeploy0_.id=?
13:23:06.890 [Test worker] DEBUG org.hibernate.loader.Loader - Static select for action ACTION_REFRESH on entity org.project.neutrino.nfvo.catalogue.mano.descriptor.VNFDDeploymentFlavour: select vnfddeploy0_.id as id1_7_0_, vnfddeploy0_.flavour_key as flavour_2_7_0_, vnfddeploy0_.version as version3_7_0_ from vnfddeployment_flavour vnfddeploy0_ where vnfddeploy0_.id=?
13:23:06.890 [Test worker] DEBUG o.h.p.entity.AbstractEntityPersister - Static SQL for entity: org.project.neutrino.nfvo.catalogue.mano.record.VirtualNetworkFunctionRecord
13:23:06.890 [Test worker] DEBUG o.h.p.entity.AbstractEntityPersister -  Version select: select id from virtual_network_function_record where id =?
13:23:06.890 [Test worker] DEBUG o.h.p.entity.AbstractEntityPersister -  Snapshot select: select virtualnet_.id, virtualnet_.audit_log as audit_lo2_68_, virtualnet_.deployment_flavour_id as deployme9_68_, virtualnet_.descriptor_reference as descript3_68_, virtualnet_.lifecycle_event_id as lifecyc10_68_, virtualnet_.localization as localiza4_68_, virtualnet_.parent_ns_id as parent_11_68_, virtualnet_.status as status5_68_, virtualnet_.vendor as vendor6_68_, virtualnet_.version as version7_68_, virtualnet_.vnfm_id as vnfm_id8_68_ from virtual_network_function_record virtualnet_ where virtualnet_.id=?
13:23:06.890 [Test worker] DEBUG o.h.p.entity.AbstractEntityPersister -  Insert 0: insert into virtual_network_function_record (audit_log, deployment_flavour_id, descriptor_reference, lifecycle_event_id, localization, parent_ns_id, status, vendor, version, vnfm_id, id) values (?, ?, ?, ?, ?, ?, ?, ?, ?, ?, ?)
13:23:06.890 [Test worker] DEBUG o.h.p.entity.AbstractEntityPersister -  Update 0: update virtual_network_function_record set audit_log=?, deployment_flavour_id=?, descriptor_reference=?, lifecycle_event_id=?, localization=?, parent_ns_id=?, status=?, vendor=?, version=?, vnfm_id=? where id=?
13:23:06.890 [Test worker] DEBUG o.h.p.entity.AbstractEntityPersister -  Delete 0: delete from virtual_network_function_record where id=?
13:23:06.891 [Test worker] DEBUG o.h.l.p.b.i.spaces.QuerySpacesImpl - Adding QuerySpace : uid = <gen:0> -> org.hibernate.loader.plan.build.internal.spaces.EntityQuerySpaceImpl@29a7082d]
13:23:06.891 [Test worker] DEBUG o.h.p.w.spi.MetamodelGraphWalker - Visiting attribute path : audit_log
13:23:06.891 [Test worker] DEBUG o.h.p.w.spi.MetamodelGraphWalker - Visiting attribute path : auto_scale_policy
13:23:06.891 [Test worker] DEBUG o.h.l.p.b.i.spaces.QuerySpacesImpl - Adding QuerySpace : uid = <gen:1> -> org.hibernate.loader.plan.build.internal.spaces.CollectionQuerySpaceImpl@39317bd2]
13:23:06.891 [Test worker] DEBUG o.h.l.p.b.i.spaces.QuerySpacesImpl - Adding QuerySpace : uid = <gen:2> -> org.hibernate.loader.plan.build.internal.spaces.EntityQuerySpaceImpl@5fb83553]
13:23:06.891 [Test worker] DEBUG o.h.p.w.spi.MetamodelGraphWalker - Visiting attribute path : auto_scale_policy.version
13:23:06.891 [Test worker] DEBUG o.h.p.w.spi.MetamodelGraphWalker - Visiting attribute path : connected_external_virtual_link
13:23:06.892 [Test worker] DEBUG o.h.l.p.b.i.spaces.QuerySpacesImpl - Adding QuerySpace : uid = <gen:3> -> org.hibernate.loader.plan.build.internal.spaces.CollectionQuerySpaceImpl@6da179f7]
13:23:06.892 [Test worker] DEBUG o.h.l.p.b.i.spaces.QuerySpacesImpl - Adding QuerySpace : uid = <gen:4> -> org.hibernate.loader.plan.build.internal.spaces.EntityQuerySpaceImpl@44e7f5c]
13:23:06.892 [Test worker] DEBUG o.h.p.w.spi.MetamodelGraphWalker - Visiting attribute path : connected_external_virtual_link.allocated_capacity
13:23:06.892 [Test worker] DEBUG o.h.p.w.spi.MetamodelGraphWalker - Visiting attribute path : connected_external_virtual_link.audit_log
13:23:06.892 [Test worker] DEBUG o.h.p.w.spi.MetamodelGraphWalker - Visiting attribute path : connected_external_virtual_link.connection
13:23:06.892 [Test worker] DEBUG o.h.p.w.spi.MetamodelGraphWalker - Visiting attribute path : connected_external_virtual_link.connectivity_type
13:23:06.892 [Test worker] DEBUG o.h.p.w.spi.MetamodelGraphWalker - Visiting attribute path : connected_external_virtual_link.descriptor_reference
13:23:06.892 [Test worker] DEBUG o.h.p.w.spi.MetamodelGraphWalker - Visiting attribute path : connected_external_virtual_link.leaf_requirement
13:23:06.892 [Test worker] DEBUG o.h.p.w.spi.MetamodelGraphWalker - Visiting attribute path : connected_external_virtual_link.lifecycle_event_history
13:23:06.892 [Test worker] DEBUG o.h.l.p.b.i.spaces.QuerySpacesImpl - Adding QuerySpace : uid = <gen:5> -> org.hibernate.loader.plan.build.internal.spaces.CollectionQuerySpaceImpl@7220d28b]
13:23:06.893 [Test worker] DEBUG o.h.l.p.b.i.spaces.QuerySpacesImpl - Adding QuerySpace : uid = <gen:6> -> org.hibernate.loader.plan.build.internal.spaces.EntityQuerySpaceImpl@48dede36]
13:23:06.893 [Test worker] DEBUG o.h.p.w.spi.MetamodelGraphWalker - Visiting attribute path : connected_external_virtual_link.lifecycle_event_history.lifecycle_events
13:23:06.893 [Test worker] DEBUG o.h.p.w.spi.MetamodelGraphWalker - Visiting attribute path : connected_external_virtual_link.lifecycle_event_history.version
13:23:06.893 [Test worker] DEBUG o.h.p.w.spi.MetamodelGraphWalker - Visiting attribute path : connected_external_virtual_link.notification
13:23:06.893 [Test worker] DEBUG o.h.p.w.spi.MetamodelGraphWalker - Visiting attribute path : connected_external_virtual_link.number_of_enpoints
13:23:06.893 [Test worker] DEBUG o.h.p.w.spi.MetamodelGraphWalker - Visiting attribute path : connected_external_virtual_link.parent_ns
13:23:06.893 [Test worker] DEBUG o.h.p.w.spi.MetamodelGraphWalker - Visiting attribute path : connected_external_virtual_link.qos
13:23:06.894 [Test worker] DEBUG o.h.p.w.spi.MetamodelGraphWalker - Visiting attribute path : connected_external_virtual_link.root_requirement
13:23:06.894 [Test worker] DEBUG o.h.p.w.spi.MetamodelGraphWalker - Visiting attribute path : connected_external_virtual_link.status
13:23:06.894 [Test worker] DEBUG o.h.p.w.spi.MetamodelGraphWalker - Visiting attribute path : connected_external_virtual_link.test_access
13:23:06.894 [Test worker] DEBUG o.h.p.w.spi.MetamodelGraphWalker - Visiting attribute path : connected_external_virtual_link.vendor
13:23:06.894 [Test worker] DEBUG o.h.p.w.spi.MetamodelGraphWalker - Visiting attribute path : connected_external_virtual_link.version
13:23:06.894 [Test worker] DEBUG o.h.p.w.spi.MetamodelGraphWalker - Visiting attribute path : connected_external_virtual_link.vim_id
13:23:06.894 [Test worker] DEBUG o.h.p.w.spi.MetamodelGraphWalker - Visiting attribute path : connected_external_virtual_link.vnffgr_reference
13:23:06.894 [Test worker] DEBUG o.h.l.p.b.i.spaces.QuerySpacesImpl - Adding QuerySpace : uid = <gen:7> -> org.hibernate.loader.plan.build.internal.spaces.CollectionQuerySpaceImpl@51e05b77]
13:23:06.894 [Test worker] DEBUG o.h.l.p.b.i.spaces.QuerySpacesImpl - Adding QuerySpace : uid = <gen:8> -> org.hibernate.loader.plan.build.internal.spaces.EntityQuerySpaceImpl@60950b9f]
13:23:06.894 [Test worker] DEBUG o.h.p.w.spi.MetamodelGraphWalker - Visiting attribute path : connected_external_virtual_link.vnffgr_reference.audit_log
13:23:06.894 [Test worker] DEBUG o.h.p.w.spi.MetamodelGraphWalker - Visiting attribute path : connected_external_virtual_link.vnffgr_reference.connection_point
13:23:06.895 [Test worker] DEBUG o.h.l.p.b.i.spaces.QuerySpacesImpl - Adding QuerySpace : uid = <gen:9> -> org.hibernate.loader.plan.build.internal.spaces.CollectionQuerySpaceImpl@39c90e01]
13:23:06.895 [Test worker] DEBUG o.h.l.p.b.i.spaces.QuerySpacesImpl - Adding QuerySpace : uid = <gen:10> -> org.hibernate.loader.plan.build.internal.spaces.EntityQuerySpaceImpl@3eb6814a]
13:23:06.895 [Test worker] DEBUG o.h.p.w.spi.MetamodelGraphWalker - Visiting attribute path : connected_external_virtual_link.vnffgr_reference.dependent_virtual_link
13:23:06.895 [Test worker] DEBUG o.h.l.p.b.i.spaces.QuerySpacesImpl - Adding QuerySpace : uid = <gen:11> -> org.hibernate.loader.plan.build.internal.spaces.CollectionQuerySpaceImpl@3fe24170]
13:23:06.895 [Test worker] DEBUG o.h.l.p.b.i.spaces.QuerySpacesImpl - Adding QuerySpace : uid = <gen:12> -> org.hibernate.loader.plan.build.internal.spaces.EntityQuerySpaceImpl@1f3640d4]
13:23:06.895 [Test worker] DEBUG o.h.p.w.spi.MetamodelGraphWalker - Visiting attribute path : connected_external_virtual_link.vnffgr_reference.descriptor_reference
13:23:06.895 [Test worker] DEBUG o.h.l.p.b.i.spaces.QuerySpacesImpl - Adding QuerySpace : uid = <gen:13> -> org.hibernate.loader.plan.build.internal.spaces.EntityQuerySpaceImpl@22da2e4e]
13:23:06.895 [Test worker] DEBUG o.h.p.w.spi.MetamodelGraphWalker - Visiting attribute path : connected_external_virtual_link.vnffgr_reference.lifecycle_event_history
13:23:06.895 [Test worker] DEBUG o.h.l.p.b.i.spaces.QuerySpacesImpl - Adding QuerySpace : uid = <gen:14> -> org.hibernate.loader.plan.build.internal.spaces.CollectionQuerySpaceImpl@221614c2]
13:23:06.896 [Test worker] DEBUG o.h.l.p.b.i.spaces.QuerySpacesImpl - Adding QuerySpace : uid = <gen:15> -> org.hibernate.loader.plan.build.internal.spaces.EntityQuerySpaceImpl@57acde09]
13:23:06.896 [Test worker] DEBUG o.h.p.w.spi.MetamodelGraphWalker - Visiting attribute path : connected_external_virtual_link.vnffgr_reference.member_vnfs
13:23:06.896 [Test worker] DEBUG o.h.l.p.b.i.spaces.QuerySpacesImpl - Adding QuerySpace : uid = <gen:16> -> org.hibernate.loader.plan.build.internal.spaces.CollectionQuerySpaceImpl@16254dd7]
13:23:06.896 [Test worker] DEBUG o.h.l.p.b.i.spaces.QuerySpacesImpl - Adding QuerySpace : uid = <gen:17> -> org.hibernate.loader.plan.build.internal.spaces.EntityQuerySpaceImpl@6b19699c]
13:23:06.896 [Test worker] DEBUG o.h.p.w.spi.MetamodelGraphWalker - Visiting attribute path : connected_external_virtual_link.vnffgr_reference.network_forwarding_path
13:23:06.896 [Test worker] DEBUG o.h.l.p.b.i.spaces.QuerySpacesImpl - Adding QuerySpace : uid = <gen:18> -> org.hibernate.loader.plan.build.internal.spaces.EntityQuerySpaceImpl@5164b7b2]
13:23:06.896 [Test worker] DEBUG o.h.p.w.spi.MetamodelGraphWalker - Visiting attribute path : connected_external_virtual_link.vnffgr_reference.notification
13:23:06.896 [Test worker] DEBUG o.h.p.w.spi.MetamodelGraphWalker - Visiting attribute path : connected_external_virtual_link.vnffgr_reference.number_of_endpoints
13:23:06.896 [Test worker] DEBUG o.h.p.w.spi.MetamodelGraphWalker - Visiting attribute path : connected_external_virtual_link.vnffgr_reference.number_of_pnfs
13:23:06.896 [Test worker] DEBUG o.h.p.w.spi.MetamodelGraphWalker - Visiting attribute path : connected_external_virtual_link.vnffgr_reference.number_of_virtual_links
13:23:06.896 [Test worker] DEBUG o.h.p.w.spi.MetamodelGraphWalker - Visiting attribute path : connected_external_virtual_link.vnffgr_reference.number_of_vnfs
13:23:06.897 [Test worker] DEBUG o.h.p.w.spi.MetamodelGraphWalker - Visiting attribute path : connected_external_virtual_link.vnffgr_reference.parent_ns
13:23:06.897 [Test worker] DEBUG o.h.l.p.b.i.spaces.QuerySpacesImpl - Adding QuerySpace : uid = <gen:19> -> org.hibernate.loader.plan.build.internal.spaces.EntityQuerySpaceImpl@2b5830dd]
13:23:06.897 [Test worker] DEBUG o.h.p.w.spi.MetamodelGraphWalker - Visiting attribute path : connected_external_virtual_link.vnffgr_reference.status
13:23:06.897 [Test worker] DEBUG o.h.p.w.spi.MetamodelGraphWalker - Visiting attribute path : connected_external_virtual_link.vnffgr_reference.vendor
13:23:06.897 [Test worker] DEBUG o.h.p.w.spi.MetamodelGraphWalker - Visiting attribute path : connected_external_virtual_link.vnffgr_reference.version
13:23:06.897 [Test worker] DEBUG o.h.p.w.spi.MetamodelGraphWalker - Visiting attribute path : connection_point
13:23:06.897 [Test worker] DEBUG o.h.l.p.b.i.spaces.QuerySpacesImpl - Adding QuerySpace : uid = <gen:20> -> org.hibernate.loader.plan.build.internal.spaces.CollectionQuerySpaceImpl@2af01366]
13:23:06.897 [Test worker] DEBUG o.h.l.p.b.i.spaces.QuerySpacesImpl - Adding QuerySpace : uid = <gen:21> -> org.hibernate.loader.plan.build.internal.spaces.EntityQuerySpaceImpl@7789a38f]
13:23:06.898 [Test worker] DEBUG o.h.p.w.spi.MetamodelGraphWalker - Visiting attribute path : connection_point.type
13:23:06.898 [Test worker] DEBUG o.h.p.w.spi.MetamodelGraphWalker - Visiting attribute path : connection_point.version
13:23:06.898 [Test worker] DEBUG o.h.p.w.spi.MetamodelGraphWalker - Visiting attribute path : connection_point.virtual_link_reference
13:23:06.898 [Test worker] DEBUG o.h.p.w.spi.MetamodelGraphWalker - Visiting attribute path : dependency
13:23:06.898 [Test worker] DEBUG o.h.l.p.b.i.spaces.QuerySpacesImpl - Adding QuerySpace : uid = <gen:22> -> org.hibernate.loader.plan.build.internal.spaces.CollectionQuerySpaceImpl@331b7b16]
13:23:06.898 [Test worker] DEBUG o.h.l.p.b.i.spaces.QuerySpacesImpl - Adding QuerySpace : uid = <gen:23> -> org.hibernate.loader.plan.build.internal.spaces.EntityQuerySpaceImpl@512dfb90]
13:23:06.898 [Test worker] DEBUG o.h.p.w.spi.MetamodelGraphWalker - Visiting attribute path : dependency.source
13:23:06.898 [Test worker] DEBUG o.h.l.p.b.i.spaces.QuerySpacesImpl - Adding QuerySpace : uid = <gen:24> -> org.hibernate.loader.plan.build.internal.spaces.EntityQuerySpaceImpl@4645f719]
13:23:06.898 [Test worker] DEBUG o.h.p.w.spi.MetamodelGraphWalker - Visiting attribute path : dependency.source.auto_scale_policy
13:23:06.899 [Test worker] DEBUG o.h.p.w.spi.MetamodelGraphWalker - Visiting attribute path : dependency.source.connection_point
13:23:06.899 [Test worker] DEBUG o.h.p.w.spi.MetamodelGraphWalker - Visiting attribute path : dependency.source.hb_version
13:23:06.899 [Test worker] DEBUG o.h.p.w.spi.MetamodelGraphWalker - Visiting attribute path : dependency.source.lifecycle_event
13:23:06.899 [Test worker] DEBUG o.h.p.w.spi.MetamodelGraphWalker - Visiting attribute path : dependency.source.monitoring_parameter
13:23:06.899 [Test worker] DEBUG o.h.l.p.b.i.spaces.QuerySpacesImpl - Adding QuerySpace : uid = <gen:25> -> org.hibernate.loader.plan.build.internal.spaces.CollectionQuerySpaceImpl@29fda4c1]
13:23:06.899 [Test worker] DEBUG o.h.p.w.spi.MetamodelGraphWalker - Visiting attribute path : dependency.source.service_deployment_flavour
13:23:06.899 [Test worker] DEBUG o.h.p.w.spi.MetamodelGraphWalker - Visiting attribute path : dependency.source.vendor
13:23:06.899 [Test worker] DEBUG o.h.p.w.spi.MetamodelGraphWalker - Visiting attribute path : dependency.source.version
13:23:06.899 [Test worker] DEBUG o.h.p.w.spi.MetamodelGraphWalker - Visiting attribute path : dependency.source.vld
13:23:06.899 [Test worker] DEBUG o.h.p.w.spi.MetamodelGraphWalker - Visiting attribute path : dependency.source.vnffgd
13:23:06.899 [Test worker] DEBUG o.h.p.w.spi.MetamodelGraphWalker - Visiting attribute path : dependency.source.deployment_flavour
13:23:06.900 [Test worker] DEBUG o.h.l.p.b.i.spaces.QuerySpacesImpl - Adding QuerySpace : uid = <gen:26> -> org.hibernate.loader.plan.build.internal.spaces.CollectionQuerySpaceImpl@4b4b9070]
13:23:06.900 [Test worker] DEBUG o.h.l.p.b.i.spaces.QuerySpacesImpl - Adding QuerySpace : uid = <gen:27> -> org.hibernate.loader.plan.build.internal.spaces.EntityQuerySpaceImpl@4df7cfae]
13:23:06.900 [Test worker] DEBUG o.h.p.w.spi.MetamodelGraphWalker - Visiting attribute path : dependency.source.descriptor_version
13:23:06.900 [Test worker] DEBUG o.h.p.w.spi.MetamodelGraphWalker - Visiting attribute path : dependency.source.manifest_file
13:23:06.900 [Test worker] DEBUG o.h.p.w.spi.MetamodelGraphWalker - Visiting attribute path : dependency.source.manifest_file_security
13:23:06.900 [Test worker] DEBUG o.h.p.w.spi.MetamodelGraphWalker - Visiting attribute path : dependency.source.vdu
13:23:06.900 [Test worker] DEBUG o.h.p.w.spi.MetamodelGraphWalker - Visiting attribute path : dependency.source.vdu_dependency
13:23:06.900 [Test worker] DEBUG o.h.p.w.spi.MetamodelGraphWalker - Visiting attribute path : dependency.source.virtual_link
13:23:06.900 [Test worker] DEBUG o.h.p.w.spi.MetamodelGraphWalker - Visiting attribute path : dependency.target
13:23:06.901 [Test worker] DEBUG o.h.l.p.b.i.spaces.QuerySpacesImpl - Adding QuerySpace : uid = <gen:28> -> org.hibernate.loader.plan.build.internal.spaces.EntityQuerySpaceImpl@4863d07f]
13:23:06.901 [Test worker] DEBUG o.h.p.w.spi.MetamodelGraphWalker - Visiting attribute path : dependency.target.auto_scale_policy
13:23:06.901 [Test worker] DEBUG o.h.p.w.spi.MetamodelGraphWalker - Visiting attribute path : dependency.target.connection_point
13:23:06.901 [Test worker] DEBUG o.h.p.w.spi.MetamodelGraphWalker - Visiting attribute path : dependency.target.hb_version
13:23:06.901 [Test worker] DEBUG o.h.p.w.spi.MetamodelGraphWalker - Visiting attribute path : dependency.target.lifecycle_event
13:23:06.901 [Test worker] DEBUG o.h.p.w.spi.MetamodelGraphWalker - Visiting attribute path : dependency.target.monitoring_parameter
13:23:06.901 [Test worker] DEBUG o.h.l.p.b.i.spaces.QuerySpacesImpl - Adding QuerySpace : uid = <gen:29> -> org.hibernate.loader.plan.build.internal.spaces.CollectionQuerySpaceImpl@6e3afd5]
13:23:06.901 [Test worker] DEBUG o.h.p.w.spi.MetamodelGraphWalker - Visiting attribute path : dependency.target.service_deployment_flavour
13:23:06.902 [Test worker] DEBUG o.h.p.w.spi.MetamodelGraphWalker - Visiting attribute path : dependency.target.vendor
13:23:06.902 [Test worker] DEBUG o.h.p.w.spi.MetamodelGraphWalker - Visiting attribute path : dependency.target.version
13:23:06.902 [Test worker] DEBUG o.h.p.w.spi.MetamodelGraphWalker - Visiting attribute path : dependency.target.vld
13:23:06.902 [Test worker] DEBUG o.h.p.w.spi.MetamodelGraphWalker - Visiting attribute path : dependency.target.vnffgd
13:23:06.902 [Test worker] DEBUG o.h.p.w.spi.MetamodelGraphWalker - Visiting attribute path : dependency.target.deployment_flavour
13:23:06.902 [Test worker] DEBUG o.h.l.p.b.i.spaces.QuerySpacesImpl - Adding QuerySpace : uid = <gen:30> -> org.hibernate.loader.plan.build.internal.spaces.CollectionQuerySpaceImpl@4e2ccc7b]
13:23:06.902 [Test worker] DEBUG o.h.l.p.b.i.spaces.QuerySpacesImpl - Adding QuerySpace : uid = <gen:31> -> org.hibernate.loader.plan.build.internal.spaces.EntityQuerySpaceImpl@5f24c755]
13:23:06.902 [Test worker] DEBUG o.h.p.w.spi.MetamodelGraphWalker - Visiting attribute path : dependency.target.descriptor_version
13:23:06.902 [Test worker] DEBUG o.h.p.w.spi.MetamodelGraphWalker - Visiting attribute path : dependency.target.manifest_file
13:23:06.902 [Test worker] DEBUG o.h.p.w.spi.MetamodelGraphWalker - Visiting attribute path : dependency.target.manifest_file_security
13:23:06.902 [Test worker] DEBUG o.h.p.w.spi.MetamodelGraphWalker - Visiting attribute path : dependency.target.vdu
13:23:06.903 [Test worker] DEBUG o.h.p.w.spi.MetamodelGraphWalker - Visiting attribute path : dependency.target.vdu_dependency
13:23:06.903 [Test worker] DEBUG o.h.p.w.spi.MetamodelGraphWalker - Visiting attribute path : dependency.target.virtual_link
13:23:06.903 [Test worker] DEBUG o.h.p.w.spi.MetamodelGraphWalker - Visiting attribute path : dependency.version
13:23:06.903 [Test worker] DEBUG o.h.p.w.spi.MetamodelGraphWalker - Visiting attribute path : deployment_flavour
13:23:06.903 [Test worker] DEBUG o.h.l.p.b.i.spaces.QuerySpacesImpl - Adding QuerySpace : uid = <gen:32> -> org.hibernate.loader.plan.build.internal.spaces.EntityQuerySpaceImpl@679ace3f]
13:23:06.903 [Test worker] DEBUG o.h.p.w.spi.MetamodelGraphWalker - Visiting attribute path : deployment_flavour.flavour_key
13:23:06.904 [Test worker] DEBUG o.h.p.w.spi.MetamodelGraphWalker - Visiting attribute path : deployment_flavour.version
13:23:06.904 [Test worker] DEBUG o.h.p.w.spi.MetamodelGraphWalker - Visiting attribute path : deployment_flavour.costituent_vdu
13:23:06.904 [Test worker] DEBUG o.h.p.w.spi.MetamodelGraphWalker - Visiting attribute path : deployment_flavour.df_constraint
13:23:06.904 [Test worker] DEBUG o.h.l.p.b.i.spaces.QuerySpacesImpl - Adding QuerySpace : uid = <gen:33> -> org.hibernate.loader.plan.build.internal.spaces.CollectionQuerySpaceImpl@1c12f9d]
13:23:06.905 [Test worker] DEBUG o.h.p.w.spi.MetamodelGraphWalker - Visiting attribute path : descriptor_reference
13:23:06.905 [Test worker] DEBUG o.h.p.w.spi.MetamodelGraphWalker - Visiting attribute path : lifecycle_event
13:23:06.905 [Test worker] DEBUG o.h.l.p.b.i.spaces.QuerySpacesImpl - Adding QuerySpace : uid = <gen:34> -> org.hibernate.loader.plan.build.internal.spaces.EntityQuerySpaceImpl@9207a8b]
13:23:06.905 [Test worker] DEBUG o.h.p.w.spi.MetamodelGraphWalker - Visiting attribute path : lifecycle_event.lifecycle_events
13:23:06.905 [Test worker] DEBUG o.h.p.w.spi.MetamodelGraphWalker - Visiting attribute path : lifecycle_event.version
13:23:06.905 [Test worker] DEBUG o.h.p.w.spi.MetamodelGraphWalker - Visiting attribute path : lifecycle_event_history
13:23:06.905 [Test worker] DEBUG o.h.l.p.b.i.spaces.QuerySpacesImpl - Adding QuerySpace : uid = <gen:35> -> org.hibernate.loader.plan.build.internal.spaces.CollectionQuerySpaceImpl@14bc30ad]
13:23:06.905 [Test worker] DEBUG o.h.l.p.b.i.spaces.QuerySpacesImpl - Adding QuerySpace : uid = <gen:36> -> org.hibernate.loader.plan.build.internal.spaces.EntityQuerySpaceImpl@4f1fb87d]
13:23:06.906 [Test worker] DEBUG o.h.p.w.spi.MetamodelGraphWalker - Visiting attribute path : lifecycle_event_history.lifecycle_events
13:23:06.906 [Test worker] DEBUG o.h.p.w.spi.MetamodelGraphWalker - Visiting attribute path : lifecycle_event_history.version
13:23:06.906 [Test worker] DEBUG o.h.p.w.spi.MetamodelGraphWalker - Visiting attribute path : localization
13:23:06.906 [Test worker] DEBUG o.h.p.w.spi.MetamodelGraphWalker - Visiting attribute path : monitoring_parameter
13:23:06.906 [Test worker] DEBUG o.h.p.w.spi.MetamodelGraphWalker - Visiting attribute path : notification
13:23:06.906 [Test worker] DEBUG o.h.p.w.spi.MetamodelGraphWalker - Visiting attribute path : parent_ns
13:23:06.906 [Test worker] DEBUG o.h.l.p.b.i.spaces.QuerySpacesImpl - Adding QuerySpace : uid = <gen:37> -> org.hibernate.loader.plan.build.internal.spaces.EntityQuerySpaceImpl@5efbb285]
13:23:06.906 [Test worker] DEBUG o.h.p.w.spi.MetamodelGraphWalker - Visiting attribute path : parent_ns.audit_log
13:23:06.906 [Test worker] DEBUG o.h.p.w.spi.MetamodelGraphWalker - Visiting attribute path : parent_ns.auto_scale_policy
13:23:06.907 [Test worker] DEBUG o.h.l.p.b.i.spaces.QuerySpacesImpl - Adding QuerySpace : uid = <gen:38> -> org.hibernate.loader.plan.build.internal.spaces.CollectionQuerySpaceImpl@911a011]
13:23:06.907 [Test worker] DEBUG o.h.l.p.b.i.spaces.QuerySpacesImpl - Adding QuerySpace : uid = <gen:39> -> org.hibernate.loader.plan.build.internal.spaces.EntityQuerySpaceImpl@6423c0bd]
13:23:06.907 [Test worker] DEBUG o.h.p.w.spi.MetamodelGraphWalker - Visiting attribute path : parent_ns.auto_scale_policy.version
13:23:06.907 [Test worker] DEBUG o.h.p.w.spi.MetamodelGraphWalker - Visiting attribute path : parent_ns.connection_point
13:23:06.907 [Test worker] DEBUG o.h.l.p.b.i.spaces.QuerySpacesImpl - Adding QuerySpace : uid = <gen:40> -> org.hibernate.loader.plan.build.internal.spaces.CollectionQuerySpaceImpl@5a92df1a]
13:23:06.907 [Test worker] DEBUG o.h.l.p.b.i.spaces.QuerySpacesImpl - Adding QuerySpace : uid = <gen:41> -> org.hibernate.loader.plan.build.internal.spaces.EntityQuerySpaceImpl@6075526a]
13:23:06.907 [Test worker] DEBUG o.h.p.w.spi.MetamodelGraphWalker - Visiting attribute path : parent_ns.connection_point.type
13:23:06.907 [Test worker] DEBUG o.h.p.w.spi.MetamodelGraphWalker - Visiting attribute path : parent_ns.connection_point.version
13:23:06.907 [Test worker] DEBUG o.h.p.w.spi.MetamodelGraphWalker - Visiting attribute path : parent_ns.connection_point.virtual_link_reference
13:23:06.908 [Test worker] DEBUG o.h.p.w.spi.MetamodelGraphWalker - Visiting attribute path : parent_ns.descriptor_reference
13:23:06.908 [Test worker] DEBUG o.h.l.p.b.i.spaces.QuerySpacesImpl - Adding QuerySpace : uid = <gen:42> -> org.hibernate.loader.plan.build.internal.spaces.EntityQuerySpaceImpl@97a7ba7]
13:23:06.908 [Test worker] DEBUG o.h.p.w.spi.MetamodelGraphWalker - Visiting attribute path : parent_ns.descriptor_reference.auto_scale_policy
13:23:06.908 [Test worker] DEBUG o.h.p.w.spi.MetamodelGraphWalker - Visiting attribute path : parent_ns.descriptor_reference.connection_point
13:23:06.908 [Test worker] DEBUG o.h.p.w.spi.MetamodelGraphWalker - Visiting attribute path : parent_ns.descriptor_reference.hb_version
13:23:06.908 [Test worker] DEBUG o.h.p.w.spi.MetamodelGraphWalker - Visiting attribute path : parent_ns.descriptor_reference.lifecycle_event
13:23:06.908 [Test worker] DEBUG o.h.p.w.spi.MetamodelGraphWalker - Visiting attribute path : parent_ns.descriptor_reference.monitoring_parameter
13:23:06.908 [Test worker] DEBUG o.h.l.p.b.i.spaces.QuerySpacesImpl - Adding QuerySpace : uid = <gen:43> -> org.hibernate.loader.plan.build.internal.spaces.CollectionQuerySpaceImpl@7b2b6acf]
13:23:06.908 [Test worker] DEBUG o.h.p.w.spi.MetamodelGraphWalker - Visiting attribute path : parent_ns.descriptor_reference.service_deployment_flavour
13:23:06.909 [Test worker] DEBUG o.h.p.w.spi.MetamodelGraphWalker - Visiting attribute path : parent_ns.descriptor_reference.vendor
13:23:06.909 [Test worker] DEBUG o.h.p.w.spi.MetamodelGraphWalker - Visiting attribute path : parent_ns.descriptor_reference.version
13:23:06.909 [Test worker] DEBUG o.h.p.w.spi.MetamodelGraphWalker - Visiting attribute path : parent_ns.descriptor_reference.vld
13:23:06.909 [Test worker] DEBUG o.h.p.w.spi.MetamodelGraphWalker - Visiting attribute path : parent_ns.descriptor_reference.vnffgd
13:23:06.909 [Test worker] DEBUG o.h.p.w.spi.MetamodelGraphWalker - Visiting attribute path : parent_ns.descriptor_reference.deployment_flavour
13:23:06.909 [Test worker] DEBUG o.h.l.p.b.i.spaces.QuerySpacesImpl - Adding QuerySpace : uid = <gen:44> -> org.hibernate.loader.plan.build.internal.spaces.CollectionQuerySpaceImpl@5f717b35]
13:23:06.909 [Test worker] DEBUG o.h.l.p.b.i.spaces.QuerySpacesImpl - Adding QuerySpace : uid = <gen:45> -> org.hibernate.loader.plan.build.internal.spaces.EntityQuerySpaceImpl@13500587]
13:23:06.909 [Test worker] DEBUG o.h.p.w.spi.MetamodelGraphWalker - Visiting attribute path : parent_ns.descriptor_reference.descriptor_version
13:23:06.909 [Test worker] DEBUG o.h.p.w.spi.MetamodelGraphWalker - Visiting attribute path : parent_ns.descriptor_reference.manifest_file
13:23:06.909 [Test worker] DEBUG o.h.p.w.spi.MetamodelGraphWalker - Visiting attribute path : parent_ns.descriptor_reference.manifest_file_security
13:23:06.909 [Test worker] DEBUG o.h.p.w.spi.MetamodelGraphWalker - Visiting attribute path : parent_ns.descriptor_reference.vdu
13:23:06.910 [Test worker] DEBUG o.h.p.w.spi.MetamodelGraphWalker - Visiting attribute path : parent_ns.descriptor_reference.vdu_dependency
13:23:06.910 [Test worker] DEBUG o.h.p.w.spi.MetamodelGraphWalker - Visiting attribute path : parent_ns.descriptor_reference.virtual_link
13:23:06.910 [Test worker] DEBUG o.h.p.w.spi.MetamodelGraphWalker - Visiting attribute path : parent_ns.descriptor_reference.nsd_security
13:23:06.910 [Test worker] DEBUG o.h.l.p.b.i.spaces.QuerySpacesImpl - Adding QuerySpace : uid = <gen:46> -> org.hibernate.loader.plan.build.internal.spaces.EntityQuerySpaceImpl@6a9aebf8]
13:23:06.910 [Test worker] DEBUG o.h.p.w.spi.MetamodelGraphWalker - Visiting attribute path : parent_ns.descriptor_reference.pnfd
13:23:06.910 [Test worker] DEBUG o.h.p.w.spi.MetamodelGraphWalker - Visiting attribute path : parent_ns.descriptor_reference.vnf_dependency
13:23:06.910 [Test worker] DEBUG o.h.l.p.b.i.spaces.QuerySpacesImpl - Adding QuerySpace : uid = <gen:47> -> org.hibernate.loader.plan.build.internal.spaces.CollectionQuerySpaceImpl@60fa1d75]
13:23:06.910 [Test worker] DEBUG o.h.l.p.b.i.spaces.QuerySpacesImpl - Adding QuerySpace : uid = <gen:48> -> org.hibernate.loader.plan.build.internal.spaces.EntityQuerySpaceImpl@44a41e10]
13:23:06.910 [Test worker] DEBUG o.h.p.w.spi.MetamodelGraphWalker - Visiting attribute path : parent_ns.descriptor_reference.vnfd
13:23:06.910 [Test worker] DEBUG o.h.l.p.b.i.spaces.QuerySpacesImpl - Adding QuerySpace : uid = <gen:49> -> org.hibernate.loader.plan.build.internal.spaces.CollectionQuerySpaceImpl@72b1cfa4]
13:23:06.911 [Test worker] DEBUG o.h.l.p.b.i.spaces.QuerySpacesImpl - Adding QuerySpace : uid = <gen:50> -> org.hibernate.loader.plan.build.internal.spaces.EntityQuerySpaceImpl@77b752cf]
13:23:06.911 [Test worker] DEBUG o.h.p.w.spi.MetamodelGraphWalker - Visiting attribute path : parent_ns.lifecycle_event
13:23:06.911 [Test worker] DEBUG o.h.l.p.b.i.spaces.QuerySpacesImpl - Adding QuerySpace : uid = <gen:51> -> org.hibernate.loader.plan.build.internal.spaces.EntityQuerySpaceImpl@249dd170]
13:23:06.911 [Test worker] DEBUG o.h.p.w.spi.MetamodelGraphWalker - Visiting attribute path : parent_ns.lifecycle_event.lifecycle_events
13:23:06.911 [Test worker] DEBUG o.h.p.w.spi.MetamodelGraphWalker - Visiting attribute path : parent_ns.lifecycle_event.version
13:23:06.911 [Test worker] DEBUG o.h.p.w.spi.MetamodelGraphWalker - Visiting attribute path : parent_ns.lifecycle_event_history
13:23:06.911 [Test worker] DEBUG o.h.l.p.b.i.spaces.QuerySpacesImpl - Adding QuerySpace : uid = <gen:52> -> org.hibernate.loader.plan.build.internal.spaces.CollectionQuerySpaceImpl@52768d54]
13:23:06.911 [Test worker] DEBUG o.h.l.p.b.i.spaces.QuerySpacesImpl - Adding QuerySpace : uid = <gen:53> -> org.hibernate.loader.plan.build.internal.spaces.EntityQuerySpaceImpl@6538b017]
13:23:06.911 [Test worker] DEBUG o.h.p.w.spi.MetamodelGraphWalker - Visiting attribute path : parent_ns.lifecycle_event_history.lifecycle_events
13:23:06.911 [Test worker] DEBUG o.h.p.w.spi.MetamodelGraphWalker - Visiting attribute path : parent_ns.lifecycle_event_history.version
13:23:06.912 [Test worker] DEBUG o.h.p.w.spi.MetamodelGraphWalker - Visiting attribute path : parent_ns.monitoring_parameter
13:23:06.912 [Test worker] DEBUG o.h.p.w.spi.MetamodelGraphWalker - Visiting attribute path : parent_ns.notification
13:23:06.912 [Test worker] DEBUG o.h.p.w.spi.MetamodelGraphWalker - Visiting attribute path : parent_ns.pnfr
13:23:06.912 [Test worker] DEBUG o.h.l.p.b.i.spaces.QuerySpacesImpl - Adding QuerySpace : uid = <gen:54> -> org.hibernate.loader.plan.build.internal.spaces.CollectionQuerySpaceImpl@30497b4c]
13:23:06.912 [Test worker] DEBUG o.h.l.p.b.i.spaces.QuerySpacesImpl - Adding QuerySpace : uid = <gen:55> -> org.hibernate.loader.plan.build.internal.spaces.EntityQuerySpaceImpl@283dd358]
13:23:06.912 [Test worker] DEBUG o.h.p.w.spi.MetamodelGraphWalker - Visiting attribute path : parent_ns.pnfr.connected_virtual_link
13:23:06.912 [Test worker] DEBUG o.h.l.p.b.i.spaces.QuerySpacesImpl - Adding QuerySpace : uid = <gen:56> -> org.hibernate.loader.plan.build.internal.spaces.CollectionQuerySpaceImpl@58b762d5]
13:23:06.912 [Test worker] DEBUG o.h.l.p.b.i.spaces.QuerySpacesImpl - Adding QuerySpace : uid = <gen:57> -> org.hibernate.loader.plan.build.internal.spaces.EntityQuerySpaceImpl@6fb9bb73]
13:23:06.912 [Test worker] DEBUG o.h.p.w.spi.MetamodelGraphWalker - Visiting attribute path : parent_ns.pnfr.connection_point
13:23:06.912 [Test worker] DEBUG o.h.l.p.b.i.spaces.QuerySpacesImpl - Adding QuerySpace : uid = <gen:58> -> org.hibernate.loader.plan.build.internal.spaces.CollectionQuerySpaceImpl@ac1b453]
13:23:06.913 [Test worker] DEBUG o.h.l.p.b.i.spaces.QuerySpacesImpl - Adding QuerySpace : uid = <gen:59> -> org.hibernate.loader.plan.build.internal.spaces.EntityQuerySpaceImpl@3325baa9]
13:23:06.913 [Test worker] DEBUG o.h.p.w.spi.MetamodelGraphWalker - Visiting attribute path : parent_ns.pnfr.description
13:23:06.913 [Test worker] DEBUG o.h.p.w.spi.MetamodelGraphWalker - Visiting attribute path : parent_ns.pnfr.descriptor_reference
13:23:06.913 [Test worker] DEBUG o.h.l.p.b.i.spaces.QuerySpacesImpl - Adding QuerySpace : uid = <gen:60> -> org.hibernate.loader.plan.build.internal.spaces.EntityQuerySpaceImpl@7201c77a]
13:23:06.913 [Test worker] DEBUG o.h.p.w.spi.MetamodelGraphWalker - Visiting attribute path : parent_ns.pnfr.oam_reference
13:23:06.913 [Test worker] DEBUG o.h.p.w.spi.MetamodelGraphWalker - Visiting attribute path : parent_ns.pnfr.parent_ns
13:23:06.913 [Test worker] DEBUG o.h.l.p.b.i.spaces.QuerySpacesImpl - Adding QuerySpace : uid = <gen:61> -> org.hibernate.loader.plan.build.internal.spaces.EntityQuerySpaceImpl@52cf550f]
13:23:06.913 [Test worker] DEBUG o.h.p.w.spi.MetamodelGraphWalker - Visiting attribute path : parent_ns.pnfr.pnf_address
13:23:06.914 [Test worker] DEBUG o.h.p.w.spi.MetamodelGraphWalker - Visiting attribute path : parent_ns.pnfr.vendor
13:23:06.914 [Test worker] DEBUG o.h.p.w.spi.MetamodelGraphWalker - Visiting attribute path : parent_ns.pnfr.version
13:23:06.914 [Test worker] DEBUG o.h.p.w.spi.MetamodelGraphWalker - Visiting attribute path : parent_ns.pnfr.vnffgr
13:23:06.914 [Test worker] DEBUG o.h.l.p.b.i.spaces.QuerySpacesImpl - Adding QuerySpace : uid = <gen:62> -> org.hibernate.loader.plan.build.internal.spaces.CollectionQuerySpaceImpl@29d97642]
13:23:06.914 [Test worker] DEBUG o.h.l.p.b.i.spaces.QuerySpacesImpl - Adding QuerySpace : uid = <gen:63> -> org.hibernate.loader.plan.build.internal.spaces.EntityQuerySpaceImpl@3e2fc85]
13:23:06.914 [Test worker] DEBUG o.h.p.w.spi.MetamodelGraphWalker - Visiting attribute path : parent_ns.resource_reservation
13:23:06.914 [Test worker] DEBUG o.h.p.w.spi.MetamodelGraphWalker - Visiting attribute path : parent_ns.runtime_policy_info
13:23:06.914 [Test worker] DEBUG o.h.p.w.spi.MetamodelGraphWalker - Visiting attribute path : parent_ns.service_deployment_flavour
13:23:06.914 [Test worker] DEBUG o.h.l.p.b.i.spaces.QuerySpacesImpl - Adding QuerySpace : uid = <gen:64> -> org.hibernate.loader.plan.build.internal.spaces.EntityQuerySpaceImpl@2b3081c1]
13:23:06.914 [Test worker] DEBUG o.h.p.w.spi.MetamodelGraphWalker - Visiting attribute path : parent_ns.service_deployment_flavour.flavour_key
13:23:06.914 [Test worker] DEBUG o.h.p.w.spi.MetamodelGraphWalker - Visiting attribute path : parent_ns.service_deployment_flavour.version
13:23:06.915 [Test worker] DEBUG o.h.p.w.spi.MetamodelGraphWalker - Visiting attribute path : parent_ns.service_deployment_flavour.constituent_vnf
13:23:06.915 [Test worker] DEBUG o.h.p.w.spi.MetamodelGraphWalker - Visiting attribute path : parent_ns.status
13:23:06.915 [Test worker] DEBUG o.h.p.w.spi.MetamodelGraphWalker - Visiting attribute path : parent_ns.vendor
13:23:06.915 [Test worker] DEBUG o.h.p.w.spi.MetamodelGraphWalker - Visiting attribute path : parent_ns.version
13:23:06.915 [Test worker] DEBUG o.h.p.w.spi.MetamodelGraphWalker - Visiting attribute path : parent_ns.vlr
13:23:06.915 [Test worker] DEBUG o.h.l.p.b.i.spaces.QuerySpacesImpl - Adding QuerySpace : uid = <gen:65> -> org.hibernate.loader.plan.build.internal.spaces.CollectionQuerySpaceImpl@331439e5]
13:23:06.915 [Test worker] DEBUG o.h.l.p.b.i.spaces.QuerySpacesImpl - Adding QuerySpace : uid = <gen:66> -> org.hibernate.loader.plan.build.internal.spaces.EntityQuerySpaceImpl@74e50395]
13:23:06.915 [Test worker] DEBUG o.h.p.w.spi.MetamodelGraphWalker - Visiting attribute path : parent_ns.vlr.allocated_capacity
13:23:06.915 [Test worker] DEBUG o.h.p.w.spi.MetamodelGraphWalker - Visiting attribute path : parent_ns.vlr.audit_log
13:23:06.916 [Test worker] DEBUG o.h.p.w.spi.MetamodelGraphWalker - Visiting attribute path : parent_ns.vlr.connection
13:23:06.916 [Test worker] DEBUG o.h.p.w.spi.MetamodelGraphWalker - Visiting attribute path : parent_ns.vlr.connectivity_type
13:23:06.916 [Test worker] DEBUG o.h.p.w.spi.MetamodelGraphWalker - Visiting attribute path : parent_ns.vlr.descriptor_reference
13:23:06.916 [Test worker] DEBUG o.h.p.w.spi.MetamodelGraphWalker - Visiting attribute path : parent_ns.vlr.leaf_requirement
13:23:06.916 [Test worker] DEBUG o.h.p.w.spi.MetamodelGraphWalker - Visiting attribute path : parent_ns.vlr.lifecycle_event_history
13:23:06.916 [Test worker] DEBUG o.h.p.w.spi.MetamodelGraphWalker - Property path deemed to be circular : parent_ns.vlr.lifecycle_event_history
13:23:06.916 [Test worker] DEBUG o.h.p.w.spi.MetamodelGraphWalker - Visiting attribute path : parent_ns.vlr.notification
13:23:06.916 [Test worker] DEBUG o.h.p.w.spi.MetamodelGraphWalker - Visiting attribute path : parent_ns.vlr.number_of_enpoints
13:23:06.916 [Test worker] DEBUG o.h.p.w.spi.MetamodelGraphWalker - Visiting attribute path : parent_ns.vlr.parent_ns
13:23:06.916 [Test worker] DEBUG o.h.p.w.spi.MetamodelGraphWalker - Visiting attribute path : parent_ns.vlr.qos
13:23:06.917 [Test worker] DEBUG o.h.p.w.spi.MetamodelGraphWalker - Visiting attribute path : parent_ns.vlr.root_requirement
13:23:06.917 [Test worker] DEBUG o.h.p.w.spi.MetamodelGraphWalker - Visiting attribute path : parent_ns.vlr.status
13:23:06.917 [Test worker] DEBUG o.h.p.w.spi.MetamodelGraphWalker - Visiting attribute path : parent_ns.vlr.test_access
13:23:06.917 [Test worker] DEBUG o.h.p.w.spi.MetamodelGraphWalker - Visiting attribute path : parent_ns.vlr.vendor
13:23:06.917 [Test worker] DEBUG o.h.p.w.spi.MetamodelGraphWalker - Visiting attribute path : parent_ns.vlr.version
13:23:06.917 [Test worker] DEBUG o.h.p.w.spi.MetamodelGraphWalker - Visiting attribute path : parent_ns.vlr.vim_id
13:23:06.917 [Test worker] DEBUG o.h.p.w.spi.MetamodelGraphWalker - Visiting attribute path : parent_ns.vlr.vnffgr_reference
13:23:06.917 [Test worker] DEBUG o.h.p.w.spi.MetamodelGraphWalker - Property path deemed to be circular : parent_ns.vlr.vnffgr_reference
13:23:06.917 [Test worker] DEBUG o.h.p.w.spi.MetamodelGraphWalker - Visiting attribute path : parent_ns.vnf_dependency
13:23:06.917 [Test worker] DEBUG o.h.l.p.b.i.spaces.QuerySpacesImpl - Adding QuerySpace : uid = <gen:67> -> org.hibernate.loader.plan.build.internal.spaces.CollectionQuerySpaceImpl@3c5ea542]
13:23:06.917 [Test worker] DEBUG o.h.l.p.b.i.spaces.QuerySpacesImpl - Adding QuerySpace : uid = <gen:68> -> org.hibernate.loader.plan.build.internal.spaces.EntityQuerySpaceImpl@69b3af04]
13:23:06.918 [Test worker] DEBUG o.h.p.w.spi.MetamodelGraphWalker - Visiting attribute path : parent_ns.vnf_dependency.source
13:23:06.918 [Test worker] DEBUG o.h.p.w.spi.MetamodelGraphWalker - Property path deemed to be circular : parent_ns.vnf_dependency.source
13:23:06.918 [Test worker] DEBUG o.h.p.w.spi.MetamodelGraphWalker - Visiting attribute path : parent_ns.vnf_dependency.target
13:23:06.918 [Test worker] DEBUG o.h.p.w.spi.MetamodelGraphWalker - Property path deemed to be circular : parent_ns.vnf_dependency.target
13:23:06.918 [Test worker] DEBUG o.h.p.w.spi.MetamodelGraphWalker - Visiting attribute path : parent_ns.vnf_dependency.version
13:23:06.918 [Test worker] DEBUG o.h.p.w.spi.MetamodelGraphWalker - Visiting attribute path : parent_ns.vnffgr
13:23:06.918 [Test worker] DEBUG o.h.l.p.b.i.spaces.QuerySpacesImpl - Adding QuerySpace : uid = <gen:69> -> org.hibernate.loader.plan.build.internal.spaces.CollectionQuerySpaceImpl@3ea07b48]
13:23:06.918 [Test worker] DEBUG o.h.l.p.b.i.spaces.QuerySpacesImpl - Adding QuerySpace : uid = <gen:70> -> org.hibernate.loader.plan.build.internal.spaces.EntityQuerySpaceImpl@19fdd417]
13:23:06.919 [Test worker] DEBUG o.h.p.w.spi.MetamodelGraphWalker - Visiting attribute path : parent_ns.vnffgr.connection_point
13:23:06.919 [Test worker] DEBUG o.h.p.w.spi.MetamodelGraphWalker - Visiting attribute path : parent_ns.vnffgr.constituent_vnfs
13:23:06.919 [Test worker] DEBUG o.h.p.w.spi.MetamodelGraphWalker - Visiting attribute path : parent_ns.vnffgr.dependent_virtual_link
13:23:06.919 [Test worker] DEBUG o.h.p.w.spi.MetamodelGraphWalker - Visiting attribute path : parent_ns.vnffgr.descriptor_version
13:23:06.919 [Test worker] DEBUG o.h.p.w.spi.MetamodelGraphWalker - Visiting attribute path : parent_ns.vnffgr.hb_version
13:23:06.919 [Test worker] DEBUG o.h.p.w.spi.MetamodelGraphWalker - Visiting attribute path : parent_ns.vnffgr.network_forwarding_path
13:23:06.919 [Test worker] DEBUG o.h.p.w.spi.MetamodelGraphWalker - Visiting attribute path : parent_ns.vnffgr.number_of_endpoints
13:23:06.919 [Test worker] DEBUG o.h.p.w.spi.MetamodelGraphWalker - Visiting attribute path : parent_ns.vnffgr.number_of_virtual_links
13:23:06.919 [Test worker] DEBUG o.h.p.w.spi.MetamodelGraphWalker - Visiting attribute path : parent_ns.vnffgr.vendor
13:23:06.919 [Test worker] DEBUG o.h.p.w.spi.MetamodelGraphWalker - Visiting attribute path : parent_ns.vnffgr.version
13:23:06.919 [Test worker] DEBUG o.h.p.w.spi.MetamodelGraphWalker - Visiting attribute path : parent_ns.vnffgr.vnffgd_security
13:23:06.920 [Test worker] DEBUG o.h.l.p.b.i.spaces.QuerySpacesImpl - Adding QuerySpace : uid = <gen:71> -> org.hibernate.loader.plan.build.internal.spaces.EntityQuerySpaceImpl@62bce68e]
13:23:06.920 [Test worker] DEBUG o.h.p.w.spi.MetamodelGraphWalker - Visiting attribute path : parent_ns.vnfr
13:23:06.920 [Test worker] DEBUG o.h.l.p.b.i.spaces.QuerySpacesImpl - Adding QuerySpace : uid = <gen:72> -> org.hibernate.loader.plan.build.internal.spaces.EntityQuerySpaceImpl@5fc4a746]
13:23:06.921 [Test worker] DEBUG o.h.p.w.spi.MetamodelGraphWalker - Visiting attribute path : parent_ns.vnfr.audit_log
13:23:06.921 [Test worker] DEBUG o.h.p.w.spi.MetamodelGraphWalker - Visiting attribute path : parent_ns.vnfr.auto_scale_policy
13:23:06.921 [Test worker] DEBUG o.h.p.w.spi.MetamodelGraphWalker - Property path deemed to be circular : parent_ns.vnfr.auto_scale_policy
13:23:06.921 [Test worker] DEBUG o.h.p.w.spi.MetamodelGraphWalker - Visiting attribute path : parent_ns.vnfr.connected_external_virtual_link
13:23:06.921 [Test worker] DEBUG o.h.p.w.spi.MetamodelGraphWalker - Property path deemed to be circular : parent_ns.vnfr.connected_external_virtual_link
13:23:06.921 [Test worker] DEBUG o.h.p.w.spi.MetamodelGraphWalker - Visiting attribute path : parent_ns.vnfr.connection_point
13:23:06.921 [Test worker] DEBUG o.h.p.w.spi.MetamodelGraphWalker - Property path deemed to be circular : parent_ns.vnfr.connection_point
13:23:06.921 [Test worker] DEBUG o.h.p.w.spi.MetamodelGraphWalker - Visiting attribute path : parent_ns.vnfr.dependency
13:23:06.921 [Test worker] DEBUG o.h.p.w.spi.MetamodelGraphWalker - Property path deemed to be circular : parent_ns.vnfr.dependency
13:23:06.922 [Test worker] DEBUG o.h.p.w.spi.MetamodelGraphWalker - Visiting attribute path : parent_ns.vnfr.deployment_flavour
13:23:06.922 [Test worker] DEBUG o.h.p.w.spi.MetamodelGraphWalker - Property path deemed to be circular : parent_ns.vnfr.deployment_flavour
13:23:06.922 [Test worker] DEBUG o.h.p.w.spi.MetamodelGraphWalker - Visiting attribute path : parent_ns.vnfr.descriptor_reference
13:23:06.922 [Test worker] DEBUG o.h.p.w.spi.MetamodelGraphWalker - Visiting attribute path : parent_ns.vnfr.lifecycle_event
13:23:06.922 [Test worker] DEBUG o.h.p.w.spi.MetamodelGraphWalker - Property path deemed to be circular : parent_ns.vnfr.lifecycle_event
13:23:06.922 [Test worker] DEBUG o.h.p.w.spi.MetamodelGraphWalker - Visiting attribute path : parent_ns.vnfr.lifecycle_event_history
13:23:06.922 [Test worker] DEBUG o.h.p.w.spi.MetamodelGraphWalker - Property path deemed to be circular : parent_ns.vnfr.lifecycle_event_history
13:23:06.922 [Test worker] DEBUG o.h.p.w.spi.MetamodelGraphWalker - Visiting attribute path : parent_ns.vnfr.localization
13:23:06.922 [Test worker] DEBUG o.h.p.w.spi.MetamodelGraphWalker - Visiting attribute path : parent_ns.vnfr.monitoring_parameter
13:23:06.922 [Test worker] DEBUG o.h.p.w.spi.MetamodelGraphWalker - Visiting attribute path : parent_ns.vnfr.notification
13:23:06.922 [Test worker] DEBUG o.h.p.w.spi.MetamodelGraphWalker - Visiting attribute path : parent_ns.vnfr.parent_ns
13:23:06.923 [Test worker] DEBUG o.h.p.w.spi.MetamodelGraphWalker - Property path deemed to be circular : parent_ns.vnfr.parent_ns
13:23:06.923 [Test worker] DEBUG o.h.p.w.spi.MetamodelGraphWalker - Visiting attribute path : parent_ns.vnfr.runtime_policy_info
13:23:06.923 [Test worker] DEBUG o.h.p.w.spi.MetamodelGraphWalker - Visiting attribute path : parent_ns.vnfr.status
13:23:06.923 [Test worker] DEBUG o.h.p.w.spi.MetamodelGraphWalker - Visiting attribute path : parent_ns.vnfr.vdu
13:23:06.923 [Test worker] DEBUG o.h.l.p.b.i.spaces.QuerySpacesImpl - Adding QuerySpace : uid = <gen:73> -> org.hibernate.loader.plan.build.internal.spaces.CollectionQuerySpaceImpl@772432af]
13:23:06.923 [Test worker] DEBUG o.h.l.p.b.i.spaces.QuerySpacesImpl - Adding QuerySpace : uid = <gen:74> -> org.hibernate.loader.plan.build.internal.spaces.EntityQuerySpaceImpl@697bbc44]
13:23:06.923 [Test worker] DEBUG o.h.p.w.spi.MetamodelGraphWalker - Visiting attribute path : parent_ns.vnfr.vendor
13:23:06.923 [Test worker] DEBUG o.h.p.w.spi.MetamodelGraphWalker - Visiting attribute path : parent_ns.vnfr.version
13:23:06.923 [Test worker] DEBUG o.h.p.w.spi.MetamodelGraphWalker - Visiting attribute path : parent_ns.vnfr.virtual_link
13:23:06.923 [Test worker] DEBUG o.h.l.p.b.i.spaces.QuerySpacesImpl - Adding QuerySpace : uid = <gen:75> -> org.hibernate.loader.plan.build.internal.spaces.CollectionQuerySpaceImpl@3a854a76]
13:23:06.924 [Test worker] DEBUG o.h.l.p.b.i.spaces.QuerySpacesImpl - Adding QuerySpace : uid = <gen:76> -> org.hibernate.loader.plan.build.internal.spaces.EntityQuerySpaceImpl@4dba6fe]
13:23:06.924 [Test worker] DEBUG o.h.p.w.spi.MetamodelGraphWalker - Visiting attribute path : parent_ns.vnfr.vnf_address
13:23:06.924 [Test worker] DEBUG o.h.p.w.spi.MetamodelGraphWalker - Visiting attribute path : parent_ns.vnfr.vnfm_id
13:23:06.924 [Test worker] DEBUG o.h.p.w.spi.MetamodelGraphWalker - Visiting attribute path : runtime_policy_info
13:23:06.924 [Test worker] DEBUG o.h.p.w.spi.MetamodelGraphWalker - Visiting attribute path : status
13:23:06.924 [Test worker] DEBUG o.h.p.w.spi.MetamodelGraphWalker - Visiting attribute path : vdu
13:23:06.924 [Test worker] DEBUG o.h.l.p.b.i.spaces.QuerySpacesImpl - Adding QuerySpace : uid = <gen:77> -> org.hibernate.loader.plan.build.internal.spaces.CollectionQuerySpaceImpl@70b0702f]
13:23:06.924 [Test worker] DEBUG o.h.l.p.b.i.spaces.QuerySpacesImpl - Adding QuerySpace : uid = <gen:78> -> org.hibernate.loader.plan.build.internal.spaces.EntityQuerySpaceImpl@4f955775]
13:23:06.925 [Test worker] DEBUG o.h.p.w.spi.MetamodelGraphWalker - Visiting attribute path : vdu.computation_requirement
13:23:06.925 [Test worker] DEBUG o.h.p.w.spi.MetamodelGraphWalker - Visiting attribute path : vdu.high_availability
13:23:06.925 [Test worker] DEBUG o.h.p.w.spi.MetamodelGraphWalker - Visiting attribute path : vdu.lifecycle_event
13:23:06.925 [Test worker] DEBUG o.h.p.w.spi.MetamodelGraphWalker - Visiting attribute path : vdu.monitoring_parameter
13:23:06.925 [Test worker] DEBUG o.h.l.p.b.i.spaces.QuerySpacesImpl - Adding QuerySpace : uid = <gen:79> -> org.hibernate.loader.plan.build.internal.spaces.CollectionQuerySpaceImpl@6d1ef2bf]
13:23:06.925 [Test worker] DEBUG o.h.p.w.spi.MetamodelGraphWalker - Visiting attribute path : vdu.scale_in_out
13:23:06.925 [Test worker] DEBUG o.h.p.w.spi.MetamodelGraphWalker - Visiting attribute path : vdu.vdu_constraint
13:23:06.925 [Test worker] DEBUG o.h.p.w.spi.MetamodelGraphWalker - Visiting attribute path : vdu.version
13:23:06.925 [Test worker] DEBUG o.h.p.w.spi.MetamodelGraphWalker - Visiting attribute path : vdu.virtual_memory_resource_element
13:23:06.925 [Test worker] DEBUG o.h.p.w.spi.MetamodelGraphWalker - Visiting attribute path : vdu.virtual_network_bandwidth_resource
13:23:06.926 [Test worker] DEBUG o.h.p.w.spi.MetamodelGraphWalker - Visiting attribute path : vdu.vm_image
13:23:06.926 [Test worker] DEBUG o.h.l.p.b.i.spaces.QuerySpacesImpl - Adding QuerySpace : uid = <gen:80> -> org.hibernate.loader.plan.build.internal.spaces.CollectionQuerySpaceImpl@27264c24]
13:23:06.926 [Test worker] DEBUG o.h.p.w.spi.MetamodelGraphWalker - Visiting attribute path : vdu.vnfc
13:23:06.926 [Test worker] DEBUG o.h.p.w.spi.MetamodelGraphWalker - Visiting attribute path : vendor
13:23:06.926 [Test worker] DEBUG o.h.p.w.spi.MetamodelGraphWalker - Visiting attribute path : version
13:23:06.926 [Test worker] DEBUG o.h.p.w.spi.MetamodelGraphWalker - Visiting attribute path : virtual_link
13:23:06.926 [Test worker] DEBUG o.h.l.p.b.i.spaces.QuerySpacesImpl - Adding QuerySpace : uid = <gen:81> -> org.hibernate.loader.plan.build.internal.spaces.CollectionQuerySpaceImpl@738c2576]
13:23:06.927 [Test worker] DEBUG o.h.l.p.b.i.spaces.QuerySpacesImpl - Adding QuerySpace : uid = <gen:82> -> org.hibernate.loader.plan.build.internal.spaces.EntityQuerySpaceImpl@75efa13d]
13:23:06.927 [Test worker] DEBUG o.h.p.w.spi.MetamodelGraphWalker - Visiting attribute path : virtual_link.connectivity_type
13:23:06.927 [Test worker] DEBUG o.h.p.w.spi.MetamodelGraphWalker - Visiting attribute path : virtual_link.leaf_requirement
13:23:06.927 [Test worker] DEBUG o.h.p.w.spi.MetamodelGraphWalker - Visiting attribute path : virtual_link.qos
13:23:06.927 [Test worker] DEBUG o.h.p.w.spi.MetamodelGraphWalker - Visiting attribute path : virtual_link.root_requirement
13:23:06.927 [Test worker] DEBUG o.h.p.w.spi.MetamodelGraphWalker - Visiting attribute path : virtual_link.test_access
13:23:06.927 [Test worker] DEBUG o.h.p.w.spi.MetamodelGraphWalker - Visiting attribute path : virtual_link.version
13:23:06.927 [Test worker] DEBUG o.h.p.w.spi.MetamodelGraphWalker - Visiting attribute path : virtual_link.connection_points_references
13:23:06.927 [Test worker] DEBUG o.h.l.p.b.i.spaces.QuerySpacesImpl - Adding QuerySpace : uid = <gen:83> -> org.hibernate.loader.plan.build.internal.spaces.CollectionQuerySpaceImpl@742c9d7d]
13:23:06.928 [Test worker] DEBUG o.h.p.w.spi.MetamodelGraphWalker - Visiting attribute path : vnf_address
13:23:06.928 [Test worker] DEBUG o.h.p.w.spi.MetamodelGraphWalker - Visiting attribute path : vnfm_id
13:23:06.928 [Test worker] DEBUG o.h.l.p.b.i.FetchStyleLoadPlanBuildingAssociationVisitationStrategy - Building LoadPlan...
13:23:06.928 [Test worker] DEBUG o.h.l.p.e.i.LoadQueryJoinAndFetchProcessor - processing queryspace <gen:0>
13:23:06.934 [Test worker] DEBUG o.h.l.p.b.spi.LoadPlanTreePrinter - LoadPlan(entity=org.project.neutrino.nfvo.catalogue.mano.record.VirtualNetworkFunctionRecord)
    - Returns
       - EntityReturnImpl(entity=org.project.neutrino.nfvo.catalogue.mano.record.VirtualNetworkFunctionRecord, querySpaceUid=<gen:0>, path=org.project.neutrino.nfvo.catalogue.mano.record.VirtualNetworkFunctionRecord)
          - CollectionAttributeFetchImpl(collection=org.project.neutrino.nfvo.catalogue.mano.record.VirtualNetworkFunctionRecord.auto_scale_policy, querySpaceUid=<gen:1>, path=org.project.neutrino.nfvo.catalogue.mano.record.VirtualNetworkFunctionRecord.auto_scale_policy)
             - (collection element) CollectionFetchableElementEntityGraph(entity=org.project.neutrino.nfvo.catalogue.mano.common.AutoScalePolicy, querySpaceUid=<gen:2>, path=org.project.neutrino.nfvo.catalogue.mano.record.VirtualNetworkFunctionRecord.auto_scale_policy.<elements>)
          - CollectionAttributeFetchImpl(collection=org.project.neutrino.nfvo.catalogue.mano.record.VirtualNetworkFunctionRecord.connected_external_virtual_link, querySpaceUid=<gen:3>, path=org.project.neutrino.nfvo.catalogue.mano.record.VirtualNetworkFunctionRecord.connected_external_virtual_link)
             - (collection element) CollectionFetchableElementEntityGraph(entity=org.project.neutrino.nfvo.catalogue.mano.record.VirtualLinkRecord, querySpaceUid=<gen:4>, path=org.project.neutrino.nfvo.catalogue.mano.record.VirtualNetworkFunctionRecord.connected_external_virtual_link.<elements>)
                - CollectionAttributeFetchImpl(collection=org.project.neutrino.nfvo.catalogue.mano.record.VirtualLinkRecord.lifecycle_event_history, querySpaceUid=<gen:5>, path=org.project.neutrino.nfvo.catalogue.mano.record.VirtualNetworkFunctionRecord.connected_external_virtual_link.<elements>.lifecycle_event_history)
                   - (collection element) CollectionFetchableElementEntityGraph(entity=org.project.neutrino.nfvo.catalogue.mano.common.LifecycleEvent, querySpaceUid=<gen:6>, path=org.project.neutrino.nfvo.catalogue.mano.record.VirtualNetworkFunctionRecord.connected_external_virtual_link.<elements>.lifecycle_event_history.<elements>)
                - CollectionAttributeFetchImpl(collection=org.project.neutrino.nfvo.catalogue.mano.record.VirtualLinkRecord.vnffgr_reference, querySpaceUid=<gen:7>, path=org.project.neutrino.nfvo.catalogue.mano.record.VirtualNetworkFunctionRecord.connected_external_virtual_link.<elements>.vnffgr_reference)
                   - (collection element) CollectionFetchableElementEntityGraph(entity=org.project.neutrino.nfvo.catalogue.mano.record.VNFForwardingGraphRecord, querySpaceUid=<gen:8>, path=org.project.neutrino.nfvo.catalogue.mano.record.VirtualNetworkFunctionRecord.connected_external_virtual_link.<elements>.vnffgr_reference.<elements>)
                      - CollectionAttributeFetchImpl(collection=org.project.neutrino.nfvo.catalogue.mano.record.VNFForwardingGraphRecord.connection_point, querySpaceUid=<gen:9>, path=org.project.neutrino.nfvo.catalogue.mano.record.VirtualNetworkFunctionRecord.connected_external_virtual_link.<elements>.vnffgr_reference.<elements>.connection_point)
                         - (collection element) CollectionFetchableElementEntityGraph(entity=org.project.neutrino.nfvo.catalogue.mano.descriptor.VNFDConnectionPoint, querySpaceUid=<gen:10>, path=org.project.neutrino.nfvo.catalogue.mano.record.VirtualNetworkFunctionRecord.connected_external_virtual_link.<elements>.vnffgr_reference.<elements>.connection_point.<elements>)
                      - CollectionAttributeFetchImpl(collection=org.project.neutrino.nfvo.catalogue.mano.record.VNFForwardingGraphRecord.dependent_virtual_link, querySpaceUid=<gen:11>, path=org.project.neutrino.nfvo.catalogue.mano.record.VirtualNetworkFunctionRecord.connected_external_virtual_link.<elements>.vnffgr_reference.<elements>.dependent_virtual_link)
                         - (collection element) CollectionFetchableElementEntityGraph(entity=org.project.neutrino.nfvo.catalogue.mano.record.VirtualLinkRecord, querySpaceUid=<gen:12>, path=org.project.neutrino.nfvo.catalogue.mano.record.VirtualNetworkFunctionRecord.connected_external_virtual_link.<elements>.vnffgr_reference.<elements>.dependent_virtual_link.<elements>)
                      - EntityAttributeFetchImpl(entity=org.project.neutrino.nfvo.catalogue.mano.descriptor.VNFForwardingGraph, querySpaceUid=<gen:13>, path=org.project.neutrino.nfvo.catalogue.mano.record.VirtualNetworkFunctionRecord.connected_external_virtual_link.<elements>.vnffgr_reference.<elements>.descriptor_reference)
                      - CollectionAttributeFetchImpl(collection=org.project.neutrino.nfvo.catalogue.mano.record.VNFForwardingGraphRecord.lifecycle_event_history, querySpaceUid=<gen:14>, path=org.project.neutrino.nfvo.catalogue.mano.record.VirtualNetworkFunctionRecord.connected_external_virtual_link.<elements>.vnffgr_reference.<elements>.lifecycle_event_history)
                         - (collection element) CollectionFetchableElementEntityGraph(entity=org.project.neutrino.nfvo.catalogue.mano.common.LifecycleEvent, querySpaceUid=<gen:15>, path=org.project.neutrino.nfvo.catalogue.mano.record.VirtualNetworkFunctionRecord.connected_external_virtual_link.<elements>.vnffgr_reference.<elements>.lifecycle_event_history.<elements>)
                      - CollectionAttributeFetchImpl(collection=org.project.neutrino.nfvo.catalogue.mano.record.VNFForwardingGraphRecord.member_vnfs, querySpaceUid=<gen:16>, path=org.project.neutrino.nfvo.catalogue.mano.record.VirtualNetworkFunctionRecord.connected_external_virtual_link.<elements>.vnffgr_reference.<elements>.member_vnfs)
                         - (collection element) CollectionFetchableElementEntityGraph(entity=org.project.neutrino.nfvo.catalogue.mano.record.VirtualNetworkFunctionRecord, querySpaceUid=<gen:17>, path=org.project.neutrino.nfvo.catalogue.mano.record.VirtualNetworkFunctionRecord.connected_external_virtual_link.<elements>.vnffgr_reference.<elements>.member_vnfs.<elements>)
                      - EntityAttributeFetchImpl(entity=org.project.neutrino.nfvo.catalogue.mano.descriptor.NetworkForwardingPath, querySpaceUid=<gen:18>, path=org.project.neutrino.nfvo.catalogue.mano.record.VirtualNetworkFunctionRecord.connected_external_virtual_link.<elements>.vnffgr_reference.<elements>.network_forwarding_path)
                      - EntityAttributeFetchImpl(entity=org.project.neutrino.nfvo.catalogue.mano.record.NetworkServiceRecord, querySpaceUid=<gen:19>, path=org.project.neutrino.nfvo.catalogue.mano.record.VirtualNetworkFunctionRecord.connected_external_virtual_link.<elements>.vnffgr_reference.<elements>.parent_ns)
          - CollectionAttributeFetchImpl(collection=org.project.neutrino.nfvo.catalogue.mano.record.VirtualNetworkFunctionRecord.connection_point, querySpaceUid=<gen:20>, path=org.project.neutrino.nfvo.catalogue.mano.record.VirtualNetworkFunctionRecord.connection_point)
             - (collection element) CollectionFetchableElementEntityGraph(entity=org.project.neutrino.nfvo.catalogue.mano.common.ConnectionPoint, querySpaceUid=<gen:21>, path=org.project.neutrino.nfvo.catalogue.mano.record.VirtualNetworkFunctionRecord.connection_point.<elements>)
          - CollectionAttributeFetchImpl(collection=org.project.neutrino.nfvo.catalogue.mano.record.VirtualNetworkFunctionRecord.dependency, querySpaceUid=<gen:22>, path=org.project.neutrino.nfvo.catalogue.mano.record.VirtualNetworkFunctionRecord.dependency)
             - (collection element) CollectionFetchableElementEntityGraph(entity=org.project.neutrino.nfvo.catalogue.mano.common.VNFDependency, querySpaceUid=<gen:23>, path=org.project.neutrino.nfvo.catalogue.mano.record.VirtualNetworkFunctionRecord.dependency.<elements>)
                - EntityAttributeFetchImpl(entity=org.project.neutrino.nfvo.catalogue.mano.descriptor.VirtualNetworkFunctionDescriptor, querySpaceUid=<gen:24>, path=org.project.neutrino.nfvo.catalogue.mano.record.VirtualNetworkFunctionRecord.dependency.<elements>.source)
                   - CollectionAttributeFetchImpl(collection=org.project.neutrino.nfvo.catalogue.mano.common.NFVEntityDescriptor.monitoring_parameter, querySpaceUid=<gen:25>, path=org.project.neutrino.nfvo.catalogue.mano.record.VirtualNetworkFunctionRecord.dependency.<elements>.source.monitoring_parameter)
                   - CollectionAttributeFetchImpl(collection=org.project.neutrino.nfvo.catalogue.mano.descriptor.VirtualNetworkFunctionDescriptor.deployment_flavour, querySpaceUid=<gen:26>, path=org.project.neutrino.nfvo.catalogue.mano.record.VirtualNetworkFunctionRecord.dependency.<elements>.source.deployment_flavour)
                      - (collection element) CollectionFetchableElementEntityGraph(entity=org.project.neutrino.nfvo.catalogue.mano.descriptor.VNFDDeploymentFlavour, querySpaceUid=<gen:27>, path=org.project.neutrino.nfvo.catalogue.mano.record.VirtualNetworkFunctionRecord.dependency.<elements>.source.deployment_flavour.<elements>)
                - EntityAttributeFetchImpl(entity=org.project.neutrino.nfvo.catalogue.mano.descriptor.VirtualNetworkFunctionDescriptor, querySpaceUid=<gen:28>, path=org.project.neutrino.nfvo.catalogue.mano.record.VirtualNetworkFunctionRecord.dependency.<elements>.target)
                   - CollectionAttributeFetchImpl(collection=org.project.neutrino.nfvo.catalogue.mano.common.NFVEntityDescriptor.monitoring_parameter, querySpaceUid=<gen:29>, path=org.project.neutrino.nfvo.catalogue.mano.record.VirtualNetworkFunctionRecord.dependency.<elements>.target.monitoring_parameter)
                   - CollectionAttributeFetchImpl(collection=org.project.neutrino.nfvo.catalogue.mano.descriptor.VirtualNetworkFunctionDescriptor.deployment_flavour, querySpaceUid=<gen:30>, path=org.project.neutrino.nfvo.catalogue.mano.record.VirtualNetworkFunctionRecord.dependency.<elements>.target.deployment_flavour)
                      - (collection element) CollectionFetchableElementEntityGraph(entity=org.project.neutrino.nfvo.catalogue.mano.descriptor.VNFDDeploymentFlavour, querySpaceUid=<gen:31>, path=org.project.neutrino.nfvo.catalogue.mano.record.VirtualNetworkFunctionRecord.dependency.<elements>.target.deployment_flavour.<elements>)
          - EntityAttributeFetchImpl(entity=org.project.neutrino.nfvo.catalogue.mano.descriptor.VNFDDeploymentFlavour, querySpaceUid=<gen:32>, path=org.project.neutrino.nfvo.catalogue.mano.record.VirtualNetworkFunctionRecord.deployment_flavour)
             - CollectionAttributeFetchImpl(collection=org.project.neutrino.nfvo.catalogue.mano.descriptor.VNFDDeploymentFlavour.df_constraint, querySpaceUid=<gen:33>, path=org.project.neutrino.nfvo.catalogue.mano.record.VirtualNetworkFunctionRecord.deployment_flavour.df_constraint)
          - EntityAttributeFetchImpl(entity=org.project.neutrino.nfvo.catalogue.mano.common.LifecycleEvent, querySpaceUid=<gen:34>, path=org.project.neutrino.nfvo.catalogue.mano.record.VirtualNetworkFunctionRecord.lifecycle_event)
          - CollectionAttributeFetchImpl(collection=org.project.neutrino.nfvo.catalogue.mano.record.VirtualNetworkFunctionRecord.lifecycle_event_history, querySpaceUid=<gen:35>, path=org.project.neutrino.nfvo.catalogue.mano.record.VirtualNetworkFunctionRecord.lifecycle_event_history)
             - (collection element) CollectionFetchableElementEntityGraph(entity=org.project.neutrino.nfvo.catalogue.mano.common.LifecycleEvent, querySpaceUid=<gen:36>, path=org.project.neutrino.nfvo.catalogue.mano.record.VirtualNetworkFunctionRecord.lifecycle_event_history.<elements>)
          - EntityAttributeFetchImpl(entity=org.project.neutrino.nfvo.catalogue.mano.record.NetworkServiceRecord, querySpaceUid=<gen:37>, path=org.project.neutrino.nfvo.catalogue.mano.record.VirtualNetworkFunctionRecord.parent_ns)
             - CollectionAttributeFetchImpl(collection=org.project.neutrino.nfvo.catalogue.mano.record.NetworkServiceRecord.auto_scale_policy, querySpaceUid=<gen:38>, path=org.project.neutrino.nfvo.catalogue.mano.record.VirtualNetworkFunctionRecord.parent_ns.auto_scale_policy)
                - (collection element) CollectionFetchableElementEntityGraph(entity=org.project.neutrino.nfvo.catalogue.mano.common.AutoScalePolicy, querySpaceUid=<gen:39>, path=org.project.neutrino.nfvo.catalogue.mano.record.VirtualNetworkFunctionRecord.parent_ns.auto_scale_policy.<elements>)
             - CollectionAttributeFetchImpl(collection=org.project.neutrino.nfvo.catalogue.mano.record.NetworkServiceRecord.connection_point, querySpaceUid=<gen:40>, path=org.project.neutrino.nfvo.catalogue.mano.record.VirtualNetworkFunctionRecord.parent_ns.connection_point)
                - (collection element) CollectionFetchableElementEntityGraph(entity=org.project.neutrino.nfvo.catalogue.mano.common.ConnectionPoint, querySpaceUid=<gen:41>, path=org.project.neutrino.nfvo.catalogue.mano.record.VirtualNetworkFunctionRecord.parent_ns.connection_point.<elements>)
             - EntityAttributeFetchImpl(entity=org.project.neutrino.nfvo.catalogue.mano.common.NFVEntityDescriptor, querySpaceUid=<gen:42>, path=org.project.neutrino.nfvo.catalogue.mano.record.VirtualNetworkFunctionRecord.parent_ns.descriptor_reference)
                - CollectionAttributeFetchImpl(collection=org.project.neutrino.nfvo.catalogue.mano.common.NFVEntityDescriptor.monitoring_parameter, querySpaceUid=<gen:43>, path=org.project.neutrino.nfvo.catalogue.mano.record.VirtualNetworkFunctionRecord.parent_ns.descriptor_reference.monitoring_parameter)
                - CollectionAttributeFetchImpl(collection=org.project.neutrino.nfvo.catalogue.mano.descriptor.VirtualNetworkFunctionDescriptor.deployment_flavour, querySpaceUid=<gen:44>, path=org.project.neutrino.nfvo.catalogue.mano.record.VirtualNetworkFunctionRecord.parent_ns.descriptor_reference.deployment_flavour)
                   - (collection element) CollectionFetchableElementEntityGraph(entity=org.project.neutrino.nfvo.catalogue.mano.descriptor.VNFDDeploymentFlavour, querySpaceUid=<gen:45>, path=org.project.neutrino.nfvo.catalogue.mano.record.VirtualNetworkFunctionRecord.parent_ns.descriptor_reference.deployment_flavour.<elements>)
                - EntityAttributeFetchImpl(entity=org.project.neutrino.nfvo.catalogue.mano.common.Security, querySpaceUid=<gen:46>, path=org.project.neutrino.nfvo.catalogue.mano.record.VirtualNetworkFunctionRecord.parent_ns.descriptor_reference.nsd_security)
                - CollectionAttributeFetchImpl(collection=org.project.neutrino.nfvo.catalogue.mano.descriptor.NetworkServiceDescriptor.vnf_dependency, querySpaceUid=<gen:47>, path=org.project.neutrino.nfvo.catalogue.mano.record.VirtualNetworkFunctionRecord.parent_ns.descriptor_reference.vnf_dependency)
                   - (collection element) CollectionFetchableElementEntityGraph(entity=org.project.neutrino.nfvo.catalogue.mano.common.VNFDependency, querySpaceUid=<gen:48>, path=org.project.neutrino.nfvo.catalogue.mano.record.VirtualNetworkFunctionRecord.parent_ns.descriptor_reference.vnf_dependency.<elements>)
                - CollectionAttributeFetchImpl(collection=org.project.neutrino.nfvo.catalogue.mano.descriptor.NetworkServiceDescriptor.vnfd, querySpaceUid=<gen:49>, path=org.project.neutrino.nfvo.catalogue.mano.record.VirtualNetworkFunctionRecord.parent_ns.descriptor_reference.vnfd)
                   - (collection element) CollectionFetchableElementEntityGraph(entity=org.project.neutrino.nfvo.catalogue.mano.descriptor.VirtualNetworkFunctionDescriptor, querySpaceUid=<gen:50>, path=org.project.neutrino.nfvo.catalogue.mano.record.VirtualNetworkFunctionRecord.parent_ns.descriptor_reference.vnfd.<elements>)
             - EntityAttributeFetchImpl(entity=org.project.neutrino.nfvo.catalogue.mano.common.LifecycleEvent, querySpaceUid=<gen:51>, path=org.project.neutrino.nfvo.catalogue.mano.record.VirtualNetworkFunctionRecord.parent_ns.lifecycle_event)
             - CollectionAttributeFetchImpl(collection=org.project.neutrino.nfvo.catalogue.mano.record.NetworkServiceRecord.lifecycle_event_history, querySpaceUid=<gen:52>, path=org.project.neutrino.nfvo.catalogue.mano.record.VirtualNetworkFunctionRecord.parent_ns.lifecycle_event_history)
                - (collection element) CollectionFetchableElementEntityGraph(entity=org.project.neutrino.nfvo.catalogue.mano.common.LifecycleEvent, querySpaceUid=<gen:53>, path=org.project.neutrino.nfvo.catalogue.mano.record.VirtualNetworkFunctionRecord.parent_ns.lifecycle_event_history.<elements>)
             - CollectionAttributeFetchImpl(collection=org.project.neutrino.nfvo.catalogue.mano.record.NetworkServiceRecord.pnfr, querySpaceUid=<gen:54>, path=org.project.neutrino.nfvo.catalogue.mano.record.VirtualNetworkFunctionRecord.parent_ns.pnfr)
                - (collection element) CollectionFetchableElementEntityGraph(entity=org.project.neutrino.nfvo.catalogue.mano.record.PhysicalNetworkFunctionRecord, querySpaceUid=<gen:55>, path=org.project.neutrino.nfvo.catalogue.mano.record.VirtualNetworkFunctionRecord.parent_ns.pnfr.<elements>)
                   - CollectionAttributeFetchImpl(collection=org.project.neutrino.nfvo.catalogue.mano.record.PhysicalNetworkFunctionRecord.connected_virtual_link, querySpaceUid=<gen:56>, path=org.project.neutrino.nfvo.catalogue.mano.record.VirtualNetworkFunctionRecord.parent_ns.pnfr.<elements>.connected_virtual_link)
                      - (collection element) CollectionFetchableElementEntityGraph(entity=org.project.neutrino.nfvo.catalogue.mano.record.VirtualLinkRecord, querySpaceUid=<gen:57>, path=org.project.neutrino.nfvo.catalogue.mano.record.VirtualNetworkFunctionRecord.parent_ns.pnfr.<elements>.connected_virtual_link.<elements>)
                   - CollectionAttributeFetchImpl(collection=org.project.neutrino.nfvo.catalogue.mano.record.PhysicalNetworkFunctionRecord.connection_point, querySpaceUid=<gen:58>, path=org.project.neutrino.nfvo.catalogue.mano.record.VirtualNetworkFunctionRecord.parent_ns.pnfr.<elements>.connection_point)
                      - (collection element) CollectionFetchableElementEntityGraph(entity=org.project.neutrino.nfvo.catalogue.mano.common.ConnectionPoint, querySpaceUid=<gen:59>, path=org.project.neutrino.nfvo.catalogue.mano.record.VirtualNetworkFunctionRecord.parent_ns.pnfr.<elements>.connection_point.<elements>)
                   - EntityAttributeFetchImpl(entity=org.project.neutrino.nfvo.catalogue.mano.descriptor.PhysicalNetworkFunctionDescriptor, querySpaceUid=<gen:60>, path=org.project.neutrino.nfvo.catalogue.mano.record.VirtualNetworkFunctionRecord.parent_ns.pnfr.<elements>.descriptor_reference)
                   - EntityAttributeFetchImpl(entity=org.project.neutrino.nfvo.catalogue.mano.record.NetworkServiceRecord, querySpaceUid=<gen:61>, path=org.project.neutrino.nfvo.catalogue.mano.record.VirtualNetworkFunctionRecord.parent_ns.pnfr.<elements>.parent_ns)
                   - CollectionAttributeFetchImpl(collection=org.project.neutrino.nfvo.catalogue.mano.record.PhysicalNetworkFunctionRecord.vnffgr, querySpaceUid=<gen:62>, path=org.project.neutrino.nfvo.catalogue.mano.record.VirtualNetworkFunctionRecord.parent_ns.pnfr.<elements>.vnffgr)
                      - (collection element) CollectionFetchableElementEntityGraph(entity=org.project.neutrino.nfvo.catalogue.mano.record.VNFForwardingGraphRecord, querySpaceUid=<gen:63>, path=org.project.neutrino.nfvo.catalogue.mano.record.VirtualNetworkFunctionRecord.parent_ns.pnfr.<elements>.vnffgr.<elements>)
             - EntityAttributeFetchImpl(entity=org.project.neutrino.nfvo.catalogue.mano.common.ServiceDeploymentFlavour, querySpaceUid=<gen:64>, path=org.project.neutrino.nfvo.catalogue.mano.record.VirtualNetworkFunctionRecord.parent_ns.service_deployment_flavour)
             - CollectionAttributeFetchImpl(collection=org.project.neutrino.nfvo.catalogue.mano.record.NetworkServiceRecord.vlr, querySpaceUid=<gen:65>, path=org.project.neutrino.nfvo.catalogue.mano.record.VirtualNetworkFunctionRecord.parent_ns.vlr)
                - (collection element) CollectionFetchableElementEntityGraph(entity=org.project.neutrino.nfvo.catalogue.mano.record.VirtualLinkRecord, querySpaceUid=<gen:66>, path=org.project.neutrino.nfvo.catalogue.mano.record.VirtualNetworkFunctionRecord.parent_ns.vlr.<elements>)
             - CollectionAttributeFetchImpl(collection=org.project.neutrino.nfvo.catalogue.mano.record.NetworkServiceRecord.vnf_dependency, querySpaceUid=<gen:67>, path=org.project.neutrino.nfvo.catalogue.mano.record.VirtualNetworkFunctionRecord.parent_ns.vnf_dependency)
                - (collection element) CollectionFetchableElementEntityGraph(entity=org.project.neutrino.nfvo.catalogue.mano.common.VNFDependency, querySpaceUid=<gen:68>, path=org.project.neutrino.nfvo.catalogue.mano.record.VirtualNetworkFunctionRecord.parent_ns.vnf_dependency.<elements>)
             - CollectionAttributeFetchImpl(collection=org.project.neutrino.nfvo.catalogue.mano.record.NetworkServiceRecord.vnffgr, querySpaceUid=<gen:69>, path=org.project.neutrino.nfvo.catalogue.mano.record.VirtualNetworkFunctionRecord.parent_ns.vnffgr)
                - (collection element) CollectionFetchableElementEntityGraph(entity=org.project.neutrino.nfvo.catalogue.mano.descriptor.VNFForwardingGraph, querySpaceUid=<gen:70>, path=org.project.neutrino.nfvo.catalogue.mano.record.VirtualNetworkFunctionRecord.parent_ns.vnffgr.<elements>)
                   - EntityAttributeFetchImpl(entity=org.project.neutrino.nfvo.catalogue.mano.common.Security, querySpaceUid=<gen:71>, path=org.project.neutrino.nfvo.catalogue.mano.record.VirtualNetworkFunctionRecord.parent_ns.vnffgr.<elements>.vnffgd_security)
             - EntityAttributeFetchImpl(entity=org.project.neutrino.nfvo.catalogue.mano.record.VirtualNetworkFunctionRecord, querySpaceUid=<gen:72>, path=org.project.neutrino.nfvo.catalogue.mano.record.VirtualNetworkFunctionRecord.parent_ns.vnfr)
                - CollectionAttributeFetchImpl(collection=org.project.neutrino.nfvo.catalogue.mano.record.VirtualNetworkFunctionRecord.vdu, querySpaceUid=<gen:73>, path=org.project.neutrino.nfvo.catalogue.mano.record.VirtualNetworkFunctionRecord.parent_ns.vnfr.vdu)
                   - (collection element) CollectionFetchableElementEntityGraph(entity=org.project.neutrino.nfvo.catalogue.mano.descriptor.VirtualDeploymentUnit, querySpaceUid=<gen:74>, path=org.project.neutrino.nfvo.catalogue.mano.record.VirtualNetworkFunctionRecord.parent_ns.vnfr.vdu.<elements>)
                - CollectionAttributeFetchImpl(collection=org.project.neutrino.nfvo.catalogue.mano.record.VirtualNetworkFunctionRecord.virtual_link, querySpaceUid=<gen:75>, path=org.project.neutrino.nfvo.catalogue.mano.record.VirtualNetworkFunctionRecord.parent_ns.vnfr.virtual_link)
                   - (collection element) CollectionFetchableElementEntityGraph(entity=org.project.neutrino.nfvo.catalogue.mano.descriptor.InternalVirtualLink, querySpaceUid=<gen:76>, path=org.project.neutrino.nfvo.catalogue.mano.record.VirtualNetworkFunctionRecord.parent_ns.vnfr.virtual_link.<elements>)
          - CollectionAttributeFetchImpl(collection=org.project.neutrino.nfvo.catalogue.mano.record.VirtualNetworkFunctionRecord.vdu, querySpaceUid=<gen:77>, path=org.project.neutrino.nfvo.catalogue.mano.record.VirtualNetworkFunctionRecord.vdu)
             - (collection element) CollectionFetchableElementEntityGraph(entity=org.project.neutrino.nfvo.catalogue.mano.descriptor.VirtualDeploymentUnit, querySpaceUid=<gen:78>, path=org.project.neutrino.nfvo.catalogue.mano.record.VirtualNetworkFunctionRecord.vdu.<elements>)
                - CollectionAttributeFetchImpl(collection=org.project.neutrino.nfvo.catalogue.mano.descriptor.VirtualDeploymentUnit.monitoring_parameter, querySpaceUid=<gen:79>, path=org.project.neutrino.nfvo.catalogue.mano.record.VirtualNetworkFunctionRecord.vdu.<elements>.monitoring_parameter)
                - CollectionAttributeFetchImpl(collection=org.project.neutrino.nfvo.catalogue.mano.descriptor.VirtualDeploymentUnit.vm_image, querySpaceUid=<gen:80>, path=org.project.neutrino.nfvo.catalogue.mano.record.VirtualNetworkFunctionRecord.vdu.<elements>.vm_image)
          - CollectionAttributeFetchImpl(collection=org.project.neutrino.nfvo.catalogue.mano.record.VirtualNetworkFunctionRecord.virtual_link, querySpaceUid=<gen:81>, path=org.project.neutrino.nfvo.catalogue.mano.record.VirtualNetworkFunctionRecord.virtual_link)
             - (collection element) CollectionFetchableElementEntityGraph(entity=org.project.neutrino.nfvo.catalogue.mano.descriptor.InternalVirtualLink, querySpaceUid=<gen:82>, path=org.project.neutrino.nfvo.catalogue.mano.record.VirtualNetworkFunctionRecord.virtual_link.<elements>)
                - CollectionAttributeFetchImpl(collection=org.project.neutrino.nfvo.catalogue.mano.descriptor.InternalVirtualLink.connection_points_references, querySpaceUid=<gen:83>, path=org.project.neutrino.nfvo.catalogue.mano.record.VirtualNetworkFunctionRecord.virtual_link.<elements>.connection_points_references)
    - QuerySpaces
       - EntityQuerySpaceImpl(uid=<gen:0>, entity=org.project.neutrino.nfvo.catalogue.mano.record.VirtualNetworkFunctionRecord)
          - SQL table alias mapping - virtualnet0_
          - alias suffix - 0_
          - suffixed key columns - {id1_68_0_}
          - JOIN (JoinDefinedByMetadata(auto_scale_policy)) : <gen:0> -> <gen:1>
             - CollectionQuerySpaceImpl(uid=<gen:1>, collection=org.project.neutrino.nfvo.catalogue.mano.record.VirtualNetworkFunctionRecord.auto_scale_policy)
                - SQL table alias mapping - auto_scale1_
                - alias suffix - 1_
                - suffixed key columns - {virtual_1_68_1_}
                - entity-element alias suffix - 2_
                - 2_entity-element suffixed key columns - id1_3_2_
                - JOIN (JoinDefinedByMetadata(elements)) : <gen:1> -> <gen:2>
                   - EntityQuerySpaceImpl(uid=<gen:2>, entity=org.project.neutrino.nfvo.catalogue.mano.common.AutoScalePolicy)
                      - SQL table alias mapping - autoscalep2_
                      - alias suffix - 2_
                      - suffixed key columns - {id1_3_2_}
          - JOIN (JoinDefinedByMetadata(connected_external_virtual_link)) : <gen:0> -> <gen:3>
             - CollectionQuerySpaceImpl(uid=<gen:3>, collection=org.project.neutrino.nfvo.catalogue.mano.record.VirtualNetworkFunctionRecord.connected_external_virtual_link)
                - SQL table alias mapping - connected_3_
                - alias suffix - 3_
                - suffixed key columns - {virtual_1_68_3_}
                - entity-element alias suffix - 4_
                - 4_entity-element suffixed key columns - id1_54_4_
                - JOIN (JoinDefinedByMetadata(elements)) : <gen:3> -> <gen:4>
                   - EntityQuerySpaceImpl(uid=<gen:4>, entity=org.project.neutrino.nfvo.catalogue.mano.record.VirtualLinkRecord)
                      - SQL table alias mapping - virtuallin4_
                      - alias suffix - 4_
                      - suffixed key columns - {id1_54_4_}
                      - JOIN (JoinDefinedByMetadata(lifecycle_event_history)) : <gen:4> -> <gen:5>
                         - CollectionQuerySpaceImpl(uid=<gen:5>, collection=org.project.neutrino.nfvo.catalogue.mano.record.VirtualLinkRecord.lifecycle_event_history)
                            - SQL table alias mapping - lifecycle_5_
                            - alias suffix - 5_
                            - suffixed key columns - {virtual_1_54_5_}
                            - entity-element alias suffix - 6_
                            - 6_entity-element suffixed key columns - id1_10_6_
                            - JOIN (JoinDefinedByMetadata(elements)) : <gen:5> -> <gen:6>
                               - EntityQuerySpaceImpl(uid=<gen:6>, entity=org.project.neutrino.nfvo.catalogue.mano.common.LifecycleEvent)
                                  - SQL table alias mapping - lifecyclee6_
                                  - alias suffix - 6_
                                  - suffixed key columns - {id1_10_6_}
                      - JOIN (JoinDefinedByMetadata(vnffgr_reference)) : <gen:4> -> <gen:7>
                         - CollectionQuerySpaceImpl(uid=<gen:7>, collection=org.project.neutrino.nfvo.catalogue.mano.record.VirtualLinkRecord.vnffgr_reference)
                            - SQL table alias mapping - vnffgr_ref7_
                            - alias suffix - 7_
                            - suffixed key columns - {virtual_1_54_7_}
                            - entity-element alias suffix - 8_
                            - 8_entity-element suffixed key columns - id1_92_8_
                            - JOIN (JoinDefinedByMetadata(elements)) : <gen:7> -> <gen:8>
                               - EntityQuerySpaceImpl(uid=<gen:8>, entity=org.project.neutrino.nfvo.catalogue.mano.record.VNFForwardingGraphRecord)
                                  - SQL table alias mapping - vnfforward8_
                                  - alias suffix - 8_
                                  - suffixed key columns - {id1_92_8_}
          - JOIN (JoinDefinedByMetadata(connection_point)) : <gen:0> -> <gen:20>
             - CollectionQuerySpaceImpl(uid=<gen:20>, collection=org.project.neutrino.nfvo.catalogue.mano.record.VirtualNetworkFunctionRecord.connection_point)
                - SQL table alias mapping - connection9_
                - alias suffix - 9_
                - suffixed key columns - {virtual_1_68_9_}
                - entity-element alias suffix - 10_
                - 10_entity-element suffixed key columns - id1_4_10_
                - JOIN (JoinDefinedByMetadata(elements)) : <gen:20> -> <gen:21>
                   - EntityQuerySpaceImpl(uid=<gen:21>, entity=org.project.neutrino.nfvo.catalogue.mano.common.ConnectionPoint)
                      - SQL table alias mapping - connection10_
                      - alias suffix - 10_
                      - suffixed key columns - {id1_4_10_}
          - JOIN (JoinDefinedByMetadata(dependency)) : <gen:0> -> <gen:22>
             - CollectionQuerySpaceImpl(uid=<gen:22>, collection=org.project.neutrino.nfvo.catalogue.mano.record.VirtualNetworkFunctionRecord.dependency)
                - SQL table alias mapping - dependency11_
                - alias suffix - 11_
                - suffixed key columns - {virtual_1_68_11_}
                - entity-element alias suffix - 12_
                - 12_entity-element suffixed key columns - id1_86_12_
                - JOIN (JoinDefinedByMetadata(elements)) : <gen:22> -> <gen:23>
                   - EntityQuerySpaceImpl(uid=<gen:23>, entity=org.project.neutrino.nfvo.catalogue.mano.common.VNFDependency)
                      - SQL table alias mapping - vnfdepende12_
                      - alias suffix - 12_
                      - suffixed key columns - {id1_86_12_}
                      - JOIN (JoinDefinedByMetadata(source)) : <gen:23> -> <gen:24>
                         - EntityQuerySpaceImpl(uid=<gen:24>, entity=org.project.neutrino.nfvo.catalogue.mano.descriptor.VirtualNetworkFunctionDescriptor)
                            - SQL table alias mapping - virtualnet13_
                            - alias suffix - 13_
                            - suffixed key columns - {id1_27_13_}
                      - JOIN (JoinDefinedByMetadata(target)) : <gen:23> -> <gen:28>
                         - EntityQuerySpaceImpl(uid=<gen:28>, entity=org.project.neutrino.nfvo.catalogue.mano.descriptor.VirtualNetworkFunctionDescriptor)
                            - SQL table alias mapping - virtualnet14_
                            - alias suffix - 14_
                            - suffixed key columns - {id1_27_14_}
          - JOIN (JoinDefinedByMetadata(deployment_flavour)) : <gen:0> -> <gen:32>
             - EntityQuerySpaceImpl(uid=<gen:32>, entity=org.project.neutrino.nfvo.catalogue.mano.descriptor.VNFDDeploymentFlavour)
                - SQL table alias mapping - vnfddeploy15_
                - alias suffix - 15_
                - suffixed key columns - {id1_7_15_}
                - JOIN (JoinDefinedByMetadata(df_constraint)) : <gen:32> -> <gen:33>
                   - CollectionQuerySpaceImpl(uid=<gen:33>, collection=org.project.neutrino.nfvo.catalogue.mano.descriptor.VNFDDeploymentFlavour.df_constraint)
                      - SQL table alias mapping - df_constra16_
                      - alias suffix - 16_
                      - suffixed key columns - {vnfddepl1_7_16_}
          - JOIN (JoinDefinedByMetadata(lifecycle_event)) : <gen:0> -> <gen:34>
             - EntityQuerySpaceImpl(uid=<gen:34>, entity=org.project.neutrino.nfvo.catalogue.mano.common.LifecycleEvent)
                - SQL table alias mapping - lifecyclee17_
                - alias suffix - 17_
                - suffixed key columns - {id1_10_17_}
          - JOIN (JoinDefinedByMetadata(lifecycle_event_history)) : <gen:0> -> <gen:35>
             - CollectionQuerySpaceImpl(uid=<gen:35>, collection=org.project.neutrino.nfvo.catalogue.mano.record.VirtualNetworkFunctionRecord.lifecycle_event_history)
                - SQL table alias mapping - lifecycle_18_
                - alias suffix - 18_
                - suffixed key columns - {virtual_1_68_18_}
                - entity-element alias suffix - 19_
                - 19_entity-element suffixed key columns - id1_10_19_
                - JOIN (JoinDefinedByMetadata(elements)) : <gen:35> -> <gen:36>
                   - EntityQuerySpaceImpl(uid=<gen:36>, entity=org.project.neutrino.nfvo.catalogue.mano.common.LifecycleEvent)
                      - SQL table alias mapping - lifecyclee19_
                      - alias suffix - 19_
                      - suffixed key columns - {id1_10_19_}
          - JOIN (JoinDefinedByMetadata(parent_ns)) : <gen:0> -> <gen:37>
             - EntityQuerySpaceImpl(uid=<gen:37>, entity=org.project.neutrino.nfvo.catalogue.mano.record.NetworkServiceRecord)
                - SQL table alias mapping - networkser20_
                - alias suffix - 20_
                - suffixed key columns - {id1_18_20_}
                - JOIN (JoinDefinedByMetadata(auto_scale_policy)) : <gen:37> -> <gen:38>
                   - CollectionQuerySpaceImpl(uid=<gen:38>, collection=org.project.neutrino.nfvo.catalogue.mano.record.NetworkServiceRecord.auto_scale_policy)
                      - SQL table alias mapping - auto_scale21_
                      - alias suffix - 21_
                      - suffixed key columns - {network_1_18_21_}
                      - entity-element alias suffix - 22_
                      - 22_entity-element suffixed key columns - id1_3_22_
                      - JOIN (JoinDefinedByMetadata(elements)) : <gen:38> -> <gen:39>
                         - EntityQuerySpaceImpl(uid=<gen:39>, entity=org.project.neutrino.nfvo.catalogue.mano.common.AutoScalePolicy)
                            - SQL table alias mapping - autoscalep22_
                            - alias suffix - 22_
                            - suffixed key columns - {id1_3_22_}
                - JOIN (JoinDefinedByMetadata(connection_point)) : <gen:37> -> <gen:40>
                   - CollectionQuerySpaceImpl(uid=<gen:40>, collection=org.project.neutrino.nfvo.catalogue.mano.record.NetworkServiceRecord.connection_point)
                      - SQL table alias mapping - connection23_
                      - alias suffix - 23_
                      - suffixed key columns - {network_1_18_23_}
                      - entity-element alias suffix - 24_
                      - 24_entity-element suffixed key columns - id1_4_24_
                      - JOIN (JoinDefinedByMetadata(elements)) : <gen:40> -> <gen:41>
                         - EntityQuerySpaceImpl(uid=<gen:41>, entity=org.project.neutrino.nfvo.catalogue.mano.common.ConnectionPoint)
                            - SQL table alias mapping - connection24_
                            - alias suffix - 24_
                            - suffixed key columns - {id1_4_24_}
                - JOIN (JoinDefinedByMetadata(descriptor_reference)) : <gen:37> -> <gen:42>
                   - EntityQuerySpaceImpl(uid=<gen:42>, entity=org.project.neutrino.nfvo.catalogue.mano.common.NFVEntityDescriptor)
                      - SQL table alias mapping - nfventityd25_
                      - alias suffix - 25_
                      - suffixed key columns - {id1_27_25_}
                - JOIN (JoinDefinedByMetadata(lifecycle_event)) : <gen:37> -> <gen:51>
                   - EntityQuerySpaceImpl(uid=<gen:51>, entity=org.project.neutrino.nfvo.catalogue.mano.common.LifecycleEvent)
                      - SQL table alias mapping - lifecyclee26_
                      - alias suffix - 26_
                      - suffixed key columns - {id1_10_26_}
                - JOIN (JoinDefinedByMetadata(lifecycle_event_history)) : <gen:37> -> <gen:52>
                   - CollectionQuerySpaceImpl(uid=<gen:52>, collection=org.project.neutrino.nfvo.catalogue.mano.record.NetworkServiceRecord.lifecycle_event_history)
                      - SQL table alias mapping - lifecycle_27_
                      - alias suffix - 27_
                      - suffixed key columns - {network_1_18_27_}
                      - entity-element alias suffix - 28_
                      - 28_entity-element suffixed key columns - id1_10_28_
                      - JOIN (JoinDefinedByMetadata(elements)) : <gen:52> -> <gen:53>
                         - EntityQuerySpaceImpl(uid=<gen:53>, entity=org.project.neutrino.nfvo.catalogue.mano.common.LifecycleEvent)
                            - SQL table alias mapping - lifecyclee28_
                            - alias suffix - 28_
                            - suffixed key columns - {id1_10_28_}
                - JOIN (JoinDefinedByMetadata(pnfr)) : <gen:37> -> <gen:54>
                   - CollectionQuerySpaceImpl(uid=<gen:54>, collection=org.project.neutrino.nfvo.catalogue.mano.record.NetworkServiceRecord.pnfr)
                      - SQL table alias mapping - pnfr29_
                      - alias suffix - 29_
                      - suffixed key columns - {network_1_18_29_}
                      - entity-element alias suffix - 30_
                      - 30_entity-element suffixed key columns - id1_37_30_
                      - JOIN (JoinDefinedByMetadata(elements)) : <gen:54> -> <gen:55>
                         - EntityQuerySpaceImpl(uid=<gen:55>, entity=org.project.neutrino.nfvo.catalogue.mano.record.PhysicalNetworkFunctionRecord)
                            - SQL table alias mapping - physicalne30_
                            - alias suffix - 30_
                            - suffixed key columns - {id1_37_30_}
                - JOIN (JoinDefinedByMetadata(service_deployment_flavour)) : <gen:37> -> <gen:64>
                   - EntityQuerySpaceImpl(uid=<gen:64>, entity=org.project.neutrino.nfvo.catalogue.mano.common.ServiceDeploymentFlavour)
                      - SQL table alias mapping - servicedep31_
                      - alias suffix - 31_
                      - suffixed key columns - {id1_7_31_}
                - JOIN (JoinDefinedByMetadata(vlr)) : <gen:37> -> <gen:65>
                   - CollectionQuerySpaceImpl(uid=<gen:65>, collection=org.project.neutrino.nfvo.catalogue.mano.record.NetworkServiceRecord.vlr)
                      - SQL table alias mapping - vlr32_
                      - alias suffix - 32_
                      - suffixed key columns - {network_1_18_32_}
                      - entity-element alias suffix - 33_
                      - 33_entity-element suffixed key columns - id1_54_33_
                      - JOIN (JoinDefinedByMetadata(elements)) : <gen:65> -> <gen:66>
                         - EntityQuerySpaceImpl(uid=<gen:66>, entity=org.project.neutrino.nfvo.catalogue.mano.record.VirtualLinkRecord)
                            - SQL table alias mapping - virtuallin33_
                            - alias suffix - 33_
                            - suffixed key columns - {id1_54_33_}
                - JOIN (JoinDefinedByMetadata(vnf_dependency)) : <gen:37> -> <gen:67>
                   - CollectionQuerySpaceImpl(uid=<gen:67>, collection=org.project.neutrino.nfvo.catalogue.mano.record.NetworkServiceRecord.vnf_dependency)
                      - SQL table alias mapping - vnf_depend34_
                      - alias suffix - 34_
                      - suffixed key columns - {network_1_18_34_}
                      - entity-element alias suffix - 35_
                      - 35_entity-element suffixed key columns - id1_86_35_
                      - JOIN (JoinDefinedByMetadata(elements)) : <gen:67> -> <gen:68>
                         - EntityQuerySpaceImpl(uid=<gen:68>, entity=org.project.neutrino.nfvo.catalogue.mano.common.VNFDependency)
                            - SQL table alias mapping - vnfdepende35_
                            - alias suffix - 35_
                            - suffixed key columns - {id1_86_35_}
                - JOIN (JoinDefinedByMetadata(vnffgr)) : <gen:37> -> <gen:69>
                   - CollectionQuerySpaceImpl(uid=<gen:69>, collection=org.project.neutrino.nfvo.catalogue.mano.record.NetworkServiceRecord.vnffgr)
                      - SQL table alias mapping - vnffgr36_
                      - alias suffix - 36_
                      - suffixed key columns - {network_1_18_36_}
                      - entity-element alias suffix - 37_
                      - 37_entity-element suffixed key columns - id1_87_37_
                      - JOIN (JoinDefinedByMetadata(elements)) : <gen:69> -> <gen:70>
                         - EntityQuerySpaceImpl(uid=<gen:70>, entity=org.project.neutrino.nfvo.catalogue.mano.descriptor.VNFForwardingGraph)
                            - SQL table alias mapping - vnfforward37_
                            - alias suffix - 37_
                            - suffixed key columns - {id1_87_37_}
                - JOIN (JoinDefinedByMetadata(vnfr)) : <gen:37> -> <gen:72>
                   - EntityQuerySpaceImpl(uid=<gen:72>, entity=org.project.neutrino.nfvo.catalogue.mano.record.VirtualNetworkFunctionRecord)
                      - SQL table alias mapping - virtualnet38_
                      - alias suffix - 38_
                      - suffixed key columns - {id1_68_38_}
          - JOIN (JoinDefinedByMetadata(vdu)) : <gen:0> -> <gen:77>
             - CollectionQuerySpaceImpl(uid=<gen:77>, collection=org.project.neutrino.nfvo.catalogue.mano.record.VirtualNetworkFunctionRecord.vdu)
                - SQL table alias mapping - vdu39_
                - alias suffix - 39_
                - suffixed key columns - {virtual_1_68_39_}
                - entity-element alias suffix - 40_
                - 40_entity-element suffixed key columns - id1_47_40_
                - JOIN (JoinDefinedByMetadata(elements)) : <gen:77> -> <gen:78>
                   - EntityQuerySpaceImpl(uid=<gen:78>, entity=org.project.neutrino.nfvo.catalogue.mano.descriptor.VirtualDeploymentUnit)
                      - SQL table alias mapping - virtualdep40_
                      - alias suffix - 40_
                      - suffixed key columns - {id1_47_40_}
                      - JOIN (JoinDefinedByMetadata(monitoring_parameter)) : <gen:78> -> <gen:79>
                         - CollectionQuerySpaceImpl(uid=<gen:79>, collection=org.project.neutrino.nfvo.catalogue.mano.descriptor.VirtualDeploymentUnit.monitoring_parameter)
                            - SQL table alias mapping - monitoring41_
                            - alias suffix - 41_
                            - suffixed key columns - {virtual_1_47_41_}
                      - JOIN (JoinDefinedByMetadata(vm_image)) : <gen:78> -> <gen:80>
                         - CollectionQuerySpaceImpl(uid=<gen:80>, collection=org.project.neutrino.nfvo.catalogue.mano.descriptor.VirtualDeploymentUnit.vm_image)
                            - SQL table alias mapping - vm_image42_
                            - alias suffix - 42_
                            - suffixed key columns - {virtual_1_47_42_}
          - JOIN (JoinDefinedByMetadata(virtual_link)) : <gen:0> -> <gen:81>
             - CollectionQuerySpaceImpl(uid=<gen:81>, collection=org.project.neutrino.nfvo.catalogue.mano.record.VirtualNetworkFunctionRecord.virtual_link)
                - SQL table alias mapping - virtual_li43_
                - alias suffix - 43_
                - suffixed key columns - {virtual_1_68_43_}
                - entity-element alias suffix - 44_
                - 44_entity-element suffixed key columns - id1_0_44_
                - JOIN (JoinDefinedByMetadata(elements)) : <gen:81> -> <gen:82>
                   - EntityQuerySpaceImpl(uid=<gen:82>, entity=org.project.neutrino.nfvo.catalogue.mano.descriptor.InternalVirtualLink)
                      - SQL table alias mapping - internalvi44_
                      - alias suffix - 44_
                      - suffixed key columns - {id1_0_44_}
                      - JOIN (JoinDefinedByMetadata(connection_points_references)) : <gen:82> -> <gen:83>
                         - CollectionQuerySpaceImpl(uid=<gen:83>, collection=org.project.neutrino.nfvo.catalogue.mano.descriptor.InternalVirtualLink.connection_points_references)
                            - SQL table alias mapping - connection45_
                            - alias suffix - 45_
                            - suffixed key columns - {internal1_0_45_}

13:23:06.941 [Test worker] DEBUG o.h.loader.entity.plan.EntityLoader - Static select for entity org.project.neutrino.nfvo.catalogue.mano.record.VirtualNetworkFunctionRecord [NONE]: select virtualnet0_.id as id1_68_0_, virtualnet0_.audit_log as audit_lo2_68_0_, virtualnet0_.deployment_flavour_id as deployme9_68_0_, virtualnet0_.descriptor_reference as descript3_68_0_, virtualnet0_.lifecycle_event_id as lifecyc10_68_0_, virtualnet0_.localization as localiza4_68_0_, virtualnet0_.parent_ns_id as parent_11_68_0_, virtualnet0_.status as status5_68_0_, virtualnet0_.vendor as vendor6_68_0_, virtualnet0_.version as version7_68_0_, virtualnet0_.vnfm_id as vnfm_id8_68_0_, auto_scale1_.virtual_network_function_record_id as virtual_1_68_1_, autoscalep2_.id as auto_sca2_69_1_, autoscalep2_.id as id1_3_2_, autoscalep2_.version as version2_3_2_, connected_3_.virtual_network_function_record_id as virtual_1_68_3_, virtuallin4_.id as connecte2_70_3_, virtuallin4_.id as id1_54_4_, virtuallin4_.connectivity_type as connecti2_54_4_, virtuallin4_.descriptor_reference as descript3_54_4_, virtuallin4_.leaf_requirement as leaf_req4_54_4_, virtuallin4_.number_of_enpoints as number_o5_54_4_, virtuallin4_.parent_ns as parent_n6_54_4_, virtuallin4_.root_requirement as root_req7_54_4_, virtuallin4_.status as status8_54_4_, virtuallin4_.test_access as test_acc9_54_4_, virtuallin4_.vendor as vendor10_54_4_, virtuallin4_.version as version11_54_4_, virtuallin4_.vim_id as vim_id12_54_4_, lifecycle_5_.virtual_link_record_id as virtual_1_54_5_, lifecyclee6_.id as lifecycl2_58_5_, lifecyclee6_.id as id1_10_6_, lifecyclee6_.version as version2_10_6_, vnffgr_ref7_.virtual_link_record_id as virtual_1_54_7_, vnfforward8_.id as vnffgr_r2_61_7_, vnfforward8_.id as id1_92_8_, vnfforward8_.audit_log as audit_lo2_92_8_, vnfforward8_.descriptor_reference_id as descrip10_92_8_, vnfforward8_.network_forwarding_path_id as network11_92_8_, vnfforward8_.number_of_endpoints as number_o3_92_8_, vnfforward8_.number_of_pnfs as number_o4_92_8_, vnfforward8_.number_of_virtual_links as number_o5_92_8_, vnfforward8_.number_of_vnfs as number_o6_92_8_, vnfforward8_.parent_ns_id as parent_12_92_8_, vnfforward8_.status as status7_92_8_, vnfforward8_.vendor as vendor8_92_8_, vnfforward8_.version as version9_92_8_, connection9_.virtual_network_function_record_id as virtual_1_68_9_, connection10_.id as connecti2_71_9_, connection10_.id as id1_4_10_, connection10_.type as type2_4_10_, connection10_.version as version3_4_10_, connection10_.virtual_link_reference as virtual_1_82_10_, connection10_.clazz_ as clazz_10_, dependency11_.virtual_network_function_record_id as virtual_1_68_11_, vnfdepende12_.id as dependen2_72_11_, vnfdepende12_.id as id1_86_12_, vnfdepende12_.source_Id as source_I3_86_12_, vnfdepende12_.target_Id as target_I4_86_12_, vnfdepende12_.version as version2_86_12_, virtualnet13_.id as id1_27_13_, virtualnet13_.hb_version as hb_versi2_27_13_, virtualnet13_.vendor as vendor3_27_13_, virtualnet13_.version as version4_27_13_, virtualnet13_.descriptor_version as descript1_62_13_, virtualnet13_.manifest_file as manifest2_62_13_, virtualnet14_.id as id1_27_14_, virtualnet14_.hb_version as hb_versi2_27_14_, virtualnet14_.vendor as vendor3_27_14_, virtualnet14_.version as version4_27_14_, virtualnet14_.descriptor_version as descript1_62_14_, virtualnet14_.manifest_file as manifest2_62_14_, vnfddeploy15_.id as id1_7_15_, vnfddeploy15_.flavour_key as flavour_2_7_15_, vnfddeploy15_.version as version3_7_15_, df_constra16_.vnfddeployment_flavour_id as vnfddepl1_7_16_, df_constra16_.df_constraint as df_const2_85_16_, lifecyclee17_.id as id1_10_17_, lifecyclee17_.version as version2_10_17_, lifecycle_18_.virtual_network_function_record_id as virtual_1_68_18_, lifecyclee19_.id as lifecycl2_73_18_, lifecyclee19_.id as id1_10_19_, lifecyclee19_.version as version2_10_19_, networkser20_.id as id1_18_20_, networkser20_.audit_log as audit_lo2_18_20_, networkser20_.descriptor_reference_Id as descript9_18_20_, networkser20_.lifecycle_event_id as lifecyc10_18_20_, networkser20_.notification as notifica3_18_20_, networkser20_.resource_reservation as resource4_18_20_, networkser20_.runtime_policy_info as runtime_5_18_20_, networkser20_.service_deployment_flavour_id as service11_18_20_, networkser20_.status as status6_18_20_, networkser20_.vendor as vendor7_18_20_, networkser20_.version as version8_18_20_, networkser20_.vnfr_id as vnfr_id12_18_20_, auto_scale21_.network_service_record_id as network_1_18_21_, autoscalep22_.id as auto_sca2_19_21_, autoscalep22_.id as id1_3_22_, autoscalep22_.version as version2_3_22_, connection23_.network_service_record_id as network_1_18_23_, connection24_.id as connecti2_20_23_, connection24_.id as id1_4_24_, connection24_.type as type2_4_24_, connection24_.version as version3_4_24_, connection24_.virtual_link_reference as virtual_1_82_24_, connection24_.clazz_ as clazz_24_, nfventityd25_.id as id1_27_25_, nfventityd25_.hb_version as hb_versi2_27_25_, nfventityd25_.vendor as vendor3_27_25_, nfventityd25_.version as version4_27_25_, nfventityd25_.descriptor_version as descript1_62_25_, nfventityd25_.manifest_file as manifest2_62_25_, nfventityd25_.nsd_security_id as nsd_secu1_14_25_, nfventityd25_.clazz_ as clazz_25_, lifecyclee26_.id as id1_10_26_, lifecyclee26_.version as version2_10_26_, lifecycle_27_.network_service_record_id as network_1_18_27_, lifecyclee28_.id as lifecycl2_21_27_, lifecyclee28_.id as id1_10_28_, lifecyclee28_.version as version2_10_28_, pnfr29_.network_service_record_id as network_1_18_29_, physicalne30_.id as pnfr_id2_23_29_, physicalne30_.id as id1_37_30_, physicalne30_.description as descript2_37_30_, physicalne30_.descriptor_reference_id as descript6_37_30_, physicalne30_.oam_reference as oam_refe3_37_30_, physicalne30_.parent_ns_id as parent_n7_37_30_, physicalne30_.vendor as vendor4_37_30_, physicalne30_.version as version5_37_30_, servicedep31_.id as id1_7_31_, servicedep31_.flavour_key as flavour_2_7_31_, servicedep31_.version as version3_7_31_, vlr32_.network_service_record_id as network_1_18_32_, virtuallin33_.id as vlr_id2_24_32_, virtuallin33_.id as id1_54_33_, virtuallin33_.connectivity_type as connecti2_54_33_, virtuallin33_.descriptor_reference as descript3_54_33_, virtuallin33_.leaf_requirement as leaf_req4_54_33_, virtuallin33_.number_of_enpoints as number_o5_54_33_, virtuallin33_.parent_ns as parent_n6_54_33_, virtuallin33_.root_requirement as root_req7_54_33_, virtuallin33_.status as status8_54_33_, virtuallin33_.test_access as test_acc9_54_33_, virtuallin33_.vendor as vendor10_54_33_, virtuallin33_.version as version11_54_33_, virtuallin33_.vim_id as vim_id12_54_33_, vnf_depend34_.network_service_record_id as network_1_18_34_, vnfdepende35_.id as vnf_depe2_25_34_, vnfdepende35_.id as id1_86_35_, vnfdepende35_.source_Id as source_I3_86_35_, vnfdepende35_.target_Id as target_I4_86_35_, vnfdepende35_.version as version2_86_35_, vnffgr36_.network_service_record_id as network_1_18_36_, vnfforward37_.id as vnffgr_i2_26_36_, vnfforward37_.id as id1_87_37_, vnfforward37_.descriptor_version as descript2_87_37_, vnfforward37_.hb_version as hb_versi3_87_37_, vnfforward37_.number_of_endpoints as number_o4_87_37_, vnfforward37_.number_of_virtual_links as number_o5_87_37_, vnfforward37_.vendor as vendor6_87_37_, vnfforward37_.version as version7_87_37_, vnfforward37_.vnffgd_security_id as vnffgd_s8_87_37_, virtualnet38_.id as id1_68_38_, virtualnet38_.audit_log as audit_lo2_68_38_, virtualnet38_.deployment_flavour_id as deployme9_68_38_, virtualnet38_.descriptor_reference as descript3_68_38_, virtualnet38_.lifecycle_event_id as lifecyc10_68_38_, virtualnet38_.localization as localiza4_68_38_, virtualnet38_.parent_ns_id as parent_11_68_38_, virtualnet38_.status as status5_68_38_, virtualnet38_.vendor as vendor6_68_38_, virtualnet38_.version as version7_68_38_, virtualnet38_.vnfm_id as vnfm_id8_68_38_, vdu39_.virtual_network_function_record_id as virtual_1_68_39_, virtualdep40_.id as vdu_id2_77_39_, virtualdep40_.id as id1_47_40_, virtualdep40_.computation_requirement as computat2_47_40_, virtualdep40_.high_availability as high_ava3_47_40_, virtualdep40_.scale_in_out as scale_in4_47_40_, virtualdep40_.vdu_constraint as vdu_cons5_47_40_, virtualdep40_.version as version6_47_40_, virtualdep40_.virtual_memory_resource_element as virtual_7_47_40_, virtualdep40_.virtual_network_bandwidth_resource as virtual_8_47_40_, monitoring41_.virtual_deployment_unit_id as virtual_1_47_41_, monitoring41_.monitoring_parameter as monitori2_49_41_, vm_image42_.virtual_deployment_unit_id as virtual_1_47_42_, vm_image42_.vm_image as vm_image2_50_42_, virtual_li43_.virtual_network_function_record_id as virtual_1_68_43_, internalvi44_.id as virtual_2_78_43_, internalvi44_.id as id1_0_44_, internalvi44_.connectivity_type as connecti2_0_44_, internalvi44_.leaf_requirement as leaf_req3_0_44_, internalvi44_.root_requirement as root_req4_0_44_, internalvi44_.version as version5_0_44_, connection45_.internal_virtual_link_id as internal1_0_45_, connection45_.connection_points_references as connecti2_9_45_ from virtual_network_function_record virtualnet0_ left outer join virtual_network_function_record_auto_scale_policy auto_scale1_ on virtualnet0_.id=auto_scale1_.virtual_network_function_record_id left outer join auto_scale_policy autoscalep2_ on auto_scale1_.auto_scale_policy_id=autoscalep2_.id left outer join virtual_network_function_record_connected_external_virtual_link connected_3_ on virtualnet0_.id=connected_3_.virtual_network_function_record_id left outer join virtual_link_record virtuallin4_ on connected_3_.connected_external_virtual_link_id=virtuallin4_.id left outer join virtual_link_record_lifecycle_event_history lifecycle_5_ on virtuallin4_.id=lifecycle_5_.virtual_link_record_id left outer join lifecycle_event lifecyclee6_ on lifecycle_5_.lifecycle_event_history_id=lifecyclee6_.id left outer join virtual_link_record_vnffgr_reference vnffgr_ref7_ on virtuallin4_.id=vnffgr_ref7_.virtual_link_record_id left outer join vnfforwarding_graph_record vnfforward8_ on vnffgr_ref7_.vnffgr_reference_id=vnfforward8_.id left outer join virtual_network_function_record_connection_point connection9_ on virtualnet0_.id=connection9_.virtual_network_function_record_id left outer join ( select id, type, version, null as virtual_link_reference, 0 as clazz_ from connection_point union select id, type, version, virtual_link_reference, 1 as clazz_ from vnfdconnection_point ) connection10_ on connection9_.connection_point_id=connection10_.id left outer join virtual_network_function_record_dependency dependency11_ on virtualnet0_.id=dependency11_.virtual_network_function_record_id left outer join vnfdependency vnfdepende12_ on dependency11_.dependency_id=vnfdepende12_.id left outer join virtual_network_function_descriptor virtualnet13_ on vnfdepende12_.source_Id=virtualnet13_.id left outer join virtual_network_function_descriptor virtualnet14_ on vnfdepende12_.target_Id=virtualnet14_.id left outer join vnfddeployment_flavour vnfddeploy15_ on virtualnet0_.deployment_flavour_id=vnfddeploy15_.id left outer join vnfddeployment_flavour_df_constraint df_constra16_ on vnfddeploy15_.id=df_constra16_.vnfddeployment_flavour_id left outer join lifecycle_event lifecyclee17_ on virtualnet0_.lifecycle_event_id=lifecyclee17_.id left outer join virtual_network_function_record_lifecycle_event_history lifecycle_18_ on virtualnet0_.id=lifecycle_18_.virtual_network_function_record_id left outer join lifecycle_event lifecyclee19_ on lifecycle_18_.lifecycle_event_history_id=lifecyclee19_.id left outer join network_service_record networkser20_ on virtualnet0_.parent_ns_id=networkser20_.id left outer join network_service_record_auto_scale_policy auto_scale21_ on networkser20_.id=auto_scale21_.network_service_record_id left outer join auto_scale_policy autoscalep22_ on auto_scale21_.auto_scale_policy_id=autoscalep22_.id left outer join network_service_record_connection_point connection23_ on networkser20_.id=connection23_.network_service_record_id left outer join ( select id, type, version, null as virtual_link_reference, 0 as clazz_ from connection_point union select id, type, version, virtual_link_reference, 1 as clazz_ from vnfdconnection_point ) connection24_ on connection23_.connection_point_id=connection24_.id left outer join ( select id, hb_version, vendor, version, descriptor_version, manifest_file, null as nsd_security_id, 1 as clazz_ from virtual_network_function_descriptor union select id, hb_version, vendor, version, null as descriptor_version, null as manifest_file, nsd_security_id, 2 as clazz_ from network_service_descriptor ) nfventityd25_ on networkser20_.descriptor_reference_Id=nfventityd25_.id left outer join lifecycle_event lifecyclee26_ on networkser20_.lifecycle_event_id=lifecyclee26_.id left outer join network_service_record_lifecycle_event_history lifecycle_27_ on networkser20_.id=lifecycle_27_.network_service_record_id left outer join lifecycle_event lifecyclee28_ on lifecycle_27_.lifecycle_event_history_id=lifecyclee28_.id left outer join network_service_record_pnfr pnfr29_ on networkser20_.id=pnfr29_.network_service_record_id left outer join physical_network_function_record physicalne30_ on pnfr29_.pnfr_id=physicalne30_.id left outer join service_deployment_flavour servicedep31_ on networkser20_.service_deployment_flavour_id=servicedep31_.id left outer join network_service_record_vlr vlr32_ on networkser20_.id=vlr32_.network_service_record_id left outer join virtual_link_record virtuallin33_ on vlr32_.vlr_id=virtuallin33_.id left outer join network_service_record_vnf_dependency vnf_depend34_ on networkser20_.id=vnf_depend34_.network_service_record_id left outer join vnfdependency vnfdepende35_ on vnf_depend34_.vnf_dependency_id=vnfdepende35_.id left outer join network_service_record_vnffgr vnffgr36_ on networkser20_.id=vnffgr36_.network_service_record_id left outer join vnfforwarding_graph vnfforward37_ on vnffgr36_.vnffgr_id=vnfforward37_.id left outer join virtual_network_function_record virtualnet38_ on networkser20_.vnfr_id=virtualnet38_.id left outer join virtual_network_function_record_vdu vdu39_ on virtualnet0_.id=vdu39_.virtual_network_function_record_id left outer join virtual_deployment_unit virtualdep40_ on vdu39_.vdu_id=virtualdep40_.id left outer join virtual_deployment_unit_monitoring_parameter monitoring41_ on virtualdep40_.id=monitoring41_.virtual_deployment_unit_id left outer join virtual_deployment_unit_vm_image vm_image42_ on virtualdep40_.id=vm_image42_.virtual_deployment_unit_id left outer join virtual_network_function_record_virtual_link virtual_li43_ on virtualnet0_.id=virtual_li43_.virtual_network_function_record_id left outer join internal_virtual_link internalvi44_ on virtual_li43_.virtual_link_id=internalvi44_.id left outer join internal_virtual_link_connection_points_references connection45_ on internalvi44_.id=connection45_.internal_virtual_link_id where virtualnet0_.id=?
13:23:06.942 [Test worker] DEBUG o.h.l.p.b.i.spaces.QuerySpacesImpl - Adding QuerySpace : uid = <gen:0> -> org.hibernate.loader.plan.build.internal.spaces.EntityQuerySpaceImpl@7f749872]
13:23:06.942 [Test worker] DEBUG o.h.p.w.spi.MetamodelGraphWalker - Visiting attribute path : audit_log
13:23:06.942 [Test worker] DEBUG o.h.p.w.spi.MetamodelGraphWalker - Visiting attribute path : auto_scale_policy
13:23:06.942 [Test worker] DEBUG o.h.l.p.b.i.spaces.QuerySpacesImpl - Adding QuerySpace : uid = <gen:1> -> org.hibernate.loader.plan.build.internal.spaces.CollectionQuerySpaceImpl@75d3c00]
13:23:06.943 [Test worker] DEBUG o.h.l.p.b.i.spaces.QuerySpacesImpl - Adding QuerySpace : uid = <gen:2> -> org.hibernate.loader.plan.build.internal.spaces.EntityQuerySpaceImpl@7a0e27c6]
13:23:06.943 [Test worker] DEBUG o.h.p.w.spi.MetamodelGraphWalker - Visiting attribute path : auto_scale_policy.version
13:23:06.943 [Test worker] DEBUG o.h.p.w.spi.MetamodelGraphWalker - Visiting attribute path : connected_external_virtual_link
13:23:06.943 [Test worker] DEBUG o.h.l.p.b.i.spaces.QuerySpacesImpl - Adding QuerySpace : uid = <gen:3> -> org.hibernate.loader.plan.build.internal.spaces.CollectionQuerySpaceImpl@37c81ba]
13:23:06.943 [Test worker] DEBUG o.h.l.p.b.i.spaces.QuerySpacesImpl - Adding QuerySpace : uid = <gen:4> -> org.hibernate.loader.plan.build.internal.spaces.EntityQuerySpaceImpl@6328dc1f]
13:23:06.943 [Test worker] DEBUG o.h.p.w.spi.MetamodelGraphWalker - Visiting attribute path : connected_external_virtual_link.allocated_capacity
13:23:06.943 [Test worker] DEBUG o.h.p.w.spi.MetamodelGraphWalker - Visiting attribute path : connected_external_virtual_link.audit_log
13:23:06.944 [Test worker] DEBUG o.h.p.w.spi.MetamodelGraphWalker - Visiting attribute path : connected_external_virtual_link.connection
13:23:06.944 [Test worker] DEBUG o.h.p.w.spi.MetamodelGraphWalker - Visiting attribute path : connected_external_virtual_link.connectivity_type
13:23:06.944 [Test worker] DEBUG o.h.p.w.spi.MetamodelGraphWalker - Visiting attribute path : connected_external_virtual_link.descriptor_reference
13:23:06.944 [Test worker] DEBUG o.h.p.w.spi.MetamodelGraphWalker - Visiting attribute path : connected_external_virtual_link.leaf_requirement
13:23:06.944 [Test worker] DEBUG o.h.p.w.spi.MetamodelGraphWalker - Visiting attribute path : connected_external_virtual_link.lifecycle_event_history
13:23:06.944 [Test worker] DEBUG o.h.l.p.b.i.spaces.QuerySpacesImpl - Adding QuerySpace : uid = <gen:5> -> org.hibernate.loader.plan.build.internal.spaces.CollectionQuerySpaceImpl@469d59b0]
13:23:06.945 [Test worker] DEBUG o.h.l.p.b.i.spaces.QuerySpacesImpl - Adding QuerySpace : uid = <gen:6> -> org.hibernate.loader.plan.build.internal.spaces.EntityQuerySpaceImpl@46b5608]
13:23:06.945 [Test worker] DEBUG o.h.p.w.spi.MetamodelGraphWalker - Visiting attribute path : connected_external_virtual_link.lifecycle_event_history.lifecycle_events
13:23:06.945 [Test worker] DEBUG o.h.p.w.spi.MetamodelGraphWalker - Visiting attribute path : connected_external_virtual_link.lifecycle_event_history.version
13:23:06.945 [Test worker] DEBUG o.h.p.w.spi.MetamodelGraphWalker - Visiting attribute path : connected_external_virtual_link.notification
13:23:06.945 [Test worker] DEBUG o.h.p.w.spi.MetamodelGraphWalker - Visiting attribute path : connected_external_virtual_link.number_of_enpoints
13:23:06.945 [Test worker] DEBUG o.h.p.w.spi.MetamodelGraphWalker - Visiting attribute path : connected_external_virtual_link.parent_ns
13:23:06.945 [Test worker] DEBUG o.h.p.w.spi.MetamodelGraphWalker - Visiting attribute path : connected_external_virtual_link.qos
13:23:06.946 [Test worker] DEBUG o.h.p.w.spi.MetamodelGraphWalker - Visiting attribute path : connected_external_virtual_link.root_requirement
13:23:06.946 [Test worker] DEBUG o.h.p.w.spi.MetamodelGraphWalker - Visiting attribute path : connected_external_virtual_link.status
13:23:06.946 [Test worker] DEBUG o.h.p.w.spi.MetamodelGraphWalker - Visiting attribute path : connected_external_virtual_link.test_access
13:23:06.946 [Test worker] DEBUG o.h.p.w.spi.MetamodelGraphWalker - Visiting attribute path : connected_external_virtual_link.vendor
13:23:06.946 [Test worker] DEBUG o.h.p.w.spi.MetamodelGraphWalker - Visiting attribute path : connected_external_virtual_link.version
13:23:06.946 [Test worker] DEBUG o.h.p.w.spi.MetamodelGraphWalker - Visiting attribute path : connected_external_virtual_link.vim_id
13:23:06.946 [Test worker] DEBUG o.h.p.w.spi.MetamodelGraphWalker - Visiting attribute path : connected_external_virtual_link.vnffgr_reference
13:23:06.946 [Test worker] DEBUG o.h.l.p.b.i.spaces.QuerySpacesImpl - Adding QuerySpace : uid = <gen:7> -> org.hibernate.loader.plan.build.internal.spaces.CollectionQuerySpaceImpl@5fd824ba]
13:23:06.947 [Test worker] DEBUG o.h.l.p.b.i.spaces.QuerySpacesImpl - Adding QuerySpace : uid = <gen:8> -> org.hibernate.loader.plan.build.internal.spaces.EntityQuerySpaceImpl@6753607e]
13:23:06.947 [Test worker] DEBUG o.h.p.w.spi.MetamodelGraphWalker - Visiting attribute path : connected_external_virtual_link.vnffgr_reference.audit_log
13:23:06.947 [Test worker] DEBUG o.h.p.w.spi.MetamodelGraphWalker - Visiting attribute path : connected_external_virtual_link.vnffgr_reference.connection_point
13:23:06.947 [Test worker] DEBUG o.h.l.p.b.i.spaces.QuerySpacesImpl - Adding QuerySpace : uid = <gen:9> -> org.hibernate.loader.plan.build.internal.spaces.CollectionQuerySpaceImpl@22a63fe8]
13:23:06.947 [Test worker] DEBUG o.h.l.p.b.i.spaces.QuerySpacesImpl - Adding QuerySpace : uid = <gen:10> -> org.hibernate.loader.plan.build.internal.spaces.EntityQuerySpaceImpl@50adaa1d]
13:23:06.947 [Test worker] DEBUG o.h.p.w.spi.MetamodelGraphWalker - Visiting attribute path : connected_external_virtual_link.vnffgr_reference.dependent_virtual_link
13:23:06.947 [Test worker] DEBUG o.h.l.p.b.i.spaces.QuerySpacesImpl - Adding QuerySpace : uid = <gen:11> -> org.hibernate.loader.plan.build.internal.spaces.CollectionQuerySpaceImpl@397b7f4c]
13:23:06.947 [Test worker] DEBUG o.h.l.p.b.i.spaces.QuerySpacesImpl - Adding QuerySpace : uid = <gen:12> -> org.hibernate.loader.plan.build.internal.spaces.EntityQuerySpaceImpl@5ae2740f]
13:23:06.947 [Test worker] DEBUG o.h.p.w.spi.MetamodelGraphWalker - Visiting attribute path : connected_external_virtual_link.vnffgr_reference.descriptor_reference
13:23:06.948 [Test worker] DEBUG o.h.l.p.b.i.spaces.QuerySpacesImpl - Adding QuerySpace : uid = <gen:13> -> org.hibernate.loader.plan.build.internal.spaces.EntityQuerySpaceImpl@4931b366]
13:23:06.948 [Test worker] DEBUG o.h.p.w.spi.MetamodelGraphWalker - Visiting attribute path : connected_external_virtual_link.vnffgr_reference.lifecycle_event_history
13:23:06.948 [Test worker] DEBUG o.h.l.p.b.i.spaces.QuerySpacesImpl - Adding QuerySpace : uid = <gen:14> -> org.hibernate.loader.plan.build.internal.spaces.CollectionQuerySpaceImpl@5df91314]
13:23:06.948 [Test worker] DEBUG o.h.l.p.b.i.spaces.QuerySpacesImpl - Adding QuerySpace : uid = <gen:15> -> org.hibernate.loader.plan.build.internal.spaces.EntityQuerySpaceImpl@b53b63f]
13:23:06.948 [Test worker] DEBUG o.h.p.w.spi.MetamodelGraphWalker - Visiting attribute path : connected_external_virtual_link.vnffgr_reference.member_vnfs
13:23:06.948 [Test worker] DEBUG o.h.l.p.b.i.spaces.QuerySpacesImpl - Adding QuerySpace : uid = <gen:16> -> org.hibernate.loader.plan.build.internal.spaces.CollectionQuerySpaceImpl@24e1e7e8]
13:23:06.948 [Test worker] DEBUG o.h.l.p.b.i.spaces.QuerySpacesImpl - Adding QuerySpace : uid = <gen:17> -> org.hibernate.loader.plan.build.internal.spaces.EntityQuerySpaceImpl@6b404342]
13:23:06.948 [Test worker] DEBUG o.h.p.w.spi.MetamodelGraphWalker - Visiting attribute path : connected_external_virtual_link.vnffgr_reference.network_forwarding_path
13:23:06.948 [Test worker] DEBUG o.h.l.p.b.i.spaces.QuerySpacesImpl - Adding QuerySpace : uid = <gen:18> -> org.hibernate.loader.plan.build.internal.spaces.EntityQuerySpaceImpl@47ffd910]
13:23:06.948 [Test worker] DEBUG o.h.p.w.spi.MetamodelGraphWalker - Visiting attribute path : connected_external_virtual_link.vnffgr_reference.notification
13:23:06.949 [Test worker] DEBUG o.h.p.w.spi.MetamodelGraphWalker - Visiting attribute path : connected_external_virtual_link.vnffgr_reference.number_of_endpoints
13:23:06.949 [Test worker] DEBUG o.h.p.w.spi.MetamodelGraphWalker - Visiting attribute path : connected_external_virtual_link.vnffgr_reference.number_of_pnfs
13:23:06.949 [Test worker] DEBUG o.h.p.w.spi.MetamodelGraphWalker - Visiting attribute path : connected_external_virtual_link.vnffgr_reference.number_of_virtual_links
13:23:06.949 [Test worker] DEBUG o.h.p.w.spi.MetamodelGraphWalker - Visiting attribute path : connected_external_virtual_link.vnffgr_reference.number_of_vnfs
13:23:06.949 [Test worker] DEBUG o.h.p.w.spi.MetamodelGraphWalker - Visiting attribute path : connected_external_virtual_link.vnffgr_reference.parent_ns
13:23:06.949 [Test worker] DEBUG o.h.l.p.b.i.spaces.QuerySpacesImpl - Adding QuerySpace : uid = <gen:19> -> org.hibernate.loader.plan.build.internal.spaces.EntityQuerySpaceImpl@6e03ce5d]
13:23:06.949 [Test worker] DEBUG o.h.p.w.spi.MetamodelGraphWalker - Visiting attribute path : connected_external_virtual_link.vnffgr_reference.status
13:23:06.949 [Test worker] DEBUG o.h.p.w.spi.MetamodelGraphWalker - Visiting attribute path : connected_external_virtual_link.vnffgr_reference.vendor
13:23:06.949 [Test worker] DEBUG o.h.p.w.spi.MetamodelGraphWalker - Visiting attribute path : connected_external_virtual_link.vnffgr_reference.version
13:23:06.950 [Test worker] DEBUG o.h.p.w.spi.MetamodelGraphWalker - Visiting attribute path : connection_point
13:23:06.950 [Test worker] DEBUG o.h.l.p.b.i.spaces.QuerySpacesImpl - Adding QuerySpace : uid = <gen:20> -> org.hibernate.loader.plan.build.internal.spaces.CollectionQuerySpaceImpl@3be17418]
13:23:06.950 [Test worker] DEBUG o.h.l.p.b.i.spaces.QuerySpacesImpl - Adding QuerySpace : uid = <gen:21> -> org.hibernate.loader.plan.build.internal.spaces.EntityQuerySpaceImpl@4e8cf25e]
13:23:06.950 [Test worker] DEBUG o.h.p.w.spi.MetamodelGraphWalker - Visiting attribute path : connection_point.type
13:23:06.950 [Test worker] DEBUG o.h.p.w.spi.MetamodelGraphWalker - Visiting attribute path : connection_point.version
13:23:06.950 [Test worker] DEBUG o.h.p.w.spi.MetamodelGraphWalker - Visiting attribute path : connection_point.virtual_link_reference
13:23:06.950 [Test worker] DEBUG o.h.p.w.spi.MetamodelGraphWalker - Visiting attribute path : dependency
13:23:06.950 [Test worker] DEBUG o.h.l.p.b.i.spaces.QuerySpacesImpl - Adding QuerySpace : uid = <gen:22> -> org.hibernate.loader.plan.build.internal.spaces.CollectionQuerySpaceImpl@4dd070a]
13:23:06.950 [Test worker] DEBUG o.h.l.p.b.i.spaces.QuerySpacesImpl - Adding QuerySpace : uid = <gen:23> -> org.hibernate.loader.plan.build.internal.spaces.EntityQuerySpaceImpl@4af92404]
13:23:06.950 [Test worker] DEBUG o.h.p.w.spi.MetamodelGraphWalker - Visiting attribute path : dependency.source
13:23:06.951 [Test worker] DEBUG o.h.l.p.b.i.spaces.QuerySpacesImpl - Adding QuerySpace : uid = <gen:24> -> org.hibernate.loader.plan.build.internal.spaces.EntityQuerySpaceImpl@68e4a7d6]
13:23:06.951 [Test worker] DEBUG o.h.p.w.spi.MetamodelGraphWalker - Visiting attribute path : dependency.source.auto_scale_policy
13:23:06.951 [Test worker] DEBUG o.h.p.w.spi.MetamodelGraphWalker - Visiting attribute path : dependency.source.connection_point
13:23:06.951 [Test worker] DEBUG o.h.p.w.spi.MetamodelGraphWalker - Visiting attribute path : dependency.source.hb_version
13:23:06.951 [Test worker] DEBUG o.h.p.w.spi.MetamodelGraphWalker - Visiting attribute path : dependency.source.lifecycle_event
13:23:06.951 [Test worker] DEBUG o.h.p.w.spi.MetamodelGraphWalker - Visiting attribute path : dependency.source.monitoring_parameter
13:23:06.951 [Test worker] DEBUG o.h.l.p.b.i.spaces.QuerySpacesImpl - Adding QuerySpace : uid = <gen:25> -> org.hibernate.loader.plan.build.internal.spaces.CollectionQuerySpaceImpl@47f8a006]
13:23:06.951 [Test worker] DEBUG o.h.p.w.spi.MetamodelGraphWalker - Visiting attribute path : dependency.source.service_deployment_flavour
13:23:06.952 [Test worker] DEBUG o.h.p.w.spi.MetamodelGraphWalker - Visiting attribute path : dependency.source.vendor
13:23:06.952 [Test worker] DEBUG o.h.p.w.spi.MetamodelGraphWalker - Visiting attribute path : dependency.source.version
13:23:06.952 [Test worker] DEBUG o.h.p.w.spi.MetamodelGraphWalker - Visiting attribute path : dependency.source.vld
13:23:06.952 [Test worker] DEBUG o.h.p.w.spi.MetamodelGraphWalker - Visiting attribute path : dependency.source.vnffgd
13:23:06.952 [Test worker] DEBUG o.h.p.w.spi.MetamodelGraphWalker - Visiting attribute path : dependency.source.deployment_flavour
13:23:06.952 [Test worker] DEBUG o.h.l.p.b.i.spaces.QuerySpacesImpl - Adding QuerySpace : uid = <gen:26> -> org.hibernate.loader.plan.build.internal.spaces.CollectionQuerySpaceImpl@13d20ed4]
13:23:06.952 [Test worker] DEBUG o.h.l.p.b.i.spaces.QuerySpacesImpl - Adding QuerySpace : uid = <gen:27> -> org.hibernate.loader.plan.build.internal.spaces.EntityQuerySpaceImpl@43cb8a76]
13:23:06.952 [Test worker] DEBUG o.h.p.w.spi.MetamodelGraphWalker - Visiting attribute path : dependency.source.descriptor_version
13:23:06.952 [Test worker] DEBUG o.h.p.w.spi.MetamodelGraphWalker - Visiting attribute path : dependency.source.manifest_file
13:23:06.952 [Test worker] DEBUG o.h.p.w.spi.MetamodelGraphWalker - Visiting attribute path : dependency.source.manifest_file_security
13:23:06.952 [Test worker] DEBUG o.h.p.w.spi.MetamodelGraphWalker - Visiting attribute path : dependency.source.vdu
13:23:06.953 [Test worker] DEBUG o.h.p.w.spi.MetamodelGraphWalker - Visiting attribute path : dependency.source.vdu_dependency
13:23:06.953 [Test worker] DEBUG o.h.p.w.spi.MetamodelGraphWalker - Visiting attribute path : dependency.source.virtual_link
13:23:06.953 [Test worker] DEBUG o.h.p.w.spi.MetamodelGraphWalker - Visiting attribute path : dependency.target
13:23:06.953 [Test worker] DEBUG o.h.l.p.b.i.spaces.QuerySpacesImpl - Adding QuerySpace : uid = <gen:28> -> org.hibernate.loader.plan.build.internal.spaces.EntityQuerySpaceImpl@67ef6bbf]
13:23:06.953 [Test worker] DEBUG o.h.p.w.spi.MetamodelGraphWalker - Visiting attribute path : dependency.target.auto_scale_policy
13:23:06.953 [Test worker] DEBUG o.h.p.w.spi.MetamodelGraphWalker - Visiting attribute path : dependency.target.connection_point
13:23:06.953 [Test worker] DEBUG o.h.p.w.spi.MetamodelGraphWalker - Visiting attribute path : dependency.target.hb_version
13:23:06.953 [Test worker] DEBUG o.h.p.w.spi.MetamodelGraphWalker - Visiting attribute path : dependency.target.lifecycle_event
13:23:06.953 [Test worker] DEBUG o.h.p.w.spi.MetamodelGraphWalker - Visiting attribute path : dependency.target.monitoring_parameter
13:23:06.954 [Test worker] DEBUG o.h.l.p.b.i.spaces.QuerySpacesImpl - Adding QuerySpace : uid = <gen:29> -> org.hibernate.loader.plan.build.internal.spaces.CollectionQuerySpaceImpl@2623966b]
13:23:06.954 [Test worker] DEBUG o.h.p.w.spi.MetamodelGraphWalker - Visiting attribute path : dependency.target.service_deployment_flavour
13:23:06.954 [Test worker] DEBUG o.h.p.w.spi.MetamodelGraphWalker - Visiting attribute path : dependency.target.vendor
13:23:06.954 [Test worker] DEBUG o.h.p.w.spi.MetamodelGraphWalker - Visiting attribute path : dependency.target.version
13:23:06.954 [Test worker] DEBUG o.h.p.w.spi.MetamodelGraphWalker - Visiting attribute path : dependency.target.vld
13:23:06.954 [Test worker] DEBUG o.h.p.w.spi.MetamodelGraphWalker - Visiting attribute path : dependency.target.vnffgd
13:23:06.954 [Test worker] DEBUG o.h.p.w.spi.MetamodelGraphWalker - Visiting attribute path : dependency.target.deployment_flavour
13:23:06.954 [Test worker] DEBUG o.h.l.p.b.i.spaces.QuerySpacesImpl - Adding QuerySpace : uid = <gen:30> -> org.hibernate.loader.plan.build.internal.spaces.CollectionQuerySpaceImpl@6a685e5c]
13:23:06.954 [Test worker] DEBUG o.h.l.p.b.i.spaces.QuerySpacesImpl - Adding QuerySpace : uid = <gen:31> -> org.hibernate.loader.plan.build.internal.spaces.EntityQuerySpaceImpl@6a0b2097]
13:23:06.954 [Test worker] DEBUG o.h.p.w.spi.MetamodelGraphWalker - Visiting attribute path : dependency.target.descriptor_version
13:23:06.954 [Test worker] DEBUG o.h.p.w.spi.MetamodelGraphWalker - Visiting attribute path : dependency.target.manifest_file
13:23:06.955 [Test worker] DEBUG o.h.p.w.spi.MetamodelGraphWalker - Visiting attribute path : dependency.target.manifest_file_security
13:23:06.955 [Test worker] DEBUG o.h.p.w.spi.MetamodelGraphWalker - Visiting attribute path : dependency.target.vdu
13:23:06.955 [Test worker] DEBUG o.h.p.w.spi.MetamodelGraphWalker - Visiting attribute path : dependency.target.vdu_dependency
13:23:06.955 [Test worker] DEBUG o.h.p.w.spi.MetamodelGraphWalker - Visiting attribute path : dependency.target.virtual_link
13:23:06.956 [Test worker] DEBUG o.h.p.w.spi.MetamodelGraphWalker - Visiting attribute path : dependency.version
13:23:06.956 [Test worker] DEBUG o.h.p.w.spi.MetamodelGraphWalker - Visiting attribute path : deployment_flavour
13:23:06.956 [Test worker] DEBUG o.h.l.p.b.i.spaces.QuerySpacesImpl - Adding QuerySpace : uid = <gen:32> -> org.hibernate.loader.plan.build.internal.spaces.EntityQuerySpaceImpl@88cfe5]
13:23:06.957 [Test worker] DEBUG o.h.p.w.spi.MetamodelGraphWalker - Visiting attribute path : deployment_flavour.flavour_key
13:23:06.958 [Test worker] DEBUG o.h.p.w.spi.MetamodelGraphWalker - Visiting attribute path : deployment_flavour.version
13:23:06.958 [Test worker] DEBUG o.h.p.w.spi.MetamodelGraphWalker - Visiting attribute path : deployment_flavour.costituent_vdu
13:23:06.958 [Test worker] DEBUG o.h.p.w.spi.MetamodelGraphWalker - Visiting attribute path : deployment_flavour.df_constraint
13:23:06.958 [Test worker] DEBUG o.h.l.p.b.i.spaces.QuerySpacesImpl - Adding QuerySpace : uid = <gen:33> -> org.hibernate.loader.plan.build.internal.spaces.CollectionQuerySpaceImpl@1965978c]
13:23:06.958 [Test worker] DEBUG o.h.p.w.spi.MetamodelGraphWalker - Visiting attribute path : descriptor_reference
13:23:06.958 [Test worker] DEBUG o.h.p.w.spi.MetamodelGraphWalker - Visiting attribute path : lifecycle_event
13:23:06.959 [Test worker] DEBUG o.h.l.p.b.i.spaces.QuerySpacesImpl - Adding QuerySpace : uid = <gen:34> -> org.hibernate.loader.plan.build.internal.spaces.EntityQuerySpaceImpl@5f589748]
13:23:06.959 [Test worker] DEBUG o.h.p.w.spi.MetamodelGraphWalker - Visiting attribute path : lifecycle_event.lifecycle_events
13:23:06.959 [Test worker] DEBUG o.h.p.w.spi.MetamodelGraphWalker - Visiting attribute path : lifecycle_event.version
13:23:06.959 [Test worker] DEBUG o.h.p.w.spi.MetamodelGraphWalker - Visiting attribute path : lifecycle_event_history
13:23:06.960 [Test worker] DEBUG o.h.l.p.b.i.spaces.QuerySpacesImpl - Adding QuerySpace : uid = <gen:35> -> org.hibernate.loader.plan.build.internal.spaces.CollectionQuerySpaceImpl@576761b5]
13:23:06.961 [Test worker] DEBUG o.h.l.p.b.i.spaces.QuerySpacesImpl - Adding QuerySpace : uid = <gen:36> -> org.hibernate.loader.plan.build.internal.spaces.EntityQuerySpaceImpl@443fdee7]
13:23:06.962 [Test worker] DEBUG o.h.p.w.spi.MetamodelGraphWalker - Visiting attribute path : lifecycle_event_history.lifecycle_events
13:23:06.962 [Test worker] DEBUG o.h.p.w.spi.MetamodelGraphWalker - Visiting attribute path : lifecycle_event_history.version
13:23:06.962 [Test worker] DEBUG o.h.p.w.spi.MetamodelGraphWalker - Visiting attribute path : localization
13:23:06.962 [Test worker] DEBUG o.h.p.w.spi.MetamodelGraphWalker - Visiting attribute path : monitoring_parameter
13:23:06.962 [Test worker] DEBUG o.h.p.w.spi.MetamodelGraphWalker - Visiting attribute path : notification
13:23:06.962 [Test worker] DEBUG o.h.p.w.spi.MetamodelGraphWalker - Visiting attribute path : parent_ns
13:23:06.962 [Test worker] DEBUG o.h.l.p.b.i.spaces.QuerySpacesImpl - Adding QuerySpace : uid = <gen:37> -> org.hibernate.loader.plan.build.internal.spaces.EntityQuerySpaceImpl@6e99fc76]
13:23:06.962 [Test worker] DEBUG o.h.p.w.spi.MetamodelGraphWalker - Visiting attribute path : parent_ns.audit_log
13:23:06.962 [Test worker] DEBUG o.h.p.w.spi.MetamodelGraphWalker - Visiting attribute path : parent_ns.auto_scale_policy
13:23:06.962 [Test worker] DEBUG o.h.l.p.b.i.spaces.QuerySpacesImpl - Adding QuerySpace : uid = <gen:38> -> org.hibernate.loader.plan.build.internal.spaces.CollectionQuerySpaceImpl@7b59c304]
13:23:06.962 [Test worker] DEBUG o.h.l.p.b.i.spaces.QuerySpacesImpl - Adding QuerySpace : uid = <gen:39> -> org.hibernate.loader.plan.build.internal.spaces.EntityQuerySpaceImpl@42127ae0]
13:23:06.962 [Test worker] DEBUG o.h.p.w.spi.MetamodelGraphWalker - Visiting attribute path : parent_ns.auto_scale_policy.version
13:23:06.962 [Test worker] DEBUG o.h.p.w.spi.MetamodelGraphWalker - Visiting attribute path : parent_ns.connection_point
13:23:06.962 [Test worker] DEBUG o.h.l.p.b.i.spaces.QuerySpacesImpl - Adding QuerySpace : uid = <gen:40> -> org.hibernate.loader.plan.build.internal.spaces.CollectionQuerySpaceImpl@744553ac]
13:23:06.962 [Test worker] DEBUG o.h.l.p.b.i.spaces.QuerySpacesImpl - Adding QuerySpace : uid = <gen:41> -> org.hibernate.loader.plan.build.internal.spaces.EntityQuerySpaceImpl@73787cd6]
13:23:06.963 [Test worker] DEBUG o.h.p.w.spi.MetamodelGraphWalker - Visiting attribute path : parent_ns.connection_point.type
13:23:06.963 [Test worker] DEBUG o.h.p.w.spi.MetamodelGraphWalker - Visiting attribute path : parent_ns.connection_point.version
13:23:06.963 [Test worker] DEBUG o.h.p.w.spi.MetamodelGraphWalker - Visiting attribute path : parent_ns.connection_point.virtual_link_reference
13:23:06.963 [Test worker] DEBUG o.h.p.w.spi.MetamodelGraphWalker - Visiting attribute path : parent_ns.descriptor_reference
13:23:06.963 [Test worker] DEBUG o.h.l.p.b.i.spaces.QuerySpacesImpl - Adding QuerySpace : uid = <gen:42> -> org.hibernate.loader.plan.build.internal.spaces.EntityQuerySpaceImpl@293ba937]
13:23:06.963 [Test worker] DEBUG o.h.p.w.spi.MetamodelGraphWalker - Visiting attribute path : parent_ns.descriptor_reference.auto_scale_policy
13:23:06.963 [Test worker] DEBUG o.h.p.w.spi.MetamodelGraphWalker - Visiting attribute path : parent_ns.descriptor_reference.connection_point
13:23:06.963 [Test worker] DEBUG o.h.p.w.spi.MetamodelGraphWalker - Visiting attribute path : parent_ns.descriptor_reference.hb_version
13:23:06.963 [Test worker] DEBUG o.h.p.w.spi.MetamodelGraphWalker - Visiting attribute path : parent_ns.descriptor_reference.lifecycle_event
13:23:06.963 [Test worker] DEBUG o.h.p.w.spi.MetamodelGraphWalker - Visiting attribute path : parent_ns.descriptor_reference.monitoring_parameter
13:23:06.963 [Test worker] DEBUG o.h.l.p.b.i.spaces.QuerySpacesImpl - Adding QuerySpace : uid = <gen:43> -> org.hibernate.loader.plan.build.internal.spaces.CollectionQuerySpaceImpl@3ee73aa9]
13:23:06.963 [Test worker] DEBUG o.h.p.w.spi.MetamodelGraphWalker - Visiting attribute path : parent_ns.descriptor_reference.service_deployment_flavour
13:23:06.963 [Test worker] DEBUG o.h.p.w.spi.MetamodelGraphWalker - Visiting attribute path : parent_ns.descriptor_reference.vendor
13:23:06.963 [Test worker] DEBUG o.h.p.w.spi.MetamodelGraphWalker - Visiting attribute path : parent_ns.descriptor_reference.version
13:23:06.963 [Test worker] DEBUG o.h.p.w.spi.MetamodelGraphWalker - Visiting attribute path : parent_ns.descriptor_reference.vld
13:23:06.963 [Test worker] DEBUG o.h.p.w.spi.MetamodelGraphWalker - Visiting attribute path : parent_ns.descriptor_reference.vnffgd
13:23:06.963 [Test worker] DEBUG o.h.p.w.spi.MetamodelGraphWalker - Visiting attribute path : parent_ns.descriptor_reference.deployment_flavour
13:23:06.963 [Test worker] DEBUG o.h.l.p.b.i.spaces.QuerySpacesImpl - Adding QuerySpace : uid = <gen:44> -> org.hibernate.loader.plan.build.internal.spaces.CollectionQuerySpaceImpl@3ebc4d82]
13:23:06.964 [Test worker] DEBUG o.h.l.p.b.i.spaces.QuerySpacesImpl - Adding QuerySpace : uid = <gen:45> -> org.hibernate.loader.plan.build.internal.spaces.EntityQuerySpaceImpl@3c84b1fb]
13:23:06.964 [Test worker] DEBUG o.h.p.w.spi.MetamodelGraphWalker - Visiting attribute path : parent_ns.descriptor_reference.descriptor_version
13:23:06.964 [Test worker] DEBUG o.h.p.w.spi.MetamodelGraphWalker - Visiting attribute path : parent_ns.descriptor_reference.manifest_file
13:23:06.964 [Test worker] DEBUG o.h.p.w.spi.MetamodelGraphWalker - Visiting attribute path : parent_ns.descriptor_reference.manifest_file_security
13:23:06.964 [Test worker] DEBUG o.h.p.w.spi.MetamodelGraphWalker - Visiting attribute path : parent_ns.descriptor_reference.vdu
13:23:06.964 [Test worker] DEBUG o.h.p.w.spi.MetamodelGraphWalker - Visiting attribute path : parent_ns.descriptor_reference.vdu_dependency
13:23:06.964 [Test worker] DEBUG o.h.p.w.spi.MetamodelGraphWalker - Visiting attribute path : parent_ns.descriptor_reference.virtual_link
13:23:06.964 [Test worker] DEBUG o.h.p.w.spi.MetamodelGraphWalker - Visiting attribute path : parent_ns.descriptor_reference.nsd_security
13:23:06.964 [Test worker] DEBUG o.h.l.p.b.i.spaces.QuerySpacesImpl - Adding QuerySpace : uid = <gen:46> -> org.hibernate.loader.plan.build.internal.spaces.EntityQuerySpaceImpl@2bc0f4c7]
13:23:06.964 [Test worker] DEBUG o.h.p.w.spi.MetamodelGraphWalker - Visiting attribute path : parent_ns.descriptor_reference.pnfd
13:23:06.964 [Test worker] DEBUG o.h.p.w.spi.MetamodelGraphWalker - Visiting attribute path : parent_ns.descriptor_reference.vnf_dependency
13:23:06.964 [Test worker] DEBUG o.h.l.p.b.i.spaces.QuerySpacesImpl - Adding QuerySpace : uid = <gen:47> -> org.hibernate.loader.plan.build.internal.spaces.CollectionQuerySpaceImpl@9064b42]
13:23:06.964 [Test worker] DEBUG o.h.l.p.b.i.spaces.QuerySpacesImpl - Adding QuerySpace : uid = <gen:48> -> org.hibernate.loader.plan.build.internal.spaces.EntityQuerySpaceImpl@7c36deae]
13:23:06.964 [Test worker] DEBUG o.h.p.w.spi.MetamodelGraphWalker - Visiting attribute path : parent_ns.descriptor_reference.vnfd
13:23:06.964 [Test worker] DEBUG o.h.l.p.b.i.spaces.QuerySpacesImpl - Adding QuerySpace : uid = <gen:49> -> org.hibernate.loader.plan.build.internal.spaces.CollectionQuerySpaceImpl@7655b137]
13:23:06.964 [Test worker] DEBUG o.h.l.p.b.i.spaces.QuerySpacesImpl - Adding QuerySpace : uid = <gen:50> -> org.hibernate.loader.plan.build.internal.spaces.EntityQuerySpaceImpl@73e5ce92]
13:23:06.965 [Test worker] DEBUG o.h.p.w.spi.MetamodelGraphWalker - Visiting attribute path : parent_ns.lifecycle_event
13:23:06.965 [Test worker] DEBUG o.h.l.p.b.i.spaces.QuerySpacesImpl - Adding QuerySpace : uid = <gen:51> -> org.hibernate.loader.plan.build.internal.spaces.EntityQuerySpaceImpl@745d0eaf]
13:23:06.965 [Test worker] DEBUG o.h.p.w.spi.MetamodelGraphWalker - Visiting attribute path : parent_ns.lifecycle_event.lifecycle_events
13:23:06.965 [Test worker] DEBUG o.h.p.w.spi.MetamodelGraphWalker - Visiting attribute path : parent_ns.lifecycle_event.version
13:23:06.965 [Test worker] DEBUG o.h.p.w.spi.MetamodelGraphWalker - Visiting attribute path : parent_ns.lifecycle_event_history
13:23:06.965 [Test worker] DEBUG o.h.l.p.b.i.spaces.QuerySpacesImpl - Adding QuerySpace : uid = <gen:52> -> org.hibernate.loader.plan.build.internal.spaces.CollectionQuerySpaceImpl@6686dbbe]
13:23:06.965 [Test worker] DEBUG o.h.l.p.b.i.spaces.QuerySpacesImpl - Adding QuerySpace : uid = <gen:53> -> org.hibernate.loader.plan.build.internal.spaces.EntityQuerySpaceImpl@1fc4cb88]
13:23:06.965 [Test worker] DEBUG o.h.p.w.spi.MetamodelGraphWalker - Visiting attribute path : parent_ns.lifecycle_event_history.lifecycle_events
13:23:06.965 [Test worker] DEBUG o.h.p.w.spi.MetamodelGraphWalker - Visiting attribute path : parent_ns.lifecycle_event_history.version
13:23:06.965 [Test worker] DEBUG o.h.p.w.spi.MetamodelGraphWalker - Visiting attribute path : parent_ns.monitoring_parameter
13:23:06.965 [Test worker] DEBUG o.h.p.w.spi.MetamodelGraphWalker - Visiting attribute path : parent_ns.notification
13:23:06.965 [Test worker] DEBUG o.h.p.w.spi.MetamodelGraphWalker - Visiting attribute path : parent_ns.pnfr
13:23:06.965 [Test worker] DEBUG o.h.l.p.b.i.spaces.QuerySpacesImpl - Adding QuerySpace : uid = <gen:54> -> org.hibernate.loader.plan.build.internal.spaces.CollectionQuerySpaceImpl@3cc9152f]
13:23:06.966 [Test worker] DEBUG o.h.l.p.b.i.spaces.QuerySpacesImpl - Adding QuerySpace : uid = <gen:55> -> org.hibernate.loader.plan.build.internal.spaces.EntityQuerySpaceImpl@358ddfd6]
13:23:06.966 [Test worker] DEBUG o.h.p.w.spi.MetamodelGraphWalker - Visiting attribute path : parent_ns.pnfr.connected_virtual_link
13:23:06.966 [Test worker] DEBUG o.h.l.p.b.i.spaces.QuerySpacesImpl - Adding QuerySpace : uid = <gen:56> -> org.hibernate.loader.plan.build.internal.spaces.CollectionQuerySpaceImpl@2217c56e]
13:23:06.966 [Test worker] DEBUG o.h.l.p.b.i.spaces.QuerySpacesImpl - Adding QuerySpace : uid = <gen:57> -> org.hibernate.loader.plan.build.internal.spaces.EntityQuerySpaceImpl@46a2ca3e]
13:23:06.966 [Test worker] DEBUG o.h.p.w.spi.MetamodelGraphWalker - Visiting attribute path : parent_ns.pnfr.connection_point
13:23:06.966 [Test worker] DEBUG o.h.l.p.b.i.spaces.QuerySpacesImpl - Adding QuerySpace : uid = <gen:58> -> org.hibernate.loader.plan.build.internal.spaces.CollectionQuerySpaceImpl@698bd0ac]
13:23:06.966 [Test worker] DEBUG o.h.l.p.b.i.spaces.QuerySpacesImpl - Adding QuerySpace : uid = <gen:59> -> org.hibernate.loader.plan.build.internal.spaces.EntityQuerySpaceImpl@5a310256]
13:23:06.966 [Test worker] DEBUG o.h.p.w.spi.MetamodelGraphWalker - Visiting attribute path : parent_ns.pnfr.description
13:23:06.966 [Test worker] DEBUG o.h.p.w.spi.MetamodelGraphWalker - Visiting attribute path : parent_ns.pnfr.descriptor_reference
13:23:06.966 [Test worker] DEBUG o.h.l.p.b.i.spaces.QuerySpacesImpl - Adding QuerySpace : uid = <gen:60> -> org.hibernate.loader.plan.build.internal.spaces.EntityQuerySpaceImpl@47908a5c]
13:23:06.966 [Test worker] DEBUG o.h.p.w.spi.MetamodelGraphWalker - Visiting attribute path : parent_ns.pnfr.oam_reference
13:23:06.966 [Test worker] DEBUG o.h.p.w.spi.MetamodelGraphWalker - Visiting attribute path : parent_ns.pnfr.parent_ns
13:23:06.966 [Test worker] DEBUG o.h.l.p.b.i.spaces.QuerySpacesImpl - Adding QuerySpace : uid = <gen:61> -> org.hibernate.loader.plan.build.internal.spaces.EntityQuerySpaceImpl@626bc2b8]
13:23:06.966 [Test worker] DEBUG o.h.p.w.spi.MetamodelGraphWalker - Visiting attribute path : parent_ns.pnfr.pnf_address
13:23:06.966 [Test worker] DEBUG o.h.p.w.spi.MetamodelGraphWalker - Visiting attribute path : parent_ns.pnfr.vendor
13:23:06.966 [Test worker] DEBUG o.h.p.w.spi.MetamodelGraphWalker - Visiting attribute path : parent_ns.pnfr.version
13:23:06.967 [Test worker] DEBUG o.h.p.w.spi.MetamodelGraphWalker - Visiting attribute path : parent_ns.pnfr.vnffgr
13:23:06.967 [Test worker] DEBUG o.h.l.p.b.i.spaces.QuerySpacesImpl - Adding QuerySpace : uid = <gen:62> -> org.hibernate.loader.plan.build.internal.spaces.CollectionQuerySpaceImpl@10bcf083]
13:23:06.967 [Test worker] DEBUG o.h.l.p.b.i.spaces.QuerySpacesImpl - Adding QuerySpace : uid = <gen:63> -> org.hibernate.loader.plan.build.internal.spaces.EntityQuerySpaceImpl@6452310a]
13:23:06.967 [Test worker] DEBUG o.h.p.w.spi.MetamodelGraphWalker - Visiting attribute path : parent_ns.resource_reservation
13:23:06.967 [Test worker] DEBUG o.h.p.w.spi.MetamodelGraphWalker - Visiting attribute path : parent_ns.runtime_policy_info
13:23:06.967 [Test worker] DEBUG o.h.p.w.spi.MetamodelGraphWalker - Visiting attribute path : parent_ns.service_deployment_flavour
13:23:06.967 [Test worker] DEBUG o.h.l.p.b.i.spaces.QuerySpacesImpl - Adding QuerySpace : uid = <gen:64> -> org.hibernate.loader.plan.build.internal.spaces.EntityQuerySpaceImpl@5011bafa]
13:23:06.967 [Test worker] DEBUG o.h.p.w.spi.MetamodelGraphWalker - Visiting attribute path : parent_ns.service_deployment_flavour.flavour_key
13:23:06.967 [Test worker] DEBUG o.h.p.w.spi.MetamodelGraphWalker - Visiting attribute path : parent_ns.service_deployment_flavour.version
13:23:06.967 [Test worker] DEBUG o.h.p.w.spi.MetamodelGraphWalker - Visiting attribute path : parent_ns.service_deployment_flavour.constituent_vnf
13:23:06.967 [Test worker] DEBUG o.h.p.w.spi.MetamodelGraphWalker - Visiting attribute path : parent_ns.status
13:23:06.967 [Test worker] DEBUG o.h.p.w.spi.MetamodelGraphWalker - Visiting attribute path : parent_ns.vendor
13:23:06.967 [Test worker] DEBUG o.h.p.w.spi.MetamodelGraphWalker - Visiting attribute path : parent_ns.version
13:23:06.967 [Test worker] DEBUG o.h.p.w.spi.MetamodelGraphWalker - Visiting attribute path : parent_ns.vlr
13:23:06.967 [Test worker] DEBUG o.h.l.p.b.i.spaces.QuerySpacesImpl - Adding QuerySpace : uid = <gen:65> -> org.hibernate.loader.plan.build.internal.spaces.CollectionQuerySpaceImpl@5c91e33c]
13:23:06.968 [Test worker] DEBUG o.h.l.p.b.i.spaces.QuerySpacesImpl - Adding QuerySpace : uid = <gen:66> -> org.hibernate.loader.plan.build.internal.spaces.EntityQuerySpaceImpl@6ddda79e]
13:23:06.968 [Test worker] DEBUG o.h.p.w.spi.MetamodelGraphWalker - Visiting attribute path : parent_ns.vlr.allocated_capacity
13:23:06.968 [Test worker] DEBUG o.h.p.w.spi.MetamodelGraphWalker - Visiting attribute path : parent_ns.vlr.audit_log
13:23:06.968 [Test worker] DEBUG o.h.p.w.spi.MetamodelGraphWalker - Visiting attribute path : parent_ns.vlr.connection
13:23:06.968 [Test worker] DEBUG o.h.p.w.spi.MetamodelGraphWalker - Visiting attribute path : parent_ns.vlr.connectivity_type
13:23:06.968 [Test worker] DEBUG o.h.p.w.spi.MetamodelGraphWalker - Visiting attribute path : parent_ns.vlr.descriptor_reference
13:23:06.968 [Test worker] DEBUG o.h.p.w.spi.MetamodelGraphWalker - Visiting attribute path : parent_ns.vlr.leaf_requirement
13:23:06.968 [Test worker] DEBUG o.h.p.w.spi.MetamodelGraphWalker - Visiting attribute path : parent_ns.vlr.lifecycle_event_history
13:23:06.968 [Test worker] DEBUG o.h.p.w.spi.MetamodelGraphWalker - Property path deemed to be circular : parent_ns.vlr.lifecycle_event_history
13:23:06.968 [Test worker] DEBUG o.h.p.w.spi.MetamodelGraphWalker - Visiting attribute path : parent_ns.vlr.notification
13:23:06.968 [Test worker] DEBUG o.h.p.w.spi.MetamodelGraphWalker - Visiting attribute path : parent_ns.vlr.number_of_enpoints
13:23:06.968 [Test worker] DEBUG o.h.p.w.spi.MetamodelGraphWalker - Visiting attribute path : parent_ns.vlr.parent_ns
13:23:06.968 [Test worker] DEBUG o.h.p.w.spi.MetamodelGraphWalker - Visiting attribute path : parent_ns.vlr.qos
13:23:06.968 [Test worker] DEBUG o.h.p.w.spi.MetamodelGraphWalker - Visiting attribute path : parent_ns.vlr.root_requirement
13:23:06.968 [Test worker] DEBUG o.h.p.w.spi.MetamodelGraphWalker - Visiting attribute path : parent_ns.vlr.status
13:23:06.968 [Test worker] DEBUG o.h.p.w.spi.MetamodelGraphWalker - Visiting attribute path : parent_ns.vlr.test_access
13:23:06.968 [Test worker] DEBUG o.h.p.w.spi.MetamodelGraphWalker - Visiting attribute path : parent_ns.vlr.vendor
13:23:06.968 [Test worker] DEBUG o.h.p.w.spi.MetamodelGraphWalker - Visiting attribute path : parent_ns.vlr.version
13:23:06.968 [Test worker] DEBUG o.h.p.w.spi.MetamodelGraphWalker - Visiting attribute path : parent_ns.vlr.vim_id
13:23:06.968 [Test worker] DEBUG o.h.p.w.spi.MetamodelGraphWalker - Visiting attribute path : parent_ns.vlr.vnffgr_reference
13:23:06.968 [Test worker] DEBUG o.h.p.w.spi.MetamodelGraphWalker - Property path deemed to be circular : parent_ns.vlr.vnffgr_reference
13:23:06.969 [Test worker] DEBUG o.h.p.w.spi.MetamodelGraphWalker - Visiting attribute path : parent_ns.vnf_dependency
13:23:06.969 [Test worker] DEBUG o.h.l.p.b.i.spaces.QuerySpacesImpl - Adding QuerySpace : uid = <gen:67> -> org.hibernate.loader.plan.build.internal.spaces.CollectionQuerySpaceImpl@727721e6]
13:23:06.969 [Test worker] DEBUG o.h.l.p.b.i.spaces.QuerySpacesImpl - Adding QuerySpace : uid = <gen:68> -> org.hibernate.loader.plan.build.internal.spaces.EntityQuerySpaceImpl@6b52bdbf]
13:23:06.969 [Test worker] DEBUG o.h.p.w.spi.MetamodelGraphWalker - Visiting attribute path : parent_ns.vnf_dependency.source
13:23:06.969 [Test worker] DEBUG o.h.p.w.spi.MetamodelGraphWalker - Property path deemed to be circular : parent_ns.vnf_dependency.source
13:23:06.969 [Test worker] DEBUG o.h.p.w.spi.MetamodelGraphWalker - Visiting attribute path : parent_ns.vnf_dependency.target
13:23:06.969 [Test worker] DEBUG o.h.p.w.spi.MetamodelGraphWalker - Property path deemed to be circular : parent_ns.vnf_dependency.target
13:23:06.969 [Test worker] DEBUG o.h.p.w.spi.MetamodelGraphWalker - Visiting attribute path : parent_ns.vnf_dependency.version
13:23:06.969 [Test worker] DEBUG o.h.p.w.spi.MetamodelGraphWalker - Visiting attribute path : parent_ns.vnffgr
13:23:06.969 [Test worker] DEBUG o.h.l.p.b.i.spaces.QuerySpacesImpl - Adding QuerySpace : uid = <gen:69> -> org.hibernate.loader.plan.build.internal.spaces.CollectionQuerySpaceImpl@25403a6f]
13:23:06.969 [Test worker] DEBUG o.h.l.p.b.i.spaces.QuerySpacesImpl - Adding QuerySpace : uid = <gen:70> -> org.hibernate.loader.plan.build.internal.spaces.EntityQuerySpaceImpl@1bbc6084]
13:23:06.969 [Test worker] DEBUG o.h.p.w.spi.MetamodelGraphWalker - Visiting attribute path : parent_ns.vnffgr.connection_point
13:23:06.969 [Test worker] DEBUG o.h.p.w.spi.MetamodelGraphWalker - Visiting attribute path : parent_ns.vnffgr.constituent_vnfs
13:23:06.969 [Test worker] DEBUG o.h.p.w.spi.MetamodelGraphWalker - Visiting attribute path : parent_ns.vnffgr.dependent_virtual_link
13:23:06.969 [Test worker] DEBUG o.h.p.w.spi.MetamodelGraphWalker - Visiting attribute path : parent_ns.vnffgr.descriptor_version
13:23:06.970 [Test worker] DEBUG o.h.p.w.spi.MetamodelGraphWalker - Visiting attribute path : parent_ns.vnffgr.hb_version
13:23:06.970 [Test worker] DEBUG o.h.p.w.spi.MetamodelGraphWalker - Visiting attribute path : parent_ns.vnffgr.network_forwarding_path
13:23:06.970 [Test worker] DEBUG o.h.p.w.spi.MetamodelGraphWalker - Visiting attribute path : parent_ns.vnffgr.number_of_endpoints
13:23:06.970 [Test worker] DEBUG o.h.p.w.spi.MetamodelGraphWalker - Visiting attribute path : parent_ns.vnffgr.number_of_virtual_links
13:23:06.970 [Test worker] DEBUG o.h.p.w.spi.MetamodelGraphWalker - Visiting attribute path : parent_ns.vnffgr.vendor
13:23:06.970 [Test worker] DEBUG o.h.p.w.spi.MetamodelGraphWalker - Visiting attribute path : parent_ns.vnffgr.version
13:23:06.970 [Test worker] DEBUG o.h.p.w.spi.MetamodelGraphWalker - Visiting attribute path : parent_ns.vnffgr.vnffgd_security
13:23:06.970 [Test worker] DEBUG o.h.l.p.b.i.spaces.QuerySpacesImpl - Adding QuerySpace : uid = <gen:71> -> org.hibernate.loader.plan.build.internal.spaces.EntityQuerySpaceImpl@26d7950d]
13:23:06.970 [Test worker] DEBUG o.h.p.w.spi.MetamodelGraphWalker - Visiting attribute path : parent_ns.vnfr
13:23:06.970 [Test worker] DEBUG o.h.l.p.b.i.spaces.QuerySpacesImpl - Adding QuerySpace : uid = <gen:72> -> org.hibernate.loader.plan.build.internal.spaces.EntityQuerySpaceImpl@137a9c67]
13:23:06.970 [Test worker] DEBUG o.h.p.w.spi.MetamodelGraphWalker - Visiting attribute path : parent_ns.vnfr.audit_log
13:23:06.970 [Test worker] DEBUG o.h.p.w.spi.MetamodelGraphWalker - Visiting attribute path : parent_ns.vnfr.auto_scale_policy
13:23:06.970 [Test worker] DEBUG o.h.p.w.spi.MetamodelGraphWalker - Property path deemed to be circular : parent_ns.vnfr.auto_scale_policy
13:23:06.970 [Test worker] DEBUG o.h.p.w.spi.MetamodelGraphWalker - Visiting attribute path : parent_ns.vnfr.connected_external_virtual_link
13:23:06.970 [Test worker] DEBUG o.h.p.w.spi.MetamodelGraphWalker - Property path deemed to be circular : parent_ns.vnfr.connected_external_virtual_link
13:23:06.970 [Test worker] DEBUG o.h.p.w.spi.MetamodelGraphWalker - Visiting attribute path : parent_ns.vnfr.connection_point
13:23:06.970 [Test worker] DEBUG o.h.p.w.spi.MetamodelGraphWalker - Property path deemed to be circular : parent_ns.vnfr.connection_point
13:23:06.970 [Test worker] DEBUG o.h.p.w.spi.MetamodelGraphWalker - Visiting attribute path : parent_ns.vnfr.dependency
13:23:06.970 [Test worker] DEBUG o.h.p.w.spi.MetamodelGraphWalker - Property path deemed to be circular : parent_ns.vnfr.dependency
13:23:06.970 [Test worker] DEBUG o.h.p.w.spi.MetamodelGraphWalker - Visiting attribute path : parent_ns.vnfr.deployment_flavour
13:23:06.970 [Test worker] DEBUG o.h.p.w.spi.MetamodelGraphWalker - Property path deemed to be circular : parent_ns.vnfr.deployment_flavour
13:23:06.970 [Test worker] DEBUG o.h.p.w.spi.MetamodelGraphWalker - Visiting attribute path : parent_ns.vnfr.descriptor_reference
13:23:06.970 [Test worker] DEBUG o.h.p.w.spi.MetamodelGraphWalker - Visiting attribute path : parent_ns.vnfr.lifecycle_event
13:23:06.970 [Test worker] DEBUG o.h.p.w.spi.MetamodelGraphWalker - Property path deemed to be circular : parent_ns.vnfr.lifecycle_event
13:23:06.970 [Test worker] DEBUG o.h.p.w.spi.MetamodelGraphWalker - Visiting attribute path : parent_ns.vnfr.lifecycle_event_history
13:23:06.970 [Test worker] DEBUG o.h.p.w.spi.MetamodelGraphWalker - Property path deemed to be circular : parent_ns.vnfr.lifecycle_event_history
13:23:06.971 [Test worker] DEBUG o.h.p.w.spi.MetamodelGraphWalker - Visiting attribute path : parent_ns.vnfr.localization
13:23:06.971 [Test worker] DEBUG o.h.p.w.spi.MetamodelGraphWalker - Visiting attribute path : parent_ns.vnfr.monitoring_parameter
13:23:06.971 [Test worker] DEBUG o.h.p.w.spi.MetamodelGraphWalker - Visiting attribute path : parent_ns.vnfr.notification
13:23:06.971 [Test worker] DEBUG o.h.p.w.spi.MetamodelGraphWalker - Visiting attribute path : parent_ns.vnfr.parent_ns
13:23:06.971 [Test worker] DEBUG o.h.p.w.spi.MetamodelGraphWalker - Property path deemed to be circular : parent_ns.vnfr.parent_ns
13:23:06.971 [Test worker] DEBUG o.h.p.w.spi.MetamodelGraphWalker - Visiting attribute path : parent_ns.vnfr.runtime_policy_info
13:23:06.971 [Test worker] DEBUG o.h.p.w.spi.MetamodelGraphWalker - Visiting attribute path : parent_ns.vnfr.status
13:23:06.971 [Test worker] DEBUG o.h.p.w.spi.MetamodelGraphWalker - Visiting attribute path : parent_ns.vnfr.vdu
13:23:06.971 [Test worker] DEBUG o.h.l.p.b.i.spaces.QuerySpacesImpl - Adding QuerySpace : uid = <gen:73> -> org.hibernate.loader.plan.build.internal.spaces.CollectionQuerySpaceImpl@4e868079]
13:23:06.971 [Test worker] DEBUG o.h.l.p.b.i.spaces.QuerySpacesImpl - Adding QuerySpace : uid = <gen:74> -> org.hibernate.loader.plan.build.internal.spaces.EntityQuerySpaceImpl@605cb035]
13:23:06.971 [Test worker] DEBUG o.h.p.w.spi.MetamodelGraphWalker - Visiting attribute path : parent_ns.vnfr.vendor
13:23:06.971 [Test worker] DEBUG o.h.p.w.spi.MetamodelGraphWalker - Visiting attribute path : parent_ns.vnfr.version
13:23:06.971 [Test worker] DEBUG o.h.p.w.spi.MetamodelGraphWalker - Visiting attribute path : parent_ns.vnfr.virtual_link
13:23:06.971 [Test worker] DEBUG o.h.l.p.b.i.spaces.QuerySpacesImpl - Adding QuerySpace : uid = <gen:75> -> org.hibernate.loader.plan.build.internal.spaces.CollectionQuerySpaceImpl@653498ff]
13:23:06.971 [Test worker] DEBUG o.h.l.p.b.i.spaces.QuerySpacesImpl - Adding QuerySpace : uid = <gen:76> -> org.hibernate.loader.plan.build.internal.spaces.EntityQuerySpaceImpl@6028c141]
13:23:06.971 [Test worker] DEBUG o.h.p.w.spi.MetamodelGraphWalker - Visiting attribute path : parent_ns.vnfr.vnf_address
13:23:06.971 [Test worker] DEBUG o.h.p.w.spi.MetamodelGraphWalker - Visiting attribute path : parent_ns.vnfr.vnfm_id
13:23:06.971 [Test worker] DEBUG o.h.p.w.spi.MetamodelGraphWalker - Visiting attribute path : runtime_policy_info
13:23:06.971 [Test worker] DEBUG o.h.p.w.spi.MetamodelGraphWalker - Visiting attribute path : status
13:23:06.971 [Test worker] DEBUG o.h.p.w.spi.MetamodelGraphWalker - Visiting attribute path : vdu
13:23:06.971 [Test worker] DEBUG o.h.l.p.b.i.spaces.QuerySpacesImpl - Adding QuerySpace : uid = <gen:77> -> org.hibernate.loader.plan.build.internal.spaces.CollectionQuerySpaceImpl@13a7c3b9]
13:23:06.971 [Test worker] DEBUG o.h.l.p.b.i.spaces.QuerySpacesImpl - Adding QuerySpace : uid = <gen:78> -> org.hibernate.loader.plan.build.internal.spaces.EntityQuerySpaceImpl@6b22b0c3]
13:23:06.972 [Test worker] DEBUG o.h.p.w.spi.MetamodelGraphWalker - Visiting attribute path : vdu.computation_requirement
13:23:06.972 [Test worker] DEBUG o.h.p.w.spi.MetamodelGraphWalker - Visiting attribute path : vdu.high_availability
13:23:06.972 [Test worker] DEBUG o.h.p.w.spi.MetamodelGraphWalker - Visiting attribute path : vdu.lifecycle_event
13:23:06.972 [Test worker] DEBUG o.h.p.w.spi.MetamodelGraphWalker - Visiting attribute path : vdu.monitoring_parameter
13:23:06.972 [Test worker] DEBUG o.h.l.p.b.i.spaces.QuerySpacesImpl - Adding QuerySpace : uid = <gen:79> -> org.hibernate.loader.plan.build.internal.spaces.CollectionQuerySpaceImpl@6b839a22]
13:23:06.972 [Test worker] DEBUG o.h.p.w.spi.MetamodelGraphWalker - Visiting attribute path : vdu.scale_in_out
13:23:06.972 [Test worker] DEBUG o.h.p.w.spi.MetamodelGraphWalker - Visiting attribute path : vdu.vdu_constraint
13:23:06.972 [Test worker] DEBUG o.h.p.w.spi.MetamodelGraphWalker - Visiting attribute path : vdu.version
13:23:06.972 [Test worker] DEBUG o.h.p.w.spi.MetamodelGraphWalker - Visiting attribute path : vdu.virtual_memory_resource_element
13:23:06.972 [Test worker] DEBUG o.h.p.w.spi.MetamodelGraphWalker - Visiting attribute path : vdu.virtual_network_bandwidth_resource
13:23:06.972 [Test worker] DEBUG o.h.p.w.spi.MetamodelGraphWalker - Visiting attribute path : vdu.vm_image
13:23:06.972 [Test worker] DEBUG o.h.l.p.b.i.spaces.QuerySpacesImpl - Adding QuerySpace : uid = <gen:80> -> org.hibernate.loader.plan.build.internal.spaces.CollectionQuerySpaceImpl@e6032ce]
13:23:06.972 [Test worker] DEBUG o.h.p.w.spi.MetamodelGraphWalker - Visiting attribute path : vdu.vnfc
13:23:06.972 [Test worker] DEBUG o.h.p.w.spi.MetamodelGraphWalker - Visiting attribute path : vendor
13:23:06.973 [Test worker] DEBUG o.h.p.w.spi.MetamodelGraphWalker - Visiting attribute path : version
13:23:06.973 [Test worker] DEBUG o.h.p.w.spi.MetamodelGraphWalker - Visiting attribute path : virtual_link
13:23:06.973 [Test worker] DEBUG o.h.l.p.b.i.spaces.QuerySpacesImpl - Adding QuerySpace : uid = <gen:81> -> org.hibernate.loader.plan.build.internal.spaces.CollectionQuerySpaceImpl@2e2a95bb]
13:23:06.973 [Test worker] DEBUG o.h.l.p.b.i.spaces.QuerySpacesImpl - Adding QuerySpace : uid = <gen:82> -> org.hibernate.loader.plan.build.internal.spaces.EntityQuerySpaceImpl@6dcc3faa]
13:23:06.973 [Test worker] DEBUG o.h.p.w.spi.MetamodelGraphWalker - Visiting attribute path : virtual_link.connectivity_type
13:23:06.973 [Test worker] DEBUG o.h.p.w.spi.MetamodelGraphWalker - Visiting attribute path : virtual_link.leaf_requirement
13:23:06.973 [Test worker] DEBUG o.h.p.w.spi.MetamodelGraphWalker - Visiting attribute path : virtual_link.qos
13:23:06.973 [Test worker] DEBUG o.h.p.w.spi.MetamodelGraphWalker - Visiting attribute path : virtual_link.root_requirement
13:23:06.973 [Test worker] DEBUG o.h.p.w.spi.MetamodelGraphWalker - Visiting attribute path : virtual_link.test_access
13:23:06.973 [Test worker] DEBUG o.h.p.w.spi.MetamodelGraphWalker - Visiting attribute path : virtual_link.version
13:23:06.973 [Test worker] DEBUG o.h.p.w.spi.MetamodelGraphWalker - Visiting attribute path : virtual_link.connection_points_references
13:23:06.973 [Test worker] DEBUG o.h.l.p.b.i.spaces.QuerySpacesImpl - Adding QuerySpace : uid = <gen:83> -> org.hibernate.loader.plan.build.internal.spaces.CollectionQuerySpaceImpl@6264ed21]
13:23:06.973 [Test worker] DEBUG o.h.p.w.spi.MetamodelGraphWalker - Visiting attribute path : vnf_address
13:23:06.973 [Test worker] DEBUG o.h.p.w.spi.MetamodelGraphWalker - Visiting attribute path : vnfm_id
13:23:06.973 [Test worker] DEBUG o.h.l.p.b.i.FetchStyleLoadPlanBuildingAssociationVisitationStrategy - Building LoadPlan...
13:23:06.974 [Test worker] DEBUG o.h.l.p.e.i.LoadQueryJoinAndFetchProcessor - processing queryspace <gen:0>
13:23:06.979 [Test worker] DEBUG o.h.l.p.b.spi.LoadPlanTreePrinter - LoadPlan(entity=org.project.neutrino.nfvo.catalogue.mano.record.VirtualNetworkFunctionRecord)
    - Returns
       - EntityReturnImpl(entity=org.project.neutrino.nfvo.catalogue.mano.record.VirtualNetworkFunctionRecord, querySpaceUid=<gen:0>, path=org.project.neutrino.nfvo.catalogue.mano.record.VirtualNetworkFunctionRecord)
          - CollectionAttributeFetchImpl(collection=org.project.neutrino.nfvo.catalogue.mano.record.VirtualNetworkFunctionRecord.auto_scale_policy, querySpaceUid=<gen:1>, path=org.project.neutrino.nfvo.catalogue.mano.record.VirtualNetworkFunctionRecord.auto_scale_policy)
             - (collection element) CollectionFetchableElementEntityGraph(entity=org.project.neutrino.nfvo.catalogue.mano.common.AutoScalePolicy, querySpaceUid=<gen:2>, path=org.project.neutrino.nfvo.catalogue.mano.record.VirtualNetworkFunctionRecord.auto_scale_policy.<elements>)
          - CollectionAttributeFetchImpl(collection=org.project.neutrino.nfvo.catalogue.mano.record.VirtualNetworkFunctionRecord.connected_external_virtual_link, querySpaceUid=<gen:3>, path=org.project.neutrino.nfvo.catalogue.mano.record.VirtualNetworkFunctionRecord.connected_external_virtual_link)
             - (collection element) CollectionFetchableElementEntityGraph(entity=org.project.neutrino.nfvo.catalogue.mano.record.VirtualLinkRecord, querySpaceUid=<gen:4>, path=org.project.neutrino.nfvo.catalogue.mano.record.VirtualNetworkFunctionRecord.connected_external_virtual_link.<elements>)
                - CollectionAttributeFetchImpl(collection=org.project.neutrino.nfvo.catalogue.mano.record.VirtualLinkRecord.lifecycle_event_history, querySpaceUid=<gen:5>, path=org.project.neutrino.nfvo.catalogue.mano.record.VirtualNetworkFunctionRecord.connected_external_virtual_link.<elements>.lifecycle_event_history)
                   - (collection element) CollectionFetchableElementEntityGraph(entity=org.project.neutrino.nfvo.catalogue.mano.common.LifecycleEvent, querySpaceUid=<gen:6>, path=org.project.neutrino.nfvo.catalogue.mano.record.VirtualNetworkFunctionRecord.connected_external_virtual_link.<elements>.lifecycle_event_history.<elements>)
                - CollectionAttributeFetchImpl(collection=org.project.neutrino.nfvo.catalogue.mano.record.VirtualLinkRecord.vnffgr_reference, querySpaceUid=<gen:7>, path=org.project.neutrino.nfvo.catalogue.mano.record.VirtualNetworkFunctionRecord.connected_external_virtual_link.<elements>.vnffgr_reference)
                   - (collection element) CollectionFetchableElementEntityGraph(entity=org.project.neutrino.nfvo.catalogue.mano.record.VNFForwardingGraphRecord, querySpaceUid=<gen:8>, path=org.project.neutrino.nfvo.catalogue.mano.record.VirtualNetworkFunctionRecord.connected_external_virtual_link.<elements>.vnffgr_reference.<elements>)
                      - CollectionAttributeFetchImpl(collection=org.project.neutrino.nfvo.catalogue.mano.record.VNFForwardingGraphRecord.connection_point, querySpaceUid=<gen:9>, path=org.project.neutrino.nfvo.catalogue.mano.record.VirtualNetworkFunctionRecord.connected_external_virtual_link.<elements>.vnffgr_reference.<elements>.connection_point)
                         - (collection element) CollectionFetchableElementEntityGraph(entity=org.project.neutrino.nfvo.catalogue.mano.descriptor.VNFDConnectionPoint, querySpaceUid=<gen:10>, path=org.project.neutrino.nfvo.catalogue.mano.record.VirtualNetworkFunctionRecord.connected_external_virtual_link.<elements>.vnffgr_reference.<elements>.connection_point.<elements>)
                      - CollectionAttributeFetchImpl(collection=org.project.neutrino.nfvo.catalogue.mano.record.VNFForwardingGraphRecord.dependent_virtual_link, querySpaceUid=<gen:11>, path=org.project.neutrino.nfvo.catalogue.mano.record.VirtualNetworkFunctionRecord.connected_external_virtual_link.<elements>.vnffgr_reference.<elements>.dependent_virtual_link)
                         - (collection element) CollectionFetchableElementEntityGraph(entity=org.project.neutrino.nfvo.catalogue.mano.record.VirtualLinkRecord, querySpaceUid=<gen:12>, path=org.project.neutrino.nfvo.catalogue.mano.record.VirtualNetworkFunctionRecord.connected_external_virtual_link.<elements>.vnffgr_reference.<elements>.dependent_virtual_link.<elements>)
                      - EntityAttributeFetchImpl(entity=org.project.neutrino.nfvo.catalogue.mano.descriptor.VNFForwardingGraph, querySpaceUid=<gen:13>, path=org.project.neutrino.nfvo.catalogue.mano.record.VirtualNetworkFunctionRecord.connected_external_virtual_link.<elements>.vnffgr_reference.<elements>.descriptor_reference)
                      - CollectionAttributeFetchImpl(collection=org.project.neutrino.nfvo.catalogue.mano.record.VNFForwardingGraphRecord.lifecycle_event_history, querySpaceUid=<gen:14>, path=org.project.neutrino.nfvo.catalogue.mano.record.VirtualNetworkFunctionRecord.connected_external_virtual_link.<elements>.vnffgr_reference.<elements>.lifecycle_event_history)
                         - (collection element) CollectionFetchableElementEntityGraph(entity=org.project.neutrino.nfvo.catalogue.mano.common.LifecycleEvent, querySpaceUid=<gen:15>, path=org.project.neutrino.nfvo.catalogue.mano.record.VirtualNetworkFunctionRecord.connected_external_virtual_link.<elements>.vnffgr_reference.<elements>.lifecycle_event_history.<elements>)
                      - CollectionAttributeFetchImpl(collection=org.project.neutrino.nfvo.catalogue.mano.record.VNFForwardingGraphRecord.member_vnfs, querySpaceUid=<gen:16>, path=org.project.neutrino.nfvo.catalogue.mano.record.VirtualNetworkFunctionRecord.connected_external_virtual_link.<elements>.vnffgr_reference.<elements>.member_vnfs)
                         - (collection element) CollectionFetchableElementEntityGraph(entity=org.project.neutrino.nfvo.catalogue.mano.record.VirtualNetworkFunctionRecord, querySpaceUid=<gen:17>, path=org.project.neutrino.nfvo.catalogue.mano.record.VirtualNetworkFunctionRecord.connected_external_virtual_link.<elements>.vnffgr_reference.<elements>.member_vnfs.<elements>)
                      - EntityAttributeFetchImpl(entity=org.project.neutrino.nfvo.catalogue.mano.descriptor.NetworkForwardingPath, querySpaceUid=<gen:18>, path=org.project.neutrino.nfvo.catalogue.mano.record.VirtualNetworkFunctionRecord.connected_external_virtual_link.<elements>.vnffgr_reference.<elements>.network_forwarding_path)
                      - EntityAttributeFetchImpl(entity=org.project.neutrino.nfvo.catalogue.mano.record.NetworkServiceRecord, querySpaceUid=<gen:19>, path=org.project.neutrino.nfvo.catalogue.mano.record.VirtualNetworkFunctionRecord.connected_external_virtual_link.<elements>.vnffgr_reference.<elements>.parent_ns)
          - CollectionAttributeFetchImpl(collection=org.project.neutrino.nfvo.catalogue.mano.record.VirtualNetworkFunctionRecord.connection_point, querySpaceUid=<gen:20>, path=org.project.neutrino.nfvo.catalogue.mano.record.VirtualNetworkFunctionRecord.connection_point)
             - (collection element) CollectionFetchableElementEntityGraph(entity=org.project.neutrino.nfvo.catalogue.mano.common.ConnectionPoint, querySpaceUid=<gen:21>, path=org.project.neutrino.nfvo.catalogue.mano.record.VirtualNetworkFunctionRecord.connection_point.<elements>)
          - CollectionAttributeFetchImpl(collection=org.project.neutrino.nfvo.catalogue.mano.record.VirtualNetworkFunctionRecord.dependency, querySpaceUid=<gen:22>, path=org.project.neutrino.nfvo.catalogue.mano.record.VirtualNetworkFunctionRecord.dependency)
             - (collection element) CollectionFetchableElementEntityGraph(entity=org.project.neutrino.nfvo.catalogue.mano.common.VNFDependency, querySpaceUid=<gen:23>, path=org.project.neutrino.nfvo.catalogue.mano.record.VirtualNetworkFunctionRecord.dependency.<elements>)
                - EntityAttributeFetchImpl(entity=org.project.neutrino.nfvo.catalogue.mano.descriptor.VirtualNetworkFunctionDescriptor, querySpaceUid=<gen:24>, path=org.project.neutrino.nfvo.catalogue.mano.record.VirtualNetworkFunctionRecord.dependency.<elements>.source)
                   - CollectionAttributeFetchImpl(collection=org.project.neutrino.nfvo.catalogue.mano.common.NFVEntityDescriptor.monitoring_parameter, querySpaceUid=<gen:25>, path=org.project.neutrino.nfvo.catalogue.mano.record.VirtualNetworkFunctionRecord.dependency.<elements>.source.monitoring_parameter)
                   - CollectionAttributeFetchImpl(collection=org.project.neutrino.nfvo.catalogue.mano.descriptor.VirtualNetworkFunctionDescriptor.deployment_flavour, querySpaceUid=<gen:26>, path=org.project.neutrino.nfvo.catalogue.mano.record.VirtualNetworkFunctionRecord.dependency.<elements>.source.deployment_flavour)
                      - (collection element) CollectionFetchableElementEntityGraph(entity=org.project.neutrino.nfvo.catalogue.mano.descriptor.VNFDDeploymentFlavour, querySpaceUid=<gen:27>, path=org.project.neutrino.nfvo.catalogue.mano.record.VirtualNetworkFunctionRecord.dependency.<elements>.source.deployment_flavour.<elements>)
                - EntityAttributeFetchImpl(entity=org.project.neutrino.nfvo.catalogue.mano.descriptor.VirtualNetworkFunctionDescriptor, querySpaceUid=<gen:28>, path=org.project.neutrino.nfvo.catalogue.mano.record.VirtualNetworkFunctionRecord.dependency.<elements>.target)
                   - CollectionAttributeFetchImpl(collection=org.project.neutrino.nfvo.catalogue.mano.common.NFVEntityDescriptor.monitoring_parameter, querySpaceUid=<gen:29>, path=org.project.neutrino.nfvo.catalogue.mano.record.VirtualNetworkFunctionRecord.dependency.<elements>.target.monitoring_parameter)
                   - CollectionAttributeFetchImpl(collection=org.project.neutrino.nfvo.catalogue.mano.descriptor.VirtualNetworkFunctionDescriptor.deployment_flavour, querySpaceUid=<gen:30>, path=org.project.neutrino.nfvo.catalogue.mano.record.VirtualNetworkFunctionRecord.dependency.<elements>.target.deployment_flavour)
                      - (collection element) CollectionFetchableElementEntityGraph(entity=org.project.neutrino.nfvo.catalogue.mano.descriptor.VNFDDeploymentFlavour, querySpaceUid=<gen:31>, path=org.project.neutrino.nfvo.catalogue.mano.record.VirtualNetworkFunctionRecord.dependency.<elements>.target.deployment_flavour.<elements>)
          - EntityAttributeFetchImpl(entity=org.project.neutrino.nfvo.catalogue.mano.descriptor.VNFDDeploymentFlavour, querySpaceUid=<gen:32>, path=org.project.neutrino.nfvo.catalogue.mano.record.VirtualNetworkFunctionRecord.deployment_flavour)
             - CollectionAttributeFetchImpl(collection=org.project.neutrino.nfvo.catalogue.mano.descriptor.VNFDDeploymentFlavour.df_constraint, querySpaceUid=<gen:33>, path=org.project.neutrino.nfvo.catalogue.mano.record.VirtualNetworkFunctionRecord.deployment_flavour.df_constraint)
          - EntityAttributeFetchImpl(entity=org.project.neutrino.nfvo.catalogue.mano.common.LifecycleEvent, querySpaceUid=<gen:34>, path=org.project.neutrino.nfvo.catalogue.mano.record.VirtualNetworkFunctionRecord.lifecycle_event)
          - CollectionAttributeFetchImpl(collection=org.project.neutrino.nfvo.catalogue.mano.record.VirtualNetworkFunctionRecord.lifecycle_event_history, querySpaceUid=<gen:35>, path=org.project.neutrino.nfvo.catalogue.mano.record.VirtualNetworkFunctionRecord.lifecycle_event_history)
             - (collection element) CollectionFetchableElementEntityGraph(entity=org.project.neutrino.nfvo.catalogue.mano.common.LifecycleEvent, querySpaceUid=<gen:36>, path=org.project.neutrino.nfvo.catalogue.mano.record.VirtualNetworkFunctionRecord.lifecycle_event_history.<elements>)
          - EntityAttributeFetchImpl(entity=org.project.neutrino.nfvo.catalogue.mano.record.NetworkServiceRecord, querySpaceUid=<gen:37>, path=org.project.neutrino.nfvo.catalogue.mano.record.VirtualNetworkFunctionRecord.parent_ns)
             - CollectionAttributeFetchImpl(collection=org.project.neutrino.nfvo.catalogue.mano.record.NetworkServiceRecord.auto_scale_policy, querySpaceUid=<gen:38>, path=org.project.neutrino.nfvo.catalogue.mano.record.VirtualNetworkFunctionRecord.parent_ns.auto_scale_policy)
                - (collection element) CollectionFetchableElementEntityGraph(entity=org.project.neutrino.nfvo.catalogue.mano.common.AutoScalePolicy, querySpaceUid=<gen:39>, path=org.project.neutrino.nfvo.catalogue.mano.record.VirtualNetworkFunctionRecord.parent_ns.auto_scale_policy.<elements>)
             - CollectionAttributeFetchImpl(collection=org.project.neutrino.nfvo.catalogue.mano.record.NetworkServiceRecord.connection_point, querySpaceUid=<gen:40>, path=org.project.neutrino.nfvo.catalogue.mano.record.VirtualNetworkFunctionRecord.parent_ns.connection_point)
                - (collection element) CollectionFetchableElementEntityGraph(entity=org.project.neutrino.nfvo.catalogue.mano.common.ConnectionPoint, querySpaceUid=<gen:41>, path=org.project.neutrino.nfvo.catalogue.mano.record.VirtualNetworkFunctionRecord.parent_ns.connection_point.<elements>)
             - EntityAttributeFetchImpl(entity=org.project.neutrino.nfvo.catalogue.mano.common.NFVEntityDescriptor, querySpaceUid=<gen:42>, path=org.project.neutrino.nfvo.catalogue.mano.record.VirtualNetworkFunctionRecord.parent_ns.descriptor_reference)
                - CollectionAttributeFetchImpl(collection=org.project.neutrino.nfvo.catalogue.mano.common.NFVEntityDescriptor.monitoring_parameter, querySpaceUid=<gen:43>, path=org.project.neutrino.nfvo.catalogue.mano.record.VirtualNetworkFunctionRecord.parent_ns.descriptor_reference.monitoring_parameter)
                - CollectionAttributeFetchImpl(collection=org.project.neutrino.nfvo.catalogue.mano.descriptor.VirtualNetworkFunctionDescriptor.deployment_flavour, querySpaceUid=<gen:44>, path=org.project.neutrino.nfvo.catalogue.mano.record.VirtualNetworkFunctionRecord.parent_ns.descriptor_reference.deployment_flavour)
                   - (collection element) CollectionFetchableElementEntityGraph(entity=org.project.neutrino.nfvo.catalogue.mano.descriptor.VNFDDeploymentFlavour, querySpaceUid=<gen:45>, path=org.project.neutrino.nfvo.catalogue.mano.record.VirtualNetworkFunctionRecord.parent_ns.descriptor_reference.deployment_flavour.<elements>)
                - EntityAttributeFetchImpl(entity=org.project.neutrino.nfvo.catalogue.mano.common.Security, querySpaceUid=<gen:46>, path=org.project.neutrino.nfvo.catalogue.mano.record.VirtualNetworkFunctionRecord.parent_ns.descriptor_reference.nsd_security)
                - CollectionAttributeFetchImpl(collection=org.project.neutrino.nfvo.catalogue.mano.descriptor.NetworkServiceDescriptor.vnf_dependency, querySpaceUid=<gen:47>, path=org.project.neutrino.nfvo.catalogue.mano.record.VirtualNetworkFunctionRecord.parent_ns.descriptor_reference.vnf_dependency)
                   - (collection element) CollectionFetchableElementEntityGraph(entity=org.project.neutrino.nfvo.catalogue.mano.common.VNFDependency, querySpaceUid=<gen:48>, path=org.project.neutrino.nfvo.catalogue.mano.record.VirtualNetworkFunctionRecord.parent_ns.descriptor_reference.vnf_dependency.<elements>)
                - CollectionAttributeFetchImpl(collection=org.project.neutrino.nfvo.catalogue.mano.descriptor.NetworkServiceDescriptor.vnfd, querySpaceUid=<gen:49>, path=org.project.neutrino.nfvo.catalogue.mano.record.VirtualNetworkFunctionRecord.parent_ns.descriptor_reference.vnfd)
                   - (collection element) CollectionFetchableElementEntityGraph(entity=org.project.neutrino.nfvo.catalogue.mano.descriptor.VirtualNetworkFunctionDescriptor, querySpaceUid=<gen:50>, path=org.project.neutrino.nfvo.catalogue.mano.record.VirtualNetworkFunctionRecord.parent_ns.descriptor_reference.vnfd.<elements>)
             - EntityAttributeFetchImpl(entity=org.project.neutrino.nfvo.catalogue.mano.common.LifecycleEvent, querySpaceUid=<gen:51>, path=org.project.neutrino.nfvo.catalogue.mano.record.VirtualNetworkFunctionRecord.parent_ns.lifecycle_event)
             - CollectionAttributeFetchImpl(collection=org.project.neutrino.nfvo.catalogue.mano.record.NetworkServiceRecord.lifecycle_event_history, querySpaceUid=<gen:52>, path=org.project.neutrino.nfvo.catalogue.mano.record.VirtualNetworkFunctionRecord.parent_ns.lifecycle_event_history)
                - (collection element) CollectionFetchableElementEntityGraph(entity=org.project.neutrino.nfvo.catalogue.mano.common.LifecycleEvent, querySpaceUid=<gen:53>, path=org.project.neutrino.nfvo.catalogue.mano.record.VirtualNetworkFunctionRecord.parent_ns.lifecycle_event_history.<elements>)
             - CollectionAttributeFetchImpl(collection=org.project.neutrino.nfvo.catalogue.mano.record.NetworkServiceRecord.pnfr, querySpaceUid=<gen:54>, path=org.project.neutrino.nfvo.catalogue.mano.record.VirtualNetworkFunctionRecord.parent_ns.pnfr)
                - (collection element) CollectionFetchableElementEntityGraph(entity=org.project.neutrino.nfvo.catalogue.mano.record.PhysicalNetworkFunctionRecord, querySpaceUid=<gen:55>, path=org.project.neutrino.nfvo.catalogue.mano.record.VirtualNetworkFunctionRecord.parent_ns.pnfr.<elements>)
                   - CollectionAttributeFetchImpl(collection=org.project.neutrino.nfvo.catalogue.mano.record.PhysicalNetworkFunctionRecord.connected_virtual_link, querySpaceUid=<gen:56>, path=org.project.neutrino.nfvo.catalogue.mano.record.VirtualNetworkFunctionRecord.parent_ns.pnfr.<elements>.connected_virtual_link)
                      - (collection element) CollectionFetchableElementEntityGraph(entity=org.project.neutrino.nfvo.catalogue.mano.record.VirtualLinkRecord, querySpaceUid=<gen:57>, path=org.project.neutrino.nfvo.catalogue.mano.record.VirtualNetworkFunctionRecord.parent_ns.pnfr.<elements>.connected_virtual_link.<elements>)
                   - CollectionAttributeFetchImpl(collection=org.project.neutrino.nfvo.catalogue.mano.record.PhysicalNetworkFunctionRecord.connection_point, querySpaceUid=<gen:58>, path=org.project.neutrino.nfvo.catalogue.mano.record.VirtualNetworkFunctionRecord.parent_ns.pnfr.<elements>.connection_point)
                      - (collection element) CollectionFetchableElementEntityGraph(entity=org.project.neutrino.nfvo.catalogue.mano.common.ConnectionPoint, querySpaceUid=<gen:59>, path=org.project.neutrino.nfvo.catalogue.mano.record.VirtualNetworkFunctionRecord.parent_ns.pnfr.<elements>.connection_point.<elements>)
                   - EntityAttributeFetchImpl(entity=org.project.neutrino.nfvo.catalogue.mano.descriptor.PhysicalNetworkFunctionDescriptor, querySpaceUid=<gen:60>, path=org.project.neutrino.nfvo.catalogue.mano.record.VirtualNetworkFunctionRecord.parent_ns.pnfr.<elements>.descriptor_reference)
                   - EntityAttributeFetchImpl(entity=org.project.neutrino.nfvo.catalogue.mano.record.NetworkServiceRecord, querySpaceUid=<gen:61>, path=org.project.neutrino.nfvo.catalogue.mano.record.VirtualNetworkFunctionRecord.parent_ns.pnfr.<elements>.parent_ns)
                   - CollectionAttributeFetchImpl(collection=org.project.neutrino.nfvo.catalogue.mano.record.PhysicalNetworkFunctionRecord.vnffgr, querySpaceUid=<gen:62>, path=org.project.neutrino.nfvo.catalogue.mano.record.VirtualNetworkFunctionRecord.parent_ns.pnfr.<elements>.vnffgr)
                      - (collection element) CollectionFetchableElementEntityGraph(entity=org.project.neutrino.nfvo.catalogue.mano.record.VNFForwardingGraphRecord, querySpaceUid=<gen:63>, path=org.project.neutrino.nfvo.catalogue.mano.record.VirtualNetworkFunctionRecord.parent_ns.pnfr.<elements>.vnffgr.<elements>)
             - EntityAttributeFetchImpl(entity=org.project.neutrino.nfvo.catalogue.mano.common.ServiceDeploymentFlavour, querySpaceUid=<gen:64>, path=org.project.neutrino.nfvo.catalogue.mano.record.VirtualNetworkFunctionRecord.parent_ns.service_deployment_flavour)
             - CollectionAttributeFetchImpl(collection=org.project.neutrino.nfvo.catalogue.mano.record.NetworkServiceRecord.vlr, querySpaceUid=<gen:65>, path=org.project.neutrino.nfvo.catalogue.mano.record.VirtualNetworkFunctionRecord.parent_ns.vlr)
                - (collection element) CollectionFetchableElementEntityGraph(entity=org.project.neutrino.nfvo.catalogue.mano.record.VirtualLinkRecord, querySpaceUid=<gen:66>, path=org.project.neutrino.nfvo.catalogue.mano.record.VirtualNetworkFunctionRecord.parent_ns.vlr.<elements>)
             - CollectionAttributeFetchImpl(collection=org.project.neutrino.nfvo.catalogue.mano.record.NetworkServiceRecord.vnf_dependency, querySpaceUid=<gen:67>, path=org.project.neutrino.nfvo.catalogue.mano.record.VirtualNetworkFunctionRecord.parent_ns.vnf_dependency)
                - (collection element) CollectionFetchableElementEntityGraph(entity=org.project.neutrino.nfvo.catalogue.mano.common.VNFDependency, querySpaceUid=<gen:68>, path=org.project.neutrino.nfvo.catalogue.mano.record.VirtualNetworkFunctionRecord.parent_ns.vnf_dependency.<elements>)
             - CollectionAttributeFetchImpl(collection=org.project.neutrino.nfvo.catalogue.mano.record.NetworkServiceRecord.vnffgr, querySpaceUid=<gen:69>, path=org.project.neutrino.nfvo.catalogue.mano.record.VirtualNetworkFunctionRecord.parent_ns.vnffgr)
                - (collection element) CollectionFetchableElementEntityGraph(entity=org.project.neutrino.nfvo.catalogue.mano.descriptor.VNFForwardingGraph, querySpaceUid=<gen:70>, path=org.project.neutrino.nfvo.catalogue.mano.record.VirtualNetworkFunctionRecord.parent_ns.vnffgr.<elements>)
                   - EntityAttributeFetchImpl(entity=org.project.neutrino.nfvo.catalogue.mano.common.Security, querySpaceUid=<gen:71>, path=org.project.neutrino.nfvo.catalogue.mano.record.VirtualNetworkFunctionRecord.parent_ns.vnffgr.<elements>.vnffgd_security)
             - EntityAttributeFetchImpl(entity=org.project.neutrino.nfvo.catalogue.mano.record.VirtualNetworkFunctionRecord, querySpaceUid=<gen:72>, path=org.project.neutrino.nfvo.catalogue.mano.record.VirtualNetworkFunctionRecord.parent_ns.vnfr)
                - CollectionAttributeFetchImpl(collection=org.project.neutrino.nfvo.catalogue.mano.record.VirtualNetworkFunctionRecord.vdu, querySpaceUid=<gen:73>, path=org.project.neutrino.nfvo.catalogue.mano.record.VirtualNetworkFunctionRecord.parent_ns.vnfr.vdu)
                   - (collection element) CollectionFetchableElementEntityGraph(entity=org.project.neutrino.nfvo.catalogue.mano.descriptor.VirtualDeploymentUnit, querySpaceUid=<gen:74>, path=org.project.neutrino.nfvo.catalogue.mano.record.VirtualNetworkFunctionRecord.parent_ns.vnfr.vdu.<elements>)
                - CollectionAttributeFetchImpl(collection=org.project.neutrino.nfvo.catalogue.mano.record.VirtualNetworkFunctionRecord.virtual_link, querySpaceUid=<gen:75>, path=org.project.neutrino.nfvo.catalogue.mano.record.VirtualNetworkFunctionRecord.parent_ns.vnfr.virtual_link)
                   - (collection element) CollectionFetchableElementEntityGraph(entity=org.project.neutrino.nfvo.catalogue.mano.descriptor.InternalVirtualLink, querySpaceUid=<gen:76>, path=org.project.neutrino.nfvo.catalogue.mano.record.VirtualNetworkFunctionRecord.parent_ns.vnfr.virtual_link.<elements>)
          - CollectionAttributeFetchImpl(collection=org.project.neutrino.nfvo.catalogue.mano.record.VirtualNetworkFunctionRecord.vdu, querySpaceUid=<gen:77>, path=org.project.neutrino.nfvo.catalogue.mano.record.VirtualNetworkFunctionRecord.vdu)
             - (collection element) CollectionFetchableElementEntityGraph(entity=org.project.neutrino.nfvo.catalogue.mano.descriptor.VirtualDeploymentUnit, querySpaceUid=<gen:78>, path=org.project.neutrino.nfvo.catalogue.mano.record.VirtualNetworkFunctionRecord.vdu.<elements>)
                - CollectionAttributeFetchImpl(collection=org.project.neutrino.nfvo.catalogue.mano.descriptor.VirtualDeploymentUnit.monitoring_parameter, querySpaceUid=<gen:79>, path=org.project.neutrino.nfvo.catalogue.mano.record.VirtualNetworkFunctionRecord.vdu.<elements>.monitoring_parameter)
                - CollectionAttributeFetchImpl(collection=org.project.neutrino.nfvo.catalogue.mano.descriptor.VirtualDeploymentUnit.vm_image, querySpaceUid=<gen:80>, path=org.project.neutrino.nfvo.catalogue.mano.record.VirtualNetworkFunctionRecord.vdu.<elements>.vm_image)
          - CollectionAttributeFetchImpl(collection=org.project.neutrino.nfvo.catalogue.mano.record.VirtualNetworkFunctionRecord.virtual_link, querySpaceUid=<gen:81>, path=org.project.neutrino.nfvo.catalogue.mano.record.VirtualNetworkFunctionRecord.virtual_link)
             - (collection element) CollectionFetchableElementEntityGraph(entity=org.project.neutrino.nfvo.catalogue.mano.descriptor.InternalVirtualLink, querySpaceUid=<gen:82>, path=org.project.neutrino.nfvo.catalogue.mano.record.VirtualNetworkFunctionRecord.virtual_link.<elements>)
                - CollectionAttributeFetchImpl(collection=org.project.neutrino.nfvo.catalogue.mano.descriptor.InternalVirtualLink.connection_points_references, querySpaceUid=<gen:83>, path=org.project.neutrino.nfvo.catalogue.mano.record.VirtualNetworkFunctionRecord.virtual_link.<elements>.connection_points_references)
    - QuerySpaces
       - EntityQuerySpaceImpl(uid=<gen:0>, entity=org.project.neutrino.nfvo.catalogue.mano.record.VirtualNetworkFunctionRecord)
          - SQL table alias mapping - virtualnet0_
          - alias suffix - 0_
          - suffixed key columns - {id1_68_0_}
          - JOIN (JoinDefinedByMetadata(auto_scale_policy)) : <gen:0> -> <gen:1>
             - CollectionQuerySpaceImpl(uid=<gen:1>, collection=org.project.neutrino.nfvo.catalogue.mano.record.VirtualNetworkFunctionRecord.auto_scale_policy)
                - SQL table alias mapping - auto_scale1_
                - alias suffix - 1_
                - suffixed key columns - {virtual_1_68_1_}
                - entity-element alias suffix - 2_
                - 2_entity-element suffixed key columns - id1_3_2_
                - JOIN (JoinDefinedByMetadata(elements)) : <gen:1> -> <gen:2>
                   - EntityQuerySpaceImpl(uid=<gen:2>, entity=org.project.neutrino.nfvo.catalogue.mano.common.AutoScalePolicy)
                      - SQL table alias mapping - autoscalep2_
                      - alias suffix - 2_
                      - suffixed key columns - {id1_3_2_}
          - JOIN (JoinDefinedByMetadata(connected_external_virtual_link)) : <gen:0> -> <gen:3>
             - CollectionQuerySpaceImpl(uid=<gen:3>, collection=org.project.neutrino.nfvo.catalogue.mano.record.VirtualNetworkFunctionRecord.connected_external_virtual_link)
                - SQL table alias mapping - connected_3_
                - alias suffix - 3_
                - suffixed key columns - {virtual_1_68_3_}
                - entity-element alias suffix - 4_
                - 4_entity-element suffixed key columns - id1_54_4_
                - JOIN (JoinDefinedByMetadata(elements)) : <gen:3> -> <gen:4>
                   - EntityQuerySpaceImpl(uid=<gen:4>, entity=org.project.neutrino.nfvo.catalogue.mano.record.VirtualLinkRecord)
                      - SQL table alias mapping - virtuallin4_
                      - alias suffix - 4_
                      - suffixed key columns - {id1_54_4_}
                      - JOIN (JoinDefinedByMetadata(lifecycle_event_history)) : <gen:4> -> <gen:5>
                         - CollectionQuerySpaceImpl(uid=<gen:5>, collection=org.project.neutrino.nfvo.catalogue.mano.record.VirtualLinkRecord.lifecycle_event_history)
                            - SQL table alias mapping - lifecycle_5_
                            - alias suffix - 5_
                            - suffixed key columns - {virtual_1_54_5_}
                            - entity-element alias suffix - 6_
                            - 6_entity-element suffixed key columns - id1_10_6_
                            - JOIN (JoinDefinedByMetadata(elements)) : <gen:5> -> <gen:6>
                               - EntityQuerySpaceImpl(uid=<gen:6>, entity=org.project.neutrino.nfvo.catalogue.mano.common.LifecycleEvent)
                                  - SQL table alias mapping - lifecyclee6_
                                  - alias suffix - 6_
                                  - suffixed key columns - {id1_10_6_}
                      - JOIN (JoinDefinedByMetadata(vnffgr_reference)) : <gen:4> -> <gen:7>
                         - CollectionQuerySpaceImpl(uid=<gen:7>, collection=org.project.neutrino.nfvo.catalogue.mano.record.VirtualLinkRecord.vnffgr_reference)
                            - SQL table alias mapping - vnffgr_ref7_
                            - alias suffix - 7_
                            - suffixed key columns - {virtual_1_54_7_}
                            - entity-element alias suffix - 8_
                            - 8_entity-element suffixed key columns - id1_92_8_
                            - JOIN (JoinDefinedByMetadata(elements)) : <gen:7> -> <gen:8>
                               - EntityQuerySpaceImpl(uid=<gen:8>, entity=org.project.neutrino.nfvo.catalogue.mano.record.VNFForwardingGraphRecord)
                                  - SQL table alias mapping - vnfforward8_
                                  - alias suffix - 8_
                                  - suffixed key columns - {id1_92_8_}
          - JOIN (JoinDefinedByMetadata(connection_point)) : <gen:0> -> <gen:20>
             - CollectionQuerySpaceImpl(uid=<gen:20>, collection=org.project.neutrino.nfvo.catalogue.mano.record.VirtualNetworkFunctionRecord.connection_point)
                - SQL table alias mapping - connection9_
                - alias suffix - 9_
                - suffixed key columns - {virtual_1_68_9_}
                - entity-element alias suffix - 10_
                - 10_entity-element suffixed key columns - id1_4_10_
                - JOIN (JoinDefinedByMetadata(elements)) : <gen:20> -> <gen:21>
                   - EntityQuerySpaceImpl(uid=<gen:21>, entity=org.project.neutrino.nfvo.catalogue.mano.common.ConnectionPoint)
                      - SQL table alias mapping - connection10_
                      - alias suffix - 10_
                      - suffixed key columns - {id1_4_10_}
          - JOIN (JoinDefinedByMetadata(dependency)) : <gen:0> -> <gen:22>
             - CollectionQuerySpaceImpl(uid=<gen:22>, collection=org.project.neutrino.nfvo.catalogue.mano.record.VirtualNetworkFunctionRecord.dependency)
                - SQL table alias mapping - dependency11_
                - alias suffix - 11_
                - suffixed key columns - {virtual_1_68_11_}
                - entity-element alias suffix - 12_
                - 12_entity-element suffixed key columns - id1_86_12_
                - JOIN (JoinDefinedByMetadata(elements)) : <gen:22> -> <gen:23>
                   - EntityQuerySpaceImpl(uid=<gen:23>, entity=org.project.neutrino.nfvo.catalogue.mano.common.VNFDependency)
                      - SQL table alias mapping - vnfdepende12_
                      - alias suffix - 12_
                      - suffixed key columns - {id1_86_12_}
                      - JOIN (JoinDefinedByMetadata(source)) : <gen:23> -> <gen:24>
                         - EntityQuerySpaceImpl(uid=<gen:24>, entity=org.project.neutrino.nfvo.catalogue.mano.descriptor.VirtualNetworkFunctionDescriptor)
                            - SQL table alias mapping - virtualnet13_
                            - alias suffix - 13_
                            - suffixed key columns - {id1_27_13_}
                      - JOIN (JoinDefinedByMetadata(target)) : <gen:23> -> <gen:28>
                         - EntityQuerySpaceImpl(uid=<gen:28>, entity=org.project.neutrino.nfvo.catalogue.mano.descriptor.VirtualNetworkFunctionDescriptor)
                            - SQL table alias mapping - virtualnet14_
                            - alias suffix - 14_
                            - suffixed key columns - {id1_27_14_}
          - JOIN (JoinDefinedByMetadata(deployment_flavour)) : <gen:0> -> <gen:32>
             - EntityQuerySpaceImpl(uid=<gen:32>, entity=org.project.neutrino.nfvo.catalogue.mano.descriptor.VNFDDeploymentFlavour)
                - SQL table alias mapping - vnfddeploy15_
                - alias suffix - 15_
                - suffixed key columns - {id1_7_15_}
                - JOIN (JoinDefinedByMetadata(df_constraint)) : <gen:32> -> <gen:33>
                   - CollectionQuerySpaceImpl(uid=<gen:33>, collection=org.project.neutrino.nfvo.catalogue.mano.descriptor.VNFDDeploymentFlavour.df_constraint)
                      - SQL table alias mapping - df_constra16_
                      - alias suffix - 16_
                      - suffixed key columns - {vnfddepl1_7_16_}
          - JOIN (JoinDefinedByMetadata(lifecycle_event)) : <gen:0> -> <gen:34>
             - EntityQuerySpaceImpl(uid=<gen:34>, entity=org.project.neutrino.nfvo.catalogue.mano.common.LifecycleEvent)
                - SQL table alias mapping - lifecyclee17_
                - alias suffix - 17_
                - suffixed key columns - {id1_10_17_}
          - JOIN (JoinDefinedByMetadata(lifecycle_event_history)) : <gen:0> -> <gen:35>
             - CollectionQuerySpaceImpl(uid=<gen:35>, collection=org.project.neutrino.nfvo.catalogue.mano.record.VirtualNetworkFunctionRecord.lifecycle_event_history)
                - SQL table alias mapping - lifecycle_18_
                - alias suffix - 18_
                - suffixed key columns - {virtual_1_68_18_}
                - entity-element alias suffix - 19_
                - 19_entity-element suffixed key columns - id1_10_19_
                - JOIN (JoinDefinedByMetadata(elements)) : <gen:35> -> <gen:36>
                   - EntityQuerySpaceImpl(uid=<gen:36>, entity=org.project.neutrino.nfvo.catalogue.mano.common.LifecycleEvent)
                      - SQL table alias mapping - lifecyclee19_
                      - alias suffix - 19_
                      - suffixed key columns - {id1_10_19_}
          - JOIN (JoinDefinedByMetadata(parent_ns)) : <gen:0> -> <gen:37>
             - EntityQuerySpaceImpl(uid=<gen:37>, entity=org.project.neutrino.nfvo.catalogue.mano.record.NetworkServiceRecord)
                - SQL table alias mapping - networkser20_
                - alias suffix - 20_
                - suffixed key columns - {id1_18_20_}
                - JOIN (JoinDefinedByMetadata(auto_scale_policy)) : <gen:37> -> <gen:38>
                   - CollectionQuerySpaceImpl(uid=<gen:38>, collection=org.project.neutrino.nfvo.catalogue.mano.record.NetworkServiceRecord.auto_scale_policy)
                      - SQL table alias mapping - auto_scale21_
                      - alias suffix - 21_
                      - suffixed key columns - {network_1_18_21_}
                      - entity-element alias suffix - 22_
                      - 22_entity-element suffixed key columns - id1_3_22_
                      - JOIN (JoinDefinedByMetadata(elements)) : <gen:38> -> <gen:39>
                         - EntityQuerySpaceImpl(uid=<gen:39>, entity=org.project.neutrino.nfvo.catalogue.mano.common.AutoScalePolicy)
                            - SQL table alias mapping - autoscalep22_
                            - alias suffix - 22_
                            - suffixed key columns - {id1_3_22_}
                - JOIN (JoinDefinedByMetadata(connection_point)) : <gen:37> -> <gen:40>
                   - CollectionQuerySpaceImpl(uid=<gen:40>, collection=org.project.neutrino.nfvo.catalogue.mano.record.NetworkServiceRecord.connection_point)
                      - SQL table alias mapping - connection23_
                      - alias suffix - 23_
                      - suffixed key columns - {network_1_18_23_}
                      - entity-element alias suffix - 24_
                      - 24_entity-element suffixed key columns - id1_4_24_
                      - JOIN (JoinDefinedByMetadata(elements)) : <gen:40> -> <gen:41>
                         - EntityQuerySpaceImpl(uid=<gen:41>, entity=org.project.neutrino.nfvo.catalogue.mano.common.ConnectionPoint)
                            - SQL table alias mapping - connection24_
                            - alias suffix - 24_
                            - suffixed key columns - {id1_4_24_}
                - JOIN (JoinDefinedByMetadata(descriptor_reference)) : <gen:37> -> <gen:42>
                   - EntityQuerySpaceImpl(uid=<gen:42>, entity=org.project.neutrino.nfvo.catalogue.mano.common.NFVEntityDescriptor)
                      - SQL table alias mapping - nfventityd25_
                      - alias suffix - 25_
                      - suffixed key columns - {id1_27_25_}
                - JOIN (JoinDefinedByMetadata(lifecycle_event)) : <gen:37> -> <gen:51>
                   - EntityQuerySpaceImpl(uid=<gen:51>, entity=org.project.neutrino.nfvo.catalogue.mano.common.LifecycleEvent)
                      - SQL table alias mapping - lifecyclee26_
                      - alias suffix - 26_
                      - suffixed key columns - {id1_10_26_}
                - JOIN (JoinDefinedByMetadata(lifecycle_event_history)) : <gen:37> -> <gen:52>
                   - CollectionQuerySpaceImpl(uid=<gen:52>, collection=org.project.neutrino.nfvo.catalogue.mano.record.NetworkServiceRecord.lifecycle_event_history)
                      - SQL table alias mapping - lifecycle_27_
                      - alias suffix - 27_
                      - suffixed key columns - {network_1_18_27_}
                      - entity-element alias suffix - 28_
                      - 28_entity-element suffixed key columns - id1_10_28_
                      - JOIN (JoinDefinedByMetadata(elements)) : <gen:52> -> <gen:53>
                         - EntityQuerySpaceImpl(uid=<gen:53>, entity=org.project.neutrino.nfvo.catalogue.mano.common.LifecycleEvent)
                            - SQL table alias mapping - lifecyclee28_
                            - alias suffix - 28_
                            - suffixed key columns - {id1_10_28_}
                - JOIN (JoinDefinedByMetadata(pnfr)) : <gen:37> -> <gen:54>
                   - CollectionQuerySpaceImpl(uid=<gen:54>, collection=org.project.neutrino.nfvo.catalogue.mano.record.NetworkServiceRecord.pnfr)
                      - SQL table alias mapping - pnfr29_
                      - alias suffix - 29_
                      - suffixed key columns - {network_1_18_29_}
                      - entity-element alias suffix - 30_
                      - 30_entity-element suffixed key columns - id1_37_30_
                      - JOIN (JoinDefinedByMetadata(elements)) : <gen:54> -> <gen:55>
                         - EntityQuerySpaceImpl(uid=<gen:55>, entity=org.project.neutrino.nfvo.catalogue.mano.record.PhysicalNetworkFunctionRecord)
                            - SQL table alias mapping - physicalne30_
                            - alias suffix - 30_
                            - suffixed key columns - {id1_37_30_}
                - JOIN (JoinDefinedByMetadata(service_deployment_flavour)) : <gen:37> -> <gen:64>
                   - EntityQuerySpaceImpl(uid=<gen:64>, entity=org.project.neutrino.nfvo.catalogue.mano.common.ServiceDeploymentFlavour)
                      - SQL table alias mapping - servicedep31_
                      - alias suffix - 31_
                      - suffixed key columns - {id1_7_31_}
                - JOIN (JoinDefinedByMetadata(vlr)) : <gen:37> -> <gen:65>
                   - CollectionQuerySpaceImpl(uid=<gen:65>, collection=org.project.neutrino.nfvo.catalogue.mano.record.NetworkServiceRecord.vlr)
                      - SQL table alias mapping - vlr32_
                      - alias suffix - 32_
                      - suffixed key columns - {network_1_18_32_}
                      - entity-element alias suffix - 33_
                      - 33_entity-element suffixed key columns - id1_54_33_
                      - JOIN (JoinDefinedByMetadata(elements)) : <gen:65> -> <gen:66>
                         - EntityQuerySpaceImpl(uid=<gen:66>, entity=org.project.neutrino.nfvo.catalogue.mano.record.VirtualLinkRecord)
                            - SQL table alias mapping - virtuallin33_
                            - alias suffix - 33_
                            - suffixed key columns - {id1_54_33_}
                - JOIN (JoinDefinedByMetadata(vnf_dependency)) : <gen:37> -> <gen:67>
                   - CollectionQuerySpaceImpl(uid=<gen:67>, collection=org.project.neutrino.nfvo.catalogue.mano.record.NetworkServiceRecord.vnf_dependency)
                      - SQL table alias mapping - vnf_depend34_
                      - alias suffix - 34_
                      - suffixed key columns - {network_1_18_34_}
                      - entity-element alias suffix - 35_
                      - 35_entity-element suffixed key columns - id1_86_35_
                      - JOIN (JoinDefinedByMetadata(elements)) : <gen:67> -> <gen:68>
                         - EntityQuerySpaceImpl(uid=<gen:68>, entity=org.project.neutrino.nfvo.catalogue.mano.common.VNFDependency)
                            - SQL table alias mapping - vnfdepende35_
                            - alias suffix - 35_
                            - suffixed key columns - {id1_86_35_}
                - JOIN (JoinDefinedByMetadata(vnffgr)) : <gen:37> -> <gen:69>
                   - CollectionQuerySpaceImpl(uid=<gen:69>, collection=org.project.neutrino.nfvo.catalogue.mano.record.NetworkServiceRecord.vnffgr)
                      - SQL table alias mapping - vnffgr36_
                      - alias suffix - 36_
                      - suffixed key columns - {network_1_18_36_}
                      - entity-element alias suffix - 37_
                      - 37_entity-element suffixed key columns - id1_87_37_
                      - JOIN (JoinDefinedByMetadata(elements)) : <gen:69> -> <gen:70>
                         - EntityQuerySpaceImpl(uid=<gen:70>, entity=org.project.neutrino.nfvo.catalogue.mano.descriptor.VNFForwardingGraph)
                            - SQL table alias mapping - vnfforward37_
                            - alias suffix - 37_
                            - suffixed key columns - {id1_87_37_}
                - JOIN (JoinDefinedByMetadata(vnfr)) : <gen:37> -> <gen:72>
                   - EntityQuerySpaceImpl(uid=<gen:72>, entity=org.project.neutrino.nfvo.catalogue.mano.record.VirtualNetworkFunctionRecord)
                      - SQL table alias mapping - virtualnet38_
                      - alias suffix - 38_
                      - suffixed key columns - {id1_68_38_}
          - JOIN (JoinDefinedByMetadata(vdu)) : <gen:0> -> <gen:77>
             - CollectionQuerySpaceImpl(uid=<gen:77>, collection=org.project.neutrino.nfvo.catalogue.mano.record.VirtualNetworkFunctionRecord.vdu)
                - SQL table alias mapping - vdu39_
                - alias suffix - 39_
                - suffixed key columns - {virtual_1_68_39_}
                - entity-element alias suffix - 40_
                - 40_entity-element suffixed key columns - id1_47_40_
                - JOIN (JoinDefinedByMetadata(elements)) : <gen:77> -> <gen:78>
                   - EntityQuerySpaceImpl(uid=<gen:78>, entity=org.project.neutrino.nfvo.catalogue.mano.descriptor.VirtualDeploymentUnit)
                      - SQL table alias mapping - virtualdep40_
                      - alias suffix - 40_
                      - suffixed key columns - {id1_47_40_}
                      - JOIN (JoinDefinedByMetadata(monitoring_parameter)) : <gen:78> -> <gen:79>
                         - CollectionQuerySpaceImpl(uid=<gen:79>, collection=org.project.neutrino.nfvo.catalogue.mano.descriptor.VirtualDeploymentUnit.monitoring_parameter)
                            - SQL table alias mapping - monitoring41_
                            - alias suffix - 41_
                            - suffixed key columns - {virtual_1_47_41_}
                      - JOIN (JoinDefinedByMetadata(vm_image)) : <gen:78> -> <gen:80>
                         - CollectionQuerySpaceImpl(uid=<gen:80>, collection=org.project.neutrino.nfvo.catalogue.mano.descriptor.VirtualDeploymentUnit.vm_image)
                            - SQL table alias mapping - vm_image42_
                            - alias suffix - 42_
                            - suffixed key columns - {virtual_1_47_42_}
          - JOIN (JoinDefinedByMetadata(virtual_link)) : <gen:0> -> <gen:81>
             - CollectionQuerySpaceImpl(uid=<gen:81>, collection=org.project.neutrino.nfvo.catalogue.mano.record.VirtualNetworkFunctionRecord.virtual_link)
                - SQL table alias mapping - virtual_li43_
                - alias suffix - 43_
                - suffixed key columns - {virtual_1_68_43_}
                - entity-element alias suffix - 44_
                - 44_entity-element suffixed key columns - id1_0_44_
                - JOIN (JoinDefinedByMetadata(elements)) : <gen:81> -> <gen:82>
                   - EntityQuerySpaceImpl(uid=<gen:82>, entity=org.project.neutrino.nfvo.catalogue.mano.descriptor.InternalVirtualLink)
                      - SQL table alias mapping - internalvi44_
                      - alias suffix - 44_
                      - suffixed key columns - {id1_0_44_}
                      - JOIN (JoinDefinedByMetadata(connection_points_references)) : <gen:82> -> <gen:83>
                         - CollectionQuerySpaceImpl(uid=<gen:83>, collection=org.project.neutrino.nfvo.catalogue.mano.descriptor.InternalVirtualLink.connection_points_references)
                            - SQL table alias mapping - connection45_
                            - alias suffix - 45_
                            - suffixed key columns - {internal1_0_45_}

13:23:06.980 [Test worker] DEBUG o.h.loader.entity.plan.EntityLoader - Static select for entity org.project.neutrino.nfvo.catalogue.mano.record.VirtualNetworkFunctionRecord [READ]: select virtualnet0_.id as id1_68_0_, virtualnet0_.audit_log as audit_lo2_68_0_, virtualnet0_.deployment_flavour_id as deployme9_68_0_, virtualnet0_.descriptor_reference as descript3_68_0_, virtualnet0_.lifecycle_event_id as lifecyc10_68_0_, virtualnet0_.localization as localiza4_68_0_, virtualnet0_.parent_ns_id as parent_11_68_0_, virtualnet0_.status as status5_68_0_, virtualnet0_.vendor as vendor6_68_0_, virtualnet0_.version as version7_68_0_, virtualnet0_.vnfm_id as vnfm_id8_68_0_, auto_scale1_.virtual_network_function_record_id as virtual_1_68_1_, autoscalep2_.id as auto_sca2_69_1_, autoscalep2_.id as id1_3_2_, autoscalep2_.version as version2_3_2_, connected_3_.virtual_network_function_record_id as virtual_1_68_3_, virtuallin4_.id as connecte2_70_3_, virtuallin4_.id as id1_54_4_, virtuallin4_.connectivity_type as connecti2_54_4_, virtuallin4_.descriptor_reference as descript3_54_4_, virtuallin4_.leaf_requirement as leaf_req4_54_4_, virtuallin4_.number_of_enpoints as number_o5_54_4_, virtuallin4_.parent_ns as parent_n6_54_4_, virtuallin4_.root_requirement as root_req7_54_4_, virtuallin4_.status as status8_54_4_, virtuallin4_.test_access as test_acc9_54_4_, virtuallin4_.vendor as vendor10_54_4_, virtuallin4_.version as version11_54_4_, virtuallin4_.vim_id as vim_id12_54_4_, lifecycle_5_.virtual_link_record_id as virtual_1_54_5_, lifecyclee6_.id as lifecycl2_58_5_, lifecyclee6_.id as id1_10_6_, lifecyclee6_.version as version2_10_6_, vnffgr_ref7_.virtual_link_record_id as virtual_1_54_7_, vnfforward8_.id as vnffgr_r2_61_7_, vnfforward8_.id as id1_92_8_, vnfforward8_.audit_log as audit_lo2_92_8_, vnfforward8_.descriptor_reference_id as descrip10_92_8_, vnfforward8_.network_forwarding_path_id as network11_92_8_, vnfforward8_.number_of_endpoints as number_o3_92_8_, vnfforward8_.number_of_pnfs as number_o4_92_8_, vnfforward8_.number_of_virtual_links as number_o5_92_8_, vnfforward8_.number_of_vnfs as number_o6_92_8_, vnfforward8_.parent_ns_id as parent_12_92_8_, vnfforward8_.status as status7_92_8_, vnfforward8_.vendor as vendor8_92_8_, vnfforward8_.version as version9_92_8_, connection9_.virtual_network_function_record_id as virtual_1_68_9_, connection10_.id as connecti2_71_9_, connection10_.id as id1_4_10_, connection10_.type as type2_4_10_, connection10_.version as version3_4_10_, connection10_.virtual_link_reference as virtual_1_82_10_, connection10_.clazz_ as clazz_10_, dependency11_.virtual_network_function_record_id as virtual_1_68_11_, vnfdepende12_.id as dependen2_72_11_, vnfdepende12_.id as id1_86_12_, vnfdepende12_.source_Id as source_I3_86_12_, vnfdepende12_.target_Id as target_I4_86_12_, vnfdepende12_.version as version2_86_12_, virtualnet13_.id as id1_27_13_, virtualnet13_.hb_version as hb_versi2_27_13_, virtualnet13_.vendor as vendor3_27_13_, virtualnet13_.version as version4_27_13_, virtualnet13_.descriptor_version as descript1_62_13_, virtualnet13_.manifest_file as manifest2_62_13_, virtualnet14_.id as id1_27_14_, virtualnet14_.hb_version as hb_versi2_27_14_, virtualnet14_.vendor as vendor3_27_14_, virtualnet14_.version as version4_27_14_, virtualnet14_.descriptor_version as descript1_62_14_, virtualnet14_.manifest_file as manifest2_62_14_, vnfddeploy15_.id as id1_7_15_, vnfddeploy15_.flavour_key as flavour_2_7_15_, vnfddeploy15_.version as version3_7_15_, df_constra16_.vnfddeployment_flavour_id as vnfddepl1_7_16_, df_constra16_.df_constraint as df_const2_85_16_, lifecyclee17_.id as id1_10_17_, lifecyclee17_.version as version2_10_17_, lifecycle_18_.virtual_network_function_record_id as virtual_1_68_18_, lifecyclee19_.id as lifecycl2_73_18_, lifecyclee19_.id as id1_10_19_, lifecyclee19_.version as version2_10_19_, networkser20_.id as id1_18_20_, networkser20_.audit_log as audit_lo2_18_20_, networkser20_.descriptor_reference_Id as descript9_18_20_, networkser20_.lifecycle_event_id as lifecyc10_18_20_, networkser20_.notification as notifica3_18_20_, networkser20_.resource_reservation as resource4_18_20_, networkser20_.runtime_policy_info as runtime_5_18_20_, networkser20_.service_deployment_flavour_id as service11_18_20_, networkser20_.status as status6_18_20_, networkser20_.vendor as vendor7_18_20_, networkser20_.version as version8_18_20_, networkser20_.vnfr_id as vnfr_id12_18_20_, auto_scale21_.network_service_record_id as network_1_18_21_, autoscalep22_.id as auto_sca2_19_21_, autoscalep22_.id as id1_3_22_, autoscalep22_.version as version2_3_22_, connection23_.network_service_record_id as network_1_18_23_, connection24_.id as connecti2_20_23_, connection24_.id as id1_4_24_, connection24_.type as type2_4_24_, connection24_.version as version3_4_24_, connection24_.virtual_link_reference as virtual_1_82_24_, connection24_.clazz_ as clazz_24_, nfventityd25_.id as id1_27_25_, nfventityd25_.hb_version as hb_versi2_27_25_, nfventityd25_.vendor as vendor3_27_25_, nfventityd25_.version as version4_27_25_, nfventityd25_.descriptor_version as descript1_62_25_, nfventityd25_.manifest_file as manifest2_62_25_, nfventityd25_.nsd_security_id as nsd_secu1_14_25_, nfventityd25_.clazz_ as clazz_25_, lifecyclee26_.id as id1_10_26_, lifecyclee26_.version as version2_10_26_, lifecycle_27_.network_service_record_id as network_1_18_27_, lifecyclee28_.id as lifecycl2_21_27_, lifecyclee28_.id as id1_10_28_, lifecyclee28_.version as version2_10_28_, pnfr29_.network_service_record_id as network_1_18_29_, physicalne30_.id as pnfr_id2_23_29_, physicalne30_.id as id1_37_30_, physicalne30_.description as descript2_37_30_, physicalne30_.descriptor_reference_id as descript6_37_30_, physicalne30_.oam_reference as oam_refe3_37_30_, physicalne30_.parent_ns_id as parent_n7_37_30_, physicalne30_.vendor as vendor4_37_30_, physicalne30_.version as version5_37_30_, servicedep31_.id as id1_7_31_, servicedep31_.flavour_key as flavour_2_7_31_, servicedep31_.version as version3_7_31_, vlr32_.network_service_record_id as network_1_18_32_, virtuallin33_.id as vlr_id2_24_32_, virtuallin33_.id as id1_54_33_, virtuallin33_.connectivity_type as connecti2_54_33_, virtuallin33_.descriptor_reference as descript3_54_33_, virtuallin33_.leaf_requirement as leaf_req4_54_33_, virtuallin33_.number_of_enpoints as number_o5_54_33_, virtuallin33_.parent_ns as parent_n6_54_33_, virtuallin33_.root_requirement as root_req7_54_33_, virtuallin33_.status as status8_54_33_, virtuallin33_.test_access as test_acc9_54_33_, virtuallin33_.vendor as vendor10_54_33_, virtuallin33_.version as version11_54_33_, virtuallin33_.vim_id as vim_id12_54_33_, vnf_depend34_.network_service_record_id as network_1_18_34_, vnfdepende35_.id as vnf_depe2_25_34_, vnfdepende35_.id as id1_86_35_, vnfdepende35_.source_Id as source_I3_86_35_, vnfdepende35_.target_Id as target_I4_86_35_, vnfdepende35_.version as version2_86_35_, vnffgr36_.network_service_record_id as network_1_18_36_, vnfforward37_.id as vnffgr_i2_26_36_, vnfforward37_.id as id1_87_37_, vnfforward37_.descriptor_version as descript2_87_37_, vnfforward37_.hb_version as hb_versi3_87_37_, vnfforward37_.number_of_endpoints as number_o4_87_37_, vnfforward37_.number_of_virtual_links as number_o5_87_37_, vnfforward37_.vendor as vendor6_87_37_, vnfforward37_.version as version7_87_37_, vnfforward37_.vnffgd_security_id as vnffgd_s8_87_37_, virtualnet38_.id as id1_68_38_, virtualnet38_.audit_log as audit_lo2_68_38_, virtualnet38_.deployment_flavour_id as deployme9_68_38_, virtualnet38_.descriptor_reference as descript3_68_38_, virtualnet38_.lifecycle_event_id as lifecyc10_68_38_, virtualnet38_.localization as localiza4_68_38_, virtualnet38_.parent_ns_id as parent_11_68_38_, virtualnet38_.status as status5_68_38_, virtualnet38_.vendor as vendor6_68_38_, virtualnet38_.version as version7_68_38_, virtualnet38_.vnfm_id as vnfm_id8_68_38_, vdu39_.virtual_network_function_record_id as virtual_1_68_39_, virtualdep40_.id as vdu_id2_77_39_, virtualdep40_.id as id1_47_40_, virtualdep40_.computation_requirement as computat2_47_40_, virtualdep40_.high_availability as high_ava3_47_40_, virtualdep40_.scale_in_out as scale_in4_47_40_, virtualdep40_.vdu_constraint as vdu_cons5_47_40_, virtualdep40_.version as version6_47_40_, virtualdep40_.virtual_memory_resource_element as virtual_7_47_40_, virtualdep40_.virtual_network_bandwidth_resource as virtual_8_47_40_, monitoring41_.virtual_deployment_unit_id as virtual_1_47_41_, monitoring41_.monitoring_parameter as monitori2_49_41_, vm_image42_.virtual_deployment_unit_id as virtual_1_47_42_, vm_image42_.vm_image as vm_image2_50_42_, virtual_li43_.virtual_network_function_record_id as virtual_1_68_43_, internalvi44_.id as virtual_2_78_43_, internalvi44_.id as id1_0_44_, internalvi44_.connectivity_type as connecti2_0_44_, internalvi44_.leaf_requirement as leaf_req3_0_44_, internalvi44_.root_requirement as root_req4_0_44_, internalvi44_.version as version5_0_44_, connection45_.internal_virtual_link_id as internal1_0_45_, connection45_.connection_points_references as connecti2_9_45_ from virtual_network_function_record virtualnet0_ left outer join virtual_network_function_record_auto_scale_policy auto_scale1_ on virtualnet0_.id=auto_scale1_.virtual_network_function_record_id left outer join auto_scale_policy autoscalep2_ on auto_scale1_.auto_scale_policy_id=autoscalep2_.id left outer join virtual_network_function_record_connected_external_virtual_link connected_3_ on virtualnet0_.id=connected_3_.virtual_network_function_record_id left outer join virtual_link_record virtuallin4_ on connected_3_.connected_external_virtual_link_id=virtuallin4_.id left outer join virtual_link_record_lifecycle_event_history lifecycle_5_ on virtuallin4_.id=lifecycle_5_.virtual_link_record_id left outer join lifecycle_event lifecyclee6_ on lifecycle_5_.lifecycle_event_history_id=lifecyclee6_.id left outer join virtual_link_record_vnffgr_reference vnffgr_ref7_ on virtuallin4_.id=vnffgr_ref7_.virtual_link_record_id left outer join vnfforwarding_graph_record vnfforward8_ on vnffgr_ref7_.vnffgr_reference_id=vnfforward8_.id left outer join virtual_network_function_record_connection_point connection9_ on virtualnet0_.id=connection9_.virtual_network_function_record_id left outer join ( select id, type, version, null as virtual_link_reference, 0 as clazz_ from connection_point union select id, type, version, virtual_link_reference, 1 as clazz_ from vnfdconnection_point ) connection10_ on connection9_.connection_point_id=connection10_.id left outer join virtual_network_function_record_dependency dependency11_ on virtualnet0_.id=dependency11_.virtual_network_function_record_id left outer join vnfdependency vnfdepende12_ on dependency11_.dependency_id=vnfdepende12_.id left outer join virtual_network_function_descriptor virtualnet13_ on vnfdepende12_.source_Id=virtualnet13_.id left outer join virtual_network_function_descriptor virtualnet14_ on vnfdepende12_.target_Id=virtualnet14_.id left outer join vnfddeployment_flavour vnfddeploy15_ on virtualnet0_.deployment_flavour_id=vnfddeploy15_.id left outer join vnfddeployment_flavour_df_constraint df_constra16_ on vnfddeploy15_.id=df_constra16_.vnfddeployment_flavour_id left outer join lifecycle_event lifecyclee17_ on virtualnet0_.lifecycle_event_id=lifecyclee17_.id left outer join virtual_network_function_record_lifecycle_event_history lifecycle_18_ on virtualnet0_.id=lifecycle_18_.virtual_network_function_record_id left outer join lifecycle_event lifecyclee19_ on lifecycle_18_.lifecycle_event_history_id=lifecyclee19_.id left outer join network_service_record networkser20_ on virtualnet0_.parent_ns_id=networkser20_.id left outer join network_service_record_auto_scale_policy auto_scale21_ on networkser20_.id=auto_scale21_.network_service_record_id left outer join auto_scale_policy autoscalep22_ on auto_scale21_.auto_scale_policy_id=autoscalep22_.id left outer join network_service_record_connection_point connection23_ on networkser20_.id=connection23_.network_service_record_id left outer join ( select id, type, version, null as virtual_link_reference, 0 as clazz_ from connection_point union select id, type, version, virtual_link_reference, 1 as clazz_ from vnfdconnection_point ) connection24_ on connection23_.connection_point_id=connection24_.id left outer join ( select id, hb_version, vendor, version, descriptor_version, manifest_file, null as nsd_security_id, 1 as clazz_ from virtual_network_function_descriptor union select id, hb_version, vendor, version, null as descriptor_version, null as manifest_file, nsd_security_id, 2 as clazz_ from network_service_descriptor ) nfventityd25_ on networkser20_.descriptor_reference_Id=nfventityd25_.id left outer join lifecycle_event lifecyclee26_ on networkser20_.lifecycle_event_id=lifecyclee26_.id left outer join network_service_record_lifecycle_event_history lifecycle_27_ on networkser20_.id=lifecycle_27_.network_service_record_id left outer join lifecycle_event lifecyclee28_ on lifecycle_27_.lifecycle_event_history_id=lifecyclee28_.id left outer join network_service_record_pnfr pnfr29_ on networkser20_.id=pnfr29_.network_service_record_id left outer join physical_network_function_record physicalne30_ on pnfr29_.pnfr_id=physicalne30_.id left outer join service_deployment_flavour servicedep31_ on networkser20_.service_deployment_flavour_id=servicedep31_.id left outer join network_service_record_vlr vlr32_ on networkser20_.id=vlr32_.network_service_record_id left outer join virtual_link_record virtuallin33_ on vlr32_.vlr_id=virtuallin33_.id left outer join network_service_record_vnf_dependency vnf_depend34_ on networkser20_.id=vnf_depend34_.network_service_record_id left outer join vnfdependency vnfdepende35_ on vnf_depend34_.vnf_dependency_id=vnfdepende35_.id left outer join network_service_record_vnffgr vnffgr36_ on networkser20_.id=vnffgr36_.network_service_record_id left outer join vnfforwarding_graph vnfforward37_ on vnffgr36_.vnffgr_id=vnfforward37_.id left outer join virtual_network_function_record virtualnet38_ on networkser20_.vnfr_id=virtualnet38_.id left outer join virtual_network_function_record_vdu vdu39_ on virtualnet0_.id=vdu39_.virtual_network_function_record_id left outer join virtual_deployment_unit virtualdep40_ on vdu39_.vdu_id=virtualdep40_.id left outer join virtual_deployment_unit_monitoring_parameter monitoring41_ on virtualdep40_.id=monitoring41_.virtual_deployment_unit_id left outer join virtual_deployment_unit_vm_image vm_image42_ on virtualdep40_.id=vm_image42_.virtual_deployment_unit_id left outer join virtual_network_function_record_virtual_link virtual_li43_ on virtualnet0_.id=virtual_li43_.virtual_network_function_record_id left outer join internal_virtual_link internalvi44_ on virtual_li43_.virtual_link_id=internalvi44_.id left outer join internal_virtual_link_connection_points_references connection45_ on internalvi44_.id=connection45_.internal_virtual_link_id where virtualnet0_.id=?
13:23:06.981 [Test worker] DEBUG o.h.l.p.b.i.spaces.QuerySpacesImpl - Adding QuerySpace : uid = <gen:0> -> org.hibernate.loader.plan.build.internal.spaces.EntityQuerySpaceImpl@554401c0]
13:23:06.981 [Test worker] DEBUG o.h.p.w.spi.MetamodelGraphWalker - Visiting attribute path : audit_log
13:23:06.981 [Test worker] DEBUG o.h.p.w.spi.MetamodelGraphWalker - Visiting attribute path : auto_scale_policy
13:23:06.981 [Test worker] DEBUG o.h.l.p.b.i.spaces.QuerySpacesImpl - Adding QuerySpace : uid = <gen:1> -> org.hibernate.loader.plan.build.internal.spaces.CollectionQuerySpaceImpl@2f225aee]
13:23:06.981 [Test worker] DEBUG o.h.l.p.b.i.spaces.QuerySpacesImpl - Adding QuerySpace : uid = <gen:2> -> org.hibernate.loader.plan.build.internal.spaces.EntityQuerySpaceImpl@787fd76e]
13:23:06.981 [Test worker] DEBUG o.h.p.w.spi.MetamodelGraphWalker - Visiting attribute path : connected_external_virtual_link
13:23:06.981 [Test worker] DEBUG o.h.l.p.b.i.spaces.QuerySpacesImpl - Adding QuerySpace : uid = <gen:3> -> org.hibernate.loader.plan.build.internal.spaces.CollectionQuerySpaceImpl@1118b490]
13:23:06.981 [Test worker] DEBUG o.h.l.p.b.i.spaces.QuerySpacesImpl - Adding QuerySpace : uid = <gen:4> -> org.hibernate.loader.plan.build.internal.spaces.EntityQuerySpaceImpl@6cf662b4]
13:23:06.982 [Test worker] DEBUG o.h.p.w.spi.MetamodelGraphWalker - Visiting attribute path : connection_point
13:23:06.982 [Test worker] DEBUG o.h.l.p.b.i.spaces.QuerySpacesImpl - Adding QuerySpace : uid = <gen:5> -> org.hibernate.loader.plan.build.internal.spaces.CollectionQuerySpaceImpl@23ca4f4f]
13:23:06.982 [Test worker] DEBUG o.h.l.p.b.i.spaces.QuerySpacesImpl - Adding QuerySpace : uid = <gen:6> -> org.hibernate.loader.plan.build.internal.spaces.EntityQuerySpaceImpl@371cdde4]
13:23:06.982 [Test worker] DEBUG o.h.p.w.spi.MetamodelGraphWalker - Visiting attribute path : dependency
13:23:06.982 [Test worker] DEBUG o.h.l.p.b.i.spaces.QuerySpacesImpl - Adding QuerySpace : uid = <gen:7> -> org.hibernate.loader.plan.build.internal.spaces.CollectionQuerySpaceImpl@482bc000]
13:23:06.982 [Test worker] DEBUG o.h.l.p.b.i.spaces.QuerySpacesImpl - Adding QuerySpace : uid = <gen:8> -> org.hibernate.loader.plan.build.internal.spaces.EntityQuerySpaceImpl@304a6504]
13:23:06.982 [Test worker] DEBUG o.h.p.w.spi.MetamodelGraphWalker - Visiting attribute path : deployment_flavour
13:23:06.982 [Test worker] DEBUG o.h.l.p.b.i.spaces.QuerySpacesImpl - Adding QuerySpace : uid = <gen:9> -> org.hibernate.loader.plan.build.internal.spaces.EntityQuerySpaceImpl@642e0260]
13:23:06.982 [Test worker] DEBUG o.h.p.w.spi.MetamodelGraphWalker - Visiting attribute path : descriptor_reference
13:23:06.982 [Test worker] DEBUG o.h.p.w.spi.MetamodelGraphWalker - Visiting attribute path : lifecycle_event
13:23:06.982 [Test worker] DEBUG o.h.l.p.b.i.spaces.QuerySpacesImpl - Adding QuerySpace : uid = <gen:10> -> org.hibernate.loader.plan.build.internal.spaces.EntityQuerySpaceImpl@89e2002]
13:23:06.982 [Test worker] DEBUG o.h.p.w.spi.MetamodelGraphWalker - Visiting attribute path : lifecycle_event_history
13:23:06.982 [Test worker] DEBUG o.h.l.p.b.i.spaces.QuerySpacesImpl - Adding QuerySpace : uid = <gen:11> -> org.hibernate.loader.plan.build.internal.spaces.CollectionQuerySpaceImpl@454767b9]
13:23:06.982 [Test worker] DEBUG o.h.l.p.b.i.spaces.QuerySpacesImpl - Adding QuerySpace : uid = <gen:12> -> org.hibernate.loader.plan.build.internal.spaces.EntityQuerySpaceImpl@52eac637]
13:23:06.982 [Test worker] DEBUG o.h.p.w.spi.MetamodelGraphWalker - Visiting attribute path : localization
13:23:06.982 [Test worker] DEBUG o.h.p.w.spi.MetamodelGraphWalker - Visiting attribute path : monitoring_parameter
13:23:06.982 [Test worker] DEBUG o.h.p.w.spi.MetamodelGraphWalker - Visiting attribute path : notification
13:23:06.982 [Test worker] DEBUG o.h.p.w.spi.MetamodelGraphWalker - Visiting attribute path : parent_ns
13:23:06.982 [Test worker] DEBUG o.h.l.p.b.i.spaces.QuerySpacesImpl - Adding QuerySpace : uid = <gen:13> -> org.hibernate.loader.plan.build.internal.spaces.EntityQuerySpaceImpl@337b6f68]
13:23:06.982 [Test worker] DEBUG o.h.p.w.spi.MetamodelGraphWalker - Visiting attribute path : runtime_policy_info
13:23:06.982 [Test worker] DEBUG o.h.p.w.spi.MetamodelGraphWalker - Visiting attribute path : status
13:23:06.983 [Test worker] DEBUG o.h.p.w.spi.MetamodelGraphWalker - Visiting attribute path : vdu
13:23:06.983 [Test worker] DEBUG o.h.l.p.b.i.spaces.QuerySpacesImpl - Adding QuerySpace : uid = <gen:14> -> org.hibernate.loader.plan.build.internal.spaces.CollectionQuerySpaceImpl@6ccf2f3f]
13:23:06.983 [Test worker] DEBUG o.h.l.p.b.i.spaces.QuerySpacesImpl - Adding QuerySpace : uid = <gen:15> -> org.hibernate.loader.plan.build.internal.spaces.EntityQuerySpaceImpl@162708e8]
13:23:06.983 [Test worker] DEBUG o.h.p.w.spi.MetamodelGraphWalker - Visiting attribute path : vendor
13:23:06.983 [Test worker] DEBUG o.h.p.w.spi.MetamodelGraphWalker - Visiting attribute path : version
13:23:06.983 [Test worker] DEBUG o.h.p.w.spi.MetamodelGraphWalker - Visiting attribute path : virtual_link
13:23:06.983 [Test worker] DEBUG o.h.l.p.b.i.spaces.QuerySpacesImpl - Adding QuerySpace : uid = <gen:16> -> org.hibernate.loader.plan.build.internal.spaces.CollectionQuerySpaceImpl@5cb9c2b4]
13:23:06.983 [Test worker] DEBUG o.h.l.p.b.i.spaces.QuerySpacesImpl - Adding QuerySpace : uid = <gen:17> -> org.hibernate.loader.plan.build.internal.spaces.EntityQuerySpaceImpl@279de6fb]
13:23:06.983 [Test worker] DEBUG o.h.p.w.spi.MetamodelGraphWalker - Visiting attribute path : vnf_address
13:23:06.983 [Test worker] DEBUG o.h.p.w.spi.MetamodelGraphWalker - Visiting attribute path : vnfm_id
13:23:06.983 [Test worker] DEBUG o.h.l.p.b.i.FetchStyleLoadPlanBuildingAssociationVisitationStrategy - Building LoadPlan...
13:23:06.983 [Test worker] DEBUG o.h.l.p.e.i.LoadQueryJoinAndFetchProcessor - processing queryspace <gen:0>
13:23:06.984 [Test worker] DEBUG o.h.l.p.b.spi.LoadPlanTreePrinter - LoadPlan(entity=org.project.neutrino.nfvo.catalogue.mano.record.VirtualNetworkFunctionRecord)
    - Returns
       - EntityReturnImpl(entity=org.project.neutrino.nfvo.catalogue.mano.record.VirtualNetworkFunctionRecord, querySpaceUid=<gen:0>, path=org.project.neutrino.nfvo.catalogue.mano.record.VirtualNetworkFunctionRecord)
          - CollectionAttributeFetchImpl(collection=org.project.neutrino.nfvo.catalogue.mano.record.VirtualNetworkFunctionRecord.auto_scale_policy, querySpaceUid=<gen:1>, path=org.project.neutrino.nfvo.catalogue.mano.record.VirtualNetworkFunctionRecord.auto_scale_policy)
             - (collection element) CollectionFetchableElementEntityGraph(entity=org.project.neutrino.nfvo.catalogue.mano.common.AutoScalePolicy, querySpaceUid=<gen:2>, path=org.project.neutrino.nfvo.catalogue.mano.record.VirtualNetworkFunctionRecord.auto_scale_policy.<elements>)
          - CollectionAttributeFetchImpl(collection=org.project.neutrino.nfvo.catalogue.mano.record.VirtualNetworkFunctionRecord.connected_external_virtual_link, querySpaceUid=<gen:3>, path=org.project.neutrino.nfvo.catalogue.mano.record.VirtualNetworkFunctionRecord.connected_external_virtual_link)
             - (collection element) CollectionFetchableElementEntityGraph(entity=org.project.neutrino.nfvo.catalogue.mano.record.VirtualLinkRecord, querySpaceUid=<gen:4>, path=org.project.neutrino.nfvo.catalogue.mano.record.VirtualNetworkFunctionRecord.connected_external_virtual_link.<elements>)
          - CollectionAttributeFetchImpl(collection=org.project.neutrino.nfvo.catalogue.mano.record.VirtualNetworkFunctionRecord.connection_point, querySpaceUid=<gen:5>, path=org.project.neutrino.nfvo.catalogue.mano.record.VirtualNetworkFunctionRecord.connection_point)
             - (collection element) CollectionFetchableElementEntityGraph(entity=org.project.neutrino.nfvo.catalogue.mano.common.ConnectionPoint, querySpaceUid=<gen:6>, path=org.project.neutrino.nfvo.catalogue.mano.record.VirtualNetworkFunctionRecord.connection_point.<elements>)
          - CollectionAttributeFetchImpl(collection=org.project.neutrino.nfvo.catalogue.mano.record.VirtualNetworkFunctionRecord.dependency, querySpaceUid=<gen:7>, path=org.project.neutrino.nfvo.catalogue.mano.record.VirtualNetworkFunctionRecord.dependency)
             - (collection element) CollectionFetchableElementEntityGraph(entity=org.project.neutrino.nfvo.catalogue.mano.common.VNFDependency, querySpaceUid=<gen:8>, path=org.project.neutrino.nfvo.catalogue.mano.record.VirtualNetworkFunctionRecord.dependency.<elements>)
          - EntityAttributeFetchImpl(entity=org.project.neutrino.nfvo.catalogue.mano.descriptor.VNFDDeploymentFlavour, querySpaceUid=<gen:9>, path=org.project.neutrino.nfvo.catalogue.mano.record.VirtualNetworkFunctionRecord.deployment_flavour)
          - EntityAttributeFetchImpl(entity=org.project.neutrino.nfvo.catalogue.mano.common.LifecycleEvent, querySpaceUid=<gen:10>, path=org.project.neutrino.nfvo.catalogue.mano.record.VirtualNetworkFunctionRecord.lifecycle_event)
          - CollectionAttributeFetchImpl(collection=org.project.neutrino.nfvo.catalogue.mano.record.VirtualNetworkFunctionRecord.lifecycle_event_history, querySpaceUid=<gen:11>, path=org.project.neutrino.nfvo.catalogue.mano.record.VirtualNetworkFunctionRecord.lifecycle_event_history)
             - (collection element) CollectionFetchableElementEntityGraph(entity=org.project.neutrino.nfvo.catalogue.mano.common.LifecycleEvent, querySpaceUid=<gen:12>, path=org.project.neutrino.nfvo.catalogue.mano.record.VirtualNetworkFunctionRecord.lifecycle_event_history.<elements>)
          - EntityAttributeFetchImpl(entity=org.project.neutrino.nfvo.catalogue.mano.record.NetworkServiceRecord, querySpaceUid=<gen:13>, path=org.project.neutrino.nfvo.catalogue.mano.record.VirtualNetworkFunctionRecord.parent_ns)
          - CollectionAttributeFetchImpl(collection=org.project.neutrino.nfvo.catalogue.mano.record.VirtualNetworkFunctionRecord.vdu, querySpaceUid=<gen:14>, path=org.project.neutrino.nfvo.catalogue.mano.record.VirtualNetworkFunctionRecord.vdu)
             - (collection element) CollectionFetchableElementEntityGraph(entity=org.project.neutrino.nfvo.catalogue.mano.descriptor.VirtualDeploymentUnit, querySpaceUid=<gen:15>, path=org.project.neutrino.nfvo.catalogue.mano.record.VirtualNetworkFunctionRecord.vdu.<elements>)
          - CollectionAttributeFetchImpl(collection=org.project.neutrino.nfvo.catalogue.mano.record.VirtualNetworkFunctionRecord.virtual_link, querySpaceUid=<gen:16>, path=org.project.neutrino.nfvo.catalogue.mano.record.VirtualNetworkFunctionRecord.virtual_link)
             - (collection element) CollectionFetchableElementEntityGraph(entity=org.project.neutrino.nfvo.catalogue.mano.descriptor.InternalVirtualLink, querySpaceUid=<gen:17>, path=org.project.neutrino.nfvo.catalogue.mano.record.VirtualNetworkFunctionRecord.virtual_link.<elements>)
    - QuerySpaces
       - EntityQuerySpaceImpl(uid=<gen:0>, entity=org.project.neutrino.nfvo.catalogue.mano.record.VirtualNetworkFunctionRecord)
          - SQL table alias mapping - virtualnet0_
          - alias suffix - 0_
          - suffixed key columns - {id1_68_0_}

13:23:06.984 [Test worker] DEBUG o.h.loader.entity.plan.EntityLoader - Static select for entity org.project.neutrino.nfvo.catalogue.mano.record.VirtualNetworkFunctionRecord [UPGRADE]: select virtualnet0_.id as id1_68_0_, virtualnet0_.audit_log as audit_lo2_68_0_, virtualnet0_.deployment_flavour_id as deployme9_68_0_, virtualnet0_.descriptor_reference as descript3_68_0_, virtualnet0_.lifecycle_event_id as lifecyc10_68_0_, virtualnet0_.localization as localiza4_68_0_, virtualnet0_.parent_ns_id as parent_11_68_0_, virtualnet0_.status as status5_68_0_, virtualnet0_.vendor as vendor6_68_0_, virtualnet0_.version as version7_68_0_, virtualnet0_.vnfm_id as vnfm_id8_68_0_ from virtual_network_function_record virtualnet0_ where virtualnet0_.id=? for update
13:23:06.984 [Test worker] DEBUG o.h.l.p.b.i.spaces.QuerySpacesImpl - Adding QuerySpace : uid = <gen:0> -> org.hibernate.loader.plan.build.internal.spaces.EntityQuerySpaceImpl@6fa77d0e]
13:23:06.984 [Test worker] DEBUG o.h.p.w.spi.MetamodelGraphWalker - Visiting attribute path : audit_log
13:23:06.984 [Test worker] DEBUG o.h.p.w.spi.MetamodelGraphWalker - Visiting attribute path : auto_scale_policy
13:23:06.984 [Test worker] DEBUG o.h.l.p.b.i.spaces.QuerySpacesImpl - Adding QuerySpace : uid = <gen:1> -> org.hibernate.loader.plan.build.internal.spaces.CollectionQuerySpaceImpl@765b53f]
13:23:06.984 [Test worker] DEBUG o.h.l.p.b.i.spaces.QuerySpacesImpl - Adding QuerySpace : uid = <gen:2> -> org.hibernate.loader.plan.build.internal.spaces.EntityQuerySpaceImpl@265e3ee4]
13:23:06.984 [Test worker] DEBUG o.h.p.w.spi.MetamodelGraphWalker - Visiting attribute path : connected_external_virtual_link
13:23:06.984 [Test worker] DEBUG o.h.l.p.b.i.spaces.QuerySpacesImpl - Adding QuerySpace : uid = <gen:3> -> org.hibernate.loader.plan.build.internal.spaces.CollectionQuerySpaceImpl@7572fe69]
13:23:06.984 [Test worker] DEBUG o.h.l.p.b.i.spaces.QuerySpacesImpl - Adding QuerySpace : uid = <gen:4> -> org.hibernate.loader.plan.build.internal.spaces.EntityQuerySpaceImpl@509cdbbc]
13:23:06.984 [Test worker] DEBUG o.h.p.w.spi.MetamodelGraphWalker - Visiting attribute path : connection_point
13:23:06.985 [Test worker] DEBUG o.h.l.p.b.i.spaces.QuerySpacesImpl - Adding QuerySpace : uid = <gen:5> -> org.hibernate.loader.plan.build.internal.spaces.CollectionQuerySpaceImpl@6a1e3cfc]
13:23:06.985 [Test worker] DEBUG o.h.l.p.b.i.spaces.QuerySpacesImpl - Adding QuerySpace : uid = <gen:6> -> org.hibernate.loader.plan.build.internal.spaces.EntityQuerySpaceImpl@6735fad1]
13:23:06.985 [Test worker] DEBUG o.h.p.w.spi.MetamodelGraphWalker - Visiting attribute path : dependency
13:23:06.985 [Test worker] DEBUG o.h.l.p.b.i.spaces.QuerySpacesImpl - Adding QuerySpace : uid = <gen:7> -> org.hibernate.loader.plan.build.internal.spaces.CollectionQuerySpaceImpl@8e5e447]
13:23:06.985 [Test worker] DEBUG o.h.l.p.b.i.spaces.QuerySpacesImpl - Adding QuerySpace : uid = <gen:8> -> org.hibernate.loader.plan.build.internal.spaces.EntityQuerySpaceImpl@2cedf5e1]
13:23:06.985 [Test worker] DEBUG o.h.p.w.spi.MetamodelGraphWalker - Visiting attribute path : deployment_flavour
13:23:06.985 [Test worker] DEBUG o.h.l.p.b.i.spaces.QuerySpacesImpl - Adding QuerySpace : uid = <gen:9> -> org.hibernate.loader.plan.build.internal.spaces.EntityQuerySpaceImpl@3aa99dd2]
13:23:06.985 [Test worker] DEBUG o.h.p.w.spi.MetamodelGraphWalker - Visiting attribute path : descriptor_reference
13:23:06.985 [Test worker] DEBUG o.h.p.w.spi.MetamodelGraphWalker - Visiting attribute path : lifecycle_event
13:23:06.985 [Test worker] DEBUG o.h.l.p.b.i.spaces.QuerySpacesImpl - Adding QuerySpace : uid = <gen:10> -> org.hibernate.loader.plan.build.internal.spaces.EntityQuerySpaceImpl@55b86414]
13:23:06.985 [Test worker] DEBUG o.h.p.w.spi.MetamodelGraphWalker - Visiting attribute path : lifecycle_event_history
13:23:06.985 [Test worker] DEBUG o.h.l.p.b.i.spaces.QuerySpacesImpl - Adding QuerySpace : uid = <gen:11> -> org.hibernate.loader.plan.build.internal.spaces.CollectionQuerySpaceImpl@3cb28903]
13:23:06.985 [Test worker] DEBUG o.h.l.p.b.i.spaces.QuerySpacesImpl - Adding QuerySpace : uid = <gen:12> -> org.hibernate.loader.plan.build.internal.spaces.EntityQuerySpaceImpl@6d414316]
13:23:06.985 [Test worker] DEBUG o.h.p.w.spi.MetamodelGraphWalker - Visiting attribute path : localization
13:23:06.985 [Test worker] DEBUG o.h.p.w.spi.MetamodelGraphWalker - Visiting attribute path : monitoring_parameter
13:23:06.985 [Test worker] DEBUG o.h.p.w.spi.MetamodelGraphWalker - Visiting attribute path : notification
13:23:06.985 [Test worker] DEBUG o.h.p.w.spi.MetamodelGraphWalker - Visiting attribute path : parent_ns
13:23:06.985 [Test worker] DEBUG o.h.l.p.b.i.spaces.QuerySpacesImpl - Adding QuerySpace : uid = <gen:13> -> org.hibernate.loader.plan.build.internal.spaces.EntityQuerySpaceImpl@579b9163]
13:23:06.985 [Test worker] DEBUG o.h.p.w.spi.MetamodelGraphWalker - Visiting attribute path : runtime_policy_info
13:23:06.986 [Test worker] DEBUG o.h.p.w.spi.MetamodelGraphWalker - Visiting attribute path : status
13:23:06.986 [Test worker] DEBUG o.h.p.w.spi.MetamodelGraphWalker - Visiting attribute path : vdu
13:23:06.986 [Test worker] DEBUG o.h.l.p.b.i.spaces.QuerySpacesImpl - Adding QuerySpace : uid = <gen:14> -> org.hibernate.loader.plan.build.internal.spaces.CollectionQuerySpaceImpl@26662784]
13:23:06.986 [Test worker] DEBUG o.h.l.p.b.i.spaces.QuerySpacesImpl - Adding QuerySpace : uid = <gen:15> -> org.hibernate.loader.plan.build.internal.spaces.EntityQuerySpaceImpl@7cac5ecd]
13:23:06.986 [Test worker] DEBUG o.h.p.w.spi.MetamodelGraphWalker - Visiting attribute path : vendor
13:23:06.986 [Test worker] DEBUG o.h.p.w.spi.MetamodelGraphWalker - Visiting attribute path : version
13:23:06.986 [Test worker] DEBUG o.h.p.w.spi.MetamodelGraphWalker - Visiting attribute path : virtual_link
13:23:06.986 [Test worker] DEBUG o.h.l.p.b.i.spaces.QuerySpacesImpl - Adding QuerySpace : uid = <gen:16> -> org.hibernate.loader.plan.build.internal.spaces.CollectionQuerySpaceImpl@188424ad]
13:23:06.986 [Test worker] DEBUG o.h.l.p.b.i.spaces.QuerySpacesImpl - Adding QuerySpace : uid = <gen:17> -> org.hibernate.loader.plan.build.internal.spaces.EntityQuerySpaceImpl@b83e66e]
13:23:06.986 [Test worker] DEBUG o.h.p.w.spi.MetamodelGraphWalker - Visiting attribute path : vnf_address
13:23:06.986 [Test worker] DEBUG o.h.p.w.spi.MetamodelGraphWalker - Visiting attribute path : vnfm_id
13:23:06.986 [Test worker] DEBUG o.h.l.p.b.i.FetchStyleLoadPlanBuildingAssociationVisitationStrategy - Building LoadPlan...
13:23:06.986 [Test worker] DEBUG o.h.l.p.e.i.LoadQueryJoinAndFetchProcessor - processing queryspace <gen:0>
13:23:06.987 [Test worker] DEBUG o.h.l.p.b.spi.LoadPlanTreePrinter - LoadPlan(entity=org.project.neutrino.nfvo.catalogue.mano.record.VirtualNetworkFunctionRecord)
    - Returns
       - EntityReturnImpl(entity=org.project.neutrino.nfvo.catalogue.mano.record.VirtualNetworkFunctionRecord, querySpaceUid=<gen:0>, path=org.project.neutrino.nfvo.catalogue.mano.record.VirtualNetworkFunctionRecord)
          - CollectionAttributeFetchImpl(collection=org.project.neutrino.nfvo.catalogue.mano.record.VirtualNetworkFunctionRecord.auto_scale_policy, querySpaceUid=<gen:1>, path=org.project.neutrino.nfvo.catalogue.mano.record.VirtualNetworkFunctionRecord.auto_scale_policy)
             - (collection element) CollectionFetchableElementEntityGraph(entity=org.project.neutrino.nfvo.catalogue.mano.common.AutoScalePolicy, querySpaceUid=<gen:2>, path=org.project.neutrino.nfvo.catalogue.mano.record.VirtualNetworkFunctionRecord.auto_scale_policy.<elements>)
          - CollectionAttributeFetchImpl(collection=org.project.neutrino.nfvo.catalogue.mano.record.VirtualNetworkFunctionRecord.connected_external_virtual_link, querySpaceUid=<gen:3>, path=org.project.neutrino.nfvo.catalogue.mano.record.VirtualNetworkFunctionRecord.connected_external_virtual_link)
             - (collection element) CollectionFetchableElementEntityGraph(entity=org.project.neutrino.nfvo.catalogue.mano.record.VirtualLinkRecord, querySpaceUid=<gen:4>, path=org.project.neutrino.nfvo.catalogue.mano.record.VirtualNetworkFunctionRecord.connected_external_virtual_link.<elements>)
          - CollectionAttributeFetchImpl(collection=org.project.neutrino.nfvo.catalogue.mano.record.VirtualNetworkFunctionRecord.connection_point, querySpaceUid=<gen:5>, path=org.project.neutrino.nfvo.catalogue.mano.record.VirtualNetworkFunctionRecord.connection_point)
             - (collection element) CollectionFetchableElementEntityGraph(entity=org.project.neutrino.nfvo.catalogue.mano.common.ConnectionPoint, querySpaceUid=<gen:6>, path=org.project.neutrino.nfvo.catalogue.mano.record.VirtualNetworkFunctionRecord.connection_point.<elements>)
          - CollectionAttributeFetchImpl(collection=org.project.neutrino.nfvo.catalogue.mano.record.VirtualNetworkFunctionRecord.dependency, querySpaceUid=<gen:7>, path=org.project.neutrino.nfvo.catalogue.mano.record.VirtualNetworkFunctionRecord.dependency)
             - (collection element) CollectionFetchableElementEntityGraph(entity=org.project.neutrino.nfvo.catalogue.mano.common.VNFDependency, querySpaceUid=<gen:8>, path=org.project.neutrino.nfvo.catalogue.mano.record.VirtualNetworkFunctionRecord.dependency.<elements>)
          - EntityAttributeFetchImpl(entity=org.project.neutrino.nfvo.catalogue.mano.descriptor.VNFDDeploymentFlavour, querySpaceUid=<gen:9>, path=org.project.neutrino.nfvo.catalogue.mano.record.VirtualNetworkFunctionRecord.deployment_flavour)
          - EntityAttributeFetchImpl(entity=org.project.neutrino.nfvo.catalogue.mano.common.LifecycleEvent, querySpaceUid=<gen:10>, path=org.project.neutrino.nfvo.catalogue.mano.record.VirtualNetworkFunctionRecord.lifecycle_event)
          - CollectionAttributeFetchImpl(collection=org.project.neutrino.nfvo.catalogue.mano.record.VirtualNetworkFunctionRecord.lifecycle_event_history, querySpaceUid=<gen:11>, path=org.project.neutrino.nfvo.catalogue.mano.record.VirtualNetworkFunctionRecord.lifecycle_event_history)
             - (collection element) CollectionFetchableElementEntityGraph(entity=org.project.neutrino.nfvo.catalogue.mano.common.LifecycleEvent, querySpaceUid=<gen:12>, path=org.project.neutrino.nfvo.catalogue.mano.record.VirtualNetworkFunctionRecord.lifecycle_event_history.<elements>)
          - EntityAttributeFetchImpl(entity=org.project.neutrino.nfvo.catalogue.mano.record.NetworkServiceRecord, querySpaceUid=<gen:13>, path=org.project.neutrino.nfvo.catalogue.mano.record.VirtualNetworkFunctionRecord.parent_ns)
          - CollectionAttributeFetchImpl(collection=org.project.neutrino.nfvo.catalogue.mano.record.VirtualNetworkFunctionRecord.vdu, querySpaceUid=<gen:14>, path=org.project.neutrino.nfvo.catalogue.mano.record.VirtualNetworkFunctionRecord.vdu)
             - (collection element) CollectionFetchableElementEntityGraph(entity=org.project.neutrino.nfvo.catalogue.mano.descriptor.VirtualDeploymentUnit, querySpaceUid=<gen:15>, path=org.project.neutrino.nfvo.catalogue.mano.record.VirtualNetworkFunctionRecord.vdu.<elements>)
          - CollectionAttributeFetchImpl(collection=org.project.neutrino.nfvo.catalogue.mano.record.VirtualNetworkFunctionRecord.virtual_link, querySpaceUid=<gen:16>, path=org.project.neutrino.nfvo.catalogue.mano.record.VirtualNetworkFunctionRecord.virtual_link)
             - (collection element) CollectionFetchableElementEntityGraph(entity=org.project.neutrino.nfvo.catalogue.mano.descriptor.InternalVirtualLink, querySpaceUid=<gen:17>, path=org.project.neutrino.nfvo.catalogue.mano.record.VirtualNetworkFunctionRecord.virtual_link.<elements>)
    - QuerySpaces
       - EntityQuerySpaceImpl(uid=<gen:0>, entity=org.project.neutrino.nfvo.catalogue.mano.record.VirtualNetworkFunctionRecord)
          - SQL table alias mapping - virtualnet0_
          - alias suffix - 0_
          - suffixed key columns - {id1_68_0_}

13:23:06.987 [Test worker] DEBUG o.h.loader.entity.plan.EntityLoader - Static select for entity org.project.neutrino.nfvo.catalogue.mano.record.VirtualNetworkFunctionRecord [UPGRADE_NOWAIT]: select virtualnet0_.id as id1_68_0_, virtualnet0_.audit_log as audit_lo2_68_0_, virtualnet0_.deployment_flavour_id as deployme9_68_0_, virtualnet0_.descriptor_reference as descript3_68_0_, virtualnet0_.lifecycle_event_id as lifecyc10_68_0_, virtualnet0_.localization as localiza4_68_0_, virtualnet0_.parent_ns_id as parent_11_68_0_, virtualnet0_.status as status5_68_0_, virtualnet0_.vendor as vendor6_68_0_, virtualnet0_.version as version7_68_0_, virtualnet0_.vnfm_id as vnfm_id8_68_0_ from virtual_network_function_record virtualnet0_ where virtualnet0_.id=? for update
13:23:06.987 [Test worker] DEBUG o.h.l.p.b.i.spaces.QuerySpacesImpl - Adding QuerySpace : uid = <gen:0> -> org.hibernate.loader.plan.build.internal.spaces.EntityQuerySpaceImpl@8d45aa]
13:23:06.987 [Test worker] DEBUG o.h.p.w.spi.MetamodelGraphWalker - Visiting attribute path : audit_log
13:23:06.987 [Test worker] DEBUG o.h.p.w.spi.MetamodelGraphWalker - Visiting attribute path : auto_scale_policy
13:23:06.987 [Test worker] DEBUG o.h.l.p.b.i.spaces.QuerySpacesImpl - Adding QuerySpace : uid = <gen:1> -> org.hibernate.loader.plan.build.internal.spaces.CollectionQuerySpaceImpl@62f5ae30]
13:23:06.987 [Test worker] DEBUG o.h.l.p.b.i.spaces.QuerySpacesImpl - Adding QuerySpace : uid = <gen:2> -> org.hibernate.loader.plan.build.internal.spaces.EntityQuerySpaceImpl@6f7f0411]
13:23:06.987 [Test worker] DEBUG o.h.p.w.spi.MetamodelGraphWalker - Visiting attribute path : connected_external_virtual_link
13:23:06.987 [Test worker] DEBUG o.h.l.p.b.i.spaces.QuerySpacesImpl - Adding QuerySpace : uid = <gen:3> -> org.hibernate.loader.plan.build.internal.spaces.CollectionQuerySpaceImpl@7be43146]
13:23:06.987 [Test worker] DEBUG o.h.l.p.b.i.spaces.QuerySpacesImpl - Adding QuerySpace : uid = <gen:4> -> org.hibernate.loader.plan.build.internal.spaces.EntityQuerySpaceImpl@425f2a35]
13:23:06.987 [Test worker] DEBUG o.h.p.w.spi.MetamodelGraphWalker - Visiting attribute path : connection_point
13:23:06.987 [Test worker] DEBUG o.h.l.p.b.i.spaces.QuerySpacesImpl - Adding QuerySpace : uid = <gen:5> -> org.hibernate.loader.plan.build.internal.spaces.CollectionQuerySpaceImpl@75cc1f9d]
13:23:06.987 [Test worker] DEBUG o.h.l.p.b.i.spaces.QuerySpacesImpl - Adding QuerySpace : uid = <gen:6> -> org.hibernate.loader.plan.build.internal.spaces.EntityQuerySpaceImpl@2c2fb8d6]
13:23:06.987 [Test worker] DEBUG o.h.p.w.spi.MetamodelGraphWalker - Visiting attribute path : dependency
13:23:06.987 [Test worker] DEBUG o.h.l.p.b.i.spaces.QuerySpacesImpl - Adding QuerySpace : uid = <gen:7> -> org.hibernate.loader.plan.build.internal.spaces.CollectionQuerySpaceImpl@71100043]
13:23:06.987 [Test worker] DEBUG o.h.l.p.b.i.spaces.QuerySpacesImpl - Adding QuerySpace : uid = <gen:8> -> org.hibernate.loader.plan.build.internal.spaces.EntityQuerySpaceImpl@518168b2]
13:23:06.987 [Test worker] DEBUG o.h.p.w.spi.MetamodelGraphWalker - Visiting attribute path : deployment_flavour
13:23:06.987 [Test worker] DEBUG o.h.l.p.b.i.spaces.QuerySpacesImpl - Adding QuerySpace : uid = <gen:9> -> org.hibernate.loader.plan.build.internal.spaces.EntityQuerySpaceImpl@700a7ec]
13:23:06.988 [Test worker] DEBUG o.h.p.w.spi.MetamodelGraphWalker - Visiting attribute path : descriptor_reference
13:23:06.988 [Test worker] DEBUG o.h.p.w.spi.MetamodelGraphWalker - Visiting attribute path : lifecycle_event
13:23:06.988 [Test worker] DEBUG o.h.l.p.b.i.spaces.QuerySpacesImpl - Adding QuerySpace : uid = <gen:10> -> org.hibernate.loader.plan.build.internal.spaces.EntityQuerySpaceImpl@3c107a8b]
13:23:06.988 [Test worker] DEBUG o.h.p.w.spi.MetamodelGraphWalker - Visiting attribute path : lifecycle_event_history
13:23:06.988 [Test worker] DEBUG o.h.l.p.b.i.spaces.QuerySpacesImpl - Adding QuerySpace : uid = <gen:11> -> org.hibernate.loader.plan.build.internal.spaces.CollectionQuerySpaceImpl@5ddd5a7b]
13:23:06.988 [Test worker] DEBUG o.h.l.p.b.i.spaces.QuerySpacesImpl - Adding QuerySpace : uid = <gen:12> -> org.hibernate.loader.plan.build.internal.spaces.EntityQuerySpaceImpl@6f5f7161]
13:23:06.988 [Test worker] DEBUG o.h.p.w.spi.MetamodelGraphWalker - Visiting attribute path : localization
13:23:06.988 [Test worker] DEBUG o.h.p.w.spi.MetamodelGraphWalker - Visiting attribute path : monitoring_parameter
13:23:06.988 [Test worker] DEBUG o.h.p.w.spi.MetamodelGraphWalker - Visiting attribute path : notification
13:23:06.988 [Test worker] DEBUG o.h.p.w.spi.MetamodelGraphWalker - Visiting attribute path : parent_ns
13:23:06.988 [Test worker] DEBUG o.h.l.p.b.i.spaces.QuerySpacesImpl - Adding QuerySpace : uid = <gen:13> -> org.hibernate.loader.plan.build.internal.spaces.EntityQuerySpaceImpl@630cd066]
13:23:06.988 [Test worker] DEBUG o.h.p.w.spi.MetamodelGraphWalker - Visiting attribute path : runtime_policy_info
13:23:06.988 [Test worker] DEBUG o.h.p.w.spi.MetamodelGraphWalker - Visiting attribute path : status
13:23:06.988 [Test worker] DEBUG o.h.p.w.spi.MetamodelGraphWalker - Visiting attribute path : vdu
13:23:06.988 [Test worker] DEBUG o.h.l.p.b.i.spaces.QuerySpacesImpl - Adding QuerySpace : uid = <gen:14> -> org.hibernate.loader.plan.build.internal.spaces.CollectionQuerySpaceImpl@5e460b57]
13:23:06.988 [Test worker] DEBUG o.h.l.p.b.i.spaces.QuerySpacesImpl - Adding QuerySpace : uid = <gen:15> -> org.hibernate.loader.plan.build.internal.spaces.EntityQuerySpaceImpl@4892ad1b]
13:23:06.988 [Test worker] DEBUG o.h.p.w.spi.MetamodelGraphWalker - Visiting attribute path : vendor
13:23:06.988 [Test worker] DEBUG o.h.p.w.spi.MetamodelGraphWalker - Visiting attribute path : version
13:23:06.989 [Test worker] DEBUG o.h.p.w.spi.MetamodelGraphWalker - Visiting attribute path : virtual_link
13:23:06.989 [Test worker] DEBUG o.h.l.p.b.i.spaces.QuerySpacesImpl - Adding QuerySpace : uid = <gen:16> -> org.hibernate.loader.plan.build.internal.spaces.CollectionQuerySpaceImpl@15a2ecd6]
13:23:06.989 [Test worker] DEBUG o.h.l.p.b.i.spaces.QuerySpacesImpl - Adding QuerySpace : uid = <gen:17> -> org.hibernate.loader.plan.build.internal.spaces.EntityQuerySpaceImpl@7b6ae0b2]
13:23:06.989 [Test worker] DEBUG o.h.p.w.spi.MetamodelGraphWalker - Visiting attribute path : vnf_address
13:23:06.989 [Test worker] DEBUG o.h.p.w.spi.MetamodelGraphWalker - Visiting attribute path : vnfm_id
13:23:06.989 [Test worker] DEBUG o.h.l.p.b.i.FetchStyleLoadPlanBuildingAssociationVisitationStrategy - Building LoadPlan...
13:23:06.989 [Test worker] DEBUG o.h.l.p.e.i.LoadQueryJoinAndFetchProcessor - processing queryspace <gen:0>
13:23:06.989 [Test worker] DEBUG o.h.l.p.b.spi.LoadPlanTreePrinter - LoadPlan(entity=org.project.neutrino.nfvo.catalogue.mano.record.VirtualNetworkFunctionRecord)
    - Returns
       - EntityReturnImpl(entity=org.project.neutrino.nfvo.catalogue.mano.record.VirtualNetworkFunctionRecord, querySpaceUid=<gen:0>, path=org.project.neutrino.nfvo.catalogue.mano.record.VirtualNetworkFunctionRecord)
          - CollectionAttributeFetchImpl(collection=org.project.neutrino.nfvo.catalogue.mano.record.VirtualNetworkFunctionRecord.auto_scale_policy, querySpaceUid=<gen:1>, path=org.project.neutrino.nfvo.catalogue.mano.record.VirtualNetworkFunctionRecord.auto_scale_policy)
             - (collection element) CollectionFetchableElementEntityGraph(entity=org.project.neutrino.nfvo.catalogue.mano.common.AutoScalePolicy, querySpaceUid=<gen:2>, path=org.project.neutrino.nfvo.catalogue.mano.record.VirtualNetworkFunctionRecord.auto_scale_policy.<elements>)
          - CollectionAttributeFetchImpl(collection=org.project.neutrino.nfvo.catalogue.mano.record.VirtualNetworkFunctionRecord.connected_external_virtual_link, querySpaceUid=<gen:3>, path=org.project.neutrino.nfvo.catalogue.mano.record.VirtualNetworkFunctionRecord.connected_external_virtual_link)
             - (collection element) CollectionFetchableElementEntityGraph(entity=org.project.neutrino.nfvo.catalogue.mano.record.VirtualLinkRecord, querySpaceUid=<gen:4>, path=org.project.neutrino.nfvo.catalogue.mano.record.VirtualNetworkFunctionRecord.connected_external_virtual_link.<elements>)
          - CollectionAttributeFetchImpl(collection=org.project.neutrino.nfvo.catalogue.mano.record.VirtualNetworkFunctionRecord.connection_point, querySpaceUid=<gen:5>, path=org.project.neutrino.nfvo.catalogue.mano.record.VirtualNetworkFunctionRecord.connection_point)
             - (collection element) CollectionFetchableElementEntityGraph(entity=org.project.neutrino.nfvo.catalogue.mano.common.ConnectionPoint, querySpaceUid=<gen:6>, path=org.project.neutrino.nfvo.catalogue.mano.record.VirtualNetworkFunctionRecord.connection_point.<elements>)
          - CollectionAttributeFetchImpl(collection=org.project.neutrino.nfvo.catalogue.mano.record.VirtualNetworkFunctionRecord.dependency, querySpaceUid=<gen:7>, path=org.project.neutrino.nfvo.catalogue.mano.record.VirtualNetworkFunctionRecord.dependency)
             - (collection element) CollectionFetchableElementEntityGraph(entity=org.project.neutrino.nfvo.catalogue.mano.common.VNFDependency, querySpaceUid=<gen:8>, path=org.project.neutrino.nfvo.catalogue.mano.record.VirtualNetworkFunctionRecord.dependency.<elements>)
          - EntityAttributeFetchImpl(entity=org.project.neutrino.nfvo.catalogue.mano.descriptor.VNFDDeploymentFlavour, querySpaceUid=<gen:9>, path=org.project.neutrino.nfvo.catalogue.mano.record.VirtualNetworkFunctionRecord.deployment_flavour)
          - EntityAttributeFetchImpl(entity=org.project.neutrino.nfvo.catalogue.mano.common.LifecycleEvent, querySpaceUid=<gen:10>, path=org.project.neutrino.nfvo.catalogue.mano.record.VirtualNetworkFunctionRecord.lifecycle_event)
          - CollectionAttributeFetchImpl(collection=org.project.neutrino.nfvo.catalogue.mano.record.VirtualNetworkFunctionRecord.lifecycle_event_history, querySpaceUid=<gen:11>, path=org.project.neutrino.nfvo.catalogue.mano.record.VirtualNetworkFunctionRecord.lifecycle_event_history)
             - (collection element) CollectionFetchableElementEntityGraph(entity=org.project.neutrino.nfvo.catalogue.mano.common.LifecycleEvent, querySpaceUid=<gen:12>, path=org.project.neutrino.nfvo.catalogue.mano.record.VirtualNetworkFunctionRecord.lifecycle_event_history.<elements>)
          - EntityAttributeFetchImpl(entity=org.project.neutrino.nfvo.catalogue.mano.record.NetworkServiceRecord, querySpaceUid=<gen:13>, path=org.project.neutrino.nfvo.catalogue.mano.record.VirtualNetworkFunctionRecord.parent_ns)
          - CollectionAttributeFetchImpl(collection=org.project.neutrino.nfvo.catalogue.mano.record.VirtualNetworkFunctionRecord.vdu, querySpaceUid=<gen:14>, path=org.project.neutrino.nfvo.catalogue.mano.record.VirtualNetworkFunctionRecord.vdu)
             - (collection element) CollectionFetchableElementEntityGraph(entity=org.project.neutrino.nfvo.catalogue.mano.descriptor.VirtualDeploymentUnit, querySpaceUid=<gen:15>, path=org.project.neutrino.nfvo.catalogue.mano.record.VirtualNetworkFunctionRecord.vdu.<elements>)
          - CollectionAttributeFetchImpl(collection=org.project.neutrino.nfvo.catalogue.mano.record.VirtualNetworkFunctionRecord.virtual_link, querySpaceUid=<gen:16>, path=org.project.neutrino.nfvo.catalogue.mano.record.VirtualNetworkFunctionRecord.virtual_link)
             - (collection element) CollectionFetchableElementEntityGraph(entity=org.project.neutrino.nfvo.catalogue.mano.descriptor.InternalVirtualLink, querySpaceUid=<gen:17>, path=org.project.neutrino.nfvo.catalogue.mano.record.VirtualNetworkFunctionRecord.virtual_link.<elements>)
    - QuerySpaces
       - EntityQuerySpaceImpl(uid=<gen:0>, entity=org.project.neutrino.nfvo.catalogue.mano.record.VirtualNetworkFunctionRecord)
          - SQL table alias mapping - virtualnet0_
          - alias suffix - 0_
          - suffixed key columns - {id1_68_0_}

13:23:06.990 [Test worker] DEBUG o.h.loader.entity.plan.EntityLoader - Static select for entity org.project.neutrino.nfvo.catalogue.mano.record.VirtualNetworkFunctionRecord [UPGRADE_SKIPLOCKED]: select virtualnet0_.id as id1_68_0_, virtualnet0_.audit_log as audit_lo2_68_0_, virtualnet0_.deployment_flavour_id as deployme9_68_0_, virtualnet0_.descriptor_reference as descript3_68_0_, virtualnet0_.lifecycle_event_id as lifecyc10_68_0_, virtualnet0_.localization as localiza4_68_0_, virtualnet0_.parent_ns_id as parent_11_68_0_, virtualnet0_.status as status5_68_0_, virtualnet0_.vendor as vendor6_68_0_, virtualnet0_.version as version7_68_0_, virtualnet0_.vnfm_id as vnfm_id8_68_0_ from virtual_network_function_record virtualnet0_ where virtualnet0_.id=? for update
13:23:06.990 [Test worker] DEBUG o.h.l.p.b.i.spaces.QuerySpacesImpl - Adding QuerySpace : uid = <gen:0> -> org.hibernate.loader.plan.build.internal.spaces.EntityQuerySpaceImpl@25c6056b]
13:23:06.990 [Test worker] DEBUG o.h.p.w.spi.MetamodelGraphWalker - Visiting attribute path : audit_log
13:23:06.990 [Test worker] DEBUG o.h.p.w.spi.MetamodelGraphWalker - Visiting attribute path : auto_scale_policy
13:23:06.990 [Test worker] DEBUG o.h.l.p.b.i.spaces.QuerySpacesImpl - Adding QuerySpace : uid = <gen:1> -> org.hibernate.loader.plan.build.internal.spaces.CollectionQuerySpaceImpl@290f50de]
13:23:06.990 [Test worker] DEBUG o.h.l.p.b.i.spaces.QuerySpacesImpl - Adding QuerySpace : uid = <gen:2> -> org.hibernate.loader.plan.build.internal.spaces.EntityQuerySpaceImpl@2c8633e1]
13:23:06.990 [Test worker] DEBUG o.h.p.w.spi.MetamodelGraphWalker - Visiting attribute path : connected_external_virtual_link
13:23:06.990 [Test worker] DEBUG o.h.l.p.b.i.spaces.QuerySpacesImpl - Adding QuerySpace : uid = <gen:3> -> org.hibernate.loader.plan.build.internal.spaces.CollectionQuerySpaceImpl@1eb80f9d]
13:23:06.990 [Test worker] DEBUG o.h.l.p.b.i.spaces.QuerySpacesImpl - Adding QuerySpace : uid = <gen:4> -> org.hibernate.loader.plan.build.internal.spaces.EntityQuerySpaceImpl@46091c2c]
13:23:06.990 [Test worker] DEBUG o.h.p.w.spi.MetamodelGraphWalker - Visiting attribute path : connection_point
13:23:06.990 [Test worker] DEBUG o.h.l.p.b.i.spaces.QuerySpacesImpl - Adding QuerySpace : uid = <gen:5> -> org.hibernate.loader.plan.build.internal.spaces.CollectionQuerySpaceImpl@18b0a0]
13:23:06.990 [Test worker] DEBUG o.h.l.p.b.i.spaces.QuerySpacesImpl - Adding QuerySpace : uid = <gen:6> -> org.hibernate.loader.plan.build.internal.spaces.EntityQuerySpaceImpl@54f3d86c]
13:23:06.990 [Test worker] DEBUG o.h.p.w.spi.MetamodelGraphWalker - Visiting attribute path : dependency
13:23:06.990 [Test worker] DEBUG o.h.l.p.b.i.spaces.QuerySpacesImpl - Adding QuerySpace : uid = <gen:7> -> org.hibernate.loader.plan.build.internal.spaces.CollectionQuerySpaceImpl@5505c606]
13:23:06.991 [Test worker] DEBUG o.h.l.p.b.i.spaces.QuerySpacesImpl - Adding QuerySpace : uid = <gen:8> -> org.hibernate.loader.plan.build.internal.spaces.EntityQuerySpaceImpl@6e0bdf85]
13:23:06.991 [Test worker] DEBUG o.h.p.w.spi.MetamodelGraphWalker - Visiting attribute path : deployment_flavour
13:23:06.991 [Test worker] DEBUG o.h.l.p.b.i.spaces.QuerySpacesImpl - Adding QuerySpace : uid = <gen:9> -> org.hibernate.loader.plan.build.internal.spaces.EntityQuerySpaceImpl@4d7fcd34]
13:23:06.991 [Test worker] DEBUG o.h.p.w.spi.MetamodelGraphWalker - Visiting attribute path : descriptor_reference
13:23:06.991 [Test worker] DEBUG o.h.p.w.spi.MetamodelGraphWalker - Visiting attribute path : lifecycle_event
13:23:06.991 [Test worker] DEBUG o.h.l.p.b.i.spaces.QuerySpacesImpl - Adding QuerySpace : uid = <gen:10> -> org.hibernate.loader.plan.build.internal.spaces.EntityQuerySpaceImpl@17938ac]
13:23:06.991 [Test worker] DEBUG o.h.p.w.spi.MetamodelGraphWalker - Visiting attribute path : lifecycle_event_history
13:23:06.991 [Test worker] DEBUG o.h.l.p.b.i.spaces.QuerySpacesImpl - Adding QuerySpace : uid = <gen:11> -> org.hibernate.loader.plan.build.internal.spaces.CollectionQuerySpaceImpl@3d77a4f5]
13:23:06.991 [Test worker] DEBUG o.h.l.p.b.i.spaces.QuerySpacesImpl - Adding QuerySpace : uid = <gen:12> -> org.hibernate.loader.plan.build.internal.spaces.EntityQuerySpaceImpl@79eef059]
13:23:06.991 [Test worker] DEBUG o.h.p.w.spi.MetamodelGraphWalker - Visiting attribute path : localization
13:23:06.991 [Test worker] DEBUG o.h.p.w.spi.MetamodelGraphWalker - Visiting attribute path : monitoring_parameter
13:23:06.991 [Test worker] DEBUG o.h.p.w.spi.MetamodelGraphWalker - Visiting attribute path : notification
13:23:06.991 [Test worker] DEBUG o.h.p.w.spi.MetamodelGraphWalker - Visiting attribute path : parent_ns
13:23:06.991 [Test worker] DEBUG o.h.l.p.b.i.spaces.QuerySpacesImpl - Adding QuerySpace : uid = <gen:13> -> org.hibernate.loader.plan.build.internal.spaces.EntityQuerySpaceImpl@35e5a199]
13:23:06.991 [Test worker] DEBUG o.h.p.w.spi.MetamodelGraphWalker - Visiting attribute path : runtime_policy_info
13:23:06.991 [Test worker] DEBUG o.h.p.w.spi.MetamodelGraphWalker - Visiting attribute path : status
13:23:06.991 [Test worker] DEBUG o.h.p.w.spi.MetamodelGraphWalker - Visiting attribute path : vdu
13:23:06.991 [Test worker] DEBUG o.h.l.p.b.i.spaces.QuerySpacesImpl - Adding QuerySpace : uid = <gen:14> -> org.hibernate.loader.plan.build.internal.spaces.CollectionQuerySpaceImpl@76d45f73]
13:23:06.991 [Test worker] DEBUG o.h.l.p.b.i.spaces.QuerySpacesImpl - Adding QuerySpace : uid = <gen:15> -> org.hibernate.loader.plan.build.internal.spaces.EntityQuerySpaceImpl@70c6b3f7]
13:23:06.992 [Test worker] DEBUG o.h.p.w.spi.MetamodelGraphWalker - Visiting attribute path : vendor
13:23:06.992 [Test worker] DEBUG o.h.p.w.spi.MetamodelGraphWalker - Visiting attribute path : version
13:23:06.992 [Test worker] DEBUG o.h.p.w.spi.MetamodelGraphWalker - Visiting attribute path : virtual_link
13:23:06.992 [Test worker] DEBUG o.h.l.p.b.i.spaces.QuerySpacesImpl - Adding QuerySpace : uid = <gen:16> -> org.hibernate.loader.plan.build.internal.spaces.CollectionQuerySpaceImpl@55156f9]
13:23:06.992 [Test worker] DEBUG o.h.l.p.b.i.spaces.QuerySpacesImpl - Adding QuerySpace : uid = <gen:17> -> org.hibernate.loader.plan.build.internal.spaces.EntityQuerySpaceImpl@1f24f829]
13:23:06.992 [Test worker] DEBUG o.h.p.w.spi.MetamodelGraphWalker - Visiting attribute path : vnf_address
13:23:06.992 [Test worker] DEBUG o.h.p.w.spi.MetamodelGraphWalker - Visiting attribute path : vnfm_id
13:23:06.992 [Test worker] DEBUG o.h.l.p.b.i.FetchStyleLoadPlanBuildingAssociationVisitationStrategy - Building LoadPlan...
13:23:06.992 [Test worker] DEBUG o.h.l.p.e.i.LoadQueryJoinAndFetchProcessor - processing queryspace <gen:0>
13:23:06.992 [Test worker] DEBUG o.h.l.p.b.spi.LoadPlanTreePrinter - LoadPlan(entity=org.project.neutrino.nfvo.catalogue.mano.record.VirtualNetworkFunctionRecord)
    - Returns
       - EntityReturnImpl(entity=org.project.neutrino.nfvo.catalogue.mano.record.VirtualNetworkFunctionRecord, querySpaceUid=<gen:0>, path=org.project.neutrino.nfvo.catalogue.mano.record.VirtualNetworkFunctionRecord)
          - CollectionAttributeFetchImpl(collection=org.project.neutrino.nfvo.catalogue.mano.record.VirtualNetworkFunctionRecord.auto_scale_policy, querySpaceUid=<gen:1>, path=org.project.neutrino.nfvo.catalogue.mano.record.VirtualNetworkFunctionRecord.auto_scale_policy)
             - (collection element) CollectionFetchableElementEntityGraph(entity=org.project.neutrino.nfvo.catalogue.mano.common.AutoScalePolicy, querySpaceUid=<gen:2>, path=org.project.neutrino.nfvo.catalogue.mano.record.VirtualNetworkFunctionRecord.auto_scale_policy.<elements>)
          - CollectionAttributeFetchImpl(collection=org.project.neutrino.nfvo.catalogue.mano.record.VirtualNetworkFunctionRecord.connected_external_virtual_link, querySpaceUid=<gen:3>, path=org.project.neutrino.nfvo.catalogue.mano.record.VirtualNetworkFunctionRecord.connected_external_virtual_link)
             - (collection element) CollectionFetchableElementEntityGraph(entity=org.project.neutrino.nfvo.catalogue.mano.record.VirtualLinkRecord, querySpaceUid=<gen:4>, path=org.project.neutrino.nfvo.catalogue.mano.record.VirtualNetworkFunctionRecord.connected_external_virtual_link.<elements>)
          - CollectionAttributeFetchImpl(collection=org.project.neutrino.nfvo.catalogue.mano.record.VirtualNetworkFunctionRecord.connection_point, querySpaceUid=<gen:5>, path=org.project.neutrino.nfvo.catalogue.mano.record.VirtualNetworkFunctionRecord.connection_point)
             - (collection element) CollectionFetchableElementEntityGraph(entity=org.project.neutrino.nfvo.catalogue.mano.common.ConnectionPoint, querySpaceUid=<gen:6>, path=org.project.neutrino.nfvo.catalogue.mano.record.VirtualNetworkFunctionRecord.connection_point.<elements>)
          - CollectionAttributeFetchImpl(collection=org.project.neutrino.nfvo.catalogue.mano.record.VirtualNetworkFunctionRecord.dependency, querySpaceUid=<gen:7>, path=org.project.neutrino.nfvo.catalogue.mano.record.VirtualNetworkFunctionRecord.dependency)
             - (collection element) CollectionFetchableElementEntityGraph(entity=org.project.neutrino.nfvo.catalogue.mano.common.VNFDependency, querySpaceUid=<gen:8>, path=org.project.neutrino.nfvo.catalogue.mano.record.VirtualNetworkFunctionRecord.dependency.<elements>)
          - EntityAttributeFetchImpl(entity=org.project.neutrino.nfvo.catalogue.mano.descriptor.VNFDDeploymentFlavour, querySpaceUid=<gen:9>, path=org.project.neutrino.nfvo.catalogue.mano.record.VirtualNetworkFunctionRecord.deployment_flavour)
          - EntityAttributeFetchImpl(entity=org.project.neutrino.nfvo.catalogue.mano.common.LifecycleEvent, querySpaceUid=<gen:10>, path=org.project.neutrino.nfvo.catalogue.mano.record.VirtualNetworkFunctionRecord.lifecycle_event)
          - CollectionAttributeFetchImpl(collection=org.project.neutrino.nfvo.catalogue.mano.record.VirtualNetworkFunctionRecord.lifecycle_event_history, querySpaceUid=<gen:11>, path=org.project.neutrino.nfvo.catalogue.mano.record.VirtualNetworkFunctionRecord.lifecycle_event_history)
             - (collection element) CollectionFetchableElementEntityGraph(entity=org.project.neutrino.nfvo.catalogue.mano.common.LifecycleEvent, querySpaceUid=<gen:12>, path=org.project.neutrino.nfvo.catalogue.mano.record.VirtualNetworkFunctionRecord.lifecycle_event_history.<elements>)
          - EntityAttributeFetchImpl(entity=org.project.neutrino.nfvo.catalogue.mano.record.NetworkServiceRecord, querySpaceUid=<gen:13>, path=org.project.neutrino.nfvo.catalogue.mano.record.VirtualNetworkFunctionRecord.parent_ns)
          - CollectionAttributeFetchImpl(collection=org.project.neutrino.nfvo.catalogue.mano.record.VirtualNetworkFunctionRecord.vdu, querySpaceUid=<gen:14>, path=org.project.neutrino.nfvo.catalogue.mano.record.VirtualNetworkFunctionRecord.vdu)
             - (collection element) CollectionFetchableElementEntityGraph(entity=org.project.neutrino.nfvo.catalogue.mano.descriptor.VirtualDeploymentUnit, querySpaceUid=<gen:15>, path=org.project.neutrino.nfvo.catalogue.mano.record.VirtualNetworkFunctionRecord.vdu.<elements>)
          - CollectionAttributeFetchImpl(collection=org.project.neutrino.nfvo.catalogue.mano.record.VirtualNetworkFunctionRecord.virtual_link, querySpaceUid=<gen:16>, path=org.project.neutrino.nfvo.catalogue.mano.record.VirtualNetworkFunctionRecord.virtual_link)
             - (collection element) CollectionFetchableElementEntityGraph(entity=org.project.neutrino.nfvo.catalogue.mano.descriptor.InternalVirtualLink, querySpaceUid=<gen:17>, path=org.project.neutrino.nfvo.catalogue.mano.record.VirtualNetworkFunctionRecord.virtual_link.<elements>)
    - QuerySpaces
       - EntityQuerySpaceImpl(uid=<gen:0>, entity=org.project.neutrino.nfvo.catalogue.mano.record.VirtualNetworkFunctionRecord)
          - SQL table alias mapping - virtualnet0_
          - alias suffix - 0_
          - suffixed key columns - {id1_68_0_}

13:23:06.993 [Test worker] DEBUG o.h.loader.entity.plan.EntityLoader - Static select for entity org.project.neutrino.nfvo.catalogue.mano.record.VirtualNetworkFunctionRecord [FORCE]: select virtualnet0_.id as id1_68_0_, virtualnet0_.audit_log as audit_lo2_68_0_, virtualnet0_.deployment_flavour_id as deployme9_68_0_, virtualnet0_.descriptor_reference as descript3_68_0_, virtualnet0_.lifecycle_event_id as lifecyc10_68_0_, virtualnet0_.localization as localiza4_68_0_, virtualnet0_.parent_ns_id as parent_11_68_0_, virtualnet0_.status as status5_68_0_, virtualnet0_.vendor as vendor6_68_0_, virtualnet0_.version as version7_68_0_, virtualnet0_.vnfm_id as vnfm_id8_68_0_ from virtual_network_function_record virtualnet0_ where virtualnet0_.id=? for update
13:23:06.993 [Test worker] DEBUG o.h.l.p.b.i.spaces.QuerySpacesImpl - Adding QuerySpace : uid = <gen:0> -> org.hibernate.loader.plan.build.internal.spaces.EntityQuerySpaceImpl@34205bb8]
13:23:06.993 [Test worker] DEBUG o.h.p.w.spi.MetamodelGraphWalker - Visiting attribute path : audit_log
13:23:06.993 [Test worker] DEBUG o.h.p.w.spi.MetamodelGraphWalker - Visiting attribute path : auto_scale_policy
13:23:06.993 [Test worker] DEBUG o.h.l.p.b.i.spaces.QuerySpacesImpl - Adding QuerySpace : uid = <gen:1> -> org.hibernate.loader.plan.build.internal.spaces.CollectionQuerySpaceImpl@19e951c9]
13:23:06.993 [Test worker] DEBUG o.h.l.p.b.i.spaces.QuerySpacesImpl - Adding QuerySpace : uid = <gen:2> -> org.hibernate.loader.plan.build.internal.spaces.EntityQuerySpaceImpl@24f87069]
13:23:06.993 [Test worker] DEBUG o.h.p.w.spi.MetamodelGraphWalker - Visiting attribute path : connected_external_virtual_link
13:23:06.993 [Test worker] DEBUG o.h.l.p.b.i.spaces.QuerySpacesImpl - Adding QuerySpace : uid = <gen:3> -> org.hibernate.loader.plan.build.internal.spaces.CollectionQuerySpaceImpl@329c1075]
13:23:06.993 [Test worker] DEBUG o.h.l.p.b.i.spaces.QuerySpacesImpl - Adding QuerySpace : uid = <gen:4> -> org.hibernate.loader.plan.build.internal.spaces.EntityQuerySpaceImpl@23fc8b48]
13:23:06.993 [Test worker] DEBUG o.h.p.w.spi.MetamodelGraphWalker - Visiting attribute path : connection_point
13:23:06.993 [Test worker] DEBUG o.h.l.p.b.i.spaces.QuerySpacesImpl - Adding QuerySpace : uid = <gen:5> -> org.hibernate.loader.plan.build.internal.spaces.CollectionQuerySpaceImpl@191c366d]
13:23:06.993 [Test worker] DEBUG o.h.l.p.b.i.spaces.QuerySpacesImpl - Adding QuerySpace : uid = <gen:6> -> org.hibernate.loader.plan.build.internal.spaces.EntityQuerySpaceImpl@b393afc]
13:23:06.993 [Test worker] DEBUG o.h.p.w.spi.MetamodelGraphWalker - Visiting attribute path : dependency
13:23:06.993 [Test worker] DEBUG o.h.l.p.b.i.spaces.QuerySpacesImpl - Adding QuerySpace : uid = <gen:7> -> org.hibernate.loader.plan.build.internal.spaces.CollectionQuerySpaceImpl@5a4f7c25]
13:23:06.993 [Test worker] DEBUG o.h.l.p.b.i.spaces.QuerySpacesImpl - Adding QuerySpace : uid = <gen:8> -> org.hibernate.loader.plan.build.internal.spaces.EntityQuerySpaceImpl@185f8f75]
13:23:06.993 [Test worker] DEBUG o.h.p.w.spi.MetamodelGraphWalker - Visiting attribute path : deployment_flavour
13:23:06.994 [Test worker] DEBUG o.h.l.p.b.i.spaces.QuerySpacesImpl - Adding QuerySpace : uid = <gen:9> -> org.hibernate.loader.plan.build.internal.spaces.EntityQuerySpaceImpl@29c356d3]
13:23:06.994 [Test worker] DEBUG o.h.p.w.spi.MetamodelGraphWalker - Visiting attribute path : descriptor_reference
13:23:06.994 [Test worker] DEBUG o.h.p.w.spi.MetamodelGraphWalker - Visiting attribute path : lifecycle_event
13:23:06.994 [Test worker] DEBUG o.h.l.p.b.i.spaces.QuerySpacesImpl - Adding QuerySpace : uid = <gen:10> -> org.hibernate.loader.plan.build.internal.spaces.EntityQuerySpaceImpl@57794c10]
13:23:06.994 [Test worker] DEBUG o.h.p.w.spi.MetamodelGraphWalker - Visiting attribute path : lifecycle_event_history
13:23:06.994 [Test worker] DEBUG o.h.l.p.b.i.spaces.QuerySpacesImpl - Adding QuerySpace : uid = <gen:11> -> org.hibernate.loader.plan.build.internal.spaces.CollectionQuerySpaceImpl@5c70db4d]
13:23:06.994 [Test worker] DEBUG o.h.l.p.b.i.spaces.QuerySpacesImpl - Adding QuerySpace : uid = <gen:12> -> org.hibernate.loader.plan.build.internal.spaces.EntityQuerySpaceImpl@754dcba4]
13:23:06.994 [Test worker] DEBUG o.h.p.w.spi.MetamodelGraphWalker - Visiting attribute path : localization
13:23:06.994 [Test worker] DEBUG o.h.p.w.spi.MetamodelGraphWalker - Visiting attribute path : monitoring_parameter
13:23:06.994 [Test worker] DEBUG o.h.p.w.spi.MetamodelGraphWalker - Visiting attribute path : notification
13:23:06.994 [Test worker] DEBUG o.h.p.w.spi.MetamodelGraphWalker - Visiting attribute path : parent_ns
13:23:06.994 [Test worker] DEBUG o.h.l.p.b.i.spaces.QuerySpacesImpl - Adding QuerySpace : uid = <gen:13> -> org.hibernate.loader.plan.build.internal.spaces.EntityQuerySpaceImpl@4674b826]
13:23:06.994 [Test worker] DEBUG o.h.p.w.spi.MetamodelGraphWalker - Visiting attribute path : runtime_policy_info
13:23:06.994 [Test worker] DEBUG o.h.p.w.spi.MetamodelGraphWalker - Visiting attribute path : status
13:23:06.994 [Test worker] DEBUG o.h.p.w.spi.MetamodelGraphWalker - Visiting attribute path : vdu
13:23:06.994 [Test worker] DEBUG o.h.l.p.b.i.spaces.QuerySpacesImpl - Adding QuerySpace : uid = <gen:14> -> org.hibernate.loader.plan.build.internal.spaces.CollectionQuerySpaceImpl@18e5eaed]
13:23:06.994 [Test worker] DEBUG o.h.l.p.b.i.spaces.QuerySpacesImpl - Adding QuerySpace : uid = <gen:15> -> org.hibernate.loader.plan.build.internal.spaces.EntityQuerySpaceImpl@1ea27a60]
13:23:06.994 [Test worker] DEBUG o.h.p.w.spi.MetamodelGraphWalker - Visiting attribute path : vendor
13:23:06.994 [Test worker] DEBUG o.h.p.w.spi.MetamodelGraphWalker - Visiting attribute path : version
13:23:06.995 [Test worker] DEBUG o.h.p.w.spi.MetamodelGraphWalker - Visiting attribute path : virtual_link
13:23:06.995 [Test worker] DEBUG o.h.l.p.b.i.spaces.QuerySpacesImpl - Adding QuerySpace : uid = <gen:16> -> org.hibernate.loader.plan.build.internal.spaces.CollectionQuerySpaceImpl@3d104456]
13:23:06.995 [Test worker] DEBUG o.h.l.p.b.i.spaces.QuerySpacesImpl - Adding QuerySpace : uid = <gen:17> -> org.hibernate.loader.plan.build.internal.spaces.EntityQuerySpaceImpl@76f6896b]
13:23:06.995 [Test worker] DEBUG o.h.p.w.spi.MetamodelGraphWalker - Visiting attribute path : vnf_address
13:23:06.995 [Test worker] DEBUG o.h.p.w.spi.MetamodelGraphWalker - Visiting attribute path : vnfm_id
13:23:06.995 [Test worker] DEBUG o.h.l.p.b.i.FetchStyleLoadPlanBuildingAssociationVisitationStrategy - Building LoadPlan...
13:23:06.995 [Test worker] DEBUG o.h.l.p.e.i.LoadQueryJoinAndFetchProcessor - processing queryspace <gen:0>
13:23:06.995 [Test worker] DEBUG o.h.l.p.b.spi.LoadPlanTreePrinter - LoadPlan(entity=org.project.neutrino.nfvo.catalogue.mano.record.VirtualNetworkFunctionRecord)
    - Returns
       - EntityReturnImpl(entity=org.project.neutrino.nfvo.catalogue.mano.record.VirtualNetworkFunctionRecord, querySpaceUid=<gen:0>, path=org.project.neutrino.nfvo.catalogue.mano.record.VirtualNetworkFunctionRecord)
          - CollectionAttributeFetchImpl(collection=org.project.neutrino.nfvo.catalogue.mano.record.VirtualNetworkFunctionRecord.auto_scale_policy, querySpaceUid=<gen:1>, path=org.project.neutrino.nfvo.catalogue.mano.record.VirtualNetworkFunctionRecord.auto_scale_policy)
             - (collection element) CollectionFetchableElementEntityGraph(entity=org.project.neutrino.nfvo.catalogue.mano.common.AutoScalePolicy, querySpaceUid=<gen:2>, path=org.project.neutrino.nfvo.catalogue.mano.record.VirtualNetworkFunctionRecord.auto_scale_policy.<elements>)
          - CollectionAttributeFetchImpl(collection=org.project.neutrino.nfvo.catalogue.mano.record.VirtualNetworkFunctionRecord.connected_external_virtual_link, querySpaceUid=<gen:3>, path=org.project.neutrino.nfvo.catalogue.mano.record.VirtualNetworkFunctionRecord.connected_external_virtual_link)
             - (collection element) CollectionFetchableElementEntityGraph(entity=org.project.neutrino.nfvo.catalogue.mano.record.VirtualLinkRecord, querySpaceUid=<gen:4>, path=org.project.neutrino.nfvo.catalogue.mano.record.VirtualNetworkFunctionRecord.connected_external_virtual_link.<elements>)
          - CollectionAttributeFetchImpl(collection=org.project.neutrino.nfvo.catalogue.mano.record.VirtualNetworkFunctionRecord.connection_point, querySpaceUid=<gen:5>, path=org.project.neutrino.nfvo.catalogue.mano.record.VirtualNetworkFunctionRecord.connection_point)
             - (collection element) CollectionFetchableElementEntityGraph(entity=org.project.neutrino.nfvo.catalogue.mano.common.ConnectionPoint, querySpaceUid=<gen:6>, path=org.project.neutrino.nfvo.catalogue.mano.record.VirtualNetworkFunctionRecord.connection_point.<elements>)
          - CollectionAttributeFetchImpl(collection=org.project.neutrino.nfvo.catalogue.mano.record.VirtualNetworkFunctionRecord.dependency, querySpaceUid=<gen:7>, path=org.project.neutrino.nfvo.catalogue.mano.record.VirtualNetworkFunctionRecord.dependency)
             - (collection element) CollectionFetchableElementEntityGraph(entity=org.project.neutrino.nfvo.catalogue.mano.common.VNFDependency, querySpaceUid=<gen:8>, path=org.project.neutrino.nfvo.catalogue.mano.record.VirtualNetworkFunctionRecord.dependency.<elements>)
          - EntityAttributeFetchImpl(entity=org.project.neutrino.nfvo.catalogue.mano.descriptor.VNFDDeploymentFlavour, querySpaceUid=<gen:9>, path=org.project.neutrino.nfvo.catalogue.mano.record.VirtualNetworkFunctionRecord.deployment_flavour)
          - EntityAttributeFetchImpl(entity=org.project.neutrino.nfvo.catalogue.mano.common.LifecycleEvent, querySpaceUid=<gen:10>, path=org.project.neutrino.nfvo.catalogue.mano.record.VirtualNetworkFunctionRecord.lifecycle_event)
          - CollectionAttributeFetchImpl(collection=org.project.neutrino.nfvo.catalogue.mano.record.VirtualNetworkFunctionRecord.lifecycle_event_history, querySpaceUid=<gen:11>, path=org.project.neutrino.nfvo.catalogue.mano.record.VirtualNetworkFunctionRecord.lifecycle_event_history)
             - (collection element) CollectionFetchableElementEntityGraph(entity=org.project.neutrino.nfvo.catalogue.mano.common.LifecycleEvent, querySpaceUid=<gen:12>, path=org.project.neutrino.nfvo.catalogue.mano.record.VirtualNetworkFunctionRecord.lifecycle_event_history.<elements>)
          - EntityAttributeFetchImpl(entity=org.project.neutrino.nfvo.catalogue.mano.record.NetworkServiceRecord, querySpaceUid=<gen:13>, path=org.project.neutrino.nfvo.catalogue.mano.record.VirtualNetworkFunctionRecord.parent_ns)
          - CollectionAttributeFetchImpl(collection=org.project.neutrino.nfvo.catalogue.mano.record.VirtualNetworkFunctionRecord.vdu, querySpaceUid=<gen:14>, path=org.project.neutrino.nfvo.catalogue.mano.record.VirtualNetworkFunctionRecord.vdu)
             - (collection element) CollectionFetchableElementEntityGraph(entity=org.project.neutrino.nfvo.catalogue.mano.descriptor.VirtualDeploymentUnit, querySpaceUid=<gen:15>, path=org.project.neutrino.nfvo.catalogue.mano.record.VirtualNetworkFunctionRecord.vdu.<elements>)
          - CollectionAttributeFetchImpl(collection=org.project.neutrino.nfvo.catalogue.mano.record.VirtualNetworkFunctionRecord.virtual_link, querySpaceUid=<gen:16>, path=org.project.neutrino.nfvo.catalogue.mano.record.VirtualNetworkFunctionRecord.virtual_link)
             - (collection element) CollectionFetchableElementEntityGraph(entity=org.project.neutrino.nfvo.catalogue.mano.descriptor.InternalVirtualLink, querySpaceUid=<gen:17>, path=org.project.neutrino.nfvo.catalogue.mano.record.VirtualNetworkFunctionRecord.virtual_link.<elements>)
    - QuerySpaces
       - EntityQuerySpaceImpl(uid=<gen:0>, entity=org.project.neutrino.nfvo.catalogue.mano.record.VirtualNetworkFunctionRecord)
          - SQL table alias mapping - virtualnet0_
          - alias suffix - 0_
          - suffixed key columns - {id1_68_0_}

13:23:06.996 [Test worker] DEBUG o.h.loader.entity.plan.EntityLoader - Static select for entity org.project.neutrino.nfvo.catalogue.mano.record.VirtualNetworkFunctionRecord [PESSIMISTIC_READ]: select virtualnet0_.id as id1_68_0_, virtualnet0_.audit_log as audit_lo2_68_0_, virtualnet0_.deployment_flavour_id as deployme9_68_0_, virtualnet0_.descriptor_reference as descript3_68_0_, virtualnet0_.lifecycle_event_id as lifecyc10_68_0_, virtualnet0_.localization as localiza4_68_0_, virtualnet0_.parent_ns_id as parent_11_68_0_, virtualnet0_.status as status5_68_0_, virtualnet0_.vendor as vendor6_68_0_, virtualnet0_.version as version7_68_0_, virtualnet0_.vnfm_id as vnfm_id8_68_0_ from virtual_network_function_record virtualnet0_ where virtualnet0_.id=? lock in share mode
13:23:06.996 [Test worker] DEBUG o.h.l.p.b.i.spaces.QuerySpacesImpl - Adding QuerySpace : uid = <gen:0> -> org.hibernate.loader.plan.build.internal.spaces.EntityQuerySpaceImpl@33b80cd1]
13:23:06.996 [Test worker] DEBUG o.h.p.w.spi.MetamodelGraphWalker - Visiting attribute path : audit_log
13:23:06.996 [Test worker] DEBUG o.h.p.w.spi.MetamodelGraphWalker - Visiting attribute path : auto_scale_policy
13:23:06.996 [Test worker] DEBUG o.h.l.p.b.i.spaces.QuerySpacesImpl - Adding QuerySpace : uid = <gen:1> -> org.hibernate.loader.plan.build.internal.spaces.CollectionQuerySpaceImpl@30aefbe1]
13:23:06.996 [Test worker] DEBUG o.h.l.p.b.i.spaces.QuerySpacesImpl - Adding QuerySpace : uid = <gen:2> -> org.hibernate.loader.plan.build.internal.spaces.EntityQuerySpaceImpl@301a89bf]
13:23:06.996 [Test worker] DEBUG o.h.p.w.spi.MetamodelGraphWalker - Visiting attribute path : connected_external_virtual_link
13:23:06.996 [Test worker] DEBUG o.h.l.p.b.i.spaces.QuerySpacesImpl - Adding QuerySpace : uid = <gen:3> -> org.hibernate.loader.plan.build.internal.spaces.CollectionQuerySpaceImpl@1e497345]
13:23:06.996 [Test worker] DEBUG o.h.l.p.b.i.spaces.QuerySpacesImpl - Adding QuerySpace : uid = <gen:4> -> org.hibernate.loader.plan.build.internal.spaces.EntityQuerySpaceImpl@682ec68b]
13:23:06.996 [Test worker] DEBUG o.h.p.w.spi.MetamodelGraphWalker - Visiting attribute path : connection_point
13:23:06.996 [Test worker] DEBUG o.h.l.p.b.i.spaces.QuerySpacesImpl - Adding QuerySpace : uid = <gen:5> -> org.hibernate.loader.plan.build.internal.spaces.CollectionQuerySpaceImpl@56ed051c]
13:23:06.996 [Test worker] DEBUG o.h.l.p.b.i.spaces.QuerySpacesImpl - Adding QuerySpace : uid = <gen:6> -> org.hibernate.loader.plan.build.internal.spaces.EntityQuerySpaceImpl@62ea9dd9]
13:23:06.996 [Test worker] DEBUG o.h.p.w.spi.MetamodelGraphWalker - Visiting attribute path : dependency
13:23:06.996 [Test worker] DEBUG o.h.l.p.b.i.spaces.QuerySpacesImpl - Adding QuerySpace : uid = <gen:7> -> org.hibernate.loader.plan.build.internal.spaces.CollectionQuerySpaceImpl@1921444b]
13:23:06.997 [Test worker] DEBUG o.h.l.p.b.i.spaces.QuerySpacesImpl - Adding QuerySpace : uid = <gen:8> -> org.hibernate.loader.plan.build.internal.spaces.EntityQuerySpaceImpl@570aa4d0]
13:23:06.997 [Test worker] DEBUG o.h.p.w.spi.MetamodelGraphWalker - Visiting attribute path : deployment_flavour
13:23:06.997 [Test worker] DEBUG o.h.l.p.b.i.spaces.QuerySpacesImpl - Adding QuerySpace : uid = <gen:9> -> org.hibernate.loader.plan.build.internal.spaces.EntityQuerySpaceImpl@7bca8054]
13:23:06.997 [Test worker] DEBUG o.h.p.w.spi.MetamodelGraphWalker - Visiting attribute path : descriptor_reference
13:23:06.997 [Test worker] DEBUG o.h.p.w.spi.MetamodelGraphWalker - Visiting attribute path : lifecycle_event
13:23:06.997 [Test worker] DEBUG o.h.l.p.b.i.spaces.QuerySpacesImpl - Adding QuerySpace : uid = <gen:10> -> org.hibernate.loader.plan.build.internal.spaces.EntityQuerySpaceImpl@2baf4a4a]
13:23:06.997 [Test worker] DEBUG o.h.p.w.spi.MetamodelGraphWalker - Visiting attribute path : lifecycle_event_history
13:23:06.997 [Test worker] DEBUG o.h.l.p.b.i.spaces.QuerySpacesImpl - Adding QuerySpace : uid = <gen:11> -> org.hibernate.loader.plan.build.internal.spaces.CollectionQuerySpaceImpl@13656ae]
13:23:06.997 [Test worker] DEBUG o.h.l.p.b.i.spaces.QuerySpacesImpl - Adding QuerySpace : uid = <gen:12> -> org.hibernate.loader.plan.build.internal.spaces.EntityQuerySpaceImpl@1674ba21]
13:23:06.997 [Test worker] DEBUG o.h.p.w.spi.MetamodelGraphWalker - Visiting attribute path : localization
13:23:06.997 [Test worker] DEBUG o.h.p.w.spi.MetamodelGraphWalker - Visiting attribute path : monitoring_parameter
13:23:06.997 [Test worker] DEBUG o.h.p.w.spi.MetamodelGraphWalker - Visiting attribute path : notification
13:23:06.997 [Test worker] DEBUG o.h.p.w.spi.MetamodelGraphWalker - Visiting attribute path : parent_ns
13:23:06.997 [Test worker] DEBUG o.h.l.p.b.i.spaces.QuerySpacesImpl - Adding QuerySpace : uid = <gen:13> -> org.hibernate.loader.plan.build.internal.spaces.EntityQuerySpaceImpl@4967d80b]
13:23:06.997 [Test worker] DEBUG o.h.p.w.spi.MetamodelGraphWalker - Visiting attribute path : runtime_policy_info
13:23:06.997 [Test worker] DEBUG o.h.p.w.spi.MetamodelGraphWalker - Visiting attribute path : status
13:23:06.997 [Test worker] DEBUG o.h.p.w.spi.MetamodelGraphWalker - Visiting attribute path : vdu
13:23:06.997 [Test worker] DEBUG o.h.l.p.b.i.spaces.QuerySpacesImpl - Adding QuerySpace : uid = <gen:14> -> org.hibernate.loader.plan.build.internal.spaces.CollectionQuerySpaceImpl@4098dfd3]
13:23:06.997 [Test worker] DEBUG o.h.l.p.b.i.spaces.QuerySpacesImpl - Adding QuerySpace : uid = <gen:15> -> org.hibernate.loader.plan.build.internal.spaces.EntityQuerySpaceImpl@748eb6c6]
13:23:06.998 [Test worker] DEBUG o.h.p.w.spi.MetamodelGraphWalker - Visiting attribute path : vendor
13:23:06.998 [Test worker] DEBUG o.h.p.w.spi.MetamodelGraphWalker - Visiting attribute path : version
13:23:06.998 [Test worker] DEBUG o.h.p.w.spi.MetamodelGraphWalker - Visiting attribute path : virtual_link
13:23:06.998 [Test worker] DEBUG o.h.l.p.b.i.spaces.QuerySpacesImpl - Adding QuerySpace : uid = <gen:16> -> org.hibernate.loader.plan.build.internal.spaces.CollectionQuerySpaceImpl@4581bcf2]
13:23:06.998 [Test worker] DEBUG o.h.l.p.b.i.spaces.QuerySpacesImpl - Adding QuerySpace : uid = <gen:17> -> org.hibernate.loader.plan.build.internal.spaces.EntityQuerySpaceImpl@489bd784]
13:23:06.998 [Test worker] DEBUG o.h.p.w.spi.MetamodelGraphWalker - Visiting attribute path : vnf_address
13:23:06.998 [Test worker] DEBUG o.h.p.w.spi.MetamodelGraphWalker - Visiting attribute path : vnfm_id
13:23:06.998 [Test worker] DEBUG o.h.l.p.b.i.FetchStyleLoadPlanBuildingAssociationVisitationStrategy - Building LoadPlan...
13:23:06.998 [Test worker] DEBUG o.h.l.p.e.i.LoadQueryJoinAndFetchProcessor - processing queryspace <gen:0>
13:23:06.998 [Test worker] DEBUG o.h.l.p.b.spi.LoadPlanTreePrinter - LoadPlan(entity=org.project.neutrino.nfvo.catalogue.mano.record.VirtualNetworkFunctionRecord)
    - Returns
       - EntityReturnImpl(entity=org.project.neutrino.nfvo.catalogue.mano.record.VirtualNetworkFunctionRecord, querySpaceUid=<gen:0>, path=org.project.neutrino.nfvo.catalogue.mano.record.VirtualNetworkFunctionRecord)
          - CollectionAttributeFetchImpl(collection=org.project.neutrino.nfvo.catalogue.mano.record.VirtualNetworkFunctionRecord.auto_scale_policy, querySpaceUid=<gen:1>, path=org.project.neutrino.nfvo.catalogue.mano.record.VirtualNetworkFunctionRecord.auto_scale_policy)
             - (collection element) CollectionFetchableElementEntityGraph(entity=org.project.neutrino.nfvo.catalogue.mano.common.AutoScalePolicy, querySpaceUid=<gen:2>, path=org.project.neutrino.nfvo.catalogue.mano.record.VirtualNetworkFunctionRecord.auto_scale_policy.<elements>)
          - CollectionAttributeFetchImpl(collection=org.project.neutrino.nfvo.catalogue.mano.record.VirtualNetworkFunctionRecord.connected_external_virtual_link, querySpaceUid=<gen:3>, path=org.project.neutrino.nfvo.catalogue.mano.record.VirtualNetworkFunctionRecord.connected_external_virtual_link)
             - (collection element) CollectionFetchableElementEntityGraph(entity=org.project.neutrino.nfvo.catalogue.mano.record.VirtualLinkRecord, querySpaceUid=<gen:4>, path=org.project.neutrino.nfvo.catalogue.mano.record.VirtualNetworkFunctionRecord.connected_external_virtual_link.<elements>)
          - CollectionAttributeFetchImpl(collection=org.project.neutrino.nfvo.catalogue.mano.record.VirtualNetworkFunctionRecord.connection_point, querySpaceUid=<gen:5>, path=org.project.neutrino.nfvo.catalogue.mano.record.VirtualNetworkFunctionRecord.connection_point)
             - (collection element) CollectionFetchableElementEntityGraph(entity=org.project.neutrino.nfvo.catalogue.mano.common.ConnectionPoint, querySpaceUid=<gen:6>, path=org.project.neutrino.nfvo.catalogue.mano.record.VirtualNetworkFunctionRecord.connection_point.<elements>)
          - CollectionAttributeFetchImpl(collection=org.project.neutrino.nfvo.catalogue.mano.record.VirtualNetworkFunctionRecord.dependency, querySpaceUid=<gen:7>, path=org.project.neutrino.nfvo.catalogue.mano.record.VirtualNetworkFunctionRecord.dependency)
             - (collection element) CollectionFetchableElementEntityGraph(entity=org.project.neutrino.nfvo.catalogue.mano.common.VNFDependency, querySpaceUid=<gen:8>, path=org.project.neutrino.nfvo.catalogue.mano.record.VirtualNetworkFunctionRecord.dependency.<elements>)
          - EntityAttributeFetchImpl(entity=org.project.neutrino.nfvo.catalogue.mano.descriptor.VNFDDeploymentFlavour, querySpaceUid=<gen:9>, path=org.project.neutrino.nfvo.catalogue.mano.record.VirtualNetworkFunctionRecord.deployment_flavour)
          - EntityAttributeFetchImpl(entity=org.project.neutrino.nfvo.catalogue.mano.common.LifecycleEvent, querySpaceUid=<gen:10>, path=org.project.neutrino.nfvo.catalogue.mano.record.VirtualNetworkFunctionRecord.lifecycle_event)
          - CollectionAttributeFetchImpl(collection=org.project.neutrino.nfvo.catalogue.mano.record.VirtualNetworkFunctionRecord.lifecycle_event_history, querySpaceUid=<gen:11>, path=org.project.neutrino.nfvo.catalogue.mano.record.VirtualNetworkFunctionRecord.lifecycle_event_history)
             - (collection element) CollectionFetchableElementEntityGraph(entity=org.project.neutrino.nfvo.catalogue.mano.common.LifecycleEvent, querySpaceUid=<gen:12>, path=org.project.neutrino.nfvo.catalogue.mano.record.VirtualNetworkFunctionRecord.lifecycle_event_history.<elements>)
          - EntityAttributeFetchImpl(entity=org.project.neutrino.nfvo.catalogue.mano.record.NetworkServiceRecord, querySpaceUid=<gen:13>, path=org.project.neutrino.nfvo.catalogue.mano.record.VirtualNetworkFunctionRecord.parent_ns)
          - CollectionAttributeFetchImpl(collection=org.project.neutrino.nfvo.catalogue.mano.record.VirtualNetworkFunctionRecord.vdu, querySpaceUid=<gen:14>, path=org.project.neutrino.nfvo.catalogue.mano.record.VirtualNetworkFunctionRecord.vdu)
             - (collection element) CollectionFetchableElementEntityGraph(entity=org.project.neutrino.nfvo.catalogue.mano.descriptor.VirtualDeploymentUnit, querySpaceUid=<gen:15>, path=org.project.neutrino.nfvo.catalogue.mano.record.VirtualNetworkFunctionRecord.vdu.<elements>)
          - CollectionAttributeFetchImpl(collection=org.project.neutrino.nfvo.catalogue.mano.record.VirtualNetworkFunctionRecord.virtual_link, querySpaceUid=<gen:16>, path=org.project.neutrino.nfvo.catalogue.mano.record.VirtualNetworkFunctionRecord.virtual_link)
             - (collection element) CollectionFetchableElementEntityGraph(entity=org.project.neutrino.nfvo.catalogue.mano.descriptor.InternalVirtualLink, querySpaceUid=<gen:17>, path=org.project.neutrino.nfvo.catalogue.mano.record.VirtualNetworkFunctionRecord.virtual_link.<elements>)
    - QuerySpaces
       - EntityQuerySpaceImpl(uid=<gen:0>, entity=org.project.neutrino.nfvo.catalogue.mano.record.VirtualNetworkFunctionRecord)
          - SQL table alias mapping - virtualnet0_
          - alias suffix - 0_
          - suffixed key columns - {id1_68_0_}

13:23:06.998 [Test worker] DEBUG o.h.loader.entity.plan.EntityLoader - Static select for entity org.project.neutrino.nfvo.catalogue.mano.record.VirtualNetworkFunctionRecord [PESSIMISTIC_WRITE]: select virtualnet0_.id as id1_68_0_, virtualnet0_.audit_log as audit_lo2_68_0_, virtualnet0_.deployment_flavour_id as deployme9_68_0_, virtualnet0_.descriptor_reference as descript3_68_0_, virtualnet0_.lifecycle_event_id as lifecyc10_68_0_, virtualnet0_.localization as localiza4_68_0_, virtualnet0_.parent_ns_id as parent_11_68_0_, virtualnet0_.status as status5_68_0_, virtualnet0_.vendor as vendor6_68_0_, virtualnet0_.version as version7_68_0_, virtualnet0_.vnfm_id as vnfm_id8_68_0_ from virtual_network_function_record virtualnet0_ where virtualnet0_.id=? for update
13:23:06.999 [Test worker] DEBUG o.h.l.p.b.i.spaces.QuerySpacesImpl - Adding QuerySpace : uid = <gen:0> -> org.hibernate.loader.plan.build.internal.spaces.EntityQuerySpaceImpl@6f624059]
13:23:06.999 [Test worker] DEBUG o.h.p.w.spi.MetamodelGraphWalker - Visiting attribute path : audit_log
13:23:06.999 [Test worker] DEBUG o.h.p.w.spi.MetamodelGraphWalker - Visiting attribute path : auto_scale_policy
13:23:06.999 [Test worker] DEBUG o.h.l.p.b.i.spaces.QuerySpacesImpl - Adding QuerySpace : uid = <gen:1> -> org.hibernate.loader.plan.build.internal.spaces.CollectionQuerySpaceImpl@71f7162]
13:23:06.999 [Test worker] DEBUG o.h.l.p.b.i.spaces.QuerySpacesImpl - Adding QuerySpace : uid = <gen:2> -> org.hibernate.loader.plan.build.internal.spaces.EntityQuerySpaceImpl@214cdc95]
13:23:06.999 [Test worker] DEBUG o.h.p.w.spi.MetamodelGraphWalker - Visiting attribute path : connected_external_virtual_link
13:23:06.999 [Test worker] DEBUG o.h.l.p.b.i.spaces.QuerySpacesImpl - Adding QuerySpace : uid = <gen:3> -> org.hibernate.loader.plan.build.internal.spaces.CollectionQuerySpaceImpl@3d25cb47]
13:23:06.999 [Test worker] DEBUG o.h.l.p.b.i.spaces.QuerySpacesImpl - Adding QuerySpace : uid = <gen:4> -> org.hibernate.loader.plan.build.internal.spaces.EntityQuerySpaceImpl@7c44c1ad]
13:23:06.999 [Test worker] DEBUG o.h.p.w.spi.MetamodelGraphWalker - Visiting attribute path : connection_point
13:23:06.999 [Test worker] DEBUG o.h.l.p.b.i.spaces.QuerySpacesImpl - Adding QuerySpace : uid = <gen:5> -> org.hibernate.loader.plan.build.internal.spaces.CollectionQuerySpaceImpl@6078498]
13:23:06.999 [Test worker] DEBUG o.h.l.p.b.i.spaces.QuerySpacesImpl - Adding QuerySpace : uid = <gen:6> -> org.hibernate.loader.plan.build.internal.spaces.EntityQuerySpaceImpl@57921a3f]
13:23:06.999 [Test worker] DEBUG o.h.p.w.spi.MetamodelGraphWalker - Visiting attribute path : dependency
13:23:06.999 [Test worker] DEBUG o.h.l.p.b.i.spaces.QuerySpacesImpl - Adding QuerySpace : uid = <gen:7> -> org.hibernate.loader.plan.build.internal.spaces.CollectionQuerySpaceImpl@38f94b03]
13:23:06.999 [Test worker] DEBUG o.h.l.p.b.i.spaces.QuerySpacesImpl - Adding QuerySpace : uid = <gen:8> -> org.hibernate.loader.plan.build.internal.spaces.EntityQuerySpaceImpl@76abcf2d]
13:23:06.999 [Test worker] DEBUG o.h.p.w.spi.MetamodelGraphWalker - Visiting attribute path : deployment_flavour
13:23:06.999 [Test worker] DEBUG o.h.l.p.b.i.spaces.QuerySpacesImpl - Adding QuerySpace : uid = <gen:9> -> org.hibernate.loader.plan.build.internal.spaces.EntityQuerySpaceImpl@9aed039]
13:23:06.999 [Test worker] DEBUG o.h.p.w.spi.MetamodelGraphWalker - Visiting attribute path : descriptor_reference
13:23:07.000 [Test worker] DEBUG o.h.p.w.spi.MetamodelGraphWalker - Visiting attribute path : lifecycle_event
13:23:07.000 [Test worker] DEBUG o.h.l.p.b.i.spaces.QuerySpacesImpl - Adding QuerySpace : uid = <gen:10> -> org.hibernate.loader.plan.build.internal.spaces.EntityQuerySpaceImpl@33e85326]
13:23:07.000 [Test worker] DEBUG o.h.p.w.spi.MetamodelGraphWalker - Visiting attribute path : lifecycle_event_history
13:23:07.000 [Test worker] DEBUG o.h.l.p.b.i.spaces.QuerySpacesImpl - Adding QuerySpace : uid = <gen:11> -> org.hibernate.loader.plan.build.internal.spaces.CollectionQuerySpaceImpl@59aafe69]
13:23:07.000 [Test worker] DEBUG o.h.l.p.b.i.spaces.QuerySpacesImpl - Adding QuerySpace : uid = <gen:12> -> org.hibernate.loader.plan.build.internal.spaces.EntityQuerySpaceImpl@6924cd7c]
13:23:07.000 [Test worker] DEBUG o.h.p.w.spi.MetamodelGraphWalker - Visiting attribute path : localization
13:23:07.000 [Test worker] DEBUG o.h.p.w.spi.MetamodelGraphWalker - Visiting attribute path : monitoring_parameter
13:23:07.000 [Test worker] DEBUG o.h.p.w.spi.MetamodelGraphWalker - Visiting attribute path : notification
13:23:07.000 [Test worker] DEBUG o.h.p.w.spi.MetamodelGraphWalker - Visiting attribute path : parent_ns
13:23:07.000 [Test worker] DEBUG o.h.l.p.b.i.spaces.QuerySpacesImpl - Adding QuerySpace : uid = <gen:13> -> org.hibernate.loader.plan.build.internal.spaces.EntityQuerySpaceImpl@6f2ebdd1]
13:23:07.000 [Test worker] DEBUG o.h.p.w.spi.MetamodelGraphWalker - Visiting attribute path : runtime_policy_info
13:23:07.000 [Test worker] DEBUG o.h.p.w.spi.MetamodelGraphWalker - Visiting attribute path : status
13:23:07.000 [Test worker] DEBUG o.h.p.w.spi.MetamodelGraphWalker - Visiting attribute path : vdu
13:23:07.000 [Test worker] DEBUG o.h.l.p.b.i.spaces.QuerySpacesImpl - Adding QuerySpace : uid = <gen:14> -> org.hibernate.loader.plan.build.internal.spaces.CollectionQuerySpaceImpl@65b01d5d]
13:23:07.000 [Test worker] DEBUG o.h.l.p.b.i.spaces.QuerySpacesImpl - Adding QuerySpace : uid = <gen:15> -> org.hibernate.loader.plan.build.internal.spaces.EntityQuerySpaceImpl@d57f8d3]
13:23:07.000 [Test worker] DEBUG o.h.p.w.spi.MetamodelGraphWalker - Visiting attribute path : vendor
13:23:07.000 [Test worker] DEBUG o.h.p.w.spi.MetamodelGraphWalker - Visiting attribute path : version
13:23:07.000 [Test worker] DEBUG o.h.p.w.spi.MetamodelGraphWalker - Visiting attribute path : virtual_link
13:23:07.001 [Test worker] DEBUG o.h.l.p.b.i.spaces.QuerySpacesImpl - Adding QuerySpace : uid = <gen:16> -> org.hibernate.loader.plan.build.internal.spaces.CollectionQuerySpaceImpl@a90eb7d]
13:23:07.001 [Test worker] DEBUG o.h.l.p.b.i.spaces.QuerySpacesImpl - Adding QuerySpace : uid = <gen:17> -> org.hibernate.loader.plan.build.internal.spaces.EntityQuerySpaceImpl@305460f6]
13:23:07.001 [Test worker] DEBUG o.h.p.w.spi.MetamodelGraphWalker - Visiting attribute path : vnf_address
13:23:07.001 [Test worker] DEBUG o.h.p.w.spi.MetamodelGraphWalker - Visiting attribute path : vnfm_id
13:23:07.001 [Test worker] DEBUG o.h.l.p.b.i.FetchStyleLoadPlanBuildingAssociationVisitationStrategy - Building LoadPlan...
13:23:07.001 [Test worker] DEBUG o.h.l.p.e.i.LoadQueryJoinAndFetchProcessor - processing queryspace <gen:0>
13:23:07.002 [Test worker] DEBUG o.h.l.p.b.spi.LoadPlanTreePrinter - LoadPlan(entity=org.project.neutrino.nfvo.catalogue.mano.record.VirtualNetworkFunctionRecord)
    - Returns
       - EntityReturnImpl(entity=org.project.neutrino.nfvo.catalogue.mano.record.VirtualNetworkFunctionRecord, querySpaceUid=<gen:0>, path=org.project.neutrino.nfvo.catalogue.mano.record.VirtualNetworkFunctionRecord)
          - CollectionAttributeFetchImpl(collection=org.project.neutrino.nfvo.catalogue.mano.record.VirtualNetworkFunctionRecord.auto_scale_policy, querySpaceUid=<gen:1>, path=org.project.neutrino.nfvo.catalogue.mano.record.VirtualNetworkFunctionRecord.auto_scale_policy)
             - (collection element) CollectionFetchableElementEntityGraph(entity=org.project.neutrino.nfvo.catalogue.mano.common.AutoScalePolicy, querySpaceUid=<gen:2>, path=org.project.neutrino.nfvo.catalogue.mano.record.VirtualNetworkFunctionRecord.auto_scale_policy.<elements>)
          - CollectionAttributeFetchImpl(collection=org.project.neutrino.nfvo.catalogue.mano.record.VirtualNetworkFunctionRecord.connected_external_virtual_link, querySpaceUid=<gen:3>, path=org.project.neutrino.nfvo.catalogue.mano.record.VirtualNetworkFunctionRecord.connected_external_virtual_link)
             - (collection element) CollectionFetchableElementEntityGraph(entity=org.project.neutrino.nfvo.catalogue.mano.record.VirtualLinkRecord, querySpaceUid=<gen:4>, path=org.project.neutrino.nfvo.catalogue.mano.record.VirtualNetworkFunctionRecord.connected_external_virtual_link.<elements>)
          - CollectionAttributeFetchImpl(collection=org.project.neutrino.nfvo.catalogue.mano.record.VirtualNetworkFunctionRecord.connection_point, querySpaceUid=<gen:5>, path=org.project.neutrino.nfvo.catalogue.mano.record.VirtualNetworkFunctionRecord.connection_point)
             - (collection element) CollectionFetchableElementEntityGraph(entity=org.project.neutrino.nfvo.catalogue.mano.common.ConnectionPoint, querySpaceUid=<gen:6>, path=org.project.neutrino.nfvo.catalogue.mano.record.VirtualNetworkFunctionRecord.connection_point.<elements>)
          - CollectionAttributeFetchImpl(collection=org.project.neutrino.nfvo.catalogue.mano.record.VirtualNetworkFunctionRecord.dependency, querySpaceUid=<gen:7>, path=org.project.neutrino.nfvo.catalogue.mano.record.VirtualNetworkFunctionRecord.dependency)
             - (collection element) CollectionFetchableElementEntityGraph(entity=org.project.neutrino.nfvo.catalogue.mano.common.VNFDependency, querySpaceUid=<gen:8>, path=org.project.neutrino.nfvo.catalogue.mano.record.VirtualNetworkFunctionRecord.dependency.<elements>)
          - EntityAttributeFetchImpl(entity=org.project.neutrino.nfvo.catalogue.mano.descriptor.VNFDDeploymentFlavour, querySpaceUid=<gen:9>, path=org.project.neutrino.nfvo.catalogue.mano.record.VirtualNetworkFunctionRecord.deployment_flavour)
          - EntityAttributeFetchImpl(entity=org.project.neutrino.nfvo.catalogue.mano.common.LifecycleEvent, querySpaceUid=<gen:10>, path=org.project.neutrino.nfvo.catalogue.mano.record.VirtualNetworkFunctionRecord.lifecycle_event)
          - CollectionAttributeFetchImpl(collection=org.project.neutrino.nfvo.catalogue.mano.record.VirtualNetworkFunctionRecord.lifecycle_event_history, querySpaceUid=<gen:11>, path=org.project.neutrino.nfvo.catalogue.mano.record.VirtualNetworkFunctionRecord.lifecycle_event_history)
             - (collection element) CollectionFetchableElementEntityGraph(entity=org.project.neutrino.nfvo.catalogue.mano.common.LifecycleEvent, querySpaceUid=<gen:12>, path=org.project.neutrino.nfvo.catalogue.mano.record.VirtualNetworkFunctionRecord.lifecycle_event_history.<elements>)
          - EntityAttributeFetchImpl(entity=org.project.neutrino.nfvo.catalogue.mano.record.NetworkServiceRecord, querySpaceUid=<gen:13>, path=org.project.neutrino.nfvo.catalogue.mano.record.VirtualNetworkFunctionRecord.parent_ns)
          - CollectionAttributeFetchImpl(collection=org.project.neutrino.nfvo.catalogue.mano.record.VirtualNetworkFunctionRecord.vdu, querySpaceUid=<gen:14>, path=org.project.neutrino.nfvo.catalogue.mano.record.VirtualNetworkFunctionRecord.vdu)
             - (collection element) CollectionFetchableElementEntityGraph(entity=org.project.neutrino.nfvo.catalogue.mano.descriptor.VirtualDeploymentUnit, querySpaceUid=<gen:15>, path=org.project.neutrino.nfvo.catalogue.mano.record.VirtualNetworkFunctionRecord.vdu.<elements>)
          - CollectionAttributeFetchImpl(collection=org.project.neutrino.nfvo.catalogue.mano.record.VirtualNetworkFunctionRecord.virtual_link, querySpaceUid=<gen:16>, path=org.project.neutrino.nfvo.catalogue.mano.record.VirtualNetworkFunctionRecord.virtual_link)
             - (collection element) CollectionFetchableElementEntityGraph(entity=org.project.neutrino.nfvo.catalogue.mano.descriptor.InternalVirtualLink, querySpaceUid=<gen:17>, path=org.project.neutrino.nfvo.catalogue.mano.record.VirtualNetworkFunctionRecord.virtual_link.<elements>)
    - QuerySpaces
       - EntityQuerySpaceImpl(uid=<gen:0>, entity=org.project.neutrino.nfvo.catalogue.mano.record.VirtualNetworkFunctionRecord)
          - SQL table alias mapping - virtualnet0_
          - alias suffix - 0_
          - suffixed key columns - {id1_68_0_}

13:23:07.002 [Test worker] DEBUG o.h.loader.entity.plan.EntityLoader - Static select for entity org.project.neutrino.nfvo.catalogue.mano.record.VirtualNetworkFunctionRecord [PESSIMISTIC_FORCE_INCREMENT]: select virtualnet0_.id as id1_68_0_, virtualnet0_.audit_log as audit_lo2_68_0_, virtualnet0_.deployment_flavour_id as deployme9_68_0_, virtualnet0_.descriptor_reference as descript3_68_0_, virtualnet0_.lifecycle_event_id as lifecyc10_68_0_, virtualnet0_.localization as localiza4_68_0_, virtualnet0_.parent_ns_id as parent_11_68_0_, virtualnet0_.status as status5_68_0_, virtualnet0_.vendor as vendor6_68_0_, virtualnet0_.version as version7_68_0_, virtualnet0_.vnfm_id as vnfm_id8_68_0_ from virtual_network_function_record virtualnet0_ where virtualnet0_.id=? for update
13:23:07.002 [Test worker] DEBUG o.h.l.p.b.i.spaces.QuerySpacesImpl - Adding QuerySpace : uid = <gen:0> -> org.hibernate.loader.plan.build.internal.spaces.EntityQuerySpaceImpl@73a9cf43]
13:23:07.002 [Test worker] DEBUG o.h.p.w.spi.MetamodelGraphWalker - Visiting attribute path : audit_log
13:23:07.002 [Test worker] DEBUG o.h.p.w.spi.MetamodelGraphWalker - Visiting attribute path : auto_scale_policy
13:23:07.002 [Test worker] DEBUG o.h.l.p.b.i.spaces.QuerySpacesImpl - Adding QuerySpace : uid = <gen:1> -> org.hibernate.loader.plan.build.internal.spaces.CollectionQuerySpaceImpl@5d0a1b24]
13:23:07.002 [Test worker] DEBUG o.h.l.p.b.i.spaces.QuerySpacesImpl - Adding QuerySpace : uid = <gen:2> -> org.hibernate.loader.plan.build.internal.spaces.EntityQuerySpaceImpl@427c0834]
13:23:07.002 [Test worker] DEBUG o.h.p.w.spi.MetamodelGraphWalker - Visiting attribute path : connected_external_virtual_link
13:23:07.002 [Test worker] DEBUG o.h.l.p.b.i.spaces.QuerySpacesImpl - Adding QuerySpace : uid = <gen:3> -> org.hibernate.loader.plan.build.internal.spaces.CollectionQuerySpaceImpl@5cfeb005]
13:23:07.002 [Test worker] DEBUG o.h.l.p.b.i.spaces.QuerySpacesImpl - Adding QuerySpace : uid = <gen:4> -> org.hibernate.loader.plan.build.internal.spaces.EntityQuerySpaceImpl@54d647f5]
13:23:07.003 [Test worker] DEBUG o.h.p.w.spi.MetamodelGraphWalker - Visiting attribute path : connection_point
13:23:07.003 [Test worker] DEBUG o.h.l.p.b.i.spaces.QuerySpacesImpl - Adding QuerySpace : uid = <gen:5> -> org.hibernate.loader.plan.build.internal.spaces.CollectionQuerySpaceImpl@400e5156]
13:23:07.003 [Test worker] DEBUG o.h.l.p.b.i.spaces.QuerySpacesImpl - Adding QuerySpace : uid = <gen:6> -> org.hibernate.loader.plan.build.internal.spaces.EntityQuerySpaceImpl@6bfe05f4]
13:23:07.003 [Test worker] DEBUG o.h.p.w.spi.MetamodelGraphWalker - Visiting attribute path : dependency
13:23:07.003 [Test worker] DEBUG o.h.l.p.b.i.spaces.QuerySpacesImpl - Adding QuerySpace : uid = <gen:7> -> org.hibernate.loader.plan.build.internal.spaces.CollectionQuerySpaceImpl@72390d8f]
13:23:07.003 [Test worker] DEBUG o.h.l.p.b.i.spaces.QuerySpacesImpl - Adding QuerySpace : uid = <gen:8> -> org.hibernate.loader.plan.build.internal.spaces.EntityQuerySpaceImpl@7fa961de]
13:23:07.003 [Test worker] DEBUG o.h.p.w.spi.MetamodelGraphWalker - Visiting attribute path : deployment_flavour
13:23:07.003 [Test worker] DEBUG o.h.l.p.b.i.spaces.QuerySpacesImpl - Adding QuerySpace : uid = <gen:9> -> org.hibernate.loader.plan.build.internal.spaces.EntityQuerySpaceImpl@4958774c]
13:23:07.003 [Test worker] DEBUG o.h.p.w.spi.MetamodelGraphWalker - Visiting attribute path : descriptor_reference
13:23:07.003 [Test worker] DEBUG o.h.p.w.spi.MetamodelGraphWalker - Visiting attribute path : lifecycle_event
13:23:07.003 [Test worker] DEBUG o.h.l.p.b.i.spaces.QuerySpacesImpl - Adding QuerySpace : uid = <gen:10> -> org.hibernate.loader.plan.build.internal.spaces.EntityQuerySpaceImpl@4f004432]
13:23:07.003 [Test worker] DEBUG o.h.p.w.spi.MetamodelGraphWalker - Visiting attribute path : lifecycle_event_history
13:23:07.003 [Test worker] DEBUG o.h.l.p.b.i.spaces.QuerySpacesImpl - Adding QuerySpace : uid = <gen:11> -> org.hibernate.loader.plan.build.internal.spaces.CollectionQuerySpaceImpl@1a7d5723]
13:23:07.003 [Test worker] DEBUG o.h.l.p.b.i.spaces.QuerySpacesImpl - Adding QuerySpace : uid = <gen:12> -> org.hibernate.loader.plan.build.internal.spaces.EntityQuerySpaceImpl@1ae3c86b]
13:23:07.004 [Test worker] DEBUG o.h.p.w.spi.MetamodelGraphWalker - Visiting attribute path : localization
13:23:07.004 [Test worker] DEBUG o.h.p.w.spi.MetamodelGraphWalker - Visiting attribute path : monitoring_parameter
13:23:07.004 [Test worker] DEBUG o.h.p.w.spi.MetamodelGraphWalker - Visiting attribute path : notification
13:23:07.004 [Test worker] DEBUG o.h.p.w.spi.MetamodelGraphWalker - Visiting attribute path : parent_ns
13:23:07.004 [Test worker] DEBUG o.h.l.p.b.i.spaces.QuerySpacesImpl - Adding QuerySpace : uid = <gen:13> -> org.hibernate.loader.plan.build.internal.spaces.EntityQuerySpaceImpl@607af697]
13:23:07.004 [Test worker] DEBUG o.h.p.w.spi.MetamodelGraphWalker - Visiting attribute path : runtime_policy_info
13:23:07.004 [Test worker] DEBUG o.h.p.w.spi.MetamodelGraphWalker - Visiting attribute path : status
13:23:07.004 [Test worker] DEBUG o.h.p.w.spi.MetamodelGraphWalker - Visiting attribute path : vdu
13:23:07.004 [Test worker] DEBUG o.h.l.p.b.i.spaces.QuerySpacesImpl - Adding QuerySpace : uid = <gen:14> -> org.hibernate.loader.plan.build.internal.spaces.CollectionQuerySpaceImpl@28d364fd]
13:23:07.005 [Test worker] DEBUG o.h.l.p.b.i.spaces.QuerySpacesImpl - Adding QuerySpace : uid = <gen:15> -> org.hibernate.loader.plan.build.internal.spaces.EntityQuerySpaceImpl@4e8b32fb]
13:23:07.005 [Test worker] DEBUG o.h.p.w.spi.MetamodelGraphWalker - Visiting attribute path : vendor
13:23:07.005 [Test worker] DEBUG o.h.p.w.spi.MetamodelGraphWalker - Visiting attribute path : version
13:23:07.005 [Test worker] DEBUG o.h.p.w.spi.MetamodelGraphWalker - Visiting attribute path : virtual_link
13:23:07.005 [Test worker] DEBUG o.h.l.p.b.i.spaces.QuerySpacesImpl - Adding QuerySpace : uid = <gen:16> -> org.hibernate.loader.plan.build.internal.spaces.CollectionQuerySpaceImpl@14c02506]
13:23:07.005 [Test worker] DEBUG o.h.l.p.b.i.spaces.QuerySpacesImpl - Adding QuerySpace : uid = <gen:17> -> org.hibernate.loader.plan.build.internal.spaces.EntityQuerySpaceImpl@52beb78e]
13:23:07.005 [Test worker] DEBUG o.h.p.w.spi.MetamodelGraphWalker - Visiting attribute path : vnf_address
13:23:07.005 [Test worker] DEBUG o.h.p.w.spi.MetamodelGraphWalker - Visiting attribute path : vnfm_id
13:23:07.006 [Test worker] DEBUG o.h.l.p.b.i.FetchStyleLoadPlanBuildingAssociationVisitationStrategy - Building LoadPlan...
13:23:07.006 [Test worker] DEBUG o.h.l.p.e.i.LoadQueryJoinAndFetchProcessor - processing queryspace <gen:0>
13:23:07.006 [Test worker] DEBUG o.h.l.p.b.spi.LoadPlanTreePrinter - LoadPlan(entity=org.project.neutrino.nfvo.catalogue.mano.record.VirtualNetworkFunctionRecord)
    - Returns
       - EntityReturnImpl(entity=org.project.neutrino.nfvo.catalogue.mano.record.VirtualNetworkFunctionRecord, querySpaceUid=<gen:0>, path=org.project.neutrino.nfvo.catalogue.mano.record.VirtualNetworkFunctionRecord)
          - CollectionAttributeFetchImpl(collection=org.project.neutrino.nfvo.catalogue.mano.record.VirtualNetworkFunctionRecord.auto_scale_policy, querySpaceUid=<gen:1>, path=org.project.neutrino.nfvo.catalogue.mano.record.VirtualNetworkFunctionRecord.auto_scale_policy)
             - (collection element) CollectionFetchableElementEntityGraph(entity=org.project.neutrino.nfvo.catalogue.mano.common.AutoScalePolicy, querySpaceUid=<gen:2>, path=org.project.neutrino.nfvo.catalogue.mano.record.VirtualNetworkFunctionRecord.auto_scale_policy.<elements>)
          - CollectionAttributeFetchImpl(collection=org.project.neutrino.nfvo.catalogue.mano.record.VirtualNetworkFunctionRecord.connected_external_virtual_link, querySpaceUid=<gen:3>, path=org.project.neutrino.nfvo.catalogue.mano.record.VirtualNetworkFunctionRecord.connected_external_virtual_link)
             - (collection element) CollectionFetchableElementEntityGraph(entity=org.project.neutrino.nfvo.catalogue.mano.record.VirtualLinkRecord, querySpaceUid=<gen:4>, path=org.project.neutrino.nfvo.catalogue.mano.record.VirtualNetworkFunctionRecord.connected_external_virtual_link.<elements>)
          - CollectionAttributeFetchImpl(collection=org.project.neutrino.nfvo.catalogue.mano.record.VirtualNetworkFunctionRecord.connection_point, querySpaceUid=<gen:5>, path=org.project.neutrino.nfvo.catalogue.mano.record.VirtualNetworkFunctionRecord.connection_point)
             - (collection element) CollectionFetchableElementEntityGraph(entity=org.project.neutrino.nfvo.catalogue.mano.common.ConnectionPoint, querySpaceUid=<gen:6>, path=org.project.neutrino.nfvo.catalogue.mano.record.VirtualNetworkFunctionRecord.connection_point.<elements>)
          - CollectionAttributeFetchImpl(collection=org.project.neutrino.nfvo.catalogue.mano.record.VirtualNetworkFunctionRecord.dependency, querySpaceUid=<gen:7>, path=org.project.neutrino.nfvo.catalogue.mano.record.VirtualNetworkFunctionRecord.dependency)
             - (collection element) CollectionFetchableElementEntityGraph(entity=org.project.neutrino.nfvo.catalogue.mano.common.VNFDependency, querySpaceUid=<gen:8>, path=org.project.neutrino.nfvo.catalogue.mano.record.VirtualNetworkFunctionRecord.dependency.<elements>)
          - EntityAttributeFetchImpl(entity=org.project.neutrino.nfvo.catalogue.mano.descriptor.VNFDDeploymentFlavour, querySpaceUid=<gen:9>, path=org.project.neutrino.nfvo.catalogue.mano.record.VirtualNetworkFunctionRecord.deployment_flavour)
          - EntityAttributeFetchImpl(entity=org.project.neutrino.nfvo.catalogue.mano.common.LifecycleEvent, querySpaceUid=<gen:10>, path=org.project.neutrino.nfvo.catalogue.mano.record.VirtualNetworkFunctionRecord.lifecycle_event)
          - CollectionAttributeFetchImpl(collection=org.project.neutrino.nfvo.catalogue.mano.record.VirtualNetworkFunctionRecord.lifecycle_event_history, querySpaceUid=<gen:11>, path=org.project.neutrino.nfvo.catalogue.mano.record.VirtualNetworkFunctionRecord.lifecycle_event_history)
             - (collection element) CollectionFetchableElementEntityGraph(entity=org.project.neutrino.nfvo.catalogue.mano.common.LifecycleEvent, querySpaceUid=<gen:12>, path=org.project.neutrino.nfvo.catalogue.mano.record.VirtualNetworkFunctionRecord.lifecycle_event_history.<elements>)
          - EntityAttributeFetchImpl(entity=org.project.neutrino.nfvo.catalogue.mano.record.NetworkServiceRecord, querySpaceUid=<gen:13>, path=org.project.neutrino.nfvo.catalogue.mano.record.VirtualNetworkFunctionRecord.parent_ns)
          - CollectionAttributeFetchImpl(collection=org.project.neutrino.nfvo.catalogue.mano.record.VirtualNetworkFunctionRecord.vdu, querySpaceUid=<gen:14>, path=org.project.neutrino.nfvo.catalogue.mano.record.VirtualNetworkFunctionRecord.vdu)
             - (collection element) CollectionFetchableElementEntityGraph(entity=org.project.neutrino.nfvo.catalogue.mano.descriptor.VirtualDeploymentUnit, querySpaceUid=<gen:15>, path=org.project.neutrino.nfvo.catalogue.mano.record.VirtualNetworkFunctionRecord.vdu.<elements>)
          - CollectionAttributeFetchImpl(collection=org.project.neutrino.nfvo.catalogue.mano.record.VirtualNetworkFunctionRecord.virtual_link, querySpaceUid=<gen:16>, path=org.project.neutrino.nfvo.catalogue.mano.record.VirtualNetworkFunctionRecord.virtual_link)
             - (collection element) CollectionFetchableElementEntityGraph(entity=org.project.neutrino.nfvo.catalogue.mano.descriptor.InternalVirtualLink, querySpaceUid=<gen:17>, path=org.project.neutrino.nfvo.catalogue.mano.record.VirtualNetworkFunctionRecord.virtual_link.<elements>)
    - QuerySpaces
       - EntityQuerySpaceImpl(uid=<gen:0>, entity=org.project.neutrino.nfvo.catalogue.mano.record.VirtualNetworkFunctionRecord)
          - SQL table alias mapping - virtualnet0_
          - alias suffix - 0_
          - suffixed key columns - {id1_68_0_}

13:23:07.007 [Test worker] DEBUG o.h.loader.entity.plan.EntityLoader - Static select for entity org.project.neutrino.nfvo.catalogue.mano.record.VirtualNetworkFunctionRecord [OPTIMISTIC]: select virtualnet0_.id as id1_68_0_, virtualnet0_.audit_log as audit_lo2_68_0_, virtualnet0_.deployment_flavour_id as deployme9_68_0_, virtualnet0_.descriptor_reference as descript3_68_0_, virtualnet0_.lifecycle_event_id as lifecyc10_68_0_, virtualnet0_.localization as localiza4_68_0_, virtualnet0_.parent_ns_id as parent_11_68_0_, virtualnet0_.status as status5_68_0_, virtualnet0_.vendor as vendor6_68_0_, virtualnet0_.version as version7_68_0_, virtualnet0_.vnfm_id as vnfm_id8_68_0_ from virtual_network_function_record virtualnet0_ where virtualnet0_.id=?
13:23:07.007 [Test worker] DEBUG o.h.l.p.b.i.spaces.QuerySpacesImpl - Adding QuerySpace : uid = <gen:0> -> org.hibernate.loader.plan.build.internal.spaces.EntityQuerySpaceImpl@6704f612]
13:23:07.007 [Test worker] DEBUG o.h.p.w.spi.MetamodelGraphWalker - Visiting attribute path : audit_log
13:23:07.007 [Test worker] DEBUG o.h.p.w.spi.MetamodelGraphWalker - Visiting attribute path : auto_scale_policy
13:23:07.007 [Test worker] DEBUG o.h.l.p.b.i.spaces.QuerySpacesImpl - Adding QuerySpace : uid = <gen:1> -> org.hibernate.loader.plan.build.internal.spaces.CollectionQuerySpaceImpl@7c04c56f]
13:23:07.007 [Test worker] DEBUG o.h.l.p.b.i.spaces.QuerySpacesImpl - Adding QuerySpace : uid = <gen:2> -> org.hibernate.loader.plan.build.internal.spaces.EntityQuerySpaceImpl@1d3e3a05]
13:23:07.007 [Test worker] DEBUG o.h.p.w.spi.MetamodelGraphWalker - Visiting attribute path : connected_external_virtual_link
13:23:07.007 [Test worker] DEBUG o.h.l.p.b.i.spaces.QuerySpacesImpl - Adding QuerySpace : uid = <gen:3> -> org.hibernate.loader.plan.build.internal.spaces.CollectionQuerySpaceImpl@60532d42]
13:23:07.007 [Test worker] DEBUG o.h.l.p.b.i.spaces.QuerySpacesImpl - Adding QuerySpace : uid = <gen:4> -> org.hibernate.loader.plan.build.internal.spaces.EntityQuerySpaceImpl@74c07975]
13:23:07.007 [Test worker] DEBUG o.h.p.w.spi.MetamodelGraphWalker - Visiting attribute path : connection_point
13:23:07.007 [Test worker] DEBUG o.h.l.p.b.i.spaces.QuerySpacesImpl - Adding QuerySpace : uid = <gen:5> -> org.hibernate.loader.plan.build.internal.spaces.CollectionQuerySpaceImpl@8662c35]
13:23:07.007 [Test worker] DEBUG o.h.l.p.b.i.spaces.QuerySpacesImpl - Adding QuerySpace : uid = <gen:6> -> org.hibernate.loader.plan.build.internal.spaces.EntityQuerySpaceImpl@6be04fe1]
13:23:07.007 [Test worker] DEBUG o.h.p.w.spi.MetamodelGraphWalker - Visiting attribute path : dependency
13:23:07.008 [Test worker] DEBUG o.h.l.p.b.i.spaces.QuerySpacesImpl - Adding QuerySpace : uid = <gen:7> -> org.hibernate.loader.plan.build.internal.spaces.CollectionQuerySpaceImpl@539c741b]
13:23:07.008 [Test worker] DEBUG o.h.l.p.b.i.spaces.QuerySpacesImpl - Adding QuerySpace : uid = <gen:8> -> org.hibernate.loader.plan.build.internal.spaces.EntityQuerySpaceImpl@448ac37f]
13:23:07.008 [Test worker] DEBUG o.h.p.w.spi.MetamodelGraphWalker - Visiting attribute path : deployment_flavour
13:23:07.008 [Test worker] DEBUG o.h.l.p.b.i.spaces.QuerySpacesImpl - Adding QuerySpace : uid = <gen:9> -> org.hibernate.loader.plan.build.internal.spaces.EntityQuerySpaceImpl@7228ea00]
13:23:07.008 [Test worker] DEBUG o.h.p.w.spi.MetamodelGraphWalker - Visiting attribute path : descriptor_reference
13:23:07.008 [Test worker] DEBUG o.h.p.w.spi.MetamodelGraphWalker - Visiting attribute path : lifecycle_event
13:23:07.008 [Test worker] DEBUG o.h.l.p.b.i.spaces.QuerySpacesImpl - Adding QuerySpace : uid = <gen:10> -> org.hibernate.loader.plan.build.internal.spaces.EntityQuerySpaceImpl@5c1ae08d]
13:23:07.008 [Test worker] DEBUG o.h.p.w.spi.MetamodelGraphWalker - Visiting attribute path : lifecycle_event_history
13:23:07.008 [Test worker] DEBUG o.h.l.p.b.i.spaces.QuerySpacesImpl - Adding QuerySpace : uid = <gen:11> -> org.hibernate.loader.plan.build.internal.spaces.CollectionQuerySpaceImpl@688c7838]
13:23:07.008 [Test worker] DEBUG o.h.l.p.b.i.spaces.QuerySpacesImpl - Adding QuerySpace : uid = <gen:12> -> org.hibernate.loader.plan.build.internal.spaces.EntityQuerySpaceImpl@5e28da27]
13:23:07.008 [Test worker] DEBUG o.h.p.w.spi.MetamodelGraphWalker - Visiting attribute path : localization
13:23:07.008 [Test worker] DEBUG o.h.p.w.spi.MetamodelGraphWalker - Visiting attribute path : monitoring_parameter
13:23:07.008 [Test worker] DEBUG o.h.p.w.spi.MetamodelGraphWalker - Visiting attribute path : notification
13:23:07.008 [Test worker] DEBUG o.h.p.w.spi.MetamodelGraphWalker - Visiting attribute path : parent_ns
13:23:07.008 [Test worker] DEBUG o.h.l.p.b.i.spaces.QuerySpacesImpl - Adding QuerySpace : uid = <gen:13> -> org.hibernate.loader.plan.build.internal.spaces.EntityQuerySpaceImpl@4c0a66bc]
13:23:07.008 [Test worker] DEBUG o.h.p.w.spi.MetamodelGraphWalker - Visiting attribute path : runtime_policy_info
13:23:07.008 [Test worker] DEBUG o.h.p.w.spi.MetamodelGraphWalker - Visiting attribute path : status
13:23:07.008 [Test worker] DEBUG o.h.p.w.spi.MetamodelGraphWalker - Visiting attribute path : vdu
13:23:07.009 [Test worker] DEBUG o.h.l.p.b.i.spaces.QuerySpacesImpl - Adding QuerySpace : uid = <gen:14> -> org.hibernate.loader.plan.build.internal.spaces.CollectionQuerySpaceImpl@3edee7a4]
13:23:07.009 [Test worker] DEBUG o.h.l.p.b.i.spaces.QuerySpacesImpl - Adding QuerySpace : uid = <gen:15> -> org.hibernate.loader.plan.build.internal.spaces.EntityQuerySpaceImpl@1c39e03b]
13:23:07.009 [Test worker] DEBUG o.h.p.w.spi.MetamodelGraphWalker - Visiting attribute path : vendor
13:23:07.009 [Test worker] DEBUG o.h.p.w.spi.MetamodelGraphWalker - Visiting attribute path : version
13:23:07.009 [Test worker] DEBUG o.h.p.w.spi.MetamodelGraphWalker - Visiting attribute path : virtual_link
13:23:07.009 [Test worker] DEBUG o.h.l.p.b.i.spaces.QuerySpacesImpl - Adding QuerySpace : uid = <gen:16> -> org.hibernate.loader.plan.build.internal.spaces.CollectionQuerySpaceImpl@1bb04ff7]
13:23:07.009 [Test worker] DEBUG o.h.l.p.b.i.spaces.QuerySpacesImpl - Adding QuerySpace : uid = <gen:17> -> org.hibernate.loader.plan.build.internal.spaces.EntityQuerySpaceImpl@5451ef54]
13:23:07.009 [Test worker] DEBUG o.h.p.w.spi.MetamodelGraphWalker - Visiting attribute path : vnf_address
13:23:07.009 [Test worker] DEBUG o.h.p.w.spi.MetamodelGraphWalker - Visiting attribute path : vnfm_id
13:23:07.009 [Test worker] DEBUG o.h.l.p.b.i.FetchStyleLoadPlanBuildingAssociationVisitationStrategy - Building LoadPlan...
13:23:07.009 [Test worker] DEBUG o.h.l.p.e.i.LoadQueryJoinAndFetchProcessor - processing queryspace <gen:0>
13:23:07.010 [Test worker] DEBUG o.h.l.p.b.spi.LoadPlanTreePrinter - LoadPlan(entity=org.project.neutrino.nfvo.catalogue.mano.record.VirtualNetworkFunctionRecord)
    - Returns
       - EntityReturnImpl(entity=org.project.neutrino.nfvo.catalogue.mano.record.VirtualNetworkFunctionRecord, querySpaceUid=<gen:0>, path=org.project.neutrino.nfvo.catalogue.mano.record.VirtualNetworkFunctionRecord)
          - CollectionAttributeFetchImpl(collection=org.project.neutrino.nfvo.catalogue.mano.record.VirtualNetworkFunctionRecord.auto_scale_policy, querySpaceUid=<gen:1>, path=org.project.neutrino.nfvo.catalogue.mano.record.VirtualNetworkFunctionRecord.auto_scale_policy)
             - (collection element) CollectionFetchableElementEntityGraph(entity=org.project.neutrino.nfvo.catalogue.mano.common.AutoScalePolicy, querySpaceUid=<gen:2>, path=org.project.neutrino.nfvo.catalogue.mano.record.VirtualNetworkFunctionRecord.auto_scale_policy.<elements>)
          - CollectionAttributeFetchImpl(collection=org.project.neutrino.nfvo.catalogue.mano.record.VirtualNetworkFunctionRecord.connected_external_virtual_link, querySpaceUid=<gen:3>, path=org.project.neutrino.nfvo.catalogue.mano.record.VirtualNetworkFunctionRecord.connected_external_virtual_link)
             - (collection element) CollectionFetchableElementEntityGraph(entity=org.project.neutrino.nfvo.catalogue.mano.record.VirtualLinkRecord, querySpaceUid=<gen:4>, path=org.project.neutrino.nfvo.catalogue.mano.record.VirtualNetworkFunctionRecord.connected_external_virtual_link.<elements>)
          - CollectionAttributeFetchImpl(collection=org.project.neutrino.nfvo.catalogue.mano.record.VirtualNetworkFunctionRecord.connection_point, querySpaceUid=<gen:5>, path=org.project.neutrino.nfvo.catalogue.mano.record.VirtualNetworkFunctionRecord.connection_point)
             - (collection element) CollectionFetchableElementEntityGraph(entity=org.project.neutrino.nfvo.catalogue.mano.common.ConnectionPoint, querySpaceUid=<gen:6>, path=org.project.neutrino.nfvo.catalogue.mano.record.VirtualNetworkFunctionRecord.connection_point.<elements>)
          - CollectionAttributeFetchImpl(collection=org.project.neutrino.nfvo.catalogue.mano.record.VirtualNetworkFunctionRecord.dependency, querySpaceUid=<gen:7>, path=org.project.neutrino.nfvo.catalogue.mano.record.VirtualNetworkFunctionRecord.dependency)
             - (collection element) CollectionFetchableElementEntityGraph(entity=org.project.neutrino.nfvo.catalogue.mano.common.VNFDependency, querySpaceUid=<gen:8>, path=org.project.neutrino.nfvo.catalogue.mano.record.VirtualNetworkFunctionRecord.dependency.<elements>)
          - EntityAttributeFetchImpl(entity=org.project.neutrino.nfvo.catalogue.mano.descriptor.VNFDDeploymentFlavour, querySpaceUid=<gen:9>, path=org.project.neutrino.nfvo.catalogue.mano.record.VirtualNetworkFunctionRecord.deployment_flavour)
          - EntityAttributeFetchImpl(entity=org.project.neutrino.nfvo.catalogue.mano.common.LifecycleEvent, querySpaceUid=<gen:10>, path=org.project.neutrino.nfvo.catalogue.mano.record.VirtualNetworkFunctionRecord.lifecycle_event)
          - CollectionAttributeFetchImpl(collection=org.project.neutrino.nfvo.catalogue.mano.record.VirtualNetworkFunctionRecord.lifecycle_event_history, querySpaceUid=<gen:11>, path=org.project.neutrino.nfvo.catalogue.mano.record.VirtualNetworkFunctionRecord.lifecycle_event_history)
             - (collection element) CollectionFetchableElementEntityGraph(entity=org.project.neutrino.nfvo.catalogue.mano.common.LifecycleEvent, querySpaceUid=<gen:12>, path=org.project.neutrino.nfvo.catalogue.mano.record.VirtualNetworkFunctionRecord.lifecycle_event_history.<elements>)
          - EntityAttributeFetchImpl(entity=org.project.neutrino.nfvo.catalogue.mano.record.NetworkServiceRecord, querySpaceUid=<gen:13>, path=org.project.neutrino.nfvo.catalogue.mano.record.VirtualNetworkFunctionRecord.parent_ns)
          - CollectionAttributeFetchImpl(collection=org.project.neutrino.nfvo.catalogue.mano.record.VirtualNetworkFunctionRecord.vdu, querySpaceUid=<gen:14>, path=org.project.neutrino.nfvo.catalogue.mano.record.VirtualNetworkFunctionRecord.vdu)
             - (collection element) CollectionFetchableElementEntityGraph(entity=org.project.neutrino.nfvo.catalogue.mano.descriptor.VirtualDeploymentUnit, querySpaceUid=<gen:15>, path=org.project.neutrino.nfvo.catalogue.mano.record.VirtualNetworkFunctionRecord.vdu.<elements>)
          - CollectionAttributeFetchImpl(collection=org.project.neutrino.nfvo.catalogue.mano.record.VirtualNetworkFunctionRecord.virtual_link, querySpaceUid=<gen:16>, path=org.project.neutrino.nfvo.catalogue.mano.record.VirtualNetworkFunctionRecord.virtual_link)
             - (collection element) CollectionFetchableElementEntityGraph(entity=org.project.neutrino.nfvo.catalogue.mano.descriptor.InternalVirtualLink, querySpaceUid=<gen:17>, path=org.project.neutrino.nfvo.catalogue.mano.record.VirtualNetworkFunctionRecord.virtual_link.<elements>)
    - QuerySpaces
       - EntityQuerySpaceImpl(uid=<gen:0>, entity=org.project.neutrino.nfvo.catalogue.mano.record.VirtualNetworkFunctionRecord)
          - SQL table alias mapping - virtualnet0_
          - alias suffix - 0_
          - suffixed key columns - {id1_68_0_}

13:23:07.010 [Test worker] DEBUG o.h.loader.entity.plan.EntityLoader - Static select for entity org.project.neutrino.nfvo.catalogue.mano.record.VirtualNetworkFunctionRecord [OPTIMISTIC_FORCE_INCREMENT]: select virtualnet0_.id as id1_68_0_, virtualnet0_.audit_log as audit_lo2_68_0_, virtualnet0_.deployment_flavour_id as deployme9_68_0_, virtualnet0_.descriptor_reference as descript3_68_0_, virtualnet0_.lifecycle_event_id as lifecyc10_68_0_, virtualnet0_.localization as localiza4_68_0_, virtualnet0_.parent_ns_id as parent_11_68_0_, virtualnet0_.status as status5_68_0_, virtualnet0_.vendor as vendor6_68_0_, virtualnet0_.version as version7_68_0_, virtualnet0_.vnfm_id as vnfm_id8_68_0_ from virtual_network_function_record virtualnet0_ where virtualnet0_.id=?
13:23:07.011 [Test worker] DEBUG org.hibernate.loader.Loader - Static select for action ACTION_MERGE on entity org.project.neutrino.nfvo.catalogue.mano.record.VirtualNetworkFunctionRecord: select virtualnet0_.id as id1_68_8_, virtualnet0_.audit_log as audit_lo2_68_8_, virtualnet0_.deployment_flavour_id as deployme9_68_8_, virtualnet0_.descriptor_reference as descript3_68_8_, virtualnet0_.lifecycle_event_id as lifecyc10_68_8_, virtualnet0_.localization as localiza4_68_8_, virtualnet0_.parent_ns_id as parent_11_68_8_, virtualnet0_.status as status5_68_8_, virtualnet0_.vendor as vendor6_68_8_, virtualnet0_.version as version7_68_8_, virtualnet0_.vnfm_id as vnfm_id8_68_8_, auto_scale1_.virtual_network_function_record_id as virtual_1_68_10_, autoscalep2_.id as auto_sca2_69_10_, autoscalep2_.id as id1_3_0_, autoscalep2_.version as version2_3_0_, vnfddeploy3_.id as id1_7_1_, vnfddeploy3_.flavour_key as flavour_2_7_1_, vnfddeploy3_.version as version3_7_1_, lifecyclee4_.id as id1_10_2_, lifecyclee4_.version as version2_10_2_, networkser5_.id as id1_18_3_, networkser5_.audit_log as audit_lo2_18_3_, networkser5_.descriptor_reference_Id as descript9_18_3_, networkser5_.lifecycle_event_id as lifecyc10_18_3_, networkser5_.notification as notifica3_18_3_, networkser5_.resource_reservation as resource4_18_3_, networkser5_.runtime_policy_info as runtime_5_18_3_, networkser5_.service_deployment_flavour_id as service11_18_3_, networkser5_.status as status6_18_3_, networkser5_.vendor as vendor7_18_3_, networkser5_.version as version8_18_3_, networkser5_.vnfr_id as vnfr_id12_18_3_, nfventityd6_.id as id1_27_4_, nfventityd6_.hb_version as hb_versi2_27_4_, nfventityd6_.vendor as vendor3_27_4_, nfventityd6_.version as version4_27_4_, nfventityd6_.descriptor_version as descript1_62_4_, nfventityd6_.manifest_file as manifest2_62_4_, nfventityd6_.nsd_security_id as nsd_secu1_14_4_, nfventityd6_.clazz_ as clazz_4_, lifecyclee7_.id as id1_10_5_, lifecyclee7_.version as version2_10_5_, servicedep8_.id as id1_7_6_, servicedep8_.flavour_key as flavour_2_7_6_, servicedep8_.version as version3_7_6_, virtualnet9_.id as id1_68_7_, virtualnet9_.audit_log as audit_lo2_68_7_, virtualnet9_.deployment_flavour_id as deployme9_68_7_, virtualnet9_.descriptor_reference as descript3_68_7_, virtualnet9_.lifecycle_event_id as lifecyc10_68_7_, virtualnet9_.localization as localiza4_68_7_, virtualnet9_.parent_ns_id as parent_11_68_7_, virtualnet9_.status as status5_68_7_, virtualnet9_.vendor as vendor6_68_7_, virtualnet9_.version as version7_68_7_, virtualnet9_.vnfm_id as vnfm_id8_68_7_ from virtual_network_function_record virtualnet0_ left outer join virtual_network_function_record_auto_scale_policy auto_scale1_ on virtualnet0_.id=auto_scale1_.virtual_network_function_record_id left outer join auto_scale_policy autoscalep2_ on auto_scale1_.auto_scale_policy_id=autoscalep2_.id left outer join vnfddeployment_flavour vnfddeploy3_ on virtualnet0_.deployment_flavour_id=vnfddeploy3_.id left outer join lifecycle_event lifecyclee4_ on virtualnet0_.lifecycle_event_id=lifecyclee4_.id left outer join network_service_record networkser5_ on virtualnet0_.parent_ns_id=networkser5_.id left outer join ( select id, hb_version, vendor, version, descriptor_version, manifest_file, null as nsd_security_id, 1 as clazz_ from virtual_network_function_descriptor union select id, hb_version, vendor, version, null as descriptor_version, null as manifest_file, nsd_security_id, 2 as clazz_ from network_service_descriptor ) nfventityd6_ on networkser5_.descriptor_reference_Id=nfventityd6_.id left outer join lifecycle_event lifecyclee7_ on networkser5_.lifecycle_event_id=lifecyclee7_.id left outer join service_deployment_flavour servicedep8_ on networkser5_.service_deployment_flavour_id=servicedep8_.id left outer join virtual_network_function_record virtualnet9_ on networkser5_.vnfr_id=virtualnet9_.id where virtualnet0_.id=?
13:23:07.013 [Test worker] DEBUG org.hibernate.loader.Loader - Static select for action ACTION_REFRESH on entity org.project.neutrino.nfvo.catalogue.mano.record.VirtualNetworkFunctionRecord: select virtualnet0_.id as id1_68_8_, virtualnet0_.audit_log as audit_lo2_68_8_, virtualnet0_.deployment_flavour_id as deployme9_68_8_, virtualnet0_.descriptor_reference as descript3_68_8_, virtualnet0_.lifecycle_event_id as lifecyc10_68_8_, virtualnet0_.localization as localiza4_68_8_, virtualnet0_.parent_ns_id as parent_11_68_8_, virtualnet0_.status as status5_68_8_, virtualnet0_.vendor as vendor6_68_8_, virtualnet0_.version as version7_68_8_, virtualnet0_.vnfm_id as vnfm_id8_68_8_, auto_scale1_.virtual_network_function_record_id as virtual_1_68_10_, autoscalep2_.id as auto_sca2_69_10_, autoscalep2_.id as id1_3_0_, autoscalep2_.version as version2_3_0_, vnfddeploy3_.id as id1_7_1_, vnfddeploy3_.flavour_key as flavour_2_7_1_, vnfddeploy3_.version as version3_7_1_, lifecyclee4_.id as id1_10_2_, lifecyclee4_.version as version2_10_2_, networkser5_.id as id1_18_3_, networkser5_.audit_log as audit_lo2_18_3_, networkser5_.descriptor_reference_Id as descript9_18_3_, networkser5_.lifecycle_event_id as lifecyc10_18_3_, networkser5_.notification as notifica3_18_3_, networkser5_.resource_reservation as resource4_18_3_, networkser5_.runtime_policy_info as runtime_5_18_3_, networkser5_.service_deployment_flavour_id as service11_18_3_, networkser5_.status as status6_18_3_, networkser5_.vendor as vendor7_18_3_, networkser5_.version as version8_18_3_, networkser5_.vnfr_id as vnfr_id12_18_3_, nfventityd6_.id as id1_27_4_, nfventityd6_.hb_version as hb_versi2_27_4_, nfventityd6_.vendor as vendor3_27_4_, nfventityd6_.version as version4_27_4_, nfventityd6_.descriptor_version as descript1_62_4_, nfventityd6_.manifest_file as manifest2_62_4_, nfventityd6_.nsd_security_id as nsd_secu1_14_4_, nfventityd6_.clazz_ as clazz_4_, lifecyclee7_.id as id1_10_5_, lifecyclee7_.version as version2_10_5_, servicedep8_.id as id1_7_6_, servicedep8_.flavour_key as flavour_2_7_6_, servicedep8_.version as version3_7_6_, virtualnet9_.id as id1_68_7_, virtualnet9_.audit_log as audit_lo2_68_7_, virtualnet9_.deployment_flavour_id as deployme9_68_7_, virtualnet9_.descriptor_reference as descript3_68_7_, virtualnet9_.lifecycle_event_id as lifecyc10_68_7_, virtualnet9_.localization as localiza4_68_7_, virtualnet9_.parent_ns_id as parent_11_68_7_, virtualnet9_.status as status5_68_7_, virtualnet9_.vendor as vendor6_68_7_, virtualnet9_.version as version7_68_7_, virtualnet9_.vnfm_id as vnfm_id8_68_7_ from virtual_network_function_record virtualnet0_ left outer join virtual_network_function_record_auto_scale_policy auto_scale1_ on virtualnet0_.id=auto_scale1_.virtual_network_function_record_id left outer join auto_scale_policy autoscalep2_ on auto_scale1_.auto_scale_policy_id=autoscalep2_.id left outer join vnfddeployment_flavour vnfddeploy3_ on virtualnet0_.deployment_flavour_id=vnfddeploy3_.id left outer join lifecycle_event lifecyclee4_ on virtualnet0_.lifecycle_event_id=lifecyclee4_.id left outer join network_service_record networkser5_ on virtualnet0_.parent_ns_id=networkser5_.id left outer join ( select id, hb_version, vendor, version, descriptor_version, manifest_file, null as nsd_security_id, 1 as clazz_ from virtual_network_function_descriptor union select id, hb_version, vendor, version, null as descriptor_version, null as manifest_file, nsd_security_id, 2 as clazz_ from network_service_descriptor ) nfventityd6_ on networkser5_.descriptor_reference_Id=nfventityd6_.id left outer join lifecycle_event lifecyclee7_ on networkser5_.lifecycle_event_id=lifecyclee7_.id left outer join service_deployment_flavour servicedep8_ on networkser5_.service_deployment_flavour_id=servicedep8_.id left outer join virtual_network_function_record virtualnet9_ on networkser5_.vnfr_id=virtualnet9_.id where virtualnet0_.id=?
13:23:07.013 [Test worker] DEBUG o.h.p.entity.AbstractEntityPersister - Static SQL for entity: org.project.neutrino.nfvo.catalogue.mano.common.LifecycleEvent
13:23:07.013 [Test worker] DEBUG o.h.p.entity.AbstractEntityPersister -  Version select: select version from lifecycle_event where id =?
13:23:07.013 [Test worker] DEBUG o.h.p.entity.AbstractEntityPersister -  Snapshot select: select lifecyclee_.id, lifecyclee_.version as version2_10_ from lifecycle_event lifecyclee_ where lifecyclee_.id=?
13:23:07.013 [Test worker] DEBUG o.h.p.entity.AbstractEntityPersister -  Insert 0: insert into lifecycle_event (version, id) values (?, ?)
13:23:07.013 [Test worker] DEBUG o.h.p.entity.AbstractEntityPersister -  Update 0: update lifecycle_event set version=? where id=? and version=?
13:23:07.013 [Test worker] DEBUG o.h.p.entity.AbstractEntityPersister -  Delete 0: delete from lifecycle_event where id=? and version=?
13:23:07.013 [Test worker] DEBUG o.h.l.p.b.i.spaces.QuerySpacesImpl - Adding QuerySpace : uid = <gen:0> -> org.hibernate.loader.plan.build.internal.spaces.EntityQuerySpaceImpl@4f379f0b]
13:23:07.013 [Test worker] DEBUG o.h.p.w.spi.MetamodelGraphWalker - Visiting attribute path : lifecycle_events
13:23:07.013 [Test worker] DEBUG o.h.p.w.spi.MetamodelGraphWalker - Visiting attribute path : version
13:23:07.014 [Test worker] DEBUG o.h.l.p.b.i.FetchStyleLoadPlanBuildingAssociationVisitationStrategy - Building LoadPlan...
13:23:07.014 [Test worker] DEBUG o.h.l.p.e.i.LoadQueryJoinAndFetchProcessor - processing queryspace <gen:0>
13:23:07.014 [Test worker] DEBUG o.h.l.p.b.spi.LoadPlanTreePrinter - LoadPlan(entity=org.project.neutrino.nfvo.catalogue.mano.common.LifecycleEvent)
    - Returns
       - EntityReturnImpl(entity=org.project.neutrino.nfvo.catalogue.mano.common.LifecycleEvent, querySpaceUid=<gen:0>, path=org.project.neutrino.nfvo.catalogue.mano.common.LifecycleEvent)
    - QuerySpaces
       - EntityQuerySpaceImpl(uid=<gen:0>, entity=org.project.neutrino.nfvo.catalogue.mano.common.LifecycleEvent)
          - SQL table alias mapping - lifecyclee0_
          - alias suffix - 0_
          - suffixed key columns - {id1_10_0_}

13:23:07.014 [Test worker] DEBUG o.h.loader.entity.plan.EntityLoader - Static select for entity org.project.neutrino.nfvo.catalogue.mano.common.LifecycleEvent [NONE]: select lifecyclee0_.id as id1_10_0_, lifecyclee0_.version as version2_10_0_ from lifecycle_event lifecyclee0_ where lifecyclee0_.id=?
13:23:07.014 [Test worker] DEBUG o.h.l.p.b.i.spaces.QuerySpacesImpl - Adding QuerySpace : uid = <gen:0> -> org.hibernate.loader.plan.build.internal.spaces.EntityQuerySpaceImpl@5b02c0b4]
13:23:07.014 [Test worker] DEBUG o.h.p.w.spi.MetamodelGraphWalker - Visiting attribute path : lifecycle_events
13:23:07.014 [Test worker] DEBUG o.h.p.w.spi.MetamodelGraphWalker - Visiting attribute path : version
13:23:07.014 [Test worker] DEBUG o.h.l.p.b.i.FetchStyleLoadPlanBuildingAssociationVisitationStrategy - Building LoadPlan...
13:23:07.014 [Test worker] DEBUG o.h.l.p.e.i.LoadQueryJoinAndFetchProcessor - processing queryspace <gen:0>
13:23:07.015 [Test worker] DEBUG o.h.l.p.b.spi.LoadPlanTreePrinter - LoadPlan(entity=org.project.neutrino.nfvo.catalogue.mano.common.LifecycleEvent)
    - Returns
       - EntityReturnImpl(entity=org.project.neutrino.nfvo.catalogue.mano.common.LifecycleEvent, querySpaceUid=<gen:0>, path=org.project.neutrino.nfvo.catalogue.mano.common.LifecycleEvent)
    - QuerySpaces
       - EntityQuerySpaceImpl(uid=<gen:0>, entity=org.project.neutrino.nfvo.catalogue.mano.common.LifecycleEvent)
          - SQL table alias mapping - lifecyclee0_
          - alias suffix - 0_
          - suffixed key columns - {id1_10_0_}

13:23:07.015 [Test worker] DEBUG o.h.loader.entity.plan.EntityLoader - Static select for entity org.project.neutrino.nfvo.catalogue.mano.common.LifecycleEvent [READ]: select lifecyclee0_.id as id1_10_0_, lifecyclee0_.version as version2_10_0_ from lifecycle_event lifecyclee0_ where lifecyclee0_.id=?
13:23:07.015 [Test worker] DEBUG o.h.l.p.b.i.spaces.QuerySpacesImpl - Adding QuerySpace : uid = <gen:0> -> org.hibernate.loader.plan.build.internal.spaces.EntityQuerySpaceImpl@2fb0dc0d]
13:23:07.015 [Test worker] DEBUG o.h.p.w.spi.MetamodelGraphWalker - Visiting attribute path : lifecycle_events
13:23:07.015 [Test worker] DEBUG o.h.p.w.spi.MetamodelGraphWalker - Visiting attribute path : version
13:23:07.015 [Test worker] DEBUG o.h.l.p.b.i.FetchStyleLoadPlanBuildingAssociationVisitationStrategy - Building LoadPlan...
13:23:07.015 [Test worker] DEBUG o.h.l.p.e.i.LoadQueryJoinAndFetchProcessor - processing queryspace <gen:0>
13:23:07.015 [Test worker] DEBUG o.h.l.p.b.spi.LoadPlanTreePrinter - LoadPlan(entity=org.project.neutrino.nfvo.catalogue.mano.common.LifecycleEvent)
    - Returns
       - EntityReturnImpl(entity=org.project.neutrino.nfvo.catalogue.mano.common.LifecycleEvent, querySpaceUid=<gen:0>, path=org.project.neutrino.nfvo.catalogue.mano.common.LifecycleEvent)
    - QuerySpaces
       - EntityQuerySpaceImpl(uid=<gen:0>, entity=org.project.neutrino.nfvo.catalogue.mano.common.LifecycleEvent)
          - SQL table alias mapping - lifecyclee0_
          - alias suffix - 0_
          - suffixed key columns - {id1_10_0_}

13:23:07.015 [Test worker] DEBUG o.h.loader.entity.plan.EntityLoader - Static select for entity org.project.neutrino.nfvo.catalogue.mano.common.LifecycleEvent [UPGRADE]: select lifecyclee0_.id as id1_10_0_, lifecyclee0_.version as version2_10_0_ from lifecycle_event lifecyclee0_ where lifecyclee0_.id=? for update
13:23:07.015 [Test worker] DEBUG o.h.l.p.b.i.spaces.QuerySpacesImpl - Adding QuerySpace : uid = <gen:0> -> org.hibernate.loader.plan.build.internal.spaces.EntityQuerySpaceImpl@407e0764]
13:23:07.015 [Test worker] DEBUG o.h.p.w.spi.MetamodelGraphWalker - Visiting attribute path : lifecycle_events
13:23:07.015 [Test worker] DEBUG o.h.p.w.spi.MetamodelGraphWalker - Visiting attribute path : version
13:23:07.015 [Test worker] DEBUG o.h.l.p.b.i.FetchStyleLoadPlanBuildingAssociationVisitationStrategy - Building LoadPlan...
13:23:07.016 [Test worker] DEBUG o.h.l.p.e.i.LoadQueryJoinAndFetchProcessor - processing queryspace <gen:0>
13:23:07.016 [Test worker] DEBUG o.h.l.p.b.spi.LoadPlanTreePrinter - LoadPlan(entity=org.project.neutrino.nfvo.catalogue.mano.common.LifecycleEvent)
    - Returns
       - EntityReturnImpl(entity=org.project.neutrino.nfvo.catalogue.mano.common.LifecycleEvent, querySpaceUid=<gen:0>, path=org.project.neutrino.nfvo.catalogue.mano.common.LifecycleEvent)
    - QuerySpaces
       - EntityQuerySpaceImpl(uid=<gen:0>, entity=org.project.neutrino.nfvo.catalogue.mano.common.LifecycleEvent)
          - SQL table alias mapping - lifecyclee0_
          - alias suffix - 0_
          - suffixed key columns - {id1_10_0_}

13:23:07.016 [Test worker] DEBUG o.h.loader.entity.plan.EntityLoader - Static select for entity org.project.neutrino.nfvo.catalogue.mano.common.LifecycleEvent [UPGRADE_NOWAIT]: select lifecyclee0_.id as id1_10_0_, lifecyclee0_.version as version2_10_0_ from lifecycle_event lifecyclee0_ where lifecyclee0_.id=? for update
13:23:07.016 [Test worker] DEBUG o.h.l.p.b.i.spaces.QuerySpacesImpl - Adding QuerySpace : uid = <gen:0> -> org.hibernate.loader.plan.build.internal.spaces.EntityQuerySpaceImpl@3a654e77]
13:23:07.016 [Test worker] DEBUG o.h.p.w.spi.MetamodelGraphWalker - Visiting attribute path : lifecycle_events
13:23:07.016 [Test worker] DEBUG o.h.p.w.spi.MetamodelGraphWalker - Visiting attribute path : version
13:23:07.016 [Test worker] DEBUG o.h.l.p.b.i.FetchStyleLoadPlanBuildingAssociationVisitationStrategy - Building LoadPlan...
13:23:07.016 [Test worker] DEBUG o.h.l.p.e.i.LoadQueryJoinAndFetchProcessor - processing queryspace <gen:0>
13:23:07.017 [Test worker] DEBUG o.h.l.p.b.spi.LoadPlanTreePrinter - LoadPlan(entity=org.project.neutrino.nfvo.catalogue.mano.common.LifecycleEvent)
    - Returns
       - EntityReturnImpl(entity=org.project.neutrino.nfvo.catalogue.mano.common.LifecycleEvent, querySpaceUid=<gen:0>, path=org.project.neutrino.nfvo.catalogue.mano.common.LifecycleEvent)
    - QuerySpaces
       - EntityQuerySpaceImpl(uid=<gen:0>, entity=org.project.neutrino.nfvo.catalogue.mano.common.LifecycleEvent)
          - SQL table alias mapping - lifecyclee0_
          - alias suffix - 0_
          - suffixed key columns - {id1_10_0_}

13:23:07.017 [Test worker] DEBUG o.h.loader.entity.plan.EntityLoader - Static select for entity org.project.neutrino.nfvo.catalogue.mano.common.LifecycleEvent [UPGRADE_SKIPLOCKED]: select lifecyclee0_.id as id1_10_0_, lifecyclee0_.version as version2_10_0_ from lifecycle_event lifecyclee0_ where lifecyclee0_.id=? for update
13:23:07.017 [Test worker] DEBUG o.h.l.p.b.i.spaces.QuerySpacesImpl - Adding QuerySpace : uid = <gen:0> -> org.hibernate.loader.plan.build.internal.spaces.EntityQuerySpaceImpl@7c4e3a18]
13:23:07.017 [Test worker] DEBUG o.h.p.w.spi.MetamodelGraphWalker - Visiting attribute path : lifecycle_events
13:23:07.017 [Test worker] DEBUG o.h.p.w.spi.MetamodelGraphWalker - Visiting attribute path : version
13:23:07.017 [Test worker] DEBUG o.h.l.p.b.i.FetchStyleLoadPlanBuildingAssociationVisitationStrategy - Building LoadPlan...
13:23:07.017 [Test worker] DEBUG o.h.l.p.e.i.LoadQueryJoinAndFetchProcessor - processing queryspace <gen:0>
13:23:07.017 [Test worker] DEBUG o.h.l.p.b.spi.LoadPlanTreePrinter - LoadPlan(entity=org.project.neutrino.nfvo.catalogue.mano.common.LifecycleEvent)
    - Returns
       - EntityReturnImpl(entity=org.project.neutrino.nfvo.catalogue.mano.common.LifecycleEvent, querySpaceUid=<gen:0>, path=org.project.neutrino.nfvo.catalogue.mano.common.LifecycleEvent)
    - QuerySpaces
       - EntityQuerySpaceImpl(uid=<gen:0>, entity=org.project.neutrino.nfvo.catalogue.mano.common.LifecycleEvent)
          - SQL table alias mapping - lifecyclee0_
          - alias suffix - 0_
          - suffixed key columns - {id1_10_0_}

13:23:07.017 [Test worker] DEBUG o.h.loader.entity.plan.EntityLoader - Static select for entity org.project.neutrino.nfvo.catalogue.mano.common.LifecycleEvent [FORCE]: select lifecyclee0_.id as id1_10_0_, lifecyclee0_.version as version2_10_0_ from lifecycle_event lifecyclee0_ where lifecyclee0_.id=? for update
13:23:07.018 [Test worker] DEBUG o.h.l.p.b.i.spaces.QuerySpacesImpl - Adding QuerySpace : uid = <gen:0> -> org.hibernate.loader.plan.build.internal.spaces.EntityQuerySpaceImpl@5f37f3e1]
13:23:07.018 [Test worker] DEBUG o.h.p.w.spi.MetamodelGraphWalker - Visiting attribute path : lifecycle_events
13:23:07.018 [Test worker] DEBUG o.h.p.w.spi.MetamodelGraphWalker - Visiting attribute path : version
13:23:07.018 [Test worker] DEBUG o.h.l.p.b.i.FetchStyleLoadPlanBuildingAssociationVisitationStrategy - Building LoadPlan...
13:23:07.018 [Test worker] DEBUG o.h.l.p.e.i.LoadQueryJoinAndFetchProcessor - processing queryspace <gen:0>
13:23:07.018 [Test worker] DEBUG o.h.l.p.b.spi.LoadPlanTreePrinter - LoadPlan(entity=org.project.neutrino.nfvo.catalogue.mano.common.LifecycleEvent)
    - Returns
       - EntityReturnImpl(entity=org.project.neutrino.nfvo.catalogue.mano.common.LifecycleEvent, querySpaceUid=<gen:0>, path=org.project.neutrino.nfvo.catalogue.mano.common.LifecycleEvent)
    - QuerySpaces
       - EntityQuerySpaceImpl(uid=<gen:0>, entity=org.project.neutrino.nfvo.catalogue.mano.common.LifecycleEvent)
          - SQL table alias mapping - lifecyclee0_
          - alias suffix - 0_
          - suffixed key columns - {id1_10_0_}

13:23:07.018 [Test worker] DEBUG o.h.loader.entity.plan.EntityLoader - Static select for entity org.project.neutrino.nfvo.catalogue.mano.common.LifecycleEvent [PESSIMISTIC_READ]: select lifecyclee0_.id as id1_10_0_, lifecyclee0_.version as version2_10_0_ from lifecycle_event lifecyclee0_ where lifecyclee0_.id=? lock in share mode
13:23:07.018 [Test worker] DEBUG o.h.l.p.b.i.spaces.QuerySpacesImpl - Adding QuerySpace : uid = <gen:0> -> org.hibernate.loader.plan.build.internal.spaces.EntityQuerySpaceImpl@4b89ecb1]
13:23:07.018 [Test worker] DEBUG o.h.p.w.spi.MetamodelGraphWalker - Visiting attribute path : lifecycle_events
13:23:07.018 [Test worker] DEBUG o.h.p.w.spi.MetamodelGraphWalker - Visiting attribute path : version
13:23:07.018 [Test worker] DEBUG o.h.l.p.b.i.FetchStyleLoadPlanBuildingAssociationVisitationStrategy - Building LoadPlan...
13:23:07.019 [Test worker] DEBUG o.h.l.p.e.i.LoadQueryJoinAndFetchProcessor - processing queryspace <gen:0>
13:23:07.019 [Test worker] DEBUG o.h.l.p.b.spi.LoadPlanTreePrinter - LoadPlan(entity=org.project.neutrino.nfvo.catalogue.mano.common.LifecycleEvent)
    - Returns
       - EntityReturnImpl(entity=org.project.neutrino.nfvo.catalogue.mano.common.LifecycleEvent, querySpaceUid=<gen:0>, path=org.project.neutrino.nfvo.catalogue.mano.common.LifecycleEvent)
    - QuerySpaces
       - EntityQuerySpaceImpl(uid=<gen:0>, entity=org.project.neutrino.nfvo.catalogue.mano.common.LifecycleEvent)
          - SQL table alias mapping - lifecyclee0_
          - alias suffix - 0_
          - suffixed key columns - {id1_10_0_}

13:23:07.019 [Test worker] DEBUG o.h.loader.entity.plan.EntityLoader - Static select for entity org.project.neutrino.nfvo.catalogue.mano.common.LifecycleEvent [PESSIMISTIC_WRITE]: select lifecyclee0_.id as id1_10_0_, lifecyclee0_.version as version2_10_0_ from lifecycle_event lifecyclee0_ where lifecyclee0_.id=? for update
13:23:07.019 [Test worker] DEBUG o.h.l.p.b.i.spaces.QuerySpacesImpl - Adding QuerySpace : uid = <gen:0> -> org.hibernate.loader.plan.build.internal.spaces.EntityQuerySpaceImpl@525d9797]
13:23:07.019 [Test worker] DEBUG o.h.p.w.spi.MetamodelGraphWalker - Visiting attribute path : lifecycle_events
13:23:07.019 [Test worker] DEBUG o.h.p.w.spi.MetamodelGraphWalker - Visiting attribute path : version
13:23:07.019 [Test worker] DEBUG o.h.l.p.b.i.FetchStyleLoadPlanBuildingAssociationVisitationStrategy - Building LoadPlan...
13:23:07.019 [Test worker] DEBUG o.h.l.p.e.i.LoadQueryJoinAndFetchProcessor - processing queryspace <gen:0>
13:23:07.019 [Test worker] DEBUG o.h.l.p.b.spi.LoadPlanTreePrinter - LoadPlan(entity=org.project.neutrino.nfvo.catalogue.mano.common.LifecycleEvent)
    - Returns
       - EntityReturnImpl(entity=org.project.neutrino.nfvo.catalogue.mano.common.LifecycleEvent, querySpaceUid=<gen:0>, path=org.project.neutrino.nfvo.catalogue.mano.common.LifecycleEvent)
    - QuerySpaces
       - EntityQuerySpaceImpl(uid=<gen:0>, entity=org.project.neutrino.nfvo.catalogue.mano.common.LifecycleEvent)
          - SQL table alias mapping - lifecyclee0_
          - alias suffix - 0_
          - suffixed key columns - {id1_10_0_}

13:23:07.019 [Test worker] DEBUG o.h.loader.entity.plan.EntityLoader - Static select for entity org.project.neutrino.nfvo.catalogue.mano.common.LifecycleEvent [PESSIMISTIC_FORCE_INCREMENT]: select lifecyclee0_.id as id1_10_0_, lifecyclee0_.version as version2_10_0_ from lifecycle_event lifecyclee0_ where lifecyclee0_.id=? for update
13:23:07.019 [Test worker] DEBUG o.h.l.p.b.i.spaces.QuerySpacesImpl - Adding QuerySpace : uid = <gen:0> -> org.hibernate.loader.plan.build.internal.spaces.EntityQuerySpaceImpl@71837880]
13:23:07.019 [Test worker] DEBUG o.h.p.w.spi.MetamodelGraphWalker - Visiting attribute path : lifecycle_events
13:23:07.019 [Test worker] DEBUG o.h.p.w.spi.MetamodelGraphWalker - Visiting attribute path : version
13:23:07.020 [Test worker] DEBUG o.h.l.p.b.i.FetchStyleLoadPlanBuildingAssociationVisitationStrategy - Building LoadPlan...
13:23:07.020 [Test worker] DEBUG o.h.l.p.e.i.LoadQueryJoinAndFetchProcessor - processing queryspace <gen:0>
13:23:07.020 [Test worker] DEBUG o.h.l.p.b.spi.LoadPlanTreePrinter - LoadPlan(entity=org.project.neutrino.nfvo.catalogue.mano.common.LifecycleEvent)
    - Returns
       - EntityReturnImpl(entity=org.project.neutrino.nfvo.catalogue.mano.common.LifecycleEvent, querySpaceUid=<gen:0>, path=org.project.neutrino.nfvo.catalogue.mano.common.LifecycleEvent)
    - QuerySpaces
       - EntityQuerySpaceImpl(uid=<gen:0>, entity=org.project.neutrino.nfvo.catalogue.mano.common.LifecycleEvent)
          - SQL table alias mapping - lifecyclee0_
          - alias suffix - 0_
          - suffixed key columns - {id1_10_0_}

13:23:07.020 [Test worker] DEBUG o.h.loader.entity.plan.EntityLoader - Static select for entity org.project.neutrino.nfvo.catalogue.mano.common.LifecycleEvent [OPTIMISTIC]: select lifecyclee0_.id as id1_10_0_, lifecyclee0_.version as version2_10_0_ from lifecycle_event lifecyclee0_ where lifecyclee0_.id=?
13:23:07.020 [Test worker] DEBUG o.h.l.p.b.i.spaces.QuerySpacesImpl - Adding QuerySpace : uid = <gen:0> -> org.hibernate.loader.plan.build.internal.spaces.EntityQuerySpaceImpl@6fffdba2]
13:23:07.020 [Test worker] DEBUG o.h.p.w.spi.MetamodelGraphWalker - Visiting attribute path : lifecycle_events
13:23:07.020 [Test worker] DEBUG o.h.p.w.spi.MetamodelGraphWalker - Visiting attribute path : version
13:23:07.020 [Test worker] DEBUG o.h.l.p.b.i.FetchStyleLoadPlanBuildingAssociationVisitationStrategy - Building LoadPlan...
13:23:07.020 [Test worker] DEBUG o.h.l.p.e.i.LoadQueryJoinAndFetchProcessor - processing queryspace <gen:0>
13:23:07.020 [Test worker] DEBUG o.h.l.p.b.spi.LoadPlanTreePrinter - LoadPlan(entity=org.project.neutrino.nfvo.catalogue.mano.common.LifecycleEvent)
    - Returns
       - EntityReturnImpl(entity=org.project.neutrino.nfvo.catalogue.mano.common.LifecycleEvent, querySpaceUid=<gen:0>, path=org.project.neutrino.nfvo.catalogue.mano.common.LifecycleEvent)
    - QuerySpaces
       - EntityQuerySpaceImpl(uid=<gen:0>, entity=org.project.neutrino.nfvo.catalogue.mano.common.LifecycleEvent)
          - SQL table alias mapping - lifecyclee0_
          - alias suffix - 0_
          - suffixed key columns - {id1_10_0_}

13:23:07.020 [Test worker] DEBUG o.h.loader.entity.plan.EntityLoader - Static select for entity org.project.neutrino.nfvo.catalogue.mano.common.LifecycleEvent [OPTIMISTIC_FORCE_INCREMENT]: select lifecyclee0_.id as id1_10_0_, lifecyclee0_.version as version2_10_0_ from lifecycle_event lifecyclee0_ where lifecyclee0_.id=?
13:23:07.021 [Test worker] DEBUG org.hibernate.loader.Loader - Static select for action ACTION_MERGE on entity org.project.neutrino.nfvo.catalogue.mano.common.LifecycleEvent: select lifecyclee0_.id as id1_10_0_, lifecyclee0_.version as version2_10_0_ from lifecycle_event lifecyclee0_ where lifecyclee0_.id=?
13:23:07.021 [Test worker] DEBUG org.hibernate.loader.Loader - Static select for action ACTION_REFRESH on entity org.project.neutrino.nfvo.catalogue.mano.common.LifecycleEvent: select lifecyclee0_.id as id1_10_0_, lifecyclee0_.version as version2_10_0_ from lifecycle_event lifecyclee0_ where lifecyclee0_.id=?
13:23:07.021 [Test worker] DEBUG o.h.p.entity.AbstractEntityPersister - Static SQL for entity: org.project.neutrino.nfvo.catalogue.mano.common.NFVEntityDescriptor
13:23:07.021 [Test worker] DEBUG o.h.p.entity.AbstractEntityPersister -  Version select: select hb_version from nfventity_descriptor where id =?
13:23:07.021 [Test worker] DEBUG o.h.p.entity.AbstractEntityPersister -  Snapshot select: select nfventityd_.id, nfventityd_.hb_version as hb_versi2_27_, nfventityd_.vendor as vendor3_27_, nfventityd_.version as version4_27_ from ( select id, hb_version, vendor, version, descriptor_version, manifest_file, null as nsd_security_id, 1 as clazz_ from virtual_network_function_descriptor union select id, hb_version, vendor, version, null as descriptor_version, null as manifest_file, nsd_security_id, 2 as clazz_ from network_service_descriptor ) nfventityd_ where nfventityd_.id=?
13:23:07.021 [Test worker] DEBUG o.h.p.entity.AbstractEntityPersister -  Insert 0: insert into nfventity_descriptor (hb_version, vendor, version, id) values (?, ?, ?, ?)
13:23:07.021 [Test worker] DEBUG o.h.p.entity.AbstractEntityPersister -  Update 0: update nfventity_descriptor set hb_version=?, vendor=?, version=? where id=? and hb_version=?
13:23:07.021 [Test worker] DEBUG o.h.p.entity.AbstractEntityPersister -  Delete 0: delete from nfventity_descriptor where id=? and hb_version=?
13:23:07.021 [Test worker] DEBUG o.h.l.p.b.i.spaces.QuerySpacesImpl - Adding QuerySpace : uid = <gen:0> -> org.hibernate.loader.plan.build.internal.spaces.EntityQuerySpaceImpl@2fc7e64c]
13:23:07.021 [Test worker] DEBUG o.h.p.w.spi.MetamodelGraphWalker - Visiting attribute path : auto_scale_policy
13:23:07.021 [Test worker] DEBUG o.h.p.w.spi.MetamodelGraphWalker - Visiting attribute path : connection_point
13:23:07.021 [Test worker] DEBUG o.h.p.w.spi.MetamodelGraphWalker - Visiting attribute path : hb_version
13:23:07.021 [Test worker] DEBUG o.h.p.w.spi.MetamodelGraphWalker - Visiting attribute path : lifecycle_event
13:23:07.022 [Test worker] DEBUG o.h.p.w.spi.MetamodelGraphWalker - Visiting attribute path : monitoring_parameter
13:23:07.022 [Test worker] DEBUG o.h.l.p.b.i.spaces.QuerySpacesImpl - Adding QuerySpace : uid = <gen:1> -> org.hibernate.loader.plan.build.internal.spaces.CollectionQuerySpaceImpl@f2dfa8b]
13:23:07.022 [Test worker] DEBUG o.h.p.w.spi.MetamodelGraphWalker - Visiting attribute path : service_deployment_flavour
13:23:07.022 [Test worker] DEBUG o.h.p.w.spi.MetamodelGraphWalker - Visiting attribute path : vendor
13:23:07.022 [Test worker] DEBUG o.h.p.w.spi.MetamodelGraphWalker - Visiting attribute path : version
13:23:07.022 [Test worker] DEBUG o.h.p.w.spi.MetamodelGraphWalker - Visiting attribute path : vld
13:23:07.022 [Test worker] DEBUG o.h.p.w.spi.MetamodelGraphWalker - Visiting attribute path : vnffgd
13:23:07.022 [Test worker] DEBUG o.h.p.w.spi.MetamodelGraphWalker - Visiting attribute path : deployment_flavour
13:23:07.022 [Test worker] DEBUG o.h.l.p.b.i.spaces.QuerySpacesImpl - Adding QuerySpace : uid = <gen:2> -> org.hibernate.loader.plan.build.internal.spaces.CollectionQuerySpaceImpl@573d8208]
13:23:07.022 [Test worker] DEBUG o.h.l.p.b.i.spaces.QuerySpacesImpl - Adding QuerySpace : uid = <gen:3> -> org.hibernate.loader.plan.build.internal.spaces.EntityQuerySpaceImpl@72407f7]
13:23:07.022 [Test worker] DEBUG o.h.p.w.spi.MetamodelGraphWalker - Visiting attribute path : deployment_flavour.flavour_key
13:23:07.022 [Test worker] DEBUG o.h.p.w.spi.MetamodelGraphWalker - Visiting attribute path : deployment_flavour.version
13:23:07.022 [Test worker] DEBUG o.h.p.w.spi.MetamodelGraphWalker - Visiting attribute path : deployment_flavour.costituent_vdu
13:23:07.022 [Test worker] DEBUG o.h.p.w.spi.MetamodelGraphWalker - Visiting attribute path : deployment_flavour.df_constraint
13:23:07.022 [Test worker] DEBUG o.h.l.p.b.i.spaces.QuerySpacesImpl - Adding QuerySpace : uid = <gen:4> -> org.hibernate.loader.plan.build.internal.spaces.CollectionQuerySpaceImpl@19daf980]
13:23:07.023 [Test worker] DEBUG o.h.p.w.spi.MetamodelGraphWalker - Visiting attribute path : descriptor_version
13:23:07.023 [Test worker] DEBUG o.h.p.w.spi.MetamodelGraphWalker - Visiting attribute path : manifest_file
13:23:07.023 [Test worker] DEBUG o.h.p.w.spi.MetamodelGraphWalker - Visiting attribute path : manifest_file_security
13:23:07.023 [Test worker] DEBUG o.h.p.w.spi.MetamodelGraphWalker - Visiting attribute path : vdu
13:23:07.023 [Test worker] DEBUG o.h.p.w.spi.MetamodelGraphWalker - Visiting attribute path : vdu_dependency
13:23:07.023 [Test worker] DEBUG o.h.p.w.spi.MetamodelGraphWalker - Visiting attribute path : virtual_link
13:23:07.023 [Test worker] DEBUG o.h.p.w.spi.MetamodelGraphWalker - Visiting attribute path : nsd_security
13:23:07.023 [Test worker] DEBUG o.h.l.p.b.i.spaces.QuerySpacesImpl - Adding QuerySpace : uid = <gen:5> -> org.hibernate.loader.plan.build.internal.spaces.EntityQuerySpaceImpl@81286b1]
13:23:07.023 [Test worker] DEBUG o.h.p.w.spi.MetamodelGraphWalker - Visiting attribute path : nsd_security.version
13:23:07.023 [Test worker] DEBUG o.h.p.w.spi.MetamodelGraphWalker - Visiting attribute path : pnfd
13:23:07.023 [Test worker] DEBUG o.h.p.w.spi.MetamodelGraphWalker - Visiting attribute path : vnf_dependency
13:23:07.023 [Test worker] DEBUG o.h.l.p.b.i.spaces.QuerySpacesImpl - Adding QuerySpace : uid = <gen:6> -> org.hibernate.loader.plan.build.internal.spaces.CollectionQuerySpaceImpl@74faba27]
13:23:07.023 [Test worker] DEBUG o.h.l.p.b.i.spaces.QuerySpacesImpl - Adding QuerySpace : uid = <gen:7> -> org.hibernate.loader.plan.build.internal.spaces.EntityQuerySpaceImpl@78d39270]
13:23:07.023 [Test worker] DEBUG o.h.p.w.spi.MetamodelGraphWalker - Visiting attribute path : vnf_dependency.source
13:23:07.023 [Test worker] DEBUG o.h.l.p.b.i.spaces.QuerySpacesImpl - Adding QuerySpace : uid = <gen:8> -> org.hibernate.loader.plan.build.internal.spaces.EntityQuerySpaceImpl@1b167069]
13:23:07.024 [Test worker] DEBUG o.h.p.w.spi.MetamodelGraphWalker - Visiting attribute path : vnf_dependency.source.auto_scale_policy
13:23:07.024 [Test worker] DEBUG o.h.p.w.spi.MetamodelGraphWalker - Visiting attribute path : vnf_dependency.source.connection_point
13:23:07.024 [Test worker] DEBUG o.h.p.w.spi.MetamodelGraphWalker - Visiting attribute path : vnf_dependency.source.hb_version
13:23:07.024 [Test worker] DEBUG o.h.p.w.spi.MetamodelGraphWalker - Visiting attribute path : vnf_dependency.source.lifecycle_event
13:23:07.024 [Test worker] DEBUG o.h.p.w.spi.MetamodelGraphWalker - Visiting attribute path : vnf_dependency.source.monitoring_parameter
13:23:07.024 [Test worker] DEBUG o.h.p.w.spi.MetamodelGraphWalker - Property path deemed to be circular : vnf_dependency.source.monitoring_parameter
13:23:07.024 [Test worker] DEBUG o.h.p.w.spi.MetamodelGraphWalker - Visiting attribute path : vnf_dependency.source.service_deployment_flavour
13:23:07.024 [Test worker] DEBUG o.h.p.w.spi.MetamodelGraphWalker - Visiting attribute path : vnf_dependency.source.vendor
13:23:07.024 [Test worker] DEBUG o.h.p.w.spi.MetamodelGraphWalker - Visiting attribute path : vnf_dependency.source.version
13:23:07.024 [Test worker] DEBUG o.h.p.w.spi.MetamodelGraphWalker - Visiting attribute path : vnf_dependency.source.vld
13:23:07.024 [Test worker] DEBUG o.h.p.w.spi.MetamodelGraphWalker - Visiting attribute path : vnf_dependency.source.vnffgd
13:23:07.024 [Test worker] DEBUG o.h.p.w.spi.MetamodelGraphWalker - Visiting attribute path : vnf_dependency.source.deployment_flavour
13:23:07.024 [Test worker] DEBUG o.h.p.w.spi.MetamodelGraphWalker - Property path deemed to be circular : vnf_dependency.source.deployment_flavour
13:23:07.024 [Test worker] DEBUG o.h.p.w.spi.MetamodelGraphWalker - Visiting attribute path : vnf_dependency.source.descriptor_version
13:23:07.024 [Test worker] DEBUG o.h.p.w.spi.MetamodelGraphWalker - Visiting attribute path : vnf_dependency.source.manifest_file
13:23:07.024 [Test worker] DEBUG o.h.p.w.spi.MetamodelGraphWalker - Visiting attribute path : vnf_dependency.source.manifest_file_security
13:23:07.024 [Test worker] DEBUG o.h.p.w.spi.MetamodelGraphWalker - Visiting attribute path : vnf_dependency.source.vdu
13:23:07.024 [Test worker] DEBUG o.h.p.w.spi.MetamodelGraphWalker - Visiting attribute path : vnf_dependency.source.vdu_dependency
13:23:07.025 [Test worker] DEBUG o.h.p.w.spi.MetamodelGraphWalker - Visiting attribute path : vnf_dependency.source.virtual_link
13:23:07.025 [Test worker] DEBUG o.h.p.w.spi.MetamodelGraphWalker - Visiting attribute path : vnf_dependency.target
13:23:07.025 [Test worker] DEBUG o.h.l.p.b.i.spaces.QuerySpacesImpl - Adding QuerySpace : uid = <gen:9> -> org.hibernate.loader.plan.build.internal.spaces.EntityQuerySpaceImpl@20edc0e3]
13:23:07.025 [Test worker] DEBUG o.h.p.w.spi.MetamodelGraphWalker - Visiting attribute path : vnf_dependency.target.auto_scale_policy
13:23:07.025 [Test worker] DEBUG o.h.p.w.spi.MetamodelGraphWalker - Visiting attribute path : vnf_dependency.target.connection_point
13:23:07.025 [Test worker] DEBUG o.h.p.w.spi.MetamodelGraphWalker - Visiting attribute path : vnf_dependency.target.hb_version
13:23:07.025 [Test worker] DEBUG o.h.p.w.spi.MetamodelGraphWalker - Visiting attribute path : vnf_dependency.target.lifecycle_event
13:23:07.025 [Test worker] DEBUG o.h.p.w.spi.MetamodelGraphWalker - Visiting attribute path : vnf_dependency.target.monitoring_parameter
13:23:07.025 [Test worker] DEBUG o.h.p.w.spi.MetamodelGraphWalker - Property path deemed to be circular : vnf_dependency.target.monitoring_parameter
13:23:07.025 [Test worker] DEBUG o.h.p.w.spi.MetamodelGraphWalker - Visiting attribute path : vnf_dependency.target.service_deployment_flavour
13:23:07.025 [Test worker] DEBUG o.h.p.w.spi.MetamodelGraphWalker - Visiting attribute path : vnf_dependency.target.vendor
13:23:07.025 [Test worker] DEBUG o.h.p.w.spi.MetamodelGraphWalker - Visiting attribute path : vnf_dependency.target.version
13:23:07.025 [Test worker] DEBUG o.h.p.w.spi.MetamodelGraphWalker - Visiting attribute path : vnf_dependency.target.vld
13:23:07.025 [Test worker] DEBUG o.h.p.w.spi.MetamodelGraphWalker - Visiting attribute path : vnf_dependency.target.vnffgd
13:23:07.025 [Test worker] DEBUG o.h.p.w.spi.MetamodelGraphWalker - Visiting attribute path : vnf_dependency.target.deployment_flavour
13:23:07.025 [Test worker] DEBUG o.h.p.w.spi.MetamodelGraphWalker - Property path deemed to be circular : vnf_dependency.target.deployment_flavour
13:23:07.025 [Test worker] DEBUG o.h.p.w.spi.MetamodelGraphWalker - Visiting attribute path : vnf_dependency.target.descriptor_version
13:23:07.025 [Test worker] DEBUG o.h.p.w.spi.MetamodelGraphWalker - Visiting attribute path : vnf_dependency.target.manifest_file
13:23:07.026 [Test worker] DEBUG o.h.p.w.spi.MetamodelGraphWalker - Visiting attribute path : vnf_dependency.target.manifest_file_security
13:23:07.026 [Test worker] DEBUG o.h.p.w.spi.MetamodelGraphWalker - Visiting attribute path : vnf_dependency.target.vdu
13:23:07.026 [Test worker] DEBUG o.h.p.w.spi.MetamodelGraphWalker - Visiting attribute path : vnf_dependency.target.vdu_dependency
13:23:07.026 [Test worker] DEBUG o.h.p.w.spi.MetamodelGraphWalker - Visiting attribute path : vnf_dependency.target.virtual_link
13:23:07.026 [Test worker] DEBUG o.h.p.w.spi.MetamodelGraphWalker - Visiting attribute path : vnf_dependency.version
13:23:07.026 [Test worker] DEBUG o.h.p.w.spi.MetamodelGraphWalker - Visiting attribute path : vnfd
13:23:07.026 [Test worker] DEBUG o.h.l.p.b.i.spaces.QuerySpacesImpl - Adding QuerySpace : uid = <gen:10> -> org.hibernate.loader.plan.build.internal.spaces.CollectionQuerySpaceImpl@4f9cd877]
13:23:07.026 [Test worker] DEBUG o.h.l.p.b.i.spaces.QuerySpacesImpl - Adding QuerySpace : uid = <gen:11> -> org.hibernate.loader.plan.build.internal.spaces.EntityQuerySpaceImpl@42479576]
13:23:07.026 [Test worker] DEBUG o.h.p.w.spi.MetamodelGraphWalker - Visiting attribute path : vnfd.auto_scale_policy
13:23:07.026 [Test worker] DEBUG o.h.p.w.spi.MetamodelGraphWalker - Visiting attribute path : vnfd.connection_point
13:23:07.026 [Test worker] DEBUG o.h.p.w.spi.MetamodelGraphWalker - Visiting attribute path : vnfd.hb_version
13:23:07.026 [Test worker] DEBUG o.h.p.w.spi.MetamodelGraphWalker - Visiting attribute path : vnfd.lifecycle_event
13:23:07.026 [Test worker] DEBUG o.h.p.w.spi.MetamodelGraphWalker - Visiting attribute path : vnfd.monitoring_parameter
13:23:07.026 [Test worker] DEBUG o.h.p.w.spi.MetamodelGraphWalker - Property path deemed to be circular : vnfd.monitoring_parameter
13:23:07.026 [Test worker] DEBUG o.h.p.w.spi.MetamodelGraphWalker - Visiting attribute path : vnfd.service_deployment_flavour
13:23:07.026 [Test worker] DEBUG o.h.p.w.spi.MetamodelGraphWalker - Visiting attribute path : vnfd.vendor
13:23:07.026 [Test worker] DEBUG o.h.p.w.spi.MetamodelGraphWalker - Visiting attribute path : vnfd.version
13:23:07.026 [Test worker] DEBUG o.h.p.w.spi.MetamodelGraphWalker - Visiting attribute path : vnfd.vld
13:23:07.026 [Test worker] DEBUG o.h.p.w.spi.MetamodelGraphWalker - Visiting attribute path : vnfd.vnffgd
13:23:07.026 [Test worker] DEBUG o.h.p.w.spi.MetamodelGraphWalker - Visiting attribute path : vnfd.deployment_flavour
13:23:07.026 [Test worker] DEBUG o.h.p.w.spi.MetamodelGraphWalker - Property path deemed to be circular : vnfd.deployment_flavour
13:23:07.027 [Test worker] DEBUG o.h.p.w.spi.MetamodelGraphWalker - Visiting attribute path : vnfd.descriptor_version
13:23:07.027 [Test worker] DEBUG o.h.p.w.spi.MetamodelGraphWalker - Visiting attribute path : vnfd.manifest_file
13:23:07.027 [Test worker] DEBUG o.h.p.w.spi.MetamodelGraphWalker - Visiting attribute path : vnfd.manifest_file_security
13:23:07.027 [Test worker] DEBUG o.h.p.w.spi.MetamodelGraphWalker - Visiting attribute path : vnfd.vdu
13:23:07.027 [Test worker] DEBUG o.h.p.w.spi.MetamodelGraphWalker - Visiting attribute path : vnfd.vdu_dependency
13:23:07.027 [Test worker] DEBUG o.h.p.w.spi.MetamodelGraphWalker - Visiting attribute path : vnfd.virtual_link
13:23:07.027 [Test worker] DEBUG o.h.l.p.b.i.FetchStyleLoadPlanBuildingAssociationVisitationStrategy - Building LoadPlan...
13:23:07.027 [Test worker] DEBUG o.h.l.p.e.i.LoadQueryJoinAndFetchProcessor - processing queryspace <gen:0>
13:23:07.028 [Test worker] DEBUG o.h.l.p.b.spi.LoadPlanTreePrinter - LoadPlan(entity=org.project.neutrino.nfvo.catalogue.mano.common.NFVEntityDescriptor)
    - Returns
       - EntityReturnImpl(entity=org.project.neutrino.nfvo.catalogue.mano.common.NFVEntityDescriptor, querySpaceUid=<gen:0>, path=org.project.neutrino.nfvo.catalogue.mano.common.NFVEntityDescriptor)
          - CollectionAttributeFetchImpl(collection=org.project.neutrino.nfvo.catalogue.mano.common.NFVEntityDescriptor.monitoring_parameter, querySpaceUid=<gen:1>, path=org.project.neutrino.nfvo.catalogue.mano.common.NFVEntityDescriptor.monitoring_parameter)
          - CollectionAttributeFetchImpl(collection=org.project.neutrino.nfvo.catalogue.mano.descriptor.VirtualNetworkFunctionDescriptor.deployment_flavour, querySpaceUid=<gen:2>, path=org.project.neutrino.nfvo.catalogue.mano.common.NFVEntityDescriptor.deployment_flavour)
             - (collection element) CollectionFetchableElementEntityGraph(entity=org.project.neutrino.nfvo.catalogue.mano.descriptor.VNFDDeploymentFlavour, querySpaceUid=<gen:3>, path=org.project.neutrino.nfvo.catalogue.mano.common.NFVEntityDescriptor.deployment_flavour.<elements>)
                - CollectionAttributeFetchImpl(collection=org.project.neutrino.nfvo.catalogue.mano.descriptor.VNFDDeploymentFlavour.df_constraint, querySpaceUid=<gen:4>, path=org.project.neutrino.nfvo.catalogue.mano.common.NFVEntityDescriptor.deployment_flavour.<elements>.df_constraint)
          - EntityAttributeFetchImpl(entity=org.project.neutrino.nfvo.catalogue.mano.common.Security, querySpaceUid=<gen:5>, path=org.project.neutrino.nfvo.catalogue.mano.common.NFVEntityDescriptor.nsd_security)
          - CollectionAttributeFetchImpl(collection=org.project.neutrino.nfvo.catalogue.mano.descriptor.NetworkServiceDescriptor.vnf_dependency, querySpaceUid=<gen:6>, path=org.project.neutrino.nfvo.catalogue.mano.common.NFVEntityDescriptor.vnf_dependency)
             - (collection element) CollectionFetchableElementEntityGraph(entity=org.project.neutrino.nfvo.catalogue.mano.common.VNFDependency, querySpaceUid=<gen:7>, path=org.project.neutrino.nfvo.catalogue.mano.common.NFVEntityDescriptor.vnf_dependency.<elements>)
                - EntityAttributeFetchImpl(entity=org.project.neutrino.nfvo.catalogue.mano.descriptor.VirtualNetworkFunctionDescriptor, querySpaceUid=<gen:8>, path=org.project.neutrino.nfvo.catalogue.mano.common.NFVEntityDescriptor.vnf_dependency.<elements>.source)
                - EntityAttributeFetchImpl(entity=org.project.neutrino.nfvo.catalogue.mano.descriptor.VirtualNetworkFunctionDescriptor, querySpaceUid=<gen:9>, path=org.project.neutrino.nfvo.catalogue.mano.common.NFVEntityDescriptor.vnf_dependency.<elements>.target)
          - CollectionAttributeFetchImpl(collection=org.project.neutrino.nfvo.catalogue.mano.descriptor.NetworkServiceDescriptor.vnfd, querySpaceUid=<gen:10>, path=org.project.neutrino.nfvo.catalogue.mano.common.NFVEntityDescriptor.vnfd)
             - (collection element) CollectionFetchableElementEntityGraph(entity=org.project.neutrino.nfvo.catalogue.mano.descriptor.VirtualNetworkFunctionDescriptor, querySpaceUid=<gen:11>, path=org.project.neutrino.nfvo.catalogue.mano.common.NFVEntityDescriptor.vnfd.<elements>)
    - QuerySpaces
       - EntityQuerySpaceImpl(uid=<gen:0>, entity=org.project.neutrino.nfvo.catalogue.mano.common.NFVEntityDescriptor)
          - SQL table alias mapping - nfventityd0_
          - alias suffix - 0_
          - suffixed key columns - {id1_27_0_}
          - JOIN (JoinDefinedByMetadata(monitoring_parameter)) : <gen:0> -> <gen:1>
             - CollectionQuerySpaceImpl(uid=<gen:1>, collection=org.project.neutrino.nfvo.catalogue.mano.common.NFVEntityDescriptor.monitoring_parameter)
                - SQL table alias mapping - monitoring1_
                - alias suffix - 1_
                - suffixed key columns - {nfventit1_27_1_}
          - JOIN (JoinDefinedByMetadata(deployment_flavour)) : <gen:0> -> <gen:2>
             - CollectionQuerySpaceImpl(uid=<gen:2>, collection=org.project.neutrino.nfvo.catalogue.mano.descriptor.VirtualNetworkFunctionDescriptor.deployment_flavour)
                - SQL table alias mapping - deployment2_
                - alias suffix - 2_
                - suffixed key columns - {virtual_1_27_2_}
                - entity-element alias suffix - 3_
                - 3_entity-element suffixed key columns - id1_7_3_
                - JOIN (JoinDefinedByMetadata(elements)) : <gen:2> -> <gen:3>
                   - EntityQuerySpaceImpl(uid=<gen:3>, entity=org.project.neutrino.nfvo.catalogue.mano.descriptor.VNFDDeploymentFlavour)
                      - SQL table alias mapping - vnfddeploy3_
                      - alias suffix - 3_
                      - suffixed key columns - {id1_7_3_}
                      - JOIN (JoinDefinedByMetadata(df_constraint)) : <gen:3> -> <gen:4>
                         - CollectionQuerySpaceImpl(uid=<gen:4>, collection=org.project.neutrino.nfvo.catalogue.mano.descriptor.VNFDDeploymentFlavour.df_constraint)
                            - SQL table alias mapping - df_constra4_
                            - alias suffix - 4_
                            - suffixed key columns - {vnfddepl1_7_4_}
          - JOIN (JoinDefinedByMetadata(nsd_security)) : <gen:0> -> <gen:5>
             - EntityQuerySpaceImpl(uid=<gen:5>, entity=org.project.neutrino.nfvo.catalogue.mano.common.Security)
                - SQL table alias mapping - security5_
                - alias suffix - 5_
                - suffixed key columns - {id1_43_5_}
          - JOIN (JoinDefinedByMetadata(vnf_dependency)) : <gen:0> -> <gen:6>
             - CollectionQuerySpaceImpl(uid=<gen:6>, collection=org.project.neutrino.nfvo.catalogue.mano.descriptor.NetworkServiceDescriptor.vnf_dependency)
                - SQL table alias mapping - vnf_depend6_
                - alias suffix - 6_
                - suffixed key columns - {network_1_27_6_}
                - entity-element alias suffix - 7_
                - 7_entity-element suffixed key columns - id1_86_7_
                - JOIN (JoinDefinedByMetadata(elements)) : <gen:6> -> <gen:7>
                   - EntityQuerySpaceImpl(uid=<gen:7>, entity=org.project.neutrino.nfvo.catalogue.mano.common.VNFDependency)
                      - SQL table alias mapping - vnfdepende7_
                      - alias suffix - 7_
                      - suffixed key columns - {id1_86_7_}
                      - JOIN (JoinDefinedByMetadata(source)) : <gen:7> -> <gen:8>
                         - EntityQuerySpaceImpl(uid=<gen:8>, entity=org.project.neutrino.nfvo.catalogue.mano.descriptor.VirtualNetworkFunctionDescriptor)
                            - SQL table alias mapping - virtualnet8_
                            - alias suffix - 8_
                            - suffixed key columns - {id1_27_8_}
                      - JOIN (JoinDefinedByMetadata(target)) : <gen:7> -> <gen:9>
                         - EntityQuerySpaceImpl(uid=<gen:9>, entity=org.project.neutrino.nfvo.catalogue.mano.descriptor.VirtualNetworkFunctionDescriptor)
                            - SQL table alias mapping - virtualnet9_
                            - alias suffix - 9_
                            - suffixed key columns - {id1_27_9_}
          - JOIN (JoinDefinedByMetadata(vnfd)) : <gen:0> -> <gen:10>
             - CollectionQuerySpaceImpl(uid=<gen:10>, collection=org.project.neutrino.nfvo.catalogue.mano.descriptor.NetworkServiceDescriptor.vnfd)
                - SQL table alias mapping - vnfd10_
                - alias suffix - 10_
                - suffixed key columns - {network_1_27_10_}
                - entity-element alias suffix - 11_
                - 11_entity-element suffixed key columns - id1_27_11_
                - JOIN (JoinDefinedByMetadata(elements)) : <gen:10> -> <gen:11>
                   - EntityQuerySpaceImpl(uid=<gen:11>, entity=org.project.neutrino.nfvo.catalogue.mano.descriptor.VirtualNetworkFunctionDescriptor)
                      - SQL table alias mapping - virtualnet11_
                      - alias suffix - 11_
                      - suffixed key columns - {id1_27_11_}

13:23:07.028 [Test worker] DEBUG o.h.loader.entity.plan.EntityLoader - Static select for entity org.project.neutrino.nfvo.catalogue.mano.common.NFVEntityDescriptor [NONE]: select nfventityd0_.id as id1_27_0_, nfventityd0_.hb_version as hb_versi2_27_0_, nfventityd0_.vendor as vendor3_27_0_, nfventityd0_.version as version4_27_0_, nfventityd0_.descriptor_version as descript1_62_0_, nfventityd0_.manifest_file as manifest2_62_0_, nfventityd0_.nsd_security_id as nsd_secu1_14_0_, nfventityd0_.clazz_ as clazz_0_, monitoring1_.nfventity_descriptor_Id as nfventit1_27_1_, monitoring1_.monitoring_parameter as monitori2_31_1_, deployment2_.virtual_network_function_descriptor_Id as virtual_1_27_2_, vnfddeploy3_.id as deployme2_63_2_, vnfddeploy3_.id as id1_7_3_, vnfddeploy3_.flavour_key as flavour_2_7_3_, vnfddeploy3_.version as version3_7_3_, df_constra4_.vnfddeployment_flavour_id as vnfddepl1_7_4_, df_constra4_.df_constraint as df_const2_85_4_, security5_.id as id1_43_5_, security5_.version as version2_43_5_, vnf_depend6_.network_service_descriptor_Id as network_1_27_6_, vnfdepende7_.id as vnf_depe2_16_6_, vnfdepende7_.id as id1_86_7_, vnfdepende7_.source_Id as source_I3_86_7_, vnfdepende7_.target_Id as target_I4_86_7_, vnfdepende7_.version as version2_86_7_, virtualnet8_.id as id1_27_8_, virtualnet8_.hb_version as hb_versi2_27_8_, virtualnet8_.vendor as vendor3_27_8_, virtualnet8_.version as version4_27_8_, virtualnet8_.descriptor_version as descript1_62_8_, virtualnet8_.manifest_file as manifest2_62_8_, virtualnet9_.id as id1_27_9_, virtualnet9_.hb_version as hb_versi2_27_9_, virtualnet9_.vendor as vendor3_27_9_, virtualnet9_.version as version4_27_9_, virtualnet9_.descriptor_version as descript1_62_9_, virtualnet9_.manifest_file as manifest2_62_9_, vnfd10_.network_service_descriptor_Id as network_1_27_10_, virtualnet11_.id as vnfd_Id2_17_10_, virtualnet11_.id as id1_27_11_, virtualnet11_.hb_version as hb_versi2_27_11_, virtualnet11_.vendor as vendor3_27_11_, virtualnet11_.version as version4_27_11_, virtualnet11_.descriptor_version as descript1_62_11_, virtualnet11_.manifest_file as manifest2_62_11_ from ( select id, hb_version, vendor, version, descriptor_version, manifest_file, null as nsd_security_id, 1 as clazz_ from virtual_network_function_descriptor union select id, hb_version, vendor, version, null as descriptor_version, null as manifest_file, nsd_security_id, 2 as clazz_ from network_service_descriptor ) nfventityd0_ left outer join nfventity_descriptor_monitoring_parameter monitoring1_ on nfventityd0_.id=monitoring1_.nfventity_descriptor_Id left outer join virtual_network_function_descriptor_deployment_flavour deployment2_ on nfventityd0_.id=deployment2_.virtual_network_function_descriptor_Id left outer join vnfddeployment_flavour vnfddeploy3_ on deployment2_.deployment_flavour_id=vnfddeploy3_.id left outer join vnfddeployment_flavour_df_constraint df_constra4_ on vnfddeploy3_.id=df_constra4_.vnfddeployment_flavour_id left outer join security security5_ on nfventityd0_.nsd_security_id=security5_.id left outer join network_service_descriptor_vnf_dependency vnf_depend6_ on nfventityd0_.id=vnf_depend6_.network_service_descriptor_Id left outer join vnfdependency vnfdepende7_ on vnf_depend6_.vnf_dependency_id=vnfdepende7_.id left outer join virtual_network_function_descriptor virtualnet8_ on vnfdepende7_.source_Id=virtualnet8_.id left outer join virtual_network_function_descriptor virtualnet9_ on vnfdepende7_.target_Id=virtualnet9_.id left outer join network_service_descriptor_vnfd vnfd10_ on nfventityd0_.id=vnfd10_.network_service_descriptor_Id left outer join virtual_network_function_descriptor virtualnet11_ on vnfd10_.vnfd_Id=virtualnet11_.id where nfventityd0_.id=?
13:23:07.028 [Test worker] DEBUG o.h.l.p.b.i.spaces.QuerySpacesImpl - Adding QuerySpace : uid = <gen:0> -> org.hibernate.loader.plan.build.internal.spaces.EntityQuerySpaceImpl@1087c4f7]
13:23:07.028 [Test worker] DEBUG o.h.p.w.spi.MetamodelGraphWalker - Visiting attribute path : auto_scale_policy
13:23:07.029 [Test worker] DEBUG o.h.p.w.spi.MetamodelGraphWalker - Visiting attribute path : connection_point
13:23:07.029 [Test worker] DEBUG o.h.p.w.spi.MetamodelGraphWalker - Visiting attribute path : hb_version
13:23:07.029 [Test worker] DEBUG o.h.p.w.spi.MetamodelGraphWalker - Visiting attribute path : lifecycle_event
13:23:07.029 [Test worker] DEBUG o.h.p.w.spi.MetamodelGraphWalker - Visiting attribute path : monitoring_parameter
13:23:07.029 [Test worker] DEBUG o.h.l.p.b.i.spaces.QuerySpacesImpl - Adding QuerySpace : uid = <gen:1> -> org.hibernate.loader.plan.build.internal.spaces.CollectionQuerySpaceImpl@6b1705bf]
13:23:07.029 [Test worker] DEBUG o.h.p.w.spi.MetamodelGraphWalker - Visiting attribute path : service_deployment_flavour
13:23:07.029 [Test worker] DEBUG o.h.p.w.spi.MetamodelGraphWalker - Visiting attribute path : vendor
13:23:07.029 [Test worker] DEBUG o.h.p.w.spi.MetamodelGraphWalker - Visiting attribute path : version
13:23:07.029 [Test worker] DEBUG o.h.p.w.spi.MetamodelGraphWalker - Visiting attribute path : vld
13:23:07.029 [Test worker] DEBUG o.h.p.w.spi.MetamodelGraphWalker - Visiting attribute path : vnffgd
13:23:07.029 [Test worker] DEBUG o.h.p.w.spi.MetamodelGraphWalker - Visiting attribute path : deployment_flavour
13:23:07.029 [Test worker] DEBUG o.h.l.p.b.i.spaces.QuerySpacesImpl - Adding QuerySpace : uid = <gen:2> -> org.hibernate.loader.plan.build.internal.spaces.CollectionQuerySpaceImpl@53b9cb54]
13:23:07.029 [Test worker] DEBUG o.h.l.p.b.i.spaces.QuerySpacesImpl - Adding QuerySpace : uid = <gen:3> -> org.hibernate.loader.plan.build.internal.spaces.EntityQuerySpaceImpl@4ad422bd]
13:23:07.029 [Test worker] DEBUG o.h.p.w.spi.MetamodelGraphWalker - Visiting attribute path : deployment_flavour.flavour_key
13:23:07.029 [Test worker] DEBUG o.h.p.w.spi.MetamodelGraphWalker - Visiting attribute path : deployment_flavour.version
13:23:07.029 [Test worker] DEBUG o.h.p.w.spi.MetamodelGraphWalker - Visiting attribute path : deployment_flavour.costituent_vdu
13:23:07.029 [Test worker] DEBUG o.h.p.w.spi.MetamodelGraphWalker - Visiting attribute path : deployment_flavour.df_constraint
13:23:07.029 [Test worker] DEBUG o.h.l.p.b.i.spaces.QuerySpacesImpl - Adding QuerySpace : uid = <gen:4> -> org.hibernate.loader.plan.build.internal.spaces.CollectionQuerySpaceImpl@62cde898]
13:23:07.030 [Test worker] DEBUG o.h.p.w.spi.MetamodelGraphWalker - Visiting attribute path : descriptor_version
13:23:07.030 [Test worker] DEBUG o.h.p.w.spi.MetamodelGraphWalker - Visiting attribute path : manifest_file
13:23:07.030 [Test worker] DEBUG o.h.p.w.spi.MetamodelGraphWalker - Visiting attribute path : manifest_file_security
13:23:07.030 [Test worker] DEBUG o.h.p.w.spi.MetamodelGraphWalker - Visiting attribute path : vdu
13:23:07.030 [Test worker] DEBUG o.h.p.w.spi.MetamodelGraphWalker - Visiting attribute path : vdu_dependency
13:23:07.030 [Test worker] DEBUG o.h.p.w.spi.MetamodelGraphWalker - Visiting attribute path : virtual_link
13:23:07.030 [Test worker] DEBUG o.h.p.w.spi.MetamodelGraphWalker - Visiting attribute path : nsd_security
13:23:07.030 [Test worker] DEBUG o.h.l.p.b.i.spaces.QuerySpacesImpl - Adding QuerySpace : uid = <gen:5> -> org.hibernate.loader.plan.build.internal.spaces.EntityQuerySpaceImpl@269981eb]
13:23:07.030 [Test worker] DEBUG o.h.p.w.spi.MetamodelGraphWalker - Visiting attribute path : nsd_security.version
13:23:07.030 [Test worker] DEBUG o.h.p.w.spi.MetamodelGraphWalker - Visiting attribute path : pnfd
13:23:07.030 [Test worker] DEBUG o.h.p.w.spi.MetamodelGraphWalker - Visiting attribute path : vnf_dependency
13:23:07.030 [Test worker] DEBUG o.h.l.p.b.i.spaces.QuerySpacesImpl - Adding QuerySpace : uid = <gen:6> -> org.hibernate.loader.plan.build.internal.spaces.CollectionQuerySpaceImpl@6d7856e3]
13:23:07.030 [Test worker] DEBUG o.h.l.p.b.i.spaces.QuerySpacesImpl - Adding QuerySpace : uid = <gen:7> -> org.hibernate.loader.plan.build.internal.spaces.EntityQuerySpaceImpl@7790893a]
13:23:07.030 [Test worker] DEBUG o.h.p.w.spi.MetamodelGraphWalker - Visiting attribute path : vnf_dependency.source
13:23:07.030 [Test worker] DEBUG o.h.l.p.b.i.spaces.QuerySpacesImpl - Adding QuerySpace : uid = <gen:8> -> org.hibernate.loader.plan.build.internal.spaces.EntityQuerySpaceImpl@2885432f]
13:23:07.030 [Test worker] DEBUG o.h.p.w.spi.MetamodelGraphWalker - Visiting attribute path : vnf_dependency.source.auto_scale_policy
13:23:07.031 [Test worker] DEBUG o.h.p.w.spi.MetamodelGraphWalker - Visiting attribute path : vnf_dependency.source.connection_point
13:23:07.031 [Test worker] DEBUG o.h.p.w.spi.MetamodelGraphWalker - Visiting attribute path : vnf_dependency.source.hb_version
13:23:07.031 [Test worker] DEBUG o.h.p.w.spi.MetamodelGraphWalker - Visiting attribute path : vnf_dependency.source.lifecycle_event
13:23:07.031 [Test worker] DEBUG o.h.p.w.spi.MetamodelGraphWalker - Visiting attribute path : vnf_dependency.source.monitoring_parameter
13:23:07.031 [Test worker] DEBUG o.h.p.w.spi.MetamodelGraphWalker - Property path deemed to be circular : vnf_dependency.source.monitoring_parameter
13:23:07.031 [Test worker] DEBUG o.h.p.w.spi.MetamodelGraphWalker - Visiting attribute path : vnf_dependency.source.service_deployment_flavour
13:23:07.031 [Test worker] DEBUG o.h.p.w.spi.MetamodelGraphWalker - Visiting attribute path : vnf_dependency.source.vendor
13:23:07.031 [Test worker] DEBUG o.h.p.w.spi.MetamodelGraphWalker - Visiting attribute path : vnf_dependency.source.version
13:23:07.031 [Test worker] DEBUG o.h.p.w.spi.MetamodelGraphWalker - Visiting attribute path : vnf_dependency.source.vld
13:23:07.031 [Test worker] DEBUG o.h.p.w.spi.MetamodelGraphWalker - Visiting attribute path : vnf_dependency.source.vnffgd
13:23:07.031 [Test worker] DEBUG o.h.p.w.spi.MetamodelGraphWalker - Visiting attribute path : vnf_dependency.source.deployment_flavour
13:23:07.031 [Test worker] DEBUG o.h.p.w.spi.MetamodelGraphWalker - Property path deemed to be circular : vnf_dependency.source.deployment_flavour
13:23:07.031 [Test worker] DEBUG o.h.p.w.spi.MetamodelGraphWalker - Visiting attribute path : vnf_dependency.source.descriptor_version
13:23:07.031 [Test worker] DEBUG o.h.p.w.spi.MetamodelGraphWalker - Visiting attribute path : vnf_dependency.source.manifest_file
13:23:07.031 [Test worker] DEBUG o.h.p.w.spi.MetamodelGraphWalker - Visiting attribute path : vnf_dependency.source.manifest_file_security
13:23:07.031 [Test worker] DEBUG o.h.p.w.spi.MetamodelGraphWalker - Visiting attribute path : vnf_dependency.source.vdu
13:23:07.031 [Test worker] DEBUG o.h.p.w.spi.MetamodelGraphWalker - Visiting attribute path : vnf_dependency.source.vdu_dependency
13:23:07.031 [Test worker] DEBUG o.h.p.w.spi.MetamodelGraphWalker - Visiting attribute path : vnf_dependency.source.virtual_link
13:23:07.031 [Test worker] DEBUG o.h.p.w.spi.MetamodelGraphWalker - Visiting attribute path : vnf_dependency.target
13:23:07.031 [Test worker] DEBUG o.h.l.p.b.i.spaces.QuerySpacesImpl - Adding QuerySpace : uid = <gen:9> -> org.hibernate.loader.plan.build.internal.spaces.EntityQuerySpaceImpl@754b5f19]
13:23:07.031 [Test worker] DEBUG o.h.p.w.spi.MetamodelGraphWalker - Visiting attribute path : vnf_dependency.target.auto_scale_policy
13:23:07.032 [Test worker] DEBUG o.h.p.w.spi.MetamodelGraphWalker - Visiting attribute path : vnf_dependency.target.connection_point
13:23:07.032 [Test worker] DEBUG o.h.p.w.spi.MetamodelGraphWalker - Visiting attribute path : vnf_dependency.target.hb_version
13:23:07.032 [Test worker] DEBUG o.h.p.w.spi.MetamodelGraphWalker - Visiting attribute path : vnf_dependency.target.lifecycle_event
13:23:07.032 [Test worker] DEBUG o.h.p.w.spi.MetamodelGraphWalker - Visiting attribute path : vnf_dependency.target.monitoring_parameter
13:23:07.032 [Test worker] DEBUG o.h.p.w.spi.MetamodelGraphWalker - Property path deemed to be circular : vnf_dependency.target.monitoring_parameter
13:23:07.032 [Test worker] DEBUG o.h.p.w.spi.MetamodelGraphWalker - Visiting attribute path : vnf_dependency.target.service_deployment_flavour
13:23:07.032 [Test worker] DEBUG o.h.p.w.spi.MetamodelGraphWalker - Visiting attribute path : vnf_dependency.target.vendor
13:23:07.032 [Test worker] DEBUG o.h.p.w.spi.MetamodelGraphWalker - Visiting attribute path : vnf_dependency.target.version
13:23:07.032 [Test worker] DEBUG o.h.p.w.spi.MetamodelGraphWalker - Visiting attribute path : vnf_dependency.target.vld
13:23:07.032 [Test worker] DEBUG o.h.p.w.spi.MetamodelGraphWalker - Visiting attribute path : vnf_dependency.target.vnffgd
13:23:07.032 [Test worker] DEBUG o.h.p.w.spi.MetamodelGraphWalker - Visiting attribute path : vnf_dependency.target.deployment_flavour
13:23:07.032 [Test worker] DEBUG o.h.p.w.spi.MetamodelGraphWalker - Property path deemed to be circular : vnf_dependency.target.deployment_flavour
13:23:07.032 [Test worker] DEBUG o.h.p.w.spi.MetamodelGraphWalker - Visiting attribute path : vnf_dependency.target.descriptor_version
13:23:07.032 [Test worker] DEBUG o.h.p.w.spi.MetamodelGraphWalker - Visiting attribute path : vnf_dependency.target.manifest_file
13:23:07.032 [Test worker] DEBUG o.h.p.w.spi.MetamodelGraphWalker - Visiting attribute path : vnf_dependency.target.manifest_file_security
13:23:07.032 [Test worker] DEBUG o.h.p.w.spi.MetamodelGraphWalker - Visiting attribute path : vnf_dependency.target.vdu
13:23:07.032 [Test worker] DEBUG o.h.p.w.spi.MetamodelGraphWalker - Visiting attribute path : vnf_dependency.target.vdu_dependency
13:23:07.032 [Test worker] DEBUG o.h.p.w.spi.MetamodelGraphWalker - Visiting attribute path : vnf_dependency.target.virtual_link
13:23:07.032 [Test worker] DEBUG o.h.p.w.spi.MetamodelGraphWalker - Visiting attribute path : vnf_dependency.version
13:23:07.032 [Test worker] DEBUG o.h.p.w.spi.MetamodelGraphWalker - Visiting attribute path : vnfd
13:23:07.032 [Test worker] DEBUG o.h.l.p.b.i.spaces.QuerySpacesImpl - Adding QuerySpace : uid = <gen:10> -> org.hibernate.loader.plan.build.internal.spaces.CollectionQuerySpaceImpl@1dd3ec72]
13:23:07.032 [Test worker] DEBUG o.h.l.p.b.i.spaces.QuerySpacesImpl - Adding QuerySpace : uid = <gen:11> -> org.hibernate.loader.plan.build.internal.spaces.EntityQuerySpaceImpl@44483faa]
13:23:07.033 [Test worker] DEBUG o.h.p.w.spi.MetamodelGraphWalker - Visiting attribute path : vnfd.auto_scale_policy
13:23:07.033 [Test worker] DEBUG o.h.p.w.spi.MetamodelGraphWalker - Visiting attribute path : vnfd.connection_point
13:23:07.033 [Test worker] DEBUG o.h.p.w.spi.MetamodelGraphWalker - Visiting attribute path : vnfd.hb_version
13:23:07.033 [Test worker] DEBUG o.h.p.w.spi.MetamodelGraphWalker - Visiting attribute path : vnfd.lifecycle_event
13:23:07.033 [Test worker] DEBUG o.h.p.w.spi.MetamodelGraphWalker - Visiting attribute path : vnfd.monitoring_parameter
13:23:07.033 [Test worker] DEBUG o.h.p.w.spi.MetamodelGraphWalker - Property path deemed to be circular : vnfd.monitoring_parameter
13:23:07.033 [Test worker] DEBUG o.h.p.w.spi.MetamodelGraphWalker - Visiting attribute path : vnfd.service_deployment_flavour
13:23:07.033 [Test worker] DEBUG o.h.p.w.spi.MetamodelGraphWalker - Visiting attribute path : vnfd.vendor
13:23:07.033 [Test worker] DEBUG o.h.p.w.spi.MetamodelGraphWalker - Visiting attribute path : vnfd.version
13:23:07.033 [Test worker] DEBUG o.h.p.w.spi.MetamodelGraphWalker - Visiting attribute path : vnfd.vld
13:23:07.033 [Test worker] DEBUG o.h.p.w.spi.MetamodelGraphWalker - Visiting attribute path : vnfd.vnffgd
13:23:07.033 [Test worker] DEBUG o.h.p.w.spi.MetamodelGraphWalker - Visiting attribute path : vnfd.deployment_flavour
13:23:07.033 [Test worker] DEBUG o.h.p.w.spi.MetamodelGraphWalker - Property path deemed to be circular : vnfd.deployment_flavour
13:23:07.033 [Test worker] DEBUG o.h.p.w.spi.MetamodelGraphWalker - Visiting attribute path : vnfd.descriptor_version
13:23:07.033 [Test worker] DEBUG o.h.p.w.spi.MetamodelGraphWalker - Visiting attribute path : vnfd.manifest_file
13:23:07.033 [Test worker] DEBUG o.h.p.w.spi.MetamodelGraphWalker - Visiting attribute path : vnfd.manifest_file_security
13:23:07.033 [Test worker] DEBUG o.h.p.w.spi.MetamodelGraphWalker - Visiting attribute path : vnfd.vdu
13:23:07.033 [Test worker] DEBUG o.h.p.w.spi.MetamodelGraphWalker - Visiting attribute path : vnfd.vdu_dependency
13:23:07.033 [Test worker] DEBUG o.h.p.w.spi.MetamodelGraphWalker - Visiting attribute path : vnfd.virtual_link
13:23:07.033 [Test worker] DEBUG o.h.l.p.b.i.FetchStyleLoadPlanBuildingAssociationVisitationStrategy - Building LoadPlan...
13:23:07.034 [Test worker] DEBUG o.h.l.p.e.i.LoadQueryJoinAndFetchProcessor - processing queryspace <gen:0>
13:23:07.035 [Test worker] DEBUG o.h.l.p.b.spi.LoadPlanTreePrinter - LoadPlan(entity=org.project.neutrino.nfvo.catalogue.mano.common.NFVEntityDescriptor)
    - Returns
       - EntityReturnImpl(entity=org.project.neutrino.nfvo.catalogue.mano.common.NFVEntityDescriptor, querySpaceUid=<gen:0>, path=org.project.neutrino.nfvo.catalogue.mano.common.NFVEntityDescriptor)
          - CollectionAttributeFetchImpl(collection=org.project.neutrino.nfvo.catalogue.mano.common.NFVEntityDescriptor.monitoring_parameter, querySpaceUid=<gen:1>, path=org.project.neutrino.nfvo.catalogue.mano.common.NFVEntityDescriptor.monitoring_parameter)
          - CollectionAttributeFetchImpl(collection=org.project.neutrino.nfvo.catalogue.mano.descriptor.VirtualNetworkFunctionDescriptor.deployment_flavour, querySpaceUid=<gen:2>, path=org.project.neutrino.nfvo.catalogue.mano.common.NFVEntityDescriptor.deployment_flavour)
             - (collection element) CollectionFetchableElementEntityGraph(entity=org.project.neutrino.nfvo.catalogue.mano.descriptor.VNFDDeploymentFlavour, querySpaceUid=<gen:3>, path=org.project.neutrino.nfvo.catalogue.mano.common.NFVEntityDescriptor.deployment_flavour.<elements>)
                - CollectionAttributeFetchImpl(collection=org.project.neutrino.nfvo.catalogue.mano.descriptor.VNFDDeploymentFlavour.df_constraint, querySpaceUid=<gen:4>, path=org.project.neutrino.nfvo.catalogue.mano.common.NFVEntityDescriptor.deployment_flavour.<elements>.df_constraint)
          - EntityAttributeFetchImpl(entity=org.project.neutrino.nfvo.catalogue.mano.common.Security, querySpaceUid=<gen:5>, path=org.project.neutrino.nfvo.catalogue.mano.common.NFVEntityDescriptor.nsd_security)
          - CollectionAttributeFetchImpl(collection=org.project.neutrino.nfvo.catalogue.mano.descriptor.NetworkServiceDescriptor.vnf_dependency, querySpaceUid=<gen:6>, path=org.project.neutrino.nfvo.catalogue.mano.common.NFVEntityDescriptor.vnf_dependency)
             - (collection element) CollectionFetchableElementEntityGraph(entity=org.project.neutrino.nfvo.catalogue.mano.common.VNFDependency, querySpaceUid=<gen:7>, path=org.project.neutrino.nfvo.catalogue.mano.common.NFVEntityDescriptor.vnf_dependency.<elements>)
                - EntityAttributeFetchImpl(entity=org.project.neutrino.nfvo.catalogue.mano.descriptor.VirtualNetworkFunctionDescriptor, querySpaceUid=<gen:8>, path=org.project.neutrino.nfvo.catalogue.mano.common.NFVEntityDescriptor.vnf_dependency.<elements>.source)
                - EntityAttributeFetchImpl(entity=org.project.neutrino.nfvo.catalogue.mano.descriptor.VirtualNetworkFunctionDescriptor, querySpaceUid=<gen:9>, path=org.project.neutrino.nfvo.catalogue.mano.common.NFVEntityDescriptor.vnf_dependency.<elements>.target)
          - CollectionAttributeFetchImpl(collection=org.project.neutrino.nfvo.catalogue.mano.descriptor.NetworkServiceDescriptor.vnfd, querySpaceUid=<gen:10>, path=org.project.neutrino.nfvo.catalogue.mano.common.NFVEntityDescriptor.vnfd)
             - (collection element) CollectionFetchableElementEntityGraph(entity=org.project.neutrino.nfvo.catalogue.mano.descriptor.VirtualNetworkFunctionDescriptor, querySpaceUid=<gen:11>, path=org.project.neutrino.nfvo.catalogue.mano.common.NFVEntityDescriptor.vnfd.<elements>)
    - QuerySpaces
       - EntityQuerySpaceImpl(uid=<gen:0>, entity=org.project.neutrino.nfvo.catalogue.mano.common.NFVEntityDescriptor)
          - SQL table alias mapping - nfventityd0_
          - alias suffix - 0_
          - suffixed key columns - {id1_27_0_}
          - JOIN (JoinDefinedByMetadata(monitoring_parameter)) : <gen:0> -> <gen:1>
             - CollectionQuerySpaceImpl(uid=<gen:1>, collection=org.project.neutrino.nfvo.catalogue.mano.common.NFVEntityDescriptor.monitoring_parameter)
                - SQL table alias mapping - monitoring1_
                - alias suffix - 1_
                - suffixed key columns - {nfventit1_27_1_}
          - JOIN (JoinDefinedByMetadata(deployment_flavour)) : <gen:0> -> <gen:2>
             - CollectionQuerySpaceImpl(uid=<gen:2>, collection=org.project.neutrino.nfvo.catalogue.mano.descriptor.VirtualNetworkFunctionDescriptor.deployment_flavour)
                - SQL table alias mapping - deployment2_
                - alias suffix - 2_
                - suffixed key columns - {virtual_1_27_2_}
                - entity-element alias suffix - 3_
                - 3_entity-element suffixed key columns - id1_7_3_
                - JOIN (JoinDefinedByMetadata(elements)) : <gen:2> -> <gen:3>
                   - EntityQuerySpaceImpl(uid=<gen:3>, entity=org.project.neutrino.nfvo.catalogue.mano.descriptor.VNFDDeploymentFlavour)
                      - SQL table alias mapping - vnfddeploy3_
                      - alias suffix - 3_
                      - suffixed key columns - {id1_7_3_}
                      - JOIN (JoinDefinedByMetadata(df_constraint)) : <gen:3> -> <gen:4>
                         - CollectionQuerySpaceImpl(uid=<gen:4>, collection=org.project.neutrino.nfvo.catalogue.mano.descriptor.VNFDDeploymentFlavour.df_constraint)
                            - SQL table alias mapping - df_constra4_
                            - alias suffix - 4_
                            - suffixed key columns - {vnfddepl1_7_4_}
          - JOIN (JoinDefinedByMetadata(nsd_security)) : <gen:0> -> <gen:5>
             - EntityQuerySpaceImpl(uid=<gen:5>, entity=org.project.neutrino.nfvo.catalogue.mano.common.Security)
                - SQL table alias mapping - security5_
                - alias suffix - 5_
                - suffixed key columns - {id1_43_5_}
          - JOIN (JoinDefinedByMetadata(vnf_dependency)) : <gen:0> -> <gen:6>
             - CollectionQuerySpaceImpl(uid=<gen:6>, collection=org.project.neutrino.nfvo.catalogue.mano.descriptor.NetworkServiceDescriptor.vnf_dependency)
                - SQL table alias mapping - vnf_depend6_
                - alias suffix - 6_
                - suffixed key columns - {network_1_27_6_}
                - entity-element alias suffix - 7_
                - 7_entity-element suffixed key columns - id1_86_7_
                - JOIN (JoinDefinedByMetadata(elements)) : <gen:6> -> <gen:7>
                   - EntityQuerySpaceImpl(uid=<gen:7>, entity=org.project.neutrino.nfvo.catalogue.mano.common.VNFDependency)
                      - SQL table alias mapping - vnfdepende7_
                      - alias suffix - 7_
                      - suffixed key columns - {id1_86_7_}
                      - JOIN (JoinDefinedByMetadata(source)) : <gen:7> -> <gen:8>
                         - EntityQuerySpaceImpl(uid=<gen:8>, entity=org.project.neutrino.nfvo.catalogue.mano.descriptor.VirtualNetworkFunctionDescriptor)
                            - SQL table alias mapping - virtualnet8_
                            - alias suffix - 8_
                            - suffixed key columns - {id1_27_8_}
                      - JOIN (JoinDefinedByMetadata(target)) : <gen:7> -> <gen:9>
                         - EntityQuerySpaceImpl(uid=<gen:9>, entity=org.project.neutrino.nfvo.catalogue.mano.descriptor.VirtualNetworkFunctionDescriptor)
                            - SQL table alias mapping - virtualnet9_
                            - alias suffix - 9_
                            - suffixed key columns - {id1_27_9_}
          - JOIN (JoinDefinedByMetadata(vnfd)) : <gen:0> -> <gen:10>
             - CollectionQuerySpaceImpl(uid=<gen:10>, collection=org.project.neutrino.nfvo.catalogue.mano.descriptor.NetworkServiceDescriptor.vnfd)
                - SQL table alias mapping - vnfd10_
                - alias suffix - 10_
                - suffixed key columns - {network_1_27_10_}
                - entity-element alias suffix - 11_
                - 11_entity-element suffixed key columns - id1_27_11_
                - JOIN (JoinDefinedByMetadata(elements)) : <gen:10> -> <gen:11>
                   - EntityQuerySpaceImpl(uid=<gen:11>, entity=org.project.neutrino.nfvo.catalogue.mano.descriptor.VirtualNetworkFunctionDescriptor)
                      - SQL table alias mapping - virtualnet11_
                      - alias suffix - 11_
                      - suffixed key columns - {id1_27_11_}

13:23:07.035 [Test worker] DEBUG o.h.loader.entity.plan.EntityLoader - Static select for entity org.project.neutrino.nfvo.catalogue.mano.common.NFVEntityDescriptor [READ]: select nfventityd0_.id as id1_27_0_, nfventityd0_.hb_version as hb_versi2_27_0_, nfventityd0_.vendor as vendor3_27_0_, nfventityd0_.version as version4_27_0_, nfventityd0_.descriptor_version as descript1_62_0_, nfventityd0_.manifest_file as manifest2_62_0_, nfventityd0_.nsd_security_id as nsd_secu1_14_0_, nfventityd0_.clazz_ as clazz_0_, monitoring1_.nfventity_descriptor_Id as nfventit1_27_1_, monitoring1_.monitoring_parameter as monitori2_31_1_, deployment2_.virtual_network_function_descriptor_Id as virtual_1_27_2_, vnfddeploy3_.id as deployme2_63_2_, vnfddeploy3_.id as id1_7_3_, vnfddeploy3_.flavour_key as flavour_2_7_3_, vnfddeploy3_.version as version3_7_3_, df_constra4_.vnfddeployment_flavour_id as vnfddepl1_7_4_, df_constra4_.df_constraint as df_const2_85_4_, security5_.id as id1_43_5_, security5_.version as version2_43_5_, vnf_depend6_.network_service_descriptor_Id as network_1_27_6_, vnfdepende7_.id as vnf_depe2_16_6_, vnfdepende7_.id as id1_86_7_, vnfdepende7_.source_Id as source_I3_86_7_, vnfdepende7_.target_Id as target_I4_86_7_, vnfdepende7_.version as version2_86_7_, virtualnet8_.id as id1_27_8_, virtualnet8_.hb_version as hb_versi2_27_8_, virtualnet8_.vendor as vendor3_27_8_, virtualnet8_.version as version4_27_8_, virtualnet8_.descriptor_version as descript1_62_8_, virtualnet8_.manifest_file as manifest2_62_8_, virtualnet9_.id as id1_27_9_, virtualnet9_.hb_version as hb_versi2_27_9_, virtualnet9_.vendor as vendor3_27_9_, virtualnet9_.version as version4_27_9_, virtualnet9_.descriptor_version as descript1_62_9_, virtualnet9_.manifest_file as manifest2_62_9_, vnfd10_.network_service_descriptor_Id as network_1_27_10_, virtualnet11_.id as vnfd_Id2_17_10_, virtualnet11_.id as id1_27_11_, virtualnet11_.hb_version as hb_versi2_27_11_, virtualnet11_.vendor as vendor3_27_11_, virtualnet11_.version as version4_27_11_, virtualnet11_.descriptor_version as descript1_62_11_, virtualnet11_.manifest_file as manifest2_62_11_ from ( select id, hb_version, vendor, version, descriptor_version, manifest_file, null as nsd_security_id, 1 as clazz_ from virtual_network_function_descriptor union select id, hb_version, vendor, version, null as descriptor_version, null as manifest_file, nsd_security_id, 2 as clazz_ from network_service_descriptor ) nfventityd0_ left outer join nfventity_descriptor_monitoring_parameter monitoring1_ on nfventityd0_.id=monitoring1_.nfventity_descriptor_Id left outer join virtual_network_function_descriptor_deployment_flavour deployment2_ on nfventityd0_.id=deployment2_.virtual_network_function_descriptor_Id left outer join vnfddeployment_flavour vnfddeploy3_ on deployment2_.deployment_flavour_id=vnfddeploy3_.id left outer join vnfddeployment_flavour_df_constraint df_constra4_ on vnfddeploy3_.id=df_constra4_.vnfddeployment_flavour_id left outer join security security5_ on nfventityd0_.nsd_security_id=security5_.id left outer join network_service_descriptor_vnf_dependency vnf_depend6_ on nfventityd0_.id=vnf_depend6_.network_service_descriptor_Id left outer join vnfdependency vnfdepende7_ on vnf_depend6_.vnf_dependency_id=vnfdepende7_.id left outer join virtual_network_function_descriptor virtualnet8_ on vnfdepende7_.source_Id=virtualnet8_.id left outer join virtual_network_function_descriptor virtualnet9_ on vnfdepende7_.target_Id=virtualnet9_.id left outer join network_service_descriptor_vnfd vnfd10_ on nfventityd0_.id=vnfd10_.network_service_descriptor_Id left outer join virtual_network_function_descriptor virtualnet11_ on vnfd10_.vnfd_Id=virtualnet11_.id where nfventityd0_.id=?
13:23:07.035 [Test worker] DEBUG o.h.l.p.b.i.spaces.QuerySpacesImpl - Adding QuerySpace : uid = <gen:0> -> org.hibernate.loader.plan.build.internal.spaces.EntityQuerySpaceImpl@62225a59]
13:23:07.035 [Test worker] DEBUG o.h.p.w.spi.MetamodelGraphWalker - Visiting attribute path : auto_scale_policy
13:23:07.035 [Test worker] DEBUG o.h.p.w.spi.MetamodelGraphWalker - Visiting attribute path : connection_point
13:23:07.035 [Test worker] DEBUG o.h.p.w.spi.MetamodelGraphWalker - Visiting attribute path : hb_version
13:23:07.035 [Test worker] DEBUG o.h.p.w.spi.MetamodelGraphWalker - Visiting attribute path : lifecycle_event
13:23:07.035 [Test worker] DEBUG o.h.p.w.spi.MetamodelGraphWalker - Visiting attribute path : monitoring_parameter
13:23:07.035 [Test worker] DEBUG o.h.l.p.b.i.spaces.QuerySpacesImpl - Adding QuerySpace : uid = <gen:1> -> org.hibernate.loader.plan.build.internal.spaces.CollectionQuerySpaceImpl@4e1dc1b3]
13:23:07.035 [Test worker] DEBUG o.h.p.w.spi.MetamodelGraphWalker - Visiting attribute path : service_deployment_flavour
13:23:07.035 [Test worker] DEBUG o.h.p.w.spi.MetamodelGraphWalker - Visiting attribute path : vendor
13:23:07.035 [Test worker] DEBUG o.h.p.w.spi.MetamodelGraphWalker - Visiting attribute path : version
13:23:07.035 [Test worker] DEBUG o.h.p.w.spi.MetamodelGraphWalker - Visiting attribute path : vld
13:23:07.035 [Test worker] DEBUG o.h.p.w.spi.MetamodelGraphWalker - Visiting attribute path : vnffgd
13:23:07.035 [Test worker] DEBUG o.h.p.w.spi.MetamodelGraphWalker - Visiting attribute path : deployment_flavour
13:23:07.035 [Test worker] DEBUG o.h.l.p.b.i.spaces.QuerySpacesImpl - Adding QuerySpace : uid = <gen:2> -> org.hibernate.loader.plan.build.internal.spaces.CollectionQuerySpaceImpl@397f6d6]
13:23:07.035 [Test worker] DEBUG o.h.l.p.b.i.spaces.QuerySpacesImpl - Adding QuerySpace : uid = <gen:3> -> org.hibernate.loader.plan.build.internal.spaces.EntityQuerySpaceImpl@6dce5d71]
13:23:07.036 [Test worker] DEBUG o.h.p.w.spi.MetamodelGraphWalker - Visiting attribute path : descriptor_version
13:23:07.036 [Test worker] DEBUG o.h.p.w.spi.MetamodelGraphWalker - Visiting attribute path : manifest_file
13:23:07.036 [Test worker] DEBUG o.h.p.w.spi.MetamodelGraphWalker - Visiting attribute path : manifest_file_security
13:23:07.036 [Test worker] DEBUG o.h.p.w.spi.MetamodelGraphWalker - Visiting attribute path : vdu
13:23:07.036 [Test worker] DEBUG o.h.p.w.spi.MetamodelGraphWalker - Visiting attribute path : vdu_dependency
13:23:07.036 [Test worker] DEBUG o.h.p.w.spi.MetamodelGraphWalker - Visiting attribute path : virtual_link
13:23:07.036 [Test worker] DEBUG o.h.p.w.spi.MetamodelGraphWalker - Visiting attribute path : nsd_security
13:23:07.036 [Test worker] DEBUG o.h.l.p.b.i.spaces.QuerySpacesImpl - Adding QuerySpace : uid = <gen:4> -> org.hibernate.loader.plan.build.internal.spaces.EntityQuerySpaceImpl@758de09]
13:23:07.036 [Test worker] DEBUG o.h.p.w.spi.MetamodelGraphWalker - Visiting attribute path : pnfd
13:23:07.036 [Test worker] DEBUG o.h.p.w.spi.MetamodelGraphWalker - Visiting attribute path : vnf_dependency
13:23:07.036 [Test worker] DEBUG o.h.l.p.b.i.spaces.QuerySpacesImpl - Adding QuerySpace : uid = <gen:5> -> org.hibernate.loader.plan.build.internal.spaces.CollectionQuerySpaceImpl@5b5924a3]
13:23:07.036 [Test worker] DEBUG o.h.l.p.b.i.spaces.QuerySpacesImpl - Adding QuerySpace : uid = <gen:6> -> org.hibernate.loader.plan.build.internal.spaces.EntityQuerySpaceImpl@3974782f]
13:23:07.036 [Test worker] DEBUG o.h.p.w.spi.MetamodelGraphWalker - Visiting attribute path : vnfd
13:23:07.036 [Test worker] DEBUG o.h.l.p.b.i.spaces.QuerySpacesImpl - Adding QuerySpace : uid = <gen:7> -> org.hibernate.loader.plan.build.internal.spaces.CollectionQuerySpaceImpl@d7e7321]
13:23:07.036 [Test worker] DEBUG o.h.l.p.b.i.spaces.QuerySpacesImpl - Adding QuerySpace : uid = <gen:8> -> org.hibernate.loader.plan.build.internal.spaces.EntityQuerySpaceImpl@68b88272]
13:23:07.036 [Test worker] DEBUG o.h.l.p.b.i.FetchStyleLoadPlanBuildingAssociationVisitationStrategy - Building LoadPlan...
13:23:07.037 [Test worker] DEBUG o.h.l.p.e.i.LoadQueryJoinAndFetchProcessor - processing queryspace <gen:0>
13:23:07.037 [Test worker] DEBUG o.h.l.p.b.spi.LoadPlanTreePrinter - LoadPlan(entity=org.project.neutrino.nfvo.catalogue.mano.common.NFVEntityDescriptor)
    - Returns
       - EntityReturnImpl(entity=org.project.neutrino.nfvo.catalogue.mano.common.NFVEntityDescriptor, querySpaceUid=<gen:0>, path=org.project.neutrino.nfvo.catalogue.mano.common.NFVEntityDescriptor)
          - CollectionAttributeFetchImpl(collection=org.project.neutrino.nfvo.catalogue.mano.common.NFVEntityDescriptor.monitoring_parameter, querySpaceUid=<gen:1>, path=org.project.neutrino.nfvo.catalogue.mano.common.NFVEntityDescriptor.monitoring_parameter)
          - CollectionAttributeFetchImpl(collection=org.project.neutrino.nfvo.catalogue.mano.descriptor.VirtualNetworkFunctionDescriptor.deployment_flavour, querySpaceUid=<gen:2>, path=org.project.neutrino.nfvo.catalogue.mano.common.NFVEntityDescriptor.deployment_flavour)
             - (collection element) CollectionFetchableElementEntityGraph(entity=org.project.neutrino.nfvo.catalogue.mano.descriptor.VNFDDeploymentFlavour, querySpaceUid=<gen:3>, path=org.project.neutrino.nfvo.catalogue.mano.common.NFVEntityDescriptor.deployment_flavour.<elements>)
          - EntityAttributeFetchImpl(entity=org.project.neutrino.nfvo.catalogue.mano.common.Security, querySpaceUid=<gen:4>, path=org.project.neutrino.nfvo.catalogue.mano.common.NFVEntityDescriptor.nsd_security)
          - CollectionAttributeFetchImpl(collection=org.project.neutrino.nfvo.catalogue.mano.descriptor.NetworkServiceDescriptor.vnf_dependency, querySpaceUid=<gen:5>, path=org.project.neutrino.nfvo.catalogue.mano.common.NFVEntityDescriptor.vnf_dependency)
             - (collection element) CollectionFetchableElementEntityGraph(entity=org.project.neutrino.nfvo.catalogue.mano.common.VNFDependency, querySpaceUid=<gen:6>, path=org.project.neutrino.nfvo.catalogue.mano.common.NFVEntityDescriptor.vnf_dependency.<elements>)
          - CollectionAttributeFetchImpl(collection=org.project.neutrino.nfvo.catalogue.mano.descriptor.NetworkServiceDescriptor.vnfd, querySpaceUid=<gen:7>, path=org.project.neutrino.nfvo.catalogue.mano.common.NFVEntityDescriptor.vnfd)
             - (collection element) CollectionFetchableElementEntityGraph(entity=org.project.neutrino.nfvo.catalogue.mano.descriptor.VirtualNetworkFunctionDescriptor, querySpaceUid=<gen:8>, path=org.project.neutrino.nfvo.catalogue.mano.common.NFVEntityDescriptor.vnfd.<elements>)
    - QuerySpaces
       - EntityQuerySpaceImpl(uid=<gen:0>, entity=org.project.neutrino.nfvo.catalogue.mano.common.NFVEntityDescriptor)
          - SQL table alias mapping - nfventityd0_
          - alias suffix - 0_
          - suffixed key columns - {id1_27_0_}

13:23:07.037 [Test worker] DEBUG o.h.loader.entity.plan.EntityLoader - Static select for entity org.project.neutrino.nfvo.catalogue.mano.common.NFVEntityDescriptor [UPGRADE]: select nfventityd0_.id as id1_27_0_, nfventityd0_.hb_version as hb_versi2_27_0_, nfventityd0_.vendor as vendor3_27_0_, nfventityd0_.version as version4_27_0_, nfventityd0_.descriptor_version as descript1_62_0_, nfventityd0_.manifest_file as manifest2_62_0_, nfventityd0_.nsd_security_id as nsd_secu1_14_0_, nfventityd0_.clazz_ as clazz_0_ from ( select id, hb_version, vendor, version, descriptor_version, manifest_file, null as nsd_security_id, 1 as clazz_ from virtual_network_function_descriptor union select id, hb_version, vendor, version, null as descriptor_version, null as manifest_file, nsd_security_id, 2 as clazz_ from network_service_descriptor ) nfventityd0_ where nfventityd0_.id=? for update
13:23:07.037 [Test worker] DEBUG o.h.l.p.b.i.spaces.QuerySpacesImpl - Adding QuerySpace : uid = <gen:0> -> org.hibernate.loader.plan.build.internal.spaces.EntityQuerySpaceImpl@297c4014]
13:23:07.037 [Test worker] DEBUG o.h.p.w.spi.MetamodelGraphWalker - Visiting attribute path : auto_scale_policy
13:23:07.037 [Test worker] DEBUG o.h.p.w.spi.MetamodelGraphWalker - Visiting attribute path : connection_point
13:23:07.037 [Test worker] DEBUG o.h.p.w.spi.MetamodelGraphWalker - Visiting attribute path : hb_version
13:23:07.037 [Test worker] DEBUG o.h.p.w.spi.MetamodelGraphWalker - Visiting attribute path : lifecycle_event
13:23:07.037 [Test worker] DEBUG o.h.p.w.spi.MetamodelGraphWalker - Visiting attribute path : monitoring_parameter
13:23:07.037 [Test worker] DEBUG o.h.l.p.b.i.spaces.QuerySpacesImpl - Adding QuerySpace : uid = <gen:1> -> org.hibernate.loader.plan.build.internal.spaces.CollectionQuerySpaceImpl@aa9d1ac]
13:23:07.037 [Test worker] DEBUG o.h.p.w.spi.MetamodelGraphWalker - Visiting attribute path : service_deployment_flavour
13:23:07.037 [Test worker] DEBUG o.h.p.w.spi.MetamodelGraphWalker - Visiting attribute path : vendor
13:23:07.038 [Test worker] DEBUG o.h.p.w.spi.MetamodelGraphWalker - Visiting attribute path : version
13:23:07.038 [Test worker] DEBUG o.h.p.w.spi.MetamodelGraphWalker - Visiting attribute path : vld
13:23:07.038 [Test worker] DEBUG o.h.p.w.spi.MetamodelGraphWalker - Visiting attribute path : vnffgd
13:23:07.038 [Test worker] DEBUG o.h.p.w.spi.MetamodelGraphWalker - Visiting attribute path : deployment_flavour
13:23:07.038 [Test worker] DEBUG o.h.l.p.b.i.spaces.QuerySpacesImpl - Adding QuerySpace : uid = <gen:2> -> org.hibernate.loader.plan.build.internal.spaces.CollectionQuerySpaceImpl@130478ac]
13:23:07.038 [Test worker] DEBUG o.h.l.p.b.i.spaces.QuerySpacesImpl - Adding QuerySpace : uid = <gen:3> -> org.hibernate.loader.plan.build.internal.spaces.EntityQuerySpaceImpl@a8e6df5]
13:23:07.038 [Test worker] DEBUG o.h.p.w.spi.MetamodelGraphWalker - Visiting attribute path : descriptor_version
13:23:07.038 [Test worker] DEBUG o.h.p.w.spi.MetamodelGraphWalker - Visiting attribute path : manifest_file
13:23:07.038 [Test worker] DEBUG o.h.p.w.spi.MetamodelGraphWalker - Visiting attribute path : manifest_file_security
13:23:07.038 [Test worker] DEBUG o.h.p.w.spi.MetamodelGraphWalker - Visiting attribute path : vdu
13:23:07.038 [Test worker] DEBUG o.h.p.w.spi.MetamodelGraphWalker - Visiting attribute path : vdu_dependency
13:23:07.038 [Test worker] DEBUG o.h.p.w.spi.MetamodelGraphWalker - Visiting attribute path : virtual_link
13:23:07.038 [Test worker] DEBUG o.h.p.w.spi.MetamodelGraphWalker - Visiting attribute path : nsd_security
13:23:07.038 [Test worker] DEBUG o.h.l.p.b.i.spaces.QuerySpacesImpl - Adding QuerySpace : uid = <gen:4> -> org.hibernate.loader.plan.build.internal.spaces.EntityQuerySpaceImpl@cd4f53d]
13:23:07.038 [Test worker] DEBUG o.h.p.w.spi.MetamodelGraphWalker - Visiting attribute path : pnfd
13:23:07.038 [Test worker] DEBUG o.h.p.w.spi.MetamodelGraphWalker - Visiting attribute path : vnf_dependency
13:23:07.038 [Test worker] DEBUG o.h.l.p.b.i.spaces.QuerySpacesImpl - Adding QuerySpace : uid = <gen:5> -> org.hibernate.loader.plan.build.internal.spaces.CollectionQuerySpaceImpl@71307e5f]
13:23:07.038 [Test worker] DEBUG o.h.l.p.b.i.spaces.QuerySpacesImpl - Adding QuerySpace : uid = <gen:6> -> org.hibernate.loader.plan.build.internal.spaces.EntityQuerySpaceImpl@26b8c907]
13:23:07.038 [Test worker] DEBUG o.h.p.w.spi.MetamodelGraphWalker - Visiting attribute path : vnfd
13:23:07.039 [Test worker] DEBUG o.h.l.p.b.i.spaces.QuerySpacesImpl - Adding QuerySpace : uid = <gen:7> -> org.hibernate.loader.plan.build.internal.spaces.CollectionQuerySpaceImpl@2d95fe6d]
13:23:07.039 [Test worker] DEBUG o.h.l.p.b.i.spaces.QuerySpacesImpl - Adding QuerySpace : uid = <gen:8> -> org.hibernate.loader.plan.build.internal.spaces.EntityQuerySpaceImpl@5272bd7c]
13:23:07.039 [Test worker] DEBUG o.h.l.p.b.i.FetchStyleLoadPlanBuildingAssociationVisitationStrategy - Building LoadPlan...
13:23:07.039 [Test worker] DEBUG o.h.l.p.e.i.LoadQueryJoinAndFetchProcessor - processing queryspace <gen:0>
13:23:07.039 [Test worker] DEBUG o.h.l.p.b.spi.LoadPlanTreePrinter - LoadPlan(entity=org.project.neutrino.nfvo.catalogue.mano.common.NFVEntityDescriptor)
    - Returns
       - EntityReturnImpl(entity=org.project.neutrino.nfvo.catalogue.mano.common.NFVEntityDescriptor, querySpaceUid=<gen:0>, path=org.project.neutrino.nfvo.catalogue.mano.common.NFVEntityDescriptor)
          - CollectionAttributeFetchImpl(collection=org.project.neutrino.nfvo.catalogue.mano.common.NFVEntityDescriptor.monitoring_parameter, querySpaceUid=<gen:1>, path=org.project.neutrino.nfvo.catalogue.mano.common.NFVEntityDescriptor.monitoring_parameter)
          - CollectionAttributeFetchImpl(collection=org.project.neutrino.nfvo.catalogue.mano.descriptor.VirtualNetworkFunctionDescriptor.deployment_flavour, querySpaceUid=<gen:2>, path=org.project.neutrino.nfvo.catalogue.mano.common.NFVEntityDescriptor.deployment_flavour)
             - (collection element) CollectionFetchableElementEntityGraph(entity=org.project.neutrino.nfvo.catalogue.mano.descriptor.VNFDDeploymentFlavour, querySpaceUid=<gen:3>, path=org.project.neutrino.nfvo.catalogue.mano.common.NFVEntityDescriptor.deployment_flavour.<elements>)
          - EntityAttributeFetchImpl(entity=org.project.neutrino.nfvo.catalogue.mano.common.Security, querySpaceUid=<gen:4>, path=org.project.neutrino.nfvo.catalogue.mano.common.NFVEntityDescriptor.nsd_security)
          - CollectionAttributeFetchImpl(collection=org.project.neutrino.nfvo.catalogue.mano.descriptor.NetworkServiceDescriptor.vnf_dependency, querySpaceUid=<gen:5>, path=org.project.neutrino.nfvo.catalogue.mano.common.NFVEntityDescriptor.vnf_dependency)
             - (collection element) CollectionFetchableElementEntityGraph(entity=org.project.neutrino.nfvo.catalogue.mano.common.VNFDependency, querySpaceUid=<gen:6>, path=org.project.neutrino.nfvo.catalogue.mano.common.NFVEntityDescriptor.vnf_dependency.<elements>)
          - CollectionAttributeFetchImpl(collection=org.project.neutrino.nfvo.catalogue.mano.descriptor.NetworkServiceDescriptor.vnfd, querySpaceUid=<gen:7>, path=org.project.neutrino.nfvo.catalogue.mano.common.NFVEntityDescriptor.vnfd)
             - (collection element) CollectionFetchableElementEntityGraph(entity=org.project.neutrino.nfvo.catalogue.mano.descriptor.VirtualNetworkFunctionDescriptor, querySpaceUid=<gen:8>, path=org.project.neutrino.nfvo.catalogue.mano.common.NFVEntityDescriptor.vnfd.<elements>)
    - QuerySpaces
       - EntityQuerySpaceImpl(uid=<gen:0>, entity=org.project.neutrino.nfvo.catalogue.mano.common.NFVEntityDescriptor)
          - SQL table alias mapping - nfventityd0_
          - alias suffix - 0_
          - suffixed key columns - {id1_27_0_}

13:23:07.039 [Test worker] DEBUG o.h.loader.entity.plan.EntityLoader - Static select for entity org.project.neutrino.nfvo.catalogue.mano.common.NFVEntityDescriptor [UPGRADE_NOWAIT]: select nfventityd0_.id as id1_27_0_, nfventityd0_.hb_version as hb_versi2_27_0_, nfventityd0_.vendor as vendor3_27_0_, nfventityd0_.version as version4_27_0_, nfventityd0_.descriptor_version as descript1_62_0_, nfventityd0_.manifest_file as manifest2_62_0_, nfventityd0_.nsd_security_id as nsd_secu1_14_0_, nfventityd0_.clazz_ as clazz_0_ from ( select id, hb_version, vendor, version, descriptor_version, manifest_file, null as nsd_security_id, 1 as clazz_ from virtual_network_function_descriptor union select id, hb_version, vendor, version, null as descriptor_version, null as manifest_file, nsd_security_id, 2 as clazz_ from network_service_descriptor ) nfventityd0_ where nfventityd0_.id=? for update
13:23:07.039 [Test worker] DEBUG o.h.l.p.b.i.spaces.QuerySpacesImpl - Adding QuerySpace : uid = <gen:0> -> org.hibernate.loader.plan.build.internal.spaces.EntityQuerySpaceImpl@6af6422d]
13:23:07.039 [Test worker] DEBUG o.h.p.w.spi.MetamodelGraphWalker - Visiting attribute path : auto_scale_policy
13:23:07.039 [Test worker] DEBUG o.h.p.w.spi.MetamodelGraphWalker - Visiting attribute path : connection_point
13:23:07.040 [Test worker] DEBUG o.h.p.w.spi.MetamodelGraphWalker - Visiting attribute path : hb_version
13:23:07.040 [Test worker] DEBUG o.h.p.w.spi.MetamodelGraphWalker - Visiting attribute path : lifecycle_event
13:23:07.040 [Test worker] DEBUG o.h.p.w.spi.MetamodelGraphWalker - Visiting attribute path : monitoring_parameter
13:23:07.040 [Test worker] DEBUG o.h.l.p.b.i.spaces.QuerySpacesImpl - Adding QuerySpace : uid = <gen:1> -> org.hibernate.loader.plan.build.internal.spaces.CollectionQuerySpaceImpl@2c824b9a]
13:23:07.040 [Test worker] DEBUG o.h.p.w.spi.MetamodelGraphWalker - Visiting attribute path : service_deployment_flavour
13:23:07.040 [Test worker] DEBUG o.h.p.w.spi.MetamodelGraphWalker - Visiting attribute path : vendor
13:23:07.040 [Test worker] DEBUG o.h.p.w.spi.MetamodelGraphWalker - Visiting attribute path : version
13:23:07.040 [Test worker] DEBUG o.h.p.w.spi.MetamodelGraphWalker - Visiting attribute path : vld
13:23:07.040 [Test worker] DEBUG o.h.p.w.spi.MetamodelGraphWalker - Visiting attribute path : vnffgd
13:23:07.040 [Test worker] DEBUG o.h.p.w.spi.MetamodelGraphWalker - Visiting attribute path : deployment_flavour
13:23:07.040 [Test worker] DEBUG o.h.l.p.b.i.spaces.QuerySpacesImpl - Adding QuerySpace : uid = <gen:2> -> org.hibernate.loader.plan.build.internal.spaces.CollectionQuerySpaceImpl@1e31824a]
13:23:07.040 [Test worker] DEBUG o.h.l.p.b.i.spaces.QuerySpacesImpl - Adding QuerySpace : uid = <gen:3> -> org.hibernate.loader.plan.build.internal.spaces.EntityQuerySpaceImpl@4460d7c2]
13:23:07.040 [Test worker] DEBUG o.h.p.w.spi.MetamodelGraphWalker - Visiting attribute path : descriptor_version
13:23:07.040 [Test worker] DEBUG o.h.p.w.spi.MetamodelGraphWalker - Visiting attribute path : manifest_file
13:23:07.040 [Test worker] DEBUG o.h.p.w.spi.MetamodelGraphWalker - Visiting attribute path : manifest_file_security
13:23:07.040 [Test worker] DEBUG o.h.p.w.spi.MetamodelGraphWalker - Visiting attribute path : vdu
13:23:07.040 [Test worker] DEBUG o.h.p.w.spi.MetamodelGraphWalker - Visiting attribute path : vdu_dependency
13:23:07.040 [Test worker] DEBUG o.h.p.w.spi.MetamodelGraphWalker - Visiting attribute path : virtual_link
13:23:07.040 [Test worker] DEBUG o.h.p.w.spi.MetamodelGraphWalker - Visiting attribute path : nsd_security
13:23:07.040 [Test worker] DEBUG o.h.l.p.b.i.spaces.QuerySpacesImpl - Adding QuerySpace : uid = <gen:4> -> org.hibernate.loader.plan.build.internal.spaces.EntityQuerySpaceImpl@31f524a0]
13:23:07.040 [Test worker] DEBUG o.h.p.w.spi.MetamodelGraphWalker - Visiting attribute path : pnfd
13:23:07.041 [Test worker] DEBUG o.h.p.w.spi.MetamodelGraphWalker - Visiting attribute path : vnf_dependency
13:23:07.041 [Test worker] DEBUG o.h.l.p.b.i.spaces.QuerySpacesImpl - Adding QuerySpace : uid = <gen:5> -> org.hibernate.loader.plan.build.internal.spaces.CollectionQuerySpaceImpl@55379dff]
13:23:07.041 [Test worker] DEBUG o.h.l.p.b.i.spaces.QuerySpacesImpl - Adding QuerySpace : uid = <gen:6> -> org.hibernate.loader.plan.build.internal.spaces.EntityQuerySpaceImpl@3665fc0e]
13:23:07.041 [Test worker] DEBUG o.h.p.w.spi.MetamodelGraphWalker - Visiting attribute path : vnfd
13:23:07.041 [Test worker] DEBUG o.h.l.p.b.i.spaces.QuerySpacesImpl - Adding QuerySpace : uid = <gen:7> -> org.hibernate.loader.plan.build.internal.spaces.CollectionQuerySpaceImpl@61871708]
13:23:07.041 [Test worker] DEBUG o.h.l.p.b.i.spaces.QuerySpacesImpl - Adding QuerySpace : uid = <gen:8> -> org.hibernate.loader.plan.build.internal.spaces.EntityQuerySpaceImpl@6bf9403d]
13:23:07.041 [Test worker] DEBUG o.h.l.p.b.i.FetchStyleLoadPlanBuildingAssociationVisitationStrategy - Building LoadPlan...
13:23:07.041 [Test worker] DEBUG o.h.l.p.e.i.LoadQueryJoinAndFetchProcessor - processing queryspace <gen:0>
13:23:07.041 [Test worker] DEBUG o.h.l.p.b.spi.LoadPlanTreePrinter - LoadPlan(entity=org.project.neutrino.nfvo.catalogue.mano.common.NFVEntityDescriptor)
    - Returns
       - EntityReturnImpl(entity=org.project.neutrino.nfvo.catalogue.mano.common.NFVEntityDescriptor, querySpaceUid=<gen:0>, path=org.project.neutrino.nfvo.catalogue.mano.common.NFVEntityDescriptor)
          - CollectionAttributeFetchImpl(collection=org.project.neutrino.nfvo.catalogue.mano.common.NFVEntityDescriptor.monitoring_parameter, querySpaceUid=<gen:1>, path=org.project.neutrino.nfvo.catalogue.mano.common.NFVEntityDescriptor.monitoring_parameter)
          - CollectionAttributeFetchImpl(collection=org.project.neutrino.nfvo.catalogue.mano.descriptor.VirtualNetworkFunctionDescriptor.deployment_flavour, querySpaceUid=<gen:2>, path=org.project.neutrino.nfvo.catalogue.mano.common.NFVEntityDescriptor.deployment_flavour)
             - (collection element) CollectionFetchableElementEntityGraph(entity=org.project.neutrino.nfvo.catalogue.mano.descriptor.VNFDDeploymentFlavour, querySpaceUid=<gen:3>, path=org.project.neutrino.nfvo.catalogue.mano.common.NFVEntityDescriptor.deployment_flavour.<elements>)
          - EntityAttributeFetchImpl(entity=org.project.neutrino.nfvo.catalogue.mano.common.Security, querySpaceUid=<gen:4>, path=org.project.neutrino.nfvo.catalogue.mano.common.NFVEntityDescriptor.nsd_security)
          - CollectionAttributeFetchImpl(collection=org.project.neutrino.nfvo.catalogue.mano.descriptor.NetworkServiceDescriptor.vnf_dependency, querySpaceUid=<gen:5>, path=org.project.neutrino.nfvo.catalogue.mano.common.NFVEntityDescriptor.vnf_dependency)
             - (collection element) CollectionFetchableElementEntityGraph(entity=org.project.neutrino.nfvo.catalogue.mano.common.VNFDependency, querySpaceUid=<gen:6>, path=org.project.neutrino.nfvo.catalogue.mano.common.NFVEntityDescriptor.vnf_dependency.<elements>)
          - CollectionAttributeFetchImpl(collection=org.project.neutrino.nfvo.catalogue.mano.descriptor.NetworkServiceDescriptor.vnfd, querySpaceUid=<gen:7>, path=org.project.neutrino.nfvo.catalogue.mano.common.NFVEntityDescriptor.vnfd)
             - (collection element) CollectionFetchableElementEntityGraph(entity=org.project.neutrino.nfvo.catalogue.mano.descriptor.VirtualNetworkFunctionDescriptor, querySpaceUid=<gen:8>, path=org.project.neutrino.nfvo.catalogue.mano.common.NFVEntityDescriptor.vnfd.<elements>)
    - QuerySpaces
       - EntityQuerySpaceImpl(uid=<gen:0>, entity=org.project.neutrino.nfvo.catalogue.mano.common.NFVEntityDescriptor)
          - SQL table alias mapping - nfventityd0_
          - alias suffix - 0_
          - suffixed key columns - {id1_27_0_}

13:23:07.041 [Test worker] DEBUG o.h.loader.entity.plan.EntityLoader - Static select for entity org.project.neutrino.nfvo.catalogue.mano.common.NFVEntityDescriptor [UPGRADE_SKIPLOCKED]: select nfventityd0_.id as id1_27_0_, nfventityd0_.hb_version as hb_versi2_27_0_, nfventityd0_.vendor as vendor3_27_0_, nfventityd0_.version as version4_27_0_, nfventityd0_.descriptor_version as descript1_62_0_, nfventityd0_.manifest_file as manifest2_62_0_, nfventityd0_.nsd_security_id as nsd_secu1_14_0_, nfventityd0_.clazz_ as clazz_0_ from ( select id, hb_version, vendor, version, descriptor_version, manifest_file, null as nsd_security_id, 1 as clazz_ from virtual_network_function_descriptor union select id, hb_version, vendor, version, null as descriptor_version, null as manifest_file, nsd_security_id, 2 as clazz_ from network_service_descriptor ) nfventityd0_ where nfventityd0_.id=? for update
13:23:07.041 [Test worker] DEBUG o.h.l.p.b.i.spaces.QuerySpacesImpl - Adding QuerySpace : uid = <gen:0> -> org.hibernate.loader.plan.build.internal.spaces.EntityQuerySpaceImpl@38e89c2c]
13:23:07.042 [Test worker] DEBUG o.h.p.w.spi.MetamodelGraphWalker - Visiting attribute path : auto_scale_policy
13:23:07.042 [Test worker] DEBUG o.h.p.w.spi.MetamodelGraphWalker - Visiting attribute path : connection_point
13:23:07.042 [Test worker] DEBUG o.h.p.w.spi.MetamodelGraphWalker - Visiting attribute path : hb_version
13:23:07.042 [Test worker] DEBUG o.h.p.w.spi.MetamodelGraphWalker - Visiting attribute path : lifecycle_event
13:23:07.042 [Test worker] DEBUG o.h.p.w.spi.MetamodelGraphWalker - Visiting attribute path : monitoring_parameter
13:23:07.042 [Test worker] DEBUG o.h.l.p.b.i.spaces.QuerySpacesImpl - Adding QuerySpace : uid = <gen:1> -> org.hibernate.loader.plan.build.internal.spaces.CollectionQuerySpaceImpl@1aa1500b]
13:23:07.042 [Test worker] DEBUG o.h.p.w.spi.MetamodelGraphWalker - Visiting attribute path : service_deployment_flavour
13:23:07.042 [Test worker] DEBUG o.h.p.w.spi.MetamodelGraphWalker - Visiting attribute path : vendor
13:23:07.042 [Test worker] DEBUG o.h.p.w.spi.MetamodelGraphWalker - Visiting attribute path : version
13:23:07.042 [Test worker] DEBUG o.h.p.w.spi.MetamodelGraphWalker - Visiting attribute path : vld
13:23:07.042 [Test worker] DEBUG o.h.p.w.spi.MetamodelGraphWalker - Visiting attribute path : vnffgd
13:23:07.042 [Test worker] DEBUG o.h.p.w.spi.MetamodelGraphWalker - Visiting attribute path : deployment_flavour
13:23:07.042 [Test worker] DEBUG o.h.l.p.b.i.spaces.QuerySpacesImpl - Adding QuerySpace : uid = <gen:2> -> org.hibernate.loader.plan.build.internal.spaces.CollectionQuerySpaceImpl@548e0fd5]
13:23:07.042 [Test worker] DEBUG o.h.l.p.b.i.spaces.QuerySpacesImpl - Adding QuerySpace : uid = <gen:3> -> org.hibernate.loader.plan.build.internal.spaces.EntityQuerySpaceImpl@3ab19451]
13:23:07.042 [Test worker] DEBUG o.h.p.w.spi.MetamodelGraphWalker - Visiting attribute path : descriptor_version
13:23:07.042 [Test worker] DEBUG o.h.p.w.spi.MetamodelGraphWalker - Visiting attribute path : manifest_file
13:23:07.042 [Test worker] DEBUG o.h.p.w.spi.MetamodelGraphWalker - Visiting attribute path : manifest_file_security
13:23:07.042 [Test worker] DEBUG o.h.p.w.spi.MetamodelGraphWalker - Visiting attribute path : vdu
13:23:07.042 [Test worker] DEBUG o.h.p.w.spi.MetamodelGraphWalker - Visiting attribute path : vdu_dependency
13:23:07.042 [Test worker] DEBUG o.h.p.w.spi.MetamodelGraphWalker - Visiting attribute path : virtual_link
13:23:07.043 [Test worker] DEBUG o.h.p.w.spi.MetamodelGraphWalker - Visiting attribute path : nsd_security
13:23:07.043 [Test worker] DEBUG o.h.l.p.b.i.spaces.QuerySpacesImpl - Adding QuerySpace : uid = <gen:4> -> org.hibernate.loader.plan.build.internal.spaces.EntityQuerySpaceImpl@60806ff1]
13:23:07.043 [Test worker] DEBUG o.h.p.w.spi.MetamodelGraphWalker - Visiting attribute path : pnfd
13:23:07.043 [Test worker] DEBUG o.h.p.w.spi.MetamodelGraphWalker - Visiting attribute path : vnf_dependency
13:23:07.043 [Test worker] DEBUG o.h.l.p.b.i.spaces.QuerySpacesImpl - Adding QuerySpace : uid = <gen:5> -> org.hibernate.loader.plan.build.internal.spaces.CollectionQuerySpaceImpl@103568b6]
13:23:07.043 [Test worker] DEBUG o.h.l.p.b.i.spaces.QuerySpacesImpl - Adding QuerySpace : uid = <gen:6> -> org.hibernate.loader.plan.build.internal.spaces.EntityQuerySpaceImpl@226d8d0a]
13:23:07.043 [Test worker] DEBUG o.h.p.w.spi.MetamodelGraphWalker - Visiting attribute path : vnfd
13:23:07.043 [Test worker] DEBUG o.h.l.p.b.i.spaces.QuerySpacesImpl - Adding QuerySpace : uid = <gen:7> -> org.hibernate.loader.plan.build.internal.spaces.CollectionQuerySpaceImpl@46469d2e]
13:23:07.043 [Test worker] DEBUG o.h.l.p.b.i.spaces.QuerySpacesImpl - Adding QuerySpace : uid = <gen:8> -> org.hibernate.loader.plan.build.internal.spaces.EntityQuerySpaceImpl@45f95b0d]
13:23:07.043 [Test worker] DEBUG o.h.l.p.b.i.FetchStyleLoadPlanBuildingAssociationVisitationStrategy - Building LoadPlan...
13:23:07.043 [Test worker] DEBUG o.h.l.p.e.i.LoadQueryJoinAndFetchProcessor - processing queryspace <gen:0>
13:23:07.043 [Test worker] DEBUG o.h.l.p.b.spi.LoadPlanTreePrinter - LoadPlan(entity=org.project.neutrino.nfvo.catalogue.mano.common.NFVEntityDescriptor)
    - Returns
       - EntityReturnImpl(entity=org.project.neutrino.nfvo.catalogue.mano.common.NFVEntityDescriptor, querySpaceUid=<gen:0>, path=org.project.neutrino.nfvo.catalogue.mano.common.NFVEntityDescriptor)
          - CollectionAttributeFetchImpl(collection=org.project.neutrino.nfvo.catalogue.mano.common.NFVEntityDescriptor.monitoring_parameter, querySpaceUid=<gen:1>, path=org.project.neutrino.nfvo.catalogue.mano.common.NFVEntityDescriptor.monitoring_parameter)
          - CollectionAttributeFetchImpl(collection=org.project.neutrino.nfvo.catalogue.mano.descriptor.VirtualNetworkFunctionDescriptor.deployment_flavour, querySpaceUid=<gen:2>, path=org.project.neutrino.nfvo.catalogue.mano.common.NFVEntityDescriptor.deployment_flavour)
             - (collection element) CollectionFetchableElementEntityGraph(entity=org.project.neutrino.nfvo.catalogue.mano.descriptor.VNFDDeploymentFlavour, querySpaceUid=<gen:3>, path=org.project.neutrino.nfvo.catalogue.mano.common.NFVEntityDescriptor.deployment_flavour.<elements>)
          - EntityAttributeFetchImpl(entity=org.project.neutrino.nfvo.catalogue.mano.common.Security, querySpaceUid=<gen:4>, path=org.project.neutrino.nfvo.catalogue.mano.common.NFVEntityDescriptor.nsd_security)
          - CollectionAttributeFetchImpl(collection=org.project.neutrino.nfvo.catalogue.mano.descriptor.NetworkServiceDescriptor.vnf_dependency, querySpaceUid=<gen:5>, path=org.project.neutrino.nfvo.catalogue.mano.common.NFVEntityDescriptor.vnf_dependency)
             - (collection element) CollectionFetchableElementEntityGraph(entity=org.project.neutrino.nfvo.catalogue.mano.common.VNFDependency, querySpaceUid=<gen:6>, path=org.project.neutrino.nfvo.catalogue.mano.common.NFVEntityDescriptor.vnf_dependency.<elements>)
          - CollectionAttributeFetchImpl(collection=org.project.neutrino.nfvo.catalogue.mano.descriptor.NetworkServiceDescriptor.vnfd, querySpaceUid=<gen:7>, path=org.project.neutrino.nfvo.catalogue.mano.common.NFVEntityDescriptor.vnfd)
             - (collection element) CollectionFetchableElementEntityGraph(entity=org.project.neutrino.nfvo.catalogue.mano.descriptor.VirtualNetworkFunctionDescriptor, querySpaceUid=<gen:8>, path=org.project.neutrino.nfvo.catalogue.mano.common.NFVEntityDescriptor.vnfd.<elements>)
    - QuerySpaces
       - EntityQuerySpaceImpl(uid=<gen:0>, entity=org.project.neutrino.nfvo.catalogue.mano.common.NFVEntityDescriptor)
          - SQL table alias mapping - nfventityd0_
          - alias suffix - 0_
          - suffixed key columns - {id1_27_0_}

13:23:07.044 [Test worker] DEBUG o.h.loader.entity.plan.EntityLoader - Static select for entity org.project.neutrino.nfvo.catalogue.mano.common.NFVEntityDescriptor [FORCE]: select nfventityd0_.id as id1_27_0_, nfventityd0_.hb_version as hb_versi2_27_0_, nfventityd0_.vendor as vendor3_27_0_, nfventityd0_.version as version4_27_0_, nfventityd0_.descriptor_version as descript1_62_0_, nfventityd0_.manifest_file as manifest2_62_0_, nfventityd0_.nsd_security_id as nsd_secu1_14_0_, nfventityd0_.clazz_ as clazz_0_ from ( select id, hb_version, vendor, version, descriptor_version, manifest_file, null as nsd_security_id, 1 as clazz_ from virtual_network_function_descriptor union select id, hb_version, vendor, version, null as descriptor_version, null as manifest_file, nsd_security_id, 2 as clazz_ from network_service_descriptor ) nfventityd0_ where nfventityd0_.id=? for update
13:23:07.044 [Test worker] DEBUG o.h.l.p.b.i.spaces.QuerySpacesImpl - Adding QuerySpace : uid = <gen:0> -> org.hibernate.loader.plan.build.internal.spaces.EntityQuerySpaceImpl@75c8d65e]
13:23:07.044 [Test worker] DEBUG o.h.p.w.spi.MetamodelGraphWalker - Visiting attribute path : auto_scale_policy
13:23:07.044 [Test worker] DEBUG o.h.p.w.spi.MetamodelGraphWalker - Visiting attribute path : connection_point
13:23:07.044 [Test worker] DEBUG o.h.p.w.spi.MetamodelGraphWalker - Visiting attribute path : hb_version
13:23:07.044 [Test worker] DEBUG o.h.p.w.spi.MetamodelGraphWalker - Visiting attribute path : lifecycle_event
13:23:07.044 [Test worker] DEBUG o.h.p.w.spi.MetamodelGraphWalker - Visiting attribute path : monitoring_parameter
13:23:07.044 [Test worker] DEBUG o.h.l.p.b.i.spaces.QuerySpacesImpl - Adding QuerySpace : uid = <gen:1> -> org.hibernate.loader.plan.build.internal.spaces.CollectionQuerySpaceImpl@4b5574d]
13:23:07.044 [Test worker] DEBUG o.h.p.w.spi.MetamodelGraphWalker - Visiting attribute path : service_deployment_flavour
13:23:07.044 [Test worker] DEBUG o.h.p.w.spi.MetamodelGraphWalker - Visiting attribute path : vendor
13:23:07.044 [Test worker] DEBUG o.h.p.w.spi.MetamodelGraphWalker - Visiting attribute path : version
13:23:07.044 [Test worker] DEBUG o.h.p.w.spi.MetamodelGraphWalker - Visiting attribute path : vld
13:23:07.044 [Test worker] DEBUG o.h.p.w.spi.MetamodelGraphWalker - Visiting attribute path : vnffgd
13:23:07.044 [Test worker] DEBUG o.h.p.w.spi.MetamodelGraphWalker - Visiting attribute path : deployment_flavour
13:23:07.044 [Test worker] DEBUG o.h.l.p.b.i.spaces.QuerySpacesImpl - Adding QuerySpace : uid = <gen:2> -> org.hibernate.loader.plan.build.internal.spaces.CollectionQuerySpaceImpl@1d7682a5]
13:23:07.044 [Test worker] DEBUG o.h.l.p.b.i.spaces.QuerySpacesImpl - Adding QuerySpace : uid = <gen:3> -> org.hibernate.loader.plan.build.internal.spaces.EntityQuerySpaceImpl@4f7b2dbf]
13:23:07.044 [Test worker] DEBUG o.h.p.w.spi.MetamodelGraphWalker - Visiting attribute path : descriptor_version
13:23:07.044 [Test worker] DEBUG o.h.p.w.spi.MetamodelGraphWalker - Visiting attribute path : manifest_file
13:23:07.044 [Test worker] DEBUG o.h.p.w.spi.MetamodelGraphWalker - Visiting attribute path : manifest_file_security
13:23:07.045 [Test worker] DEBUG o.h.p.w.spi.MetamodelGraphWalker - Visiting attribute path : vdu
13:23:07.045 [Test worker] DEBUG o.h.p.w.spi.MetamodelGraphWalker - Visiting attribute path : vdu_dependency
13:23:07.045 [Test worker] DEBUG o.h.p.w.spi.MetamodelGraphWalker - Visiting attribute path : virtual_link
13:23:07.045 [Test worker] DEBUG o.h.p.w.spi.MetamodelGraphWalker - Visiting attribute path : nsd_security
13:23:07.045 [Test worker] DEBUG o.h.l.p.b.i.spaces.QuerySpacesImpl - Adding QuerySpace : uid = <gen:4> -> org.hibernate.loader.plan.build.internal.spaces.EntityQuerySpaceImpl@1ff87f5d]
13:23:07.045 [Test worker] DEBUG o.h.p.w.spi.MetamodelGraphWalker - Visiting attribute path : pnfd
13:23:07.045 [Test worker] DEBUG o.h.p.w.spi.MetamodelGraphWalker - Visiting attribute path : vnf_dependency
13:23:07.045 [Test worker] DEBUG o.h.l.p.b.i.spaces.QuerySpacesImpl - Adding QuerySpace : uid = <gen:5> -> org.hibernate.loader.plan.build.internal.spaces.CollectionQuerySpaceImpl@7371c310]
13:23:07.045 [Test worker] DEBUG o.h.l.p.b.i.spaces.QuerySpacesImpl - Adding QuerySpace : uid = <gen:6> -> org.hibernate.loader.plan.build.internal.spaces.EntityQuerySpaceImpl@31bd8aa6]
13:23:07.045 [Test worker] DEBUG o.h.p.w.spi.MetamodelGraphWalker - Visiting attribute path : vnfd
13:23:07.045 [Test worker] DEBUG o.h.l.p.b.i.spaces.QuerySpacesImpl - Adding QuerySpace : uid = <gen:7> -> org.hibernate.loader.plan.build.internal.spaces.CollectionQuerySpaceImpl@12d9b1cd]
13:23:07.045 [Test worker] DEBUG o.h.l.p.b.i.spaces.QuerySpacesImpl - Adding QuerySpace : uid = <gen:8> -> org.hibernate.loader.plan.build.internal.spaces.EntityQuerySpaceImpl@12281366]
13:23:07.045 [Test worker] DEBUG o.h.l.p.b.i.FetchStyleLoadPlanBuildingAssociationVisitationStrategy - Building LoadPlan...
13:23:07.045 [Test worker] DEBUG o.h.l.p.e.i.LoadQueryJoinAndFetchProcessor - processing queryspace <gen:0>
13:23:07.045 [Test worker] DEBUG o.h.l.p.b.spi.LoadPlanTreePrinter - LoadPlan(entity=org.project.neutrino.nfvo.catalogue.mano.common.NFVEntityDescriptor)
    - Returns
       - EntityReturnImpl(entity=org.project.neutrino.nfvo.catalogue.mano.common.NFVEntityDescriptor, querySpaceUid=<gen:0>, path=org.project.neutrino.nfvo.catalogue.mano.common.NFVEntityDescriptor)
          - CollectionAttributeFetchImpl(collection=org.project.neutrino.nfvo.catalogue.mano.common.NFVEntityDescriptor.monitoring_parameter, querySpaceUid=<gen:1>, path=org.project.neutrino.nfvo.catalogue.mano.common.NFVEntityDescriptor.monitoring_parameter)
          - CollectionAttributeFetchImpl(collection=org.project.neutrino.nfvo.catalogue.mano.descriptor.VirtualNetworkFunctionDescriptor.deployment_flavour, querySpaceUid=<gen:2>, path=org.project.neutrino.nfvo.catalogue.mano.common.NFVEntityDescriptor.deployment_flavour)
             - (collection element) CollectionFetchableElementEntityGraph(entity=org.project.neutrino.nfvo.catalogue.mano.descriptor.VNFDDeploymentFlavour, querySpaceUid=<gen:3>, path=org.project.neutrino.nfvo.catalogue.mano.common.NFVEntityDescriptor.deployment_flavour.<elements>)
          - EntityAttributeFetchImpl(entity=org.project.neutrino.nfvo.catalogue.mano.common.Security, querySpaceUid=<gen:4>, path=org.project.neutrino.nfvo.catalogue.mano.common.NFVEntityDescriptor.nsd_security)
          - CollectionAttributeFetchImpl(collection=org.project.neutrino.nfvo.catalogue.mano.descriptor.NetworkServiceDescriptor.vnf_dependency, querySpaceUid=<gen:5>, path=org.project.neutrino.nfvo.catalogue.mano.common.NFVEntityDescriptor.vnf_dependency)
             - (collection element) CollectionFetchableElementEntityGraph(entity=org.project.neutrino.nfvo.catalogue.mano.common.VNFDependency, querySpaceUid=<gen:6>, path=org.project.neutrino.nfvo.catalogue.mano.common.NFVEntityDescriptor.vnf_dependency.<elements>)
          - CollectionAttributeFetchImpl(collection=org.project.neutrino.nfvo.catalogue.mano.descriptor.NetworkServiceDescriptor.vnfd, querySpaceUid=<gen:7>, path=org.project.neutrino.nfvo.catalogue.mano.common.NFVEntityDescriptor.vnfd)
             - (collection element) CollectionFetchableElementEntityGraph(entity=org.project.neutrino.nfvo.catalogue.mano.descriptor.VirtualNetworkFunctionDescriptor, querySpaceUid=<gen:8>, path=org.project.neutrino.nfvo.catalogue.mano.common.NFVEntityDescriptor.vnfd.<elements>)
    - QuerySpaces
       - EntityQuerySpaceImpl(uid=<gen:0>, entity=org.project.neutrino.nfvo.catalogue.mano.common.NFVEntityDescriptor)
          - SQL table alias mapping - nfventityd0_
          - alias suffix - 0_
          - suffixed key columns - {id1_27_0_}

13:23:07.046 [Test worker] DEBUG o.h.loader.entity.plan.EntityLoader - Static select for entity org.project.neutrino.nfvo.catalogue.mano.common.NFVEntityDescriptor [PESSIMISTIC_READ]: select nfventityd0_.id as id1_27_0_, nfventityd0_.hb_version as hb_versi2_27_0_, nfventityd0_.vendor as vendor3_27_0_, nfventityd0_.version as version4_27_0_, nfventityd0_.descriptor_version as descript1_62_0_, nfventityd0_.manifest_file as manifest2_62_0_, nfventityd0_.nsd_security_id as nsd_secu1_14_0_, nfventityd0_.clazz_ as clazz_0_ from ( select id, hb_version, vendor, version, descriptor_version, manifest_file, null as nsd_security_id, 1 as clazz_ from virtual_network_function_descriptor union select id, hb_version, vendor, version, null as descriptor_version, null as manifest_file, nsd_security_id, 2 as clazz_ from network_service_descriptor ) nfventityd0_ where nfventityd0_.id=? lock in share mode
13:23:07.046 [Test worker] DEBUG o.h.l.p.b.i.spaces.QuerySpacesImpl - Adding QuerySpace : uid = <gen:0> -> org.hibernate.loader.plan.build.internal.spaces.EntityQuerySpaceImpl@51196da]
13:23:07.046 [Test worker] DEBUG o.h.p.w.spi.MetamodelGraphWalker - Visiting attribute path : auto_scale_policy
13:23:07.046 [Test worker] DEBUG o.h.p.w.spi.MetamodelGraphWalker - Visiting attribute path : connection_point
13:23:07.046 [Test worker] DEBUG o.h.p.w.spi.MetamodelGraphWalker - Visiting attribute path : hb_version
13:23:07.046 [Test worker] DEBUG o.h.p.w.spi.MetamodelGraphWalker - Visiting attribute path : lifecycle_event
13:23:07.046 [Test worker] DEBUG o.h.p.w.spi.MetamodelGraphWalker - Visiting attribute path : monitoring_parameter
13:23:07.046 [Test worker] DEBUG o.h.l.p.b.i.spaces.QuerySpacesImpl - Adding QuerySpace : uid = <gen:1> -> org.hibernate.loader.plan.build.internal.spaces.CollectionQuerySpaceImpl@7ca315d2]
13:23:07.046 [Test worker] DEBUG o.h.p.w.spi.MetamodelGraphWalker - Visiting attribute path : service_deployment_flavour
13:23:07.046 [Test worker] DEBUG o.h.p.w.spi.MetamodelGraphWalker - Visiting attribute path : vendor
13:23:07.046 [Test worker] DEBUG o.h.p.w.spi.MetamodelGraphWalker - Visiting attribute path : version
13:23:07.046 [Test worker] DEBUG o.h.p.w.spi.MetamodelGraphWalker - Visiting attribute path : vld
13:23:07.046 [Test worker] DEBUG o.h.p.w.spi.MetamodelGraphWalker - Visiting attribute path : vnffgd
13:23:07.046 [Test worker] DEBUG o.h.p.w.spi.MetamodelGraphWalker - Visiting attribute path : deployment_flavour
13:23:07.046 [Test worker] DEBUG o.h.l.p.b.i.spaces.QuerySpacesImpl - Adding QuerySpace : uid = <gen:2> -> org.hibernate.loader.plan.build.internal.spaces.CollectionQuerySpaceImpl@36edcdeb]
13:23:07.046 [Test worker] DEBUG o.h.l.p.b.i.spaces.QuerySpacesImpl - Adding QuerySpace : uid = <gen:3> -> org.hibernate.loader.plan.build.internal.spaces.EntityQuerySpaceImpl@366a1b79]
13:23:07.046 [Test worker] DEBUG o.h.p.w.spi.MetamodelGraphWalker - Visiting attribute path : descriptor_version
13:23:07.046 [Test worker] DEBUG o.h.p.w.spi.MetamodelGraphWalker - Visiting attribute path : manifest_file
13:23:07.046 [Test worker] DEBUG o.h.p.w.spi.MetamodelGraphWalker - Visiting attribute path : manifest_file_security
13:23:07.047 [Test worker] DEBUG o.h.p.w.spi.MetamodelGraphWalker - Visiting attribute path : vdu
13:23:07.047 [Test worker] DEBUG o.h.p.w.spi.MetamodelGraphWalker - Visiting attribute path : vdu_dependency
13:23:07.047 [Test worker] DEBUG o.h.p.w.spi.MetamodelGraphWalker - Visiting attribute path : virtual_link
13:23:07.047 [Test worker] DEBUG o.h.p.w.spi.MetamodelGraphWalker - Visiting attribute path : nsd_security
13:23:07.047 [Test worker] DEBUG o.h.l.p.b.i.spaces.QuerySpacesImpl - Adding QuerySpace : uid = <gen:4> -> org.hibernate.loader.plan.build.internal.spaces.EntityQuerySpaceImpl@7031c0d7]
13:23:07.047 [Test worker] DEBUG o.h.p.w.spi.MetamodelGraphWalker - Visiting attribute path : pnfd
13:23:07.047 [Test worker] DEBUG o.h.p.w.spi.MetamodelGraphWalker - Visiting attribute path : vnf_dependency
13:23:07.047 [Test worker] DEBUG o.h.l.p.b.i.spaces.QuerySpacesImpl - Adding QuerySpace : uid = <gen:5> -> org.hibernate.loader.plan.build.internal.spaces.CollectionQuerySpaceImpl@526b9ccc]
13:23:07.047 [Test worker] DEBUG o.h.l.p.b.i.spaces.QuerySpacesImpl - Adding QuerySpace : uid = <gen:6> -> org.hibernate.loader.plan.build.internal.spaces.EntityQuerySpaceImpl@17033f5a]
13:23:07.047 [Test worker] DEBUG o.h.p.w.spi.MetamodelGraphWalker - Visiting attribute path : vnfd
13:23:07.047 [Test worker] DEBUG o.h.l.p.b.i.spaces.QuerySpacesImpl - Adding QuerySpace : uid = <gen:7> -> org.hibernate.loader.plan.build.internal.spaces.CollectionQuerySpaceImpl@56343983]
13:23:07.047 [Test worker] DEBUG o.h.l.p.b.i.spaces.QuerySpacesImpl - Adding QuerySpace : uid = <gen:8> -> org.hibernate.loader.plan.build.internal.spaces.EntityQuerySpaceImpl@7eabf3ab]
13:23:07.047 [Test worker] DEBUG o.h.l.p.b.i.FetchStyleLoadPlanBuildingAssociationVisitationStrategy - Building LoadPlan...
13:23:07.047 [Test worker] DEBUG o.h.l.p.e.i.LoadQueryJoinAndFetchProcessor - processing queryspace <gen:0>
13:23:07.048 [Test worker] DEBUG o.h.l.p.b.spi.LoadPlanTreePrinter - LoadPlan(entity=org.project.neutrino.nfvo.catalogue.mano.common.NFVEntityDescriptor)
    - Returns
       - EntityReturnImpl(entity=org.project.neutrino.nfvo.catalogue.mano.common.NFVEntityDescriptor, querySpaceUid=<gen:0>, path=org.project.neutrino.nfvo.catalogue.mano.common.NFVEntityDescriptor)
          - CollectionAttributeFetchImpl(collection=org.project.neutrino.nfvo.catalogue.mano.common.NFVEntityDescriptor.monitoring_parameter, querySpaceUid=<gen:1>, path=org.project.neutrino.nfvo.catalogue.mano.common.NFVEntityDescriptor.monitoring_parameter)
          - CollectionAttributeFetchImpl(collection=org.project.neutrino.nfvo.catalogue.mano.descriptor.VirtualNetworkFunctionDescriptor.deployment_flavour, querySpaceUid=<gen:2>, path=org.project.neutrino.nfvo.catalogue.mano.common.NFVEntityDescriptor.deployment_flavour)
             - (collection element) CollectionFetchableElementEntityGraph(entity=org.project.neutrino.nfvo.catalogue.mano.descriptor.VNFDDeploymentFlavour, querySpaceUid=<gen:3>, path=org.project.neutrino.nfvo.catalogue.mano.common.NFVEntityDescriptor.deployment_flavour.<elements>)
          - EntityAttributeFetchImpl(entity=org.project.neutrino.nfvo.catalogue.mano.common.Security, querySpaceUid=<gen:4>, path=org.project.neutrino.nfvo.catalogue.mano.common.NFVEntityDescriptor.nsd_security)
          - CollectionAttributeFetchImpl(collection=org.project.neutrino.nfvo.catalogue.mano.descriptor.NetworkServiceDescriptor.vnf_dependency, querySpaceUid=<gen:5>, path=org.project.neutrino.nfvo.catalogue.mano.common.NFVEntityDescriptor.vnf_dependency)
             - (collection element) CollectionFetchableElementEntityGraph(entity=org.project.neutrino.nfvo.catalogue.mano.common.VNFDependency, querySpaceUid=<gen:6>, path=org.project.neutrino.nfvo.catalogue.mano.common.NFVEntityDescriptor.vnf_dependency.<elements>)
          - CollectionAttributeFetchImpl(collection=org.project.neutrino.nfvo.catalogue.mano.descriptor.NetworkServiceDescriptor.vnfd, querySpaceUid=<gen:7>, path=org.project.neutrino.nfvo.catalogue.mano.common.NFVEntityDescriptor.vnfd)
             - (collection element) CollectionFetchableElementEntityGraph(entity=org.project.neutrino.nfvo.catalogue.mano.descriptor.VirtualNetworkFunctionDescriptor, querySpaceUid=<gen:8>, path=org.project.neutrino.nfvo.catalogue.mano.common.NFVEntityDescriptor.vnfd.<elements>)
    - QuerySpaces
       - EntityQuerySpaceImpl(uid=<gen:0>, entity=org.project.neutrino.nfvo.catalogue.mano.common.NFVEntityDescriptor)
          - SQL table alias mapping - nfventityd0_
          - alias suffix - 0_
          - suffixed key columns - {id1_27_0_}

13:23:07.048 [Test worker] DEBUG o.h.loader.entity.plan.EntityLoader - Static select for entity org.project.neutrino.nfvo.catalogue.mano.common.NFVEntityDescriptor [PESSIMISTIC_WRITE]: select nfventityd0_.id as id1_27_0_, nfventityd0_.hb_version as hb_versi2_27_0_, nfventityd0_.vendor as vendor3_27_0_, nfventityd0_.version as version4_27_0_, nfventityd0_.descriptor_version as descript1_62_0_, nfventityd0_.manifest_file as manifest2_62_0_, nfventityd0_.nsd_security_id as nsd_secu1_14_0_, nfventityd0_.clazz_ as clazz_0_ from ( select id, hb_version, vendor, version, descriptor_version, manifest_file, null as nsd_security_id, 1 as clazz_ from virtual_network_function_descriptor union select id, hb_version, vendor, version, null as descriptor_version, null as manifest_file, nsd_security_id, 2 as clazz_ from network_service_descriptor ) nfventityd0_ where nfventityd0_.id=? for update
13:23:07.048 [Test worker] DEBUG o.h.l.p.b.i.spaces.QuerySpacesImpl - Adding QuerySpace : uid = <gen:0> -> org.hibernate.loader.plan.build.internal.spaces.EntityQuerySpaceImpl@4b0aa085]
13:23:07.048 [Test worker] DEBUG o.h.p.w.spi.MetamodelGraphWalker - Visiting attribute path : auto_scale_policy
13:23:07.048 [Test worker] DEBUG o.h.p.w.spi.MetamodelGraphWalker - Visiting attribute path : connection_point
13:23:07.048 [Test worker] DEBUG o.h.p.w.spi.MetamodelGraphWalker - Visiting attribute path : hb_version
13:23:07.048 [Test worker] DEBUG o.h.p.w.spi.MetamodelGraphWalker - Visiting attribute path : lifecycle_event
13:23:07.048 [Test worker] DEBUG o.h.p.w.spi.MetamodelGraphWalker - Visiting attribute path : monitoring_parameter
13:23:07.048 [Test worker] DEBUG o.h.l.p.b.i.spaces.QuerySpacesImpl - Adding QuerySpace : uid = <gen:1> -> org.hibernate.loader.plan.build.internal.spaces.CollectionQuerySpaceImpl@166c2b98]
13:23:07.048 [Test worker] DEBUG o.h.p.w.spi.MetamodelGraphWalker - Visiting attribute path : service_deployment_flavour
13:23:07.048 [Test worker] DEBUG o.h.p.w.spi.MetamodelGraphWalker - Visiting attribute path : vendor
13:23:07.048 [Test worker] DEBUG o.h.p.w.spi.MetamodelGraphWalker - Visiting attribute path : version
13:23:07.048 [Test worker] DEBUG o.h.p.w.spi.MetamodelGraphWalker - Visiting attribute path : vld
13:23:07.049 [Test worker] DEBUG o.h.p.w.spi.MetamodelGraphWalker - Visiting attribute path : vnffgd
13:23:07.049 [Test worker] DEBUG o.h.p.w.spi.MetamodelGraphWalker - Visiting attribute path : deployment_flavour
13:23:07.049 [Test worker] DEBUG o.h.l.p.b.i.spaces.QuerySpacesImpl - Adding QuerySpace : uid = <gen:2> -> org.hibernate.loader.plan.build.internal.spaces.CollectionQuerySpaceImpl@17a213a8]
13:23:07.049 [Test worker] DEBUG o.h.l.p.b.i.spaces.QuerySpacesImpl - Adding QuerySpace : uid = <gen:3> -> org.hibernate.loader.plan.build.internal.spaces.EntityQuerySpaceImpl@11b886b7]
13:23:07.049 [Test worker] DEBUG o.h.p.w.spi.MetamodelGraphWalker - Visiting attribute path : descriptor_version
13:23:07.049 [Test worker] DEBUG o.h.p.w.spi.MetamodelGraphWalker - Visiting attribute path : manifest_file
13:23:07.049 [Test worker] DEBUG o.h.p.w.spi.MetamodelGraphWalker - Visiting attribute path : manifest_file_security
13:23:07.049 [Test worker] DEBUG o.h.p.w.spi.MetamodelGraphWalker - Visiting attribute path : vdu
13:23:07.049 [Test worker] DEBUG o.h.p.w.spi.MetamodelGraphWalker - Visiting attribute path : vdu_dependency
13:23:07.049 [Test worker] DEBUG o.h.p.w.spi.MetamodelGraphWalker - Visiting attribute path : virtual_link
13:23:07.049 [Test worker] DEBUG o.h.p.w.spi.MetamodelGraphWalker - Visiting attribute path : nsd_security
13:23:07.049 [Test worker] DEBUG o.h.l.p.b.i.spaces.QuerySpacesImpl - Adding QuerySpace : uid = <gen:4> -> org.hibernate.loader.plan.build.internal.spaces.EntityQuerySpaceImpl@69946177]
13:23:07.049 [Test worker] DEBUG o.h.p.w.spi.MetamodelGraphWalker - Visiting attribute path : pnfd
13:23:07.049 [Test worker] DEBUG o.h.p.w.spi.MetamodelGraphWalker - Visiting attribute path : vnf_dependency
13:23:07.049 [Test worker] DEBUG o.h.l.p.b.i.spaces.QuerySpacesImpl - Adding QuerySpace : uid = <gen:5> -> org.hibernate.loader.plan.build.internal.spaces.CollectionQuerySpaceImpl@c8b01c8]
13:23:07.049 [Test worker] DEBUG o.h.l.p.b.i.spaces.QuerySpacesImpl - Adding QuerySpace : uid = <gen:6> -> org.hibernate.loader.plan.build.internal.spaces.EntityQuerySpaceImpl@7a21f7e6]
13:23:07.049 [Test worker] DEBUG o.h.p.w.spi.MetamodelGraphWalker - Visiting attribute path : vnfd
13:23:07.049 [Test worker] DEBUG o.h.l.p.b.i.spaces.QuerySpacesImpl - Adding QuerySpace : uid = <gen:7> -> org.hibernate.loader.plan.build.internal.spaces.CollectionQuerySpaceImpl@4c1a5bae]
13:23:07.049 [Test worker] DEBUG o.h.l.p.b.i.spaces.QuerySpacesImpl - Adding QuerySpace : uid = <gen:8> -> org.hibernate.loader.plan.build.internal.spaces.EntityQuerySpaceImpl@5679238a]
13:23:07.050 [Test worker] DEBUG o.h.l.p.b.i.FetchStyleLoadPlanBuildingAssociationVisitationStrategy - Building LoadPlan...
13:23:07.050 [Test worker] DEBUG o.h.l.p.e.i.LoadQueryJoinAndFetchProcessor - processing queryspace <gen:0>
13:23:07.050 [Test worker] DEBUG o.h.l.p.b.spi.LoadPlanTreePrinter - LoadPlan(entity=org.project.neutrino.nfvo.catalogue.mano.common.NFVEntityDescriptor)
    - Returns
       - EntityReturnImpl(entity=org.project.neutrino.nfvo.catalogue.mano.common.NFVEntityDescriptor, querySpaceUid=<gen:0>, path=org.project.neutrino.nfvo.catalogue.mano.common.NFVEntityDescriptor)
          - CollectionAttributeFetchImpl(collection=org.project.neutrino.nfvo.catalogue.mano.common.NFVEntityDescriptor.monitoring_parameter, querySpaceUid=<gen:1>, path=org.project.neutrino.nfvo.catalogue.mano.common.NFVEntityDescriptor.monitoring_parameter)
          - CollectionAttributeFetchImpl(collection=org.project.neutrino.nfvo.catalogue.mano.descriptor.VirtualNetworkFunctionDescriptor.deployment_flavour, querySpaceUid=<gen:2>, path=org.project.neutrino.nfvo.catalogue.mano.common.NFVEntityDescriptor.deployment_flavour)
             - (collection element) CollectionFetchableElementEntityGraph(entity=org.project.neutrino.nfvo.catalogue.mano.descriptor.VNFDDeploymentFlavour, querySpaceUid=<gen:3>, path=org.project.neutrino.nfvo.catalogue.mano.common.NFVEntityDescriptor.deployment_flavour.<elements>)
          - EntityAttributeFetchImpl(entity=org.project.neutrino.nfvo.catalogue.mano.common.Security, querySpaceUid=<gen:4>, path=org.project.neutrino.nfvo.catalogue.mano.common.NFVEntityDescriptor.nsd_security)
          - CollectionAttributeFetchImpl(collection=org.project.neutrino.nfvo.catalogue.mano.descriptor.NetworkServiceDescriptor.vnf_dependency, querySpaceUid=<gen:5>, path=org.project.neutrino.nfvo.catalogue.mano.common.NFVEntityDescriptor.vnf_dependency)
             - (collection element) CollectionFetchableElementEntityGraph(entity=org.project.neutrino.nfvo.catalogue.mano.common.VNFDependency, querySpaceUid=<gen:6>, path=org.project.neutrino.nfvo.catalogue.mano.common.NFVEntityDescriptor.vnf_dependency.<elements>)
          - CollectionAttributeFetchImpl(collection=org.project.neutrino.nfvo.catalogue.mano.descriptor.NetworkServiceDescriptor.vnfd, querySpaceUid=<gen:7>, path=org.project.neutrino.nfvo.catalogue.mano.common.NFVEntityDescriptor.vnfd)
             - (collection element) CollectionFetchableElementEntityGraph(entity=org.project.neutrino.nfvo.catalogue.mano.descriptor.VirtualNetworkFunctionDescriptor, querySpaceUid=<gen:8>, path=org.project.neutrino.nfvo.catalogue.mano.common.NFVEntityDescriptor.vnfd.<elements>)
    - QuerySpaces
       - EntityQuerySpaceImpl(uid=<gen:0>, entity=org.project.neutrino.nfvo.catalogue.mano.common.NFVEntityDescriptor)
          - SQL table alias mapping - nfventityd0_
          - alias suffix - 0_
          - suffixed key columns - {id1_27_0_}

13:23:07.050 [Test worker] DEBUG o.h.loader.entity.plan.EntityLoader - Static select for entity org.project.neutrino.nfvo.catalogue.mano.common.NFVEntityDescriptor [PESSIMISTIC_FORCE_INCREMENT]: select nfventityd0_.id as id1_27_0_, nfventityd0_.hb_version as hb_versi2_27_0_, nfventityd0_.vendor as vendor3_27_0_, nfventityd0_.version as version4_27_0_, nfventityd0_.descriptor_version as descript1_62_0_, nfventityd0_.manifest_file as manifest2_62_0_, nfventityd0_.nsd_security_id as nsd_secu1_14_0_, nfventityd0_.clazz_ as clazz_0_ from ( select id, hb_version, vendor, version, descriptor_version, manifest_file, null as nsd_security_id, 1 as clazz_ from virtual_network_function_descriptor union select id, hb_version, vendor, version, null as descriptor_version, null as manifest_file, nsd_security_id, 2 as clazz_ from network_service_descriptor ) nfventityd0_ where nfventityd0_.id=? for update
13:23:07.050 [Test worker] DEBUG o.h.l.p.b.i.spaces.QuerySpacesImpl - Adding QuerySpace : uid = <gen:0> -> org.hibernate.loader.plan.build.internal.spaces.EntityQuerySpaceImpl@2b0c6560]
13:23:07.050 [Test worker] DEBUG o.h.p.w.spi.MetamodelGraphWalker - Visiting attribute path : auto_scale_policy
13:23:07.050 [Test worker] DEBUG o.h.p.w.spi.MetamodelGraphWalker - Visiting attribute path : connection_point
13:23:07.050 [Test worker] DEBUG o.h.p.w.spi.MetamodelGraphWalker - Visiting attribute path : hb_version
13:23:07.050 [Test worker] DEBUG o.h.p.w.spi.MetamodelGraphWalker - Visiting attribute path : lifecycle_event
13:23:07.050 [Test worker] DEBUG o.h.p.w.spi.MetamodelGraphWalker - Visiting attribute path : monitoring_parameter
13:23:07.051 [Test worker] DEBUG o.h.l.p.b.i.spaces.QuerySpacesImpl - Adding QuerySpace : uid = <gen:1> -> org.hibernate.loader.plan.build.internal.spaces.CollectionQuerySpaceImpl@198cc898]
13:23:07.051 [Test worker] DEBUG o.h.p.w.spi.MetamodelGraphWalker - Visiting attribute path : service_deployment_flavour
13:23:07.051 [Test worker] DEBUG o.h.p.w.spi.MetamodelGraphWalker - Visiting attribute path : vendor
13:23:07.051 [Test worker] DEBUG o.h.p.w.spi.MetamodelGraphWalker - Visiting attribute path : version
13:23:07.051 [Test worker] DEBUG o.h.p.w.spi.MetamodelGraphWalker - Visiting attribute path : vld
13:23:07.051 [Test worker] DEBUG o.h.p.w.spi.MetamodelGraphWalker - Visiting attribute path : vnffgd
13:23:07.051 [Test worker] DEBUG o.h.p.w.spi.MetamodelGraphWalker - Visiting attribute path : deployment_flavour
13:23:07.051 [Test worker] DEBUG o.h.l.p.b.i.spaces.QuerySpacesImpl - Adding QuerySpace : uid = <gen:2> -> org.hibernate.loader.plan.build.internal.spaces.CollectionQuerySpaceImpl@69c58042]
13:23:07.051 [Test worker] DEBUG o.h.l.p.b.i.spaces.QuerySpacesImpl - Adding QuerySpace : uid = <gen:3> -> org.hibernate.loader.plan.build.internal.spaces.EntityQuerySpaceImpl@2567a34e]
13:23:07.051 [Test worker] DEBUG o.h.p.w.spi.MetamodelGraphWalker - Visiting attribute path : descriptor_version
13:23:07.051 [Test worker] DEBUG o.h.p.w.spi.MetamodelGraphWalker - Visiting attribute path : manifest_file
13:23:07.051 [Test worker] DEBUG o.h.p.w.spi.MetamodelGraphWalker - Visiting attribute path : manifest_file_security
13:23:07.051 [Test worker] DEBUG o.h.p.w.spi.MetamodelGraphWalker - Visiting attribute path : vdu
13:23:07.051 [Test worker] DEBUG o.h.p.w.spi.MetamodelGraphWalker - Visiting attribute path : vdu_dependency
13:23:07.051 [Test worker] DEBUG o.h.p.w.spi.MetamodelGraphWalker - Visiting attribute path : virtual_link
13:23:07.051 [Test worker] DEBUG o.h.p.w.spi.MetamodelGraphWalker - Visiting attribute path : nsd_security
13:23:07.051 [Test worker] DEBUG o.h.l.p.b.i.spaces.QuerySpacesImpl - Adding QuerySpace : uid = <gen:4> -> org.hibernate.loader.plan.build.internal.spaces.EntityQuerySpaceImpl@37126911]
13:23:07.051 [Test worker] DEBUG o.h.p.w.spi.MetamodelGraphWalker - Visiting attribute path : pnfd
13:23:07.051 [Test worker] DEBUG o.h.p.w.spi.MetamodelGraphWalker - Visiting attribute path : vnf_dependency
13:23:07.051 [Test worker] DEBUG o.h.l.p.b.i.spaces.QuerySpacesImpl - Adding QuerySpace : uid = <gen:5> -> org.hibernate.loader.plan.build.internal.spaces.CollectionQuerySpaceImpl@19aff756]
13:23:07.051 [Test worker] DEBUG o.h.l.p.b.i.spaces.QuerySpacesImpl - Adding QuerySpace : uid = <gen:6> -> org.hibernate.loader.plan.build.internal.spaces.EntityQuerySpaceImpl@6f973c46]
13:23:07.051 [Test worker] DEBUG o.h.p.w.spi.MetamodelGraphWalker - Visiting attribute path : vnfd
13:23:07.052 [Test worker] DEBUG o.h.l.p.b.i.spaces.QuerySpacesImpl - Adding QuerySpace : uid = <gen:7> -> org.hibernate.loader.plan.build.internal.spaces.CollectionQuerySpaceImpl@31f650e6]
13:23:07.052 [Test worker] DEBUG o.h.l.p.b.i.spaces.QuerySpacesImpl - Adding QuerySpace : uid = <gen:8> -> org.hibernate.loader.plan.build.internal.spaces.EntityQuerySpaceImpl@223945aa]
13:23:07.052 [Test worker] DEBUG o.h.l.p.b.i.FetchStyleLoadPlanBuildingAssociationVisitationStrategy - Building LoadPlan...
13:23:07.052 [Test worker] DEBUG o.h.l.p.e.i.LoadQueryJoinAndFetchProcessor - processing queryspace <gen:0>
13:23:07.052 [Test worker] DEBUG o.h.l.p.b.spi.LoadPlanTreePrinter - LoadPlan(entity=org.project.neutrino.nfvo.catalogue.mano.common.NFVEntityDescriptor)
    - Returns
       - EntityReturnImpl(entity=org.project.neutrino.nfvo.catalogue.mano.common.NFVEntityDescriptor, querySpaceUid=<gen:0>, path=org.project.neutrino.nfvo.catalogue.mano.common.NFVEntityDescriptor)
          - CollectionAttributeFetchImpl(collection=org.project.neutrino.nfvo.catalogue.mano.common.NFVEntityDescriptor.monitoring_parameter, querySpaceUid=<gen:1>, path=org.project.neutrino.nfvo.catalogue.mano.common.NFVEntityDescriptor.monitoring_parameter)
          - CollectionAttributeFetchImpl(collection=org.project.neutrino.nfvo.catalogue.mano.descriptor.VirtualNetworkFunctionDescriptor.deployment_flavour, querySpaceUid=<gen:2>, path=org.project.neutrino.nfvo.catalogue.mano.common.NFVEntityDescriptor.deployment_flavour)
             - (collection element) CollectionFetchableElementEntityGraph(entity=org.project.neutrino.nfvo.catalogue.mano.descriptor.VNFDDeploymentFlavour, querySpaceUid=<gen:3>, path=org.project.neutrino.nfvo.catalogue.mano.common.NFVEntityDescriptor.deployment_flavour.<elements>)
          - EntityAttributeFetchImpl(entity=org.project.neutrino.nfvo.catalogue.mano.common.Security, querySpaceUid=<gen:4>, path=org.project.neutrino.nfvo.catalogue.mano.common.NFVEntityDescriptor.nsd_security)
          - CollectionAttributeFetchImpl(collection=org.project.neutrino.nfvo.catalogue.mano.descriptor.NetworkServiceDescriptor.vnf_dependency, querySpaceUid=<gen:5>, path=org.project.neutrino.nfvo.catalogue.mano.common.NFVEntityDescriptor.vnf_dependency)
             - (collection element) CollectionFetchableElementEntityGraph(entity=org.project.neutrino.nfvo.catalogue.mano.common.VNFDependency, querySpaceUid=<gen:6>, path=org.project.neutrino.nfvo.catalogue.mano.common.NFVEntityDescriptor.vnf_dependency.<elements>)
          - CollectionAttributeFetchImpl(collection=org.project.neutrino.nfvo.catalogue.mano.descriptor.NetworkServiceDescriptor.vnfd, querySpaceUid=<gen:7>, path=org.project.neutrino.nfvo.catalogue.mano.common.NFVEntityDescriptor.vnfd)
             - (collection element) CollectionFetchableElementEntityGraph(entity=org.project.neutrino.nfvo.catalogue.mano.descriptor.VirtualNetworkFunctionDescriptor, querySpaceUid=<gen:8>, path=org.project.neutrino.nfvo.catalogue.mano.common.NFVEntityDescriptor.vnfd.<elements>)
    - QuerySpaces
       - EntityQuerySpaceImpl(uid=<gen:0>, entity=org.project.neutrino.nfvo.catalogue.mano.common.NFVEntityDescriptor)
          - SQL table alias mapping - nfventityd0_
          - alias suffix - 0_
          - suffixed key columns - {id1_27_0_}

13:23:07.052 [Test worker] DEBUG o.h.loader.entity.plan.EntityLoader - Static select for entity org.project.neutrino.nfvo.catalogue.mano.common.NFVEntityDescriptor [OPTIMISTIC]: select nfventityd0_.id as id1_27_0_, nfventityd0_.hb_version as hb_versi2_27_0_, nfventityd0_.vendor as vendor3_27_0_, nfventityd0_.version as version4_27_0_, nfventityd0_.descriptor_version as descript1_62_0_, nfventityd0_.manifest_file as manifest2_62_0_, nfventityd0_.nsd_security_id as nsd_secu1_14_0_, nfventityd0_.clazz_ as clazz_0_ from ( select id, hb_version, vendor, version, descriptor_version, manifest_file, null as nsd_security_id, 1 as clazz_ from virtual_network_function_descriptor union select id, hb_version, vendor, version, null as descriptor_version, null as manifest_file, nsd_security_id, 2 as clazz_ from network_service_descriptor ) nfventityd0_ where nfventityd0_.id=?
13:23:07.052 [Test worker] DEBUG o.h.l.p.b.i.spaces.QuerySpacesImpl - Adding QuerySpace : uid = <gen:0> -> org.hibernate.loader.plan.build.internal.spaces.EntityQuerySpaceImpl@5e0cad73]
13:23:07.052 [Test worker] DEBUG o.h.p.w.spi.MetamodelGraphWalker - Visiting attribute path : auto_scale_policy
13:23:07.052 [Test worker] DEBUG o.h.p.w.spi.MetamodelGraphWalker - Visiting attribute path : connection_point
13:23:07.053 [Test worker] DEBUG o.h.p.w.spi.MetamodelGraphWalker - Visiting attribute path : hb_version
13:23:07.053 [Test worker] DEBUG o.h.p.w.spi.MetamodelGraphWalker - Visiting attribute path : lifecycle_event
13:23:07.053 [Test worker] DEBUG o.h.p.w.spi.MetamodelGraphWalker - Visiting attribute path : monitoring_parameter
13:23:07.053 [Test worker] DEBUG o.h.l.p.b.i.spaces.QuerySpacesImpl - Adding QuerySpace : uid = <gen:1> -> org.hibernate.loader.plan.build.internal.spaces.CollectionQuerySpaceImpl@23bc5572]
13:23:07.053 [Test worker] DEBUG o.h.p.w.spi.MetamodelGraphWalker - Visiting attribute path : service_deployment_flavour
13:23:07.053 [Test worker] DEBUG o.h.p.w.spi.MetamodelGraphWalker - Visiting attribute path : vendor
13:23:07.053 [Test worker] DEBUG o.h.p.w.spi.MetamodelGraphWalker - Visiting attribute path : version
13:23:07.053 [Test worker] DEBUG o.h.p.w.spi.MetamodelGraphWalker - Visiting attribute path : vld
13:23:07.053 [Test worker] DEBUG o.h.p.w.spi.MetamodelGraphWalker - Visiting attribute path : vnffgd
13:23:07.053 [Test worker] DEBUG o.h.p.w.spi.MetamodelGraphWalker - Visiting attribute path : deployment_flavour
13:23:07.053 [Test worker] DEBUG o.h.l.p.b.i.spaces.QuerySpacesImpl - Adding QuerySpace : uid = <gen:2> -> org.hibernate.loader.plan.build.internal.spaces.CollectionQuerySpaceImpl@218dc1b2]
13:23:07.053 [Test worker] DEBUG o.h.l.p.b.i.spaces.QuerySpacesImpl - Adding QuerySpace : uid = <gen:3> -> org.hibernate.loader.plan.build.internal.spaces.EntityQuerySpaceImpl@61a79e53]
13:23:07.053 [Test worker] DEBUG o.h.p.w.spi.MetamodelGraphWalker - Visiting attribute path : descriptor_version
13:23:07.053 [Test worker] DEBUG o.h.p.w.spi.MetamodelGraphWalker - Visiting attribute path : manifest_file
13:23:07.053 [Test worker] DEBUG o.h.p.w.spi.MetamodelGraphWalker - Visiting attribute path : manifest_file_security
13:23:07.053 [Test worker] DEBUG o.h.p.w.spi.MetamodelGraphWalker - Visiting attribute path : vdu
13:23:07.053 [Test worker] DEBUG o.h.p.w.spi.MetamodelGraphWalker - Visiting attribute path : vdu_dependency
13:23:07.053 [Test worker] DEBUG o.h.p.w.spi.MetamodelGraphWalker - Visiting attribute path : virtual_link
13:23:07.053 [Test worker] DEBUG o.h.p.w.spi.MetamodelGraphWalker - Visiting attribute path : nsd_security
13:23:07.053 [Test worker] DEBUG o.h.l.p.b.i.spaces.QuerySpacesImpl - Adding QuerySpace : uid = <gen:4> -> org.hibernate.loader.plan.build.internal.spaces.EntityQuerySpaceImpl@438b8d3b]
13:23:07.054 [Test worker] DEBUG o.h.p.w.spi.MetamodelGraphWalker - Visiting attribute path : pnfd
13:23:07.054 [Test worker] DEBUG o.h.p.w.spi.MetamodelGraphWalker - Visiting attribute path : vnf_dependency
13:23:07.054 [Test worker] DEBUG o.h.l.p.b.i.spaces.QuerySpacesImpl - Adding QuerySpace : uid = <gen:5> -> org.hibernate.loader.plan.build.internal.spaces.CollectionQuerySpaceImpl@7ee53f21]
13:23:07.054 [Test worker] DEBUG o.h.l.p.b.i.spaces.QuerySpacesImpl - Adding QuerySpace : uid = <gen:6> -> org.hibernate.loader.plan.build.internal.spaces.EntityQuerySpaceImpl@7c93d09c]
13:23:07.054 [Test worker] DEBUG o.h.p.w.spi.MetamodelGraphWalker - Visiting attribute path : vnfd
13:23:07.054 [Test worker] DEBUG o.h.l.p.b.i.spaces.QuerySpacesImpl - Adding QuerySpace : uid = <gen:7> -> org.hibernate.loader.plan.build.internal.spaces.CollectionQuerySpaceImpl@4c64f1a9]
13:23:07.054 [Test worker] DEBUG o.h.l.p.b.i.spaces.QuerySpacesImpl - Adding QuerySpace : uid = <gen:8> -> org.hibernate.loader.plan.build.internal.spaces.EntityQuerySpaceImpl@7735b56d]
13:23:07.054 [Test worker] DEBUG o.h.l.p.b.i.FetchStyleLoadPlanBuildingAssociationVisitationStrategy - Building LoadPlan...
13:23:07.054 [Test worker] DEBUG o.h.l.p.e.i.LoadQueryJoinAndFetchProcessor - processing queryspace <gen:0>
13:23:07.054 [Test worker] DEBUG o.h.l.p.b.spi.LoadPlanTreePrinter - LoadPlan(entity=org.project.neutrino.nfvo.catalogue.mano.common.NFVEntityDescriptor)
    - Returns
       - EntityReturnImpl(entity=org.project.neutrino.nfvo.catalogue.mano.common.NFVEntityDescriptor, querySpaceUid=<gen:0>, path=org.project.neutrino.nfvo.catalogue.mano.common.NFVEntityDescriptor)
          - CollectionAttributeFetchImpl(collection=org.project.neutrino.nfvo.catalogue.mano.common.NFVEntityDescriptor.monitoring_parameter, querySpaceUid=<gen:1>, path=org.project.neutrino.nfvo.catalogue.mano.common.NFVEntityDescriptor.monitoring_parameter)
          - CollectionAttributeFetchImpl(collection=org.project.neutrino.nfvo.catalogue.mano.descriptor.VirtualNetworkFunctionDescriptor.deployment_flavour, querySpaceUid=<gen:2>, path=org.project.neutrino.nfvo.catalogue.mano.common.NFVEntityDescriptor.deployment_flavour)
             - (collection element) CollectionFetchableElementEntityGraph(entity=org.project.neutrino.nfvo.catalogue.mano.descriptor.VNFDDeploymentFlavour, querySpaceUid=<gen:3>, path=org.project.neutrino.nfvo.catalogue.mano.common.NFVEntityDescriptor.deployment_flavour.<elements>)
          - EntityAttributeFetchImpl(entity=org.project.neutrino.nfvo.catalogue.mano.common.Security, querySpaceUid=<gen:4>, path=org.project.neutrino.nfvo.catalogue.mano.common.NFVEntityDescriptor.nsd_security)
          - CollectionAttributeFetchImpl(collection=org.project.neutrino.nfvo.catalogue.mano.descriptor.NetworkServiceDescriptor.vnf_dependency, querySpaceUid=<gen:5>, path=org.project.neutrino.nfvo.catalogue.mano.common.NFVEntityDescriptor.vnf_dependency)
             - (collection element) CollectionFetchableElementEntityGraph(entity=org.project.neutrino.nfvo.catalogue.mano.common.VNFDependency, querySpaceUid=<gen:6>, path=org.project.neutrino.nfvo.catalogue.mano.common.NFVEntityDescriptor.vnf_dependency.<elements>)
          - CollectionAttributeFetchImpl(collection=org.project.neutrino.nfvo.catalogue.mano.descriptor.NetworkServiceDescriptor.vnfd, querySpaceUid=<gen:7>, path=org.project.neutrino.nfvo.catalogue.mano.common.NFVEntityDescriptor.vnfd)
             - (collection element) CollectionFetchableElementEntityGraph(entity=org.project.neutrino.nfvo.catalogue.mano.descriptor.VirtualNetworkFunctionDescriptor, querySpaceUid=<gen:8>, path=org.project.neutrino.nfvo.catalogue.mano.common.NFVEntityDescriptor.vnfd.<elements>)
    - QuerySpaces
       - EntityQuerySpaceImpl(uid=<gen:0>, entity=org.project.neutrino.nfvo.catalogue.mano.common.NFVEntityDescriptor)
          - SQL table alias mapping - nfventityd0_
          - alias suffix - 0_
          - suffixed key columns - {id1_27_0_}

13:23:07.054 [Test worker] DEBUG o.h.loader.entity.plan.EntityLoader - Static select for entity org.project.neutrino.nfvo.catalogue.mano.common.NFVEntityDescriptor [OPTIMISTIC_FORCE_INCREMENT]: select nfventityd0_.id as id1_27_0_, nfventityd0_.hb_version as hb_versi2_27_0_, nfventityd0_.vendor as vendor3_27_0_, nfventityd0_.version as version4_27_0_, nfventityd0_.descriptor_version as descript1_62_0_, nfventityd0_.manifest_file as manifest2_62_0_, nfventityd0_.nsd_security_id as nsd_secu1_14_0_, nfventityd0_.clazz_ as clazz_0_ from ( select id, hb_version, vendor, version, descriptor_version, manifest_file, null as nsd_security_id, 1 as clazz_ from virtual_network_function_descriptor union select id, hb_version, vendor, version, null as descriptor_version, null as manifest_file, nsd_security_id, 2 as clazz_ from network_service_descriptor ) nfventityd0_ where nfventityd0_.id=?
13:23:07.055 [Test worker] DEBUG org.hibernate.loader.Loader - Static select for action ACTION_MERGE on entity org.project.neutrino.nfvo.catalogue.mano.common.NFVEntityDescriptor: select nfventityd0_.id as id1_27_2_, nfventityd0_.hb_version as hb_versi2_27_2_, nfventityd0_.vendor as vendor3_27_2_, nfventityd0_.version as version4_27_2_, nfventityd0_.descriptor_version as descript1_62_2_, nfventityd0_.manifest_file as manifest2_62_2_, nfventityd0_.nsd_security_id as nsd_secu1_14_2_, nfventityd0_.clazz_ as clazz_2_, auto_scale1_.nfventity_descriptor_Id as nfventit1_27_4_, autoscalep2_.id as auto_sca2_28_4_, autoscalep2_.id as id1_3_0_, autoscalep2_.version as version2_3_0_, security3_.id as id1_43_1_, security3_.version as version2_43_1_ from ( select id, hb_version, vendor, version, descriptor_version, manifest_file, null as nsd_security_id, 1 as clazz_ from virtual_network_function_descriptor union select id, hb_version, vendor, version, null as descriptor_version, null as manifest_file, nsd_security_id, 2 as clazz_ from network_service_descriptor ) nfventityd0_ left outer join nfventity_descriptor_auto_scale_policy auto_scale1_ on nfventityd0_.id=auto_scale1_.nfventity_descriptor_Id left outer join auto_scale_policy autoscalep2_ on auto_scale1_.auto_scale_policy_id=autoscalep2_.id left outer join security security3_ on nfventityd0_.nsd_security_id=security3_.id where nfventityd0_.id=?
13:23:07.056 [Test worker] DEBUG org.hibernate.loader.Loader - Static select for action ACTION_REFRESH on entity org.project.neutrino.nfvo.catalogue.mano.common.NFVEntityDescriptor: select nfventityd0_.id as id1_27_2_, nfventityd0_.hb_version as hb_versi2_27_2_, nfventityd0_.vendor as vendor3_27_2_, nfventityd0_.version as version4_27_2_, nfventityd0_.descriptor_version as descript1_62_2_, nfventityd0_.manifest_file as manifest2_62_2_, nfventityd0_.nsd_security_id as nsd_secu1_14_2_, nfventityd0_.clazz_ as clazz_2_, auto_scale1_.nfventity_descriptor_Id as nfventit1_27_4_, autoscalep2_.id as auto_sca2_28_4_, autoscalep2_.id as id1_3_0_, autoscalep2_.version as version2_3_0_, security3_.id as id1_43_1_, security3_.version as version2_43_1_ from ( select id, hb_version, vendor, version, descriptor_version, manifest_file, null as nsd_security_id, 1 as clazz_ from virtual_network_function_descriptor union select id, hb_version, vendor, version, null as descriptor_version, null as manifest_file, nsd_security_id, 2 as clazz_ from network_service_descriptor ) nfventityd0_ left outer join nfventity_descriptor_auto_scale_policy auto_scale1_ on nfventityd0_.id=auto_scale1_.nfventity_descriptor_Id left outer join auto_scale_policy autoscalep2_ on auto_scale1_.auto_scale_policy_id=autoscalep2_.id left outer join security security3_ on nfventityd0_.nsd_security_id=security3_.id where nfventityd0_.id=?
13:23:07.056 [Test worker] DEBUG o.h.p.entity.AbstractEntityPersister - Static SQL for entity: org.project.neutrino.nfvo.catalogue.mano.descriptor.VDUDependency
13:23:07.056 [Test worker] DEBUG o.h.p.entity.AbstractEntityPersister -  Version select: select version from vdudependency where id =?
13:23:07.056 [Test worker] DEBUG o.h.p.entity.AbstractEntityPersister -  Snapshot select: select vdudepende_.id, vdudepende_.source_id as source_i3_46_, vdudepende_.target_id as target_i4_46_, vdudepende_.version as version2_46_ from vdudependency vdudepende_ where vdudepende_.id=?
13:23:07.056 [Test worker] DEBUG o.h.p.entity.AbstractEntityPersister -  Insert 0: insert into vdudependency (source_id, target_id, version, id) values (?, ?, ?, ?)
13:23:07.056 [Test worker] DEBUG o.h.p.entity.AbstractEntityPersister -  Update 0: update vdudependency set source_id=?, target_id=?, version=? where id=? and version=?
13:23:07.056 [Test worker] DEBUG o.h.p.entity.AbstractEntityPersister -  Delete 0: delete from vdudependency where id=? and version=?
13:23:07.056 [Test worker] DEBUG o.h.l.p.b.i.spaces.QuerySpacesImpl - Adding QuerySpace : uid = <gen:0> -> org.hibernate.loader.plan.build.internal.spaces.EntityQuerySpaceImpl@671a443f]
13:23:07.056 [Test worker] DEBUG o.h.p.w.spi.MetamodelGraphWalker - Visiting attribute path : source
13:23:07.056 [Test worker] DEBUG o.h.l.p.b.i.spaces.QuerySpacesImpl - Adding QuerySpace : uid = <gen:1> -> org.hibernate.loader.plan.build.internal.spaces.EntityQuerySpaceImpl@d6a5d3b]
13:23:07.056 [Test worker] DEBUG o.h.p.w.spi.MetamodelGraphWalker - Visiting attribute path : source.computation_requirement
13:23:07.056 [Test worker] DEBUG o.h.p.w.spi.MetamodelGraphWalker - Visiting attribute path : source.high_availability
13:23:07.056 [Test worker] DEBUG o.h.p.w.spi.MetamodelGraphWalker - Visiting attribute path : source.lifecycle_event
13:23:07.056 [Test worker] DEBUG o.h.p.w.spi.MetamodelGraphWalker - Visiting attribute path : source.monitoring_parameter
13:23:07.057 [Test worker] DEBUG o.h.l.p.b.i.spaces.QuerySpacesImpl - Adding QuerySpace : uid = <gen:2> -> org.hibernate.loader.plan.build.internal.spaces.CollectionQuerySpaceImpl@5b56e233]
13:23:07.057 [Test worker] DEBUG o.h.p.w.spi.MetamodelGraphWalker - Visiting attribute path : source.scale_in_out
13:23:07.057 [Test worker] DEBUG o.h.p.w.spi.MetamodelGraphWalker - Visiting attribute path : source.vdu_constraint
13:23:07.057 [Test worker] DEBUG o.h.p.w.spi.MetamodelGraphWalker - Visiting attribute path : source.version
13:23:07.057 [Test worker] DEBUG o.h.p.w.spi.MetamodelGraphWalker - Visiting attribute path : source.virtual_memory_resource_element
13:23:07.057 [Test worker] DEBUG o.h.p.w.spi.MetamodelGraphWalker - Visiting attribute path : source.virtual_network_bandwidth_resource
13:23:07.057 [Test worker] DEBUG o.h.p.w.spi.MetamodelGraphWalker - Visiting attribute path : source.vm_image
13:23:07.057 [Test worker] DEBUG o.h.l.p.b.i.spaces.QuerySpacesImpl - Adding QuerySpace : uid = <gen:3> -> org.hibernate.loader.plan.build.internal.spaces.CollectionQuerySpaceImpl@7eb03b9a]
13:23:07.057 [Test worker] DEBUG o.h.p.w.spi.MetamodelGraphWalker - Visiting attribute path : source.vnfc
13:23:07.057 [Test worker] DEBUG o.h.p.w.spi.MetamodelGraphWalker - Visiting attribute path : target
13:23:07.057 [Test worker] DEBUG o.h.l.p.b.i.spaces.QuerySpacesImpl - Adding QuerySpace : uid = <gen:4> -> org.hibernate.loader.plan.build.internal.spaces.EntityQuerySpaceImpl@34cf1067]
13:23:07.057 [Test worker] DEBUG o.h.p.w.spi.MetamodelGraphWalker - Visiting attribute path : target.computation_requirement
13:23:07.057 [Test worker] DEBUG o.h.p.w.spi.MetamodelGraphWalker - Visiting attribute path : target.high_availability
13:23:07.057 [Test worker] DEBUG o.h.p.w.spi.MetamodelGraphWalker - Visiting attribute path : target.lifecycle_event
13:23:07.057 [Test worker] DEBUG o.h.p.w.spi.MetamodelGraphWalker - Visiting attribute path : target.monitoring_parameter
13:23:07.057 [Test worker] DEBUG o.h.p.w.spi.MetamodelGraphWalker - Property path deemed to be circular : target.monitoring_parameter
13:23:07.057 [Test worker] DEBUG o.h.p.w.spi.MetamodelGraphWalker - Visiting attribute path : target.scale_in_out
13:23:07.057 [Test worker] DEBUG o.h.p.w.spi.MetamodelGraphWalker - Visiting attribute path : target.vdu_constraint
13:23:07.057 [Test worker] DEBUG o.h.p.w.spi.MetamodelGraphWalker - Visiting attribute path : target.version
13:23:07.057 [Test worker] DEBUG o.h.p.w.spi.MetamodelGraphWalker - Visiting attribute path : target.virtual_memory_resource_element
13:23:07.057 [Test worker] DEBUG o.h.p.w.spi.MetamodelGraphWalker - Visiting attribute path : target.virtual_network_bandwidth_resource
13:23:07.057 [Test worker] DEBUG o.h.p.w.spi.MetamodelGraphWalker - Visiting attribute path : target.vm_image
13:23:07.057 [Test worker] DEBUG o.h.p.w.spi.MetamodelGraphWalker - Property path deemed to be circular : target.vm_image
13:23:07.057 [Test worker] DEBUG o.h.p.w.spi.MetamodelGraphWalker - Visiting attribute path : target.vnfc
13:23:07.058 [Test worker] DEBUG o.h.p.w.spi.MetamodelGraphWalker - Visiting attribute path : version
13:23:07.058 [Test worker] DEBUG o.h.l.p.b.i.FetchStyleLoadPlanBuildingAssociationVisitationStrategy - Building LoadPlan...
13:23:07.058 [Test worker] DEBUG o.h.l.p.e.i.LoadQueryJoinAndFetchProcessor - processing queryspace <gen:0>
13:23:07.058 [Test worker] DEBUG o.h.l.p.b.spi.LoadPlanTreePrinter - LoadPlan(entity=org.project.neutrino.nfvo.catalogue.mano.descriptor.VDUDependency)
    - Returns
       - EntityReturnImpl(entity=org.project.neutrino.nfvo.catalogue.mano.descriptor.VDUDependency, querySpaceUid=<gen:0>, path=org.project.neutrino.nfvo.catalogue.mano.descriptor.VDUDependency)
          - EntityAttributeFetchImpl(entity=org.project.neutrino.nfvo.catalogue.mano.descriptor.VirtualDeploymentUnit, querySpaceUid=<gen:1>, path=org.project.neutrino.nfvo.catalogue.mano.descriptor.VDUDependency.source)
             - CollectionAttributeFetchImpl(collection=org.project.neutrino.nfvo.catalogue.mano.descriptor.VirtualDeploymentUnit.monitoring_parameter, querySpaceUid=<gen:2>, path=org.project.neutrino.nfvo.catalogue.mano.descriptor.VDUDependency.source.monitoring_parameter)
             - CollectionAttributeFetchImpl(collection=org.project.neutrino.nfvo.catalogue.mano.descriptor.VirtualDeploymentUnit.vm_image, querySpaceUid=<gen:3>, path=org.project.neutrino.nfvo.catalogue.mano.descriptor.VDUDependency.source.vm_image)
          - EntityAttributeFetchImpl(entity=org.project.neutrino.nfvo.catalogue.mano.descriptor.VirtualDeploymentUnit, querySpaceUid=<gen:4>, path=org.project.neutrino.nfvo.catalogue.mano.descriptor.VDUDependency.target)
    - QuerySpaces
       - EntityQuerySpaceImpl(uid=<gen:0>, entity=org.project.neutrino.nfvo.catalogue.mano.descriptor.VDUDependency)
          - SQL table alias mapping - vdudepende0_
          - alias suffix - 0_
          - suffixed key columns - {id1_46_0_}
          - JOIN (JoinDefinedByMetadata(source)) : <gen:0> -> <gen:1>
             - EntityQuerySpaceImpl(uid=<gen:1>, entity=org.project.neutrino.nfvo.catalogue.mano.descriptor.VirtualDeploymentUnit)
                - SQL table alias mapping - virtualdep1_
                - alias suffix - 1_
                - suffixed key columns - {id1_47_1_}
                - JOIN (JoinDefinedByMetadata(monitoring_parameter)) : <gen:1> -> <gen:2>
                   - CollectionQuerySpaceImpl(uid=<gen:2>, collection=org.project.neutrino.nfvo.catalogue.mano.descriptor.VirtualDeploymentUnit.monitoring_parameter)
                      - SQL table alias mapping - monitoring2_
                      - alias suffix - 2_
                      - suffixed key columns - {virtual_1_47_2_}
                - JOIN (JoinDefinedByMetadata(vm_image)) : <gen:1> -> <gen:3>
                   - CollectionQuerySpaceImpl(uid=<gen:3>, collection=org.project.neutrino.nfvo.catalogue.mano.descriptor.VirtualDeploymentUnit.vm_image)
                      - SQL table alias mapping - vm_image3_
                      - alias suffix - 3_
                      - suffixed key columns - {virtual_1_47_3_}
          - JOIN (JoinDefinedByMetadata(target)) : <gen:0> -> <gen:4>
             - EntityQuerySpaceImpl(uid=<gen:4>, entity=org.project.neutrino.nfvo.catalogue.mano.descriptor.VirtualDeploymentUnit)
                - SQL table alias mapping - virtualdep4_
                - alias suffix - 4_
                - suffixed key columns - {id1_47_4_}

13:23:07.059 [Test worker] DEBUG o.h.loader.entity.plan.EntityLoader - Static select for entity org.project.neutrino.nfvo.catalogue.mano.descriptor.VDUDependency [NONE]: select vdudepende0_.id as id1_46_0_, vdudepende0_.source_id as source_i3_46_0_, vdudepende0_.target_id as target_i4_46_0_, vdudepende0_.version as version2_46_0_, virtualdep1_.id as id1_47_1_, virtualdep1_.computation_requirement as computat2_47_1_, virtualdep1_.high_availability as high_ava3_47_1_, virtualdep1_.scale_in_out as scale_in4_47_1_, virtualdep1_.vdu_constraint as vdu_cons5_47_1_, virtualdep1_.version as version6_47_1_, virtualdep1_.virtual_memory_resource_element as virtual_7_47_1_, virtualdep1_.virtual_network_bandwidth_resource as virtual_8_47_1_, monitoring2_.virtual_deployment_unit_id as virtual_1_47_2_, monitoring2_.monitoring_parameter as monitori2_49_2_, vm_image3_.virtual_deployment_unit_id as virtual_1_47_3_, vm_image3_.vm_image as vm_image2_50_3_, virtualdep4_.id as id1_47_4_, virtualdep4_.computation_requirement as computat2_47_4_, virtualdep4_.high_availability as high_ava3_47_4_, virtualdep4_.scale_in_out as scale_in4_47_4_, virtualdep4_.vdu_constraint as vdu_cons5_47_4_, virtualdep4_.version as version6_47_4_, virtualdep4_.virtual_memory_resource_element as virtual_7_47_4_, virtualdep4_.virtual_network_bandwidth_resource as virtual_8_47_4_ from vdudependency vdudepende0_ left outer join virtual_deployment_unit virtualdep1_ on vdudepende0_.source_id=virtualdep1_.id left outer join virtual_deployment_unit_monitoring_parameter monitoring2_ on virtualdep1_.id=monitoring2_.virtual_deployment_unit_id left outer join virtual_deployment_unit_vm_image vm_image3_ on virtualdep1_.id=vm_image3_.virtual_deployment_unit_id left outer join virtual_deployment_unit virtualdep4_ on vdudepende0_.target_id=virtualdep4_.id where vdudepende0_.id=?
13:23:07.059 [Test worker] DEBUG o.h.l.p.b.i.spaces.QuerySpacesImpl - Adding QuerySpace : uid = <gen:0> -> org.hibernate.loader.plan.build.internal.spaces.EntityQuerySpaceImpl@4db20b84]
13:23:07.059 [Test worker] DEBUG o.h.p.w.spi.MetamodelGraphWalker - Visiting attribute path : source
13:23:07.059 [Test worker] DEBUG o.h.l.p.b.i.spaces.QuerySpacesImpl - Adding QuerySpace : uid = <gen:1> -> org.hibernate.loader.plan.build.internal.spaces.EntityQuerySpaceImpl@65c90a26]
13:23:07.059 [Test worker] DEBUG o.h.p.w.spi.MetamodelGraphWalker - Visiting attribute path : source.computation_requirement
13:23:07.059 [Test worker] DEBUG o.h.p.w.spi.MetamodelGraphWalker - Visiting attribute path : source.high_availability
13:23:07.059 [Test worker] DEBUG o.h.p.w.spi.MetamodelGraphWalker - Visiting attribute path : source.lifecycle_event
13:23:07.059 [Test worker] DEBUG o.h.p.w.spi.MetamodelGraphWalker - Visiting attribute path : source.monitoring_parameter
13:23:07.059 [Test worker] DEBUG o.h.l.p.b.i.spaces.QuerySpacesImpl - Adding QuerySpace : uid = <gen:2> -> org.hibernate.loader.plan.build.internal.spaces.CollectionQuerySpaceImpl@47b6a606]
13:23:07.059 [Test worker] DEBUG o.h.p.w.spi.MetamodelGraphWalker - Visiting attribute path : source.scale_in_out
13:23:07.059 [Test worker] DEBUG o.h.p.w.spi.MetamodelGraphWalker - Visiting attribute path : source.vdu_constraint
13:23:07.059 [Test worker] DEBUG o.h.p.w.spi.MetamodelGraphWalker - Visiting attribute path : source.version
13:23:07.059 [Test worker] DEBUG o.h.p.w.spi.MetamodelGraphWalker - Visiting attribute path : source.virtual_memory_resource_element
13:23:07.059 [Test worker] DEBUG o.h.p.w.spi.MetamodelGraphWalker - Visiting attribute path : source.virtual_network_bandwidth_resource
13:23:07.059 [Test worker] DEBUG o.h.p.w.spi.MetamodelGraphWalker - Visiting attribute path : source.vm_image
13:23:07.059 [Test worker] DEBUG o.h.l.p.b.i.spaces.QuerySpacesImpl - Adding QuerySpace : uid = <gen:3> -> org.hibernate.loader.plan.build.internal.spaces.CollectionQuerySpaceImpl@170282ca]
13:23:07.059 [Test worker] DEBUG o.h.p.w.spi.MetamodelGraphWalker - Visiting attribute path : source.vnfc
13:23:07.059 [Test worker] DEBUG o.h.p.w.spi.MetamodelGraphWalker - Visiting attribute path : target
13:23:07.059 [Test worker] DEBUG o.h.l.p.b.i.spaces.QuerySpacesImpl - Adding QuerySpace : uid = <gen:4> -> org.hibernate.loader.plan.build.internal.spaces.EntityQuerySpaceImpl@32e1b74e]
13:23:07.060 [Test worker] DEBUG o.h.p.w.spi.MetamodelGraphWalker - Visiting attribute path : target.computation_requirement
13:23:07.060 [Test worker] DEBUG o.h.p.w.spi.MetamodelGraphWalker - Visiting attribute path : target.high_availability
13:23:07.060 [Test worker] DEBUG o.h.p.w.spi.MetamodelGraphWalker - Visiting attribute path : target.lifecycle_event
13:23:07.060 [Test worker] DEBUG o.h.p.w.spi.MetamodelGraphWalker - Visiting attribute path : target.monitoring_parameter
13:23:07.060 [Test worker] DEBUG o.h.p.w.spi.MetamodelGraphWalker - Property path deemed to be circular : target.monitoring_parameter
13:23:07.060 [Test worker] DEBUG o.h.p.w.spi.MetamodelGraphWalker - Visiting attribute path : target.scale_in_out
13:23:07.060 [Test worker] DEBUG o.h.p.w.spi.MetamodelGraphWalker - Visiting attribute path : target.vdu_constraint
13:23:07.060 [Test worker] DEBUG o.h.p.w.spi.MetamodelGraphWalker - Visiting attribute path : target.version
13:23:07.060 [Test worker] DEBUG o.h.p.w.spi.MetamodelGraphWalker - Visiting attribute path : target.virtual_memory_resource_element
13:23:07.060 [Test worker] DEBUG o.h.p.w.spi.MetamodelGraphWalker - Visiting attribute path : target.virtual_network_bandwidth_resource
13:23:07.060 [Test worker] DEBUG o.h.p.w.spi.MetamodelGraphWalker - Visiting attribute path : target.vm_image
13:23:07.060 [Test worker] DEBUG o.h.p.w.spi.MetamodelGraphWalker - Property path deemed to be circular : target.vm_image
13:23:07.060 [Test worker] DEBUG o.h.p.w.spi.MetamodelGraphWalker - Visiting attribute path : target.vnfc
13:23:07.060 [Test worker] DEBUG o.h.p.w.spi.MetamodelGraphWalker - Visiting attribute path : version
13:23:07.060 [Test worker] DEBUG o.h.l.p.b.i.FetchStyleLoadPlanBuildingAssociationVisitationStrategy - Building LoadPlan...
13:23:07.060 [Test worker] DEBUG o.h.l.p.e.i.LoadQueryJoinAndFetchProcessor - processing queryspace <gen:0>
13:23:07.061 [Test worker] DEBUG o.h.l.p.b.spi.LoadPlanTreePrinter - LoadPlan(entity=org.project.neutrino.nfvo.catalogue.mano.descriptor.VDUDependency)
    - Returns
       - EntityReturnImpl(entity=org.project.neutrino.nfvo.catalogue.mano.descriptor.VDUDependency, querySpaceUid=<gen:0>, path=org.project.neutrino.nfvo.catalogue.mano.descriptor.VDUDependency)
          - EntityAttributeFetchImpl(entity=org.project.neutrino.nfvo.catalogue.mano.descriptor.VirtualDeploymentUnit, querySpaceUid=<gen:1>, path=org.project.neutrino.nfvo.catalogue.mano.descriptor.VDUDependency.source)
             - CollectionAttributeFetchImpl(collection=org.project.neutrino.nfvo.catalogue.mano.descriptor.VirtualDeploymentUnit.monitoring_parameter, querySpaceUid=<gen:2>, path=org.project.neutrino.nfvo.catalogue.mano.descriptor.VDUDependency.source.monitoring_parameter)
             - CollectionAttributeFetchImpl(collection=org.project.neutrino.nfvo.catalogue.mano.descriptor.VirtualDeploymentUnit.vm_image, querySpaceUid=<gen:3>, path=org.project.neutrino.nfvo.catalogue.mano.descriptor.VDUDependency.source.vm_image)
          - EntityAttributeFetchImpl(entity=org.project.neutrino.nfvo.catalogue.mano.descriptor.VirtualDeploymentUnit, querySpaceUid=<gen:4>, path=org.project.neutrino.nfvo.catalogue.mano.descriptor.VDUDependency.target)
    - QuerySpaces
       - EntityQuerySpaceImpl(uid=<gen:0>, entity=org.project.neutrino.nfvo.catalogue.mano.descriptor.VDUDependency)
          - SQL table alias mapping - vdudepende0_
          - alias suffix - 0_
          - suffixed key columns - {id1_46_0_}
          - JOIN (JoinDefinedByMetadata(source)) : <gen:0> -> <gen:1>
             - EntityQuerySpaceImpl(uid=<gen:1>, entity=org.project.neutrino.nfvo.catalogue.mano.descriptor.VirtualDeploymentUnit)
                - SQL table alias mapping - virtualdep1_
                - alias suffix - 1_
                - suffixed key columns - {id1_47_1_}
                - JOIN (JoinDefinedByMetadata(monitoring_parameter)) : <gen:1> -> <gen:2>
                   - CollectionQuerySpaceImpl(uid=<gen:2>, collection=org.project.neutrino.nfvo.catalogue.mano.descriptor.VirtualDeploymentUnit.monitoring_parameter)
                      - SQL table alias mapping - monitoring2_
                      - alias suffix - 2_
                      - suffixed key columns - {virtual_1_47_2_}
                - JOIN (JoinDefinedByMetadata(vm_image)) : <gen:1> -> <gen:3>
                   - CollectionQuerySpaceImpl(uid=<gen:3>, collection=org.project.neutrino.nfvo.catalogue.mano.descriptor.VirtualDeploymentUnit.vm_image)
                      - SQL table alias mapping - vm_image3_
                      - alias suffix - 3_
                      - suffixed key columns - {virtual_1_47_3_}
          - JOIN (JoinDefinedByMetadata(target)) : <gen:0> -> <gen:4>
             - EntityQuerySpaceImpl(uid=<gen:4>, entity=org.project.neutrino.nfvo.catalogue.mano.descriptor.VirtualDeploymentUnit)
                - SQL table alias mapping - virtualdep4_
                - alias suffix - 4_
                - suffixed key columns - {id1_47_4_}

13:23:07.061 [Test worker] DEBUG o.h.loader.entity.plan.EntityLoader - Static select for entity org.project.neutrino.nfvo.catalogue.mano.descriptor.VDUDependency [READ]: select vdudepende0_.id as id1_46_0_, vdudepende0_.source_id as source_i3_46_0_, vdudepende0_.target_id as target_i4_46_0_, vdudepende0_.version as version2_46_0_, virtualdep1_.id as id1_47_1_, virtualdep1_.computation_requirement as computat2_47_1_, virtualdep1_.high_availability as high_ava3_47_1_, virtualdep1_.scale_in_out as scale_in4_47_1_, virtualdep1_.vdu_constraint as vdu_cons5_47_1_, virtualdep1_.version as version6_47_1_, virtualdep1_.virtual_memory_resource_element as virtual_7_47_1_, virtualdep1_.virtual_network_bandwidth_resource as virtual_8_47_1_, monitoring2_.virtual_deployment_unit_id as virtual_1_47_2_, monitoring2_.monitoring_parameter as monitori2_49_2_, vm_image3_.virtual_deployment_unit_id as virtual_1_47_3_, vm_image3_.vm_image as vm_image2_50_3_, virtualdep4_.id as id1_47_4_, virtualdep4_.computation_requirement as computat2_47_4_, virtualdep4_.high_availability as high_ava3_47_4_, virtualdep4_.scale_in_out as scale_in4_47_4_, virtualdep4_.vdu_constraint as vdu_cons5_47_4_, virtualdep4_.version as version6_47_4_, virtualdep4_.virtual_memory_resource_element as virtual_7_47_4_, virtualdep4_.virtual_network_bandwidth_resource as virtual_8_47_4_ from vdudependency vdudepende0_ left outer join virtual_deployment_unit virtualdep1_ on vdudepende0_.source_id=virtualdep1_.id left outer join virtual_deployment_unit_monitoring_parameter monitoring2_ on virtualdep1_.id=monitoring2_.virtual_deployment_unit_id left outer join virtual_deployment_unit_vm_image vm_image3_ on virtualdep1_.id=vm_image3_.virtual_deployment_unit_id left outer join virtual_deployment_unit virtualdep4_ on vdudepende0_.target_id=virtualdep4_.id where vdudepende0_.id=?
13:23:07.061 [Test worker] DEBUG o.h.l.p.b.i.spaces.QuerySpacesImpl - Adding QuerySpace : uid = <gen:0> -> org.hibernate.loader.plan.build.internal.spaces.EntityQuerySpaceImpl@2bea9c24]
13:23:07.061 [Test worker] DEBUG o.h.p.w.spi.MetamodelGraphWalker - Visiting attribute path : source
13:23:07.061 [Test worker] DEBUG o.h.l.p.b.i.spaces.QuerySpacesImpl - Adding QuerySpace : uid = <gen:1> -> org.hibernate.loader.plan.build.internal.spaces.EntityQuerySpaceImpl@4b1bf9de]
13:23:07.061 [Test worker] DEBUG o.h.p.w.spi.MetamodelGraphWalker - Visiting attribute path : target
13:23:07.061 [Test worker] DEBUG o.h.l.p.b.i.spaces.QuerySpacesImpl - Adding QuerySpace : uid = <gen:2> -> org.hibernate.loader.plan.build.internal.spaces.EntityQuerySpaceImpl@19b18458]
13:23:07.061 [Test worker] DEBUG o.h.p.w.spi.MetamodelGraphWalker - Visiting attribute path : version
13:23:07.062 [Test worker] DEBUG o.h.l.p.b.i.FetchStyleLoadPlanBuildingAssociationVisitationStrategy - Building LoadPlan...
13:23:07.062 [Test worker] DEBUG o.h.l.p.e.i.LoadQueryJoinAndFetchProcessor - processing queryspace <gen:0>
13:23:07.062 [Test worker] DEBUG o.h.l.p.b.spi.LoadPlanTreePrinter - LoadPlan(entity=org.project.neutrino.nfvo.catalogue.mano.descriptor.VDUDependency)
    - Returns
       - EntityReturnImpl(entity=org.project.neutrino.nfvo.catalogue.mano.descriptor.VDUDependency, querySpaceUid=<gen:0>, path=org.project.neutrino.nfvo.catalogue.mano.descriptor.VDUDependency)
          - EntityAttributeFetchImpl(entity=org.project.neutrino.nfvo.catalogue.mano.descriptor.VirtualDeploymentUnit, querySpaceUid=<gen:1>, path=org.project.neutrino.nfvo.catalogue.mano.descriptor.VDUDependency.source)
          - EntityAttributeFetchImpl(entity=org.project.neutrino.nfvo.catalogue.mano.descriptor.VirtualDeploymentUnit, querySpaceUid=<gen:2>, path=org.project.neutrino.nfvo.catalogue.mano.descriptor.VDUDependency.target)
    - QuerySpaces
       - EntityQuerySpaceImpl(uid=<gen:0>, entity=org.project.neutrino.nfvo.catalogue.mano.descriptor.VDUDependency)
          - SQL table alias mapping - vdudepende0_
          - alias suffix - 0_
          - suffixed key columns - {id1_46_0_}

13:23:07.062 [Test worker] DEBUG o.h.loader.entity.plan.EntityLoader - Static select for entity org.project.neutrino.nfvo.catalogue.mano.descriptor.VDUDependency [UPGRADE]: select vdudepende0_.id as id1_46_0_, vdudepende0_.source_id as source_i3_46_0_, vdudepende0_.target_id as target_i4_46_0_, vdudepende0_.version as version2_46_0_ from vdudependency vdudepende0_ where vdudepende0_.id=? for update
13:23:07.062 [Test worker] DEBUG o.h.l.p.b.i.spaces.QuerySpacesImpl - Adding QuerySpace : uid = <gen:0> -> org.hibernate.loader.plan.build.internal.spaces.EntityQuerySpaceImpl@5567ba95]
13:23:07.062 [Test worker] DEBUG o.h.p.w.spi.MetamodelGraphWalker - Visiting attribute path : source
13:23:07.062 [Test worker] DEBUG o.h.l.p.b.i.spaces.QuerySpacesImpl - Adding QuerySpace : uid = <gen:1> -> org.hibernate.loader.plan.build.internal.spaces.EntityQuerySpaceImpl@3ab65057]
13:23:07.062 [Test worker] DEBUG o.h.p.w.spi.MetamodelGraphWalker - Visiting attribute path : target
13:23:07.062 [Test worker] DEBUG o.h.l.p.b.i.spaces.QuerySpacesImpl - Adding QuerySpace : uid = <gen:2> -> org.hibernate.loader.plan.build.internal.spaces.EntityQuerySpaceImpl@17549dde]
13:23:07.062 [Test worker] DEBUG o.h.p.w.spi.MetamodelGraphWalker - Visiting attribute path : version
13:23:07.062 [Test worker] DEBUG o.h.l.p.b.i.FetchStyleLoadPlanBuildingAssociationVisitationStrategy - Building LoadPlan...
13:23:07.063 [Test worker] DEBUG o.h.l.p.e.i.LoadQueryJoinAndFetchProcessor - processing queryspace <gen:0>
13:23:07.063 [Test worker] DEBUG o.h.l.p.b.spi.LoadPlanTreePrinter - LoadPlan(entity=org.project.neutrino.nfvo.catalogue.mano.descriptor.VDUDependency)
    - Returns
       - EntityReturnImpl(entity=org.project.neutrino.nfvo.catalogue.mano.descriptor.VDUDependency, querySpaceUid=<gen:0>, path=org.project.neutrino.nfvo.catalogue.mano.descriptor.VDUDependency)
          - EntityAttributeFetchImpl(entity=org.project.neutrino.nfvo.catalogue.mano.descriptor.VirtualDeploymentUnit, querySpaceUid=<gen:1>, path=org.project.neutrino.nfvo.catalogue.mano.descriptor.VDUDependency.source)
          - EntityAttributeFetchImpl(entity=org.project.neutrino.nfvo.catalogue.mano.descriptor.VirtualDeploymentUnit, querySpaceUid=<gen:2>, path=org.project.neutrino.nfvo.catalogue.mano.descriptor.VDUDependency.target)
    - QuerySpaces
       - EntityQuerySpaceImpl(uid=<gen:0>, entity=org.project.neutrino.nfvo.catalogue.mano.descriptor.VDUDependency)
          - SQL table alias mapping - vdudepende0_
          - alias suffix - 0_
          - suffixed key columns - {id1_46_0_}

13:23:07.063 [Test worker] DEBUG o.h.loader.entity.plan.EntityLoader - Static select for entity org.project.neutrino.nfvo.catalogue.mano.descriptor.VDUDependency [UPGRADE_NOWAIT]: select vdudepende0_.id as id1_46_0_, vdudepende0_.source_id as source_i3_46_0_, vdudepende0_.target_id as target_i4_46_0_, vdudepende0_.version as version2_46_0_ from vdudependency vdudepende0_ where vdudepende0_.id=? for update
13:23:07.063 [Test worker] DEBUG o.h.l.p.b.i.spaces.QuerySpacesImpl - Adding QuerySpace : uid = <gen:0> -> org.hibernate.loader.plan.build.internal.spaces.EntityQuerySpaceImpl@344865c9]
13:23:07.063 [Test worker] DEBUG o.h.p.w.spi.MetamodelGraphWalker - Visiting attribute path : source
13:23:07.063 [Test worker] DEBUG o.h.l.p.b.i.spaces.QuerySpacesImpl - Adding QuerySpace : uid = <gen:1> -> org.hibernate.loader.plan.build.internal.spaces.EntityQuerySpaceImpl@4c1dea0f]
13:23:07.063 [Test worker] DEBUG o.h.p.w.spi.MetamodelGraphWalker - Visiting attribute path : target
13:23:07.063 [Test worker] DEBUG o.h.l.p.b.i.spaces.QuerySpacesImpl - Adding QuerySpace : uid = <gen:2> -> org.hibernate.loader.plan.build.internal.spaces.EntityQuerySpaceImpl@3ff1a5d3]
13:23:07.063 [Test worker] DEBUG o.h.p.w.spi.MetamodelGraphWalker - Visiting attribute path : version
13:23:07.063 [Test worker] DEBUG o.h.l.p.b.i.FetchStyleLoadPlanBuildingAssociationVisitationStrategy - Building LoadPlan...
13:23:07.063 [Test worker] DEBUG o.h.l.p.e.i.LoadQueryJoinAndFetchProcessor - processing queryspace <gen:0>
13:23:07.064 [Test worker] DEBUG o.h.l.p.b.spi.LoadPlanTreePrinter - LoadPlan(entity=org.project.neutrino.nfvo.catalogue.mano.descriptor.VDUDependency)
    - Returns
       - EntityReturnImpl(entity=org.project.neutrino.nfvo.catalogue.mano.descriptor.VDUDependency, querySpaceUid=<gen:0>, path=org.project.neutrino.nfvo.catalogue.mano.descriptor.VDUDependency)
          - EntityAttributeFetchImpl(entity=org.project.neutrino.nfvo.catalogue.mano.descriptor.VirtualDeploymentUnit, querySpaceUid=<gen:1>, path=org.project.neutrino.nfvo.catalogue.mano.descriptor.VDUDependency.source)
          - EntityAttributeFetchImpl(entity=org.project.neutrino.nfvo.catalogue.mano.descriptor.VirtualDeploymentUnit, querySpaceUid=<gen:2>, path=org.project.neutrino.nfvo.catalogue.mano.descriptor.VDUDependency.target)
    - QuerySpaces
       - EntityQuerySpaceImpl(uid=<gen:0>, entity=org.project.neutrino.nfvo.catalogue.mano.descriptor.VDUDependency)
          - SQL table alias mapping - vdudepende0_
          - alias suffix - 0_
          - suffixed key columns - {id1_46_0_}

13:23:07.064 [Test worker] DEBUG o.h.loader.entity.plan.EntityLoader - Static select for entity org.project.neutrino.nfvo.catalogue.mano.descriptor.VDUDependency [UPGRADE_SKIPLOCKED]: select vdudepende0_.id as id1_46_0_, vdudepende0_.source_id as source_i3_46_0_, vdudepende0_.target_id as target_i4_46_0_, vdudepende0_.version as version2_46_0_ from vdudependency vdudepende0_ where vdudepende0_.id=? for update
13:23:07.064 [Test worker] DEBUG o.h.l.p.b.i.spaces.QuerySpacesImpl - Adding QuerySpace : uid = <gen:0> -> org.hibernate.loader.plan.build.internal.spaces.EntityQuerySpaceImpl@11bde071]
13:23:07.064 [Test worker] DEBUG o.h.p.w.spi.MetamodelGraphWalker - Visiting attribute path : source
13:23:07.064 [Test worker] DEBUG o.h.l.p.b.i.spaces.QuerySpacesImpl - Adding QuerySpace : uid = <gen:1> -> org.hibernate.loader.plan.build.internal.spaces.EntityQuerySpaceImpl@6965520d]
13:23:07.064 [Test worker] DEBUG o.h.p.w.spi.MetamodelGraphWalker - Visiting attribute path : target
13:23:07.064 [Test worker] DEBUG o.h.l.p.b.i.spaces.QuerySpacesImpl - Adding QuerySpace : uid = <gen:2> -> org.hibernate.loader.plan.build.internal.spaces.EntityQuerySpaceImpl@7aee0989]
13:23:07.064 [Test worker] DEBUG o.h.p.w.spi.MetamodelGraphWalker - Visiting attribute path : version
13:23:07.064 [Test worker] DEBUG o.h.l.p.b.i.FetchStyleLoadPlanBuildingAssociationVisitationStrategy - Building LoadPlan...
13:23:07.064 [Test worker] DEBUG o.h.l.p.e.i.LoadQueryJoinAndFetchProcessor - processing queryspace <gen:0>
13:23:07.064 [Test worker] DEBUG o.h.l.p.b.spi.LoadPlanTreePrinter - LoadPlan(entity=org.project.neutrino.nfvo.catalogue.mano.descriptor.VDUDependency)
    - Returns
       - EntityReturnImpl(entity=org.project.neutrino.nfvo.catalogue.mano.descriptor.VDUDependency, querySpaceUid=<gen:0>, path=org.project.neutrino.nfvo.catalogue.mano.descriptor.VDUDependency)
          - EntityAttributeFetchImpl(entity=org.project.neutrino.nfvo.catalogue.mano.descriptor.VirtualDeploymentUnit, querySpaceUid=<gen:1>, path=org.project.neutrino.nfvo.catalogue.mano.descriptor.VDUDependency.source)
          - EntityAttributeFetchImpl(entity=org.project.neutrino.nfvo.catalogue.mano.descriptor.VirtualDeploymentUnit, querySpaceUid=<gen:2>, path=org.project.neutrino.nfvo.catalogue.mano.descriptor.VDUDependency.target)
    - QuerySpaces
       - EntityQuerySpaceImpl(uid=<gen:0>, entity=org.project.neutrino.nfvo.catalogue.mano.descriptor.VDUDependency)
          - SQL table alias mapping - vdudepende0_
          - alias suffix - 0_
          - suffixed key columns - {id1_46_0_}

13:23:07.064 [Test worker] DEBUG o.h.loader.entity.plan.EntityLoader - Static select for entity org.project.neutrino.nfvo.catalogue.mano.descriptor.VDUDependency [FORCE]: select vdudepende0_.id as id1_46_0_, vdudepende0_.source_id as source_i3_46_0_, vdudepende0_.target_id as target_i4_46_0_, vdudepende0_.version as version2_46_0_ from vdudependency vdudepende0_ where vdudepende0_.id=? for update
13:23:07.064 [Test worker] DEBUG o.h.l.p.b.i.spaces.QuerySpacesImpl - Adding QuerySpace : uid = <gen:0> -> org.hibernate.loader.plan.build.internal.spaces.EntityQuerySpaceImpl@21b4406c]
13:23:07.065 [Test worker] DEBUG o.h.p.w.spi.MetamodelGraphWalker - Visiting attribute path : source
13:23:07.065 [Test worker] DEBUG o.h.l.p.b.i.spaces.QuerySpacesImpl - Adding QuerySpace : uid = <gen:1> -> org.hibernate.loader.plan.build.internal.spaces.EntityQuerySpaceImpl@30000e9a]
13:23:07.065 [Test worker] DEBUG o.h.p.w.spi.MetamodelGraphWalker - Visiting attribute path : target
13:23:07.065 [Test worker] DEBUG o.h.l.p.b.i.spaces.QuerySpacesImpl - Adding QuerySpace : uid = <gen:2> -> org.hibernate.loader.plan.build.internal.spaces.EntityQuerySpaceImpl@53beb914]
13:23:07.065 [Test worker] DEBUG o.h.p.w.spi.MetamodelGraphWalker - Visiting attribute path : version
13:23:07.065 [Test worker] DEBUG o.h.l.p.b.i.FetchStyleLoadPlanBuildingAssociationVisitationStrategy - Building LoadPlan...
13:23:07.065 [Test worker] DEBUG o.h.l.p.e.i.LoadQueryJoinAndFetchProcessor - processing queryspace <gen:0>
13:23:07.065 [Test worker] DEBUG o.h.l.p.b.spi.LoadPlanTreePrinter - LoadPlan(entity=org.project.neutrino.nfvo.catalogue.mano.descriptor.VDUDependency)
    - Returns
       - EntityReturnImpl(entity=org.project.neutrino.nfvo.catalogue.mano.descriptor.VDUDependency, querySpaceUid=<gen:0>, path=org.project.neutrino.nfvo.catalogue.mano.descriptor.VDUDependency)
          - EntityAttributeFetchImpl(entity=org.project.neutrino.nfvo.catalogue.mano.descriptor.VirtualDeploymentUnit, querySpaceUid=<gen:1>, path=org.project.neutrino.nfvo.catalogue.mano.descriptor.VDUDependency.source)
          - EntityAttributeFetchImpl(entity=org.project.neutrino.nfvo.catalogue.mano.descriptor.VirtualDeploymentUnit, querySpaceUid=<gen:2>, path=org.project.neutrino.nfvo.catalogue.mano.descriptor.VDUDependency.target)
    - QuerySpaces
       - EntityQuerySpaceImpl(uid=<gen:0>, entity=org.project.neutrino.nfvo.catalogue.mano.descriptor.VDUDependency)
          - SQL table alias mapping - vdudepende0_
          - alias suffix - 0_
          - suffixed key columns - {id1_46_0_}

13:23:07.065 [Test worker] DEBUG o.h.loader.entity.plan.EntityLoader - Static select for entity org.project.neutrino.nfvo.catalogue.mano.descriptor.VDUDependency [PESSIMISTIC_READ]: select vdudepende0_.id as id1_46_0_, vdudepende0_.source_id as source_i3_46_0_, vdudepende0_.target_id as target_i4_46_0_, vdudepende0_.version as version2_46_0_ from vdudependency vdudepende0_ where vdudepende0_.id=? lock in share mode
13:23:07.065 [Test worker] DEBUG o.h.l.p.b.i.spaces.QuerySpacesImpl - Adding QuerySpace : uid = <gen:0> -> org.hibernate.loader.plan.build.internal.spaces.EntityQuerySpaceImpl@e68fb00]
13:23:07.065 [Test worker] DEBUG o.h.p.w.spi.MetamodelGraphWalker - Visiting attribute path : source
13:23:07.065 [Test worker] DEBUG o.h.l.p.b.i.spaces.QuerySpacesImpl - Adding QuerySpace : uid = <gen:1> -> org.hibernate.loader.plan.build.internal.spaces.EntityQuerySpaceImpl@2d978886]
13:23:07.065 [Test worker] DEBUG o.h.p.w.spi.MetamodelGraphWalker - Visiting attribute path : target
13:23:07.066 [Test worker] DEBUG o.h.l.p.b.i.spaces.QuerySpacesImpl - Adding QuerySpace : uid = <gen:2> -> org.hibernate.loader.plan.build.internal.spaces.EntityQuerySpaceImpl@37842ccc]
13:23:07.066 [Test worker] DEBUG o.h.p.w.spi.MetamodelGraphWalker - Visiting attribute path : version
13:23:07.066 [Test worker] DEBUG o.h.l.p.b.i.FetchStyleLoadPlanBuildingAssociationVisitationStrategy - Building LoadPlan...
13:23:07.066 [Test worker] DEBUG o.h.l.p.e.i.LoadQueryJoinAndFetchProcessor - processing queryspace <gen:0>
13:23:07.066 [Test worker] DEBUG o.h.l.p.b.spi.LoadPlanTreePrinter - LoadPlan(entity=org.project.neutrino.nfvo.catalogue.mano.descriptor.VDUDependency)
    - Returns
       - EntityReturnImpl(entity=org.project.neutrino.nfvo.catalogue.mano.descriptor.VDUDependency, querySpaceUid=<gen:0>, path=org.project.neutrino.nfvo.catalogue.mano.descriptor.VDUDependency)
          - EntityAttributeFetchImpl(entity=org.project.neutrino.nfvo.catalogue.mano.descriptor.VirtualDeploymentUnit, querySpaceUid=<gen:1>, path=org.project.neutrino.nfvo.catalogue.mano.descriptor.VDUDependency.source)
          - EntityAttributeFetchImpl(entity=org.project.neutrino.nfvo.catalogue.mano.descriptor.VirtualDeploymentUnit, querySpaceUid=<gen:2>, path=org.project.neutrino.nfvo.catalogue.mano.descriptor.VDUDependency.target)
    - QuerySpaces
       - EntityQuerySpaceImpl(uid=<gen:0>, entity=org.project.neutrino.nfvo.catalogue.mano.descriptor.VDUDependency)
          - SQL table alias mapping - vdudepende0_
          - alias suffix - 0_
          - suffixed key columns - {id1_46_0_}

13:23:07.066 [Test worker] DEBUG o.h.loader.entity.plan.EntityLoader - Static select for entity org.project.neutrino.nfvo.catalogue.mano.descriptor.VDUDependency [PESSIMISTIC_WRITE]: select vdudepende0_.id as id1_46_0_, vdudepende0_.source_id as source_i3_46_0_, vdudepende0_.target_id as target_i4_46_0_, vdudepende0_.version as version2_46_0_ from vdudependency vdudepende0_ where vdudepende0_.id=? for update
13:23:07.066 [Test worker] DEBUG o.h.l.p.b.i.spaces.QuerySpacesImpl - Adding QuerySpace : uid = <gen:0> -> org.hibernate.loader.plan.build.internal.spaces.EntityQuerySpaceImpl@4699218d]
13:23:07.066 [Test worker] DEBUG o.h.p.w.spi.MetamodelGraphWalker - Visiting attribute path : source
13:23:07.066 [Test worker] DEBUG o.h.l.p.b.i.spaces.QuerySpacesImpl - Adding QuerySpace : uid = <gen:1> -> org.hibernate.loader.plan.build.internal.spaces.EntityQuerySpaceImpl@ce9d475]
13:23:07.066 [Test worker] DEBUG o.h.p.w.spi.MetamodelGraphWalker - Visiting attribute path : target
13:23:07.066 [Test worker] DEBUG o.h.l.p.b.i.spaces.QuerySpacesImpl - Adding QuerySpace : uid = <gen:2> -> org.hibernate.loader.plan.build.internal.spaces.EntityQuerySpaceImpl@4b7b53f2]
13:23:07.066 [Test worker] DEBUG o.h.p.w.spi.MetamodelGraphWalker - Visiting attribute path : version
13:23:07.066 [Test worker] DEBUG o.h.l.p.b.i.FetchStyleLoadPlanBuildingAssociationVisitationStrategy - Building LoadPlan...
13:23:07.067 [Test worker] DEBUG o.h.l.p.e.i.LoadQueryJoinAndFetchProcessor - processing queryspace <gen:0>
13:23:07.067 [Test worker] DEBUG o.h.l.p.b.spi.LoadPlanTreePrinter - LoadPlan(entity=org.project.neutrino.nfvo.catalogue.mano.descriptor.VDUDependency)
    - Returns
       - EntityReturnImpl(entity=org.project.neutrino.nfvo.catalogue.mano.descriptor.VDUDependency, querySpaceUid=<gen:0>, path=org.project.neutrino.nfvo.catalogue.mano.descriptor.VDUDependency)
          - EntityAttributeFetchImpl(entity=org.project.neutrino.nfvo.catalogue.mano.descriptor.VirtualDeploymentUnit, querySpaceUid=<gen:1>, path=org.project.neutrino.nfvo.catalogue.mano.descriptor.VDUDependency.source)
          - EntityAttributeFetchImpl(entity=org.project.neutrino.nfvo.catalogue.mano.descriptor.VirtualDeploymentUnit, querySpaceUid=<gen:2>, path=org.project.neutrino.nfvo.catalogue.mano.descriptor.VDUDependency.target)
    - QuerySpaces
       - EntityQuerySpaceImpl(uid=<gen:0>, entity=org.project.neutrino.nfvo.catalogue.mano.descriptor.VDUDependency)
          - SQL table alias mapping - vdudepende0_
          - alias suffix - 0_
          - suffixed key columns - {id1_46_0_}

13:23:07.067 [Test worker] DEBUG o.h.loader.entity.plan.EntityLoader - Static select for entity org.project.neutrino.nfvo.catalogue.mano.descriptor.VDUDependency [PESSIMISTIC_FORCE_INCREMENT]: select vdudepende0_.id as id1_46_0_, vdudepende0_.source_id as source_i3_46_0_, vdudepende0_.target_id as target_i4_46_0_, vdudepende0_.version as version2_46_0_ from vdudependency vdudepende0_ where vdudepende0_.id=? for update
13:23:07.067 [Test worker] DEBUG o.h.l.p.b.i.spaces.QuerySpacesImpl - Adding QuerySpace : uid = <gen:0> -> org.hibernate.loader.plan.build.internal.spaces.EntityQuerySpaceImpl@dc45b95]
13:23:07.067 [Test worker] DEBUG o.h.p.w.spi.MetamodelGraphWalker - Visiting attribute path : source
13:23:07.067 [Test worker] DEBUG o.h.l.p.b.i.spaces.QuerySpacesImpl - Adding QuerySpace : uid = <gen:1> -> org.hibernate.loader.plan.build.internal.spaces.EntityQuerySpaceImpl@52f78f57]
13:23:07.067 [Test worker] DEBUG o.h.p.w.spi.MetamodelGraphWalker - Visiting attribute path : target
13:23:07.067 [Test worker] DEBUG o.h.l.p.b.i.spaces.QuerySpacesImpl - Adding QuerySpace : uid = <gen:2> -> org.hibernate.loader.plan.build.internal.spaces.EntityQuerySpaceImpl@7ae3c34e]
13:23:07.067 [Test worker] DEBUG o.h.p.w.spi.MetamodelGraphWalker - Visiting attribute path : version
13:23:07.067 [Test worker] DEBUG o.h.l.p.b.i.FetchStyleLoadPlanBuildingAssociationVisitationStrategy - Building LoadPlan...
13:23:07.067 [Test worker] DEBUG o.h.l.p.e.i.LoadQueryJoinAndFetchProcessor - processing queryspace <gen:0>
13:23:07.068 [Test worker] DEBUG o.h.l.p.b.spi.LoadPlanTreePrinter - LoadPlan(entity=org.project.neutrino.nfvo.catalogue.mano.descriptor.VDUDependency)
    - Returns
       - EntityReturnImpl(entity=org.project.neutrino.nfvo.catalogue.mano.descriptor.VDUDependency, querySpaceUid=<gen:0>, path=org.project.neutrino.nfvo.catalogue.mano.descriptor.VDUDependency)
          - EntityAttributeFetchImpl(entity=org.project.neutrino.nfvo.catalogue.mano.descriptor.VirtualDeploymentUnit, querySpaceUid=<gen:1>, path=org.project.neutrino.nfvo.catalogue.mano.descriptor.VDUDependency.source)
          - EntityAttributeFetchImpl(entity=org.project.neutrino.nfvo.catalogue.mano.descriptor.VirtualDeploymentUnit, querySpaceUid=<gen:2>, path=org.project.neutrino.nfvo.catalogue.mano.descriptor.VDUDependency.target)
    - QuerySpaces
       - EntityQuerySpaceImpl(uid=<gen:0>, entity=org.project.neutrino.nfvo.catalogue.mano.descriptor.VDUDependency)
          - SQL table alias mapping - vdudepende0_
          - alias suffix - 0_
          - suffixed key columns - {id1_46_0_}

13:23:07.068 [Test worker] DEBUG o.h.loader.entity.plan.EntityLoader - Static select for entity org.project.neutrino.nfvo.catalogue.mano.descriptor.VDUDependency [OPTIMISTIC]: select vdudepende0_.id as id1_46_0_, vdudepende0_.source_id as source_i3_46_0_, vdudepende0_.target_id as target_i4_46_0_, vdudepende0_.version as version2_46_0_ from vdudependency vdudepende0_ where vdudepende0_.id=?
13:23:07.068 [Test worker] DEBUG o.h.l.p.b.i.spaces.QuerySpacesImpl - Adding QuerySpace : uid = <gen:0> -> org.hibernate.loader.plan.build.internal.spaces.EntityQuerySpaceImpl@7f2b74e9]
13:23:07.068 [Test worker] DEBUG o.h.p.w.spi.MetamodelGraphWalker - Visiting attribute path : source
13:23:07.068 [Test worker] DEBUG o.h.l.p.b.i.spaces.QuerySpacesImpl - Adding QuerySpace : uid = <gen:1> -> org.hibernate.loader.plan.build.internal.spaces.EntityQuerySpaceImpl@6be61f2c]
13:23:07.068 [Test worker] DEBUG o.h.p.w.spi.MetamodelGraphWalker - Visiting attribute path : target
13:23:07.068 [Test worker] DEBUG o.h.l.p.b.i.spaces.QuerySpacesImpl - Adding QuerySpace : uid = <gen:2> -> org.hibernate.loader.plan.build.internal.spaces.EntityQuerySpaceImpl@5108b90b]
13:23:07.068 [Test worker] DEBUG o.h.p.w.spi.MetamodelGraphWalker - Visiting attribute path : version
13:23:07.068 [Test worker] DEBUG o.h.l.p.b.i.FetchStyleLoadPlanBuildingAssociationVisitationStrategy - Building LoadPlan...
13:23:07.068 [Test worker] DEBUG o.h.l.p.e.i.LoadQueryJoinAndFetchProcessor - processing queryspace <gen:0>
13:23:07.068 [Test worker] DEBUG o.h.l.p.b.spi.LoadPlanTreePrinter - LoadPlan(entity=org.project.neutrino.nfvo.catalogue.mano.descriptor.VDUDependency)
    - Returns
       - EntityReturnImpl(entity=org.project.neutrino.nfvo.catalogue.mano.descriptor.VDUDependency, querySpaceUid=<gen:0>, path=org.project.neutrino.nfvo.catalogue.mano.descriptor.VDUDependency)
          - EntityAttributeFetchImpl(entity=org.project.neutrino.nfvo.catalogue.mano.descriptor.VirtualDeploymentUnit, querySpaceUid=<gen:1>, path=org.project.neutrino.nfvo.catalogue.mano.descriptor.VDUDependency.source)
          - EntityAttributeFetchImpl(entity=org.project.neutrino.nfvo.catalogue.mano.descriptor.VirtualDeploymentUnit, querySpaceUid=<gen:2>, path=org.project.neutrino.nfvo.catalogue.mano.descriptor.VDUDependency.target)
    - QuerySpaces
       - EntityQuerySpaceImpl(uid=<gen:0>, entity=org.project.neutrino.nfvo.catalogue.mano.descriptor.VDUDependency)
          - SQL table alias mapping - vdudepende0_
          - alias suffix - 0_
          - suffixed key columns - {id1_46_0_}

13:23:07.068 [Test worker] DEBUG o.h.loader.entity.plan.EntityLoader - Static select for entity org.project.neutrino.nfvo.catalogue.mano.descriptor.VDUDependency [OPTIMISTIC_FORCE_INCREMENT]: select vdudepende0_.id as id1_46_0_, vdudepende0_.source_id as source_i3_46_0_, vdudepende0_.target_id as target_i4_46_0_, vdudepende0_.version as version2_46_0_ from vdudependency vdudepende0_ where vdudepende0_.id=?
13:23:07.069 [Test worker] DEBUG org.hibernate.loader.Loader - Static select for action ACTION_MERGE on entity org.project.neutrino.nfvo.catalogue.mano.descriptor.VDUDependency: select vdudepende0_.id as id1_46_3_, vdudepende0_.source_id as source_i3_46_3_, vdudepende0_.target_id as target_i4_46_3_, vdudepende0_.version as version2_46_3_, virtualdep1_.id as id1_47_0_, virtualdep1_.computation_requirement as computat2_47_0_, virtualdep1_.high_availability as high_ava3_47_0_, virtualdep1_.scale_in_out as scale_in4_47_0_, virtualdep1_.vdu_constraint as vdu_cons5_47_0_, virtualdep1_.version as version6_47_0_, virtualdep1_.virtual_memory_resource_element as virtual_7_47_0_, virtualdep1_.virtual_network_bandwidth_resource as virtual_8_47_0_, lifecycle_2_.virtual_deployment_unit_id as virtual_1_47_5_, lifecyclee3_.id as lifecycl2_48_5_, lifecyclee3_.id as id1_10_1_, lifecyclee3_.version as version2_10_1_, virtualdep4_.id as id1_47_2_, virtualdep4_.computation_requirement as computat2_47_2_, virtualdep4_.high_availability as high_ava3_47_2_, virtualdep4_.scale_in_out as scale_in4_47_2_, virtualdep4_.vdu_constraint as vdu_cons5_47_2_, virtualdep4_.version as version6_47_2_, virtualdep4_.virtual_memory_resource_element as virtual_7_47_2_, virtualdep4_.virtual_network_bandwidth_resource as virtual_8_47_2_ from vdudependency vdudepende0_ left outer join virtual_deployment_unit virtualdep1_ on vdudepende0_.source_id=virtualdep1_.id left outer join virtual_deployment_unit_lifecycle_event lifecycle_2_ on virtualdep1_.id=lifecycle_2_.virtual_deployment_unit_id left outer join lifecycle_event lifecyclee3_ on lifecycle_2_.lifecycle_event_id=lifecyclee3_.id left outer join virtual_deployment_unit virtualdep4_ on vdudepende0_.target_id=virtualdep4_.id where vdudepende0_.id=?
13:23:07.069 [Test worker] DEBUG org.hibernate.loader.Loader - Static select for action ACTION_REFRESH on entity org.project.neutrino.nfvo.catalogue.mano.descriptor.VDUDependency: select vdudepende0_.id as id1_46_0_, vdudepende0_.source_id as source_i3_46_0_, vdudepende0_.target_id as target_i4_46_0_, vdudepende0_.version as version2_46_0_ from vdudependency vdudepende0_ where vdudepende0_.id=?
13:23:07.069 [Test worker] DEBUG o.h.p.entity.AbstractEntityPersister - Static SQL for entity: org.project.neutrino.nfvo.catalogue.mano.common.ConnectionPoint
13:23:07.069 [Test worker] DEBUG o.h.p.entity.AbstractEntityPersister -  Version select: select version from connection_point where id =?
13:23:07.069 [Test worker] DEBUG o.h.p.entity.AbstractEntityPersister -  Snapshot select: select connection_.id, connection_.type as type2_4_, connection_.version as version3_4_ from ( select id, type, version, null as virtual_link_reference, 0 as clazz_ from connection_point union select id, type, version, virtual_link_reference, 1 as clazz_ from vnfdconnection_point ) connection_ where connection_.id=?
13:23:07.069 [Test worker] DEBUG o.h.p.entity.AbstractEntityPersister -  Insert 0: insert into connection_point (type, version, id) values (?, ?, ?)
13:23:07.069 [Test worker] DEBUG o.h.p.entity.AbstractEntityPersister -  Update 0: update connection_point set type=?, version=? where id=? and version=?
13:23:07.069 [Test worker] DEBUG o.h.p.entity.AbstractEntityPersister -  Delete 0: delete from connection_point where id=? and version=?
13:23:07.069 [Test worker] DEBUG o.h.l.p.b.i.spaces.QuerySpacesImpl - Adding QuerySpace : uid = <gen:0> -> org.hibernate.loader.plan.build.internal.spaces.EntityQuerySpaceImpl@13acaabd]
13:23:07.069 [Test worker] DEBUG o.h.p.w.spi.MetamodelGraphWalker - Visiting attribute path : type
13:23:07.069 [Test worker] DEBUG o.h.p.w.spi.MetamodelGraphWalker - Visiting attribute path : version
13:23:07.069 [Test worker] DEBUG o.h.p.w.spi.MetamodelGraphWalker - Visiting attribute path : virtual_link_reference
13:23:07.070 [Test worker] DEBUG o.h.l.p.b.i.FetchStyleLoadPlanBuildingAssociationVisitationStrategy - Building LoadPlan...
13:23:07.070 [Test worker] DEBUG o.h.l.p.e.i.LoadQueryJoinAndFetchProcessor - processing queryspace <gen:0>
13:23:07.070 [Test worker] DEBUG o.h.l.p.b.spi.LoadPlanTreePrinter - LoadPlan(entity=org.project.neutrino.nfvo.catalogue.mano.common.ConnectionPoint)
    - Returns
       - EntityReturnImpl(entity=org.project.neutrino.nfvo.catalogue.mano.common.ConnectionPoint, querySpaceUid=<gen:0>, path=org.project.neutrino.nfvo.catalogue.mano.common.ConnectionPoint)
    - QuerySpaces
       - EntityQuerySpaceImpl(uid=<gen:0>, entity=org.project.neutrino.nfvo.catalogue.mano.common.ConnectionPoint)
          - SQL table alias mapping - connection0_
          - alias suffix - 0_
          - suffixed key columns - {id1_4_0_}

13:23:07.070 [Test worker] DEBUG o.h.loader.entity.plan.EntityLoader - Static select for entity org.project.neutrino.nfvo.catalogue.mano.common.ConnectionPoint [NONE]: select connection0_.id as id1_4_0_, connection0_.type as type2_4_0_, connection0_.version as version3_4_0_, connection0_.virtual_link_reference as virtual_1_82_0_, connection0_.clazz_ as clazz_0_ from ( select id, type, version, null as virtual_link_reference, 0 as clazz_ from connection_point union select id, type, version, virtual_link_reference, 1 as clazz_ from vnfdconnection_point ) connection0_ where connection0_.id=?
13:23:07.070 [Test worker] DEBUG o.h.l.p.b.i.spaces.QuerySpacesImpl - Adding QuerySpace : uid = <gen:0> -> org.hibernate.loader.plan.build.internal.spaces.EntityQuerySpaceImpl@30d01101]
13:23:07.070 [Test worker] DEBUG o.h.p.w.spi.MetamodelGraphWalker - Visiting attribute path : type
13:23:07.070 [Test worker] DEBUG o.h.p.w.spi.MetamodelGraphWalker - Visiting attribute path : version
13:23:07.070 [Test worker] DEBUG o.h.p.w.spi.MetamodelGraphWalker - Visiting attribute path : virtual_link_reference
13:23:07.070 [Test worker] DEBUG o.h.l.p.b.i.FetchStyleLoadPlanBuildingAssociationVisitationStrategy - Building LoadPlan...
13:23:07.070 [Test worker] DEBUG o.h.l.p.e.i.LoadQueryJoinAndFetchProcessor - processing queryspace <gen:0>
13:23:07.070 [Test worker] DEBUG o.h.l.p.b.spi.LoadPlanTreePrinter - LoadPlan(entity=org.project.neutrino.nfvo.catalogue.mano.common.ConnectionPoint)
    - Returns
       - EntityReturnImpl(entity=org.project.neutrino.nfvo.catalogue.mano.common.ConnectionPoint, querySpaceUid=<gen:0>, path=org.project.neutrino.nfvo.catalogue.mano.common.ConnectionPoint)
    - QuerySpaces
       - EntityQuerySpaceImpl(uid=<gen:0>, entity=org.project.neutrino.nfvo.catalogue.mano.common.ConnectionPoint)
          - SQL table alias mapping - connection0_
          - alias suffix - 0_
          - suffixed key columns - {id1_4_0_}

13:23:07.070 [Test worker] DEBUG o.h.loader.entity.plan.EntityLoader - Static select for entity org.project.neutrino.nfvo.catalogue.mano.common.ConnectionPoint [READ]: select connection0_.id as id1_4_0_, connection0_.type as type2_4_0_, connection0_.version as version3_4_0_, connection0_.virtual_link_reference as virtual_1_82_0_, connection0_.clazz_ as clazz_0_ from ( select id, type, version, null as virtual_link_reference, 0 as clazz_ from connection_point union select id, type, version, virtual_link_reference, 1 as clazz_ from vnfdconnection_point ) connection0_ where connection0_.id=?
13:23:07.070 [Test worker] DEBUG o.h.l.p.b.i.spaces.QuerySpacesImpl - Adding QuerySpace : uid = <gen:0> -> org.hibernate.loader.plan.build.internal.spaces.EntityQuerySpaceImpl@64fbf067]
13:23:07.071 [Test worker] DEBUG o.h.p.w.spi.MetamodelGraphWalker - Visiting attribute path : type
13:23:07.071 [Test worker] DEBUG o.h.p.w.spi.MetamodelGraphWalker - Visiting attribute path : version
13:23:07.071 [Test worker] DEBUG o.h.p.w.spi.MetamodelGraphWalker - Visiting attribute path : virtual_link_reference
13:23:07.071 [Test worker] DEBUG o.h.l.p.b.i.FetchStyleLoadPlanBuildingAssociationVisitationStrategy - Building LoadPlan...
13:23:07.071 [Test worker] DEBUG o.h.l.p.e.i.LoadQueryJoinAndFetchProcessor - processing queryspace <gen:0>
13:23:07.071 [Test worker] DEBUG o.h.l.p.b.spi.LoadPlanTreePrinter - LoadPlan(entity=org.project.neutrino.nfvo.catalogue.mano.common.ConnectionPoint)
    - Returns
       - EntityReturnImpl(entity=org.project.neutrino.nfvo.catalogue.mano.common.ConnectionPoint, querySpaceUid=<gen:0>, path=org.project.neutrino.nfvo.catalogue.mano.common.ConnectionPoint)
    - QuerySpaces
       - EntityQuerySpaceImpl(uid=<gen:0>, entity=org.project.neutrino.nfvo.catalogue.mano.common.ConnectionPoint)
          - SQL table alias mapping - connection0_
          - alias suffix - 0_
          - suffixed key columns - {id1_4_0_}

13:23:07.071 [Test worker] DEBUG o.h.loader.entity.plan.EntityLoader - Static select for entity org.project.neutrino.nfvo.catalogue.mano.common.ConnectionPoint [UPGRADE]: select connection0_.id as id1_4_0_, connection0_.type as type2_4_0_, connection0_.version as version3_4_0_, connection0_.virtual_link_reference as virtual_1_82_0_, connection0_.clazz_ as clazz_0_ from ( select id, type, version, null as virtual_link_reference, 0 as clazz_ from connection_point union select id, type, version, virtual_link_reference, 1 as clazz_ from vnfdconnection_point ) connection0_ where connection0_.id=? for update
13:23:07.071 [Test worker] DEBUG o.h.l.p.b.i.spaces.QuerySpacesImpl - Adding QuerySpace : uid = <gen:0> -> org.hibernate.loader.plan.build.internal.spaces.EntityQuerySpaceImpl@190728ba]
13:23:07.071 [Test worker] DEBUG o.h.p.w.spi.MetamodelGraphWalker - Visiting attribute path : type
13:23:07.071 [Test worker] DEBUG o.h.p.w.spi.MetamodelGraphWalker - Visiting attribute path : version
13:23:07.071 [Test worker] DEBUG o.h.p.w.spi.MetamodelGraphWalker - Visiting attribute path : virtual_link_reference
13:23:07.071 [Test worker] DEBUG o.h.l.p.b.i.FetchStyleLoadPlanBuildingAssociationVisitationStrategy - Building LoadPlan...
13:23:07.071 [Test worker] DEBUG o.h.l.p.e.i.LoadQueryJoinAndFetchProcessor - processing queryspace <gen:0>
13:23:07.072 [Test worker] DEBUG o.h.l.p.b.spi.LoadPlanTreePrinter - LoadPlan(entity=org.project.neutrino.nfvo.catalogue.mano.common.ConnectionPoint)
    - Returns
       - EntityReturnImpl(entity=org.project.neutrino.nfvo.catalogue.mano.common.ConnectionPoint, querySpaceUid=<gen:0>, path=org.project.neutrino.nfvo.catalogue.mano.common.ConnectionPoint)
    - QuerySpaces
       - EntityQuerySpaceImpl(uid=<gen:0>, entity=org.project.neutrino.nfvo.catalogue.mano.common.ConnectionPoint)
          - SQL table alias mapping - connection0_
          - alias suffix - 0_
          - suffixed key columns - {id1_4_0_}

13:23:07.072 [Test worker] DEBUG o.h.loader.entity.plan.EntityLoader - Static select for entity org.project.neutrino.nfvo.catalogue.mano.common.ConnectionPoint [UPGRADE_NOWAIT]: select connection0_.id as id1_4_0_, connection0_.type as type2_4_0_, connection0_.version as version3_4_0_, connection0_.virtual_link_reference as virtual_1_82_0_, connection0_.clazz_ as clazz_0_ from ( select id, type, version, null as virtual_link_reference, 0 as clazz_ from connection_point union select id, type, version, virtual_link_reference, 1 as clazz_ from vnfdconnection_point ) connection0_ where connection0_.id=? for update
13:23:07.072 [Test worker] DEBUG o.h.l.p.b.i.spaces.QuerySpacesImpl - Adding QuerySpace : uid = <gen:0> -> org.hibernate.loader.plan.build.internal.spaces.EntityQuerySpaceImpl@5dbe43af]
13:23:07.072 [Test worker] DEBUG o.h.p.w.spi.MetamodelGraphWalker - Visiting attribute path : type
13:23:07.072 [Test worker] DEBUG o.h.p.w.spi.MetamodelGraphWalker - Visiting attribute path : version
13:23:07.072 [Test worker] DEBUG o.h.p.w.spi.MetamodelGraphWalker - Visiting attribute path : virtual_link_reference
13:23:07.072 [Test worker] DEBUG o.h.l.p.b.i.FetchStyleLoadPlanBuildingAssociationVisitationStrategy - Building LoadPlan...
13:23:07.072 [Test worker] DEBUG o.h.l.p.e.i.LoadQueryJoinAndFetchProcessor - processing queryspace <gen:0>
13:23:07.072 [Test worker] DEBUG o.h.l.p.b.spi.LoadPlanTreePrinter - LoadPlan(entity=org.project.neutrino.nfvo.catalogue.mano.common.ConnectionPoint)
    - Returns
       - EntityReturnImpl(entity=org.project.neutrino.nfvo.catalogue.mano.common.ConnectionPoint, querySpaceUid=<gen:0>, path=org.project.neutrino.nfvo.catalogue.mano.common.ConnectionPoint)
    - QuerySpaces
       - EntityQuerySpaceImpl(uid=<gen:0>, entity=org.project.neutrino.nfvo.catalogue.mano.common.ConnectionPoint)
          - SQL table alias mapping - connection0_
          - alias suffix - 0_
          - suffixed key columns - {id1_4_0_}

13:23:07.072 [Test worker] DEBUG o.h.loader.entity.plan.EntityLoader - Static select for entity org.project.neutrino.nfvo.catalogue.mano.common.ConnectionPoint [UPGRADE_SKIPLOCKED]: select connection0_.id as id1_4_0_, connection0_.type as type2_4_0_, connection0_.version as version3_4_0_, connection0_.virtual_link_reference as virtual_1_82_0_, connection0_.clazz_ as clazz_0_ from ( select id, type, version, null as virtual_link_reference, 0 as clazz_ from connection_point union select id, type, version, virtual_link_reference, 1 as clazz_ from vnfdconnection_point ) connection0_ where connection0_.id=? for update
13:23:07.072 [Test worker] DEBUG o.h.l.p.b.i.spaces.QuerySpacesImpl - Adding QuerySpace : uid = <gen:0> -> org.hibernate.loader.plan.build.internal.spaces.EntityQuerySpaceImpl@6c120b78]
13:23:07.072 [Test worker] DEBUG o.h.p.w.spi.MetamodelGraphWalker - Visiting attribute path : type
13:23:07.072 [Test worker] DEBUG o.h.p.w.spi.MetamodelGraphWalker - Visiting attribute path : version
13:23:07.072 [Test worker] DEBUG o.h.p.w.spi.MetamodelGraphWalker - Visiting attribute path : virtual_link_reference
13:23:07.073 [Test worker] DEBUG o.h.l.p.b.i.FetchStyleLoadPlanBuildingAssociationVisitationStrategy - Building LoadPlan...
13:23:07.073 [Test worker] DEBUG o.h.l.p.e.i.LoadQueryJoinAndFetchProcessor - processing queryspace <gen:0>
13:23:07.073 [Test worker] DEBUG o.h.l.p.b.spi.LoadPlanTreePrinter - LoadPlan(entity=org.project.neutrino.nfvo.catalogue.mano.common.ConnectionPoint)
    - Returns
       - EntityReturnImpl(entity=org.project.neutrino.nfvo.catalogue.mano.common.ConnectionPoint, querySpaceUid=<gen:0>, path=org.project.neutrino.nfvo.catalogue.mano.common.ConnectionPoint)
    - QuerySpaces
       - EntityQuerySpaceImpl(uid=<gen:0>, entity=org.project.neutrino.nfvo.catalogue.mano.common.ConnectionPoint)
          - SQL table alias mapping - connection0_
          - alias suffix - 0_
          - suffixed key columns - {id1_4_0_}

13:23:07.073 [Test worker] DEBUG o.h.loader.entity.plan.EntityLoader - Static select for entity org.project.neutrino.nfvo.catalogue.mano.common.ConnectionPoint [FORCE]: select connection0_.id as id1_4_0_, connection0_.type as type2_4_0_, connection0_.version as version3_4_0_, connection0_.virtual_link_reference as virtual_1_82_0_, connection0_.clazz_ as clazz_0_ from ( select id, type, version, null as virtual_link_reference, 0 as clazz_ from connection_point union select id, type, version, virtual_link_reference, 1 as clazz_ from vnfdconnection_point ) connection0_ where connection0_.id=? for update
13:23:07.073 [Test worker] DEBUG o.h.l.p.b.i.spaces.QuerySpacesImpl - Adding QuerySpace : uid = <gen:0> -> org.hibernate.loader.plan.build.internal.spaces.EntityQuerySpaceImpl@781d1d55]
13:23:07.073 [Test worker] DEBUG o.h.p.w.spi.MetamodelGraphWalker - Visiting attribute path : type
13:23:07.073 [Test worker] DEBUG o.h.p.w.spi.MetamodelGraphWalker - Visiting attribute path : version
13:23:07.073 [Test worker] DEBUG o.h.p.w.spi.MetamodelGraphWalker - Visiting attribute path : virtual_link_reference
13:23:07.074 [Test worker] DEBUG o.h.l.p.b.i.FetchStyleLoadPlanBuildingAssociationVisitationStrategy - Building LoadPlan...
13:23:07.074 [Test worker] DEBUG o.h.l.p.e.i.LoadQueryJoinAndFetchProcessor - processing queryspace <gen:0>
13:23:07.074 [Test worker] DEBUG o.h.l.p.b.spi.LoadPlanTreePrinter - LoadPlan(entity=org.project.neutrino.nfvo.catalogue.mano.common.ConnectionPoint)
    - Returns
       - EntityReturnImpl(entity=org.project.neutrino.nfvo.catalogue.mano.common.ConnectionPoint, querySpaceUid=<gen:0>, path=org.project.neutrino.nfvo.catalogue.mano.common.ConnectionPoint)
    - QuerySpaces
       - EntityQuerySpaceImpl(uid=<gen:0>, entity=org.project.neutrino.nfvo.catalogue.mano.common.ConnectionPoint)
          - SQL table alias mapping - connection0_
          - alias suffix - 0_
          - suffixed key columns - {id1_4_0_}

13:23:07.074 [Test worker] DEBUG o.h.loader.entity.plan.EntityLoader - Static select for entity org.project.neutrino.nfvo.catalogue.mano.common.ConnectionPoint [PESSIMISTIC_READ]: select connection0_.id as id1_4_0_, connection0_.type as type2_4_0_, connection0_.version as version3_4_0_, connection0_.virtual_link_reference as virtual_1_82_0_, connection0_.clazz_ as clazz_0_ from ( select id, type, version, null as virtual_link_reference, 0 as clazz_ from connection_point union select id, type, version, virtual_link_reference, 1 as clazz_ from vnfdconnection_point ) connection0_ where connection0_.id=? lock in share mode
13:23:07.074 [Test worker] DEBUG o.h.l.p.b.i.spaces.QuerySpacesImpl - Adding QuerySpace : uid = <gen:0> -> org.hibernate.loader.plan.build.internal.spaces.EntityQuerySpaceImpl@10e88aac]
13:23:07.074 [Test worker] DEBUG o.h.p.w.spi.MetamodelGraphWalker - Visiting attribute path : type
13:23:07.074 [Test worker] DEBUG o.h.p.w.spi.MetamodelGraphWalker - Visiting attribute path : version
13:23:07.074 [Test worker] DEBUG o.h.p.w.spi.MetamodelGraphWalker - Visiting attribute path : virtual_link_reference
13:23:07.074 [Test worker] DEBUG o.h.l.p.b.i.FetchStyleLoadPlanBuildingAssociationVisitationStrategy - Building LoadPlan...
13:23:07.074 [Test worker] DEBUG o.h.l.p.e.i.LoadQueryJoinAndFetchProcessor - processing queryspace <gen:0>
13:23:07.075 [Test worker] DEBUG o.h.l.p.b.spi.LoadPlanTreePrinter - LoadPlan(entity=org.project.neutrino.nfvo.catalogue.mano.common.ConnectionPoint)
    - Returns
       - EntityReturnImpl(entity=org.project.neutrino.nfvo.catalogue.mano.common.ConnectionPoint, querySpaceUid=<gen:0>, path=org.project.neutrino.nfvo.catalogue.mano.common.ConnectionPoint)
    - QuerySpaces
       - EntityQuerySpaceImpl(uid=<gen:0>, entity=org.project.neutrino.nfvo.catalogue.mano.common.ConnectionPoint)
          - SQL table alias mapping - connection0_
          - alias suffix - 0_
          - suffixed key columns - {id1_4_0_}

13:23:07.075 [Test worker] DEBUG o.h.loader.entity.plan.EntityLoader - Static select for entity org.project.neutrino.nfvo.catalogue.mano.common.ConnectionPoint [PESSIMISTIC_WRITE]: select connection0_.id as id1_4_0_, connection0_.type as type2_4_0_, connection0_.version as version3_4_0_, connection0_.virtual_link_reference as virtual_1_82_0_, connection0_.clazz_ as clazz_0_ from ( select id, type, version, null as virtual_link_reference, 0 as clazz_ from connection_point union select id, type, version, virtual_link_reference, 1 as clazz_ from vnfdconnection_point ) connection0_ where connection0_.id=? for update
13:23:07.075 [Test worker] DEBUG o.h.l.p.b.i.spaces.QuerySpacesImpl - Adding QuerySpace : uid = <gen:0> -> org.hibernate.loader.plan.build.internal.spaces.EntityQuerySpaceImpl@4856e1d2]
13:23:07.075 [Test worker] DEBUG o.h.p.w.spi.MetamodelGraphWalker - Visiting attribute path : type
13:23:07.075 [Test worker] DEBUG o.h.p.w.spi.MetamodelGraphWalker - Visiting attribute path : version
13:23:07.075 [Test worker] DEBUG o.h.p.w.spi.MetamodelGraphWalker - Visiting attribute path : virtual_link_reference
13:23:07.075 [Test worker] DEBUG o.h.l.p.b.i.FetchStyleLoadPlanBuildingAssociationVisitationStrategy - Building LoadPlan...
13:23:07.075 [Test worker] DEBUG o.h.l.p.e.i.LoadQueryJoinAndFetchProcessor - processing queryspace <gen:0>
13:23:07.075 [Test worker] DEBUG o.h.l.p.b.spi.LoadPlanTreePrinter - LoadPlan(entity=org.project.neutrino.nfvo.catalogue.mano.common.ConnectionPoint)
    - Returns
       - EntityReturnImpl(entity=org.project.neutrino.nfvo.catalogue.mano.common.ConnectionPoint, querySpaceUid=<gen:0>, path=org.project.neutrino.nfvo.catalogue.mano.common.ConnectionPoint)
    - QuerySpaces
       - EntityQuerySpaceImpl(uid=<gen:0>, entity=org.project.neutrino.nfvo.catalogue.mano.common.ConnectionPoint)
          - SQL table alias mapping - connection0_
          - alias suffix - 0_
          - suffixed key columns - {id1_4_0_}

13:23:07.075 [Test worker] DEBUG o.h.loader.entity.plan.EntityLoader - Static select for entity org.project.neutrino.nfvo.catalogue.mano.common.ConnectionPoint [PESSIMISTIC_FORCE_INCREMENT]: select connection0_.id as id1_4_0_, connection0_.type as type2_4_0_, connection0_.version as version3_4_0_, connection0_.virtual_link_reference as virtual_1_82_0_, connection0_.clazz_ as clazz_0_ from ( select id, type, version, null as virtual_link_reference, 0 as clazz_ from connection_point union select id, type, version, virtual_link_reference, 1 as clazz_ from vnfdconnection_point ) connection0_ where connection0_.id=? for update
13:23:07.076 [Test worker] DEBUG o.h.l.p.b.i.spaces.QuerySpacesImpl - Adding QuerySpace : uid = <gen:0> -> org.hibernate.loader.plan.build.internal.spaces.EntityQuerySpaceImpl@3804197d]
13:23:07.076 [Test worker] DEBUG o.h.p.w.spi.MetamodelGraphWalker - Visiting attribute path : type
13:23:07.076 [Test worker] DEBUG o.h.p.w.spi.MetamodelGraphWalker - Visiting attribute path : version
13:23:07.076 [Test worker] DEBUG o.h.p.w.spi.MetamodelGraphWalker - Visiting attribute path : virtual_link_reference
13:23:07.076 [Test worker] DEBUG o.h.l.p.b.i.FetchStyleLoadPlanBuildingAssociationVisitationStrategy - Building LoadPlan...
13:23:07.076 [Test worker] DEBUG o.h.l.p.e.i.LoadQueryJoinAndFetchProcessor - processing queryspace <gen:0>
13:23:07.076 [Test worker] DEBUG o.h.l.p.b.spi.LoadPlanTreePrinter - LoadPlan(entity=org.project.neutrino.nfvo.catalogue.mano.common.ConnectionPoint)
    - Returns
       - EntityReturnImpl(entity=org.project.neutrino.nfvo.catalogue.mano.common.ConnectionPoint, querySpaceUid=<gen:0>, path=org.project.neutrino.nfvo.catalogue.mano.common.ConnectionPoint)
    - QuerySpaces
       - EntityQuerySpaceImpl(uid=<gen:0>, entity=org.project.neutrino.nfvo.catalogue.mano.common.ConnectionPoint)
          - SQL table alias mapping - connection0_
          - alias suffix - 0_
          - suffixed key columns - {id1_4_0_}

13:23:07.076 [Test worker] DEBUG o.h.loader.entity.plan.EntityLoader - Static select for entity org.project.neutrino.nfvo.catalogue.mano.common.ConnectionPoint [OPTIMISTIC]: select connection0_.id as id1_4_0_, connection0_.type as type2_4_0_, connection0_.version as version3_4_0_, connection0_.virtual_link_reference as virtual_1_82_0_, connection0_.clazz_ as clazz_0_ from ( select id, type, version, null as virtual_link_reference, 0 as clazz_ from connection_point union select id, type, version, virtual_link_reference, 1 as clazz_ from vnfdconnection_point ) connection0_ where connection0_.id=?
13:23:07.076 [Test worker] DEBUG o.h.l.p.b.i.spaces.QuerySpacesImpl - Adding QuerySpace : uid = <gen:0> -> org.hibernate.loader.plan.build.internal.spaces.EntityQuerySpaceImpl@4f7e9482]
13:23:07.076 [Test worker] DEBUG o.h.p.w.spi.MetamodelGraphWalker - Visiting attribute path : type
13:23:07.076 [Test worker] DEBUG o.h.p.w.spi.MetamodelGraphWalker - Visiting attribute path : version
13:23:07.076 [Test worker] DEBUG o.h.p.w.spi.MetamodelGraphWalker - Visiting attribute path : virtual_link_reference
13:23:07.076 [Test worker] DEBUG o.h.l.p.b.i.FetchStyleLoadPlanBuildingAssociationVisitationStrategy - Building LoadPlan...
13:23:07.077 [Test worker] DEBUG o.h.l.p.e.i.LoadQueryJoinAndFetchProcessor - processing queryspace <gen:0>
13:23:07.077 [Test worker] DEBUG o.h.l.p.b.spi.LoadPlanTreePrinter - LoadPlan(entity=org.project.neutrino.nfvo.catalogue.mano.common.ConnectionPoint)
    - Returns
       - EntityReturnImpl(entity=org.project.neutrino.nfvo.catalogue.mano.common.ConnectionPoint, querySpaceUid=<gen:0>, path=org.project.neutrino.nfvo.catalogue.mano.common.ConnectionPoint)
    - QuerySpaces
       - EntityQuerySpaceImpl(uid=<gen:0>, entity=org.project.neutrino.nfvo.catalogue.mano.common.ConnectionPoint)
          - SQL table alias mapping - connection0_
          - alias suffix - 0_
          - suffixed key columns - {id1_4_0_}

13:23:07.077 [Test worker] DEBUG o.h.loader.entity.plan.EntityLoader - Static select for entity org.project.neutrino.nfvo.catalogue.mano.common.ConnectionPoint [OPTIMISTIC_FORCE_INCREMENT]: select connection0_.id as id1_4_0_, connection0_.type as type2_4_0_, connection0_.version as version3_4_0_, connection0_.virtual_link_reference as virtual_1_82_0_, connection0_.clazz_ as clazz_0_ from ( select id, type, version, null as virtual_link_reference, 0 as clazz_ from connection_point union select id, type, version, virtual_link_reference, 1 as clazz_ from vnfdconnection_point ) connection0_ where connection0_.id=?
13:23:07.077 [Test worker] DEBUG org.hibernate.loader.Loader - Static select for action ACTION_MERGE on entity org.project.neutrino.nfvo.catalogue.mano.common.ConnectionPoint: select connection0_.id as id1_4_0_, connection0_.type as type2_4_0_, connection0_.version as version3_4_0_, connection0_.virtual_link_reference as virtual_1_82_0_, connection0_.clazz_ as clazz_0_ from ( select id, type, version, null as virtual_link_reference, 0 as clazz_ from connection_point union select id, type, version, virtual_link_reference, 1 as clazz_ from vnfdconnection_point ) connection0_ where connection0_.id=?
13:23:07.077 [Test worker] DEBUG org.hibernate.loader.Loader - Static select for action ACTION_REFRESH on entity org.project.neutrino.nfvo.catalogue.mano.common.ConnectionPoint: select connection0_.id as id1_4_0_, connection0_.type as type2_4_0_, connection0_.version as version3_4_0_, connection0_.virtual_link_reference as virtual_1_82_0_, connection0_.clazz_ as clazz_0_ from ( select id, type, version, null as virtual_link_reference, 0 as clazz_ from connection_point union select id, type, version, virtual_link_reference, 1 as clazz_ from vnfdconnection_point ) connection0_ where connection0_.id=?
13:23:07.077 [Test worker] DEBUG o.h.p.entity.AbstractEntityPersister - Static SQL for entity: org.project.neutrino.nfvo.catalogue.mano.common.AutoScalePolicy
13:23:07.077 [Test worker] DEBUG o.h.p.entity.AbstractEntityPersister -  Version select: select version from auto_scale_policy where id =?
13:23:07.077 [Test worker] DEBUG o.h.p.entity.AbstractEntityPersister -  Snapshot select: select autoscalep_.id, autoscalep_.version as version2_3_ from auto_scale_policy autoscalep_ where autoscalep_.id=?
13:23:07.077 [Test worker] DEBUG o.h.p.entity.AbstractEntityPersister -  Insert 0: insert into auto_scale_policy (version, id) values (?, ?)
13:23:07.078 [Test worker] DEBUG o.h.p.entity.AbstractEntityPersister -  Update 0: update auto_scale_policy set version=? where id=? and version=?
13:23:07.078 [Test worker] DEBUG o.h.p.entity.AbstractEntityPersister -  Delete 0: delete from auto_scale_policy where id=? and version=?
13:23:07.078 [Test worker] DEBUG o.h.l.p.b.i.spaces.QuerySpacesImpl - Adding QuerySpace : uid = <gen:0> -> org.hibernate.loader.plan.build.internal.spaces.EntityQuerySpaceImpl@52f0212d]
13:23:07.078 [Test worker] DEBUG o.h.p.w.spi.MetamodelGraphWalker - Visiting attribute path : version
13:23:07.078 [Test worker] DEBUG o.h.l.p.b.i.FetchStyleLoadPlanBuildingAssociationVisitationStrategy - Building LoadPlan...
13:23:07.078 [Test worker] DEBUG o.h.l.p.e.i.LoadQueryJoinAndFetchProcessor - processing queryspace <gen:0>
13:23:07.078 [Test worker] DEBUG o.h.l.p.b.spi.LoadPlanTreePrinter - LoadPlan(entity=org.project.neutrino.nfvo.catalogue.mano.common.AutoScalePolicy)
    - Returns
       - EntityReturnImpl(entity=org.project.neutrino.nfvo.catalogue.mano.common.AutoScalePolicy, querySpaceUid=<gen:0>, path=org.project.neutrino.nfvo.catalogue.mano.common.AutoScalePolicy)
    - QuerySpaces
       - EntityQuerySpaceImpl(uid=<gen:0>, entity=org.project.neutrino.nfvo.catalogue.mano.common.AutoScalePolicy)
          - SQL table alias mapping - autoscalep0_
          - alias suffix - 0_
          - suffixed key columns - {id1_3_0_}

13:23:07.078 [Test worker] DEBUG o.h.loader.entity.plan.EntityLoader - Static select for entity org.project.neutrino.nfvo.catalogue.mano.common.AutoScalePolicy [NONE]: select autoscalep0_.id as id1_3_0_, autoscalep0_.version as version2_3_0_ from auto_scale_policy autoscalep0_ where autoscalep0_.id=?
13:23:07.078 [Test worker] DEBUG o.h.l.p.b.i.spaces.QuerySpacesImpl - Adding QuerySpace : uid = <gen:0> -> org.hibernate.loader.plan.build.internal.spaces.EntityQuerySpaceImpl@121a412b]
13:23:07.078 [Test worker] DEBUG o.h.p.w.spi.MetamodelGraphWalker - Visiting attribute path : version
13:23:07.079 [Test worker] DEBUG o.h.l.p.b.i.FetchStyleLoadPlanBuildingAssociationVisitationStrategy - Building LoadPlan...
13:23:07.079 [Test worker] DEBUG o.h.l.p.e.i.LoadQueryJoinAndFetchProcessor - processing queryspace <gen:0>
13:23:07.079 [Test worker] DEBUG o.h.l.p.b.spi.LoadPlanTreePrinter - LoadPlan(entity=org.project.neutrino.nfvo.catalogue.mano.common.AutoScalePolicy)
    - Returns
       - EntityReturnImpl(entity=org.project.neutrino.nfvo.catalogue.mano.common.AutoScalePolicy, querySpaceUid=<gen:0>, path=org.project.neutrino.nfvo.catalogue.mano.common.AutoScalePolicy)
    - QuerySpaces
       - EntityQuerySpaceImpl(uid=<gen:0>, entity=org.project.neutrino.nfvo.catalogue.mano.common.AutoScalePolicy)
          - SQL table alias mapping - autoscalep0_
          - alias suffix - 0_
          - suffixed key columns - {id1_3_0_}

13:23:07.079 [Test worker] DEBUG o.h.loader.entity.plan.EntityLoader - Static select for entity org.project.neutrino.nfvo.catalogue.mano.common.AutoScalePolicy [READ]: select autoscalep0_.id as id1_3_0_, autoscalep0_.version as version2_3_0_ from auto_scale_policy autoscalep0_ where autoscalep0_.id=?
13:23:07.079 [Test worker] DEBUG o.h.l.p.b.i.spaces.QuerySpacesImpl - Adding QuerySpace : uid = <gen:0> -> org.hibernate.loader.plan.build.internal.spaces.EntityQuerySpaceImpl@29ceabdb]
13:23:07.079 [Test worker] DEBUG o.h.p.w.spi.MetamodelGraphWalker - Visiting attribute path : version
13:23:07.079 [Test worker] DEBUG o.h.l.p.b.i.FetchStyleLoadPlanBuildingAssociationVisitationStrategy - Building LoadPlan...
13:23:07.079 [Test worker] DEBUG o.h.l.p.e.i.LoadQueryJoinAndFetchProcessor - processing queryspace <gen:0>
13:23:07.080 [Test worker] DEBUG o.h.l.p.b.spi.LoadPlanTreePrinter - LoadPlan(entity=org.project.neutrino.nfvo.catalogue.mano.common.AutoScalePolicy)
    - Returns
       - EntityReturnImpl(entity=org.project.neutrino.nfvo.catalogue.mano.common.AutoScalePolicy, querySpaceUid=<gen:0>, path=org.project.neutrino.nfvo.catalogue.mano.common.AutoScalePolicy)
    - QuerySpaces
       - EntityQuerySpaceImpl(uid=<gen:0>, entity=org.project.neutrino.nfvo.catalogue.mano.common.AutoScalePolicy)
          - SQL table alias mapping - autoscalep0_
          - alias suffix - 0_
          - suffixed key columns - {id1_3_0_}

13:23:07.080 [Test worker] DEBUG o.h.loader.entity.plan.EntityLoader - Static select for entity org.project.neutrino.nfvo.catalogue.mano.common.AutoScalePolicy [UPGRADE]: select autoscalep0_.id as id1_3_0_, autoscalep0_.version as version2_3_0_ from auto_scale_policy autoscalep0_ where autoscalep0_.id=? for update
13:23:07.080 [Test worker] DEBUG o.h.l.p.b.i.spaces.QuerySpacesImpl - Adding QuerySpace : uid = <gen:0> -> org.hibernate.loader.plan.build.internal.spaces.EntityQuerySpaceImpl@d11356e]
13:23:07.080 [Test worker] DEBUG o.h.p.w.spi.MetamodelGraphWalker - Visiting attribute path : version
13:23:07.080 [Test worker] DEBUG o.h.l.p.b.i.FetchStyleLoadPlanBuildingAssociationVisitationStrategy - Building LoadPlan...
13:23:07.080 [Test worker] DEBUG o.h.l.p.e.i.LoadQueryJoinAndFetchProcessor - processing queryspace <gen:0>
13:23:07.080 [Test worker] DEBUG o.h.l.p.b.spi.LoadPlanTreePrinter - LoadPlan(entity=org.project.neutrino.nfvo.catalogue.mano.common.AutoScalePolicy)
    - Returns
       - EntityReturnImpl(entity=org.project.neutrino.nfvo.catalogue.mano.common.AutoScalePolicy, querySpaceUid=<gen:0>, path=org.project.neutrino.nfvo.catalogue.mano.common.AutoScalePolicy)
    - QuerySpaces
       - EntityQuerySpaceImpl(uid=<gen:0>, entity=org.project.neutrino.nfvo.catalogue.mano.common.AutoScalePolicy)
          - SQL table alias mapping - autoscalep0_
          - alias suffix - 0_
          - suffixed key columns - {id1_3_0_}

13:23:07.080 [Test worker] DEBUG o.h.loader.entity.plan.EntityLoader - Static select for entity org.project.neutrino.nfvo.catalogue.mano.common.AutoScalePolicy [UPGRADE_NOWAIT]: select autoscalep0_.id as id1_3_0_, autoscalep0_.version as version2_3_0_ from auto_scale_policy autoscalep0_ where autoscalep0_.id=? for update
13:23:07.080 [Test worker] DEBUG o.h.l.p.b.i.spaces.QuerySpacesImpl - Adding QuerySpace : uid = <gen:0> -> org.hibernate.loader.plan.build.internal.spaces.EntityQuerySpaceImpl@3efa3e05]
13:23:07.080 [Test worker] DEBUG o.h.p.w.spi.MetamodelGraphWalker - Visiting attribute path : version
13:23:07.080 [Test worker] DEBUG o.h.l.p.b.i.FetchStyleLoadPlanBuildingAssociationVisitationStrategy - Building LoadPlan...
13:23:07.081 [Test worker] DEBUG o.h.l.p.e.i.LoadQueryJoinAndFetchProcessor - processing queryspace <gen:0>
13:23:07.081 [Test worker] DEBUG o.h.l.p.b.spi.LoadPlanTreePrinter - LoadPlan(entity=org.project.neutrino.nfvo.catalogue.mano.common.AutoScalePolicy)
    - Returns
       - EntityReturnImpl(entity=org.project.neutrino.nfvo.catalogue.mano.common.AutoScalePolicy, querySpaceUid=<gen:0>, path=org.project.neutrino.nfvo.catalogue.mano.common.AutoScalePolicy)
    - QuerySpaces
       - EntityQuerySpaceImpl(uid=<gen:0>, entity=org.project.neutrino.nfvo.catalogue.mano.common.AutoScalePolicy)
          - SQL table alias mapping - autoscalep0_
          - alias suffix - 0_
          - suffixed key columns - {id1_3_0_}

13:23:07.081 [Test worker] DEBUG o.h.loader.entity.plan.EntityLoader - Static select for entity org.project.neutrino.nfvo.catalogue.mano.common.AutoScalePolicy [UPGRADE_SKIPLOCKED]: select autoscalep0_.id as id1_3_0_, autoscalep0_.version as version2_3_0_ from auto_scale_policy autoscalep0_ where autoscalep0_.id=? for update
13:23:07.081 [Test worker] DEBUG o.h.l.p.b.i.spaces.QuerySpacesImpl - Adding QuerySpace : uid = <gen:0> -> org.hibernate.loader.plan.build.internal.spaces.EntityQuerySpaceImpl@2c1833d5]
13:23:07.081 [Test worker] DEBUG o.h.p.w.spi.MetamodelGraphWalker - Visiting attribute path : version
13:23:07.081 [Test worker] DEBUG o.h.l.p.b.i.FetchStyleLoadPlanBuildingAssociationVisitationStrategy - Building LoadPlan...
13:23:07.081 [Test worker] DEBUG o.h.l.p.e.i.LoadQueryJoinAndFetchProcessor - processing queryspace <gen:0>
13:23:07.081 [Test worker] DEBUG o.h.l.p.b.spi.LoadPlanTreePrinter - LoadPlan(entity=org.project.neutrino.nfvo.catalogue.mano.common.AutoScalePolicy)
    - Returns
       - EntityReturnImpl(entity=org.project.neutrino.nfvo.catalogue.mano.common.AutoScalePolicy, querySpaceUid=<gen:0>, path=org.project.neutrino.nfvo.catalogue.mano.common.AutoScalePolicy)
    - QuerySpaces
       - EntityQuerySpaceImpl(uid=<gen:0>, entity=org.project.neutrino.nfvo.catalogue.mano.common.AutoScalePolicy)
          - SQL table alias mapping - autoscalep0_
          - alias suffix - 0_
          - suffixed key columns - {id1_3_0_}

13:23:07.082 [Test worker] DEBUG o.h.loader.entity.plan.EntityLoader - Static select for entity org.project.neutrino.nfvo.catalogue.mano.common.AutoScalePolicy [FORCE]: select autoscalep0_.id as id1_3_0_, autoscalep0_.version as version2_3_0_ from auto_scale_policy autoscalep0_ where autoscalep0_.id=? for update
13:23:07.082 [Test worker] DEBUG o.h.l.p.b.i.spaces.QuerySpacesImpl - Adding QuerySpace : uid = <gen:0> -> org.hibernate.loader.plan.build.internal.spaces.EntityQuerySpaceImpl@2861e0c4]
13:23:07.082 [Test worker] DEBUG o.h.p.w.spi.MetamodelGraphWalker - Visiting attribute path : version
13:23:07.082 [Test worker] DEBUG o.h.l.p.b.i.FetchStyleLoadPlanBuildingAssociationVisitationStrategy - Building LoadPlan...
13:23:07.082 [Test worker] DEBUG o.h.l.p.e.i.LoadQueryJoinAndFetchProcessor - processing queryspace <gen:0>
13:23:07.082 [Test worker] DEBUG o.h.l.p.b.spi.LoadPlanTreePrinter - LoadPlan(entity=org.project.neutrino.nfvo.catalogue.mano.common.AutoScalePolicy)
    - Returns
       - EntityReturnImpl(entity=org.project.neutrino.nfvo.catalogue.mano.common.AutoScalePolicy, querySpaceUid=<gen:0>, path=org.project.neutrino.nfvo.catalogue.mano.common.AutoScalePolicy)
    - QuerySpaces
       - EntityQuerySpaceImpl(uid=<gen:0>, entity=org.project.neutrino.nfvo.catalogue.mano.common.AutoScalePolicy)
          - SQL table alias mapping - autoscalep0_
          - alias suffix - 0_
          - suffixed key columns - {id1_3_0_}

13:23:07.082 [Test worker] DEBUG o.h.loader.entity.plan.EntityLoader - Static select for entity org.project.neutrino.nfvo.catalogue.mano.common.AutoScalePolicy [PESSIMISTIC_READ]: select autoscalep0_.id as id1_3_0_, autoscalep0_.version as version2_3_0_ from auto_scale_policy autoscalep0_ where autoscalep0_.id=? lock in share mode
13:23:07.082 [Test worker] DEBUG o.h.l.p.b.i.spaces.QuerySpacesImpl - Adding QuerySpace : uid = <gen:0> -> org.hibernate.loader.plan.build.internal.spaces.EntityQuerySpaceImpl@5a38d2d8]
13:23:07.082 [Test worker] DEBUG o.h.p.w.spi.MetamodelGraphWalker - Visiting attribute path : version
13:23:07.082 [Test worker] DEBUG o.h.l.p.b.i.FetchStyleLoadPlanBuildingAssociationVisitationStrategy - Building LoadPlan...
13:23:07.082 [Test worker] DEBUG o.h.l.p.e.i.LoadQueryJoinAndFetchProcessor - processing queryspace <gen:0>
13:23:07.083 [Test worker] DEBUG o.h.l.p.b.spi.LoadPlanTreePrinter - LoadPlan(entity=org.project.neutrino.nfvo.catalogue.mano.common.AutoScalePolicy)
    - Returns
       - EntityReturnImpl(entity=org.project.neutrino.nfvo.catalogue.mano.common.AutoScalePolicy, querySpaceUid=<gen:0>, path=org.project.neutrino.nfvo.catalogue.mano.common.AutoScalePolicy)
    - QuerySpaces
       - EntityQuerySpaceImpl(uid=<gen:0>, entity=org.project.neutrino.nfvo.catalogue.mano.common.AutoScalePolicy)
          - SQL table alias mapping - autoscalep0_
          - alias suffix - 0_
          - suffixed key columns - {id1_3_0_}

13:23:07.083 [Test worker] DEBUG o.h.loader.entity.plan.EntityLoader - Static select for entity org.project.neutrino.nfvo.catalogue.mano.common.AutoScalePolicy [PESSIMISTIC_WRITE]: select autoscalep0_.id as id1_3_0_, autoscalep0_.version as version2_3_0_ from auto_scale_policy autoscalep0_ where autoscalep0_.id=? for update
13:23:07.083 [Test worker] DEBUG o.h.l.p.b.i.spaces.QuerySpacesImpl - Adding QuerySpace : uid = <gen:0> -> org.hibernate.loader.plan.build.internal.spaces.EntityQuerySpaceImpl@1bb1883f]
13:23:07.083 [Test worker] DEBUG o.h.p.w.spi.MetamodelGraphWalker - Visiting attribute path : version
13:23:07.083 [Test worker] DEBUG o.h.l.p.b.i.FetchStyleLoadPlanBuildingAssociationVisitationStrategy - Building LoadPlan...
13:23:07.083 [Test worker] DEBUG o.h.l.p.e.i.LoadQueryJoinAndFetchProcessor - processing queryspace <gen:0>
13:23:07.083 [Test worker] DEBUG o.h.l.p.b.spi.LoadPlanTreePrinter - LoadPlan(entity=org.project.neutrino.nfvo.catalogue.mano.common.AutoScalePolicy)
    - Returns
       - EntityReturnImpl(entity=org.project.neutrino.nfvo.catalogue.mano.common.AutoScalePolicy, querySpaceUid=<gen:0>, path=org.project.neutrino.nfvo.catalogue.mano.common.AutoScalePolicy)
    - QuerySpaces
       - EntityQuerySpaceImpl(uid=<gen:0>, entity=org.project.neutrino.nfvo.catalogue.mano.common.AutoScalePolicy)
          - SQL table alias mapping - autoscalep0_
          - alias suffix - 0_
          - suffixed key columns - {id1_3_0_}

13:23:07.083 [Test worker] DEBUG o.h.loader.entity.plan.EntityLoader - Static select for entity org.project.neutrino.nfvo.catalogue.mano.common.AutoScalePolicy [PESSIMISTIC_FORCE_INCREMENT]: select autoscalep0_.id as id1_3_0_, autoscalep0_.version as version2_3_0_ from auto_scale_policy autoscalep0_ where autoscalep0_.id=? for update
13:23:07.084 [Test worker] DEBUG o.h.l.p.b.i.spaces.QuerySpacesImpl - Adding QuerySpace : uid = <gen:0> -> org.hibernate.loader.plan.build.internal.spaces.EntityQuerySpaceImpl@234e13e7]
13:23:07.084 [Test worker] DEBUG o.h.p.w.spi.MetamodelGraphWalker - Visiting attribute path : version
13:23:07.084 [Test worker] DEBUG o.h.l.p.b.i.FetchStyleLoadPlanBuildingAssociationVisitationStrategy - Building LoadPlan...
13:23:07.084 [Test worker] DEBUG o.h.l.p.e.i.LoadQueryJoinAndFetchProcessor - processing queryspace <gen:0>
13:23:07.084 [Test worker] DEBUG o.h.l.p.b.spi.LoadPlanTreePrinter - LoadPlan(entity=org.project.neutrino.nfvo.catalogue.mano.common.AutoScalePolicy)
    - Returns
       - EntityReturnImpl(entity=org.project.neutrino.nfvo.catalogue.mano.common.AutoScalePolicy, querySpaceUid=<gen:0>, path=org.project.neutrino.nfvo.catalogue.mano.common.AutoScalePolicy)
    - QuerySpaces
       - EntityQuerySpaceImpl(uid=<gen:0>, entity=org.project.neutrino.nfvo.catalogue.mano.common.AutoScalePolicy)
          - SQL table alias mapping - autoscalep0_
          - alias suffix - 0_
          - suffixed key columns - {id1_3_0_}

13:23:07.084 [Test worker] DEBUG o.h.loader.entity.plan.EntityLoader - Static select for entity org.project.neutrino.nfvo.catalogue.mano.common.AutoScalePolicy [OPTIMISTIC]: select autoscalep0_.id as id1_3_0_, autoscalep0_.version as version2_3_0_ from auto_scale_policy autoscalep0_ where autoscalep0_.id=?
13:23:07.084 [Test worker] DEBUG o.h.l.p.b.i.spaces.QuerySpacesImpl - Adding QuerySpace : uid = <gen:0> -> org.hibernate.loader.plan.build.internal.spaces.EntityQuerySpaceImpl@4c1ebbf]
13:23:07.084 [Test worker] DEBUG o.h.p.w.spi.MetamodelGraphWalker - Visiting attribute path : version
13:23:07.084 [Test worker] DEBUG o.h.l.p.b.i.FetchStyleLoadPlanBuildingAssociationVisitationStrategy - Building LoadPlan...
13:23:07.085 [Test worker] DEBUG o.h.l.p.e.i.LoadQueryJoinAndFetchProcessor - processing queryspace <gen:0>
13:23:07.085 [Test worker] DEBUG o.h.l.p.b.spi.LoadPlanTreePrinter - LoadPlan(entity=org.project.neutrino.nfvo.catalogue.mano.common.AutoScalePolicy)
    - Returns
       - EntityReturnImpl(entity=org.project.neutrino.nfvo.catalogue.mano.common.AutoScalePolicy, querySpaceUid=<gen:0>, path=org.project.neutrino.nfvo.catalogue.mano.common.AutoScalePolicy)
    - QuerySpaces
       - EntityQuerySpaceImpl(uid=<gen:0>, entity=org.project.neutrino.nfvo.catalogue.mano.common.AutoScalePolicy)
          - SQL table alias mapping - autoscalep0_
          - alias suffix - 0_
          - suffixed key columns - {id1_3_0_}

13:23:07.085 [Test worker] DEBUG o.h.loader.entity.plan.EntityLoader - Static select for entity org.project.neutrino.nfvo.catalogue.mano.common.AutoScalePolicy [OPTIMISTIC_FORCE_INCREMENT]: select autoscalep0_.id as id1_3_0_, autoscalep0_.version as version2_3_0_ from auto_scale_policy autoscalep0_ where autoscalep0_.id=?
13:23:07.085 [Test worker] DEBUG org.hibernate.loader.Loader - Static select for action ACTION_MERGE on entity org.project.neutrino.nfvo.catalogue.mano.common.AutoScalePolicy: select autoscalep0_.id as id1_3_0_, autoscalep0_.version as version2_3_0_ from auto_scale_policy autoscalep0_ where autoscalep0_.id=?
13:23:07.085 [Test worker] DEBUG org.hibernate.loader.Loader - Static select for action ACTION_REFRESH on entity org.project.neutrino.nfvo.catalogue.mano.common.AutoScalePolicy: select autoscalep0_.id as id1_3_0_, autoscalep0_.version as version2_3_0_ from auto_scale_policy autoscalep0_ where autoscalep0_.id=?
13:23:07.085 [Test worker] DEBUG o.h.p.entity.AbstractEntityPersister - Static SQL for entity: org.project.neutrino.nfvo.catalogue.mano.descriptor.VirtualDeploymentUnit
13:23:07.085 [Test worker] DEBUG o.h.p.entity.AbstractEntityPersister -  Version select: select version from virtual_deployment_unit where id =?
13:23:07.085 [Test worker] DEBUG o.h.p.entity.AbstractEntityPersister -  Snapshot select: select virtualdep_.id, virtualdep_.computation_requirement as computat2_47_, virtualdep_.high_availability as high_ava3_47_, virtualdep_.scale_in_out as scale_in4_47_, virtualdep_.vdu_constraint as vdu_cons5_47_, virtualdep_.version as version6_47_, virtualdep_.virtual_memory_resource_element as virtual_7_47_, virtualdep_.virtual_network_bandwidth_resource as virtual_8_47_ from virtual_deployment_unit virtualdep_ where virtualdep_.id=?
13:23:07.085 [Test worker] DEBUG o.h.p.entity.AbstractEntityPersister -  Insert 0: insert into virtual_deployment_unit (computation_requirement, high_availability, scale_in_out, vdu_constraint, version, virtual_memory_resource_element, virtual_network_bandwidth_resource, id) values (?, ?, ?, ?, ?, ?, ?, ?)
13:23:07.086 [Test worker] DEBUG o.h.p.entity.AbstractEntityPersister -  Update 0: update virtual_deployment_unit set computation_requirement=?, high_availability=?, scale_in_out=?, vdu_constraint=?, version=?, virtual_memory_resource_element=?, virtual_network_bandwidth_resource=? where id=? and version=?
13:23:07.086 [Test worker] DEBUG o.h.p.entity.AbstractEntityPersister -  Delete 0: delete from virtual_deployment_unit where id=? and version=?
13:23:07.086 [Test worker] DEBUG o.h.l.p.b.i.spaces.QuerySpacesImpl - Adding QuerySpace : uid = <gen:0> -> org.hibernate.loader.plan.build.internal.spaces.EntityQuerySpaceImpl@6c4268ad]
13:23:07.086 [Test worker] DEBUG o.h.p.w.spi.MetamodelGraphWalker - Visiting attribute path : computation_requirement
13:23:07.086 [Test worker] DEBUG o.h.p.w.spi.MetamodelGraphWalker - Visiting attribute path : high_availability
13:23:07.086 [Test worker] DEBUG o.h.p.w.spi.MetamodelGraphWalker - Visiting attribute path : lifecycle_event
13:23:07.086 [Test worker] DEBUG o.h.p.w.spi.MetamodelGraphWalker - Visiting attribute path : monitoring_parameter
13:23:07.086 [Test worker] DEBUG o.h.l.p.b.i.spaces.QuerySpacesImpl - Adding QuerySpace : uid = <gen:1> -> org.hibernate.loader.plan.build.internal.spaces.CollectionQuerySpaceImpl@55173ad3]
13:23:07.086 [Test worker] DEBUG o.h.p.w.spi.MetamodelGraphWalker - Visiting attribute path : scale_in_out
13:23:07.086 [Test worker] DEBUG o.h.p.w.spi.MetamodelGraphWalker - Visiting attribute path : vdu_constraint
13:23:07.086 [Test worker] DEBUG o.h.p.w.spi.MetamodelGraphWalker - Visiting attribute path : version
13:23:07.086 [Test worker] DEBUG o.h.p.w.spi.MetamodelGraphWalker - Visiting attribute path : virtual_memory_resource_element
13:23:07.086 [Test worker] DEBUG o.h.p.w.spi.MetamodelGraphWalker - Visiting attribute path : virtual_network_bandwidth_resource
13:23:07.086 [Test worker] DEBUG o.h.p.w.spi.MetamodelGraphWalker - Visiting attribute path : vm_image
13:23:07.086 [Test worker] DEBUG o.h.l.p.b.i.spaces.QuerySpacesImpl - Adding QuerySpace : uid = <gen:2> -> org.hibernate.loader.plan.build.internal.spaces.CollectionQuerySpaceImpl@45c58002]
13:23:07.086 [Test worker] DEBUG o.h.p.w.spi.MetamodelGraphWalker - Visiting attribute path : vnfc
13:23:07.086 [Test worker] DEBUG o.h.l.p.b.i.FetchStyleLoadPlanBuildingAssociationVisitationStrategy - Building LoadPlan...
13:23:07.087 [Test worker] DEBUG o.h.l.p.e.i.LoadQueryJoinAndFetchProcessor - processing queryspace <gen:0>
13:23:07.087 [Test worker] DEBUG o.h.l.p.b.spi.LoadPlanTreePrinter - LoadPlan(entity=org.project.neutrino.nfvo.catalogue.mano.descriptor.VirtualDeploymentUnit)
    - Returns
       - EntityReturnImpl(entity=org.project.neutrino.nfvo.catalogue.mano.descriptor.VirtualDeploymentUnit, querySpaceUid=<gen:0>, path=org.project.neutrino.nfvo.catalogue.mano.descriptor.VirtualDeploymentUnit)
          - CollectionAttributeFetchImpl(collection=org.project.neutrino.nfvo.catalogue.mano.descriptor.VirtualDeploymentUnit.monitoring_parameter, querySpaceUid=<gen:1>, path=org.project.neutrino.nfvo.catalogue.mano.descriptor.VirtualDeploymentUnit.monitoring_parameter)
          - CollectionAttributeFetchImpl(collection=org.project.neutrino.nfvo.catalogue.mano.descriptor.VirtualDeploymentUnit.vm_image, querySpaceUid=<gen:2>, path=org.project.neutrino.nfvo.catalogue.mano.descriptor.VirtualDeploymentUnit.vm_image)
    - QuerySpaces
       - EntityQuerySpaceImpl(uid=<gen:0>, entity=org.project.neutrino.nfvo.catalogue.mano.descriptor.VirtualDeploymentUnit)
          - SQL table alias mapping - virtualdep0_
          - alias suffix - 0_
          - suffixed key columns - {id1_47_0_}
          - JOIN (JoinDefinedByMetadata(monitoring_parameter)) : <gen:0> -> <gen:1>
             - CollectionQuerySpaceImpl(uid=<gen:1>, collection=org.project.neutrino.nfvo.catalogue.mano.descriptor.VirtualDeploymentUnit.monitoring_parameter)
                - SQL table alias mapping - monitoring1_
                - alias suffix - 1_
                - suffixed key columns - {virtual_1_47_1_}
          - JOIN (JoinDefinedByMetadata(vm_image)) : <gen:0> -> <gen:2>
             - CollectionQuerySpaceImpl(uid=<gen:2>, collection=org.project.neutrino.nfvo.catalogue.mano.descriptor.VirtualDeploymentUnit.vm_image)
                - SQL table alias mapping - vm_image2_
                - alias suffix - 2_
                - suffixed key columns - {virtual_1_47_2_}

13:23:07.087 [Test worker] DEBUG o.h.loader.entity.plan.EntityLoader - Static select for entity org.project.neutrino.nfvo.catalogue.mano.descriptor.VirtualDeploymentUnit [NONE]: select virtualdep0_.id as id1_47_0_, virtualdep0_.computation_requirement as computat2_47_0_, virtualdep0_.high_availability as high_ava3_47_0_, virtualdep0_.scale_in_out as scale_in4_47_0_, virtualdep0_.vdu_constraint as vdu_cons5_47_0_, virtualdep0_.version as version6_47_0_, virtualdep0_.virtual_memory_resource_element as virtual_7_47_0_, virtualdep0_.virtual_network_bandwidth_resource as virtual_8_47_0_, monitoring1_.virtual_deployment_unit_id as virtual_1_47_1_, monitoring1_.monitoring_parameter as monitori2_49_1_, vm_image2_.virtual_deployment_unit_id as virtual_1_47_2_, vm_image2_.vm_image as vm_image2_50_2_ from virtual_deployment_unit virtualdep0_ left outer join virtual_deployment_unit_monitoring_parameter monitoring1_ on virtualdep0_.id=monitoring1_.virtual_deployment_unit_id left outer join virtual_deployment_unit_vm_image vm_image2_ on virtualdep0_.id=vm_image2_.virtual_deployment_unit_id where virtualdep0_.id=?
13:23:07.087 [Test worker] DEBUG o.h.l.p.b.i.spaces.QuerySpacesImpl - Adding QuerySpace : uid = <gen:0> -> org.hibernate.loader.plan.build.internal.spaces.EntityQuerySpaceImpl@18c76c35]
13:23:07.087 [Test worker] DEBUG o.h.p.w.spi.MetamodelGraphWalker - Visiting attribute path : computation_requirement
13:23:07.087 [Test worker] DEBUG o.h.p.w.spi.MetamodelGraphWalker - Visiting attribute path : high_availability
13:23:07.087 [Test worker] DEBUG o.h.p.w.spi.MetamodelGraphWalker - Visiting attribute path : lifecycle_event
13:23:07.087 [Test worker] DEBUG o.h.p.w.spi.MetamodelGraphWalker - Visiting attribute path : monitoring_parameter
13:23:07.087 [Test worker] DEBUG o.h.l.p.b.i.spaces.QuerySpacesImpl - Adding QuerySpace : uid = <gen:1> -> org.hibernate.loader.plan.build.internal.spaces.CollectionQuerySpaceImpl@49d1463d]
13:23:07.087 [Test worker] DEBUG o.h.p.w.spi.MetamodelGraphWalker - Visiting attribute path : scale_in_out
13:23:07.088 [Test worker] DEBUG o.h.p.w.spi.MetamodelGraphWalker - Visiting attribute path : vdu_constraint
13:23:07.088 [Test worker] DEBUG o.h.p.w.spi.MetamodelGraphWalker - Visiting attribute path : version
13:23:07.088 [Test worker] DEBUG o.h.p.w.spi.MetamodelGraphWalker - Visiting attribute path : virtual_memory_resource_element
13:23:07.088 [Test worker] DEBUG o.h.p.w.spi.MetamodelGraphWalker - Visiting attribute path : virtual_network_bandwidth_resource
13:23:07.088 [Test worker] DEBUG o.h.p.w.spi.MetamodelGraphWalker - Visiting attribute path : vm_image
13:23:07.088 [Test worker] DEBUG o.h.l.p.b.i.spaces.QuerySpacesImpl - Adding QuerySpace : uid = <gen:2> -> org.hibernate.loader.plan.build.internal.spaces.CollectionQuerySpaceImpl@78a0a613]
13:23:07.088 [Test worker] DEBUG o.h.p.w.spi.MetamodelGraphWalker - Visiting attribute path : vnfc
13:23:07.088 [Test worker] DEBUG o.h.l.p.b.i.FetchStyleLoadPlanBuildingAssociationVisitationStrategy - Building LoadPlan...
13:23:07.088 [Test worker] DEBUG o.h.l.p.e.i.LoadQueryJoinAndFetchProcessor - processing queryspace <gen:0>
13:23:07.088 [Test worker] DEBUG o.h.l.p.b.spi.LoadPlanTreePrinter - LoadPlan(entity=org.project.neutrino.nfvo.catalogue.mano.descriptor.VirtualDeploymentUnit)
    - Returns
       - EntityReturnImpl(entity=org.project.neutrino.nfvo.catalogue.mano.descriptor.VirtualDeploymentUnit, querySpaceUid=<gen:0>, path=org.project.neutrino.nfvo.catalogue.mano.descriptor.VirtualDeploymentUnit)
          - CollectionAttributeFetchImpl(collection=org.project.neutrino.nfvo.catalogue.mano.descriptor.VirtualDeploymentUnit.monitoring_parameter, querySpaceUid=<gen:1>, path=org.project.neutrino.nfvo.catalogue.mano.descriptor.VirtualDeploymentUnit.monitoring_parameter)
          - CollectionAttributeFetchImpl(collection=org.project.neutrino.nfvo.catalogue.mano.descriptor.VirtualDeploymentUnit.vm_image, querySpaceUid=<gen:2>, path=org.project.neutrino.nfvo.catalogue.mano.descriptor.VirtualDeploymentUnit.vm_image)
    - QuerySpaces
       - EntityQuerySpaceImpl(uid=<gen:0>, entity=org.project.neutrino.nfvo.catalogue.mano.descriptor.VirtualDeploymentUnit)
          - SQL table alias mapping - virtualdep0_
          - alias suffix - 0_
          - suffixed key columns - {id1_47_0_}
          - JOIN (JoinDefinedByMetadata(monitoring_parameter)) : <gen:0> -> <gen:1>
             - CollectionQuerySpaceImpl(uid=<gen:1>, collection=org.project.neutrino.nfvo.catalogue.mano.descriptor.VirtualDeploymentUnit.monitoring_parameter)
                - SQL table alias mapping - monitoring1_
                - alias suffix - 1_
                - suffixed key columns - {virtual_1_47_1_}
          - JOIN (JoinDefinedByMetadata(vm_image)) : <gen:0> -> <gen:2>
             - CollectionQuerySpaceImpl(uid=<gen:2>, collection=org.project.neutrino.nfvo.catalogue.mano.descriptor.VirtualDeploymentUnit.vm_image)
                - SQL table alias mapping - vm_image2_
                - alias suffix - 2_
                - suffixed key columns - {virtual_1_47_2_}

13:23:07.088 [Test worker] DEBUG o.h.loader.entity.plan.EntityLoader - Static select for entity org.project.neutrino.nfvo.catalogue.mano.descriptor.VirtualDeploymentUnit [READ]: select virtualdep0_.id as id1_47_0_, virtualdep0_.computation_requirement as computat2_47_0_, virtualdep0_.high_availability as high_ava3_47_0_, virtualdep0_.scale_in_out as scale_in4_47_0_, virtualdep0_.vdu_constraint as vdu_cons5_47_0_, virtualdep0_.version as version6_47_0_, virtualdep0_.virtual_memory_resource_element as virtual_7_47_0_, virtualdep0_.virtual_network_bandwidth_resource as virtual_8_47_0_, monitoring1_.virtual_deployment_unit_id as virtual_1_47_1_, monitoring1_.monitoring_parameter as monitori2_49_1_, vm_image2_.virtual_deployment_unit_id as virtual_1_47_2_, vm_image2_.vm_image as vm_image2_50_2_ from virtual_deployment_unit virtualdep0_ left outer join virtual_deployment_unit_monitoring_parameter monitoring1_ on virtualdep0_.id=monitoring1_.virtual_deployment_unit_id left outer join virtual_deployment_unit_vm_image vm_image2_ on virtualdep0_.id=vm_image2_.virtual_deployment_unit_id where virtualdep0_.id=?
13:23:07.089 [Test worker] DEBUG o.h.l.p.b.i.spaces.QuerySpacesImpl - Adding QuerySpace : uid = <gen:0> -> org.hibernate.loader.plan.build.internal.spaces.EntityQuerySpaceImpl@89c9ec7]
13:23:07.089 [Test worker] DEBUG o.h.p.w.spi.MetamodelGraphWalker - Visiting attribute path : computation_requirement
13:23:07.089 [Test worker] DEBUG o.h.p.w.spi.MetamodelGraphWalker - Visiting attribute path : high_availability
13:23:07.089 [Test worker] DEBUG o.h.p.w.spi.MetamodelGraphWalker - Visiting attribute path : lifecycle_event
13:23:07.089 [Test worker] DEBUG o.h.p.w.spi.MetamodelGraphWalker - Visiting attribute path : monitoring_parameter
13:23:07.089 [Test worker] DEBUG o.h.l.p.b.i.spaces.QuerySpacesImpl - Adding QuerySpace : uid = <gen:1> -> org.hibernate.loader.plan.build.internal.spaces.CollectionQuerySpaceImpl@42e68d00]
13:23:07.089 [Test worker] DEBUG o.h.p.w.spi.MetamodelGraphWalker - Visiting attribute path : scale_in_out
13:23:07.089 [Test worker] DEBUG o.h.p.w.spi.MetamodelGraphWalker - Visiting attribute path : vdu_constraint
13:23:07.089 [Test worker] DEBUG o.h.p.w.spi.MetamodelGraphWalker - Visiting attribute path : version
13:23:07.089 [Test worker] DEBUG o.h.p.w.spi.MetamodelGraphWalker - Visiting attribute path : virtual_memory_resource_element
13:23:07.089 [Test worker] DEBUG o.h.p.w.spi.MetamodelGraphWalker - Visiting attribute path : virtual_network_bandwidth_resource
13:23:07.089 [Test worker] DEBUG o.h.p.w.spi.MetamodelGraphWalker - Visiting attribute path : vm_image
13:23:07.089 [Test worker] DEBUG o.h.l.p.b.i.spaces.QuerySpacesImpl - Adding QuerySpace : uid = <gen:2> -> org.hibernate.loader.plan.build.internal.spaces.CollectionQuerySpaceImpl@2e331d50]
13:23:07.089 [Test worker] DEBUG o.h.p.w.spi.MetamodelGraphWalker - Visiting attribute path : vnfc
13:23:07.089 [Test worker] DEBUG o.h.l.p.b.i.FetchStyleLoadPlanBuildingAssociationVisitationStrategy - Building LoadPlan...
13:23:07.089 [Test worker] DEBUG o.h.l.p.e.i.LoadQueryJoinAndFetchProcessor - processing queryspace <gen:0>
13:23:07.090 [Test worker] DEBUG o.h.l.p.b.spi.LoadPlanTreePrinter - LoadPlan(entity=org.project.neutrino.nfvo.catalogue.mano.descriptor.VirtualDeploymentUnit)
    - Returns
       - EntityReturnImpl(entity=org.project.neutrino.nfvo.catalogue.mano.descriptor.VirtualDeploymentUnit, querySpaceUid=<gen:0>, path=org.project.neutrino.nfvo.catalogue.mano.descriptor.VirtualDeploymentUnit)
          - CollectionAttributeFetchImpl(collection=org.project.neutrino.nfvo.catalogue.mano.descriptor.VirtualDeploymentUnit.monitoring_parameter, querySpaceUid=<gen:1>, path=org.project.neutrino.nfvo.catalogue.mano.descriptor.VirtualDeploymentUnit.monitoring_parameter)
          - CollectionAttributeFetchImpl(collection=org.project.neutrino.nfvo.catalogue.mano.descriptor.VirtualDeploymentUnit.vm_image, querySpaceUid=<gen:2>, path=org.project.neutrino.nfvo.catalogue.mano.descriptor.VirtualDeploymentUnit.vm_image)
    - QuerySpaces
       - EntityQuerySpaceImpl(uid=<gen:0>, entity=org.project.neutrino.nfvo.catalogue.mano.descriptor.VirtualDeploymentUnit)
          - SQL table alias mapping - virtualdep0_
          - alias suffix - 0_
          - suffixed key columns - {id1_47_0_}

13:23:07.090 [Test worker] DEBUG o.h.loader.entity.plan.EntityLoader - Static select for entity org.project.neutrino.nfvo.catalogue.mano.descriptor.VirtualDeploymentUnit [UPGRADE]: select virtualdep0_.id as id1_47_0_, virtualdep0_.computation_requirement as computat2_47_0_, virtualdep0_.high_availability as high_ava3_47_0_, virtualdep0_.scale_in_out as scale_in4_47_0_, virtualdep0_.vdu_constraint as vdu_cons5_47_0_, virtualdep0_.version as version6_47_0_, virtualdep0_.virtual_memory_resource_element as virtual_7_47_0_, virtualdep0_.virtual_network_bandwidth_resource as virtual_8_47_0_ from virtual_deployment_unit virtualdep0_ where virtualdep0_.id=? for update
13:23:07.090 [Test worker] DEBUG o.h.l.p.b.i.spaces.QuerySpacesImpl - Adding QuerySpace : uid = <gen:0> -> org.hibernate.loader.plan.build.internal.spaces.EntityQuerySpaceImpl@1dc986e2]
13:23:07.090 [Test worker] DEBUG o.h.p.w.spi.MetamodelGraphWalker - Visiting attribute path : computation_requirement
13:23:07.090 [Test worker] DEBUG o.h.p.w.spi.MetamodelGraphWalker - Visiting attribute path : high_availability
13:23:07.090 [Test worker] DEBUG o.h.p.w.spi.MetamodelGraphWalker - Visiting attribute path : lifecycle_event
13:23:07.090 [Test worker] DEBUG o.h.p.w.spi.MetamodelGraphWalker - Visiting attribute path : monitoring_parameter
13:23:07.090 [Test worker] DEBUG o.h.l.p.b.i.spaces.QuerySpacesImpl - Adding QuerySpace : uid = <gen:1> -> org.hibernate.loader.plan.build.internal.spaces.CollectionQuerySpaceImpl@181e3a43]
13:23:07.090 [Test worker] DEBUG o.h.p.w.spi.MetamodelGraphWalker - Visiting attribute path : scale_in_out
13:23:07.090 [Test worker] DEBUG o.h.p.w.spi.MetamodelGraphWalker - Visiting attribute path : vdu_constraint
13:23:07.090 [Test worker] DEBUG o.h.p.w.spi.MetamodelGraphWalker - Visiting attribute path : version
13:23:07.090 [Test worker] DEBUG o.h.p.w.spi.MetamodelGraphWalker - Visiting attribute path : virtual_memory_resource_element
13:23:07.090 [Test worker] DEBUG o.h.p.w.spi.MetamodelGraphWalker - Visiting attribute path : virtual_network_bandwidth_resource
13:23:07.090 [Test worker] DEBUG o.h.p.w.spi.MetamodelGraphWalker - Visiting attribute path : vm_image
13:23:07.090 [Test worker] DEBUG o.h.l.p.b.i.spaces.QuerySpacesImpl - Adding QuerySpace : uid = <gen:2> -> org.hibernate.loader.plan.build.internal.spaces.CollectionQuerySpaceImpl@68831113]
13:23:07.090 [Test worker] DEBUG o.h.p.w.spi.MetamodelGraphWalker - Visiting attribute path : vnfc
13:23:07.090 [Test worker] DEBUG o.h.l.p.b.i.FetchStyleLoadPlanBuildingAssociationVisitationStrategy - Building LoadPlan...
13:23:07.090 [Test worker] DEBUG o.h.l.p.e.i.LoadQueryJoinAndFetchProcessor - processing queryspace <gen:0>
13:23:07.091 [Test worker] DEBUG o.h.l.p.b.spi.LoadPlanTreePrinter - LoadPlan(entity=org.project.neutrino.nfvo.catalogue.mano.descriptor.VirtualDeploymentUnit)
    - Returns
       - EntityReturnImpl(entity=org.project.neutrino.nfvo.catalogue.mano.descriptor.VirtualDeploymentUnit, querySpaceUid=<gen:0>, path=org.project.neutrino.nfvo.catalogue.mano.descriptor.VirtualDeploymentUnit)
          - CollectionAttributeFetchImpl(collection=org.project.neutrino.nfvo.catalogue.mano.descriptor.VirtualDeploymentUnit.monitoring_parameter, querySpaceUid=<gen:1>, path=org.project.neutrino.nfvo.catalogue.mano.descriptor.VirtualDeploymentUnit.monitoring_parameter)
          - CollectionAttributeFetchImpl(collection=org.project.neutrino.nfvo.catalogue.mano.descriptor.VirtualDeploymentUnit.vm_image, querySpaceUid=<gen:2>, path=org.project.neutrino.nfvo.catalogue.mano.descriptor.VirtualDeploymentUnit.vm_image)
    - QuerySpaces
       - EntityQuerySpaceImpl(uid=<gen:0>, entity=org.project.neutrino.nfvo.catalogue.mano.descriptor.VirtualDeploymentUnit)
          - SQL table alias mapping - virtualdep0_
          - alias suffix - 0_
          - suffixed key columns - {id1_47_0_}

13:23:07.091 [Test worker] DEBUG o.h.loader.entity.plan.EntityLoader - Static select for entity org.project.neutrino.nfvo.catalogue.mano.descriptor.VirtualDeploymentUnit [UPGRADE_NOWAIT]: select virtualdep0_.id as id1_47_0_, virtualdep0_.computation_requirement as computat2_47_0_, virtualdep0_.high_availability as high_ava3_47_0_, virtualdep0_.scale_in_out as scale_in4_47_0_, virtualdep0_.vdu_constraint as vdu_cons5_47_0_, virtualdep0_.version as version6_47_0_, virtualdep0_.virtual_memory_resource_element as virtual_7_47_0_, virtualdep0_.virtual_network_bandwidth_resource as virtual_8_47_0_ from virtual_deployment_unit virtualdep0_ where virtualdep0_.id=? for update
13:23:07.091 [Test worker] DEBUG o.h.l.p.b.i.spaces.QuerySpacesImpl - Adding QuerySpace : uid = <gen:0> -> org.hibernate.loader.plan.build.internal.spaces.EntityQuerySpaceImpl@74d62bff]
13:23:07.091 [Test worker] DEBUG o.h.p.w.spi.MetamodelGraphWalker - Visiting attribute path : computation_requirement
13:23:07.091 [Test worker] DEBUG o.h.p.w.spi.MetamodelGraphWalker - Visiting attribute path : high_availability
13:23:07.091 [Test worker] DEBUG o.h.p.w.spi.MetamodelGraphWalker - Visiting attribute path : lifecycle_event
13:23:07.091 [Test worker] DEBUG o.h.p.w.spi.MetamodelGraphWalker - Visiting attribute path : monitoring_parameter
13:23:07.091 [Test worker] DEBUG o.h.l.p.b.i.spaces.QuerySpacesImpl - Adding QuerySpace : uid = <gen:1> -> org.hibernate.loader.plan.build.internal.spaces.CollectionQuerySpaceImpl@4a1f826d]
13:23:07.091 [Test worker] DEBUG o.h.p.w.spi.MetamodelGraphWalker - Visiting attribute path : scale_in_out
13:23:07.091 [Test worker] DEBUG o.h.p.w.spi.MetamodelGraphWalker - Visiting attribute path : vdu_constraint
13:23:07.091 [Test worker] DEBUG o.h.p.w.spi.MetamodelGraphWalker - Visiting attribute path : version
13:23:07.091 [Test worker] DEBUG o.h.p.w.spi.MetamodelGraphWalker - Visiting attribute path : virtual_memory_resource_element
13:23:07.091 [Test worker] DEBUG o.h.p.w.spi.MetamodelGraphWalker - Visiting attribute path : virtual_network_bandwidth_resource
13:23:07.091 [Test worker] DEBUG o.h.p.w.spi.MetamodelGraphWalker - Visiting attribute path : vm_image
13:23:07.091 [Test worker] DEBUG o.h.l.p.b.i.spaces.QuerySpacesImpl - Adding QuerySpace : uid = <gen:2> -> org.hibernate.loader.plan.build.internal.spaces.CollectionQuerySpaceImpl@5aabe81f]
13:23:07.091 [Test worker] DEBUG o.h.p.w.spi.MetamodelGraphWalker - Visiting attribute path : vnfc
13:23:07.091 [Test worker] DEBUG o.h.l.p.b.i.FetchStyleLoadPlanBuildingAssociationVisitationStrategy - Building LoadPlan...
13:23:07.091 [Test worker] DEBUG o.h.l.p.e.i.LoadQueryJoinAndFetchProcessor - processing queryspace <gen:0>
13:23:07.092 [Test worker] DEBUG o.h.l.p.b.spi.LoadPlanTreePrinter - LoadPlan(entity=org.project.neutrino.nfvo.catalogue.mano.descriptor.VirtualDeploymentUnit)
    - Returns
       - EntityReturnImpl(entity=org.project.neutrino.nfvo.catalogue.mano.descriptor.VirtualDeploymentUnit, querySpaceUid=<gen:0>, path=org.project.neutrino.nfvo.catalogue.mano.descriptor.VirtualDeploymentUnit)
          - CollectionAttributeFetchImpl(collection=org.project.neutrino.nfvo.catalogue.mano.descriptor.VirtualDeploymentUnit.monitoring_parameter, querySpaceUid=<gen:1>, path=org.project.neutrino.nfvo.catalogue.mano.descriptor.VirtualDeploymentUnit.monitoring_parameter)
          - CollectionAttributeFetchImpl(collection=org.project.neutrino.nfvo.catalogue.mano.descriptor.VirtualDeploymentUnit.vm_image, querySpaceUid=<gen:2>, path=org.project.neutrino.nfvo.catalogue.mano.descriptor.VirtualDeploymentUnit.vm_image)
    - QuerySpaces
       - EntityQuerySpaceImpl(uid=<gen:0>, entity=org.project.neutrino.nfvo.catalogue.mano.descriptor.VirtualDeploymentUnit)
          - SQL table alias mapping - virtualdep0_
          - alias suffix - 0_
          - suffixed key columns - {id1_47_0_}

13:23:07.092 [Test worker] DEBUG o.h.loader.entity.plan.EntityLoader - Static select for entity org.project.neutrino.nfvo.catalogue.mano.descriptor.VirtualDeploymentUnit [UPGRADE_SKIPLOCKED]: select virtualdep0_.id as id1_47_0_, virtualdep0_.computation_requirement as computat2_47_0_, virtualdep0_.high_availability as high_ava3_47_0_, virtualdep0_.scale_in_out as scale_in4_47_0_, virtualdep0_.vdu_constraint as vdu_cons5_47_0_, virtualdep0_.version as version6_47_0_, virtualdep0_.virtual_memory_resource_element as virtual_7_47_0_, virtualdep0_.virtual_network_bandwidth_resource as virtual_8_47_0_ from virtual_deployment_unit virtualdep0_ where virtualdep0_.id=? for update
13:23:07.092 [Test worker] DEBUG o.h.l.p.b.i.spaces.QuerySpacesImpl - Adding QuerySpace : uid = <gen:0> -> org.hibernate.loader.plan.build.internal.spaces.EntityQuerySpaceImpl@4c1479ba]
13:23:07.092 [Test worker] DEBUG o.h.p.w.spi.MetamodelGraphWalker - Visiting attribute path : computation_requirement
13:23:07.092 [Test worker] DEBUG o.h.p.w.spi.MetamodelGraphWalker - Visiting attribute path : high_availability
13:23:07.092 [Test worker] DEBUG o.h.p.w.spi.MetamodelGraphWalker - Visiting attribute path : lifecycle_event
13:23:07.092 [Test worker] DEBUG o.h.p.w.spi.MetamodelGraphWalker - Visiting attribute path : monitoring_parameter
13:23:07.092 [Test worker] DEBUG o.h.l.p.b.i.spaces.QuerySpacesImpl - Adding QuerySpace : uid = <gen:1> -> org.hibernate.loader.plan.build.internal.spaces.CollectionQuerySpaceImpl@2e58a095]
13:23:07.092 [Test worker] DEBUG o.h.p.w.spi.MetamodelGraphWalker - Visiting attribute path : scale_in_out
13:23:07.092 [Test worker] DEBUG o.h.p.w.spi.MetamodelGraphWalker - Visiting attribute path : vdu_constraint
13:23:07.092 [Test worker] DEBUG o.h.p.w.spi.MetamodelGraphWalker - Visiting attribute path : version
13:23:07.092 [Test worker] DEBUG o.h.p.w.spi.MetamodelGraphWalker - Visiting attribute path : virtual_memory_resource_element
13:23:07.092 [Test worker] DEBUG o.h.p.w.spi.MetamodelGraphWalker - Visiting attribute path : virtual_network_bandwidth_resource
13:23:07.092 [Test worker] DEBUG o.h.p.w.spi.MetamodelGraphWalker - Visiting attribute path : vm_image
13:23:07.092 [Test worker] DEBUG o.h.l.p.b.i.spaces.QuerySpacesImpl - Adding QuerySpace : uid = <gen:2> -> org.hibernate.loader.plan.build.internal.spaces.CollectionQuerySpaceImpl@3c96adf8]
13:23:07.092 [Test worker] DEBUG o.h.p.w.spi.MetamodelGraphWalker - Visiting attribute path : vnfc
13:23:07.092 [Test worker] DEBUG o.h.l.p.b.i.FetchStyleLoadPlanBuildingAssociationVisitationStrategy - Building LoadPlan...
13:23:07.092 [Test worker] DEBUG o.h.l.p.e.i.LoadQueryJoinAndFetchProcessor - processing queryspace <gen:0>
13:23:07.093 [Test worker] DEBUG o.h.l.p.b.spi.LoadPlanTreePrinter - LoadPlan(entity=org.project.neutrino.nfvo.catalogue.mano.descriptor.VirtualDeploymentUnit)
    - Returns
       - EntityReturnImpl(entity=org.project.neutrino.nfvo.catalogue.mano.descriptor.VirtualDeploymentUnit, querySpaceUid=<gen:0>, path=org.project.neutrino.nfvo.catalogue.mano.descriptor.VirtualDeploymentUnit)
          - CollectionAttributeFetchImpl(collection=org.project.neutrino.nfvo.catalogue.mano.descriptor.VirtualDeploymentUnit.monitoring_parameter, querySpaceUid=<gen:1>, path=org.project.neutrino.nfvo.catalogue.mano.descriptor.VirtualDeploymentUnit.monitoring_parameter)
          - CollectionAttributeFetchImpl(collection=org.project.neutrino.nfvo.catalogue.mano.descriptor.VirtualDeploymentUnit.vm_image, querySpaceUid=<gen:2>, path=org.project.neutrino.nfvo.catalogue.mano.descriptor.VirtualDeploymentUnit.vm_image)
    - QuerySpaces
       - EntityQuerySpaceImpl(uid=<gen:0>, entity=org.project.neutrino.nfvo.catalogue.mano.descriptor.VirtualDeploymentUnit)
          - SQL table alias mapping - virtualdep0_
          - alias suffix - 0_
          - suffixed key columns - {id1_47_0_}

13:23:07.093 [Test worker] DEBUG o.h.loader.entity.plan.EntityLoader - Static select for entity org.project.neutrino.nfvo.catalogue.mano.descriptor.VirtualDeploymentUnit [FORCE]: select virtualdep0_.id as id1_47_0_, virtualdep0_.computation_requirement as computat2_47_0_, virtualdep0_.high_availability as high_ava3_47_0_, virtualdep0_.scale_in_out as scale_in4_47_0_, virtualdep0_.vdu_constraint as vdu_cons5_47_0_, virtualdep0_.version as version6_47_0_, virtualdep0_.virtual_memory_resource_element as virtual_7_47_0_, virtualdep0_.virtual_network_bandwidth_resource as virtual_8_47_0_ from virtual_deployment_unit virtualdep0_ where virtualdep0_.id=? for update
13:23:07.093 [Test worker] DEBUG o.h.l.p.b.i.spaces.QuerySpacesImpl - Adding QuerySpace : uid = <gen:0> -> org.hibernate.loader.plan.build.internal.spaces.EntityQuerySpaceImpl@487793db]
13:23:07.093 [Test worker] DEBUG o.h.p.w.spi.MetamodelGraphWalker - Visiting attribute path : computation_requirement
13:23:07.093 [Test worker] DEBUG o.h.p.w.spi.MetamodelGraphWalker - Visiting attribute path : high_availability
13:23:07.093 [Test worker] DEBUG o.h.p.w.spi.MetamodelGraphWalker - Visiting attribute path : lifecycle_event
13:23:07.093 [Test worker] DEBUG o.h.p.w.spi.MetamodelGraphWalker - Visiting attribute path : monitoring_parameter
13:23:07.093 [Test worker] DEBUG o.h.l.p.b.i.spaces.QuerySpacesImpl - Adding QuerySpace : uid = <gen:1> -> org.hibernate.loader.plan.build.internal.spaces.CollectionQuerySpaceImpl@22ac0af0]
13:23:07.093 [Test worker] DEBUG o.h.p.w.spi.MetamodelGraphWalker - Visiting attribute path : scale_in_out
13:23:07.093 [Test worker] DEBUG o.h.p.w.spi.MetamodelGraphWalker - Visiting attribute path : vdu_constraint
13:23:07.093 [Test worker] DEBUG o.h.p.w.spi.MetamodelGraphWalker - Visiting attribute path : version
13:23:07.093 [Test worker] DEBUG o.h.p.w.spi.MetamodelGraphWalker - Visiting attribute path : virtual_memory_resource_element
13:23:07.093 [Test worker] DEBUG o.h.p.w.spi.MetamodelGraphWalker - Visiting attribute path : virtual_network_bandwidth_resource
13:23:07.093 [Test worker] DEBUG o.h.p.w.spi.MetamodelGraphWalker - Visiting attribute path : vm_image
13:23:07.093 [Test worker] DEBUG o.h.l.p.b.i.spaces.QuerySpacesImpl - Adding QuerySpace : uid = <gen:2> -> org.hibernate.loader.plan.build.internal.spaces.CollectionQuerySpaceImpl@4d022458]
13:23:07.093 [Test worker] DEBUG o.h.p.w.spi.MetamodelGraphWalker - Visiting attribute path : vnfc
13:23:07.093 [Test worker] DEBUG o.h.l.p.b.i.FetchStyleLoadPlanBuildingAssociationVisitationStrategy - Building LoadPlan...
13:23:07.094 [Test worker] DEBUG o.h.l.p.e.i.LoadQueryJoinAndFetchProcessor - processing queryspace <gen:0>
13:23:07.094 [Test worker] DEBUG o.h.l.p.b.spi.LoadPlanTreePrinter - LoadPlan(entity=org.project.neutrino.nfvo.catalogue.mano.descriptor.VirtualDeploymentUnit)
    - Returns
       - EntityReturnImpl(entity=org.project.neutrino.nfvo.catalogue.mano.descriptor.VirtualDeploymentUnit, querySpaceUid=<gen:0>, path=org.project.neutrino.nfvo.catalogue.mano.descriptor.VirtualDeploymentUnit)
          - CollectionAttributeFetchImpl(collection=org.project.neutrino.nfvo.catalogue.mano.descriptor.VirtualDeploymentUnit.monitoring_parameter, querySpaceUid=<gen:1>, path=org.project.neutrino.nfvo.catalogue.mano.descriptor.VirtualDeploymentUnit.monitoring_parameter)
          - CollectionAttributeFetchImpl(collection=org.project.neutrino.nfvo.catalogue.mano.descriptor.VirtualDeploymentUnit.vm_image, querySpaceUid=<gen:2>, path=org.project.neutrino.nfvo.catalogue.mano.descriptor.VirtualDeploymentUnit.vm_image)
    - QuerySpaces
       - EntityQuerySpaceImpl(uid=<gen:0>, entity=org.project.neutrino.nfvo.catalogue.mano.descriptor.VirtualDeploymentUnit)
          - SQL table alias mapping - virtualdep0_
          - alias suffix - 0_
          - suffixed key columns - {id1_47_0_}

13:23:07.094 [Test worker] DEBUG o.h.loader.entity.plan.EntityLoader - Static select for entity org.project.neutrino.nfvo.catalogue.mano.descriptor.VirtualDeploymentUnit [PESSIMISTIC_READ]: select virtualdep0_.id as id1_47_0_, virtualdep0_.computation_requirement as computat2_47_0_, virtualdep0_.high_availability as high_ava3_47_0_, virtualdep0_.scale_in_out as scale_in4_47_0_, virtualdep0_.vdu_constraint as vdu_cons5_47_0_, virtualdep0_.version as version6_47_0_, virtualdep0_.virtual_memory_resource_element as virtual_7_47_0_, virtualdep0_.virtual_network_bandwidth_resource as virtual_8_47_0_ from virtual_deployment_unit virtualdep0_ where virtualdep0_.id=? lock in share mode
13:23:07.094 [Test worker] DEBUG o.h.l.p.b.i.spaces.QuerySpacesImpl - Adding QuerySpace : uid = <gen:0> -> org.hibernate.loader.plan.build.internal.spaces.EntityQuerySpaceImpl@47a034e7]
13:23:07.094 [Test worker] DEBUG o.h.p.w.spi.MetamodelGraphWalker - Visiting attribute path : computation_requirement
13:23:07.094 [Test worker] DEBUG o.h.p.w.spi.MetamodelGraphWalker - Visiting attribute path : high_availability
13:23:07.094 [Test worker] DEBUG o.h.p.w.spi.MetamodelGraphWalker - Visiting attribute path : lifecycle_event
13:23:07.094 [Test worker] DEBUG o.h.p.w.spi.MetamodelGraphWalker - Visiting attribute path : monitoring_parameter
13:23:07.094 [Test worker] DEBUG o.h.l.p.b.i.spaces.QuerySpacesImpl - Adding QuerySpace : uid = <gen:1> -> org.hibernate.loader.plan.build.internal.spaces.CollectionQuerySpaceImpl@6c540ae7]
13:23:07.094 [Test worker] DEBUG o.h.p.w.spi.MetamodelGraphWalker - Visiting attribute path : scale_in_out
13:23:07.094 [Test worker] DEBUG o.h.p.w.spi.MetamodelGraphWalker - Visiting attribute path : vdu_constraint
13:23:07.094 [Test worker] DEBUG o.h.p.w.spi.MetamodelGraphWalker - Visiting attribute path : version
13:23:07.094 [Test worker] DEBUG o.h.p.w.spi.MetamodelGraphWalker - Visiting attribute path : virtual_memory_resource_element
13:23:07.094 [Test worker] DEBUG o.h.p.w.spi.MetamodelGraphWalker - Visiting attribute path : virtual_network_bandwidth_resource
13:23:07.094 [Test worker] DEBUG o.h.p.w.spi.MetamodelGraphWalker - Visiting attribute path : vm_image
13:23:07.094 [Test worker] DEBUG o.h.l.p.b.i.spaces.QuerySpacesImpl - Adding QuerySpace : uid = <gen:2> -> org.hibernate.loader.plan.build.internal.spaces.CollectionQuerySpaceImpl@197fb41]
13:23:07.094 [Test worker] DEBUG o.h.p.w.spi.MetamodelGraphWalker - Visiting attribute path : vnfc
13:23:07.094 [Test worker] DEBUG o.h.l.p.b.i.FetchStyleLoadPlanBuildingAssociationVisitationStrategy - Building LoadPlan...
13:23:07.095 [Test worker] DEBUG o.h.l.p.e.i.LoadQueryJoinAndFetchProcessor - processing queryspace <gen:0>
13:23:07.095 [Test worker] DEBUG o.h.l.p.b.spi.LoadPlanTreePrinter - LoadPlan(entity=org.project.neutrino.nfvo.catalogue.mano.descriptor.VirtualDeploymentUnit)
    - Returns
       - EntityReturnImpl(entity=org.project.neutrino.nfvo.catalogue.mano.descriptor.VirtualDeploymentUnit, querySpaceUid=<gen:0>, path=org.project.neutrino.nfvo.catalogue.mano.descriptor.VirtualDeploymentUnit)
          - CollectionAttributeFetchImpl(collection=org.project.neutrino.nfvo.catalogue.mano.descriptor.VirtualDeploymentUnit.monitoring_parameter, querySpaceUid=<gen:1>, path=org.project.neutrino.nfvo.catalogue.mano.descriptor.VirtualDeploymentUnit.monitoring_parameter)
          - CollectionAttributeFetchImpl(collection=org.project.neutrino.nfvo.catalogue.mano.descriptor.VirtualDeploymentUnit.vm_image, querySpaceUid=<gen:2>, path=org.project.neutrino.nfvo.catalogue.mano.descriptor.VirtualDeploymentUnit.vm_image)
    - QuerySpaces
       - EntityQuerySpaceImpl(uid=<gen:0>, entity=org.project.neutrino.nfvo.catalogue.mano.descriptor.VirtualDeploymentUnit)
          - SQL table alias mapping - virtualdep0_
          - alias suffix - 0_
          - suffixed key columns - {id1_47_0_}

13:23:07.095 [Test worker] DEBUG o.h.loader.entity.plan.EntityLoader - Static select for entity org.project.neutrino.nfvo.catalogue.mano.descriptor.VirtualDeploymentUnit [PESSIMISTIC_WRITE]: select virtualdep0_.id as id1_47_0_, virtualdep0_.computation_requirement as computat2_47_0_, virtualdep0_.high_availability as high_ava3_47_0_, virtualdep0_.scale_in_out as scale_in4_47_0_, virtualdep0_.vdu_constraint as vdu_cons5_47_0_, virtualdep0_.version as version6_47_0_, virtualdep0_.virtual_memory_resource_element as virtual_7_47_0_, virtualdep0_.virtual_network_bandwidth_resource as virtual_8_47_0_ from virtual_deployment_unit virtualdep0_ where virtualdep0_.id=? for update
13:23:07.095 [Test worker] DEBUG o.h.l.p.b.i.spaces.QuerySpacesImpl - Adding QuerySpace : uid = <gen:0> -> org.hibernate.loader.plan.build.internal.spaces.EntityQuerySpaceImpl@20f06938]
13:23:07.095 [Test worker] DEBUG o.h.p.w.spi.MetamodelGraphWalker - Visiting attribute path : computation_requirement
13:23:07.095 [Test worker] DEBUG o.h.p.w.spi.MetamodelGraphWalker - Visiting attribute path : high_availability
13:23:07.095 [Test worker] DEBUG o.h.p.w.spi.MetamodelGraphWalker - Visiting attribute path : lifecycle_event
13:23:07.095 [Test worker] DEBUG o.h.p.w.spi.MetamodelGraphWalker - Visiting attribute path : monitoring_parameter
13:23:07.095 [Test worker] DEBUG o.h.l.p.b.i.spaces.QuerySpacesImpl - Adding QuerySpace : uid = <gen:1> -> org.hibernate.loader.plan.build.internal.spaces.CollectionQuerySpaceImpl@734eebf9]
13:23:07.095 [Test worker] DEBUG o.h.p.w.spi.MetamodelGraphWalker - Visiting attribute path : scale_in_out
13:23:07.095 [Test worker] DEBUG o.h.p.w.spi.MetamodelGraphWalker - Visiting attribute path : vdu_constraint
13:23:07.095 [Test worker] DEBUG o.h.p.w.spi.MetamodelGraphWalker - Visiting attribute path : version
13:23:07.095 [Test worker] DEBUG o.h.p.w.spi.MetamodelGraphWalker - Visiting attribute path : virtual_memory_resource_element
13:23:07.095 [Test worker] DEBUG o.h.p.w.spi.MetamodelGraphWalker - Visiting attribute path : virtual_network_bandwidth_resource
13:23:07.095 [Test worker] DEBUG o.h.p.w.spi.MetamodelGraphWalker - Visiting attribute path : vm_image
13:23:07.095 [Test worker] DEBUG o.h.l.p.b.i.spaces.QuerySpacesImpl - Adding QuerySpace : uid = <gen:2> -> org.hibernate.loader.plan.build.internal.spaces.CollectionQuerySpaceImpl@42666393]
13:23:07.095 [Test worker] DEBUG o.h.p.w.spi.MetamodelGraphWalker - Visiting attribute path : vnfc
13:23:07.096 [Test worker] DEBUG o.h.l.p.b.i.FetchStyleLoadPlanBuildingAssociationVisitationStrategy - Building LoadPlan...
13:23:07.096 [Test worker] DEBUG o.h.l.p.e.i.LoadQueryJoinAndFetchProcessor - processing queryspace <gen:0>
13:23:07.096 [Test worker] DEBUG o.h.l.p.b.spi.LoadPlanTreePrinter - LoadPlan(entity=org.project.neutrino.nfvo.catalogue.mano.descriptor.VirtualDeploymentUnit)
    - Returns
       - EntityReturnImpl(entity=org.project.neutrino.nfvo.catalogue.mano.descriptor.VirtualDeploymentUnit, querySpaceUid=<gen:0>, path=org.project.neutrino.nfvo.catalogue.mano.descriptor.VirtualDeploymentUnit)
          - CollectionAttributeFetchImpl(collection=org.project.neutrino.nfvo.catalogue.mano.descriptor.VirtualDeploymentUnit.monitoring_parameter, querySpaceUid=<gen:1>, path=org.project.neutrino.nfvo.catalogue.mano.descriptor.VirtualDeploymentUnit.monitoring_parameter)
          - CollectionAttributeFetchImpl(collection=org.project.neutrino.nfvo.catalogue.mano.descriptor.VirtualDeploymentUnit.vm_image, querySpaceUid=<gen:2>, path=org.project.neutrino.nfvo.catalogue.mano.descriptor.VirtualDeploymentUnit.vm_image)
    - QuerySpaces
       - EntityQuerySpaceImpl(uid=<gen:0>, entity=org.project.neutrino.nfvo.catalogue.mano.descriptor.VirtualDeploymentUnit)
          - SQL table alias mapping - virtualdep0_
          - alias suffix - 0_
          - suffixed key columns - {id1_47_0_}

13:23:07.096 [Test worker] DEBUG o.h.loader.entity.plan.EntityLoader - Static select for entity org.project.neutrino.nfvo.catalogue.mano.descriptor.VirtualDeploymentUnit [PESSIMISTIC_FORCE_INCREMENT]: select virtualdep0_.id as id1_47_0_, virtualdep0_.computation_requirement as computat2_47_0_, virtualdep0_.high_availability as high_ava3_47_0_, virtualdep0_.scale_in_out as scale_in4_47_0_, virtualdep0_.vdu_constraint as vdu_cons5_47_0_, virtualdep0_.version as version6_47_0_, virtualdep0_.virtual_memory_resource_element as virtual_7_47_0_, virtualdep0_.virtual_network_bandwidth_resource as virtual_8_47_0_ from virtual_deployment_unit virtualdep0_ where virtualdep0_.id=? for update
13:23:07.096 [Test worker] DEBUG o.h.l.p.b.i.spaces.QuerySpacesImpl - Adding QuerySpace : uid = <gen:0> -> org.hibernate.loader.plan.build.internal.spaces.EntityQuerySpaceImpl@501369f3]
13:23:07.096 [Test worker] DEBUG o.h.p.w.spi.MetamodelGraphWalker - Visiting attribute path : computation_requirement
13:23:07.096 [Test worker] DEBUG o.h.p.w.spi.MetamodelGraphWalker - Visiting attribute path : high_availability
13:23:07.096 [Test worker] DEBUG o.h.p.w.spi.MetamodelGraphWalker - Visiting attribute path : lifecycle_event
13:23:07.097 [Test worker] DEBUG o.h.p.w.spi.MetamodelGraphWalker - Visiting attribute path : monitoring_parameter
13:23:07.097 [Test worker] DEBUG o.h.l.p.b.i.spaces.QuerySpacesImpl - Adding QuerySpace : uid = <gen:1> -> org.hibernate.loader.plan.build.internal.spaces.CollectionQuerySpaceImpl@13f23e56]
13:23:07.097 [Test worker] DEBUG o.h.p.w.spi.MetamodelGraphWalker - Visiting attribute path : scale_in_out
13:23:07.097 [Test worker] DEBUG o.h.p.w.spi.MetamodelGraphWalker - Visiting attribute path : vdu_constraint
13:23:07.097 [Test worker] DEBUG o.h.p.w.spi.MetamodelGraphWalker - Visiting attribute path : version
13:23:07.097 [Test worker] DEBUG o.h.p.w.spi.MetamodelGraphWalker - Visiting attribute path : virtual_memory_resource_element
13:23:07.097 [Test worker] DEBUG o.h.p.w.spi.MetamodelGraphWalker - Visiting attribute path : virtual_network_bandwidth_resource
13:23:07.097 [Test worker] DEBUG o.h.p.w.spi.MetamodelGraphWalker - Visiting attribute path : vm_image
13:23:07.097 [Test worker] DEBUG o.h.l.p.b.i.spaces.QuerySpacesImpl - Adding QuerySpace : uid = <gen:2> -> org.hibernate.loader.plan.build.internal.spaces.CollectionQuerySpaceImpl@4da8a55]
13:23:07.097 [Test worker] DEBUG o.h.p.w.spi.MetamodelGraphWalker - Visiting attribute path : vnfc
13:23:07.097 [Test worker] DEBUG o.h.l.p.b.i.FetchStyleLoadPlanBuildingAssociationVisitationStrategy - Building LoadPlan...
13:23:07.097 [Test worker] DEBUG o.h.l.p.e.i.LoadQueryJoinAndFetchProcessor - processing queryspace <gen:0>
13:23:07.097 [Test worker] DEBUG o.h.l.p.b.spi.LoadPlanTreePrinter - LoadPlan(entity=org.project.neutrino.nfvo.catalogue.mano.descriptor.VirtualDeploymentUnit)
    - Returns
       - EntityReturnImpl(entity=org.project.neutrino.nfvo.catalogue.mano.descriptor.VirtualDeploymentUnit, querySpaceUid=<gen:0>, path=org.project.neutrino.nfvo.catalogue.mano.descriptor.VirtualDeploymentUnit)
          - CollectionAttributeFetchImpl(collection=org.project.neutrino.nfvo.catalogue.mano.descriptor.VirtualDeploymentUnit.monitoring_parameter, querySpaceUid=<gen:1>, path=org.project.neutrino.nfvo.catalogue.mano.descriptor.VirtualDeploymentUnit.monitoring_parameter)
          - CollectionAttributeFetchImpl(collection=org.project.neutrino.nfvo.catalogue.mano.descriptor.VirtualDeploymentUnit.vm_image, querySpaceUid=<gen:2>, path=org.project.neutrino.nfvo.catalogue.mano.descriptor.VirtualDeploymentUnit.vm_image)
    - QuerySpaces
       - EntityQuerySpaceImpl(uid=<gen:0>, entity=org.project.neutrino.nfvo.catalogue.mano.descriptor.VirtualDeploymentUnit)
          - SQL table alias mapping - virtualdep0_
          - alias suffix - 0_
          - suffixed key columns - {id1_47_0_}

13:23:07.097 [Test worker] DEBUG o.h.loader.entity.plan.EntityLoader - Static select for entity org.project.neutrino.nfvo.catalogue.mano.descriptor.VirtualDeploymentUnit [OPTIMISTIC]: select virtualdep0_.id as id1_47_0_, virtualdep0_.computation_requirement as computat2_47_0_, virtualdep0_.high_availability as high_ava3_47_0_, virtualdep0_.scale_in_out as scale_in4_47_0_, virtualdep0_.vdu_constraint as vdu_cons5_47_0_, virtualdep0_.version as version6_47_0_, virtualdep0_.virtual_memory_resource_element as virtual_7_47_0_, virtualdep0_.virtual_network_bandwidth_resource as virtual_8_47_0_ from virtual_deployment_unit virtualdep0_ where virtualdep0_.id=?
13:23:07.097 [Test worker] DEBUG o.h.l.p.b.i.spaces.QuerySpacesImpl - Adding QuerySpace : uid = <gen:0> -> org.hibernate.loader.plan.build.internal.spaces.EntityQuerySpaceImpl@27afd4f0]
13:23:07.097 [Test worker] DEBUG o.h.p.w.spi.MetamodelGraphWalker - Visiting attribute path : computation_requirement
13:23:07.097 [Test worker] DEBUG o.h.p.w.spi.MetamodelGraphWalker - Visiting attribute path : high_availability
13:23:07.098 [Test worker] DEBUG o.h.p.w.spi.MetamodelGraphWalker - Visiting attribute path : lifecycle_event
13:23:07.098 [Test worker] DEBUG o.h.p.w.spi.MetamodelGraphWalker - Visiting attribute path : monitoring_parameter
13:23:07.098 [Test worker] DEBUG o.h.l.p.b.i.spaces.QuerySpacesImpl - Adding QuerySpace : uid = <gen:1> -> org.hibernate.loader.plan.build.internal.spaces.CollectionQuerySpaceImpl@389e3ccc]
13:23:07.098 [Test worker] DEBUG o.h.p.w.spi.MetamodelGraphWalker - Visiting attribute path : scale_in_out
13:23:07.098 [Test worker] DEBUG o.h.p.w.spi.MetamodelGraphWalker - Visiting attribute path : vdu_constraint
13:23:07.098 [Test worker] DEBUG o.h.p.w.spi.MetamodelGraphWalker - Visiting attribute path : version
13:23:07.098 [Test worker] DEBUG o.h.p.w.spi.MetamodelGraphWalker - Visiting attribute path : virtual_memory_resource_element
13:23:07.098 [Test worker] DEBUG o.h.p.w.spi.MetamodelGraphWalker - Visiting attribute path : virtual_network_bandwidth_resource
13:23:07.098 [Test worker] DEBUG o.h.p.w.spi.MetamodelGraphWalker - Visiting attribute path : vm_image
13:23:07.098 [Test worker] DEBUG o.h.l.p.b.i.spaces.QuerySpacesImpl - Adding QuerySpace : uid = <gen:2> -> org.hibernate.loader.plan.build.internal.spaces.CollectionQuerySpaceImpl@1ca9921e]
13:23:07.098 [Test worker] DEBUG o.h.p.w.spi.MetamodelGraphWalker - Visiting attribute path : vnfc
13:23:07.098 [Test worker] DEBUG o.h.l.p.b.i.FetchStyleLoadPlanBuildingAssociationVisitationStrategy - Building LoadPlan...
13:23:07.098 [Test worker] DEBUG o.h.l.p.e.i.LoadQueryJoinAndFetchProcessor - processing queryspace <gen:0>
13:23:07.098 [Test worker] DEBUG o.h.l.p.b.spi.LoadPlanTreePrinter - LoadPlan(entity=org.project.neutrino.nfvo.catalogue.mano.descriptor.VirtualDeploymentUnit)
    - Returns
       - EntityReturnImpl(entity=org.project.neutrino.nfvo.catalogue.mano.descriptor.VirtualDeploymentUnit, querySpaceUid=<gen:0>, path=org.project.neutrino.nfvo.catalogue.mano.descriptor.VirtualDeploymentUnit)
          - CollectionAttributeFetchImpl(collection=org.project.neutrino.nfvo.catalogue.mano.descriptor.VirtualDeploymentUnit.monitoring_parameter, querySpaceUid=<gen:1>, path=org.project.neutrino.nfvo.catalogue.mano.descriptor.VirtualDeploymentUnit.monitoring_parameter)
          - CollectionAttributeFetchImpl(collection=org.project.neutrino.nfvo.catalogue.mano.descriptor.VirtualDeploymentUnit.vm_image, querySpaceUid=<gen:2>, path=org.project.neutrino.nfvo.catalogue.mano.descriptor.VirtualDeploymentUnit.vm_image)
    - QuerySpaces
       - EntityQuerySpaceImpl(uid=<gen:0>, entity=org.project.neutrino.nfvo.catalogue.mano.descriptor.VirtualDeploymentUnit)
          - SQL table alias mapping - virtualdep0_
          - alias suffix - 0_
          - suffixed key columns - {id1_47_0_}

13:23:07.098 [Test worker] DEBUG o.h.loader.entity.plan.EntityLoader - Static select for entity org.project.neutrino.nfvo.catalogue.mano.descriptor.VirtualDeploymentUnit [OPTIMISTIC_FORCE_INCREMENT]: select virtualdep0_.id as id1_47_0_, virtualdep0_.computation_requirement as computat2_47_0_, virtualdep0_.high_availability as high_ava3_47_0_, virtualdep0_.scale_in_out as scale_in4_47_0_, virtualdep0_.vdu_constraint as vdu_cons5_47_0_, virtualdep0_.version as version6_47_0_, virtualdep0_.virtual_memory_resource_element as virtual_7_47_0_, virtualdep0_.virtual_network_bandwidth_resource as virtual_8_47_0_ from virtual_deployment_unit virtualdep0_ where virtualdep0_.id=?
13:23:07.099 [Test worker] DEBUG org.hibernate.loader.Loader - Static select for action ACTION_MERGE on entity org.project.neutrino.nfvo.catalogue.mano.descriptor.VirtualDeploymentUnit: select virtualdep0_.id as id1_47_1_, virtualdep0_.computation_requirement as computat2_47_1_, virtualdep0_.high_availability as high_ava3_47_1_, virtualdep0_.scale_in_out as scale_in4_47_1_, virtualdep0_.vdu_constraint as vdu_cons5_47_1_, virtualdep0_.version as version6_47_1_, virtualdep0_.virtual_memory_resource_element as virtual_7_47_1_, virtualdep0_.virtual_network_bandwidth_resource as virtual_8_47_1_, lifecycle_1_.virtual_deployment_unit_id as virtual_1_47_3_, lifecyclee2_.id as lifecycl2_48_3_, lifecyclee2_.id as id1_10_0_, lifecyclee2_.version as version2_10_0_ from virtual_deployment_unit virtualdep0_ left outer join virtual_deployment_unit_lifecycle_event lifecycle_1_ on virtualdep0_.id=lifecycle_1_.virtual_deployment_unit_id left outer join lifecycle_event lifecyclee2_ on lifecycle_1_.lifecycle_event_id=lifecyclee2_.id where virtualdep0_.id=?
13:23:07.099 [Test worker] DEBUG org.hibernate.loader.Loader - Static select for action ACTION_REFRESH on entity org.project.neutrino.nfvo.catalogue.mano.descriptor.VirtualDeploymentUnit: select virtualdep0_.id as id1_47_1_, virtualdep0_.computation_requirement as computat2_47_1_, virtualdep0_.high_availability as high_ava3_47_1_, virtualdep0_.scale_in_out as scale_in4_47_1_, virtualdep0_.vdu_constraint as vdu_cons5_47_1_, virtualdep0_.version as version6_47_1_, virtualdep0_.virtual_memory_resource_element as virtual_7_47_1_, virtualdep0_.virtual_network_bandwidth_resource as virtual_8_47_1_, vnfc1_.virtual_deployment_unit_id as virtual_1_47_3_, vnfcompone2_.id as vnfc_id2_51_3_, vnfcompone2_.id as id1_80_0_, vnfcompone2_.version as version2_80_0_ from virtual_deployment_unit virtualdep0_ left outer join virtual_deployment_unit_vnfc vnfc1_ on virtualdep0_.id=vnfc1_.virtual_deployment_unit_id left outer join vnfcomponent vnfcompone2_ on vnfc1_.vnfc_id=vnfcompone2_.id where virtualdep0_.id=?
13:23:07.099 [Test worker] DEBUG o.h.p.entity.AbstractEntityPersister - Static SQL for entity: org.project.neutrino.nfvo.catalogue.mano.common.CostituentVNF
13:23:07.099 [Test worker] DEBUG o.h.p.entity.AbstractEntityPersister -  Version select: select version from costituentvnf where id =?
13:23:07.099 [Test worker] DEBUG o.h.p.entity.AbstractEntityPersister -  Snapshot select: select costituent_.id, costituent_.affinity as affinity2_6_, costituent_.capability as capabili3_6_, costituent_.number_of_instances as number_o4_6_, costituent_.redundancy_model as redundan5_6_, costituent_.version as version6_6_, costituent_.vnf_flavour_id_reference as vnf_flav7_6_, costituent_.vnf_reference as vnf_refe8_6_ from costituentvnf costituent_ where costituent_.id=?
13:23:07.099 [Test worker] DEBUG o.h.p.entity.AbstractEntityPersister -  Insert 0: insert into costituentvnf (affinity, capability, number_of_instances, redundancy_model, version, vnf_flavour_id_reference, vnf_reference, id) values (?, ?, ?, ?, ?, ?, ?, ?)
13:23:07.099 [Test worker] DEBUG o.h.p.entity.AbstractEntityPersister -  Update 0: update costituentvnf set affinity=?, capability=?, number_of_instances=?, redundancy_model=?, version=?, vnf_flavour_id_reference=?, vnf_reference=? where id=? and version=?
13:23:07.099 [Test worker] DEBUG o.h.p.entity.AbstractEntityPersister -  Delete 0: delete from costituentvnf where id=? and version=?
13:23:07.099 [Test worker] DEBUG o.h.l.p.b.i.spaces.QuerySpacesImpl - Adding QuerySpace : uid = <gen:0> -> org.hibernate.loader.plan.build.internal.spaces.EntityQuerySpaceImpl@40b7fe45]
13:23:07.100 [Test worker] DEBUG o.h.p.w.spi.MetamodelGraphWalker - Visiting attribute path : affinity
13:23:07.100 [Test worker] DEBUG o.h.p.w.spi.MetamodelGraphWalker - Visiting attribute path : capability
13:23:07.100 [Test worker] DEBUG o.h.p.w.spi.MetamodelGraphWalker - Visiting attribute path : number_of_instances
13:23:07.100 [Test worker] DEBUG o.h.p.w.spi.MetamodelGraphWalker - Visiting attribute path : redundancy_model
13:23:07.100 [Test worker] DEBUG o.h.p.w.spi.MetamodelGraphWalker - Visiting attribute path : version
13:23:07.100 [Test worker] DEBUG o.h.p.w.spi.MetamodelGraphWalker - Visiting attribute path : vnf_flavour_id_reference
13:23:07.100 [Test worker] DEBUG o.h.p.w.spi.MetamodelGraphWalker - Visiting attribute path : vnf_reference
13:23:07.100 [Test worker] DEBUG o.h.l.p.b.i.FetchStyleLoadPlanBuildingAssociationVisitationStrategy - Building LoadPlan...
13:23:07.100 [Test worker] DEBUG o.h.l.p.e.i.LoadQueryJoinAndFetchProcessor - processing queryspace <gen:0>
13:23:07.100 [Test worker] DEBUG o.h.l.p.b.spi.LoadPlanTreePrinter - LoadPlan(entity=org.project.neutrino.nfvo.catalogue.mano.common.CostituentVNF)
    - Returns
       - EntityReturnImpl(entity=org.project.neutrino.nfvo.catalogue.mano.common.CostituentVNF, querySpaceUid=<gen:0>, path=org.project.neutrino.nfvo.catalogue.mano.common.CostituentVNF)
    - QuerySpaces
       - EntityQuerySpaceImpl(uid=<gen:0>, entity=org.project.neutrino.nfvo.catalogue.mano.common.CostituentVNF)
          - SQL table alias mapping - costituent0_
          - alias suffix - 0_
          - suffixed key columns - {id1_6_0_}

13:23:07.100 [Test worker] DEBUG o.h.loader.entity.plan.EntityLoader - Static select for entity org.project.neutrino.nfvo.catalogue.mano.common.CostituentVNF [NONE]: select costituent0_.id as id1_6_0_, costituent0_.affinity as affinity2_6_0_, costituent0_.capability as capabili3_6_0_, costituent0_.number_of_instances as number_o4_6_0_, costituent0_.redundancy_model as redundan5_6_0_, costituent0_.version as version6_6_0_, costituent0_.vnf_flavour_id_reference as vnf_flav7_6_0_, costituent0_.vnf_reference as vnf_refe8_6_0_ from costituentvnf costituent0_ where costituent0_.id=?
13:23:07.100 [Test worker] DEBUG o.h.l.p.b.i.spaces.QuerySpacesImpl - Adding QuerySpace : uid = <gen:0> -> org.hibernate.loader.plan.build.internal.spaces.EntityQuerySpaceImpl@3035228]
13:23:07.100 [Test worker] DEBUG o.h.p.w.spi.MetamodelGraphWalker - Visiting attribute path : affinity
13:23:07.101 [Test worker] DEBUG o.h.p.w.spi.MetamodelGraphWalker - Visiting attribute path : capability
13:23:07.101 [Test worker] DEBUG o.h.p.w.spi.MetamodelGraphWalker - Visiting attribute path : number_of_instances
13:23:07.101 [Test worker] DEBUG o.h.p.w.spi.MetamodelGraphWalker - Visiting attribute path : redundancy_model
13:23:07.101 [Test worker] DEBUG o.h.p.w.spi.MetamodelGraphWalker - Visiting attribute path : version
13:23:07.101 [Test worker] DEBUG o.h.p.w.spi.MetamodelGraphWalker - Visiting attribute path : vnf_flavour_id_reference
13:23:07.101 [Test worker] DEBUG o.h.p.w.spi.MetamodelGraphWalker - Visiting attribute path : vnf_reference
13:23:07.101 [Test worker] DEBUG o.h.l.p.b.i.FetchStyleLoadPlanBuildingAssociationVisitationStrategy - Building LoadPlan...
13:23:07.101 [Test worker] DEBUG o.h.l.p.e.i.LoadQueryJoinAndFetchProcessor - processing queryspace <gen:0>
13:23:07.101 [Test worker] DEBUG o.h.l.p.b.spi.LoadPlanTreePrinter - LoadPlan(entity=org.project.neutrino.nfvo.catalogue.mano.common.CostituentVNF)
    - Returns
       - EntityReturnImpl(entity=org.project.neutrino.nfvo.catalogue.mano.common.CostituentVNF, querySpaceUid=<gen:0>, path=org.project.neutrino.nfvo.catalogue.mano.common.CostituentVNF)
    - QuerySpaces
       - EntityQuerySpaceImpl(uid=<gen:0>, entity=org.project.neutrino.nfvo.catalogue.mano.common.CostituentVNF)
          - SQL table alias mapping - costituent0_
          - alias suffix - 0_
          - suffixed key columns - {id1_6_0_}

13:23:07.101 [Test worker] DEBUG o.h.loader.entity.plan.EntityLoader - Static select for entity org.project.neutrino.nfvo.catalogue.mano.common.CostituentVNF [READ]: select costituent0_.id as id1_6_0_, costituent0_.affinity as affinity2_6_0_, costituent0_.capability as capabili3_6_0_, costituent0_.number_of_instances as number_o4_6_0_, costituent0_.redundancy_model as redundan5_6_0_, costituent0_.version as version6_6_0_, costituent0_.vnf_flavour_id_reference as vnf_flav7_6_0_, costituent0_.vnf_reference as vnf_refe8_6_0_ from costituentvnf costituent0_ where costituent0_.id=?
13:23:07.101 [Test worker] DEBUG o.h.l.p.b.i.spaces.QuerySpacesImpl - Adding QuerySpace : uid = <gen:0> -> org.hibernate.loader.plan.build.internal.spaces.EntityQuerySpaceImpl@4492dcdd]
13:23:07.101 [Test worker] DEBUG o.h.p.w.spi.MetamodelGraphWalker - Visiting attribute path : affinity
13:23:07.101 [Test worker] DEBUG o.h.p.w.spi.MetamodelGraphWalker - Visiting attribute path : capability
13:23:07.101 [Test worker] DEBUG o.h.p.w.spi.MetamodelGraphWalker - Visiting attribute path : number_of_instances
13:23:07.101 [Test worker] DEBUG o.h.p.w.spi.MetamodelGraphWalker - Visiting attribute path : redundancy_model
13:23:07.102 [Test worker] DEBUG o.h.p.w.spi.MetamodelGraphWalker - Visiting attribute path : version
13:23:07.102 [Test worker] DEBUG o.h.p.w.spi.MetamodelGraphWalker - Visiting attribute path : vnf_flavour_id_reference
13:23:07.102 [Test worker] DEBUG o.h.p.w.spi.MetamodelGraphWalker - Visiting attribute path : vnf_reference
13:23:07.102 [Test worker] DEBUG o.h.l.p.b.i.FetchStyleLoadPlanBuildingAssociationVisitationStrategy - Building LoadPlan...
13:23:07.102 [Test worker] DEBUG o.h.l.p.e.i.LoadQueryJoinAndFetchProcessor - processing queryspace <gen:0>
13:23:07.102 [Test worker] DEBUG o.h.l.p.b.spi.LoadPlanTreePrinter - LoadPlan(entity=org.project.neutrino.nfvo.catalogue.mano.common.CostituentVNF)
    - Returns
       - EntityReturnImpl(entity=org.project.neutrino.nfvo.catalogue.mano.common.CostituentVNF, querySpaceUid=<gen:0>, path=org.project.neutrino.nfvo.catalogue.mano.common.CostituentVNF)
    - QuerySpaces
       - EntityQuerySpaceImpl(uid=<gen:0>, entity=org.project.neutrino.nfvo.catalogue.mano.common.CostituentVNF)
          - SQL table alias mapping - costituent0_
          - alias suffix - 0_
          - suffixed key columns - {id1_6_0_}

13:23:07.102 [Test worker] DEBUG o.h.loader.entity.plan.EntityLoader - Static select for entity org.project.neutrino.nfvo.catalogue.mano.common.CostituentVNF [UPGRADE]: select costituent0_.id as id1_6_0_, costituent0_.affinity as affinity2_6_0_, costituent0_.capability as capabili3_6_0_, costituent0_.number_of_instances as number_o4_6_0_, costituent0_.redundancy_model as redundan5_6_0_, costituent0_.version as version6_6_0_, costituent0_.vnf_flavour_id_reference as vnf_flav7_6_0_, costituent0_.vnf_reference as vnf_refe8_6_0_ from costituentvnf costituent0_ where costituent0_.id=? for update
13:23:07.102 [Test worker] DEBUG o.h.l.p.b.i.spaces.QuerySpacesImpl - Adding QuerySpace : uid = <gen:0> -> org.hibernate.loader.plan.build.internal.spaces.EntityQuerySpaceImpl@4e0f1ec5]
13:23:07.102 [Test worker] DEBUG o.h.p.w.spi.MetamodelGraphWalker - Visiting attribute path : affinity
13:23:07.102 [Test worker] DEBUG o.h.p.w.spi.MetamodelGraphWalker - Visiting attribute path : capability
13:23:07.102 [Test worker] DEBUG o.h.p.w.spi.MetamodelGraphWalker - Visiting attribute path : number_of_instances
13:23:07.102 [Test worker] DEBUG o.h.p.w.spi.MetamodelGraphWalker - Visiting attribute path : redundancy_model
13:23:07.102 [Test worker] DEBUG o.h.p.w.spi.MetamodelGraphWalker - Visiting attribute path : version
13:23:07.102 [Test worker] DEBUG o.h.p.w.spi.MetamodelGraphWalker - Visiting attribute path : vnf_flavour_id_reference
13:23:07.102 [Test worker] DEBUG o.h.p.w.spi.MetamodelGraphWalker - Visiting attribute path : vnf_reference
13:23:07.102 [Test worker] DEBUG o.h.l.p.b.i.FetchStyleLoadPlanBuildingAssociationVisitationStrategy - Building LoadPlan...
13:23:07.102 [Test worker] DEBUG o.h.l.p.e.i.LoadQueryJoinAndFetchProcessor - processing queryspace <gen:0>
13:23:07.103 [Test worker] DEBUG o.h.l.p.b.spi.LoadPlanTreePrinter - LoadPlan(entity=org.project.neutrino.nfvo.catalogue.mano.common.CostituentVNF)
    - Returns
       - EntityReturnImpl(entity=org.project.neutrino.nfvo.catalogue.mano.common.CostituentVNF, querySpaceUid=<gen:0>, path=org.project.neutrino.nfvo.catalogue.mano.common.CostituentVNF)
    - QuerySpaces
       - EntityQuerySpaceImpl(uid=<gen:0>, entity=org.project.neutrino.nfvo.catalogue.mano.common.CostituentVNF)
          - SQL table alias mapping - costituent0_
          - alias suffix - 0_
          - suffixed key columns - {id1_6_0_}

13:23:07.103 [Test worker] DEBUG o.h.loader.entity.plan.EntityLoader - Static select for entity org.project.neutrino.nfvo.catalogue.mano.common.CostituentVNF [UPGRADE_NOWAIT]: select costituent0_.id as id1_6_0_, costituent0_.affinity as affinity2_6_0_, costituent0_.capability as capabili3_6_0_, costituent0_.number_of_instances as number_o4_6_0_, costituent0_.redundancy_model as redundan5_6_0_, costituent0_.version as version6_6_0_, costituent0_.vnf_flavour_id_reference as vnf_flav7_6_0_, costituent0_.vnf_reference as vnf_refe8_6_0_ from costituentvnf costituent0_ where costituent0_.id=? for update
13:23:07.103 [Test worker] DEBUG o.h.l.p.b.i.spaces.QuerySpacesImpl - Adding QuerySpace : uid = <gen:0> -> org.hibernate.loader.plan.build.internal.spaces.EntityQuerySpaceImpl@7c272286]
13:23:07.103 [Test worker] DEBUG o.h.p.w.spi.MetamodelGraphWalker - Visiting attribute path : affinity
13:23:07.103 [Test worker] DEBUG o.h.p.w.spi.MetamodelGraphWalker - Visiting attribute path : capability
13:23:07.103 [Test worker] DEBUG o.h.p.w.spi.MetamodelGraphWalker - Visiting attribute path : number_of_instances
13:23:07.103 [Test worker] DEBUG o.h.p.w.spi.MetamodelGraphWalker - Visiting attribute path : redundancy_model
13:23:07.103 [Test worker] DEBUG o.h.p.w.spi.MetamodelGraphWalker - Visiting attribute path : version
13:23:07.103 [Test worker] DEBUG o.h.p.w.spi.MetamodelGraphWalker - Visiting attribute path : vnf_flavour_id_reference
13:23:07.103 [Test worker] DEBUG o.h.p.w.spi.MetamodelGraphWalker - Visiting attribute path : vnf_reference
13:23:07.103 [Test worker] DEBUG o.h.l.p.b.i.FetchStyleLoadPlanBuildingAssociationVisitationStrategy - Building LoadPlan...
13:23:07.103 [Test worker] DEBUG o.h.l.p.e.i.LoadQueryJoinAndFetchProcessor - processing queryspace <gen:0>
13:23:07.103 [Test worker] DEBUG o.h.l.p.b.spi.LoadPlanTreePrinter - LoadPlan(entity=org.project.neutrino.nfvo.catalogue.mano.common.CostituentVNF)
    - Returns
       - EntityReturnImpl(entity=org.project.neutrino.nfvo.catalogue.mano.common.CostituentVNF, querySpaceUid=<gen:0>, path=org.project.neutrino.nfvo.catalogue.mano.common.CostituentVNF)
    - QuerySpaces
       - EntityQuerySpaceImpl(uid=<gen:0>, entity=org.project.neutrino.nfvo.catalogue.mano.common.CostituentVNF)
          - SQL table alias mapping - costituent0_
          - alias suffix - 0_
          - suffixed key columns - {id1_6_0_}

13:23:07.103 [Test worker] DEBUG o.h.loader.entity.plan.EntityLoader - Static select for entity org.project.neutrino.nfvo.catalogue.mano.common.CostituentVNF [UPGRADE_SKIPLOCKED]: select costituent0_.id as id1_6_0_, costituent0_.affinity as affinity2_6_0_, costituent0_.capability as capabili3_6_0_, costituent0_.number_of_instances as number_o4_6_0_, costituent0_.redundancy_model as redundan5_6_0_, costituent0_.version as version6_6_0_, costituent0_.vnf_flavour_id_reference as vnf_flav7_6_0_, costituent0_.vnf_reference as vnf_refe8_6_0_ from costituentvnf costituent0_ where costituent0_.id=? for update
13:23:07.103 [Test worker] DEBUG o.h.l.p.b.i.spaces.QuerySpacesImpl - Adding QuerySpace : uid = <gen:0> -> org.hibernate.loader.plan.build.internal.spaces.EntityQuerySpaceImpl@b028b10]
13:23:07.103 [Test worker] DEBUG o.h.p.w.spi.MetamodelGraphWalker - Visiting attribute path : affinity
13:23:07.103 [Test worker] DEBUG o.h.p.w.spi.MetamodelGraphWalker - Visiting attribute path : capability
13:23:07.103 [Test worker] DEBUG o.h.p.w.spi.MetamodelGraphWalker - Visiting attribute path : number_of_instances
13:23:07.103 [Test worker] DEBUG o.h.p.w.spi.MetamodelGraphWalker - Visiting attribute path : redundancy_model
13:23:07.103 [Test worker] DEBUG o.h.p.w.spi.MetamodelGraphWalker - Visiting attribute path : version
13:23:07.103 [Test worker] DEBUG o.h.p.w.spi.MetamodelGraphWalker - Visiting attribute path : vnf_flavour_id_reference
13:23:07.103 [Test worker] DEBUG o.h.p.w.spi.MetamodelGraphWalker - Visiting attribute path : vnf_reference
13:23:07.103 [Test worker] DEBUG o.h.l.p.b.i.FetchStyleLoadPlanBuildingAssociationVisitationStrategy - Building LoadPlan...
13:23:07.104 [Test worker] DEBUG o.h.l.p.e.i.LoadQueryJoinAndFetchProcessor - processing queryspace <gen:0>
13:23:07.104 [Test worker] DEBUG o.h.l.p.b.spi.LoadPlanTreePrinter - LoadPlan(entity=org.project.neutrino.nfvo.catalogue.mano.common.CostituentVNF)
    - Returns
       - EntityReturnImpl(entity=org.project.neutrino.nfvo.catalogue.mano.common.CostituentVNF, querySpaceUid=<gen:0>, path=org.project.neutrino.nfvo.catalogue.mano.common.CostituentVNF)
    - QuerySpaces
       - EntityQuerySpaceImpl(uid=<gen:0>, entity=org.project.neutrino.nfvo.catalogue.mano.common.CostituentVNF)
          - SQL table alias mapping - costituent0_
          - alias suffix - 0_
          - suffixed key columns - {id1_6_0_}

13:23:07.104 [Test worker] DEBUG o.h.loader.entity.plan.EntityLoader - Static select for entity org.project.neutrino.nfvo.catalogue.mano.common.CostituentVNF [FORCE]: select costituent0_.id as id1_6_0_, costituent0_.affinity as affinity2_6_0_, costituent0_.capability as capabili3_6_0_, costituent0_.number_of_instances as number_o4_6_0_, costituent0_.redundancy_model as redundan5_6_0_, costituent0_.version as version6_6_0_, costituent0_.vnf_flavour_id_reference as vnf_flav7_6_0_, costituent0_.vnf_reference as vnf_refe8_6_0_ from costituentvnf costituent0_ where costituent0_.id=? for update
13:23:07.104 [Test worker] DEBUG o.h.l.p.b.i.spaces.QuerySpacesImpl - Adding QuerySpace : uid = <gen:0> -> org.hibernate.loader.plan.build.internal.spaces.EntityQuerySpaceImpl@31b948c4]
13:23:07.104 [Test worker] DEBUG o.h.p.w.spi.MetamodelGraphWalker - Visiting attribute path : affinity
13:23:07.104 [Test worker] DEBUG o.h.p.w.spi.MetamodelGraphWalker - Visiting attribute path : capability
13:23:07.104 [Test worker] DEBUG o.h.p.w.spi.MetamodelGraphWalker - Visiting attribute path : number_of_instances
13:23:07.104 [Test worker] DEBUG o.h.p.w.spi.MetamodelGraphWalker - Visiting attribute path : redundancy_model
13:23:07.104 [Test worker] DEBUG o.h.p.w.spi.MetamodelGraphWalker - Visiting attribute path : version
13:23:07.104 [Test worker] DEBUG o.h.p.w.spi.MetamodelGraphWalker - Visiting attribute path : vnf_flavour_id_reference
13:23:07.104 [Test worker] DEBUG o.h.p.w.spi.MetamodelGraphWalker - Visiting attribute path : vnf_reference
13:23:07.104 [Test worker] DEBUG o.h.l.p.b.i.FetchStyleLoadPlanBuildingAssociationVisitationStrategy - Building LoadPlan...
13:23:07.104 [Test worker] DEBUG o.h.l.p.e.i.LoadQueryJoinAndFetchProcessor - processing queryspace <gen:0>
13:23:07.105 [Test worker] DEBUG o.h.l.p.b.spi.LoadPlanTreePrinter - LoadPlan(entity=org.project.neutrino.nfvo.catalogue.mano.common.CostituentVNF)
    - Returns
       - EntityReturnImpl(entity=org.project.neutrino.nfvo.catalogue.mano.common.CostituentVNF, querySpaceUid=<gen:0>, path=org.project.neutrino.nfvo.catalogue.mano.common.CostituentVNF)
    - QuerySpaces
       - EntityQuerySpaceImpl(uid=<gen:0>, entity=org.project.neutrino.nfvo.catalogue.mano.common.CostituentVNF)
          - SQL table alias mapping - costituent0_
          - alias suffix - 0_
          - suffixed key columns - {id1_6_0_}

13:23:07.105 [Test worker] DEBUG o.h.loader.entity.plan.EntityLoader - Static select for entity org.project.neutrino.nfvo.catalogue.mano.common.CostituentVNF [PESSIMISTIC_READ]: select costituent0_.id as id1_6_0_, costituent0_.affinity as affinity2_6_0_, costituent0_.capability as capabili3_6_0_, costituent0_.number_of_instances as number_o4_6_0_, costituent0_.redundancy_model as redundan5_6_0_, costituent0_.version as version6_6_0_, costituent0_.vnf_flavour_id_reference as vnf_flav7_6_0_, costituent0_.vnf_reference as vnf_refe8_6_0_ from costituentvnf costituent0_ where costituent0_.id=? lock in share mode
13:23:07.105 [Test worker] DEBUG o.h.l.p.b.i.spaces.QuerySpacesImpl - Adding QuerySpace : uid = <gen:0> -> org.hibernate.loader.plan.build.internal.spaces.EntityQuerySpaceImpl@644c4a47]
13:23:07.105 [Test worker] DEBUG o.h.p.w.spi.MetamodelGraphWalker - Visiting attribute path : affinity
13:23:07.105 [Test worker] DEBUG o.h.p.w.spi.MetamodelGraphWalker - Visiting attribute path : capability
13:23:07.105 [Test worker] DEBUG o.h.p.w.spi.MetamodelGraphWalker - Visiting attribute path : number_of_instances
13:23:07.105 [Test worker] DEBUG o.h.p.w.spi.MetamodelGraphWalker - Visiting attribute path : redundancy_model
13:23:07.105 [Test worker] DEBUG o.h.p.w.spi.MetamodelGraphWalker - Visiting attribute path : version
13:23:07.105 [Test worker] DEBUG o.h.p.w.spi.MetamodelGraphWalker - Visiting attribute path : vnf_flavour_id_reference
13:23:07.105 [Test worker] DEBUG o.h.p.w.spi.MetamodelGraphWalker - Visiting attribute path : vnf_reference
13:23:07.105 [Test worker] DEBUG o.h.l.p.b.i.FetchStyleLoadPlanBuildingAssociationVisitationStrategy - Building LoadPlan...
13:23:07.105 [Test worker] DEBUG o.h.l.p.e.i.LoadQueryJoinAndFetchProcessor - processing queryspace <gen:0>
13:23:07.105 [Test worker] DEBUG o.h.l.p.b.spi.LoadPlanTreePrinter - LoadPlan(entity=org.project.neutrino.nfvo.catalogue.mano.common.CostituentVNF)
    - Returns
       - EntityReturnImpl(entity=org.project.neutrino.nfvo.catalogue.mano.common.CostituentVNF, querySpaceUid=<gen:0>, path=org.project.neutrino.nfvo.catalogue.mano.common.CostituentVNF)
    - QuerySpaces
       - EntityQuerySpaceImpl(uid=<gen:0>, entity=org.project.neutrino.nfvo.catalogue.mano.common.CostituentVNF)
          - SQL table alias mapping - costituent0_
          - alias suffix - 0_
          - suffixed key columns - {id1_6_0_}

13:23:07.105 [Test worker] DEBUG o.h.loader.entity.plan.EntityLoader - Static select for entity org.project.neutrino.nfvo.catalogue.mano.common.CostituentVNF [PESSIMISTIC_WRITE]: select costituent0_.id as id1_6_0_, costituent0_.affinity as affinity2_6_0_, costituent0_.capability as capabili3_6_0_, costituent0_.number_of_instances as number_o4_6_0_, costituent0_.redundancy_model as redundan5_6_0_, costituent0_.version as version6_6_0_, costituent0_.vnf_flavour_id_reference as vnf_flav7_6_0_, costituent0_.vnf_reference as vnf_refe8_6_0_ from costituentvnf costituent0_ where costituent0_.id=? for update
13:23:07.105 [Test worker] DEBUG o.h.l.p.b.i.spaces.QuerySpacesImpl - Adding QuerySpace : uid = <gen:0> -> org.hibernate.loader.plan.build.internal.spaces.EntityQuerySpaceImpl@493169db]
13:23:07.105 [Test worker] DEBUG o.h.p.w.spi.MetamodelGraphWalker - Visiting attribute path : affinity
13:23:07.105 [Test worker] DEBUG o.h.p.w.spi.MetamodelGraphWalker - Visiting attribute path : capability
13:23:07.106 [Test worker] DEBUG o.h.p.w.spi.MetamodelGraphWalker - Visiting attribute path : number_of_instances
13:23:07.106 [Test worker] DEBUG o.h.p.w.spi.MetamodelGraphWalker - Visiting attribute path : redundancy_model
13:23:07.106 [Test worker] DEBUG o.h.p.w.spi.MetamodelGraphWalker - Visiting attribute path : version
13:23:07.106 [Test worker] DEBUG o.h.p.w.spi.MetamodelGraphWalker - Visiting attribute path : vnf_flavour_id_reference
13:23:07.106 [Test worker] DEBUG o.h.p.w.spi.MetamodelGraphWalker - Visiting attribute path : vnf_reference
13:23:07.106 [Test worker] DEBUG o.h.l.p.b.i.FetchStyleLoadPlanBuildingAssociationVisitationStrategy - Building LoadPlan...
13:23:07.106 [Test worker] DEBUG o.h.l.p.e.i.LoadQueryJoinAndFetchProcessor - processing queryspace <gen:0>
13:23:07.106 [Test worker] DEBUG o.h.l.p.b.spi.LoadPlanTreePrinter - LoadPlan(entity=org.project.neutrino.nfvo.catalogue.mano.common.CostituentVNF)
    - Returns
       - EntityReturnImpl(entity=org.project.neutrino.nfvo.catalogue.mano.common.CostituentVNF, querySpaceUid=<gen:0>, path=org.project.neutrino.nfvo.catalogue.mano.common.CostituentVNF)
    - QuerySpaces
       - EntityQuerySpaceImpl(uid=<gen:0>, entity=org.project.neutrino.nfvo.catalogue.mano.common.CostituentVNF)
          - SQL table alias mapping - costituent0_
          - alias suffix - 0_
          - suffixed key columns - {id1_6_0_}

13:23:07.107 [Test worker] DEBUG o.h.loader.entity.plan.EntityLoader - Static select for entity org.project.neutrino.nfvo.catalogue.mano.common.CostituentVNF [PESSIMISTIC_FORCE_INCREMENT]: select costituent0_.id as id1_6_0_, costituent0_.affinity as affinity2_6_0_, costituent0_.capability as capabili3_6_0_, costituent0_.number_of_instances as number_o4_6_0_, costituent0_.redundancy_model as redundan5_6_0_, costituent0_.version as version6_6_0_, costituent0_.vnf_flavour_id_reference as vnf_flav7_6_0_, costituent0_.vnf_reference as vnf_refe8_6_0_ from costituentvnf costituent0_ where costituent0_.id=? for update
13:23:07.107 [Test worker] DEBUG o.h.l.p.b.i.spaces.QuerySpacesImpl - Adding QuerySpace : uid = <gen:0> -> org.hibernate.loader.plan.build.internal.spaces.EntityQuerySpaceImpl@5032f2b7]
13:23:07.107 [Test worker] DEBUG o.h.p.w.spi.MetamodelGraphWalker - Visiting attribute path : affinity
13:23:07.107 [Test worker] DEBUG o.h.p.w.spi.MetamodelGraphWalker - Visiting attribute path : capability
13:23:07.107 [Test worker] DEBUG o.h.p.w.spi.MetamodelGraphWalker - Visiting attribute path : number_of_instances
13:23:07.107 [Test worker] DEBUG o.h.p.w.spi.MetamodelGraphWalker - Visiting attribute path : redundancy_model
13:23:07.107 [Test worker] DEBUG o.h.p.w.spi.MetamodelGraphWalker - Visiting attribute path : version
13:23:07.107 [Test worker] DEBUG o.h.p.w.spi.MetamodelGraphWalker - Visiting attribute path : vnf_flavour_id_reference
13:23:07.107 [Test worker] DEBUG o.h.p.w.spi.MetamodelGraphWalker - Visiting attribute path : vnf_reference
13:23:07.107 [Test worker] DEBUG o.h.l.p.b.i.FetchStyleLoadPlanBuildingAssociationVisitationStrategy - Building LoadPlan...
13:23:07.107 [Test worker] DEBUG o.h.l.p.e.i.LoadQueryJoinAndFetchProcessor - processing queryspace <gen:0>
13:23:07.107 [Test worker] DEBUG o.h.l.p.b.spi.LoadPlanTreePrinter - LoadPlan(entity=org.project.neutrino.nfvo.catalogue.mano.common.CostituentVNF)
    - Returns
       - EntityReturnImpl(entity=org.project.neutrino.nfvo.catalogue.mano.common.CostituentVNF, querySpaceUid=<gen:0>, path=org.project.neutrino.nfvo.catalogue.mano.common.CostituentVNF)
    - QuerySpaces
       - EntityQuerySpaceImpl(uid=<gen:0>, entity=org.project.neutrino.nfvo.catalogue.mano.common.CostituentVNF)
          - SQL table alias mapping - costituent0_
          - alias suffix - 0_
          - suffixed key columns - {id1_6_0_}

13:23:07.107 [Test worker] DEBUG o.h.loader.entity.plan.EntityLoader - Static select for entity org.project.neutrino.nfvo.catalogue.mano.common.CostituentVNF [OPTIMISTIC]: select costituent0_.id as id1_6_0_, costituent0_.affinity as affinity2_6_0_, costituent0_.capability as capabili3_6_0_, costituent0_.number_of_instances as number_o4_6_0_, costituent0_.redundancy_model as redundan5_6_0_, costituent0_.version as version6_6_0_, costituent0_.vnf_flavour_id_reference as vnf_flav7_6_0_, costituent0_.vnf_reference as vnf_refe8_6_0_ from costituentvnf costituent0_ where costituent0_.id=?
13:23:07.107 [Test worker] DEBUG o.h.l.p.b.i.spaces.QuerySpacesImpl - Adding QuerySpace : uid = <gen:0> -> org.hibernate.loader.plan.build.internal.spaces.EntityQuerySpaceImpl@6a7a8cb9]
13:23:07.107 [Test worker] DEBUG o.h.p.w.spi.MetamodelGraphWalker - Visiting attribute path : affinity
13:23:07.107 [Test worker] DEBUG o.h.p.w.spi.MetamodelGraphWalker - Visiting attribute path : capability
13:23:07.107 [Test worker] DEBUG o.h.p.w.spi.MetamodelGraphWalker - Visiting attribute path : number_of_instances
13:23:07.107 [Test worker] DEBUG o.h.p.w.spi.MetamodelGraphWalker - Visiting attribute path : redundancy_model
13:23:07.107 [Test worker] DEBUG o.h.p.w.spi.MetamodelGraphWalker - Visiting attribute path : version
13:23:07.107 [Test worker] DEBUG o.h.p.w.spi.MetamodelGraphWalker - Visiting attribute path : vnf_flavour_id_reference
13:23:07.107 [Test worker] DEBUG o.h.p.w.spi.MetamodelGraphWalker - Visiting attribute path : vnf_reference
13:23:07.108 [Test worker] DEBUG o.h.l.p.b.i.FetchStyleLoadPlanBuildingAssociationVisitationStrategy - Building LoadPlan...
13:23:07.108 [Test worker] DEBUG o.h.l.p.e.i.LoadQueryJoinAndFetchProcessor - processing queryspace <gen:0>
13:23:07.108 [Test worker] DEBUG o.h.l.p.b.spi.LoadPlanTreePrinter - LoadPlan(entity=org.project.neutrino.nfvo.catalogue.mano.common.CostituentVNF)
    - Returns
       - EntityReturnImpl(entity=org.project.neutrino.nfvo.catalogue.mano.common.CostituentVNF, querySpaceUid=<gen:0>, path=org.project.neutrino.nfvo.catalogue.mano.common.CostituentVNF)
    - QuerySpaces
       - EntityQuerySpaceImpl(uid=<gen:0>, entity=org.project.neutrino.nfvo.catalogue.mano.common.CostituentVNF)
          - SQL table alias mapping - costituent0_
          - alias suffix - 0_
          - suffixed key columns - {id1_6_0_}

13:23:07.108 [Test worker] DEBUG o.h.loader.entity.plan.EntityLoader - Static select for entity org.project.neutrino.nfvo.catalogue.mano.common.CostituentVNF [OPTIMISTIC_FORCE_INCREMENT]: select costituent0_.id as id1_6_0_, costituent0_.affinity as affinity2_6_0_, costituent0_.capability as capabili3_6_0_, costituent0_.number_of_instances as number_o4_6_0_, costituent0_.redundancy_model as redundan5_6_0_, costituent0_.version as version6_6_0_, costituent0_.vnf_flavour_id_reference as vnf_flav7_6_0_, costituent0_.vnf_reference as vnf_refe8_6_0_ from costituentvnf costituent0_ where costituent0_.id=?
13:23:07.108 [Test worker] DEBUG org.hibernate.loader.Loader - Static select for action ACTION_MERGE on entity org.project.neutrino.nfvo.catalogue.mano.common.CostituentVNF: select costituent0_.id as id1_6_0_, costituent0_.affinity as affinity2_6_0_, costituent0_.capability as capabili3_6_0_, costituent0_.number_of_instances as number_o4_6_0_, costituent0_.redundancy_model as redundan5_6_0_, costituent0_.version as version6_6_0_, costituent0_.vnf_flavour_id_reference as vnf_flav7_6_0_, costituent0_.vnf_reference as vnf_refe8_6_0_ from costituentvnf costituent0_ where costituent0_.id=?
13:23:07.108 [Test worker] DEBUG org.hibernate.loader.Loader - Static select for action ACTION_REFRESH on entity org.project.neutrino.nfvo.catalogue.mano.common.CostituentVNF: select costituent0_.id as id1_6_0_, costituent0_.affinity as affinity2_6_0_, costituent0_.capability as capabili3_6_0_, costituent0_.number_of_instances as number_o4_6_0_, costituent0_.redundancy_model as redundan5_6_0_, costituent0_.version as version6_6_0_, costituent0_.vnf_flavour_id_reference as vnf_flav7_6_0_, costituent0_.vnf_reference as vnf_refe8_6_0_ from costituentvnf costituent0_ where costituent0_.id=?
13:23:07.108 [Test worker] DEBUG o.h.p.entity.AbstractEntityPersister - Static SQL for entity: org.project.neutrino.nfvo.catalogue.mano.common.CostituentVDU
13:23:07.108 [Test worker] DEBUG o.h.p.entity.AbstractEntityPersister -  Version select: select version from costituentvdu where id =?
13:23:07.108 [Test worker] DEBUG o.h.p.entity.AbstractEntityPersister -  Snapshot select: select costituent_.id, costituent_.constituent_vnfc as constitu2_5_, costituent_.number_of_instances as number_o3_5_, costituent_.vdu_reference as vdu_refe4_5_, costituent_.version as version5_5_ from costituentvdu costituent_ where costituent_.id=?
13:23:07.108 [Test worker] DEBUG o.h.p.entity.AbstractEntityPersister -  Insert 0: insert into costituentvdu (constituent_vnfc, number_of_instances, vdu_reference, version, id) values (?, ?, ?, ?, ?)
13:23:07.108 [Test worker] DEBUG o.h.p.entity.AbstractEntityPersister -  Update 0: update costituentvdu set constituent_vnfc=?, number_of_instances=?, vdu_reference=?, version=? where id=? and version=?
13:23:07.108 [Test worker] DEBUG o.h.p.entity.AbstractEntityPersister -  Delete 0: delete from costituentvdu where id=? and version=?
13:23:07.109 [Test worker] DEBUG o.h.l.p.b.i.spaces.QuerySpacesImpl - Adding QuerySpace : uid = <gen:0> -> org.hibernate.loader.plan.build.internal.spaces.EntityQuerySpaceImpl@41e7ebab]
13:23:07.109 [Test worker] DEBUG o.h.p.w.spi.MetamodelGraphWalker - Visiting attribute path : constituent_vnfc
13:23:07.109 [Test worker] DEBUG o.h.p.w.spi.MetamodelGraphWalker - Visiting attribute path : number_of_instances
13:23:07.109 [Test worker] DEBUG o.h.p.w.spi.MetamodelGraphWalker - Visiting attribute path : vdu_reference
13:23:07.109 [Test worker] DEBUG o.h.p.w.spi.MetamodelGraphWalker - Visiting attribute path : version
13:23:07.109 [Test worker] DEBUG o.h.l.p.b.i.FetchStyleLoadPlanBuildingAssociationVisitationStrategy - Building LoadPlan...
13:23:07.109 [Test worker] DEBUG o.h.l.p.e.i.LoadQueryJoinAndFetchProcessor - processing queryspace <gen:0>
13:23:07.109 [Test worker] DEBUG o.h.l.p.b.spi.LoadPlanTreePrinter - LoadPlan(entity=org.project.neutrino.nfvo.catalogue.mano.common.CostituentVDU)
    - Returns
       - EntityReturnImpl(entity=org.project.neutrino.nfvo.catalogue.mano.common.CostituentVDU, querySpaceUid=<gen:0>, path=org.project.neutrino.nfvo.catalogue.mano.common.CostituentVDU)
    - QuerySpaces
       - EntityQuerySpaceImpl(uid=<gen:0>, entity=org.project.neutrino.nfvo.catalogue.mano.common.CostituentVDU)
          - SQL table alias mapping - costituent0_
          - alias suffix - 0_
          - suffixed key columns - {id1_5_0_}

13:23:07.109 [Test worker] DEBUG o.h.loader.entity.plan.EntityLoader - Static select for entity org.project.neutrino.nfvo.catalogue.mano.common.CostituentVDU [NONE]: select costituent0_.id as id1_5_0_, costituent0_.constituent_vnfc as constitu2_5_0_, costituent0_.number_of_instances as number_o3_5_0_, costituent0_.vdu_reference as vdu_refe4_5_0_, costituent0_.version as version5_5_0_ from costituentvdu costituent0_ where costituent0_.id=?
13:23:07.109 [Test worker] DEBUG o.h.l.p.b.i.spaces.QuerySpacesImpl - Adding QuerySpace : uid = <gen:0> -> org.hibernate.loader.plan.build.internal.spaces.EntityQuerySpaceImpl@5056e587]
13:23:07.109 [Test worker] DEBUG o.h.p.w.spi.MetamodelGraphWalker - Visiting attribute path : constituent_vnfc
13:23:07.109 [Test worker] DEBUG o.h.p.w.spi.MetamodelGraphWalker - Visiting attribute path : number_of_instances
13:23:07.109 [Test worker] DEBUG o.h.p.w.spi.MetamodelGraphWalker - Visiting attribute path : vdu_reference
13:23:07.109 [Test worker] DEBUG o.h.p.w.spi.MetamodelGraphWalker - Visiting attribute path : version
13:23:07.109 [Test worker] DEBUG o.h.l.p.b.i.FetchStyleLoadPlanBuildingAssociationVisitationStrategy - Building LoadPlan...
13:23:07.109 [Test worker] DEBUG o.h.l.p.e.i.LoadQueryJoinAndFetchProcessor - processing queryspace <gen:0>
13:23:07.110 [Test worker] DEBUG o.h.l.p.b.spi.LoadPlanTreePrinter - LoadPlan(entity=org.project.neutrino.nfvo.catalogue.mano.common.CostituentVDU)
    - Returns
       - EntityReturnImpl(entity=org.project.neutrino.nfvo.catalogue.mano.common.CostituentVDU, querySpaceUid=<gen:0>, path=org.project.neutrino.nfvo.catalogue.mano.common.CostituentVDU)
    - QuerySpaces
       - EntityQuerySpaceImpl(uid=<gen:0>, entity=org.project.neutrino.nfvo.catalogue.mano.common.CostituentVDU)
          - SQL table alias mapping - costituent0_
          - alias suffix - 0_
          - suffixed key columns - {id1_5_0_}

13:23:07.110 [Test worker] DEBUG o.h.loader.entity.plan.EntityLoader - Static select for entity org.project.neutrino.nfvo.catalogue.mano.common.CostituentVDU [READ]: select costituent0_.id as id1_5_0_, costituent0_.constituent_vnfc as constitu2_5_0_, costituent0_.number_of_instances as number_o3_5_0_, costituent0_.vdu_reference as vdu_refe4_5_0_, costituent0_.version as version5_5_0_ from costituentvdu costituent0_ where costituent0_.id=?
13:23:07.110 [Test worker] DEBUG o.h.l.p.b.i.spaces.QuerySpacesImpl - Adding QuerySpace : uid = <gen:0> -> org.hibernate.loader.plan.build.internal.spaces.EntityQuerySpaceImpl@2b39fd0e]
13:23:07.110 [Test worker] DEBUG o.h.p.w.spi.MetamodelGraphWalker - Visiting attribute path : constituent_vnfc
13:23:07.110 [Test worker] DEBUG o.h.p.w.spi.MetamodelGraphWalker - Visiting attribute path : number_of_instances
13:23:07.110 [Test worker] DEBUG o.h.p.w.spi.MetamodelGraphWalker - Visiting attribute path : vdu_reference
13:23:07.110 [Test worker] DEBUG o.h.p.w.spi.MetamodelGraphWalker - Visiting attribute path : version
13:23:07.110 [Test worker] DEBUG o.h.l.p.b.i.FetchStyleLoadPlanBuildingAssociationVisitationStrategy - Building LoadPlan...
13:23:07.110 [Test worker] DEBUG o.h.l.p.e.i.LoadQueryJoinAndFetchProcessor - processing queryspace <gen:0>
13:23:07.110 [Test worker] DEBUG o.h.l.p.b.spi.LoadPlanTreePrinter - LoadPlan(entity=org.project.neutrino.nfvo.catalogue.mano.common.CostituentVDU)
    - Returns
       - EntityReturnImpl(entity=org.project.neutrino.nfvo.catalogue.mano.common.CostituentVDU, querySpaceUid=<gen:0>, path=org.project.neutrino.nfvo.catalogue.mano.common.CostituentVDU)
    - QuerySpaces
       - EntityQuerySpaceImpl(uid=<gen:0>, entity=org.project.neutrino.nfvo.catalogue.mano.common.CostituentVDU)
          - SQL table alias mapping - costituent0_
          - alias suffix - 0_
          - suffixed key columns - {id1_5_0_}

13:23:07.110 [Test worker] DEBUG o.h.loader.entity.plan.EntityLoader - Static select for entity org.project.neutrino.nfvo.catalogue.mano.common.CostituentVDU [UPGRADE]: select costituent0_.id as id1_5_0_, costituent0_.constituent_vnfc as constitu2_5_0_, costituent0_.number_of_instances as number_o3_5_0_, costituent0_.vdu_reference as vdu_refe4_5_0_, costituent0_.version as version5_5_0_ from costituentvdu costituent0_ where costituent0_.id=? for update
13:23:07.110 [Test worker] DEBUG o.h.l.p.b.i.spaces.QuerySpacesImpl - Adding QuerySpace : uid = <gen:0> -> org.hibernate.loader.plan.build.internal.spaces.EntityQuerySpaceImpl@444ffeaa]
13:23:07.110 [Test worker] DEBUG o.h.p.w.spi.MetamodelGraphWalker - Visiting attribute path : constituent_vnfc
13:23:07.110 [Test worker] DEBUG o.h.p.w.spi.MetamodelGraphWalker - Visiting attribute path : number_of_instances
13:23:07.110 [Test worker] DEBUG o.h.p.w.spi.MetamodelGraphWalker - Visiting attribute path : vdu_reference
13:23:07.110 [Test worker] DEBUG o.h.p.w.spi.MetamodelGraphWalker - Visiting attribute path : version
13:23:07.111 [Test worker] DEBUG o.h.l.p.b.i.FetchStyleLoadPlanBuildingAssociationVisitationStrategy - Building LoadPlan...
13:23:07.111 [Test worker] DEBUG o.h.l.p.e.i.LoadQueryJoinAndFetchProcessor - processing queryspace <gen:0>
13:23:07.111 [Test worker] DEBUG o.h.l.p.b.spi.LoadPlanTreePrinter - LoadPlan(entity=org.project.neutrino.nfvo.catalogue.mano.common.CostituentVDU)
    - Returns
       - EntityReturnImpl(entity=org.project.neutrino.nfvo.catalogue.mano.common.CostituentVDU, querySpaceUid=<gen:0>, path=org.project.neutrino.nfvo.catalogue.mano.common.CostituentVDU)
    - QuerySpaces
       - EntityQuerySpaceImpl(uid=<gen:0>, entity=org.project.neutrino.nfvo.catalogue.mano.common.CostituentVDU)
          - SQL table alias mapping - costituent0_
          - alias suffix - 0_
          - suffixed key columns - {id1_5_0_}

13:23:07.111 [Test worker] DEBUG o.h.loader.entity.plan.EntityLoader - Static select for entity org.project.neutrino.nfvo.catalogue.mano.common.CostituentVDU [UPGRADE_NOWAIT]: select costituent0_.id as id1_5_0_, costituent0_.constituent_vnfc as constitu2_5_0_, costituent0_.number_of_instances as number_o3_5_0_, costituent0_.vdu_reference as vdu_refe4_5_0_, costituent0_.version as version5_5_0_ from costituentvdu costituent0_ where costituent0_.id=? for update
13:23:07.111 [Test worker] DEBUG o.h.l.p.b.i.spaces.QuerySpacesImpl - Adding QuerySpace : uid = <gen:0> -> org.hibernate.loader.plan.build.internal.spaces.EntityQuerySpaceImpl@7a199711]
13:23:07.111 [Test worker] DEBUG o.h.p.w.spi.MetamodelGraphWalker - Visiting attribute path : constituent_vnfc
13:23:07.111 [Test worker] DEBUG o.h.p.w.spi.MetamodelGraphWalker - Visiting attribute path : number_of_instances
13:23:07.111 [Test worker] DEBUG o.h.p.w.spi.MetamodelGraphWalker - Visiting attribute path : vdu_reference
13:23:07.111 [Test worker] DEBUG o.h.p.w.spi.MetamodelGraphWalker - Visiting attribute path : version
13:23:07.111 [Test worker] DEBUG o.h.l.p.b.i.FetchStyleLoadPlanBuildingAssociationVisitationStrategy - Building LoadPlan...
13:23:07.111 [Test worker] DEBUG o.h.l.p.e.i.LoadQueryJoinAndFetchProcessor - processing queryspace <gen:0>
13:23:07.112 [Test worker] DEBUG o.h.l.p.b.spi.LoadPlanTreePrinter - LoadPlan(entity=org.project.neutrino.nfvo.catalogue.mano.common.CostituentVDU)
    - Returns
       - EntityReturnImpl(entity=org.project.neutrino.nfvo.catalogue.mano.common.CostituentVDU, querySpaceUid=<gen:0>, path=org.project.neutrino.nfvo.catalogue.mano.common.CostituentVDU)
    - QuerySpaces
       - EntityQuerySpaceImpl(uid=<gen:0>, entity=org.project.neutrino.nfvo.catalogue.mano.common.CostituentVDU)
          - SQL table alias mapping - costituent0_
          - alias suffix - 0_
          - suffixed key columns - {id1_5_0_}

13:23:07.112 [Test worker] DEBUG o.h.loader.entity.plan.EntityLoader - Static select for entity org.project.neutrino.nfvo.catalogue.mano.common.CostituentVDU [UPGRADE_SKIPLOCKED]: select costituent0_.id as id1_5_0_, costituent0_.constituent_vnfc as constitu2_5_0_, costituent0_.number_of_instances as number_o3_5_0_, costituent0_.vdu_reference as vdu_refe4_5_0_, costituent0_.version as version5_5_0_ from costituentvdu costituent0_ where costituent0_.id=? for update
13:23:07.112 [Test worker] DEBUG o.h.l.p.b.i.spaces.QuerySpacesImpl - Adding QuerySpace : uid = <gen:0> -> org.hibernate.loader.plan.build.internal.spaces.EntityQuerySpaceImpl@26969ee5]
13:23:07.112 [Test worker] DEBUG o.h.p.w.spi.MetamodelGraphWalker - Visiting attribute path : constituent_vnfc
13:23:07.112 [Test worker] DEBUG o.h.p.w.spi.MetamodelGraphWalker - Visiting attribute path : number_of_instances
13:23:07.112 [Test worker] DEBUG o.h.p.w.spi.MetamodelGraphWalker - Visiting attribute path : vdu_reference
13:23:07.112 [Test worker] DEBUG o.h.p.w.spi.MetamodelGraphWalker - Visiting attribute path : version
13:23:07.112 [Test worker] DEBUG o.h.l.p.b.i.FetchStyleLoadPlanBuildingAssociationVisitationStrategy - Building LoadPlan...
13:23:07.112 [Test worker] DEBUG o.h.l.p.e.i.LoadQueryJoinAndFetchProcessor - processing queryspace <gen:0>
13:23:07.112 [Test worker] DEBUG o.h.l.p.b.spi.LoadPlanTreePrinter - LoadPlan(entity=org.project.neutrino.nfvo.catalogue.mano.common.CostituentVDU)
    - Returns
       - EntityReturnImpl(entity=org.project.neutrino.nfvo.catalogue.mano.common.CostituentVDU, querySpaceUid=<gen:0>, path=org.project.neutrino.nfvo.catalogue.mano.common.CostituentVDU)
    - QuerySpaces
       - EntityQuerySpaceImpl(uid=<gen:0>, entity=org.project.neutrino.nfvo.catalogue.mano.common.CostituentVDU)
          - SQL table alias mapping - costituent0_
          - alias suffix - 0_
          - suffixed key columns - {id1_5_0_}

13:23:07.112 [Test worker] DEBUG o.h.loader.entity.plan.EntityLoader - Static select for entity org.project.neutrino.nfvo.catalogue.mano.common.CostituentVDU [FORCE]: select costituent0_.id as id1_5_0_, costituent0_.constituent_vnfc as constitu2_5_0_, costituent0_.number_of_instances as number_o3_5_0_, costituent0_.vdu_reference as vdu_refe4_5_0_, costituent0_.version as version5_5_0_ from costituentvdu costituent0_ where costituent0_.id=? for update
13:23:07.112 [Test worker] DEBUG o.h.l.p.b.i.spaces.QuerySpacesImpl - Adding QuerySpace : uid = <gen:0> -> org.hibernate.loader.plan.build.internal.spaces.EntityQuerySpaceImpl@1c4ce108]
13:23:07.112 [Test worker] DEBUG o.h.p.w.spi.MetamodelGraphWalker - Visiting attribute path : constituent_vnfc
13:23:07.112 [Test worker] DEBUG o.h.p.w.spi.MetamodelGraphWalker - Visiting attribute path : number_of_instances
13:23:07.113 [Test worker] DEBUG o.h.p.w.spi.MetamodelGraphWalker - Visiting attribute path : vdu_reference
13:23:07.113 [Test worker] DEBUG o.h.p.w.spi.MetamodelGraphWalker - Visiting attribute path : version
13:23:07.113 [Test worker] DEBUG o.h.l.p.b.i.FetchStyleLoadPlanBuildingAssociationVisitationStrategy - Building LoadPlan...
13:23:07.113 [Test worker] DEBUG o.h.l.p.e.i.LoadQueryJoinAndFetchProcessor - processing queryspace <gen:0>
13:23:07.113 [Test worker] DEBUG o.h.l.p.b.spi.LoadPlanTreePrinter - LoadPlan(entity=org.project.neutrino.nfvo.catalogue.mano.common.CostituentVDU)
    - Returns
       - EntityReturnImpl(entity=org.project.neutrino.nfvo.catalogue.mano.common.CostituentVDU, querySpaceUid=<gen:0>, path=org.project.neutrino.nfvo.catalogue.mano.common.CostituentVDU)
    - QuerySpaces
       - EntityQuerySpaceImpl(uid=<gen:0>, entity=org.project.neutrino.nfvo.catalogue.mano.common.CostituentVDU)
          - SQL table alias mapping - costituent0_
          - alias suffix - 0_
          - suffixed key columns - {id1_5_0_}

13:23:07.113 [Test worker] DEBUG o.h.loader.entity.plan.EntityLoader - Static select for entity org.project.neutrino.nfvo.catalogue.mano.common.CostituentVDU [PESSIMISTIC_READ]: select costituent0_.id as id1_5_0_, costituent0_.constituent_vnfc as constitu2_5_0_, costituent0_.number_of_instances as number_o3_5_0_, costituent0_.vdu_reference as vdu_refe4_5_0_, costituent0_.version as version5_5_0_ from costituentvdu costituent0_ where costituent0_.id=? lock in share mode
13:23:07.113 [Test worker] DEBUG o.h.l.p.b.i.spaces.QuerySpacesImpl - Adding QuerySpace : uid = <gen:0> -> org.hibernate.loader.plan.build.internal.spaces.EntityQuerySpaceImpl@2fc4a239]
13:23:07.113 [Test worker] DEBUG o.h.p.w.spi.MetamodelGraphWalker - Visiting attribute path : constituent_vnfc
13:23:07.113 [Test worker] DEBUG o.h.p.w.spi.MetamodelGraphWalker - Visiting attribute path : number_of_instances
13:23:07.113 [Test worker] DEBUG o.h.p.w.spi.MetamodelGraphWalker - Visiting attribute path : vdu_reference
13:23:07.113 [Test worker] DEBUG o.h.p.w.spi.MetamodelGraphWalker - Visiting attribute path : version
13:23:07.113 [Test worker] DEBUG o.h.l.p.b.i.FetchStyleLoadPlanBuildingAssociationVisitationStrategy - Building LoadPlan...
13:23:07.113 [Test worker] DEBUG o.h.l.p.e.i.LoadQueryJoinAndFetchProcessor - processing queryspace <gen:0>
13:23:07.114 [Test worker] DEBUG o.h.l.p.b.spi.LoadPlanTreePrinter - LoadPlan(entity=org.project.neutrino.nfvo.catalogue.mano.common.CostituentVDU)
    - Returns
       - EntityReturnImpl(entity=org.project.neutrino.nfvo.catalogue.mano.common.CostituentVDU, querySpaceUid=<gen:0>, path=org.project.neutrino.nfvo.catalogue.mano.common.CostituentVDU)
    - QuerySpaces
       - EntityQuerySpaceImpl(uid=<gen:0>, entity=org.project.neutrino.nfvo.catalogue.mano.common.CostituentVDU)
          - SQL table alias mapping - costituent0_
          - alias suffix - 0_
          - suffixed key columns - {id1_5_0_}

13:23:07.114 [Test worker] DEBUG o.h.loader.entity.plan.EntityLoader - Static select for entity org.project.neutrino.nfvo.catalogue.mano.common.CostituentVDU [PESSIMISTIC_WRITE]: select costituent0_.id as id1_5_0_, costituent0_.constituent_vnfc as constitu2_5_0_, costituent0_.number_of_instances as number_o3_5_0_, costituent0_.vdu_reference as vdu_refe4_5_0_, costituent0_.version as version5_5_0_ from costituentvdu costituent0_ where costituent0_.id=? for update
13:23:07.114 [Test worker] DEBUG o.h.l.p.b.i.spaces.QuerySpacesImpl - Adding QuerySpace : uid = <gen:0> -> org.hibernate.loader.plan.build.internal.spaces.EntityQuerySpaceImpl@36cc28ae]
13:23:07.114 [Test worker] DEBUG o.h.p.w.spi.MetamodelGraphWalker - Visiting attribute path : constituent_vnfc
13:23:07.114 [Test worker] DEBUG o.h.p.w.spi.MetamodelGraphWalker - Visiting attribute path : number_of_instances
13:23:07.114 [Test worker] DEBUG o.h.p.w.spi.MetamodelGraphWalker - Visiting attribute path : vdu_reference
13:23:07.114 [Test worker] DEBUG o.h.p.w.spi.MetamodelGraphWalker - Visiting attribute path : version
13:23:07.114 [Test worker] DEBUG o.h.l.p.b.i.FetchStyleLoadPlanBuildingAssociationVisitationStrategy - Building LoadPlan...
13:23:07.114 [Test worker] DEBUG o.h.l.p.e.i.LoadQueryJoinAndFetchProcessor - processing queryspace <gen:0>
13:23:07.114 [Test worker] DEBUG o.h.l.p.b.spi.LoadPlanTreePrinter - LoadPlan(entity=org.project.neutrino.nfvo.catalogue.mano.common.CostituentVDU)
    - Returns
       - EntityReturnImpl(entity=org.project.neutrino.nfvo.catalogue.mano.common.CostituentVDU, querySpaceUid=<gen:0>, path=org.project.neutrino.nfvo.catalogue.mano.common.CostituentVDU)
    - QuerySpaces
       - EntityQuerySpaceImpl(uid=<gen:0>, entity=org.project.neutrino.nfvo.catalogue.mano.common.CostituentVDU)
          - SQL table alias mapping - costituent0_
          - alias suffix - 0_
          - suffixed key columns - {id1_5_0_}

13:23:07.114 [Test worker] DEBUG o.h.loader.entity.plan.EntityLoader - Static select for entity org.project.neutrino.nfvo.catalogue.mano.common.CostituentVDU [PESSIMISTIC_FORCE_INCREMENT]: select costituent0_.id as id1_5_0_, costituent0_.constituent_vnfc as constitu2_5_0_, costituent0_.number_of_instances as number_o3_5_0_, costituent0_.vdu_reference as vdu_refe4_5_0_, costituent0_.version as version5_5_0_ from costituentvdu costituent0_ where costituent0_.id=? for update
13:23:07.114 [Test worker] DEBUG o.h.l.p.b.i.spaces.QuerySpacesImpl - Adding QuerySpace : uid = <gen:0> -> org.hibernate.loader.plan.build.internal.spaces.EntityQuerySpaceImpl@4012f373]
13:23:07.115 [Test worker] DEBUG o.h.p.w.spi.MetamodelGraphWalker - Visiting attribute path : constituent_vnfc
13:23:07.115 [Test worker] DEBUG o.h.p.w.spi.MetamodelGraphWalker - Visiting attribute path : number_of_instances
13:23:07.115 [Test worker] DEBUG o.h.p.w.spi.MetamodelGraphWalker - Visiting attribute path : vdu_reference
13:23:07.115 [Test worker] DEBUG o.h.p.w.spi.MetamodelGraphWalker - Visiting attribute path : version
13:23:07.115 [Test worker] DEBUG o.h.l.p.b.i.FetchStyleLoadPlanBuildingAssociationVisitationStrategy - Building LoadPlan...
13:23:07.115 [Test worker] DEBUG o.h.l.p.e.i.LoadQueryJoinAndFetchProcessor - processing queryspace <gen:0>
13:23:07.115 [Test worker] DEBUG o.h.l.p.b.spi.LoadPlanTreePrinter - LoadPlan(entity=org.project.neutrino.nfvo.catalogue.mano.common.CostituentVDU)
    - Returns
       - EntityReturnImpl(entity=org.project.neutrino.nfvo.catalogue.mano.common.CostituentVDU, querySpaceUid=<gen:0>, path=org.project.neutrino.nfvo.catalogue.mano.common.CostituentVDU)
    - QuerySpaces
       - EntityQuerySpaceImpl(uid=<gen:0>, entity=org.project.neutrino.nfvo.catalogue.mano.common.CostituentVDU)
          - SQL table alias mapping - costituent0_
          - alias suffix - 0_
          - suffixed key columns - {id1_5_0_}

13:23:07.115 [Test worker] DEBUG o.h.loader.entity.plan.EntityLoader - Static select for entity org.project.neutrino.nfvo.catalogue.mano.common.CostituentVDU [OPTIMISTIC]: select costituent0_.id as id1_5_0_, costituent0_.constituent_vnfc as constitu2_5_0_, costituent0_.number_of_instances as number_o3_5_0_, costituent0_.vdu_reference as vdu_refe4_5_0_, costituent0_.version as version5_5_0_ from costituentvdu costituent0_ where costituent0_.id=?
13:23:07.115 [Test worker] DEBUG o.h.l.p.b.i.spaces.QuerySpacesImpl - Adding QuerySpace : uid = <gen:0> -> org.hibernate.loader.plan.build.internal.spaces.EntityQuerySpaceImpl@578ed8e1]
13:23:07.115 [Test worker] DEBUG o.h.p.w.spi.MetamodelGraphWalker - Visiting attribute path : constituent_vnfc
13:23:07.115 [Test worker] DEBUG o.h.p.w.spi.MetamodelGraphWalker - Visiting attribute path : number_of_instances
13:23:07.115 [Test worker] DEBUG o.h.p.w.spi.MetamodelGraphWalker - Visiting attribute path : vdu_reference
13:23:07.115 [Test worker] DEBUG o.h.p.w.spi.MetamodelGraphWalker - Visiting attribute path : version
13:23:07.115 [Test worker] DEBUG o.h.l.p.b.i.FetchStyleLoadPlanBuildingAssociationVisitationStrategy - Building LoadPlan...
13:23:07.115 [Test worker] DEBUG o.h.l.p.e.i.LoadQueryJoinAndFetchProcessor - processing queryspace <gen:0>
13:23:07.116 [Test worker] DEBUG o.h.l.p.b.spi.LoadPlanTreePrinter - LoadPlan(entity=org.project.neutrino.nfvo.catalogue.mano.common.CostituentVDU)
    - Returns
       - EntityReturnImpl(entity=org.project.neutrino.nfvo.catalogue.mano.common.CostituentVDU, querySpaceUid=<gen:0>, path=org.project.neutrino.nfvo.catalogue.mano.common.CostituentVDU)
    - QuerySpaces
       - EntityQuerySpaceImpl(uid=<gen:0>, entity=org.project.neutrino.nfvo.catalogue.mano.common.CostituentVDU)
          - SQL table alias mapping - costituent0_
          - alias suffix - 0_
          - suffixed key columns - {id1_5_0_}

13:23:07.116 [Test worker] DEBUG o.h.loader.entity.plan.EntityLoader - Static select for entity org.project.neutrino.nfvo.catalogue.mano.common.CostituentVDU [OPTIMISTIC_FORCE_INCREMENT]: select costituent0_.id as id1_5_0_, costituent0_.constituent_vnfc as constitu2_5_0_, costituent0_.number_of_instances as number_o3_5_0_, costituent0_.vdu_reference as vdu_refe4_5_0_, costituent0_.version as version5_5_0_ from costituentvdu costituent0_ where costituent0_.id=?
13:23:07.116 [Test worker] DEBUG org.hibernate.loader.Loader - Static select for action ACTION_MERGE on entity org.project.neutrino.nfvo.catalogue.mano.common.CostituentVDU: select costituent0_.id as id1_5_0_, costituent0_.constituent_vnfc as constitu2_5_0_, costituent0_.number_of_instances as number_o3_5_0_, costituent0_.vdu_reference as vdu_refe4_5_0_, costituent0_.version as version5_5_0_ from costituentvdu costituent0_ where costituent0_.id=?
13:23:07.116 [Test worker] DEBUG org.hibernate.loader.Loader - Static select for action ACTION_REFRESH on entity org.project.neutrino.nfvo.catalogue.mano.common.CostituentVDU: select costituent0_.id as id1_5_0_, costituent0_.constituent_vnfc as constitu2_5_0_, costituent0_.number_of_instances as number_o3_5_0_, costituent0_.vdu_reference as vdu_refe4_5_0_, costituent0_.version as version5_5_0_ from costituentvdu costituent0_ where costituent0_.id=?
13:23:07.116 [Test worker] DEBUG o.h.p.entity.AbstractEntityPersister - Static SQL for entity: org.project.neutrino.nfvo.catalogue.mano.record.VirtualLinkRecord
13:23:07.116 [Test worker] DEBUG o.h.p.entity.AbstractEntityPersister -  Version select: select id from virtual_link_record where id =?
13:23:07.116 [Test worker] DEBUG o.h.p.entity.AbstractEntityPersister -  Snapshot select: select virtuallin_.id, virtuallin_.connectivity_type as connecti2_54_, virtuallin_.descriptor_reference as descript3_54_, virtuallin_.leaf_requirement as leaf_req4_54_, virtuallin_.number_of_enpoints as number_o5_54_, virtuallin_.parent_ns as parent_n6_54_, virtuallin_.root_requirement as root_req7_54_, virtuallin_.status as status8_54_, virtuallin_.test_access as test_acc9_54_, virtuallin_.vendor as vendor10_54_, virtuallin_.version as version11_54_, virtuallin_.vim_id as vim_id12_54_ from virtual_link_record virtuallin_ where virtuallin_.id=?
13:23:07.116 [Test worker] DEBUG o.h.p.entity.AbstractEntityPersister -  Insert 0: insert into virtual_link_record (connectivity_type, descriptor_reference, leaf_requirement, number_of_enpoints, parent_ns, root_requirement, status, test_access, vendor, version, vim_id, id) values (?, ?, ?, ?, ?, ?, ?, ?, ?, ?, ?, ?)
13:23:07.116 [Test worker] DEBUG o.h.p.entity.AbstractEntityPersister -  Update 0: update virtual_link_record set connectivity_type=?, descriptor_reference=?, leaf_requirement=?, number_of_enpoints=?, parent_ns=?, root_requirement=?, status=?, test_access=?, vendor=?, version=?, vim_id=? where id=?
13:23:07.116 [Test worker] DEBUG o.h.p.entity.AbstractEntityPersister -  Delete 0: delete from virtual_link_record where id=?
13:23:07.116 [Test worker] DEBUG o.h.l.p.b.i.spaces.QuerySpacesImpl - Adding QuerySpace : uid = <gen:0> -> org.hibernate.loader.plan.build.internal.spaces.EntityQuerySpaceImpl@32378c11]
13:23:07.117 [Test worker] DEBUG o.h.p.w.spi.MetamodelGraphWalker - Visiting attribute path : allocated_capacity
13:23:07.117 [Test worker] DEBUG o.h.p.w.spi.MetamodelGraphWalker - Visiting attribute path : audit_log
13:23:07.117 [Test worker] DEBUG o.h.p.w.spi.MetamodelGraphWalker - Visiting attribute path : connection
13:23:07.117 [Test worker] DEBUG o.h.p.w.spi.MetamodelGraphWalker - Visiting attribute path : connectivity_type
13:23:07.117 [Test worker] DEBUG o.h.p.w.spi.MetamodelGraphWalker - Visiting attribute path : descriptor_reference
13:23:07.117 [Test worker] DEBUG o.h.p.w.spi.MetamodelGraphWalker - Visiting attribute path : leaf_requirement
13:23:07.117 [Test worker] DEBUG o.h.p.w.spi.MetamodelGraphWalker - Visiting attribute path : lifecycle_event_history
13:23:07.117 [Test worker] DEBUG o.h.l.p.b.i.spaces.QuerySpacesImpl - Adding QuerySpace : uid = <gen:1> -> org.hibernate.loader.plan.build.internal.spaces.CollectionQuerySpaceImpl@8d7b381]
13:23:07.117 [Test worker] DEBUG o.h.l.p.b.i.spaces.QuerySpacesImpl - Adding QuerySpace : uid = <gen:2> -> org.hibernate.loader.plan.build.internal.spaces.EntityQuerySpaceImpl@949deb0]
13:23:07.117 [Test worker] DEBUG o.h.p.w.spi.MetamodelGraphWalker - Visiting attribute path : lifecycle_event_history.lifecycle_events
13:23:07.117 [Test worker] DEBUG o.h.p.w.spi.MetamodelGraphWalker - Visiting attribute path : lifecycle_event_history.version
13:23:07.117 [Test worker] DEBUG o.h.p.w.spi.MetamodelGraphWalker - Visiting attribute path : notification
13:23:07.117 [Test worker] DEBUG o.h.p.w.spi.MetamodelGraphWalker - Visiting attribute path : number_of_enpoints
13:23:07.117 [Test worker] DEBUG o.h.p.w.spi.MetamodelGraphWalker - Visiting attribute path : parent_ns
13:23:07.117 [Test worker] DEBUG o.h.p.w.spi.MetamodelGraphWalker - Visiting attribute path : qos
13:23:07.117 [Test worker] DEBUG o.h.p.w.spi.MetamodelGraphWalker - Visiting attribute path : root_requirement
13:23:07.117 [Test worker] DEBUG o.h.p.w.spi.MetamodelGraphWalker - Visiting attribute path : status
13:23:07.117 [Test worker] DEBUG o.h.p.w.spi.MetamodelGraphWalker - Visiting attribute path : test_access
13:23:07.117 [Test worker] DEBUG o.h.p.w.spi.MetamodelGraphWalker - Visiting attribute path : vendor
13:23:07.117 [Test worker] DEBUG o.h.p.w.spi.MetamodelGraphWalker - Visiting attribute path : version
13:23:07.117 [Test worker] DEBUG o.h.p.w.spi.MetamodelGraphWalker - Visiting attribute path : vim_id
13:23:07.117 [Test worker] DEBUG o.h.p.w.spi.MetamodelGraphWalker - Visiting attribute path : vnffgr_reference
13:23:07.117 [Test worker] DEBUG o.h.l.p.b.i.spaces.QuerySpacesImpl - Adding QuerySpace : uid = <gen:3> -> org.hibernate.loader.plan.build.internal.spaces.CollectionQuerySpaceImpl@3810be5b]
13:23:07.117 [Test worker] DEBUG o.h.l.p.b.i.spaces.QuerySpacesImpl - Adding QuerySpace : uid = <gen:4> -> org.hibernate.loader.plan.build.internal.spaces.EntityQuerySpaceImpl@5341651e]
13:23:07.117 [Test worker] DEBUG o.h.p.w.spi.MetamodelGraphWalker - Visiting attribute path : vnffgr_reference.audit_log
13:23:07.117 [Test worker] DEBUG o.h.p.w.spi.MetamodelGraphWalker - Visiting attribute path : vnffgr_reference.connection_point
13:23:07.117 [Test worker] DEBUG o.h.l.p.b.i.spaces.QuerySpacesImpl - Adding QuerySpace : uid = <gen:5> -> org.hibernate.loader.plan.build.internal.spaces.CollectionQuerySpaceImpl@49b96230]
13:23:07.117 [Test worker] DEBUG o.h.l.p.b.i.spaces.QuerySpacesImpl - Adding QuerySpace : uid = <gen:6> -> org.hibernate.loader.plan.build.internal.spaces.EntityQuerySpaceImpl@29dd6320]
13:23:07.118 [Test worker] DEBUG o.h.p.w.spi.MetamodelGraphWalker - Visiting attribute path : vnffgr_reference.connection_point.type
13:23:07.118 [Test worker] DEBUG o.h.p.w.spi.MetamodelGraphWalker - Visiting attribute path : vnffgr_reference.connection_point.version
13:23:07.118 [Test worker] DEBUG o.h.p.w.spi.MetamodelGraphWalker - Visiting attribute path : vnffgr_reference.connection_point.virtual_link_reference
13:23:07.118 [Test worker] DEBUG o.h.p.w.spi.MetamodelGraphWalker - Visiting attribute path : vnffgr_reference.dependent_virtual_link
13:23:07.118 [Test worker] DEBUG o.h.l.p.b.i.spaces.QuerySpacesImpl - Adding QuerySpace : uid = <gen:7> -> org.hibernate.loader.plan.build.internal.spaces.CollectionQuerySpaceImpl@36c4a384]
13:23:07.118 [Test worker] DEBUG o.h.l.p.b.i.spaces.QuerySpacesImpl - Adding QuerySpace : uid = <gen:8> -> org.hibernate.loader.plan.build.internal.spaces.EntityQuerySpaceImpl@27cb4b33]
13:23:07.118 [Test worker] DEBUG o.h.p.w.spi.MetamodelGraphWalker - Visiting attribute path : vnffgr_reference.dependent_virtual_link.allocated_capacity
13:23:07.118 [Test worker] DEBUG o.h.p.w.spi.MetamodelGraphWalker - Visiting attribute path : vnffgr_reference.dependent_virtual_link.audit_log
13:23:07.118 [Test worker] DEBUG o.h.p.w.spi.MetamodelGraphWalker - Visiting attribute path : vnffgr_reference.dependent_virtual_link.connection
13:23:07.118 [Test worker] DEBUG o.h.p.w.spi.MetamodelGraphWalker - Visiting attribute path : vnffgr_reference.dependent_virtual_link.connectivity_type
13:23:07.118 [Test worker] DEBUG o.h.p.w.spi.MetamodelGraphWalker - Visiting attribute path : vnffgr_reference.dependent_virtual_link.descriptor_reference
13:23:07.118 [Test worker] DEBUG o.h.p.w.spi.MetamodelGraphWalker - Visiting attribute path : vnffgr_reference.dependent_virtual_link.leaf_requirement
13:23:07.118 [Test worker] DEBUG o.h.p.w.spi.MetamodelGraphWalker - Visiting attribute path : vnffgr_reference.dependent_virtual_link.lifecycle_event_history
13:23:07.118 [Test worker] DEBUG o.h.p.w.spi.MetamodelGraphWalker - Property path deemed to be circular : vnffgr_reference.dependent_virtual_link.lifecycle_event_history
13:23:07.118 [Test worker] DEBUG o.h.p.w.spi.MetamodelGraphWalker - Visiting attribute path : vnffgr_reference.dependent_virtual_link.notification
13:23:07.118 [Test worker] DEBUG o.h.p.w.spi.MetamodelGraphWalker - Visiting attribute path : vnffgr_reference.dependent_virtual_link.number_of_enpoints
13:23:07.118 [Test worker] DEBUG o.h.p.w.spi.MetamodelGraphWalker - Visiting attribute path : vnffgr_reference.dependent_virtual_link.parent_ns
13:23:07.118 [Test worker] DEBUG o.h.p.w.spi.MetamodelGraphWalker - Visiting attribute path : vnffgr_reference.dependent_virtual_link.qos
13:23:07.118 [Test worker] DEBUG o.h.p.w.spi.MetamodelGraphWalker - Visiting attribute path : vnffgr_reference.dependent_virtual_link.root_requirement
13:23:07.118 [Test worker] DEBUG o.h.p.w.spi.MetamodelGraphWalker - Visiting attribute path : vnffgr_reference.dependent_virtual_link.status
13:23:07.118 [Test worker] DEBUG o.h.p.w.spi.MetamodelGraphWalker - Visiting attribute path : vnffgr_reference.dependent_virtual_link.test_access
13:23:07.118 [Test worker] DEBUG o.h.p.w.spi.MetamodelGraphWalker - Visiting attribute path : vnffgr_reference.dependent_virtual_link.vendor
13:23:07.118 [Test worker] DEBUG o.h.p.w.spi.MetamodelGraphWalker - Visiting attribute path : vnffgr_reference.dependent_virtual_link.version
13:23:07.118 [Test worker] DEBUG o.h.p.w.spi.MetamodelGraphWalker - Visiting attribute path : vnffgr_reference.dependent_virtual_link.vim_id
13:23:07.118 [Test worker] DEBUG o.h.p.w.spi.MetamodelGraphWalker - Visiting attribute path : vnffgr_reference.dependent_virtual_link.vnffgr_reference
13:23:07.118 [Test worker] DEBUG o.h.p.w.spi.MetamodelGraphWalker - Property path deemed to be circular : vnffgr_reference.dependent_virtual_link.vnffgr_reference
13:23:07.118 [Test worker] DEBUG o.h.p.w.spi.MetamodelGraphWalker - Visiting attribute path : vnffgr_reference.descriptor_reference
13:23:07.119 [Test worker] DEBUG o.h.l.p.b.i.spaces.QuerySpacesImpl - Adding QuerySpace : uid = <gen:9> -> org.hibernate.loader.plan.build.internal.spaces.EntityQuerySpaceImpl@515f9503]
13:23:07.119 [Test worker] DEBUG o.h.p.w.spi.MetamodelGraphWalker - Visiting attribute path : vnffgr_reference.descriptor_reference.connection_point
13:23:07.119 [Test worker] DEBUG o.h.p.w.spi.MetamodelGraphWalker - Visiting attribute path : vnffgr_reference.descriptor_reference.constituent_vnfs
13:23:07.119 [Test worker] DEBUG o.h.p.w.spi.MetamodelGraphWalker - Visiting attribute path : vnffgr_reference.descriptor_reference.dependent_virtual_link
13:23:07.119 [Test worker] DEBUG o.h.p.w.spi.MetamodelGraphWalker - Visiting attribute path : vnffgr_reference.descriptor_reference.descriptor_version
13:23:07.119 [Test worker] DEBUG o.h.p.w.spi.MetamodelGraphWalker - Visiting attribute path : vnffgr_reference.descriptor_reference.hb_version
13:23:07.119 [Test worker] DEBUG o.h.p.w.spi.MetamodelGraphWalker - Visiting attribute path : vnffgr_reference.descriptor_reference.network_forwarding_path
13:23:07.119 [Test worker] DEBUG o.h.p.w.spi.MetamodelGraphWalker - Visiting attribute path : vnffgr_reference.descriptor_reference.number_of_endpoints
13:23:07.119 [Test worker] DEBUG o.h.p.w.spi.MetamodelGraphWalker - Visiting attribute path : vnffgr_reference.descriptor_reference.number_of_virtual_links
13:23:07.119 [Test worker] DEBUG o.h.p.w.spi.MetamodelGraphWalker - Visiting attribute path : vnffgr_reference.descriptor_reference.vendor
13:23:07.119 [Test worker] DEBUG o.h.p.w.spi.MetamodelGraphWalker - Visiting attribute path : vnffgr_reference.descriptor_reference.version
13:23:07.119 [Test worker] DEBUG o.h.p.w.spi.MetamodelGraphWalker - Visiting attribute path : vnffgr_reference.descriptor_reference.vnffgd_security
13:23:07.119 [Test worker] DEBUG o.h.l.p.b.i.spaces.QuerySpacesImpl - Adding QuerySpace : uid = <gen:10> -> org.hibernate.loader.plan.build.internal.spaces.EntityQuerySpaceImpl@df419b9]
13:23:07.119 [Test worker] DEBUG o.h.p.w.spi.MetamodelGraphWalker - Visiting attribute path : vnffgr_reference.lifecycle_event_history
13:23:07.119 [Test worker] DEBUG o.h.l.p.b.i.spaces.QuerySpacesImpl - Adding QuerySpace : uid = <gen:11> -> org.hibernate.loader.plan.build.internal.spaces.CollectionQuerySpaceImpl@14c4c7d7]
13:23:07.119 [Test worker] DEBUG o.h.l.p.b.i.spaces.QuerySpacesImpl - Adding QuerySpace : uid = <gen:12> -> org.hibernate.loader.plan.build.internal.spaces.EntityQuerySpaceImpl@31bfee8]
13:23:07.119 [Test worker] DEBUG o.h.p.w.spi.MetamodelGraphWalker - Visiting attribute path : vnffgr_reference.lifecycle_event_history.lifecycle_events
13:23:07.119 [Test worker] DEBUG o.h.p.w.spi.MetamodelGraphWalker - Visiting attribute path : vnffgr_reference.lifecycle_event_history.version
13:23:07.119 [Test worker] DEBUG o.h.p.w.spi.MetamodelGraphWalker - Visiting attribute path : vnffgr_reference.member_vnfs
13:23:07.119 [Test worker] DEBUG o.h.l.p.b.i.spaces.QuerySpacesImpl - Adding QuerySpace : uid = <gen:13> -> org.hibernate.loader.plan.build.internal.spaces.CollectionQuerySpaceImpl@2c30680f]
13:23:07.119 [Test worker] DEBUG o.h.l.p.b.i.spaces.QuerySpacesImpl - Adding QuerySpace : uid = <gen:14> -> org.hibernate.loader.plan.build.internal.spaces.EntityQuerySpaceImpl@1dffc773]
13:23:07.119 [Test worker] DEBUG o.h.p.w.spi.MetamodelGraphWalker - Visiting attribute path : vnffgr_reference.member_vnfs.audit_log
13:23:07.119 [Test worker] DEBUG o.h.p.w.spi.MetamodelGraphWalker - Visiting attribute path : vnffgr_reference.member_vnfs.auto_scale_policy
13:23:07.120 [Test worker] DEBUG o.h.l.p.b.i.spaces.QuerySpacesImpl - Adding QuerySpace : uid = <gen:15> -> org.hibernate.loader.plan.build.internal.spaces.CollectionQuerySpaceImpl@11b13643]
13:23:07.120 [Test worker] DEBUG o.h.l.p.b.i.spaces.QuerySpacesImpl - Adding QuerySpace : uid = <gen:16> -> org.hibernate.loader.plan.build.internal.spaces.EntityQuerySpaceImpl@96171c8]
13:23:07.120 [Test worker] DEBUG o.h.p.w.spi.MetamodelGraphWalker - Visiting attribute path : vnffgr_reference.member_vnfs.connected_external_virtual_link
13:23:07.120 [Test worker] DEBUG o.h.l.p.b.i.spaces.QuerySpacesImpl - Adding QuerySpace : uid = <gen:17> -> org.hibernate.loader.plan.build.internal.spaces.CollectionQuerySpaceImpl@5c750647]
13:23:07.120 [Test worker] DEBUG o.h.l.p.b.i.spaces.QuerySpacesImpl - Adding QuerySpace : uid = <gen:18> -> org.hibernate.loader.plan.build.internal.spaces.EntityQuerySpaceImpl@6ef4ebd]
13:23:07.120 [Test worker] DEBUG o.h.p.w.spi.MetamodelGraphWalker - Visiting attribute path : vnffgr_reference.member_vnfs.connection_point
13:23:07.120 [Test worker] DEBUG o.h.l.p.b.i.spaces.QuerySpacesImpl - Adding QuerySpace : uid = <gen:19> -> org.hibernate.loader.plan.build.internal.spaces.CollectionQuerySpaceImpl@491a5dd9]
13:23:07.120 [Test worker] DEBUG o.h.l.p.b.i.spaces.QuerySpacesImpl - Adding QuerySpace : uid = <gen:20> -> org.hibernate.loader.plan.build.internal.spaces.EntityQuerySpaceImpl@6207770d]
13:23:07.120 [Test worker] DEBUG o.h.p.w.spi.MetamodelGraphWalker - Visiting attribute path : vnffgr_reference.member_vnfs.dependency
13:23:07.120 [Test worker] DEBUG o.h.l.p.b.i.spaces.QuerySpacesImpl - Adding QuerySpace : uid = <gen:21> -> org.hibernate.loader.plan.build.internal.spaces.CollectionQuerySpaceImpl@581928c2]
13:23:07.120 [Test worker] DEBUG o.h.l.p.b.i.spaces.QuerySpacesImpl - Adding QuerySpace : uid = <gen:22> -> org.hibernate.loader.plan.build.internal.spaces.EntityQuerySpaceImpl@5bc305bd]
13:23:07.120 [Test worker] DEBUG o.h.p.w.spi.MetamodelGraphWalker - Visiting attribute path : vnffgr_reference.member_vnfs.deployment_flavour
13:23:07.120 [Test worker] DEBUG o.h.l.p.b.i.spaces.QuerySpacesImpl - Adding QuerySpace : uid = <gen:23> -> org.hibernate.loader.plan.build.internal.spaces.EntityQuerySpaceImpl@60adea5b]
13:23:07.120 [Test worker] DEBUG o.h.p.w.spi.MetamodelGraphWalker - Visiting attribute path : vnffgr_reference.member_vnfs.descriptor_reference
13:23:07.120 [Test worker] DEBUG o.h.p.w.spi.MetamodelGraphWalker - Visiting attribute path : vnffgr_reference.member_vnfs.lifecycle_event
13:23:07.120 [Test worker] DEBUG o.h.l.p.b.i.spaces.QuerySpacesImpl - Adding QuerySpace : uid = <gen:24> -> org.hibernate.loader.plan.build.internal.spaces.EntityQuerySpaceImpl@39f52df3]
13:23:07.120 [Test worker] DEBUG o.h.p.w.spi.MetamodelGraphWalker - Visiting attribute path : vnffgr_reference.member_vnfs.lifecycle_event_history
13:23:07.120 [Test worker] DEBUG o.h.l.p.b.i.spaces.QuerySpacesImpl - Adding QuerySpace : uid = <gen:25> -> org.hibernate.loader.plan.build.internal.spaces.CollectionQuerySpaceImpl@f9bca3f]
13:23:07.120 [Test worker] DEBUG o.h.l.p.b.i.spaces.QuerySpacesImpl - Adding QuerySpace : uid = <gen:26> -> org.hibernate.loader.plan.build.internal.spaces.EntityQuerySpaceImpl@3cfaf61a]
13:23:07.120 [Test worker] DEBUG o.h.p.w.spi.MetamodelGraphWalker - Visiting attribute path : vnffgr_reference.member_vnfs.localization
13:23:07.120 [Test worker] DEBUG o.h.p.w.spi.MetamodelGraphWalker - Visiting attribute path : vnffgr_reference.member_vnfs.monitoring_parameter
13:23:07.121 [Test worker] DEBUG o.h.p.w.spi.MetamodelGraphWalker - Visiting attribute path : vnffgr_reference.member_vnfs.notification
13:23:07.121 [Test worker] DEBUG o.h.p.w.spi.MetamodelGraphWalker - Visiting attribute path : vnffgr_reference.member_vnfs.parent_ns
13:23:07.121 [Test worker] DEBUG o.h.l.p.b.i.spaces.QuerySpacesImpl - Adding QuerySpace : uid = <gen:27> -> org.hibernate.loader.plan.build.internal.spaces.EntityQuerySpaceImpl@33443d]
13:23:07.121 [Test worker] DEBUG o.h.p.w.spi.MetamodelGraphWalker - Visiting attribute path : vnffgr_reference.member_vnfs.runtime_policy_info
13:23:07.121 [Test worker] DEBUG o.h.p.w.spi.MetamodelGraphWalker - Visiting attribute path : vnffgr_reference.member_vnfs.status
13:23:07.121 [Test worker] DEBUG o.h.p.w.spi.MetamodelGraphWalker - Visiting attribute path : vnffgr_reference.member_vnfs.vdu
13:23:07.121 [Test worker] DEBUG o.h.l.p.b.i.spaces.QuerySpacesImpl - Adding QuerySpace : uid = <gen:28> -> org.hibernate.loader.plan.build.internal.spaces.CollectionQuerySpaceImpl@25c500e5]
13:23:07.121 [Test worker] DEBUG o.h.l.p.b.i.spaces.QuerySpacesImpl - Adding QuerySpace : uid = <gen:29> -> org.hibernate.loader.plan.build.internal.spaces.EntityQuerySpaceImpl@28bdcdc2]
13:23:07.121 [Test worker] DEBUG o.h.p.w.spi.MetamodelGraphWalker - Visiting attribute path : vnffgr_reference.member_vnfs.vendor
13:23:07.121 [Test worker] DEBUG o.h.p.w.spi.MetamodelGraphWalker - Visiting attribute path : vnffgr_reference.member_vnfs.version
13:23:07.121 [Test worker] DEBUG o.h.p.w.spi.MetamodelGraphWalker - Visiting attribute path : vnffgr_reference.member_vnfs.virtual_link
13:23:07.121 [Test worker] DEBUG o.h.l.p.b.i.spaces.QuerySpacesImpl - Adding QuerySpace : uid = <gen:30> -> org.hibernate.loader.plan.build.internal.spaces.CollectionQuerySpaceImpl@450f9073]
13:23:07.121 [Test worker] DEBUG o.h.l.p.b.i.spaces.QuerySpacesImpl - Adding QuerySpace : uid = <gen:31> -> org.hibernate.loader.plan.build.internal.spaces.EntityQuerySpaceImpl@d49171]
13:23:07.121 [Test worker] DEBUG o.h.p.w.spi.MetamodelGraphWalker - Visiting attribute path : vnffgr_reference.member_vnfs.vnf_address
13:23:07.121 [Test worker] DEBUG o.h.p.w.spi.MetamodelGraphWalker - Visiting attribute path : vnffgr_reference.member_vnfs.vnfm_id
13:23:07.121 [Test worker] DEBUG o.h.p.w.spi.MetamodelGraphWalker - Visiting attribute path : vnffgr_reference.network_forwarding_path
13:23:07.122 [Test worker] DEBUG o.h.l.p.b.i.spaces.QuerySpacesImpl - Adding QuerySpace : uid = <gen:32> -> org.hibernate.loader.plan.build.internal.spaces.EntityQuerySpaceImpl@3989224]
13:23:07.122 [Test worker] DEBUG o.h.p.w.spi.MetamodelGraphWalker - Visiting attribute path : vnffgr_reference.network_forwarding_path.connection
13:23:07.122 [Test worker] DEBUG o.h.l.p.b.i.spaces.QuerySpacesImpl - Adding QuerySpace : uid = <gen:33> -> org.hibernate.loader.plan.build.internal.spaces.CollectionQuerySpaceImpl@5e4ed2e4]
13:23:07.122 [Test worker] DEBUG o.h.p.w.spi.MetamodelGraphWalker - Visiting attribute path : vnffgr_reference.network_forwarding_path.policy
13:23:07.122 [Test worker] DEBUG o.h.l.p.b.i.spaces.QuerySpacesImpl - Adding QuerySpace : uid = <gen:34> -> org.hibernate.loader.plan.build.internal.spaces.EntityQuerySpaceImpl@8f7a71b]
13:23:07.122 [Test worker] DEBUG o.h.p.w.spi.MetamodelGraphWalker - Visiting attribute path : vnffgr_reference.network_forwarding_path.version
13:23:07.122 [Test worker] DEBUG o.h.p.w.spi.MetamodelGraphWalker - Visiting attribute path : vnffgr_reference.notification
13:23:07.122 [Test worker] DEBUG o.h.p.w.spi.MetamodelGraphWalker - Visiting attribute path : vnffgr_reference.number_of_endpoints
13:23:07.122 [Test worker] DEBUG o.h.p.w.spi.MetamodelGraphWalker - Visiting attribute path : vnffgr_reference.number_of_pnfs
13:23:07.122 [Test worker] DEBUG o.h.p.w.spi.MetamodelGraphWalker - Visiting attribute path : vnffgr_reference.number_of_virtual_links
13:23:07.122 [Test worker] DEBUG o.h.p.w.spi.MetamodelGraphWalker - Visiting attribute path : vnffgr_reference.number_of_vnfs
13:23:07.122 [Test worker] DEBUG o.h.p.w.spi.MetamodelGraphWalker - Visiting attribute path : vnffgr_reference.parent_ns
13:23:07.122 [Test worker] DEBUG o.h.l.p.b.i.spaces.QuerySpacesImpl - Adding QuerySpace : uid = <gen:35> -> org.hibernate.loader.plan.build.internal.spaces.EntityQuerySpaceImpl@3afbe236]
13:23:07.122 [Test worker] DEBUG o.h.p.w.spi.MetamodelGraphWalker - Visiting attribute path : vnffgr_reference.parent_ns.audit_log
13:23:07.122 [Test worker] DEBUG o.h.p.w.spi.MetamodelGraphWalker - Visiting attribute path : vnffgr_reference.parent_ns.auto_scale_policy
13:23:07.122 [Test worker] DEBUG o.h.l.p.b.i.spaces.QuerySpacesImpl - Adding QuerySpace : uid = <gen:36> -> org.hibernate.loader.plan.build.internal.spaces.CollectionQuerySpaceImpl@19466564]
13:23:07.122 [Test worker] DEBUG o.h.l.p.b.i.spaces.QuerySpacesImpl - Adding QuerySpace : uid = <gen:37> -> org.hibernate.loader.plan.build.internal.spaces.EntityQuerySpaceImpl@5caa9532]
13:23:07.122 [Test worker] DEBUG o.h.p.w.spi.MetamodelGraphWalker - Visiting attribute path : vnffgr_reference.parent_ns.connection_point
13:23:07.123 [Test worker] DEBUG o.h.l.p.b.i.spaces.QuerySpacesImpl - Adding QuerySpace : uid = <gen:38> -> org.hibernate.loader.plan.build.internal.spaces.CollectionQuerySpaceImpl@43293525]
13:23:07.123 [Test worker] DEBUG o.h.l.p.b.i.spaces.QuerySpacesImpl - Adding QuerySpace : uid = <gen:39> -> org.hibernate.loader.plan.build.internal.spaces.EntityQuerySpaceImpl@46603295]
13:23:07.123 [Test worker] DEBUG o.h.p.w.spi.MetamodelGraphWalker - Visiting attribute path : vnffgr_reference.parent_ns.descriptor_reference
13:23:07.123 [Test worker] DEBUG o.h.l.p.b.i.spaces.QuerySpacesImpl - Adding QuerySpace : uid = <gen:40> -> org.hibernate.loader.plan.build.internal.spaces.EntityQuerySpaceImpl@5598f84b]
13:23:07.123 [Test worker] DEBUG o.h.p.w.spi.MetamodelGraphWalker - Visiting attribute path : vnffgr_reference.parent_ns.lifecycle_event
13:23:07.123 [Test worker] DEBUG o.h.l.p.b.i.spaces.QuerySpacesImpl - Adding QuerySpace : uid = <gen:41> -> org.hibernate.loader.plan.build.internal.spaces.EntityQuerySpaceImpl@2dd52fd4]
13:23:07.123 [Test worker] DEBUG o.h.p.w.spi.MetamodelGraphWalker - Visiting attribute path : vnffgr_reference.parent_ns.lifecycle_event_history
13:23:07.123 [Test worker] DEBUG o.h.l.p.b.i.spaces.QuerySpacesImpl - Adding QuerySpace : uid = <gen:42> -> org.hibernate.loader.plan.build.internal.spaces.CollectionQuerySpaceImpl@7371ece]
13:23:07.123 [Test worker] DEBUG o.h.l.p.b.i.spaces.QuerySpacesImpl - Adding QuerySpace : uid = <gen:43> -> org.hibernate.loader.plan.build.internal.spaces.EntityQuerySpaceImpl@33c76a15]
13:23:07.123 [Test worker] DEBUG o.h.p.w.spi.MetamodelGraphWalker - Visiting attribute path : vnffgr_reference.parent_ns.monitoring_parameter
13:23:07.123 [Test worker] DEBUG o.h.p.w.spi.MetamodelGraphWalker - Visiting attribute path : vnffgr_reference.parent_ns.notification
13:23:07.123 [Test worker] DEBUG o.h.p.w.spi.MetamodelGraphWalker - Visiting attribute path : vnffgr_reference.parent_ns.pnfr
13:23:07.123 [Test worker] DEBUG o.h.l.p.b.i.spaces.QuerySpacesImpl - Adding QuerySpace : uid = <gen:44> -> org.hibernate.loader.plan.build.internal.spaces.CollectionQuerySpaceImpl@6905a341]
13:23:07.123 [Test worker] DEBUG o.h.l.p.b.i.spaces.QuerySpacesImpl - Adding QuerySpace : uid = <gen:45> -> org.hibernate.loader.plan.build.internal.spaces.EntityQuerySpaceImpl@71213644]
13:23:07.123 [Test worker] DEBUG o.h.p.w.spi.MetamodelGraphWalker - Visiting attribute path : vnffgr_reference.parent_ns.resource_reservation
13:23:07.123 [Test worker] DEBUG o.h.p.w.spi.MetamodelGraphWalker - Visiting attribute path : vnffgr_reference.parent_ns.runtime_policy_info
13:23:07.123 [Test worker] DEBUG o.h.p.w.spi.MetamodelGraphWalker - Visiting attribute path : vnffgr_reference.parent_ns.service_deployment_flavour
13:23:07.123 [Test worker] DEBUG o.h.l.p.b.i.spaces.QuerySpacesImpl - Adding QuerySpace : uid = <gen:46> -> org.hibernate.loader.plan.build.internal.spaces.EntityQuerySpaceImpl@3b71e462]
13:23:07.123 [Test worker] DEBUG o.h.p.w.spi.MetamodelGraphWalker - Visiting attribute path : vnffgr_reference.parent_ns.status
13:23:07.123 [Test worker] DEBUG o.h.p.w.spi.MetamodelGraphWalker - Visiting attribute path : vnffgr_reference.parent_ns.vendor
13:23:07.123 [Test worker] DEBUG o.h.p.w.spi.MetamodelGraphWalker - Visiting attribute path : vnffgr_reference.parent_ns.version
13:23:07.123 [Test worker] DEBUG o.h.p.w.spi.MetamodelGraphWalker - Visiting attribute path : vnffgr_reference.parent_ns.vlr
13:23:07.124 [Test worker] DEBUG o.h.l.p.b.i.spaces.QuerySpacesImpl - Adding QuerySpace : uid = <gen:47> -> org.hibernate.loader.plan.build.internal.spaces.CollectionQuerySpaceImpl@3248fc6b]
13:23:07.124 [Test worker] DEBUG o.h.l.p.b.i.spaces.QuerySpacesImpl - Adding QuerySpace : uid = <gen:48> -> org.hibernate.loader.plan.build.internal.spaces.EntityQuerySpaceImpl@55b3ee97]
13:23:07.124 [Test worker] DEBUG o.h.p.w.spi.MetamodelGraphWalker - Visiting attribute path : vnffgr_reference.parent_ns.vnf_dependency
13:23:07.124 [Test worker] DEBUG o.h.l.p.b.i.spaces.QuerySpacesImpl - Adding QuerySpace : uid = <gen:49> -> org.hibernate.loader.plan.build.internal.spaces.CollectionQuerySpaceImpl@17f52776]
13:23:07.124 [Test worker] DEBUG o.h.l.p.b.i.spaces.QuerySpacesImpl - Adding QuerySpace : uid = <gen:50> -> org.hibernate.loader.plan.build.internal.spaces.EntityQuerySpaceImpl@5ff1c043]
13:23:07.124 [Test worker] DEBUG o.h.p.w.spi.MetamodelGraphWalker - Visiting attribute path : vnffgr_reference.parent_ns.vnffgr
13:23:07.124 [Test worker] DEBUG o.h.l.p.b.i.spaces.QuerySpacesImpl - Adding QuerySpace : uid = <gen:51> -> org.hibernate.loader.plan.build.internal.spaces.CollectionQuerySpaceImpl@78859fea]
13:23:07.124 [Test worker] DEBUG o.h.l.p.b.i.spaces.QuerySpacesImpl - Adding QuerySpace : uid = <gen:52> -> org.hibernate.loader.plan.build.internal.spaces.EntityQuerySpaceImpl@cc5f977]
13:23:07.124 [Test worker] DEBUG o.h.p.w.spi.MetamodelGraphWalker - Visiting attribute path : vnffgr_reference.parent_ns.vnfr
13:23:07.124 [Test worker] DEBUG o.h.l.p.b.i.spaces.QuerySpacesImpl - Adding QuerySpace : uid = <gen:53> -> org.hibernate.loader.plan.build.internal.spaces.EntityQuerySpaceImpl@197cfa2e]
13:23:07.124 [Test worker] DEBUG o.h.p.w.spi.MetamodelGraphWalker - Visiting attribute path : vnffgr_reference.status
13:23:07.124 [Test worker] DEBUG o.h.p.w.spi.MetamodelGraphWalker - Visiting attribute path : vnffgr_reference.vendor
13:23:07.124 [Test worker] DEBUG o.h.p.w.spi.MetamodelGraphWalker - Visiting attribute path : vnffgr_reference.version
13:23:07.124 [Test worker] DEBUG o.h.l.p.b.i.FetchStyleLoadPlanBuildingAssociationVisitationStrategy - Building LoadPlan...
13:23:07.124 [Test worker] DEBUG o.h.l.p.e.i.LoadQueryJoinAndFetchProcessor - processing queryspace <gen:0>
13:23:07.126 [Test worker] DEBUG o.h.l.p.b.spi.LoadPlanTreePrinter - LoadPlan(entity=org.project.neutrino.nfvo.catalogue.mano.record.VirtualLinkRecord)
    - Returns
       - EntityReturnImpl(entity=org.project.neutrino.nfvo.catalogue.mano.record.VirtualLinkRecord, querySpaceUid=<gen:0>, path=org.project.neutrino.nfvo.catalogue.mano.record.VirtualLinkRecord)
          - CollectionAttributeFetchImpl(collection=org.project.neutrino.nfvo.catalogue.mano.record.VirtualLinkRecord.lifecycle_event_history, querySpaceUid=<gen:1>, path=org.project.neutrino.nfvo.catalogue.mano.record.VirtualLinkRecord.lifecycle_event_history)
             - (collection element) CollectionFetchableElementEntityGraph(entity=org.project.neutrino.nfvo.catalogue.mano.common.LifecycleEvent, querySpaceUid=<gen:2>, path=org.project.neutrino.nfvo.catalogue.mano.record.VirtualLinkRecord.lifecycle_event_history.<elements>)
          - CollectionAttributeFetchImpl(collection=org.project.neutrino.nfvo.catalogue.mano.record.VirtualLinkRecord.vnffgr_reference, querySpaceUid=<gen:3>, path=org.project.neutrino.nfvo.catalogue.mano.record.VirtualLinkRecord.vnffgr_reference)
             - (collection element) CollectionFetchableElementEntityGraph(entity=org.project.neutrino.nfvo.catalogue.mano.record.VNFForwardingGraphRecord, querySpaceUid=<gen:4>, path=org.project.neutrino.nfvo.catalogue.mano.record.VirtualLinkRecord.vnffgr_reference.<elements>)
                - CollectionAttributeFetchImpl(collection=org.project.neutrino.nfvo.catalogue.mano.record.VNFForwardingGraphRecord.connection_point, querySpaceUid=<gen:5>, path=org.project.neutrino.nfvo.catalogue.mano.record.VirtualLinkRecord.vnffgr_reference.<elements>.connection_point)
                   - (collection element) CollectionFetchableElementEntityGraph(entity=org.project.neutrino.nfvo.catalogue.mano.descriptor.VNFDConnectionPoint, querySpaceUid=<gen:6>, path=org.project.neutrino.nfvo.catalogue.mano.record.VirtualLinkRecord.vnffgr_reference.<elements>.connection_point.<elements>)
                - CollectionAttributeFetchImpl(collection=org.project.neutrino.nfvo.catalogue.mano.record.VNFForwardingGraphRecord.dependent_virtual_link, querySpaceUid=<gen:7>, path=org.project.neutrino.nfvo.catalogue.mano.record.VirtualLinkRecord.vnffgr_reference.<elements>.dependent_virtual_link)
                   - (collection element) CollectionFetchableElementEntityGraph(entity=org.project.neutrino.nfvo.catalogue.mano.record.VirtualLinkRecord, querySpaceUid=<gen:8>, path=org.project.neutrino.nfvo.catalogue.mano.record.VirtualLinkRecord.vnffgr_reference.<elements>.dependent_virtual_link.<elements>)
                - EntityAttributeFetchImpl(entity=org.project.neutrino.nfvo.catalogue.mano.descriptor.VNFForwardingGraph, querySpaceUid=<gen:9>, path=org.project.neutrino.nfvo.catalogue.mano.record.VirtualLinkRecord.vnffgr_reference.<elements>.descriptor_reference)
                   - EntityAttributeFetchImpl(entity=org.project.neutrino.nfvo.catalogue.mano.common.Security, querySpaceUid=<gen:10>, path=org.project.neutrino.nfvo.catalogue.mano.record.VirtualLinkRecord.vnffgr_reference.<elements>.descriptor_reference.vnffgd_security)
                - CollectionAttributeFetchImpl(collection=org.project.neutrino.nfvo.catalogue.mano.record.VNFForwardingGraphRecord.lifecycle_event_history, querySpaceUid=<gen:11>, path=org.project.neutrino.nfvo.catalogue.mano.record.VirtualLinkRecord.vnffgr_reference.<elements>.lifecycle_event_history)
                   - (collection element) CollectionFetchableElementEntityGraph(entity=org.project.neutrino.nfvo.catalogue.mano.common.LifecycleEvent, querySpaceUid=<gen:12>, path=org.project.neutrino.nfvo.catalogue.mano.record.VirtualLinkRecord.vnffgr_reference.<elements>.lifecycle_event_history.<elements>)
                - CollectionAttributeFetchImpl(collection=org.project.neutrino.nfvo.catalogue.mano.record.VNFForwardingGraphRecord.member_vnfs, querySpaceUid=<gen:13>, path=org.project.neutrino.nfvo.catalogue.mano.record.VirtualLinkRecord.vnffgr_reference.<elements>.member_vnfs)
                   - (collection element) CollectionFetchableElementEntityGraph(entity=org.project.neutrino.nfvo.catalogue.mano.record.VirtualNetworkFunctionRecord, querySpaceUid=<gen:14>, path=org.project.neutrino.nfvo.catalogue.mano.record.VirtualLinkRecord.vnffgr_reference.<elements>.member_vnfs.<elements>)
                      - CollectionAttributeFetchImpl(collection=org.project.neutrino.nfvo.catalogue.mano.record.VirtualNetworkFunctionRecord.auto_scale_policy, querySpaceUid=<gen:15>, path=org.project.neutrino.nfvo.catalogue.mano.record.VirtualLinkRecord.vnffgr_reference.<elements>.member_vnfs.<elements>.auto_scale_policy)
                         - (collection element) CollectionFetchableElementEntityGraph(entity=org.project.neutrino.nfvo.catalogue.mano.common.AutoScalePolicy, querySpaceUid=<gen:16>, path=org.project.neutrino.nfvo.catalogue.mano.record.VirtualLinkRecord.vnffgr_reference.<elements>.member_vnfs.<elements>.auto_scale_policy.<elements>)
                      - CollectionAttributeFetchImpl(collection=org.project.neutrino.nfvo.catalogue.mano.record.VirtualNetworkFunctionRecord.connected_external_virtual_link, querySpaceUid=<gen:17>, path=org.project.neutrino.nfvo.catalogue.mano.record.VirtualLinkRecord.vnffgr_reference.<elements>.member_vnfs.<elements>.connected_external_virtual_link)
                         - (collection element) CollectionFetchableElementEntityGraph(entity=org.project.neutrino.nfvo.catalogue.mano.record.VirtualLinkRecord, querySpaceUid=<gen:18>, path=org.project.neutrino.nfvo.catalogue.mano.record.VirtualLinkRecord.vnffgr_reference.<elements>.member_vnfs.<elements>.connected_external_virtual_link.<elements>)
                      - CollectionAttributeFetchImpl(collection=org.project.neutrino.nfvo.catalogue.mano.record.VirtualNetworkFunctionRecord.connection_point, querySpaceUid=<gen:19>, path=org.project.neutrino.nfvo.catalogue.mano.record.VirtualLinkRecord.vnffgr_reference.<elements>.member_vnfs.<elements>.connection_point)
                         - (collection element) CollectionFetchableElementEntityGraph(entity=org.project.neutrino.nfvo.catalogue.mano.common.ConnectionPoint, querySpaceUid=<gen:20>, path=org.project.neutrino.nfvo.catalogue.mano.record.VirtualLinkRecord.vnffgr_reference.<elements>.member_vnfs.<elements>.connection_point.<elements>)
                      - CollectionAttributeFetchImpl(collection=org.project.neutrino.nfvo.catalogue.mano.record.VirtualNetworkFunctionRecord.dependency, querySpaceUid=<gen:21>, path=org.project.neutrino.nfvo.catalogue.mano.record.VirtualLinkRecord.vnffgr_reference.<elements>.member_vnfs.<elements>.dependency)
                         - (collection element) CollectionFetchableElementEntityGraph(entity=org.project.neutrino.nfvo.catalogue.mano.common.VNFDependency, querySpaceUid=<gen:22>, path=org.project.neutrino.nfvo.catalogue.mano.record.VirtualLinkRecord.vnffgr_reference.<elements>.member_vnfs.<elements>.dependency.<elements>)
                      - EntityAttributeFetchImpl(entity=org.project.neutrino.nfvo.catalogue.mano.descriptor.VNFDDeploymentFlavour, querySpaceUid=<gen:23>, path=org.project.neutrino.nfvo.catalogue.mano.record.VirtualLinkRecord.vnffgr_reference.<elements>.member_vnfs.<elements>.deployment_flavour)
                      - EntityAttributeFetchImpl(entity=org.project.neutrino.nfvo.catalogue.mano.common.LifecycleEvent, querySpaceUid=<gen:24>, path=org.project.neutrino.nfvo.catalogue.mano.record.VirtualLinkRecord.vnffgr_reference.<elements>.member_vnfs.<elements>.lifecycle_event)
                      - CollectionAttributeFetchImpl(collection=org.project.neutrino.nfvo.catalogue.mano.record.VirtualNetworkFunctionRecord.lifecycle_event_history, querySpaceUid=<gen:25>, path=org.project.neutrino.nfvo.catalogue.mano.record.VirtualLinkRecord.vnffgr_reference.<elements>.member_vnfs.<elements>.lifecycle_event_history)
                         - (collection element) CollectionFetchableElementEntityGraph(entity=org.project.neutrino.nfvo.catalogue.mano.common.LifecycleEvent, querySpaceUid=<gen:26>, path=org.project.neutrino.nfvo.catalogue.mano.record.VirtualLinkRecord.vnffgr_reference.<elements>.member_vnfs.<elements>.lifecycle_event_history.<elements>)
                      - EntityAttributeFetchImpl(entity=org.project.neutrino.nfvo.catalogue.mano.record.NetworkServiceRecord, querySpaceUid=<gen:27>, path=org.project.neutrino.nfvo.catalogue.mano.record.VirtualLinkRecord.vnffgr_reference.<elements>.member_vnfs.<elements>.parent_ns)
                      - CollectionAttributeFetchImpl(collection=org.project.neutrino.nfvo.catalogue.mano.record.VirtualNetworkFunctionRecord.vdu, querySpaceUid=<gen:28>, path=org.project.neutrino.nfvo.catalogue.mano.record.VirtualLinkRecord.vnffgr_reference.<elements>.member_vnfs.<elements>.vdu)
                         - (collection element) CollectionFetchableElementEntityGraph(entity=org.project.neutrino.nfvo.catalogue.mano.descriptor.VirtualDeploymentUnit, querySpaceUid=<gen:29>, path=org.project.neutrino.nfvo.catalogue.mano.record.VirtualLinkRecord.vnffgr_reference.<elements>.member_vnfs.<elements>.vdu.<elements>)
                      - CollectionAttributeFetchImpl(collection=org.project.neutrino.nfvo.catalogue.mano.record.VirtualNetworkFunctionRecord.virtual_link, querySpaceUid=<gen:30>, path=org.project.neutrino.nfvo.catalogue.mano.record.VirtualLinkRecord.vnffgr_reference.<elements>.member_vnfs.<elements>.virtual_link)
                         - (collection element) CollectionFetchableElementEntityGraph(entity=org.project.neutrino.nfvo.catalogue.mano.descriptor.InternalVirtualLink, querySpaceUid=<gen:31>, path=org.project.neutrino.nfvo.catalogue.mano.record.VirtualLinkRecord.vnffgr_reference.<elements>.member_vnfs.<elements>.virtual_link.<elements>)
                - EntityAttributeFetchImpl(entity=org.project.neutrino.nfvo.catalogue.mano.descriptor.NetworkForwardingPath, querySpaceUid=<gen:32>, path=org.project.neutrino.nfvo.catalogue.mano.record.VirtualLinkRecord.vnffgr_reference.<elements>.network_forwarding_path)
                   - CollectionAttributeFetchImpl(collection=org.project.neutrino.nfvo.catalogue.mano.descriptor.NetworkForwardingPath.connection, querySpaceUid=<gen:33>, path=org.project.neutrino.nfvo.catalogue.mano.record.VirtualLinkRecord.vnffgr_reference.<elements>.network_forwarding_path.connection)
                   - EntityAttributeFetchImpl(entity=org.project.neutrino.nfvo.catalogue.mano.descriptor.Policy, querySpaceUid=<gen:34>, path=org.project.neutrino.nfvo.catalogue.mano.record.VirtualLinkRecord.vnffgr_reference.<elements>.network_forwarding_path.policy)
                - EntityAttributeFetchImpl(entity=org.project.neutrino.nfvo.catalogue.mano.record.NetworkServiceRecord, querySpaceUid=<gen:35>, path=org.project.neutrino.nfvo.catalogue.mano.record.VirtualLinkRecord.vnffgr_reference.<elements>.parent_ns)
                   - CollectionAttributeFetchImpl(collection=org.project.neutrino.nfvo.catalogue.mano.record.NetworkServiceRecord.auto_scale_policy, querySpaceUid=<gen:36>, path=org.project.neutrino.nfvo.catalogue.mano.record.VirtualLinkRecord.vnffgr_reference.<elements>.parent_ns.auto_scale_policy)
                      - (collection element) CollectionFetchableElementEntityGraph(entity=org.project.neutrino.nfvo.catalogue.mano.common.AutoScalePolicy, querySpaceUid=<gen:37>, path=org.project.neutrino.nfvo.catalogue.mano.record.VirtualLinkRecord.vnffgr_reference.<elements>.parent_ns.auto_scale_policy.<elements>)
                   - CollectionAttributeFetchImpl(collection=org.project.neutrino.nfvo.catalogue.mano.record.NetworkServiceRecord.connection_point, querySpaceUid=<gen:38>, path=org.project.neutrino.nfvo.catalogue.mano.record.VirtualLinkRecord.vnffgr_reference.<elements>.parent_ns.connection_point)
                      - (collection element) CollectionFetchableElementEntityGraph(entity=org.project.neutrino.nfvo.catalogue.mano.common.ConnectionPoint, querySpaceUid=<gen:39>, path=org.project.neutrino.nfvo.catalogue.mano.record.VirtualLinkRecord.vnffgr_reference.<elements>.parent_ns.connection_point.<elements>)
                   - EntityAttributeFetchImpl(entity=org.project.neutrino.nfvo.catalogue.mano.common.NFVEntityDescriptor, querySpaceUid=<gen:40>, path=org.project.neutrino.nfvo.catalogue.mano.record.VirtualLinkRecord.vnffgr_reference.<elements>.parent_ns.descriptor_reference)
                   - EntityAttributeFetchImpl(entity=org.project.neutrino.nfvo.catalogue.mano.common.LifecycleEvent, querySpaceUid=<gen:41>, path=org.project.neutrino.nfvo.catalogue.mano.record.VirtualLinkRecord.vnffgr_reference.<elements>.parent_ns.lifecycle_event)
                   - CollectionAttributeFetchImpl(collection=org.project.neutrino.nfvo.catalogue.mano.record.NetworkServiceRecord.lifecycle_event_history, querySpaceUid=<gen:42>, path=org.project.neutrino.nfvo.catalogue.mano.record.VirtualLinkRecord.vnffgr_reference.<elements>.parent_ns.lifecycle_event_history)
                      - (collection element) CollectionFetchableElementEntityGraph(entity=org.project.neutrino.nfvo.catalogue.mano.common.LifecycleEvent, querySpaceUid=<gen:43>, path=org.project.neutrino.nfvo.catalogue.mano.record.VirtualLinkRecord.vnffgr_reference.<elements>.parent_ns.lifecycle_event_history.<elements>)
                   - CollectionAttributeFetchImpl(collection=org.project.neutrino.nfvo.catalogue.mano.record.NetworkServiceRecord.pnfr, querySpaceUid=<gen:44>, path=org.project.neutrino.nfvo.catalogue.mano.record.VirtualLinkRecord.vnffgr_reference.<elements>.parent_ns.pnfr)
                      - (collection element) CollectionFetchableElementEntityGraph(entity=org.project.neutrino.nfvo.catalogue.mano.record.PhysicalNetworkFunctionRecord, querySpaceUid=<gen:45>, path=org.project.neutrino.nfvo.catalogue.mano.record.VirtualLinkRecord.vnffgr_reference.<elements>.parent_ns.pnfr.<elements>)
                   - EntityAttributeFetchImpl(entity=org.project.neutrino.nfvo.catalogue.mano.common.ServiceDeploymentFlavour, querySpaceUid=<gen:46>, path=org.project.neutrino.nfvo.catalogue.mano.record.VirtualLinkRecord.vnffgr_reference.<elements>.parent_ns.service_deployment_flavour)
                   - CollectionAttributeFetchImpl(collection=org.project.neutrino.nfvo.catalogue.mano.record.NetworkServiceRecord.vlr, querySpaceUid=<gen:47>, path=org.project.neutrino.nfvo.catalogue.mano.record.VirtualLinkRecord.vnffgr_reference.<elements>.parent_ns.vlr)
                      - (collection element) CollectionFetchableElementEntityGraph(entity=org.project.neutrino.nfvo.catalogue.mano.record.VirtualLinkRecord, querySpaceUid=<gen:48>, path=org.project.neutrino.nfvo.catalogue.mano.record.VirtualLinkRecord.vnffgr_reference.<elements>.parent_ns.vlr.<elements>)
                   - CollectionAttributeFetchImpl(collection=org.project.neutrino.nfvo.catalogue.mano.record.NetworkServiceRecord.vnf_dependency, querySpaceUid=<gen:49>, path=org.project.neutrino.nfvo.catalogue.mano.record.VirtualLinkRecord.vnffgr_reference.<elements>.parent_ns.vnf_dependency)
                      - (collection element) CollectionFetchableElementEntityGraph(entity=org.project.neutrino.nfvo.catalogue.mano.common.VNFDependency, querySpaceUid=<gen:50>, path=org.project.neutrino.nfvo.catalogue.mano.record.VirtualLinkRecord.vnffgr_reference.<elements>.parent_ns.vnf_dependency.<elements>)
                   - CollectionAttributeFetchImpl(collection=org.project.neutrino.nfvo.catalogue.mano.record.NetworkServiceRecord.vnffgr, querySpaceUid=<gen:51>, path=org.project.neutrino.nfvo.catalogue.mano.record.VirtualLinkRecord.vnffgr_reference.<elements>.parent_ns.vnffgr)
                      - (collection element) CollectionFetchableElementEntityGraph(entity=org.project.neutrino.nfvo.catalogue.mano.descriptor.VNFForwardingGraph, querySpaceUid=<gen:52>, path=org.project.neutrino.nfvo.catalogue.mano.record.VirtualLinkRecord.vnffgr_reference.<elements>.parent_ns.vnffgr.<elements>)
                   - EntityAttributeFetchImpl(entity=org.project.neutrino.nfvo.catalogue.mano.record.VirtualNetworkFunctionRecord, querySpaceUid=<gen:53>, path=org.project.neutrino.nfvo.catalogue.mano.record.VirtualLinkRecord.vnffgr_reference.<elements>.parent_ns.vnfr)
    - QuerySpaces
       - EntityQuerySpaceImpl(uid=<gen:0>, entity=org.project.neutrino.nfvo.catalogue.mano.record.VirtualLinkRecord)
          - SQL table alias mapping - virtuallin0_
          - alias suffix - 0_
          - suffixed key columns - {id1_54_0_}
          - JOIN (JoinDefinedByMetadata(lifecycle_event_history)) : <gen:0> -> <gen:1>
             - CollectionQuerySpaceImpl(uid=<gen:1>, collection=org.project.neutrino.nfvo.catalogue.mano.record.VirtualLinkRecord.lifecycle_event_history)
                - SQL table alias mapping - lifecycle_1_
                - alias suffix - 1_
                - suffixed key columns - {virtual_1_54_1_}
                - entity-element alias suffix - 2_
                - 2_entity-element suffixed key columns - id1_10_2_
                - JOIN (JoinDefinedByMetadata(elements)) : <gen:1> -> <gen:2>
                   - EntityQuerySpaceImpl(uid=<gen:2>, entity=org.project.neutrino.nfvo.catalogue.mano.common.LifecycleEvent)
                      - SQL table alias mapping - lifecyclee2_
                      - alias suffix - 2_
                      - suffixed key columns - {id1_10_2_}
          - JOIN (JoinDefinedByMetadata(vnffgr_reference)) : <gen:0> -> <gen:3>
             - CollectionQuerySpaceImpl(uid=<gen:3>, collection=org.project.neutrino.nfvo.catalogue.mano.record.VirtualLinkRecord.vnffgr_reference)
                - SQL table alias mapping - vnffgr_ref3_
                - alias suffix - 3_
                - suffixed key columns - {virtual_1_54_3_}
                - entity-element alias suffix - 4_
                - 4_entity-element suffixed key columns - id1_92_4_
                - JOIN (JoinDefinedByMetadata(elements)) : <gen:3> -> <gen:4>
                   - EntityQuerySpaceImpl(uid=<gen:4>, entity=org.project.neutrino.nfvo.catalogue.mano.record.VNFForwardingGraphRecord)
                      - SQL table alias mapping - vnfforward4_
                      - alias suffix - 4_
                      - suffixed key columns - {id1_92_4_}
                      - JOIN (JoinDefinedByMetadata(connection_point)) : <gen:4> -> <gen:5>
                         - CollectionQuerySpaceImpl(uid=<gen:5>, collection=org.project.neutrino.nfvo.catalogue.mano.record.VNFForwardingGraphRecord.connection_point)
                            - SQL table alias mapping - connection5_
                            - alias suffix - 5_
                            - suffixed key columns - {vnfforwa1_92_5_}
                            - entity-element alias suffix - 6_
                            - 6_entity-element suffixed key columns - id1_4_6_
                            - JOIN (JoinDefinedByMetadata(elements)) : <gen:5> -> <gen:6>
                               - EntityQuerySpaceImpl(uid=<gen:6>, entity=org.project.neutrino.nfvo.catalogue.mano.descriptor.VNFDConnectionPoint)
                                  - SQL table alias mapping - vnfdconnec6_
                                  - alias suffix - 6_
                                  - suffixed key columns - {id1_4_6_}
                      - JOIN (JoinDefinedByMetadata(dependent_virtual_link)) : <gen:4> -> <gen:7>
                         - CollectionQuerySpaceImpl(uid=<gen:7>, collection=org.project.neutrino.nfvo.catalogue.mano.record.VNFForwardingGraphRecord.dependent_virtual_link)
                            - SQL table alias mapping - dependent_7_
                            - alias suffix - 7_
                            - suffixed key columns - {vnfforwa1_92_7_}
                            - entity-element alias suffix - 8_
                            - 8_entity-element suffixed key columns - id1_54_8_
                            - JOIN (JoinDefinedByMetadata(elements)) : <gen:7> -> <gen:8>
                               - EntityQuerySpaceImpl(uid=<gen:8>, entity=org.project.neutrino.nfvo.catalogue.mano.record.VirtualLinkRecord)
                                  - SQL table alias mapping - virtuallin8_
                                  - alias suffix - 8_
                                  - suffixed key columns - {id1_54_8_}
                      - JOIN (JoinDefinedByMetadata(descriptor_reference)) : <gen:4> -> <gen:9>
                         - EntityQuerySpaceImpl(uid=<gen:9>, entity=org.project.neutrino.nfvo.catalogue.mano.descriptor.VNFForwardingGraph)
                            - SQL table alias mapping - vnfforward9_
                            - alias suffix - 9_
                            - suffixed key columns - {id1_87_9_}
                      - JOIN (JoinDefinedByMetadata(lifecycle_event_history)) : <gen:4> -> <gen:11>
                         - CollectionQuerySpaceImpl(uid=<gen:11>, collection=org.project.neutrino.nfvo.catalogue.mano.record.VNFForwardingGraphRecord.lifecycle_event_history)
                            - SQL table alias mapping - lifecycle_10_
                            - alias suffix - 10_
                            - suffixed key columns - {vnfforwa1_92_10_}
                            - entity-element alias suffix - 11_
                            - 11_entity-element suffixed key columns - id1_10_11_
                            - JOIN (JoinDefinedByMetadata(elements)) : <gen:11> -> <gen:12>
                               - EntityQuerySpaceImpl(uid=<gen:12>, entity=org.project.neutrino.nfvo.catalogue.mano.common.LifecycleEvent)
                                  - SQL table alias mapping - lifecyclee11_
                                  - alias suffix - 11_
                                  - suffixed key columns - {id1_10_11_}
                      - JOIN (JoinDefinedByMetadata(member_vnfs)) : <gen:4> -> <gen:13>
                         - CollectionQuerySpaceImpl(uid=<gen:13>, collection=org.project.neutrino.nfvo.catalogue.mano.record.VNFForwardingGraphRecord.member_vnfs)
                            - SQL table alias mapping - member_vnf12_
                            - alias suffix - 12_
                            - suffixed key columns - {vnfforwa1_92_12_}
                            - entity-element alias suffix - 13_
                            - 13_entity-element suffixed key columns - id1_68_13_
                            - JOIN (JoinDefinedByMetadata(elements)) : <gen:13> -> <gen:14>
                               - EntityQuerySpaceImpl(uid=<gen:14>, entity=org.project.neutrino.nfvo.catalogue.mano.record.VirtualNetworkFunctionRecord)
                                  - SQL table alias mapping - virtualnet13_
                                  - alias suffix - 13_
                                  - suffixed key columns - {id1_68_13_}
                      - JOIN (JoinDefinedByMetadata(network_forwarding_path)) : <gen:4> -> <gen:32>
                         - EntityQuerySpaceImpl(uid=<gen:32>, entity=org.project.neutrino.nfvo.catalogue.mano.descriptor.NetworkForwardingPath)
                            - SQL table alias mapping - networkfor14_
                            - alias suffix - 14_
                            - suffixed key columns - {id1_12_14_}
                      - JOIN (JoinDefinedByMetadata(parent_ns)) : <gen:4> -> <gen:35>
                         - EntityQuerySpaceImpl(uid=<gen:35>, entity=org.project.neutrino.nfvo.catalogue.mano.record.NetworkServiceRecord)
                            - SQL table alias mapping - networkser15_
                            - alias suffix - 15_
                            - suffixed key columns - {id1_18_15_}

13:23:07.127 [Test worker] DEBUG o.h.loader.entity.plan.EntityLoader - Static select for entity org.project.neutrino.nfvo.catalogue.mano.record.VirtualLinkRecord [NONE]: select virtuallin0_.id as id1_54_0_, virtuallin0_.connectivity_type as connecti2_54_0_, virtuallin0_.descriptor_reference as descript3_54_0_, virtuallin0_.leaf_requirement as leaf_req4_54_0_, virtuallin0_.number_of_enpoints as number_o5_54_0_, virtuallin0_.parent_ns as parent_n6_54_0_, virtuallin0_.root_requirement as root_req7_54_0_, virtuallin0_.status as status8_54_0_, virtuallin0_.test_access as test_acc9_54_0_, virtuallin0_.vendor as vendor10_54_0_, virtuallin0_.version as version11_54_0_, virtuallin0_.vim_id as vim_id12_54_0_, lifecycle_1_.virtual_link_record_id as virtual_1_54_1_, lifecyclee2_.id as lifecycl2_58_1_, lifecyclee2_.id as id1_10_2_, lifecyclee2_.version as version2_10_2_, vnffgr_ref3_.virtual_link_record_id as virtual_1_54_3_, vnfforward4_.id as vnffgr_r2_61_3_, vnfforward4_.id as id1_92_4_, vnfforward4_.audit_log as audit_lo2_92_4_, vnfforward4_.descriptor_reference_id as descrip10_92_4_, vnfforward4_.network_forwarding_path_id as network11_92_4_, vnfforward4_.number_of_endpoints as number_o3_92_4_, vnfforward4_.number_of_pnfs as number_o4_92_4_, vnfforward4_.number_of_virtual_links as number_o5_92_4_, vnfforward4_.number_of_vnfs as number_o6_92_4_, vnfforward4_.parent_ns_id as parent_12_92_4_, vnfforward4_.status as status7_92_4_, vnfforward4_.vendor as vendor8_92_4_, vnfforward4_.version as version9_92_4_, connection5_.vnfforwarding_graph_record_id as vnfforwa1_92_5_, vnfdconnec6_.id as connecti2_93_5_, vnfdconnec6_.id as id1_4_6_, vnfdconnec6_.type as type2_4_6_, vnfdconnec6_.version as version3_4_6_, vnfdconnec6_.virtual_link_reference as virtual_1_82_6_, dependent_7_.vnfforwarding_graph_record_id as vnfforwa1_92_7_, virtuallin8_.id as dependen2_94_7_, virtuallin8_.id as id1_54_8_, virtuallin8_.connectivity_type as connecti2_54_8_, virtuallin8_.descriptor_reference as descript3_54_8_, virtuallin8_.leaf_requirement as leaf_req4_54_8_, virtuallin8_.number_of_enpoints as number_o5_54_8_, virtuallin8_.parent_ns as parent_n6_54_8_, virtuallin8_.root_requirement as root_req7_54_8_, virtuallin8_.status as status8_54_8_, virtuallin8_.test_access as test_acc9_54_8_, virtuallin8_.vendor as vendor10_54_8_, virtuallin8_.version as version11_54_8_, virtuallin8_.vim_id as vim_id12_54_8_, vnfforward9_.id as id1_87_9_, vnfforward9_.descriptor_version as descript2_87_9_, vnfforward9_.hb_version as hb_versi3_87_9_, vnfforward9_.number_of_endpoints as number_o4_87_9_, vnfforward9_.number_of_virtual_links as number_o5_87_9_, vnfforward9_.vendor as vendor6_87_9_, vnfforward9_.version as version7_87_9_, vnfforward9_.vnffgd_security_id as vnffgd_s8_87_9_, lifecycle_10_.vnfforwarding_graph_record_id as vnfforwa1_92_10_, lifecyclee11_.id as lifecycl2_95_10_, lifecyclee11_.id as id1_10_11_, lifecyclee11_.version as version2_10_11_, member_vnf12_.vnfforwarding_graph_record_id as vnfforwa1_92_12_, virtualnet13_.id as member_v2_96_12_, virtualnet13_.id as id1_68_13_, virtualnet13_.audit_log as audit_lo2_68_13_, virtualnet13_.deployment_flavour_id as deployme9_68_13_, virtualnet13_.descriptor_reference as descript3_68_13_, virtualnet13_.lifecycle_event_id as lifecyc10_68_13_, virtualnet13_.localization as localiza4_68_13_, virtualnet13_.parent_ns_id as parent_11_68_13_, virtualnet13_.status as status5_68_13_, virtualnet13_.vendor as vendor6_68_13_, virtualnet13_.version as version7_68_13_, virtualnet13_.vnfm_id as vnfm_id8_68_13_, networkfor14_.id as id1_12_14_, networkfor14_.policy_id as policy_i3_12_14_, networkfor14_.version as version2_12_14_, networkser15_.id as id1_18_15_, networkser15_.audit_log as audit_lo2_18_15_, networkser15_.descriptor_reference_Id as descript9_18_15_, networkser15_.lifecycle_event_id as lifecyc10_18_15_, networkser15_.notification as notifica3_18_15_, networkser15_.resource_reservation as resource4_18_15_, networkser15_.runtime_policy_info as runtime_5_18_15_, networkser15_.service_deployment_flavour_id as service11_18_15_, networkser15_.status as status6_18_15_, networkser15_.vendor as vendor7_18_15_, networkser15_.version as version8_18_15_, networkser15_.vnfr_id as vnfr_id12_18_15_ from virtual_link_record virtuallin0_ left outer join virtual_link_record_lifecycle_event_history lifecycle_1_ on virtuallin0_.id=lifecycle_1_.virtual_link_record_id left outer join lifecycle_event lifecyclee2_ on lifecycle_1_.lifecycle_event_history_id=lifecyclee2_.id left outer join virtual_link_record_vnffgr_reference vnffgr_ref3_ on virtuallin0_.id=vnffgr_ref3_.virtual_link_record_id left outer join vnfforwarding_graph_record vnfforward4_ on vnffgr_ref3_.vnffgr_reference_id=vnfforward4_.id left outer join vnfforwarding_graph_record_connection_point connection5_ on vnfforward4_.id=connection5_.vnfforwarding_graph_record_id left outer join vnfdconnection_point vnfdconnec6_ on connection5_.connection_point_id=vnfdconnec6_.id left outer join vnfforwarding_graph_record_dependent_virtual_link dependent_7_ on vnfforward4_.id=dependent_7_.vnfforwarding_graph_record_id left outer join virtual_link_record virtuallin8_ on dependent_7_.dependent_virtual_link_id=virtuallin8_.id left outer join vnfforwarding_graph vnfforward9_ on vnfforward4_.descriptor_reference_id=vnfforward9_.id left outer join vnfforwarding_graph_record_lifecycle_event_history lifecycle_10_ on vnfforward4_.id=lifecycle_10_.vnfforwarding_graph_record_id left outer join lifecycle_event lifecyclee11_ on lifecycle_10_.lifecycle_event_history_id=lifecyclee11_.id left outer join vnfforwarding_graph_record_member_vnfs member_vnf12_ on vnfforward4_.id=member_vnf12_.vnfforwarding_graph_record_id left outer join virtual_network_function_record virtualnet13_ on member_vnf12_.member_vnfs_id=virtualnet13_.id left outer join network_forwarding_path networkfor14_ on vnfforward4_.network_forwarding_path_id=networkfor14_.id left outer join network_service_record networkser15_ on vnfforward4_.parent_ns_id=networkser15_.id where virtuallin0_.id=?
13:23:07.127 [Test worker] DEBUG o.h.l.p.b.i.spaces.QuerySpacesImpl - Adding QuerySpace : uid = <gen:0> -> org.hibernate.loader.plan.build.internal.spaces.EntityQuerySpaceImpl@5c0cef14]
13:23:07.127 [Test worker] DEBUG o.h.p.w.spi.MetamodelGraphWalker - Visiting attribute path : allocated_capacity
13:23:07.127 [Test worker] DEBUG o.h.p.w.spi.MetamodelGraphWalker - Visiting attribute path : audit_log
13:23:07.127 [Test worker] DEBUG o.h.p.w.spi.MetamodelGraphWalker - Visiting attribute path : connection
13:23:07.127 [Test worker] DEBUG o.h.p.w.spi.MetamodelGraphWalker - Visiting attribute path : connectivity_type
13:23:07.127 [Test worker] DEBUG o.h.p.w.spi.MetamodelGraphWalker - Visiting attribute path : descriptor_reference
13:23:07.127 [Test worker] DEBUG o.h.p.w.spi.MetamodelGraphWalker - Visiting attribute path : leaf_requirement
13:23:07.127 [Test worker] DEBUG o.h.p.w.spi.MetamodelGraphWalker - Visiting attribute path : lifecycle_event_history
13:23:07.127 [Test worker] DEBUG o.h.l.p.b.i.spaces.QuerySpacesImpl - Adding QuerySpace : uid = <gen:1> -> org.hibernate.loader.plan.build.internal.spaces.CollectionQuerySpaceImpl@3d2b47b9]
13:23:07.127 [Test worker] DEBUG o.h.l.p.b.i.spaces.QuerySpacesImpl - Adding QuerySpace : uid = <gen:2> -> org.hibernate.loader.plan.build.internal.spaces.EntityQuerySpaceImpl@6471e20e]
13:23:07.128 [Test worker] DEBUG o.h.p.w.spi.MetamodelGraphWalker - Visiting attribute path : lifecycle_event_history.lifecycle_events
13:23:07.128 [Test worker] DEBUG o.h.p.w.spi.MetamodelGraphWalker - Visiting attribute path : lifecycle_event_history.version
13:23:07.128 [Test worker] DEBUG o.h.p.w.spi.MetamodelGraphWalker - Visiting attribute path : notification
13:23:07.128 [Test worker] DEBUG o.h.p.w.spi.MetamodelGraphWalker - Visiting attribute path : number_of_enpoints
13:23:07.128 [Test worker] DEBUG o.h.p.w.spi.MetamodelGraphWalker - Visiting attribute path : parent_ns
13:23:07.128 [Test worker] DEBUG o.h.p.w.spi.MetamodelGraphWalker - Visiting attribute path : qos
13:23:07.128 [Test worker] DEBUG o.h.p.w.spi.MetamodelGraphWalker - Visiting attribute path : root_requirement
13:23:07.128 [Test worker] DEBUG o.h.p.w.spi.MetamodelGraphWalker - Visiting attribute path : status
13:23:07.128 [Test worker] DEBUG o.h.p.w.spi.MetamodelGraphWalker - Visiting attribute path : test_access
13:23:07.128 [Test worker] DEBUG o.h.p.w.spi.MetamodelGraphWalker - Visiting attribute path : vendor
13:23:07.128 [Test worker] DEBUG o.h.p.w.spi.MetamodelGraphWalker - Visiting attribute path : version
13:23:07.128 [Test worker] DEBUG o.h.p.w.spi.MetamodelGraphWalker - Visiting attribute path : vim_id
13:23:07.128 [Test worker] DEBUG o.h.p.w.spi.MetamodelGraphWalker - Visiting attribute path : vnffgr_reference
13:23:07.128 [Test worker] DEBUG o.h.l.p.b.i.spaces.QuerySpacesImpl - Adding QuerySpace : uid = <gen:3> -> org.hibernate.loader.plan.build.internal.spaces.CollectionQuerySpaceImpl@4c5191dd]
13:23:07.128 [Test worker] DEBUG o.h.l.p.b.i.spaces.QuerySpacesImpl - Adding QuerySpace : uid = <gen:4> -> org.hibernate.loader.plan.build.internal.spaces.EntityQuerySpaceImpl@7f3f6b4f]
13:23:07.128 [Test worker] DEBUG o.h.p.w.spi.MetamodelGraphWalker - Visiting attribute path : vnffgr_reference.audit_log
13:23:07.128 [Test worker] DEBUG o.h.p.w.spi.MetamodelGraphWalker - Visiting attribute path : vnffgr_reference.connection_point
13:23:07.128 [Test worker] DEBUG o.h.l.p.b.i.spaces.QuerySpacesImpl - Adding QuerySpace : uid = <gen:5> -> org.hibernate.loader.plan.build.internal.spaces.CollectionQuerySpaceImpl@2e7a32f3]
13:23:07.128 [Test worker] DEBUG o.h.l.p.b.i.spaces.QuerySpacesImpl - Adding QuerySpace : uid = <gen:6> -> org.hibernate.loader.plan.build.internal.spaces.EntityQuerySpaceImpl@58a7075b]
13:23:07.128 [Test worker] DEBUG o.h.p.w.spi.MetamodelGraphWalker - Visiting attribute path : vnffgr_reference.connection_point.type
13:23:07.128 [Test worker] DEBUG o.h.p.w.spi.MetamodelGraphWalker - Visiting attribute path : vnffgr_reference.connection_point.version
13:23:07.128 [Test worker] DEBUG o.h.p.w.spi.MetamodelGraphWalker - Visiting attribute path : vnffgr_reference.connection_point.virtual_link_reference
13:23:07.128 [Test worker] DEBUG o.h.p.w.spi.MetamodelGraphWalker - Visiting attribute path : vnffgr_reference.dependent_virtual_link
13:23:07.128 [Test worker] DEBUG o.h.l.p.b.i.spaces.QuerySpacesImpl - Adding QuerySpace : uid = <gen:7> -> org.hibernate.loader.plan.build.internal.spaces.CollectionQuerySpaceImpl@38fdc2b]
13:23:07.128 [Test worker] DEBUG o.h.l.p.b.i.spaces.QuerySpacesImpl - Adding QuerySpace : uid = <gen:8> -> org.hibernate.loader.plan.build.internal.spaces.EntityQuerySpaceImpl@59bf8ce0]
13:23:07.128 [Test worker] DEBUG o.h.p.w.spi.MetamodelGraphWalker - Visiting attribute path : vnffgr_reference.dependent_virtual_link.allocated_capacity
13:23:07.128 [Test worker] DEBUG o.h.p.w.spi.MetamodelGraphWalker - Visiting attribute path : vnffgr_reference.dependent_virtual_link.audit_log
13:23:07.128 [Test worker] DEBUG o.h.p.w.spi.MetamodelGraphWalker - Visiting attribute path : vnffgr_reference.dependent_virtual_link.connection
13:23:07.128 [Test worker] DEBUG o.h.p.w.spi.MetamodelGraphWalker - Visiting attribute path : vnffgr_reference.dependent_virtual_link.connectivity_type
13:23:07.128 [Test worker] DEBUG o.h.p.w.spi.MetamodelGraphWalker - Visiting attribute path : vnffgr_reference.dependent_virtual_link.descriptor_reference
13:23:07.128 [Test worker] DEBUG o.h.p.w.spi.MetamodelGraphWalker - Visiting attribute path : vnffgr_reference.dependent_virtual_link.leaf_requirement
13:23:07.128 [Test worker] DEBUG o.h.p.w.spi.MetamodelGraphWalker - Visiting attribute path : vnffgr_reference.dependent_virtual_link.lifecycle_event_history
13:23:07.129 [Test worker] DEBUG o.h.p.w.spi.MetamodelGraphWalker - Property path deemed to be circular : vnffgr_reference.dependent_virtual_link.lifecycle_event_history
13:23:07.129 [Test worker] DEBUG o.h.p.w.spi.MetamodelGraphWalker - Visiting attribute path : vnffgr_reference.dependent_virtual_link.notification
13:23:07.129 [Test worker] DEBUG o.h.p.w.spi.MetamodelGraphWalker - Visiting attribute path : vnffgr_reference.dependent_virtual_link.number_of_enpoints
13:23:07.129 [Test worker] DEBUG o.h.p.w.spi.MetamodelGraphWalker - Visiting attribute path : vnffgr_reference.dependent_virtual_link.parent_ns
13:23:07.129 [Test worker] DEBUG o.h.p.w.spi.MetamodelGraphWalker - Visiting attribute path : vnffgr_reference.dependent_virtual_link.qos
13:23:07.129 [Test worker] DEBUG o.h.p.w.spi.MetamodelGraphWalker - Visiting attribute path : vnffgr_reference.dependent_virtual_link.root_requirement
13:23:07.129 [Test worker] DEBUG o.h.p.w.spi.MetamodelGraphWalker - Visiting attribute path : vnffgr_reference.dependent_virtual_link.status
13:23:07.129 [Test worker] DEBUG o.h.p.w.spi.MetamodelGraphWalker - Visiting attribute path : vnffgr_reference.dependent_virtual_link.test_access
13:23:07.129 [Test worker] DEBUG o.h.p.w.spi.MetamodelGraphWalker - Visiting attribute path : vnffgr_reference.dependent_virtual_link.vendor
13:23:07.129 [Test worker] DEBUG o.h.p.w.spi.MetamodelGraphWalker - Visiting attribute path : vnffgr_reference.dependent_virtual_link.version
13:23:07.129 [Test worker] DEBUG o.h.p.w.spi.MetamodelGraphWalker - Visiting attribute path : vnffgr_reference.dependent_virtual_link.vim_id
13:23:07.129 [Test worker] DEBUG o.h.p.w.spi.MetamodelGraphWalker - Visiting attribute path : vnffgr_reference.dependent_virtual_link.vnffgr_reference
13:23:07.129 [Test worker] DEBUG o.h.p.w.spi.MetamodelGraphWalker - Property path deemed to be circular : vnffgr_reference.dependent_virtual_link.vnffgr_reference
13:23:07.129 [Test worker] DEBUG o.h.p.w.spi.MetamodelGraphWalker - Visiting attribute path : vnffgr_reference.descriptor_reference
13:23:07.129 [Test worker] DEBUG o.h.l.p.b.i.spaces.QuerySpacesImpl - Adding QuerySpace : uid = <gen:9> -> org.hibernate.loader.plan.build.internal.spaces.EntityQuerySpaceImpl@3df55c95]
13:23:07.129 [Test worker] DEBUG o.h.p.w.spi.MetamodelGraphWalker - Visiting attribute path : vnffgr_reference.descriptor_reference.connection_point
13:23:07.129 [Test worker] DEBUG o.h.p.w.spi.MetamodelGraphWalker - Visiting attribute path : vnffgr_reference.descriptor_reference.constituent_vnfs
13:23:07.129 [Test worker] DEBUG o.h.p.w.spi.MetamodelGraphWalker - Visiting attribute path : vnffgr_reference.descriptor_reference.dependent_virtual_link
13:23:07.129 [Test worker] DEBUG o.h.p.w.spi.MetamodelGraphWalker - Visiting attribute path : vnffgr_reference.descriptor_reference.descriptor_version
13:23:07.129 [Test worker] DEBUG o.h.p.w.spi.MetamodelGraphWalker - Visiting attribute path : vnffgr_reference.descriptor_reference.hb_version
13:23:07.129 [Test worker] DEBUG o.h.p.w.spi.MetamodelGraphWalker - Visiting attribute path : vnffgr_reference.descriptor_reference.network_forwarding_path
13:23:07.130 [Test worker] DEBUG o.h.p.w.spi.MetamodelGraphWalker - Visiting attribute path : vnffgr_reference.descriptor_reference.number_of_endpoints
13:23:07.130 [Test worker] DEBUG o.h.p.w.spi.MetamodelGraphWalker - Visiting attribute path : vnffgr_reference.descriptor_reference.number_of_virtual_links
13:23:07.130 [Test worker] DEBUG o.h.p.w.spi.MetamodelGraphWalker - Visiting attribute path : vnffgr_reference.descriptor_reference.vendor
13:23:07.130 [Test worker] DEBUG o.h.p.w.spi.MetamodelGraphWalker - Visiting attribute path : vnffgr_reference.descriptor_reference.version
13:23:07.130 [Test worker] DEBUG o.h.p.w.spi.MetamodelGraphWalker - Visiting attribute path : vnffgr_reference.descriptor_reference.vnffgd_security
13:23:07.130 [Test worker] DEBUG o.h.l.p.b.i.spaces.QuerySpacesImpl - Adding QuerySpace : uid = <gen:10> -> org.hibernate.loader.plan.build.internal.spaces.EntityQuerySpaceImpl@27aa4896]
13:23:07.130 [Test worker] DEBUG o.h.p.w.spi.MetamodelGraphWalker - Visiting attribute path : vnffgr_reference.lifecycle_event_history
13:23:07.130 [Test worker] DEBUG o.h.l.p.b.i.spaces.QuerySpacesImpl - Adding QuerySpace : uid = <gen:11> -> org.hibernate.loader.plan.build.internal.spaces.CollectionQuerySpaceImpl@1c838432]
13:23:07.130 [Test worker] DEBUG o.h.l.p.b.i.spaces.QuerySpacesImpl - Adding QuerySpace : uid = <gen:12> -> org.hibernate.loader.plan.build.internal.spaces.EntityQuerySpaceImpl@7e5bfd3d]
13:23:07.130 [Test worker] DEBUG o.h.p.w.spi.MetamodelGraphWalker - Visiting attribute path : vnffgr_reference.lifecycle_event_history.lifecycle_events
13:23:07.130 [Test worker] DEBUG o.h.p.w.spi.MetamodelGraphWalker - Visiting attribute path : vnffgr_reference.lifecycle_event_history.version
13:23:07.130 [Test worker] DEBUG o.h.p.w.spi.MetamodelGraphWalker - Visiting attribute path : vnffgr_reference.member_vnfs
13:23:07.130 [Test worker] DEBUG o.h.l.p.b.i.spaces.QuerySpacesImpl - Adding QuerySpace : uid = <gen:13> -> org.hibernate.loader.plan.build.internal.spaces.CollectionQuerySpaceImpl@3033f4c9]
13:23:07.130 [Test worker] DEBUG o.h.l.p.b.i.spaces.QuerySpacesImpl - Adding QuerySpace : uid = <gen:14> -> org.hibernate.loader.plan.build.internal.spaces.EntityQuerySpaceImpl@230bd0d8]
13:23:07.130 [Test worker] DEBUG o.h.p.w.spi.MetamodelGraphWalker - Visiting attribute path : vnffgr_reference.member_vnfs.audit_log
13:23:07.130 [Test worker] DEBUG o.h.p.w.spi.MetamodelGraphWalker - Visiting attribute path : vnffgr_reference.member_vnfs.auto_scale_policy
13:23:07.130 [Test worker] DEBUG o.h.l.p.b.i.spaces.QuerySpacesImpl - Adding QuerySpace : uid = <gen:15> -> org.hibernate.loader.plan.build.internal.spaces.CollectionQuerySpaceImpl@a384df2]
13:23:07.130 [Test worker] DEBUG o.h.l.p.b.i.spaces.QuerySpacesImpl - Adding QuerySpace : uid = <gen:16> -> org.hibernate.loader.plan.build.internal.spaces.EntityQuerySpaceImpl@7685501b]
13:23:07.130 [Test worker] DEBUG o.h.p.w.spi.MetamodelGraphWalker - Visiting attribute path : vnffgr_reference.member_vnfs.connected_external_virtual_link
13:23:07.131 [Test worker] DEBUG o.h.l.p.b.i.spaces.QuerySpacesImpl - Adding QuerySpace : uid = <gen:17> -> org.hibernate.loader.plan.build.internal.spaces.CollectionQuerySpaceImpl@2a4e5967]
13:23:07.131 [Test worker] DEBUG o.h.l.p.b.i.spaces.QuerySpacesImpl - Adding QuerySpace : uid = <gen:18> -> org.hibernate.loader.plan.build.internal.spaces.EntityQuerySpaceImpl@7dcf8ee3]
13:23:07.131 [Test worker] DEBUG o.h.p.w.spi.MetamodelGraphWalker - Visiting attribute path : vnffgr_reference.member_vnfs.connection_point
13:23:07.131 [Test worker] DEBUG o.h.l.p.b.i.spaces.QuerySpacesImpl - Adding QuerySpace : uid = <gen:19> -> org.hibernate.loader.plan.build.internal.spaces.CollectionQuerySpaceImpl@45ae199c]
13:23:07.131 [Test worker] DEBUG o.h.l.p.b.i.spaces.QuerySpacesImpl - Adding QuerySpace : uid = <gen:20> -> org.hibernate.loader.plan.build.internal.spaces.EntityQuerySpaceImpl@29137481]
13:23:07.131 [Test worker] DEBUG o.h.p.w.spi.MetamodelGraphWalker - Visiting attribute path : vnffgr_reference.member_vnfs.dependency
13:23:07.131 [Test worker] DEBUG o.h.l.p.b.i.spaces.QuerySpacesImpl - Adding QuerySpace : uid = <gen:21> -> org.hibernate.loader.plan.build.internal.spaces.CollectionQuerySpaceImpl@3c45d638]
13:23:07.131 [Test worker] DEBUG o.h.l.p.b.i.spaces.QuerySpacesImpl - Adding QuerySpace : uid = <gen:22> -> org.hibernate.loader.plan.build.internal.spaces.EntityQuerySpaceImpl@cf31572]
13:23:07.131 [Test worker] DEBUG o.h.p.w.spi.MetamodelGraphWalker - Visiting attribute path : vnffgr_reference.member_vnfs.deployment_flavour
13:23:07.131 [Test worker] DEBUG o.h.l.p.b.i.spaces.QuerySpacesImpl - Adding QuerySpace : uid = <gen:23> -> org.hibernate.loader.plan.build.internal.spaces.EntityQuerySpaceImpl@2b04f602]
13:23:07.131 [Test worker] DEBUG o.h.p.w.spi.MetamodelGraphWalker - Visiting attribute path : vnffgr_reference.member_vnfs.descriptor_reference
13:23:07.131 [Test worker] DEBUG o.h.p.w.spi.MetamodelGraphWalker - Visiting attribute path : vnffgr_reference.member_vnfs.lifecycle_event
13:23:07.131 [Test worker] DEBUG o.h.l.p.b.i.spaces.QuerySpacesImpl - Adding QuerySpace : uid = <gen:24> -> org.hibernate.loader.plan.build.internal.spaces.EntityQuerySpaceImpl@52b3135e]
13:23:07.131 [Test worker] DEBUG o.h.p.w.spi.MetamodelGraphWalker - Visiting attribute path : vnffgr_reference.member_vnfs.lifecycle_event_history
13:23:07.131 [Test worker] DEBUG o.h.l.p.b.i.spaces.QuerySpacesImpl - Adding QuerySpace : uid = <gen:25> -> org.hibernate.loader.plan.build.internal.spaces.CollectionQuerySpaceImpl@6abcaabc]
13:23:07.131 [Test worker] DEBUG o.h.l.p.b.i.spaces.QuerySpacesImpl - Adding QuerySpace : uid = <gen:26> -> org.hibernate.loader.plan.build.internal.spaces.EntityQuerySpaceImpl@86d5363]
13:23:07.131 [Test worker] DEBUG o.h.p.w.spi.MetamodelGraphWalker - Visiting attribute path : vnffgr_reference.member_vnfs.localization
13:23:07.131 [Test worker] DEBUG o.h.p.w.spi.MetamodelGraphWalker - Visiting attribute path : vnffgr_reference.member_vnfs.monitoring_parameter
13:23:07.131 [Test worker] DEBUG o.h.p.w.spi.MetamodelGraphWalker - Visiting attribute path : vnffgr_reference.member_vnfs.notification
13:23:07.132 [Test worker] DEBUG o.h.p.w.spi.MetamodelGraphWalker - Visiting attribute path : vnffgr_reference.member_vnfs.parent_ns
13:23:07.132 [Test worker] DEBUG o.h.l.p.b.i.spaces.QuerySpacesImpl - Adding QuerySpace : uid = <gen:27> -> org.hibernate.loader.plan.build.internal.spaces.EntityQuerySpaceImpl@417d8ce7]
13:23:07.132 [Test worker] DEBUG o.h.p.w.spi.MetamodelGraphWalker - Visiting attribute path : vnffgr_reference.member_vnfs.runtime_policy_info
13:23:07.132 [Test worker] DEBUG o.h.p.w.spi.MetamodelGraphWalker - Visiting attribute path : vnffgr_reference.member_vnfs.status
13:23:07.132 [Test worker] DEBUG o.h.p.w.spi.MetamodelGraphWalker - Visiting attribute path : vnffgr_reference.member_vnfs.vdu
13:23:07.132 [Test worker] DEBUG o.h.l.p.b.i.spaces.QuerySpacesImpl - Adding QuerySpace : uid = <gen:28> -> org.hibernate.loader.plan.build.internal.spaces.CollectionQuerySpaceImpl@19adb348]
13:23:07.132 [Test worker] DEBUG o.h.l.p.b.i.spaces.QuerySpacesImpl - Adding QuerySpace : uid = <gen:29> -> org.hibernate.loader.plan.build.internal.spaces.EntityQuerySpaceImpl@5ad54923]
13:23:07.132 [Test worker] DEBUG o.h.p.w.spi.MetamodelGraphWalker - Visiting attribute path : vnffgr_reference.member_vnfs.vendor
13:23:07.132 [Test worker] DEBUG o.h.p.w.spi.MetamodelGraphWalker - Visiting attribute path : vnffgr_reference.member_vnfs.version
13:23:07.132 [Test worker] DEBUG o.h.p.w.spi.MetamodelGraphWalker - Visiting attribute path : vnffgr_reference.member_vnfs.virtual_link
13:23:07.132 [Test worker] DEBUG o.h.l.p.b.i.spaces.QuerySpacesImpl - Adding QuerySpace : uid = <gen:30> -> org.hibernate.loader.plan.build.internal.spaces.CollectionQuerySpaceImpl@68b4c76b]
13:23:07.132 [Test worker] DEBUG o.h.l.p.b.i.spaces.QuerySpacesImpl - Adding QuerySpace : uid = <gen:31> -> org.hibernate.loader.plan.build.internal.spaces.EntityQuerySpaceImpl@34907781]
13:23:07.132 [Test worker] DEBUG o.h.p.w.spi.MetamodelGraphWalker - Visiting attribute path : vnffgr_reference.member_vnfs.vnf_address
13:23:07.132 [Test worker] DEBUG o.h.p.w.spi.MetamodelGraphWalker - Visiting attribute path : vnffgr_reference.member_vnfs.vnfm_id
13:23:07.132 [Test worker] DEBUG o.h.p.w.spi.MetamodelGraphWalker - Visiting attribute path : vnffgr_reference.network_forwarding_path
13:23:07.132 [Test worker] DEBUG o.h.l.p.b.i.spaces.QuerySpacesImpl - Adding QuerySpace : uid = <gen:32> -> org.hibernate.loader.plan.build.internal.spaces.EntityQuerySpaceImpl@7895d11c]
13:23:07.132 [Test worker] DEBUG o.h.p.w.spi.MetamodelGraphWalker - Visiting attribute path : vnffgr_reference.network_forwarding_path.connection
13:23:07.132 [Test worker] DEBUG o.h.l.p.b.i.spaces.QuerySpacesImpl - Adding QuerySpace : uid = <gen:33> -> org.hibernate.loader.plan.build.internal.spaces.CollectionQuerySpaceImpl@13aebf80]
13:23:07.132 [Test worker] DEBUG o.h.p.w.spi.MetamodelGraphWalker - Visiting attribute path : vnffgr_reference.network_forwarding_path.policy
13:23:07.133 [Test worker] DEBUG o.h.l.p.b.i.spaces.QuerySpacesImpl - Adding QuerySpace : uid = <gen:34> -> org.hibernate.loader.plan.build.internal.spaces.EntityQuerySpaceImpl@359e7698]
13:23:07.133 [Test worker] DEBUG o.h.p.w.spi.MetamodelGraphWalker - Visiting attribute path : vnffgr_reference.network_forwarding_path.version
13:23:07.133 [Test worker] DEBUG o.h.p.w.spi.MetamodelGraphWalker - Visiting attribute path : vnffgr_reference.notification
13:23:07.133 [Test worker] DEBUG o.h.p.w.spi.MetamodelGraphWalker - Visiting attribute path : vnffgr_reference.number_of_endpoints
13:23:07.133 [Test worker] DEBUG o.h.p.w.spi.MetamodelGraphWalker - Visiting attribute path : vnffgr_reference.number_of_pnfs
13:23:07.133 [Test worker] DEBUG o.h.p.w.spi.MetamodelGraphWalker - Visiting attribute path : vnffgr_reference.number_of_virtual_links
13:23:07.133 [Test worker] DEBUG o.h.p.w.spi.MetamodelGraphWalker - Visiting attribute path : vnffgr_reference.number_of_vnfs
13:23:07.133 [Test worker] DEBUG o.h.p.w.spi.MetamodelGraphWalker - Visiting attribute path : vnffgr_reference.parent_ns
13:23:07.133 [Test worker] DEBUG o.h.l.p.b.i.spaces.QuerySpacesImpl - Adding QuerySpace : uid = <gen:35> -> org.hibernate.loader.plan.build.internal.spaces.EntityQuerySpaceImpl@367c10a8]
13:23:07.133 [Test worker] DEBUG o.h.p.w.spi.MetamodelGraphWalker - Visiting attribute path : vnffgr_reference.parent_ns.audit_log
13:23:07.133 [Test worker] DEBUG o.h.p.w.spi.MetamodelGraphWalker - Visiting attribute path : vnffgr_reference.parent_ns.auto_scale_policy
13:23:07.133 [Test worker] DEBUG o.h.l.p.b.i.spaces.QuerySpacesImpl - Adding QuerySpace : uid = <gen:36> -> org.hibernate.loader.plan.build.internal.spaces.CollectionQuerySpaceImpl@5a2c70bf]
13:23:07.133 [Test worker] DEBUG o.h.l.p.b.i.spaces.QuerySpacesImpl - Adding QuerySpace : uid = <gen:37> -> org.hibernate.loader.plan.build.internal.spaces.EntityQuerySpaceImpl@1b9e39d9]
13:23:07.133 [Test worker] DEBUG o.h.p.w.spi.MetamodelGraphWalker - Visiting attribute path : vnffgr_reference.parent_ns.connection_point
13:23:07.133 [Test worker] DEBUG o.h.l.p.b.i.spaces.QuerySpacesImpl - Adding QuerySpace : uid = <gen:38> -> org.hibernate.loader.plan.build.internal.spaces.CollectionQuerySpaceImpl@30e7e3b9]
13:23:07.133 [Test worker] DEBUG o.h.l.p.b.i.spaces.QuerySpacesImpl - Adding QuerySpace : uid = <gen:39> -> org.hibernate.loader.plan.build.internal.spaces.EntityQuerySpaceImpl@48179fc4]
13:23:07.133 [Test worker] DEBUG o.h.p.w.spi.MetamodelGraphWalker - Visiting attribute path : vnffgr_reference.parent_ns.descriptor_reference
13:23:07.133 [Test worker] DEBUG o.h.l.p.b.i.spaces.QuerySpacesImpl - Adding QuerySpace : uid = <gen:40> -> org.hibernate.loader.plan.build.internal.spaces.EntityQuerySpaceImpl@6fa21d6]
13:23:07.133 [Test worker] DEBUG o.h.p.w.spi.MetamodelGraphWalker - Visiting attribute path : vnffgr_reference.parent_ns.lifecycle_event
13:23:07.133 [Test worker] DEBUG o.h.l.p.b.i.spaces.QuerySpacesImpl - Adding QuerySpace : uid = <gen:41> -> org.hibernate.loader.plan.build.internal.spaces.EntityQuerySpaceImpl@fc36c2e]
13:23:07.133 [Test worker] DEBUG o.h.p.w.spi.MetamodelGraphWalker - Visiting attribute path : vnffgr_reference.parent_ns.lifecycle_event_history
13:23:07.134 [Test worker] DEBUG o.h.l.p.b.i.spaces.QuerySpacesImpl - Adding QuerySpace : uid = <gen:42> -> org.hibernate.loader.plan.build.internal.spaces.CollectionQuerySpaceImpl@66f34817]
13:23:07.134 [Test worker] DEBUG o.h.l.p.b.i.spaces.QuerySpacesImpl - Adding QuerySpace : uid = <gen:43> -> org.hibernate.loader.plan.build.internal.spaces.EntityQuerySpaceImpl@6e0212ce]
13:23:07.134 [Test worker] DEBUG o.h.p.w.spi.MetamodelGraphWalker - Visiting attribute path : vnffgr_reference.parent_ns.monitoring_parameter
13:23:07.134 [Test worker] DEBUG o.h.p.w.spi.MetamodelGraphWalker - Visiting attribute path : vnffgr_reference.parent_ns.notification
13:23:07.134 [Test worker] DEBUG o.h.p.w.spi.MetamodelGraphWalker - Visiting attribute path : vnffgr_reference.parent_ns.pnfr
13:23:07.134 [Test worker] DEBUG o.h.l.p.b.i.spaces.QuerySpacesImpl - Adding QuerySpace : uid = <gen:44> -> org.hibernate.loader.plan.build.internal.spaces.CollectionQuerySpaceImpl@4a20cace]
13:23:07.134 [Test worker] DEBUG o.h.l.p.b.i.spaces.QuerySpacesImpl - Adding QuerySpace : uid = <gen:45> -> org.hibernate.loader.plan.build.internal.spaces.EntityQuerySpaceImpl@2ee2c067]
13:23:07.134 [Test worker] DEBUG o.h.p.w.spi.MetamodelGraphWalker - Visiting attribute path : vnffgr_reference.parent_ns.resource_reservation
13:23:07.134 [Test worker] DEBUG o.h.p.w.spi.MetamodelGraphWalker - Visiting attribute path : vnffgr_reference.parent_ns.runtime_policy_info
13:23:07.134 [Test worker] DEBUG o.h.p.w.spi.MetamodelGraphWalker - Visiting attribute path : vnffgr_reference.parent_ns.service_deployment_flavour
13:23:07.134 [Test worker] DEBUG o.h.l.p.b.i.spaces.QuerySpacesImpl - Adding QuerySpace : uid = <gen:46> -> org.hibernate.loader.plan.build.internal.spaces.EntityQuerySpaceImpl@28c5c23d]
13:23:07.134 [Test worker] DEBUG o.h.p.w.spi.MetamodelGraphWalker - Visiting attribute path : vnffgr_reference.parent_ns.status
13:23:07.134 [Test worker] DEBUG o.h.p.w.spi.MetamodelGraphWalker - Visiting attribute path : vnffgr_reference.parent_ns.vendor
13:23:07.134 [Test worker] DEBUG o.h.p.w.spi.MetamodelGraphWalker - Visiting attribute path : vnffgr_reference.parent_ns.version
13:23:07.134 [Test worker] DEBUG o.h.p.w.spi.MetamodelGraphWalker - Visiting attribute path : vnffgr_reference.parent_ns.vlr
13:23:07.134 [Test worker] DEBUG o.h.l.p.b.i.spaces.QuerySpacesImpl - Adding QuerySpace : uid = <gen:47> -> org.hibernate.loader.plan.build.internal.spaces.CollectionQuerySpaceImpl@4f5347b4]
13:23:07.134 [Test worker] DEBUG o.h.l.p.b.i.spaces.QuerySpacesImpl - Adding QuerySpace : uid = <gen:48> -> org.hibernate.loader.plan.build.internal.spaces.EntityQuerySpaceImpl@6488a31b]
13:23:07.134 [Test worker] DEBUG o.h.p.w.spi.MetamodelGraphWalker - Visiting attribute path : vnffgr_reference.parent_ns.vnf_dependency
13:23:07.134 [Test worker] DEBUG o.h.l.p.b.i.spaces.QuerySpacesImpl - Adding QuerySpace : uid = <gen:49> -> org.hibernate.loader.plan.build.internal.spaces.CollectionQuerySpaceImpl@468c752d]
13:23:07.134 [Test worker] DEBUG o.h.l.p.b.i.spaces.QuerySpacesImpl - Adding QuerySpace : uid = <gen:50> -> org.hibernate.loader.plan.build.internal.spaces.EntityQuerySpaceImpl@2f61018a]
13:23:07.135 [Test worker] DEBUG o.h.p.w.spi.MetamodelGraphWalker - Visiting attribute path : vnffgr_reference.parent_ns.vnffgr
13:23:07.135 [Test worker] DEBUG o.h.l.p.b.i.spaces.QuerySpacesImpl - Adding QuerySpace : uid = <gen:51> -> org.hibernate.loader.plan.build.internal.spaces.CollectionQuerySpaceImpl@9ac2353]
13:23:07.135 [Test worker] DEBUG o.h.l.p.b.i.spaces.QuerySpacesImpl - Adding QuerySpace : uid = <gen:52> -> org.hibernate.loader.plan.build.internal.spaces.EntityQuerySpaceImpl@443231b]
13:23:07.135 [Test worker] DEBUG o.h.p.w.spi.MetamodelGraphWalker - Visiting attribute path : vnffgr_reference.parent_ns.vnfr
13:23:07.135 [Test worker] DEBUG o.h.l.p.b.i.spaces.QuerySpacesImpl - Adding QuerySpace : uid = <gen:53> -> org.hibernate.loader.plan.build.internal.spaces.EntityQuerySpaceImpl@53b5c3cc]
13:23:07.135 [Test worker] DEBUG o.h.p.w.spi.MetamodelGraphWalker - Visiting attribute path : vnffgr_reference.status
13:23:07.135 [Test worker] DEBUG o.h.p.w.spi.MetamodelGraphWalker - Visiting attribute path : vnffgr_reference.vendor
13:23:07.135 [Test worker] DEBUG o.h.p.w.spi.MetamodelGraphWalker - Visiting attribute path : vnffgr_reference.version
13:23:07.135 [Test worker] DEBUG o.h.l.p.b.i.FetchStyleLoadPlanBuildingAssociationVisitationStrategy - Building LoadPlan...
13:23:07.135 [Test worker] DEBUG o.h.l.p.e.i.LoadQueryJoinAndFetchProcessor - processing queryspace <gen:0>
13:23:07.137 [Test worker] DEBUG o.h.l.p.b.spi.LoadPlanTreePrinter - LoadPlan(entity=org.project.neutrino.nfvo.catalogue.mano.record.VirtualLinkRecord)
    - Returns
       - EntityReturnImpl(entity=org.project.neutrino.nfvo.catalogue.mano.record.VirtualLinkRecord, querySpaceUid=<gen:0>, path=org.project.neutrino.nfvo.catalogue.mano.record.VirtualLinkRecord)
          - CollectionAttributeFetchImpl(collection=org.project.neutrino.nfvo.catalogue.mano.record.VirtualLinkRecord.lifecycle_event_history, querySpaceUid=<gen:1>, path=org.project.neutrino.nfvo.catalogue.mano.record.VirtualLinkRecord.lifecycle_event_history)
             - (collection element) CollectionFetchableElementEntityGraph(entity=org.project.neutrino.nfvo.catalogue.mano.common.LifecycleEvent, querySpaceUid=<gen:2>, path=org.project.neutrino.nfvo.catalogue.mano.record.VirtualLinkRecord.lifecycle_event_history.<elements>)
          - CollectionAttributeFetchImpl(collection=org.project.neutrino.nfvo.catalogue.mano.record.VirtualLinkRecord.vnffgr_reference, querySpaceUid=<gen:3>, path=org.project.neutrino.nfvo.catalogue.mano.record.VirtualLinkRecord.vnffgr_reference)
             - (collection element) CollectionFetchableElementEntityGraph(entity=org.project.neutrino.nfvo.catalogue.mano.record.VNFForwardingGraphRecord, querySpaceUid=<gen:4>, path=org.project.neutrino.nfvo.catalogue.mano.record.VirtualLinkRecord.vnffgr_reference.<elements>)
                - CollectionAttributeFetchImpl(collection=org.project.neutrino.nfvo.catalogue.mano.record.VNFForwardingGraphRecord.connection_point, querySpaceUid=<gen:5>, path=org.project.neutrino.nfvo.catalogue.mano.record.VirtualLinkRecord.vnffgr_reference.<elements>.connection_point)
                   - (collection element) CollectionFetchableElementEntityGraph(entity=org.project.neutrino.nfvo.catalogue.mano.descriptor.VNFDConnectionPoint, querySpaceUid=<gen:6>, path=org.project.neutrino.nfvo.catalogue.mano.record.VirtualLinkRecord.vnffgr_reference.<elements>.connection_point.<elements>)
                - CollectionAttributeFetchImpl(collection=org.project.neutrino.nfvo.catalogue.mano.record.VNFForwardingGraphRecord.dependent_virtual_link, querySpaceUid=<gen:7>, path=org.project.neutrino.nfvo.catalogue.mano.record.VirtualLinkRecord.vnffgr_reference.<elements>.dependent_virtual_link)
                   - (collection element) CollectionFetchableElementEntityGraph(entity=org.project.neutrino.nfvo.catalogue.mano.record.VirtualLinkRecord, querySpaceUid=<gen:8>, path=org.project.neutrino.nfvo.catalogue.mano.record.VirtualLinkRecord.vnffgr_reference.<elements>.dependent_virtual_link.<elements>)
                - EntityAttributeFetchImpl(entity=org.project.neutrino.nfvo.catalogue.mano.descriptor.VNFForwardingGraph, querySpaceUid=<gen:9>, path=org.project.neutrino.nfvo.catalogue.mano.record.VirtualLinkRecord.vnffgr_reference.<elements>.descriptor_reference)
                   - EntityAttributeFetchImpl(entity=org.project.neutrino.nfvo.catalogue.mano.common.Security, querySpaceUid=<gen:10>, path=org.project.neutrino.nfvo.catalogue.mano.record.VirtualLinkRecord.vnffgr_reference.<elements>.descriptor_reference.vnffgd_security)
                - CollectionAttributeFetchImpl(collection=org.project.neutrino.nfvo.catalogue.mano.record.VNFForwardingGraphRecord.lifecycle_event_history, querySpaceUid=<gen:11>, path=org.project.neutrino.nfvo.catalogue.mano.record.VirtualLinkRecord.vnffgr_reference.<elements>.lifecycle_event_history)
                   - (collection element) CollectionFetchableElementEntityGraph(entity=org.project.neutrino.nfvo.catalogue.mano.common.LifecycleEvent, querySpaceUid=<gen:12>, path=org.project.neutrino.nfvo.catalogue.mano.record.VirtualLinkRecord.vnffgr_reference.<elements>.lifecycle_event_history.<elements>)
                - CollectionAttributeFetchImpl(collection=org.project.neutrino.nfvo.catalogue.mano.record.VNFForwardingGraphRecord.member_vnfs, querySpaceUid=<gen:13>, path=org.project.neutrino.nfvo.catalogue.mano.record.VirtualLinkRecord.vnffgr_reference.<elements>.member_vnfs)
                   - (collection element) CollectionFetchableElementEntityGraph(entity=org.project.neutrino.nfvo.catalogue.mano.record.VirtualNetworkFunctionRecord, querySpaceUid=<gen:14>, path=org.project.neutrino.nfvo.catalogue.mano.record.VirtualLinkRecord.vnffgr_reference.<elements>.member_vnfs.<elements>)
                      - CollectionAttributeFetchImpl(collection=org.project.neutrino.nfvo.catalogue.mano.record.VirtualNetworkFunctionRecord.auto_scale_policy, querySpaceUid=<gen:15>, path=org.project.neutrino.nfvo.catalogue.mano.record.VirtualLinkRecord.vnffgr_reference.<elements>.member_vnfs.<elements>.auto_scale_policy)
                         - (collection element) CollectionFetchableElementEntityGraph(entity=org.project.neutrino.nfvo.catalogue.mano.common.AutoScalePolicy, querySpaceUid=<gen:16>, path=org.project.neutrino.nfvo.catalogue.mano.record.VirtualLinkRecord.vnffgr_reference.<elements>.member_vnfs.<elements>.auto_scale_policy.<elements>)
                      - CollectionAttributeFetchImpl(collection=org.project.neutrino.nfvo.catalogue.mano.record.VirtualNetworkFunctionRecord.connected_external_virtual_link, querySpaceUid=<gen:17>, path=org.project.neutrino.nfvo.catalogue.mano.record.VirtualLinkRecord.vnffgr_reference.<elements>.member_vnfs.<elements>.connected_external_virtual_link)
                         - (collection element) CollectionFetchableElementEntityGraph(entity=org.project.neutrino.nfvo.catalogue.mano.record.VirtualLinkRecord, querySpaceUid=<gen:18>, path=org.project.neutrino.nfvo.catalogue.mano.record.VirtualLinkRecord.vnffgr_reference.<elements>.member_vnfs.<elements>.connected_external_virtual_link.<elements>)
                      - CollectionAttributeFetchImpl(collection=org.project.neutrino.nfvo.catalogue.mano.record.VirtualNetworkFunctionRecord.connection_point, querySpaceUid=<gen:19>, path=org.project.neutrino.nfvo.catalogue.mano.record.VirtualLinkRecord.vnffgr_reference.<elements>.member_vnfs.<elements>.connection_point)
                         - (collection element) CollectionFetchableElementEntityGraph(entity=org.project.neutrino.nfvo.catalogue.mano.common.ConnectionPoint, querySpaceUid=<gen:20>, path=org.project.neutrino.nfvo.catalogue.mano.record.VirtualLinkRecord.vnffgr_reference.<elements>.member_vnfs.<elements>.connection_point.<elements>)
                      - CollectionAttributeFetchImpl(collection=org.project.neutrino.nfvo.catalogue.mano.record.VirtualNetworkFunctionRecord.dependency, querySpaceUid=<gen:21>, path=org.project.neutrino.nfvo.catalogue.mano.record.VirtualLinkRecord.vnffgr_reference.<elements>.member_vnfs.<elements>.dependency)
                         - (collection element) CollectionFetchableElementEntityGraph(entity=org.project.neutrino.nfvo.catalogue.mano.common.VNFDependency, querySpaceUid=<gen:22>, path=org.project.neutrino.nfvo.catalogue.mano.record.VirtualLinkRecord.vnffgr_reference.<elements>.member_vnfs.<elements>.dependency.<elements>)
                      - EntityAttributeFetchImpl(entity=org.project.neutrino.nfvo.catalogue.mano.descriptor.VNFDDeploymentFlavour, querySpaceUid=<gen:23>, path=org.project.neutrino.nfvo.catalogue.mano.record.VirtualLinkRecord.vnffgr_reference.<elements>.member_vnfs.<elements>.deployment_flavour)
                      - EntityAttributeFetchImpl(entity=org.project.neutrino.nfvo.catalogue.mano.common.LifecycleEvent, querySpaceUid=<gen:24>, path=org.project.neutrino.nfvo.catalogue.mano.record.VirtualLinkRecord.vnffgr_reference.<elements>.member_vnfs.<elements>.lifecycle_event)
                      - CollectionAttributeFetchImpl(collection=org.project.neutrino.nfvo.catalogue.mano.record.VirtualNetworkFunctionRecord.lifecycle_event_history, querySpaceUid=<gen:25>, path=org.project.neutrino.nfvo.catalogue.mano.record.VirtualLinkRecord.vnffgr_reference.<elements>.member_vnfs.<elements>.lifecycle_event_history)
                         - (collection element) CollectionFetchableElementEntityGraph(entity=org.project.neutrino.nfvo.catalogue.mano.common.LifecycleEvent, querySpaceUid=<gen:26>, path=org.project.neutrino.nfvo.catalogue.mano.record.VirtualLinkRecord.vnffgr_reference.<elements>.member_vnfs.<elements>.lifecycle_event_history.<elements>)
                      - EntityAttributeFetchImpl(entity=org.project.neutrino.nfvo.catalogue.mano.record.NetworkServiceRecord, querySpaceUid=<gen:27>, path=org.project.neutrino.nfvo.catalogue.mano.record.VirtualLinkRecord.vnffgr_reference.<elements>.member_vnfs.<elements>.parent_ns)
                      - CollectionAttributeFetchImpl(collection=org.project.neutrino.nfvo.catalogue.mano.record.VirtualNetworkFunctionRecord.vdu, querySpaceUid=<gen:28>, path=org.project.neutrino.nfvo.catalogue.mano.record.VirtualLinkRecord.vnffgr_reference.<elements>.member_vnfs.<elements>.vdu)
                         - (collection element) CollectionFetchableElementEntityGraph(entity=org.project.neutrino.nfvo.catalogue.mano.descriptor.VirtualDeploymentUnit, querySpaceUid=<gen:29>, path=org.project.neutrino.nfvo.catalogue.mano.record.VirtualLinkRecord.vnffgr_reference.<elements>.member_vnfs.<elements>.vdu.<elements>)
                      - CollectionAttributeFetchImpl(collection=org.project.neutrino.nfvo.catalogue.mano.record.VirtualNetworkFunctionRecord.virtual_link, querySpaceUid=<gen:30>, path=org.project.neutrino.nfvo.catalogue.mano.record.VirtualLinkRecord.vnffgr_reference.<elements>.member_vnfs.<elements>.virtual_link)
                         - (collection element) CollectionFetchableElementEntityGraph(entity=org.project.neutrino.nfvo.catalogue.mano.descriptor.InternalVirtualLink, querySpaceUid=<gen:31>, path=org.project.neutrino.nfvo.catalogue.mano.record.VirtualLinkRecord.vnffgr_reference.<elements>.member_vnfs.<elements>.virtual_link.<elements>)
                - EntityAttributeFetchImpl(entity=org.project.neutrino.nfvo.catalogue.mano.descriptor.NetworkForwardingPath, querySpaceUid=<gen:32>, path=org.project.neutrino.nfvo.catalogue.mano.record.VirtualLinkRecord.vnffgr_reference.<elements>.network_forwarding_path)
                   - CollectionAttributeFetchImpl(collection=org.project.neutrino.nfvo.catalogue.mano.descriptor.NetworkForwardingPath.connection, querySpaceUid=<gen:33>, path=org.project.neutrino.nfvo.catalogue.mano.record.VirtualLinkRecord.vnffgr_reference.<elements>.network_forwarding_path.connection)
                   - EntityAttributeFetchImpl(entity=org.project.neutrino.nfvo.catalogue.mano.descriptor.Policy, querySpaceUid=<gen:34>, path=org.project.neutrino.nfvo.catalogue.mano.record.VirtualLinkRecord.vnffgr_reference.<elements>.network_forwarding_path.policy)
                - EntityAttributeFetchImpl(entity=org.project.neutrino.nfvo.catalogue.mano.record.NetworkServiceRecord, querySpaceUid=<gen:35>, path=org.project.neutrino.nfvo.catalogue.mano.record.VirtualLinkRecord.vnffgr_reference.<elements>.parent_ns)
                   - CollectionAttributeFetchImpl(collection=org.project.neutrino.nfvo.catalogue.mano.record.NetworkServiceRecord.auto_scale_policy, querySpaceUid=<gen:36>, path=org.project.neutrino.nfvo.catalogue.mano.record.VirtualLinkRecord.vnffgr_reference.<elements>.parent_ns.auto_scale_policy)
                      - (collection element) CollectionFetchableElementEntityGraph(entity=org.project.neutrino.nfvo.catalogue.mano.common.AutoScalePolicy, querySpaceUid=<gen:37>, path=org.project.neutrino.nfvo.catalogue.mano.record.VirtualLinkRecord.vnffgr_reference.<elements>.parent_ns.auto_scale_policy.<elements>)
                   - CollectionAttributeFetchImpl(collection=org.project.neutrino.nfvo.catalogue.mano.record.NetworkServiceRecord.connection_point, querySpaceUid=<gen:38>, path=org.project.neutrino.nfvo.catalogue.mano.record.VirtualLinkRecord.vnffgr_reference.<elements>.parent_ns.connection_point)
                      - (collection element) CollectionFetchableElementEntityGraph(entity=org.project.neutrino.nfvo.catalogue.mano.common.ConnectionPoint, querySpaceUid=<gen:39>, path=org.project.neutrino.nfvo.catalogue.mano.record.VirtualLinkRecord.vnffgr_reference.<elements>.parent_ns.connection_point.<elements>)
                   - EntityAttributeFetchImpl(entity=org.project.neutrino.nfvo.catalogue.mano.common.NFVEntityDescriptor, querySpaceUid=<gen:40>, path=org.project.neutrino.nfvo.catalogue.mano.record.VirtualLinkRecord.vnffgr_reference.<elements>.parent_ns.descriptor_reference)
                   - EntityAttributeFetchImpl(entity=org.project.neutrino.nfvo.catalogue.mano.common.LifecycleEvent, querySpaceUid=<gen:41>, path=org.project.neutrino.nfvo.catalogue.mano.record.VirtualLinkRecord.vnffgr_reference.<elements>.parent_ns.lifecycle_event)
                   - CollectionAttributeFetchImpl(collection=org.project.neutrino.nfvo.catalogue.mano.record.NetworkServiceRecord.lifecycle_event_history, querySpaceUid=<gen:42>, path=org.project.neutrino.nfvo.catalogue.mano.record.VirtualLinkRecord.vnffgr_reference.<elements>.parent_ns.lifecycle_event_history)
                      - (collection element) CollectionFetchableElementEntityGraph(entity=org.project.neutrino.nfvo.catalogue.mano.common.LifecycleEvent, querySpaceUid=<gen:43>, path=org.project.neutrino.nfvo.catalogue.mano.record.VirtualLinkRecord.vnffgr_reference.<elements>.parent_ns.lifecycle_event_history.<elements>)
                   - CollectionAttributeFetchImpl(collection=org.project.neutrino.nfvo.catalogue.mano.record.NetworkServiceRecord.pnfr, querySpaceUid=<gen:44>, path=org.project.neutrino.nfvo.catalogue.mano.record.VirtualLinkRecord.vnffgr_reference.<elements>.parent_ns.pnfr)
                      - (collection element) CollectionFetchableElementEntityGraph(entity=org.project.neutrino.nfvo.catalogue.mano.record.PhysicalNetworkFunctionRecord, querySpaceUid=<gen:45>, path=org.project.neutrino.nfvo.catalogue.mano.record.VirtualLinkRecord.vnffgr_reference.<elements>.parent_ns.pnfr.<elements>)
                   - EntityAttributeFetchImpl(entity=org.project.neutrino.nfvo.catalogue.mano.common.ServiceDeploymentFlavour, querySpaceUid=<gen:46>, path=org.project.neutrino.nfvo.catalogue.mano.record.VirtualLinkRecord.vnffgr_reference.<elements>.parent_ns.service_deployment_flavour)
                   - CollectionAttributeFetchImpl(collection=org.project.neutrino.nfvo.catalogue.mano.record.NetworkServiceRecord.vlr, querySpaceUid=<gen:47>, path=org.project.neutrino.nfvo.catalogue.mano.record.VirtualLinkRecord.vnffgr_reference.<elements>.parent_ns.vlr)
                      - (collection element) CollectionFetchableElementEntityGraph(entity=org.project.neutrino.nfvo.catalogue.mano.record.VirtualLinkRecord, querySpaceUid=<gen:48>, path=org.project.neutrino.nfvo.catalogue.mano.record.VirtualLinkRecord.vnffgr_reference.<elements>.parent_ns.vlr.<elements>)
                   - CollectionAttributeFetchImpl(collection=org.project.neutrino.nfvo.catalogue.mano.record.NetworkServiceRecord.vnf_dependency, querySpaceUid=<gen:49>, path=org.project.neutrino.nfvo.catalogue.mano.record.VirtualLinkRecord.vnffgr_reference.<elements>.parent_ns.vnf_dependency)
                      - (collection element) CollectionFetchableElementEntityGraph(entity=org.project.neutrino.nfvo.catalogue.mano.common.VNFDependency, querySpaceUid=<gen:50>, path=org.project.neutrino.nfvo.catalogue.mano.record.VirtualLinkRecord.vnffgr_reference.<elements>.parent_ns.vnf_dependency.<elements>)
                   - CollectionAttributeFetchImpl(collection=org.project.neutrino.nfvo.catalogue.mano.record.NetworkServiceRecord.vnffgr, querySpaceUid=<gen:51>, path=org.project.neutrino.nfvo.catalogue.mano.record.VirtualLinkRecord.vnffgr_reference.<elements>.parent_ns.vnffgr)
                      - (collection element) CollectionFetchableElementEntityGraph(entity=org.project.neutrino.nfvo.catalogue.mano.descriptor.VNFForwardingGraph, querySpaceUid=<gen:52>, path=org.project.neutrino.nfvo.catalogue.mano.record.VirtualLinkRecord.vnffgr_reference.<elements>.parent_ns.vnffgr.<elements>)
                   - EntityAttributeFetchImpl(entity=org.project.neutrino.nfvo.catalogue.mano.record.VirtualNetworkFunctionRecord, querySpaceUid=<gen:53>, path=org.project.neutrino.nfvo.catalogue.mano.record.VirtualLinkRecord.vnffgr_reference.<elements>.parent_ns.vnfr)
    - QuerySpaces
       - EntityQuerySpaceImpl(uid=<gen:0>, entity=org.project.neutrino.nfvo.catalogue.mano.record.VirtualLinkRecord)
          - SQL table alias mapping - virtuallin0_
          - alias suffix - 0_
          - suffixed key columns - {id1_54_0_}
          - JOIN (JoinDefinedByMetadata(lifecycle_event_history)) : <gen:0> -> <gen:1>
             - CollectionQuerySpaceImpl(uid=<gen:1>, collection=org.project.neutrino.nfvo.catalogue.mano.record.VirtualLinkRecord.lifecycle_event_history)
                - SQL table alias mapping - lifecycle_1_
                - alias suffix - 1_
                - suffixed key columns - {virtual_1_54_1_}
                - entity-element alias suffix - 2_
                - 2_entity-element suffixed key columns - id1_10_2_
                - JOIN (JoinDefinedByMetadata(elements)) : <gen:1> -> <gen:2>
                   - EntityQuerySpaceImpl(uid=<gen:2>, entity=org.project.neutrino.nfvo.catalogue.mano.common.LifecycleEvent)
                      - SQL table alias mapping - lifecyclee2_
                      - alias suffix - 2_
                      - suffixed key columns - {id1_10_2_}
          - JOIN (JoinDefinedByMetadata(vnffgr_reference)) : <gen:0> -> <gen:3>
             - CollectionQuerySpaceImpl(uid=<gen:3>, collection=org.project.neutrino.nfvo.catalogue.mano.record.VirtualLinkRecord.vnffgr_reference)
                - SQL table alias mapping - vnffgr_ref3_
                - alias suffix - 3_
                - suffixed key columns - {virtual_1_54_3_}
                - entity-element alias suffix - 4_
                - 4_entity-element suffixed key columns - id1_92_4_
                - JOIN (JoinDefinedByMetadata(elements)) : <gen:3> -> <gen:4>
                   - EntityQuerySpaceImpl(uid=<gen:4>, entity=org.project.neutrino.nfvo.catalogue.mano.record.VNFForwardingGraphRecord)
                      - SQL table alias mapping - vnfforward4_
                      - alias suffix - 4_
                      - suffixed key columns - {id1_92_4_}
                      - JOIN (JoinDefinedByMetadata(connection_point)) : <gen:4> -> <gen:5>
                         - CollectionQuerySpaceImpl(uid=<gen:5>, collection=org.project.neutrino.nfvo.catalogue.mano.record.VNFForwardingGraphRecord.connection_point)
                            - SQL table alias mapping - connection5_
                            - alias suffix - 5_
                            - suffixed key columns - {vnfforwa1_92_5_}
                            - entity-element alias suffix - 6_
                            - 6_entity-element suffixed key columns - id1_4_6_
                            - JOIN (JoinDefinedByMetadata(elements)) : <gen:5> -> <gen:6>
                               - EntityQuerySpaceImpl(uid=<gen:6>, entity=org.project.neutrino.nfvo.catalogue.mano.descriptor.VNFDConnectionPoint)
                                  - SQL table alias mapping - vnfdconnec6_
                                  - alias suffix - 6_
                                  - suffixed key columns - {id1_4_6_}
                      - JOIN (JoinDefinedByMetadata(dependent_virtual_link)) : <gen:4> -> <gen:7>
                         - CollectionQuerySpaceImpl(uid=<gen:7>, collection=org.project.neutrino.nfvo.catalogue.mano.record.VNFForwardingGraphRecord.dependent_virtual_link)
                            - SQL table alias mapping - dependent_7_
                            - alias suffix - 7_
                            - suffixed key columns - {vnfforwa1_92_7_}
                            - entity-element alias suffix - 8_
                            - 8_entity-element suffixed key columns - id1_54_8_
                            - JOIN (JoinDefinedByMetadata(elements)) : <gen:7> -> <gen:8>
                               - EntityQuerySpaceImpl(uid=<gen:8>, entity=org.project.neutrino.nfvo.catalogue.mano.record.VirtualLinkRecord)
                                  - SQL table alias mapping - virtuallin8_
                                  - alias suffix - 8_
                                  - suffixed key columns - {id1_54_8_}
                      - JOIN (JoinDefinedByMetadata(descriptor_reference)) : <gen:4> -> <gen:9>
                         - EntityQuerySpaceImpl(uid=<gen:9>, entity=org.project.neutrino.nfvo.catalogue.mano.descriptor.VNFForwardingGraph)
                            - SQL table alias mapping - vnfforward9_
                            - alias suffix - 9_
                            - suffixed key columns - {id1_87_9_}
                      - JOIN (JoinDefinedByMetadata(lifecycle_event_history)) : <gen:4> -> <gen:11>
                         - CollectionQuerySpaceImpl(uid=<gen:11>, collection=org.project.neutrino.nfvo.catalogue.mano.record.VNFForwardingGraphRecord.lifecycle_event_history)
                            - SQL table alias mapping - lifecycle_10_
                            - alias suffix - 10_
                            - suffixed key columns - {vnfforwa1_92_10_}
                            - entity-element alias suffix - 11_
                            - 11_entity-element suffixed key columns - id1_10_11_
                            - JOIN (JoinDefinedByMetadata(elements)) : <gen:11> -> <gen:12>
                               - EntityQuerySpaceImpl(uid=<gen:12>, entity=org.project.neutrino.nfvo.catalogue.mano.common.LifecycleEvent)
                                  - SQL table alias mapping - lifecyclee11_
                                  - alias suffix - 11_
                                  - suffixed key columns - {id1_10_11_}
                      - JOIN (JoinDefinedByMetadata(member_vnfs)) : <gen:4> -> <gen:13>
                         - CollectionQuerySpaceImpl(uid=<gen:13>, collection=org.project.neutrino.nfvo.catalogue.mano.record.VNFForwardingGraphRecord.member_vnfs)
                            - SQL table alias mapping - member_vnf12_
                            - alias suffix - 12_
                            - suffixed key columns - {vnfforwa1_92_12_}
                            - entity-element alias suffix - 13_
                            - 13_entity-element suffixed key columns - id1_68_13_
                            - JOIN (JoinDefinedByMetadata(elements)) : <gen:13> -> <gen:14>
                               - EntityQuerySpaceImpl(uid=<gen:14>, entity=org.project.neutrino.nfvo.catalogue.mano.record.VirtualNetworkFunctionRecord)
                                  - SQL table alias mapping - virtualnet13_
                                  - alias suffix - 13_
                                  - suffixed key columns - {id1_68_13_}
                      - JOIN (JoinDefinedByMetadata(network_forwarding_path)) : <gen:4> -> <gen:32>
                         - EntityQuerySpaceImpl(uid=<gen:32>, entity=org.project.neutrino.nfvo.catalogue.mano.descriptor.NetworkForwardingPath)
                            - SQL table alias mapping - networkfor14_
                            - alias suffix - 14_
                            - suffixed key columns - {id1_12_14_}
                      - JOIN (JoinDefinedByMetadata(parent_ns)) : <gen:4> -> <gen:35>
                         - EntityQuerySpaceImpl(uid=<gen:35>, entity=org.project.neutrino.nfvo.catalogue.mano.record.NetworkServiceRecord)
                            - SQL table alias mapping - networkser15_
                            - alias suffix - 15_
                            - suffixed key columns - {id1_18_15_}

13:23:07.138 [Test worker] DEBUG o.h.loader.entity.plan.EntityLoader - Static select for entity org.project.neutrino.nfvo.catalogue.mano.record.VirtualLinkRecord [READ]: select virtuallin0_.id as id1_54_0_, virtuallin0_.connectivity_type as connecti2_54_0_, virtuallin0_.descriptor_reference as descript3_54_0_, virtuallin0_.leaf_requirement as leaf_req4_54_0_, virtuallin0_.number_of_enpoints as number_o5_54_0_, virtuallin0_.parent_ns as parent_n6_54_0_, virtuallin0_.root_requirement as root_req7_54_0_, virtuallin0_.status as status8_54_0_, virtuallin0_.test_access as test_acc9_54_0_, virtuallin0_.vendor as vendor10_54_0_, virtuallin0_.version as version11_54_0_, virtuallin0_.vim_id as vim_id12_54_0_, lifecycle_1_.virtual_link_record_id as virtual_1_54_1_, lifecyclee2_.id as lifecycl2_58_1_, lifecyclee2_.id as id1_10_2_, lifecyclee2_.version as version2_10_2_, vnffgr_ref3_.virtual_link_record_id as virtual_1_54_3_, vnfforward4_.id as vnffgr_r2_61_3_, vnfforward4_.id as id1_92_4_, vnfforward4_.audit_log as audit_lo2_92_4_, vnfforward4_.descriptor_reference_id as descrip10_92_4_, vnfforward4_.network_forwarding_path_id as network11_92_4_, vnfforward4_.number_of_endpoints as number_o3_92_4_, vnfforward4_.number_of_pnfs as number_o4_92_4_, vnfforward4_.number_of_virtual_links as number_o5_92_4_, vnfforward4_.number_of_vnfs as number_o6_92_4_, vnfforward4_.parent_ns_id as parent_12_92_4_, vnfforward4_.status as status7_92_4_, vnfforward4_.vendor as vendor8_92_4_, vnfforward4_.version as version9_92_4_, connection5_.vnfforwarding_graph_record_id as vnfforwa1_92_5_, vnfdconnec6_.id as connecti2_93_5_, vnfdconnec6_.id as id1_4_6_, vnfdconnec6_.type as type2_4_6_, vnfdconnec6_.version as version3_4_6_, vnfdconnec6_.virtual_link_reference as virtual_1_82_6_, dependent_7_.vnfforwarding_graph_record_id as vnfforwa1_92_7_, virtuallin8_.id as dependen2_94_7_, virtuallin8_.id as id1_54_8_, virtuallin8_.connectivity_type as connecti2_54_8_, virtuallin8_.descriptor_reference as descript3_54_8_, virtuallin8_.leaf_requirement as leaf_req4_54_8_, virtuallin8_.number_of_enpoints as number_o5_54_8_, virtuallin8_.parent_ns as parent_n6_54_8_, virtuallin8_.root_requirement as root_req7_54_8_, virtuallin8_.status as status8_54_8_, virtuallin8_.test_access as test_acc9_54_8_, virtuallin8_.vendor as vendor10_54_8_, virtuallin8_.version as version11_54_8_, virtuallin8_.vim_id as vim_id12_54_8_, vnfforward9_.id as id1_87_9_, vnfforward9_.descriptor_version as descript2_87_9_, vnfforward9_.hb_version as hb_versi3_87_9_, vnfforward9_.number_of_endpoints as number_o4_87_9_, vnfforward9_.number_of_virtual_links as number_o5_87_9_, vnfforward9_.vendor as vendor6_87_9_, vnfforward9_.version as version7_87_9_, vnfforward9_.vnffgd_security_id as vnffgd_s8_87_9_, lifecycle_10_.vnfforwarding_graph_record_id as vnfforwa1_92_10_, lifecyclee11_.id as lifecycl2_95_10_, lifecyclee11_.id as id1_10_11_, lifecyclee11_.version as version2_10_11_, member_vnf12_.vnfforwarding_graph_record_id as vnfforwa1_92_12_, virtualnet13_.id as member_v2_96_12_, virtualnet13_.id as id1_68_13_, virtualnet13_.audit_log as audit_lo2_68_13_, virtualnet13_.deployment_flavour_id as deployme9_68_13_, virtualnet13_.descriptor_reference as descript3_68_13_, virtualnet13_.lifecycle_event_id as lifecyc10_68_13_, virtualnet13_.localization as localiza4_68_13_, virtualnet13_.parent_ns_id as parent_11_68_13_, virtualnet13_.status as status5_68_13_, virtualnet13_.vendor as vendor6_68_13_, virtualnet13_.version as version7_68_13_, virtualnet13_.vnfm_id as vnfm_id8_68_13_, networkfor14_.id as id1_12_14_, networkfor14_.policy_id as policy_i3_12_14_, networkfor14_.version as version2_12_14_, networkser15_.id as id1_18_15_, networkser15_.audit_log as audit_lo2_18_15_, networkser15_.descriptor_reference_Id as descript9_18_15_, networkser15_.lifecycle_event_id as lifecyc10_18_15_, networkser15_.notification as notifica3_18_15_, networkser15_.resource_reservation as resource4_18_15_, networkser15_.runtime_policy_info as runtime_5_18_15_, networkser15_.service_deployment_flavour_id as service11_18_15_, networkser15_.status as status6_18_15_, networkser15_.vendor as vendor7_18_15_, networkser15_.version as version8_18_15_, networkser15_.vnfr_id as vnfr_id12_18_15_ from virtual_link_record virtuallin0_ left outer join virtual_link_record_lifecycle_event_history lifecycle_1_ on virtuallin0_.id=lifecycle_1_.virtual_link_record_id left outer join lifecycle_event lifecyclee2_ on lifecycle_1_.lifecycle_event_history_id=lifecyclee2_.id left outer join virtual_link_record_vnffgr_reference vnffgr_ref3_ on virtuallin0_.id=vnffgr_ref3_.virtual_link_record_id left outer join vnfforwarding_graph_record vnfforward4_ on vnffgr_ref3_.vnffgr_reference_id=vnfforward4_.id left outer join vnfforwarding_graph_record_connection_point connection5_ on vnfforward4_.id=connection5_.vnfforwarding_graph_record_id left outer join vnfdconnection_point vnfdconnec6_ on connection5_.connection_point_id=vnfdconnec6_.id left outer join vnfforwarding_graph_record_dependent_virtual_link dependent_7_ on vnfforward4_.id=dependent_7_.vnfforwarding_graph_record_id left outer join virtual_link_record virtuallin8_ on dependent_7_.dependent_virtual_link_id=virtuallin8_.id left outer join vnfforwarding_graph vnfforward9_ on vnfforward4_.descriptor_reference_id=vnfforward9_.id left outer join vnfforwarding_graph_record_lifecycle_event_history lifecycle_10_ on vnfforward4_.id=lifecycle_10_.vnfforwarding_graph_record_id left outer join lifecycle_event lifecyclee11_ on lifecycle_10_.lifecycle_event_history_id=lifecyclee11_.id left outer join vnfforwarding_graph_record_member_vnfs member_vnf12_ on vnfforward4_.id=member_vnf12_.vnfforwarding_graph_record_id left outer join virtual_network_function_record virtualnet13_ on member_vnf12_.member_vnfs_id=virtualnet13_.id left outer join network_forwarding_path networkfor14_ on vnfforward4_.network_forwarding_path_id=networkfor14_.id left outer join network_service_record networkser15_ on vnfforward4_.parent_ns_id=networkser15_.id where virtuallin0_.id=?
13:23:07.138 [Test worker] DEBUG o.h.l.p.b.i.spaces.QuerySpacesImpl - Adding QuerySpace : uid = <gen:0> -> org.hibernate.loader.plan.build.internal.spaces.EntityQuerySpaceImpl@4249b103]
13:23:07.138 [Test worker] DEBUG o.h.p.w.spi.MetamodelGraphWalker - Visiting attribute path : allocated_capacity
13:23:07.138 [Test worker] DEBUG o.h.p.w.spi.MetamodelGraphWalker - Visiting attribute path : audit_log
13:23:07.138 [Test worker] DEBUG o.h.p.w.spi.MetamodelGraphWalker - Visiting attribute path : connection
13:23:07.138 [Test worker] DEBUG o.h.p.w.spi.MetamodelGraphWalker - Visiting attribute path : connectivity_type
13:23:07.138 [Test worker] DEBUG o.h.p.w.spi.MetamodelGraphWalker - Visiting attribute path : descriptor_reference
13:23:07.138 [Test worker] DEBUG o.h.p.w.spi.MetamodelGraphWalker - Visiting attribute path : leaf_requirement
13:23:07.138 [Test worker] DEBUG o.h.p.w.spi.MetamodelGraphWalker - Visiting attribute path : lifecycle_event_history
13:23:07.138 [Test worker] DEBUG o.h.l.p.b.i.spaces.QuerySpacesImpl - Adding QuerySpace : uid = <gen:1> -> org.hibernate.loader.plan.build.internal.spaces.CollectionQuerySpaceImpl@4ab479ad]
13:23:07.138 [Test worker] DEBUG o.h.l.p.b.i.spaces.QuerySpacesImpl - Adding QuerySpace : uid = <gen:2> -> org.hibernate.loader.plan.build.internal.spaces.EntityQuerySpaceImpl@ea0732c]
13:23:07.138 [Test worker] DEBUG o.h.p.w.spi.MetamodelGraphWalker - Visiting attribute path : notification
13:23:07.138 [Test worker] DEBUG o.h.p.w.spi.MetamodelGraphWalker - Visiting attribute path : number_of_enpoints
13:23:07.138 [Test worker] DEBUG o.h.p.w.spi.MetamodelGraphWalker - Visiting attribute path : parent_ns
13:23:07.138 [Test worker] DEBUG o.h.p.w.spi.MetamodelGraphWalker - Visiting attribute path : qos
13:23:07.138 [Test worker] DEBUG o.h.p.w.spi.MetamodelGraphWalker - Visiting attribute path : root_requirement
13:23:07.138 [Test worker] DEBUG o.h.p.w.spi.MetamodelGraphWalker - Visiting attribute path : status
13:23:07.138 [Test worker] DEBUG o.h.p.w.spi.MetamodelGraphWalker - Visiting attribute path : test_access
13:23:07.138 [Test worker] DEBUG o.h.p.w.spi.MetamodelGraphWalker - Visiting attribute path : vendor
13:23:07.138 [Test worker] DEBUG o.h.p.w.spi.MetamodelGraphWalker - Visiting attribute path : version
13:23:07.138 [Test worker] DEBUG o.h.p.w.spi.MetamodelGraphWalker - Visiting attribute path : vim_id
13:23:07.138 [Test worker] DEBUG o.h.p.w.spi.MetamodelGraphWalker - Visiting attribute path : vnffgr_reference
13:23:07.138 [Test worker] DEBUG o.h.l.p.b.i.spaces.QuerySpacesImpl - Adding QuerySpace : uid = <gen:3> -> org.hibernate.loader.plan.build.internal.spaces.CollectionQuerySpaceImpl@47e95534]
13:23:07.138 [Test worker] DEBUG o.h.l.p.b.i.spaces.QuerySpacesImpl - Adding QuerySpace : uid = <gen:4> -> org.hibernate.loader.plan.build.internal.spaces.EntityQuerySpaceImpl@27d8edce]
13:23:07.138 [Test worker] DEBUG o.h.l.p.b.i.FetchStyleLoadPlanBuildingAssociationVisitationStrategy - Building LoadPlan...
13:23:07.139 [Test worker] DEBUG o.h.l.p.e.i.LoadQueryJoinAndFetchProcessor - processing queryspace <gen:0>
13:23:07.139 [Test worker] DEBUG o.h.l.p.b.spi.LoadPlanTreePrinter - LoadPlan(entity=org.project.neutrino.nfvo.catalogue.mano.record.VirtualLinkRecord)
    - Returns
       - EntityReturnImpl(entity=org.project.neutrino.nfvo.catalogue.mano.record.VirtualLinkRecord, querySpaceUid=<gen:0>, path=org.project.neutrino.nfvo.catalogue.mano.record.VirtualLinkRecord)
          - CollectionAttributeFetchImpl(collection=org.project.neutrino.nfvo.catalogue.mano.record.VirtualLinkRecord.lifecycle_event_history, querySpaceUid=<gen:1>, path=org.project.neutrino.nfvo.catalogue.mano.record.VirtualLinkRecord.lifecycle_event_history)
             - (collection element) CollectionFetchableElementEntityGraph(entity=org.project.neutrino.nfvo.catalogue.mano.common.LifecycleEvent, querySpaceUid=<gen:2>, path=org.project.neutrino.nfvo.catalogue.mano.record.VirtualLinkRecord.lifecycle_event_history.<elements>)
          - CollectionAttributeFetchImpl(collection=org.project.neutrino.nfvo.catalogue.mano.record.VirtualLinkRecord.vnffgr_reference, querySpaceUid=<gen:3>, path=org.project.neutrino.nfvo.catalogue.mano.record.VirtualLinkRecord.vnffgr_reference)
             - (collection element) CollectionFetchableElementEntityGraph(entity=org.project.neutrino.nfvo.catalogue.mano.record.VNFForwardingGraphRecord, querySpaceUid=<gen:4>, path=org.project.neutrino.nfvo.catalogue.mano.record.VirtualLinkRecord.vnffgr_reference.<elements>)
    - QuerySpaces
       - EntityQuerySpaceImpl(uid=<gen:0>, entity=org.project.neutrino.nfvo.catalogue.mano.record.VirtualLinkRecord)
          - SQL table alias mapping - virtuallin0_
          - alias suffix - 0_
          - suffixed key columns - {id1_54_0_}

13:23:07.139 [Test worker] DEBUG o.h.loader.entity.plan.EntityLoader - Static select for entity org.project.neutrino.nfvo.catalogue.mano.record.VirtualLinkRecord [UPGRADE]: select virtuallin0_.id as id1_54_0_, virtuallin0_.connectivity_type as connecti2_54_0_, virtuallin0_.descriptor_reference as descript3_54_0_, virtuallin0_.leaf_requirement as leaf_req4_54_0_, virtuallin0_.number_of_enpoints as number_o5_54_0_, virtuallin0_.parent_ns as parent_n6_54_0_, virtuallin0_.root_requirement as root_req7_54_0_, virtuallin0_.status as status8_54_0_, virtuallin0_.test_access as test_acc9_54_0_, virtuallin0_.vendor as vendor10_54_0_, virtuallin0_.version as version11_54_0_, virtuallin0_.vim_id as vim_id12_54_0_ from virtual_link_record virtuallin0_ where virtuallin0_.id=? for update
13:23:07.139 [Test worker] DEBUG o.h.l.p.b.i.spaces.QuerySpacesImpl - Adding QuerySpace : uid = <gen:0> -> org.hibernate.loader.plan.build.internal.spaces.EntityQuerySpaceImpl@12e483d2]
13:23:07.139 [Test worker] DEBUG o.h.p.w.spi.MetamodelGraphWalker - Visiting attribute path : allocated_capacity
13:23:07.139 [Test worker] DEBUG o.h.p.w.spi.MetamodelGraphWalker - Visiting attribute path : audit_log
13:23:07.139 [Test worker] DEBUG o.h.p.w.spi.MetamodelGraphWalker - Visiting attribute path : connection
13:23:07.139 [Test worker] DEBUG o.h.p.w.spi.MetamodelGraphWalker - Visiting attribute path : connectivity_type
13:23:07.140 [Test worker] DEBUG o.h.p.w.spi.MetamodelGraphWalker - Visiting attribute path : descriptor_reference
13:23:07.140 [Test worker] DEBUG o.h.p.w.spi.MetamodelGraphWalker - Visiting attribute path : leaf_requirement
13:23:07.140 [Test worker] DEBUG o.h.p.w.spi.MetamodelGraphWalker - Visiting attribute path : lifecycle_event_history
13:23:07.140 [Test worker] DEBUG o.h.l.p.b.i.spaces.QuerySpacesImpl - Adding QuerySpace : uid = <gen:1> -> org.hibernate.loader.plan.build.internal.spaces.CollectionQuerySpaceImpl@6305dbeb]
13:23:07.140 [Test worker] DEBUG o.h.l.p.b.i.spaces.QuerySpacesImpl - Adding QuerySpace : uid = <gen:2> -> org.hibernate.loader.plan.build.internal.spaces.EntityQuerySpaceImpl@15a95417]
13:23:07.140 [Test worker] DEBUG o.h.p.w.spi.MetamodelGraphWalker - Visiting attribute path : notification
13:23:07.140 [Test worker] DEBUG o.h.p.w.spi.MetamodelGraphWalker - Visiting attribute path : number_of_enpoints
13:23:07.140 [Test worker] DEBUG o.h.p.w.spi.MetamodelGraphWalker - Visiting attribute path : parent_ns
13:23:07.140 [Test worker] DEBUG o.h.p.w.spi.MetamodelGraphWalker - Visiting attribute path : qos
13:23:07.140 [Test worker] DEBUG o.h.p.w.spi.MetamodelGraphWalker - Visiting attribute path : root_requirement
13:23:07.140 [Test worker] DEBUG o.h.p.w.spi.MetamodelGraphWalker - Visiting attribute path : status
13:23:07.140 [Test worker] DEBUG o.h.p.w.spi.MetamodelGraphWalker - Visiting attribute path : test_access
13:23:07.140 [Test worker] DEBUG o.h.p.w.spi.MetamodelGraphWalker - Visiting attribute path : vendor
13:23:07.140 [Test worker] DEBUG o.h.p.w.spi.MetamodelGraphWalker - Visiting attribute path : version
13:23:07.140 [Test worker] DEBUG o.h.p.w.spi.MetamodelGraphWalker - Visiting attribute path : vim_id
13:23:07.140 [Test worker] DEBUG o.h.p.w.spi.MetamodelGraphWalker - Visiting attribute path : vnffgr_reference
13:23:07.140 [Test worker] DEBUG o.h.l.p.b.i.spaces.QuerySpacesImpl - Adding QuerySpace : uid = <gen:3> -> org.hibernate.loader.plan.build.internal.spaces.CollectionQuerySpaceImpl@1fcfbd1d]
13:23:07.140 [Test worker] DEBUG o.h.l.p.b.i.spaces.QuerySpacesImpl - Adding QuerySpace : uid = <gen:4> -> org.hibernate.loader.plan.build.internal.spaces.EntityQuerySpaceImpl@7f88cb3b]
13:23:07.140 [Test worker] DEBUG o.h.l.p.b.i.FetchStyleLoadPlanBuildingAssociationVisitationStrategy - Building LoadPlan...
13:23:07.141 [Test worker] DEBUG o.h.l.p.e.i.LoadQueryJoinAndFetchProcessor - processing queryspace <gen:0>
13:23:07.141 [Test worker] DEBUG o.h.l.p.b.spi.LoadPlanTreePrinter - LoadPlan(entity=org.project.neutrino.nfvo.catalogue.mano.record.VirtualLinkRecord)
    - Returns
       - EntityReturnImpl(entity=org.project.neutrino.nfvo.catalogue.mano.record.VirtualLinkRecord, querySpaceUid=<gen:0>, path=org.project.neutrino.nfvo.catalogue.mano.record.VirtualLinkRecord)
          - CollectionAttributeFetchImpl(collection=org.project.neutrino.nfvo.catalogue.mano.record.VirtualLinkRecord.lifecycle_event_history, querySpaceUid=<gen:1>, path=org.project.neutrino.nfvo.catalogue.mano.record.VirtualLinkRecord.lifecycle_event_history)
             - (collection element) CollectionFetchableElementEntityGraph(entity=org.project.neutrino.nfvo.catalogue.mano.common.LifecycleEvent, querySpaceUid=<gen:2>, path=org.project.neutrino.nfvo.catalogue.mano.record.VirtualLinkRecord.lifecycle_event_history.<elements>)
          - CollectionAttributeFetchImpl(collection=org.project.neutrino.nfvo.catalogue.mano.record.VirtualLinkRecord.vnffgr_reference, querySpaceUid=<gen:3>, path=org.project.neutrino.nfvo.catalogue.mano.record.VirtualLinkRecord.vnffgr_reference)
             - (collection element) CollectionFetchableElementEntityGraph(entity=org.project.neutrino.nfvo.catalogue.mano.record.VNFForwardingGraphRecord, querySpaceUid=<gen:4>, path=org.project.neutrino.nfvo.catalogue.mano.record.VirtualLinkRecord.vnffgr_reference.<elements>)
    - QuerySpaces
       - EntityQuerySpaceImpl(uid=<gen:0>, entity=org.project.neutrino.nfvo.catalogue.mano.record.VirtualLinkRecord)
          - SQL table alias mapping - virtuallin0_
          - alias suffix - 0_
          - suffixed key columns - {id1_54_0_}

13:23:07.141 [Test worker] DEBUG o.h.loader.entity.plan.EntityLoader - Static select for entity org.project.neutrino.nfvo.catalogue.mano.record.VirtualLinkRecord [UPGRADE_NOWAIT]: select virtuallin0_.id as id1_54_0_, virtuallin0_.connectivity_type as connecti2_54_0_, virtuallin0_.descriptor_reference as descript3_54_0_, virtuallin0_.leaf_requirement as leaf_req4_54_0_, virtuallin0_.number_of_enpoints as number_o5_54_0_, virtuallin0_.parent_ns as parent_n6_54_0_, virtuallin0_.root_requirement as root_req7_54_0_, virtuallin0_.status as status8_54_0_, virtuallin0_.test_access as test_acc9_54_0_, virtuallin0_.vendor as vendor10_54_0_, virtuallin0_.version as version11_54_0_, virtuallin0_.vim_id as vim_id12_54_0_ from virtual_link_record virtuallin0_ where virtuallin0_.id=? for update
13:23:07.141 [Test worker] DEBUG o.h.l.p.b.i.spaces.QuerySpacesImpl - Adding QuerySpace : uid = <gen:0> -> org.hibernate.loader.plan.build.internal.spaces.EntityQuerySpaceImpl@6dd6cfe6]
13:23:07.141 [Test worker] DEBUG o.h.p.w.spi.MetamodelGraphWalker - Visiting attribute path : allocated_capacity
13:23:07.141 [Test worker] DEBUG o.h.p.w.spi.MetamodelGraphWalker - Visiting attribute path : audit_log
13:23:07.141 [Test worker] DEBUG o.h.p.w.spi.MetamodelGraphWalker - Visiting attribute path : connection
13:23:07.141 [Test worker] DEBUG o.h.p.w.spi.MetamodelGraphWalker - Visiting attribute path : connectivity_type
13:23:07.141 [Test worker] DEBUG o.h.p.w.spi.MetamodelGraphWalker - Visiting attribute path : descriptor_reference
13:23:07.141 [Test worker] DEBUG o.h.p.w.spi.MetamodelGraphWalker - Visiting attribute path : leaf_requirement
13:23:07.141 [Test worker] DEBUG o.h.p.w.spi.MetamodelGraphWalker - Visiting attribute path : lifecycle_event_history
13:23:07.141 [Test worker] DEBUG o.h.l.p.b.i.spaces.QuerySpacesImpl - Adding QuerySpace : uid = <gen:1> -> org.hibernate.loader.plan.build.internal.spaces.CollectionQuerySpaceImpl@4b0a833a]
13:23:07.141 [Test worker] DEBUG o.h.l.p.b.i.spaces.QuerySpacesImpl - Adding QuerySpace : uid = <gen:2> -> org.hibernate.loader.plan.build.internal.spaces.EntityQuerySpaceImpl@1f2d7b53]
13:23:07.141 [Test worker] DEBUG o.h.p.w.spi.MetamodelGraphWalker - Visiting attribute path : notification
13:23:07.141 [Test worker] DEBUG o.h.p.w.spi.MetamodelGraphWalker - Visiting attribute path : number_of_enpoints
13:23:07.141 [Test worker] DEBUG o.h.p.w.spi.MetamodelGraphWalker - Visiting attribute path : parent_ns
13:23:07.141 [Test worker] DEBUG o.h.p.w.spi.MetamodelGraphWalker - Visiting attribute path : qos
13:23:07.141 [Test worker] DEBUG o.h.p.w.spi.MetamodelGraphWalker - Visiting attribute path : root_requirement
13:23:07.141 [Test worker] DEBUG o.h.p.w.spi.MetamodelGraphWalker - Visiting attribute path : status
13:23:07.141 [Test worker] DEBUG o.h.p.w.spi.MetamodelGraphWalker - Visiting attribute path : test_access
13:23:07.141 [Test worker] DEBUG o.h.p.w.spi.MetamodelGraphWalker - Visiting attribute path : vendor
13:23:07.141 [Test worker] DEBUG o.h.p.w.spi.MetamodelGraphWalker - Visiting attribute path : version
13:23:07.141 [Test worker] DEBUG o.h.p.w.spi.MetamodelGraphWalker - Visiting attribute path : vim_id
13:23:07.142 [Test worker] DEBUG o.h.p.w.spi.MetamodelGraphWalker - Visiting attribute path : vnffgr_reference
13:23:07.142 [Test worker] DEBUG o.h.l.p.b.i.spaces.QuerySpacesImpl - Adding QuerySpace : uid = <gen:3> -> org.hibernate.loader.plan.build.internal.spaces.CollectionQuerySpaceImpl@62fb9622]
13:23:07.142 [Test worker] DEBUG o.h.l.p.b.i.spaces.QuerySpacesImpl - Adding QuerySpace : uid = <gen:4> -> org.hibernate.loader.plan.build.internal.spaces.EntityQuerySpaceImpl@733dc4f2]
13:23:07.142 [Test worker] DEBUG o.h.l.p.b.i.FetchStyleLoadPlanBuildingAssociationVisitationStrategy - Building LoadPlan...
13:23:07.142 [Test worker] DEBUG o.h.l.p.e.i.LoadQueryJoinAndFetchProcessor - processing queryspace <gen:0>
13:23:07.142 [Test worker] DEBUG o.h.l.p.b.spi.LoadPlanTreePrinter - LoadPlan(entity=org.project.neutrino.nfvo.catalogue.mano.record.VirtualLinkRecord)
    - Returns
       - EntityReturnImpl(entity=org.project.neutrino.nfvo.catalogue.mano.record.VirtualLinkRecord, querySpaceUid=<gen:0>, path=org.project.neutrino.nfvo.catalogue.mano.record.VirtualLinkRecord)
          - CollectionAttributeFetchImpl(collection=org.project.neutrino.nfvo.catalogue.mano.record.VirtualLinkRecord.lifecycle_event_history, querySpaceUid=<gen:1>, path=org.project.neutrino.nfvo.catalogue.mano.record.VirtualLinkRecord.lifecycle_event_history)
             - (collection element) CollectionFetchableElementEntityGraph(entity=org.project.neutrino.nfvo.catalogue.mano.common.LifecycleEvent, querySpaceUid=<gen:2>, path=org.project.neutrino.nfvo.catalogue.mano.record.VirtualLinkRecord.lifecycle_event_history.<elements>)
          - CollectionAttributeFetchImpl(collection=org.project.neutrino.nfvo.catalogue.mano.record.VirtualLinkRecord.vnffgr_reference, querySpaceUid=<gen:3>, path=org.project.neutrino.nfvo.catalogue.mano.record.VirtualLinkRecord.vnffgr_reference)
             - (collection element) CollectionFetchableElementEntityGraph(entity=org.project.neutrino.nfvo.catalogue.mano.record.VNFForwardingGraphRecord, querySpaceUid=<gen:4>, path=org.project.neutrino.nfvo.catalogue.mano.record.VirtualLinkRecord.vnffgr_reference.<elements>)
    - QuerySpaces
       - EntityQuerySpaceImpl(uid=<gen:0>, entity=org.project.neutrino.nfvo.catalogue.mano.record.VirtualLinkRecord)
          - SQL table alias mapping - virtuallin0_
          - alias suffix - 0_
          - suffixed key columns - {id1_54_0_}

13:23:07.142 [Test worker] DEBUG o.h.loader.entity.plan.EntityLoader - Static select for entity org.project.neutrino.nfvo.catalogue.mano.record.VirtualLinkRecord [UPGRADE_SKIPLOCKED]: select virtuallin0_.id as id1_54_0_, virtuallin0_.connectivity_type as connecti2_54_0_, virtuallin0_.descriptor_reference as descript3_54_0_, virtuallin0_.leaf_requirement as leaf_req4_54_0_, virtuallin0_.number_of_enpoints as number_o5_54_0_, virtuallin0_.parent_ns as parent_n6_54_0_, virtuallin0_.root_requirement as root_req7_54_0_, virtuallin0_.status as status8_54_0_, virtuallin0_.test_access as test_acc9_54_0_, virtuallin0_.vendor as vendor10_54_0_, virtuallin0_.version as version11_54_0_, virtuallin0_.vim_id as vim_id12_54_0_ from virtual_link_record virtuallin0_ where virtuallin0_.id=? for update
13:23:07.142 [Test worker] DEBUG o.h.l.p.b.i.spaces.QuerySpacesImpl - Adding QuerySpace : uid = <gen:0> -> org.hibernate.loader.plan.build.internal.spaces.EntityQuerySpaceImpl@5c4d26f9]
13:23:07.142 [Test worker] DEBUG o.h.p.w.spi.MetamodelGraphWalker - Visiting attribute path : allocated_capacity
13:23:07.142 [Test worker] DEBUG o.h.p.w.spi.MetamodelGraphWalker - Visiting attribute path : audit_log
13:23:07.142 [Test worker] DEBUG o.h.p.w.spi.MetamodelGraphWalker - Visiting attribute path : connection
13:23:07.142 [Test worker] DEBUG o.h.p.w.spi.MetamodelGraphWalker - Visiting attribute path : connectivity_type
13:23:07.143 [Test worker] DEBUG o.h.p.w.spi.MetamodelGraphWalker - Visiting attribute path : descriptor_reference
13:23:07.143 [Test worker] DEBUG o.h.p.w.spi.MetamodelGraphWalker - Visiting attribute path : leaf_requirement
13:23:07.143 [Test worker] DEBUG o.h.p.w.spi.MetamodelGraphWalker - Visiting attribute path : lifecycle_event_history
13:23:07.143 [Test worker] DEBUG o.h.l.p.b.i.spaces.QuerySpacesImpl - Adding QuerySpace : uid = <gen:1> -> org.hibernate.loader.plan.build.internal.spaces.CollectionQuerySpaceImpl@fc03ac6]
13:23:07.143 [Test worker] DEBUG o.h.l.p.b.i.spaces.QuerySpacesImpl - Adding QuerySpace : uid = <gen:2> -> org.hibernate.loader.plan.build.internal.spaces.EntityQuerySpaceImpl@1552a53e]
13:23:07.143 [Test worker] DEBUG o.h.p.w.spi.MetamodelGraphWalker - Visiting attribute path : notification
13:23:07.143 [Test worker] DEBUG o.h.p.w.spi.MetamodelGraphWalker - Visiting attribute path : number_of_enpoints
13:23:07.143 [Test worker] DEBUG o.h.p.w.spi.MetamodelGraphWalker - Visiting attribute path : parent_ns
13:23:07.143 [Test worker] DEBUG o.h.p.w.spi.MetamodelGraphWalker - Visiting attribute path : qos
13:23:07.143 [Test worker] DEBUG o.h.p.w.spi.MetamodelGraphWalker - Visiting attribute path : root_requirement
13:23:07.143 [Test worker] DEBUG o.h.p.w.spi.MetamodelGraphWalker - Visiting attribute path : status
13:23:07.143 [Test worker] DEBUG o.h.p.w.spi.MetamodelGraphWalker - Visiting attribute path : test_access
13:23:07.143 [Test worker] DEBUG o.h.p.w.spi.MetamodelGraphWalker - Visiting attribute path : vendor
13:23:07.143 [Test worker] DEBUG o.h.p.w.spi.MetamodelGraphWalker - Visiting attribute path : version
13:23:07.143 [Test worker] DEBUG o.h.p.w.spi.MetamodelGraphWalker - Visiting attribute path : vim_id
13:23:07.143 [Test worker] DEBUG o.h.p.w.spi.MetamodelGraphWalker - Visiting attribute path : vnffgr_reference
13:23:07.143 [Test worker] DEBUG o.h.l.p.b.i.spaces.QuerySpacesImpl - Adding QuerySpace : uid = <gen:3> -> org.hibernate.loader.plan.build.internal.spaces.CollectionQuerySpaceImpl@64de9461]
13:23:07.143 [Test worker] DEBUG o.h.l.p.b.i.spaces.QuerySpacesImpl - Adding QuerySpace : uid = <gen:4> -> org.hibernate.loader.plan.build.internal.spaces.EntityQuerySpaceImpl@50dfa003]
13:23:07.143 [Test worker] DEBUG o.h.l.p.b.i.FetchStyleLoadPlanBuildingAssociationVisitationStrategy - Building LoadPlan...
13:23:07.144 [Test worker] DEBUG o.h.l.p.e.i.LoadQueryJoinAndFetchProcessor - processing queryspace <gen:0>
13:23:07.144 [Test worker] DEBUG o.h.l.p.b.spi.LoadPlanTreePrinter - LoadPlan(entity=org.project.neutrino.nfvo.catalogue.mano.record.VirtualLinkRecord)
    - Returns
       - EntityReturnImpl(entity=org.project.neutrino.nfvo.catalogue.mano.record.VirtualLinkRecord, querySpaceUid=<gen:0>, path=org.project.neutrino.nfvo.catalogue.mano.record.VirtualLinkRecord)
          - CollectionAttributeFetchImpl(collection=org.project.neutrino.nfvo.catalogue.mano.record.VirtualLinkRecord.lifecycle_event_history, querySpaceUid=<gen:1>, path=org.project.neutrino.nfvo.catalogue.mano.record.VirtualLinkRecord.lifecycle_event_history)
             - (collection element) CollectionFetchableElementEntityGraph(entity=org.project.neutrino.nfvo.catalogue.mano.common.LifecycleEvent, querySpaceUid=<gen:2>, path=org.project.neutrino.nfvo.catalogue.mano.record.VirtualLinkRecord.lifecycle_event_history.<elements>)
          - CollectionAttributeFetchImpl(collection=org.project.neutrino.nfvo.catalogue.mano.record.VirtualLinkRecord.vnffgr_reference, querySpaceUid=<gen:3>, path=org.project.neutrino.nfvo.catalogue.mano.record.VirtualLinkRecord.vnffgr_reference)
             - (collection element) CollectionFetchableElementEntityGraph(entity=org.project.neutrino.nfvo.catalogue.mano.record.VNFForwardingGraphRecord, querySpaceUid=<gen:4>, path=org.project.neutrino.nfvo.catalogue.mano.record.VirtualLinkRecord.vnffgr_reference.<elements>)
    - QuerySpaces
       - EntityQuerySpaceImpl(uid=<gen:0>, entity=org.project.neutrino.nfvo.catalogue.mano.record.VirtualLinkRecord)
          - SQL table alias mapping - virtuallin0_
          - alias suffix - 0_
          - suffixed key columns - {id1_54_0_}

13:23:07.144 [Test worker] DEBUG o.h.loader.entity.plan.EntityLoader - Static select for entity org.project.neutrino.nfvo.catalogue.mano.record.VirtualLinkRecord [FORCE]: select virtuallin0_.id as id1_54_0_, virtuallin0_.connectivity_type as connecti2_54_0_, virtuallin0_.descriptor_reference as descript3_54_0_, virtuallin0_.leaf_requirement as leaf_req4_54_0_, virtuallin0_.number_of_enpoints as number_o5_54_0_, virtuallin0_.parent_ns as parent_n6_54_0_, virtuallin0_.root_requirement as root_req7_54_0_, virtuallin0_.status as status8_54_0_, virtuallin0_.test_access as test_acc9_54_0_, virtuallin0_.vendor as vendor10_54_0_, virtuallin0_.version as version11_54_0_, virtuallin0_.vim_id as vim_id12_54_0_ from virtual_link_record virtuallin0_ where virtuallin0_.id=? for update
13:23:07.144 [Test worker] DEBUG o.h.l.p.b.i.spaces.QuerySpacesImpl - Adding QuerySpace : uid = <gen:0> -> org.hibernate.loader.plan.build.internal.spaces.EntityQuerySpaceImpl@9824e70]
13:23:07.144 [Test worker] DEBUG o.h.p.w.spi.MetamodelGraphWalker - Visiting attribute path : allocated_capacity
13:23:07.144 [Test worker] DEBUG o.h.p.w.spi.MetamodelGraphWalker - Visiting attribute path : audit_log
13:23:07.144 [Test worker] DEBUG o.h.p.w.spi.MetamodelGraphWalker - Visiting attribute path : connection
13:23:07.144 [Test worker] DEBUG o.h.p.w.spi.MetamodelGraphWalker - Visiting attribute path : connectivity_type
13:23:07.144 [Test worker] DEBUG o.h.p.w.spi.MetamodelGraphWalker - Visiting attribute path : descriptor_reference
13:23:07.144 [Test worker] DEBUG o.h.p.w.spi.MetamodelGraphWalker - Visiting attribute path : leaf_requirement
13:23:07.144 [Test worker] DEBUG o.h.p.w.spi.MetamodelGraphWalker - Visiting attribute path : lifecycle_event_history
13:23:07.144 [Test worker] DEBUG o.h.l.p.b.i.spaces.QuerySpacesImpl - Adding QuerySpace : uid = <gen:1> -> org.hibernate.loader.plan.build.internal.spaces.CollectionQuerySpaceImpl@c516b7a]
13:23:07.144 [Test worker] DEBUG o.h.l.p.b.i.spaces.QuerySpacesImpl - Adding QuerySpace : uid = <gen:2> -> org.hibernate.loader.plan.build.internal.spaces.EntityQuerySpaceImpl@35671ce7]
13:23:07.144 [Test worker] DEBUG o.h.p.w.spi.MetamodelGraphWalker - Visiting attribute path : notification
13:23:07.144 [Test worker] DEBUG o.h.p.w.spi.MetamodelGraphWalker - Visiting attribute path : number_of_enpoints
13:23:07.144 [Test worker] DEBUG o.h.p.w.spi.MetamodelGraphWalker - Visiting attribute path : parent_ns
13:23:07.145 [Test worker] DEBUG o.h.p.w.spi.MetamodelGraphWalker - Visiting attribute path : qos
13:23:07.145 [Test worker] DEBUG o.h.p.w.spi.MetamodelGraphWalker - Visiting attribute path : root_requirement
13:23:07.145 [Test worker] DEBUG o.h.p.w.spi.MetamodelGraphWalker - Visiting attribute path : status
13:23:07.145 [Test worker] DEBUG o.h.p.w.spi.MetamodelGraphWalker - Visiting attribute path : test_access
13:23:07.145 [Test worker] DEBUG o.h.p.w.spi.MetamodelGraphWalker - Visiting attribute path : vendor
13:23:07.145 [Test worker] DEBUG o.h.p.w.spi.MetamodelGraphWalker - Visiting attribute path : version
13:23:07.145 [Test worker] DEBUG o.h.p.w.spi.MetamodelGraphWalker - Visiting attribute path : vim_id
13:23:07.145 [Test worker] DEBUG o.h.p.w.spi.MetamodelGraphWalker - Visiting attribute path : vnffgr_reference
13:23:07.145 [Test worker] DEBUG o.h.l.p.b.i.spaces.QuerySpacesImpl - Adding QuerySpace : uid = <gen:3> -> org.hibernate.loader.plan.build.internal.spaces.CollectionQuerySpaceImpl@49a9d15]
13:23:07.145 [Test worker] DEBUG o.h.l.p.b.i.spaces.QuerySpacesImpl - Adding QuerySpace : uid = <gen:4> -> org.hibernate.loader.plan.build.internal.spaces.EntityQuerySpaceImpl@42bed00f]
13:23:07.145 [Test worker] DEBUG o.h.l.p.b.i.FetchStyleLoadPlanBuildingAssociationVisitationStrategy - Building LoadPlan...
13:23:07.145 [Test worker] DEBUG o.h.l.p.e.i.LoadQueryJoinAndFetchProcessor - processing queryspace <gen:0>
13:23:07.145 [Test worker] DEBUG o.h.l.p.b.spi.LoadPlanTreePrinter - LoadPlan(entity=org.project.neutrino.nfvo.catalogue.mano.record.VirtualLinkRecord)
    - Returns
       - EntityReturnImpl(entity=org.project.neutrino.nfvo.catalogue.mano.record.VirtualLinkRecord, querySpaceUid=<gen:0>, path=org.project.neutrino.nfvo.catalogue.mano.record.VirtualLinkRecord)
          - CollectionAttributeFetchImpl(collection=org.project.neutrino.nfvo.catalogue.mano.record.VirtualLinkRecord.lifecycle_event_history, querySpaceUid=<gen:1>, path=org.project.neutrino.nfvo.catalogue.mano.record.VirtualLinkRecord.lifecycle_event_history)
             - (collection element) CollectionFetchableElementEntityGraph(entity=org.project.neutrino.nfvo.catalogue.mano.common.LifecycleEvent, querySpaceUid=<gen:2>, path=org.project.neutrino.nfvo.catalogue.mano.record.VirtualLinkRecord.lifecycle_event_history.<elements>)
          - CollectionAttributeFetchImpl(collection=org.project.neutrino.nfvo.catalogue.mano.record.VirtualLinkRecord.vnffgr_reference, querySpaceUid=<gen:3>, path=org.project.neutrino.nfvo.catalogue.mano.record.VirtualLinkRecord.vnffgr_reference)
             - (collection element) CollectionFetchableElementEntityGraph(entity=org.project.neutrino.nfvo.catalogue.mano.record.VNFForwardingGraphRecord, querySpaceUid=<gen:4>, path=org.project.neutrino.nfvo.catalogue.mano.record.VirtualLinkRecord.vnffgr_reference.<elements>)
    - QuerySpaces
       - EntityQuerySpaceImpl(uid=<gen:0>, entity=org.project.neutrino.nfvo.catalogue.mano.record.VirtualLinkRecord)
          - SQL table alias mapping - virtuallin0_
          - alias suffix - 0_
          - suffixed key columns - {id1_54_0_}

13:23:07.145 [Test worker] DEBUG o.h.loader.entity.plan.EntityLoader - Static select for entity org.project.neutrino.nfvo.catalogue.mano.record.VirtualLinkRecord [PESSIMISTIC_READ]: select virtuallin0_.id as id1_54_0_, virtuallin0_.connectivity_type as connecti2_54_0_, virtuallin0_.descriptor_reference as descript3_54_0_, virtuallin0_.leaf_requirement as leaf_req4_54_0_, virtuallin0_.number_of_enpoints as number_o5_54_0_, virtuallin0_.parent_ns as parent_n6_54_0_, virtuallin0_.root_requirement as root_req7_54_0_, virtuallin0_.status as status8_54_0_, virtuallin0_.test_access as test_acc9_54_0_, virtuallin0_.vendor as vendor10_54_0_, virtuallin0_.version as version11_54_0_, virtuallin0_.vim_id as vim_id12_54_0_ from virtual_link_record virtuallin0_ where virtuallin0_.id=? lock in share mode
13:23:07.145 [Test worker] DEBUG o.h.l.p.b.i.spaces.QuerySpacesImpl - Adding QuerySpace : uid = <gen:0> -> org.hibernate.loader.plan.build.internal.spaces.EntityQuerySpaceImpl@7d4dab04]
13:23:07.146 [Test worker] DEBUG o.h.p.w.spi.MetamodelGraphWalker - Visiting attribute path : allocated_capacity
13:23:07.146 [Test worker] DEBUG o.h.p.w.spi.MetamodelGraphWalker - Visiting attribute path : audit_log
13:23:07.146 [Test worker] DEBUG o.h.p.w.spi.MetamodelGraphWalker - Visiting attribute path : connection
13:23:07.146 [Test worker] DEBUG o.h.p.w.spi.MetamodelGraphWalker - Visiting attribute path : connectivity_type
13:23:07.146 [Test worker] DEBUG o.h.p.w.spi.MetamodelGraphWalker - Visiting attribute path : descriptor_reference
13:23:07.146 [Test worker] DEBUG o.h.p.w.spi.MetamodelGraphWalker - Visiting attribute path : leaf_requirement
13:23:07.146 [Test worker] DEBUG o.h.p.w.spi.MetamodelGraphWalker - Visiting attribute path : lifecycle_event_history
13:23:07.146 [Test worker] DEBUG o.h.l.p.b.i.spaces.QuerySpacesImpl - Adding QuerySpace : uid = <gen:1> -> org.hibernate.loader.plan.build.internal.spaces.CollectionQuerySpaceImpl@54b053b1]
13:23:07.146 [Test worker] DEBUG o.h.l.p.b.i.spaces.QuerySpacesImpl - Adding QuerySpace : uid = <gen:2> -> org.hibernate.loader.plan.build.internal.spaces.EntityQuerySpaceImpl@446b4e7]
13:23:07.146 [Test worker] DEBUG o.h.p.w.spi.MetamodelGraphWalker - Visiting attribute path : notification
13:23:07.146 [Test worker] DEBUG o.h.p.w.spi.MetamodelGraphWalker - Visiting attribute path : number_of_enpoints
13:23:07.146 [Test worker] DEBUG o.h.p.w.spi.MetamodelGraphWalker - Visiting attribute path : parent_ns
13:23:07.146 [Test worker] DEBUG o.h.p.w.spi.MetamodelGraphWalker - Visiting attribute path : qos
13:23:07.146 [Test worker] DEBUG o.h.p.w.spi.MetamodelGraphWalker - Visiting attribute path : root_requirement
13:23:07.146 [Test worker] DEBUG o.h.p.w.spi.MetamodelGraphWalker - Visiting attribute path : status
13:23:07.146 [Test worker] DEBUG o.h.p.w.spi.MetamodelGraphWalker - Visiting attribute path : test_access
13:23:07.146 [Test worker] DEBUG o.h.p.w.spi.MetamodelGraphWalker - Visiting attribute path : vendor
13:23:07.146 [Test worker] DEBUG o.h.p.w.spi.MetamodelGraphWalker - Visiting attribute path : version
13:23:07.146 [Test worker] DEBUG o.h.p.w.spi.MetamodelGraphWalker - Visiting attribute path : vim_id
13:23:07.146 [Test worker] DEBUG o.h.p.w.spi.MetamodelGraphWalker - Visiting attribute path : vnffgr_reference
13:23:07.146 [Test worker] DEBUG o.h.l.p.b.i.spaces.QuerySpacesImpl - Adding QuerySpace : uid = <gen:3> -> org.hibernate.loader.plan.build.internal.spaces.CollectionQuerySpaceImpl@3e0eabe2]
13:23:07.146 [Test worker] DEBUG o.h.l.p.b.i.spaces.QuerySpacesImpl - Adding QuerySpace : uid = <gen:4> -> org.hibernate.loader.plan.build.internal.spaces.EntityQuerySpaceImpl@3536a242]
13:23:07.146 [Test worker] DEBUG o.h.l.p.b.i.FetchStyleLoadPlanBuildingAssociationVisitationStrategy - Building LoadPlan...
13:23:07.147 [Test worker] DEBUG o.h.l.p.e.i.LoadQueryJoinAndFetchProcessor - processing queryspace <gen:0>
13:23:07.147 [Test worker] DEBUG o.h.l.p.b.spi.LoadPlanTreePrinter - LoadPlan(entity=org.project.neutrino.nfvo.catalogue.mano.record.VirtualLinkRecord)
    - Returns
       - EntityReturnImpl(entity=org.project.neutrino.nfvo.catalogue.mano.record.VirtualLinkRecord, querySpaceUid=<gen:0>, path=org.project.neutrino.nfvo.catalogue.mano.record.VirtualLinkRecord)
          - CollectionAttributeFetchImpl(collection=org.project.neutrino.nfvo.catalogue.mano.record.VirtualLinkRecord.lifecycle_event_history, querySpaceUid=<gen:1>, path=org.project.neutrino.nfvo.catalogue.mano.record.VirtualLinkRecord.lifecycle_event_history)
             - (collection element) CollectionFetchableElementEntityGraph(entity=org.project.neutrino.nfvo.catalogue.mano.common.LifecycleEvent, querySpaceUid=<gen:2>, path=org.project.neutrino.nfvo.catalogue.mano.record.VirtualLinkRecord.lifecycle_event_history.<elements>)
          - CollectionAttributeFetchImpl(collection=org.project.neutrino.nfvo.catalogue.mano.record.VirtualLinkRecord.vnffgr_reference, querySpaceUid=<gen:3>, path=org.project.neutrino.nfvo.catalogue.mano.record.VirtualLinkRecord.vnffgr_reference)
             - (collection element) CollectionFetchableElementEntityGraph(entity=org.project.neutrino.nfvo.catalogue.mano.record.VNFForwardingGraphRecord, querySpaceUid=<gen:4>, path=org.project.neutrino.nfvo.catalogue.mano.record.VirtualLinkRecord.vnffgr_reference.<elements>)
    - QuerySpaces
       - EntityQuerySpaceImpl(uid=<gen:0>, entity=org.project.neutrino.nfvo.catalogue.mano.record.VirtualLinkRecord)
          - SQL table alias mapping - virtuallin0_
          - alias suffix - 0_
          - suffixed key columns - {id1_54_0_}

13:23:07.147 [Test worker] DEBUG o.h.loader.entity.plan.EntityLoader - Static select for entity org.project.neutrino.nfvo.catalogue.mano.record.VirtualLinkRecord [PESSIMISTIC_WRITE]: select virtuallin0_.id as id1_54_0_, virtuallin0_.connectivity_type as connecti2_54_0_, virtuallin0_.descriptor_reference as descript3_54_0_, virtuallin0_.leaf_requirement as leaf_req4_54_0_, virtuallin0_.number_of_enpoints as number_o5_54_0_, virtuallin0_.parent_ns as parent_n6_54_0_, virtuallin0_.root_requirement as root_req7_54_0_, virtuallin0_.status as status8_54_0_, virtuallin0_.test_access as test_acc9_54_0_, virtuallin0_.vendor as vendor10_54_0_, virtuallin0_.version as version11_54_0_, virtuallin0_.vim_id as vim_id12_54_0_ from virtual_link_record virtuallin0_ where virtuallin0_.id=? for update
13:23:07.147 [Test worker] DEBUG o.h.l.p.b.i.spaces.QuerySpacesImpl - Adding QuerySpace : uid = <gen:0> -> org.hibernate.loader.plan.build.internal.spaces.EntityQuerySpaceImpl@15d6b659]
13:23:07.147 [Test worker] DEBUG o.h.p.w.spi.MetamodelGraphWalker - Visiting attribute path : allocated_capacity
13:23:07.147 [Test worker] DEBUG o.h.p.w.spi.MetamodelGraphWalker - Visiting attribute path : audit_log
13:23:07.147 [Test worker] DEBUG o.h.p.w.spi.MetamodelGraphWalker - Visiting attribute path : connection
13:23:07.147 [Test worker] DEBUG o.h.p.w.spi.MetamodelGraphWalker - Visiting attribute path : connectivity_type
13:23:07.147 [Test worker] DEBUG o.h.p.w.spi.MetamodelGraphWalker - Visiting attribute path : descriptor_reference
13:23:07.148 [Test worker] DEBUG o.h.p.w.spi.MetamodelGraphWalker - Visiting attribute path : leaf_requirement
13:23:07.148 [Test worker] DEBUG o.h.p.w.spi.MetamodelGraphWalker - Visiting attribute path : lifecycle_event_history
13:23:07.148 [Test worker] DEBUG o.h.l.p.b.i.spaces.QuerySpacesImpl - Adding QuerySpace : uid = <gen:1> -> org.hibernate.loader.plan.build.internal.spaces.CollectionQuerySpaceImpl@35b7379b]
13:23:07.148 [Test worker] DEBUG o.h.l.p.b.i.spaces.QuerySpacesImpl - Adding QuerySpace : uid = <gen:2> -> org.hibernate.loader.plan.build.internal.spaces.EntityQuerySpaceImpl@fa3bcaa]
13:23:07.148 [Test worker] DEBUG o.h.p.w.spi.MetamodelGraphWalker - Visiting attribute path : notification
13:23:07.148 [Test worker] DEBUG o.h.p.w.spi.MetamodelGraphWalker - Visiting attribute path : number_of_enpoints
13:23:07.148 [Test worker] DEBUG o.h.p.w.spi.MetamodelGraphWalker - Visiting attribute path : parent_ns
13:23:07.148 [Test worker] DEBUG o.h.p.w.spi.MetamodelGraphWalker - Visiting attribute path : qos
13:23:07.148 [Test worker] DEBUG o.h.p.w.spi.MetamodelGraphWalker - Visiting attribute path : root_requirement
13:23:07.148 [Test worker] DEBUG o.h.p.w.spi.MetamodelGraphWalker - Visiting attribute path : status
13:23:07.148 [Test worker] DEBUG o.h.p.w.spi.MetamodelGraphWalker - Visiting attribute path : test_access
13:23:07.148 [Test worker] DEBUG o.h.p.w.spi.MetamodelGraphWalker - Visiting attribute path : vendor
13:23:07.148 [Test worker] DEBUG o.h.p.w.spi.MetamodelGraphWalker - Visiting attribute path : version
13:23:07.148 [Test worker] DEBUG o.h.p.w.spi.MetamodelGraphWalker - Visiting attribute path : vim_id
13:23:07.148 [Test worker] DEBUG o.h.p.w.spi.MetamodelGraphWalker - Visiting attribute path : vnffgr_reference
13:23:07.149 [Test worker] DEBUG o.h.l.p.b.i.spaces.QuerySpacesImpl - Adding QuerySpace : uid = <gen:3> -> org.hibernate.loader.plan.build.internal.spaces.CollectionQuerySpaceImpl@46b744eb]
13:23:07.149 [Test worker] DEBUG o.h.l.p.b.i.spaces.QuerySpacesImpl - Adding QuerySpace : uid = <gen:4> -> org.hibernate.loader.plan.build.internal.spaces.EntityQuerySpaceImpl@2a0dc492]
13:23:07.149 [Test worker] DEBUG o.h.l.p.b.i.FetchStyleLoadPlanBuildingAssociationVisitationStrategy - Building LoadPlan...
13:23:07.149 [Test worker] DEBUG o.h.l.p.e.i.LoadQueryJoinAndFetchProcessor - processing queryspace <gen:0>
13:23:07.149 [Test worker] DEBUG o.h.l.p.b.spi.LoadPlanTreePrinter - LoadPlan(entity=org.project.neutrino.nfvo.catalogue.mano.record.VirtualLinkRecord)
    - Returns
       - EntityReturnImpl(entity=org.project.neutrino.nfvo.catalogue.mano.record.VirtualLinkRecord, querySpaceUid=<gen:0>, path=org.project.neutrino.nfvo.catalogue.mano.record.VirtualLinkRecord)
          - CollectionAttributeFetchImpl(collection=org.project.neutrino.nfvo.catalogue.mano.record.VirtualLinkRecord.lifecycle_event_history, querySpaceUid=<gen:1>, path=org.project.neutrino.nfvo.catalogue.mano.record.VirtualLinkRecord.lifecycle_event_history)
             - (collection element) CollectionFetchableElementEntityGraph(entity=org.project.neutrino.nfvo.catalogue.mano.common.LifecycleEvent, querySpaceUid=<gen:2>, path=org.project.neutrino.nfvo.catalogue.mano.record.VirtualLinkRecord.lifecycle_event_history.<elements>)
          - CollectionAttributeFetchImpl(collection=org.project.neutrino.nfvo.catalogue.mano.record.VirtualLinkRecord.vnffgr_reference, querySpaceUid=<gen:3>, path=org.project.neutrino.nfvo.catalogue.mano.record.VirtualLinkRecord.vnffgr_reference)
             - (collection element) CollectionFetchableElementEntityGraph(entity=org.project.neutrino.nfvo.catalogue.mano.record.VNFForwardingGraphRecord, querySpaceUid=<gen:4>, path=org.project.neutrino.nfvo.catalogue.mano.record.VirtualLinkRecord.vnffgr_reference.<elements>)
    - QuerySpaces
       - EntityQuerySpaceImpl(uid=<gen:0>, entity=org.project.neutrino.nfvo.catalogue.mano.record.VirtualLinkRecord)
          - SQL table alias mapping - virtuallin0_
          - alias suffix - 0_
          - suffixed key columns - {id1_54_0_}

13:23:07.150 [Test worker] DEBUG o.h.loader.entity.plan.EntityLoader - Static select for entity org.project.neutrino.nfvo.catalogue.mano.record.VirtualLinkRecord [PESSIMISTIC_FORCE_INCREMENT]: select virtuallin0_.id as id1_54_0_, virtuallin0_.connectivity_type as connecti2_54_0_, virtuallin0_.descriptor_reference as descript3_54_0_, virtuallin0_.leaf_requirement as leaf_req4_54_0_, virtuallin0_.number_of_enpoints as number_o5_54_0_, virtuallin0_.parent_ns as parent_n6_54_0_, virtuallin0_.root_requirement as root_req7_54_0_, virtuallin0_.status as status8_54_0_, virtuallin0_.test_access as test_acc9_54_0_, virtuallin0_.vendor as vendor10_54_0_, virtuallin0_.version as version11_54_0_, virtuallin0_.vim_id as vim_id12_54_0_ from virtual_link_record virtuallin0_ where virtuallin0_.id=? for update
13:23:07.150 [Test worker] DEBUG o.h.l.p.b.i.spaces.QuerySpacesImpl - Adding QuerySpace : uid = <gen:0> -> org.hibernate.loader.plan.build.internal.spaces.EntityQuerySpaceImpl@6de462cf]
13:23:07.150 [Test worker] DEBUG o.h.p.w.spi.MetamodelGraphWalker - Visiting attribute path : allocated_capacity
13:23:07.150 [Test worker] DEBUG o.h.p.w.spi.MetamodelGraphWalker - Visiting attribute path : audit_log
13:23:07.150 [Test worker] DEBUG o.h.p.w.spi.MetamodelGraphWalker - Visiting attribute path : connection
13:23:07.150 [Test worker] DEBUG o.h.p.w.spi.MetamodelGraphWalker - Visiting attribute path : connectivity_type
13:23:07.150 [Test worker] DEBUG o.h.p.w.spi.MetamodelGraphWalker - Visiting attribute path : descriptor_reference
13:23:07.150 [Test worker] DEBUG o.h.p.w.spi.MetamodelGraphWalker - Visiting attribute path : leaf_requirement
13:23:07.150 [Test worker] DEBUG o.h.p.w.spi.MetamodelGraphWalker - Visiting attribute path : lifecycle_event_history
13:23:07.150 [Test worker] DEBUG o.h.l.p.b.i.spaces.QuerySpacesImpl - Adding QuerySpace : uid = <gen:1> -> org.hibernate.loader.plan.build.internal.spaces.CollectionQuerySpaceImpl@49e263a8]
13:23:07.150 [Test worker] DEBUG o.h.l.p.b.i.spaces.QuerySpacesImpl - Adding QuerySpace : uid = <gen:2> -> org.hibernate.loader.plan.build.internal.spaces.EntityQuerySpaceImpl@2dfcd07d]
13:23:07.150 [Test worker] DEBUG o.h.p.w.spi.MetamodelGraphWalker - Visiting attribute path : notification
13:23:07.150 [Test worker] DEBUG o.h.p.w.spi.MetamodelGraphWalker - Visiting attribute path : number_of_enpoints
13:23:07.150 [Test worker] DEBUG o.h.p.w.spi.MetamodelGraphWalker - Visiting attribute path : parent_ns
13:23:07.150 [Test worker] DEBUG o.h.p.w.spi.MetamodelGraphWalker - Visiting attribute path : qos
13:23:07.150 [Test worker] DEBUG o.h.p.w.spi.MetamodelGraphWalker - Visiting attribute path : root_requirement
13:23:07.151 [Test worker] DEBUG o.h.p.w.spi.MetamodelGraphWalker - Visiting attribute path : status
13:23:07.151 [Test worker] DEBUG o.h.p.w.spi.MetamodelGraphWalker - Visiting attribute path : test_access
13:23:07.151 [Test worker] DEBUG o.h.p.w.spi.MetamodelGraphWalker - Visiting attribute path : vendor
13:23:07.151 [Test worker] DEBUG o.h.p.w.spi.MetamodelGraphWalker - Visiting attribute path : version
13:23:07.151 [Test worker] DEBUG o.h.p.w.spi.MetamodelGraphWalker - Visiting attribute path : vim_id
13:23:07.151 [Test worker] DEBUG o.h.p.w.spi.MetamodelGraphWalker - Visiting attribute path : vnffgr_reference
13:23:07.151 [Test worker] DEBUG o.h.l.p.b.i.spaces.QuerySpacesImpl - Adding QuerySpace : uid = <gen:3> -> org.hibernate.loader.plan.build.internal.spaces.CollectionQuerySpaceImpl@30dbd621]
13:23:07.151 [Test worker] DEBUG o.h.l.p.b.i.spaces.QuerySpacesImpl - Adding QuerySpace : uid = <gen:4> -> org.hibernate.loader.plan.build.internal.spaces.EntityQuerySpaceImpl@30c72996]
13:23:07.151 [Test worker] DEBUG o.h.l.p.b.i.FetchStyleLoadPlanBuildingAssociationVisitationStrategy - Building LoadPlan...
13:23:07.151 [Test worker] DEBUG o.h.l.p.e.i.LoadQueryJoinAndFetchProcessor - processing queryspace <gen:0>
13:23:07.152 [Test worker] DEBUG o.h.l.p.b.spi.LoadPlanTreePrinter - LoadPlan(entity=org.project.neutrino.nfvo.catalogue.mano.record.VirtualLinkRecord)
    - Returns
       - EntityReturnImpl(entity=org.project.neutrino.nfvo.catalogue.mano.record.VirtualLinkRecord, querySpaceUid=<gen:0>, path=org.project.neutrino.nfvo.catalogue.mano.record.VirtualLinkRecord)
          - CollectionAttributeFetchImpl(collection=org.project.neutrino.nfvo.catalogue.mano.record.VirtualLinkRecord.lifecycle_event_history, querySpaceUid=<gen:1>, path=org.project.neutrino.nfvo.catalogue.mano.record.VirtualLinkRecord.lifecycle_event_history)
             - (collection element) CollectionFetchableElementEntityGraph(entity=org.project.neutrino.nfvo.catalogue.mano.common.LifecycleEvent, querySpaceUid=<gen:2>, path=org.project.neutrino.nfvo.catalogue.mano.record.VirtualLinkRecord.lifecycle_event_history.<elements>)
          - CollectionAttributeFetchImpl(collection=org.project.neutrino.nfvo.catalogue.mano.record.VirtualLinkRecord.vnffgr_reference, querySpaceUid=<gen:3>, path=org.project.neutrino.nfvo.catalogue.mano.record.VirtualLinkRecord.vnffgr_reference)
             - (collection element) CollectionFetchableElementEntityGraph(entity=org.project.neutrino.nfvo.catalogue.mano.record.VNFForwardingGraphRecord, querySpaceUid=<gen:4>, path=org.project.neutrino.nfvo.catalogue.mano.record.VirtualLinkRecord.vnffgr_reference.<elements>)
    - QuerySpaces
       - EntityQuerySpaceImpl(uid=<gen:0>, entity=org.project.neutrino.nfvo.catalogue.mano.record.VirtualLinkRecord)
          - SQL table alias mapping - virtuallin0_
          - alias suffix - 0_
          - suffixed key columns - {id1_54_0_}

13:23:07.152 [Test worker] DEBUG o.h.loader.entity.plan.EntityLoader - Static select for entity org.project.neutrino.nfvo.catalogue.mano.record.VirtualLinkRecord [OPTIMISTIC]: select virtuallin0_.id as id1_54_0_, virtuallin0_.connectivity_type as connecti2_54_0_, virtuallin0_.descriptor_reference as descript3_54_0_, virtuallin0_.leaf_requirement as leaf_req4_54_0_, virtuallin0_.number_of_enpoints as number_o5_54_0_, virtuallin0_.parent_ns as parent_n6_54_0_, virtuallin0_.root_requirement as root_req7_54_0_, virtuallin0_.status as status8_54_0_, virtuallin0_.test_access as test_acc9_54_0_, virtuallin0_.vendor as vendor10_54_0_, virtuallin0_.version as version11_54_0_, virtuallin0_.vim_id as vim_id12_54_0_ from virtual_link_record virtuallin0_ where virtuallin0_.id=?
13:23:07.152 [Test worker] DEBUG o.h.l.p.b.i.spaces.QuerySpacesImpl - Adding QuerySpace : uid = <gen:0> -> org.hibernate.loader.plan.build.internal.spaces.EntityQuerySpaceImpl@637b4fde]
13:23:07.152 [Test worker] DEBUG o.h.p.w.spi.MetamodelGraphWalker - Visiting attribute path : allocated_capacity
13:23:07.152 [Test worker] DEBUG o.h.p.w.spi.MetamodelGraphWalker - Visiting attribute path : audit_log
13:23:07.152 [Test worker] DEBUG o.h.p.w.spi.MetamodelGraphWalker - Visiting attribute path : connection
13:23:07.152 [Test worker] DEBUG o.h.p.w.spi.MetamodelGraphWalker - Visiting attribute path : connectivity_type
13:23:07.152 [Test worker] DEBUG o.h.p.w.spi.MetamodelGraphWalker - Visiting attribute path : descriptor_reference
13:23:07.152 [Test worker] DEBUG o.h.p.w.spi.MetamodelGraphWalker - Visiting attribute path : leaf_requirement
13:23:07.152 [Test worker] DEBUG o.h.p.w.spi.MetamodelGraphWalker - Visiting attribute path : lifecycle_event_history
13:23:07.153 [Test worker] DEBUG o.h.l.p.b.i.spaces.QuerySpacesImpl - Adding QuerySpace : uid = <gen:1> -> org.hibernate.loader.plan.build.internal.spaces.CollectionQuerySpaceImpl@47d865f2]
13:23:07.153 [Test worker] DEBUG o.h.l.p.b.i.spaces.QuerySpacesImpl - Adding QuerySpace : uid = <gen:2> -> org.hibernate.loader.plan.build.internal.spaces.EntityQuerySpaceImpl@500d17b7]
13:23:07.153 [Test worker] DEBUG o.h.p.w.spi.MetamodelGraphWalker - Visiting attribute path : notification
13:23:07.153 [Test worker] DEBUG o.h.p.w.spi.MetamodelGraphWalker - Visiting attribute path : number_of_enpoints
13:23:07.153 [Test worker] DEBUG o.h.p.w.spi.MetamodelGraphWalker - Visiting attribute path : parent_ns
13:23:07.153 [Test worker] DEBUG o.h.p.w.spi.MetamodelGraphWalker - Visiting attribute path : qos
13:23:07.153 [Test worker] DEBUG o.h.p.w.spi.MetamodelGraphWalker - Visiting attribute path : root_requirement
13:23:07.153 [Test worker] DEBUG o.h.p.w.spi.MetamodelGraphWalker - Visiting attribute path : status
13:23:07.153 [Test worker] DEBUG o.h.p.w.spi.MetamodelGraphWalker - Visiting attribute path : test_access
13:23:07.153 [Test worker] DEBUG o.h.p.w.spi.MetamodelGraphWalker - Visiting attribute path : vendor
13:23:07.153 [Test worker] DEBUG o.h.p.w.spi.MetamodelGraphWalker - Visiting attribute path : version
13:23:07.153 [Test worker] DEBUG o.h.p.w.spi.MetamodelGraphWalker - Visiting attribute path : vim_id
13:23:07.153 [Test worker] DEBUG o.h.p.w.spi.MetamodelGraphWalker - Visiting attribute path : vnffgr_reference
13:23:07.153 [Test worker] DEBUG o.h.l.p.b.i.spaces.QuerySpacesImpl - Adding QuerySpace : uid = <gen:3> -> org.hibernate.loader.plan.build.internal.spaces.CollectionQuerySpaceImpl@b901870]
13:23:07.153 [Test worker] DEBUG o.h.l.p.b.i.spaces.QuerySpacesImpl - Adding QuerySpace : uid = <gen:4> -> org.hibernate.loader.plan.build.internal.spaces.EntityQuerySpaceImpl@213466fe]
13:23:07.153 [Test worker] DEBUG o.h.l.p.b.i.FetchStyleLoadPlanBuildingAssociationVisitationStrategy - Building LoadPlan...
13:23:07.153 [Test worker] DEBUG o.h.l.p.e.i.LoadQueryJoinAndFetchProcessor - processing queryspace <gen:0>
13:23:07.154 [Test worker] DEBUG o.h.l.p.b.spi.LoadPlanTreePrinter - LoadPlan(entity=org.project.neutrino.nfvo.catalogue.mano.record.VirtualLinkRecord)
    - Returns
       - EntityReturnImpl(entity=org.project.neutrino.nfvo.catalogue.mano.record.VirtualLinkRecord, querySpaceUid=<gen:0>, path=org.project.neutrino.nfvo.catalogue.mano.record.VirtualLinkRecord)
          - CollectionAttributeFetchImpl(collection=org.project.neutrino.nfvo.catalogue.mano.record.VirtualLinkRecord.lifecycle_event_history, querySpaceUid=<gen:1>, path=org.project.neutrino.nfvo.catalogue.mano.record.VirtualLinkRecord.lifecycle_event_history)
             - (collection element) CollectionFetchableElementEntityGraph(entity=org.project.neutrino.nfvo.catalogue.mano.common.LifecycleEvent, querySpaceUid=<gen:2>, path=org.project.neutrino.nfvo.catalogue.mano.record.VirtualLinkRecord.lifecycle_event_history.<elements>)
          - CollectionAttributeFetchImpl(collection=org.project.neutrino.nfvo.catalogue.mano.record.VirtualLinkRecord.vnffgr_reference, querySpaceUid=<gen:3>, path=org.project.neutrino.nfvo.catalogue.mano.record.VirtualLinkRecord.vnffgr_reference)
             - (collection element) CollectionFetchableElementEntityGraph(entity=org.project.neutrino.nfvo.catalogue.mano.record.VNFForwardingGraphRecord, querySpaceUid=<gen:4>, path=org.project.neutrino.nfvo.catalogue.mano.record.VirtualLinkRecord.vnffgr_reference.<elements>)
    - QuerySpaces
       - EntityQuerySpaceImpl(uid=<gen:0>, entity=org.project.neutrino.nfvo.catalogue.mano.record.VirtualLinkRecord)
          - SQL table alias mapping - virtuallin0_
          - alias suffix - 0_
          - suffixed key columns - {id1_54_0_}

13:23:07.154 [Test worker] DEBUG o.h.loader.entity.plan.EntityLoader - Static select for entity org.project.neutrino.nfvo.catalogue.mano.record.VirtualLinkRecord [OPTIMISTIC_FORCE_INCREMENT]: select virtuallin0_.id as id1_54_0_, virtuallin0_.connectivity_type as connecti2_54_0_, virtuallin0_.descriptor_reference as descript3_54_0_, virtuallin0_.leaf_requirement as leaf_req4_54_0_, virtuallin0_.number_of_enpoints as number_o5_54_0_, virtuallin0_.parent_ns as parent_n6_54_0_, virtuallin0_.root_requirement as root_req7_54_0_, virtuallin0_.status as status8_54_0_, virtuallin0_.test_access as test_acc9_54_0_, virtuallin0_.vendor as vendor10_54_0_, virtuallin0_.version as version11_54_0_, virtuallin0_.vim_id as vim_id12_54_0_ from virtual_link_record virtuallin0_ where virtuallin0_.id=?
13:23:07.154 [Test worker] DEBUG org.hibernate.loader.Loader - Static select for action ACTION_MERGE on entity org.project.neutrino.nfvo.catalogue.mano.record.VirtualLinkRecord: select virtuallin0_.id as id1_54_1_, virtuallin0_.connectivity_type as connecti2_54_1_, virtuallin0_.descriptor_reference as descript3_54_1_, virtuallin0_.leaf_requirement as leaf_req4_54_1_, virtuallin0_.number_of_enpoints as number_o5_54_1_, virtuallin0_.parent_ns as parent_n6_54_1_, virtuallin0_.root_requirement as root_req7_54_1_, virtuallin0_.status as status8_54_1_, virtuallin0_.test_access as test_acc9_54_1_, virtuallin0_.vendor as vendor10_54_1_, virtuallin0_.version as version11_54_1_, virtuallin0_.vim_id as vim_id12_54_1_, lifecycle_1_.virtual_link_record_id as virtual_1_54_3_, lifecyclee2_.id as lifecycl2_58_3_, lifecyclee2_.id as id1_10_0_, lifecyclee2_.version as version2_10_0_ from virtual_link_record virtuallin0_ left outer join virtual_link_record_lifecycle_event_history lifecycle_1_ on virtuallin0_.id=lifecycle_1_.virtual_link_record_id left outer join lifecycle_event lifecyclee2_ on lifecycle_1_.lifecycle_event_history_id=lifecyclee2_.id where virtuallin0_.id=?
13:23:07.154 [Test worker] DEBUG org.hibernate.loader.Loader - Static select for action ACTION_REFRESH on entity org.project.neutrino.nfvo.catalogue.mano.record.VirtualLinkRecord: select virtuallin0_.id as id1_54_1_, virtuallin0_.connectivity_type as connecti2_54_1_, virtuallin0_.descriptor_reference as descript3_54_1_, virtuallin0_.leaf_requirement as leaf_req4_54_1_, virtuallin0_.number_of_enpoints as number_o5_54_1_, virtuallin0_.parent_ns as parent_n6_54_1_, virtuallin0_.root_requirement as root_req7_54_1_, virtuallin0_.status as status8_54_1_, virtuallin0_.test_access as test_acc9_54_1_, virtuallin0_.vendor as vendor10_54_1_, virtuallin0_.version as version11_54_1_, virtuallin0_.vim_id as vim_id12_54_1_, lifecycle_1_.virtual_link_record_id as virtual_1_54_3_, lifecyclee2_.id as lifecycl2_58_3_, lifecyclee2_.id as id1_10_0_, lifecyclee2_.version as version2_10_0_ from virtual_link_record virtuallin0_ left outer join virtual_link_record_lifecycle_event_history lifecycle_1_ on virtuallin0_.id=lifecycle_1_.virtual_link_record_id left outer join lifecycle_event lifecyclee2_ on lifecycle_1_.lifecycle_event_history_id=lifecyclee2_.id where virtuallin0_.id=?
13:23:07.155 [Test worker] DEBUG o.h.p.entity.AbstractEntityPersister - Static SQL for entity: org.project.neutrino.nfvo.catalogue.mano.record.VNFForwardingGraphRecord
13:23:07.155 [Test worker] DEBUG o.h.p.entity.AbstractEntityPersister -  Version select: select id from vnfforwarding_graph_record where id =?
13:23:07.155 [Test worker] DEBUG o.h.p.entity.AbstractEntityPersister -  Snapshot select: select vnfforward_.id, vnfforward_.audit_log as audit_lo2_92_, vnfforward_.descriptor_reference_id as descrip10_92_, vnfforward_.network_forwarding_path_id as network11_92_, vnfforward_.number_of_endpoints as number_o3_92_, vnfforward_.number_of_pnfs as number_o4_92_, vnfforward_.number_of_virtual_links as number_o5_92_, vnfforward_.number_of_vnfs as number_o6_92_, vnfforward_.parent_ns_id as parent_12_92_, vnfforward_.status as status7_92_, vnfforward_.vendor as vendor8_92_, vnfforward_.version as version9_92_ from vnfforwarding_graph_record vnfforward_ where vnfforward_.id=?
13:23:07.155 [Test worker] DEBUG o.h.p.entity.AbstractEntityPersister -  Insert 0: insert into vnfforwarding_graph_record (audit_log, descriptor_reference_id, network_forwarding_path_id, number_of_endpoints, number_of_pnfs, number_of_virtual_links, number_of_vnfs, parent_ns_id, status, vendor, version, id) values (?, ?, ?, ?, ?, ?, ?, ?, ?, ?, ?, ?)
13:23:07.155 [Test worker] DEBUG o.h.p.entity.AbstractEntityPersister -  Update 0: update vnfforwarding_graph_record set audit_log=?, descriptor_reference_id=?, network_forwarding_path_id=?, number_of_endpoints=?, number_of_pnfs=?, number_of_virtual_links=?, number_of_vnfs=?, parent_ns_id=?, status=?, vendor=?, version=? where id=?
13:23:07.155 [Test worker] DEBUG o.h.p.entity.AbstractEntityPersister -  Delete 0: delete from vnfforwarding_graph_record where id=?
13:23:07.155 [Test worker] DEBUG o.h.l.p.b.i.spaces.QuerySpacesImpl - Adding QuerySpace : uid = <gen:0> -> org.hibernate.loader.plan.build.internal.spaces.EntityQuerySpaceImpl@7755beb9]
13:23:07.155 [Test worker] DEBUG o.h.p.w.spi.MetamodelGraphWalker - Visiting attribute path : audit_log
13:23:07.155 [Test worker] DEBUG o.h.p.w.spi.MetamodelGraphWalker - Visiting attribute path : connection_point
13:23:07.155 [Test worker] DEBUG o.h.l.p.b.i.spaces.QuerySpacesImpl - Adding QuerySpace : uid = <gen:1> -> org.hibernate.loader.plan.build.internal.spaces.CollectionQuerySpaceImpl@5346e84e]
13:23:07.155 [Test worker] DEBUG o.h.l.p.b.i.spaces.QuerySpacesImpl - Adding QuerySpace : uid = <gen:2> -> org.hibernate.loader.plan.build.internal.spaces.EntityQuerySpaceImpl@543d8398]
13:23:07.155 [Test worker] DEBUG o.h.p.w.spi.MetamodelGraphWalker - Visiting attribute path : connection_point.type
13:23:07.156 [Test worker] DEBUG o.h.p.w.spi.MetamodelGraphWalker - Visiting attribute path : connection_point.version
13:23:07.156 [Test worker] DEBUG o.h.p.w.spi.MetamodelGraphWalker - Visiting attribute path : connection_point.virtual_link_reference
13:23:07.156 [Test worker] DEBUG o.h.p.w.spi.MetamodelGraphWalker - Visiting attribute path : dependent_virtual_link
13:23:07.157 [Test worker] DEBUG o.h.l.p.b.i.spaces.QuerySpacesImpl - Adding QuerySpace : uid = <gen:3> -> org.hibernate.loader.plan.build.internal.spaces.CollectionQuerySpaceImpl@dddb03e]
13:23:07.157 [Test worker] DEBUG o.h.l.p.b.i.spaces.QuerySpacesImpl - Adding QuerySpace : uid = <gen:4> -> org.hibernate.loader.plan.build.internal.spaces.EntityQuerySpaceImpl@555dbd8e]
13:23:07.157 [Test worker] DEBUG o.h.p.w.spi.MetamodelGraphWalker - Visiting attribute path : dependent_virtual_link.allocated_capacity
13:23:07.157 [Test worker] DEBUG o.h.p.w.spi.MetamodelGraphWalker - Visiting attribute path : dependent_virtual_link.audit_log
13:23:07.157 [Test worker] DEBUG o.h.p.w.spi.MetamodelGraphWalker - Visiting attribute path : dependent_virtual_link.connection
13:23:07.157 [Test worker] DEBUG o.h.p.w.spi.MetamodelGraphWalker - Visiting attribute path : dependent_virtual_link.connectivity_type
13:23:07.157 [Test worker] DEBUG o.h.p.w.spi.MetamodelGraphWalker - Visiting attribute path : dependent_virtual_link.descriptor_reference
13:23:07.157 [Test worker] DEBUG o.h.p.w.spi.MetamodelGraphWalker - Visiting attribute path : dependent_virtual_link.leaf_requirement
13:23:07.157 [Test worker] DEBUG o.h.p.w.spi.MetamodelGraphWalker - Visiting attribute path : dependent_virtual_link.lifecycle_event_history
13:23:07.158 [Test worker] DEBUG o.h.l.p.b.i.spaces.QuerySpacesImpl - Adding QuerySpace : uid = <gen:5> -> org.hibernate.loader.plan.build.internal.spaces.CollectionQuerySpaceImpl@58d3e2d4]
13:23:07.158 [Test worker] DEBUG o.h.l.p.b.i.spaces.QuerySpacesImpl - Adding QuerySpace : uid = <gen:6> -> org.hibernate.loader.plan.build.internal.spaces.EntityQuerySpaceImpl@3ed0f9db]
13:23:07.158 [Test worker] DEBUG o.h.p.w.spi.MetamodelGraphWalker - Visiting attribute path : dependent_virtual_link.lifecycle_event_history.lifecycle_events
13:23:07.158 [Test worker] DEBUG o.h.p.w.spi.MetamodelGraphWalker - Visiting attribute path : dependent_virtual_link.lifecycle_event_history.version
13:23:07.158 [Test worker] DEBUG o.h.p.w.spi.MetamodelGraphWalker - Visiting attribute path : dependent_virtual_link.notification
13:23:07.158 [Test worker] DEBUG o.h.p.w.spi.MetamodelGraphWalker - Visiting attribute path : dependent_virtual_link.number_of_enpoints
13:23:07.158 [Test worker] DEBUG o.h.p.w.spi.MetamodelGraphWalker - Visiting attribute path : dependent_virtual_link.parent_ns
13:23:07.158 [Test worker] DEBUG o.h.p.w.spi.MetamodelGraphWalker - Visiting attribute path : dependent_virtual_link.qos
13:23:07.158 [Test worker] DEBUG o.h.p.w.spi.MetamodelGraphWalker - Visiting attribute path : dependent_virtual_link.root_requirement
13:23:07.158 [Test worker] DEBUG o.h.p.w.spi.MetamodelGraphWalker - Visiting attribute path : dependent_virtual_link.status
13:23:07.158 [Test worker] DEBUG o.h.p.w.spi.MetamodelGraphWalker - Visiting attribute path : dependent_virtual_link.test_access
13:23:07.158 [Test worker] DEBUG o.h.p.w.spi.MetamodelGraphWalker - Visiting attribute path : dependent_virtual_link.vendor
13:23:07.158 [Test worker] DEBUG o.h.p.w.spi.MetamodelGraphWalker - Visiting attribute path : dependent_virtual_link.version
13:23:07.158 [Test worker] DEBUG o.h.p.w.spi.MetamodelGraphWalker - Visiting attribute path : dependent_virtual_link.vim_id
13:23:07.158 [Test worker] DEBUG o.h.p.w.spi.MetamodelGraphWalker - Visiting attribute path : dependent_virtual_link.vnffgr_reference
13:23:07.158 [Test worker] DEBUG o.h.l.p.b.i.spaces.QuerySpacesImpl - Adding QuerySpace : uid = <gen:7> -> org.hibernate.loader.plan.build.internal.spaces.CollectionQuerySpaceImpl@1206cda0]
13:23:07.158 [Test worker] DEBUG o.h.l.p.b.i.spaces.QuerySpacesImpl - Adding QuerySpace : uid = <gen:8> -> org.hibernate.loader.plan.build.internal.spaces.EntityQuerySpaceImpl@7ca5cc9e]
13:23:07.158 [Test worker] DEBUG o.h.p.w.spi.MetamodelGraphWalker - Visiting attribute path : dependent_virtual_link.vnffgr_reference.audit_log
13:23:07.158 [Test worker] DEBUG o.h.p.w.spi.MetamodelGraphWalker - Visiting attribute path : dependent_virtual_link.vnffgr_reference.connection_point
13:23:07.158 [Test worker] DEBUG o.h.p.w.spi.MetamodelGraphWalker - Property path deemed to be circular : dependent_virtual_link.vnffgr_reference.connection_point
13:23:07.158 [Test worker] DEBUG o.h.p.w.spi.MetamodelGraphWalker - Visiting attribute path : dependent_virtual_link.vnffgr_reference.dependent_virtual_link
13:23:07.158 [Test worker] DEBUG o.h.p.w.spi.MetamodelGraphWalker - Property path deemed to be circular : dependent_virtual_link.vnffgr_reference.dependent_virtual_link
13:23:07.158 [Test worker] DEBUG o.h.p.w.spi.MetamodelGraphWalker - Visiting attribute path : dependent_virtual_link.vnffgr_reference.descriptor_reference
13:23:07.158 [Test worker] DEBUG o.h.l.p.b.i.spaces.QuerySpacesImpl - Adding QuerySpace : uid = <gen:9> -> org.hibernate.loader.plan.build.internal.spaces.EntityQuerySpaceImpl@7125d0c1]
13:23:07.159 [Test worker] DEBUG o.h.p.w.spi.MetamodelGraphWalker - Visiting attribute path : dependent_virtual_link.vnffgr_reference.lifecycle_event_history
13:23:07.159 [Test worker] DEBUG o.h.l.p.b.i.spaces.QuerySpacesImpl - Adding QuerySpace : uid = <gen:10> -> org.hibernate.loader.plan.build.internal.spaces.CollectionQuerySpaceImpl@69ac68ef]
13:23:07.159 [Test worker] DEBUG o.h.l.p.b.i.spaces.QuerySpacesImpl - Adding QuerySpace : uid = <gen:11> -> org.hibernate.loader.plan.build.internal.spaces.EntityQuerySpaceImpl@361d591c]
13:23:07.159 [Test worker] DEBUG o.h.p.w.spi.MetamodelGraphWalker - Visiting attribute path : dependent_virtual_link.vnffgr_reference.member_vnfs
13:23:07.159 [Test worker] DEBUG o.h.l.p.b.i.spaces.QuerySpacesImpl - Adding QuerySpace : uid = <gen:12> -> org.hibernate.loader.plan.build.internal.spaces.CollectionQuerySpaceImpl@40c55905]
13:23:07.159 [Test worker] DEBUG o.h.l.p.b.i.spaces.QuerySpacesImpl - Adding QuerySpace : uid = <gen:13> -> org.hibernate.loader.plan.build.internal.spaces.EntityQuerySpaceImpl@5c57787b]
13:23:07.159 [Test worker] DEBUG o.h.p.w.spi.MetamodelGraphWalker - Visiting attribute path : dependent_virtual_link.vnffgr_reference.network_forwarding_path
13:23:07.159 [Test worker] DEBUG o.h.l.p.b.i.spaces.QuerySpacesImpl - Adding QuerySpace : uid = <gen:14> -> org.hibernate.loader.plan.build.internal.spaces.EntityQuerySpaceImpl@72a70299]
13:23:07.159 [Test worker] DEBUG o.h.p.w.spi.MetamodelGraphWalker - Visiting attribute path : dependent_virtual_link.vnffgr_reference.notification
13:23:07.159 [Test worker] DEBUG o.h.p.w.spi.MetamodelGraphWalker - Visiting attribute path : dependent_virtual_link.vnffgr_reference.number_of_endpoints
13:23:07.159 [Test worker] DEBUG o.h.p.w.spi.MetamodelGraphWalker - Visiting attribute path : dependent_virtual_link.vnffgr_reference.number_of_pnfs
13:23:07.159 [Test worker] DEBUG o.h.p.w.spi.MetamodelGraphWalker - Visiting attribute path : dependent_virtual_link.vnffgr_reference.number_of_virtual_links
13:23:07.159 [Test worker] DEBUG o.h.p.w.spi.MetamodelGraphWalker - Visiting attribute path : dependent_virtual_link.vnffgr_reference.number_of_vnfs
13:23:07.160 [Test worker] DEBUG o.h.p.w.spi.MetamodelGraphWalker - Visiting attribute path : dependent_virtual_link.vnffgr_reference.parent_ns
13:23:07.160 [Test worker] DEBUG o.h.l.p.b.i.spaces.QuerySpacesImpl - Adding QuerySpace : uid = <gen:15> -> org.hibernate.loader.plan.build.internal.spaces.EntityQuerySpaceImpl@329bc59d]
13:23:07.160 [Test worker] DEBUG o.h.p.w.spi.MetamodelGraphWalker - Visiting attribute path : dependent_virtual_link.vnffgr_reference.status
13:23:07.160 [Test worker] DEBUG o.h.p.w.spi.MetamodelGraphWalker - Visiting attribute path : dependent_virtual_link.vnffgr_reference.vendor
13:23:07.160 [Test worker] DEBUG o.h.p.w.spi.MetamodelGraphWalker - Visiting attribute path : dependent_virtual_link.vnffgr_reference.version
13:23:07.160 [Test worker] DEBUG o.h.p.w.spi.MetamodelGraphWalker - Visiting attribute path : descriptor_reference
13:23:07.160 [Test worker] DEBUG o.h.l.p.b.i.spaces.QuerySpacesImpl - Adding QuerySpace : uid = <gen:16> -> org.hibernate.loader.plan.build.internal.spaces.EntityQuerySpaceImpl@10cae060]
13:23:07.160 [Test worker] DEBUG o.h.p.w.spi.MetamodelGraphWalker - Visiting attribute path : descriptor_reference.connection_point
13:23:07.160 [Test worker] DEBUG o.h.p.w.spi.MetamodelGraphWalker - Visiting attribute path : descriptor_reference.constituent_vnfs
13:23:07.160 [Test worker] DEBUG o.h.p.w.spi.MetamodelGraphWalker - Visiting attribute path : descriptor_reference.dependent_virtual_link
13:23:07.160 [Test worker] DEBUG o.h.p.w.spi.MetamodelGraphWalker - Visiting attribute path : descriptor_reference.descriptor_version
13:23:07.160 [Test worker] DEBUG o.h.p.w.spi.MetamodelGraphWalker - Visiting attribute path : descriptor_reference.hb_version
13:23:07.161 [Test worker] DEBUG o.h.p.w.spi.MetamodelGraphWalker - Visiting attribute path : descriptor_reference.network_forwarding_path
13:23:07.161 [Test worker] DEBUG o.h.p.w.spi.MetamodelGraphWalker - Visiting attribute path : descriptor_reference.number_of_endpoints
13:23:07.161 [Test worker] DEBUG o.h.p.w.spi.MetamodelGraphWalker - Visiting attribute path : descriptor_reference.number_of_virtual_links
13:23:07.161 [Test worker] DEBUG o.h.p.w.spi.MetamodelGraphWalker - Visiting attribute path : descriptor_reference.vendor
13:23:07.161 [Test worker] DEBUG o.h.p.w.spi.MetamodelGraphWalker - Visiting attribute path : descriptor_reference.version
13:23:07.161 [Test worker] DEBUG o.h.p.w.spi.MetamodelGraphWalker - Visiting attribute path : descriptor_reference.vnffgd_security
13:23:07.161 [Test worker] DEBUG o.h.l.p.b.i.spaces.QuerySpacesImpl - Adding QuerySpace : uid = <gen:17> -> org.hibernate.loader.plan.build.internal.spaces.EntityQuerySpaceImpl@58487156]
13:23:07.161 [Test worker] DEBUG o.h.p.w.spi.MetamodelGraphWalker - Visiting attribute path : descriptor_reference.vnffgd_security.version
13:23:07.162 [Test worker] DEBUG o.h.p.w.spi.MetamodelGraphWalker - Visiting attribute path : lifecycle_event_history
13:23:07.162 [Test worker] DEBUG o.h.l.p.b.i.spaces.QuerySpacesImpl - Adding QuerySpace : uid = <gen:18> -> org.hibernate.loader.plan.build.internal.spaces.CollectionQuerySpaceImpl@2f60fde5]
13:23:07.162 [Test worker] DEBUG o.h.l.p.b.i.spaces.QuerySpacesImpl - Adding QuerySpace : uid = <gen:19> -> org.hibernate.loader.plan.build.internal.spaces.EntityQuerySpaceImpl@8bcddb0]
13:23:07.162 [Test worker] DEBUG o.h.p.w.spi.MetamodelGraphWalker - Visiting attribute path : lifecycle_event_history.lifecycle_events
13:23:07.162 [Test worker] DEBUG o.h.p.w.spi.MetamodelGraphWalker - Visiting attribute path : lifecycle_event_history.version
13:23:07.162 [Test worker] DEBUG o.h.p.w.spi.MetamodelGraphWalker - Visiting attribute path : member_vnfs
13:23:07.162 [Test worker] DEBUG o.h.l.p.b.i.spaces.QuerySpacesImpl - Adding QuerySpace : uid = <gen:20> -> org.hibernate.loader.plan.build.internal.spaces.CollectionQuerySpaceImpl@4c745a45]
13:23:07.162 [Test worker] DEBUG o.h.l.p.b.i.spaces.QuerySpacesImpl - Adding QuerySpace : uid = <gen:21> -> org.hibernate.loader.plan.build.internal.spaces.EntityQuerySpaceImpl@6ad28f39]
13:23:07.162 [Test worker] DEBUG o.h.p.w.spi.MetamodelGraphWalker - Visiting attribute path : member_vnfs.audit_log
13:23:07.162 [Test worker] DEBUG o.h.p.w.spi.MetamodelGraphWalker - Visiting attribute path : member_vnfs.auto_scale_policy
13:23:07.162 [Test worker] DEBUG o.h.l.p.b.i.spaces.QuerySpacesImpl - Adding QuerySpace : uid = <gen:22> -> org.hibernate.loader.plan.build.internal.spaces.CollectionQuerySpaceImpl@172be805]
13:23:07.163 [Test worker] DEBUG o.h.l.p.b.i.spaces.QuerySpacesImpl - Adding QuerySpace : uid = <gen:23> -> org.hibernate.loader.plan.build.internal.spaces.EntityQuerySpaceImpl@438dac25]
13:23:07.163 [Test worker] DEBUG o.h.p.w.spi.MetamodelGraphWalker - Visiting attribute path : member_vnfs.auto_scale_policy.version
13:23:07.163 [Test worker] DEBUG o.h.p.w.spi.MetamodelGraphWalker - Visiting attribute path : member_vnfs.connected_external_virtual_link
13:23:07.163 [Test worker] DEBUG o.h.l.p.b.i.spaces.QuerySpacesImpl - Adding QuerySpace : uid = <gen:24> -> org.hibernate.loader.plan.build.internal.spaces.CollectionQuerySpaceImpl@143df83e]
13:23:07.163 [Test worker] DEBUG o.h.l.p.b.i.spaces.QuerySpacesImpl - Adding QuerySpace : uid = <gen:25> -> org.hibernate.loader.plan.build.internal.spaces.EntityQuerySpaceImpl@7074b8d3]
13:23:07.163 [Test worker] DEBUG o.h.p.w.spi.MetamodelGraphWalker - Visiting attribute path : member_vnfs.connected_external_virtual_link.allocated_capacity
13:23:07.163 [Test worker] DEBUG o.h.p.w.spi.MetamodelGraphWalker - Visiting attribute path : member_vnfs.connected_external_virtual_link.audit_log
13:23:07.163 [Test worker] DEBUG o.h.p.w.spi.MetamodelGraphWalker - Visiting attribute path : member_vnfs.connected_external_virtual_link.connection
13:23:07.163 [Test worker] DEBUG o.h.p.w.spi.MetamodelGraphWalker - Visiting attribute path : member_vnfs.connected_external_virtual_link.connectivity_type
13:23:07.163 [Test worker] DEBUG o.h.p.w.spi.MetamodelGraphWalker - Visiting attribute path : member_vnfs.connected_external_virtual_link.descriptor_reference
13:23:07.163 [Test worker] DEBUG o.h.p.w.spi.MetamodelGraphWalker - Visiting attribute path : member_vnfs.connected_external_virtual_link.leaf_requirement
13:23:07.163 [Test worker] DEBUG o.h.p.w.spi.MetamodelGraphWalker - Visiting attribute path : member_vnfs.connected_external_virtual_link.lifecycle_event_history
13:23:07.163 [Test worker] DEBUG o.h.p.w.spi.MetamodelGraphWalker - Property path deemed to be circular : member_vnfs.connected_external_virtual_link.lifecycle_event_history
13:23:07.163 [Test worker] DEBUG o.h.p.w.spi.MetamodelGraphWalker - Visiting attribute path : member_vnfs.connected_external_virtual_link.notification
13:23:07.163 [Test worker] DEBUG o.h.p.w.spi.MetamodelGraphWalker - Visiting attribute path : member_vnfs.connected_external_virtual_link.number_of_enpoints
13:23:07.163 [Test worker] DEBUG o.h.p.w.spi.MetamodelGraphWalker - Visiting attribute path : member_vnfs.connected_external_virtual_link.parent_ns
13:23:07.163 [Test worker] DEBUG o.h.p.w.spi.MetamodelGraphWalker - Visiting attribute path : member_vnfs.connected_external_virtual_link.qos
13:23:07.163 [Test worker] DEBUG o.h.p.w.spi.MetamodelGraphWalker - Visiting attribute path : member_vnfs.connected_external_virtual_link.root_requirement
13:23:07.163 [Test worker] DEBUG o.h.p.w.spi.MetamodelGraphWalker - Visiting attribute path : member_vnfs.connected_external_virtual_link.status
13:23:07.163 [Test worker] DEBUG o.h.p.w.spi.MetamodelGraphWalker - Visiting attribute path : member_vnfs.connected_external_virtual_link.test_access
13:23:07.163 [Test worker] DEBUG o.h.p.w.spi.MetamodelGraphWalker - Visiting attribute path : member_vnfs.connected_external_virtual_link.vendor
13:23:07.163 [Test worker] DEBUG o.h.p.w.spi.MetamodelGraphWalker - Visiting attribute path : member_vnfs.connected_external_virtual_link.version
13:23:07.163 [Test worker] DEBUG o.h.p.w.spi.MetamodelGraphWalker - Visiting attribute path : member_vnfs.connected_external_virtual_link.vim_id
13:23:07.163 [Test worker] DEBUG o.h.p.w.spi.MetamodelGraphWalker - Visiting attribute path : member_vnfs.connected_external_virtual_link.vnffgr_reference
13:23:07.163 [Test worker] DEBUG o.h.p.w.spi.MetamodelGraphWalker - Property path deemed to be circular : member_vnfs.connected_external_virtual_link.vnffgr_reference
13:23:07.163 [Test worker] DEBUG o.h.p.w.spi.MetamodelGraphWalker - Visiting attribute path : member_vnfs.connection_point
13:23:07.163 [Test worker] DEBUG o.h.l.p.b.i.spaces.QuerySpacesImpl - Adding QuerySpace : uid = <gen:26> -> org.hibernate.loader.plan.build.internal.spaces.CollectionQuerySpaceImpl@52ec5835]
13:23:07.164 [Test worker] DEBUG o.h.l.p.b.i.spaces.QuerySpacesImpl - Adding QuerySpace : uid = <gen:27> -> org.hibernate.loader.plan.build.internal.spaces.EntityQuerySpaceImpl@1a932a1b]
13:23:07.164 [Test worker] DEBUG o.h.p.w.spi.MetamodelGraphWalker - Visiting attribute path : member_vnfs.connection_point.type
13:23:07.164 [Test worker] DEBUG o.h.p.w.spi.MetamodelGraphWalker - Visiting attribute path : member_vnfs.connection_point.version
13:23:07.164 [Test worker] DEBUG o.h.p.w.spi.MetamodelGraphWalker - Visiting attribute path : member_vnfs.connection_point.virtual_link_reference
13:23:07.164 [Test worker] DEBUG o.h.p.w.spi.MetamodelGraphWalker - Visiting attribute path : member_vnfs.dependency
13:23:07.164 [Test worker] DEBUG o.h.l.p.b.i.spaces.QuerySpacesImpl - Adding QuerySpace : uid = <gen:28> -> org.hibernate.loader.plan.build.internal.spaces.CollectionQuerySpaceImpl@346a56c0]
13:23:07.164 [Test worker] DEBUG o.h.l.p.b.i.spaces.QuerySpacesImpl - Adding QuerySpace : uid = <gen:29> -> org.hibernate.loader.plan.build.internal.spaces.EntityQuerySpaceImpl@31657222]
13:23:07.164 [Test worker] DEBUG o.h.p.w.spi.MetamodelGraphWalker - Visiting attribute path : member_vnfs.dependency.source
13:23:07.164 [Test worker] DEBUG o.h.l.p.b.i.spaces.QuerySpacesImpl - Adding QuerySpace : uid = <gen:30> -> org.hibernate.loader.plan.build.internal.spaces.EntityQuerySpaceImpl@34d8e29]
13:23:07.164 [Test worker] DEBUG o.h.p.w.spi.MetamodelGraphWalker - Visiting attribute path : member_vnfs.dependency.target
13:23:07.164 [Test worker] DEBUG o.h.l.p.b.i.spaces.QuerySpacesImpl - Adding QuerySpace : uid = <gen:31> -> org.hibernate.loader.plan.build.internal.spaces.EntityQuerySpaceImpl@58b02770]
13:23:07.165 [Test worker] DEBUG o.h.p.w.spi.MetamodelGraphWalker - Visiting attribute path : member_vnfs.dependency.version
13:23:07.165 [Test worker] DEBUG o.h.p.w.spi.MetamodelGraphWalker - Visiting attribute path : member_vnfs.deployment_flavour
13:23:07.165 [Test worker] DEBUG o.h.l.p.b.i.spaces.QuerySpacesImpl - Adding QuerySpace : uid = <gen:32> -> org.hibernate.loader.plan.build.internal.spaces.EntityQuerySpaceImpl@14ed578d]
13:23:07.165 [Test worker] DEBUG o.h.p.w.spi.MetamodelGraphWalker - Visiting attribute path : member_vnfs.deployment_flavour.flavour_key
13:23:07.165 [Test worker] DEBUG o.h.p.w.spi.MetamodelGraphWalker - Visiting attribute path : member_vnfs.deployment_flavour.version
13:23:07.165 [Test worker] DEBUG o.h.p.w.spi.MetamodelGraphWalker - Visiting attribute path : member_vnfs.deployment_flavour.costituent_vdu
13:23:07.165 [Test worker] DEBUG o.h.p.w.spi.MetamodelGraphWalker - Visiting attribute path : member_vnfs.deployment_flavour.df_constraint
13:23:07.165 [Test worker] DEBUG o.h.l.p.b.i.spaces.QuerySpacesImpl - Adding QuerySpace : uid = <gen:33> -> org.hibernate.loader.plan.build.internal.spaces.CollectionQuerySpaceImpl@7be40f1f]
13:23:07.165 [Test worker] DEBUG o.h.p.w.spi.MetamodelGraphWalker - Visiting attribute path : member_vnfs.descriptor_reference
13:23:07.165 [Test worker] DEBUG o.h.p.w.spi.MetamodelGraphWalker - Visiting attribute path : member_vnfs.lifecycle_event
13:23:07.165 [Test worker] DEBUG o.h.l.p.b.i.spaces.QuerySpacesImpl - Adding QuerySpace : uid = <gen:34> -> org.hibernate.loader.plan.build.internal.spaces.EntityQuerySpaceImpl@399cfbc4]
13:23:07.165 [Test worker] DEBUG o.h.p.w.spi.MetamodelGraphWalker - Visiting attribute path : member_vnfs.lifecycle_event.lifecycle_events
13:23:07.165 [Test worker] DEBUG o.h.p.w.spi.MetamodelGraphWalker - Visiting attribute path : member_vnfs.lifecycle_event.version
13:23:07.165 [Test worker] DEBUG o.h.p.w.spi.MetamodelGraphWalker - Visiting attribute path : member_vnfs.lifecycle_event_history
13:23:07.165 [Test worker] DEBUG o.h.l.p.b.i.spaces.QuerySpacesImpl - Adding QuerySpace : uid = <gen:35> -> org.hibernate.loader.plan.build.internal.spaces.CollectionQuerySpaceImpl@b3f77f9]
13:23:07.165 [Test worker] DEBUG o.h.l.p.b.i.spaces.QuerySpacesImpl - Adding QuerySpace : uid = <gen:36> -> org.hibernate.loader.plan.build.internal.spaces.EntityQuerySpaceImpl@73dd8233]
13:23:07.165 [Test worker] DEBUG o.h.p.w.spi.MetamodelGraphWalker - Visiting attribute path : member_vnfs.lifecycle_event_history.lifecycle_events
13:23:07.165 [Test worker] DEBUG o.h.p.w.spi.MetamodelGraphWalker - Visiting attribute path : member_vnfs.lifecycle_event_history.version
13:23:07.165 [Test worker] DEBUG o.h.p.w.spi.MetamodelGraphWalker - Visiting attribute path : member_vnfs.localization
13:23:07.165 [Test worker] DEBUG o.h.p.w.spi.MetamodelGraphWalker - Visiting attribute path : member_vnfs.monitoring_parameter
13:23:07.165 [Test worker] DEBUG o.h.p.w.spi.MetamodelGraphWalker - Visiting attribute path : member_vnfs.notification
13:23:07.165 [Test worker] DEBUG o.h.p.w.spi.MetamodelGraphWalker - Visiting attribute path : member_vnfs.parent_ns
13:23:07.165 [Test worker] DEBUG o.h.l.p.b.i.spaces.QuerySpacesImpl - Adding QuerySpace : uid = <gen:37> -> org.hibernate.loader.plan.build.internal.spaces.EntityQuerySpaceImpl@143f0608]
13:23:07.165 [Test worker] DEBUG o.h.p.w.spi.MetamodelGraphWalker - Visiting attribute path : member_vnfs.parent_ns.audit_log
13:23:07.165 [Test worker] DEBUG o.h.p.w.spi.MetamodelGraphWalker - Visiting attribute path : member_vnfs.parent_ns.auto_scale_policy
13:23:07.166 [Test worker] DEBUG o.h.l.p.b.i.spaces.QuerySpacesImpl - Adding QuerySpace : uid = <gen:38> -> org.hibernate.loader.plan.build.internal.spaces.CollectionQuerySpaceImpl@640c40f9]
13:23:07.166 [Test worker] DEBUG o.h.l.p.b.i.spaces.QuerySpacesImpl - Adding QuerySpace : uid = <gen:39> -> org.hibernate.loader.plan.build.internal.spaces.EntityQuerySpaceImpl@607dcebf]
13:23:07.166 [Test worker] DEBUG o.h.p.w.spi.MetamodelGraphWalker - Visiting attribute path : member_vnfs.parent_ns.connection_point
13:23:07.166 [Test worker] DEBUG o.h.l.p.b.i.spaces.QuerySpacesImpl - Adding QuerySpace : uid = <gen:40> -> org.hibernate.loader.plan.build.internal.spaces.CollectionQuerySpaceImpl@63908f16]
13:23:07.166 [Test worker] DEBUG o.h.l.p.b.i.spaces.QuerySpacesImpl - Adding QuerySpace : uid = <gen:41> -> org.hibernate.loader.plan.build.internal.spaces.EntityQuerySpaceImpl@27a2206b]
13:23:07.166 [Test worker] DEBUG o.h.p.w.spi.MetamodelGraphWalker - Visiting attribute path : member_vnfs.parent_ns.descriptor_reference
13:23:07.166 [Test worker] DEBUG o.h.l.p.b.i.spaces.QuerySpacesImpl - Adding QuerySpace : uid = <gen:42> -> org.hibernate.loader.plan.build.internal.spaces.EntityQuerySpaceImpl@4fe6521]
13:23:07.166 [Test worker] DEBUG o.h.p.w.spi.MetamodelGraphWalker - Visiting attribute path : member_vnfs.parent_ns.lifecycle_event
13:23:07.166 [Test worker] DEBUG o.h.l.p.b.i.spaces.QuerySpacesImpl - Adding QuerySpace : uid = <gen:43> -> org.hibernate.loader.plan.build.internal.spaces.EntityQuerySpaceImpl@59a15c16]
13:23:07.166 [Test worker] DEBUG o.h.p.w.spi.MetamodelGraphWalker - Visiting attribute path : member_vnfs.parent_ns.lifecycle_event_history
13:23:07.166 [Test worker] DEBUG o.h.l.p.b.i.spaces.QuerySpacesImpl - Adding QuerySpace : uid = <gen:44> -> org.hibernate.loader.plan.build.internal.spaces.CollectionQuerySpaceImpl@70a4d652]
13:23:07.166 [Test worker] DEBUG o.h.l.p.b.i.spaces.QuerySpacesImpl - Adding QuerySpace : uid = <gen:45> -> org.hibernate.loader.plan.build.internal.spaces.EntityQuerySpaceImpl@55f2db44]
13:23:07.166 [Test worker] DEBUG o.h.p.w.spi.MetamodelGraphWalker - Visiting attribute path : member_vnfs.parent_ns.monitoring_parameter
13:23:07.166 [Test worker] DEBUG o.h.p.w.spi.MetamodelGraphWalker - Visiting attribute path : member_vnfs.parent_ns.notification
13:23:07.166 [Test worker] DEBUG o.h.p.w.spi.MetamodelGraphWalker - Visiting attribute path : member_vnfs.parent_ns.pnfr
13:23:07.166 [Test worker] DEBUG o.h.l.p.b.i.spaces.QuerySpacesImpl - Adding QuerySpace : uid = <gen:46> -> org.hibernate.loader.plan.build.internal.spaces.CollectionQuerySpaceImpl@3b197971]
13:23:07.166 [Test worker] DEBUG o.h.l.p.b.i.spaces.QuerySpacesImpl - Adding QuerySpace : uid = <gen:47> -> org.hibernate.loader.plan.build.internal.spaces.EntityQuerySpaceImpl@5740807]
13:23:07.166 [Test worker] DEBUG o.h.p.w.spi.MetamodelGraphWalker - Visiting attribute path : member_vnfs.parent_ns.resource_reservation
13:23:07.166 [Test worker] DEBUG o.h.p.w.spi.MetamodelGraphWalker - Visiting attribute path : member_vnfs.parent_ns.runtime_policy_info
13:23:07.166 [Test worker] DEBUG o.h.p.w.spi.MetamodelGraphWalker - Visiting attribute path : member_vnfs.parent_ns.service_deployment_flavour
13:23:07.166 [Test worker] DEBUG o.h.l.p.b.i.spaces.QuerySpacesImpl - Adding QuerySpace : uid = <gen:48> -> org.hibernate.loader.plan.build.internal.spaces.EntityQuerySpaceImpl@4bb065d]
13:23:07.166 [Test worker] DEBUG o.h.p.w.spi.MetamodelGraphWalker - Visiting attribute path : member_vnfs.parent_ns.status
13:23:07.166 [Test worker] DEBUG o.h.p.w.spi.MetamodelGraphWalker - Visiting attribute path : member_vnfs.parent_ns.vendor
13:23:07.166 [Test worker] DEBUG o.h.p.w.spi.MetamodelGraphWalker - Visiting attribute path : member_vnfs.parent_ns.version
13:23:07.166 [Test worker] DEBUG o.h.p.w.spi.MetamodelGraphWalker - Visiting attribute path : member_vnfs.parent_ns.vlr
13:23:07.166 [Test worker] DEBUG o.h.l.p.b.i.spaces.QuerySpacesImpl - Adding QuerySpace : uid = <gen:49> -> org.hibernate.loader.plan.build.internal.spaces.CollectionQuerySpaceImpl@129ec618]
13:23:07.166 [Test worker] DEBUG o.h.l.p.b.i.spaces.QuerySpacesImpl - Adding QuerySpace : uid = <gen:50> -> org.hibernate.loader.plan.build.internal.spaces.EntityQuerySpaceImpl@75df5b34]
13:23:07.166 [Test worker] DEBUG o.h.p.w.spi.MetamodelGraphWalker - Visiting attribute path : member_vnfs.parent_ns.vnf_dependency
13:23:07.166 [Test worker] DEBUG o.h.l.p.b.i.spaces.QuerySpacesImpl - Adding QuerySpace : uid = <gen:51> -> org.hibernate.loader.plan.build.internal.spaces.CollectionQuerySpaceImpl@1adcef61]
13:23:07.166 [Test worker] DEBUG o.h.l.p.b.i.spaces.QuerySpacesImpl - Adding QuerySpace : uid = <gen:52> -> org.hibernate.loader.plan.build.internal.spaces.EntityQuerySpaceImpl@1ee7d70e]
13:23:07.166 [Test worker] DEBUG o.h.p.w.spi.MetamodelGraphWalker - Visiting attribute path : member_vnfs.parent_ns.vnffgr
13:23:07.166 [Test worker] DEBUG o.h.l.p.b.i.spaces.QuerySpacesImpl - Adding QuerySpace : uid = <gen:53> -> org.hibernate.loader.plan.build.internal.spaces.CollectionQuerySpaceImpl@6d7e7fc]
13:23:07.166 [Test worker] DEBUG o.h.l.p.b.i.spaces.QuerySpacesImpl - Adding QuerySpace : uid = <gen:54> -> org.hibernate.loader.plan.build.internal.spaces.EntityQuerySpaceImpl@48bf54e6]
13:23:07.166 [Test worker] DEBUG o.h.p.w.spi.MetamodelGraphWalker - Visiting attribute path : member_vnfs.parent_ns.vnfr
13:23:07.167 [Test worker] DEBUG o.h.l.p.b.i.spaces.QuerySpacesImpl - Adding QuerySpace : uid = <gen:55> -> org.hibernate.loader.plan.build.internal.spaces.EntityQuerySpaceImpl@95eed5a]
13:23:07.167 [Test worker] DEBUG o.h.p.w.spi.MetamodelGraphWalker - Visiting attribute path : member_vnfs.runtime_policy_info
13:23:07.167 [Test worker] DEBUG o.h.p.w.spi.MetamodelGraphWalker - Visiting attribute path : member_vnfs.status
13:23:07.167 [Test worker] DEBUG o.h.p.w.spi.MetamodelGraphWalker - Visiting attribute path : member_vnfs.vdu
13:23:07.167 [Test worker] DEBUG o.h.l.p.b.i.spaces.QuerySpacesImpl - Adding QuerySpace : uid = <gen:56> -> org.hibernate.loader.plan.build.internal.spaces.CollectionQuerySpaceImpl@3730b484]
13:23:07.167 [Test worker] DEBUG o.h.l.p.b.i.spaces.QuerySpacesImpl - Adding QuerySpace : uid = <gen:57> -> org.hibernate.loader.plan.build.internal.spaces.EntityQuerySpaceImpl@5e9b626a]
13:23:07.167 [Test worker] DEBUG o.h.p.w.spi.MetamodelGraphWalker - Visiting attribute path : member_vnfs.vdu.computation_requirement
13:23:07.167 [Test worker] DEBUG o.h.p.w.spi.MetamodelGraphWalker - Visiting attribute path : member_vnfs.vdu.high_availability
13:23:07.167 [Test worker] DEBUG o.h.p.w.spi.MetamodelGraphWalker - Visiting attribute path : member_vnfs.vdu.lifecycle_event
13:23:07.167 [Test worker] DEBUG o.h.p.w.spi.MetamodelGraphWalker - Visiting attribute path : member_vnfs.vdu.monitoring_parameter
13:23:07.167 [Test worker] DEBUG o.h.l.p.b.i.spaces.QuerySpacesImpl - Adding QuerySpace : uid = <gen:58> -> org.hibernate.loader.plan.build.internal.spaces.CollectionQuerySpaceImpl@7917ef91]
13:23:07.167 [Test worker] DEBUG o.h.p.w.spi.MetamodelGraphWalker - Visiting attribute path : member_vnfs.vdu.scale_in_out
13:23:07.167 [Test worker] DEBUG o.h.p.w.spi.MetamodelGraphWalker - Visiting attribute path : member_vnfs.vdu.vdu_constraint
13:23:07.167 [Test worker] DEBUG o.h.p.w.spi.MetamodelGraphWalker - Visiting attribute path : member_vnfs.vdu.version
13:23:07.167 [Test worker] DEBUG o.h.p.w.spi.MetamodelGraphWalker - Visiting attribute path : member_vnfs.vdu.virtual_memory_resource_element
13:23:07.167 [Test worker] DEBUG o.h.p.w.spi.MetamodelGraphWalker - Visiting attribute path : member_vnfs.vdu.virtual_network_bandwidth_resource
13:23:07.167 [Test worker] DEBUG o.h.p.w.spi.MetamodelGraphWalker - Visiting attribute path : member_vnfs.vdu.vm_image
13:23:07.167 [Test worker] DEBUG o.h.l.p.b.i.spaces.QuerySpacesImpl - Adding QuerySpace : uid = <gen:59> -> org.hibernate.loader.plan.build.internal.spaces.CollectionQuerySpaceImpl@127156b3]
13:23:07.167 [Test worker] DEBUG o.h.p.w.spi.MetamodelGraphWalker - Visiting attribute path : member_vnfs.vdu.vnfc
13:23:07.167 [Test worker] DEBUG o.h.p.w.spi.MetamodelGraphWalker - Visiting attribute path : member_vnfs.vendor
13:23:07.167 [Test worker] DEBUG o.h.p.w.spi.MetamodelGraphWalker - Visiting attribute path : member_vnfs.version
13:23:07.167 [Test worker] DEBUG o.h.p.w.spi.MetamodelGraphWalker - Visiting attribute path : member_vnfs.virtual_link
13:23:07.167 [Test worker] DEBUG o.h.l.p.b.i.spaces.QuerySpacesImpl - Adding QuerySpace : uid = <gen:60> -> org.hibernate.loader.plan.build.internal.spaces.CollectionQuerySpaceImpl@4ef30b3a]
13:23:07.167 [Test worker] DEBUG o.h.l.p.b.i.spaces.QuerySpacesImpl - Adding QuerySpace : uid = <gen:61> -> org.hibernate.loader.plan.build.internal.spaces.EntityQuerySpaceImpl@36663554]
13:23:07.167 [Test worker] DEBUG o.h.p.w.spi.MetamodelGraphWalker - Visiting attribute path : member_vnfs.virtual_link.connectivity_type
13:23:07.167 [Test worker] DEBUG o.h.p.w.spi.MetamodelGraphWalker - Visiting attribute path : member_vnfs.virtual_link.leaf_requirement
13:23:07.167 [Test worker] DEBUG o.h.p.w.spi.MetamodelGraphWalker - Visiting attribute path : member_vnfs.virtual_link.qos
13:23:07.167 [Test worker] DEBUG o.h.p.w.spi.MetamodelGraphWalker - Visiting attribute path : member_vnfs.virtual_link.root_requirement
13:23:07.167 [Test worker] DEBUG o.h.p.w.spi.MetamodelGraphWalker - Visiting attribute path : member_vnfs.virtual_link.test_access
13:23:07.167 [Test worker] DEBUG o.h.p.w.spi.MetamodelGraphWalker - Visiting attribute path : member_vnfs.virtual_link.version
13:23:07.167 [Test worker] DEBUG o.h.p.w.spi.MetamodelGraphWalker - Visiting attribute path : member_vnfs.virtual_link.connection_points_references
13:23:07.167 [Test worker] DEBUG o.h.l.p.b.i.spaces.QuerySpacesImpl - Adding QuerySpace : uid = <gen:62> -> org.hibernate.loader.plan.build.internal.spaces.CollectionQuerySpaceImpl@109e5bc9]
13:23:07.167 [Test worker] DEBUG o.h.p.w.spi.MetamodelGraphWalker - Visiting attribute path : member_vnfs.vnf_address
13:23:07.168 [Test worker] DEBUG o.h.p.w.spi.MetamodelGraphWalker - Visiting attribute path : member_vnfs.vnfm_id
13:23:07.168 [Test worker] DEBUG o.h.p.w.spi.MetamodelGraphWalker - Visiting attribute path : network_forwarding_path
13:23:07.168 [Test worker] DEBUG o.h.l.p.b.i.spaces.QuerySpacesImpl - Adding QuerySpace : uid = <gen:63> -> org.hibernate.loader.plan.build.internal.spaces.EntityQuerySpaceImpl@c9bf1a5]
13:23:07.168 [Test worker] DEBUG o.h.p.w.spi.MetamodelGraphWalker - Visiting attribute path : network_forwarding_path.connection
13:23:07.168 [Test worker] DEBUG o.h.l.p.b.i.spaces.QuerySpacesImpl - Adding QuerySpace : uid = <gen:64> -> org.hibernate.loader.plan.build.internal.spaces.CollectionQuerySpaceImpl@5247710]
13:23:07.168 [Test worker] DEBUG o.h.p.w.spi.MetamodelGraphWalker - Visiting index for collection :  network_forwarding_path.connection
13:23:07.168 [Test worker] DEBUG o.h.p.w.spi.MetamodelGraphWalker - Visiting attribute path : network_forwarding_path.policy
13:23:07.168 [Test worker] DEBUG o.h.l.p.b.i.spaces.QuerySpacesImpl - Adding QuerySpace : uid = <gen:65> -> org.hibernate.loader.plan.build.internal.spaces.EntityQuerySpaceImpl@225ae047]
13:23:07.168 [Test worker] DEBUG o.h.p.w.spi.MetamodelGraphWalker - Visiting attribute path : network_forwarding_path.policy.version
13:23:07.168 [Test worker] DEBUG o.h.p.w.spi.MetamodelGraphWalker - Visiting attribute path : network_forwarding_path.version
13:23:07.168 [Test worker] DEBUG o.h.p.w.spi.MetamodelGraphWalker - Visiting attribute path : notification
13:23:07.168 [Test worker] DEBUG o.h.p.w.spi.MetamodelGraphWalker - Visiting attribute path : number_of_endpoints
13:23:07.168 [Test worker] DEBUG o.h.p.w.spi.MetamodelGraphWalker - Visiting attribute path : number_of_pnfs
13:23:07.168 [Test worker] DEBUG o.h.p.w.spi.MetamodelGraphWalker - Visiting attribute path : number_of_virtual_links
13:23:07.168 [Test worker] DEBUG o.h.p.w.spi.MetamodelGraphWalker - Visiting attribute path : number_of_vnfs
13:23:07.168 [Test worker] DEBUG o.h.p.w.spi.MetamodelGraphWalker - Visiting attribute path : parent_ns
13:23:07.169 [Test worker] DEBUG o.h.l.p.b.i.spaces.QuerySpacesImpl - Adding QuerySpace : uid = <gen:66> -> org.hibernate.loader.plan.build.internal.spaces.EntityQuerySpaceImpl@5e3c14a0]
13:23:07.169 [Test worker] DEBUG o.h.p.w.spi.MetamodelGraphWalker - Visiting attribute path : parent_ns.audit_log
13:23:07.169 [Test worker] DEBUG o.h.p.w.spi.MetamodelGraphWalker - Visiting attribute path : parent_ns.auto_scale_policy
13:23:07.169 [Test worker] DEBUG o.h.l.p.b.i.spaces.QuerySpacesImpl - Adding QuerySpace : uid = <gen:67> -> org.hibernate.loader.plan.build.internal.spaces.CollectionQuerySpaceImpl@1d60e50b]
13:23:07.169 [Test worker] DEBUG o.h.l.p.b.i.spaces.QuerySpacesImpl - Adding QuerySpace : uid = <gen:68> -> org.hibernate.loader.plan.build.internal.spaces.EntityQuerySpaceImpl@445d443e]
13:23:07.169 [Test worker] DEBUG o.h.p.w.spi.MetamodelGraphWalker - Visiting attribute path : parent_ns.auto_scale_policy.version
13:23:07.169 [Test worker] DEBUG o.h.p.w.spi.MetamodelGraphWalker - Visiting attribute path : parent_ns.connection_point
13:23:07.169 [Test worker] DEBUG o.h.l.p.b.i.spaces.QuerySpacesImpl - Adding QuerySpace : uid = <gen:69> -> org.hibernate.loader.plan.build.internal.spaces.CollectionQuerySpaceImpl@58e28d65]
13:23:07.169 [Test worker] DEBUG o.h.l.p.b.i.spaces.QuerySpacesImpl - Adding QuerySpace : uid = <gen:70> -> org.hibernate.loader.plan.build.internal.spaces.EntityQuerySpaceImpl@1b10f7a]
13:23:07.169 [Test worker] DEBUG o.h.p.w.spi.MetamodelGraphWalker - Visiting attribute path : parent_ns.connection_point.type
13:23:07.169 [Test worker] DEBUG o.h.p.w.spi.MetamodelGraphWalker - Visiting attribute path : parent_ns.connection_point.version
13:23:07.169 [Test worker] DEBUG o.h.p.w.spi.MetamodelGraphWalker - Visiting attribute path : parent_ns.connection_point.virtual_link_reference
13:23:07.169 [Test worker] DEBUG o.h.p.w.spi.MetamodelGraphWalker - Visiting attribute path : parent_ns.descriptor_reference
13:23:07.169 [Test worker] DEBUG o.h.l.p.b.i.spaces.QuerySpacesImpl - Adding QuerySpace : uid = <gen:71> -> org.hibernate.loader.plan.build.internal.spaces.EntityQuerySpaceImpl@36f94f72]
13:23:07.169 [Test worker] DEBUG o.h.p.w.spi.MetamodelGraphWalker - Visiting attribute path : parent_ns.descriptor_reference.auto_scale_policy
13:23:07.169 [Test worker] DEBUG o.h.p.w.spi.MetamodelGraphWalker - Visiting attribute path : parent_ns.descriptor_reference.connection_point
13:23:07.169 [Test worker] DEBUG o.h.p.w.spi.MetamodelGraphWalker - Visiting attribute path : parent_ns.descriptor_reference.hb_version
13:23:07.169 [Test worker] DEBUG o.h.p.w.spi.MetamodelGraphWalker - Visiting attribute path : parent_ns.descriptor_reference.lifecycle_event
13:23:07.169 [Test worker] DEBUG o.h.p.w.spi.MetamodelGraphWalker - Visiting attribute path : parent_ns.descriptor_reference.monitoring_parameter
13:23:07.169 [Test worker] DEBUG o.h.l.p.b.i.spaces.QuerySpacesImpl - Adding QuerySpace : uid = <gen:72> -> org.hibernate.loader.plan.build.internal.spaces.CollectionQuerySpaceImpl@4d3aca61]
13:23:07.169 [Test worker] DEBUG o.h.p.w.spi.MetamodelGraphWalker - Visiting attribute path : parent_ns.descriptor_reference.service_deployment_flavour
13:23:07.170 [Test worker] DEBUG o.h.p.w.spi.MetamodelGraphWalker - Visiting attribute path : parent_ns.descriptor_reference.vendor
13:23:07.170 [Test worker] DEBUG o.h.p.w.spi.MetamodelGraphWalker - Visiting attribute path : parent_ns.descriptor_reference.version
13:23:07.170 [Test worker] DEBUG o.h.p.w.spi.MetamodelGraphWalker - Visiting attribute path : parent_ns.descriptor_reference.vld
13:23:07.170 [Test worker] DEBUG o.h.p.w.spi.MetamodelGraphWalker - Visiting attribute path : parent_ns.descriptor_reference.vnffgd
13:23:07.170 [Test worker] DEBUG o.h.p.w.spi.MetamodelGraphWalker - Visiting attribute path : parent_ns.descriptor_reference.deployment_flavour
13:23:07.170 [Test worker] DEBUG o.h.l.p.b.i.spaces.QuerySpacesImpl - Adding QuerySpace : uid = <gen:73> -> org.hibernate.loader.plan.build.internal.spaces.CollectionQuerySpaceImpl@4ebccde3]
13:23:07.170 [Test worker] DEBUG o.h.l.p.b.i.spaces.QuerySpacesImpl - Adding QuerySpace : uid = <gen:74> -> org.hibernate.loader.plan.build.internal.spaces.EntityQuerySpaceImpl@4d711a77]
13:23:07.170 [Test worker] DEBUG o.h.p.w.spi.MetamodelGraphWalker - Visiting attribute path : parent_ns.descriptor_reference.descriptor_version
13:23:07.170 [Test worker] DEBUG o.h.p.w.spi.MetamodelGraphWalker - Visiting attribute path : parent_ns.descriptor_reference.manifest_file
13:23:07.170 [Test worker] DEBUG o.h.p.w.spi.MetamodelGraphWalker - Visiting attribute path : parent_ns.descriptor_reference.manifest_file_security
13:23:07.170 [Test worker] DEBUG o.h.p.w.spi.MetamodelGraphWalker - Visiting attribute path : parent_ns.descriptor_reference.vdu
13:23:07.170 [Test worker] DEBUG o.h.p.w.spi.MetamodelGraphWalker - Visiting attribute path : parent_ns.descriptor_reference.vdu_dependency
13:23:07.170 [Test worker] DEBUG o.h.p.w.spi.MetamodelGraphWalker - Visiting attribute path : parent_ns.descriptor_reference.virtual_link
13:23:07.170 [Test worker] DEBUG o.h.p.w.spi.MetamodelGraphWalker - Visiting attribute path : parent_ns.descriptor_reference.nsd_security
13:23:07.170 [Test worker] DEBUG o.h.l.p.b.i.spaces.QuerySpacesImpl - Adding QuerySpace : uid = <gen:75> -> org.hibernate.loader.plan.build.internal.spaces.EntityQuerySpaceImpl@3c80a259]
13:23:07.170 [Test worker] DEBUG o.h.p.w.spi.MetamodelGraphWalker - Visiting attribute path : parent_ns.descriptor_reference.pnfd
13:23:07.170 [Test worker] DEBUG o.h.p.w.spi.MetamodelGraphWalker - Visiting attribute path : parent_ns.descriptor_reference.vnf_dependency
13:23:07.170 [Test worker] DEBUG o.h.l.p.b.i.spaces.QuerySpacesImpl - Adding QuerySpace : uid = <gen:76> -> org.hibernate.loader.plan.build.internal.spaces.CollectionQuerySpaceImpl@2122a017]
13:23:07.170 [Test worker] DEBUG o.h.l.p.b.i.spaces.QuerySpacesImpl - Adding QuerySpace : uid = <gen:77> -> org.hibernate.loader.plan.build.internal.spaces.EntityQuerySpaceImpl@683c56ff]
13:23:07.171 [Test worker] DEBUG o.h.p.w.spi.MetamodelGraphWalker - Visiting attribute path : parent_ns.descriptor_reference.vnfd
13:23:07.171 [Test worker] DEBUG o.h.l.p.b.i.spaces.QuerySpacesImpl - Adding QuerySpace : uid = <gen:78> -> org.hibernate.loader.plan.build.internal.spaces.CollectionQuerySpaceImpl@5173b4cf]
13:23:07.171 [Test worker] DEBUG o.h.l.p.b.i.spaces.QuerySpacesImpl - Adding QuerySpace : uid = <gen:79> -> org.hibernate.loader.plan.build.internal.spaces.EntityQuerySpaceImpl@363abd0]
13:23:07.171 [Test worker] DEBUG o.h.p.w.spi.MetamodelGraphWalker - Visiting attribute path : parent_ns.lifecycle_event
13:23:07.171 [Test worker] DEBUG o.h.l.p.b.i.spaces.QuerySpacesImpl - Adding QuerySpace : uid = <gen:80> -> org.hibernate.loader.plan.build.internal.spaces.EntityQuerySpaceImpl@4a4e66d]
13:23:07.171 [Test worker] DEBUG o.h.p.w.spi.MetamodelGraphWalker - Visiting attribute path : parent_ns.lifecycle_event.lifecycle_events
13:23:07.171 [Test worker] DEBUG o.h.p.w.spi.MetamodelGraphWalker - Visiting attribute path : parent_ns.lifecycle_event.version
13:23:07.171 [Test worker] DEBUG o.h.p.w.spi.MetamodelGraphWalker - Visiting attribute path : parent_ns.lifecycle_event_history
13:23:07.171 [Test worker] DEBUG o.h.l.p.b.i.spaces.QuerySpacesImpl - Adding QuerySpace : uid = <gen:81> -> org.hibernate.loader.plan.build.internal.spaces.CollectionQuerySpaceImpl@2b2c013f]
13:23:07.171 [Test worker] DEBUG o.h.l.p.b.i.spaces.QuerySpacesImpl - Adding QuerySpace : uid = <gen:82> -> org.hibernate.loader.plan.build.internal.spaces.EntityQuerySpaceImpl@5605e53d]
13:23:07.172 [Test worker] DEBUG o.h.p.w.spi.MetamodelGraphWalker - Visiting attribute path : parent_ns.lifecycle_event_history.lifecycle_events
13:23:07.172 [Test worker] DEBUG o.h.p.w.spi.MetamodelGraphWalker - Visiting attribute path : parent_ns.lifecycle_event_history.version
13:23:07.172 [Test worker] DEBUG o.h.p.w.spi.MetamodelGraphWalker - Visiting attribute path : parent_ns.monitoring_parameter
13:23:07.172 [Test worker] DEBUG o.h.p.w.spi.MetamodelGraphWalker - Visiting attribute path : parent_ns.notification
13:23:07.172 [Test worker] DEBUG o.h.p.w.spi.MetamodelGraphWalker - Visiting attribute path : parent_ns.pnfr
13:23:07.172 [Test worker] DEBUG o.h.l.p.b.i.spaces.QuerySpacesImpl - Adding QuerySpace : uid = <gen:83> -> org.hibernate.loader.plan.build.internal.spaces.CollectionQuerySpaceImpl@609f293a]
13:23:07.172 [Test worker] DEBUG o.h.l.p.b.i.spaces.QuerySpacesImpl - Adding QuerySpace : uid = <gen:84> -> org.hibernate.loader.plan.build.internal.spaces.EntityQuerySpaceImpl@714bd064]
13:23:07.172 [Test worker] DEBUG o.h.p.w.spi.MetamodelGraphWalker - Visiting attribute path : parent_ns.pnfr.connected_virtual_link
13:23:07.172 [Test worker] DEBUG o.h.l.p.b.i.spaces.QuerySpacesImpl - Adding QuerySpace : uid = <gen:85> -> org.hibernate.loader.plan.build.internal.spaces.CollectionQuerySpaceImpl@465e4471]
13:23:07.172 [Test worker] DEBUG o.h.l.p.b.i.spaces.QuerySpacesImpl - Adding QuerySpace : uid = <gen:86> -> org.hibernate.loader.plan.build.internal.spaces.EntityQuerySpaceImpl@56df7ace]
13:23:07.172 [Test worker] DEBUG o.h.p.w.spi.MetamodelGraphWalker - Visiting attribute path : parent_ns.pnfr.connection_point
13:23:07.172 [Test worker] DEBUG o.h.l.p.b.i.spaces.QuerySpacesImpl - Adding QuerySpace : uid = <gen:87> -> org.hibernate.loader.plan.build.internal.spaces.CollectionQuerySpaceImpl@69f796f0]
13:23:07.172 [Test worker] DEBUG o.h.l.p.b.i.spaces.QuerySpacesImpl - Adding QuerySpace : uid = <gen:88> -> org.hibernate.loader.plan.build.internal.spaces.EntityQuerySpaceImpl@7dd69ce9]
13:23:07.172 [Test worker] DEBUG o.h.p.w.spi.MetamodelGraphWalker - Visiting attribute path : parent_ns.pnfr.description
13:23:07.172 [Test worker] DEBUG o.h.p.w.spi.MetamodelGraphWalker - Visiting attribute path : parent_ns.pnfr.descriptor_reference
13:23:07.172 [Test worker] DEBUG o.h.l.p.b.i.spaces.QuerySpacesImpl - Adding QuerySpace : uid = <gen:89> -> org.hibernate.loader.plan.build.internal.spaces.EntityQuerySpaceImpl@14d7c58a]
13:23:07.172 [Test worker] DEBUG o.h.p.w.spi.MetamodelGraphWalker - Visiting attribute path : parent_ns.pnfr.oam_reference
13:23:07.172 [Test worker] DEBUG o.h.p.w.spi.MetamodelGraphWalker - Visiting attribute path : parent_ns.pnfr.parent_ns
13:23:07.173 [Test worker] DEBUG o.h.l.p.b.i.spaces.QuerySpacesImpl - Adding QuerySpace : uid = <gen:90> -> org.hibernate.loader.plan.build.internal.spaces.EntityQuerySpaceImpl@61e9f1b6]
13:23:07.173 [Test worker] DEBUG o.h.p.w.spi.MetamodelGraphWalker - Visiting attribute path : parent_ns.pnfr.pnf_address
13:23:07.173 [Test worker] DEBUG o.h.p.w.spi.MetamodelGraphWalker - Visiting attribute path : parent_ns.pnfr.vendor
13:23:07.173 [Test worker] DEBUG o.h.p.w.spi.MetamodelGraphWalker - Visiting attribute path : parent_ns.pnfr.version
13:23:07.173 [Test worker] DEBUG o.h.p.w.spi.MetamodelGraphWalker - Visiting attribute path : parent_ns.pnfr.vnffgr
13:23:07.173 [Test worker] DEBUG o.h.l.p.b.i.spaces.QuerySpacesImpl - Adding QuerySpace : uid = <gen:91> -> org.hibernate.loader.plan.build.internal.spaces.CollectionQuerySpaceImpl@45fc15f2]
13:23:07.173 [Test worker] DEBUG o.h.l.p.b.i.spaces.QuerySpacesImpl - Adding QuerySpace : uid = <gen:92> -> org.hibernate.loader.plan.build.internal.spaces.EntityQuerySpaceImpl@2904e6c3]
13:23:07.173 [Test worker] DEBUG o.h.p.w.spi.MetamodelGraphWalker - Visiting attribute path : parent_ns.resource_reservation
13:23:07.173 [Test worker] DEBUG o.h.p.w.spi.MetamodelGraphWalker - Visiting attribute path : parent_ns.runtime_policy_info
13:23:07.173 [Test worker] DEBUG o.h.p.w.spi.MetamodelGraphWalker - Visiting attribute path : parent_ns.service_deployment_flavour
13:23:07.173 [Test worker] DEBUG o.h.l.p.b.i.spaces.QuerySpacesImpl - Adding QuerySpace : uid = <gen:93> -> org.hibernate.loader.plan.build.internal.spaces.EntityQuerySpaceImpl@ca213f]
13:23:07.173 [Test worker] DEBUG o.h.p.w.spi.MetamodelGraphWalker - Visiting attribute path : parent_ns.service_deployment_flavour.flavour_key
13:23:07.173 [Test worker] DEBUG o.h.p.w.spi.MetamodelGraphWalker - Visiting attribute path : parent_ns.service_deployment_flavour.version
13:23:07.173 [Test worker] DEBUG o.h.p.w.spi.MetamodelGraphWalker - Visiting attribute path : parent_ns.service_deployment_flavour.constituent_vnf
13:23:07.173 [Test worker] DEBUG o.h.p.w.spi.MetamodelGraphWalker - Visiting attribute path : parent_ns.status
13:23:07.173 [Test worker] DEBUG o.h.p.w.spi.MetamodelGraphWalker - Visiting attribute path : parent_ns.vendor
13:23:07.173 [Test worker] DEBUG o.h.p.w.spi.MetamodelGraphWalker - Visiting attribute path : parent_ns.version
13:23:07.174 [Test worker] DEBUG o.h.p.w.spi.MetamodelGraphWalker - Visiting attribute path : parent_ns.vlr
13:23:07.174 [Test worker] DEBUG o.h.l.p.b.i.spaces.QuerySpacesImpl - Adding QuerySpace : uid = <gen:94> -> org.hibernate.loader.plan.build.internal.spaces.CollectionQuerySpaceImpl@449628c3]
13:23:07.174 [Test worker] DEBUG o.h.l.p.b.i.spaces.QuerySpacesImpl - Adding QuerySpace : uid = <gen:95> -> org.hibernate.loader.plan.build.internal.spaces.EntityQuerySpaceImpl@5e4e3d62]
13:23:07.174 [Test worker] DEBUG o.h.p.w.spi.MetamodelGraphWalker - Visiting attribute path : parent_ns.vlr.allocated_capacity
13:23:07.174 [Test worker] DEBUG o.h.p.w.spi.MetamodelGraphWalker - Visiting attribute path : parent_ns.vlr.audit_log
13:23:07.174 [Test worker] DEBUG o.h.p.w.spi.MetamodelGraphWalker - Visiting attribute path : parent_ns.vlr.connection
13:23:07.175 [Test worker] DEBUG o.h.p.w.spi.MetamodelGraphWalker - Visiting attribute path : parent_ns.vlr.connectivity_type
13:23:07.175 [Test worker] DEBUG o.h.p.w.spi.MetamodelGraphWalker - Visiting attribute path : parent_ns.vlr.descriptor_reference
13:23:07.175 [Test worker] DEBUG o.h.p.w.spi.MetamodelGraphWalker - Visiting attribute path : parent_ns.vlr.leaf_requirement
13:23:07.175 [Test worker] DEBUG o.h.p.w.spi.MetamodelGraphWalker - Visiting attribute path : parent_ns.vlr.lifecycle_event_history
13:23:07.175 [Test worker] DEBUG o.h.p.w.spi.MetamodelGraphWalker - Property path deemed to be circular : parent_ns.vlr.lifecycle_event_history
13:23:07.175 [Test worker] DEBUG o.h.p.w.spi.MetamodelGraphWalker - Visiting attribute path : parent_ns.vlr.notification
13:23:07.175 [Test worker] DEBUG o.h.p.w.spi.MetamodelGraphWalker - Visiting attribute path : parent_ns.vlr.number_of_enpoints
13:23:07.175 [Test worker] DEBUG o.h.p.w.spi.MetamodelGraphWalker - Visiting attribute path : parent_ns.vlr.parent_ns
13:23:07.175 [Test worker] DEBUG o.h.p.w.spi.MetamodelGraphWalker - Visiting attribute path : parent_ns.vlr.qos
13:23:07.176 [Test worker] DEBUG o.h.p.w.spi.MetamodelGraphWalker - Visiting attribute path : parent_ns.vlr.root_requirement
13:23:07.176 [Test worker] DEBUG o.h.p.w.spi.MetamodelGraphWalker - Visiting attribute path : parent_ns.vlr.status
13:23:07.176 [Test worker] DEBUG o.h.p.w.spi.MetamodelGraphWalker - Visiting attribute path : parent_ns.vlr.test_access
13:23:07.176 [Test worker] DEBUG o.h.p.w.spi.MetamodelGraphWalker - Visiting attribute path : parent_ns.vlr.vendor
13:23:07.176 [Test worker] DEBUG o.h.p.w.spi.MetamodelGraphWalker - Visiting attribute path : parent_ns.vlr.version
13:23:07.176 [Test worker] DEBUG o.h.p.w.spi.MetamodelGraphWalker - Visiting attribute path : parent_ns.vlr.vim_id
13:23:07.176 [Test worker] DEBUG o.h.p.w.spi.MetamodelGraphWalker - Visiting attribute path : parent_ns.vlr.vnffgr_reference
13:23:07.176 [Test worker] DEBUG o.h.p.w.spi.MetamodelGraphWalker - Property path deemed to be circular : parent_ns.vlr.vnffgr_reference
13:23:07.176 [Test worker] DEBUG o.h.p.w.spi.MetamodelGraphWalker - Visiting attribute path : parent_ns.vnf_dependency
13:23:07.176 [Test worker] DEBUG o.h.l.p.b.i.spaces.QuerySpacesImpl - Adding QuerySpace : uid = <gen:96> -> org.hibernate.loader.plan.build.internal.spaces.CollectionQuerySpaceImpl@69dfe150]
13:23:07.176 [Test worker] DEBUG o.h.l.p.b.i.spaces.QuerySpacesImpl - Adding QuerySpace : uid = <gen:97> -> org.hibernate.loader.plan.build.internal.spaces.EntityQuerySpaceImpl@6941817d]
13:23:07.176 [Test worker] DEBUG o.h.p.w.spi.MetamodelGraphWalker - Visiting attribute path : parent_ns.vnf_dependency.source
13:23:07.176 [Test worker] DEBUG o.h.l.p.b.i.spaces.QuerySpacesImpl - Adding QuerySpace : uid = <gen:98> -> org.hibernate.loader.plan.build.internal.spaces.EntityQuerySpaceImpl@7b69e9dc]
13:23:07.176 [Test worker] DEBUG o.h.p.w.spi.MetamodelGraphWalker - Visiting attribute path : parent_ns.vnf_dependency.target
13:23:07.176 [Test worker] DEBUG o.h.l.p.b.i.spaces.QuerySpacesImpl - Adding QuerySpace : uid = <gen:99> -> org.hibernate.loader.plan.build.internal.spaces.EntityQuerySpaceImpl@6678a9d0]
13:23:07.176 [Test worker] DEBUG o.h.p.w.spi.MetamodelGraphWalker - Visiting attribute path : parent_ns.vnf_dependency.version
13:23:07.176 [Test worker] DEBUG o.h.p.w.spi.MetamodelGraphWalker - Visiting attribute path : parent_ns.vnffgr
13:23:07.176 [Test worker] DEBUG o.h.l.p.b.i.spaces.QuerySpacesImpl - Adding QuerySpace : uid = <gen:100> -> org.hibernate.loader.plan.build.internal.spaces.CollectionQuerySpaceImpl@7bd4cb3e]
13:23:07.178 [Test worker] DEBUG o.h.l.p.b.i.spaces.QuerySpacesImpl - Adding QuerySpace : uid = <gen:101> -> org.hibernate.loader.plan.build.internal.spaces.EntityQuerySpaceImpl@4f6b92f5]
13:23:07.178 [Test worker] DEBUG o.h.p.w.spi.MetamodelGraphWalker - Visiting attribute path : parent_ns.vnffgr.connection_point
13:23:07.178 [Test worker] DEBUG o.h.p.w.spi.MetamodelGraphWalker - Visiting attribute path : parent_ns.vnffgr.constituent_vnfs
13:23:07.178 [Test worker] DEBUG o.h.p.w.spi.MetamodelGraphWalker - Visiting attribute path : parent_ns.vnffgr.dependent_virtual_link
13:23:07.178 [Test worker] DEBUG o.h.p.w.spi.MetamodelGraphWalker - Visiting attribute path : parent_ns.vnffgr.descriptor_version
13:23:07.178 [Test worker] DEBUG o.h.p.w.spi.MetamodelGraphWalker - Visiting attribute path : parent_ns.vnffgr.hb_version
13:23:07.178 [Test worker] DEBUG o.h.p.w.spi.MetamodelGraphWalker - Visiting attribute path : parent_ns.vnffgr.network_forwarding_path
13:23:07.178 [Test worker] DEBUG o.h.p.w.spi.MetamodelGraphWalker - Visiting attribute path : parent_ns.vnffgr.number_of_endpoints
13:23:07.178 [Test worker] DEBUG o.h.p.w.spi.MetamodelGraphWalker - Visiting attribute path : parent_ns.vnffgr.number_of_virtual_links
13:23:07.178 [Test worker] DEBUG o.h.p.w.spi.MetamodelGraphWalker - Visiting attribute path : parent_ns.vnffgr.vendor
13:23:07.178 [Test worker] DEBUG o.h.p.w.spi.MetamodelGraphWalker - Visiting attribute path : parent_ns.vnffgr.version
13:23:07.178 [Test worker] DEBUG o.h.p.w.spi.MetamodelGraphWalker - Visiting attribute path : parent_ns.vnffgr.vnffgd_security
13:23:07.179 [Test worker] DEBUG o.h.p.w.spi.MetamodelGraphWalker - Property path deemed to be circular : parent_ns.vnffgr.vnffgd_security
13:23:07.179 [Test worker] DEBUG o.h.p.w.spi.MetamodelGraphWalker - Visiting attribute path : parent_ns.vnfr
13:23:07.179 [Test worker] DEBUG o.h.l.p.b.i.spaces.QuerySpacesImpl - Adding QuerySpace : uid = <gen:102> -> org.hibernate.loader.plan.build.internal.spaces.EntityQuerySpaceImpl@4211d2f0]
13:23:07.180 [Test worker] DEBUG o.h.p.w.spi.MetamodelGraphWalker - Visiting attribute path : parent_ns.vnfr.audit_log
13:23:07.180 [Test worker] DEBUG o.h.p.w.spi.MetamodelGraphWalker - Visiting attribute path : parent_ns.vnfr.auto_scale_policy
13:23:07.180 [Test worker] DEBUG o.h.p.w.spi.MetamodelGraphWalker - Property path deemed to be circular : parent_ns.vnfr.auto_scale_policy
13:23:07.180 [Test worker] DEBUG o.h.p.w.spi.MetamodelGraphWalker - Visiting attribute path : parent_ns.vnfr.connected_external_virtual_link
13:23:07.180 [Test worker] DEBUG o.h.p.w.spi.MetamodelGraphWalker - Property path deemed to be circular : parent_ns.vnfr.connected_external_virtual_link
13:23:07.180 [Test worker] DEBUG o.h.p.w.spi.MetamodelGraphWalker - Visiting attribute path : parent_ns.vnfr.connection_point
13:23:07.180 [Test worker] DEBUG o.h.p.w.spi.MetamodelGraphWalker - Property path deemed to be circular : parent_ns.vnfr.connection_point
13:23:07.180 [Test worker] DEBUG o.h.p.w.spi.MetamodelGraphWalker - Visiting attribute path : parent_ns.vnfr.dependency
13:23:07.180 [Test worker] DEBUG o.h.p.w.spi.MetamodelGraphWalker - Property path deemed to be circular : parent_ns.vnfr.dependency
13:23:07.180 [Test worker] DEBUG o.h.p.w.spi.MetamodelGraphWalker - Visiting attribute path : parent_ns.vnfr.deployment_flavour
13:23:07.180 [Test worker] DEBUG o.h.p.w.spi.MetamodelGraphWalker - Property path deemed to be circular : parent_ns.vnfr.deployment_flavour
13:23:07.180 [Test worker] DEBUG o.h.p.w.spi.MetamodelGraphWalker - Visiting attribute path : parent_ns.vnfr.descriptor_reference
13:23:07.180 [Test worker] DEBUG o.h.p.w.spi.MetamodelGraphWalker - Visiting attribute path : parent_ns.vnfr.lifecycle_event
13:23:07.180 [Test worker] DEBUG o.h.p.w.spi.MetamodelGraphWalker - Property path deemed to be circular : parent_ns.vnfr.lifecycle_event
13:23:07.180 [Test worker] DEBUG o.h.p.w.spi.MetamodelGraphWalker - Visiting attribute path : parent_ns.vnfr.lifecycle_event_history
13:23:07.180 [Test worker] DEBUG o.h.p.w.spi.MetamodelGraphWalker - Property path deemed to be circular : parent_ns.vnfr.lifecycle_event_history
13:23:07.180 [Test worker] DEBUG o.h.p.w.spi.MetamodelGraphWalker - Visiting attribute path : parent_ns.vnfr.localization
13:23:07.180 [Test worker] DEBUG o.h.p.w.spi.MetamodelGraphWalker - Visiting attribute path : parent_ns.vnfr.monitoring_parameter
13:23:07.180 [Test worker] DEBUG o.h.p.w.spi.MetamodelGraphWalker - Visiting attribute path : parent_ns.vnfr.notification
13:23:07.180 [Test worker] DEBUG o.h.p.w.spi.MetamodelGraphWalker - Visiting attribute path : parent_ns.vnfr.parent_ns
13:23:07.180 [Test worker] DEBUG o.h.p.w.spi.MetamodelGraphWalker - Property path deemed to be circular : parent_ns.vnfr.parent_ns
13:23:07.180 [Test worker] DEBUG o.h.p.w.spi.MetamodelGraphWalker - Visiting attribute path : parent_ns.vnfr.runtime_policy_info
13:23:07.180 [Test worker] DEBUG o.h.p.w.spi.MetamodelGraphWalker - Visiting attribute path : parent_ns.vnfr.status
13:23:07.180 [Test worker] DEBUG o.h.p.w.spi.MetamodelGraphWalker - Visiting attribute path : parent_ns.vnfr.vdu
13:23:07.180 [Test worker] DEBUG o.h.p.w.spi.MetamodelGraphWalker - Property path deemed to be circular : parent_ns.vnfr.vdu
13:23:07.180 [Test worker] DEBUG o.h.p.w.spi.MetamodelGraphWalker - Visiting attribute path : parent_ns.vnfr.vendor
13:23:07.180 [Test worker] DEBUG o.h.p.w.spi.MetamodelGraphWalker - Visiting attribute path : parent_ns.vnfr.version
13:23:07.180 [Test worker] DEBUG o.h.p.w.spi.MetamodelGraphWalker - Visiting attribute path : parent_ns.vnfr.virtual_link
13:23:07.180 [Test worker] DEBUG o.h.p.w.spi.MetamodelGraphWalker - Property path deemed to be circular : parent_ns.vnfr.virtual_link
13:23:07.180 [Test worker] DEBUG o.h.p.w.spi.MetamodelGraphWalker - Visiting attribute path : parent_ns.vnfr.vnf_address
13:23:07.180 [Test worker] DEBUG o.h.p.w.spi.MetamodelGraphWalker - Visiting attribute path : parent_ns.vnfr.vnfm_id
13:23:07.181 [Test worker] DEBUG o.h.p.w.spi.MetamodelGraphWalker - Visiting attribute path : status
13:23:07.181 [Test worker] DEBUG o.h.p.w.spi.MetamodelGraphWalker - Visiting attribute path : vendor
13:23:07.181 [Test worker] DEBUG o.h.p.w.spi.MetamodelGraphWalker - Visiting attribute path : version
13:23:07.181 [Test worker] DEBUG o.h.l.p.b.i.FetchStyleLoadPlanBuildingAssociationVisitationStrategy - Building LoadPlan...
13:23:07.181 [Test worker] DEBUG o.h.l.p.e.i.LoadQueryJoinAndFetchProcessor - processing queryspace <gen:0>
13:23:07.192 [Test worker] DEBUG o.h.l.p.b.spi.LoadPlanTreePrinter - LoadPlan(entity=org.project.neutrino.nfvo.catalogue.mano.record.VNFForwardingGraphRecord)
    - Returns
       - EntityReturnImpl(entity=org.project.neutrino.nfvo.catalogue.mano.record.VNFForwardingGraphRecord, querySpaceUid=<gen:0>, path=org.project.neutrino.nfvo.catalogue.mano.record.VNFForwardingGraphRecord)
          - CollectionAttributeFetchImpl(collection=org.project.neutrino.nfvo.catalogue.mano.record.VNFForwardingGraphRecord.connection_point, querySpaceUid=<gen:1>, path=org.project.neutrino.nfvo.catalogue.mano.record.VNFForwardingGraphRecord.connection_point)
             - (collection element) CollectionFetchableElementEntityGraph(entity=org.project.neutrino.nfvo.catalogue.mano.descriptor.VNFDConnectionPoint, querySpaceUid=<gen:2>, path=org.project.neutrino.nfvo.catalogue.mano.record.VNFForwardingGraphRecord.connection_point.<elements>)
          - CollectionAttributeFetchImpl(collection=org.project.neutrino.nfvo.catalogue.mano.record.VNFForwardingGraphRecord.dependent_virtual_link, querySpaceUid=<gen:3>, path=org.project.neutrino.nfvo.catalogue.mano.record.VNFForwardingGraphRecord.dependent_virtual_link)
             - (collection element) CollectionFetchableElementEntityGraph(entity=org.project.neutrino.nfvo.catalogue.mano.record.VirtualLinkRecord, querySpaceUid=<gen:4>, path=org.project.neutrino.nfvo.catalogue.mano.record.VNFForwardingGraphRecord.dependent_virtual_link.<elements>)
                - CollectionAttributeFetchImpl(collection=org.project.neutrino.nfvo.catalogue.mano.record.VirtualLinkRecord.lifecycle_event_history, querySpaceUid=<gen:5>, path=org.project.neutrino.nfvo.catalogue.mano.record.VNFForwardingGraphRecord.dependent_virtual_link.<elements>.lifecycle_event_history)
                   - (collection element) CollectionFetchableElementEntityGraph(entity=org.project.neutrino.nfvo.catalogue.mano.common.LifecycleEvent, querySpaceUid=<gen:6>, path=org.project.neutrino.nfvo.catalogue.mano.record.VNFForwardingGraphRecord.dependent_virtual_link.<elements>.lifecycle_event_history.<elements>)
                - CollectionAttributeFetchImpl(collection=org.project.neutrino.nfvo.catalogue.mano.record.VirtualLinkRecord.vnffgr_reference, querySpaceUid=<gen:7>, path=org.project.neutrino.nfvo.catalogue.mano.record.VNFForwardingGraphRecord.dependent_virtual_link.<elements>.vnffgr_reference)
                   - (collection element) CollectionFetchableElementEntityGraph(entity=org.project.neutrino.nfvo.catalogue.mano.record.VNFForwardingGraphRecord, querySpaceUid=<gen:8>, path=org.project.neutrino.nfvo.catalogue.mano.record.VNFForwardingGraphRecord.dependent_virtual_link.<elements>.vnffgr_reference.<elements>)
                      - EntityAttributeFetchImpl(entity=org.project.neutrino.nfvo.catalogue.mano.descriptor.VNFForwardingGraph, querySpaceUid=<gen:9>, path=org.project.neutrino.nfvo.catalogue.mano.record.VNFForwardingGraphRecord.dependent_virtual_link.<elements>.vnffgr_reference.<elements>.descriptor_reference)
                      - CollectionAttributeFetchImpl(collection=org.project.neutrino.nfvo.catalogue.mano.record.VNFForwardingGraphRecord.lifecycle_event_history, querySpaceUid=<gen:10>, path=org.project.neutrino.nfvo.catalogue.mano.record.VNFForwardingGraphRecord.dependent_virtual_link.<elements>.vnffgr_reference.<elements>.lifecycle_event_history)
                         - (collection element) CollectionFetchableElementEntityGraph(entity=org.project.neutrino.nfvo.catalogue.mano.common.LifecycleEvent, querySpaceUid=<gen:11>, path=org.project.neutrino.nfvo.catalogue.mano.record.VNFForwardingGraphRecord.dependent_virtual_link.<elements>.vnffgr_reference.<elements>.lifecycle_event_history.<elements>)
                      - CollectionAttributeFetchImpl(collection=org.project.neutrino.nfvo.catalogue.mano.record.VNFForwardingGraphRecord.member_vnfs, querySpaceUid=<gen:12>, path=org.project.neutrino.nfvo.catalogue.mano.record.VNFForwardingGraphRecord.dependent_virtual_link.<elements>.vnffgr_reference.<elements>.member_vnfs)
                         - (collection element) CollectionFetchableElementEntityGraph(entity=org.project.neutrino.nfvo.catalogue.mano.record.VirtualNetworkFunctionRecord, querySpaceUid=<gen:13>, path=org.project.neutrino.nfvo.catalogue.mano.record.VNFForwardingGraphRecord.dependent_virtual_link.<elements>.vnffgr_reference.<elements>.member_vnfs.<elements>)
                      - EntityAttributeFetchImpl(entity=org.project.neutrino.nfvo.catalogue.mano.descriptor.NetworkForwardingPath, querySpaceUid=<gen:14>, path=org.project.neutrino.nfvo.catalogue.mano.record.VNFForwardingGraphRecord.dependent_virtual_link.<elements>.vnffgr_reference.<elements>.network_forwarding_path)
                      - EntityAttributeFetchImpl(entity=org.project.neutrino.nfvo.catalogue.mano.record.NetworkServiceRecord, querySpaceUid=<gen:15>, path=org.project.neutrino.nfvo.catalogue.mano.record.VNFForwardingGraphRecord.dependent_virtual_link.<elements>.vnffgr_reference.<elements>.parent_ns)
          - EntityAttributeFetchImpl(entity=org.project.neutrino.nfvo.catalogue.mano.descriptor.VNFForwardingGraph, querySpaceUid=<gen:16>, path=org.project.neutrino.nfvo.catalogue.mano.record.VNFForwardingGraphRecord.descriptor_reference)
             - EntityAttributeFetchImpl(entity=org.project.neutrino.nfvo.catalogue.mano.common.Security, querySpaceUid=<gen:17>, path=org.project.neutrino.nfvo.catalogue.mano.record.VNFForwardingGraphRecord.descriptor_reference.vnffgd_security)
          - CollectionAttributeFetchImpl(collection=org.project.neutrino.nfvo.catalogue.mano.record.VNFForwardingGraphRecord.lifecycle_event_history, querySpaceUid=<gen:18>, path=org.project.neutrino.nfvo.catalogue.mano.record.VNFForwardingGraphRecord.lifecycle_event_history)
             - (collection element) CollectionFetchableElementEntityGraph(entity=org.project.neutrino.nfvo.catalogue.mano.common.LifecycleEvent, querySpaceUid=<gen:19>, path=org.project.neutrino.nfvo.catalogue.mano.record.VNFForwardingGraphRecord.lifecycle_event_history.<elements>)
          - CollectionAttributeFetchImpl(collection=org.project.neutrino.nfvo.catalogue.mano.record.VNFForwardingGraphRecord.member_vnfs, querySpaceUid=<gen:20>, path=org.project.neutrino.nfvo.catalogue.mano.record.VNFForwardingGraphRecord.member_vnfs)
             - (collection element) CollectionFetchableElementEntityGraph(entity=org.project.neutrino.nfvo.catalogue.mano.record.VirtualNetworkFunctionRecord, querySpaceUid=<gen:21>, path=org.project.neutrino.nfvo.catalogue.mano.record.VNFForwardingGraphRecord.member_vnfs.<elements>)
                - CollectionAttributeFetchImpl(collection=org.project.neutrino.nfvo.catalogue.mano.record.VirtualNetworkFunctionRecord.auto_scale_policy, querySpaceUid=<gen:22>, path=org.project.neutrino.nfvo.catalogue.mano.record.VNFForwardingGraphRecord.member_vnfs.<elements>.auto_scale_policy)
                   - (collection element) CollectionFetchableElementEntityGraph(entity=org.project.neutrino.nfvo.catalogue.mano.common.AutoScalePolicy, querySpaceUid=<gen:23>, path=org.project.neutrino.nfvo.catalogue.mano.record.VNFForwardingGraphRecord.member_vnfs.<elements>.auto_scale_policy.<elements>)
                - CollectionAttributeFetchImpl(collection=org.project.neutrino.nfvo.catalogue.mano.record.VirtualNetworkFunctionRecord.connected_external_virtual_link, querySpaceUid=<gen:24>, path=org.project.neutrino.nfvo.catalogue.mano.record.VNFForwardingGraphRecord.member_vnfs.<elements>.connected_external_virtual_link)
                   - (collection element) CollectionFetchableElementEntityGraph(entity=org.project.neutrino.nfvo.catalogue.mano.record.VirtualLinkRecord, querySpaceUid=<gen:25>, path=org.project.neutrino.nfvo.catalogue.mano.record.VNFForwardingGraphRecord.member_vnfs.<elements>.connected_external_virtual_link.<elements>)
                - CollectionAttributeFetchImpl(collection=org.project.neutrino.nfvo.catalogue.mano.record.VirtualNetworkFunctionRecord.connection_point, querySpaceUid=<gen:26>, path=org.project.neutrino.nfvo.catalogue.mano.record.VNFForwardingGraphRecord.member_vnfs.<elements>.connection_point)
                   - (collection element) CollectionFetchableElementEntityGraph(entity=org.project.neutrino.nfvo.catalogue.mano.common.ConnectionPoint, querySpaceUid=<gen:27>, path=org.project.neutrino.nfvo.catalogue.mano.record.VNFForwardingGraphRecord.member_vnfs.<elements>.connection_point.<elements>)
                - CollectionAttributeFetchImpl(collection=org.project.neutrino.nfvo.catalogue.mano.record.VirtualNetworkFunctionRecord.dependency, querySpaceUid=<gen:28>, path=org.project.neutrino.nfvo.catalogue.mano.record.VNFForwardingGraphRecord.member_vnfs.<elements>.dependency)
                   - (collection element) CollectionFetchableElementEntityGraph(entity=org.project.neutrino.nfvo.catalogue.mano.common.VNFDependency, querySpaceUid=<gen:29>, path=org.project.neutrino.nfvo.catalogue.mano.record.VNFForwardingGraphRecord.member_vnfs.<elements>.dependency.<elements>)
                      - EntityAttributeFetchImpl(entity=org.project.neutrino.nfvo.catalogue.mano.descriptor.VirtualNetworkFunctionDescriptor, querySpaceUid=<gen:30>, path=org.project.neutrino.nfvo.catalogue.mano.record.VNFForwardingGraphRecord.member_vnfs.<elements>.dependency.<elements>.source)
                      - EntityAttributeFetchImpl(entity=org.project.neutrino.nfvo.catalogue.mano.descriptor.VirtualNetworkFunctionDescriptor, querySpaceUid=<gen:31>, path=org.project.neutrino.nfvo.catalogue.mano.record.VNFForwardingGraphRecord.member_vnfs.<elements>.dependency.<elements>.target)
                - EntityAttributeFetchImpl(entity=org.project.neutrino.nfvo.catalogue.mano.descriptor.VNFDDeploymentFlavour, querySpaceUid=<gen:32>, path=org.project.neutrino.nfvo.catalogue.mano.record.VNFForwardingGraphRecord.member_vnfs.<elements>.deployment_flavour)
                   - CollectionAttributeFetchImpl(collection=org.project.neutrino.nfvo.catalogue.mano.descriptor.VNFDDeploymentFlavour.df_constraint, querySpaceUid=<gen:33>, path=org.project.neutrino.nfvo.catalogue.mano.record.VNFForwardingGraphRecord.member_vnfs.<elements>.deployment_flavour.df_constraint)
                - EntityAttributeFetchImpl(entity=org.project.neutrino.nfvo.catalogue.mano.common.LifecycleEvent, querySpaceUid=<gen:34>, path=org.project.neutrino.nfvo.catalogue.mano.record.VNFForwardingGraphRecord.member_vnfs.<elements>.lifecycle_event)
                - CollectionAttributeFetchImpl(collection=org.project.neutrino.nfvo.catalogue.mano.record.VirtualNetworkFunctionRecord.lifecycle_event_history, querySpaceUid=<gen:35>, path=org.project.neutrino.nfvo.catalogue.mano.record.VNFForwardingGraphRecord.member_vnfs.<elements>.lifecycle_event_history)
                   - (collection element) CollectionFetchableElementEntityGraph(entity=org.project.neutrino.nfvo.catalogue.mano.common.LifecycleEvent, querySpaceUid=<gen:36>, path=org.project.neutrino.nfvo.catalogue.mano.record.VNFForwardingGraphRecord.member_vnfs.<elements>.lifecycle_event_history.<elements>)
                - EntityAttributeFetchImpl(entity=org.project.neutrino.nfvo.catalogue.mano.record.NetworkServiceRecord, querySpaceUid=<gen:37>, path=org.project.neutrino.nfvo.catalogue.mano.record.VNFForwardingGraphRecord.member_vnfs.<elements>.parent_ns)
                   - CollectionAttributeFetchImpl(collection=org.project.neutrino.nfvo.catalogue.mano.record.NetworkServiceRecord.auto_scale_policy, querySpaceUid=<gen:38>, path=org.project.neutrino.nfvo.catalogue.mano.record.VNFForwardingGraphRecord.member_vnfs.<elements>.parent_ns.auto_scale_policy)
                      - (collection element) CollectionFetchableElementEntityGraph(entity=org.project.neutrino.nfvo.catalogue.mano.common.AutoScalePolicy, querySpaceUid=<gen:39>, path=org.project.neutrino.nfvo.catalogue.mano.record.VNFForwardingGraphRecord.member_vnfs.<elements>.parent_ns.auto_scale_policy.<elements>)
                   - CollectionAttributeFetchImpl(collection=org.project.neutrino.nfvo.catalogue.mano.record.NetworkServiceRecord.connection_point, querySpaceUid=<gen:40>, path=org.project.neutrino.nfvo.catalogue.mano.record.VNFForwardingGraphRecord.member_vnfs.<elements>.parent_ns.connection_point)
                      - (collection element) CollectionFetchableElementEntityGraph(entity=org.project.neutrino.nfvo.catalogue.mano.common.ConnectionPoint, querySpaceUid=<gen:41>, path=org.project.neutrino.nfvo.catalogue.mano.record.VNFForwardingGraphRecord.member_vnfs.<elements>.parent_ns.connection_point.<elements>)
                   - EntityAttributeFetchImpl(entity=org.project.neutrino.nfvo.catalogue.mano.common.NFVEntityDescriptor, querySpaceUid=<gen:42>, path=org.project.neutrino.nfvo.catalogue.mano.record.VNFForwardingGraphRecord.member_vnfs.<elements>.parent_ns.descriptor_reference)
                   - EntityAttributeFetchImpl(entity=org.project.neutrino.nfvo.catalogue.mano.common.LifecycleEvent, querySpaceUid=<gen:43>, path=org.project.neutrino.nfvo.catalogue.mano.record.VNFForwardingGraphRecord.member_vnfs.<elements>.parent_ns.lifecycle_event)
                   - CollectionAttributeFetchImpl(collection=org.project.neutrino.nfvo.catalogue.mano.record.NetworkServiceRecord.lifecycle_event_history, querySpaceUid=<gen:44>, path=org.project.neutrino.nfvo.catalogue.mano.record.VNFForwardingGraphRecord.member_vnfs.<elements>.parent_ns.lifecycle_event_history)
                      - (collection element) CollectionFetchableElementEntityGraph(entity=org.project.neutrino.nfvo.catalogue.mano.common.LifecycleEvent, querySpaceUid=<gen:45>, path=org.project.neutrino.nfvo.catalogue.mano.record.VNFForwardingGraphRecord.member_vnfs.<elements>.parent_ns.lifecycle_event_history.<elements>)
                   - CollectionAttributeFetchImpl(collection=org.project.neutrino.nfvo.catalogue.mano.record.NetworkServiceRecord.pnfr, querySpaceUid=<gen:46>, path=org.project.neutrino.nfvo.catalogue.mano.record.VNFForwardingGraphRecord.member_vnfs.<elements>.parent_ns.pnfr)
                      - (collection element) CollectionFetchableElementEntityGraph(entity=org.project.neutrino.nfvo.catalogue.mano.record.PhysicalNetworkFunctionRecord, querySpaceUid=<gen:47>, path=org.project.neutrino.nfvo.catalogue.mano.record.VNFForwardingGraphRecord.member_vnfs.<elements>.parent_ns.pnfr.<elements>)
                   - EntityAttributeFetchImpl(entity=org.project.neutrino.nfvo.catalogue.mano.common.ServiceDeploymentFlavour, querySpaceUid=<gen:48>, path=org.project.neutrino.nfvo.catalogue.mano.record.VNFForwardingGraphRecord.member_vnfs.<elements>.parent_ns.service_deployment_flavour)
                   - CollectionAttributeFetchImpl(collection=org.project.neutrino.nfvo.catalogue.mano.record.NetworkServiceRecord.vlr, querySpaceUid=<gen:49>, path=org.project.neutrino.nfvo.catalogue.mano.record.VNFForwardingGraphRecord.member_vnfs.<elements>.parent_ns.vlr)
                      - (collection element) CollectionFetchableElementEntityGraph(entity=org.project.neutrino.nfvo.catalogue.mano.record.VirtualLinkRecord, querySpaceUid=<gen:50>, path=org.project.neutrino.nfvo.catalogue.mano.record.VNFForwardingGraphRecord.member_vnfs.<elements>.parent_ns.vlr.<elements>)
                   - CollectionAttributeFetchImpl(collection=org.project.neutrino.nfvo.catalogue.mano.record.NetworkServiceRecord.vnf_dependency, querySpaceUid=<gen:51>, path=org.project.neutrino.nfvo.catalogue.mano.record.VNFForwardingGraphRecord.member_vnfs.<elements>.parent_ns.vnf_dependency)
                      - (collection element) CollectionFetchableElementEntityGraph(entity=org.project.neutrino.nfvo.catalogue.mano.common.VNFDependency, querySpaceUid=<gen:52>, path=org.project.neutrino.nfvo.catalogue.mano.record.VNFForwardingGraphRecord.member_vnfs.<elements>.parent_ns.vnf_dependency.<elements>)
                   - CollectionAttributeFetchImpl(collection=org.project.neutrino.nfvo.catalogue.mano.record.NetworkServiceRecord.vnffgr, querySpaceUid=<gen:53>, path=org.project.neutrino.nfvo.catalogue.mano.record.VNFForwardingGraphRecord.member_vnfs.<elements>.parent_ns.vnffgr)
                      - (collection element) CollectionFetchableElementEntityGraph(entity=org.project.neutrino.nfvo.catalogue.mano.descriptor.VNFForwardingGraph, querySpaceUid=<gen:54>, path=org.project.neutrino.nfvo.catalogue.mano.record.VNFForwardingGraphRecord.member_vnfs.<elements>.parent_ns.vnffgr.<elements>)
                   - EntityAttributeFetchImpl(entity=org.project.neutrino.nfvo.catalogue.mano.record.VirtualNetworkFunctionRecord, querySpaceUid=<gen:55>, path=org.project.neutrino.nfvo.catalogue.mano.record.VNFForwardingGraphRecord.member_vnfs.<elements>.parent_ns.vnfr)
                - CollectionAttributeFetchImpl(collection=org.project.neutrino.nfvo.catalogue.mano.record.VirtualNetworkFunctionRecord.vdu, querySpaceUid=<gen:56>, path=org.project.neutrino.nfvo.catalogue.mano.record.VNFForwardingGraphRecord.member_vnfs.<elements>.vdu)
                   - (collection element) CollectionFetchableElementEntityGraph(entity=org.project.neutrino.nfvo.catalogue.mano.descriptor.VirtualDeploymentUnit, querySpaceUid=<gen:57>, path=org.project.neutrino.nfvo.catalogue.mano.record.VNFForwardingGraphRecord.member_vnfs.<elements>.vdu.<elements>)
                      - CollectionAttributeFetchImpl(collection=org.project.neutrino.nfvo.catalogue.mano.descriptor.VirtualDeploymentUnit.monitoring_parameter, querySpaceUid=<gen:58>, path=org.project.neutrino.nfvo.catalogue.mano.record.VNFForwardingGraphRecord.member_vnfs.<elements>.vdu.<elements>.monitoring_parameter)
                      - CollectionAttributeFetchImpl(collection=org.project.neutrino.nfvo.catalogue.mano.descriptor.VirtualDeploymentUnit.vm_image, querySpaceUid=<gen:59>, path=org.project.neutrino.nfvo.catalogue.mano.record.VNFForwardingGraphRecord.member_vnfs.<elements>.vdu.<elements>.vm_image)
                - CollectionAttributeFetchImpl(collection=org.project.neutrino.nfvo.catalogue.mano.record.VirtualNetworkFunctionRecord.virtual_link, querySpaceUid=<gen:60>, path=org.project.neutrino.nfvo.catalogue.mano.record.VNFForwardingGraphRecord.member_vnfs.<elements>.virtual_link)
                   - (collection element) CollectionFetchableElementEntityGraph(entity=org.project.neutrino.nfvo.catalogue.mano.descriptor.InternalVirtualLink, querySpaceUid=<gen:61>, path=org.project.neutrino.nfvo.catalogue.mano.record.VNFForwardingGraphRecord.member_vnfs.<elements>.virtual_link.<elements>)
                      - CollectionAttributeFetchImpl(collection=org.project.neutrino.nfvo.catalogue.mano.descriptor.InternalVirtualLink.connection_points_references, querySpaceUid=<gen:62>, path=org.project.neutrino.nfvo.catalogue.mano.record.VNFForwardingGraphRecord.member_vnfs.<elements>.virtual_link.<elements>.connection_points_references)
          - EntityAttributeFetchImpl(entity=org.project.neutrino.nfvo.catalogue.mano.descriptor.NetworkForwardingPath, querySpaceUid=<gen:63>, path=org.project.neutrino.nfvo.catalogue.mano.record.VNFForwardingGraphRecord.network_forwarding_path)
             - CollectionAttributeFetchImpl(collection=org.project.neutrino.nfvo.catalogue.mano.descriptor.NetworkForwardingPath.connection, querySpaceUid=<gen:64>, path=org.project.neutrino.nfvo.catalogue.mano.record.VNFForwardingGraphRecord.network_forwarding_path.connection)
             - EntityAttributeFetchImpl(entity=org.project.neutrino.nfvo.catalogue.mano.descriptor.Policy, querySpaceUid=<gen:65>, path=org.project.neutrino.nfvo.catalogue.mano.record.VNFForwardingGraphRecord.network_forwarding_path.policy)
          - EntityAttributeFetchImpl(entity=org.project.neutrino.nfvo.catalogue.mano.record.NetworkServiceRecord, querySpaceUid=<gen:66>, path=org.project.neutrino.nfvo.catalogue.mano.record.VNFForwardingGraphRecord.parent_ns)
             - CollectionAttributeFetchImpl(collection=org.project.neutrino.nfvo.catalogue.mano.record.NetworkServiceRecord.auto_scale_policy, querySpaceUid=<gen:67>, path=org.project.neutrino.nfvo.catalogue.mano.record.VNFForwardingGraphRecord.parent_ns.auto_scale_policy)
                - (collection element) CollectionFetchableElementEntityGraph(entity=org.project.neutrino.nfvo.catalogue.mano.common.AutoScalePolicy, querySpaceUid=<gen:68>, path=org.project.neutrino.nfvo.catalogue.mano.record.VNFForwardingGraphRecord.parent_ns.auto_scale_policy.<elements>)
             - CollectionAttributeFetchImpl(collection=org.project.neutrino.nfvo.catalogue.mano.record.NetworkServiceRecord.connection_point, querySpaceUid=<gen:69>, path=org.project.neutrino.nfvo.catalogue.mano.record.VNFForwardingGraphRecord.parent_ns.connection_point)
                - (collection element) CollectionFetchableElementEntityGraph(entity=org.project.neutrino.nfvo.catalogue.mano.common.ConnectionPoint, querySpaceUid=<gen:70>, path=org.project.neutrino.nfvo.catalogue.mano.record.VNFForwardingGraphRecord.parent_ns.connection_point.<elements>)
             - EntityAttributeFetchImpl(entity=org.project.neutrino.nfvo.catalogue.mano.common.NFVEntityDescriptor, querySpaceUid=<gen:71>, path=org.project.neutrino.nfvo.catalogue.mano.record.VNFForwardingGraphRecord.parent_ns.descriptor_reference)
                - CollectionAttributeFetchImpl(collection=org.project.neutrino.nfvo.catalogue.mano.common.NFVEntityDescriptor.monitoring_parameter, querySpaceUid=<gen:72>, path=org.project.neutrino.nfvo.catalogue.mano.record.VNFForwardingGraphRecord.parent_ns.descriptor_reference.monitoring_parameter)
                - CollectionAttributeFetchImpl(collection=org.project.neutrino.nfvo.catalogue.mano.descriptor.VirtualNetworkFunctionDescriptor.deployment_flavour, querySpaceUid=<gen:73>, path=org.project.neutrino.nfvo.catalogue.mano.record.VNFForwardingGraphRecord.parent_ns.descriptor_reference.deployment_flavour)
                   - (collection element) CollectionFetchableElementEntityGraph(entity=org.project.neutrino.nfvo.catalogue.mano.descriptor.VNFDDeploymentFlavour, querySpaceUid=<gen:74>, path=org.project.neutrino.nfvo.catalogue.mano.record.VNFForwardingGraphRecord.parent_ns.descriptor_reference.deployment_flavour.<elements>)
                - EntityAttributeFetchImpl(entity=org.project.neutrino.nfvo.catalogue.mano.common.Security, querySpaceUid=<gen:75>, path=org.project.neutrino.nfvo.catalogue.mano.record.VNFForwardingGraphRecord.parent_ns.descriptor_reference.nsd_security)
                - CollectionAttributeFetchImpl(collection=org.project.neutrino.nfvo.catalogue.mano.descriptor.NetworkServiceDescriptor.vnf_dependency, querySpaceUid=<gen:76>, path=org.project.neutrino.nfvo.catalogue.mano.record.VNFForwardingGraphRecord.parent_ns.descriptor_reference.vnf_dependency)
                   - (collection element) CollectionFetchableElementEntityGraph(entity=org.project.neutrino.nfvo.catalogue.mano.common.VNFDependency, querySpaceUid=<gen:77>, path=org.project.neutrino.nfvo.catalogue.mano.record.VNFForwardingGraphRecord.parent_ns.descriptor_reference.vnf_dependency.<elements>)
                - CollectionAttributeFetchImpl(collection=org.project.neutrino.nfvo.catalogue.mano.descriptor.NetworkServiceDescriptor.vnfd, querySpaceUid=<gen:78>, path=org.project.neutrino.nfvo.catalogue.mano.record.VNFForwardingGraphRecord.parent_ns.descriptor_reference.vnfd)
                   - (collection element) CollectionFetchableElementEntityGraph(entity=org.project.neutrino.nfvo.catalogue.mano.descriptor.VirtualNetworkFunctionDescriptor, querySpaceUid=<gen:79>, path=org.project.neutrino.nfvo.catalogue.mano.record.VNFForwardingGraphRecord.parent_ns.descriptor_reference.vnfd.<elements>)
             - EntityAttributeFetchImpl(entity=org.project.neutrino.nfvo.catalogue.mano.common.LifecycleEvent, querySpaceUid=<gen:80>, path=org.project.neutrino.nfvo.catalogue.mano.record.VNFForwardingGraphRecord.parent_ns.lifecycle_event)
             - CollectionAttributeFetchImpl(collection=org.project.neutrino.nfvo.catalogue.mano.record.NetworkServiceRecord.lifecycle_event_history, querySpaceUid=<gen:81>, path=org.project.neutrino.nfvo.catalogue.mano.record.VNFForwardingGraphRecord.parent_ns.lifecycle_event_history)
                - (collection element) CollectionFetchableElementEntityGraph(entity=org.project.neutrino.nfvo.catalogue.mano.common.LifecycleEvent, querySpaceUid=<gen:82>, path=org.project.neutrino.nfvo.catalogue.mano.record.VNFForwardingGraphRecord.parent_ns.lifecycle_event_history.<elements>)
             - CollectionAttributeFetchImpl(collection=org.project.neutrino.nfvo.catalogue.mano.record.NetworkServiceRecord.pnfr, querySpaceUid=<gen:83>, path=org.project.neutrino.nfvo.catalogue.mano.record.VNFForwardingGraphRecord.parent_ns.pnfr)
                - (collection element) CollectionFetchableElementEntityGraph(entity=org.project.neutrino.nfvo.catalogue.mano.record.PhysicalNetworkFunctionRecord, querySpaceUid=<gen:84>, path=org.project.neutrino.nfvo.catalogue.mano.record.VNFForwardingGraphRecord.parent_ns.pnfr.<elements>)
                   - CollectionAttributeFetchImpl(collection=org.project.neutrino.nfvo.catalogue.mano.record.PhysicalNetworkFunctionRecord.connected_virtual_link, querySpaceUid=<gen:85>, path=org.project.neutrino.nfvo.catalogue.mano.record.VNFForwardingGraphRecord.parent_ns.pnfr.<elements>.connected_virtual_link)
                      - (collection element) CollectionFetchableElementEntityGraph(entity=org.project.neutrino.nfvo.catalogue.mano.record.VirtualLinkRecord, querySpaceUid=<gen:86>, path=org.project.neutrino.nfvo.catalogue.mano.record.VNFForwardingGraphRecord.parent_ns.pnfr.<elements>.connected_virtual_link.<elements>)
                   - CollectionAttributeFetchImpl(collection=org.project.neutrino.nfvo.catalogue.mano.record.PhysicalNetworkFunctionRecord.connection_point, querySpaceUid=<gen:87>, path=org.project.neutrino.nfvo.catalogue.mano.record.VNFForwardingGraphRecord.parent_ns.pnfr.<elements>.connection_point)
                      - (collection element) CollectionFetchableElementEntityGraph(entity=org.project.neutrino.nfvo.catalogue.mano.common.ConnectionPoint, querySpaceUid=<gen:88>, path=org.project.neutrino.nfvo.catalogue.mano.record.VNFForwardingGraphRecord.parent_ns.pnfr.<elements>.connection_point.<elements>)
                   - EntityAttributeFetchImpl(entity=org.project.neutrino.nfvo.catalogue.mano.descriptor.PhysicalNetworkFunctionDescriptor, querySpaceUid=<gen:89>, path=org.project.neutrino.nfvo.catalogue.mano.record.VNFForwardingGraphRecord.parent_ns.pnfr.<elements>.descriptor_reference)
                   - EntityAttributeFetchImpl(entity=org.project.neutrino.nfvo.catalogue.mano.record.NetworkServiceRecord, querySpaceUid=<gen:90>, path=org.project.neutrino.nfvo.catalogue.mano.record.VNFForwardingGraphRecord.parent_ns.pnfr.<elements>.parent_ns)
                   - CollectionAttributeFetchImpl(collection=org.project.neutrino.nfvo.catalogue.mano.record.PhysicalNetworkFunctionRecord.vnffgr, querySpaceUid=<gen:91>, path=org.project.neutrino.nfvo.catalogue.mano.record.VNFForwardingGraphRecord.parent_ns.pnfr.<elements>.vnffgr)
                      - (collection element) CollectionFetchableElementEntityGraph(entity=org.project.neutrino.nfvo.catalogue.mano.record.VNFForwardingGraphRecord, querySpaceUid=<gen:92>, path=org.project.neutrino.nfvo.catalogue.mano.record.VNFForwardingGraphRecord.parent_ns.pnfr.<elements>.vnffgr.<elements>)
             - EntityAttributeFetchImpl(entity=org.project.neutrino.nfvo.catalogue.mano.common.ServiceDeploymentFlavour, querySpaceUid=<gen:93>, path=org.project.neutrino.nfvo.catalogue.mano.record.VNFForwardingGraphRecord.parent_ns.service_deployment_flavour)
             - CollectionAttributeFetchImpl(collection=org.project.neutrino.nfvo.catalogue.mano.record.NetworkServiceRecord.vlr, querySpaceUid=<gen:94>, path=org.project.neutrino.nfvo.catalogue.mano.record.VNFForwardingGraphRecord.parent_ns.vlr)
                - (collection element) CollectionFetchableElementEntityGraph(entity=org.project.neutrino.nfvo.catalogue.mano.record.VirtualLinkRecord, querySpaceUid=<gen:95>, path=org.project.neutrino.nfvo.catalogue.mano.record.VNFForwardingGraphRecord.parent_ns.vlr.<elements>)
             - CollectionAttributeFetchImpl(collection=org.project.neutrino.nfvo.catalogue.mano.record.NetworkServiceRecord.vnf_dependency, querySpaceUid=<gen:96>, path=org.project.neutrino.nfvo.catalogue.mano.record.VNFForwardingGraphRecord.parent_ns.vnf_dependency)
                - (collection element) CollectionFetchableElementEntityGraph(entity=org.project.neutrino.nfvo.catalogue.mano.common.VNFDependency, querySpaceUid=<gen:97>, path=org.project.neutrino.nfvo.catalogue.mano.record.VNFForwardingGraphRecord.parent_ns.vnf_dependency.<elements>)
                   - EntityAttributeFetchImpl(entity=org.project.neutrino.nfvo.catalogue.mano.descriptor.VirtualNetworkFunctionDescriptor, querySpaceUid=<gen:98>, path=org.project.neutrino.nfvo.catalogue.mano.record.VNFForwardingGraphRecord.parent_ns.vnf_dependency.<elements>.source)
                   - EntityAttributeFetchImpl(entity=org.project.neutrino.nfvo.catalogue.mano.descriptor.VirtualNetworkFunctionDescriptor, querySpaceUid=<gen:99>, path=org.project.neutrino.nfvo.catalogue.mano.record.VNFForwardingGraphRecord.parent_ns.vnf_dependency.<elements>.target)
             - CollectionAttributeFetchImpl(collection=org.project.neutrino.nfvo.catalogue.mano.record.NetworkServiceRecord.vnffgr, querySpaceUid=<gen:100>, path=org.project.neutrino.nfvo.catalogue.mano.record.VNFForwardingGraphRecord.parent_ns.vnffgr)
                - (collection element) CollectionFetchableElementEntityGraph(entity=org.project.neutrino.nfvo.catalogue.mano.descriptor.VNFForwardingGraph, querySpaceUid=<gen:101>, path=org.project.neutrino.nfvo.catalogue.mano.record.VNFForwardingGraphRecord.parent_ns.vnffgr.<elements>)
             - EntityAttributeFetchImpl(entity=org.project.neutrino.nfvo.catalogue.mano.record.VirtualNetworkFunctionRecord, querySpaceUid=<gen:102>, path=org.project.neutrino.nfvo.catalogue.mano.record.VNFForwardingGraphRecord.parent_ns.vnfr)
    - QuerySpaces
       - EntityQuerySpaceImpl(uid=<gen:0>, entity=org.project.neutrino.nfvo.catalogue.mano.record.VNFForwardingGraphRecord)
          - SQL table alias mapping - vnfforward0_
          - alias suffix - 0_
          - suffixed key columns - {id1_92_0_}
          - JOIN (JoinDefinedByMetadata(connection_point)) : <gen:0> -> <gen:1>
             - CollectionQuerySpaceImpl(uid=<gen:1>, collection=org.project.neutrino.nfvo.catalogue.mano.record.VNFForwardingGraphRecord.connection_point)
                - SQL table alias mapping - connection1_
                - alias suffix - 1_
                - suffixed key columns - {vnfforwa1_92_1_}
                - entity-element alias suffix - 2_
                - 2_entity-element suffixed key columns - id1_4_2_
                - JOIN (JoinDefinedByMetadata(elements)) : <gen:1> -> <gen:2>
                   - EntityQuerySpaceImpl(uid=<gen:2>, entity=org.project.neutrino.nfvo.catalogue.mano.descriptor.VNFDConnectionPoint)
                      - SQL table alias mapping - vnfdconnec2_
                      - alias suffix - 2_
                      - suffixed key columns - {id1_4_2_}
          - JOIN (JoinDefinedByMetadata(dependent_virtual_link)) : <gen:0> -> <gen:3>
             - CollectionQuerySpaceImpl(uid=<gen:3>, collection=org.project.neutrino.nfvo.catalogue.mano.record.VNFForwardingGraphRecord.dependent_virtual_link)
                - SQL table alias mapping - dependent_3_
                - alias suffix - 3_
                - suffixed key columns - {vnfforwa1_92_3_}
                - entity-element alias suffix - 4_
                - 4_entity-element suffixed key columns - id1_54_4_
                - JOIN (JoinDefinedByMetadata(elements)) : <gen:3> -> <gen:4>
                   - EntityQuerySpaceImpl(uid=<gen:4>, entity=org.project.neutrino.nfvo.catalogue.mano.record.VirtualLinkRecord)
                      - SQL table alias mapping - virtuallin4_
                      - alias suffix - 4_
                      - suffixed key columns - {id1_54_4_}
                      - JOIN (JoinDefinedByMetadata(lifecycle_event_history)) : <gen:4> -> <gen:5>
                         - CollectionQuerySpaceImpl(uid=<gen:5>, collection=org.project.neutrino.nfvo.catalogue.mano.record.VirtualLinkRecord.lifecycle_event_history)
                            - SQL table alias mapping - lifecycle_5_
                            - alias suffix - 5_
                            - suffixed key columns - {virtual_1_54_5_}
                            - entity-element alias suffix - 6_
                            - 6_entity-element suffixed key columns - id1_10_6_
                            - JOIN (JoinDefinedByMetadata(elements)) : <gen:5> -> <gen:6>
                               - EntityQuerySpaceImpl(uid=<gen:6>, entity=org.project.neutrino.nfvo.catalogue.mano.common.LifecycleEvent)
                                  - SQL table alias mapping - lifecyclee6_
                                  - alias suffix - 6_
                                  - suffixed key columns - {id1_10_6_}
                      - JOIN (JoinDefinedByMetadata(vnffgr_reference)) : <gen:4> -> <gen:7>
                         - CollectionQuerySpaceImpl(uid=<gen:7>, collection=org.project.neutrino.nfvo.catalogue.mano.record.VirtualLinkRecord.vnffgr_reference)
                            - SQL table alias mapping - vnffgr_ref7_
                            - alias suffix - 7_
                            - suffixed key columns - {virtual_1_54_7_}
                            - entity-element alias suffix - 8_
                            - 8_entity-element suffixed key columns - id1_92_8_
                            - JOIN (JoinDefinedByMetadata(elements)) : <gen:7> -> <gen:8>
                               - EntityQuerySpaceImpl(uid=<gen:8>, entity=org.project.neutrino.nfvo.catalogue.mano.record.VNFForwardingGraphRecord)
                                  - SQL table alias mapping - vnfforward8_
                                  - alias suffix - 8_
                                  - suffixed key columns - {id1_92_8_}
          - JOIN (JoinDefinedByMetadata(descriptor_reference)) : <gen:0> -> <gen:16>
             - EntityQuerySpaceImpl(uid=<gen:16>, entity=org.project.neutrino.nfvo.catalogue.mano.descriptor.VNFForwardingGraph)
                - SQL table alias mapping - vnfforward9_
                - alias suffix - 9_
                - suffixed key columns - {id1_87_9_}
                - JOIN (JoinDefinedByMetadata(vnffgd_security)) : <gen:16> -> <gen:17>
                   - EntityQuerySpaceImpl(uid=<gen:17>, entity=org.project.neutrino.nfvo.catalogue.mano.common.Security)
                      - SQL table alias mapping - security10_
                      - alias suffix - 10_
                      - suffixed key columns - {id1_43_10_}
          - JOIN (JoinDefinedByMetadata(lifecycle_event_history)) : <gen:0> -> <gen:18>
             - CollectionQuerySpaceImpl(uid=<gen:18>, collection=org.project.neutrino.nfvo.catalogue.mano.record.VNFForwardingGraphRecord.lifecycle_event_history)
                - SQL table alias mapping - lifecycle_11_
                - alias suffix - 11_
                - suffixed key columns - {vnfforwa1_92_11_}
                - entity-element alias suffix - 12_
                - 12_entity-element suffixed key columns - id1_10_12_
                - JOIN (JoinDefinedByMetadata(elements)) : <gen:18> -> <gen:19>
                   - EntityQuerySpaceImpl(uid=<gen:19>, entity=org.project.neutrino.nfvo.catalogue.mano.common.LifecycleEvent)
                      - SQL table alias mapping - lifecyclee12_
                      - alias suffix - 12_
                      - suffixed key columns - {id1_10_12_}
          - JOIN (JoinDefinedByMetadata(member_vnfs)) : <gen:0> -> <gen:20>
             - CollectionQuerySpaceImpl(uid=<gen:20>, collection=org.project.neutrino.nfvo.catalogue.mano.record.VNFForwardingGraphRecord.member_vnfs)
                - SQL table alias mapping - member_vnf13_
                - alias suffix - 13_
                - suffixed key columns - {vnfforwa1_92_13_}
                - entity-element alias suffix - 14_
                - 14_entity-element suffixed key columns - id1_68_14_
                - JOIN (JoinDefinedByMetadata(elements)) : <gen:20> -> <gen:21>
                   - EntityQuerySpaceImpl(uid=<gen:21>, entity=org.project.neutrino.nfvo.catalogue.mano.record.VirtualNetworkFunctionRecord)
                      - SQL table alias mapping - virtualnet14_
                      - alias suffix - 14_
                      - suffixed key columns - {id1_68_14_}
                      - JOIN (JoinDefinedByMetadata(auto_scale_policy)) : <gen:21> -> <gen:22>
                         - CollectionQuerySpaceImpl(uid=<gen:22>, collection=org.project.neutrino.nfvo.catalogue.mano.record.VirtualNetworkFunctionRecord.auto_scale_policy)
                            - SQL table alias mapping - auto_scale15_
                            - alias suffix - 15_
                            - suffixed key columns - {virtual_1_68_15_}
                            - entity-element alias suffix - 16_
                            - 16_entity-element suffixed key columns - id1_3_16_
                            - JOIN (JoinDefinedByMetadata(elements)) : <gen:22> -> <gen:23>
                               - EntityQuerySpaceImpl(uid=<gen:23>, entity=org.project.neutrino.nfvo.catalogue.mano.common.AutoScalePolicy)
                                  - SQL table alias mapping - autoscalep16_
                                  - alias suffix - 16_
                                  - suffixed key columns - {id1_3_16_}
                      - JOIN (JoinDefinedByMetadata(connected_external_virtual_link)) : <gen:21> -> <gen:24>
                         - CollectionQuerySpaceImpl(uid=<gen:24>, collection=org.project.neutrino.nfvo.catalogue.mano.record.VirtualNetworkFunctionRecord.connected_external_virtual_link)
                            - SQL table alias mapping - connected_17_
                            - alias suffix - 17_
                            - suffixed key columns - {virtual_1_68_17_}
                            - entity-element alias suffix - 18_
                            - 18_entity-element suffixed key columns - id1_54_18_
                            - JOIN (JoinDefinedByMetadata(elements)) : <gen:24> -> <gen:25>
                               - EntityQuerySpaceImpl(uid=<gen:25>, entity=org.project.neutrino.nfvo.catalogue.mano.record.VirtualLinkRecord)
                                  - SQL table alias mapping - virtuallin18_
                                  - alias suffix - 18_
                                  - suffixed key columns - {id1_54_18_}
                      - JOIN (JoinDefinedByMetadata(connection_point)) : <gen:21> -> <gen:26>
                         - CollectionQuerySpaceImpl(uid=<gen:26>, collection=org.project.neutrino.nfvo.catalogue.mano.record.VirtualNetworkFunctionRecord.connection_point)
                            - SQL table alias mapping - connection19_
                            - alias suffix - 19_
                            - suffixed key columns - {virtual_1_68_19_}
                            - entity-element alias suffix - 20_
                            - 20_entity-element suffixed key columns - id1_4_20_
                            - JOIN (JoinDefinedByMetadata(elements)) : <gen:26> -> <gen:27>
                               - EntityQuerySpaceImpl(uid=<gen:27>, entity=org.project.neutrino.nfvo.catalogue.mano.common.ConnectionPoint)
                                  - SQL table alias mapping - connection20_
                                  - alias suffix - 20_
                                  - suffixed key columns - {id1_4_20_}
                      - JOIN (JoinDefinedByMetadata(dependency)) : <gen:21> -> <gen:28>
                         - CollectionQuerySpaceImpl(uid=<gen:28>, collection=org.project.neutrino.nfvo.catalogue.mano.record.VirtualNetworkFunctionRecord.dependency)
                            - SQL table alias mapping - dependency21_
                            - alias suffix - 21_
                            - suffixed key columns - {virtual_1_68_21_}
                            - entity-element alias suffix - 22_
                            - 22_entity-element suffixed key columns - id1_86_22_
                            - JOIN (JoinDefinedByMetadata(elements)) : <gen:28> -> <gen:29>
                               - EntityQuerySpaceImpl(uid=<gen:29>, entity=org.project.neutrino.nfvo.catalogue.mano.common.VNFDependency)
                                  - SQL table alias mapping - vnfdepende22_
                                  - alias suffix - 22_
                                  - suffixed key columns - {id1_86_22_}
                      - JOIN (JoinDefinedByMetadata(deployment_flavour)) : <gen:21> -> <gen:32>
                         - EntityQuerySpaceImpl(uid=<gen:32>, entity=org.project.neutrino.nfvo.catalogue.mano.descriptor.VNFDDeploymentFlavour)
                            - SQL table alias mapping - vnfddeploy23_
                            - alias suffix - 23_
                            - suffixed key columns - {id1_7_23_}
                      - JOIN (JoinDefinedByMetadata(lifecycle_event)) : <gen:21> -> <gen:34>
                         - EntityQuerySpaceImpl(uid=<gen:34>, entity=org.project.neutrino.nfvo.catalogue.mano.common.LifecycleEvent)
                            - SQL table alias mapping - lifecyclee24_
                            - alias suffix - 24_
                            - suffixed key columns - {id1_10_24_}
                      - JOIN (JoinDefinedByMetadata(lifecycle_event_history)) : <gen:21> -> <gen:35>
                         - CollectionQuerySpaceImpl(uid=<gen:35>, collection=org.project.neutrino.nfvo.catalogue.mano.record.VirtualNetworkFunctionRecord.lifecycle_event_history)
                            - SQL table alias mapping - lifecycle_25_
                            - alias suffix - 25_
                            - suffixed key columns - {virtual_1_68_25_}
                            - entity-element alias suffix - 26_
                            - 26_entity-element suffixed key columns - id1_10_26_
                            - JOIN (JoinDefinedByMetadata(elements)) : <gen:35> -> <gen:36>
                               - EntityQuerySpaceImpl(uid=<gen:36>, entity=org.project.neutrino.nfvo.catalogue.mano.common.LifecycleEvent)
                                  - SQL table alias mapping - lifecyclee26_
                                  - alias suffix - 26_
                                  - suffixed key columns - {id1_10_26_}
                      - JOIN (JoinDefinedByMetadata(parent_ns)) : <gen:21> -> <gen:37>
                         - EntityQuerySpaceImpl(uid=<gen:37>, entity=org.project.neutrino.nfvo.catalogue.mano.record.NetworkServiceRecord)
                            - SQL table alias mapping - networkser27_
                            - alias suffix - 27_
                            - suffixed key columns - {id1_18_27_}
                      - JOIN (JoinDefinedByMetadata(vdu)) : <gen:21> -> <gen:56>
                         - CollectionQuerySpaceImpl(uid=<gen:56>, collection=org.project.neutrino.nfvo.catalogue.mano.record.VirtualNetworkFunctionRecord.vdu)
                            - SQL table alias mapping - vdu28_
                            - alias suffix - 28_
                            - suffixed key columns - {virtual_1_68_28_}
                            - entity-element alias suffix - 29_
                            - 29_entity-element suffixed key columns - id1_47_29_
                            - JOIN (JoinDefinedByMetadata(elements)) : <gen:56> -> <gen:57>
                               - EntityQuerySpaceImpl(uid=<gen:57>, entity=org.project.neutrino.nfvo.catalogue.mano.descriptor.VirtualDeploymentUnit)
                                  - SQL table alias mapping - virtualdep29_
                                  - alias suffix - 29_
                                  - suffixed key columns - {id1_47_29_}
                      - JOIN (JoinDefinedByMetadata(virtual_link)) : <gen:21> -> <gen:60>
                         - CollectionQuerySpaceImpl(uid=<gen:60>, collection=org.project.neutrino.nfvo.catalogue.mano.record.VirtualNetworkFunctionRecord.virtual_link)
                            - SQL table alias mapping - virtual_li30_
                            - alias suffix - 30_
                            - suffixed key columns - {virtual_1_68_30_}
                            - entity-element alias suffix - 31_
                            - 31_entity-element suffixed key columns - id1_0_31_
                            - JOIN (JoinDefinedByMetadata(elements)) : <gen:60> -> <gen:61>
                               - EntityQuerySpaceImpl(uid=<gen:61>, entity=org.project.neutrino.nfvo.catalogue.mano.descriptor.InternalVirtualLink)
                                  - SQL table alias mapping - internalvi31_
                                  - alias suffix - 31_
                                  - suffixed key columns - {id1_0_31_}
          - JOIN (JoinDefinedByMetadata(network_forwarding_path)) : <gen:0> -> <gen:63>
             - EntityQuerySpaceImpl(uid=<gen:63>, entity=org.project.neutrino.nfvo.catalogue.mano.descriptor.NetworkForwardingPath)
                - SQL table alias mapping - networkfor32_
                - alias suffix - 32_
                - suffixed key columns - {id1_12_32_}
                - JOIN (JoinDefinedByMetadata(connection)) : <gen:63> -> <gen:64>
                   - CollectionQuerySpaceImpl(uid=<gen:64>, collection=org.project.neutrino.nfvo.catalogue.mano.descriptor.NetworkForwardingPath.connection)
                      - SQL table alias mapping - connection33_
                      - alias suffix - 33_
                      - suffixed key columns - {network_1_12_33_}
                - JOIN (JoinDefinedByMetadata(policy)) : <gen:63> -> <gen:65>
                   - EntityQuerySpaceImpl(uid=<gen:65>, entity=org.project.neutrino.nfvo.catalogue.mano.descriptor.Policy)
                      - SQL table alias mapping - policy34_
                      - alias suffix - 34_
                      - suffixed key columns - {id1_42_34_}
          - JOIN (JoinDefinedByMetadata(parent_ns)) : <gen:0> -> <gen:66>
             - EntityQuerySpaceImpl(uid=<gen:66>, entity=org.project.neutrino.nfvo.catalogue.mano.record.NetworkServiceRecord)
                - SQL table alias mapping - networkser35_
                - alias suffix - 35_
                - suffixed key columns - {id1_18_35_}
                - JOIN (JoinDefinedByMetadata(auto_scale_policy)) : <gen:66> -> <gen:67>
                   - CollectionQuerySpaceImpl(uid=<gen:67>, collection=org.project.neutrino.nfvo.catalogue.mano.record.NetworkServiceRecord.auto_scale_policy)
                      - SQL table alias mapping - auto_scale36_
                      - alias suffix - 36_
                      - suffixed key columns - {network_1_18_36_}
                      - entity-element alias suffix - 37_
                      - 37_entity-element suffixed key columns - id1_3_37_
                      - JOIN (JoinDefinedByMetadata(elements)) : <gen:67> -> <gen:68>
                         - EntityQuerySpaceImpl(uid=<gen:68>, entity=org.project.neutrino.nfvo.catalogue.mano.common.AutoScalePolicy)
                            - SQL table alias mapping - autoscalep37_
                            - alias suffix - 37_
                            - suffixed key columns - {id1_3_37_}
                - JOIN (JoinDefinedByMetadata(connection_point)) : <gen:66> -> <gen:69>
                   - CollectionQuerySpaceImpl(uid=<gen:69>, collection=org.project.neutrino.nfvo.catalogue.mano.record.NetworkServiceRecord.connection_point)
                      - SQL table alias mapping - connection38_
                      - alias suffix - 38_
                      - suffixed key columns - {network_1_18_38_}
                      - entity-element alias suffix - 39_
                      - 39_entity-element suffixed key columns - id1_4_39_
                      - JOIN (JoinDefinedByMetadata(elements)) : <gen:69> -> <gen:70>
                         - EntityQuerySpaceImpl(uid=<gen:70>, entity=org.project.neutrino.nfvo.catalogue.mano.common.ConnectionPoint)
                            - SQL table alias mapping - connection39_
                            - alias suffix - 39_
                            - suffixed key columns - {id1_4_39_}
                - JOIN (JoinDefinedByMetadata(descriptor_reference)) : <gen:66> -> <gen:71>
                   - EntityQuerySpaceImpl(uid=<gen:71>, entity=org.project.neutrino.nfvo.catalogue.mano.common.NFVEntityDescriptor)
                      - SQL table alias mapping - nfventityd40_
                      - alias suffix - 40_
                      - suffixed key columns - {id1_27_40_}
                - JOIN (JoinDefinedByMetadata(lifecycle_event)) : <gen:66> -> <gen:80>
                   - EntityQuerySpaceImpl(uid=<gen:80>, entity=org.project.neutrino.nfvo.catalogue.mano.common.LifecycleEvent)
                      - SQL table alias mapping - lifecyclee41_
                      - alias suffix - 41_
                      - suffixed key columns - {id1_10_41_}
                - JOIN (JoinDefinedByMetadata(lifecycle_event_history)) : <gen:66> -> <gen:81>
                   - CollectionQuerySpaceImpl(uid=<gen:81>, collection=org.project.neutrino.nfvo.catalogue.mano.record.NetworkServiceRecord.lifecycle_event_history)
                      - SQL table alias mapping - lifecycle_42_
                      - alias suffix - 42_
                      - suffixed key columns - {network_1_18_42_}
                      - entity-element alias suffix - 43_
                      - 43_entity-element suffixed key columns - id1_10_43_
                      - JOIN (JoinDefinedByMetadata(elements)) : <gen:81> -> <gen:82>
                         - EntityQuerySpaceImpl(uid=<gen:82>, entity=org.project.neutrino.nfvo.catalogue.mano.common.LifecycleEvent)
                            - SQL table alias mapping - lifecyclee43_
                            - alias suffix - 43_
                            - suffixed key columns - {id1_10_43_}
                - JOIN (JoinDefinedByMetadata(pnfr)) : <gen:66> -> <gen:83>
                   - CollectionQuerySpaceImpl(uid=<gen:83>, collection=org.project.neutrino.nfvo.catalogue.mano.record.NetworkServiceRecord.pnfr)
                      - SQL table alias mapping - pnfr44_
                      - alias suffix - 44_
                      - suffixed key columns - {network_1_18_44_}
                      - entity-element alias suffix - 45_
                      - 45_entity-element suffixed key columns - id1_37_45_
                      - JOIN (JoinDefinedByMetadata(elements)) : <gen:83> -> <gen:84>
                         - EntityQuerySpaceImpl(uid=<gen:84>, entity=org.project.neutrino.nfvo.catalogue.mano.record.PhysicalNetworkFunctionRecord)
                            - SQL table alias mapping - physicalne45_
                            - alias suffix - 45_
                            - suffixed key columns - {id1_37_45_}
                - JOIN (JoinDefinedByMetadata(service_deployment_flavour)) : <gen:66> -> <gen:93>
                   - EntityQuerySpaceImpl(uid=<gen:93>, entity=org.project.neutrino.nfvo.catalogue.mano.common.ServiceDeploymentFlavour)
                      - SQL table alias mapping - servicedep46_
                      - alias suffix - 46_
                      - suffixed key columns - {id1_7_46_}
                - JOIN (JoinDefinedByMetadata(vlr)) : <gen:66> -> <gen:94>
                   - CollectionQuerySpaceImpl(uid=<gen:94>, collection=org.project.neutrino.nfvo.catalogue.mano.record.NetworkServiceRecord.vlr)
                      - SQL table alias mapping - vlr47_
                      - alias suffix - 47_
                      - suffixed key columns - {network_1_18_47_}
                      - entity-element alias suffix - 48_
                      - 48_entity-element suffixed key columns - id1_54_48_
                      - JOIN (JoinDefinedByMetadata(elements)) : <gen:94> -> <gen:95>
                         - EntityQuerySpaceImpl(uid=<gen:95>, entity=org.project.neutrino.nfvo.catalogue.mano.record.VirtualLinkRecord)
                            - SQL table alias mapping - virtuallin48_
                            - alias suffix - 48_
                            - suffixed key columns - {id1_54_48_}
                - JOIN (JoinDefinedByMetadata(vnf_dependency)) : <gen:66> -> <gen:96>
                   - CollectionQuerySpaceImpl(uid=<gen:96>, collection=org.project.neutrino.nfvo.catalogue.mano.record.NetworkServiceRecord.vnf_dependency)
                      - SQL table alias mapping - vnf_depend49_
                      - alias suffix - 49_
                      - suffixed key columns - {network_1_18_49_}
                      - entity-element alias suffix - 50_
                      - 50_entity-element suffixed key columns - id1_86_50_
                      - JOIN (JoinDefinedByMetadata(elements)) : <gen:96> -> <gen:97>
                         - EntityQuerySpaceImpl(uid=<gen:97>, entity=org.project.neutrino.nfvo.catalogue.mano.common.VNFDependency)
                            - SQL table alias mapping - vnfdepende50_
                            - alias suffix - 50_
                            - suffixed key columns - {id1_86_50_}
                - JOIN (JoinDefinedByMetadata(vnffgr)) : <gen:66> -> <gen:100>
                   - CollectionQuerySpaceImpl(uid=<gen:100>, collection=org.project.neutrino.nfvo.catalogue.mano.record.NetworkServiceRecord.vnffgr)
                      - SQL table alias mapping - vnffgr51_
                      - alias suffix - 51_
                      - suffixed key columns - {network_1_18_51_}
                      - entity-element alias suffix - 52_
                      - 52_entity-element suffixed key columns - id1_87_52_
                      - JOIN (JoinDefinedByMetadata(elements)) : <gen:100> -> <gen:101>
                         - EntityQuerySpaceImpl(uid=<gen:101>, entity=org.project.neutrino.nfvo.catalogue.mano.descriptor.VNFForwardingGraph)
                            - SQL table alias mapping - vnfforward52_
                            - alias suffix - 52_
                            - suffixed key columns - {id1_87_52_}
                - JOIN (JoinDefinedByMetadata(vnfr)) : <gen:66> -> <gen:102>
                   - EntityQuerySpaceImpl(uid=<gen:102>, entity=org.project.neutrino.nfvo.catalogue.mano.record.VirtualNetworkFunctionRecord)
                      - SQL table alias mapping - virtualnet53_
                      - alias suffix - 53_
                      - suffixed key columns - {id1_68_53_}

13:23:07.195 [Test worker] DEBUG o.h.loader.entity.plan.EntityLoader - Static select for entity org.project.neutrino.nfvo.catalogue.mano.record.VNFForwardingGraphRecord [NONE]: select vnfforward0_.id as id1_92_0_, vnfforward0_.audit_log as audit_lo2_92_0_, vnfforward0_.descriptor_reference_id as descrip10_92_0_, vnfforward0_.network_forwarding_path_id as network11_92_0_, vnfforward0_.number_of_endpoints as number_o3_92_0_, vnfforward0_.number_of_pnfs as number_o4_92_0_, vnfforward0_.number_of_virtual_links as number_o5_92_0_, vnfforward0_.number_of_vnfs as number_o6_92_0_, vnfforward0_.parent_ns_id as parent_12_92_0_, vnfforward0_.status as status7_92_0_, vnfforward0_.vendor as vendor8_92_0_, vnfforward0_.version as version9_92_0_, connection1_.vnfforwarding_graph_record_id as vnfforwa1_92_1_, vnfdconnec2_.id as connecti2_93_1_, vnfdconnec2_.id as id1_4_2_, vnfdconnec2_.type as type2_4_2_, vnfdconnec2_.version as version3_4_2_, vnfdconnec2_.virtual_link_reference as virtual_1_82_2_, dependent_3_.vnfforwarding_graph_record_id as vnfforwa1_92_3_, virtuallin4_.id as dependen2_94_3_, virtuallin4_.id as id1_54_4_, virtuallin4_.connectivity_type as connecti2_54_4_, virtuallin4_.descriptor_reference as descript3_54_4_, virtuallin4_.leaf_requirement as leaf_req4_54_4_, virtuallin4_.number_of_enpoints as number_o5_54_4_, virtuallin4_.parent_ns as parent_n6_54_4_, virtuallin4_.root_requirement as root_req7_54_4_, virtuallin4_.status as status8_54_4_, virtuallin4_.test_access as test_acc9_54_4_, virtuallin4_.vendor as vendor10_54_4_, virtuallin4_.version as version11_54_4_, virtuallin4_.vim_id as vim_id12_54_4_, lifecycle_5_.virtual_link_record_id as virtual_1_54_5_, lifecyclee6_.id as lifecycl2_58_5_, lifecyclee6_.id as id1_10_6_, lifecyclee6_.version as version2_10_6_, vnffgr_ref7_.virtual_link_record_id as virtual_1_54_7_, vnfforward8_.id as vnffgr_r2_61_7_, vnfforward8_.id as id1_92_8_, vnfforward8_.audit_log as audit_lo2_92_8_, vnfforward8_.descriptor_reference_id as descrip10_92_8_, vnfforward8_.network_forwarding_path_id as network11_92_8_, vnfforward8_.number_of_endpoints as number_o3_92_8_, vnfforward8_.number_of_pnfs as number_o4_92_8_, vnfforward8_.number_of_virtual_links as number_o5_92_8_, vnfforward8_.number_of_vnfs as number_o6_92_8_, vnfforward8_.parent_ns_id as parent_12_92_8_, vnfforward8_.status as status7_92_8_, vnfforward8_.vendor as vendor8_92_8_, vnfforward8_.version as version9_92_8_, vnfforward9_.id as id1_87_9_, vnfforward9_.descriptor_version as descript2_87_9_, vnfforward9_.hb_version as hb_versi3_87_9_, vnfforward9_.number_of_endpoints as number_o4_87_9_, vnfforward9_.number_of_virtual_links as number_o5_87_9_, vnfforward9_.vendor as vendor6_87_9_, vnfforward9_.version as version7_87_9_, vnfforward9_.vnffgd_security_id as vnffgd_s8_87_9_, security10_.id as id1_43_10_, security10_.version as version2_43_10_, lifecycle_11_.vnfforwarding_graph_record_id as vnfforwa1_92_11_, lifecyclee12_.id as lifecycl2_95_11_, lifecyclee12_.id as id1_10_12_, lifecyclee12_.version as version2_10_12_, member_vnf13_.vnfforwarding_graph_record_id as vnfforwa1_92_13_, virtualnet14_.id as member_v2_96_13_, virtualnet14_.id as id1_68_14_, virtualnet14_.audit_log as audit_lo2_68_14_, virtualnet14_.deployment_flavour_id as deployme9_68_14_, virtualnet14_.descriptor_reference as descript3_68_14_, virtualnet14_.lifecycle_event_id as lifecyc10_68_14_, virtualnet14_.localization as localiza4_68_14_, virtualnet14_.parent_ns_id as parent_11_68_14_, virtualnet14_.status as status5_68_14_, virtualnet14_.vendor as vendor6_68_14_, virtualnet14_.version as version7_68_14_, virtualnet14_.vnfm_id as vnfm_id8_68_14_, auto_scale15_.virtual_network_function_record_id as virtual_1_68_15_, autoscalep16_.id as auto_sca2_69_15_, autoscalep16_.id as id1_3_16_, autoscalep16_.version as version2_3_16_, connected_17_.virtual_network_function_record_id as virtual_1_68_17_, virtuallin18_.id as connecte2_70_17_, virtuallin18_.id as id1_54_18_, virtuallin18_.connectivity_type as connecti2_54_18_, virtuallin18_.descriptor_reference as descript3_54_18_, virtuallin18_.leaf_requirement as leaf_req4_54_18_, virtuallin18_.number_of_enpoints as number_o5_54_18_, virtuallin18_.parent_ns as parent_n6_54_18_, virtuallin18_.root_requirement as root_req7_54_18_, virtuallin18_.status as status8_54_18_, virtuallin18_.test_access as test_acc9_54_18_, virtuallin18_.vendor as vendor10_54_18_, virtuallin18_.version as version11_54_18_, virtuallin18_.vim_id as vim_id12_54_18_, connection19_.virtual_network_function_record_id as virtual_1_68_19_, connection20_.id as connecti2_71_19_, connection20_.id as id1_4_20_, connection20_.type as type2_4_20_, connection20_.version as version3_4_20_, connection20_.virtual_link_reference as virtual_1_82_20_, connection20_.clazz_ as clazz_20_, dependency21_.virtual_network_function_record_id as virtual_1_68_21_, vnfdepende22_.id as dependen2_72_21_, vnfdepende22_.id as id1_86_22_, vnfdepende22_.source_Id as source_I3_86_22_, vnfdepende22_.target_Id as target_I4_86_22_, vnfdepende22_.version as version2_86_22_, vnfddeploy23_.id as id1_7_23_, vnfddeploy23_.flavour_key as flavour_2_7_23_, vnfddeploy23_.version as version3_7_23_, lifecyclee24_.id as id1_10_24_, lifecyclee24_.version as version2_10_24_, lifecycle_25_.virtual_network_function_record_id as virtual_1_68_25_, lifecyclee26_.id as lifecycl2_73_25_, lifecyclee26_.id as id1_10_26_, lifecyclee26_.version as version2_10_26_, networkser27_.id as id1_18_27_, networkser27_.audit_log as audit_lo2_18_27_, networkser27_.descriptor_reference_Id as descript9_18_27_, networkser27_.lifecycle_event_id as lifecyc10_18_27_, networkser27_.notification as notifica3_18_27_, networkser27_.resource_reservation as resource4_18_27_, networkser27_.runtime_policy_info as runtime_5_18_27_, networkser27_.service_deployment_flavour_id as service11_18_27_, networkser27_.status as status6_18_27_, networkser27_.vendor as vendor7_18_27_, networkser27_.version as version8_18_27_, networkser27_.vnfr_id as vnfr_id12_18_27_, vdu28_.virtual_network_function_record_id as virtual_1_68_28_, virtualdep29_.id as vdu_id2_77_28_, virtualdep29_.id as id1_47_29_, virtualdep29_.computation_requirement as computat2_47_29_, virtualdep29_.high_availability as high_ava3_47_29_, virtualdep29_.scale_in_out as scale_in4_47_29_, virtualdep29_.vdu_constraint as vdu_cons5_47_29_, virtualdep29_.version as version6_47_29_, virtualdep29_.virtual_memory_resource_element as virtual_7_47_29_, virtualdep29_.virtual_network_bandwidth_resource as virtual_8_47_29_, virtual_li30_.virtual_network_function_record_id as virtual_1_68_30_, internalvi31_.id as virtual_2_78_30_, internalvi31_.id as id1_0_31_, internalvi31_.connectivity_type as connecti2_0_31_, internalvi31_.leaf_requirement as leaf_req3_0_31_, internalvi31_.root_requirement as root_req4_0_31_, internalvi31_.version as version5_0_31_, networkfor32_.id as id1_12_32_, networkfor32_.policy_id as policy_i3_12_32_, networkfor32_.version as version2_12_32_, connection33_.network_forwarding_path_id as network_1_12_33_, connection33_.connection as connecti2_13_33_, connection33_.connection_key as connecti3_33_, policy34_.id as id1_42_34_, policy34_.version as version2_42_34_, networkser35_.id as id1_18_35_, networkser35_.audit_log as audit_lo2_18_35_, networkser35_.descriptor_reference_Id as descript9_18_35_, networkser35_.lifecycle_event_id as lifecyc10_18_35_, networkser35_.notification as notifica3_18_35_, networkser35_.resource_reservation as resource4_18_35_, networkser35_.runtime_policy_info as runtime_5_18_35_, networkser35_.service_deployment_flavour_id as service11_18_35_, networkser35_.status as status6_18_35_, networkser35_.vendor as vendor7_18_35_, networkser35_.version as version8_18_35_, networkser35_.vnfr_id as vnfr_id12_18_35_, auto_scale36_.network_service_record_id as network_1_18_36_, autoscalep37_.id as auto_sca2_19_36_, autoscalep37_.id as id1_3_37_, autoscalep37_.version as version2_3_37_, connection38_.network_service_record_id as network_1_18_38_, connection39_.id as connecti2_20_38_, connection39_.id as id1_4_39_, connection39_.type as type2_4_39_, connection39_.version as version3_4_39_, connection39_.virtual_link_reference as virtual_1_82_39_, connection39_.clazz_ as clazz_39_, nfventityd40_.id as id1_27_40_, nfventityd40_.hb_version as hb_versi2_27_40_, nfventityd40_.vendor as vendor3_27_40_, nfventityd40_.version as version4_27_40_, nfventityd40_.descriptor_version as descript1_62_40_, nfventityd40_.manifest_file as manifest2_62_40_, nfventityd40_.nsd_security_id as nsd_secu1_14_40_, nfventityd40_.clazz_ as clazz_40_, lifecyclee41_.id as id1_10_41_, lifecyclee41_.version as version2_10_41_, lifecycle_42_.network_service_record_id as network_1_18_42_, lifecyclee43_.id as lifecycl2_21_42_, lifecyclee43_.id as id1_10_43_, lifecyclee43_.version as version2_10_43_, pnfr44_.network_service_record_id as network_1_18_44_, physicalne45_.id as pnfr_id2_23_44_, physicalne45_.id as id1_37_45_, physicalne45_.description as descript2_37_45_, physicalne45_.descriptor_reference_id as descript6_37_45_, physicalne45_.oam_reference as oam_refe3_37_45_, physicalne45_.parent_ns_id as parent_n7_37_45_, physicalne45_.vendor as vendor4_37_45_, physicalne45_.version as version5_37_45_, servicedep46_.id as id1_7_46_, servicedep46_.flavour_key as flavour_2_7_46_, servicedep46_.version as version3_7_46_, vlr47_.network_service_record_id as network_1_18_47_, virtuallin48_.id as vlr_id2_24_47_, virtuallin48_.id as id1_54_48_, virtuallin48_.connectivity_type as connecti2_54_48_, virtuallin48_.descriptor_reference as descript3_54_48_, virtuallin48_.leaf_requirement as leaf_req4_54_48_, virtuallin48_.number_of_enpoints as number_o5_54_48_, virtuallin48_.parent_ns as parent_n6_54_48_, virtuallin48_.root_requirement as root_req7_54_48_, virtuallin48_.status as status8_54_48_, virtuallin48_.test_access as test_acc9_54_48_, virtuallin48_.vendor as vendor10_54_48_, virtuallin48_.version as version11_54_48_, virtuallin48_.vim_id as vim_id12_54_48_, vnf_depend49_.network_service_record_id as network_1_18_49_, vnfdepende50_.id as vnf_depe2_25_49_, vnfdepende50_.id as id1_86_50_, vnfdepende50_.source_Id as source_I3_86_50_, vnfdepende50_.target_Id as target_I4_86_50_, vnfdepende50_.version as version2_86_50_, vnffgr51_.network_service_record_id as network_1_18_51_, vnfforward52_.id as vnffgr_i2_26_51_, vnfforward52_.id as id1_87_52_, vnfforward52_.descriptor_version as descript2_87_52_, vnfforward52_.hb_version as hb_versi3_87_52_, vnfforward52_.number_of_endpoints as number_o4_87_52_, vnfforward52_.number_of_virtual_links as number_o5_87_52_, vnfforward52_.vendor as vendor6_87_52_, vnfforward52_.version as version7_87_52_, vnfforward52_.vnffgd_security_id as vnffgd_s8_87_52_, virtualnet53_.id as id1_68_53_, virtualnet53_.audit_log as audit_lo2_68_53_, virtualnet53_.deployment_flavour_id as deployme9_68_53_, virtualnet53_.descriptor_reference as descript3_68_53_, virtualnet53_.lifecycle_event_id as lifecyc10_68_53_, virtualnet53_.localization as localiza4_68_53_, virtualnet53_.parent_ns_id as parent_11_68_53_, virtualnet53_.status as status5_68_53_, virtualnet53_.vendor as vendor6_68_53_, virtualnet53_.version as version7_68_53_, virtualnet53_.vnfm_id as vnfm_id8_68_53_ from vnfforwarding_graph_record vnfforward0_ left outer join vnfforwarding_graph_record_connection_point connection1_ on vnfforward0_.id=connection1_.vnfforwarding_graph_record_id left outer join vnfdconnection_point vnfdconnec2_ on connection1_.connection_point_id=vnfdconnec2_.id left outer join vnfforwarding_graph_record_dependent_virtual_link dependent_3_ on vnfforward0_.id=dependent_3_.vnfforwarding_graph_record_id left outer join virtual_link_record virtuallin4_ on dependent_3_.dependent_virtual_link_id=virtuallin4_.id left outer join virtual_link_record_lifecycle_event_history lifecycle_5_ on virtuallin4_.id=lifecycle_5_.virtual_link_record_id left outer join lifecycle_event lifecyclee6_ on lifecycle_5_.lifecycle_event_history_id=lifecyclee6_.id left outer join virtual_link_record_vnffgr_reference vnffgr_ref7_ on virtuallin4_.id=vnffgr_ref7_.virtual_link_record_id left outer join vnfforwarding_graph_record vnfforward8_ on vnffgr_ref7_.vnffgr_reference_id=vnfforward8_.id left outer join vnfforwarding_graph vnfforward9_ on vnfforward0_.descriptor_reference_id=vnfforward9_.id left outer join security security10_ on vnfforward9_.vnffgd_security_id=security10_.id left outer join vnfforwarding_graph_record_lifecycle_event_history lifecycle_11_ on vnfforward0_.id=lifecycle_11_.vnfforwarding_graph_record_id left outer join lifecycle_event lifecyclee12_ on lifecycle_11_.lifecycle_event_history_id=lifecyclee12_.id left outer join vnfforwarding_graph_record_member_vnfs member_vnf13_ on vnfforward0_.id=member_vnf13_.vnfforwarding_graph_record_id left outer join virtual_network_function_record virtualnet14_ on member_vnf13_.member_vnfs_id=virtualnet14_.id left outer join virtual_network_function_record_auto_scale_policy auto_scale15_ on virtualnet14_.id=auto_scale15_.virtual_network_function_record_id left outer join auto_scale_policy autoscalep16_ on auto_scale15_.auto_scale_policy_id=autoscalep16_.id left outer join virtual_network_function_record_connected_external_virtual_link connected_17_ on virtualnet14_.id=connected_17_.virtual_network_function_record_id left outer join virtual_link_record virtuallin18_ on connected_17_.connected_external_virtual_link_id=virtuallin18_.id left outer join virtual_network_function_record_connection_point connection19_ on virtualnet14_.id=connection19_.virtual_network_function_record_id left outer join ( select id, type, version, null as virtual_link_reference, 0 as clazz_ from connection_point union select id, type, version, virtual_link_reference, 1 as clazz_ from vnfdconnection_point ) connection20_ on connection19_.connection_point_id=connection20_.id left outer join virtual_network_function_record_dependency dependency21_ on virtualnet14_.id=dependency21_.virtual_network_function_record_id left outer join vnfdependency vnfdepende22_ on dependency21_.dependency_id=vnfdepende22_.id left outer join vnfddeployment_flavour vnfddeploy23_ on virtualnet14_.deployment_flavour_id=vnfddeploy23_.id left outer join lifecycle_event lifecyclee24_ on virtualnet14_.lifecycle_event_id=lifecyclee24_.id left outer join virtual_network_function_record_lifecycle_event_history lifecycle_25_ on virtualnet14_.id=lifecycle_25_.virtual_network_function_record_id left outer join lifecycle_event lifecyclee26_ on lifecycle_25_.lifecycle_event_history_id=lifecyclee26_.id left outer join network_service_record networkser27_ on virtualnet14_.parent_ns_id=networkser27_.id left outer join virtual_network_function_record_vdu vdu28_ on virtualnet14_.id=vdu28_.virtual_network_function_record_id left outer join virtual_deployment_unit virtualdep29_ on vdu28_.vdu_id=virtualdep29_.id left outer join virtual_network_function_record_virtual_link virtual_li30_ on virtualnet14_.id=virtual_li30_.virtual_network_function_record_id left outer join internal_virtual_link internalvi31_ on virtual_li30_.virtual_link_id=internalvi31_.id left outer join network_forwarding_path networkfor32_ on vnfforward0_.network_forwarding_path_id=networkfor32_.id left outer join network_forwarding_path_connection connection33_ on networkfor32_.id=connection33_.network_forwarding_path_id left outer join policy policy34_ on networkfor32_.policy_id=policy34_.id left outer join network_service_record networkser35_ on vnfforward0_.parent_ns_id=networkser35_.id left outer join network_service_record_auto_scale_policy auto_scale36_ on networkser35_.id=auto_scale36_.network_service_record_id left outer join auto_scale_policy autoscalep37_ on auto_scale36_.auto_scale_policy_id=autoscalep37_.id left outer join network_service_record_connection_point connection38_ on networkser35_.id=connection38_.network_service_record_id left outer join ( select id, type, version, null as virtual_link_reference, 0 as clazz_ from connection_point union select id, type, version, virtual_link_reference, 1 as clazz_ from vnfdconnection_point ) connection39_ on connection38_.connection_point_id=connection39_.id left outer join ( select id, hb_version, vendor, version, descriptor_version, manifest_file, null as nsd_security_id, 1 as clazz_ from virtual_network_function_descriptor union select id, hb_version, vendor, version, null as descriptor_version, null as manifest_file, nsd_security_id, 2 as clazz_ from network_service_descriptor ) nfventityd40_ on networkser35_.descriptor_reference_Id=nfventityd40_.id left outer join lifecycle_event lifecyclee41_ on networkser35_.lifecycle_event_id=lifecyclee41_.id left outer join network_service_record_lifecycle_event_history lifecycle_42_ on networkser35_.id=lifecycle_42_.network_service_record_id left outer join lifecycle_event lifecyclee43_ on lifecycle_42_.lifecycle_event_history_id=lifecyclee43_.id left outer join network_service_record_pnfr pnfr44_ on networkser35_.id=pnfr44_.network_service_record_id left outer join physical_network_function_record physicalne45_ on pnfr44_.pnfr_id=physicalne45_.id left outer join service_deployment_flavour servicedep46_ on networkser35_.service_deployment_flavour_id=servicedep46_.id left outer join network_service_record_vlr vlr47_ on networkser35_.id=vlr47_.network_service_record_id left outer join virtual_link_record virtuallin48_ on vlr47_.vlr_id=virtuallin48_.id left outer join network_service_record_vnf_dependency vnf_depend49_ on networkser35_.id=vnf_depend49_.network_service_record_id left outer join vnfdependency vnfdepende50_ on vnf_depend49_.vnf_dependency_id=vnfdepende50_.id left outer join network_service_record_vnffgr vnffgr51_ on networkser35_.id=vnffgr51_.network_service_record_id left outer join vnfforwarding_graph vnfforward52_ on vnffgr51_.vnffgr_id=vnfforward52_.id left outer join virtual_network_function_record virtualnet53_ on networkser35_.vnfr_id=virtualnet53_.id where vnfforward0_.id=?
13:23:07.196 [Test worker] DEBUG o.h.l.p.b.i.spaces.QuerySpacesImpl - Adding QuerySpace : uid = <gen:0> -> org.hibernate.loader.plan.build.internal.spaces.EntityQuerySpaceImpl@19e2c287]
13:23:07.196 [Test worker] DEBUG o.h.p.w.spi.MetamodelGraphWalker - Visiting attribute path : audit_log
13:23:07.196 [Test worker] DEBUG o.h.p.w.spi.MetamodelGraphWalker - Visiting attribute path : connection_point
13:23:07.196 [Test worker] DEBUG o.h.l.p.b.i.spaces.QuerySpacesImpl - Adding QuerySpace : uid = <gen:1> -> org.hibernate.loader.plan.build.internal.spaces.CollectionQuerySpaceImpl@4ecd6270]
13:23:07.196 [Test worker] DEBUG o.h.l.p.b.i.spaces.QuerySpacesImpl - Adding QuerySpace : uid = <gen:2> -> org.hibernate.loader.plan.build.internal.spaces.EntityQuerySpaceImpl@df9cf7b]
13:23:07.196 [Test worker] DEBUG o.h.p.w.spi.MetamodelGraphWalker - Visiting attribute path : connection_point.type
13:23:07.196 [Test worker] DEBUG o.h.p.w.spi.MetamodelGraphWalker - Visiting attribute path : connection_point.version
13:23:07.196 [Test worker] DEBUG o.h.p.w.spi.MetamodelGraphWalker - Visiting attribute path : connection_point.virtual_link_reference
13:23:07.196 [Test worker] DEBUG o.h.p.w.spi.MetamodelGraphWalker - Visiting attribute path : dependent_virtual_link
13:23:07.196 [Test worker] DEBUG o.h.l.p.b.i.spaces.QuerySpacesImpl - Adding QuerySpace : uid = <gen:3> -> org.hibernate.loader.plan.build.internal.spaces.CollectionQuerySpaceImpl@2ba3ece5]
13:23:07.196 [Test worker] DEBUG o.h.l.p.b.i.spaces.QuerySpacesImpl - Adding QuerySpace : uid = <gen:4> -> org.hibernate.loader.plan.build.internal.spaces.EntityQuerySpaceImpl@1715c4c5]
13:23:07.197 [Test worker] DEBUG o.h.p.w.spi.MetamodelGraphWalker - Visiting attribute path : dependent_virtual_link.allocated_capacity
13:23:07.197 [Test worker] DEBUG o.h.p.w.spi.MetamodelGraphWalker - Visiting attribute path : dependent_virtual_link.audit_log
13:23:07.197 [Test worker] DEBUG o.h.p.w.spi.MetamodelGraphWalker - Visiting attribute path : dependent_virtual_link.connection
13:23:07.197 [Test worker] DEBUG o.h.p.w.spi.MetamodelGraphWalker - Visiting attribute path : dependent_virtual_link.connectivity_type
13:23:07.198 [Test worker] DEBUG o.h.p.w.spi.MetamodelGraphWalker - Visiting attribute path : dependent_virtual_link.descriptor_reference
13:23:07.198 [Test worker] DEBUG o.h.p.w.spi.MetamodelGraphWalker - Visiting attribute path : dependent_virtual_link.leaf_requirement
13:23:07.198 [Test worker] DEBUG o.h.p.w.spi.MetamodelGraphWalker - Visiting attribute path : dependent_virtual_link.lifecycle_event_history
13:23:07.198 [Test worker] DEBUG o.h.l.p.b.i.spaces.QuerySpacesImpl - Adding QuerySpace : uid = <gen:5> -> org.hibernate.loader.plan.build.internal.spaces.CollectionQuerySpaceImpl@4bec9adc]
13:23:07.198 [Test worker] DEBUG o.h.l.p.b.i.spaces.QuerySpacesImpl - Adding QuerySpace : uid = <gen:6> -> org.hibernate.loader.plan.build.internal.spaces.EntityQuerySpaceImpl@1aab0875]
13:23:07.198 [Test worker] DEBUG o.h.p.w.spi.MetamodelGraphWalker - Visiting attribute path : dependent_virtual_link.lifecycle_event_history.lifecycle_events
13:23:07.198 [Test worker] DEBUG o.h.p.w.spi.MetamodelGraphWalker - Visiting attribute path : dependent_virtual_link.lifecycle_event_history.version
13:23:07.198 [Test worker] DEBUG o.h.p.w.spi.MetamodelGraphWalker - Visiting attribute path : dependent_virtual_link.notification
13:23:07.198 [Test worker] DEBUG o.h.p.w.spi.MetamodelGraphWalker - Visiting attribute path : dependent_virtual_link.number_of_enpoints
13:23:07.198 [Test worker] DEBUG o.h.p.w.spi.MetamodelGraphWalker - Visiting attribute path : dependent_virtual_link.parent_ns
13:23:07.198 [Test worker] DEBUG o.h.p.w.spi.MetamodelGraphWalker - Visiting attribute path : dependent_virtual_link.qos
13:23:07.198 [Test worker] DEBUG o.h.p.w.spi.MetamodelGraphWalker - Visiting attribute path : dependent_virtual_link.root_requirement
13:23:07.198 [Test worker] DEBUG o.h.p.w.spi.MetamodelGraphWalker - Visiting attribute path : dependent_virtual_link.status
13:23:07.198 [Test worker] DEBUG o.h.p.w.spi.MetamodelGraphWalker - Visiting attribute path : dependent_virtual_link.test_access
13:23:07.198 [Test worker] DEBUG o.h.p.w.spi.MetamodelGraphWalker - Visiting attribute path : dependent_virtual_link.vendor
13:23:07.198 [Test worker] DEBUG o.h.p.w.spi.MetamodelGraphWalker - Visiting attribute path : dependent_virtual_link.version
13:23:07.198 [Test worker] DEBUG o.h.p.w.spi.MetamodelGraphWalker - Visiting attribute path : dependent_virtual_link.vim_id
13:23:07.198 [Test worker] DEBUG o.h.p.w.spi.MetamodelGraphWalker - Visiting attribute path : dependent_virtual_link.vnffgr_reference
13:23:07.198 [Test worker] DEBUG o.h.l.p.b.i.spaces.QuerySpacesImpl - Adding QuerySpace : uid = <gen:7> -> org.hibernate.loader.plan.build.internal.spaces.CollectionQuerySpaceImpl@472520e]
13:23:07.198 [Test worker] DEBUG o.h.l.p.b.i.spaces.QuerySpacesImpl - Adding QuerySpace : uid = <gen:8> -> org.hibernate.loader.plan.build.internal.spaces.EntityQuerySpaceImpl@6d691769]
13:23:07.198 [Test worker] DEBUG o.h.p.w.spi.MetamodelGraphWalker - Visiting attribute path : dependent_virtual_link.vnffgr_reference.audit_log
13:23:07.198 [Test worker] DEBUG o.h.p.w.spi.MetamodelGraphWalker - Visiting attribute path : dependent_virtual_link.vnffgr_reference.connection_point
13:23:07.198 [Test worker] DEBUG o.h.p.w.spi.MetamodelGraphWalker - Property path deemed to be circular : dependent_virtual_link.vnffgr_reference.connection_point
13:23:07.198 [Test worker] DEBUG o.h.p.w.spi.MetamodelGraphWalker - Visiting attribute path : dependent_virtual_link.vnffgr_reference.dependent_virtual_link
13:23:07.199 [Test worker] DEBUG o.h.p.w.spi.MetamodelGraphWalker - Property path deemed to be circular : dependent_virtual_link.vnffgr_reference.dependent_virtual_link
13:23:07.199 [Test worker] DEBUG o.h.p.w.spi.MetamodelGraphWalker - Visiting attribute path : dependent_virtual_link.vnffgr_reference.descriptor_reference
13:23:07.199 [Test worker] DEBUG o.h.l.p.b.i.spaces.QuerySpacesImpl - Adding QuerySpace : uid = <gen:9> -> org.hibernate.loader.plan.build.internal.spaces.EntityQuerySpaceImpl@488a358e]
13:23:07.199 [Test worker] DEBUG o.h.p.w.spi.MetamodelGraphWalker - Visiting attribute path : dependent_virtual_link.vnffgr_reference.lifecycle_event_history
13:23:07.199 [Test worker] DEBUG o.h.l.p.b.i.spaces.QuerySpacesImpl - Adding QuerySpace : uid = <gen:10> -> org.hibernate.loader.plan.build.internal.spaces.CollectionQuerySpaceImpl@69c222d6]
13:23:07.199 [Test worker] DEBUG o.h.l.p.b.i.spaces.QuerySpacesImpl - Adding QuerySpace : uid = <gen:11> -> org.hibernate.loader.plan.build.internal.spaces.EntityQuerySpaceImpl@487d45d8]
13:23:07.199 [Test worker] DEBUG o.h.p.w.spi.MetamodelGraphWalker - Visiting attribute path : dependent_virtual_link.vnffgr_reference.member_vnfs
13:23:07.199 [Test worker] DEBUG o.h.l.p.b.i.spaces.QuerySpacesImpl - Adding QuerySpace : uid = <gen:12> -> org.hibernate.loader.plan.build.internal.spaces.CollectionQuerySpaceImpl@18748d16]
13:23:07.199 [Test worker] DEBUG o.h.l.p.b.i.spaces.QuerySpacesImpl - Adding QuerySpace : uid = <gen:13> -> org.hibernate.loader.plan.build.internal.spaces.EntityQuerySpaceImpl@bdaabe5]
13:23:07.199 [Test worker] DEBUG o.h.p.w.spi.MetamodelGraphWalker - Visiting attribute path : dependent_virtual_link.vnffgr_reference.network_forwarding_path
13:23:07.199 [Test worker] DEBUG o.h.l.p.b.i.spaces.QuerySpacesImpl - Adding QuerySpace : uid = <gen:14> -> org.hibernate.loader.plan.build.internal.spaces.EntityQuerySpaceImpl@414b4d77]
13:23:07.200 [Test worker] DEBUG o.h.p.w.spi.MetamodelGraphWalker - Visiting attribute path : dependent_virtual_link.vnffgr_reference.notification
13:23:07.200 [Test worker] DEBUG o.h.p.w.spi.MetamodelGraphWalker - Visiting attribute path : dependent_virtual_link.vnffgr_reference.number_of_endpoints
13:23:07.200 [Test worker] DEBUG o.h.p.w.spi.MetamodelGraphWalker - Visiting attribute path : dependent_virtual_link.vnffgr_reference.number_of_pnfs
13:23:07.200 [Test worker] DEBUG o.h.p.w.spi.MetamodelGraphWalker - Visiting attribute path : dependent_virtual_link.vnffgr_reference.number_of_virtual_links
13:23:07.200 [Test worker] DEBUG o.h.p.w.spi.MetamodelGraphWalker - Visiting attribute path : dependent_virtual_link.vnffgr_reference.number_of_vnfs
13:23:07.200 [Test worker] DEBUG o.h.p.w.spi.MetamodelGraphWalker - Visiting attribute path : dependent_virtual_link.vnffgr_reference.parent_ns
13:23:07.200 [Test worker] DEBUG o.h.l.p.b.i.spaces.QuerySpacesImpl - Adding QuerySpace : uid = <gen:15> -> org.hibernate.loader.plan.build.internal.spaces.EntityQuerySpaceImpl@36cae11e]
13:23:07.200 [Test worker] DEBUG o.h.p.w.spi.MetamodelGraphWalker - Visiting attribute path : dependent_virtual_link.vnffgr_reference.status
13:23:07.200 [Test worker] DEBUG o.h.p.w.spi.MetamodelGraphWalker - Visiting attribute path : dependent_virtual_link.vnffgr_reference.vendor
13:23:07.200 [Test worker] DEBUG o.h.p.w.spi.MetamodelGraphWalker - Visiting attribute path : dependent_virtual_link.vnffgr_reference.version
13:23:07.200 [Test worker] DEBUG o.h.p.w.spi.MetamodelGraphWalker - Visiting attribute path : descriptor_reference
13:23:07.200 [Test worker] DEBUG o.h.l.p.b.i.spaces.QuerySpacesImpl - Adding QuerySpace : uid = <gen:16> -> org.hibernate.loader.plan.build.internal.spaces.EntityQuerySpaceImpl@418194ac]
13:23:07.200 [Test worker] DEBUG o.h.p.w.spi.MetamodelGraphWalker - Visiting attribute path : descriptor_reference.connection_point
13:23:07.200 [Test worker] DEBUG o.h.p.w.spi.MetamodelGraphWalker - Visiting attribute path : descriptor_reference.constituent_vnfs
13:23:07.200 [Test worker] DEBUG o.h.p.w.spi.MetamodelGraphWalker - Visiting attribute path : descriptor_reference.dependent_virtual_link
13:23:07.200 [Test worker] DEBUG o.h.p.w.spi.MetamodelGraphWalker - Visiting attribute path : descriptor_reference.descriptor_version
13:23:07.200 [Test worker] DEBUG o.h.p.w.spi.MetamodelGraphWalker - Visiting attribute path : descriptor_reference.hb_version
13:23:07.200 [Test worker] DEBUG o.h.p.w.spi.MetamodelGraphWalker - Visiting attribute path : descriptor_reference.network_forwarding_path
13:23:07.200 [Test worker] DEBUG o.h.p.w.spi.MetamodelGraphWalker - Visiting attribute path : descriptor_reference.number_of_endpoints
13:23:07.200 [Test worker] DEBUG o.h.p.w.spi.MetamodelGraphWalker - Visiting attribute path : descriptor_reference.number_of_virtual_links
13:23:07.200 [Test worker] DEBUG o.h.p.w.spi.MetamodelGraphWalker - Visiting attribute path : descriptor_reference.vendor
13:23:07.200 [Test worker] DEBUG o.h.p.w.spi.MetamodelGraphWalker - Visiting attribute path : descriptor_reference.version
13:23:07.200 [Test worker] DEBUG o.h.p.w.spi.MetamodelGraphWalker - Visiting attribute path : descriptor_reference.vnffgd_security
13:23:07.200 [Test worker] DEBUG o.h.l.p.b.i.spaces.QuerySpacesImpl - Adding QuerySpace : uid = <gen:17> -> org.hibernate.loader.plan.build.internal.spaces.EntityQuerySpaceImpl@1711c350]
13:23:07.200 [Test worker] DEBUG o.h.p.w.spi.MetamodelGraphWalker - Visiting attribute path : descriptor_reference.vnffgd_security.version
13:23:07.200 [Test worker] DEBUG o.h.p.w.spi.MetamodelGraphWalker - Visiting attribute path : lifecycle_event_history
13:23:07.201 [Test worker] DEBUG o.h.l.p.b.i.spaces.QuerySpacesImpl - Adding QuerySpace : uid = <gen:18> -> org.hibernate.loader.plan.build.internal.spaces.CollectionQuerySpaceImpl@5e1d30c]
13:23:07.201 [Test worker] DEBUG o.h.l.p.b.i.spaces.QuerySpacesImpl - Adding QuerySpace : uid = <gen:19> -> org.hibernate.loader.plan.build.internal.spaces.EntityQuerySpaceImpl@2ce6bbd8]
13:23:07.201 [Test worker] DEBUG o.h.p.w.spi.MetamodelGraphWalker - Visiting attribute path : lifecycle_event_history.lifecycle_events
13:23:07.201 [Test worker] DEBUG o.h.p.w.spi.MetamodelGraphWalker - Visiting attribute path : lifecycle_event_history.version
13:23:07.201 [Test worker] DEBUG o.h.p.w.spi.MetamodelGraphWalker - Visiting attribute path : member_vnfs
13:23:07.201 [Test worker] DEBUG o.h.l.p.b.i.spaces.QuerySpacesImpl - Adding QuerySpace : uid = <gen:20> -> org.hibernate.loader.plan.build.internal.spaces.CollectionQuerySpaceImpl@7f1fd57c]
13:23:07.201 [Test worker] DEBUG o.h.l.p.b.i.spaces.QuerySpacesImpl - Adding QuerySpace : uid = <gen:21> -> org.hibernate.loader.plan.build.internal.spaces.EntityQuerySpaceImpl@2f90118]
13:23:07.201 [Test worker] DEBUG o.h.p.w.spi.MetamodelGraphWalker - Visiting attribute path : member_vnfs.audit_log
13:23:07.201 [Test worker] DEBUG o.h.p.w.spi.MetamodelGraphWalker - Visiting attribute path : member_vnfs.auto_scale_policy
13:23:07.201 [Test worker] DEBUG o.h.l.p.b.i.spaces.QuerySpacesImpl - Adding QuerySpace : uid = <gen:22> -> org.hibernate.loader.plan.build.internal.spaces.CollectionQuerySpaceImpl@1c35122d]
13:23:07.202 [Test worker] DEBUG o.h.l.p.b.i.spaces.QuerySpacesImpl - Adding QuerySpace : uid = <gen:23> -> org.hibernate.loader.plan.build.internal.spaces.EntityQuerySpaceImpl@603c56d2]
13:23:07.202 [Test worker] DEBUG o.h.p.w.spi.MetamodelGraphWalker - Visiting attribute path : member_vnfs.auto_scale_policy.version
13:23:07.202 [Test worker] DEBUG o.h.p.w.spi.MetamodelGraphWalker - Visiting attribute path : member_vnfs.connected_external_virtual_link
13:23:07.202 [Test worker] DEBUG o.h.l.p.b.i.spaces.QuerySpacesImpl - Adding QuerySpace : uid = <gen:24> -> org.hibernate.loader.plan.build.internal.spaces.CollectionQuerySpaceImpl@36500958]
13:23:07.202 [Test worker] DEBUG o.h.l.p.b.i.spaces.QuerySpacesImpl - Adding QuerySpace : uid = <gen:25> -> org.hibernate.loader.plan.build.internal.spaces.EntityQuerySpaceImpl@40958c43]
13:23:07.202 [Test worker] DEBUG o.h.p.w.spi.MetamodelGraphWalker - Visiting attribute path : member_vnfs.connected_external_virtual_link.allocated_capacity
13:23:07.202 [Test worker] DEBUG o.h.p.w.spi.MetamodelGraphWalker - Visiting attribute path : member_vnfs.connected_external_virtual_link.audit_log
13:23:07.202 [Test worker] DEBUG o.h.p.w.spi.MetamodelGraphWalker - Visiting attribute path : member_vnfs.connected_external_virtual_link.connection
13:23:07.202 [Test worker] DEBUG o.h.p.w.spi.MetamodelGraphWalker - Visiting attribute path : member_vnfs.connected_external_virtual_link.connectivity_type
13:23:07.202 [Test worker] DEBUG o.h.p.w.spi.MetamodelGraphWalker - Visiting attribute path : member_vnfs.connected_external_virtual_link.descriptor_reference
13:23:07.202 [Test worker] DEBUG o.h.p.w.spi.MetamodelGraphWalker - Visiting attribute path : member_vnfs.connected_external_virtual_link.leaf_requirement
13:23:07.202 [Test worker] DEBUG o.h.p.w.spi.MetamodelGraphWalker - Visiting attribute path : member_vnfs.connected_external_virtual_link.lifecycle_event_history
13:23:07.202 [Test worker] DEBUG o.h.p.w.spi.MetamodelGraphWalker - Property path deemed to be circular : member_vnfs.connected_external_virtual_link.lifecycle_event_history
13:23:07.202 [Test worker] DEBUG o.h.p.w.spi.MetamodelGraphWalker - Visiting attribute path : member_vnfs.connected_external_virtual_link.notification
13:23:07.202 [Test worker] DEBUG o.h.p.w.spi.MetamodelGraphWalker - Visiting attribute path : member_vnfs.connected_external_virtual_link.number_of_enpoints
13:23:07.202 [Test worker] DEBUG o.h.p.w.spi.MetamodelGraphWalker - Visiting attribute path : member_vnfs.connected_external_virtual_link.parent_ns
13:23:07.202 [Test worker] DEBUG o.h.p.w.spi.MetamodelGraphWalker - Visiting attribute path : member_vnfs.connected_external_virtual_link.qos
13:23:07.202 [Test worker] DEBUG o.h.p.w.spi.MetamodelGraphWalker - Visiting attribute path : member_vnfs.connected_external_virtual_link.root_requirement
13:23:07.202 [Test worker] DEBUG o.h.p.w.spi.MetamodelGraphWalker - Visiting attribute path : member_vnfs.connected_external_virtual_link.status
13:23:07.202 [Test worker] DEBUG o.h.p.w.spi.MetamodelGraphWalker - Visiting attribute path : member_vnfs.connected_external_virtual_link.test_access
13:23:07.202 [Test worker] DEBUG o.h.p.w.spi.MetamodelGraphWalker - Visiting attribute path : member_vnfs.connected_external_virtual_link.vendor
13:23:07.202 [Test worker] DEBUG o.h.p.w.spi.MetamodelGraphWalker - Visiting attribute path : member_vnfs.connected_external_virtual_link.version
13:23:07.202 [Test worker] DEBUG o.h.p.w.spi.MetamodelGraphWalker - Visiting attribute path : member_vnfs.connected_external_virtual_link.vim_id
13:23:07.202 [Test worker] DEBUG o.h.p.w.spi.MetamodelGraphWalker - Visiting attribute path : member_vnfs.connected_external_virtual_link.vnffgr_reference
13:23:07.202 [Test worker] DEBUG o.h.p.w.spi.MetamodelGraphWalker - Property path deemed to be circular : member_vnfs.connected_external_virtual_link.vnffgr_reference
13:23:07.202 [Test worker] DEBUG o.h.p.w.spi.MetamodelGraphWalker - Visiting attribute path : member_vnfs.connection_point
13:23:07.202 [Test worker] DEBUG o.h.l.p.b.i.spaces.QuerySpacesImpl - Adding QuerySpace : uid = <gen:26> -> org.hibernate.loader.plan.build.internal.spaces.CollectionQuerySpaceImpl@4db2bf02]
13:23:07.203 [Test worker] DEBUG o.h.l.p.b.i.spaces.QuerySpacesImpl - Adding QuerySpace : uid = <gen:27> -> org.hibernate.loader.plan.build.internal.spaces.EntityQuerySpaceImpl@121a4428]
13:23:07.203 [Test worker] DEBUG o.h.p.w.spi.MetamodelGraphWalker - Visiting attribute path : member_vnfs.connection_point.type
13:23:07.203 [Test worker] DEBUG o.h.p.w.spi.MetamodelGraphWalker - Visiting attribute path : member_vnfs.connection_point.version
13:23:07.203 [Test worker] DEBUG o.h.p.w.spi.MetamodelGraphWalker - Visiting attribute path : member_vnfs.connection_point.virtual_link_reference
13:23:07.203 [Test worker] DEBUG o.h.p.w.spi.MetamodelGraphWalker - Visiting attribute path : member_vnfs.dependency
13:23:07.203 [Test worker] DEBUG o.h.l.p.b.i.spaces.QuerySpacesImpl - Adding QuerySpace : uid = <gen:28> -> org.hibernate.loader.plan.build.internal.spaces.CollectionQuerySpaceImpl@44545305]
13:23:07.203 [Test worker] DEBUG o.h.l.p.b.i.spaces.QuerySpacesImpl - Adding QuerySpace : uid = <gen:29> -> org.hibernate.loader.plan.build.internal.spaces.EntityQuerySpaceImpl@7c16904e]
13:23:07.203 [Test worker] DEBUG o.h.p.w.spi.MetamodelGraphWalker - Visiting attribute path : member_vnfs.dependency.source
13:23:07.203 [Test worker] DEBUG o.h.l.p.b.i.spaces.QuerySpacesImpl - Adding QuerySpace : uid = <gen:30> -> org.hibernate.loader.plan.build.internal.spaces.EntityQuerySpaceImpl@1d99b62c]
13:23:07.203 [Test worker] DEBUG o.h.p.w.spi.MetamodelGraphWalker - Visiting attribute path : member_vnfs.dependency.target
13:23:07.203 [Test worker] DEBUG o.h.l.p.b.i.spaces.QuerySpacesImpl - Adding QuerySpace : uid = <gen:31> -> org.hibernate.loader.plan.build.internal.spaces.EntityQuerySpaceImpl@568711e2]
13:23:07.203 [Test worker] DEBUG o.h.p.w.spi.MetamodelGraphWalker - Visiting attribute path : member_vnfs.dependency.version
13:23:07.203 [Test worker] DEBUG o.h.p.w.spi.MetamodelGraphWalker - Visiting attribute path : member_vnfs.deployment_flavour
13:23:07.203 [Test worker] DEBUG o.h.l.p.b.i.spaces.QuerySpacesImpl - Adding QuerySpace : uid = <gen:32> -> org.hibernate.loader.plan.build.internal.spaces.EntityQuerySpaceImpl@3da738cf]
13:23:07.203 [Test worker] DEBUG o.h.p.w.spi.MetamodelGraphWalker - Visiting attribute path : member_vnfs.deployment_flavour.flavour_key
13:23:07.204 [Test worker] DEBUG o.h.p.w.spi.MetamodelGraphWalker - Visiting attribute path : member_vnfs.deployment_flavour.version
13:23:07.204 [Test worker] DEBUG o.h.p.w.spi.MetamodelGraphWalker - Visiting attribute path : member_vnfs.deployment_flavour.costituent_vdu
13:23:07.204 [Test worker] DEBUG o.h.p.w.spi.MetamodelGraphWalker - Visiting attribute path : member_vnfs.deployment_flavour.df_constraint
13:23:07.204 [Test worker] DEBUG o.h.l.p.b.i.spaces.QuerySpacesImpl - Adding QuerySpace : uid = <gen:33> -> org.hibernate.loader.plan.build.internal.spaces.CollectionQuerySpaceImpl@627177ef]
13:23:07.204 [Test worker] DEBUG o.h.p.w.spi.MetamodelGraphWalker - Visiting attribute path : member_vnfs.descriptor_reference
13:23:07.204 [Test worker] DEBUG o.h.p.w.spi.MetamodelGraphWalker - Visiting attribute path : member_vnfs.lifecycle_event
13:23:07.204 [Test worker] DEBUG o.h.l.p.b.i.spaces.QuerySpacesImpl - Adding QuerySpace : uid = <gen:34> -> org.hibernate.loader.plan.build.internal.spaces.EntityQuerySpaceImpl@7791e67]
13:23:07.204 [Test worker] DEBUG o.h.p.w.spi.MetamodelGraphWalker - Visiting attribute path : member_vnfs.lifecycle_event.lifecycle_events
13:23:07.204 [Test worker] DEBUG o.h.p.w.spi.MetamodelGraphWalker - Visiting attribute path : member_vnfs.lifecycle_event.version
13:23:07.204 [Test worker] DEBUG o.h.p.w.spi.MetamodelGraphWalker - Visiting attribute path : member_vnfs.lifecycle_event_history
13:23:07.204 [Test worker] DEBUG o.h.l.p.b.i.spaces.QuerySpacesImpl - Adding QuerySpace : uid = <gen:35> -> org.hibernate.loader.plan.build.internal.spaces.CollectionQuerySpaceImpl@54fe9ab3]
13:23:07.204 [Test worker] DEBUG o.h.l.p.b.i.spaces.QuerySpacesImpl - Adding QuerySpace : uid = <gen:36> -> org.hibernate.loader.plan.build.internal.spaces.EntityQuerySpaceImpl@175e895d]
13:23:07.204 [Test worker] DEBUG o.h.p.w.spi.MetamodelGraphWalker - Visiting attribute path : member_vnfs.lifecycle_event_history.lifecycle_events
13:23:07.204 [Test worker] DEBUG o.h.p.w.spi.MetamodelGraphWalker - Visiting attribute path : member_vnfs.lifecycle_event_history.version
13:23:07.204 [Test worker] DEBUG o.h.p.w.spi.MetamodelGraphWalker - Visiting attribute path : member_vnfs.localization
13:23:07.204 [Test worker] DEBUG o.h.p.w.spi.MetamodelGraphWalker - Visiting attribute path : member_vnfs.monitoring_parameter
13:23:07.204 [Test worker] DEBUG o.h.p.w.spi.MetamodelGraphWalker - Visiting attribute path : member_vnfs.notification
13:23:07.204 [Test worker] DEBUG o.h.p.w.spi.MetamodelGraphWalker - Visiting attribute path : member_vnfs.parent_ns
13:23:07.205 [Test worker] DEBUG o.h.l.p.b.i.spaces.QuerySpacesImpl - Adding QuerySpace : uid = <gen:37> -> org.hibernate.loader.plan.build.internal.spaces.EntityQuerySpaceImpl@76905b91]
13:23:07.205 [Test worker] DEBUG o.h.p.w.spi.MetamodelGraphWalker - Visiting attribute path : member_vnfs.parent_ns.audit_log
13:23:07.205 [Test worker] DEBUG o.h.p.w.spi.MetamodelGraphWalker - Visiting attribute path : member_vnfs.parent_ns.auto_scale_policy
13:23:07.205 [Test worker] DEBUG o.h.l.p.b.i.spaces.QuerySpacesImpl - Adding QuerySpace : uid = <gen:38> -> org.hibernate.loader.plan.build.internal.spaces.CollectionQuerySpaceImpl@7d7388e4]
13:23:07.205 [Test worker] DEBUG o.h.l.p.b.i.spaces.QuerySpacesImpl - Adding QuerySpace : uid = <gen:39> -> org.hibernate.loader.plan.build.internal.spaces.EntityQuerySpaceImpl@2c207114]
13:23:07.205 [Test worker] DEBUG o.h.p.w.spi.MetamodelGraphWalker - Visiting attribute path : member_vnfs.parent_ns.connection_point
13:23:07.205 [Test worker] DEBUG o.h.l.p.b.i.spaces.QuerySpacesImpl - Adding QuerySpace : uid = <gen:40> -> org.hibernate.loader.plan.build.internal.spaces.CollectionQuerySpaceImpl@5dfeeae]
13:23:07.205 [Test worker] DEBUG o.h.l.p.b.i.spaces.QuerySpacesImpl - Adding QuerySpace : uid = <gen:41> -> org.hibernate.loader.plan.build.internal.spaces.EntityQuerySpaceImpl@30aee485]
13:23:07.205 [Test worker] DEBUG o.h.p.w.spi.MetamodelGraphWalker - Visiting attribute path : member_vnfs.parent_ns.descriptor_reference
13:23:07.205 [Test worker] DEBUG o.h.l.p.b.i.spaces.QuerySpacesImpl - Adding QuerySpace : uid = <gen:42> -> org.hibernate.loader.plan.build.internal.spaces.EntityQuerySpaceImpl@2a1cf0bb]
13:23:07.205 [Test worker] DEBUG o.h.p.w.spi.MetamodelGraphWalker - Visiting attribute path : member_vnfs.parent_ns.lifecycle_event
13:23:07.206 [Test worker] DEBUG o.h.l.p.b.i.spaces.QuerySpacesImpl - Adding QuerySpace : uid = <gen:43> -> org.hibernate.loader.plan.build.internal.spaces.EntityQuerySpaceImpl@52009a96]
13:23:07.206 [Test worker] DEBUG o.h.p.w.spi.MetamodelGraphWalker - Visiting attribute path : member_vnfs.parent_ns.lifecycle_event_history
13:23:07.206 [Test worker] DEBUG o.h.l.p.b.i.spaces.QuerySpacesImpl - Adding QuerySpace : uid = <gen:44> -> org.hibernate.loader.plan.build.internal.spaces.CollectionQuerySpaceImpl@25a517e9]
13:23:07.206 [Test worker] DEBUG o.h.l.p.b.i.spaces.QuerySpacesImpl - Adding QuerySpace : uid = <gen:45> -> org.hibernate.loader.plan.build.internal.spaces.EntityQuerySpaceImpl@79c4d54d]
13:23:07.206 [Test worker] DEBUG o.h.p.w.spi.MetamodelGraphWalker - Visiting attribute path : member_vnfs.parent_ns.monitoring_parameter
13:23:07.206 [Test worker] DEBUG o.h.p.w.spi.MetamodelGraphWalker - Visiting attribute path : member_vnfs.parent_ns.notification
13:23:07.206 [Test worker] DEBUG o.h.p.w.spi.MetamodelGraphWalker - Visiting attribute path : member_vnfs.parent_ns.pnfr
13:23:07.206 [Test worker] DEBUG o.h.l.p.b.i.spaces.QuerySpacesImpl - Adding QuerySpace : uid = <gen:46> -> org.hibernate.loader.plan.build.internal.spaces.CollectionQuerySpaceImpl@698ff0af]
13:23:07.207 [Test worker] DEBUG o.h.l.p.b.i.spaces.QuerySpacesImpl - Adding QuerySpace : uid = <gen:47> -> org.hibernate.loader.plan.build.internal.spaces.EntityQuerySpaceImpl@6902a74d]
13:23:07.207 [Test worker] DEBUG o.h.p.w.spi.MetamodelGraphWalker - Visiting attribute path : member_vnfs.parent_ns.resource_reservation
13:23:07.207 [Test worker] DEBUG o.h.p.w.spi.MetamodelGraphWalker - Visiting attribute path : member_vnfs.parent_ns.runtime_policy_info
13:23:07.207 [Test worker] DEBUG o.h.p.w.spi.MetamodelGraphWalker - Visiting attribute path : member_vnfs.parent_ns.service_deployment_flavour
13:23:07.207 [Test worker] DEBUG o.h.l.p.b.i.spaces.QuerySpacesImpl - Adding QuerySpace : uid = <gen:48> -> org.hibernate.loader.plan.build.internal.spaces.EntityQuerySpaceImpl@2d35e617]
13:23:07.207 [Test worker] DEBUG o.h.p.w.spi.MetamodelGraphWalker - Visiting attribute path : member_vnfs.parent_ns.status
13:23:07.207 [Test worker] DEBUG o.h.p.w.spi.MetamodelGraphWalker - Visiting attribute path : member_vnfs.parent_ns.vendor
13:23:07.207 [Test worker] DEBUG o.h.p.w.spi.MetamodelGraphWalker - Visiting attribute path : member_vnfs.parent_ns.version
13:23:07.207 [Test worker] DEBUG o.h.p.w.spi.MetamodelGraphWalker - Visiting attribute path : member_vnfs.parent_ns.vlr
13:23:07.207 [Test worker] DEBUG o.h.l.p.b.i.spaces.QuerySpacesImpl - Adding QuerySpace : uid = <gen:49> -> org.hibernate.loader.plan.build.internal.spaces.CollectionQuerySpaceImpl@2d950731]
13:23:07.207 [Test worker] DEBUG o.h.l.p.b.i.spaces.QuerySpacesImpl - Adding QuerySpace : uid = <gen:50> -> org.hibernate.loader.plan.build.internal.spaces.EntityQuerySpaceImpl@130b3958]
13:23:07.207 [Test worker] DEBUG o.h.p.w.spi.MetamodelGraphWalker - Visiting attribute path : member_vnfs.parent_ns.vnf_dependency
13:23:07.207 [Test worker] DEBUG o.h.l.p.b.i.spaces.QuerySpacesImpl - Adding QuerySpace : uid = <gen:51> -> org.hibernate.loader.plan.build.internal.spaces.CollectionQuerySpaceImpl@45e1ca2c]
13:23:07.207 [Test worker] DEBUG o.h.l.p.b.i.spaces.QuerySpacesImpl - Adding QuerySpace : uid = <gen:52> -> org.hibernate.loader.plan.build.internal.spaces.EntityQuerySpaceImpl@6aa0328b]
13:23:07.207 [Test worker] DEBUG o.h.p.w.spi.MetamodelGraphWalker - Visiting attribute path : member_vnfs.parent_ns.vnffgr
13:23:07.207 [Test worker] DEBUG o.h.l.p.b.i.spaces.QuerySpacesImpl - Adding QuerySpace : uid = <gen:53> -> org.hibernate.loader.plan.build.internal.spaces.CollectionQuerySpaceImpl@3b567a5d]
13:23:07.207 [Test worker] DEBUG o.h.l.p.b.i.spaces.QuerySpacesImpl - Adding QuerySpace : uid = <gen:54> -> org.hibernate.loader.plan.build.internal.spaces.EntityQuerySpaceImpl@2a7b8e1a]
13:23:07.207 [Test worker] DEBUG o.h.p.w.spi.MetamodelGraphWalker - Visiting attribute path : member_vnfs.parent_ns.vnfr
13:23:07.208 [Test worker] DEBUG o.h.l.p.b.i.spaces.QuerySpacesImpl - Adding QuerySpace : uid = <gen:55> -> org.hibernate.loader.plan.build.internal.spaces.EntityQuerySpaceImpl@15ae62c0]
13:23:07.208 [Test worker] DEBUG o.h.p.w.spi.MetamodelGraphWalker - Visiting attribute path : member_vnfs.runtime_policy_info
13:23:07.208 [Test worker] DEBUG o.h.p.w.spi.MetamodelGraphWalker - Visiting attribute path : member_vnfs.status
13:23:07.208 [Test worker] DEBUG o.h.p.w.spi.MetamodelGraphWalker - Visiting attribute path : member_vnfs.vdu
13:23:07.208 [Test worker] DEBUG o.h.l.p.b.i.spaces.QuerySpacesImpl - Adding QuerySpace : uid = <gen:56> -> org.hibernate.loader.plan.build.internal.spaces.CollectionQuerySpaceImpl@6bd5365e]
13:23:07.208 [Test worker] DEBUG o.h.l.p.b.i.spaces.QuerySpacesImpl - Adding QuerySpace : uid = <gen:57> -> org.hibernate.loader.plan.build.internal.spaces.EntityQuerySpaceImpl@7ae48ca0]
13:23:07.208 [Test worker] DEBUG o.h.p.w.spi.MetamodelGraphWalker - Visiting attribute path : member_vnfs.vdu.computation_requirement
13:23:07.208 [Test worker] DEBUG o.h.p.w.spi.MetamodelGraphWalker - Visiting attribute path : member_vnfs.vdu.high_availability
13:23:07.208 [Test worker] DEBUG o.h.p.w.spi.MetamodelGraphWalker - Visiting attribute path : member_vnfs.vdu.lifecycle_event
13:23:07.208 [Test worker] DEBUG o.h.p.w.spi.MetamodelGraphWalker - Visiting attribute path : member_vnfs.vdu.monitoring_parameter
13:23:07.208 [Test worker] DEBUG o.h.l.p.b.i.spaces.QuerySpacesImpl - Adding QuerySpace : uid = <gen:58> -> org.hibernate.loader.plan.build.internal.spaces.CollectionQuerySpaceImpl@1d7275cd]
13:23:07.208 [Test worker] DEBUG o.h.p.w.spi.MetamodelGraphWalker - Visiting attribute path : member_vnfs.vdu.scale_in_out
13:23:07.208 [Test worker] DEBUG o.h.p.w.spi.MetamodelGraphWalker - Visiting attribute path : member_vnfs.vdu.vdu_constraint
13:23:07.208 [Test worker] DEBUG o.h.p.w.spi.MetamodelGraphWalker - Visiting attribute path : member_vnfs.vdu.version
13:23:07.208 [Test worker] DEBUG o.h.p.w.spi.MetamodelGraphWalker - Visiting attribute path : member_vnfs.vdu.virtual_memory_resource_element
13:23:07.208 [Test worker] DEBUG o.h.p.w.spi.MetamodelGraphWalker - Visiting attribute path : member_vnfs.vdu.virtual_network_bandwidth_resource
13:23:07.208 [Test worker] DEBUG o.h.p.w.spi.MetamodelGraphWalker - Visiting attribute path : member_vnfs.vdu.vm_image
13:23:07.208 [Test worker] DEBUG o.h.l.p.b.i.spaces.QuerySpacesImpl - Adding QuerySpace : uid = <gen:59> -> org.hibernate.loader.plan.build.internal.spaces.CollectionQuerySpaceImpl@4593f4d5]
13:23:07.208 [Test worker] DEBUG o.h.p.w.spi.MetamodelGraphWalker - Visiting attribute path : member_vnfs.vdu.vnfc
13:23:07.208 [Test worker] DEBUG o.h.p.w.spi.MetamodelGraphWalker - Visiting attribute path : member_vnfs.vendor
13:23:07.208 [Test worker] DEBUG o.h.p.w.spi.MetamodelGraphWalker - Visiting attribute path : member_vnfs.version
13:23:07.208 [Test worker] DEBUG o.h.p.w.spi.MetamodelGraphWalker - Visiting attribute path : member_vnfs.virtual_link
13:23:07.208 [Test worker] DEBUG o.h.l.p.b.i.spaces.QuerySpacesImpl - Adding QuerySpace : uid = <gen:60> -> org.hibernate.loader.plan.build.internal.spaces.CollectionQuerySpaceImpl@74aeefa2]
13:23:07.208 [Test worker] DEBUG o.h.l.p.b.i.spaces.QuerySpacesImpl - Adding QuerySpace : uid = <gen:61> -> org.hibernate.loader.plan.build.internal.spaces.EntityQuerySpaceImpl@8f6b087]
13:23:07.208 [Test worker] DEBUG o.h.p.w.spi.MetamodelGraphWalker - Visiting attribute path : member_vnfs.virtual_link.connectivity_type
13:23:07.208 [Test worker] DEBUG o.h.p.w.spi.MetamodelGraphWalker - Visiting attribute path : member_vnfs.virtual_link.leaf_requirement
13:23:07.208 [Test worker] DEBUG o.h.p.w.spi.MetamodelGraphWalker - Visiting attribute path : member_vnfs.virtual_link.qos
13:23:07.208 [Test worker] DEBUG o.h.p.w.spi.MetamodelGraphWalker - Visiting attribute path : member_vnfs.virtual_link.root_requirement
13:23:07.208 [Test worker] DEBUG o.h.p.w.spi.MetamodelGraphWalker - Visiting attribute path : member_vnfs.virtual_link.test_access
13:23:07.208 [Test worker] DEBUG o.h.p.w.spi.MetamodelGraphWalker - Visiting attribute path : member_vnfs.virtual_link.version
13:23:07.208 [Test worker] DEBUG o.h.p.w.spi.MetamodelGraphWalker - Visiting attribute path : member_vnfs.virtual_link.connection_points_references
13:23:07.208 [Test worker] DEBUG o.h.l.p.b.i.spaces.QuerySpacesImpl - Adding QuerySpace : uid = <gen:62> -> org.hibernate.loader.plan.build.internal.spaces.CollectionQuerySpaceImpl@2efd379f]
13:23:07.209 [Test worker] DEBUG o.h.p.w.spi.MetamodelGraphWalker - Visiting attribute path : member_vnfs.vnf_address
13:23:07.209 [Test worker] DEBUG o.h.p.w.spi.MetamodelGraphWalker - Visiting attribute path : member_vnfs.vnfm_id
13:23:07.209 [Test worker] DEBUG o.h.p.w.spi.MetamodelGraphWalker - Visiting attribute path : network_forwarding_path
13:23:07.209 [Test worker] DEBUG o.h.l.p.b.i.spaces.QuerySpacesImpl - Adding QuerySpace : uid = <gen:63> -> org.hibernate.loader.plan.build.internal.spaces.EntityQuerySpaceImpl@724ebfd2]
13:23:07.209 [Test worker] DEBUG o.h.p.w.spi.MetamodelGraphWalker - Visiting attribute path : network_forwarding_path.connection
13:23:07.209 [Test worker] DEBUG o.h.l.p.b.i.spaces.QuerySpacesImpl - Adding QuerySpace : uid = <gen:64> -> org.hibernate.loader.plan.build.internal.spaces.CollectionQuerySpaceImpl@7c2d50f7]
13:23:07.209 [Test worker] DEBUG o.h.p.w.spi.MetamodelGraphWalker - Visiting index for collection :  network_forwarding_path.connection
13:23:07.209 [Test worker] DEBUG o.h.p.w.spi.MetamodelGraphWalker - Visiting attribute path : network_forwarding_path.policy
13:23:07.209 [Test worker] DEBUG o.h.l.p.b.i.spaces.QuerySpacesImpl - Adding QuerySpace : uid = <gen:65> -> org.hibernate.loader.plan.build.internal.spaces.EntityQuerySpaceImpl@59d0ad97]
13:23:07.209 [Test worker] DEBUG o.h.p.w.spi.MetamodelGraphWalker - Visiting attribute path : network_forwarding_path.policy.version
13:23:07.209 [Test worker] DEBUG o.h.p.w.spi.MetamodelGraphWalker - Visiting attribute path : network_forwarding_path.version
13:23:07.209 [Test worker] DEBUG o.h.p.w.spi.MetamodelGraphWalker - Visiting attribute path : notification
13:23:07.209 [Test worker] DEBUG o.h.p.w.spi.MetamodelGraphWalker - Visiting attribute path : number_of_endpoints
13:23:07.209 [Test worker] DEBUG o.h.p.w.spi.MetamodelGraphWalker - Visiting attribute path : number_of_pnfs
13:23:07.209 [Test worker] DEBUG o.h.p.w.spi.MetamodelGraphWalker - Visiting attribute path : number_of_virtual_links
13:23:07.209 [Test worker] DEBUG o.h.p.w.spi.MetamodelGraphWalker - Visiting attribute path : number_of_vnfs
13:23:07.209 [Test worker] DEBUG o.h.p.w.spi.MetamodelGraphWalker - Visiting attribute path : parent_ns
13:23:07.210 [Test worker] DEBUG o.h.l.p.b.i.spaces.QuerySpacesImpl - Adding QuerySpace : uid = <gen:66> -> org.hibernate.loader.plan.build.internal.spaces.EntityQuerySpaceImpl@6cd20917]
13:23:07.210 [Test worker] DEBUG o.h.p.w.spi.MetamodelGraphWalker - Visiting attribute path : parent_ns.audit_log
13:23:07.210 [Test worker] DEBUG o.h.p.w.spi.MetamodelGraphWalker - Visiting attribute path : parent_ns.auto_scale_policy
13:23:07.210 [Test worker] DEBUG o.h.l.p.b.i.spaces.QuerySpacesImpl - Adding QuerySpace : uid = <gen:67> -> org.hibernate.loader.plan.build.internal.spaces.CollectionQuerySpaceImpl@1f54270d]
13:23:07.210 [Test worker] DEBUG o.h.l.p.b.i.spaces.QuerySpacesImpl - Adding QuerySpace : uid = <gen:68> -> org.hibernate.loader.plan.build.internal.spaces.EntityQuerySpaceImpl@4dcfd68c]
13:23:07.210 [Test worker] DEBUG o.h.p.w.spi.MetamodelGraphWalker - Visiting attribute path : parent_ns.auto_scale_policy.version
13:23:07.210 [Test worker] DEBUG o.h.p.w.spi.MetamodelGraphWalker - Visiting attribute path : parent_ns.connection_point
13:23:07.210 [Test worker] DEBUG o.h.l.p.b.i.spaces.QuerySpacesImpl - Adding QuerySpace : uid = <gen:69> -> org.hibernate.loader.plan.build.internal.spaces.CollectionQuerySpaceImpl@323275cd]
13:23:07.210 [Test worker] DEBUG o.h.l.p.b.i.spaces.QuerySpacesImpl - Adding QuerySpace : uid = <gen:70> -> org.hibernate.loader.plan.build.internal.spaces.EntityQuerySpaceImpl@ed3ff7a]
13:23:07.210 [Test worker] DEBUG o.h.p.w.spi.MetamodelGraphWalker - Visiting attribute path : parent_ns.connection_point.type
13:23:07.210 [Test worker] DEBUG o.h.p.w.spi.MetamodelGraphWalker - Visiting attribute path : parent_ns.connection_point.version
13:23:07.210 [Test worker] DEBUG o.h.p.w.spi.MetamodelGraphWalker - Visiting attribute path : parent_ns.connection_point.virtual_link_reference
13:23:07.210 [Test worker] DEBUG o.h.p.w.spi.MetamodelGraphWalker - Visiting attribute path : parent_ns.descriptor_reference
13:23:07.210 [Test worker] DEBUG o.h.l.p.b.i.spaces.QuerySpacesImpl - Adding QuerySpace : uid = <gen:71> -> org.hibernate.loader.plan.build.internal.spaces.EntityQuerySpaceImpl@6cc3cd22]
13:23:07.210 [Test worker] DEBUG o.h.p.w.spi.MetamodelGraphWalker - Visiting attribute path : parent_ns.descriptor_reference.auto_scale_policy
13:23:07.210 [Test worker] DEBUG o.h.p.w.spi.MetamodelGraphWalker - Visiting attribute path : parent_ns.descriptor_reference.connection_point
13:23:07.210 [Test worker] DEBUG o.h.p.w.spi.MetamodelGraphWalker - Visiting attribute path : parent_ns.descriptor_reference.hb_version
13:23:07.210 [Test worker] DEBUG o.h.p.w.spi.MetamodelGraphWalker - Visiting attribute path : parent_ns.descriptor_reference.lifecycle_event
13:23:07.210 [Test worker] DEBUG o.h.p.w.spi.MetamodelGraphWalker - Visiting attribute path : parent_ns.descriptor_reference.monitoring_parameter
13:23:07.211 [Test worker] DEBUG o.h.l.p.b.i.spaces.QuerySpacesImpl - Adding QuerySpace : uid = <gen:72> -> org.hibernate.loader.plan.build.internal.spaces.CollectionQuerySpaceImpl@69885416]
13:23:07.211 [Test worker] DEBUG o.h.p.w.spi.MetamodelGraphWalker - Visiting attribute path : parent_ns.descriptor_reference.service_deployment_flavour
13:23:07.211 [Test worker] DEBUG o.h.p.w.spi.MetamodelGraphWalker - Visiting attribute path : parent_ns.descriptor_reference.vendor
13:23:07.211 [Test worker] DEBUG o.h.p.w.spi.MetamodelGraphWalker - Visiting attribute path : parent_ns.descriptor_reference.version
13:23:07.211 [Test worker] DEBUG o.h.p.w.spi.MetamodelGraphWalker - Visiting attribute path : parent_ns.descriptor_reference.vld
13:23:07.211 [Test worker] DEBUG o.h.p.w.spi.MetamodelGraphWalker - Visiting attribute path : parent_ns.descriptor_reference.vnffgd
13:23:07.211 [Test worker] DEBUG o.h.p.w.spi.MetamodelGraphWalker - Visiting attribute path : parent_ns.descriptor_reference.deployment_flavour
13:23:07.211 [Test worker] DEBUG o.h.l.p.b.i.spaces.QuerySpacesImpl - Adding QuerySpace : uid = <gen:73> -> org.hibernate.loader.plan.build.internal.spaces.CollectionQuerySpaceImpl@7548a67a]
13:23:07.211 [Test worker] DEBUG o.h.l.p.b.i.spaces.QuerySpacesImpl - Adding QuerySpace : uid = <gen:74> -> org.hibernate.loader.plan.build.internal.spaces.EntityQuerySpaceImpl@74a9cfbd]
13:23:07.211 [Test worker] DEBUG o.h.p.w.spi.MetamodelGraphWalker - Visiting attribute path : parent_ns.descriptor_reference.descriptor_version
13:23:07.211 [Test worker] DEBUG o.h.p.w.spi.MetamodelGraphWalker - Visiting attribute path : parent_ns.descriptor_reference.manifest_file
13:23:07.211 [Test worker] DEBUG o.h.p.w.spi.MetamodelGraphWalker - Visiting attribute path : parent_ns.descriptor_reference.manifest_file_security
13:23:07.211 [Test worker] DEBUG o.h.p.w.spi.MetamodelGraphWalker - Visiting attribute path : parent_ns.descriptor_reference.vdu
13:23:07.211 [Test worker] DEBUG o.h.p.w.spi.MetamodelGraphWalker - Visiting attribute path : parent_ns.descriptor_reference.vdu_dependency
13:23:07.211 [Test worker] DEBUG o.h.p.w.spi.MetamodelGraphWalker - Visiting attribute path : parent_ns.descriptor_reference.virtual_link
13:23:07.211 [Test worker] DEBUG o.h.p.w.spi.MetamodelGraphWalker - Visiting attribute path : parent_ns.descriptor_reference.nsd_security
13:23:07.211 [Test worker] DEBUG o.h.l.p.b.i.spaces.QuerySpacesImpl - Adding QuerySpace : uid = <gen:75> -> org.hibernate.loader.plan.build.internal.spaces.EntityQuerySpaceImpl@3885bd21]
13:23:07.211 [Test worker] DEBUG o.h.p.w.spi.MetamodelGraphWalker - Visiting attribute path : parent_ns.descriptor_reference.pnfd
13:23:07.211 [Test worker] DEBUG o.h.p.w.spi.MetamodelGraphWalker - Visiting attribute path : parent_ns.descriptor_reference.vnf_dependency
13:23:07.211 [Test worker] DEBUG o.h.l.p.b.i.spaces.QuerySpacesImpl - Adding QuerySpace : uid = <gen:76> -> org.hibernate.loader.plan.build.internal.spaces.CollectionQuerySpaceImpl@5443de84]
13:23:07.211 [Test worker] DEBUG o.h.l.p.b.i.spaces.QuerySpacesImpl - Adding QuerySpace : uid = <gen:77> -> org.hibernate.loader.plan.build.internal.spaces.EntityQuerySpaceImpl@33c5d754]
13:23:07.211 [Test worker] DEBUG o.h.p.w.spi.MetamodelGraphWalker - Visiting attribute path : parent_ns.descriptor_reference.vnfd
13:23:07.211 [Test worker] DEBUG o.h.l.p.b.i.spaces.QuerySpacesImpl - Adding QuerySpace : uid = <gen:78> -> org.hibernate.loader.plan.build.internal.spaces.CollectionQuerySpaceImpl@1bbe65a]
13:23:07.211 [Test worker] DEBUG o.h.l.p.b.i.spaces.QuerySpacesImpl - Adding QuerySpace : uid = <gen:79> -> org.hibernate.loader.plan.build.internal.spaces.EntityQuerySpaceImpl@57101f99]
13:23:07.211 [Test worker] DEBUG o.h.p.w.spi.MetamodelGraphWalker - Visiting attribute path : parent_ns.lifecycle_event
13:23:07.211 [Test worker] DEBUG o.h.l.p.b.i.spaces.QuerySpacesImpl - Adding QuerySpace : uid = <gen:80> -> org.hibernate.loader.plan.build.internal.spaces.EntityQuerySpaceImpl@638aa276]
13:23:07.211 [Test worker] DEBUG o.h.p.w.spi.MetamodelGraphWalker - Visiting attribute path : parent_ns.lifecycle_event.lifecycle_events
13:23:07.211 [Test worker] DEBUG o.h.p.w.spi.MetamodelGraphWalker - Visiting attribute path : parent_ns.lifecycle_event.version
13:23:07.211 [Test worker] DEBUG o.h.p.w.spi.MetamodelGraphWalker - Visiting attribute path : parent_ns.lifecycle_event_history
13:23:07.212 [Test worker] DEBUG o.h.l.p.b.i.spaces.QuerySpacesImpl - Adding QuerySpace : uid = <gen:81> -> org.hibernate.loader.plan.build.internal.spaces.CollectionQuerySpaceImpl@5a0d9b02]
13:23:07.212 [Test worker] DEBUG o.h.l.p.b.i.spaces.QuerySpacesImpl - Adding QuerySpace : uid = <gen:82> -> org.hibernate.loader.plan.build.internal.spaces.EntityQuerySpaceImpl@333bce7e]
13:23:07.212 [Test worker] DEBUG o.h.p.w.spi.MetamodelGraphWalker - Visiting attribute path : parent_ns.lifecycle_event_history.lifecycle_events
13:23:07.212 [Test worker] DEBUG o.h.p.w.spi.MetamodelGraphWalker - Visiting attribute path : parent_ns.lifecycle_event_history.version
13:23:07.212 [Test worker] DEBUG o.h.p.w.spi.MetamodelGraphWalker - Visiting attribute path : parent_ns.monitoring_parameter
13:23:07.212 [Test worker] DEBUG o.h.p.w.spi.MetamodelGraphWalker - Visiting attribute path : parent_ns.notification
13:23:07.212 [Test worker] DEBUG o.h.p.w.spi.MetamodelGraphWalker - Visiting attribute path : parent_ns.pnfr
13:23:07.212 [Test worker] DEBUG o.h.l.p.b.i.spaces.QuerySpacesImpl - Adding QuerySpace : uid = <gen:83> -> org.hibernate.loader.plan.build.internal.spaces.CollectionQuerySpaceImpl@1f37105d]
13:23:07.212 [Test worker] DEBUG o.h.l.p.b.i.spaces.QuerySpacesImpl - Adding QuerySpace : uid = <gen:84> -> org.hibernate.loader.plan.build.internal.spaces.EntityQuerySpaceImpl@581359ad]
13:23:07.212 [Test worker] DEBUG o.h.p.w.spi.MetamodelGraphWalker - Visiting attribute path : parent_ns.pnfr.connected_virtual_link
13:23:07.212 [Test worker] DEBUG o.h.l.p.b.i.spaces.QuerySpacesImpl - Adding QuerySpace : uid = <gen:85> -> org.hibernate.loader.plan.build.internal.spaces.CollectionQuerySpaceImpl@65df2580]
13:23:07.212 [Test worker] DEBUG o.h.l.p.b.i.spaces.QuerySpacesImpl - Adding QuerySpace : uid = <gen:86> -> org.hibernate.loader.plan.build.internal.spaces.EntityQuerySpaceImpl@1d172ac0]
13:23:07.212 [Test worker] DEBUG o.h.p.w.spi.MetamodelGraphWalker - Visiting attribute path : parent_ns.pnfr.connection_point
13:23:07.212 [Test worker] DEBUG o.h.l.p.b.i.spaces.QuerySpacesImpl - Adding QuerySpace : uid = <gen:87> -> org.hibernate.loader.plan.build.internal.spaces.CollectionQuerySpaceImpl@5bf7b22b]
13:23:07.212 [Test worker] DEBUG o.h.l.p.b.i.spaces.QuerySpacesImpl - Adding QuerySpace : uid = <gen:88> -> org.hibernate.loader.plan.build.internal.spaces.EntityQuerySpaceImpl@62d25438]
13:23:07.212 [Test worker] DEBUG o.h.p.w.spi.MetamodelGraphWalker - Visiting attribute path : parent_ns.pnfr.description
13:23:07.212 [Test worker] DEBUG o.h.p.w.spi.MetamodelGraphWalker - Visiting attribute path : parent_ns.pnfr.descriptor_reference
13:23:07.213 [Test worker] DEBUG o.h.l.p.b.i.spaces.QuerySpacesImpl - Adding QuerySpace : uid = <gen:89> -> org.hibernate.loader.plan.build.internal.spaces.EntityQuerySpaceImpl@5e975b37]
13:23:07.213 [Test worker] DEBUG o.h.p.w.spi.MetamodelGraphWalker - Visiting attribute path : parent_ns.pnfr.oam_reference
13:23:07.213 [Test worker] DEBUG o.h.p.w.spi.MetamodelGraphWalker - Visiting attribute path : parent_ns.pnfr.parent_ns
13:23:07.213 [Test worker] DEBUG o.h.l.p.b.i.spaces.QuerySpacesImpl - Adding QuerySpace : uid = <gen:90> -> org.hibernate.loader.plan.build.internal.spaces.EntityQuerySpaceImpl@22e5a865]
13:23:07.213 [Test worker] DEBUG o.h.p.w.spi.MetamodelGraphWalker - Visiting attribute path : parent_ns.pnfr.pnf_address
13:23:07.213 [Test worker] DEBUG o.h.p.w.spi.MetamodelGraphWalker - Visiting attribute path : parent_ns.pnfr.vendor
13:23:07.213 [Test worker] DEBUG o.h.p.w.spi.MetamodelGraphWalker - Visiting attribute path : parent_ns.pnfr.version
13:23:07.213 [Test worker] DEBUG o.h.p.w.spi.MetamodelGraphWalker - Visiting attribute path : parent_ns.pnfr.vnffgr
13:23:07.213 [Test worker] DEBUG o.h.l.p.b.i.spaces.QuerySpacesImpl - Adding QuerySpace : uid = <gen:91> -> org.hibernate.loader.plan.build.internal.spaces.CollectionQuerySpaceImpl@139290c9]
13:23:07.213 [Test worker] DEBUG o.h.l.p.b.i.spaces.QuerySpacesImpl - Adding QuerySpace : uid = <gen:92> -> org.hibernate.loader.plan.build.internal.spaces.EntityQuerySpaceImpl@7b5f8628]
13:23:07.213 [Test worker] DEBUG o.h.p.w.spi.MetamodelGraphWalker - Visiting attribute path : parent_ns.resource_reservation
13:23:07.213 [Test worker] DEBUG o.h.p.w.spi.MetamodelGraphWalker - Visiting attribute path : parent_ns.runtime_policy_info
13:23:07.213 [Test worker] DEBUG o.h.p.w.spi.MetamodelGraphWalker - Visiting attribute path : parent_ns.service_deployment_flavour
13:23:07.213 [Test worker] DEBUG o.h.l.p.b.i.spaces.QuerySpacesImpl - Adding QuerySpace : uid = <gen:93> -> org.hibernate.loader.plan.build.internal.spaces.EntityQuerySpaceImpl@3c60eb5f]
13:23:07.213 [Test worker] DEBUG o.h.p.w.spi.MetamodelGraphWalker - Visiting attribute path : parent_ns.service_deployment_flavour.flavour_key
13:23:07.213 [Test worker] DEBUG o.h.p.w.spi.MetamodelGraphWalker - Visiting attribute path : parent_ns.service_deployment_flavour.version
13:23:07.213 [Test worker] DEBUG o.h.p.w.spi.MetamodelGraphWalker - Visiting attribute path : parent_ns.service_deployment_flavour.constituent_vnf
13:23:07.214 [Test worker] DEBUG o.h.p.w.spi.MetamodelGraphWalker - Visiting attribute path : parent_ns.status
13:23:07.214 [Test worker] DEBUG o.h.p.w.spi.MetamodelGraphWalker - Visiting attribute path : parent_ns.vendor
13:23:07.214 [Test worker] DEBUG o.h.p.w.spi.MetamodelGraphWalker - Visiting attribute path : parent_ns.version
13:23:07.214 [Test worker] DEBUG o.h.p.w.spi.MetamodelGraphWalker - Visiting attribute path : parent_ns.vlr
13:23:07.214 [Test worker] DEBUG o.h.l.p.b.i.spaces.QuerySpacesImpl - Adding QuerySpace : uid = <gen:94> -> org.hibernate.loader.plan.build.internal.spaces.CollectionQuerySpaceImpl@5ec45b2]
13:23:07.214 [Test worker] DEBUG o.h.l.p.b.i.spaces.QuerySpacesImpl - Adding QuerySpace : uid = <gen:95> -> org.hibernate.loader.plan.build.internal.spaces.EntityQuerySpaceImpl@5ad3ac27]
13:23:07.214 [Test worker] DEBUG o.h.p.w.spi.MetamodelGraphWalker - Visiting attribute path : parent_ns.vlr.allocated_capacity
13:23:07.214 [Test worker] DEBUG o.h.p.w.spi.MetamodelGraphWalker - Visiting attribute path : parent_ns.vlr.audit_log
13:23:07.214 [Test worker] DEBUG o.h.p.w.spi.MetamodelGraphWalker - Visiting attribute path : parent_ns.vlr.connection
13:23:07.214 [Test worker] DEBUG o.h.p.w.spi.MetamodelGraphWalker - Visiting attribute path : parent_ns.vlr.connectivity_type
13:23:07.214 [Test worker] DEBUG o.h.p.w.spi.MetamodelGraphWalker - Visiting attribute path : parent_ns.vlr.descriptor_reference
13:23:07.214 [Test worker] DEBUG o.h.p.w.spi.MetamodelGraphWalker - Visiting attribute path : parent_ns.vlr.leaf_requirement
13:23:07.214 [Test worker] DEBUG o.h.p.w.spi.MetamodelGraphWalker - Visiting attribute path : parent_ns.vlr.lifecycle_event_history
13:23:07.214 [Test worker] DEBUG o.h.p.w.spi.MetamodelGraphWalker - Property path deemed to be circular : parent_ns.vlr.lifecycle_event_history
13:23:07.214 [Test worker] DEBUG o.h.p.w.spi.MetamodelGraphWalker - Visiting attribute path : parent_ns.vlr.notification
13:23:07.214 [Test worker] DEBUG o.h.p.w.spi.MetamodelGraphWalker - Visiting attribute path : parent_ns.vlr.number_of_enpoints
13:23:07.214 [Test worker] DEBUG o.h.p.w.spi.MetamodelGraphWalker - Visiting attribute path : parent_ns.vlr.parent_ns
13:23:07.214 [Test worker] DEBUG o.h.p.w.spi.MetamodelGraphWalker - Visiting attribute path : parent_ns.vlr.qos
13:23:07.214 [Test worker] DEBUG o.h.p.w.spi.MetamodelGraphWalker - Visiting attribute path : parent_ns.vlr.root_requirement
13:23:07.214 [Test worker] DEBUG o.h.p.w.spi.MetamodelGraphWalker - Visiting attribute path : parent_ns.vlr.status
13:23:07.214 [Test worker] DEBUG o.h.p.w.spi.MetamodelGraphWalker - Visiting attribute path : parent_ns.vlr.test_access
13:23:07.214 [Test worker] DEBUG o.h.p.w.spi.MetamodelGraphWalker - Visiting attribute path : parent_ns.vlr.vendor
13:23:07.214 [Test worker] DEBUG o.h.p.w.spi.MetamodelGraphWalker - Visiting attribute path : parent_ns.vlr.version
13:23:07.214 [Test worker] DEBUG o.h.p.w.spi.MetamodelGraphWalker - Visiting attribute path : parent_ns.vlr.vim_id
13:23:07.214 [Test worker] DEBUG o.h.p.w.spi.MetamodelGraphWalker - Visiting attribute path : parent_ns.vlr.vnffgr_reference
13:23:07.214 [Test worker] DEBUG o.h.p.w.spi.MetamodelGraphWalker - Property path deemed to be circular : parent_ns.vlr.vnffgr_reference
13:23:07.215 [Test worker] DEBUG o.h.p.w.spi.MetamodelGraphWalker - Visiting attribute path : parent_ns.vnf_dependency
13:23:07.215 [Test worker] DEBUG o.h.l.p.b.i.spaces.QuerySpacesImpl - Adding QuerySpace : uid = <gen:96> -> org.hibernate.loader.plan.build.internal.spaces.CollectionQuerySpaceImpl@29993773]
13:23:07.215 [Test worker] DEBUG o.h.l.p.b.i.spaces.QuerySpacesImpl - Adding QuerySpace : uid = <gen:97> -> org.hibernate.loader.plan.build.internal.spaces.EntityQuerySpaceImpl@a07745b]
13:23:07.215 [Test worker] DEBUG o.h.p.w.spi.MetamodelGraphWalker - Visiting attribute path : parent_ns.vnf_dependency.source
13:23:07.215 [Test worker] DEBUG o.h.l.p.b.i.spaces.QuerySpacesImpl - Adding QuerySpace : uid = <gen:98> -> org.hibernate.loader.plan.build.internal.spaces.EntityQuerySpaceImpl@571fc09a]
13:23:07.215 [Test worker] DEBUG o.h.p.w.spi.MetamodelGraphWalker - Visiting attribute path : parent_ns.vnf_dependency.target
13:23:07.215 [Test worker] DEBUG o.h.l.p.b.i.spaces.QuerySpacesImpl - Adding QuerySpace : uid = <gen:99> -> org.hibernate.loader.plan.build.internal.spaces.EntityQuerySpaceImpl@659deb25]
13:23:07.215 [Test worker] DEBUG o.h.p.w.spi.MetamodelGraphWalker - Visiting attribute path : parent_ns.vnf_dependency.version
13:23:07.215 [Test worker] DEBUG o.h.p.w.spi.MetamodelGraphWalker - Visiting attribute path : parent_ns.vnffgr
13:23:07.216 [Test worker] DEBUG o.h.l.p.b.i.spaces.QuerySpacesImpl - Adding QuerySpace : uid = <gen:100> -> org.hibernate.loader.plan.build.internal.spaces.CollectionQuerySpaceImpl@62b8fe41]
13:23:07.216 [Test worker] DEBUG o.h.l.p.b.i.spaces.QuerySpacesImpl - Adding QuerySpace : uid = <gen:101> -> org.hibernate.loader.plan.build.internal.spaces.EntityQuerySpaceImpl@5f3c9009]
13:23:07.216 [Test worker] DEBUG o.h.p.w.spi.MetamodelGraphWalker - Visiting attribute path : parent_ns.vnffgr.connection_point
13:23:07.216 [Test worker] DEBUG o.h.p.w.spi.MetamodelGraphWalker - Visiting attribute path : parent_ns.vnffgr.constituent_vnfs
13:23:07.216 [Test worker] DEBUG o.h.p.w.spi.MetamodelGraphWalker - Visiting attribute path : parent_ns.vnffgr.dependent_virtual_link
13:23:07.216 [Test worker] DEBUG o.h.p.w.spi.MetamodelGraphWalker - Visiting attribute path : parent_ns.vnffgr.descriptor_version
13:23:07.216 [Test worker] DEBUG o.h.p.w.spi.MetamodelGraphWalker - Visiting attribute path : parent_ns.vnffgr.hb_version
13:23:07.216 [Test worker] DEBUG o.h.p.w.spi.MetamodelGraphWalker - Visiting attribute path : parent_ns.vnffgr.network_forwarding_path
13:23:07.216 [Test worker] DEBUG o.h.p.w.spi.MetamodelGraphWalker - Visiting attribute path : parent_ns.vnffgr.number_of_endpoints
13:23:07.216 [Test worker] DEBUG o.h.p.w.spi.MetamodelGraphWalker - Visiting attribute path : parent_ns.vnffgr.number_of_virtual_links
13:23:07.216 [Test worker] DEBUG o.h.p.w.spi.MetamodelGraphWalker - Visiting attribute path : parent_ns.vnffgr.vendor
13:23:07.216 [Test worker] DEBUG o.h.p.w.spi.MetamodelGraphWalker - Visiting attribute path : parent_ns.vnffgr.version
13:23:07.216 [Test worker] DEBUG o.h.p.w.spi.MetamodelGraphWalker - Visiting attribute path : parent_ns.vnffgr.vnffgd_security
13:23:07.216 [Test worker] DEBUG o.h.p.w.spi.MetamodelGraphWalker - Property path deemed to be circular : parent_ns.vnffgr.vnffgd_security
13:23:07.216 [Test worker] DEBUG o.h.p.w.spi.MetamodelGraphWalker - Visiting attribute path : parent_ns.vnfr
13:23:07.216 [Test worker] DEBUG o.h.l.p.b.i.spaces.QuerySpacesImpl - Adding QuerySpace : uid = <gen:102> -> org.hibernate.loader.plan.build.internal.spaces.EntityQuerySpaceImpl@98138d9]
13:23:07.216 [Test worker] DEBUG o.h.p.w.spi.MetamodelGraphWalker - Visiting attribute path : parent_ns.vnfr.audit_log
13:23:07.216 [Test worker] DEBUG o.h.p.w.spi.MetamodelGraphWalker - Visiting attribute path : parent_ns.vnfr.auto_scale_policy
13:23:07.216 [Test worker] DEBUG o.h.p.w.spi.MetamodelGraphWalker - Property path deemed to be circular : parent_ns.vnfr.auto_scale_policy
13:23:07.216 [Test worker] DEBUG o.h.p.w.spi.MetamodelGraphWalker - Visiting attribute path : parent_ns.vnfr.connected_external_virtual_link
13:23:07.216 [Test worker] DEBUG o.h.p.w.spi.MetamodelGraphWalker - Property path deemed to be circular : parent_ns.vnfr.connected_external_virtual_link
13:23:07.216 [Test worker] DEBUG o.h.p.w.spi.MetamodelGraphWalker - Visiting attribute path : parent_ns.vnfr.connection_point
13:23:07.216 [Test worker] DEBUG o.h.p.w.spi.MetamodelGraphWalker - Property path deemed to be circular : parent_ns.vnfr.connection_point
13:23:07.216 [Test worker] DEBUG o.h.p.w.spi.MetamodelGraphWalker - Visiting attribute path : parent_ns.vnfr.dependency
13:23:07.216 [Test worker] DEBUG o.h.p.w.spi.MetamodelGraphWalker - Property path deemed to be circular : parent_ns.vnfr.dependency
13:23:07.216 [Test worker] DEBUG o.h.p.w.spi.MetamodelGraphWalker - Visiting attribute path : parent_ns.vnfr.deployment_flavour
13:23:07.216 [Test worker] DEBUG o.h.p.w.spi.MetamodelGraphWalker - Property path deemed to be circular : parent_ns.vnfr.deployment_flavour
13:23:07.216 [Test worker] DEBUG o.h.p.w.spi.MetamodelGraphWalker - Visiting attribute path : parent_ns.vnfr.descriptor_reference
13:23:07.216 [Test worker] DEBUG o.h.p.w.spi.MetamodelGraphWalker - Visiting attribute path : parent_ns.vnfr.lifecycle_event
13:23:07.217 [Test worker] DEBUG o.h.p.w.spi.MetamodelGraphWalker - Property path deemed to be circular : parent_ns.vnfr.lifecycle_event
13:23:07.217 [Test worker] DEBUG o.h.p.w.spi.MetamodelGraphWalker - Visiting attribute path : parent_ns.vnfr.lifecycle_event_history
13:23:07.217 [Test worker] DEBUG o.h.p.w.spi.MetamodelGraphWalker - Property path deemed to be circular : parent_ns.vnfr.lifecycle_event_history
13:23:07.217 [Test worker] DEBUG o.h.p.w.spi.MetamodelGraphWalker - Visiting attribute path : parent_ns.vnfr.localization
13:23:07.217 [Test worker] DEBUG o.h.p.w.spi.MetamodelGraphWalker - Visiting attribute path : parent_ns.vnfr.monitoring_parameter
13:23:07.217 [Test worker] DEBUG o.h.p.w.spi.MetamodelGraphWalker - Visiting attribute path : parent_ns.vnfr.notification
13:23:07.217 [Test worker] DEBUG o.h.p.w.spi.MetamodelGraphWalker - Visiting attribute path : parent_ns.vnfr.parent_ns
13:23:07.217 [Test worker] DEBUG o.h.p.w.spi.MetamodelGraphWalker - Property path deemed to be circular : parent_ns.vnfr.parent_ns
13:23:07.217 [Test worker] DEBUG o.h.p.w.spi.MetamodelGraphWalker - Visiting attribute path : parent_ns.vnfr.runtime_policy_info
13:23:07.217 [Test worker] DEBUG o.h.p.w.spi.MetamodelGraphWalker - Visiting attribute path : parent_ns.vnfr.status
13:23:07.217 [Test worker] DEBUG o.h.p.w.spi.MetamodelGraphWalker - Visiting attribute path : parent_ns.vnfr.vdu
13:23:07.217 [Test worker] DEBUG o.h.p.w.spi.MetamodelGraphWalker - Property path deemed to be circular : parent_ns.vnfr.vdu
13:23:07.217 [Test worker] DEBUG o.h.p.w.spi.MetamodelGraphWalker - Visiting attribute path : parent_ns.vnfr.vendor
13:23:07.217 [Test worker] DEBUG o.h.p.w.spi.MetamodelGraphWalker - Visiting attribute path : parent_ns.vnfr.version
13:23:07.217 [Test worker] DEBUG o.h.p.w.spi.MetamodelGraphWalker - Visiting attribute path : parent_ns.vnfr.virtual_link
13:23:07.217 [Test worker] DEBUG o.h.p.w.spi.MetamodelGraphWalker - Property path deemed to be circular : parent_ns.vnfr.virtual_link
13:23:07.217 [Test worker] DEBUG o.h.p.w.spi.MetamodelGraphWalker - Visiting attribute path : parent_ns.vnfr.vnf_address
13:23:07.217 [Test worker] DEBUG o.h.p.w.spi.MetamodelGraphWalker - Visiting attribute path : parent_ns.vnfr.vnfm_id
13:23:07.217 [Test worker] DEBUG o.h.p.w.spi.MetamodelGraphWalker - Visiting attribute path : status
13:23:07.217 [Test worker] DEBUG o.h.p.w.spi.MetamodelGraphWalker - Visiting attribute path : vendor
13:23:07.217 [Test worker] DEBUG o.h.p.w.spi.MetamodelGraphWalker - Visiting attribute path : version
13:23:07.217 [Test worker] DEBUG o.h.l.p.b.i.FetchStyleLoadPlanBuildingAssociationVisitationStrategy - Building LoadPlan...
13:23:07.217 [Test worker] DEBUG o.h.l.p.e.i.LoadQueryJoinAndFetchProcessor - processing queryspace <gen:0>
13:23:07.225 [Test worker] DEBUG o.h.l.p.b.spi.LoadPlanTreePrinter - LoadPlan(entity=org.project.neutrino.nfvo.catalogue.mano.record.VNFForwardingGraphRecord)
    - Returns
       - EntityReturnImpl(entity=org.project.neutrino.nfvo.catalogue.mano.record.VNFForwardingGraphRecord, querySpaceUid=<gen:0>, path=org.project.neutrino.nfvo.catalogue.mano.record.VNFForwardingGraphRecord)
          - CollectionAttributeFetchImpl(collection=org.project.neutrino.nfvo.catalogue.mano.record.VNFForwardingGraphRecord.connection_point, querySpaceUid=<gen:1>, path=org.project.neutrino.nfvo.catalogue.mano.record.VNFForwardingGraphRecord.connection_point)
             - (collection element) CollectionFetchableElementEntityGraph(entity=org.project.neutrino.nfvo.catalogue.mano.descriptor.VNFDConnectionPoint, querySpaceUid=<gen:2>, path=org.project.neutrino.nfvo.catalogue.mano.record.VNFForwardingGraphRecord.connection_point.<elements>)
          - CollectionAttributeFetchImpl(collection=org.project.neutrino.nfvo.catalogue.mano.record.VNFForwardingGraphRecord.dependent_virtual_link, querySpaceUid=<gen:3>, path=org.project.neutrino.nfvo.catalogue.mano.record.VNFForwardingGraphRecord.dependent_virtual_link)
             - (collection element) CollectionFetchableElementEntityGraph(entity=org.project.neutrino.nfvo.catalogue.mano.record.VirtualLinkRecord, querySpaceUid=<gen:4>, path=org.project.neutrino.nfvo.catalogue.mano.record.VNFForwardingGraphRecord.dependent_virtual_link.<elements>)
                - CollectionAttributeFetchImpl(collection=org.project.neutrino.nfvo.catalogue.mano.record.VirtualLinkRecord.lifecycle_event_history, querySpaceUid=<gen:5>, path=org.project.neutrino.nfvo.catalogue.mano.record.VNFForwardingGraphRecord.dependent_virtual_link.<elements>.lifecycle_event_history)
                   - (collection element) CollectionFetchableElementEntityGraph(entity=org.project.neutrino.nfvo.catalogue.mano.common.LifecycleEvent, querySpaceUid=<gen:6>, path=org.project.neutrino.nfvo.catalogue.mano.record.VNFForwardingGraphRecord.dependent_virtual_link.<elements>.lifecycle_event_history.<elements>)
                - CollectionAttributeFetchImpl(collection=org.project.neutrino.nfvo.catalogue.mano.record.VirtualLinkRecord.vnffgr_reference, querySpaceUid=<gen:7>, path=org.project.neutrino.nfvo.catalogue.mano.record.VNFForwardingGraphRecord.dependent_virtual_link.<elements>.vnffgr_reference)
                   - (collection element) CollectionFetchableElementEntityGraph(entity=org.project.neutrino.nfvo.catalogue.mano.record.VNFForwardingGraphRecord, querySpaceUid=<gen:8>, path=org.project.neutrino.nfvo.catalogue.mano.record.VNFForwardingGraphRecord.dependent_virtual_link.<elements>.vnffgr_reference.<elements>)
                      - EntityAttributeFetchImpl(entity=org.project.neutrino.nfvo.catalogue.mano.descriptor.VNFForwardingGraph, querySpaceUid=<gen:9>, path=org.project.neutrino.nfvo.catalogue.mano.record.VNFForwardingGraphRecord.dependent_virtual_link.<elements>.vnffgr_reference.<elements>.descriptor_reference)
                      - CollectionAttributeFetchImpl(collection=org.project.neutrino.nfvo.catalogue.mano.record.VNFForwardingGraphRecord.lifecycle_event_history, querySpaceUid=<gen:10>, path=org.project.neutrino.nfvo.catalogue.mano.record.VNFForwardingGraphRecord.dependent_virtual_link.<elements>.vnffgr_reference.<elements>.lifecycle_event_history)
                         - (collection element) CollectionFetchableElementEntityGraph(entity=org.project.neutrino.nfvo.catalogue.mano.common.LifecycleEvent, querySpaceUid=<gen:11>, path=org.project.neutrino.nfvo.catalogue.mano.record.VNFForwardingGraphRecord.dependent_virtual_link.<elements>.vnffgr_reference.<elements>.lifecycle_event_history.<elements>)
                      - CollectionAttributeFetchImpl(collection=org.project.neutrino.nfvo.catalogue.mano.record.VNFForwardingGraphRecord.member_vnfs, querySpaceUid=<gen:12>, path=org.project.neutrino.nfvo.catalogue.mano.record.VNFForwardingGraphRecord.dependent_virtual_link.<elements>.vnffgr_reference.<elements>.member_vnfs)
                         - (collection element) CollectionFetchableElementEntityGraph(entity=org.project.neutrino.nfvo.catalogue.mano.record.VirtualNetworkFunctionRecord, querySpaceUid=<gen:13>, path=org.project.neutrino.nfvo.catalogue.mano.record.VNFForwardingGraphRecord.dependent_virtual_link.<elements>.vnffgr_reference.<elements>.member_vnfs.<elements>)
                      - EntityAttributeFetchImpl(entity=org.project.neutrino.nfvo.catalogue.mano.descriptor.NetworkForwardingPath, querySpaceUid=<gen:14>, path=org.project.neutrino.nfvo.catalogue.mano.record.VNFForwardingGraphRecord.dependent_virtual_link.<elements>.vnffgr_reference.<elements>.network_forwarding_path)
                      - EntityAttributeFetchImpl(entity=org.project.neutrino.nfvo.catalogue.mano.record.NetworkServiceRecord, querySpaceUid=<gen:15>, path=org.project.neutrino.nfvo.catalogue.mano.record.VNFForwardingGraphRecord.dependent_virtual_link.<elements>.vnffgr_reference.<elements>.parent_ns)
          - EntityAttributeFetchImpl(entity=org.project.neutrino.nfvo.catalogue.mano.descriptor.VNFForwardingGraph, querySpaceUid=<gen:16>, path=org.project.neutrino.nfvo.catalogue.mano.record.VNFForwardingGraphRecord.descriptor_reference)
             - EntityAttributeFetchImpl(entity=org.project.neutrino.nfvo.catalogue.mano.common.Security, querySpaceUid=<gen:17>, path=org.project.neutrino.nfvo.catalogue.mano.record.VNFForwardingGraphRecord.descriptor_reference.vnffgd_security)
          - CollectionAttributeFetchImpl(collection=org.project.neutrino.nfvo.catalogue.mano.record.VNFForwardingGraphRecord.lifecycle_event_history, querySpaceUid=<gen:18>, path=org.project.neutrino.nfvo.catalogue.mano.record.VNFForwardingGraphRecord.lifecycle_event_history)
             - (collection element) CollectionFetchableElementEntityGraph(entity=org.project.neutrino.nfvo.catalogue.mano.common.LifecycleEvent, querySpaceUid=<gen:19>, path=org.project.neutrino.nfvo.catalogue.mano.record.VNFForwardingGraphRecord.lifecycle_event_history.<elements>)
          - CollectionAttributeFetchImpl(collection=org.project.neutrino.nfvo.catalogue.mano.record.VNFForwardingGraphRecord.member_vnfs, querySpaceUid=<gen:20>, path=org.project.neutrino.nfvo.catalogue.mano.record.VNFForwardingGraphRecord.member_vnfs)
             - (collection element) CollectionFetchableElementEntityGraph(entity=org.project.neutrino.nfvo.catalogue.mano.record.VirtualNetworkFunctionRecord, querySpaceUid=<gen:21>, path=org.project.neutrino.nfvo.catalogue.mano.record.VNFForwardingGraphRecord.member_vnfs.<elements>)
                - CollectionAttributeFetchImpl(collection=org.project.neutrino.nfvo.catalogue.mano.record.VirtualNetworkFunctionRecord.auto_scale_policy, querySpaceUid=<gen:22>, path=org.project.neutrino.nfvo.catalogue.mano.record.VNFForwardingGraphRecord.member_vnfs.<elements>.auto_scale_policy)
                   - (collection element) CollectionFetchableElementEntityGraph(entity=org.project.neutrino.nfvo.catalogue.mano.common.AutoScalePolicy, querySpaceUid=<gen:23>, path=org.project.neutrino.nfvo.catalogue.mano.record.VNFForwardingGraphRecord.member_vnfs.<elements>.auto_scale_policy.<elements>)
                - CollectionAttributeFetchImpl(collection=org.project.neutrino.nfvo.catalogue.mano.record.VirtualNetworkFunctionRecord.connected_external_virtual_link, querySpaceUid=<gen:24>, path=org.project.neutrino.nfvo.catalogue.mano.record.VNFForwardingGraphRecord.member_vnfs.<elements>.connected_external_virtual_link)
                   - (collection element) CollectionFetchableElementEntityGraph(entity=org.project.neutrino.nfvo.catalogue.mano.record.VirtualLinkRecord, querySpaceUid=<gen:25>, path=org.project.neutrino.nfvo.catalogue.mano.record.VNFForwardingGraphRecord.member_vnfs.<elements>.connected_external_virtual_link.<elements>)
                - CollectionAttributeFetchImpl(collection=org.project.neutrino.nfvo.catalogue.mano.record.VirtualNetworkFunctionRecord.connection_point, querySpaceUid=<gen:26>, path=org.project.neutrino.nfvo.catalogue.mano.record.VNFForwardingGraphRecord.member_vnfs.<elements>.connection_point)
                   - (collection element) CollectionFetchableElementEntityGraph(entity=org.project.neutrino.nfvo.catalogue.mano.common.ConnectionPoint, querySpaceUid=<gen:27>, path=org.project.neutrino.nfvo.catalogue.mano.record.VNFForwardingGraphRecord.member_vnfs.<elements>.connection_point.<elements>)
                - CollectionAttributeFetchImpl(collection=org.project.neutrino.nfvo.catalogue.mano.record.VirtualNetworkFunctionRecord.dependency, querySpaceUid=<gen:28>, path=org.project.neutrino.nfvo.catalogue.mano.record.VNFForwardingGraphRecord.member_vnfs.<elements>.dependency)
                   - (collection element) CollectionFetchableElementEntityGraph(entity=org.project.neutrino.nfvo.catalogue.mano.common.VNFDependency, querySpaceUid=<gen:29>, path=org.project.neutrino.nfvo.catalogue.mano.record.VNFForwardingGraphRecord.member_vnfs.<elements>.dependency.<elements>)
                      - EntityAttributeFetchImpl(entity=org.project.neutrino.nfvo.catalogue.mano.descriptor.VirtualNetworkFunctionDescriptor, querySpaceUid=<gen:30>, path=org.project.neutrino.nfvo.catalogue.mano.record.VNFForwardingGraphRecord.member_vnfs.<elements>.dependency.<elements>.source)
                      - EntityAttributeFetchImpl(entity=org.project.neutrino.nfvo.catalogue.mano.descriptor.VirtualNetworkFunctionDescriptor, querySpaceUid=<gen:31>, path=org.project.neutrino.nfvo.catalogue.mano.record.VNFForwardingGraphRecord.member_vnfs.<elements>.dependency.<elements>.target)
                - EntityAttributeFetchImpl(entity=org.project.neutrino.nfvo.catalogue.mano.descriptor.VNFDDeploymentFlavour, querySpaceUid=<gen:32>, path=org.project.neutrino.nfvo.catalogue.mano.record.VNFForwardingGraphRecord.member_vnfs.<elements>.deployment_flavour)
                   - CollectionAttributeFetchImpl(collection=org.project.neutrino.nfvo.catalogue.mano.descriptor.VNFDDeploymentFlavour.df_constraint, querySpaceUid=<gen:33>, path=org.project.neutrino.nfvo.catalogue.mano.record.VNFForwardingGraphRecord.member_vnfs.<elements>.deployment_flavour.df_constraint)
                - EntityAttributeFetchImpl(entity=org.project.neutrino.nfvo.catalogue.mano.common.LifecycleEvent, querySpaceUid=<gen:34>, path=org.project.neutrino.nfvo.catalogue.mano.record.VNFForwardingGraphRecord.member_vnfs.<elements>.lifecycle_event)
                - CollectionAttributeFetchImpl(collection=org.project.neutrino.nfvo.catalogue.mano.record.VirtualNetworkFunctionRecord.lifecycle_event_history, querySpaceUid=<gen:35>, path=org.project.neutrino.nfvo.catalogue.mano.record.VNFForwardingGraphRecord.member_vnfs.<elements>.lifecycle_event_history)
                   - (collection element) CollectionFetchableElementEntityGraph(entity=org.project.neutrino.nfvo.catalogue.mano.common.LifecycleEvent, querySpaceUid=<gen:36>, path=org.project.neutrino.nfvo.catalogue.mano.record.VNFForwardingGraphRecord.member_vnfs.<elements>.lifecycle_event_history.<elements>)
                - EntityAttributeFetchImpl(entity=org.project.neutrino.nfvo.catalogue.mano.record.NetworkServiceRecord, querySpaceUid=<gen:37>, path=org.project.neutrino.nfvo.catalogue.mano.record.VNFForwardingGraphRecord.member_vnfs.<elements>.parent_ns)
                   - CollectionAttributeFetchImpl(collection=org.project.neutrino.nfvo.catalogue.mano.record.NetworkServiceRecord.auto_scale_policy, querySpaceUid=<gen:38>, path=org.project.neutrino.nfvo.catalogue.mano.record.VNFForwardingGraphRecord.member_vnfs.<elements>.parent_ns.auto_scale_policy)
                      - (collection element) CollectionFetchableElementEntityGraph(entity=org.project.neutrino.nfvo.catalogue.mano.common.AutoScalePolicy, querySpaceUid=<gen:39>, path=org.project.neutrino.nfvo.catalogue.mano.record.VNFForwardingGraphRecord.member_vnfs.<elements>.parent_ns.auto_scale_policy.<elements>)
                   - CollectionAttributeFetchImpl(collection=org.project.neutrino.nfvo.catalogue.mano.record.NetworkServiceRecord.connection_point, querySpaceUid=<gen:40>, path=org.project.neutrino.nfvo.catalogue.mano.record.VNFForwardingGraphRecord.member_vnfs.<elements>.parent_ns.connection_point)
                      - (collection element) CollectionFetchableElementEntityGraph(entity=org.project.neutrino.nfvo.catalogue.mano.common.ConnectionPoint, querySpaceUid=<gen:41>, path=org.project.neutrino.nfvo.catalogue.mano.record.VNFForwardingGraphRecord.member_vnfs.<elements>.parent_ns.connection_point.<elements>)
                   - EntityAttributeFetchImpl(entity=org.project.neutrino.nfvo.catalogue.mano.common.NFVEntityDescriptor, querySpaceUid=<gen:42>, path=org.project.neutrino.nfvo.catalogue.mano.record.VNFForwardingGraphRecord.member_vnfs.<elements>.parent_ns.descriptor_reference)
                   - EntityAttributeFetchImpl(entity=org.project.neutrino.nfvo.catalogue.mano.common.LifecycleEvent, querySpaceUid=<gen:43>, path=org.project.neutrino.nfvo.catalogue.mano.record.VNFForwardingGraphRecord.member_vnfs.<elements>.parent_ns.lifecycle_event)
                   - CollectionAttributeFetchImpl(collection=org.project.neutrino.nfvo.catalogue.mano.record.NetworkServiceRecord.lifecycle_event_history, querySpaceUid=<gen:44>, path=org.project.neutrino.nfvo.catalogue.mano.record.VNFForwardingGraphRecord.member_vnfs.<elements>.parent_ns.lifecycle_event_history)
                      - (collection element) CollectionFetchableElementEntityGraph(entity=org.project.neutrino.nfvo.catalogue.mano.common.LifecycleEvent, querySpaceUid=<gen:45>, path=org.project.neutrino.nfvo.catalogue.mano.record.VNFForwardingGraphRecord.member_vnfs.<elements>.parent_ns.lifecycle_event_history.<elements>)
                   - CollectionAttributeFetchImpl(collection=org.project.neutrino.nfvo.catalogue.mano.record.NetworkServiceRecord.pnfr, querySpaceUid=<gen:46>, path=org.project.neutrino.nfvo.catalogue.mano.record.VNFForwardingGraphRecord.member_vnfs.<elements>.parent_ns.pnfr)
                      - (collection element) CollectionFetchableElementEntityGraph(entity=org.project.neutrino.nfvo.catalogue.mano.record.PhysicalNetworkFunctionRecord, querySpaceUid=<gen:47>, path=org.project.neutrino.nfvo.catalogue.mano.record.VNFForwardingGraphRecord.member_vnfs.<elements>.parent_ns.pnfr.<elements>)
                   - EntityAttributeFetchImpl(entity=org.project.neutrino.nfvo.catalogue.mano.common.ServiceDeploymentFlavour, querySpaceUid=<gen:48>, path=org.project.neutrino.nfvo.catalogue.mano.record.VNFForwardingGraphRecord.member_vnfs.<elements>.parent_ns.service_deployment_flavour)
                   - CollectionAttributeFetchImpl(collection=org.project.neutrino.nfvo.catalogue.mano.record.NetworkServiceRecord.vlr, querySpaceUid=<gen:49>, path=org.project.neutrino.nfvo.catalogue.mano.record.VNFForwardingGraphRecord.member_vnfs.<elements>.parent_ns.vlr)
                      - (collection element) CollectionFetchableElementEntityGraph(entity=org.project.neutrino.nfvo.catalogue.mano.record.VirtualLinkRecord, querySpaceUid=<gen:50>, path=org.project.neutrino.nfvo.catalogue.mano.record.VNFForwardingGraphRecord.member_vnfs.<elements>.parent_ns.vlr.<elements>)
                   - CollectionAttributeFetchImpl(collection=org.project.neutrino.nfvo.catalogue.mano.record.NetworkServiceRecord.vnf_dependency, querySpaceUid=<gen:51>, path=org.project.neutrino.nfvo.catalogue.mano.record.VNFForwardingGraphRecord.member_vnfs.<elements>.parent_ns.vnf_dependency)
                      - (collection element) CollectionFetchableElementEntityGraph(entity=org.project.neutrino.nfvo.catalogue.mano.common.VNFDependency, querySpaceUid=<gen:52>, path=org.project.neutrino.nfvo.catalogue.mano.record.VNFForwardingGraphRecord.member_vnfs.<elements>.parent_ns.vnf_dependency.<elements>)
                   - CollectionAttributeFetchImpl(collection=org.project.neutrino.nfvo.catalogue.mano.record.NetworkServiceRecord.vnffgr, querySpaceUid=<gen:53>, path=org.project.neutrino.nfvo.catalogue.mano.record.VNFForwardingGraphRecord.member_vnfs.<elements>.parent_ns.vnffgr)
                      - (collection element) CollectionFetchableElementEntityGraph(entity=org.project.neutrino.nfvo.catalogue.mano.descriptor.VNFForwardingGraph, querySpaceUid=<gen:54>, path=org.project.neutrino.nfvo.catalogue.mano.record.VNFForwardingGraphRecord.member_vnfs.<elements>.parent_ns.vnffgr.<elements>)
                   - EntityAttributeFetchImpl(entity=org.project.neutrino.nfvo.catalogue.mano.record.VirtualNetworkFunctionRecord, querySpaceUid=<gen:55>, path=org.project.neutrino.nfvo.catalogue.mano.record.VNFForwardingGraphRecord.member_vnfs.<elements>.parent_ns.vnfr)
                - CollectionAttributeFetchImpl(collection=org.project.neutrino.nfvo.catalogue.mano.record.VirtualNetworkFunctionRecord.vdu, querySpaceUid=<gen:56>, path=org.project.neutrino.nfvo.catalogue.mano.record.VNFForwardingGraphRecord.member_vnfs.<elements>.vdu)
                   - (collection element) CollectionFetchableElementEntityGraph(entity=org.project.neutrino.nfvo.catalogue.mano.descriptor.VirtualDeploymentUnit, querySpaceUid=<gen:57>, path=org.project.neutrino.nfvo.catalogue.mano.record.VNFForwardingGraphRecord.member_vnfs.<elements>.vdu.<elements>)
                      - CollectionAttributeFetchImpl(collection=org.project.neutrino.nfvo.catalogue.mano.descriptor.VirtualDeploymentUnit.monitoring_parameter, querySpaceUid=<gen:58>, path=org.project.neutrino.nfvo.catalogue.mano.record.VNFForwardingGraphRecord.member_vnfs.<elements>.vdu.<elements>.monitoring_parameter)
                      - CollectionAttributeFetchImpl(collection=org.project.neutrino.nfvo.catalogue.mano.descriptor.VirtualDeploymentUnit.vm_image, querySpaceUid=<gen:59>, path=org.project.neutrino.nfvo.catalogue.mano.record.VNFForwardingGraphRecord.member_vnfs.<elements>.vdu.<elements>.vm_image)
                - CollectionAttributeFetchImpl(collection=org.project.neutrino.nfvo.catalogue.mano.record.VirtualNetworkFunctionRecord.virtual_link, querySpaceUid=<gen:60>, path=org.project.neutrino.nfvo.catalogue.mano.record.VNFForwardingGraphRecord.member_vnfs.<elements>.virtual_link)
                   - (collection element) CollectionFetchableElementEntityGraph(entity=org.project.neutrino.nfvo.catalogue.mano.descriptor.InternalVirtualLink, querySpaceUid=<gen:61>, path=org.project.neutrino.nfvo.catalogue.mano.record.VNFForwardingGraphRecord.member_vnfs.<elements>.virtual_link.<elements>)
                      - CollectionAttributeFetchImpl(collection=org.project.neutrino.nfvo.catalogue.mano.descriptor.InternalVirtualLink.connection_points_references, querySpaceUid=<gen:62>, path=org.project.neutrino.nfvo.catalogue.mano.record.VNFForwardingGraphRecord.member_vnfs.<elements>.virtual_link.<elements>.connection_points_references)
          - EntityAttributeFetchImpl(entity=org.project.neutrino.nfvo.catalogue.mano.descriptor.NetworkForwardingPath, querySpaceUid=<gen:63>, path=org.project.neutrino.nfvo.catalogue.mano.record.VNFForwardingGraphRecord.network_forwarding_path)
             - CollectionAttributeFetchImpl(collection=org.project.neutrino.nfvo.catalogue.mano.descriptor.NetworkForwardingPath.connection, querySpaceUid=<gen:64>, path=org.project.neutrino.nfvo.catalogue.mano.record.VNFForwardingGraphRecord.network_forwarding_path.connection)
             - EntityAttributeFetchImpl(entity=org.project.neutrino.nfvo.catalogue.mano.descriptor.Policy, querySpaceUid=<gen:65>, path=org.project.neutrino.nfvo.catalogue.mano.record.VNFForwardingGraphRecord.network_forwarding_path.policy)
          - EntityAttributeFetchImpl(entity=org.project.neutrino.nfvo.catalogue.mano.record.NetworkServiceRecord, querySpaceUid=<gen:66>, path=org.project.neutrino.nfvo.catalogue.mano.record.VNFForwardingGraphRecord.parent_ns)
             - CollectionAttributeFetchImpl(collection=org.project.neutrino.nfvo.catalogue.mano.record.NetworkServiceRecord.auto_scale_policy, querySpaceUid=<gen:67>, path=org.project.neutrino.nfvo.catalogue.mano.record.VNFForwardingGraphRecord.parent_ns.auto_scale_policy)
                - (collection element) CollectionFetchableElementEntityGraph(entity=org.project.neutrino.nfvo.catalogue.mano.common.AutoScalePolicy, querySpaceUid=<gen:68>, path=org.project.neutrino.nfvo.catalogue.mano.record.VNFForwardingGraphRecord.parent_ns.auto_scale_policy.<elements>)
             - CollectionAttributeFetchImpl(collection=org.project.neutrino.nfvo.catalogue.mano.record.NetworkServiceRecord.connection_point, querySpaceUid=<gen:69>, path=org.project.neutrino.nfvo.catalogue.mano.record.VNFForwardingGraphRecord.parent_ns.connection_point)
                - (collection element) CollectionFetchableElementEntityGraph(entity=org.project.neutrino.nfvo.catalogue.mano.common.ConnectionPoint, querySpaceUid=<gen:70>, path=org.project.neutrino.nfvo.catalogue.mano.record.VNFForwardingGraphRecord.parent_ns.connection_point.<elements>)
             - EntityAttributeFetchImpl(entity=org.project.neutrino.nfvo.catalogue.mano.common.NFVEntityDescriptor, querySpaceUid=<gen:71>, path=org.project.neutrino.nfvo.catalogue.mano.record.VNFForwardingGraphRecord.parent_ns.descriptor_reference)
                - CollectionAttributeFetchImpl(collection=org.project.neutrino.nfvo.catalogue.mano.common.NFVEntityDescriptor.monitoring_parameter, querySpaceUid=<gen:72>, path=org.project.neutrino.nfvo.catalogue.mano.record.VNFForwardingGraphRecord.parent_ns.descriptor_reference.monitoring_parameter)
                - CollectionAttributeFetchImpl(collection=org.project.neutrino.nfvo.catalogue.mano.descriptor.VirtualNetworkFunctionDescriptor.deployment_flavour, querySpaceUid=<gen:73>, path=org.project.neutrino.nfvo.catalogue.mano.record.VNFForwardingGraphRecord.parent_ns.descriptor_reference.deployment_flavour)
                   - (collection element) CollectionFetchableElementEntityGraph(entity=org.project.neutrino.nfvo.catalogue.mano.descriptor.VNFDDeploymentFlavour, querySpaceUid=<gen:74>, path=org.project.neutrino.nfvo.catalogue.mano.record.VNFForwardingGraphRecord.parent_ns.descriptor_reference.deployment_flavour.<elements>)
                - EntityAttributeFetchImpl(entity=org.project.neutrino.nfvo.catalogue.mano.common.Security, querySpaceUid=<gen:75>, path=org.project.neutrino.nfvo.catalogue.mano.record.VNFForwardingGraphRecord.parent_ns.descriptor_reference.nsd_security)
                - CollectionAttributeFetchImpl(collection=org.project.neutrino.nfvo.catalogue.mano.descriptor.NetworkServiceDescriptor.vnf_dependency, querySpaceUid=<gen:76>, path=org.project.neutrino.nfvo.catalogue.mano.record.VNFForwardingGraphRecord.parent_ns.descriptor_reference.vnf_dependency)
                   - (collection element) CollectionFetchableElementEntityGraph(entity=org.project.neutrino.nfvo.catalogue.mano.common.VNFDependency, querySpaceUid=<gen:77>, path=org.project.neutrino.nfvo.catalogue.mano.record.VNFForwardingGraphRecord.parent_ns.descriptor_reference.vnf_dependency.<elements>)
                - CollectionAttributeFetchImpl(collection=org.project.neutrino.nfvo.catalogue.mano.descriptor.NetworkServiceDescriptor.vnfd, querySpaceUid=<gen:78>, path=org.project.neutrino.nfvo.catalogue.mano.record.VNFForwardingGraphRecord.parent_ns.descriptor_reference.vnfd)
                   - (collection element) CollectionFetchableElementEntityGraph(entity=org.project.neutrino.nfvo.catalogue.mano.descriptor.VirtualNetworkFunctionDescriptor, querySpaceUid=<gen:79>, path=org.project.neutrino.nfvo.catalogue.mano.record.VNFForwardingGraphRecord.parent_ns.descriptor_reference.vnfd.<elements>)
             - EntityAttributeFetchImpl(entity=org.project.neutrino.nfvo.catalogue.mano.common.LifecycleEvent, querySpaceUid=<gen:80>, path=org.project.neutrino.nfvo.catalogue.mano.record.VNFForwardingGraphRecord.parent_ns.lifecycle_event)
             - CollectionAttributeFetchImpl(collection=org.project.neutrino.nfvo.catalogue.mano.record.NetworkServiceRecord.lifecycle_event_history, querySpaceUid=<gen:81>, path=org.project.neutrino.nfvo.catalogue.mano.record.VNFForwardingGraphRecord.parent_ns.lifecycle_event_history)
                - (collection element) CollectionFetchableElementEntityGraph(entity=org.project.neutrino.nfvo.catalogue.mano.common.LifecycleEvent, querySpaceUid=<gen:82>, path=org.project.neutrino.nfvo.catalogue.mano.record.VNFForwardingGraphRecord.parent_ns.lifecycle_event_history.<elements>)
             - CollectionAttributeFetchImpl(collection=org.project.neutrino.nfvo.catalogue.mano.record.NetworkServiceRecord.pnfr, querySpaceUid=<gen:83>, path=org.project.neutrino.nfvo.catalogue.mano.record.VNFForwardingGraphRecord.parent_ns.pnfr)
                - (collection element) CollectionFetchableElementEntityGraph(entity=org.project.neutrino.nfvo.catalogue.mano.record.PhysicalNetworkFunctionRecord, querySpaceUid=<gen:84>, path=org.project.neutrino.nfvo.catalogue.mano.record.VNFForwardingGraphRecord.parent_ns.pnfr.<elements>)
                   - CollectionAttributeFetchImpl(collection=org.project.neutrino.nfvo.catalogue.mano.record.PhysicalNetworkFunctionRecord.connected_virtual_link, querySpaceUid=<gen:85>, path=org.project.neutrino.nfvo.catalogue.mano.record.VNFForwardingGraphRecord.parent_ns.pnfr.<elements>.connected_virtual_link)
                      - (collection element) CollectionFetchableElementEntityGraph(entity=org.project.neutrino.nfvo.catalogue.mano.record.VirtualLinkRecord, querySpaceUid=<gen:86>, path=org.project.neutrino.nfvo.catalogue.mano.record.VNFForwardingGraphRecord.parent_ns.pnfr.<elements>.connected_virtual_link.<elements>)
                   - CollectionAttributeFetchImpl(collection=org.project.neutrino.nfvo.catalogue.mano.record.PhysicalNetworkFunctionRecord.connection_point, querySpaceUid=<gen:87>, path=org.project.neutrino.nfvo.catalogue.mano.record.VNFForwardingGraphRecord.parent_ns.pnfr.<elements>.connection_point)
                      - (collection element) CollectionFetchableElementEntityGraph(entity=org.project.neutrino.nfvo.catalogue.mano.common.ConnectionPoint, querySpaceUid=<gen:88>, path=org.project.neutrino.nfvo.catalogue.mano.record.VNFForwardingGraphRecord.parent_ns.pnfr.<elements>.connection_point.<elements>)
                   - EntityAttributeFetchImpl(entity=org.project.neutrino.nfvo.catalogue.mano.descriptor.PhysicalNetworkFunctionDescriptor, querySpaceUid=<gen:89>, path=org.project.neutrino.nfvo.catalogue.mano.record.VNFForwardingGraphRecord.parent_ns.pnfr.<elements>.descriptor_reference)
                   - EntityAttributeFetchImpl(entity=org.project.neutrino.nfvo.catalogue.mano.record.NetworkServiceRecord, querySpaceUid=<gen:90>, path=org.project.neutrino.nfvo.catalogue.mano.record.VNFForwardingGraphRecord.parent_ns.pnfr.<elements>.parent_ns)
                   - CollectionAttributeFetchImpl(collection=org.project.neutrino.nfvo.catalogue.mano.record.PhysicalNetworkFunctionRecord.vnffgr, querySpaceUid=<gen:91>, path=org.project.neutrino.nfvo.catalogue.mano.record.VNFForwardingGraphRecord.parent_ns.pnfr.<elements>.vnffgr)
                      - (collection element) CollectionFetchableElementEntityGraph(entity=org.project.neutrino.nfvo.catalogue.mano.record.VNFForwardingGraphRecord, querySpaceUid=<gen:92>, path=org.project.neutrino.nfvo.catalogue.mano.record.VNFForwardingGraphRecord.parent_ns.pnfr.<elements>.vnffgr.<elements>)
             - EntityAttributeFetchImpl(entity=org.project.neutrino.nfvo.catalogue.mano.common.ServiceDeploymentFlavour, querySpaceUid=<gen:93>, path=org.project.neutrino.nfvo.catalogue.mano.record.VNFForwardingGraphRecord.parent_ns.service_deployment_flavour)
             - CollectionAttributeFetchImpl(collection=org.project.neutrino.nfvo.catalogue.mano.record.NetworkServiceRecord.vlr, querySpaceUid=<gen:94>, path=org.project.neutrino.nfvo.catalogue.mano.record.VNFForwardingGraphRecord.parent_ns.vlr)
                - (collection element) CollectionFetchableElementEntityGraph(entity=org.project.neutrino.nfvo.catalogue.mano.record.VirtualLinkRecord, querySpaceUid=<gen:95>, path=org.project.neutrino.nfvo.catalogue.mano.record.VNFForwardingGraphRecord.parent_ns.vlr.<elements>)
             - CollectionAttributeFetchImpl(collection=org.project.neutrino.nfvo.catalogue.mano.record.NetworkServiceRecord.vnf_dependency, querySpaceUid=<gen:96>, path=org.project.neutrino.nfvo.catalogue.mano.record.VNFForwardingGraphRecord.parent_ns.vnf_dependency)
                - (collection element) CollectionFetchableElementEntityGraph(entity=org.project.neutrino.nfvo.catalogue.mano.common.VNFDependency, querySpaceUid=<gen:97>, path=org.project.neutrino.nfvo.catalogue.mano.record.VNFForwardingGraphRecord.parent_ns.vnf_dependency.<elements>)
                   - EntityAttributeFetchImpl(entity=org.project.neutrino.nfvo.catalogue.mano.descriptor.VirtualNetworkFunctionDescriptor, querySpaceUid=<gen:98>, path=org.project.neutrino.nfvo.catalogue.mano.record.VNFForwardingGraphRecord.parent_ns.vnf_dependency.<elements>.source)
                   - EntityAttributeFetchImpl(entity=org.project.neutrino.nfvo.catalogue.mano.descriptor.VirtualNetworkFunctionDescriptor, querySpaceUid=<gen:99>, path=org.project.neutrino.nfvo.catalogue.mano.record.VNFForwardingGraphRecord.parent_ns.vnf_dependency.<elements>.target)
             - CollectionAttributeFetchImpl(collection=org.project.neutrino.nfvo.catalogue.mano.record.NetworkServiceRecord.vnffgr, querySpaceUid=<gen:100>, path=org.project.neutrino.nfvo.catalogue.mano.record.VNFForwardingGraphRecord.parent_ns.vnffgr)
                - (collection element) CollectionFetchableElementEntityGraph(entity=org.project.neutrino.nfvo.catalogue.mano.descriptor.VNFForwardingGraph, querySpaceUid=<gen:101>, path=org.project.neutrino.nfvo.catalogue.mano.record.VNFForwardingGraphRecord.parent_ns.vnffgr.<elements>)
             - EntityAttributeFetchImpl(entity=org.project.neutrino.nfvo.catalogue.mano.record.VirtualNetworkFunctionRecord, querySpaceUid=<gen:102>, path=org.project.neutrino.nfvo.catalogue.mano.record.VNFForwardingGraphRecord.parent_ns.vnfr)
    - QuerySpaces
       - EntityQuerySpaceImpl(uid=<gen:0>, entity=org.project.neutrino.nfvo.catalogue.mano.record.VNFForwardingGraphRecord)
          - SQL table alias mapping - vnfforward0_
          - alias suffix - 0_
          - suffixed key columns - {id1_92_0_}
          - JOIN (JoinDefinedByMetadata(connection_point)) : <gen:0> -> <gen:1>
             - CollectionQuerySpaceImpl(uid=<gen:1>, collection=org.project.neutrino.nfvo.catalogue.mano.record.VNFForwardingGraphRecord.connection_point)
                - SQL table alias mapping - connection1_
                - alias suffix - 1_
                - suffixed key columns - {vnfforwa1_92_1_}
                - entity-element alias suffix - 2_
                - 2_entity-element suffixed key columns - id1_4_2_
                - JOIN (JoinDefinedByMetadata(elements)) : <gen:1> -> <gen:2>
                   - EntityQuerySpaceImpl(uid=<gen:2>, entity=org.project.neutrino.nfvo.catalogue.mano.descriptor.VNFDConnectionPoint)
                      - SQL table alias mapping - vnfdconnec2_
                      - alias suffix - 2_
                      - suffixed key columns - {id1_4_2_}
          - JOIN (JoinDefinedByMetadata(dependent_virtual_link)) : <gen:0> -> <gen:3>
             - CollectionQuerySpaceImpl(uid=<gen:3>, collection=org.project.neutrino.nfvo.catalogue.mano.record.VNFForwardingGraphRecord.dependent_virtual_link)
                - SQL table alias mapping - dependent_3_
                - alias suffix - 3_
                - suffixed key columns - {vnfforwa1_92_3_}
                - entity-element alias suffix - 4_
                - 4_entity-element suffixed key columns - id1_54_4_
                - JOIN (JoinDefinedByMetadata(elements)) : <gen:3> -> <gen:4>
                   - EntityQuerySpaceImpl(uid=<gen:4>, entity=org.project.neutrino.nfvo.catalogue.mano.record.VirtualLinkRecord)
                      - SQL table alias mapping - virtuallin4_
                      - alias suffix - 4_
                      - suffixed key columns - {id1_54_4_}
                      - JOIN (JoinDefinedByMetadata(lifecycle_event_history)) : <gen:4> -> <gen:5>
                         - CollectionQuerySpaceImpl(uid=<gen:5>, collection=org.project.neutrino.nfvo.catalogue.mano.record.VirtualLinkRecord.lifecycle_event_history)
                            - SQL table alias mapping - lifecycle_5_
                            - alias suffix - 5_
                            - suffixed key columns - {virtual_1_54_5_}
                            - entity-element alias suffix - 6_
                            - 6_entity-element suffixed key columns - id1_10_6_
                            - JOIN (JoinDefinedByMetadata(elements)) : <gen:5> -> <gen:6>
                               - EntityQuerySpaceImpl(uid=<gen:6>, entity=org.project.neutrino.nfvo.catalogue.mano.common.LifecycleEvent)
                                  - SQL table alias mapping - lifecyclee6_
                                  - alias suffix - 6_
                                  - suffixed key columns - {id1_10_6_}
                      - JOIN (JoinDefinedByMetadata(vnffgr_reference)) : <gen:4> -> <gen:7>
                         - CollectionQuerySpaceImpl(uid=<gen:7>, collection=org.project.neutrino.nfvo.catalogue.mano.record.VirtualLinkRecord.vnffgr_reference)
                            - SQL table alias mapping - vnffgr_ref7_
                            - alias suffix - 7_
                            - suffixed key columns - {virtual_1_54_7_}
                            - entity-element alias suffix - 8_
                            - 8_entity-element suffixed key columns - id1_92_8_
                            - JOIN (JoinDefinedByMetadata(elements)) : <gen:7> -> <gen:8>
                               - EntityQuerySpaceImpl(uid=<gen:8>, entity=org.project.neutrino.nfvo.catalogue.mano.record.VNFForwardingGraphRecord)
                                  - SQL table alias mapping - vnfforward8_
                                  - alias suffix - 8_
                                  - suffixed key columns - {id1_92_8_}
          - JOIN (JoinDefinedByMetadata(descriptor_reference)) : <gen:0> -> <gen:16>
             - EntityQuerySpaceImpl(uid=<gen:16>, entity=org.project.neutrino.nfvo.catalogue.mano.descriptor.VNFForwardingGraph)
                - SQL table alias mapping - vnfforward9_
                - alias suffix - 9_
                - suffixed key columns - {id1_87_9_}
                - JOIN (JoinDefinedByMetadata(vnffgd_security)) : <gen:16> -> <gen:17>
                   - EntityQuerySpaceImpl(uid=<gen:17>, entity=org.project.neutrino.nfvo.catalogue.mano.common.Security)
                      - SQL table alias mapping - security10_
                      - alias suffix - 10_
                      - suffixed key columns - {id1_43_10_}
          - JOIN (JoinDefinedByMetadata(lifecycle_event_history)) : <gen:0> -> <gen:18>
             - CollectionQuerySpaceImpl(uid=<gen:18>, collection=org.project.neutrino.nfvo.catalogue.mano.record.VNFForwardingGraphRecord.lifecycle_event_history)
                - SQL table alias mapping - lifecycle_11_
                - alias suffix - 11_
                - suffixed key columns - {vnfforwa1_92_11_}
                - entity-element alias suffix - 12_
                - 12_entity-element suffixed key columns - id1_10_12_
                - JOIN (JoinDefinedByMetadata(elements)) : <gen:18> -> <gen:19>
                   - EntityQuerySpaceImpl(uid=<gen:19>, entity=org.project.neutrino.nfvo.catalogue.mano.common.LifecycleEvent)
                      - SQL table alias mapping - lifecyclee12_
                      - alias suffix - 12_
                      - suffixed key columns - {id1_10_12_}
          - JOIN (JoinDefinedByMetadata(member_vnfs)) : <gen:0> -> <gen:20>
             - CollectionQuerySpaceImpl(uid=<gen:20>, collection=org.project.neutrino.nfvo.catalogue.mano.record.VNFForwardingGraphRecord.member_vnfs)
                - SQL table alias mapping - member_vnf13_
                - alias suffix - 13_
                - suffixed key columns - {vnfforwa1_92_13_}
                - entity-element alias suffix - 14_
                - 14_entity-element suffixed key columns - id1_68_14_
                - JOIN (JoinDefinedByMetadata(elements)) : <gen:20> -> <gen:21>
                   - EntityQuerySpaceImpl(uid=<gen:21>, entity=org.project.neutrino.nfvo.catalogue.mano.record.VirtualNetworkFunctionRecord)
                      - SQL table alias mapping - virtualnet14_
                      - alias suffix - 14_
                      - suffixed key columns - {id1_68_14_}
                      - JOIN (JoinDefinedByMetadata(auto_scale_policy)) : <gen:21> -> <gen:22>
                         - CollectionQuerySpaceImpl(uid=<gen:22>, collection=org.project.neutrino.nfvo.catalogue.mano.record.VirtualNetworkFunctionRecord.auto_scale_policy)
                            - SQL table alias mapping - auto_scale15_
                            - alias suffix - 15_
                            - suffixed key columns - {virtual_1_68_15_}
                            - entity-element alias suffix - 16_
                            - 16_entity-element suffixed key columns - id1_3_16_
                            - JOIN (JoinDefinedByMetadata(elements)) : <gen:22> -> <gen:23>
                               - EntityQuerySpaceImpl(uid=<gen:23>, entity=org.project.neutrino.nfvo.catalogue.mano.common.AutoScalePolicy)
                                  - SQL table alias mapping - autoscalep16_
                                  - alias suffix - 16_
                                  - suffixed key columns - {id1_3_16_}
                      - JOIN (JoinDefinedByMetadata(connected_external_virtual_link)) : <gen:21> -> <gen:24>
                         - CollectionQuerySpaceImpl(uid=<gen:24>, collection=org.project.neutrino.nfvo.catalogue.mano.record.VirtualNetworkFunctionRecord.connected_external_virtual_link)
                            - SQL table alias mapping - connected_17_
                            - alias suffix - 17_
                            - suffixed key columns - {virtual_1_68_17_}
                            - entity-element alias suffix - 18_
                            - 18_entity-element suffixed key columns - id1_54_18_
                            - JOIN (JoinDefinedByMetadata(elements)) : <gen:24> -> <gen:25>
                               - EntityQuerySpaceImpl(uid=<gen:25>, entity=org.project.neutrino.nfvo.catalogue.mano.record.VirtualLinkRecord)
                                  - SQL table alias mapping - virtuallin18_
                                  - alias suffix - 18_
                                  - suffixed key columns - {id1_54_18_}
                      - JOIN (JoinDefinedByMetadata(connection_point)) : <gen:21> -> <gen:26>
                         - CollectionQuerySpaceImpl(uid=<gen:26>, collection=org.project.neutrino.nfvo.catalogue.mano.record.VirtualNetworkFunctionRecord.connection_point)
                            - SQL table alias mapping - connection19_
                            - alias suffix - 19_
                            - suffixed key columns - {virtual_1_68_19_}
                            - entity-element alias suffix - 20_
                            - 20_entity-element suffixed key columns - id1_4_20_
                            - JOIN (JoinDefinedByMetadata(elements)) : <gen:26> -> <gen:27>
                               - EntityQuerySpaceImpl(uid=<gen:27>, entity=org.project.neutrino.nfvo.catalogue.mano.common.ConnectionPoint)
                                  - SQL table alias mapping - connection20_
                                  - alias suffix - 20_
                                  - suffixed key columns - {id1_4_20_}
                      - JOIN (JoinDefinedByMetadata(dependency)) : <gen:21> -> <gen:28>
                         - CollectionQuerySpaceImpl(uid=<gen:28>, collection=org.project.neutrino.nfvo.catalogue.mano.record.VirtualNetworkFunctionRecord.dependency)
                            - SQL table alias mapping - dependency21_
                            - alias suffix - 21_
                            - suffixed key columns - {virtual_1_68_21_}
                            - entity-element alias suffix - 22_
                            - 22_entity-element suffixed key columns - id1_86_22_
                            - JOIN (JoinDefinedByMetadata(elements)) : <gen:28> -> <gen:29>
                               - EntityQuerySpaceImpl(uid=<gen:29>, entity=org.project.neutrino.nfvo.catalogue.mano.common.VNFDependency)
                                  - SQL table alias mapping - vnfdepende22_
                                  - alias suffix - 22_
                                  - suffixed key columns - {id1_86_22_}
                      - JOIN (JoinDefinedByMetadata(deployment_flavour)) : <gen:21> -> <gen:32>
                         - EntityQuerySpaceImpl(uid=<gen:32>, entity=org.project.neutrino.nfvo.catalogue.mano.descriptor.VNFDDeploymentFlavour)
                            - SQL table alias mapping - vnfddeploy23_
                            - alias suffix - 23_
                            - suffixed key columns - {id1_7_23_}
                      - JOIN (JoinDefinedByMetadata(lifecycle_event)) : <gen:21> -> <gen:34>
                         - EntityQuerySpaceImpl(uid=<gen:34>, entity=org.project.neutrino.nfvo.catalogue.mano.common.LifecycleEvent)
                            - SQL table alias mapping - lifecyclee24_
                            - alias suffix - 24_
                            - suffixed key columns - {id1_10_24_}
                      - JOIN (JoinDefinedByMetadata(lifecycle_event_history)) : <gen:21> -> <gen:35>
                         - CollectionQuerySpaceImpl(uid=<gen:35>, collection=org.project.neutrino.nfvo.catalogue.mano.record.VirtualNetworkFunctionRecord.lifecycle_event_history)
                            - SQL table alias mapping - lifecycle_25_
                            - alias suffix - 25_
                            - suffixed key columns - {virtual_1_68_25_}
                            - entity-element alias suffix - 26_
                            - 26_entity-element suffixed key columns - id1_10_26_
                            - JOIN (JoinDefinedByMetadata(elements)) : <gen:35> -> <gen:36>
                               - EntityQuerySpaceImpl(uid=<gen:36>, entity=org.project.neutrino.nfvo.catalogue.mano.common.LifecycleEvent)
                                  - SQL table alias mapping - lifecyclee26_
                                  - alias suffix - 26_
                                  - suffixed key columns - {id1_10_26_}
                      - JOIN (JoinDefinedByMetadata(parent_ns)) : <gen:21> -> <gen:37>
                         - EntityQuerySpaceImpl(uid=<gen:37>, entity=org.project.neutrino.nfvo.catalogue.mano.record.NetworkServiceRecord)
                            - SQL table alias mapping - networkser27_
                            - alias suffix - 27_
                            - suffixed key columns - {id1_18_27_}
                      - JOIN (JoinDefinedByMetadata(vdu)) : <gen:21> -> <gen:56>
                         - CollectionQuerySpaceImpl(uid=<gen:56>, collection=org.project.neutrino.nfvo.catalogue.mano.record.VirtualNetworkFunctionRecord.vdu)
                            - SQL table alias mapping - vdu28_
                            - alias suffix - 28_
                            - suffixed key columns - {virtual_1_68_28_}
                            - entity-element alias suffix - 29_
                            - 29_entity-element suffixed key columns - id1_47_29_
                            - JOIN (JoinDefinedByMetadata(elements)) : <gen:56> -> <gen:57>
                               - EntityQuerySpaceImpl(uid=<gen:57>, entity=org.project.neutrino.nfvo.catalogue.mano.descriptor.VirtualDeploymentUnit)
                                  - SQL table alias mapping - virtualdep29_
                                  - alias suffix - 29_
                                  - suffixed key columns - {id1_47_29_}
                      - JOIN (JoinDefinedByMetadata(virtual_link)) : <gen:21> -> <gen:60>
                         - CollectionQuerySpaceImpl(uid=<gen:60>, collection=org.project.neutrino.nfvo.catalogue.mano.record.VirtualNetworkFunctionRecord.virtual_link)
                            - SQL table alias mapping - virtual_li30_
                            - alias suffix - 30_
                            - suffixed key columns - {virtual_1_68_30_}
                            - entity-element alias suffix - 31_
                            - 31_entity-element suffixed key columns - id1_0_31_
                            - JOIN (JoinDefinedByMetadata(elements)) : <gen:60> -> <gen:61>
                               - EntityQuerySpaceImpl(uid=<gen:61>, entity=org.project.neutrino.nfvo.catalogue.mano.descriptor.InternalVirtualLink)
                                  - SQL table alias mapping - internalvi31_
                                  - alias suffix - 31_
                                  - suffixed key columns - {id1_0_31_}
          - JOIN (JoinDefinedByMetadata(network_forwarding_path)) : <gen:0> -> <gen:63>
             - EntityQuerySpaceImpl(uid=<gen:63>, entity=org.project.neutrino.nfvo.catalogue.mano.descriptor.NetworkForwardingPath)
                - SQL table alias mapping - networkfor32_
                - alias suffix - 32_
                - suffixed key columns - {id1_12_32_}
                - JOIN (JoinDefinedByMetadata(connection)) : <gen:63> -> <gen:64>
                   - CollectionQuerySpaceImpl(uid=<gen:64>, collection=org.project.neutrino.nfvo.catalogue.mano.descriptor.NetworkForwardingPath.connection)
                      - SQL table alias mapping - connection33_
                      - alias suffix - 33_
                      - suffixed key columns - {network_1_12_33_}
                - JOIN (JoinDefinedByMetadata(policy)) : <gen:63> -> <gen:65>
                   - EntityQuerySpaceImpl(uid=<gen:65>, entity=org.project.neutrino.nfvo.catalogue.mano.descriptor.Policy)
                      - SQL table alias mapping - policy34_
                      - alias suffix - 34_
                      - suffixed key columns - {id1_42_34_}
          - JOIN (JoinDefinedByMetadata(parent_ns)) : <gen:0> -> <gen:66>
             - EntityQuerySpaceImpl(uid=<gen:66>, entity=org.project.neutrino.nfvo.catalogue.mano.record.NetworkServiceRecord)
                - SQL table alias mapping - networkser35_
                - alias suffix - 35_
                - suffixed key columns - {id1_18_35_}
                - JOIN (JoinDefinedByMetadata(auto_scale_policy)) : <gen:66> -> <gen:67>
                   - CollectionQuerySpaceImpl(uid=<gen:67>, collection=org.project.neutrino.nfvo.catalogue.mano.record.NetworkServiceRecord.auto_scale_policy)
                      - SQL table alias mapping - auto_scale36_
                      - alias suffix - 36_
                      - suffixed key columns - {network_1_18_36_}
                      - entity-element alias suffix - 37_
                      - 37_entity-element suffixed key columns - id1_3_37_
                      - JOIN (JoinDefinedByMetadata(elements)) : <gen:67> -> <gen:68>
                         - EntityQuerySpaceImpl(uid=<gen:68>, entity=org.project.neutrino.nfvo.catalogue.mano.common.AutoScalePolicy)
                            - SQL table alias mapping - autoscalep37_
                            - alias suffix - 37_
                            - suffixed key columns - {id1_3_37_}
                - JOIN (JoinDefinedByMetadata(connection_point)) : <gen:66> -> <gen:69>
                   - CollectionQuerySpaceImpl(uid=<gen:69>, collection=org.project.neutrino.nfvo.catalogue.mano.record.NetworkServiceRecord.connection_point)
                      - SQL table alias mapping - connection38_
                      - alias suffix - 38_
                      - suffixed key columns - {network_1_18_38_}
                      - entity-element alias suffix - 39_
                      - 39_entity-element suffixed key columns - id1_4_39_
                      - JOIN (JoinDefinedByMetadata(elements)) : <gen:69> -> <gen:70>
                         - EntityQuerySpaceImpl(uid=<gen:70>, entity=org.project.neutrino.nfvo.catalogue.mano.common.ConnectionPoint)
                            - SQL table alias mapping - connection39_
                            - alias suffix - 39_
                            - suffixed key columns - {id1_4_39_}
                - JOIN (JoinDefinedByMetadata(descriptor_reference)) : <gen:66> -> <gen:71>
                   - EntityQuerySpaceImpl(uid=<gen:71>, entity=org.project.neutrino.nfvo.catalogue.mano.common.NFVEntityDescriptor)
                      - SQL table alias mapping - nfventityd40_
                      - alias suffix - 40_
                      - suffixed key columns - {id1_27_40_}
                - JOIN (JoinDefinedByMetadata(lifecycle_event)) : <gen:66> -> <gen:80>
                   - EntityQuerySpaceImpl(uid=<gen:80>, entity=org.project.neutrino.nfvo.catalogue.mano.common.LifecycleEvent)
                      - SQL table alias mapping - lifecyclee41_
                      - alias suffix - 41_
                      - suffixed key columns - {id1_10_41_}
                - JOIN (JoinDefinedByMetadata(lifecycle_event_history)) : <gen:66> -> <gen:81>
                   - CollectionQuerySpaceImpl(uid=<gen:81>, collection=org.project.neutrino.nfvo.catalogue.mano.record.NetworkServiceRecord.lifecycle_event_history)
                      - SQL table alias mapping - lifecycle_42_
                      - alias suffix - 42_
                      - suffixed key columns - {network_1_18_42_}
                      - entity-element alias suffix - 43_
                      - 43_entity-element suffixed key columns - id1_10_43_
                      - JOIN (JoinDefinedByMetadata(elements)) : <gen:81> -> <gen:82>
                         - EntityQuerySpaceImpl(uid=<gen:82>, entity=org.project.neutrino.nfvo.catalogue.mano.common.LifecycleEvent)
                            - SQL table alias mapping - lifecyclee43_
                            - alias suffix - 43_
                            - suffixed key columns - {id1_10_43_}
                - JOIN (JoinDefinedByMetadata(pnfr)) : <gen:66> -> <gen:83>
                   - CollectionQuerySpaceImpl(uid=<gen:83>, collection=org.project.neutrino.nfvo.catalogue.mano.record.NetworkServiceRecord.pnfr)
                      - SQL table alias mapping - pnfr44_
                      - alias suffix - 44_
                      - suffixed key columns - {network_1_18_44_}
                      - entity-element alias suffix - 45_
                      - 45_entity-element suffixed key columns - id1_37_45_
                      - JOIN (JoinDefinedByMetadata(elements)) : <gen:83> -> <gen:84>
                         - EntityQuerySpaceImpl(uid=<gen:84>, entity=org.project.neutrino.nfvo.catalogue.mano.record.PhysicalNetworkFunctionRecord)
                            - SQL table alias mapping - physicalne45_
                            - alias suffix - 45_
                            - suffixed key columns - {id1_37_45_}
                - JOIN (JoinDefinedByMetadata(service_deployment_flavour)) : <gen:66> -> <gen:93>
                   - EntityQuerySpaceImpl(uid=<gen:93>, entity=org.project.neutrino.nfvo.catalogue.mano.common.ServiceDeploymentFlavour)
                      - SQL table alias mapping - servicedep46_
                      - alias suffix - 46_
                      - suffixed key columns - {id1_7_46_}
                - JOIN (JoinDefinedByMetadata(vlr)) : <gen:66> -> <gen:94>
                   - CollectionQuerySpaceImpl(uid=<gen:94>, collection=org.project.neutrino.nfvo.catalogue.mano.record.NetworkServiceRecord.vlr)
                      - SQL table alias mapping - vlr47_
                      - alias suffix - 47_
                      - suffixed key columns - {network_1_18_47_}
                      - entity-element alias suffix - 48_
                      - 48_entity-element suffixed key columns - id1_54_48_
                      - JOIN (JoinDefinedByMetadata(elements)) : <gen:94> -> <gen:95>
                         - EntityQuerySpaceImpl(uid=<gen:95>, entity=org.project.neutrino.nfvo.catalogue.mano.record.VirtualLinkRecord)
                            - SQL table alias mapping - virtuallin48_
                            - alias suffix - 48_
                            - suffixed key columns - {id1_54_48_}
                - JOIN (JoinDefinedByMetadata(vnf_dependency)) : <gen:66> -> <gen:96>
                   - CollectionQuerySpaceImpl(uid=<gen:96>, collection=org.project.neutrino.nfvo.catalogue.mano.record.NetworkServiceRecord.vnf_dependency)
                      - SQL table alias mapping - vnf_depend49_
                      - alias suffix - 49_
                      - suffixed key columns - {network_1_18_49_}
                      - entity-element alias suffix - 50_
                      - 50_entity-element suffixed key columns - id1_86_50_
                      - JOIN (JoinDefinedByMetadata(elements)) : <gen:96> -> <gen:97>
                         - EntityQuerySpaceImpl(uid=<gen:97>, entity=org.project.neutrino.nfvo.catalogue.mano.common.VNFDependency)
                            - SQL table alias mapping - vnfdepende50_
                            - alias suffix - 50_
                            - suffixed key columns - {id1_86_50_}
                - JOIN (JoinDefinedByMetadata(vnffgr)) : <gen:66> -> <gen:100>
                   - CollectionQuerySpaceImpl(uid=<gen:100>, collection=org.project.neutrino.nfvo.catalogue.mano.record.NetworkServiceRecord.vnffgr)
                      - SQL table alias mapping - vnffgr51_
                      - alias suffix - 51_
                      - suffixed key columns - {network_1_18_51_}
                      - entity-element alias suffix - 52_
                      - 52_entity-element suffixed key columns - id1_87_52_
                      - JOIN (JoinDefinedByMetadata(elements)) : <gen:100> -> <gen:101>
                         - EntityQuerySpaceImpl(uid=<gen:101>, entity=org.project.neutrino.nfvo.catalogue.mano.descriptor.VNFForwardingGraph)
                            - SQL table alias mapping - vnfforward52_
                            - alias suffix - 52_
                            - suffixed key columns - {id1_87_52_}
                - JOIN (JoinDefinedByMetadata(vnfr)) : <gen:66> -> <gen:102>
                   - EntityQuerySpaceImpl(uid=<gen:102>, entity=org.project.neutrino.nfvo.catalogue.mano.record.VirtualNetworkFunctionRecord)
                      - SQL table alias mapping - virtualnet53_
                      - alias suffix - 53_
                      - suffixed key columns - {id1_68_53_}

13:23:07.228 [Test worker] DEBUG o.h.loader.entity.plan.EntityLoader - Static select for entity org.project.neutrino.nfvo.catalogue.mano.record.VNFForwardingGraphRecord [READ]: select vnfforward0_.id as id1_92_0_, vnfforward0_.audit_log as audit_lo2_92_0_, vnfforward0_.descriptor_reference_id as descrip10_92_0_, vnfforward0_.network_forwarding_path_id as network11_92_0_, vnfforward0_.number_of_endpoints as number_o3_92_0_, vnfforward0_.number_of_pnfs as number_o4_92_0_, vnfforward0_.number_of_virtual_links as number_o5_92_0_, vnfforward0_.number_of_vnfs as number_o6_92_0_, vnfforward0_.parent_ns_id as parent_12_92_0_, vnfforward0_.status as status7_92_0_, vnfforward0_.vendor as vendor8_92_0_, vnfforward0_.version as version9_92_0_, connection1_.vnfforwarding_graph_record_id as vnfforwa1_92_1_, vnfdconnec2_.id as connecti2_93_1_, vnfdconnec2_.id as id1_4_2_, vnfdconnec2_.type as type2_4_2_, vnfdconnec2_.version as version3_4_2_, vnfdconnec2_.virtual_link_reference as virtual_1_82_2_, dependent_3_.vnfforwarding_graph_record_id as vnfforwa1_92_3_, virtuallin4_.id as dependen2_94_3_, virtuallin4_.id as id1_54_4_, virtuallin4_.connectivity_type as connecti2_54_4_, virtuallin4_.descriptor_reference as descript3_54_4_, virtuallin4_.leaf_requirement as leaf_req4_54_4_, virtuallin4_.number_of_enpoints as number_o5_54_4_, virtuallin4_.parent_ns as parent_n6_54_4_, virtuallin4_.root_requirement as root_req7_54_4_, virtuallin4_.status as status8_54_4_, virtuallin4_.test_access as test_acc9_54_4_, virtuallin4_.vendor as vendor10_54_4_, virtuallin4_.version as version11_54_4_, virtuallin4_.vim_id as vim_id12_54_4_, lifecycle_5_.virtual_link_record_id as virtual_1_54_5_, lifecyclee6_.id as lifecycl2_58_5_, lifecyclee6_.id as id1_10_6_, lifecyclee6_.version as version2_10_6_, vnffgr_ref7_.virtual_link_record_id as virtual_1_54_7_, vnfforward8_.id as vnffgr_r2_61_7_, vnfforward8_.id as id1_92_8_, vnfforward8_.audit_log as audit_lo2_92_8_, vnfforward8_.descriptor_reference_id as descrip10_92_8_, vnfforward8_.network_forwarding_path_id as network11_92_8_, vnfforward8_.number_of_endpoints as number_o3_92_8_, vnfforward8_.number_of_pnfs as number_o4_92_8_, vnfforward8_.number_of_virtual_links as number_o5_92_8_, vnfforward8_.number_of_vnfs as number_o6_92_8_, vnfforward8_.parent_ns_id as parent_12_92_8_, vnfforward8_.status as status7_92_8_, vnfforward8_.vendor as vendor8_92_8_, vnfforward8_.version as version9_92_8_, vnfforward9_.id as id1_87_9_, vnfforward9_.descriptor_version as descript2_87_9_, vnfforward9_.hb_version as hb_versi3_87_9_, vnfforward9_.number_of_endpoints as number_o4_87_9_, vnfforward9_.number_of_virtual_links as number_o5_87_9_, vnfforward9_.vendor as vendor6_87_9_, vnfforward9_.version as version7_87_9_, vnfforward9_.vnffgd_security_id as vnffgd_s8_87_9_, security10_.id as id1_43_10_, security10_.version as version2_43_10_, lifecycle_11_.vnfforwarding_graph_record_id as vnfforwa1_92_11_, lifecyclee12_.id as lifecycl2_95_11_, lifecyclee12_.id as id1_10_12_, lifecyclee12_.version as version2_10_12_, member_vnf13_.vnfforwarding_graph_record_id as vnfforwa1_92_13_, virtualnet14_.id as member_v2_96_13_, virtualnet14_.id as id1_68_14_, virtualnet14_.audit_log as audit_lo2_68_14_, virtualnet14_.deployment_flavour_id as deployme9_68_14_, virtualnet14_.descriptor_reference as descript3_68_14_, virtualnet14_.lifecycle_event_id as lifecyc10_68_14_, virtualnet14_.localization as localiza4_68_14_, virtualnet14_.parent_ns_id as parent_11_68_14_, virtualnet14_.status as status5_68_14_, virtualnet14_.vendor as vendor6_68_14_, virtualnet14_.version as version7_68_14_, virtualnet14_.vnfm_id as vnfm_id8_68_14_, auto_scale15_.virtual_network_function_record_id as virtual_1_68_15_, autoscalep16_.id as auto_sca2_69_15_, autoscalep16_.id as id1_3_16_, autoscalep16_.version as version2_3_16_, connected_17_.virtual_network_function_record_id as virtual_1_68_17_, virtuallin18_.id as connecte2_70_17_, virtuallin18_.id as id1_54_18_, virtuallin18_.connectivity_type as connecti2_54_18_, virtuallin18_.descriptor_reference as descript3_54_18_, virtuallin18_.leaf_requirement as leaf_req4_54_18_, virtuallin18_.number_of_enpoints as number_o5_54_18_, virtuallin18_.parent_ns as parent_n6_54_18_, virtuallin18_.root_requirement as root_req7_54_18_, virtuallin18_.status as status8_54_18_, virtuallin18_.test_access as test_acc9_54_18_, virtuallin18_.vendor as vendor10_54_18_, virtuallin18_.version as version11_54_18_, virtuallin18_.vim_id as vim_id12_54_18_, connection19_.virtual_network_function_record_id as virtual_1_68_19_, connection20_.id as connecti2_71_19_, connection20_.id as id1_4_20_, connection20_.type as type2_4_20_, connection20_.version as version3_4_20_, connection20_.virtual_link_reference as virtual_1_82_20_, connection20_.clazz_ as clazz_20_, dependency21_.virtual_network_function_record_id as virtual_1_68_21_, vnfdepende22_.id as dependen2_72_21_, vnfdepende22_.id as id1_86_22_, vnfdepende22_.source_Id as source_I3_86_22_, vnfdepende22_.target_Id as target_I4_86_22_, vnfdepende22_.version as version2_86_22_, vnfddeploy23_.id as id1_7_23_, vnfddeploy23_.flavour_key as flavour_2_7_23_, vnfddeploy23_.version as version3_7_23_, lifecyclee24_.id as id1_10_24_, lifecyclee24_.version as version2_10_24_, lifecycle_25_.virtual_network_function_record_id as virtual_1_68_25_, lifecyclee26_.id as lifecycl2_73_25_, lifecyclee26_.id as id1_10_26_, lifecyclee26_.version as version2_10_26_, networkser27_.id as id1_18_27_, networkser27_.audit_log as audit_lo2_18_27_, networkser27_.descriptor_reference_Id as descript9_18_27_, networkser27_.lifecycle_event_id as lifecyc10_18_27_, networkser27_.notification as notifica3_18_27_, networkser27_.resource_reservation as resource4_18_27_, networkser27_.runtime_policy_info as runtime_5_18_27_, networkser27_.service_deployment_flavour_id as service11_18_27_, networkser27_.status as status6_18_27_, networkser27_.vendor as vendor7_18_27_, networkser27_.version as version8_18_27_, networkser27_.vnfr_id as vnfr_id12_18_27_, vdu28_.virtual_network_function_record_id as virtual_1_68_28_, virtualdep29_.id as vdu_id2_77_28_, virtualdep29_.id as id1_47_29_, virtualdep29_.computation_requirement as computat2_47_29_, virtualdep29_.high_availability as high_ava3_47_29_, virtualdep29_.scale_in_out as scale_in4_47_29_, virtualdep29_.vdu_constraint as vdu_cons5_47_29_, virtualdep29_.version as version6_47_29_, virtualdep29_.virtual_memory_resource_element as virtual_7_47_29_, virtualdep29_.virtual_network_bandwidth_resource as virtual_8_47_29_, virtual_li30_.virtual_network_function_record_id as virtual_1_68_30_, internalvi31_.id as virtual_2_78_30_, internalvi31_.id as id1_0_31_, internalvi31_.connectivity_type as connecti2_0_31_, internalvi31_.leaf_requirement as leaf_req3_0_31_, internalvi31_.root_requirement as root_req4_0_31_, internalvi31_.version as version5_0_31_, networkfor32_.id as id1_12_32_, networkfor32_.policy_id as policy_i3_12_32_, networkfor32_.version as version2_12_32_, connection33_.network_forwarding_path_id as network_1_12_33_, connection33_.connection as connecti2_13_33_, connection33_.connection_key as connecti3_33_, policy34_.id as id1_42_34_, policy34_.version as version2_42_34_, networkser35_.id as id1_18_35_, networkser35_.audit_log as audit_lo2_18_35_, networkser35_.descriptor_reference_Id as descript9_18_35_, networkser35_.lifecycle_event_id as lifecyc10_18_35_, networkser35_.notification as notifica3_18_35_, networkser35_.resource_reservation as resource4_18_35_, networkser35_.runtime_policy_info as runtime_5_18_35_, networkser35_.service_deployment_flavour_id as service11_18_35_, networkser35_.status as status6_18_35_, networkser35_.vendor as vendor7_18_35_, networkser35_.version as version8_18_35_, networkser35_.vnfr_id as vnfr_id12_18_35_, auto_scale36_.network_service_record_id as network_1_18_36_, autoscalep37_.id as auto_sca2_19_36_, autoscalep37_.id as id1_3_37_, autoscalep37_.version as version2_3_37_, connection38_.network_service_record_id as network_1_18_38_, connection39_.id as connecti2_20_38_, connection39_.id as id1_4_39_, connection39_.type as type2_4_39_, connection39_.version as version3_4_39_, connection39_.virtual_link_reference as virtual_1_82_39_, connection39_.clazz_ as clazz_39_, nfventityd40_.id as id1_27_40_, nfventityd40_.hb_version as hb_versi2_27_40_, nfventityd40_.vendor as vendor3_27_40_, nfventityd40_.version as version4_27_40_, nfventityd40_.descriptor_version as descript1_62_40_, nfventityd40_.manifest_file as manifest2_62_40_, nfventityd40_.nsd_security_id as nsd_secu1_14_40_, nfventityd40_.clazz_ as clazz_40_, lifecyclee41_.id as id1_10_41_, lifecyclee41_.version as version2_10_41_, lifecycle_42_.network_service_record_id as network_1_18_42_, lifecyclee43_.id as lifecycl2_21_42_, lifecyclee43_.id as id1_10_43_, lifecyclee43_.version as version2_10_43_, pnfr44_.network_service_record_id as network_1_18_44_, physicalne45_.id as pnfr_id2_23_44_, physicalne45_.id as id1_37_45_, physicalne45_.description as descript2_37_45_, physicalne45_.descriptor_reference_id as descript6_37_45_, physicalne45_.oam_reference as oam_refe3_37_45_, physicalne45_.parent_ns_id as parent_n7_37_45_, physicalne45_.vendor as vendor4_37_45_, physicalne45_.version as version5_37_45_, servicedep46_.id as id1_7_46_, servicedep46_.flavour_key as flavour_2_7_46_, servicedep46_.version as version3_7_46_, vlr47_.network_service_record_id as network_1_18_47_, virtuallin48_.id as vlr_id2_24_47_, virtuallin48_.id as id1_54_48_, virtuallin48_.connectivity_type as connecti2_54_48_, virtuallin48_.descriptor_reference as descript3_54_48_, virtuallin48_.leaf_requirement as leaf_req4_54_48_, virtuallin48_.number_of_enpoints as number_o5_54_48_, virtuallin48_.parent_ns as parent_n6_54_48_, virtuallin48_.root_requirement as root_req7_54_48_, virtuallin48_.status as status8_54_48_, virtuallin48_.test_access as test_acc9_54_48_, virtuallin48_.vendor as vendor10_54_48_, virtuallin48_.version as version11_54_48_, virtuallin48_.vim_id as vim_id12_54_48_, vnf_depend49_.network_service_record_id as network_1_18_49_, vnfdepende50_.id as vnf_depe2_25_49_, vnfdepende50_.id as id1_86_50_, vnfdepende50_.source_Id as source_I3_86_50_, vnfdepende50_.target_Id as target_I4_86_50_, vnfdepende50_.version as version2_86_50_, vnffgr51_.network_service_record_id as network_1_18_51_, vnfforward52_.id as vnffgr_i2_26_51_, vnfforward52_.id as id1_87_52_, vnfforward52_.descriptor_version as descript2_87_52_, vnfforward52_.hb_version as hb_versi3_87_52_, vnfforward52_.number_of_endpoints as number_o4_87_52_, vnfforward52_.number_of_virtual_links as number_o5_87_52_, vnfforward52_.vendor as vendor6_87_52_, vnfforward52_.version as version7_87_52_, vnfforward52_.vnffgd_security_id as vnffgd_s8_87_52_, virtualnet53_.id as id1_68_53_, virtualnet53_.audit_log as audit_lo2_68_53_, virtualnet53_.deployment_flavour_id as deployme9_68_53_, virtualnet53_.descriptor_reference as descript3_68_53_, virtualnet53_.lifecycle_event_id as lifecyc10_68_53_, virtualnet53_.localization as localiza4_68_53_, virtualnet53_.parent_ns_id as parent_11_68_53_, virtualnet53_.status as status5_68_53_, virtualnet53_.vendor as vendor6_68_53_, virtualnet53_.version as version7_68_53_, virtualnet53_.vnfm_id as vnfm_id8_68_53_ from vnfforwarding_graph_record vnfforward0_ left outer join vnfforwarding_graph_record_connection_point connection1_ on vnfforward0_.id=connection1_.vnfforwarding_graph_record_id left outer join vnfdconnection_point vnfdconnec2_ on connection1_.connection_point_id=vnfdconnec2_.id left outer join vnfforwarding_graph_record_dependent_virtual_link dependent_3_ on vnfforward0_.id=dependent_3_.vnfforwarding_graph_record_id left outer join virtual_link_record virtuallin4_ on dependent_3_.dependent_virtual_link_id=virtuallin4_.id left outer join virtual_link_record_lifecycle_event_history lifecycle_5_ on virtuallin4_.id=lifecycle_5_.virtual_link_record_id left outer join lifecycle_event lifecyclee6_ on lifecycle_5_.lifecycle_event_history_id=lifecyclee6_.id left outer join virtual_link_record_vnffgr_reference vnffgr_ref7_ on virtuallin4_.id=vnffgr_ref7_.virtual_link_record_id left outer join vnfforwarding_graph_record vnfforward8_ on vnffgr_ref7_.vnffgr_reference_id=vnfforward8_.id left outer join vnfforwarding_graph vnfforward9_ on vnfforward0_.descriptor_reference_id=vnfforward9_.id left outer join security security10_ on vnfforward9_.vnffgd_security_id=security10_.id left outer join vnfforwarding_graph_record_lifecycle_event_history lifecycle_11_ on vnfforward0_.id=lifecycle_11_.vnfforwarding_graph_record_id left outer join lifecycle_event lifecyclee12_ on lifecycle_11_.lifecycle_event_history_id=lifecyclee12_.id left outer join vnfforwarding_graph_record_member_vnfs member_vnf13_ on vnfforward0_.id=member_vnf13_.vnfforwarding_graph_record_id left outer join virtual_network_function_record virtualnet14_ on member_vnf13_.member_vnfs_id=virtualnet14_.id left outer join virtual_network_function_record_auto_scale_policy auto_scale15_ on virtualnet14_.id=auto_scale15_.virtual_network_function_record_id left outer join auto_scale_policy autoscalep16_ on auto_scale15_.auto_scale_policy_id=autoscalep16_.id left outer join virtual_network_function_record_connected_external_virtual_link connected_17_ on virtualnet14_.id=connected_17_.virtual_network_function_record_id left outer join virtual_link_record virtuallin18_ on connected_17_.connected_external_virtual_link_id=virtuallin18_.id left outer join virtual_network_function_record_connection_point connection19_ on virtualnet14_.id=connection19_.virtual_network_function_record_id left outer join ( select id, type, version, null as virtual_link_reference, 0 as clazz_ from connection_point union select id, type, version, virtual_link_reference, 1 as clazz_ from vnfdconnection_point ) connection20_ on connection19_.connection_point_id=connection20_.id left outer join virtual_network_function_record_dependency dependency21_ on virtualnet14_.id=dependency21_.virtual_network_function_record_id left outer join vnfdependency vnfdepende22_ on dependency21_.dependency_id=vnfdepende22_.id left outer join vnfddeployment_flavour vnfddeploy23_ on virtualnet14_.deployment_flavour_id=vnfddeploy23_.id left outer join lifecycle_event lifecyclee24_ on virtualnet14_.lifecycle_event_id=lifecyclee24_.id left outer join virtual_network_function_record_lifecycle_event_history lifecycle_25_ on virtualnet14_.id=lifecycle_25_.virtual_network_function_record_id left outer join lifecycle_event lifecyclee26_ on lifecycle_25_.lifecycle_event_history_id=lifecyclee26_.id left outer join network_service_record networkser27_ on virtualnet14_.parent_ns_id=networkser27_.id left outer join virtual_network_function_record_vdu vdu28_ on virtualnet14_.id=vdu28_.virtual_network_function_record_id left outer join virtual_deployment_unit virtualdep29_ on vdu28_.vdu_id=virtualdep29_.id left outer join virtual_network_function_record_virtual_link virtual_li30_ on virtualnet14_.id=virtual_li30_.virtual_network_function_record_id left outer join internal_virtual_link internalvi31_ on virtual_li30_.virtual_link_id=internalvi31_.id left outer join network_forwarding_path networkfor32_ on vnfforward0_.network_forwarding_path_id=networkfor32_.id left outer join network_forwarding_path_connection connection33_ on networkfor32_.id=connection33_.network_forwarding_path_id left outer join policy policy34_ on networkfor32_.policy_id=policy34_.id left outer join network_service_record networkser35_ on vnfforward0_.parent_ns_id=networkser35_.id left outer join network_service_record_auto_scale_policy auto_scale36_ on networkser35_.id=auto_scale36_.network_service_record_id left outer join auto_scale_policy autoscalep37_ on auto_scale36_.auto_scale_policy_id=autoscalep37_.id left outer join network_service_record_connection_point connection38_ on networkser35_.id=connection38_.network_service_record_id left outer join ( select id, type, version, null as virtual_link_reference, 0 as clazz_ from connection_point union select id, type, version, virtual_link_reference, 1 as clazz_ from vnfdconnection_point ) connection39_ on connection38_.connection_point_id=connection39_.id left outer join ( select id, hb_version, vendor, version, descriptor_version, manifest_file, null as nsd_security_id, 1 as clazz_ from virtual_network_function_descriptor union select id, hb_version, vendor, version, null as descriptor_version, null as manifest_file, nsd_security_id, 2 as clazz_ from network_service_descriptor ) nfventityd40_ on networkser35_.descriptor_reference_Id=nfventityd40_.id left outer join lifecycle_event lifecyclee41_ on networkser35_.lifecycle_event_id=lifecyclee41_.id left outer join network_service_record_lifecycle_event_history lifecycle_42_ on networkser35_.id=lifecycle_42_.network_service_record_id left outer join lifecycle_event lifecyclee43_ on lifecycle_42_.lifecycle_event_history_id=lifecyclee43_.id left outer join network_service_record_pnfr pnfr44_ on networkser35_.id=pnfr44_.network_service_record_id left outer join physical_network_function_record physicalne45_ on pnfr44_.pnfr_id=physicalne45_.id left outer join service_deployment_flavour servicedep46_ on networkser35_.service_deployment_flavour_id=servicedep46_.id left outer join network_service_record_vlr vlr47_ on networkser35_.id=vlr47_.network_service_record_id left outer join virtual_link_record virtuallin48_ on vlr47_.vlr_id=virtuallin48_.id left outer join network_service_record_vnf_dependency vnf_depend49_ on networkser35_.id=vnf_depend49_.network_service_record_id left outer join vnfdependency vnfdepende50_ on vnf_depend49_.vnf_dependency_id=vnfdepende50_.id left outer join network_service_record_vnffgr vnffgr51_ on networkser35_.id=vnffgr51_.network_service_record_id left outer join vnfforwarding_graph vnfforward52_ on vnffgr51_.vnffgr_id=vnfforward52_.id left outer join virtual_network_function_record virtualnet53_ on networkser35_.vnfr_id=virtualnet53_.id where vnfforward0_.id=?
13:23:07.229 [Test worker] DEBUG o.h.l.p.b.i.spaces.QuerySpacesImpl - Adding QuerySpace : uid = <gen:0> -> org.hibernate.loader.plan.build.internal.spaces.EntityQuerySpaceImpl@502dbdcf]
13:23:07.229 [Test worker] DEBUG o.h.p.w.spi.MetamodelGraphWalker - Visiting attribute path : audit_log
13:23:07.229 [Test worker] DEBUG o.h.p.w.spi.MetamodelGraphWalker - Visiting attribute path : connection_point
13:23:07.229 [Test worker] DEBUG o.h.l.p.b.i.spaces.QuerySpacesImpl - Adding QuerySpace : uid = <gen:1> -> org.hibernate.loader.plan.build.internal.spaces.CollectionQuerySpaceImpl@7da67efd]
13:23:07.229 [Test worker] DEBUG o.h.l.p.b.i.spaces.QuerySpacesImpl - Adding QuerySpace : uid = <gen:2> -> org.hibernate.loader.plan.build.internal.spaces.EntityQuerySpaceImpl@3ddb547d]
13:23:07.229 [Test worker] DEBUG o.h.p.w.spi.MetamodelGraphWalker - Visiting attribute path : dependent_virtual_link
13:23:07.229 [Test worker] DEBUG o.h.l.p.b.i.spaces.QuerySpacesImpl - Adding QuerySpace : uid = <gen:3> -> org.hibernate.loader.plan.build.internal.spaces.CollectionQuerySpaceImpl@a87fa45]
13:23:07.229 [Test worker] DEBUG o.h.l.p.b.i.spaces.QuerySpacesImpl - Adding QuerySpace : uid = <gen:4> -> org.hibernate.loader.plan.build.internal.spaces.EntityQuerySpaceImpl@653fcd69]
13:23:07.229 [Test worker] DEBUG o.h.p.w.spi.MetamodelGraphWalker - Visiting attribute path : descriptor_reference
13:23:07.229 [Test worker] DEBUG o.h.l.p.b.i.spaces.QuerySpacesImpl - Adding QuerySpace : uid = <gen:5> -> org.hibernate.loader.plan.build.internal.spaces.EntityQuerySpaceImpl@3fc6dc6d]
13:23:07.229 [Test worker] DEBUG o.h.p.w.spi.MetamodelGraphWalker - Visiting attribute path : lifecycle_event_history
13:23:07.229 [Test worker] DEBUG o.h.l.p.b.i.spaces.QuerySpacesImpl - Adding QuerySpace : uid = <gen:6> -> org.hibernate.loader.plan.build.internal.spaces.CollectionQuerySpaceImpl@18b198d1]
13:23:07.230 [Test worker] DEBUG o.h.l.p.b.i.spaces.QuerySpacesImpl - Adding QuerySpace : uid = <gen:7> -> org.hibernate.loader.plan.build.internal.spaces.EntityQuerySpaceImpl@33a7ce01]
13:23:07.230 [Test worker] DEBUG o.h.p.w.spi.MetamodelGraphWalker - Visiting attribute path : member_vnfs
13:23:07.230 [Test worker] DEBUG o.h.l.p.b.i.spaces.QuerySpacesImpl - Adding QuerySpace : uid = <gen:8> -> org.hibernate.loader.plan.build.internal.spaces.CollectionQuerySpaceImpl@4dc5be25]
13:23:07.230 [Test worker] DEBUG o.h.l.p.b.i.spaces.QuerySpacesImpl - Adding QuerySpace : uid = <gen:9> -> org.hibernate.loader.plan.build.internal.spaces.EntityQuerySpaceImpl@71469706]
13:23:07.230 [Test worker] DEBUG o.h.p.w.spi.MetamodelGraphWalker - Visiting attribute path : network_forwarding_path
13:23:07.230 [Test worker] DEBUG o.h.l.p.b.i.spaces.QuerySpacesImpl - Adding QuerySpace : uid = <gen:10> -> org.hibernate.loader.plan.build.internal.spaces.EntityQuerySpaceImpl@51654503]
13:23:07.230 [Test worker] DEBUG o.h.p.w.spi.MetamodelGraphWalker - Visiting attribute path : notification
13:23:07.230 [Test worker] DEBUG o.h.p.w.spi.MetamodelGraphWalker - Visiting attribute path : number_of_endpoints
13:23:07.230 [Test worker] DEBUG o.h.p.w.spi.MetamodelGraphWalker - Visiting attribute path : number_of_pnfs
13:23:07.230 [Test worker] DEBUG o.h.p.w.spi.MetamodelGraphWalker - Visiting attribute path : number_of_virtual_links
13:23:07.230 [Test worker] DEBUG o.h.p.w.spi.MetamodelGraphWalker - Visiting attribute path : number_of_vnfs
13:23:07.230 [Test worker] DEBUG o.h.p.w.spi.MetamodelGraphWalker - Visiting attribute path : parent_ns
13:23:07.230 [Test worker] DEBUG o.h.l.p.b.i.spaces.QuerySpacesImpl - Adding QuerySpace : uid = <gen:11> -> org.hibernate.loader.plan.build.internal.spaces.EntityQuerySpaceImpl@4f95f1b4]
13:23:07.230 [Test worker] DEBUG o.h.p.w.spi.MetamodelGraphWalker - Visiting attribute path : status
13:23:07.230 [Test worker] DEBUG o.h.p.w.spi.MetamodelGraphWalker - Visiting attribute path : vendor
13:23:07.230 [Test worker] DEBUG o.h.p.w.spi.MetamodelGraphWalker - Visiting attribute path : version
13:23:07.230 [Test worker] DEBUG o.h.l.p.b.i.FetchStyleLoadPlanBuildingAssociationVisitationStrategy - Building LoadPlan...
13:23:07.230 [Test worker] DEBUG o.h.l.p.e.i.LoadQueryJoinAndFetchProcessor - processing queryspace <gen:0>
13:23:07.231 [Test worker] DEBUG o.h.l.p.b.spi.LoadPlanTreePrinter - LoadPlan(entity=org.project.neutrino.nfvo.catalogue.mano.record.VNFForwardingGraphRecord)
    - Returns
       - EntityReturnImpl(entity=org.project.neutrino.nfvo.catalogue.mano.record.VNFForwardingGraphRecord, querySpaceUid=<gen:0>, path=org.project.neutrino.nfvo.catalogue.mano.record.VNFForwardingGraphRecord)
          - CollectionAttributeFetchImpl(collection=org.project.neutrino.nfvo.catalogue.mano.record.VNFForwardingGraphRecord.connection_point, querySpaceUid=<gen:1>, path=org.project.neutrino.nfvo.catalogue.mano.record.VNFForwardingGraphRecord.connection_point)
             - (collection element) CollectionFetchableElementEntityGraph(entity=org.project.neutrino.nfvo.catalogue.mano.descriptor.VNFDConnectionPoint, querySpaceUid=<gen:2>, path=org.project.neutrino.nfvo.catalogue.mano.record.VNFForwardingGraphRecord.connection_point.<elements>)
          - CollectionAttributeFetchImpl(collection=org.project.neutrino.nfvo.catalogue.mano.record.VNFForwardingGraphRecord.dependent_virtual_link, querySpaceUid=<gen:3>, path=org.project.neutrino.nfvo.catalogue.mano.record.VNFForwardingGraphRecord.dependent_virtual_link)
             - (collection element) CollectionFetchableElementEntityGraph(entity=org.project.neutrino.nfvo.catalogue.mano.record.VirtualLinkRecord, querySpaceUid=<gen:4>, path=org.project.neutrino.nfvo.catalogue.mano.record.VNFForwardingGraphRecord.dependent_virtual_link.<elements>)
          - EntityAttributeFetchImpl(entity=org.project.neutrino.nfvo.catalogue.mano.descriptor.VNFForwardingGraph, querySpaceUid=<gen:5>, path=org.project.neutrino.nfvo.catalogue.mano.record.VNFForwardingGraphRecord.descriptor_reference)
          - CollectionAttributeFetchImpl(collection=org.project.neutrino.nfvo.catalogue.mano.record.VNFForwardingGraphRecord.lifecycle_event_history, querySpaceUid=<gen:6>, path=org.project.neutrino.nfvo.catalogue.mano.record.VNFForwardingGraphRecord.lifecycle_event_history)
             - (collection element) CollectionFetchableElementEntityGraph(entity=org.project.neutrino.nfvo.catalogue.mano.common.LifecycleEvent, querySpaceUid=<gen:7>, path=org.project.neutrino.nfvo.catalogue.mano.record.VNFForwardingGraphRecord.lifecycle_event_history.<elements>)
          - CollectionAttributeFetchImpl(collection=org.project.neutrino.nfvo.catalogue.mano.record.VNFForwardingGraphRecord.member_vnfs, querySpaceUid=<gen:8>, path=org.project.neutrino.nfvo.catalogue.mano.record.VNFForwardingGraphRecord.member_vnfs)
             - (collection element) CollectionFetchableElementEntityGraph(entity=org.project.neutrino.nfvo.catalogue.mano.record.VirtualNetworkFunctionRecord, querySpaceUid=<gen:9>, path=org.project.neutrino.nfvo.catalogue.mano.record.VNFForwardingGraphRecord.member_vnfs.<elements>)
          - EntityAttributeFetchImpl(entity=org.project.neutrino.nfvo.catalogue.mano.descriptor.NetworkForwardingPath, querySpaceUid=<gen:10>, path=org.project.neutrino.nfvo.catalogue.mano.record.VNFForwardingGraphRecord.network_forwarding_path)
          - EntityAttributeFetchImpl(entity=org.project.neutrino.nfvo.catalogue.mano.record.NetworkServiceRecord, querySpaceUid=<gen:11>, path=org.project.neutrino.nfvo.catalogue.mano.record.VNFForwardingGraphRecord.parent_ns)
    - QuerySpaces
       - EntityQuerySpaceImpl(uid=<gen:0>, entity=org.project.neutrino.nfvo.catalogue.mano.record.VNFForwardingGraphRecord)
          - SQL table alias mapping - vnfforward0_
          - alias suffix - 0_
          - suffixed key columns - {id1_92_0_}

13:23:07.231 [Test worker] DEBUG o.h.loader.entity.plan.EntityLoader - Static select for entity org.project.neutrino.nfvo.catalogue.mano.record.VNFForwardingGraphRecord [UPGRADE]: select vnfforward0_.id as id1_92_0_, vnfforward0_.audit_log as audit_lo2_92_0_, vnfforward0_.descriptor_reference_id as descrip10_92_0_, vnfforward0_.network_forwarding_path_id as network11_92_0_, vnfforward0_.number_of_endpoints as number_o3_92_0_, vnfforward0_.number_of_pnfs as number_o4_92_0_, vnfforward0_.number_of_virtual_links as number_o5_92_0_, vnfforward0_.number_of_vnfs as number_o6_92_0_, vnfforward0_.parent_ns_id as parent_12_92_0_, vnfforward0_.status as status7_92_0_, vnfforward0_.vendor as vendor8_92_0_, vnfforward0_.version as version9_92_0_ from vnfforwarding_graph_record vnfforward0_ where vnfforward0_.id=? for update
13:23:07.231 [Test worker] DEBUG o.h.l.p.b.i.spaces.QuerySpacesImpl - Adding QuerySpace : uid = <gen:0> -> org.hibernate.loader.plan.build.internal.spaces.EntityQuerySpaceImpl@7d2f893d]
13:23:07.231 [Test worker] DEBUG o.h.p.w.spi.MetamodelGraphWalker - Visiting attribute path : audit_log
13:23:07.231 [Test worker] DEBUG o.h.p.w.spi.MetamodelGraphWalker - Visiting attribute path : connection_point
13:23:07.231 [Test worker] DEBUG o.h.l.p.b.i.spaces.QuerySpacesImpl - Adding QuerySpace : uid = <gen:1> -> org.hibernate.loader.plan.build.internal.spaces.CollectionQuerySpaceImpl@384d7ab3]
13:23:07.231 [Test worker] DEBUG o.h.l.p.b.i.spaces.QuerySpacesImpl - Adding QuerySpace : uid = <gen:2> -> org.hibernate.loader.plan.build.internal.spaces.EntityQuerySpaceImpl@66b29aa5]
13:23:07.231 [Test worker] DEBUG o.h.p.w.spi.MetamodelGraphWalker - Visiting attribute path : dependent_virtual_link
13:23:07.231 [Test worker] DEBUG o.h.l.p.b.i.spaces.QuerySpacesImpl - Adding QuerySpace : uid = <gen:3> -> org.hibernate.loader.plan.build.internal.spaces.CollectionQuerySpaceImpl@57c6fb4f]
13:23:07.231 [Test worker] DEBUG o.h.l.p.b.i.spaces.QuerySpacesImpl - Adding QuerySpace : uid = <gen:4> -> org.hibernate.loader.plan.build.internal.spaces.EntityQuerySpaceImpl@489d2c8e]
13:23:07.231 [Test worker] DEBUG o.h.p.w.spi.MetamodelGraphWalker - Visiting attribute path : descriptor_reference
13:23:07.231 [Test worker] DEBUG o.h.l.p.b.i.spaces.QuerySpacesImpl - Adding QuerySpace : uid = <gen:5> -> org.hibernate.loader.plan.build.internal.spaces.EntityQuerySpaceImpl@46d843e0]
13:23:07.231 [Test worker] DEBUG o.h.p.w.spi.MetamodelGraphWalker - Visiting attribute path : lifecycle_event_history
13:23:07.231 [Test worker] DEBUG o.h.l.p.b.i.spaces.QuerySpacesImpl - Adding QuerySpace : uid = <gen:6> -> org.hibernate.loader.plan.build.internal.spaces.CollectionQuerySpaceImpl@20504b76]
13:23:07.231 [Test worker] DEBUG o.h.l.p.b.i.spaces.QuerySpacesImpl - Adding QuerySpace : uid = <gen:7> -> org.hibernate.loader.plan.build.internal.spaces.EntityQuerySpaceImpl@778a408c]
13:23:07.231 [Test worker] DEBUG o.h.p.w.spi.MetamodelGraphWalker - Visiting attribute path : member_vnfs
13:23:07.231 [Test worker] DEBUG o.h.l.p.b.i.spaces.QuerySpacesImpl - Adding QuerySpace : uid = <gen:8> -> org.hibernate.loader.plan.build.internal.spaces.CollectionQuerySpaceImpl@1593e4a4]
13:23:07.231 [Test worker] DEBUG o.h.l.p.b.i.spaces.QuerySpacesImpl - Adding QuerySpace : uid = <gen:9> -> org.hibernate.loader.plan.build.internal.spaces.EntityQuerySpaceImpl@2087d60d]
13:23:07.231 [Test worker] DEBUG o.h.p.w.spi.MetamodelGraphWalker - Visiting attribute path : network_forwarding_path
13:23:07.231 [Test worker] DEBUG o.h.l.p.b.i.spaces.QuerySpacesImpl - Adding QuerySpace : uid = <gen:10> -> org.hibernate.loader.plan.build.internal.spaces.EntityQuerySpaceImpl@35f6002a]
13:23:07.231 [Test worker] DEBUG o.h.p.w.spi.MetamodelGraphWalker - Visiting attribute path : notification
13:23:07.231 [Test worker] DEBUG o.h.p.w.spi.MetamodelGraphWalker - Visiting attribute path : number_of_endpoints
13:23:07.232 [Test worker] DEBUG o.h.p.w.spi.MetamodelGraphWalker - Visiting attribute path : number_of_pnfs
13:23:07.232 [Test worker] DEBUG o.h.p.w.spi.MetamodelGraphWalker - Visiting attribute path : number_of_virtual_links
13:23:07.232 [Test worker] DEBUG o.h.p.w.spi.MetamodelGraphWalker - Visiting attribute path : number_of_vnfs
13:23:07.232 [Test worker] DEBUG o.h.p.w.spi.MetamodelGraphWalker - Visiting attribute path : parent_ns
13:23:07.232 [Test worker] DEBUG o.h.l.p.b.i.spaces.QuerySpacesImpl - Adding QuerySpace : uid = <gen:11> -> org.hibernate.loader.plan.build.internal.spaces.EntityQuerySpaceImpl@2984e113]
13:23:07.232 [Test worker] DEBUG o.h.p.w.spi.MetamodelGraphWalker - Visiting attribute path : status
13:23:07.232 [Test worker] DEBUG o.h.p.w.spi.MetamodelGraphWalker - Visiting attribute path : vendor
13:23:07.232 [Test worker] DEBUG o.h.p.w.spi.MetamodelGraphWalker - Visiting attribute path : version
13:23:07.232 [Test worker] DEBUG o.h.l.p.b.i.FetchStyleLoadPlanBuildingAssociationVisitationStrategy - Building LoadPlan...
13:23:07.232 [Test worker] DEBUG o.h.l.p.e.i.LoadQueryJoinAndFetchProcessor - processing queryspace <gen:0>
13:23:07.232 [Test worker] DEBUG o.h.l.p.b.spi.LoadPlanTreePrinter - LoadPlan(entity=org.project.neutrino.nfvo.catalogue.mano.record.VNFForwardingGraphRecord)
    - Returns
       - EntityReturnImpl(entity=org.project.neutrino.nfvo.catalogue.mano.record.VNFForwardingGraphRecord, querySpaceUid=<gen:0>, path=org.project.neutrino.nfvo.catalogue.mano.record.VNFForwardingGraphRecord)
          - CollectionAttributeFetchImpl(collection=org.project.neutrino.nfvo.catalogue.mano.record.VNFForwardingGraphRecord.connection_point, querySpaceUid=<gen:1>, path=org.project.neutrino.nfvo.catalogue.mano.record.VNFForwardingGraphRecord.connection_point)
             - (collection element) CollectionFetchableElementEntityGraph(entity=org.project.neutrino.nfvo.catalogue.mano.descriptor.VNFDConnectionPoint, querySpaceUid=<gen:2>, path=org.project.neutrino.nfvo.catalogue.mano.record.VNFForwardingGraphRecord.connection_point.<elements>)
          - CollectionAttributeFetchImpl(collection=org.project.neutrino.nfvo.catalogue.mano.record.VNFForwardingGraphRecord.dependent_virtual_link, querySpaceUid=<gen:3>, path=org.project.neutrino.nfvo.catalogue.mano.record.VNFForwardingGraphRecord.dependent_virtual_link)
             - (collection element) CollectionFetchableElementEntityGraph(entity=org.project.neutrino.nfvo.catalogue.mano.record.VirtualLinkRecord, querySpaceUid=<gen:4>, path=org.project.neutrino.nfvo.catalogue.mano.record.VNFForwardingGraphRecord.dependent_virtual_link.<elements>)
          - EntityAttributeFetchImpl(entity=org.project.neutrino.nfvo.catalogue.mano.descriptor.VNFForwardingGraph, querySpaceUid=<gen:5>, path=org.project.neutrino.nfvo.catalogue.mano.record.VNFForwardingGraphRecord.descriptor_reference)
          - CollectionAttributeFetchImpl(collection=org.project.neutrino.nfvo.catalogue.mano.record.VNFForwardingGraphRecord.lifecycle_event_history, querySpaceUid=<gen:6>, path=org.project.neutrino.nfvo.catalogue.mano.record.VNFForwardingGraphRecord.lifecycle_event_history)
             - (collection element) CollectionFetchableElementEntityGraph(entity=org.project.neutrino.nfvo.catalogue.mano.common.LifecycleEvent, querySpaceUid=<gen:7>, path=org.project.neutrino.nfvo.catalogue.mano.record.VNFForwardingGraphRecord.lifecycle_event_history.<elements>)
          - CollectionAttributeFetchImpl(collection=org.project.neutrino.nfvo.catalogue.mano.record.VNFForwardingGraphRecord.member_vnfs, querySpaceUid=<gen:8>, path=org.project.neutrino.nfvo.catalogue.mano.record.VNFForwardingGraphRecord.member_vnfs)
             - (collection element) CollectionFetchableElementEntityGraph(entity=org.project.neutrino.nfvo.catalogue.mano.record.VirtualNetworkFunctionRecord, querySpaceUid=<gen:9>, path=org.project.neutrino.nfvo.catalogue.mano.record.VNFForwardingGraphRecord.member_vnfs.<elements>)
          - EntityAttributeFetchImpl(entity=org.project.neutrino.nfvo.catalogue.mano.descriptor.NetworkForwardingPath, querySpaceUid=<gen:10>, path=org.project.neutrino.nfvo.catalogue.mano.record.VNFForwardingGraphRecord.network_forwarding_path)
          - EntityAttributeFetchImpl(entity=org.project.neutrino.nfvo.catalogue.mano.record.NetworkServiceRecord, querySpaceUid=<gen:11>, path=org.project.neutrino.nfvo.catalogue.mano.record.VNFForwardingGraphRecord.parent_ns)
    - QuerySpaces
       - EntityQuerySpaceImpl(uid=<gen:0>, entity=org.project.neutrino.nfvo.catalogue.mano.record.VNFForwardingGraphRecord)
          - SQL table alias mapping - vnfforward0_
          - alias suffix - 0_
          - suffixed key columns - {id1_92_0_}

13:23:07.232 [Test worker] DEBUG o.h.loader.entity.plan.EntityLoader - Static select for entity org.project.neutrino.nfvo.catalogue.mano.record.VNFForwardingGraphRecord [UPGRADE_NOWAIT]: select vnfforward0_.id as id1_92_0_, vnfforward0_.audit_log as audit_lo2_92_0_, vnfforward0_.descriptor_reference_id as descrip10_92_0_, vnfforward0_.network_forwarding_path_id as network11_92_0_, vnfforward0_.number_of_endpoints as number_o3_92_0_, vnfforward0_.number_of_pnfs as number_o4_92_0_, vnfforward0_.number_of_virtual_links as number_o5_92_0_, vnfforward0_.number_of_vnfs as number_o6_92_0_, vnfforward0_.parent_ns_id as parent_12_92_0_, vnfforward0_.status as status7_92_0_, vnfforward0_.vendor as vendor8_92_0_, vnfforward0_.version as version9_92_0_ from vnfforwarding_graph_record vnfforward0_ where vnfforward0_.id=? for update
13:23:07.233 [Test worker] DEBUG o.h.l.p.b.i.spaces.QuerySpacesImpl - Adding QuerySpace : uid = <gen:0> -> org.hibernate.loader.plan.build.internal.spaces.EntityQuerySpaceImpl@52d4bbb0]
13:23:07.233 [Test worker] DEBUG o.h.p.w.spi.MetamodelGraphWalker - Visiting attribute path : audit_log
13:23:07.233 [Test worker] DEBUG o.h.p.w.spi.MetamodelGraphWalker - Visiting attribute path : connection_point
13:23:07.233 [Test worker] DEBUG o.h.l.p.b.i.spaces.QuerySpacesImpl - Adding QuerySpace : uid = <gen:1> -> org.hibernate.loader.plan.build.internal.spaces.CollectionQuerySpaceImpl@1ccfc9f4]
13:23:07.233 [Test worker] DEBUG o.h.l.p.b.i.spaces.QuerySpacesImpl - Adding QuerySpace : uid = <gen:2> -> org.hibernate.loader.plan.build.internal.spaces.EntityQuerySpaceImpl@dd3c0f3]
13:23:07.233 [Test worker] DEBUG o.h.p.w.spi.MetamodelGraphWalker - Visiting attribute path : dependent_virtual_link
13:23:07.233 [Test worker] DEBUG o.h.l.p.b.i.spaces.QuerySpacesImpl - Adding QuerySpace : uid = <gen:3> -> org.hibernate.loader.plan.build.internal.spaces.CollectionQuerySpaceImpl@4920989c]
13:23:07.233 [Test worker] DEBUG o.h.l.p.b.i.spaces.QuerySpacesImpl - Adding QuerySpace : uid = <gen:4> -> org.hibernate.loader.plan.build.internal.spaces.EntityQuerySpaceImpl@7b034f45]
13:23:07.233 [Test worker] DEBUG o.h.p.w.spi.MetamodelGraphWalker - Visiting attribute path : descriptor_reference
13:23:07.233 [Test worker] DEBUG o.h.l.p.b.i.spaces.QuerySpacesImpl - Adding QuerySpace : uid = <gen:5> -> org.hibernate.loader.plan.build.internal.spaces.EntityQuerySpaceImpl@16497a1b]
13:23:07.233 [Test worker] DEBUG o.h.p.w.spi.MetamodelGraphWalker - Visiting attribute path : lifecycle_event_history
13:23:07.233 [Test worker] DEBUG o.h.l.p.b.i.spaces.QuerySpacesImpl - Adding QuerySpace : uid = <gen:6> -> org.hibernate.loader.plan.build.internal.spaces.CollectionQuerySpaceImpl@31ef8e0b]
13:23:07.233 [Test worker] DEBUG o.h.l.p.b.i.spaces.QuerySpacesImpl - Adding QuerySpace : uid = <gen:7> -> org.hibernate.loader.plan.build.internal.spaces.EntityQuerySpaceImpl@66568dc9]
13:23:07.233 [Test worker] DEBUG o.h.p.w.spi.MetamodelGraphWalker - Visiting attribute path : member_vnfs
13:23:07.233 [Test worker] DEBUG o.h.l.p.b.i.spaces.QuerySpacesImpl - Adding QuerySpace : uid = <gen:8> -> org.hibernate.loader.plan.build.internal.spaces.CollectionQuerySpaceImpl@3c76bb9c]
13:23:07.233 [Test worker] DEBUG o.h.l.p.b.i.spaces.QuerySpacesImpl - Adding QuerySpace : uid = <gen:9> -> org.hibernate.loader.plan.build.internal.spaces.EntityQuerySpaceImpl@17171dc7]
13:23:07.233 [Test worker] DEBUG o.h.p.w.spi.MetamodelGraphWalker - Visiting attribute path : network_forwarding_path
13:23:07.233 [Test worker] DEBUG o.h.l.p.b.i.spaces.QuerySpacesImpl - Adding QuerySpace : uid = <gen:10> -> org.hibernate.loader.plan.build.internal.spaces.EntityQuerySpaceImpl@6ea3ffa8]
13:23:07.233 [Test worker] DEBUG o.h.p.w.spi.MetamodelGraphWalker - Visiting attribute path : notification
13:23:07.233 [Test worker] DEBUG o.h.p.w.spi.MetamodelGraphWalker - Visiting attribute path : number_of_endpoints
13:23:07.233 [Test worker] DEBUG o.h.p.w.spi.MetamodelGraphWalker - Visiting attribute path : number_of_pnfs
13:23:07.233 [Test worker] DEBUG o.h.p.w.spi.MetamodelGraphWalker - Visiting attribute path : number_of_virtual_links
13:23:07.233 [Test worker] DEBUG o.h.p.w.spi.MetamodelGraphWalker - Visiting attribute path : number_of_vnfs
13:23:07.233 [Test worker] DEBUG o.h.p.w.spi.MetamodelGraphWalker - Visiting attribute path : parent_ns
13:23:07.234 [Test worker] DEBUG o.h.l.p.b.i.spaces.QuerySpacesImpl - Adding QuerySpace : uid = <gen:11> -> org.hibernate.loader.plan.build.internal.spaces.EntityQuerySpaceImpl@50e5a757]
13:23:07.234 [Test worker] DEBUG o.h.p.w.spi.MetamodelGraphWalker - Visiting attribute path : status
13:23:07.234 [Test worker] DEBUG o.h.p.w.spi.MetamodelGraphWalker - Visiting attribute path : vendor
13:23:07.234 [Test worker] DEBUG o.h.p.w.spi.MetamodelGraphWalker - Visiting attribute path : version
13:23:07.234 [Test worker] DEBUG o.h.l.p.b.i.FetchStyleLoadPlanBuildingAssociationVisitationStrategy - Building LoadPlan...
13:23:07.234 [Test worker] DEBUG o.h.l.p.e.i.LoadQueryJoinAndFetchProcessor - processing queryspace <gen:0>
13:23:07.234 [Test worker] DEBUG o.h.l.p.b.spi.LoadPlanTreePrinter - LoadPlan(entity=org.project.neutrino.nfvo.catalogue.mano.record.VNFForwardingGraphRecord)
    - Returns
       - EntityReturnImpl(entity=org.project.neutrino.nfvo.catalogue.mano.record.VNFForwardingGraphRecord, querySpaceUid=<gen:0>, path=org.project.neutrino.nfvo.catalogue.mano.record.VNFForwardingGraphRecord)
          - CollectionAttributeFetchImpl(collection=org.project.neutrino.nfvo.catalogue.mano.record.VNFForwardingGraphRecord.connection_point, querySpaceUid=<gen:1>, path=org.project.neutrino.nfvo.catalogue.mano.record.VNFForwardingGraphRecord.connection_point)
             - (collection element) CollectionFetchableElementEntityGraph(entity=org.project.neutrino.nfvo.catalogue.mano.descriptor.VNFDConnectionPoint, querySpaceUid=<gen:2>, path=org.project.neutrino.nfvo.catalogue.mano.record.VNFForwardingGraphRecord.connection_point.<elements>)
          - CollectionAttributeFetchImpl(collection=org.project.neutrino.nfvo.catalogue.mano.record.VNFForwardingGraphRecord.dependent_virtual_link, querySpaceUid=<gen:3>, path=org.project.neutrino.nfvo.catalogue.mano.record.VNFForwardingGraphRecord.dependent_virtual_link)
             - (collection element) CollectionFetchableElementEntityGraph(entity=org.project.neutrino.nfvo.catalogue.mano.record.VirtualLinkRecord, querySpaceUid=<gen:4>, path=org.project.neutrino.nfvo.catalogue.mano.record.VNFForwardingGraphRecord.dependent_virtual_link.<elements>)
          - EntityAttributeFetchImpl(entity=org.project.neutrino.nfvo.catalogue.mano.descriptor.VNFForwardingGraph, querySpaceUid=<gen:5>, path=org.project.neutrino.nfvo.catalogue.mano.record.VNFForwardingGraphRecord.descriptor_reference)
          - CollectionAttributeFetchImpl(collection=org.project.neutrino.nfvo.catalogue.mano.record.VNFForwardingGraphRecord.lifecycle_event_history, querySpaceUid=<gen:6>, path=org.project.neutrino.nfvo.catalogue.mano.record.VNFForwardingGraphRecord.lifecycle_event_history)
             - (collection element) CollectionFetchableElementEntityGraph(entity=org.project.neutrino.nfvo.catalogue.mano.common.LifecycleEvent, querySpaceUid=<gen:7>, path=org.project.neutrino.nfvo.catalogue.mano.record.VNFForwardingGraphRecord.lifecycle_event_history.<elements>)
          - CollectionAttributeFetchImpl(collection=org.project.neutrino.nfvo.catalogue.mano.record.VNFForwardingGraphRecord.member_vnfs, querySpaceUid=<gen:8>, path=org.project.neutrino.nfvo.catalogue.mano.record.VNFForwardingGraphRecord.member_vnfs)
             - (collection element) CollectionFetchableElementEntityGraph(entity=org.project.neutrino.nfvo.catalogue.mano.record.VirtualNetworkFunctionRecord, querySpaceUid=<gen:9>, path=org.project.neutrino.nfvo.catalogue.mano.record.VNFForwardingGraphRecord.member_vnfs.<elements>)
          - EntityAttributeFetchImpl(entity=org.project.neutrino.nfvo.catalogue.mano.descriptor.NetworkForwardingPath, querySpaceUid=<gen:10>, path=org.project.neutrino.nfvo.catalogue.mano.record.VNFForwardingGraphRecord.network_forwarding_path)
          - EntityAttributeFetchImpl(entity=org.project.neutrino.nfvo.catalogue.mano.record.NetworkServiceRecord, querySpaceUid=<gen:11>, path=org.project.neutrino.nfvo.catalogue.mano.record.VNFForwardingGraphRecord.parent_ns)
    - QuerySpaces
       - EntityQuerySpaceImpl(uid=<gen:0>, entity=org.project.neutrino.nfvo.catalogue.mano.record.VNFForwardingGraphRecord)
          - SQL table alias mapping - vnfforward0_
          - alias suffix - 0_
          - suffixed key columns - {id1_92_0_}

13:23:07.234 [Test worker] DEBUG o.h.loader.entity.plan.EntityLoader - Static select for entity org.project.neutrino.nfvo.catalogue.mano.record.VNFForwardingGraphRecord [UPGRADE_SKIPLOCKED]: select vnfforward0_.id as id1_92_0_, vnfforward0_.audit_log as audit_lo2_92_0_, vnfforward0_.descriptor_reference_id as descrip10_92_0_, vnfforward0_.network_forwarding_path_id as network11_92_0_, vnfforward0_.number_of_endpoints as number_o3_92_0_, vnfforward0_.number_of_pnfs as number_o4_92_0_, vnfforward0_.number_of_virtual_links as number_o5_92_0_, vnfforward0_.number_of_vnfs as number_o6_92_0_, vnfforward0_.parent_ns_id as parent_12_92_0_, vnfforward0_.status as status7_92_0_, vnfforward0_.vendor as vendor8_92_0_, vnfforward0_.version as version9_92_0_ from vnfforwarding_graph_record vnfforward0_ where vnfforward0_.id=? for update
13:23:07.234 [Test worker] DEBUG o.h.l.p.b.i.spaces.QuerySpacesImpl - Adding QuerySpace : uid = <gen:0> -> org.hibernate.loader.plan.build.internal.spaces.EntityQuerySpaceImpl@154d6a3f]
13:23:07.235 [Test worker] DEBUG o.h.p.w.spi.MetamodelGraphWalker - Visiting attribute path : audit_log
13:23:07.235 [Test worker] DEBUG o.h.p.w.spi.MetamodelGraphWalker - Visiting attribute path : connection_point
13:23:07.235 [Test worker] DEBUG o.h.l.p.b.i.spaces.QuerySpacesImpl - Adding QuerySpace : uid = <gen:1> -> org.hibernate.loader.plan.build.internal.spaces.CollectionQuerySpaceImpl@5b6a9fd3]
13:23:07.235 [Test worker] DEBUG o.h.l.p.b.i.spaces.QuerySpacesImpl - Adding QuerySpace : uid = <gen:2> -> org.hibernate.loader.plan.build.internal.spaces.EntityQuerySpaceImpl@35230488]
13:23:07.235 [Test worker] DEBUG o.h.p.w.spi.MetamodelGraphWalker - Visiting attribute path : dependent_virtual_link
13:23:07.235 [Test worker] DEBUG o.h.l.p.b.i.spaces.QuerySpacesImpl - Adding QuerySpace : uid = <gen:3> -> org.hibernate.loader.plan.build.internal.spaces.CollectionQuerySpaceImpl@dfe97f9]
13:23:07.235 [Test worker] DEBUG o.h.l.p.b.i.spaces.QuerySpacesImpl - Adding QuerySpace : uid = <gen:4> -> org.hibernate.loader.plan.build.internal.spaces.EntityQuerySpaceImpl@45ab639c]
13:23:07.235 [Test worker] DEBUG o.h.p.w.spi.MetamodelGraphWalker - Visiting attribute path : descriptor_reference
13:23:07.235 [Test worker] DEBUG o.h.l.p.b.i.spaces.QuerySpacesImpl - Adding QuerySpace : uid = <gen:5> -> org.hibernate.loader.plan.build.internal.spaces.EntityQuerySpaceImpl@7718ba7f]
13:23:07.235 [Test worker] DEBUG o.h.p.w.spi.MetamodelGraphWalker - Visiting attribute path : lifecycle_event_history
13:23:07.235 [Test worker] DEBUG o.h.l.p.b.i.spaces.QuerySpacesImpl - Adding QuerySpace : uid = <gen:6> -> org.hibernate.loader.plan.build.internal.spaces.CollectionQuerySpaceImpl@787c24ee]
13:23:07.235 [Test worker] DEBUG o.h.l.p.b.i.spaces.QuerySpacesImpl - Adding QuerySpace : uid = <gen:7> -> org.hibernate.loader.plan.build.internal.spaces.EntityQuerySpaceImpl@1e5cc30e]
13:23:07.235 [Test worker] DEBUG o.h.p.w.spi.MetamodelGraphWalker - Visiting attribute path : member_vnfs
13:23:07.235 [Test worker] DEBUG o.h.l.p.b.i.spaces.QuerySpacesImpl - Adding QuerySpace : uid = <gen:8> -> org.hibernate.loader.plan.build.internal.spaces.CollectionQuerySpaceImpl@5c09dbb4]
13:23:07.235 [Test worker] DEBUG o.h.l.p.b.i.spaces.QuerySpacesImpl - Adding QuerySpace : uid = <gen:9> -> org.hibernate.loader.plan.build.internal.spaces.EntityQuerySpaceImpl@b3735a1]
13:23:07.235 [Test worker] DEBUG o.h.p.w.spi.MetamodelGraphWalker - Visiting attribute path : network_forwarding_path
13:23:07.235 [Test worker] DEBUG o.h.l.p.b.i.spaces.QuerySpacesImpl - Adding QuerySpace : uid = <gen:10> -> org.hibernate.loader.plan.build.internal.spaces.EntityQuerySpaceImpl@55a1e2c7]
13:23:07.235 [Test worker] DEBUG o.h.p.w.spi.MetamodelGraphWalker - Visiting attribute path : notification
13:23:07.235 [Test worker] DEBUG o.h.p.w.spi.MetamodelGraphWalker - Visiting attribute path : number_of_endpoints
13:23:07.235 [Test worker] DEBUG o.h.p.w.spi.MetamodelGraphWalker - Visiting attribute path : number_of_pnfs
13:23:07.235 [Test worker] DEBUG o.h.p.w.spi.MetamodelGraphWalker - Visiting attribute path : number_of_virtual_links
13:23:07.235 [Test worker] DEBUG o.h.p.w.spi.MetamodelGraphWalker - Visiting attribute path : number_of_vnfs
13:23:07.235 [Test worker] DEBUG o.h.p.w.spi.MetamodelGraphWalker - Visiting attribute path : parent_ns
13:23:07.235 [Test worker] DEBUG o.h.l.p.b.i.spaces.QuerySpacesImpl - Adding QuerySpace : uid = <gen:11> -> org.hibernate.loader.plan.build.internal.spaces.EntityQuerySpaceImpl@772fa2bc]
13:23:07.235 [Test worker] DEBUG o.h.p.w.spi.MetamodelGraphWalker - Visiting attribute path : status
13:23:07.235 [Test worker] DEBUG o.h.p.w.spi.MetamodelGraphWalker - Visiting attribute path : vendor
13:23:07.235 [Test worker] DEBUG o.h.p.w.spi.MetamodelGraphWalker - Visiting attribute path : version
13:23:07.235 [Test worker] DEBUG o.h.l.p.b.i.FetchStyleLoadPlanBuildingAssociationVisitationStrategy - Building LoadPlan...
13:23:07.236 [Test worker] DEBUG o.h.l.p.e.i.LoadQueryJoinAndFetchProcessor - processing queryspace <gen:0>
13:23:07.236 [Test worker] DEBUG o.h.l.p.b.spi.LoadPlanTreePrinter - LoadPlan(entity=org.project.neutrino.nfvo.catalogue.mano.record.VNFForwardingGraphRecord)
    - Returns
       - EntityReturnImpl(entity=org.project.neutrino.nfvo.catalogue.mano.record.VNFForwardingGraphRecord, querySpaceUid=<gen:0>, path=org.project.neutrino.nfvo.catalogue.mano.record.VNFForwardingGraphRecord)
          - CollectionAttributeFetchImpl(collection=org.project.neutrino.nfvo.catalogue.mano.record.VNFForwardingGraphRecord.connection_point, querySpaceUid=<gen:1>, path=org.project.neutrino.nfvo.catalogue.mano.record.VNFForwardingGraphRecord.connection_point)
             - (collection element) CollectionFetchableElementEntityGraph(entity=org.project.neutrino.nfvo.catalogue.mano.descriptor.VNFDConnectionPoint, querySpaceUid=<gen:2>, path=org.project.neutrino.nfvo.catalogue.mano.record.VNFForwardingGraphRecord.connection_point.<elements>)
          - CollectionAttributeFetchImpl(collection=org.project.neutrino.nfvo.catalogue.mano.record.VNFForwardingGraphRecord.dependent_virtual_link, querySpaceUid=<gen:3>, path=org.project.neutrino.nfvo.catalogue.mano.record.VNFForwardingGraphRecord.dependent_virtual_link)
             - (collection element) CollectionFetchableElementEntityGraph(entity=org.project.neutrino.nfvo.catalogue.mano.record.VirtualLinkRecord, querySpaceUid=<gen:4>, path=org.project.neutrino.nfvo.catalogue.mano.record.VNFForwardingGraphRecord.dependent_virtual_link.<elements>)
          - EntityAttributeFetchImpl(entity=org.project.neutrino.nfvo.catalogue.mano.descriptor.VNFForwardingGraph, querySpaceUid=<gen:5>, path=org.project.neutrino.nfvo.catalogue.mano.record.VNFForwardingGraphRecord.descriptor_reference)
          - CollectionAttributeFetchImpl(collection=org.project.neutrino.nfvo.catalogue.mano.record.VNFForwardingGraphRecord.lifecycle_event_history, querySpaceUid=<gen:6>, path=org.project.neutrino.nfvo.catalogue.mano.record.VNFForwardingGraphRecord.lifecycle_event_history)
             - (collection element) CollectionFetchableElementEntityGraph(entity=org.project.neutrino.nfvo.catalogue.mano.common.LifecycleEvent, querySpaceUid=<gen:7>, path=org.project.neutrino.nfvo.catalogue.mano.record.VNFForwardingGraphRecord.lifecycle_event_history.<elements>)
          - CollectionAttributeFetchImpl(collection=org.project.neutrino.nfvo.catalogue.mano.record.VNFForwardingGraphRecord.member_vnfs, querySpaceUid=<gen:8>, path=org.project.neutrino.nfvo.catalogue.mano.record.VNFForwardingGraphRecord.member_vnfs)
             - (collection element) CollectionFetchableElementEntityGraph(entity=org.project.neutrino.nfvo.catalogue.mano.record.VirtualNetworkFunctionRecord, querySpaceUid=<gen:9>, path=org.project.neutrino.nfvo.catalogue.mano.record.VNFForwardingGraphRecord.member_vnfs.<elements>)
          - EntityAttributeFetchImpl(entity=org.project.neutrino.nfvo.catalogue.mano.descriptor.NetworkForwardingPath, querySpaceUid=<gen:10>, path=org.project.neutrino.nfvo.catalogue.mano.record.VNFForwardingGraphRecord.network_forwarding_path)
          - EntityAttributeFetchImpl(entity=org.project.neutrino.nfvo.catalogue.mano.record.NetworkServiceRecord, querySpaceUid=<gen:11>, path=org.project.neutrino.nfvo.catalogue.mano.record.VNFForwardingGraphRecord.parent_ns)
    - QuerySpaces
       - EntityQuerySpaceImpl(uid=<gen:0>, entity=org.project.neutrino.nfvo.catalogue.mano.record.VNFForwardingGraphRecord)
          - SQL table alias mapping - vnfforward0_
          - alias suffix - 0_
          - suffixed key columns - {id1_92_0_}

13:23:07.236 [Test worker] DEBUG o.h.loader.entity.plan.EntityLoader - Static select for entity org.project.neutrino.nfvo.catalogue.mano.record.VNFForwardingGraphRecord [FORCE]: select vnfforward0_.id as id1_92_0_, vnfforward0_.audit_log as audit_lo2_92_0_, vnfforward0_.descriptor_reference_id as descrip10_92_0_, vnfforward0_.network_forwarding_path_id as network11_92_0_, vnfforward0_.number_of_endpoints as number_o3_92_0_, vnfforward0_.number_of_pnfs as number_o4_92_0_, vnfforward0_.number_of_virtual_links as number_o5_92_0_, vnfforward0_.number_of_vnfs as number_o6_92_0_, vnfforward0_.parent_ns_id as parent_12_92_0_, vnfforward0_.status as status7_92_0_, vnfforward0_.vendor as vendor8_92_0_, vnfforward0_.version as version9_92_0_ from vnfforwarding_graph_record vnfforward0_ where vnfforward0_.id=? for update
13:23:07.236 [Test worker] DEBUG o.h.l.p.b.i.spaces.QuerySpacesImpl - Adding QuerySpace : uid = <gen:0> -> org.hibernate.loader.plan.build.internal.spaces.EntityQuerySpaceImpl@586521c5]
13:23:07.236 [Test worker] DEBUG o.h.p.w.spi.MetamodelGraphWalker - Visiting attribute path : audit_log
13:23:07.236 [Test worker] DEBUG o.h.p.w.spi.MetamodelGraphWalker - Visiting attribute path : connection_point
13:23:07.236 [Test worker] DEBUG o.h.l.p.b.i.spaces.QuerySpacesImpl - Adding QuerySpace : uid = <gen:1> -> org.hibernate.loader.plan.build.internal.spaces.CollectionQuerySpaceImpl@372a0276]
13:23:07.236 [Test worker] DEBUG o.h.l.p.b.i.spaces.QuerySpacesImpl - Adding QuerySpace : uid = <gen:2> -> org.hibernate.loader.plan.build.internal.spaces.EntityQuerySpaceImpl@2707ad45]
13:23:07.236 [Test worker] DEBUG o.h.p.w.spi.MetamodelGraphWalker - Visiting attribute path : dependent_virtual_link
13:23:07.236 [Test worker] DEBUG o.h.l.p.b.i.spaces.QuerySpacesImpl - Adding QuerySpace : uid = <gen:3> -> org.hibernate.loader.plan.build.internal.spaces.CollectionQuerySpaceImpl@6900a107]
13:23:07.236 [Test worker] DEBUG o.h.l.p.b.i.spaces.QuerySpacesImpl - Adding QuerySpace : uid = <gen:4> -> org.hibernate.loader.plan.build.internal.spaces.EntityQuerySpaceImpl@284c086c]
13:23:07.237 [Test worker] DEBUG o.h.p.w.spi.MetamodelGraphWalker - Visiting attribute path : descriptor_reference
13:23:07.237 [Test worker] DEBUG o.h.l.p.b.i.spaces.QuerySpacesImpl - Adding QuerySpace : uid = <gen:5> -> org.hibernate.loader.plan.build.internal.spaces.EntityQuerySpaceImpl@17bcff1f]
13:23:07.237 [Test worker] DEBUG o.h.p.w.spi.MetamodelGraphWalker - Visiting attribute path : lifecycle_event_history
13:23:07.237 [Test worker] DEBUG o.h.l.p.b.i.spaces.QuerySpacesImpl - Adding QuerySpace : uid = <gen:6> -> org.hibernate.loader.plan.build.internal.spaces.CollectionQuerySpaceImpl@79115865]
13:23:07.237 [Test worker] DEBUG o.h.l.p.b.i.spaces.QuerySpacesImpl - Adding QuerySpace : uid = <gen:7> -> org.hibernate.loader.plan.build.internal.spaces.EntityQuerySpaceImpl@61c28cfb]
13:23:07.237 [Test worker] DEBUG o.h.p.w.spi.MetamodelGraphWalker - Visiting attribute path : member_vnfs
13:23:07.237 [Test worker] DEBUG o.h.l.p.b.i.spaces.QuerySpacesImpl - Adding QuerySpace : uid = <gen:8> -> org.hibernate.loader.plan.build.internal.spaces.CollectionQuerySpaceImpl@2bb5e4e1]
13:23:07.237 [Test worker] DEBUG o.h.l.p.b.i.spaces.QuerySpacesImpl - Adding QuerySpace : uid = <gen:9> -> org.hibernate.loader.plan.build.internal.spaces.EntityQuerySpaceImpl@32c58632]
13:23:07.237 [Test worker] DEBUG o.h.p.w.spi.MetamodelGraphWalker - Visiting attribute path : network_forwarding_path
13:23:07.237 [Test worker] DEBUG o.h.l.p.b.i.spaces.QuerySpacesImpl - Adding QuerySpace : uid = <gen:10> -> org.hibernate.loader.plan.build.internal.spaces.EntityQuerySpaceImpl@45ed56a8]
13:23:07.237 [Test worker] DEBUG o.h.p.w.spi.MetamodelGraphWalker - Visiting attribute path : notification
13:23:07.237 [Test worker] DEBUG o.h.p.w.spi.MetamodelGraphWalker - Visiting attribute path : number_of_endpoints
13:23:07.237 [Test worker] DEBUG o.h.p.w.spi.MetamodelGraphWalker - Visiting attribute path : number_of_pnfs
13:23:07.237 [Test worker] DEBUG o.h.p.w.spi.MetamodelGraphWalker - Visiting attribute path : number_of_virtual_links
13:23:07.237 [Test worker] DEBUG o.h.p.w.spi.MetamodelGraphWalker - Visiting attribute path : number_of_vnfs
13:23:07.237 [Test worker] DEBUG o.h.p.w.spi.MetamodelGraphWalker - Visiting attribute path : parent_ns
13:23:07.237 [Test worker] DEBUG o.h.l.p.b.i.spaces.QuerySpacesImpl - Adding QuerySpace : uid = <gen:11> -> org.hibernate.loader.plan.build.internal.spaces.EntityQuerySpaceImpl@60d45375]
13:23:07.237 [Test worker] DEBUG o.h.p.w.spi.MetamodelGraphWalker - Visiting attribute path : status
13:23:07.237 [Test worker] DEBUG o.h.p.w.spi.MetamodelGraphWalker - Visiting attribute path : vendor
13:23:07.237 [Test worker] DEBUG o.h.p.w.spi.MetamodelGraphWalker - Visiting attribute path : version
13:23:07.237 [Test worker] DEBUG o.h.l.p.b.i.FetchStyleLoadPlanBuildingAssociationVisitationStrategy - Building LoadPlan...
13:23:07.237 [Test worker] DEBUG o.h.l.p.e.i.LoadQueryJoinAndFetchProcessor - processing queryspace <gen:0>
13:23:07.238 [Test worker] DEBUG o.h.l.p.b.spi.LoadPlanTreePrinter - LoadPlan(entity=org.project.neutrino.nfvo.catalogue.mano.record.VNFForwardingGraphRecord)
    - Returns
       - EntityReturnImpl(entity=org.project.neutrino.nfvo.catalogue.mano.record.VNFForwardingGraphRecord, querySpaceUid=<gen:0>, path=org.project.neutrino.nfvo.catalogue.mano.record.VNFForwardingGraphRecord)
          - CollectionAttributeFetchImpl(collection=org.project.neutrino.nfvo.catalogue.mano.record.VNFForwardingGraphRecord.connection_point, querySpaceUid=<gen:1>, path=org.project.neutrino.nfvo.catalogue.mano.record.VNFForwardingGraphRecord.connection_point)
             - (collection element) CollectionFetchableElementEntityGraph(entity=org.project.neutrino.nfvo.catalogue.mano.descriptor.VNFDConnectionPoint, querySpaceUid=<gen:2>, path=org.project.neutrino.nfvo.catalogue.mano.record.VNFForwardingGraphRecord.connection_point.<elements>)
          - CollectionAttributeFetchImpl(collection=org.project.neutrino.nfvo.catalogue.mano.record.VNFForwardingGraphRecord.dependent_virtual_link, querySpaceUid=<gen:3>, path=org.project.neutrino.nfvo.catalogue.mano.record.VNFForwardingGraphRecord.dependent_virtual_link)
             - (collection element) CollectionFetchableElementEntityGraph(entity=org.project.neutrino.nfvo.catalogue.mano.record.VirtualLinkRecord, querySpaceUid=<gen:4>, path=org.project.neutrino.nfvo.catalogue.mano.record.VNFForwardingGraphRecord.dependent_virtual_link.<elements>)
          - EntityAttributeFetchImpl(entity=org.project.neutrino.nfvo.catalogue.mano.descriptor.VNFForwardingGraph, querySpaceUid=<gen:5>, path=org.project.neutrino.nfvo.catalogue.mano.record.VNFForwardingGraphRecord.descriptor_reference)
          - CollectionAttributeFetchImpl(collection=org.project.neutrino.nfvo.catalogue.mano.record.VNFForwardingGraphRecord.lifecycle_event_history, querySpaceUid=<gen:6>, path=org.project.neutrino.nfvo.catalogue.mano.record.VNFForwardingGraphRecord.lifecycle_event_history)
             - (collection element) CollectionFetchableElementEntityGraph(entity=org.project.neutrino.nfvo.catalogue.mano.common.LifecycleEvent, querySpaceUid=<gen:7>, path=org.project.neutrino.nfvo.catalogue.mano.record.VNFForwardingGraphRecord.lifecycle_event_history.<elements>)
          - CollectionAttributeFetchImpl(collection=org.project.neutrino.nfvo.catalogue.mano.record.VNFForwardingGraphRecord.member_vnfs, querySpaceUid=<gen:8>, path=org.project.neutrino.nfvo.catalogue.mano.record.VNFForwardingGraphRecord.member_vnfs)
             - (collection element) CollectionFetchableElementEntityGraph(entity=org.project.neutrino.nfvo.catalogue.mano.record.VirtualNetworkFunctionRecord, querySpaceUid=<gen:9>, path=org.project.neutrino.nfvo.catalogue.mano.record.VNFForwardingGraphRecord.member_vnfs.<elements>)
          - EntityAttributeFetchImpl(entity=org.project.neutrino.nfvo.catalogue.mano.descriptor.NetworkForwardingPath, querySpaceUid=<gen:10>, path=org.project.neutrino.nfvo.catalogue.mano.record.VNFForwardingGraphRecord.network_forwarding_path)
          - EntityAttributeFetchImpl(entity=org.project.neutrino.nfvo.catalogue.mano.record.NetworkServiceRecord, querySpaceUid=<gen:11>, path=org.project.neutrino.nfvo.catalogue.mano.record.VNFForwardingGraphRecord.parent_ns)
    - QuerySpaces
       - EntityQuerySpaceImpl(uid=<gen:0>, entity=org.project.neutrino.nfvo.catalogue.mano.record.VNFForwardingGraphRecord)
          - SQL table alias mapping - vnfforward0_
          - alias suffix - 0_
          - suffixed key columns - {id1_92_0_}

13:23:07.239 [Test worker] DEBUG o.h.loader.entity.plan.EntityLoader - Static select for entity org.project.neutrino.nfvo.catalogue.mano.record.VNFForwardingGraphRecord [PESSIMISTIC_READ]: select vnfforward0_.id as id1_92_0_, vnfforward0_.audit_log as audit_lo2_92_0_, vnfforward0_.descriptor_reference_id as descrip10_92_0_, vnfforward0_.network_forwarding_path_id as network11_92_0_, vnfforward0_.number_of_endpoints as number_o3_92_0_, vnfforward0_.number_of_pnfs as number_o4_92_0_, vnfforward0_.number_of_virtual_links as number_o5_92_0_, vnfforward0_.number_of_vnfs as number_o6_92_0_, vnfforward0_.parent_ns_id as parent_12_92_0_, vnfforward0_.status as status7_92_0_, vnfforward0_.vendor as vendor8_92_0_, vnfforward0_.version as version9_92_0_ from vnfforwarding_graph_record vnfforward0_ where vnfforward0_.id=? lock in share mode
13:23:07.239 [Test worker] DEBUG o.h.l.p.b.i.spaces.QuerySpacesImpl - Adding QuerySpace : uid = <gen:0> -> org.hibernate.loader.plan.build.internal.spaces.EntityQuerySpaceImpl@13b357fd]
13:23:07.239 [Test worker] DEBUG o.h.p.w.spi.MetamodelGraphWalker - Visiting attribute path : audit_log
13:23:07.239 [Test worker] DEBUG o.h.p.w.spi.MetamodelGraphWalker - Visiting attribute path : connection_point
13:23:07.239 [Test worker] DEBUG o.h.l.p.b.i.spaces.QuerySpacesImpl - Adding QuerySpace : uid = <gen:1> -> org.hibernate.loader.plan.build.internal.spaces.CollectionQuerySpaceImpl@dda8b16]
13:23:07.239 [Test worker] DEBUG o.h.l.p.b.i.spaces.QuerySpacesImpl - Adding QuerySpace : uid = <gen:2> -> org.hibernate.loader.plan.build.internal.spaces.EntityQuerySpaceImpl@6e15875]
13:23:07.239 [Test worker] DEBUG o.h.p.w.spi.MetamodelGraphWalker - Visiting attribute path : dependent_virtual_link
13:23:07.239 [Test worker] DEBUG o.h.l.p.b.i.spaces.QuerySpacesImpl - Adding QuerySpace : uid = <gen:3> -> org.hibernate.loader.plan.build.internal.spaces.CollectionQuerySpaceImpl@34766cda]
13:23:07.239 [Test worker] DEBUG o.h.l.p.b.i.spaces.QuerySpacesImpl - Adding QuerySpace : uid = <gen:4> -> org.hibernate.loader.plan.build.internal.spaces.EntityQuerySpaceImpl@4ae4771e]
13:23:07.239 [Test worker] DEBUG o.h.p.w.spi.MetamodelGraphWalker - Visiting attribute path : descriptor_reference
13:23:07.239 [Test worker] DEBUG o.h.l.p.b.i.spaces.QuerySpacesImpl - Adding QuerySpace : uid = <gen:5> -> org.hibernate.loader.plan.build.internal.spaces.EntityQuerySpaceImpl@5d4878fb]
13:23:07.240 [Test worker] DEBUG o.h.p.w.spi.MetamodelGraphWalker - Visiting attribute path : lifecycle_event_history
13:23:07.240 [Test worker] DEBUG o.h.l.p.b.i.spaces.QuerySpacesImpl - Adding QuerySpace : uid = <gen:6> -> org.hibernate.loader.plan.build.internal.spaces.CollectionQuerySpaceImpl@40fed695]
13:23:07.240 [Test worker] DEBUG o.h.l.p.b.i.spaces.QuerySpacesImpl - Adding QuerySpace : uid = <gen:7> -> org.hibernate.loader.plan.build.internal.spaces.EntityQuerySpaceImpl@1ab9f189]
13:23:07.240 [Test worker] DEBUG o.h.p.w.spi.MetamodelGraphWalker - Visiting attribute path : member_vnfs
13:23:07.240 [Test worker] DEBUG o.h.l.p.b.i.spaces.QuerySpacesImpl - Adding QuerySpace : uid = <gen:8> -> org.hibernate.loader.plan.build.internal.spaces.CollectionQuerySpaceImpl@25a06714]
13:23:07.240 [Test worker] DEBUG o.h.l.p.b.i.spaces.QuerySpacesImpl - Adding QuerySpace : uid = <gen:9> -> org.hibernate.loader.plan.build.internal.spaces.EntityQuerySpaceImpl@45cf6558]
13:23:07.240 [Test worker] DEBUG o.h.p.w.spi.MetamodelGraphWalker - Visiting attribute path : network_forwarding_path
13:23:07.240 [Test worker] DEBUG o.h.l.p.b.i.spaces.QuerySpacesImpl - Adding QuerySpace : uid = <gen:10> -> org.hibernate.loader.plan.build.internal.spaces.EntityQuerySpaceImpl@33069836]
13:23:07.240 [Test worker] DEBUG o.h.p.w.spi.MetamodelGraphWalker - Visiting attribute path : notification
13:23:07.240 [Test worker] DEBUG o.h.p.w.spi.MetamodelGraphWalker - Visiting attribute path : number_of_endpoints
13:23:07.240 [Test worker] DEBUG o.h.p.w.spi.MetamodelGraphWalker - Visiting attribute path : number_of_pnfs
13:23:07.240 [Test worker] DEBUG o.h.p.w.spi.MetamodelGraphWalker - Visiting attribute path : number_of_virtual_links
13:23:07.240 [Test worker] DEBUG o.h.p.w.spi.MetamodelGraphWalker - Visiting attribute path : number_of_vnfs
13:23:07.240 [Test worker] DEBUG o.h.p.w.spi.MetamodelGraphWalker - Visiting attribute path : parent_ns
13:23:07.240 [Test worker] DEBUG o.h.l.p.b.i.spaces.QuerySpacesImpl - Adding QuerySpace : uid = <gen:11> -> org.hibernate.loader.plan.build.internal.spaces.EntityQuerySpaceImpl@75f31b65]
13:23:07.240 [Test worker] DEBUG o.h.p.w.spi.MetamodelGraphWalker - Visiting attribute path : status
13:23:07.240 [Test worker] DEBUG o.h.p.w.spi.MetamodelGraphWalker - Visiting attribute path : vendor
13:23:07.240 [Test worker] DEBUG o.h.p.w.spi.MetamodelGraphWalker - Visiting attribute path : version
13:23:07.240 [Test worker] DEBUG o.h.l.p.b.i.FetchStyleLoadPlanBuildingAssociationVisitationStrategy - Building LoadPlan...
13:23:07.240 [Test worker] DEBUG o.h.l.p.e.i.LoadQueryJoinAndFetchProcessor - processing queryspace <gen:0>
13:23:07.241 [Test worker] DEBUG o.h.l.p.b.spi.LoadPlanTreePrinter - LoadPlan(entity=org.project.neutrino.nfvo.catalogue.mano.record.VNFForwardingGraphRecord)
    - Returns
       - EntityReturnImpl(entity=org.project.neutrino.nfvo.catalogue.mano.record.VNFForwardingGraphRecord, querySpaceUid=<gen:0>, path=org.project.neutrino.nfvo.catalogue.mano.record.VNFForwardingGraphRecord)
          - CollectionAttributeFetchImpl(collection=org.project.neutrino.nfvo.catalogue.mano.record.VNFForwardingGraphRecord.connection_point, querySpaceUid=<gen:1>, path=org.project.neutrino.nfvo.catalogue.mano.record.VNFForwardingGraphRecord.connection_point)
             - (collection element) CollectionFetchableElementEntityGraph(entity=org.project.neutrino.nfvo.catalogue.mano.descriptor.VNFDConnectionPoint, querySpaceUid=<gen:2>, path=org.project.neutrino.nfvo.catalogue.mano.record.VNFForwardingGraphRecord.connection_point.<elements>)
          - CollectionAttributeFetchImpl(collection=org.project.neutrino.nfvo.catalogue.mano.record.VNFForwardingGraphRecord.dependent_virtual_link, querySpaceUid=<gen:3>, path=org.project.neutrino.nfvo.catalogue.mano.record.VNFForwardingGraphRecord.dependent_virtual_link)
             - (collection element) CollectionFetchableElementEntityGraph(entity=org.project.neutrino.nfvo.catalogue.mano.record.VirtualLinkRecord, querySpaceUid=<gen:4>, path=org.project.neutrino.nfvo.catalogue.mano.record.VNFForwardingGraphRecord.dependent_virtual_link.<elements>)
          - EntityAttributeFetchImpl(entity=org.project.neutrino.nfvo.catalogue.mano.descriptor.VNFForwardingGraph, querySpaceUid=<gen:5>, path=org.project.neutrino.nfvo.catalogue.mano.record.VNFForwardingGraphRecord.descriptor_reference)
          - CollectionAttributeFetchImpl(collection=org.project.neutrino.nfvo.catalogue.mano.record.VNFForwardingGraphRecord.lifecycle_event_history, querySpaceUid=<gen:6>, path=org.project.neutrino.nfvo.catalogue.mano.record.VNFForwardingGraphRecord.lifecycle_event_history)
             - (collection element) CollectionFetchableElementEntityGraph(entity=org.project.neutrino.nfvo.catalogue.mano.common.LifecycleEvent, querySpaceUid=<gen:7>, path=org.project.neutrino.nfvo.catalogue.mano.record.VNFForwardingGraphRecord.lifecycle_event_history.<elements>)
          - CollectionAttributeFetchImpl(collection=org.project.neutrino.nfvo.catalogue.mano.record.VNFForwardingGraphRecord.member_vnfs, querySpaceUid=<gen:8>, path=org.project.neutrino.nfvo.catalogue.mano.record.VNFForwardingGraphRecord.member_vnfs)
             - (collection element) CollectionFetchableElementEntityGraph(entity=org.project.neutrino.nfvo.catalogue.mano.record.VirtualNetworkFunctionRecord, querySpaceUid=<gen:9>, path=org.project.neutrino.nfvo.catalogue.mano.record.VNFForwardingGraphRecord.member_vnfs.<elements>)
          - EntityAttributeFetchImpl(entity=org.project.neutrino.nfvo.catalogue.mano.descriptor.NetworkForwardingPath, querySpaceUid=<gen:10>, path=org.project.neutrino.nfvo.catalogue.mano.record.VNFForwardingGraphRecord.network_forwarding_path)
          - EntityAttributeFetchImpl(entity=org.project.neutrino.nfvo.catalogue.mano.record.NetworkServiceRecord, querySpaceUid=<gen:11>, path=org.project.neutrino.nfvo.catalogue.mano.record.VNFForwardingGraphRecord.parent_ns)
    - QuerySpaces
       - EntityQuerySpaceImpl(uid=<gen:0>, entity=org.project.neutrino.nfvo.catalogue.mano.record.VNFForwardingGraphRecord)
          - SQL table alias mapping - vnfforward0_
          - alias suffix - 0_
          - suffixed key columns - {id1_92_0_}

13:23:07.241 [Test worker] DEBUG o.h.loader.entity.plan.EntityLoader - Static select for entity org.project.neutrino.nfvo.catalogue.mano.record.VNFForwardingGraphRecord [PESSIMISTIC_WRITE]: select vnfforward0_.id as id1_92_0_, vnfforward0_.audit_log as audit_lo2_92_0_, vnfforward0_.descriptor_reference_id as descrip10_92_0_, vnfforward0_.network_forwarding_path_id as network11_92_0_, vnfforward0_.number_of_endpoints as number_o3_92_0_, vnfforward0_.number_of_pnfs as number_o4_92_0_, vnfforward0_.number_of_virtual_links as number_o5_92_0_, vnfforward0_.number_of_vnfs as number_o6_92_0_, vnfforward0_.parent_ns_id as parent_12_92_0_, vnfforward0_.status as status7_92_0_, vnfforward0_.vendor as vendor8_92_0_, vnfforward0_.version as version9_92_0_ from vnfforwarding_graph_record vnfforward0_ where vnfforward0_.id=? for update
13:23:07.241 [Test worker] DEBUG o.h.l.p.b.i.spaces.QuerySpacesImpl - Adding QuerySpace : uid = <gen:0> -> org.hibernate.loader.plan.build.internal.spaces.EntityQuerySpaceImpl@2b8bc062]
13:23:07.241 [Test worker] DEBUG o.h.p.w.spi.MetamodelGraphWalker - Visiting attribute path : audit_log
13:23:07.241 [Test worker] DEBUG o.h.p.w.spi.MetamodelGraphWalker - Visiting attribute path : connection_point
13:23:07.241 [Test worker] DEBUG o.h.l.p.b.i.spaces.QuerySpacesImpl - Adding QuerySpace : uid = <gen:1> -> org.hibernate.loader.plan.build.internal.spaces.CollectionQuerySpaceImpl@1fccaa01]
13:23:07.241 [Test worker] DEBUG o.h.l.p.b.i.spaces.QuerySpacesImpl - Adding QuerySpace : uid = <gen:2> -> org.hibernate.loader.plan.build.internal.spaces.EntityQuerySpaceImpl@35ad37f6]
13:23:07.241 [Test worker] DEBUG o.h.p.w.spi.MetamodelGraphWalker - Visiting attribute path : dependent_virtual_link
13:23:07.241 [Test worker] DEBUG o.h.l.p.b.i.spaces.QuerySpacesImpl - Adding QuerySpace : uid = <gen:3> -> org.hibernate.loader.plan.build.internal.spaces.CollectionQuerySpaceImpl@7f351301]
13:23:07.241 [Test worker] DEBUG o.h.l.p.b.i.spaces.QuerySpacesImpl - Adding QuerySpace : uid = <gen:4> -> org.hibernate.loader.plan.build.internal.spaces.EntityQuerySpaceImpl@7572e7e5]
13:23:07.241 [Test worker] DEBUG o.h.p.w.spi.MetamodelGraphWalker - Visiting attribute path : descriptor_reference
13:23:07.241 [Test worker] DEBUG o.h.l.p.b.i.spaces.QuerySpacesImpl - Adding QuerySpace : uid = <gen:5> -> org.hibernate.loader.plan.build.internal.spaces.EntityQuerySpaceImpl@4ad6a7a0]
13:23:07.241 [Test worker] DEBUG o.h.p.w.spi.MetamodelGraphWalker - Visiting attribute path : lifecycle_event_history
13:23:07.242 [Test worker] DEBUG o.h.l.p.b.i.spaces.QuerySpacesImpl - Adding QuerySpace : uid = <gen:6> -> org.hibernate.loader.plan.build.internal.spaces.CollectionQuerySpaceImpl@52971fc2]
13:23:07.242 [Test worker] DEBUG o.h.l.p.b.i.spaces.QuerySpacesImpl - Adding QuerySpace : uid = <gen:7> -> org.hibernate.loader.plan.build.internal.spaces.EntityQuerySpaceImpl@3fa623ea]
13:23:07.242 [Test worker] DEBUG o.h.p.w.spi.MetamodelGraphWalker - Visiting attribute path : member_vnfs
13:23:07.242 [Test worker] DEBUG o.h.l.p.b.i.spaces.QuerySpacesImpl - Adding QuerySpace : uid = <gen:8> -> org.hibernate.loader.plan.build.internal.spaces.CollectionQuerySpaceImpl@347ff84b]
13:23:07.242 [Test worker] DEBUG o.h.l.p.b.i.spaces.QuerySpacesImpl - Adding QuerySpace : uid = <gen:9> -> org.hibernate.loader.plan.build.internal.spaces.EntityQuerySpaceImpl@3d861eda]
13:23:07.242 [Test worker] DEBUG o.h.p.w.spi.MetamodelGraphWalker - Visiting attribute path : network_forwarding_path
13:23:07.242 [Test worker] DEBUG o.h.l.p.b.i.spaces.QuerySpacesImpl - Adding QuerySpace : uid = <gen:10> -> org.hibernate.loader.plan.build.internal.spaces.EntityQuerySpaceImpl@305399c4]
13:23:07.242 [Test worker] DEBUG o.h.p.w.spi.MetamodelGraphWalker - Visiting attribute path : notification
13:23:07.242 [Test worker] DEBUG o.h.p.w.spi.MetamodelGraphWalker - Visiting attribute path : number_of_endpoints
13:23:07.242 [Test worker] DEBUG o.h.p.w.spi.MetamodelGraphWalker - Visiting attribute path : number_of_pnfs
13:23:07.242 [Test worker] DEBUG o.h.p.w.spi.MetamodelGraphWalker - Visiting attribute path : number_of_virtual_links
13:23:07.242 [Test worker] DEBUG o.h.p.w.spi.MetamodelGraphWalker - Visiting attribute path : number_of_vnfs
13:23:07.242 [Test worker] DEBUG o.h.p.w.spi.MetamodelGraphWalker - Visiting attribute path : parent_ns
13:23:07.242 [Test worker] DEBUG o.h.l.p.b.i.spaces.QuerySpacesImpl - Adding QuerySpace : uid = <gen:11> -> org.hibernate.loader.plan.build.internal.spaces.EntityQuerySpaceImpl@40942ba5]
13:23:07.242 [Test worker] DEBUG o.h.p.w.spi.MetamodelGraphWalker - Visiting attribute path : status
13:23:07.242 [Test worker] DEBUG o.h.p.w.spi.MetamodelGraphWalker - Visiting attribute path : vendor
13:23:07.242 [Test worker] DEBUG o.h.p.w.spi.MetamodelGraphWalker - Visiting attribute path : version
13:23:07.242 [Test worker] DEBUG o.h.l.p.b.i.FetchStyleLoadPlanBuildingAssociationVisitationStrategy - Building LoadPlan...
13:23:07.242 [Test worker] DEBUG o.h.l.p.e.i.LoadQueryJoinAndFetchProcessor - processing queryspace <gen:0>
13:23:07.243 [Test worker] DEBUG o.h.l.p.b.spi.LoadPlanTreePrinter - LoadPlan(entity=org.project.neutrino.nfvo.catalogue.mano.record.VNFForwardingGraphRecord)
    - Returns
       - EntityReturnImpl(entity=org.project.neutrino.nfvo.catalogue.mano.record.VNFForwardingGraphRecord, querySpaceUid=<gen:0>, path=org.project.neutrino.nfvo.catalogue.mano.record.VNFForwardingGraphRecord)
          - CollectionAttributeFetchImpl(collection=org.project.neutrino.nfvo.catalogue.mano.record.VNFForwardingGraphRecord.connection_point, querySpaceUid=<gen:1>, path=org.project.neutrino.nfvo.catalogue.mano.record.VNFForwardingGraphRecord.connection_point)
             - (collection element) CollectionFetchableElementEntityGraph(entity=org.project.neutrino.nfvo.catalogue.mano.descriptor.VNFDConnectionPoint, querySpaceUid=<gen:2>, path=org.project.neutrino.nfvo.catalogue.mano.record.VNFForwardingGraphRecord.connection_point.<elements>)
          - CollectionAttributeFetchImpl(collection=org.project.neutrino.nfvo.catalogue.mano.record.VNFForwardingGraphRecord.dependent_virtual_link, querySpaceUid=<gen:3>, path=org.project.neutrino.nfvo.catalogue.mano.record.VNFForwardingGraphRecord.dependent_virtual_link)
             - (collection element) CollectionFetchableElementEntityGraph(entity=org.project.neutrino.nfvo.catalogue.mano.record.VirtualLinkRecord, querySpaceUid=<gen:4>, path=org.project.neutrino.nfvo.catalogue.mano.record.VNFForwardingGraphRecord.dependent_virtual_link.<elements>)
          - EntityAttributeFetchImpl(entity=org.project.neutrino.nfvo.catalogue.mano.descriptor.VNFForwardingGraph, querySpaceUid=<gen:5>, path=org.project.neutrino.nfvo.catalogue.mano.record.VNFForwardingGraphRecord.descriptor_reference)
          - CollectionAttributeFetchImpl(collection=org.project.neutrino.nfvo.catalogue.mano.record.VNFForwardingGraphRecord.lifecycle_event_history, querySpaceUid=<gen:6>, path=org.project.neutrino.nfvo.catalogue.mano.record.VNFForwardingGraphRecord.lifecycle_event_history)
             - (collection element) CollectionFetchableElementEntityGraph(entity=org.project.neutrino.nfvo.catalogue.mano.common.LifecycleEvent, querySpaceUid=<gen:7>, path=org.project.neutrino.nfvo.catalogue.mano.record.VNFForwardingGraphRecord.lifecycle_event_history.<elements>)
          - CollectionAttributeFetchImpl(collection=org.project.neutrino.nfvo.catalogue.mano.record.VNFForwardingGraphRecord.member_vnfs, querySpaceUid=<gen:8>, path=org.project.neutrino.nfvo.catalogue.mano.record.VNFForwardingGraphRecord.member_vnfs)
             - (collection element) CollectionFetchableElementEntityGraph(entity=org.project.neutrino.nfvo.catalogue.mano.record.VirtualNetworkFunctionRecord, querySpaceUid=<gen:9>, path=org.project.neutrino.nfvo.catalogue.mano.record.VNFForwardingGraphRecord.member_vnfs.<elements>)
          - EntityAttributeFetchImpl(entity=org.project.neutrino.nfvo.catalogue.mano.descriptor.NetworkForwardingPath, querySpaceUid=<gen:10>, path=org.project.neutrino.nfvo.catalogue.mano.record.VNFForwardingGraphRecord.network_forwarding_path)
          - EntityAttributeFetchImpl(entity=org.project.neutrino.nfvo.catalogue.mano.record.NetworkServiceRecord, querySpaceUid=<gen:11>, path=org.project.neutrino.nfvo.catalogue.mano.record.VNFForwardingGraphRecord.parent_ns)
    - QuerySpaces
       - EntityQuerySpaceImpl(uid=<gen:0>, entity=org.project.neutrino.nfvo.catalogue.mano.record.VNFForwardingGraphRecord)
          - SQL table alias mapping - vnfforward0_
          - alias suffix - 0_
          - suffixed key columns - {id1_92_0_}

13:23:07.243 [Test worker] DEBUG o.h.loader.entity.plan.EntityLoader - Static select for entity org.project.neutrino.nfvo.catalogue.mano.record.VNFForwardingGraphRecord [PESSIMISTIC_FORCE_INCREMENT]: select vnfforward0_.id as id1_92_0_, vnfforward0_.audit_log as audit_lo2_92_0_, vnfforward0_.descriptor_reference_id as descrip10_92_0_, vnfforward0_.network_forwarding_path_id as network11_92_0_, vnfforward0_.number_of_endpoints as number_o3_92_0_, vnfforward0_.number_of_pnfs as number_o4_92_0_, vnfforward0_.number_of_virtual_links as number_o5_92_0_, vnfforward0_.number_of_vnfs as number_o6_92_0_, vnfforward0_.parent_ns_id as parent_12_92_0_, vnfforward0_.status as status7_92_0_, vnfforward0_.vendor as vendor8_92_0_, vnfforward0_.version as version9_92_0_ from vnfforwarding_graph_record vnfforward0_ where vnfforward0_.id=? for update
13:23:07.243 [Test worker] DEBUG o.h.l.p.b.i.spaces.QuerySpacesImpl - Adding QuerySpace : uid = <gen:0> -> org.hibernate.loader.plan.build.internal.spaces.EntityQuerySpaceImpl@3fbd7ec2]
13:23:07.243 [Test worker] DEBUG o.h.p.w.spi.MetamodelGraphWalker - Visiting attribute path : audit_log
13:23:07.243 [Test worker] DEBUG o.h.p.w.spi.MetamodelGraphWalker - Visiting attribute path : connection_point
13:23:07.243 [Test worker] DEBUG o.h.l.p.b.i.spaces.QuerySpacesImpl - Adding QuerySpace : uid = <gen:1> -> org.hibernate.loader.plan.build.internal.spaces.CollectionQuerySpaceImpl@eaaa6a4]
13:23:07.243 [Test worker] DEBUG o.h.l.p.b.i.spaces.QuerySpacesImpl - Adding QuerySpace : uid = <gen:2> -> org.hibernate.loader.plan.build.internal.spaces.EntityQuerySpaceImpl@65a26081]
13:23:07.243 [Test worker] DEBUG o.h.p.w.spi.MetamodelGraphWalker - Visiting attribute path : dependent_virtual_link
13:23:07.243 [Test worker] DEBUG o.h.l.p.b.i.spaces.QuerySpacesImpl - Adding QuerySpace : uid = <gen:3> -> org.hibernate.loader.plan.build.internal.spaces.CollectionQuerySpaceImpl@76de948]
13:23:07.243 [Test worker] DEBUG o.h.l.p.b.i.spaces.QuerySpacesImpl - Adding QuerySpace : uid = <gen:4> -> org.hibernate.loader.plan.build.internal.spaces.EntityQuerySpaceImpl@40ee79c7]
13:23:07.243 [Test worker] DEBUG o.h.p.w.spi.MetamodelGraphWalker - Visiting attribute path : descriptor_reference
13:23:07.244 [Test worker] DEBUG o.h.l.p.b.i.spaces.QuerySpacesImpl - Adding QuerySpace : uid = <gen:5> -> org.hibernate.loader.plan.build.internal.spaces.EntityQuerySpaceImpl@687d191e]
13:23:07.244 [Test worker] DEBUG o.h.p.w.spi.MetamodelGraphWalker - Visiting attribute path : lifecycle_event_history
13:23:07.244 [Test worker] DEBUG o.h.l.p.b.i.spaces.QuerySpacesImpl - Adding QuerySpace : uid = <gen:6> -> org.hibernate.loader.plan.build.internal.spaces.CollectionQuerySpaceImpl@6cfc3629]
13:23:07.244 [Test worker] DEBUG o.h.l.p.b.i.spaces.QuerySpacesImpl - Adding QuerySpace : uid = <gen:7> -> org.hibernate.loader.plan.build.internal.spaces.EntityQuerySpaceImpl@2247f5a5]
13:23:07.244 [Test worker] DEBUG o.h.p.w.spi.MetamodelGraphWalker - Visiting attribute path : member_vnfs
13:23:07.244 [Test worker] DEBUG o.h.l.p.b.i.spaces.QuerySpacesImpl - Adding QuerySpace : uid = <gen:8> -> org.hibernate.loader.plan.build.internal.spaces.CollectionQuerySpaceImpl@22503538]
13:23:07.244 [Test worker] DEBUG o.h.l.p.b.i.spaces.QuerySpacesImpl - Adding QuerySpace : uid = <gen:9> -> org.hibernate.loader.plan.build.internal.spaces.EntityQuerySpaceImpl@3fd60121]
13:23:07.244 [Test worker] DEBUG o.h.p.w.spi.MetamodelGraphWalker - Visiting attribute path : network_forwarding_path
13:23:07.244 [Test worker] DEBUG o.h.l.p.b.i.spaces.QuerySpacesImpl - Adding QuerySpace : uid = <gen:10> -> org.hibernate.loader.plan.build.internal.spaces.EntityQuerySpaceImpl@7ae43e44]
13:23:07.244 [Test worker] DEBUG o.h.p.w.spi.MetamodelGraphWalker - Visiting attribute path : notification
13:23:07.244 [Test worker] DEBUG o.h.p.w.spi.MetamodelGraphWalker - Visiting attribute path : number_of_endpoints
13:23:07.244 [Test worker] DEBUG o.h.p.w.spi.MetamodelGraphWalker - Visiting attribute path : number_of_pnfs
13:23:07.244 [Test worker] DEBUG o.h.p.w.spi.MetamodelGraphWalker - Visiting attribute path : number_of_virtual_links
13:23:07.244 [Test worker] DEBUG o.h.p.w.spi.MetamodelGraphWalker - Visiting attribute path : number_of_vnfs
13:23:07.244 [Test worker] DEBUG o.h.p.w.spi.MetamodelGraphWalker - Visiting attribute path : parent_ns
13:23:07.244 [Test worker] DEBUG o.h.l.p.b.i.spaces.QuerySpacesImpl - Adding QuerySpace : uid = <gen:11> -> org.hibernate.loader.plan.build.internal.spaces.EntityQuerySpaceImpl@1eb42164]
13:23:07.244 [Test worker] DEBUG o.h.p.w.spi.MetamodelGraphWalker - Visiting attribute path : status
13:23:07.244 [Test worker] DEBUG o.h.p.w.spi.MetamodelGraphWalker - Visiting attribute path : vendor
13:23:07.244 [Test worker] DEBUG o.h.p.w.spi.MetamodelGraphWalker - Visiting attribute path : version
13:23:07.245 [Test worker] DEBUG o.h.l.p.b.i.FetchStyleLoadPlanBuildingAssociationVisitationStrategy - Building LoadPlan...
13:23:07.245 [Test worker] DEBUG o.h.l.p.e.i.LoadQueryJoinAndFetchProcessor - processing queryspace <gen:0>
13:23:07.245 [Test worker] DEBUG o.h.l.p.b.spi.LoadPlanTreePrinter - LoadPlan(entity=org.project.neutrino.nfvo.catalogue.mano.record.VNFForwardingGraphRecord)
    - Returns
       - EntityReturnImpl(entity=org.project.neutrino.nfvo.catalogue.mano.record.VNFForwardingGraphRecord, querySpaceUid=<gen:0>, path=org.project.neutrino.nfvo.catalogue.mano.record.VNFForwardingGraphRecord)
          - CollectionAttributeFetchImpl(collection=org.project.neutrino.nfvo.catalogue.mano.record.VNFForwardingGraphRecord.connection_point, querySpaceUid=<gen:1>, path=org.project.neutrino.nfvo.catalogue.mano.record.VNFForwardingGraphRecord.connection_point)
             - (collection element) CollectionFetchableElementEntityGraph(entity=org.project.neutrino.nfvo.catalogue.mano.descriptor.VNFDConnectionPoint, querySpaceUid=<gen:2>, path=org.project.neutrino.nfvo.catalogue.mano.record.VNFForwardingGraphRecord.connection_point.<elements>)
          - CollectionAttributeFetchImpl(collection=org.project.neutrino.nfvo.catalogue.mano.record.VNFForwardingGraphRecord.dependent_virtual_link, querySpaceUid=<gen:3>, path=org.project.neutrino.nfvo.catalogue.mano.record.VNFForwardingGraphRecord.dependent_virtual_link)
             - (collection element) CollectionFetchableElementEntityGraph(entity=org.project.neutrino.nfvo.catalogue.mano.record.VirtualLinkRecord, querySpaceUid=<gen:4>, path=org.project.neutrino.nfvo.catalogue.mano.record.VNFForwardingGraphRecord.dependent_virtual_link.<elements>)
          - EntityAttributeFetchImpl(entity=org.project.neutrino.nfvo.catalogue.mano.descriptor.VNFForwardingGraph, querySpaceUid=<gen:5>, path=org.project.neutrino.nfvo.catalogue.mano.record.VNFForwardingGraphRecord.descriptor_reference)
          - CollectionAttributeFetchImpl(collection=org.project.neutrino.nfvo.catalogue.mano.record.VNFForwardingGraphRecord.lifecycle_event_history, querySpaceUid=<gen:6>, path=org.project.neutrino.nfvo.catalogue.mano.record.VNFForwardingGraphRecord.lifecycle_event_history)
             - (collection element) CollectionFetchableElementEntityGraph(entity=org.project.neutrino.nfvo.catalogue.mano.common.LifecycleEvent, querySpaceUid=<gen:7>, path=org.project.neutrino.nfvo.catalogue.mano.record.VNFForwardingGraphRecord.lifecycle_event_history.<elements>)
          - CollectionAttributeFetchImpl(collection=org.project.neutrino.nfvo.catalogue.mano.record.VNFForwardingGraphRecord.member_vnfs, querySpaceUid=<gen:8>, path=org.project.neutrino.nfvo.catalogue.mano.record.VNFForwardingGraphRecord.member_vnfs)
             - (collection element) CollectionFetchableElementEntityGraph(entity=org.project.neutrino.nfvo.catalogue.mano.record.VirtualNetworkFunctionRecord, querySpaceUid=<gen:9>, path=org.project.neutrino.nfvo.catalogue.mano.record.VNFForwardingGraphRecord.member_vnfs.<elements>)
          - EntityAttributeFetchImpl(entity=org.project.neutrino.nfvo.catalogue.mano.descriptor.NetworkForwardingPath, querySpaceUid=<gen:10>, path=org.project.neutrino.nfvo.catalogue.mano.record.VNFForwardingGraphRecord.network_forwarding_path)
          - EntityAttributeFetchImpl(entity=org.project.neutrino.nfvo.catalogue.mano.record.NetworkServiceRecord, querySpaceUid=<gen:11>, path=org.project.neutrino.nfvo.catalogue.mano.record.VNFForwardingGraphRecord.parent_ns)
    - QuerySpaces
       - EntityQuerySpaceImpl(uid=<gen:0>, entity=org.project.neutrino.nfvo.catalogue.mano.record.VNFForwardingGraphRecord)
          - SQL table alias mapping - vnfforward0_
          - alias suffix - 0_
          - suffixed key columns - {id1_92_0_}

13:23:07.245 [Test worker] DEBUG o.h.loader.entity.plan.EntityLoader - Static select for entity org.project.neutrino.nfvo.catalogue.mano.record.VNFForwardingGraphRecord [OPTIMISTIC]: select vnfforward0_.id as id1_92_0_, vnfforward0_.audit_log as audit_lo2_92_0_, vnfforward0_.descriptor_reference_id as descrip10_92_0_, vnfforward0_.network_forwarding_path_id as network11_92_0_, vnfforward0_.number_of_endpoints as number_o3_92_0_, vnfforward0_.number_of_pnfs as number_o4_92_0_, vnfforward0_.number_of_virtual_links as number_o5_92_0_, vnfforward0_.number_of_vnfs as number_o6_92_0_, vnfforward0_.parent_ns_id as parent_12_92_0_, vnfforward0_.status as status7_92_0_, vnfforward0_.vendor as vendor8_92_0_, vnfforward0_.version as version9_92_0_ from vnfforwarding_graph_record vnfforward0_ where vnfforward0_.id=?
13:23:07.246 [Test worker] DEBUG o.h.l.p.b.i.spaces.QuerySpacesImpl - Adding QuerySpace : uid = <gen:0> -> org.hibernate.loader.plan.build.internal.spaces.EntityQuerySpaceImpl@43fc3bfb]
13:23:07.246 [Test worker] DEBUG o.h.p.w.spi.MetamodelGraphWalker - Visiting attribute path : audit_log
13:23:07.246 [Test worker] DEBUG o.h.p.w.spi.MetamodelGraphWalker - Visiting attribute path : connection_point
13:23:07.246 [Test worker] DEBUG o.h.l.p.b.i.spaces.QuerySpacesImpl - Adding QuerySpace : uid = <gen:1> -> org.hibernate.loader.plan.build.internal.spaces.CollectionQuerySpaceImpl@2cea5cd]
13:23:07.246 [Test worker] DEBUG o.h.l.p.b.i.spaces.QuerySpacesImpl - Adding QuerySpace : uid = <gen:2> -> org.hibernate.loader.plan.build.internal.spaces.EntityQuerySpaceImpl@4ce7372b]
13:23:07.246 [Test worker] DEBUG o.h.p.w.spi.MetamodelGraphWalker - Visiting attribute path : dependent_virtual_link
13:23:07.246 [Test worker] DEBUG o.h.l.p.b.i.spaces.QuerySpacesImpl - Adding QuerySpace : uid = <gen:3> -> org.hibernate.loader.plan.build.internal.spaces.CollectionQuerySpaceImpl@5fd70f7e]
13:23:07.246 [Test worker] DEBUG o.h.l.p.b.i.spaces.QuerySpacesImpl - Adding QuerySpace : uid = <gen:4> -> org.hibernate.loader.plan.build.internal.spaces.EntityQuerySpaceImpl@203a4a5a]
13:23:07.246 [Test worker] DEBUG o.h.p.w.spi.MetamodelGraphWalker - Visiting attribute path : descriptor_reference
13:23:07.246 [Test worker] DEBUG o.h.l.p.b.i.spaces.QuerySpacesImpl - Adding QuerySpace : uid = <gen:5> -> org.hibernate.loader.plan.build.internal.spaces.EntityQuerySpaceImpl@52e76b3d]
13:23:07.246 [Test worker] DEBUG o.h.p.w.spi.MetamodelGraphWalker - Visiting attribute path : lifecycle_event_history
13:23:07.246 [Test worker] DEBUG o.h.l.p.b.i.spaces.QuerySpacesImpl - Adding QuerySpace : uid = <gen:6> -> org.hibernate.loader.plan.build.internal.spaces.CollectionQuerySpaceImpl@57319c50]
13:23:07.246 [Test worker] DEBUG o.h.l.p.b.i.spaces.QuerySpacesImpl - Adding QuerySpace : uid = <gen:7> -> org.hibernate.loader.plan.build.internal.spaces.EntityQuerySpaceImpl@7a0d74e8]
13:23:07.246 [Test worker] DEBUG o.h.p.w.spi.MetamodelGraphWalker - Visiting attribute path : member_vnfs
13:23:07.246 [Test worker] DEBUG o.h.l.p.b.i.spaces.QuerySpacesImpl - Adding QuerySpace : uid = <gen:8> -> org.hibernate.loader.plan.build.internal.spaces.CollectionQuerySpaceImpl@97669f2]
13:23:07.246 [Test worker] DEBUG o.h.l.p.b.i.spaces.QuerySpacesImpl - Adding QuerySpace : uid = <gen:9> -> org.hibernate.loader.plan.build.internal.spaces.EntityQuerySpaceImpl@3d2593b8]
13:23:07.246 [Test worker] DEBUG o.h.p.w.spi.MetamodelGraphWalker - Visiting attribute path : network_forwarding_path
13:23:07.246 [Test worker] DEBUG o.h.l.p.b.i.spaces.QuerySpacesImpl - Adding QuerySpace : uid = <gen:10> -> org.hibernate.loader.plan.build.internal.spaces.EntityQuerySpaceImpl@6e053464]
13:23:07.246 [Test worker] DEBUG o.h.p.w.spi.MetamodelGraphWalker - Visiting attribute path : notification
13:23:07.246 [Test worker] DEBUG o.h.p.w.spi.MetamodelGraphWalker - Visiting attribute path : number_of_endpoints
13:23:07.246 [Test worker] DEBUG o.h.p.w.spi.MetamodelGraphWalker - Visiting attribute path : number_of_pnfs
13:23:07.246 [Test worker] DEBUG o.h.p.w.spi.MetamodelGraphWalker - Visiting attribute path : number_of_virtual_links
13:23:07.246 [Test worker] DEBUG o.h.p.w.spi.MetamodelGraphWalker - Visiting attribute path : number_of_vnfs
13:23:07.246 [Test worker] DEBUG o.h.p.w.spi.MetamodelGraphWalker - Visiting attribute path : parent_ns
13:23:07.246 [Test worker] DEBUG o.h.l.p.b.i.spaces.QuerySpacesImpl - Adding QuerySpace : uid = <gen:11> -> org.hibernate.loader.plan.build.internal.spaces.EntityQuerySpaceImpl@17b2c9aa]
13:23:07.246 [Test worker] DEBUG o.h.p.w.spi.MetamodelGraphWalker - Visiting attribute path : status
13:23:07.246 [Test worker] DEBUG o.h.p.w.spi.MetamodelGraphWalker - Visiting attribute path : vendor
13:23:07.246 [Test worker] DEBUG o.h.p.w.spi.MetamodelGraphWalker - Visiting attribute path : version
13:23:07.246 [Test worker] DEBUG o.h.l.p.b.i.FetchStyleLoadPlanBuildingAssociationVisitationStrategy - Building LoadPlan...
13:23:07.246 [Test worker] DEBUG o.h.l.p.e.i.LoadQueryJoinAndFetchProcessor - processing queryspace <gen:0>
13:23:07.247 [Test worker] DEBUG o.h.l.p.b.spi.LoadPlanTreePrinter - LoadPlan(entity=org.project.neutrino.nfvo.catalogue.mano.record.VNFForwardingGraphRecord)
    - Returns
       - EntityReturnImpl(entity=org.project.neutrino.nfvo.catalogue.mano.record.VNFForwardingGraphRecord, querySpaceUid=<gen:0>, path=org.project.neutrino.nfvo.catalogue.mano.record.VNFForwardingGraphRecord)
          - CollectionAttributeFetchImpl(collection=org.project.neutrino.nfvo.catalogue.mano.record.VNFForwardingGraphRecord.connection_point, querySpaceUid=<gen:1>, path=org.project.neutrino.nfvo.catalogue.mano.record.VNFForwardingGraphRecord.connection_point)
             - (collection element) CollectionFetchableElementEntityGraph(entity=org.project.neutrino.nfvo.catalogue.mano.descriptor.VNFDConnectionPoint, querySpaceUid=<gen:2>, path=org.project.neutrino.nfvo.catalogue.mano.record.VNFForwardingGraphRecord.connection_point.<elements>)
          - CollectionAttributeFetchImpl(collection=org.project.neutrino.nfvo.catalogue.mano.record.VNFForwardingGraphRecord.dependent_virtual_link, querySpaceUid=<gen:3>, path=org.project.neutrino.nfvo.catalogue.mano.record.VNFForwardingGraphRecord.dependent_virtual_link)
             - (collection element) CollectionFetchableElementEntityGraph(entity=org.project.neutrino.nfvo.catalogue.mano.record.VirtualLinkRecord, querySpaceUid=<gen:4>, path=org.project.neutrino.nfvo.catalogue.mano.record.VNFForwardingGraphRecord.dependent_virtual_link.<elements>)
          - EntityAttributeFetchImpl(entity=org.project.neutrino.nfvo.catalogue.mano.descriptor.VNFForwardingGraph, querySpaceUid=<gen:5>, path=org.project.neutrino.nfvo.catalogue.mano.record.VNFForwardingGraphRecord.descriptor_reference)
          - CollectionAttributeFetchImpl(collection=org.project.neutrino.nfvo.catalogue.mano.record.VNFForwardingGraphRecord.lifecycle_event_history, querySpaceUid=<gen:6>, path=org.project.neutrino.nfvo.catalogue.mano.record.VNFForwardingGraphRecord.lifecycle_event_history)
             - (collection element) CollectionFetchableElementEntityGraph(entity=org.project.neutrino.nfvo.catalogue.mano.common.LifecycleEvent, querySpaceUid=<gen:7>, path=org.project.neutrino.nfvo.catalogue.mano.record.VNFForwardingGraphRecord.lifecycle_event_history.<elements>)
          - CollectionAttributeFetchImpl(collection=org.project.neutrino.nfvo.catalogue.mano.record.VNFForwardingGraphRecord.member_vnfs, querySpaceUid=<gen:8>, path=org.project.neutrino.nfvo.catalogue.mano.record.VNFForwardingGraphRecord.member_vnfs)
             - (collection element) CollectionFetchableElementEntityGraph(entity=org.project.neutrino.nfvo.catalogue.mano.record.VirtualNetworkFunctionRecord, querySpaceUid=<gen:9>, path=org.project.neutrino.nfvo.catalogue.mano.record.VNFForwardingGraphRecord.member_vnfs.<elements>)
          - EntityAttributeFetchImpl(entity=org.project.neutrino.nfvo.catalogue.mano.descriptor.NetworkForwardingPath, querySpaceUid=<gen:10>, path=org.project.neutrino.nfvo.catalogue.mano.record.VNFForwardingGraphRecord.network_forwarding_path)
          - EntityAttributeFetchImpl(entity=org.project.neutrino.nfvo.catalogue.mano.record.NetworkServiceRecord, querySpaceUid=<gen:11>, path=org.project.neutrino.nfvo.catalogue.mano.record.VNFForwardingGraphRecord.parent_ns)
    - QuerySpaces
       - EntityQuerySpaceImpl(uid=<gen:0>, entity=org.project.neutrino.nfvo.catalogue.mano.record.VNFForwardingGraphRecord)
          - SQL table alias mapping - vnfforward0_
          - alias suffix - 0_
          - suffixed key columns - {id1_92_0_}

13:23:07.247 [Test worker] DEBUG o.h.loader.entity.plan.EntityLoader - Static select for entity org.project.neutrino.nfvo.catalogue.mano.record.VNFForwardingGraphRecord [OPTIMISTIC_FORCE_INCREMENT]: select vnfforward0_.id as id1_92_0_, vnfforward0_.audit_log as audit_lo2_92_0_, vnfforward0_.descriptor_reference_id as descrip10_92_0_, vnfforward0_.network_forwarding_path_id as network11_92_0_, vnfforward0_.number_of_endpoints as number_o3_92_0_, vnfforward0_.number_of_pnfs as number_o4_92_0_, vnfforward0_.number_of_virtual_links as number_o5_92_0_, vnfforward0_.number_of_vnfs as number_o6_92_0_, vnfforward0_.parent_ns_id as parent_12_92_0_, vnfforward0_.status as status7_92_0_, vnfforward0_.vendor as vendor8_92_0_, vnfforward0_.version as version9_92_0_ from vnfforwarding_graph_record vnfforward0_ where vnfforward0_.id=?
13:23:07.248 [Test worker] DEBUG org.hibernate.loader.Loader - Static select for action ACTION_MERGE on entity org.project.neutrino.nfvo.catalogue.mano.record.VNFForwardingGraphRecord: select vnfforward0_.id as id1_92_10_, vnfforward0_.audit_log as audit_lo2_92_10_, vnfforward0_.descriptor_reference_id as descrip10_92_10_, vnfforward0_.network_forwarding_path_id as network11_92_10_, vnfforward0_.number_of_endpoints as number_o3_92_10_, vnfforward0_.number_of_pnfs as number_o4_92_10_, vnfforward0_.number_of_virtual_links as number_o5_92_10_, vnfforward0_.number_of_vnfs as number_o6_92_10_, vnfforward0_.parent_ns_id as parent_12_92_10_, vnfforward0_.status as status7_92_10_, vnfforward0_.vendor as vendor8_92_10_, vnfforward0_.version as version9_92_10_, connection1_.vnfforwarding_graph_record_id as vnfforwa1_92_12_, vnfdconnec2_.id as connecti2_93_12_, vnfdconnec2_.id as id1_4_0_, vnfdconnec2_.type as type2_4_0_, vnfdconnec2_.version as version3_4_0_, vnfdconnec2_.virtual_link_reference as virtual_1_82_0_, vnfforward3_.id as id1_87_1_, vnfforward3_.descriptor_version as descript2_87_1_, vnfforward3_.hb_version as hb_versi3_87_1_, vnfforward3_.number_of_endpoints as number_o4_87_1_, vnfforward3_.number_of_virtual_links as number_o5_87_1_, vnfforward3_.vendor as vendor6_87_1_, vnfforward3_.version as version7_87_1_, vnfforward3_.vnffgd_security_id as vnffgd_s8_87_1_, security4_.id as id1_43_2_, security4_.version as version2_43_2_, networkfor5_.id as id1_12_3_, networkfor5_.policy_id as policy_i3_12_3_, networkfor5_.version as version2_12_3_, policy6_.id as id1_42_4_, policy6_.version as version2_42_4_, networkser7_.id as id1_18_5_, networkser7_.audit_log as audit_lo2_18_5_, networkser7_.descriptor_reference_Id as descript9_18_5_, networkser7_.lifecycle_event_id as lifecyc10_18_5_, networkser7_.notification as notifica3_18_5_, networkser7_.resource_reservation as resource4_18_5_, networkser7_.runtime_policy_info as runtime_5_18_5_, networkser7_.service_deployment_flavour_id as service11_18_5_, networkser7_.status as status6_18_5_, networkser7_.vendor as vendor7_18_5_, networkser7_.version as version8_18_5_, networkser7_.vnfr_id as vnfr_id12_18_5_, nfventityd8_.id as id1_27_6_, nfventityd8_.hb_version as hb_versi2_27_6_, nfventityd8_.vendor as vendor3_27_6_, nfventityd8_.version as version4_27_6_, nfventityd8_.descriptor_version as descript1_62_6_, nfventityd8_.manifest_file as manifest2_62_6_, nfventityd8_.nsd_security_id as nsd_secu1_14_6_, nfventityd8_.clazz_ as clazz_6_, lifecyclee9_.id as id1_10_7_, lifecyclee9_.version as version2_10_7_, servicedep10_.id as id1_7_8_, servicedep10_.flavour_key as flavour_2_7_8_, servicedep10_.version as version3_7_8_, virtualnet11_.id as id1_68_9_, virtualnet11_.audit_log as audit_lo2_68_9_, virtualnet11_.deployment_flavour_id as deployme9_68_9_, virtualnet11_.descriptor_reference as descript3_68_9_, virtualnet11_.lifecycle_event_id as lifecyc10_68_9_, virtualnet11_.localization as localiza4_68_9_, virtualnet11_.parent_ns_id as parent_11_68_9_, virtualnet11_.status as status5_68_9_, virtualnet11_.vendor as vendor6_68_9_, virtualnet11_.version as version7_68_9_, virtualnet11_.vnfm_id as vnfm_id8_68_9_ from vnfforwarding_graph_record vnfforward0_ left outer join vnfforwarding_graph_record_connection_point connection1_ on vnfforward0_.id=connection1_.vnfforwarding_graph_record_id left outer join vnfdconnection_point vnfdconnec2_ on connection1_.connection_point_id=vnfdconnec2_.id left outer join vnfforwarding_graph vnfforward3_ on vnfforward0_.descriptor_reference_id=vnfforward3_.id left outer join security security4_ on vnfforward3_.vnffgd_security_id=security4_.id left outer join network_forwarding_path networkfor5_ on vnfforward0_.network_forwarding_path_id=networkfor5_.id left outer join policy policy6_ on networkfor5_.policy_id=policy6_.id left outer join network_service_record networkser7_ on vnfforward0_.parent_ns_id=networkser7_.id left outer join ( select id, hb_version, vendor, version, descriptor_version, manifest_file, null as nsd_security_id, 1 as clazz_ from virtual_network_function_descriptor union select id, hb_version, vendor, version, null as descriptor_version, null as manifest_file, nsd_security_id, 2 as clazz_ from network_service_descriptor ) nfventityd8_ on networkser7_.descriptor_reference_Id=nfventityd8_.id left outer join lifecycle_event lifecyclee9_ on networkser7_.lifecycle_event_id=lifecyclee9_.id left outer join service_deployment_flavour servicedep10_ on networkser7_.service_deployment_flavour_id=servicedep10_.id left outer join virtual_network_function_record virtualnet11_ on networkser7_.vnfr_id=virtualnet11_.id where vnfforward0_.id=?
13:23:07.250 [Test worker] DEBUG org.hibernate.loader.Loader - Static select for action ACTION_REFRESH on entity org.project.neutrino.nfvo.catalogue.mano.record.VNFForwardingGraphRecord: select vnfforward0_.id as id1_92_10_, vnfforward0_.audit_log as audit_lo2_92_10_, vnfforward0_.descriptor_reference_id as descrip10_92_10_, vnfforward0_.network_forwarding_path_id as network11_92_10_, vnfforward0_.number_of_endpoints as number_o3_92_10_, vnfforward0_.number_of_pnfs as number_o4_92_10_, vnfforward0_.number_of_virtual_links as number_o5_92_10_, vnfforward0_.number_of_vnfs as number_o6_92_10_, vnfforward0_.parent_ns_id as parent_12_92_10_, vnfforward0_.status as status7_92_10_, vnfforward0_.vendor as vendor8_92_10_, vnfforward0_.version as version9_92_10_, connection1_.vnfforwarding_graph_record_id as vnfforwa1_92_12_, vnfdconnec2_.id as connecti2_93_12_, vnfdconnec2_.id as id1_4_0_, vnfdconnec2_.type as type2_4_0_, vnfdconnec2_.version as version3_4_0_, vnfdconnec2_.virtual_link_reference as virtual_1_82_0_, vnfforward3_.id as id1_87_1_, vnfforward3_.descriptor_version as descript2_87_1_, vnfforward3_.hb_version as hb_versi3_87_1_, vnfforward3_.number_of_endpoints as number_o4_87_1_, vnfforward3_.number_of_virtual_links as number_o5_87_1_, vnfforward3_.vendor as vendor6_87_1_, vnfforward3_.version as version7_87_1_, vnfforward3_.vnffgd_security_id as vnffgd_s8_87_1_, security4_.id as id1_43_2_, security4_.version as version2_43_2_, networkfor5_.id as id1_12_3_, networkfor5_.policy_id as policy_i3_12_3_, networkfor5_.version as version2_12_3_, policy6_.id as id1_42_4_, policy6_.version as version2_42_4_, networkser7_.id as id1_18_5_, networkser7_.audit_log as audit_lo2_18_5_, networkser7_.descriptor_reference_Id as descript9_18_5_, networkser7_.lifecycle_event_id as lifecyc10_18_5_, networkser7_.notification as notifica3_18_5_, networkser7_.resource_reservation as resource4_18_5_, networkser7_.runtime_policy_info as runtime_5_18_5_, networkser7_.service_deployment_flavour_id as service11_18_5_, networkser7_.status as status6_18_5_, networkser7_.vendor as vendor7_18_5_, networkser7_.version as version8_18_5_, networkser7_.vnfr_id as vnfr_id12_18_5_, nfventityd8_.id as id1_27_6_, nfventityd8_.hb_version as hb_versi2_27_6_, nfventityd8_.vendor as vendor3_27_6_, nfventityd8_.version as version4_27_6_, nfventityd8_.descriptor_version as descript1_62_6_, nfventityd8_.manifest_file as manifest2_62_6_, nfventityd8_.nsd_security_id as nsd_secu1_14_6_, nfventityd8_.clazz_ as clazz_6_, lifecyclee9_.id as id1_10_7_, lifecyclee9_.version as version2_10_7_, servicedep10_.id as id1_7_8_, servicedep10_.flavour_key as flavour_2_7_8_, servicedep10_.version as version3_7_8_, virtualnet11_.id as id1_68_9_, virtualnet11_.audit_log as audit_lo2_68_9_, virtualnet11_.deployment_flavour_id as deployme9_68_9_, virtualnet11_.descriptor_reference as descript3_68_9_, virtualnet11_.lifecycle_event_id as lifecyc10_68_9_, virtualnet11_.localization as localiza4_68_9_, virtualnet11_.parent_ns_id as parent_11_68_9_, virtualnet11_.status as status5_68_9_, virtualnet11_.vendor as vendor6_68_9_, virtualnet11_.version as version7_68_9_, virtualnet11_.vnfm_id as vnfm_id8_68_9_ from vnfforwarding_graph_record vnfforward0_ left outer join vnfforwarding_graph_record_connection_point connection1_ on vnfforward0_.id=connection1_.vnfforwarding_graph_record_id left outer join vnfdconnection_point vnfdconnec2_ on connection1_.connection_point_id=vnfdconnec2_.id left outer join vnfforwarding_graph vnfforward3_ on vnfforward0_.descriptor_reference_id=vnfforward3_.id left outer join security security4_ on vnfforward3_.vnffgd_security_id=security4_.id left outer join network_forwarding_path networkfor5_ on vnfforward0_.network_forwarding_path_id=networkfor5_.id left outer join policy policy6_ on networkfor5_.policy_id=policy6_.id left outer join network_service_record networkser7_ on vnfforward0_.parent_ns_id=networkser7_.id left outer join ( select id, hb_version, vendor, version, descriptor_version, manifest_file, null as nsd_security_id, 1 as clazz_ from virtual_network_function_descriptor union select id, hb_version, vendor, version, null as descriptor_version, null as manifest_file, nsd_security_id, 2 as clazz_ from network_service_descriptor ) nfventityd8_ on networkser7_.descriptor_reference_Id=nfventityd8_.id left outer join lifecycle_event lifecyclee9_ on networkser7_.lifecycle_event_id=lifecyclee9_.id left outer join service_deployment_flavour servicedep10_ on networkser7_.service_deployment_flavour_id=servicedep10_.id left outer join virtual_network_function_record virtualnet11_ on networkser7_.vnfr_id=virtualnet11_.id where vnfforward0_.id=?
13:23:07.250 [Test worker] DEBUG o.h.p.entity.AbstractEntityPersister - Static SQL for entity: org.project.neutrino.nfvo.catalogue.mano.common.Security
13:23:07.250 [Test worker] DEBUG o.h.p.entity.AbstractEntityPersister -  Version select: select version from security where id =?
13:23:07.250 [Test worker] DEBUG o.h.p.entity.AbstractEntityPersister -  Snapshot select: select security_.id, security_.version as version2_43_ from security security_ where security_.id=?
13:23:07.250 [Test worker] DEBUG o.h.p.entity.AbstractEntityPersister -  Insert 0: insert into security (version, id) values (?, ?)
13:23:07.250 [Test worker] DEBUG o.h.p.entity.AbstractEntityPersister -  Update 0: update security set version=? where id=? and version=?
13:23:07.250 [Test worker] DEBUG o.h.p.entity.AbstractEntityPersister -  Delete 0: delete from security where id=? and version=?
13:23:07.250 [Test worker] DEBUG o.h.l.p.b.i.spaces.QuerySpacesImpl - Adding QuerySpace : uid = <gen:0> -> org.hibernate.loader.plan.build.internal.spaces.EntityQuerySpaceImpl@5ad5c40d]
13:23:07.250 [Test worker] DEBUG o.h.p.w.spi.MetamodelGraphWalker - Visiting attribute path : version
13:23:07.250 [Test worker] DEBUG o.h.l.p.b.i.FetchStyleLoadPlanBuildingAssociationVisitationStrategy - Building LoadPlan...
13:23:07.251 [Test worker] DEBUG o.h.l.p.e.i.LoadQueryJoinAndFetchProcessor - processing queryspace <gen:0>
13:23:07.251 [Test worker] DEBUG o.h.l.p.b.spi.LoadPlanTreePrinter - LoadPlan(entity=org.project.neutrino.nfvo.catalogue.mano.common.Security)
    - Returns
       - EntityReturnImpl(entity=org.project.neutrino.nfvo.catalogue.mano.common.Security, querySpaceUid=<gen:0>, path=org.project.neutrino.nfvo.catalogue.mano.common.Security)
    - QuerySpaces
       - EntityQuerySpaceImpl(uid=<gen:0>, entity=org.project.neutrino.nfvo.catalogue.mano.common.Security)
          - SQL table alias mapping - security0_
          - alias suffix - 0_
          - suffixed key columns - {id1_43_0_}

13:23:07.251 [Test worker] DEBUG o.h.loader.entity.plan.EntityLoader - Static select for entity org.project.neutrino.nfvo.catalogue.mano.common.Security [NONE]: select security0_.id as id1_43_0_, security0_.version as version2_43_0_ from security security0_ where security0_.id=?
13:23:07.251 [Test worker] DEBUG o.h.l.p.b.i.spaces.QuerySpacesImpl - Adding QuerySpace : uid = <gen:0> -> org.hibernate.loader.plan.build.internal.spaces.EntityQuerySpaceImpl@307941f6]
13:23:07.251 [Test worker] DEBUG o.h.p.w.spi.MetamodelGraphWalker - Visiting attribute path : version
13:23:07.251 [Test worker] DEBUG o.h.l.p.b.i.FetchStyleLoadPlanBuildingAssociationVisitationStrategy - Building LoadPlan...
13:23:07.251 [Test worker] DEBUG o.h.l.p.e.i.LoadQueryJoinAndFetchProcessor - processing queryspace <gen:0>
13:23:07.251 [Test worker] DEBUG o.h.l.p.b.spi.LoadPlanTreePrinter - LoadPlan(entity=org.project.neutrino.nfvo.catalogue.mano.common.Security)
    - Returns
       - EntityReturnImpl(entity=org.project.neutrino.nfvo.catalogue.mano.common.Security, querySpaceUid=<gen:0>, path=org.project.neutrino.nfvo.catalogue.mano.common.Security)
    - QuerySpaces
       - EntityQuerySpaceImpl(uid=<gen:0>, entity=org.project.neutrino.nfvo.catalogue.mano.common.Security)
          - SQL table alias mapping - security0_
          - alias suffix - 0_
          - suffixed key columns - {id1_43_0_}

13:23:07.251 [Test worker] DEBUG o.h.loader.entity.plan.EntityLoader - Static select for entity org.project.neutrino.nfvo.catalogue.mano.common.Security [READ]: select security0_.id as id1_43_0_, security0_.version as version2_43_0_ from security security0_ where security0_.id=?
13:23:07.251 [Test worker] DEBUG o.h.l.p.b.i.spaces.QuerySpacesImpl - Adding QuerySpace : uid = <gen:0> -> org.hibernate.loader.plan.build.internal.spaces.EntityQuerySpaceImpl@251d1de1]
13:23:07.251 [Test worker] DEBUG o.h.p.w.spi.MetamodelGraphWalker - Visiting attribute path : version
13:23:07.251 [Test worker] DEBUG o.h.l.p.b.i.FetchStyleLoadPlanBuildingAssociationVisitationStrategy - Building LoadPlan...
13:23:07.251 [Test worker] DEBUG o.h.l.p.e.i.LoadQueryJoinAndFetchProcessor - processing queryspace <gen:0>
13:23:07.252 [Test worker] DEBUG o.h.l.p.b.spi.LoadPlanTreePrinter - LoadPlan(entity=org.project.neutrino.nfvo.catalogue.mano.common.Security)
    - Returns
       - EntityReturnImpl(entity=org.project.neutrino.nfvo.catalogue.mano.common.Security, querySpaceUid=<gen:0>, path=org.project.neutrino.nfvo.catalogue.mano.common.Security)
    - QuerySpaces
       - EntityQuerySpaceImpl(uid=<gen:0>, entity=org.project.neutrino.nfvo.catalogue.mano.common.Security)
          - SQL table alias mapping - security0_
          - alias suffix - 0_
          - suffixed key columns - {id1_43_0_}

13:23:07.252 [Test worker] DEBUG o.h.loader.entity.plan.EntityLoader - Static select for entity org.project.neutrino.nfvo.catalogue.mano.common.Security [UPGRADE]: select security0_.id as id1_43_0_, security0_.version as version2_43_0_ from security security0_ where security0_.id=? for update
13:23:07.252 [Test worker] DEBUG o.h.l.p.b.i.spaces.QuerySpacesImpl - Adding QuerySpace : uid = <gen:0> -> org.hibernate.loader.plan.build.internal.spaces.EntityQuerySpaceImpl@1825dc52]
13:23:07.252 [Test worker] DEBUG o.h.p.w.spi.MetamodelGraphWalker - Visiting attribute path : version
13:23:07.252 [Test worker] DEBUG o.h.l.p.b.i.FetchStyleLoadPlanBuildingAssociationVisitationStrategy - Building LoadPlan...
13:23:07.252 [Test worker] DEBUG o.h.l.p.e.i.LoadQueryJoinAndFetchProcessor - processing queryspace <gen:0>
13:23:07.252 [Test worker] DEBUG o.h.l.p.b.spi.LoadPlanTreePrinter - LoadPlan(entity=org.project.neutrino.nfvo.catalogue.mano.common.Security)
    - Returns
       - EntityReturnImpl(entity=org.project.neutrino.nfvo.catalogue.mano.common.Security, querySpaceUid=<gen:0>, path=org.project.neutrino.nfvo.catalogue.mano.common.Security)
    - QuerySpaces
       - EntityQuerySpaceImpl(uid=<gen:0>, entity=org.project.neutrino.nfvo.catalogue.mano.common.Security)
          - SQL table alias mapping - security0_
          - alias suffix - 0_
          - suffixed key columns - {id1_43_0_}

13:23:07.252 [Test worker] DEBUG o.h.loader.entity.plan.EntityLoader - Static select for entity org.project.neutrino.nfvo.catalogue.mano.common.Security [UPGRADE_NOWAIT]: select security0_.id as id1_43_0_, security0_.version as version2_43_0_ from security security0_ where security0_.id=? for update
13:23:07.252 [Test worker] DEBUG o.h.l.p.b.i.spaces.QuerySpacesImpl - Adding QuerySpace : uid = <gen:0> -> org.hibernate.loader.plan.build.internal.spaces.EntityQuerySpaceImpl@1f482327]
13:23:07.252 [Test worker] DEBUG o.h.p.w.spi.MetamodelGraphWalker - Visiting attribute path : version
13:23:07.252 [Test worker] DEBUG o.h.l.p.b.i.FetchStyleLoadPlanBuildingAssociationVisitationStrategy - Building LoadPlan...
13:23:07.252 [Test worker] DEBUG o.h.l.p.e.i.LoadQueryJoinAndFetchProcessor - processing queryspace <gen:0>
13:23:07.252 [Test worker] DEBUG o.h.l.p.b.spi.LoadPlanTreePrinter - LoadPlan(entity=org.project.neutrino.nfvo.catalogue.mano.common.Security)
    - Returns
       - EntityReturnImpl(entity=org.project.neutrino.nfvo.catalogue.mano.common.Security, querySpaceUid=<gen:0>, path=org.project.neutrino.nfvo.catalogue.mano.common.Security)
    - QuerySpaces
       - EntityQuerySpaceImpl(uid=<gen:0>, entity=org.project.neutrino.nfvo.catalogue.mano.common.Security)
          - SQL table alias mapping - security0_
          - alias suffix - 0_
          - suffixed key columns - {id1_43_0_}

13:23:07.252 [Test worker] DEBUG o.h.loader.entity.plan.EntityLoader - Static select for entity org.project.neutrino.nfvo.catalogue.mano.common.Security [UPGRADE_SKIPLOCKED]: select security0_.id as id1_43_0_, security0_.version as version2_43_0_ from security security0_ where security0_.id=? for update
13:23:07.253 [Test worker] DEBUG o.h.l.p.b.i.spaces.QuerySpacesImpl - Adding QuerySpace : uid = <gen:0> -> org.hibernate.loader.plan.build.internal.spaces.EntityQuerySpaceImpl@21974d1e]
13:23:07.253 [Test worker] DEBUG o.h.p.w.spi.MetamodelGraphWalker - Visiting attribute path : version
13:23:07.253 [Test worker] DEBUG o.h.l.p.b.i.FetchStyleLoadPlanBuildingAssociationVisitationStrategy - Building LoadPlan...
13:23:07.253 [Test worker] DEBUG o.h.l.p.e.i.LoadQueryJoinAndFetchProcessor - processing queryspace <gen:0>
13:23:07.253 [Test worker] DEBUG o.h.l.p.b.spi.LoadPlanTreePrinter - LoadPlan(entity=org.project.neutrino.nfvo.catalogue.mano.common.Security)
    - Returns
       - EntityReturnImpl(entity=org.project.neutrino.nfvo.catalogue.mano.common.Security, querySpaceUid=<gen:0>, path=org.project.neutrino.nfvo.catalogue.mano.common.Security)
    - QuerySpaces
       - EntityQuerySpaceImpl(uid=<gen:0>, entity=org.project.neutrino.nfvo.catalogue.mano.common.Security)
          - SQL table alias mapping - security0_
          - alias suffix - 0_
          - suffixed key columns - {id1_43_0_}

13:23:07.253 [Test worker] DEBUG o.h.loader.entity.plan.EntityLoader - Static select for entity org.project.neutrino.nfvo.catalogue.mano.common.Security [FORCE]: select security0_.id as id1_43_0_, security0_.version as version2_43_0_ from security security0_ where security0_.id=? for update
13:23:07.253 [Test worker] DEBUG o.h.l.p.b.i.spaces.QuerySpacesImpl - Adding QuerySpace : uid = <gen:0> -> org.hibernate.loader.plan.build.internal.spaces.EntityQuerySpaceImpl@4267874e]
13:23:07.253 [Test worker] DEBUG o.h.p.w.spi.MetamodelGraphWalker - Visiting attribute path : version
13:23:07.253 [Test worker] DEBUG o.h.l.p.b.i.FetchStyleLoadPlanBuildingAssociationVisitationStrategy - Building LoadPlan...
13:23:07.253 [Test worker] DEBUG o.h.l.p.e.i.LoadQueryJoinAndFetchProcessor - processing queryspace <gen:0>
13:23:07.253 [Test worker] DEBUG o.h.l.p.b.spi.LoadPlanTreePrinter - LoadPlan(entity=org.project.neutrino.nfvo.catalogue.mano.common.Security)
    - Returns
       - EntityReturnImpl(entity=org.project.neutrino.nfvo.catalogue.mano.common.Security, querySpaceUid=<gen:0>, path=org.project.neutrino.nfvo.catalogue.mano.common.Security)
    - QuerySpaces
       - EntityQuerySpaceImpl(uid=<gen:0>, entity=org.project.neutrino.nfvo.catalogue.mano.common.Security)
          - SQL table alias mapping - security0_
          - alias suffix - 0_
          - suffixed key columns - {id1_43_0_}

13:23:07.253 [Test worker] DEBUG o.h.loader.entity.plan.EntityLoader - Static select for entity org.project.neutrino.nfvo.catalogue.mano.common.Security [PESSIMISTIC_READ]: select security0_.id as id1_43_0_, security0_.version as version2_43_0_ from security security0_ where security0_.id=? lock in share mode
13:23:07.253 [Test worker] DEBUG o.h.l.p.b.i.spaces.QuerySpacesImpl - Adding QuerySpace : uid = <gen:0> -> org.hibernate.loader.plan.build.internal.spaces.EntityQuerySpaceImpl@7c0e2101]
13:23:07.253 [Test worker] DEBUG o.h.p.w.spi.MetamodelGraphWalker - Visiting attribute path : version
13:23:07.253 [Test worker] DEBUG o.h.l.p.b.i.FetchStyleLoadPlanBuildingAssociationVisitationStrategy - Building LoadPlan...
13:23:07.254 [Test worker] DEBUG o.h.l.p.e.i.LoadQueryJoinAndFetchProcessor - processing queryspace <gen:0>
13:23:07.254 [Test worker] DEBUG o.h.l.p.b.spi.LoadPlanTreePrinter - LoadPlan(entity=org.project.neutrino.nfvo.catalogue.mano.common.Security)
    - Returns
       - EntityReturnImpl(entity=org.project.neutrino.nfvo.catalogue.mano.common.Security, querySpaceUid=<gen:0>, path=org.project.neutrino.nfvo.catalogue.mano.common.Security)
    - QuerySpaces
       - EntityQuerySpaceImpl(uid=<gen:0>, entity=org.project.neutrino.nfvo.catalogue.mano.common.Security)
          - SQL table alias mapping - security0_
          - alias suffix - 0_
          - suffixed key columns - {id1_43_0_}

13:23:07.255 [Test worker] DEBUG o.h.loader.entity.plan.EntityLoader - Static select for entity org.project.neutrino.nfvo.catalogue.mano.common.Security [PESSIMISTIC_WRITE]: select security0_.id as id1_43_0_, security0_.version as version2_43_0_ from security security0_ where security0_.id=? for update
13:23:07.255 [Test worker] DEBUG o.h.l.p.b.i.spaces.QuerySpacesImpl - Adding QuerySpace : uid = <gen:0> -> org.hibernate.loader.plan.build.internal.spaces.EntityQuerySpaceImpl@33eeb0d0]
13:23:07.255 [Test worker] DEBUG o.h.p.w.spi.MetamodelGraphWalker - Visiting attribute path : version
13:23:07.255 [Test worker] DEBUG o.h.l.p.b.i.FetchStyleLoadPlanBuildingAssociationVisitationStrategy - Building LoadPlan...
13:23:07.255 [Test worker] DEBUG o.h.l.p.e.i.LoadQueryJoinAndFetchProcessor - processing queryspace <gen:0>
13:23:07.255 [Test worker] DEBUG o.h.l.p.b.spi.LoadPlanTreePrinter - LoadPlan(entity=org.project.neutrino.nfvo.catalogue.mano.common.Security)
    - Returns
       - EntityReturnImpl(entity=org.project.neutrino.nfvo.catalogue.mano.common.Security, querySpaceUid=<gen:0>, path=org.project.neutrino.nfvo.catalogue.mano.common.Security)
    - QuerySpaces
       - EntityQuerySpaceImpl(uid=<gen:0>, entity=org.project.neutrino.nfvo.catalogue.mano.common.Security)
          - SQL table alias mapping - security0_
          - alias suffix - 0_
          - suffixed key columns - {id1_43_0_}

13:23:07.255 [Test worker] DEBUG o.h.loader.entity.plan.EntityLoader - Static select for entity org.project.neutrino.nfvo.catalogue.mano.common.Security [PESSIMISTIC_FORCE_INCREMENT]: select security0_.id as id1_43_0_, security0_.version as version2_43_0_ from security security0_ where security0_.id=? for update
13:23:07.256 [Test worker] DEBUG o.h.l.p.b.i.spaces.QuerySpacesImpl - Adding QuerySpace : uid = <gen:0> -> org.hibernate.loader.plan.build.internal.spaces.EntityQuerySpaceImpl@4c7854e3]
13:23:07.256 [Test worker] DEBUG o.h.p.w.spi.MetamodelGraphWalker - Visiting attribute path : version
13:23:07.256 [Test worker] DEBUG o.h.l.p.b.i.FetchStyleLoadPlanBuildingAssociationVisitationStrategy - Building LoadPlan...
13:23:07.256 [Test worker] DEBUG o.h.l.p.e.i.LoadQueryJoinAndFetchProcessor - processing queryspace <gen:0>
13:23:07.256 [Test worker] DEBUG o.h.l.p.b.spi.LoadPlanTreePrinter - LoadPlan(entity=org.project.neutrino.nfvo.catalogue.mano.common.Security)
    - Returns
       - EntityReturnImpl(entity=org.project.neutrino.nfvo.catalogue.mano.common.Security, querySpaceUid=<gen:0>, path=org.project.neutrino.nfvo.catalogue.mano.common.Security)
    - QuerySpaces
       - EntityQuerySpaceImpl(uid=<gen:0>, entity=org.project.neutrino.nfvo.catalogue.mano.common.Security)
          - SQL table alias mapping - security0_
          - alias suffix - 0_
          - suffixed key columns - {id1_43_0_}

13:23:07.256 [Test worker] DEBUG o.h.loader.entity.plan.EntityLoader - Static select for entity org.project.neutrino.nfvo.catalogue.mano.common.Security [OPTIMISTIC]: select security0_.id as id1_43_0_, security0_.version as version2_43_0_ from security security0_ where security0_.id=?
13:23:07.256 [Test worker] DEBUG o.h.l.p.b.i.spaces.QuerySpacesImpl - Adding QuerySpace : uid = <gen:0> -> org.hibernate.loader.plan.build.internal.spaces.EntityQuerySpaceImpl@70545eb3]
13:23:07.256 [Test worker] DEBUG o.h.p.w.spi.MetamodelGraphWalker - Visiting attribute path : version
13:23:07.256 [Test worker] DEBUG o.h.l.p.b.i.FetchStyleLoadPlanBuildingAssociationVisitationStrategy - Building LoadPlan...
13:23:07.256 [Test worker] DEBUG o.h.l.p.e.i.LoadQueryJoinAndFetchProcessor - processing queryspace <gen:0>
13:23:07.256 [Test worker] DEBUG o.h.l.p.b.spi.LoadPlanTreePrinter - LoadPlan(entity=org.project.neutrino.nfvo.catalogue.mano.common.Security)
    - Returns
       - EntityReturnImpl(entity=org.project.neutrino.nfvo.catalogue.mano.common.Security, querySpaceUid=<gen:0>, path=org.project.neutrino.nfvo.catalogue.mano.common.Security)
    - QuerySpaces
       - EntityQuerySpaceImpl(uid=<gen:0>, entity=org.project.neutrino.nfvo.catalogue.mano.common.Security)
          - SQL table alias mapping - security0_
          - alias suffix - 0_
          - suffixed key columns - {id1_43_0_}

13:23:07.256 [Test worker] DEBUG o.h.loader.entity.plan.EntityLoader - Static select for entity org.project.neutrino.nfvo.catalogue.mano.common.Security [OPTIMISTIC_FORCE_INCREMENT]: select security0_.id as id1_43_0_, security0_.version as version2_43_0_ from security security0_ where security0_.id=?
13:23:07.256 [Test worker] DEBUG org.hibernate.loader.Loader - Static select for action ACTION_MERGE on entity org.project.neutrino.nfvo.catalogue.mano.common.Security: select security0_.id as id1_43_0_, security0_.version as version2_43_0_ from security security0_ where security0_.id=?
13:23:07.257 [Test worker] DEBUG org.hibernate.loader.Loader - Static select for action ACTION_REFRESH on entity org.project.neutrino.nfvo.catalogue.mano.common.Security: select security0_.id as id1_43_0_, security0_.version as version2_43_0_ from security security0_ where security0_.id=?
13:23:07.257 [Test worker] DEBUG o.h.p.entity.AbstractEntityPersister - Static SQL for entity: org.project.neutrino.nfvo.catalogue.mano.record.PhysicalNetworkFunctionRecord
13:23:07.257 [Test worker] DEBUG o.h.p.entity.AbstractEntityPersister -  Version select: select id from physical_network_function_record where id =?
13:23:07.257 [Test worker] DEBUG o.h.p.entity.AbstractEntityPersister -  Snapshot select: select physicalne_.id, physicalne_.description as descript2_37_, physicalne_.descriptor_reference_id as descript6_37_, physicalne_.oam_reference as oam_refe3_37_, physicalne_.parent_ns_id as parent_n7_37_, physicalne_.vendor as vendor4_37_, physicalne_.version as version5_37_ from physical_network_function_record physicalne_ where physicalne_.id=?
13:23:07.257 [Test worker] DEBUG o.h.p.entity.AbstractEntityPersister -  Insert 0: insert into physical_network_function_record (description, descriptor_reference_id, oam_reference, parent_ns_id, vendor, version, id) values (?, ?, ?, ?, ?, ?, ?)
13:23:07.257 [Test worker] DEBUG o.h.p.entity.AbstractEntityPersister -  Update 0: update physical_network_function_record set description=?, descriptor_reference_id=?, oam_reference=?, parent_ns_id=?, vendor=?, version=? where id=?
13:23:07.257 [Test worker] DEBUG o.h.p.entity.AbstractEntityPersister -  Delete 0: delete from physical_network_function_record where id=?
13:23:07.257 [Test worker] DEBUG o.h.l.p.b.i.spaces.QuerySpacesImpl - Adding QuerySpace : uid = <gen:0> -> org.hibernate.loader.plan.build.internal.spaces.EntityQuerySpaceImpl@454a4121]
13:23:07.257 [Test worker] DEBUG o.h.p.w.spi.MetamodelGraphWalker - Visiting attribute path : connected_virtual_link
13:23:07.257 [Test worker] DEBUG o.h.l.p.b.i.spaces.QuerySpacesImpl - Adding QuerySpace : uid = <gen:1> -> org.hibernate.loader.plan.build.internal.spaces.CollectionQuerySpaceImpl@185c0a42]
13:23:07.257 [Test worker] DEBUG o.h.l.p.b.i.spaces.QuerySpacesImpl - Adding QuerySpace : uid = <gen:2> -> org.hibernate.loader.plan.build.internal.spaces.EntityQuerySpaceImpl@42a57f8c]
13:23:07.258 [Test worker] DEBUG o.h.p.w.spi.MetamodelGraphWalker - Visiting attribute path : connected_virtual_link.allocated_capacity
13:23:07.258 [Test worker] DEBUG o.h.p.w.spi.MetamodelGraphWalker - Visiting attribute path : connected_virtual_link.audit_log
13:23:07.258 [Test worker] DEBUG o.h.p.w.spi.MetamodelGraphWalker - Visiting attribute path : connected_virtual_link.connection
13:23:07.258 [Test worker] DEBUG o.h.p.w.spi.MetamodelGraphWalker - Visiting attribute path : connected_virtual_link.connectivity_type
13:23:07.258 [Test worker] DEBUG o.h.p.w.spi.MetamodelGraphWalker - Visiting attribute path : connected_virtual_link.descriptor_reference
13:23:07.258 [Test worker] DEBUG o.h.p.w.spi.MetamodelGraphWalker - Visiting attribute path : connected_virtual_link.leaf_requirement
13:23:07.258 [Test worker] DEBUG o.h.p.w.spi.MetamodelGraphWalker - Visiting attribute path : connected_virtual_link.lifecycle_event_history
13:23:07.258 [Test worker] DEBUG o.h.l.p.b.i.spaces.QuerySpacesImpl - Adding QuerySpace : uid = <gen:3> -> org.hibernate.loader.plan.build.internal.spaces.CollectionQuerySpaceImpl@f6aeff1]
13:23:07.258 [Test worker] DEBUG o.h.l.p.b.i.spaces.QuerySpacesImpl - Adding QuerySpace : uid = <gen:4> -> org.hibernate.loader.plan.build.internal.spaces.EntityQuerySpaceImpl@35aebf1f]
13:23:07.258 [Test worker] DEBUG o.h.p.w.spi.MetamodelGraphWalker - Visiting attribute path : connected_virtual_link.lifecycle_event_history.lifecycle_events
13:23:07.258 [Test worker] DEBUG o.h.p.w.spi.MetamodelGraphWalker - Visiting attribute path : connected_virtual_link.lifecycle_event_history.version
13:23:07.258 [Test worker] DEBUG o.h.p.w.spi.MetamodelGraphWalker - Visiting attribute path : connected_virtual_link.notification
13:23:07.258 [Test worker] DEBUG o.h.p.w.spi.MetamodelGraphWalker - Visiting attribute path : connected_virtual_link.number_of_enpoints
13:23:07.258 [Test worker] DEBUG o.h.p.w.spi.MetamodelGraphWalker - Visiting attribute path : connected_virtual_link.parent_ns
13:23:07.258 [Test worker] DEBUG o.h.p.w.spi.MetamodelGraphWalker - Visiting attribute path : connected_virtual_link.qos
13:23:07.258 [Test worker] DEBUG o.h.p.w.spi.MetamodelGraphWalker - Visiting attribute path : connected_virtual_link.root_requirement
13:23:07.258 [Test worker] DEBUG o.h.p.w.spi.MetamodelGraphWalker - Visiting attribute path : connected_virtual_link.status
13:23:07.258 [Test worker] DEBUG o.h.p.w.spi.MetamodelGraphWalker - Visiting attribute path : connected_virtual_link.test_access
13:23:07.258 [Test worker] DEBUG o.h.p.w.spi.MetamodelGraphWalker - Visiting attribute path : connected_virtual_link.vendor
13:23:07.258 [Test worker] DEBUG o.h.p.w.spi.MetamodelGraphWalker - Visiting attribute path : connected_virtual_link.version
13:23:07.258 [Test worker] DEBUG o.h.p.w.spi.MetamodelGraphWalker - Visiting attribute path : connected_virtual_link.vim_id
13:23:07.258 [Test worker] DEBUG o.h.p.w.spi.MetamodelGraphWalker - Visiting attribute path : connected_virtual_link.vnffgr_reference
13:23:07.258 [Test worker] DEBUG o.h.l.p.b.i.spaces.QuerySpacesImpl - Adding QuerySpace : uid = <gen:5> -> org.hibernate.loader.plan.build.internal.spaces.CollectionQuerySpaceImpl@5141ecf1]
13:23:07.258 [Test worker] DEBUG o.h.l.p.b.i.spaces.QuerySpacesImpl - Adding QuerySpace : uid = <gen:6> -> org.hibernate.loader.plan.build.internal.spaces.EntityQuerySpaceImpl@3f2aebe4]
13:23:07.258 [Test worker] DEBUG o.h.p.w.spi.MetamodelGraphWalker - Visiting attribute path : connected_virtual_link.vnffgr_reference.audit_log
13:23:07.258 [Test worker] DEBUG o.h.p.w.spi.MetamodelGraphWalker - Visiting attribute path : connected_virtual_link.vnffgr_reference.connection_point
13:23:07.258 [Test worker] DEBUG o.h.l.p.b.i.spaces.QuerySpacesImpl - Adding QuerySpace : uid = <gen:7> -> org.hibernate.loader.plan.build.internal.spaces.CollectionQuerySpaceImpl@3195f9d9]
13:23:07.258 [Test worker] DEBUG o.h.l.p.b.i.spaces.QuerySpacesImpl - Adding QuerySpace : uid = <gen:8> -> org.hibernate.loader.plan.build.internal.spaces.EntityQuerySpaceImpl@6d462efd]
13:23:07.258 [Test worker] DEBUG o.h.p.w.spi.MetamodelGraphWalker - Visiting attribute path : connected_virtual_link.vnffgr_reference.dependent_virtual_link
13:23:07.258 [Test worker] DEBUG o.h.l.p.b.i.spaces.QuerySpacesImpl - Adding QuerySpace : uid = <gen:9> -> org.hibernate.loader.plan.build.internal.spaces.CollectionQuerySpaceImpl@1ab71c17]
13:23:07.258 [Test worker] DEBUG o.h.l.p.b.i.spaces.QuerySpacesImpl - Adding QuerySpace : uid = <gen:10> -> org.hibernate.loader.plan.build.internal.spaces.EntityQuerySpaceImpl@6b9537b4]
13:23:07.258 [Test worker] DEBUG o.h.p.w.spi.MetamodelGraphWalker - Visiting attribute path : connected_virtual_link.vnffgr_reference.descriptor_reference
13:23:07.258 [Test worker] DEBUG o.h.l.p.b.i.spaces.QuerySpacesImpl - Adding QuerySpace : uid = <gen:11> -> org.hibernate.loader.plan.build.internal.spaces.EntityQuerySpaceImpl@117c419a]
13:23:07.259 [Test worker] DEBUG o.h.p.w.spi.MetamodelGraphWalker - Visiting attribute path : connected_virtual_link.vnffgr_reference.lifecycle_event_history
13:23:07.259 [Test worker] DEBUG o.h.l.p.b.i.spaces.QuerySpacesImpl - Adding QuerySpace : uid = <gen:12> -> org.hibernate.loader.plan.build.internal.spaces.CollectionQuerySpaceImpl@74b6ee6d]
13:23:07.259 [Test worker] DEBUG o.h.l.p.b.i.spaces.QuerySpacesImpl - Adding QuerySpace : uid = <gen:13> -> org.hibernate.loader.plan.build.internal.spaces.EntityQuerySpaceImpl@15df71f8]
13:23:07.259 [Test worker] DEBUG o.h.p.w.spi.MetamodelGraphWalker - Visiting attribute path : connected_virtual_link.vnffgr_reference.member_vnfs
13:23:07.259 [Test worker] DEBUG o.h.l.p.b.i.spaces.QuerySpacesImpl - Adding QuerySpace : uid = <gen:14> -> org.hibernate.loader.plan.build.internal.spaces.CollectionQuerySpaceImpl@b35c00]
13:23:07.259 [Test worker] DEBUG o.h.l.p.b.i.spaces.QuerySpacesImpl - Adding QuerySpace : uid = <gen:15> -> org.hibernate.loader.plan.build.internal.spaces.EntityQuerySpaceImpl@7f5d045b]
13:23:07.259 [Test worker] DEBUG o.h.p.w.spi.MetamodelGraphWalker - Visiting attribute path : connected_virtual_link.vnffgr_reference.network_forwarding_path
13:23:07.259 [Test worker] DEBUG o.h.l.p.b.i.spaces.QuerySpacesImpl - Adding QuerySpace : uid = <gen:16> -> org.hibernate.loader.plan.build.internal.spaces.EntityQuerySpaceImpl@33c933b0]
13:23:07.259 [Test worker] DEBUG o.h.p.w.spi.MetamodelGraphWalker - Visiting attribute path : connected_virtual_link.vnffgr_reference.notification
13:23:07.259 [Test worker] DEBUG o.h.p.w.spi.MetamodelGraphWalker - Visiting attribute path : connected_virtual_link.vnffgr_reference.number_of_endpoints
13:23:07.259 [Test worker] DEBUG o.h.p.w.spi.MetamodelGraphWalker - Visiting attribute path : connected_virtual_link.vnffgr_reference.number_of_pnfs
13:23:07.259 [Test worker] DEBUG o.h.p.w.spi.MetamodelGraphWalker - Visiting attribute path : connected_virtual_link.vnffgr_reference.number_of_virtual_links
13:23:07.259 [Test worker] DEBUG o.h.p.w.spi.MetamodelGraphWalker - Visiting attribute path : connected_virtual_link.vnffgr_reference.number_of_vnfs
13:23:07.259 [Test worker] DEBUG o.h.p.w.spi.MetamodelGraphWalker - Visiting attribute path : connected_virtual_link.vnffgr_reference.parent_ns
13:23:07.260 [Test worker] DEBUG o.h.l.p.b.i.spaces.QuerySpacesImpl - Adding QuerySpace : uid = <gen:17> -> org.hibernate.loader.plan.build.internal.spaces.EntityQuerySpaceImpl@5e60825f]
13:23:07.260 [Test worker] DEBUG o.h.p.w.spi.MetamodelGraphWalker - Visiting attribute path : connected_virtual_link.vnffgr_reference.status
13:23:07.260 [Test worker] DEBUG o.h.p.w.spi.MetamodelGraphWalker - Visiting attribute path : connected_virtual_link.vnffgr_reference.vendor
13:23:07.260 [Test worker] DEBUG o.h.p.w.spi.MetamodelGraphWalker - Visiting attribute path : connected_virtual_link.vnffgr_reference.version
13:23:07.260 [Test worker] DEBUG o.h.p.w.spi.MetamodelGraphWalker - Visiting attribute path : connection_point
13:23:07.260 [Test worker] DEBUG o.h.l.p.b.i.spaces.QuerySpacesImpl - Adding QuerySpace : uid = <gen:18> -> org.hibernate.loader.plan.build.internal.spaces.CollectionQuerySpaceImpl@120f5b61]
13:23:07.260 [Test worker] DEBUG o.h.l.p.b.i.spaces.QuerySpacesImpl - Adding QuerySpace : uid = <gen:19> -> org.hibernate.loader.plan.build.internal.spaces.EntityQuerySpaceImpl@2e38468a]
13:23:07.260 [Test worker] DEBUG o.h.p.w.spi.MetamodelGraphWalker - Visiting attribute path : connection_point.type
13:23:07.260 [Test worker] DEBUG o.h.p.w.spi.MetamodelGraphWalker - Visiting attribute path : connection_point.version
13:23:07.260 [Test worker] DEBUG o.h.p.w.spi.MetamodelGraphWalker - Visiting attribute path : connection_point.virtual_link_reference
13:23:07.260 [Test worker] DEBUG o.h.p.w.spi.MetamodelGraphWalker - Visiting attribute path : description
13:23:07.260 [Test worker] DEBUG o.h.p.w.spi.MetamodelGraphWalker - Visiting attribute path : descriptor_reference
13:23:07.260 [Test worker] DEBUG o.h.l.p.b.i.spaces.QuerySpacesImpl - Adding QuerySpace : uid = <gen:20> -> org.hibernate.loader.plan.build.internal.spaces.EntityQuerySpaceImpl@4cab0ac0]
13:23:07.260 [Test worker] DEBUG o.h.p.w.spi.MetamodelGraphWalker - Visiting attribute path : descriptor_reference.connection_point
13:23:07.260 [Test worker] DEBUG o.h.p.w.spi.MetamodelGraphWalker - Visiting attribute path : descriptor_reference.description
13:23:07.260 [Test worker] DEBUG o.h.p.w.spi.MetamodelGraphWalker - Visiting attribute path : descriptor_reference.descriptor_version
13:23:07.260 [Test worker] DEBUG o.h.p.w.spi.MetamodelGraphWalker - Visiting attribute path : descriptor_reference.hb_version
13:23:07.260 [Test worker] DEBUG o.h.p.w.spi.MetamodelGraphWalker - Visiting attribute path : descriptor_reference.pnfd_security
13:23:07.260 [Test worker] DEBUG o.h.l.p.b.i.spaces.QuerySpacesImpl - Adding QuerySpace : uid = <gen:21> -> org.hibernate.loader.plan.build.internal.spaces.EntityQuerySpaceImpl@740a515b]
13:23:07.260 [Test worker] DEBUG o.h.p.w.spi.MetamodelGraphWalker - Visiting attribute path : descriptor_reference.pnfd_security.version
13:23:07.260 [Test worker] DEBUG o.h.p.w.spi.MetamodelGraphWalker - Visiting attribute path : descriptor_reference.vendor
13:23:07.260 [Test worker] DEBUG o.h.p.w.spi.MetamodelGraphWalker - Visiting attribute path : descriptor_reference.version
13:23:07.260 [Test worker] DEBUG o.h.p.w.spi.MetamodelGraphWalker - Visiting attribute path : oam_reference
13:23:07.261 [Test worker] DEBUG o.h.p.w.spi.MetamodelGraphWalker - Visiting attribute path : parent_ns
13:23:07.261 [Test worker] DEBUG o.h.l.p.b.i.spaces.QuerySpacesImpl - Adding QuerySpace : uid = <gen:22> -> org.hibernate.loader.plan.build.internal.spaces.EntityQuerySpaceImpl@557ab585]
13:23:07.261 [Test worker] DEBUG o.h.p.w.spi.MetamodelGraphWalker - Visiting attribute path : parent_ns.audit_log
13:23:07.261 [Test worker] DEBUG o.h.p.w.spi.MetamodelGraphWalker - Visiting attribute path : parent_ns.auto_scale_policy
13:23:07.261 [Test worker] DEBUG o.h.l.p.b.i.spaces.QuerySpacesImpl - Adding QuerySpace : uid = <gen:23> -> org.hibernate.loader.plan.build.internal.spaces.CollectionQuerySpaceImpl@5e116b69]
13:23:07.261 [Test worker] DEBUG o.h.l.p.b.i.spaces.QuerySpacesImpl - Adding QuerySpace : uid = <gen:24> -> org.hibernate.loader.plan.build.internal.spaces.EntityQuerySpaceImpl@49a2eabe]
13:23:07.261 [Test worker] DEBUG o.h.p.w.spi.MetamodelGraphWalker - Visiting attribute path : parent_ns.auto_scale_policy.version
13:23:07.261 [Test worker] DEBUG o.h.p.w.spi.MetamodelGraphWalker - Visiting attribute path : parent_ns.connection_point
13:23:07.261 [Test worker] DEBUG o.h.l.p.b.i.spaces.QuerySpacesImpl - Adding QuerySpace : uid = <gen:25> -> org.hibernate.loader.plan.build.internal.spaces.CollectionQuerySpaceImpl@26467d78]
13:23:07.261 [Test worker] DEBUG o.h.l.p.b.i.spaces.QuerySpacesImpl - Adding QuerySpace : uid = <gen:26> -> org.hibernate.loader.plan.build.internal.spaces.EntityQuerySpaceImpl@5dd764e9]
13:23:07.261 [Test worker] DEBUG o.h.p.w.spi.MetamodelGraphWalker - Visiting attribute path : parent_ns.connection_point.type
13:23:07.261 [Test worker] DEBUG o.h.p.w.spi.MetamodelGraphWalker - Visiting attribute path : parent_ns.connection_point.version
13:23:07.261 [Test worker] DEBUG o.h.p.w.spi.MetamodelGraphWalker - Visiting attribute path : parent_ns.connection_point.virtual_link_reference
13:23:07.261 [Test worker] DEBUG o.h.p.w.spi.MetamodelGraphWalker - Visiting attribute path : parent_ns.descriptor_reference
13:23:07.261 [Test worker] DEBUG o.h.l.p.b.i.spaces.QuerySpacesImpl - Adding QuerySpace : uid = <gen:27> -> org.hibernate.loader.plan.build.internal.spaces.EntityQuerySpaceImpl@cd849db]
13:23:07.261 [Test worker] DEBUG o.h.p.w.spi.MetamodelGraphWalker - Visiting attribute path : parent_ns.descriptor_reference.auto_scale_policy
13:23:07.261 [Test worker] DEBUG o.h.p.w.spi.MetamodelGraphWalker - Visiting attribute path : parent_ns.descriptor_reference.connection_point
13:23:07.261 [Test worker] DEBUG o.h.p.w.spi.MetamodelGraphWalker - Visiting attribute path : parent_ns.descriptor_reference.hb_version
13:23:07.261 [Test worker] DEBUG o.h.p.w.spi.MetamodelGraphWalker - Visiting attribute path : parent_ns.descriptor_reference.lifecycle_event
13:23:07.261 [Test worker] DEBUG o.h.p.w.spi.MetamodelGraphWalker - Visiting attribute path : parent_ns.descriptor_reference.monitoring_parameter
13:23:07.261 [Test worker] DEBUG o.h.l.p.b.i.spaces.QuerySpacesImpl - Adding QuerySpace : uid = <gen:28> -> org.hibernate.loader.plan.build.internal.spaces.CollectionQuerySpaceImpl@71badec]
13:23:07.261 [Test worker] DEBUG o.h.p.w.spi.MetamodelGraphWalker - Visiting attribute path : parent_ns.descriptor_reference.service_deployment_flavour
13:23:07.261 [Test worker] DEBUG o.h.p.w.spi.MetamodelGraphWalker - Visiting attribute path : parent_ns.descriptor_reference.vendor
13:23:07.261 [Test worker] DEBUG o.h.p.w.spi.MetamodelGraphWalker - Visiting attribute path : parent_ns.descriptor_reference.version
13:23:07.261 [Test worker] DEBUG o.h.p.w.spi.MetamodelGraphWalker - Visiting attribute path : parent_ns.descriptor_reference.vld
13:23:07.261 [Test worker] DEBUG o.h.p.w.spi.MetamodelGraphWalker - Visiting attribute path : parent_ns.descriptor_reference.vnffgd
13:23:07.261 [Test worker] DEBUG o.h.p.w.spi.MetamodelGraphWalker - Visiting attribute path : parent_ns.descriptor_reference.deployment_flavour
13:23:07.261 [Test worker] DEBUG o.h.l.p.b.i.spaces.QuerySpacesImpl - Adding QuerySpace : uid = <gen:29> -> org.hibernate.loader.plan.build.internal.spaces.CollectionQuerySpaceImpl@2a376499]
13:23:07.261 [Test worker] DEBUG o.h.l.p.b.i.spaces.QuerySpacesImpl - Adding QuerySpace : uid = <gen:30> -> org.hibernate.loader.plan.build.internal.spaces.EntityQuerySpaceImpl@1aad8e76]
13:23:07.261 [Test worker] DEBUG o.h.p.w.spi.MetamodelGraphWalker - Visiting attribute path : parent_ns.descriptor_reference.descriptor_version
13:23:07.261 [Test worker] DEBUG o.h.p.w.spi.MetamodelGraphWalker - Visiting attribute path : parent_ns.descriptor_reference.manifest_file
13:23:07.261 [Test worker] DEBUG o.h.p.w.spi.MetamodelGraphWalker - Visiting attribute path : parent_ns.descriptor_reference.manifest_file_security
13:23:07.261 [Test worker] DEBUG o.h.p.w.spi.MetamodelGraphWalker - Visiting attribute path : parent_ns.descriptor_reference.vdu
13:23:07.261 [Test worker] DEBUG o.h.p.w.spi.MetamodelGraphWalker - Visiting attribute path : parent_ns.descriptor_reference.vdu_dependency
13:23:07.261 [Test worker] DEBUG o.h.p.w.spi.MetamodelGraphWalker - Visiting attribute path : parent_ns.descriptor_reference.virtual_link
13:23:07.261 [Test worker] DEBUG o.h.p.w.spi.MetamodelGraphWalker - Visiting attribute path : parent_ns.descriptor_reference.nsd_security
13:23:07.261 [Test worker] DEBUG o.h.l.p.b.i.spaces.QuerySpacesImpl - Adding QuerySpace : uid = <gen:31> -> org.hibernate.loader.plan.build.internal.spaces.EntityQuerySpaceImpl@7863f2a8]
13:23:07.262 [Test worker] DEBUG o.h.p.w.spi.MetamodelGraphWalker - Visiting attribute path : parent_ns.descriptor_reference.pnfd
13:23:07.262 [Test worker] DEBUG o.h.p.w.spi.MetamodelGraphWalker - Visiting attribute path : parent_ns.descriptor_reference.vnf_dependency
13:23:07.262 [Test worker] DEBUG o.h.l.p.b.i.spaces.QuerySpacesImpl - Adding QuerySpace : uid = <gen:32> -> org.hibernate.loader.plan.build.internal.spaces.CollectionQuerySpaceImpl@69d03157]
13:23:07.262 [Test worker] DEBUG o.h.l.p.b.i.spaces.QuerySpacesImpl - Adding QuerySpace : uid = <gen:33> -> org.hibernate.loader.plan.build.internal.spaces.EntityQuerySpaceImpl@63577d06]
13:23:07.262 [Test worker] DEBUG o.h.p.w.spi.MetamodelGraphWalker - Visiting attribute path : parent_ns.descriptor_reference.vnfd
13:23:07.262 [Test worker] DEBUG o.h.l.p.b.i.spaces.QuerySpacesImpl - Adding QuerySpace : uid = <gen:34> -> org.hibernate.loader.plan.build.internal.spaces.CollectionQuerySpaceImpl@4d147de]
13:23:07.262 [Test worker] DEBUG o.h.l.p.b.i.spaces.QuerySpacesImpl - Adding QuerySpace : uid = <gen:35> -> org.hibernate.loader.plan.build.internal.spaces.EntityQuerySpaceImpl@47c5424a]
13:23:07.262 [Test worker] DEBUG o.h.p.w.spi.MetamodelGraphWalker - Visiting attribute path : parent_ns.lifecycle_event
13:23:07.262 [Test worker] DEBUG o.h.l.p.b.i.spaces.QuerySpacesImpl - Adding QuerySpace : uid = <gen:36> -> org.hibernate.loader.plan.build.internal.spaces.EntityQuerySpaceImpl@67832d15]
13:23:07.262 [Test worker] DEBUG o.h.p.w.spi.MetamodelGraphWalker - Visiting attribute path : parent_ns.lifecycle_event.lifecycle_events
13:23:07.262 [Test worker] DEBUG o.h.p.w.spi.MetamodelGraphWalker - Visiting attribute path : parent_ns.lifecycle_event.version
13:23:07.262 [Test worker] DEBUG o.h.p.w.spi.MetamodelGraphWalker - Visiting attribute path : parent_ns.lifecycle_event_history
13:23:07.262 [Test worker] DEBUG o.h.l.p.b.i.spaces.QuerySpacesImpl - Adding QuerySpace : uid = <gen:37> -> org.hibernate.loader.plan.build.internal.spaces.CollectionQuerySpaceImpl@37dfd761]
13:23:07.262 [Test worker] DEBUG o.h.l.p.b.i.spaces.QuerySpacesImpl - Adding QuerySpace : uid = <gen:38> -> org.hibernate.loader.plan.build.internal.spaces.EntityQuerySpaceImpl@48b53def]
13:23:07.262 [Test worker] DEBUG o.h.p.w.spi.MetamodelGraphWalker - Visiting attribute path : parent_ns.lifecycle_event_history.lifecycle_events
13:23:07.262 [Test worker] DEBUG o.h.p.w.spi.MetamodelGraphWalker - Visiting attribute path : parent_ns.lifecycle_event_history.version
13:23:07.262 [Test worker] DEBUG o.h.p.w.spi.MetamodelGraphWalker - Visiting attribute path : parent_ns.monitoring_parameter
13:23:07.262 [Test worker] DEBUG o.h.p.w.spi.MetamodelGraphWalker - Visiting attribute path : parent_ns.notification
13:23:07.262 [Test worker] DEBUG o.h.p.w.spi.MetamodelGraphWalker - Visiting attribute path : parent_ns.pnfr
13:23:07.262 [Test worker] DEBUG o.h.l.p.b.i.spaces.QuerySpacesImpl - Adding QuerySpace : uid = <gen:39> -> org.hibernate.loader.plan.build.internal.spaces.CollectionQuerySpaceImpl@4075758]
13:23:07.262 [Test worker] DEBUG o.h.l.p.b.i.spaces.QuerySpacesImpl - Adding QuerySpace : uid = <gen:40> -> org.hibernate.loader.plan.build.internal.spaces.EntityQuerySpaceImpl@7df75478]
13:23:07.262 [Test worker] DEBUG o.h.p.w.spi.MetamodelGraphWalker - Visiting attribute path : parent_ns.pnfr.connected_virtual_link
13:23:07.262 [Test worker] DEBUG o.h.p.w.spi.MetamodelGraphWalker - Property path deemed to be circular : parent_ns.pnfr.connected_virtual_link
13:23:07.262 [Test worker] DEBUG o.h.p.w.spi.MetamodelGraphWalker - Visiting attribute path : parent_ns.pnfr.connection_point
13:23:07.262 [Test worker] DEBUG o.h.p.w.spi.MetamodelGraphWalker - Property path deemed to be circular : parent_ns.pnfr.connection_point
13:23:07.262 [Test worker] DEBUG o.h.p.w.spi.MetamodelGraphWalker - Visiting attribute path : parent_ns.pnfr.description
13:23:07.262 [Test worker] DEBUG o.h.p.w.spi.MetamodelGraphWalker - Visiting attribute path : parent_ns.pnfr.descriptor_reference
13:23:07.262 [Test worker] DEBUG o.h.p.w.spi.MetamodelGraphWalker - Property path deemed to be circular : parent_ns.pnfr.descriptor_reference
13:23:07.262 [Test worker] DEBUG o.h.p.w.spi.MetamodelGraphWalker - Visiting attribute path : parent_ns.pnfr.oam_reference
13:23:07.262 [Test worker] DEBUG o.h.p.w.spi.MetamodelGraphWalker - Visiting attribute path : parent_ns.pnfr.parent_ns
13:23:07.262 [Test worker] DEBUG o.h.p.w.spi.MetamodelGraphWalker - Property path deemed to be circular : parent_ns.pnfr.parent_ns
13:23:07.262 [Test worker] DEBUG o.h.p.w.spi.MetamodelGraphWalker - Visiting attribute path : parent_ns.pnfr.pnf_address
13:23:07.262 [Test worker] DEBUG o.h.p.w.spi.MetamodelGraphWalker - Visiting attribute path : parent_ns.pnfr.vendor
13:23:07.262 [Test worker] DEBUG o.h.p.w.spi.MetamodelGraphWalker - Visiting attribute path : parent_ns.pnfr.version
13:23:07.262 [Test worker] DEBUG o.h.p.w.spi.MetamodelGraphWalker - Visiting attribute path : parent_ns.pnfr.vnffgr
13:23:07.262 [Test worker] DEBUG o.h.l.p.b.i.spaces.QuerySpacesImpl - Adding QuerySpace : uid = <gen:41> -> org.hibernate.loader.plan.build.internal.spaces.CollectionQuerySpaceImpl@345d7ac7]
13:23:07.263 [Test worker] DEBUG o.h.l.p.b.i.spaces.QuerySpacesImpl - Adding QuerySpace : uid = <gen:42> -> org.hibernate.loader.plan.build.internal.spaces.EntityQuerySpaceImpl@6527b9ac]
13:23:07.263 [Test worker] DEBUG o.h.p.w.spi.MetamodelGraphWalker - Visiting attribute path : parent_ns.resource_reservation
13:23:07.263 [Test worker] DEBUG o.h.p.w.spi.MetamodelGraphWalker - Visiting attribute path : parent_ns.runtime_policy_info
13:23:07.263 [Test worker] DEBUG o.h.p.w.spi.MetamodelGraphWalker - Visiting attribute path : parent_ns.service_deployment_flavour
13:23:07.263 [Test worker] DEBUG o.h.l.p.b.i.spaces.QuerySpacesImpl - Adding QuerySpace : uid = <gen:43> -> org.hibernate.loader.plan.build.internal.spaces.EntityQuerySpaceImpl@130eff16]
13:23:07.263 [Test worker] DEBUG o.h.p.w.spi.MetamodelGraphWalker - Visiting attribute path : parent_ns.service_deployment_flavour.flavour_key
13:23:07.263 [Test worker] DEBUG o.h.p.w.spi.MetamodelGraphWalker - Visiting attribute path : parent_ns.service_deployment_flavour.version
13:23:07.263 [Test worker] DEBUG o.h.p.w.spi.MetamodelGraphWalker - Visiting attribute path : parent_ns.service_deployment_flavour.constituent_vnf
13:23:07.263 [Test worker] DEBUG o.h.p.w.spi.MetamodelGraphWalker - Visiting attribute path : parent_ns.status
13:23:07.263 [Test worker] DEBUG o.h.p.w.spi.MetamodelGraphWalker - Visiting attribute path : parent_ns.vendor
13:23:07.263 [Test worker] DEBUG o.h.p.w.spi.MetamodelGraphWalker - Visiting attribute path : parent_ns.version
13:23:07.263 [Test worker] DEBUG o.h.p.w.spi.MetamodelGraphWalker - Visiting attribute path : parent_ns.vlr
13:23:07.263 [Test worker] DEBUG o.h.l.p.b.i.spaces.QuerySpacesImpl - Adding QuerySpace : uid = <gen:44> -> org.hibernate.loader.plan.build.internal.spaces.CollectionQuerySpaceImpl@75cee571]
13:23:07.263 [Test worker] DEBUG o.h.l.p.b.i.spaces.QuerySpacesImpl - Adding QuerySpace : uid = <gen:45> -> org.hibernate.loader.plan.build.internal.spaces.EntityQuerySpaceImpl@62399a23]
13:23:07.263 [Test worker] DEBUG o.h.p.w.spi.MetamodelGraphWalker - Visiting attribute path : parent_ns.vlr.allocated_capacity
13:23:07.263 [Test worker] DEBUG o.h.p.w.spi.MetamodelGraphWalker - Visiting attribute path : parent_ns.vlr.audit_log
13:23:07.263 [Test worker] DEBUG o.h.p.w.spi.MetamodelGraphWalker - Visiting attribute path : parent_ns.vlr.connection
13:23:07.263 [Test worker] DEBUG o.h.p.w.spi.MetamodelGraphWalker - Visiting attribute path : parent_ns.vlr.connectivity_type
13:23:07.263 [Test worker] DEBUG o.h.p.w.spi.MetamodelGraphWalker - Visiting attribute path : parent_ns.vlr.descriptor_reference
13:23:07.263 [Test worker] DEBUG o.h.p.w.spi.MetamodelGraphWalker - Visiting attribute path : parent_ns.vlr.leaf_requirement
13:23:07.263 [Test worker] DEBUG o.h.p.w.spi.MetamodelGraphWalker - Visiting attribute path : parent_ns.vlr.lifecycle_event_history
13:23:07.263 [Test worker] DEBUG o.h.p.w.spi.MetamodelGraphWalker - Property path deemed to be circular : parent_ns.vlr.lifecycle_event_history
13:23:07.263 [Test worker] DEBUG o.h.p.w.spi.MetamodelGraphWalker - Visiting attribute path : parent_ns.vlr.notification
13:23:07.263 [Test worker] DEBUG o.h.p.w.spi.MetamodelGraphWalker - Visiting attribute path : parent_ns.vlr.number_of_enpoints
13:23:07.263 [Test worker] DEBUG o.h.p.w.spi.MetamodelGraphWalker - Visiting attribute path : parent_ns.vlr.parent_ns
13:23:07.263 [Test worker] DEBUG o.h.p.w.spi.MetamodelGraphWalker - Visiting attribute path : parent_ns.vlr.qos
13:23:07.263 [Test worker] DEBUG o.h.p.w.spi.MetamodelGraphWalker - Visiting attribute path : parent_ns.vlr.root_requirement
13:23:07.263 [Test worker] DEBUG o.h.p.w.spi.MetamodelGraphWalker - Visiting attribute path : parent_ns.vlr.status
13:23:07.263 [Test worker] DEBUG o.h.p.w.spi.MetamodelGraphWalker - Visiting attribute path : parent_ns.vlr.test_access
13:23:07.263 [Test worker] DEBUG o.h.p.w.spi.MetamodelGraphWalker - Visiting attribute path : parent_ns.vlr.vendor
13:23:07.263 [Test worker] DEBUG o.h.p.w.spi.MetamodelGraphWalker - Visiting attribute path : parent_ns.vlr.version
13:23:07.263 [Test worker] DEBUG o.h.p.w.spi.MetamodelGraphWalker - Visiting attribute path : parent_ns.vlr.vim_id
13:23:07.264 [Test worker] DEBUG o.h.p.w.spi.MetamodelGraphWalker - Visiting attribute path : parent_ns.vlr.vnffgr_reference
13:23:07.264 [Test worker] DEBUG o.h.p.w.spi.MetamodelGraphWalker - Property path deemed to be circular : parent_ns.vlr.vnffgr_reference
13:23:07.264 [Test worker] DEBUG o.h.p.w.spi.MetamodelGraphWalker - Visiting attribute path : parent_ns.vnf_dependency
13:23:07.264 [Test worker] DEBUG o.h.l.p.b.i.spaces.QuerySpacesImpl - Adding QuerySpace : uid = <gen:46> -> org.hibernate.loader.plan.build.internal.spaces.CollectionQuerySpaceImpl@fa05244]
13:23:07.264 [Test worker] DEBUG o.h.l.p.b.i.spaces.QuerySpacesImpl - Adding QuerySpace : uid = <gen:47> -> org.hibernate.loader.plan.build.internal.spaces.EntityQuerySpaceImpl@6678f65f]
13:23:07.264 [Test worker] DEBUG o.h.p.w.spi.MetamodelGraphWalker - Visiting attribute path : parent_ns.vnf_dependency.source
13:23:07.264 [Test worker] DEBUG o.h.l.p.b.i.spaces.QuerySpacesImpl - Adding QuerySpace : uid = <gen:48> -> org.hibernate.loader.plan.build.internal.spaces.EntityQuerySpaceImpl@2d676e9f]
13:23:07.264 [Test worker] DEBUG o.h.p.w.spi.MetamodelGraphWalker - Visiting attribute path : parent_ns.vnf_dependency.target
13:23:07.264 [Test worker] DEBUG o.h.l.p.b.i.spaces.QuerySpacesImpl - Adding QuerySpace : uid = <gen:49> -> org.hibernate.loader.plan.build.internal.spaces.EntityQuerySpaceImpl@618fa002]
13:23:07.264 [Test worker] DEBUG o.h.p.w.spi.MetamodelGraphWalker - Visiting attribute path : parent_ns.vnf_dependency.version
13:23:07.264 [Test worker] DEBUG o.h.p.w.spi.MetamodelGraphWalker - Visiting attribute path : parent_ns.vnffgr
13:23:07.264 [Test worker] DEBUG o.h.l.p.b.i.spaces.QuerySpacesImpl - Adding QuerySpace : uid = <gen:50> -> org.hibernate.loader.plan.build.internal.spaces.CollectionQuerySpaceImpl@1c521558]
13:23:07.264 [Test worker] DEBUG o.h.l.p.b.i.spaces.QuerySpacesImpl - Adding QuerySpace : uid = <gen:51> -> org.hibernate.loader.plan.build.internal.spaces.EntityQuerySpaceImpl@50f752ee]
13:23:07.264 [Test worker] DEBUG o.h.p.w.spi.MetamodelGraphWalker - Visiting attribute path : parent_ns.vnffgr.connection_point
13:23:07.264 [Test worker] DEBUG o.h.p.w.spi.MetamodelGraphWalker - Visiting attribute path : parent_ns.vnffgr.constituent_vnfs
13:23:07.264 [Test worker] DEBUG o.h.p.w.spi.MetamodelGraphWalker - Visiting attribute path : parent_ns.vnffgr.dependent_virtual_link
13:23:07.264 [Test worker] DEBUG o.h.p.w.spi.MetamodelGraphWalker - Visiting attribute path : parent_ns.vnffgr.descriptor_version
13:23:07.264 [Test worker] DEBUG o.h.p.w.spi.MetamodelGraphWalker - Visiting attribute path : parent_ns.vnffgr.hb_version
13:23:07.264 [Test worker] DEBUG o.h.p.w.spi.MetamodelGraphWalker - Visiting attribute path : parent_ns.vnffgr.network_forwarding_path
13:23:07.264 [Test worker] DEBUG o.h.p.w.spi.MetamodelGraphWalker - Visiting attribute path : parent_ns.vnffgr.number_of_endpoints
13:23:07.264 [Test worker] DEBUG o.h.p.w.spi.MetamodelGraphWalker - Visiting attribute path : parent_ns.vnffgr.number_of_virtual_links
13:23:07.264 [Test worker] DEBUG o.h.p.w.spi.MetamodelGraphWalker - Visiting attribute path : parent_ns.vnffgr.vendor
13:23:07.264 [Test worker] DEBUG o.h.p.w.spi.MetamodelGraphWalker - Visiting attribute path : parent_ns.vnffgr.version
13:23:07.264 [Test worker] DEBUG o.h.p.w.spi.MetamodelGraphWalker - Visiting attribute path : parent_ns.vnffgr.vnffgd_security
13:23:07.265 [Test worker] DEBUG o.h.l.p.b.i.spaces.QuerySpacesImpl - Adding QuerySpace : uid = <gen:52> -> org.hibernate.loader.plan.build.internal.spaces.EntityQuerySpaceImpl@12ace0df]
13:23:07.265 [Test worker] DEBUG o.h.p.w.spi.MetamodelGraphWalker - Visiting attribute path : parent_ns.vnfr
13:23:07.265 [Test worker] DEBUG o.h.l.p.b.i.spaces.QuerySpacesImpl - Adding QuerySpace : uid = <gen:53> -> org.hibernate.loader.plan.build.internal.spaces.EntityQuerySpaceImpl@13df5a0d]
13:23:07.265 [Test worker] DEBUG o.h.p.w.spi.MetamodelGraphWalker - Visiting attribute path : parent_ns.vnfr.audit_log
13:23:07.265 [Test worker] DEBUG o.h.p.w.spi.MetamodelGraphWalker - Visiting attribute path : parent_ns.vnfr.auto_scale_policy
13:23:07.265 [Test worker] DEBUG o.h.l.p.b.i.spaces.QuerySpacesImpl - Adding QuerySpace : uid = <gen:54> -> org.hibernate.loader.plan.build.internal.spaces.CollectionQuerySpaceImpl@6925e60f]
13:23:07.265 [Test worker] DEBUG o.h.l.p.b.i.spaces.QuerySpacesImpl - Adding QuerySpace : uid = <gen:55> -> org.hibernate.loader.plan.build.internal.spaces.EntityQuerySpaceImpl@372318b7]
13:23:07.265 [Test worker] DEBUG o.h.p.w.spi.MetamodelGraphWalker - Visiting attribute path : parent_ns.vnfr.connected_external_virtual_link
13:23:07.265 [Test worker] DEBUG o.h.l.p.b.i.spaces.QuerySpacesImpl - Adding QuerySpace : uid = <gen:56> -> org.hibernate.loader.plan.build.internal.spaces.CollectionQuerySpaceImpl@612bb2a8]
13:23:07.265 [Test worker] DEBUG o.h.l.p.b.i.spaces.QuerySpacesImpl - Adding QuerySpace : uid = <gen:57> -> org.hibernate.loader.plan.build.internal.spaces.EntityQuerySpaceImpl@7bde656e]
13:23:07.265 [Test worker] DEBUG o.h.p.w.spi.MetamodelGraphWalker - Visiting attribute path : parent_ns.vnfr.connection_point
13:23:07.265 [Test worker] DEBUG o.h.l.p.b.i.spaces.QuerySpacesImpl - Adding QuerySpace : uid = <gen:58> -> org.hibernate.loader.plan.build.internal.spaces.CollectionQuerySpaceImpl@45d5584a]
13:23:07.265 [Test worker] DEBUG o.h.l.p.b.i.spaces.QuerySpacesImpl - Adding QuerySpace : uid = <gen:59> -> org.hibernate.loader.plan.build.internal.spaces.EntityQuerySpaceImpl@39978617]
13:23:07.265 [Test worker] DEBUG o.h.p.w.spi.MetamodelGraphWalker - Visiting attribute path : parent_ns.vnfr.dependency
13:23:07.265 [Test worker] DEBUG o.h.l.p.b.i.spaces.QuerySpacesImpl - Adding QuerySpace : uid = <gen:60> -> org.hibernate.loader.plan.build.internal.spaces.CollectionQuerySpaceImpl@ae46d8b]
13:23:07.265 [Test worker] DEBUG o.h.l.p.b.i.spaces.QuerySpacesImpl - Adding QuerySpace : uid = <gen:61> -> org.hibernate.loader.plan.build.internal.spaces.EntityQuerySpaceImpl@1ad3c643]
13:23:07.265 [Test worker] DEBUG o.h.p.w.spi.MetamodelGraphWalker - Visiting attribute path : parent_ns.vnfr.deployment_flavour
13:23:07.265 [Test worker] DEBUG o.h.l.p.b.i.spaces.QuerySpacesImpl - Adding QuerySpace : uid = <gen:62> -> org.hibernate.loader.plan.build.internal.spaces.EntityQuerySpaceImpl@457d6677]
13:23:07.265 [Test worker] DEBUG o.h.p.w.spi.MetamodelGraphWalker - Visiting attribute path : parent_ns.vnfr.descriptor_reference
13:23:07.265 [Test worker] DEBUG o.h.p.w.spi.MetamodelGraphWalker - Visiting attribute path : parent_ns.vnfr.lifecycle_event
13:23:07.265 [Test worker] DEBUG o.h.l.p.b.i.spaces.QuerySpacesImpl - Adding QuerySpace : uid = <gen:63> -> org.hibernate.loader.plan.build.internal.spaces.EntityQuerySpaceImpl@2bd23245]
13:23:07.265 [Test worker] DEBUG o.h.p.w.spi.MetamodelGraphWalker - Visiting attribute path : parent_ns.vnfr.lifecycle_event_history
13:23:07.266 [Test worker] DEBUG o.h.l.p.b.i.spaces.QuerySpacesImpl - Adding QuerySpace : uid = <gen:64> -> org.hibernate.loader.plan.build.internal.spaces.CollectionQuerySpaceImpl@74e2667c]
13:23:07.266 [Test worker] DEBUG o.h.l.p.b.i.spaces.QuerySpacesImpl - Adding QuerySpace : uid = <gen:65> -> org.hibernate.loader.plan.build.internal.spaces.EntityQuerySpaceImpl@3bb692d7]
13:23:07.266 [Test worker] DEBUG o.h.p.w.spi.MetamodelGraphWalker - Visiting attribute path : parent_ns.vnfr.localization
13:23:07.266 [Test worker] DEBUG o.h.p.w.spi.MetamodelGraphWalker - Visiting attribute path : parent_ns.vnfr.monitoring_parameter
13:23:07.266 [Test worker] DEBUG o.h.p.w.spi.MetamodelGraphWalker - Visiting attribute path : parent_ns.vnfr.notification
13:23:07.266 [Test worker] DEBUG o.h.p.w.spi.MetamodelGraphWalker - Visiting attribute path : parent_ns.vnfr.parent_ns
13:23:07.266 [Test worker] DEBUG o.h.l.p.b.i.spaces.QuerySpacesImpl - Adding QuerySpace : uid = <gen:66> -> org.hibernate.loader.plan.build.internal.spaces.EntityQuerySpaceImpl@4f627fe1]
13:23:07.266 [Test worker] DEBUG o.h.p.w.spi.MetamodelGraphWalker - Visiting attribute path : parent_ns.vnfr.runtime_policy_info
13:23:07.266 [Test worker] DEBUG o.h.p.w.spi.MetamodelGraphWalker - Visiting attribute path : parent_ns.vnfr.status
13:23:07.266 [Test worker] DEBUG o.h.p.w.spi.MetamodelGraphWalker - Visiting attribute path : parent_ns.vnfr.vdu
13:23:07.266 [Test worker] DEBUG o.h.l.p.b.i.spaces.QuerySpacesImpl - Adding QuerySpace : uid = <gen:67> -> org.hibernate.loader.plan.build.internal.spaces.CollectionQuerySpaceImpl@4bb9b57e]
13:23:07.266 [Test worker] DEBUG o.h.l.p.b.i.spaces.QuerySpacesImpl - Adding QuerySpace : uid = <gen:68> -> org.hibernate.loader.plan.build.internal.spaces.EntityQuerySpaceImpl@d3a8a09]
13:23:07.266 [Test worker] DEBUG o.h.p.w.spi.MetamodelGraphWalker - Visiting attribute path : parent_ns.vnfr.vendor
13:23:07.266 [Test worker] DEBUG o.h.p.w.spi.MetamodelGraphWalker - Visiting attribute path : parent_ns.vnfr.version
13:23:07.266 [Test worker] DEBUG o.h.p.w.spi.MetamodelGraphWalker - Visiting attribute path : parent_ns.vnfr.virtual_link
13:23:07.266 [Test worker] DEBUG o.h.l.p.b.i.spaces.QuerySpacesImpl - Adding QuerySpace : uid = <gen:69> -> org.hibernate.loader.plan.build.internal.spaces.CollectionQuerySpaceImpl@7e3c5ba7]
13:23:07.266 [Test worker] DEBUG o.h.l.p.b.i.spaces.QuerySpacesImpl - Adding QuerySpace : uid = <gen:70> -> org.hibernate.loader.plan.build.internal.spaces.EntityQuerySpaceImpl@2ca571b0]
13:23:07.266 [Test worker] DEBUG o.h.p.w.spi.MetamodelGraphWalker - Visiting attribute path : parent_ns.vnfr.vnf_address
13:23:07.266 [Test worker] DEBUG o.h.p.w.spi.MetamodelGraphWalker - Visiting attribute path : parent_ns.vnfr.vnfm_id
13:23:07.266 [Test worker] DEBUG o.h.p.w.spi.MetamodelGraphWalker - Visiting attribute path : pnf_address
13:23:07.266 [Test worker] DEBUG o.h.p.w.spi.MetamodelGraphWalker - Visiting attribute path : vendor
13:23:07.266 [Test worker] DEBUG o.h.p.w.spi.MetamodelGraphWalker - Visiting attribute path : version
13:23:07.266 [Test worker] DEBUG o.h.p.w.spi.MetamodelGraphWalker - Visiting attribute path : vnffgr
13:23:07.266 [Test worker] DEBUG o.h.l.p.b.i.spaces.QuerySpacesImpl - Adding QuerySpace : uid = <gen:71> -> org.hibernate.loader.plan.build.internal.spaces.CollectionQuerySpaceImpl@21caf0b6]
13:23:07.266 [Test worker] DEBUG o.h.l.p.b.i.spaces.QuerySpacesImpl - Adding QuerySpace : uid = <gen:72> -> org.hibernate.loader.plan.build.internal.spaces.EntityQuerySpaceImpl@12814e0f]
13:23:07.266 [Test worker] DEBUG o.h.p.w.spi.MetamodelGraphWalker - Visiting attribute path : vnffgr.audit_log
13:23:07.266 [Test worker] DEBUG o.h.p.w.spi.MetamodelGraphWalker - Visiting attribute path : vnffgr.connection_point
13:23:07.267 [Test worker] DEBUG o.h.l.p.b.i.spaces.QuerySpacesImpl - Adding QuerySpace : uid = <gen:73> -> org.hibernate.loader.plan.build.internal.spaces.CollectionQuerySpaceImpl@ac1c71d]
13:23:07.267 [Test worker] DEBUG o.h.l.p.b.i.spaces.QuerySpacesImpl - Adding QuerySpace : uid = <gen:74> -> org.hibernate.loader.plan.build.internal.spaces.EntityQuerySpaceImpl@37f7466f]
13:23:07.267 [Test worker] DEBUG o.h.p.w.spi.MetamodelGraphWalker - Visiting attribute path : vnffgr.connection_point.type
13:23:07.267 [Test worker] DEBUG o.h.p.w.spi.MetamodelGraphWalker - Visiting attribute path : vnffgr.connection_point.version
13:23:07.267 [Test worker] DEBUG o.h.p.w.spi.MetamodelGraphWalker - Visiting attribute path : vnffgr.connection_point.virtual_link_reference
13:23:07.267 [Test worker] DEBUG o.h.p.w.spi.MetamodelGraphWalker - Visiting attribute path : vnffgr.dependent_virtual_link
13:23:07.267 [Test worker] DEBUG o.h.l.p.b.i.spaces.QuerySpacesImpl - Adding QuerySpace : uid = <gen:75> -> org.hibernate.loader.plan.build.internal.spaces.CollectionQuerySpaceImpl@37900c04]
13:23:07.267 [Test worker] DEBUG o.h.l.p.b.i.spaces.QuerySpacesImpl - Adding QuerySpace : uid = <gen:76> -> org.hibernate.loader.plan.build.internal.spaces.EntityQuerySpaceImpl@5204f71b]
13:23:07.267 [Test worker] DEBUG o.h.p.w.spi.MetamodelGraphWalker - Visiting attribute path : vnffgr.dependent_virtual_link.allocated_capacity
13:23:07.267 [Test worker] DEBUG o.h.p.w.spi.MetamodelGraphWalker - Visiting attribute path : vnffgr.dependent_virtual_link.audit_log
13:23:07.267 [Test worker] DEBUG o.h.p.w.spi.MetamodelGraphWalker - Visiting attribute path : vnffgr.dependent_virtual_link.connection
13:23:07.267 [Test worker] DEBUG o.h.p.w.spi.MetamodelGraphWalker - Visiting attribute path : vnffgr.dependent_virtual_link.connectivity_type
13:23:07.267 [Test worker] DEBUG o.h.p.w.spi.MetamodelGraphWalker - Visiting attribute path : vnffgr.dependent_virtual_link.descriptor_reference
13:23:07.267 [Test worker] DEBUG o.h.p.w.spi.MetamodelGraphWalker - Visiting attribute path : vnffgr.dependent_virtual_link.leaf_requirement
13:23:07.267 [Test worker] DEBUG o.h.p.w.spi.MetamodelGraphWalker - Visiting attribute path : vnffgr.dependent_virtual_link.lifecycle_event_history
13:23:07.267 [Test worker] DEBUG o.h.p.w.spi.MetamodelGraphWalker - Property path deemed to be circular : vnffgr.dependent_virtual_link.lifecycle_event_history
13:23:07.267 [Test worker] DEBUG o.h.p.w.spi.MetamodelGraphWalker - Visiting attribute path : vnffgr.dependent_virtual_link.notification
13:23:07.267 [Test worker] DEBUG o.h.p.w.spi.MetamodelGraphWalker - Visiting attribute path : vnffgr.dependent_virtual_link.number_of_enpoints
13:23:07.267 [Test worker] DEBUG o.h.p.w.spi.MetamodelGraphWalker - Visiting attribute path : vnffgr.dependent_virtual_link.parent_ns
13:23:07.267 [Test worker] DEBUG o.h.p.w.spi.MetamodelGraphWalker - Visiting attribute path : vnffgr.dependent_virtual_link.qos
13:23:07.267 [Test worker] DEBUG o.h.p.w.spi.MetamodelGraphWalker - Visiting attribute path : vnffgr.dependent_virtual_link.root_requirement
13:23:07.267 [Test worker] DEBUG o.h.p.w.spi.MetamodelGraphWalker - Visiting attribute path : vnffgr.dependent_virtual_link.status
13:23:07.267 [Test worker] DEBUG o.h.p.w.spi.MetamodelGraphWalker - Visiting attribute path : vnffgr.dependent_virtual_link.test_access
13:23:07.267 [Test worker] DEBUG o.h.p.w.spi.MetamodelGraphWalker - Visiting attribute path : vnffgr.dependent_virtual_link.vendor
13:23:07.267 [Test worker] DEBUG o.h.p.w.spi.MetamodelGraphWalker - Visiting attribute path : vnffgr.dependent_virtual_link.version
13:23:07.267 [Test worker] DEBUG o.h.p.w.spi.MetamodelGraphWalker - Visiting attribute path : vnffgr.dependent_virtual_link.vim_id
13:23:07.267 [Test worker] DEBUG o.h.p.w.spi.MetamodelGraphWalker - Visiting attribute path : vnffgr.dependent_virtual_link.vnffgr_reference
13:23:07.267 [Test worker] DEBUG o.h.p.w.spi.MetamodelGraphWalker - Property path deemed to be circular : vnffgr.dependent_virtual_link.vnffgr_reference
13:23:07.267 [Test worker] DEBUG o.h.p.w.spi.MetamodelGraphWalker - Visiting attribute path : vnffgr.descriptor_reference
13:23:07.267 [Test worker] DEBUG o.h.l.p.b.i.spaces.QuerySpacesImpl - Adding QuerySpace : uid = <gen:77> -> org.hibernate.loader.plan.build.internal.spaces.EntityQuerySpaceImpl@5e820512]
13:23:07.267 [Test worker] DEBUG o.h.p.w.spi.MetamodelGraphWalker - Visiting attribute path : vnffgr.descriptor_reference.connection_point
13:23:07.267 [Test worker] DEBUG o.h.p.w.spi.MetamodelGraphWalker - Visiting attribute path : vnffgr.descriptor_reference.constituent_vnfs
13:23:07.267 [Test worker] DEBUG o.h.p.w.spi.MetamodelGraphWalker - Visiting attribute path : vnffgr.descriptor_reference.dependent_virtual_link
13:23:07.267 [Test worker] DEBUG o.h.p.w.spi.MetamodelGraphWalker - Visiting attribute path : vnffgr.descriptor_reference.descriptor_version
13:23:07.267 [Test worker] DEBUG o.h.p.w.spi.MetamodelGraphWalker - Visiting attribute path : vnffgr.descriptor_reference.hb_version
13:23:07.267 [Test worker] DEBUG o.h.p.w.spi.MetamodelGraphWalker - Visiting attribute path : vnffgr.descriptor_reference.network_forwarding_path
13:23:07.267 [Test worker] DEBUG o.h.p.w.spi.MetamodelGraphWalker - Visiting attribute path : vnffgr.descriptor_reference.number_of_endpoints
13:23:07.267 [Test worker] DEBUG o.h.p.w.spi.MetamodelGraphWalker - Visiting attribute path : vnffgr.descriptor_reference.number_of_virtual_links
13:23:07.267 [Test worker] DEBUG o.h.p.w.spi.MetamodelGraphWalker - Visiting attribute path : vnffgr.descriptor_reference.vendor
13:23:07.267 [Test worker] DEBUG o.h.p.w.spi.MetamodelGraphWalker - Visiting attribute path : vnffgr.descriptor_reference.version
13:23:07.267 [Test worker] DEBUG o.h.p.w.spi.MetamodelGraphWalker - Visiting attribute path : vnffgr.descriptor_reference.vnffgd_security
13:23:07.267 [Test worker] DEBUG o.h.l.p.b.i.spaces.QuerySpacesImpl - Adding QuerySpace : uid = <gen:78> -> org.hibernate.loader.plan.build.internal.spaces.EntityQuerySpaceImpl@57074779]
13:23:07.267 [Test worker] DEBUG o.h.p.w.spi.MetamodelGraphWalker - Visiting attribute path : vnffgr.lifecycle_event_history
13:23:07.268 [Test worker] DEBUG o.h.l.p.b.i.spaces.QuerySpacesImpl - Adding QuerySpace : uid = <gen:79> -> org.hibernate.loader.plan.build.internal.spaces.CollectionQuerySpaceImpl@1ee58592]
13:23:07.268 [Test worker] DEBUG o.h.l.p.b.i.spaces.QuerySpacesImpl - Adding QuerySpace : uid = <gen:80> -> org.hibernate.loader.plan.build.internal.spaces.EntityQuerySpaceImpl@6ea44416]
13:23:07.268 [Test worker] DEBUG o.h.p.w.spi.MetamodelGraphWalker - Visiting attribute path : vnffgr.lifecycle_event_history.lifecycle_events
13:23:07.268 [Test worker] DEBUG o.h.p.w.spi.MetamodelGraphWalker - Visiting attribute path : vnffgr.lifecycle_event_history.version
13:23:07.268 [Test worker] DEBUG o.h.p.w.spi.MetamodelGraphWalker - Visiting attribute path : vnffgr.member_vnfs
13:23:07.268 [Test worker] DEBUG o.h.l.p.b.i.spaces.QuerySpacesImpl - Adding QuerySpace : uid = <gen:81> -> org.hibernate.loader.plan.build.internal.spaces.CollectionQuerySpaceImpl@665075f8]
13:23:07.268 [Test worker] DEBUG o.h.l.p.b.i.spaces.QuerySpacesImpl - Adding QuerySpace : uid = <gen:82> -> org.hibernate.loader.plan.build.internal.spaces.EntityQuerySpaceImpl@2c712142]
13:23:07.268 [Test worker] DEBUG o.h.p.w.spi.MetamodelGraphWalker - Visiting attribute path : vnffgr.member_vnfs.audit_log
13:23:07.268 [Test worker] DEBUG o.h.p.w.spi.MetamodelGraphWalker - Visiting attribute path : vnffgr.member_vnfs.auto_scale_policy
13:23:07.268 [Test worker] DEBUG o.h.l.p.b.i.spaces.QuerySpacesImpl - Adding QuerySpace : uid = <gen:83> -> org.hibernate.loader.plan.build.internal.spaces.CollectionQuerySpaceImpl@560027a4]
13:23:07.268 [Test worker] DEBUG o.h.l.p.b.i.spaces.QuerySpacesImpl - Adding QuerySpace : uid = <gen:84> -> org.hibernate.loader.plan.build.internal.spaces.EntityQuerySpaceImpl@242aac18]
13:23:07.268 [Test worker] DEBUG o.h.p.w.spi.MetamodelGraphWalker - Visiting attribute path : vnffgr.member_vnfs.connected_external_virtual_link
13:23:07.268 [Test worker] DEBUG o.h.l.p.b.i.spaces.QuerySpacesImpl - Adding QuerySpace : uid = <gen:85> -> org.hibernate.loader.plan.build.internal.spaces.CollectionQuerySpaceImpl@6d886e34]
13:23:07.268 [Test worker] DEBUG o.h.l.p.b.i.spaces.QuerySpacesImpl - Adding QuerySpace : uid = <gen:86> -> org.hibernate.loader.plan.build.internal.spaces.EntityQuerySpaceImpl@17fb501a]
13:23:07.268 [Test worker] DEBUG o.h.p.w.spi.MetamodelGraphWalker - Visiting attribute path : vnffgr.member_vnfs.connection_point
13:23:07.269 [Test worker] DEBUG o.h.l.p.b.i.spaces.QuerySpacesImpl - Adding QuerySpace : uid = <gen:87> -> org.hibernate.loader.plan.build.internal.spaces.CollectionQuerySpaceImpl@7447e742]
13:23:07.269 [Test worker] DEBUG o.h.l.p.b.i.spaces.QuerySpacesImpl - Adding QuerySpace : uid = <gen:88> -> org.hibernate.loader.plan.build.internal.spaces.EntityQuerySpaceImpl@1c9fd9b2]
13:23:07.269 [Test worker] DEBUG o.h.p.w.spi.MetamodelGraphWalker - Visiting attribute path : vnffgr.member_vnfs.dependency
13:23:07.269 [Test worker] DEBUG o.h.l.p.b.i.spaces.QuerySpacesImpl - Adding QuerySpace : uid = <gen:89> -> org.hibernate.loader.plan.build.internal.spaces.CollectionQuerySpaceImpl@428d43cc]
13:23:07.269 [Test worker] DEBUG o.h.l.p.b.i.spaces.QuerySpacesImpl - Adding QuerySpace : uid = <gen:90> -> org.hibernate.loader.plan.build.internal.spaces.EntityQuerySpaceImpl@485e2836]
13:23:07.269 [Test worker] DEBUG o.h.p.w.spi.MetamodelGraphWalker - Visiting attribute path : vnffgr.member_vnfs.deployment_flavour
13:23:07.269 [Test worker] DEBUG o.h.l.p.b.i.spaces.QuerySpacesImpl - Adding QuerySpace : uid = <gen:91> -> org.hibernate.loader.plan.build.internal.spaces.EntityQuerySpaceImpl@1da21658]
13:23:07.269 [Test worker] DEBUG o.h.p.w.spi.MetamodelGraphWalker - Visiting attribute path : vnffgr.member_vnfs.descriptor_reference
13:23:07.269 [Test worker] DEBUG o.h.p.w.spi.MetamodelGraphWalker - Visiting attribute path : vnffgr.member_vnfs.lifecycle_event
13:23:07.269 [Test worker] DEBUG o.h.l.p.b.i.spaces.QuerySpacesImpl - Adding QuerySpace : uid = <gen:92> -> org.hibernate.loader.plan.build.internal.spaces.EntityQuerySpaceImpl@7c68fa9a]
13:23:07.269 [Test worker] DEBUG o.h.p.w.spi.MetamodelGraphWalker - Visiting attribute path : vnffgr.member_vnfs.lifecycle_event_history
13:23:07.269 [Test worker] DEBUG o.h.l.p.b.i.spaces.QuerySpacesImpl - Adding QuerySpace : uid = <gen:93> -> org.hibernate.loader.plan.build.internal.spaces.CollectionQuerySpaceImpl@501cd445]
13:23:07.269 [Test worker] DEBUG o.h.l.p.b.i.spaces.QuerySpacesImpl - Adding QuerySpace : uid = <gen:94> -> org.hibernate.loader.plan.build.internal.spaces.EntityQuerySpaceImpl@14b4271a]
13:23:07.269 [Test worker] DEBUG o.h.p.w.spi.MetamodelGraphWalker - Visiting attribute path : vnffgr.member_vnfs.localization
13:23:07.269 [Test worker] DEBUG o.h.p.w.spi.MetamodelGraphWalker - Visiting attribute path : vnffgr.member_vnfs.monitoring_parameter
13:23:07.269 [Test worker] DEBUG o.h.p.w.spi.MetamodelGraphWalker - Visiting attribute path : vnffgr.member_vnfs.notification
13:23:07.269 [Test worker] DEBUG o.h.p.w.spi.MetamodelGraphWalker - Visiting attribute path : vnffgr.member_vnfs.parent_ns
13:23:07.269 [Test worker] DEBUG o.h.l.p.b.i.spaces.QuerySpacesImpl - Adding QuerySpace : uid = <gen:95> -> org.hibernate.loader.plan.build.internal.spaces.EntityQuerySpaceImpl@3f732694]
13:23:07.269 [Test worker] DEBUG o.h.p.w.spi.MetamodelGraphWalker - Visiting attribute path : vnffgr.member_vnfs.runtime_policy_info
13:23:07.269 [Test worker] DEBUG o.h.p.w.spi.MetamodelGraphWalker - Visiting attribute path : vnffgr.member_vnfs.status
13:23:07.269 [Test worker] DEBUG o.h.p.w.spi.MetamodelGraphWalker - Visiting attribute path : vnffgr.member_vnfs.vdu
13:23:07.269 [Test worker] DEBUG o.h.l.p.b.i.spaces.QuerySpacesImpl - Adding QuerySpace : uid = <gen:96> -> org.hibernate.loader.plan.build.internal.spaces.CollectionQuerySpaceImpl@20e9df17]
13:23:07.269 [Test worker] DEBUG o.h.l.p.b.i.spaces.QuerySpacesImpl - Adding QuerySpace : uid = <gen:97> -> org.hibernate.loader.plan.build.internal.spaces.EntityQuerySpaceImpl@5a356fe2]
13:23:07.269 [Test worker] DEBUG o.h.p.w.spi.MetamodelGraphWalker - Visiting attribute path : vnffgr.member_vnfs.vendor
13:23:07.269 [Test worker] DEBUG o.h.p.w.spi.MetamodelGraphWalker - Visiting attribute path : vnffgr.member_vnfs.version
13:23:07.269 [Test worker] DEBUG o.h.p.w.spi.MetamodelGraphWalker - Visiting attribute path : vnffgr.member_vnfs.virtual_link
13:23:07.269 [Test worker] DEBUG o.h.l.p.b.i.spaces.QuerySpacesImpl - Adding QuerySpace : uid = <gen:98> -> org.hibernate.loader.plan.build.internal.spaces.CollectionQuerySpaceImpl@6a448cb2]
13:23:07.269 [Test worker] DEBUG o.h.l.p.b.i.spaces.QuerySpacesImpl - Adding QuerySpace : uid = <gen:99> -> org.hibernate.loader.plan.build.internal.spaces.EntityQuerySpaceImpl@3a71309f]
13:23:07.269 [Test worker] DEBUG o.h.p.w.spi.MetamodelGraphWalker - Visiting attribute path : vnffgr.member_vnfs.vnf_address
13:23:07.269 [Test worker] DEBUG o.h.p.w.spi.MetamodelGraphWalker - Visiting attribute path : vnffgr.member_vnfs.vnfm_id
13:23:07.269 [Test worker] DEBUG o.h.p.w.spi.MetamodelGraphWalker - Visiting attribute path : vnffgr.network_forwarding_path
13:23:07.269 [Test worker] DEBUG o.h.l.p.b.i.spaces.QuerySpacesImpl - Adding QuerySpace : uid = <gen:100> -> org.hibernate.loader.plan.build.internal.spaces.EntityQuerySpaceImpl@5d2f34b2]
13:23:07.269 [Test worker] DEBUG o.h.p.w.spi.MetamodelGraphWalker - Visiting attribute path : vnffgr.network_forwarding_path.connection
13:23:07.269 [Test worker] DEBUG o.h.l.p.b.i.spaces.QuerySpacesImpl - Adding QuerySpace : uid = <gen:101> -> org.hibernate.loader.plan.build.internal.spaces.CollectionQuerySpaceImpl@246ecbfd]
13:23:07.269 [Test worker] DEBUG o.h.p.w.spi.MetamodelGraphWalker - Visiting attribute path : vnffgr.network_forwarding_path.policy
13:23:07.269 [Test worker] DEBUG o.h.l.p.b.i.spaces.QuerySpacesImpl - Adding QuerySpace : uid = <gen:102> -> org.hibernate.loader.plan.build.internal.spaces.EntityQuerySpaceImpl@661261ba]
13:23:07.269 [Test worker] DEBUG o.h.p.w.spi.MetamodelGraphWalker - Visiting attribute path : vnffgr.network_forwarding_path.version
13:23:07.269 [Test worker] DEBUG o.h.p.w.spi.MetamodelGraphWalker - Visiting attribute path : vnffgr.notification
13:23:07.269 [Test worker] DEBUG o.h.p.w.spi.MetamodelGraphWalker - Visiting attribute path : vnffgr.number_of_endpoints
13:23:07.269 [Test worker] DEBUG o.h.p.w.spi.MetamodelGraphWalker - Visiting attribute path : vnffgr.number_of_pnfs
13:23:07.269 [Test worker] DEBUG o.h.p.w.spi.MetamodelGraphWalker - Visiting attribute path : vnffgr.number_of_virtual_links
13:23:07.269 [Test worker] DEBUG o.h.p.w.spi.MetamodelGraphWalker - Visiting attribute path : vnffgr.number_of_vnfs
13:23:07.269 [Test worker] DEBUG o.h.p.w.spi.MetamodelGraphWalker - Visiting attribute path : vnffgr.parent_ns
13:23:07.270 [Test worker] DEBUG o.h.l.p.b.i.spaces.QuerySpacesImpl - Adding QuerySpace : uid = <gen:103> -> org.hibernate.loader.plan.build.internal.spaces.EntityQuerySpaceImpl@40ce2eb0]
13:23:07.270 [Test worker] DEBUG o.h.p.w.spi.MetamodelGraphWalker - Visiting attribute path : vnffgr.parent_ns.audit_log
13:23:07.270 [Test worker] DEBUG o.h.p.w.spi.MetamodelGraphWalker - Visiting attribute path : vnffgr.parent_ns.auto_scale_policy
13:23:07.270 [Test worker] DEBUG o.h.p.w.spi.MetamodelGraphWalker - Property path deemed to be circular : vnffgr.parent_ns.auto_scale_policy
13:23:07.270 [Test worker] DEBUG o.h.p.w.spi.MetamodelGraphWalker - Visiting attribute path : vnffgr.parent_ns.connection_point
13:23:07.270 [Test worker] DEBUG o.h.p.w.spi.MetamodelGraphWalker - Property path deemed to be circular : vnffgr.parent_ns.connection_point
13:23:07.270 [Test worker] DEBUG o.h.p.w.spi.MetamodelGraphWalker - Visiting attribute path : vnffgr.parent_ns.descriptor_reference
13:23:07.270 [Test worker] DEBUG o.h.p.w.spi.MetamodelGraphWalker - Property path deemed to be circular : vnffgr.parent_ns.descriptor_reference
13:23:07.270 [Test worker] DEBUG o.h.p.w.spi.MetamodelGraphWalker - Visiting attribute path : vnffgr.parent_ns.lifecycle_event
13:23:07.270 [Test worker] DEBUG o.h.p.w.spi.MetamodelGraphWalker - Property path deemed to be circular : vnffgr.parent_ns.lifecycle_event
13:23:07.270 [Test worker] DEBUG o.h.p.w.spi.MetamodelGraphWalker - Visiting attribute path : vnffgr.parent_ns.lifecycle_event_history
13:23:07.270 [Test worker] DEBUG o.h.p.w.spi.MetamodelGraphWalker - Property path deemed to be circular : vnffgr.parent_ns.lifecycle_event_history
13:23:07.270 [Test worker] DEBUG o.h.p.w.spi.MetamodelGraphWalker - Visiting attribute path : vnffgr.parent_ns.monitoring_parameter
13:23:07.270 [Test worker] DEBUG o.h.p.w.spi.MetamodelGraphWalker - Visiting attribute path : vnffgr.parent_ns.notification
13:23:07.270 [Test worker] DEBUG o.h.p.w.spi.MetamodelGraphWalker - Visiting attribute path : vnffgr.parent_ns.pnfr
13:23:07.270 [Test worker] DEBUG o.h.p.w.spi.MetamodelGraphWalker - Property path deemed to be circular : vnffgr.parent_ns.pnfr
13:23:07.270 [Test worker] DEBUG o.h.p.w.spi.MetamodelGraphWalker - Visiting attribute path : vnffgr.parent_ns.resource_reservation
13:23:07.270 [Test worker] DEBUG o.h.p.w.spi.MetamodelGraphWalker - Visiting attribute path : vnffgr.parent_ns.runtime_policy_info
13:23:07.270 [Test worker] DEBUG o.h.p.w.spi.MetamodelGraphWalker - Visiting attribute path : vnffgr.parent_ns.service_deployment_flavour
13:23:07.270 [Test worker] DEBUG o.h.p.w.spi.MetamodelGraphWalker - Property path deemed to be circular : vnffgr.parent_ns.service_deployment_flavour
13:23:07.270 [Test worker] DEBUG o.h.p.w.spi.MetamodelGraphWalker - Visiting attribute path : vnffgr.parent_ns.status
13:23:07.270 [Test worker] DEBUG o.h.p.w.spi.MetamodelGraphWalker - Visiting attribute path : vnffgr.parent_ns.vendor
13:23:07.270 [Test worker] DEBUG o.h.p.w.spi.MetamodelGraphWalker - Visiting attribute path : vnffgr.parent_ns.version
13:23:07.270 [Test worker] DEBUG o.h.p.w.spi.MetamodelGraphWalker - Visiting attribute path : vnffgr.parent_ns.vlr
13:23:07.270 [Test worker] DEBUG o.h.p.w.spi.MetamodelGraphWalker - Property path deemed to be circular : vnffgr.parent_ns.vlr
13:23:07.270 [Test worker] DEBUG o.h.p.w.spi.MetamodelGraphWalker - Visiting attribute path : vnffgr.parent_ns.vnf_dependency
13:23:07.270 [Test worker] DEBUG o.h.p.w.spi.MetamodelGraphWalker - Property path deemed to be circular : vnffgr.parent_ns.vnf_dependency
13:23:07.270 [Test worker] DEBUG o.h.p.w.spi.MetamodelGraphWalker - Visiting attribute path : vnffgr.parent_ns.vnffgr
13:23:07.270 [Test worker] DEBUG o.h.p.w.spi.MetamodelGraphWalker - Property path deemed to be circular : vnffgr.parent_ns.vnffgr
13:23:07.270 [Test worker] DEBUG o.h.p.w.spi.MetamodelGraphWalker - Visiting attribute path : vnffgr.parent_ns.vnfr
13:23:07.270 [Test worker] DEBUG o.h.p.w.spi.MetamodelGraphWalker - Property path deemed to be circular : vnffgr.parent_ns.vnfr
13:23:07.270 [Test worker] DEBUG o.h.p.w.spi.MetamodelGraphWalker - Visiting attribute path : vnffgr.status
13:23:07.270 [Test worker] DEBUG o.h.p.w.spi.MetamodelGraphWalker - Visiting attribute path : vnffgr.vendor
13:23:07.270 [Test worker] DEBUG o.h.p.w.spi.MetamodelGraphWalker - Visiting attribute path : vnffgr.version
13:23:07.270 [Test worker] DEBUG o.h.l.p.b.i.FetchStyleLoadPlanBuildingAssociationVisitationStrategy - Building LoadPlan...
13:23:07.270 [Test worker] DEBUG o.h.l.p.e.i.LoadQueryJoinAndFetchProcessor - processing queryspace <gen:0>
13:23:07.279 [Test worker] DEBUG o.h.l.p.b.spi.LoadPlanTreePrinter - LoadPlan(entity=org.project.neutrino.nfvo.catalogue.mano.record.PhysicalNetworkFunctionRecord)
    - Returns
       - EntityReturnImpl(entity=org.project.neutrino.nfvo.catalogue.mano.record.PhysicalNetworkFunctionRecord, querySpaceUid=<gen:0>, path=org.project.neutrino.nfvo.catalogue.mano.record.PhysicalNetworkFunctionRecord)
          - CollectionAttributeFetchImpl(collection=org.project.neutrino.nfvo.catalogue.mano.record.PhysicalNetworkFunctionRecord.connected_virtual_link, querySpaceUid=<gen:1>, path=org.project.neutrino.nfvo.catalogue.mano.record.PhysicalNetworkFunctionRecord.connected_virtual_link)
             - (collection element) CollectionFetchableElementEntityGraph(entity=org.project.neutrino.nfvo.catalogue.mano.record.VirtualLinkRecord, querySpaceUid=<gen:2>, path=org.project.neutrino.nfvo.catalogue.mano.record.PhysicalNetworkFunctionRecord.connected_virtual_link.<elements>)
                - CollectionAttributeFetchImpl(collection=org.project.neutrino.nfvo.catalogue.mano.record.VirtualLinkRecord.lifecycle_event_history, querySpaceUid=<gen:3>, path=org.project.neutrino.nfvo.catalogue.mano.record.PhysicalNetworkFunctionRecord.connected_virtual_link.<elements>.lifecycle_event_history)
                   - (collection element) CollectionFetchableElementEntityGraph(entity=org.project.neutrino.nfvo.catalogue.mano.common.LifecycleEvent, querySpaceUid=<gen:4>, path=org.project.neutrino.nfvo.catalogue.mano.record.PhysicalNetworkFunctionRecord.connected_virtual_link.<elements>.lifecycle_event_history.<elements>)
                - CollectionAttributeFetchImpl(collection=org.project.neutrino.nfvo.catalogue.mano.record.VirtualLinkRecord.vnffgr_reference, querySpaceUid=<gen:5>, path=org.project.neutrino.nfvo.catalogue.mano.record.PhysicalNetworkFunctionRecord.connected_virtual_link.<elements>.vnffgr_reference)
                   - (collection element) CollectionFetchableElementEntityGraph(entity=org.project.neutrino.nfvo.catalogue.mano.record.VNFForwardingGraphRecord, querySpaceUid=<gen:6>, path=org.project.neutrino.nfvo.catalogue.mano.record.PhysicalNetworkFunctionRecord.connected_virtual_link.<elements>.vnffgr_reference.<elements>)
                      - CollectionAttributeFetchImpl(collection=org.project.neutrino.nfvo.catalogue.mano.record.VNFForwardingGraphRecord.connection_point, querySpaceUid=<gen:7>, path=org.project.neutrino.nfvo.catalogue.mano.record.PhysicalNetworkFunctionRecord.connected_virtual_link.<elements>.vnffgr_reference.<elements>.connection_point)
                         - (collection element) CollectionFetchableElementEntityGraph(entity=org.project.neutrino.nfvo.catalogue.mano.descriptor.VNFDConnectionPoint, querySpaceUid=<gen:8>, path=org.project.neutrino.nfvo.catalogue.mano.record.PhysicalNetworkFunctionRecord.connected_virtual_link.<elements>.vnffgr_reference.<elements>.connection_point.<elements>)
                      - CollectionAttributeFetchImpl(collection=org.project.neutrino.nfvo.catalogue.mano.record.VNFForwardingGraphRecord.dependent_virtual_link, querySpaceUid=<gen:9>, path=org.project.neutrino.nfvo.catalogue.mano.record.PhysicalNetworkFunctionRecord.connected_virtual_link.<elements>.vnffgr_reference.<elements>.dependent_virtual_link)
                         - (collection element) CollectionFetchableElementEntityGraph(entity=org.project.neutrino.nfvo.catalogue.mano.record.VirtualLinkRecord, querySpaceUid=<gen:10>, path=org.project.neutrino.nfvo.catalogue.mano.record.PhysicalNetworkFunctionRecord.connected_virtual_link.<elements>.vnffgr_reference.<elements>.dependent_virtual_link.<elements>)
                      - EntityAttributeFetchImpl(entity=org.project.neutrino.nfvo.catalogue.mano.descriptor.VNFForwardingGraph, querySpaceUid=<gen:11>, path=org.project.neutrino.nfvo.catalogue.mano.record.PhysicalNetworkFunctionRecord.connected_virtual_link.<elements>.vnffgr_reference.<elements>.descriptor_reference)
                      - CollectionAttributeFetchImpl(collection=org.project.neutrino.nfvo.catalogue.mano.record.VNFForwardingGraphRecord.lifecycle_event_history, querySpaceUid=<gen:12>, path=org.project.neutrino.nfvo.catalogue.mano.record.PhysicalNetworkFunctionRecord.connected_virtual_link.<elements>.vnffgr_reference.<elements>.lifecycle_event_history)
                         - (collection element) CollectionFetchableElementEntityGraph(entity=org.project.neutrino.nfvo.catalogue.mano.common.LifecycleEvent, querySpaceUid=<gen:13>, path=org.project.neutrino.nfvo.catalogue.mano.record.PhysicalNetworkFunctionRecord.connected_virtual_link.<elements>.vnffgr_reference.<elements>.lifecycle_event_history.<elements>)
                      - CollectionAttributeFetchImpl(collection=org.project.neutrino.nfvo.catalogue.mano.record.VNFForwardingGraphRecord.member_vnfs, querySpaceUid=<gen:14>, path=org.project.neutrino.nfvo.catalogue.mano.record.PhysicalNetworkFunctionRecord.connected_virtual_link.<elements>.vnffgr_reference.<elements>.member_vnfs)
                         - (collection element) CollectionFetchableElementEntityGraph(entity=org.project.neutrino.nfvo.catalogue.mano.record.VirtualNetworkFunctionRecord, querySpaceUid=<gen:15>, path=org.project.neutrino.nfvo.catalogue.mano.record.PhysicalNetworkFunctionRecord.connected_virtual_link.<elements>.vnffgr_reference.<elements>.member_vnfs.<elements>)
                      - EntityAttributeFetchImpl(entity=org.project.neutrino.nfvo.catalogue.mano.descriptor.NetworkForwardingPath, querySpaceUid=<gen:16>, path=org.project.neutrino.nfvo.catalogue.mano.record.PhysicalNetworkFunctionRecord.connected_virtual_link.<elements>.vnffgr_reference.<elements>.network_forwarding_path)
                      - EntityAttributeFetchImpl(entity=org.project.neutrino.nfvo.catalogue.mano.record.NetworkServiceRecord, querySpaceUid=<gen:17>, path=org.project.neutrino.nfvo.catalogue.mano.record.PhysicalNetworkFunctionRecord.connected_virtual_link.<elements>.vnffgr_reference.<elements>.parent_ns)
          - CollectionAttributeFetchImpl(collection=org.project.neutrino.nfvo.catalogue.mano.record.PhysicalNetworkFunctionRecord.connection_point, querySpaceUid=<gen:18>, path=org.project.neutrino.nfvo.catalogue.mano.record.PhysicalNetworkFunctionRecord.connection_point)
             - (collection element) CollectionFetchableElementEntityGraph(entity=org.project.neutrino.nfvo.catalogue.mano.common.ConnectionPoint, querySpaceUid=<gen:19>, path=org.project.neutrino.nfvo.catalogue.mano.record.PhysicalNetworkFunctionRecord.connection_point.<elements>)
          - EntityAttributeFetchImpl(entity=org.project.neutrino.nfvo.catalogue.mano.descriptor.PhysicalNetworkFunctionDescriptor, querySpaceUid=<gen:20>, path=org.project.neutrino.nfvo.catalogue.mano.record.PhysicalNetworkFunctionRecord.descriptor_reference)
             - EntityAttributeFetchImpl(entity=org.project.neutrino.nfvo.catalogue.mano.common.Security, querySpaceUid=<gen:21>, path=org.project.neutrino.nfvo.catalogue.mano.record.PhysicalNetworkFunctionRecord.descriptor_reference.pnfd_security)
          - EntityAttributeFetchImpl(entity=org.project.neutrino.nfvo.catalogue.mano.record.NetworkServiceRecord, querySpaceUid=<gen:22>, path=org.project.neutrino.nfvo.catalogue.mano.record.PhysicalNetworkFunctionRecord.parent_ns)
             - CollectionAttributeFetchImpl(collection=org.project.neutrino.nfvo.catalogue.mano.record.NetworkServiceRecord.auto_scale_policy, querySpaceUid=<gen:23>, path=org.project.neutrino.nfvo.catalogue.mano.record.PhysicalNetworkFunctionRecord.parent_ns.auto_scale_policy)
                - (collection element) CollectionFetchableElementEntityGraph(entity=org.project.neutrino.nfvo.catalogue.mano.common.AutoScalePolicy, querySpaceUid=<gen:24>, path=org.project.neutrino.nfvo.catalogue.mano.record.PhysicalNetworkFunctionRecord.parent_ns.auto_scale_policy.<elements>)
             - CollectionAttributeFetchImpl(collection=org.project.neutrino.nfvo.catalogue.mano.record.NetworkServiceRecord.connection_point, querySpaceUid=<gen:25>, path=org.project.neutrino.nfvo.catalogue.mano.record.PhysicalNetworkFunctionRecord.parent_ns.connection_point)
                - (collection element) CollectionFetchableElementEntityGraph(entity=org.project.neutrino.nfvo.catalogue.mano.common.ConnectionPoint, querySpaceUid=<gen:26>, path=org.project.neutrino.nfvo.catalogue.mano.record.PhysicalNetworkFunctionRecord.parent_ns.connection_point.<elements>)
             - EntityAttributeFetchImpl(entity=org.project.neutrino.nfvo.catalogue.mano.common.NFVEntityDescriptor, querySpaceUid=<gen:27>, path=org.project.neutrino.nfvo.catalogue.mano.record.PhysicalNetworkFunctionRecord.parent_ns.descriptor_reference)
                - CollectionAttributeFetchImpl(collection=org.project.neutrino.nfvo.catalogue.mano.common.NFVEntityDescriptor.monitoring_parameter, querySpaceUid=<gen:28>, path=org.project.neutrino.nfvo.catalogue.mano.record.PhysicalNetworkFunctionRecord.parent_ns.descriptor_reference.monitoring_parameter)
                - CollectionAttributeFetchImpl(collection=org.project.neutrino.nfvo.catalogue.mano.descriptor.VirtualNetworkFunctionDescriptor.deployment_flavour, querySpaceUid=<gen:29>, path=org.project.neutrino.nfvo.catalogue.mano.record.PhysicalNetworkFunctionRecord.parent_ns.descriptor_reference.deployment_flavour)
                   - (collection element) CollectionFetchableElementEntityGraph(entity=org.project.neutrino.nfvo.catalogue.mano.descriptor.VNFDDeploymentFlavour, querySpaceUid=<gen:30>, path=org.project.neutrino.nfvo.catalogue.mano.record.PhysicalNetworkFunctionRecord.parent_ns.descriptor_reference.deployment_flavour.<elements>)
                - EntityAttributeFetchImpl(entity=org.project.neutrino.nfvo.catalogue.mano.common.Security, querySpaceUid=<gen:31>, path=org.project.neutrino.nfvo.catalogue.mano.record.PhysicalNetworkFunctionRecord.parent_ns.descriptor_reference.nsd_security)
                - CollectionAttributeFetchImpl(collection=org.project.neutrino.nfvo.catalogue.mano.descriptor.NetworkServiceDescriptor.vnf_dependency, querySpaceUid=<gen:32>, path=org.project.neutrino.nfvo.catalogue.mano.record.PhysicalNetworkFunctionRecord.parent_ns.descriptor_reference.vnf_dependency)
                   - (collection element) CollectionFetchableElementEntityGraph(entity=org.project.neutrino.nfvo.catalogue.mano.common.VNFDependency, querySpaceUid=<gen:33>, path=org.project.neutrino.nfvo.catalogue.mano.record.PhysicalNetworkFunctionRecord.parent_ns.descriptor_reference.vnf_dependency.<elements>)
                - CollectionAttributeFetchImpl(collection=org.project.neutrino.nfvo.catalogue.mano.descriptor.NetworkServiceDescriptor.vnfd, querySpaceUid=<gen:34>, path=org.project.neutrino.nfvo.catalogue.mano.record.PhysicalNetworkFunctionRecord.parent_ns.descriptor_reference.vnfd)
                   - (collection element) CollectionFetchableElementEntityGraph(entity=org.project.neutrino.nfvo.catalogue.mano.descriptor.VirtualNetworkFunctionDescriptor, querySpaceUid=<gen:35>, path=org.project.neutrino.nfvo.catalogue.mano.record.PhysicalNetworkFunctionRecord.parent_ns.descriptor_reference.vnfd.<elements>)
             - EntityAttributeFetchImpl(entity=org.project.neutrino.nfvo.catalogue.mano.common.LifecycleEvent, querySpaceUid=<gen:36>, path=org.project.neutrino.nfvo.catalogue.mano.record.PhysicalNetworkFunctionRecord.parent_ns.lifecycle_event)
             - CollectionAttributeFetchImpl(collection=org.project.neutrino.nfvo.catalogue.mano.record.NetworkServiceRecord.lifecycle_event_history, querySpaceUid=<gen:37>, path=org.project.neutrino.nfvo.catalogue.mano.record.PhysicalNetworkFunctionRecord.parent_ns.lifecycle_event_history)
                - (collection element) CollectionFetchableElementEntityGraph(entity=org.project.neutrino.nfvo.catalogue.mano.common.LifecycleEvent, querySpaceUid=<gen:38>, path=org.project.neutrino.nfvo.catalogue.mano.record.PhysicalNetworkFunctionRecord.parent_ns.lifecycle_event_history.<elements>)
             - CollectionAttributeFetchImpl(collection=org.project.neutrino.nfvo.catalogue.mano.record.NetworkServiceRecord.pnfr, querySpaceUid=<gen:39>, path=org.project.neutrino.nfvo.catalogue.mano.record.PhysicalNetworkFunctionRecord.parent_ns.pnfr)
                - (collection element) CollectionFetchableElementEntityGraph(entity=org.project.neutrino.nfvo.catalogue.mano.record.PhysicalNetworkFunctionRecord, querySpaceUid=<gen:40>, path=org.project.neutrino.nfvo.catalogue.mano.record.PhysicalNetworkFunctionRecord.parent_ns.pnfr.<elements>)
                   - CollectionAttributeFetchImpl(collection=org.project.neutrino.nfvo.catalogue.mano.record.PhysicalNetworkFunctionRecord.vnffgr, querySpaceUid=<gen:41>, path=org.project.neutrino.nfvo.catalogue.mano.record.PhysicalNetworkFunctionRecord.parent_ns.pnfr.<elements>.vnffgr)
                      - (collection element) CollectionFetchableElementEntityGraph(entity=org.project.neutrino.nfvo.catalogue.mano.record.VNFForwardingGraphRecord, querySpaceUid=<gen:42>, path=org.project.neutrino.nfvo.catalogue.mano.record.PhysicalNetworkFunctionRecord.parent_ns.pnfr.<elements>.vnffgr.<elements>)
             - EntityAttributeFetchImpl(entity=org.project.neutrino.nfvo.catalogue.mano.common.ServiceDeploymentFlavour, querySpaceUid=<gen:43>, path=org.project.neutrino.nfvo.catalogue.mano.record.PhysicalNetworkFunctionRecord.parent_ns.service_deployment_flavour)
             - CollectionAttributeFetchImpl(collection=org.project.neutrino.nfvo.catalogue.mano.record.NetworkServiceRecord.vlr, querySpaceUid=<gen:44>, path=org.project.neutrino.nfvo.catalogue.mano.record.PhysicalNetworkFunctionRecord.parent_ns.vlr)
                - (collection element) CollectionFetchableElementEntityGraph(entity=org.project.neutrino.nfvo.catalogue.mano.record.VirtualLinkRecord, querySpaceUid=<gen:45>, path=org.project.neutrino.nfvo.catalogue.mano.record.PhysicalNetworkFunctionRecord.parent_ns.vlr.<elements>)
             - CollectionAttributeFetchImpl(collection=org.project.neutrino.nfvo.catalogue.mano.record.NetworkServiceRecord.vnf_dependency, querySpaceUid=<gen:46>, path=org.project.neutrino.nfvo.catalogue.mano.record.PhysicalNetworkFunctionRecord.parent_ns.vnf_dependency)
                - (collection element) CollectionFetchableElementEntityGraph(entity=org.project.neutrino.nfvo.catalogue.mano.common.VNFDependency, querySpaceUid=<gen:47>, path=org.project.neutrino.nfvo.catalogue.mano.record.PhysicalNetworkFunctionRecord.parent_ns.vnf_dependency.<elements>)
                   - EntityAttributeFetchImpl(entity=org.project.neutrino.nfvo.catalogue.mano.descriptor.VirtualNetworkFunctionDescriptor, querySpaceUid=<gen:48>, path=org.project.neutrino.nfvo.catalogue.mano.record.PhysicalNetworkFunctionRecord.parent_ns.vnf_dependency.<elements>.source)
                   - EntityAttributeFetchImpl(entity=org.project.neutrino.nfvo.catalogue.mano.descriptor.VirtualNetworkFunctionDescriptor, querySpaceUid=<gen:49>, path=org.project.neutrino.nfvo.catalogue.mano.record.PhysicalNetworkFunctionRecord.parent_ns.vnf_dependency.<elements>.target)
             - CollectionAttributeFetchImpl(collection=org.project.neutrino.nfvo.catalogue.mano.record.NetworkServiceRecord.vnffgr, querySpaceUid=<gen:50>, path=org.project.neutrino.nfvo.catalogue.mano.record.PhysicalNetworkFunctionRecord.parent_ns.vnffgr)
                - (collection element) CollectionFetchableElementEntityGraph(entity=org.project.neutrino.nfvo.catalogue.mano.descriptor.VNFForwardingGraph, querySpaceUid=<gen:51>, path=org.project.neutrino.nfvo.catalogue.mano.record.PhysicalNetworkFunctionRecord.parent_ns.vnffgr.<elements>)
                   - EntityAttributeFetchImpl(entity=org.project.neutrino.nfvo.catalogue.mano.common.Security, querySpaceUid=<gen:52>, path=org.project.neutrino.nfvo.catalogue.mano.record.PhysicalNetworkFunctionRecord.parent_ns.vnffgr.<elements>.vnffgd_security)
             - EntityAttributeFetchImpl(entity=org.project.neutrino.nfvo.catalogue.mano.record.VirtualNetworkFunctionRecord, querySpaceUid=<gen:53>, path=org.project.neutrino.nfvo.catalogue.mano.record.PhysicalNetworkFunctionRecord.parent_ns.vnfr)
                - CollectionAttributeFetchImpl(collection=org.project.neutrino.nfvo.catalogue.mano.record.VirtualNetworkFunctionRecord.auto_scale_policy, querySpaceUid=<gen:54>, path=org.project.neutrino.nfvo.catalogue.mano.record.PhysicalNetworkFunctionRecord.parent_ns.vnfr.auto_scale_policy)
                   - (collection element) CollectionFetchableElementEntityGraph(entity=org.project.neutrino.nfvo.catalogue.mano.common.AutoScalePolicy, querySpaceUid=<gen:55>, path=org.project.neutrino.nfvo.catalogue.mano.record.PhysicalNetworkFunctionRecord.parent_ns.vnfr.auto_scale_policy.<elements>)
                - CollectionAttributeFetchImpl(collection=org.project.neutrino.nfvo.catalogue.mano.record.VirtualNetworkFunctionRecord.connected_external_virtual_link, querySpaceUid=<gen:56>, path=org.project.neutrino.nfvo.catalogue.mano.record.PhysicalNetworkFunctionRecord.parent_ns.vnfr.connected_external_virtual_link)
                   - (collection element) CollectionFetchableElementEntityGraph(entity=org.project.neutrino.nfvo.catalogue.mano.record.VirtualLinkRecord, querySpaceUid=<gen:57>, path=org.project.neutrino.nfvo.catalogue.mano.record.PhysicalNetworkFunctionRecord.parent_ns.vnfr.connected_external_virtual_link.<elements>)
                - CollectionAttributeFetchImpl(collection=org.project.neutrino.nfvo.catalogue.mano.record.VirtualNetworkFunctionRecord.connection_point, querySpaceUid=<gen:58>, path=org.project.neutrino.nfvo.catalogue.mano.record.PhysicalNetworkFunctionRecord.parent_ns.vnfr.connection_point)
                   - (collection element) CollectionFetchableElementEntityGraph(entity=org.project.neutrino.nfvo.catalogue.mano.common.ConnectionPoint, querySpaceUid=<gen:59>, path=org.project.neutrino.nfvo.catalogue.mano.record.PhysicalNetworkFunctionRecord.parent_ns.vnfr.connection_point.<elements>)
                - CollectionAttributeFetchImpl(collection=org.project.neutrino.nfvo.catalogue.mano.record.VirtualNetworkFunctionRecord.dependency, querySpaceUid=<gen:60>, path=org.project.neutrino.nfvo.catalogue.mano.record.PhysicalNetworkFunctionRecord.parent_ns.vnfr.dependency)
                   - (collection element) CollectionFetchableElementEntityGraph(entity=org.project.neutrino.nfvo.catalogue.mano.common.VNFDependency, querySpaceUid=<gen:61>, path=org.project.neutrino.nfvo.catalogue.mano.record.PhysicalNetworkFunctionRecord.parent_ns.vnfr.dependency.<elements>)
                - EntityAttributeFetchImpl(entity=org.project.neutrino.nfvo.catalogue.mano.descriptor.VNFDDeploymentFlavour, querySpaceUid=<gen:62>, path=org.project.neutrino.nfvo.catalogue.mano.record.PhysicalNetworkFunctionRecord.parent_ns.vnfr.deployment_flavour)
                - EntityAttributeFetchImpl(entity=org.project.neutrino.nfvo.catalogue.mano.common.LifecycleEvent, querySpaceUid=<gen:63>, path=org.project.neutrino.nfvo.catalogue.mano.record.PhysicalNetworkFunctionRecord.parent_ns.vnfr.lifecycle_event)
                - CollectionAttributeFetchImpl(collection=org.project.neutrino.nfvo.catalogue.mano.record.VirtualNetworkFunctionRecord.lifecycle_event_history, querySpaceUid=<gen:64>, path=org.project.neutrino.nfvo.catalogue.mano.record.PhysicalNetworkFunctionRecord.parent_ns.vnfr.lifecycle_event_history)
                   - (collection element) CollectionFetchableElementEntityGraph(entity=org.project.neutrino.nfvo.catalogue.mano.common.LifecycleEvent, querySpaceUid=<gen:65>, path=org.project.neutrino.nfvo.catalogue.mano.record.PhysicalNetworkFunctionRecord.parent_ns.vnfr.lifecycle_event_history.<elements>)
                - EntityAttributeFetchImpl(entity=org.project.neutrino.nfvo.catalogue.mano.record.NetworkServiceRecord, querySpaceUid=<gen:66>, path=org.project.neutrino.nfvo.catalogue.mano.record.PhysicalNetworkFunctionRecord.parent_ns.vnfr.parent_ns)
                - CollectionAttributeFetchImpl(collection=org.project.neutrino.nfvo.catalogue.mano.record.VirtualNetworkFunctionRecord.vdu, querySpaceUid=<gen:67>, path=org.project.neutrino.nfvo.catalogue.mano.record.PhysicalNetworkFunctionRecord.parent_ns.vnfr.vdu)
                   - (collection element) CollectionFetchableElementEntityGraph(entity=org.project.neutrino.nfvo.catalogue.mano.descriptor.VirtualDeploymentUnit, querySpaceUid=<gen:68>, path=org.project.neutrino.nfvo.catalogue.mano.record.PhysicalNetworkFunctionRecord.parent_ns.vnfr.vdu.<elements>)
                - CollectionAttributeFetchImpl(collection=org.project.neutrino.nfvo.catalogue.mano.record.VirtualNetworkFunctionRecord.virtual_link, querySpaceUid=<gen:69>, path=org.project.neutrino.nfvo.catalogue.mano.record.PhysicalNetworkFunctionRecord.parent_ns.vnfr.virtual_link)
                   - (collection element) CollectionFetchableElementEntityGraph(entity=org.project.neutrino.nfvo.catalogue.mano.descriptor.InternalVirtualLink, querySpaceUid=<gen:70>, path=org.project.neutrino.nfvo.catalogue.mano.record.PhysicalNetworkFunctionRecord.parent_ns.vnfr.virtual_link.<elements>)
          - CollectionAttributeFetchImpl(collection=org.project.neutrino.nfvo.catalogue.mano.record.PhysicalNetworkFunctionRecord.vnffgr, querySpaceUid=<gen:71>, path=org.project.neutrino.nfvo.catalogue.mano.record.PhysicalNetworkFunctionRecord.vnffgr)
             - (collection element) CollectionFetchableElementEntityGraph(entity=org.project.neutrino.nfvo.catalogue.mano.record.VNFForwardingGraphRecord, querySpaceUid=<gen:72>, path=org.project.neutrino.nfvo.catalogue.mano.record.PhysicalNetworkFunctionRecord.vnffgr.<elements>)
                - CollectionAttributeFetchImpl(collection=org.project.neutrino.nfvo.catalogue.mano.record.VNFForwardingGraphRecord.connection_point, querySpaceUid=<gen:73>, path=org.project.neutrino.nfvo.catalogue.mano.record.PhysicalNetworkFunctionRecord.vnffgr.<elements>.connection_point)
                   - (collection element) CollectionFetchableElementEntityGraph(entity=org.project.neutrino.nfvo.catalogue.mano.descriptor.VNFDConnectionPoint, querySpaceUid=<gen:74>, path=org.project.neutrino.nfvo.catalogue.mano.record.PhysicalNetworkFunctionRecord.vnffgr.<elements>.connection_point.<elements>)
                - CollectionAttributeFetchImpl(collection=org.project.neutrino.nfvo.catalogue.mano.record.VNFForwardingGraphRecord.dependent_virtual_link, querySpaceUid=<gen:75>, path=org.project.neutrino.nfvo.catalogue.mano.record.PhysicalNetworkFunctionRecord.vnffgr.<elements>.dependent_virtual_link)
                   - (collection element) CollectionFetchableElementEntityGraph(entity=org.project.neutrino.nfvo.catalogue.mano.record.VirtualLinkRecord, querySpaceUid=<gen:76>, path=org.project.neutrino.nfvo.catalogue.mano.record.PhysicalNetworkFunctionRecord.vnffgr.<elements>.dependent_virtual_link.<elements>)
                - EntityAttributeFetchImpl(entity=org.project.neutrino.nfvo.catalogue.mano.descriptor.VNFForwardingGraph, querySpaceUid=<gen:77>, path=org.project.neutrino.nfvo.catalogue.mano.record.PhysicalNetworkFunctionRecord.vnffgr.<elements>.descriptor_reference)
                   - EntityAttributeFetchImpl(entity=org.project.neutrino.nfvo.catalogue.mano.common.Security, querySpaceUid=<gen:78>, path=org.project.neutrino.nfvo.catalogue.mano.record.PhysicalNetworkFunctionRecord.vnffgr.<elements>.descriptor_reference.vnffgd_security)
                - CollectionAttributeFetchImpl(collection=org.project.neutrino.nfvo.catalogue.mano.record.VNFForwardingGraphRecord.lifecycle_event_history, querySpaceUid=<gen:79>, path=org.project.neutrino.nfvo.catalogue.mano.record.PhysicalNetworkFunctionRecord.vnffgr.<elements>.lifecycle_event_history)
                   - (collection element) CollectionFetchableElementEntityGraph(entity=org.project.neutrino.nfvo.catalogue.mano.common.LifecycleEvent, querySpaceUid=<gen:80>, path=org.project.neutrino.nfvo.catalogue.mano.record.PhysicalNetworkFunctionRecord.vnffgr.<elements>.lifecycle_event_history.<elements>)
                - CollectionAttributeFetchImpl(collection=org.project.neutrino.nfvo.catalogue.mano.record.VNFForwardingGraphRecord.member_vnfs, querySpaceUid=<gen:81>, path=org.project.neutrino.nfvo.catalogue.mano.record.PhysicalNetworkFunctionRecord.vnffgr.<elements>.member_vnfs)
                   - (collection element) CollectionFetchableElementEntityGraph(entity=org.project.neutrino.nfvo.catalogue.mano.record.VirtualNetworkFunctionRecord, querySpaceUid=<gen:82>, path=org.project.neutrino.nfvo.catalogue.mano.record.PhysicalNetworkFunctionRecord.vnffgr.<elements>.member_vnfs.<elements>)
                      - CollectionAttributeFetchImpl(collection=org.project.neutrino.nfvo.catalogue.mano.record.VirtualNetworkFunctionRecord.auto_scale_policy, querySpaceUid=<gen:83>, path=org.project.neutrino.nfvo.catalogue.mano.record.PhysicalNetworkFunctionRecord.vnffgr.<elements>.member_vnfs.<elements>.auto_scale_policy)
                         - (collection element) CollectionFetchableElementEntityGraph(entity=org.project.neutrino.nfvo.catalogue.mano.common.AutoScalePolicy, querySpaceUid=<gen:84>, path=org.project.neutrino.nfvo.catalogue.mano.record.PhysicalNetworkFunctionRecord.vnffgr.<elements>.member_vnfs.<elements>.auto_scale_policy.<elements>)
                      - CollectionAttributeFetchImpl(collection=org.project.neutrino.nfvo.catalogue.mano.record.VirtualNetworkFunctionRecord.connected_external_virtual_link, querySpaceUid=<gen:85>, path=org.project.neutrino.nfvo.catalogue.mano.record.PhysicalNetworkFunctionRecord.vnffgr.<elements>.member_vnfs.<elements>.connected_external_virtual_link)
                         - (collection element) CollectionFetchableElementEntityGraph(entity=org.project.neutrino.nfvo.catalogue.mano.record.VirtualLinkRecord, querySpaceUid=<gen:86>, path=org.project.neutrino.nfvo.catalogue.mano.record.PhysicalNetworkFunctionRecord.vnffgr.<elements>.member_vnfs.<elements>.connected_external_virtual_link.<elements>)
                      - CollectionAttributeFetchImpl(collection=org.project.neutrino.nfvo.catalogue.mano.record.VirtualNetworkFunctionRecord.connection_point, querySpaceUid=<gen:87>, path=org.project.neutrino.nfvo.catalogue.mano.record.PhysicalNetworkFunctionRecord.vnffgr.<elements>.member_vnfs.<elements>.connection_point)
                         - (collection element) CollectionFetchableElementEntityGraph(entity=org.project.neutrino.nfvo.catalogue.mano.common.ConnectionPoint, querySpaceUid=<gen:88>, path=org.project.neutrino.nfvo.catalogue.mano.record.PhysicalNetworkFunctionRecord.vnffgr.<elements>.member_vnfs.<elements>.connection_point.<elements>)
                      - CollectionAttributeFetchImpl(collection=org.project.neutrino.nfvo.catalogue.mano.record.VirtualNetworkFunctionRecord.dependency, querySpaceUid=<gen:89>, path=org.project.neutrino.nfvo.catalogue.mano.record.PhysicalNetworkFunctionRecord.vnffgr.<elements>.member_vnfs.<elements>.dependency)
                         - (collection element) CollectionFetchableElementEntityGraph(entity=org.project.neutrino.nfvo.catalogue.mano.common.VNFDependency, querySpaceUid=<gen:90>, path=org.project.neutrino.nfvo.catalogue.mano.record.PhysicalNetworkFunctionRecord.vnffgr.<elements>.member_vnfs.<elements>.dependency.<elements>)
                      - EntityAttributeFetchImpl(entity=org.project.neutrino.nfvo.catalogue.mano.descriptor.VNFDDeploymentFlavour, querySpaceUid=<gen:91>, path=org.project.neutrino.nfvo.catalogue.mano.record.PhysicalNetworkFunctionRecord.vnffgr.<elements>.member_vnfs.<elements>.deployment_flavour)
                      - EntityAttributeFetchImpl(entity=org.project.neutrino.nfvo.catalogue.mano.common.LifecycleEvent, querySpaceUid=<gen:92>, path=org.project.neutrino.nfvo.catalogue.mano.record.PhysicalNetworkFunctionRecord.vnffgr.<elements>.member_vnfs.<elements>.lifecycle_event)
                      - CollectionAttributeFetchImpl(collection=org.project.neutrino.nfvo.catalogue.mano.record.VirtualNetworkFunctionRecord.lifecycle_event_history, querySpaceUid=<gen:93>, path=org.project.neutrino.nfvo.catalogue.mano.record.PhysicalNetworkFunctionRecord.vnffgr.<elements>.member_vnfs.<elements>.lifecycle_event_history)
                         - (collection element) CollectionFetchableElementEntityGraph(entity=org.project.neutrino.nfvo.catalogue.mano.common.LifecycleEvent, querySpaceUid=<gen:94>, path=org.project.neutrino.nfvo.catalogue.mano.record.PhysicalNetworkFunctionRecord.vnffgr.<elements>.member_vnfs.<elements>.lifecycle_event_history.<elements>)
                      - EntityAttributeFetchImpl(entity=org.project.neutrino.nfvo.catalogue.mano.record.NetworkServiceRecord, querySpaceUid=<gen:95>, path=org.project.neutrino.nfvo.catalogue.mano.record.PhysicalNetworkFunctionRecord.vnffgr.<elements>.member_vnfs.<elements>.parent_ns)
                      - CollectionAttributeFetchImpl(collection=org.project.neutrino.nfvo.catalogue.mano.record.VirtualNetworkFunctionRecord.vdu, querySpaceUid=<gen:96>, path=org.project.neutrino.nfvo.catalogue.mano.record.PhysicalNetworkFunctionRecord.vnffgr.<elements>.member_vnfs.<elements>.vdu)
                         - (collection element) CollectionFetchableElementEntityGraph(entity=org.project.neutrino.nfvo.catalogue.mano.descriptor.VirtualDeploymentUnit, querySpaceUid=<gen:97>, path=org.project.neutrino.nfvo.catalogue.mano.record.PhysicalNetworkFunctionRecord.vnffgr.<elements>.member_vnfs.<elements>.vdu.<elements>)
                      - CollectionAttributeFetchImpl(collection=org.project.neutrino.nfvo.catalogue.mano.record.VirtualNetworkFunctionRecord.virtual_link, querySpaceUid=<gen:98>, path=org.project.neutrino.nfvo.catalogue.mano.record.PhysicalNetworkFunctionRecord.vnffgr.<elements>.member_vnfs.<elements>.virtual_link)
                         - (collection element) CollectionFetchableElementEntityGraph(entity=org.project.neutrino.nfvo.catalogue.mano.descriptor.InternalVirtualLink, querySpaceUid=<gen:99>, path=org.project.neutrino.nfvo.catalogue.mano.record.PhysicalNetworkFunctionRecord.vnffgr.<elements>.member_vnfs.<elements>.virtual_link.<elements>)
                - EntityAttributeFetchImpl(entity=org.project.neutrino.nfvo.catalogue.mano.descriptor.NetworkForwardingPath, querySpaceUid=<gen:100>, path=org.project.neutrino.nfvo.catalogue.mano.record.PhysicalNetworkFunctionRecord.vnffgr.<elements>.network_forwarding_path)
                   - CollectionAttributeFetchImpl(collection=org.project.neutrino.nfvo.catalogue.mano.descriptor.NetworkForwardingPath.connection, querySpaceUid=<gen:101>, path=org.project.neutrino.nfvo.catalogue.mano.record.PhysicalNetworkFunctionRecord.vnffgr.<elements>.network_forwarding_path.connection)
                   - EntityAttributeFetchImpl(entity=org.project.neutrino.nfvo.catalogue.mano.descriptor.Policy, querySpaceUid=<gen:102>, path=org.project.neutrino.nfvo.catalogue.mano.record.PhysicalNetworkFunctionRecord.vnffgr.<elements>.network_forwarding_path.policy)
                - EntityAttributeFetchImpl(entity=org.project.neutrino.nfvo.catalogue.mano.record.NetworkServiceRecord, querySpaceUid=<gen:103>, path=org.project.neutrino.nfvo.catalogue.mano.record.PhysicalNetworkFunctionRecord.vnffgr.<elements>.parent_ns)
    - QuerySpaces
       - EntityQuerySpaceImpl(uid=<gen:0>, entity=org.project.neutrino.nfvo.catalogue.mano.record.PhysicalNetworkFunctionRecord)
          - SQL table alias mapping - physicalne0_
          - alias suffix - 0_
          - suffixed key columns - {id1_37_0_}
          - JOIN (JoinDefinedByMetadata(connected_virtual_link)) : <gen:0> -> <gen:1>
             - CollectionQuerySpaceImpl(uid=<gen:1>, collection=org.project.neutrino.nfvo.catalogue.mano.record.PhysicalNetworkFunctionRecord.connected_virtual_link)
                - SQL table alias mapping - connected_1_
                - alias suffix - 1_
                - suffixed key columns - {physical1_37_1_}
                - entity-element alias suffix - 2_
                - 2_entity-element suffixed key columns - id1_54_2_
                - JOIN (JoinDefinedByMetadata(elements)) : <gen:1> -> <gen:2>
                   - EntityQuerySpaceImpl(uid=<gen:2>, entity=org.project.neutrino.nfvo.catalogue.mano.record.VirtualLinkRecord)
                      - SQL table alias mapping - virtuallin2_
                      - alias suffix - 2_
                      - suffixed key columns - {id1_54_2_}
                      - JOIN (JoinDefinedByMetadata(lifecycle_event_history)) : <gen:2> -> <gen:3>
                         - CollectionQuerySpaceImpl(uid=<gen:3>, collection=org.project.neutrino.nfvo.catalogue.mano.record.VirtualLinkRecord.lifecycle_event_history)
                            - SQL table alias mapping - lifecycle_3_
                            - alias suffix - 3_
                            - suffixed key columns - {virtual_1_54_3_}
                            - entity-element alias suffix - 4_
                            - 4_entity-element suffixed key columns - id1_10_4_
                            - JOIN (JoinDefinedByMetadata(elements)) : <gen:3> -> <gen:4>
                               - EntityQuerySpaceImpl(uid=<gen:4>, entity=org.project.neutrino.nfvo.catalogue.mano.common.LifecycleEvent)
                                  - SQL table alias mapping - lifecyclee4_
                                  - alias suffix - 4_
                                  - suffixed key columns - {id1_10_4_}
                      - JOIN (JoinDefinedByMetadata(vnffgr_reference)) : <gen:2> -> <gen:5>
                         - CollectionQuerySpaceImpl(uid=<gen:5>, collection=org.project.neutrino.nfvo.catalogue.mano.record.VirtualLinkRecord.vnffgr_reference)
                            - SQL table alias mapping - vnffgr_ref5_
                            - alias suffix - 5_
                            - suffixed key columns - {virtual_1_54_5_}
                            - entity-element alias suffix - 6_
                            - 6_entity-element suffixed key columns - id1_92_6_
                            - JOIN (JoinDefinedByMetadata(elements)) : <gen:5> -> <gen:6>
                               - EntityQuerySpaceImpl(uid=<gen:6>, entity=org.project.neutrino.nfvo.catalogue.mano.record.VNFForwardingGraphRecord)
                                  - SQL table alias mapping - vnfforward6_
                                  - alias suffix - 6_
                                  - suffixed key columns - {id1_92_6_}
          - JOIN (JoinDefinedByMetadata(connection_point)) : <gen:0> -> <gen:18>
             - CollectionQuerySpaceImpl(uid=<gen:18>, collection=org.project.neutrino.nfvo.catalogue.mano.record.PhysicalNetworkFunctionRecord.connection_point)
                - SQL table alias mapping - connection7_
                - alias suffix - 7_
                - suffixed key columns - {physical1_37_7_}
                - entity-element alias suffix - 8_
                - 8_entity-element suffixed key columns - id1_4_8_
                - JOIN (JoinDefinedByMetadata(elements)) : <gen:18> -> <gen:19>
                   - EntityQuerySpaceImpl(uid=<gen:19>, entity=org.project.neutrino.nfvo.catalogue.mano.common.ConnectionPoint)
                      - SQL table alias mapping - connection8_
                      - alias suffix - 8_
                      - suffixed key columns - {id1_4_8_}
          - JOIN (JoinDefinedByMetadata(descriptor_reference)) : <gen:0> -> <gen:20>
             - EntityQuerySpaceImpl(uid=<gen:20>, entity=org.project.neutrino.nfvo.catalogue.mano.descriptor.PhysicalNetworkFunctionDescriptor)
                - SQL table alias mapping - physicalne9_
                - alias suffix - 9_
                - suffixed key columns - {id1_35_9_}
                - JOIN (JoinDefinedByMetadata(pnfd_security)) : <gen:20> -> <gen:21>
                   - EntityQuerySpaceImpl(uid=<gen:21>, entity=org.project.neutrino.nfvo.catalogue.mano.common.Security)
                      - SQL table alias mapping - security10_
                      - alias suffix - 10_
                      - suffixed key columns - {id1_43_10_}
          - JOIN (JoinDefinedByMetadata(parent_ns)) : <gen:0> -> <gen:22>
             - EntityQuerySpaceImpl(uid=<gen:22>, entity=org.project.neutrino.nfvo.catalogue.mano.record.NetworkServiceRecord)
                - SQL table alias mapping - networkser11_
                - alias suffix - 11_
                - suffixed key columns - {id1_18_11_}
                - JOIN (JoinDefinedByMetadata(auto_scale_policy)) : <gen:22> -> <gen:23>
                   - CollectionQuerySpaceImpl(uid=<gen:23>, collection=org.project.neutrino.nfvo.catalogue.mano.record.NetworkServiceRecord.auto_scale_policy)
                      - SQL table alias mapping - auto_scale12_
                      - alias suffix - 12_
                      - suffixed key columns - {network_1_18_12_}
                      - entity-element alias suffix - 13_
                      - 13_entity-element suffixed key columns - id1_3_13_
                      - JOIN (JoinDefinedByMetadata(elements)) : <gen:23> -> <gen:24>
                         - EntityQuerySpaceImpl(uid=<gen:24>, entity=org.project.neutrino.nfvo.catalogue.mano.common.AutoScalePolicy)
                            - SQL table alias mapping - autoscalep13_
                            - alias suffix - 13_
                            - suffixed key columns - {id1_3_13_}
                - JOIN (JoinDefinedByMetadata(connection_point)) : <gen:22> -> <gen:25>
                   - CollectionQuerySpaceImpl(uid=<gen:25>, collection=org.project.neutrino.nfvo.catalogue.mano.record.NetworkServiceRecord.connection_point)
                      - SQL table alias mapping - connection14_
                      - alias suffix - 14_
                      - suffixed key columns - {network_1_18_14_}
                      - entity-element alias suffix - 15_
                      - 15_entity-element suffixed key columns - id1_4_15_
                      - JOIN (JoinDefinedByMetadata(elements)) : <gen:25> -> <gen:26>
                         - EntityQuerySpaceImpl(uid=<gen:26>, entity=org.project.neutrino.nfvo.catalogue.mano.common.ConnectionPoint)
                            - SQL table alias mapping - connection15_
                            - alias suffix - 15_
                            - suffixed key columns - {id1_4_15_}
                - JOIN (JoinDefinedByMetadata(descriptor_reference)) : <gen:22> -> <gen:27>
                   - EntityQuerySpaceImpl(uid=<gen:27>, entity=org.project.neutrino.nfvo.catalogue.mano.common.NFVEntityDescriptor)
                      - SQL table alias mapping - nfventityd16_
                      - alias suffix - 16_
                      - suffixed key columns - {id1_27_16_}
                - JOIN (JoinDefinedByMetadata(lifecycle_event)) : <gen:22> -> <gen:36>
                   - EntityQuerySpaceImpl(uid=<gen:36>, entity=org.project.neutrino.nfvo.catalogue.mano.common.LifecycleEvent)
                      - SQL table alias mapping - lifecyclee17_
                      - alias suffix - 17_
                      - suffixed key columns - {id1_10_17_}
                - JOIN (JoinDefinedByMetadata(lifecycle_event_history)) : <gen:22> -> <gen:37>
                   - CollectionQuerySpaceImpl(uid=<gen:37>, collection=org.project.neutrino.nfvo.catalogue.mano.record.NetworkServiceRecord.lifecycle_event_history)
                      - SQL table alias mapping - lifecycle_18_
                      - alias suffix - 18_
                      - suffixed key columns - {network_1_18_18_}
                      - entity-element alias suffix - 19_
                      - 19_entity-element suffixed key columns - id1_10_19_
                      - JOIN (JoinDefinedByMetadata(elements)) : <gen:37> -> <gen:38>
                         - EntityQuerySpaceImpl(uid=<gen:38>, entity=org.project.neutrino.nfvo.catalogue.mano.common.LifecycleEvent)
                            - SQL table alias mapping - lifecyclee19_
                            - alias suffix - 19_
                            - suffixed key columns - {id1_10_19_}
                - JOIN (JoinDefinedByMetadata(pnfr)) : <gen:22> -> <gen:39>
                   - CollectionQuerySpaceImpl(uid=<gen:39>, collection=org.project.neutrino.nfvo.catalogue.mano.record.NetworkServiceRecord.pnfr)
                      - SQL table alias mapping - pnfr20_
                      - alias suffix - 20_
                      - suffixed key columns - {network_1_18_20_}
                      - entity-element alias suffix - 21_
                      - 21_entity-element suffixed key columns - id1_37_21_
                      - JOIN (JoinDefinedByMetadata(elements)) : <gen:39> -> <gen:40>
                         - EntityQuerySpaceImpl(uid=<gen:40>, entity=org.project.neutrino.nfvo.catalogue.mano.record.PhysicalNetworkFunctionRecord)
                            - SQL table alias mapping - physicalne21_
                            - alias suffix - 21_
                            - suffixed key columns - {id1_37_21_}
                - JOIN (JoinDefinedByMetadata(service_deployment_flavour)) : <gen:22> -> <gen:43>
                   - EntityQuerySpaceImpl(uid=<gen:43>, entity=org.project.neutrino.nfvo.catalogue.mano.common.ServiceDeploymentFlavour)
                      - SQL table alias mapping - servicedep22_
                      - alias suffix - 22_
                      - suffixed key columns - {id1_7_22_}
                - JOIN (JoinDefinedByMetadata(vlr)) : <gen:22> -> <gen:44>
                   - CollectionQuerySpaceImpl(uid=<gen:44>, collection=org.project.neutrino.nfvo.catalogue.mano.record.NetworkServiceRecord.vlr)
                      - SQL table alias mapping - vlr23_
                      - alias suffix - 23_
                      - suffixed key columns - {network_1_18_23_}
                      - entity-element alias suffix - 24_
                      - 24_entity-element suffixed key columns - id1_54_24_
                      - JOIN (JoinDefinedByMetadata(elements)) : <gen:44> -> <gen:45>
                         - EntityQuerySpaceImpl(uid=<gen:45>, entity=org.project.neutrino.nfvo.catalogue.mano.record.VirtualLinkRecord)
                            - SQL table alias mapping - virtuallin24_
                            - alias suffix - 24_
                            - suffixed key columns - {id1_54_24_}
                - JOIN (JoinDefinedByMetadata(vnf_dependency)) : <gen:22> -> <gen:46>
                   - CollectionQuerySpaceImpl(uid=<gen:46>, collection=org.project.neutrino.nfvo.catalogue.mano.record.NetworkServiceRecord.vnf_dependency)
                      - SQL table alias mapping - vnf_depend25_
                      - alias suffix - 25_
                      - suffixed key columns - {network_1_18_25_}
                      - entity-element alias suffix - 26_
                      - 26_entity-element suffixed key columns - id1_86_26_
                      - JOIN (JoinDefinedByMetadata(elements)) : <gen:46> -> <gen:47>
                         - EntityQuerySpaceImpl(uid=<gen:47>, entity=org.project.neutrino.nfvo.catalogue.mano.common.VNFDependency)
                            - SQL table alias mapping - vnfdepende26_
                            - alias suffix - 26_
                            - suffixed key columns - {id1_86_26_}
                - JOIN (JoinDefinedByMetadata(vnffgr)) : <gen:22> -> <gen:50>
                   - CollectionQuerySpaceImpl(uid=<gen:50>, collection=org.project.neutrino.nfvo.catalogue.mano.record.NetworkServiceRecord.vnffgr)
                      - SQL table alias mapping - vnffgr27_
                      - alias suffix - 27_
                      - suffixed key columns - {network_1_18_27_}
                      - entity-element alias suffix - 28_
                      - 28_entity-element suffixed key columns - id1_87_28_
                      - JOIN (JoinDefinedByMetadata(elements)) : <gen:50> -> <gen:51>
                         - EntityQuerySpaceImpl(uid=<gen:51>, entity=org.project.neutrino.nfvo.catalogue.mano.descriptor.VNFForwardingGraph)
                            - SQL table alias mapping - vnfforward28_
                            - alias suffix - 28_
                            - suffixed key columns - {id1_87_28_}
                - JOIN (JoinDefinedByMetadata(vnfr)) : <gen:22> -> <gen:53>
                   - EntityQuerySpaceImpl(uid=<gen:53>, entity=org.project.neutrino.nfvo.catalogue.mano.record.VirtualNetworkFunctionRecord)
                      - SQL table alias mapping - virtualnet29_
                      - alias suffix - 29_
                      - suffixed key columns - {id1_68_29_}
          - JOIN (JoinDefinedByMetadata(vnffgr)) : <gen:0> -> <gen:71>
             - CollectionQuerySpaceImpl(uid=<gen:71>, collection=org.project.neutrino.nfvo.catalogue.mano.record.PhysicalNetworkFunctionRecord.vnffgr)
                - SQL table alias mapping - vnffgr30_
                - alias suffix - 30_
                - suffixed key columns - {physical1_37_30_}
                - entity-element alias suffix - 31_
                - 31_entity-element suffixed key columns - id1_92_31_
                - JOIN (JoinDefinedByMetadata(elements)) : <gen:71> -> <gen:72>
                   - EntityQuerySpaceImpl(uid=<gen:72>, entity=org.project.neutrino.nfvo.catalogue.mano.record.VNFForwardingGraphRecord)
                      - SQL table alias mapping - vnfforward31_
                      - alias suffix - 31_
                      - suffixed key columns - {id1_92_31_}
                      - JOIN (JoinDefinedByMetadata(connection_point)) : <gen:72> -> <gen:73>
                         - CollectionQuerySpaceImpl(uid=<gen:73>, collection=org.project.neutrino.nfvo.catalogue.mano.record.VNFForwardingGraphRecord.connection_point)
                            - SQL table alias mapping - connection32_
                            - alias suffix - 32_
                            - suffixed key columns - {vnfforwa1_92_32_}
                            - entity-element alias suffix - 33_
                            - 33_entity-element suffixed key columns - id1_4_33_
                            - JOIN (JoinDefinedByMetadata(elements)) : <gen:73> -> <gen:74>
                               - EntityQuerySpaceImpl(uid=<gen:74>, entity=org.project.neutrino.nfvo.catalogue.mano.descriptor.VNFDConnectionPoint)
                                  - SQL table alias mapping - vnfdconnec33_
                                  - alias suffix - 33_
                                  - suffixed key columns - {id1_4_33_}
                      - JOIN (JoinDefinedByMetadata(dependent_virtual_link)) : <gen:72> -> <gen:75>
                         - CollectionQuerySpaceImpl(uid=<gen:75>, collection=org.project.neutrino.nfvo.catalogue.mano.record.VNFForwardingGraphRecord.dependent_virtual_link)
                            - SQL table alias mapping - dependent_34_
                            - alias suffix - 34_
                            - suffixed key columns - {vnfforwa1_92_34_}
                            - entity-element alias suffix - 35_
                            - 35_entity-element suffixed key columns - id1_54_35_
                            - JOIN (JoinDefinedByMetadata(elements)) : <gen:75> -> <gen:76>
                               - EntityQuerySpaceImpl(uid=<gen:76>, entity=org.project.neutrino.nfvo.catalogue.mano.record.VirtualLinkRecord)
                                  - SQL table alias mapping - virtuallin35_
                                  - alias suffix - 35_
                                  - suffixed key columns - {id1_54_35_}
                      - JOIN (JoinDefinedByMetadata(descriptor_reference)) : <gen:72> -> <gen:77>
                         - EntityQuerySpaceImpl(uid=<gen:77>, entity=org.project.neutrino.nfvo.catalogue.mano.descriptor.VNFForwardingGraph)
                            - SQL table alias mapping - vnfforward36_
                            - alias suffix - 36_
                            - suffixed key columns - {id1_87_36_}
                      - JOIN (JoinDefinedByMetadata(lifecycle_event_history)) : <gen:72> -> <gen:79>
                         - CollectionQuerySpaceImpl(uid=<gen:79>, collection=org.project.neutrino.nfvo.catalogue.mano.record.VNFForwardingGraphRecord.lifecycle_event_history)
                            - SQL table alias mapping - lifecycle_37_
                            - alias suffix - 37_
                            - suffixed key columns - {vnfforwa1_92_37_}
                            - entity-element alias suffix - 38_
                            - 38_entity-element suffixed key columns - id1_10_38_
                            - JOIN (JoinDefinedByMetadata(elements)) : <gen:79> -> <gen:80>
                               - EntityQuerySpaceImpl(uid=<gen:80>, entity=org.project.neutrino.nfvo.catalogue.mano.common.LifecycleEvent)
                                  - SQL table alias mapping - lifecyclee38_
                                  - alias suffix - 38_
                                  - suffixed key columns - {id1_10_38_}
                      - JOIN (JoinDefinedByMetadata(member_vnfs)) : <gen:72> -> <gen:81>
                         - CollectionQuerySpaceImpl(uid=<gen:81>, collection=org.project.neutrino.nfvo.catalogue.mano.record.VNFForwardingGraphRecord.member_vnfs)
                            - SQL table alias mapping - member_vnf39_
                            - alias suffix - 39_
                            - suffixed key columns - {vnfforwa1_92_39_}
                            - entity-element alias suffix - 40_
                            - 40_entity-element suffixed key columns - id1_68_40_
                            - JOIN (JoinDefinedByMetadata(elements)) : <gen:81> -> <gen:82>
                               - EntityQuerySpaceImpl(uid=<gen:82>, entity=org.project.neutrino.nfvo.catalogue.mano.record.VirtualNetworkFunctionRecord)
                                  - SQL table alias mapping - virtualnet40_
                                  - alias suffix - 40_
                                  - suffixed key columns - {id1_68_40_}
                      - JOIN (JoinDefinedByMetadata(network_forwarding_path)) : <gen:72> -> <gen:100>
                         - EntityQuerySpaceImpl(uid=<gen:100>, entity=org.project.neutrino.nfvo.catalogue.mano.descriptor.NetworkForwardingPath)
                            - SQL table alias mapping - networkfor41_
                            - alias suffix - 41_
                            - suffixed key columns - {id1_12_41_}
                      - JOIN (JoinDefinedByMetadata(parent_ns)) : <gen:72> -> <gen:103>
                         - EntityQuerySpaceImpl(uid=<gen:103>, entity=org.project.neutrino.nfvo.catalogue.mano.record.NetworkServiceRecord)
                            - SQL table alias mapping - networkser42_
                            - alias suffix - 42_
                            - suffixed key columns - {id1_18_42_}

13:23:07.281 [Test worker] DEBUG o.h.loader.entity.plan.EntityLoader - Static select for entity org.project.neutrino.nfvo.catalogue.mano.record.PhysicalNetworkFunctionRecord [NONE]: select physicalne0_.id as id1_37_0_, physicalne0_.description as descript2_37_0_, physicalne0_.descriptor_reference_id as descript6_37_0_, physicalne0_.oam_reference as oam_refe3_37_0_, physicalne0_.parent_ns_id as parent_n7_37_0_, physicalne0_.vendor as vendor4_37_0_, physicalne0_.version as version5_37_0_, connected_1_.physical_network_function_record_id as physical1_37_1_, virtuallin2_.id as connecte2_38_1_, virtuallin2_.id as id1_54_2_, virtuallin2_.connectivity_type as connecti2_54_2_, virtuallin2_.descriptor_reference as descript3_54_2_, virtuallin2_.leaf_requirement as leaf_req4_54_2_, virtuallin2_.number_of_enpoints as number_o5_54_2_, virtuallin2_.parent_ns as parent_n6_54_2_, virtuallin2_.root_requirement as root_req7_54_2_, virtuallin2_.status as status8_54_2_, virtuallin2_.test_access as test_acc9_54_2_, virtuallin2_.vendor as vendor10_54_2_, virtuallin2_.version as version11_54_2_, virtuallin2_.vim_id as vim_id12_54_2_, lifecycle_3_.virtual_link_record_id as virtual_1_54_3_, lifecyclee4_.id as lifecycl2_58_3_, lifecyclee4_.id as id1_10_4_, lifecyclee4_.version as version2_10_4_, vnffgr_ref5_.virtual_link_record_id as virtual_1_54_5_, vnfforward6_.id as vnffgr_r2_61_5_, vnfforward6_.id as id1_92_6_, vnfforward6_.audit_log as audit_lo2_92_6_, vnfforward6_.descriptor_reference_id as descrip10_92_6_, vnfforward6_.network_forwarding_path_id as network11_92_6_, vnfforward6_.number_of_endpoints as number_o3_92_6_, vnfforward6_.number_of_pnfs as number_o4_92_6_, vnfforward6_.number_of_virtual_links as number_o5_92_6_, vnfforward6_.number_of_vnfs as number_o6_92_6_, vnfforward6_.parent_ns_id as parent_12_92_6_, vnfforward6_.status as status7_92_6_, vnfforward6_.vendor as vendor8_92_6_, vnfforward6_.version as version9_92_6_, connection7_.physical_network_function_record_id as physical1_37_7_, connection8_.id as connecti2_39_7_, connection8_.id as id1_4_8_, connection8_.type as type2_4_8_, connection8_.version as version3_4_8_, connection8_.virtual_link_reference as virtual_1_82_8_, connection8_.clazz_ as clazz_8_, physicalne9_.id as id1_35_9_, physicalne9_.description as descript2_35_9_, physicalne9_.descriptor_version as descript3_35_9_, physicalne9_.hb_version as hb_versi4_35_9_, physicalne9_.pnfd_security_id as pnfd_sec7_35_9_, physicalne9_.vendor as vendor5_35_9_, physicalne9_.version as version6_35_9_, security10_.id as id1_43_10_, security10_.version as version2_43_10_, networkser11_.id as id1_18_11_, networkser11_.audit_log as audit_lo2_18_11_, networkser11_.descriptor_reference_Id as descript9_18_11_, networkser11_.lifecycle_event_id as lifecyc10_18_11_, networkser11_.notification as notifica3_18_11_, networkser11_.resource_reservation as resource4_18_11_, networkser11_.runtime_policy_info as runtime_5_18_11_, networkser11_.service_deployment_flavour_id as service11_18_11_, networkser11_.status as status6_18_11_, networkser11_.vendor as vendor7_18_11_, networkser11_.version as version8_18_11_, networkser11_.vnfr_id as vnfr_id12_18_11_, auto_scale12_.network_service_record_id as network_1_18_12_, autoscalep13_.id as auto_sca2_19_12_, autoscalep13_.id as id1_3_13_, autoscalep13_.version as version2_3_13_, connection14_.network_service_record_id as network_1_18_14_, connection15_.id as connecti2_20_14_, connection15_.id as id1_4_15_, connection15_.type as type2_4_15_, connection15_.version as version3_4_15_, connection15_.virtual_link_reference as virtual_1_82_15_, connection15_.clazz_ as clazz_15_, nfventityd16_.id as id1_27_16_, nfventityd16_.hb_version as hb_versi2_27_16_, nfventityd16_.vendor as vendor3_27_16_, nfventityd16_.version as version4_27_16_, nfventityd16_.descriptor_version as descript1_62_16_, nfventityd16_.manifest_file as manifest2_62_16_, nfventityd16_.nsd_security_id as nsd_secu1_14_16_, nfventityd16_.clazz_ as clazz_16_, lifecyclee17_.id as id1_10_17_, lifecyclee17_.version as version2_10_17_, lifecycle_18_.network_service_record_id as network_1_18_18_, lifecyclee19_.id as lifecycl2_21_18_, lifecyclee19_.id as id1_10_19_, lifecyclee19_.version as version2_10_19_, pnfr20_.network_service_record_id as network_1_18_20_, physicalne21_.id as pnfr_id2_23_20_, physicalne21_.id as id1_37_21_, physicalne21_.description as descript2_37_21_, physicalne21_.descriptor_reference_id as descript6_37_21_, physicalne21_.oam_reference as oam_refe3_37_21_, physicalne21_.parent_ns_id as parent_n7_37_21_, physicalne21_.vendor as vendor4_37_21_, physicalne21_.version as version5_37_21_, servicedep22_.id as id1_7_22_, servicedep22_.flavour_key as flavour_2_7_22_, servicedep22_.version as version3_7_22_, vlr23_.network_service_record_id as network_1_18_23_, virtuallin24_.id as vlr_id2_24_23_, virtuallin24_.id as id1_54_24_, virtuallin24_.connectivity_type as connecti2_54_24_, virtuallin24_.descriptor_reference as descript3_54_24_, virtuallin24_.leaf_requirement as leaf_req4_54_24_, virtuallin24_.number_of_enpoints as number_o5_54_24_, virtuallin24_.parent_ns as parent_n6_54_24_, virtuallin24_.root_requirement as root_req7_54_24_, virtuallin24_.status as status8_54_24_, virtuallin24_.test_access as test_acc9_54_24_, virtuallin24_.vendor as vendor10_54_24_, virtuallin24_.version as version11_54_24_, virtuallin24_.vim_id as vim_id12_54_24_, vnf_depend25_.network_service_record_id as network_1_18_25_, vnfdepende26_.id as vnf_depe2_25_25_, vnfdepende26_.id as id1_86_26_, vnfdepende26_.source_Id as source_I3_86_26_, vnfdepende26_.target_Id as target_I4_86_26_, vnfdepende26_.version as version2_86_26_, vnffgr27_.network_service_record_id as network_1_18_27_, vnfforward28_.id as vnffgr_i2_26_27_, vnfforward28_.id as id1_87_28_, vnfforward28_.descriptor_version as descript2_87_28_, vnfforward28_.hb_version as hb_versi3_87_28_, vnfforward28_.number_of_endpoints as number_o4_87_28_, vnfforward28_.number_of_virtual_links as number_o5_87_28_, vnfforward28_.vendor as vendor6_87_28_, vnfforward28_.version as version7_87_28_, vnfforward28_.vnffgd_security_id as vnffgd_s8_87_28_, virtualnet29_.id as id1_68_29_, virtualnet29_.audit_log as audit_lo2_68_29_, virtualnet29_.deployment_flavour_id as deployme9_68_29_, virtualnet29_.descriptor_reference as descript3_68_29_, virtualnet29_.lifecycle_event_id as lifecyc10_68_29_, virtualnet29_.localization as localiza4_68_29_, virtualnet29_.parent_ns_id as parent_11_68_29_, virtualnet29_.status as status5_68_29_, virtualnet29_.vendor as vendor6_68_29_, virtualnet29_.version as version7_68_29_, virtualnet29_.vnfm_id as vnfm_id8_68_29_, vnffgr30_.physical_network_function_record_id as physical1_37_30_, vnfforward31_.id as vnffgr_i2_41_30_, vnfforward31_.id as id1_92_31_, vnfforward31_.audit_log as audit_lo2_92_31_, vnfforward31_.descriptor_reference_id as descrip10_92_31_, vnfforward31_.network_forwarding_path_id as network11_92_31_, vnfforward31_.number_of_endpoints as number_o3_92_31_, vnfforward31_.number_of_pnfs as number_o4_92_31_, vnfforward31_.number_of_virtual_links as number_o5_92_31_, vnfforward31_.number_of_vnfs as number_o6_92_31_, vnfforward31_.parent_ns_id as parent_12_92_31_, vnfforward31_.status as status7_92_31_, vnfforward31_.vendor as vendor8_92_31_, vnfforward31_.version as version9_92_31_, connection32_.vnfforwarding_graph_record_id as vnfforwa1_92_32_, vnfdconnec33_.id as connecti2_93_32_, vnfdconnec33_.id as id1_4_33_, vnfdconnec33_.type as type2_4_33_, vnfdconnec33_.version as version3_4_33_, vnfdconnec33_.virtual_link_reference as virtual_1_82_33_, dependent_34_.vnfforwarding_graph_record_id as vnfforwa1_92_34_, virtuallin35_.id as dependen2_94_34_, virtuallin35_.id as id1_54_35_, virtuallin35_.connectivity_type as connecti2_54_35_, virtuallin35_.descriptor_reference as descript3_54_35_, virtuallin35_.leaf_requirement as leaf_req4_54_35_, virtuallin35_.number_of_enpoints as number_o5_54_35_, virtuallin35_.parent_ns as parent_n6_54_35_, virtuallin35_.root_requirement as root_req7_54_35_, virtuallin35_.status as status8_54_35_, virtuallin35_.test_access as test_acc9_54_35_, virtuallin35_.vendor as vendor10_54_35_, virtuallin35_.version as version11_54_35_, virtuallin35_.vim_id as vim_id12_54_35_, vnfforward36_.id as id1_87_36_, vnfforward36_.descriptor_version as descript2_87_36_, vnfforward36_.hb_version as hb_versi3_87_36_, vnfforward36_.number_of_endpoints as number_o4_87_36_, vnfforward36_.number_of_virtual_links as number_o5_87_36_, vnfforward36_.vendor as vendor6_87_36_, vnfforward36_.version as version7_87_36_, vnfforward36_.vnffgd_security_id as vnffgd_s8_87_36_, lifecycle_37_.vnfforwarding_graph_record_id as vnfforwa1_92_37_, lifecyclee38_.id as lifecycl2_95_37_, lifecyclee38_.id as id1_10_38_, lifecyclee38_.version as version2_10_38_, member_vnf39_.vnfforwarding_graph_record_id as vnfforwa1_92_39_, virtualnet40_.id as member_v2_96_39_, virtualnet40_.id as id1_68_40_, virtualnet40_.audit_log as audit_lo2_68_40_, virtualnet40_.deployment_flavour_id as deployme9_68_40_, virtualnet40_.descriptor_reference as descript3_68_40_, virtualnet40_.lifecycle_event_id as lifecyc10_68_40_, virtualnet40_.localization as localiza4_68_40_, virtualnet40_.parent_ns_id as parent_11_68_40_, virtualnet40_.status as status5_68_40_, virtualnet40_.vendor as vendor6_68_40_, virtualnet40_.version as version7_68_40_, virtualnet40_.vnfm_id as vnfm_id8_68_40_, networkfor41_.id as id1_12_41_, networkfor41_.policy_id as policy_i3_12_41_, networkfor41_.version as version2_12_41_, networkser42_.id as id1_18_42_, networkser42_.audit_log as audit_lo2_18_42_, networkser42_.descriptor_reference_Id as descript9_18_42_, networkser42_.lifecycle_event_id as lifecyc10_18_42_, networkser42_.notification as notifica3_18_42_, networkser42_.resource_reservation as resource4_18_42_, networkser42_.runtime_policy_info as runtime_5_18_42_, networkser42_.service_deployment_flavour_id as service11_18_42_, networkser42_.status as status6_18_42_, networkser42_.vendor as vendor7_18_42_, networkser42_.version as version8_18_42_, networkser42_.vnfr_id as vnfr_id12_18_42_ from physical_network_function_record physicalne0_ left outer join physical_network_function_record_connected_virtual_link connected_1_ on physicalne0_.id=connected_1_.physical_network_function_record_id left outer join virtual_link_record virtuallin2_ on connected_1_.connected_virtual_link_id=virtuallin2_.id left outer join virtual_link_record_lifecycle_event_history lifecycle_3_ on virtuallin2_.id=lifecycle_3_.virtual_link_record_id left outer join lifecycle_event lifecyclee4_ on lifecycle_3_.lifecycle_event_history_id=lifecyclee4_.id left outer join virtual_link_record_vnffgr_reference vnffgr_ref5_ on virtuallin2_.id=vnffgr_ref5_.virtual_link_record_id left outer join vnfforwarding_graph_record vnfforward6_ on vnffgr_ref5_.vnffgr_reference_id=vnfforward6_.id left outer join physical_network_function_record_connection_point connection7_ on physicalne0_.id=connection7_.physical_network_function_record_id left outer join ( select id, type, version, null as virtual_link_reference, 0 as clazz_ from connection_point union select id, type, version, virtual_link_reference, 1 as clazz_ from vnfdconnection_point ) connection8_ on connection7_.connection_point_id=connection8_.id left outer join physical_network_function_descriptor physicalne9_ on physicalne0_.descriptor_reference_id=physicalne9_.id left outer join security security10_ on physicalne9_.pnfd_security_id=security10_.id left outer join network_service_record networkser11_ on physicalne0_.parent_ns_id=networkser11_.id left outer join network_service_record_auto_scale_policy auto_scale12_ on networkser11_.id=auto_scale12_.network_service_record_id left outer join auto_scale_policy autoscalep13_ on auto_scale12_.auto_scale_policy_id=autoscalep13_.id left outer join network_service_record_connection_point connection14_ on networkser11_.id=connection14_.network_service_record_id left outer join ( select id, type, version, null as virtual_link_reference, 0 as clazz_ from connection_point union select id, type, version, virtual_link_reference, 1 as clazz_ from vnfdconnection_point ) connection15_ on connection14_.connection_point_id=connection15_.id left outer join ( select id, hb_version, vendor, version, descriptor_version, manifest_file, null as nsd_security_id, 1 as clazz_ from virtual_network_function_descriptor union select id, hb_version, vendor, version, null as descriptor_version, null as manifest_file, nsd_security_id, 2 as clazz_ from network_service_descriptor ) nfventityd16_ on networkser11_.descriptor_reference_Id=nfventityd16_.id left outer join lifecycle_event lifecyclee17_ on networkser11_.lifecycle_event_id=lifecyclee17_.id left outer join network_service_record_lifecycle_event_history lifecycle_18_ on networkser11_.id=lifecycle_18_.network_service_record_id left outer join lifecycle_event lifecyclee19_ on lifecycle_18_.lifecycle_event_history_id=lifecyclee19_.id left outer join network_service_record_pnfr pnfr20_ on networkser11_.id=pnfr20_.network_service_record_id left outer join physical_network_function_record physicalne21_ on pnfr20_.pnfr_id=physicalne21_.id left outer join service_deployment_flavour servicedep22_ on networkser11_.service_deployment_flavour_id=servicedep22_.id left outer join network_service_record_vlr vlr23_ on networkser11_.id=vlr23_.network_service_record_id left outer join virtual_link_record virtuallin24_ on vlr23_.vlr_id=virtuallin24_.id left outer join network_service_record_vnf_dependency vnf_depend25_ on networkser11_.id=vnf_depend25_.network_service_record_id left outer join vnfdependency vnfdepende26_ on vnf_depend25_.vnf_dependency_id=vnfdepende26_.id left outer join network_service_record_vnffgr vnffgr27_ on networkser11_.id=vnffgr27_.network_service_record_id left outer join vnfforwarding_graph vnfforward28_ on vnffgr27_.vnffgr_id=vnfforward28_.id left outer join virtual_network_function_record virtualnet29_ on networkser11_.vnfr_id=virtualnet29_.id left outer join physical_network_function_record_vnffgr vnffgr30_ on physicalne0_.id=vnffgr30_.physical_network_function_record_id left outer join vnfforwarding_graph_record vnfforward31_ on vnffgr30_.vnffgr_id=vnfforward31_.id left outer join vnfforwarding_graph_record_connection_point connection32_ on vnfforward31_.id=connection32_.vnfforwarding_graph_record_id left outer join vnfdconnection_point vnfdconnec33_ on connection32_.connection_point_id=vnfdconnec33_.id left outer join vnfforwarding_graph_record_dependent_virtual_link dependent_34_ on vnfforward31_.id=dependent_34_.vnfforwarding_graph_record_id left outer join virtual_link_record virtuallin35_ on dependent_34_.dependent_virtual_link_id=virtuallin35_.id left outer join vnfforwarding_graph vnfforward36_ on vnfforward31_.descriptor_reference_id=vnfforward36_.id left outer join vnfforwarding_graph_record_lifecycle_event_history lifecycle_37_ on vnfforward31_.id=lifecycle_37_.vnfforwarding_graph_record_id left outer join lifecycle_event lifecyclee38_ on lifecycle_37_.lifecycle_event_history_id=lifecyclee38_.id left outer join vnfforwarding_graph_record_member_vnfs member_vnf39_ on vnfforward31_.id=member_vnf39_.vnfforwarding_graph_record_id left outer join virtual_network_function_record virtualnet40_ on member_vnf39_.member_vnfs_id=virtualnet40_.id left outer join network_forwarding_path networkfor41_ on vnfforward31_.network_forwarding_path_id=networkfor41_.id left outer join network_service_record networkser42_ on vnfforward31_.parent_ns_id=networkser42_.id where physicalne0_.id=?
13:23:07.281 [Test worker] DEBUG o.h.l.p.b.i.spaces.QuerySpacesImpl - Adding QuerySpace : uid = <gen:0> -> org.hibernate.loader.plan.build.internal.spaces.EntityQuerySpaceImpl@48541013]
13:23:07.281 [Test worker] DEBUG o.h.p.w.spi.MetamodelGraphWalker - Visiting attribute path : connected_virtual_link
13:23:07.281 [Test worker] DEBUG o.h.l.p.b.i.spaces.QuerySpacesImpl - Adding QuerySpace : uid = <gen:1> -> org.hibernate.loader.plan.build.internal.spaces.CollectionQuerySpaceImpl@4c2cffbe]
13:23:07.281 [Test worker] DEBUG o.h.l.p.b.i.spaces.QuerySpacesImpl - Adding QuerySpace : uid = <gen:2> -> org.hibernate.loader.plan.build.internal.spaces.EntityQuerySpaceImpl@1e4a3a04]
13:23:07.282 [Test worker] DEBUG o.h.p.w.spi.MetamodelGraphWalker - Visiting attribute path : connected_virtual_link.allocated_capacity
13:23:07.282 [Test worker] DEBUG o.h.p.w.spi.MetamodelGraphWalker - Visiting attribute path : connected_virtual_link.audit_log
13:23:07.282 [Test worker] DEBUG o.h.p.w.spi.MetamodelGraphWalker - Visiting attribute path : connected_virtual_link.connection
13:23:07.282 [Test worker] DEBUG o.h.p.w.spi.MetamodelGraphWalker - Visiting attribute path : connected_virtual_link.connectivity_type
13:23:07.282 [Test worker] DEBUG o.h.p.w.spi.MetamodelGraphWalker - Visiting attribute path : connected_virtual_link.descriptor_reference
13:23:07.282 [Test worker] DEBUG o.h.p.w.spi.MetamodelGraphWalker - Visiting attribute path : connected_virtual_link.leaf_requirement
13:23:07.282 [Test worker] DEBUG o.h.p.w.spi.MetamodelGraphWalker - Visiting attribute path : connected_virtual_link.lifecycle_event_history
13:23:07.282 [Test worker] DEBUG o.h.l.p.b.i.spaces.QuerySpacesImpl - Adding QuerySpace : uid = <gen:3> -> org.hibernate.loader.plan.build.internal.spaces.CollectionQuerySpaceImpl@1ba4ffed]
13:23:07.282 [Test worker] DEBUG o.h.l.p.b.i.spaces.QuerySpacesImpl - Adding QuerySpace : uid = <gen:4> -> org.hibernate.loader.plan.build.internal.spaces.EntityQuerySpaceImpl@6d9e2ec8]
13:23:07.282 [Test worker] DEBUG o.h.p.w.spi.MetamodelGraphWalker - Visiting attribute path : connected_virtual_link.lifecycle_event_history.lifecycle_events
13:23:07.282 [Test worker] DEBUG o.h.p.w.spi.MetamodelGraphWalker - Visiting attribute path : connected_virtual_link.lifecycle_event_history.version
13:23:07.282 [Test worker] DEBUG o.h.p.w.spi.MetamodelGraphWalker - Visiting attribute path : connected_virtual_link.notification
13:23:07.282 [Test worker] DEBUG o.h.p.w.spi.MetamodelGraphWalker - Visiting attribute path : connected_virtual_link.number_of_enpoints
13:23:07.282 [Test worker] DEBUG o.h.p.w.spi.MetamodelGraphWalker - Visiting attribute path : connected_virtual_link.parent_ns
13:23:07.282 [Test worker] DEBUG o.h.p.w.spi.MetamodelGraphWalker - Visiting attribute path : connected_virtual_link.qos
13:23:07.282 [Test worker] DEBUG o.h.p.w.spi.MetamodelGraphWalker - Visiting attribute path : connected_virtual_link.root_requirement
13:23:07.282 [Test worker] DEBUG o.h.p.w.spi.MetamodelGraphWalker - Visiting attribute path : connected_virtual_link.status
13:23:07.282 [Test worker] DEBUG o.h.p.w.spi.MetamodelGraphWalker - Visiting attribute path : connected_virtual_link.test_access
13:23:07.282 [Test worker] DEBUG o.h.p.w.spi.MetamodelGraphWalker - Visiting attribute path : connected_virtual_link.vendor
13:23:07.282 [Test worker] DEBUG o.h.p.w.spi.MetamodelGraphWalker - Visiting attribute path : connected_virtual_link.version
13:23:07.282 [Test worker] DEBUG o.h.p.w.spi.MetamodelGraphWalker - Visiting attribute path : connected_virtual_link.vim_id
13:23:07.282 [Test worker] DEBUG o.h.p.w.spi.MetamodelGraphWalker - Visiting attribute path : connected_virtual_link.vnffgr_reference
13:23:07.282 [Test worker] DEBUG o.h.l.p.b.i.spaces.QuerySpacesImpl - Adding QuerySpace : uid = <gen:5> -> org.hibernate.loader.plan.build.internal.spaces.CollectionQuerySpaceImpl@764ff6cb]
13:23:07.282 [Test worker] DEBUG o.h.l.p.b.i.spaces.QuerySpacesImpl - Adding QuerySpace : uid = <gen:6> -> org.hibernate.loader.plan.build.internal.spaces.EntityQuerySpaceImpl@7bd3c61b]
13:23:07.282 [Test worker] DEBUG o.h.p.w.spi.MetamodelGraphWalker - Visiting attribute path : connected_virtual_link.vnffgr_reference.audit_log
13:23:07.282 [Test worker] DEBUG o.h.p.w.spi.MetamodelGraphWalker - Visiting attribute path : connected_virtual_link.vnffgr_reference.connection_point
13:23:07.283 [Test worker] DEBUG o.h.l.p.b.i.spaces.QuerySpacesImpl - Adding QuerySpace : uid = <gen:7> -> org.hibernate.loader.plan.build.internal.spaces.CollectionQuerySpaceImpl@5a7a9573]
13:23:07.283 [Test worker] DEBUG o.h.l.p.b.i.spaces.QuerySpacesImpl - Adding QuerySpace : uid = <gen:8> -> org.hibernate.loader.plan.build.internal.spaces.EntityQuerySpaceImpl@25e9df6d]
13:23:07.283 [Test worker] DEBUG o.h.p.w.spi.MetamodelGraphWalker - Visiting attribute path : connected_virtual_link.vnffgr_reference.dependent_virtual_link
13:23:07.283 [Test worker] DEBUG o.h.l.p.b.i.spaces.QuerySpacesImpl - Adding QuerySpace : uid = <gen:9> -> org.hibernate.loader.plan.build.internal.spaces.CollectionQuerySpaceImpl@1d4b808d]
13:23:07.283 [Test worker] DEBUG o.h.l.p.b.i.spaces.QuerySpacesImpl - Adding QuerySpace : uid = <gen:10> -> org.hibernate.loader.plan.build.internal.spaces.EntityQuerySpaceImpl@47e4b801]
13:23:07.283 [Test worker] DEBUG o.h.p.w.spi.MetamodelGraphWalker - Visiting attribute path : connected_virtual_link.vnffgr_reference.descriptor_reference
13:23:07.283 [Test worker] DEBUG o.h.l.p.b.i.spaces.QuerySpacesImpl - Adding QuerySpace : uid = <gen:11> -> org.hibernate.loader.plan.build.internal.spaces.EntityQuerySpaceImpl@78ec6e86]
13:23:07.283 [Test worker] DEBUG o.h.p.w.spi.MetamodelGraphWalker - Visiting attribute path : connected_virtual_link.vnffgr_reference.lifecycle_event_history
13:23:07.283 [Test worker] DEBUG o.h.l.p.b.i.spaces.QuerySpacesImpl - Adding QuerySpace : uid = <gen:12> -> org.hibernate.loader.plan.build.internal.spaces.CollectionQuerySpaceImpl@6a4c5d6f]
13:23:07.283 [Test worker] DEBUG o.h.l.p.b.i.spaces.QuerySpacesImpl - Adding QuerySpace : uid = <gen:13> -> org.hibernate.loader.plan.build.internal.spaces.EntityQuerySpaceImpl@3b8a58ee]
13:23:07.283 [Test worker] DEBUG o.h.p.w.spi.MetamodelGraphWalker - Visiting attribute path : connected_virtual_link.vnffgr_reference.member_vnfs
13:23:07.283 [Test worker] DEBUG o.h.l.p.b.i.spaces.QuerySpacesImpl - Adding QuerySpace : uid = <gen:14> -> org.hibernate.loader.plan.build.internal.spaces.CollectionQuerySpaceImpl@77d48fcb]
13:23:07.283 [Test worker] DEBUG o.h.l.p.b.i.spaces.QuerySpacesImpl - Adding QuerySpace : uid = <gen:15> -> org.hibernate.loader.plan.build.internal.spaces.EntityQuerySpaceImpl@242c95e3]
13:23:07.283 [Test worker] DEBUG o.h.p.w.spi.MetamodelGraphWalker - Visiting attribute path : connected_virtual_link.vnffgr_reference.network_forwarding_path
13:23:07.283 [Test worker] DEBUG o.h.l.p.b.i.spaces.QuerySpacesImpl - Adding QuerySpace : uid = <gen:16> -> org.hibernate.loader.plan.build.internal.spaces.EntityQuerySpaceImpl@6b247ca2]
13:23:07.283 [Test worker] DEBUG o.h.p.w.spi.MetamodelGraphWalker - Visiting attribute path : connected_virtual_link.vnffgr_reference.notification
13:23:07.283 [Test worker] DEBUG o.h.p.w.spi.MetamodelGraphWalker - Visiting attribute path : connected_virtual_link.vnffgr_reference.number_of_endpoints
13:23:07.283 [Test worker] DEBUG o.h.p.w.spi.MetamodelGraphWalker - Visiting attribute path : connected_virtual_link.vnffgr_reference.number_of_pnfs
13:23:07.283 [Test worker] DEBUG o.h.p.w.spi.MetamodelGraphWalker - Visiting attribute path : connected_virtual_link.vnffgr_reference.number_of_virtual_links
13:23:07.283 [Test worker] DEBUG o.h.p.w.spi.MetamodelGraphWalker - Visiting attribute path : connected_virtual_link.vnffgr_reference.number_of_vnfs
13:23:07.283 [Test worker] DEBUG o.h.p.w.spi.MetamodelGraphWalker - Visiting attribute path : connected_virtual_link.vnffgr_reference.parent_ns
13:23:07.283 [Test worker] DEBUG o.h.l.p.b.i.spaces.QuerySpacesImpl - Adding QuerySpace : uid = <gen:17> -> org.hibernate.loader.plan.build.internal.spaces.EntityQuerySpaceImpl@2872a6a2]
13:23:07.283 [Test worker] DEBUG o.h.p.w.spi.MetamodelGraphWalker - Visiting attribute path : connected_virtual_link.vnffgr_reference.status
13:23:07.283 [Test worker] DEBUG o.h.p.w.spi.MetamodelGraphWalker - Visiting attribute path : connected_virtual_link.vnffgr_reference.vendor
13:23:07.283 [Test worker] DEBUG o.h.p.w.spi.MetamodelGraphWalker - Visiting attribute path : connected_virtual_link.vnffgr_reference.version
13:23:07.284 [Test worker] DEBUG o.h.p.w.spi.MetamodelGraphWalker - Visiting attribute path : connection_point
13:23:07.284 [Test worker] DEBUG o.h.l.p.b.i.spaces.QuerySpacesImpl - Adding QuerySpace : uid = <gen:18> -> org.hibernate.loader.plan.build.internal.spaces.CollectionQuerySpaceImpl@7f19ea6c]
13:23:07.284 [Test worker] DEBUG o.h.l.p.b.i.spaces.QuerySpacesImpl - Adding QuerySpace : uid = <gen:19> -> org.hibernate.loader.plan.build.internal.spaces.EntityQuerySpaceImpl@7e6d99a4]
13:23:07.284 [Test worker] DEBUG o.h.p.w.spi.MetamodelGraphWalker - Visiting attribute path : connection_point.type
13:23:07.284 [Test worker] DEBUG o.h.p.w.spi.MetamodelGraphWalker - Visiting attribute path : connection_point.version
13:23:07.284 [Test worker] DEBUG o.h.p.w.spi.MetamodelGraphWalker - Visiting attribute path : connection_point.virtual_link_reference
13:23:07.284 [Test worker] DEBUG o.h.p.w.spi.MetamodelGraphWalker - Visiting attribute path : description
13:23:07.284 [Test worker] DEBUG o.h.p.w.spi.MetamodelGraphWalker - Visiting attribute path : descriptor_reference
13:23:07.284 [Test worker] DEBUG o.h.l.p.b.i.spaces.QuerySpacesImpl - Adding QuerySpace : uid = <gen:20> -> org.hibernate.loader.plan.build.internal.spaces.EntityQuerySpaceImpl@1e50aab]
13:23:07.284 [Test worker] DEBUG o.h.p.w.spi.MetamodelGraphWalker - Visiting attribute path : descriptor_reference.connection_point
13:23:07.284 [Test worker] DEBUG o.h.p.w.spi.MetamodelGraphWalker - Visiting attribute path : descriptor_reference.description
13:23:07.284 [Test worker] DEBUG o.h.p.w.spi.MetamodelGraphWalker - Visiting attribute path : descriptor_reference.descriptor_version
13:23:07.284 [Test worker] DEBUG o.h.p.w.spi.MetamodelGraphWalker - Visiting attribute path : descriptor_reference.hb_version
13:23:07.284 [Test worker] DEBUG o.h.p.w.spi.MetamodelGraphWalker - Visiting attribute path : descriptor_reference.pnfd_security
13:23:07.284 [Test worker] DEBUG o.h.l.p.b.i.spaces.QuerySpacesImpl - Adding QuerySpace : uid = <gen:21> -> org.hibernate.loader.plan.build.internal.spaces.EntityQuerySpaceImpl@483b961d]
13:23:07.284 [Test worker] DEBUG o.h.p.w.spi.MetamodelGraphWalker - Visiting attribute path : descriptor_reference.pnfd_security.version
13:23:07.284 [Test worker] DEBUG o.h.p.w.spi.MetamodelGraphWalker - Visiting attribute path : descriptor_reference.vendor
13:23:07.284 [Test worker] DEBUG o.h.p.w.spi.MetamodelGraphWalker - Visiting attribute path : descriptor_reference.version
13:23:07.284 [Test worker] DEBUG o.h.p.w.spi.MetamodelGraphWalker - Visiting attribute path : oam_reference
13:23:07.285 [Test worker] DEBUG o.h.p.w.spi.MetamodelGraphWalker - Visiting attribute path : parent_ns
13:23:07.285 [Test worker] DEBUG o.h.l.p.b.i.spaces.QuerySpacesImpl - Adding QuerySpace : uid = <gen:22> -> org.hibernate.loader.plan.build.internal.spaces.EntityQuerySpaceImpl@55d93af2]
13:23:07.285 [Test worker] DEBUG o.h.p.w.spi.MetamodelGraphWalker - Visiting attribute path : parent_ns.audit_log
13:23:07.285 [Test worker] DEBUG o.h.p.w.spi.MetamodelGraphWalker - Visiting attribute path : parent_ns.auto_scale_policy
13:23:07.285 [Test worker] DEBUG o.h.l.p.b.i.spaces.QuerySpacesImpl - Adding QuerySpace : uid = <gen:23> -> org.hibernate.loader.plan.build.internal.spaces.CollectionQuerySpaceImpl@7a7227e6]
13:23:07.285 [Test worker] DEBUG o.h.l.p.b.i.spaces.QuerySpacesImpl - Adding QuerySpace : uid = <gen:24> -> org.hibernate.loader.plan.build.internal.spaces.EntityQuerySpaceImpl@5c99abd7]
13:23:07.285 [Test worker] DEBUG o.h.p.w.spi.MetamodelGraphWalker - Visiting attribute path : parent_ns.auto_scale_policy.version
13:23:07.285 [Test worker] DEBUG o.h.p.w.spi.MetamodelGraphWalker - Visiting attribute path : parent_ns.connection_point
13:23:07.285 [Test worker] DEBUG o.h.l.p.b.i.spaces.QuerySpacesImpl - Adding QuerySpace : uid = <gen:25> -> org.hibernate.loader.plan.build.internal.spaces.CollectionQuerySpaceImpl@7a603edf]
13:23:07.285 [Test worker] DEBUG o.h.l.p.b.i.spaces.QuerySpacesImpl - Adding QuerySpace : uid = <gen:26> -> org.hibernate.loader.plan.build.internal.spaces.EntityQuerySpaceImpl@44bfe13d]
13:23:07.285 [Test worker] DEBUG o.h.p.w.spi.MetamodelGraphWalker - Visiting attribute path : parent_ns.connection_point.type
13:23:07.285 [Test worker] DEBUG o.h.p.w.spi.MetamodelGraphWalker - Visiting attribute path : parent_ns.connection_point.version
13:23:07.285 [Test worker] DEBUG o.h.p.w.spi.MetamodelGraphWalker - Visiting attribute path : parent_ns.connection_point.virtual_link_reference
13:23:07.285 [Test worker] DEBUG o.h.p.w.spi.MetamodelGraphWalker - Visiting attribute path : parent_ns.descriptor_reference
13:23:07.285 [Test worker] DEBUG o.h.l.p.b.i.spaces.QuerySpacesImpl - Adding QuerySpace : uid = <gen:27> -> org.hibernate.loader.plan.build.internal.spaces.EntityQuerySpaceImpl@488878cd]
13:23:07.285 [Test worker] DEBUG o.h.p.w.spi.MetamodelGraphWalker - Visiting attribute path : parent_ns.descriptor_reference.auto_scale_policy
13:23:07.285 [Test worker] DEBUG o.h.p.w.spi.MetamodelGraphWalker - Visiting attribute path : parent_ns.descriptor_reference.connection_point
13:23:07.285 [Test worker] DEBUG o.h.p.w.spi.MetamodelGraphWalker - Visiting attribute path : parent_ns.descriptor_reference.hb_version
13:23:07.285 [Test worker] DEBUG o.h.p.w.spi.MetamodelGraphWalker - Visiting attribute path : parent_ns.descriptor_reference.lifecycle_event
13:23:07.285 [Test worker] DEBUG o.h.p.w.spi.MetamodelGraphWalker - Visiting attribute path : parent_ns.descriptor_reference.monitoring_parameter
13:23:07.286 [Test worker] DEBUG o.h.l.p.b.i.spaces.QuerySpacesImpl - Adding QuerySpace : uid = <gen:28> -> org.hibernate.loader.plan.build.internal.spaces.CollectionQuerySpaceImpl@8c09fa7]
13:23:07.286 [Test worker] DEBUG o.h.p.w.spi.MetamodelGraphWalker - Visiting attribute path : parent_ns.descriptor_reference.service_deployment_flavour
13:23:07.286 [Test worker] DEBUG o.h.p.w.spi.MetamodelGraphWalker - Visiting attribute path : parent_ns.descriptor_reference.vendor
13:23:07.286 [Test worker] DEBUG o.h.p.w.spi.MetamodelGraphWalker - Visiting attribute path : parent_ns.descriptor_reference.version
13:23:07.286 [Test worker] DEBUG o.h.p.w.spi.MetamodelGraphWalker - Visiting attribute path : parent_ns.descriptor_reference.vld
13:23:07.286 [Test worker] DEBUG o.h.p.w.spi.MetamodelGraphWalker - Visiting attribute path : parent_ns.descriptor_reference.vnffgd
13:23:07.286 [Test worker] DEBUG o.h.p.w.spi.MetamodelGraphWalker - Visiting attribute path : parent_ns.descriptor_reference.deployment_flavour
13:23:07.286 [Test worker] DEBUG o.h.l.p.b.i.spaces.QuerySpacesImpl - Adding QuerySpace : uid = <gen:29> -> org.hibernate.loader.plan.build.internal.spaces.CollectionQuerySpaceImpl@1e31916e]
13:23:07.286 [Test worker] DEBUG o.h.l.p.b.i.spaces.QuerySpacesImpl - Adding QuerySpace : uid = <gen:30> -> org.hibernate.loader.plan.build.internal.spaces.EntityQuerySpaceImpl@4842dc3e]
13:23:07.286 [Test worker] DEBUG o.h.p.w.spi.MetamodelGraphWalker - Visiting attribute path : parent_ns.descriptor_reference.descriptor_version
13:23:07.286 [Test worker] DEBUG o.h.p.w.spi.MetamodelGraphWalker - Visiting attribute path : parent_ns.descriptor_reference.manifest_file
13:23:07.286 [Test worker] DEBUG o.h.p.w.spi.MetamodelGraphWalker - Visiting attribute path : parent_ns.descriptor_reference.manifest_file_security
13:23:07.286 [Test worker] DEBUG o.h.p.w.spi.MetamodelGraphWalker - Visiting attribute path : parent_ns.descriptor_reference.vdu
13:23:07.286 [Test worker] DEBUG o.h.p.w.spi.MetamodelGraphWalker - Visiting attribute path : parent_ns.descriptor_reference.vdu_dependency
13:23:07.286 [Test worker] DEBUG o.h.p.w.spi.MetamodelGraphWalker - Visiting attribute path : parent_ns.descriptor_reference.virtual_link
13:23:07.286 [Test worker] DEBUG o.h.p.w.spi.MetamodelGraphWalker - Visiting attribute path : parent_ns.descriptor_reference.nsd_security
13:23:07.286 [Test worker] DEBUG o.h.l.p.b.i.spaces.QuerySpacesImpl - Adding QuerySpace : uid = <gen:31> -> org.hibernate.loader.plan.build.internal.spaces.EntityQuerySpaceImpl@1d898f82]
13:23:07.286 [Test worker] DEBUG o.h.p.w.spi.MetamodelGraphWalker - Visiting attribute path : parent_ns.descriptor_reference.pnfd
13:23:07.286 [Test worker] DEBUG o.h.p.w.spi.MetamodelGraphWalker - Visiting attribute path : parent_ns.descriptor_reference.vnf_dependency
13:23:07.286 [Test worker] DEBUG o.h.l.p.b.i.spaces.QuerySpacesImpl - Adding QuerySpace : uid = <gen:32> -> org.hibernate.loader.plan.build.internal.spaces.CollectionQuerySpaceImpl@322caef4]
13:23:07.286 [Test worker] DEBUG o.h.l.p.b.i.spaces.QuerySpacesImpl - Adding QuerySpace : uid = <gen:33> -> org.hibernate.loader.plan.build.internal.spaces.EntityQuerySpaceImpl@13922ee8]
13:23:07.286 [Test worker] DEBUG o.h.p.w.spi.MetamodelGraphWalker - Visiting attribute path : parent_ns.descriptor_reference.vnfd
13:23:07.286 [Test worker] DEBUG o.h.l.p.b.i.spaces.QuerySpacesImpl - Adding QuerySpace : uid = <gen:34> -> org.hibernate.loader.plan.build.internal.spaces.CollectionQuerySpaceImpl@62458b61]
13:23:07.286 [Test worker] DEBUG o.h.l.p.b.i.spaces.QuerySpacesImpl - Adding QuerySpace : uid = <gen:35> -> org.hibernate.loader.plan.build.internal.spaces.EntityQuerySpaceImpl@43c1bfae]
13:23:07.287 [Test worker] DEBUG o.h.p.w.spi.MetamodelGraphWalker - Visiting attribute path : parent_ns.lifecycle_event
13:23:07.287 [Test worker] DEBUG o.h.l.p.b.i.spaces.QuerySpacesImpl - Adding QuerySpace : uid = <gen:36> -> org.hibernate.loader.plan.build.internal.spaces.EntityQuerySpaceImpl@650f5b42]
13:23:07.287 [Test worker] DEBUG o.h.p.w.spi.MetamodelGraphWalker - Visiting attribute path : parent_ns.lifecycle_event.lifecycle_events
13:23:07.287 [Test worker] DEBUG o.h.p.w.spi.MetamodelGraphWalker - Visiting attribute path : parent_ns.lifecycle_event.version
13:23:07.287 [Test worker] DEBUG o.h.p.w.spi.MetamodelGraphWalker - Visiting attribute path : parent_ns.lifecycle_event_history
13:23:07.287 [Test worker] DEBUG o.h.l.p.b.i.spaces.QuerySpacesImpl - Adding QuerySpace : uid = <gen:37> -> org.hibernate.loader.plan.build.internal.spaces.CollectionQuerySpaceImpl@1498ecc0]
13:23:07.287 [Test worker] DEBUG o.h.l.p.b.i.spaces.QuerySpacesImpl - Adding QuerySpace : uid = <gen:38> -> org.hibernate.loader.plan.build.internal.spaces.EntityQuerySpaceImpl@43df3bd0]
13:23:07.287 [Test worker] DEBUG o.h.p.w.spi.MetamodelGraphWalker - Visiting attribute path : parent_ns.lifecycle_event_history.lifecycle_events
13:23:07.287 [Test worker] DEBUG o.h.p.w.spi.MetamodelGraphWalker - Visiting attribute path : parent_ns.lifecycle_event_history.version
13:23:07.287 [Test worker] DEBUG o.h.p.w.spi.MetamodelGraphWalker - Visiting attribute path : parent_ns.monitoring_parameter
13:23:07.287 [Test worker] DEBUG o.h.p.w.spi.MetamodelGraphWalker - Visiting attribute path : parent_ns.notification
13:23:07.287 [Test worker] DEBUG o.h.p.w.spi.MetamodelGraphWalker - Visiting attribute path : parent_ns.pnfr
13:23:07.287 [Test worker] DEBUG o.h.l.p.b.i.spaces.QuerySpacesImpl - Adding QuerySpace : uid = <gen:39> -> org.hibernate.loader.plan.build.internal.spaces.CollectionQuerySpaceImpl@796244fa]
13:23:07.287 [Test worker] DEBUG o.h.l.p.b.i.spaces.QuerySpacesImpl - Adding QuerySpace : uid = <gen:40> -> org.hibernate.loader.plan.build.internal.spaces.EntityQuerySpaceImpl@229eb758]
13:23:07.287 [Test worker] DEBUG o.h.p.w.spi.MetamodelGraphWalker - Visiting attribute path : parent_ns.pnfr.connected_virtual_link
13:23:07.287 [Test worker] DEBUG o.h.p.w.spi.MetamodelGraphWalker - Property path deemed to be circular : parent_ns.pnfr.connected_virtual_link
13:23:07.287 [Test worker] DEBUG o.h.p.w.spi.MetamodelGraphWalker - Visiting attribute path : parent_ns.pnfr.connection_point
13:23:07.288 [Test worker] DEBUG o.h.p.w.spi.MetamodelGraphWalker - Property path deemed to be circular : parent_ns.pnfr.connection_point
13:23:07.288 [Test worker] DEBUG o.h.p.w.spi.MetamodelGraphWalker - Visiting attribute path : parent_ns.pnfr.description
13:23:07.288 [Test worker] DEBUG o.h.p.w.spi.MetamodelGraphWalker - Visiting attribute path : parent_ns.pnfr.descriptor_reference
13:23:07.288 [Test worker] DEBUG o.h.p.w.spi.MetamodelGraphWalker - Property path deemed to be circular : parent_ns.pnfr.descriptor_reference
13:23:07.288 [Test worker] DEBUG o.h.p.w.spi.MetamodelGraphWalker - Visiting attribute path : parent_ns.pnfr.oam_reference
13:23:07.288 [Test worker] DEBUG o.h.p.w.spi.MetamodelGraphWalker - Visiting attribute path : parent_ns.pnfr.parent_ns
13:23:07.288 [Test worker] DEBUG o.h.p.w.spi.MetamodelGraphWalker - Property path deemed to be circular : parent_ns.pnfr.parent_ns
13:23:07.288 [Test worker] DEBUG o.h.p.w.spi.MetamodelGraphWalker - Visiting attribute path : parent_ns.pnfr.pnf_address
13:23:07.288 [Test worker] DEBUG o.h.p.w.spi.MetamodelGraphWalker - Visiting attribute path : parent_ns.pnfr.vendor
13:23:07.288 [Test worker] DEBUG o.h.p.w.spi.MetamodelGraphWalker - Visiting attribute path : parent_ns.pnfr.version
13:23:07.288 [Test worker] DEBUG o.h.p.w.spi.MetamodelGraphWalker - Visiting attribute path : parent_ns.pnfr.vnffgr
13:23:07.288 [Test worker] DEBUG o.h.l.p.b.i.spaces.QuerySpacesImpl - Adding QuerySpace : uid = <gen:41> -> org.hibernate.loader.plan.build.internal.spaces.CollectionQuerySpaceImpl@25c940c4]
13:23:07.288 [Test worker] DEBUG o.h.l.p.b.i.spaces.QuerySpacesImpl - Adding QuerySpace : uid = <gen:42> -> org.hibernate.loader.plan.build.internal.spaces.EntityQuerySpaceImpl@3fbb173d]
13:23:07.288 [Test worker] DEBUG o.h.p.w.spi.MetamodelGraphWalker - Visiting attribute path : parent_ns.resource_reservation
13:23:07.288 [Test worker] DEBUG o.h.p.w.spi.MetamodelGraphWalker - Visiting attribute path : parent_ns.runtime_policy_info
13:23:07.288 [Test worker] DEBUG o.h.p.w.spi.MetamodelGraphWalker - Visiting attribute path : parent_ns.service_deployment_flavour
13:23:07.288 [Test worker] DEBUG o.h.l.p.b.i.spaces.QuerySpacesImpl - Adding QuerySpace : uid = <gen:43> -> org.hibernate.loader.plan.build.internal.spaces.EntityQuerySpaceImpl@13f2c67b]
13:23:07.288 [Test worker] DEBUG o.h.p.w.spi.MetamodelGraphWalker - Visiting attribute path : parent_ns.service_deployment_flavour.flavour_key
13:23:07.288 [Test worker] DEBUG o.h.p.w.spi.MetamodelGraphWalker - Visiting attribute path : parent_ns.service_deployment_flavour.version
13:23:07.288 [Test worker] DEBUG o.h.p.w.spi.MetamodelGraphWalker - Visiting attribute path : parent_ns.service_deployment_flavour.constituent_vnf
13:23:07.288 [Test worker] DEBUG o.h.p.w.spi.MetamodelGraphWalker - Visiting attribute path : parent_ns.status
13:23:07.288 [Test worker] DEBUG o.h.p.w.spi.MetamodelGraphWalker - Visiting attribute path : parent_ns.vendor
13:23:07.288 [Test worker] DEBUG o.h.p.w.spi.MetamodelGraphWalker - Visiting attribute path : parent_ns.version
13:23:07.288 [Test worker] DEBUG o.h.p.w.spi.MetamodelGraphWalker - Visiting attribute path : parent_ns.vlr
13:23:07.288 [Test worker] DEBUG o.h.l.p.b.i.spaces.QuerySpacesImpl - Adding QuerySpace : uid = <gen:44> -> org.hibernate.loader.plan.build.internal.spaces.CollectionQuerySpaceImpl@65f673ad]
13:23:07.288 [Test worker] DEBUG o.h.l.p.b.i.spaces.QuerySpacesImpl - Adding QuerySpace : uid = <gen:45> -> org.hibernate.loader.plan.build.internal.spaces.EntityQuerySpaceImpl@17249727]
13:23:07.289 [Test worker] DEBUG o.h.p.w.spi.MetamodelGraphWalker - Visiting attribute path : parent_ns.vlr.allocated_capacity
13:23:07.289 [Test worker] DEBUG o.h.p.w.spi.MetamodelGraphWalker - Visiting attribute path : parent_ns.vlr.audit_log
13:23:07.289 [Test worker] DEBUG o.h.p.w.spi.MetamodelGraphWalker - Visiting attribute path : parent_ns.vlr.connection
13:23:07.289 [Test worker] DEBUG o.h.p.w.spi.MetamodelGraphWalker - Visiting attribute path : parent_ns.vlr.connectivity_type
13:23:07.289 [Test worker] DEBUG o.h.p.w.spi.MetamodelGraphWalker - Visiting attribute path : parent_ns.vlr.descriptor_reference
13:23:07.289 [Test worker] DEBUG o.h.p.w.spi.MetamodelGraphWalker - Visiting attribute path : parent_ns.vlr.leaf_requirement
13:23:07.289 [Test worker] DEBUG o.h.p.w.spi.MetamodelGraphWalker - Visiting attribute path : parent_ns.vlr.lifecycle_event_history
13:23:07.289 [Test worker] DEBUG o.h.p.w.spi.MetamodelGraphWalker - Property path deemed to be circular : parent_ns.vlr.lifecycle_event_history
13:23:07.289 [Test worker] DEBUG o.h.p.w.spi.MetamodelGraphWalker - Visiting attribute path : parent_ns.vlr.notification
13:23:07.289 [Test worker] DEBUG o.h.p.w.spi.MetamodelGraphWalker - Visiting attribute path : parent_ns.vlr.number_of_enpoints
13:23:07.289 [Test worker] DEBUG o.h.p.w.spi.MetamodelGraphWalker - Visiting attribute path : parent_ns.vlr.parent_ns
13:23:07.289 [Test worker] DEBUG o.h.p.w.spi.MetamodelGraphWalker - Visiting attribute path : parent_ns.vlr.qos
13:23:07.289 [Test worker] DEBUG o.h.p.w.spi.MetamodelGraphWalker - Visiting attribute path : parent_ns.vlr.root_requirement
13:23:07.289 [Test worker] DEBUG o.h.p.w.spi.MetamodelGraphWalker - Visiting attribute path : parent_ns.vlr.status
13:23:07.289 [Test worker] DEBUG o.h.p.w.spi.MetamodelGraphWalker - Visiting attribute path : parent_ns.vlr.test_access
13:23:07.289 [Test worker] DEBUG o.h.p.w.spi.MetamodelGraphWalker - Visiting attribute path : parent_ns.vlr.vendor
13:23:07.289 [Test worker] DEBUG o.h.p.w.spi.MetamodelGraphWalker - Visiting attribute path : parent_ns.vlr.version
13:23:07.289 [Test worker] DEBUG o.h.p.w.spi.MetamodelGraphWalker - Visiting attribute path : parent_ns.vlr.vim_id
13:23:07.289 [Test worker] DEBUG o.h.p.w.spi.MetamodelGraphWalker - Visiting attribute path : parent_ns.vlr.vnffgr_reference
13:23:07.289 [Test worker] DEBUG o.h.p.w.spi.MetamodelGraphWalker - Property path deemed to be circular : parent_ns.vlr.vnffgr_reference
13:23:07.289 [Test worker] DEBUG o.h.p.w.spi.MetamodelGraphWalker - Visiting attribute path : parent_ns.vnf_dependency
13:23:07.289 [Test worker] DEBUG o.h.l.p.b.i.spaces.QuerySpacesImpl - Adding QuerySpace : uid = <gen:46> -> org.hibernate.loader.plan.build.internal.spaces.CollectionQuerySpaceImpl@71effafc]
13:23:07.289 [Test worker] DEBUG o.h.l.p.b.i.spaces.QuerySpacesImpl - Adding QuerySpace : uid = <gen:47> -> org.hibernate.loader.plan.build.internal.spaces.EntityQuerySpaceImpl@4246f0d4]
13:23:07.289 [Test worker] DEBUG o.h.p.w.spi.MetamodelGraphWalker - Visiting attribute path : parent_ns.vnf_dependency.source
13:23:07.289 [Test worker] DEBUG o.h.l.p.b.i.spaces.QuerySpacesImpl - Adding QuerySpace : uid = <gen:48> -> org.hibernate.loader.plan.build.internal.spaces.EntityQuerySpaceImpl@3190e33f]
13:23:07.289 [Test worker] DEBUG o.h.p.w.spi.MetamodelGraphWalker - Visiting attribute path : parent_ns.vnf_dependency.target
13:23:07.289 [Test worker] DEBUG o.h.l.p.b.i.spaces.QuerySpacesImpl - Adding QuerySpace : uid = <gen:49> -> org.hibernate.loader.plan.build.internal.spaces.EntityQuerySpaceImpl@1f375685]
13:23:07.289 [Test worker] DEBUG o.h.p.w.spi.MetamodelGraphWalker - Visiting attribute path : parent_ns.vnf_dependency.version
13:23:07.289 [Test worker] DEBUG o.h.p.w.spi.MetamodelGraphWalker - Visiting attribute path : parent_ns.vnffgr
13:23:07.289 [Test worker] DEBUG o.h.l.p.b.i.spaces.QuerySpacesImpl - Adding QuerySpace : uid = <gen:50> -> org.hibernate.loader.plan.build.internal.spaces.CollectionQuerySpaceImpl@6a1145c5]
13:23:07.290 [Test worker] DEBUG o.h.l.p.b.i.spaces.QuerySpacesImpl - Adding QuerySpace : uid = <gen:51> -> org.hibernate.loader.plan.build.internal.spaces.EntityQuerySpaceImpl@13fbbeea]
13:23:07.290 [Test worker] DEBUG o.h.p.w.spi.MetamodelGraphWalker - Visiting attribute path : parent_ns.vnffgr.connection_point
13:23:07.290 [Test worker] DEBUG o.h.p.w.spi.MetamodelGraphWalker - Visiting attribute path : parent_ns.vnffgr.constituent_vnfs
13:23:07.290 [Test worker] DEBUG o.h.p.w.spi.MetamodelGraphWalker - Visiting attribute path : parent_ns.vnffgr.dependent_virtual_link
13:23:07.290 [Test worker] DEBUG o.h.p.w.spi.MetamodelGraphWalker - Visiting attribute path : parent_ns.vnffgr.descriptor_version
13:23:07.290 [Test worker] DEBUG o.h.p.w.spi.MetamodelGraphWalker - Visiting attribute path : parent_ns.vnffgr.hb_version
13:23:07.290 [Test worker] DEBUG o.h.p.w.spi.MetamodelGraphWalker - Visiting attribute path : parent_ns.vnffgr.network_forwarding_path
13:23:07.290 [Test worker] DEBUG o.h.p.w.spi.MetamodelGraphWalker - Visiting attribute path : parent_ns.vnffgr.number_of_endpoints
13:23:07.290 [Test worker] DEBUG o.h.p.w.spi.MetamodelGraphWalker - Visiting attribute path : parent_ns.vnffgr.number_of_virtual_links
13:23:07.290 [Test worker] DEBUG o.h.p.w.spi.MetamodelGraphWalker - Visiting attribute path : parent_ns.vnffgr.vendor
13:23:07.290 [Test worker] DEBUG o.h.p.w.spi.MetamodelGraphWalker - Visiting attribute path : parent_ns.vnffgr.version
13:23:07.290 [Test worker] DEBUG o.h.p.w.spi.MetamodelGraphWalker - Visiting attribute path : parent_ns.vnffgr.vnffgd_security
13:23:07.290 [Test worker] DEBUG o.h.l.p.b.i.spaces.QuerySpacesImpl - Adding QuerySpace : uid = <gen:52> -> org.hibernate.loader.plan.build.internal.spaces.EntityQuerySpaceImpl@5d098870]
13:23:07.290 [Test worker] DEBUG o.h.p.w.spi.MetamodelGraphWalker - Visiting attribute path : parent_ns.vnfr
13:23:07.290 [Test worker] DEBUG o.h.l.p.b.i.spaces.QuerySpacesImpl - Adding QuerySpace : uid = <gen:53> -> org.hibernate.loader.plan.build.internal.spaces.EntityQuerySpaceImpl@1cdca0c8]
13:23:07.290 [Test worker] DEBUG o.h.p.w.spi.MetamodelGraphWalker - Visiting attribute path : parent_ns.vnfr.audit_log
13:23:07.290 [Test worker] DEBUG o.h.p.w.spi.MetamodelGraphWalker - Visiting attribute path : parent_ns.vnfr.auto_scale_policy
13:23:07.290 [Test worker] DEBUG o.h.l.p.b.i.spaces.QuerySpacesImpl - Adding QuerySpace : uid = <gen:54> -> org.hibernate.loader.plan.build.internal.spaces.CollectionQuerySpaceImpl@131c8e88]
13:23:07.290 [Test worker] DEBUG o.h.l.p.b.i.spaces.QuerySpacesImpl - Adding QuerySpace : uid = <gen:55> -> org.hibernate.loader.plan.build.internal.spaces.EntityQuerySpaceImpl@37d18c85]
13:23:07.290 [Test worker] DEBUG o.h.p.w.spi.MetamodelGraphWalker - Visiting attribute path : parent_ns.vnfr.connected_external_virtual_link
13:23:07.290 [Test worker] DEBUG o.h.l.p.b.i.spaces.QuerySpacesImpl - Adding QuerySpace : uid = <gen:56> -> org.hibernate.loader.plan.build.internal.spaces.CollectionQuerySpaceImpl@1e608c64]
13:23:07.290 [Test worker] DEBUG o.h.l.p.b.i.spaces.QuerySpacesImpl - Adding QuerySpace : uid = <gen:57> -> org.hibernate.loader.plan.build.internal.spaces.EntityQuerySpaceImpl@54a108d0]
13:23:07.291 [Test worker] DEBUG o.h.p.w.spi.MetamodelGraphWalker - Visiting attribute path : parent_ns.vnfr.connection_point
13:23:07.291 [Test worker] DEBUG o.h.l.p.b.i.spaces.QuerySpacesImpl - Adding QuerySpace : uid = <gen:58> -> org.hibernate.loader.plan.build.internal.spaces.CollectionQuerySpaceImpl@1849bb18]
13:23:07.291 [Test worker] DEBUG o.h.l.p.b.i.spaces.QuerySpacesImpl - Adding QuerySpace : uid = <gen:59> -> org.hibernate.loader.plan.build.internal.spaces.EntityQuerySpaceImpl@109a311d]
13:23:07.291 [Test worker] DEBUG o.h.p.w.spi.MetamodelGraphWalker - Visiting attribute path : parent_ns.vnfr.dependency
13:23:07.291 [Test worker] DEBUG o.h.l.p.b.i.spaces.QuerySpacesImpl - Adding QuerySpace : uid = <gen:60> -> org.hibernate.loader.plan.build.internal.spaces.CollectionQuerySpaceImpl@7b0e6f6e]
13:23:07.291 [Test worker] DEBUG o.h.l.p.b.i.spaces.QuerySpacesImpl - Adding QuerySpace : uid = <gen:61> -> org.hibernate.loader.plan.build.internal.spaces.EntityQuerySpaceImpl@70b5dddf]
13:23:07.291 [Test worker] DEBUG o.h.p.w.spi.MetamodelGraphWalker - Visiting attribute path : parent_ns.vnfr.deployment_flavour
13:23:07.291 [Test worker] DEBUG o.h.l.p.b.i.spaces.QuerySpacesImpl - Adding QuerySpace : uid = <gen:62> -> org.hibernate.loader.plan.build.internal.spaces.EntityQuerySpaceImpl@33f99548]
13:23:07.291 [Test worker] DEBUG o.h.p.w.spi.MetamodelGraphWalker - Visiting attribute path : parent_ns.vnfr.descriptor_reference
13:23:07.291 [Test worker] DEBUG o.h.p.w.spi.MetamodelGraphWalker - Visiting attribute path : parent_ns.vnfr.lifecycle_event
13:23:07.291 [Test worker] DEBUG o.h.l.p.b.i.spaces.QuerySpacesImpl - Adding QuerySpace : uid = <gen:63> -> org.hibernate.loader.plan.build.internal.spaces.EntityQuerySpaceImpl@46b7c4a0]
13:23:07.291 [Test worker] DEBUG o.h.p.w.spi.MetamodelGraphWalker - Visiting attribute path : parent_ns.vnfr.lifecycle_event_history
13:23:07.291 [Test worker] DEBUG o.h.l.p.b.i.spaces.QuerySpacesImpl - Adding QuerySpace : uid = <gen:64> -> org.hibernate.loader.plan.build.internal.spaces.CollectionQuerySpaceImpl@4ace08a5]
13:23:07.291 [Test worker] DEBUG o.h.l.p.b.i.spaces.QuerySpacesImpl - Adding QuerySpace : uid = <gen:65> -> org.hibernate.loader.plan.build.internal.spaces.EntityQuerySpaceImpl@1c99af01]
13:23:07.291 [Test worker] DEBUG o.h.p.w.spi.MetamodelGraphWalker - Visiting attribute path : parent_ns.vnfr.localization
13:23:07.291 [Test worker] DEBUG o.h.p.w.spi.MetamodelGraphWalker - Visiting attribute path : parent_ns.vnfr.monitoring_parameter
13:23:07.291 [Test worker] DEBUG o.h.p.w.spi.MetamodelGraphWalker - Visiting attribute path : parent_ns.vnfr.notification
13:23:07.291 [Test worker] DEBUG o.h.p.w.spi.MetamodelGraphWalker - Visiting attribute path : parent_ns.vnfr.parent_ns
13:23:07.291 [Test worker] DEBUG o.h.l.p.b.i.spaces.QuerySpacesImpl - Adding QuerySpace : uid = <gen:66> -> org.hibernate.loader.plan.build.internal.spaces.EntityQuerySpaceImpl@2db07952]
13:23:07.291 [Test worker] DEBUG o.h.p.w.spi.MetamodelGraphWalker - Visiting attribute path : parent_ns.vnfr.runtime_policy_info
13:23:07.291 [Test worker] DEBUG o.h.p.w.spi.MetamodelGraphWalker - Visiting attribute path : parent_ns.vnfr.status
13:23:07.291 [Test worker] DEBUG o.h.p.w.spi.MetamodelGraphWalker - Visiting attribute path : parent_ns.vnfr.vdu
13:23:07.292 [Test worker] DEBUG o.h.l.p.b.i.spaces.QuerySpacesImpl - Adding QuerySpace : uid = <gen:67> -> org.hibernate.loader.plan.build.internal.spaces.CollectionQuerySpaceImpl@1ced0ded]
13:23:07.292 [Test worker] DEBUG o.h.l.p.b.i.spaces.QuerySpacesImpl - Adding QuerySpace : uid = <gen:68> -> org.hibernate.loader.plan.build.internal.spaces.EntityQuerySpaceImpl@f2d5171]
13:23:07.292 [Test worker] DEBUG o.h.p.w.spi.MetamodelGraphWalker - Visiting attribute path : parent_ns.vnfr.vendor
13:23:07.292 [Test worker] DEBUG o.h.p.w.spi.MetamodelGraphWalker - Visiting attribute path : parent_ns.vnfr.version
13:23:07.292 [Test worker] DEBUG o.h.p.w.spi.MetamodelGraphWalker - Visiting attribute path : parent_ns.vnfr.virtual_link
13:23:07.292 [Test worker] DEBUG o.h.l.p.b.i.spaces.QuerySpacesImpl - Adding QuerySpace : uid = <gen:69> -> org.hibernate.loader.plan.build.internal.spaces.CollectionQuerySpaceImpl@683dd97f]
13:23:07.292 [Test worker] DEBUG o.h.l.p.b.i.spaces.QuerySpacesImpl - Adding QuerySpace : uid = <gen:70> -> org.hibernate.loader.plan.build.internal.spaces.EntityQuerySpaceImpl@34925650]
13:23:07.292 [Test worker] DEBUG o.h.p.w.spi.MetamodelGraphWalker - Visiting attribute path : parent_ns.vnfr.vnf_address
13:23:07.292 [Test worker] DEBUG o.h.p.w.spi.MetamodelGraphWalker - Visiting attribute path : parent_ns.vnfr.vnfm_id
13:23:07.292 [Test worker] DEBUG o.h.p.w.spi.MetamodelGraphWalker - Visiting attribute path : pnf_address
13:23:07.292 [Test worker] DEBUG o.h.p.w.spi.MetamodelGraphWalker - Visiting attribute path : vendor
13:23:07.292 [Test worker] DEBUG o.h.p.w.spi.MetamodelGraphWalker - Visiting attribute path : version
13:23:07.292 [Test worker] DEBUG o.h.p.w.spi.MetamodelGraphWalker - Visiting attribute path : vnffgr
13:23:07.292 [Test worker] DEBUG o.h.l.p.b.i.spaces.QuerySpacesImpl - Adding QuerySpace : uid = <gen:71> -> org.hibernate.loader.plan.build.internal.spaces.CollectionQuerySpaceImpl@7360b926]
13:23:07.292 [Test worker] DEBUG o.h.l.p.b.i.spaces.QuerySpacesImpl - Adding QuerySpace : uid = <gen:72> -> org.hibernate.loader.plan.build.internal.spaces.EntityQuerySpaceImpl@531ba8f7]
13:23:07.292 [Test worker] DEBUG o.h.p.w.spi.MetamodelGraphWalker - Visiting attribute path : vnffgr.audit_log
13:23:07.292 [Test worker] DEBUG o.h.p.w.spi.MetamodelGraphWalker - Visiting attribute path : vnffgr.connection_point
13:23:07.292 [Test worker] DEBUG o.h.l.p.b.i.spaces.QuerySpacesImpl - Adding QuerySpace : uid = <gen:73> -> org.hibernate.loader.plan.build.internal.spaces.CollectionQuerySpaceImpl@2f552dde]
13:23:07.292 [Test worker] DEBUG o.h.l.p.b.i.spaces.QuerySpacesImpl - Adding QuerySpace : uid = <gen:74> -> org.hibernate.loader.plan.build.internal.spaces.EntityQuerySpaceImpl@1366219]
13:23:07.292 [Test worker] DEBUG o.h.p.w.spi.MetamodelGraphWalker - Visiting attribute path : vnffgr.connection_point.type
13:23:07.292 [Test worker] DEBUG o.h.p.w.spi.MetamodelGraphWalker - Visiting attribute path : vnffgr.connection_point.version
13:23:07.292 [Test worker] DEBUG o.h.p.w.spi.MetamodelGraphWalker - Visiting attribute path : vnffgr.connection_point.virtual_link_reference
13:23:07.292 [Test worker] DEBUG o.h.p.w.spi.MetamodelGraphWalker - Visiting attribute path : vnffgr.dependent_virtual_link
13:23:07.293 [Test worker] DEBUG o.h.l.p.b.i.spaces.QuerySpacesImpl - Adding QuerySpace : uid = <gen:75> -> org.hibernate.loader.plan.build.internal.spaces.CollectionQuerySpaceImpl@11cb7a27]
13:23:07.293 [Test worker] DEBUG o.h.l.p.b.i.spaces.QuerySpacesImpl - Adding QuerySpace : uid = <gen:76> -> org.hibernate.loader.plan.build.internal.spaces.EntityQuerySpaceImpl@45c09f91]
13:23:07.293 [Test worker] DEBUG o.h.p.w.spi.MetamodelGraphWalker - Visiting attribute path : vnffgr.dependent_virtual_link.allocated_capacity
13:23:07.293 [Test worker] DEBUG o.h.p.w.spi.MetamodelGraphWalker - Visiting attribute path : vnffgr.dependent_virtual_link.audit_log
13:23:07.293 [Test worker] DEBUG o.h.p.w.spi.MetamodelGraphWalker - Visiting attribute path : vnffgr.dependent_virtual_link.connection
13:23:07.293 [Test worker] DEBUG o.h.p.w.spi.MetamodelGraphWalker - Visiting attribute path : vnffgr.dependent_virtual_link.connectivity_type
13:23:07.293 [Test worker] DEBUG o.h.p.w.spi.MetamodelGraphWalker - Visiting attribute path : vnffgr.dependent_virtual_link.descriptor_reference
13:23:07.293 [Test worker] DEBUG o.h.p.w.spi.MetamodelGraphWalker - Visiting attribute path : vnffgr.dependent_virtual_link.leaf_requirement
13:23:07.293 [Test worker] DEBUG o.h.p.w.spi.MetamodelGraphWalker - Visiting attribute path : vnffgr.dependent_virtual_link.lifecycle_event_history
13:23:07.293 [Test worker] DEBUG o.h.p.w.spi.MetamodelGraphWalker - Property path deemed to be circular : vnffgr.dependent_virtual_link.lifecycle_event_history
13:23:07.293 [Test worker] DEBUG o.h.p.w.spi.MetamodelGraphWalker - Visiting attribute path : vnffgr.dependent_virtual_link.notification
13:23:07.293 [Test worker] DEBUG o.h.p.w.spi.MetamodelGraphWalker - Visiting attribute path : vnffgr.dependent_virtual_link.number_of_enpoints
13:23:07.293 [Test worker] DEBUG o.h.p.w.spi.MetamodelGraphWalker - Visiting attribute path : vnffgr.dependent_virtual_link.parent_ns
13:23:07.293 [Test worker] DEBUG o.h.p.w.spi.MetamodelGraphWalker - Visiting attribute path : vnffgr.dependent_virtual_link.qos
13:23:07.293 [Test worker] DEBUG o.h.p.w.spi.MetamodelGraphWalker - Visiting attribute path : vnffgr.dependent_virtual_link.root_requirement
13:23:07.293 [Test worker] DEBUG o.h.p.w.spi.MetamodelGraphWalker - Visiting attribute path : vnffgr.dependent_virtual_link.status
13:23:07.293 [Test worker] DEBUG o.h.p.w.spi.MetamodelGraphWalker - Visiting attribute path : vnffgr.dependent_virtual_link.test_access
13:23:07.293 [Test worker] DEBUG o.h.p.w.spi.MetamodelGraphWalker - Visiting attribute path : vnffgr.dependent_virtual_link.vendor
13:23:07.293 [Test worker] DEBUG o.h.p.w.spi.MetamodelGraphWalker - Visiting attribute path : vnffgr.dependent_virtual_link.version
13:23:07.293 [Test worker] DEBUG o.h.p.w.spi.MetamodelGraphWalker - Visiting attribute path : vnffgr.dependent_virtual_link.vim_id
13:23:07.293 [Test worker] DEBUG o.h.p.w.spi.MetamodelGraphWalker - Visiting attribute path : vnffgr.dependent_virtual_link.vnffgr_reference
13:23:07.293 [Test worker] DEBUG o.h.p.w.spi.MetamodelGraphWalker - Property path deemed to be circular : vnffgr.dependent_virtual_link.vnffgr_reference
13:23:07.293 [Test worker] DEBUG o.h.p.w.spi.MetamodelGraphWalker - Visiting attribute path : vnffgr.descriptor_reference
13:23:07.293 [Test worker] DEBUG o.h.l.p.b.i.spaces.QuerySpacesImpl - Adding QuerySpace : uid = <gen:77> -> org.hibernate.loader.plan.build.internal.spaces.EntityQuerySpaceImpl@30d83d2b]
13:23:07.293 [Test worker] DEBUG o.h.p.w.spi.MetamodelGraphWalker - Visiting attribute path : vnffgr.descriptor_reference.connection_point
13:23:07.293 [Test worker] DEBUG o.h.p.w.spi.MetamodelGraphWalker - Visiting attribute path : vnffgr.descriptor_reference.constituent_vnfs
13:23:07.293 [Test worker] DEBUG o.h.p.w.spi.MetamodelGraphWalker - Visiting attribute path : vnffgr.descriptor_reference.dependent_virtual_link
13:23:07.293 [Test worker] DEBUG o.h.p.w.spi.MetamodelGraphWalker - Visiting attribute path : vnffgr.descriptor_reference.descriptor_version
13:23:07.293 [Test worker] DEBUG o.h.p.w.spi.MetamodelGraphWalker - Visiting attribute path : vnffgr.descriptor_reference.hb_version
13:23:07.293 [Test worker] DEBUG o.h.p.w.spi.MetamodelGraphWalker - Visiting attribute path : vnffgr.descriptor_reference.network_forwarding_path
13:23:07.294 [Test worker] DEBUG o.h.p.w.spi.MetamodelGraphWalker - Visiting attribute path : vnffgr.descriptor_reference.number_of_endpoints
13:23:07.294 [Test worker] DEBUG o.h.p.w.spi.MetamodelGraphWalker - Visiting attribute path : vnffgr.descriptor_reference.number_of_virtual_links
13:23:07.294 [Test worker] DEBUG o.h.p.w.spi.MetamodelGraphWalker - Visiting attribute path : vnffgr.descriptor_reference.vendor
13:23:07.294 [Test worker] DEBUG o.h.p.w.spi.MetamodelGraphWalker - Visiting attribute path : vnffgr.descriptor_reference.version
13:23:07.294 [Test worker] DEBUG o.h.p.w.spi.MetamodelGraphWalker - Visiting attribute path : vnffgr.descriptor_reference.vnffgd_security
13:23:07.294 [Test worker] DEBUG o.h.l.p.b.i.spaces.QuerySpacesImpl - Adding QuerySpace : uid = <gen:78> -> org.hibernate.loader.plan.build.internal.spaces.EntityQuerySpaceImpl@51cc1b24]
13:23:07.294 [Test worker] DEBUG o.h.p.w.spi.MetamodelGraphWalker - Visiting attribute path : vnffgr.lifecycle_event_history
13:23:07.294 [Test worker] DEBUG o.h.l.p.b.i.spaces.QuerySpacesImpl - Adding QuerySpace : uid = <gen:79> -> org.hibernate.loader.plan.build.internal.spaces.CollectionQuerySpaceImpl@2f0a0270]
13:23:07.294 [Test worker] DEBUG o.h.l.p.b.i.spaces.QuerySpacesImpl - Adding QuerySpace : uid = <gen:80> -> org.hibernate.loader.plan.build.internal.spaces.EntityQuerySpaceImpl@3a261f30]
13:23:07.294 [Test worker] DEBUG o.h.p.w.spi.MetamodelGraphWalker - Visiting attribute path : vnffgr.lifecycle_event_history.lifecycle_events
13:23:07.294 [Test worker] DEBUG o.h.p.w.spi.MetamodelGraphWalker - Visiting attribute path : vnffgr.lifecycle_event_history.version
13:23:07.294 [Test worker] DEBUG o.h.p.w.spi.MetamodelGraphWalker - Visiting attribute path : vnffgr.member_vnfs
13:23:07.294 [Test worker] DEBUG o.h.l.p.b.i.spaces.QuerySpacesImpl - Adding QuerySpace : uid = <gen:81> -> org.hibernate.loader.plan.build.internal.spaces.CollectionQuerySpaceImpl@5e84b81a]
13:23:07.294 [Test worker] DEBUG o.h.l.p.b.i.spaces.QuerySpacesImpl - Adding QuerySpace : uid = <gen:82> -> org.hibernate.loader.plan.build.internal.spaces.EntityQuerySpaceImpl@5b52e370]
13:23:07.294 [Test worker] DEBUG o.h.p.w.spi.MetamodelGraphWalker - Visiting attribute path : vnffgr.member_vnfs.audit_log
13:23:07.294 [Test worker] DEBUG o.h.p.w.spi.MetamodelGraphWalker - Visiting attribute path : vnffgr.member_vnfs.auto_scale_policy
13:23:07.294 [Test worker] DEBUG o.h.l.p.b.i.spaces.QuerySpacesImpl - Adding QuerySpace : uid = <gen:83> -> org.hibernate.loader.plan.build.internal.spaces.CollectionQuerySpaceImpl@74234057]
13:23:07.294 [Test worker] DEBUG o.h.l.p.b.i.spaces.QuerySpacesImpl - Adding QuerySpace : uid = <gen:84> -> org.hibernate.loader.plan.build.internal.spaces.EntityQuerySpaceImpl@36554b52]
13:23:07.294 [Test worker] DEBUG o.h.p.w.spi.MetamodelGraphWalker - Visiting attribute path : vnffgr.member_vnfs.connected_external_virtual_link
13:23:07.294 [Test worker] DEBUG o.h.l.p.b.i.spaces.QuerySpacesImpl - Adding QuerySpace : uid = <gen:85> -> org.hibernate.loader.plan.build.internal.spaces.CollectionQuerySpaceImpl@19c4105c]
13:23:07.294 [Test worker] DEBUG o.h.l.p.b.i.spaces.QuerySpacesImpl - Adding QuerySpace : uid = <gen:86> -> org.hibernate.loader.plan.build.internal.spaces.EntityQuerySpaceImpl@170e153b]
13:23:07.294 [Test worker] DEBUG o.h.p.w.spi.MetamodelGraphWalker - Visiting attribute path : vnffgr.member_vnfs.connection_point
13:23:07.294 [Test worker] DEBUG o.h.l.p.b.i.spaces.QuerySpacesImpl - Adding QuerySpace : uid = <gen:87> -> org.hibernate.loader.plan.build.internal.spaces.CollectionQuerySpaceImpl@1d93e050]
13:23:07.294 [Test worker] DEBUG o.h.l.p.b.i.spaces.QuerySpacesImpl - Adding QuerySpace : uid = <gen:88> -> org.hibernate.loader.plan.build.internal.spaces.EntityQuerySpaceImpl@576bb35b]
13:23:07.295 [Test worker] DEBUG o.h.p.w.spi.MetamodelGraphWalker - Visiting attribute path : vnffgr.member_vnfs.dependency
13:23:07.295 [Test worker] DEBUG o.h.l.p.b.i.spaces.QuerySpacesImpl - Adding QuerySpace : uid = <gen:89> -> org.hibernate.loader.plan.build.internal.spaces.CollectionQuerySpaceImpl@5fcc4833]
13:23:07.295 [Test worker] DEBUG o.h.l.p.b.i.spaces.QuerySpacesImpl - Adding QuerySpace : uid = <gen:90> -> org.hibernate.loader.plan.build.internal.spaces.EntityQuerySpaceImpl@5c983d67]
13:23:07.295 [Test worker] DEBUG o.h.p.w.spi.MetamodelGraphWalker - Visiting attribute path : vnffgr.member_vnfs.deployment_flavour
13:23:07.295 [Test worker] DEBUG o.h.l.p.b.i.spaces.QuerySpacesImpl - Adding QuerySpace : uid = <gen:91> -> org.hibernate.loader.plan.build.internal.spaces.EntityQuerySpaceImpl@ee764af]
13:23:07.295 [Test worker] DEBUG o.h.p.w.spi.MetamodelGraphWalker - Visiting attribute path : vnffgr.member_vnfs.descriptor_reference
13:23:07.295 [Test worker] DEBUG o.h.p.w.spi.MetamodelGraphWalker - Visiting attribute path : vnffgr.member_vnfs.lifecycle_event
13:23:07.295 [Test worker] DEBUG o.h.l.p.b.i.spaces.QuerySpacesImpl - Adding QuerySpace : uid = <gen:92> -> org.hibernate.loader.plan.build.internal.spaces.EntityQuerySpaceImpl@798324cd]
13:23:07.295 [Test worker] DEBUG o.h.p.w.spi.MetamodelGraphWalker - Visiting attribute path : vnffgr.member_vnfs.lifecycle_event_history
13:23:07.295 [Test worker] DEBUG o.h.l.p.b.i.spaces.QuerySpacesImpl - Adding QuerySpace : uid = <gen:93> -> org.hibernate.loader.plan.build.internal.spaces.CollectionQuerySpaceImpl@10e54d0e]
13:23:07.295 [Test worker] DEBUG o.h.l.p.b.i.spaces.QuerySpacesImpl - Adding QuerySpace : uid = <gen:94> -> org.hibernate.loader.plan.build.internal.spaces.EntityQuerySpaceImpl@3e25dacc]
13:23:07.295 [Test worker] DEBUG o.h.p.w.spi.MetamodelGraphWalker - Visiting attribute path : vnffgr.member_vnfs.localization
13:23:07.295 [Test worker] DEBUG o.h.p.w.spi.MetamodelGraphWalker - Visiting attribute path : vnffgr.member_vnfs.monitoring_parameter
13:23:07.295 [Test worker] DEBUG o.h.p.w.spi.MetamodelGraphWalker - Visiting attribute path : vnffgr.member_vnfs.notification
13:23:07.295 [Test worker] DEBUG o.h.p.w.spi.MetamodelGraphWalker - Visiting attribute path : vnffgr.member_vnfs.parent_ns
13:23:07.295 [Test worker] DEBUG o.h.l.p.b.i.spaces.QuerySpacesImpl - Adding QuerySpace : uid = <gen:95> -> org.hibernate.loader.plan.build.internal.spaces.EntityQuerySpaceImpl@273fa6f4]
13:23:07.295 [Test worker] DEBUG o.h.p.w.spi.MetamodelGraphWalker - Visiting attribute path : vnffgr.member_vnfs.runtime_policy_info
13:23:07.295 [Test worker] DEBUG o.h.p.w.spi.MetamodelGraphWalker - Visiting attribute path : vnffgr.member_vnfs.status
13:23:07.295 [Test worker] DEBUG o.h.p.w.spi.MetamodelGraphWalker - Visiting attribute path : vnffgr.member_vnfs.vdu
13:23:07.295 [Test worker] DEBUG o.h.l.p.b.i.spaces.QuerySpacesImpl - Adding QuerySpace : uid = <gen:96> -> org.hibernate.loader.plan.build.internal.spaces.CollectionQuerySpaceImpl@43e9f14d]
13:23:07.295 [Test worker] DEBUG o.h.l.p.b.i.spaces.QuerySpacesImpl - Adding QuerySpace : uid = <gen:97> -> org.hibernate.loader.plan.build.internal.spaces.EntityQuerySpaceImpl@33e11910]
13:23:07.295 [Test worker] DEBUG o.h.p.w.spi.MetamodelGraphWalker - Visiting attribute path : vnffgr.member_vnfs.vendor
13:23:07.295 [Test worker] DEBUG o.h.p.w.spi.MetamodelGraphWalker - Visiting attribute path : vnffgr.member_vnfs.version
13:23:07.295 [Test worker] DEBUG o.h.p.w.spi.MetamodelGraphWalker - Visiting attribute path : vnffgr.member_vnfs.virtual_link
13:23:07.295 [Test worker] DEBUG o.h.l.p.b.i.spaces.QuerySpacesImpl - Adding QuerySpace : uid = <gen:98> -> org.hibernate.loader.plan.build.internal.spaces.CollectionQuerySpaceImpl@7f34840b]
13:23:07.295 [Test worker] DEBUG o.h.l.p.b.i.spaces.QuerySpacesImpl - Adding QuerySpace : uid = <gen:99> -> org.hibernate.loader.plan.build.internal.spaces.EntityQuerySpaceImpl@50c92f6b]
13:23:07.296 [Test worker] DEBUG o.h.p.w.spi.MetamodelGraphWalker - Visiting attribute path : vnffgr.member_vnfs.vnf_address
13:23:07.296 [Test worker] DEBUG o.h.p.w.spi.MetamodelGraphWalker - Visiting attribute path : vnffgr.member_vnfs.vnfm_id
13:23:07.296 [Test worker] DEBUG o.h.p.w.spi.MetamodelGraphWalker - Visiting attribute path : vnffgr.network_forwarding_path
13:23:07.296 [Test worker] DEBUG o.h.l.p.b.i.spaces.QuerySpacesImpl - Adding QuerySpace : uid = <gen:100> -> org.hibernate.loader.plan.build.internal.spaces.EntityQuerySpaceImpl@4848433c]
13:23:07.296 [Test worker] DEBUG o.h.p.w.spi.MetamodelGraphWalker - Visiting attribute path : vnffgr.network_forwarding_path.connection
13:23:07.296 [Test worker] DEBUG o.h.l.p.b.i.spaces.QuerySpacesImpl - Adding QuerySpace : uid = <gen:101> -> org.hibernate.loader.plan.build.internal.spaces.CollectionQuerySpaceImpl@68ece5fc]
13:23:07.296 [Test worker] DEBUG o.h.p.w.spi.MetamodelGraphWalker - Visiting attribute path : vnffgr.network_forwarding_path.policy
13:23:07.296 [Test worker] DEBUG o.h.l.p.b.i.spaces.QuerySpacesImpl - Adding QuerySpace : uid = <gen:102> -> org.hibernate.loader.plan.build.internal.spaces.EntityQuerySpaceImpl@18ef3935]
13:23:07.296 [Test worker] DEBUG o.h.p.w.spi.MetamodelGraphWalker - Visiting attribute path : vnffgr.network_forwarding_path.version
13:23:07.296 [Test worker] DEBUG o.h.p.w.spi.MetamodelGraphWalker - Visiting attribute path : vnffgr.notification
13:23:07.296 [Test worker] DEBUG o.h.p.w.spi.MetamodelGraphWalker - Visiting attribute path : vnffgr.number_of_endpoints
13:23:07.296 [Test worker] DEBUG o.h.p.w.spi.MetamodelGraphWalker - Visiting attribute path : vnffgr.number_of_pnfs
13:23:07.296 [Test worker] DEBUG o.h.p.w.spi.MetamodelGraphWalker - Visiting attribute path : vnffgr.number_of_virtual_links
13:23:07.296 [Test worker] DEBUG o.h.p.w.spi.MetamodelGraphWalker - Visiting attribute path : vnffgr.number_of_vnfs
13:23:07.296 [Test worker] DEBUG o.h.p.w.spi.MetamodelGraphWalker - Visiting attribute path : vnffgr.parent_ns
13:23:07.296 [Test worker] DEBUG o.h.l.p.b.i.spaces.QuerySpacesImpl - Adding QuerySpace : uid = <gen:103> -> org.hibernate.loader.plan.build.internal.spaces.EntityQuerySpaceImpl@194d35d]
13:23:07.296 [Test worker] DEBUG o.h.p.w.spi.MetamodelGraphWalker - Visiting attribute path : vnffgr.parent_ns.audit_log
13:23:07.296 [Test worker] DEBUG o.h.p.w.spi.MetamodelGraphWalker - Visiting attribute path : vnffgr.parent_ns.auto_scale_policy
13:23:07.296 [Test worker] DEBUG o.h.p.w.spi.MetamodelGraphWalker - Property path deemed to be circular : vnffgr.parent_ns.auto_scale_policy
13:23:07.296 [Test worker] DEBUG o.h.p.w.spi.MetamodelGraphWalker - Visiting attribute path : vnffgr.parent_ns.connection_point
13:23:07.296 [Test worker] DEBUG o.h.p.w.spi.MetamodelGraphWalker - Property path deemed to be circular : vnffgr.parent_ns.connection_point
13:23:07.296 [Test worker] DEBUG o.h.p.w.spi.MetamodelGraphWalker - Visiting attribute path : vnffgr.parent_ns.descriptor_reference
13:23:07.296 [Test worker] DEBUG o.h.p.w.spi.MetamodelGraphWalker - Property path deemed to be circular : vnffgr.parent_ns.descriptor_reference
13:23:07.296 [Test worker] DEBUG o.h.p.w.spi.MetamodelGraphWalker - Visiting attribute path : vnffgr.parent_ns.lifecycle_event
13:23:07.296 [Test worker] DEBUG o.h.p.w.spi.MetamodelGraphWalker - Property path deemed to be circular : vnffgr.parent_ns.lifecycle_event
13:23:07.296 [Test worker] DEBUG o.h.p.w.spi.MetamodelGraphWalker - Visiting attribute path : vnffgr.parent_ns.lifecycle_event_history
13:23:07.296 [Test worker] DEBUG o.h.p.w.spi.MetamodelGraphWalker - Property path deemed to be circular : vnffgr.parent_ns.lifecycle_event_history
13:23:07.296 [Test worker] DEBUG o.h.p.w.spi.MetamodelGraphWalker - Visiting attribute path : vnffgr.parent_ns.monitoring_parameter
13:23:07.296 [Test worker] DEBUG o.h.p.w.spi.MetamodelGraphWalker - Visiting attribute path : vnffgr.parent_ns.notification
13:23:07.297 [Test worker] DEBUG o.h.p.w.spi.MetamodelGraphWalker - Visiting attribute path : vnffgr.parent_ns.pnfr
13:23:07.297 [Test worker] DEBUG o.h.p.w.spi.MetamodelGraphWalker - Property path deemed to be circular : vnffgr.parent_ns.pnfr
13:23:07.297 [Test worker] DEBUG o.h.p.w.spi.MetamodelGraphWalker - Visiting attribute path : vnffgr.parent_ns.resource_reservation
13:23:07.297 [Test worker] DEBUG o.h.p.w.spi.MetamodelGraphWalker - Visiting attribute path : vnffgr.parent_ns.runtime_policy_info
13:23:07.297 [Test worker] DEBUG o.h.p.w.spi.MetamodelGraphWalker - Visiting attribute path : vnffgr.parent_ns.service_deployment_flavour
13:23:07.297 [Test worker] DEBUG o.h.p.w.spi.MetamodelGraphWalker - Property path deemed to be circular : vnffgr.parent_ns.service_deployment_flavour
13:23:07.297 [Test worker] DEBUG o.h.p.w.spi.MetamodelGraphWalker - Visiting attribute path : vnffgr.parent_ns.status
13:23:07.297 [Test worker] DEBUG o.h.p.w.spi.MetamodelGraphWalker - Visiting attribute path : vnffgr.parent_ns.vendor
13:23:07.297 [Test worker] DEBUG o.h.p.w.spi.MetamodelGraphWalker - Visiting attribute path : vnffgr.parent_ns.version
13:23:07.297 [Test worker] DEBUG o.h.p.w.spi.MetamodelGraphWalker - Visiting attribute path : vnffgr.parent_ns.vlr
13:23:07.297 [Test worker] DEBUG o.h.p.w.spi.MetamodelGraphWalker - Property path deemed to be circular : vnffgr.parent_ns.vlr
13:23:07.297 [Test worker] DEBUG o.h.p.w.spi.MetamodelGraphWalker - Visiting attribute path : vnffgr.parent_ns.vnf_dependency
13:23:07.297 [Test worker] DEBUG o.h.p.w.spi.MetamodelGraphWalker - Property path deemed to be circular : vnffgr.parent_ns.vnf_dependency
13:23:07.297 [Test worker] DEBUG o.h.p.w.spi.MetamodelGraphWalker - Visiting attribute path : vnffgr.parent_ns.vnffgr
13:23:07.297 [Test worker] DEBUG o.h.p.w.spi.MetamodelGraphWalker - Property path deemed to be circular : vnffgr.parent_ns.vnffgr
13:23:07.297 [Test worker] DEBUG o.h.p.w.spi.MetamodelGraphWalker - Visiting attribute path : vnffgr.parent_ns.vnfr
13:23:07.297 [Test worker] DEBUG o.h.p.w.spi.MetamodelGraphWalker - Property path deemed to be circular : vnffgr.parent_ns.vnfr
13:23:07.297 [Test worker] DEBUG o.h.p.w.spi.MetamodelGraphWalker - Visiting attribute path : vnffgr.status
13:23:07.297 [Test worker] DEBUG o.h.p.w.spi.MetamodelGraphWalker - Visiting attribute path : vnffgr.vendor
13:23:07.297 [Test worker] DEBUG o.h.p.w.spi.MetamodelGraphWalker - Visiting attribute path : vnffgr.version
13:23:07.297 [Test worker] DEBUG o.h.l.p.b.i.FetchStyleLoadPlanBuildingAssociationVisitationStrategy - Building LoadPlan...
13:23:07.297 [Test worker] DEBUG o.h.l.p.e.i.LoadQueryJoinAndFetchProcessor - processing queryspace <gen:0>
13:23:07.301 [Test worker] DEBUG o.h.l.p.b.spi.LoadPlanTreePrinter - LoadPlan(entity=org.project.neutrino.nfvo.catalogue.mano.record.PhysicalNetworkFunctionRecord)
    - Returns
       - EntityReturnImpl(entity=org.project.neutrino.nfvo.catalogue.mano.record.PhysicalNetworkFunctionRecord, querySpaceUid=<gen:0>, path=org.project.neutrino.nfvo.catalogue.mano.record.PhysicalNetworkFunctionRecord)
          - CollectionAttributeFetchImpl(collection=org.project.neutrino.nfvo.catalogue.mano.record.PhysicalNetworkFunctionRecord.connected_virtual_link, querySpaceUid=<gen:1>, path=org.project.neutrino.nfvo.catalogue.mano.record.PhysicalNetworkFunctionRecord.connected_virtual_link)
             - (collection element) CollectionFetchableElementEntityGraph(entity=org.project.neutrino.nfvo.catalogue.mano.record.VirtualLinkRecord, querySpaceUid=<gen:2>, path=org.project.neutrino.nfvo.catalogue.mano.record.PhysicalNetworkFunctionRecord.connected_virtual_link.<elements>)
                - CollectionAttributeFetchImpl(collection=org.project.neutrino.nfvo.catalogue.mano.record.VirtualLinkRecord.lifecycle_event_history, querySpaceUid=<gen:3>, path=org.project.neutrino.nfvo.catalogue.mano.record.PhysicalNetworkFunctionRecord.connected_virtual_link.<elements>.lifecycle_event_history)
                   - (collection element) CollectionFetchableElementEntityGraph(entity=org.project.neutrino.nfvo.catalogue.mano.common.LifecycleEvent, querySpaceUid=<gen:4>, path=org.project.neutrino.nfvo.catalogue.mano.record.PhysicalNetworkFunctionRecord.connected_virtual_link.<elements>.lifecycle_event_history.<elements>)
                - CollectionAttributeFetchImpl(collection=org.project.neutrino.nfvo.catalogue.mano.record.VirtualLinkRecord.vnffgr_reference, querySpaceUid=<gen:5>, path=org.project.neutrino.nfvo.catalogue.mano.record.PhysicalNetworkFunctionRecord.connected_virtual_link.<elements>.vnffgr_reference)
                   - (collection element) CollectionFetchableElementEntityGraph(entity=org.project.neutrino.nfvo.catalogue.mano.record.VNFForwardingGraphRecord, querySpaceUid=<gen:6>, path=org.project.neutrino.nfvo.catalogue.mano.record.PhysicalNetworkFunctionRecord.connected_virtual_link.<elements>.vnffgr_reference.<elements>)
                      - CollectionAttributeFetchImpl(collection=org.project.neutrino.nfvo.catalogue.mano.record.VNFForwardingGraphRecord.connection_point, querySpaceUid=<gen:7>, path=org.project.neutrino.nfvo.catalogue.mano.record.PhysicalNetworkFunctionRecord.connected_virtual_link.<elements>.vnffgr_reference.<elements>.connection_point)
                         - (collection element) CollectionFetchableElementEntityGraph(entity=org.project.neutrino.nfvo.catalogue.mano.descriptor.VNFDConnectionPoint, querySpaceUid=<gen:8>, path=org.project.neutrino.nfvo.catalogue.mano.record.PhysicalNetworkFunctionRecord.connected_virtual_link.<elements>.vnffgr_reference.<elements>.connection_point.<elements>)
                      - CollectionAttributeFetchImpl(collection=org.project.neutrino.nfvo.catalogue.mano.record.VNFForwardingGraphRecord.dependent_virtual_link, querySpaceUid=<gen:9>, path=org.project.neutrino.nfvo.catalogue.mano.record.PhysicalNetworkFunctionRecord.connected_virtual_link.<elements>.vnffgr_reference.<elements>.dependent_virtual_link)
                         - (collection element) CollectionFetchableElementEntityGraph(entity=org.project.neutrino.nfvo.catalogue.mano.record.VirtualLinkRecord, querySpaceUid=<gen:10>, path=org.project.neutrino.nfvo.catalogue.mano.record.PhysicalNetworkFunctionRecord.connected_virtual_link.<elements>.vnffgr_reference.<elements>.dependent_virtual_link.<elements>)
                      - EntityAttributeFetchImpl(entity=org.project.neutrino.nfvo.catalogue.mano.descriptor.VNFForwardingGraph, querySpaceUid=<gen:11>, path=org.project.neutrino.nfvo.catalogue.mano.record.PhysicalNetworkFunctionRecord.connected_virtual_link.<elements>.vnffgr_reference.<elements>.descriptor_reference)
                      - CollectionAttributeFetchImpl(collection=org.project.neutrino.nfvo.catalogue.mano.record.VNFForwardingGraphRecord.lifecycle_event_history, querySpaceUid=<gen:12>, path=org.project.neutrino.nfvo.catalogue.mano.record.PhysicalNetworkFunctionRecord.connected_virtual_link.<elements>.vnffgr_reference.<elements>.lifecycle_event_history)
                         - (collection element) CollectionFetchableElementEntityGraph(entity=org.project.neutrino.nfvo.catalogue.mano.common.LifecycleEvent, querySpaceUid=<gen:13>, path=org.project.neutrino.nfvo.catalogue.mano.record.PhysicalNetworkFunctionRecord.connected_virtual_link.<elements>.vnffgr_reference.<elements>.lifecycle_event_history.<elements>)
                      - CollectionAttributeFetchImpl(collection=org.project.neutrino.nfvo.catalogue.mano.record.VNFForwardingGraphRecord.member_vnfs, querySpaceUid=<gen:14>, path=org.project.neutrino.nfvo.catalogue.mano.record.PhysicalNetworkFunctionRecord.connected_virtual_link.<elements>.vnffgr_reference.<elements>.member_vnfs)
                         - (collection element) CollectionFetchableElementEntityGraph(entity=org.project.neutrino.nfvo.catalogue.mano.record.VirtualNetworkFunctionRecord, querySpaceUid=<gen:15>, path=org.project.neutrino.nfvo.catalogue.mano.record.PhysicalNetworkFunctionRecord.connected_virtual_link.<elements>.vnffgr_reference.<elements>.member_vnfs.<elements>)
                      - EntityAttributeFetchImpl(entity=org.project.neutrino.nfvo.catalogue.mano.descriptor.NetworkForwardingPath, querySpaceUid=<gen:16>, path=org.project.neutrino.nfvo.catalogue.mano.record.PhysicalNetworkFunctionRecord.connected_virtual_link.<elements>.vnffgr_reference.<elements>.network_forwarding_path)
                      - EntityAttributeFetchImpl(entity=org.project.neutrino.nfvo.catalogue.mano.record.NetworkServiceRecord, querySpaceUid=<gen:17>, path=org.project.neutrino.nfvo.catalogue.mano.record.PhysicalNetworkFunctionRecord.connected_virtual_link.<elements>.vnffgr_reference.<elements>.parent_ns)
          - CollectionAttributeFetchImpl(collection=org.project.neutrino.nfvo.catalogue.mano.record.PhysicalNetworkFunctionRecord.connection_point, querySpaceUid=<gen:18>, path=org.project.neutrino.nfvo.catalogue.mano.record.PhysicalNetworkFunctionRecord.connection_point)
             - (collection element) CollectionFetchableElementEntityGraph(entity=org.project.neutrino.nfvo.catalogue.mano.common.ConnectionPoint, querySpaceUid=<gen:19>, path=org.project.neutrino.nfvo.catalogue.mano.record.PhysicalNetworkFunctionRecord.connection_point.<elements>)
          - EntityAttributeFetchImpl(entity=org.project.neutrino.nfvo.catalogue.mano.descriptor.PhysicalNetworkFunctionDescriptor, querySpaceUid=<gen:20>, path=org.project.neutrino.nfvo.catalogue.mano.record.PhysicalNetworkFunctionRecord.descriptor_reference)
             - EntityAttributeFetchImpl(entity=org.project.neutrino.nfvo.catalogue.mano.common.Security, querySpaceUid=<gen:21>, path=org.project.neutrino.nfvo.catalogue.mano.record.PhysicalNetworkFunctionRecord.descriptor_reference.pnfd_security)
          - EntityAttributeFetchImpl(entity=org.project.neutrino.nfvo.catalogue.mano.record.NetworkServiceRecord, querySpaceUid=<gen:22>, path=org.project.neutrino.nfvo.catalogue.mano.record.PhysicalNetworkFunctionRecord.parent_ns)
             - CollectionAttributeFetchImpl(collection=org.project.neutrino.nfvo.catalogue.mano.record.NetworkServiceRecord.auto_scale_policy, querySpaceUid=<gen:23>, path=org.project.neutrino.nfvo.catalogue.mano.record.PhysicalNetworkFunctionRecord.parent_ns.auto_scale_policy)
                - (collection element) CollectionFetchableElementEntityGraph(entity=org.project.neutrino.nfvo.catalogue.mano.common.AutoScalePolicy, querySpaceUid=<gen:24>, path=org.project.neutrino.nfvo.catalogue.mano.record.PhysicalNetworkFunctionRecord.parent_ns.auto_scale_policy.<elements>)
             - CollectionAttributeFetchImpl(collection=org.project.neutrino.nfvo.catalogue.mano.record.NetworkServiceRecord.connection_point, querySpaceUid=<gen:25>, path=org.project.neutrino.nfvo.catalogue.mano.record.PhysicalNetworkFunctionRecord.parent_ns.connection_point)
                - (collection element) CollectionFetchableElementEntityGraph(entity=org.project.neutrino.nfvo.catalogue.mano.common.ConnectionPoint, querySpaceUid=<gen:26>, path=org.project.neutrino.nfvo.catalogue.mano.record.PhysicalNetworkFunctionRecord.parent_ns.connection_point.<elements>)
             - EntityAttributeFetchImpl(entity=org.project.neutrino.nfvo.catalogue.mano.common.NFVEntityDescriptor, querySpaceUid=<gen:27>, path=org.project.neutrino.nfvo.catalogue.mano.record.PhysicalNetworkFunctionRecord.parent_ns.descriptor_reference)
                - CollectionAttributeFetchImpl(collection=org.project.neutrino.nfvo.catalogue.mano.common.NFVEntityDescriptor.monitoring_parameter, querySpaceUid=<gen:28>, path=org.project.neutrino.nfvo.catalogue.mano.record.PhysicalNetworkFunctionRecord.parent_ns.descriptor_reference.monitoring_parameter)
                - CollectionAttributeFetchImpl(collection=org.project.neutrino.nfvo.catalogue.mano.descriptor.VirtualNetworkFunctionDescriptor.deployment_flavour, querySpaceUid=<gen:29>, path=org.project.neutrino.nfvo.catalogue.mano.record.PhysicalNetworkFunctionRecord.parent_ns.descriptor_reference.deployment_flavour)
                   - (collection element) CollectionFetchableElementEntityGraph(entity=org.project.neutrino.nfvo.catalogue.mano.descriptor.VNFDDeploymentFlavour, querySpaceUid=<gen:30>, path=org.project.neutrino.nfvo.catalogue.mano.record.PhysicalNetworkFunctionRecord.parent_ns.descriptor_reference.deployment_flavour.<elements>)
                - EntityAttributeFetchImpl(entity=org.project.neutrino.nfvo.catalogue.mano.common.Security, querySpaceUid=<gen:31>, path=org.project.neutrino.nfvo.catalogue.mano.record.PhysicalNetworkFunctionRecord.parent_ns.descriptor_reference.nsd_security)
                - CollectionAttributeFetchImpl(collection=org.project.neutrino.nfvo.catalogue.mano.descriptor.NetworkServiceDescriptor.vnf_dependency, querySpaceUid=<gen:32>, path=org.project.neutrino.nfvo.catalogue.mano.record.PhysicalNetworkFunctionRecord.parent_ns.descriptor_reference.vnf_dependency)
                   - (collection element) CollectionFetchableElementEntityGraph(entity=org.project.neutrino.nfvo.catalogue.mano.common.VNFDependency, querySpaceUid=<gen:33>, path=org.project.neutrino.nfvo.catalogue.mano.record.PhysicalNetworkFunctionRecord.parent_ns.descriptor_reference.vnf_dependency.<elements>)
                - CollectionAttributeFetchImpl(collection=org.project.neutrino.nfvo.catalogue.mano.descriptor.NetworkServiceDescriptor.vnfd, querySpaceUid=<gen:34>, path=org.project.neutrino.nfvo.catalogue.mano.record.PhysicalNetworkFunctionRecord.parent_ns.descriptor_reference.vnfd)
                   - (collection element) CollectionFetchableElementEntityGraph(entity=org.project.neutrino.nfvo.catalogue.mano.descriptor.VirtualNetworkFunctionDescriptor, querySpaceUid=<gen:35>, path=org.project.neutrino.nfvo.catalogue.mano.record.PhysicalNetworkFunctionRecord.parent_ns.descriptor_reference.vnfd.<elements>)
             - EntityAttributeFetchImpl(entity=org.project.neutrino.nfvo.catalogue.mano.common.LifecycleEvent, querySpaceUid=<gen:36>, path=org.project.neutrino.nfvo.catalogue.mano.record.PhysicalNetworkFunctionRecord.parent_ns.lifecycle_event)
             - CollectionAttributeFetchImpl(collection=org.project.neutrino.nfvo.catalogue.mano.record.NetworkServiceRecord.lifecycle_event_history, querySpaceUid=<gen:37>, path=org.project.neutrino.nfvo.catalogue.mano.record.PhysicalNetworkFunctionRecord.parent_ns.lifecycle_event_history)
                - (collection element) CollectionFetchableElementEntityGraph(entity=org.project.neutrino.nfvo.catalogue.mano.common.LifecycleEvent, querySpaceUid=<gen:38>, path=org.project.neutrino.nfvo.catalogue.mano.record.PhysicalNetworkFunctionRecord.parent_ns.lifecycle_event_history.<elements>)
             - CollectionAttributeFetchImpl(collection=org.project.neutrino.nfvo.catalogue.mano.record.NetworkServiceRecord.pnfr, querySpaceUid=<gen:39>, path=org.project.neutrino.nfvo.catalogue.mano.record.PhysicalNetworkFunctionRecord.parent_ns.pnfr)
                - (collection element) CollectionFetchableElementEntityGraph(entity=org.project.neutrino.nfvo.catalogue.mano.record.PhysicalNetworkFunctionRecord, querySpaceUid=<gen:40>, path=org.project.neutrino.nfvo.catalogue.mano.record.PhysicalNetworkFunctionRecord.parent_ns.pnfr.<elements>)
                   - CollectionAttributeFetchImpl(collection=org.project.neutrino.nfvo.catalogue.mano.record.PhysicalNetworkFunctionRecord.vnffgr, querySpaceUid=<gen:41>, path=org.project.neutrino.nfvo.catalogue.mano.record.PhysicalNetworkFunctionRecord.parent_ns.pnfr.<elements>.vnffgr)
                      - (collection element) CollectionFetchableElementEntityGraph(entity=org.project.neutrino.nfvo.catalogue.mano.record.VNFForwardingGraphRecord, querySpaceUid=<gen:42>, path=org.project.neutrino.nfvo.catalogue.mano.record.PhysicalNetworkFunctionRecord.parent_ns.pnfr.<elements>.vnffgr.<elements>)
             - EntityAttributeFetchImpl(entity=org.project.neutrino.nfvo.catalogue.mano.common.ServiceDeploymentFlavour, querySpaceUid=<gen:43>, path=org.project.neutrino.nfvo.catalogue.mano.record.PhysicalNetworkFunctionRecord.parent_ns.service_deployment_flavour)
             - CollectionAttributeFetchImpl(collection=org.project.neutrino.nfvo.catalogue.mano.record.NetworkServiceRecord.vlr, querySpaceUid=<gen:44>, path=org.project.neutrino.nfvo.catalogue.mano.record.PhysicalNetworkFunctionRecord.parent_ns.vlr)
                - (collection element) CollectionFetchableElementEntityGraph(entity=org.project.neutrino.nfvo.catalogue.mano.record.VirtualLinkRecord, querySpaceUid=<gen:45>, path=org.project.neutrino.nfvo.catalogue.mano.record.PhysicalNetworkFunctionRecord.parent_ns.vlr.<elements>)
             - CollectionAttributeFetchImpl(collection=org.project.neutrino.nfvo.catalogue.mano.record.NetworkServiceRecord.vnf_dependency, querySpaceUid=<gen:46>, path=org.project.neutrino.nfvo.catalogue.mano.record.PhysicalNetworkFunctionRecord.parent_ns.vnf_dependency)
                - (collection element) CollectionFetchableElementEntityGraph(entity=org.project.neutrino.nfvo.catalogue.mano.common.VNFDependency, querySpaceUid=<gen:47>, path=org.project.neutrino.nfvo.catalogue.mano.record.PhysicalNetworkFunctionRecord.parent_ns.vnf_dependency.<elements>)
                   - EntityAttributeFetchImpl(entity=org.project.neutrino.nfvo.catalogue.mano.descriptor.VirtualNetworkFunctionDescriptor, querySpaceUid=<gen:48>, path=org.project.neutrino.nfvo.catalogue.mano.record.PhysicalNetworkFunctionRecord.parent_ns.vnf_dependency.<elements>.source)
                   - EntityAttributeFetchImpl(entity=org.project.neutrino.nfvo.catalogue.mano.descriptor.VirtualNetworkFunctionDescriptor, querySpaceUid=<gen:49>, path=org.project.neutrino.nfvo.catalogue.mano.record.PhysicalNetworkFunctionRecord.parent_ns.vnf_dependency.<elements>.target)
             - CollectionAttributeFetchImpl(collection=org.project.neutrino.nfvo.catalogue.mano.record.NetworkServiceRecord.vnffgr, querySpaceUid=<gen:50>, path=org.project.neutrino.nfvo.catalogue.mano.record.PhysicalNetworkFunctionRecord.parent_ns.vnffgr)
                - (collection element) CollectionFetchableElementEntityGraph(entity=org.project.neutrino.nfvo.catalogue.mano.descriptor.VNFForwardingGraph, querySpaceUid=<gen:51>, path=org.project.neutrino.nfvo.catalogue.mano.record.PhysicalNetworkFunctionRecord.parent_ns.vnffgr.<elements>)
                   - EntityAttributeFetchImpl(entity=org.project.neutrino.nfvo.catalogue.mano.common.Security, querySpaceUid=<gen:52>, path=org.project.neutrino.nfvo.catalogue.mano.record.PhysicalNetworkFunctionRecord.parent_ns.vnffgr.<elements>.vnffgd_security)
             - EntityAttributeFetchImpl(entity=org.project.neutrino.nfvo.catalogue.mano.record.VirtualNetworkFunctionRecord, querySpaceUid=<gen:53>, path=org.project.neutrino.nfvo.catalogue.mano.record.PhysicalNetworkFunctionRecord.parent_ns.vnfr)
                - CollectionAttributeFetchImpl(collection=org.project.neutrino.nfvo.catalogue.mano.record.VirtualNetworkFunctionRecord.auto_scale_policy, querySpaceUid=<gen:54>, path=org.project.neutrino.nfvo.catalogue.mano.record.PhysicalNetworkFunctionRecord.parent_ns.vnfr.auto_scale_policy)
                   - (collection element) CollectionFetchableElementEntityGraph(entity=org.project.neutrino.nfvo.catalogue.mano.common.AutoScalePolicy, querySpaceUid=<gen:55>, path=org.project.neutrino.nfvo.catalogue.mano.record.PhysicalNetworkFunctionRecord.parent_ns.vnfr.auto_scale_policy.<elements>)
                - CollectionAttributeFetchImpl(collection=org.project.neutrino.nfvo.catalogue.mano.record.VirtualNetworkFunctionRecord.connected_external_virtual_link, querySpaceUid=<gen:56>, path=org.project.neutrino.nfvo.catalogue.mano.record.PhysicalNetworkFunctionRecord.parent_ns.vnfr.connected_external_virtual_link)
                   - (collection element) CollectionFetchableElementEntityGraph(entity=org.project.neutrino.nfvo.catalogue.mano.record.VirtualLinkRecord, querySpaceUid=<gen:57>, path=org.project.neutrino.nfvo.catalogue.mano.record.PhysicalNetworkFunctionRecord.parent_ns.vnfr.connected_external_virtual_link.<elements>)
                - CollectionAttributeFetchImpl(collection=org.project.neutrino.nfvo.catalogue.mano.record.VirtualNetworkFunctionRecord.connection_point, querySpaceUid=<gen:58>, path=org.project.neutrino.nfvo.catalogue.mano.record.PhysicalNetworkFunctionRecord.parent_ns.vnfr.connection_point)
                   - (collection element) CollectionFetchableElementEntityGraph(entity=org.project.neutrino.nfvo.catalogue.mano.common.ConnectionPoint, querySpaceUid=<gen:59>, path=org.project.neutrino.nfvo.catalogue.mano.record.PhysicalNetworkFunctionRecord.parent_ns.vnfr.connection_point.<elements>)
                - CollectionAttributeFetchImpl(collection=org.project.neutrino.nfvo.catalogue.mano.record.VirtualNetworkFunctionRecord.dependency, querySpaceUid=<gen:60>, path=org.project.neutrino.nfvo.catalogue.mano.record.PhysicalNetworkFunctionRecord.parent_ns.vnfr.dependency)
                   - (collection element) CollectionFetchableElementEntityGraph(entity=org.project.neutrino.nfvo.catalogue.mano.common.VNFDependency, querySpaceUid=<gen:61>, path=org.project.neutrino.nfvo.catalogue.mano.record.PhysicalNetworkFunctionRecord.parent_ns.vnfr.dependency.<elements>)
                - EntityAttributeFetchImpl(entity=org.project.neutrino.nfvo.catalogue.mano.descriptor.VNFDDeploymentFlavour, querySpaceUid=<gen:62>, path=org.project.neutrino.nfvo.catalogue.mano.record.PhysicalNetworkFunctionRecord.parent_ns.vnfr.deployment_flavour)
                - EntityAttributeFetchImpl(entity=org.project.neutrino.nfvo.catalogue.mano.common.LifecycleEvent, querySpaceUid=<gen:63>, path=org.project.neutrino.nfvo.catalogue.mano.record.PhysicalNetworkFunctionRecord.parent_ns.vnfr.lifecycle_event)
                - CollectionAttributeFetchImpl(collection=org.project.neutrino.nfvo.catalogue.mano.record.VirtualNetworkFunctionRecord.lifecycle_event_history, querySpaceUid=<gen:64>, path=org.project.neutrino.nfvo.catalogue.mano.record.PhysicalNetworkFunctionRecord.parent_ns.vnfr.lifecycle_event_history)
                   - (collection element) CollectionFetchableElementEntityGraph(entity=org.project.neutrino.nfvo.catalogue.mano.common.LifecycleEvent, querySpaceUid=<gen:65>, path=org.project.neutrino.nfvo.catalogue.mano.record.PhysicalNetworkFunctionRecord.parent_ns.vnfr.lifecycle_event_history.<elements>)
                - EntityAttributeFetchImpl(entity=org.project.neutrino.nfvo.catalogue.mano.record.NetworkServiceRecord, querySpaceUid=<gen:66>, path=org.project.neutrino.nfvo.catalogue.mano.record.PhysicalNetworkFunctionRecord.parent_ns.vnfr.parent_ns)
                - CollectionAttributeFetchImpl(collection=org.project.neutrino.nfvo.catalogue.mano.record.VirtualNetworkFunctionRecord.vdu, querySpaceUid=<gen:67>, path=org.project.neutrino.nfvo.catalogue.mano.record.PhysicalNetworkFunctionRecord.parent_ns.vnfr.vdu)
                   - (collection element) CollectionFetchableElementEntityGraph(entity=org.project.neutrino.nfvo.catalogue.mano.descriptor.VirtualDeploymentUnit, querySpaceUid=<gen:68>, path=org.project.neutrino.nfvo.catalogue.mano.record.PhysicalNetworkFunctionRecord.parent_ns.vnfr.vdu.<elements>)
                - CollectionAttributeFetchImpl(collection=org.project.neutrino.nfvo.catalogue.mano.record.VirtualNetworkFunctionRecord.virtual_link, querySpaceUid=<gen:69>, path=org.project.neutrino.nfvo.catalogue.mano.record.PhysicalNetworkFunctionRecord.parent_ns.vnfr.virtual_link)
                   - (collection element) CollectionFetchableElementEntityGraph(entity=org.project.neutrino.nfvo.catalogue.mano.descriptor.InternalVirtualLink, querySpaceUid=<gen:70>, path=org.project.neutrino.nfvo.catalogue.mano.record.PhysicalNetworkFunctionRecord.parent_ns.vnfr.virtual_link.<elements>)
          - CollectionAttributeFetchImpl(collection=org.project.neutrino.nfvo.catalogue.mano.record.PhysicalNetworkFunctionRecord.vnffgr, querySpaceUid=<gen:71>, path=org.project.neutrino.nfvo.catalogue.mano.record.PhysicalNetworkFunctionRecord.vnffgr)
             - (collection element) CollectionFetchableElementEntityGraph(entity=org.project.neutrino.nfvo.catalogue.mano.record.VNFForwardingGraphRecord, querySpaceUid=<gen:72>, path=org.project.neutrino.nfvo.catalogue.mano.record.PhysicalNetworkFunctionRecord.vnffgr.<elements>)
                - CollectionAttributeFetchImpl(collection=org.project.neutrino.nfvo.catalogue.mano.record.VNFForwardingGraphRecord.connection_point, querySpaceUid=<gen:73>, path=org.project.neutrino.nfvo.catalogue.mano.record.PhysicalNetworkFunctionRecord.vnffgr.<elements>.connection_point)
                   - (collection element) CollectionFetchableElementEntityGraph(entity=org.project.neutrino.nfvo.catalogue.mano.descriptor.VNFDConnectionPoint, querySpaceUid=<gen:74>, path=org.project.neutrino.nfvo.catalogue.mano.record.PhysicalNetworkFunctionRecord.vnffgr.<elements>.connection_point.<elements>)
                - CollectionAttributeFetchImpl(collection=org.project.neutrino.nfvo.catalogue.mano.record.VNFForwardingGraphRecord.dependent_virtual_link, querySpaceUid=<gen:75>, path=org.project.neutrino.nfvo.catalogue.mano.record.PhysicalNetworkFunctionRecord.vnffgr.<elements>.dependent_virtual_link)
                   - (collection element) CollectionFetchableElementEntityGraph(entity=org.project.neutrino.nfvo.catalogue.mano.record.VirtualLinkRecord, querySpaceUid=<gen:76>, path=org.project.neutrino.nfvo.catalogue.mano.record.PhysicalNetworkFunctionRecord.vnffgr.<elements>.dependent_virtual_link.<elements>)
                - EntityAttributeFetchImpl(entity=org.project.neutrino.nfvo.catalogue.mano.descriptor.VNFForwardingGraph, querySpaceUid=<gen:77>, path=org.project.neutrino.nfvo.catalogue.mano.record.PhysicalNetworkFunctionRecord.vnffgr.<elements>.descriptor_reference)
                   - EntityAttributeFetchImpl(entity=org.project.neutrino.nfvo.catalogue.mano.common.Security, querySpaceUid=<gen:78>, path=org.project.neutrino.nfvo.catalogue.mano.record.PhysicalNetworkFunctionRecord.vnffgr.<elements>.descriptor_reference.vnffgd_security)
                - CollectionAttributeFetchImpl(collection=org.project.neutrino.nfvo.catalogue.mano.record.VNFForwardingGraphRecord.lifecycle_event_history, querySpaceUid=<gen:79>, path=org.project.neutrino.nfvo.catalogue.mano.record.PhysicalNetworkFunctionRecord.vnffgr.<elements>.lifecycle_event_history)
                   - (collection element) CollectionFetchableElementEntityGraph(entity=org.project.neutrino.nfvo.catalogue.mano.common.LifecycleEvent, querySpaceUid=<gen:80>, path=org.project.neutrino.nfvo.catalogue.mano.record.PhysicalNetworkFunctionRecord.vnffgr.<elements>.lifecycle_event_history.<elements>)
                - CollectionAttributeFetchImpl(collection=org.project.neutrino.nfvo.catalogue.mano.record.VNFForwardingGraphRecord.member_vnfs, querySpaceUid=<gen:81>, path=org.project.neutrino.nfvo.catalogue.mano.record.PhysicalNetworkFunctionRecord.vnffgr.<elements>.member_vnfs)
                   - (collection element) CollectionFetchableElementEntityGraph(entity=org.project.neutrino.nfvo.catalogue.mano.record.VirtualNetworkFunctionRecord, querySpaceUid=<gen:82>, path=org.project.neutrino.nfvo.catalogue.mano.record.PhysicalNetworkFunctionRecord.vnffgr.<elements>.member_vnfs.<elements>)
                      - CollectionAttributeFetchImpl(collection=org.project.neutrino.nfvo.catalogue.mano.record.VirtualNetworkFunctionRecord.auto_scale_policy, querySpaceUid=<gen:83>, path=org.project.neutrino.nfvo.catalogue.mano.record.PhysicalNetworkFunctionRecord.vnffgr.<elements>.member_vnfs.<elements>.auto_scale_policy)
                         - (collection element) CollectionFetchableElementEntityGraph(entity=org.project.neutrino.nfvo.catalogue.mano.common.AutoScalePolicy, querySpaceUid=<gen:84>, path=org.project.neutrino.nfvo.catalogue.mano.record.PhysicalNetworkFunctionRecord.vnffgr.<elements>.member_vnfs.<elements>.auto_scale_policy.<elements>)
                      - CollectionAttributeFetchImpl(collection=org.project.neutrino.nfvo.catalogue.mano.record.VirtualNetworkFunctionRecord.connected_external_virtual_link, querySpaceUid=<gen:85>, path=org.project.neutrino.nfvo.catalogue.mano.record.PhysicalNetworkFunctionRecord.vnffgr.<elements>.member_vnfs.<elements>.connected_external_virtual_link)
                         - (collection element) CollectionFetchableElementEntityGraph(entity=org.project.neutrino.nfvo.catalogue.mano.record.VirtualLinkRecord, querySpaceUid=<gen:86>, path=org.project.neutrino.nfvo.catalogue.mano.record.PhysicalNetworkFunctionRecord.vnffgr.<elements>.member_vnfs.<elements>.connected_external_virtual_link.<elements>)
                      - CollectionAttributeFetchImpl(collection=org.project.neutrino.nfvo.catalogue.mano.record.VirtualNetworkFunctionRecord.connection_point, querySpaceUid=<gen:87>, path=org.project.neutrino.nfvo.catalogue.mano.record.PhysicalNetworkFunctionRecord.vnffgr.<elements>.member_vnfs.<elements>.connection_point)
                         - (collection element) CollectionFetchableElementEntityGraph(entity=org.project.neutrino.nfvo.catalogue.mano.common.ConnectionPoint, querySpaceUid=<gen:88>, path=org.project.neutrino.nfvo.catalogue.mano.record.PhysicalNetworkFunctionRecord.vnffgr.<elements>.member_vnfs.<elements>.connection_point.<elements>)
                      - CollectionAttributeFetchImpl(collection=org.project.neutrino.nfvo.catalogue.mano.record.VirtualNetworkFunctionRecord.dependency, querySpaceUid=<gen:89>, path=org.project.neutrino.nfvo.catalogue.mano.record.PhysicalNetworkFunctionRecord.vnffgr.<elements>.member_vnfs.<elements>.dependency)
                         - (collection element) CollectionFetchableElementEntityGraph(entity=org.project.neutrino.nfvo.catalogue.mano.common.VNFDependency, querySpaceUid=<gen:90>, path=org.project.neutrino.nfvo.catalogue.mano.record.PhysicalNetworkFunctionRecord.vnffgr.<elements>.member_vnfs.<elements>.dependency.<elements>)
                      - EntityAttributeFetchImpl(entity=org.project.neutrino.nfvo.catalogue.mano.descriptor.VNFDDeploymentFlavour, querySpaceUid=<gen:91>, path=org.project.neutrino.nfvo.catalogue.mano.record.PhysicalNetworkFunctionRecord.vnffgr.<elements>.member_vnfs.<elements>.deployment_flavour)
                      - EntityAttributeFetchImpl(entity=org.project.neutrino.nfvo.catalogue.mano.common.LifecycleEvent, querySpaceUid=<gen:92>, path=org.project.neutrino.nfvo.catalogue.mano.record.PhysicalNetworkFunctionRecord.vnffgr.<elements>.member_vnfs.<elements>.lifecycle_event)
                      - CollectionAttributeFetchImpl(collection=org.project.neutrino.nfvo.catalogue.mano.record.VirtualNetworkFunctionRecord.lifecycle_event_history, querySpaceUid=<gen:93>, path=org.project.neutrino.nfvo.catalogue.mano.record.PhysicalNetworkFunctionRecord.vnffgr.<elements>.member_vnfs.<elements>.lifecycle_event_history)
                         - (collection element) CollectionFetchableElementEntityGraph(entity=org.project.neutrino.nfvo.catalogue.mano.common.LifecycleEvent, querySpaceUid=<gen:94>, path=org.project.neutrino.nfvo.catalogue.mano.record.PhysicalNetworkFunctionRecord.vnffgr.<elements>.member_vnfs.<elements>.lifecycle_event_history.<elements>)
                      - EntityAttributeFetchImpl(entity=org.project.neutrino.nfvo.catalogue.mano.record.NetworkServiceRecord, querySpaceUid=<gen:95>, path=org.project.neutrino.nfvo.catalogue.mano.record.PhysicalNetworkFunctionRecord.vnffgr.<elements>.member_vnfs.<elements>.parent_ns)
                      - CollectionAttributeFetchImpl(collection=org.project.neutrino.nfvo.catalogue.mano.record.VirtualNetworkFunctionRecord.vdu, querySpaceUid=<gen:96>, path=org.project.neutrino.nfvo.catalogue.mano.record.PhysicalNetworkFunctionRecord.vnffgr.<elements>.member_vnfs.<elements>.vdu)
                         - (collection element) CollectionFetchableElementEntityGraph(entity=org.project.neutrino.nfvo.catalogue.mano.descriptor.VirtualDeploymentUnit, querySpaceUid=<gen:97>, path=org.project.neutrino.nfvo.catalogue.mano.record.PhysicalNetworkFunctionRecord.vnffgr.<elements>.member_vnfs.<elements>.vdu.<elements>)
                      - CollectionAttributeFetchImpl(collection=org.project.neutrino.nfvo.catalogue.mano.record.VirtualNetworkFunctionRecord.virtual_link, querySpaceUid=<gen:98>, path=org.project.neutrino.nfvo.catalogue.mano.record.PhysicalNetworkFunctionRecord.vnffgr.<elements>.member_vnfs.<elements>.virtual_link)
                         - (collection element) CollectionFetchableElementEntityGraph(entity=org.project.neutrino.nfvo.catalogue.mano.descriptor.InternalVirtualLink, querySpaceUid=<gen:99>, path=org.project.neutrino.nfvo.catalogue.mano.record.PhysicalNetworkFunctionRecord.vnffgr.<elements>.member_vnfs.<elements>.virtual_link.<elements>)
                - EntityAttributeFetchImpl(entity=org.project.neutrino.nfvo.catalogue.mano.descriptor.NetworkForwardingPath, querySpaceUid=<gen:100>, path=org.project.neutrino.nfvo.catalogue.mano.record.PhysicalNetworkFunctionRecord.vnffgr.<elements>.network_forwarding_path)
                   - CollectionAttributeFetchImpl(collection=org.project.neutrino.nfvo.catalogue.mano.descriptor.NetworkForwardingPath.connection, querySpaceUid=<gen:101>, path=org.project.neutrino.nfvo.catalogue.mano.record.PhysicalNetworkFunctionRecord.vnffgr.<elements>.network_forwarding_path.connection)
                   - EntityAttributeFetchImpl(entity=org.project.neutrino.nfvo.catalogue.mano.descriptor.Policy, querySpaceUid=<gen:102>, path=org.project.neutrino.nfvo.catalogue.mano.record.PhysicalNetworkFunctionRecord.vnffgr.<elements>.network_forwarding_path.policy)
                - EntityAttributeFetchImpl(entity=org.project.neutrino.nfvo.catalogue.mano.record.NetworkServiceRecord, querySpaceUid=<gen:103>, path=org.project.neutrino.nfvo.catalogue.mano.record.PhysicalNetworkFunctionRecord.vnffgr.<elements>.parent_ns)
    - QuerySpaces
       - EntityQuerySpaceImpl(uid=<gen:0>, entity=org.project.neutrino.nfvo.catalogue.mano.record.PhysicalNetworkFunctionRecord)
          - SQL table alias mapping - physicalne0_
          - alias suffix - 0_
          - suffixed key columns - {id1_37_0_}
          - JOIN (JoinDefinedByMetadata(connected_virtual_link)) : <gen:0> -> <gen:1>
             - CollectionQuerySpaceImpl(uid=<gen:1>, collection=org.project.neutrino.nfvo.catalogue.mano.record.PhysicalNetworkFunctionRecord.connected_virtual_link)
                - SQL table alias mapping - connected_1_
                - alias suffix - 1_
                - suffixed key columns - {physical1_37_1_}
                - entity-element alias suffix - 2_
                - 2_entity-element suffixed key columns - id1_54_2_
                - JOIN (JoinDefinedByMetadata(elements)) : <gen:1> -> <gen:2>
                   - EntityQuerySpaceImpl(uid=<gen:2>, entity=org.project.neutrino.nfvo.catalogue.mano.record.VirtualLinkRecord)
                      - SQL table alias mapping - virtuallin2_
                      - alias suffix - 2_
                      - suffixed key columns - {id1_54_2_}
                      - JOIN (JoinDefinedByMetadata(lifecycle_event_history)) : <gen:2> -> <gen:3>
                         - CollectionQuerySpaceImpl(uid=<gen:3>, collection=org.project.neutrino.nfvo.catalogue.mano.record.VirtualLinkRecord.lifecycle_event_history)
                            - SQL table alias mapping - lifecycle_3_
                            - alias suffix - 3_
                            - suffixed key columns - {virtual_1_54_3_}
                            - entity-element alias suffix - 4_
                            - 4_entity-element suffixed key columns - id1_10_4_
                            - JOIN (JoinDefinedByMetadata(elements)) : <gen:3> -> <gen:4>
                               - EntityQuerySpaceImpl(uid=<gen:4>, entity=org.project.neutrino.nfvo.catalogue.mano.common.LifecycleEvent)
                                  - SQL table alias mapping - lifecyclee4_
                                  - alias suffix - 4_
                                  - suffixed key columns - {id1_10_4_}
                      - JOIN (JoinDefinedByMetadata(vnffgr_reference)) : <gen:2> -> <gen:5>
                         - CollectionQuerySpaceImpl(uid=<gen:5>, collection=org.project.neutrino.nfvo.catalogue.mano.record.VirtualLinkRecord.vnffgr_reference)
                            - SQL table alias mapping - vnffgr_ref5_
                            - alias suffix - 5_
                            - suffixed key columns - {virtual_1_54_5_}
                            - entity-element alias suffix - 6_
                            - 6_entity-element suffixed key columns - id1_92_6_
                            - JOIN (JoinDefinedByMetadata(elements)) : <gen:5> -> <gen:6>
                               - EntityQuerySpaceImpl(uid=<gen:6>, entity=org.project.neutrino.nfvo.catalogue.mano.record.VNFForwardingGraphRecord)
                                  - SQL table alias mapping - vnfforward6_
                                  - alias suffix - 6_
                                  - suffixed key columns - {id1_92_6_}
          - JOIN (JoinDefinedByMetadata(connection_point)) : <gen:0> -> <gen:18>
             - CollectionQuerySpaceImpl(uid=<gen:18>, collection=org.project.neutrino.nfvo.catalogue.mano.record.PhysicalNetworkFunctionRecord.connection_point)
                - SQL table alias mapping - connection7_
                - alias suffix - 7_
                - suffixed key columns - {physical1_37_7_}
                - entity-element alias suffix - 8_
                - 8_entity-element suffixed key columns - id1_4_8_
                - JOIN (JoinDefinedByMetadata(elements)) : <gen:18> -> <gen:19>
                   - EntityQuerySpaceImpl(uid=<gen:19>, entity=org.project.neutrino.nfvo.catalogue.mano.common.ConnectionPoint)
                      - SQL table alias mapping - connection8_
                      - alias suffix - 8_
                      - suffixed key columns - {id1_4_8_}
          - JOIN (JoinDefinedByMetadata(descriptor_reference)) : <gen:0> -> <gen:20>
             - EntityQuerySpaceImpl(uid=<gen:20>, entity=org.project.neutrino.nfvo.catalogue.mano.descriptor.PhysicalNetworkFunctionDescriptor)
                - SQL table alias mapping - physicalne9_
                - alias suffix - 9_
                - suffixed key columns - {id1_35_9_}
                - JOIN (JoinDefinedByMetadata(pnfd_security)) : <gen:20> -> <gen:21>
                   - EntityQuerySpaceImpl(uid=<gen:21>, entity=org.project.neutrino.nfvo.catalogue.mano.common.Security)
                      - SQL table alias mapping - security10_
                      - alias suffix - 10_
                      - suffixed key columns - {id1_43_10_}
          - JOIN (JoinDefinedByMetadata(parent_ns)) : <gen:0> -> <gen:22>
             - EntityQuerySpaceImpl(uid=<gen:22>, entity=org.project.neutrino.nfvo.catalogue.mano.record.NetworkServiceRecord)
                - SQL table alias mapping - networkser11_
                - alias suffix - 11_
                - suffixed key columns - {id1_18_11_}
                - JOIN (JoinDefinedByMetadata(auto_scale_policy)) : <gen:22> -> <gen:23>
                   - CollectionQuerySpaceImpl(uid=<gen:23>, collection=org.project.neutrino.nfvo.catalogue.mano.record.NetworkServiceRecord.auto_scale_policy)
                      - SQL table alias mapping - auto_scale12_
                      - alias suffix - 12_
                      - suffixed key columns - {network_1_18_12_}
                      - entity-element alias suffix - 13_
                      - 13_entity-element suffixed key columns - id1_3_13_
                      - JOIN (JoinDefinedByMetadata(elements)) : <gen:23> -> <gen:24>
                         - EntityQuerySpaceImpl(uid=<gen:24>, entity=org.project.neutrino.nfvo.catalogue.mano.common.AutoScalePolicy)
                            - SQL table alias mapping - autoscalep13_
                            - alias suffix - 13_
                            - suffixed key columns - {id1_3_13_}
                - JOIN (JoinDefinedByMetadata(connection_point)) : <gen:22> -> <gen:25>
                   - CollectionQuerySpaceImpl(uid=<gen:25>, collection=org.project.neutrino.nfvo.catalogue.mano.record.NetworkServiceRecord.connection_point)
                      - SQL table alias mapping - connection14_
                      - alias suffix - 14_
                      - suffixed key columns - {network_1_18_14_}
                      - entity-element alias suffix - 15_
                      - 15_entity-element suffixed key columns - id1_4_15_
                      - JOIN (JoinDefinedByMetadata(elements)) : <gen:25> -> <gen:26>
                         - EntityQuerySpaceImpl(uid=<gen:26>, entity=org.project.neutrino.nfvo.catalogue.mano.common.ConnectionPoint)
                            - SQL table alias mapping - connection15_
                            - alias suffix - 15_
                            - suffixed key columns - {id1_4_15_}
                - JOIN (JoinDefinedByMetadata(descriptor_reference)) : <gen:22> -> <gen:27>
                   - EntityQuerySpaceImpl(uid=<gen:27>, entity=org.project.neutrino.nfvo.catalogue.mano.common.NFVEntityDescriptor)
                      - SQL table alias mapping - nfventityd16_
                      - alias suffix - 16_
                      - suffixed key columns - {id1_27_16_}
                - JOIN (JoinDefinedByMetadata(lifecycle_event)) : <gen:22> -> <gen:36>
                   - EntityQuerySpaceImpl(uid=<gen:36>, entity=org.project.neutrino.nfvo.catalogue.mano.common.LifecycleEvent)
                      - SQL table alias mapping - lifecyclee17_
                      - alias suffix - 17_
                      - suffixed key columns - {id1_10_17_}
                - JOIN (JoinDefinedByMetadata(lifecycle_event_history)) : <gen:22> -> <gen:37>
                   - CollectionQuerySpaceImpl(uid=<gen:37>, collection=org.project.neutrino.nfvo.catalogue.mano.record.NetworkServiceRecord.lifecycle_event_history)
                      - SQL table alias mapping - lifecycle_18_
                      - alias suffix - 18_
                      - suffixed key columns - {network_1_18_18_}
                      - entity-element alias suffix - 19_
                      - 19_entity-element suffixed key columns - id1_10_19_
                      - JOIN (JoinDefinedByMetadata(elements)) : <gen:37> -> <gen:38>
                         - EntityQuerySpaceImpl(uid=<gen:38>, entity=org.project.neutrino.nfvo.catalogue.mano.common.LifecycleEvent)
                            - SQL table alias mapping - lifecyclee19_
                            - alias suffix - 19_
                            - suffixed key columns - {id1_10_19_}
                - JOIN (JoinDefinedByMetadata(pnfr)) : <gen:22> -> <gen:39>
                   - CollectionQuerySpaceImpl(uid=<gen:39>, collection=org.project.neutrino.nfvo.catalogue.mano.record.NetworkServiceRecord.pnfr)
                      - SQL table alias mapping - pnfr20_
                      - alias suffix - 20_
                      - suffixed key columns - {network_1_18_20_}
                      - entity-element alias suffix - 21_
                      - 21_entity-element suffixed key columns - id1_37_21_
                      - JOIN (JoinDefinedByMetadata(elements)) : <gen:39> -> <gen:40>
                         - EntityQuerySpaceImpl(uid=<gen:40>, entity=org.project.neutrino.nfvo.catalogue.mano.record.PhysicalNetworkFunctionRecord)
                            - SQL table alias mapping - physicalne21_
                            - alias suffix - 21_
                            - suffixed key columns - {id1_37_21_}
                - JOIN (JoinDefinedByMetadata(service_deployment_flavour)) : <gen:22> -> <gen:43>
                   - EntityQuerySpaceImpl(uid=<gen:43>, entity=org.project.neutrino.nfvo.catalogue.mano.common.ServiceDeploymentFlavour)
                      - SQL table alias mapping - servicedep22_
                      - alias suffix - 22_
                      - suffixed key columns - {id1_7_22_}
                - JOIN (JoinDefinedByMetadata(vlr)) : <gen:22> -> <gen:44>
                   - CollectionQuerySpaceImpl(uid=<gen:44>, collection=org.project.neutrino.nfvo.catalogue.mano.record.NetworkServiceRecord.vlr)
                      - SQL table alias mapping - vlr23_
                      - alias suffix - 23_
                      - suffixed key columns - {network_1_18_23_}
                      - entity-element alias suffix - 24_
                      - 24_entity-element suffixed key columns - id1_54_24_
                      - JOIN (JoinDefinedByMetadata(elements)) : <gen:44> -> <gen:45>
                         - EntityQuerySpaceImpl(uid=<gen:45>, entity=org.project.neutrino.nfvo.catalogue.mano.record.VirtualLinkRecord)
                            - SQL table alias mapping - virtuallin24_
                            - alias suffix - 24_
                            - suffixed key columns - {id1_54_24_}
                - JOIN (JoinDefinedByMetadata(vnf_dependency)) : <gen:22> -> <gen:46>
                   - CollectionQuerySpaceImpl(uid=<gen:46>, collection=org.project.neutrino.nfvo.catalogue.mano.record.NetworkServiceRecord.vnf_dependency)
                      - SQL table alias mapping - vnf_depend25_
                      - alias suffix - 25_
                      - suffixed key columns - {network_1_18_25_}
                      - entity-element alias suffix - 26_
                      - 26_entity-element suffixed key columns - id1_86_26_
                      - JOIN (JoinDefinedByMetadata(elements)) : <gen:46> -> <gen:47>
                         - EntityQuerySpaceImpl(uid=<gen:47>, entity=org.project.neutrino.nfvo.catalogue.mano.common.VNFDependency)
                            - SQL table alias mapping - vnfdepende26_
                            - alias suffix - 26_
                            - suffixed key columns - {id1_86_26_}
                - JOIN (JoinDefinedByMetadata(vnffgr)) : <gen:22> -> <gen:50>
                   - CollectionQuerySpaceImpl(uid=<gen:50>, collection=org.project.neutrino.nfvo.catalogue.mano.record.NetworkServiceRecord.vnffgr)
                      - SQL table alias mapping - vnffgr27_
                      - alias suffix - 27_
                      - suffixed key columns - {network_1_18_27_}
                      - entity-element alias suffix - 28_
                      - 28_entity-element suffixed key columns - id1_87_28_
                      - JOIN (JoinDefinedByMetadata(elements)) : <gen:50> -> <gen:51>
                         - EntityQuerySpaceImpl(uid=<gen:51>, entity=org.project.neutrino.nfvo.catalogue.mano.descriptor.VNFForwardingGraph)
                            - SQL table alias mapping - vnfforward28_
                            - alias suffix - 28_
                            - suffixed key columns - {id1_87_28_}
                - JOIN (JoinDefinedByMetadata(vnfr)) : <gen:22> -> <gen:53>
                   - EntityQuerySpaceImpl(uid=<gen:53>, entity=org.project.neutrino.nfvo.catalogue.mano.record.VirtualNetworkFunctionRecord)
                      - SQL table alias mapping - virtualnet29_
                      - alias suffix - 29_
                      - suffixed key columns - {id1_68_29_}
          - JOIN (JoinDefinedByMetadata(vnffgr)) : <gen:0> -> <gen:71>
             - CollectionQuerySpaceImpl(uid=<gen:71>, collection=org.project.neutrino.nfvo.catalogue.mano.record.PhysicalNetworkFunctionRecord.vnffgr)
                - SQL table alias mapping - vnffgr30_
                - alias suffix - 30_
                - suffixed key columns - {physical1_37_30_}
                - entity-element alias suffix - 31_
                - 31_entity-element suffixed key columns - id1_92_31_
                - JOIN (JoinDefinedByMetadata(elements)) : <gen:71> -> <gen:72>
                   - EntityQuerySpaceImpl(uid=<gen:72>, entity=org.project.neutrino.nfvo.catalogue.mano.record.VNFForwardingGraphRecord)
                      - SQL table alias mapping - vnfforward31_
                      - alias suffix - 31_
                      - suffixed key columns - {id1_92_31_}
                      - JOIN (JoinDefinedByMetadata(connection_point)) : <gen:72> -> <gen:73>
                         - CollectionQuerySpaceImpl(uid=<gen:73>, collection=org.project.neutrino.nfvo.catalogue.mano.record.VNFForwardingGraphRecord.connection_point)
                            - SQL table alias mapping - connection32_
                            - alias suffix - 32_
                            - suffixed key columns - {vnfforwa1_92_32_}
                            - entity-element alias suffix - 33_
                            - 33_entity-element suffixed key columns - id1_4_33_
                            - JOIN (JoinDefinedByMetadata(elements)) : <gen:73> -> <gen:74>
                               - EntityQuerySpaceImpl(uid=<gen:74>, entity=org.project.neutrino.nfvo.catalogue.mano.descriptor.VNFDConnectionPoint)
                                  - SQL table alias mapping - vnfdconnec33_
                                  - alias suffix - 33_
                                  - suffixed key columns - {id1_4_33_}
                      - JOIN (JoinDefinedByMetadata(dependent_virtual_link)) : <gen:72> -> <gen:75>
                         - CollectionQuerySpaceImpl(uid=<gen:75>, collection=org.project.neutrino.nfvo.catalogue.mano.record.VNFForwardingGraphRecord.dependent_virtual_link)
                            - SQL table alias mapping - dependent_34_
                            - alias suffix - 34_
                            - suffixed key columns - {vnfforwa1_92_34_}
                            - entity-element alias suffix - 35_
                            - 35_entity-element suffixed key columns - id1_54_35_
                            - JOIN (JoinDefinedByMetadata(elements)) : <gen:75> -> <gen:76>
                               - EntityQuerySpaceImpl(uid=<gen:76>, entity=org.project.neutrino.nfvo.catalogue.mano.record.VirtualLinkRecord)
                                  - SQL table alias mapping - virtuallin35_
                                  - alias suffix - 35_
                                  - suffixed key columns - {id1_54_35_}
                      - JOIN (JoinDefinedByMetadata(descriptor_reference)) : <gen:72> -> <gen:77>
                         - EntityQuerySpaceImpl(uid=<gen:77>, entity=org.project.neutrino.nfvo.catalogue.mano.descriptor.VNFForwardingGraph)
                            - SQL table alias mapping - vnfforward36_
                            - alias suffix - 36_
                            - suffixed key columns - {id1_87_36_}
                      - JOIN (JoinDefinedByMetadata(lifecycle_event_history)) : <gen:72> -> <gen:79>
                         - CollectionQuerySpaceImpl(uid=<gen:79>, collection=org.project.neutrino.nfvo.catalogue.mano.record.VNFForwardingGraphRecord.lifecycle_event_history)
                            - SQL table alias mapping - lifecycle_37_
                            - alias suffix - 37_
                            - suffixed key columns - {vnfforwa1_92_37_}
                            - entity-element alias suffix - 38_
                            - 38_entity-element suffixed key columns - id1_10_38_
                            - JOIN (JoinDefinedByMetadata(elements)) : <gen:79> -> <gen:80>
                               - EntityQuerySpaceImpl(uid=<gen:80>, entity=org.project.neutrino.nfvo.catalogue.mano.common.LifecycleEvent)
                                  - SQL table alias mapping - lifecyclee38_
                                  - alias suffix - 38_
                                  - suffixed key columns - {id1_10_38_}
                      - JOIN (JoinDefinedByMetadata(member_vnfs)) : <gen:72> -> <gen:81>
                         - CollectionQuerySpaceImpl(uid=<gen:81>, collection=org.project.neutrino.nfvo.catalogue.mano.record.VNFForwardingGraphRecord.member_vnfs)
                            - SQL table alias mapping - member_vnf39_
                            - alias suffix - 39_
                            - suffixed key columns - {vnfforwa1_92_39_}
                            - entity-element alias suffix - 40_
                            - 40_entity-element suffixed key columns - id1_68_40_
                            - JOIN (JoinDefinedByMetadata(elements)) : <gen:81> -> <gen:82>
                               - EntityQuerySpaceImpl(uid=<gen:82>, entity=org.project.neutrino.nfvo.catalogue.mano.record.VirtualNetworkFunctionRecord)
                                  - SQL table alias mapping - virtualnet40_
                                  - alias suffix - 40_
                                  - suffixed key columns - {id1_68_40_}
                      - JOIN (JoinDefinedByMetadata(network_forwarding_path)) : <gen:72> -> <gen:100>
                         - EntityQuerySpaceImpl(uid=<gen:100>, entity=org.project.neutrino.nfvo.catalogue.mano.descriptor.NetworkForwardingPath)
                            - SQL table alias mapping - networkfor41_
                            - alias suffix - 41_
                            - suffixed key columns - {id1_12_41_}
                      - JOIN (JoinDefinedByMetadata(parent_ns)) : <gen:72> -> <gen:103>
                         - EntityQuerySpaceImpl(uid=<gen:103>, entity=org.project.neutrino.nfvo.catalogue.mano.record.NetworkServiceRecord)
                            - SQL table alias mapping - networkser42_
                            - alias suffix - 42_
                            - suffixed key columns - {id1_18_42_}

13:23:07.303 [Test worker] DEBUG o.h.loader.entity.plan.EntityLoader - Static select for entity org.project.neutrino.nfvo.catalogue.mano.record.PhysicalNetworkFunctionRecord [READ]: select physicalne0_.id as id1_37_0_, physicalne0_.description as descript2_37_0_, physicalne0_.descriptor_reference_id as descript6_37_0_, physicalne0_.oam_reference as oam_refe3_37_0_, physicalne0_.parent_ns_id as parent_n7_37_0_, physicalne0_.vendor as vendor4_37_0_, physicalne0_.version as version5_37_0_, connected_1_.physical_network_function_record_id as physical1_37_1_, virtuallin2_.id as connecte2_38_1_, virtuallin2_.id as id1_54_2_, virtuallin2_.connectivity_type as connecti2_54_2_, virtuallin2_.descriptor_reference as descript3_54_2_, virtuallin2_.leaf_requirement as leaf_req4_54_2_, virtuallin2_.number_of_enpoints as number_o5_54_2_, virtuallin2_.parent_ns as parent_n6_54_2_, virtuallin2_.root_requirement as root_req7_54_2_, virtuallin2_.status as status8_54_2_, virtuallin2_.test_access as test_acc9_54_2_, virtuallin2_.vendor as vendor10_54_2_, virtuallin2_.version as version11_54_2_, virtuallin2_.vim_id as vim_id12_54_2_, lifecycle_3_.virtual_link_record_id as virtual_1_54_3_, lifecyclee4_.id as lifecycl2_58_3_, lifecyclee4_.id as id1_10_4_, lifecyclee4_.version as version2_10_4_, vnffgr_ref5_.virtual_link_record_id as virtual_1_54_5_, vnfforward6_.id as vnffgr_r2_61_5_, vnfforward6_.id as id1_92_6_, vnfforward6_.audit_log as audit_lo2_92_6_, vnfforward6_.descriptor_reference_id as descrip10_92_6_, vnfforward6_.network_forwarding_path_id as network11_92_6_, vnfforward6_.number_of_endpoints as number_o3_92_6_, vnfforward6_.number_of_pnfs as number_o4_92_6_, vnfforward6_.number_of_virtual_links as number_o5_92_6_, vnfforward6_.number_of_vnfs as number_o6_92_6_, vnfforward6_.parent_ns_id as parent_12_92_6_, vnfforward6_.status as status7_92_6_, vnfforward6_.vendor as vendor8_92_6_, vnfforward6_.version as version9_92_6_, connection7_.physical_network_function_record_id as physical1_37_7_, connection8_.id as connecti2_39_7_, connection8_.id as id1_4_8_, connection8_.type as type2_4_8_, connection8_.version as version3_4_8_, connection8_.virtual_link_reference as virtual_1_82_8_, connection8_.clazz_ as clazz_8_, physicalne9_.id as id1_35_9_, physicalne9_.description as descript2_35_9_, physicalne9_.descriptor_version as descript3_35_9_, physicalne9_.hb_version as hb_versi4_35_9_, physicalne9_.pnfd_security_id as pnfd_sec7_35_9_, physicalne9_.vendor as vendor5_35_9_, physicalne9_.version as version6_35_9_, security10_.id as id1_43_10_, security10_.version as version2_43_10_, networkser11_.id as id1_18_11_, networkser11_.audit_log as audit_lo2_18_11_, networkser11_.descriptor_reference_Id as descript9_18_11_, networkser11_.lifecycle_event_id as lifecyc10_18_11_, networkser11_.notification as notifica3_18_11_, networkser11_.resource_reservation as resource4_18_11_, networkser11_.runtime_policy_info as runtime_5_18_11_, networkser11_.service_deployment_flavour_id as service11_18_11_, networkser11_.status as status6_18_11_, networkser11_.vendor as vendor7_18_11_, networkser11_.version as version8_18_11_, networkser11_.vnfr_id as vnfr_id12_18_11_, auto_scale12_.network_service_record_id as network_1_18_12_, autoscalep13_.id as auto_sca2_19_12_, autoscalep13_.id as id1_3_13_, autoscalep13_.version as version2_3_13_, connection14_.network_service_record_id as network_1_18_14_, connection15_.id as connecti2_20_14_, connection15_.id as id1_4_15_, connection15_.type as type2_4_15_, connection15_.version as version3_4_15_, connection15_.virtual_link_reference as virtual_1_82_15_, connection15_.clazz_ as clazz_15_, nfventityd16_.id as id1_27_16_, nfventityd16_.hb_version as hb_versi2_27_16_, nfventityd16_.vendor as vendor3_27_16_, nfventityd16_.version as version4_27_16_, nfventityd16_.descriptor_version as descript1_62_16_, nfventityd16_.manifest_file as manifest2_62_16_, nfventityd16_.nsd_security_id as nsd_secu1_14_16_, nfventityd16_.clazz_ as clazz_16_, lifecyclee17_.id as id1_10_17_, lifecyclee17_.version as version2_10_17_, lifecycle_18_.network_service_record_id as network_1_18_18_, lifecyclee19_.id as lifecycl2_21_18_, lifecyclee19_.id as id1_10_19_, lifecyclee19_.version as version2_10_19_, pnfr20_.network_service_record_id as network_1_18_20_, physicalne21_.id as pnfr_id2_23_20_, physicalne21_.id as id1_37_21_, physicalne21_.description as descript2_37_21_, physicalne21_.descriptor_reference_id as descript6_37_21_, physicalne21_.oam_reference as oam_refe3_37_21_, physicalne21_.parent_ns_id as parent_n7_37_21_, physicalne21_.vendor as vendor4_37_21_, physicalne21_.version as version5_37_21_, servicedep22_.id as id1_7_22_, servicedep22_.flavour_key as flavour_2_7_22_, servicedep22_.version as version3_7_22_, vlr23_.network_service_record_id as network_1_18_23_, virtuallin24_.id as vlr_id2_24_23_, virtuallin24_.id as id1_54_24_, virtuallin24_.connectivity_type as connecti2_54_24_, virtuallin24_.descriptor_reference as descript3_54_24_, virtuallin24_.leaf_requirement as leaf_req4_54_24_, virtuallin24_.number_of_enpoints as number_o5_54_24_, virtuallin24_.parent_ns as parent_n6_54_24_, virtuallin24_.root_requirement as root_req7_54_24_, virtuallin24_.status as status8_54_24_, virtuallin24_.test_access as test_acc9_54_24_, virtuallin24_.vendor as vendor10_54_24_, virtuallin24_.version as version11_54_24_, virtuallin24_.vim_id as vim_id12_54_24_, vnf_depend25_.network_service_record_id as network_1_18_25_, vnfdepende26_.id as vnf_depe2_25_25_, vnfdepende26_.id as id1_86_26_, vnfdepende26_.source_Id as source_I3_86_26_, vnfdepende26_.target_Id as target_I4_86_26_, vnfdepende26_.version as version2_86_26_, vnffgr27_.network_service_record_id as network_1_18_27_, vnfforward28_.id as vnffgr_i2_26_27_, vnfforward28_.id as id1_87_28_, vnfforward28_.descriptor_version as descript2_87_28_, vnfforward28_.hb_version as hb_versi3_87_28_, vnfforward28_.number_of_endpoints as number_o4_87_28_, vnfforward28_.number_of_virtual_links as number_o5_87_28_, vnfforward28_.vendor as vendor6_87_28_, vnfforward28_.version as version7_87_28_, vnfforward28_.vnffgd_security_id as vnffgd_s8_87_28_, virtualnet29_.id as id1_68_29_, virtualnet29_.audit_log as audit_lo2_68_29_, virtualnet29_.deployment_flavour_id as deployme9_68_29_, virtualnet29_.descriptor_reference as descript3_68_29_, virtualnet29_.lifecycle_event_id as lifecyc10_68_29_, virtualnet29_.localization as localiza4_68_29_, virtualnet29_.parent_ns_id as parent_11_68_29_, virtualnet29_.status as status5_68_29_, virtualnet29_.vendor as vendor6_68_29_, virtualnet29_.version as version7_68_29_, virtualnet29_.vnfm_id as vnfm_id8_68_29_, vnffgr30_.physical_network_function_record_id as physical1_37_30_, vnfforward31_.id as vnffgr_i2_41_30_, vnfforward31_.id as id1_92_31_, vnfforward31_.audit_log as audit_lo2_92_31_, vnfforward31_.descriptor_reference_id as descrip10_92_31_, vnfforward31_.network_forwarding_path_id as network11_92_31_, vnfforward31_.number_of_endpoints as number_o3_92_31_, vnfforward31_.number_of_pnfs as number_o4_92_31_, vnfforward31_.number_of_virtual_links as number_o5_92_31_, vnfforward31_.number_of_vnfs as number_o6_92_31_, vnfforward31_.parent_ns_id as parent_12_92_31_, vnfforward31_.status as status7_92_31_, vnfforward31_.vendor as vendor8_92_31_, vnfforward31_.version as version9_92_31_, connection32_.vnfforwarding_graph_record_id as vnfforwa1_92_32_, vnfdconnec33_.id as connecti2_93_32_, vnfdconnec33_.id as id1_4_33_, vnfdconnec33_.type as type2_4_33_, vnfdconnec33_.version as version3_4_33_, vnfdconnec33_.virtual_link_reference as virtual_1_82_33_, dependent_34_.vnfforwarding_graph_record_id as vnfforwa1_92_34_, virtuallin35_.id as dependen2_94_34_, virtuallin35_.id as id1_54_35_, virtuallin35_.connectivity_type as connecti2_54_35_, virtuallin35_.descriptor_reference as descript3_54_35_, virtuallin35_.leaf_requirement as leaf_req4_54_35_, virtuallin35_.number_of_enpoints as number_o5_54_35_, virtuallin35_.parent_ns as parent_n6_54_35_, virtuallin35_.root_requirement as root_req7_54_35_, virtuallin35_.status as status8_54_35_, virtuallin35_.test_access as test_acc9_54_35_, virtuallin35_.vendor as vendor10_54_35_, virtuallin35_.version as version11_54_35_, virtuallin35_.vim_id as vim_id12_54_35_, vnfforward36_.id as id1_87_36_, vnfforward36_.descriptor_version as descript2_87_36_, vnfforward36_.hb_version as hb_versi3_87_36_, vnfforward36_.number_of_endpoints as number_o4_87_36_, vnfforward36_.number_of_virtual_links as number_o5_87_36_, vnfforward36_.vendor as vendor6_87_36_, vnfforward36_.version as version7_87_36_, vnfforward36_.vnffgd_security_id as vnffgd_s8_87_36_, lifecycle_37_.vnfforwarding_graph_record_id as vnfforwa1_92_37_, lifecyclee38_.id as lifecycl2_95_37_, lifecyclee38_.id as id1_10_38_, lifecyclee38_.version as version2_10_38_, member_vnf39_.vnfforwarding_graph_record_id as vnfforwa1_92_39_, virtualnet40_.id as member_v2_96_39_, virtualnet40_.id as id1_68_40_, virtualnet40_.audit_log as audit_lo2_68_40_, virtualnet40_.deployment_flavour_id as deployme9_68_40_, virtualnet40_.descriptor_reference as descript3_68_40_, virtualnet40_.lifecycle_event_id as lifecyc10_68_40_, virtualnet40_.localization as localiza4_68_40_, virtualnet40_.parent_ns_id as parent_11_68_40_, virtualnet40_.status as status5_68_40_, virtualnet40_.vendor as vendor6_68_40_, virtualnet40_.version as version7_68_40_, virtualnet40_.vnfm_id as vnfm_id8_68_40_, networkfor41_.id as id1_12_41_, networkfor41_.policy_id as policy_i3_12_41_, networkfor41_.version as version2_12_41_, networkser42_.id as id1_18_42_, networkser42_.audit_log as audit_lo2_18_42_, networkser42_.descriptor_reference_Id as descript9_18_42_, networkser42_.lifecycle_event_id as lifecyc10_18_42_, networkser42_.notification as notifica3_18_42_, networkser42_.resource_reservation as resource4_18_42_, networkser42_.runtime_policy_info as runtime_5_18_42_, networkser42_.service_deployment_flavour_id as service11_18_42_, networkser42_.status as status6_18_42_, networkser42_.vendor as vendor7_18_42_, networkser42_.version as version8_18_42_, networkser42_.vnfr_id as vnfr_id12_18_42_ from physical_network_function_record physicalne0_ left outer join physical_network_function_record_connected_virtual_link connected_1_ on physicalne0_.id=connected_1_.physical_network_function_record_id left outer join virtual_link_record virtuallin2_ on connected_1_.connected_virtual_link_id=virtuallin2_.id left outer join virtual_link_record_lifecycle_event_history lifecycle_3_ on virtuallin2_.id=lifecycle_3_.virtual_link_record_id left outer join lifecycle_event lifecyclee4_ on lifecycle_3_.lifecycle_event_history_id=lifecyclee4_.id left outer join virtual_link_record_vnffgr_reference vnffgr_ref5_ on virtuallin2_.id=vnffgr_ref5_.virtual_link_record_id left outer join vnfforwarding_graph_record vnfforward6_ on vnffgr_ref5_.vnffgr_reference_id=vnfforward6_.id left outer join physical_network_function_record_connection_point connection7_ on physicalne0_.id=connection7_.physical_network_function_record_id left outer join ( select id, type, version, null as virtual_link_reference, 0 as clazz_ from connection_point union select id, type, version, virtual_link_reference, 1 as clazz_ from vnfdconnection_point ) connection8_ on connection7_.connection_point_id=connection8_.id left outer join physical_network_function_descriptor physicalne9_ on physicalne0_.descriptor_reference_id=physicalne9_.id left outer join security security10_ on physicalne9_.pnfd_security_id=security10_.id left outer join network_service_record networkser11_ on physicalne0_.parent_ns_id=networkser11_.id left outer join network_service_record_auto_scale_policy auto_scale12_ on networkser11_.id=auto_scale12_.network_service_record_id left outer join auto_scale_policy autoscalep13_ on auto_scale12_.auto_scale_policy_id=autoscalep13_.id left outer join network_service_record_connection_point connection14_ on networkser11_.id=connection14_.network_service_record_id left outer join ( select id, type, version, null as virtual_link_reference, 0 as clazz_ from connection_point union select id, type, version, virtual_link_reference, 1 as clazz_ from vnfdconnection_point ) connection15_ on connection14_.connection_point_id=connection15_.id left outer join ( select id, hb_version, vendor, version, descriptor_version, manifest_file, null as nsd_security_id, 1 as clazz_ from virtual_network_function_descriptor union select id, hb_version, vendor, version, null as descriptor_version, null as manifest_file, nsd_security_id, 2 as clazz_ from network_service_descriptor ) nfventityd16_ on networkser11_.descriptor_reference_Id=nfventityd16_.id left outer join lifecycle_event lifecyclee17_ on networkser11_.lifecycle_event_id=lifecyclee17_.id left outer join network_service_record_lifecycle_event_history lifecycle_18_ on networkser11_.id=lifecycle_18_.network_service_record_id left outer join lifecycle_event lifecyclee19_ on lifecycle_18_.lifecycle_event_history_id=lifecyclee19_.id left outer join network_service_record_pnfr pnfr20_ on networkser11_.id=pnfr20_.network_service_record_id left outer join physical_network_function_record physicalne21_ on pnfr20_.pnfr_id=physicalne21_.id left outer join service_deployment_flavour servicedep22_ on networkser11_.service_deployment_flavour_id=servicedep22_.id left outer join network_service_record_vlr vlr23_ on networkser11_.id=vlr23_.network_service_record_id left outer join virtual_link_record virtuallin24_ on vlr23_.vlr_id=virtuallin24_.id left outer join network_service_record_vnf_dependency vnf_depend25_ on networkser11_.id=vnf_depend25_.network_service_record_id left outer join vnfdependency vnfdepende26_ on vnf_depend25_.vnf_dependency_id=vnfdepende26_.id left outer join network_service_record_vnffgr vnffgr27_ on networkser11_.id=vnffgr27_.network_service_record_id left outer join vnfforwarding_graph vnfforward28_ on vnffgr27_.vnffgr_id=vnfforward28_.id left outer join virtual_network_function_record virtualnet29_ on networkser11_.vnfr_id=virtualnet29_.id left outer join physical_network_function_record_vnffgr vnffgr30_ on physicalne0_.id=vnffgr30_.physical_network_function_record_id left outer join vnfforwarding_graph_record vnfforward31_ on vnffgr30_.vnffgr_id=vnfforward31_.id left outer join vnfforwarding_graph_record_connection_point connection32_ on vnfforward31_.id=connection32_.vnfforwarding_graph_record_id left outer join vnfdconnection_point vnfdconnec33_ on connection32_.connection_point_id=vnfdconnec33_.id left outer join vnfforwarding_graph_record_dependent_virtual_link dependent_34_ on vnfforward31_.id=dependent_34_.vnfforwarding_graph_record_id left outer join virtual_link_record virtuallin35_ on dependent_34_.dependent_virtual_link_id=virtuallin35_.id left outer join vnfforwarding_graph vnfforward36_ on vnfforward31_.descriptor_reference_id=vnfforward36_.id left outer join vnfforwarding_graph_record_lifecycle_event_history lifecycle_37_ on vnfforward31_.id=lifecycle_37_.vnfforwarding_graph_record_id left outer join lifecycle_event lifecyclee38_ on lifecycle_37_.lifecycle_event_history_id=lifecyclee38_.id left outer join vnfforwarding_graph_record_member_vnfs member_vnf39_ on vnfforward31_.id=member_vnf39_.vnfforwarding_graph_record_id left outer join virtual_network_function_record virtualnet40_ on member_vnf39_.member_vnfs_id=virtualnet40_.id left outer join network_forwarding_path networkfor41_ on vnfforward31_.network_forwarding_path_id=networkfor41_.id left outer join network_service_record networkser42_ on vnfforward31_.parent_ns_id=networkser42_.id where physicalne0_.id=?
13:23:07.303 [Test worker] DEBUG o.h.l.p.b.i.spaces.QuerySpacesImpl - Adding QuerySpace : uid = <gen:0> -> org.hibernate.loader.plan.build.internal.spaces.EntityQuerySpaceImpl@34f14c84]
13:23:07.303 [Test worker] DEBUG o.h.p.w.spi.MetamodelGraphWalker - Visiting attribute path : connected_virtual_link
13:23:07.303 [Test worker] DEBUG o.h.l.p.b.i.spaces.QuerySpacesImpl - Adding QuerySpace : uid = <gen:1> -> org.hibernate.loader.plan.build.internal.spaces.CollectionQuerySpaceImpl@3fcdb5a1]
13:23:07.303 [Test worker] DEBUG o.h.l.p.b.i.spaces.QuerySpacesImpl - Adding QuerySpace : uid = <gen:2> -> org.hibernate.loader.plan.build.internal.spaces.EntityQuerySpaceImpl@5a4f7dc0]
13:23:07.303 [Test worker] DEBUG o.h.p.w.spi.MetamodelGraphWalker - Visiting attribute path : connection_point
13:23:07.303 [Test worker] DEBUG o.h.l.p.b.i.spaces.QuerySpacesImpl - Adding QuerySpace : uid = <gen:3> -> org.hibernate.loader.plan.build.internal.spaces.CollectionQuerySpaceImpl@18c8f692]
13:23:07.303 [Test worker] DEBUG o.h.l.p.b.i.spaces.QuerySpacesImpl - Adding QuerySpace : uid = <gen:4> -> org.hibernate.loader.plan.build.internal.spaces.EntityQuerySpaceImpl@31b3f7f4]
13:23:07.303 [Test worker] DEBUG o.h.p.w.spi.MetamodelGraphWalker - Visiting attribute path : description
13:23:07.303 [Test worker] DEBUG o.h.p.w.spi.MetamodelGraphWalker - Visiting attribute path : descriptor_reference
13:23:07.303 [Test worker] DEBUG o.h.l.p.b.i.spaces.QuerySpacesImpl - Adding QuerySpace : uid = <gen:5> -> org.hibernate.loader.plan.build.internal.spaces.EntityQuerySpaceImpl@1e5bcdaa]
13:23:07.303 [Test worker] DEBUG o.h.p.w.spi.MetamodelGraphWalker - Visiting attribute path : oam_reference
13:23:07.303 [Test worker] DEBUG o.h.p.w.spi.MetamodelGraphWalker - Visiting attribute path : parent_ns
13:23:07.304 [Test worker] DEBUG o.h.l.p.b.i.spaces.QuerySpacesImpl - Adding QuerySpace : uid = <gen:6> -> org.hibernate.loader.plan.build.internal.spaces.EntityQuerySpaceImpl@1d1b6378]
13:23:07.304 [Test worker] DEBUG o.h.p.w.spi.MetamodelGraphWalker - Visiting attribute path : pnf_address
13:23:07.304 [Test worker] DEBUG o.h.p.w.spi.MetamodelGraphWalker - Visiting attribute path : vendor
13:23:07.304 [Test worker] DEBUG o.h.p.w.spi.MetamodelGraphWalker - Visiting attribute path : version
13:23:07.304 [Test worker] DEBUG o.h.p.w.spi.MetamodelGraphWalker - Visiting attribute path : vnffgr
13:23:07.304 [Test worker] DEBUG o.h.l.p.b.i.spaces.QuerySpacesImpl - Adding QuerySpace : uid = <gen:7> -> org.hibernate.loader.plan.build.internal.spaces.CollectionQuerySpaceImpl@711f6a35]
13:23:07.304 [Test worker] DEBUG o.h.l.p.b.i.spaces.QuerySpacesImpl - Adding QuerySpace : uid = <gen:8> -> org.hibernate.loader.plan.build.internal.spaces.EntityQuerySpaceImpl@4575f798]
13:23:07.304 [Test worker] DEBUG o.h.l.p.b.i.FetchStyleLoadPlanBuildingAssociationVisitationStrategy - Building LoadPlan...
13:23:07.304 [Test worker] DEBUG o.h.l.p.e.i.LoadQueryJoinAndFetchProcessor - processing queryspace <gen:0>
13:23:07.304 [Test worker] DEBUG o.h.l.p.b.spi.LoadPlanTreePrinter - LoadPlan(entity=org.project.neutrino.nfvo.catalogue.mano.record.PhysicalNetworkFunctionRecord)
    - Returns
       - EntityReturnImpl(entity=org.project.neutrino.nfvo.catalogue.mano.record.PhysicalNetworkFunctionRecord, querySpaceUid=<gen:0>, path=org.project.neutrino.nfvo.catalogue.mano.record.PhysicalNetworkFunctionRecord)
          - CollectionAttributeFetchImpl(collection=org.project.neutrino.nfvo.catalogue.mano.record.PhysicalNetworkFunctionRecord.connected_virtual_link, querySpaceUid=<gen:1>, path=org.project.neutrino.nfvo.catalogue.mano.record.PhysicalNetworkFunctionRecord.connected_virtual_link)
             - (collection element) CollectionFetchableElementEntityGraph(entity=org.project.neutrino.nfvo.catalogue.mano.record.VirtualLinkRecord, querySpaceUid=<gen:2>, path=org.project.neutrino.nfvo.catalogue.mano.record.PhysicalNetworkFunctionRecord.connected_virtual_link.<elements>)
          - CollectionAttributeFetchImpl(collection=org.project.neutrino.nfvo.catalogue.mano.record.PhysicalNetworkFunctionRecord.connection_point, querySpaceUid=<gen:3>, path=org.project.neutrino.nfvo.catalogue.mano.record.PhysicalNetworkFunctionRecord.connection_point)
             - (collection element) CollectionFetchableElementEntityGraph(entity=org.project.neutrino.nfvo.catalogue.mano.common.ConnectionPoint, querySpaceUid=<gen:4>, path=org.project.neutrino.nfvo.catalogue.mano.record.PhysicalNetworkFunctionRecord.connection_point.<elements>)
          - EntityAttributeFetchImpl(entity=org.project.neutrino.nfvo.catalogue.mano.descriptor.PhysicalNetworkFunctionDescriptor, querySpaceUid=<gen:5>, path=org.project.neutrino.nfvo.catalogue.mano.record.PhysicalNetworkFunctionRecord.descriptor_reference)
          - EntityAttributeFetchImpl(entity=org.project.neutrino.nfvo.catalogue.mano.record.NetworkServiceRecord, querySpaceUid=<gen:6>, path=org.project.neutrino.nfvo.catalogue.mano.record.PhysicalNetworkFunctionRecord.parent_ns)
          - CollectionAttributeFetchImpl(collection=org.project.neutrino.nfvo.catalogue.mano.record.PhysicalNetworkFunctionRecord.vnffgr, querySpaceUid=<gen:7>, path=org.project.neutrino.nfvo.catalogue.mano.record.PhysicalNetworkFunctionRecord.vnffgr)
             - (collection element) CollectionFetchableElementEntityGraph(entity=org.project.neutrino.nfvo.catalogue.mano.record.VNFForwardingGraphRecord, querySpaceUid=<gen:8>, path=org.project.neutrino.nfvo.catalogue.mano.record.PhysicalNetworkFunctionRecord.vnffgr.<elements>)
    - QuerySpaces
       - EntityQuerySpaceImpl(uid=<gen:0>, entity=org.project.neutrino.nfvo.catalogue.mano.record.PhysicalNetworkFunctionRecord)
          - SQL table alias mapping - physicalne0_
          - alias suffix - 0_
          - suffixed key columns - {id1_37_0_}

13:23:07.304 [Test worker] DEBUG o.h.loader.entity.plan.EntityLoader - Static select for entity org.project.neutrino.nfvo.catalogue.mano.record.PhysicalNetworkFunctionRecord [UPGRADE]: select physicalne0_.id as id1_37_0_, physicalne0_.description as descript2_37_0_, physicalne0_.descriptor_reference_id as descript6_37_0_, physicalne0_.oam_reference as oam_refe3_37_0_, physicalne0_.parent_ns_id as parent_n7_37_0_, physicalne0_.vendor as vendor4_37_0_, physicalne0_.version as version5_37_0_ from physical_network_function_record physicalne0_ where physicalne0_.id=? for update
13:23:07.305 [Test worker] DEBUG o.h.l.p.b.i.spaces.QuerySpacesImpl - Adding QuerySpace : uid = <gen:0> -> org.hibernate.loader.plan.build.internal.spaces.EntityQuerySpaceImpl@43d23fc8]
13:23:07.305 [Test worker] DEBUG o.h.p.w.spi.MetamodelGraphWalker - Visiting attribute path : connected_virtual_link
13:23:07.305 [Test worker] DEBUG o.h.l.p.b.i.spaces.QuerySpacesImpl - Adding QuerySpace : uid = <gen:1> -> org.hibernate.loader.plan.build.internal.spaces.CollectionQuerySpaceImpl@557d25fe]
13:23:07.305 [Test worker] DEBUG o.h.l.p.b.i.spaces.QuerySpacesImpl - Adding QuerySpace : uid = <gen:2> -> org.hibernate.loader.plan.build.internal.spaces.EntityQuerySpaceImpl@b49728b]
13:23:07.305 [Test worker] DEBUG o.h.p.w.spi.MetamodelGraphWalker - Visiting attribute path : connection_point
13:23:07.305 [Test worker] DEBUG o.h.l.p.b.i.spaces.QuerySpacesImpl - Adding QuerySpace : uid = <gen:3> -> org.hibernate.loader.plan.build.internal.spaces.CollectionQuerySpaceImpl@2ff0977]
13:23:07.305 [Test worker] DEBUG o.h.l.p.b.i.spaces.QuerySpacesImpl - Adding QuerySpace : uid = <gen:4> -> org.hibernate.loader.plan.build.internal.spaces.EntityQuerySpaceImpl@35c6652a]
13:23:07.305 [Test worker] DEBUG o.h.p.w.spi.MetamodelGraphWalker - Visiting attribute path : description
13:23:07.305 [Test worker] DEBUG o.h.p.w.spi.MetamodelGraphWalker - Visiting attribute path : descriptor_reference
13:23:07.305 [Test worker] DEBUG o.h.l.p.b.i.spaces.QuerySpacesImpl - Adding QuerySpace : uid = <gen:5> -> org.hibernate.loader.plan.build.internal.spaces.EntityQuerySpaceImpl@741bc3fa]
13:23:07.305 [Test worker] DEBUG o.h.p.w.spi.MetamodelGraphWalker - Visiting attribute path : oam_reference
13:23:07.305 [Test worker] DEBUG o.h.p.w.spi.MetamodelGraphWalker - Visiting attribute path : parent_ns
13:23:07.305 [Test worker] DEBUG o.h.l.p.b.i.spaces.QuerySpacesImpl - Adding QuerySpace : uid = <gen:6> -> org.hibernate.loader.plan.build.internal.spaces.EntityQuerySpaceImpl@4adf8da3]
13:23:07.305 [Test worker] DEBUG o.h.p.w.spi.MetamodelGraphWalker - Visiting attribute path : pnf_address
13:23:07.305 [Test worker] DEBUG o.h.p.w.spi.MetamodelGraphWalker - Visiting attribute path : vendor
13:23:07.305 [Test worker] DEBUG o.h.p.w.spi.MetamodelGraphWalker - Visiting attribute path : version
13:23:07.305 [Test worker] DEBUG o.h.p.w.spi.MetamodelGraphWalker - Visiting attribute path : vnffgr
13:23:07.305 [Test worker] DEBUG o.h.l.p.b.i.spaces.QuerySpacesImpl - Adding QuerySpace : uid = <gen:7> -> org.hibernate.loader.plan.build.internal.spaces.CollectionQuerySpaceImpl@1acbeebc]
13:23:07.305 [Test worker] DEBUG o.h.l.p.b.i.spaces.QuerySpacesImpl - Adding QuerySpace : uid = <gen:8> -> org.hibernate.loader.plan.build.internal.spaces.EntityQuerySpaceImpl@42a68662]
13:23:07.305 [Test worker] DEBUG o.h.l.p.b.i.FetchStyleLoadPlanBuildingAssociationVisitationStrategy - Building LoadPlan...
13:23:07.306 [Test worker] DEBUG o.h.l.p.e.i.LoadQueryJoinAndFetchProcessor - processing queryspace <gen:0>
13:23:07.306 [Test worker] DEBUG o.h.l.p.b.spi.LoadPlanTreePrinter - LoadPlan(entity=org.project.neutrino.nfvo.catalogue.mano.record.PhysicalNetworkFunctionRecord)
    - Returns
       - EntityReturnImpl(entity=org.project.neutrino.nfvo.catalogue.mano.record.PhysicalNetworkFunctionRecord, querySpaceUid=<gen:0>, path=org.project.neutrino.nfvo.catalogue.mano.record.PhysicalNetworkFunctionRecord)
          - CollectionAttributeFetchImpl(collection=org.project.neutrino.nfvo.catalogue.mano.record.PhysicalNetworkFunctionRecord.connected_virtual_link, querySpaceUid=<gen:1>, path=org.project.neutrino.nfvo.catalogue.mano.record.PhysicalNetworkFunctionRecord.connected_virtual_link)
             - (collection element) CollectionFetchableElementEntityGraph(entity=org.project.neutrino.nfvo.catalogue.mano.record.VirtualLinkRecord, querySpaceUid=<gen:2>, path=org.project.neutrino.nfvo.catalogue.mano.record.PhysicalNetworkFunctionRecord.connected_virtual_link.<elements>)
          - CollectionAttributeFetchImpl(collection=org.project.neutrino.nfvo.catalogue.mano.record.PhysicalNetworkFunctionRecord.connection_point, querySpaceUid=<gen:3>, path=org.project.neutrino.nfvo.catalogue.mano.record.PhysicalNetworkFunctionRecord.connection_point)
             - (collection element) CollectionFetchableElementEntityGraph(entity=org.project.neutrino.nfvo.catalogue.mano.common.ConnectionPoint, querySpaceUid=<gen:4>, path=org.project.neutrino.nfvo.catalogue.mano.record.PhysicalNetworkFunctionRecord.connection_point.<elements>)
          - EntityAttributeFetchImpl(entity=org.project.neutrino.nfvo.catalogue.mano.descriptor.PhysicalNetworkFunctionDescriptor, querySpaceUid=<gen:5>, path=org.project.neutrino.nfvo.catalogue.mano.record.PhysicalNetworkFunctionRecord.descriptor_reference)
          - EntityAttributeFetchImpl(entity=org.project.neutrino.nfvo.catalogue.mano.record.NetworkServiceRecord, querySpaceUid=<gen:6>, path=org.project.neutrino.nfvo.catalogue.mano.record.PhysicalNetworkFunctionRecord.parent_ns)
          - CollectionAttributeFetchImpl(collection=org.project.neutrino.nfvo.catalogue.mano.record.PhysicalNetworkFunctionRecord.vnffgr, querySpaceUid=<gen:7>, path=org.project.neutrino.nfvo.catalogue.mano.record.PhysicalNetworkFunctionRecord.vnffgr)
             - (collection element) CollectionFetchableElementEntityGraph(entity=org.project.neutrino.nfvo.catalogue.mano.record.VNFForwardingGraphRecord, querySpaceUid=<gen:8>, path=org.project.neutrino.nfvo.catalogue.mano.record.PhysicalNetworkFunctionRecord.vnffgr.<elements>)
    - QuerySpaces
       - EntityQuerySpaceImpl(uid=<gen:0>, entity=org.project.neutrino.nfvo.catalogue.mano.record.PhysicalNetworkFunctionRecord)
          - SQL table alias mapping - physicalne0_
          - alias suffix - 0_
          - suffixed key columns - {id1_37_0_}

13:23:07.306 [Test worker] DEBUG o.h.loader.entity.plan.EntityLoader - Static select for entity org.project.neutrino.nfvo.catalogue.mano.record.PhysicalNetworkFunctionRecord [UPGRADE_NOWAIT]: select physicalne0_.id as id1_37_0_, physicalne0_.description as descript2_37_0_, physicalne0_.descriptor_reference_id as descript6_37_0_, physicalne0_.oam_reference as oam_refe3_37_0_, physicalne0_.parent_ns_id as parent_n7_37_0_, physicalne0_.vendor as vendor4_37_0_, physicalne0_.version as version5_37_0_ from physical_network_function_record physicalne0_ where physicalne0_.id=? for update
13:23:07.306 [Test worker] DEBUG o.h.l.p.b.i.spaces.QuerySpacesImpl - Adding QuerySpace : uid = <gen:0> -> org.hibernate.loader.plan.build.internal.spaces.EntityQuerySpaceImpl@42c0ae1d]
13:23:07.306 [Test worker] DEBUG o.h.p.w.spi.MetamodelGraphWalker - Visiting attribute path : connected_virtual_link
13:23:07.306 [Test worker] DEBUG o.h.l.p.b.i.spaces.QuerySpacesImpl - Adding QuerySpace : uid = <gen:1> -> org.hibernate.loader.plan.build.internal.spaces.CollectionQuerySpaceImpl@63dc49f0]
13:23:07.306 [Test worker] DEBUG o.h.l.p.b.i.spaces.QuerySpacesImpl - Adding QuerySpace : uid = <gen:2> -> org.hibernate.loader.plan.build.internal.spaces.EntityQuerySpaceImpl@137a5ec8]
13:23:07.306 [Test worker] DEBUG o.h.p.w.spi.MetamodelGraphWalker - Visiting attribute path : connection_point
13:23:07.307 [Test worker] DEBUG o.h.l.p.b.i.spaces.QuerySpacesImpl - Adding QuerySpace : uid = <gen:3> -> org.hibernate.loader.plan.build.internal.spaces.CollectionQuerySpaceImpl@46e4a675]
13:23:07.307 [Test worker] DEBUG o.h.l.p.b.i.spaces.QuerySpacesImpl - Adding QuerySpace : uid = <gen:4> -> org.hibernate.loader.plan.build.internal.spaces.EntityQuerySpaceImpl@4d6c6faf]
13:23:07.307 [Test worker] DEBUG o.h.p.w.spi.MetamodelGraphWalker - Visiting attribute path : description
13:23:07.307 [Test worker] DEBUG o.h.p.w.spi.MetamodelGraphWalker - Visiting attribute path : descriptor_reference
13:23:07.307 [Test worker] DEBUG o.h.l.p.b.i.spaces.QuerySpacesImpl - Adding QuerySpace : uid = <gen:5> -> org.hibernate.loader.plan.build.internal.spaces.EntityQuerySpaceImpl@a1871df]
13:23:07.307 [Test worker] DEBUG o.h.p.w.spi.MetamodelGraphWalker - Visiting attribute path : oam_reference
13:23:07.307 [Test worker] DEBUG o.h.p.w.spi.MetamodelGraphWalker - Visiting attribute path : parent_ns
13:23:07.307 [Test worker] DEBUG o.h.l.p.b.i.spaces.QuerySpacesImpl - Adding QuerySpace : uid = <gen:6> -> org.hibernate.loader.plan.build.internal.spaces.EntityQuerySpaceImpl@4adbeca6]
13:23:07.307 [Test worker] DEBUG o.h.p.w.spi.MetamodelGraphWalker - Visiting attribute path : pnf_address
13:23:07.307 [Test worker] DEBUG o.h.p.w.spi.MetamodelGraphWalker - Visiting attribute path : vendor
13:23:07.307 [Test worker] DEBUG o.h.p.w.spi.MetamodelGraphWalker - Visiting attribute path : version
13:23:07.307 [Test worker] DEBUG o.h.p.w.spi.MetamodelGraphWalker - Visiting attribute path : vnffgr
13:23:07.307 [Test worker] DEBUG o.h.l.p.b.i.spaces.QuerySpacesImpl - Adding QuerySpace : uid = <gen:7> -> org.hibernate.loader.plan.build.internal.spaces.CollectionQuerySpaceImpl@2c8dacaf]
13:23:07.307 [Test worker] DEBUG o.h.l.p.b.i.spaces.QuerySpacesImpl - Adding QuerySpace : uid = <gen:8> -> org.hibernate.loader.plan.build.internal.spaces.EntityQuerySpaceImpl@9442c03]
13:23:07.307 [Test worker] DEBUG o.h.l.p.b.i.FetchStyleLoadPlanBuildingAssociationVisitationStrategy - Building LoadPlan...
13:23:07.307 [Test worker] DEBUG o.h.l.p.e.i.LoadQueryJoinAndFetchProcessor - processing queryspace <gen:0>
13:23:07.308 [Test worker] DEBUG o.h.l.p.b.spi.LoadPlanTreePrinter - LoadPlan(entity=org.project.neutrino.nfvo.catalogue.mano.record.PhysicalNetworkFunctionRecord)
    - Returns
       - EntityReturnImpl(entity=org.project.neutrino.nfvo.catalogue.mano.record.PhysicalNetworkFunctionRecord, querySpaceUid=<gen:0>, path=org.project.neutrino.nfvo.catalogue.mano.record.PhysicalNetworkFunctionRecord)
          - CollectionAttributeFetchImpl(collection=org.project.neutrino.nfvo.catalogue.mano.record.PhysicalNetworkFunctionRecord.connected_virtual_link, querySpaceUid=<gen:1>, path=org.project.neutrino.nfvo.catalogue.mano.record.PhysicalNetworkFunctionRecord.connected_virtual_link)
             - (collection element) CollectionFetchableElementEntityGraph(entity=org.project.neutrino.nfvo.catalogue.mano.record.VirtualLinkRecord, querySpaceUid=<gen:2>, path=org.project.neutrino.nfvo.catalogue.mano.record.PhysicalNetworkFunctionRecord.connected_virtual_link.<elements>)
          - CollectionAttributeFetchImpl(collection=org.project.neutrino.nfvo.catalogue.mano.record.PhysicalNetworkFunctionRecord.connection_point, querySpaceUid=<gen:3>, path=org.project.neutrino.nfvo.catalogue.mano.record.PhysicalNetworkFunctionRecord.connection_point)
             - (collection element) CollectionFetchableElementEntityGraph(entity=org.project.neutrino.nfvo.catalogue.mano.common.ConnectionPoint, querySpaceUid=<gen:4>, path=org.project.neutrino.nfvo.catalogue.mano.record.PhysicalNetworkFunctionRecord.connection_point.<elements>)
          - EntityAttributeFetchImpl(entity=org.project.neutrino.nfvo.catalogue.mano.descriptor.PhysicalNetworkFunctionDescriptor, querySpaceUid=<gen:5>, path=org.project.neutrino.nfvo.catalogue.mano.record.PhysicalNetworkFunctionRecord.descriptor_reference)
          - EntityAttributeFetchImpl(entity=org.project.neutrino.nfvo.catalogue.mano.record.NetworkServiceRecord, querySpaceUid=<gen:6>, path=org.project.neutrino.nfvo.catalogue.mano.record.PhysicalNetworkFunctionRecord.parent_ns)
          - CollectionAttributeFetchImpl(collection=org.project.neutrino.nfvo.catalogue.mano.record.PhysicalNetworkFunctionRecord.vnffgr, querySpaceUid=<gen:7>, path=org.project.neutrino.nfvo.catalogue.mano.record.PhysicalNetworkFunctionRecord.vnffgr)
             - (collection element) CollectionFetchableElementEntityGraph(entity=org.project.neutrino.nfvo.catalogue.mano.record.VNFForwardingGraphRecord, querySpaceUid=<gen:8>, path=org.project.neutrino.nfvo.catalogue.mano.record.PhysicalNetworkFunctionRecord.vnffgr.<elements>)
    - QuerySpaces
       - EntityQuerySpaceImpl(uid=<gen:0>, entity=org.project.neutrino.nfvo.catalogue.mano.record.PhysicalNetworkFunctionRecord)
          - SQL table alias mapping - physicalne0_
          - alias suffix - 0_
          - suffixed key columns - {id1_37_0_}

13:23:07.308 [Test worker] DEBUG o.h.loader.entity.plan.EntityLoader - Static select for entity org.project.neutrino.nfvo.catalogue.mano.record.PhysicalNetworkFunctionRecord [UPGRADE_SKIPLOCKED]: select physicalne0_.id as id1_37_0_, physicalne0_.description as descript2_37_0_, physicalne0_.descriptor_reference_id as descript6_37_0_, physicalne0_.oam_reference as oam_refe3_37_0_, physicalne0_.parent_ns_id as parent_n7_37_0_, physicalne0_.vendor as vendor4_37_0_, physicalne0_.version as version5_37_0_ from physical_network_function_record physicalne0_ where physicalne0_.id=? for update
13:23:07.308 [Test worker] DEBUG o.h.l.p.b.i.spaces.QuerySpacesImpl - Adding QuerySpace : uid = <gen:0> -> org.hibernate.loader.plan.build.internal.spaces.EntityQuerySpaceImpl@5aa57db5]
13:23:07.308 [Test worker] DEBUG o.h.p.w.spi.MetamodelGraphWalker - Visiting attribute path : connected_virtual_link
13:23:07.308 [Test worker] DEBUG o.h.l.p.b.i.spaces.QuerySpacesImpl - Adding QuerySpace : uid = <gen:1> -> org.hibernate.loader.plan.build.internal.spaces.CollectionQuerySpaceImpl@4580bf87]
13:23:07.308 [Test worker] DEBUG o.h.l.p.b.i.spaces.QuerySpacesImpl - Adding QuerySpace : uid = <gen:2> -> org.hibernate.loader.plan.build.internal.spaces.EntityQuerySpaceImpl@79e5bb7]
13:23:07.308 [Test worker] DEBUG o.h.p.w.spi.MetamodelGraphWalker - Visiting attribute path : connection_point
13:23:07.308 [Test worker] DEBUG o.h.l.p.b.i.spaces.QuerySpacesImpl - Adding QuerySpace : uid = <gen:3> -> org.hibernate.loader.plan.build.internal.spaces.CollectionQuerySpaceImpl@2d974f49]
13:23:07.308 [Test worker] DEBUG o.h.l.p.b.i.spaces.QuerySpacesImpl - Adding QuerySpace : uid = <gen:4> -> org.hibernate.loader.plan.build.internal.spaces.EntityQuerySpaceImpl@28d65901]
13:23:07.308 [Test worker] DEBUG o.h.p.w.spi.MetamodelGraphWalker - Visiting attribute path : description
13:23:07.308 [Test worker] DEBUG o.h.p.w.spi.MetamodelGraphWalker - Visiting attribute path : descriptor_reference
13:23:07.308 [Test worker] DEBUG o.h.l.p.b.i.spaces.QuerySpacesImpl - Adding QuerySpace : uid = <gen:5> -> org.hibernate.loader.plan.build.internal.spaces.EntityQuerySpaceImpl@106d6599]
13:23:07.308 [Test worker] DEBUG o.h.p.w.spi.MetamodelGraphWalker - Visiting attribute path : oam_reference
13:23:07.308 [Test worker] DEBUG o.h.p.w.spi.MetamodelGraphWalker - Visiting attribute path : parent_ns
13:23:07.308 [Test worker] DEBUG o.h.l.p.b.i.spaces.QuerySpacesImpl - Adding QuerySpace : uid = <gen:6> -> org.hibernate.loader.plan.build.internal.spaces.EntityQuerySpaceImpl@7e29283b]
13:23:07.308 [Test worker] DEBUG o.h.p.w.spi.MetamodelGraphWalker - Visiting attribute path : pnf_address
13:23:07.308 [Test worker] DEBUG o.h.p.w.spi.MetamodelGraphWalker - Visiting attribute path : vendor
13:23:07.308 [Test worker] DEBUG o.h.p.w.spi.MetamodelGraphWalker - Visiting attribute path : version
13:23:07.308 [Test worker] DEBUG o.h.p.w.spi.MetamodelGraphWalker - Visiting attribute path : vnffgr
13:23:07.308 [Test worker] DEBUG o.h.l.p.b.i.spaces.QuerySpacesImpl - Adding QuerySpace : uid = <gen:7> -> org.hibernate.loader.plan.build.internal.spaces.CollectionQuerySpaceImpl@40107a32]
13:23:07.308 [Test worker] DEBUG o.h.l.p.b.i.spaces.QuerySpacesImpl - Adding QuerySpace : uid = <gen:8> -> org.hibernate.loader.plan.build.internal.spaces.EntityQuerySpaceImpl@79c68979]
13:23:07.308 [Test worker] DEBUG o.h.l.p.b.i.FetchStyleLoadPlanBuildingAssociationVisitationStrategy - Building LoadPlan...
13:23:07.309 [Test worker] DEBUG o.h.l.p.e.i.LoadQueryJoinAndFetchProcessor - processing queryspace <gen:0>
13:23:07.309 [Test worker] DEBUG o.h.l.p.b.spi.LoadPlanTreePrinter - LoadPlan(entity=org.project.neutrino.nfvo.catalogue.mano.record.PhysicalNetworkFunctionRecord)
    - Returns
       - EntityReturnImpl(entity=org.project.neutrino.nfvo.catalogue.mano.record.PhysicalNetworkFunctionRecord, querySpaceUid=<gen:0>, path=org.project.neutrino.nfvo.catalogue.mano.record.PhysicalNetworkFunctionRecord)
          - CollectionAttributeFetchImpl(collection=org.project.neutrino.nfvo.catalogue.mano.record.PhysicalNetworkFunctionRecord.connected_virtual_link, querySpaceUid=<gen:1>, path=org.project.neutrino.nfvo.catalogue.mano.record.PhysicalNetworkFunctionRecord.connected_virtual_link)
             - (collection element) CollectionFetchableElementEntityGraph(entity=org.project.neutrino.nfvo.catalogue.mano.record.VirtualLinkRecord, querySpaceUid=<gen:2>, path=org.project.neutrino.nfvo.catalogue.mano.record.PhysicalNetworkFunctionRecord.connected_virtual_link.<elements>)
          - CollectionAttributeFetchImpl(collection=org.project.neutrino.nfvo.catalogue.mano.record.PhysicalNetworkFunctionRecord.connection_point, querySpaceUid=<gen:3>, path=org.project.neutrino.nfvo.catalogue.mano.record.PhysicalNetworkFunctionRecord.connection_point)
             - (collection element) CollectionFetchableElementEntityGraph(entity=org.project.neutrino.nfvo.catalogue.mano.common.ConnectionPoint, querySpaceUid=<gen:4>, path=org.project.neutrino.nfvo.catalogue.mano.record.PhysicalNetworkFunctionRecord.connection_point.<elements>)
          - EntityAttributeFetchImpl(entity=org.project.neutrino.nfvo.catalogue.mano.descriptor.PhysicalNetworkFunctionDescriptor, querySpaceUid=<gen:5>, path=org.project.neutrino.nfvo.catalogue.mano.record.PhysicalNetworkFunctionRecord.descriptor_reference)
          - EntityAttributeFetchImpl(entity=org.project.neutrino.nfvo.catalogue.mano.record.NetworkServiceRecord, querySpaceUid=<gen:6>, path=org.project.neutrino.nfvo.catalogue.mano.record.PhysicalNetworkFunctionRecord.parent_ns)
          - CollectionAttributeFetchImpl(collection=org.project.neutrino.nfvo.catalogue.mano.record.PhysicalNetworkFunctionRecord.vnffgr, querySpaceUid=<gen:7>, path=org.project.neutrino.nfvo.catalogue.mano.record.PhysicalNetworkFunctionRecord.vnffgr)
             - (collection element) CollectionFetchableElementEntityGraph(entity=org.project.neutrino.nfvo.catalogue.mano.record.VNFForwardingGraphRecord, querySpaceUid=<gen:8>, path=org.project.neutrino.nfvo.catalogue.mano.record.PhysicalNetworkFunctionRecord.vnffgr.<elements>)
    - QuerySpaces
       - EntityQuerySpaceImpl(uid=<gen:0>, entity=org.project.neutrino.nfvo.catalogue.mano.record.PhysicalNetworkFunctionRecord)
          - SQL table alias mapping - physicalne0_
          - alias suffix - 0_
          - suffixed key columns - {id1_37_0_}

13:23:07.309 [Test worker] DEBUG o.h.loader.entity.plan.EntityLoader - Static select for entity org.project.neutrino.nfvo.catalogue.mano.record.PhysicalNetworkFunctionRecord [FORCE]: select physicalne0_.id as id1_37_0_, physicalne0_.description as descript2_37_0_, physicalne0_.descriptor_reference_id as descript6_37_0_, physicalne0_.oam_reference as oam_refe3_37_0_, physicalne0_.parent_ns_id as parent_n7_37_0_, physicalne0_.vendor as vendor4_37_0_, physicalne0_.version as version5_37_0_ from physical_network_function_record physicalne0_ where physicalne0_.id=? for update
13:23:07.309 [Test worker] DEBUG o.h.l.p.b.i.spaces.QuerySpacesImpl - Adding QuerySpace : uid = <gen:0> -> org.hibernate.loader.plan.build.internal.spaces.EntityQuerySpaceImpl@596ba564]
13:23:07.309 [Test worker] DEBUG o.h.p.w.spi.MetamodelGraphWalker - Visiting attribute path : connected_virtual_link
13:23:07.309 [Test worker] DEBUG o.h.l.p.b.i.spaces.QuerySpacesImpl - Adding QuerySpace : uid = <gen:1> -> org.hibernate.loader.plan.build.internal.spaces.CollectionQuerySpaceImpl@1f2a78f6]
13:23:07.309 [Test worker] DEBUG o.h.l.p.b.i.spaces.QuerySpacesImpl - Adding QuerySpace : uid = <gen:2> -> org.hibernate.loader.plan.build.internal.spaces.EntityQuerySpaceImpl@1d6b6e76]
13:23:07.309 [Test worker] DEBUG o.h.p.w.spi.MetamodelGraphWalker - Visiting attribute path : connection_point
13:23:07.309 [Test worker] DEBUG o.h.l.p.b.i.spaces.QuerySpacesImpl - Adding QuerySpace : uid = <gen:3> -> org.hibernate.loader.plan.build.internal.spaces.CollectionQuerySpaceImpl@78211410]
13:23:07.309 [Test worker] DEBUG o.h.l.p.b.i.spaces.QuerySpacesImpl - Adding QuerySpace : uid = <gen:4> -> org.hibernate.loader.plan.build.internal.spaces.EntityQuerySpaceImpl@43ac640d]
13:23:07.309 [Test worker] DEBUG o.h.p.w.spi.MetamodelGraphWalker - Visiting attribute path : description
13:23:07.309 [Test worker] DEBUG o.h.p.w.spi.MetamodelGraphWalker - Visiting attribute path : descriptor_reference
13:23:07.309 [Test worker] DEBUG o.h.l.p.b.i.spaces.QuerySpacesImpl - Adding QuerySpace : uid = <gen:5> -> org.hibernate.loader.plan.build.internal.spaces.EntityQuerySpaceImpl@6adcb430]
13:23:07.310 [Test worker] DEBUG o.h.p.w.spi.MetamodelGraphWalker - Visiting attribute path : oam_reference
13:23:07.310 [Test worker] DEBUG o.h.p.w.spi.MetamodelGraphWalker - Visiting attribute path : parent_ns
13:23:07.310 [Test worker] DEBUG o.h.l.p.b.i.spaces.QuerySpacesImpl - Adding QuerySpace : uid = <gen:6> -> org.hibernate.loader.plan.build.internal.spaces.EntityQuerySpaceImpl@3fb9f21f]
13:23:07.310 [Test worker] DEBUG o.h.p.w.spi.MetamodelGraphWalker - Visiting attribute path : pnf_address
13:23:07.310 [Test worker] DEBUG o.h.p.w.spi.MetamodelGraphWalker - Visiting attribute path : vendor
13:23:07.310 [Test worker] DEBUG o.h.p.w.spi.MetamodelGraphWalker - Visiting attribute path : version
13:23:07.310 [Test worker] DEBUG o.h.p.w.spi.MetamodelGraphWalker - Visiting attribute path : vnffgr
13:23:07.310 [Test worker] DEBUG o.h.l.p.b.i.spaces.QuerySpacesImpl - Adding QuerySpace : uid = <gen:7> -> org.hibernate.loader.plan.build.internal.spaces.CollectionQuerySpaceImpl@48c6f1e8]
13:23:07.310 [Test worker] DEBUG o.h.l.p.b.i.spaces.QuerySpacesImpl - Adding QuerySpace : uid = <gen:8> -> org.hibernate.loader.plan.build.internal.spaces.EntityQuerySpaceImpl@7d33dbab]
13:23:07.310 [Test worker] DEBUG o.h.l.p.b.i.FetchStyleLoadPlanBuildingAssociationVisitationStrategy - Building LoadPlan...
13:23:07.310 [Test worker] DEBUG o.h.l.p.e.i.LoadQueryJoinAndFetchProcessor - processing queryspace <gen:0>
13:23:07.310 [Test worker] DEBUG o.h.l.p.b.spi.LoadPlanTreePrinter - LoadPlan(entity=org.project.neutrino.nfvo.catalogue.mano.record.PhysicalNetworkFunctionRecord)
    - Returns
       - EntityReturnImpl(entity=org.project.neutrino.nfvo.catalogue.mano.record.PhysicalNetworkFunctionRecord, querySpaceUid=<gen:0>, path=org.project.neutrino.nfvo.catalogue.mano.record.PhysicalNetworkFunctionRecord)
          - CollectionAttributeFetchImpl(collection=org.project.neutrino.nfvo.catalogue.mano.record.PhysicalNetworkFunctionRecord.connected_virtual_link, querySpaceUid=<gen:1>, path=org.project.neutrino.nfvo.catalogue.mano.record.PhysicalNetworkFunctionRecord.connected_virtual_link)
             - (collection element) CollectionFetchableElementEntityGraph(entity=org.project.neutrino.nfvo.catalogue.mano.record.VirtualLinkRecord, querySpaceUid=<gen:2>, path=org.project.neutrino.nfvo.catalogue.mano.record.PhysicalNetworkFunctionRecord.connected_virtual_link.<elements>)
          - CollectionAttributeFetchImpl(collection=org.project.neutrino.nfvo.catalogue.mano.record.PhysicalNetworkFunctionRecord.connection_point, querySpaceUid=<gen:3>, path=org.project.neutrino.nfvo.catalogue.mano.record.PhysicalNetworkFunctionRecord.connection_point)
             - (collection element) CollectionFetchableElementEntityGraph(entity=org.project.neutrino.nfvo.catalogue.mano.common.ConnectionPoint, querySpaceUid=<gen:4>, path=org.project.neutrino.nfvo.catalogue.mano.record.PhysicalNetworkFunctionRecord.connection_point.<elements>)
          - EntityAttributeFetchImpl(entity=org.project.neutrino.nfvo.catalogue.mano.descriptor.PhysicalNetworkFunctionDescriptor, querySpaceUid=<gen:5>, path=org.project.neutrino.nfvo.catalogue.mano.record.PhysicalNetworkFunctionRecord.descriptor_reference)
          - EntityAttributeFetchImpl(entity=org.project.neutrino.nfvo.catalogue.mano.record.NetworkServiceRecord, querySpaceUid=<gen:6>, path=org.project.neutrino.nfvo.catalogue.mano.record.PhysicalNetworkFunctionRecord.parent_ns)
          - CollectionAttributeFetchImpl(collection=org.project.neutrino.nfvo.catalogue.mano.record.PhysicalNetworkFunctionRecord.vnffgr, querySpaceUid=<gen:7>, path=org.project.neutrino.nfvo.catalogue.mano.record.PhysicalNetworkFunctionRecord.vnffgr)
             - (collection element) CollectionFetchableElementEntityGraph(entity=org.project.neutrino.nfvo.catalogue.mano.record.VNFForwardingGraphRecord, querySpaceUid=<gen:8>, path=org.project.neutrino.nfvo.catalogue.mano.record.PhysicalNetworkFunctionRecord.vnffgr.<elements>)
    - QuerySpaces
       - EntityQuerySpaceImpl(uid=<gen:0>, entity=org.project.neutrino.nfvo.catalogue.mano.record.PhysicalNetworkFunctionRecord)
          - SQL table alias mapping - physicalne0_
          - alias suffix - 0_
          - suffixed key columns - {id1_37_0_}

13:23:07.310 [Test worker] DEBUG o.h.loader.entity.plan.EntityLoader - Static select for entity org.project.neutrino.nfvo.catalogue.mano.record.PhysicalNetworkFunctionRecord [PESSIMISTIC_READ]: select physicalne0_.id as id1_37_0_, physicalne0_.description as descript2_37_0_, physicalne0_.descriptor_reference_id as descript6_37_0_, physicalne0_.oam_reference as oam_refe3_37_0_, physicalne0_.parent_ns_id as parent_n7_37_0_, physicalne0_.vendor as vendor4_37_0_, physicalne0_.version as version5_37_0_ from physical_network_function_record physicalne0_ where physicalne0_.id=? lock in share mode
13:23:07.311 [Test worker] DEBUG o.h.l.p.b.i.spaces.QuerySpacesImpl - Adding QuerySpace : uid = <gen:0> -> org.hibernate.loader.plan.build.internal.spaces.EntityQuerySpaceImpl@579af7c4]
13:23:07.311 [Test worker] DEBUG o.h.p.w.spi.MetamodelGraphWalker - Visiting attribute path : connected_virtual_link
13:23:07.311 [Test worker] DEBUG o.h.l.p.b.i.spaces.QuerySpacesImpl - Adding QuerySpace : uid = <gen:1> -> org.hibernate.loader.plan.build.internal.spaces.CollectionQuerySpaceImpl@7e63a5e9]
13:23:07.311 [Test worker] DEBUG o.h.l.p.b.i.spaces.QuerySpacesImpl - Adding QuerySpace : uid = <gen:2> -> org.hibernate.loader.plan.build.internal.spaces.EntityQuerySpaceImpl@4021a4d2]
13:23:07.311 [Test worker] DEBUG o.h.p.w.spi.MetamodelGraphWalker - Visiting attribute path : connection_point
13:23:07.311 [Test worker] DEBUG o.h.l.p.b.i.spaces.QuerySpacesImpl - Adding QuerySpace : uid = <gen:3> -> org.hibernate.loader.plan.build.internal.spaces.CollectionQuerySpaceImpl@60cbf7e2]
13:23:07.311 [Test worker] DEBUG o.h.l.p.b.i.spaces.QuerySpacesImpl - Adding QuerySpace : uid = <gen:4> -> org.hibernate.loader.plan.build.internal.spaces.EntityQuerySpaceImpl@6eff4813]
13:23:07.311 [Test worker] DEBUG o.h.p.w.spi.MetamodelGraphWalker - Visiting attribute path : description
13:23:07.311 [Test worker] DEBUG o.h.p.w.spi.MetamodelGraphWalker - Visiting attribute path : descriptor_reference
13:23:07.311 [Test worker] DEBUG o.h.l.p.b.i.spaces.QuerySpacesImpl - Adding QuerySpace : uid = <gen:5> -> org.hibernate.loader.plan.build.internal.spaces.EntityQuerySpaceImpl@39d51053]
13:23:07.311 [Test worker] DEBUG o.h.p.w.spi.MetamodelGraphWalker - Visiting attribute path : oam_reference
13:23:07.311 [Test worker] DEBUG o.h.p.w.spi.MetamodelGraphWalker - Visiting attribute path : parent_ns
13:23:07.311 [Test worker] DEBUG o.h.l.p.b.i.spaces.QuerySpacesImpl - Adding QuerySpace : uid = <gen:6> -> org.hibernate.loader.plan.build.internal.spaces.EntityQuerySpaceImpl@5322d6ce]
13:23:07.311 [Test worker] DEBUG o.h.p.w.spi.MetamodelGraphWalker - Visiting attribute path : pnf_address
13:23:07.311 [Test worker] DEBUG o.h.p.w.spi.MetamodelGraphWalker - Visiting attribute path : vendor
13:23:07.311 [Test worker] DEBUG o.h.p.w.spi.MetamodelGraphWalker - Visiting attribute path : version
13:23:07.311 [Test worker] DEBUG o.h.p.w.spi.MetamodelGraphWalker - Visiting attribute path : vnffgr
13:23:07.311 [Test worker] DEBUG o.h.l.p.b.i.spaces.QuerySpacesImpl - Adding QuerySpace : uid = <gen:7> -> org.hibernate.loader.plan.build.internal.spaces.CollectionQuerySpaceImpl@14449906]
13:23:07.311 [Test worker] DEBUG o.h.l.p.b.i.spaces.QuerySpacesImpl - Adding QuerySpace : uid = <gen:8> -> org.hibernate.loader.plan.build.internal.spaces.EntityQuerySpaceImpl@239a634f]
13:23:07.311 [Test worker] DEBUG o.h.l.p.b.i.FetchStyleLoadPlanBuildingAssociationVisitationStrategy - Building LoadPlan...
13:23:07.312 [Test worker] DEBUG o.h.l.p.e.i.LoadQueryJoinAndFetchProcessor - processing queryspace <gen:0>
13:23:07.312 [Test worker] DEBUG o.h.l.p.b.spi.LoadPlanTreePrinter - LoadPlan(entity=org.project.neutrino.nfvo.catalogue.mano.record.PhysicalNetworkFunctionRecord)
    - Returns
       - EntityReturnImpl(entity=org.project.neutrino.nfvo.catalogue.mano.record.PhysicalNetworkFunctionRecord, querySpaceUid=<gen:0>, path=org.project.neutrino.nfvo.catalogue.mano.record.PhysicalNetworkFunctionRecord)
          - CollectionAttributeFetchImpl(collection=org.project.neutrino.nfvo.catalogue.mano.record.PhysicalNetworkFunctionRecord.connected_virtual_link, querySpaceUid=<gen:1>, path=org.project.neutrino.nfvo.catalogue.mano.record.PhysicalNetworkFunctionRecord.connected_virtual_link)
             - (collection element) CollectionFetchableElementEntityGraph(entity=org.project.neutrino.nfvo.catalogue.mano.record.VirtualLinkRecord, querySpaceUid=<gen:2>, path=org.project.neutrino.nfvo.catalogue.mano.record.PhysicalNetworkFunctionRecord.connected_virtual_link.<elements>)
          - CollectionAttributeFetchImpl(collection=org.project.neutrino.nfvo.catalogue.mano.record.PhysicalNetworkFunctionRecord.connection_point, querySpaceUid=<gen:3>, path=org.project.neutrino.nfvo.catalogue.mano.record.PhysicalNetworkFunctionRecord.connection_point)
             - (collection element) CollectionFetchableElementEntityGraph(entity=org.project.neutrino.nfvo.catalogue.mano.common.ConnectionPoint, querySpaceUid=<gen:4>, path=org.project.neutrino.nfvo.catalogue.mano.record.PhysicalNetworkFunctionRecord.connection_point.<elements>)
          - EntityAttributeFetchImpl(entity=org.project.neutrino.nfvo.catalogue.mano.descriptor.PhysicalNetworkFunctionDescriptor, querySpaceUid=<gen:5>, path=org.project.neutrino.nfvo.catalogue.mano.record.PhysicalNetworkFunctionRecord.descriptor_reference)
          - EntityAttributeFetchImpl(entity=org.project.neutrino.nfvo.catalogue.mano.record.NetworkServiceRecord, querySpaceUid=<gen:6>, path=org.project.neutrino.nfvo.catalogue.mano.record.PhysicalNetworkFunctionRecord.parent_ns)
          - CollectionAttributeFetchImpl(collection=org.project.neutrino.nfvo.catalogue.mano.record.PhysicalNetworkFunctionRecord.vnffgr, querySpaceUid=<gen:7>, path=org.project.neutrino.nfvo.catalogue.mano.record.PhysicalNetworkFunctionRecord.vnffgr)
             - (collection element) CollectionFetchableElementEntityGraph(entity=org.project.neutrino.nfvo.catalogue.mano.record.VNFForwardingGraphRecord, querySpaceUid=<gen:8>, path=org.project.neutrino.nfvo.catalogue.mano.record.PhysicalNetworkFunctionRecord.vnffgr.<elements>)
    - QuerySpaces
       - EntityQuerySpaceImpl(uid=<gen:0>, entity=org.project.neutrino.nfvo.catalogue.mano.record.PhysicalNetworkFunctionRecord)
          - SQL table alias mapping - physicalne0_
          - alias suffix - 0_
          - suffixed key columns - {id1_37_0_}

13:23:07.312 [Test worker] DEBUG o.h.loader.entity.plan.EntityLoader - Static select for entity org.project.neutrino.nfvo.catalogue.mano.record.PhysicalNetworkFunctionRecord [PESSIMISTIC_WRITE]: select physicalne0_.id as id1_37_0_, physicalne0_.description as descript2_37_0_, physicalne0_.descriptor_reference_id as descript6_37_0_, physicalne0_.oam_reference as oam_refe3_37_0_, physicalne0_.parent_ns_id as parent_n7_37_0_, physicalne0_.vendor as vendor4_37_0_, physicalne0_.version as version5_37_0_ from physical_network_function_record physicalne0_ where physicalne0_.id=? for update
13:23:07.312 [Test worker] DEBUG o.h.l.p.b.i.spaces.QuerySpacesImpl - Adding QuerySpace : uid = <gen:0> -> org.hibernate.loader.plan.build.internal.spaces.EntityQuerySpaceImpl@6cede9cb]
13:23:07.312 [Test worker] DEBUG o.h.p.w.spi.MetamodelGraphWalker - Visiting attribute path : connected_virtual_link
13:23:07.312 [Test worker] DEBUG o.h.l.p.b.i.spaces.QuerySpacesImpl - Adding QuerySpace : uid = <gen:1> -> org.hibernate.loader.plan.build.internal.spaces.CollectionQuerySpaceImpl@20f72340]
13:23:07.312 [Test worker] DEBUG o.h.l.p.b.i.spaces.QuerySpacesImpl - Adding QuerySpace : uid = <gen:2> -> org.hibernate.loader.plan.build.internal.spaces.EntityQuerySpaceImpl@412b4fa8]
13:23:07.312 [Test worker] DEBUG o.h.p.w.spi.MetamodelGraphWalker - Visiting attribute path : connection_point
13:23:07.312 [Test worker] DEBUG o.h.l.p.b.i.spaces.QuerySpacesImpl - Adding QuerySpace : uid = <gen:3> -> org.hibernate.loader.plan.build.internal.spaces.CollectionQuerySpaceImpl@27ac005]
13:23:07.312 [Test worker] DEBUG o.h.l.p.b.i.spaces.QuerySpacesImpl - Adding QuerySpace : uid = <gen:4> -> org.hibernate.loader.plan.build.internal.spaces.EntityQuerySpaceImpl@48d48988]
13:23:07.313 [Test worker] DEBUG o.h.p.w.spi.MetamodelGraphWalker - Visiting attribute path : description
13:23:07.313 [Test worker] DEBUG o.h.p.w.spi.MetamodelGraphWalker - Visiting attribute path : descriptor_reference
13:23:07.313 [Test worker] DEBUG o.h.l.p.b.i.spaces.QuerySpacesImpl - Adding QuerySpace : uid = <gen:5> -> org.hibernate.loader.plan.build.internal.spaces.EntityQuerySpaceImpl@79916512]
13:23:07.313 [Test worker] DEBUG o.h.p.w.spi.MetamodelGraphWalker - Visiting attribute path : oam_reference
13:23:07.313 [Test worker] DEBUG o.h.p.w.spi.MetamodelGraphWalker - Visiting attribute path : parent_ns
13:23:07.313 [Test worker] DEBUG o.h.l.p.b.i.spaces.QuerySpacesImpl - Adding QuerySpace : uid = <gen:6> -> org.hibernate.loader.plan.build.internal.spaces.EntityQuerySpaceImpl@3882bf18]
13:23:07.313 [Test worker] DEBUG o.h.p.w.spi.MetamodelGraphWalker - Visiting attribute path : pnf_address
13:23:07.313 [Test worker] DEBUG o.h.p.w.spi.MetamodelGraphWalker - Visiting attribute path : vendor
13:23:07.313 [Test worker] DEBUG o.h.p.w.spi.MetamodelGraphWalker - Visiting attribute path : version
13:23:07.313 [Test worker] DEBUG o.h.p.w.spi.MetamodelGraphWalker - Visiting attribute path : vnffgr
13:23:07.313 [Test worker] DEBUG o.h.l.p.b.i.spaces.QuerySpacesImpl - Adding QuerySpace : uid = <gen:7> -> org.hibernate.loader.plan.build.internal.spaces.CollectionQuerySpaceImpl@fcfdda4]
13:23:07.313 [Test worker] DEBUG o.h.l.p.b.i.spaces.QuerySpacesImpl - Adding QuerySpace : uid = <gen:8> -> org.hibernate.loader.plan.build.internal.spaces.EntityQuerySpaceImpl@17e04218]
13:23:07.313 [Test worker] DEBUG o.h.l.p.b.i.FetchStyleLoadPlanBuildingAssociationVisitationStrategy - Building LoadPlan...
13:23:07.313 [Test worker] DEBUG o.h.l.p.e.i.LoadQueryJoinAndFetchProcessor - processing queryspace <gen:0>
13:23:07.313 [Test worker] DEBUG o.h.l.p.b.spi.LoadPlanTreePrinter - LoadPlan(entity=org.project.neutrino.nfvo.catalogue.mano.record.PhysicalNetworkFunctionRecord)
    - Returns
       - EntityReturnImpl(entity=org.project.neutrino.nfvo.catalogue.mano.record.PhysicalNetworkFunctionRecord, querySpaceUid=<gen:0>, path=org.project.neutrino.nfvo.catalogue.mano.record.PhysicalNetworkFunctionRecord)
          - CollectionAttributeFetchImpl(collection=org.project.neutrino.nfvo.catalogue.mano.record.PhysicalNetworkFunctionRecord.connected_virtual_link, querySpaceUid=<gen:1>, path=org.project.neutrino.nfvo.catalogue.mano.record.PhysicalNetworkFunctionRecord.connected_virtual_link)
             - (collection element) CollectionFetchableElementEntityGraph(entity=org.project.neutrino.nfvo.catalogue.mano.record.VirtualLinkRecord, querySpaceUid=<gen:2>, path=org.project.neutrino.nfvo.catalogue.mano.record.PhysicalNetworkFunctionRecord.connected_virtual_link.<elements>)
          - CollectionAttributeFetchImpl(collection=org.project.neutrino.nfvo.catalogue.mano.record.PhysicalNetworkFunctionRecord.connection_point, querySpaceUid=<gen:3>, path=org.project.neutrino.nfvo.catalogue.mano.record.PhysicalNetworkFunctionRecord.connection_point)
             - (collection element) CollectionFetchableElementEntityGraph(entity=org.project.neutrino.nfvo.catalogue.mano.common.ConnectionPoint, querySpaceUid=<gen:4>, path=org.project.neutrino.nfvo.catalogue.mano.record.PhysicalNetworkFunctionRecord.connection_point.<elements>)
          - EntityAttributeFetchImpl(entity=org.project.neutrino.nfvo.catalogue.mano.descriptor.PhysicalNetworkFunctionDescriptor, querySpaceUid=<gen:5>, path=org.project.neutrino.nfvo.catalogue.mano.record.PhysicalNetworkFunctionRecord.descriptor_reference)
          - EntityAttributeFetchImpl(entity=org.project.neutrino.nfvo.catalogue.mano.record.NetworkServiceRecord, querySpaceUid=<gen:6>, path=org.project.neutrino.nfvo.catalogue.mano.record.PhysicalNetworkFunctionRecord.parent_ns)
          - CollectionAttributeFetchImpl(collection=org.project.neutrino.nfvo.catalogue.mano.record.PhysicalNetworkFunctionRecord.vnffgr, querySpaceUid=<gen:7>, path=org.project.neutrino.nfvo.catalogue.mano.record.PhysicalNetworkFunctionRecord.vnffgr)
             - (collection element) CollectionFetchableElementEntityGraph(entity=org.project.neutrino.nfvo.catalogue.mano.record.VNFForwardingGraphRecord, querySpaceUid=<gen:8>, path=org.project.neutrino.nfvo.catalogue.mano.record.PhysicalNetworkFunctionRecord.vnffgr.<elements>)
    - QuerySpaces
       - EntityQuerySpaceImpl(uid=<gen:0>, entity=org.project.neutrino.nfvo.catalogue.mano.record.PhysicalNetworkFunctionRecord)
          - SQL table alias mapping - physicalne0_
          - alias suffix - 0_
          - suffixed key columns - {id1_37_0_}

13:23:07.314 [Test worker] DEBUG o.h.loader.entity.plan.EntityLoader - Static select for entity org.project.neutrino.nfvo.catalogue.mano.record.PhysicalNetworkFunctionRecord [PESSIMISTIC_FORCE_INCREMENT]: select physicalne0_.id as id1_37_0_, physicalne0_.description as descript2_37_0_, physicalne0_.descriptor_reference_id as descript6_37_0_, physicalne0_.oam_reference as oam_refe3_37_0_, physicalne0_.parent_ns_id as parent_n7_37_0_, physicalne0_.vendor as vendor4_37_0_, physicalne0_.version as version5_37_0_ from physical_network_function_record physicalne0_ where physicalne0_.id=? for update
13:23:07.314 [Test worker] DEBUG o.h.l.p.b.i.spaces.QuerySpacesImpl - Adding QuerySpace : uid = <gen:0> -> org.hibernate.loader.plan.build.internal.spaces.EntityQuerySpaceImpl@41341e7]
13:23:07.314 [Test worker] DEBUG o.h.p.w.spi.MetamodelGraphWalker - Visiting attribute path : connected_virtual_link
13:23:07.314 [Test worker] DEBUG o.h.l.p.b.i.spaces.QuerySpacesImpl - Adding QuerySpace : uid = <gen:1> -> org.hibernate.loader.plan.build.internal.spaces.CollectionQuerySpaceImpl@3ab29ac6]
13:23:07.314 [Test worker] DEBUG o.h.l.p.b.i.spaces.QuerySpacesImpl - Adding QuerySpace : uid = <gen:2> -> org.hibernate.loader.plan.build.internal.spaces.EntityQuerySpaceImpl@23cf5b45]
13:23:07.314 [Test worker] DEBUG o.h.p.w.spi.MetamodelGraphWalker - Visiting attribute path : connection_point
13:23:07.314 [Test worker] DEBUG o.h.l.p.b.i.spaces.QuerySpacesImpl - Adding QuerySpace : uid = <gen:3> -> org.hibernate.loader.plan.build.internal.spaces.CollectionQuerySpaceImpl@2712161]
13:23:07.314 [Test worker] DEBUG o.h.l.p.b.i.spaces.QuerySpacesImpl - Adding QuerySpace : uid = <gen:4> -> org.hibernate.loader.plan.build.internal.spaces.EntityQuerySpaceImpl@51466887]
13:23:07.314 [Test worker] DEBUG o.h.p.w.spi.MetamodelGraphWalker - Visiting attribute path : description
13:23:07.314 [Test worker] DEBUG o.h.p.w.spi.MetamodelGraphWalker - Visiting attribute path : descriptor_reference
13:23:07.314 [Test worker] DEBUG o.h.l.p.b.i.spaces.QuerySpacesImpl - Adding QuerySpace : uid = <gen:5> -> org.hibernate.loader.plan.build.internal.spaces.EntityQuerySpaceImpl@6578a0c0]
13:23:07.314 [Test worker] DEBUG o.h.p.w.spi.MetamodelGraphWalker - Visiting attribute path : oam_reference
13:23:07.314 [Test worker] DEBUG o.h.p.w.spi.MetamodelGraphWalker - Visiting attribute path : parent_ns
13:23:07.314 [Test worker] DEBUG o.h.l.p.b.i.spaces.QuerySpacesImpl - Adding QuerySpace : uid = <gen:6> -> org.hibernate.loader.plan.build.internal.spaces.EntityQuerySpaceImpl@5281d14b]
13:23:07.314 [Test worker] DEBUG o.h.p.w.spi.MetamodelGraphWalker - Visiting attribute path : pnf_address
13:23:07.314 [Test worker] DEBUG o.h.p.w.spi.MetamodelGraphWalker - Visiting attribute path : vendor
13:23:07.314 [Test worker] DEBUG o.h.p.w.spi.MetamodelGraphWalker - Visiting attribute path : version
13:23:07.314 [Test worker] DEBUG o.h.p.w.spi.MetamodelGraphWalker - Visiting attribute path : vnffgr
13:23:07.314 [Test worker] DEBUG o.h.l.p.b.i.spaces.QuerySpacesImpl - Adding QuerySpace : uid = <gen:7> -> org.hibernate.loader.plan.build.internal.spaces.CollectionQuerySpaceImpl@48d3bd3e]
13:23:07.314 [Test worker] DEBUG o.h.l.p.b.i.spaces.QuerySpacesImpl - Adding QuerySpace : uid = <gen:8> -> org.hibernate.loader.plan.build.internal.spaces.EntityQuerySpaceImpl@452d56cc]
13:23:07.314 [Test worker] DEBUG o.h.l.p.b.i.FetchStyleLoadPlanBuildingAssociationVisitationStrategy - Building LoadPlan...
13:23:07.315 [Test worker] DEBUG o.h.l.p.e.i.LoadQueryJoinAndFetchProcessor - processing queryspace <gen:0>
13:23:07.315 [Test worker] DEBUG o.h.l.p.b.spi.LoadPlanTreePrinter - LoadPlan(entity=org.project.neutrino.nfvo.catalogue.mano.record.PhysicalNetworkFunctionRecord)
    - Returns
       - EntityReturnImpl(entity=org.project.neutrino.nfvo.catalogue.mano.record.PhysicalNetworkFunctionRecord, querySpaceUid=<gen:0>, path=org.project.neutrino.nfvo.catalogue.mano.record.PhysicalNetworkFunctionRecord)
          - CollectionAttributeFetchImpl(collection=org.project.neutrino.nfvo.catalogue.mano.record.PhysicalNetworkFunctionRecord.connected_virtual_link, querySpaceUid=<gen:1>, path=org.project.neutrino.nfvo.catalogue.mano.record.PhysicalNetworkFunctionRecord.connected_virtual_link)
             - (collection element) CollectionFetchableElementEntityGraph(entity=org.project.neutrino.nfvo.catalogue.mano.record.VirtualLinkRecord, querySpaceUid=<gen:2>, path=org.project.neutrino.nfvo.catalogue.mano.record.PhysicalNetworkFunctionRecord.connected_virtual_link.<elements>)
          - CollectionAttributeFetchImpl(collection=org.project.neutrino.nfvo.catalogue.mano.record.PhysicalNetworkFunctionRecord.connection_point, querySpaceUid=<gen:3>, path=org.project.neutrino.nfvo.catalogue.mano.record.PhysicalNetworkFunctionRecord.connection_point)
             - (collection element) CollectionFetchableElementEntityGraph(entity=org.project.neutrino.nfvo.catalogue.mano.common.ConnectionPoint, querySpaceUid=<gen:4>, path=org.project.neutrino.nfvo.catalogue.mano.record.PhysicalNetworkFunctionRecord.connection_point.<elements>)
          - EntityAttributeFetchImpl(entity=org.project.neutrino.nfvo.catalogue.mano.descriptor.PhysicalNetworkFunctionDescriptor, querySpaceUid=<gen:5>, path=org.project.neutrino.nfvo.catalogue.mano.record.PhysicalNetworkFunctionRecord.descriptor_reference)
          - EntityAttributeFetchImpl(entity=org.project.neutrino.nfvo.catalogue.mano.record.NetworkServiceRecord, querySpaceUid=<gen:6>, path=org.project.neutrino.nfvo.catalogue.mano.record.PhysicalNetworkFunctionRecord.parent_ns)
          - CollectionAttributeFetchImpl(collection=org.project.neutrino.nfvo.catalogue.mano.record.PhysicalNetworkFunctionRecord.vnffgr, querySpaceUid=<gen:7>, path=org.project.neutrino.nfvo.catalogue.mano.record.PhysicalNetworkFunctionRecord.vnffgr)
             - (collection element) CollectionFetchableElementEntityGraph(entity=org.project.neutrino.nfvo.catalogue.mano.record.VNFForwardingGraphRecord, querySpaceUid=<gen:8>, path=org.project.neutrino.nfvo.catalogue.mano.record.PhysicalNetworkFunctionRecord.vnffgr.<elements>)
    - QuerySpaces
       - EntityQuerySpaceImpl(uid=<gen:0>, entity=org.project.neutrino.nfvo.catalogue.mano.record.PhysicalNetworkFunctionRecord)
          - SQL table alias mapping - physicalne0_
          - alias suffix - 0_
          - suffixed key columns - {id1_37_0_}

13:23:07.315 [Test worker] DEBUG o.h.loader.entity.plan.EntityLoader - Static select for entity org.project.neutrino.nfvo.catalogue.mano.record.PhysicalNetworkFunctionRecord [OPTIMISTIC]: select physicalne0_.id as id1_37_0_, physicalne0_.description as descript2_37_0_, physicalne0_.descriptor_reference_id as descript6_37_0_, physicalne0_.oam_reference as oam_refe3_37_0_, physicalne0_.parent_ns_id as parent_n7_37_0_, physicalne0_.vendor as vendor4_37_0_, physicalne0_.version as version5_37_0_ from physical_network_function_record physicalne0_ where physicalne0_.id=?
13:23:07.315 [Test worker] DEBUG o.h.l.p.b.i.spaces.QuerySpacesImpl - Adding QuerySpace : uid = <gen:0> -> org.hibernate.loader.plan.build.internal.spaces.EntityQuerySpaceImpl@239d8e8f]
13:23:07.315 [Test worker] DEBUG o.h.p.w.spi.MetamodelGraphWalker - Visiting attribute path : connected_virtual_link
13:23:07.315 [Test worker] DEBUG o.h.l.p.b.i.spaces.QuerySpacesImpl - Adding QuerySpace : uid = <gen:1> -> org.hibernate.loader.plan.build.internal.spaces.CollectionQuerySpaceImpl@59d8e841]
13:23:07.315 [Test worker] DEBUG o.h.l.p.b.i.spaces.QuerySpacesImpl - Adding QuerySpace : uid = <gen:2> -> org.hibernate.loader.plan.build.internal.spaces.EntityQuerySpaceImpl@2f78317c]
13:23:07.315 [Test worker] DEBUG o.h.p.w.spi.MetamodelGraphWalker - Visiting attribute path : connection_point
13:23:07.315 [Test worker] DEBUG o.h.l.p.b.i.spaces.QuerySpacesImpl - Adding QuerySpace : uid = <gen:3> -> org.hibernate.loader.plan.build.internal.spaces.CollectionQuerySpaceImpl@7bf8dc3c]
13:23:07.315 [Test worker] DEBUG o.h.l.p.b.i.spaces.QuerySpacesImpl - Adding QuerySpace : uid = <gen:4> -> org.hibernate.loader.plan.build.internal.spaces.EntityQuerySpaceImpl@f4326ba]
13:23:07.315 [Test worker] DEBUG o.h.p.w.spi.MetamodelGraphWalker - Visiting attribute path : description
13:23:07.315 [Test worker] DEBUG o.h.p.w.spi.MetamodelGraphWalker - Visiting attribute path : descriptor_reference
13:23:07.315 [Test worker] DEBUG o.h.l.p.b.i.spaces.QuerySpacesImpl - Adding QuerySpace : uid = <gen:5> -> org.hibernate.loader.plan.build.internal.spaces.EntityQuerySpaceImpl@1a3852a]
13:23:07.315 [Test worker] DEBUG o.h.p.w.spi.MetamodelGraphWalker - Visiting attribute path : oam_reference
13:23:07.315 [Test worker] DEBUG o.h.p.w.spi.MetamodelGraphWalker - Visiting attribute path : parent_ns
13:23:07.315 [Test worker] DEBUG o.h.l.p.b.i.spaces.QuerySpacesImpl - Adding QuerySpace : uid = <gen:6> -> org.hibernate.loader.plan.build.internal.spaces.EntityQuerySpaceImpl@167b893d]
13:23:07.316 [Test worker] DEBUG o.h.p.w.spi.MetamodelGraphWalker - Visiting attribute path : pnf_address
13:23:07.316 [Test worker] DEBUG o.h.p.w.spi.MetamodelGraphWalker - Visiting attribute path : vendor
13:23:07.316 [Test worker] DEBUG o.h.p.w.spi.MetamodelGraphWalker - Visiting attribute path : version
13:23:07.316 [Test worker] DEBUG o.h.p.w.spi.MetamodelGraphWalker - Visiting attribute path : vnffgr
13:23:07.316 [Test worker] DEBUG o.h.l.p.b.i.spaces.QuerySpacesImpl - Adding QuerySpace : uid = <gen:7> -> org.hibernate.loader.plan.build.internal.spaces.CollectionQuerySpaceImpl@86f0f53]
13:23:07.316 [Test worker] DEBUG o.h.l.p.b.i.spaces.QuerySpacesImpl - Adding QuerySpace : uid = <gen:8> -> org.hibernate.loader.plan.build.internal.spaces.EntityQuerySpaceImpl@33571678]
13:23:07.316 [Test worker] DEBUG o.h.l.p.b.i.FetchStyleLoadPlanBuildingAssociationVisitationStrategy - Building LoadPlan...
13:23:07.316 [Test worker] DEBUG o.h.l.p.e.i.LoadQueryJoinAndFetchProcessor - processing queryspace <gen:0>
13:23:07.316 [Test worker] DEBUG o.h.l.p.b.spi.LoadPlanTreePrinter - LoadPlan(entity=org.project.neutrino.nfvo.catalogue.mano.record.PhysicalNetworkFunctionRecord)
    - Returns
       - EntityReturnImpl(entity=org.project.neutrino.nfvo.catalogue.mano.record.PhysicalNetworkFunctionRecord, querySpaceUid=<gen:0>, path=org.project.neutrino.nfvo.catalogue.mano.record.PhysicalNetworkFunctionRecord)
          - CollectionAttributeFetchImpl(collection=org.project.neutrino.nfvo.catalogue.mano.record.PhysicalNetworkFunctionRecord.connected_virtual_link, querySpaceUid=<gen:1>, path=org.project.neutrino.nfvo.catalogue.mano.record.PhysicalNetworkFunctionRecord.connected_virtual_link)
             - (collection element) CollectionFetchableElementEntityGraph(entity=org.project.neutrino.nfvo.catalogue.mano.record.VirtualLinkRecord, querySpaceUid=<gen:2>, path=org.project.neutrino.nfvo.catalogue.mano.record.PhysicalNetworkFunctionRecord.connected_virtual_link.<elements>)
          - CollectionAttributeFetchImpl(collection=org.project.neutrino.nfvo.catalogue.mano.record.PhysicalNetworkFunctionRecord.connection_point, querySpaceUid=<gen:3>, path=org.project.neutrino.nfvo.catalogue.mano.record.PhysicalNetworkFunctionRecord.connection_point)
             - (collection element) CollectionFetchableElementEntityGraph(entity=org.project.neutrino.nfvo.catalogue.mano.common.ConnectionPoint, querySpaceUid=<gen:4>, path=org.project.neutrino.nfvo.catalogue.mano.record.PhysicalNetworkFunctionRecord.connection_point.<elements>)
          - EntityAttributeFetchImpl(entity=org.project.neutrino.nfvo.catalogue.mano.descriptor.PhysicalNetworkFunctionDescriptor, querySpaceUid=<gen:5>, path=org.project.neutrino.nfvo.catalogue.mano.record.PhysicalNetworkFunctionRecord.descriptor_reference)
          - EntityAttributeFetchImpl(entity=org.project.neutrino.nfvo.catalogue.mano.record.NetworkServiceRecord, querySpaceUid=<gen:6>, path=org.project.neutrino.nfvo.catalogue.mano.record.PhysicalNetworkFunctionRecord.parent_ns)
          - CollectionAttributeFetchImpl(collection=org.project.neutrino.nfvo.catalogue.mano.record.PhysicalNetworkFunctionRecord.vnffgr, querySpaceUid=<gen:7>, path=org.project.neutrino.nfvo.catalogue.mano.record.PhysicalNetworkFunctionRecord.vnffgr)
             - (collection element) CollectionFetchableElementEntityGraph(entity=org.project.neutrino.nfvo.catalogue.mano.record.VNFForwardingGraphRecord, querySpaceUid=<gen:8>, path=org.project.neutrino.nfvo.catalogue.mano.record.PhysicalNetworkFunctionRecord.vnffgr.<elements>)
    - QuerySpaces
       - EntityQuerySpaceImpl(uid=<gen:0>, entity=org.project.neutrino.nfvo.catalogue.mano.record.PhysicalNetworkFunctionRecord)
          - SQL table alias mapping - physicalne0_
          - alias suffix - 0_
          - suffixed key columns - {id1_37_0_}

13:23:07.316 [Test worker] DEBUG o.h.loader.entity.plan.EntityLoader - Static select for entity org.project.neutrino.nfvo.catalogue.mano.record.PhysicalNetworkFunctionRecord [OPTIMISTIC_FORCE_INCREMENT]: select physicalne0_.id as id1_37_0_, physicalne0_.description as descript2_37_0_, physicalne0_.descriptor_reference_id as descript6_37_0_, physicalne0_.oam_reference as oam_refe3_37_0_, physicalne0_.parent_ns_id as parent_n7_37_0_, physicalne0_.vendor as vendor4_37_0_, physicalne0_.version as version5_37_0_ from physical_network_function_record physicalne0_ where physicalne0_.id=?
13:23:07.317 [Test worker] DEBUG org.hibernate.loader.Loader - Static select for action ACTION_MERGE on entity org.project.neutrino.nfvo.catalogue.mano.record.PhysicalNetworkFunctionRecord: select physicalne0_.id as id1_37_8_, physicalne0_.description as descript2_37_8_, physicalne0_.descriptor_reference_id as descript6_37_8_, physicalne0_.oam_reference as oam_refe3_37_8_, physicalne0_.parent_ns_id as parent_n7_37_8_, physicalne0_.vendor as vendor4_37_8_, physicalne0_.version as version5_37_8_, connected_1_.physical_network_function_record_id as physical1_37_10_, virtuallin2_.id as connecte2_38_10_, virtuallin2_.id as id1_54_0_, virtuallin2_.connectivity_type as connecti2_54_0_, virtuallin2_.descriptor_reference as descript3_54_0_, virtuallin2_.leaf_requirement as leaf_req4_54_0_, virtuallin2_.number_of_enpoints as number_o5_54_0_, virtuallin2_.parent_ns as parent_n6_54_0_, virtuallin2_.root_requirement as root_req7_54_0_, virtuallin2_.status as status8_54_0_, virtuallin2_.test_access as test_acc9_54_0_, virtuallin2_.vendor as vendor10_54_0_, virtuallin2_.version as version11_54_0_, virtuallin2_.vim_id as vim_id12_54_0_, physicalne3_.id as id1_35_1_, physicalne3_.description as descript2_35_1_, physicalne3_.descriptor_version as descript3_35_1_, physicalne3_.hb_version as hb_versi4_35_1_, physicalne3_.pnfd_security_id as pnfd_sec7_35_1_, physicalne3_.vendor as vendor5_35_1_, physicalne3_.version as version6_35_1_, security4_.id as id1_43_2_, security4_.version as version2_43_2_, networkser5_.id as id1_18_3_, networkser5_.audit_log as audit_lo2_18_3_, networkser5_.descriptor_reference_Id as descript9_18_3_, networkser5_.lifecycle_event_id as lifecyc10_18_3_, networkser5_.notification as notifica3_18_3_, networkser5_.resource_reservation as resource4_18_3_, networkser5_.runtime_policy_info as runtime_5_18_3_, networkser5_.service_deployment_flavour_id as service11_18_3_, networkser5_.status as status6_18_3_, networkser5_.vendor as vendor7_18_3_, networkser5_.version as version8_18_3_, networkser5_.vnfr_id as vnfr_id12_18_3_, nfventityd6_.id as id1_27_4_, nfventityd6_.hb_version as hb_versi2_27_4_, nfventityd6_.vendor as vendor3_27_4_, nfventityd6_.version as version4_27_4_, nfventityd6_.descriptor_version as descript1_62_4_, nfventityd6_.manifest_file as manifest2_62_4_, nfventityd6_.nsd_security_id as nsd_secu1_14_4_, nfventityd6_.clazz_ as clazz_4_, lifecyclee7_.id as id1_10_5_, lifecyclee7_.version as version2_10_5_, servicedep8_.id as id1_7_6_, servicedep8_.flavour_key as flavour_2_7_6_, servicedep8_.version as version3_7_6_, virtualnet9_.id as id1_68_7_, virtualnet9_.audit_log as audit_lo2_68_7_, virtualnet9_.deployment_flavour_id as deployme9_68_7_, virtualnet9_.descriptor_reference as descript3_68_7_, virtualnet9_.lifecycle_event_id as lifecyc10_68_7_, virtualnet9_.localization as localiza4_68_7_, virtualnet9_.parent_ns_id as parent_11_68_7_, virtualnet9_.status as status5_68_7_, virtualnet9_.vendor as vendor6_68_7_, virtualnet9_.version as version7_68_7_, virtualnet9_.vnfm_id as vnfm_id8_68_7_ from physical_network_function_record physicalne0_ left outer join physical_network_function_record_connected_virtual_link connected_1_ on physicalne0_.id=connected_1_.physical_network_function_record_id left outer join virtual_link_record virtuallin2_ on connected_1_.connected_virtual_link_id=virtuallin2_.id left outer join physical_network_function_descriptor physicalne3_ on physicalne0_.descriptor_reference_id=physicalne3_.id left outer join security security4_ on physicalne3_.pnfd_security_id=security4_.id left outer join network_service_record networkser5_ on physicalne0_.parent_ns_id=networkser5_.id left outer join ( select id, hb_version, vendor, version, descriptor_version, manifest_file, null as nsd_security_id, 1 as clazz_ from virtual_network_function_descriptor union select id, hb_version, vendor, version, null as descriptor_version, null as manifest_file, nsd_security_id, 2 as clazz_ from network_service_descriptor ) nfventityd6_ on networkser5_.descriptor_reference_Id=nfventityd6_.id left outer join lifecycle_event lifecyclee7_ on networkser5_.lifecycle_event_id=lifecyclee7_.id left outer join service_deployment_flavour servicedep8_ on networkser5_.service_deployment_flavour_id=servicedep8_.id left outer join virtual_network_function_record virtualnet9_ on networkser5_.vnfr_id=virtualnet9_.id where physicalne0_.id=?
13:23:07.318 [Test worker] DEBUG org.hibernate.loader.Loader - Static select for action ACTION_REFRESH on entity org.project.neutrino.nfvo.catalogue.mano.record.PhysicalNetworkFunctionRecord: select physicalne0_.id as id1_37_8_, physicalne0_.description as descript2_37_8_, physicalne0_.descriptor_reference_id as descript6_37_8_, physicalne0_.oam_reference as oam_refe3_37_8_, physicalne0_.parent_ns_id as parent_n7_37_8_, physicalne0_.vendor as vendor4_37_8_, physicalne0_.version as version5_37_8_, connected_1_.physical_network_function_record_id as physical1_37_10_, virtuallin2_.id as connecte2_38_10_, virtuallin2_.id as id1_54_0_, virtuallin2_.connectivity_type as connecti2_54_0_, virtuallin2_.descriptor_reference as descript3_54_0_, virtuallin2_.leaf_requirement as leaf_req4_54_0_, virtuallin2_.number_of_enpoints as number_o5_54_0_, virtuallin2_.parent_ns as parent_n6_54_0_, virtuallin2_.root_requirement as root_req7_54_0_, virtuallin2_.status as status8_54_0_, virtuallin2_.test_access as test_acc9_54_0_, virtuallin2_.vendor as vendor10_54_0_, virtuallin2_.version as version11_54_0_, virtuallin2_.vim_id as vim_id12_54_0_, physicalne3_.id as id1_35_1_, physicalne3_.description as descript2_35_1_, physicalne3_.descriptor_version as descript3_35_1_, physicalne3_.hb_version as hb_versi4_35_1_, physicalne3_.pnfd_security_id as pnfd_sec7_35_1_, physicalne3_.vendor as vendor5_35_1_, physicalne3_.version as version6_35_1_, security4_.id as id1_43_2_, security4_.version as version2_43_2_, networkser5_.id as id1_18_3_, networkser5_.audit_log as audit_lo2_18_3_, networkser5_.descriptor_reference_Id as descript9_18_3_, networkser5_.lifecycle_event_id as lifecyc10_18_3_, networkser5_.notification as notifica3_18_3_, networkser5_.resource_reservation as resource4_18_3_, networkser5_.runtime_policy_info as runtime_5_18_3_, networkser5_.service_deployment_flavour_id as service11_18_3_, networkser5_.status as status6_18_3_, networkser5_.vendor as vendor7_18_3_, networkser5_.version as version8_18_3_, networkser5_.vnfr_id as vnfr_id12_18_3_, nfventityd6_.id as id1_27_4_, nfventityd6_.hb_version as hb_versi2_27_4_, nfventityd6_.vendor as vendor3_27_4_, nfventityd6_.version as version4_27_4_, nfventityd6_.descriptor_version as descript1_62_4_, nfventityd6_.manifest_file as manifest2_62_4_, nfventityd6_.nsd_security_id as nsd_secu1_14_4_, nfventityd6_.clazz_ as clazz_4_, lifecyclee7_.id as id1_10_5_, lifecyclee7_.version as version2_10_5_, servicedep8_.id as id1_7_6_, servicedep8_.flavour_key as flavour_2_7_6_, servicedep8_.version as version3_7_6_, virtualnet9_.id as id1_68_7_, virtualnet9_.audit_log as audit_lo2_68_7_, virtualnet9_.deployment_flavour_id as deployme9_68_7_, virtualnet9_.descriptor_reference as descript3_68_7_, virtualnet9_.lifecycle_event_id as lifecyc10_68_7_, virtualnet9_.localization as localiza4_68_7_, virtualnet9_.parent_ns_id as parent_11_68_7_, virtualnet9_.status as status5_68_7_, virtualnet9_.vendor as vendor6_68_7_, virtualnet9_.version as version7_68_7_, virtualnet9_.vnfm_id as vnfm_id8_68_7_ from physical_network_function_record physicalne0_ left outer join physical_network_function_record_connected_virtual_link connected_1_ on physicalne0_.id=connected_1_.physical_network_function_record_id left outer join virtual_link_record virtuallin2_ on connected_1_.connected_virtual_link_id=virtuallin2_.id left outer join physical_network_function_descriptor physicalne3_ on physicalne0_.descriptor_reference_id=physicalne3_.id left outer join security security4_ on physicalne3_.pnfd_security_id=security4_.id left outer join network_service_record networkser5_ on physicalne0_.parent_ns_id=networkser5_.id left outer join ( select id, hb_version, vendor, version, descriptor_version, manifest_file, null as nsd_security_id, 1 as clazz_ from virtual_network_function_descriptor union select id, hb_version, vendor, version, null as descriptor_version, null as manifest_file, nsd_security_id, 2 as clazz_ from network_service_descriptor ) nfventityd6_ on networkser5_.descriptor_reference_Id=nfventityd6_.id left outer join lifecycle_event lifecyclee7_ on networkser5_.lifecycle_event_id=lifecyclee7_.id left outer join service_deployment_flavour servicedep8_ on networkser5_.service_deployment_flavour_id=servicedep8_.id left outer join virtual_network_function_record virtualnet9_ on networkser5_.vnfr_id=virtualnet9_.id where physicalne0_.id=?
13:23:07.326 [Test worker] DEBUG o.h.l.p.b.i.spaces.QuerySpacesImpl - Adding QuerySpace : uid = <gen:0> -> org.hibernate.loader.plan.build.internal.spaces.CollectionQuerySpaceImpl@60e7666b]
13:23:07.326 [Test worker] DEBUG o.h.l.p.b.i.spaces.QuerySpacesImpl - Adding QuerySpace : uid = <gen:1> -> org.hibernate.loader.plan.build.internal.spaces.EntityQuerySpaceImpl@77f52c80]
13:23:07.326 [Test worker] DEBUG o.h.p.w.spi.MetamodelGraphWalker - Visiting attribute path : connectivity_type
13:23:07.326 [Test worker] DEBUG o.h.p.w.spi.MetamodelGraphWalker - Visiting attribute path : leaf_requirement
13:23:07.326 [Test worker] DEBUG o.h.p.w.spi.MetamodelGraphWalker - Visiting attribute path : qos
13:23:07.326 [Test worker] DEBUG o.h.p.w.spi.MetamodelGraphWalker - Visiting attribute path : root_requirement
13:23:07.326 [Test worker] DEBUG o.h.p.w.spi.MetamodelGraphWalker - Visiting attribute path : test_access
13:23:07.326 [Test worker] DEBUG o.h.p.w.spi.MetamodelGraphWalker - Visiting attribute path : version
13:23:07.326 [Test worker] DEBUG o.h.p.w.spi.MetamodelGraphWalker - Visiting attribute path : connection_points_references
13:23:07.326 [Test worker] DEBUG o.h.l.p.b.i.spaces.QuerySpacesImpl - Adding QuerySpace : uid = <gen:2> -> org.hibernate.loader.plan.build.internal.spaces.CollectionQuerySpaceImpl@12dcbc63]
13:23:07.326 [Test worker] DEBUG o.h.l.p.b.i.FetchStyleLoadPlanBuildingAssociationVisitationStrategy - Building LoadPlan...
13:23:07.327 [Test worker] DEBUG o.h.l.p.e.i.LoadQueryJoinAndFetchProcessor - processing queryspace <gen:0>
13:23:07.328 [Test worker] DEBUG o.h.l.p.b.spi.LoadPlanTreePrinter - LoadPlan(collection=org.project.neutrino.nfvo.catalogue.mano.descriptor.VirtualNetworkFunctionDescriptor.virtual_link)
    - Returns
       - CollectionReturnImpl(collection=org.project.neutrino.nfvo.catalogue.mano.descriptor.VirtualNetworkFunctionDescriptor.virtual_link, querySpaceUid=<gen:0>, path=[org.project.neutrino.nfvo.catalogue.mano.descriptor.VirtualNetworkFunctionDescriptor.virtual_link])
          - (collection element) CollectionFetchableElementEntityGraph(entity=org.project.neutrino.nfvo.catalogue.mano.descriptor.InternalVirtualLink, querySpaceUid=<gen:1>, path=[org.project.neutrino.nfvo.catalogue.mano.descriptor.VirtualNetworkFunctionDescriptor.virtual_link].<elements>)
             - CollectionAttributeFetchImpl(collection=org.project.neutrino.nfvo.catalogue.mano.descriptor.InternalVirtualLink.connection_points_references, querySpaceUid=<gen:2>, path=[org.project.neutrino.nfvo.catalogue.mano.descriptor.VirtualNetworkFunctionDescriptor.virtual_link].<elements>.connection_points_references)
    - QuerySpaces
       - CollectionQuerySpaceImpl(uid=<gen:0>, collection=org.project.neutrino.nfvo.catalogue.mano.descriptor.VirtualNetworkFunctionDescriptor.virtual_link)
          - SQL table alias mapping - virtual_li0_
          - alias suffix - 0_
          - suffixed key columns - {virtual_1_27_0_}
          - entity-element alias suffix - 1_
          - 1_entity-element suffixed key columns - id1_0_1_
          - JOIN (JoinDefinedByMetadata(elements)) : <gen:0> -> <gen:1>
             - EntityQuerySpaceImpl(uid=<gen:1>, entity=org.project.neutrino.nfvo.catalogue.mano.descriptor.InternalVirtualLink)
                - SQL table alias mapping - internalvi1_
                - alias suffix - 1_
                - suffixed key columns - {id1_0_1_}

13:23:07.329 [Test worker] DEBUG o.h.l.c.plan.CollectionLoader - Static select for collection org.project.neutrino.nfvo.catalogue.mano.descriptor.VirtualNetworkFunctionDescriptor.virtual_link: select virtual_li0_.virtual_network_function_descriptor_Id as virtual_1_27_0_, virtual_li0_.virtual_link_id as virtual_2_67_0_, internalvi1_.id as id1_0_1_, internalvi1_.connectivity_type as connecti2_0_1_, internalvi1_.leaf_requirement as leaf_req3_0_1_, internalvi1_.root_requirement as root_req4_0_1_, internalvi1_.version as version5_0_1_ from virtual_network_function_descriptor_virtual_link virtual_li0_ inner join internal_virtual_link internalvi1_ on virtual_li0_.virtual_link_id=internalvi1_.id where virtual_li0_.virtual_network_function_descriptor_Id=?
13:23:07.330 [Test worker] DEBUG o.h.l.p.b.i.spaces.QuerySpacesImpl - Adding QuerySpace : uid = <gen:0> -> org.hibernate.loader.plan.build.internal.spaces.CollectionQuerySpaceImpl@680dc2a]
13:23:07.330 [Test worker] DEBUG o.h.l.p.b.i.spaces.QuerySpacesImpl - Adding QuerySpace : uid = <gen:1> -> org.hibernate.loader.plan.build.internal.spaces.EntityQuerySpaceImpl@75f64cbb]
13:23:07.330 [Test worker] DEBUG o.h.p.w.spi.MetamodelGraphWalker - Visiting attribute path : version
13:23:07.330 [Test worker] DEBUG o.h.l.p.b.i.FetchStyleLoadPlanBuildingAssociationVisitationStrategy - Building LoadPlan...
13:23:07.331 [Test worker] DEBUG o.h.l.p.e.i.LoadQueryJoinAndFetchProcessor - processing queryspace <gen:0>
13:23:07.331 [Test worker] DEBUG o.h.l.p.b.spi.LoadPlanTreePrinter - LoadPlan(collection=org.project.neutrino.nfvo.catalogue.mano.descriptor.VirtualNetworkFunctionDescriptor.manifest_file_security)
    - Returns
       - CollectionReturnImpl(collection=org.project.neutrino.nfvo.catalogue.mano.descriptor.VirtualNetworkFunctionDescriptor.manifest_file_security, querySpaceUid=<gen:0>, path=[org.project.neutrino.nfvo.catalogue.mano.descriptor.VirtualNetworkFunctionDescriptor.manifest_file_security])
          - (collection element) CollectionFetchableElementEntityGraph(entity=org.project.neutrino.nfvo.catalogue.mano.common.Security, querySpaceUid=<gen:1>, path=[org.project.neutrino.nfvo.catalogue.mano.descriptor.VirtualNetworkFunctionDescriptor.manifest_file_security].<elements>)
    - QuerySpaces
       - CollectionQuerySpaceImpl(uid=<gen:0>, collection=org.project.neutrino.nfvo.catalogue.mano.descriptor.VirtualNetworkFunctionDescriptor.manifest_file_security)
          - SQL table alias mapping - manifest_f0_
          - alias suffix - 0_
          - suffixed key columns - {virtual_1_27_0_}
          - entity-element alias suffix - 1_
          - 1_entity-element suffixed key columns - id1_43_1_
          - JOIN (JoinDefinedByMetadata(elements)) : <gen:0> -> <gen:1>
             - EntityQuerySpaceImpl(uid=<gen:1>, entity=org.project.neutrino.nfvo.catalogue.mano.common.Security)
                - SQL table alias mapping - security1_
                - alias suffix - 1_
                - suffixed key columns - {id1_43_1_}

13:23:07.331 [Test worker] DEBUG o.h.l.c.plan.CollectionLoader - Static select for collection org.project.neutrino.nfvo.catalogue.mano.descriptor.VirtualNetworkFunctionDescriptor.manifest_file_security: select manifest_f0_.virtual_network_function_descriptor_Id as virtual_1_27_0_, manifest_f0_.manifest_file_security_id as manifest2_64_0_, security1_.id as id1_43_1_, security1_.version as version2_43_1_ from virtual_network_function_descriptor_manifest_file_security manifest_f0_ inner join security security1_ on manifest_f0_.manifest_file_security_id=security1_.id where manifest_f0_.virtual_network_function_descriptor_Id=?
13:23:07.331 [Test worker] DEBUG o.h.l.p.b.i.spaces.QuerySpacesImpl - Adding QuerySpace : uid = <gen:0> -> org.hibernate.loader.plan.build.internal.spaces.CollectionQuerySpaceImpl@4c23ad7c]
13:23:07.331 [Test worker] DEBUG o.h.l.p.b.i.spaces.QuerySpacesImpl - Adding QuerySpace : uid = <gen:1> -> org.hibernate.loader.plan.build.internal.spaces.EntityQuerySpaceImpl@3a52cef1]
13:23:07.331 [Test worker] DEBUG o.h.p.w.spi.MetamodelGraphWalker - Visiting attribute path : version
13:23:07.331 [Test worker] DEBUG o.h.l.p.b.i.FetchStyleLoadPlanBuildingAssociationVisitationStrategy - Building LoadPlan...
13:23:07.331 [Test worker] DEBUG o.h.l.p.e.i.LoadQueryJoinAndFetchProcessor - processing queryspace <gen:0>
13:23:07.332 [Test worker] DEBUG o.h.l.p.b.spi.LoadPlanTreePrinter - LoadPlan(collection=org.project.neutrino.nfvo.catalogue.mano.record.VirtualNetworkFunctionRecord.auto_scale_policy)
    - Returns
       - CollectionReturnImpl(collection=org.project.neutrino.nfvo.catalogue.mano.record.VirtualNetworkFunctionRecord.auto_scale_policy, querySpaceUid=<gen:0>, path=[org.project.neutrino.nfvo.catalogue.mano.record.VirtualNetworkFunctionRecord.auto_scale_policy])
          - (collection element) CollectionFetchableElementEntityGraph(entity=org.project.neutrino.nfvo.catalogue.mano.common.AutoScalePolicy, querySpaceUid=<gen:1>, path=[org.project.neutrino.nfvo.catalogue.mano.record.VirtualNetworkFunctionRecord.auto_scale_policy].<elements>)
    - QuerySpaces
       - CollectionQuerySpaceImpl(uid=<gen:0>, collection=org.project.neutrino.nfvo.catalogue.mano.record.VirtualNetworkFunctionRecord.auto_scale_policy)
          - SQL table alias mapping - auto_scale0_
          - alias suffix - 0_
          - suffixed key columns - {virtual_1_68_0_}
          - entity-element alias suffix - 1_
          - 1_entity-element suffixed key columns - id1_3_1_
          - JOIN (JoinDefinedByMetadata(elements)) : <gen:0> -> <gen:1>
             - EntityQuerySpaceImpl(uid=<gen:1>, entity=org.project.neutrino.nfvo.catalogue.mano.common.AutoScalePolicy)
                - SQL table alias mapping - autoscalep1_
                - alias suffix - 1_
                - suffixed key columns - {id1_3_1_}

13:23:07.332 [Test worker] DEBUG o.h.l.c.plan.CollectionLoader - Static select for collection org.project.neutrino.nfvo.catalogue.mano.record.VirtualNetworkFunctionRecord.auto_scale_policy: select auto_scale0_.virtual_network_function_record_id as virtual_1_68_0_, auto_scale0_.auto_scale_policy_id as auto_sca2_69_0_, autoscalep1_.id as id1_3_1_, autoscalep1_.version as version2_3_1_ from virtual_network_function_record_auto_scale_policy auto_scale0_ inner join auto_scale_policy autoscalep1_ on auto_scale0_.auto_scale_policy_id=autoscalep1_.id where auto_scale0_.virtual_network_function_record_id=?
13:23:07.332 [Test worker] DEBUG o.h.l.p.b.i.spaces.QuerySpacesImpl - Adding QuerySpace : uid = <gen:0> -> org.hibernate.loader.plan.build.internal.spaces.CollectionQuerySpaceImpl@d9422a4]
13:23:07.332 [Test worker] DEBUG o.h.l.p.b.i.spaces.QuerySpacesImpl - Adding QuerySpace : uid = <gen:1> -> org.hibernate.loader.plan.build.internal.spaces.EntityQuerySpaceImpl@786e43f2]
13:23:07.332 [Test worker] DEBUG o.h.p.w.spi.MetamodelGraphWalker - Visiting attribute path : connectivity_type
13:23:07.332 [Test worker] DEBUG o.h.p.w.spi.MetamodelGraphWalker - Visiting attribute path : leaf_requirement
13:23:07.332 [Test worker] DEBUG o.h.p.w.spi.MetamodelGraphWalker - Visiting attribute path : qos
13:23:07.332 [Test worker] DEBUG o.h.p.w.spi.MetamodelGraphWalker - Visiting attribute path : root_requirement
13:23:07.332 [Test worker] DEBUG o.h.p.w.spi.MetamodelGraphWalker - Visiting attribute path : test_access
13:23:07.332 [Test worker] DEBUG o.h.p.w.spi.MetamodelGraphWalker - Visiting attribute path : version
13:23:07.332 [Test worker] DEBUG o.h.p.w.spi.MetamodelGraphWalker - Visiting attribute path : connection_points_references
13:23:07.332 [Test worker] DEBUG o.h.l.p.b.i.spaces.QuerySpacesImpl - Adding QuerySpace : uid = <gen:2> -> org.hibernate.loader.plan.build.internal.spaces.CollectionQuerySpaceImpl@581bb35d]
13:23:07.332 [Test worker] DEBUG o.h.l.p.b.i.FetchStyleLoadPlanBuildingAssociationVisitationStrategy - Building LoadPlan...
13:23:07.332 [Test worker] DEBUG o.h.l.p.e.i.LoadQueryJoinAndFetchProcessor - processing queryspace <gen:0>
13:23:07.332 [Test worker] DEBUG o.h.l.p.b.spi.LoadPlanTreePrinter - LoadPlan(collection=org.project.neutrino.nfvo.catalogue.mano.record.VirtualNetworkFunctionRecord.virtual_link)
    - Returns
       - CollectionReturnImpl(collection=org.project.neutrino.nfvo.catalogue.mano.record.VirtualNetworkFunctionRecord.virtual_link, querySpaceUid=<gen:0>, path=[org.project.neutrino.nfvo.catalogue.mano.record.VirtualNetworkFunctionRecord.virtual_link])
          - (collection element) CollectionFetchableElementEntityGraph(entity=org.project.neutrino.nfvo.catalogue.mano.descriptor.InternalVirtualLink, querySpaceUid=<gen:1>, path=[org.project.neutrino.nfvo.catalogue.mano.record.VirtualNetworkFunctionRecord.virtual_link].<elements>)
             - CollectionAttributeFetchImpl(collection=org.project.neutrino.nfvo.catalogue.mano.descriptor.InternalVirtualLink.connection_points_references, querySpaceUid=<gen:2>, path=[org.project.neutrino.nfvo.catalogue.mano.record.VirtualNetworkFunctionRecord.virtual_link].<elements>.connection_points_references)
    - QuerySpaces
       - CollectionQuerySpaceImpl(uid=<gen:0>, collection=org.project.neutrino.nfvo.catalogue.mano.record.VirtualNetworkFunctionRecord.virtual_link)
          - SQL table alias mapping - virtual_li0_
          - alias suffix - 0_
          - suffixed key columns - {virtual_1_68_0_}
          - entity-element alias suffix - 1_
          - 1_entity-element suffixed key columns - id1_0_1_
          - JOIN (JoinDefinedByMetadata(elements)) : <gen:0> -> <gen:1>
             - EntityQuerySpaceImpl(uid=<gen:1>, entity=org.project.neutrino.nfvo.catalogue.mano.descriptor.InternalVirtualLink)
                - SQL table alias mapping - internalvi1_
                - alias suffix - 1_
                - suffixed key columns - {id1_0_1_}

13:23:07.332 [Test worker] DEBUG o.h.l.c.plan.CollectionLoader - Static select for collection org.project.neutrino.nfvo.catalogue.mano.record.VirtualNetworkFunctionRecord.virtual_link: select virtual_li0_.virtual_network_function_record_id as virtual_1_68_0_, virtual_li0_.virtual_link_id as virtual_2_78_0_, internalvi1_.id as id1_0_1_, internalvi1_.connectivity_type as connecti2_0_1_, internalvi1_.leaf_requirement as leaf_req3_0_1_, internalvi1_.root_requirement as root_req4_0_1_, internalvi1_.version as version5_0_1_ from virtual_network_function_record_virtual_link virtual_li0_ inner join internal_virtual_link internalvi1_ on virtual_li0_.virtual_link_id=internalvi1_.id where virtual_li0_.virtual_network_function_record_id=?
13:23:07.332 [Test worker] DEBUG o.h.l.p.b.i.spaces.QuerySpacesImpl - Adding QuerySpace : uid = <gen:0> -> org.hibernate.loader.plan.build.internal.spaces.CollectionQuerySpaceImpl@29ccbdc]
13:23:07.333 [Test worker] DEBUG o.h.l.p.b.i.spaces.QuerySpacesImpl - Adding QuerySpace : uid = <gen:1> -> org.hibernate.loader.plan.build.internal.spaces.EntityQuerySpaceImpl@40bd9db]
13:23:07.333 [Test worker] DEBUG o.h.p.w.spi.MetamodelGraphWalker - Visiting attribute path : connection_point
13:23:07.333 [Test worker] DEBUG o.h.p.w.spi.MetamodelGraphWalker - Visiting attribute path : constituent_vnfs
13:23:07.333 [Test worker] DEBUG o.h.p.w.spi.MetamodelGraphWalker - Visiting attribute path : dependent_virtual_link
13:23:07.333 [Test worker] DEBUG o.h.p.w.spi.MetamodelGraphWalker - Visiting attribute path : descriptor_version
13:23:07.333 [Test worker] DEBUG o.h.p.w.spi.MetamodelGraphWalker - Visiting attribute path : hb_version
13:23:07.333 [Test worker] DEBUG o.h.p.w.spi.MetamodelGraphWalker - Visiting attribute path : network_forwarding_path
13:23:07.333 [Test worker] DEBUG o.h.p.w.spi.MetamodelGraphWalker - Visiting attribute path : number_of_endpoints
13:23:07.333 [Test worker] DEBUG o.h.p.w.spi.MetamodelGraphWalker - Visiting attribute path : number_of_virtual_links
13:23:07.333 [Test worker] DEBUG o.h.p.w.spi.MetamodelGraphWalker - Visiting attribute path : vendor
13:23:07.333 [Test worker] DEBUG o.h.p.w.spi.MetamodelGraphWalker - Visiting attribute path : version
13:23:07.333 [Test worker] DEBUG o.h.p.w.spi.MetamodelGraphWalker - Visiting attribute path : vnffgd_security
13:23:07.333 [Test worker] DEBUG o.h.l.p.b.i.spaces.QuerySpacesImpl - Adding QuerySpace : uid = <gen:2> -> org.hibernate.loader.plan.build.internal.spaces.EntityQuerySpaceImpl@4306806f]
13:23:07.333 [Test worker] DEBUG o.h.p.w.spi.MetamodelGraphWalker - Visiting attribute path : vnffgd_security.version
13:23:07.333 [Test worker] DEBUG o.h.l.p.b.i.FetchStyleLoadPlanBuildingAssociationVisitationStrategy - Building LoadPlan...
13:23:07.333 [Test worker] DEBUG o.h.l.p.e.i.LoadQueryJoinAndFetchProcessor - processing queryspace <gen:0>
13:23:07.334 [Test worker] DEBUG o.h.l.p.b.spi.LoadPlanTreePrinter - LoadPlan(collection=org.project.neutrino.nfvo.catalogue.mano.common.NFVEntityDescriptor.vnffgd)
    - Returns
       - CollectionReturnImpl(collection=org.project.neutrino.nfvo.catalogue.mano.common.NFVEntityDescriptor.vnffgd, querySpaceUid=<gen:0>, path=[org.project.neutrino.nfvo.catalogue.mano.common.NFVEntityDescriptor.vnffgd])
          - (collection element) CollectionFetchableElementEntityGraph(entity=org.project.neutrino.nfvo.catalogue.mano.descriptor.VNFForwardingGraph, querySpaceUid=<gen:1>, path=[org.project.neutrino.nfvo.catalogue.mano.common.NFVEntityDescriptor.vnffgd].<elements>)
             - EntityAttributeFetchImpl(entity=org.project.neutrino.nfvo.catalogue.mano.common.Security, querySpaceUid=<gen:2>, path=[org.project.neutrino.nfvo.catalogue.mano.common.NFVEntityDescriptor.vnffgd].<elements>.vnffgd_security)
    - QuerySpaces
       - CollectionQuerySpaceImpl(uid=<gen:0>, collection=org.project.neutrino.nfvo.catalogue.mano.common.NFVEntityDescriptor.vnffgd)
          - SQL table alias mapping - vnffgd0_
          - alias suffix - 0_
          - suffixed key columns - {nfventit1_27_0_}
          - entity-element alias suffix - 1_
          - 1_entity-element suffixed key columns - id1_87_1_
          - JOIN (JoinDefinedByMetadata(elements)) : <gen:0> -> <gen:1>
             - EntityQuerySpaceImpl(uid=<gen:1>, entity=org.project.neutrino.nfvo.catalogue.mano.descriptor.VNFForwardingGraph)
                - SQL table alias mapping - vnfforward1_
                - alias suffix - 1_
                - suffixed key columns - {id1_87_1_}
                - JOIN (JoinDefinedByMetadata(vnffgd_security)) : <gen:1> -> <gen:2>
                   - EntityQuerySpaceImpl(uid=<gen:2>, entity=org.project.neutrino.nfvo.catalogue.mano.common.Security)
                      - SQL table alias mapping - security2_
                      - alias suffix - 2_
                      - suffixed key columns - {id1_43_2_}

13:23:07.334 [Test worker] DEBUG o.h.l.c.plan.CollectionLoader - Static select for collection org.project.neutrino.nfvo.catalogue.mano.common.NFVEntityDescriptor.vnffgd: select vnffgd0_.nfventity_descriptor_Id as nfventit1_27_0_, vnffgd0_.vnffgd_id as vnffgd_i2_34_0_, vnfforward1_.id as id1_87_1_, vnfforward1_.descriptor_version as descript2_87_1_, vnfforward1_.hb_version as hb_versi3_87_1_, vnfforward1_.number_of_endpoints as number_o4_87_1_, vnfforward1_.number_of_virtual_links as number_o5_87_1_, vnfforward1_.vendor as vendor6_87_1_, vnfforward1_.version as version7_87_1_, vnfforward1_.vnffgd_security_id as vnffgd_s8_87_1_, security2_.id as id1_43_2_, security2_.version as version2_43_2_ from nfventity_descriptor_vnffgd vnffgd0_ inner join vnfforwarding_graph vnfforward1_ on vnffgd0_.vnffgd_id=vnfforward1_.id left outer join security security2_ on vnfforward1_.vnffgd_security_id=security2_.id where vnffgd0_.nfventity_descriptor_Id=?
13:23:07.334 [Test worker] DEBUG o.h.l.p.b.i.spaces.QuerySpacesImpl - Adding QuerySpace : uid = <gen:0> -> org.hibernate.loader.plan.build.internal.spaces.CollectionQuerySpaceImpl@67d30c48]
13:23:07.334 [Test worker] DEBUG o.h.l.p.b.i.spaces.QuerySpacesImpl - Adding QuerySpace : uid = <gen:1> -> org.hibernate.loader.plan.build.internal.spaces.EntityQuerySpaceImpl@50cb8038]
13:23:07.334 [Test worker] DEBUG o.h.p.w.spi.MetamodelGraphWalker - Visiting attribute path : connection
13:23:07.334 [Test worker] DEBUG o.h.l.p.b.i.spaces.QuerySpacesImpl - Adding QuerySpace : uid = <gen:2> -> org.hibernate.loader.plan.build.internal.spaces.CollectionQuerySpaceImpl@1bb9dfae]
13:23:07.334 [Test worker] DEBUG o.h.p.w.spi.MetamodelGraphWalker - Visiting attribute path : policy
13:23:07.334 [Test worker] DEBUG o.h.l.p.b.i.spaces.QuerySpacesImpl - Adding QuerySpace : uid = <gen:3> -> org.hibernate.loader.plan.build.internal.spaces.EntityQuerySpaceImpl@480c26ba]
13:23:07.334 [Test worker] DEBUG o.h.p.w.spi.MetamodelGraphWalker - Visiting attribute path : policy.version
13:23:07.334 [Test worker] DEBUG o.h.p.w.spi.MetamodelGraphWalker - Visiting attribute path : version
13:23:07.334 [Test worker] DEBUG o.h.l.p.b.i.FetchStyleLoadPlanBuildingAssociationVisitationStrategy - Building LoadPlan...
13:23:07.334 [Test worker] DEBUG o.h.l.p.e.i.LoadQueryJoinAndFetchProcessor - processing queryspace <gen:0>
13:23:07.335 [Test worker] DEBUG o.h.l.p.b.spi.LoadPlanTreePrinter - LoadPlan(collection=org.project.neutrino.nfvo.catalogue.mano.descriptor.VNFForwardingGraph.network_forwarding_path)
    - Returns
       - CollectionReturnImpl(collection=org.project.neutrino.nfvo.catalogue.mano.descriptor.VNFForwardingGraph.network_forwarding_path, querySpaceUid=<gen:0>, path=[org.project.neutrino.nfvo.catalogue.mano.descriptor.VNFForwardingGraph.network_forwarding_path])
          - (collection element) CollectionFetchableElementEntityGraph(entity=org.project.neutrino.nfvo.catalogue.mano.descriptor.NetworkForwardingPath, querySpaceUid=<gen:1>, path=[org.project.neutrino.nfvo.catalogue.mano.descriptor.VNFForwardingGraph.network_forwarding_path].<elements>)
             - CollectionAttributeFetchImpl(collection=org.project.neutrino.nfvo.catalogue.mano.descriptor.NetworkForwardingPath.connection, querySpaceUid=<gen:2>, path=[org.project.neutrino.nfvo.catalogue.mano.descriptor.VNFForwardingGraph.network_forwarding_path].<elements>.connection)
             - EntityAttributeFetchImpl(entity=org.project.neutrino.nfvo.catalogue.mano.descriptor.Policy, querySpaceUid=<gen:3>, path=[org.project.neutrino.nfvo.catalogue.mano.descriptor.VNFForwardingGraph.network_forwarding_path].<elements>.policy)
    - QuerySpaces
       - CollectionQuerySpaceImpl(uid=<gen:0>, collection=org.project.neutrino.nfvo.catalogue.mano.descriptor.VNFForwardingGraph.network_forwarding_path)
          - SQL table alias mapping - network_fo0_
          - alias suffix - 0_
          - suffixed key columns - {vnfforwa1_87_0_}
          - entity-element alias suffix - 1_
          - 1_entity-element suffixed key columns - id1_12_1_
          - JOIN (JoinDefinedByMetadata(elements)) : <gen:0> -> <gen:1>
             - EntityQuerySpaceImpl(uid=<gen:1>, entity=org.project.neutrino.nfvo.catalogue.mano.descriptor.NetworkForwardingPath)
                - SQL table alias mapping - networkfor1_
                - alias suffix - 1_
                - suffixed key columns - {id1_12_1_}
                - JOIN (JoinDefinedByMetadata(policy)) : <gen:1> -> <gen:3>
                   - EntityQuerySpaceImpl(uid=<gen:3>, entity=org.project.neutrino.nfvo.catalogue.mano.descriptor.Policy)
                      - SQL table alias mapping - policy2_
                      - alias suffix - 2_
                      - suffixed key columns - {id1_42_2_}

13:23:07.335 [Test worker] DEBUG o.h.l.c.plan.CollectionLoader - Static select for collection org.project.neutrino.nfvo.catalogue.mano.descriptor.VNFForwardingGraph.network_forwarding_path: select network_fo0_.vnfforwarding_graph_id as vnfforwa1_87_0_, network_fo0_.network_forwarding_path_id as network_2_91_0_, networkfor1_.id as id1_12_1_, networkfor1_.policy_id as policy_i3_12_1_, networkfor1_.version as version2_12_1_, policy2_.id as id1_42_2_, policy2_.version as version2_42_2_ from vnfforwarding_graph_network_forwarding_path network_fo0_ inner join network_forwarding_path networkfor1_ on network_fo0_.network_forwarding_path_id=networkfor1_.id left outer join policy policy2_ on networkfor1_.policy_id=policy2_.id where network_fo0_.vnfforwarding_graph_id=?
13:23:07.335 [Test worker] DEBUG o.h.l.p.b.i.spaces.QuerySpacesImpl - Adding QuerySpace : uid = <gen:0> -> org.hibernate.loader.plan.build.internal.spaces.CollectionQuerySpaceImpl@1d2cb36f]
13:23:07.335 [Test worker] DEBUG o.h.l.p.b.i.spaces.QuerySpacesImpl - Adding QuerySpace : uid = <gen:1> -> org.hibernate.loader.plan.build.internal.spaces.EntityQuerySpaceImpl@61b84b5f]
13:23:07.335 [Test worker] DEBUG o.h.p.w.spi.MetamodelGraphWalker - Visiting attribute path : audit_log
13:23:07.335 [Test worker] DEBUG o.h.p.w.spi.MetamodelGraphWalker - Visiting attribute path : connection_point
13:23:07.335 [Test worker] DEBUG o.h.l.p.b.i.spaces.QuerySpacesImpl - Adding QuerySpace : uid = <gen:2> -> org.hibernate.loader.plan.build.internal.spaces.CollectionQuerySpaceImpl@729b297f]
13:23:07.335 [Test worker] DEBUG o.h.l.p.b.i.spaces.QuerySpacesImpl - Adding QuerySpace : uid = <gen:3> -> org.hibernate.loader.plan.build.internal.spaces.EntityQuerySpaceImpl@28c18ba1]
13:23:07.335 [Test worker] DEBUG o.h.p.w.spi.MetamodelGraphWalker - Visiting attribute path : dependent_virtual_link
13:23:07.335 [Test worker] DEBUG o.h.l.p.b.i.spaces.QuerySpacesImpl - Adding QuerySpace : uid = <gen:4> -> org.hibernate.loader.plan.build.internal.spaces.CollectionQuerySpaceImpl@3ab60bee]
13:23:07.335 [Test worker] DEBUG o.h.l.p.b.i.spaces.QuerySpacesImpl - Adding QuerySpace : uid = <gen:5> -> org.hibernate.loader.plan.build.internal.spaces.EntityQuerySpaceImpl@5c9545f]
13:23:07.336 [Test worker] DEBUG o.h.p.w.spi.MetamodelGraphWalker - Visiting attribute path : descriptor_reference
13:23:07.336 [Test worker] DEBUG o.h.l.p.b.i.spaces.QuerySpacesImpl - Adding QuerySpace : uid = <gen:6> -> org.hibernate.loader.plan.build.internal.spaces.EntityQuerySpaceImpl@64c22bf0]
13:23:07.336 [Test worker] DEBUG o.h.p.w.spi.MetamodelGraphWalker - Visiting attribute path : descriptor_reference.connection_point
13:23:07.336 [Test worker] DEBUG o.h.p.w.spi.MetamodelGraphWalker - Visiting attribute path : descriptor_reference.constituent_vnfs
13:23:07.336 [Test worker] DEBUG o.h.p.w.spi.MetamodelGraphWalker - Visiting attribute path : descriptor_reference.dependent_virtual_link
13:23:07.336 [Test worker] DEBUG o.h.p.w.spi.MetamodelGraphWalker - Visiting attribute path : descriptor_reference.descriptor_version
13:23:07.336 [Test worker] DEBUG o.h.p.w.spi.MetamodelGraphWalker - Visiting attribute path : descriptor_reference.hb_version
13:23:07.336 [Test worker] DEBUG o.h.p.w.spi.MetamodelGraphWalker - Visiting attribute path : descriptor_reference.network_forwarding_path
13:23:07.336 [Test worker] DEBUG o.h.p.w.spi.MetamodelGraphWalker - Visiting attribute path : descriptor_reference.number_of_endpoints
13:23:07.336 [Test worker] DEBUG o.h.p.w.spi.MetamodelGraphWalker - Visiting attribute path : descriptor_reference.number_of_virtual_links
13:23:07.336 [Test worker] DEBUG o.h.p.w.spi.MetamodelGraphWalker - Visiting attribute path : descriptor_reference.vendor
13:23:07.336 [Test worker] DEBUG o.h.p.w.spi.MetamodelGraphWalker - Visiting attribute path : descriptor_reference.version
13:23:07.336 [Test worker] DEBUG o.h.p.w.spi.MetamodelGraphWalker - Visiting attribute path : descriptor_reference.vnffgd_security
13:23:07.336 [Test worker] DEBUG o.h.l.p.b.i.spaces.QuerySpacesImpl - Adding QuerySpace : uid = <gen:7> -> org.hibernate.loader.plan.build.internal.spaces.EntityQuerySpaceImpl@20a0a575]
13:23:07.336 [Test worker] DEBUG o.h.p.w.spi.MetamodelGraphWalker - Visiting attribute path : descriptor_reference.vnffgd_security.version
13:23:07.336 [Test worker] DEBUG o.h.p.w.spi.MetamodelGraphWalker - Visiting attribute path : lifecycle_event_history
13:23:07.336 [Test worker] DEBUG o.h.l.p.b.i.spaces.QuerySpacesImpl - Adding QuerySpace : uid = <gen:8> -> org.hibernate.loader.plan.build.internal.spaces.CollectionQuerySpaceImpl@40d0f56e]
13:23:07.336 [Test worker] DEBUG o.h.l.p.b.i.spaces.QuerySpacesImpl - Adding QuerySpace : uid = <gen:9> -> org.hibernate.loader.plan.build.internal.spaces.EntityQuerySpaceImpl@56a12a00]
13:23:07.336 [Test worker] DEBUG o.h.p.w.spi.MetamodelGraphWalker - Visiting attribute path : member_vnfs
13:23:07.336 [Test worker] DEBUG o.h.l.p.b.i.spaces.QuerySpacesImpl - Adding QuerySpace : uid = <gen:10> -> org.hibernate.loader.plan.build.internal.spaces.CollectionQuerySpaceImpl@6ecc926e]
13:23:07.336 [Test worker] DEBUG o.h.l.p.b.i.spaces.QuerySpacesImpl - Adding QuerySpace : uid = <gen:11> -> org.hibernate.loader.plan.build.internal.spaces.EntityQuerySpaceImpl@38a1ac96]
13:23:07.337 [Test worker] DEBUG o.h.p.w.spi.MetamodelGraphWalker - Visiting attribute path : network_forwarding_path
13:23:07.337 [Test worker] DEBUG o.h.l.p.b.i.spaces.QuerySpacesImpl - Adding QuerySpace : uid = <gen:12> -> org.hibernate.loader.plan.build.internal.spaces.EntityQuerySpaceImpl@7e49c8e5]
13:23:07.337 [Test worker] DEBUG o.h.p.w.spi.MetamodelGraphWalker - Visiting attribute path : network_forwarding_path.connection
13:23:07.337 [Test worker] DEBUG o.h.l.p.b.i.spaces.QuerySpacesImpl - Adding QuerySpace : uid = <gen:13> -> org.hibernate.loader.plan.build.internal.spaces.CollectionQuerySpaceImpl@6b049834]
13:23:07.337 [Test worker] DEBUG o.h.p.w.spi.MetamodelGraphWalker - Visiting attribute path : network_forwarding_path.policy
13:23:07.337 [Test worker] DEBUG o.h.l.p.b.i.spaces.QuerySpacesImpl - Adding QuerySpace : uid = <gen:14> -> org.hibernate.loader.plan.build.internal.spaces.EntityQuerySpaceImpl@7aa4b4cf]
13:23:07.337 [Test worker] DEBUG o.h.p.w.spi.MetamodelGraphWalker - Visiting attribute path : network_forwarding_path.policy.version
13:23:07.337 [Test worker] DEBUG o.h.p.w.spi.MetamodelGraphWalker - Visiting attribute path : network_forwarding_path.version
13:23:07.337 [Test worker] DEBUG o.h.p.w.spi.MetamodelGraphWalker - Visiting attribute path : notification
13:23:07.337 [Test worker] DEBUG o.h.p.w.spi.MetamodelGraphWalker - Visiting attribute path : number_of_endpoints
13:23:07.337 [Test worker] DEBUG o.h.p.w.spi.MetamodelGraphWalker - Visiting attribute path : number_of_pnfs
13:23:07.337 [Test worker] DEBUG o.h.p.w.spi.MetamodelGraphWalker - Visiting attribute path : number_of_virtual_links
13:23:07.337 [Test worker] DEBUG o.h.p.w.spi.MetamodelGraphWalker - Visiting attribute path : number_of_vnfs
13:23:07.337 [Test worker] DEBUG o.h.p.w.spi.MetamodelGraphWalker - Visiting attribute path : parent_ns
13:23:07.337 [Test worker] DEBUG o.h.l.p.b.i.spaces.QuerySpacesImpl - Adding QuerySpace : uid = <gen:15> -> org.hibernate.loader.plan.build.internal.spaces.EntityQuerySpaceImpl@6b30f750]
13:23:07.337 [Test worker] DEBUG o.h.p.w.spi.MetamodelGraphWalker - Visiting attribute path : parent_ns.audit_log
13:23:07.337 [Test worker] DEBUG o.h.p.w.spi.MetamodelGraphWalker - Visiting attribute path : parent_ns.auto_scale_policy
13:23:07.338 [Test worker] DEBUG o.h.l.p.b.i.spaces.QuerySpacesImpl - Adding QuerySpace : uid = <gen:16> -> org.hibernate.loader.plan.build.internal.spaces.CollectionQuerySpaceImpl@4c1a7873]
13:23:07.338 [Test worker] DEBUG o.h.l.p.b.i.spaces.QuerySpacesImpl - Adding QuerySpace : uid = <gen:17> -> org.hibernate.loader.plan.build.internal.spaces.EntityQuerySpaceImpl@5dd9ed0d]
13:23:07.338 [Test worker] DEBUG o.h.p.w.spi.MetamodelGraphWalker - Visiting attribute path : parent_ns.connection_point
13:23:07.338 [Test worker] DEBUG o.h.l.p.b.i.spaces.QuerySpacesImpl - Adding QuerySpace : uid = <gen:18> -> org.hibernate.loader.plan.build.internal.spaces.CollectionQuerySpaceImpl@e5a209e]
13:23:07.338 [Test worker] DEBUG o.h.l.p.b.i.spaces.QuerySpacesImpl - Adding QuerySpace : uid = <gen:19> -> org.hibernate.loader.plan.build.internal.spaces.EntityQuerySpaceImpl@3f136c6e]
13:23:07.338 [Test worker] DEBUG o.h.p.w.spi.MetamodelGraphWalker - Visiting attribute path : parent_ns.descriptor_reference
13:23:07.338 [Test worker] DEBUG o.h.l.p.b.i.spaces.QuerySpacesImpl - Adding QuerySpace : uid = <gen:20> -> org.hibernate.loader.plan.build.internal.spaces.EntityQuerySpaceImpl@1433ca1c]
13:23:07.338 [Test worker] DEBUG o.h.p.w.spi.MetamodelGraphWalker - Visiting attribute path : parent_ns.descriptor_reference.auto_scale_policy
13:23:07.338 [Test worker] DEBUG o.h.p.w.spi.MetamodelGraphWalker - Visiting attribute path : parent_ns.descriptor_reference.connection_point
13:23:07.338 [Test worker] DEBUG o.h.p.w.spi.MetamodelGraphWalker - Visiting attribute path : parent_ns.descriptor_reference.hb_version
13:23:07.338 [Test worker] DEBUG o.h.p.w.spi.MetamodelGraphWalker - Visiting attribute path : parent_ns.descriptor_reference.lifecycle_event
13:23:07.338 [Test worker] DEBUG o.h.p.w.spi.MetamodelGraphWalker - Visiting attribute path : parent_ns.descriptor_reference.monitoring_parameter
13:23:07.338 [Test worker] DEBUG o.h.l.p.b.i.spaces.QuerySpacesImpl - Adding QuerySpace : uid = <gen:21> -> org.hibernate.loader.plan.build.internal.spaces.CollectionQuerySpaceImpl@769be582]
13:23:07.338 [Test worker] DEBUG o.h.p.w.spi.MetamodelGraphWalker - Visiting attribute path : parent_ns.descriptor_reference.service_deployment_flavour
13:23:07.338 [Test worker] DEBUG o.h.p.w.spi.MetamodelGraphWalker - Visiting attribute path : parent_ns.descriptor_reference.vendor
13:23:07.338 [Test worker] DEBUG o.h.p.w.spi.MetamodelGraphWalker - Visiting attribute path : parent_ns.descriptor_reference.version
13:23:07.338 [Test worker] DEBUG o.h.p.w.spi.MetamodelGraphWalker - Visiting attribute path : parent_ns.descriptor_reference.vld
13:23:07.338 [Test worker] DEBUG o.h.p.w.spi.MetamodelGraphWalker - Visiting attribute path : parent_ns.descriptor_reference.vnffgd
13:23:07.338 [Test worker] DEBUG o.h.p.w.spi.MetamodelGraphWalker - Visiting attribute path : parent_ns.descriptor_reference.deployment_flavour
13:23:07.338 [Test worker] DEBUG o.h.l.p.b.i.spaces.QuerySpacesImpl - Adding QuerySpace : uid = <gen:22> -> org.hibernate.loader.plan.build.internal.spaces.CollectionQuerySpaceImpl@74f8f6a3]
13:23:07.338 [Test worker] DEBUG o.h.l.p.b.i.spaces.QuerySpacesImpl - Adding QuerySpace : uid = <gen:23> -> org.hibernate.loader.plan.build.internal.spaces.EntityQuerySpaceImpl@5088354]
13:23:07.338 [Test worker] DEBUG o.h.p.w.spi.MetamodelGraphWalker - Visiting attribute path : parent_ns.descriptor_reference.descriptor_version
13:23:07.338 [Test worker] DEBUG o.h.p.w.spi.MetamodelGraphWalker - Visiting attribute path : parent_ns.descriptor_reference.manifest_file
13:23:07.338 [Test worker] DEBUG o.h.p.w.spi.MetamodelGraphWalker - Visiting attribute path : parent_ns.descriptor_reference.manifest_file_security
13:23:07.338 [Test worker] DEBUG o.h.p.w.spi.MetamodelGraphWalker - Visiting attribute path : parent_ns.descriptor_reference.vdu
13:23:07.338 [Test worker] DEBUG o.h.p.w.spi.MetamodelGraphWalker - Visiting attribute path : parent_ns.descriptor_reference.vdu_dependency
13:23:07.339 [Test worker] DEBUG o.h.p.w.spi.MetamodelGraphWalker - Visiting attribute path : parent_ns.descriptor_reference.virtual_link
13:23:07.339 [Test worker] DEBUG o.h.p.w.spi.MetamodelGraphWalker - Visiting attribute path : parent_ns.descriptor_reference.nsd_security
13:23:07.339 [Test worker] DEBUG o.h.l.p.b.i.spaces.QuerySpacesImpl - Adding QuerySpace : uid = <gen:24> -> org.hibernate.loader.plan.build.internal.spaces.EntityQuerySpaceImpl@71e60260]
13:23:07.339 [Test worker] DEBUG o.h.p.w.spi.MetamodelGraphWalker - Visiting attribute path : parent_ns.descriptor_reference.pnfd
13:23:07.339 [Test worker] DEBUG o.h.p.w.spi.MetamodelGraphWalker - Visiting attribute path : parent_ns.descriptor_reference.vnf_dependency
13:23:07.339 [Test worker] DEBUG o.h.l.p.b.i.spaces.QuerySpacesImpl - Adding QuerySpace : uid = <gen:25> -> org.hibernate.loader.plan.build.internal.spaces.CollectionQuerySpaceImpl@33a6270b]
13:23:07.339 [Test worker] DEBUG o.h.l.p.b.i.spaces.QuerySpacesImpl - Adding QuerySpace : uid = <gen:26> -> org.hibernate.loader.plan.build.internal.spaces.EntityQuerySpaceImpl@614d5daa]
13:23:07.339 [Test worker] DEBUG o.h.p.w.spi.MetamodelGraphWalker - Visiting attribute path : parent_ns.descriptor_reference.vnfd
13:23:07.339 [Test worker] DEBUG o.h.l.p.b.i.spaces.QuerySpacesImpl - Adding QuerySpace : uid = <gen:27> -> org.hibernate.loader.plan.build.internal.spaces.CollectionQuerySpaceImpl@1e4075ce]
13:23:07.339 [Test worker] DEBUG o.h.l.p.b.i.spaces.QuerySpacesImpl - Adding QuerySpace : uid = <gen:28> -> org.hibernate.loader.plan.build.internal.spaces.EntityQuerySpaceImpl@19f636e6]
13:23:07.339 [Test worker] DEBUG o.h.p.w.spi.MetamodelGraphWalker - Visiting attribute path : parent_ns.lifecycle_event
13:23:07.339 [Test worker] DEBUG o.h.l.p.b.i.spaces.QuerySpacesImpl - Adding QuerySpace : uid = <gen:29> -> org.hibernate.loader.plan.build.internal.spaces.EntityQuerySpaceImpl@738e435a]
13:23:07.339 [Test worker] DEBUG o.h.p.w.spi.MetamodelGraphWalker - Visiting attribute path : parent_ns.lifecycle_event.lifecycle_events
13:23:07.339 [Test worker] DEBUG o.h.p.w.spi.MetamodelGraphWalker - Visiting attribute path : parent_ns.lifecycle_event.version
13:23:07.339 [Test worker] DEBUG o.h.p.w.spi.MetamodelGraphWalker - Visiting attribute path : parent_ns.lifecycle_event_history
13:23:07.340 [Test worker] DEBUG o.h.l.p.b.i.spaces.QuerySpacesImpl - Adding QuerySpace : uid = <gen:30> -> org.hibernate.loader.plan.build.internal.spaces.CollectionQuerySpaceImpl@9efb34]
13:23:07.340 [Test worker] DEBUG o.h.l.p.b.i.spaces.QuerySpacesImpl - Adding QuerySpace : uid = <gen:31> -> org.hibernate.loader.plan.build.internal.spaces.EntityQuerySpaceImpl@457e133d]
13:23:07.340 [Test worker] DEBUG o.h.p.w.spi.MetamodelGraphWalker - Visiting attribute path : parent_ns.monitoring_parameter
13:23:07.340 [Test worker] DEBUG o.h.p.w.spi.MetamodelGraphWalker - Visiting attribute path : parent_ns.notification
13:23:07.340 [Test worker] DEBUG o.h.p.w.spi.MetamodelGraphWalker - Visiting attribute path : parent_ns.pnfr
13:23:07.340 [Test worker] DEBUG o.h.l.p.b.i.spaces.QuerySpacesImpl - Adding QuerySpace : uid = <gen:32> -> org.hibernate.loader.plan.build.internal.spaces.CollectionQuerySpaceImpl@58212d6f]
13:23:07.340 [Test worker] DEBUG o.h.l.p.b.i.spaces.QuerySpacesImpl - Adding QuerySpace : uid = <gen:33> -> org.hibernate.loader.plan.build.internal.spaces.EntityQuerySpaceImpl@6a2dff9c]
13:23:07.340 [Test worker] DEBUG o.h.p.w.spi.MetamodelGraphWalker - Visiting attribute path : parent_ns.resource_reservation
13:23:07.340 [Test worker] DEBUG o.h.p.w.spi.MetamodelGraphWalker - Visiting attribute path : parent_ns.runtime_policy_info
13:23:07.340 [Test worker] DEBUG o.h.p.w.spi.MetamodelGraphWalker - Visiting attribute path : parent_ns.service_deployment_flavour
13:23:07.340 [Test worker] DEBUG o.h.l.p.b.i.spaces.QuerySpacesImpl - Adding QuerySpace : uid = <gen:34> -> org.hibernate.loader.plan.build.internal.spaces.EntityQuerySpaceImpl@71e89139]
13:23:07.340 [Test worker] DEBUG o.h.p.w.spi.MetamodelGraphWalker - Visiting attribute path : parent_ns.service_deployment_flavour.flavour_key
13:23:07.340 [Test worker] DEBUG o.h.p.w.spi.MetamodelGraphWalker - Visiting attribute path : parent_ns.service_deployment_flavour.version
13:23:07.340 [Test worker] DEBUG o.h.p.w.spi.MetamodelGraphWalker - Visiting attribute path : parent_ns.service_deployment_flavour.constituent_vnf
13:23:07.340 [Test worker] DEBUG o.h.p.w.spi.MetamodelGraphWalker - Visiting attribute path : parent_ns.status
13:23:07.340 [Test worker] DEBUG o.h.p.w.spi.MetamodelGraphWalker - Visiting attribute path : parent_ns.vendor
13:23:07.340 [Test worker] DEBUG o.h.p.w.spi.MetamodelGraphWalker - Visiting attribute path : parent_ns.version
13:23:07.340 [Test worker] DEBUG o.h.p.w.spi.MetamodelGraphWalker - Visiting attribute path : parent_ns.vlr
13:23:07.340 [Test worker] DEBUG o.h.l.p.b.i.spaces.QuerySpacesImpl - Adding QuerySpace : uid = <gen:35> -> org.hibernate.loader.plan.build.internal.spaces.CollectionQuerySpaceImpl@71795816]
13:23:07.340 [Test worker] DEBUG o.h.l.p.b.i.spaces.QuerySpacesImpl - Adding QuerySpace : uid = <gen:36> -> org.hibernate.loader.plan.build.internal.spaces.EntityQuerySpaceImpl@5586468d]
13:23:07.340 [Test worker] DEBUG o.h.p.w.spi.MetamodelGraphWalker - Visiting attribute path : parent_ns.vnf_dependency
13:23:07.340 [Test worker] DEBUG o.h.l.p.b.i.spaces.QuerySpacesImpl - Adding QuerySpace : uid = <gen:37> -> org.hibernate.loader.plan.build.internal.spaces.CollectionQuerySpaceImpl@6281fed8]
13:23:07.340 [Test worker] DEBUG o.h.l.p.b.i.spaces.QuerySpacesImpl - Adding QuerySpace : uid = <gen:38> -> org.hibernate.loader.plan.build.internal.spaces.EntityQuerySpaceImpl@4482496e]
13:23:07.340 [Test worker] DEBUG o.h.p.w.spi.MetamodelGraphWalker - Visiting attribute path : parent_ns.vnffgr
13:23:07.340 [Test worker] DEBUG o.h.l.p.b.i.spaces.QuerySpacesImpl - Adding QuerySpace : uid = <gen:39> -> org.hibernate.loader.plan.build.internal.spaces.CollectionQuerySpaceImpl@45a2f7e5]
13:23:07.340 [Test worker] DEBUG o.h.l.p.b.i.spaces.QuerySpacesImpl - Adding QuerySpace : uid = <gen:40> -> org.hibernate.loader.plan.build.internal.spaces.EntityQuerySpaceImpl@4e40ff1a]
13:23:07.340 [Test worker] DEBUG o.h.p.w.spi.MetamodelGraphWalker - Visiting attribute path : parent_ns.vnfr
13:23:07.341 [Test worker] DEBUG o.h.l.p.b.i.spaces.QuerySpacesImpl - Adding QuerySpace : uid = <gen:41> -> org.hibernate.loader.plan.build.internal.spaces.EntityQuerySpaceImpl@d2c2c19]
13:23:07.341 [Test worker] DEBUG o.h.p.w.spi.MetamodelGraphWalker - Visiting attribute path : parent_ns.vnfr.audit_log
13:23:07.341 [Test worker] DEBUG o.h.p.w.spi.MetamodelGraphWalker - Visiting attribute path : parent_ns.vnfr.auto_scale_policy
13:23:07.341 [Test worker] DEBUG o.h.l.p.b.i.spaces.QuerySpacesImpl - Adding QuerySpace : uid = <gen:42> -> org.hibernate.loader.plan.build.internal.spaces.CollectionQuerySpaceImpl@5734bef6]
13:23:07.341 [Test worker] DEBUG o.h.l.p.b.i.spaces.QuerySpacesImpl - Adding QuerySpace : uid = <gen:43> -> org.hibernate.loader.plan.build.internal.spaces.EntityQuerySpaceImpl@47e53534]
13:23:07.341 [Test worker] DEBUG o.h.p.w.spi.MetamodelGraphWalker - Visiting attribute path : parent_ns.vnfr.connected_external_virtual_link
13:23:07.341 [Test worker] DEBUG o.h.l.p.b.i.spaces.QuerySpacesImpl - Adding QuerySpace : uid = <gen:44> -> org.hibernate.loader.plan.build.internal.spaces.CollectionQuerySpaceImpl@19080dcc]
13:23:07.341 [Test worker] DEBUG o.h.l.p.b.i.spaces.QuerySpacesImpl - Adding QuerySpace : uid = <gen:45> -> org.hibernate.loader.plan.build.internal.spaces.EntityQuerySpaceImpl@5fc1d8ea]
13:23:07.341 [Test worker] DEBUG o.h.p.w.spi.MetamodelGraphWalker - Visiting attribute path : parent_ns.vnfr.connection_point
13:23:07.341 [Test worker] DEBUG o.h.l.p.b.i.spaces.QuerySpacesImpl - Adding QuerySpace : uid = <gen:46> -> org.hibernate.loader.plan.build.internal.spaces.CollectionQuerySpaceImpl@2f881bc3]
13:23:07.341 [Test worker] DEBUG o.h.l.p.b.i.spaces.QuerySpacesImpl - Adding QuerySpace : uid = <gen:47> -> org.hibernate.loader.plan.build.internal.spaces.EntityQuerySpaceImpl@10d6b796]
13:23:07.341 [Test worker] DEBUG o.h.p.w.spi.MetamodelGraphWalker - Visiting attribute path : parent_ns.vnfr.dependency
13:23:07.341 [Test worker] DEBUG o.h.l.p.b.i.spaces.QuerySpacesImpl - Adding QuerySpace : uid = <gen:48> -> org.hibernate.loader.plan.build.internal.spaces.CollectionQuerySpaceImpl@aee17d]
13:23:07.341 [Test worker] DEBUG o.h.l.p.b.i.spaces.QuerySpacesImpl - Adding QuerySpace : uid = <gen:49> -> org.hibernate.loader.plan.build.internal.spaces.EntityQuerySpaceImpl@5955d5e4]
13:23:07.341 [Test worker] DEBUG o.h.p.w.spi.MetamodelGraphWalker - Visiting attribute path : parent_ns.vnfr.deployment_flavour
13:23:07.341 [Test worker] DEBUG o.h.l.p.b.i.spaces.QuerySpacesImpl - Adding QuerySpace : uid = <gen:50> -> org.hibernate.loader.plan.build.internal.spaces.EntityQuerySpaceImpl@124d998e]
13:23:07.341 [Test worker] DEBUG o.h.p.w.spi.MetamodelGraphWalker - Visiting attribute path : parent_ns.vnfr.descriptor_reference
13:23:07.341 [Test worker] DEBUG o.h.p.w.spi.MetamodelGraphWalker - Visiting attribute path : parent_ns.vnfr.lifecycle_event
13:23:07.341 [Test worker] DEBUG o.h.l.p.b.i.spaces.QuerySpacesImpl - Adding QuerySpace : uid = <gen:51> -> org.hibernate.loader.plan.build.internal.spaces.EntityQuerySpaceImpl@249c4305]
13:23:07.341 [Test worker] DEBUG o.h.p.w.spi.MetamodelGraphWalker - Visiting attribute path : parent_ns.vnfr.lifecycle_event_history
13:23:07.341 [Test worker] DEBUG o.h.l.p.b.i.spaces.QuerySpacesImpl - Adding QuerySpace : uid = <gen:52> -> org.hibernate.loader.plan.build.internal.spaces.CollectionQuerySpaceImpl@ef4100a]
13:23:07.342 [Test worker] DEBUG o.h.l.p.b.i.spaces.QuerySpacesImpl - Adding QuerySpace : uid = <gen:53> -> org.hibernate.loader.plan.build.internal.spaces.EntityQuerySpaceImpl@39490831]
13:23:07.342 [Test worker] DEBUG o.h.p.w.spi.MetamodelGraphWalker - Visiting attribute path : parent_ns.vnfr.localization
13:23:07.342 [Test worker] DEBUG o.h.p.w.spi.MetamodelGraphWalker - Visiting attribute path : parent_ns.vnfr.monitoring_parameter
13:23:07.342 [Test worker] DEBUG o.h.p.w.spi.MetamodelGraphWalker - Visiting attribute path : parent_ns.vnfr.notification
13:23:07.342 [Test worker] DEBUG o.h.p.w.spi.MetamodelGraphWalker - Visiting attribute path : parent_ns.vnfr.parent_ns
13:23:07.342 [Test worker] DEBUG o.h.l.p.b.i.spaces.QuerySpacesImpl - Adding QuerySpace : uid = <gen:54> -> org.hibernate.loader.plan.build.internal.spaces.EntityQuerySpaceImpl@69b8e658]
13:23:07.342 [Test worker] DEBUG o.h.p.w.spi.MetamodelGraphWalker - Visiting attribute path : parent_ns.vnfr.runtime_policy_info
13:23:07.342 [Test worker] DEBUG o.h.p.w.spi.MetamodelGraphWalker - Visiting attribute path : parent_ns.vnfr.status
13:23:07.342 [Test worker] DEBUG o.h.p.w.spi.MetamodelGraphWalker - Visiting attribute path : parent_ns.vnfr.vdu
13:23:07.342 [Test worker] DEBUG o.h.l.p.b.i.spaces.QuerySpacesImpl - Adding QuerySpace : uid = <gen:55> -> org.hibernate.loader.plan.build.internal.spaces.CollectionQuerySpaceImpl@6a1ad1a1]
13:23:07.342 [Test worker] DEBUG o.h.l.p.b.i.spaces.QuerySpacesImpl - Adding QuerySpace : uid = <gen:56> -> org.hibernate.loader.plan.build.internal.spaces.EntityQuerySpaceImpl@6b8d773]
13:23:07.342 [Test worker] DEBUG o.h.p.w.spi.MetamodelGraphWalker - Visiting attribute path : parent_ns.vnfr.vendor
13:23:07.342 [Test worker] DEBUG o.h.p.w.spi.MetamodelGraphWalker - Visiting attribute path : parent_ns.vnfr.version
13:23:07.342 [Test worker] DEBUG o.h.p.w.spi.MetamodelGraphWalker - Visiting attribute path : parent_ns.vnfr.virtual_link
13:23:07.342 [Test worker] DEBUG o.h.l.p.b.i.spaces.QuerySpacesImpl - Adding QuerySpace : uid = <gen:57> -> org.hibernate.loader.plan.build.internal.spaces.CollectionQuerySpaceImpl@5148c277]
13:23:07.342 [Test worker] DEBUG o.h.l.p.b.i.spaces.QuerySpacesImpl - Adding QuerySpace : uid = <gen:58> -> org.hibernate.loader.plan.build.internal.spaces.EntityQuerySpaceImpl@7fd73c51]
13:23:07.342 [Test worker] DEBUG o.h.p.w.spi.MetamodelGraphWalker - Visiting attribute path : parent_ns.vnfr.vnf_address
13:23:07.342 [Test worker] DEBUG o.h.p.w.spi.MetamodelGraphWalker - Visiting attribute path : parent_ns.vnfr.vnfm_id
13:23:07.342 [Test worker] DEBUG o.h.p.w.spi.MetamodelGraphWalker - Visiting attribute path : status
13:23:07.342 [Test worker] DEBUG o.h.p.w.spi.MetamodelGraphWalker - Visiting attribute path : vendor
13:23:07.342 [Test worker] DEBUG o.h.p.w.spi.MetamodelGraphWalker - Visiting attribute path : version
13:23:07.343 [Test worker] DEBUG o.h.l.p.b.i.FetchStyleLoadPlanBuildingAssociationVisitationStrategy - Building LoadPlan...
13:23:07.343 [Test worker] DEBUG o.h.l.p.e.i.LoadQueryJoinAndFetchProcessor - processing queryspace <gen:0>
13:23:07.344 [Test worker] DEBUG o.h.l.p.b.spi.LoadPlanTreePrinter - LoadPlan(collection=org.project.neutrino.nfvo.catalogue.mano.record.VirtualLinkRecord.vnffgr_reference)
    - Returns
       - CollectionReturnImpl(collection=org.project.neutrino.nfvo.catalogue.mano.record.VirtualLinkRecord.vnffgr_reference, querySpaceUid=<gen:0>, path=[org.project.neutrino.nfvo.catalogue.mano.record.VirtualLinkRecord.vnffgr_reference])
          - (collection element) CollectionFetchableElementEntityGraph(entity=org.project.neutrino.nfvo.catalogue.mano.record.VNFForwardingGraphRecord, querySpaceUid=<gen:1>, path=[org.project.neutrino.nfvo.catalogue.mano.record.VirtualLinkRecord.vnffgr_reference].<elements>)
             - CollectionAttributeFetchImpl(collection=org.project.neutrino.nfvo.catalogue.mano.record.VNFForwardingGraphRecord.connection_point, querySpaceUid=<gen:2>, path=[org.project.neutrino.nfvo.catalogue.mano.record.VirtualLinkRecord.vnffgr_reference].<elements>.connection_point)
                - (collection element) CollectionFetchableElementEntityGraph(entity=org.project.neutrino.nfvo.catalogue.mano.descriptor.VNFDConnectionPoint, querySpaceUid=<gen:3>, path=[org.project.neutrino.nfvo.catalogue.mano.record.VirtualLinkRecord.vnffgr_reference].<elements>.connection_point.<elements>)
             - CollectionAttributeFetchImpl(collection=org.project.neutrino.nfvo.catalogue.mano.record.VNFForwardingGraphRecord.dependent_virtual_link, querySpaceUid=<gen:4>, path=[org.project.neutrino.nfvo.catalogue.mano.record.VirtualLinkRecord.vnffgr_reference].<elements>.dependent_virtual_link)
                - (collection element) CollectionFetchableElementEntityGraph(entity=org.project.neutrino.nfvo.catalogue.mano.record.VirtualLinkRecord, querySpaceUid=<gen:5>, path=[org.project.neutrino.nfvo.catalogue.mano.record.VirtualLinkRecord.vnffgr_reference].<elements>.dependent_virtual_link.<elements>)
             - EntityAttributeFetchImpl(entity=org.project.neutrino.nfvo.catalogue.mano.descriptor.VNFForwardingGraph, querySpaceUid=<gen:6>, path=[org.project.neutrino.nfvo.catalogue.mano.record.VirtualLinkRecord.vnffgr_reference].<elements>.descriptor_reference)
                - EntityAttributeFetchImpl(entity=org.project.neutrino.nfvo.catalogue.mano.common.Security, querySpaceUid=<gen:7>, path=[org.project.neutrino.nfvo.catalogue.mano.record.VirtualLinkRecord.vnffgr_reference].<elements>.descriptor_reference.vnffgd_security)
             - CollectionAttributeFetchImpl(collection=org.project.neutrino.nfvo.catalogue.mano.record.VNFForwardingGraphRecord.lifecycle_event_history, querySpaceUid=<gen:8>, path=[org.project.neutrino.nfvo.catalogue.mano.record.VirtualLinkRecord.vnffgr_reference].<elements>.lifecycle_event_history)
                - (collection element) CollectionFetchableElementEntityGraph(entity=org.project.neutrino.nfvo.catalogue.mano.common.LifecycleEvent, querySpaceUid=<gen:9>, path=[org.project.neutrino.nfvo.catalogue.mano.record.VirtualLinkRecord.vnffgr_reference].<elements>.lifecycle_event_history.<elements>)
             - CollectionAttributeFetchImpl(collection=org.project.neutrino.nfvo.catalogue.mano.record.VNFForwardingGraphRecord.member_vnfs, querySpaceUid=<gen:10>, path=[org.project.neutrino.nfvo.catalogue.mano.record.VirtualLinkRecord.vnffgr_reference].<elements>.member_vnfs)
                - (collection element) CollectionFetchableElementEntityGraph(entity=org.project.neutrino.nfvo.catalogue.mano.record.VirtualNetworkFunctionRecord, querySpaceUid=<gen:11>, path=[org.project.neutrino.nfvo.catalogue.mano.record.VirtualLinkRecord.vnffgr_reference].<elements>.member_vnfs.<elements>)
             - EntityAttributeFetchImpl(entity=org.project.neutrino.nfvo.catalogue.mano.descriptor.NetworkForwardingPath, querySpaceUid=<gen:12>, path=[org.project.neutrino.nfvo.catalogue.mano.record.VirtualLinkRecord.vnffgr_reference].<elements>.network_forwarding_path)
                - CollectionAttributeFetchImpl(collection=org.project.neutrino.nfvo.catalogue.mano.descriptor.NetworkForwardingPath.connection, querySpaceUid=<gen:13>, path=[org.project.neutrino.nfvo.catalogue.mano.record.VirtualLinkRecord.vnffgr_reference].<elements>.network_forwarding_path.connection)
                - EntityAttributeFetchImpl(entity=org.project.neutrino.nfvo.catalogue.mano.descriptor.Policy, querySpaceUid=<gen:14>, path=[org.project.neutrino.nfvo.catalogue.mano.record.VirtualLinkRecord.vnffgr_reference].<elements>.network_forwarding_path.policy)
             - EntityAttributeFetchImpl(entity=org.project.neutrino.nfvo.catalogue.mano.record.NetworkServiceRecord, querySpaceUid=<gen:15>, path=[org.project.neutrino.nfvo.catalogue.mano.record.VirtualLinkRecord.vnffgr_reference].<elements>.parent_ns)
                - CollectionAttributeFetchImpl(collection=org.project.neutrino.nfvo.catalogue.mano.record.NetworkServiceRecord.auto_scale_policy, querySpaceUid=<gen:16>, path=[org.project.neutrino.nfvo.catalogue.mano.record.VirtualLinkRecord.vnffgr_reference].<elements>.parent_ns.auto_scale_policy)
                   - (collection element) CollectionFetchableElementEntityGraph(entity=org.project.neutrino.nfvo.catalogue.mano.common.AutoScalePolicy, querySpaceUid=<gen:17>, path=[org.project.neutrino.nfvo.catalogue.mano.record.VirtualLinkRecord.vnffgr_reference].<elements>.parent_ns.auto_scale_policy.<elements>)
                - CollectionAttributeFetchImpl(collection=org.project.neutrino.nfvo.catalogue.mano.record.NetworkServiceRecord.connection_point, querySpaceUid=<gen:18>, path=[org.project.neutrino.nfvo.catalogue.mano.record.VirtualLinkRecord.vnffgr_reference].<elements>.parent_ns.connection_point)
                   - (collection element) CollectionFetchableElementEntityGraph(entity=org.project.neutrino.nfvo.catalogue.mano.common.ConnectionPoint, querySpaceUid=<gen:19>, path=[org.project.neutrino.nfvo.catalogue.mano.record.VirtualLinkRecord.vnffgr_reference].<elements>.parent_ns.connection_point.<elements>)
                - EntityAttributeFetchImpl(entity=org.project.neutrino.nfvo.catalogue.mano.common.NFVEntityDescriptor, querySpaceUid=<gen:20>, path=[org.project.neutrino.nfvo.catalogue.mano.record.VirtualLinkRecord.vnffgr_reference].<elements>.parent_ns.descriptor_reference)
                   - CollectionAttributeFetchImpl(collection=org.project.neutrino.nfvo.catalogue.mano.common.NFVEntityDescriptor.monitoring_parameter, querySpaceUid=<gen:21>, path=[org.project.neutrino.nfvo.catalogue.mano.record.VirtualLinkRecord.vnffgr_reference].<elements>.parent_ns.descriptor_reference.monitoring_parameter)
                   - CollectionAttributeFetchImpl(collection=org.project.neutrino.nfvo.catalogue.mano.descriptor.VirtualNetworkFunctionDescriptor.deployment_flavour, querySpaceUid=<gen:22>, path=[org.project.neutrino.nfvo.catalogue.mano.record.VirtualLinkRecord.vnffgr_reference].<elements>.parent_ns.descriptor_reference.deployment_flavour)
                      - (collection element) CollectionFetchableElementEntityGraph(entity=org.project.neutrino.nfvo.catalogue.mano.descriptor.VNFDDeploymentFlavour, querySpaceUid=<gen:23>, path=[org.project.neutrino.nfvo.catalogue.mano.record.VirtualLinkRecord.vnffgr_reference].<elements>.parent_ns.descriptor_reference.deployment_flavour.<elements>)
                   - EntityAttributeFetchImpl(entity=org.project.neutrino.nfvo.catalogue.mano.common.Security, querySpaceUid=<gen:24>, path=[org.project.neutrino.nfvo.catalogue.mano.record.VirtualLinkRecord.vnffgr_reference].<elements>.parent_ns.descriptor_reference.nsd_security)
                   - CollectionAttributeFetchImpl(collection=org.project.neutrino.nfvo.catalogue.mano.descriptor.NetworkServiceDescriptor.vnf_dependency, querySpaceUid=<gen:25>, path=[org.project.neutrino.nfvo.catalogue.mano.record.VirtualLinkRecord.vnffgr_reference].<elements>.parent_ns.descriptor_reference.vnf_dependency)
                      - (collection element) CollectionFetchableElementEntityGraph(entity=org.project.neutrino.nfvo.catalogue.mano.common.VNFDependency, querySpaceUid=<gen:26>, path=[org.project.neutrino.nfvo.catalogue.mano.record.VirtualLinkRecord.vnffgr_reference].<elements>.parent_ns.descriptor_reference.vnf_dependency.<elements>)
                   - CollectionAttributeFetchImpl(collection=org.project.neutrino.nfvo.catalogue.mano.descriptor.NetworkServiceDescriptor.vnfd, querySpaceUid=<gen:27>, path=[org.project.neutrino.nfvo.catalogue.mano.record.VirtualLinkRecord.vnffgr_reference].<elements>.parent_ns.descriptor_reference.vnfd)
                      - (collection element) CollectionFetchableElementEntityGraph(entity=org.project.neutrino.nfvo.catalogue.mano.descriptor.VirtualNetworkFunctionDescriptor, querySpaceUid=<gen:28>, path=[org.project.neutrino.nfvo.catalogue.mano.record.VirtualLinkRecord.vnffgr_reference].<elements>.parent_ns.descriptor_reference.vnfd.<elements>)
                - EntityAttributeFetchImpl(entity=org.project.neutrino.nfvo.catalogue.mano.common.LifecycleEvent, querySpaceUid=<gen:29>, path=[org.project.neutrino.nfvo.catalogue.mano.record.VirtualLinkRecord.vnffgr_reference].<elements>.parent_ns.lifecycle_event)
                - CollectionAttributeFetchImpl(collection=org.project.neutrino.nfvo.catalogue.mano.record.NetworkServiceRecord.lifecycle_event_history, querySpaceUid=<gen:30>, path=[org.project.neutrino.nfvo.catalogue.mano.record.VirtualLinkRecord.vnffgr_reference].<elements>.parent_ns.lifecycle_event_history)
                   - (collection element) CollectionFetchableElementEntityGraph(entity=org.project.neutrino.nfvo.catalogue.mano.common.LifecycleEvent, querySpaceUid=<gen:31>, path=[org.project.neutrino.nfvo.catalogue.mano.record.VirtualLinkRecord.vnffgr_reference].<elements>.parent_ns.lifecycle_event_history.<elements>)
                - CollectionAttributeFetchImpl(collection=org.project.neutrino.nfvo.catalogue.mano.record.NetworkServiceRecord.pnfr, querySpaceUid=<gen:32>, path=[org.project.neutrino.nfvo.catalogue.mano.record.VirtualLinkRecord.vnffgr_reference].<elements>.parent_ns.pnfr)
                   - (collection element) CollectionFetchableElementEntityGraph(entity=org.project.neutrino.nfvo.catalogue.mano.record.PhysicalNetworkFunctionRecord, querySpaceUid=<gen:33>, path=[org.project.neutrino.nfvo.catalogue.mano.record.VirtualLinkRecord.vnffgr_reference].<elements>.parent_ns.pnfr.<elements>)
                - EntityAttributeFetchImpl(entity=org.project.neutrino.nfvo.catalogue.mano.common.ServiceDeploymentFlavour, querySpaceUid=<gen:34>, path=[org.project.neutrino.nfvo.catalogue.mano.record.VirtualLinkRecord.vnffgr_reference].<elements>.parent_ns.service_deployment_flavour)
                - CollectionAttributeFetchImpl(collection=org.project.neutrino.nfvo.catalogue.mano.record.NetworkServiceRecord.vlr, querySpaceUid=<gen:35>, path=[org.project.neutrino.nfvo.catalogue.mano.record.VirtualLinkRecord.vnffgr_reference].<elements>.parent_ns.vlr)
                   - (collection element) CollectionFetchableElementEntityGraph(entity=org.project.neutrino.nfvo.catalogue.mano.record.VirtualLinkRecord, querySpaceUid=<gen:36>, path=[org.project.neutrino.nfvo.catalogue.mano.record.VirtualLinkRecord.vnffgr_reference].<elements>.parent_ns.vlr.<elements>)
                - CollectionAttributeFetchImpl(collection=org.project.neutrino.nfvo.catalogue.mano.record.NetworkServiceRecord.vnf_dependency, querySpaceUid=<gen:37>, path=[org.project.neutrino.nfvo.catalogue.mano.record.VirtualLinkRecord.vnffgr_reference].<elements>.parent_ns.vnf_dependency)
                   - (collection element) CollectionFetchableElementEntityGraph(entity=org.project.neutrino.nfvo.catalogue.mano.common.VNFDependency, querySpaceUid=<gen:38>, path=[org.project.neutrino.nfvo.catalogue.mano.record.VirtualLinkRecord.vnffgr_reference].<elements>.parent_ns.vnf_dependency.<elements>)
                - CollectionAttributeFetchImpl(collection=org.project.neutrino.nfvo.catalogue.mano.record.NetworkServiceRecord.vnffgr, querySpaceUid=<gen:39>, path=[org.project.neutrino.nfvo.catalogue.mano.record.VirtualLinkRecord.vnffgr_reference].<elements>.parent_ns.vnffgr)
                   - (collection element) CollectionFetchableElementEntityGraph(entity=org.project.neutrino.nfvo.catalogue.mano.descriptor.VNFForwardingGraph, querySpaceUid=<gen:40>, path=[org.project.neutrino.nfvo.catalogue.mano.record.VirtualLinkRecord.vnffgr_reference].<elements>.parent_ns.vnffgr.<elements>)
                - EntityAttributeFetchImpl(entity=org.project.neutrino.nfvo.catalogue.mano.record.VirtualNetworkFunctionRecord, querySpaceUid=<gen:41>, path=[org.project.neutrino.nfvo.catalogue.mano.record.VirtualLinkRecord.vnffgr_reference].<elements>.parent_ns.vnfr)
                   - CollectionAttributeFetchImpl(collection=org.project.neutrino.nfvo.catalogue.mano.record.VirtualNetworkFunctionRecord.auto_scale_policy, querySpaceUid=<gen:42>, path=[org.project.neutrino.nfvo.catalogue.mano.record.VirtualLinkRecord.vnffgr_reference].<elements>.parent_ns.vnfr.auto_scale_policy)
                      - (collection element) CollectionFetchableElementEntityGraph(entity=org.project.neutrino.nfvo.catalogue.mano.common.AutoScalePolicy, querySpaceUid=<gen:43>, path=[org.project.neutrino.nfvo.catalogue.mano.record.VirtualLinkRecord.vnffgr_reference].<elements>.parent_ns.vnfr.auto_scale_policy.<elements>)
                   - CollectionAttributeFetchImpl(collection=org.project.neutrino.nfvo.catalogue.mano.record.VirtualNetworkFunctionRecord.connected_external_virtual_link, querySpaceUid=<gen:44>, path=[org.project.neutrino.nfvo.catalogue.mano.record.VirtualLinkRecord.vnffgr_reference].<elements>.parent_ns.vnfr.connected_external_virtual_link)
                      - (collection element) CollectionFetchableElementEntityGraph(entity=org.project.neutrino.nfvo.catalogue.mano.record.VirtualLinkRecord, querySpaceUid=<gen:45>, path=[org.project.neutrino.nfvo.catalogue.mano.record.VirtualLinkRecord.vnffgr_reference].<elements>.parent_ns.vnfr.connected_external_virtual_link.<elements>)
                   - CollectionAttributeFetchImpl(collection=org.project.neutrino.nfvo.catalogue.mano.record.VirtualNetworkFunctionRecord.connection_point, querySpaceUid=<gen:46>, path=[org.project.neutrino.nfvo.catalogue.mano.record.VirtualLinkRecord.vnffgr_reference].<elements>.parent_ns.vnfr.connection_point)
                      - (collection element) CollectionFetchableElementEntityGraph(entity=org.project.neutrino.nfvo.catalogue.mano.common.ConnectionPoint, querySpaceUid=<gen:47>, path=[org.project.neutrino.nfvo.catalogue.mano.record.VirtualLinkRecord.vnffgr_reference].<elements>.parent_ns.vnfr.connection_point.<elements>)
                   - CollectionAttributeFetchImpl(collection=org.project.neutrino.nfvo.catalogue.mano.record.VirtualNetworkFunctionRecord.dependency, querySpaceUid=<gen:48>, path=[org.project.neutrino.nfvo.catalogue.mano.record.VirtualLinkRecord.vnffgr_reference].<elements>.parent_ns.vnfr.dependency)
                      - (collection element) CollectionFetchableElementEntityGraph(entity=org.project.neutrino.nfvo.catalogue.mano.common.VNFDependency, querySpaceUid=<gen:49>, path=[org.project.neutrino.nfvo.catalogue.mano.record.VirtualLinkRecord.vnffgr_reference].<elements>.parent_ns.vnfr.dependency.<elements>)
                   - EntityAttributeFetchImpl(entity=org.project.neutrino.nfvo.catalogue.mano.descriptor.VNFDDeploymentFlavour, querySpaceUid=<gen:50>, path=[org.project.neutrino.nfvo.catalogue.mano.record.VirtualLinkRecord.vnffgr_reference].<elements>.parent_ns.vnfr.deployment_flavour)
                   - EntityAttributeFetchImpl(entity=org.project.neutrino.nfvo.catalogue.mano.common.LifecycleEvent, querySpaceUid=<gen:51>, path=[org.project.neutrino.nfvo.catalogue.mano.record.VirtualLinkRecord.vnffgr_reference].<elements>.parent_ns.vnfr.lifecycle_event)
                   - CollectionAttributeFetchImpl(collection=org.project.neutrino.nfvo.catalogue.mano.record.VirtualNetworkFunctionRecord.lifecycle_event_history, querySpaceUid=<gen:52>, path=[org.project.neutrino.nfvo.catalogue.mano.record.VirtualLinkRecord.vnffgr_reference].<elements>.parent_ns.vnfr.lifecycle_event_history)
                      - (collection element) CollectionFetchableElementEntityGraph(entity=org.project.neutrino.nfvo.catalogue.mano.common.LifecycleEvent, querySpaceUid=<gen:53>, path=[org.project.neutrino.nfvo.catalogue.mano.record.VirtualLinkRecord.vnffgr_reference].<elements>.parent_ns.vnfr.lifecycle_event_history.<elements>)
                   - EntityAttributeFetchImpl(entity=org.project.neutrino.nfvo.catalogue.mano.record.NetworkServiceRecord, querySpaceUid=<gen:54>, path=[org.project.neutrino.nfvo.catalogue.mano.record.VirtualLinkRecord.vnffgr_reference].<elements>.parent_ns.vnfr.parent_ns)
                   - CollectionAttributeFetchImpl(collection=org.project.neutrino.nfvo.catalogue.mano.record.VirtualNetworkFunctionRecord.vdu, querySpaceUid=<gen:55>, path=[org.project.neutrino.nfvo.catalogue.mano.record.VirtualLinkRecord.vnffgr_reference].<elements>.parent_ns.vnfr.vdu)
                      - (collection element) CollectionFetchableElementEntityGraph(entity=org.project.neutrino.nfvo.catalogue.mano.descriptor.VirtualDeploymentUnit, querySpaceUid=<gen:56>, path=[org.project.neutrino.nfvo.catalogue.mano.record.VirtualLinkRecord.vnffgr_reference].<elements>.parent_ns.vnfr.vdu.<elements>)
                   - CollectionAttributeFetchImpl(collection=org.project.neutrino.nfvo.catalogue.mano.record.VirtualNetworkFunctionRecord.virtual_link, querySpaceUid=<gen:57>, path=[org.project.neutrino.nfvo.catalogue.mano.record.VirtualLinkRecord.vnffgr_reference].<elements>.parent_ns.vnfr.virtual_link)
                      - (collection element) CollectionFetchableElementEntityGraph(entity=org.project.neutrino.nfvo.catalogue.mano.descriptor.InternalVirtualLink, querySpaceUid=<gen:58>, path=[org.project.neutrino.nfvo.catalogue.mano.record.VirtualLinkRecord.vnffgr_reference].<elements>.parent_ns.vnfr.virtual_link.<elements>)
    - QuerySpaces
       - CollectionQuerySpaceImpl(uid=<gen:0>, collection=org.project.neutrino.nfvo.catalogue.mano.record.VirtualLinkRecord.vnffgr_reference)
          - SQL table alias mapping - vnffgr_ref0_
          - alias suffix - 0_
          - suffixed key columns - {virtual_1_54_0_}
          - entity-element alias suffix - 1_
          - 1_entity-element suffixed key columns - id1_92_1_
          - JOIN (JoinDefinedByMetadata(elements)) : <gen:0> -> <gen:1>
             - EntityQuerySpaceImpl(uid=<gen:1>, entity=org.project.neutrino.nfvo.catalogue.mano.record.VNFForwardingGraphRecord)
                - SQL table alias mapping - vnfforward1_
                - alias suffix - 1_
                - suffixed key columns - {id1_92_1_}
                - JOIN (JoinDefinedByMetadata(descriptor_reference)) : <gen:1> -> <gen:6>
                   - EntityQuerySpaceImpl(uid=<gen:6>, entity=org.project.neutrino.nfvo.catalogue.mano.descriptor.VNFForwardingGraph)
                      - SQL table alias mapping - vnfforward2_
                      - alias suffix - 2_
                      - suffixed key columns - {id1_87_2_}
                      - JOIN (JoinDefinedByMetadata(vnffgd_security)) : <gen:6> -> <gen:7>
                         - EntityQuerySpaceImpl(uid=<gen:7>, entity=org.project.neutrino.nfvo.catalogue.mano.common.Security)
                            - SQL table alias mapping - security3_
                            - alias suffix - 3_
                            - suffixed key columns - {id1_43_3_}
                - JOIN (JoinDefinedByMetadata(network_forwarding_path)) : <gen:1> -> <gen:12>
                   - EntityQuerySpaceImpl(uid=<gen:12>, entity=org.project.neutrino.nfvo.catalogue.mano.descriptor.NetworkForwardingPath)
                      - SQL table alias mapping - networkfor4_
                      - alias suffix - 4_
                      - suffixed key columns - {id1_12_4_}
                      - JOIN (JoinDefinedByMetadata(policy)) : <gen:12> -> <gen:14>
                         - EntityQuerySpaceImpl(uid=<gen:14>, entity=org.project.neutrino.nfvo.catalogue.mano.descriptor.Policy)
                            - SQL table alias mapping - policy5_
                            - alias suffix - 5_
                            - suffixed key columns - {id1_42_5_}
                - JOIN (JoinDefinedByMetadata(parent_ns)) : <gen:1> -> <gen:15>
                   - EntityQuerySpaceImpl(uid=<gen:15>, entity=org.project.neutrino.nfvo.catalogue.mano.record.NetworkServiceRecord)
                      - SQL table alias mapping - networkser6_
                      - alias suffix - 6_
                      - suffixed key columns - {id1_18_6_}
                      - JOIN (JoinDefinedByMetadata(descriptor_reference)) : <gen:15> -> <gen:20>
                         - EntityQuerySpaceImpl(uid=<gen:20>, entity=org.project.neutrino.nfvo.catalogue.mano.common.NFVEntityDescriptor)
                            - SQL table alias mapping - nfventityd7_
                            - alias suffix - 7_
                            - suffixed key columns - {id1_27_7_}
                      - JOIN (JoinDefinedByMetadata(lifecycle_event)) : <gen:15> -> <gen:29>
                         - EntityQuerySpaceImpl(uid=<gen:29>, entity=org.project.neutrino.nfvo.catalogue.mano.common.LifecycleEvent)
                            - SQL table alias mapping - lifecyclee8_
                            - alias suffix - 8_
                            - suffixed key columns - {id1_10_8_}
                      - JOIN (JoinDefinedByMetadata(service_deployment_flavour)) : <gen:15> -> <gen:34>
                         - EntityQuerySpaceImpl(uid=<gen:34>, entity=org.project.neutrino.nfvo.catalogue.mano.common.ServiceDeploymentFlavour)
                            - SQL table alias mapping - servicedep9_
                            - alias suffix - 9_
                            - suffixed key columns - {id1_7_9_}
                      - JOIN (JoinDefinedByMetadata(vnfr)) : <gen:15> -> <gen:41>
                         - EntityQuerySpaceImpl(uid=<gen:41>, entity=org.project.neutrino.nfvo.catalogue.mano.record.VirtualNetworkFunctionRecord)
                            - SQL table alias mapping - virtualnet10_
                            - alias suffix - 10_
                            - suffixed key columns - {id1_68_10_}

13:23:07.345 [Test worker] DEBUG o.h.l.c.plan.CollectionLoader - Static select for collection org.project.neutrino.nfvo.catalogue.mano.record.VirtualLinkRecord.vnffgr_reference: select vnffgr_ref0_.virtual_link_record_id as virtual_1_54_0_, vnffgr_ref0_.vnffgr_reference_id as vnffgr_r2_61_0_, vnfforward1_.id as id1_92_1_, vnfforward1_.audit_log as audit_lo2_92_1_, vnfforward1_.descriptor_reference_id as descrip10_92_1_, vnfforward1_.network_forwarding_path_id as network11_92_1_, vnfforward1_.number_of_endpoints as number_o3_92_1_, vnfforward1_.number_of_pnfs as number_o4_92_1_, vnfforward1_.number_of_virtual_links as number_o5_92_1_, vnfforward1_.number_of_vnfs as number_o6_92_1_, vnfforward1_.parent_ns_id as parent_12_92_1_, vnfforward1_.status as status7_92_1_, vnfforward1_.vendor as vendor8_92_1_, vnfforward1_.version as version9_92_1_, vnfforward2_.id as id1_87_2_, vnfforward2_.descriptor_version as descript2_87_2_, vnfforward2_.hb_version as hb_versi3_87_2_, vnfforward2_.number_of_endpoints as number_o4_87_2_, vnfforward2_.number_of_virtual_links as number_o5_87_2_, vnfforward2_.vendor as vendor6_87_2_, vnfforward2_.version as version7_87_2_, vnfforward2_.vnffgd_security_id as vnffgd_s8_87_2_, security3_.id as id1_43_3_, security3_.version as version2_43_3_, networkfor4_.id as id1_12_4_, networkfor4_.policy_id as policy_i3_12_4_, networkfor4_.version as version2_12_4_, policy5_.id as id1_42_5_, policy5_.version as version2_42_5_, networkser6_.id as id1_18_6_, networkser6_.audit_log as audit_lo2_18_6_, networkser6_.descriptor_reference_Id as descript9_18_6_, networkser6_.lifecycle_event_id as lifecyc10_18_6_, networkser6_.notification as notifica3_18_6_, networkser6_.resource_reservation as resource4_18_6_, networkser6_.runtime_policy_info as runtime_5_18_6_, networkser6_.service_deployment_flavour_id as service11_18_6_, networkser6_.status as status6_18_6_, networkser6_.vendor as vendor7_18_6_, networkser6_.version as version8_18_6_, networkser6_.vnfr_id as vnfr_id12_18_6_, nfventityd7_.id as id1_27_7_, nfventityd7_.hb_version as hb_versi2_27_7_, nfventityd7_.vendor as vendor3_27_7_, nfventityd7_.version as version4_27_7_, nfventityd7_.descriptor_version as descript1_62_7_, nfventityd7_.manifest_file as manifest2_62_7_, nfventityd7_.nsd_security_id as nsd_secu1_14_7_, nfventityd7_.clazz_ as clazz_7_, lifecyclee8_.id as id1_10_8_, lifecyclee8_.version as version2_10_8_, servicedep9_.id as id1_7_9_, servicedep9_.flavour_key as flavour_2_7_9_, servicedep9_.version as version3_7_9_, virtualnet10_.id as id1_68_10_, virtualnet10_.audit_log as audit_lo2_68_10_, virtualnet10_.deployment_flavour_id as deployme9_68_10_, virtualnet10_.descriptor_reference as descript3_68_10_, virtualnet10_.lifecycle_event_id as lifecyc10_68_10_, virtualnet10_.localization as localiza4_68_10_, virtualnet10_.parent_ns_id as parent_11_68_10_, virtualnet10_.status as status5_68_10_, virtualnet10_.vendor as vendor6_68_10_, virtualnet10_.version as version7_68_10_, virtualnet10_.vnfm_id as vnfm_id8_68_10_ from virtual_link_record_vnffgr_reference vnffgr_ref0_ inner join vnfforwarding_graph_record vnfforward1_ on vnffgr_ref0_.vnffgr_reference_id=vnfforward1_.id left outer join vnfforwarding_graph vnfforward2_ on vnfforward1_.descriptor_reference_id=vnfforward2_.id left outer join security security3_ on vnfforward2_.vnffgd_security_id=security3_.id left outer join network_forwarding_path networkfor4_ on vnfforward1_.network_forwarding_path_id=networkfor4_.id left outer join policy policy5_ on networkfor4_.policy_id=policy5_.id left outer join network_service_record networkser6_ on vnfforward1_.parent_ns_id=networkser6_.id left outer join ( select id, hb_version, vendor, version, descriptor_version, manifest_file, null as nsd_security_id, 1 as clazz_ from virtual_network_function_descriptor union select id, hb_version, vendor, version, null as descriptor_version, null as manifest_file, nsd_security_id, 2 as clazz_ from network_service_descriptor ) nfventityd7_ on networkser6_.descriptor_reference_Id=nfventityd7_.id left outer join lifecycle_event lifecyclee8_ on networkser6_.lifecycle_event_id=lifecyclee8_.id left outer join service_deployment_flavour servicedep9_ on networkser6_.service_deployment_flavour_id=servicedep9_.id left outer join virtual_network_function_record virtualnet10_ on networkser6_.vnfr_id=virtualnet10_.id where vnffgr_ref0_.virtual_link_record_id=?
13:23:07.346 [Test worker] DEBUG o.h.l.p.b.i.spaces.QuerySpacesImpl - Adding QuerySpace : uid = <gen:0> -> org.hibernate.loader.plan.build.internal.spaces.CollectionQuerySpaceImpl@bb92b69]
13:23:07.346 [Test worker] DEBUG o.h.l.p.b.i.FetchStyleLoadPlanBuildingAssociationVisitationStrategy - Building LoadPlan...
13:23:07.346 [Test worker] DEBUG o.h.l.p.e.i.LoadQueryJoinAndFetchProcessor - processing queryspace <gen:0>
13:23:07.346 [Test worker] DEBUG o.h.l.p.b.spi.LoadPlanTreePrinter - LoadPlan(collection=org.project.neutrino.nfvo.catalogue.mano.descriptor.VirtualDeploymentUnit.vm_image)
    - Returns
       - CollectionReturnImpl(collection=org.project.neutrino.nfvo.catalogue.mano.descriptor.VirtualDeploymentUnit.vm_image, querySpaceUid=<gen:0>, path=[org.project.neutrino.nfvo.catalogue.mano.descriptor.VirtualDeploymentUnit.vm_image])
    - QuerySpaces
       - CollectionQuerySpaceImpl(uid=<gen:0>, collection=org.project.neutrino.nfvo.catalogue.mano.descriptor.VirtualDeploymentUnit.vm_image)
          - SQL table alias mapping - vm_image0_
          - alias suffix - 0_
          - suffixed key columns - {virtual_1_47_0_}

13:23:07.346 [Test worker] DEBUG o.h.l.c.plan.CollectionLoader - Static select for collection org.project.neutrino.nfvo.catalogue.mano.descriptor.VirtualDeploymentUnit.vm_image: select vm_image0_.virtual_deployment_unit_id as virtual_1_47_0_, vm_image0_.vm_image as vm_image2_50_0_ from virtual_deployment_unit_vm_image vm_image0_ where vm_image0_.virtual_deployment_unit_id=?
13:23:07.346 [Test worker] DEBUG o.h.l.p.b.i.spaces.QuerySpacesImpl - Adding QuerySpace : uid = <gen:0> -> org.hibernate.loader.plan.build.internal.spaces.CollectionQuerySpaceImpl@58786c40]
13:23:07.346 [Test worker] DEBUG o.h.l.p.b.i.FetchStyleLoadPlanBuildingAssociationVisitationStrategy - Building LoadPlan...
13:23:07.347 [Test worker] DEBUG o.h.l.p.e.i.LoadQueryJoinAndFetchProcessor - processing queryspace <gen:0>
13:23:07.347 [Test worker] DEBUG o.h.l.p.b.spi.LoadPlanTreePrinter - LoadPlan(collection=org.project.neutrino.nfvo.catalogue.mano.descriptor.VNFDDeploymentFlavour.df_constraint)
    - Returns
       - CollectionReturnImpl(collection=org.project.neutrino.nfvo.catalogue.mano.descriptor.VNFDDeploymentFlavour.df_constraint, querySpaceUid=<gen:0>, path=[org.project.neutrino.nfvo.catalogue.mano.descriptor.VNFDDeploymentFlavour.df_constraint])
    - QuerySpaces
       - CollectionQuerySpaceImpl(uid=<gen:0>, collection=org.project.neutrino.nfvo.catalogue.mano.descriptor.VNFDDeploymentFlavour.df_constraint)
          - SQL table alias mapping - df_constra0_
          - alias suffix - 0_
          - suffixed key columns - {vnfddepl1_7_0_}

13:23:07.347 [Test worker] DEBUG o.h.l.c.plan.CollectionLoader - Static select for collection org.project.neutrino.nfvo.catalogue.mano.descriptor.VNFDDeploymentFlavour.df_constraint: select df_constra0_.vnfddeployment_flavour_id as vnfddepl1_7_0_, df_constra0_.df_constraint as df_const2_85_0_ from vnfddeployment_flavour_df_constraint df_constra0_ where df_constra0_.vnfddeployment_flavour_id=?
13:23:07.347 [Test worker] DEBUG o.h.l.p.b.i.spaces.QuerySpacesImpl - Adding QuerySpace : uid = <gen:0> -> org.hibernate.loader.plan.build.internal.spaces.CollectionQuerySpaceImpl@1b0787da]
13:23:07.347 [Test worker] DEBUG o.h.l.p.b.i.FetchStyleLoadPlanBuildingAssociationVisitationStrategy - Building LoadPlan...
13:23:07.347 [Test worker] DEBUG o.h.l.p.e.i.LoadQueryJoinAndFetchProcessor - processing queryspace <gen:0>
13:23:07.347 [Test worker] DEBUG o.h.l.p.b.spi.LoadPlanTreePrinter - LoadPlan(collection=org.project.neutrino.nfvo.catalogue.mano.record.NetworkServiceRecord.monitoring_parameter)
    - Returns
       - CollectionReturnImpl(collection=org.project.neutrino.nfvo.catalogue.mano.record.NetworkServiceRecord.monitoring_parameter, querySpaceUid=<gen:0>, path=[org.project.neutrino.nfvo.catalogue.mano.record.NetworkServiceRecord.monitoring_parameter])
    - QuerySpaces
       - CollectionQuerySpaceImpl(uid=<gen:0>, collection=org.project.neutrino.nfvo.catalogue.mano.record.NetworkServiceRecord.monitoring_parameter)
          - SQL table alias mapping - monitoring0_
          - alias suffix - 0_
          - suffixed key columns - {network_1_18_0_}

13:23:07.347 [Test worker] DEBUG o.h.l.c.plan.CollectionLoader - Static select for collection org.project.neutrino.nfvo.catalogue.mano.record.NetworkServiceRecord.monitoring_parameter: select monitoring0_.network_service_record_id as network_1_18_0_, monitoring0_.monitoring_parameter as monitori2_22_0_ from network_service_record_monitoring_parameter monitoring0_ where monitoring0_.network_service_record_id=?
13:23:07.347 [Test worker] DEBUG o.h.l.p.b.i.spaces.QuerySpacesImpl - Adding QuerySpace : uid = <gen:0> -> org.hibernate.loader.plan.build.internal.spaces.CollectionQuerySpaceImpl@5aa8763e]
13:23:07.348 [Test worker] DEBUG o.h.l.p.b.i.spaces.QuerySpacesImpl - Adding QuerySpace : uid = <gen:1> -> org.hibernate.loader.plan.build.internal.spaces.EntityQuerySpaceImpl@69eb0ef1]
13:23:07.348 [Test worker] DEBUG o.h.p.w.spi.MetamodelGraphWalker - Visiting attribute path : lifecycle_events
13:23:07.348 [Test worker] DEBUG o.h.p.w.spi.MetamodelGraphWalker - Visiting attribute path : version
13:23:07.348 [Test worker] DEBUG o.h.l.p.b.i.FetchStyleLoadPlanBuildingAssociationVisitationStrategy - Building LoadPlan...
13:23:07.348 [Test worker] DEBUG o.h.l.p.e.i.LoadQueryJoinAndFetchProcessor - processing queryspace <gen:0>
13:23:07.348 [Test worker] DEBUG o.h.l.p.b.spi.LoadPlanTreePrinter - LoadPlan(collection=org.project.neutrino.nfvo.catalogue.mano.record.VNFForwardingGraphRecord.lifecycle_event_history)
    - Returns
       - CollectionReturnImpl(collection=org.project.neutrino.nfvo.catalogue.mano.record.VNFForwardingGraphRecord.lifecycle_event_history, querySpaceUid=<gen:0>, path=[org.project.neutrino.nfvo.catalogue.mano.record.VNFForwardingGraphRecord.lifecycle_event_history])
          - (collection element) CollectionFetchableElementEntityGraph(entity=org.project.neutrino.nfvo.catalogue.mano.common.LifecycleEvent, querySpaceUid=<gen:1>, path=[org.project.neutrino.nfvo.catalogue.mano.record.VNFForwardingGraphRecord.lifecycle_event_history].<elements>)
    - QuerySpaces
       - CollectionQuerySpaceImpl(uid=<gen:0>, collection=org.project.neutrino.nfvo.catalogue.mano.record.VNFForwardingGraphRecord.lifecycle_event_history)
          - SQL table alias mapping - lifecycle_0_
          - alias suffix - 0_
          - suffixed key columns - {vnfforwa1_92_0_}
          - entity-element alias suffix - 1_
          - 1_entity-element suffixed key columns - id1_10_1_
          - JOIN (JoinDefinedByMetadata(elements)) : <gen:0> -> <gen:1>
             - EntityQuerySpaceImpl(uid=<gen:1>, entity=org.project.neutrino.nfvo.catalogue.mano.common.LifecycleEvent)
                - SQL table alias mapping - lifecyclee1_
                - alias suffix - 1_
                - suffixed key columns - {id1_10_1_}

13:23:07.348 [Test worker] DEBUG o.h.l.c.plan.CollectionLoader - Static select for collection org.project.neutrino.nfvo.catalogue.mano.record.VNFForwardingGraphRecord.lifecycle_event_history: select lifecycle_0_.vnfforwarding_graph_record_id as vnfforwa1_92_0_, lifecycle_0_.lifecycle_event_history_id as lifecycl2_95_0_, lifecyclee1_.id as id1_10_1_, lifecyclee1_.version as version2_10_1_ from vnfforwarding_graph_record_lifecycle_event_history lifecycle_0_ inner join lifecycle_event lifecyclee1_ on lifecycle_0_.lifecycle_event_history_id=lifecyclee1_.id where lifecycle_0_.vnfforwarding_graph_record_id=?
13:23:07.348 [Test worker] DEBUG o.h.l.p.b.i.spaces.QuerySpacesImpl - Adding QuerySpace : uid = <gen:0> -> org.hibernate.loader.plan.build.internal.spaces.CollectionQuerySpaceImpl@1498de95]
13:23:07.349 [Test worker] DEBUG o.h.l.p.b.i.spaces.QuerySpacesImpl - Adding QuerySpace : uid = <gen:1> -> org.hibernate.loader.plan.build.internal.spaces.EntityQuerySpaceImpl@403d12c3]
13:23:07.349 [Test worker] DEBUG o.h.p.w.spi.MetamodelGraphWalker - Visiting attribute path : flavour_key
13:23:07.349 [Test worker] DEBUG o.h.p.w.spi.MetamodelGraphWalker - Visiting attribute path : version
13:23:07.349 [Test worker] DEBUG o.h.p.w.spi.MetamodelGraphWalker - Visiting attribute path : costituent_vdu
13:23:07.349 [Test worker] DEBUG o.h.p.w.spi.MetamodelGraphWalker - Visiting attribute path : df_constraint
13:23:07.349 [Test worker] DEBUG o.h.l.p.b.i.spaces.QuerySpacesImpl - Adding QuerySpace : uid = <gen:2> -> org.hibernate.loader.plan.build.internal.spaces.CollectionQuerySpaceImpl@364ee76d]
13:23:07.349 [Test worker] DEBUG o.h.l.p.b.i.FetchStyleLoadPlanBuildingAssociationVisitationStrategy - Building LoadPlan...
13:23:07.349 [Test worker] DEBUG o.h.l.p.e.i.LoadQueryJoinAndFetchProcessor - processing queryspace <gen:0>
13:23:07.349 [Test worker] DEBUG o.h.l.p.b.spi.LoadPlanTreePrinter - LoadPlan(collection=org.project.neutrino.nfvo.catalogue.mano.descriptor.VirtualNetworkFunctionDescriptor.deployment_flavour)
    - Returns
       - CollectionReturnImpl(collection=org.project.neutrino.nfvo.catalogue.mano.descriptor.VirtualNetworkFunctionDescriptor.deployment_flavour, querySpaceUid=<gen:0>, path=[org.project.neutrino.nfvo.catalogue.mano.descriptor.VirtualNetworkFunctionDescriptor.deployment_flavour])
          - (collection element) CollectionFetchableElementEntityGraph(entity=org.project.neutrino.nfvo.catalogue.mano.descriptor.VNFDDeploymentFlavour, querySpaceUid=<gen:1>, path=[org.project.neutrino.nfvo.catalogue.mano.descriptor.VirtualNetworkFunctionDescriptor.deployment_flavour].<elements>)
             - CollectionAttributeFetchImpl(collection=org.project.neutrino.nfvo.catalogue.mano.descriptor.VNFDDeploymentFlavour.df_constraint, querySpaceUid=<gen:2>, path=[org.project.neutrino.nfvo.catalogue.mano.descriptor.VirtualNetworkFunctionDescriptor.deployment_flavour].<elements>.df_constraint)
    - QuerySpaces
       - CollectionQuerySpaceImpl(uid=<gen:0>, collection=org.project.neutrino.nfvo.catalogue.mano.descriptor.VirtualNetworkFunctionDescriptor.deployment_flavour)
          - SQL table alias mapping - deployment0_
          - alias suffix - 0_
          - suffixed key columns - {virtual_1_27_0_}
          - entity-element alias suffix - 1_
          - 1_entity-element suffixed key columns - id1_7_1_
          - JOIN (JoinDefinedByMetadata(elements)) : <gen:0> -> <gen:1>
             - EntityQuerySpaceImpl(uid=<gen:1>, entity=org.project.neutrino.nfvo.catalogue.mano.descriptor.VNFDDeploymentFlavour)
                - SQL table alias mapping - vnfddeploy1_
                - alias suffix - 1_
                - suffixed key columns - {id1_7_1_}

13:23:07.349 [Test worker] DEBUG o.h.l.c.plan.CollectionLoader - Static select for collection org.project.neutrino.nfvo.catalogue.mano.descriptor.VirtualNetworkFunctionDescriptor.deployment_flavour: select deployment0_.virtual_network_function_descriptor_Id as virtual_1_27_0_, deployment0_.deployment_flavour_id as deployme2_63_0_, vnfddeploy1_.id as id1_7_1_, vnfddeploy1_.flavour_key as flavour_2_7_1_, vnfddeploy1_.version as version3_7_1_ from virtual_network_function_descriptor_deployment_flavour deployment0_ inner join vnfddeployment_flavour vnfddeploy1_ on deployment0_.deployment_flavour_id=vnfddeploy1_.id where deployment0_.virtual_network_function_descriptor_Id=?
13:23:07.350 [Test worker] DEBUG o.h.l.p.b.i.spaces.QuerySpacesImpl - Adding QuerySpace : uid = <gen:0> -> org.hibernate.loader.plan.build.internal.spaces.CollectionQuerySpaceImpl@763bc0f5]
13:23:07.350 [Test worker] DEBUG o.h.l.p.b.i.FetchStyleLoadPlanBuildingAssociationVisitationStrategy - Building LoadPlan...
13:23:07.350 [Test worker] DEBUG o.h.l.p.e.i.LoadQueryJoinAndFetchProcessor - processing queryspace <gen:0>
13:23:07.350 [Test worker] DEBUG o.h.l.p.b.spi.LoadPlanTreePrinter - LoadPlan(collection=org.project.neutrino.nfvo.catalogue.mano.record.VirtualNetworkFunctionRecord.runtime_policy_info)
    - Returns
       - CollectionReturnImpl(collection=org.project.neutrino.nfvo.catalogue.mano.record.VirtualNetworkFunctionRecord.runtime_policy_info, querySpaceUid=<gen:0>, path=[org.project.neutrino.nfvo.catalogue.mano.record.VirtualNetworkFunctionRecord.runtime_policy_info])
    - QuerySpaces
       - CollectionQuerySpaceImpl(uid=<gen:0>, collection=org.project.neutrino.nfvo.catalogue.mano.record.VirtualNetworkFunctionRecord.runtime_policy_info)
          - SQL table alias mapping - runtime_po0_
          - alias suffix - 0_
          - suffixed key columns - {virtual_1_68_0_}

13:23:07.350 [Test worker] DEBUG o.h.l.c.plan.CollectionLoader - Static select for collection org.project.neutrino.nfvo.catalogue.mano.record.VirtualNetworkFunctionRecord.runtime_policy_info: select runtime_po0_.virtual_network_function_record_id as virtual_1_68_0_, runtime_po0_.runtime_policy_info as runtime_2_76_0_ from virtual_network_function_record_runtime_policy_info runtime_po0_ where runtime_po0_.virtual_network_function_record_id=?
13:23:07.350 [Test worker] DEBUG o.h.l.p.b.i.spaces.QuerySpacesImpl - Adding QuerySpace : uid = <gen:0> -> org.hibernate.loader.plan.build.internal.spaces.CollectionQuerySpaceImpl@453831c]
13:23:07.350 [Test worker] DEBUG o.h.l.p.b.i.FetchStyleLoadPlanBuildingAssociationVisitationStrategy - Building LoadPlan...
13:23:07.351 [Test worker] DEBUG o.h.l.p.e.i.LoadQueryJoinAndFetchProcessor - processing queryspace <gen:0>
13:23:07.351 [Test worker] DEBUG o.h.l.p.b.spi.LoadPlanTreePrinter - LoadPlan(collection=org.project.neutrino.nfvo.catalogue.mano.descriptor.VirtualDeploymentUnit.monitoring_parameter)
    - Returns
       - CollectionReturnImpl(collection=org.project.neutrino.nfvo.catalogue.mano.descriptor.VirtualDeploymentUnit.monitoring_parameter, querySpaceUid=<gen:0>, path=[org.project.neutrino.nfvo.catalogue.mano.descriptor.VirtualDeploymentUnit.monitoring_parameter])
    - QuerySpaces
       - CollectionQuerySpaceImpl(uid=<gen:0>, collection=org.project.neutrino.nfvo.catalogue.mano.descriptor.VirtualDeploymentUnit.monitoring_parameter)
          - SQL table alias mapping - monitoring0_
          - alias suffix - 0_
          - suffixed key columns - {virtual_1_47_0_}

13:23:07.351 [Test worker] DEBUG o.h.l.c.plan.CollectionLoader - Static select for collection org.project.neutrino.nfvo.catalogue.mano.descriptor.VirtualDeploymentUnit.monitoring_parameter: select monitoring0_.virtual_deployment_unit_id as virtual_1_47_0_, monitoring0_.monitoring_parameter as monitori2_49_0_ from virtual_deployment_unit_monitoring_parameter monitoring0_ where monitoring0_.virtual_deployment_unit_id=?
13:23:07.351 [Test worker] DEBUG o.h.l.p.b.i.spaces.QuerySpacesImpl - Adding QuerySpace : uid = <gen:0> -> org.hibernate.loader.plan.build.internal.spaces.CollectionQuerySpaceImpl@584c735c]
13:23:07.351 [Test worker] DEBUG o.h.l.p.b.i.spaces.QuerySpacesImpl - Adding QuerySpace : uid = <gen:1> -> org.hibernate.loader.plan.build.internal.spaces.EntityQuerySpaceImpl@329ca4e]
13:23:07.351 [Test worker] DEBUG o.h.p.w.spi.MetamodelGraphWalker - Visiting attribute path : type
13:23:07.351 [Test worker] DEBUG o.h.p.w.spi.MetamodelGraphWalker - Visiting attribute path : version
13:23:07.351 [Test worker] DEBUG o.h.p.w.spi.MetamodelGraphWalker - Visiting attribute path : virtual_link_reference
13:23:07.351 [Test worker] DEBUG o.h.l.p.b.i.FetchStyleLoadPlanBuildingAssociationVisitationStrategy - Building LoadPlan...
13:23:07.351 [Test worker] DEBUG o.h.l.p.e.i.LoadQueryJoinAndFetchProcessor - processing queryspace <gen:0>
13:23:07.352 [Test worker] DEBUG o.h.l.p.b.spi.LoadPlanTreePrinter - LoadPlan(collection=org.project.neutrino.nfvo.catalogue.mano.common.NFVEntityDescriptor.connection_point)
    - Returns
       - CollectionReturnImpl(collection=org.project.neutrino.nfvo.catalogue.mano.common.NFVEntityDescriptor.connection_point, querySpaceUid=<gen:0>, path=[org.project.neutrino.nfvo.catalogue.mano.common.NFVEntityDescriptor.connection_point])
          - (collection element) CollectionFetchableElementEntityGraph(entity=org.project.neutrino.nfvo.catalogue.mano.common.ConnectionPoint, querySpaceUid=<gen:1>, path=[org.project.neutrino.nfvo.catalogue.mano.common.NFVEntityDescriptor.connection_point].<elements>)
    - QuerySpaces
       - CollectionQuerySpaceImpl(uid=<gen:0>, collection=org.project.neutrino.nfvo.catalogue.mano.common.NFVEntityDescriptor.connection_point)
          - SQL table alias mapping - connection0_
          - alias suffix - 0_
          - suffixed key columns - {nfventit1_27_0_}
          - entity-element alias suffix - 1_
          - 1_entity-element suffixed key columns - id1_4_1_
          - JOIN (JoinDefinedByMetadata(elements)) : <gen:0> -> <gen:1>
             - EntityQuerySpaceImpl(uid=<gen:1>, entity=org.project.neutrino.nfvo.catalogue.mano.common.ConnectionPoint)
                - SQL table alias mapping - connection1_
                - alias suffix - 1_
                - suffixed key columns - {id1_4_1_}

13:23:07.352 [Test worker] DEBUG o.h.l.c.plan.CollectionLoader - Static select for collection org.project.neutrino.nfvo.catalogue.mano.common.NFVEntityDescriptor.connection_point: select connection0_.nfventity_descriptor_Id as nfventit1_27_0_, connection0_.connection_point_id as connecti2_29_0_, connection1_.id as id1_4_1_, connection1_.type as type2_4_1_, connection1_.version as version3_4_1_, connection1_.virtual_link_reference as virtual_1_82_1_, connection1_.clazz_ as clazz_1_ from nfventity_descriptor_connection_point connection0_ inner join ( select id, type, version, null as virtual_link_reference, 0 as clazz_ from connection_point union select id, type, version, virtual_link_reference, 1 as clazz_ from vnfdconnection_point ) connection1_ on connection0_.connection_point_id=connection1_.id where connection0_.nfventity_descriptor_Id=?
13:23:07.352 [Test worker] DEBUG o.h.l.p.b.i.spaces.QuerySpacesImpl - Adding QuerySpace : uid = <gen:0> -> org.hibernate.loader.plan.build.internal.spaces.CollectionQuerySpaceImpl@227ec5dd]
13:23:07.352 [Test worker] DEBUG o.h.p.w.spi.MetamodelGraphWalker - Visiting index for collection :  
13:23:07.352 [Test worker] DEBUG o.h.l.p.b.i.FetchStyleLoadPlanBuildingAssociationVisitationStrategy - Building LoadPlan...
13:23:07.352 [Test worker] DEBUG o.h.l.p.e.i.LoadQueryJoinAndFetchProcessor - processing queryspace <gen:0>
13:23:07.352 [Test worker] DEBUG o.h.l.p.b.spi.LoadPlanTreePrinter - LoadPlan(collection=org.project.neutrino.nfvo.catalogue.mano.descriptor.NetworkForwardingPath.connection)
    - Returns
       - CollectionReturnImpl(collection=org.project.neutrino.nfvo.catalogue.mano.descriptor.NetworkForwardingPath.connection, querySpaceUid=<gen:0>, path=[org.project.neutrino.nfvo.catalogue.mano.descriptor.NetworkForwardingPath.connection])
    - QuerySpaces
       - CollectionQuerySpaceImpl(uid=<gen:0>, collection=org.project.neutrino.nfvo.catalogue.mano.descriptor.NetworkForwardingPath.connection)
          - SQL table alias mapping - connection0_
          - alias suffix - 0_
          - suffixed key columns - {network_1_12_0_}

13:23:07.352 [Test worker] DEBUG o.h.l.c.plan.CollectionLoader - Static select for collection org.project.neutrino.nfvo.catalogue.mano.descriptor.NetworkForwardingPath.connection: select connection0_.network_forwarding_path_id as network_1_12_0_, connection0_.connection as connecti2_13_0_, connection0_.connection_key as connecti3_0_ from network_forwarding_path_connection connection0_ where connection0_.network_forwarding_path_id=?
13:23:07.352 [Test worker] DEBUG o.h.l.p.b.i.spaces.QuerySpacesImpl - Adding QuerySpace : uid = <gen:0> -> org.hibernate.loader.plan.build.internal.spaces.CollectionQuerySpaceImpl@6d73eb9d]
13:23:07.352 [Test worker] DEBUG o.h.l.p.b.i.spaces.QuerySpacesImpl - Adding QuerySpace : uid = <gen:1> -> org.hibernate.loader.plan.build.internal.spaces.EntityQuerySpaceImpl@5571c88e]
13:23:07.352 [Test worker] DEBUG o.h.p.w.spi.MetamodelGraphWalker - Visiting attribute path : source
13:23:07.352 [Test worker] DEBUG o.h.l.p.b.i.spaces.QuerySpacesImpl - Adding QuerySpace : uid = <gen:2> -> org.hibernate.loader.plan.build.internal.spaces.EntityQuerySpaceImpl@3e445ad7]
13:23:07.352 [Test worker] DEBUG o.h.p.w.spi.MetamodelGraphWalker - Visiting attribute path : source.auto_scale_policy
13:23:07.352 [Test worker] DEBUG o.h.p.w.spi.MetamodelGraphWalker - Visiting attribute path : source.connection_point
13:23:07.353 [Test worker] DEBUG o.h.p.w.spi.MetamodelGraphWalker - Visiting attribute path : source.hb_version
13:23:07.353 [Test worker] DEBUG o.h.p.w.spi.MetamodelGraphWalker - Visiting attribute path : source.lifecycle_event
13:23:07.353 [Test worker] DEBUG o.h.p.w.spi.MetamodelGraphWalker - Visiting attribute path : source.monitoring_parameter
13:23:07.353 [Test worker] DEBUG o.h.l.p.b.i.spaces.QuerySpacesImpl - Adding QuerySpace : uid = <gen:3> -> org.hibernate.loader.plan.build.internal.spaces.CollectionQuerySpaceImpl@2d8fcb6]
13:23:07.353 [Test worker] DEBUG o.h.p.w.spi.MetamodelGraphWalker - Visiting attribute path : source.service_deployment_flavour
13:23:07.353 [Test worker] DEBUG o.h.p.w.spi.MetamodelGraphWalker - Visiting attribute path : source.vendor
13:23:07.353 [Test worker] DEBUG o.h.p.w.spi.MetamodelGraphWalker - Visiting attribute path : source.version
13:23:07.353 [Test worker] DEBUG o.h.p.w.spi.MetamodelGraphWalker - Visiting attribute path : source.vld
13:23:07.353 [Test worker] DEBUG o.h.p.w.spi.MetamodelGraphWalker - Visiting attribute path : source.vnffgd
13:23:07.353 [Test worker] DEBUG o.h.p.w.spi.MetamodelGraphWalker - Visiting attribute path : source.deployment_flavour
13:23:07.353 [Test worker] DEBUG o.h.l.p.b.i.spaces.QuerySpacesImpl - Adding QuerySpace : uid = <gen:4> -> org.hibernate.loader.plan.build.internal.spaces.CollectionQuerySpaceImpl@73b7122f]
13:23:07.353 [Test worker] DEBUG o.h.l.p.b.i.spaces.QuerySpacesImpl - Adding QuerySpace : uid = <gen:5> -> org.hibernate.loader.plan.build.internal.spaces.EntityQuerySpaceImpl@780b0702]
13:23:07.353 [Test worker] DEBUG o.h.p.w.spi.MetamodelGraphWalker - Visiting attribute path : source.descriptor_version
13:23:07.353 [Test worker] DEBUG o.h.p.w.spi.MetamodelGraphWalker - Visiting attribute path : source.manifest_file
13:23:07.353 [Test worker] DEBUG o.h.p.w.spi.MetamodelGraphWalker - Visiting attribute path : source.manifest_file_security
13:23:07.353 [Test worker] DEBUG o.h.p.w.spi.MetamodelGraphWalker - Visiting attribute path : source.vdu
13:23:07.353 [Test worker] DEBUG o.h.p.w.spi.MetamodelGraphWalker - Visiting attribute path : source.vdu_dependency
13:23:07.353 [Test worker] DEBUG o.h.p.w.spi.MetamodelGraphWalker - Visiting attribute path : source.virtual_link
13:23:07.353 [Test worker] DEBUG o.h.p.w.spi.MetamodelGraphWalker - Visiting attribute path : target
13:23:07.353 [Test worker] DEBUG o.h.l.p.b.i.spaces.QuerySpacesImpl - Adding QuerySpace : uid = <gen:6> -> org.hibernate.loader.plan.build.internal.spaces.EntityQuerySpaceImpl@1bf951e0]
13:23:07.353 [Test worker] DEBUG o.h.p.w.spi.MetamodelGraphWalker - Visiting attribute path : target.auto_scale_policy
13:23:07.353 [Test worker] DEBUG o.h.p.w.spi.MetamodelGraphWalker - Visiting attribute path : target.connection_point
13:23:07.353 [Test worker] DEBUG o.h.p.w.spi.MetamodelGraphWalker - Visiting attribute path : target.hb_version
13:23:07.353 [Test worker] DEBUG o.h.p.w.spi.MetamodelGraphWalker - Visiting attribute path : target.lifecycle_event
13:23:07.353 [Test worker] DEBUG o.h.p.w.spi.MetamodelGraphWalker - Visiting attribute path : target.monitoring_parameter
13:23:07.353 [Test worker] DEBUG o.h.l.p.b.i.spaces.QuerySpacesImpl - Adding QuerySpace : uid = <gen:7> -> org.hibernate.loader.plan.build.internal.spaces.CollectionQuerySpaceImpl@4730cfd2]
13:23:07.353 [Test worker] DEBUG o.h.p.w.spi.MetamodelGraphWalker - Visiting attribute path : target.service_deployment_flavour
13:23:07.353 [Test worker] DEBUG o.h.p.w.spi.MetamodelGraphWalker - Visiting attribute path : target.vendor
13:23:07.353 [Test worker] DEBUG o.h.p.w.spi.MetamodelGraphWalker - Visiting attribute path : target.version
13:23:07.353 [Test worker] DEBUG o.h.p.w.spi.MetamodelGraphWalker - Visiting attribute path : target.vld
13:23:07.353 [Test worker] DEBUG o.h.p.w.spi.MetamodelGraphWalker - Visiting attribute path : target.vnffgd
13:23:07.353 [Test worker] DEBUG o.h.p.w.spi.MetamodelGraphWalker - Visiting attribute path : target.deployment_flavour
13:23:07.354 [Test worker] DEBUG o.h.l.p.b.i.spaces.QuerySpacesImpl - Adding QuerySpace : uid = <gen:8> -> org.hibernate.loader.plan.build.internal.spaces.CollectionQuerySpaceImpl@559c0881]
13:23:07.354 [Test worker] DEBUG o.h.l.p.b.i.spaces.QuerySpacesImpl - Adding QuerySpace : uid = <gen:9> -> org.hibernate.loader.plan.build.internal.spaces.EntityQuerySpaceImpl@76f2790f]
13:23:07.354 [Test worker] DEBUG o.h.p.w.spi.MetamodelGraphWalker - Visiting attribute path : target.descriptor_version
13:23:07.354 [Test worker] DEBUG o.h.p.w.spi.MetamodelGraphWalker - Visiting attribute path : target.manifest_file
13:23:07.354 [Test worker] DEBUG o.h.p.w.spi.MetamodelGraphWalker - Visiting attribute path : target.manifest_file_security
13:23:07.354 [Test worker] DEBUG o.h.p.w.spi.MetamodelGraphWalker - Visiting attribute path : target.vdu
13:23:07.354 [Test worker] DEBUG o.h.p.w.spi.MetamodelGraphWalker - Visiting attribute path : target.vdu_dependency
13:23:07.354 [Test worker] DEBUG o.h.p.w.spi.MetamodelGraphWalker - Visiting attribute path : target.virtual_link
13:23:07.354 [Test worker] DEBUG o.h.p.w.spi.MetamodelGraphWalker - Visiting attribute path : version
13:23:07.354 [Test worker] DEBUG o.h.l.p.b.i.FetchStyleLoadPlanBuildingAssociationVisitationStrategy - Building LoadPlan...
13:23:07.354 [Test worker] DEBUG o.h.l.p.e.i.LoadQueryJoinAndFetchProcessor - processing queryspace <gen:0>
13:23:07.355 [Test worker] DEBUG o.h.l.p.b.spi.LoadPlanTreePrinter - LoadPlan(collection=org.project.neutrino.nfvo.catalogue.mano.descriptor.NetworkServiceDescriptor.vnf_dependency)
    - Returns
       - CollectionReturnImpl(collection=org.project.neutrino.nfvo.catalogue.mano.descriptor.NetworkServiceDescriptor.vnf_dependency, querySpaceUid=<gen:0>, path=[org.project.neutrino.nfvo.catalogue.mano.descriptor.NetworkServiceDescriptor.vnf_dependency])
          - (collection element) CollectionFetchableElementEntityGraph(entity=org.project.neutrino.nfvo.catalogue.mano.common.VNFDependency, querySpaceUid=<gen:1>, path=[org.project.neutrino.nfvo.catalogue.mano.descriptor.NetworkServiceDescriptor.vnf_dependency].<elements>)
             - EntityAttributeFetchImpl(entity=org.project.neutrino.nfvo.catalogue.mano.descriptor.VirtualNetworkFunctionDescriptor, querySpaceUid=<gen:2>, path=[org.project.neutrino.nfvo.catalogue.mano.descriptor.NetworkServiceDescriptor.vnf_dependency].<elements>.source)
                - CollectionAttributeFetchImpl(collection=org.project.neutrino.nfvo.catalogue.mano.common.NFVEntityDescriptor.monitoring_parameter, querySpaceUid=<gen:3>, path=[org.project.neutrino.nfvo.catalogue.mano.descriptor.NetworkServiceDescriptor.vnf_dependency].<elements>.source.monitoring_parameter)
                - CollectionAttributeFetchImpl(collection=org.project.neutrino.nfvo.catalogue.mano.descriptor.VirtualNetworkFunctionDescriptor.deployment_flavour, querySpaceUid=<gen:4>, path=[org.project.neutrino.nfvo.catalogue.mano.descriptor.NetworkServiceDescriptor.vnf_dependency].<elements>.source.deployment_flavour)
                   - (collection element) CollectionFetchableElementEntityGraph(entity=org.project.neutrino.nfvo.catalogue.mano.descriptor.VNFDDeploymentFlavour, querySpaceUid=<gen:5>, path=[org.project.neutrino.nfvo.catalogue.mano.descriptor.NetworkServiceDescriptor.vnf_dependency].<elements>.source.deployment_flavour.<elements>)
             - EntityAttributeFetchImpl(entity=org.project.neutrino.nfvo.catalogue.mano.descriptor.VirtualNetworkFunctionDescriptor, querySpaceUid=<gen:6>, path=[org.project.neutrino.nfvo.catalogue.mano.descriptor.NetworkServiceDescriptor.vnf_dependency].<elements>.target)
                - CollectionAttributeFetchImpl(collection=org.project.neutrino.nfvo.catalogue.mano.common.NFVEntityDescriptor.monitoring_parameter, querySpaceUid=<gen:7>, path=[org.project.neutrino.nfvo.catalogue.mano.descriptor.NetworkServiceDescriptor.vnf_dependency].<elements>.target.monitoring_parameter)
                - CollectionAttributeFetchImpl(collection=org.project.neutrino.nfvo.catalogue.mano.descriptor.VirtualNetworkFunctionDescriptor.deployment_flavour, querySpaceUid=<gen:8>, path=[org.project.neutrino.nfvo.catalogue.mano.descriptor.NetworkServiceDescriptor.vnf_dependency].<elements>.target.deployment_flavour)
                   - (collection element) CollectionFetchableElementEntityGraph(entity=org.project.neutrino.nfvo.catalogue.mano.descriptor.VNFDDeploymentFlavour, querySpaceUid=<gen:9>, path=[org.project.neutrino.nfvo.catalogue.mano.descriptor.NetworkServiceDescriptor.vnf_dependency].<elements>.target.deployment_flavour.<elements>)
    - QuerySpaces
       - CollectionQuerySpaceImpl(uid=<gen:0>, collection=org.project.neutrino.nfvo.catalogue.mano.descriptor.NetworkServiceDescriptor.vnf_dependency)
          - SQL table alias mapping - vnf_depend0_
          - alias suffix - 0_
          - suffixed key columns - {network_1_27_0_}
          - entity-element alias suffix - 1_
          - 1_entity-element suffixed key columns - id1_86_1_
          - JOIN (JoinDefinedByMetadata(elements)) : <gen:0> -> <gen:1>
             - EntityQuerySpaceImpl(uid=<gen:1>, entity=org.project.neutrino.nfvo.catalogue.mano.common.VNFDependency)
                - SQL table alias mapping - vnfdepende1_
                - alias suffix - 1_
                - suffixed key columns - {id1_86_1_}
                - JOIN (JoinDefinedByMetadata(source)) : <gen:1> -> <gen:2>
                   - EntityQuerySpaceImpl(uid=<gen:2>, entity=org.project.neutrino.nfvo.catalogue.mano.descriptor.VirtualNetworkFunctionDescriptor)
                      - SQL table alias mapping - virtualnet2_
                      - alias suffix - 2_
                      - suffixed key columns - {id1_27_2_}
                - JOIN (JoinDefinedByMetadata(target)) : <gen:1> -> <gen:6>
                   - EntityQuerySpaceImpl(uid=<gen:6>, entity=org.project.neutrino.nfvo.catalogue.mano.descriptor.VirtualNetworkFunctionDescriptor)
                      - SQL table alias mapping - virtualnet3_
                      - alias suffix - 3_
                      - suffixed key columns - {id1_27_3_}

13:23:07.355 [Test worker] DEBUG o.h.l.c.plan.CollectionLoader - Static select for collection org.project.neutrino.nfvo.catalogue.mano.descriptor.NetworkServiceDescriptor.vnf_dependency: select vnf_depend0_.network_service_descriptor_Id as network_1_27_0_, vnf_depend0_.vnf_dependency_id as vnf_depe2_16_0_, vnfdepende1_.id as id1_86_1_, vnfdepende1_.source_Id as source_I3_86_1_, vnfdepende1_.target_Id as target_I4_86_1_, vnfdepende1_.version as version2_86_1_, virtualnet2_.id as id1_27_2_, virtualnet2_.hb_version as hb_versi2_27_2_, virtualnet2_.vendor as vendor3_27_2_, virtualnet2_.version as version4_27_2_, virtualnet2_.descriptor_version as descript1_62_2_, virtualnet2_.manifest_file as manifest2_62_2_, virtualnet3_.id as id1_27_3_, virtualnet3_.hb_version as hb_versi2_27_3_, virtualnet3_.vendor as vendor3_27_3_, virtualnet3_.version as version4_27_3_, virtualnet3_.descriptor_version as descript1_62_3_, virtualnet3_.manifest_file as manifest2_62_3_ from network_service_descriptor_vnf_dependency vnf_depend0_ inner join vnfdependency vnfdepende1_ on vnf_depend0_.vnf_dependency_id=vnfdepende1_.id left outer join virtual_network_function_descriptor virtualnet2_ on vnfdepende1_.source_Id=virtualnet2_.id left outer join virtual_network_function_descriptor virtualnet3_ on vnfdepende1_.target_Id=virtualnet3_.id where vnf_depend0_.network_service_descriptor_Id=?
13:23:07.355 [Test worker] DEBUG o.h.l.p.b.i.spaces.QuerySpacesImpl - Adding QuerySpace : uid = <gen:0> -> org.hibernate.loader.plan.build.internal.spaces.CollectionQuerySpaceImpl@28ea04cb]
13:23:07.355 [Test worker] DEBUG o.h.l.p.b.i.spaces.QuerySpacesImpl - Adding QuerySpace : uid = <gen:1> -> org.hibernate.loader.plan.build.internal.spaces.EntityQuerySpaceImpl@1be0c069]
13:23:07.356 [Test worker] DEBUG o.h.p.w.spi.MetamodelGraphWalker - Visiting attribute path : type
13:23:07.356 [Test worker] DEBUG o.h.p.w.spi.MetamodelGraphWalker - Visiting attribute path : version
13:23:07.356 [Test worker] DEBUG o.h.p.w.spi.MetamodelGraphWalker - Visiting attribute path : virtual_link_reference
13:23:07.356 [Test worker] DEBUG o.h.l.p.b.i.FetchStyleLoadPlanBuildingAssociationVisitationStrategy - Building LoadPlan...
13:23:07.356 [Test worker] DEBUG o.h.l.p.e.i.LoadQueryJoinAndFetchProcessor - processing queryspace <gen:0>
13:23:07.357 [Test worker] DEBUG o.h.l.p.b.spi.LoadPlanTreePrinter - LoadPlan(collection=org.project.neutrino.nfvo.catalogue.mano.record.VNFForwardingGraphRecord.connection_point)
    - Returns
       - CollectionReturnImpl(collection=org.project.neutrino.nfvo.catalogue.mano.record.VNFForwardingGraphRecord.connection_point, querySpaceUid=<gen:0>, path=[org.project.neutrino.nfvo.catalogue.mano.record.VNFForwardingGraphRecord.connection_point])
          - (collection element) CollectionFetchableElementEntityGraph(entity=org.project.neutrino.nfvo.catalogue.mano.descriptor.VNFDConnectionPoint, querySpaceUid=<gen:1>, path=[org.project.neutrino.nfvo.catalogue.mano.record.VNFForwardingGraphRecord.connection_point].<elements>)
    - QuerySpaces
       - CollectionQuerySpaceImpl(uid=<gen:0>, collection=org.project.neutrino.nfvo.catalogue.mano.record.VNFForwardingGraphRecord.connection_point)
          - SQL table alias mapping - connection0_
          - alias suffix - 0_
          - suffixed key columns - {vnfforwa1_92_0_}
          - entity-element alias suffix - 1_
          - 1_entity-element suffixed key columns - id1_4_1_
          - JOIN (JoinDefinedByMetadata(elements)) : <gen:0> -> <gen:1>
             - EntityQuerySpaceImpl(uid=<gen:1>, entity=org.project.neutrino.nfvo.catalogue.mano.descriptor.VNFDConnectionPoint)
                - SQL table alias mapping - vnfdconnec1_
                - alias suffix - 1_
                - suffixed key columns - {id1_4_1_}

13:23:07.357 [Test worker] DEBUG o.h.l.c.plan.CollectionLoader - Static select for collection org.project.neutrino.nfvo.catalogue.mano.record.VNFForwardingGraphRecord.connection_point: select connection0_.vnfforwarding_graph_record_id as vnfforwa1_92_0_, connection0_.connection_point_id as connecti2_93_0_, vnfdconnec1_.id as id1_4_1_, vnfdconnec1_.type as type2_4_1_, vnfdconnec1_.version as version3_4_1_, vnfdconnec1_.virtual_link_reference as virtual_1_82_1_ from vnfforwarding_graph_record_connection_point connection0_ inner join vnfdconnection_point vnfdconnec1_ on connection0_.connection_point_id=vnfdconnec1_.id where connection0_.vnfforwarding_graph_record_id=?
13:23:07.357 [Test worker] DEBUG o.h.l.p.b.i.spaces.QuerySpacesImpl - Adding QuerySpace : uid = <gen:0> -> org.hibernate.loader.plan.build.internal.spaces.CollectionQuerySpaceImpl@22e93648]
13:23:07.357 [Test worker] DEBUG o.h.l.p.b.i.FetchStyleLoadPlanBuildingAssociationVisitationStrategy - Building LoadPlan...
13:23:07.357 [Test worker] DEBUG o.h.l.p.e.i.LoadQueryJoinAndFetchProcessor - processing queryspace <gen:0>
13:23:07.358 [Test worker] DEBUG o.h.l.p.b.spi.LoadPlanTreePrinter - LoadPlan(collection=org.project.neutrino.nfvo.catalogue.mano.record.VirtualLinkRecord.notification)
    - Returns
       - CollectionReturnImpl(collection=org.project.neutrino.nfvo.catalogue.mano.record.VirtualLinkRecord.notification, querySpaceUid=<gen:0>, path=[org.project.neutrino.nfvo.catalogue.mano.record.VirtualLinkRecord.notification])
    - QuerySpaces
       - CollectionQuerySpaceImpl(uid=<gen:0>, collection=org.project.neutrino.nfvo.catalogue.mano.record.VirtualLinkRecord.notification)
          - SQL table alias mapping - notificati0_
          - alias suffix - 0_
          - suffixed key columns - {virtual_1_54_0_}

13:23:07.358 [Test worker] DEBUG o.h.l.c.plan.CollectionLoader - Static select for collection org.project.neutrino.nfvo.catalogue.mano.record.VirtualLinkRecord.notification: select notificati0_.virtual_link_record_id as virtual_1_54_0_, notificati0_.notification as notifica2_59_0_ from virtual_link_record_notification notificati0_ where notificati0_.virtual_link_record_id=?
13:23:07.358 [Test worker] DEBUG o.h.l.p.b.i.spaces.QuerySpacesImpl - Adding QuerySpace : uid = <gen:0> -> org.hibernate.loader.plan.build.internal.spaces.CollectionQuerySpaceImpl@189ffe8b]
13:23:07.358 [Test worker] DEBUG o.h.l.p.b.i.spaces.QuerySpacesImpl - Adding QuerySpace : uid = <gen:1> -> org.hibernate.loader.plan.build.internal.spaces.EntityQuerySpaceImpl@3000644e]
13:23:07.358 [Test worker] DEBUG o.h.p.w.spi.MetamodelGraphWalker - Visiting attribute path : constituent_vnfc
13:23:07.358 [Test worker] DEBUG o.h.p.w.spi.MetamodelGraphWalker - Visiting attribute path : number_of_instances
13:23:07.358 [Test worker] DEBUG o.h.p.w.spi.MetamodelGraphWalker - Visiting attribute path : vdu_reference
13:23:07.358 [Test worker] DEBUG o.h.p.w.spi.MetamodelGraphWalker - Visiting attribute path : version
13:23:07.358 [Test worker] DEBUG o.h.l.p.b.i.FetchStyleLoadPlanBuildingAssociationVisitationStrategy - Building LoadPlan...
13:23:07.358 [Test worker] DEBUG o.h.l.p.e.i.LoadQueryJoinAndFetchProcessor - processing queryspace <gen:0>
13:23:07.358 [Test worker] DEBUG o.h.l.p.b.spi.LoadPlanTreePrinter - LoadPlan(collection=org.project.neutrino.nfvo.catalogue.mano.descriptor.VNFDDeploymentFlavour.costituent_vdu)
    - Returns
       - CollectionReturnImpl(collection=org.project.neutrino.nfvo.catalogue.mano.descriptor.VNFDDeploymentFlavour.costituent_vdu, querySpaceUid=<gen:0>, path=[org.project.neutrino.nfvo.catalogue.mano.descriptor.VNFDDeploymentFlavour.costituent_vdu])
          - (collection element) CollectionFetchableElementEntityGraph(entity=org.project.neutrino.nfvo.catalogue.mano.common.CostituentVDU, querySpaceUid=<gen:1>, path=[org.project.neutrino.nfvo.catalogue.mano.descriptor.VNFDDeploymentFlavour.costituent_vdu].<elements>)
    - QuerySpaces
       - CollectionQuerySpaceImpl(uid=<gen:0>, collection=org.project.neutrino.nfvo.catalogue.mano.descriptor.VNFDDeploymentFlavour.costituent_vdu)
          - SQL table alias mapping - costituent0_
          - alias suffix - 0_
          - suffixed key columns - {vnfddepl1_7_0_}
          - entity-element alias suffix - 1_
          - 1_entity-element suffixed key columns - id1_5_1_
          - JOIN (JoinDefinedByMetadata(elements)) : <gen:0> -> <gen:1>
             - EntityQuerySpaceImpl(uid=<gen:1>, entity=org.project.neutrino.nfvo.catalogue.mano.common.CostituentVDU)
                - SQL table alias mapping - costituent1_
                - alias suffix - 1_
                - suffixed key columns - {id1_5_1_}

13:23:07.358 [Test worker] DEBUG o.h.l.c.plan.CollectionLoader - Static select for collection org.project.neutrino.nfvo.catalogue.mano.descriptor.VNFDDeploymentFlavour.costituent_vdu: select costituent0_.vnfddeployment_flavour_id as vnfddepl1_7_0_, costituent0_.costituent_vdu_id as costitue2_84_0_, costituent1_.id as id1_5_1_, costituent1_.constituent_vnfc as constitu2_5_1_, costituent1_.number_of_instances as number_o3_5_1_, costituent1_.vdu_reference as vdu_refe4_5_1_, costituent1_.version as version5_5_1_ from vnfddeployment_flavour_costituent_vdu costituent0_ inner join costituentvdu costituent1_ on costituent0_.costituent_vdu_id=costituent1_.id where costituent0_.vnfddeployment_flavour_id=?
13:23:07.359 [Test worker] DEBUG o.h.l.p.b.i.spaces.QuerySpacesImpl - Adding QuerySpace : uid = <gen:0> -> org.hibernate.loader.plan.build.internal.spaces.CollectionQuerySpaceImpl@bc09aba]
13:23:07.359 [Test worker] DEBUG o.h.l.p.b.i.spaces.QuerySpacesImpl - Adding QuerySpace : uid = <gen:1> -> org.hibernate.loader.plan.build.internal.spaces.EntityQuerySpaceImpl@11ee2f5d]
13:23:07.359 [Test worker] DEBUG o.h.p.w.spi.MetamodelGraphWalker - Visiting attribute path : allocated_capacity
13:23:07.359 [Test worker] DEBUG o.h.p.w.spi.MetamodelGraphWalker - Visiting attribute path : audit_log
13:23:07.359 [Test worker] DEBUG o.h.p.w.spi.MetamodelGraphWalker - Visiting attribute path : connection
13:23:07.359 [Test worker] DEBUG o.h.p.w.spi.MetamodelGraphWalker - Visiting attribute path : connectivity_type
13:23:07.359 [Test worker] DEBUG o.h.p.w.spi.MetamodelGraphWalker - Visiting attribute path : descriptor_reference
13:23:07.359 [Test worker] DEBUG o.h.p.w.spi.MetamodelGraphWalker - Visiting attribute path : leaf_requirement
13:23:07.359 [Test worker] DEBUG o.h.p.w.spi.MetamodelGraphWalker - Visiting attribute path : lifecycle_event_history
13:23:07.359 [Test worker] DEBUG o.h.l.p.b.i.spaces.QuerySpacesImpl - Adding QuerySpace : uid = <gen:2> -> org.hibernate.loader.plan.build.internal.spaces.CollectionQuerySpaceImpl@3c00019]
13:23:07.359 [Test worker] DEBUG o.h.l.p.b.i.spaces.QuerySpacesImpl - Adding QuerySpace : uid = <gen:3> -> org.hibernate.loader.plan.build.internal.spaces.EntityQuerySpaceImpl@32466b3b]
13:23:07.359 [Test worker] DEBUG o.h.p.w.spi.MetamodelGraphWalker - Visiting attribute path : notification
13:23:07.359 [Test worker] DEBUG o.h.p.w.spi.MetamodelGraphWalker - Visiting attribute path : number_of_enpoints
13:23:07.359 [Test worker] DEBUG o.h.p.w.spi.MetamodelGraphWalker - Visiting attribute path : parent_ns
13:23:07.359 [Test worker] DEBUG o.h.p.w.spi.MetamodelGraphWalker - Visiting attribute path : qos
13:23:07.359 [Test worker] DEBUG o.h.p.w.spi.MetamodelGraphWalker - Visiting attribute path : root_requirement
13:23:07.359 [Test worker] DEBUG o.h.p.w.spi.MetamodelGraphWalker - Visiting attribute path : status
13:23:07.359 [Test worker] DEBUG o.h.p.w.spi.MetamodelGraphWalker - Visiting attribute path : test_access
13:23:07.359 [Test worker] DEBUG o.h.p.w.spi.MetamodelGraphWalker - Visiting attribute path : vendor
13:23:07.359 [Test worker] DEBUG o.h.p.w.spi.MetamodelGraphWalker - Visiting attribute path : version
13:23:07.359 [Test worker] DEBUG o.h.p.w.spi.MetamodelGraphWalker - Visiting attribute path : vim_id
13:23:07.359 [Test worker] DEBUG o.h.p.w.spi.MetamodelGraphWalker - Visiting attribute path : vnffgr_reference
13:23:07.359 [Test worker] DEBUG o.h.l.p.b.i.spaces.QuerySpacesImpl - Adding QuerySpace : uid = <gen:4> -> org.hibernate.loader.plan.build.internal.spaces.CollectionQuerySpaceImpl@2d2a0846]
13:23:07.359 [Test worker] DEBUG o.h.l.p.b.i.spaces.QuerySpacesImpl - Adding QuerySpace : uid = <gen:5> -> org.hibernate.loader.plan.build.internal.spaces.EntityQuerySpaceImpl@228542d4]
13:23:07.359 [Test worker] DEBUG o.h.l.p.b.i.FetchStyleLoadPlanBuildingAssociationVisitationStrategy - Building LoadPlan...
13:23:07.360 [Test worker] DEBUG o.h.l.p.e.i.LoadQueryJoinAndFetchProcessor - processing queryspace <gen:0>
13:23:07.360 [Test worker] DEBUG o.h.l.p.b.spi.LoadPlanTreePrinter - LoadPlan(collection=org.project.neutrino.nfvo.catalogue.mano.record.NetworkServiceRecord.vlr)
    - Returns
       - CollectionReturnImpl(collection=org.project.neutrino.nfvo.catalogue.mano.record.NetworkServiceRecord.vlr, querySpaceUid=<gen:0>, path=[org.project.neutrino.nfvo.catalogue.mano.record.NetworkServiceRecord.vlr])
          - (collection element) CollectionFetchableElementEntityGraph(entity=org.project.neutrino.nfvo.catalogue.mano.record.VirtualLinkRecord, querySpaceUid=<gen:1>, path=[org.project.neutrino.nfvo.catalogue.mano.record.NetworkServiceRecord.vlr].<elements>)
             - CollectionAttributeFetchImpl(collection=org.project.neutrino.nfvo.catalogue.mano.record.VirtualLinkRecord.lifecycle_event_history, querySpaceUid=<gen:2>, path=[org.project.neutrino.nfvo.catalogue.mano.record.NetworkServiceRecord.vlr].<elements>.lifecycle_event_history)
                - (collection element) CollectionFetchableElementEntityGraph(entity=org.project.neutrino.nfvo.catalogue.mano.common.LifecycleEvent, querySpaceUid=<gen:3>, path=[org.project.neutrino.nfvo.catalogue.mano.record.NetworkServiceRecord.vlr].<elements>.lifecycle_event_history.<elements>)
             - CollectionAttributeFetchImpl(collection=org.project.neutrino.nfvo.catalogue.mano.record.VirtualLinkRecord.vnffgr_reference, querySpaceUid=<gen:4>, path=[org.project.neutrino.nfvo.catalogue.mano.record.NetworkServiceRecord.vlr].<elements>.vnffgr_reference)
                - (collection element) CollectionFetchableElementEntityGraph(entity=org.project.neutrino.nfvo.catalogue.mano.record.VNFForwardingGraphRecord, querySpaceUid=<gen:5>, path=[org.project.neutrino.nfvo.catalogue.mano.record.NetworkServiceRecord.vlr].<elements>.vnffgr_reference.<elements>)
    - QuerySpaces
       - CollectionQuerySpaceImpl(uid=<gen:0>, collection=org.project.neutrino.nfvo.catalogue.mano.record.NetworkServiceRecord.vlr)
          - SQL table alias mapping - vlr0_
          - alias suffix - 0_
          - suffixed key columns - {network_1_18_0_}
          - entity-element alias suffix - 1_
          - 1_entity-element suffixed key columns - id1_54_1_
          - JOIN (JoinDefinedByMetadata(elements)) : <gen:0> -> <gen:1>
             - EntityQuerySpaceImpl(uid=<gen:1>, entity=org.project.neutrino.nfvo.catalogue.mano.record.VirtualLinkRecord)
                - SQL table alias mapping - virtuallin1_
                - alias suffix - 1_
                - suffixed key columns - {id1_54_1_}

13:23:07.360 [Test worker] DEBUG o.h.l.c.plan.CollectionLoader - Static select for collection org.project.neutrino.nfvo.catalogue.mano.record.NetworkServiceRecord.vlr: select vlr0_.network_service_record_id as network_1_18_0_, vlr0_.vlr_id as vlr_id2_24_0_, virtuallin1_.id as id1_54_1_, virtuallin1_.connectivity_type as connecti2_54_1_, virtuallin1_.descriptor_reference as descript3_54_1_, virtuallin1_.leaf_requirement as leaf_req4_54_1_, virtuallin1_.number_of_enpoints as number_o5_54_1_, virtuallin1_.parent_ns as parent_n6_54_1_, virtuallin1_.root_requirement as root_req7_54_1_, virtuallin1_.status as status8_54_1_, virtuallin1_.test_access as test_acc9_54_1_, virtuallin1_.vendor as vendor10_54_1_, virtuallin1_.version as version11_54_1_, virtuallin1_.vim_id as vim_id12_54_1_ from network_service_record_vlr vlr0_ inner join virtual_link_record virtuallin1_ on vlr0_.vlr_id=virtuallin1_.id where vlr0_.network_service_record_id=?
13:23:07.360 [Test worker] DEBUG o.h.l.p.b.i.spaces.QuerySpacesImpl - Adding QuerySpace : uid = <gen:0> -> org.hibernate.loader.plan.build.internal.spaces.CollectionQuerySpaceImpl@5ae67e00]
13:23:07.360 [Test worker] DEBUG o.h.l.p.b.i.spaces.QuerySpacesImpl - Adding QuerySpace : uid = <gen:1> -> org.hibernate.loader.plan.build.internal.spaces.EntityQuerySpaceImpl@525a609f]
13:23:07.360 [Test worker] DEBUG o.h.p.w.spi.MetamodelGraphWalker - Visiting attribute path : source
13:23:07.360 [Test worker] DEBUG o.h.l.p.b.i.spaces.QuerySpacesImpl - Adding QuerySpace : uid = <gen:2> -> org.hibernate.loader.plan.build.internal.spaces.EntityQuerySpaceImpl@7769afa9]
13:23:07.360 [Test worker] DEBUG o.h.p.w.spi.MetamodelGraphWalker - Visiting attribute path : source.auto_scale_policy
13:23:07.360 [Test worker] DEBUG o.h.p.w.spi.MetamodelGraphWalker - Visiting attribute path : source.connection_point
13:23:07.360 [Test worker] DEBUG o.h.p.w.spi.MetamodelGraphWalker - Visiting attribute path : source.hb_version
13:23:07.360 [Test worker] DEBUG o.h.p.w.spi.MetamodelGraphWalker - Visiting attribute path : source.lifecycle_event
13:23:07.360 [Test worker] DEBUG o.h.p.w.spi.MetamodelGraphWalker - Visiting attribute path : source.monitoring_parameter
13:23:07.360 [Test worker] DEBUG o.h.l.p.b.i.spaces.QuerySpacesImpl - Adding QuerySpace : uid = <gen:3> -> org.hibernate.loader.plan.build.internal.spaces.CollectionQuerySpaceImpl@5345b9bc]
13:23:07.360 [Test worker] DEBUG o.h.p.w.spi.MetamodelGraphWalker - Visiting attribute path : source.service_deployment_flavour
13:23:07.360 [Test worker] DEBUG o.h.p.w.spi.MetamodelGraphWalker - Visiting attribute path : source.vendor
13:23:07.360 [Test worker] DEBUG o.h.p.w.spi.MetamodelGraphWalker - Visiting attribute path : source.version
13:23:07.360 [Test worker] DEBUG o.h.p.w.spi.MetamodelGraphWalker - Visiting attribute path : source.vld
13:23:07.360 [Test worker] DEBUG o.h.p.w.spi.MetamodelGraphWalker - Visiting attribute path : source.vnffgd
13:23:07.360 [Test worker] DEBUG o.h.p.w.spi.MetamodelGraphWalker - Visiting attribute path : source.deployment_flavour
13:23:07.361 [Test worker] DEBUG o.h.l.p.b.i.spaces.QuerySpacesImpl - Adding QuerySpace : uid = <gen:4> -> org.hibernate.loader.plan.build.internal.spaces.CollectionQuerySpaceImpl@6a5105a]
13:23:07.361 [Test worker] DEBUG o.h.l.p.b.i.spaces.QuerySpacesImpl - Adding QuerySpace : uid = <gen:5> -> org.hibernate.loader.plan.build.internal.spaces.EntityQuerySpaceImpl@3ed4881e]
13:23:07.361 [Test worker] DEBUG o.h.p.w.spi.MetamodelGraphWalker - Visiting attribute path : source.descriptor_version
13:23:07.361 [Test worker] DEBUG o.h.p.w.spi.MetamodelGraphWalker - Visiting attribute path : source.manifest_file
13:23:07.361 [Test worker] DEBUG o.h.p.w.spi.MetamodelGraphWalker - Visiting attribute path : source.manifest_file_security
13:23:07.361 [Test worker] DEBUG o.h.p.w.spi.MetamodelGraphWalker - Visiting attribute path : source.vdu
13:23:07.361 [Test worker] DEBUG o.h.p.w.spi.MetamodelGraphWalker - Visiting attribute path : source.vdu_dependency
13:23:07.361 [Test worker] DEBUG o.h.p.w.spi.MetamodelGraphWalker - Visiting attribute path : source.virtual_link
13:23:07.361 [Test worker] DEBUG o.h.p.w.spi.MetamodelGraphWalker - Visiting attribute path : target
13:23:07.361 [Test worker] DEBUG o.h.l.p.b.i.spaces.QuerySpacesImpl - Adding QuerySpace : uid = <gen:6> -> org.hibernate.loader.plan.build.internal.spaces.EntityQuerySpaceImpl@733489cb]
13:23:07.361 [Test worker] DEBUG o.h.p.w.spi.MetamodelGraphWalker - Visiting attribute path : target.auto_scale_policy
13:23:07.361 [Test worker] DEBUG o.h.p.w.spi.MetamodelGraphWalker - Visiting attribute path : target.connection_point
13:23:07.361 [Test worker] DEBUG o.h.p.w.spi.MetamodelGraphWalker - Visiting attribute path : target.hb_version
13:23:07.361 [Test worker] DEBUG o.h.p.w.spi.MetamodelGraphWalker - Visiting attribute path : target.lifecycle_event
13:23:07.361 [Test worker] DEBUG o.h.p.w.spi.MetamodelGraphWalker - Visiting attribute path : target.monitoring_parameter
13:23:07.361 [Test worker] DEBUG o.h.l.p.b.i.spaces.QuerySpacesImpl - Adding QuerySpace : uid = <gen:7> -> org.hibernate.loader.plan.build.internal.spaces.CollectionQuerySpaceImpl@4a871837]
13:23:07.361 [Test worker] DEBUG o.h.p.w.spi.MetamodelGraphWalker - Visiting attribute path : target.service_deployment_flavour
13:23:07.361 [Test worker] DEBUG o.h.p.w.spi.MetamodelGraphWalker - Visiting attribute path : target.vendor
13:23:07.361 [Test worker] DEBUG o.h.p.w.spi.MetamodelGraphWalker - Visiting attribute path : target.version
13:23:07.361 [Test worker] DEBUG o.h.p.w.spi.MetamodelGraphWalker - Visiting attribute path : target.vld
13:23:07.362 [Test worker] DEBUG o.h.p.w.spi.MetamodelGraphWalker - Visiting attribute path : target.vnffgd
13:23:07.362 [Test worker] DEBUG o.h.p.w.spi.MetamodelGraphWalker - Visiting attribute path : target.deployment_flavour
13:23:07.362 [Test worker] DEBUG o.h.l.p.b.i.spaces.QuerySpacesImpl - Adding QuerySpace : uid = <gen:8> -> org.hibernate.loader.plan.build.internal.spaces.CollectionQuerySpaceImpl@6b46e91a]
13:23:07.362 [Test worker] DEBUG o.h.l.p.b.i.spaces.QuerySpacesImpl - Adding QuerySpace : uid = <gen:9> -> org.hibernate.loader.plan.build.internal.spaces.EntityQuerySpaceImpl@7c71e0fb]
13:23:07.362 [Test worker] DEBUG o.h.p.w.spi.MetamodelGraphWalker - Visiting attribute path : target.descriptor_version
13:23:07.362 [Test worker] DEBUG o.h.p.w.spi.MetamodelGraphWalker - Visiting attribute path : target.manifest_file
13:23:07.362 [Test worker] DEBUG o.h.p.w.spi.MetamodelGraphWalker - Visiting attribute path : target.manifest_file_security
13:23:07.362 [Test worker] DEBUG o.h.p.w.spi.MetamodelGraphWalker - Visiting attribute path : target.vdu
13:23:07.362 [Test worker] DEBUG o.h.p.w.spi.MetamodelGraphWalker - Visiting attribute path : target.vdu_dependency
13:23:07.362 [Test worker] DEBUG o.h.p.w.spi.MetamodelGraphWalker - Visiting attribute path : target.virtual_link
13:23:07.362 [Test worker] DEBUG o.h.p.w.spi.MetamodelGraphWalker - Visiting attribute path : version
13:23:07.362 [Test worker] DEBUG o.h.l.p.b.i.FetchStyleLoadPlanBuildingAssociationVisitationStrategy - Building LoadPlan...
13:23:07.362 [Test worker] DEBUG o.h.l.p.e.i.LoadQueryJoinAndFetchProcessor - processing queryspace <gen:0>
13:23:07.362 [Test worker] DEBUG o.h.l.p.b.spi.LoadPlanTreePrinter - LoadPlan(collection=org.project.neutrino.nfvo.catalogue.mano.record.VirtualNetworkFunctionRecord.dependency)
    - Returns
       - CollectionReturnImpl(collection=org.project.neutrino.nfvo.catalogue.mano.record.VirtualNetworkFunctionRecord.dependency, querySpaceUid=<gen:0>, path=[org.project.neutrino.nfvo.catalogue.mano.record.VirtualNetworkFunctionRecord.dependency])
          - (collection element) CollectionFetchableElementEntityGraph(entity=org.project.neutrino.nfvo.catalogue.mano.common.VNFDependency, querySpaceUid=<gen:1>, path=[org.project.neutrino.nfvo.catalogue.mano.record.VirtualNetworkFunctionRecord.dependency].<elements>)
             - EntityAttributeFetchImpl(entity=org.project.neutrino.nfvo.catalogue.mano.descriptor.VirtualNetworkFunctionDescriptor, querySpaceUid=<gen:2>, path=[org.project.neutrino.nfvo.catalogue.mano.record.VirtualNetworkFunctionRecord.dependency].<elements>.source)
                - CollectionAttributeFetchImpl(collection=org.project.neutrino.nfvo.catalogue.mano.common.NFVEntityDescriptor.monitoring_parameter, querySpaceUid=<gen:3>, path=[org.project.neutrino.nfvo.catalogue.mano.record.VirtualNetworkFunctionRecord.dependency].<elements>.source.monitoring_parameter)
                - CollectionAttributeFetchImpl(collection=org.project.neutrino.nfvo.catalogue.mano.descriptor.VirtualNetworkFunctionDescriptor.deployment_flavour, querySpaceUid=<gen:4>, path=[org.project.neutrino.nfvo.catalogue.mano.record.VirtualNetworkFunctionRecord.dependency].<elements>.source.deployment_flavour)
                   - (collection element) CollectionFetchableElementEntityGraph(entity=org.project.neutrino.nfvo.catalogue.mano.descriptor.VNFDDeploymentFlavour, querySpaceUid=<gen:5>, path=[org.project.neutrino.nfvo.catalogue.mano.record.VirtualNetworkFunctionRecord.dependency].<elements>.source.deployment_flavour.<elements>)
             - EntityAttributeFetchImpl(entity=org.project.neutrino.nfvo.catalogue.mano.descriptor.VirtualNetworkFunctionDescriptor, querySpaceUid=<gen:6>, path=[org.project.neutrino.nfvo.catalogue.mano.record.VirtualNetworkFunctionRecord.dependency].<elements>.target)
                - CollectionAttributeFetchImpl(collection=org.project.neutrino.nfvo.catalogue.mano.common.NFVEntityDescriptor.monitoring_parameter, querySpaceUid=<gen:7>, path=[org.project.neutrino.nfvo.catalogue.mano.record.VirtualNetworkFunctionRecord.dependency].<elements>.target.monitoring_parameter)
                - CollectionAttributeFetchImpl(collection=org.project.neutrino.nfvo.catalogue.mano.descriptor.VirtualNetworkFunctionDescriptor.deployment_flavour, querySpaceUid=<gen:8>, path=[org.project.neutrino.nfvo.catalogue.mano.record.VirtualNetworkFunctionRecord.dependency].<elements>.target.deployment_flavour)
                   - (collection element) CollectionFetchableElementEntityGraph(entity=org.project.neutrino.nfvo.catalogue.mano.descriptor.VNFDDeploymentFlavour, querySpaceUid=<gen:9>, path=[org.project.neutrino.nfvo.catalogue.mano.record.VirtualNetworkFunctionRecord.dependency].<elements>.target.deployment_flavour.<elements>)
    - QuerySpaces
       - CollectionQuerySpaceImpl(uid=<gen:0>, collection=org.project.neutrino.nfvo.catalogue.mano.record.VirtualNetworkFunctionRecord.dependency)
          - SQL table alias mapping - dependency0_
          - alias suffix - 0_
          - suffixed key columns - {virtual_1_68_0_}
          - entity-element alias suffix - 1_
          - 1_entity-element suffixed key columns - id1_86_1_
          - JOIN (JoinDefinedByMetadata(elements)) : <gen:0> -> <gen:1>
             - EntityQuerySpaceImpl(uid=<gen:1>, entity=org.project.neutrino.nfvo.catalogue.mano.common.VNFDependency)
                - SQL table alias mapping - vnfdepende1_
                - alias suffix - 1_
                - suffixed key columns - {id1_86_1_}
                - JOIN (JoinDefinedByMetadata(source)) : <gen:1> -> <gen:2>
                   - EntityQuerySpaceImpl(uid=<gen:2>, entity=org.project.neutrino.nfvo.catalogue.mano.descriptor.VirtualNetworkFunctionDescriptor)
                      - SQL table alias mapping - virtualnet2_
                      - alias suffix - 2_
                      - suffixed key columns - {id1_27_2_}
                - JOIN (JoinDefinedByMetadata(target)) : <gen:1> -> <gen:6>
                   - EntityQuerySpaceImpl(uid=<gen:6>, entity=org.project.neutrino.nfvo.catalogue.mano.descriptor.VirtualNetworkFunctionDescriptor)
                      - SQL table alias mapping - virtualnet3_
                      - alias suffix - 3_
                      - suffixed key columns - {id1_27_3_}

13:23:07.362 [Test worker] DEBUG o.h.l.c.plan.CollectionLoader - Static select for collection org.project.neutrino.nfvo.catalogue.mano.record.VirtualNetworkFunctionRecord.dependency: select dependency0_.virtual_network_function_record_id as virtual_1_68_0_, dependency0_.dependency_id as dependen2_72_0_, vnfdepende1_.id as id1_86_1_, vnfdepende1_.source_Id as source_I3_86_1_, vnfdepende1_.target_Id as target_I4_86_1_, vnfdepende1_.version as version2_86_1_, virtualnet2_.id as id1_27_2_, virtualnet2_.hb_version as hb_versi2_27_2_, virtualnet2_.vendor as vendor3_27_2_, virtualnet2_.version as version4_27_2_, virtualnet2_.descriptor_version as descript1_62_2_, virtualnet2_.manifest_file as manifest2_62_2_, virtualnet3_.id as id1_27_3_, virtualnet3_.hb_version as hb_versi2_27_3_, virtualnet3_.vendor as vendor3_27_3_, virtualnet3_.version as version4_27_3_, virtualnet3_.descriptor_version as descript1_62_3_, virtualnet3_.manifest_file as manifest2_62_3_ from virtual_network_function_record_dependency dependency0_ inner join vnfdependency vnfdepende1_ on dependency0_.dependency_id=vnfdepende1_.id left outer join virtual_network_function_descriptor virtualnet2_ on vnfdepende1_.source_Id=virtualnet2_.id left outer join virtual_network_function_descriptor virtualnet3_ on vnfdepende1_.target_Id=virtualnet3_.id where dependency0_.virtual_network_function_record_id=?
13:23:07.363 [Test worker] DEBUG o.h.l.p.b.i.spaces.QuerySpacesImpl - Adding QuerySpace : uid = <gen:0> -> org.hibernate.loader.plan.build.internal.spaces.CollectionQuerySpaceImpl@1869be91]
13:23:07.363 [Test worker] DEBUG o.h.l.p.b.i.spaces.QuerySpacesImpl - Adding QuerySpace : uid = <gen:1> -> org.hibernate.loader.plan.build.internal.spaces.EntityQuerySpaceImpl@465e2e1c]
13:23:07.363 [Test worker] DEBUG o.h.p.w.spi.MetamodelGraphWalker - Visiting attribute path : type
13:23:07.363 [Test worker] DEBUG o.h.p.w.spi.MetamodelGraphWalker - Visiting attribute path : version
13:23:07.363 [Test worker] DEBUG o.h.p.w.spi.MetamodelGraphWalker - Visiting attribute path : virtual_link_reference
13:23:07.363 [Test worker] DEBUG o.h.l.p.b.i.FetchStyleLoadPlanBuildingAssociationVisitationStrategy - Building LoadPlan...
13:23:07.363 [Test worker] DEBUG o.h.l.p.e.i.LoadQueryJoinAndFetchProcessor - processing queryspace <gen:0>
13:23:07.363 [Test worker] DEBUG o.h.l.p.b.spi.LoadPlanTreePrinter - LoadPlan(collection=org.project.neutrino.nfvo.catalogue.mano.descriptor.VNFComponent.connection_point)
    - Returns
       - CollectionReturnImpl(collection=org.project.neutrino.nfvo.catalogue.mano.descriptor.VNFComponent.connection_point, querySpaceUid=<gen:0>, path=[org.project.neutrino.nfvo.catalogue.mano.descriptor.VNFComponent.connection_point])
          - (collection element) CollectionFetchableElementEntityGraph(entity=org.project.neutrino.nfvo.catalogue.mano.descriptor.VNFDConnectionPoint, querySpaceUid=<gen:1>, path=[org.project.neutrino.nfvo.catalogue.mano.descriptor.VNFComponent.connection_point].<elements>)
    - QuerySpaces
       - CollectionQuerySpaceImpl(uid=<gen:0>, collection=org.project.neutrino.nfvo.catalogue.mano.descriptor.VNFComponent.connection_point)
          - SQL table alias mapping - connection0_
          - alias suffix - 0_
          - suffixed key columns - {vnfcompo1_80_0_}
          - entity-element alias suffix - 1_
          - 1_entity-element suffixed key columns - id1_4_1_
          - JOIN (JoinDefinedByMetadata(elements)) : <gen:0> -> <gen:1>
             - EntityQuerySpaceImpl(uid=<gen:1>, entity=org.project.neutrino.nfvo.catalogue.mano.descriptor.VNFDConnectionPoint)
                - SQL table alias mapping - vnfdconnec1_
                - alias suffix - 1_
                - suffixed key columns - {id1_4_1_}

13:23:07.363 [Test worker] DEBUG o.h.l.c.plan.CollectionLoader - Static select for collection org.project.neutrino.nfvo.catalogue.mano.descriptor.VNFComponent.connection_point: select connection0_.vnfcomponent_id as vnfcompo1_80_0_, connection0_.connection_point_id as connecti2_81_0_, vnfdconnec1_.id as id1_4_1_, vnfdconnec1_.type as type2_4_1_, vnfdconnec1_.version as version3_4_1_, vnfdconnec1_.virtual_link_reference as virtual_1_82_1_ from vnfcomponent_connection_point connection0_ inner join vnfdconnection_point vnfdconnec1_ on connection0_.connection_point_id=vnfdconnec1_.id where connection0_.vnfcomponent_id=?
13:23:07.363 [Test worker] DEBUG o.h.l.p.b.i.spaces.QuerySpacesImpl - Adding QuerySpace : uid = <gen:0> -> org.hibernate.loader.plan.build.internal.spaces.CollectionQuerySpaceImpl@17ff81fd]
13:23:07.363 [Test worker] DEBUG o.h.l.p.b.i.spaces.QuerySpacesImpl - Adding QuerySpace : uid = <gen:1> -> org.hibernate.loader.plan.build.internal.spaces.EntityQuerySpaceImpl@7af155a]
13:23:07.364 [Test worker] DEBUG o.h.p.w.spi.MetamodelGraphWalker - Visiting attribute path : flavour_key
13:23:07.364 [Test worker] DEBUG o.h.p.w.spi.MetamodelGraphWalker - Visiting attribute path : version
13:23:07.364 [Test worker] DEBUG o.h.p.w.spi.MetamodelGraphWalker - Visiting attribute path : constituent_vnf
13:23:07.364 [Test worker] DEBUG o.h.p.w.spi.MetamodelGraphWalker - Visiting attribute path : costituent_vdu
13:23:07.364 [Test worker] DEBUG o.h.p.w.spi.MetamodelGraphWalker - Visiting attribute path : df_constraint
13:23:07.364 [Test worker] DEBUG o.h.l.p.b.i.spaces.QuerySpacesImpl - Adding QuerySpace : uid = <gen:2> -> org.hibernate.loader.plan.build.internal.spaces.CollectionQuerySpaceImpl@2ee5e7fe]
13:23:07.364 [Test worker] DEBUG o.h.l.p.b.i.FetchStyleLoadPlanBuildingAssociationVisitationStrategy - Building LoadPlan...
13:23:07.364 [Test worker] DEBUG o.h.l.p.e.i.LoadQueryJoinAndFetchProcessor - processing queryspace <gen:0>
13:23:07.364 [Test worker] DEBUG o.h.l.p.b.spi.LoadPlanTreePrinter - LoadPlan(collection=org.project.neutrino.nfvo.catalogue.mano.common.NFVEntityDescriptor.service_deployment_flavour)
    - Returns
       - CollectionReturnImpl(collection=org.project.neutrino.nfvo.catalogue.mano.common.NFVEntityDescriptor.service_deployment_flavour, querySpaceUid=<gen:0>, path=[org.project.neutrino.nfvo.catalogue.mano.common.NFVEntityDescriptor.service_deployment_flavour])
          - (collection element) CollectionFetchableElementEntityGraph(entity=org.project.neutrino.nfvo.catalogue.mano.common.DeploymentFlavour, querySpaceUid=<gen:1>, path=[org.project.neutrino.nfvo.catalogue.mano.common.NFVEntityDescriptor.service_deployment_flavour].<elements>)
             - CollectionAttributeFetchImpl(collection=org.project.neutrino.nfvo.catalogue.mano.descriptor.VNFDDeploymentFlavour.df_constraint, querySpaceUid=<gen:2>, path=[org.project.neutrino.nfvo.catalogue.mano.common.NFVEntityDescriptor.service_deployment_flavour].<elements>.df_constraint)
    - QuerySpaces
       - CollectionQuerySpaceImpl(uid=<gen:0>, collection=org.project.neutrino.nfvo.catalogue.mano.common.NFVEntityDescriptor.service_deployment_flavour)
          - SQL table alias mapping - service_de0_
          - alias suffix - 0_
          - suffixed key columns - {nfventit1_27_0_}
          - entity-element alias suffix - 1_
          - 1_entity-element suffixed key columns - id1_7_1_
          - JOIN (JoinDefinedByMetadata(elements)) : <gen:0> -> <gen:1>
             - EntityQuerySpaceImpl(uid=<gen:1>, entity=org.project.neutrino.nfvo.catalogue.mano.common.DeploymentFlavour)
                - SQL table alias mapping - deployment1_
                - alias suffix - 1_
                - suffixed key columns - {id1_7_1_}

13:23:07.365 [Test worker] DEBUG o.h.l.c.plan.CollectionLoader - Static select for collection org.project.neutrino.nfvo.catalogue.mano.common.NFVEntityDescriptor.service_deployment_flavour: select service_de0_.nfventity_descriptor_Id as nfventit1_27_0_, service_de0_.service_deployment_flavour_id as service_2_32_0_, deployment1_.id as id1_7_1_, deployment1_.flavour_key as flavour_2_7_1_, deployment1_.version as version3_7_1_, deployment1_.clazz_ as clazz_1_ from nfventity_descriptor_service_deployment_flavour service_de0_ inner join ( select id, flavour_key, version, 0 as clazz_ from deployment_flavour union select id, flavour_key, version, 1 as clazz_ from service_deployment_flavour union select id, flavour_key, version, 2 as clazz_ from vnfddeployment_flavour ) deployment1_ on service_de0_.service_deployment_flavour_id=deployment1_.id where service_de0_.nfventity_descriptor_Id=?
13:23:07.365 [Test worker] DEBUG o.h.l.p.b.i.spaces.QuerySpacesImpl - Adding QuerySpace : uid = <gen:0> -> org.hibernate.loader.plan.build.internal.spaces.CollectionQuerySpaceImpl@77e1ecbf]
13:23:07.365 [Test worker] DEBUG o.h.l.p.b.i.spaces.QuerySpacesImpl - Adding QuerySpace : uid = <gen:1> -> org.hibernate.loader.plan.build.internal.spaces.EntityQuerySpaceImpl@117e2d16]
13:23:07.365 [Test worker] DEBUG o.h.p.w.spi.MetamodelGraphWalker - Visiting attribute path : type
13:23:07.365 [Test worker] DEBUG o.h.p.w.spi.MetamodelGraphWalker - Visiting attribute path : version
13:23:07.365 [Test worker] DEBUG o.h.p.w.spi.MetamodelGraphWalker - Visiting attribute path : virtual_link_reference
13:23:07.365 [Test worker] DEBUG o.h.l.p.b.i.FetchStyleLoadPlanBuildingAssociationVisitationStrategy - Building LoadPlan...
13:23:07.365 [Test worker] DEBUG o.h.l.p.e.i.LoadQueryJoinAndFetchProcessor - processing queryspace <gen:0>
13:23:07.366 [Test worker] DEBUG o.h.l.p.b.spi.LoadPlanTreePrinter - LoadPlan(collection=org.project.neutrino.nfvo.catalogue.mano.record.PhysicalNetworkFunctionRecord.connection_point)
    - Returns
       - CollectionReturnImpl(collection=org.project.neutrino.nfvo.catalogue.mano.record.PhysicalNetworkFunctionRecord.connection_point, querySpaceUid=<gen:0>, path=[org.project.neutrino.nfvo.catalogue.mano.record.PhysicalNetworkFunctionRecord.connection_point])
          - (collection element) CollectionFetchableElementEntityGraph(entity=org.project.neutrino.nfvo.catalogue.mano.common.ConnectionPoint, querySpaceUid=<gen:1>, path=[org.project.neutrino.nfvo.catalogue.mano.record.PhysicalNetworkFunctionRecord.connection_point].<elements>)
    - QuerySpaces
       - CollectionQuerySpaceImpl(uid=<gen:0>, collection=org.project.neutrino.nfvo.catalogue.mano.record.PhysicalNetworkFunctionRecord.connection_point)
          - SQL table alias mapping - connection0_
          - alias suffix - 0_
          - suffixed key columns - {physical1_37_0_}
          - entity-element alias suffix - 1_
          - 1_entity-element suffixed key columns - id1_4_1_
          - JOIN (JoinDefinedByMetadata(elements)) : <gen:0> -> <gen:1>
             - EntityQuerySpaceImpl(uid=<gen:1>, entity=org.project.neutrino.nfvo.catalogue.mano.common.ConnectionPoint)
                - SQL table alias mapping - connection1_
                - alias suffix - 1_
                - suffixed key columns - {id1_4_1_}

13:23:07.366 [Test worker] DEBUG o.h.l.c.plan.CollectionLoader - Static select for collection org.project.neutrino.nfvo.catalogue.mano.record.PhysicalNetworkFunctionRecord.connection_point: select connection0_.physical_network_function_record_id as physical1_37_0_, connection0_.connection_point_id as connecti2_39_0_, connection1_.id as id1_4_1_, connection1_.type as type2_4_1_, connection1_.version as version3_4_1_, connection1_.virtual_link_reference as virtual_1_82_1_, connection1_.clazz_ as clazz_1_ from physical_network_function_record_connection_point connection0_ inner join ( select id, type, version, null as virtual_link_reference, 0 as clazz_ from connection_point union select id, type, version, virtual_link_reference, 1 as clazz_ from vnfdconnection_point ) connection1_ on connection0_.connection_point_id=connection1_.id where connection0_.physical_network_function_record_id=?
13:23:07.366 [Test worker] DEBUG o.h.l.p.b.i.spaces.QuerySpacesImpl - Adding QuerySpace : uid = <gen:0> -> org.hibernate.loader.plan.build.internal.spaces.CollectionQuerySpaceImpl@2230bb7a]
13:23:07.366 [Test worker] DEBUG o.h.l.p.b.i.spaces.QuerySpacesImpl - Adding QuerySpace : uid = <gen:1> -> org.hibernate.loader.plan.build.internal.spaces.EntityQuerySpaceImpl@2d64581f]
13:23:07.366 [Test worker] DEBUG o.h.p.w.spi.MetamodelGraphWalker - Visiting attribute path : connectivity_type
13:23:07.366 [Test worker] DEBUG o.h.p.w.spi.MetamodelGraphWalker - Visiting attribute path : leaf_requirement
13:23:07.366 [Test worker] DEBUG o.h.p.w.spi.MetamodelGraphWalker - Visiting attribute path : qos
13:23:07.366 [Test worker] DEBUG o.h.p.w.spi.MetamodelGraphWalker - Visiting attribute path : root_requirement
13:23:07.366 [Test worker] DEBUG o.h.p.w.spi.MetamodelGraphWalker - Visiting attribute path : test_access
13:23:07.366 [Test worker] DEBUG o.h.p.w.spi.MetamodelGraphWalker - Visiting attribute path : version
13:23:07.366 [Test worker] DEBUG o.h.p.w.spi.MetamodelGraphWalker - Visiting attribute path : connection
13:23:07.366 [Test worker] DEBUG o.h.p.w.spi.MetamodelGraphWalker - Visiting attribute path : descriptor_version
13:23:07.366 [Test worker] DEBUG o.h.p.w.spi.MetamodelGraphWalker - Visiting attribute path : number_of_endpoints
13:23:07.366 [Test worker] DEBUG o.h.p.w.spi.MetamodelGraphWalker - Visiting attribute path : vendor
13:23:07.366 [Test worker] DEBUG o.h.p.w.spi.MetamodelGraphWalker - Visiting attribute path : vld_security
13:23:07.366 [Test worker] DEBUG o.h.l.p.b.i.spaces.QuerySpacesImpl - Adding QuerySpace : uid = <gen:2> -> org.hibernate.loader.plan.build.internal.spaces.EntityQuerySpaceImpl@25b8eb20]
13:23:07.366 [Test worker] DEBUG o.h.p.w.spi.MetamodelGraphWalker - Visiting attribute path : vld_security.version
13:23:07.366 [Test worker] DEBUG o.h.l.p.b.i.FetchStyleLoadPlanBuildingAssociationVisitationStrategy - Building LoadPlan...
13:23:07.367 [Test worker] DEBUG o.h.l.p.e.i.LoadQueryJoinAndFetchProcessor - processing queryspace <gen:0>
13:23:07.367 [Test worker] DEBUG o.h.l.p.b.spi.LoadPlanTreePrinter - LoadPlan(collection=org.project.neutrino.nfvo.catalogue.mano.descriptor.VNFForwardingGraph.dependent_virtual_link)
    - Returns
       - CollectionReturnImpl(collection=org.project.neutrino.nfvo.catalogue.mano.descriptor.VNFForwardingGraph.dependent_virtual_link, querySpaceUid=<gen:0>, path=[org.project.neutrino.nfvo.catalogue.mano.descriptor.VNFForwardingGraph.dependent_virtual_link])
          - (collection element) CollectionFetchableElementEntityGraph(entity=org.project.neutrino.nfvo.catalogue.mano.descriptor.VirtualLinkDescriptor, querySpaceUid=<gen:1>, path=[org.project.neutrino.nfvo.catalogue.mano.descriptor.VNFForwardingGraph.dependent_virtual_link].<elements>)
             - EntityAttributeFetchImpl(entity=org.project.neutrino.nfvo.catalogue.mano.common.Security, querySpaceUid=<gen:2>, path=[org.project.neutrino.nfvo.catalogue.mano.descriptor.VNFForwardingGraph.dependent_virtual_link].<elements>.vld_security)
    - QuerySpaces
       - CollectionQuerySpaceImpl(uid=<gen:0>, collection=org.project.neutrino.nfvo.catalogue.mano.descriptor.VNFForwardingGraph.dependent_virtual_link)
          - SQL table alias mapping - dependent_0_
          - alias suffix - 0_
          - suffixed key columns - {vnfforwa1_87_0_}
          - entity-element alias suffix - 1_
          - 1_entity-element suffixed key columns - id1_0_1_
          - JOIN (JoinDefinedByMetadata(elements)) : <gen:0> -> <gen:1>
             - EntityQuerySpaceImpl(uid=<gen:1>, entity=org.project.neutrino.nfvo.catalogue.mano.descriptor.VirtualLinkDescriptor)
                - SQL table alias mapping - virtuallin1_
                - alias suffix - 1_
                - suffixed key columns - {id1_0_1_}
                - JOIN (JoinDefinedByMetadata(vld_security)) : <gen:1> -> <gen:2>
                   - EntityQuerySpaceImpl(uid=<gen:2>, entity=org.project.neutrino.nfvo.catalogue.mano.common.Security)
                      - SQL table alias mapping - security2_
                      - alias suffix - 2_
                      - suffixed key columns - {id1_43_2_}

13:23:07.367 [Test worker] DEBUG o.h.l.c.plan.CollectionLoader - Static select for collection org.project.neutrino.nfvo.catalogue.mano.descriptor.VNFForwardingGraph.dependent_virtual_link: select dependent_0_.vnfforwarding_graph_id as vnfforwa1_87_0_, dependent_0_.dependent_virtual_link_id as dependen2_90_0_, virtuallin1_.id as id1_0_1_, virtuallin1_.connectivity_type as connecti2_0_1_, virtuallin1_.leaf_requirement as leaf_req3_0_1_, virtuallin1_.root_requirement as root_req4_0_1_, virtuallin1_.version as version5_0_1_, virtuallin1_.descriptor_version as descript1_52_1_, virtuallin1_.number_of_endpoints as number_o2_52_1_, virtuallin1_.vendor as vendor3_52_1_, virtuallin1_.vld_security_id as vld_secu4_52_1_, security2_.id as id1_43_2_, security2_.version as version2_43_2_ from vnfforwarding_graph_dependent_virtual_link dependent_0_ inner join virtual_link_descriptor virtuallin1_ on dependent_0_.dependent_virtual_link_id=virtuallin1_.id left outer join security security2_ on virtuallin1_.vld_security_id=security2_.id where dependent_0_.vnfforwarding_graph_id=?
13:23:07.368 [Test worker] DEBUG o.h.l.p.b.i.spaces.QuerySpacesImpl - Adding QuerySpace : uid = <gen:0> -> org.hibernate.loader.plan.build.internal.spaces.CollectionQuerySpaceImpl@7a10d90b]
13:23:07.368 [Test worker] DEBUG o.h.l.p.b.i.spaces.QuerySpacesImpl - Adding QuerySpace : uid = <gen:1> -> org.hibernate.loader.plan.build.internal.spaces.EntityQuerySpaceImpl@68199fc8]
13:23:07.368 [Test worker] DEBUG o.h.p.w.spi.MetamodelGraphWalker - Visiting attribute path : type
13:23:07.368 [Test worker] DEBUG o.h.p.w.spi.MetamodelGraphWalker - Visiting attribute path : version
13:23:07.368 [Test worker] DEBUG o.h.p.w.spi.MetamodelGraphWalker - Visiting attribute path : virtual_link_reference
13:23:07.368 [Test worker] DEBUG o.h.l.p.b.i.FetchStyleLoadPlanBuildingAssociationVisitationStrategy - Building LoadPlan...
13:23:07.368 [Test worker] DEBUG o.h.l.p.e.i.LoadQueryJoinAndFetchProcessor - processing queryspace <gen:0>
13:23:07.368 [Test worker] DEBUG o.h.l.p.b.spi.LoadPlanTreePrinter - LoadPlan(collection=org.project.neutrino.nfvo.catalogue.mano.record.VirtualNetworkFunctionRecord.connection_point)
    - Returns
       - CollectionReturnImpl(collection=org.project.neutrino.nfvo.catalogue.mano.record.VirtualNetworkFunctionRecord.connection_point, querySpaceUid=<gen:0>, path=[org.project.neutrino.nfvo.catalogue.mano.record.VirtualNetworkFunctionRecord.connection_point])
          - (collection element) CollectionFetchableElementEntityGraph(entity=org.project.neutrino.nfvo.catalogue.mano.common.ConnectionPoint, querySpaceUid=<gen:1>, path=[org.project.neutrino.nfvo.catalogue.mano.record.VirtualNetworkFunctionRecord.connection_point].<elements>)
    - QuerySpaces
       - CollectionQuerySpaceImpl(uid=<gen:0>, collection=org.project.neutrino.nfvo.catalogue.mano.record.VirtualNetworkFunctionRecord.connection_point)
          - SQL table alias mapping - connection0_
          - alias suffix - 0_
          - suffixed key columns - {virtual_1_68_0_}
          - entity-element alias suffix - 1_
          - 1_entity-element suffixed key columns - id1_4_1_
          - JOIN (JoinDefinedByMetadata(elements)) : <gen:0> -> <gen:1>
             - EntityQuerySpaceImpl(uid=<gen:1>, entity=org.project.neutrino.nfvo.catalogue.mano.common.ConnectionPoint)
                - SQL table alias mapping - connection1_
                - alias suffix - 1_
                - suffixed key columns - {id1_4_1_}

13:23:07.368 [Test worker] DEBUG o.h.l.c.plan.CollectionLoader - Static select for collection org.project.neutrino.nfvo.catalogue.mano.record.VirtualNetworkFunctionRecord.connection_point: select connection0_.virtual_network_function_record_id as virtual_1_68_0_, connection0_.connection_point_id as connecti2_71_0_, connection1_.id as id1_4_1_, connection1_.type as type2_4_1_, connection1_.version as version3_4_1_, connection1_.virtual_link_reference as virtual_1_82_1_, connection1_.clazz_ as clazz_1_ from virtual_network_function_record_connection_point connection0_ inner join ( select id, type, version, null as virtual_link_reference, 0 as clazz_ from connection_point union select id, type, version, virtual_link_reference, 1 as clazz_ from vnfdconnection_point ) connection1_ on connection0_.connection_point_id=connection1_.id where connection0_.virtual_network_function_record_id=?
13:23:07.368 [Test worker] DEBUG o.h.l.p.b.i.spaces.QuerySpacesImpl - Adding QuerySpace : uid = <gen:0> -> org.hibernate.loader.plan.build.internal.spaces.CollectionQuerySpaceImpl@7bb36993]
13:23:07.368 [Test worker] DEBUG o.h.l.p.b.i.spaces.QuerySpacesImpl - Adding QuerySpace : uid = <gen:1> -> org.hibernate.loader.plan.build.internal.spaces.EntityQuerySpaceImpl@3fd87157]
13:23:07.369 [Test worker] DEBUG o.h.p.w.spi.MetamodelGraphWalker - Visiting attribute path : source
13:23:07.369 [Test worker] DEBUG o.h.l.p.b.i.spaces.QuerySpacesImpl - Adding QuerySpace : uid = <gen:2> -> org.hibernate.loader.plan.build.internal.spaces.EntityQuerySpaceImpl@600d7969]
13:23:07.369 [Test worker] DEBUG o.h.p.w.spi.MetamodelGraphWalker - Visiting attribute path : source.computation_requirement
13:23:07.369 [Test worker] DEBUG o.h.p.w.spi.MetamodelGraphWalker - Visiting attribute path : source.high_availability
13:23:07.369 [Test worker] DEBUG o.h.p.w.spi.MetamodelGraphWalker - Visiting attribute path : source.lifecycle_event
13:23:07.369 [Test worker] DEBUG o.h.p.w.spi.MetamodelGraphWalker - Visiting attribute path : source.monitoring_parameter
13:23:07.369 [Test worker] DEBUG o.h.l.p.b.i.spaces.QuerySpacesImpl - Adding QuerySpace : uid = <gen:3> -> org.hibernate.loader.plan.build.internal.spaces.CollectionQuerySpaceImpl@149987c8]
13:23:07.369 [Test worker] DEBUG o.h.p.w.spi.MetamodelGraphWalker - Visiting attribute path : source.scale_in_out
13:23:07.369 [Test worker] DEBUG o.h.p.w.spi.MetamodelGraphWalker - Visiting attribute path : source.vdu_constraint
13:23:07.369 [Test worker] DEBUG o.h.p.w.spi.MetamodelGraphWalker - Visiting attribute path : source.version
13:23:07.369 [Test worker] DEBUG o.h.p.w.spi.MetamodelGraphWalker - Visiting attribute path : source.virtual_memory_resource_element
13:23:07.369 [Test worker] DEBUG o.h.p.w.spi.MetamodelGraphWalker - Visiting attribute path : source.virtual_network_bandwidth_resource
13:23:07.369 [Test worker] DEBUG o.h.p.w.spi.MetamodelGraphWalker - Visiting attribute path : source.vm_image
13:23:07.369 [Test worker] DEBUG o.h.l.p.b.i.spaces.QuerySpacesImpl - Adding QuerySpace : uid = <gen:4> -> org.hibernate.loader.plan.build.internal.spaces.CollectionQuerySpaceImpl@6ba16608]
13:23:07.369 [Test worker] DEBUG o.h.p.w.spi.MetamodelGraphWalker - Visiting attribute path : source.vnfc
13:23:07.369 [Test worker] DEBUG o.h.p.w.spi.MetamodelGraphWalker - Visiting attribute path : target
13:23:07.369 [Test worker] DEBUG o.h.l.p.b.i.spaces.QuerySpacesImpl - Adding QuerySpace : uid = <gen:5> -> org.hibernate.loader.plan.build.internal.spaces.EntityQuerySpaceImpl@3131ce6c]
13:23:07.370 [Test worker] DEBUG o.h.p.w.spi.MetamodelGraphWalker - Visiting attribute path : target.computation_requirement
13:23:07.370 [Test worker] DEBUG o.h.p.w.spi.MetamodelGraphWalker - Visiting attribute path : target.high_availability
13:23:07.370 [Test worker] DEBUG o.h.p.w.spi.MetamodelGraphWalker - Visiting attribute path : target.lifecycle_event
13:23:07.370 [Test worker] DEBUG o.h.p.w.spi.MetamodelGraphWalker - Visiting attribute path : target.monitoring_parameter
13:23:07.370 [Test worker] DEBUG o.h.l.p.b.i.spaces.QuerySpacesImpl - Adding QuerySpace : uid = <gen:6> -> org.hibernate.loader.plan.build.internal.spaces.CollectionQuerySpaceImpl@6d685b65]
13:23:07.370 [Test worker] DEBUG o.h.p.w.spi.MetamodelGraphWalker - Visiting attribute path : target.scale_in_out
13:23:07.370 [Test worker] DEBUG o.h.p.w.spi.MetamodelGraphWalker - Visiting attribute path : target.vdu_constraint
13:23:07.370 [Test worker] DEBUG o.h.p.w.spi.MetamodelGraphWalker - Visiting attribute path : target.version
13:23:07.370 [Test worker] DEBUG o.h.p.w.spi.MetamodelGraphWalker - Visiting attribute path : target.virtual_memory_resource_element
13:23:07.370 [Test worker] DEBUG o.h.p.w.spi.MetamodelGraphWalker - Visiting attribute path : target.virtual_network_bandwidth_resource
13:23:07.370 [Test worker] DEBUG o.h.p.w.spi.MetamodelGraphWalker - Visiting attribute path : target.vm_image
13:23:07.370 [Test worker] DEBUG o.h.l.p.b.i.spaces.QuerySpacesImpl - Adding QuerySpace : uid = <gen:7> -> org.hibernate.loader.plan.build.internal.spaces.CollectionQuerySpaceImpl@5e487c00]
13:23:07.370 [Test worker] DEBUG o.h.p.w.spi.MetamodelGraphWalker - Visiting attribute path : target.vnfc
13:23:07.370 [Test worker] DEBUG o.h.p.w.spi.MetamodelGraphWalker - Visiting attribute path : version
13:23:07.370 [Test worker] DEBUG o.h.l.p.b.i.FetchStyleLoadPlanBuildingAssociationVisitationStrategy - Building LoadPlan...
13:23:07.370 [Test worker] DEBUG o.h.l.p.e.i.LoadQueryJoinAndFetchProcessor - processing queryspace <gen:0>
13:23:07.371 [Test worker] DEBUG o.h.l.p.b.spi.LoadPlanTreePrinter - LoadPlan(collection=org.project.neutrino.nfvo.catalogue.mano.descriptor.VirtualNetworkFunctionDescriptor.vdu_dependency)
    - Returns
       - CollectionReturnImpl(collection=org.project.neutrino.nfvo.catalogue.mano.descriptor.VirtualNetworkFunctionDescriptor.vdu_dependency, querySpaceUid=<gen:0>, path=[org.project.neutrino.nfvo.catalogue.mano.descriptor.VirtualNetworkFunctionDescriptor.vdu_dependency])
          - (collection element) CollectionFetchableElementEntityGraph(entity=org.project.neutrino.nfvo.catalogue.mano.descriptor.VDUDependency, querySpaceUid=<gen:1>, path=[org.project.neutrino.nfvo.catalogue.mano.descriptor.VirtualNetworkFunctionDescriptor.vdu_dependency].<elements>)
             - EntityAttributeFetchImpl(entity=org.project.neutrino.nfvo.catalogue.mano.descriptor.VirtualDeploymentUnit, querySpaceUid=<gen:2>, path=[org.project.neutrino.nfvo.catalogue.mano.descriptor.VirtualNetworkFunctionDescriptor.vdu_dependency].<elements>.source)
                - CollectionAttributeFetchImpl(collection=org.project.neutrino.nfvo.catalogue.mano.descriptor.VirtualDeploymentUnit.monitoring_parameter, querySpaceUid=<gen:3>, path=[org.project.neutrino.nfvo.catalogue.mano.descriptor.VirtualNetworkFunctionDescriptor.vdu_dependency].<elements>.source.monitoring_parameter)
                - CollectionAttributeFetchImpl(collection=org.project.neutrino.nfvo.catalogue.mano.descriptor.VirtualDeploymentUnit.vm_image, querySpaceUid=<gen:4>, path=[org.project.neutrino.nfvo.catalogue.mano.descriptor.VirtualNetworkFunctionDescriptor.vdu_dependency].<elements>.source.vm_image)
             - EntityAttributeFetchImpl(entity=org.project.neutrino.nfvo.catalogue.mano.descriptor.VirtualDeploymentUnit, querySpaceUid=<gen:5>, path=[org.project.neutrino.nfvo.catalogue.mano.descriptor.VirtualNetworkFunctionDescriptor.vdu_dependency].<elements>.target)
                - CollectionAttributeFetchImpl(collection=org.project.neutrino.nfvo.catalogue.mano.descriptor.VirtualDeploymentUnit.monitoring_parameter, querySpaceUid=<gen:6>, path=[org.project.neutrino.nfvo.catalogue.mano.descriptor.VirtualNetworkFunctionDescriptor.vdu_dependency].<elements>.target.monitoring_parameter)
                - CollectionAttributeFetchImpl(collection=org.project.neutrino.nfvo.catalogue.mano.descriptor.VirtualDeploymentUnit.vm_image, querySpaceUid=<gen:7>, path=[org.project.neutrino.nfvo.catalogue.mano.descriptor.VirtualNetworkFunctionDescriptor.vdu_dependency].<elements>.target.vm_image)
    - QuerySpaces
       - CollectionQuerySpaceImpl(uid=<gen:0>, collection=org.project.neutrino.nfvo.catalogue.mano.descriptor.VirtualNetworkFunctionDescriptor.vdu_dependency)
          - SQL table alias mapping - vdu_depend0_
          - alias suffix - 0_
          - suffixed key columns - {virtual_1_27_0_}
          - entity-element alias suffix - 1_
          - 1_entity-element suffixed key columns - id1_46_1_
          - JOIN (JoinDefinedByMetadata(elements)) : <gen:0> -> <gen:1>
             - EntityQuerySpaceImpl(uid=<gen:1>, entity=org.project.neutrino.nfvo.catalogue.mano.descriptor.VDUDependency)
                - SQL table alias mapping - vdudepende1_
                - alias suffix - 1_
                - suffixed key columns - {id1_46_1_}
                - JOIN (JoinDefinedByMetadata(source)) : <gen:1> -> <gen:2>
                   - EntityQuerySpaceImpl(uid=<gen:2>, entity=org.project.neutrino.nfvo.catalogue.mano.descriptor.VirtualDeploymentUnit)
                      - SQL table alias mapping - virtualdep2_
                      - alias suffix - 2_
                      - suffixed key columns - {id1_47_2_}
                - JOIN (JoinDefinedByMetadata(target)) : <gen:1> -> <gen:5>
                   - EntityQuerySpaceImpl(uid=<gen:5>, entity=org.project.neutrino.nfvo.catalogue.mano.descriptor.VirtualDeploymentUnit)
                      - SQL table alias mapping - virtualdep3_
                      - alias suffix - 3_
                      - suffixed key columns - {id1_47_3_}

13:23:07.371 [Test worker] DEBUG o.h.l.c.plan.CollectionLoader - Static select for collection org.project.neutrino.nfvo.catalogue.mano.descriptor.VirtualNetworkFunctionDescriptor.vdu_dependency: select vdu_depend0_.virtual_network_function_descriptor_Id as virtual_1_27_0_, vdu_depend0_.vdu_dependency_id as vdu_depe2_66_0_, vdudepende1_.id as id1_46_1_, vdudepende1_.source_id as source_i3_46_1_, vdudepende1_.target_id as target_i4_46_1_, vdudepende1_.version as version2_46_1_, virtualdep2_.id as id1_47_2_, virtualdep2_.computation_requirement as computat2_47_2_, virtualdep2_.high_availability as high_ava3_47_2_, virtualdep2_.scale_in_out as scale_in4_47_2_, virtualdep2_.vdu_constraint as vdu_cons5_47_2_, virtualdep2_.version as version6_47_2_, virtualdep2_.virtual_memory_resource_element as virtual_7_47_2_, virtualdep2_.virtual_network_bandwidth_resource as virtual_8_47_2_, virtualdep3_.id as id1_47_3_, virtualdep3_.computation_requirement as computat2_47_3_, virtualdep3_.high_availability as high_ava3_47_3_, virtualdep3_.scale_in_out as scale_in4_47_3_, virtualdep3_.vdu_constraint as vdu_cons5_47_3_, virtualdep3_.version as version6_47_3_, virtualdep3_.virtual_memory_resource_element as virtual_7_47_3_, virtualdep3_.virtual_network_bandwidth_resource as virtual_8_47_3_ from virtual_network_function_descriptor_vdu_dependency vdu_depend0_ inner join vdudependency vdudepende1_ on vdu_depend0_.vdu_dependency_id=vdudepende1_.id left outer join virtual_deployment_unit virtualdep2_ on vdudepende1_.source_id=virtualdep2_.id left outer join virtual_deployment_unit virtualdep3_ on vdudepende1_.target_id=virtualdep3_.id where vdu_depend0_.virtual_network_function_descriptor_Id=?
13:23:07.371 [Test worker] DEBUG o.h.l.p.b.i.spaces.QuerySpacesImpl - Adding QuerySpace : uid = <gen:0> -> org.hibernate.loader.plan.build.internal.spaces.CollectionQuerySpaceImpl@68c5145b]
13:23:07.371 [Test worker] DEBUG o.h.l.p.b.i.spaces.QuerySpacesImpl - Adding QuerySpace : uid = <gen:1> -> org.hibernate.loader.plan.build.internal.spaces.EntityQuerySpaceImpl@62bb9819]
13:23:07.371 [Test worker] DEBUG o.h.p.w.spi.MetamodelGraphWalker - Visiting attribute path : auto_scale_policy
13:23:07.371 [Test worker] DEBUG o.h.p.w.spi.MetamodelGraphWalker - Visiting attribute path : connection_point
13:23:07.371 [Test worker] DEBUG o.h.p.w.spi.MetamodelGraphWalker - Visiting attribute path : hb_version
13:23:07.371 [Test worker] DEBUG o.h.p.w.spi.MetamodelGraphWalker - Visiting attribute path : lifecycle_event
13:23:07.371 [Test worker] DEBUG o.h.p.w.spi.MetamodelGraphWalker - Visiting attribute path : monitoring_parameter
13:23:07.372 [Test worker] DEBUG o.h.l.p.b.i.spaces.QuerySpacesImpl - Adding QuerySpace : uid = <gen:2> -> org.hibernate.loader.plan.build.internal.spaces.CollectionQuerySpaceImpl@1fae18cb]
13:23:07.372 [Test worker] DEBUG o.h.p.w.spi.MetamodelGraphWalker - Visiting attribute path : service_deployment_flavour
13:23:07.372 [Test worker] DEBUG o.h.p.w.spi.MetamodelGraphWalker - Visiting attribute path : vendor
13:23:07.372 [Test worker] DEBUG o.h.p.w.spi.MetamodelGraphWalker - Visiting attribute path : version
13:23:07.372 [Test worker] DEBUG o.h.p.w.spi.MetamodelGraphWalker - Visiting attribute path : vld
13:23:07.372 [Test worker] DEBUG o.h.p.w.spi.MetamodelGraphWalker - Visiting attribute path : vnffgd
13:23:07.372 [Test worker] DEBUG o.h.p.w.spi.MetamodelGraphWalker - Visiting attribute path : deployment_flavour
13:23:07.372 [Test worker] DEBUG o.h.l.p.b.i.spaces.QuerySpacesImpl - Adding QuerySpace : uid = <gen:3> -> org.hibernate.loader.plan.build.internal.spaces.CollectionQuerySpaceImpl@5eddc7ac]
13:23:07.372 [Test worker] DEBUG o.h.l.p.b.i.spaces.QuerySpacesImpl - Adding QuerySpace : uid = <gen:4> -> org.hibernate.loader.plan.build.internal.spaces.EntityQuerySpaceImpl@32601ddc]
13:23:07.372 [Test worker] DEBUG o.h.p.w.spi.MetamodelGraphWalker - Visiting attribute path : descriptor_version
13:23:07.372 [Test worker] DEBUG o.h.p.w.spi.MetamodelGraphWalker - Visiting attribute path : manifest_file
13:23:07.372 [Test worker] DEBUG o.h.p.w.spi.MetamodelGraphWalker - Visiting attribute path : manifest_file_security
13:23:07.372 [Test worker] DEBUG o.h.p.w.spi.MetamodelGraphWalker - Visiting attribute path : vdu
13:23:07.372 [Test worker] DEBUG o.h.p.w.spi.MetamodelGraphWalker - Visiting attribute path : vdu_dependency
13:23:07.372 [Test worker] DEBUG o.h.p.w.spi.MetamodelGraphWalker - Visiting attribute path : virtual_link
13:23:07.372 [Test worker] DEBUG o.h.l.p.b.i.FetchStyleLoadPlanBuildingAssociationVisitationStrategy - Building LoadPlan...
13:23:07.372 [Test worker] DEBUG o.h.l.p.e.i.LoadQueryJoinAndFetchProcessor - processing queryspace <gen:0>
13:23:07.373 [Test worker] DEBUG o.h.l.p.b.spi.LoadPlanTreePrinter - LoadPlan(collection=org.project.neutrino.nfvo.catalogue.mano.descriptor.NetworkServiceDescriptor.vnfd)
    - Returns
       - CollectionReturnImpl(collection=org.project.neutrino.nfvo.catalogue.mano.descriptor.NetworkServiceDescriptor.vnfd, querySpaceUid=<gen:0>, path=[org.project.neutrino.nfvo.catalogue.mano.descriptor.NetworkServiceDescriptor.vnfd])
          - (collection element) CollectionFetchableElementEntityGraph(entity=org.project.neutrino.nfvo.catalogue.mano.descriptor.VirtualNetworkFunctionDescriptor, querySpaceUid=<gen:1>, path=[org.project.neutrino.nfvo.catalogue.mano.descriptor.NetworkServiceDescriptor.vnfd].<elements>)
             - CollectionAttributeFetchImpl(collection=org.project.neutrino.nfvo.catalogue.mano.common.NFVEntityDescriptor.monitoring_parameter, querySpaceUid=<gen:2>, path=[org.project.neutrino.nfvo.catalogue.mano.descriptor.NetworkServiceDescriptor.vnfd].<elements>.monitoring_parameter)
             - CollectionAttributeFetchImpl(collection=org.project.neutrino.nfvo.catalogue.mano.descriptor.VirtualNetworkFunctionDescriptor.deployment_flavour, querySpaceUid=<gen:3>, path=[org.project.neutrino.nfvo.catalogue.mano.descriptor.NetworkServiceDescriptor.vnfd].<elements>.deployment_flavour)
                - (collection element) CollectionFetchableElementEntityGraph(entity=org.project.neutrino.nfvo.catalogue.mano.descriptor.VNFDDeploymentFlavour, querySpaceUid=<gen:4>, path=[org.project.neutrino.nfvo.catalogue.mano.descriptor.NetworkServiceDescriptor.vnfd].<elements>.deployment_flavour.<elements>)
    - QuerySpaces
       - CollectionQuerySpaceImpl(uid=<gen:0>, collection=org.project.neutrino.nfvo.catalogue.mano.descriptor.NetworkServiceDescriptor.vnfd)
          - SQL table alias mapping - vnfd0_
          - alias suffix - 0_
          - suffixed key columns - {network_1_27_0_}
          - entity-element alias suffix - 1_
          - 1_entity-element suffixed key columns - id1_27_1_
          - JOIN (JoinDefinedByMetadata(elements)) : <gen:0> -> <gen:1>
             - EntityQuerySpaceImpl(uid=<gen:1>, entity=org.project.neutrino.nfvo.catalogue.mano.descriptor.VirtualNetworkFunctionDescriptor)
                - SQL table alias mapping - virtualnet1_
                - alias suffix - 1_
                - suffixed key columns - {id1_27_1_}

13:23:07.373 [Test worker] DEBUG o.h.l.c.plan.CollectionLoader - Static select for collection org.project.neutrino.nfvo.catalogue.mano.descriptor.NetworkServiceDescriptor.vnfd: select vnfd0_.network_service_descriptor_Id as network_1_27_0_, vnfd0_.vnfd_Id as vnfd_Id2_17_0_, virtualnet1_.id as id1_27_1_, virtualnet1_.hb_version as hb_versi2_27_1_, virtualnet1_.vendor as vendor3_27_1_, virtualnet1_.version as version4_27_1_, virtualnet1_.descriptor_version as descript1_62_1_, virtualnet1_.manifest_file as manifest2_62_1_ from network_service_descriptor_vnfd vnfd0_ inner join virtual_network_function_descriptor virtualnet1_ on vnfd0_.vnfd_Id=virtualnet1_.id where vnfd0_.network_service_descriptor_Id=?
13:23:07.373 [Test worker] DEBUG o.h.l.p.b.i.spaces.QuerySpacesImpl - Adding QuerySpace : uid = <gen:0> -> org.hibernate.loader.plan.build.internal.spaces.CollectionQuerySpaceImpl@4448705a]
13:23:07.374 [Test worker] DEBUG o.h.l.p.b.i.spaces.QuerySpacesImpl - Adding QuerySpace : uid = <gen:1> -> org.hibernate.loader.plan.build.internal.spaces.EntityQuerySpaceImpl@6fc847bb]
13:23:07.374 [Test worker] DEBUG o.h.p.w.spi.MetamodelGraphWalker - Visiting attribute path : type
13:23:07.374 [Test worker] DEBUG o.h.p.w.spi.MetamodelGraphWalker - Visiting attribute path : version
13:23:07.374 [Test worker] DEBUG o.h.p.w.spi.MetamodelGraphWalker - Visiting attribute path : virtual_link_reference
13:23:07.374 [Test worker] DEBUG o.h.l.p.b.i.FetchStyleLoadPlanBuildingAssociationVisitationStrategy - Building LoadPlan...
13:23:07.374 [Test worker] DEBUG o.h.l.p.e.i.LoadQueryJoinAndFetchProcessor - processing queryspace <gen:0>
13:23:07.374 [Test worker] DEBUG o.h.l.p.b.spi.LoadPlanTreePrinter - LoadPlan(collection=org.project.neutrino.nfvo.catalogue.mano.descriptor.PhysicalNetworkFunctionDescriptor.connection_point)
    - Returns
       - CollectionReturnImpl(collection=org.project.neutrino.nfvo.catalogue.mano.descriptor.PhysicalNetworkFunctionDescriptor.connection_point, querySpaceUid=<gen:0>, path=[org.project.neutrino.nfvo.catalogue.mano.descriptor.PhysicalNetworkFunctionDescriptor.connection_point])
          - (collection element) CollectionFetchableElementEntityGraph(entity=org.project.neutrino.nfvo.catalogue.mano.common.ConnectionPoint, querySpaceUid=<gen:1>, path=[org.project.neutrino.nfvo.catalogue.mano.descriptor.PhysicalNetworkFunctionDescriptor.connection_point].<elements>)
    - QuerySpaces
       - CollectionQuerySpaceImpl(uid=<gen:0>, collection=org.project.neutrino.nfvo.catalogue.mano.descriptor.PhysicalNetworkFunctionDescriptor.connection_point)
          - SQL table alias mapping - connection0_
          - alias suffix - 0_
          - suffixed key columns - {physical1_35_0_}
          - entity-element alias suffix - 1_
          - 1_entity-element suffixed key columns - id1_4_1_
          - JOIN (JoinDefinedByMetadata(elements)) : <gen:0> -> <gen:1>
             - EntityQuerySpaceImpl(uid=<gen:1>, entity=org.project.neutrino.nfvo.catalogue.mano.common.ConnectionPoint)
                - SQL table alias mapping - connection1_
                - alias suffix - 1_
                - suffixed key columns - {id1_4_1_}

13:23:07.374 [Test worker] DEBUG o.h.l.c.plan.CollectionLoader - Static select for collection org.project.neutrino.nfvo.catalogue.mano.descriptor.PhysicalNetworkFunctionDescriptor.connection_point: select connection0_.physical_network_function_descriptor_id as physical1_35_0_, connection0_.connection_point_id as connecti2_36_0_, connection1_.id as id1_4_1_, connection1_.type as type2_4_1_, connection1_.version as version3_4_1_, connection1_.virtual_link_reference as virtual_1_82_1_, connection1_.clazz_ as clazz_1_ from physical_network_function_descriptor_connection_point connection0_ inner join ( select id, type, version, null as virtual_link_reference, 0 as clazz_ from connection_point union select id, type, version, virtual_link_reference, 1 as clazz_ from vnfdconnection_point ) connection1_ on connection0_.connection_point_id=connection1_.id where connection0_.physical_network_function_descriptor_id=?
13:23:07.374 [Test worker] DEBUG o.h.l.p.b.i.spaces.QuerySpacesImpl - Adding QuerySpace : uid = <gen:0> -> org.hibernate.loader.plan.build.internal.spaces.CollectionQuerySpaceImpl@c1a0e99]
13:23:07.374 [Test worker] DEBUG o.h.l.p.b.i.spaces.QuerySpacesImpl - Adding QuerySpace : uid = <gen:1> -> org.hibernate.loader.plan.build.internal.spaces.EntityQuerySpaceImpl@2b46504]
13:23:07.374 [Test worker] DEBUG o.h.p.w.spi.MetamodelGraphWalker - Visiting attribute path : lifecycle_events
13:23:07.375 [Test worker] DEBUG o.h.p.w.spi.MetamodelGraphWalker - Visiting attribute path : version
13:23:07.375 [Test worker] DEBUG o.h.l.p.b.i.FetchStyleLoadPlanBuildingAssociationVisitationStrategy - Building LoadPlan...
13:23:07.375 [Test worker] DEBUG o.h.l.p.e.i.LoadQueryJoinAndFetchProcessor - processing queryspace <gen:0>
13:23:07.375 [Test worker] DEBUG o.h.l.p.b.spi.LoadPlanTreePrinter - LoadPlan(collection=org.project.neutrino.nfvo.catalogue.mano.common.NFVEntityDescriptor.lifecycle_event)
    - Returns
       - CollectionReturnImpl(collection=org.project.neutrino.nfvo.catalogue.mano.common.NFVEntityDescriptor.lifecycle_event, querySpaceUid=<gen:0>, path=[org.project.neutrino.nfvo.catalogue.mano.common.NFVEntityDescriptor.lifecycle_event])
          - (collection element) CollectionFetchableElementEntityGraph(entity=org.project.neutrino.nfvo.catalogue.mano.common.LifecycleEvent, querySpaceUid=<gen:1>, path=[org.project.neutrino.nfvo.catalogue.mano.common.NFVEntityDescriptor.lifecycle_event].<elements>)
    - QuerySpaces
       - CollectionQuerySpaceImpl(uid=<gen:0>, collection=org.project.neutrino.nfvo.catalogue.mano.common.NFVEntityDescriptor.lifecycle_event)
          - SQL table alias mapping - lifecycle_0_
          - alias suffix - 0_
          - suffixed key columns - {nfventit1_27_0_}
          - entity-element alias suffix - 1_
          - 1_entity-element suffixed key columns - id1_10_1_
          - JOIN (JoinDefinedByMetadata(elements)) : <gen:0> -> <gen:1>
             - EntityQuerySpaceImpl(uid=<gen:1>, entity=org.project.neutrino.nfvo.catalogue.mano.common.LifecycleEvent)
                - SQL table alias mapping - lifecyclee1_
                - alias suffix - 1_
                - suffixed key columns - {id1_10_1_}

13:23:07.375 [Test worker] DEBUG o.h.l.c.plan.CollectionLoader - Static select for collection org.project.neutrino.nfvo.catalogue.mano.common.NFVEntityDescriptor.lifecycle_event: select lifecycle_0_.nfventity_descriptor_Id as nfventit1_27_0_, lifecycle_0_.lifecycle_event_id as lifecycl2_30_0_, lifecyclee1_.id as id1_10_1_, lifecyclee1_.version as version2_10_1_ from nfventity_descriptor_lifecycle_event lifecycle_0_ inner join lifecycle_event lifecyclee1_ on lifecycle_0_.lifecycle_event_id=lifecyclee1_.id where lifecycle_0_.nfventity_descriptor_Id=?
13:23:07.375 [Test worker] DEBUG o.h.l.p.b.i.spaces.QuerySpacesImpl - Adding QuerySpace : uid = <gen:0> -> org.hibernate.loader.plan.build.internal.spaces.CollectionQuerySpaceImpl@36af7db6]
13:23:07.376 [Test worker] DEBUG o.h.l.p.b.i.FetchStyleLoadPlanBuildingAssociationVisitationStrategy - Building LoadPlan...
13:23:07.376 [Test worker] DEBUG o.h.l.p.e.i.LoadQueryJoinAndFetchProcessor - processing queryspace <gen:0>
13:23:07.376 [Test worker] DEBUG o.h.l.p.b.spi.LoadPlanTreePrinter - LoadPlan(collection=org.project.neutrino.nfvo.catalogue.mano.record.VirtualLinkRecord.connection)
    - Returns
       - CollectionReturnImpl(collection=org.project.neutrino.nfvo.catalogue.mano.record.VirtualLinkRecord.connection, querySpaceUid=<gen:0>, path=[org.project.neutrino.nfvo.catalogue.mano.record.VirtualLinkRecord.connection])
    - QuerySpaces
       - CollectionQuerySpaceImpl(uid=<gen:0>, collection=org.project.neutrino.nfvo.catalogue.mano.record.VirtualLinkRecord.connection)
          - SQL table alias mapping - connection0_
          - alias suffix - 0_
          - suffixed key columns - {virtual_1_54_0_}

13:23:07.376 [Test worker] DEBUG o.h.l.c.plan.CollectionLoader - Static select for collection org.project.neutrino.nfvo.catalogue.mano.record.VirtualLinkRecord.connection: select connection0_.virtual_link_record_id as virtual_1_54_0_, connection0_.connection as connecti2_57_0_ from virtual_link_record_connection connection0_ where connection0_.virtual_link_record_id=?
13:23:07.376 [Test worker] DEBUG o.h.l.p.b.i.spaces.QuerySpacesImpl - Adding QuerySpace : uid = <gen:0> -> org.hibernate.loader.plan.build.internal.spaces.CollectionQuerySpaceImpl@3b060aa1]
13:23:07.376 [Test worker] DEBUG o.h.l.p.b.i.FetchStyleLoadPlanBuildingAssociationVisitationStrategy - Building LoadPlan...
13:23:07.376 [Test worker] DEBUG o.h.l.p.e.i.LoadQueryJoinAndFetchProcessor - processing queryspace <gen:0>
13:23:07.376 [Test worker] DEBUG o.h.l.p.b.spi.LoadPlanTreePrinter - LoadPlan(collection=org.project.neutrino.nfvo.catalogue.mano.record.VirtualNetworkFunctionRecord.notification)
    - Returns
       - CollectionReturnImpl(collection=org.project.neutrino.nfvo.catalogue.mano.record.VirtualNetworkFunctionRecord.notification, querySpaceUid=<gen:0>, path=[org.project.neutrino.nfvo.catalogue.mano.record.VirtualNetworkFunctionRecord.notification])
    - QuerySpaces
       - CollectionQuerySpaceImpl(uid=<gen:0>, collection=org.project.neutrino.nfvo.catalogue.mano.record.VirtualNetworkFunctionRecord.notification)
          - SQL table alias mapping - notificati0_
          - alias suffix - 0_
          - suffixed key columns - {virtual_1_68_0_}

13:23:07.376 [Test worker] DEBUG o.h.l.c.plan.CollectionLoader - Static select for collection org.project.neutrino.nfvo.catalogue.mano.record.VirtualNetworkFunctionRecord.notification: select notificati0_.virtual_network_function_record_id as virtual_1_68_0_, notificati0_.notification as notifica2_75_0_ from virtual_network_function_record_notification notificati0_ where notificati0_.virtual_network_function_record_id=?
13:23:07.377 [Test worker] DEBUG o.h.l.p.b.i.spaces.QuerySpacesImpl - Adding QuerySpace : uid = <gen:0> -> org.hibernate.loader.plan.build.internal.spaces.CollectionQuerySpaceImpl@6972062c]
13:23:07.377 [Test worker] DEBUG o.h.l.p.b.i.FetchStyleLoadPlanBuildingAssociationVisitationStrategy - Building LoadPlan...
13:23:07.377 [Test worker] DEBUG o.h.l.p.e.i.LoadQueryJoinAndFetchProcessor - processing queryspace <gen:0>
13:23:07.377 [Test worker] DEBUG o.h.l.p.b.spi.LoadPlanTreePrinter - LoadPlan(collection=org.project.neutrino.nfvo.catalogue.mano.record.VirtualNetworkFunctionRecord.vnf_address)
    - Returns
       - CollectionReturnImpl(collection=org.project.neutrino.nfvo.catalogue.mano.record.VirtualNetworkFunctionRecord.vnf_address, querySpaceUid=<gen:0>, path=[org.project.neutrino.nfvo.catalogue.mano.record.VirtualNetworkFunctionRecord.vnf_address])
    - QuerySpaces
       - CollectionQuerySpaceImpl(uid=<gen:0>, collection=org.project.neutrino.nfvo.catalogue.mano.record.VirtualNetworkFunctionRecord.vnf_address)
          - SQL table alias mapping - vnf_addres0_
          - alias suffix - 0_
          - suffixed key columns - {virtual_1_68_0_}

13:23:07.377 [Test worker] DEBUG o.h.l.c.plan.CollectionLoader - Static select for collection org.project.neutrino.nfvo.catalogue.mano.record.VirtualNetworkFunctionRecord.vnf_address: select vnf_addres0_.virtual_network_function_record_id as virtual_1_68_0_, vnf_addres0_.vnf_address as vnf_addr2_79_0_ from virtual_network_function_record_vnf_address vnf_addres0_ where vnf_addres0_.virtual_network_function_record_id=?
13:23:07.377 [Test worker] DEBUG o.h.l.p.b.i.spaces.QuerySpacesImpl - Adding QuerySpace : uid = <gen:0> -> org.hibernate.loader.plan.build.internal.spaces.CollectionQuerySpaceImpl@10648362]
13:23:07.377 [Test worker] DEBUG o.h.l.p.b.i.spaces.QuerySpacesImpl - Adding QuerySpace : uid = <gen:1> -> org.hibernate.loader.plan.build.internal.spaces.EntityQuerySpaceImpl@36ed9f56]
13:23:07.377 [Test worker] DEBUG o.h.p.w.spi.MetamodelGraphWalker - Visiting attribute path : version
13:23:07.377 [Test worker] DEBUG o.h.l.p.b.i.FetchStyleLoadPlanBuildingAssociationVisitationStrategy - Building LoadPlan...
13:23:07.378 [Test worker] DEBUG o.h.l.p.e.i.LoadQueryJoinAndFetchProcessor - processing queryspace <gen:0>
13:23:07.378 [Test worker] DEBUG o.h.l.p.b.spi.LoadPlanTreePrinter - LoadPlan(collection=org.project.neutrino.nfvo.catalogue.mano.common.NFVEntityDescriptor.auto_scale_policy)
    - Returns
       - CollectionReturnImpl(collection=org.project.neutrino.nfvo.catalogue.mano.common.NFVEntityDescriptor.auto_scale_policy, querySpaceUid=<gen:0>, path=[org.project.neutrino.nfvo.catalogue.mano.common.NFVEntityDescriptor.auto_scale_policy])
          - (collection element) CollectionFetchableElementEntityGraph(entity=org.project.neutrino.nfvo.catalogue.mano.common.AutoScalePolicy, querySpaceUid=<gen:1>, path=[org.project.neutrino.nfvo.catalogue.mano.common.NFVEntityDescriptor.auto_scale_policy].<elements>)
    - QuerySpaces
       - CollectionQuerySpaceImpl(uid=<gen:0>, collection=org.project.neutrino.nfvo.catalogue.mano.common.NFVEntityDescriptor.auto_scale_policy)
          - SQL table alias mapping - auto_scale0_
          - alias suffix - 0_
          - suffixed key columns - {nfventit1_27_0_}
          - entity-element alias suffix - 1_
          - 1_entity-element suffixed key columns - id1_3_1_
          - JOIN (JoinDefinedByMetadata(elements)) : <gen:0> -> <gen:1>
             - EntityQuerySpaceImpl(uid=<gen:1>, entity=org.project.neutrino.nfvo.catalogue.mano.common.AutoScalePolicy)
                - SQL table alias mapping - autoscalep1_
                - alias suffix - 1_
                - suffixed key columns - {id1_3_1_}

13:23:07.378 [Test worker] DEBUG o.h.l.c.plan.CollectionLoader - Static select for collection org.project.neutrino.nfvo.catalogue.mano.common.NFVEntityDescriptor.auto_scale_policy: select auto_scale0_.nfventity_descriptor_Id as nfventit1_27_0_, auto_scale0_.auto_scale_policy_id as auto_sca2_28_0_, autoscalep1_.id as id1_3_1_, autoscalep1_.version as version2_3_1_ from nfventity_descriptor_auto_scale_policy auto_scale0_ inner join auto_scale_policy autoscalep1_ on auto_scale0_.auto_scale_policy_id=autoscalep1_.id where auto_scale0_.nfventity_descriptor_Id=?
13:23:07.378 [Test worker] DEBUG o.h.l.p.b.i.spaces.QuerySpacesImpl - Adding QuerySpace : uid = <gen:0> -> org.hibernate.loader.plan.build.internal.spaces.CollectionQuerySpaceImpl@674e14d]
13:23:07.378 [Test worker] DEBUG o.h.l.p.b.i.spaces.QuerySpacesImpl - Adding QuerySpace : uid = <gen:1> -> org.hibernate.loader.plan.build.internal.spaces.EntityQuerySpaceImpl@6373898a]
13:23:07.378 [Test worker] DEBUG o.h.p.w.spi.MetamodelGraphWalker - Visiting attribute path : allocated_capacity
13:23:07.378 [Test worker] DEBUG o.h.p.w.spi.MetamodelGraphWalker - Visiting attribute path : audit_log
13:23:07.378 [Test worker] DEBUG o.h.p.w.spi.MetamodelGraphWalker - Visiting attribute path : connection
13:23:07.378 [Test worker] DEBUG o.h.p.w.spi.MetamodelGraphWalker - Visiting attribute path : connectivity_type
13:23:07.378 [Test worker] DEBUG o.h.p.w.spi.MetamodelGraphWalker - Visiting attribute path : descriptor_reference
13:23:07.378 [Test worker] DEBUG o.h.p.w.spi.MetamodelGraphWalker - Visiting attribute path : leaf_requirement
13:23:07.378 [Test worker] DEBUG o.h.p.w.spi.MetamodelGraphWalker - Visiting attribute path : lifecycle_event_history
13:23:07.379 [Test worker] DEBUG o.h.l.p.b.i.spaces.QuerySpacesImpl - Adding QuerySpace : uid = <gen:2> -> org.hibernate.loader.plan.build.internal.spaces.CollectionQuerySpaceImpl@4a23aa9c]
13:23:07.379 [Test worker] DEBUG o.h.l.p.b.i.spaces.QuerySpacesImpl - Adding QuerySpace : uid = <gen:3> -> org.hibernate.loader.plan.build.internal.spaces.EntityQuerySpaceImpl@6b960dca]
13:23:07.379 [Test worker] DEBUG o.h.p.w.spi.MetamodelGraphWalker - Visiting attribute path : notification
13:23:07.379 [Test worker] DEBUG o.h.p.w.spi.MetamodelGraphWalker - Visiting attribute path : number_of_enpoints
13:23:07.379 [Test worker] DEBUG o.h.p.w.spi.MetamodelGraphWalker - Visiting attribute path : parent_ns
13:23:07.379 [Test worker] DEBUG o.h.p.w.spi.MetamodelGraphWalker - Visiting attribute path : qos
13:23:07.379 [Test worker] DEBUG o.h.p.w.spi.MetamodelGraphWalker - Visiting attribute path : root_requirement
13:23:07.379 [Test worker] DEBUG o.h.p.w.spi.MetamodelGraphWalker - Visiting attribute path : status
13:23:07.379 [Test worker] DEBUG o.h.p.w.spi.MetamodelGraphWalker - Visiting attribute path : test_access
13:23:07.379 [Test worker] DEBUG o.h.p.w.spi.MetamodelGraphWalker - Visiting attribute path : vendor
13:23:07.379 [Test worker] DEBUG o.h.p.w.spi.MetamodelGraphWalker - Visiting attribute path : version
13:23:07.379 [Test worker] DEBUG o.h.p.w.spi.MetamodelGraphWalker - Visiting attribute path : vim_id
13:23:07.379 [Test worker] DEBUG o.h.p.w.spi.MetamodelGraphWalker - Visiting attribute path : vnffgr_reference
13:23:07.379 [Test worker] DEBUG o.h.l.p.b.i.spaces.QuerySpacesImpl - Adding QuerySpace : uid = <gen:4> -> org.hibernate.loader.plan.build.internal.spaces.CollectionQuerySpaceImpl@48637ff4]
13:23:07.379 [Test worker] DEBUG o.h.l.p.b.i.spaces.QuerySpacesImpl - Adding QuerySpace : uid = <gen:5> -> org.hibernate.loader.plan.build.internal.spaces.EntityQuerySpaceImpl@7c65914c]
13:23:07.379 [Test worker] DEBUG o.h.l.p.b.i.FetchStyleLoadPlanBuildingAssociationVisitationStrategy - Building LoadPlan...
13:23:07.379 [Test worker] DEBUG o.h.l.p.e.i.LoadQueryJoinAndFetchProcessor - processing queryspace <gen:0>
13:23:07.380 [Test worker] DEBUG o.h.l.p.b.spi.LoadPlanTreePrinter - LoadPlan(collection=org.project.neutrino.nfvo.catalogue.mano.record.VirtualNetworkFunctionRecord.connected_external_virtual_link)
    - Returns
       - CollectionReturnImpl(collection=org.project.neutrino.nfvo.catalogue.mano.record.VirtualNetworkFunctionRecord.connected_external_virtual_link, querySpaceUid=<gen:0>, path=[org.project.neutrino.nfvo.catalogue.mano.record.VirtualNetworkFunctionRecord.connected_external_virtual_link])
          - (collection element) CollectionFetchableElementEntityGraph(entity=org.project.neutrino.nfvo.catalogue.mano.record.VirtualLinkRecord, querySpaceUid=<gen:1>, path=[org.project.neutrino.nfvo.catalogue.mano.record.VirtualNetworkFunctionRecord.connected_external_virtual_link].<elements>)
             - CollectionAttributeFetchImpl(collection=org.project.neutrino.nfvo.catalogue.mano.record.VirtualLinkRecord.lifecycle_event_history, querySpaceUid=<gen:2>, path=[org.project.neutrino.nfvo.catalogue.mano.record.VirtualNetworkFunctionRecord.connected_external_virtual_link].<elements>.lifecycle_event_history)
                - (collection element) CollectionFetchableElementEntityGraph(entity=org.project.neutrino.nfvo.catalogue.mano.common.LifecycleEvent, querySpaceUid=<gen:3>, path=[org.project.neutrino.nfvo.catalogue.mano.record.VirtualNetworkFunctionRecord.connected_external_virtual_link].<elements>.lifecycle_event_history.<elements>)
             - CollectionAttributeFetchImpl(collection=org.project.neutrino.nfvo.catalogue.mano.record.VirtualLinkRecord.vnffgr_reference, querySpaceUid=<gen:4>, path=[org.project.neutrino.nfvo.catalogue.mano.record.VirtualNetworkFunctionRecord.connected_external_virtual_link].<elements>.vnffgr_reference)
                - (collection element) CollectionFetchableElementEntityGraph(entity=org.project.neutrino.nfvo.catalogue.mano.record.VNFForwardingGraphRecord, querySpaceUid=<gen:5>, path=[org.project.neutrino.nfvo.catalogue.mano.record.VirtualNetworkFunctionRecord.connected_external_virtual_link].<elements>.vnffgr_reference.<elements>)
    - QuerySpaces
       - CollectionQuerySpaceImpl(uid=<gen:0>, collection=org.project.neutrino.nfvo.catalogue.mano.record.VirtualNetworkFunctionRecord.connected_external_virtual_link)
          - SQL table alias mapping - connected_0_
          - alias suffix - 0_
          - suffixed key columns - {virtual_1_68_0_}
          - entity-element alias suffix - 1_
          - 1_entity-element suffixed key columns - id1_54_1_
          - JOIN (JoinDefinedByMetadata(elements)) : <gen:0> -> <gen:1>
             - EntityQuerySpaceImpl(uid=<gen:1>, entity=org.project.neutrino.nfvo.catalogue.mano.record.VirtualLinkRecord)
                - SQL table alias mapping - virtuallin1_
                - alias suffix - 1_
                - suffixed key columns - {id1_54_1_}

13:23:07.380 [Test worker] DEBUG o.h.l.c.plan.CollectionLoader - Static select for collection org.project.neutrino.nfvo.catalogue.mano.record.VirtualNetworkFunctionRecord.connected_external_virtual_link: select connected_0_.virtual_network_function_record_id as virtual_1_68_0_, connected_0_.connected_external_virtual_link_id as connecte2_70_0_, virtuallin1_.id as id1_54_1_, virtuallin1_.connectivity_type as connecti2_54_1_, virtuallin1_.descriptor_reference as descript3_54_1_, virtuallin1_.leaf_requirement as leaf_req4_54_1_, virtuallin1_.number_of_enpoints as number_o5_54_1_, virtuallin1_.parent_ns as parent_n6_54_1_, virtuallin1_.root_requirement as root_req7_54_1_, virtuallin1_.status as status8_54_1_, virtuallin1_.test_access as test_acc9_54_1_, virtuallin1_.vendor as vendor10_54_1_, virtuallin1_.version as version11_54_1_, virtuallin1_.vim_id as vim_id12_54_1_ from virtual_network_function_record_connected_external_virtual_link connected_0_ inner join virtual_link_record virtuallin1_ on connected_0_.connected_external_virtual_link_id=virtuallin1_.id where connected_0_.virtual_network_function_record_id=?
13:23:07.380 [Test worker] DEBUG o.h.l.p.b.i.spaces.QuerySpacesImpl - Adding QuerySpace : uid = <gen:0> -> org.hibernate.loader.plan.build.internal.spaces.CollectionQuerySpaceImpl@70265461]
13:23:07.380 [Test worker] DEBUG o.h.l.p.b.i.spaces.QuerySpacesImpl - Adding QuerySpace : uid = <gen:1> -> org.hibernate.loader.plan.build.internal.spaces.EntityQuerySpaceImpl@646de5cc]
13:23:07.380 [Test worker] DEBUG o.h.p.w.spi.MetamodelGraphWalker - Visiting attribute path : lifecycle_events
13:23:07.380 [Test worker] DEBUG o.h.p.w.spi.MetamodelGraphWalker - Visiting attribute path : version
13:23:07.380 [Test worker] DEBUG o.h.l.p.b.i.FetchStyleLoadPlanBuildingAssociationVisitationStrategy - Building LoadPlan...
13:23:07.380 [Test worker] DEBUG o.h.l.p.e.i.LoadQueryJoinAndFetchProcessor - processing queryspace <gen:0>
13:23:07.381 [Test worker] DEBUG o.h.l.p.b.spi.LoadPlanTreePrinter - LoadPlan(collection=org.project.neutrino.nfvo.catalogue.mano.record.NetworkServiceRecord.lifecycle_event_history)
    - Returns
       - CollectionReturnImpl(collection=org.project.neutrino.nfvo.catalogue.mano.record.NetworkServiceRecord.lifecycle_event_history, querySpaceUid=<gen:0>, path=[org.project.neutrino.nfvo.catalogue.mano.record.NetworkServiceRecord.lifecycle_event_history])
          - (collection element) CollectionFetchableElementEntityGraph(entity=org.project.neutrino.nfvo.catalogue.mano.common.LifecycleEvent, querySpaceUid=<gen:1>, path=[org.project.neutrino.nfvo.catalogue.mano.record.NetworkServiceRecord.lifecycle_event_history].<elements>)
    - QuerySpaces
       - CollectionQuerySpaceImpl(uid=<gen:0>, collection=org.project.neutrino.nfvo.catalogue.mano.record.NetworkServiceRecord.lifecycle_event_history)
          - SQL table alias mapping - lifecycle_0_
          - alias suffix - 0_
          - suffixed key columns - {network_1_18_0_}
          - entity-element alias suffix - 1_
          - 1_entity-element suffixed key columns - id1_10_1_
          - JOIN (JoinDefinedByMetadata(elements)) : <gen:0> -> <gen:1>
             - EntityQuerySpaceImpl(uid=<gen:1>, entity=org.project.neutrino.nfvo.catalogue.mano.common.LifecycleEvent)
                - SQL table alias mapping - lifecyclee1_
                - alias suffix - 1_
                - suffixed key columns - {id1_10_1_}

13:23:07.381 [Test worker] DEBUG o.h.l.c.plan.CollectionLoader - Static select for collection org.project.neutrino.nfvo.catalogue.mano.record.NetworkServiceRecord.lifecycle_event_history: select lifecycle_0_.network_service_record_id as network_1_18_0_, lifecycle_0_.lifecycle_event_history_id as lifecycl2_21_0_, lifecyclee1_.id as id1_10_1_, lifecyclee1_.version as version2_10_1_ from network_service_record_lifecycle_event_history lifecycle_0_ inner join lifecycle_event lifecyclee1_ on lifecycle_0_.lifecycle_event_history_id=lifecyclee1_.id where lifecycle_0_.network_service_record_id=?
13:23:07.381 [Test worker] DEBUG o.h.l.p.b.i.spaces.QuerySpacesImpl - Adding QuerySpace : uid = <gen:0> -> org.hibernate.loader.plan.build.internal.spaces.CollectionQuerySpaceImpl@8436302]
13:23:07.381 [Test worker] DEBUG o.h.l.p.b.i.FetchStyleLoadPlanBuildingAssociationVisitationStrategy - Building LoadPlan...
13:23:07.381 [Test worker] DEBUG o.h.l.p.e.i.LoadQueryJoinAndFetchProcessor - processing queryspace <gen:0>
13:23:07.381 [Test worker] DEBUG o.h.l.p.b.spi.LoadPlanTreePrinter - LoadPlan(collection=org.project.neutrino.nfvo.catalogue.mano.common.NFVEntityDescriptor.monitoring_parameter)
    - Returns
       - CollectionReturnImpl(collection=org.project.neutrino.nfvo.catalogue.mano.common.NFVEntityDescriptor.monitoring_parameter, querySpaceUid=<gen:0>, path=[org.project.neutrino.nfvo.catalogue.mano.common.NFVEntityDescriptor.monitoring_parameter])
    - QuerySpaces
       - CollectionQuerySpaceImpl(uid=<gen:0>, collection=org.project.neutrino.nfvo.catalogue.mano.common.NFVEntityDescriptor.monitoring_parameter)
          - SQL table alias mapping - monitoring0_
          - alias suffix - 0_
          - suffixed key columns - {nfventit1_27_0_}

13:23:07.381 [Test worker] DEBUG o.h.l.c.plan.CollectionLoader - Static select for collection org.project.neutrino.nfvo.catalogue.mano.common.NFVEntityDescriptor.monitoring_parameter: select monitoring0_.nfventity_descriptor_Id as nfventit1_27_0_, monitoring0_.monitoring_parameter as monitori2_31_0_ from nfventity_descriptor_monitoring_parameter monitoring0_ where monitoring0_.nfventity_descriptor_Id=?
13:23:07.381 [Test worker] DEBUG o.h.l.p.b.i.spaces.QuerySpacesImpl - Adding QuerySpace : uid = <gen:0> -> org.hibernate.loader.plan.build.internal.spaces.CollectionQuerySpaceImpl@70a0e9b9]
13:23:07.382 [Test worker] DEBUG o.h.l.p.b.i.FetchStyleLoadPlanBuildingAssociationVisitationStrategy - Building LoadPlan...
13:23:07.382 [Test worker] DEBUG o.h.l.p.e.i.LoadQueryJoinAndFetchProcessor - processing queryspace <gen:0>
13:23:07.382 [Test worker] DEBUG o.h.l.p.b.spi.LoadPlanTreePrinter - LoadPlan(collection=org.project.neutrino.nfvo.catalogue.mano.descriptor.InternalVirtualLink.connection_points_references)
    - Returns
       - CollectionReturnImpl(collection=org.project.neutrino.nfvo.catalogue.mano.descriptor.InternalVirtualLink.connection_points_references, querySpaceUid=<gen:0>, path=[org.project.neutrino.nfvo.catalogue.mano.descriptor.InternalVirtualLink.connection_points_references])
    - QuerySpaces
       - CollectionQuerySpaceImpl(uid=<gen:0>, collection=org.project.neutrino.nfvo.catalogue.mano.descriptor.InternalVirtualLink.connection_points_references)
          - SQL table alias mapping - connection0_
          - alias suffix - 0_
          - suffixed key columns - {internal1_0_0_}

13:23:07.382 [Test worker] DEBUG o.h.l.c.plan.CollectionLoader - Static select for collection org.project.neutrino.nfvo.catalogue.mano.descriptor.InternalVirtualLink.connection_points_references: select connection0_.internal_virtual_link_id as internal1_0_0_, connection0_.connection_points_references as connecti2_9_0_ from internal_virtual_link_connection_points_references connection0_ where connection0_.internal_virtual_link_id=?
13:23:07.382 [Test worker] DEBUG o.h.l.p.b.i.spaces.QuerySpacesImpl - Adding QuerySpace : uid = <gen:0> -> org.hibernate.loader.plan.build.internal.spaces.CollectionQuerySpaceImpl@7be68f43]
13:23:07.382 [Test worker] DEBUG o.h.l.p.b.i.FetchStyleLoadPlanBuildingAssociationVisitationStrategy - Building LoadPlan...
13:23:07.382 [Test worker] DEBUG o.h.l.p.e.i.LoadQueryJoinAndFetchProcessor - processing queryspace <gen:0>
13:23:07.382 [Test worker] DEBUG o.h.l.p.b.spi.LoadPlanTreePrinter - LoadPlan(collection=org.project.neutrino.nfvo.catalogue.mano.record.VirtualLinkRecord.allocated_capacity)
    - Returns
       - CollectionReturnImpl(collection=org.project.neutrino.nfvo.catalogue.mano.record.VirtualLinkRecord.allocated_capacity, querySpaceUid=<gen:0>, path=[org.project.neutrino.nfvo.catalogue.mano.record.VirtualLinkRecord.allocated_capacity])
    - QuerySpaces
       - CollectionQuerySpaceImpl(uid=<gen:0>, collection=org.project.neutrino.nfvo.catalogue.mano.record.VirtualLinkRecord.allocated_capacity)
          - SQL table alias mapping - allocated_0_
          - alias suffix - 0_
          - suffixed key columns - {virtual_1_54_0_}

13:23:07.382 [Test worker] DEBUG o.h.l.c.plan.CollectionLoader - Static select for collection org.project.neutrino.nfvo.catalogue.mano.record.VirtualLinkRecord.allocated_capacity: select allocated_0_.virtual_link_record_id as virtual_1_54_0_, allocated_0_.allocated_capacity as allocate2_55_0_ from virtual_link_record_allocated_capacity allocated_0_ where allocated_0_.virtual_link_record_id=?
13:23:07.382 [Test worker] DEBUG o.h.l.p.b.i.spaces.QuerySpacesImpl - Adding QuerySpace : uid = <gen:0> -> org.hibernate.loader.plan.build.internal.spaces.CollectionQuerySpaceImpl@62d03c80]
13:23:07.383 [Test worker] DEBUG o.h.l.p.b.i.spaces.QuerySpacesImpl - Adding QuerySpace : uid = <gen:1> -> org.hibernate.loader.plan.build.internal.spaces.EntityQuerySpaceImpl@55342a2e]
13:23:07.383 [Test worker] DEBUG o.h.p.w.spi.MetamodelGraphWalker - Visiting attribute path : version
13:23:07.383 [Test worker] DEBUG o.h.l.p.b.i.FetchStyleLoadPlanBuildingAssociationVisitationStrategy - Building LoadPlan...
13:23:07.383 [Test worker] DEBUG o.h.l.p.e.i.LoadQueryJoinAndFetchProcessor - processing queryspace <gen:0>
13:23:07.383 [Test worker] DEBUG o.h.l.p.b.spi.LoadPlanTreePrinter - LoadPlan(collection=org.project.neutrino.nfvo.catalogue.mano.record.NetworkServiceRecord.auto_scale_policy)
    - Returns
       - CollectionReturnImpl(collection=org.project.neutrino.nfvo.catalogue.mano.record.NetworkServiceRecord.auto_scale_policy, querySpaceUid=<gen:0>, path=[org.project.neutrino.nfvo.catalogue.mano.record.NetworkServiceRecord.auto_scale_policy])
          - (collection element) CollectionFetchableElementEntityGraph(entity=org.project.neutrino.nfvo.catalogue.mano.common.AutoScalePolicy, querySpaceUid=<gen:1>, path=[org.project.neutrino.nfvo.catalogue.mano.record.NetworkServiceRecord.auto_scale_policy].<elements>)
    - QuerySpaces
       - CollectionQuerySpaceImpl(uid=<gen:0>, collection=org.project.neutrino.nfvo.catalogue.mano.record.NetworkServiceRecord.auto_scale_policy)
          - SQL table alias mapping - auto_scale0_
          - alias suffix - 0_
          - suffixed key columns - {network_1_18_0_}
          - entity-element alias suffix - 1_
          - 1_entity-element suffixed key columns - id1_3_1_
          - JOIN (JoinDefinedByMetadata(elements)) : <gen:0> -> <gen:1>
             - EntityQuerySpaceImpl(uid=<gen:1>, entity=org.project.neutrino.nfvo.catalogue.mano.common.AutoScalePolicy)
                - SQL table alias mapping - autoscalep1_
                - alias suffix - 1_
                - suffixed key columns - {id1_3_1_}

13:23:07.383 [Test worker] DEBUG o.h.l.c.plan.CollectionLoader - Static select for collection org.project.neutrino.nfvo.catalogue.mano.record.NetworkServiceRecord.auto_scale_policy: select auto_scale0_.network_service_record_id as network_1_18_0_, auto_scale0_.auto_scale_policy_id as auto_sca2_19_0_, autoscalep1_.id as id1_3_1_, autoscalep1_.version as version2_3_1_ from network_service_record_auto_scale_policy auto_scale0_ inner join auto_scale_policy autoscalep1_ on auto_scale0_.auto_scale_policy_id=autoscalep1_.id where auto_scale0_.network_service_record_id=?
13:23:07.383 [Test worker] DEBUG o.h.l.p.b.i.spaces.QuerySpacesImpl - Adding QuerySpace : uid = <gen:0> -> org.hibernate.loader.plan.build.internal.spaces.CollectionQuerySpaceImpl@6cd20c43]
13:23:07.383 [Test worker] DEBUG o.h.l.p.b.i.spaces.QuerySpacesImpl - Adding QuerySpace : uid = <gen:1> -> org.hibernate.loader.plan.build.internal.spaces.EntityQuerySpaceImpl@52233a85]
13:23:07.383 [Test worker] DEBUG o.h.p.w.spi.MetamodelGraphWalker - Visiting attribute path : lifecycle_events
13:23:07.383 [Test worker] DEBUG o.h.p.w.spi.MetamodelGraphWalker - Visiting attribute path : version
13:23:07.383 [Test worker] DEBUG o.h.l.p.b.i.FetchStyleLoadPlanBuildingAssociationVisitationStrategy - Building LoadPlan...
13:23:07.383 [Test worker] DEBUG o.h.l.p.e.i.LoadQueryJoinAndFetchProcessor - processing queryspace <gen:0>
13:23:07.384 [Test worker] DEBUG o.h.l.p.b.spi.LoadPlanTreePrinter - LoadPlan(collection=org.project.neutrino.nfvo.catalogue.mano.record.VirtualLinkRecord.lifecycle_event_history)
    - Returns
       - CollectionReturnImpl(collection=org.project.neutrino.nfvo.catalogue.mano.record.VirtualLinkRecord.lifecycle_event_history, querySpaceUid=<gen:0>, path=[org.project.neutrino.nfvo.catalogue.mano.record.VirtualLinkRecord.lifecycle_event_history])
          - (collection element) CollectionFetchableElementEntityGraph(entity=org.project.neutrino.nfvo.catalogue.mano.common.LifecycleEvent, querySpaceUid=<gen:1>, path=[org.project.neutrino.nfvo.catalogue.mano.record.VirtualLinkRecord.lifecycle_event_history].<elements>)
    - QuerySpaces
       - CollectionQuerySpaceImpl(uid=<gen:0>, collection=org.project.neutrino.nfvo.catalogue.mano.record.VirtualLinkRecord.lifecycle_event_history)
          - SQL table alias mapping - lifecycle_0_
          - alias suffix - 0_
          - suffixed key columns - {virtual_1_54_0_}
          - entity-element alias suffix - 1_
          - 1_entity-element suffixed key columns - id1_10_1_
          - JOIN (JoinDefinedByMetadata(elements)) : <gen:0> -> <gen:1>
             - EntityQuerySpaceImpl(uid=<gen:1>, entity=org.project.neutrino.nfvo.catalogue.mano.common.LifecycleEvent)
                - SQL table alias mapping - lifecyclee1_
                - alias suffix - 1_
                - suffixed key columns - {id1_10_1_}

13:23:07.384 [Test worker] DEBUG o.h.l.c.plan.CollectionLoader - Static select for collection org.project.neutrino.nfvo.catalogue.mano.record.VirtualLinkRecord.lifecycle_event_history: select lifecycle_0_.virtual_link_record_id as virtual_1_54_0_, lifecycle_0_.lifecycle_event_history_id as lifecycl2_58_0_, lifecyclee1_.id as id1_10_1_, lifecyclee1_.version as version2_10_1_ from virtual_link_record_lifecycle_event_history lifecycle_0_ inner join lifecycle_event lifecyclee1_ on lifecycle_0_.lifecycle_event_history_id=lifecyclee1_.id where lifecycle_0_.virtual_link_record_id=?
13:23:07.384 [Test worker] DEBUG o.h.l.p.b.i.spaces.QuerySpacesImpl - Adding QuerySpace : uid = <gen:0> -> org.hibernate.loader.plan.build.internal.spaces.CollectionQuerySpaceImpl@3e513fe9]
13:23:07.384 [Test worker] DEBUG o.h.l.p.b.i.FetchStyleLoadPlanBuildingAssociationVisitationStrategy - Building LoadPlan...
13:23:07.384 [Test worker] DEBUG o.h.l.p.e.i.LoadQueryJoinAndFetchProcessor - processing queryspace <gen:0>
13:23:07.384 [Test worker] DEBUG o.h.l.p.b.spi.LoadPlanTreePrinter - LoadPlan(collection=org.project.neutrino.nfvo.catalogue.mano.record.VirtualLinkRecord.audit_log)
    - Returns
       - CollectionReturnImpl(collection=org.project.neutrino.nfvo.catalogue.mano.record.VirtualLinkRecord.audit_log, querySpaceUid=<gen:0>, path=[org.project.neutrino.nfvo.catalogue.mano.record.VirtualLinkRecord.audit_log])
    - QuerySpaces
       - CollectionQuerySpaceImpl(uid=<gen:0>, collection=org.project.neutrino.nfvo.catalogue.mano.record.VirtualLinkRecord.audit_log)
          - SQL table alias mapping - audit_log0_
          - alias suffix - 0_
          - suffixed key columns - {virtual_1_54_0_}

13:23:07.384 [Test worker] DEBUG o.h.l.c.plan.CollectionLoader - Static select for collection org.project.neutrino.nfvo.catalogue.mano.record.VirtualLinkRecord.audit_log: select audit_log0_.virtual_link_record_id as virtual_1_54_0_, audit_log0_.audit_log as audit_lo2_56_0_ from virtual_link_record_audit_log audit_log0_ where audit_log0_.virtual_link_record_id=?
13:23:07.384 [Test worker] DEBUG o.h.l.p.b.i.spaces.QuerySpacesImpl - Adding QuerySpace : uid = <gen:0> -> org.hibernate.loader.plan.build.internal.spaces.CollectionQuerySpaceImpl@17f068df]
13:23:07.384 [Test worker] DEBUG o.h.l.p.b.i.spaces.QuerySpacesImpl - Adding QuerySpace : uid = <gen:1> -> org.hibernate.loader.plan.build.internal.spaces.EntityQuerySpaceImpl@287514c0]
13:23:07.384 [Test worker] DEBUG o.h.p.w.spi.MetamodelGraphWalker - Visiting attribute path : type
13:23:07.384 [Test worker] DEBUG o.h.p.w.spi.MetamodelGraphWalker - Visiting attribute path : version
13:23:07.384 [Test worker] DEBUG o.h.p.w.spi.MetamodelGraphWalker - Visiting attribute path : virtual_link_reference
13:23:07.384 [Test worker] DEBUG o.h.l.p.b.i.FetchStyleLoadPlanBuildingAssociationVisitationStrategy - Building LoadPlan...
13:23:07.385 [Test worker] DEBUG o.h.l.p.e.i.LoadQueryJoinAndFetchProcessor - processing queryspace <gen:0>
13:23:07.385 [Test worker] DEBUG o.h.l.p.b.spi.LoadPlanTreePrinter - LoadPlan(collection=org.project.neutrino.nfvo.catalogue.mano.record.NetworkServiceRecord.connection_point)
    - Returns
       - CollectionReturnImpl(collection=org.project.neutrino.nfvo.catalogue.mano.record.NetworkServiceRecord.connection_point, querySpaceUid=<gen:0>, path=[org.project.neutrino.nfvo.catalogue.mano.record.NetworkServiceRecord.connection_point])
          - (collection element) CollectionFetchableElementEntityGraph(entity=org.project.neutrino.nfvo.catalogue.mano.common.ConnectionPoint, querySpaceUid=<gen:1>, path=[org.project.neutrino.nfvo.catalogue.mano.record.NetworkServiceRecord.connection_point].<elements>)
    - QuerySpaces
       - CollectionQuerySpaceImpl(uid=<gen:0>, collection=org.project.neutrino.nfvo.catalogue.mano.record.NetworkServiceRecord.connection_point)
          - SQL table alias mapping - connection0_
          - alias suffix - 0_
          - suffixed key columns - {network_1_18_0_}
          - entity-element alias suffix - 1_
          - 1_entity-element suffixed key columns - id1_4_1_
          - JOIN (JoinDefinedByMetadata(elements)) : <gen:0> -> <gen:1>
             - EntityQuerySpaceImpl(uid=<gen:1>, entity=org.project.neutrino.nfvo.catalogue.mano.common.ConnectionPoint)
                - SQL table alias mapping - connection1_
                - alias suffix - 1_
                - suffixed key columns - {id1_4_1_}

13:23:07.385 [Test worker] DEBUG o.h.l.c.plan.CollectionLoader - Static select for collection org.project.neutrino.nfvo.catalogue.mano.record.NetworkServiceRecord.connection_point: select connection0_.network_service_record_id as network_1_18_0_, connection0_.connection_point_id as connecti2_20_0_, connection1_.id as id1_4_1_, connection1_.type as type2_4_1_, connection1_.version as version3_4_1_, connection1_.virtual_link_reference as virtual_1_82_1_, connection1_.clazz_ as clazz_1_ from network_service_record_connection_point connection0_ inner join ( select id, type, version, null as virtual_link_reference, 0 as clazz_ from connection_point union select id, type, version, virtual_link_reference, 1 as clazz_ from vnfdconnection_point ) connection1_ on connection0_.connection_point_id=connection1_.id where connection0_.network_service_record_id=?
13:23:07.385 [Test worker] DEBUG o.h.l.p.b.i.spaces.QuerySpacesImpl - Adding QuerySpace : uid = <gen:0> -> org.hibernate.loader.plan.build.internal.spaces.CollectionQuerySpaceImpl@69017455]
13:23:07.385 [Test worker] DEBUG o.h.l.p.b.i.spaces.QuerySpacesImpl - Adding QuerySpace : uid = <gen:1> -> org.hibernate.loader.plan.build.internal.spaces.EntityQuerySpaceImpl@5e7cae4e]
13:23:07.385 [Test worker] DEBUG o.h.p.w.spi.MetamodelGraphWalker - Visiting attribute path : lifecycle_events
13:23:07.385 [Test worker] DEBUG o.h.p.w.spi.MetamodelGraphWalker - Visiting attribute path : version
13:23:07.385 [Test worker] DEBUG o.h.l.p.b.i.FetchStyleLoadPlanBuildingAssociationVisitationStrategy - Building LoadPlan...
13:23:07.386 [Test worker] DEBUG o.h.l.p.e.i.LoadQueryJoinAndFetchProcessor - processing queryspace <gen:0>
13:23:07.386 [Test worker] DEBUG o.h.l.p.b.spi.LoadPlanTreePrinter - LoadPlan(collection=org.project.neutrino.nfvo.catalogue.mano.record.VirtualNetworkFunctionRecord.lifecycle_event_history)
    - Returns
       - CollectionReturnImpl(collection=org.project.neutrino.nfvo.catalogue.mano.record.VirtualNetworkFunctionRecord.lifecycle_event_history, querySpaceUid=<gen:0>, path=[org.project.neutrino.nfvo.catalogue.mano.record.VirtualNetworkFunctionRecord.lifecycle_event_history])
          - (collection element) CollectionFetchableElementEntityGraph(entity=org.project.neutrino.nfvo.catalogue.mano.common.LifecycleEvent, querySpaceUid=<gen:1>, path=[org.project.neutrino.nfvo.catalogue.mano.record.VirtualNetworkFunctionRecord.lifecycle_event_history].<elements>)
    - QuerySpaces
       - CollectionQuerySpaceImpl(uid=<gen:0>, collection=org.project.neutrino.nfvo.catalogue.mano.record.VirtualNetworkFunctionRecord.lifecycle_event_history)
          - SQL table alias mapping - lifecycle_0_
          - alias suffix - 0_
          - suffixed key columns - {virtual_1_68_0_}
          - entity-element alias suffix - 1_
          - 1_entity-element suffixed key columns - id1_10_1_
          - JOIN (JoinDefinedByMetadata(elements)) : <gen:0> -> <gen:1>
             - EntityQuerySpaceImpl(uid=<gen:1>, entity=org.project.neutrino.nfvo.catalogue.mano.common.LifecycleEvent)
                - SQL table alias mapping - lifecyclee1_
                - alias suffix - 1_
                - suffixed key columns - {id1_10_1_}

13:23:07.386 [Test worker] DEBUG o.h.l.c.plan.CollectionLoader - Static select for collection org.project.neutrino.nfvo.catalogue.mano.record.VirtualNetworkFunctionRecord.lifecycle_event_history: select lifecycle_0_.virtual_network_function_record_id as virtual_1_68_0_, lifecycle_0_.lifecycle_event_history_id as lifecycl2_73_0_, lifecyclee1_.id as id1_10_1_, lifecyclee1_.version as version2_10_1_ from virtual_network_function_record_lifecycle_event_history lifecycle_0_ inner join lifecycle_event lifecyclee1_ on lifecycle_0_.lifecycle_event_history_id=lifecyclee1_.id where lifecycle_0_.virtual_network_function_record_id=?
13:23:07.386 [Test worker] DEBUG o.h.l.p.b.i.spaces.QuerySpacesImpl - Adding QuerySpace : uid = <gen:0> -> org.hibernate.loader.plan.build.internal.spaces.CollectionQuerySpaceImpl@7df340b1]
13:23:07.386 [Test worker] DEBUG o.h.l.p.b.i.FetchStyleLoadPlanBuildingAssociationVisitationStrategy - Building LoadPlan...
13:23:07.386 [Test worker] DEBUG o.h.l.p.e.i.LoadQueryJoinAndFetchProcessor - processing queryspace <gen:0>
13:23:07.386 [Test worker] DEBUG o.h.l.p.b.spi.LoadPlanTreePrinter - LoadPlan(collection=org.project.neutrino.nfvo.catalogue.mano.common.AbstractVirtualLink.test_access)
    - Returns
       - CollectionReturnImpl(collection=org.project.neutrino.nfvo.catalogue.mano.common.AbstractVirtualLink.test_access, querySpaceUid=<gen:0>, path=[org.project.neutrino.nfvo.catalogue.mano.common.AbstractVirtualLink.test_access])
    - QuerySpaces
       - CollectionQuerySpaceImpl(uid=<gen:0>, collection=org.project.neutrino.nfvo.catalogue.mano.common.AbstractVirtualLink.test_access)
          - SQL table alias mapping - test_acces0_
          - alias suffix - 0_
          - suffixed key columns - {abstract1_0_0_}

13:23:07.386 [Test worker] DEBUG o.h.l.c.plan.CollectionLoader - Static select for collection org.project.neutrino.nfvo.catalogue.mano.common.AbstractVirtualLink.test_access: select test_acces0_.abstract_virtual_link_id as abstract1_0_0_, test_acces0_.test_access as test_acc2_2_0_ from abstract_virtual_link_test_access test_acces0_ where test_acces0_.abstract_virtual_link_id=?
13:23:07.387 [Test worker] DEBUG o.h.l.p.b.i.spaces.QuerySpacesImpl - Adding QuerySpace : uid = <gen:0> -> org.hibernate.loader.plan.build.internal.spaces.CollectionQuerySpaceImpl@632f3566]
13:23:07.387 [Test worker] DEBUG o.h.l.p.b.i.spaces.QuerySpacesImpl - Adding QuerySpace : uid = <gen:1> -> org.hibernate.loader.plan.build.internal.spaces.EntityQuerySpaceImpl@305aee69]
13:23:07.387 [Test worker] DEBUG o.h.p.w.spi.MetamodelGraphWalker - Visiting attribute path : audit_log
13:23:07.387 [Test worker] DEBUG o.h.p.w.spi.MetamodelGraphWalker - Visiting attribute path : auto_scale_policy
13:23:07.387 [Test worker] DEBUG o.h.l.p.b.i.spaces.QuerySpacesImpl - Adding QuerySpace : uid = <gen:2> -> org.hibernate.loader.plan.build.internal.spaces.CollectionQuerySpaceImpl@6db391d]
13:23:07.387 [Test worker] DEBUG o.h.l.p.b.i.spaces.QuerySpacesImpl - Adding QuerySpace : uid = <gen:3> -> org.hibernate.loader.plan.build.internal.spaces.EntityQuerySpaceImpl@2282a26f]
13:23:07.387 [Test worker] DEBUG o.h.p.w.spi.MetamodelGraphWalker - Visiting attribute path : connected_external_virtual_link
13:23:07.387 [Test worker] DEBUG o.h.l.p.b.i.spaces.QuerySpacesImpl - Adding QuerySpace : uid = <gen:4> -> org.hibernate.loader.plan.build.internal.spaces.CollectionQuerySpaceImpl@2e76371c]
13:23:07.387 [Test worker] DEBUG o.h.l.p.b.i.spaces.QuerySpacesImpl - Adding QuerySpace : uid = <gen:5> -> org.hibernate.loader.plan.build.internal.spaces.EntityQuerySpaceImpl@531c2718]
13:23:07.387 [Test worker] DEBUG o.h.p.w.spi.MetamodelGraphWalker - Visiting attribute path : connection_point
13:23:07.387 [Test worker] DEBUG o.h.l.p.b.i.spaces.QuerySpacesImpl - Adding QuerySpace : uid = <gen:6> -> org.hibernate.loader.plan.build.internal.spaces.CollectionQuerySpaceImpl@5d4ac348]
13:23:07.387 [Test worker] DEBUG o.h.l.p.b.i.spaces.QuerySpacesImpl - Adding QuerySpace : uid = <gen:7> -> org.hibernate.loader.plan.build.internal.spaces.EntityQuerySpaceImpl@575adbd1]
13:23:07.387 [Test worker] DEBUG o.h.p.w.spi.MetamodelGraphWalker - Visiting attribute path : dependency
13:23:07.387 [Test worker] DEBUG o.h.l.p.b.i.spaces.QuerySpacesImpl - Adding QuerySpace : uid = <gen:8> -> org.hibernate.loader.plan.build.internal.spaces.CollectionQuerySpaceImpl@e15a325]
13:23:07.387 [Test worker] DEBUG o.h.l.p.b.i.spaces.QuerySpacesImpl - Adding QuerySpace : uid = <gen:9> -> org.hibernate.loader.plan.build.internal.spaces.EntityQuerySpaceImpl@2e89d95c]
13:23:07.387 [Test worker] DEBUG o.h.p.w.spi.MetamodelGraphWalker - Visiting attribute path : deployment_flavour
13:23:07.387 [Test worker] DEBUG o.h.l.p.b.i.spaces.QuerySpacesImpl - Adding QuerySpace : uid = <gen:10> -> org.hibernate.loader.plan.build.internal.spaces.EntityQuerySpaceImpl@5c1d3ee2]
13:23:07.387 [Test worker] DEBUG o.h.p.w.spi.MetamodelGraphWalker - Visiting attribute path : deployment_flavour.flavour_key
13:23:07.387 [Test worker] DEBUG o.h.p.w.spi.MetamodelGraphWalker - Visiting attribute path : deployment_flavour.version
13:23:07.387 [Test worker] DEBUG o.h.p.w.spi.MetamodelGraphWalker - Visiting attribute path : deployment_flavour.costituent_vdu
13:23:07.387 [Test worker] DEBUG o.h.p.w.spi.MetamodelGraphWalker - Visiting attribute path : deployment_flavour.df_constraint
13:23:07.387 [Test worker] DEBUG o.h.l.p.b.i.spaces.QuerySpacesImpl - Adding QuerySpace : uid = <gen:11> -> org.hibernate.loader.plan.build.internal.spaces.CollectionQuerySpaceImpl@14d139ee]
13:23:07.388 [Test worker] DEBUG o.h.p.w.spi.MetamodelGraphWalker - Visiting attribute path : descriptor_reference
13:23:07.388 [Test worker] DEBUG o.h.p.w.spi.MetamodelGraphWalker - Visiting attribute path : lifecycle_event
13:23:07.388 [Test worker] DEBUG o.h.l.p.b.i.spaces.QuerySpacesImpl - Adding QuerySpace : uid = <gen:12> -> org.hibernate.loader.plan.build.internal.spaces.EntityQuerySpaceImpl@343242ef]
13:23:07.388 [Test worker] DEBUG o.h.p.w.spi.MetamodelGraphWalker - Visiting attribute path : lifecycle_event.lifecycle_events
13:23:07.388 [Test worker] DEBUG o.h.p.w.spi.MetamodelGraphWalker - Visiting attribute path : lifecycle_event.version
13:23:07.388 [Test worker] DEBUG o.h.p.w.spi.MetamodelGraphWalker - Visiting attribute path : lifecycle_event_history
13:23:07.388 [Test worker] DEBUG o.h.l.p.b.i.spaces.QuerySpacesImpl - Adding QuerySpace : uid = <gen:13> -> org.hibernate.loader.plan.build.internal.spaces.CollectionQuerySpaceImpl@7122cd6d]
13:23:07.388 [Test worker] DEBUG o.h.l.p.b.i.spaces.QuerySpacesImpl - Adding QuerySpace : uid = <gen:14> -> org.hibernate.loader.plan.build.internal.spaces.EntityQuerySpaceImpl@23dce922]
13:23:07.388 [Test worker] DEBUG o.h.p.w.spi.MetamodelGraphWalker - Visiting attribute path : localization
13:23:07.388 [Test worker] DEBUG o.h.p.w.spi.MetamodelGraphWalker - Visiting attribute path : monitoring_parameter
13:23:07.388 [Test worker] DEBUG o.h.p.w.spi.MetamodelGraphWalker - Visiting attribute path : notification
13:23:07.388 [Test worker] DEBUG o.h.p.w.spi.MetamodelGraphWalker - Visiting attribute path : parent_ns
13:23:07.388 [Test worker] DEBUG o.h.l.p.b.i.spaces.QuerySpacesImpl - Adding QuerySpace : uid = <gen:15> -> org.hibernate.loader.plan.build.internal.spaces.EntityQuerySpaceImpl@7c4dc992]
13:23:07.388 [Test worker] DEBUG o.h.p.w.spi.MetamodelGraphWalker - Visiting attribute path : parent_ns.audit_log
13:23:07.388 [Test worker] DEBUG o.h.p.w.spi.MetamodelGraphWalker - Visiting attribute path : parent_ns.auto_scale_policy
13:23:07.388 [Test worker] DEBUG o.h.l.p.b.i.spaces.QuerySpacesImpl - Adding QuerySpace : uid = <gen:16> -> org.hibernate.loader.plan.build.internal.spaces.CollectionQuerySpaceImpl@554b9aee]
13:23:07.388 [Test worker] DEBUG o.h.l.p.b.i.spaces.QuerySpacesImpl - Adding QuerySpace : uid = <gen:17> -> org.hibernate.loader.plan.build.internal.spaces.EntityQuerySpaceImpl@56a8ab01]
13:23:07.388 [Test worker] DEBUG o.h.p.w.spi.MetamodelGraphWalker - Visiting attribute path : parent_ns.connection_point
13:23:07.388 [Test worker] DEBUG o.h.l.p.b.i.spaces.QuerySpacesImpl - Adding QuerySpace : uid = <gen:18> -> org.hibernate.loader.plan.build.internal.spaces.CollectionQuerySpaceImpl@5b72fb19]
13:23:07.388 [Test worker] DEBUG o.h.l.p.b.i.spaces.QuerySpacesImpl - Adding QuerySpace : uid = <gen:19> -> org.hibernate.loader.plan.build.internal.spaces.EntityQuerySpaceImpl@59c35536]
13:23:07.388 [Test worker] DEBUG o.h.p.w.spi.MetamodelGraphWalker - Visiting attribute path : parent_ns.descriptor_reference
13:23:07.388 [Test worker] DEBUG o.h.l.p.b.i.spaces.QuerySpacesImpl - Adding QuerySpace : uid = <gen:20> -> org.hibernate.loader.plan.build.internal.spaces.EntityQuerySpaceImpl@270f7a44]
13:23:07.388 [Test worker] DEBUG o.h.p.w.spi.MetamodelGraphWalker - Visiting attribute path : parent_ns.descriptor_reference.auto_scale_policy
13:23:07.388 [Test worker] DEBUG o.h.p.w.spi.MetamodelGraphWalker - Visiting attribute path : parent_ns.descriptor_reference.connection_point
13:23:07.388 [Test worker] DEBUG o.h.p.w.spi.MetamodelGraphWalker - Visiting attribute path : parent_ns.descriptor_reference.hb_version
13:23:07.388 [Test worker] DEBUG o.h.p.w.spi.MetamodelGraphWalker - Visiting attribute path : parent_ns.descriptor_reference.lifecycle_event
13:23:07.388 [Test worker] DEBUG o.h.p.w.spi.MetamodelGraphWalker - Visiting attribute path : parent_ns.descriptor_reference.monitoring_parameter
13:23:07.388 [Test worker] DEBUG o.h.l.p.b.i.spaces.QuerySpacesImpl - Adding QuerySpace : uid = <gen:21> -> org.hibernate.loader.plan.build.internal.spaces.CollectionQuerySpaceImpl@4140d129]
13:23:07.388 [Test worker] DEBUG o.h.p.w.spi.MetamodelGraphWalker - Visiting attribute path : parent_ns.descriptor_reference.service_deployment_flavour
13:23:07.388 [Test worker] DEBUG o.h.p.w.spi.MetamodelGraphWalker - Visiting attribute path : parent_ns.descriptor_reference.vendor
13:23:07.388 [Test worker] DEBUG o.h.p.w.spi.MetamodelGraphWalker - Visiting attribute path : parent_ns.descriptor_reference.version
13:23:07.388 [Test worker] DEBUG o.h.p.w.spi.MetamodelGraphWalker - Visiting attribute path : parent_ns.descriptor_reference.vld
13:23:07.388 [Test worker] DEBUG o.h.p.w.spi.MetamodelGraphWalker - Visiting attribute path : parent_ns.descriptor_reference.vnffgd
13:23:07.388 [Test worker] DEBUG o.h.p.w.spi.MetamodelGraphWalker - Visiting attribute path : parent_ns.descriptor_reference.deployment_flavour
13:23:07.389 [Test worker] DEBUG o.h.l.p.b.i.spaces.QuerySpacesImpl - Adding QuerySpace : uid = <gen:22> -> org.hibernate.loader.plan.build.internal.spaces.CollectionQuerySpaceImpl@663fc37]
13:23:07.389 [Test worker] DEBUG o.h.l.p.b.i.spaces.QuerySpacesImpl - Adding QuerySpace : uid = <gen:23> -> org.hibernate.loader.plan.build.internal.spaces.EntityQuerySpaceImpl@e438228]
13:23:07.389 [Test worker] DEBUG o.h.p.w.spi.MetamodelGraphWalker - Visiting attribute path : parent_ns.descriptor_reference.descriptor_version
13:23:07.389 [Test worker] DEBUG o.h.p.w.spi.MetamodelGraphWalker - Visiting attribute path : parent_ns.descriptor_reference.manifest_file
13:23:07.389 [Test worker] DEBUG o.h.p.w.spi.MetamodelGraphWalker - Visiting attribute path : parent_ns.descriptor_reference.manifest_file_security
13:23:07.389 [Test worker] DEBUG o.h.p.w.spi.MetamodelGraphWalker - Visiting attribute path : parent_ns.descriptor_reference.vdu
13:23:07.389 [Test worker] DEBUG o.h.p.w.spi.MetamodelGraphWalker - Visiting attribute path : parent_ns.descriptor_reference.vdu_dependency
13:23:07.389 [Test worker] DEBUG o.h.p.w.spi.MetamodelGraphWalker - Visiting attribute path : parent_ns.descriptor_reference.virtual_link
13:23:07.389 [Test worker] DEBUG o.h.p.w.spi.MetamodelGraphWalker - Visiting attribute path : parent_ns.descriptor_reference.nsd_security
13:23:07.389 [Test worker] DEBUG o.h.l.p.b.i.spaces.QuerySpacesImpl - Adding QuerySpace : uid = <gen:24> -> org.hibernate.loader.plan.build.internal.spaces.EntityQuerySpaceImpl@72161768]
13:23:07.389 [Test worker] DEBUG o.h.p.w.spi.MetamodelGraphWalker - Visiting attribute path : parent_ns.descriptor_reference.pnfd
13:23:07.389 [Test worker] DEBUG o.h.p.w.spi.MetamodelGraphWalker - Visiting attribute path : parent_ns.descriptor_reference.vnf_dependency
13:23:07.389 [Test worker] DEBUG o.h.l.p.b.i.spaces.QuerySpacesImpl - Adding QuerySpace : uid = <gen:25> -> org.hibernate.loader.plan.build.internal.spaces.CollectionQuerySpaceImpl@85ae75c]
13:23:07.389 [Test worker] DEBUG o.h.l.p.b.i.spaces.QuerySpacesImpl - Adding QuerySpace : uid = <gen:26> -> org.hibernate.loader.plan.build.internal.spaces.EntityQuerySpaceImpl@80b4d4d]
13:23:07.389 [Test worker] DEBUG o.h.p.w.spi.MetamodelGraphWalker - Visiting attribute path : parent_ns.descriptor_reference.vnfd
13:23:07.389 [Test worker] DEBUG o.h.l.p.b.i.spaces.QuerySpacesImpl - Adding QuerySpace : uid = <gen:27> -> org.hibernate.loader.plan.build.internal.spaces.CollectionQuerySpaceImpl@1dfffe5b]
13:23:07.389 [Test worker] DEBUG o.h.l.p.b.i.spaces.QuerySpacesImpl - Adding QuerySpace : uid = <gen:28> -> org.hibernate.loader.plan.build.internal.spaces.EntityQuerySpaceImpl@119417c0]
13:23:07.389 [Test worker] DEBUG o.h.p.w.spi.MetamodelGraphWalker - Visiting attribute path : parent_ns.lifecycle_event
13:23:07.389 [Test worker] DEBUG o.h.l.p.b.i.spaces.QuerySpacesImpl - Adding QuerySpace : uid = <gen:29> -> org.hibernate.loader.plan.build.internal.spaces.EntityQuerySpaceImpl@11a34744]
13:23:07.389 [Test worker] DEBUG o.h.p.w.spi.MetamodelGraphWalker - Visiting attribute path : parent_ns.lifecycle_event.lifecycle_events
13:23:07.389 [Test worker] DEBUG o.h.p.w.spi.MetamodelGraphWalker - Visiting attribute path : parent_ns.lifecycle_event.version
13:23:07.389 [Test worker] DEBUG o.h.p.w.spi.MetamodelGraphWalker - Visiting attribute path : parent_ns.lifecycle_event_history
13:23:07.389 [Test worker] DEBUG o.h.l.p.b.i.spaces.QuerySpacesImpl - Adding QuerySpace : uid = <gen:30> -> org.hibernate.loader.plan.build.internal.spaces.CollectionQuerySpaceImpl@6e056d06]
13:23:07.389 [Test worker] DEBUG o.h.l.p.b.i.spaces.QuerySpacesImpl - Adding QuerySpace : uid = <gen:31> -> org.hibernate.loader.plan.build.internal.spaces.EntityQuerySpaceImpl@2638dd58]
13:23:07.389 [Test worker] DEBUG o.h.p.w.spi.MetamodelGraphWalker - Visiting attribute path : parent_ns.monitoring_parameter
13:23:07.389 [Test worker] DEBUG o.h.p.w.spi.MetamodelGraphWalker - Visiting attribute path : parent_ns.notification
13:23:07.389 [Test worker] DEBUG o.h.p.w.spi.MetamodelGraphWalker - Visiting attribute path : parent_ns.pnfr
13:23:07.389 [Test worker] DEBUG o.h.l.p.b.i.spaces.QuerySpacesImpl - Adding QuerySpace : uid = <gen:32> -> org.hibernate.loader.plan.build.internal.spaces.CollectionQuerySpaceImpl@5f4bd002]
13:23:07.389 [Test worker] DEBUG o.h.l.p.b.i.spaces.QuerySpacesImpl - Adding QuerySpace : uid = <gen:33> -> org.hibernate.loader.plan.build.internal.spaces.EntityQuerySpaceImpl@6a45642e]
13:23:07.389 [Test worker] DEBUG o.h.p.w.spi.MetamodelGraphWalker - Visiting attribute path : parent_ns.resource_reservation
13:23:07.389 [Test worker] DEBUG o.h.p.w.spi.MetamodelGraphWalker - Visiting attribute path : parent_ns.runtime_policy_info
13:23:07.389 [Test worker] DEBUG o.h.p.w.spi.MetamodelGraphWalker - Visiting attribute path : parent_ns.service_deployment_flavour
13:23:07.389 [Test worker] DEBUG o.h.l.p.b.i.spaces.QuerySpacesImpl - Adding QuerySpace : uid = <gen:34> -> org.hibernate.loader.plan.build.internal.spaces.EntityQuerySpaceImpl@71b43e83]
13:23:07.389 [Test worker] DEBUG o.h.p.w.spi.MetamodelGraphWalker - Visiting attribute path : parent_ns.service_deployment_flavour.flavour_key
13:23:07.389 [Test worker] DEBUG o.h.p.w.spi.MetamodelGraphWalker - Visiting attribute path : parent_ns.service_deployment_flavour.version
13:23:07.389 [Test worker] DEBUG o.h.p.w.spi.MetamodelGraphWalker - Visiting attribute path : parent_ns.service_deployment_flavour.constituent_vnf
13:23:07.390 [Test worker] DEBUG o.h.p.w.spi.MetamodelGraphWalker - Visiting attribute path : parent_ns.status
13:23:07.390 [Test worker] DEBUG o.h.p.w.spi.MetamodelGraphWalker - Visiting attribute path : parent_ns.vendor
13:23:07.390 [Test worker] DEBUG o.h.p.w.spi.MetamodelGraphWalker - Visiting attribute path : parent_ns.version
13:23:07.390 [Test worker] DEBUG o.h.p.w.spi.MetamodelGraphWalker - Visiting attribute path : parent_ns.vlr
13:23:07.390 [Test worker] DEBUG o.h.l.p.b.i.spaces.QuerySpacesImpl - Adding QuerySpace : uid = <gen:35> -> org.hibernate.loader.plan.build.internal.spaces.CollectionQuerySpaceImpl@614f5cd7]
13:23:07.390 [Test worker] DEBUG o.h.l.p.b.i.spaces.QuerySpacesImpl - Adding QuerySpace : uid = <gen:36> -> org.hibernate.loader.plan.build.internal.spaces.EntityQuerySpaceImpl@2158592a]
13:23:07.390 [Test worker] DEBUG o.h.p.w.spi.MetamodelGraphWalker - Visiting attribute path : parent_ns.vnf_dependency
13:23:07.390 [Test worker] DEBUG o.h.l.p.b.i.spaces.QuerySpacesImpl - Adding QuerySpace : uid = <gen:37> -> org.hibernate.loader.plan.build.internal.spaces.CollectionQuerySpaceImpl@2f45e580]
13:23:07.390 [Test worker] DEBUG o.h.l.p.b.i.spaces.QuerySpacesImpl - Adding QuerySpace : uid = <gen:38> -> org.hibernate.loader.plan.build.internal.spaces.EntityQuerySpaceImpl@15de4ebf]
13:23:07.390 [Test worker] DEBUG o.h.p.w.spi.MetamodelGraphWalker - Visiting attribute path : parent_ns.vnffgr
13:23:07.390 [Test worker] DEBUG o.h.l.p.b.i.spaces.QuerySpacesImpl - Adding QuerySpace : uid = <gen:39> -> org.hibernate.loader.plan.build.internal.spaces.CollectionQuerySpaceImpl@3603e8d0]
13:23:07.390 [Test worker] DEBUG o.h.l.p.b.i.spaces.QuerySpacesImpl - Adding QuerySpace : uid = <gen:40> -> org.hibernate.loader.plan.build.internal.spaces.EntityQuerySpaceImpl@3aa9cb64]
13:23:07.390 [Test worker] DEBUG o.h.p.w.spi.MetamodelGraphWalker - Visiting attribute path : parent_ns.vnfr
13:23:07.390 [Test worker] DEBUG o.h.l.p.b.i.spaces.QuerySpacesImpl - Adding QuerySpace : uid = <gen:41> -> org.hibernate.loader.plan.build.internal.spaces.EntityQuerySpaceImpl@61683052]
13:23:07.390 [Test worker] DEBUG o.h.p.w.spi.MetamodelGraphWalker - Visiting attribute path : parent_ns.vnfr.audit_log
13:23:07.390 [Test worker] DEBUG o.h.p.w.spi.MetamodelGraphWalker - Visiting attribute path : parent_ns.vnfr.auto_scale_policy
13:23:07.390 [Test worker] DEBUG o.h.l.p.b.i.spaces.QuerySpacesImpl - Adding QuerySpace : uid = <gen:42> -> org.hibernate.loader.plan.build.internal.spaces.CollectionQuerySpaceImpl@5f641e47]
13:23:07.390 [Test worker] DEBUG o.h.l.p.b.i.spaces.QuerySpacesImpl - Adding QuerySpace : uid = <gen:43> -> org.hibernate.loader.plan.build.internal.spaces.EntityQuerySpaceImpl@25fff83e]
13:23:07.390 [Test worker] DEBUG o.h.p.w.spi.MetamodelGraphWalker - Visiting attribute path : parent_ns.vnfr.connected_external_virtual_link
13:23:07.390 [Test worker] DEBUG o.h.l.p.b.i.spaces.QuerySpacesImpl - Adding QuerySpace : uid = <gen:44> -> org.hibernate.loader.plan.build.internal.spaces.CollectionQuerySpaceImpl@4802c1ef]
13:23:07.391 [Test worker] DEBUG o.h.l.p.b.i.spaces.QuerySpacesImpl - Adding QuerySpace : uid = <gen:45> -> org.hibernate.loader.plan.build.internal.spaces.EntityQuerySpaceImpl@2d0a56d8]
13:23:07.391 [Test worker] DEBUG o.h.p.w.spi.MetamodelGraphWalker - Visiting attribute path : parent_ns.vnfr.connection_point
13:23:07.391 [Test worker] DEBUG o.h.l.p.b.i.spaces.QuerySpacesImpl - Adding QuerySpace : uid = <gen:46> -> org.hibernate.loader.plan.build.internal.spaces.CollectionQuerySpaceImpl@1cb9602]
13:23:07.391 [Test worker] DEBUG o.h.l.p.b.i.spaces.QuerySpacesImpl - Adding QuerySpace : uid = <gen:47> -> org.hibernate.loader.plan.build.internal.spaces.EntityQuerySpaceImpl@5ce55e39]
13:23:07.391 [Test worker] DEBUG o.h.p.w.spi.MetamodelGraphWalker - Visiting attribute path : parent_ns.vnfr.dependency
13:23:07.391 [Test worker] DEBUG o.h.l.p.b.i.spaces.QuerySpacesImpl - Adding QuerySpace : uid = <gen:48> -> org.hibernate.loader.plan.build.internal.spaces.CollectionQuerySpaceImpl@568d1fd4]
13:23:07.391 [Test worker] DEBUG o.h.l.p.b.i.spaces.QuerySpacesImpl - Adding QuerySpace : uid = <gen:49> -> org.hibernate.loader.plan.build.internal.spaces.EntityQuerySpaceImpl@4b24c3b0]
13:23:07.391 [Test worker] DEBUG o.h.p.w.spi.MetamodelGraphWalker - Visiting attribute path : parent_ns.vnfr.deployment_flavour
13:23:07.391 [Test worker] DEBUG o.h.p.w.spi.MetamodelGraphWalker - Property path deemed to be circular : parent_ns.vnfr.deployment_flavour
13:23:07.391 [Test worker] DEBUG o.h.p.w.spi.MetamodelGraphWalker - Visiting attribute path : parent_ns.vnfr.descriptor_reference
13:23:07.391 [Test worker] DEBUG o.h.p.w.spi.MetamodelGraphWalker - Visiting attribute path : parent_ns.vnfr.lifecycle_event
13:23:07.391 [Test worker] DEBUG o.h.p.w.spi.MetamodelGraphWalker - Property path deemed to be circular : parent_ns.vnfr.lifecycle_event
13:23:07.391 [Test worker] DEBUG o.h.p.w.spi.MetamodelGraphWalker - Visiting attribute path : parent_ns.vnfr.lifecycle_event_history
13:23:07.391 [Test worker] DEBUG o.h.l.p.b.i.spaces.QuerySpacesImpl - Adding QuerySpace : uid = <gen:50> -> org.hibernate.loader.plan.build.internal.spaces.CollectionQuerySpaceImpl@5aab7e5a]
13:23:07.391 [Test worker] DEBUG o.h.l.p.b.i.spaces.QuerySpacesImpl - Adding QuerySpace : uid = <gen:51> -> org.hibernate.loader.plan.build.internal.spaces.EntityQuerySpaceImpl@30f47537]
13:23:07.391 [Test worker] DEBUG o.h.p.w.spi.MetamodelGraphWalker - Visiting attribute path : parent_ns.vnfr.localization
13:23:07.391 [Test worker] DEBUG o.h.p.w.spi.MetamodelGraphWalker - Visiting attribute path : parent_ns.vnfr.monitoring_parameter
13:23:07.391 [Test worker] DEBUG o.h.p.w.spi.MetamodelGraphWalker - Visiting attribute path : parent_ns.vnfr.notification
13:23:07.391 [Test worker] DEBUG o.h.p.w.spi.MetamodelGraphWalker - Visiting attribute path : parent_ns.vnfr.parent_ns
13:23:07.391 [Test worker] DEBUG o.h.p.w.spi.MetamodelGraphWalker - Property path deemed to be circular : parent_ns.vnfr.parent_ns
13:23:07.392 [Test worker] DEBUG o.h.p.w.spi.MetamodelGraphWalker - Visiting attribute path : parent_ns.vnfr.runtime_policy_info
13:23:07.392 [Test worker] DEBUG o.h.p.w.spi.MetamodelGraphWalker - Visiting attribute path : parent_ns.vnfr.status
13:23:07.392 [Test worker] DEBUG o.h.p.w.spi.MetamodelGraphWalker - Visiting attribute path : parent_ns.vnfr.vdu
13:23:07.392 [Test worker] DEBUG o.h.l.p.b.i.spaces.QuerySpacesImpl - Adding QuerySpace : uid = <gen:52> -> org.hibernate.loader.plan.build.internal.spaces.CollectionQuerySpaceImpl@13b86fd]
13:23:07.392 [Test worker] DEBUG o.h.l.p.b.i.spaces.QuerySpacesImpl - Adding QuerySpace : uid = <gen:53> -> org.hibernate.loader.plan.build.internal.spaces.EntityQuerySpaceImpl@6b1b4cac]
13:23:07.392 [Test worker] DEBUG o.h.p.w.spi.MetamodelGraphWalker - Visiting attribute path : parent_ns.vnfr.vendor
13:23:07.392 [Test worker] DEBUG o.h.p.w.spi.MetamodelGraphWalker - Visiting attribute path : parent_ns.vnfr.version
13:23:07.392 [Test worker] DEBUG o.h.p.w.spi.MetamodelGraphWalker - Visiting attribute path : parent_ns.vnfr.virtual_link
13:23:07.392 [Test worker] DEBUG o.h.l.p.b.i.spaces.QuerySpacesImpl - Adding QuerySpace : uid = <gen:54> -> org.hibernate.loader.plan.build.internal.spaces.CollectionQuerySpaceImpl@4d46e723]
13:23:07.392 [Test worker] DEBUG o.h.l.p.b.i.spaces.QuerySpacesImpl - Adding QuerySpace : uid = <gen:55> -> org.hibernate.loader.plan.build.internal.spaces.EntityQuerySpaceImpl@69f0d277]
13:23:07.392 [Test worker] DEBUG o.h.p.w.spi.MetamodelGraphWalker - Visiting attribute path : parent_ns.vnfr.vnf_address
13:23:07.392 [Test worker] DEBUG o.h.p.w.spi.MetamodelGraphWalker - Visiting attribute path : parent_ns.vnfr.vnfm_id
13:23:07.392 [Test worker] DEBUG o.h.p.w.spi.MetamodelGraphWalker - Visiting attribute path : runtime_policy_info
13:23:07.392 [Test worker] DEBUG o.h.p.w.spi.MetamodelGraphWalker - Visiting attribute path : status
13:23:07.392 [Test worker] DEBUG o.h.p.w.spi.MetamodelGraphWalker - Visiting attribute path : vdu
13:23:07.392 [Test worker] DEBUG o.h.l.p.b.i.spaces.QuerySpacesImpl - Adding QuerySpace : uid = <gen:56> -> org.hibernate.loader.plan.build.internal.spaces.CollectionQuerySpaceImpl@4189b8f7]
13:23:07.392 [Test worker] DEBUG o.h.l.p.b.i.spaces.QuerySpacesImpl - Adding QuerySpace : uid = <gen:57> -> org.hibernate.loader.plan.build.internal.spaces.EntityQuerySpaceImpl@38ce81be]
13:23:07.392 [Test worker] DEBUG o.h.p.w.spi.MetamodelGraphWalker - Visiting attribute path : vendor
13:23:07.392 [Test worker] DEBUG o.h.p.w.spi.MetamodelGraphWalker - Visiting attribute path : version
13:23:07.392 [Test worker] DEBUG o.h.p.w.spi.MetamodelGraphWalker - Visiting attribute path : virtual_link
13:23:07.393 [Test worker] DEBUG o.h.l.p.b.i.spaces.QuerySpacesImpl - Adding QuerySpace : uid = <gen:58> -> org.hibernate.loader.plan.build.internal.spaces.CollectionQuerySpaceImpl@7da7fe14]
13:23:07.393 [Test worker] DEBUG o.h.l.p.b.i.spaces.QuerySpacesImpl - Adding QuerySpace : uid = <gen:59> -> org.hibernate.loader.plan.build.internal.spaces.EntityQuerySpaceImpl@201a137f]
13:23:07.393 [Test worker] DEBUG o.h.p.w.spi.MetamodelGraphWalker - Visiting attribute path : vnf_address
13:23:07.393 [Test worker] DEBUG o.h.p.w.spi.MetamodelGraphWalker - Visiting attribute path : vnfm_id
13:23:07.393 [Test worker] DEBUG o.h.l.p.b.i.FetchStyleLoadPlanBuildingAssociationVisitationStrategy - Building LoadPlan...
13:23:07.393 [Test worker] DEBUG o.h.l.p.e.i.LoadQueryJoinAndFetchProcessor - processing queryspace <gen:0>
13:23:07.395 [Test worker] DEBUG o.h.l.p.b.spi.LoadPlanTreePrinter - LoadPlan(collection=org.project.neutrino.nfvo.catalogue.mano.record.VNFForwardingGraphRecord.member_vnfs)
    - Returns
       - CollectionReturnImpl(collection=org.project.neutrino.nfvo.catalogue.mano.record.VNFForwardingGraphRecord.member_vnfs, querySpaceUid=<gen:0>, path=[org.project.neutrino.nfvo.catalogue.mano.record.VNFForwardingGraphRecord.member_vnfs])
          - (collection element) CollectionFetchableElementEntityGraph(entity=org.project.neutrino.nfvo.catalogue.mano.record.VirtualNetworkFunctionRecord, querySpaceUid=<gen:1>, path=[org.project.neutrino.nfvo.catalogue.mano.record.VNFForwardingGraphRecord.member_vnfs].<elements>)
             - CollectionAttributeFetchImpl(collection=org.project.neutrino.nfvo.catalogue.mano.record.VirtualNetworkFunctionRecord.auto_scale_policy, querySpaceUid=<gen:2>, path=[org.project.neutrino.nfvo.catalogue.mano.record.VNFForwardingGraphRecord.member_vnfs].<elements>.auto_scale_policy)
                - (collection element) CollectionFetchableElementEntityGraph(entity=org.project.neutrino.nfvo.catalogue.mano.common.AutoScalePolicy, querySpaceUid=<gen:3>, path=[org.project.neutrino.nfvo.catalogue.mano.record.VNFForwardingGraphRecord.member_vnfs].<elements>.auto_scale_policy.<elements>)
             - CollectionAttributeFetchImpl(collection=org.project.neutrino.nfvo.catalogue.mano.record.VirtualNetworkFunctionRecord.connected_external_virtual_link, querySpaceUid=<gen:4>, path=[org.project.neutrino.nfvo.catalogue.mano.record.VNFForwardingGraphRecord.member_vnfs].<elements>.connected_external_virtual_link)
                - (collection element) CollectionFetchableElementEntityGraph(entity=org.project.neutrino.nfvo.catalogue.mano.record.VirtualLinkRecord, querySpaceUid=<gen:5>, path=[org.project.neutrino.nfvo.catalogue.mano.record.VNFForwardingGraphRecord.member_vnfs].<elements>.connected_external_virtual_link.<elements>)
             - CollectionAttributeFetchImpl(collection=org.project.neutrino.nfvo.catalogue.mano.record.VirtualNetworkFunctionRecord.connection_point, querySpaceUid=<gen:6>, path=[org.project.neutrino.nfvo.catalogue.mano.record.VNFForwardingGraphRecord.member_vnfs].<elements>.connection_point)
                - (collection element) CollectionFetchableElementEntityGraph(entity=org.project.neutrino.nfvo.catalogue.mano.common.ConnectionPoint, querySpaceUid=<gen:7>, path=[org.project.neutrino.nfvo.catalogue.mano.record.VNFForwardingGraphRecord.member_vnfs].<elements>.connection_point.<elements>)
             - CollectionAttributeFetchImpl(collection=org.project.neutrino.nfvo.catalogue.mano.record.VirtualNetworkFunctionRecord.dependency, querySpaceUid=<gen:8>, path=[org.project.neutrino.nfvo.catalogue.mano.record.VNFForwardingGraphRecord.member_vnfs].<elements>.dependency)
                - (collection element) CollectionFetchableElementEntityGraph(entity=org.project.neutrino.nfvo.catalogue.mano.common.VNFDependency, querySpaceUid=<gen:9>, path=[org.project.neutrino.nfvo.catalogue.mano.record.VNFForwardingGraphRecord.member_vnfs].<elements>.dependency.<elements>)
             - EntityAttributeFetchImpl(entity=org.project.neutrino.nfvo.catalogue.mano.descriptor.VNFDDeploymentFlavour, querySpaceUid=<gen:10>, path=[org.project.neutrino.nfvo.catalogue.mano.record.VNFForwardingGraphRecord.member_vnfs].<elements>.deployment_flavour)
                - CollectionAttributeFetchImpl(collection=org.project.neutrino.nfvo.catalogue.mano.descriptor.VNFDDeploymentFlavour.df_constraint, querySpaceUid=<gen:11>, path=[org.project.neutrino.nfvo.catalogue.mano.record.VNFForwardingGraphRecord.member_vnfs].<elements>.deployment_flavour.df_constraint)
             - EntityAttributeFetchImpl(entity=org.project.neutrino.nfvo.catalogue.mano.common.LifecycleEvent, querySpaceUid=<gen:12>, path=[org.project.neutrino.nfvo.catalogue.mano.record.VNFForwardingGraphRecord.member_vnfs].<elements>.lifecycle_event)
             - CollectionAttributeFetchImpl(collection=org.project.neutrino.nfvo.catalogue.mano.record.VirtualNetworkFunctionRecord.lifecycle_event_history, querySpaceUid=<gen:13>, path=[org.project.neutrino.nfvo.catalogue.mano.record.VNFForwardingGraphRecord.member_vnfs].<elements>.lifecycle_event_history)
                - (collection element) CollectionFetchableElementEntityGraph(entity=org.project.neutrino.nfvo.catalogue.mano.common.LifecycleEvent, querySpaceUid=<gen:14>, path=[org.project.neutrino.nfvo.catalogue.mano.record.VNFForwardingGraphRecord.member_vnfs].<elements>.lifecycle_event_history.<elements>)
             - EntityAttributeFetchImpl(entity=org.project.neutrino.nfvo.catalogue.mano.record.NetworkServiceRecord, querySpaceUid=<gen:15>, path=[org.project.neutrino.nfvo.catalogue.mano.record.VNFForwardingGraphRecord.member_vnfs].<elements>.parent_ns)
                - CollectionAttributeFetchImpl(collection=org.project.neutrino.nfvo.catalogue.mano.record.NetworkServiceRecord.auto_scale_policy, querySpaceUid=<gen:16>, path=[org.project.neutrino.nfvo.catalogue.mano.record.VNFForwardingGraphRecord.member_vnfs].<elements>.parent_ns.auto_scale_policy)
                   - (collection element) CollectionFetchableElementEntityGraph(entity=org.project.neutrino.nfvo.catalogue.mano.common.AutoScalePolicy, querySpaceUid=<gen:17>, path=[org.project.neutrino.nfvo.catalogue.mano.record.VNFForwardingGraphRecord.member_vnfs].<elements>.parent_ns.auto_scale_policy.<elements>)
                - CollectionAttributeFetchImpl(collection=org.project.neutrino.nfvo.catalogue.mano.record.NetworkServiceRecord.connection_point, querySpaceUid=<gen:18>, path=[org.project.neutrino.nfvo.catalogue.mano.record.VNFForwardingGraphRecord.member_vnfs].<elements>.parent_ns.connection_point)
                   - (collection element) CollectionFetchableElementEntityGraph(entity=org.project.neutrino.nfvo.catalogue.mano.common.ConnectionPoint, querySpaceUid=<gen:19>, path=[org.project.neutrino.nfvo.catalogue.mano.record.VNFForwardingGraphRecord.member_vnfs].<elements>.parent_ns.connection_point.<elements>)
                - EntityAttributeFetchImpl(entity=org.project.neutrino.nfvo.catalogue.mano.common.NFVEntityDescriptor, querySpaceUid=<gen:20>, path=[org.project.neutrino.nfvo.catalogue.mano.record.VNFForwardingGraphRecord.member_vnfs].<elements>.parent_ns.descriptor_reference)
                   - CollectionAttributeFetchImpl(collection=org.project.neutrino.nfvo.catalogue.mano.common.NFVEntityDescriptor.monitoring_parameter, querySpaceUid=<gen:21>, path=[org.project.neutrino.nfvo.catalogue.mano.record.VNFForwardingGraphRecord.member_vnfs].<elements>.parent_ns.descriptor_reference.monitoring_parameter)
                   - CollectionAttributeFetchImpl(collection=org.project.neutrino.nfvo.catalogue.mano.descriptor.VirtualNetworkFunctionDescriptor.deployment_flavour, querySpaceUid=<gen:22>, path=[org.project.neutrino.nfvo.catalogue.mano.record.VNFForwardingGraphRecord.member_vnfs].<elements>.parent_ns.descriptor_reference.deployment_flavour)
                      - (collection element) CollectionFetchableElementEntityGraph(entity=org.project.neutrino.nfvo.catalogue.mano.descriptor.VNFDDeploymentFlavour, querySpaceUid=<gen:23>, path=[org.project.neutrino.nfvo.catalogue.mano.record.VNFForwardingGraphRecord.member_vnfs].<elements>.parent_ns.descriptor_reference.deployment_flavour.<elements>)
                   - EntityAttributeFetchImpl(entity=org.project.neutrino.nfvo.catalogue.mano.common.Security, querySpaceUid=<gen:24>, path=[org.project.neutrino.nfvo.catalogue.mano.record.VNFForwardingGraphRecord.member_vnfs].<elements>.parent_ns.descriptor_reference.nsd_security)
                   - CollectionAttributeFetchImpl(collection=org.project.neutrino.nfvo.catalogue.mano.descriptor.NetworkServiceDescriptor.vnf_dependency, querySpaceUid=<gen:25>, path=[org.project.neutrino.nfvo.catalogue.mano.record.VNFForwardingGraphRecord.member_vnfs].<elements>.parent_ns.descriptor_reference.vnf_dependency)
                      - (collection element) CollectionFetchableElementEntityGraph(entity=org.project.neutrino.nfvo.catalogue.mano.common.VNFDependency, querySpaceUid=<gen:26>, path=[org.project.neutrino.nfvo.catalogue.mano.record.VNFForwardingGraphRecord.member_vnfs].<elements>.parent_ns.descriptor_reference.vnf_dependency.<elements>)
                   - CollectionAttributeFetchImpl(collection=org.project.neutrino.nfvo.catalogue.mano.descriptor.NetworkServiceDescriptor.vnfd, querySpaceUid=<gen:27>, path=[org.project.neutrino.nfvo.catalogue.mano.record.VNFForwardingGraphRecord.member_vnfs].<elements>.parent_ns.descriptor_reference.vnfd)
                      - (collection element) CollectionFetchableElementEntityGraph(entity=org.project.neutrino.nfvo.catalogue.mano.descriptor.VirtualNetworkFunctionDescriptor, querySpaceUid=<gen:28>, path=[org.project.neutrino.nfvo.catalogue.mano.record.VNFForwardingGraphRecord.member_vnfs].<elements>.parent_ns.descriptor_reference.vnfd.<elements>)
                - EntityAttributeFetchImpl(entity=org.project.neutrino.nfvo.catalogue.mano.common.LifecycleEvent, querySpaceUid=<gen:29>, path=[org.project.neutrino.nfvo.catalogue.mano.record.VNFForwardingGraphRecord.member_vnfs].<elements>.parent_ns.lifecycle_event)
                - CollectionAttributeFetchImpl(collection=org.project.neutrino.nfvo.catalogue.mano.record.NetworkServiceRecord.lifecycle_event_history, querySpaceUid=<gen:30>, path=[org.project.neutrino.nfvo.catalogue.mano.record.VNFForwardingGraphRecord.member_vnfs].<elements>.parent_ns.lifecycle_event_history)
                   - (collection element) CollectionFetchableElementEntityGraph(entity=org.project.neutrino.nfvo.catalogue.mano.common.LifecycleEvent, querySpaceUid=<gen:31>, path=[org.project.neutrino.nfvo.catalogue.mano.record.VNFForwardingGraphRecord.member_vnfs].<elements>.parent_ns.lifecycle_event_history.<elements>)
                - CollectionAttributeFetchImpl(collection=org.project.neutrino.nfvo.catalogue.mano.record.NetworkServiceRecord.pnfr, querySpaceUid=<gen:32>, path=[org.project.neutrino.nfvo.catalogue.mano.record.VNFForwardingGraphRecord.member_vnfs].<elements>.parent_ns.pnfr)
                   - (collection element) CollectionFetchableElementEntityGraph(entity=org.project.neutrino.nfvo.catalogue.mano.record.PhysicalNetworkFunctionRecord, querySpaceUid=<gen:33>, path=[org.project.neutrino.nfvo.catalogue.mano.record.VNFForwardingGraphRecord.member_vnfs].<elements>.parent_ns.pnfr.<elements>)
                - EntityAttributeFetchImpl(entity=org.project.neutrino.nfvo.catalogue.mano.common.ServiceDeploymentFlavour, querySpaceUid=<gen:34>, path=[org.project.neutrino.nfvo.catalogue.mano.record.VNFForwardingGraphRecord.member_vnfs].<elements>.parent_ns.service_deployment_flavour)
                - CollectionAttributeFetchImpl(collection=org.project.neutrino.nfvo.catalogue.mano.record.NetworkServiceRecord.vlr, querySpaceUid=<gen:35>, path=[org.project.neutrino.nfvo.catalogue.mano.record.VNFForwardingGraphRecord.member_vnfs].<elements>.parent_ns.vlr)
                   - (collection element) CollectionFetchableElementEntityGraph(entity=org.project.neutrino.nfvo.catalogue.mano.record.VirtualLinkRecord, querySpaceUid=<gen:36>, path=[org.project.neutrino.nfvo.catalogue.mano.record.VNFForwardingGraphRecord.member_vnfs].<elements>.parent_ns.vlr.<elements>)
                - CollectionAttributeFetchImpl(collection=org.project.neutrino.nfvo.catalogue.mano.record.NetworkServiceRecord.vnf_dependency, querySpaceUid=<gen:37>, path=[org.project.neutrino.nfvo.catalogue.mano.record.VNFForwardingGraphRecord.member_vnfs].<elements>.parent_ns.vnf_dependency)
                   - (collection element) CollectionFetchableElementEntityGraph(entity=org.project.neutrino.nfvo.catalogue.mano.common.VNFDependency, querySpaceUid=<gen:38>, path=[org.project.neutrino.nfvo.catalogue.mano.record.VNFForwardingGraphRecord.member_vnfs].<elements>.parent_ns.vnf_dependency.<elements>)
                - CollectionAttributeFetchImpl(collection=org.project.neutrino.nfvo.catalogue.mano.record.NetworkServiceRecord.vnffgr, querySpaceUid=<gen:39>, path=[org.project.neutrino.nfvo.catalogue.mano.record.VNFForwardingGraphRecord.member_vnfs].<elements>.parent_ns.vnffgr)
                   - (collection element) CollectionFetchableElementEntityGraph(entity=org.project.neutrino.nfvo.catalogue.mano.descriptor.VNFForwardingGraph, querySpaceUid=<gen:40>, path=[org.project.neutrino.nfvo.catalogue.mano.record.VNFForwardingGraphRecord.member_vnfs].<elements>.parent_ns.vnffgr.<elements>)
                - EntityAttributeFetchImpl(entity=org.project.neutrino.nfvo.catalogue.mano.record.VirtualNetworkFunctionRecord, querySpaceUid=<gen:41>, path=[org.project.neutrino.nfvo.catalogue.mano.record.VNFForwardingGraphRecord.member_vnfs].<elements>.parent_ns.vnfr)
                   - CollectionAttributeFetchImpl(collection=org.project.neutrino.nfvo.catalogue.mano.record.VirtualNetworkFunctionRecord.auto_scale_policy, querySpaceUid=<gen:42>, path=[org.project.neutrino.nfvo.catalogue.mano.record.VNFForwardingGraphRecord.member_vnfs].<elements>.parent_ns.vnfr.auto_scale_policy)
                      - (collection element) CollectionFetchableElementEntityGraph(entity=org.project.neutrino.nfvo.catalogue.mano.common.AutoScalePolicy, querySpaceUid=<gen:43>, path=[org.project.neutrino.nfvo.catalogue.mano.record.VNFForwardingGraphRecord.member_vnfs].<elements>.parent_ns.vnfr.auto_scale_policy.<elements>)
                   - CollectionAttributeFetchImpl(collection=org.project.neutrino.nfvo.catalogue.mano.record.VirtualNetworkFunctionRecord.connected_external_virtual_link, querySpaceUid=<gen:44>, path=[org.project.neutrino.nfvo.catalogue.mano.record.VNFForwardingGraphRecord.member_vnfs].<elements>.parent_ns.vnfr.connected_external_virtual_link)
                      - (collection element) CollectionFetchableElementEntityGraph(entity=org.project.neutrino.nfvo.catalogue.mano.record.VirtualLinkRecord, querySpaceUid=<gen:45>, path=[org.project.neutrino.nfvo.catalogue.mano.record.VNFForwardingGraphRecord.member_vnfs].<elements>.parent_ns.vnfr.connected_external_virtual_link.<elements>)
                   - CollectionAttributeFetchImpl(collection=org.project.neutrino.nfvo.catalogue.mano.record.VirtualNetworkFunctionRecord.connection_point, querySpaceUid=<gen:46>, path=[org.project.neutrino.nfvo.catalogue.mano.record.VNFForwardingGraphRecord.member_vnfs].<elements>.parent_ns.vnfr.connection_point)
                      - (collection element) CollectionFetchableElementEntityGraph(entity=org.project.neutrino.nfvo.catalogue.mano.common.ConnectionPoint, querySpaceUid=<gen:47>, path=[org.project.neutrino.nfvo.catalogue.mano.record.VNFForwardingGraphRecord.member_vnfs].<elements>.parent_ns.vnfr.connection_point.<elements>)
                   - CollectionAttributeFetchImpl(collection=org.project.neutrino.nfvo.catalogue.mano.record.VirtualNetworkFunctionRecord.dependency, querySpaceUid=<gen:48>, path=[org.project.neutrino.nfvo.catalogue.mano.record.VNFForwardingGraphRecord.member_vnfs].<elements>.parent_ns.vnfr.dependency)
                      - (collection element) CollectionFetchableElementEntityGraph(entity=org.project.neutrino.nfvo.catalogue.mano.common.VNFDependency, querySpaceUid=<gen:49>, path=[org.project.neutrino.nfvo.catalogue.mano.record.VNFForwardingGraphRecord.member_vnfs].<elements>.parent_ns.vnfr.dependency.<elements>)
                   - CollectionAttributeFetchImpl(collection=org.project.neutrino.nfvo.catalogue.mano.record.VirtualNetworkFunctionRecord.lifecycle_event_history, querySpaceUid=<gen:50>, path=[org.project.neutrino.nfvo.catalogue.mano.record.VNFForwardingGraphRecord.member_vnfs].<elements>.parent_ns.vnfr.lifecycle_event_history)
                      - (collection element) CollectionFetchableElementEntityGraph(entity=org.project.neutrino.nfvo.catalogue.mano.common.LifecycleEvent, querySpaceUid=<gen:51>, path=[org.project.neutrino.nfvo.catalogue.mano.record.VNFForwardingGraphRecord.member_vnfs].<elements>.parent_ns.vnfr.lifecycle_event_history.<elements>)
                   - CollectionAttributeFetchImpl(collection=org.project.neutrino.nfvo.catalogue.mano.record.VirtualNetworkFunctionRecord.vdu, querySpaceUid=<gen:52>, path=[org.project.neutrino.nfvo.catalogue.mano.record.VNFForwardingGraphRecord.member_vnfs].<elements>.parent_ns.vnfr.vdu)
                      - (collection element) CollectionFetchableElementEntityGraph(entity=org.project.neutrino.nfvo.catalogue.mano.descriptor.VirtualDeploymentUnit, querySpaceUid=<gen:53>, path=[org.project.neutrino.nfvo.catalogue.mano.record.VNFForwardingGraphRecord.member_vnfs].<elements>.parent_ns.vnfr.vdu.<elements>)
                   - CollectionAttributeFetchImpl(collection=org.project.neutrino.nfvo.catalogue.mano.record.VirtualNetworkFunctionRecord.virtual_link, querySpaceUid=<gen:54>, path=[org.project.neutrino.nfvo.catalogue.mano.record.VNFForwardingGraphRecord.member_vnfs].<elements>.parent_ns.vnfr.virtual_link)
                      - (collection element) CollectionFetchableElementEntityGraph(entity=org.project.neutrino.nfvo.catalogue.mano.descriptor.InternalVirtualLink, querySpaceUid=<gen:55>, path=[org.project.neutrino.nfvo.catalogue.mano.record.VNFForwardingGraphRecord.member_vnfs].<elements>.parent_ns.vnfr.virtual_link.<elements>)
             - CollectionAttributeFetchImpl(collection=org.project.neutrino.nfvo.catalogue.mano.record.VirtualNetworkFunctionRecord.vdu, querySpaceUid=<gen:56>, path=[org.project.neutrino.nfvo.catalogue.mano.record.VNFForwardingGraphRecord.member_vnfs].<elements>.vdu)
                - (collection element) CollectionFetchableElementEntityGraph(entity=org.project.neutrino.nfvo.catalogue.mano.descriptor.VirtualDeploymentUnit, querySpaceUid=<gen:57>, path=[org.project.neutrino.nfvo.catalogue.mano.record.VNFForwardingGraphRecord.member_vnfs].<elements>.vdu.<elements>)
             - CollectionAttributeFetchImpl(collection=org.project.neutrino.nfvo.catalogue.mano.record.VirtualNetworkFunctionRecord.virtual_link, querySpaceUid=<gen:58>, path=[org.project.neutrino.nfvo.catalogue.mano.record.VNFForwardingGraphRecord.member_vnfs].<elements>.virtual_link)
                - (collection element) CollectionFetchableElementEntityGraph(entity=org.project.neutrino.nfvo.catalogue.mano.descriptor.InternalVirtualLink, querySpaceUid=<gen:59>, path=[org.project.neutrino.nfvo.catalogue.mano.record.VNFForwardingGraphRecord.member_vnfs].<elements>.virtual_link.<elements>)
    - QuerySpaces
       - CollectionQuerySpaceImpl(uid=<gen:0>, collection=org.project.neutrino.nfvo.catalogue.mano.record.VNFForwardingGraphRecord.member_vnfs)
          - SQL table alias mapping - member_vnf0_
          - alias suffix - 0_
          - suffixed key columns - {vnfforwa1_92_0_}
          - entity-element alias suffix - 1_
          - 1_entity-element suffixed key columns - id1_68_1_
          - JOIN (JoinDefinedByMetadata(elements)) : <gen:0> -> <gen:1>
             - EntityQuerySpaceImpl(uid=<gen:1>, entity=org.project.neutrino.nfvo.catalogue.mano.record.VirtualNetworkFunctionRecord)
                - SQL table alias mapping - virtualnet1_
                - alias suffix - 1_
                - suffixed key columns - {id1_68_1_}
                - JOIN (JoinDefinedByMetadata(deployment_flavour)) : <gen:1> -> <gen:10>
                   - EntityQuerySpaceImpl(uid=<gen:10>, entity=org.project.neutrino.nfvo.catalogue.mano.descriptor.VNFDDeploymentFlavour)
                      - SQL table alias mapping - vnfddeploy2_
                      - alias suffix - 2_
                      - suffixed key columns - {id1_7_2_}
                - JOIN (JoinDefinedByMetadata(lifecycle_event)) : <gen:1> -> <gen:12>
                   - EntityQuerySpaceImpl(uid=<gen:12>, entity=org.project.neutrino.nfvo.catalogue.mano.common.LifecycleEvent)
                      - SQL table alias mapping - lifecyclee3_
                      - alias suffix - 3_
                      - suffixed key columns - {id1_10_3_}
                - JOIN (JoinDefinedByMetadata(parent_ns)) : <gen:1> -> <gen:15>
                   - EntityQuerySpaceImpl(uid=<gen:15>, entity=org.project.neutrino.nfvo.catalogue.mano.record.NetworkServiceRecord)
                      - SQL table alias mapping - networkser4_
                      - alias suffix - 4_
                      - suffixed key columns - {id1_18_4_}
                      - JOIN (JoinDefinedByMetadata(descriptor_reference)) : <gen:15> -> <gen:20>
                         - EntityQuerySpaceImpl(uid=<gen:20>, entity=org.project.neutrino.nfvo.catalogue.mano.common.NFVEntityDescriptor)
                            - SQL table alias mapping - nfventityd5_
                            - alias suffix - 5_
                            - suffixed key columns - {id1_27_5_}
                      - JOIN (JoinDefinedByMetadata(lifecycle_event)) : <gen:15> -> <gen:29>
                         - EntityQuerySpaceImpl(uid=<gen:29>, entity=org.project.neutrino.nfvo.catalogue.mano.common.LifecycleEvent)
                            - SQL table alias mapping - lifecyclee6_
                            - alias suffix - 6_
                            - suffixed key columns - {id1_10_6_}
                      - JOIN (JoinDefinedByMetadata(service_deployment_flavour)) : <gen:15> -> <gen:34>
                         - EntityQuerySpaceImpl(uid=<gen:34>, entity=org.project.neutrino.nfvo.catalogue.mano.common.ServiceDeploymentFlavour)
                            - SQL table alias mapping - servicedep7_
                            - alias suffix - 7_
                            - suffixed key columns - {id1_7_7_}
                      - JOIN (JoinDefinedByMetadata(vnfr)) : <gen:15> -> <gen:41>
                         - EntityQuerySpaceImpl(uid=<gen:41>, entity=org.project.neutrino.nfvo.catalogue.mano.record.VirtualNetworkFunctionRecord)
                            - SQL table alias mapping - virtualnet8_
                            - alias suffix - 8_
                            - suffixed key columns - {id1_68_8_}

13:23:07.396 [Test worker] DEBUG o.h.l.c.plan.CollectionLoader - Static select for collection org.project.neutrino.nfvo.catalogue.mano.record.VNFForwardingGraphRecord.member_vnfs: select member_vnf0_.vnfforwarding_graph_record_id as vnfforwa1_92_0_, member_vnf0_.member_vnfs_id as member_v2_96_0_, virtualnet1_.id as id1_68_1_, virtualnet1_.audit_log as audit_lo2_68_1_, virtualnet1_.deployment_flavour_id as deployme9_68_1_, virtualnet1_.descriptor_reference as descript3_68_1_, virtualnet1_.lifecycle_event_id as lifecyc10_68_1_, virtualnet1_.localization as localiza4_68_1_, virtualnet1_.parent_ns_id as parent_11_68_1_, virtualnet1_.status as status5_68_1_, virtualnet1_.vendor as vendor6_68_1_, virtualnet1_.version as version7_68_1_, virtualnet1_.vnfm_id as vnfm_id8_68_1_, vnfddeploy2_.id as id1_7_2_, vnfddeploy2_.flavour_key as flavour_2_7_2_, vnfddeploy2_.version as version3_7_2_, lifecyclee3_.id as id1_10_3_, lifecyclee3_.version as version2_10_3_, networkser4_.id as id1_18_4_, networkser4_.audit_log as audit_lo2_18_4_, networkser4_.descriptor_reference_Id as descript9_18_4_, networkser4_.lifecycle_event_id as lifecyc10_18_4_, networkser4_.notification as notifica3_18_4_, networkser4_.resource_reservation as resource4_18_4_, networkser4_.runtime_policy_info as runtime_5_18_4_, networkser4_.service_deployment_flavour_id as service11_18_4_, networkser4_.status as status6_18_4_, networkser4_.vendor as vendor7_18_4_, networkser4_.version as version8_18_4_, networkser4_.vnfr_id as vnfr_id12_18_4_, nfventityd5_.id as id1_27_5_, nfventityd5_.hb_version as hb_versi2_27_5_, nfventityd5_.vendor as vendor3_27_5_, nfventityd5_.version as version4_27_5_, nfventityd5_.descriptor_version as descript1_62_5_, nfventityd5_.manifest_file as manifest2_62_5_, nfventityd5_.nsd_security_id as nsd_secu1_14_5_, nfventityd5_.clazz_ as clazz_5_, lifecyclee6_.id as id1_10_6_, lifecyclee6_.version as version2_10_6_, servicedep7_.id as id1_7_7_, servicedep7_.flavour_key as flavour_2_7_7_, servicedep7_.version as version3_7_7_, virtualnet8_.id as id1_68_8_, virtualnet8_.audit_log as audit_lo2_68_8_, virtualnet8_.deployment_flavour_id as deployme9_68_8_, virtualnet8_.descriptor_reference as descript3_68_8_, virtualnet8_.lifecycle_event_id as lifecyc10_68_8_, virtualnet8_.localization as localiza4_68_8_, virtualnet8_.parent_ns_id as parent_11_68_8_, virtualnet8_.status as status5_68_8_, virtualnet8_.vendor as vendor6_68_8_, virtualnet8_.version as version7_68_8_, virtualnet8_.vnfm_id as vnfm_id8_68_8_ from vnfforwarding_graph_record_member_vnfs member_vnf0_ inner join virtual_network_function_record virtualnet1_ on member_vnf0_.member_vnfs_id=virtualnet1_.id left outer join vnfddeployment_flavour vnfddeploy2_ on virtualnet1_.deployment_flavour_id=vnfddeploy2_.id left outer join lifecycle_event lifecyclee3_ on virtualnet1_.lifecycle_event_id=lifecyclee3_.id left outer join network_service_record networkser4_ on virtualnet1_.parent_ns_id=networkser4_.id left outer join ( select id, hb_version, vendor, version, descriptor_version, manifest_file, null as nsd_security_id, 1 as clazz_ from virtual_network_function_descriptor union select id, hb_version, vendor, version, null as descriptor_version, null as manifest_file, nsd_security_id, 2 as clazz_ from network_service_descriptor ) nfventityd5_ on networkser4_.descriptor_reference_Id=nfventityd5_.id left outer join lifecycle_event lifecyclee6_ on networkser4_.lifecycle_event_id=lifecyclee6_.id left outer join service_deployment_flavour servicedep7_ on networkser4_.service_deployment_flavour_id=servicedep7_.id left outer join virtual_network_function_record virtualnet8_ on networkser4_.vnfr_id=virtualnet8_.id where member_vnf0_.vnfforwarding_graph_record_id=?
13:23:07.396 [Test worker] DEBUG o.h.l.p.b.i.spaces.QuerySpacesImpl - Adding QuerySpace : uid = <gen:0> -> org.hibernate.loader.plan.build.internal.spaces.CollectionQuerySpaceImpl@ff60750]
13:23:07.396 [Test worker] DEBUG o.h.l.p.b.i.spaces.QuerySpacesImpl - Adding QuerySpace : uid = <gen:1> -> org.hibernate.loader.plan.build.internal.spaces.EntityQuerySpaceImpl@615a1d5f]
13:23:07.396 [Test worker] DEBUG o.h.p.w.spi.MetamodelGraphWalker - Visiting attribute path : computation_requirement
13:23:07.396 [Test worker] DEBUG o.h.p.w.spi.MetamodelGraphWalker - Visiting attribute path : high_availability
13:23:07.396 [Test worker] DEBUG o.h.p.w.spi.MetamodelGraphWalker - Visiting attribute path : lifecycle_event
13:23:07.396 [Test worker] DEBUG o.h.p.w.spi.MetamodelGraphWalker - Visiting attribute path : monitoring_parameter
13:23:07.396 [Test worker] DEBUG o.h.l.p.b.i.spaces.QuerySpacesImpl - Adding QuerySpace : uid = <gen:2> -> org.hibernate.loader.plan.build.internal.spaces.CollectionQuerySpaceImpl@799701da]
13:23:07.396 [Test worker] DEBUG o.h.p.w.spi.MetamodelGraphWalker - Visiting attribute path : scale_in_out
13:23:07.396 [Test worker] DEBUG o.h.p.w.spi.MetamodelGraphWalker - Visiting attribute path : vdu_constraint
13:23:07.396 [Test worker] DEBUG o.h.p.w.spi.MetamodelGraphWalker - Visiting attribute path : version
13:23:07.396 [Test worker] DEBUG o.h.p.w.spi.MetamodelGraphWalker - Visiting attribute path : virtual_memory_resource_element
13:23:07.396 [Test worker] DEBUG o.h.p.w.spi.MetamodelGraphWalker - Visiting attribute path : virtual_network_bandwidth_resource
13:23:07.396 [Test worker] DEBUG o.h.p.w.spi.MetamodelGraphWalker - Visiting attribute path : vm_image
13:23:07.397 [Test worker] DEBUG o.h.l.p.b.i.spaces.QuerySpacesImpl - Adding QuerySpace : uid = <gen:3> -> org.hibernate.loader.plan.build.internal.spaces.CollectionQuerySpaceImpl@28facd93]
13:23:07.397 [Test worker] DEBUG o.h.p.w.spi.MetamodelGraphWalker - Visiting attribute path : vnfc
13:23:07.397 [Test worker] DEBUG o.h.l.p.b.i.FetchStyleLoadPlanBuildingAssociationVisitationStrategy - Building LoadPlan...
13:23:07.397 [Test worker] DEBUG o.h.l.p.e.i.LoadQueryJoinAndFetchProcessor - processing queryspace <gen:0>
13:23:07.397 [Test worker] DEBUG o.h.l.p.b.spi.LoadPlanTreePrinter - LoadPlan(collection=org.project.neutrino.nfvo.catalogue.mano.record.VirtualNetworkFunctionRecord.vdu)
    - Returns
       - CollectionReturnImpl(collection=org.project.neutrino.nfvo.catalogue.mano.record.VirtualNetworkFunctionRecord.vdu, querySpaceUid=<gen:0>, path=[org.project.neutrino.nfvo.catalogue.mano.record.VirtualNetworkFunctionRecord.vdu])
          - (collection element) CollectionFetchableElementEntityGraph(entity=org.project.neutrino.nfvo.catalogue.mano.descriptor.VirtualDeploymentUnit, querySpaceUid=<gen:1>, path=[org.project.neutrino.nfvo.catalogue.mano.record.VirtualNetworkFunctionRecord.vdu].<elements>)
             - CollectionAttributeFetchImpl(collection=org.project.neutrino.nfvo.catalogue.mano.descriptor.VirtualDeploymentUnit.monitoring_parameter, querySpaceUid=<gen:2>, path=[org.project.neutrino.nfvo.catalogue.mano.record.VirtualNetworkFunctionRecord.vdu].<elements>.monitoring_parameter)
             - CollectionAttributeFetchImpl(collection=org.project.neutrino.nfvo.catalogue.mano.descriptor.VirtualDeploymentUnit.vm_image, querySpaceUid=<gen:3>, path=[org.project.neutrino.nfvo.catalogue.mano.record.VirtualNetworkFunctionRecord.vdu].<elements>.vm_image)
    - QuerySpaces
       - CollectionQuerySpaceImpl(uid=<gen:0>, collection=org.project.neutrino.nfvo.catalogue.mano.record.VirtualNetworkFunctionRecord.vdu)
          - SQL table alias mapping - vdu0_
          - alias suffix - 0_
          - suffixed key columns - {virtual_1_68_0_}
          - entity-element alias suffix - 1_
          - 1_entity-element suffixed key columns - id1_47_1_
          - JOIN (JoinDefinedByMetadata(elements)) : <gen:0> -> <gen:1>
             - EntityQuerySpaceImpl(uid=<gen:1>, entity=org.project.neutrino.nfvo.catalogue.mano.descriptor.VirtualDeploymentUnit)
                - SQL table alias mapping - virtualdep1_
                - alias suffix - 1_
                - suffixed key columns - {id1_47_1_}

13:23:07.397 [Test worker] DEBUG o.h.l.c.plan.CollectionLoader - Static select for collection org.project.neutrino.nfvo.catalogue.mano.record.VirtualNetworkFunctionRecord.vdu: select vdu0_.virtual_network_function_record_id as virtual_1_68_0_, vdu0_.vdu_id as vdu_id2_77_0_, virtualdep1_.id as id1_47_1_, virtualdep1_.computation_requirement as computat2_47_1_, virtualdep1_.high_availability as high_ava3_47_1_, virtualdep1_.scale_in_out as scale_in4_47_1_, virtualdep1_.vdu_constraint as vdu_cons5_47_1_, virtualdep1_.version as version6_47_1_, virtualdep1_.virtual_memory_resource_element as virtual_7_47_1_, virtualdep1_.virtual_network_bandwidth_resource as virtual_8_47_1_ from virtual_network_function_record_vdu vdu0_ inner join virtual_deployment_unit virtualdep1_ on vdu0_.vdu_id=virtualdep1_.id where vdu0_.virtual_network_function_record_id=?
13:23:07.398 [Test worker] DEBUG o.h.l.p.b.i.spaces.QuerySpacesImpl - Adding QuerySpace : uid = <gen:0> -> org.hibernate.loader.plan.build.internal.spaces.CollectionQuerySpaceImpl@69ce82e9]
13:23:07.398 [Test worker] DEBUG o.h.l.p.b.i.spaces.QuerySpacesImpl - Adding QuerySpace : uid = <gen:1> -> org.hibernate.loader.plan.build.internal.spaces.EntityQuerySpaceImpl@74f4c543]
13:23:07.398 [Test worker] DEBUG o.h.p.w.spi.MetamodelGraphWalker - Visiting attribute path : type
13:23:07.398 [Test worker] DEBUG o.h.p.w.spi.MetamodelGraphWalker - Visiting attribute path : version
13:23:07.398 [Test worker] DEBUG o.h.p.w.spi.MetamodelGraphWalker - Visiting attribute path : virtual_link_reference
13:23:07.398 [Test worker] DEBUG o.h.l.p.b.i.FetchStyleLoadPlanBuildingAssociationVisitationStrategy - Building LoadPlan...
13:23:07.398 [Test worker] DEBUG o.h.l.p.e.i.LoadQueryJoinAndFetchProcessor - processing queryspace <gen:0>
13:23:07.398 [Test worker] DEBUG o.h.l.p.b.spi.LoadPlanTreePrinter - LoadPlan(collection=org.project.neutrino.nfvo.catalogue.mano.descriptor.VNFForwardingGraph.connection_point)
    - Returns
       - CollectionReturnImpl(collection=org.project.neutrino.nfvo.catalogue.mano.descriptor.VNFForwardingGraph.connection_point, querySpaceUid=<gen:0>, path=[org.project.neutrino.nfvo.catalogue.mano.descriptor.VNFForwardingGraph.connection_point])
          - (collection element) CollectionFetchableElementEntityGraph(entity=org.project.neutrino.nfvo.catalogue.mano.common.ConnectionPoint, querySpaceUid=<gen:1>, path=[org.project.neutrino.nfvo.catalogue.mano.descriptor.VNFForwardingGraph.connection_point].<elements>)
    - QuerySpaces
       - CollectionQuerySpaceImpl(uid=<gen:0>, collection=org.project.neutrino.nfvo.catalogue.mano.descriptor.VNFForwardingGraph.connection_point)
          - SQL table alias mapping - connection0_
          - alias suffix - 0_
          - suffixed key columns - {vnfforwa1_87_0_}
          - entity-element alias suffix - 1_
          - 1_entity-element suffixed key columns - id1_4_1_
          - JOIN (JoinDefinedByMetadata(elements)) : <gen:0> -> <gen:1>
             - EntityQuerySpaceImpl(uid=<gen:1>, entity=org.project.neutrino.nfvo.catalogue.mano.common.ConnectionPoint)
                - SQL table alias mapping - connection1_
                - alias suffix - 1_
                - suffixed key columns - {id1_4_1_}

13:23:07.398 [Test worker] DEBUG o.h.l.c.plan.CollectionLoader - Static select for collection org.project.neutrino.nfvo.catalogue.mano.descriptor.VNFForwardingGraph.connection_point: select connection0_.vnfforwarding_graph_id as vnfforwa1_87_0_, connection0_.connection_point_id as connecti2_88_0_, connection1_.id as id1_4_1_, connection1_.type as type2_4_1_, connection1_.version as version3_4_1_, connection1_.virtual_link_reference as virtual_1_82_1_, connection1_.clazz_ as clazz_1_ from vnfforwarding_graph_connection_point connection0_ inner join ( select id, type, version, null as virtual_link_reference, 0 as clazz_ from connection_point union select id, type, version, virtual_link_reference, 1 as clazz_ from vnfdconnection_point ) connection1_ on connection0_.connection_point_id=connection1_.id where connection0_.vnfforwarding_graph_id=?
13:23:07.398 [Test worker] DEBUG o.h.l.p.b.i.spaces.QuerySpacesImpl - Adding QuerySpace : uid = <gen:0> -> org.hibernate.loader.plan.build.internal.spaces.CollectionQuerySpaceImpl@1348a19f]
13:23:07.398 [Test worker] DEBUG o.h.l.p.b.i.spaces.QuerySpacesImpl - Adding QuerySpace : uid = <gen:1> -> org.hibernate.loader.plan.build.internal.spaces.EntityQuerySpaceImpl@56ad79d]
13:23:07.399 [Test worker] DEBUG o.h.p.w.spi.MetamodelGraphWalker - Visiting attribute path : connection_point
13:23:07.399 [Test worker] DEBUG o.h.p.w.spi.MetamodelGraphWalker - Visiting attribute path : description
13:23:07.399 [Test worker] DEBUG o.h.p.w.spi.MetamodelGraphWalker - Visiting attribute path : descriptor_version
13:23:07.399 [Test worker] DEBUG o.h.p.w.spi.MetamodelGraphWalker - Visiting attribute path : hb_version
13:23:07.399 [Test worker] DEBUG o.h.p.w.spi.MetamodelGraphWalker - Visiting attribute path : pnfd_security
13:23:07.399 [Test worker] DEBUG o.h.l.p.b.i.spaces.QuerySpacesImpl - Adding QuerySpace : uid = <gen:2> -> org.hibernate.loader.plan.build.internal.spaces.EntityQuerySpaceImpl@65c127db]
13:23:07.399 [Test worker] DEBUG o.h.p.w.spi.MetamodelGraphWalker - Visiting attribute path : pnfd_security.version
13:23:07.399 [Test worker] DEBUG o.h.p.w.spi.MetamodelGraphWalker - Visiting attribute path : vendor
13:23:07.399 [Test worker] DEBUG o.h.p.w.spi.MetamodelGraphWalker - Visiting attribute path : version
13:23:07.399 [Test worker] DEBUG o.h.l.p.b.i.FetchStyleLoadPlanBuildingAssociationVisitationStrategy - Building LoadPlan...
13:23:07.399 [Test worker] DEBUG o.h.l.p.e.i.LoadQueryJoinAndFetchProcessor - processing queryspace <gen:0>
13:23:07.400 [Test worker] DEBUG o.h.l.p.b.spi.LoadPlanTreePrinter - LoadPlan(collection=org.project.neutrino.nfvo.catalogue.mano.descriptor.NetworkServiceDescriptor.pnfd)
    - Returns
       - CollectionReturnImpl(collection=org.project.neutrino.nfvo.catalogue.mano.descriptor.NetworkServiceDescriptor.pnfd, querySpaceUid=<gen:0>, path=[org.project.neutrino.nfvo.catalogue.mano.descriptor.NetworkServiceDescriptor.pnfd])
          - (collection element) CollectionFetchableElementEntityGraph(entity=org.project.neutrino.nfvo.catalogue.mano.descriptor.PhysicalNetworkFunctionDescriptor, querySpaceUid=<gen:1>, path=[org.project.neutrino.nfvo.catalogue.mano.descriptor.NetworkServiceDescriptor.pnfd].<elements>)
             - EntityAttributeFetchImpl(entity=org.project.neutrino.nfvo.catalogue.mano.common.Security, querySpaceUid=<gen:2>, path=[org.project.neutrino.nfvo.catalogue.mano.descriptor.NetworkServiceDescriptor.pnfd].<elements>.pnfd_security)
    - QuerySpaces
       - CollectionQuerySpaceImpl(uid=<gen:0>, collection=org.project.neutrino.nfvo.catalogue.mano.descriptor.NetworkServiceDescriptor.pnfd)
          - SQL table alias mapping - pnfd0_
          - alias suffix - 0_
          - suffixed key columns - {network_1_27_0_}
          - entity-element alias suffix - 1_
          - 1_entity-element suffixed key columns - id1_35_1_
          - JOIN (JoinDefinedByMetadata(elements)) : <gen:0> -> <gen:1>
             - EntityQuerySpaceImpl(uid=<gen:1>, entity=org.project.neutrino.nfvo.catalogue.mano.descriptor.PhysicalNetworkFunctionDescriptor)
                - SQL table alias mapping - physicalne1_
                - alias suffix - 1_
                - suffixed key columns - {id1_35_1_}
                - JOIN (JoinDefinedByMetadata(pnfd_security)) : <gen:1> -> <gen:2>
                   - EntityQuerySpaceImpl(uid=<gen:2>, entity=org.project.neutrino.nfvo.catalogue.mano.common.Security)
                      - SQL table alias mapping - security2_
                      - alias suffix - 2_
                      - suffixed key columns - {id1_43_2_}

13:23:07.400 [Test worker] DEBUG o.h.l.c.plan.CollectionLoader - Static select for collection org.project.neutrino.nfvo.catalogue.mano.descriptor.NetworkServiceDescriptor.pnfd: select pnfd0_.network_service_descriptor_Id as network_1_27_0_, pnfd0_.pnfd_id as pnfd_id2_15_0_, physicalne1_.id as id1_35_1_, physicalne1_.description as descript2_35_1_, physicalne1_.descriptor_version as descript3_35_1_, physicalne1_.hb_version as hb_versi4_35_1_, physicalne1_.pnfd_security_id as pnfd_sec7_35_1_, physicalne1_.vendor as vendor5_35_1_, physicalne1_.version as version6_35_1_, security2_.id as id1_43_2_, security2_.version as version2_43_2_ from network_service_descriptor_pnfd pnfd0_ inner join physical_network_function_descriptor physicalne1_ on pnfd0_.pnfd_id=physicalne1_.id left outer join security security2_ on physicalne1_.pnfd_security_id=security2_.id where pnfd0_.network_service_descriptor_Id=?
13:23:07.400 [Test worker] DEBUG o.h.l.p.b.i.spaces.QuerySpacesImpl - Adding QuerySpace : uid = <gen:0> -> org.hibernate.loader.plan.build.internal.spaces.CollectionQuerySpaceImpl@1c5295f0]
13:23:07.400 [Test worker] DEBUG o.h.l.p.b.i.spaces.QuerySpacesImpl - Adding QuerySpace : uid = <gen:1> -> org.hibernate.loader.plan.build.internal.spaces.EntityQuerySpaceImpl@71f1ce16]
13:23:07.400 [Test worker] DEBUG o.h.p.w.spi.MetamodelGraphWalker - Visiting attribute path : connectivity_type
13:23:07.400 [Test worker] DEBUG o.h.p.w.spi.MetamodelGraphWalker - Visiting attribute path : leaf_requirement
13:23:07.400 [Test worker] DEBUG o.h.p.w.spi.MetamodelGraphWalker - Visiting attribute path : qos
13:23:07.400 [Test worker] DEBUG o.h.p.w.spi.MetamodelGraphWalker - Visiting attribute path : root_requirement
13:23:07.400 [Test worker] DEBUG o.h.p.w.spi.MetamodelGraphWalker - Visiting attribute path : test_access
13:23:07.400 [Test worker] DEBUG o.h.p.w.spi.MetamodelGraphWalker - Visiting attribute path : version
13:23:07.400 [Test worker] DEBUG o.h.p.w.spi.MetamodelGraphWalker - Visiting attribute path : connection
13:23:07.400 [Test worker] DEBUG o.h.p.w.spi.MetamodelGraphWalker - Visiting attribute path : descriptor_version
13:23:07.400 [Test worker] DEBUG o.h.p.w.spi.MetamodelGraphWalker - Visiting attribute path : number_of_endpoints
13:23:07.400 [Test worker] DEBUG o.h.p.w.spi.MetamodelGraphWalker - Visiting attribute path : vendor
13:23:07.400 [Test worker] DEBUG o.h.p.w.spi.MetamodelGraphWalker - Visiting attribute path : vld_security
13:23:07.400 [Test worker] DEBUG o.h.l.p.b.i.spaces.QuerySpacesImpl - Adding QuerySpace : uid = <gen:2> -> org.hibernate.loader.plan.build.internal.spaces.EntityQuerySpaceImpl@744154c9]
13:23:07.400 [Test worker] DEBUG o.h.p.w.spi.MetamodelGraphWalker - Visiting attribute path : vld_security.version
13:23:07.400 [Test worker] DEBUG o.h.l.p.b.i.FetchStyleLoadPlanBuildingAssociationVisitationStrategy - Building LoadPlan...
13:23:07.401 [Test worker] DEBUG o.h.l.p.e.i.LoadQueryJoinAndFetchProcessor - processing queryspace <gen:0>
13:23:07.401 [Test worker] DEBUG o.h.l.p.b.spi.LoadPlanTreePrinter - LoadPlan(collection=org.project.neutrino.nfvo.catalogue.mano.common.NFVEntityDescriptor.vld)
    - Returns
       - CollectionReturnImpl(collection=org.project.neutrino.nfvo.catalogue.mano.common.NFVEntityDescriptor.vld, querySpaceUid=<gen:0>, path=[org.project.neutrino.nfvo.catalogue.mano.common.NFVEntityDescriptor.vld])
          - (collection element) CollectionFetchableElementEntityGraph(entity=org.project.neutrino.nfvo.catalogue.mano.descriptor.VirtualLinkDescriptor, querySpaceUid=<gen:1>, path=[org.project.neutrino.nfvo.catalogue.mano.common.NFVEntityDescriptor.vld].<elements>)
             - EntityAttributeFetchImpl(entity=org.project.neutrino.nfvo.catalogue.mano.common.Security, querySpaceUid=<gen:2>, path=[org.project.neutrino.nfvo.catalogue.mano.common.NFVEntityDescriptor.vld].<elements>.vld_security)
    - QuerySpaces
       - CollectionQuerySpaceImpl(uid=<gen:0>, collection=org.project.neutrino.nfvo.catalogue.mano.common.NFVEntityDescriptor.vld)
          - SQL table alias mapping - vld0_
          - alias suffix - 0_
          - suffixed key columns - {nfventit1_27_0_}
          - entity-element alias suffix - 1_
          - 1_entity-element suffixed key columns - id1_0_1_
          - JOIN (JoinDefinedByMetadata(elements)) : <gen:0> -> <gen:1>
             - EntityQuerySpaceImpl(uid=<gen:1>, entity=org.project.neutrino.nfvo.catalogue.mano.descriptor.VirtualLinkDescriptor)
                - SQL table alias mapping - virtuallin1_
                - alias suffix - 1_
                - suffixed key columns - {id1_0_1_}
                - JOIN (JoinDefinedByMetadata(vld_security)) : <gen:1> -> <gen:2>
                   - EntityQuerySpaceImpl(uid=<gen:2>, entity=org.project.neutrino.nfvo.catalogue.mano.common.Security)
                      - SQL table alias mapping - security2_
                      - alias suffix - 2_
                      - suffixed key columns - {id1_43_2_}

13:23:07.401 [Test worker] DEBUG o.h.l.c.plan.CollectionLoader - Static select for collection org.project.neutrino.nfvo.catalogue.mano.common.NFVEntityDescriptor.vld: select vld0_.nfventity_descriptor_Id as nfventit1_27_0_, vld0_.vld_id as vld_id2_33_0_, virtuallin1_.id as id1_0_1_, virtuallin1_.connectivity_type as connecti2_0_1_, virtuallin1_.leaf_requirement as leaf_req3_0_1_, virtuallin1_.root_requirement as root_req4_0_1_, virtuallin1_.version as version5_0_1_, virtuallin1_.descriptor_version as descript1_52_1_, virtuallin1_.number_of_endpoints as number_o2_52_1_, virtuallin1_.vendor as vendor3_52_1_, virtuallin1_.vld_security_id as vld_secu4_52_1_, security2_.id as id1_43_2_, security2_.version as version2_43_2_ from nfventity_descriptor_vld vld0_ inner join virtual_link_descriptor virtuallin1_ on vld0_.vld_id=virtuallin1_.id left outer join security security2_ on virtuallin1_.vld_security_id=security2_.id where vld0_.nfventity_descriptor_Id=?
13:23:07.401 [Test worker] DEBUG o.h.l.p.b.i.spaces.QuerySpacesImpl - Adding QuerySpace : uid = <gen:0> -> org.hibernate.loader.plan.build.internal.spaces.CollectionQuerySpaceImpl@3e071894]
13:23:07.401 [Test worker] DEBUG o.h.l.p.b.i.FetchStyleLoadPlanBuildingAssociationVisitationStrategy - Building LoadPlan...
13:23:07.401 [Test worker] DEBUG o.h.l.p.e.i.LoadQueryJoinAndFetchProcessor - processing queryspace <gen:0>
13:23:07.402 [Test worker] DEBUG o.h.l.p.b.spi.LoadPlanTreePrinter - LoadPlan(collection=org.project.neutrino.nfvo.catalogue.mano.record.PhysicalNetworkFunctionRecord.pnf_address)
    - Returns
       - CollectionReturnImpl(collection=org.project.neutrino.nfvo.catalogue.mano.record.PhysicalNetworkFunctionRecord.pnf_address, querySpaceUid=<gen:0>, path=[org.project.neutrino.nfvo.catalogue.mano.record.PhysicalNetworkFunctionRecord.pnf_address])
    - QuerySpaces
       - CollectionQuerySpaceImpl(uid=<gen:0>, collection=org.project.neutrino.nfvo.catalogue.mano.record.PhysicalNetworkFunctionRecord.pnf_address)
          - SQL table alias mapping - pnf_addres0_
          - alias suffix - 0_
          - suffixed key columns - {physical1_37_0_}

13:23:07.402 [Test worker] DEBUG o.h.l.c.plan.CollectionLoader - Static select for collection org.project.neutrino.nfvo.catalogue.mano.record.PhysicalNetworkFunctionRecord.pnf_address: select pnf_addres0_.physical_network_function_record_id as physical1_37_0_, pnf_addres0_.pnf_address as pnf_addr2_40_0_ from physical_network_function_record_pnf_address pnf_addres0_ where pnf_addres0_.physical_network_function_record_id=?
13:23:07.402 [Test worker] DEBUG o.h.l.p.b.i.spaces.QuerySpacesImpl - Adding QuerySpace : uid = <gen:0> -> org.hibernate.loader.plan.build.internal.spaces.CollectionQuerySpaceImpl@54205ed3]
13:23:07.402 [Test worker] DEBUG o.h.l.p.b.i.spaces.QuerySpacesImpl - Adding QuerySpace : uid = <gen:1> -> org.hibernate.loader.plan.build.internal.spaces.EntityQuerySpaceImpl@193199cb]
13:23:07.402 [Test worker] DEBUG o.h.p.w.spi.MetamodelGraphWalker - Visiting attribute path : connected_virtual_link
13:23:07.402 [Test worker] DEBUG o.h.l.p.b.i.spaces.QuerySpacesImpl - Adding QuerySpace : uid = <gen:2> -> org.hibernate.loader.plan.build.internal.spaces.CollectionQuerySpaceImpl@51861b5a]
13:23:07.402 [Test worker] DEBUG o.h.l.p.b.i.spaces.QuerySpacesImpl - Adding QuerySpace : uid = <gen:3> -> org.hibernate.loader.plan.build.internal.spaces.EntityQuerySpaceImpl@3b6ddb86]
13:23:07.402 [Test worker] DEBUG o.h.p.w.spi.MetamodelGraphWalker - Visiting attribute path : connection_point
13:23:07.402 [Test worker] DEBUG o.h.l.p.b.i.spaces.QuerySpacesImpl - Adding QuerySpace : uid = <gen:4> -> org.hibernate.loader.plan.build.internal.spaces.CollectionQuerySpaceImpl@296758e5]
13:23:07.402 [Test worker] DEBUG o.h.l.p.b.i.spaces.QuerySpacesImpl - Adding QuerySpace : uid = <gen:5> -> org.hibernate.loader.plan.build.internal.spaces.EntityQuerySpaceImpl@3ffd379f]
13:23:07.402 [Test worker] DEBUG o.h.p.w.spi.MetamodelGraphWalker - Visiting attribute path : description
13:23:07.402 [Test worker] DEBUG o.h.p.w.spi.MetamodelGraphWalker - Visiting attribute path : descriptor_reference
13:23:07.402 [Test worker] DEBUG o.h.l.p.b.i.spaces.QuerySpacesImpl - Adding QuerySpace : uid = <gen:6> -> org.hibernate.loader.plan.build.internal.spaces.EntityQuerySpaceImpl@94ec88b]
13:23:07.403 [Test worker] DEBUG o.h.p.w.spi.MetamodelGraphWalker - Visiting attribute path : descriptor_reference.connection_point
13:23:07.403 [Test worker] DEBUG o.h.p.w.spi.MetamodelGraphWalker - Visiting attribute path : descriptor_reference.description
13:23:07.403 [Test worker] DEBUG o.h.p.w.spi.MetamodelGraphWalker - Visiting attribute path : descriptor_reference.descriptor_version
13:23:07.403 [Test worker] DEBUG o.h.p.w.spi.MetamodelGraphWalker - Visiting attribute path : descriptor_reference.hb_version
13:23:07.403 [Test worker] DEBUG o.h.p.w.spi.MetamodelGraphWalker - Visiting attribute path : descriptor_reference.pnfd_security
13:23:07.403 [Test worker] DEBUG o.h.l.p.b.i.spaces.QuerySpacesImpl - Adding QuerySpace : uid = <gen:7> -> org.hibernate.loader.plan.build.internal.spaces.EntityQuerySpaceImpl@7205b5ec]
13:23:07.403 [Test worker] DEBUG o.h.p.w.spi.MetamodelGraphWalker - Visiting attribute path : descriptor_reference.pnfd_security.version
13:23:07.403 [Test worker] DEBUG o.h.p.w.spi.MetamodelGraphWalker - Visiting attribute path : descriptor_reference.vendor
13:23:07.403 [Test worker] DEBUG o.h.p.w.spi.MetamodelGraphWalker - Visiting attribute path : descriptor_reference.version
13:23:07.403 [Test worker] DEBUG o.h.p.w.spi.MetamodelGraphWalker - Visiting attribute path : oam_reference
13:23:07.403 [Test worker] DEBUG o.h.p.w.spi.MetamodelGraphWalker - Visiting attribute path : parent_ns
13:23:07.403 [Test worker] DEBUG o.h.l.p.b.i.spaces.QuerySpacesImpl - Adding QuerySpace : uid = <gen:8> -> org.hibernate.loader.plan.build.internal.spaces.EntityQuerySpaceImpl@4df47f7]
13:23:07.403 [Test worker] DEBUG o.h.p.w.spi.MetamodelGraphWalker - Visiting attribute path : parent_ns.audit_log
13:23:07.403 [Test worker] DEBUG o.h.p.w.spi.MetamodelGraphWalker - Visiting attribute path : parent_ns.auto_scale_policy
13:23:07.403 [Test worker] DEBUG o.h.l.p.b.i.spaces.QuerySpacesImpl - Adding QuerySpace : uid = <gen:9> -> org.hibernate.loader.plan.build.internal.spaces.CollectionQuerySpaceImpl@459ec610]
13:23:07.403 [Test worker] DEBUG o.h.l.p.b.i.spaces.QuerySpacesImpl - Adding QuerySpace : uid = <gen:10> -> org.hibernate.loader.plan.build.internal.spaces.EntityQuerySpaceImpl@3add6825]
13:23:07.403 [Test worker] DEBUG o.h.p.w.spi.MetamodelGraphWalker - Visiting attribute path : parent_ns.connection_point
13:23:07.403 [Test worker] DEBUG o.h.l.p.b.i.spaces.QuerySpacesImpl - Adding QuerySpace : uid = <gen:11> -> org.hibernate.loader.plan.build.internal.spaces.CollectionQuerySpaceImpl@1de07354]
13:23:07.404 [Test worker] DEBUG o.h.l.p.b.i.spaces.QuerySpacesImpl - Adding QuerySpace : uid = <gen:12> -> org.hibernate.loader.plan.build.internal.spaces.EntityQuerySpaceImpl@7ab39f1e]
13:23:07.404 [Test worker] DEBUG o.h.p.w.spi.MetamodelGraphWalker - Visiting attribute path : parent_ns.descriptor_reference
13:23:07.404 [Test worker] DEBUG o.h.l.p.b.i.spaces.QuerySpacesImpl - Adding QuerySpace : uid = <gen:13> -> org.hibernate.loader.plan.build.internal.spaces.EntityQuerySpaceImpl@2693a981]
13:23:07.404 [Test worker] DEBUG o.h.p.w.spi.MetamodelGraphWalker - Visiting attribute path : parent_ns.descriptor_reference.auto_scale_policy
13:23:07.404 [Test worker] DEBUG o.h.p.w.spi.MetamodelGraphWalker - Visiting attribute path : parent_ns.descriptor_reference.connection_point
13:23:07.404 [Test worker] DEBUG o.h.p.w.spi.MetamodelGraphWalker - Visiting attribute path : parent_ns.descriptor_reference.hb_version
13:23:07.404 [Test worker] DEBUG o.h.p.w.spi.MetamodelGraphWalker - Visiting attribute path : parent_ns.descriptor_reference.lifecycle_event
13:23:07.404 [Test worker] DEBUG o.h.p.w.spi.MetamodelGraphWalker - Visiting attribute path : parent_ns.descriptor_reference.monitoring_parameter
13:23:07.404 [Test worker] DEBUG o.h.l.p.b.i.spaces.QuerySpacesImpl - Adding QuerySpace : uid = <gen:14> -> org.hibernate.loader.plan.build.internal.spaces.CollectionQuerySpaceImpl@c52d244]
13:23:07.404 [Test worker] DEBUG o.h.p.w.spi.MetamodelGraphWalker - Visiting attribute path : parent_ns.descriptor_reference.service_deployment_flavour
13:23:07.404 [Test worker] DEBUG o.h.p.w.spi.MetamodelGraphWalker - Visiting attribute path : parent_ns.descriptor_reference.vendor
13:23:07.404 [Test worker] DEBUG o.h.p.w.spi.MetamodelGraphWalker - Visiting attribute path : parent_ns.descriptor_reference.version
13:23:07.404 [Test worker] DEBUG o.h.p.w.spi.MetamodelGraphWalker - Visiting attribute path : parent_ns.descriptor_reference.vld
13:23:07.404 [Test worker] DEBUG o.h.p.w.spi.MetamodelGraphWalker - Visiting attribute path : parent_ns.descriptor_reference.vnffgd
13:23:07.404 [Test worker] DEBUG o.h.p.w.spi.MetamodelGraphWalker - Visiting attribute path : parent_ns.descriptor_reference.deployment_flavour
13:23:07.404 [Test worker] DEBUG o.h.l.p.b.i.spaces.QuerySpacesImpl - Adding QuerySpace : uid = <gen:15> -> org.hibernate.loader.plan.build.internal.spaces.CollectionQuerySpaceImpl@116a74ae]
13:23:07.404 [Test worker] DEBUG o.h.l.p.b.i.spaces.QuerySpacesImpl - Adding QuerySpace : uid = <gen:16> -> org.hibernate.loader.plan.build.internal.spaces.EntityQuerySpaceImpl@64125470]
13:23:07.404 [Test worker] DEBUG o.h.p.w.spi.MetamodelGraphWalker - Visiting attribute path : parent_ns.descriptor_reference.descriptor_version
13:23:07.404 [Test worker] DEBUG o.h.p.w.spi.MetamodelGraphWalker - Visiting attribute path : parent_ns.descriptor_reference.manifest_file
13:23:07.404 [Test worker] DEBUG o.h.p.w.spi.MetamodelGraphWalker - Visiting attribute path : parent_ns.descriptor_reference.manifest_file_security
13:23:07.404 [Test worker] DEBUG o.h.p.w.spi.MetamodelGraphWalker - Visiting attribute path : parent_ns.descriptor_reference.vdu
13:23:07.404 [Test worker] DEBUG o.h.p.w.spi.MetamodelGraphWalker - Visiting attribute path : parent_ns.descriptor_reference.vdu_dependency
13:23:07.404 [Test worker] DEBUG o.h.p.w.spi.MetamodelGraphWalker - Visiting attribute path : parent_ns.descriptor_reference.virtual_link
13:23:07.405 [Test worker] DEBUG o.h.p.w.spi.MetamodelGraphWalker - Visiting attribute path : parent_ns.descriptor_reference.nsd_security
13:23:07.405 [Test worker] DEBUG o.h.l.p.b.i.spaces.QuerySpacesImpl - Adding QuerySpace : uid = <gen:17> -> org.hibernate.loader.plan.build.internal.spaces.EntityQuerySpaceImpl@6f65b863]
13:23:07.405 [Test worker] DEBUG o.h.p.w.spi.MetamodelGraphWalker - Visiting attribute path : parent_ns.descriptor_reference.pnfd
13:23:07.405 [Test worker] DEBUG o.h.p.w.spi.MetamodelGraphWalker - Visiting attribute path : parent_ns.descriptor_reference.vnf_dependency
13:23:07.405 [Test worker] DEBUG o.h.l.p.b.i.spaces.QuerySpacesImpl - Adding QuerySpace : uid = <gen:18> -> org.hibernate.loader.plan.build.internal.spaces.CollectionQuerySpaceImpl@7f2ca4b7]
13:23:07.405 [Test worker] DEBUG o.h.l.p.b.i.spaces.QuerySpacesImpl - Adding QuerySpace : uid = <gen:19> -> org.hibernate.loader.plan.build.internal.spaces.EntityQuerySpaceImpl@4bf22b9b]
13:23:07.405 [Test worker] DEBUG o.h.p.w.spi.MetamodelGraphWalker - Visiting attribute path : parent_ns.descriptor_reference.vnfd
13:23:07.405 [Test worker] DEBUG o.h.l.p.b.i.spaces.QuerySpacesImpl - Adding QuerySpace : uid = <gen:20> -> org.hibernate.loader.plan.build.internal.spaces.CollectionQuerySpaceImpl@80cf411]
13:23:07.405 [Test worker] DEBUG o.h.l.p.b.i.spaces.QuerySpacesImpl - Adding QuerySpace : uid = <gen:21> -> org.hibernate.loader.plan.build.internal.spaces.EntityQuerySpaceImpl@a6b8c38]
13:23:07.405 [Test worker] DEBUG o.h.p.w.spi.MetamodelGraphWalker - Visiting attribute path : parent_ns.lifecycle_event
13:23:07.405 [Test worker] DEBUG o.h.l.p.b.i.spaces.QuerySpacesImpl - Adding QuerySpace : uid = <gen:22> -> org.hibernate.loader.plan.build.internal.spaces.EntityQuerySpaceImpl@1ac2b5e0]
13:23:07.405 [Test worker] DEBUG o.h.p.w.spi.MetamodelGraphWalker - Visiting attribute path : parent_ns.lifecycle_event.lifecycle_events
13:23:07.405 [Test worker] DEBUG o.h.p.w.spi.MetamodelGraphWalker - Visiting attribute path : parent_ns.lifecycle_event.version
13:23:07.405 [Test worker] DEBUG o.h.p.w.spi.MetamodelGraphWalker - Visiting attribute path : parent_ns.lifecycle_event_history
13:23:07.405 [Test worker] DEBUG o.h.l.p.b.i.spaces.QuerySpacesImpl - Adding QuerySpace : uid = <gen:23> -> org.hibernate.loader.plan.build.internal.spaces.CollectionQuerySpaceImpl@5b471876]
13:23:07.405 [Test worker] DEBUG o.h.l.p.b.i.spaces.QuerySpacesImpl - Adding QuerySpace : uid = <gen:24> -> org.hibernate.loader.plan.build.internal.spaces.EntityQuerySpaceImpl@189719cb]
13:23:07.405 [Test worker] DEBUG o.h.p.w.spi.MetamodelGraphWalker - Visiting attribute path : parent_ns.monitoring_parameter
13:23:07.406 [Test worker] DEBUG o.h.p.w.spi.MetamodelGraphWalker - Visiting attribute path : parent_ns.notification
13:23:07.406 [Test worker] DEBUG o.h.p.w.spi.MetamodelGraphWalker - Visiting attribute path : parent_ns.pnfr
13:23:07.406 [Test worker] DEBUG o.h.p.w.spi.MetamodelGraphWalker - Property path deemed to be circular : parent_ns.pnfr
13:23:07.406 [Test worker] DEBUG o.h.p.w.spi.MetamodelGraphWalker - Visiting attribute path : parent_ns.resource_reservation
13:23:07.406 [Test worker] DEBUG o.h.p.w.spi.MetamodelGraphWalker - Visiting attribute path : parent_ns.runtime_policy_info
13:23:07.406 [Test worker] DEBUG o.h.p.w.spi.MetamodelGraphWalker - Visiting attribute path : parent_ns.service_deployment_flavour
13:23:07.406 [Test worker] DEBUG o.h.l.p.b.i.spaces.QuerySpacesImpl - Adding QuerySpace : uid = <gen:25> -> org.hibernate.loader.plan.build.internal.spaces.EntityQuerySpaceImpl@681e6b09]
13:23:07.406 [Test worker] DEBUG o.h.p.w.spi.MetamodelGraphWalker - Visiting attribute path : parent_ns.service_deployment_flavour.flavour_key
13:23:07.406 [Test worker] DEBUG o.h.p.w.spi.MetamodelGraphWalker - Visiting attribute path : parent_ns.service_deployment_flavour.version
13:23:07.406 [Test worker] DEBUG o.h.p.w.spi.MetamodelGraphWalker - Visiting attribute path : parent_ns.service_deployment_flavour.constituent_vnf
13:23:07.406 [Test worker] DEBUG o.h.p.w.spi.MetamodelGraphWalker - Visiting attribute path : parent_ns.status
13:23:07.406 [Test worker] DEBUG o.h.p.w.spi.MetamodelGraphWalker - Visiting attribute path : parent_ns.vendor
13:23:07.406 [Test worker] DEBUG o.h.p.w.spi.MetamodelGraphWalker - Visiting attribute path : parent_ns.version
13:23:07.406 [Test worker] DEBUG o.h.p.w.spi.MetamodelGraphWalker - Visiting attribute path : parent_ns.vlr
13:23:07.406 [Test worker] DEBUG o.h.l.p.b.i.spaces.QuerySpacesImpl - Adding QuerySpace : uid = <gen:26> -> org.hibernate.loader.plan.build.internal.spaces.CollectionQuerySpaceImpl@1adda7]
13:23:07.406 [Test worker] DEBUG o.h.l.p.b.i.spaces.QuerySpacesImpl - Adding QuerySpace : uid = <gen:27> -> org.hibernate.loader.plan.build.internal.spaces.EntityQuerySpaceImpl@63cdfefe]
13:23:07.406 [Test worker] DEBUG o.h.p.w.spi.MetamodelGraphWalker - Visiting attribute path : parent_ns.vnf_dependency
13:23:07.406 [Test worker] DEBUG o.h.l.p.b.i.spaces.QuerySpacesImpl - Adding QuerySpace : uid = <gen:28> -> org.hibernate.loader.plan.build.internal.spaces.CollectionQuerySpaceImpl@692008e2]
13:23:07.406 [Test worker] DEBUG o.h.l.p.b.i.spaces.QuerySpacesImpl - Adding QuerySpace : uid = <gen:29> -> org.hibernate.loader.plan.build.internal.spaces.EntityQuerySpaceImpl@36276359]
13:23:07.406 [Test worker] DEBUG o.h.p.w.spi.MetamodelGraphWalker - Visiting attribute path : parent_ns.vnffgr
13:23:07.407 [Test worker] DEBUG o.h.l.p.b.i.spaces.QuerySpacesImpl - Adding QuerySpace : uid = <gen:30> -> org.hibernate.loader.plan.build.internal.spaces.CollectionQuerySpaceImpl@53eb83d5]
13:23:07.407 [Test worker] DEBUG o.h.l.p.b.i.spaces.QuerySpacesImpl - Adding QuerySpace : uid = <gen:31> -> org.hibernate.loader.plan.build.internal.spaces.EntityQuerySpaceImpl@b1c3ffe]
13:23:07.407 [Test worker] DEBUG o.h.p.w.spi.MetamodelGraphWalker - Visiting attribute path : parent_ns.vnfr
13:23:07.407 [Test worker] DEBUG o.h.l.p.b.i.spaces.QuerySpacesImpl - Adding QuerySpace : uid = <gen:32> -> org.hibernate.loader.plan.build.internal.spaces.EntityQuerySpaceImpl@6bad4264]
13:23:07.407 [Test worker] DEBUG o.h.p.w.spi.MetamodelGraphWalker - Visiting attribute path : parent_ns.vnfr.audit_log
13:23:07.407 [Test worker] DEBUG o.h.p.w.spi.MetamodelGraphWalker - Visiting attribute path : parent_ns.vnfr.auto_scale_policy
13:23:07.407 [Test worker] DEBUG o.h.l.p.b.i.spaces.QuerySpacesImpl - Adding QuerySpace : uid = <gen:33> -> org.hibernate.loader.plan.build.internal.spaces.CollectionQuerySpaceImpl@6ce807b0]
13:23:07.407 [Test worker] DEBUG o.h.l.p.b.i.spaces.QuerySpacesImpl - Adding QuerySpace : uid = <gen:34> -> org.hibernate.loader.plan.build.internal.spaces.EntityQuerySpaceImpl@7550ebab]
13:23:07.407 [Test worker] DEBUG o.h.p.w.spi.MetamodelGraphWalker - Visiting attribute path : parent_ns.vnfr.connected_external_virtual_link
13:23:07.407 [Test worker] DEBUG o.h.l.p.b.i.spaces.QuerySpacesImpl - Adding QuerySpace : uid = <gen:35> -> org.hibernate.loader.plan.build.internal.spaces.CollectionQuerySpaceImpl@13a063b9]
13:23:07.407 [Test worker] DEBUG o.h.l.p.b.i.spaces.QuerySpacesImpl - Adding QuerySpace : uid = <gen:36> -> org.hibernate.loader.plan.build.internal.spaces.EntityQuerySpaceImpl@6f310c0]
13:23:07.407 [Test worker] DEBUG o.h.p.w.spi.MetamodelGraphWalker - Visiting attribute path : parent_ns.vnfr.connection_point
13:23:07.407 [Test worker] DEBUG o.h.l.p.b.i.spaces.QuerySpacesImpl - Adding QuerySpace : uid = <gen:37> -> org.hibernate.loader.plan.build.internal.spaces.CollectionQuerySpaceImpl@3fd0b0d0]
13:23:07.407 [Test worker] DEBUG o.h.l.p.b.i.spaces.QuerySpacesImpl - Adding QuerySpace : uid = <gen:38> -> org.hibernate.loader.plan.build.internal.spaces.EntityQuerySpaceImpl@1e08486b]
13:23:07.407 [Test worker] DEBUG o.h.p.w.spi.MetamodelGraphWalker - Visiting attribute path : parent_ns.vnfr.dependency
13:23:07.407 [Test worker] DEBUG o.h.l.p.b.i.spaces.QuerySpacesImpl - Adding QuerySpace : uid = <gen:39> -> org.hibernate.loader.plan.build.internal.spaces.CollectionQuerySpaceImpl@31ca7834]
13:23:07.408 [Test worker] DEBUG o.h.l.p.b.i.spaces.QuerySpacesImpl - Adding QuerySpace : uid = <gen:40> -> org.hibernate.loader.plan.build.internal.spaces.EntityQuerySpaceImpl@6399b775]
13:23:07.408 [Test worker] DEBUG o.h.p.w.spi.MetamodelGraphWalker - Visiting attribute path : parent_ns.vnfr.deployment_flavour
13:23:07.408 [Test worker] DEBUG o.h.l.p.b.i.spaces.QuerySpacesImpl - Adding QuerySpace : uid = <gen:41> -> org.hibernate.loader.plan.build.internal.spaces.EntityQuerySpaceImpl@db9569]
13:23:07.408 [Test worker] DEBUG o.h.p.w.spi.MetamodelGraphWalker - Visiting attribute path : parent_ns.vnfr.descriptor_reference
13:23:07.408 [Test worker] DEBUG o.h.p.w.spi.MetamodelGraphWalker - Visiting attribute path : parent_ns.vnfr.lifecycle_event
13:23:07.408 [Test worker] DEBUG o.h.l.p.b.i.spaces.QuerySpacesImpl - Adding QuerySpace : uid = <gen:42> -> org.hibernate.loader.plan.build.internal.spaces.EntityQuerySpaceImpl@502e20ef]
13:23:07.408 [Test worker] DEBUG o.h.p.w.spi.MetamodelGraphWalker - Visiting attribute path : parent_ns.vnfr.lifecycle_event_history
13:23:07.408 [Test worker] DEBUG o.h.l.p.b.i.spaces.QuerySpacesImpl - Adding QuerySpace : uid = <gen:43> -> org.hibernate.loader.plan.build.internal.spaces.CollectionQuerySpaceImpl@4745409]
13:23:07.408 [Test worker] DEBUG o.h.l.p.b.i.spaces.QuerySpacesImpl - Adding QuerySpace : uid = <gen:44> -> org.hibernate.loader.plan.build.internal.spaces.EntityQuerySpaceImpl@71391d27]
13:23:07.408 [Test worker] DEBUG o.h.p.w.spi.MetamodelGraphWalker - Visiting attribute path : parent_ns.vnfr.localization
13:23:07.408 [Test worker] DEBUG o.h.p.w.spi.MetamodelGraphWalker - Visiting attribute path : parent_ns.vnfr.monitoring_parameter
13:23:07.408 [Test worker] DEBUG o.h.p.w.spi.MetamodelGraphWalker - Visiting attribute path : parent_ns.vnfr.notification
13:23:07.408 [Test worker] DEBUG o.h.p.w.spi.MetamodelGraphWalker - Visiting attribute path : parent_ns.vnfr.parent_ns
13:23:07.408 [Test worker] DEBUG o.h.l.p.b.i.spaces.QuerySpacesImpl - Adding QuerySpace : uid = <gen:45> -> org.hibernate.loader.plan.build.internal.spaces.EntityQuerySpaceImpl@5ca92583]
13:23:07.408 [Test worker] DEBUG o.h.p.w.spi.MetamodelGraphWalker - Visiting attribute path : parent_ns.vnfr.runtime_policy_info
13:23:07.408 [Test worker] DEBUG o.h.p.w.spi.MetamodelGraphWalker - Visiting attribute path : parent_ns.vnfr.status
13:23:07.408 [Test worker] DEBUG o.h.p.w.spi.MetamodelGraphWalker - Visiting attribute path : parent_ns.vnfr.vdu
13:23:07.408 [Test worker] DEBUG o.h.l.p.b.i.spaces.QuerySpacesImpl - Adding QuerySpace : uid = <gen:46> -> org.hibernate.loader.plan.build.internal.spaces.CollectionQuerySpaceImpl@64ddeafb]
13:23:07.408 [Test worker] DEBUG o.h.l.p.b.i.spaces.QuerySpacesImpl - Adding QuerySpace : uid = <gen:47> -> org.hibernate.loader.plan.build.internal.spaces.EntityQuerySpaceImpl@256e3879]
13:23:07.409 [Test worker] DEBUG o.h.p.w.spi.MetamodelGraphWalker - Visiting attribute path : parent_ns.vnfr.vendor
13:23:07.409 [Test worker] DEBUG o.h.p.w.spi.MetamodelGraphWalker - Visiting attribute path : parent_ns.vnfr.version
13:23:07.409 [Test worker] DEBUG o.h.p.w.spi.MetamodelGraphWalker - Visiting attribute path : parent_ns.vnfr.virtual_link
13:23:07.409 [Test worker] DEBUG o.h.l.p.b.i.spaces.QuerySpacesImpl - Adding QuerySpace : uid = <gen:48> -> org.hibernate.loader.plan.build.internal.spaces.CollectionQuerySpaceImpl@673da321]
13:23:07.409 [Test worker] DEBUG o.h.l.p.b.i.spaces.QuerySpacesImpl - Adding QuerySpace : uid = <gen:49> -> org.hibernate.loader.plan.build.internal.spaces.EntityQuerySpaceImpl@7fa1007a]
13:23:07.409 [Test worker] DEBUG o.h.p.w.spi.MetamodelGraphWalker - Visiting attribute path : parent_ns.vnfr.vnf_address
13:23:07.409 [Test worker] DEBUG o.h.p.w.spi.MetamodelGraphWalker - Visiting attribute path : parent_ns.vnfr.vnfm_id
13:23:07.409 [Test worker] DEBUG o.h.p.w.spi.MetamodelGraphWalker - Visiting attribute path : pnf_address
13:23:07.409 [Test worker] DEBUG o.h.p.w.spi.MetamodelGraphWalker - Visiting attribute path : vendor
13:23:07.409 [Test worker] DEBUG o.h.p.w.spi.MetamodelGraphWalker - Visiting attribute path : version
13:23:07.409 [Test worker] DEBUG o.h.p.w.spi.MetamodelGraphWalker - Visiting attribute path : vnffgr
13:23:07.409 [Test worker] DEBUG o.h.l.p.b.i.spaces.QuerySpacesImpl - Adding QuerySpace : uid = <gen:50> -> org.hibernate.loader.plan.build.internal.spaces.CollectionQuerySpaceImpl@23268b0c]
13:23:07.409 [Test worker] DEBUG o.h.l.p.b.i.spaces.QuerySpacesImpl - Adding QuerySpace : uid = <gen:51> -> org.hibernate.loader.plan.build.internal.spaces.EntityQuerySpaceImpl@3772d2db]
13:23:07.409 [Test worker] DEBUG o.h.l.p.b.i.FetchStyleLoadPlanBuildingAssociationVisitationStrategy - Building LoadPlan...
13:23:07.409 [Test worker] DEBUG o.h.l.p.e.i.LoadQueryJoinAndFetchProcessor - processing queryspace <gen:0>
13:23:07.411 [Test worker] DEBUG o.h.l.p.b.spi.LoadPlanTreePrinter - LoadPlan(collection=org.project.neutrino.nfvo.catalogue.mano.record.NetworkServiceRecord.pnfr)
    - Returns
       - CollectionReturnImpl(collection=org.project.neutrino.nfvo.catalogue.mano.record.NetworkServiceRecord.pnfr, querySpaceUid=<gen:0>, path=[org.project.neutrino.nfvo.catalogue.mano.record.NetworkServiceRecord.pnfr])
          - (collection element) CollectionFetchableElementEntityGraph(entity=org.project.neutrino.nfvo.catalogue.mano.record.PhysicalNetworkFunctionRecord, querySpaceUid=<gen:1>, path=[org.project.neutrino.nfvo.catalogue.mano.record.NetworkServiceRecord.pnfr].<elements>)
             - CollectionAttributeFetchImpl(collection=org.project.neutrino.nfvo.catalogue.mano.record.PhysicalNetworkFunctionRecord.connected_virtual_link, querySpaceUid=<gen:2>, path=[org.project.neutrino.nfvo.catalogue.mano.record.NetworkServiceRecord.pnfr].<elements>.connected_virtual_link)
                - (collection element) CollectionFetchableElementEntityGraph(entity=org.project.neutrino.nfvo.catalogue.mano.record.VirtualLinkRecord, querySpaceUid=<gen:3>, path=[org.project.neutrino.nfvo.catalogue.mano.record.NetworkServiceRecord.pnfr].<elements>.connected_virtual_link.<elements>)
             - CollectionAttributeFetchImpl(collection=org.project.neutrino.nfvo.catalogue.mano.record.PhysicalNetworkFunctionRecord.connection_point, querySpaceUid=<gen:4>, path=[org.project.neutrino.nfvo.catalogue.mano.record.NetworkServiceRecord.pnfr].<elements>.connection_point)
                - (collection element) CollectionFetchableElementEntityGraph(entity=org.project.neutrino.nfvo.catalogue.mano.common.ConnectionPoint, querySpaceUid=<gen:5>, path=[org.project.neutrino.nfvo.catalogue.mano.record.NetworkServiceRecord.pnfr].<elements>.connection_point.<elements>)
             - EntityAttributeFetchImpl(entity=org.project.neutrino.nfvo.catalogue.mano.descriptor.PhysicalNetworkFunctionDescriptor, querySpaceUid=<gen:6>, path=[org.project.neutrino.nfvo.catalogue.mano.record.NetworkServiceRecord.pnfr].<elements>.descriptor_reference)
                - EntityAttributeFetchImpl(entity=org.project.neutrino.nfvo.catalogue.mano.common.Security, querySpaceUid=<gen:7>, path=[org.project.neutrino.nfvo.catalogue.mano.record.NetworkServiceRecord.pnfr].<elements>.descriptor_reference.pnfd_security)
             - EntityAttributeFetchImpl(entity=org.project.neutrino.nfvo.catalogue.mano.record.NetworkServiceRecord, querySpaceUid=<gen:8>, path=[org.project.neutrino.nfvo.catalogue.mano.record.NetworkServiceRecord.pnfr].<elements>.parent_ns)
                - CollectionAttributeFetchImpl(collection=org.project.neutrino.nfvo.catalogue.mano.record.NetworkServiceRecord.auto_scale_policy, querySpaceUid=<gen:9>, path=[org.project.neutrino.nfvo.catalogue.mano.record.NetworkServiceRecord.pnfr].<elements>.parent_ns.auto_scale_policy)
                   - (collection element) CollectionFetchableElementEntityGraph(entity=org.project.neutrino.nfvo.catalogue.mano.common.AutoScalePolicy, querySpaceUid=<gen:10>, path=[org.project.neutrino.nfvo.catalogue.mano.record.NetworkServiceRecord.pnfr].<elements>.parent_ns.auto_scale_policy.<elements>)
                - CollectionAttributeFetchImpl(collection=org.project.neutrino.nfvo.catalogue.mano.record.NetworkServiceRecord.connection_point, querySpaceUid=<gen:11>, path=[org.project.neutrino.nfvo.catalogue.mano.record.NetworkServiceRecord.pnfr].<elements>.parent_ns.connection_point)
                   - (collection element) CollectionFetchableElementEntityGraph(entity=org.project.neutrino.nfvo.catalogue.mano.common.ConnectionPoint, querySpaceUid=<gen:12>, path=[org.project.neutrino.nfvo.catalogue.mano.record.NetworkServiceRecord.pnfr].<elements>.parent_ns.connection_point.<elements>)
                - EntityAttributeFetchImpl(entity=org.project.neutrino.nfvo.catalogue.mano.common.NFVEntityDescriptor, querySpaceUid=<gen:13>, path=[org.project.neutrino.nfvo.catalogue.mano.record.NetworkServiceRecord.pnfr].<elements>.parent_ns.descriptor_reference)
                   - CollectionAttributeFetchImpl(collection=org.project.neutrino.nfvo.catalogue.mano.common.NFVEntityDescriptor.monitoring_parameter, querySpaceUid=<gen:14>, path=[org.project.neutrino.nfvo.catalogue.mano.record.NetworkServiceRecord.pnfr].<elements>.parent_ns.descriptor_reference.monitoring_parameter)
                   - CollectionAttributeFetchImpl(collection=org.project.neutrino.nfvo.catalogue.mano.descriptor.VirtualNetworkFunctionDescriptor.deployment_flavour, querySpaceUid=<gen:15>, path=[org.project.neutrino.nfvo.catalogue.mano.record.NetworkServiceRecord.pnfr].<elements>.parent_ns.descriptor_reference.deployment_flavour)
                      - (collection element) CollectionFetchableElementEntityGraph(entity=org.project.neutrino.nfvo.catalogue.mano.descriptor.VNFDDeploymentFlavour, querySpaceUid=<gen:16>, path=[org.project.neutrino.nfvo.catalogue.mano.record.NetworkServiceRecord.pnfr].<elements>.parent_ns.descriptor_reference.deployment_flavour.<elements>)
                   - EntityAttributeFetchImpl(entity=org.project.neutrino.nfvo.catalogue.mano.common.Security, querySpaceUid=<gen:17>, path=[org.project.neutrino.nfvo.catalogue.mano.record.NetworkServiceRecord.pnfr].<elements>.parent_ns.descriptor_reference.nsd_security)
                   - CollectionAttributeFetchImpl(collection=org.project.neutrino.nfvo.catalogue.mano.descriptor.NetworkServiceDescriptor.vnf_dependency, querySpaceUid=<gen:18>, path=[org.project.neutrino.nfvo.catalogue.mano.record.NetworkServiceRecord.pnfr].<elements>.parent_ns.descriptor_reference.vnf_dependency)
                      - (collection element) CollectionFetchableElementEntityGraph(entity=org.project.neutrino.nfvo.catalogue.mano.common.VNFDependency, querySpaceUid=<gen:19>, path=[org.project.neutrino.nfvo.catalogue.mano.record.NetworkServiceRecord.pnfr].<elements>.parent_ns.descriptor_reference.vnf_dependency.<elements>)
                   - CollectionAttributeFetchImpl(collection=org.project.neutrino.nfvo.catalogue.mano.descriptor.NetworkServiceDescriptor.vnfd, querySpaceUid=<gen:20>, path=[org.project.neutrino.nfvo.catalogue.mano.record.NetworkServiceRecord.pnfr].<elements>.parent_ns.descriptor_reference.vnfd)
                      - (collection element) CollectionFetchableElementEntityGraph(entity=org.project.neutrino.nfvo.catalogue.mano.descriptor.VirtualNetworkFunctionDescriptor, querySpaceUid=<gen:21>, path=[org.project.neutrino.nfvo.catalogue.mano.record.NetworkServiceRecord.pnfr].<elements>.parent_ns.descriptor_reference.vnfd.<elements>)
                - EntityAttributeFetchImpl(entity=org.project.neutrino.nfvo.catalogue.mano.common.LifecycleEvent, querySpaceUid=<gen:22>, path=[org.project.neutrino.nfvo.catalogue.mano.record.NetworkServiceRecord.pnfr].<elements>.parent_ns.lifecycle_event)
                - CollectionAttributeFetchImpl(collection=org.project.neutrino.nfvo.catalogue.mano.record.NetworkServiceRecord.lifecycle_event_history, querySpaceUid=<gen:23>, path=[org.project.neutrino.nfvo.catalogue.mano.record.NetworkServiceRecord.pnfr].<elements>.parent_ns.lifecycle_event_history)
                   - (collection element) CollectionFetchableElementEntityGraph(entity=org.project.neutrino.nfvo.catalogue.mano.common.LifecycleEvent, querySpaceUid=<gen:24>, path=[org.project.neutrino.nfvo.catalogue.mano.record.NetworkServiceRecord.pnfr].<elements>.parent_ns.lifecycle_event_history.<elements>)
                - EntityAttributeFetchImpl(entity=org.project.neutrino.nfvo.catalogue.mano.common.ServiceDeploymentFlavour, querySpaceUid=<gen:25>, path=[org.project.neutrino.nfvo.catalogue.mano.record.NetworkServiceRecord.pnfr].<elements>.parent_ns.service_deployment_flavour)
                - CollectionAttributeFetchImpl(collection=org.project.neutrino.nfvo.catalogue.mano.record.NetworkServiceRecord.vlr, querySpaceUid=<gen:26>, path=[org.project.neutrino.nfvo.catalogue.mano.record.NetworkServiceRecord.pnfr].<elements>.parent_ns.vlr)
                   - (collection element) CollectionFetchableElementEntityGraph(entity=org.project.neutrino.nfvo.catalogue.mano.record.VirtualLinkRecord, querySpaceUid=<gen:27>, path=[org.project.neutrino.nfvo.catalogue.mano.record.NetworkServiceRecord.pnfr].<elements>.parent_ns.vlr.<elements>)
                - CollectionAttributeFetchImpl(collection=org.project.neutrino.nfvo.catalogue.mano.record.NetworkServiceRecord.vnf_dependency, querySpaceUid=<gen:28>, path=[org.project.neutrino.nfvo.catalogue.mano.record.NetworkServiceRecord.pnfr].<elements>.parent_ns.vnf_dependency)
                   - (collection element) CollectionFetchableElementEntityGraph(entity=org.project.neutrino.nfvo.catalogue.mano.common.VNFDependency, querySpaceUid=<gen:29>, path=[org.project.neutrino.nfvo.catalogue.mano.record.NetworkServiceRecord.pnfr].<elements>.parent_ns.vnf_dependency.<elements>)
                - CollectionAttributeFetchImpl(collection=org.project.neutrino.nfvo.catalogue.mano.record.NetworkServiceRecord.vnffgr, querySpaceUid=<gen:30>, path=[org.project.neutrino.nfvo.catalogue.mano.record.NetworkServiceRecord.pnfr].<elements>.parent_ns.vnffgr)
                   - (collection element) CollectionFetchableElementEntityGraph(entity=org.project.neutrino.nfvo.catalogue.mano.descriptor.VNFForwardingGraph, querySpaceUid=<gen:31>, path=[org.project.neutrino.nfvo.catalogue.mano.record.NetworkServiceRecord.pnfr].<elements>.parent_ns.vnffgr.<elements>)
                - EntityAttributeFetchImpl(entity=org.project.neutrino.nfvo.catalogue.mano.record.VirtualNetworkFunctionRecord, querySpaceUid=<gen:32>, path=[org.project.neutrino.nfvo.catalogue.mano.record.NetworkServiceRecord.pnfr].<elements>.parent_ns.vnfr)
                   - CollectionAttributeFetchImpl(collection=org.project.neutrino.nfvo.catalogue.mano.record.VirtualNetworkFunctionRecord.auto_scale_policy, querySpaceUid=<gen:33>, path=[org.project.neutrino.nfvo.catalogue.mano.record.NetworkServiceRecord.pnfr].<elements>.parent_ns.vnfr.auto_scale_policy)
                      - (collection element) CollectionFetchableElementEntityGraph(entity=org.project.neutrino.nfvo.catalogue.mano.common.AutoScalePolicy, querySpaceUid=<gen:34>, path=[org.project.neutrino.nfvo.catalogue.mano.record.NetworkServiceRecord.pnfr].<elements>.parent_ns.vnfr.auto_scale_policy.<elements>)
                   - CollectionAttributeFetchImpl(collection=org.project.neutrino.nfvo.catalogue.mano.record.VirtualNetworkFunctionRecord.connected_external_virtual_link, querySpaceUid=<gen:35>, path=[org.project.neutrino.nfvo.catalogue.mano.record.NetworkServiceRecord.pnfr].<elements>.parent_ns.vnfr.connected_external_virtual_link)
                      - (collection element) CollectionFetchableElementEntityGraph(entity=org.project.neutrino.nfvo.catalogue.mano.record.VirtualLinkRecord, querySpaceUid=<gen:36>, path=[org.project.neutrino.nfvo.catalogue.mano.record.NetworkServiceRecord.pnfr].<elements>.parent_ns.vnfr.connected_external_virtual_link.<elements>)
                   - CollectionAttributeFetchImpl(collection=org.project.neutrino.nfvo.catalogue.mano.record.VirtualNetworkFunctionRecord.connection_point, querySpaceUid=<gen:37>, path=[org.project.neutrino.nfvo.catalogue.mano.record.NetworkServiceRecord.pnfr].<elements>.parent_ns.vnfr.connection_point)
                      - (collection element) CollectionFetchableElementEntityGraph(entity=org.project.neutrino.nfvo.catalogue.mano.common.ConnectionPoint, querySpaceUid=<gen:38>, path=[org.project.neutrino.nfvo.catalogue.mano.record.NetworkServiceRecord.pnfr].<elements>.parent_ns.vnfr.connection_point.<elements>)
                   - CollectionAttributeFetchImpl(collection=org.project.neutrino.nfvo.catalogue.mano.record.VirtualNetworkFunctionRecord.dependency, querySpaceUid=<gen:39>, path=[org.project.neutrino.nfvo.catalogue.mano.record.NetworkServiceRecord.pnfr].<elements>.parent_ns.vnfr.dependency)
                      - (collection element) CollectionFetchableElementEntityGraph(entity=org.project.neutrino.nfvo.catalogue.mano.common.VNFDependency, querySpaceUid=<gen:40>, path=[org.project.neutrino.nfvo.catalogue.mano.record.NetworkServiceRecord.pnfr].<elements>.parent_ns.vnfr.dependency.<elements>)
                   - EntityAttributeFetchImpl(entity=org.project.neutrino.nfvo.catalogue.mano.descriptor.VNFDDeploymentFlavour, querySpaceUid=<gen:41>, path=[org.project.neutrino.nfvo.catalogue.mano.record.NetworkServiceRecord.pnfr].<elements>.parent_ns.vnfr.deployment_flavour)
                   - EntityAttributeFetchImpl(entity=org.project.neutrino.nfvo.catalogue.mano.common.LifecycleEvent, querySpaceUid=<gen:42>, path=[org.project.neutrino.nfvo.catalogue.mano.record.NetworkServiceRecord.pnfr].<elements>.parent_ns.vnfr.lifecycle_event)
                   - CollectionAttributeFetchImpl(collection=org.project.neutrino.nfvo.catalogue.mano.record.VirtualNetworkFunctionRecord.lifecycle_event_history, querySpaceUid=<gen:43>, path=[org.project.neutrino.nfvo.catalogue.mano.record.NetworkServiceRecord.pnfr].<elements>.parent_ns.vnfr.lifecycle_event_history)
                      - (collection element) CollectionFetchableElementEntityGraph(entity=org.project.neutrino.nfvo.catalogue.mano.common.LifecycleEvent, querySpaceUid=<gen:44>, path=[org.project.neutrino.nfvo.catalogue.mano.record.NetworkServiceRecord.pnfr].<elements>.parent_ns.vnfr.lifecycle_event_history.<elements>)
                   - EntityAttributeFetchImpl(entity=org.project.neutrino.nfvo.catalogue.mano.record.NetworkServiceRecord, querySpaceUid=<gen:45>, path=[org.project.neutrino.nfvo.catalogue.mano.record.NetworkServiceRecord.pnfr].<elements>.parent_ns.vnfr.parent_ns)
                   - CollectionAttributeFetchImpl(collection=org.project.neutrino.nfvo.catalogue.mano.record.VirtualNetworkFunctionRecord.vdu, querySpaceUid=<gen:46>, path=[org.project.neutrino.nfvo.catalogue.mano.record.NetworkServiceRecord.pnfr].<elements>.parent_ns.vnfr.vdu)
                      - (collection element) CollectionFetchableElementEntityGraph(entity=org.project.neutrino.nfvo.catalogue.mano.descriptor.VirtualDeploymentUnit, querySpaceUid=<gen:47>, path=[org.project.neutrino.nfvo.catalogue.mano.record.NetworkServiceRecord.pnfr].<elements>.parent_ns.vnfr.vdu.<elements>)
                   - CollectionAttributeFetchImpl(collection=org.project.neutrino.nfvo.catalogue.mano.record.VirtualNetworkFunctionRecord.virtual_link, querySpaceUid=<gen:48>, path=[org.project.neutrino.nfvo.catalogue.mano.record.NetworkServiceRecord.pnfr].<elements>.parent_ns.vnfr.virtual_link)
                      - (collection element) CollectionFetchableElementEntityGraph(entity=org.project.neutrino.nfvo.catalogue.mano.descriptor.InternalVirtualLink, querySpaceUid=<gen:49>, path=[org.project.neutrino.nfvo.catalogue.mano.record.NetworkServiceRecord.pnfr].<elements>.parent_ns.vnfr.virtual_link.<elements>)
             - CollectionAttributeFetchImpl(collection=org.project.neutrino.nfvo.catalogue.mano.record.PhysicalNetworkFunctionRecord.vnffgr, querySpaceUid=<gen:50>, path=[org.project.neutrino.nfvo.catalogue.mano.record.NetworkServiceRecord.pnfr].<elements>.vnffgr)
                - (collection element) CollectionFetchableElementEntityGraph(entity=org.project.neutrino.nfvo.catalogue.mano.record.VNFForwardingGraphRecord, querySpaceUid=<gen:51>, path=[org.project.neutrino.nfvo.catalogue.mano.record.NetworkServiceRecord.pnfr].<elements>.vnffgr.<elements>)
    - QuerySpaces
       - CollectionQuerySpaceImpl(uid=<gen:0>, collection=org.project.neutrino.nfvo.catalogue.mano.record.NetworkServiceRecord.pnfr)
          - SQL table alias mapping - pnfr0_
          - alias suffix - 0_
          - suffixed key columns - {network_1_18_0_}
          - entity-element alias suffix - 1_
          - 1_entity-element suffixed key columns - id1_37_1_
          - JOIN (JoinDefinedByMetadata(elements)) : <gen:0> -> <gen:1>
             - EntityQuerySpaceImpl(uid=<gen:1>, entity=org.project.neutrino.nfvo.catalogue.mano.record.PhysicalNetworkFunctionRecord)
                - SQL table alias mapping - physicalne1_
                - alias suffix - 1_
                - suffixed key columns - {id1_37_1_}
                - JOIN (JoinDefinedByMetadata(descriptor_reference)) : <gen:1> -> <gen:6>
                   - EntityQuerySpaceImpl(uid=<gen:6>, entity=org.project.neutrino.nfvo.catalogue.mano.descriptor.PhysicalNetworkFunctionDescriptor)
                      - SQL table alias mapping - physicalne2_
                      - alias suffix - 2_
                      - suffixed key columns - {id1_35_2_}
                      - JOIN (JoinDefinedByMetadata(pnfd_security)) : <gen:6> -> <gen:7>
                         - EntityQuerySpaceImpl(uid=<gen:7>, entity=org.project.neutrino.nfvo.catalogue.mano.common.Security)
                            - SQL table alias mapping - security3_
                            - alias suffix - 3_
                            - suffixed key columns - {id1_43_3_}
                - JOIN (JoinDefinedByMetadata(parent_ns)) : <gen:1> -> <gen:8>
                   - EntityQuerySpaceImpl(uid=<gen:8>, entity=org.project.neutrino.nfvo.catalogue.mano.record.NetworkServiceRecord)
                      - SQL table alias mapping - networkser4_
                      - alias suffix - 4_
                      - suffixed key columns - {id1_18_4_}
                      - JOIN (JoinDefinedByMetadata(descriptor_reference)) : <gen:8> -> <gen:13>
                         - EntityQuerySpaceImpl(uid=<gen:13>, entity=org.project.neutrino.nfvo.catalogue.mano.common.NFVEntityDescriptor)
                            - SQL table alias mapping - nfventityd5_
                            - alias suffix - 5_
                            - suffixed key columns - {id1_27_5_}
                      - JOIN (JoinDefinedByMetadata(lifecycle_event)) : <gen:8> -> <gen:22>
                         - EntityQuerySpaceImpl(uid=<gen:22>, entity=org.project.neutrino.nfvo.catalogue.mano.common.LifecycleEvent)
                            - SQL table alias mapping - lifecyclee6_
                            - alias suffix - 6_
                            - suffixed key columns - {id1_10_6_}
                      - JOIN (JoinDefinedByMetadata(service_deployment_flavour)) : <gen:8> -> <gen:25>
                         - EntityQuerySpaceImpl(uid=<gen:25>, entity=org.project.neutrino.nfvo.catalogue.mano.common.ServiceDeploymentFlavour)
                            - SQL table alias mapping - servicedep7_
                            - alias suffix - 7_
                            - suffixed key columns - {id1_7_7_}
                      - JOIN (JoinDefinedByMetadata(vnfr)) : <gen:8> -> <gen:32>
                         - EntityQuerySpaceImpl(uid=<gen:32>, entity=org.project.neutrino.nfvo.catalogue.mano.record.VirtualNetworkFunctionRecord)
                            - SQL table alias mapping - virtualnet8_
                            - alias suffix - 8_
                            - suffixed key columns - {id1_68_8_}

13:23:07.412 [Test worker] DEBUG o.h.l.c.plan.CollectionLoader - Static select for collection org.project.neutrino.nfvo.catalogue.mano.record.NetworkServiceRecord.pnfr: select pnfr0_.network_service_record_id as network_1_18_0_, pnfr0_.pnfr_id as pnfr_id2_23_0_, physicalne1_.id as id1_37_1_, physicalne1_.description as descript2_37_1_, physicalne1_.descriptor_reference_id as descript6_37_1_, physicalne1_.oam_reference as oam_refe3_37_1_, physicalne1_.parent_ns_id as parent_n7_37_1_, physicalne1_.vendor as vendor4_37_1_, physicalne1_.version as version5_37_1_, physicalne2_.id as id1_35_2_, physicalne2_.description as descript2_35_2_, physicalne2_.descriptor_version as descript3_35_2_, physicalne2_.hb_version as hb_versi4_35_2_, physicalne2_.pnfd_security_id as pnfd_sec7_35_2_, physicalne2_.vendor as vendor5_35_2_, physicalne2_.version as version6_35_2_, security3_.id as id1_43_3_, security3_.version as version2_43_3_, networkser4_.id as id1_18_4_, networkser4_.audit_log as audit_lo2_18_4_, networkser4_.descriptor_reference_Id as descript9_18_4_, networkser4_.lifecycle_event_id as lifecyc10_18_4_, networkser4_.notification as notifica3_18_4_, networkser4_.resource_reservation as resource4_18_4_, networkser4_.runtime_policy_info as runtime_5_18_4_, networkser4_.service_deployment_flavour_id as service11_18_4_, networkser4_.status as status6_18_4_, networkser4_.vendor as vendor7_18_4_, networkser4_.version as version8_18_4_, networkser4_.vnfr_id as vnfr_id12_18_4_, nfventityd5_.id as id1_27_5_, nfventityd5_.hb_version as hb_versi2_27_5_, nfventityd5_.vendor as vendor3_27_5_, nfventityd5_.version as version4_27_5_, nfventityd5_.descriptor_version as descript1_62_5_, nfventityd5_.manifest_file as manifest2_62_5_, nfventityd5_.nsd_security_id as nsd_secu1_14_5_, nfventityd5_.clazz_ as clazz_5_, lifecyclee6_.id as id1_10_6_, lifecyclee6_.version as version2_10_6_, servicedep7_.id as id1_7_7_, servicedep7_.flavour_key as flavour_2_7_7_, servicedep7_.version as version3_7_7_, virtualnet8_.id as id1_68_8_, virtualnet8_.audit_log as audit_lo2_68_8_, virtualnet8_.deployment_flavour_id as deployme9_68_8_, virtualnet8_.descriptor_reference as descript3_68_8_, virtualnet8_.lifecycle_event_id as lifecyc10_68_8_, virtualnet8_.localization as localiza4_68_8_, virtualnet8_.parent_ns_id as parent_11_68_8_, virtualnet8_.status as status5_68_8_, virtualnet8_.vendor as vendor6_68_8_, virtualnet8_.version as version7_68_8_, virtualnet8_.vnfm_id as vnfm_id8_68_8_ from network_service_record_pnfr pnfr0_ inner join physical_network_function_record physicalne1_ on pnfr0_.pnfr_id=physicalne1_.id left outer join physical_network_function_descriptor physicalne2_ on physicalne1_.descriptor_reference_id=physicalne2_.id left outer join security security3_ on physicalne2_.pnfd_security_id=security3_.id left outer join network_service_record networkser4_ on physicalne1_.parent_ns_id=networkser4_.id left outer join ( select id, hb_version, vendor, version, descriptor_version, manifest_file, null as nsd_security_id, 1 as clazz_ from virtual_network_function_descriptor union select id, hb_version, vendor, version, null as descriptor_version, null as manifest_file, nsd_security_id, 2 as clazz_ from network_service_descriptor ) nfventityd5_ on networkser4_.descriptor_reference_Id=nfventityd5_.id left outer join lifecycle_event lifecyclee6_ on networkser4_.lifecycle_event_id=lifecyclee6_.id left outer join service_deployment_flavour servicedep7_ on networkser4_.service_deployment_flavour_id=servicedep7_.id left outer join virtual_network_function_record virtualnet8_ on networkser4_.vnfr_id=virtualnet8_.id where pnfr0_.network_service_record_id=?
13:23:07.412 [Test worker] DEBUG o.h.l.p.b.i.spaces.QuerySpacesImpl - Adding QuerySpace : uid = <gen:0> -> org.hibernate.loader.plan.build.internal.spaces.CollectionQuerySpaceImpl@5371444d]
13:23:07.412 [Test worker] DEBUG o.h.l.p.b.i.spaces.QuerySpacesImpl - Adding QuerySpace : uid = <gen:1> -> org.hibernate.loader.plan.build.internal.spaces.EntityQuerySpaceImpl@313b4607]
13:23:07.412 [Test worker] DEBUG o.h.p.w.spi.MetamodelGraphWalker - Visiting attribute path : connection_point
13:23:07.412 [Test worker] DEBUG o.h.p.w.spi.MetamodelGraphWalker - Visiting attribute path : constituent_vnfs
13:23:07.412 [Test worker] DEBUG o.h.p.w.spi.MetamodelGraphWalker - Visiting attribute path : dependent_virtual_link
13:23:07.412 [Test worker] DEBUG o.h.p.w.spi.MetamodelGraphWalker - Visiting attribute path : descriptor_version
13:23:07.412 [Test worker] DEBUG o.h.p.w.spi.MetamodelGraphWalker - Visiting attribute path : hb_version
13:23:07.412 [Test worker] DEBUG o.h.p.w.spi.MetamodelGraphWalker - Visiting attribute path : network_forwarding_path
13:23:07.413 [Test worker] DEBUG o.h.p.w.spi.MetamodelGraphWalker - Visiting attribute path : number_of_endpoints
13:23:07.413 [Test worker] DEBUG o.h.p.w.spi.MetamodelGraphWalker - Visiting attribute path : number_of_virtual_links
13:23:07.413 [Test worker] DEBUG o.h.p.w.spi.MetamodelGraphWalker - Visiting attribute path : vendor
13:23:07.413 [Test worker] DEBUG o.h.p.w.spi.MetamodelGraphWalker - Visiting attribute path : version
13:23:07.413 [Test worker] DEBUG o.h.p.w.spi.MetamodelGraphWalker - Visiting attribute path : vnffgd_security
13:23:07.413 [Test worker] DEBUG o.h.l.p.b.i.spaces.QuerySpacesImpl - Adding QuerySpace : uid = <gen:2> -> org.hibernate.loader.plan.build.internal.spaces.EntityQuerySpaceImpl@627f29ad]
13:23:07.413 [Test worker] DEBUG o.h.p.w.spi.MetamodelGraphWalker - Visiting attribute path : vnffgd_security.version
13:23:07.413 [Test worker] DEBUG o.h.l.p.b.i.FetchStyleLoadPlanBuildingAssociationVisitationStrategy - Building LoadPlan...
13:23:07.413 [Test worker] DEBUG o.h.l.p.e.i.LoadQueryJoinAndFetchProcessor - processing queryspace <gen:0>
13:23:07.413 [Test worker] DEBUG o.h.l.p.b.spi.LoadPlanTreePrinter - LoadPlan(collection=org.project.neutrino.nfvo.catalogue.mano.record.NetworkServiceRecord.vnffgr)
    - Returns
       - CollectionReturnImpl(collection=org.project.neutrino.nfvo.catalogue.mano.record.NetworkServiceRecord.vnffgr, querySpaceUid=<gen:0>, path=[org.project.neutrino.nfvo.catalogue.mano.record.NetworkServiceRecord.vnffgr])
          - (collection element) CollectionFetchableElementEntityGraph(entity=org.project.neutrino.nfvo.catalogue.mano.descriptor.VNFForwardingGraph, querySpaceUid=<gen:1>, path=[org.project.neutrino.nfvo.catalogue.mano.record.NetworkServiceRecord.vnffgr].<elements>)
             - EntityAttributeFetchImpl(entity=org.project.neutrino.nfvo.catalogue.mano.common.Security, querySpaceUid=<gen:2>, path=[org.project.neutrino.nfvo.catalogue.mano.record.NetworkServiceRecord.vnffgr].<elements>.vnffgd_security)
    - QuerySpaces
       - CollectionQuerySpaceImpl(uid=<gen:0>, collection=org.project.neutrino.nfvo.catalogue.mano.record.NetworkServiceRecord.vnffgr)
          - SQL table alias mapping - vnffgr0_
          - alias suffix - 0_
          - suffixed key columns - {network_1_18_0_}
          - entity-element alias suffix - 1_
          - 1_entity-element suffixed key columns - id1_87_1_
          - JOIN (JoinDefinedByMetadata(elements)) : <gen:0> -> <gen:1>
             - EntityQuerySpaceImpl(uid=<gen:1>, entity=org.project.neutrino.nfvo.catalogue.mano.descriptor.VNFForwardingGraph)
                - SQL table alias mapping - vnfforward1_
                - alias suffix - 1_
                - suffixed key columns - {id1_87_1_}
                - JOIN (JoinDefinedByMetadata(vnffgd_security)) : <gen:1> -> <gen:2>
                   - EntityQuerySpaceImpl(uid=<gen:2>, entity=org.project.neutrino.nfvo.catalogue.mano.common.Security)
                      - SQL table alias mapping - security2_
                      - alias suffix - 2_
                      - suffixed key columns - {id1_43_2_}

13:23:07.414 [Test worker] DEBUG o.h.l.c.plan.CollectionLoader - Static select for collection org.project.neutrino.nfvo.catalogue.mano.record.NetworkServiceRecord.vnffgr: select vnffgr0_.network_service_record_id as network_1_18_0_, vnffgr0_.vnffgr_id as vnffgr_i2_26_0_, vnfforward1_.id as id1_87_1_, vnfforward1_.descriptor_version as descript2_87_1_, vnfforward1_.hb_version as hb_versi3_87_1_, vnfforward1_.number_of_endpoints as number_o4_87_1_, vnfforward1_.number_of_virtual_links as number_o5_87_1_, vnfforward1_.vendor as vendor6_87_1_, vnfforward1_.version as version7_87_1_, vnfforward1_.vnffgd_security_id as vnffgd_s8_87_1_, security2_.id as id1_43_2_, security2_.version as version2_43_2_ from network_service_record_vnffgr vnffgr0_ inner join vnfforwarding_graph vnfforward1_ on vnffgr0_.vnffgr_id=vnfforward1_.id left outer join security security2_ on vnfforward1_.vnffgd_security_id=security2_.id where vnffgr0_.network_service_record_id=?
13:23:07.414 [Test worker] DEBUG o.h.l.p.b.i.spaces.QuerySpacesImpl - Adding QuerySpace : uid = <gen:0> -> org.hibernate.loader.plan.build.internal.spaces.CollectionQuerySpaceImpl@3cba2d07]
13:23:07.414 [Test worker] DEBUG o.h.l.p.b.i.FetchStyleLoadPlanBuildingAssociationVisitationStrategy - Building LoadPlan...
13:23:07.414 [Test worker] DEBUG o.h.l.p.e.i.LoadQueryJoinAndFetchProcessor - processing queryspace <gen:0>
13:23:07.414 [Test worker] DEBUG o.h.l.p.b.spi.LoadPlanTreePrinter - LoadPlan(collection=org.project.neutrino.nfvo.catalogue.mano.record.VirtualLinkRecord.qos)
    - Returns
       - CollectionReturnImpl(collection=org.project.neutrino.nfvo.catalogue.mano.record.VirtualLinkRecord.qos, querySpaceUid=<gen:0>, path=[org.project.neutrino.nfvo.catalogue.mano.record.VirtualLinkRecord.qos])
    - QuerySpaces
       - CollectionQuerySpaceImpl(uid=<gen:0>, collection=org.project.neutrino.nfvo.catalogue.mano.record.VirtualLinkRecord.qos)
          - SQL table alias mapping - qos0_
          - alias suffix - 0_
          - suffixed key columns - {virtual_1_54_0_}

13:23:07.414 [Test worker] DEBUG o.h.l.c.plan.CollectionLoader - Static select for collection org.project.neutrino.nfvo.catalogue.mano.record.VirtualLinkRecord.qos: select qos0_.virtual_link_record_id as virtual_1_54_0_, qos0_.qos as qos2_60_0_ from virtual_link_record_qos qos0_ where qos0_.virtual_link_record_id=?
13:23:07.414 [Test worker] DEBUG o.h.l.p.b.i.spaces.QuerySpacesImpl - Adding QuerySpace : uid = <gen:0> -> org.hibernate.loader.plan.build.internal.spaces.CollectionQuerySpaceImpl@754ee271]
13:23:07.414 [Test worker] DEBUG o.h.l.p.b.i.spaces.QuerySpacesImpl - Adding QuerySpace : uid = <gen:1> -> org.hibernate.loader.plan.build.internal.spaces.EntityQuerySpaceImpl@df4a4e2]
13:23:07.414 [Test worker] DEBUG o.h.p.w.spi.MetamodelGraphWalker - Visiting attribute path : audit_log
13:23:07.414 [Test worker] DEBUG o.h.p.w.spi.MetamodelGraphWalker - Visiting attribute path : connection_point
13:23:07.414 [Test worker] DEBUG o.h.l.p.b.i.spaces.QuerySpacesImpl - Adding QuerySpace : uid = <gen:2> -> org.hibernate.loader.plan.build.internal.spaces.CollectionQuerySpaceImpl@5b411dd7]
13:23:07.414 [Test worker] DEBUG o.h.l.p.b.i.spaces.QuerySpacesImpl - Adding QuerySpace : uid = <gen:3> -> org.hibernate.loader.plan.build.internal.spaces.EntityQuerySpaceImpl@100e3d0f]
13:23:07.415 [Test worker] DEBUG o.h.p.w.spi.MetamodelGraphWalker - Visiting attribute path : dependent_virtual_link
13:23:07.415 [Test worker] DEBUG o.h.l.p.b.i.spaces.QuerySpacesImpl - Adding QuerySpace : uid = <gen:4> -> org.hibernate.loader.plan.build.internal.spaces.CollectionQuerySpaceImpl@16caac05]
13:23:07.415 [Test worker] DEBUG o.h.l.p.b.i.spaces.QuerySpacesImpl - Adding QuerySpace : uid = <gen:5> -> org.hibernate.loader.plan.build.internal.spaces.EntityQuerySpaceImpl@53e387f3]
13:23:07.415 [Test worker] DEBUG o.h.p.w.spi.MetamodelGraphWalker - Visiting attribute path : descriptor_reference
13:23:07.415 [Test worker] DEBUG o.h.l.p.b.i.spaces.QuerySpacesImpl - Adding QuerySpace : uid = <gen:6> -> org.hibernate.loader.plan.build.internal.spaces.EntityQuerySpaceImpl@7ef28d8b]
13:23:07.415 [Test worker] DEBUG o.h.p.w.spi.MetamodelGraphWalker - Visiting attribute path : descriptor_reference.connection_point
13:23:07.415 [Test worker] DEBUG o.h.p.w.spi.MetamodelGraphWalker - Visiting attribute path : descriptor_reference.constituent_vnfs
13:23:07.415 [Test worker] DEBUG o.h.p.w.spi.MetamodelGraphWalker - Visiting attribute path : descriptor_reference.dependent_virtual_link
13:23:07.415 [Test worker] DEBUG o.h.p.w.spi.MetamodelGraphWalker - Visiting attribute path : descriptor_reference.descriptor_version
13:23:07.415 [Test worker] DEBUG o.h.p.w.spi.MetamodelGraphWalker - Visiting attribute path : descriptor_reference.hb_version
13:23:07.415 [Test worker] DEBUG o.h.p.w.spi.MetamodelGraphWalker - Visiting attribute path : descriptor_reference.network_forwarding_path
13:23:07.415 [Test worker] DEBUG o.h.p.w.spi.MetamodelGraphWalker - Visiting attribute path : descriptor_reference.number_of_endpoints
13:23:07.415 [Test worker] DEBUG o.h.p.w.spi.MetamodelGraphWalker - Visiting attribute path : descriptor_reference.number_of_virtual_links
13:23:07.415 [Test worker] DEBUG o.h.p.w.spi.MetamodelGraphWalker - Visiting attribute path : descriptor_reference.vendor
13:23:07.415 [Test worker] DEBUG o.h.p.w.spi.MetamodelGraphWalker - Visiting attribute path : descriptor_reference.version
13:23:07.415 [Test worker] DEBUG o.h.p.w.spi.MetamodelGraphWalker - Visiting attribute path : descriptor_reference.vnffgd_security
13:23:07.415 [Test worker] DEBUG o.h.l.p.b.i.spaces.QuerySpacesImpl - Adding QuerySpace : uid = <gen:7> -> org.hibernate.loader.plan.build.internal.spaces.EntityQuerySpaceImpl@94d8786]
13:23:07.415 [Test worker] DEBUG o.h.p.w.spi.MetamodelGraphWalker - Visiting attribute path : descriptor_reference.vnffgd_security.version
13:23:07.415 [Test worker] DEBUG o.h.p.w.spi.MetamodelGraphWalker - Visiting attribute path : lifecycle_event_history
13:23:07.415 [Test worker] DEBUG o.h.l.p.b.i.spaces.QuerySpacesImpl - Adding QuerySpace : uid = <gen:8> -> org.hibernate.loader.plan.build.internal.spaces.CollectionQuerySpaceImpl@7dee33fd]
13:23:07.415 [Test worker] DEBUG o.h.l.p.b.i.spaces.QuerySpacesImpl - Adding QuerySpace : uid = <gen:9> -> org.hibernate.loader.plan.build.internal.spaces.EntityQuerySpaceImpl@219767a2]
13:23:07.415 [Test worker] DEBUG o.h.p.w.spi.MetamodelGraphWalker - Visiting attribute path : member_vnfs
13:23:07.415 [Test worker] DEBUG o.h.l.p.b.i.spaces.QuerySpacesImpl - Adding QuerySpace : uid = <gen:10> -> org.hibernate.loader.plan.build.internal.spaces.CollectionQuerySpaceImpl@5b14cde8]
13:23:07.415 [Test worker] DEBUG o.h.l.p.b.i.spaces.QuerySpacesImpl - Adding QuerySpace : uid = <gen:11> -> org.hibernate.loader.plan.build.internal.spaces.EntityQuerySpaceImpl@32da690f]
13:23:07.415 [Test worker] DEBUG o.h.p.w.spi.MetamodelGraphWalker - Visiting attribute path : network_forwarding_path
13:23:07.415 [Test worker] DEBUG o.h.l.p.b.i.spaces.QuerySpacesImpl - Adding QuerySpace : uid = <gen:12> -> org.hibernate.loader.plan.build.internal.spaces.EntityQuerySpaceImpl@212771de]
13:23:07.415 [Test worker] DEBUG o.h.p.w.spi.MetamodelGraphWalker - Visiting attribute path : network_forwarding_path.connection
13:23:07.415 [Test worker] DEBUG o.h.l.p.b.i.spaces.QuerySpacesImpl - Adding QuerySpace : uid = <gen:13> -> org.hibernate.loader.plan.build.internal.spaces.CollectionQuerySpaceImpl@39dee970]
13:23:07.415 [Test worker] DEBUG o.h.p.w.spi.MetamodelGraphWalker - Visiting attribute path : network_forwarding_path.policy
13:23:07.415 [Test worker] DEBUG o.h.l.p.b.i.spaces.QuerySpacesImpl - Adding QuerySpace : uid = <gen:14> -> org.hibernate.loader.plan.build.internal.spaces.EntityQuerySpaceImpl@59afd5be]
13:23:07.416 [Test worker] DEBUG o.h.p.w.spi.MetamodelGraphWalker - Visiting attribute path : network_forwarding_path.policy.version
13:23:07.416 [Test worker] DEBUG o.h.p.w.spi.MetamodelGraphWalker - Visiting attribute path : network_forwarding_path.version
13:23:07.416 [Test worker] DEBUG o.h.p.w.spi.MetamodelGraphWalker - Visiting attribute path : notification
13:23:07.416 [Test worker] DEBUG o.h.p.w.spi.MetamodelGraphWalker - Visiting attribute path : number_of_endpoints
13:23:07.416 [Test worker] DEBUG o.h.p.w.spi.MetamodelGraphWalker - Visiting attribute path : number_of_pnfs
13:23:07.416 [Test worker] DEBUG o.h.p.w.spi.MetamodelGraphWalker - Visiting attribute path : number_of_virtual_links
13:23:07.416 [Test worker] DEBUG o.h.p.w.spi.MetamodelGraphWalker - Visiting attribute path : number_of_vnfs
13:23:07.416 [Test worker] DEBUG o.h.p.w.spi.MetamodelGraphWalker - Visiting attribute path : parent_ns
13:23:07.416 [Test worker] DEBUG o.h.l.p.b.i.spaces.QuerySpacesImpl - Adding QuerySpace : uid = <gen:15> -> org.hibernate.loader.plan.build.internal.spaces.EntityQuerySpaceImpl@5d9559db]
13:23:07.416 [Test worker] DEBUG o.h.p.w.spi.MetamodelGraphWalker - Visiting attribute path : parent_ns.audit_log
13:23:07.416 [Test worker] DEBUG o.h.p.w.spi.MetamodelGraphWalker - Visiting attribute path : parent_ns.auto_scale_policy
13:23:07.416 [Test worker] DEBUG o.h.l.p.b.i.spaces.QuerySpacesImpl - Adding QuerySpace : uid = <gen:16> -> org.hibernate.loader.plan.build.internal.spaces.CollectionQuerySpaceImpl@49568130]
13:23:07.416 [Test worker] DEBUG o.h.l.p.b.i.spaces.QuerySpacesImpl - Adding QuerySpace : uid = <gen:17> -> org.hibernate.loader.plan.build.internal.spaces.EntityQuerySpaceImpl@4e3b9bed]
13:23:07.416 [Test worker] DEBUG o.h.p.w.spi.MetamodelGraphWalker - Visiting attribute path : parent_ns.connection_point
13:23:07.416 [Test worker] DEBUG o.h.l.p.b.i.spaces.QuerySpacesImpl - Adding QuerySpace : uid = <gen:18> -> org.hibernate.loader.plan.build.internal.spaces.CollectionQuerySpaceImpl@2b7a0cbb]
13:23:07.416 [Test worker] DEBUG o.h.l.p.b.i.spaces.QuerySpacesImpl - Adding QuerySpace : uid = <gen:19> -> org.hibernate.loader.plan.build.internal.spaces.EntityQuerySpaceImpl@59d9df49]
13:23:07.416 [Test worker] DEBUG o.h.p.w.spi.MetamodelGraphWalker - Visiting attribute path : parent_ns.descriptor_reference
13:23:07.416 [Test worker] DEBUG o.h.l.p.b.i.spaces.QuerySpacesImpl - Adding QuerySpace : uid = <gen:20> -> org.hibernate.loader.plan.build.internal.spaces.EntityQuerySpaceImpl@6ed25fb4]
13:23:07.416 [Test worker] DEBUG o.h.p.w.spi.MetamodelGraphWalker - Visiting attribute path : parent_ns.descriptor_reference.auto_scale_policy
13:23:07.416 [Test worker] DEBUG o.h.p.w.spi.MetamodelGraphWalker - Visiting attribute path : parent_ns.descriptor_reference.connection_point
13:23:07.416 [Test worker] DEBUG o.h.p.w.spi.MetamodelGraphWalker - Visiting attribute path : parent_ns.descriptor_reference.hb_version
13:23:07.416 [Test worker] DEBUG o.h.p.w.spi.MetamodelGraphWalker - Visiting attribute path : parent_ns.descriptor_reference.lifecycle_event
13:23:07.416 [Test worker] DEBUG o.h.p.w.spi.MetamodelGraphWalker - Visiting attribute path : parent_ns.descriptor_reference.monitoring_parameter
13:23:07.416 [Test worker] DEBUG o.h.l.p.b.i.spaces.QuerySpacesImpl - Adding QuerySpace : uid = <gen:21> -> org.hibernate.loader.plan.build.internal.spaces.CollectionQuerySpaceImpl@4cc6a72a]
13:23:07.416 [Test worker] DEBUG o.h.p.w.spi.MetamodelGraphWalker - Visiting attribute path : parent_ns.descriptor_reference.service_deployment_flavour
13:23:07.416 [Test worker] DEBUG o.h.p.w.spi.MetamodelGraphWalker - Visiting attribute path : parent_ns.descriptor_reference.vendor
13:23:07.417 [Test worker] DEBUG o.h.p.w.spi.MetamodelGraphWalker - Visiting attribute path : parent_ns.descriptor_reference.version
13:23:07.417 [Test worker] DEBUG o.h.p.w.spi.MetamodelGraphWalker - Visiting attribute path : parent_ns.descriptor_reference.vld
13:23:07.417 [Test worker] DEBUG o.h.p.w.spi.MetamodelGraphWalker - Visiting attribute path : parent_ns.descriptor_reference.vnffgd
13:23:07.417 [Test worker] DEBUG o.h.p.w.spi.MetamodelGraphWalker - Visiting attribute path : parent_ns.descriptor_reference.deployment_flavour
13:23:07.417 [Test worker] DEBUG o.h.l.p.b.i.spaces.QuerySpacesImpl - Adding QuerySpace : uid = <gen:22> -> org.hibernate.loader.plan.build.internal.spaces.CollectionQuerySpaceImpl@608ddc7]
13:23:07.417 [Test worker] DEBUG o.h.l.p.b.i.spaces.QuerySpacesImpl - Adding QuerySpace : uid = <gen:23> -> org.hibernate.loader.plan.build.internal.spaces.EntityQuerySpaceImpl@301836e9]
13:23:07.417 [Test worker] DEBUG o.h.p.w.spi.MetamodelGraphWalker - Visiting attribute path : parent_ns.descriptor_reference.descriptor_version
13:23:07.417 [Test worker] DEBUG o.h.p.w.spi.MetamodelGraphWalker - Visiting attribute path : parent_ns.descriptor_reference.manifest_file
13:23:07.417 [Test worker] DEBUG o.h.p.w.spi.MetamodelGraphWalker - Visiting attribute path : parent_ns.descriptor_reference.manifest_file_security
13:23:07.417 [Test worker] DEBUG o.h.p.w.spi.MetamodelGraphWalker - Visiting attribute path : parent_ns.descriptor_reference.vdu
13:23:07.417 [Test worker] DEBUG o.h.p.w.spi.MetamodelGraphWalker - Visiting attribute path : parent_ns.descriptor_reference.vdu_dependency
13:23:07.417 [Test worker] DEBUG o.h.p.w.spi.MetamodelGraphWalker - Visiting attribute path : parent_ns.descriptor_reference.virtual_link
13:23:07.417 [Test worker] DEBUG o.h.p.w.spi.MetamodelGraphWalker - Visiting attribute path : parent_ns.descriptor_reference.nsd_security
13:23:07.417 [Test worker] DEBUG o.h.l.p.b.i.spaces.QuerySpacesImpl - Adding QuerySpace : uid = <gen:24> -> org.hibernate.loader.plan.build.internal.spaces.EntityQuerySpaceImpl@5bd13aa]
13:23:07.417 [Test worker] DEBUG o.h.p.w.spi.MetamodelGraphWalker - Visiting attribute path : parent_ns.descriptor_reference.pnfd
13:23:07.417 [Test worker] DEBUG o.h.p.w.spi.MetamodelGraphWalker - Visiting attribute path : parent_ns.descriptor_reference.vnf_dependency
13:23:07.417 [Test worker] DEBUG o.h.l.p.b.i.spaces.QuerySpacesImpl - Adding QuerySpace : uid = <gen:25> -> org.hibernate.loader.plan.build.internal.spaces.CollectionQuerySpaceImpl@405600d7]
13:23:07.417 [Test worker] DEBUG o.h.l.p.b.i.spaces.QuerySpacesImpl - Adding QuerySpace : uid = <gen:26> -> org.hibernate.loader.plan.build.internal.spaces.EntityQuerySpaceImpl@4e514440]
13:23:07.417 [Test worker] DEBUG o.h.p.w.spi.MetamodelGraphWalker - Visiting attribute path : parent_ns.descriptor_reference.vnfd
13:23:07.418 [Test worker] DEBUG o.h.l.p.b.i.spaces.QuerySpacesImpl - Adding QuerySpace : uid = <gen:27> -> org.hibernate.loader.plan.build.internal.spaces.CollectionQuerySpaceImpl@3957edeb]
13:23:07.418 [Test worker] DEBUG o.h.l.p.b.i.spaces.QuerySpacesImpl - Adding QuerySpace : uid = <gen:28> -> org.hibernate.loader.plan.build.internal.spaces.EntityQuerySpaceImpl@3bc4fcb6]
13:23:07.418 [Test worker] DEBUG o.h.p.w.spi.MetamodelGraphWalker - Visiting attribute path : parent_ns.lifecycle_event
13:23:07.418 [Test worker] DEBUG o.h.l.p.b.i.spaces.QuerySpacesImpl - Adding QuerySpace : uid = <gen:29> -> org.hibernate.loader.plan.build.internal.spaces.EntityQuerySpaceImpl@1ab2f62]
13:23:07.418 [Test worker] DEBUG o.h.p.w.spi.MetamodelGraphWalker - Visiting attribute path : parent_ns.lifecycle_event.lifecycle_events
13:23:07.418 [Test worker] DEBUG o.h.p.w.spi.MetamodelGraphWalker - Visiting attribute path : parent_ns.lifecycle_event.version
13:23:07.418 [Test worker] DEBUG o.h.p.w.spi.MetamodelGraphWalker - Visiting attribute path : parent_ns.lifecycle_event_history
13:23:07.418 [Test worker] DEBUG o.h.l.p.b.i.spaces.QuerySpacesImpl - Adding QuerySpace : uid = <gen:30> -> org.hibernate.loader.plan.build.internal.spaces.CollectionQuerySpaceImpl@17080026]
13:23:07.418 [Test worker] DEBUG o.h.l.p.b.i.spaces.QuerySpacesImpl - Adding QuerySpace : uid = <gen:31> -> org.hibernate.loader.plan.build.internal.spaces.EntityQuerySpaceImpl@e41ca9a]
13:23:07.418 [Test worker] DEBUG o.h.p.w.spi.MetamodelGraphWalker - Visiting attribute path : parent_ns.monitoring_parameter
13:23:07.418 [Test worker] DEBUG o.h.p.w.spi.MetamodelGraphWalker - Visiting attribute path : parent_ns.notification
13:23:07.418 [Test worker] DEBUG o.h.p.w.spi.MetamodelGraphWalker - Visiting attribute path : parent_ns.pnfr
13:23:07.418 [Test worker] DEBUG o.h.l.p.b.i.spaces.QuerySpacesImpl - Adding QuerySpace : uid = <gen:32> -> org.hibernate.loader.plan.build.internal.spaces.CollectionQuerySpaceImpl@15c4bc6]
13:23:07.418 [Test worker] DEBUG o.h.l.p.b.i.spaces.QuerySpacesImpl - Adding QuerySpace : uid = <gen:33> -> org.hibernate.loader.plan.build.internal.spaces.EntityQuerySpaceImpl@5272b4dc]
13:23:07.418 [Test worker] DEBUG o.h.p.w.spi.MetamodelGraphWalker - Visiting attribute path : parent_ns.resource_reservation
13:23:07.418 [Test worker] DEBUG o.h.p.w.spi.MetamodelGraphWalker - Visiting attribute path : parent_ns.runtime_policy_info
13:23:07.418 [Test worker] DEBUG o.h.p.w.spi.MetamodelGraphWalker - Visiting attribute path : parent_ns.service_deployment_flavour
13:23:07.418 [Test worker] DEBUG o.h.l.p.b.i.spaces.QuerySpacesImpl - Adding QuerySpace : uid = <gen:34> -> org.hibernate.loader.plan.build.internal.spaces.EntityQuerySpaceImpl@68c001cd]
13:23:07.418 [Test worker] DEBUG o.h.p.w.spi.MetamodelGraphWalker - Visiting attribute path : parent_ns.service_deployment_flavour.flavour_key
13:23:07.418 [Test worker] DEBUG o.h.p.w.spi.MetamodelGraphWalker - Visiting attribute path : parent_ns.service_deployment_flavour.version
13:23:07.419 [Test worker] DEBUG o.h.p.w.spi.MetamodelGraphWalker - Visiting attribute path : parent_ns.service_deployment_flavour.constituent_vnf
13:23:07.419 [Test worker] DEBUG o.h.p.w.spi.MetamodelGraphWalker - Visiting attribute path : parent_ns.status
13:23:07.419 [Test worker] DEBUG o.h.p.w.spi.MetamodelGraphWalker - Visiting attribute path : parent_ns.vendor
13:23:07.419 [Test worker] DEBUG o.h.p.w.spi.MetamodelGraphWalker - Visiting attribute path : parent_ns.version
13:23:07.419 [Test worker] DEBUG o.h.p.w.spi.MetamodelGraphWalker - Visiting attribute path : parent_ns.vlr
13:23:07.419 [Test worker] DEBUG o.h.l.p.b.i.spaces.QuerySpacesImpl - Adding QuerySpace : uid = <gen:35> -> org.hibernate.loader.plan.build.internal.spaces.CollectionQuerySpaceImpl@7c4f7575]
13:23:07.419 [Test worker] DEBUG o.h.l.p.b.i.spaces.QuerySpacesImpl - Adding QuerySpace : uid = <gen:36> -> org.hibernate.loader.plan.build.internal.spaces.EntityQuerySpaceImpl@44a89415]
13:23:07.419 [Test worker] DEBUG o.h.p.w.spi.MetamodelGraphWalker - Visiting attribute path : parent_ns.vnf_dependency
13:23:07.419 [Test worker] DEBUG o.h.l.p.b.i.spaces.QuerySpacesImpl - Adding QuerySpace : uid = <gen:37> -> org.hibernate.loader.plan.build.internal.spaces.CollectionQuerySpaceImpl@179211ea]
13:23:07.419 [Test worker] DEBUG o.h.l.p.b.i.spaces.QuerySpacesImpl - Adding QuerySpace : uid = <gen:38> -> org.hibernate.loader.plan.build.internal.spaces.EntityQuerySpaceImpl@76d625bc]
13:23:07.419 [Test worker] DEBUG o.h.p.w.spi.MetamodelGraphWalker - Visiting attribute path : parent_ns.vnffgr
13:23:07.419 [Test worker] DEBUG o.h.l.p.b.i.spaces.QuerySpacesImpl - Adding QuerySpace : uid = <gen:39> -> org.hibernate.loader.plan.build.internal.spaces.CollectionQuerySpaceImpl@65479697]
13:23:07.419 [Test worker] DEBUG o.h.l.p.b.i.spaces.QuerySpacesImpl - Adding QuerySpace : uid = <gen:40> -> org.hibernate.loader.plan.build.internal.spaces.EntityQuerySpaceImpl@3eefc773]
13:23:07.419 [Test worker] DEBUG o.h.p.w.spi.MetamodelGraphWalker - Visiting attribute path : parent_ns.vnfr
13:23:07.419 [Test worker] DEBUG o.h.l.p.b.i.spaces.QuerySpacesImpl - Adding QuerySpace : uid = <gen:41> -> org.hibernate.loader.plan.build.internal.spaces.EntityQuerySpaceImpl@700f6f4c]
13:23:07.419 [Test worker] DEBUG o.h.p.w.spi.MetamodelGraphWalker - Visiting attribute path : parent_ns.vnfr.audit_log
13:23:07.419 [Test worker] DEBUG o.h.p.w.spi.MetamodelGraphWalker - Visiting attribute path : parent_ns.vnfr.auto_scale_policy
13:23:07.419 [Test worker] DEBUG o.h.l.p.b.i.spaces.QuerySpacesImpl - Adding QuerySpace : uid = <gen:42> -> org.hibernate.loader.plan.build.internal.spaces.CollectionQuerySpaceImpl@560479dd]
13:23:07.419 [Test worker] DEBUG o.h.l.p.b.i.spaces.QuerySpacesImpl - Adding QuerySpace : uid = <gen:43> -> org.hibernate.loader.plan.build.internal.spaces.EntityQuerySpaceImpl@3fdcc849]
13:23:07.420 [Test worker] DEBUG o.h.p.w.spi.MetamodelGraphWalker - Visiting attribute path : parent_ns.vnfr.connected_external_virtual_link
13:23:07.420 [Test worker] DEBUG o.h.l.p.b.i.spaces.QuerySpacesImpl - Adding QuerySpace : uid = <gen:44> -> org.hibernate.loader.plan.build.internal.spaces.CollectionQuerySpaceImpl@37e15160]
13:23:07.420 [Test worker] DEBUG o.h.l.p.b.i.spaces.QuerySpacesImpl - Adding QuerySpace : uid = <gen:45> -> org.hibernate.loader.plan.build.internal.spaces.EntityQuerySpaceImpl@29a59249]
13:23:07.420 [Test worker] DEBUG o.h.p.w.spi.MetamodelGraphWalker - Visiting attribute path : parent_ns.vnfr.connection_point
13:23:07.420 [Test worker] DEBUG o.h.l.p.b.i.spaces.QuerySpacesImpl - Adding QuerySpace : uid = <gen:46> -> org.hibernate.loader.plan.build.internal.spaces.CollectionQuerySpaceImpl@35270bfb]
13:23:07.420 [Test worker] DEBUG o.h.l.p.b.i.spaces.QuerySpacesImpl - Adding QuerySpace : uid = <gen:47> -> org.hibernate.loader.plan.build.internal.spaces.EntityQuerySpaceImpl@1683a700]
13:23:07.420 [Test worker] DEBUG o.h.p.w.spi.MetamodelGraphWalker - Visiting attribute path : parent_ns.vnfr.dependency
13:23:07.420 [Test worker] DEBUG o.h.l.p.b.i.spaces.QuerySpacesImpl - Adding QuerySpace : uid = <gen:48> -> org.hibernate.loader.plan.build.internal.spaces.CollectionQuerySpaceImpl@1d48fc8c]
13:23:07.420 [Test worker] DEBUG o.h.l.p.b.i.spaces.QuerySpacesImpl - Adding QuerySpace : uid = <gen:49> -> org.hibernate.loader.plan.build.internal.spaces.EntityQuerySpaceImpl@22bc5a59]
13:23:07.420 [Test worker] DEBUG o.h.p.w.spi.MetamodelGraphWalker - Visiting attribute path : parent_ns.vnfr.deployment_flavour
13:23:07.420 [Test worker] DEBUG o.h.l.p.b.i.spaces.QuerySpacesImpl - Adding QuerySpace : uid = <gen:50> -> org.hibernate.loader.plan.build.internal.spaces.EntityQuerySpaceImpl@7bcf9adf]
13:23:07.420 [Test worker] DEBUG o.h.p.w.spi.MetamodelGraphWalker - Visiting attribute path : parent_ns.vnfr.descriptor_reference
13:23:07.420 [Test worker] DEBUG o.h.p.w.spi.MetamodelGraphWalker - Visiting attribute path : parent_ns.vnfr.lifecycle_event
13:23:07.420 [Test worker] DEBUG o.h.l.p.b.i.spaces.QuerySpacesImpl - Adding QuerySpace : uid = <gen:51> -> org.hibernate.loader.plan.build.internal.spaces.EntityQuerySpaceImpl@7ac0e5f9]
13:23:07.420 [Test worker] DEBUG o.h.p.w.spi.MetamodelGraphWalker - Visiting attribute path : parent_ns.vnfr.lifecycle_event_history
13:23:07.420 [Test worker] DEBUG o.h.l.p.b.i.spaces.QuerySpacesImpl - Adding QuerySpace : uid = <gen:52> -> org.hibernate.loader.plan.build.internal.spaces.CollectionQuerySpaceImpl@e3a7d65]
13:23:07.420 [Test worker] DEBUG o.h.l.p.b.i.spaces.QuerySpacesImpl - Adding QuerySpace : uid = <gen:53> -> org.hibernate.loader.plan.build.internal.spaces.EntityQuerySpaceImpl@21fe792f]
13:23:07.420 [Test worker] DEBUG o.h.p.w.spi.MetamodelGraphWalker - Visiting attribute path : parent_ns.vnfr.localization
13:23:07.420 [Test worker] DEBUG o.h.p.w.spi.MetamodelGraphWalker - Visiting attribute path : parent_ns.vnfr.monitoring_parameter
13:23:07.420 [Test worker] DEBUG o.h.p.w.spi.MetamodelGraphWalker - Visiting attribute path : parent_ns.vnfr.notification
13:23:07.420 [Test worker] DEBUG o.h.p.w.spi.MetamodelGraphWalker - Visiting attribute path : parent_ns.vnfr.parent_ns
13:23:07.421 [Test worker] DEBUG o.h.l.p.b.i.spaces.QuerySpacesImpl - Adding QuerySpace : uid = <gen:54> -> org.hibernate.loader.plan.build.internal.spaces.EntityQuerySpaceImpl@49c60e18]
13:23:07.421 [Test worker] DEBUG o.h.p.w.spi.MetamodelGraphWalker - Visiting attribute path : parent_ns.vnfr.runtime_policy_info
13:23:07.421 [Test worker] DEBUG o.h.p.w.spi.MetamodelGraphWalker - Visiting attribute path : parent_ns.vnfr.status
13:23:07.421 [Test worker] DEBUG o.h.p.w.spi.MetamodelGraphWalker - Visiting attribute path : parent_ns.vnfr.vdu
13:23:07.421 [Test worker] DEBUG o.h.l.p.b.i.spaces.QuerySpacesImpl - Adding QuerySpace : uid = <gen:55> -> org.hibernate.loader.plan.build.internal.spaces.CollectionQuerySpaceImpl@69c76f7e]
13:23:07.421 [Test worker] DEBUG o.h.l.p.b.i.spaces.QuerySpacesImpl - Adding QuerySpace : uid = <gen:56> -> org.hibernate.loader.plan.build.internal.spaces.EntityQuerySpaceImpl@2468ef73]
13:23:07.421 [Test worker] DEBUG o.h.p.w.spi.MetamodelGraphWalker - Visiting attribute path : parent_ns.vnfr.vendor
13:23:07.421 [Test worker] DEBUG o.h.p.w.spi.MetamodelGraphWalker - Visiting attribute path : parent_ns.vnfr.version
13:23:07.421 [Test worker] DEBUG o.h.p.w.spi.MetamodelGraphWalker - Visiting attribute path : parent_ns.vnfr.virtual_link
13:23:07.421 [Test worker] DEBUG o.h.l.p.b.i.spaces.QuerySpacesImpl - Adding QuerySpace : uid = <gen:57> -> org.hibernate.loader.plan.build.internal.spaces.CollectionQuerySpaceImpl@654079b1]
13:23:07.421 [Test worker] DEBUG o.h.l.p.b.i.spaces.QuerySpacesImpl - Adding QuerySpace : uid = <gen:58> -> org.hibernate.loader.plan.build.internal.spaces.EntityQuerySpaceImpl@6bf58765]
13:23:07.421 [Test worker] DEBUG o.h.p.w.spi.MetamodelGraphWalker - Visiting attribute path : parent_ns.vnfr.vnf_address
13:23:07.421 [Test worker] DEBUG o.h.p.w.spi.MetamodelGraphWalker - Visiting attribute path : parent_ns.vnfr.vnfm_id
13:23:07.421 [Test worker] DEBUG o.h.p.w.spi.MetamodelGraphWalker - Visiting attribute path : status
13:23:07.421 [Test worker] DEBUG o.h.p.w.spi.MetamodelGraphWalker - Visiting attribute path : vendor
13:23:07.421 [Test worker] DEBUG o.h.p.w.spi.MetamodelGraphWalker - Visiting attribute path : version
13:23:07.421 [Test worker] DEBUG o.h.l.p.b.i.FetchStyleLoadPlanBuildingAssociationVisitationStrategy - Building LoadPlan...
13:23:07.421 [Test worker] DEBUG o.h.l.p.e.i.LoadQueryJoinAndFetchProcessor - processing queryspace <gen:0>
13:23:07.423 [Test worker] DEBUG o.h.l.p.b.spi.LoadPlanTreePrinter - LoadPlan(collection=org.project.neutrino.nfvo.catalogue.mano.record.PhysicalNetworkFunctionRecord.vnffgr)
    - Returns
       - CollectionReturnImpl(collection=org.project.neutrino.nfvo.catalogue.mano.record.PhysicalNetworkFunctionRecord.vnffgr, querySpaceUid=<gen:0>, path=[org.project.neutrino.nfvo.catalogue.mano.record.PhysicalNetworkFunctionRecord.vnffgr])
          - (collection element) CollectionFetchableElementEntityGraph(entity=org.project.neutrino.nfvo.catalogue.mano.record.VNFForwardingGraphRecord, querySpaceUid=<gen:1>, path=[org.project.neutrino.nfvo.catalogue.mano.record.PhysicalNetworkFunctionRecord.vnffgr].<elements>)
             - CollectionAttributeFetchImpl(collection=org.project.neutrino.nfvo.catalogue.mano.record.VNFForwardingGraphRecord.connection_point, querySpaceUid=<gen:2>, path=[org.project.neutrino.nfvo.catalogue.mano.record.PhysicalNetworkFunctionRecord.vnffgr].<elements>.connection_point)
                - (collection element) CollectionFetchableElementEntityGraph(entity=org.project.neutrino.nfvo.catalogue.mano.descriptor.VNFDConnectionPoint, querySpaceUid=<gen:3>, path=[org.project.neutrino.nfvo.catalogue.mano.record.PhysicalNetworkFunctionRecord.vnffgr].<elements>.connection_point.<elements>)
             - CollectionAttributeFetchImpl(collection=org.project.neutrino.nfvo.catalogue.mano.record.VNFForwardingGraphRecord.dependent_virtual_link, querySpaceUid=<gen:4>, path=[org.project.neutrino.nfvo.catalogue.mano.record.PhysicalNetworkFunctionRecord.vnffgr].<elements>.dependent_virtual_link)
                - (collection element) CollectionFetchableElementEntityGraph(entity=org.project.neutrino.nfvo.catalogue.mano.record.VirtualLinkRecord, querySpaceUid=<gen:5>, path=[org.project.neutrino.nfvo.catalogue.mano.record.PhysicalNetworkFunctionRecord.vnffgr].<elements>.dependent_virtual_link.<elements>)
             - EntityAttributeFetchImpl(entity=org.project.neutrino.nfvo.catalogue.mano.descriptor.VNFForwardingGraph, querySpaceUid=<gen:6>, path=[org.project.neutrino.nfvo.catalogue.mano.record.PhysicalNetworkFunctionRecord.vnffgr].<elements>.descriptor_reference)
                - EntityAttributeFetchImpl(entity=org.project.neutrino.nfvo.catalogue.mano.common.Security, querySpaceUid=<gen:7>, path=[org.project.neutrino.nfvo.catalogue.mano.record.PhysicalNetworkFunctionRecord.vnffgr].<elements>.descriptor_reference.vnffgd_security)
             - CollectionAttributeFetchImpl(collection=org.project.neutrino.nfvo.catalogue.mano.record.VNFForwardingGraphRecord.lifecycle_event_history, querySpaceUid=<gen:8>, path=[org.project.neutrino.nfvo.catalogue.mano.record.PhysicalNetworkFunctionRecord.vnffgr].<elements>.lifecycle_event_history)
                - (collection element) CollectionFetchableElementEntityGraph(entity=org.project.neutrino.nfvo.catalogue.mano.common.LifecycleEvent, querySpaceUid=<gen:9>, path=[org.project.neutrino.nfvo.catalogue.mano.record.PhysicalNetworkFunctionRecord.vnffgr].<elements>.lifecycle_event_history.<elements>)
             - CollectionAttributeFetchImpl(collection=org.project.neutrino.nfvo.catalogue.mano.record.VNFForwardingGraphRecord.member_vnfs, querySpaceUid=<gen:10>, path=[org.project.neutrino.nfvo.catalogue.mano.record.PhysicalNetworkFunctionRecord.vnffgr].<elements>.member_vnfs)
                - (collection element) CollectionFetchableElementEntityGraph(entity=org.project.neutrino.nfvo.catalogue.mano.record.VirtualNetworkFunctionRecord, querySpaceUid=<gen:11>, path=[org.project.neutrino.nfvo.catalogue.mano.record.PhysicalNetworkFunctionRecord.vnffgr].<elements>.member_vnfs.<elements>)
             - EntityAttributeFetchImpl(entity=org.project.neutrino.nfvo.catalogue.mano.descriptor.NetworkForwardingPath, querySpaceUid=<gen:12>, path=[org.project.neutrino.nfvo.catalogue.mano.record.PhysicalNetworkFunctionRecord.vnffgr].<elements>.network_forwarding_path)
                - CollectionAttributeFetchImpl(collection=org.project.neutrino.nfvo.catalogue.mano.descriptor.NetworkForwardingPath.connection, querySpaceUid=<gen:13>, path=[org.project.neutrino.nfvo.catalogue.mano.record.PhysicalNetworkFunctionRecord.vnffgr].<elements>.network_forwarding_path.connection)
                - EntityAttributeFetchImpl(entity=org.project.neutrino.nfvo.catalogue.mano.descriptor.Policy, querySpaceUid=<gen:14>, path=[org.project.neutrino.nfvo.catalogue.mano.record.PhysicalNetworkFunctionRecord.vnffgr].<elements>.network_forwarding_path.policy)
             - EntityAttributeFetchImpl(entity=org.project.neutrino.nfvo.catalogue.mano.record.NetworkServiceRecord, querySpaceUid=<gen:15>, path=[org.project.neutrino.nfvo.catalogue.mano.record.PhysicalNetworkFunctionRecord.vnffgr].<elements>.parent_ns)
                - CollectionAttributeFetchImpl(collection=org.project.neutrino.nfvo.catalogue.mano.record.NetworkServiceRecord.auto_scale_policy, querySpaceUid=<gen:16>, path=[org.project.neutrino.nfvo.catalogue.mano.record.PhysicalNetworkFunctionRecord.vnffgr].<elements>.parent_ns.auto_scale_policy)
                   - (collection element) CollectionFetchableElementEntityGraph(entity=org.project.neutrino.nfvo.catalogue.mano.common.AutoScalePolicy, querySpaceUid=<gen:17>, path=[org.project.neutrino.nfvo.catalogue.mano.record.PhysicalNetworkFunctionRecord.vnffgr].<elements>.parent_ns.auto_scale_policy.<elements>)
                - CollectionAttributeFetchImpl(collection=org.project.neutrino.nfvo.catalogue.mano.record.NetworkServiceRecord.connection_point, querySpaceUid=<gen:18>, path=[org.project.neutrino.nfvo.catalogue.mano.record.PhysicalNetworkFunctionRecord.vnffgr].<elements>.parent_ns.connection_point)
                   - (collection element) CollectionFetchableElementEntityGraph(entity=org.project.neutrino.nfvo.catalogue.mano.common.ConnectionPoint, querySpaceUid=<gen:19>, path=[org.project.neutrino.nfvo.catalogue.mano.record.PhysicalNetworkFunctionRecord.vnffgr].<elements>.parent_ns.connection_point.<elements>)
                - EntityAttributeFetchImpl(entity=org.project.neutrino.nfvo.catalogue.mano.common.NFVEntityDescriptor, querySpaceUid=<gen:20>, path=[org.project.neutrino.nfvo.catalogue.mano.record.PhysicalNetworkFunctionRecord.vnffgr].<elements>.parent_ns.descriptor_reference)
                   - CollectionAttributeFetchImpl(collection=org.project.neutrino.nfvo.catalogue.mano.common.NFVEntityDescriptor.monitoring_parameter, querySpaceUid=<gen:21>, path=[org.project.neutrino.nfvo.catalogue.mano.record.PhysicalNetworkFunctionRecord.vnffgr].<elements>.parent_ns.descriptor_reference.monitoring_parameter)
                   - CollectionAttributeFetchImpl(collection=org.project.neutrino.nfvo.catalogue.mano.descriptor.VirtualNetworkFunctionDescriptor.deployment_flavour, querySpaceUid=<gen:22>, path=[org.project.neutrino.nfvo.catalogue.mano.record.PhysicalNetworkFunctionRecord.vnffgr].<elements>.parent_ns.descriptor_reference.deployment_flavour)
                      - (collection element) CollectionFetchableElementEntityGraph(entity=org.project.neutrino.nfvo.catalogue.mano.descriptor.VNFDDeploymentFlavour, querySpaceUid=<gen:23>, path=[org.project.neutrino.nfvo.catalogue.mano.record.PhysicalNetworkFunctionRecord.vnffgr].<elements>.parent_ns.descriptor_reference.deployment_flavour.<elements>)
                   - EntityAttributeFetchImpl(entity=org.project.neutrino.nfvo.catalogue.mano.common.Security, querySpaceUid=<gen:24>, path=[org.project.neutrino.nfvo.catalogue.mano.record.PhysicalNetworkFunctionRecord.vnffgr].<elements>.parent_ns.descriptor_reference.nsd_security)
                   - CollectionAttributeFetchImpl(collection=org.project.neutrino.nfvo.catalogue.mano.descriptor.NetworkServiceDescriptor.vnf_dependency, querySpaceUid=<gen:25>, path=[org.project.neutrino.nfvo.catalogue.mano.record.PhysicalNetworkFunctionRecord.vnffgr].<elements>.parent_ns.descriptor_reference.vnf_dependency)
                      - (collection element) CollectionFetchableElementEntityGraph(entity=org.project.neutrino.nfvo.catalogue.mano.common.VNFDependency, querySpaceUid=<gen:26>, path=[org.project.neutrino.nfvo.catalogue.mano.record.PhysicalNetworkFunctionRecord.vnffgr].<elements>.parent_ns.descriptor_reference.vnf_dependency.<elements>)
                   - CollectionAttributeFetchImpl(collection=org.project.neutrino.nfvo.catalogue.mano.descriptor.NetworkServiceDescriptor.vnfd, querySpaceUid=<gen:27>, path=[org.project.neutrino.nfvo.catalogue.mano.record.PhysicalNetworkFunctionRecord.vnffgr].<elements>.parent_ns.descriptor_reference.vnfd)
                      - (collection element) CollectionFetchableElementEntityGraph(entity=org.project.neutrino.nfvo.catalogue.mano.descriptor.VirtualNetworkFunctionDescriptor, querySpaceUid=<gen:28>, path=[org.project.neutrino.nfvo.catalogue.mano.record.PhysicalNetworkFunctionRecord.vnffgr].<elements>.parent_ns.descriptor_reference.vnfd.<elements>)
                - EntityAttributeFetchImpl(entity=org.project.neutrino.nfvo.catalogue.mano.common.LifecycleEvent, querySpaceUid=<gen:29>, path=[org.project.neutrino.nfvo.catalogue.mano.record.PhysicalNetworkFunctionRecord.vnffgr].<elements>.parent_ns.lifecycle_event)
                - CollectionAttributeFetchImpl(collection=org.project.neutrino.nfvo.catalogue.mano.record.NetworkServiceRecord.lifecycle_event_history, querySpaceUid=<gen:30>, path=[org.project.neutrino.nfvo.catalogue.mano.record.PhysicalNetworkFunctionRecord.vnffgr].<elements>.parent_ns.lifecycle_event_history)
                   - (collection element) CollectionFetchableElementEntityGraph(entity=org.project.neutrino.nfvo.catalogue.mano.common.LifecycleEvent, querySpaceUid=<gen:31>, path=[org.project.neutrino.nfvo.catalogue.mano.record.PhysicalNetworkFunctionRecord.vnffgr].<elements>.parent_ns.lifecycle_event_history.<elements>)
                - CollectionAttributeFetchImpl(collection=org.project.neutrino.nfvo.catalogue.mano.record.NetworkServiceRecord.pnfr, querySpaceUid=<gen:32>, path=[org.project.neutrino.nfvo.catalogue.mano.record.PhysicalNetworkFunctionRecord.vnffgr].<elements>.parent_ns.pnfr)
                   - (collection element) CollectionFetchableElementEntityGraph(entity=org.project.neutrino.nfvo.catalogue.mano.record.PhysicalNetworkFunctionRecord, querySpaceUid=<gen:33>, path=[org.project.neutrino.nfvo.catalogue.mano.record.PhysicalNetworkFunctionRecord.vnffgr].<elements>.parent_ns.pnfr.<elements>)
                - EntityAttributeFetchImpl(entity=org.project.neutrino.nfvo.catalogue.mano.common.ServiceDeploymentFlavour, querySpaceUid=<gen:34>, path=[org.project.neutrino.nfvo.catalogue.mano.record.PhysicalNetworkFunctionRecord.vnffgr].<elements>.parent_ns.service_deployment_flavour)
                - CollectionAttributeFetchImpl(collection=org.project.neutrino.nfvo.catalogue.mano.record.NetworkServiceRecord.vlr, querySpaceUid=<gen:35>, path=[org.project.neutrino.nfvo.catalogue.mano.record.PhysicalNetworkFunctionRecord.vnffgr].<elements>.parent_ns.vlr)
                   - (collection element) CollectionFetchableElementEntityGraph(entity=org.project.neutrino.nfvo.catalogue.mano.record.VirtualLinkRecord, querySpaceUid=<gen:36>, path=[org.project.neutrino.nfvo.catalogue.mano.record.PhysicalNetworkFunctionRecord.vnffgr].<elements>.parent_ns.vlr.<elements>)
                - CollectionAttributeFetchImpl(collection=org.project.neutrino.nfvo.catalogue.mano.record.NetworkServiceRecord.vnf_dependency, querySpaceUid=<gen:37>, path=[org.project.neutrino.nfvo.catalogue.mano.record.PhysicalNetworkFunctionRecord.vnffgr].<elements>.parent_ns.vnf_dependency)
                   - (collection element) CollectionFetchableElementEntityGraph(entity=org.project.neutrino.nfvo.catalogue.mano.common.VNFDependency, querySpaceUid=<gen:38>, path=[org.project.neutrino.nfvo.catalogue.mano.record.PhysicalNetworkFunctionRecord.vnffgr].<elements>.parent_ns.vnf_dependency.<elements>)
                - CollectionAttributeFetchImpl(collection=org.project.neutrino.nfvo.catalogue.mano.record.NetworkServiceRecord.vnffgr, querySpaceUid=<gen:39>, path=[org.project.neutrino.nfvo.catalogue.mano.record.PhysicalNetworkFunctionRecord.vnffgr].<elements>.parent_ns.vnffgr)
                   - (collection element) CollectionFetchableElementEntityGraph(entity=org.project.neutrino.nfvo.catalogue.mano.descriptor.VNFForwardingGraph, querySpaceUid=<gen:40>, path=[org.project.neutrino.nfvo.catalogue.mano.record.PhysicalNetworkFunctionRecord.vnffgr].<elements>.parent_ns.vnffgr.<elements>)
                - EntityAttributeFetchImpl(entity=org.project.neutrino.nfvo.catalogue.mano.record.VirtualNetworkFunctionRecord, querySpaceUid=<gen:41>, path=[org.project.neutrino.nfvo.catalogue.mano.record.PhysicalNetworkFunctionRecord.vnffgr].<elements>.parent_ns.vnfr)
                   - CollectionAttributeFetchImpl(collection=org.project.neutrino.nfvo.catalogue.mano.record.VirtualNetworkFunctionRecord.auto_scale_policy, querySpaceUid=<gen:42>, path=[org.project.neutrino.nfvo.catalogue.mano.record.PhysicalNetworkFunctionRecord.vnffgr].<elements>.parent_ns.vnfr.auto_scale_policy)
                      - (collection element) CollectionFetchableElementEntityGraph(entity=org.project.neutrino.nfvo.catalogue.mano.common.AutoScalePolicy, querySpaceUid=<gen:43>, path=[org.project.neutrino.nfvo.catalogue.mano.record.PhysicalNetworkFunctionRecord.vnffgr].<elements>.parent_ns.vnfr.auto_scale_policy.<elements>)
                   - CollectionAttributeFetchImpl(collection=org.project.neutrino.nfvo.catalogue.mano.record.VirtualNetworkFunctionRecord.connected_external_virtual_link, querySpaceUid=<gen:44>, path=[org.project.neutrino.nfvo.catalogue.mano.record.PhysicalNetworkFunctionRecord.vnffgr].<elements>.parent_ns.vnfr.connected_external_virtual_link)
                      - (collection element) CollectionFetchableElementEntityGraph(entity=org.project.neutrino.nfvo.catalogue.mano.record.VirtualLinkRecord, querySpaceUid=<gen:45>, path=[org.project.neutrino.nfvo.catalogue.mano.record.PhysicalNetworkFunctionRecord.vnffgr].<elements>.parent_ns.vnfr.connected_external_virtual_link.<elements>)
                   - CollectionAttributeFetchImpl(collection=org.project.neutrino.nfvo.catalogue.mano.record.VirtualNetworkFunctionRecord.connection_point, querySpaceUid=<gen:46>, path=[org.project.neutrino.nfvo.catalogue.mano.record.PhysicalNetworkFunctionRecord.vnffgr].<elements>.parent_ns.vnfr.connection_point)
                      - (collection element) CollectionFetchableElementEntityGraph(entity=org.project.neutrino.nfvo.catalogue.mano.common.ConnectionPoint, querySpaceUid=<gen:47>, path=[org.project.neutrino.nfvo.catalogue.mano.record.PhysicalNetworkFunctionRecord.vnffgr].<elements>.parent_ns.vnfr.connection_point.<elements>)
                   - CollectionAttributeFetchImpl(collection=org.project.neutrino.nfvo.catalogue.mano.record.VirtualNetworkFunctionRecord.dependency, querySpaceUid=<gen:48>, path=[org.project.neutrino.nfvo.catalogue.mano.record.PhysicalNetworkFunctionRecord.vnffgr].<elements>.parent_ns.vnfr.dependency)
                      - (collection element) CollectionFetchableElementEntityGraph(entity=org.project.neutrino.nfvo.catalogue.mano.common.VNFDependency, querySpaceUid=<gen:49>, path=[org.project.neutrino.nfvo.catalogue.mano.record.PhysicalNetworkFunctionRecord.vnffgr].<elements>.parent_ns.vnfr.dependency.<elements>)
                   - EntityAttributeFetchImpl(entity=org.project.neutrino.nfvo.catalogue.mano.descriptor.VNFDDeploymentFlavour, querySpaceUid=<gen:50>, path=[org.project.neutrino.nfvo.catalogue.mano.record.PhysicalNetworkFunctionRecord.vnffgr].<elements>.parent_ns.vnfr.deployment_flavour)
                   - EntityAttributeFetchImpl(entity=org.project.neutrino.nfvo.catalogue.mano.common.LifecycleEvent, querySpaceUid=<gen:51>, path=[org.project.neutrino.nfvo.catalogue.mano.record.PhysicalNetworkFunctionRecord.vnffgr].<elements>.parent_ns.vnfr.lifecycle_event)
                   - CollectionAttributeFetchImpl(collection=org.project.neutrino.nfvo.catalogue.mano.record.VirtualNetworkFunctionRecord.lifecycle_event_history, querySpaceUid=<gen:52>, path=[org.project.neutrino.nfvo.catalogue.mano.record.PhysicalNetworkFunctionRecord.vnffgr].<elements>.parent_ns.vnfr.lifecycle_event_history)
                      - (collection element) CollectionFetchableElementEntityGraph(entity=org.project.neutrino.nfvo.catalogue.mano.common.LifecycleEvent, querySpaceUid=<gen:53>, path=[org.project.neutrino.nfvo.catalogue.mano.record.PhysicalNetworkFunctionRecord.vnffgr].<elements>.parent_ns.vnfr.lifecycle_event_history.<elements>)
                   - EntityAttributeFetchImpl(entity=org.project.neutrino.nfvo.catalogue.mano.record.NetworkServiceRecord, querySpaceUid=<gen:54>, path=[org.project.neutrino.nfvo.catalogue.mano.record.PhysicalNetworkFunctionRecord.vnffgr].<elements>.parent_ns.vnfr.parent_ns)
                   - CollectionAttributeFetchImpl(collection=org.project.neutrino.nfvo.catalogue.mano.record.VirtualNetworkFunctionRecord.vdu, querySpaceUid=<gen:55>, path=[org.project.neutrino.nfvo.catalogue.mano.record.PhysicalNetworkFunctionRecord.vnffgr].<elements>.parent_ns.vnfr.vdu)
                      - (collection element) CollectionFetchableElementEntityGraph(entity=org.project.neutrino.nfvo.catalogue.mano.descriptor.VirtualDeploymentUnit, querySpaceUid=<gen:56>, path=[org.project.neutrino.nfvo.catalogue.mano.record.PhysicalNetworkFunctionRecord.vnffgr].<elements>.parent_ns.vnfr.vdu.<elements>)
                   - CollectionAttributeFetchImpl(collection=org.project.neutrino.nfvo.catalogue.mano.record.VirtualNetworkFunctionRecord.virtual_link, querySpaceUid=<gen:57>, path=[org.project.neutrino.nfvo.catalogue.mano.record.PhysicalNetworkFunctionRecord.vnffgr].<elements>.parent_ns.vnfr.virtual_link)
                      - (collection element) CollectionFetchableElementEntityGraph(entity=org.project.neutrino.nfvo.catalogue.mano.descriptor.InternalVirtualLink, querySpaceUid=<gen:58>, path=[org.project.neutrino.nfvo.catalogue.mano.record.PhysicalNetworkFunctionRecord.vnffgr].<elements>.parent_ns.vnfr.virtual_link.<elements>)
    - QuerySpaces
       - CollectionQuerySpaceImpl(uid=<gen:0>, collection=org.project.neutrino.nfvo.catalogue.mano.record.PhysicalNetworkFunctionRecord.vnffgr)
          - SQL table alias mapping - vnffgr0_
          - alias suffix - 0_
          - suffixed key columns - {physical1_37_0_}
          - entity-element alias suffix - 1_
          - 1_entity-element suffixed key columns - id1_92_1_
          - JOIN (JoinDefinedByMetadata(elements)) : <gen:0> -> <gen:1>
             - EntityQuerySpaceImpl(uid=<gen:1>, entity=org.project.neutrino.nfvo.catalogue.mano.record.VNFForwardingGraphRecord)
                - SQL table alias mapping - vnfforward1_
                - alias suffix - 1_
                - suffixed key columns - {id1_92_1_}
                - JOIN (JoinDefinedByMetadata(descriptor_reference)) : <gen:1> -> <gen:6>
                   - EntityQuerySpaceImpl(uid=<gen:6>, entity=org.project.neutrino.nfvo.catalogue.mano.descriptor.VNFForwardingGraph)
                      - SQL table alias mapping - vnfforward2_
                      - alias suffix - 2_
                      - suffixed key columns - {id1_87_2_}
                      - JOIN (JoinDefinedByMetadata(vnffgd_security)) : <gen:6> -> <gen:7>
                         - EntityQuerySpaceImpl(uid=<gen:7>, entity=org.project.neutrino.nfvo.catalogue.mano.common.Security)
                            - SQL table alias mapping - security3_
                            - alias suffix - 3_
                            - suffixed key columns - {id1_43_3_}
                - JOIN (JoinDefinedByMetadata(network_forwarding_path)) : <gen:1> -> <gen:12>
                   - EntityQuerySpaceImpl(uid=<gen:12>, entity=org.project.neutrino.nfvo.catalogue.mano.descriptor.NetworkForwardingPath)
                      - SQL table alias mapping - networkfor4_
                      - alias suffix - 4_
                      - suffixed key columns - {id1_12_4_}
                      - JOIN (JoinDefinedByMetadata(policy)) : <gen:12> -> <gen:14>
                         - EntityQuerySpaceImpl(uid=<gen:14>, entity=org.project.neutrino.nfvo.catalogue.mano.descriptor.Policy)
                            - SQL table alias mapping - policy5_
                            - alias suffix - 5_
                            - suffixed key columns - {id1_42_5_}
                - JOIN (JoinDefinedByMetadata(parent_ns)) : <gen:1> -> <gen:15>
                   - EntityQuerySpaceImpl(uid=<gen:15>, entity=org.project.neutrino.nfvo.catalogue.mano.record.NetworkServiceRecord)
                      - SQL table alias mapping - networkser6_
                      - alias suffix - 6_
                      - suffixed key columns - {id1_18_6_}
                      - JOIN (JoinDefinedByMetadata(descriptor_reference)) : <gen:15> -> <gen:20>
                         - EntityQuerySpaceImpl(uid=<gen:20>, entity=org.project.neutrino.nfvo.catalogue.mano.common.NFVEntityDescriptor)
                            - SQL table alias mapping - nfventityd7_
                            - alias suffix - 7_
                            - suffixed key columns - {id1_27_7_}
                      - JOIN (JoinDefinedByMetadata(lifecycle_event)) : <gen:15> -> <gen:29>
                         - EntityQuerySpaceImpl(uid=<gen:29>, entity=org.project.neutrino.nfvo.catalogue.mano.common.LifecycleEvent)
                            - SQL table alias mapping - lifecyclee8_
                            - alias suffix - 8_
                            - suffixed key columns - {id1_10_8_}
                      - JOIN (JoinDefinedByMetadata(service_deployment_flavour)) : <gen:15> -> <gen:34>
                         - EntityQuerySpaceImpl(uid=<gen:34>, entity=org.project.neutrino.nfvo.catalogue.mano.common.ServiceDeploymentFlavour)
                            - SQL table alias mapping - servicedep9_
                            - alias suffix - 9_
                            - suffixed key columns - {id1_7_9_}
                      - JOIN (JoinDefinedByMetadata(vnfr)) : <gen:15> -> <gen:41>
                         - EntityQuerySpaceImpl(uid=<gen:41>, entity=org.project.neutrino.nfvo.catalogue.mano.record.VirtualNetworkFunctionRecord)
                            - SQL table alias mapping - virtualnet10_
                            - alias suffix - 10_
                            - suffixed key columns - {id1_68_10_}

13:23:07.425 [Test worker] DEBUG o.h.l.c.plan.CollectionLoader - Static select for collection org.project.neutrino.nfvo.catalogue.mano.record.PhysicalNetworkFunctionRecord.vnffgr: select vnffgr0_.physical_network_function_record_id as physical1_37_0_, vnffgr0_.vnffgr_id as vnffgr_i2_41_0_, vnfforward1_.id as id1_92_1_, vnfforward1_.audit_log as audit_lo2_92_1_, vnfforward1_.descriptor_reference_id as descrip10_92_1_, vnfforward1_.network_forwarding_path_id as network11_92_1_, vnfforward1_.number_of_endpoints as number_o3_92_1_, vnfforward1_.number_of_pnfs as number_o4_92_1_, vnfforward1_.number_of_virtual_links as number_o5_92_1_, vnfforward1_.number_of_vnfs as number_o6_92_1_, vnfforward1_.parent_ns_id as parent_12_92_1_, vnfforward1_.status as status7_92_1_, vnfforward1_.vendor as vendor8_92_1_, vnfforward1_.version as version9_92_1_, vnfforward2_.id as id1_87_2_, vnfforward2_.descriptor_version as descript2_87_2_, vnfforward2_.hb_version as hb_versi3_87_2_, vnfforward2_.number_of_endpoints as number_o4_87_2_, vnfforward2_.number_of_virtual_links as number_o5_87_2_, vnfforward2_.vendor as vendor6_87_2_, vnfforward2_.version as version7_87_2_, vnfforward2_.vnffgd_security_id as vnffgd_s8_87_2_, security3_.id as id1_43_3_, security3_.version as version2_43_3_, networkfor4_.id as id1_12_4_, networkfor4_.policy_id as policy_i3_12_4_, networkfor4_.version as version2_12_4_, policy5_.id as id1_42_5_, policy5_.version as version2_42_5_, networkser6_.id as id1_18_6_, networkser6_.audit_log as audit_lo2_18_6_, networkser6_.descriptor_reference_Id as descript9_18_6_, networkser6_.lifecycle_event_id as lifecyc10_18_6_, networkser6_.notification as notifica3_18_6_, networkser6_.resource_reservation as resource4_18_6_, networkser6_.runtime_policy_info as runtime_5_18_6_, networkser6_.service_deployment_flavour_id as service11_18_6_, networkser6_.status as status6_18_6_, networkser6_.vendor as vendor7_18_6_, networkser6_.version as version8_18_6_, networkser6_.vnfr_id as vnfr_id12_18_6_, nfventityd7_.id as id1_27_7_, nfventityd7_.hb_version as hb_versi2_27_7_, nfventityd7_.vendor as vendor3_27_7_, nfventityd7_.version as version4_27_7_, nfventityd7_.descriptor_version as descript1_62_7_, nfventityd7_.manifest_file as manifest2_62_7_, nfventityd7_.nsd_security_id as nsd_secu1_14_7_, nfventityd7_.clazz_ as clazz_7_, lifecyclee8_.id as id1_10_8_, lifecyclee8_.version as version2_10_8_, servicedep9_.id as id1_7_9_, servicedep9_.flavour_key as flavour_2_7_9_, servicedep9_.version as version3_7_9_, virtualnet10_.id as id1_68_10_, virtualnet10_.audit_log as audit_lo2_68_10_, virtualnet10_.deployment_flavour_id as deployme9_68_10_, virtualnet10_.descriptor_reference as descript3_68_10_, virtualnet10_.lifecycle_event_id as lifecyc10_68_10_, virtualnet10_.localization as localiza4_68_10_, virtualnet10_.parent_ns_id as parent_11_68_10_, virtualnet10_.status as status5_68_10_, virtualnet10_.vendor as vendor6_68_10_, virtualnet10_.version as version7_68_10_, virtualnet10_.vnfm_id as vnfm_id8_68_10_ from physical_network_function_record_vnffgr vnffgr0_ inner join vnfforwarding_graph_record vnfforward1_ on vnffgr0_.vnffgr_id=vnfforward1_.id left outer join vnfforwarding_graph vnfforward2_ on vnfforward1_.descriptor_reference_id=vnfforward2_.id left outer join security security3_ on vnfforward2_.vnffgd_security_id=security3_.id left outer join network_forwarding_path networkfor4_ on vnfforward1_.network_forwarding_path_id=networkfor4_.id left outer join policy policy5_ on networkfor4_.policy_id=policy5_.id left outer join network_service_record networkser6_ on vnfforward1_.parent_ns_id=networkser6_.id left outer join ( select id, hb_version, vendor, version, descriptor_version, manifest_file, null as nsd_security_id, 1 as clazz_ from virtual_network_function_descriptor union select id, hb_version, vendor, version, null as descriptor_version, null as manifest_file, nsd_security_id, 2 as clazz_ from network_service_descriptor ) nfventityd7_ on networkser6_.descriptor_reference_Id=nfventityd7_.id left outer join lifecycle_event lifecyclee8_ on networkser6_.lifecycle_event_id=lifecyclee8_.id left outer join service_deployment_flavour servicedep9_ on networkser6_.service_deployment_flavour_id=servicedep9_.id left outer join virtual_network_function_record virtualnet10_ on networkser6_.vnfr_id=virtualnet10_.id where vnffgr0_.physical_network_function_record_id=?
13:23:07.426 [Test worker] DEBUG o.h.l.p.b.i.spaces.QuerySpacesImpl - Adding QuerySpace : uid = <gen:0> -> org.hibernate.loader.plan.build.internal.spaces.CollectionQuerySpaceImpl@448c2f42]
13:23:07.426 [Test worker] DEBUG o.h.l.p.b.i.spaces.QuerySpacesImpl - Adding QuerySpace : uid = <gen:1> -> org.hibernate.loader.plan.build.internal.spaces.EntityQuerySpaceImpl@4f72b936]
13:23:07.426 [Test worker] DEBUG o.h.p.w.spi.MetamodelGraphWalker - Visiting attribute path : affinity
13:23:07.426 [Test worker] DEBUG o.h.p.w.spi.MetamodelGraphWalker - Visiting attribute path : capability
13:23:07.426 [Test worker] DEBUG o.h.p.w.spi.MetamodelGraphWalker - Visiting attribute path : number_of_instances
13:23:07.426 [Test worker] DEBUG o.h.p.w.spi.MetamodelGraphWalker - Visiting attribute path : redundancy_model
13:23:07.426 [Test worker] DEBUG o.h.p.w.spi.MetamodelGraphWalker - Visiting attribute path : version
13:23:07.426 [Test worker] DEBUG o.h.p.w.spi.MetamodelGraphWalker - Visiting attribute path : vnf_flavour_id_reference
13:23:07.426 [Test worker] DEBUG o.h.p.w.spi.MetamodelGraphWalker - Visiting attribute path : vnf_reference
13:23:07.426 [Test worker] DEBUG o.h.l.p.b.i.FetchStyleLoadPlanBuildingAssociationVisitationStrategy - Building LoadPlan...
13:23:07.426 [Test worker] DEBUG o.h.l.p.e.i.LoadQueryJoinAndFetchProcessor - processing queryspace <gen:0>
13:23:07.426 [Test worker] DEBUG o.h.l.p.b.spi.LoadPlanTreePrinter - LoadPlan(collection=org.project.neutrino.nfvo.catalogue.mano.descriptor.VNFForwardingGraph.constituent_vnfs)
    - Returns
       - CollectionReturnImpl(collection=org.project.neutrino.nfvo.catalogue.mano.descriptor.VNFForwardingGraph.constituent_vnfs, querySpaceUid=<gen:0>, path=[org.project.neutrino.nfvo.catalogue.mano.descriptor.VNFForwardingGraph.constituent_vnfs])
          - (collection element) CollectionFetchableElementEntityGraph(entity=org.project.neutrino.nfvo.catalogue.mano.common.CostituentVNF, querySpaceUid=<gen:1>, path=[org.project.neutrino.nfvo.catalogue.mano.descriptor.VNFForwardingGraph.constituent_vnfs].<elements>)
    - QuerySpaces
       - CollectionQuerySpaceImpl(uid=<gen:0>, collection=org.project.neutrino.nfvo.catalogue.mano.descriptor.VNFForwardingGraph.constituent_vnfs)
          - SQL table alias mapping - constituen0_
          - alias suffix - 0_
          - suffixed key columns - {vnfforwa1_87_0_}
          - entity-element alias suffix - 1_
          - 1_entity-element suffixed key columns - id1_6_1_
          - JOIN (JoinDefinedByMetadata(elements)) : <gen:0> -> <gen:1>
             - EntityQuerySpaceImpl(uid=<gen:1>, entity=org.project.neutrino.nfvo.catalogue.mano.common.CostituentVNF)
                - SQL table alias mapping - costituent1_
                - alias suffix - 1_
                - suffixed key columns - {id1_6_1_}

13:23:07.426 [Test worker] DEBUG o.h.l.c.plan.CollectionLoader - Static select for collection org.project.neutrino.nfvo.catalogue.mano.descriptor.VNFForwardingGraph.constituent_vnfs: select constituen0_.vnfforwarding_graph_id as vnfforwa1_87_0_, constituen0_.constituent_vnfs_id as constitu2_89_0_, costituent1_.id as id1_6_1_, costituent1_.affinity as affinity2_6_1_, costituent1_.capability as capabili3_6_1_, costituent1_.number_of_instances as number_o4_6_1_, costituent1_.redundancy_model as redundan5_6_1_, costituent1_.version as version6_6_1_, costituent1_.vnf_flavour_id_reference as vnf_flav7_6_1_, costituent1_.vnf_reference as vnf_refe8_6_1_ from vnfforwarding_graph_constituent_vnfs constituen0_ inner join costituentvnf costituent1_ on constituen0_.constituent_vnfs_id=costituent1_.id where constituen0_.vnfforwarding_graph_id=?
13:23:07.426 [Test worker] DEBUG o.h.l.p.b.i.spaces.QuerySpacesImpl - Adding QuerySpace : uid = <gen:0> -> org.hibernate.loader.plan.build.internal.spaces.CollectionQuerySpaceImpl@4e5152fc]
13:23:07.427 [Test worker] DEBUG o.h.l.p.b.i.FetchStyleLoadPlanBuildingAssociationVisitationStrategy - Building LoadPlan...
13:23:07.427 [Test worker] DEBUG o.h.l.p.e.i.LoadQueryJoinAndFetchProcessor - processing queryspace <gen:0>
13:23:07.427 [Test worker] DEBUG o.h.l.p.b.spi.LoadPlanTreePrinter - LoadPlan(collection=org.project.neutrino.nfvo.catalogue.mano.record.VNFForwardingGraphRecord.notification)
    - Returns
       - CollectionReturnImpl(collection=org.project.neutrino.nfvo.catalogue.mano.record.VNFForwardingGraphRecord.notification, querySpaceUid=<gen:0>, path=[org.project.neutrino.nfvo.catalogue.mano.record.VNFForwardingGraphRecord.notification])
    - QuerySpaces
       - CollectionQuerySpaceImpl(uid=<gen:0>, collection=org.project.neutrino.nfvo.catalogue.mano.record.VNFForwardingGraphRecord.notification)
          - SQL table alias mapping - notificati0_
          - alias suffix - 0_
          - suffixed key columns - {vnfforwa1_92_0_}

13:23:07.427 [Test worker] DEBUG o.h.l.c.plan.CollectionLoader - Static select for collection org.project.neutrino.nfvo.catalogue.mano.record.VNFForwardingGraphRecord.notification: select notificati0_.vnfforwarding_graph_record_id as vnfforwa1_92_0_, notificati0_.notification as notifica2_97_0_ from vnfforwarding_graph_record_notification notificati0_ where notificati0_.vnfforwarding_graph_record_id=?
13:23:07.427 [Test worker] DEBUG o.h.l.p.b.i.spaces.QuerySpacesImpl - Adding QuerySpace : uid = <gen:0> -> org.hibernate.loader.plan.build.internal.spaces.CollectionQuerySpaceImpl@505175a2]
13:23:07.427 [Test worker] DEBUG o.h.l.p.b.i.spaces.QuerySpacesImpl - Adding QuerySpace : uid = <gen:1> -> org.hibernate.loader.plan.build.internal.spaces.EntityQuerySpaceImpl@140207e0]
13:23:07.427 [Test worker] DEBUG o.h.p.w.spi.MetamodelGraphWalker - Visiting attribute path : allocated_capacity
13:23:07.427 [Test worker] DEBUG o.h.p.w.spi.MetamodelGraphWalker - Visiting attribute path : audit_log
13:23:07.427 [Test worker] DEBUG o.h.p.w.spi.MetamodelGraphWalker - Visiting attribute path : connection
13:23:07.427 [Test worker] DEBUG o.h.p.w.spi.MetamodelGraphWalker - Visiting attribute path : connectivity_type
13:23:07.427 [Test worker] DEBUG o.h.p.w.spi.MetamodelGraphWalker - Visiting attribute path : descriptor_reference
13:23:07.427 [Test worker] DEBUG o.h.p.w.spi.MetamodelGraphWalker - Visiting attribute path : leaf_requirement
13:23:07.427 [Test worker] DEBUG o.h.p.w.spi.MetamodelGraphWalker - Visiting attribute path : lifecycle_event_history
13:23:07.428 [Test worker] DEBUG o.h.l.p.b.i.spaces.QuerySpacesImpl - Adding QuerySpace : uid = <gen:2> -> org.hibernate.loader.plan.build.internal.spaces.CollectionQuerySpaceImpl@34168b4]
13:23:07.428 [Test worker] DEBUG o.h.l.p.b.i.spaces.QuerySpacesImpl - Adding QuerySpace : uid = <gen:3> -> org.hibernate.loader.plan.build.internal.spaces.EntityQuerySpaceImpl@3b410317]
13:23:07.428 [Test worker] DEBUG o.h.p.w.spi.MetamodelGraphWalker - Visiting attribute path : notification
13:23:07.428 [Test worker] DEBUG o.h.p.w.spi.MetamodelGraphWalker - Visiting attribute path : number_of_enpoints
13:23:07.428 [Test worker] DEBUG o.h.p.w.spi.MetamodelGraphWalker - Visiting attribute path : parent_ns
13:23:07.428 [Test worker] DEBUG o.h.p.w.spi.MetamodelGraphWalker - Visiting attribute path : qos
13:23:07.428 [Test worker] DEBUG o.h.p.w.spi.MetamodelGraphWalker - Visiting attribute path : root_requirement
13:23:07.428 [Test worker] DEBUG o.h.p.w.spi.MetamodelGraphWalker - Visiting attribute path : status
13:23:07.428 [Test worker] DEBUG o.h.p.w.spi.MetamodelGraphWalker - Visiting attribute path : test_access
13:23:07.428 [Test worker] DEBUG o.h.p.w.spi.MetamodelGraphWalker - Visiting attribute path : vendor
13:23:07.428 [Test worker] DEBUG o.h.p.w.spi.MetamodelGraphWalker - Visiting attribute path : version
13:23:07.428 [Test worker] DEBUG o.h.p.w.spi.MetamodelGraphWalker - Visiting attribute path : vim_id
13:23:07.428 [Test worker] DEBUG o.h.p.w.spi.MetamodelGraphWalker - Visiting attribute path : vnffgr_reference
13:23:07.428 [Test worker] DEBUG o.h.l.p.b.i.spaces.QuerySpacesImpl - Adding QuerySpace : uid = <gen:4> -> org.hibernate.loader.plan.build.internal.spaces.CollectionQuerySpaceImpl@2931f965]
13:23:07.428 [Test worker] DEBUG o.h.l.p.b.i.spaces.QuerySpacesImpl - Adding QuerySpace : uid = <gen:5> -> org.hibernate.loader.plan.build.internal.spaces.EntityQuerySpaceImpl@fec6b04]
13:23:07.428 [Test worker] DEBUG o.h.l.p.b.i.FetchStyleLoadPlanBuildingAssociationVisitationStrategy - Building LoadPlan...
13:23:07.428 [Test worker] DEBUG o.h.l.p.e.i.LoadQueryJoinAndFetchProcessor - processing queryspace <gen:0>
13:23:07.429 [Test worker] DEBUG o.h.l.p.b.spi.LoadPlanTreePrinter - LoadPlan(collection=org.project.neutrino.nfvo.catalogue.mano.record.VNFForwardingGraphRecord.dependent_virtual_link)
    - Returns
       - CollectionReturnImpl(collection=org.project.neutrino.nfvo.catalogue.mano.record.VNFForwardingGraphRecord.dependent_virtual_link, querySpaceUid=<gen:0>, path=[org.project.neutrino.nfvo.catalogue.mano.record.VNFForwardingGraphRecord.dependent_virtual_link])
          - (collection element) CollectionFetchableElementEntityGraph(entity=org.project.neutrino.nfvo.catalogue.mano.record.VirtualLinkRecord, querySpaceUid=<gen:1>, path=[org.project.neutrino.nfvo.catalogue.mano.record.VNFForwardingGraphRecord.dependent_virtual_link].<elements>)
             - CollectionAttributeFetchImpl(collection=org.project.neutrino.nfvo.catalogue.mano.record.VirtualLinkRecord.lifecycle_event_history, querySpaceUid=<gen:2>, path=[org.project.neutrino.nfvo.catalogue.mano.record.VNFForwardingGraphRecord.dependent_virtual_link].<elements>.lifecycle_event_history)
                - (collection element) CollectionFetchableElementEntityGraph(entity=org.project.neutrino.nfvo.catalogue.mano.common.LifecycleEvent, querySpaceUid=<gen:3>, path=[org.project.neutrino.nfvo.catalogue.mano.record.VNFForwardingGraphRecord.dependent_virtual_link].<elements>.lifecycle_event_history.<elements>)
             - CollectionAttributeFetchImpl(collection=org.project.neutrino.nfvo.catalogue.mano.record.VirtualLinkRecord.vnffgr_reference, querySpaceUid=<gen:4>, path=[org.project.neutrino.nfvo.catalogue.mano.record.VNFForwardingGraphRecord.dependent_virtual_link].<elements>.vnffgr_reference)
                - (collection element) CollectionFetchableElementEntityGraph(entity=org.project.neutrino.nfvo.catalogue.mano.record.VNFForwardingGraphRecord, querySpaceUid=<gen:5>, path=[org.project.neutrino.nfvo.catalogue.mano.record.VNFForwardingGraphRecord.dependent_virtual_link].<elements>.vnffgr_reference.<elements>)
    - QuerySpaces
       - CollectionQuerySpaceImpl(uid=<gen:0>, collection=org.project.neutrino.nfvo.catalogue.mano.record.VNFForwardingGraphRecord.dependent_virtual_link)
          - SQL table alias mapping - dependent_0_
          - alias suffix - 0_
          - suffixed key columns - {vnfforwa1_92_0_}
          - entity-element alias suffix - 1_
          - 1_entity-element suffixed key columns - id1_54_1_
          - JOIN (JoinDefinedByMetadata(elements)) : <gen:0> -> <gen:1>
             - EntityQuerySpaceImpl(uid=<gen:1>, entity=org.project.neutrino.nfvo.catalogue.mano.record.VirtualLinkRecord)
                - SQL table alias mapping - virtuallin1_
                - alias suffix - 1_
                - suffixed key columns - {id1_54_1_}

13:23:07.429 [Test worker] DEBUG o.h.l.c.plan.CollectionLoader - Static select for collection org.project.neutrino.nfvo.catalogue.mano.record.VNFForwardingGraphRecord.dependent_virtual_link: select dependent_0_.vnfforwarding_graph_record_id as vnfforwa1_92_0_, dependent_0_.dependent_virtual_link_id as dependen2_94_0_, virtuallin1_.id as id1_54_1_, virtuallin1_.connectivity_type as connecti2_54_1_, virtuallin1_.descriptor_reference as descript3_54_1_, virtuallin1_.leaf_requirement as leaf_req4_54_1_, virtuallin1_.number_of_enpoints as number_o5_54_1_, virtuallin1_.parent_ns as parent_n6_54_1_, virtuallin1_.root_requirement as root_req7_54_1_, virtuallin1_.status as status8_54_1_, virtuallin1_.test_access as test_acc9_54_1_, virtuallin1_.vendor as vendor10_54_1_, virtuallin1_.version as version11_54_1_, virtuallin1_.vim_id as vim_id12_54_1_ from vnfforwarding_graph_record_dependent_virtual_link dependent_0_ inner join virtual_link_record virtuallin1_ on dependent_0_.dependent_virtual_link_id=virtuallin1_.id where dependent_0_.vnfforwarding_graph_record_id=?
13:23:07.429 [Test worker] DEBUG o.h.l.p.b.i.spaces.QuerySpacesImpl - Adding QuerySpace : uid = <gen:0> -> org.hibernate.loader.plan.build.internal.spaces.CollectionQuerySpaceImpl@6a65dbc6]
13:23:07.429 [Test worker] DEBUG o.h.p.w.spi.MetamodelGraphWalker - Visiting index for collection :  
13:23:07.429 [Test worker] DEBUG o.h.l.p.b.i.FetchStyleLoadPlanBuildingAssociationVisitationStrategy - Building LoadPlan...
13:23:07.429 [Test worker] DEBUG o.h.l.p.e.i.LoadQueryJoinAndFetchProcessor - processing queryspace <gen:0>
13:23:07.429 [Test worker] DEBUG o.h.l.p.b.spi.LoadPlanTreePrinter - LoadPlan(collection=org.project.neutrino.nfvo.catalogue.mano.common.LifecycleEvent.lifecycle_events)
    - Returns
       - CollectionReturnImpl(collection=org.project.neutrino.nfvo.catalogue.mano.common.LifecycleEvent.lifecycle_events, querySpaceUid=<gen:0>, path=[org.project.neutrino.nfvo.catalogue.mano.common.LifecycleEvent.lifecycle_events])
    - QuerySpaces
       - CollectionQuerySpaceImpl(uid=<gen:0>, collection=org.project.neutrino.nfvo.catalogue.mano.common.LifecycleEvent.lifecycle_events)
          - SQL table alias mapping - lifecycle_0_
          - alias suffix - 0_
          - suffixed key columns - {lifecycl1_10_0_}

13:23:07.429 [Test worker] DEBUG o.h.l.c.plan.CollectionLoader - Static select for collection org.project.neutrino.nfvo.catalogue.mano.common.LifecycleEvent.lifecycle_events: select lifecycle_0_.lifecycle_event_id as lifecycl1_10_0_, lifecycle_0_.lifecycle_events as lifecycl2_11_0_, lifecycle_0_.lifecycle_events_key as lifecycl3_0_ from lifecycle_event_lifecycle_events lifecycle_0_ where lifecycle_0_.lifecycle_event_id=?
13:23:07.430 [Test worker] DEBUG o.h.l.p.b.i.spaces.QuerySpacesImpl - Adding QuerySpace : uid = <gen:0> -> org.hibernate.loader.plan.build.internal.spaces.CollectionQuerySpaceImpl@63319028]
13:23:07.430 [Test worker] DEBUG o.h.l.p.b.i.FetchStyleLoadPlanBuildingAssociationVisitationStrategy - Building LoadPlan...
13:23:07.430 [Test worker] DEBUG o.h.l.p.e.i.LoadQueryJoinAndFetchProcessor - processing queryspace <gen:0>
13:23:07.430 [Test worker] DEBUG o.h.l.p.b.spi.LoadPlanTreePrinter - LoadPlan(collection=org.project.neutrino.nfvo.catalogue.mano.descriptor.VirtualLinkDescriptor.connection)
    - Returns
       - CollectionReturnImpl(collection=org.project.neutrino.nfvo.catalogue.mano.descriptor.VirtualLinkDescriptor.connection, querySpaceUid=<gen:0>, path=[org.project.neutrino.nfvo.catalogue.mano.descriptor.VirtualLinkDescriptor.connection])
    - QuerySpaces
       - CollectionQuerySpaceImpl(uid=<gen:0>, collection=org.project.neutrino.nfvo.catalogue.mano.descriptor.VirtualLinkDescriptor.connection)
          - SQL table alias mapping - connection0_
          - alias suffix - 0_
          - suffixed key columns - {virtual_1_0_0_}

13:23:07.430 [Test worker] DEBUG o.h.l.c.plan.CollectionLoader - Static select for collection org.project.neutrino.nfvo.catalogue.mano.descriptor.VirtualLinkDescriptor.connection: select connection0_.virtual_link_descriptor_id as virtual_1_0_0_, connection0_.connection as connecti2_53_0_ from virtual_link_descriptor_connection connection0_ where connection0_.virtual_link_descriptor_id=?
13:23:07.430 [Test worker] DEBUG o.h.l.p.b.i.spaces.QuerySpacesImpl - Adding QuerySpace : uid = <gen:0> -> org.hibernate.loader.plan.build.internal.spaces.CollectionQuerySpaceImpl@2acdfc37]
13:23:07.430 [Test worker] DEBUG o.h.l.p.b.i.spaces.QuerySpacesImpl - Adding QuerySpace : uid = <gen:1> -> org.hibernate.loader.plan.build.internal.spaces.EntityQuerySpaceImpl@396994d5]
13:23:07.430 [Test worker] DEBUG o.h.p.w.spi.MetamodelGraphWalker - Visiting attribute path : computation_requirement
13:23:07.430 [Test worker] DEBUG o.h.p.w.spi.MetamodelGraphWalker - Visiting attribute path : high_availability
13:23:07.430 [Test worker] DEBUG o.h.p.w.spi.MetamodelGraphWalker - Visiting attribute path : lifecycle_event
13:23:07.430 [Test worker] DEBUG o.h.p.w.spi.MetamodelGraphWalker - Visiting attribute path : monitoring_parameter
13:23:07.430 [Test worker] DEBUG o.h.l.p.b.i.spaces.QuerySpacesImpl - Adding QuerySpace : uid = <gen:2> -> org.hibernate.loader.plan.build.internal.spaces.CollectionQuerySpaceImpl@a22d6a7]
13:23:07.430 [Test worker] DEBUG o.h.p.w.spi.MetamodelGraphWalker - Visiting attribute path : scale_in_out
13:23:07.430 [Test worker] DEBUG o.h.p.w.spi.MetamodelGraphWalker - Visiting attribute path : vdu_constraint
13:23:07.430 [Test worker] DEBUG o.h.p.w.spi.MetamodelGraphWalker - Visiting attribute path : version
13:23:07.430 [Test worker] DEBUG o.h.p.w.spi.MetamodelGraphWalker - Visiting attribute path : virtual_memory_resource_element
13:23:07.430 [Test worker] DEBUG o.h.p.w.spi.MetamodelGraphWalker - Visiting attribute path : virtual_network_bandwidth_resource
13:23:07.430 [Test worker] DEBUG o.h.p.w.spi.MetamodelGraphWalker - Visiting attribute path : vm_image
13:23:07.431 [Test worker] DEBUG o.h.l.p.b.i.spaces.QuerySpacesImpl - Adding QuerySpace : uid = <gen:3> -> org.hibernate.loader.plan.build.internal.spaces.CollectionQuerySpaceImpl@753a7323]
13:23:07.431 [Test worker] DEBUG o.h.p.w.spi.MetamodelGraphWalker - Visiting attribute path : vnfc
13:23:07.431 [Test worker] DEBUG o.h.l.p.b.i.FetchStyleLoadPlanBuildingAssociationVisitationStrategy - Building LoadPlan...
13:23:07.431 [Test worker] DEBUG o.h.l.p.e.i.LoadQueryJoinAndFetchProcessor - processing queryspace <gen:0>
13:23:07.431 [Test worker] DEBUG o.h.l.p.b.spi.LoadPlanTreePrinter - LoadPlan(collection=org.project.neutrino.nfvo.catalogue.mano.descriptor.VirtualNetworkFunctionDescriptor.vdu)
    - Returns
       - CollectionReturnImpl(collection=org.project.neutrino.nfvo.catalogue.mano.descriptor.VirtualNetworkFunctionDescriptor.vdu, querySpaceUid=<gen:0>, path=[org.project.neutrino.nfvo.catalogue.mano.descriptor.VirtualNetworkFunctionDescriptor.vdu])
          - (collection element) CollectionFetchableElementEntityGraph(entity=org.project.neutrino.nfvo.catalogue.mano.descriptor.VirtualDeploymentUnit, querySpaceUid=<gen:1>, path=[org.project.neutrino.nfvo.catalogue.mano.descriptor.VirtualNetworkFunctionDescriptor.vdu].<elements>)
             - CollectionAttributeFetchImpl(collection=org.project.neutrino.nfvo.catalogue.mano.descriptor.VirtualDeploymentUnit.monitoring_parameter, querySpaceUid=<gen:2>, path=[org.project.neutrino.nfvo.catalogue.mano.descriptor.VirtualNetworkFunctionDescriptor.vdu].<elements>.monitoring_parameter)
             - CollectionAttributeFetchImpl(collection=org.project.neutrino.nfvo.catalogue.mano.descriptor.VirtualDeploymentUnit.vm_image, querySpaceUid=<gen:3>, path=[org.project.neutrino.nfvo.catalogue.mano.descriptor.VirtualNetworkFunctionDescriptor.vdu].<elements>.vm_image)
    - QuerySpaces
       - CollectionQuerySpaceImpl(uid=<gen:0>, collection=org.project.neutrino.nfvo.catalogue.mano.descriptor.VirtualNetworkFunctionDescriptor.vdu)
          - SQL table alias mapping - vdu0_
          - alias suffix - 0_
          - suffixed key columns - {virtual_1_27_0_}
          - entity-element alias suffix - 1_
          - 1_entity-element suffixed key columns - id1_47_1_
          - JOIN (JoinDefinedByMetadata(elements)) : <gen:0> -> <gen:1>
             - EntityQuerySpaceImpl(uid=<gen:1>, entity=org.project.neutrino.nfvo.catalogue.mano.descriptor.VirtualDeploymentUnit)
                - SQL table alias mapping - virtualdep1_
                - alias suffix - 1_
                - suffixed key columns - {id1_47_1_}

13:23:07.431 [Test worker] DEBUG o.h.l.c.plan.CollectionLoader - Static select for collection org.project.neutrino.nfvo.catalogue.mano.descriptor.VirtualNetworkFunctionDescriptor.vdu: select vdu0_.virtual_network_function_descriptor_Id as virtual_1_27_0_, vdu0_.vdu_id as vdu_id2_65_0_, virtualdep1_.id as id1_47_1_, virtualdep1_.computation_requirement as computat2_47_1_, virtualdep1_.high_availability as high_ava3_47_1_, virtualdep1_.scale_in_out as scale_in4_47_1_, virtualdep1_.vdu_constraint as vdu_cons5_47_1_, virtualdep1_.version as version6_47_1_, virtualdep1_.virtual_memory_resource_element as virtual_7_47_1_, virtualdep1_.virtual_network_bandwidth_resource as virtual_8_47_1_ from virtual_network_function_descriptor_vdu vdu0_ inner join virtual_deployment_unit virtualdep1_ on vdu0_.vdu_id=virtualdep1_.id where vdu0_.virtual_network_function_descriptor_Id=?
13:23:07.431 [Test worker] DEBUG o.h.l.p.b.i.spaces.QuerySpacesImpl - Adding QuerySpace : uid = <gen:0> -> org.hibernate.loader.plan.build.internal.spaces.CollectionQuerySpaceImpl@505d3af5]
13:23:07.432 [Test worker] DEBUG o.h.l.p.b.i.spaces.QuerySpacesImpl - Adding QuerySpace : uid = <gen:1> -> org.hibernate.loader.plan.build.internal.spaces.EntityQuerySpaceImpl@18c9d40b]
13:23:07.432 [Test worker] DEBUG o.h.p.w.spi.MetamodelGraphWalker - Visiting attribute path : connection_point
13:23:07.432 [Test worker] DEBUG o.h.p.w.spi.MetamodelGraphWalker - Visiting attribute path : version
13:23:07.432 [Test worker] DEBUG o.h.l.p.b.i.FetchStyleLoadPlanBuildingAssociationVisitationStrategy - Building LoadPlan...
13:23:07.432 [Test worker] DEBUG o.h.l.p.e.i.LoadQueryJoinAndFetchProcessor - processing queryspace <gen:0>
13:23:07.432 [Test worker] DEBUG o.h.l.p.b.spi.LoadPlanTreePrinter - LoadPlan(collection=org.project.neutrino.nfvo.catalogue.mano.descriptor.VirtualDeploymentUnit.vnfc)
    - Returns
       - CollectionReturnImpl(collection=org.project.neutrino.nfvo.catalogue.mano.descriptor.VirtualDeploymentUnit.vnfc, querySpaceUid=<gen:0>, path=[org.project.neutrino.nfvo.catalogue.mano.descriptor.VirtualDeploymentUnit.vnfc])
          - (collection element) CollectionFetchableElementEntityGraph(entity=org.project.neutrino.nfvo.catalogue.mano.descriptor.VNFComponent, querySpaceUid=<gen:1>, path=[org.project.neutrino.nfvo.catalogue.mano.descriptor.VirtualDeploymentUnit.vnfc].<elements>)
    - QuerySpaces
       - CollectionQuerySpaceImpl(uid=<gen:0>, collection=org.project.neutrino.nfvo.catalogue.mano.descriptor.VirtualDeploymentUnit.vnfc)
          - SQL table alias mapping - vnfc0_
          - alias suffix - 0_
          - suffixed key columns - {virtual_1_47_0_}
          - entity-element alias suffix - 1_
          - 1_entity-element suffixed key columns - id1_80_1_
          - JOIN (JoinDefinedByMetadata(elements)) : <gen:0> -> <gen:1>
             - EntityQuerySpaceImpl(uid=<gen:1>, entity=org.project.neutrino.nfvo.catalogue.mano.descriptor.VNFComponent)
                - SQL table alias mapping - vnfcompone1_
                - alias suffix - 1_
                - suffixed key columns - {id1_80_1_}

13:23:07.432 [Test worker] DEBUG o.h.l.c.plan.CollectionLoader - Static select for collection org.project.neutrino.nfvo.catalogue.mano.descriptor.VirtualDeploymentUnit.vnfc: select vnfc0_.virtual_deployment_unit_id as virtual_1_47_0_, vnfc0_.vnfc_id as vnfc_id2_51_0_, vnfcompone1_.id as id1_80_1_, vnfcompone1_.version as version2_80_1_ from virtual_deployment_unit_vnfc vnfc0_ inner join vnfcomponent vnfcompone1_ on vnfc0_.vnfc_id=vnfcompone1_.id where vnfc0_.virtual_deployment_unit_id=?
13:23:07.432 [Test worker] DEBUG o.h.l.p.b.i.spaces.QuerySpacesImpl - Adding QuerySpace : uid = <gen:0> -> org.hibernate.loader.plan.build.internal.spaces.CollectionQuerySpaceImpl@64241261]
13:23:07.433 [Test worker] DEBUG o.h.l.p.b.i.spaces.QuerySpacesImpl - Adding QuerySpace : uid = <gen:1> -> org.hibernate.loader.plan.build.internal.spaces.EntityQuerySpaceImpl@7c32d1a3]
13:23:07.433 [Test worker] DEBUG o.h.p.w.spi.MetamodelGraphWalker - Visiting attribute path : source
13:23:07.433 [Test worker] DEBUG o.h.l.p.b.i.spaces.QuerySpacesImpl - Adding QuerySpace : uid = <gen:2> -> org.hibernate.loader.plan.build.internal.spaces.EntityQuerySpaceImpl@454a8cc4]
13:23:07.433 [Test worker] DEBUG o.h.p.w.spi.MetamodelGraphWalker - Visiting attribute path : source.auto_scale_policy
13:23:07.433 [Test worker] DEBUG o.h.p.w.spi.MetamodelGraphWalker - Visiting attribute path : source.connection_point
13:23:07.433 [Test worker] DEBUG o.h.p.w.spi.MetamodelGraphWalker - Visiting attribute path : source.hb_version
13:23:07.433 [Test worker] DEBUG o.h.p.w.spi.MetamodelGraphWalker - Visiting attribute path : source.lifecycle_event
13:23:07.433 [Test worker] DEBUG o.h.p.w.spi.MetamodelGraphWalker - Visiting attribute path : source.monitoring_parameter
13:23:07.433 [Test worker] DEBUG o.h.l.p.b.i.spaces.QuerySpacesImpl - Adding QuerySpace : uid = <gen:3> -> org.hibernate.loader.plan.build.internal.spaces.CollectionQuerySpaceImpl@140836a8]
13:23:07.433 [Test worker] DEBUG o.h.p.w.spi.MetamodelGraphWalker - Visiting attribute path : source.service_deployment_flavour
13:23:07.433 [Test worker] DEBUG o.h.p.w.spi.MetamodelGraphWalker - Visiting attribute path : source.vendor
13:23:07.433 [Test worker] DEBUG o.h.p.w.spi.MetamodelGraphWalker - Visiting attribute path : source.version
13:23:07.433 [Test worker] DEBUG o.h.p.w.spi.MetamodelGraphWalker - Visiting attribute path : source.vld
13:23:07.433 [Test worker] DEBUG o.h.p.w.spi.MetamodelGraphWalker - Visiting attribute path : source.vnffgd
13:23:07.433 [Test worker] DEBUG o.h.p.w.spi.MetamodelGraphWalker - Visiting attribute path : source.deployment_flavour
13:23:07.433 [Test worker] DEBUG o.h.l.p.b.i.spaces.QuerySpacesImpl - Adding QuerySpace : uid = <gen:4> -> org.hibernate.loader.plan.build.internal.spaces.CollectionQuerySpaceImpl@273c59de]
13:23:07.433 [Test worker] DEBUG o.h.l.p.b.i.spaces.QuerySpacesImpl - Adding QuerySpace : uid = <gen:5> -> org.hibernate.loader.plan.build.internal.spaces.EntityQuerySpaceImpl@6b3011f1]
13:23:07.433 [Test worker] DEBUG o.h.p.w.spi.MetamodelGraphWalker - Visiting attribute path : source.descriptor_version
13:23:07.433 [Test worker] DEBUG o.h.p.w.spi.MetamodelGraphWalker - Visiting attribute path : source.manifest_file
13:23:07.433 [Test worker] DEBUG o.h.p.w.spi.MetamodelGraphWalker - Visiting attribute path : source.manifest_file_security
13:23:07.433 [Test worker] DEBUG o.h.p.w.spi.MetamodelGraphWalker - Visiting attribute path : source.vdu
13:23:07.433 [Test worker] DEBUG o.h.p.w.spi.MetamodelGraphWalker - Visiting attribute path : source.vdu_dependency
13:23:07.433 [Test worker] DEBUG o.h.p.w.spi.MetamodelGraphWalker - Visiting attribute path : source.virtual_link
13:23:07.434 [Test worker] DEBUG o.h.p.w.spi.MetamodelGraphWalker - Visiting attribute path : target
13:23:07.434 [Test worker] DEBUG o.h.l.p.b.i.spaces.QuerySpacesImpl - Adding QuerySpace : uid = <gen:6> -> org.hibernate.loader.plan.build.internal.spaces.EntityQuerySpaceImpl@20ea1c31]
13:23:07.434 [Test worker] DEBUG o.h.p.w.spi.MetamodelGraphWalker - Visiting attribute path : target.auto_scale_policy
13:23:07.434 [Test worker] DEBUG o.h.p.w.spi.MetamodelGraphWalker - Visiting attribute path : target.connection_point
13:23:07.434 [Test worker] DEBUG o.h.p.w.spi.MetamodelGraphWalker - Visiting attribute path : target.hb_version
13:23:07.434 [Test worker] DEBUG o.h.p.w.spi.MetamodelGraphWalker - Visiting attribute path : target.lifecycle_event
13:23:07.434 [Test worker] DEBUG o.h.p.w.spi.MetamodelGraphWalker - Visiting attribute path : target.monitoring_parameter
13:23:07.434 [Test worker] DEBUG o.h.l.p.b.i.spaces.QuerySpacesImpl - Adding QuerySpace : uid = <gen:7> -> org.hibernate.loader.plan.build.internal.spaces.CollectionQuerySpaceImpl@2c11fe36]
13:23:07.434 [Test worker] DEBUG o.h.p.w.spi.MetamodelGraphWalker - Visiting attribute path : target.service_deployment_flavour
13:23:07.434 [Test worker] DEBUG o.h.p.w.spi.MetamodelGraphWalker - Visiting attribute path : target.vendor
13:23:07.434 [Test worker] DEBUG o.h.p.w.spi.MetamodelGraphWalker - Visiting attribute path : target.version
13:23:07.434 [Test worker] DEBUG o.h.p.w.spi.MetamodelGraphWalker - Visiting attribute path : target.vld
13:23:07.434 [Test worker] DEBUG o.h.p.w.spi.MetamodelGraphWalker - Visiting attribute path : target.vnffgd
13:23:07.434 [Test worker] DEBUG o.h.p.w.spi.MetamodelGraphWalker - Visiting attribute path : target.deployment_flavour
13:23:07.434 [Test worker] DEBUG o.h.l.p.b.i.spaces.QuerySpacesImpl - Adding QuerySpace : uid = <gen:8> -> org.hibernate.loader.plan.build.internal.spaces.CollectionQuerySpaceImpl@5148a1d4]
13:23:07.434 [Test worker] DEBUG o.h.l.p.b.i.spaces.QuerySpacesImpl - Adding QuerySpace : uid = <gen:9> -> org.hibernate.loader.plan.build.internal.spaces.EntityQuerySpaceImpl@77788efc]
13:23:07.434 [Test worker] DEBUG o.h.p.w.spi.MetamodelGraphWalker - Visiting attribute path : target.descriptor_version
13:23:07.434 [Test worker] DEBUG o.h.p.w.spi.MetamodelGraphWalker - Visiting attribute path : target.manifest_file
13:23:07.434 [Test worker] DEBUG o.h.p.w.spi.MetamodelGraphWalker - Visiting attribute path : target.manifest_file_security
13:23:07.435 [Test worker] DEBUG o.h.p.w.spi.MetamodelGraphWalker - Visiting attribute path : target.vdu
13:23:07.435 [Test worker] DEBUG o.h.p.w.spi.MetamodelGraphWalker - Visiting attribute path : target.vdu_dependency
13:23:07.435 [Test worker] DEBUG o.h.p.w.spi.MetamodelGraphWalker - Visiting attribute path : target.virtual_link
13:23:07.435 [Test worker] DEBUG o.h.p.w.spi.MetamodelGraphWalker - Visiting attribute path : version
13:23:07.435 [Test worker] DEBUG o.h.l.p.b.i.FetchStyleLoadPlanBuildingAssociationVisitationStrategy - Building LoadPlan...
13:23:07.435 [Test worker] DEBUG o.h.l.p.e.i.LoadQueryJoinAndFetchProcessor - processing queryspace <gen:0>
13:23:07.435 [Test worker] DEBUG o.h.l.p.b.spi.LoadPlanTreePrinter - LoadPlan(collection=org.project.neutrino.nfvo.catalogue.mano.record.NetworkServiceRecord.vnf_dependency)
    - Returns
       - CollectionReturnImpl(collection=org.project.neutrino.nfvo.catalogue.mano.record.NetworkServiceRecord.vnf_dependency, querySpaceUid=<gen:0>, path=[org.project.neutrino.nfvo.catalogue.mano.record.NetworkServiceRecord.vnf_dependency])
          - (collection element) CollectionFetchableElementEntityGraph(entity=org.project.neutrino.nfvo.catalogue.mano.common.VNFDependency, querySpaceUid=<gen:1>, path=[org.project.neutrino.nfvo.catalogue.mano.record.NetworkServiceRecord.vnf_dependency].<elements>)
             - EntityAttributeFetchImpl(entity=org.project.neutrino.nfvo.catalogue.mano.descriptor.VirtualNetworkFunctionDescriptor, querySpaceUid=<gen:2>, path=[org.project.neutrino.nfvo.catalogue.mano.record.NetworkServiceRecord.vnf_dependency].<elements>.source)
                - CollectionAttributeFetchImpl(collection=org.project.neutrino.nfvo.catalogue.mano.common.NFVEntityDescriptor.monitoring_parameter, querySpaceUid=<gen:3>, path=[org.project.neutrino.nfvo.catalogue.mano.record.NetworkServiceRecord.vnf_dependency].<elements>.source.monitoring_parameter)
                - CollectionAttributeFetchImpl(collection=org.project.neutrino.nfvo.catalogue.mano.descriptor.VirtualNetworkFunctionDescriptor.deployment_flavour, querySpaceUid=<gen:4>, path=[org.project.neutrino.nfvo.catalogue.mano.record.NetworkServiceRecord.vnf_dependency].<elements>.source.deployment_flavour)
                   - (collection element) CollectionFetchableElementEntityGraph(entity=org.project.neutrino.nfvo.catalogue.mano.descriptor.VNFDDeploymentFlavour, querySpaceUid=<gen:5>, path=[org.project.neutrino.nfvo.catalogue.mano.record.NetworkServiceRecord.vnf_dependency].<elements>.source.deployment_flavour.<elements>)
             - EntityAttributeFetchImpl(entity=org.project.neutrino.nfvo.catalogue.mano.descriptor.VirtualNetworkFunctionDescriptor, querySpaceUid=<gen:6>, path=[org.project.neutrino.nfvo.catalogue.mano.record.NetworkServiceRecord.vnf_dependency].<elements>.target)
                - CollectionAttributeFetchImpl(collection=org.project.neutrino.nfvo.catalogue.mano.common.NFVEntityDescriptor.monitoring_parameter, querySpaceUid=<gen:7>, path=[org.project.neutrino.nfvo.catalogue.mano.record.NetworkServiceRecord.vnf_dependency].<elements>.target.monitoring_parameter)
                - CollectionAttributeFetchImpl(collection=org.project.neutrino.nfvo.catalogue.mano.descriptor.VirtualNetworkFunctionDescriptor.deployment_flavour, querySpaceUid=<gen:8>, path=[org.project.neutrino.nfvo.catalogue.mano.record.NetworkServiceRecord.vnf_dependency].<elements>.target.deployment_flavour)
                   - (collection element) CollectionFetchableElementEntityGraph(entity=org.project.neutrino.nfvo.catalogue.mano.descriptor.VNFDDeploymentFlavour, querySpaceUid=<gen:9>, path=[org.project.neutrino.nfvo.catalogue.mano.record.NetworkServiceRecord.vnf_dependency].<elements>.target.deployment_flavour.<elements>)
    - QuerySpaces
       - CollectionQuerySpaceImpl(uid=<gen:0>, collection=org.project.neutrino.nfvo.catalogue.mano.record.NetworkServiceRecord.vnf_dependency)
          - SQL table alias mapping - vnf_depend0_
          - alias suffix - 0_
          - suffixed key columns - {network_1_18_0_}
          - entity-element alias suffix - 1_
          - 1_entity-element suffixed key columns - id1_86_1_
          - JOIN (JoinDefinedByMetadata(elements)) : <gen:0> -> <gen:1>
             - EntityQuerySpaceImpl(uid=<gen:1>, entity=org.project.neutrino.nfvo.catalogue.mano.common.VNFDependency)
                - SQL table alias mapping - vnfdepende1_
                - alias suffix - 1_
                - suffixed key columns - {id1_86_1_}
                - JOIN (JoinDefinedByMetadata(source)) : <gen:1> -> <gen:2>
                   - EntityQuerySpaceImpl(uid=<gen:2>, entity=org.project.neutrino.nfvo.catalogue.mano.descriptor.VirtualNetworkFunctionDescriptor)
                      - SQL table alias mapping - virtualnet2_
                      - alias suffix - 2_
                      - suffixed key columns - {id1_27_2_}
                - JOIN (JoinDefinedByMetadata(target)) : <gen:1> -> <gen:6>
                   - EntityQuerySpaceImpl(uid=<gen:6>, entity=org.project.neutrino.nfvo.catalogue.mano.descriptor.VirtualNetworkFunctionDescriptor)
                      - SQL table alias mapping - virtualnet3_
                      - alias suffix - 3_
                      - suffixed key columns - {id1_27_3_}

13:23:07.436 [Test worker] DEBUG o.h.l.c.plan.CollectionLoader - Static select for collection org.project.neutrino.nfvo.catalogue.mano.record.NetworkServiceRecord.vnf_dependency: select vnf_depend0_.network_service_record_id as network_1_18_0_, vnf_depend0_.vnf_dependency_id as vnf_depe2_25_0_, vnfdepende1_.id as id1_86_1_, vnfdepende1_.source_Id as source_I3_86_1_, vnfdepende1_.target_Id as target_I4_86_1_, vnfdepende1_.version as version2_86_1_, virtualnet2_.id as id1_27_2_, virtualnet2_.hb_version as hb_versi2_27_2_, virtualnet2_.vendor as vendor3_27_2_, virtualnet2_.version as version4_27_2_, virtualnet2_.descriptor_version as descript1_62_2_, virtualnet2_.manifest_file as manifest2_62_2_, virtualnet3_.id as id1_27_3_, virtualnet3_.hb_version as hb_versi2_27_3_, virtualnet3_.vendor as vendor3_27_3_, virtualnet3_.version as version4_27_3_, virtualnet3_.descriptor_version as descript1_62_3_, virtualnet3_.manifest_file as manifest2_62_3_ from network_service_record_vnf_dependency vnf_depend0_ inner join vnfdependency vnfdepende1_ on vnf_depend0_.vnf_dependency_id=vnfdepende1_.id left outer join virtual_network_function_descriptor virtualnet2_ on vnfdepende1_.source_Id=virtualnet2_.id left outer join virtual_network_function_descriptor virtualnet3_ on vnfdepende1_.target_Id=virtualnet3_.id where vnf_depend0_.network_service_record_id=?
13:23:07.436 [Test worker] DEBUG o.h.l.p.b.i.spaces.QuerySpacesImpl - Adding QuerySpace : uid = <gen:0> -> org.hibernate.loader.plan.build.internal.spaces.CollectionQuerySpaceImpl@bf37fab]
13:23:07.436 [Test worker] DEBUG o.h.l.p.b.i.FetchStyleLoadPlanBuildingAssociationVisitationStrategy - Building LoadPlan...
13:23:07.436 [Test worker] DEBUG o.h.l.p.e.i.LoadQueryJoinAndFetchProcessor - processing queryspace <gen:0>
13:23:07.436 [Test worker] DEBUG o.h.l.p.b.spi.LoadPlanTreePrinter - LoadPlan(collection=org.project.neutrino.nfvo.catalogue.mano.record.VirtualNetworkFunctionRecord.monitoring_parameter)
    - Returns
       - CollectionReturnImpl(collection=org.project.neutrino.nfvo.catalogue.mano.record.VirtualNetworkFunctionRecord.monitoring_parameter, querySpaceUid=<gen:0>, path=[org.project.neutrino.nfvo.catalogue.mano.record.VirtualNetworkFunctionRecord.monitoring_parameter])
    - QuerySpaces
       - CollectionQuerySpaceImpl(uid=<gen:0>, collection=org.project.neutrino.nfvo.catalogue.mano.record.VirtualNetworkFunctionRecord.monitoring_parameter)
          - SQL table alias mapping - monitoring0_
          - alias suffix - 0_
          - suffixed key columns - {virtual_1_68_0_}

13:23:07.436 [Test worker] DEBUG o.h.l.c.plan.CollectionLoader - Static select for collection org.project.neutrino.nfvo.catalogue.mano.record.VirtualNetworkFunctionRecord.monitoring_parameter: select monitoring0_.virtual_network_function_record_id as virtual_1_68_0_, monitoring0_.monitoring_parameter as monitori2_74_0_ from virtual_network_function_record_monitoring_parameter monitoring0_ where monitoring0_.virtual_network_function_record_id=?
13:23:07.436 [Test worker] DEBUG o.h.l.p.b.i.spaces.QuerySpacesImpl - Adding QuerySpace : uid = <gen:0> -> org.hibernate.loader.plan.build.internal.spaces.CollectionQuerySpaceImpl@55ac5e8a]
13:23:07.437 [Test worker] DEBUG o.h.l.p.b.i.spaces.QuerySpacesImpl - Adding QuerySpace : uid = <gen:1> -> org.hibernate.loader.plan.build.internal.spaces.EntityQuerySpaceImpl@2772e1f7]
13:23:07.437 [Test worker] DEBUG o.h.p.w.spi.MetamodelGraphWalker - Visiting attribute path : affinity
13:23:07.437 [Test worker] DEBUG o.h.p.w.spi.MetamodelGraphWalker - Visiting attribute path : capability
13:23:07.437 [Test worker] DEBUG o.h.p.w.spi.MetamodelGraphWalker - Visiting attribute path : number_of_instances
13:23:07.437 [Test worker] DEBUG o.h.p.w.spi.MetamodelGraphWalker - Visiting attribute path : redundancy_model
13:23:07.437 [Test worker] DEBUG o.h.p.w.spi.MetamodelGraphWalker - Visiting attribute path : version
13:23:07.437 [Test worker] DEBUG o.h.p.w.spi.MetamodelGraphWalker - Visiting attribute path : vnf_flavour_id_reference
13:23:07.437 [Test worker] DEBUG o.h.p.w.spi.MetamodelGraphWalker - Visiting attribute path : vnf_reference
13:23:07.437 [Test worker] DEBUG o.h.l.p.b.i.FetchStyleLoadPlanBuildingAssociationVisitationStrategy - Building LoadPlan...
13:23:07.437 [Test worker] DEBUG o.h.l.p.e.i.LoadQueryJoinAndFetchProcessor - processing queryspace <gen:0>
13:23:07.437 [Test worker] DEBUG o.h.l.p.b.spi.LoadPlanTreePrinter - LoadPlan(collection=org.project.neutrino.nfvo.catalogue.mano.common.ServiceDeploymentFlavour.constituent_vnf)
    - Returns
       - CollectionReturnImpl(collection=org.project.neutrino.nfvo.catalogue.mano.common.ServiceDeploymentFlavour.constituent_vnf, querySpaceUid=<gen:0>, path=[org.project.neutrino.nfvo.catalogue.mano.common.ServiceDeploymentFlavour.constituent_vnf])
          - (collection element) CollectionFetchableElementEntityGraph(entity=org.project.neutrino.nfvo.catalogue.mano.common.CostituentVNF, querySpaceUid=<gen:1>, path=[org.project.neutrino.nfvo.catalogue.mano.common.ServiceDeploymentFlavour.constituent_vnf].<elements>)
    - QuerySpaces
       - CollectionQuerySpaceImpl(uid=<gen:0>, collection=org.project.neutrino.nfvo.catalogue.mano.common.ServiceDeploymentFlavour.constituent_vnf)
          - SQL table alias mapping - constituen0_
          - alias suffix - 0_
          - suffixed key columns - {service_1_7_0_}
          - entity-element alias suffix - 1_
          - 1_entity-element suffixed key columns - id1_6_1_
          - JOIN (JoinDefinedByMetadata(elements)) : <gen:0> -> <gen:1>
             - EntityQuerySpaceImpl(uid=<gen:1>, entity=org.project.neutrino.nfvo.catalogue.mano.common.CostituentVNF)
                - SQL table alias mapping - costituent1_
                - alias suffix - 1_
                - suffixed key columns - {id1_6_1_}

13:23:07.438 [Test worker] DEBUG o.h.l.c.plan.CollectionLoader - Static select for collection org.project.neutrino.nfvo.catalogue.mano.common.ServiceDeploymentFlavour.constituent_vnf: select constituen0_.service_deployment_flavour_id as service_1_7_0_, constituen0_.constituent_vnf_id as constitu2_45_0_, costituent1_.id as id1_6_1_, costituent1_.affinity as affinity2_6_1_, costituent1_.capability as capabili3_6_1_, costituent1_.number_of_instances as number_o4_6_1_, costituent1_.redundancy_model as redundan5_6_1_, costituent1_.version as version6_6_1_, costituent1_.vnf_flavour_id_reference as vnf_flav7_6_1_, costituent1_.vnf_reference as vnf_refe8_6_1_ from service_deployment_flavour_constituent_vnf constituen0_ inner join costituentvnf costituent1_ on constituen0_.constituent_vnf_id=costituent1_.id where constituen0_.service_deployment_flavour_id=?
13:23:07.438 [Test worker] DEBUG o.h.l.p.b.i.spaces.QuerySpacesImpl - Adding QuerySpace : uid = <gen:0> -> org.hibernate.loader.plan.build.internal.spaces.CollectionQuerySpaceImpl@6593435c]
13:23:07.438 [Test worker] DEBUG o.h.l.p.b.i.FetchStyleLoadPlanBuildingAssociationVisitationStrategy - Building LoadPlan...
13:23:07.438 [Test worker] DEBUG o.h.l.p.e.i.LoadQueryJoinAndFetchProcessor - processing queryspace <gen:0>
13:23:07.438 [Test worker] DEBUG o.h.l.p.b.spi.LoadPlanTreePrinter - LoadPlan(collection=org.project.neutrino.nfvo.catalogue.mano.common.AbstractVirtualLink.qos)
    - Returns
       - CollectionReturnImpl(collection=org.project.neutrino.nfvo.catalogue.mano.common.AbstractVirtualLink.qos, querySpaceUid=<gen:0>, path=[org.project.neutrino.nfvo.catalogue.mano.common.AbstractVirtualLink.qos])
    - QuerySpaces
       - CollectionQuerySpaceImpl(uid=<gen:0>, collection=org.project.neutrino.nfvo.catalogue.mano.common.AbstractVirtualLink.qos)
          - SQL table alias mapping - qos0_
          - alias suffix - 0_
          - suffixed key columns - {abstract1_0_0_}

13:23:07.438 [Test worker] DEBUG o.h.l.c.plan.CollectionLoader - Static select for collection org.project.neutrino.nfvo.catalogue.mano.common.AbstractVirtualLink.qos: select qos0_.abstract_virtual_link_id as abstract1_0_0_, qos0_.qos as qos2_1_0_ from abstract_virtual_link_qos qos0_ where qos0_.abstract_virtual_link_id=?
13:23:07.438 [Test worker] DEBUG o.h.l.p.b.i.spaces.QuerySpacesImpl - Adding QuerySpace : uid = <gen:0> -> org.hibernate.loader.plan.build.internal.spaces.CollectionQuerySpaceImpl@1929ab02]
13:23:07.438 [Test worker] DEBUG o.h.l.p.b.i.spaces.QuerySpacesImpl - Adding QuerySpace : uid = <gen:1> -> org.hibernate.loader.plan.build.internal.spaces.EntityQuerySpaceImpl@7e9a1d35]
13:23:07.438 [Test worker] DEBUG o.h.p.w.spi.MetamodelGraphWalker - Visiting attribute path : lifecycle_events
13:23:07.439 [Test worker] DEBUG o.h.p.w.spi.MetamodelGraphWalker - Visiting attribute path : version
13:23:07.439 [Test worker] DEBUG o.h.l.p.b.i.FetchStyleLoadPlanBuildingAssociationVisitationStrategy - Building LoadPlan...
13:23:07.439 [Test worker] DEBUG o.h.l.p.e.i.LoadQueryJoinAndFetchProcessor - processing queryspace <gen:0>
13:23:07.439 [Test worker] DEBUG o.h.l.p.b.spi.LoadPlanTreePrinter - LoadPlan(collection=org.project.neutrino.nfvo.catalogue.mano.descriptor.VirtualDeploymentUnit.lifecycle_event)
    - Returns
       - CollectionReturnImpl(collection=org.project.neutrino.nfvo.catalogue.mano.descriptor.VirtualDeploymentUnit.lifecycle_event, querySpaceUid=<gen:0>, path=[org.project.neutrino.nfvo.catalogue.mano.descriptor.VirtualDeploymentUnit.lifecycle_event])
          - (collection element) CollectionFetchableElementEntityGraph(entity=org.project.neutrino.nfvo.catalogue.mano.common.LifecycleEvent, querySpaceUid=<gen:1>, path=[org.project.neutrino.nfvo.catalogue.mano.descriptor.VirtualDeploymentUnit.lifecycle_event].<elements>)
    - QuerySpaces
       - CollectionQuerySpaceImpl(uid=<gen:0>, collection=org.project.neutrino.nfvo.catalogue.mano.descriptor.VirtualDeploymentUnit.lifecycle_event)
          - SQL table alias mapping - lifecycle_0_
          - alias suffix - 0_
          - suffixed key columns - {virtual_1_47_0_}
          - entity-element alias suffix - 1_
          - 1_entity-element suffixed key columns - id1_10_1_
          - JOIN (JoinDefinedByMetadata(elements)) : <gen:0> -> <gen:1>
             - EntityQuerySpaceImpl(uid=<gen:1>, entity=org.project.neutrino.nfvo.catalogue.mano.common.LifecycleEvent)
                - SQL table alias mapping - lifecyclee1_
                - alias suffix - 1_
                - suffixed key columns - {id1_10_1_}

13:23:07.439 [Test worker] DEBUG o.h.l.c.plan.CollectionLoader - Static select for collection org.project.neutrino.nfvo.catalogue.mano.descriptor.VirtualDeploymentUnit.lifecycle_event: select lifecycle_0_.virtual_deployment_unit_id as virtual_1_47_0_, lifecycle_0_.lifecycle_event_id as lifecycl2_48_0_, lifecyclee1_.id as id1_10_1_, lifecyclee1_.version as version2_10_1_ from virtual_deployment_unit_lifecycle_event lifecycle_0_ inner join lifecycle_event lifecyclee1_ on lifecycle_0_.lifecycle_event_id=lifecyclee1_.id where lifecycle_0_.virtual_deployment_unit_id=?
13:23:07.439 [Test worker] DEBUG o.h.l.p.b.i.spaces.QuerySpacesImpl - Adding QuerySpace : uid = <gen:0> -> org.hibernate.loader.plan.build.internal.spaces.CollectionQuerySpaceImpl@7cce9f20]
13:23:07.439 [Test worker] DEBUG o.h.l.p.b.i.spaces.QuerySpacesImpl - Adding QuerySpace : uid = <gen:1> -> org.hibernate.loader.plan.build.internal.spaces.EntityQuerySpaceImpl@61312de3]
13:23:07.440 [Test worker] DEBUG o.h.p.w.spi.MetamodelGraphWalker - Visiting attribute path : allocated_capacity
13:23:07.440 [Test worker] DEBUG o.h.p.w.spi.MetamodelGraphWalker - Visiting attribute path : audit_log
13:23:07.440 [Test worker] DEBUG o.h.p.w.spi.MetamodelGraphWalker - Visiting attribute path : connection
13:23:07.440 [Test worker] DEBUG o.h.p.w.spi.MetamodelGraphWalker - Visiting attribute path : connectivity_type
13:23:07.440 [Test worker] DEBUG o.h.p.w.spi.MetamodelGraphWalker - Visiting attribute path : descriptor_reference
13:23:07.440 [Test worker] DEBUG o.h.p.w.spi.MetamodelGraphWalker - Visiting attribute path : leaf_requirement
13:23:07.440 [Test worker] DEBUG o.h.p.w.spi.MetamodelGraphWalker - Visiting attribute path : lifecycle_event_history
13:23:07.440 [Test worker] DEBUG o.h.l.p.b.i.spaces.QuerySpacesImpl - Adding QuerySpace : uid = <gen:2> -> org.hibernate.loader.plan.build.internal.spaces.CollectionQuerySpaceImpl@2439c364]
13:23:07.440 [Test worker] DEBUG o.h.l.p.b.i.spaces.QuerySpacesImpl - Adding QuerySpace : uid = <gen:3> -> org.hibernate.loader.plan.build.internal.spaces.EntityQuerySpaceImpl@4c4aecd0]
13:23:07.440 [Test worker] DEBUG o.h.p.w.spi.MetamodelGraphWalker - Visiting attribute path : notification
13:23:07.440 [Test worker] DEBUG o.h.p.w.spi.MetamodelGraphWalker - Visiting attribute path : number_of_enpoints
13:23:07.440 [Test worker] DEBUG o.h.p.w.spi.MetamodelGraphWalker - Visiting attribute path : parent_ns
13:23:07.440 [Test worker] DEBUG o.h.p.w.spi.MetamodelGraphWalker - Visiting attribute path : qos
13:23:07.440 [Test worker] DEBUG o.h.p.w.spi.MetamodelGraphWalker - Visiting attribute path : root_requirement
13:23:07.440 [Test worker] DEBUG o.h.p.w.spi.MetamodelGraphWalker - Visiting attribute path : status
13:23:07.440 [Test worker] DEBUG o.h.p.w.spi.MetamodelGraphWalker - Visiting attribute path : test_access
13:23:07.440 [Test worker] DEBUG o.h.p.w.spi.MetamodelGraphWalker - Visiting attribute path : vendor
13:23:07.440 [Test worker] DEBUG o.h.p.w.spi.MetamodelGraphWalker - Visiting attribute path : version
13:23:07.440 [Test worker] DEBUG o.h.p.w.spi.MetamodelGraphWalker - Visiting attribute path : vim_id
13:23:07.440 [Test worker] DEBUG o.h.p.w.spi.MetamodelGraphWalker - Visiting attribute path : vnffgr_reference
13:23:07.440 [Test worker] DEBUG o.h.l.p.b.i.spaces.QuerySpacesImpl - Adding QuerySpace : uid = <gen:4> -> org.hibernate.loader.plan.build.internal.spaces.CollectionQuerySpaceImpl@4b0172d1]
13:23:07.440 [Test worker] DEBUG o.h.l.p.b.i.spaces.QuerySpacesImpl - Adding QuerySpace : uid = <gen:5> -> org.hibernate.loader.plan.build.internal.spaces.EntityQuerySpaceImpl@4c191dcf]
13:23:07.440 [Test worker] DEBUG o.h.l.p.b.i.FetchStyleLoadPlanBuildingAssociationVisitationStrategy - Building LoadPlan...
13:23:07.441 [Test worker] DEBUG o.h.l.p.e.i.LoadQueryJoinAndFetchProcessor - processing queryspace <gen:0>
13:23:07.441 [Test worker] DEBUG o.h.l.p.b.spi.LoadPlanTreePrinter - LoadPlan(collection=org.project.neutrino.nfvo.catalogue.mano.record.PhysicalNetworkFunctionRecord.connected_virtual_link)
    - Returns
       - CollectionReturnImpl(collection=org.project.neutrino.nfvo.catalogue.mano.record.PhysicalNetworkFunctionRecord.connected_virtual_link, querySpaceUid=<gen:0>, path=[org.project.neutrino.nfvo.catalogue.mano.record.PhysicalNetworkFunctionRecord.connected_virtual_link])
          - (collection element) CollectionFetchableElementEntityGraph(entity=org.project.neutrino.nfvo.catalogue.mano.record.VirtualLinkRecord, querySpaceUid=<gen:1>, path=[org.project.neutrino.nfvo.catalogue.mano.record.PhysicalNetworkFunctionRecord.connected_virtual_link].<elements>)
             - CollectionAttributeFetchImpl(collection=org.project.neutrino.nfvo.catalogue.mano.record.VirtualLinkRecord.lifecycle_event_history, querySpaceUid=<gen:2>, path=[org.project.neutrino.nfvo.catalogue.mano.record.PhysicalNetworkFunctionRecord.connected_virtual_link].<elements>.lifecycle_event_history)
                - (collection element) CollectionFetchableElementEntityGraph(entity=org.project.neutrino.nfvo.catalogue.mano.common.LifecycleEvent, querySpaceUid=<gen:3>, path=[org.project.neutrino.nfvo.catalogue.mano.record.PhysicalNetworkFunctionRecord.connected_virtual_link].<elements>.lifecycle_event_history.<elements>)
             - CollectionAttributeFetchImpl(collection=org.project.neutrino.nfvo.catalogue.mano.record.VirtualLinkRecord.vnffgr_reference, querySpaceUid=<gen:4>, path=[org.project.neutrino.nfvo.catalogue.mano.record.PhysicalNetworkFunctionRecord.connected_virtual_link].<elements>.vnffgr_reference)
                - (collection element) CollectionFetchableElementEntityGraph(entity=org.project.neutrino.nfvo.catalogue.mano.record.VNFForwardingGraphRecord, querySpaceUid=<gen:5>, path=[org.project.neutrino.nfvo.catalogue.mano.record.PhysicalNetworkFunctionRecord.connected_virtual_link].<elements>.vnffgr_reference.<elements>)
    - QuerySpaces
       - CollectionQuerySpaceImpl(uid=<gen:0>, collection=org.project.neutrino.nfvo.catalogue.mano.record.PhysicalNetworkFunctionRecord.connected_virtual_link)
          - SQL table alias mapping - connected_0_
          - alias suffix - 0_
          - suffixed key columns - {physical1_37_0_}
          - entity-element alias suffix - 1_
          - 1_entity-element suffixed key columns - id1_54_1_
          - JOIN (JoinDefinedByMetadata(elements)) : <gen:0> -> <gen:1>
             - EntityQuerySpaceImpl(uid=<gen:1>, entity=org.project.neutrino.nfvo.catalogue.mano.record.VirtualLinkRecord)
                - SQL table alias mapping - virtuallin1_
                - alias suffix - 1_
                - suffixed key columns - {id1_54_1_}

13:23:07.441 [Test worker] DEBUG o.h.l.c.plan.CollectionLoader - Static select for collection org.project.neutrino.nfvo.catalogue.mano.record.PhysicalNetworkFunctionRecord.connected_virtual_link: select connected_0_.physical_network_function_record_id as physical1_37_0_, connected_0_.connected_virtual_link_id as connecte2_38_0_, virtuallin1_.id as id1_54_1_, virtuallin1_.connectivity_type as connecti2_54_1_, virtuallin1_.descriptor_reference as descript3_54_1_, virtuallin1_.leaf_requirement as leaf_req4_54_1_, virtuallin1_.number_of_enpoints as number_o5_54_1_, virtuallin1_.parent_ns as parent_n6_54_1_, virtuallin1_.root_requirement as root_req7_54_1_, virtuallin1_.status as status8_54_1_, virtuallin1_.test_access as test_acc9_54_1_, virtuallin1_.vendor as vendor10_54_1_, virtuallin1_.version as version11_54_1_, virtuallin1_.vim_id as vim_id12_54_1_ from physical_network_function_record_connected_virtual_link connected_0_ inner join virtual_link_record virtuallin1_ on connected_0_.connected_virtual_link_id=virtuallin1_.id where connected_0_.physical_network_function_record_id=?
13:23:07.443 [Test worker] DEBUG o.h.internal.SessionFactoryRegistry - Initializing SessionFactoryRegistry : org.hibernate.internal.SessionFactoryRegistry@2fefb21c
13:23:07.443 [Test worker] DEBUG o.h.internal.SessionFactoryRegistry - Registering SessionFactory: f529c343-8f23-420c-8173-26a75922a62e (<unnamed>)
13:23:07.443 [Test worker] DEBUG o.h.internal.SessionFactoryRegistry - Not binding SessionFactory to JNDI, no JNDI name configured
13:23:07.443 [Test worker] DEBUG o.h.internal.SessionFactoryImpl - Instantiated session factory
13:23:07.447 [Test worker] DEBUG org.hibernate.cfg.Configuration - Processing hbm.xml files
13:23:07.447 [Test worker] DEBUG org.hibernate.cfg.Configuration - Process annotated classes
13:23:07.447 [Test worker] DEBUG org.hibernate.cfg.Configuration - Processing fk mappings (*ToOne and JoinedSubclass)
13:23:07.447 [Test worker] DEBUG org.hibernate.cfg.Configuration - Processing extends queue
13:23:07.447 [Test worker] DEBUG org.hibernate.cfg.Configuration - Processing extends queue
13:23:07.447 [Test worker] DEBUG org.hibernate.cfg.Configuration - Processing collection mappings
13:23:07.447 [Test worker] DEBUG org.hibernate.cfg.Configuration - Processing native query and ResultSetMapping mappings
13:23:07.447 [Test worker] DEBUG org.hibernate.cfg.Configuration - Processing association property references
13:23:07.447 [Test worker] DEBUG org.hibernate.cfg.Configuration - Creating tables' unique integer identifiers
13:23:07.447 [Test worker] DEBUG org.hibernate.cfg.Configuration - Processing foreign key constraints
13:23:07.447 [Test worker] DEBUG org.hibernate.cfg.Configuration - Resolving reference to class: org.project.neutrino.nfvo.catalogue.mano.common.AbstractVirtualLink
13:23:07.447 [Test worker] DEBUG org.hibernate.cfg.Configuration - Resolving reference to class: org.project.neutrino.nfvo.catalogue.mano.common.AbstractVirtualLink
13:23:07.447 [Test worker] DEBUG org.hibernate.cfg.Configuration - Resolving reference to class: org.project.neutrino.nfvo.catalogue.mano.descriptor.InternalVirtualLink
13:23:07.447 [Test worker] DEBUG org.hibernate.cfg.Configuration - Resolving reference to class: org.project.neutrino.nfvo.catalogue.mano.common.LifecycleEvent
13:23:07.447 [Test worker] DEBUG org.hibernate.cfg.Configuration - Resolving reference to class: org.project.neutrino.nfvo.catalogue.mano.descriptor.Policy
13:23:07.447 [Test worker] DEBUG org.hibernate.cfg.Configuration - Resolving reference to class: org.project.neutrino.nfvo.catalogue.mano.descriptor.NetworkForwardingPath
13:23:07.447 [Test worker] DEBUG org.hibernate.cfg.Configuration - Resolving reference to class: org.project.neutrino.nfvo.catalogue.mano.common.Security
13:23:07.447 [Test worker] DEBUG org.hibernate.cfg.Configuration - Resolving reference to class: org.project.neutrino.nfvo.catalogue.mano.descriptor.PhysicalNetworkFunctionDescriptor
13:23:07.447 [Test worker] DEBUG org.hibernate.cfg.Configuration - Resolving reference to class: org.project.neutrino.nfvo.catalogue.mano.descriptor.NetworkServiceDescriptor
13:23:07.447 [Test worker] DEBUG org.hibernate.cfg.Configuration - Resolving reference to class: org.project.neutrino.nfvo.catalogue.mano.common.VNFDependency
13:23:07.447 [Test worker] DEBUG org.hibernate.cfg.Configuration - Resolving reference to class: org.project.neutrino.nfvo.catalogue.mano.descriptor.NetworkServiceDescriptor
13:23:07.447 [Test worker] DEBUG org.hibernate.cfg.Configuration - Resolving reference to class: org.project.neutrino.nfvo.catalogue.mano.descriptor.VirtualNetworkFunctionDescriptor
13:23:07.447 [Test worker] DEBUG org.hibernate.cfg.Configuration - Resolving reference to class: org.project.neutrino.nfvo.catalogue.mano.descriptor.NetworkServiceDescriptor
13:23:07.447 [Test worker] DEBUG org.hibernate.cfg.Configuration - Resolving reference to class: org.project.neutrino.nfvo.catalogue.mano.common.NFVEntityDescriptor
13:23:07.447 [Test worker] DEBUG org.hibernate.cfg.Configuration - Resolving reference to class: org.project.neutrino.nfvo.catalogue.mano.common.LifecycleEvent
13:23:07.447 [Test worker] DEBUG org.hibernate.cfg.Configuration - Resolving reference to class: org.project.neutrino.nfvo.catalogue.mano.common.ServiceDeploymentFlavour
13:23:07.447 [Test worker] DEBUG org.hibernate.cfg.Configuration - Resolving reference to class: org.project.neutrino.nfvo.catalogue.mano.record.VirtualNetworkFunctionRecord
13:23:07.447 [Test worker] DEBUG org.hibernate.cfg.Configuration - Resolving reference to class: org.project.neutrino.nfvo.catalogue.mano.common.AutoScalePolicy
13:23:07.447 [Test worker] DEBUG org.hibernate.cfg.Configuration - Resolving reference to class: org.project.neutrino.nfvo.catalogue.mano.record.NetworkServiceRecord
13:23:07.447 [Test worker] DEBUG org.hibernate.cfg.Configuration - Resolving reference to class: org.project.neutrino.nfvo.catalogue.mano.common.ConnectionPoint
13:23:07.447 [Test worker] DEBUG org.hibernate.cfg.Configuration - Resolving reference to class: org.project.neutrino.nfvo.catalogue.mano.record.NetworkServiceRecord
13:23:07.447 [Test worker] DEBUG org.hibernate.cfg.Configuration - Resolving reference to class: org.project.neutrino.nfvo.catalogue.mano.common.LifecycleEvent
13:23:07.447 [Test worker] DEBUG org.hibernate.cfg.Configuration - Resolving reference to class: org.project.neutrino.nfvo.catalogue.mano.record.NetworkServiceRecord
13:23:07.447 [Test worker] DEBUG org.hibernate.cfg.Configuration - Resolving reference to class: org.project.neutrino.nfvo.catalogue.mano.record.NetworkServiceRecord
13:23:07.447 [Test worker] DEBUG org.hibernate.cfg.Configuration - Resolving reference to class: org.project.neutrino.nfvo.catalogue.mano.record.PhysicalNetworkFunctionRecord
13:23:07.448 [Test worker] DEBUG org.hibernate.cfg.Configuration - Resolving reference to class: org.project.neutrino.nfvo.catalogue.mano.record.NetworkServiceRecord
13:23:07.448 [Test worker] DEBUG org.hibernate.cfg.Configuration - Resolving reference to class: org.project.neutrino.nfvo.catalogue.mano.record.VirtualLinkRecord
13:23:07.448 [Test worker] DEBUG org.hibernate.cfg.Configuration - Resolving reference to class: org.project.neutrino.nfvo.catalogue.mano.record.NetworkServiceRecord
13:23:07.448 [Test worker] DEBUG org.hibernate.cfg.Configuration - Resolving reference to class: org.project.neutrino.nfvo.catalogue.mano.common.VNFDependency
13:23:07.448 [Test worker] DEBUG org.hibernate.cfg.Configuration - Resolving reference to class: org.project.neutrino.nfvo.catalogue.mano.record.NetworkServiceRecord
13:23:07.448 [Test worker] DEBUG org.hibernate.cfg.Configuration - Resolving reference to class: org.project.neutrino.nfvo.catalogue.mano.descriptor.VNFForwardingGraph
13:23:07.448 [Test worker] DEBUG org.hibernate.cfg.Configuration - Resolving reference to class: org.project.neutrino.nfvo.catalogue.mano.record.NetworkServiceRecord
13:23:07.448 [Test worker] DEBUG org.hibernate.cfg.Configuration - Resolving reference to class: org.project.neutrino.nfvo.catalogue.mano.common.AutoScalePolicy
13:23:07.448 [Test worker] DEBUG org.hibernate.cfg.Configuration - Resolving reference to class: org.project.neutrino.nfvo.catalogue.mano.common.NFVEntityDescriptor
13:23:07.448 [Test worker] DEBUG org.hibernate.cfg.Configuration - Resolving reference to class: org.project.neutrino.nfvo.catalogue.mano.common.ConnectionPoint
13:23:07.448 [Test worker] DEBUG org.hibernate.cfg.Configuration - Resolving reference to class: org.project.neutrino.nfvo.catalogue.mano.common.NFVEntityDescriptor
13:23:07.448 [Test worker] DEBUG org.hibernate.cfg.Configuration - Resolving reference to class: org.project.neutrino.nfvo.catalogue.mano.common.LifecycleEvent
13:23:07.448 [Test worker] DEBUG org.hibernate.cfg.Configuration - Resolving reference to class: org.project.neutrino.nfvo.catalogue.mano.common.NFVEntityDescriptor
13:23:07.448 [Test worker] DEBUG org.hibernate.cfg.Configuration - Resolving reference to class: org.project.neutrino.nfvo.catalogue.mano.common.NFVEntityDescriptor
13:23:07.448 [Test worker] DEBUG org.hibernate.cfg.Configuration - Resolving reference to class: org.project.neutrino.nfvo.catalogue.mano.common.DeploymentFlavour
13:23:07.448 [Test worker] DEBUG org.hibernate.cfg.Configuration - Resolving reference to class: org.project.neutrino.nfvo.catalogue.mano.common.NFVEntityDescriptor
13:23:07.448 [Test worker] DEBUG org.hibernate.cfg.Configuration - Resolving reference to class: org.project.neutrino.nfvo.catalogue.mano.descriptor.VirtualLinkDescriptor
13:23:07.448 [Test worker] DEBUG org.hibernate.cfg.Configuration - Resolving reference to class: org.project.neutrino.nfvo.catalogue.mano.common.NFVEntityDescriptor
13:23:07.448 [Test worker] DEBUG org.hibernate.cfg.Configuration - Resolving reference to class: org.project.neutrino.nfvo.catalogue.mano.descriptor.VNFForwardingGraph
13:23:07.448 [Test worker] DEBUG org.hibernate.cfg.Configuration - Resolving reference to class: org.project.neutrino.nfvo.catalogue.mano.common.NFVEntityDescriptor
13:23:07.448 [Test worker] DEBUG org.hibernate.cfg.Configuration - Resolving reference to class: org.project.neutrino.nfvo.catalogue.mano.common.Security
13:23:07.448 [Test worker] DEBUG org.hibernate.cfg.Configuration - Resolving reference to class: org.project.neutrino.nfvo.catalogue.mano.common.ConnectionPoint
13:23:07.448 [Test worker] DEBUG org.hibernate.cfg.Configuration - Resolving reference to class: org.project.neutrino.nfvo.catalogue.mano.descriptor.PhysicalNetworkFunctionDescriptor
13:23:07.448 [Test worker] DEBUG org.hibernate.cfg.Configuration - Resolving reference to class: org.project.neutrino.nfvo.catalogue.mano.descriptor.PhysicalNetworkFunctionDescriptor
13:23:07.448 [Test worker] DEBUG org.hibernate.cfg.Configuration - Resolving reference to class: org.project.neutrino.nfvo.catalogue.mano.record.NetworkServiceRecord
13:23:07.448 [Test worker] DEBUG org.hibernate.cfg.Configuration - Resolving reference to class: org.project.neutrino.nfvo.catalogue.mano.record.VirtualLinkRecord
13:23:07.448 [Test worker] DEBUG org.hibernate.cfg.Configuration - Resolving reference to class: org.project.neutrino.nfvo.catalogue.mano.record.PhysicalNetworkFunctionRecord
13:23:07.448 [Test worker] DEBUG org.hibernate.cfg.Configuration - Resolving reference to class: org.project.neutrino.nfvo.catalogue.mano.common.ConnectionPoint
13:23:07.448 [Test worker] DEBUG org.hibernate.cfg.Configuration - Resolving reference to class: org.project.neutrino.nfvo.catalogue.mano.record.PhysicalNetworkFunctionRecord
13:23:07.448 [Test worker] DEBUG org.hibernate.cfg.Configuration - Resolving reference to class: org.project.neutrino.nfvo.catalogue.mano.record.PhysicalNetworkFunctionRecord
13:23:07.448 [Test worker] DEBUG org.hibernate.cfg.Configuration - Resolving reference to class: org.project.neutrino.nfvo.catalogue.mano.record.VNFForwardingGraphRecord
13:23:07.448 [Test worker] DEBUG org.hibernate.cfg.Configuration - Resolving reference to class: org.project.neutrino.nfvo.catalogue.mano.record.PhysicalNetworkFunctionRecord
13:23:07.448 [Test worker] DEBUG org.hibernate.cfg.Configuration - Resolving reference to class: org.project.neutrino.nfvo.catalogue.mano.common.CostituentVNF
13:23:07.448 [Test worker] DEBUG org.hibernate.cfg.Configuration - Resolving reference to class: org.project.neutrino.nfvo.catalogue.mano.common.ServiceDeploymentFlavour
13:23:07.448 [Test worker] DEBUG org.hibernate.cfg.Configuration - Resolving reference to class: org.project.neutrino.nfvo.catalogue.mano.descriptor.VirtualDeploymentUnit
13:23:07.448 [Test worker] DEBUG org.hibernate.cfg.Configuration - Resolving reference to class: org.project.neutrino.nfvo.catalogue.mano.descriptor.VirtualDeploymentUnit
13:23:07.448 [Test worker] DEBUG org.hibernate.cfg.Configuration - Resolving reference to class: org.project.neutrino.nfvo.catalogue.mano.common.LifecycleEvent
13:23:07.448 [Test worker] DEBUG org.hibernate.cfg.Configuration - Resolving reference to class: org.project.neutrino.nfvo.catalogue.mano.descriptor.VirtualDeploymentUnit
13:23:07.448 [Test worker] DEBUG org.hibernate.cfg.Configuration - Resolving reference to class: org.project.neutrino.nfvo.catalogue.mano.descriptor.VirtualDeploymentUnit
13:23:07.448 [Test worker] DEBUG org.hibernate.cfg.Configuration - Resolving reference to class: org.project.neutrino.nfvo.catalogue.mano.descriptor.VirtualDeploymentUnit
13:23:07.448 [Test worker] DEBUG org.hibernate.cfg.Configuration - Resolving reference to class: org.project.neutrino.nfvo.catalogue.mano.descriptor.VNFComponent
13:23:07.448 [Test worker] DEBUG org.hibernate.cfg.Configuration - Resolving reference to class: org.project.neutrino.nfvo.catalogue.mano.descriptor.VirtualDeploymentUnit
13:23:07.448 [Test worker] DEBUG org.hibernate.cfg.Configuration - Resolving reference to class: org.project.neutrino.nfvo.catalogue.mano.common.Security
13:23:07.448 [Test worker] DEBUG org.hibernate.cfg.Configuration - Resolving reference to class: org.project.neutrino.nfvo.catalogue.mano.descriptor.VirtualLinkDescriptor
13:23:07.448 [Test worker] DEBUG org.hibernate.cfg.Configuration - Resolving reference to class: org.project.neutrino.nfvo.catalogue.mano.record.VirtualLinkRecord
13:23:07.448 [Test worker] DEBUG org.hibernate.cfg.Configuration - Resolving reference to class: org.project.neutrino.nfvo.catalogue.mano.record.VirtualLinkRecord
13:23:07.448 [Test worker] DEBUG org.hibernate.cfg.Configuration - Resolving reference to class: org.project.neutrino.nfvo.catalogue.mano.record.VirtualLinkRecord
13:23:07.448 [Test worker] DEBUG org.hibernate.cfg.Configuration - Resolving reference to class: org.project.neutrino.nfvo.catalogue.mano.common.LifecycleEvent
13:23:07.448 [Test worker] DEBUG org.hibernate.cfg.Configuration - Resolving reference to class: org.project.neutrino.nfvo.catalogue.mano.record.VirtualLinkRecord
13:23:07.448 [Test worker] DEBUG org.hibernate.cfg.Configuration - Resolving reference to class: org.project.neutrino.nfvo.catalogue.mano.record.VirtualLinkRecord
13:23:07.448 [Test worker] DEBUG org.hibernate.cfg.Configuration - Resolving reference to class: org.project.neutrino.nfvo.catalogue.mano.record.VirtualLinkRecord
13:23:07.448 [Test worker] DEBUG org.hibernate.cfg.Configuration - Resolving reference to class: org.project.neutrino.nfvo.catalogue.mano.record.VNFForwardingGraphRecord
13:23:07.448 [Test worker] DEBUG org.hibernate.cfg.Configuration - Resolving reference to class: org.project.neutrino.nfvo.catalogue.mano.record.VirtualLinkRecord
13:23:07.448 [Test worker] DEBUG org.hibernate.cfg.Configuration - Resolving reference to class: org.project.neutrino.nfvo.catalogue.mano.descriptor.VNFDDeploymentFlavour
13:23:07.448 [Test worker] DEBUG org.hibernate.cfg.Configuration - Resolving reference to class: org.project.neutrino.nfvo.catalogue.mano.descriptor.VirtualNetworkFunctionDescriptor
13:23:07.448 [Test worker] DEBUG org.hibernate.cfg.Configuration - Resolving reference to class: org.project.neutrino.nfvo.catalogue.mano.common.Security
13:23:07.448 [Test worker] DEBUG org.hibernate.cfg.Configuration - Resolving reference to class: org.project.neutrino.nfvo.catalogue.mano.descriptor.VirtualNetworkFunctionDescriptor
13:23:07.448 [Test worker] DEBUG org.hibernate.cfg.Configuration - Resolving reference to class: org.project.neutrino.nfvo.catalogue.mano.descriptor.VirtualDeploymentUnit
13:23:07.448 [Test worker] DEBUG org.hibernate.cfg.Configuration - Resolving reference to class: org.project.neutrino.nfvo.catalogue.mano.descriptor.VirtualNetworkFunctionDescriptor
13:23:07.448 [Test worker] DEBUG org.hibernate.cfg.Configuration - Resolving reference to class: org.project.neutrino.nfvo.catalogue.mano.descriptor.VDUDependency
13:23:07.448 [Test worker] DEBUG org.hibernate.cfg.Configuration - Resolving reference to class: org.project.neutrino.nfvo.catalogue.mano.descriptor.VirtualNetworkFunctionDescriptor
13:23:07.448 [Test worker] DEBUG org.hibernate.cfg.Configuration - Resolving reference to class: org.project.neutrino.nfvo.catalogue.mano.descriptor.InternalVirtualLink
13:23:07.448 [Test worker] DEBUG org.hibernate.cfg.Configuration - Resolving reference to class: org.project.neutrino.nfvo.catalogue.mano.descriptor.VirtualNetworkFunctionDescriptor
13:23:07.448 [Test worker] DEBUG org.hibernate.cfg.Configuration - Resolving reference to class: org.project.neutrino.nfvo.catalogue.mano.descriptor.VNFDDeploymentFlavour
13:23:07.448 [Test worker] DEBUG org.hibernate.cfg.Configuration - Resolving reference to class: org.project.neutrino.nfvo.catalogue.mano.common.LifecycleEvent
13:23:07.448 [Test worker] DEBUG org.hibernate.cfg.Configuration - Resolving reference to class: org.project.neutrino.nfvo.catalogue.mano.record.NetworkServiceRecord
13:23:07.448 [Test worker] DEBUG org.hibernate.cfg.Configuration - Resolving reference to class: org.project.neutrino.nfvo.catalogue.mano.common.AutoScalePolicy
13:23:07.448 [Test worker] DEBUG org.hibernate.cfg.Configuration - Resolving reference to class: org.project.neutrino.nfvo.catalogue.mano.record.VirtualNetworkFunctionRecord
13:23:07.448 [Test worker] DEBUG org.hibernate.cfg.Configuration - Resolving reference to class: org.project.neutrino.nfvo.catalogue.mano.record.VirtualLinkRecord
13:23:07.448 [Test worker] DEBUG org.hibernate.cfg.Configuration - Resolving reference to class: org.project.neutrino.nfvo.catalogue.mano.record.VirtualNetworkFunctionRecord
13:23:07.448 [Test worker] DEBUG org.hibernate.cfg.Configuration - Resolving reference to class: org.project.neutrino.nfvo.catalogue.mano.common.ConnectionPoint
13:23:07.448 [Test worker] DEBUG org.hibernate.cfg.Configuration - Resolving reference to class: org.project.neutrino.nfvo.catalogue.mano.record.VirtualNetworkFunctionRecord
13:23:07.448 [Test worker] DEBUG org.hibernate.cfg.Configuration - Resolving reference to class: org.project.neutrino.nfvo.catalogue.mano.common.VNFDependency
13:23:07.449 [Test worker] DEBUG org.hibernate.cfg.Configuration - Resolving reference to class: org.project.neutrino.nfvo.catalogue.mano.record.VirtualNetworkFunctionRecord
13:23:07.449 [Test worker] DEBUG org.hibernate.cfg.Configuration - Resolving reference to class: org.project.neutrino.nfvo.catalogue.mano.common.LifecycleEvent
13:23:07.449 [Test worker] DEBUG org.hibernate.cfg.Configuration - Resolving reference to class: org.project.neutrino.nfvo.catalogue.mano.record.VirtualNetworkFunctionRecord
13:23:07.449 [Test worker] DEBUG org.hibernate.cfg.Configuration - Resolving reference to class: org.project.neutrino.nfvo.catalogue.mano.record.VirtualNetworkFunctionRecord
13:23:07.449 [Test worker] DEBUG org.hibernate.cfg.Configuration - Resolving reference to class: org.project.neutrino.nfvo.catalogue.mano.record.VirtualNetworkFunctionRecord
13:23:07.449 [Test worker] DEBUG org.hibernate.cfg.Configuration - Resolving reference to class: org.project.neutrino.nfvo.catalogue.mano.record.VirtualNetworkFunctionRecord
13:23:07.449 [Test worker] DEBUG org.hibernate.cfg.Configuration - Resolving reference to class: org.project.neutrino.nfvo.catalogue.mano.descriptor.VirtualDeploymentUnit
13:23:07.449 [Test worker] DEBUG org.hibernate.cfg.Configuration - Resolving reference to class: org.project.neutrino.nfvo.catalogue.mano.record.VirtualNetworkFunctionRecord
13:23:07.449 [Test worker] DEBUG org.hibernate.cfg.Configuration - Resolving reference to class: org.project.neutrino.nfvo.catalogue.mano.descriptor.InternalVirtualLink
13:23:07.449 [Test worker] DEBUG org.hibernate.cfg.Configuration - Resolving reference to class: org.project.neutrino.nfvo.catalogue.mano.record.VirtualNetworkFunctionRecord
13:23:07.449 [Test worker] DEBUG org.hibernate.cfg.Configuration - Resolving reference to class: org.project.neutrino.nfvo.catalogue.mano.record.VirtualNetworkFunctionRecord
13:23:07.449 [Test worker] DEBUG org.hibernate.cfg.Configuration - Resolving reference to class: org.project.neutrino.nfvo.catalogue.mano.descriptor.VNFDConnectionPoint
13:23:07.449 [Test worker] DEBUG org.hibernate.cfg.Configuration - Resolving reference to class: org.project.neutrino.nfvo.catalogue.mano.descriptor.VNFComponent
13:23:07.449 [Test worker] DEBUG org.hibernate.cfg.Configuration - Resolving reference to class: org.project.neutrino.nfvo.catalogue.mano.common.CostituentVDU
13:23:07.449 [Test worker] DEBUG org.hibernate.cfg.Configuration - Resolving reference to class: org.project.neutrino.nfvo.catalogue.mano.descriptor.VNFDDeploymentFlavour
13:23:07.449 [Test worker] DEBUG org.hibernate.cfg.Configuration - Resolving reference to class: org.project.neutrino.nfvo.catalogue.mano.descriptor.VNFDDeploymentFlavour
13:23:07.450 [Test worker] DEBUG org.hibernate.cfg.Configuration - Resolving reference to class: org.project.neutrino.nfvo.catalogue.mano.descriptor.VirtualNetworkFunctionDescriptor
13:23:07.450 [Test worker] DEBUG org.hibernate.cfg.Configuration - Resolving reference to class: org.project.neutrino.nfvo.catalogue.mano.descriptor.VirtualNetworkFunctionDescriptor
13:23:07.450 [Test worker] DEBUG org.hibernate.cfg.Configuration - Resolving reference to class: org.project.neutrino.nfvo.catalogue.mano.common.Security
13:23:07.450 [Test worker] DEBUG org.hibernate.cfg.Configuration - Resolving reference to class: org.project.neutrino.nfvo.catalogue.mano.common.ConnectionPoint
13:23:07.450 [Test worker] DEBUG org.hibernate.cfg.Configuration - Resolving reference to class: org.project.neutrino.nfvo.catalogue.mano.descriptor.VNFForwardingGraph
13:23:07.450 [Test worker] DEBUG org.hibernate.cfg.Configuration - Resolving reference to class: org.project.neutrino.nfvo.catalogue.mano.common.CostituentVNF
13:23:07.450 [Test worker] DEBUG org.hibernate.cfg.Configuration - Resolving reference to class: org.project.neutrino.nfvo.catalogue.mano.descriptor.VNFForwardingGraph
13:23:07.450 [Test worker] DEBUG org.hibernate.cfg.Configuration - Resolving reference to class: org.project.neutrino.nfvo.catalogue.mano.descriptor.VirtualLinkDescriptor
13:23:07.450 [Test worker] DEBUG org.hibernate.cfg.Configuration - Resolving reference to class: org.project.neutrino.nfvo.catalogue.mano.descriptor.VNFForwardingGraph
13:23:07.450 [Test worker] DEBUG org.hibernate.cfg.Configuration - Resolving reference to class: org.project.neutrino.nfvo.catalogue.mano.descriptor.NetworkForwardingPath
13:23:07.450 [Test worker] DEBUG org.hibernate.cfg.Configuration - Resolving reference to class: org.project.neutrino.nfvo.catalogue.mano.descriptor.VNFForwardingGraph
13:23:07.450 [Test worker] DEBUG org.hibernate.cfg.Configuration - Resolving reference to class: org.project.neutrino.nfvo.catalogue.mano.descriptor.VNFForwardingGraph
13:23:07.450 [Test worker] DEBUG org.hibernate.cfg.Configuration - Resolving reference to class: org.project.neutrino.nfvo.catalogue.mano.descriptor.NetworkForwardingPath
13:23:07.450 [Test worker] DEBUG org.hibernate.cfg.Configuration - Resolving reference to class: org.project.neutrino.nfvo.catalogue.mano.record.NetworkServiceRecord
13:23:07.450 [Test worker] DEBUG org.hibernate.cfg.Configuration - Resolving reference to class: org.project.neutrino.nfvo.catalogue.mano.descriptor.VNFDConnectionPoint
13:23:07.450 [Test worker] DEBUG org.hibernate.cfg.Configuration - Resolving reference to class: org.project.neutrino.nfvo.catalogue.mano.record.VNFForwardingGraphRecord
13:23:07.450 [Test worker] DEBUG org.hibernate.cfg.Configuration - Resolving reference to class: org.project.neutrino.nfvo.catalogue.mano.record.VirtualLinkRecord
13:23:07.450 [Test worker] DEBUG org.hibernate.cfg.Configuration - Resolving reference to class: org.project.neutrino.nfvo.catalogue.mano.record.VNFForwardingGraphRecord
13:23:07.450 [Test worker] DEBUG org.hibernate.cfg.Configuration - Resolving reference to class: org.project.neutrino.nfvo.catalogue.mano.common.LifecycleEvent
13:23:07.450 [Test worker] DEBUG org.hibernate.cfg.Configuration - Resolving reference to class: org.project.neutrino.nfvo.catalogue.mano.record.VNFForwardingGraphRecord
13:23:07.450 [Test worker] DEBUG org.hibernate.cfg.Configuration - Resolving reference to class: org.project.neutrino.nfvo.catalogue.mano.record.VirtualNetworkFunctionRecord
13:23:07.450 [Test worker] DEBUG org.hibernate.cfg.Configuration - Resolving reference to class: org.project.neutrino.nfvo.catalogue.mano.record.VNFForwardingGraphRecord
13:23:07.450 [Test worker] DEBUG org.hibernate.cfg.Configuration - Resolving reference to class: org.project.neutrino.nfvo.catalogue.mano.record.VNFForwardingGraphRecord
13:23:07.451 [Test worker] DEBUG o.h.i.f.i.DefaultIdentifierGeneratorFactory - Setting dialect [org.hibernate.dialect.MySQL5Dialect]
13:23:07.451 [Test worker] DEBUG o.h.i.f.i.DefaultIdentifierGeneratorFactory - Setting dialect [org.hibernate.dialect.MySQL5Dialect]
13:23:07.451 [Test worker] DEBUG o.h.i.f.i.DefaultIdentifierGeneratorFactory - Setting dialect [org.hibernate.dialect.MySQL5Dialect]
13:23:07.451 [Test worker] DEBUG o.h.i.f.i.DefaultIdentifierGeneratorFactory - Setting dialect [org.hibernate.dialect.MySQL5Dialect]
13:23:07.452 [Test worker] DEBUG o.h.i.f.i.DefaultIdentifierGeneratorFactory - Setting dialect [org.hibernate.dialect.MySQL5Dialect]
13:23:07.452 [Test worker] DEBUG o.h.i.f.i.DefaultIdentifierGeneratorFactory - Setting dialect [org.hibernate.dialect.MySQL5Dialect]
13:23:07.452 [Test worker] DEBUG o.h.i.f.i.DefaultIdentifierGeneratorFactory - Setting dialect [org.hibernate.dialect.MySQL5Dialect]
13:23:07.452 [Test worker] DEBUG o.h.i.f.i.DefaultIdentifierGeneratorFactory - Setting dialect [org.hibernate.dialect.MySQL5Dialect]
13:23:07.452 [Test worker] DEBUG o.h.i.f.i.DefaultIdentifierGeneratorFactory - Setting dialect [org.hibernate.dialect.MySQL5Dialect]
13:23:07.452 [Test worker] DEBUG o.h.i.f.i.DefaultIdentifierGeneratorFactory - Setting dialect [org.hibernate.dialect.MySQL5Dialect]
13:23:07.452 [Test worker] DEBUG o.h.i.f.i.DefaultIdentifierGeneratorFactory - Setting dialect [org.hibernate.dialect.MySQL5Dialect]
13:23:07.452 [Test worker] DEBUG o.h.i.f.i.DefaultIdentifierGeneratorFactory - Setting dialect [org.hibernate.dialect.MySQL5Dialect]
13:23:07.452 [Test worker] DEBUG o.h.i.f.i.DefaultIdentifierGeneratorFactory - Setting dialect [org.hibernate.dialect.MySQL5Dialect]
13:23:07.452 [Test worker] DEBUG o.h.i.f.i.DefaultIdentifierGeneratorFactory - Setting dialect [org.hibernate.dialect.MySQL5Dialect]
13:23:07.452 [Test worker] DEBUG o.h.i.f.i.DefaultIdentifierGeneratorFactory - Setting dialect [org.hibernate.dialect.MySQL5Dialect]
13:23:07.452 [Test worker] DEBUG o.h.i.f.i.DefaultIdentifierGeneratorFactory - Setting dialect [org.hibernate.dialect.MySQL5Dialect]
13:23:07.452 [Test worker] DEBUG o.h.i.f.i.DefaultIdentifierGeneratorFactory - Setting dialect [org.hibernate.dialect.MySQL5Dialect]
13:23:07.452 [Test worker] DEBUG o.h.i.f.i.DefaultIdentifierGeneratorFactory - Setting dialect [org.hibernate.dialect.MySQL5Dialect]
13:23:07.452 [Test worker] DEBUG o.h.i.f.i.DefaultIdentifierGeneratorFactory - Setting dialect [org.hibernate.dialect.MySQL5Dialect]
13:23:07.452 [Test worker] DEBUG o.h.i.f.i.DefaultIdentifierGeneratorFactory - Setting dialect [org.hibernate.dialect.MySQL5Dialect]
13:23:07.452 [Test worker] DEBUG o.h.i.f.i.DefaultIdentifierGeneratorFactory - Setting dialect [org.hibernate.dialect.MySQL5Dialect]
13:23:07.452 [Test worker] DEBUG o.h.i.f.i.DefaultIdentifierGeneratorFactory - Setting dialect [org.hibernate.dialect.MySQL5Dialect]
13:23:07.452 [Test worker] DEBUG org.hibernate.cfg.Configuration - Processing hbm.xml files
13:23:07.452 [Test worker] DEBUG org.hibernate.cfg.Configuration - Process annotated classes
13:23:07.452 [Test worker] DEBUG org.hibernate.cfg.Configuration - Processing fk mappings (*ToOne and JoinedSubclass)
13:23:07.452 [Test worker] DEBUG org.hibernate.cfg.Configuration - Processing extends queue
13:23:07.452 [Test worker] DEBUG org.hibernate.cfg.Configuration - Processing extends queue
13:23:07.452 [Test worker] DEBUG org.hibernate.cfg.Configuration - Processing collection mappings
13:23:07.452 [Test worker] DEBUG org.hibernate.cfg.Configuration - Processing native query and ResultSetMapping mappings
13:23:07.452 [Test worker] DEBUG org.hibernate.cfg.Configuration - Processing association property references
13:23:07.452 [Test worker] DEBUG org.hibernate.cfg.Configuration - Creating tables' unique integer identifiers
13:23:07.452 [Test worker] DEBUG org.hibernate.cfg.Configuration - Processing foreign key constraints
13:23:07.452 [Test worker] DEBUG org.hibernate.cfg.Configuration - Resolving reference to class: org.project.neutrino.nfvo.catalogue.mano.common.AbstractVirtualLink
13:23:07.452 [Test worker] DEBUG org.hibernate.cfg.Configuration - Resolving reference to class: org.project.neutrino.nfvo.catalogue.mano.common.AbstractVirtualLink
13:23:07.452 [Test worker] DEBUG org.hibernate.cfg.Configuration - Resolving reference to class: org.project.neutrino.nfvo.catalogue.mano.descriptor.InternalVirtualLink
13:23:07.452 [Test worker] DEBUG org.hibernate.cfg.Configuration - Resolving reference to class: org.project.neutrino.nfvo.catalogue.mano.common.LifecycleEvent
13:23:07.452 [Test worker] DEBUG org.hibernate.cfg.Configuration - Resolving reference to class: org.project.neutrino.nfvo.catalogue.mano.descriptor.Policy
13:23:07.452 [Test worker] DEBUG org.hibernate.cfg.Configuration - Resolving reference to class: org.project.neutrino.nfvo.catalogue.mano.descriptor.NetworkForwardingPath
13:23:07.452 [Test worker] DEBUG org.hibernate.cfg.Configuration - Resolving reference to class: org.project.neutrino.nfvo.catalogue.mano.common.Security
13:23:07.452 [Test worker] DEBUG org.hibernate.cfg.Configuration - Resolving reference to class: org.project.neutrino.nfvo.catalogue.mano.descriptor.PhysicalNetworkFunctionDescriptor
13:23:07.452 [Test worker] DEBUG org.hibernate.cfg.Configuration - Resolving reference to class: org.project.neutrino.nfvo.catalogue.mano.descriptor.NetworkServiceDescriptor
13:23:07.452 [Test worker] DEBUG org.hibernate.cfg.Configuration - Resolving reference to class: org.project.neutrino.nfvo.catalogue.mano.common.VNFDependency
13:23:07.453 [Test worker] DEBUG org.hibernate.cfg.Configuration - Resolving reference to class: org.project.neutrino.nfvo.catalogue.mano.descriptor.NetworkServiceDescriptor
13:23:07.453 [Test worker] DEBUG org.hibernate.cfg.Configuration - Resolving reference to class: org.project.neutrino.nfvo.catalogue.mano.descriptor.VirtualNetworkFunctionDescriptor
13:23:07.453 [Test worker] DEBUG org.hibernate.cfg.Configuration - Resolving reference to class: org.project.neutrino.nfvo.catalogue.mano.descriptor.NetworkServiceDescriptor
13:23:07.453 [Test worker] DEBUG org.hibernate.cfg.Configuration - Resolving reference to class: org.project.neutrino.nfvo.catalogue.mano.common.NFVEntityDescriptor
13:23:07.453 [Test worker] DEBUG org.hibernate.cfg.Configuration - Resolving reference to class: org.project.neutrino.nfvo.catalogue.mano.common.LifecycleEvent
13:23:07.453 [Test worker] DEBUG org.hibernate.cfg.Configuration - Resolving reference to class: org.project.neutrino.nfvo.catalogue.mano.common.ServiceDeploymentFlavour
13:23:07.453 [Test worker] DEBUG org.hibernate.cfg.Configuration - Resolving reference to class: org.project.neutrino.nfvo.catalogue.mano.record.VirtualNetworkFunctionRecord
13:23:07.453 [Test worker] DEBUG org.hibernate.cfg.Configuration - Resolving reference to class: org.project.neutrino.nfvo.catalogue.mano.common.AutoScalePolicy
13:23:07.453 [Test worker] DEBUG org.hibernate.cfg.Configuration - Resolving reference to class: org.project.neutrino.nfvo.catalogue.mano.record.NetworkServiceRecord
13:23:07.453 [Test worker] DEBUG org.hibernate.cfg.Configuration - Resolving reference to class: org.project.neutrino.nfvo.catalogue.mano.common.ConnectionPoint
13:23:07.453 [Test worker] DEBUG org.hibernate.cfg.Configuration - Resolving reference to class: org.project.neutrino.nfvo.catalogue.mano.record.NetworkServiceRecord
13:23:07.453 [Test worker] DEBUG org.hibernate.cfg.Configuration - Resolving reference to class: org.project.neutrino.nfvo.catalogue.mano.common.LifecycleEvent
13:23:07.453 [Test worker] DEBUG org.hibernate.cfg.Configuration - Resolving reference to class: org.project.neutrino.nfvo.catalogue.mano.record.NetworkServiceRecord
13:23:07.453 [Test worker] DEBUG org.hibernate.cfg.Configuration - Resolving reference to class: org.project.neutrino.nfvo.catalogue.mano.record.NetworkServiceRecord
13:23:07.453 [Test worker] DEBUG org.hibernate.cfg.Configuration - Resolving reference to class: org.project.neutrino.nfvo.catalogue.mano.record.PhysicalNetworkFunctionRecord
13:23:07.453 [Test worker] DEBUG org.hibernate.cfg.Configuration - Resolving reference to class: org.project.neutrino.nfvo.catalogue.mano.record.NetworkServiceRecord
13:23:07.453 [Test worker] DEBUG org.hibernate.cfg.Configuration - Resolving reference to class: org.project.neutrino.nfvo.catalogue.mano.record.VirtualLinkRecord
13:23:07.453 [Test worker] DEBUG org.hibernate.cfg.Configuration - Resolving reference to class: org.project.neutrino.nfvo.catalogue.mano.record.NetworkServiceRecord
13:23:07.453 [Test worker] DEBUG org.hibernate.cfg.Configuration - Resolving reference to class: org.project.neutrino.nfvo.catalogue.mano.common.VNFDependency
13:23:07.453 [Test worker] DEBUG org.hibernate.cfg.Configuration - Resolving reference to class: org.project.neutrino.nfvo.catalogue.mano.record.NetworkServiceRecord
13:23:07.453 [Test worker] DEBUG org.hibernate.cfg.Configuration - Resolving reference to class: org.project.neutrino.nfvo.catalogue.mano.descriptor.VNFForwardingGraph
13:23:07.453 [Test worker] DEBUG org.hibernate.cfg.Configuration - Resolving reference to class: org.project.neutrino.nfvo.catalogue.mano.record.NetworkServiceRecord
13:23:07.453 [Test worker] DEBUG org.hibernate.cfg.Configuration - Resolving reference to class: org.project.neutrino.nfvo.catalogue.mano.common.AutoScalePolicy
13:23:07.453 [Test worker] DEBUG org.hibernate.cfg.Configuration - Resolving reference to class: org.project.neutrino.nfvo.catalogue.mano.common.NFVEntityDescriptor
13:23:07.453 [Test worker] DEBUG org.hibernate.cfg.Configuration - Resolving reference to class: org.project.neutrino.nfvo.catalogue.mano.common.ConnectionPoint
13:23:07.453 [Test worker] DEBUG org.hibernate.cfg.Configuration - Resolving reference to class: org.project.neutrino.nfvo.catalogue.mano.common.NFVEntityDescriptor
13:23:07.453 [Test worker] DEBUG org.hibernate.cfg.Configuration - Resolving reference to class: org.project.neutrino.nfvo.catalogue.mano.common.LifecycleEvent
13:23:07.453 [Test worker] DEBUG org.hibernate.cfg.Configuration - Resolving reference to class: org.project.neutrino.nfvo.catalogue.mano.common.NFVEntityDescriptor
13:23:07.453 [Test worker] DEBUG org.hibernate.cfg.Configuration - Resolving reference to class: org.project.neutrino.nfvo.catalogue.mano.common.NFVEntityDescriptor
13:23:07.453 [Test worker] DEBUG org.hibernate.cfg.Configuration - Resolving reference to class: org.project.neutrino.nfvo.catalogue.mano.common.DeploymentFlavour
13:23:07.453 [Test worker] DEBUG org.hibernate.cfg.Configuration - Resolving reference to class: org.project.neutrino.nfvo.catalogue.mano.common.NFVEntityDescriptor
13:23:07.453 [Test worker] DEBUG org.hibernate.cfg.Configuration - Resolving reference to class: org.project.neutrino.nfvo.catalogue.mano.descriptor.VirtualLinkDescriptor
13:23:07.453 [Test worker] DEBUG org.hibernate.cfg.Configuration - Resolving reference to class: org.project.neutrino.nfvo.catalogue.mano.common.NFVEntityDescriptor
13:23:07.453 [Test worker] DEBUG org.hibernate.cfg.Configuration - Resolving reference to class: org.project.neutrino.nfvo.catalogue.mano.descriptor.VNFForwardingGraph
13:23:07.453 [Test worker] DEBUG org.hibernate.cfg.Configuration - Resolving reference to class: org.project.neutrino.nfvo.catalogue.mano.common.NFVEntityDescriptor
13:23:07.453 [Test worker] DEBUG org.hibernate.cfg.Configuration - Resolving reference to class: org.project.neutrino.nfvo.catalogue.mano.common.Security
13:23:07.453 [Test worker] DEBUG org.hibernate.cfg.Configuration - Resolving reference to class: org.project.neutrino.nfvo.catalogue.mano.common.ConnectionPoint
13:23:07.453 [Test worker] DEBUG org.hibernate.cfg.Configuration - Resolving reference to class: org.project.neutrino.nfvo.catalogue.mano.descriptor.PhysicalNetworkFunctionDescriptor
13:23:07.453 [Test worker] DEBUG org.hibernate.cfg.Configuration - Resolving reference to class: org.project.neutrino.nfvo.catalogue.mano.descriptor.PhysicalNetworkFunctionDescriptor
13:23:07.453 [Test worker] DEBUG org.hibernate.cfg.Configuration - Resolving reference to class: org.project.neutrino.nfvo.catalogue.mano.record.NetworkServiceRecord
13:23:07.453 [Test worker] DEBUG org.hibernate.cfg.Configuration - Resolving reference to class: org.project.neutrino.nfvo.catalogue.mano.record.VirtualLinkRecord
13:23:07.453 [Test worker] DEBUG org.hibernate.cfg.Configuration - Resolving reference to class: org.project.neutrino.nfvo.catalogue.mano.record.PhysicalNetworkFunctionRecord
13:23:07.453 [Test worker] DEBUG org.hibernate.cfg.Configuration - Resolving reference to class: org.project.neutrino.nfvo.catalogue.mano.common.ConnectionPoint
13:23:07.453 [Test worker] DEBUG org.hibernate.cfg.Configuration - Resolving reference to class: org.project.neutrino.nfvo.catalogue.mano.record.PhysicalNetworkFunctionRecord
13:23:07.453 [Test worker] DEBUG org.hibernate.cfg.Configuration - Resolving reference to class: org.project.neutrino.nfvo.catalogue.mano.record.PhysicalNetworkFunctionRecord
13:23:07.453 [Test worker] DEBUG org.hibernate.cfg.Configuration - Resolving reference to class: org.project.neutrino.nfvo.catalogue.mano.record.VNFForwardingGraphRecord
13:23:07.453 [Test worker] DEBUG org.hibernate.cfg.Configuration - Resolving reference to class: org.project.neutrino.nfvo.catalogue.mano.record.PhysicalNetworkFunctionRecord
13:23:07.453 [Test worker] DEBUG org.hibernate.cfg.Configuration - Resolving reference to class: org.project.neutrino.nfvo.catalogue.mano.common.CostituentVNF
13:23:07.453 [Test worker] DEBUG org.hibernate.cfg.Configuration - Resolving reference to class: org.project.neutrino.nfvo.catalogue.mano.common.ServiceDeploymentFlavour
13:23:07.453 [Test worker] DEBUG org.hibernate.cfg.Configuration - Resolving reference to class: org.project.neutrino.nfvo.catalogue.mano.descriptor.VirtualDeploymentUnit
13:23:07.453 [Test worker] DEBUG org.hibernate.cfg.Configuration - Resolving reference to class: org.project.neutrino.nfvo.catalogue.mano.descriptor.VirtualDeploymentUnit
13:23:07.453 [Test worker] DEBUG org.hibernate.cfg.Configuration - Resolving reference to class: org.project.neutrino.nfvo.catalogue.mano.common.LifecycleEvent
13:23:07.453 [Test worker] DEBUG org.hibernate.cfg.Configuration - Resolving reference to class: org.project.neutrino.nfvo.catalogue.mano.descriptor.VirtualDeploymentUnit
13:23:07.453 [Test worker] DEBUG org.hibernate.cfg.Configuration - Resolving reference to class: org.project.neutrino.nfvo.catalogue.mano.descriptor.VirtualDeploymentUnit
13:23:07.453 [Test worker] DEBUG org.hibernate.cfg.Configuration - Resolving reference to class: org.project.neutrino.nfvo.catalogue.mano.descriptor.VirtualDeploymentUnit
13:23:07.453 [Test worker] DEBUG org.hibernate.cfg.Configuration - Resolving reference to class: org.project.neutrino.nfvo.catalogue.mano.descriptor.VNFComponent
13:23:07.453 [Test worker] DEBUG org.hibernate.cfg.Configuration - Resolving reference to class: org.project.neutrino.nfvo.catalogue.mano.descriptor.VirtualDeploymentUnit
13:23:07.453 [Test worker] DEBUG org.hibernate.cfg.Configuration - Resolving reference to class: org.project.neutrino.nfvo.catalogue.mano.common.Security
13:23:07.453 [Test worker] DEBUG org.hibernate.cfg.Configuration - Resolving reference to class: org.project.neutrino.nfvo.catalogue.mano.descriptor.VirtualLinkDescriptor
13:23:07.453 [Test worker] DEBUG org.hibernate.cfg.Configuration - Resolving reference to class: org.project.neutrino.nfvo.catalogue.mano.record.VirtualLinkRecord
13:23:07.453 [Test worker] DEBUG org.hibernate.cfg.Configuration - Resolving reference to class: org.project.neutrino.nfvo.catalogue.mano.record.VirtualLinkRecord
13:23:07.453 [Test worker] DEBUG org.hibernate.cfg.Configuration - Resolving reference to class: org.project.neutrino.nfvo.catalogue.mano.record.VirtualLinkRecord
13:23:07.453 [Test worker] DEBUG org.hibernate.cfg.Configuration - Resolving reference to class: org.project.neutrino.nfvo.catalogue.mano.common.LifecycleEvent
13:23:07.453 [Test worker] DEBUG org.hibernate.cfg.Configuration - Resolving reference to class: org.project.neutrino.nfvo.catalogue.mano.record.VirtualLinkRecord
13:23:07.453 [Test worker] DEBUG org.hibernate.cfg.Configuration - Resolving reference to class: org.project.neutrino.nfvo.catalogue.mano.record.VirtualLinkRecord
13:23:07.453 [Test worker] DEBUG org.hibernate.cfg.Configuration - Resolving reference to class: org.project.neutrino.nfvo.catalogue.mano.record.VirtualLinkRecord
13:23:07.454 [Test worker] DEBUG org.hibernate.cfg.Configuration - Resolving reference to class: org.project.neutrino.nfvo.catalogue.mano.record.VNFForwardingGraphRecord
13:23:07.454 [Test worker] DEBUG org.hibernate.cfg.Configuration - Resolving reference to class: org.project.neutrino.nfvo.catalogue.mano.record.VirtualLinkRecord
13:23:07.454 [Test worker] DEBUG org.hibernate.cfg.Configuration - Resolving reference to class: org.project.neutrino.nfvo.catalogue.mano.descriptor.VNFDDeploymentFlavour
13:23:07.454 [Test worker] DEBUG org.hibernate.cfg.Configuration - Resolving reference to class: org.project.neutrino.nfvo.catalogue.mano.descriptor.VirtualNetworkFunctionDescriptor
13:23:07.454 [Test worker] DEBUG org.hibernate.cfg.Configuration - Resolving reference to class: org.project.neutrino.nfvo.catalogue.mano.common.Security
13:23:07.454 [Test worker] DEBUG org.hibernate.cfg.Configuration - Resolving reference to class: org.project.neutrino.nfvo.catalogue.mano.descriptor.VirtualNetworkFunctionDescriptor
13:23:07.454 [Test worker] DEBUG org.hibernate.cfg.Configuration - Resolving reference to class: org.project.neutrino.nfvo.catalogue.mano.descriptor.VirtualDeploymentUnit
13:23:07.454 [Test worker] DEBUG org.hibernate.cfg.Configuration - Resolving reference to class: org.project.neutrino.nfvo.catalogue.mano.descriptor.VirtualNetworkFunctionDescriptor
13:23:07.454 [Test worker] DEBUG org.hibernate.cfg.Configuration - Resolving reference to class: org.project.neutrino.nfvo.catalogue.mano.descriptor.VDUDependency
13:23:07.454 [Test worker] DEBUG org.hibernate.cfg.Configuration - Resolving reference to class: org.project.neutrino.nfvo.catalogue.mano.descriptor.VirtualNetworkFunctionDescriptor
13:23:07.454 [Test worker] DEBUG org.hibernate.cfg.Configuration - Resolving reference to class: org.project.neutrino.nfvo.catalogue.mano.descriptor.InternalVirtualLink
13:23:07.454 [Test worker] DEBUG org.hibernate.cfg.Configuration - Resolving reference to class: org.project.neutrino.nfvo.catalogue.mano.descriptor.VirtualNetworkFunctionDescriptor
13:23:07.454 [Test worker] DEBUG org.hibernate.cfg.Configuration - Resolving reference to class: org.project.neutrino.nfvo.catalogue.mano.descriptor.VNFDDeploymentFlavour
13:23:07.454 [Test worker] DEBUG org.hibernate.cfg.Configuration - Resolving reference to class: org.project.neutrino.nfvo.catalogue.mano.common.LifecycleEvent
13:23:07.454 [Test worker] DEBUG org.hibernate.cfg.Configuration - Resolving reference to class: org.project.neutrino.nfvo.catalogue.mano.record.NetworkServiceRecord
13:23:07.454 [Test worker] DEBUG org.hibernate.cfg.Configuration - Resolving reference to class: org.project.neutrino.nfvo.catalogue.mano.common.AutoScalePolicy
13:23:07.454 [Test worker] DEBUG org.hibernate.cfg.Configuration - Resolving reference to class: org.project.neutrino.nfvo.catalogue.mano.record.VirtualNetworkFunctionRecord
13:23:07.454 [Test worker] DEBUG org.hibernate.cfg.Configuration - Resolving reference to class: org.project.neutrino.nfvo.catalogue.mano.record.VirtualLinkRecord
13:23:07.454 [Test worker] DEBUG org.hibernate.cfg.Configuration - Resolving reference to class: org.project.neutrino.nfvo.catalogue.mano.record.VirtualNetworkFunctionRecord
13:23:07.454 [Test worker] DEBUG org.hibernate.cfg.Configuration - Resolving reference to class: org.project.neutrino.nfvo.catalogue.mano.common.ConnectionPoint
13:23:07.454 [Test worker] DEBUG org.hibernate.cfg.Configuration - Resolving reference to class: org.project.neutrino.nfvo.catalogue.mano.record.VirtualNetworkFunctionRecord
13:23:07.454 [Test worker] DEBUG org.hibernate.cfg.Configuration - Resolving reference to class: org.project.neutrino.nfvo.catalogue.mano.common.VNFDependency
13:23:07.454 [Test worker] DEBUG org.hibernate.cfg.Configuration - Resolving reference to class: org.project.neutrino.nfvo.catalogue.mano.record.VirtualNetworkFunctionRecord
13:23:07.454 [Test worker] DEBUG org.hibernate.cfg.Configuration - Resolving reference to class: org.project.neutrino.nfvo.catalogue.mano.common.LifecycleEvent
13:23:07.455 [Test worker] DEBUG org.hibernate.cfg.Configuration - Resolving reference to class: org.project.neutrino.nfvo.catalogue.mano.record.VirtualNetworkFunctionRecord
13:23:07.455 [Test worker] DEBUG org.hibernate.cfg.Configuration - Resolving reference to class: org.project.neutrino.nfvo.catalogue.mano.record.VirtualNetworkFunctionRecord
13:23:07.455 [Test worker] DEBUG org.hibernate.cfg.Configuration - Resolving reference to class: org.project.neutrino.nfvo.catalogue.mano.record.VirtualNetworkFunctionRecord
13:23:07.455 [Test worker] DEBUG org.hibernate.cfg.Configuration - Resolving reference to class: org.project.neutrino.nfvo.catalogue.mano.record.VirtualNetworkFunctionRecord
13:23:07.455 [Test worker] DEBUG org.hibernate.cfg.Configuration - Resolving reference to class: org.project.neutrino.nfvo.catalogue.mano.descriptor.VirtualDeploymentUnit
13:23:07.455 [Test worker] DEBUG org.hibernate.cfg.Configuration - Resolving reference to class: org.project.neutrino.nfvo.catalogue.mano.record.VirtualNetworkFunctionRecord
13:23:07.455 [Test worker] DEBUG org.hibernate.cfg.Configuration - Resolving reference to class: org.project.neutrino.nfvo.catalogue.mano.descriptor.InternalVirtualLink
13:23:07.455 [Test worker] DEBUG org.hibernate.cfg.Configuration - Resolving reference to class: org.project.neutrino.nfvo.catalogue.mano.record.VirtualNetworkFunctionRecord
13:23:07.455 [Test worker] DEBUG org.hibernate.cfg.Configuration - Resolving reference to class: org.project.neutrino.nfvo.catalogue.mano.record.VirtualNetworkFunctionRecord
13:23:07.455 [Test worker] DEBUG org.hibernate.cfg.Configuration - Resolving reference to class: org.project.neutrino.nfvo.catalogue.mano.descriptor.VNFDConnectionPoint
13:23:07.455 [Test worker] DEBUG org.hibernate.cfg.Configuration - Resolving reference to class: org.project.neutrino.nfvo.catalogue.mano.descriptor.VNFComponent
13:23:07.455 [Test worker] DEBUG org.hibernate.cfg.Configuration - Resolving reference to class: org.project.neutrino.nfvo.catalogue.mano.common.CostituentVDU
13:23:07.455 [Test worker] DEBUG org.hibernate.cfg.Configuration - Resolving reference to class: org.project.neutrino.nfvo.catalogue.mano.descriptor.VNFDDeploymentFlavour
13:23:07.455 [Test worker] DEBUG org.hibernate.cfg.Configuration - Resolving reference to class: org.project.neutrino.nfvo.catalogue.mano.descriptor.VNFDDeploymentFlavour
13:23:07.455 [Test worker] DEBUG org.hibernate.cfg.Configuration - Resolving reference to class: org.project.neutrino.nfvo.catalogue.mano.descriptor.VirtualNetworkFunctionDescriptor
13:23:07.455 [Test worker] DEBUG org.hibernate.cfg.Configuration - Resolving reference to class: org.project.neutrino.nfvo.catalogue.mano.descriptor.VirtualNetworkFunctionDescriptor
13:23:07.455 [Test worker] DEBUG org.hibernate.cfg.Configuration - Resolving reference to class: org.project.neutrino.nfvo.catalogue.mano.common.Security
13:23:07.455 [Test worker] DEBUG org.hibernate.cfg.Configuration - Resolving reference to class: org.project.neutrino.nfvo.catalogue.mano.common.ConnectionPoint
13:23:07.455 [Test worker] DEBUG org.hibernate.cfg.Configuration - Resolving reference to class: org.project.neutrino.nfvo.catalogue.mano.descriptor.VNFForwardingGraph
13:23:07.455 [Test worker] DEBUG org.hibernate.cfg.Configuration - Resolving reference to class: org.project.neutrino.nfvo.catalogue.mano.common.CostituentVNF
13:23:07.455 [Test worker] DEBUG org.hibernate.cfg.Configuration - Resolving reference to class: org.project.neutrino.nfvo.catalogue.mano.descriptor.VNFForwardingGraph
13:23:07.455 [Test worker] DEBUG org.hibernate.cfg.Configuration - Resolving reference to class: org.project.neutrino.nfvo.catalogue.mano.descriptor.VirtualLinkDescriptor
13:23:07.455 [Test worker] DEBUG org.hibernate.cfg.Configuration - Resolving reference to class: org.project.neutrino.nfvo.catalogue.mano.descriptor.VNFForwardingGraph
13:23:07.455 [Test worker] DEBUG org.hibernate.cfg.Configuration - Resolving reference to class: org.project.neutrino.nfvo.catalogue.mano.descriptor.NetworkForwardingPath
13:23:07.455 [Test worker] DEBUG org.hibernate.cfg.Configuration - Resolving reference to class: org.project.neutrino.nfvo.catalogue.mano.descriptor.VNFForwardingGraph
13:23:07.455 [Test worker] DEBUG org.hibernate.cfg.Configuration - Resolving reference to class: org.project.neutrino.nfvo.catalogue.mano.descriptor.VNFForwardingGraph
13:23:07.455 [Test worker] DEBUG org.hibernate.cfg.Configuration - Resolving reference to class: org.project.neutrino.nfvo.catalogue.mano.descriptor.NetworkForwardingPath
13:23:07.455 [Test worker] DEBUG org.hibernate.cfg.Configuration - Resolving reference to class: org.project.neutrino.nfvo.catalogue.mano.record.NetworkServiceRecord
13:23:07.455 [Test worker] DEBUG org.hibernate.cfg.Configuration - Resolving reference to class: org.project.neutrino.nfvo.catalogue.mano.descriptor.VNFDConnectionPoint
13:23:07.455 [Test worker] DEBUG org.hibernate.cfg.Configuration - Resolving reference to class: org.project.neutrino.nfvo.catalogue.mano.record.VNFForwardingGraphRecord
13:23:07.455 [Test worker] DEBUG org.hibernate.cfg.Configuration - Resolving reference to class: org.project.neutrino.nfvo.catalogue.mano.record.VirtualLinkRecord
13:23:07.455 [Test worker] DEBUG org.hibernate.cfg.Configuration - Resolving reference to class: org.project.neutrino.nfvo.catalogue.mano.record.VNFForwardingGraphRecord
13:23:07.455 [Test worker] DEBUG org.hibernate.cfg.Configuration - Resolving reference to class: org.project.neutrino.nfvo.catalogue.mano.common.LifecycleEvent
13:23:07.455 [Test worker] DEBUG org.hibernate.cfg.Configuration - Resolving reference to class: org.project.neutrino.nfvo.catalogue.mano.record.VNFForwardingGraphRecord
13:23:07.455 [Test worker] DEBUG org.hibernate.cfg.Configuration - Resolving reference to class: org.project.neutrino.nfvo.catalogue.mano.record.VirtualNetworkFunctionRecord
13:23:07.455 [Test worker] DEBUG org.hibernate.cfg.Configuration - Resolving reference to class: org.project.neutrino.nfvo.catalogue.mano.record.VNFForwardingGraphRecord
13:23:07.455 [Test worker] DEBUG org.hibernate.cfg.Configuration - Resolving reference to class: org.project.neutrino.nfvo.catalogue.mano.record.VNFForwardingGraphRecord
13:23:07.456 [Test worker] DEBUG o.h.i.f.i.DefaultIdentifierGeneratorFactory - Setting dialect [org.hibernate.dialect.MySQL5Dialect]
13:23:07.456 [Test worker] DEBUG o.h.i.f.i.DefaultIdentifierGeneratorFactory - Setting dialect [org.hibernate.dialect.MySQL5Dialect]
13:23:07.456 [Test worker] DEBUG o.h.i.f.i.DefaultIdentifierGeneratorFactory - Setting dialect [org.hibernate.dialect.MySQL5Dialect]
13:23:07.457 [Test worker] DEBUG o.h.i.f.i.DefaultIdentifierGeneratorFactory - Setting dialect [org.hibernate.dialect.MySQL5Dialect]
13:23:07.457 [Test worker] DEBUG o.h.i.f.i.DefaultIdentifierGeneratorFactory - Setting dialect [org.hibernate.dialect.MySQL5Dialect]
13:23:07.457 [Test worker] DEBUG o.h.i.f.i.DefaultIdentifierGeneratorFactory - Setting dialect [org.hibernate.dialect.MySQL5Dialect]
13:23:07.457 [Test worker] DEBUG o.h.i.f.i.DefaultIdentifierGeneratorFactory - Setting dialect [org.hibernate.dialect.MySQL5Dialect]
13:23:07.458 [Test worker] DEBUG o.h.i.f.i.DefaultIdentifierGeneratorFactory - Setting dialect [org.hibernate.dialect.MySQL5Dialect]
13:23:07.459 [Test worker] DEBUG o.h.i.f.i.DefaultIdentifierGeneratorFactory - Setting dialect [org.hibernate.dialect.MySQL5Dialect]
13:23:07.459 [Test worker] DEBUG o.h.i.f.i.DefaultIdentifierGeneratorFactory - Setting dialect [org.hibernate.dialect.MySQL5Dialect]
13:23:07.459 [Test worker] DEBUG o.h.i.f.i.DefaultIdentifierGeneratorFactory - Setting dialect [org.hibernate.dialect.MySQL5Dialect]
13:23:07.459 [Test worker] DEBUG o.h.i.f.i.DefaultIdentifierGeneratorFactory - Setting dialect [org.hibernate.dialect.MySQL5Dialect]
13:23:07.460 [Test worker] DEBUG o.h.i.f.i.DefaultIdentifierGeneratorFactory - Setting dialect [org.hibernate.dialect.MySQL5Dialect]
13:23:07.460 [Test worker] DEBUG o.h.i.f.i.DefaultIdentifierGeneratorFactory - Setting dialect [org.hibernate.dialect.MySQL5Dialect]
13:23:07.460 [Test worker] DEBUG o.h.i.f.i.DefaultIdentifierGeneratorFactory - Setting dialect [org.hibernate.dialect.MySQL5Dialect]
13:23:07.460 [Test worker] DEBUG o.h.i.f.i.DefaultIdentifierGeneratorFactory - Setting dialect [org.hibernate.dialect.MySQL5Dialect]
13:23:07.461 [Test worker] DEBUG o.h.i.f.i.DefaultIdentifierGeneratorFactory - Setting dialect [org.hibernate.dialect.MySQL5Dialect]
13:23:07.461 [Test worker] DEBUG o.h.i.f.i.DefaultIdentifierGeneratorFactory - Setting dialect [org.hibernate.dialect.MySQL5Dialect]
13:23:07.461 [Test worker] DEBUG o.h.i.f.i.DefaultIdentifierGeneratorFactory - Setting dialect [org.hibernate.dialect.MySQL5Dialect]
13:23:07.461 [Test worker] DEBUG o.h.i.f.i.DefaultIdentifierGeneratorFactory - Setting dialect [org.hibernate.dialect.MySQL5Dialect]
13:23:07.463 [Test worker] DEBUG o.h.i.f.i.DefaultIdentifierGeneratorFactory - Setting dialect [org.hibernate.dialect.MySQL5Dialect]
13:23:07.463 [Test worker] DEBUG o.h.i.f.i.DefaultIdentifierGeneratorFactory - Setting dialect [org.hibernate.dialect.MySQL5Dialect]
13:23:07.463 [Test worker] DEBUG o.h.i.f.i.DefaultIdentifierGeneratorFactory - Setting dialect [org.hibernate.dialect.MySQL5Dialect]
13:23:07.463 [Test worker] DEBUG o.h.i.f.i.DefaultIdentifierGeneratorFactory - Setting dialect [org.hibernate.dialect.MySQL5Dialect]
13:23:07.463 [Test worker] DEBUG o.h.i.f.i.DefaultIdentifierGeneratorFactory - Setting dialect [org.hibernate.dialect.MySQL5Dialect]
13:23:07.464 [Test worker] DEBUG o.h.i.f.i.DefaultIdentifierGeneratorFactory - Setting dialect [org.hibernate.dialect.MySQL5Dialect]
13:23:07.464 [Test worker] DEBUG o.h.i.f.i.DefaultIdentifierGeneratorFactory - Setting dialect [org.hibernate.dialect.MySQL5Dialect]
13:23:07.464 [Test worker] DEBUG o.h.i.f.i.DefaultIdentifierGeneratorFactory - Setting dialect [org.hibernate.dialect.MySQL5Dialect]
13:23:07.464 [Test worker] DEBUG o.h.i.f.i.DefaultIdentifierGeneratorFactory - Setting dialect [org.hibernate.dialect.MySQL5Dialect]
13:23:07.464 [Test worker] DEBUG o.h.i.f.i.DefaultIdentifierGeneratorFactory - Setting dialect [org.hibernate.dialect.MySQL5Dialect]
13:23:07.464 [Test worker] DEBUG o.h.i.f.i.DefaultIdentifierGeneratorFactory - Setting dialect [org.hibernate.dialect.MySQL5Dialect]
13:23:07.464 [Test worker] DEBUG o.h.i.f.i.DefaultIdentifierGeneratorFactory - Setting dialect [org.hibernate.dialect.MySQL5Dialect]
13:23:07.464 [Test worker] DEBUG o.h.i.f.i.DefaultIdentifierGeneratorFactory - Setting dialect [org.hibernate.dialect.MySQL5Dialect]
13:23:07.464 [Test worker] DEBUG o.h.i.f.i.DefaultIdentifierGeneratorFactory - Setting dialect [org.hibernate.dialect.MySQL5Dialect]
13:23:07.464 [Test worker] DEBUG o.h.i.f.i.DefaultIdentifierGeneratorFactory - Setting dialect [org.hibernate.dialect.MySQL5Dialect]
13:23:07.464 [Test worker] DEBUG o.h.i.f.i.DefaultIdentifierGeneratorFactory - Setting dialect [org.hibernate.dialect.MySQL5Dialect]
13:23:07.464 [Test worker] DEBUG o.h.i.f.i.DefaultIdentifierGeneratorFactory - Setting dialect [org.hibernate.dialect.MySQL5Dialect]
13:23:07.465 [Test worker] DEBUG o.h.i.f.i.DefaultIdentifierGeneratorFactory - Setting dialect [org.hibernate.dialect.MySQL5Dialect]
13:23:07.465 [Test worker] DEBUG o.h.i.f.i.DefaultIdentifierGeneratorFactory - Setting dialect [org.hibernate.dialect.MySQL5Dialect]
13:23:07.465 [Test worker] DEBUG o.h.i.f.i.DefaultIdentifierGeneratorFactory - Setting dialect [org.hibernate.dialect.MySQL5Dialect]
13:23:07.465 [Test worker] DEBUG o.h.i.f.i.DefaultIdentifierGeneratorFactory - Setting dialect [org.hibernate.dialect.MySQL5Dialect]
13:23:07.465 [Test worker] DEBUG o.h.i.f.i.DefaultIdentifierGeneratorFactory - Setting dialect [org.hibernate.dialect.MySQL5Dialect]
13:23:07.466 [Test worker] INFO  o.h.tool.hbm2ddl.SchemaExport - HHH000227: Running hbm2ddl schema export
13:23:07.466 [Test worker] DEBUG o.h.tool.hbm2ddl.SchemaExport - Import file not found: /import.sql
13:23:07.467 [Test worker] DEBUG o.s.j.d.SimpleDriverDataSource - Creating new JDBC Driver Connection to [jdbc:hsqldb:mem:testdb]
13:23:07.468 [Test worker] DEBUG org.hibernate.SQL - alter table internal_virtual_link_connection_points_references drop foreign key FK_6v4ibs98wl7i31i7s0dvv1xm3
13:23:07.469 [Test worker] ERROR o.h.tool.hbm2ddl.SchemaExport - HHH000389: Unsuccessful: alter table internal_virtual_link_connection_points_references drop foreign key FK_6v4ibs98wl7i31i7s0dvv1xm3
13:23:07.469 [Test worker] ERROR o.h.tool.hbm2ddl.SchemaExport - user lacks privilege or object not found: PUBLIC.INTERNAL_VIRTUAL_LINK_CONNECTION_POINTS_REFERENCES
13:23:07.469 [Test worker] DEBUG org.hibernate.SQL - alter table lifecycle_event_lifecycle_events drop foreign key FK_9dbjms0e0n3hdj74lls2x0fbq
13:23:07.469 [Test worker] ERROR o.h.tool.hbm2ddl.SchemaExport - HHH000389: Unsuccessful: alter table lifecycle_event_lifecycle_events drop foreign key FK_9dbjms0e0n3hdj74lls2x0fbq
13:23:07.469 [Test worker] ERROR o.h.tool.hbm2ddl.SchemaExport - user lacks privilege or object not found: PUBLIC.LIFECYCLE_EVENT_LIFECYCLE_EVENTS
13:23:07.469 [Test worker] DEBUG org.hibernate.SQL - alter table network_forwarding_path drop foreign key FK_cecdubyhq56m3bhx59wa5cqtw
13:23:07.469 [Test worker] ERROR o.h.tool.hbm2ddl.SchemaExport - HHH000389: Unsuccessful: alter table network_forwarding_path drop foreign key FK_cecdubyhq56m3bhx59wa5cqtw
13:23:07.469 [Test worker] ERROR o.h.tool.hbm2ddl.SchemaExport - user lacks privilege or object not found: PUBLIC.NETWORK_FORWARDING_PATH
13:23:07.469 [Test worker] DEBUG org.hibernate.SQL - alter table network_forwarding_path_connection drop foreign key FK_aoy89h8emsie8con5ag48n3pp
13:23:07.469 [Test worker] ERROR o.h.tool.hbm2ddl.SchemaExport - HHH000389: Unsuccessful: alter table network_forwarding_path_connection drop foreign key FK_aoy89h8emsie8con5ag48n3pp
13:23:07.469 [Test worker] ERROR o.h.tool.hbm2ddl.SchemaExport - user lacks privilege or object not found: PUBLIC.NETWORK_FORWARDING_PATH_CONNECTION
13:23:07.469 [Test worker] DEBUG org.hibernate.SQL - alter table network_service_descriptor drop foreign key FK_6jnbh5xkl98atrnmve1i59piw
13:23:07.470 [Test worker] ERROR o.h.tool.hbm2ddl.SchemaExport - HHH000389: Unsuccessful: alter table network_service_descriptor drop foreign key FK_6jnbh5xkl98atrnmve1i59piw
13:23:07.470 [Test worker] ERROR o.h.tool.hbm2ddl.SchemaExport - user lacks privilege or object not found: PUBLIC.NETWORK_SERVICE_DESCRIPTOR
13:23:07.470 [Test worker] DEBUG org.hibernate.SQL - alter table network_service_descriptor_pnfd drop foreign key FK_ix1oaawjdlcvfkvjbk2s4cce6
13:23:07.470 [Test worker] ERROR o.h.tool.hbm2ddl.SchemaExport - HHH000389: Unsuccessful: alter table network_service_descriptor_pnfd drop foreign key FK_ix1oaawjdlcvfkvjbk2s4cce6
13:23:07.470 [Test worker] ERROR o.h.tool.hbm2ddl.SchemaExport - user lacks privilege or object not found: PUBLIC.NETWORK_SERVICE_DESCRIPTOR_PNFD
13:23:07.470 [Test worker] DEBUG org.hibernate.SQL - alter table network_service_descriptor_pnfd drop foreign key FK_1629jppm4g7kjpdgjxawrnx3t
13:23:07.470 [Test worker] ERROR o.h.tool.hbm2ddl.SchemaExport - HHH000389: Unsuccessful: alter table network_service_descriptor_pnfd drop foreign key FK_1629jppm4g7kjpdgjxawrnx3t
13:23:07.470 [Test worker] ERROR o.h.tool.hbm2ddl.SchemaExport - user lacks privilege or object not found: PUBLIC.NETWORK_SERVICE_DESCRIPTOR_PNFD
13:23:07.470 [Test worker] DEBUG org.hibernate.SQL - alter table network_service_descriptor_vnf_dependency drop foreign key FK_6aruq4mnkev7qjo24ht1aufms
13:23:07.470 [Test worker] ERROR o.h.tool.hbm2ddl.SchemaExport - HHH000389: Unsuccessful: alter table network_service_descriptor_vnf_dependency drop foreign key FK_6aruq4mnkev7qjo24ht1aufms
13:23:07.470 [Test worker] ERROR o.h.tool.hbm2ddl.SchemaExport - user lacks privilege or object not found: PUBLIC.NETWORK_SERVICE_DESCRIPTOR_VNF_DEPENDENCY
13:23:07.470 [Test worker] DEBUG org.hibernate.SQL - alter table network_service_descriptor_vnf_dependency drop foreign key FK_t4wvcyr17jin1lscthl0wpa8d
13:23:07.470 [Test worker] ERROR o.h.tool.hbm2ddl.SchemaExport - HHH000389: Unsuccessful: alter table network_service_descriptor_vnf_dependency drop foreign key FK_t4wvcyr17jin1lscthl0wpa8d
13:23:07.470 [Test worker] ERROR o.h.tool.hbm2ddl.SchemaExport - user lacks privilege or object not found: PUBLIC.NETWORK_SERVICE_DESCRIPTOR_VNF_DEPENDENCY
13:23:07.470 [Test worker] DEBUG org.hibernate.SQL - alter table network_service_descriptor_vnfd drop foreign key FK_onnknjip9a6o1nyfhu9fle3iq
13:23:07.470 [Test worker] ERROR o.h.tool.hbm2ddl.SchemaExport - HHH000389: Unsuccessful: alter table network_service_descriptor_vnfd drop foreign key FK_onnknjip9a6o1nyfhu9fle3iq
13:23:07.470 [Test worker] ERROR o.h.tool.hbm2ddl.SchemaExport - user lacks privilege or object not found: PUBLIC.NETWORK_SERVICE_DESCRIPTOR_VNFD
13:23:07.470 [Test worker] DEBUG org.hibernate.SQL - alter table network_service_descriptor_vnfd drop foreign key FK_dgciw9d75gp0ej960jqbydbuw
13:23:07.471 [Test worker] ERROR o.h.tool.hbm2ddl.SchemaExport - HHH000389: Unsuccessful: alter table network_service_descriptor_vnfd drop foreign key FK_dgciw9d75gp0ej960jqbydbuw
13:23:07.471 [Test worker] ERROR o.h.tool.hbm2ddl.SchemaExport - user lacks privilege or object not found: PUBLIC.NETWORK_SERVICE_DESCRIPTOR_VNFD
13:23:07.471 [Test worker] DEBUG org.hibernate.SQL - alter table network_service_record drop foreign key FK_3s8jv34kiasky9fl3paaa2lbu
13:23:07.471 [Test worker] ERROR o.h.tool.hbm2ddl.SchemaExport - HHH000389: Unsuccessful: alter table network_service_record drop foreign key FK_3s8jv34kiasky9fl3paaa2lbu
13:23:07.471 [Test worker] ERROR o.h.tool.hbm2ddl.SchemaExport - user lacks privilege or object not found: PUBLIC.NETWORK_SERVICE_RECORD
13:23:07.471 [Test worker] DEBUG org.hibernate.SQL - alter table network_service_record drop foreign key FK_n3sw4fy3mej30w0fdeaulohvp
13:23:07.471 [Test worker] ERROR o.h.tool.hbm2ddl.SchemaExport - HHH000389: Unsuccessful: alter table network_service_record drop foreign key FK_n3sw4fy3mej30w0fdeaulohvp
13:23:07.471 [Test worker] ERROR o.h.tool.hbm2ddl.SchemaExport - user lacks privilege or object not found: PUBLIC.NETWORK_SERVICE_RECORD
13:23:07.471 [Test worker] DEBUG org.hibernate.SQL - alter table network_service_record drop foreign key FK_s282g8iiy57mjptyj0iq8svbp
13:23:07.471 [Test worker] ERROR o.h.tool.hbm2ddl.SchemaExport - HHH000389: Unsuccessful: alter table network_service_record drop foreign key FK_s282g8iiy57mjptyj0iq8svbp
13:23:07.471 [Test worker] ERROR o.h.tool.hbm2ddl.SchemaExport - user lacks privilege or object not found: PUBLIC.NETWORK_SERVICE_RECORD
13:23:07.471 [Test worker] DEBUG org.hibernate.SQL - alter table network_service_record_auto_scale_policy drop foreign key FK_gbre81dwsehi7utth7q20uq0e
13:23:07.471 [Test worker] ERROR o.h.tool.hbm2ddl.SchemaExport - HHH000389: Unsuccessful: alter table network_service_record_auto_scale_policy drop foreign key FK_gbre81dwsehi7utth7q20uq0e
13:23:07.471 [Test worker] ERROR o.h.tool.hbm2ddl.SchemaExport - user lacks privilege or object not found: PUBLIC.NETWORK_SERVICE_RECORD_AUTO_SCALE_POLICY
13:23:07.471 [Test worker] DEBUG org.hibernate.SQL - alter table network_service_record_auto_scale_policy drop foreign key FK_t90k4qt3e95rx3rq72jxaipwe
13:23:07.471 [Test worker] ERROR o.h.tool.hbm2ddl.SchemaExport - HHH000389: Unsuccessful: alter table network_service_record_auto_scale_policy drop foreign key FK_t90k4qt3e95rx3rq72jxaipwe
13:23:07.471 [Test worker] ERROR o.h.tool.hbm2ddl.SchemaExport - user lacks privilege or object not found: PUBLIC.NETWORK_SERVICE_RECORD_AUTO_SCALE_POLICY
13:23:07.471 [Test worker] DEBUG org.hibernate.SQL - alter table network_service_record_connection_point drop foreign key FK_5xfoqfc4o8buq11dl8uyifsik
13:23:07.471 [Test worker] ERROR o.h.tool.hbm2ddl.SchemaExport - HHH000389: Unsuccessful: alter table network_service_record_connection_point drop foreign key FK_5xfoqfc4o8buq11dl8uyifsik
13:23:07.471 [Test worker] ERROR o.h.tool.hbm2ddl.SchemaExport - user lacks privilege or object not found: PUBLIC.NETWORK_SERVICE_RECORD_CONNECTION_POINT
13:23:07.471 [Test worker] DEBUG org.hibernate.SQL - alter table network_service_record_lifecycle_event_history drop foreign key FK_379gnp8cxp1hsqql9k8b4ycpp
13:23:07.471 [Test worker] ERROR o.h.tool.hbm2ddl.SchemaExport - HHH000389: Unsuccessful: alter table network_service_record_lifecycle_event_history drop foreign key FK_379gnp8cxp1hsqql9k8b4ycpp
13:23:07.471 [Test worker] ERROR o.h.tool.hbm2ddl.SchemaExport - user lacks privilege or object not found: PUBLIC.NETWORK_SERVICE_RECORD_LIFECYCLE_EVENT_HISTORY
13:23:07.471 [Test worker] DEBUG org.hibernate.SQL - alter table network_service_record_lifecycle_event_history drop foreign key FK_gcvbqad4v6bdx3f73sn174khf
13:23:07.472 [Test worker] ERROR o.h.tool.hbm2ddl.SchemaExport - HHH000389: Unsuccessful: alter table network_service_record_lifecycle_event_history drop foreign key FK_gcvbqad4v6bdx3f73sn174khf
13:23:07.472 [Test worker] ERROR o.h.tool.hbm2ddl.SchemaExport - user lacks privilege or object not found: PUBLIC.NETWORK_SERVICE_RECORD_LIFECYCLE_EVENT_HISTORY
13:23:07.472 [Test worker] DEBUG org.hibernate.SQL - alter table network_service_record_monitoring_parameter drop foreign key FK_fqtv73obewb4i4g0g41b8piqy
13:23:07.472 [Test worker] ERROR o.h.tool.hbm2ddl.SchemaExport - HHH000389: Unsuccessful: alter table network_service_record_monitoring_parameter drop foreign key FK_fqtv73obewb4i4g0g41b8piqy
13:23:07.472 [Test worker] ERROR o.h.tool.hbm2ddl.SchemaExport - user lacks privilege or object not found: PUBLIC.NETWORK_SERVICE_RECORD_MONITORING_PARAMETER
13:23:07.472 [Test worker] DEBUG org.hibernate.SQL - alter table network_service_record_pnfr drop foreign key FK_nfr72rysj9lb8xwmd0ns5t926
13:23:07.472 [Test worker] ERROR o.h.tool.hbm2ddl.SchemaExport - HHH000389: Unsuccessful: alter table network_service_record_pnfr drop foreign key FK_nfr72rysj9lb8xwmd0ns5t926
13:23:07.472 [Test worker] ERROR o.h.tool.hbm2ddl.SchemaExport - user lacks privilege or object not found: PUBLIC.NETWORK_SERVICE_RECORD_PNFR
13:23:07.472 [Test worker] DEBUG org.hibernate.SQL - alter table network_service_record_pnfr drop foreign key FK_t57pa9ebwix99g01p7o71r060
13:23:07.472 [Test worker] ERROR o.h.tool.hbm2ddl.SchemaExport - HHH000389: Unsuccessful: alter table network_service_record_pnfr drop foreign key FK_t57pa9ebwix99g01p7o71r060
13:23:07.472 [Test worker] ERROR o.h.tool.hbm2ddl.SchemaExport - user lacks privilege or object not found: PUBLIC.NETWORK_SERVICE_RECORD_PNFR
13:23:07.472 [Test worker] DEBUG org.hibernate.SQL - alter table network_service_record_vlr drop foreign key FK_7xnjnxpvsj41xr295ooswn5s0
13:23:07.472 [Test worker] ERROR o.h.tool.hbm2ddl.SchemaExport - HHH000389: Unsuccessful: alter table network_service_record_vlr drop foreign key FK_7xnjnxpvsj41xr295ooswn5s0
13:23:07.472 [Test worker] ERROR o.h.tool.hbm2ddl.SchemaExport - user lacks privilege or object not found: PUBLIC.NETWORK_SERVICE_RECORD_VLR
13:23:07.472 [Test worker] DEBUG org.hibernate.SQL - alter table network_service_record_vlr drop foreign key FK_6ujpleewukxc31go92vyjd84g
13:23:07.472 [Test worker] ERROR o.h.tool.hbm2ddl.SchemaExport - HHH000389: Unsuccessful: alter table network_service_record_vlr drop foreign key FK_6ujpleewukxc31go92vyjd84g
13:23:07.472 [Test worker] ERROR o.h.tool.hbm2ddl.SchemaExport - user lacks privilege or object not found: PUBLIC.NETWORK_SERVICE_RECORD_VLR
13:23:07.472 [Test worker] DEBUG org.hibernate.SQL - alter table network_service_record_vnf_dependency drop foreign key FK_6d08jd1mdug22ugsjl5s6jw1s
13:23:07.472 [Test worker] ERROR o.h.tool.hbm2ddl.SchemaExport - HHH000389: Unsuccessful: alter table network_service_record_vnf_dependency drop foreign key FK_6d08jd1mdug22ugsjl5s6jw1s
13:23:07.473 [Test worker] ERROR o.h.tool.hbm2ddl.SchemaExport - user lacks privilege or object not found: PUBLIC.NETWORK_SERVICE_RECORD_VNF_DEPENDENCY
13:23:07.473 [Test worker] DEBUG org.hibernate.SQL - alter table network_service_record_vnf_dependency drop foreign key FK_h8xr44nmcggp8fwmf0ikctfhd
13:23:07.473 [Test worker] ERROR o.h.tool.hbm2ddl.SchemaExport - HHH000389: Unsuccessful: alter table network_service_record_vnf_dependency drop foreign key FK_h8xr44nmcggp8fwmf0ikctfhd
13:23:07.473 [Test worker] ERROR o.h.tool.hbm2ddl.SchemaExport - user lacks privilege or object not found: PUBLIC.NETWORK_SERVICE_RECORD_VNF_DEPENDENCY
13:23:07.473 [Test worker] DEBUG org.hibernate.SQL - alter table network_service_record_vnffgr drop foreign key FK_temtmb9npy7hue823c5y9jy09
13:23:07.473 [Test worker] ERROR o.h.tool.hbm2ddl.SchemaExport - HHH000389: Unsuccessful: alter table network_service_record_vnffgr drop foreign key FK_temtmb9npy7hue823c5y9jy09
13:23:07.473 [Test worker] ERROR o.h.tool.hbm2ddl.SchemaExport - user lacks privilege or object not found: PUBLIC.NETWORK_SERVICE_RECORD_VNFFGR
13:23:07.473 [Test worker] DEBUG org.hibernate.SQL - alter table network_service_record_vnffgr drop foreign key FK_pabcpie4838fq2ybk3hikib05
13:23:07.473 [Test worker] ERROR o.h.tool.hbm2ddl.SchemaExport - HHH000389: Unsuccessful: alter table network_service_record_vnffgr drop foreign key FK_pabcpie4838fq2ybk3hikib05
13:23:07.473 [Test worker] ERROR o.h.tool.hbm2ddl.SchemaExport - user lacks privilege or object not found: PUBLIC.NETWORK_SERVICE_RECORD_VNFFGR
13:23:07.473 [Test worker] DEBUG org.hibernate.SQL - alter table nfventity_descriptor_auto_scale_policy drop foreign key FK_tle9igt6m8dfb35qlfnejmnk8
13:23:07.473 [Test worker] ERROR o.h.tool.hbm2ddl.SchemaExport - HHH000389: Unsuccessful: alter table nfventity_descriptor_auto_scale_policy drop foreign key FK_tle9igt6m8dfb35qlfnejmnk8
13:23:07.473 [Test worker] ERROR o.h.tool.hbm2ddl.SchemaExport - user lacks privilege or object not found: PUBLIC.NFVENTITY_DESCRIPTOR_AUTO_SCALE_POLICY
13:23:07.473 [Test worker] DEBUG org.hibernate.SQL - alter table nfventity_descriptor_lifecycle_event drop foreign key FK_366orla7k7vx746e2cninjft8
13:23:07.473 [Test worker] ERROR o.h.tool.hbm2ddl.SchemaExport - HHH000389: Unsuccessful: alter table nfventity_descriptor_lifecycle_event drop foreign key FK_366orla7k7vx746e2cninjft8
13:23:07.473 [Test worker] ERROR o.h.tool.hbm2ddl.SchemaExport - user lacks privilege or object not found: PUBLIC.NFVENTITY_DESCRIPTOR_LIFECYCLE_EVENT
13:23:07.473 [Test worker] DEBUG org.hibernate.SQL - alter table nfventity_descriptor_vld drop foreign key FK_kpmwq3ckamg3gd1qsk7ec27ry
13:23:07.473 [Test worker] ERROR o.h.tool.hbm2ddl.SchemaExport - HHH000389: Unsuccessful: alter table nfventity_descriptor_vld drop foreign key FK_kpmwq3ckamg3gd1qsk7ec27ry
13:23:07.474 [Test worker] ERROR o.h.tool.hbm2ddl.SchemaExport - user lacks privilege or object not found: PUBLIC.NFVENTITY_DESCRIPTOR_VLD
13:23:07.474 [Test worker] DEBUG org.hibernate.SQL - alter table nfventity_descriptor_vnffgd drop foreign key FK_dkta9ecinon51e3c188pdoskg
13:23:07.474 [Test worker] ERROR o.h.tool.hbm2ddl.SchemaExport - HHH000389: Unsuccessful: alter table nfventity_descriptor_vnffgd drop foreign key FK_dkta9ecinon51e3c188pdoskg
13:23:07.474 [Test worker] ERROR o.h.tool.hbm2ddl.SchemaExport - user lacks privilege or object not found: PUBLIC.NFVENTITY_DESCRIPTOR_VNFFGD
13:23:07.474 [Test worker] DEBUG org.hibernate.SQL - alter table physical_network_function_descriptor drop foreign key FK_t0xdv12mb4vbjug96mjjh4tv9
13:23:07.474 [Test worker] ERROR o.h.tool.hbm2ddl.SchemaExport - HHH000389: Unsuccessful: alter table physical_network_function_descriptor drop foreign key FK_t0xdv12mb4vbjug96mjjh4tv9
13:23:07.474 [Test worker] ERROR o.h.tool.hbm2ddl.SchemaExport - user lacks privilege or object not found: PUBLIC.PHYSICAL_NETWORK_FUNCTION_DESCRIPTOR
13:23:07.474 [Test worker] DEBUG org.hibernate.SQL - alter table physical_network_function_descriptor_connection_point drop foreign key FK_gn3l1ljyid1o6vbxc7oqtvr8j
13:23:07.474 [Test worker] ERROR o.h.tool.hbm2ddl.SchemaExport - HHH000389: Unsuccessful: alter table physical_network_function_descriptor_connection_point drop foreign key FK_gn3l1ljyid1o6vbxc7oqtvr8j
13:23:07.474 [Test worker] ERROR o.h.tool.hbm2ddl.SchemaExport - user lacks privilege or object not found: PUBLIC.PHYSICAL_NETWORK_FUNCTION_DESCRIPTOR_CONNECTION_POINT
13:23:07.474 [Test worker] DEBUG org.hibernate.SQL - alter table physical_network_function_record drop foreign key FK_aexdj9ha8qbbqi9242fx3ptbr
13:23:07.474 [Test worker] ERROR o.h.tool.hbm2ddl.SchemaExport - HHH000389: Unsuccessful: alter table physical_network_function_record drop foreign key FK_aexdj9ha8qbbqi9242fx3ptbr
13:23:07.474 [Test worker] ERROR o.h.tool.hbm2ddl.SchemaExport - user lacks privilege or object not found: PUBLIC.PHYSICAL_NETWORK_FUNCTION_RECORD
13:23:07.474 [Test worker] DEBUG org.hibernate.SQL - alter table physical_network_function_record drop foreign key FK_oq232nfyihxuscxj0fdv3rd1g
13:23:07.474 [Test worker] ERROR o.h.tool.hbm2ddl.SchemaExport - HHH000389: Unsuccessful: alter table physical_network_function_record drop foreign key FK_oq232nfyihxuscxj0fdv3rd1g
13:23:07.474 [Test worker] ERROR o.h.tool.hbm2ddl.SchemaExport - user lacks privilege or object not found: PUBLIC.PHYSICAL_NETWORK_FUNCTION_RECORD
13:23:07.474 [Test worker] DEBUG org.hibernate.SQL - alter table physical_network_function_record_connected_virtual_link drop foreign key FK_pky2qty334bgqtr338hf9reuy
13:23:07.475 [Test worker] ERROR o.h.tool.hbm2ddl.SchemaExport - HHH000389: Unsuccessful: alter table physical_network_function_record_connected_virtual_link drop foreign key FK_pky2qty334bgqtr338hf9reuy
13:23:07.475 [Test worker] ERROR o.h.tool.hbm2ddl.SchemaExport - user lacks privilege or object not found: PUBLIC.PHYSICAL_NETWORK_FUNCTION_RECORD_CONNECTED_VIRTUAL_LINK
13:23:07.475 [Test worker] DEBUG org.hibernate.SQL - alter table physical_network_function_record_connected_virtual_link drop foreign key FK_rikre576a3iibe5ork01agjhu
13:23:07.475 [Test worker] ERROR o.h.tool.hbm2ddl.SchemaExport - HHH000389: Unsuccessful: alter table physical_network_function_record_connected_virtual_link drop foreign key FK_rikre576a3iibe5ork01agjhu
13:23:07.475 [Test worker] ERROR o.h.tool.hbm2ddl.SchemaExport - user lacks privilege or object not found: PUBLIC.PHYSICAL_NETWORK_FUNCTION_RECORD_CONNECTED_VIRTUAL_LINK
13:23:07.475 [Test worker] DEBUG org.hibernate.SQL - alter table physical_network_function_record_connection_point drop foreign key FK_16tske56yuvwovqhd2trjopfy
13:23:07.475 [Test worker] ERROR o.h.tool.hbm2ddl.SchemaExport - HHH000389: Unsuccessful: alter table physical_network_function_record_connection_point drop foreign key FK_16tske56yuvwovqhd2trjopfy
13:23:07.475 [Test worker] ERROR o.h.tool.hbm2ddl.SchemaExport - user lacks privilege or object not found: PUBLIC.PHYSICAL_NETWORK_FUNCTION_RECORD_CONNECTION_POINT
13:23:07.475 [Test worker] DEBUG org.hibernate.SQL - alter table physical_network_function_record_pnf_address drop foreign key FK_1b73cbadotte9gqub23bpjjb
13:23:07.475 [Test worker] ERROR o.h.tool.hbm2ddl.SchemaExport - HHH000389: Unsuccessful: alter table physical_network_function_record_pnf_address drop foreign key FK_1b73cbadotte9gqub23bpjjb
13:23:07.475 [Test worker] ERROR o.h.tool.hbm2ddl.SchemaExport - user lacks privilege or object not found: PUBLIC.PHYSICAL_NETWORK_FUNCTION_RECORD_PNF_ADDRESS
13:23:07.475 [Test worker] DEBUG org.hibernate.SQL - alter table physical_network_function_record_vnffgr drop foreign key FK_ixhj7hv7g6od511wgk0yh6tso
13:23:07.475 [Test worker] ERROR o.h.tool.hbm2ddl.SchemaExport - HHH000389: Unsuccessful: alter table physical_network_function_record_vnffgr drop foreign key FK_ixhj7hv7g6od511wgk0yh6tso
13:23:07.475 [Test worker] ERROR o.h.tool.hbm2ddl.SchemaExport - user lacks privilege or object not found: PUBLIC.PHYSICAL_NETWORK_FUNCTION_RECORD_VNFFGR
13:23:07.475 [Test worker] DEBUG org.hibernate.SQL - alter table physical_network_function_record_vnffgr drop foreign key FK_jd702qh2ljwv6krxtcvxjbcg5
13:23:07.475 [Test worker] ERROR o.h.tool.hbm2ddl.SchemaExport - HHH000389: Unsuccessful: alter table physical_network_function_record_vnffgr drop foreign key FK_jd702qh2ljwv6krxtcvxjbcg5
13:23:07.475 [Test worker] ERROR o.h.tool.hbm2ddl.SchemaExport - user lacks privilege or object not found: PUBLIC.PHYSICAL_NETWORK_FUNCTION_RECORD_VNFFGR
13:23:07.475 [Test worker] DEBUG org.hibernate.SQL - alter table service_deployment_flavour_constituent_vnf drop foreign key FK_svyqccew2airrvex17ea3c1m5
13:23:07.476 [Test worker] ERROR o.h.tool.hbm2ddl.SchemaExport - HHH000389: Unsuccessful: alter table service_deployment_flavour_constituent_vnf drop foreign key FK_svyqccew2airrvex17ea3c1m5
13:23:07.476 [Test worker] ERROR o.h.tool.hbm2ddl.SchemaExport - user lacks privilege or object not found: PUBLIC.SERVICE_DEPLOYMENT_FLAVOUR_CONSTITUENT_VNF
13:23:07.476 [Test worker] DEBUG org.hibernate.SQL - alter table service_deployment_flavour_constituent_vnf drop foreign key FK_ff422yw49qh7ry28b4r6mhrpx
13:23:07.476 [Test worker] ERROR o.h.tool.hbm2ddl.SchemaExport - HHH000389: Unsuccessful: alter table service_deployment_flavour_constituent_vnf drop foreign key FK_ff422yw49qh7ry28b4r6mhrpx
13:23:07.476 [Test worker] ERROR o.h.tool.hbm2ddl.SchemaExport - user lacks privilege or object not found: PUBLIC.SERVICE_DEPLOYMENT_FLAVOUR_CONSTITUENT_VNF
13:23:07.476 [Test worker] DEBUG org.hibernate.SQL - alter table vdudependency drop foreign key FK_r0x90p4asd4oac54fdxkv4cq7
13:23:07.476 [Test worker] ERROR o.h.tool.hbm2ddl.SchemaExport - HHH000389: Unsuccessful: alter table vdudependency drop foreign key FK_r0x90p4asd4oac54fdxkv4cq7
13:23:07.476 [Test worker] ERROR o.h.tool.hbm2ddl.SchemaExport - user lacks privilege or object not found: PUBLIC.VDUDEPENDENCY
13:23:07.476 [Test worker] DEBUG org.hibernate.SQL - alter table vdudependency drop foreign key FK_c8mhom2o0jckjcykg6memnckc
13:23:07.476 [Test worker] ERROR o.h.tool.hbm2ddl.SchemaExport - HHH000389: Unsuccessful: alter table vdudependency drop foreign key FK_c8mhom2o0jckjcykg6memnckc
13:23:07.476 [Test worker] ERROR o.h.tool.hbm2ddl.SchemaExport - user lacks privilege or object not found: PUBLIC.VDUDEPENDENCY
13:23:07.476 [Test worker] DEBUG org.hibernate.SQL - alter table virtual_deployment_unit_lifecycle_event drop foreign key FK_90vxxket63wgcbov153u0yu2x
13:23:07.476 [Test worker] ERROR o.h.tool.hbm2ddl.SchemaExport - HHH000389: Unsuccessful: alter table virtual_deployment_unit_lifecycle_event drop foreign key FK_90vxxket63wgcbov153u0yu2x
13:23:07.476 [Test worker] ERROR o.h.tool.hbm2ddl.SchemaExport - user lacks privilege or object not found: PUBLIC.VIRTUAL_DEPLOYMENT_UNIT_LIFECYCLE_EVENT
13:23:07.476 [Test worker] DEBUG org.hibernate.SQL - alter table virtual_deployment_unit_lifecycle_event drop foreign key FK_2o5mcpuaik9y553dqxubt22vk
13:23:07.476 [Test worker] ERROR o.h.tool.hbm2ddl.SchemaExport - HHH000389: Unsuccessful: alter table virtual_deployment_unit_lifecycle_event drop foreign key FK_2o5mcpuaik9y553dqxubt22vk
13:23:07.476 [Test worker] ERROR o.h.tool.hbm2ddl.SchemaExport - user lacks privilege or object not found: PUBLIC.VIRTUAL_DEPLOYMENT_UNIT_LIFECYCLE_EVENT
13:23:07.476 [Test worker] DEBUG org.hibernate.SQL - alter table virtual_deployment_unit_monitoring_parameter drop foreign key FK_4tba1vd21ocny30lu8678wvuf
13:23:07.476 [Test worker] ERROR o.h.tool.hbm2ddl.SchemaExport - HHH000389: Unsuccessful: alter table virtual_deployment_unit_monitoring_parameter drop foreign key FK_4tba1vd21ocny30lu8678wvuf
13:23:07.476 [Test worker] ERROR o.h.tool.hbm2ddl.SchemaExport - user lacks privilege or object not found: PUBLIC.VIRTUAL_DEPLOYMENT_UNIT_MONITORING_PARAMETER
13:23:07.476 [Test worker] DEBUG org.hibernate.SQL - alter table virtual_deployment_unit_vm_image drop foreign key FK_puna0oderfpbec9y1rt63ycfy
13:23:07.476 [Test worker] ERROR o.h.tool.hbm2ddl.SchemaExport - HHH000389: Unsuccessful: alter table virtual_deployment_unit_vm_image drop foreign key FK_puna0oderfpbec9y1rt63ycfy
13:23:07.476 [Test worker] ERROR o.h.tool.hbm2ddl.SchemaExport - user lacks privilege or object not found: PUBLIC.VIRTUAL_DEPLOYMENT_UNIT_VM_IMAGE
13:23:07.477 [Test worker] DEBUG org.hibernate.SQL - alter table virtual_deployment_unit_vnfc drop foreign key FK_pjxb6c6f4fboiccfaiy5kecdc
13:23:07.477 [Test worker] ERROR o.h.tool.hbm2ddl.SchemaExport - HHH000389: Unsuccessful: alter table virtual_deployment_unit_vnfc drop foreign key FK_pjxb6c6f4fboiccfaiy5kecdc
13:23:07.477 [Test worker] ERROR o.h.tool.hbm2ddl.SchemaExport - user lacks privilege or object not found: PUBLIC.VIRTUAL_DEPLOYMENT_UNIT_VNFC
13:23:07.477 [Test worker] DEBUG org.hibernate.SQL - alter table virtual_deployment_unit_vnfc drop foreign key FK_5uuns7xbqf2hty6d6ey20ceft
13:23:07.477 [Test worker] ERROR o.h.tool.hbm2ddl.SchemaExport - HHH000389: Unsuccessful: alter table virtual_deployment_unit_vnfc drop foreign key FK_5uuns7xbqf2hty6d6ey20ceft
13:23:07.477 [Test worker] ERROR o.h.tool.hbm2ddl.SchemaExport - user lacks privilege or object not found: PUBLIC.VIRTUAL_DEPLOYMENT_UNIT_VNFC
13:23:07.477 [Test worker] DEBUG org.hibernate.SQL - alter table virtual_link_descriptor drop foreign key FK_fge08bt6cd79kj5eqyuur1abk
13:23:07.477 [Test worker] ERROR o.h.tool.hbm2ddl.SchemaExport - HHH000389: Unsuccessful: alter table virtual_link_descriptor drop foreign key FK_fge08bt6cd79kj5eqyuur1abk
13:23:07.477 [Test worker] ERROR o.h.tool.hbm2ddl.SchemaExport - user lacks privilege or object not found: PUBLIC.VIRTUAL_LINK_DESCRIPTOR
13:23:07.477 [Test worker] DEBUG org.hibernate.SQL - alter table virtual_link_descriptor_connection drop foreign key FK_fse25vx1qsybq7bi9xps2mgyj
13:23:07.477 [Test worker] ERROR o.h.tool.hbm2ddl.SchemaExport - HHH000389: Unsuccessful: alter table virtual_link_descriptor_connection drop foreign key FK_fse25vx1qsybq7bi9xps2mgyj
13:23:07.477 [Test worker] ERROR o.h.tool.hbm2ddl.SchemaExport - user lacks privilege or object not found: PUBLIC.VIRTUAL_LINK_DESCRIPTOR_CONNECTION
13:23:07.477 [Test worker] DEBUG org.hibernate.SQL - alter table virtual_link_record_allocated_capacity drop foreign key FK_ak1niqch9ifsa570g11geav0t
13:23:07.477 [Test worker] ERROR o.h.tool.hbm2ddl.SchemaExport - HHH000389: Unsuccessful: alter table virtual_link_record_allocated_capacity drop foreign key FK_ak1niqch9ifsa570g11geav0t
13:23:07.477 [Test worker] ERROR o.h.tool.hbm2ddl.SchemaExport - user lacks privilege or object not found: PUBLIC.VIRTUAL_LINK_RECORD_ALLOCATED_CAPACITY
13:23:07.477 [Test worker] DEBUG org.hibernate.SQL - alter table virtual_link_record_audit_log drop foreign key FK_t6xcadpdhi060lqw177wr0464
13:23:07.477 [Test worker] ERROR o.h.tool.hbm2ddl.SchemaExport - HHH000389: Unsuccessful: alter table virtual_link_record_audit_log drop foreign key FK_t6xcadpdhi060lqw177wr0464
13:23:07.477 [Test worker] ERROR o.h.tool.hbm2ddl.SchemaExport - user lacks privilege or object not found: PUBLIC.VIRTUAL_LINK_RECORD_AUDIT_LOG
13:23:07.477 [Test worker] DEBUG org.hibernate.SQL - alter table virtual_link_record_connection drop foreign key FK_2ghcarjdp6jn5ihmxfrypspeb
13:23:07.478 [Test worker] ERROR o.h.tool.hbm2ddl.SchemaExport - HHH000389: Unsuccessful: alter table virtual_link_record_connection drop foreign key FK_2ghcarjdp6jn5ihmxfrypspeb
13:23:07.478 [Test worker] ERROR o.h.tool.hbm2ddl.SchemaExport - user lacks privilege or object not found: PUBLIC.VIRTUAL_LINK_RECORD_CONNECTION
13:23:07.478 [Test worker] DEBUG org.hibernate.SQL - alter table virtual_link_record_lifecycle_event_history drop foreign key FK_i2d7okljao9o1j89o4w853j4u
13:23:07.478 [Test worker] ERROR o.h.tool.hbm2ddl.SchemaExport - HHH000389: Unsuccessful: alter table virtual_link_record_lifecycle_event_history drop foreign key FK_i2d7okljao9o1j89o4w853j4u
13:23:07.478 [Test worker] ERROR o.h.tool.hbm2ddl.SchemaExport - user lacks privilege or object not found: PUBLIC.VIRTUAL_LINK_RECORD_LIFECYCLE_EVENT_HISTORY
13:23:07.478 [Test worker] DEBUG org.hibernate.SQL - alter table virtual_link_record_lifecycle_event_history drop foreign key FK_qkpribbd6sp3w7fqsh81rn19t
13:23:07.478 [Test worker] ERROR o.h.tool.hbm2ddl.SchemaExport - HHH000389: Unsuccessful: alter table virtual_link_record_lifecycle_event_history drop foreign key FK_qkpribbd6sp3w7fqsh81rn19t
13:23:07.478 [Test worker] ERROR o.h.tool.hbm2ddl.SchemaExport - user lacks privilege or object not found: PUBLIC.VIRTUAL_LINK_RECORD_LIFECYCLE_EVENT_HISTORY
13:23:07.478 [Test worker] DEBUG org.hibernate.SQL - alter table virtual_link_record_notification drop foreign key FK_ib8hytmo0o0ciky4b8b8d5kmt
13:23:07.478 [Test worker] ERROR o.h.tool.hbm2ddl.SchemaExport - HHH000389: Unsuccessful: alter table virtual_link_record_notification drop foreign key FK_ib8hytmo0o0ciky4b8b8d5kmt
13:23:07.478 [Test worker] ERROR o.h.tool.hbm2ddl.SchemaExport - user lacks privilege or object not found: PUBLIC.VIRTUAL_LINK_RECORD_NOTIFICATION
13:23:07.478 [Test worker] DEBUG org.hibernate.SQL - alter table virtual_link_record_qos drop foreign key FK_bssdmt2q3vs6s77huddmujo0l
13:23:07.478 [Test worker] ERROR o.h.tool.hbm2ddl.SchemaExport - HHH000389: Unsuccessful: alter table virtual_link_record_qos drop foreign key FK_bssdmt2q3vs6s77huddmujo0l
13:23:07.478 [Test worker] ERROR o.h.tool.hbm2ddl.SchemaExport - user lacks privilege or object not found: PUBLIC.VIRTUAL_LINK_RECORD_QOS
13:23:07.478 [Test worker] DEBUG org.hibernate.SQL - alter table virtual_link_record_vnffgr_reference drop foreign key FK_pgxhygyo36ked3u6msyp0n3p8
13:23:07.478 [Test worker] ERROR o.h.tool.hbm2ddl.SchemaExport - HHH000389: Unsuccessful: alter table virtual_link_record_vnffgr_reference drop foreign key FK_pgxhygyo36ked3u6msyp0n3p8
13:23:07.478 [Test worker] ERROR o.h.tool.hbm2ddl.SchemaExport - user lacks privilege or object not found: PUBLIC.VIRTUAL_LINK_RECORD_VNFFGR_REFERENCE
13:23:07.478 [Test worker] DEBUG org.hibernate.SQL - alter table virtual_link_record_vnffgr_reference drop foreign key FK_e5cjr2yjn64s9wnyvt574sph5
13:23:07.478 [Test worker] ERROR o.h.tool.hbm2ddl.SchemaExport - HHH000389: Unsuccessful: alter table virtual_link_record_vnffgr_reference drop foreign key FK_e5cjr2yjn64s9wnyvt574sph5
13:23:07.478 [Test worker] ERROR o.h.tool.hbm2ddl.SchemaExport - user lacks privilege or object not found: PUBLIC.VIRTUAL_LINK_RECORD_VNFFGR_REFERENCE
13:23:07.478 [Test worker] DEBUG org.hibernate.SQL - alter table virtual_network_function_descriptor_deployment_flavour drop foreign key FK_qy6fb2txh5ip9u5fjr6gyxema
13:23:07.479 [Test worker] ERROR o.h.tool.hbm2ddl.SchemaExport - HHH000389: Unsuccessful: alter table virtual_network_function_descriptor_deployment_flavour drop foreign key FK_qy6fb2txh5ip9u5fjr6gyxema
13:23:07.479 [Test worker] ERROR o.h.tool.hbm2ddl.SchemaExport - user lacks privilege or object not found: PUBLIC.VIRTUAL_NETWORK_FUNCTION_DESCRIPTOR_DEPLOYMENT_FLAVOUR
13:23:07.479 [Test worker] DEBUG org.hibernate.SQL - alter table virtual_network_function_descriptor_deployment_flavour drop foreign key FK_r4a4iaqb7g6ghpub7a0ypahas
13:23:07.479 [Test worker] ERROR o.h.tool.hbm2ddl.SchemaExport - HHH000389: Unsuccessful: alter table virtual_network_function_descriptor_deployment_flavour drop foreign key FK_r4a4iaqb7g6ghpub7a0ypahas
13:23:07.479 [Test worker] ERROR o.h.tool.hbm2ddl.SchemaExport - user lacks privilege or object not found: PUBLIC.VIRTUAL_NETWORK_FUNCTION_DESCRIPTOR_DEPLOYMENT_FLAVOUR
13:23:07.479 [Test worker] DEBUG org.hibernate.SQL - alter table virtual_network_function_descriptor_manifest_file_security drop foreign key FK_ckbtqcy71yxob7n23npet6rdb
13:23:07.479 [Test worker] ERROR o.h.tool.hbm2ddl.SchemaExport - HHH000389: Unsuccessful: alter table virtual_network_function_descriptor_manifest_file_security drop foreign key FK_ckbtqcy71yxob7n23npet6rdb
13:23:07.479 [Test worker] ERROR o.h.tool.hbm2ddl.SchemaExport - user lacks privilege or object not found: PUBLIC.VIRTUAL_NETWORK_FUNCTION_DESCRIPTOR_MANIFEST_FILE_SECURITY
13:23:07.479 [Test worker] DEBUG org.hibernate.SQL - alter table virtual_network_function_descriptor_manifest_file_security drop foreign key FK_pwfqubkh5ru44cq8w1qqll17n
13:23:07.479 [Test worker] ERROR o.h.tool.hbm2ddl.SchemaExport - HHH000389: Unsuccessful: alter table virtual_network_function_descriptor_manifest_file_security drop foreign key FK_pwfqubkh5ru44cq8w1qqll17n
13:23:07.479 [Test worker] ERROR o.h.tool.hbm2ddl.SchemaExport - user lacks privilege or object not found: PUBLIC.VIRTUAL_NETWORK_FUNCTION_DESCRIPTOR_MANIFEST_FILE_SECURITY
13:23:07.479 [Test worker] DEBUG org.hibernate.SQL - alter table virtual_network_function_descriptor_vdu drop foreign key FK_96sts9thyr1x7no9yom4b0s1c
13:23:07.479 [Test worker] ERROR o.h.tool.hbm2ddl.SchemaExport - HHH000389: Unsuccessful: alter table virtual_network_function_descriptor_vdu drop foreign key FK_96sts9thyr1x7no9yom4b0s1c
13:23:07.479 [Test worker] ERROR o.h.tool.hbm2ddl.SchemaExport - user lacks privilege or object not found: PUBLIC.VIRTUAL_NETWORK_FUNCTION_DESCRIPTOR_VDU
13:23:07.479 [Test worker] DEBUG org.hibernate.SQL - alter table virtual_network_function_descriptor_vdu drop foreign key FK_3xouvcrjky4slw8w4ar6gvnvp
13:23:07.479 [Test worker] ERROR o.h.tool.hbm2ddl.SchemaExport - HHH000389: Unsuccessful: alter table virtual_network_function_descriptor_vdu drop foreign key FK_3xouvcrjky4slw8w4ar6gvnvp
13:23:07.479 [Test worker] ERROR o.h.tool.hbm2ddl.SchemaExport - user lacks privilege or object not found: PUBLIC.VIRTUAL_NETWORK_FUNCTION_DESCRIPTOR_VDU
13:23:07.479 [Test worker] DEBUG org.hibernate.SQL - alter table virtual_network_function_descriptor_vdu_dependency drop foreign key FK_axpr6jtbydpdh8vebahipdrq
13:23:07.480 [Test worker] ERROR o.h.tool.hbm2ddl.SchemaExport - HHH000389: Unsuccessful: alter table virtual_network_function_descriptor_vdu_dependency drop foreign key FK_axpr6jtbydpdh8vebahipdrq
13:23:07.480 [Test worker] ERROR o.h.tool.hbm2ddl.SchemaExport - user lacks privilege or object not found: PUBLIC.VIRTUAL_NETWORK_FUNCTION_DESCRIPTOR_VDU_DEPENDENCY
13:23:07.480 [Test worker] DEBUG org.hibernate.SQL - alter table virtual_network_function_descriptor_vdu_dependency drop foreign key FK_7wcxi4f35jsvbt861eq5ominv
13:23:07.480 [Test worker] ERROR o.h.tool.hbm2ddl.SchemaExport - HHH000389: Unsuccessful: alter table virtual_network_function_descriptor_vdu_dependency drop foreign key FK_7wcxi4f35jsvbt861eq5ominv
13:23:07.480 [Test worker] ERROR o.h.tool.hbm2ddl.SchemaExport - user lacks privilege or object not found: PUBLIC.VIRTUAL_NETWORK_FUNCTION_DESCRIPTOR_VDU_DEPENDENCY
13:23:07.480 [Test worker] DEBUG org.hibernate.SQL - alter table virtual_network_function_descriptor_virtual_link drop foreign key FK_iqf0p1tckogpwhsil3mwrov6v
13:23:07.480 [Test worker] ERROR o.h.tool.hbm2ddl.SchemaExport - HHH000389: Unsuccessful: alter table virtual_network_function_descriptor_virtual_link drop foreign key FK_iqf0p1tckogpwhsil3mwrov6v
13:23:07.480 [Test worker] ERROR o.h.tool.hbm2ddl.SchemaExport - user lacks privilege or object not found: PUBLIC.VIRTUAL_NETWORK_FUNCTION_DESCRIPTOR_VIRTUAL_LINK
13:23:07.480 [Test worker] DEBUG org.hibernate.SQL - alter table virtual_network_function_descriptor_virtual_link drop foreign key FK_19u9tea8iqusnxhackts9pwrb
13:23:07.480 [Test worker] ERROR o.h.tool.hbm2ddl.SchemaExport - HHH000389: Unsuccessful: alter table virtual_network_function_descriptor_virtual_link drop foreign key FK_19u9tea8iqusnxhackts9pwrb
13:23:07.480 [Test worker] ERROR o.h.tool.hbm2ddl.SchemaExport - user lacks privilege or object not found: PUBLIC.VIRTUAL_NETWORK_FUNCTION_DESCRIPTOR_VIRTUAL_LINK
13:23:07.480 [Test worker] DEBUG org.hibernate.SQL - alter table virtual_network_function_record drop foreign key FK_3t5eqy1b758e1gynqcp14isb8
13:23:07.480 [Test worker] ERROR o.h.tool.hbm2ddl.SchemaExport - HHH000389: Unsuccessful: alter table virtual_network_function_record drop foreign key FK_3t5eqy1b758e1gynqcp14isb8
13:23:07.480 [Test worker] ERROR o.h.tool.hbm2ddl.SchemaExport - user lacks privilege or object not found: PUBLIC.VIRTUAL_NETWORK_FUNCTION_RECORD
13:23:07.480 [Test worker] DEBUG org.hibernate.SQL - alter table virtual_network_function_record drop foreign key FK_9t8lnarpm45nj7jfonk6qklgi
13:23:07.480 [Test worker] ERROR o.h.tool.hbm2ddl.SchemaExport - HHH000389: Unsuccessful: alter table virtual_network_function_record drop foreign key FK_9t8lnarpm45nj7jfonk6qklgi
13:23:07.480 [Test worker] ERROR o.h.tool.hbm2ddl.SchemaExport - user lacks privilege or object not found: PUBLIC.VIRTUAL_NETWORK_FUNCTION_RECORD
13:23:07.480 [Test worker] DEBUG org.hibernate.SQL - alter table virtual_network_function_record drop foreign key FK_snc57bp1dp994jro2k5wati7k
13:23:07.480 [Test worker] ERROR o.h.tool.hbm2ddl.SchemaExport - HHH000389: Unsuccessful: alter table virtual_network_function_record drop foreign key FK_snc57bp1dp994jro2k5wati7k
13:23:07.480 [Test worker] ERROR o.h.tool.hbm2ddl.SchemaExport - user lacks privilege or object not found: PUBLIC.VIRTUAL_NETWORK_FUNCTION_RECORD
13:23:07.480 [Test worker] DEBUG org.hibernate.SQL - alter table virtual_network_function_record_auto_scale_policy drop foreign key FK_qkuaprn9y0u7ajie9pdpxjex1
13:23:07.481 [Test worker] ERROR o.h.tool.hbm2ddl.SchemaExport - HHH000389: Unsuccessful: alter table virtual_network_function_record_auto_scale_policy drop foreign key FK_qkuaprn9y0u7ajie9pdpxjex1
13:23:07.481 [Test worker] ERROR o.h.tool.hbm2ddl.SchemaExport - user lacks privilege or object not found: PUBLIC.VIRTUAL_NETWORK_FUNCTION_RECORD_AUTO_SCALE_POLICY
13:23:07.481 [Test worker] DEBUG org.hibernate.SQL - alter table virtual_network_function_record_auto_scale_policy drop foreign key FK_mqo1yn4nd9fv3tfn3q2wiy7qq
13:23:07.481 [Test worker] ERROR o.h.tool.hbm2ddl.SchemaExport - HHH000389: Unsuccessful: alter table virtual_network_function_record_auto_scale_policy drop foreign key FK_mqo1yn4nd9fv3tfn3q2wiy7qq
13:23:07.481 [Test worker] ERROR o.h.tool.hbm2ddl.SchemaExport - user lacks privilege or object not found: PUBLIC.VIRTUAL_NETWORK_FUNCTION_RECORD_AUTO_SCALE_POLICY
13:23:07.481 [Test worker] DEBUG org.hibernate.SQL - alter table virtual_network_function_record_connected_external_virtual_link drop foreign key FK_1k6j0vi75tghmqw6eun3sugw0
13:23:07.481 [Test worker] ERROR o.h.tool.hbm2ddl.SchemaExport - HHH000389: Unsuccessful: alter table virtual_network_function_record_connected_external_virtual_link drop foreign key FK_1k6j0vi75tghmqw6eun3sugw0
13:23:07.481 [Test worker] ERROR o.h.tool.hbm2ddl.SchemaExport - user lacks privilege or object not found: PUBLIC.VIRTUAL_NETWORK_FUNCTION_RECORD_CONNECTED_EXTERNAL_VIRTUAL_LINK
13:23:07.481 [Test worker] DEBUG org.hibernate.SQL - alter table virtual_network_function_record_connected_external_virtual_link drop foreign key FK_2snxq21j0cj1he1n8oloytnsq
13:23:07.481 [Test worker] ERROR o.h.tool.hbm2ddl.SchemaExport - HHH000389: Unsuccessful: alter table virtual_network_function_record_connected_external_virtual_link drop foreign key FK_2snxq21j0cj1he1n8oloytnsq
13:23:07.481 [Test worker] ERROR o.h.tool.hbm2ddl.SchemaExport - user lacks privilege or object not found: PUBLIC.VIRTUAL_NETWORK_FUNCTION_RECORD_CONNECTED_EXTERNAL_VIRTUAL_LINK
13:23:07.481 [Test worker] DEBUG org.hibernate.SQL - alter table virtual_network_function_record_connection_point drop foreign key FK_lye1ywvn7l61juku4x185ffqx
13:23:07.481 [Test worker] ERROR o.h.tool.hbm2ddl.SchemaExport - HHH000389: Unsuccessful: alter table virtual_network_function_record_connection_point drop foreign key FK_lye1ywvn7l61juku4x185ffqx
13:23:07.481 [Test worker] ERROR o.h.tool.hbm2ddl.SchemaExport - user lacks privilege or object not found: PUBLIC.VIRTUAL_NETWORK_FUNCTION_RECORD_CONNECTION_POINT
13:23:07.481 [Test worker] DEBUG org.hibernate.SQL - alter table virtual_network_function_record_dependency drop foreign key FK_rp733b4ng77tf2twdvy9m7o84
13:23:07.481 [Test worker] ERROR o.h.tool.hbm2ddl.SchemaExport - HHH000389: Unsuccessful: alter table virtual_network_function_record_dependency drop foreign key FK_rp733b4ng77tf2twdvy9m7o84
13:23:07.481 [Test worker] ERROR o.h.tool.hbm2ddl.SchemaExport - user lacks privilege or object not found: PUBLIC.VIRTUAL_NETWORK_FUNCTION_RECORD_DEPENDENCY
13:23:07.481 [Test worker] DEBUG org.hibernate.SQL - alter table virtual_network_function_record_dependency drop foreign key FK_4dadnx98tve74m6dhjc9c264o
13:23:07.481 [Test worker] ERROR o.h.tool.hbm2ddl.SchemaExport - HHH000389: Unsuccessful: alter table virtual_network_function_record_dependency drop foreign key FK_4dadnx98tve74m6dhjc9c264o
13:23:07.481 [Test worker] ERROR o.h.tool.hbm2ddl.SchemaExport - user lacks privilege or object not found: PUBLIC.VIRTUAL_NETWORK_FUNCTION_RECORD_DEPENDENCY
13:23:07.481 [Test worker] DEBUG org.hibernate.SQL - alter table virtual_network_function_record_lifecycle_event_history drop foreign key FK_1ku0dk61dh0lhkhsei91n9mgh
13:23:07.482 [Test worker] ERROR o.h.tool.hbm2ddl.SchemaExport - HHH000389: Unsuccessful: alter table virtual_network_function_record_lifecycle_event_history drop foreign key FK_1ku0dk61dh0lhkhsei91n9mgh
13:23:07.482 [Test worker] ERROR o.h.tool.hbm2ddl.SchemaExport - user lacks privilege or object not found: PUBLIC.VIRTUAL_NETWORK_FUNCTION_RECORD_LIFECYCLE_EVENT_HISTORY
13:23:07.482 [Test worker] DEBUG org.hibernate.SQL - alter table virtual_network_function_record_lifecycle_event_history drop foreign key FK_wy34sdyi7kov9hsj6htg6ofo
13:23:07.482 [Test worker] ERROR o.h.tool.hbm2ddl.SchemaExport - HHH000389: Unsuccessful: alter table virtual_network_function_record_lifecycle_event_history drop foreign key FK_wy34sdyi7kov9hsj6htg6ofo
13:23:07.482 [Test worker] ERROR o.h.tool.hbm2ddl.SchemaExport - user lacks privilege or object not found: PUBLIC.VIRTUAL_NETWORK_FUNCTION_RECORD_LIFECYCLE_EVENT_HISTORY
13:23:07.482 [Test worker] DEBUG org.hibernate.SQL - alter table virtual_network_function_record_monitoring_parameter drop foreign key FK_cj1xjspedg91q32i28j017fb0
13:23:07.482 [Test worker] ERROR o.h.tool.hbm2ddl.SchemaExport - HHH000389: Unsuccessful: alter table virtual_network_function_record_monitoring_parameter drop foreign key FK_cj1xjspedg91q32i28j017fb0
13:23:07.482 [Test worker] ERROR o.h.tool.hbm2ddl.SchemaExport - user lacks privilege or object not found: PUBLIC.VIRTUAL_NETWORK_FUNCTION_RECORD_MONITORING_PARAMETER
13:23:07.482 [Test worker] DEBUG org.hibernate.SQL - alter table virtual_network_function_record_notification drop foreign key FK_5whomjkphdpijn3u03koifn1r
13:23:07.482 [Test worker] ERROR o.h.tool.hbm2ddl.SchemaExport - HHH000389: Unsuccessful: alter table virtual_network_function_record_notification drop foreign key FK_5whomjkphdpijn3u03koifn1r
13:23:07.482 [Test worker] ERROR o.h.tool.hbm2ddl.SchemaExport - user lacks privilege or object not found: PUBLIC.VIRTUAL_NETWORK_FUNCTION_RECORD_NOTIFICATION
13:23:07.482 [Test worker] DEBUG org.hibernate.SQL - alter table virtual_network_function_record_runtime_policy_info drop foreign key FK_dlsp01efmipkoicoih4vr3v25
13:23:07.482 [Test worker] ERROR o.h.tool.hbm2ddl.SchemaExport - HHH000389: Unsuccessful: alter table virtual_network_function_record_runtime_policy_info drop foreign key FK_dlsp01efmipkoicoih4vr3v25
13:23:07.482 [Test worker] ERROR o.h.tool.hbm2ddl.SchemaExport - user lacks privilege or object not found: PUBLIC.VIRTUAL_NETWORK_FUNCTION_RECORD_RUNTIME_POLICY_INFO
13:23:07.482 [Test worker] DEBUG org.hibernate.SQL - alter table virtual_network_function_record_vdu drop foreign key FK_nmrn2l5dr2b3io4i9amfps4f4
13:23:07.482 [Test worker] ERROR o.h.tool.hbm2ddl.SchemaExport - HHH000389: Unsuccessful: alter table virtual_network_function_record_vdu drop foreign key FK_nmrn2l5dr2b3io4i9amfps4f4
13:23:07.482 [Test worker] ERROR o.h.tool.hbm2ddl.SchemaExport - user lacks privilege or object not found: PUBLIC.VIRTUAL_NETWORK_FUNCTION_RECORD_VDU
13:23:07.482 [Test worker] DEBUG org.hibernate.SQL - alter table virtual_network_function_record_vdu drop foreign key FK_t5cs9vowca9wq8seer27drrsp
13:23:07.483 [Test worker] ERROR o.h.tool.hbm2ddl.SchemaExport - HHH000389: Unsuccessful: alter table virtual_network_function_record_vdu drop foreign key FK_t5cs9vowca9wq8seer27drrsp
13:23:07.483 [Test worker] ERROR o.h.tool.hbm2ddl.SchemaExport - user lacks privilege or object not found: PUBLIC.VIRTUAL_NETWORK_FUNCTION_RECORD_VDU
13:23:07.483 [Test worker] DEBUG org.hibernate.SQL - alter table virtual_network_function_record_virtual_link drop foreign key FK_4m1m2x7n9fx8dseiky79u63dc
13:23:07.483 [Test worker] ERROR o.h.tool.hbm2ddl.SchemaExport - HHH000389: Unsuccessful: alter table virtual_network_function_record_virtual_link drop foreign key FK_4m1m2x7n9fx8dseiky79u63dc
13:23:07.483 [Test worker] ERROR o.h.tool.hbm2ddl.SchemaExport - user lacks privilege or object not found: PUBLIC.VIRTUAL_NETWORK_FUNCTION_RECORD_VIRTUAL_LINK
13:23:07.483 [Test worker] DEBUG org.hibernate.SQL - alter table virtual_network_function_record_virtual_link drop foreign key FK_mirnuhwhpx13jy3h6dxhsrg05
13:23:07.483 [Test worker] ERROR o.h.tool.hbm2ddl.SchemaExport - HHH000389: Unsuccessful: alter table virtual_network_function_record_virtual_link drop foreign key FK_mirnuhwhpx13jy3h6dxhsrg05
13:23:07.483 [Test worker] ERROR o.h.tool.hbm2ddl.SchemaExport - user lacks privilege or object not found: PUBLIC.VIRTUAL_NETWORK_FUNCTION_RECORD_VIRTUAL_LINK
13:23:07.483 [Test worker] DEBUG org.hibernate.SQL - alter table virtual_network_function_record_vnf_address drop foreign key FK_d2np3laovylh6jdypett2esrc
13:23:07.483 [Test worker] ERROR o.h.tool.hbm2ddl.SchemaExport - HHH000389: Unsuccessful: alter table virtual_network_function_record_vnf_address drop foreign key FK_d2np3laovylh6jdypett2esrc
13:23:07.483 [Test worker] ERROR o.h.tool.hbm2ddl.SchemaExport - user lacks privilege or object not found: PUBLIC.VIRTUAL_NETWORK_FUNCTION_RECORD_VNF_ADDRESS
13:23:07.483 [Test worker] DEBUG org.hibernate.SQL - alter table vnfcomponent_connection_point drop foreign key FK_bi6sx7hj6snumdo1fnnbepvwt
13:23:07.483 [Test worker] ERROR o.h.tool.hbm2ddl.SchemaExport - HHH000389: Unsuccessful: alter table vnfcomponent_connection_point drop foreign key FK_bi6sx7hj6snumdo1fnnbepvwt
13:23:07.483 [Test worker] ERROR o.h.tool.hbm2ddl.SchemaExport - user lacks privilege or object not found: PUBLIC.VNFCOMPONENT_CONNECTION_POINT
13:23:07.483 [Test worker] DEBUG org.hibernate.SQL - alter table vnfcomponent_connection_point drop foreign key FK_21155ajf0s32h7d4mn28cwexn
13:23:07.483 [Test worker] ERROR o.h.tool.hbm2ddl.SchemaExport - HHH000389: Unsuccessful: alter table vnfcomponent_connection_point drop foreign key FK_21155ajf0s32h7d4mn28cwexn
13:23:07.483 [Test worker] ERROR o.h.tool.hbm2ddl.SchemaExport - user lacks privilege or object not found: PUBLIC.VNFCOMPONENT_CONNECTION_POINT
13:23:07.483 [Test worker] DEBUG org.hibernate.SQL - alter table vnfddeployment_flavour_costituent_vdu drop foreign key FK_hw6gb88kt2dbjs8u25gwapsru
13:23:07.484 [Test worker] ERROR o.h.tool.hbm2ddl.SchemaExport - HHH000389: Unsuccessful: alter table vnfddeployment_flavour_costituent_vdu drop foreign key FK_hw6gb88kt2dbjs8u25gwapsru
13:23:07.484 [Test worker] ERROR o.h.tool.hbm2ddl.SchemaExport - user lacks privilege or object not found: PUBLIC.VNFDDEPLOYMENT_FLAVOUR_COSTITUENT_VDU
13:23:07.484 [Test worker] DEBUG org.hibernate.SQL - alter table vnfddeployment_flavour_costituent_vdu drop foreign key FK_gcylr2844f15giub1wmmhh1fm
13:23:07.484 [Test worker] ERROR o.h.tool.hbm2ddl.SchemaExport - HHH000389: Unsuccessful: alter table vnfddeployment_flavour_costituent_vdu drop foreign key FK_gcylr2844f15giub1wmmhh1fm
13:23:07.484 [Test worker] ERROR o.h.tool.hbm2ddl.SchemaExport - user lacks privilege or object not found: PUBLIC.VNFDDEPLOYMENT_FLAVOUR_COSTITUENT_VDU
13:23:07.484 [Test worker] DEBUG org.hibernate.SQL - alter table vnfddeployment_flavour_df_constraint drop foreign key FK_fuy3akhfqhl5t30ajvkmngge5
13:23:07.484 [Test worker] ERROR o.h.tool.hbm2ddl.SchemaExport - HHH000389: Unsuccessful: alter table vnfddeployment_flavour_df_constraint drop foreign key FK_fuy3akhfqhl5t30ajvkmngge5
13:23:07.484 [Test worker] ERROR o.h.tool.hbm2ddl.SchemaExport - user lacks privilege or object not found: PUBLIC.VNFDDEPLOYMENT_FLAVOUR_DF_CONSTRAINT
13:23:07.484 [Test worker] DEBUG org.hibernate.SQL - alter table vnfdependency drop foreign key FK_li4tynpk97xteg18bkdrdiiln
13:23:07.484 [Test worker] ERROR o.h.tool.hbm2ddl.SchemaExport - HHH000389: Unsuccessful: alter table vnfdependency drop foreign key FK_li4tynpk97xteg18bkdrdiiln
13:23:07.484 [Test worker] ERROR o.h.tool.hbm2ddl.SchemaExport - user lacks privilege or object not found: PUBLIC.VNFDEPENDENCY
13:23:07.484 [Test worker] DEBUG org.hibernate.SQL - alter table vnfdependency drop foreign key FK_swih3hln70vtcqflheejpr4q
13:23:07.484 [Test worker] ERROR o.h.tool.hbm2ddl.SchemaExport - HHH000389: Unsuccessful: alter table vnfdependency drop foreign key FK_swih3hln70vtcqflheejpr4q
13:23:07.484 [Test worker] ERROR o.h.tool.hbm2ddl.SchemaExport - user lacks privilege or object not found: PUBLIC.VNFDEPENDENCY
13:23:07.484 [Test worker] DEBUG org.hibernate.SQL - alter table vnfforwarding_graph drop foreign key FK_5wjfvxrkgsldqey049q4i2vfr
13:23:07.484 [Test worker] ERROR o.h.tool.hbm2ddl.SchemaExport - HHH000389: Unsuccessful: alter table vnfforwarding_graph drop foreign key FK_5wjfvxrkgsldqey049q4i2vfr
13:23:07.484 [Test worker] ERROR o.h.tool.hbm2ddl.SchemaExport - user lacks privilege or object not found: PUBLIC.VNFFORWARDING_GRAPH
13:23:07.484 [Test worker] DEBUG org.hibernate.SQL - alter table vnfforwarding_graph_connection_point drop foreign key FK_nhac2v6yf2nlur2jefy3rf1nl
13:23:07.484 [Test worker] ERROR o.h.tool.hbm2ddl.SchemaExport - HHH000389: Unsuccessful: alter table vnfforwarding_graph_connection_point drop foreign key FK_nhac2v6yf2nlur2jefy3rf1nl
13:23:07.484 [Test worker] ERROR o.h.tool.hbm2ddl.SchemaExport - user lacks privilege or object not found: PUBLIC.VNFFORWARDING_GRAPH_CONNECTION_POINT
13:23:07.484 [Test worker] DEBUG org.hibernate.SQL - alter table vnfforwarding_graph_constituent_vnfs drop foreign key FK_o7nxvo6yjabmy6uig0rrh64ba
13:23:07.484 [Test worker] ERROR o.h.tool.hbm2ddl.SchemaExport - HHH000389: Unsuccessful: alter table vnfforwarding_graph_constituent_vnfs drop foreign key FK_o7nxvo6yjabmy6uig0rrh64ba
13:23:07.484 [Test worker] ERROR o.h.tool.hbm2ddl.SchemaExport - user lacks privilege or object not found: PUBLIC.VNFFORWARDING_GRAPH_CONSTITUENT_VNFS
13:23:07.485 [Test worker] DEBUG org.hibernate.SQL - alter table vnfforwarding_graph_constituent_vnfs drop foreign key FK_nv0xnygn47sslxpa9iteg2o7v
13:23:07.485 [Test worker] ERROR o.h.tool.hbm2ddl.SchemaExport - HHH000389: Unsuccessful: alter table vnfforwarding_graph_constituent_vnfs drop foreign key FK_nv0xnygn47sslxpa9iteg2o7v
13:23:07.485 [Test worker] ERROR o.h.tool.hbm2ddl.SchemaExport - user lacks privilege or object not found: PUBLIC.VNFFORWARDING_GRAPH_CONSTITUENT_VNFS
13:23:07.485 [Test worker] DEBUG org.hibernate.SQL - alter table vnfforwarding_graph_dependent_virtual_link drop foreign key FK_cf7kv1hweumtp0d3s55guah8l
13:23:07.485 [Test worker] ERROR o.h.tool.hbm2ddl.SchemaExport - HHH000389: Unsuccessful: alter table vnfforwarding_graph_dependent_virtual_link drop foreign key FK_cf7kv1hweumtp0d3s55guah8l
13:23:07.485 [Test worker] ERROR o.h.tool.hbm2ddl.SchemaExport - user lacks privilege or object not found: PUBLIC.VNFFORWARDING_GRAPH_DEPENDENT_VIRTUAL_LINK
13:23:07.485 [Test worker] DEBUG org.hibernate.SQL - alter table vnfforwarding_graph_dependent_virtual_link drop foreign key FK_jclfs47ub6p8h91ckygvwjmx9
13:23:07.485 [Test worker] ERROR o.h.tool.hbm2ddl.SchemaExport - HHH000389: Unsuccessful: alter table vnfforwarding_graph_dependent_virtual_link drop foreign key FK_jclfs47ub6p8h91ckygvwjmx9
13:23:07.485 [Test worker] ERROR o.h.tool.hbm2ddl.SchemaExport - user lacks privilege or object not found: PUBLIC.VNFFORWARDING_GRAPH_DEPENDENT_VIRTUAL_LINK
13:23:07.485 [Test worker] DEBUG org.hibernate.SQL - alter table vnfforwarding_graph_network_forwarding_path drop foreign key FK_eby8p1i7pvleohd3uyt143d8j
13:23:07.485 [Test worker] ERROR o.h.tool.hbm2ddl.SchemaExport - HHH000389: Unsuccessful: alter table vnfforwarding_graph_network_forwarding_path drop foreign key FK_eby8p1i7pvleohd3uyt143d8j
13:23:07.485 [Test worker] ERROR o.h.tool.hbm2ddl.SchemaExport - user lacks privilege or object not found: PUBLIC.VNFFORWARDING_GRAPH_NETWORK_FORWARDING_PATH
13:23:07.485 [Test worker] DEBUG org.hibernate.SQL - alter table vnfforwarding_graph_network_forwarding_path drop foreign key FK_1297krpm8dbitcpoff4ycb2mu
13:23:07.485 [Test worker] ERROR o.h.tool.hbm2ddl.SchemaExport - HHH000389: Unsuccessful: alter table vnfforwarding_graph_network_forwarding_path drop foreign key FK_1297krpm8dbitcpoff4ycb2mu
13:23:07.485 [Test worker] ERROR o.h.tool.hbm2ddl.SchemaExport - user lacks privilege or object not found: PUBLIC.VNFFORWARDING_GRAPH_NETWORK_FORWARDING_PATH
13:23:07.485 [Test worker] DEBUG org.hibernate.SQL - alter table vnfforwarding_graph_record drop foreign key FK_3aj4803cm52dcbdp87qcxjq6l
13:23:07.485 [Test worker] ERROR o.h.tool.hbm2ddl.SchemaExport - HHH000389: Unsuccessful: alter table vnfforwarding_graph_record drop foreign key FK_3aj4803cm52dcbdp87qcxjq6l
13:23:07.486 [Test worker] ERROR o.h.tool.hbm2ddl.SchemaExport - user lacks privilege or object not found: PUBLIC.VNFFORWARDING_GRAPH_RECORD
13:23:07.486 [Test worker] DEBUG org.hibernate.SQL - alter table vnfforwarding_graph_record drop foreign key FK_o636wgw1ts5tlis8y7l08dr34
13:23:07.486 [Test worker] ERROR o.h.tool.hbm2ddl.SchemaExport - HHH000389: Unsuccessful: alter table vnfforwarding_graph_record drop foreign key FK_o636wgw1ts5tlis8y7l08dr34
13:23:07.486 [Test worker] ERROR o.h.tool.hbm2ddl.SchemaExport - user lacks privilege or object not found: PUBLIC.VNFFORWARDING_GRAPH_RECORD
13:23:07.486 [Test worker] DEBUG org.hibernate.SQL - alter table vnfforwarding_graph_record drop foreign key FK_398f47dyk2nlunsi4252broij
13:23:07.486 [Test worker] ERROR o.h.tool.hbm2ddl.SchemaExport - HHH000389: Unsuccessful: alter table vnfforwarding_graph_record drop foreign key FK_398f47dyk2nlunsi4252broij
13:23:07.486 [Test worker] ERROR o.h.tool.hbm2ddl.SchemaExport - user lacks privilege or object not found: PUBLIC.VNFFORWARDING_GRAPH_RECORD
13:23:07.486 [Test worker] DEBUG org.hibernate.SQL - alter table vnfforwarding_graph_record_connection_point drop foreign key FK_6ylloi8n4jo3udl0uruw745sn
13:23:07.486 [Test worker] ERROR o.h.tool.hbm2ddl.SchemaExport - HHH000389: Unsuccessful: alter table vnfforwarding_graph_record_connection_point drop foreign key FK_6ylloi8n4jo3udl0uruw745sn
13:23:07.486 [Test worker] ERROR o.h.tool.hbm2ddl.SchemaExport - user lacks privilege or object not found: PUBLIC.VNFFORWARDING_GRAPH_RECORD_CONNECTION_POINT
13:23:07.486 [Test worker] DEBUG org.hibernate.SQL - alter table vnfforwarding_graph_record_connection_point drop foreign key FK_dp49ouxxp1y9hh09eg4e4rcso
13:23:07.486 [Test worker] ERROR o.h.tool.hbm2ddl.SchemaExport - HHH000389: Unsuccessful: alter table vnfforwarding_graph_record_connection_point drop foreign key FK_dp49ouxxp1y9hh09eg4e4rcso
13:23:07.486 [Test worker] ERROR o.h.tool.hbm2ddl.SchemaExport - user lacks privilege or object not found: PUBLIC.VNFFORWARDING_GRAPH_RECORD_CONNECTION_POINT
13:23:07.486 [Test worker] DEBUG org.hibernate.SQL - alter table vnfforwarding_graph_record_dependent_virtual_link drop foreign key FK_12ft43rho1yhh9f0xhr02joqa
13:23:07.486 [Test worker] ERROR o.h.tool.hbm2ddl.SchemaExport - HHH000389: Unsuccessful: alter table vnfforwarding_graph_record_dependent_virtual_link drop foreign key FK_12ft43rho1yhh9f0xhr02joqa
13:23:07.486 [Test worker] ERROR o.h.tool.hbm2ddl.SchemaExport - user lacks privilege or object not found: PUBLIC.VNFFORWARDING_GRAPH_RECORD_DEPENDENT_VIRTUAL_LINK
13:23:07.486 [Test worker] DEBUG org.hibernate.SQL - alter table vnfforwarding_graph_record_dependent_virtual_link drop foreign key FK_c56562j1tft667fd4rop7ui87
13:23:07.486 [Test worker] ERROR o.h.tool.hbm2ddl.SchemaExport - HHH000389: Unsuccessful: alter table vnfforwarding_graph_record_dependent_virtual_link drop foreign key FK_c56562j1tft667fd4rop7ui87
13:23:07.486 [Test worker] ERROR o.h.tool.hbm2ddl.SchemaExport - user lacks privilege or object not found: PUBLIC.VNFFORWARDING_GRAPH_RECORD_DEPENDENT_VIRTUAL_LINK
13:23:07.486 [Test worker] DEBUG org.hibernate.SQL - alter table vnfforwarding_graph_record_lifecycle_event_history drop foreign key FK_m3eps7t949ocklbqyfdxlecic
13:23:07.487 [Test worker] ERROR o.h.tool.hbm2ddl.SchemaExport - HHH000389: Unsuccessful: alter table vnfforwarding_graph_record_lifecycle_event_history drop foreign key FK_m3eps7t949ocklbqyfdxlecic
13:23:07.487 [Test worker] ERROR o.h.tool.hbm2ddl.SchemaExport - user lacks privilege or object not found: PUBLIC.VNFFORWARDING_GRAPH_RECORD_LIFECYCLE_EVENT_HISTORY
13:23:07.487 [Test worker] DEBUG org.hibernate.SQL - alter table vnfforwarding_graph_record_lifecycle_event_history drop foreign key FK_fsoel8h7wrdc79vv2fywjrrjb
13:23:07.487 [Test worker] ERROR o.h.tool.hbm2ddl.SchemaExport - HHH000389: Unsuccessful: alter table vnfforwarding_graph_record_lifecycle_event_history drop foreign key FK_fsoel8h7wrdc79vv2fywjrrjb
13:23:07.487 [Test worker] ERROR o.h.tool.hbm2ddl.SchemaExport - user lacks privilege or object not found: PUBLIC.VNFFORWARDING_GRAPH_RECORD_LIFECYCLE_EVENT_HISTORY
13:23:07.487 [Test worker] DEBUG org.hibernate.SQL - alter table vnfforwarding_graph_record_member_vnfs drop foreign key FK_98xhyjfyx7ao7ri9hsbwmd0gg
13:23:07.487 [Test worker] ERROR o.h.tool.hbm2ddl.SchemaExport - HHH000389: Unsuccessful: alter table vnfforwarding_graph_record_member_vnfs drop foreign key FK_98xhyjfyx7ao7ri9hsbwmd0gg
13:23:07.487 [Test worker] ERROR o.h.tool.hbm2ddl.SchemaExport - user lacks privilege or object not found: PUBLIC.VNFFORWARDING_GRAPH_RECORD_MEMBER_VNFS
13:23:07.487 [Test worker] DEBUG org.hibernate.SQL - alter table vnfforwarding_graph_record_member_vnfs drop foreign key FK_n2um818ue5vhs2vn072tfcqux
13:23:07.487 [Test worker] ERROR o.h.tool.hbm2ddl.SchemaExport - HHH000389: Unsuccessful: alter table vnfforwarding_graph_record_member_vnfs drop foreign key FK_n2um818ue5vhs2vn072tfcqux
13:23:07.487 [Test worker] ERROR o.h.tool.hbm2ddl.SchemaExport - user lacks privilege or object not found: PUBLIC.VNFFORWARDING_GRAPH_RECORD_MEMBER_VNFS
13:23:07.487 [Test worker] DEBUG org.hibernate.SQL - alter table vnfforwarding_graph_record_notification drop foreign key FK_pjr5xm5vxfd0ly31mw389707q
13:23:07.487 [Test worker] ERROR o.h.tool.hbm2ddl.SchemaExport - HHH000389: Unsuccessful: alter table vnfforwarding_graph_record_notification drop foreign key FK_pjr5xm5vxfd0ly31mw389707q
13:23:07.487 [Test worker] ERROR o.h.tool.hbm2ddl.SchemaExport - user lacks privilege or object not found: PUBLIC.VNFFORWARDING_GRAPH_RECORD_NOTIFICATION
13:23:07.487 [Test worker] DEBUG org.hibernate.SQL - drop table if exists abstract_virtual_link_qos
13:23:07.487 [Test worker] DEBUG org.hibernate.SQL - drop table if exists abstract_virtual_link_test_access
13:23:07.488 [Test worker] DEBUG org.hibernate.SQL - drop table if exists auto_scale_policy
13:23:07.488 [Test worker] DEBUG org.hibernate.SQL - drop table if exists connection_point
13:23:07.488 [Test worker] DEBUG org.hibernate.SQL - drop table if exists costituentvdu
13:23:07.488 [Test worker] DEBUG org.hibernate.SQL - drop table if exists costituentvnf
13:23:07.488 [Test worker] DEBUG org.hibernate.SQL - drop table if exists deployment_flavour
13:23:07.488 [Test worker] DEBUG org.hibernate.SQL - drop table if exists internal_virtual_link
13:23:07.488 [Test worker] DEBUG org.hibernate.SQL - drop table if exists internal_virtual_link_connection_points_references
13:23:07.489 [Test worker] DEBUG org.hibernate.SQL - drop table if exists lifecycle_event
13:23:07.489 [Test worker] DEBUG org.hibernate.SQL - drop table if exists lifecycle_event_lifecycle_events
13:23:07.489 [Test worker] DEBUG org.hibernate.SQL - drop table if exists network_forwarding_path
13:23:07.489 [Test worker] DEBUG org.hibernate.SQL - drop table if exists network_forwarding_path_connection
13:23:07.489 [Test worker] DEBUG org.hibernate.SQL - drop table if exists network_service_descriptor
13:23:07.489 [Test worker] DEBUG org.hibernate.SQL - drop table if exists network_service_descriptor_pnfd
13:23:07.489 [Test worker] DEBUG org.hibernate.SQL - drop table if exists network_service_descriptor_vnf_dependency
13:23:07.490 [Test worker] DEBUG org.hibernate.SQL - drop table if exists network_service_descriptor_vnfd
13:23:07.490 [Test worker] DEBUG org.hibernate.SQL - drop table if exists network_service_record
13:23:07.490 [Test worker] DEBUG org.hibernate.SQL - drop table if exists network_service_record_auto_scale_policy
13:23:07.490 [Test worker] DEBUG org.hibernate.SQL - drop table if exists network_service_record_connection_point
13:23:07.490 [Test worker] DEBUG org.hibernate.SQL - drop table if exists network_service_record_lifecycle_event_history
13:23:07.490 [Test worker] DEBUG org.hibernate.SQL - drop table if exists network_service_record_monitoring_parameter
13:23:07.490 [Test worker] DEBUG org.hibernate.SQL - drop table if exists network_service_record_pnfr
13:23:07.490 [Test worker] DEBUG org.hibernate.SQL - drop table if exists network_service_record_vlr
13:23:07.491 [Test worker] DEBUG org.hibernate.SQL - drop table if exists network_service_record_vnf_dependency
13:23:07.491 [Test worker] DEBUG org.hibernate.SQL - drop table if exists network_service_record_vnffgr
13:23:07.491 [Test worker] DEBUG org.hibernate.SQL - drop table if exists nfventity_descriptor_auto_scale_policy
13:23:07.491 [Test worker] DEBUG org.hibernate.SQL - drop table if exists nfventity_descriptor_connection_point
13:23:07.491 [Test worker] DEBUG org.hibernate.SQL - drop table if exists nfventity_descriptor_lifecycle_event
13:23:07.491 [Test worker] DEBUG org.hibernate.SQL - drop table if exists nfventity_descriptor_monitoring_parameter
13:23:07.491 [Test worker] DEBUG org.hibernate.SQL - drop table if exists nfventity_descriptor_service_deployment_flavour
13:23:07.492 [Test worker] DEBUG org.hibernate.SQL - drop table if exists nfventity_descriptor_vld
13:23:07.492 [Test worker] DEBUG org.hibernate.SQL - drop table if exists nfventity_descriptor_vnffgd
13:23:07.492 [Test worker] DEBUG org.hibernate.SQL - drop table if exists physical_network_function_descriptor
13:23:07.492 [Test worker] DEBUG org.hibernate.SQL - drop table if exists physical_network_function_descriptor_connection_point
13:23:07.492 [Test worker] DEBUG org.hibernate.SQL - drop table if exists physical_network_function_record
13:23:07.492 [Test worker] DEBUG org.hibernate.SQL - drop table if exists physical_network_function_record_connected_virtual_link
13:23:07.492 [Test worker] DEBUG org.hibernate.SQL - drop table if exists physical_network_function_record_connection_point
13:23:07.492 [Test worker] DEBUG org.hibernate.SQL - drop table if exists physical_network_function_record_pnf_address
13:23:07.493 [Test worker] DEBUG org.hibernate.SQL - drop table if exists physical_network_function_record_vnffgr
13:23:07.493 [Test worker] DEBUG org.hibernate.SQL - drop table if exists policy
13:23:07.493 [Test worker] DEBUG org.hibernate.SQL - drop table if exists security
13:23:07.493 [Test worker] DEBUG org.hibernate.SQL - drop table if exists service_deployment_flavour
13:23:07.493 [Test worker] DEBUG org.hibernate.SQL - drop table if exists service_deployment_flavour_constituent_vnf
13:23:07.493 [Test worker] DEBUG org.hibernate.SQL - drop table if exists vdudependency
13:23:07.493 [Test worker] DEBUG org.hibernate.SQL - drop table if exists virtual_deployment_unit
13:23:07.494 [Test worker] DEBUG org.hibernate.SQL - drop table if exists virtual_deployment_unit_lifecycle_event
13:23:07.494 [Test worker] DEBUG org.hibernate.SQL - drop table if exists virtual_deployment_unit_monitoring_parameter
13:23:07.494 [Test worker] DEBUG org.hibernate.SQL - drop table if exists virtual_deployment_unit_vm_image
13:23:07.494 [Test worker] DEBUG org.hibernate.SQL - drop table if exists virtual_deployment_unit_vnfc
13:23:07.494 [Test worker] DEBUG org.hibernate.SQL - drop table if exists virtual_link_descriptor
13:23:07.494 [Test worker] DEBUG org.hibernate.SQL - drop table if exists virtual_link_descriptor_connection
13:23:07.494 [Test worker] DEBUG org.hibernate.SQL - drop table if exists virtual_link_record
13:23:07.494 [Test worker] DEBUG org.hibernate.SQL - drop table if exists virtual_link_record_allocated_capacity
13:23:07.495 [Test worker] DEBUG org.hibernate.SQL - drop table if exists virtual_link_record_audit_log
13:23:07.495 [Test worker] DEBUG org.hibernate.SQL - drop table if exists virtual_link_record_connection
13:23:07.495 [Test worker] DEBUG org.hibernate.SQL - drop table if exists virtual_link_record_lifecycle_event_history
13:23:07.495 [Test worker] DEBUG org.hibernate.SQL - drop table if exists virtual_link_record_notification
13:23:07.495 [Test worker] DEBUG org.hibernate.SQL - drop table if exists virtual_link_record_qos
13:23:07.495 [Test worker] DEBUG org.hibernate.SQL - drop table if exists virtual_link_record_vnffgr_reference
13:23:07.495 [Test worker] DEBUG org.hibernate.SQL - drop table if exists virtual_network_function_descriptor
13:23:07.495 [Test worker] DEBUG org.hibernate.SQL - drop table if exists virtual_network_function_descriptor_deployment_flavour
13:23:07.496 [Test worker] DEBUG org.hibernate.SQL - drop table if exists virtual_network_function_descriptor_manifest_file_security
13:23:07.496 [Test worker] DEBUG org.hibernate.SQL - drop table if exists virtual_network_function_descriptor_vdu
13:23:07.496 [Test worker] DEBUG org.hibernate.SQL - drop table if exists virtual_network_function_descriptor_vdu_dependency
13:23:07.496 [Test worker] DEBUG org.hibernate.SQL - drop table if exists virtual_network_function_descriptor_virtual_link
13:23:07.496 [Test worker] DEBUG org.hibernate.SQL - drop table if exists virtual_network_function_record
13:23:07.496 [Test worker] DEBUG org.hibernate.SQL - drop table if exists virtual_network_function_record_auto_scale_policy
13:23:07.496 [Test worker] DEBUG org.hibernate.SQL - drop table if exists virtual_network_function_record_connected_external_virtual_link
13:23:07.497 [Test worker] DEBUG org.hibernate.SQL - drop table if exists virtual_network_function_record_connection_point
13:23:07.497 [Test worker] DEBUG org.hibernate.SQL - drop table if exists virtual_network_function_record_dependency
13:23:07.497 [Test worker] DEBUG org.hibernate.SQL - drop table if exists virtual_network_function_record_lifecycle_event_history
13:23:07.497 [Test worker] DEBUG org.hibernate.SQL - drop table if exists virtual_network_function_record_monitoring_parameter
13:23:07.497 [Test worker] DEBUG org.hibernate.SQL - drop table if exists virtual_network_function_record_notification
13:23:07.497 [Test worker] DEBUG org.hibernate.SQL - drop table if exists virtual_network_function_record_runtime_policy_info
13:23:07.497 [Test worker] DEBUG org.hibernate.SQL - drop table if exists virtual_network_function_record_vdu
13:23:07.498 [Test worker] DEBUG org.hibernate.SQL - drop table if exists virtual_network_function_record_virtual_link
13:23:07.498 [Test worker] DEBUG org.hibernate.SQL - drop table if exists virtual_network_function_record_vnf_address
13:23:07.498 [Test worker] DEBUG org.hibernate.SQL - drop table if exists vnfcomponent
13:23:07.498 [Test worker] DEBUG org.hibernate.SQL - drop table if exists vnfcomponent_connection_point
13:23:07.498 [Test worker] DEBUG org.hibernate.SQL - drop table if exists vnfdconnection_point
13:23:07.498 [Test worker] DEBUG org.hibernate.SQL - drop table if exists vnfddeployment_flavour
13:23:07.498 [Test worker] DEBUG org.hibernate.SQL - drop table if exists vnfddeployment_flavour_costituent_vdu
13:23:07.498 [Test worker] DEBUG org.hibernate.SQL - drop table if exists vnfddeployment_flavour_df_constraint
13:23:07.498 [Test worker] DEBUG org.hibernate.SQL - drop table if exists vnfdependency
13:23:07.498 [Test worker] DEBUG org.hibernate.SQL - drop table if exists vnfforwarding_graph
13:23:07.498 [Test worker] DEBUG org.hibernate.SQL - drop table if exists vnfforwarding_graph_connection_point
13:23:07.498 [Test worker] DEBUG org.hibernate.SQL - drop table if exists vnfforwarding_graph_constituent_vnfs
13:23:07.499 [Test worker] DEBUG org.hibernate.SQL - drop table if exists vnfforwarding_graph_dependent_virtual_link
13:23:07.499 [Test worker] DEBUG org.hibernate.SQL - drop table if exists vnfforwarding_graph_network_forwarding_path
13:23:07.499 [Test worker] DEBUG org.hibernate.SQL - drop table if exists vnfforwarding_graph_record
13:23:07.499 [Test worker] DEBUG org.hibernate.SQL - drop table if exists vnfforwarding_graph_record_connection_point
13:23:07.499 [Test worker] DEBUG org.hibernate.SQL - drop table if exists vnfforwarding_graph_record_dependent_virtual_link
13:23:07.499 [Test worker] DEBUG org.hibernate.SQL - drop table if exists vnfforwarding_graph_record_lifecycle_event_history
13:23:07.499 [Test worker] DEBUG org.hibernate.SQL - drop table if exists vnfforwarding_graph_record_member_vnfs
13:23:07.499 [Test worker] DEBUG org.hibernate.SQL - drop table if exists vnfforwarding_graph_record_notification
13:23:07.500 [Test worker] DEBUG org.hibernate.SQL - create table abstract_virtual_link_qos (abstract_virtual_link_id varchar(255) not null, qos varchar(255))
13:23:07.500 [Test worker] DEBUG org.hibernate.SQL - create table abstract_virtual_link_test_access (abstract_virtual_link_id varchar(255) not null, test_access varchar(255))
13:23:07.500 [Test worker] DEBUG org.hibernate.SQL - create table auto_scale_policy (id varchar(255) not null, version integer not null, primary key (id))
13:23:07.501 [Test worker] DEBUG org.hibernate.SQL - create table connection_point (id varchar(255) not null, type varchar(255), version integer not null, primary key (id))
13:23:07.501 [Test worker] DEBUG org.hibernate.SQL - create table costituentvdu (id varchar(255) not null, constituent_vnfc varchar(255), number_of_instances integer not null, vdu_reference varchar(255), version integer not null, primary key (id))
13:23:07.502 [Test worker] DEBUG org.hibernate.SQL - create table costituentvnf (id varchar(255) not null, affinity varchar(255), capability varchar(255), number_of_instances integer not null, redundancy_model varchar(255), version integer not null, vnf_flavour_id_reference varchar(255), vnf_reference varchar(255), primary key (id))
13:23:07.503 [Test worker] DEBUG org.hibernate.SQL - create table deployment_flavour (id varchar(255) not null, flavour_key varchar(255), version integer not null, primary key (id))
13:23:07.503 [Test worker] DEBUG org.hibernate.SQL - create table internal_virtual_link (id varchar(255) not null, connectivity_type varchar(255), leaf_requirement varchar(255), root_requirement varchar(255), version integer not null, primary key (id))
13:23:07.504 [Test worker] DEBUG org.hibernate.SQL - create table internal_virtual_link_connection_points_references (internal_virtual_link_id varchar(255) not null, connection_points_references varchar(255))
13:23:07.504 [Test worker] DEBUG org.hibernate.SQL - create table lifecycle_event (id varchar(255) not null, version integer not null, primary key (id))
13:23:07.505 [Test worker] DEBUG org.hibernate.SQL - create table lifecycle_event_lifecycle_events (lifecycle_event_id varchar(255) not null, lifecycle_events varchar(255), lifecycle_events_key integer, primary key (lifecycle_event_id, lifecycle_events_key))
13:23:07.505 [Test worker] DEBUG org.hibernate.SQL - create table network_forwarding_path (id varchar(255) not null, version integer not null, policy_id varchar(255), primary key (id))
13:23:07.506 [Test worker] DEBUG org.hibernate.SQL - create table network_forwarding_path_connection (network_forwarding_path_id varchar(255) not null, connection varchar(255), connection_key varchar(255), primary key (network_forwarding_path_id, connection_key))
13:23:07.506 [Test worker] DEBUG org.hibernate.SQL - create table network_service_descriptor (id varchar(255) not null, hb_version integer, vendor varchar(255), version varchar(255), nsd_security_id varchar(255), primary key (id))
13:23:07.507 [Test worker] DEBUG org.hibernate.SQL - create table network_service_descriptor_pnfd (network_service_descriptor_Id varchar(255) not null, pnfd_id varchar(255) not null)
13:23:07.507 [Test worker] DEBUG org.hibernate.SQL - create table network_service_descriptor_vnf_dependency (network_service_descriptor_Id varchar(255) not null, vnf_dependency_id varchar(255) not null)
13:23:07.508 [Test worker] DEBUG org.hibernate.SQL - create table network_service_descriptor_vnfd (network_service_descriptor_Id varchar(255) not null, vnfd_Id varchar(255) not null)
13:23:07.508 [Test worker] DEBUG org.hibernate.SQL - create table network_service_record (id varchar(255) not null, audit_log varchar(255), notification varchar(255), resource_reservation varchar(255), runtime_policy_info varchar(255), status varchar(255), vendor varchar(255), version varchar(255), descriptor_reference_Id varchar(255), lifecycle_event_id varchar(255), service_deployment_flavour_id varchar(255), vnfr_id varchar(255), primary key (id))
13:23:07.509 [Test worker] DEBUG org.hibernate.SQL - create table network_service_record_auto_scale_policy (network_service_record_id varchar(255) not null, auto_scale_policy_id varchar(255) not null)
13:23:07.509 [Test worker] DEBUG org.hibernate.SQL - create table network_service_record_connection_point (network_service_record_id varchar(255) not null, connection_point_id varchar(255) not null)
13:23:07.510 [Test worker] DEBUG org.hibernate.SQL - create table network_service_record_lifecycle_event_history (network_service_record_id varchar(255) not null, lifecycle_event_history_id varchar(255) not null)
13:23:07.510 [Test worker] DEBUG org.hibernate.SQL - create table network_service_record_monitoring_parameter (network_service_record_id varchar(255) not null, monitoring_parameter varchar(255))
13:23:07.511 [Test worker] DEBUG org.hibernate.SQL - create table network_service_record_pnfr (network_service_record_id varchar(255) not null, pnfr_id varchar(255) not null)
13:23:07.511 [Test worker] DEBUG org.hibernate.SQL - create table network_service_record_vlr (network_service_record_id varchar(255) not null, vlr_id varchar(255) not null)
13:23:07.512 [Test worker] DEBUG org.hibernate.SQL - create table network_service_record_vnf_dependency (network_service_record_id varchar(255) not null, vnf_dependency_id varchar(255) not null)
13:23:07.512 [Test worker] DEBUG org.hibernate.SQL - create table network_service_record_vnffgr (network_service_record_id varchar(255) not null, vnffgr_id varchar(255) not null)
13:23:07.513 [Test worker] DEBUG org.hibernate.SQL - create table nfventity_descriptor_auto_scale_policy (nfventity_descriptor_Id varchar(255) not null, auto_scale_policy_id varchar(255) not null)
13:23:07.513 [Test worker] DEBUG org.hibernate.SQL - create table nfventity_descriptor_connection_point (nfventity_descriptor_Id varchar(255) not null, connection_point_id varchar(255) not null)
13:23:07.514 [Test worker] DEBUG org.hibernate.SQL - create table nfventity_descriptor_lifecycle_event (nfventity_descriptor_Id varchar(255) not null, lifecycle_event_id varchar(255) not null)
13:23:07.514 [Test worker] DEBUG org.hibernate.SQL - create table nfventity_descriptor_monitoring_parameter (nfventity_descriptor_Id varchar(255) not null, monitoring_parameter varchar(255))
13:23:07.515 [Test worker] DEBUG org.hibernate.SQL - create table nfventity_descriptor_service_deployment_flavour (nfventity_descriptor_Id varchar(255) not null, service_deployment_flavour_id varchar(255) not null)
13:23:07.515 [Test worker] DEBUG org.hibernate.SQL - create table nfventity_descriptor_vld (nfventity_descriptor_Id varchar(255) not null, vld_id varchar(255) not null)
13:23:07.516 [Test worker] DEBUG org.hibernate.SQL - create table nfventity_descriptor_vnffgd (nfventity_descriptor_Id varchar(255) not null, vnffgd_id varchar(255) not null)
13:23:07.516 [Test worker] DEBUG org.hibernate.SQL - create table physical_network_function_descriptor (id varchar(255) not null, description varchar(255), descriptor_version varchar(255), hb_version integer not null, vendor varchar(255), version varchar(255), pnfd_security_id varchar(255), primary key (id))
13:23:07.517 [Test worker] DEBUG org.hibernate.SQL - create table physical_network_function_descriptor_connection_point (physical_network_function_descriptor_id varchar(255) not null, connection_point_id varchar(255) not null)
13:23:07.517 [Test worker] DEBUG org.hibernate.SQL - create table physical_network_function_record (id varchar(255) not null, description varchar(255), oam_reference varchar(255), vendor varchar(255), version varchar(255), descriptor_reference_id varchar(255), parent_ns_id varchar(255), primary key (id))
13:23:07.518 [Test worker] DEBUG org.hibernate.SQL - create table physical_network_function_record_connected_virtual_link (physical_network_function_record_id varchar(255) not null, connected_virtual_link_id varchar(255) not null)
13:23:07.518 [Test worker] DEBUG org.hibernate.SQL - create table physical_network_function_record_connection_point (physical_network_function_record_id varchar(255) not null, connection_point_id varchar(255) not null)
13:23:07.519 [Test worker] DEBUG org.hibernate.SQL - create table physical_network_function_record_pnf_address (physical_network_function_record_id varchar(255) not null, pnf_address varchar(255))
13:23:07.519 [Test worker] DEBUG org.hibernate.SQL - create table physical_network_function_record_vnffgr (physical_network_function_record_id varchar(255) not null, vnffgr_id varchar(255) not null)
13:23:07.520 [Test worker] DEBUG org.hibernate.SQL - create table policy (id varchar(255) not null, version integer not null, primary key (id))
13:23:07.521 [Test worker] DEBUG org.hibernate.SQL - create table security (id varchar(255) not null, version integer not null, primary key (id))
13:23:07.521 [Test worker] DEBUG org.hibernate.SQL - create table service_deployment_flavour (id varchar(255) not null, flavour_key varchar(255), version integer not null, primary key (id))
13:23:07.522 [Test worker] DEBUG org.hibernate.SQL - create table service_deployment_flavour_constituent_vnf (service_deployment_flavour_id varchar(255) not null, constituent_vnf_id varchar(255) not null)
13:23:07.522 [Test worker] DEBUG org.hibernate.SQL - create table vdudependency (id varchar(255) not null, version integer not null, source_id varchar(255), target_id varchar(255), primary key (id))
13:23:07.523 [Test worker] DEBUG org.hibernate.SQL - create table virtual_deployment_unit (id varchar(255) not null, computation_requirement varchar(255), high_availability varchar(255), scale_in_out integer not null, vdu_constraint varchar(255), version integer not null, virtual_memory_resource_element varchar(255), virtual_network_bandwidth_resource varchar(255), primary key (id))
13:23:07.524 [Test worker] DEBUG org.hibernate.SQL - create table virtual_deployment_unit_lifecycle_event (virtual_deployment_unit_id varchar(255) not null, lifecycle_event_id varchar(255) not null)
13:23:07.524 [Test worker] DEBUG org.hibernate.SQL - create table virtual_deployment_unit_monitoring_parameter (virtual_deployment_unit_id varchar(255) not null, monitoring_parameter varchar(255))
13:23:07.525 [Test worker] DEBUG org.hibernate.SQL - create table virtual_deployment_unit_vm_image (virtual_deployment_unit_id varchar(255) not null, vm_image varchar(255))
13:23:07.525 [Test worker] DEBUG org.hibernate.SQL - create table virtual_deployment_unit_vnfc (virtual_deployment_unit_id varchar(255) not null, vnfc_id varchar(255) not null)
13:23:07.525 [Test worker] DEBUG org.hibernate.SQL - create table virtual_link_descriptor (id varchar(255) not null, connectivity_type varchar(255), leaf_requirement varchar(255), root_requirement varchar(255), version integer not null, descriptor_version varchar(255), number_of_endpoints integer not null, vendor varchar(255), vld_security_id varchar(255), primary key (id))
13:23:07.526 [Test worker] DEBUG org.hibernate.SQL - create table virtual_link_descriptor_connection (virtual_link_descriptor_id varchar(255) not null, connection varchar(255))
13:23:07.526 [Test worker] DEBUG org.hibernate.SQL - create table virtual_link_record (id varchar(255) not null, connectivity_type varchar(255), descriptor_reference varchar(255), leaf_requirement varchar(255), number_of_enpoints integer not null, parent_ns varchar(255), root_requirement varchar(255), status varchar(255), test_access varchar(255), vendor varchar(255), version varchar(255), vim_id varchar(255), primary key (id))
13:23:07.527 [Test worker] DEBUG org.hibernate.SQL - create table virtual_link_record_allocated_capacity (virtual_link_record_id varchar(255) not null, allocated_capacity varchar(255))
13:23:07.528 [Test worker] DEBUG org.hibernate.SQL - create table virtual_link_record_audit_log (virtual_link_record_id varchar(255) not null, audit_log varchar(255))
13:23:07.528 [Test worker] DEBUG org.hibernate.SQL - create table virtual_link_record_connection (virtual_link_record_id varchar(255) not null, connection varchar(255))
13:23:07.528 [Test worker] DEBUG org.hibernate.SQL - create table virtual_link_record_lifecycle_event_history (virtual_link_record_id varchar(255) not null, lifecycle_event_history_id varchar(255) not null)
13:23:07.529 [Test worker] DEBUG org.hibernate.SQL - create table virtual_link_record_notification (virtual_link_record_id varchar(255) not null, notification varchar(255))
13:23:07.529 [Test worker] DEBUG org.hibernate.SQL - create table virtual_link_record_qos (virtual_link_record_id varchar(255) not null, qos varchar(255))
13:23:07.530 [Test worker] DEBUG org.hibernate.SQL - create table virtual_link_record_vnffgr_reference (virtual_link_record_id varchar(255) not null, vnffgr_reference_id varchar(255) not null)
13:23:07.530 [Test worker] DEBUG org.hibernate.SQL - create table virtual_network_function_descriptor (id varchar(255) not null, hb_version integer, vendor varchar(255), version varchar(255), descriptor_version varchar(255), manifest_file varchar(255), primary key (id))
13:23:07.531 [Test worker] DEBUG org.hibernate.SQL - create table virtual_network_function_descriptor_deployment_flavour (virtual_network_function_descriptor_Id varchar(255) not null, deployment_flavour_id varchar(255) not null)
13:23:07.531 [Test worker] DEBUG org.hibernate.SQL - create table virtual_network_function_descriptor_manifest_file_security (virtual_network_function_descriptor_Id varchar(255) not null, manifest_file_security_id varchar(255) not null)
13:23:07.532 [Test worker] DEBUG org.hibernate.SQL - create table virtual_network_function_descriptor_vdu (virtual_network_function_descriptor_Id varchar(255) not null, vdu_id varchar(255) not null)
13:23:07.532 [Test worker] DEBUG org.hibernate.SQL - create table virtual_network_function_descriptor_vdu_dependency (virtual_network_function_descriptor_Id varchar(255) not null, vdu_dependency_id varchar(255) not null)
13:23:07.533 [Test worker] DEBUG org.hibernate.SQL - create table virtual_network_function_descriptor_virtual_link (virtual_network_function_descriptor_Id varchar(255) not null, virtual_link_id varchar(255) not null)
13:23:07.533 [Test worker] DEBUG org.hibernate.SQL - create table virtual_network_function_record (id varchar(255) not null, audit_log varchar(255), descriptor_reference varchar(255), localization varchar(255), status varchar(255), vendor varchar(255), version varchar(255), vnfm_id varchar(255), deployment_flavour_id varchar(255), lifecycle_event_id varchar(255), parent_ns_id varchar(255), primary key (id))
13:23:07.534 [Test worker] DEBUG org.hibernate.SQL - create table virtual_network_function_record_auto_scale_policy (virtual_network_function_record_id varchar(255) not null, auto_scale_policy_id varchar(255) not null)
13:23:07.534 [Test worker] DEBUG org.hibernate.SQL - create table virtual_network_function_record_connected_external_virtual_link (virtual_network_function_record_id varchar(255) not null, connected_external_virtual_link_id varchar(255) not null)
13:23:07.535 [Test worker] DEBUG org.hibernate.SQL - create table virtual_network_function_record_connection_point (virtual_network_function_record_id varchar(255) not null, connection_point_id varchar(255) not null)
13:23:07.535 [Test worker] DEBUG org.hibernate.SQL - create table virtual_network_function_record_dependency (virtual_network_function_record_id varchar(255) not null, dependency_id varchar(255) not null)
13:23:07.536 [Test worker] DEBUG org.hibernate.SQL - create table virtual_network_function_record_lifecycle_event_history (virtual_network_function_record_id varchar(255) not null, lifecycle_event_history_id varchar(255) not null)
13:23:07.536 [Test worker] DEBUG org.hibernate.SQL - create table virtual_network_function_record_monitoring_parameter (virtual_network_function_record_id varchar(255) not null, monitoring_parameter varchar(255))
13:23:07.536 [Test worker] DEBUG org.hibernate.SQL - create table virtual_network_function_record_notification (virtual_network_function_record_id varchar(255) not null, notification varchar(255))
13:23:07.537 [Test worker] DEBUG org.hibernate.SQL - create table virtual_network_function_record_runtime_policy_info (virtual_network_function_record_id varchar(255) not null, runtime_policy_info varchar(255))
13:23:07.537 [Test worker] DEBUG org.hibernate.SQL - create table virtual_network_function_record_vdu (virtual_network_function_record_id varchar(255) not null, vdu_id varchar(255) not null)
13:23:07.538 [Test worker] DEBUG org.hibernate.SQL - create table virtual_network_function_record_virtual_link (virtual_network_function_record_id varchar(255) not null, virtual_link_id varchar(255) not null)
13:23:07.538 [Test worker] DEBUG org.hibernate.SQL - create table virtual_network_function_record_vnf_address (virtual_network_function_record_id varchar(255) not null, vnf_address varchar(255))
13:23:07.539 [Test worker] DEBUG org.hibernate.SQL - create table vnfcomponent (id varchar(255) not null, version integer not null, primary key (id))
13:23:07.539 [Test worker] DEBUG org.hibernate.SQL - create table vnfcomponent_connection_point (vnfcomponent_id varchar(255) not null, connection_point_id varchar(255) not null)
13:23:07.540 [Test worker] DEBUG org.hibernate.SQL - create table vnfdconnection_point (id varchar(255) not null, type varchar(255), version integer not null, virtual_link_reference varchar(255), primary key (id))
13:23:07.540 [Test worker] DEBUG org.hibernate.SQL - create table vnfddeployment_flavour (id varchar(255) not null, flavour_key varchar(255), version integer not null, primary key (id))
13:23:07.541 [Test worker] DEBUG org.hibernate.SQL - create table vnfddeployment_flavour_costituent_vdu (vnfddeployment_flavour_id varchar(255) not null, costituent_vdu_id varchar(255) not null)
13:23:07.541 [Test worker] DEBUG org.hibernate.SQL - create table vnfddeployment_flavour_df_constraint (vnfddeployment_flavour_id varchar(255) not null, df_constraint varchar(255))
13:23:07.542 [Test worker] DEBUG org.hibernate.SQL - create table vnfdependency (id varchar(255) not null, version integer not null, source_Id varchar(255), target_Id varchar(255), primary key (id))
13:23:07.542 [Test worker] DEBUG org.hibernate.SQL - create table vnfforwarding_graph (id varchar(255) not null, descriptor_version varchar(255), hb_version integer not null, number_of_endpoints integer not null, number_of_virtual_links integer not null, vendor varchar(255), version varchar(255), vnffgd_security_id varchar(255), primary key (id))
13:23:07.543 [Test worker] DEBUG org.hibernate.SQL - create table vnfforwarding_graph_connection_point (vnfforwarding_graph_id varchar(255) not null, connection_point_id varchar(255) not null)
13:23:07.544 [Test worker] DEBUG org.hibernate.SQL - create table vnfforwarding_graph_constituent_vnfs (vnfforwarding_graph_id varchar(255) not null, constituent_vnfs_id varchar(255) not null)
13:23:07.544 [Test worker] DEBUG org.hibernate.SQL - create table vnfforwarding_graph_dependent_virtual_link (vnfforwarding_graph_id varchar(255) not null, dependent_virtual_link_id varchar(255) not null)
13:23:07.544 [Test worker] DEBUG org.hibernate.SQL - create table vnfforwarding_graph_network_forwarding_path (vnfforwarding_graph_id varchar(255) not null, network_forwarding_path_id varchar(255) not null)
13:23:07.545 [Test worker] DEBUG org.hibernate.SQL - create table vnfforwarding_graph_record (id varchar(255) not null, audit_log varchar(255), number_of_endpoints integer not null, number_of_pnfs integer not null, number_of_virtual_links integer not null, number_of_vnfs integer not null, status varchar(255), vendor varchar(255), version varchar(255), descriptor_reference_id varchar(255), network_forwarding_path_id varchar(255), parent_ns_id varchar(255), primary key (id))
13:23:07.546 [Test worker] DEBUG org.hibernate.SQL - create table vnfforwarding_graph_record_connection_point (vnfforwarding_graph_record_id varchar(255) not null, connection_point_id varchar(255) not null)
13:23:07.546 [Test worker] DEBUG org.hibernate.SQL - create table vnfforwarding_graph_record_dependent_virtual_link (vnfforwarding_graph_record_id varchar(255) not null, dependent_virtual_link_id varchar(255) not null)
13:23:07.547 [Test worker] DEBUG org.hibernate.SQL - create table vnfforwarding_graph_record_lifecycle_event_history (vnfforwarding_graph_record_id varchar(255) not null, lifecycle_event_history_id varchar(255) not null)
13:23:07.547 [Test worker] DEBUG org.hibernate.SQL - create table vnfforwarding_graph_record_member_vnfs (vnfforwarding_graph_record_id varchar(255) not null, member_vnfs_id varchar(255) not null)
13:23:07.548 [Test worker] DEBUG org.hibernate.SQL - create table vnfforwarding_graph_record_notification (vnfforwarding_graph_record_id varchar(255) not null, notification varchar(255))
13:23:07.548 [Test worker] DEBUG org.hibernate.SQL - alter table network_service_descriptor_pnfd add constraint UK_ix1oaawjdlcvfkvjbk2s4cce6  unique (pnfd_id)
13:23:07.549 [Test worker] DEBUG org.hibernate.SQL - alter table network_service_descriptor_vnf_dependency add constraint UK_6aruq4mnkev7qjo24ht1aufms  unique (vnf_dependency_id)
13:23:07.550 [Test worker] DEBUG org.hibernate.SQL - alter table network_service_descriptor_vnfd add constraint UK_onnknjip9a6o1nyfhu9fle3iq  unique (vnfd_Id)
13:23:07.550 [Test worker] DEBUG org.hibernate.SQL - alter table network_service_record_auto_scale_policy add constraint UK_gbre81dwsehi7utth7q20uq0e  unique (auto_scale_policy_id)
13:23:07.551 [Test worker] DEBUG org.hibernate.SQL - alter table network_service_record_connection_point add constraint UK_5trtobe5l8bsegpgvtd8yq0s4  unique (connection_point_id)
13:23:07.551 [Test worker] DEBUG org.hibernate.SQL - alter table network_service_record_lifecycle_event_history add constraint UK_379gnp8cxp1hsqql9k8b4ycpp  unique (lifecycle_event_history_id)
13:23:07.552 [Test worker] DEBUG org.hibernate.SQL - alter table network_service_record_pnfr add constraint UK_nfr72rysj9lb8xwmd0ns5t926  unique (pnfr_id)
13:23:07.553 [Test worker] DEBUG org.hibernate.SQL - alter table network_service_record_vlr add constraint UK_7xnjnxpvsj41xr295ooswn5s0  unique (vlr_id)
13:23:07.553 [Test worker] DEBUG org.hibernate.SQL - alter table network_service_record_vnf_dependency add constraint UK_6d08jd1mdug22ugsjl5s6jw1s  unique (vnf_dependency_id)
13:23:07.554 [Test worker] DEBUG org.hibernate.SQL - alter table network_service_record_vnffgr add constraint UK_temtmb9npy7hue823c5y9jy09  unique (vnffgr_id)
13:23:07.554 [Test worker] DEBUG org.hibernate.SQL - alter table nfventity_descriptor_auto_scale_policy add constraint UK_tle9igt6m8dfb35qlfnejmnk8  unique (auto_scale_policy_id)
13:23:07.555 [Test worker] DEBUG org.hibernate.SQL - alter table nfventity_descriptor_connection_point add constraint UK_1ns40aeqyj1tdranfv9p9b5lc  unique (connection_point_id)
13:23:07.556 [Test worker] DEBUG org.hibernate.SQL - alter table nfventity_descriptor_lifecycle_event add constraint UK_366orla7k7vx746e2cninjft8  unique (lifecycle_event_id)
13:23:07.556 [Test worker] DEBUG org.hibernate.SQL - alter table nfventity_descriptor_service_deployment_flavour add constraint UK_po6itcgjhxpi3y45e0bb4qr3u  unique (service_deployment_flavour_id)
13:23:07.557 [Test worker] DEBUG org.hibernate.SQL - alter table nfventity_descriptor_vld add constraint UK_kpmwq3ckamg3gd1qsk7ec27ry  unique (vld_id)
13:23:07.558 [Test worker] DEBUG org.hibernate.SQL - alter table nfventity_descriptor_vnffgd add constraint UK_dkta9ecinon51e3c188pdoskg  unique (vnffgd_id)
13:23:07.558 [Test worker] DEBUG org.hibernate.SQL - alter table physical_network_function_descriptor_connection_point add constraint UK_btm821s642s2qwefky6chrqny  unique (connection_point_id)
13:23:07.559 [Test worker] DEBUG org.hibernate.SQL - alter table physical_network_function_record_connected_virtual_link add constraint UK_pky2qty334bgqtr338hf9reuy  unique (connected_virtual_link_id)
13:23:07.559 [Test worker] DEBUG org.hibernate.SQL - alter table physical_network_function_record_connection_point add constraint UK_m2a7nb4vw2jglfxd3m8hbcd38  unique (connection_point_id)
13:23:07.560 [Test worker] DEBUG org.hibernate.SQL - alter table physical_network_function_record_vnffgr add constraint UK_ixhj7hv7g6od511wgk0yh6tso  unique (vnffgr_id)
13:23:07.560 [Test worker] DEBUG org.hibernate.SQL - alter table service_deployment_flavour_constituent_vnf add constraint UK_svyqccew2airrvex17ea3c1m5  unique (constituent_vnf_id)
13:23:07.561 [Test worker] DEBUG org.hibernate.SQL - alter table virtual_deployment_unit_lifecycle_event add constraint UK_90vxxket63wgcbov153u0yu2x  unique (lifecycle_event_id)
13:23:07.562 [Test worker] DEBUG org.hibernate.SQL - alter table virtual_deployment_unit_vnfc add constraint UK_pjxb6c6f4fboiccfaiy5kecdc  unique (vnfc_id)
13:23:07.562 [Test worker] DEBUG org.hibernate.SQL - alter table virtual_link_record_lifecycle_event_history add constraint UK_i2d7okljao9o1j89o4w853j4u  unique (lifecycle_event_history_id)
13:23:07.563 [Test worker] DEBUG org.hibernate.SQL - alter table virtual_link_record_vnffgr_reference add constraint UK_pgxhygyo36ked3u6msyp0n3p8  unique (vnffgr_reference_id)
13:23:07.563 [Test worker] DEBUG org.hibernate.SQL - alter table virtual_network_function_descriptor_deployment_flavour add constraint UK_qy6fb2txh5ip9u5fjr6gyxema  unique (deployment_flavour_id)
13:23:07.564 [Test worker] DEBUG org.hibernate.SQL - alter table virtual_network_function_descriptor_manifest_file_security add constraint UK_ckbtqcy71yxob7n23npet6rdb  unique (manifest_file_security_id)
13:23:07.565 [Test worker] DEBUG org.hibernate.SQL - alter table virtual_network_function_descriptor_vdu add constraint UK_96sts9thyr1x7no9yom4b0s1c  unique (vdu_id)
13:23:07.565 [Test worker] DEBUG org.hibernate.SQL - alter table virtual_network_function_descriptor_vdu_dependency add constraint UK_axpr6jtbydpdh8vebahipdrq  unique (vdu_dependency_id)
13:23:07.566 [Test worker] DEBUG org.hibernate.SQL - alter table virtual_network_function_descriptor_virtual_link add constraint UK_iqf0p1tckogpwhsil3mwrov6v  unique (virtual_link_id)
13:23:07.566 [Test worker] DEBUG org.hibernate.SQL - alter table virtual_network_function_record_auto_scale_policy add constraint UK_qkuaprn9y0u7ajie9pdpxjex1  unique (auto_scale_policy_id)
13:23:07.567 [Test worker] DEBUG org.hibernate.SQL - alter table virtual_network_function_record_connected_external_virtual_link add constraint UK_1k6j0vi75tghmqw6eun3sugw0  unique (connected_external_virtual_link_id)
13:23:07.567 [Test worker] DEBUG org.hibernate.SQL - alter table virtual_network_function_record_connection_point add constraint UK_4iivr9l15yrkyaopkuam4te19  unique (connection_point_id)
13:23:07.568 [Test worker] DEBUG org.hibernate.SQL - alter table virtual_network_function_record_dependency add constraint UK_rp733b4ng77tf2twdvy9m7o84  unique (dependency_id)
13:23:07.569 [Test worker] DEBUG org.hibernate.SQL - alter table virtual_network_function_record_lifecycle_event_history add constraint UK_1ku0dk61dh0lhkhsei91n9mgh  unique (lifecycle_event_history_id)
13:23:07.569 [Test worker] DEBUG org.hibernate.SQL - alter table virtual_network_function_record_vdu add constraint UK_nmrn2l5dr2b3io4i9amfps4f4  unique (vdu_id)
13:23:07.570 [Test worker] DEBUG org.hibernate.SQL - alter table virtual_network_function_record_virtual_link add constraint UK_4m1m2x7n9fx8dseiky79u63dc  unique (virtual_link_id)
13:23:07.570 [Test worker] DEBUG org.hibernate.SQL - alter table vnfcomponent_connection_point add constraint UK_bi6sx7hj6snumdo1fnnbepvwt  unique (connection_point_id)
13:23:07.571 [Test worker] DEBUG org.hibernate.SQL - alter table vnfddeployment_flavour_costituent_vdu add constraint UK_hw6gb88kt2dbjs8u25gwapsru  unique (costituent_vdu_id)
13:23:07.572 [Test worker] DEBUG org.hibernate.SQL - alter table vnfforwarding_graph_connection_point add constraint UK_7kdj4ix3l2qo9r438q1g0tgvd  unique (connection_point_id)
13:23:07.572 [Test worker] DEBUG org.hibernate.SQL - alter table vnfforwarding_graph_constituent_vnfs add constraint UK_o7nxvo6yjabmy6uig0rrh64ba  unique (constituent_vnfs_id)
13:23:07.573 [Test worker] DEBUG org.hibernate.SQL - alter table vnfforwarding_graph_dependent_virtual_link add constraint UK_cf7kv1hweumtp0d3s55guah8l  unique (dependent_virtual_link_id)
13:23:07.573 [Test worker] DEBUG org.hibernate.SQL - alter table vnfforwarding_graph_network_forwarding_path add constraint UK_eby8p1i7pvleohd3uyt143d8j  unique (network_forwarding_path_id)
13:23:07.574 [Test worker] DEBUG org.hibernate.SQL - alter table vnfforwarding_graph_record_connection_point add constraint UK_6ylloi8n4jo3udl0uruw745sn  unique (connection_point_id)
13:23:07.574 [Test worker] DEBUG org.hibernate.SQL - alter table vnfforwarding_graph_record_dependent_virtual_link add constraint UK_12ft43rho1yhh9f0xhr02joqa  unique (dependent_virtual_link_id)
13:23:07.575 [Test worker] DEBUG org.hibernate.SQL - alter table vnfforwarding_graph_record_lifecycle_event_history add constraint UK_m3eps7t949ocklbqyfdxlecic  unique (lifecycle_event_history_id)
13:23:07.575 [Test worker] DEBUG org.hibernate.SQL - alter table vnfforwarding_graph_record_member_vnfs add constraint UK_98xhyjfyx7ao7ri9hsbwmd0gg  unique (member_vnfs_id)
13:23:07.576 [Test worker] DEBUG org.hibernate.SQL - alter table internal_virtual_link_connection_points_references add constraint FK_6v4ibs98wl7i31i7s0dvv1xm3 foreign key (internal_virtual_link_id) references internal_virtual_link (id)
13:23:07.577 [Test worker] DEBUG org.hibernate.SQL - alter table lifecycle_event_lifecycle_events add constraint FK_9dbjms0e0n3hdj74lls2x0fbq foreign key (lifecycle_event_id) references lifecycle_event (id)
13:23:07.577 [Test worker] DEBUG org.hibernate.SQL - alter table network_forwarding_path add constraint FK_cecdubyhq56m3bhx59wa5cqtw foreign key (policy_id) references policy (id)
13:23:07.578 [Test worker] DEBUG org.hibernate.SQL - alter table network_forwarding_path_connection add constraint FK_aoy89h8emsie8con5ag48n3pp foreign key (network_forwarding_path_id) references network_forwarding_path (id)
13:23:07.579 [Test worker] DEBUG org.hibernate.SQL - alter table network_service_descriptor add constraint FK_6jnbh5xkl98atrnmve1i59piw foreign key (nsd_security_id) references security (id)
13:23:07.579 [Test worker] DEBUG org.hibernate.SQL - alter table network_service_descriptor_pnfd add constraint FK_ix1oaawjdlcvfkvjbk2s4cce6 foreign key (pnfd_id) references physical_network_function_descriptor (id)
13:23:07.580 [Test worker] DEBUG org.hibernate.SQL - alter table network_service_descriptor_pnfd add constraint FK_1629jppm4g7kjpdgjxawrnx3t foreign key (network_service_descriptor_Id) references network_service_descriptor (id)
13:23:07.581 [Test worker] DEBUG org.hibernate.SQL - alter table network_service_descriptor_vnf_dependency add constraint FK_6aruq4mnkev7qjo24ht1aufms foreign key (vnf_dependency_id) references vnfdependency (id)
13:23:07.581 [Test worker] DEBUG org.hibernate.SQL - alter table network_service_descriptor_vnf_dependency add constraint FK_t4wvcyr17jin1lscthl0wpa8d foreign key (network_service_descriptor_Id) references network_service_descriptor (id)
13:23:07.582 [Test worker] DEBUG org.hibernate.SQL - alter table network_service_descriptor_vnfd add constraint FK_onnknjip9a6o1nyfhu9fle3iq foreign key (vnfd_Id) references virtual_network_function_descriptor (id)
13:23:07.583 [Test worker] DEBUG org.hibernate.SQL - alter table network_service_descriptor_vnfd add constraint FK_dgciw9d75gp0ej960jqbydbuw foreign key (network_service_descriptor_Id) references network_service_descriptor (id)
13:23:07.583 [Test worker] DEBUG org.hibernate.SQL - alter table network_service_record add constraint FK_3s8jv34kiasky9fl3paaa2lbu foreign key (lifecycle_event_id) references lifecycle_event (id)
13:23:07.584 [Test worker] DEBUG org.hibernate.SQL - alter table network_service_record add constraint FK_n3sw4fy3mej30w0fdeaulohvp foreign key (service_deployment_flavour_id) references service_deployment_flavour (id)
13:23:07.584 [Test worker] DEBUG org.hibernate.SQL - alter table network_service_record add constraint FK_s282g8iiy57mjptyj0iq8svbp foreign key (vnfr_id) references virtual_network_function_record (id)
13:23:07.585 [Test worker] DEBUG org.hibernate.SQL - alter table network_service_record_auto_scale_policy add constraint FK_gbre81dwsehi7utth7q20uq0e foreign key (auto_scale_policy_id) references auto_scale_policy (id)
13:23:07.586 [Test worker] DEBUG org.hibernate.SQL - alter table network_service_record_auto_scale_policy add constraint FK_t90k4qt3e95rx3rq72jxaipwe foreign key (network_service_record_id) references network_service_record (id)
13:23:07.586 [Test worker] DEBUG org.hibernate.SQL - alter table network_service_record_connection_point add constraint FK_5xfoqfc4o8buq11dl8uyifsik foreign key (network_service_record_id) references network_service_record (id)
13:23:07.587 [Test worker] DEBUG org.hibernate.SQL - alter table network_service_record_lifecycle_event_history add constraint FK_379gnp8cxp1hsqql9k8b4ycpp foreign key (lifecycle_event_history_id) references lifecycle_event (id)
13:23:07.588 [Test worker] DEBUG org.hibernate.SQL - alter table network_service_record_lifecycle_event_history add constraint FK_gcvbqad4v6bdx3f73sn174khf foreign key (network_service_record_id) references network_service_record (id)
13:23:07.588 [Test worker] DEBUG org.hibernate.SQL - alter table network_service_record_monitoring_parameter add constraint FK_fqtv73obewb4i4g0g41b8piqy foreign key (network_service_record_id) references network_service_record (id)
13:23:07.589 [Test worker] DEBUG org.hibernate.SQL - alter table network_service_record_pnfr add constraint FK_nfr72rysj9lb8xwmd0ns5t926 foreign key (pnfr_id) references physical_network_function_record (id)
13:23:07.590 [Test worker] DEBUG org.hibernate.SQL - alter table network_service_record_pnfr add constraint FK_t57pa9ebwix99g01p7o71r060 foreign key (network_service_record_id) references network_service_record (id)
13:23:07.591 [Test worker] DEBUG org.hibernate.SQL - alter table network_service_record_vlr add constraint FK_7xnjnxpvsj41xr295ooswn5s0 foreign key (vlr_id) references virtual_link_record (id)
13:23:07.592 [Test worker] DEBUG org.hibernate.SQL - alter table network_service_record_vlr add constraint FK_6ujpleewukxc31go92vyjd84g foreign key (network_service_record_id) references network_service_record (id)
13:23:07.594 [Test worker] DEBUG org.hibernate.SQL - alter table network_service_record_vnf_dependency add constraint FK_6d08jd1mdug22ugsjl5s6jw1s foreign key (vnf_dependency_id) references vnfdependency (id)
13:23:07.595 [Test worker] DEBUG org.hibernate.SQL - alter table network_service_record_vnf_dependency add constraint FK_h8xr44nmcggp8fwmf0ikctfhd foreign key (network_service_record_id) references network_service_record (id)
13:23:07.595 [Test worker] DEBUG org.hibernate.SQL - alter table network_service_record_vnffgr add constraint FK_temtmb9npy7hue823c5y9jy09 foreign key (vnffgr_id) references vnfforwarding_graph (id)
13:23:07.596 [Test worker] DEBUG org.hibernate.SQL - alter table network_service_record_vnffgr add constraint FK_pabcpie4838fq2ybk3hikib05 foreign key (network_service_record_id) references network_service_record (id)
13:23:07.597 [Test worker] DEBUG org.hibernate.SQL - alter table nfventity_descriptor_auto_scale_policy add constraint FK_tle9igt6m8dfb35qlfnejmnk8 foreign key (auto_scale_policy_id) references auto_scale_policy (id)
13:23:07.597 [Test worker] DEBUG org.hibernate.SQL - alter table nfventity_descriptor_lifecycle_event add constraint FK_366orla7k7vx746e2cninjft8 foreign key (lifecycle_event_id) references lifecycle_event (id)
13:23:07.598 [Test worker] DEBUG org.hibernate.SQL - alter table nfventity_descriptor_vld add constraint FK_kpmwq3ckamg3gd1qsk7ec27ry foreign key (vld_id) references virtual_link_descriptor (id)
13:23:07.598 [Test worker] DEBUG org.hibernate.SQL - alter table nfventity_descriptor_vnffgd add constraint FK_dkta9ecinon51e3c188pdoskg foreign key (vnffgd_id) references vnfforwarding_graph (id)
13:23:07.599 [Test worker] DEBUG org.hibernate.SQL - alter table physical_network_function_descriptor add constraint FK_t0xdv12mb4vbjug96mjjh4tv9 foreign key (pnfd_security_id) references security (id)
13:23:07.600 [Test worker] DEBUG org.hibernate.SQL - alter table physical_network_function_descriptor_connection_point add constraint FK_gn3l1ljyid1o6vbxc7oqtvr8j foreign key (physical_network_function_descriptor_id) references physical_network_function_descriptor (id)
13:23:07.600 [Test worker] DEBUG org.hibernate.SQL - alter table physical_network_function_record add constraint FK_aexdj9ha8qbbqi9242fx3ptbr foreign key (descriptor_reference_id) references physical_network_function_descriptor (id)
13:23:07.601 [Test worker] DEBUG org.hibernate.SQL - alter table physical_network_function_record add constraint FK_oq232nfyihxuscxj0fdv3rd1g foreign key (parent_ns_id) references network_service_record (id)
13:23:07.602 [Test worker] DEBUG org.hibernate.SQL - alter table physical_network_function_record_connected_virtual_link add constraint FK_pky2qty334bgqtr338hf9reuy foreign key (connected_virtual_link_id) references virtual_link_record (id)
13:23:07.602 [Test worker] DEBUG org.hibernate.SQL - alter table physical_network_function_record_connected_virtual_link add constraint FK_rikre576a3iibe5ork01agjhu foreign key (physical_network_function_record_id) references physical_network_function_record (id)
13:23:07.603 [Test worker] DEBUG org.hibernate.SQL - alter table physical_network_function_record_connection_point add constraint FK_16tske56yuvwovqhd2trjopfy foreign key (physical_network_function_record_id) references physical_network_function_record (id)
13:23:07.603 [Test worker] DEBUG org.hibernate.SQL - alter table physical_network_function_record_pnf_address add constraint FK_1b73cbadotte9gqub23bpjjb foreign key (physical_network_function_record_id) references physical_network_function_record (id)
13:23:07.604 [Test worker] DEBUG org.hibernate.SQL - alter table physical_network_function_record_vnffgr add constraint FK_ixhj7hv7g6od511wgk0yh6tso foreign key (vnffgr_id) references vnfforwarding_graph_record (id)
13:23:07.605 [Test worker] DEBUG org.hibernate.SQL - alter table physical_network_function_record_vnffgr add constraint FK_jd702qh2ljwv6krxtcvxjbcg5 foreign key (physical_network_function_record_id) references physical_network_function_record (id)
13:23:07.607 [Test worker] DEBUG org.hibernate.SQL - alter table service_deployment_flavour_constituent_vnf add constraint FK_svyqccew2airrvex17ea3c1m5 foreign key (constituent_vnf_id) references costituentvnf (id)
13:23:07.608 [Test worker] DEBUG org.hibernate.SQL - alter table service_deployment_flavour_constituent_vnf add constraint FK_ff422yw49qh7ry28b4r6mhrpx foreign key (service_deployment_flavour_id) references service_deployment_flavour (id)
13:23:07.608 [Test worker] DEBUG org.hibernate.SQL - alter table vdudependency add constraint FK_r0x90p4asd4oac54fdxkv4cq7 foreign key (source_id) references virtual_deployment_unit (id)
13:23:07.609 [Test worker] DEBUG org.hibernate.SQL - alter table vdudependency add constraint FK_c8mhom2o0jckjcykg6memnckc foreign key (target_id) references virtual_deployment_unit (id)
13:23:07.610 [Test worker] DEBUG org.hibernate.SQL - alter table virtual_deployment_unit_lifecycle_event add constraint FK_90vxxket63wgcbov153u0yu2x foreign key (lifecycle_event_id) references lifecycle_event (id)
13:23:07.610 [Test worker] DEBUG org.hibernate.SQL - alter table virtual_deployment_unit_lifecycle_event add constraint FK_2o5mcpuaik9y553dqxubt22vk foreign key (virtual_deployment_unit_id) references virtual_deployment_unit (id)
13:23:07.611 [Test worker] DEBUG org.hibernate.SQL - alter table virtual_deployment_unit_monitoring_parameter add constraint FK_4tba1vd21ocny30lu8678wvuf foreign key (virtual_deployment_unit_id) references virtual_deployment_unit (id)
13:23:07.612 [Test worker] DEBUG org.hibernate.SQL - alter table virtual_deployment_unit_vm_image add constraint FK_puna0oderfpbec9y1rt63ycfy foreign key (virtual_deployment_unit_id) references virtual_deployment_unit (id)
13:23:07.612 [Test worker] DEBUG org.hibernate.SQL - alter table virtual_deployment_unit_vnfc add constraint FK_pjxb6c6f4fboiccfaiy5kecdc foreign key (vnfc_id) references vnfcomponent (id)
13:23:07.613 [Test worker] DEBUG org.hibernate.SQL - alter table virtual_deployment_unit_vnfc add constraint FK_5uuns7xbqf2hty6d6ey20ceft foreign key (virtual_deployment_unit_id) references virtual_deployment_unit (id)
13:23:07.614 [Test worker] DEBUG org.hibernate.SQL - alter table virtual_link_descriptor add constraint FK_fge08bt6cd79kj5eqyuur1abk foreign key (vld_security_id) references security (id)
13:23:07.615 [Test worker] DEBUG org.hibernate.SQL - alter table virtual_link_descriptor_connection add constraint FK_fse25vx1qsybq7bi9xps2mgyj foreign key (virtual_link_descriptor_id) references virtual_link_descriptor (id)
13:23:07.616 [Test worker] DEBUG org.hibernate.SQL - alter table virtual_link_record_allocated_capacity add constraint FK_ak1niqch9ifsa570g11geav0t foreign key (virtual_link_record_id) references virtual_link_record (id)
13:23:07.617 [Test worker] DEBUG org.hibernate.SQL - alter table virtual_link_record_audit_log add constraint FK_t6xcadpdhi060lqw177wr0464 foreign key (virtual_link_record_id) references virtual_link_record (id)
13:23:07.618 [Test worker] DEBUG org.hibernate.SQL - alter table virtual_link_record_connection add constraint FK_2ghcarjdp6jn5ihmxfrypspeb foreign key (virtual_link_record_id) references virtual_link_record (id)
13:23:07.619 [Test worker] DEBUG org.hibernate.SQL - alter table virtual_link_record_lifecycle_event_history add constraint FK_i2d7okljao9o1j89o4w853j4u foreign key (lifecycle_event_history_id) references lifecycle_event (id)
13:23:07.619 [Test worker] DEBUG org.hibernate.SQL - alter table virtual_link_record_lifecycle_event_history add constraint FK_qkpribbd6sp3w7fqsh81rn19t foreign key (virtual_link_record_id) references virtual_link_record (id)
13:23:07.620 [Test worker] DEBUG org.hibernate.SQL - alter table virtual_link_record_notification add constraint FK_ib8hytmo0o0ciky4b8b8d5kmt foreign key (virtual_link_record_id) references virtual_link_record (id)
13:23:07.621 [Test worker] DEBUG org.hibernate.SQL - alter table virtual_link_record_qos add constraint FK_bssdmt2q3vs6s77huddmujo0l foreign key (virtual_link_record_id) references virtual_link_record (id)
13:23:07.621 [Test worker] DEBUG org.hibernate.SQL - alter table virtual_link_record_vnffgr_reference add constraint FK_pgxhygyo36ked3u6msyp0n3p8 foreign key (vnffgr_reference_id) references vnfforwarding_graph_record (id)
13:23:07.622 [Test worker] DEBUG org.hibernate.SQL - alter table virtual_link_record_vnffgr_reference add constraint FK_e5cjr2yjn64s9wnyvt574sph5 foreign key (virtual_link_record_id) references virtual_link_record (id)
13:23:07.623 [Test worker] DEBUG org.hibernate.SQL - alter table virtual_network_function_descriptor_deployment_flavour add constraint FK_qy6fb2txh5ip9u5fjr6gyxema foreign key (deployment_flavour_id) references vnfddeployment_flavour (id)
13:23:07.623 [Test worker] DEBUG org.hibernate.SQL - alter table virtual_network_function_descriptor_deployment_flavour add constraint FK_r4a4iaqb7g6ghpub7a0ypahas foreign key (virtual_network_function_descriptor_Id) references virtual_network_function_descriptor (id)
13:23:07.624 [Test worker] DEBUG org.hibernate.SQL - alter table virtual_network_function_descriptor_manifest_file_security add constraint FK_ckbtqcy71yxob7n23npet6rdb foreign key (manifest_file_security_id) references security (id)
13:23:07.625 [Test worker] DEBUG org.hibernate.SQL - alter table virtual_network_function_descriptor_manifest_file_security add constraint FK_pwfqubkh5ru44cq8w1qqll17n foreign key (virtual_network_function_descriptor_Id) references virtual_network_function_descriptor (id)
13:23:07.626 [Test worker] DEBUG org.hibernate.SQL - alter table virtual_network_function_descriptor_vdu add constraint FK_96sts9thyr1x7no9yom4b0s1c foreign key (vdu_id) references virtual_deployment_unit (id)
13:23:07.626 [Test worker] DEBUG org.hibernate.SQL - alter table virtual_network_function_descriptor_vdu add constraint FK_3xouvcrjky4slw8w4ar6gvnvp foreign key (virtual_network_function_descriptor_Id) references virtual_network_function_descriptor (id)
13:23:07.627 [Test worker] DEBUG org.hibernate.SQL - alter table virtual_network_function_descriptor_vdu_dependency add constraint FK_axpr6jtbydpdh8vebahipdrq foreign key (vdu_dependency_id) references vdudependency (id)
13:23:07.628 [Test worker] DEBUG org.hibernate.SQL - alter table virtual_network_function_descriptor_vdu_dependency add constraint FK_7wcxi4f35jsvbt861eq5ominv foreign key (virtual_network_function_descriptor_Id) references virtual_network_function_descriptor (id)
13:23:07.628 [Test worker] DEBUG org.hibernate.SQL - alter table virtual_network_function_descriptor_virtual_link add constraint FK_iqf0p1tckogpwhsil3mwrov6v foreign key (virtual_link_id) references internal_virtual_link (id)
13:23:07.629 [Test worker] DEBUG org.hibernate.SQL - alter table virtual_network_function_descriptor_virtual_link add constraint FK_19u9tea8iqusnxhackts9pwrb foreign key (virtual_network_function_descriptor_Id) references virtual_network_function_descriptor (id)
13:23:07.630 [Test worker] DEBUG org.hibernate.SQL - alter table virtual_network_function_record add constraint FK_3t5eqy1b758e1gynqcp14isb8 foreign key (deployment_flavour_id) references vnfddeployment_flavour (id)
13:23:07.630 [Test worker] DEBUG org.hibernate.SQL - alter table virtual_network_function_record add constraint FK_9t8lnarpm45nj7jfonk6qklgi foreign key (lifecycle_event_id) references lifecycle_event (id)
13:23:07.631 [Test worker] DEBUG org.hibernate.SQL - alter table virtual_network_function_record add constraint FK_snc57bp1dp994jro2k5wati7k foreign key (parent_ns_id) references network_service_record (id)
13:23:07.631 [Test worker] DEBUG org.hibernate.SQL - alter table virtual_network_function_record_auto_scale_policy add constraint FK_qkuaprn9y0u7ajie9pdpxjex1 foreign key (auto_scale_policy_id) references auto_scale_policy (id)
13:23:07.632 [Test worker] DEBUG org.hibernate.SQL - alter table virtual_network_function_record_auto_scale_policy add constraint FK_mqo1yn4nd9fv3tfn3q2wiy7qq foreign key (virtual_network_function_record_id) references virtual_network_function_record (id)
13:23:07.632 [Test worker] DEBUG org.hibernate.SQL - alter table virtual_network_function_record_connected_external_virtual_link add constraint FK_1k6j0vi75tghmqw6eun3sugw0 foreign key (connected_external_virtual_link_id) references virtual_link_record (id)
13:23:07.633 [Test worker] DEBUG org.hibernate.SQL - alter table virtual_network_function_record_connected_external_virtual_link add constraint FK_2snxq21j0cj1he1n8oloytnsq foreign key (virtual_network_function_record_id) references virtual_network_function_record (id)
13:23:07.634 [Test worker] DEBUG org.hibernate.SQL - alter table virtual_network_function_record_connection_point add constraint FK_lye1ywvn7l61juku4x185ffqx foreign key (virtual_network_function_record_id) references virtual_network_function_record (id)
13:23:07.635 [Test worker] DEBUG org.hibernate.SQL - alter table virtual_network_function_record_dependency add constraint FK_rp733b4ng77tf2twdvy9m7o84 foreign key (dependency_id) references vnfdependency (id)
13:23:07.635 [Test worker] DEBUG org.hibernate.SQL - alter table virtual_network_function_record_dependency add constraint FK_4dadnx98tve74m6dhjc9c264o foreign key (virtual_network_function_record_id) references virtual_network_function_record (id)
13:23:07.636 [Test worker] DEBUG org.hibernate.SQL - alter table virtual_network_function_record_lifecycle_event_history add constraint FK_1ku0dk61dh0lhkhsei91n9mgh foreign key (lifecycle_event_history_id) references lifecycle_event (id)
13:23:07.636 [Test worker] DEBUG org.hibernate.SQL - alter table virtual_network_function_record_lifecycle_event_history add constraint FK_wy34sdyi7kov9hsj6htg6ofo foreign key (virtual_network_function_record_id) references virtual_network_function_record (id)
13:23:07.637 [Test worker] DEBUG org.hibernate.SQL - alter table virtual_network_function_record_monitoring_parameter add constraint FK_cj1xjspedg91q32i28j017fb0 foreign key (virtual_network_function_record_id) references virtual_network_function_record (id)
13:23:07.638 [Test worker] DEBUG org.hibernate.SQL - alter table virtual_network_function_record_notification add constraint FK_5whomjkphdpijn3u03koifn1r foreign key (virtual_network_function_record_id) references virtual_network_function_record (id)
13:23:07.638 [Test worker] DEBUG org.hibernate.SQL - alter table virtual_network_function_record_runtime_policy_info add constraint FK_dlsp01efmipkoicoih4vr3v25 foreign key (virtual_network_function_record_id) references virtual_network_function_record (id)
13:23:07.639 [Test worker] DEBUG org.hibernate.SQL - alter table virtual_network_function_record_vdu add constraint FK_nmrn2l5dr2b3io4i9amfps4f4 foreign key (vdu_id) references virtual_deployment_unit (id)
13:23:07.640 [Test worker] DEBUG org.hibernate.SQL - alter table virtual_network_function_record_vdu add constraint FK_t5cs9vowca9wq8seer27drrsp foreign key (virtual_network_function_record_id) references virtual_network_function_record (id)
13:23:07.641 [Test worker] DEBUG org.hibernate.SQL - alter table virtual_network_function_record_virtual_link add constraint FK_4m1m2x7n9fx8dseiky79u63dc foreign key (virtual_link_id) references internal_virtual_link (id)
13:23:07.643 [Test worker] DEBUG org.hibernate.SQL - alter table virtual_network_function_record_virtual_link add constraint FK_mirnuhwhpx13jy3h6dxhsrg05 foreign key (virtual_network_function_record_id) references virtual_network_function_record (id)
13:23:07.643 [Test worker] DEBUG org.hibernate.SQL - alter table virtual_network_function_record_vnf_address add constraint FK_d2np3laovylh6jdypett2esrc foreign key (virtual_network_function_record_id) references virtual_network_function_record (id)
13:23:07.644 [Test worker] DEBUG org.hibernate.SQL - alter table vnfcomponent_connection_point add constraint FK_bi6sx7hj6snumdo1fnnbepvwt foreign key (connection_point_id) references vnfdconnection_point (id)
13:23:07.645 [Test worker] DEBUG org.hibernate.SQL - alter table vnfcomponent_connection_point add constraint FK_21155ajf0s32h7d4mn28cwexn foreign key (vnfcomponent_id) references vnfcomponent (id)
13:23:07.647 [Test worker] DEBUG org.hibernate.SQL - alter table vnfddeployment_flavour_costituent_vdu add constraint FK_hw6gb88kt2dbjs8u25gwapsru foreign key (costituent_vdu_id) references costituentvdu (id)
13:23:07.648 [Test worker] DEBUG org.hibernate.SQL - alter table vnfddeployment_flavour_costituent_vdu add constraint FK_gcylr2844f15giub1wmmhh1fm foreign key (vnfddeployment_flavour_id) references vnfddeployment_flavour (id)
13:23:07.648 [Test worker] DEBUG org.hibernate.SQL - alter table vnfddeployment_flavour_df_constraint add constraint FK_fuy3akhfqhl5t30ajvkmngge5 foreign key (vnfddeployment_flavour_id) references vnfddeployment_flavour (id)
13:23:07.649 [Test worker] DEBUG org.hibernate.SQL - alter table vnfdependency add constraint FK_li4tynpk97xteg18bkdrdiiln foreign key (source_Id) references virtual_network_function_descriptor (id)
13:23:07.650 [Test worker] DEBUG org.hibernate.SQL - alter table vnfdependency add constraint FK_swih3hln70vtcqflheejpr4q foreign key (target_Id) references virtual_network_function_descriptor (id)
13:23:07.651 [Test worker] DEBUG org.hibernate.SQL - alter table vnfforwarding_graph add constraint FK_5wjfvxrkgsldqey049q4i2vfr foreign key (vnffgd_security_id) references security (id)
13:23:07.652 [Test worker] DEBUG org.hibernate.SQL - alter table vnfforwarding_graph_connection_point add constraint FK_nhac2v6yf2nlur2jefy3rf1nl foreign key (vnfforwarding_graph_id) references vnfforwarding_graph (id)
13:23:07.652 [Test worker] DEBUG org.hibernate.SQL - alter table vnfforwarding_graph_constituent_vnfs add constraint FK_o7nxvo6yjabmy6uig0rrh64ba foreign key (constituent_vnfs_id) references costituentvnf (id)
13:23:07.653 [Test worker] DEBUG org.hibernate.SQL - alter table vnfforwarding_graph_constituent_vnfs add constraint FK_nv0xnygn47sslxpa9iteg2o7v foreign key (vnfforwarding_graph_id) references vnfforwarding_graph (id)
13:23:07.654 [Test worker] DEBUG org.hibernate.SQL - alter table vnfforwarding_graph_dependent_virtual_link add constraint FK_cf7kv1hweumtp0d3s55guah8l foreign key (dependent_virtual_link_id) references virtual_link_descriptor (id)
13:23:07.655 [Test worker] DEBUG org.hibernate.SQL - alter table vnfforwarding_graph_dependent_virtual_link add constraint FK_jclfs47ub6p8h91ckygvwjmx9 foreign key (vnfforwarding_graph_id) references vnfforwarding_graph (id)
13:23:07.658 [Test worker] DEBUG org.hibernate.SQL - alter table vnfforwarding_graph_network_forwarding_path add constraint FK_eby8p1i7pvleohd3uyt143d8j foreign key (network_forwarding_path_id) references network_forwarding_path (id)
13:23:07.659 [Test worker] DEBUG org.hibernate.SQL - alter table vnfforwarding_graph_network_forwarding_path add constraint FK_1297krpm8dbitcpoff4ycb2mu foreign key (vnfforwarding_graph_id) references vnfforwarding_graph (id)
13:23:07.660 [Test worker] DEBUG org.hibernate.SQL - alter table vnfforwarding_graph_record add constraint FK_3aj4803cm52dcbdp87qcxjq6l foreign key (descriptor_reference_id) references vnfforwarding_graph (id)
13:23:07.661 [Test worker] DEBUG org.hibernate.SQL - alter table vnfforwarding_graph_record add constraint FK_o636wgw1ts5tlis8y7l08dr34 foreign key (network_forwarding_path_id) references network_forwarding_path (id)
13:23:07.663 [Test worker] DEBUG org.hibernate.SQL - alter table vnfforwarding_graph_record add constraint FK_398f47dyk2nlunsi4252broij foreign key (parent_ns_id) references network_service_record (id)
13:23:07.664 [Test worker] DEBUG org.hibernate.SQL - alter table vnfforwarding_graph_record_connection_point add constraint FK_6ylloi8n4jo3udl0uruw745sn foreign key (connection_point_id) references vnfdconnection_point (id)
13:23:07.665 [Test worker] DEBUG org.hibernate.SQL - alter table vnfforwarding_graph_record_connection_point add constraint FK_dp49ouxxp1y9hh09eg4e4rcso foreign key (vnfforwarding_graph_record_id) references vnfforwarding_graph_record (id)
13:23:07.666 [Test worker] DEBUG org.hibernate.SQL - alter table vnfforwarding_graph_record_dependent_virtual_link add constraint FK_12ft43rho1yhh9f0xhr02joqa foreign key (dependent_virtual_link_id) references virtual_link_record (id)
13:23:07.667 [Test worker] DEBUG org.hibernate.SQL - alter table vnfforwarding_graph_record_dependent_virtual_link add constraint FK_c56562j1tft667fd4rop7ui87 foreign key (vnfforwarding_graph_record_id) references vnfforwarding_graph_record (id)
13:23:07.668 [Test worker] DEBUG org.hibernate.SQL - alter table vnfforwarding_graph_record_lifecycle_event_history add constraint FK_m3eps7t949ocklbqyfdxlecic foreign key (lifecycle_event_history_id) references lifecycle_event (id)
13:23:07.668 [Test worker] DEBUG org.hibernate.SQL - alter table vnfforwarding_graph_record_lifecycle_event_history add constraint FK_fsoel8h7wrdc79vv2fywjrrjb foreign key (vnfforwarding_graph_record_id) references vnfforwarding_graph_record (id)
13:23:07.669 [Test worker] DEBUG org.hibernate.SQL - alter table vnfforwarding_graph_record_member_vnfs add constraint FK_98xhyjfyx7ao7ri9hsbwmd0gg foreign key (member_vnfs_id) references virtual_network_function_record (id)
13:23:07.670 [Test worker] DEBUG org.hibernate.SQL - alter table vnfforwarding_graph_record_member_vnfs add constraint FK_n2um818ue5vhs2vn072tfcqux foreign key (vnfforwarding_graph_record_id) references vnfforwarding_graph_record (id)
13:23:07.670 [Test worker] DEBUG org.hibernate.SQL - alter table vnfforwarding_graph_record_notification add constraint FK_pjr5xm5vxfd0ly31mw389707q foreign key (vnfforwarding_graph_record_id) references vnfforwarding_graph_record (id)
13:23:07.671 [Test worker] INFO  o.h.tool.hbm2ddl.SchemaExport - HHH000230: Schema export complete
13:23:07.671 [Test worker] DEBUG org.hibernate.cfg.Configuration - Processing hbm.xml files
13:23:07.671 [Test worker] DEBUG org.hibernate.cfg.Configuration - Process annotated classes
13:23:07.671 [Test worker] DEBUG org.hibernate.cfg.Configuration - Processing fk mappings (*ToOne and JoinedSubclass)
13:23:07.671 [Test worker] DEBUG org.hibernate.cfg.Configuration - Processing extends queue
13:23:07.671 [Test worker] DEBUG org.hibernate.cfg.Configuration - Processing extends queue
13:23:07.671 [Test worker] DEBUG org.hibernate.cfg.Configuration - Processing collection mappings
13:23:07.672 [Test worker] DEBUG org.hibernate.cfg.Configuration - Processing native query and ResultSetMapping mappings
13:23:07.672 [Test worker] DEBUG org.hibernate.cfg.Configuration - Processing association property references
13:23:07.672 [Test worker] DEBUG org.hibernate.cfg.Configuration - Creating tables' unique integer identifiers
13:23:07.672 [Test worker] DEBUG org.hibernate.cfg.Configuration - Processing foreign key constraints
13:23:07.672 [Test worker] DEBUG org.hibernate.cfg.Configuration - Resolving reference to class: org.project.neutrino.nfvo.catalogue.mano.common.AbstractVirtualLink
13:23:07.672 [Test worker] DEBUG org.hibernate.cfg.Configuration - Resolving reference to class: org.project.neutrino.nfvo.catalogue.mano.common.AbstractVirtualLink
13:23:07.672 [Test worker] DEBUG org.hibernate.cfg.Configuration - Resolving reference to class: org.project.neutrino.nfvo.catalogue.mano.descriptor.InternalVirtualLink
13:23:07.672 [Test worker] DEBUG org.hibernate.cfg.Configuration - Resolving reference to class: org.project.neutrino.nfvo.catalogue.mano.common.LifecycleEvent
13:23:07.672 [Test worker] DEBUG org.hibernate.cfg.Configuration - Resolving reference to class: org.project.neutrino.nfvo.catalogue.mano.descriptor.Policy
13:23:07.672 [Test worker] DEBUG org.hibernate.cfg.Configuration - Resolving reference to class: org.project.neutrino.nfvo.catalogue.mano.descriptor.NetworkForwardingPath
13:23:07.672 [Test worker] DEBUG org.hibernate.cfg.Configuration - Resolving reference to class: org.project.neutrino.nfvo.catalogue.mano.common.Security
13:23:07.672 [Test worker] DEBUG org.hibernate.cfg.Configuration - Resolving reference to class: org.project.neutrino.nfvo.catalogue.mano.descriptor.PhysicalNetworkFunctionDescriptor
13:23:07.673 [Test worker] DEBUG org.hibernate.cfg.Configuration - Resolving reference to class: org.project.neutrino.nfvo.catalogue.mano.descriptor.NetworkServiceDescriptor
13:23:07.673 [Test worker] DEBUG org.hibernate.cfg.Configuration - Resolving reference to class: org.project.neutrino.nfvo.catalogue.mano.common.VNFDependency
13:23:07.673 [Test worker] DEBUG org.hibernate.cfg.Configuration - Resolving reference to class: org.project.neutrino.nfvo.catalogue.mano.descriptor.NetworkServiceDescriptor
13:23:07.673 [Test worker] DEBUG org.hibernate.cfg.Configuration - Resolving reference to class: org.project.neutrino.nfvo.catalogue.mano.descriptor.VirtualNetworkFunctionDescriptor
13:23:07.673 [Test worker] DEBUG org.hibernate.cfg.Configuration - Resolving reference to class: org.project.neutrino.nfvo.catalogue.mano.descriptor.NetworkServiceDescriptor
13:23:07.673 [Test worker] DEBUG org.hibernate.cfg.Configuration - Resolving reference to class: org.project.neutrino.nfvo.catalogue.mano.common.NFVEntityDescriptor
13:23:07.673 [Test worker] DEBUG org.hibernate.cfg.Configuration - Resolving reference to class: org.project.neutrino.nfvo.catalogue.mano.common.LifecycleEvent
13:23:07.673 [Test worker] DEBUG org.hibernate.cfg.Configuration - Resolving reference to class: org.project.neutrino.nfvo.catalogue.mano.common.ServiceDeploymentFlavour
13:23:07.673 [Test worker] DEBUG org.hibernate.cfg.Configuration - Resolving reference to class: org.project.neutrino.nfvo.catalogue.mano.record.VirtualNetworkFunctionRecord
13:23:07.673 [Test worker] DEBUG org.hibernate.cfg.Configuration - Resolving reference to class: org.project.neutrino.nfvo.catalogue.mano.common.AutoScalePolicy
13:23:07.673 [Test worker] DEBUG org.hibernate.cfg.Configuration - Resolving reference to class: org.project.neutrino.nfvo.catalogue.mano.record.NetworkServiceRecord
13:23:07.673 [Test worker] DEBUG org.hibernate.cfg.Configuration - Resolving reference to class: org.project.neutrino.nfvo.catalogue.mano.common.ConnectionPoint
13:23:07.673 [Test worker] DEBUG org.hibernate.cfg.Configuration - Resolving reference to class: org.project.neutrino.nfvo.catalogue.mano.record.NetworkServiceRecord
13:23:07.673 [Test worker] DEBUG org.hibernate.cfg.Configuration - Resolving reference to class: org.project.neutrino.nfvo.catalogue.mano.common.LifecycleEvent
13:23:07.673 [Test worker] DEBUG org.hibernate.cfg.Configuration - Resolving reference to class: org.project.neutrino.nfvo.catalogue.mano.record.NetworkServiceRecord
13:23:07.673 [Test worker] DEBUG org.hibernate.cfg.Configuration - Resolving reference to class: org.project.neutrino.nfvo.catalogue.mano.record.NetworkServiceRecord
13:23:07.673 [Test worker] DEBUG org.hibernate.cfg.Configuration - Resolving reference to class: org.project.neutrino.nfvo.catalogue.mano.record.PhysicalNetworkFunctionRecord
13:23:07.673 [Test worker] DEBUG org.hibernate.cfg.Configuration - Resolving reference to class: org.project.neutrino.nfvo.catalogue.mano.record.NetworkServiceRecord
13:23:07.673 [Test worker] DEBUG org.hibernate.cfg.Configuration - Resolving reference to class: org.project.neutrino.nfvo.catalogue.mano.record.VirtualLinkRecord
13:23:07.674 [Test worker] DEBUG org.hibernate.cfg.Configuration - Resolving reference to class: org.project.neutrino.nfvo.catalogue.mano.record.NetworkServiceRecord
13:23:07.674 [Test worker] DEBUG org.hibernate.cfg.Configuration - Resolving reference to class: org.project.neutrino.nfvo.catalogue.mano.common.VNFDependency
13:23:07.674 [Test worker] DEBUG org.hibernate.cfg.Configuration - Resolving reference to class: org.project.neutrino.nfvo.catalogue.mano.record.NetworkServiceRecord
13:23:07.674 [Test worker] DEBUG org.hibernate.cfg.Configuration - Resolving reference to class: org.project.neutrino.nfvo.catalogue.mano.descriptor.VNFForwardingGraph
13:23:07.674 [Test worker] DEBUG org.hibernate.cfg.Configuration - Resolving reference to class: org.project.neutrino.nfvo.catalogue.mano.record.NetworkServiceRecord
13:23:07.674 [Test worker] DEBUG org.hibernate.cfg.Configuration - Resolving reference to class: org.project.neutrino.nfvo.catalogue.mano.common.AutoScalePolicy
13:23:07.674 [Test worker] DEBUG org.hibernate.cfg.Configuration - Resolving reference to class: org.project.neutrino.nfvo.catalogue.mano.common.NFVEntityDescriptor
13:23:07.674 [Test worker] DEBUG org.hibernate.cfg.Configuration - Resolving reference to class: org.project.neutrino.nfvo.catalogue.mano.common.ConnectionPoint
13:23:07.674 [Test worker] DEBUG org.hibernate.cfg.Configuration - Resolving reference to class: org.project.neutrino.nfvo.catalogue.mano.common.NFVEntityDescriptor
13:23:07.674 [Test worker] DEBUG org.hibernate.cfg.Configuration - Resolving reference to class: org.project.neutrino.nfvo.catalogue.mano.common.LifecycleEvent
13:23:07.674 [Test worker] DEBUG org.hibernate.cfg.Configuration - Resolving reference to class: org.project.neutrino.nfvo.catalogue.mano.common.NFVEntityDescriptor
13:23:07.674 [Test worker] DEBUG org.hibernate.cfg.Configuration - Resolving reference to class: org.project.neutrino.nfvo.catalogue.mano.common.NFVEntityDescriptor
13:23:07.674 [Test worker] DEBUG org.hibernate.cfg.Configuration - Resolving reference to class: org.project.neutrino.nfvo.catalogue.mano.common.DeploymentFlavour
13:23:07.674 [Test worker] DEBUG org.hibernate.cfg.Configuration - Resolving reference to class: org.project.neutrino.nfvo.catalogue.mano.common.NFVEntityDescriptor
13:23:07.675 [Test worker] DEBUG org.hibernate.cfg.Configuration - Resolving reference to class: org.project.neutrino.nfvo.catalogue.mano.descriptor.VirtualLinkDescriptor
13:23:07.675 [Test worker] DEBUG org.hibernate.cfg.Configuration - Resolving reference to class: org.project.neutrino.nfvo.catalogue.mano.common.NFVEntityDescriptor
13:23:07.675 [Test worker] DEBUG org.hibernate.cfg.Configuration - Resolving reference to class: org.project.neutrino.nfvo.catalogue.mano.descriptor.VNFForwardingGraph
13:23:07.675 [Test worker] DEBUG org.hibernate.cfg.Configuration - Resolving reference to class: org.project.neutrino.nfvo.catalogue.mano.common.NFVEntityDescriptor
13:23:07.675 [Test worker] DEBUG org.hibernate.cfg.Configuration - Resolving reference to class: org.project.neutrino.nfvo.catalogue.mano.common.Security
13:23:07.675 [Test worker] DEBUG org.hibernate.cfg.Configuration - Resolving reference to class: org.project.neutrino.nfvo.catalogue.mano.common.ConnectionPoint
13:23:07.675 [Test worker] DEBUG org.hibernate.cfg.Configuration - Resolving reference to class: org.project.neutrino.nfvo.catalogue.mano.descriptor.PhysicalNetworkFunctionDescriptor
13:23:07.675 [Test worker] DEBUG org.hibernate.cfg.Configuration - Resolving reference to class: org.project.neutrino.nfvo.catalogue.mano.descriptor.PhysicalNetworkFunctionDescriptor
13:23:07.675 [Test worker] DEBUG org.hibernate.cfg.Configuration - Resolving reference to class: org.project.neutrino.nfvo.catalogue.mano.record.NetworkServiceRecord
13:23:07.675 [Test worker] DEBUG org.hibernate.cfg.Configuration - Resolving reference to class: org.project.neutrino.nfvo.catalogue.mano.record.VirtualLinkRecord
13:23:07.675 [Test worker] DEBUG org.hibernate.cfg.Configuration - Resolving reference to class: org.project.neutrino.nfvo.catalogue.mano.record.PhysicalNetworkFunctionRecord
13:23:07.675 [Test worker] DEBUG org.hibernate.cfg.Configuration - Resolving reference to class: org.project.neutrino.nfvo.catalogue.mano.common.ConnectionPoint
13:23:07.675 [Test worker] DEBUG org.hibernate.cfg.Configuration - Resolving reference to class: org.project.neutrino.nfvo.catalogue.mano.record.PhysicalNetworkFunctionRecord
13:23:07.675 [Test worker] DEBUG org.hibernate.cfg.Configuration - Resolving reference to class: org.project.neutrino.nfvo.catalogue.mano.record.PhysicalNetworkFunctionRecord
13:23:07.675 [Test worker] DEBUG org.hibernate.cfg.Configuration - Resolving reference to class: org.project.neutrino.nfvo.catalogue.mano.record.VNFForwardingGraphRecord
13:23:07.676 [Test worker] DEBUG org.hibernate.cfg.Configuration - Resolving reference to class: org.project.neutrino.nfvo.catalogue.mano.record.PhysicalNetworkFunctionRecord
13:23:07.676 [Test worker] DEBUG org.hibernate.cfg.Configuration - Resolving reference to class: org.project.neutrino.nfvo.catalogue.mano.common.CostituentVNF
13:23:07.676 [Test worker] DEBUG org.hibernate.cfg.Configuration - Resolving reference to class: org.project.neutrino.nfvo.catalogue.mano.common.ServiceDeploymentFlavour
13:23:07.676 [Test worker] DEBUG org.hibernate.cfg.Configuration - Resolving reference to class: org.project.neutrino.nfvo.catalogue.mano.descriptor.VirtualDeploymentUnit
13:23:07.676 [Test worker] DEBUG org.hibernate.cfg.Configuration - Resolving reference to class: org.project.neutrino.nfvo.catalogue.mano.descriptor.VirtualDeploymentUnit
13:23:07.676 [Test worker] DEBUG org.hibernate.cfg.Configuration - Resolving reference to class: org.project.neutrino.nfvo.catalogue.mano.common.LifecycleEvent
13:23:07.676 [Test worker] DEBUG org.hibernate.cfg.Configuration - Resolving reference to class: org.project.neutrino.nfvo.catalogue.mano.descriptor.VirtualDeploymentUnit
13:23:07.676 [Test worker] DEBUG org.hibernate.cfg.Configuration - Resolving reference to class: org.project.neutrino.nfvo.catalogue.mano.descriptor.VirtualDeploymentUnit
13:23:07.676 [Test worker] DEBUG org.hibernate.cfg.Configuration - Resolving reference to class: org.project.neutrino.nfvo.catalogue.mano.descriptor.VirtualDeploymentUnit
13:23:07.676 [Test worker] DEBUG org.hibernate.cfg.Configuration - Resolving reference to class: org.project.neutrino.nfvo.catalogue.mano.descriptor.VNFComponent
13:23:07.676 [Test worker] DEBUG org.hibernate.cfg.Configuration - Resolving reference to class: org.project.neutrino.nfvo.catalogue.mano.descriptor.VirtualDeploymentUnit
13:23:07.676 [Test worker] DEBUG org.hibernate.cfg.Configuration - Resolving reference to class: org.project.neutrino.nfvo.catalogue.mano.common.Security
13:23:07.676 [Test worker] DEBUG org.hibernate.cfg.Configuration - Resolving reference to class: org.project.neutrino.nfvo.catalogue.mano.descriptor.VirtualLinkDescriptor
13:23:07.676 [Test worker] DEBUG org.hibernate.cfg.Configuration - Resolving reference to class: org.project.neutrino.nfvo.catalogue.mano.record.VirtualLinkRecord
13:23:07.676 [Test worker] DEBUG org.hibernate.cfg.Configuration - Resolving reference to class: org.project.neutrino.nfvo.catalogue.mano.record.VirtualLinkRecord
13:23:07.676 [Test worker] DEBUG org.hibernate.cfg.Configuration - Resolving reference to class: org.project.neutrino.nfvo.catalogue.mano.record.VirtualLinkRecord
13:23:07.676 [Test worker] DEBUG org.hibernate.cfg.Configuration - Resolving reference to class: org.project.neutrino.nfvo.catalogue.mano.common.LifecycleEvent
13:23:07.676 [Test worker] DEBUG org.hibernate.cfg.Configuration - Resolving reference to class: org.project.neutrino.nfvo.catalogue.mano.record.VirtualLinkRecord
13:23:07.677 [Test worker] DEBUG org.hibernate.cfg.Configuration - Resolving reference to class: org.project.neutrino.nfvo.catalogue.mano.record.VirtualLinkRecord
13:23:07.677 [Test worker] DEBUG org.hibernate.cfg.Configuration - Resolving reference to class: org.project.neutrino.nfvo.catalogue.mano.record.VirtualLinkRecord
13:23:07.677 [Test worker] DEBUG org.hibernate.cfg.Configuration - Resolving reference to class: org.project.neutrino.nfvo.catalogue.mano.record.VNFForwardingGraphRecord
13:23:07.677 [Test worker] DEBUG org.hibernate.cfg.Configuration - Resolving reference to class: org.project.neutrino.nfvo.catalogue.mano.record.VirtualLinkRecord
13:23:07.677 [Test worker] DEBUG org.hibernate.cfg.Configuration - Resolving reference to class: org.project.neutrino.nfvo.catalogue.mano.descriptor.VNFDDeploymentFlavour
13:23:07.677 [Test worker] DEBUG org.hibernate.cfg.Configuration - Resolving reference to class: org.project.neutrino.nfvo.catalogue.mano.descriptor.VirtualNetworkFunctionDescriptor
13:23:07.677 [Test worker] DEBUG org.hibernate.cfg.Configuration - Resolving reference to class: org.project.neutrino.nfvo.catalogue.mano.common.Security
13:23:07.678 [Test worker] DEBUG org.hibernate.cfg.Configuration - Resolving reference to class: org.project.neutrino.nfvo.catalogue.mano.descriptor.VirtualNetworkFunctionDescriptor
13:23:07.678 [Test worker] DEBUG org.hibernate.cfg.Configuration - Resolving reference to class: org.project.neutrino.nfvo.catalogue.mano.descriptor.VirtualDeploymentUnit
13:23:07.678 [Test worker] DEBUG org.hibernate.cfg.Configuration - Resolving reference to class: org.project.neutrino.nfvo.catalogue.mano.descriptor.VirtualNetworkFunctionDescriptor
13:23:07.678 [Test worker] DEBUG org.hibernate.cfg.Configuration - Resolving reference to class: org.project.neutrino.nfvo.catalogue.mano.descriptor.VDUDependency
13:23:07.678 [Test worker] DEBUG org.hibernate.cfg.Configuration - Resolving reference to class: org.project.neutrino.nfvo.catalogue.mano.descriptor.VirtualNetworkFunctionDescriptor
13:23:07.678 [Test worker] DEBUG org.hibernate.cfg.Configuration - Resolving reference to class: org.project.neutrino.nfvo.catalogue.mano.descriptor.InternalVirtualLink
13:23:07.678 [Test worker] DEBUG org.hibernate.cfg.Configuration - Resolving reference to class: org.project.neutrino.nfvo.catalogue.mano.descriptor.VirtualNetworkFunctionDescriptor
13:23:07.678 [Test worker] DEBUG org.hibernate.cfg.Configuration - Resolving reference to class: org.project.neutrino.nfvo.catalogue.mano.descriptor.VNFDDeploymentFlavour
13:23:07.678 [Test worker] DEBUG org.hibernate.cfg.Configuration - Resolving reference to class: org.project.neutrino.nfvo.catalogue.mano.common.LifecycleEvent
13:23:07.678 [Test worker] DEBUG org.hibernate.cfg.Configuration - Resolving reference to class: org.project.neutrino.nfvo.catalogue.mano.record.NetworkServiceRecord
13:23:07.678 [Test worker] DEBUG org.hibernate.cfg.Configuration - Resolving reference to class: org.project.neutrino.nfvo.catalogue.mano.common.AutoScalePolicy
13:23:07.678 [Test worker] DEBUG org.hibernate.cfg.Configuration - Resolving reference to class: org.project.neutrino.nfvo.catalogue.mano.record.VirtualNetworkFunctionRecord
13:23:07.678 [Test worker] DEBUG org.hibernate.cfg.Configuration - Resolving reference to class: org.project.neutrino.nfvo.catalogue.mano.record.VirtualLinkRecord
13:23:07.678 [Test worker] DEBUG org.hibernate.cfg.Configuration - Resolving reference to class: org.project.neutrino.nfvo.catalogue.mano.record.VirtualNetworkFunctionRecord
13:23:07.678 [Test worker] DEBUG org.hibernate.cfg.Configuration - Resolving reference to class: org.project.neutrino.nfvo.catalogue.mano.common.ConnectionPoint
13:23:07.678 [Test worker] DEBUG org.hibernate.cfg.Configuration - Resolving reference to class: org.project.neutrino.nfvo.catalogue.mano.record.VirtualNetworkFunctionRecord
13:23:07.678 [Test worker] DEBUG org.hibernate.cfg.Configuration - Resolving reference to class: org.project.neutrino.nfvo.catalogue.mano.common.VNFDependency
13:23:07.678 [Test worker] DEBUG org.hibernate.cfg.Configuration - Resolving reference to class: org.project.neutrino.nfvo.catalogue.mano.record.VirtualNetworkFunctionRecord
13:23:07.679 [Test worker] DEBUG org.hibernate.cfg.Configuration - Resolving reference to class: org.project.neutrino.nfvo.catalogue.mano.common.LifecycleEvent
13:23:07.679 [Test worker] DEBUG org.hibernate.cfg.Configuration - Resolving reference to class: org.project.neutrino.nfvo.catalogue.mano.record.VirtualNetworkFunctionRecord
13:23:07.679 [Test worker] DEBUG org.hibernate.cfg.Configuration - Resolving reference to class: org.project.neutrino.nfvo.catalogue.mano.record.VirtualNetworkFunctionRecord
13:23:07.679 [Test worker] DEBUG org.hibernate.cfg.Configuration - Resolving reference to class: org.project.neutrino.nfvo.catalogue.mano.record.VirtualNetworkFunctionRecord
13:23:07.679 [Test worker] DEBUG org.hibernate.cfg.Configuration - Resolving reference to class: org.project.neutrino.nfvo.catalogue.mano.record.VirtualNetworkFunctionRecord
13:23:07.679 [Test worker] DEBUG org.hibernate.cfg.Configuration - Resolving reference to class: org.project.neutrino.nfvo.catalogue.mano.descriptor.VirtualDeploymentUnit
13:23:07.679 [Test worker] DEBUG org.hibernate.cfg.Configuration - Resolving reference to class: org.project.neutrino.nfvo.catalogue.mano.record.VirtualNetworkFunctionRecord
13:23:07.679 [Test worker] DEBUG org.hibernate.cfg.Configuration - Resolving reference to class: org.project.neutrino.nfvo.catalogue.mano.descriptor.InternalVirtualLink
13:23:07.679 [Test worker] DEBUG org.hibernate.cfg.Configuration - Resolving reference to class: org.project.neutrino.nfvo.catalogue.mano.record.VirtualNetworkFunctionRecord
13:23:07.679 [Test worker] DEBUG org.hibernate.cfg.Configuration - Resolving reference to class: org.project.neutrino.nfvo.catalogue.mano.record.VirtualNetworkFunctionRecord
13:23:07.679 [Test worker] DEBUG org.hibernate.cfg.Configuration - Resolving reference to class: org.project.neutrino.nfvo.catalogue.mano.descriptor.VNFDConnectionPoint
13:23:07.679 [Test worker] DEBUG org.hibernate.cfg.Configuration - Resolving reference to class: org.project.neutrino.nfvo.catalogue.mano.descriptor.VNFComponent
13:23:07.679 [Test worker] DEBUG org.hibernate.cfg.Configuration - Resolving reference to class: org.project.neutrino.nfvo.catalogue.mano.common.CostituentVDU
13:23:07.679 [Test worker] DEBUG org.hibernate.cfg.Configuration - Resolving reference to class: org.project.neutrino.nfvo.catalogue.mano.descriptor.VNFDDeploymentFlavour
13:23:07.679 [Test worker] DEBUG org.hibernate.cfg.Configuration - Resolving reference to class: org.project.neutrino.nfvo.catalogue.mano.descriptor.VNFDDeploymentFlavour
13:23:07.679 [Test worker] DEBUG org.hibernate.cfg.Configuration - Resolving reference to class: org.project.neutrino.nfvo.catalogue.mano.descriptor.VirtualNetworkFunctionDescriptor
13:23:07.679 [Test worker] DEBUG org.hibernate.cfg.Configuration - Resolving reference to class: org.project.neutrino.nfvo.catalogue.mano.descriptor.VirtualNetworkFunctionDescriptor
13:23:07.679 [Test worker] DEBUG org.hibernate.cfg.Configuration - Resolving reference to class: org.project.neutrino.nfvo.catalogue.mano.common.Security
13:23:07.680 [Test worker] DEBUG org.hibernate.cfg.Configuration - Resolving reference to class: org.project.neutrino.nfvo.catalogue.mano.common.ConnectionPoint
13:23:07.680 [Test worker] DEBUG org.hibernate.cfg.Configuration - Resolving reference to class: org.project.neutrino.nfvo.catalogue.mano.descriptor.VNFForwardingGraph
13:23:07.680 [Test worker] DEBUG org.hibernate.cfg.Configuration - Resolving reference to class: org.project.neutrino.nfvo.catalogue.mano.common.CostituentVNF
13:23:07.680 [Test worker] DEBUG org.hibernate.cfg.Configuration - Resolving reference to class: org.project.neutrino.nfvo.catalogue.mano.descriptor.VNFForwardingGraph
13:23:07.680 [Test worker] DEBUG org.hibernate.cfg.Configuration - Resolving reference to class: org.project.neutrino.nfvo.catalogue.mano.descriptor.VirtualLinkDescriptor
13:23:07.680 [Test worker] DEBUG org.hibernate.cfg.Configuration - Resolving reference to class: org.project.neutrino.nfvo.catalogue.mano.descriptor.VNFForwardingGraph
13:23:07.680 [Test worker] DEBUG org.hibernate.cfg.Configuration - Resolving reference to class: org.project.neutrino.nfvo.catalogue.mano.descriptor.NetworkForwardingPath
13:23:07.680 [Test worker] DEBUG org.hibernate.cfg.Configuration - Resolving reference to class: org.project.neutrino.nfvo.catalogue.mano.descriptor.VNFForwardingGraph
13:23:07.680 [Test worker] DEBUG org.hibernate.cfg.Configuration - Resolving reference to class: org.project.neutrino.nfvo.catalogue.mano.descriptor.VNFForwardingGraph
13:23:07.680 [Test worker] DEBUG org.hibernate.cfg.Configuration - Resolving reference to class: org.project.neutrino.nfvo.catalogue.mano.descriptor.NetworkForwardingPath
13:23:07.680 [Test worker] DEBUG org.hibernate.cfg.Configuration - Resolving reference to class: org.project.neutrino.nfvo.catalogue.mano.record.NetworkServiceRecord
13:23:07.680 [Test worker] DEBUG org.hibernate.cfg.Configuration - Resolving reference to class: org.project.neutrino.nfvo.catalogue.mano.descriptor.VNFDConnectionPoint
13:23:07.680 [Test worker] DEBUG org.hibernate.cfg.Configuration - Resolving reference to class: org.project.neutrino.nfvo.catalogue.mano.record.VNFForwardingGraphRecord
13:23:07.680 [Test worker] DEBUG org.hibernate.cfg.Configuration - Resolving reference to class: org.project.neutrino.nfvo.catalogue.mano.record.VirtualLinkRecord
13:23:07.680 [Test worker] DEBUG org.hibernate.cfg.Configuration - Resolving reference to class: org.project.neutrino.nfvo.catalogue.mano.record.VNFForwardingGraphRecord
13:23:07.680 [Test worker] DEBUG org.hibernate.cfg.Configuration - Resolving reference to class: org.project.neutrino.nfvo.catalogue.mano.common.LifecycleEvent
13:23:07.680 [Test worker] DEBUG org.hibernate.cfg.Configuration - Resolving reference to class: org.project.neutrino.nfvo.catalogue.mano.record.VNFForwardingGraphRecord
13:23:07.680 [Test worker] DEBUG org.hibernate.cfg.Configuration - Resolving reference to class: org.project.neutrino.nfvo.catalogue.mano.record.VirtualNetworkFunctionRecord
13:23:07.681 [Test worker] DEBUG org.hibernate.cfg.Configuration - Resolving reference to class: org.project.neutrino.nfvo.catalogue.mano.record.VNFForwardingGraphRecord
13:23:07.681 [Test worker] DEBUG org.hibernate.cfg.Configuration - Resolving reference to class: org.project.neutrino.nfvo.catalogue.mano.record.VNFForwardingGraphRecord
13:23:07.682 [Test worker] DEBUG o.h.i.f.i.DefaultIdentifierGeneratorFactory - Setting dialect [org.hibernate.dialect.MySQL5Dialect]
13:23:07.682 [Test worker] DEBUG o.h.i.f.i.DefaultIdentifierGeneratorFactory - Setting dialect [org.hibernate.dialect.MySQL5Dialect]
13:23:07.682 [Test worker] DEBUG o.h.i.f.i.DefaultIdentifierGeneratorFactory - Setting dialect [org.hibernate.dialect.MySQL5Dialect]
13:23:07.682 [Test worker] DEBUG o.h.i.f.i.DefaultIdentifierGeneratorFactory - Setting dialect [org.hibernate.dialect.MySQL5Dialect]
13:23:07.682 [Test worker] DEBUG o.h.i.f.i.DefaultIdentifierGeneratorFactory - Setting dialect [org.hibernate.dialect.MySQL5Dialect]
13:23:07.682 [Test worker] DEBUG o.h.i.f.i.DefaultIdentifierGeneratorFactory - Setting dialect [org.hibernate.dialect.MySQL5Dialect]
13:23:07.682 [Test worker] DEBUG o.h.i.f.i.DefaultIdentifierGeneratorFactory - Setting dialect [org.hibernate.dialect.MySQL5Dialect]
13:23:07.682 [Test worker] DEBUG o.h.i.f.i.DefaultIdentifierGeneratorFactory - Setting dialect [org.hibernate.dialect.MySQL5Dialect]
13:23:07.682 [Test worker] DEBUG o.h.i.f.i.DefaultIdentifierGeneratorFactory - Setting dialect [org.hibernate.dialect.MySQL5Dialect]
13:23:07.683 [Test worker] DEBUG o.h.i.f.i.DefaultIdentifierGeneratorFactory - Setting dialect [org.hibernate.dialect.MySQL5Dialect]
13:23:07.683 [Test worker] DEBUG o.h.i.f.i.DefaultIdentifierGeneratorFactory - Setting dialect [org.hibernate.dialect.MySQL5Dialect]
13:23:07.683 [Test worker] DEBUG o.h.i.f.i.DefaultIdentifierGeneratorFactory - Setting dialect [org.hibernate.dialect.MySQL5Dialect]
13:23:07.683 [Test worker] DEBUG o.h.i.f.i.DefaultIdentifierGeneratorFactory - Setting dialect [org.hibernate.dialect.MySQL5Dialect]
13:23:07.683 [Test worker] DEBUG o.h.i.f.i.DefaultIdentifierGeneratorFactory - Setting dialect [org.hibernate.dialect.MySQL5Dialect]
13:23:07.683 [Test worker] DEBUG o.h.i.f.i.DefaultIdentifierGeneratorFactory - Setting dialect [org.hibernate.dialect.MySQL5Dialect]
13:23:07.683 [Test worker] DEBUG o.h.i.f.i.DefaultIdentifierGeneratorFactory - Setting dialect [org.hibernate.dialect.MySQL5Dialect]
13:23:07.683 [Test worker] DEBUG o.h.i.f.i.DefaultIdentifierGeneratorFactory - Setting dialect [org.hibernate.dialect.MySQL5Dialect]
13:23:07.683 [Test worker] DEBUG o.h.i.f.i.DefaultIdentifierGeneratorFactory - Setting dialect [org.hibernate.dialect.MySQL5Dialect]
13:23:07.683 [Test worker] DEBUG o.h.i.f.i.DefaultIdentifierGeneratorFactory - Setting dialect [org.hibernate.dialect.MySQL5Dialect]
13:23:07.683 [Test worker] DEBUG o.h.i.f.i.DefaultIdentifierGeneratorFactory - Setting dialect [org.hibernate.dialect.MySQL5Dialect]
13:23:07.684 [Test worker] DEBUG o.h.i.f.i.DefaultIdentifierGeneratorFactory - Setting dialect [org.hibernate.dialect.MySQL5Dialect]
13:23:07.684 [Test worker] DEBUG o.h.i.f.i.DefaultIdentifierGeneratorFactory - Setting dialect [org.hibernate.dialect.MySQL5Dialect]
13:23:07.684 [Test worker] DEBUG org.hibernate.cfg.Configuration - Processing hbm.xml files
13:23:07.684 [Test worker] DEBUG org.hibernate.cfg.Configuration - Process annotated classes
13:23:07.684 [Test worker] DEBUG org.hibernate.cfg.Configuration - Processing fk mappings (*ToOne and JoinedSubclass)
13:23:07.684 [Test worker] DEBUG org.hibernate.cfg.Configuration - Processing extends queue
13:23:07.684 [Test worker] DEBUG org.hibernate.cfg.Configuration - Processing extends queue
13:23:07.684 [Test worker] DEBUG org.hibernate.cfg.Configuration - Processing collection mappings
13:23:07.684 [Test worker] DEBUG org.hibernate.cfg.Configuration - Processing native query and ResultSetMapping mappings
13:23:07.684 [Test worker] DEBUG org.hibernate.cfg.Configuration - Processing association property references
13:23:07.684 [Test worker] DEBUG org.hibernate.cfg.Configuration - Creating tables' unique integer identifiers
13:23:07.684 [Test worker] DEBUG org.hibernate.cfg.Configuration - Processing foreign key constraints
13:23:07.684 [Test worker] DEBUG org.hibernate.cfg.Configuration - Resolving reference to class: org.project.neutrino.nfvo.catalogue.mano.common.AbstractVirtualLink
13:23:07.684 [Test worker] DEBUG org.hibernate.cfg.Configuration - Resolving reference to class: org.project.neutrino.nfvo.catalogue.mano.common.AbstractVirtualLink
13:23:07.684 [Test worker] DEBUG org.hibernate.cfg.Configuration - Resolving reference to class: org.project.neutrino.nfvo.catalogue.mano.descriptor.InternalVirtualLink
13:23:07.684 [Test worker] DEBUG org.hibernate.cfg.Configuration - Resolving reference to class: org.project.neutrino.nfvo.catalogue.mano.common.LifecycleEvent
13:23:07.684 [Test worker] DEBUG org.hibernate.cfg.Configuration - Resolving reference to class: org.project.neutrino.nfvo.catalogue.mano.descriptor.Policy
13:23:07.684 [Test worker] DEBUG org.hibernate.cfg.Configuration - Resolving reference to class: org.project.neutrino.nfvo.catalogue.mano.descriptor.NetworkForwardingPath
13:23:07.685 [Test worker] DEBUG org.hibernate.cfg.Configuration - Resolving reference to class: org.project.neutrino.nfvo.catalogue.mano.common.Security
13:23:07.685 [Test worker] DEBUG org.hibernate.cfg.Configuration - Resolving reference to class: org.project.neutrino.nfvo.catalogue.mano.descriptor.PhysicalNetworkFunctionDescriptor
13:23:07.685 [Test worker] DEBUG org.hibernate.cfg.Configuration - Resolving reference to class: org.project.neutrino.nfvo.catalogue.mano.descriptor.NetworkServiceDescriptor
13:23:07.685 [Test worker] DEBUG org.hibernate.cfg.Configuration - Resolving reference to class: org.project.neutrino.nfvo.catalogue.mano.common.VNFDependency
13:23:07.685 [Test worker] DEBUG org.hibernate.cfg.Configuration - Resolving reference to class: org.project.neutrino.nfvo.catalogue.mano.descriptor.NetworkServiceDescriptor
13:23:07.685 [Test worker] DEBUG org.hibernate.cfg.Configuration - Resolving reference to class: org.project.neutrino.nfvo.catalogue.mano.descriptor.VirtualNetworkFunctionDescriptor
13:23:07.685 [Test worker] DEBUG org.hibernate.cfg.Configuration - Resolving reference to class: org.project.neutrino.nfvo.catalogue.mano.descriptor.NetworkServiceDescriptor
13:23:07.685 [Test worker] DEBUG org.hibernate.cfg.Configuration - Resolving reference to class: org.project.neutrino.nfvo.catalogue.mano.common.NFVEntityDescriptor
13:23:07.685 [Test worker] DEBUG org.hibernate.cfg.Configuration - Resolving reference to class: org.project.neutrino.nfvo.catalogue.mano.common.LifecycleEvent
13:23:07.685 [Test worker] DEBUG org.hibernate.cfg.Configuration - Resolving reference to class: org.project.neutrino.nfvo.catalogue.mano.common.ServiceDeploymentFlavour
13:23:07.685 [Test worker] DEBUG org.hibernate.cfg.Configuration - Resolving reference to class: org.project.neutrino.nfvo.catalogue.mano.record.VirtualNetworkFunctionRecord
13:23:07.685 [Test worker] DEBUG org.hibernate.cfg.Configuration - Resolving reference to class: org.project.neutrino.nfvo.catalogue.mano.common.AutoScalePolicy
13:23:07.685 [Test worker] DEBUG org.hibernate.cfg.Configuration - Resolving reference to class: org.project.neutrino.nfvo.catalogue.mano.record.NetworkServiceRecord
13:23:07.685 [Test worker] DEBUG org.hibernate.cfg.Configuration - Resolving reference to class: org.project.neutrino.nfvo.catalogue.mano.common.ConnectionPoint
13:23:07.685 [Test worker] DEBUG org.hibernate.cfg.Configuration - Resolving reference to class: org.project.neutrino.nfvo.catalogue.mano.record.NetworkServiceRecord
13:23:07.685 [Test worker] DEBUG org.hibernate.cfg.Configuration - Resolving reference to class: org.project.neutrino.nfvo.catalogue.mano.common.LifecycleEvent
13:23:07.685 [Test worker] DEBUG org.hibernate.cfg.Configuration - Resolving reference to class: org.project.neutrino.nfvo.catalogue.mano.record.NetworkServiceRecord
13:23:07.685 [Test worker] DEBUG org.hibernate.cfg.Configuration - Resolving reference to class: org.project.neutrino.nfvo.catalogue.mano.record.NetworkServiceRecord
13:23:07.686 [Test worker] DEBUG org.hibernate.cfg.Configuration - Resolving reference to class: org.project.neutrino.nfvo.catalogue.mano.record.PhysicalNetworkFunctionRecord
13:23:07.686 [Test worker] DEBUG org.hibernate.cfg.Configuration - Resolving reference to class: org.project.neutrino.nfvo.catalogue.mano.record.NetworkServiceRecord
13:23:07.686 [Test worker] DEBUG org.hibernate.cfg.Configuration - Resolving reference to class: org.project.neutrino.nfvo.catalogue.mano.record.VirtualLinkRecord
13:23:07.686 [Test worker] DEBUG org.hibernate.cfg.Configuration - Resolving reference to class: org.project.neutrino.nfvo.catalogue.mano.record.NetworkServiceRecord
13:23:07.686 [Test worker] DEBUG org.hibernate.cfg.Configuration - Resolving reference to class: org.project.neutrino.nfvo.catalogue.mano.common.VNFDependency
13:23:07.686 [Test worker] DEBUG org.hibernate.cfg.Configuration - Resolving reference to class: org.project.neutrino.nfvo.catalogue.mano.record.NetworkServiceRecord
13:23:07.686 [Test worker] DEBUG org.hibernate.cfg.Configuration - Resolving reference to class: org.project.neutrino.nfvo.catalogue.mano.descriptor.VNFForwardingGraph
13:23:07.686 [Test worker] DEBUG org.hibernate.cfg.Configuration - Resolving reference to class: org.project.neutrino.nfvo.catalogue.mano.record.NetworkServiceRecord
13:23:07.686 [Test worker] DEBUG org.hibernate.cfg.Configuration - Resolving reference to class: org.project.neutrino.nfvo.catalogue.mano.common.AutoScalePolicy
13:23:07.686 [Test worker] DEBUG org.hibernate.cfg.Configuration - Resolving reference to class: org.project.neutrino.nfvo.catalogue.mano.common.NFVEntityDescriptor
13:23:07.686 [Test worker] DEBUG org.hibernate.cfg.Configuration - Resolving reference to class: org.project.neutrino.nfvo.catalogue.mano.common.ConnectionPoint
13:23:07.686 [Test worker] DEBUG org.hibernate.cfg.Configuration - Resolving reference to class: org.project.neutrino.nfvo.catalogue.mano.common.NFVEntityDescriptor
13:23:07.686 [Test worker] DEBUG org.hibernate.cfg.Configuration - Resolving reference to class: org.project.neutrino.nfvo.catalogue.mano.common.LifecycleEvent
13:23:07.687 [Test worker] DEBUG org.hibernate.cfg.Configuration - Resolving reference to class: org.project.neutrino.nfvo.catalogue.mano.common.NFVEntityDescriptor
13:23:07.687 [Test worker] DEBUG org.hibernate.cfg.Configuration - Resolving reference to class: org.project.neutrino.nfvo.catalogue.mano.common.NFVEntityDescriptor
13:23:07.687 [Test worker] DEBUG org.hibernate.cfg.Configuration - Resolving reference to class: org.project.neutrino.nfvo.catalogue.mano.common.DeploymentFlavour
13:23:07.687 [Test worker] DEBUG org.hibernate.cfg.Configuration - Resolving reference to class: org.project.neutrino.nfvo.catalogue.mano.common.NFVEntityDescriptor
13:23:07.687 [Test worker] DEBUG org.hibernate.cfg.Configuration - Resolving reference to class: org.project.neutrino.nfvo.catalogue.mano.descriptor.VirtualLinkDescriptor
13:23:07.687 [Test worker] DEBUG org.hibernate.cfg.Configuration - Resolving reference to class: org.project.neutrino.nfvo.catalogue.mano.common.NFVEntityDescriptor
13:23:07.687 [Test worker] DEBUG org.hibernate.cfg.Configuration - Resolving reference to class: org.project.neutrino.nfvo.catalogue.mano.descriptor.VNFForwardingGraph
13:23:07.687 [Test worker] DEBUG org.hibernate.cfg.Configuration - Resolving reference to class: org.project.neutrino.nfvo.catalogue.mano.common.NFVEntityDescriptor
13:23:07.687 [Test worker] DEBUG org.hibernate.cfg.Configuration - Resolving reference to class: org.project.neutrino.nfvo.catalogue.mano.common.Security
13:23:07.687 [Test worker] DEBUG org.hibernate.cfg.Configuration - Resolving reference to class: org.project.neutrino.nfvo.catalogue.mano.common.ConnectionPoint
13:23:07.687 [Test worker] DEBUG org.hibernate.cfg.Configuration - Resolving reference to class: org.project.neutrino.nfvo.catalogue.mano.descriptor.PhysicalNetworkFunctionDescriptor
13:23:07.687 [Test worker] DEBUG org.hibernate.cfg.Configuration - Resolving reference to class: org.project.neutrino.nfvo.catalogue.mano.descriptor.PhysicalNetworkFunctionDescriptor
13:23:07.687 [Test worker] DEBUG org.hibernate.cfg.Configuration - Resolving reference to class: org.project.neutrino.nfvo.catalogue.mano.record.NetworkServiceRecord
13:23:07.687 [Test worker] DEBUG org.hibernate.cfg.Configuration - Resolving reference to class: org.project.neutrino.nfvo.catalogue.mano.record.VirtualLinkRecord
13:23:07.687 [Test worker] DEBUG org.hibernate.cfg.Configuration - Resolving reference to class: org.project.neutrino.nfvo.catalogue.mano.record.PhysicalNetworkFunctionRecord
13:23:07.687 [Test worker] DEBUG org.hibernate.cfg.Configuration - Resolving reference to class: org.project.neutrino.nfvo.catalogue.mano.common.ConnectionPoint
13:23:07.687 [Test worker] DEBUG org.hibernate.cfg.Configuration - Resolving reference to class: org.project.neutrino.nfvo.catalogue.mano.record.PhysicalNetworkFunctionRecord
13:23:07.688 [Test worker] DEBUG org.hibernate.cfg.Configuration - Resolving reference to class: org.project.neutrino.nfvo.catalogue.mano.record.PhysicalNetworkFunctionRecord
13:23:07.688 [Test worker] DEBUG org.hibernate.cfg.Configuration - Resolving reference to class: org.project.neutrino.nfvo.catalogue.mano.record.VNFForwardingGraphRecord
13:23:07.688 [Test worker] DEBUG org.hibernate.cfg.Configuration - Resolving reference to class: org.project.neutrino.nfvo.catalogue.mano.record.PhysicalNetworkFunctionRecord
13:23:07.688 [Test worker] DEBUG org.hibernate.cfg.Configuration - Resolving reference to class: org.project.neutrino.nfvo.catalogue.mano.common.CostituentVNF
13:23:07.688 [Test worker] DEBUG org.hibernate.cfg.Configuration - Resolving reference to class: org.project.neutrino.nfvo.catalogue.mano.common.ServiceDeploymentFlavour
13:23:07.688 [Test worker] DEBUG org.hibernate.cfg.Configuration - Resolving reference to class: org.project.neutrino.nfvo.catalogue.mano.descriptor.VirtualDeploymentUnit
13:23:07.688 [Test worker] DEBUG org.hibernate.cfg.Configuration - Resolving reference to class: org.project.neutrino.nfvo.catalogue.mano.descriptor.VirtualDeploymentUnit
13:23:07.688 [Test worker] DEBUG org.hibernate.cfg.Configuration - Resolving reference to class: org.project.neutrino.nfvo.catalogue.mano.common.LifecycleEvent
13:23:07.688 [Test worker] DEBUG org.hibernate.cfg.Configuration - Resolving reference to class: org.project.neutrino.nfvo.catalogue.mano.descriptor.VirtualDeploymentUnit
13:23:07.688 [Test worker] DEBUG org.hibernate.cfg.Configuration - Resolving reference to class: org.project.neutrino.nfvo.catalogue.mano.descriptor.VirtualDeploymentUnit
13:23:07.688 [Test worker] DEBUG org.hibernate.cfg.Configuration - Resolving reference to class: org.project.neutrino.nfvo.catalogue.mano.descriptor.VirtualDeploymentUnit
13:23:07.688 [Test worker] DEBUG org.hibernate.cfg.Configuration - Resolving reference to class: org.project.neutrino.nfvo.catalogue.mano.descriptor.VNFComponent
13:23:07.688 [Test worker] DEBUG org.hibernate.cfg.Configuration - Resolving reference to class: org.project.neutrino.nfvo.catalogue.mano.descriptor.VirtualDeploymentUnit
13:23:07.688 [Test worker] DEBUG org.hibernate.cfg.Configuration - Resolving reference to class: org.project.neutrino.nfvo.catalogue.mano.common.Security
13:23:07.688 [Test worker] DEBUG org.hibernate.cfg.Configuration - Resolving reference to class: org.project.neutrino.nfvo.catalogue.mano.descriptor.VirtualLinkDescriptor
13:23:07.688 [Test worker] DEBUG org.hibernate.cfg.Configuration - Resolving reference to class: org.project.neutrino.nfvo.catalogue.mano.record.VirtualLinkRecord
13:23:07.688 [Test worker] DEBUG org.hibernate.cfg.Configuration - Resolving reference to class: org.project.neutrino.nfvo.catalogue.mano.record.VirtualLinkRecord
13:23:07.689 [Test worker] DEBUG org.hibernate.cfg.Configuration - Resolving reference to class: org.project.neutrino.nfvo.catalogue.mano.record.VirtualLinkRecord
13:23:07.689 [Test worker] DEBUG org.hibernate.cfg.Configuration - Resolving reference to class: org.project.neutrino.nfvo.catalogue.mano.common.LifecycleEvent
13:23:07.689 [Test worker] DEBUG org.hibernate.cfg.Configuration - Resolving reference to class: org.project.neutrino.nfvo.catalogue.mano.record.VirtualLinkRecord
13:23:07.689 [Test worker] DEBUG org.hibernate.cfg.Configuration - Resolving reference to class: org.project.neutrino.nfvo.catalogue.mano.record.VirtualLinkRecord
13:23:07.689 [Test worker] DEBUG org.hibernate.cfg.Configuration - Resolving reference to class: org.project.neutrino.nfvo.catalogue.mano.record.VirtualLinkRecord
13:23:07.689 [Test worker] DEBUG org.hibernate.cfg.Configuration - Resolving reference to class: org.project.neutrino.nfvo.catalogue.mano.record.VNFForwardingGraphRecord
13:23:07.689 [Test worker] DEBUG org.hibernate.cfg.Configuration - Resolving reference to class: org.project.neutrino.nfvo.catalogue.mano.record.VirtualLinkRecord
13:23:07.689 [Test worker] DEBUG org.hibernate.cfg.Configuration - Resolving reference to class: org.project.neutrino.nfvo.catalogue.mano.descriptor.VNFDDeploymentFlavour
13:23:07.689 [Test worker] DEBUG org.hibernate.cfg.Configuration - Resolving reference to class: org.project.neutrino.nfvo.catalogue.mano.descriptor.VirtualNetworkFunctionDescriptor
13:23:07.689 [Test worker] DEBUG org.hibernate.cfg.Configuration - Resolving reference to class: org.project.neutrino.nfvo.catalogue.mano.common.Security
13:23:07.689 [Test worker] DEBUG org.hibernate.cfg.Configuration - Resolving reference to class: org.project.neutrino.nfvo.catalogue.mano.descriptor.VirtualNetworkFunctionDescriptor
13:23:07.689 [Test worker] DEBUG org.hibernate.cfg.Configuration - Resolving reference to class: org.project.neutrino.nfvo.catalogue.mano.descriptor.VirtualDeploymentUnit
13:23:07.689 [Test worker] DEBUG org.hibernate.cfg.Configuration - Resolving reference to class: org.project.neutrino.nfvo.catalogue.mano.descriptor.VirtualNetworkFunctionDescriptor
13:23:07.689 [Test worker] DEBUG org.hibernate.cfg.Configuration - Resolving reference to class: org.project.neutrino.nfvo.catalogue.mano.descriptor.VDUDependency
13:23:07.689 [Test worker] DEBUG org.hibernate.cfg.Configuration - Resolving reference to class: org.project.neutrino.nfvo.catalogue.mano.descriptor.VirtualNetworkFunctionDescriptor
13:23:07.689 [Test worker] DEBUG org.hibernate.cfg.Configuration - Resolving reference to class: org.project.neutrino.nfvo.catalogue.mano.descriptor.InternalVirtualLink
13:23:07.689 [Test worker] DEBUG org.hibernate.cfg.Configuration - Resolving reference to class: org.project.neutrino.nfvo.catalogue.mano.descriptor.VirtualNetworkFunctionDescriptor
13:23:07.689 [Test worker] DEBUG org.hibernate.cfg.Configuration - Resolving reference to class: org.project.neutrino.nfvo.catalogue.mano.descriptor.VNFDDeploymentFlavour
13:23:07.689 [Test worker] DEBUG org.hibernate.cfg.Configuration - Resolving reference to class: org.project.neutrino.nfvo.catalogue.mano.common.LifecycleEvent
13:23:07.690 [Test worker] DEBUG org.hibernate.cfg.Configuration - Resolving reference to class: org.project.neutrino.nfvo.catalogue.mano.record.NetworkServiceRecord
13:23:07.690 [Test worker] DEBUG org.hibernate.cfg.Configuration - Resolving reference to class: org.project.neutrino.nfvo.catalogue.mano.common.AutoScalePolicy
13:23:07.690 [Test worker] DEBUG org.hibernate.cfg.Configuration - Resolving reference to class: org.project.neutrino.nfvo.catalogue.mano.record.VirtualNetworkFunctionRecord
13:23:07.690 [Test worker] DEBUG org.hibernate.cfg.Configuration - Resolving reference to class: org.project.neutrino.nfvo.catalogue.mano.record.VirtualLinkRecord
13:23:07.690 [Test worker] DEBUG org.hibernate.cfg.Configuration - Resolving reference to class: org.project.neutrino.nfvo.catalogue.mano.record.VirtualNetworkFunctionRecord
13:23:07.690 [Test worker] DEBUG org.hibernate.cfg.Configuration - Resolving reference to class: org.project.neutrino.nfvo.catalogue.mano.common.ConnectionPoint
13:23:07.690 [Test worker] DEBUG org.hibernate.cfg.Configuration - Resolving reference to class: org.project.neutrino.nfvo.catalogue.mano.record.VirtualNetworkFunctionRecord
13:23:07.690 [Test worker] DEBUG org.hibernate.cfg.Configuration - Resolving reference to class: org.project.neutrino.nfvo.catalogue.mano.common.VNFDependency
13:23:07.690 [Test worker] DEBUG org.hibernate.cfg.Configuration - Resolving reference to class: org.project.neutrino.nfvo.catalogue.mano.record.VirtualNetworkFunctionRecord
13:23:07.690 [Test worker] DEBUG org.hibernate.cfg.Configuration - Resolving reference to class: org.project.neutrino.nfvo.catalogue.mano.common.LifecycleEvent
13:23:07.690 [Test worker] DEBUG org.hibernate.cfg.Configuration - Resolving reference to class: org.project.neutrino.nfvo.catalogue.mano.record.VirtualNetworkFunctionRecord
13:23:07.690 [Test worker] DEBUG org.hibernate.cfg.Configuration - Resolving reference to class: org.project.neutrino.nfvo.catalogue.mano.record.VirtualNetworkFunctionRecord
13:23:07.690 [Test worker] DEBUG org.hibernate.cfg.Configuration - Resolving reference to class: org.project.neutrino.nfvo.catalogue.mano.record.VirtualNetworkFunctionRecord
13:23:07.690 [Test worker] DEBUG org.hibernate.cfg.Configuration - Resolving reference to class: org.project.neutrino.nfvo.catalogue.mano.record.VirtualNetworkFunctionRecord
13:23:07.690 [Test worker] DEBUG org.hibernate.cfg.Configuration - Resolving reference to class: org.project.neutrino.nfvo.catalogue.mano.descriptor.VirtualDeploymentUnit
13:23:07.690 [Test worker] DEBUG org.hibernate.cfg.Configuration - Resolving reference to class: org.project.neutrino.nfvo.catalogue.mano.record.VirtualNetworkFunctionRecord
13:23:07.691 [Test worker] DEBUG org.hibernate.cfg.Configuration - Resolving reference to class: org.project.neutrino.nfvo.catalogue.mano.descriptor.InternalVirtualLink
13:23:07.691 [Test worker] DEBUG org.hibernate.cfg.Configuration - Resolving reference to class: org.project.neutrino.nfvo.catalogue.mano.record.VirtualNetworkFunctionRecord
13:23:07.691 [Test worker] DEBUG org.hibernate.cfg.Configuration - Resolving reference to class: org.project.neutrino.nfvo.catalogue.mano.record.VirtualNetworkFunctionRecord
13:23:07.691 [Test worker] DEBUG org.hibernate.cfg.Configuration - Resolving reference to class: org.project.neutrino.nfvo.catalogue.mano.descriptor.VNFDConnectionPoint
13:23:07.691 [Test worker] DEBUG org.hibernate.cfg.Configuration - Resolving reference to class: org.project.neutrino.nfvo.catalogue.mano.descriptor.VNFComponent
13:23:07.691 [Test worker] DEBUG org.hibernate.cfg.Configuration - Resolving reference to class: org.project.neutrino.nfvo.catalogue.mano.common.CostituentVDU
13:23:07.691 [Test worker] DEBUG org.hibernate.cfg.Configuration - Resolving reference to class: org.project.neutrino.nfvo.catalogue.mano.descriptor.VNFDDeploymentFlavour
13:23:07.691 [Test worker] DEBUG org.hibernate.cfg.Configuration - Resolving reference to class: org.project.neutrino.nfvo.catalogue.mano.descriptor.VNFDDeploymentFlavour
13:23:07.691 [Test worker] DEBUG org.hibernate.cfg.Configuration - Resolving reference to class: org.project.neutrino.nfvo.catalogue.mano.descriptor.VirtualNetworkFunctionDescriptor
13:23:07.691 [Test worker] DEBUG org.hibernate.cfg.Configuration - Resolving reference to class: org.project.neutrino.nfvo.catalogue.mano.descriptor.VirtualNetworkFunctionDescriptor
13:23:07.691 [Test worker] DEBUG org.hibernate.cfg.Configuration - Resolving reference to class: org.project.neutrino.nfvo.catalogue.mano.common.Security
13:23:07.691 [Test worker] DEBUG org.hibernate.cfg.Configuration - Resolving reference to class: org.project.neutrino.nfvo.catalogue.mano.common.ConnectionPoint
13:23:07.691 [Test worker] DEBUG org.hibernate.cfg.Configuration - Resolving reference to class: org.project.neutrino.nfvo.catalogue.mano.descriptor.VNFForwardingGraph
13:23:07.691 [Test worker] DEBUG org.hibernate.cfg.Configuration - Resolving reference to class: org.project.neutrino.nfvo.catalogue.mano.common.CostituentVNF
13:23:07.691 [Test worker] DEBUG org.hibernate.cfg.Configuration - Resolving reference to class: org.project.neutrino.nfvo.catalogue.mano.descriptor.VNFForwardingGraph
13:23:07.691 [Test worker] DEBUG org.hibernate.cfg.Configuration - Resolving reference to class: org.project.neutrino.nfvo.catalogue.mano.descriptor.VirtualLinkDescriptor
13:23:07.691 [Test worker] DEBUG org.hibernate.cfg.Configuration - Resolving reference to class: org.project.neutrino.nfvo.catalogue.mano.descriptor.VNFForwardingGraph
13:23:07.691 [Test worker] DEBUG org.hibernate.cfg.Configuration - Resolving reference to class: org.project.neutrino.nfvo.catalogue.mano.descriptor.NetworkForwardingPath
13:23:07.692 [Test worker] DEBUG org.hibernate.cfg.Configuration - Resolving reference to class: org.project.neutrino.nfvo.catalogue.mano.descriptor.VNFForwardingGraph
13:23:07.692 [Test worker] DEBUG org.hibernate.cfg.Configuration - Resolving reference to class: org.project.neutrino.nfvo.catalogue.mano.descriptor.VNFForwardingGraph
13:23:07.692 [Test worker] DEBUG org.hibernate.cfg.Configuration - Resolving reference to class: org.project.neutrino.nfvo.catalogue.mano.descriptor.NetworkForwardingPath
13:23:07.692 [Test worker] DEBUG org.hibernate.cfg.Configuration - Resolving reference to class: org.project.neutrino.nfvo.catalogue.mano.record.NetworkServiceRecord
13:23:07.692 [Test worker] DEBUG org.hibernate.cfg.Configuration - Resolving reference to class: org.project.neutrino.nfvo.catalogue.mano.descriptor.VNFDConnectionPoint
13:23:07.692 [Test worker] DEBUG org.hibernate.cfg.Configuration - Resolving reference to class: org.project.neutrino.nfvo.catalogue.mano.record.VNFForwardingGraphRecord
13:23:07.692 [Test worker] DEBUG org.hibernate.cfg.Configuration - Resolving reference to class: org.project.neutrino.nfvo.catalogue.mano.record.VirtualLinkRecord
13:23:07.692 [Test worker] DEBUG org.hibernate.cfg.Configuration - Resolving reference to class: org.project.neutrino.nfvo.catalogue.mano.record.VNFForwardingGraphRecord
13:23:07.692 [Test worker] DEBUG org.hibernate.cfg.Configuration - Resolving reference to class: org.project.neutrino.nfvo.catalogue.mano.common.LifecycleEvent
13:23:07.692 [Test worker] DEBUG org.hibernate.cfg.Configuration - Resolving reference to class: org.project.neutrino.nfvo.catalogue.mano.record.VNFForwardingGraphRecord
13:23:07.692 [Test worker] DEBUG org.hibernate.cfg.Configuration - Resolving reference to class: org.project.neutrino.nfvo.catalogue.mano.record.VirtualNetworkFunctionRecord
13:23:07.692 [Test worker] DEBUG org.hibernate.cfg.Configuration - Resolving reference to class: org.project.neutrino.nfvo.catalogue.mano.record.VNFForwardingGraphRecord
13:23:07.692 [Test worker] DEBUG org.hibernate.cfg.Configuration - Resolving reference to class: org.project.neutrino.nfvo.catalogue.mano.record.VNFForwardingGraphRecord
13:23:07.692 [Test worker] DEBUG o.h.i.f.i.DefaultIdentifierGeneratorFactory - Setting dialect [org.hibernate.dialect.MySQL5Dialect]
13:23:07.692 [Test worker] DEBUG o.h.i.f.i.DefaultIdentifierGeneratorFactory - Setting dialect [org.hibernate.dialect.MySQL5Dialect]
13:23:07.692 [Test worker] DEBUG o.h.i.f.i.DefaultIdentifierGeneratorFactory - Setting dialect [org.hibernate.dialect.MySQL5Dialect]
13:23:07.693 [Test worker] DEBUG o.h.i.f.i.DefaultIdentifierGeneratorFactory - Setting dialect [org.hibernate.dialect.MySQL5Dialect]
13:23:07.693 [Test worker] DEBUG o.h.i.f.i.DefaultIdentifierGeneratorFactory - Setting dialect [org.hibernate.dialect.MySQL5Dialect]
13:23:07.693 [Test worker] DEBUG o.h.i.f.i.DefaultIdentifierGeneratorFactory - Setting dialect [org.hibernate.dialect.MySQL5Dialect]
13:23:07.693 [Test worker] DEBUG o.h.i.f.i.DefaultIdentifierGeneratorFactory - Setting dialect [org.hibernate.dialect.MySQL5Dialect]
13:23:07.693 [Test worker] DEBUG o.h.i.f.i.DefaultIdentifierGeneratorFactory - Setting dialect [org.hibernate.dialect.MySQL5Dialect]
13:23:07.693 [Test worker] DEBUG o.h.i.f.i.DefaultIdentifierGeneratorFactory - Setting dialect [org.hibernate.dialect.MySQL5Dialect]
13:23:07.693 [Test worker] DEBUG o.h.i.f.i.DefaultIdentifierGeneratorFactory - Setting dialect [org.hibernate.dialect.MySQL5Dialect]
13:23:07.693 [Test worker] DEBUG o.h.i.f.i.DefaultIdentifierGeneratorFactory - Setting dialect [org.hibernate.dialect.MySQL5Dialect]
13:23:07.693 [Test worker] DEBUG o.h.i.f.i.DefaultIdentifierGeneratorFactory - Setting dialect [org.hibernate.dialect.MySQL5Dialect]
13:23:07.694 [Test worker] DEBUG o.h.i.f.i.DefaultIdentifierGeneratorFactory - Setting dialect [org.hibernate.dialect.MySQL5Dialect]
13:23:07.694 [Test worker] DEBUG o.h.i.f.i.DefaultIdentifierGeneratorFactory - Setting dialect [org.hibernate.dialect.MySQL5Dialect]
13:23:07.694 [Test worker] DEBUG o.h.i.f.i.DefaultIdentifierGeneratorFactory - Setting dialect [org.hibernate.dialect.MySQL5Dialect]
13:23:07.694 [Test worker] DEBUG o.h.i.f.i.DefaultIdentifierGeneratorFactory - Setting dialect [org.hibernate.dialect.MySQL5Dialect]
13:23:07.694 [Test worker] DEBUG o.h.i.f.i.DefaultIdentifierGeneratorFactory - Setting dialect [org.hibernate.dialect.MySQL5Dialect]
13:23:07.694 [Test worker] DEBUG o.h.i.f.i.DefaultIdentifierGeneratorFactory - Setting dialect [org.hibernate.dialect.MySQL5Dialect]
13:23:07.694 [Test worker] DEBUG o.h.i.f.i.DefaultIdentifierGeneratorFactory - Setting dialect [org.hibernate.dialect.MySQL5Dialect]
13:23:07.694 [Test worker] DEBUG o.h.i.f.i.DefaultIdentifierGeneratorFactory - Setting dialect [org.hibernate.dialect.MySQL5Dialect]
13:23:07.696 [Test worker] DEBUG o.h.i.f.i.DefaultIdentifierGeneratorFactory - Setting dialect [org.hibernate.dialect.MySQL5Dialect]
13:23:07.696 [Test worker] DEBUG o.h.i.f.i.DefaultIdentifierGeneratorFactory - Setting dialect [org.hibernate.dialect.MySQL5Dialect]
13:23:07.697 [Test worker] DEBUG o.h.i.f.i.DefaultIdentifierGeneratorFactory - Setting dialect [org.hibernate.dialect.MySQL5Dialect]
13:23:07.697 [Test worker] DEBUG o.h.i.f.i.DefaultIdentifierGeneratorFactory - Setting dialect [org.hibernate.dialect.MySQL5Dialect]
13:23:07.697 [Test worker] DEBUG o.h.i.f.i.DefaultIdentifierGeneratorFactory - Setting dialect [org.hibernate.dialect.MySQL5Dialect]
13:23:07.697 [Test worker] DEBUG o.h.i.f.i.DefaultIdentifierGeneratorFactory - Setting dialect [org.hibernate.dialect.MySQL5Dialect]
13:23:07.697 [Test worker] DEBUG o.h.i.f.i.DefaultIdentifierGeneratorFactory - Setting dialect [org.hibernate.dialect.MySQL5Dialect]
13:23:07.697 [Test worker] DEBUG o.h.i.f.i.DefaultIdentifierGeneratorFactory - Setting dialect [org.hibernate.dialect.MySQL5Dialect]
13:23:07.697 [Test worker] DEBUG o.h.i.f.i.DefaultIdentifierGeneratorFactory - Setting dialect [org.hibernate.dialect.MySQL5Dialect]
13:23:07.697 [Test worker] DEBUG o.h.i.f.i.DefaultIdentifierGeneratorFactory - Setting dialect [org.hibernate.dialect.MySQL5Dialect]
13:23:07.697 [Test worker] DEBUG o.h.i.f.i.DefaultIdentifierGeneratorFactory - Setting dialect [org.hibernate.dialect.MySQL5Dialect]
13:23:07.697 [Test worker] DEBUG o.h.i.f.i.DefaultIdentifierGeneratorFactory - Setting dialect [org.hibernate.dialect.MySQL5Dialect]
13:23:07.697 [Test worker] DEBUG o.h.i.f.i.DefaultIdentifierGeneratorFactory - Setting dialect [org.hibernate.dialect.MySQL5Dialect]
13:23:07.698 [Test worker] DEBUG o.h.i.f.i.DefaultIdentifierGeneratorFactory - Setting dialect [org.hibernate.dialect.MySQL5Dialect]
13:23:07.698 [Test worker] DEBUG o.h.i.f.i.DefaultIdentifierGeneratorFactory - Setting dialect [org.hibernate.dialect.MySQL5Dialect]
13:23:07.698 [Test worker] DEBUG o.h.i.f.i.DefaultIdentifierGeneratorFactory - Setting dialect [org.hibernate.dialect.MySQL5Dialect]
13:23:07.698 [Test worker] DEBUG o.h.i.f.i.DefaultIdentifierGeneratorFactory - Setting dialect [org.hibernate.dialect.MySQL5Dialect]
13:23:07.698 [Test worker] DEBUG o.h.i.f.i.DefaultIdentifierGeneratorFactory - Setting dialect [org.hibernate.dialect.MySQL5Dialect]
13:23:07.698 [Test worker] DEBUG o.h.i.f.i.DefaultIdentifierGeneratorFactory - Setting dialect [org.hibernate.dialect.MySQL5Dialect]
13:23:07.698 [Test worker] DEBUG o.h.i.f.i.DefaultIdentifierGeneratorFactory - Setting dialect [org.hibernate.dialect.MySQL5Dialect]
13:23:07.698 [Test worker] DEBUG o.h.i.f.i.DefaultIdentifierGeneratorFactory - Setting dialect [org.hibernate.dialect.MySQL5Dialect]
13:23:07.698 [Test worker] DEBUG o.h.i.f.i.DefaultIdentifierGeneratorFactory - Setting dialect [org.hibernate.dialect.MySQL5Dialect]
13:23:07.699 [Test worker] DEBUG o.h.internal.NamedQueryRepository - Checking 0 named HQL queries
13:23:07.699 [Test worker] DEBUG o.h.internal.NamedQueryRepository - Checking 0 named SQL queries
13:23:07.704 [Test worker] DEBUG o.h.s.internal.StatisticsInitiator - Statistics initialized [enabled=false]
13:23:07.710 [Test worker] DEBUG o.h.j.i.schemagen.JpaSchemaGenerator - No actions specified; doing nothing
13:23:07.762 [Test worker] DEBUG o.h.j.i.EntityManagerFactoryRegistry - Initializing EntityManagerFactoryRegistry : org.hibernate.jpa.internal.EntityManagerFactoryRegistry@10e3eec
13:23:07.762 [Test worker] DEBUG o.h.j.i.EntityManagerFactoryRegistry - Registering EntityManagerFactory: default 
13:23:07.766 [Test worker] DEBUG o.s.b.f.s.DefaultListableBeanFactory - Returning cached instance of singleton bean 'org.springframework.transaction.config.internalTransactionAdvisor'
13:23:07.766 [Test worker] DEBUG o.s.b.f.s.DefaultListableBeanFactory - Returning cached instance of singleton bean 'org.springframework.transaction.config.internalTransactionAdvisor'
13:23:07.768 [Test worker] DEBUG o.s.j.a.JmsListenerAnnotationBeanPostProcessor - No @JmsListener annotations found on bean class: class org.springframework.orm.jpa.LocalContainerEntityManagerFactoryBean
13:23:07.768 [Test worker] DEBUG o.s.b.f.s.DefaultListableBeanFactory - Finished creating instance of bean 'entityManagerFactory'
13:23:07.768 [Test worker] DEBUG o.s.b.f.s.DefaultListableBeanFactory - Pre-instantiating singletons in org.springframework.beans.factory.support.DefaultListableBeanFactory@2462ea85: defining beans [org.springframework.context.annotation.internalConfigurationAnnotationProcessor,org.springframework.context.annotation.internalAutowiredAnnotationProcessor,org.springframework.context.annotation.internalRequiredAnnotationProcessor,org.springframework.context.annotation.internalCommonAnnotationProcessor,org.springframework.context.annotation.internalPersistenceAnnotationProcessor,applicationTest,org.springframework.context.annotation.ConfigurationClassPostProcessor.importAwareProcessor,org.springframework.context.annotation.ConfigurationClassPostProcessor.enhancedConfigurationProcessor,NSDRepositoryImpl,myBean,receiver,senderImpl,org.springframework.jms.annotation.JmsBootstrapConfiguration,org.springframework.jms.config.internalJmsListenerAnnotationProcessor,org.springframework.jms.config.internalJmsListenerEndpointRegistry,myJmsContainerFactory,dataSource,org.springframework.data.jpa.repository.config.JpaRepositoryConfigExtension#0,org.springframework.data.repository.core.support.RepositoryInterfaceAwareBeanPostProcessor,foo,jpaMappingContext,entityScanBeanPostProcessor,org.springframework.boot.autoconfigure.AutoConfigurationPackages,org.springframework.boot.autoconfigure.PropertyPlaceholderAutoConfiguration,org.springframework.boot.autoconfigure.condition.BeanTypeRegistry,propertySourcesPlaceholderConfigurer,org.springframework.boot.autoconfigure.aop.AopAutoConfiguration$JdkDynamicAutoProxyConfiguration,org.springframework.aop.config.internalAutoProxyCreator,org.springframework.boot.autoconfigure.aop.AopAutoConfiguration,org.springframework.boot.autoconfigure.jta.JtaAutoConfiguration,spring.jta.CONFIGURATION_PROPERTIES,org.springframework.boot.context.properties.ConfigurationPropertiesBindingPostProcessor,org.springframework.boot.context.properties.ConfigurationPropertiesBindingPostProcessor.store,org.springframework.boot.autoconfigure.jdbc.DataSourceAutoConfiguration$JdbcTemplateConfiguration,jdbcTemplate,namedParameterJdbcTemplate,org.springframework.boot.autoconfigure.jdbc.DataSourceAutoConfiguration$DataSourceInitializerConfiguration,dataSourceInitializer,org.springframework.boot.autoconfigure.jdbc.metadata.DataSourcePoolMetadataProvidersConfiguration$CommonsDbcpPoolDataSourceMetadataProviderConfiguration,commonsDbcpPoolDataSourceMetadataProvider,org.springframework.boot.autoconfigure.jdbc.metadata.DataSourcePoolMetadataProvidersConfiguration$TomcatDataSourcePoolMetadataProviderConfiguration,tomcatPoolDataSourceMetadataProvider,org.springframework.boot.autoconfigure.jdbc.metadata.DataSourcePoolMetadataProvidersConfiguration,org.springframework.boot.autoconfigure.jdbc.DataSourceAutoConfiguration,spring.datasource.CONFIGURATION_PROPERTIES,dataSourceInitializerPostProcessor,org.springframework.boot.autoconfigure.orm.jpa.HibernateJpaAutoConfiguration,transactionManager,jpaVendorAdapter,entityManagerFactoryBuilder,entityManagerFactory,spring.jpa.CONFIGURATION_PROPERTIES,dataSourceInitializedPublisher,org.springframework.boot.autoconfigure.dao.PersistenceExceptionTranslationAutoConfiguration,persistenceExceptionTranslationPostProcessor,org.springframework.boot.autoconfigure.jmx.JmxAutoConfiguration,mbeanExporter,objectNamingStrategy,mbeanServer,org.springframework.transaction.annotation.ProxyTransactionManagementConfiguration,org.springframework.transaction.config.internalTransactionAdvisor,transactionAttributeSource,transactionInterceptor,org.springframework.boot.autoconfigure.jdbc.DataSourceTransactionManagerAutoConfiguration$TransactionManagementConfiguration,org.springframework.boot.autoconfigure.jdbc.DataSourceTransactionManagerAutoConfiguration,org.springframework.boot.autoconfigure.jms.activemq.ActiveMQConnectionFactoryConfiguration,jmsConnectionFactory,org.springframework.boot.autoconfigure.jms.activemq.ActiveMQAutoConfiguration,spring.activemq.CONFIGURATION_PROPERTIES,org.springframework.boot.autoconfigure.jms.JmsAutoConfiguration$MessagingTemplateConfiguration,jmsMessagingTemplate,org.springframework.boot.autoconfigure.jms.JmsAnnotationDrivenConfiguration,jmsListenerContainerFactory,org.springframework.boot.autoconfigure.jms.JmsAutoConfiguration,jmsTemplate,spring.jms.CONFIGURATION_PROPERTIES,org.springframework.orm.jpa.SharedEntityManagerCreator#0]; root of factory hierarchy
13:23:07.768 [Test worker] DEBUG o.s.b.f.s.DefaultListableBeanFactory - Returning cached instance of singleton bean 'org.springframework.context.annotation.internalConfigurationAnnotationProcessor'
13:23:07.768 [Test worker] DEBUG o.s.b.f.s.DefaultListableBeanFactory - Returning cached instance of singleton bean 'org.springframework.context.annotation.internalAutowiredAnnotationProcessor'
13:23:07.768 [Test worker] DEBUG o.s.b.f.s.DefaultListableBeanFactory - Returning cached instance of singleton bean 'org.springframework.context.annotation.internalRequiredAnnotationProcessor'
13:23:07.768 [Test worker] DEBUG o.s.b.f.s.DefaultListableBeanFactory - Returning cached instance of singleton bean 'org.springframework.context.annotation.internalCommonAnnotationProcessor'
13:23:07.768 [Test worker] DEBUG o.s.b.f.s.DefaultListableBeanFactory - Returning cached instance of singleton bean 'org.springframework.context.annotation.internalPersistenceAnnotationProcessor'
13:23:07.768 [Test worker] DEBUG o.s.b.f.s.DefaultListableBeanFactory - Returning cached instance of singleton bean 'applicationTest'
13:23:07.768 [Test worker] DEBUG o.s.b.f.s.DefaultListableBeanFactory - Returning cached instance of singleton bean 'org.springframework.context.annotation.ConfigurationClassPostProcessor.importAwareProcessor'
13:23:07.768 [Test worker] DEBUG o.s.b.f.s.DefaultListableBeanFactory - Returning cached instance of singleton bean 'org.springframework.context.annotation.ConfigurationClassPostProcessor.enhancedConfigurationProcessor'
13:23:07.768 [Test worker] DEBUG o.s.b.f.s.DefaultListableBeanFactory - Creating shared instance of singleton bean 'NSDRepositoryImpl'
13:23:07.769 [Test worker] DEBUG o.s.b.f.s.DefaultListableBeanFactory - Creating instance of bean 'NSDRepositoryImpl'
13:23:07.769 [Test worker] DEBUG o.s.b.f.s.DefaultListableBeanFactory - Returning cached instance of singleton bean 'org.springframework.transaction.config.internalTransactionAdvisor'
13:23:07.771 [Test worker] DEBUG o.s.b.f.annotation.InjectionMetadata - Registered injected element on class [org.project.neutrino.nfvo.core.repositories.NSDRepositoryImpl]: PersistenceElement for private javax.persistence.EntityManager org.project.neutrino.nfvo.core.repositories.NSDRepositoryImpl.entityManager
13:23:07.772 [Test worker] DEBUG o.s.b.f.s.DefaultListableBeanFactory - Eagerly caching bean 'NSDRepositoryImpl' to allow for resolving potential circular references
13:23:07.773 [Test worker] DEBUG o.s.b.f.annotation.InjectionMetadata - Processing injected element of bean 'NSDRepositoryImpl': PersistenceElement for private javax.persistence.EntityManager org.project.neutrino.nfvo.core.repositories.NSDRepositoryImpl.entityManager
13:23:07.775 [Test worker] DEBUG o.s.b.f.s.DefaultListableBeanFactory - Returning cached instance of singleton bean 'entityManagerFactory'
13:23:07.775 [Test worker] DEBUG o.s.b.f.s.DefaultListableBeanFactory - Returning cached instance of singleton bean 'org.springframework.transaction.config.internalTransactionAdvisor'
13:23:07.775 [Test worker] DEBUG o.s.b.f.s.DefaultListableBeanFactory - Returning cached instance of singleton bean 'org.springframework.transaction.config.internalTransactionAdvisor'
13:23:07.777 [Test worker] DEBUG o.s.j.a.JmsListenerAnnotationBeanPostProcessor - No @JmsListener annotations found on bean class: class com.sun.proxy.$Proxy60
13:23:07.777 [Test worker] DEBUG o.s.jdbc.datasource.DataSourceUtils - Fetching JDBC Connection from DataSource
13:23:07.777 [Test worker] DEBUG o.s.j.d.SimpleDriverDataSource - Creating new JDBC Driver Connection to [jdbc:hsqldb:mem:testdb]
13:23:07.778 [Test worker] DEBUG o.s.jdbc.datasource.DataSourceUtils - Returning JDBC Connection to DataSource
13:23:07.779 [Test worker] DEBUG o.s.b.f.s.DefaultListableBeanFactory - Returning cached instance of singleton bean 'dataSourceInitializer'
13:23:07.844 [Test worker] DEBUG o.s.b.f.s.DefaultListableBeanFactory - Returning cached instance of singleton bean 'org.springframework.transaction.config.internalTransactionAdvisor'
13:23:07.844 [Test worker] DEBUG o.s.b.f.s.DefaultListableBeanFactory - Returning cached instance of singleton bean 'org.springframework.transaction.config.internalTransactionAdvisor'
13:23:07.845 [Test worker] DEBUG o.s.t.a.AnnotationTransactionAttributeSource - Adding transactional method 'NSDRepositoryImpl.find' with attribute: PROPAGATION_REQUIRED,ISOLATION_DEFAULT,readOnly; ''
13:23:07.849 [Test worker] DEBUG o.s.a.a.a.AnnotationAwareAspectJAutoProxyCreator - Creating implicit proxy for bean 'NSDRepositoryImpl' with 0 common interceptors and 1 specific interceptors
13:23:07.850 [Test worker] DEBUG o.s.aop.framework.JdkDynamicAopProxy - Creating JDK dynamic proxy: target source is SingletonTargetSource for target object [org.project.neutrino.nfvo.core.repositories.NSDRepositoryImpl@775ac966]
13:23:07.853 [Test worker] DEBUG o.s.j.a.JmsListenerAnnotationBeanPostProcessor - No @JmsListener annotations found on bean class: class com.sun.proxy.$Proxy64
13:23:07.853 [Test worker] DEBUG o.s.b.f.s.DefaultListableBeanFactory - Finished creating instance of bean 'NSDRepositoryImpl'
13:23:07.853 [Test worker] DEBUG o.s.b.f.s.DefaultListableBeanFactory - Creating shared instance of singleton bean 'myBean'
13:23:07.853 [Test worker] DEBUG o.s.b.f.s.DefaultListableBeanFactory - Creating instance of bean 'myBean'
13:23:07.854 [Test worker] DEBUG o.s.b.f.s.DefaultListableBeanFactory - Returning cached instance of singleton bean 'org.springframework.transaction.config.internalTransactionAdvisor'
13:23:07.854 [Test worker] DEBUG o.s.b.f.annotation.InjectionMetadata - Registered injected element on class [org.project.neutrino.nfvo.core.beans.MyBean]: AutowiredFieldElement for org.springframework.context.ConfigurableApplicationContext org.project.neutrino.nfvo.core.beans.MyBean.context
13:23:07.854 [Test worker] DEBUG o.s.b.f.s.DefaultListableBeanFactory - Eagerly caching bean 'myBean' to allow for resolving potential circular references
13:23:07.855 [Test worker] DEBUG o.s.b.f.annotation.InjectionMetadata - Processing injected element of bean 'myBean': AutowiredFieldElement for org.springframework.context.ConfigurableApplicationContext org.project.neutrino.nfvo.core.beans.MyBean.context
13:23:07.856 [Test worker] DEBUG o.s.b.f.a.AutowiredAnnotationBeanPostProcessor - Autowiring by type from bean name 'myBean' to bean named 'org.springframework.context.support.GenericApplicationContext@4be95777'
13:23:07.857 [Test worker] DEBUG o.s.b.f.s.DefaultListableBeanFactory - Returning cached instance of singleton bean 'org.springframework.transaction.config.internalTransactionAdvisor'
13:23:07.857 [Test worker] DEBUG o.s.b.f.s.DefaultListableBeanFactory - Returning cached instance of singleton bean 'org.springframework.transaction.config.internalTransactionAdvisor'
13:23:07.858 [Test worker] DEBUG o.s.j.a.JmsListenerAnnotationBeanPostProcessor - No @JmsListener annotations found on bean class: class org.project.neutrino.nfvo.core.beans.MyBean
13:23:07.858 [Test worker] DEBUG o.s.b.f.s.DefaultListableBeanFactory - Finished creating instance of bean 'myBean'
13:23:07.858 [Test worker] DEBUG o.s.b.f.s.DefaultListableBeanFactory - Creating shared instance of singleton bean 'receiver'
13:23:07.858 [Test worker] DEBUG o.s.b.f.s.DefaultListableBeanFactory - Creating instance of bean 'receiver'
13:23:07.858 [Test worker] DEBUG o.s.b.f.s.DefaultListableBeanFactory - Returning cached instance of singleton bean 'org.springframework.transaction.config.internalTransactionAdvisor'
13:23:07.859 [Test worker] DEBUG o.s.b.f.annotation.InjectionMetadata - Registered injected element on class [org.project.neutrino.nfvo.core.beans.Receiver]: AutowiredFieldElement for org.springframework.context.ConfigurableApplicationContext org.project.neutrino.nfvo.core.beans.Receiver.context
13:23:07.859 [Test worker] DEBUG o.s.b.f.s.DefaultListableBeanFactory - Eagerly caching bean 'receiver' to allow for resolving potential circular references
13:23:07.860 [Test worker] DEBUG o.s.b.f.annotation.InjectionMetadata - Processing injected element of bean 'receiver': AutowiredFieldElement for org.springframework.context.ConfigurableApplicationContext org.project.neutrino.nfvo.core.beans.Receiver.context
13:23:07.861 [Test worker] DEBUG o.s.b.f.a.AutowiredAnnotationBeanPostProcessor - Autowiring by type from bean name 'receiver' to bean named 'org.springframework.context.support.GenericApplicationContext@4be95777'
13:23:07.861 [Test worker] DEBUG o.s.b.f.s.DefaultListableBeanFactory - Returning cached instance of singleton bean 'org.springframework.transaction.config.internalTransactionAdvisor'
13:23:07.861 [Test worker] DEBUG o.s.b.f.s.DefaultListableBeanFactory - Returning cached instance of singleton bean 'org.springframework.transaction.config.internalTransactionAdvisor'
13:23:07.862 [Test worker] DEBUG o.s.b.f.s.DefaultListableBeanFactory - Creating shared instance of singleton bean 'myJmsContainerFactory'
13:23:07.862 [Test worker] DEBUG o.s.b.f.s.DefaultListableBeanFactory - Creating instance of bean 'myJmsContainerFactory'
13:23:07.862 [Test worker] DEBUG o.s.b.f.s.DefaultListableBeanFactory - Returning cached instance of singleton bean 'org.springframework.transaction.config.internalTransactionAdvisor'
13:23:07.862 [Test worker] DEBUG o.s.b.f.s.DefaultListableBeanFactory - Returning cached instance of singleton bean 'myBean'
13:23:07.864 [Test worker] DEBUG o.s.b.f.s.DefaultListableBeanFactory - Creating shared instance of singleton bean 'jmsConnectionFactory'
13:23:07.864 [Test worker] DEBUG o.s.b.f.s.DefaultListableBeanFactory - Creating instance of bean 'jmsConnectionFactory'
13:23:07.864 [Test worker] DEBUG o.s.b.f.s.DefaultListableBeanFactory - Returning cached instance of singleton bean 'org.springframework.transaction.config.internalTransactionAdvisor'
13:23:07.864 [Test worker] DEBUG o.s.b.f.s.DefaultListableBeanFactory - Creating shared instance of singleton bean 'org.springframework.boot.autoconfigure.jms.activemq.ActiveMQConnectionFactoryConfiguration'
13:23:07.864 [Test worker] DEBUG o.s.b.f.s.DefaultListableBeanFactory - Creating instance of bean 'org.springframework.boot.autoconfigure.jms.activemq.ActiveMQConnectionFactoryConfiguration'
13:23:07.864 [Test worker] DEBUG o.s.b.f.s.DefaultListableBeanFactory - Returning cached instance of singleton bean 'org.springframework.transaction.config.internalTransactionAdvisor'
13:23:07.864 [Test worker] DEBUG o.s.b.f.s.DefaultListableBeanFactory - Eagerly caching bean 'org.springframework.boot.autoconfigure.jms.activemq.ActiveMQConnectionFactoryConfiguration' to allow for resolving potential circular references
13:23:07.866 [Test worker] DEBUG o.s.b.f.s.DefaultListableBeanFactory - Returning cached instance of singleton bean 'org.springframework.transaction.config.internalTransactionAdvisor'
13:23:07.866 [Test worker] DEBUG o.s.b.f.s.DefaultListableBeanFactory - Returning cached instance of singleton bean 'org.springframework.transaction.config.internalTransactionAdvisor'
13:23:07.867 [Test worker] DEBUG o.s.j.a.JmsListenerAnnotationBeanPostProcessor - No @JmsListener annotations found on bean class: class org.springframework.boot.autoconfigure.jms.activemq.ActiveMQConnectionFactoryConfiguration$$EnhancerBySpringCGLIB$$21bcf964
13:23:07.867 [Test worker] DEBUG o.s.b.f.s.DefaultListableBeanFactory - Finished creating instance of bean 'org.springframework.boot.autoconfigure.jms.activemq.ActiveMQConnectionFactoryConfiguration'
13:23:07.869 [Test worker] DEBUG o.s.b.f.s.DefaultListableBeanFactory - Creating shared instance of singleton bean 'spring.activemq.CONFIGURATION_PROPERTIES'
13:23:07.869 [Test worker] DEBUG o.s.b.f.s.DefaultListableBeanFactory - Creating instance of bean 'spring.activemq.CONFIGURATION_PROPERTIES'
13:23:07.869 [Test worker] DEBUG o.s.b.f.s.DefaultListableBeanFactory - Returning cached instance of singleton bean 'org.springframework.transaction.config.internalTransactionAdvisor'
13:23:07.869 [Test worker] DEBUG o.s.b.f.s.DefaultListableBeanFactory - Eagerly caching bean 'spring.activemq.CONFIGURATION_PROPERTIES' to allow for resolving potential circular references
13:23:07.873 [Test worker] DEBUG o.s.core.env.MutablePropertySources - Adding [Inlined Test Properties] PropertySource with lowest search precedence
13:23:07.873 [Test worker] DEBUG o.s.core.env.MutablePropertySources - Adding [systemProperties] PropertySource with lowest search precedence
13:23:07.873 [Test worker] DEBUG o.s.core.env.MutablePropertySources - Adding [systemEnvironment] PropertySource with lowest search precedence
13:23:07.873 [Test worker] DEBUG o.s.core.env.MutablePropertySources - Adding [localProperties] PropertySource with lowest search precedence
13:23:07.874 [Test worker] DEBUG o.s.core.env.MutablePropertySources - Adding [Inlined Test Properties] PropertySource with lowest search precedence
13:23:07.874 [Test worker] DEBUG o.s.core.env.MutablePropertySources - Adding [systemProperties] PropertySource with lowest search precedence
13:23:07.874 [Test worker] DEBUG o.s.core.env.MutablePropertySources - Adding [systemEnvironment] PropertySource with lowest search precedence
13:23:07.874 [Test worker] DEBUG o.s.core.env.MutablePropertySources - Adding [localProperties] PropertySource with lowest search precedence
13:23:07.874 [Test worker] DEBUG o.s.c.e.PropertySourcesPropertyResolver - Searching for key 'timezone' in [Inlined Test Properties]
13:23:07.874 [Test worker] DEBUG o.s.c.e.PropertySourcesPropertyResolver - Found key 'timezone' in [Inlined Test Properties] with type [String] and value 'GMT'
13:23:07.874 [Test worker] DEBUG o.s.core.env.MutablePropertySources - Adding [Inlined Test Properties] PropertySource with lowest search precedence
13:23:07.874 [Test worker] DEBUG o.s.core.env.MutablePropertySources - Adding [systemProperties] PropertySource with lowest search precedence
13:23:07.874 [Test worker] DEBUG o.s.core.env.MutablePropertySources - Adding [systemEnvironment] PropertySource with lowest search precedence
13:23:07.874 [Test worker] DEBUG o.s.core.env.MutablePropertySources - Adding [localProperties] PropertySource with lowest search precedence
13:23:07.874 [Test worker] DEBUG o.s.c.e.PropertySourcesPropertyResolver - Searching for key 'port' in [Inlined Test Properties]
13:23:07.874 [Test worker] DEBUG o.s.c.e.PropertySourcesPropertyResolver - Found key 'port' in [Inlined Test Properties] with type [String] and value '4242'
13:23:07.875 [Test worker] DEBUG o.s.b.f.s.DefaultListableBeanFactory - Returning cached instance of singleton bean 'org.springframework.transaction.config.internalTransactionAdvisor'
13:23:07.875 [Test worker] DEBUG o.s.b.f.s.DefaultListableBeanFactory - Returning cached instance of singleton bean 'org.springframework.transaction.config.internalTransactionAdvisor'
13:23:07.876 [Test worker] DEBUG o.s.j.a.JmsListenerAnnotationBeanPostProcessor - No @JmsListener annotations found on bean class: class org.springframework.boot.autoconfigure.jms.activemq.ActiveMQProperties
13:23:07.876 [Test worker] DEBUG o.s.b.f.s.DefaultListableBeanFactory - Finished creating instance of bean 'spring.activemq.CONFIGURATION_PROPERTIES'
13:23:07.876 [Test worker] DEBUG o.s.b.f.s.DefaultListableBeanFactory - Autowiring by type from bean name 'jmsConnectionFactory' via factory method to bean named 'spring.activemq.CONFIGURATION_PROPERTIES'
13:23:07.905 [Test worker] DEBUG o.s.b.f.s.DefaultListableBeanFactory - Eagerly caching bean 'jmsConnectionFactory' to allow for resolving potential circular references
13:23:07.911 [Test worker] DEBUG o.s.b.f.s.DefaultListableBeanFactory - Returning cached instance of singleton bean 'org.springframework.transaction.config.internalTransactionAdvisor'
13:23:07.911 [Test worker] DEBUG o.s.b.f.s.DefaultListableBeanFactory - Returning cached instance of singleton bean 'org.springframework.transaction.config.internalTransactionAdvisor'
13:23:07.914 [Test worker] DEBUG o.s.j.a.JmsListenerAnnotationBeanPostProcessor - No @JmsListener annotations found on bean class: class org.apache.activemq.ActiveMQConnectionFactory
13:23:07.914 [Test worker] DEBUG o.s.b.f.s.DefaultListableBeanFactory - Finished creating instance of bean 'jmsConnectionFactory'
13:23:07.914 [Test worker] DEBUG o.s.b.f.s.DefaultListableBeanFactory - Autowiring by type from bean name 'myJmsContainerFactory' via factory method to bean named 'jmsConnectionFactory'
13:23:07.917 [Test worker] DEBUG o.s.b.f.s.DefaultListableBeanFactory - Eagerly caching bean 'myJmsContainerFactory' to allow for resolving potential circular references
13:23:07.920 [Test worker] DEBUG o.s.b.f.s.DefaultListableBeanFactory - Returning cached instance of singleton bean 'org.springframework.transaction.config.internalTransactionAdvisor'
13:23:07.920 [Test worker] DEBUG o.s.b.f.s.DefaultListableBeanFactory - Returning cached instance of singleton bean 'org.springframework.transaction.config.internalTransactionAdvisor'
13:23:07.921 [Test worker] DEBUG o.s.j.a.JmsListenerAnnotationBeanPostProcessor - No @JmsListener annotations found on bean class: class org.springframework.jms.config.SimpleJmsListenerContainerFactory
13:23:07.921 [Test worker] DEBUG o.s.b.f.s.DefaultListableBeanFactory - Finished creating instance of bean 'myJmsContainerFactory'
13:23:07.921 [Test worker] DEBUG o.s.j.a.JmsListenerAnnotationBeanPostProcessor - 1 @JmsListener methods processed on bean 'receiver': [public void org.project.neutrino.nfvo.core.beans.Receiver.receiveMessage(java.lang.String)]
13:23:07.922 [Test worker] DEBUG o.s.b.f.s.DefaultListableBeanFactory - Finished creating instance of bean 'receiver'
13:23:07.922 [Test worker] DEBUG o.s.b.f.s.DefaultListableBeanFactory - Creating shared instance of singleton bean 'senderImpl'
13:23:07.922 [Test worker] DEBUG o.s.b.f.s.DefaultListableBeanFactory - Creating instance of bean 'senderImpl'
13:23:07.922 [Test worker] DEBUG o.s.b.f.s.DefaultListableBeanFactory - Returning cached instance of singleton bean 'org.springframework.transaction.config.internalTransactionAdvisor'
13:23:07.923 [Test worker] DEBUG o.s.b.f.annotation.InjectionMetadata - Registered injected element on class [org.project.neutrino.nfvo.core.beans.SenderImpl]: AutowiredFieldElement for org.springframework.context.ConfigurableApplicationContext org.project.neutrino.nfvo.core.beans.SenderImpl.context
13:23:07.923 [Test worker] DEBUG o.s.b.f.s.DefaultListableBeanFactory - Eagerly caching bean 'senderImpl' to allow for resolving potential circular references
13:23:07.924 [Test worker] DEBUG o.s.b.f.annotation.InjectionMetadata - Processing injected element of bean 'senderImpl': AutowiredFieldElement for org.springframework.context.ConfigurableApplicationContext org.project.neutrino.nfvo.core.beans.SenderImpl.context
13:23:07.924 [Test worker] DEBUG o.s.b.f.a.AutowiredAnnotationBeanPostProcessor - Autowiring by type from bean name 'senderImpl' to bean named 'org.springframework.context.support.GenericApplicationContext@4be95777'
13:23:07.925 [Test worker] DEBUG o.s.b.f.s.DefaultListableBeanFactory - Returning cached instance of singleton bean 'org.springframework.transaction.config.internalTransactionAdvisor'
13:23:07.925 [Test worker] DEBUG o.s.b.f.s.DefaultListableBeanFactory - Returning cached instance of singleton bean 'org.springframework.transaction.config.internalTransactionAdvisor'
13:23:07.925 [Test worker] DEBUG o.s.j.a.JmsListenerAnnotationBeanPostProcessor - No @JmsListener annotations found on bean class: class org.project.neutrino.nfvo.core.beans.SenderImpl
13:23:07.925 [Test worker] DEBUG o.s.b.f.s.DefaultListableBeanFactory - Finished creating instance of bean 'senderImpl'
13:23:07.925 [Test worker] DEBUG o.s.b.f.s.DefaultListableBeanFactory - Returning cached instance of singleton bean 'org.springframework.jms.annotation.JmsBootstrapConfiguration'
13:23:07.925 [Test worker] DEBUG o.s.b.f.s.DefaultListableBeanFactory - Returning cached instance of singleton bean 'org.springframework.jms.config.internalJmsListenerAnnotationProcessor'
13:23:07.925 [Test worker] DEBUG o.s.b.f.s.DefaultListableBeanFactory - Creating shared instance of singleton bean 'org.springframework.jms.config.internalJmsListenerEndpointRegistry'
13:23:07.925 [Test worker] DEBUG o.s.b.f.s.DefaultListableBeanFactory - Creating instance of bean 'org.springframework.jms.config.internalJmsListenerEndpointRegistry'
13:23:07.925 [Test worker] DEBUG o.s.b.f.s.DefaultListableBeanFactory - Returning cached instance of singleton bean 'org.springframework.transaction.config.internalTransactionAdvisor'
13:23:07.925 [Test worker] DEBUG o.s.b.f.s.DefaultListableBeanFactory - Returning cached instance of singleton bean 'org.springframework.jms.annotation.JmsBootstrapConfiguration'
13:23:07.926 [Test worker] DEBUG o.s.b.f.s.DefaultListableBeanFactory - Eagerly caching bean 'org.springframework.jms.config.internalJmsListenerEndpointRegistry' to allow for resolving potential circular references
13:23:07.928 [Test worker] DEBUG o.s.b.f.s.DefaultListableBeanFactory - Returning cached instance of singleton bean 'org.springframework.transaction.config.internalTransactionAdvisor'
13:23:07.928 [Test worker] DEBUG o.s.b.f.s.DefaultListableBeanFactory - Returning cached instance of singleton bean 'org.springframework.transaction.config.internalTransactionAdvisor'
13:23:07.928 [Test worker] DEBUG o.s.j.a.JmsListenerAnnotationBeanPostProcessor - No @JmsListener annotations found on bean class: class org.springframework.jms.config.JmsListenerEndpointRegistry
13:23:07.929 [Test worker] DEBUG o.s.b.f.s.DefaultListableBeanFactory - Finished creating instance of bean 'org.springframework.jms.config.internalJmsListenerEndpointRegistry'
13:23:07.929 [Test worker] DEBUG o.s.b.f.s.DefaultListableBeanFactory - Returning cached instance of singleton bean 'myJmsContainerFactory'
13:23:07.929 [Test worker] DEBUG o.s.b.f.s.DefaultListableBeanFactory - Returning cached instance of singleton bean 'dataSource'
13:23:07.929 [Test worker] DEBUG o.s.b.f.s.DefaultListableBeanFactory - Returning cached instance of singleton bean 'org.springframework.data.repository.core.support.RepositoryInterfaceAwareBeanPostProcessor'
13:23:07.929 [Test worker] DEBUG o.s.b.f.s.DefaultListableBeanFactory - Returning cached instance of singleton bean 'foo'
13:23:07.929 [Test worker] DEBUG o.s.b.f.s.DefaultListableBeanFactory - Creating shared instance of singleton bean 'jpaMappingContext'
13:23:07.929 [Test worker] DEBUG o.s.b.f.s.DefaultListableBeanFactory - Creating instance of bean 'jpaMappingContext'
13:23:07.929 [Test worker] DEBUG o.s.b.f.s.DefaultListableBeanFactory - Returning cached instance of singleton bean 'org.springframework.transaction.config.internalTransactionAdvisor'
13:23:07.930 [Test worker] DEBUG o.s.b.f.s.DefaultListableBeanFactory - Eagerly caching bean 'jpaMappingContext' to allow for resolving potential circular references
13:23:07.933 [Test worker] DEBUG o.s.b.f.s.DefaultListableBeanFactory - Invoking afterPropertiesSet() on bean with name 'jpaMappingContext'
13:23:07.933 [Test worker] DEBUG o.s.b.f.s.DefaultListableBeanFactory - Returning cached instance of singleton bean 'entityManagerFactory'
13:23:08.165 [Test worker] DEBUG o.s.b.f.s.DefaultListableBeanFactory - Returning cached instance of singleton bean 'org.springframework.transaction.config.internalTransactionAdvisor'
13:23:08.165 [Test worker] DEBUG o.s.b.f.s.DefaultListableBeanFactory - Returning cached instance of singleton bean 'org.springframework.transaction.config.internalTransactionAdvisor'
13:23:08.165 [Test worker] DEBUG o.s.j.a.JmsListenerAnnotationBeanPostProcessor - No @JmsListener annotations found on bean class: class org.springframework.data.jpa.repository.config.JpaMetamodelMappingContextFactoryBean
13:23:08.166 [Test worker] DEBUG o.s.b.f.s.DefaultListableBeanFactory - Finished creating instance of bean 'jpaMappingContext'
13:23:08.166 [Test worker] DEBUG o.s.b.f.s.DefaultListableBeanFactory - Returning cached instance of singleton bean 'entityScanBeanPostProcessor'
13:23:08.166 [Test worker] DEBUG o.s.b.f.s.DefaultListableBeanFactory - Returning cached instance of singleton bean 'org.springframework.boot.autoconfigure.AutoConfigurationPackages'
13:23:08.166 [Test worker] DEBUG o.s.b.f.s.DefaultListableBeanFactory - Creating shared instance of singleton bean 'org.springframework.boot.autoconfigure.PropertyPlaceholderAutoConfiguration'
13:23:08.166 [Test worker] DEBUG o.s.b.f.s.DefaultListableBeanFactory - Creating instance of bean 'org.springframework.boot.autoconfigure.PropertyPlaceholderAutoConfiguration'
13:23:08.166 [Test worker] DEBUG o.s.b.f.s.DefaultListableBeanFactory - Returning cached instance of singleton bean 'org.springframework.transaction.config.internalTransactionAdvisor'
13:23:08.167 [Test worker] DEBUG o.s.b.f.s.DefaultListableBeanFactory - Eagerly caching bean 'org.springframework.boot.autoconfigure.PropertyPlaceholderAutoConfiguration' to allow for resolving potential circular references
13:23:08.170 [Test worker] DEBUG o.s.b.f.s.DefaultListableBeanFactory - Returning cached instance of singleton bean 'org.springframework.transaction.config.internalTransactionAdvisor'
13:23:08.170 [Test worker] DEBUG o.s.b.f.s.DefaultListableBeanFactory - Returning cached instance of singleton bean 'org.springframework.transaction.config.internalTransactionAdvisor'
13:23:08.170 [Test worker] DEBUG o.s.j.a.JmsListenerAnnotationBeanPostProcessor - No @JmsListener annotations found on bean class: class org.springframework.boot.autoconfigure.PropertyPlaceholderAutoConfiguration$$EnhancerBySpringCGLIB$$23e4f10b
13:23:08.170 [Test worker] DEBUG o.s.b.f.s.DefaultListableBeanFactory - Finished creating instance of bean 'org.springframework.boot.autoconfigure.PropertyPlaceholderAutoConfiguration'
13:23:08.170 [Test worker] DEBUG o.s.b.f.s.DefaultListableBeanFactory - Returning cached instance of singleton bean 'org.springframework.boot.autoconfigure.condition.BeanTypeRegistry'
13:23:08.170 [Test worker] DEBUG o.s.b.f.s.DefaultListableBeanFactory - Returning cached instance of singleton bean 'propertySourcesPlaceholderConfigurer'
13:23:08.170 [Test worker] DEBUG o.s.b.f.s.DefaultListableBeanFactory - Creating shared instance of singleton bean 'org.springframework.boot.autoconfigure.aop.AopAutoConfiguration$JdkDynamicAutoProxyConfiguration'
13:23:08.171 [Test worker] DEBUG o.s.b.f.s.DefaultListableBeanFactory - Creating instance of bean 'org.springframework.boot.autoconfigure.aop.AopAutoConfiguration$JdkDynamicAutoProxyConfiguration'
13:23:08.171 [Test worker] DEBUG o.s.b.f.s.DefaultListableBeanFactory - Returning cached instance of singleton bean 'org.springframework.transaction.config.internalTransactionAdvisor'
13:23:08.171 [Test worker] DEBUG o.s.b.f.s.DefaultListableBeanFactory - Eagerly caching bean 'org.springframework.boot.autoconfigure.aop.AopAutoConfiguration$JdkDynamicAutoProxyConfiguration' to allow for resolving potential circular references
13:23:08.174 [Test worker] DEBUG o.s.b.f.s.DefaultListableBeanFactory - Returning cached instance of singleton bean 'org.springframework.transaction.config.internalTransactionAdvisor'
13:23:08.174 [Test worker] DEBUG o.s.b.f.s.DefaultListableBeanFactory - Returning cached instance of singleton bean 'org.springframework.transaction.config.internalTransactionAdvisor'
13:23:08.174 [Test worker] DEBUG o.s.j.a.JmsListenerAnnotationBeanPostProcessor - No @JmsListener annotations found on bean class: class org.springframework.boot.autoconfigure.aop.AopAutoConfiguration$JdkDynamicAutoProxyConfiguration$$EnhancerBySpringCGLIB$$959cfd22
13:23:08.175 [Test worker] DEBUG o.s.b.f.s.DefaultListableBeanFactory - Finished creating instance of bean 'org.springframework.boot.autoconfigure.aop.AopAutoConfiguration$JdkDynamicAutoProxyConfiguration'
13:23:08.175 [Test worker] DEBUG o.s.b.f.s.DefaultListableBeanFactory - Returning cached instance of singleton bean 'org.springframework.aop.config.internalAutoProxyCreator'
13:23:08.175 [Test worker] DEBUG o.s.b.f.s.DefaultListableBeanFactory - Creating shared instance of singleton bean 'org.springframework.boot.autoconfigure.aop.AopAutoConfiguration'
13:23:08.175 [Test worker] DEBUG o.s.b.f.s.DefaultListableBeanFactory - Creating instance of bean 'org.springframework.boot.autoconfigure.aop.AopAutoConfiguration'
13:23:08.175 [Test worker] DEBUG o.s.b.f.s.DefaultListableBeanFactory - Returning cached instance of singleton bean 'org.springframework.transaction.config.internalTransactionAdvisor'
13:23:08.175 [Test worker] DEBUG o.s.b.f.s.DefaultListableBeanFactory - Eagerly caching bean 'org.springframework.boot.autoconfigure.aop.AopAutoConfiguration' to allow for resolving potential circular references
13:23:08.178 [Test worker] DEBUG o.s.b.f.s.DefaultListableBeanFactory - Returning cached instance of singleton bean 'org.springframework.transaction.config.internalTransactionAdvisor'
13:23:08.178 [Test worker] DEBUG o.s.b.f.s.DefaultListableBeanFactory - Returning cached instance of singleton bean 'org.springframework.transaction.config.internalTransactionAdvisor'
13:23:08.179 [Test worker] DEBUG o.s.j.a.JmsListenerAnnotationBeanPostProcessor - No @JmsListener annotations found on bean class: class org.springframework.boot.autoconfigure.aop.AopAutoConfiguration$$EnhancerBySpringCGLIB$$62819e53
13:23:08.179 [Test worker] DEBUG o.s.b.f.s.DefaultListableBeanFactory - Finished creating instance of bean 'org.springframework.boot.autoconfigure.aop.AopAutoConfiguration'
13:23:08.179 [Test worker] DEBUG o.s.b.f.s.DefaultListableBeanFactory - Creating shared instance of singleton bean 'org.springframework.boot.autoconfigure.jta.JtaAutoConfiguration'
13:23:08.179 [Test worker] DEBUG o.s.b.f.s.DefaultListableBeanFactory - Creating instance of bean 'org.springframework.boot.autoconfigure.jta.JtaAutoConfiguration'
13:23:08.179 [Test worker] DEBUG o.s.b.f.s.DefaultListableBeanFactory - Returning cached instance of singleton bean 'org.springframework.transaction.config.internalTransactionAdvisor'
13:23:08.179 [Test worker] DEBUG o.s.b.f.s.DefaultListableBeanFactory - Eagerly caching bean 'org.springframework.boot.autoconfigure.jta.JtaAutoConfiguration' to allow for resolving potential circular references
13:23:08.181 [Test worker] DEBUG o.s.b.f.s.DefaultListableBeanFactory - Returning cached instance of singleton bean 'org.springframework.transaction.config.internalTransactionAdvisor'
13:23:08.181 [Test worker] DEBUG o.s.b.f.s.DefaultListableBeanFactory - Returning cached instance of singleton bean 'org.springframework.transaction.config.internalTransactionAdvisor'
13:23:08.181 [Test worker] DEBUG o.s.j.a.JmsListenerAnnotationBeanPostProcessor - No @JmsListener annotations found on bean class: class org.springframework.boot.autoconfigure.jta.JtaAutoConfiguration
13:23:08.181 [Test worker] DEBUG o.s.b.f.s.DefaultListableBeanFactory - Finished creating instance of bean 'org.springframework.boot.autoconfigure.jta.JtaAutoConfiguration'
13:23:08.181 [Test worker] DEBUG o.s.b.f.s.DefaultListableBeanFactory - Creating shared instance of singleton bean 'spring.jta.CONFIGURATION_PROPERTIES'
13:23:08.181 [Test worker] DEBUG o.s.b.f.s.DefaultListableBeanFactory - Creating instance of bean 'spring.jta.CONFIGURATION_PROPERTIES'
13:23:08.181 [Test worker] DEBUG o.s.b.f.s.DefaultListableBeanFactory - Returning cached instance of singleton bean 'org.springframework.transaction.config.internalTransactionAdvisor'
13:23:08.181 [Test worker] DEBUG o.s.b.f.s.DefaultListableBeanFactory - Eagerly caching bean 'spring.jta.CONFIGURATION_PROPERTIES' to allow for resolving potential circular references
13:23:08.184 [Test worker] DEBUG o.s.core.env.MutablePropertySources - Adding [Inlined Test Properties] PropertySource with lowest search precedence
13:23:08.184 [Test worker] DEBUG o.s.core.env.MutablePropertySources - Adding [systemProperties] PropertySource with lowest search precedence
13:23:08.184 [Test worker] DEBUG o.s.core.env.MutablePropertySources - Adding [systemEnvironment] PropertySource with lowest search precedence
13:23:08.184 [Test worker] DEBUG o.s.core.env.MutablePropertySources - Adding [localProperties] PropertySource with lowest search precedence
13:23:08.184 [Test worker] DEBUG o.s.core.env.MutablePropertySources - Adding [Inlined Test Properties] PropertySource with lowest search precedence
13:23:08.184 [Test worker] DEBUG o.s.core.env.MutablePropertySources - Adding [systemProperties] PropertySource with lowest search precedence
13:23:08.184 [Test worker] DEBUG o.s.core.env.MutablePropertySources - Adding [systemEnvironment] PropertySource with lowest search precedence
13:23:08.184 [Test worker] DEBUG o.s.core.env.MutablePropertySources - Adding [localProperties] PropertySource with lowest search precedence
13:23:08.184 [Test worker] DEBUG o.s.c.e.PropertySourcesPropertyResolver - Searching for key 'timezone' in [Inlined Test Properties]
13:23:08.184 [Test worker] DEBUG o.s.c.e.PropertySourcesPropertyResolver - Found key 'timezone' in [Inlined Test Properties] with type [String] and value 'GMT'
13:23:08.185 [Test worker] DEBUG o.s.core.env.MutablePropertySources - Adding [Inlined Test Properties] PropertySource with lowest search precedence
13:23:08.185 [Test worker] DEBUG o.s.core.env.MutablePropertySources - Adding [systemProperties] PropertySource with lowest search precedence
13:23:08.185 [Test worker] DEBUG o.s.core.env.MutablePropertySources - Adding [systemEnvironment] PropertySource with lowest search precedence
13:23:08.185 [Test worker] DEBUG o.s.core.env.MutablePropertySources - Adding [localProperties] PropertySource with lowest search precedence
13:23:08.185 [Test worker] DEBUG o.s.c.e.PropertySourcesPropertyResolver - Searching for key 'port' in [Inlined Test Properties]
13:23:08.185 [Test worker] DEBUG o.s.c.e.PropertySourcesPropertyResolver - Found key 'port' in [Inlined Test Properties] with type [String] and value '4242'
13:23:08.186 [Test worker] DEBUG o.s.b.f.s.DefaultListableBeanFactory - Returning cached instance of singleton bean 'org.springframework.transaction.config.internalTransactionAdvisor'
13:23:08.186 [Test worker] DEBUG o.s.b.f.s.DefaultListableBeanFactory - Returning cached instance of singleton bean 'org.springframework.transaction.config.internalTransactionAdvisor'
13:23:08.186 [Test worker] DEBUG o.s.j.a.JmsListenerAnnotationBeanPostProcessor - No @JmsListener annotations found on bean class: class org.springframework.boot.autoconfigure.jta.JtaProperties
13:23:08.186 [Test worker] DEBUG o.s.b.f.s.DefaultListableBeanFactory - Finished creating instance of bean 'spring.jta.CONFIGURATION_PROPERTIES'
13:23:08.186 [Test worker] DEBUG o.s.b.f.s.DefaultListableBeanFactory - Returning cached instance of singleton bean 'org.springframework.boot.context.properties.ConfigurationPropertiesBindingPostProcessor'
13:23:08.186 [Test worker] DEBUG o.s.b.f.s.DefaultListableBeanFactory - Returning cached instance of singleton bean 'org.springframework.boot.context.properties.ConfigurationPropertiesBindingPostProcessor.store'
13:23:08.187 [Test worker] DEBUG o.s.b.f.s.DefaultListableBeanFactory - Creating shared instance of singleton bean 'org.springframework.boot.autoconfigure.jdbc.DataSourceAutoConfiguration$JdbcTemplateConfiguration'
13:23:08.187 [Test worker] DEBUG o.s.b.f.s.DefaultListableBeanFactory - Creating instance of bean 'org.springframework.boot.autoconfigure.jdbc.DataSourceAutoConfiguration$JdbcTemplateConfiguration'
13:23:08.187 [Test worker] DEBUG o.s.b.f.s.DefaultListableBeanFactory - Returning cached instance of singleton bean 'org.springframework.transaction.config.internalTransactionAdvisor'
13:23:08.188 [Test worker] DEBUG o.s.b.f.annotation.InjectionMetadata - Registered injected element on class [org.springframework.boot.autoconfigure.jdbc.DataSourceAutoConfiguration$JdbcTemplateConfiguration$$EnhancerBySpringCGLIB$$e1f7690e]: AutowiredFieldElement for private javax.sql.DataSource org.springframework.boot.autoconfigure.jdbc.DataSourceAutoConfiguration$JdbcTemplateConfiguration.dataSource
13:23:08.188 [Test worker] DEBUG o.s.b.f.s.DefaultListableBeanFactory - Eagerly caching bean 'org.springframework.boot.autoconfigure.jdbc.DataSourceAutoConfiguration$JdbcTemplateConfiguration' to allow for resolving potential circular references
13:23:08.191 [Test worker] DEBUG o.s.b.f.annotation.InjectionMetadata - Processing injected element of bean 'org.springframework.boot.autoconfigure.jdbc.DataSourceAutoConfiguration$JdbcTemplateConfiguration': AutowiredFieldElement for private javax.sql.DataSource org.springframework.boot.autoconfigure.jdbc.DataSourceAutoConfiguration$JdbcTemplateConfiguration.dataSource
13:23:08.192 [Test worker] DEBUG o.s.b.f.s.DefaultListableBeanFactory - Returning cached instance of singleton bean 'dataSource'
13:23:08.192 [Test worker] DEBUG o.s.b.f.a.AutowiredAnnotationBeanPostProcessor - Autowiring by type from bean name 'org.springframework.boot.autoconfigure.jdbc.DataSourceAutoConfiguration$JdbcTemplateConfiguration' to bean named 'dataSource'
13:23:08.192 [Test worker] DEBUG o.s.b.f.s.DefaultListableBeanFactory - Returning cached instance of singleton bean 'org.springframework.transaction.config.internalTransactionAdvisor'
13:23:08.192 [Test worker] DEBUG o.s.b.f.s.DefaultListableBeanFactory - Returning cached instance of singleton bean 'org.springframework.transaction.config.internalTransactionAdvisor'
13:23:08.193 [Test worker] DEBUG o.s.j.a.JmsListenerAnnotationBeanPostProcessor - No @JmsListener annotations found on bean class: class org.springframework.boot.autoconfigure.jdbc.DataSourceAutoConfiguration$JdbcTemplateConfiguration$$EnhancerBySpringCGLIB$$e1f7690e
13:23:08.193 [Test worker] DEBUG o.s.b.f.s.DefaultListableBeanFactory - Finished creating instance of bean 'org.springframework.boot.autoconfigure.jdbc.DataSourceAutoConfiguration$JdbcTemplateConfiguration'
13:23:08.193 [Test worker] DEBUG o.s.b.f.s.DefaultListableBeanFactory - Creating shared instance of singleton bean 'jdbcTemplate'
13:23:08.193 [Test worker] DEBUG o.s.b.f.s.DefaultListableBeanFactory - Creating instance of bean 'jdbcTemplate'
13:23:08.193 [Test worker] DEBUG o.s.b.f.s.DefaultListableBeanFactory - Returning cached instance of singleton bean 'org.springframework.transaction.config.internalTransactionAdvisor'
13:23:08.193 [Test worker] DEBUG o.s.b.f.s.DefaultListableBeanFactory - Returning cached instance of singleton bean 'org.springframework.boot.autoconfigure.jdbc.DataSourceAutoConfiguration$JdbcTemplateConfiguration'
13:23:08.202 [Test worker] DEBUG o.s.b.f.s.DefaultListableBeanFactory - Eagerly caching bean 'jdbcTemplate' to allow for resolving potential circular references
13:23:08.208 [Test worker] DEBUG o.s.b.f.s.DefaultListableBeanFactory - Invoking afterPropertiesSet() on bean with name 'jdbcTemplate'
13:23:08.208 [Test worker] DEBUG o.s.b.f.s.DefaultListableBeanFactory - Returning cached instance of singleton bean 'org.springframework.transaction.config.internalTransactionAdvisor'
13:23:08.208 [Test worker] DEBUG o.s.b.f.s.DefaultListableBeanFactory - Returning cached instance of singleton bean 'org.springframework.transaction.config.internalTransactionAdvisor'
13:23:08.211 [Test worker] DEBUG o.s.j.a.JmsListenerAnnotationBeanPostProcessor - No @JmsListener annotations found on bean class: class org.springframework.jdbc.core.JdbcTemplate
13:23:08.212 [Test worker] DEBUG o.s.b.f.s.DefaultListableBeanFactory - Finished creating instance of bean 'jdbcTemplate'
13:23:08.212 [Test worker] DEBUG o.s.b.f.s.DefaultListableBeanFactory - Creating shared instance of singleton bean 'namedParameterJdbcTemplate'
13:23:08.212 [Test worker] DEBUG o.s.b.f.s.DefaultListableBeanFactory - Creating instance of bean 'namedParameterJdbcTemplate'
13:23:08.212 [Test worker] DEBUG o.s.b.f.s.DefaultListableBeanFactory - Returning cached instance of singleton bean 'org.springframework.transaction.config.internalTransactionAdvisor'
13:23:08.212 [Test worker] DEBUG o.s.b.f.s.DefaultListableBeanFactory - Returning cached instance of singleton bean 'org.springframework.boot.autoconfigure.jdbc.DataSourceAutoConfiguration$JdbcTemplateConfiguration'
13:23:08.219 [Test worker] DEBUG o.s.b.f.s.DefaultListableBeanFactory - Eagerly caching bean 'namedParameterJdbcTemplate' to allow for resolving potential circular references
13:23:08.223 [Test worker] DEBUG o.s.b.f.s.DefaultListableBeanFactory - Returning cached instance of singleton bean 'org.springframework.transaction.config.internalTransactionAdvisor'
13:23:08.223 [Test worker] DEBUG o.s.b.f.s.DefaultListableBeanFactory - Returning cached instance of singleton bean 'org.springframework.transaction.config.internalTransactionAdvisor'
13:23:08.226 [Test worker] DEBUG o.s.j.a.JmsListenerAnnotationBeanPostProcessor - No @JmsListener annotations found on bean class: class org.springframework.jdbc.core.namedparam.NamedParameterJdbcTemplate
13:23:08.226 [Test worker] DEBUG o.s.b.f.s.DefaultListableBeanFactory - Finished creating instance of bean 'namedParameterJdbcTemplate'
13:23:08.226 [Test worker] DEBUG o.s.b.f.s.DefaultListableBeanFactory - Returning cached instance of singleton bean 'org.springframework.boot.autoconfigure.jdbc.DataSourceAutoConfiguration$DataSourceInitializerConfiguration'
13:23:08.226 [Test worker] DEBUG o.s.b.f.s.DefaultListableBeanFactory - Returning cached instance of singleton bean 'dataSourceInitializer'
13:23:08.226 [Test worker] DEBUG o.s.b.f.s.DefaultListableBeanFactory - Creating shared instance of singleton bean 'org.springframework.boot.autoconfigure.jdbc.metadata.DataSourcePoolMetadataProvidersConfiguration$CommonsDbcpPoolDataSourceMetadataProviderConfiguration'
13:23:08.226 [Test worker] DEBUG o.s.b.f.s.DefaultListableBeanFactory - Creating instance of bean 'org.springframework.boot.autoconfigure.jdbc.metadata.DataSourcePoolMetadataProvidersConfiguration$CommonsDbcpPoolDataSourceMetadataProviderConfiguration'
13:23:08.226 [Test worker] DEBUG o.s.b.f.s.DefaultListableBeanFactory - Returning cached instance of singleton bean 'org.springframework.transaction.config.internalTransactionAdvisor'
13:23:08.227 [Test worker] DEBUG o.s.b.f.s.DefaultListableBeanFactory - Eagerly caching bean 'org.springframework.boot.autoconfigure.jdbc.metadata.DataSourcePoolMetadataProvidersConfiguration$CommonsDbcpPoolDataSourceMetadataProviderConfiguration' to allow for resolving potential circular references
13:23:08.229 [Test worker] DEBUG o.s.b.f.s.DefaultListableBeanFactory - Returning cached instance of singleton bean 'org.springframework.transaction.config.internalTransactionAdvisor'
13:23:08.229 [Test worker] DEBUG o.s.b.f.s.DefaultListableBeanFactory - Returning cached instance of singleton bean 'org.springframework.transaction.config.internalTransactionAdvisor'
13:23:08.230 [Test worker] DEBUG o.s.j.a.JmsListenerAnnotationBeanPostProcessor - No @JmsListener annotations found on bean class: class org.springframework.boot.autoconfigure.jdbc.metadata.DataSourcePoolMetadataProvidersConfiguration$CommonsDbcpPoolDataSourceMetadataProviderConfiguration$$EnhancerBySpringCGLIB$$f8e1ae00
13:23:08.230 [Test worker] DEBUG o.s.b.f.s.DefaultListableBeanFactory - Finished creating instance of bean 'org.springframework.boot.autoconfigure.jdbc.metadata.DataSourcePoolMetadataProvidersConfiguration$CommonsDbcpPoolDataSourceMetadataProviderConfiguration'
13:23:08.230 [Test worker] DEBUG o.s.b.f.s.DefaultListableBeanFactory - Creating shared instance of singleton bean 'commonsDbcpPoolDataSourceMetadataProvider'
13:23:08.230 [Test worker] DEBUG o.s.b.f.s.DefaultListableBeanFactory - Creating instance of bean 'commonsDbcpPoolDataSourceMetadataProvider'
13:23:08.230 [Test worker] DEBUG o.s.b.f.s.DefaultListableBeanFactory - Returning cached instance of singleton bean 'org.springframework.transaction.config.internalTransactionAdvisor'
13:23:08.230 [Test worker] DEBUG o.s.b.f.s.DefaultListableBeanFactory - Returning cached instance of singleton bean 'org.springframework.boot.autoconfigure.jdbc.metadata.DataSourcePoolMetadataProvidersConfiguration$CommonsDbcpPoolDataSourceMetadataProviderConfiguration'
13:23:08.235 [Test worker] DEBUG o.s.b.f.s.DefaultListableBeanFactory - Eagerly caching bean 'commonsDbcpPoolDataSourceMetadataProvider' to allow for resolving potential circular references
13:23:08.236 [Test worker] DEBUG o.s.b.f.s.DefaultListableBeanFactory - Returning cached instance of singleton bean 'org.springframework.transaction.config.internalTransactionAdvisor'
13:23:08.236 [Test worker] DEBUG o.s.b.f.s.DefaultListableBeanFactory - Returning cached instance of singleton bean 'org.springframework.transaction.config.internalTransactionAdvisor'
13:23:08.236 [Test worker] DEBUG o.s.j.a.JmsListenerAnnotationBeanPostProcessor - No @JmsListener annotations found on bean class: class org.springframework.boot.autoconfigure.jdbc.metadata.DataSourcePoolMetadataProvidersConfiguration$CommonsDbcpPoolDataSourceMetadataProviderConfiguration$1
13:23:08.236 [Test worker] DEBUG o.s.b.f.s.DefaultListableBeanFactory - Finished creating instance of bean 'commonsDbcpPoolDataSourceMetadataProvider'
13:23:08.236 [Test worker] DEBUG o.s.b.f.s.DefaultListableBeanFactory - Creating shared instance of singleton bean 'org.springframework.boot.autoconfigure.jdbc.metadata.DataSourcePoolMetadataProvidersConfiguration$TomcatDataSourcePoolMetadataProviderConfiguration'
13:23:08.237 [Test worker] DEBUG o.s.b.f.s.DefaultListableBeanFactory - Creating instance of bean 'org.springframework.boot.autoconfigure.jdbc.metadata.DataSourcePoolMetadataProvidersConfiguration$TomcatDataSourcePoolMetadataProviderConfiguration'
13:23:08.237 [Test worker] DEBUG o.s.b.f.s.DefaultListableBeanFactory - Returning cached instance of singleton bean 'org.springframework.transaction.config.internalTransactionAdvisor'
13:23:08.237 [Test worker] DEBUG o.s.b.f.s.DefaultListableBeanFactory - Eagerly caching bean 'org.springframework.boot.autoconfigure.jdbc.metadata.DataSourcePoolMetadataProvidersConfiguration$TomcatDataSourcePoolMetadataProviderConfiguration' to allow for resolving potential circular references
13:23:08.239 [Test worker] DEBUG o.s.b.f.s.DefaultListableBeanFactory - Returning cached instance of singleton bean 'org.springframework.transaction.config.internalTransactionAdvisor'
13:23:08.239 [Test worker] DEBUG o.s.b.f.s.DefaultListableBeanFactory - Returning cached instance of singleton bean 'org.springframework.transaction.config.internalTransactionAdvisor'
13:23:08.240 [Test worker] DEBUG o.s.j.a.JmsListenerAnnotationBeanPostProcessor - No @JmsListener annotations found on bean class: class org.springframework.boot.autoconfigure.jdbc.metadata.DataSourcePoolMetadataProvidersConfiguration$TomcatDataSourcePoolMetadataProviderConfiguration$$EnhancerBySpringCGLIB$$a1c7903f
13:23:08.240 [Test worker] DEBUG o.s.b.f.s.DefaultListableBeanFactory - Finished creating instance of bean 'org.springframework.boot.autoconfigure.jdbc.metadata.DataSourcePoolMetadataProvidersConfiguration$TomcatDataSourcePoolMetadataProviderConfiguration'
13:23:08.240 [Test worker] DEBUG o.s.b.f.s.DefaultListableBeanFactory - Creating shared instance of singleton bean 'tomcatPoolDataSourceMetadataProvider'
13:23:08.240 [Test worker] DEBUG o.s.b.f.s.DefaultListableBeanFactory - Creating instance of bean 'tomcatPoolDataSourceMetadataProvider'
13:23:08.240 [Test worker] DEBUG o.s.b.f.s.DefaultListableBeanFactory - Returning cached instance of singleton bean 'org.springframework.transaction.config.internalTransactionAdvisor'
13:23:08.240 [Test worker] DEBUG o.s.b.f.s.DefaultListableBeanFactory - Returning cached instance of singleton bean 'org.springframework.boot.autoconfigure.jdbc.metadata.DataSourcePoolMetadataProvidersConfiguration$TomcatDataSourcePoolMetadataProviderConfiguration'
13:23:08.245 [Test worker] DEBUG o.s.b.f.s.DefaultListableBeanFactory - Eagerly caching bean 'tomcatPoolDataSourceMetadataProvider' to allow for resolving potential circular references
13:23:08.246 [Test worker] DEBUG o.s.b.f.s.DefaultListableBeanFactory - Returning cached instance of singleton bean 'org.springframework.transaction.config.internalTransactionAdvisor'
13:23:08.246 [Test worker] DEBUG o.s.b.f.s.DefaultListableBeanFactory - Returning cached instance of singleton bean 'org.springframework.transaction.config.internalTransactionAdvisor'
13:23:08.246 [Test worker] DEBUG o.s.j.a.JmsListenerAnnotationBeanPostProcessor - No @JmsListener annotations found on bean class: class org.springframework.boot.autoconfigure.jdbc.metadata.DataSourcePoolMetadataProvidersConfiguration$TomcatDataSourcePoolMetadataProviderConfiguration$1
13:23:08.246 [Test worker] DEBUG o.s.b.f.s.DefaultListableBeanFactory - Finished creating instance of bean 'tomcatPoolDataSourceMetadataProvider'
13:23:08.246 [Test worker] DEBUG o.s.b.f.s.DefaultListableBeanFactory - Creating shared instance of singleton bean 'org.springframework.boot.autoconfigure.jdbc.metadata.DataSourcePoolMetadataProvidersConfiguration'
13:23:08.246 [Test worker] DEBUG o.s.b.f.s.DefaultListableBeanFactory - Creating instance of bean 'org.springframework.boot.autoconfigure.jdbc.metadata.DataSourcePoolMetadataProvidersConfiguration'
13:23:08.247 [Test worker] DEBUG o.s.b.f.s.DefaultListableBeanFactory - Returning cached instance of singleton bean 'org.springframework.transaction.config.internalTransactionAdvisor'
13:23:08.247 [Test worker] DEBUG o.s.b.f.s.DefaultListableBeanFactory - Eagerly caching bean 'org.springframework.boot.autoconfigure.jdbc.metadata.DataSourcePoolMetadataProvidersConfiguration' to allow for resolving potential circular references
13:23:08.249 [Test worker] DEBUG o.s.b.f.s.DefaultListableBeanFactory - Returning cached instance of singleton bean 'org.springframework.transaction.config.internalTransactionAdvisor'
13:23:08.249 [Test worker] DEBUG o.s.b.f.s.DefaultListableBeanFactory - Returning cached instance of singleton bean 'org.springframework.transaction.config.internalTransactionAdvisor'
13:23:08.249 [Test worker] DEBUG o.s.j.a.JmsListenerAnnotationBeanPostProcessor - No @JmsListener annotations found on bean class: class org.springframework.boot.autoconfigure.jdbc.metadata.DataSourcePoolMetadataProvidersConfiguration$$EnhancerBySpringCGLIB$$2bf8c3f2
13:23:08.249 [Test worker] DEBUG o.s.b.f.s.DefaultListableBeanFactory - Finished creating instance of bean 'org.springframework.boot.autoconfigure.jdbc.metadata.DataSourcePoolMetadataProvidersConfiguration'
13:23:08.249 [Test worker] DEBUG o.s.b.f.s.DefaultListableBeanFactory - Creating shared instance of singleton bean 'org.springframework.boot.autoconfigure.jdbc.DataSourceAutoConfiguration'
13:23:08.249 [Test worker] DEBUG o.s.b.f.s.DefaultListableBeanFactory - Creating instance of bean 'org.springframework.boot.autoconfigure.jdbc.DataSourceAutoConfiguration'
13:23:08.250 [Test worker] DEBUG o.s.b.f.s.DefaultListableBeanFactory - Returning cached instance of singleton bean 'org.springframework.transaction.config.internalTransactionAdvisor'
13:23:08.250 [Test worker] DEBUG o.s.b.f.s.DefaultListableBeanFactory - Eagerly caching bean 'org.springframework.boot.autoconfigure.jdbc.DataSourceAutoConfiguration' to allow for resolving potential circular references
13:23:08.252 [Test worker] DEBUG o.s.b.f.s.DefaultListableBeanFactory - Returning cached instance of singleton bean 'org.springframework.transaction.config.internalTransactionAdvisor'
13:23:08.252 [Test worker] DEBUG o.s.b.f.s.DefaultListableBeanFactory - Returning cached instance of singleton bean 'org.springframework.transaction.config.internalTransactionAdvisor'
13:23:08.252 [Test worker] DEBUG o.s.j.a.JmsListenerAnnotationBeanPostProcessor - No @JmsListener annotations found on bean class: class org.springframework.boot.autoconfigure.jdbc.DataSourceAutoConfiguration$$EnhancerBySpringCGLIB$$62ae8731
13:23:08.252 [Test worker] DEBUG o.s.b.f.s.DefaultListableBeanFactory - Finished creating instance of bean 'org.springframework.boot.autoconfigure.jdbc.DataSourceAutoConfiguration'
13:23:08.252 [Test worker] DEBUG o.s.b.f.s.DefaultListableBeanFactory - Returning cached instance of singleton bean 'spring.datasource.CONFIGURATION_PROPERTIES'
13:23:08.252 [Test worker] DEBUG o.s.b.f.s.DefaultListableBeanFactory - Returning cached instance of singleton bean 'dataSourceInitializerPostProcessor'
13:23:08.252 [Test worker] DEBUG o.s.b.f.s.DefaultListableBeanFactory - Returning cached instance of singleton bean 'org.springframework.boot.autoconfigure.orm.jpa.HibernateJpaAutoConfiguration'
13:23:08.252 [Test worker] DEBUG o.s.b.f.s.DefaultListableBeanFactory - Creating shared instance of singleton bean 'transactionManager'
13:23:08.252 [Test worker] DEBUG o.s.b.f.s.DefaultListableBeanFactory - Creating instance of bean 'transactionManager'
13:23:08.252 [Test worker] DEBUG o.s.b.f.s.DefaultListableBeanFactory - Returning cached instance of singleton bean 'org.springframework.transaction.config.internalTransactionAdvisor'
13:23:08.252 [Test worker] DEBUG o.s.b.f.s.DefaultListableBeanFactory - Returning cached instance of singleton bean 'org.springframework.boot.autoconfigure.orm.jpa.HibernateJpaAutoConfiguration'
13:23:08.257 [Test worker] DEBUG o.s.b.f.s.DefaultListableBeanFactory - Eagerly caching bean 'transactionManager' to allow for resolving potential circular references
13:23:08.262 [Test worker] DEBUG o.s.b.f.s.DefaultListableBeanFactory - Returning cached instance of singleton bean 'entityManagerFactory'
13:23:08.262 [Test worker] DEBUG o.s.b.f.s.DefaultListableBeanFactory - Invoking afterPropertiesSet() on bean with name 'transactionManager'
13:23:08.263 [Test worker] DEBUG o.s.b.f.s.DefaultListableBeanFactory - Returning cached instance of singleton bean 'org.springframework.transaction.config.internalTransactionAdvisor'
13:23:08.263 [Test worker] DEBUG o.s.b.f.s.DefaultListableBeanFactory - Returning cached instance of singleton bean 'org.springframework.transaction.config.internalTransactionAdvisor'
13:23:08.263 [Test worker] DEBUG o.s.j.a.JmsListenerAnnotationBeanPostProcessor - No @JmsListener annotations found on bean class: class org.springframework.orm.jpa.JpaTransactionManager
13:23:08.264 [Test worker] DEBUG o.s.b.f.s.DefaultListableBeanFactory - Finished creating instance of bean 'transactionManager'
13:23:08.264 [Test worker] DEBUG o.s.b.f.s.DefaultListableBeanFactory - Returning cached instance of singleton bean 'jpaVendorAdapter'
13:23:08.264 [Test worker] DEBUG o.s.b.f.s.DefaultListableBeanFactory - Returning cached instance of singleton bean 'entityManagerFactoryBuilder'
13:23:08.264 [Test worker] DEBUG o.s.b.f.s.DefaultListableBeanFactory - Returning cached instance of singleton bean 'entityManagerFactory'
13:23:08.264 [Test worker] DEBUG o.s.b.f.s.DefaultListableBeanFactory - Returning cached instance of singleton bean 'spring.jpa.CONFIGURATION_PROPERTIES'
13:23:08.264 [Test worker] DEBUG o.s.b.f.s.DefaultListableBeanFactory - Returning cached instance of singleton bean 'dataSourceInitializedPublisher'
13:23:08.264 [Test worker] DEBUG o.s.b.f.s.DefaultListableBeanFactory - Creating shared instance of singleton bean 'org.springframework.boot.autoconfigure.dao.PersistenceExceptionTranslationAutoConfiguration'
13:23:08.264 [Test worker] DEBUG o.s.b.f.s.DefaultListableBeanFactory - Creating instance of bean 'org.springframework.boot.autoconfigure.dao.PersistenceExceptionTranslationAutoConfiguration'
13:23:08.264 [Test worker] DEBUG o.s.b.f.s.DefaultListableBeanFactory - Returning cached instance of singleton bean 'org.springframework.transaction.config.internalTransactionAdvisor'
13:23:08.265 [Test worker] DEBUG o.s.b.f.s.DefaultListableBeanFactory - Eagerly caching bean 'org.springframework.boot.autoconfigure.dao.PersistenceExceptionTranslationAutoConfiguration' to allow for resolving potential circular references
13:23:08.266 [Test worker] DEBUG o.s.b.f.s.DefaultListableBeanFactory - Returning cached instance of singleton bean 'org.springframework.transaction.config.internalTransactionAdvisor'
13:23:08.266 [Test worker] DEBUG o.s.b.f.s.DefaultListableBeanFactory - Returning cached instance of singleton bean 'org.springframework.transaction.config.internalTransactionAdvisor'
13:23:08.266 [Test worker] DEBUG o.s.j.a.JmsListenerAnnotationBeanPostProcessor - No @JmsListener annotations found on bean class: class org.springframework.boot.autoconfigure.dao.PersistenceExceptionTranslationAutoConfiguration
13:23:08.266 [Test worker] DEBUG o.s.b.f.s.DefaultListableBeanFactory - Finished creating instance of bean 'org.springframework.boot.autoconfigure.dao.PersistenceExceptionTranslationAutoConfiguration'
13:23:08.266 [Test worker] DEBUG o.s.b.f.s.DefaultListableBeanFactory - Returning cached instance of singleton bean 'persistenceExceptionTranslationPostProcessor'
13:23:08.266 [Test worker] DEBUG o.s.b.f.s.DefaultListableBeanFactory - Creating shared instance of singleton bean 'org.springframework.boot.autoconfigure.jmx.JmxAutoConfiguration'
13:23:08.266 [Test worker] DEBUG o.s.b.f.s.DefaultListableBeanFactory - Creating instance of bean 'org.springframework.boot.autoconfigure.jmx.JmxAutoConfiguration'
13:23:08.267 [Test worker] DEBUG o.s.b.f.s.DefaultListableBeanFactory - Returning cached instance of singleton bean 'org.springframework.transaction.config.internalTransactionAdvisor'
13:23:08.268 [Test worker] DEBUG o.s.b.f.s.DefaultListableBeanFactory - Eagerly caching bean 'org.springframework.boot.autoconfigure.jmx.JmxAutoConfiguration' to allow for resolving potential circular references
13:23:08.275 [Test worker] DEBUG o.s.b.f.s.DefaultListableBeanFactory - Returning cached instance of singleton bean 'org.springframework.transaction.config.internalTransactionAdvisor'
13:23:08.275 [Test worker] DEBUG o.s.b.f.s.DefaultListableBeanFactory - Returning cached instance of singleton bean 'org.springframework.transaction.config.internalTransactionAdvisor'
13:23:08.275 [Test worker] DEBUG o.s.j.a.JmsListenerAnnotationBeanPostProcessor - No @JmsListener annotations found on bean class: class org.springframework.boot.autoconfigure.jmx.JmxAutoConfiguration$$EnhancerBySpringCGLIB$$4bc78b6d
13:23:08.276 [Test worker] DEBUG o.s.b.f.s.DefaultListableBeanFactory - Finished creating instance of bean 'org.springframework.boot.autoconfigure.jmx.JmxAutoConfiguration'
13:23:08.276 [Test worker] DEBUG o.s.b.f.s.DefaultListableBeanFactory - Creating shared instance of singleton bean 'mbeanExporter'
13:23:08.276 [Test worker] DEBUG o.s.b.f.s.DefaultListableBeanFactory - Creating instance of bean 'mbeanExporter'
13:23:08.276 [Test worker] DEBUG o.s.b.f.s.DefaultListableBeanFactory - Returning cached instance of singleton bean 'org.springframework.transaction.config.internalTransactionAdvisor'
13:23:08.276 [Test worker] DEBUG o.s.b.f.s.DefaultListableBeanFactory - Returning cached instance of singleton bean 'org.springframework.boot.autoconfigure.jmx.JmxAutoConfiguration'
13:23:08.277 [Test worker] DEBUG o.s.b.f.s.DefaultListableBeanFactory - Creating shared instance of singleton bean 'objectNamingStrategy'
13:23:08.277 [Test worker] DEBUG o.s.b.f.s.DefaultListableBeanFactory - Creating instance of bean 'objectNamingStrategy'
13:23:08.277 [Test worker] DEBUG o.s.b.f.s.DefaultListableBeanFactory - Returning cached instance of singleton bean 'org.springframework.transaction.config.internalTransactionAdvisor'
13:23:08.277 [Test worker] DEBUG o.s.b.f.s.DefaultListableBeanFactory - Returning cached instance of singleton bean 'org.springframework.boot.autoconfigure.jmx.JmxAutoConfiguration'
13:23:08.280 [Test worker] DEBUG o.s.b.f.s.DefaultListableBeanFactory - Eagerly caching bean 'objectNamingStrategy' to allow for resolving potential circular references
13:23:08.281 [Test worker] DEBUG o.s.b.f.s.DefaultListableBeanFactory - Invoking afterPropertiesSet() on bean with name 'objectNamingStrategy'
13:23:08.281 [Test worker] DEBUG o.s.b.f.s.DefaultListableBeanFactory - Returning cached instance of singleton bean 'org.springframework.transaction.config.internalTransactionAdvisor'
13:23:08.281 [Test worker] DEBUG o.s.b.f.s.DefaultListableBeanFactory - Returning cached instance of singleton bean 'org.springframework.transaction.config.internalTransactionAdvisor'
13:23:08.282 [Test worker] DEBUG o.s.j.a.JmsListenerAnnotationBeanPostProcessor - No @JmsListener annotations found on bean class: class org.springframework.boot.autoconfigure.jmx.ParentAwareNamingStrategy
13:23:08.282 [Test worker] DEBUG o.s.b.f.s.DefaultListableBeanFactory - Finished creating instance of bean 'objectNamingStrategy'
13:23:08.282 [Test worker] DEBUG o.s.b.f.s.DefaultListableBeanFactory - Autowiring by type from bean name 'mbeanExporter' via factory method to bean named 'objectNamingStrategy'
13:23:08.288 [Test worker] DEBUG o.s.b.f.s.DefaultListableBeanFactory - Creating shared instance of singleton bean 'mbeanServer'
13:23:08.288 [Test worker] DEBUG o.s.b.f.s.DefaultListableBeanFactory - Creating instance of bean 'mbeanServer'
13:23:08.288 [Test worker] DEBUG o.s.b.f.s.DefaultListableBeanFactory - Returning cached instance of singleton bean 'org.springframework.transaction.config.internalTransactionAdvisor'
13:23:08.288 [Test worker] DEBUG o.s.b.f.s.DefaultListableBeanFactory - Returning cached instance of singleton bean 'org.springframework.boot.autoconfigure.jmx.JmxAutoConfiguration'
13:23:08.326 [Test worker] DEBUG o.s.jmx.support.JmxUtils - Found MBeanServer: com.sun.jmx.mbeanserver.JmxMBeanServer@6aad1927
13:23:08.328 [Test worker] DEBUG o.s.b.f.s.DefaultListableBeanFactory - Eagerly caching bean 'mbeanServer' to allow for resolving potential circular references
13:23:08.331 [Test worker] DEBUG o.s.b.f.s.DefaultListableBeanFactory - Returning cached instance of singleton bean 'org.springframework.transaction.config.internalTransactionAdvisor'
13:23:08.331 [Test worker] DEBUG o.s.b.f.s.DefaultListableBeanFactory - Returning cached instance of singleton bean 'org.springframework.transaction.config.internalTransactionAdvisor'
13:23:08.332 [Test worker] DEBUG o.s.j.a.JmsListenerAnnotationBeanPostProcessor - No @JmsListener annotations found on bean class: class com.sun.jmx.mbeanserver.JmxMBeanServer
13:23:08.333 [Test worker] DEBUG o.s.b.f.s.DefaultListableBeanFactory - Finished creating instance of bean 'mbeanServer'
13:23:08.335 [Test worker] DEBUG o.s.b.f.s.DefaultListableBeanFactory - Eagerly caching bean 'mbeanExporter' to allow for resolving potential circular references
13:23:08.341 [Test worker] DEBUG o.s.b.f.s.DefaultListableBeanFactory - Invoking afterPropertiesSet() on bean with name 'mbeanExporter'
13:23:08.341 [Test worker] DEBUG o.s.b.f.s.DefaultListableBeanFactory - Returning cached instance of singleton bean 'org.springframework.transaction.config.internalTransactionAdvisor'
13:23:08.341 [Test worker] DEBUG o.s.b.f.s.DefaultListableBeanFactory - Returning cached instance of singleton bean 'org.springframework.transaction.config.internalTransactionAdvisor'
13:23:08.342 [Test worker] DEBUG o.s.j.a.JmsListenerAnnotationBeanPostProcessor - No @JmsListener annotations found on bean class: class org.springframework.jmx.export.annotation.AnnotationMBeanExporter
13:23:08.342 [Test worker] DEBUG o.s.b.f.s.DefaultListableBeanFactory - Finished creating instance of bean 'mbeanExporter'
13:23:08.342 [Test worker] DEBUG o.s.b.f.s.DefaultListableBeanFactory - Returning cached instance of singleton bean 'objectNamingStrategy'
13:23:08.342 [Test worker] DEBUG o.s.b.f.s.DefaultListableBeanFactory - Returning cached instance of singleton bean 'mbeanServer'
13:23:08.342 [Test worker] DEBUG o.s.b.f.s.DefaultListableBeanFactory - Returning cached instance of singleton bean 'org.springframework.transaction.annotation.ProxyTransactionManagementConfiguration'
13:23:08.342 [Test worker] DEBUG o.s.b.f.s.DefaultListableBeanFactory - Returning cached instance of singleton bean 'org.springframework.transaction.config.internalTransactionAdvisor'
13:23:08.342 [Test worker] DEBUG o.s.b.f.s.DefaultListableBeanFactory - Returning cached instance of singleton bean 'transactionAttributeSource'
13:23:08.342 [Test worker] DEBUG o.s.b.f.s.DefaultListableBeanFactory - Returning cached instance of singleton bean 'transactionInterceptor'
13:23:08.342 [Test worker] DEBUG o.s.b.f.s.DefaultListableBeanFactory - Creating shared instance of singleton bean 'org.springframework.boot.autoconfigure.jdbc.DataSourceTransactionManagerAutoConfiguration$TransactionManagementConfiguration'
13:23:08.342 [Test worker] DEBUG o.s.b.f.s.DefaultListableBeanFactory - Creating instance of bean 'org.springframework.boot.autoconfigure.jdbc.DataSourceTransactionManagerAutoConfiguration$TransactionManagementConfiguration'
13:23:08.342 [Test worker] DEBUG o.s.b.f.s.DefaultListableBeanFactory - Returning cached instance of singleton bean 'org.springframework.transaction.config.internalTransactionAdvisor'
13:23:08.343 [Test worker] DEBUG o.s.b.f.s.DefaultListableBeanFactory - Eagerly caching bean 'org.springframework.boot.autoconfigure.jdbc.DataSourceTransactionManagerAutoConfiguration$TransactionManagementConfiguration' to allow for resolving potential circular references
13:23:08.345 [Test worker] DEBUG o.s.b.f.s.DefaultListableBeanFactory - Returning cached instance of singleton bean 'org.springframework.transaction.config.internalTransactionAdvisor'
13:23:08.345 [Test worker] DEBUG o.s.b.f.s.DefaultListableBeanFactory - Returning cached instance of singleton bean 'org.springframework.transaction.config.internalTransactionAdvisor'
13:23:08.345 [Test worker] DEBUG o.s.j.a.JmsListenerAnnotationBeanPostProcessor - No @JmsListener annotations found on bean class: class org.springframework.boot.autoconfigure.jdbc.DataSourceTransactionManagerAutoConfiguration$TransactionManagementConfiguration$$EnhancerBySpringCGLIB$$7448d6a3
13:23:08.345 [Test worker] DEBUG o.s.b.f.s.DefaultListableBeanFactory - Finished creating instance of bean 'org.springframework.boot.autoconfigure.jdbc.DataSourceTransactionManagerAutoConfiguration$TransactionManagementConfiguration'
13:23:08.345 [Test worker] DEBUG o.s.b.f.s.DefaultListableBeanFactory - Creating shared instance of singleton bean 'org.springframework.boot.autoconfigure.jdbc.DataSourceTransactionManagerAutoConfiguration'
13:23:08.345 [Test worker] DEBUG o.s.b.f.s.DefaultListableBeanFactory - Creating instance of bean 'org.springframework.boot.autoconfigure.jdbc.DataSourceTransactionManagerAutoConfiguration'
13:23:08.345 [Test worker] DEBUG o.s.b.f.s.DefaultListableBeanFactory - Returning cached instance of singleton bean 'org.springframework.transaction.config.internalTransactionAdvisor'
13:23:08.347 [Test worker] DEBUG o.s.b.f.annotation.InjectionMetadata - Registered injected element on class [org.springframework.boot.autoconfigure.jdbc.DataSourceTransactionManagerAutoConfiguration$$EnhancerBySpringCGLIB$$acff0a02]: AutowiredFieldElement for private javax.sql.DataSource org.springframework.boot.autoconfigure.jdbc.DataSourceTransactionManagerAutoConfiguration.dataSource
13:23:08.347 [Test worker] DEBUG o.s.b.f.s.DefaultListableBeanFactory - Eagerly caching bean 'org.springframework.boot.autoconfigure.jdbc.DataSourceTransactionManagerAutoConfiguration' to allow for resolving potential circular references
13:23:08.349 [Test worker] DEBUG o.s.b.f.annotation.InjectionMetadata - Processing injected element of bean 'org.springframework.boot.autoconfigure.jdbc.DataSourceTransactionManagerAutoConfiguration': AutowiredFieldElement for private javax.sql.DataSource org.springframework.boot.autoconfigure.jdbc.DataSourceTransactionManagerAutoConfiguration.dataSource
13:23:08.349 [Test worker] DEBUG o.s.b.f.s.DefaultListableBeanFactory - Returning cached instance of singleton bean 'dataSource'
13:23:08.349 [Test worker] DEBUG o.s.b.f.a.AutowiredAnnotationBeanPostProcessor - Autowiring by type from bean name 'org.springframework.boot.autoconfigure.jdbc.DataSourceTransactionManagerAutoConfiguration' to bean named 'dataSource'
13:23:08.349 [Test worker] DEBUG o.s.b.f.s.DefaultListableBeanFactory - Returning cached instance of singleton bean 'org.springframework.transaction.config.internalTransactionAdvisor'
13:23:08.349 [Test worker] DEBUG o.s.b.f.s.DefaultListableBeanFactory - Returning cached instance of singleton bean 'org.springframework.transaction.config.internalTransactionAdvisor'
13:23:08.349 [Test worker] DEBUG o.s.j.a.JmsListenerAnnotationBeanPostProcessor - No @JmsListener annotations found on bean class: class org.springframework.boot.autoconfigure.jdbc.DataSourceTransactionManagerAutoConfiguration$$EnhancerBySpringCGLIB$$acff0a02
13:23:08.350 [Test worker] DEBUG o.s.b.f.s.DefaultListableBeanFactory - Finished creating instance of bean 'org.springframework.boot.autoconfigure.jdbc.DataSourceTransactionManagerAutoConfiguration'
13:23:08.350 [Test worker] DEBUG o.s.b.f.s.DefaultListableBeanFactory - Returning cached instance of singleton bean 'org.springframework.boot.autoconfigure.jms.activemq.ActiveMQConnectionFactoryConfiguration'
13:23:08.350 [Test worker] DEBUG o.s.b.f.s.DefaultListableBeanFactory - Returning cached instance of singleton bean 'jmsConnectionFactory'
13:23:08.350 [Test worker] DEBUG o.s.b.f.s.DefaultListableBeanFactory - Creating shared instance of singleton bean 'org.springframework.boot.autoconfigure.jms.activemq.ActiveMQAutoConfiguration'
13:23:08.350 [Test worker] DEBUG o.s.b.f.s.DefaultListableBeanFactory - Creating instance of bean 'org.springframework.boot.autoconfigure.jms.activemq.ActiveMQAutoConfiguration'
13:23:08.350 [Test worker] DEBUG o.s.b.f.s.DefaultListableBeanFactory - Returning cached instance of singleton bean 'org.springframework.transaction.config.internalTransactionAdvisor'
13:23:08.350 [Test worker] DEBUG o.s.b.f.s.DefaultListableBeanFactory - Eagerly caching bean 'org.springframework.boot.autoconfigure.jms.activemq.ActiveMQAutoConfiguration' to allow for resolving potential circular references
13:23:08.352 [Test worker] DEBUG o.s.b.f.s.DefaultListableBeanFactory - Returning cached instance of singleton bean 'org.springframework.transaction.config.internalTransactionAdvisor'
13:23:08.352 [Test worker] DEBUG o.s.b.f.s.DefaultListableBeanFactory - Returning cached instance of singleton bean 'org.springframework.transaction.config.internalTransactionAdvisor'
13:23:08.353 [Test worker] DEBUG o.s.j.a.JmsListenerAnnotationBeanPostProcessor - No @JmsListener annotations found on bean class: class org.springframework.boot.autoconfigure.jms.activemq.ActiveMQAutoConfiguration$$EnhancerBySpringCGLIB$$37378fd9
13:23:08.353 [Test worker] DEBUG o.s.b.f.s.DefaultListableBeanFactory - Finished creating instance of bean 'org.springframework.boot.autoconfigure.jms.activemq.ActiveMQAutoConfiguration'
13:23:08.353 [Test worker] DEBUG o.s.b.f.s.DefaultListableBeanFactory - Returning cached instance of singleton bean 'spring.activemq.CONFIGURATION_PROPERTIES'
13:23:08.353 [Test worker] DEBUG o.s.b.f.s.DefaultListableBeanFactory - Creating shared instance of singleton bean 'org.springframework.boot.autoconfigure.jms.JmsAutoConfiguration$MessagingTemplateConfiguration'
13:23:08.353 [Test worker] DEBUG o.s.b.f.s.DefaultListableBeanFactory - Creating instance of bean 'org.springframework.boot.autoconfigure.jms.JmsAutoConfiguration$MessagingTemplateConfiguration'
13:23:08.353 [Test worker] DEBUG o.s.b.f.s.DefaultListableBeanFactory - Returning cached instance of singleton bean 'org.springframework.transaction.config.internalTransactionAdvisor'
13:23:08.353 [Test worker] DEBUG o.s.b.f.s.DefaultListableBeanFactory - Eagerly caching bean 'org.springframework.boot.autoconfigure.jms.JmsAutoConfiguration$MessagingTemplateConfiguration' to allow for resolving potential circular references
13:23:08.354 [Test worker] DEBUG o.s.b.f.s.DefaultListableBeanFactory - Returning cached instance of singleton bean 'org.springframework.transaction.config.internalTransactionAdvisor'
13:23:08.355 [Test worker] DEBUG o.s.b.f.s.DefaultListableBeanFactory - Returning cached instance of singleton bean 'org.springframework.transaction.config.internalTransactionAdvisor'
13:23:08.355 [Test worker] DEBUG o.s.j.a.JmsListenerAnnotationBeanPostProcessor - No @JmsListener annotations found on bean class: class org.springframework.boot.autoconfigure.jms.JmsAutoConfiguration$MessagingTemplateConfiguration
13:23:08.355 [Test worker] DEBUG o.s.b.f.s.DefaultListableBeanFactory - Finished creating instance of bean 'org.springframework.boot.autoconfigure.jms.JmsAutoConfiguration$MessagingTemplateConfiguration'
13:23:08.355 [Test worker] DEBUG o.s.b.f.s.DefaultListableBeanFactory - Creating shared instance of singleton bean 'jmsMessagingTemplate'
13:23:08.355 [Test worker] DEBUG o.s.b.f.s.DefaultListableBeanFactory - Creating instance of bean 'jmsMessagingTemplate'
13:23:08.355 [Test worker] DEBUG o.s.b.f.s.DefaultListableBeanFactory - Returning cached instance of singleton bean 'org.springframework.transaction.config.internalTransactionAdvisor'
13:23:08.355 [Test worker] DEBUG o.s.b.f.s.DefaultListableBeanFactory - Returning cached instance of singleton bean 'org.springframework.boot.autoconfigure.jms.JmsAutoConfiguration$MessagingTemplateConfiguration'
13:23:08.356 [Test worker] DEBUG o.s.b.f.s.DefaultListableBeanFactory - Creating shared instance of singleton bean 'jmsTemplate'
13:23:08.356 [Test worker] DEBUG o.s.b.f.s.DefaultListableBeanFactory - Creating instance of bean 'jmsTemplate'
13:23:08.356 [Test worker] DEBUG o.s.b.f.s.DefaultListableBeanFactory - Returning cached instance of singleton bean 'org.springframework.transaction.config.internalTransactionAdvisor'
13:23:08.356 [Test worker] DEBUG o.s.b.f.s.DefaultListableBeanFactory - Creating shared instance of singleton bean 'org.springframework.boot.autoconfigure.jms.JmsAutoConfiguration'
13:23:08.356 [Test worker] DEBUG o.s.b.f.s.DefaultListableBeanFactory - Creating instance of bean 'org.springframework.boot.autoconfigure.jms.JmsAutoConfiguration'
13:23:08.357 [Test worker] DEBUG o.s.b.f.s.DefaultListableBeanFactory - Returning cached instance of singleton bean 'org.springframework.transaction.config.internalTransactionAdvisor'
13:23:08.358 [Test worker] DEBUG o.s.b.f.annotation.InjectionMetadata - Registered injected element on class [org.springframework.boot.autoconfigure.jms.JmsAutoConfiguration$$EnhancerBySpringCGLIB$$f51e79b7]: AutowiredFieldElement for private org.springframework.boot.autoconfigure.jms.JmsProperties org.springframework.boot.autoconfigure.jms.JmsAutoConfiguration.properties
13:23:08.358 [Test worker] DEBUG o.s.b.f.annotation.InjectionMetadata - Registered injected element on class [org.springframework.boot.autoconfigure.jms.JmsAutoConfiguration$$EnhancerBySpringCGLIB$$f51e79b7]: AutowiredFieldElement for private javax.jms.ConnectionFactory org.springframework.boot.autoconfigure.jms.JmsAutoConfiguration.connectionFactory
13:23:08.358 [Test worker] DEBUG o.s.b.f.annotation.InjectionMetadata - Registered injected element on class [org.springframework.boot.autoconfigure.jms.JmsAutoConfiguration$$EnhancerBySpringCGLIB$$f51e79b7]: AutowiredFieldElement for private org.springframework.jms.support.destination.DestinationResolver org.springframework.boot.autoconfigure.jms.JmsAutoConfiguration.destinationResolver
13:23:08.358 [Test worker] DEBUG o.s.b.f.s.DefaultListableBeanFactory - Eagerly caching bean 'org.springframework.boot.autoconfigure.jms.JmsAutoConfiguration' to allow for resolving potential circular references
13:23:08.361 [Test worker] DEBUG o.s.b.f.annotation.InjectionMetadata - Processing injected element of bean 'org.springframework.boot.autoconfigure.jms.JmsAutoConfiguration': AutowiredFieldElement for private org.springframework.boot.autoconfigure.jms.JmsProperties org.springframework.boot.autoconfigure.jms.JmsAutoConfiguration.properties
13:23:08.362 [Test worker] DEBUG o.s.b.f.s.DefaultListableBeanFactory - Creating shared instance of singleton bean 'spring.jms.CONFIGURATION_PROPERTIES'
13:23:08.362 [Test worker] DEBUG o.s.b.f.s.DefaultListableBeanFactory - Creating instance of bean 'spring.jms.CONFIGURATION_PROPERTIES'
13:23:08.363 [Test worker] DEBUG o.s.b.f.s.DefaultListableBeanFactory - Returning cached instance of singleton bean 'org.springframework.transaction.config.internalTransactionAdvisor'
13:23:08.363 [Test worker] DEBUG o.s.b.f.s.DefaultListableBeanFactory - Eagerly caching bean 'spring.jms.CONFIGURATION_PROPERTIES' to allow for resolving potential circular references
13:23:08.366 [Test worker] DEBUG o.s.core.env.MutablePropertySources - Adding [Inlined Test Properties] PropertySource with lowest search precedence
13:23:08.366 [Test worker] DEBUG o.s.core.env.MutablePropertySources - Adding [systemProperties] PropertySource with lowest search precedence
13:23:08.366 [Test worker] DEBUG o.s.core.env.MutablePropertySources - Adding [systemEnvironment] PropertySource with lowest search precedence
13:23:08.366 [Test worker] DEBUG o.s.core.env.MutablePropertySources - Adding [localProperties] PropertySource with lowest search precedence
13:23:08.366 [Test worker] DEBUG o.s.core.env.MutablePropertySources - Adding [Inlined Test Properties] PropertySource with lowest search precedence
13:23:08.366 [Test worker] DEBUG o.s.core.env.MutablePropertySources - Adding [systemProperties] PropertySource with lowest search precedence
13:23:08.366 [Test worker] DEBUG o.s.core.env.MutablePropertySources - Adding [systemEnvironment] PropertySource with lowest search precedence
13:23:08.366 [Test worker] DEBUG o.s.core.env.MutablePropertySources - Adding [localProperties] PropertySource with lowest search precedence
13:23:08.366 [Test worker] DEBUG o.s.c.e.PropertySourcesPropertyResolver - Searching for key 'timezone' in [Inlined Test Properties]
13:23:08.367 [Test worker] DEBUG o.s.c.e.PropertySourcesPropertyResolver - Found key 'timezone' in [Inlined Test Properties] with type [String] and value 'GMT'
13:23:08.367 [Test worker] DEBUG o.s.core.env.MutablePropertySources - Adding [Inlined Test Properties] PropertySource with lowest search precedence
13:23:08.367 [Test worker] DEBUG o.s.core.env.MutablePropertySources - Adding [systemProperties] PropertySource with lowest search precedence
13:23:08.367 [Test worker] DEBUG o.s.core.env.MutablePropertySources - Adding [systemEnvironment] PropertySource with lowest search precedence
13:23:08.367 [Test worker] DEBUG o.s.core.env.MutablePropertySources - Adding [localProperties] PropertySource with lowest search precedence
13:23:08.367 [Test worker] DEBUG o.s.c.e.PropertySourcesPropertyResolver - Searching for key 'port' in [Inlined Test Properties]
13:23:08.367 [Test worker] DEBUG o.s.c.e.PropertySourcesPropertyResolver - Found key 'port' in [Inlined Test Properties] with type [String] and value '4242'
13:23:08.368 [Test worker] DEBUG o.s.b.f.s.DefaultListableBeanFactory - Returning cached instance of singleton bean 'org.springframework.transaction.config.internalTransactionAdvisor'
13:23:08.368 [Test worker] DEBUG o.s.b.f.s.DefaultListableBeanFactory - Returning cached instance of singleton bean 'org.springframework.transaction.config.internalTransactionAdvisor'
13:23:08.368 [Test worker] DEBUG o.s.j.a.JmsListenerAnnotationBeanPostProcessor - No @JmsListener annotations found on bean class: class org.springframework.boot.autoconfigure.jms.JmsProperties
13:23:08.369 [Test worker] DEBUG o.s.b.f.s.DefaultListableBeanFactory - Finished creating instance of bean 'spring.jms.CONFIGURATION_PROPERTIES'
13:23:08.369 [Test worker] DEBUG o.s.b.f.a.AutowiredAnnotationBeanPostProcessor - Autowiring by type from bean name 'org.springframework.boot.autoconfigure.jms.JmsAutoConfiguration' to bean named 'spring.jms.CONFIGURATION_PROPERTIES'
13:23:08.369 [Test worker] DEBUG o.s.b.f.annotation.InjectionMetadata - Processing injected element of bean 'org.springframework.boot.autoconfigure.jms.JmsAutoConfiguration': AutowiredFieldElement for private javax.jms.ConnectionFactory org.springframework.boot.autoconfigure.jms.JmsAutoConfiguration.connectionFactory
13:23:08.369 [Test worker] DEBUG o.s.b.f.s.DefaultListableBeanFactory - Returning cached instance of singleton bean 'jmsConnectionFactory'
13:23:08.369 [Test worker] DEBUG o.s.b.f.a.AutowiredAnnotationBeanPostProcessor - Autowiring by type from bean name 'org.springframework.boot.autoconfigure.jms.JmsAutoConfiguration' to bean named 'jmsConnectionFactory'
13:23:08.369 [Test worker] DEBUG o.s.b.f.annotation.InjectionMetadata - Processing injected element of bean 'org.springframework.boot.autoconfigure.jms.JmsAutoConfiguration': AutowiredFieldElement for private org.springframework.jms.support.destination.DestinationResolver org.springframework.boot.autoconfigure.jms.JmsAutoConfiguration.destinationResolver
13:23:08.370 [Test worker] DEBUG o.s.b.f.s.DefaultListableBeanFactory - Returning cached instance of singleton bean 'org.springframework.transaction.config.internalTransactionAdvisor'
13:23:08.370 [Test worker] DEBUG o.s.b.f.s.DefaultListableBeanFactory - Returning cached instance of singleton bean 'org.springframework.transaction.config.internalTransactionAdvisor'
13:23:08.371 [Test worker] DEBUG o.s.j.a.JmsListenerAnnotationBeanPostProcessor - No @JmsListener annotations found on bean class: class org.springframework.boot.autoconfigure.jms.JmsAutoConfiguration$$EnhancerBySpringCGLIB$$f51e79b7
13:23:08.371 [Test worker] DEBUG o.s.b.f.s.DefaultListableBeanFactory - Finished creating instance of bean 'org.springframework.boot.autoconfigure.jms.JmsAutoConfiguration'
13:23:08.385 [Test worker] DEBUG o.s.b.f.s.DefaultListableBeanFactory - Eagerly caching bean 'jmsTemplate' to allow for resolving potential circular references
13:23:08.390 [Test worker] DEBUG o.s.b.f.s.DefaultListableBeanFactory - Invoking afterPropertiesSet() on bean with name 'jmsTemplate'
13:23:08.390 [Test worker] DEBUG o.s.b.f.s.DefaultListableBeanFactory - Returning cached instance of singleton bean 'org.springframework.transaction.config.internalTransactionAdvisor'
13:23:08.390 [Test worker] DEBUG o.s.b.f.s.DefaultListableBeanFactory - Returning cached instance of singleton bean 'org.springframework.transaction.config.internalTransactionAdvisor'
13:23:08.391 [Test worker] DEBUG o.s.j.a.JmsListenerAnnotationBeanPostProcessor - No @JmsListener annotations found on bean class: class org.springframework.jms.core.JmsTemplate
13:23:08.391 [Test worker] DEBUG o.s.b.f.s.DefaultListableBeanFactory - Finished creating instance of bean 'jmsTemplate'
13:23:08.391 [Test worker] DEBUG o.s.b.f.s.DefaultListableBeanFactory - Autowiring by type from bean name 'jmsMessagingTemplate' via factory method to bean named 'jmsTemplate'
13:23:08.400 [Test worker] DEBUG o.s.b.f.s.DefaultListableBeanFactory - Eagerly caching bean 'jmsMessagingTemplate' to allow for resolving potential circular references
13:23:08.408 [Test worker] DEBUG o.s.b.f.s.DefaultListableBeanFactory - Invoking afterPropertiesSet() on bean with name 'jmsMessagingTemplate'
13:23:08.408 [Test worker] DEBUG o.s.b.f.s.DefaultListableBeanFactory - Returning cached instance of singleton bean 'org.springframework.transaction.config.internalTransactionAdvisor'
13:23:08.408 [Test worker] DEBUG o.s.b.f.s.DefaultListableBeanFactory - Returning cached instance of singleton bean 'org.springframework.transaction.config.internalTransactionAdvisor'
13:23:08.410 [Test worker] DEBUG o.s.j.a.JmsListenerAnnotationBeanPostProcessor - No @JmsListener annotations found on bean class: class org.springframework.jms.core.JmsMessagingTemplate
13:23:08.410 [Test worker] DEBUG o.s.b.f.s.DefaultListableBeanFactory - Finished creating instance of bean 'jmsMessagingTemplate'
13:23:08.410 [Test worker] DEBUG o.s.b.f.s.DefaultListableBeanFactory - Creating shared instance of singleton bean 'org.springframework.boot.autoconfigure.jms.JmsAnnotationDrivenConfiguration'
13:23:08.410 [Test worker] DEBUG o.s.b.f.s.DefaultListableBeanFactory - Creating instance of bean 'org.springframework.boot.autoconfigure.jms.JmsAnnotationDrivenConfiguration'
13:23:08.410 [Test worker] DEBUG o.s.b.f.s.DefaultListableBeanFactory - Returning cached instance of singleton bean 'org.springframework.transaction.config.internalTransactionAdvisor'
13:23:08.411 [Test worker] DEBUG o.s.b.f.annotation.InjectionMetadata - Registered injected element on class [org.springframework.boot.autoconfigure.jms.JmsAnnotationDrivenConfiguration$$EnhancerBySpringCGLIB$$f5871ab3]: AutowiredFieldElement for private org.springframework.jms.support.destination.DestinationResolver org.springframework.boot.autoconfigure.jms.JmsAnnotationDrivenConfiguration.destinationResolver
13:23:08.411 [Test worker] DEBUG o.s.b.f.annotation.InjectionMetadata - Registered injected element on class [org.springframework.boot.autoconfigure.jms.JmsAnnotationDrivenConfiguration$$EnhancerBySpringCGLIB$$f5871ab3]: AutowiredFieldElement for private org.springframework.transaction.PlatformTransactionManager org.springframework.boot.autoconfigure.jms.JmsAnnotationDrivenConfiguration.transactionManager
13:23:08.411 [Test worker] DEBUG o.s.b.f.annotation.InjectionMetadata - Registered injected element on class [org.springframework.boot.autoconfigure.jms.JmsAnnotationDrivenConfiguration$$EnhancerBySpringCGLIB$$f5871ab3]: AutowiredFieldElement for private org.springframework.boot.autoconfigure.jms.JmsProperties org.springframework.boot.autoconfigure.jms.JmsAnnotationDrivenConfiguration.properties
13:23:08.411 [Test worker] DEBUG o.s.b.f.s.DefaultListableBeanFactory - Eagerly caching bean 'org.springframework.boot.autoconfigure.jms.JmsAnnotationDrivenConfiguration' to allow for resolving potential circular references
13:23:08.413 [Test worker] DEBUG o.s.b.f.annotation.InjectionMetadata - Processing injected element of bean 'org.springframework.boot.autoconfigure.jms.JmsAnnotationDrivenConfiguration': AutowiredFieldElement for private org.springframework.jms.support.destination.DestinationResolver org.springframework.boot.autoconfigure.jms.JmsAnnotationDrivenConfiguration.destinationResolver
13:23:08.413 [Test worker] DEBUG o.s.b.f.annotation.InjectionMetadata - Processing injected element of bean 'org.springframework.boot.autoconfigure.jms.JmsAnnotationDrivenConfiguration': AutowiredFieldElement for private org.springframework.transaction.PlatformTransactionManager org.springframework.boot.autoconfigure.jms.JmsAnnotationDrivenConfiguration.transactionManager
13:23:08.414 [Test worker] DEBUG o.s.b.f.s.DefaultListableBeanFactory - Returning cached instance of singleton bean 'transactionManager'
13:23:08.414 [Test worker] DEBUG o.s.b.f.a.AutowiredAnnotationBeanPostProcessor - Autowiring by type from bean name 'org.springframework.boot.autoconfigure.jms.JmsAnnotationDrivenConfiguration' to bean named 'transactionManager'
13:23:08.414 [Test worker] DEBUG o.s.b.f.annotation.InjectionMetadata - Processing injected element of bean 'org.springframework.boot.autoconfigure.jms.JmsAnnotationDrivenConfiguration': AutowiredFieldElement for private org.springframework.boot.autoconfigure.jms.JmsProperties org.springframework.boot.autoconfigure.jms.JmsAnnotationDrivenConfiguration.properties
13:23:08.414 [Test worker] DEBUG o.s.b.f.s.DefaultListableBeanFactory - Returning cached instance of singleton bean 'spring.jms.CONFIGURATION_PROPERTIES'
13:23:08.414 [Test worker] DEBUG o.s.b.f.a.AutowiredAnnotationBeanPostProcessor - Autowiring by type from bean name 'org.springframework.boot.autoconfigure.jms.JmsAnnotationDrivenConfiguration' to bean named 'spring.jms.CONFIGURATION_PROPERTIES'
13:23:08.415 [Test worker] DEBUG o.s.b.f.s.DefaultListableBeanFactory - Returning cached instance of singleton bean 'org.springframework.transaction.config.internalTransactionAdvisor'
13:23:08.415 [Test worker] DEBUG o.s.b.f.s.DefaultListableBeanFactory - Returning cached instance of singleton bean 'org.springframework.transaction.config.internalTransactionAdvisor'
13:23:08.415 [Test worker] DEBUG o.s.j.a.JmsListenerAnnotationBeanPostProcessor - No @JmsListener annotations found on bean class: class org.springframework.boot.autoconfigure.jms.JmsAnnotationDrivenConfiguration$$EnhancerBySpringCGLIB$$f5871ab3
13:23:08.415 [Test worker] DEBUG o.s.b.f.s.DefaultListableBeanFactory - Finished creating instance of bean 'org.springframework.boot.autoconfigure.jms.JmsAnnotationDrivenConfiguration'
13:23:08.416 [Test worker] DEBUG o.s.b.f.s.DefaultListableBeanFactory - Creating shared instance of singleton bean 'jmsListenerContainerFactory'
13:23:08.416 [Test worker] DEBUG o.s.b.f.s.DefaultListableBeanFactory - Creating instance of bean 'jmsListenerContainerFactory'
13:23:08.416 [Test worker] DEBUG o.s.b.f.s.DefaultListableBeanFactory - Returning cached instance of singleton bean 'org.springframework.transaction.config.internalTransactionAdvisor'
13:23:08.416 [Test worker] DEBUG o.s.b.f.s.DefaultListableBeanFactory - Returning cached instance of singleton bean 'org.springframework.boot.autoconfigure.jms.JmsAnnotationDrivenConfiguration'
13:23:08.416 [Test worker] DEBUG o.s.b.f.s.DefaultListableBeanFactory - Returning cached instance of singleton bean 'jmsConnectionFactory'
13:23:08.416 [Test worker] DEBUG o.s.b.f.s.DefaultListableBeanFactory - Autowiring by type from bean name 'jmsListenerContainerFactory' via factory method to bean named 'jmsConnectionFactory'
13:23:08.423 [Test worker] DEBUG o.s.b.f.s.DefaultListableBeanFactory - Eagerly caching bean 'jmsListenerContainerFactory' to allow for resolving potential circular references
13:23:08.426 [Test worker] DEBUG o.s.b.f.s.DefaultListableBeanFactory - Returning cached instance of singleton bean 'org.springframework.transaction.config.internalTransactionAdvisor'
13:23:08.426 [Test worker] DEBUG o.s.b.f.s.DefaultListableBeanFactory - Returning cached instance of singleton bean 'org.springframework.transaction.config.internalTransactionAdvisor'
13:23:08.427 [Test worker] DEBUG o.s.j.a.JmsListenerAnnotationBeanPostProcessor - No @JmsListener annotations found on bean class: class org.springframework.jms.config.DefaultJmsListenerContainerFactory
13:23:08.428 [Test worker] DEBUG o.s.b.f.s.DefaultListableBeanFactory - Finished creating instance of bean 'jmsListenerContainerFactory'
13:23:08.428 [Test worker] DEBUG o.s.b.f.s.DefaultListableBeanFactory - Returning cached instance of singleton bean 'org.springframework.boot.autoconfigure.jms.JmsAutoConfiguration'
13:23:08.428 [Test worker] DEBUG o.s.b.f.s.DefaultListableBeanFactory - Returning cached instance of singleton bean 'jmsTemplate'
13:23:08.428 [Test worker] DEBUG o.s.b.f.s.DefaultListableBeanFactory - Returning cached instance of singleton bean 'spring.jms.CONFIGURATION_PROPERTIES'
13:23:08.428 [Test worker] DEBUG o.s.b.f.s.DefaultListableBeanFactory - Creating shared instance of singleton bean 'org.springframework.orm.jpa.SharedEntityManagerCreator#0'
13:23:08.428 [Test worker] DEBUG o.s.b.f.s.DefaultListableBeanFactory - Creating instance of bean 'org.springframework.orm.jpa.SharedEntityManagerCreator#0'
13:23:08.429 [Test worker] DEBUG o.s.b.f.s.DefaultListableBeanFactory - Returning cached instance of singleton bean 'org.springframework.transaction.config.internalTransactionAdvisor'
13:23:08.429 [Test worker] DEBUG o.s.b.f.s.DefaultListableBeanFactory - Returning cached instance of singleton bean 'entityManagerFactory'
13:23:08.432 [Test worker] DEBUG o.s.b.f.s.DefaultListableBeanFactory - Eagerly caching bean 'org.springframework.orm.jpa.SharedEntityManagerCreator#0' to allow for resolving potential circular references
13:23:08.434 [Test worker] DEBUG o.s.b.f.s.DefaultListableBeanFactory - Returning cached instance of singleton bean 'org.springframework.transaction.config.internalTransactionAdvisor'
13:23:08.434 [Test worker] DEBUG o.s.b.f.s.DefaultListableBeanFactory - Returning cached instance of singleton bean 'org.springframework.transaction.config.internalTransactionAdvisor'
13:23:08.435 [Test worker] DEBUG o.s.j.a.JmsListenerAnnotationBeanPostProcessor - No @JmsListener annotations found on bean class: class com.sun.proxy.$Proxy63
13:23:08.435 [Test worker] DEBUG o.s.b.f.s.DefaultListableBeanFactory - Finished creating instance of bean 'org.springframework.orm.jpa.SharedEntityManagerCreator#0'
13:23:08.436 [Test worker] DEBUG o.s.b.f.s.DefaultListableBeanFactory - Returning cached instance of singleton bean 'org.springframework.jms.config.internalJmsListenerEndpointRegistry'
13:23:08.487 [Test worker] DEBUG o.a.a.broker.jmx.ManagementContext - Creating RMIRegistry on port 1099
13:23:08.498 [Test worker] DEBUG o.a.a.broker.jmx.ManagementContext - Probably not using JRE 1.4: mx4j.tools.naming.NamingService
13:23:08.504 [Test worker] DEBUG o.a.a.broker.jmx.ManagementContext - Created JMXConnectorServer javax.management.remote.rmi.RMIConnectorServer@6763a59
13:23:08.505 [JMX connector] DEBUG o.a.a.broker.jmx.ManagementContext - Starting JMXConnectorServer...
13:23:08.713 [Test worker] INFO  o.a.activemq.broker.BrokerService - Using Persistence Adapter: MemoryPersistenceAdapter
13:23:08.734 [JMX connector] INFO  o.a.a.broker.jmx.ManagementContext - JMX consoles can connect to service:jmx:rmi:///jndi/rmi://localhost:1099/jmxrmi
13:23:08.864 [Test worker] INFO  o.a.activemq.broker.BrokerService - Apache ActiveMQ 5.11.1 (localhost, ID:i5dhcp195.fokus.fraunhofer.de-53700-1430911388735-0:1) is starting
13:23:08.869 [Test worker] INFO  o.a.activemq.broker.BrokerService - Apache ActiveMQ 5.11.1 (localhost, ID:i5dhcp195.fokus.fraunhofer.de-53700-1430911388735-0:1) started
13:23:08.869 [Test worker] INFO  o.a.activemq.broker.BrokerService - For help or more information please see: http://activemq.apache.org
13:23:08.876 [Test worker] DEBUG o.a.a.broker.region.AbstractRegion - localhost adding destination: topic://ActiveMQ.Advisory.MasterBroker
13:23:08.881 [Test worker] DEBUG o.a.a.thread.TaskRunnerFactory - Initialized TaskRunnerFactory[ActiveMQ BrokerService[localhost] Task] using ExecutorService: java.util.concurrent.ThreadPoolExecutor@609201d4[Running, pool size = 0, active threads = 0, queued tasks = 0, completed tasks = 0]
13:23:08.888 [Test worker] DEBUG o.a.a.t.vm.VMTransportFactory - binding to broker: localhost
13:23:08.892 [Test worker] INFO  o.a.a.broker.TransportConnector - Connector vm://localhost started
13:23:08.896 [Test worker] DEBUG o.a.a.thread.TaskRunnerFactory - Initialized TaskRunnerFactory[ActiveMQ VMTransport: vm://localhost#0] using ExecutorService: java.util.concurrent.ThreadPoolExecutor@4dfadf6a[Running, pool size = 0, active threads = 0, queued tasks = 0, completed tasks = 0]
13:23:08.896 [Test worker] DEBUG o.s.j.l.SimpleMessageListenerContainer - Established shared JMS Connection
13:23:08.900 [ActiveMQ BrokerService[localhost] Task-1] DEBUG o.a.a.thread.TaskRunnerFactory - Initialized TaskRunnerFactory[ActiveMQ VMTransport: vm://localhost#1] using ExecutorService: java.util.concurrent.ThreadPoolExecutor@29e88bd2[Running, pool size = 0, active threads = 0, queued tasks = 0, completed tasks = 0]
13:23:08.902 [ActiveMQ VMTransport: vm://localhost#1-1] DEBUG o.a.a.broker.TransportConnection - Setting up new connection id: ID:i5dhcp195.fokus.fraunhofer.de-53700-1430911388735-3:1, address: vm://localhost#0, info: ConnectionInfo {commandId = 1, responseRequired = true, connectionId = ID:i5dhcp195.fokus.fraunhofer.de-53700-1430911388735-3:1, clientId = ID:i5dhcp195.fokus.fraunhofer.de-53700-1430911388735-2:1, clientIp = null, userName = null, password = *****, brokerPath = null, brokerMasterConnector = false, manageable = true, clientMaster = true, faultTolerant = false, failoverReconnect = false}
13:23:08.903 [ActiveMQ VMTransport: vm://localhost#1-1] DEBUG o.a.a.broker.region.AbstractRegion - localhost adding destination: topic://ActiveMQ.Advisory.Connection
13:23:08.910 [ActiveMQ VMTransport: vm://localhost#1-1] DEBUG o.a.a.broker.region.AbstractRegion - localhost adding consumer: ID:i5dhcp195.fokus.fraunhofer.de-53700-1430911388735-3:1:-1:1 for destination: ActiveMQ.Advisory.TempQueue,ActiveMQ.Advisory.TempTopic
13:23:08.932 [ActiveMQ VMTransport: vm://localhost#1-1] DEBUG o.a.a.broker.region.AbstractRegion - localhost adding consumer: ID:i5dhcp195.fokus.fraunhofer.de-53700-1430911388735-3:1:1:1 for destination: queue://mailbox-destination
13:23:08.932 [ActiveMQ VMTransport: vm://localhost#1-1] DEBUG o.a.a.broker.region.AbstractRegion - localhost adding destination: queue://mailbox-destination
13:23:08.947 [ActiveMQ VMTransport: vm://localhost#1-1] DEBUG o.a.activemq.broker.region.Queue - queue://mailbox-destination, subscriptions=0, memory=0%, size=0, pending=0 toPageIn: 0, Inflight: 0, pagedInMessages.size 0, pagedInPendingDispatch.size 0, enqueueCount: 0, dequeueCount: 0, memUsage:0
13:23:08.948 [ActiveMQ VMTransport: vm://localhost#1-1] DEBUG o.a.a.broker.region.AbstractRegion - localhost adding destination: topic://ActiveMQ.Advisory.Queue
13:23:08.956 [ActiveMQ VMTransport: vm://localhost#1-1] DEBUG o.a.activemq.broker.region.Queue - queue://mailbox-destination add sub: QueueSubscription: consumer=ID:i5dhcp195.fokus.fraunhofer.de-53700-1430911388735-3:1:1:1, destinations=0, dispatched=0, delivered=0, pending=0, dequeues: 0, dispatched: 0, inflight: 0
13:23:08.957 [ActiveMQ VMTransport: vm://localhost#1-1] DEBUG o.a.a.broker.region.AbstractRegion - localhost adding destination: topic://ActiveMQ.Advisory.Consumer.Queue.mailbox-destination
13:23:08.960 [Test worker] INFO  o.s.j.e.a.AnnotationMBeanExporter - Registering beans for JMX exposure on startup
13:23:08.960 [Test worker] DEBUG o.s.j.e.a.AnnotationMBeanExporter - Autodetecting user-defined JMX MBeans
13:23:08.963 [Test worker] DEBUG o.s.c.s.GenericApplicationContext - Unable to locate LifecycleProcessor with name 'lifecycleProcessor': using default [org.springframework.context.support.DefaultLifecycleProcessor@696bdc33]
13:23:08.964 [Test worker] DEBUG o.s.b.f.s.DefaultListableBeanFactory - Returning cached instance of singleton bean 'org.springframework.jms.config.internalJmsListenerEndpointRegistry'
13:23:08.964 [Test worker] DEBUG o.s.b.f.s.DefaultListableBeanFactory - Returning cached instance of singleton bean 'lifecycleProcessor'
13:23:08.965 [Test worker] INFO  o.s.c.s.DefaultLifecycleProcessor - Starting beans in phase 2147483647
13:23:08.965 [Test worker] DEBUG o.s.c.s.DefaultLifecycleProcessor - Starting bean 'org.springframework.jms.config.internalJmsListenerEndpointRegistry' of type [class org.springframework.jms.config.JmsListenerEndpointRegistry]
13:23:08.965 [Test worker] DEBUG o.s.c.s.DefaultLifecycleProcessor - Successfully started bean 'org.springframework.jms.config.internalJmsListenerEndpointRegistry'
13:23:08.966 [Test worker] DEBUG o.s.c.e.PropertySourcesPropertyResolver - Searching for key 'spring.liveBeansView.mbeanDomain' in [Inlined Test Properties]
13:23:08.966 [Test worker] DEBUG o.s.c.e.PropertySourcesPropertyResolver - Searching for key 'spring.liveBeansView.mbeanDomain' in [systemProperties]
13:23:08.966 [Test worker] DEBUG o.s.c.e.PropertySourcesPropertyResolver - Searching for key 'spring.liveBeansView.mbeanDomain' in [systemEnvironment]
13:23:08.966 [Test worker] DEBUG o.s.c.e.PropertySourcesPropertyResolver - Could not find key 'spring.liveBeansView.mbeanDomain' in any property source. Returning [null]
13:23:08.966 [Test worker] DEBUG o.s.t.c.DefaultCacheAwareContextLoaderDelegate - Storing ApplicationContext in cache under key [[MergedContextConfiguration@4896ceb3 testClass = RepositoryClassSuiteTest, locations = '{}', classes = '{class org.project.neutrino.nfvo.core.test.ApplicationTest}', contextInitializerClasses = '[]', activeProfiles = '{}', propertySourceLocations = '{}', propertySourceProperties = '{timezone = GMT, port: 4242}', contextLoader = 'org.springframework.test.context.support.DelegatingSmartContextLoader', parent = [null]]]
13:23:08.966 [Test worker] DEBUG o.springframework.test.context.cache - Spring test ApplicationContext cache statistics: [ContextCache@5b48f6b8 size = 1, hitCount = 0, missCount = 1, parentContextCount = 0]
13:23:08.968 [Test worker] DEBUG o.s.b.f.annotation.InjectionMetadata - Processing injected element of bean 'org.project.neutrino.nfvo.core.test.reositories.RepositoryClassSuiteTest': AutowiredFieldElement for org.springframework.context.ConfigurableApplicationContext org.project.neutrino.nfvo.core.test.reositories.RepositoryClassSuiteTest.ctx
13:23:08.969 [Test worker] DEBUG o.s.b.f.a.AutowiredAnnotationBeanPostProcessor - Autowiring by type from bean name 'org.project.neutrino.nfvo.core.test.reositories.RepositoryClassSuiteTest' to bean named 'org.springframework.context.support.GenericApplicationContext@4be95777'
13:23:08.969 [Test worker] DEBUG o.s.b.f.annotation.InjectionMetadata - Processing injected element of bean 'org.project.neutrino.nfvo.core.test.reositories.RepositoryClassSuiteTest': AutowiredFieldElement for org.project.neutrino.nfvo.core.interfaces.NSDRepository org.project.neutrino.nfvo.core.test.reositories.RepositoryClassSuiteTest.nsdRepository
13:23:08.969 [Test worker] DEBUG o.s.b.f.s.DefaultListableBeanFactory - Returning cached instance of singleton bean 'NSDRepositoryImpl'
13:23:08.969 [Test worker] DEBUG o.s.b.f.a.AutowiredAnnotationBeanPostProcessor - Autowiring by type from bean name 'org.project.neutrino.nfvo.core.test.reositories.RepositoryClassSuiteTest' to bean named 'NSDRepositoryImpl'
13:23:08.970 [Test worker] DEBUG o.s.b.f.s.DefaultListableBeanFactory - Returning cached instance of singleton bean 'org.springframework.transaction.config.internalTransactionAdvisor'
13:23:08.970 [Test worker] DEBUG o.s.b.f.s.DefaultListableBeanFactory - Returning cached instance of singleton bean 'org.springframework.transaction.config.internalTransactionAdvisor'
13:23:08.971 [Test worker] DEBUG o.s.j.a.JmsListenerAnnotationBeanPostProcessor - No @JmsListener annotations found on bean class: class org.project.neutrino.nfvo.core.test.reositories.RepositoryClassSuiteTest
13:23:08.988 [Test worker] INFO  o.p.n.n.c.t.r.RepositoryClassSuiteTest - Starting test
13:23:08.989 [Test worker] DEBUG o.s.t.a.AnnotationTransactionAttributeSource - Adding transactional method 'NSDRepositoryImpl.findAll' with attribute: PROPAGATION_REQUIRED,ISOLATION_DEFAULT,readOnly; ''
13:23:08.991 [Test worker] DEBUG o.s.b.f.s.DefaultListableBeanFactory - Returning cached instance of singleton bean 'transactionManager'
13:23:08.992 [Test worker] DEBUG o.s.orm.jpa.JpaTransactionManager - Creating new transaction with name [org.project.neutrino.nfvo.core.repositories.NSDRepositoryImpl.findAll]: PROPAGATION_REQUIRED,ISOLATION_DEFAULT,readOnly; ''
13:23:08.992 [Test worker] DEBUG o.s.orm.jpa.JpaTransactionManager - Opened new EntityManager [org.hibernate.jpa.internal.EntityManagerImpl@54274a2b] for JPA transaction
13:23:08.995 [Test worker] DEBUG o.h.e.j.i.LogicalConnectionImpl - Obtaining JDBC connection
13:23:08.995 [Test worker] DEBUG o.s.j.d.SimpleDriverDataSource - Creating new JDBC Driver Connection to [jdbc:hsqldb:mem:testdb]
13:23:08.995 [Test worker] DEBUG o.h.e.j.i.LogicalConnectionImpl - Obtained JDBC connection
13:23:08.995 [Test worker] DEBUG o.s.jdbc.datasource.DataSourceUtils - Setting JDBC Connection [org.hsqldb.jdbc.JDBCConnection@25e969d9] read-only
13:23:08.995 [Test worker] DEBUG o.h.e.t.spi.AbstractTransactionImpl - begin
13:23:08.996 [Test worker] DEBUG o.h.e.t.i.jdbc.JdbcTransaction - initial autocommit status: true
13:23:08.996 [Test worker] DEBUG o.h.e.t.i.jdbc.JdbcTransaction - disabling autocommit
13:23:08.996 [Test worker] DEBUG o.s.orm.jpa.JpaTransactionManager - Exposing JPA transaction as JDBC transaction [org.springframework.orm.jpa.vendor.HibernateJpaDialect$HibernateConnectionHandle@7a46d736]
13:23:08.997 [Test worker] DEBUG o.h.e.t.spi.AbstractTransactionImpl - begin
13:23:08.997 [Test worker] DEBUG o.h.e.j.i.LogicalConnectionImpl - Obtaining JDBC connection
13:23:08.997 [Test worker] DEBUG o.s.j.d.SimpleDriverDataSource - Creating new JDBC Driver Connection to [jdbc:hsqldb:mem:testdb]
13:23:08.997 [Test worker] DEBUG o.h.e.j.i.LogicalConnectionImpl - Obtained JDBC connection
13:23:08.997 [Test worker] DEBUG o.h.e.t.i.jdbc.JdbcTransaction - initial autocommit status: true
13:23:08.997 [Test worker] DEBUG o.h.e.t.i.jdbc.JdbcTransaction - disabling autocommit
13:23:08.997 [Test worker] DEBUG o.s.o.j.ExtendedEntityManagerCreator$ExtendedEntityManagerInvocationHandler - Starting resource-local transaction on application-managed EntityManager [org.hibernate.jpa.internal.EntityManagerImpl@ac577b]
13:23:08.998 [Test worker] DEBUG o.s.o.j.ExtendedEntityManagerCreator$ExtendedEntityManagerInvocationHandler - Joined local transaction
13:23:09.032 [Test worker] DEBUG o.h.h.i.ast.QueryTranslatorImpl - parse() - HQL: FROM org.project.neutrino.nfvo.catalogue.mano.descriptor.NetworkServiceDescriptor
13:23:09.037 [Test worker] DEBUG o.h.h.i.ast.QueryTranslatorImpl - --- HQL AST ---
 \-[QUERY] Node: 'query'
    \-[SELECT_FROM] Node: 'SELECT_FROM'
       \-[FROM] Node: 'FROM'
          \-[RANGE] Node: 'RANGE'
             \-[DOT] Node: '.'
                +-[DOT] Node: '.'
                |  +-[DOT] Node: '.'
                |  |  +-[DOT] Node: '.'
                |  |  |  +-[DOT] Node: '.'
                |  |  |  |  +-[DOT] Node: '.'
                |  |  |  |  |  +-[DOT] Node: '.'
                |  |  |  |  |  |  +-[IDENT] Node: 'org'
                |  |  |  |  |  |  \-[IDENT] Node: 'project'
                |  |  |  |  |  \-[IDENT] Node: 'neutrino'
                |  |  |  |  \-[IDENT] Node: 'nfvo'
                |  |  |  \-[IDENT] Node: 'catalogue'
                |  |  \-[IDENT] Node: 'mano'
                |  \-[IDENT] Node: 'descriptor'
                \-[IDENT] Node: 'NetworkServiceDescriptor'

13:23:09.038 [Test worker] DEBUG o.h.hql.internal.ast.ErrorCounter - throwQueryException() : no errors
13:23:09.055 [Test worker] DEBUG o.h.h.i.antlr.HqlSqlBaseWalker - select << begin [level=1, statement=select]
13:23:09.066 [Test worker] DEBUG o.h.h.internal.ast.tree.FromElement - FromClause{level=1} : org.project.neutrino.nfvo.catalogue.mano.descriptor.NetworkServiceDescriptor (<no alias>) -> networkser0_
13:23:09.066 [Test worker] DEBUG o.h.h.i.antlr.HqlSqlBaseWalker - select : finishing up [level=1, statement=select]
13:23:09.066 [Test worker] DEBUG o.h.hql.internal.ast.HqlSqlWalker - processQuery() :  ( SELECT ( FromClause{level=1} network_service_descriptor networkser0_ ) )
13:23:09.069 [Test worker] DEBUG o.h.hql.internal.ast.HqlSqlWalker - Derived SELECT clause created.
13:23:09.072 [Test worker] DEBUG o.h.h.i.ast.util.JoinProcessor - Using FROM fragment [network_service_descriptor networkser0_]
13:23:09.073 [Test worker] DEBUG o.h.h.i.antlr.HqlSqlBaseWalker - select >> end [level=1, statement=select]
13:23:09.073 [Test worker] DEBUG o.h.h.i.ast.QueryTranslatorImpl - --- SQL AST ---
 \-[SELECT] QueryNode: 'SELECT'  querySpaces (network_service_descriptor,nfventity_descriptor)
    +-[SELECT_CLAUSE] SelectClause: '{derived select clause}'
    |  +-[SELECT_EXPR] SelectExpressionImpl: 'networkser0_.id as id1_27_' {FromElement{explicit,not a collection join,not a fetch join,fetch non-lazy properties,classAlias=null,role=null,tableName=network_service_descriptor,tableAlias=networkser0_,origin=null,columns={,className=org.project.neutrino.nfvo.catalogue.mano.descriptor.NetworkServiceDescriptor}}}
    |  \-[SQL_TOKEN] SqlFragment: 'networkser0_.hb_version as hb_versi2_27_, networkser0_.vendor as vendor3_27_, networkser0_.version as version4_27_, networkser0_.nsd_security_id as nsd_secu1_14_'
    \-[FROM] FromClause: 'FROM' FromClause{level=1, fromElementCounter=1, fromElements=1, fromElementByClassAlias=[], fromElementByTableAlias=[networkser0_], fromElementsByPath=[], collectionJoinFromElementsByPath=[], impliedElements=[]}
       \-[FROM_FRAGMENT] FromElement: 'network_service_descriptor networkser0_' FromElement{explicit,not a collection join,not a fetch join,fetch non-lazy properties,classAlias=null,role=null,tableName=network_service_descriptor,tableAlias=networkser0_,origin=null,columns={,className=org.project.neutrino.nfvo.catalogue.mano.descriptor.NetworkServiceDescriptor}}

13:23:09.073 [Test worker] DEBUG o.h.hql.internal.ast.ErrorCounter - throwQueryException() : no errors
13:23:09.078 [Test worker] DEBUG o.h.h.i.ast.QueryTranslatorImpl - HQL: FROM org.project.neutrino.nfvo.catalogue.mano.descriptor.NetworkServiceDescriptor
13:23:09.078 [Test worker] DEBUG o.h.h.i.ast.QueryTranslatorImpl - SQL: select networkser0_.id as id1_27_, networkser0_.hb_version as hb_versi2_27_, networkser0_.vendor as vendor3_27_, networkser0_.version as version4_27_, networkser0_.nsd_security_id as nsd_secu1_14_ from network_service_descriptor networkser0_
13:23:09.078 [Test worker] DEBUG o.h.hql.internal.ast.ErrorCounter - throwQueryException() : no errors
13:23:09.085 [Test worker] DEBUG org.hibernate.SQL - select networkser0_.id as id1_27_, networkser0_.hb_version as hb_versi2_27_, networkser0_.vendor as vendor3_27_, networkser0_.version as version4_27_, networkser0_.nsd_security_id as nsd_secu1_14_ from network_service_descriptor networkser0_
13:23:09.091 [Test worker] DEBUG o.s.orm.jpa.JpaTransactionManager - Initiating transaction commit
13:23:09.091 [Test worker] DEBUG o.s.orm.jpa.JpaTransactionManager - Committing JPA transaction on EntityManager [org.hibernate.jpa.internal.EntityManagerImpl@54274a2b]
13:23:09.091 [Test worker] DEBUG o.h.e.t.spi.AbstractTransactionImpl - committing
13:23:09.091 [Test worker] DEBUG o.h.e.t.i.jdbc.JdbcTransaction - committed JDBC Connection
13:23:09.091 [Test worker] DEBUG o.h.e.t.i.jdbc.JdbcTransaction - re-enabling autocommit
13:23:09.091 [Test worker] DEBUG o.h.e.t.spi.AbstractTransactionImpl - committing
13:23:09.091 [Test worker] DEBUG o.h.e.t.i.jdbc.JdbcTransaction - committed JDBC Connection
13:23:09.091 [Test worker] DEBUG o.h.e.t.i.jdbc.JdbcTransaction - re-enabling autocommit
13:23:09.092 [Test worker] DEBUG o.s.jdbc.datasource.DataSourceUtils - Resetting read-only flag of JDBC Connection [org.hsqldb.jdbc.JDBCConnection@25e969d9]
13:23:09.092 [Test worker] DEBUG o.s.orm.jpa.JpaTransactionManager - Closing JPA EntityManager [org.hibernate.jpa.internal.EntityManagerImpl@54274a2b] after transaction
13:23:09.092 [Test worker] DEBUG o.s.o.jpa.EntityManagerFactoryUtils - Closing JPA EntityManager
13:23:09.092 [Test worker] DEBUG o.h.e.j.i.LogicalConnectionImpl - Releasing JDBC connection
13:23:09.092 [Test worker] DEBUG o.h.e.j.i.LogicalConnectionImpl - Released JDBC connection
13:23:09.093 [Test worker] DEBUG o.s.t.annotation.ProfileValueUtils - Retrieved @ProfileValueSourceConfiguration [null] for test class [org.project.neutrino.nfvo.core.test.reositories.RepositoryClassSuiteTest]
13:23:09.094 [Test worker] DEBUG o.s.t.annotation.ProfileValueUtils - Retrieved ProfileValueSource type [class org.springframework.test.annotation.SystemProfileValueSource] for class [org.project.neutrino.nfvo.core.test.reositories.RepositoryClassSuiteTest]
13:23:09.094 [Test worker] DEBUG o.s.t.c.s.DependencyInjectionTestExecutionListener - Performing dependency injection for test context [[DefaultTestContext@b9c7bfc testClass = RepositoryClassSuiteTest, testInstance = org.project.neutrino.nfvo.core.test.reositories.RepositoryClassSuiteTest@6bc6e0da, testMethod = [null], testException = [null], mergedContextConfiguration = [MergedContextConfiguration@4896ceb3 testClass = RepositoryClassSuiteTest, locations = '{}', classes = '{class org.project.neutrino.nfvo.core.test.ApplicationTest}', contextInitializerClasses = '[]', activeProfiles = '{}', propertySourceLocations = '{}', propertySourceProperties = '{timezone = GMT, port: 4242}', contextLoader = 'org.springframework.test.context.support.DelegatingSmartContextLoader', parent = [null]]]].
13:23:09.094 [Test worker] DEBUG o.s.t.c.DefaultCacheAwareContextLoaderDelegate - Retrieved ApplicationContext from cache with key [[MergedContextConfiguration@4896ceb3 testClass = RepositoryClassSuiteTest, locations = '{}', classes = '{class org.project.neutrino.nfvo.core.test.ApplicationTest}', contextInitializerClasses = '[]', activeProfiles = '{}', propertySourceLocations = '{}', propertySourceProperties = '{timezone = GMT, port: 4242}', contextLoader = 'org.springframework.test.context.support.DelegatingSmartContextLoader', parent = [null]]]
13:23:09.094 [Test worker] DEBUG o.springframework.test.context.cache - Spring test ApplicationContext cache statistics: [ContextCache@5b48f6b8 size = 1, hitCount = 1, missCount = 1, parentContextCount = 0]
13:23:09.094 [Test worker] DEBUG o.s.b.f.annotation.InjectionMetadata - Processing injected element of bean 'org.project.neutrino.nfvo.core.test.reositories.RepositoryClassSuiteTest': AutowiredFieldElement for org.springframework.context.ConfigurableApplicationContext org.project.neutrino.nfvo.core.test.reositories.RepositoryClassSuiteTest.ctx
13:23:09.094 [Test worker] DEBUG o.s.b.f.annotation.InjectionMetadata - Processing injected element of bean 'org.project.neutrino.nfvo.core.test.reositories.RepositoryClassSuiteTest': AutowiredFieldElement for org.project.neutrino.nfvo.core.interfaces.NSDRepository org.project.neutrino.nfvo.core.test.reositories.RepositoryClassSuiteTest.nsdRepository
13:23:09.094 [Test worker] DEBUG o.s.b.f.s.DefaultListableBeanFactory - Returning cached instance of singleton bean 'NSDRepositoryImpl'
13:23:09.095 [Test worker] INFO  o.p.n.n.c.t.r.RepositoryClassSuiteTest - Starting test
13:23:09.097 [Test worker] DEBUG o.s.t.a.AnnotationTransactionAttributeSource - Adding transactional method 'NSDRepositoryImpl.create' with attribute: PROPAGATION_REQUIRES_NEW,ISOLATION_DEFAULT; ''
13:23:09.097 [Test worker] DEBUG o.s.orm.jpa.JpaTransactionManager - Creating new transaction with name [org.project.neutrino.nfvo.core.repositories.NSDRepositoryImpl.create]: PROPAGATION_REQUIRES_NEW,ISOLATION_DEFAULT; ''
13:23:09.097 [Test worker] DEBUG o.s.orm.jpa.JpaTransactionManager - Opened new EntityManager [org.hibernate.jpa.internal.EntityManagerImpl@3b4ee7c9] for JPA transaction
13:23:09.097 [Test worker] DEBUG o.h.e.t.spi.AbstractTransactionImpl - begin
13:23:09.097 [Test worker] DEBUG o.h.e.j.i.LogicalConnectionImpl - Obtaining JDBC connection
13:23:09.097 [Test worker] DEBUG o.s.j.d.SimpleDriverDataSource - Creating new JDBC Driver Connection to [jdbc:hsqldb:mem:testdb]
13:23:09.097 [Test worker] DEBUG o.h.e.j.i.LogicalConnectionImpl - Obtained JDBC connection
13:23:09.097 [Test worker] DEBUG o.h.e.t.i.jdbc.JdbcTransaction - initial autocommit status: true
13:23:09.097 [Test worker] DEBUG o.h.e.t.i.jdbc.JdbcTransaction - disabling autocommit
13:23:09.097 [Test worker] DEBUG o.s.orm.jpa.JpaTransactionManager - Exposing JPA transaction as JDBC transaction [org.springframework.orm.jpa.vendor.HibernateJpaDialect$HibernateConnectionHandle@39535b8a]
13:23:09.097 [Test worker] DEBUG o.h.e.t.spi.AbstractTransactionImpl - begin
13:23:09.097 [Test worker] DEBUG o.h.e.t.i.jdbc.JdbcTransaction - initial autocommit status: true
13:23:09.097 [Test worker] DEBUG o.h.e.t.i.jdbc.JdbcTransaction - disabling autocommit
13:23:09.097 [Test worker] DEBUG o.s.o.j.ExtendedEntityManagerCreator$ExtendedEntityManagerInvocationHandler - Starting resource-local transaction on application-managed EntityManager [org.hibernate.jpa.internal.EntityManagerImpl@ac577b]
13:23:09.097 [Test worker] DEBUG o.s.o.j.ExtendedEntityManagerCreator$ExtendedEntityManagerInvocationHandler - Joined local transaction
13:23:09.101 [Test worker] DEBUG o.h.e.i.AbstractSaveEventListener - Generated identifier: c29ab39c-3392-46f3-89c0-986b93892074, using strategy: org.hibernate.id.Assigned
13:23:09.115 [Test worker] DEBUG o.h.e.i.AbstractSaveEventListener - Generated identifier: bf66d445-6f47-483b-b6d1-a880fb5fc946, using strategy: org.hibernate.id.Assigned
13:23:09.115 [Test worker] DEBUG o.h.e.i.AbstractSaveEventListener - Generated identifier: 46af091f-6e9e-402c-b69f-b2c8fdde905a, using strategy: org.hibernate.id.Assigned
13:23:09.116 [Test worker] DEBUG o.s.orm.jpa.JpaTransactionManager - Initiating transaction commit
13:23:09.116 [Test worker] DEBUG o.s.orm.jpa.JpaTransactionManager - Committing JPA transaction on EntityManager [org.hibernate.jpa.internal.EntityManagerImpl@3b4ee7c9]
13:23:09.116 [Test worker] DEBUG o.h.e.t.spi.AbstractTransactionImpl - committing
13:23:09.116 [Test worker] DEBUG o.h.e.t.i.jdbc.JdbcTransaction - committed JDBC Connection
13:23:09.116 [Test worker] DEBUG o.h.e.t.i.jdbc.JdbcTransaction - re-enabling autocommit
13:23:09.116 [Test worker] DEBUG o.h.e.t.spi.AbstractTransactionImpl - committing
13:23:09.118 [Test worker] DEBUG o.h.e.i.AbstractFlushingEventListener - Processing flush-time cascades
13:23:09.120 [Test worker] DEBUG o.h.e.i.AbstractFlushingEventListener - Dirty checking collections
13:23:09.124 [Test worker] DEBUG o.h.engine.internal.Collections - Collection found: [org.project.neutrino.nfvo.catalogue.mano.descriptor.NetworkServiceDescriptor.vnfd#c29ab39c-3392-46f3-89c0-986b93892074], was: [<unreferenced>] (initialized)
13:23:09.125 [Test worker] DEBUG o.h.engine.internal.Collections - Collection found: [org.project.neutrino.nfvo.catalogue.mano.common.NFVEntityDescriptor.monitoring_parameter#bf66d445-6f47-483b-b6d1-a880fb5fc946], was: [<unreferenced>] (initialized)
13:23:09.125 [Test worker] DEBUG o.h.engine.internal.Collections - Collection found: [org.project.neutrino.nfvo.catalogue.mano.descriptor.VirtualNetworkFunctionDescriptor.vdu#bf66d445-6f47-483b-b6d1-a880fb5fc946], was: [<unreferenced>] (initialized)
13:23:09.127 [Test worker] DEBUG o.h.e.i.AbstractFlushingEventListener - Flushed: 3 insertions, 0 updates, 0 deletions to 3 objects
13:23:09.127 [Test worker] DEBUG o.h.e.i.AbstractFlushingEventListener - Flushed: 3 (re)creations, 0 updates, 0 removals to 3 collections
13:23:09.129 [Test worker] DEBUG o.h.internal.util.EntityPrinter - Listing entities:
13:23:09.130 [Test worker] DEBUG o.h.internal.util.EntityPrinter - org.project.neutrino.nfvo.catalogue.mano.descriptor.VirtualDeploymentUnit{id=46af091f-6e9e-402c-b69f-b2c8fdde905a, scale_in_out=0, vdu_constraint=null, computation_requirement=high_requirements, virtual_network_bandwidth_resource=null, lifecycle_event=null, monitoring_parameter=null, high_availability=ACTIVE_ACTIVE, vnfc=null, vm_image=null, virtual_memory_resource_element=null, version=0}
13:23:09.131 [Test worker] DEBUG o.h.internal.util.EntityPrinter - org.project.neutrino.nfvo.catalogue.mano.descriptor.NetworkServiceDescriptor{connection_point=null, vld=null, vendor=0, service_deployment_flavour=null, lifecycle_event=null, nsd_security=null, auto_scale_policy=null, version=null, vnffgd=null, pnfd=null, hb_version=0, vnf_dependency=null, Id=c29ab39c-3392-46f3-89c0-986b93892074, vnfd=[org.project.neutrino.nfvo.catalogue.mano.descriptor.VirtualNetworkFunctionDescriptor#bf66d445-6f47-483b-b6d1-a880fb5fc946], monitoring_parameter=null}
13:23:09.131 [Test worker] DEBUG o.h.internal.util.EntityPrinter - org.project.neutrino.nfvo.catalogue.mano.descriptor.VirtualNetworkFunctionDescriptor{connection_point=null, vld=null, vendor=null, service_deployment_flavour=null, manifest_file_security=null, lifecycle_event=null, auto_scale_policy=null, vdu=[org.project.neutrino.nfvo.catalogue.mano.descriptor.VirtualDeploymentUnit#46af091f-6e9e-402c-b69f-b2c8fdde905a], version=null, vdu_dependency=null, descriptor_version=null, vnffgd=null, virtual_link=null, hb_version=0, deployment_flavour=null, Id=bf66d445-6f47-483b-b6d1-a880fb5fc946, manifest_file=null, monitoring_parameter=[monitor1, monitor2, monitor3]}
13:23:09.136 [Test worker] DEBUG org.hibernate.SQL - insert into network_service_descriptor (hb_version, vendor, version, nsd_security_id, id) values (?, ?, ?, ?, ?)
13:23:09.138 [Test worker] DEBUG org.hibernate.SQL - insert into virtual_network_function_descriptor (hb_version, vendor, version, descriptor_version, manifest_file, id) values (?, ?, ?, ?, ?, ?)
13:23:09.139 [Test worker] DEBUG org.hibernate.SQL - insert into virtual_deployment_unit (computation_requirement, high_availability, scale_in_out, vdu_constraint, version, virtual_memory_resource_element, virtual_network_bandwidth_resource, id) values (?, ?, ?, ?, ?, ?, ?, ?)
13:23:09.139 [Test worker] DEBUG o.h.p.c.AbstractCollectionPersister - Inserting collection: [org.project.neutrino.nfvo.catalogue.mano.descriptor.NetworkServiceDescriptor.vnfd#c29ab39c-3392-46f3-89c0-986b93892074]
13:23:09.140 [Test worker] DEBUG org.hibernate.SQL - insert into network_service_descriptor_vnfd (network_service_descriptor_Id, vnfd_Id) values (?, ?)
13:23:09.140 [Test worker] DEBUG o.h.p.c.AbstractCollectionPersister - Done inserting collection: 1 rows inserted
13:23:09.140 [Test worker] DEBUG o.h.p.c.AbstractCollectionPersister - Inserting collection: [org.project.neutrino.nfvo.catalogue.mano.common.NFVEntityDescriptor.monitoring_parameter#bf66d445-6f47-483b-b6d1-a880fb5fc946]
13:23:09.140 [Test worker] DEBUG org.hibernate.SQL - insert into nfventity_descriptor_monitoring_parameter (nfventity_descriptor_Id, monitoring_parameter) values (?, ?)
13:23:09.141 [Test worker] DEBUG org.hibernate.SQL - insert into nfventity_descriptor_monitoring_parameter (nfventity_descriptor_Id, monitoring_parameter) values (?, ?)
13:23:09.141 [Test worker] DEBUG org.hibernate.SQL - insert into nfventity_descriptor_monitoring_parameter (nfventity_descriptor_Id, monitoring_parameter) values (?, ?)
13:23:09.141 [Test worker] DEBUG o.h.p.c.AbstractCollectionPersister - Done inserting collection: 3 rows inserted
13:23:09.141 [Test worker] DEBUG o.h.p.c.AbstractCollectionPersister - Inserting collection: [org.project.neutrino.nfvo.catalogue.mano.descriptor.VirtualNetworkFunctionDescriptor.vdu#bf66d445-6f47-483b-b6d1-a880fb5fc946]
13:23:09.141 [Test worker] DEBUG org.hibernate.SQL - insert into virtual_network_function_descriptor_vdu (virtual_network_function_descriptor_Id, vdu_id) values (?, ?)
13:23:09.142 [Test worker] DEBUG o.h.p.c.AbstractCollectionPersister - Done inserting collection: 1 rows inserted
13:23:09.143 [Test worker] DEBUG o.h.e.t.i.jdbc.JdbcTransaction - committed JDBC Connection
13:23:09.143 [Test worker] DEBUG o.h.e.t.i.jdbc.JdbcTransaction - re-enabling autocommit
13:23:09.143 [Test worker] DEBUG o.s.orm.jpa.JpaTransactionManager - Closing JPA EntityManager [org.hibernate.jpa.internal.EntityManagerImpl@3b4ee7c9] after transaction
13:23:09.143 [Test worker] DEBUG o.s.o.jpa.EntityManagerFactoryUtils - Closing JPA EntityManager
13:23:09.143 [Test worker] DEBUG o.h.e.j.i.LogicalConnectionImpl - Releasing JDBC connection
13:23:09.143 [Test worker] DEBUG o.h.e.j.i.LogicalConnectionImpl - Released JDBC connection
13:23:09.143 [Test worker] DEBUG o.s.t.a.AnnotationTransactionAttributeSource - Adding transactional method 'NSDRepositoryImpl.update' with attribute: PROPAGATION_REQUIRES_NEW,ISOLATION_DEFAULT; ''
13:23:09.143 [Test worker] DEBUG o.s.orm.jpa.JpaTransactionManager - Creating new transaction with name [org.project.neutrino.nfvo.core.repositories.NSDRepositoryImpl.update]: PROPAGATION_REQUIRES_NEW,ISOLATION_DEFAULT; ''
13:23:09.144 [Test worker] DEBUG o.s.orm.jpa.JpaTransactionManager - Opened new EntityManager [org.hibernate.jpa.internal.EntityManagerImpl@5f9d0d2b] for JPA transaction
13:23:09.144 [Test worker] DEBUG o.h.e.t.spi.AbstractTransactionImpl - begin
13:23:09.144 [Test worker] DEBUG o.h.e.j.i.LogicalConnectionImpl - Obtaining JDBC connection
13:23:09.144 [Test worker] DEBUG o.s.j.d.SimpleDriverDataSource - Creating new JDBC Driver Connection to [jdbc:hsqldb:mem:testdb]
13:23:09.144 [Test worker] DEBUG o.h.e.j.i.LogicalConnectionImpl - Obtained JDBC connection
13:23:09.144 [Test worker] DEBUG o.h.e.t.i.jdbc.JdbcTransaction - initial autocommit status: true
13:23:09.144 [Test worker] DEBUG o.h.e.t.i.jdbc.JdbcTransaction - disabling autocommit
13:23:09.144 [Test worker] DEBUG o.s.orm.jpa.JpaTransactionManager - Exposing JPA transaction as JDBC transaction [org.springframework.orm.jpa.vendor.HibernateJpaDialect$HibernateConnectionHandle@3fcbb317]
13:23:09.144 [Test worker] DEBUG o.h.e.t.spi.AbstractTransactionImpl - begin
13:23:09.144 [Test worker] DEBUG o.h.e.t.i.jdbc.JdbcTransaction - initial autocommit status: true
13:23:09.144 [Test worker] DEBUG o.h.e.t.i.jdbc.JdbcTransaction - disabling autocommit
13:23:09.144 [Test worker] DEBUG o.s.o.j.ExtendedEntityManagerCreator$ExtendedEntityManagerInvocationHandler - Starting resource-local transaction on application-managed EntityManager [org.hibernate.jpa.internal.EntityManagerImpl@ac577b]
13:23:09.144 [Test worker] DEBUG o.s.o.j.ExtendedEntityManagerCreator$ExtendedEntityManagerInvocationHandler - Joined local transaction
13:23:09.145 [Test worker] DEBUG o.h.e.i.DefaultMergeEventListener - EntityCopyObserver strategy: disallow
13:23:09.147 [Test worker] DEBUG o.s.o.j.ExtendedEntityManagerCreator$ExtendedEntityManagerInvocationHandler - Joined local transaction
13:23:09.147 [Test worker] DEBUG o.h.e.i.AbstractFlushingEventListener - Processing flush-time cascades
13:23:09.147 [Test worker] DEBUG o.h.e.i.AbstractFlushingEventListener - Dirty checking collections
13:23:09.147 [Test worker] DEBUG o.h.engine.internal.Collections - Collection found: [org.project.neutrino.nfvo.catalogue.mano.descriptor.NetworkServiceDescriptor.vnfd#c29ab39c-3392-46f3-89c0-986b93892074], was: [org.project.neutrino.nfvo.catalogue.mano.descriptor.NetworkServiceDescriptor.vnfd#c29ab39c-3392-46f3-89c0-986b93892074] (initialized)
13:23:09.148 [Test worker] DEBUG o.h.engine.internal.Collections - Collection found: [org.project.neutrino.nfvo.catalogue.mano.common.NFVEntityDescriptor.monitoring_parameter#bf66d445-6f47-483b-b6d1-a880fb5fc946], was: [org.project.neutrino.nfvo.catalogue.mano.common.NFVEntityDescriptor.monitoring_parameter#bf66d445-6f47-483b-b6d1-a880fb5fc946] (initialized)
13:23:09.148 [Test worker] DEBUG o.h.engine.internal.Collections - Collection found: [org.project.neutrino.nfvo.catalogue.mano.descriptor.VirtualNetworkFunctionDescriptor.vdu#bf66d445-6f47-483b-b6d1-a880fb5fc946], was: [org.project.neutrino.nfvo.catalogue.mano.descriptor.VirtualNetworkFunctionDescriptor.vdu#bf66d445-6f47-483b-b6d1-a880fb5fc946] (initialized)
13:23:09.148 [Test worker] DEBUG o.h.e.i.AbstractFlushingEventListener - Flushed: 0 insertions, 0 updates, 0 deletions to 3 objects
13:23:09.148 [Test worker] DEBUG o.h.e.i.AbstractFlushingEventListener - Flushed: 0 (re)creations, 0 updates, 0 removals to 3 collections
13:23:09.148 [Test worker] DEBUG o.h.internal.util.EntityPrinter - Listing entities:
13:23:09.148 [Test worker] DEBUG o.h.internal.util.EntityPrinter - org.project.neutrino.nfvo.catalogue.mano.descriptor.VirtualDeploymentUnit{id=46af091f-6e9e-402c-b69f-b2c8fdde905a, scale_in_out=0, vdu_constraint=null, computation_requirement=high_requirements, virtual_network_bandwidth_resource=null, lifecycle_event=null, monitoring_parameter=null, high_availability=ACTIVE_ACTIVE, vnfc=null, vm_image=null, virtual_memory_resource_element=null, version=0}
13:23:09.148 [Test worker] DEBUG o.h.internal.util.EntityPrinter - org.project.neutrino.nfvo.catalogue.mano.descriptor.NetworkServiceDescriptor{connection_point=null, vld=null, vendor=0, service_deployment_flavour=null, lifecycle_event=null, nsd_security=null, auto_scale_policy=null, version=null, vnffgd=null, pnfd=null, hb_version=0, vnf_dependency=null, Id=c29ab39c-3392-46f3-89c0-986b93892074, vnfd=[org.project.neutrino.nfvo.catalogue.mano.descriptor.VirtualNetworkFunctionDescriptor#bf66d445-6f47-483b-b6d1-a880fb5fc946], monitoring_parameter=null}
13:23:09.148 [Test worker] DEBUG o.h.internal.util.EntityPrinter - org.project.neutrino.nfvo.catalogue.mano.descriptor.VirtualNetworkFunctionDescriptor{connection_point=null, vld=null, vendor=null, service_deployment_flavour=null, manifest_file_security=null, lifecycle_event=null, auto_scale_policy=null, vdu=[org.project.neutrino.nfvo.catalogue.mano.descriptor.VirtualDeploymentUnit#46af091f-6e9e-402c-b69f-b2c8fdde905a], version=null, vdu_dependency=null, descriptor_version=null, vnffgd=null, virtual_link=null, hb_version=0, deployment_flavour=null, Id=bf66d445-6f47-483b-b6d1-a880fb5fc946, manifest_file=null, monitoring_parameter=[monitor1, monitor2, monitor3]}
13:23:09.148 [Test worker] DEBUG o.s.orm.jpa.JpaTransactionManager - Initiating transaction commit
13:23:09.148 [Test worker] DEBUG o.s.orm.jpa.JpaTransactionManager - Committing JPA transaction on EntityManager [org.hibernate.jpa.internal.EntityManagerImpl@5f9d0d2b]
13:23:09.148 [Test worker] DEBUG o.h.e.t.spi.AbstractTransactionImpl - committing
13:23:09.149 [Test worker] DEBUG o.h.e.t.i.jdbc.JdbcTransaction - committed JDBC Connection
13:23:09.149 [Test worker] DEBUG o.h.e.t.i.jdbc.JdbcTransaction - re-enabling autocommit
13:23:09.149 [Test worker] DEBUG o.h.e.t.spi.AbstractTransactionImpl - committing
13:23:09.149 [Test worker] DEBUG o.h.e.i.AbstractFlushingEventListener - Processing flush-time cascades
13:23:09.149 [Test worker] DEBUG o.h.e.i.AbstractFlushingEventListener - Dirty checking collections
13:23:09.149 [Test worker] DEBUG o.h.engine.internal.Collections - Collection found: [org.project.neutrino.nfvo.catalogue.mano.descriptor.NetworkServiceDescriptor.vnfd#c29ab39c-3392-46f3-89c0-986b93892074], was: [org.project.neutrino.nfvo.catalogue.mano.descriptor.NetworkServiceDescriptor.vnfd#c29ab39c-3392-46f3-89c0-986b93892074] (initialized)
13:23:09.149 [Test worker] DEBUG o.h.engine.internal.Collections - Collection found: [org.project.neutrino.nfvo.catalogue.mano.common.NFVEntityDescriptor.monitoring_parameter#bf66d445-6f47-483b-b6d1-a880fb5fc946], was: [org.project.neutrino.nfvo.catalogue.mano.common.NFVEntityDescriptor.monitoring_parameter#bf66d445-6f47-483b-b6d1-a880fb5fc946] (initialized)
13:23:09.150 [Test worker] DEBUG o.h.engine.internal.Collections - Collection found: [org.project.neutrino.nfvo.catalogue.mano.descriptor.VirtualNetworkFunctionDescriptor.vdu#bf66d445-6f47-483b-b6d1-a880fb5fc946], was: [org.project.neutrino.nfvo.catalogue.mano.descriptor.VirtualNetworkFunctionDescriptor.vdu#bf66d445-6f47-483b-b6d1-a880fb5fc946] (initialized)
13:23:09.150 [Test worker] DEBUG o.h.e.i.AbstractFlushingEventListener - Flushed: 0 insertions, 0 updates, 0 deletions to 3 objects
13:23:09.150 [Test worker] DEBUG o.h.e.i.AbstractFlushingEventListener - Flushed: 0 (re)creations, 0 updates, 0 removals to 3 collections
13:23:09.150 [Test worker] DEBUG o.h.internal.util.EntityPrinter - Listing entities:
13:23:09.150 [Test worker] DEBUG o.h.internal.util.EntityPrinter - org.project.neutrino.nfvo.catalogue.mano.descriptor.VirtualDeploymentUnit{id=46af091f-6e9e-402c-b69f-b2c8fdde905a, scale_in_out=0, vdu_constraint=null, computation_requirement=high_requirements, virtual_network_bandwidth_resource=null, lifecycle_event=null, monitoring_parameter=null, high_availability=ACTIVE_ACTIVE, vnfc=null, vm_image=null, virtual_memory_resource_element=null, version=0}
13:23:09.150 [Test worker] DEBUG o.h.internal.util.EntityPrinter - org.project.neutrino.nfvo.catalogue.mano.descriptor.NetworkServiceDescriptor{connection_point=null, vld=null, vendor=0, service_deployment_flavour=null, lifecycle_event=null, nsd_security=null, auto_scale_policy=null, version=null, vnffgd=null, pnfd=null, hb_version=0, vnf_dependency=null, Id=c29ab39c-3392-46f3-89c0-986b93892074, vnfd=[org.project.neutrino.nfvo.catalogue.mano.descriptor.VirtualNetworkFunctionDescriptor#bf66d445-6f47-483b-b6d1-a880fb5fc946], monitoring_parameter=null}
13:23:09.150 [Test worker] DEBUG o.h.internal.util.EntityPrinter - org.project.neutrino.nfvo.catalogue.mano.descriptor.VirtualNetworkFunctionDescriptor{connection_point=null, vld=null, vendor=null, service_deployment_flavour=null, manifest_file_security=null, lifecycle_event=null, auto_scale_policy=null, vdu=[org.project.neutrino.nfvo.catalogue.mano.descriptor.VirtualDeploymentUnit#46af091f-6e9e-402c-b69f-b2c8fdde905a], version=null, vdu_dependency=null, descriptor_version=null, vnffgd=null, virtual_link=null, hb_version=0, deployment_flavour=null, Id=bf66d445-6f47-483b-b6d1-a880fb5fc946, manifest_file=null, monitoring_parameter=[monitor1, monitor2, monitor3]}
13:23:09.150 [Test worker] DEBUG o.h.e.t.i.jdbc.JdbcTransaction - committed JDBC Connection
13:23:09.150 [Test worker] DEBUG o.h.e.t.i.jdbc.JdbcTransaction - re-enabling autocommit
13:23:09.150 [Test worker] DEBUG o.s.orm.jpa.JpaTransactionManager - Closing JPA EntityManager [org.hibernate.jpa.internal.EntityManagerImpl@5f9d0d2b] after transaction
13:23:09.150 [Test worker] DEBUG o.s.o.jpa.EntityManagerFactoryUtils - Closing JPA EntityManager
13:23:09.150 [Test worker] DEBUG o.h.e.j.i.LogicalConnectionImpl - Releasing JDBC connection
13:23:09.150 [Test worker] DEBUG o.h.e.j.i.LogicalConnectionImpl - Released JDBC connection
13:23:09.150 [Test worker] WARN  o.p.n.n.c.t.r.RepositoryClassSuiteTest - Expected 1 but was 0
13:23:09.151 [Test worker] DEBUG o.s.orm.jpa.JpaTransactionManager - Creating new transaction with name [org.project.neutrino.nfvo.core.repositories.NSDRepositoryImpl.update]: PROPAGATION_REQUIRES_NEW,ISOLATION_DEFAULT; ''
13:23:09.151 [Test worker] DEBUG o.s.orm.jpa.JpaTransactionManager - Opened new EntityManager [org.hibernate.jpa.internal.EntityManagerImpl@4457e2f7] for JPA transaction
13:23:09.151 [Test worker] DEBUG o.h.e.t.spi.AbstractTransactionImpl - begin
13:23:09.151 [Test worker] DEBUG o.h.e.j.i.LogicalConnectionImpl - Obtaining JDBC connection
13:23:09.151 [Test worker] DEBUG o.s.j.d.SimpleDriverDataSource - Creating new JDBC Driver Connection to [jdbc:hsqldb:mem:testdb]
13:23:09.151 [Test worker] DEBUG o.h.e.j.i.LogicalConnectionImpl - Obtained JDBC connection
13:23:09.151 [Test worker] DEBUG o.h.e.t.i.jdbc.JdbcTransaction - initial autocommit status: true
13:23:09.151 [Test worker] DEBUG o.h.e.t.i.jdbc.JdbcTransaction - disabling autocommit
13:23:09.151 [Test worker] DEBUG o.s.orm.jpa.JpaTransactionManager - Exposing JPA transaction as JDBC transaction [org.springframework.orm.jpa.vendor.HibernateJpaDialect$HibernateConnectionHandle@65f5e92e]
13:23:09.151 [Test worker] DEBUG o.h.e.t.spi.AbstractTransactionImpl - begin
13:23:09.151 [Test worker] DEBUG o.h.e.t.i.jdbc.JdbcTransaction - initial autocommit status: true
13:23:09.151 [Test worker] DEBUG o.h.e.t.i.jdbc.JdbcTransaction - disabling autocommit
13:23:09.151 [Test worker] DEBUG o.s.o.j.ExtendedEntityManagerCreator$ExtendedEntityManagerInvocationHandler - Starting resource-local transaction on application-managed EntityManager [org.hibernate.jpa.internal.EntityManagerImpl@ac577b]
13:23:09.151 [Test worker] DEBUG o.s.o.j.ExtendedEntityManagerCreator$ExtendedEntityManagerInvocationHandler - Joined local transaction
13:23:09.152 [Test worker] DEBUG o.s.o.j.ExtendedEntityManagerCreator$ExtendedEntityManagerInvocationHandler - Joined local transaction
13:23:09.152 [Test worker] DEBUG o.h.e.i.AbstractFlushingEventListener - Processing flush-time cascades
13:23:09.152 [Test worker] DEBUG o.h.e.i.AbstractFlushingEventListener - Dirty checking collections
13:23:09.153 [Test worker] DEBUG o.h.engine.internal.Collections - Collection found: [org.project.neutrino.nfvo.catalogue.mano.descriptor.NetworkServiceDescriptor.vnfd#c29ab39c-3392-46f3-89c0-986b93892074], was: [org.project.neutrino.nfvo.catalogue.mano.descriptor.NetworkServiceDescriptor.vnfd#c29ab39c-3392-46f3-89c0-986b93892074] (initialized)
13:23:09.154 [Test worker] DEBUG o.h.engine.internal.Collections - Collection found: [org.project.neutrino.nfvo.catalogue.mano.common.NFVEntityDescriptor.monitoring_parameter#bf66d445-6f47-483b-b6d1-a880fb5fc946], was: [org.project.neutrino.nfvo.catalogue.mano.common.NFVEntityDescriptor.monitoring_parameter#bf66d445-6f47-483b-b6d1-a880fb5fc946] (initialized)
13:23:09.154 [Test worker] DEBUG o.h.engine.internal.Collections - Collection found: [org.project.neutrino.nfvo.catalogue.mano.descriptor.VirtualNetworkFunctionDescriptor.vdu#bf66d445-6f47-483b-b6d1-a880fb5fc946], was: [org.project.neutrino.nfvo.catalogue.mano.descriptor.VirtualNetworkFunctionDescriptor.vdu#bf66d445-6f47-483b-b6d1-a880fb5fc946] (initialized)
13:23:09.154 [Test worker] DEBUG o.h.e.i.AbstractFlushingEventListener - Flushed: 0 insertions, 1 updates, 0 deletions to 3 objects
13:23:09.154 [Test worker] DEBUG o.h.e.i.AbstractFlushingEventListener - Flushed: 0 (re)creations, 0 updates, 0 removals to 3 collections
13:23:09.154 [Test worker] DEBUG o.h.internal.util.EntityPrinter - Listing entities:
13:23:09.154 [Test worker] DEBUG o.h.internal.util.EntityPrinter - org.project.neutrino.nfvo.catalogue.mano.descriptor.VirtualDeploymentUnit{id=46af091f-6e9e-402c-b69f-b2c8fdde905a, scale_in_out=0, vdu_constraint=null, computation_requirement=high_requirements, virtual_network_bandwidth_resource=null, lifecycle_event=null, monitoring_parameter=null, high_availability=ACTIVE_ACTIVE, vnfc=null, vm_image=null, virtual_memory_resource_element=null, version=0}
13:23:09.154 [Test worker] DEBUG o.h.internal.util.EntityPrinter - org.project.neutrino.nfvo.catalogue.mano.descriptor.NetworkServiceDescriptor{connection_point=null, vld=null, vendor=1, service_deployment_flavour=null, lifecycle_event=null, nsd_security=null, auto_scale_policy=null, version=null, vnffgd=null, pnfd=null, hb_version=0, vnf_dependency=null, Id=c29ab39c-3392-46f3-89c0-986b93892074, vnfd=[org.project.neutrino.nfvo.catalogue.mano.descriptor.VirtualNetworkFunctionDescriptor#bf66d445-6f47-483b-b6d1-a880fb5fc946], monitoring_parameter=null}
13:23:09.154 [Test worker] DEBUG o.h.internal.util.EntityPrinter - org.project.neutrino.nfvo.catalogue.mano.descriptor.VirtualNetworkFunctionDescriptor{connection_point=null, vld=null, vendor=null, service_deployment_flavour=null, manifest_file_security=null, lifecycle_event=null, auto_scale_policy=null, vdu=[org.project.neutrino.nfvo.catalogue.mano.descriptor.VirtualDeploymentUnit#46af091f-6e9e-402c-b69f-b2c8fdde905a], version=null, vdu_dependency=null, descriptor_version=null, vnffgd=null, virtual_link=null, hb_version=0, deployment_flavour=null, Id=bf66d445-6f47-483b-b6d1-a880fb5fc946, manifest_file=null, monitoring_parameter=[monitor1, monitor2, monitor3]}
13:23:09.155 [Test worker] DEBUG org.hibernate.SQL - update network_service_descriptor set hb_version=?, vendor=?, version=?, nsd_security_id=? where id=? and hb_version=?
13:23:09.157 [Test worker] DEBUG o.s.orm.jpa.JpaTransactionManager - Initiating transaction commit
13:23:09.157 [Test worker] DEBUG o.s.orm.jpa.JpaTransactionManager - Committing JPA transaction on EntityManager [org.hibernate.jpa.internal.EntityManagerImpl@4457e2f7]
13:23:09.157 [Test worker] DEBUG o.h.e.t.spi.AbstractTransactionImpl - committing
13:23:09.157 [Test worker] DEBUG o.h.e.t.i.jdbc.JdbcTransaction - committed JDBC Connection
13:23:09.157 [Test worker] DEBUG o.h.e.t.i.jdbc.JdbcTransaction - re-enabling autocommit
13:23:09.157 [Test worker] DEBUG o.h.e.t.spi.AbstractTransactionImpl - committing
13:23:09.157 [Test worker] DEBUG o.h.e.i.AbstractFlushingEventListener - Processing flush-time cascades
13:23:09.157 [Test worker] DEBUG o.h.e.i.AbstractFlushingEventListener - Dirty checking collections
13:23:09.158 [Test worker] DEBUG o.h.engine.internal.Collections - Collection found: [org.project.neutrino.nfvo.catalogue.mano.descriptor.NetworkServiceDescriptor.vnfd#c29ab39c-3392-46f3-89c0-986b93892074], was: [org.project.neutrino.nfvo.catalogue.mano.descriptor.NetworkServiceDescriptor.vnfd#c29ab39c-3392-46f3-89c0-986b93892074] (initialized)
13:23:09.158 [Test worker] DEBUG o.h.engine.internal.Collections - Collection found: [org.project.neutrino.nfvo.catalogue.mano.common.NFVEntityDescriptor.monitoring_parameter#bf66d445-6f47-483b-b6d1-a880fb5fc946], was: [org.project.neutrino.nfvo.catalogue.mano.common.NFVEntityDescriptor.monitoring_parameter#bf66d445-6f47-483b-b6d1-a880fb5fc946] (initialized)
13:23:09.158 [Test worker] DEBUG o.h.engine.internal.Collections - Collection found: [org.project.neutrino.nfvo.catalogue.mano.descriptor.VirtualNetworkFunctionDescriptor.vdu#bf66d445-6f47-483b-b6d1-a880fb5fc946], was: [org.project.neutrino.nfvo.catalogue.mano.descriptor.VirtualNetworkFunctionDescriptor.vdu#bf66d445-6f47-483b-b6d1-a880fb5fc946] (initialized)
13:23:09.158 [Test worker] DEBUG o.h.e.i.AbstractFlushingEventListener - Flushed: 0 insertions, 0 updates, 0 deletions to 3 objects
13:23:09.158 [Test worker] DEBUG o.h.e.i.AbstractFlushingEventListener - Flushed: 0 (re)creations, 0 updates, 0 removals to 3 collections
13:23:09.158 [Test worker] DEBUG o.h.internal.util.EntityPrinter - Listing entities:
13:23:09.158 [Test worker] DEBUG o.h.internal.util.EntityPrinter - org.project.neutrino.nfvo.catalogue.mano.descriptor.VirtualDeploymentUnit{id=46af091f-6e9e-402c-b69f-b2c8fdde905a, scale_in_out=0, vdu_constraint=null, computation_requirement=high_requirements, virtual_network_bandwidth_resource=null, lifecycle_event=null, monitoring_parameter=null, high_availability=ACTIVE_ACTIVE, vnfc=null, vm_image=null, virtual_memory_resource_element=null, version=0}
13:23:09.158 [Test worker] DEBUG o.h.internal.util.EntityPrinter - org.project.neutrino.nfvo.catalogue.mano.descriptor.NetworkServiceDescriptor{connection_point=null, vld=null, vendor=1, service_deployment_flavour=null, lifecycle_event=null, nsd_security=null, auto_scale_policy=null, version=null, vnffgd=null, pnfd=null, hb_version=1, vnf_dependency=null, Id=c29ab39c-3392-46f3-89c0-986b93892074, vnfd=[org.project.neutrino.nfvo.catalogue.mano.descriptor.VirtualNetworkFunctionDescriptor#bf66d445-6f47-483b-b6d1-a880fb5fc946], monitoring_parameter=null}
13:23:09.158 [Test worker] DEBUG o.h.internal.util.EntityPrinter - org.project.neutrino.nfvo.catalogue.mano.descriptor.VirtualNetworkFunctionDescriptor{connection_point=null, vld=null, vendor=null, service_deployment_flavour=null, manifest_file_security=null, lifecycle_event=null, auto_scale_policy=null, vdu=[org.project.neutrino.nfvo.catalogue.mano.descriptor.VirtualDeploymentUnit#46af091f-6e9e-402c-b69f-b2c8fdde905a], version=null, vdu_dependency=null, descriptor_version=null, vnffgd=null, virtual_link=null, hb_version=0, deployment_flavour=null, Id=bf66d445-6f47-483b-b6d1-a880fb5fc946, manifest_file=null, monitoring_parameter=[monitor1, monitor2, monitor3]}
13:23:09.159 [Test worker] DEBUG o.h.e.t.i.jdbc.JdbcTransaction - committed JDBC Connection
13:23:09.159 [Test worker] DEBUG o.h.e.t.i.jdbc.JdbcTransaction - re-enabling autocommit
13:23:09.159 [Test worker] DEBUG o.s.orm.jpa.JpaTransactionManager - Closing JPA EntityManager [org.hibernate.jpa.internal.EntityManagerImpl@4457e2f7] after transaction
13:23:09.159 [Test worker] DEBUG o.s.o.jpa.EntityManagerFactoryUtils - Closing JPA EntityManager
13:23:09.159 [Test worker] DEBUG o.h.e.j.i.LogicalConnectionImpl - Releasing JDBC connection
13:23:09.159 [Test worker] DEBUG o.h.e.j.i.LogicalConnectionImpl - Released JDBC connection
13:23:09.159 [Test worker] WARN  o.p.n.n.c.t.r.RepositoryClassSuiteTest - Expected 1 but was 1
13:23:09.159 [Test worker] DEBUG o.s.orm.jpa.JpaTransactionManager - Creating new transaction with name [org.project.neutrino.nfvo.core.repositories.NSDRepositoryImpl.update]: PROPAGATION_REQUIRES_NEW,ISOLATION_DEFAULT; ''
13:23:09.159 [Test worker] DEBUG o.s.orm.jpa.JpaTransactionManager - Opened new EntityManager [org.hibernate.jpa.internal.EntityManagerImpl@4b9666cf] for JPA transaction
13:23:09.159 [Test worker] DEBUG o.h.e.t.spi.AbstractTransactionImpl - begin
13:23:09.159 [Test worker] DEBUG o.h.e.j.i.LogicalConnectionImpl - Obtaining JDBC connection
13:23:09.159 [Test worker] DEBUG o.s.j.d.SimpleDriverDataSource - Creating new JDBC Driver Connection to [jdbc:hsqldb:mem:testdb]
13:23:09.160 [Test worker] DEBUG o.h.e.j.i.LogicalConnectionImpl - Obtained JDBC connection
13:23:09.160 [Test worker] DEBUG o.h.e.t.i.jdbc.JdbcTransaction - initial autocommit status: true
13:23:09.160 [Test worker] DEBUG o.h.e.t.i.jdbc.JdbcTransaction - disabling autocommit
13:23:09.160 [Test worker] DEBUG o.s.orm.jpa.JpaTransactionManager - Exposing JPA transaction as JDBC transaction [org.springframework.orm.jpa.vendor.HibernateJpaDialect$HibernateConnectionHandle@7f37c6cd]
13:23:09.160 [Test worker] DEBUG o.h.e.t.spi.AbstractTransactionImpl - begin
13:23:09.160 [Test worker] DEBUG o.h.e.t.i.jdbc.JdbcTransaction - initial autocommit status: true
13:23:09.160 [Test worker] DEBUG o.h.e.t.i.jdbc.JdbcTransaction - disabling autocommit
13:23:09.160 [Test worker] DEBUG o.s.o.j.ExtendedEntityManagerCreator$ExtendedEntityManagerInvocationHandler - Starting resource-local transaction on application-managed EntityManager [org.hibernate.jpa.internal.EntityManagerImpl@ac577b]
13:23:09.160 [Test worker] DEBUG o.s.o.j.ExtendedEntityManagerCreator$ExtendedEntityManagerInvocationHandler - Joined local transaction
13:23:09.161 [Test worker] DEBUG o.s.o.j.ExtendedEntityManagerCreator$ExtendedEntityManagerInvocationHandler - Joined local transaction
13:23:09.161 [Test worker] DEBUG o.h.e.i.AbstractFlushingEventListener - Processing flush-time cascades
13:23:09.161 [Test worker] DEBUG o.h.e.i.AbstractFlushingEventListener - Dirty checking collections
13:23:09.161 [Test worker] DEBUG o.h.engine.internal.Collections - Collection found: [org.project.neutrino.nfvo.catalogue.mano.descriptor.NetworkServiceDescriptor.vnfd#c29ab39c-3392-46f3-89c0-986b93892074], was: [org.project.neutrino.nfvo.catalogue.mano.descriptor.NetworkServiceDescriptor.vnfd#c29ab39c-3392-46f3-89c0-986b93892074] (initialized)
13:23:09.161 [Test worker] DEBUG o.h.engine.internal.Collections - Collection found: [org.project.neutrino.nfvo.catalogue.mano.common.NFVEntityDescriptor.monitoring_parameter#bf66d445-6f47-483b-b6d1-a880fb5fc946], was: [org.project.neutrino.nfvo.catalogue.mano.common.NFVEntityDescriptor.monitoring_parameter#bf66d445-6f47-483b-b6d1-a880fb5fc946] (initialized)
13:23:09.161 [Test worker] DEBUG o.h.engine.internal.Collections - Collection found: [org.project.neutrino.nfvo.catalogue.mano.descriptor.VirtualNetworkFunctionDescriptor.vdu#bf66d445-6f47-483b-b6d1-a880fb5fc946], was: [org.project.neutrino.nfvo.catalogue.mano.descriptor.VirtualNetworkFunctionDescriptor.vdu#bf66d445-6f47-483b-b6d1-a880fb5fc946] (initialized)
13:23:09.162 [Test worker] DEBUG o.h.e.i.AbstractFlushingEventListener - Flushed: 0 insertions, 1 updates, 0 deletions to 3 objects
13:23:09.162 [Test worker] DEBUG o.h.e.i.AbstractFlushingEventListener - Flushed: 0 (re)creations, 0 updates, 0 removals to 3 collections
13:23:09.162 [Test worker] DEBUG o.h.internal.util.EntityPrinter - Listing entities:
13:23:09.162 [Test worker] DEBUG o.h.internal.util.EntityPrinter - org.project.neutrino.nfvo.catalogue.mano.descriptor.VirtualDeploymentUnit{id=46af091f-6e9e-402c-b69f-b2c8fdde905a, scale_in_out=0, vdu_constraint=null, computation_requirement=high_requirements, virtual_network_bandwidth_resource=null, lifecycle_event=null, monitoring_parameter=null, high_availability=ACTIVE_ACTIVE, vnfc=null, vm_image=null, virtual_memory_resource_element=null, version=0}
13:23:09.162 [Test worker] DEBUG o.h.internal.util.EntityPrinter - org.project.neutrino.nfvo.catalogue.mano.descriptor.NetworkServiceDescriptor{connection_point=null, vld=null, vendor=2, service_deployment_flavour=null, lifecycle_event=null, nsd_security=null, auto_scale_policy=null, version=null, vnffgd=null, pnfd=null, hb_version=1, vnf_dependency=null, Id=c29ab39c-3392-46f3-89c0-986b93892074, vnfd=[org.project.neutrino.nfvo.catalogue.mano.descriptor.VirtualNetworkFunctionDescriptor#bf66d445-6f47-483b-b6d1-a880fb5fc946], monitoring_parameter=null}
13:23:09.162 [Test worker] DEBUG o.h.internal.util.EntityPrinter - org.project.neutrino.nfvo.catalogue.mano.descriptor.VirtualNetworkFunctionDescriptor{connection_point=null, vld=null, vendor=null, service_deployment_flavour=null, manifest_file_security=null, lifecycle_event=null, auto_scale_policy=null, vdu=[org.project.neutrino.nfvo.catalogue.mano.descriptor.VirtualDeploymentUnit#46af091f-6e9e-402c-b69f-b2c8fdde905a], version=null, vdu_dependency=null, descriptor_version=null, vnffgd=null, virtual_link=null, hb_version=0, deployment_flavour=null, Id=bf66d445-6f47-483b-b6d1-a880fb5fc946, manifest_file=null, monitoring_parameter=[monitor1, monitor2, monitor3]}
13:23:09.162 [Test worker] DEBUG org.hibernate.SQL - update network_service_descriptor set hb_version=?, vendor=?, version=?, nsd_security_id=? where id=? and hb_version=?
13:23:09.163 [Test worker] DEBUG o.s.orm.jpa.JpaTransactionManager - Initiating transaction commit
13:23:09.163 [Test worker] DEBUG o.s.orm.jpa.JpaTransactionManager - Committing JPA transaction on EntityManager [org.hibernate.jpa.internal.EntityManagerImpl@4b9666cf]
13:23:09.163 [Test worker] DEBUG o.h.e.t.spi.AbstractTransactionImpl - committing
13:23:09.163 [Test worker] DEBUG o.h.e.t.i.jdbc.JdbcTransaction - committed JDBC Connection
13:23:09.163 [Test worker] DEBUG o.h.e.t.i.jdbc.JdbcTransaction - re-enabling autocommit
13:23:09.163 [Test worker] DEBUG o.h.e.t.spi.AbstractTransactionImpl - committing
13:23:09.163 [Test worker] DEBUG o.h.e.i.AbstractFlushingEventListener - Processing flush-time cascades
13:23:09.163 [Test worker] DEBUG o.h.e.i.AbstractFlushingEventListener - Dirty checking collections
13:23:09.164 [Test worker] DEBUG o.h.engine.internal.Collections - Collection found: [org.project.neutrino.nfvo.catalogue.mano.descriptor.NetworkServiceDescriptor.vnfd#c29ab39c-3392-46f3-89c0-986b93892074], was: [org.project.neutrino.nfvo.catalogue.mano.descriptor.NetworkServiceDescriptor.vnfd#c29ab39c-3392-46f3-89c0-986b93892074] (initialized)
13:23:09.164 [Test worker] DEBUG o.h.engine.internal.Collections - Collection found: [org.project.neutrino.nfvo.catalogue.mano.common.NFVEntityDescriptor.monitoring_parameter#bf66d445-6f47-483b-b6d1-a880fb5fc946], was: [org.project.neutrino.nfvo.catalogue.mano.common.NFVEntityDescriptor.monitoring_parameter#bf66d445-6f47-483b-b6d1-a880fb5fc946] (initialized)
13:23:09.164 [Test worker] DEBUG o.h.engine.internal.Collections - Collection found: [org.project.neutrino.nfvo.catalogue.mano.descriptor.VirtualNetworkFunctionDescriptor.vdu#bf66d445-6f47-483b-b6d1-a880fb5fc946], was: [org.project.neutrino.nfvo.catalogue.mano.descriptor.VirtualNetworkFunctionDescriptor.vdu#bf66d445-6f47-483b-b6d1-a880fb5fc946] (initialized)
13:23:09.164 [Test worker] DEBUG o.h.e.i.AbstractFlushingEventListener - Flushed: 0 insertions, 0 updates, 0 deletions to 3 objects
13:23:09.164 [Test worker] DEBUG o.h.e.i.AbstractFlushingEventListener - Flushed: 0 (re)creations, 0 updates, 0 removals to 3 collections
13:23:09.164 [Test worker] DEBUG o.h.internal.util.EntityPrinter - Listing entities:
13:23:09.164 [Test worker] DEBUG o.h.internal.util.EntityPrinter - org.project.neutrino.nfvo.catalogue.mano.descriptor.VirtualDeploymentUnit{id=46af091f-6e9e-402c-b69f-b2c8fdde905a, scale_in_out=0, vdu_constraint=null, computation_requirement=high_requirements, virtual_network_bandwidth_resource=null, lifecycle_event=null, monitoring_parameter=null, high_availability=ACTIVE_ACTIVE, vnfc=null, vm_image=null, virtual_memory_resource_element=null, version=0}
13:23:09.164 [Test worker] DEBUG o.h.internal.util.EntityPrinter - org.project.neutrino.nfvo.catalogue.mano.descriptor.NetworkServiceDescriptor{connection_point=null, vld=null, vendor=2, service_deployment_flavour=null, lifecycle_event=null, nsd_security=null, auto_scale_policy=null, version=null, vnffgd=null, pnfd=null, hb_version=2, vnf_dependency=null, Id=c29ab39c-3392-46f3-89c0-986b93892074, vnfd=[org.project.neutrino.nfvo.catalogue.mano.descriptor.VirtualNetworkFunctionDescriptor#bf66d445-6f47-483b-b6d1-a880fb5fc946], monitoring_parameter=null}
13:23:09.164 [Test worker] DEBUG o.h.internal.util.EntityPrinter - org.project.neutrino.nfvo.catalogue.mano.descriptor.VirtualNetworkFunctionDescriptor{connection_point=null, vld=null, vendor=null, service_deployment_flavour=null, manifest_file_security=null, lifecycle_event=null, auto_scale_policy=null, vdu=[org.project.neutrino.nfvo.catalogue.mano.descriptor.VirtualDeploymentUnit#46af091f-6e9e-402c-b69f-b2c8fdde905a], version=null, vdu_dependency=null, descriptor_version=null, vnffgd=null, virtual_link=null, hb_version=0, deployment_flavour=null, Id=bf66d445-6f47-483b-b6d1-a880fb5fc946, manifest_file=null, monitoring_parameter=[monitor1, monitor2, monitor3]}
13:23:09.164 [Test worker] DEBUG o.h.e.t.i.jdbc.JdbcTransaction - committed JDBC Connection
13:23:09.164 [Test worker] DEBUG o.h.e.t.i.jdbc.JdbcTransaction - re-enabling autocommit
13:23:09.165 [Test worker] DEBUG o.s.orm.jpa.JpaTransactionManager - Closing JPA EntityManager [org.hibernate.jpa.internal.EntityManagerImpl@4b9666cf] after transaction
13:23:09.165 [Test worker] DEBUG o.s.o.jpa.EntityManagerFactoryUtils - Closing JPA EntityManager
13:23:09.165 [Test worker] DEBUG o.h.e.j.i.LogicalConnectionImpl - Releasing JDBC connection
13:23:09.165 [Test worker] DEBUG o.h.e.j.i.LogicalConnectionImpl - Released JDBC connection
13:23:09.165 [Test worker] WARN  o.p.n.n.c.t.r.RepositoryClassSuiteTest - Expected 2 but was 2
13:23:09.165 [Test worker] DEBUG o.s.orm.jpa.JpaTransactionManager - Creating new transaction with name [org.project.neutrino.nfvo.core.repositories.NSDRepositoryImpl.update]: PROPAGATION_REQUIRES_NEW,ISOLATION_DEFAULT; ''
13:23:09.165 [Test worker] DEBUG o.s.orm.jpa.JpaTransactionManager - Opened new EntityManager [org.hibernate.jpa.internal.EntityManagerImpl@37c270ad] for JPA transaction
13:23:09.165 [Test worker] DEBUG o.h.e.t.spi.AbstractTransactionImpl - begin
13:23:09.165 [Test worker] DEBUG o.h.e.j.i.LogicalConnectionImpl - Obtaining JDBC connection
13:23:09.165 [Test worker] DEBUG o.s.j.d.SimpleDriverDataSource - Creating new JDBC Driver Connection to [jdbc:hsqldb:mem:testdb]
13:23:09.165 [Test worker] DEBUG o.h.e.j.i.LogicalConnectionImpl - Obtained JDBC connection
13:23:09.165 [Test worker] DEBUG o.h.e.t.i.jdbc.JdbcTransaction - initial autocommit status: true
13:23:09.165 [Test worker] DEBUG o.h.e.t.i.jdbc.JdbcTransaction - disabling autocommit
13:23:09.165 [Test worker] DEBUG o.s.orm.jpa.JpaTransactionManager - Exposing JPA transaction as JDBC transaction [org.springframework.orm.jpa.vendor.HibernateJpaDialect$HibernateConnectionHandle@3e738a74]
13:23:09.165 [Test worker] DEBUG o.h.e.t.spi.AbstractTransactionImpl - begin
13:23:09.166 [Test worker] DEBUG o.h.e.t.i.jdbc.JdbcTransaction - initial autocommit status: true
13:23:09.166 [Test worker] DEBUG o.h.e.t.i.jdbc.JdbcTransaction - disabling autocommit
13:23:09.166 [Test worker] DEBUG o.s.o.j.ExtendedEntityManagerCreator$ExtendedEntityManagerInvocationHandler - Starting resource-local transaction on application-managed EntityManager [org.hibernate.jpa.internal.EntityManagerImpl@ac577b]
13:23:09.166 [Test worker] DEBUG o.s.o.j.ExtendedEntityManagerCreator$ExtendedEntityManagerInvocationHandler - Joined local transaction
13:23:09.166 [Test worker] DEBUG o.s.o.j.ExtendedEntityManagerCreator$ExtendedEntityManagerInvocationHandler - Joined local transaction
13:23:09.166 [Test worker] DEBUG o.h.e.i.AbstractFlushingEventListener - Processing flush-time cascades
13:23:09.166 [Test worker] DEBUG o.h.e.i.AbstractFlushingEventListener - Dirty checking collections
13:23:09.167 [Test worker] DEBUG o.h.engine.internal.Collections - Collection found: [org.project.neutrino.nfvo.catalogue.mano.descriptor.NetworkServiceDescriptor.vnfd#c29ab39c-3392-46f3-89c0-986b93892074], was: [org.project.neutrino.nfvo.catalogue.mano.descriptor.NetworkServiceDescriptor.vnfd#c29ab39c-3392-46f3-89c0-986b93892074] (initialized)
13:23:09.167 [Test worker] DEBUG o.h.engine.internal.Collections - Collection found: [org.project.neutrino.nfvo.catalogue.mano.common.NFVEntityDescriptor.monitoring_parameter#bf66d445-6f47-483b-b6d1-a880fb5fc946], was: [org.project.neutrino.nfvo.catalogue.mano.common.NFVEntityDescriptor.monitoring_parameter#bf66d445-6f47-483b-b6d1-a880fb5fc946] (initialized)
13:23:09.167 [Test worker] DEBUG o.h.engine.internal.Collections - Collection found: [org.project.neutrino.nfvo.catalogue.mano.descriptor.VirtualNetworkFunctionDescriptor.vdu#bf66d445-6f47-483b-b6d1-a880fb5fc946], was: [org.project.neutrino.nfvo.catalogue.mano.descriptor.VirtualNetworkFunctionDescriptor.vdu#bf66d445-6f47-483b-b6d1-a880fb5fc946] (initialized)
13:23:09.167 [Test worker] DEBUG o.h.e.i.AbstractFlushingEventListener - Flushed: 0 insertions, 1 updates, 0 deletions to 3 objects
13:23:09.167 [Test worker] DEBUG o.h.e.i.AbstractFlushingEventListener - Flushed: 0 (re)creations, 0 updates, 0 removals to 3 collections
13:23:09.167 [Test worker] DEBUG o.h.internal.util.EntityPrinter - Listing entities:
13:23:09.167 [Test worker] DEBUG o.h.internal.util.EntityPrinter - org.project.neutrino.nfvo.catalogue.mano.descriptor.VirtualDeploymentUnit{id=46af091f-6e9e-402c-b69f-b2c8fdde905a, scale_in_out=0, vdu_constraint=null, computation_requirement=high_requirements, virtual_network_bandwidth_resource=null, lifecycle_event=null, monitoring_parameter=null, high_availability=ACTIVE_ACTIVE, vnfc=null, vm_image=null, virtual_memory_resource_element=null, version=0}
13:23:09.167 [Test worker] DEBUG o.h.internal.util.EntityPrinter - org.project.neutrino.nfvo.catalogue.mano.descriptor.NetworkServiceDescriptor{connection_point=null, vld=null, vendor=3, service_deployment_flavour=null, lifecycle_event=null, nsd_security=null, auto_scale_policy=null, version=null, vnffgd=null, pnfd=null, hb_version=2, vnf_dependency=null, Id=c29ab39c-3392-46f3-89c0-986b93892074, vnfd=[org.project.neutrino.nfvo.catalogue.mano.descriptor.VirtualNetworkFunctionDescriptor#bf66d445-6f47-483b-b6d1-a880fb5fc946], monitoring_parameter=null}
13:23:09.167 [Test worker] DEBUG o.h.internal.util.EntityPrinter - org.project.neutrino.nfvo.catalogue.mano.descriptor.VirtualNetworkFunctionDescriptor{connection_point=null, vld=null, vendor=null, service_deployment_flavour=null, manifest_file_security=null, lifecycle_event=null, auto_scale_policy=null, vdu=[org.project.neutrino.nfvo.catalogue.mano.descriptor.VirtualDeploymentUnit#46af091f-6e9e-402c-b69f-b2c8fdde905a], version=null, vdu_dependency=null, descriptor_version=null, vnffgd=null, virtual_link=null, hb_version=0, deployment_flavour=null, Id=bf66d445-6f47-483b-b6d1-a880fb5fc946, manifest_file=null, monitoring_parameter=[monitor1, monitor2, monitor3]}
13:23:09.167 [Test worker] DEBUG org.hibernate.SQL - update network_service_descriptor set hb_version=?, vendor=?, version=?, nsd_security_id=? where id=? and hb_version=?
13:23:09.168 [Test worker] DEBUG o.s.orm.jpa.JpaTransactionManager - Initiating transaction commit
13:23:09.168 [Test worker] DEBUG o.s.orm.jpa.JpaTransactionManager - Committing JPA transaction on EntityManager [org.hibernate.jpa.internal.EntityManagerImpl@37c270ad]
13:23:09.168 [Test worker] DEBUG o.h.e.t.spi.AbstractTransactionImpl - committing
13:23:09.168 [Test worker] DEBUG o.h.e.t.i.jdbc.JdbcTransaction - committed JDBC Connection
13:23:09.168 [Test worker] DEBUG o.h.e.t.i.jdbc.JdbcTransaction - re-enabling autocommit
13:23:09.168 [Test worker] DEBUG o.h.e.t.spi.AbstractTransactionImpl - committing
13:23:09.168 [Test worker] DEBUG o.h.e.i.AbstractFlushingEventListener - Processing flush-time cascades
13:23:09.169 [Test worker] DEBUG o.h.e.i.AbstractFlushingEventListener - Dirty checking collections
13:23:09.169 [Test worker] DEBUG o.h.engine.internal.Collections - Collection found: [org.project.neutrino.nfvo.catalogue.mano.descriptor.NetworkServiceDescriptor.vnfd#c29ab39c-3392-46f3-89c0-986b93892074], was: [org.project.neutrino.nfvo.catalogue.mano.descriptor.NetworkServiceDescriptor.vnfd#c29ab39c-3392-46f3-89c0-986b93892074] (initialized)
13:23:09.169 [Test worker] DEBUG o.h.engine.internal.Collections - Collection found: [org.project.neutrino.nfvo.catalogue.mano.common.NFVEntityDescriptor.monitoring_parameter#bf66d445-6f47-483b-b6d1-a880fb5fc946], was: [org.project.neutrino.nfvo.catalogue.mano.common.NFVEntityDescriptor.monitoring_parameter#bf66d445-6f47-483b-b6d1-a880fb5fc946] (initialized)
13:23:09.169 [Test worker] DEBUG o.h.engine.internal.Collections - Collection found: [org.project.neutrino.nfvo.catalogue.mano.descriptor.VirtualNetworkFunctionDescriptor.vdu#bf66d445-6f47-483b-b6d1-a880fb5fc946], was: [org.project.neutrino.nfvo.catalogue.mano.descriptor.VirtualNetworkFunctionDescriptor.vdu#bf66d445-6f47-483b-b6d1-a880fb5fc946] (initialized)
13:23:09.169 [Test worker] DEBUG o.h.e.i.AbstractFlushingEventListener - Flushed: 0 insertions, 0 updates, 0 deletions to 3 objects
13:23:09.169 [Test worker] DEBUG o.h.e.i.AbstractFlushingEventListener - Flushed: 0 (re)creations, 0 updates, 0 removals to 3 collections
13:23:09.169 [Test worker] DEBUG o.h.internal.util.EntityPrinter - Listing entities:
13:23:09.169 [Test worker] DEBUG o.h.internal.util.EntityPrinter - org.project.neutrino.nfvo.catalogue.mano.descriptor.VirtualDeploymentUnit{id=46af091f-6e9e-402c-b69f-b2c8fdde905a, scale_in_out=0, vdu_constraint=null, computation_requirement=high_requirements, virtual_network_bandwidth_resource=null, lifecycle_event=null, monitoring_parameter=null, high_availability=ACTIVE_ACTIVE, vnfc=null, vm_image=null, virtual_memory_resource_element=null, version=0}
13:23:09.170 [Test worker] DEBUG o.h.internal.util.EntityPrinter - org.project.neutrino.nfvo.catalogue.mano.descriptor.NetworkServiceDescriptor{connection_point=null, vld=null, vendor=3, service_deployment_flavour=null, lifecycle_event=null, nsd_security=null, auto_scale_policy=null, version=null, vnffgd=null, pnfd=null, hb_version=3, vnf_dependency=null, Id=c29ab39c-3392-46f3-89c0-986b93892074, vnfd=[org.project.neutrino.nfvo.catalogue.mano.descriptor.VirtualNetworkFunctionDescriptor#bf66d445-6f47-483b-b6d1-a880fb5fc946], monitoring_parameter=null}
13:23:09.170 [Test worker] DEBUG o.h.internal.util.EntityPrinter - org.project.neutrino.nfvo.catalogue.mano.descriptor.VirtualNetworkFunctionDescriptor{connection_point=null, vld=null, vendor=null, service_deployment_flavour=null, manifest_file_security=null, lifecycle_event=null, auto_scale_policy=null, vdu=[org.project.neutrino.nfvo.catalogue.mano.descriptor.VirtualDeploymentUnit#46af091f-6e9e-402c-b69f-b2c8fdde905a], version=null, vdu_dependency=null, descriptor_version=null, vnffgd=null, virtual_link=null, hb_version=0, deployment_flavour=null, Id=bf66d445-6f47-483b-b6d1-a880fb5fc946, manifest_file=null, monitoring_parameter=[monitor1, monitor2, monitor3]}
13:23:09.170 [Test worker] DEBUG o.h.e.t.i.jdbc.JdbcTransaction - committed JDBC Connection
13:23:09.170 [Test worker] DEBUG o.h.e.t.i.jdbc.JdbcTransaction - re-enabling autocommit
13:23:09.170 [Test worker] DEBUG o.s.orm.jpa.JpaTransactionManager - Closing JPA EntityManager [org.hibernate.jpa.internal.EntityManagerImpl@37c270ad] after transaction
13:23:09.170 [Test worker] DEBUG o.s.o.jpa.EntityManagerFactoryUtils - Closing JPA EntityManager
13:23:09.170 [Test worker] DEBUG o.h.e.j.i.LogicalConnectionImpl - Releasing JDBC connection
13:23:09.170 [Test worker] DEBUG o.h.e.j.i.LogicalConnectionImpl - Released JDBC connection
13:23:09.170 [Test worker] WARN  o.p.n.n.c.t.r.RepositoryClassSuiteTest - Expected 3 but was 3
13:23:09.170 [Test worker] DEBUG o.s.orm.jpa.JpaTransactionManager - Creating new transaction with name [org.project.neutrino.nfvo.core.repositories.NSDRepositoryImpl.update]: PROPAGATION_REQUIRES_NEW,ISOLATION_DEFAULT; ''
13:23:09.170 [Test worker] DEBUG o.s.orm.jpa.JpaTransactionManager - Opened new EntityManager [org.hibernate.jpa.internal.EntityManagerImpl@721ad715] for JPA transaction
13:23:09.170 [Test worker] DEBUG o.h.e.t.spi.AbstractTransactionImpl - begin
13:23:09.170 [Test worker] DEBUG o.h.e.j.i.LogicalConnectionImpl - Obtaining JDBC connection
13:23:09.171 [Test worker] DEBUG o.s.j.d.SimpleDriverDataSource - Creating new JDBC Driver Connection to [jdbc:hsqldb:mem:testdb]
13:23:09.171 [Test worker] DEBUG o.h.e.j.i.LogicalConnectionImpl - Obtained JDBC connection
13:23:09.171 [Test worker] DEBUG o.h.e.t.i.jdbc.JdbcTransaction - initial autocommit status: true
13:23:09.171 [Test worker] DEBUG o.h.e.t.i.jdbc.JdbcTransaction - disabling autocommit
13:23:09.171 [Test worker] DEBUG o.s.orm.jpa.JpaTransactionManager - Exposing JPA transaction as JDBC transaction [org.springframework.orm.jpa.vendor.HibernateJpaDialect$HibernateConnectionHandle@401ede39]
13:23:09.171 [Test worker] DEBUG o.h.e.t.spi.AbstractTransactionImpl - begin
13:23:09.171 [Test worker] DEBUG o.h.e.t.i.jdbc.JdbcTransaction - initial autocommit status: true
13:23:09.171 [Test worker] DEBUG o.h.e.t.i.jdbc.JdbcTransaction - disabling autocommit
13:23:09.171 [Test worker] DEBUG o.s.o.j.ExtendedEntityManagerCreator$ExtendedEntityManagerInvocationHandler - Starting resource-local transaction on application-managed EntityManager [org.hibernate.jpa.internal.EntityManagerImpl@ac577b]
13:23:09.171 [Test worker] DEBUG o.s.o.j.ExtendedEntityManagerCreator$ExtendedEntityManagerInvocationHandler - Joined local transaction
13:23:09.172 [Test worker] DEBUG o.s.o.j.ExtendedEntityManagerCreator$ExtendedEntityManagerInvocationHandler - Joined local transaction
13:23:09.172 [Test worker] DEBUG o.h.e.i.AbstractFlushingEventListener - Processing flush-time cascades
13:23:09.172 [Test worker] DEBUG o.h.e.i.AbstractFlushingEventListener - Dirty checking collections
13:23:09.172 [Test worker] DEBUG o.h.engine.internal.Collections - Collection found: [org.project.neutrino.nfvo.catalogue.mano.descriptor.NetworkServiceDescriptor.vnfd#c29ab39c-3392-46f3-89c0-986b93892074], was: [org.project.neutrino.nfvo.catalogue.mano.descriptor.NetworkServiceDescriptor.vnfd#c29ab39c-3392-46f3-89c0-986b93892074] (initialized)
13:23:09.172 [Test worker] DEBUG o.h.engine.internal.Collections - Collection found: [org.project.neutrino.nfvo.catalogue.mano.common.NFVEntityDescriptor.monitoring_parameter#bf66d445-6f47-483b-b6d1-a880fb5fc946], was: [org.project.neutrino.nfvo.catalogue.mano.common.NFVEntityDescriptor.monitoring_parameter#bf66d445-6f47-483b-b6d1-a880fb5fc946] (initialized)
13:23:09.172 [Test worker] DEBUG o.h.engine.internal.Collections - Collection found: [org.project.neutrino.nfvo.catalogue.mano.descriptor.VirtualNetworkFunctionDescriptor.vdu#bf66d445-6f47-483b-b6d1-a880fb5fc946], was: [org.project.neutrino.nfvo.catalogue.mano.descriptor.VirtualNetworkFunctionDescriptor.vdu#bf66d445-6f47-483b-b6d1-a880fb5fc946] (initialized)
13:23:09.173 [Test worker] DEBUG o.h.e.i.AbstractFlushingEventListener - Flushed: 0 insertions, 1 updates, 0 deletions to 3 objects
13:23:09.173 [Test worker] DEBUG o.h.e.i.AbstractFlushingEventListener - Flushed: 0 (re)creations, 0 updates, 0 removals to 3 collections
13:23:09.173 [Test worker] DEBUG o.h.internal.util.EntityPrinter - Listing entities:
13:23:09.173 [Test worker] DEBUG o.h.internal.util.EntityPrinter - org.project.neutrino.nfvo.catalogue.mano.descriptor.VirtualDeploymentUnit{id=46af091f-6e9e-402c-b69f-b2c8fdde905a, scale_in_out=0, vdu_constraint=null, computation_requirement=high_requirements, virtual_network_bandwidth_resource=null, lifecycle_event=null, monitoring_parameter=null, high_availability=ACTIVE_ACTIVE, vnfc=null, vm_image=null, virtual_memory_resource_element=null, version=0}
13:23:09.173 [Test worker] DEBUG o.h.internal.util.EntityPrinter - org.project.neutrino.nfvo.catalogue.mano.descriptor.NetworkServiceDescriptor{connection_point=null, vld=null, vendor=4, service_deployment_flavour=null, lifecycle_event=null, nsd_security=null, auto_scale_policy=null, version=null, vnffgd=null, pnfd=null, hb_version=3, vnf_dependency=null, Id=c29ab39c-3392-46f3-89c0-986b93892074, vnfd=[org.project.neutrino.nfvo.catalogue.mano.descriptor.VirtualNetworkFunctionDescriptor#bf66d445-6f47-483b-b6d1-a880fb5fc946], monitoring_parameter=null}
13:23:09.173 [Test worker] DEBUG o.h.internal.util.EntityPrinter - org.project.neutrino.nfvo.catalogue.mano.descriptor.VirtualNetworkFunctionDescriptor{connection_point=null, vld=null, vendor=null, service_deployment_flavour=null, manifest_file_security=null, lifecycle_event=null, auto_scale_policy=null, vdu=[org.project.neutrino.nfvo.catalogue.mano.descriptor.VirtualDeploymentUnit#46af091f-6e9e-402c-b69f-b2c8fdde905a], version=null, vdu_dependency=null, descriptor_version=null, vnffgd=null, virtual_link=null, hb_version=0, deployment_flavour=null, Id=bf66d445-6f47-483b-b6d1-a880fb5fc946, manifest_file=null, monitoring_parameter=[monitor1, monitor2, monitor3]}
13:23:09.173 [Test worker] DEBUG org.hibernate.SQL - update network_service_descriptor set hb_version=?, vendor=?, version=?, nsd_security_id=? where id=? and hb_version=?
13:23:09.174 [Test worker] DEBUG o.s.orm.jpa.JpaTransactionManager - Initiating transaction commit
13:23:09.174 [Test worker] DEBUG o.s.orm.jpa.JpaTransactionManager - Committing JPA transaction on EntityManager [org.hibernate.jpa.internal.EntityManagerImpl@721ad715]
13:23:09.174 [Test worker] DEBUG o.h.e.t.spi.AbstractTransactionImpl - committing
13:23:09.174 [Test worker] DEBUG o.h.e.t.i.jdbc.JdbcTransaction - committed JDBC Connection
13:23:09.174 [Test worker] DEBUG o.h.e.t.i.jdbc.JdbcTransaction - re-enabling autocommit
13:23:09.174 [Test worker] DEBUG o.h.e.t.spi.AbstractTransactionImpl - committing
13:23:09.174 [Test worker] DEBUG o.h.e.i.AbstractFlushingEventListener - Processing flush-time cascades
13:23:09.174 [Test worker] DEBUG o.h.e.i.AbstractFlushingEventListener - Dirty checking collections
13:23:09.174 [Test worker] DEBUG o.h.engine.internal.Collections - Collection found: [org.project.neutrino.nfvo.catalogue.mano.descriptor.NetworkServiceDescriptor.vnfd#c29ab39c-3392-46f3-89c0-986b93892074], was: [org.project.neutrino.nfvo.catalogue.mano.descriptor.NetworkServiceDescriptor.vnfd#c29ab39c-3392-46f3-89c0-986b93892074] (initialized)
13:23:09.175 [Test worker] DEBUG o.h.engine.internal.Collections - Collection found: [org.project.neutrino.nfvo.catalogue.mano.common.NFVEntityDescriptor.monitoring_parameter#bf66d445-6f47-483b-b6d1-a880fb5fc946], was: [org.project.neutrino.nfvo.catalogue.mano.common.NFVEntityDescriptor.monitoring_parameter#bf66d445-6f47-483b-b6d1-a880fb5fc946] (initialized)
13:23:09.175 [Test worker] DEBUG o.h.engine.internal.Collections - Collection found: [org.project.neutrino.nfvo.catalogue.mano.descriptor.VirtualNetworkFunctionDescriptor.vdu#bf66d445-6f47-483b-b6d1-a880fb5fc946], was: [org.project.neutrino.nfvo.catalogue.mano.descriptor.VirtualNetworkFunctionDescriptor.vdu#bf66d445-6f47-483b-b6d1-a880fb5fc946] (initialized)
13:23:09.175 [Test worker] DEBUG o.h.e.i.AbstractFlushingEventListener - Flushed: 0 insertions, 0 updates, 0 deletions to 3 objects
13:23:09.175 [Test worker] DEBUG o.h.e.i.AbstractFlushingEventListener - Flushed: 0 (re)creations, 0 updates, 0 removals to 3 collections
13:23:09.175 [Test worker] DEBUG o.h.internal.util.EntityPrinter - Listing entities:
13:23:09.175 [Test worker] DEBUG o.h.internal.util.EntityPrinter - org.project.neutrino.nfvo.catalogue.mano.descriptor.VirtualDeploymentUnit{id=46af091f-6e9e-402c-b69f-b2c8fdde905a, scale_in_out=0, vdu_constraint=null, computation_requirement=high_requirements, virtual_network_bandwidth_resource=null, lifecycle_event=null, monitoring_parameter=null, high_availability=ACTIVE_ACTIVE, vnfc=null, vm_image=null, virtual_memory_resource_element=null, version=0}
13:23:09.175 [Test worker] DEBUG o.h.internal.util.EntityPrinter - org.project.neutrino.nfvo.catalogue.mano.descriptor.NetworkServiceDescriptor{connection_point=null, vld=null, vendor=4, service_deployment_flavour=null, lifecycle_event=null, nsd_security=null, auto_scale_policy=null, version=null, vnffgd=null, pnfd=null, hb_version=4, vnf_dependency=null, Id=c29ab39c-3392-46f3-89c0-986b93892074, vnfd=[org.project.neutrino.nfvo.catalogue.mano.descriptor.VirtualNetworkFunctionDescriptor#bf66d445-6f47-483b-b6d1-a880fb5fc946], monitoring_parameter=null}
13:23:09.175 [Test worker] DEBUG o.h.internal.util.EntityPrinter - org.project.neutrino.nfvo.catalogue.mano.descriptor.VirtualNetworkFunctionDescriptor{connection_point=null, vld=null, vendor=null, service_deployment_flavour=null, manifest_file_security=null, lifecycle_event=null, auto_scale_policy=null, vdu=[org.project.neutrino.nfvo.catalogue.mano.descriptor.VirtualDeploymentUnit#46af091f-6e9e-402c-b69f-b2c8fdde905a], version=null, vdu_dependency=null, descriptor_version=null, vnffgd=null, virtual_link=null, hb_version=0, deployment_flavour=null, Id=bf66d445-6f47-483b-b6d1-a880fb5fc946, manifest_file=null, monitoring_parameter=[monitor1, monitor2, monitor3]}
13:23:09.176 [Test worker] DEBUG o.h.e.t.i.jdbc.JdbcTransaction - committed JDBC Connection
13:23:09.176 [Test worker] DEBUG o.h.e.t.i.jdbc.JdbcTransaction - re-enabling autocommit
13:23:09.176 [Test worker] DEBUG o.s.orm.jpa.JpaTransactionManager - Closing JPA EntityManager [org.hibernate.jpa.internal.EntityManagerImpl@721ad715] after transaction
13:23:09.176 [Test worker] DEBUG o.s.o.jpa.EntityManagerFactoryUtils - Closing JPA EntityManager
13:23:09.176 [Test worker] DEBUG o.h.e.j.i.LogicalConnectionImpl - Releasing JDBC connection
13:23:09.176 [Test worker] DEBUG o.h.e.j.i.LogicalConnectionImpl - Released JDBC connection
13:23:09.176 [Test worker] WARN  o.p.n.n.c.t.r.RepositoryClassSuiteTest - Expected 4 but was 4
13:23:09.176 [Test worker] DEBUG o.s.orm.jpa.JpaTransactionManager - Creating new transaction with name [org.project.neutrino.nfvo.core.repositories.NSDRepositoryImpl.update]: PROPAGATION_REQUIRES_NEW,ISOLATION_DEFAULT; ''
13:23:09.176 [Test worker] DEBUG o.s.orm.jpa.JpaTransactionManager - Opened new EntityManager [org.hibernate.jpa.internal.EntityManagerImpl@1d30cfca] for JPA transaction
13:23:09.176 [Test worker] DEBUG o.h.e.t.spi.AbstractTransactionImpl - begin
13:23:09.176 [Test worker] DEBUG o.h.e.j.i.LogicalConnectionImpl - Obtaining JDBC connection
13:23:09.176 [Test worker] DEBUG o.s.j.d.SimpleDriverDataSource - Creating new JDBC Driver Connection to [jdbc:hsqldb:mem:testdb]
13:23:09.176 [Test worker] DEBUG o.h.e.j.i.LogicalConnectionImpl - Obtained JDBC connection
13:23:09.177 [Test worker] DEBUG o.h.e.t.i.jdbc.JdbcTransaction - initial autocommit status: true
13:23:09.177 [Test worker] DEBUG o.h.e.t.i.jdbc.JdbcTransaction - disabling autocommit
13:23:09.177 [Test worker] DEBUG o.s.orm.jpa.JpaTransactionManager - Exposing JPA transaction as JDBC transaction [org.springframework.orm.jpa.vendor.HibernateJpaDialect$HibernateConnectionHandle@6f99e5be]
13:23:09.177 [Test worker] DEBUG o.h.e.t.spi.AbstractTransactionImpl - begin
13:23:09.177 [Test worker] DEBUG o.h.e.t.i.jdbc.JdbcTransaction - initial autocommit status: true
13:23:09.177 [Test worker] DEBUG o.h.e.t.i.jdbc.JdbcTransaction - disabling autocommit
13:23:09.177 [Test worker] DEBUG o.s.o.j.ExtendedEntityManagerCreator$ExtendedEntityManagerInvocationHandler - Starting resource-local transaction on application-managed EntityManager [org.hibernate.jpa.internal.EntityManagerImpl@ac577b]
13:23:09.177 [Test worker] DEBUG o.s.o.j.ExtendedEntityManagerCreator$ExtendedEntityManagerInvocationHandler - Joined local transaction
13:23:09.177 [Test worker] DEBUG o.s.o.j.ExtendedEntityManagerCreator$ExtendedEntityManagerInvocationHandler - Joined local transaction
13:23:09.177 [Test worker] DEBUG o.h.e.i.AbstractFlushingEventListener - Processing flush-time cascades
13:23:09.178 [Test worker] DEBUG o.h.e.i.AbstractFlushingEventListener - Dirty checking collections
13:23:09.178 [Test worker] DEBUG o.h.engine.internal.Collections - Collection found: [org.project.neutrino.nfvo.catalogue.mano.descriptor.NetworkServiceDescriptor.vnfd#c29ab39c-3392-46f3-89c0-986b93892074], was: [org.project.neutrino.nfvo.catalogue.mano.descriptor.NetworkServiceDescriptor.vnfd#c29ab39c-3392-46f3-89c0-986b93892074] (initialized)
13:23:09.178 [Test worker] DEBUG o.h.engine.internal.Collections - Collection found: [org.project.neutrino.nfvo.catalogue.mano.common.NFVEntityDescriptor.monitoring_parameter#bf66d445-6f47-483b-b6d1-a880fb5fc946], was: [org.project.neutrino.nfvo.catalogue.mano.common.NFVEntityDescriptor.monitoring_parameter#bf66d445-6f47-483b-b6d1-a880fb5fc946] (initialized)
13:23:09.178 [Test worker] DEBUG o.h.engine.internal.Collections - Collection found: [org.project.neutrino.nfvo.catalogue.mano.descriptor.VirtualNetworkFunctionDescriptor.vdu#bf66d445-6f47-483b-b6d1-a880fb5fc946], was: [org.project.neutrino.nfvo.catalogue.mano.descriptor.VirtualNetworkFunctionDescriptor.vdu#bf66d445-6f47-483b-b6d1-a880fb5fc946] (initialized)
13:23:09.178 [Test worker] DEBUG o.h.e.i.AbstractFlushingEventListener - Flushed: 0 insertions, 1 updates, 0 deletions to 3 objects
13:23:09.178 [Test worker] DEBUG o.h.e.i.AbstractFlushingEventListener - Flushed: 0 (re)creations, 0 updates, 0 removals to 3 collections
13:23:09.178 [Test worker] DEBUG o.h.internal.util.EntityPrinter - Listing entities:
13:23:09.178 [Test worker] DEBUG o.h.internal.util.EntityPrinter - org.project.neutrino.nfvo.catalogue.mano.descriptor.VirtualDeploymentUnit{id=46af091f-6e9e-402c-b69f-b2c8fdde905a, scale_in_out=0, vdu_constraint=null, computation_requirement=high_requirements, virtual_network_bandwidth_resource=null, lifecycle_event=null, monitoring_parameter=null, high_availability=ACTIVE_ACTIVE, vnfc=null, vm_image=null, virtual_memory_resource_element=null, version=0}
13:23:09.179 [Test worker] DEBUG o.h.internal.util.EntityPrinter - org.project.neutrino.nfvo.catalogue.mano.descriptor.NetworkServiceDescriptor{connection_point=null, vld=null, vendor=5, service_deployment_flavour=null, lifecycle_event=null, nsd_security=null, auto_scale_policy=null, version=null, vnffgd=null, pnfd=null, hb_version=4, vnf_dependency=null, Id=c29ab39c-3392-46f3-89c0-986b93892074, vnfd=[org.project.neutrino.nfvo.catalogue.mano.descriptor.VirtualNetworkFunctionDescriptor#bf66d445-6f47-483b-b6d1-a880fb5fc946], monitoring_parameter=null}
13:23:09.179 [Test worker] DEBUG o.h.internal.util.EntityPrinter - org.project.neutrino.nfvo.catalogue.mano.descriptor.VirtualNetworkFunctionDescriptor{connection_point=null, vld=null, vendor=null, service_deployment_flavour=null, manifest_file_security=null, lifecycle_event=null, auto_scale_policy=null, vdu=[org.project.neutrino.nfvo.catalogue.mano.descriptor.VirtualDeploymentUnit#46af091f-6e9e-402c-b69f-b2c8fdde905a], version=null, vdu_dependency=null, descriptor_version=null, vnffgd=null, virtual_link=null, hb_version=0, deployment_flavour=null, Id=bf66d445-6f47-483b-b6d1-a880fb5fc946, manifest_file=null, monitoring_parameter=[monitor1, monitor2, monitor3]}
13:23:09.179 [Test worker] DEBUG org.hibernate.SQL - update network_service_descriptor set hb_version=?, vendor=?, version=?, nsd_security_id=? where id=? and hb_version=?
13:23:09.180 [Test worker] DEBUG o.s.orm.jpa.JpaTransactionManager - Initiating transaction commit
13:23:09.180 [Test worker] DEBUG o.s.orm.jpa.JpaTransactionManager - Committing JPA transaction on EntityManager [org.hibernate.jpa.internal.EntityManagerImpl@1d30cfca]
13:23:09.180 [Test worker] DEBUG o.h.e.t.spi.AbstractTransactionImpl - committing
13:23:09.180 [Test worker] DEBUG o.h.e.t.i.jdbc.JdbcTransaction - committed JDBC Connection
13:23:09.180 [Test worker] DEBUG o.h.e.t.i.jdbc.JdbcTransaction - re-enabling autocommit
13:23:09.180 [Test worker] DEBUG o.h.e.t.spi.AbstractTransactionImpl - committing
13:23:09.180 [Test worker] DEBUG o.h.e.i.AbstractFlushingEventListener - Processing flush-time cascades
13:23:09.180 [Test worker] DEBUG o.h.e.i.AbstractFlushingEventListener - Dirty checking collections
13:23:09.180 [Test worker] DEBUG o.h.engine.internal.Collections - Collection found: [org.project.neutrino.nfvo.catalogue.mano.descriptor.NetworkServiceDescriptor.vnfd#c29ab39c-3392-46f3-89c0-986b93892074], was: [org.project.neutrino.nfvo.catalogue.mano.descriptor.NetworkServiceDescriptor.vnfd#c29ab39c-3392-46f3-89c0-986b93892074] (initialized)
13:23:09.180 [Test worker] DEBUG o.h.engine.internal.Collections - Collection found: [org.project.neutrino.nfvo.catalogue.mano.common.NFVEntityDescriptor.monitoring_parameter#bf66d445-6f47-483b-b6d1-a880fb5fc946], was: [org.project.neutrino.nfvo.catalogue.mano.common.NFVEntityDescriptor.monitoring_parameter#bf66d445-6f47-483b-b6d1-a880fb5fc946] (initialized)
13:23:09.181 [Test worker] DEBUG o.h.engine.internal.Collections - Collection found: [org.project.neutrino.nfvo.catalogue.mano.descriptor.VirtualNetworkFunctionDescriptor.vdu#bf66d445-6f47-483b-b6d1-a880fb5fc946], was: [org.project.neutrino.nfvo.catalogue.mano.descriptor.VirtualNetworkFunctionDescriptor.vdu#bf66d445-6f47-483b-b6d1-a880fb5fc946] (initialized)
13:23:09.181 [Test worker] DEBUG o.h.e.i.AbstractFlushingEventListener - Flushed: 0 insertions, 0 updates, 0 deletions to 3 objects
13:23:09.181 [Test worker] DEBUG o.h.e.i.AbstractFlushingEventListener - Flushed: 0 (re)creations, 0 updates, 0 removals to 3 collections
13:23:09.181 [Test worker] DEBUG o.h.internal.util.EntityPrinter - Listing entities:
13:23:09.181 [Test worker] DEBUG o.h.internal.util.EntityPrinter - org.project.neutrino.nfvo.catalogue.mano.descriptor.VirtualDeploymentUnit{id=46af091f-6e9e-402c-b69f-b2c8fdde905a, scale_in_out=0, vdu_constraint=null, computation_requirement=high_requirements, virtual_network_bandwidth_resource=null, lifecycle_event=null, monitoring_parameter=null, high_availability=ACTIVE_ACTIVE, vnfc=null, vm_image=null, virtual_memory_resource_element=null, version=0}
13:23:09.181 [Test worker] DEBUG o.h.internal.util.EntityPrinter - org.project.neutrino.nfvo.catalogue.mano.descriptor.NetworkServiceDescriptor{connection_point=null, vld=null, vendor=5, service_deployment_flavour=null, lifecycle_event=null, nsd_security=null, auto_scale_policy=null, version=null, vnffgd=null, pnfd=null, hb_version=5, vnf_dependency=null, Id=c29ab39c-3392-46f3-89c0-986b93892074, vnfd=[org.project.neutrino.nfvo.catalogue.mano.descriptor.VirtualNetworkFunctionDescriptor#bf66d445-6f47-483b-b6d1-a880fb5fc946], monitoring_parameter=null}
13:23:09.181 [Test worker] DEBUG o.h.internal.util.EntityPrinter - org.project.neutrino.nfvo.catalogue.mano.descriptor.VirtualNetworkFunctionDescriptor{connection_point=null, vld=null, vendor=null, service_deployment_flavour=null, manifest_file_security=null, lifecycle_event=null, auto_scale_policy=null, vdu=[org.project.neutrino.nfvo.catalogue.mano.descriptor.VirtualDeploymentUnit#46af091f-6e9e-402c-b69f-b2c8fdde905a], version=null, vdu_dependency=null, descriptor_version=null, vnffgd=null, virtual_link=null, hb_version=0, deployment_flavour=null, Id=bf66d445-6f47-483b-b6d1-a880fb5fc946, manifest_file=null, monitoring_parameter=[monitor1, monitor2, monitor3]}
13:23:09.181 [Test worker] DEBUG o.h.e.t.i.jdbc.JdbcTransaction - committed JDBC Connection
13:23:09.181 [Test worker] DEBUG o.h.e.t.i.jdbc.JdbcTransaction - re-enabling autocommit
13:23:09.181 [Test worker] DEBUG o.s.orm.jpa.JpaTransactionManager - Closing JPA EntityManager [org.hibernate.jpa.internal.EntityManagerImpl@1d30cfca] after transaction
13:23:09.181 [Test worker] DEBUG o.s.o.jpa.EntityManagerFactoryUtils - Closing JPA EntityManager
13:23:09.181 [Test worker] DEBUG o.h.e.j.i.LogicalConnectionImpl - Releasing JDBC connection
13:23:09.181 [Test worker] DEBUG o.h.e.j.i.LogicalConnectionImpl - Released JDBC connection
13:23:09.182 [Test worker] WARN  o.p.n.n.c.t.r.RepositoryClassSuiteTest - Expected 5 but was 5
13:23:09.182 [Test worker] DEBUG o.s.orm.jpa.JpaTransactionManager - Creating new transaction with name [org.project.neutrino.nfvo.core.repositories.NSDRepositoryImpl.update]: PROPAGATION_REQUIRES_NEW,ISOLATION_DEFAULT; ''
13:23:09.182 [Test worker] DEBUG o.s.orm.jpa.JpaTransactionManager - Opened new EntityManager [org.hibernate.jpa.internal.EntityManagerImpl@348a2f80] for JPA transaction
13:23:09.182 [Test worker] DEBUG o.h.e.t.spi.AbstractTransactionImpl - begin
13:23:09.182 [Test worker] DEBUG o.h.e.j.i.LogicalConnectionImpl - Obtaining JDBC connection
13:23:09.182 [Test worker] DEBUG o.s.j.d.SimpleDriverDataSource - Creating new JDBC Driver Connection to [jdbc:hsqldb:mem:testdb]
13:23:09.182 [Test worker] DEBUG o.h.e.j.i.LogicalConnectionImpl - Obtained JDBC connection
13:23:09.182 [Test worker] DEBUG o.h.e.t.i.jdbc.JdbcTransaction - initial autocommit status: true
13:23:09.182 [Test worker] DEBUG o.h.e.t.i.jdbc.JdbcTransaction - disabling autocommit
13:23:09.182 [Test worker] DEBUG o.s.orm.jpa.JpaTransactionManager - Exposing JPA transaction as JDBC transaction [org.springframework.orm.jpa.vendor.HibernateJpaDialect$HibernateConnectionHandle@5c349772]
13:23:09.182 [Test worker] DEBUG o.h.e.t.spi.AbstractTransactionImpl - begin
13:23:09.182 [Test worker] DEBUG o.h.e.t.i.jdbc.JdbcTransaction - initial autocommit status: true
13:23:09.182 [Test worker] DEBUG o.h.e.t.i.jdbc.JdbcTransaction - disabling autocommit
13:23:09.182 [Test worker] DEBUG o.s.o.j.ExtendedEntityManagerCreator$ExtendedEntityManagerInvocationHandler - Starting resource-local transaction on application-managed EntityManager [org.hibernate.jpa.internal.EntityManagerImpl@ac577b]
13:23:09.183 [Test worker] DEBUG o.s.o.j.ExtendedEntityManagerCreator$ExtendedEntityManagerInvocationHandler - Joined local transaction
13:23:09.183 [Test worker] DEBUG o.s.o.j.ExtendedEntityManagerCreator$ExtendedEntityManagerInvocationHandler - Joined local transaction
13:23:09.183 [Test worker] DEBUG o.h.e.i.AbstractFlushingEventListener - Processing flush-time cascades
13:23:09.184 [Test worker] DEBUG o.h.e.i.AbstractFlushingEventListener - Dirty checking collections
13:23:09.184 [Test worker] DEBUG o.h.engine.internal.Collections - Collection found: [org.project.neutrino.nfvo.catalogue.mano.descriptor.NetworkServiceDescriptor.vnfd#c29ab39c-3392-46f3-89c0-986b93892074], was: [org.project.neutrino.nfvo.catalogue.mano.descriptor.NetworkServiceDescriptor.vnfd#c29ab39c-3392-46f3-89c0-986b93892074] (initialized)
13:23:09.184 [Test worker] DEBUG o.h.engine.internal.Collections - Collection found: [org.project.neutrino.nfvo.catalogue.mano.common.NFVEntityDescriptor.monitoring_parameter#bf66d445-6f47-483b-b6d1-a880fb5fc946], was: [org.project.neutrino.nfvo.catalogue.mano.common.NFVEntityDescriptor.monitoring_parameter#bf66d445-6f47-483b-b6d1-a880fb5fc946] (initialized)
13:23:09.184 [Test worker] DEBUG o.h.engine.internal.Collections - Collection found: [org.project.neutrino.nfvo.catalogue.mano.descriptor.VirtualNetworkFunctionDescriptor.vdu#bf66d445-6f47-483b-b6d1-a880fb5fc946], was: [org.project.neutrino.nfvo.catalogue.mano.descriptor.VirtualNetworkFunctionDescriptor.vdu#bf66d445-6f47-483b-b6d1-a880fb5fc946] (initialized)
13:23:09.184 [Test worker] DEBUG o.h.e.i.AbstractFlushingEventListener - Flushed: 0 insertions, 1 updates, 0 deletions to 3 objects
13:23:09.184 [Test worker] DEBUG o.h.e.i.AbstractFlushingEventListener - Flushed: 0 (re)creations, 0 updates, 0 removals to 3 collections
13:23:09.184 [Test worker] DEBUG o.h.internal.util.EntityPrinter - Listing entities:
13:23:09.184 [Test worker] DEBUG o.h.internal.util.EntityPrinter - org.project.neutrino.nfvo.catalogue.mano.descriptor.VirtualDeploymentUnit{id=46af091f-6e9e-402c-b69f-b2c8fdde905a, scale_in_out=0, vdu_constraint=null, computation_requirement=high_requirements, virtual_network_bandwidth_resource=null, lifecycle_event=null, monitoring_parameter=null, high_availability=ACTIVE_ACTIVE, vnfc=null, vm_image=null, virtual_memory_resource_element=null, version=0}
13:23:09.185 [Test worker] DEBUG o.h.internal.util.EntityPrinter - org.project.neutrino.nfvo.catalogue.mano.descriptor.NetworkServiceDescriptor{connection_point=null, vld=null, vendor=6, service_deployment_flavour=null, lifecycle_event=null, nsd_security=null, auto_scale_policy=null, version=null, vnffgd=null, pnfd=null, hb_version=5, vnf_dependency=null, Id=c29ab39c-3392-46f3-89c0-986b93892074, vnfd=[org.project.neutrino.nfvo.catalogue.mano.descriptor.VirtualNetworkFunctionDescriptor#bf66d445-6f47-483b-b6d1-a880fb5fc946], monitoring_parameter=null}
13:23:09.185 [Test worker] DEBUG o.h.internal.util.EntityPrinter - org.project.neutrino.nfvo.catalogue.mano.descriptor.VirtualNetworkFunctionDescriptor{connection_point=null, vld=null, vendor=null, service_deployment_flavour=null, manifest_file_security=null, lifecycle_event=null, auto_scale_policy=null, vdu=[org.project.neutrino.nfvo.catalogue.mano.descriptor.VirtualDeploymentUnit#46af091f-6e9e-402c-b69f-b2c8fdde905a], version=null, vdu_dependency=null, descriptor_version=null, vnffgd=null, virtual_link=null, hb_version=0, deployment_flavour=null, Id=bf66d445-6f47-483b-b6d1-a880fb5fc946, manifest_file=null, monitoring_parameter=[monitor1, monitor2, monitor3]}
13:23:09.185 [Test worker] DEBUG org.hibernate.SQL - update network_service_descriptor set hb_version=?, vendor=?, version=?, nsd_security_id=? where id=? and hb_version=?
13:23:09.185 [Test worker] DEBUG o.s.orm.jpa.JpaTransactionManager - Initiating transaction commit
13:23:09.185 [Test worker] DEBUG o.s.orm.jpa.JpaTransactionManager - Committing JPA transaction on EntityManager [org.hibernate.jpa.internal.EntityManagerImpl@348a2f80]
13:23:09.185 [Test worker] DEBUG o.h.e.t.spi.AbstractTransactionImpl - committing
13:23:09.186 [Test worker] DEBUG o.h.e.t.i.jdbc.JdbcTransaction - committed JDBC Connection
13:23:09.186 [Test worker] DEBUG o.h.e.t.i.jdbc.JdbcTransaction - re-enabling autocommit
13:23:09.186 [Test worker] DEBUG o.h.e.t.spi.AbstractTransactionImpl - committing
13:23:09.186 [Test worker] DEBUG o.h.e.i.AbstractFlushingEventListener - Processing flush-time cascades
13:23:09.186 [Test worker] DEBUG o.h.e.i.AbstractFlushingEventListener - Dirty checking collections
13:23:09.186 [Test worker] DEBUG o.h.engine.internal.Collections - Collection found: [org.project.neutrino.nfvo.catalogue.mano.descriptor.NetworkServiceDescriptor.vnfd#c29ab39c-3392-46f3-89c0-986b93892074], was: [org.project.neutrino.nfvo.catalogue.mano.descriptor.NetworkServiceDescriptor.vnfd#c29ab39c-3392-46f3-89c0-986b93892074] (initialized)
13:23:09.186 [Test worker] DEBUG o.h.engine.internal.Collections - Collection found: [org.project.neutrino.nfvo.catalogue.mano.common.NFVEntityDescriptor.monitoring_parameter#bf66d445-6f47-483b-b6d1-a880fb5fc946], was: [org.project.neutrino.nfvo.catalogue.mano.common.NFVEntityDescriptor.monitoring_parameter#bf66d445-6f47-483b-b6d1-a880fb5fc946] (initialized)
13:23:09.186 [Test worker] DEBUG o.h.engine.internal.Collections - Collection found: [org.project.neutrino.nfvo.catalogue.mano.descriptor.VirtualNetworkFunctionDescriptor.vdu#bf66d445-6f47-483b-b6d1-a880fb5fc946], was: [org.project.neutrino.nfvo.catalogue.mano.descriptor.VirtualNetworkFunctionDescriptor.vdu#bf66d445-6f47-483b-b6d1-a880fb5fc946] (initialized)
13:23:09.187 [Test worker] DEBUG o.h.e.i.AbstractFlushingEventListener - Flushed: 0 insertions, 0 updates, 0 deletions to 3 objects
13:23:09.187 [Test worker] DEBUG o.h.e.i.AbstractFlushingEventListener - Flushed: 0 (re)creations, 0 updates, 0 removals to 3 collections
13:23:09.187 [Test worker] DEBUG o.h.internal.util.EntityPrinter - Listing entities:
13:23:09.187 [Test worker] DEBUG o.h.internal.util.EntityPrinter - org.project.neutrino.nfvo.catalogue.mano.descriptor.VirtualDeploymentUnit{id=46af091f-6e9e-402c-b69f-b2c8fdde905a, scale_in_out=0, vdu_constraint=null, computation_requirement=high_requirements, virtual_network_bandwidth_resource=null, lifecycle_event=null, monitoring_parameter=null, high_availability=ACTIVE_ACTIVE, vnfc=null, vm_image=null, virtual_memory_resource_element=null, version=0}
13:23:09.187 [Test worker] DEBUG o.h.internal.util.EntityPrinter - org.project.neutrino.nfvo.catalogue.mano.descriptor.NetworkServiceDescriptor{connection_point=null, vld=null, vendor=6, service_deployment_flavour=null, lifecycle_event=null, nsd_security=null, auto_scale_policy=null, version=null, vnffgd=null, pnfd=null, hb_version=6, vnf_dependency=null, Id=c29ab39c-3392-46f3-89c0-986b93892074, vnfd=[org.project.neutrino.nfvo.catalogue.mano.descriptor.VirtualNetworkFunctionDescriptor#bf66d445-6f47-483b-b6d1-a880fb5fc946], monitoring_parameter=null}
13:23:09.187 [Test worker] DEBUG o.h.internal.util.EntityPrinter - org.project.neutrino.nfvo.catalogue.mano.descriptor.VirtualNetworkFunctionDescriptor{connection_point=null, vld=null, vendor=null, service_deployment_flavour=null, manifest_file_security=null, lifecycle_event=null, auto_scale_policy=null, vdu=[org.project.neutrino.nfvo.catalogue.mano.descriptor.VirtualDeploymentUnit#46af091f-6e9e-402c-b69f-b2c8fdde905a], version=null, vdu_dependency=null, descriptor_version=null, vnffgd=null, virtual_link=null, hb_version=0, deployment_flavour=null, Id=bf66d445-6f47-483b-b6d1-a880fb5fc946, manifest_file=null, monitoring_parameter=[monitor1, monitor2, monitor3]}
13:23:09.187 [Test worker] DEBUG o.h.e.t.i.jdbc.JdbcTransaction - committed JDBC Connection
13:23:09.187 [Test worker] DEBUG o.h.e.t.i.jdbc.JdbcTransaction - re-enabling autocommit
13:23:09.187 [Test worker] DEBUG o.s.orm.jpa.JpaTransactionManager - Closing JPA EntityManager [org.hibernate.jpa.internal.EntityManagerImpl@348a2f80] after transaction
13:23:09.187 [Test worker] DEBUG o.s.o.jpa.EntityManagerFactoryUtils - Closing JPA EntityManager
13:23:09.187 [Test worker] DEBUG o.h.e.j.i.LogicalConnectionImpl - Releasing JDBC connection
13:23:09.187 [Test worker] DEBUG o.h.e.j.i.LogicalConnectionImpl - Released JDBC connection
13:23:09.187 [Test worker] WARN  o.p.n.n.c.t.r.RepositoryClassSuiteTest - Expected 6 but was 6
13:23:09.188 [Test worker] DEBUG o.s.orm.jpa.JpaTransactionManager - Creating new transaction with name [org.project.neutrino.nfvo.core.repositories.NSDRepositoryImpl.update]: PROPAGATION_REQUIRES_NEW,ISOLATION_DEFAULT; ''
13:23:09.188 [Test worker] DEBUG o.s.orm.jpa.JpaTransactionManager - Opened new EntityManager [org.hibernate.jpa.internal.EntityManagerImpl@60e926ab] for JPA transaction
13:23:09.188 [Test worker] DEBUG o.h.e.t.spi.AbstractTransactionImpl - begin
13:23:09.188 [Test worker] DEBUG o.h.e.j.i.LogicalConnectionImpl - Obtaining JDBC connection
13:23:09.188 [Test worker] DEBUG o.s.j.d.SimpleDriverDataSource - Creating new JDBC Driver Connection to [jdbc:hsqldb:mem:testdb]
13:23:09.188 [Test worker] DEBUG o.h.e.j.i.LogicalConnectionImpl - Obtained JDBC connection
13:23:09.188 [Test worker] DEBUG o.h.e.t.i.jdbc.JdbcTransaction - initial autocommit status: true
13:23:09.188 [Test worker] DEBUG o.h.e.t.i.jdbc.JdbcTransaction - disabling autocommit
13:23:09.188 [Test worker] DEBUG o.s.orm.jpa.JpaTransactionManager - Exposing JPA transaction as JDBC transaction [org.springframework.orm.jpa.vendor.HibernateJpaDialect$HibernateConnectionHandle@6ae9d641]
13:23:09.188 [Test worker] DEBUG o.h.e.t.spi.AbstractTransactionImpl - begin
13:23:09.188 [Test worker] DEBUG o.h.e.t.i.jdbc.JdbcTransaction - initial autocommit status: true
13:23:09.188 [Test worker] DEBUG o.h.e.t.i.jdbc.JdbcTransaction - disabling autocommit
13:23:09.188 [Test worker] DEBUG o.s.o.j.ExtendedEntityManagerCreator$ExtendedEntityManagerInvocationHandler - Starting resource-local transaction on application-managed EntityManager [org.hibernate.jpa.internal.EntityManagerImpl@ac577b]
13:23:09.189 [Test worker] DEBUG o.s.o.j.ExtendedEntityManagerCreator$ExtendedEntityManagerInvocationHandler - Joined local transaction
13:23:09.189 [Test worker] DEBUG o.s.o.j.ExtendedEntityManagerCreator$ExtendedEntityManagerInvocationHandler - Joined local transaction
13:23:09.189 [Test worker] DEBUG o.h.e.i.AbstractFlushingEventListener - Processing flush-time cascades
13:23:09.189 [Test worker] DEBUG o.h.e.i.AbstractFlushingEventListener - Dirty checking collections
13:23:09.190 [Test worker] DEBUG o.h.engine.internal.Collections - Collection found: [org.project.neutrino.nfvo.catalogue.mano.descriptor.NetworkServiceDescriptor.vnfd#c29ab39c-3392-46f3-89c0-986b93892074], was: [org.project.neutrino.nfvo.catalogue.mano.descriptor.NetworkServiceDescriptor.vnfd#c29ab39c-3392-46f3-89c0-986b93892074] (initialized)
13:23:09.190 [Test worker] DEBUG o.h.engine.internal.Collections - Collection found: [org.project.neutrino.nfvo.catalogue.mano.common.NFVEntityDescriptor.monitoring_parameter#bf66d445-6f47-483b-b6d1-a880fb5fc946], was: [org.project.neutrino.nfvo.catalogue.mano.common.NFVEntityDescriptor.monitoring_parameter#bf66d445-6f47-483b-b6d1-a880fb5fc946] (initialized)
13:23:09.190 [Test worker] DEBUG o.h.engine.internal.Collections - Collection found: [org.project.neutrino.nfvo.catalogue.mano.descriptor.VirtualNetworkFunctionDescriptor.vdu#bf66d445-6f47-483b-b6d1-a880fb5fc946], was: [org.project.neutrino.nfvo.catalogue.mano.descriptor.VirtualNetworkFunctionDescriptor.vdu#bf66d445-6f47-483b-b6d1-a880fb5fc946] (initialized)
13:23:09.190 [Test worker] DEBUG o.h.e.i.AbstractFlushingEventListener - Flushed: 0 insertions, 1 updates, 0 deletions to 3 objects
13:23:09.190 [Test worker] DEBUG o.h.e.i.AbstractFlushingEventListener - Flushed: 0 (re)creations, 0 updates, 0 removals to 3 collections
13:23:09.190 [Test worker] DEBUG o.h.internal.util.EntityPrinter - Listing entities:
13:23:09.190 [Test worker] DEBUG o.h.internal.util.EntityPrinter - org.project.neutrino.nfvo.catalogue.mano.descriptor.VirtualDeploymentUnit{id=46af091f-6e9e-402c-b69f-b2c8fdde905a, scale_in_out=0, vdu_constraint=null, computation_requirement=high_requirements, virtual_network_bandwidth_resource=null, lifecycle_event=null, monitoring_parameter=null, high_availability=ACTIVE_ACTIVE, vnfc=null, vm_image=null, virtual_memory_resource_element=null, version=0}
13:23:09.190 [Test worker] DEBUG o.h.internal.util.EntityPrinter - org.project.neutrino.nfvo.catalogue.mano.descriptor.NetworkServiceDescriptor{connection_point=null, vld=null, vendor=7, service_deployment_flavour=null, lifecycle_event=null, nsd_security=null, auto_scale_policy=null, version=null, vnffgd=null, pnfd=null, hb_version=6, vnf_dependency=null, Id=c29ab39c-3392-46f3-89c0-986b93892074, vnfd=[org.project.neutrino.nfvo.catalogue.mano.descriptor.VirtualNetworkFunctionDescriptor#bf66d445-6f47-483b-b6d1-a880fb5fc946], monitoring_parameter=null}
13:23:09.191 [Test worker] DEBUG o.h.internal.util.EntityPrinter - org.project.neutrino.nfvo.catalogue.mano.descriptor.VirtualNetworkFunctionDescriptor{connection_point=null, vld=null, vendor=null, service_deployment_flavour=null, manifest_file_security=null, lifecycle_event=null, auto_scale_policy=null, vdu=[org.project.neutrino.nfvo.catalogue.mano.descriptor.VirtualDeploymentUnit#46af091f-6e9e-402c-b69f-b2c8fdde905a], version=null, vdu_dependency=null, descriptor_version=null, vnffgd=null, virtual_link=null, hb_version=0, deployment_flavour=null, Id=bf66d445-6f47-483b-b6d1-a880fb5fc946, manifest_file=null, monitoring_parameter=[monitor1, monitor2, monitor3]}
13:23:09.191 [Test worker] DEBUG org.hibernate.SQL - update network_service_descriptor set hb_version=?, vendor=?, version=?, nsd_security_id=? where id=? and hb_version=?
13:23:09.191 [Test worker] DEBUG o.s.orm.jpa.JpaTransactionManager - Initiating transaction commit
13:23:09.191 [Test worker] DEBUG o.s.orm.jpa.JpaTransactionManager - Committing JPA transaction on EntityManager [org.hibernate.jpa.internal.EntityManagerImpl@60e926ab]
13:23:09.191 [Test worker] DEBUG o.h.e.t.spi.AbstractTransactionImpl - committing
13:23:09.191 [Test worker] DEBUG o.h.e.t.i.jdbc.JdbcTransaction - committed JDBC Connection
13:23:09.191 [Test worker] DEBUG o.h.e.t.i.jdbc.JdbcTransaction - re-enabling autocommit
13:23:09.192 [Test worker] DEBUG o.h.e.t.spi.AbstractTransactionImpl - committing
13:23:09.192 [Test worker] DEBUG o.h.e.i.AbstractFlushingEventListener - Processing flush-time cascades
13:23:09.192 [Test worker] DEBUG o.h.e.i.AbstractFlushingEventListener - Dirty checking collections
13:23:09.192 [Test worker] DEBUG o.h.engine.internal.Collections - Collection found: [org.project.neutrino.nfvo.catalogue.mano.descriptor.NetworkServiceDescriptor.vnfd#c29ab39c-3392-46f3-89c0-986b93892074], was: [org.project.neutrino.nfvo.catalogue.mano.descriptor.NetworkServiceDescriptor.vnfd#c29ab39c-3392-46f3-89c0-986b93892074] (initialized)
13:23:09.192 [Test worker] DEBUG o.h.engine.internal.Collections - Collection found: [org.project.neutrino.nfvo.catalogue.mano.common.NFVEntityDescriptor.monitoring_parameter#bf66d445-6f47-483b-b6d1-a880fb5fc946], was: [org.project.neutrino.nfvo.catalogue.mano.common.NFVEntityDescriptor.monitoring_parameter#bf66d445-6f47-483b-b6d1-a880fb5fc946] (initialized)
13:23:09.192 [Test worker] DEBUG o.h.engine.internal.Collections - Collection found: [org.project.neutrino.nfvo.catalogue.mano.descriptor.VirtualNetworkFunctionDescriptor.vdu#bf66d445-6f47-483b-b6d1-a880fb5fc946], was: [org.project.neutrino.nfvo.catalogue.mano.descriptor.VirtualNetworkFunctionDescriptor.vdu#bf66d445-6f47-483b-b6d1-a880fb5fc946] (initialized)
13:23:09.193 [Test worker] DEBUG o.h.e.i.AbstractFlushingEventListener - Flushed: 0 insertions, 0 updates, 0 deletions to 3 objects
13:23:09.193 [Test worker] DEBUG o.h.e.i.AbstractFlushingEventListener - Flushed: 0 (re)creations, 0 updates, 0 removals to 3 collections
13:23:09.193 [Test worker] DEBUG o.h.internal.util.EntityPrinter - Listing entities:
13:23:09.193 [Test worker] DEBUG o.h.internal.util.EntityPrinter - org.project.neutrino.nfvo.catalogue.mano.descriptor.VirtualDeploymentUnit{id=46af091f-6e9e-402c-b69f-b2c8fdde905a, scale_in_out=0, vdu_constraint=null, computation_requirement=high_requirements, virtual_network_bandwidth_resource=null, lifecycle_event=null, monitoring_parameter=null, high_availability=ACTIVE_ACTIVE, vnfc=null, vm_image=null, virtual_memory_resource_element=null, version=0}
13:23:09.193 [Test worker] DEBUG o.h.internal.util.EntityPrinter - org.project.neutrino.nfvo.catalogue.mano.descriptor.NetworkServiceDescriptor{connection_point=null, vld=null, vendor=7, service_deployment_flavour=null, lifecycle_event=null, nsd_security=null, auto_scale_policy=null, version=null, vnffgd=null, pnfd=null, hb_version=7, vnf_dependency=null, Id=c29ab39c-3392-46f3-89c0-986b93892074, vnfd=[org.project.neutrino.nfvo.catalogue.mano.descriptor.VirtualNetworkFunctionDescriptor#bf66d445-6f47-483b-b6d1-a880fb5fc946], monitoring_parameter=null}
13:23:09.193 [Test worker] DEBUG o.h.internal.util.EntityPrinter - org.project.neutrino.nfvo.catalogue.mano.descriptor.VirtualNetworkFunctionDescriptor{connection_point=null, vld=null, vendor=null, service_deployment_flavour=null, manifest_file_security=null, lifecycle_event=null, auto_scale_policy=null, vdu=[org.project.neutrino.nfvo.catalogue.mano.descriptor.VirtualDeploymentUnit#46af091f-6e9e-402c-b69f-b2c8fdde905a], version=null, vdu_dependency=null, descriptor_version=null, vnffgd=null, virtual_link=null, hb_version=0, deployment_flavour=null, Id=bf66d445-6f47-483b-b6d1-a880fb5fc946, manifest_file=null, monitoring_parameter=[monitor1, monitor2, monitor3]}
13:23:09.193 [Test worker] DEBUG o.h.e.t.i.jdbc.JdbcTransaction - committed JDBC Connection
13:23:09.193 [Test worker] DEBUG o.h.e.t.i.jdbc.JdbcTransaction - re-enabling autocommit
13:23:09.193 [Test worker] DEBUG o.s.orm.jpa.JpaTransactionManager - Closing JPA EntityManager [org.hibernate.jpa.internal.EntityManagerImpl@60e926ab] after transaction
13:23:09.193 [Test worker] DEBUG o.s.o.jpa.EntityManagerFactoryUtils - Closing JPA EntityManager
13:23:09.193 [Test worker] DEBUG o.h.e.j.i.LogicalConnectionImpl - Releasing JDBC connection
13:23:09.193 [Test worker] DEBUG o.h.e.j.i.LogicalConnectionImpl - Released JDBC connection
13:23:09.193 [Test worker] WARN  o.p.n.n.c.t.r.RepositoryClassSuiteTest - Expected 7 but was 7
13:23:09.193 [Test worker] DEBUG o.s.orm.jpa.JpaTransactionManager - Creating new transaction with name [org.project.neutrino.nfvo.core.repositories.NSDRepositoryImpl.update]: PROPAGATION_REQUIRES_NEW,ISOLATION_DEFAULT; ''
13:23:09.194 [Test worker] DEBUG o.s.orm.jpa.JpaTransactionManager - Opened new EntityManager [org.hibernate.jpa.internal.EntityManagerImpl@67666091] for JPA transaction
13:23:09.194 [Test worker] DEBUG o.h.e.t.spi.AbstractTransactionImpl - begin
13:23:09.194 [Test worker] DEBUG o.h.e.j.i.LogicalConnectionImpl - Obtaining JDBC connection
13:23:09.194 [Test worker] DEBUG o.s.j.d.SimpleDriverDataSource - Creating new JDBC Driver Connection to [jdbc:hsqldb:mem:testdb]
13:23:09.194 [Test worker] DEBUG o.h.e.j.i.LogicalConnectionImpl - Obtained JDBC connection
13:23:09.194 [Test worker] DEBUG o.h.e.t.i.jdbc.JdbcTransaction - initial autocommit status: true
13:23:09.194 [Test worker] DEBUG o.h.e.t.i.jdbc.JdbcTransaction - disabling autocommit
13:23:09.194 [Test worker] DEBUG o.s.orm.jpa.JpaTransactionManager - Exposing JPA transaction as JDBC transaction [org.springframework.orm.jpa.vendor.HibernateJpaDialect$HibernateConnectionHandle@724e049f]
13:23:09.194 [Test worker] DEBUG o.h.e.t.spi.AbstractTransactionImpl - begin
13:23:09.194 [Test worker] DEBUG o.h.e.t.i.jdbc.JdbcTransaction - initial autocommit status: true
13:23:09.194 [Test worker] DEBUG o.h.e.t.i.jdbc.JdbcTransaction - disabling autocommit
13:23:09.194 [Test worker] DEBUG o.s.o.j.ExtendedEntityManagerCreator$ExtendedEntityManagerInvocationHandler - Starting resource-local transaction on application-managed EntityManager [org.hibernate.jpa.internal.EntityManagerImpl@ac577b]
13:23:09.194 [Test worker] DEBUG o.s.o.j.ExtendedEntityManagerCreator$ExtendedEntityManagerInvocationHandler - Joined local transaction
13:23:09.195 [Test worker] DEBUG o.s.o.j.ExtendedEntityManagerCreator$ExtendedEntityManagerInvocationHandler - Joined local transaction
13:23:09.195 [Test worker] DEBUG o.h.e.i.AbstractFlushingEventListener - Processing flush-time cascades
13:23:09.195 [Test worker] DEBUG o.h.e.i.AbstractFlushingEventListener - Dirty checking collections
13:23:09.196 [Test worker] DEBUG o.h.engine.internal.Collections - Collection found: [org.project.neutrino.nfvo.catalogue.mano.descriptor.NetworkServiceDescriptor.vnfd#c29ab39c-3392-46f3-89c0-986b93892074], was: [org.project.neutrino.nfvo.catalogue.mano.descriptor.NetworkServiceDescriptor.vnfd#c29ab39c-3392-46f3-89c0-986b93892074] (initialized)
13:23:09.196 [Test worker] DEBUG o.h.engine.internal.Collections - Collection found: [org.project.neutrino.nfvo.catalogue.mano.common.NFVEntityDescriptor.monitoring_parameter#bf66d445-6f47-483b-b6d1-a880fb5fc946], was: [org.project.neutrino.nfvo.catalogue.mano.common.NFVEntityDescriptor.monitoring_parameter#bf66d445-6f47-483b-b6d1-a880fb5fc946] (initialized)
13:23:09.196 [Test worker] DEBUG o.h.engine.internal.Collections - Collection found: [org.project.neutrino.nfvo.catalogue.mano.descriptor.VirtualNetworkFunctionDescriptor.vdu#bf66d445-6f47-483b-b6d1-a880fb5fc946], was: [org.project.neutrino.nfvo.catalogue.mano.descriptor.VirtualNetworkFunctionDescriptor.vdu#bf66d445-6f47-483b-b6d1-a880fb5fc946] (initialized)
13:23:09.196 [Test worker] DEBUG o.h.e.i.AbstractFlushingEventListener - Flushed: 0 insertions, 1 updates, 0 deletions to 3 objects
13:23:09.196 [Test worker] DEBUG o.h.e.i.AbstractFlushingEventListener - Flushed: 0 (re)creations, 0 updates, 0 removals to 3 collections
13:23:09.196 [Test worker] DEBUG o.h.internal.util.EntityPrinter - Listing entities:
13:23:09.196 [Test worker] DEBUG o.h.internal.util.EntityPrinter - org.project.neutrino.nfvo.catalogue.mano.descriptor.VirtualDeploymentUnit{id=46af091f-6e9e-402c-b69f-b2c8fdde905a, scale_in_out=0, vdu_constraint=null, computation_requirement=high_requirements, virtual_network_bandwidth_resource=null, lifecycle_event=null, monitoring_parameter=null, high_availability=ACTIVE_ACTIVE, vnfc=null, vm_image=null, virtual_memory_resource_element=null, version=0}
13:23:09.196 [Test worker] DEBUG o.h.internal.util.EntityPrinter - org.project.neutrino.nfvo.catalogue.mano.descriptor.NetworkServiceDescriptor{connection_point=null, vld=null, vendor=8, service_deployment_flavour=null, lifecycle_event=null, nsd_security=null, auto_scale_policy=null, version=null, vnffgd=null, pnfd=null, hb_version=7, vnf_dependency=null, Id=c29ab39c-3392-46f3-89c0-986b93892074, vnfd=[org.project.neutrino.nfvo.catalogue.mano.descriptor.VirtualNetworkFunctionDescriptor#bf66d445-6f47-483b-b6d1-a880fb5fc946], monitoring_parameter=null}
13:23:09.197 [Test worker] DEBUG o.h.internal.util.EntityPrinter - org.project.neutrino.nfvo.catalogue.mano.descriptor.VirtualNetworkFunctionDescriptor{connection_point=null, vld=null, vendor=null, service_deployment_flavour=null, manifest_file_security=null, lifecycle_event=null, auto_scale_policy=null, vdu=[org.project.neutrino.nfvo.catalogue.mano.descriptor.VirtualDeploymentUnit#46af091f-6e9e-402c-b69f-b2c8fdde905a], version=null, vdu_dependency=null, descriptor_version=null, vnffgd=null, virtual_link=null, hb_version=0, deployment_flavour=null, Id=bf66d445-6f47-483b-b6d1-a880fb5fc946, manifest_file=null, monitoring_parameter=[monitor1, monitor2, monitor3]}
13:23:09.197 [Test worker] DEBUG org.hibernate.SQL - update network_service_descriptor set hb_version=?, vendor=?, version=?, nsd_security_id=? where id=? and hb_version=?
13:23:09.197 [Test worker] DEBUG o.s.orm.jpa.JpaTransactionManager - Initiating transaction commit
13:23:09.197 [Test worker] DEBUG o.s.orm.jpa.JpaTransactionManager - Committing JPA transaction on EntityManager [org.hibernate.jpa.internal.EntityManagerImpl@67666091]
13:23:09.197 [Test worker] DEBUG o.h.e.t.spi.AbstractTransactionImpl - committing
13:23:09.198 [Test worker] DEBUG o.h.e.t.i.jdbc.JdbcTransaction - committed JDBC Connection
13:23:09.198 [Test worker] DEBUG o.h.e.t.i.jdbc.JdbcTransaction - re-enabling autocommit
13:23:09.198 [Test worker] DEBUG o.h.e.t.spi.AbstractTransactionImpl - committing
13:23:09.198 [Test worker] DEBUG o.h.e.i.AbstractFlushingEventListener - Processing flush-time cascades
13:23:09.198 [Test worker] DEBUG o.h.e.i.AbstractFlushingEventListener - Dirty checking collections
13:23:09.198 [Test worker] DEBUG o.h.engine.internal.Collections - Collection found: [org.project.neutrino.nfvo.catalogue.mano.descriptor.NetworkServiceDescriptor.vnfd#c29ab39c-3392-46f3-89c0-986b93892074], was: [org.project.neutrino.nfvo.catalogue.mano.descriptor.NetworkServiceDescriptor.vnfd#c29ab39c-3392-46f3-89c0-986b93892074] (initialized)
13:23:09.198 [Test worker] DEBUG o.h.engine.internal.Collections - Collection found: [org.project.neutrino.nfvo.catalogue.mano.common.NFVEntityDescriptor.monitoring_parameter#bf66d445-6f47-483b-b6d1-a880fb5fc946], was: [org.project.neutrino.nfvo.catalogue.mano.common.NFVEntityDescriptor.monitoring_parameter#bf66d445-6f47-483b-b6d1-a880fb5fc946] (initialized)
13:23:09.198 [Test worker] DEBUG o.h.engine.internal.Collections - Collection found: [org.project.neutrino.nfvo.catalogue.mano.descriptor.VirtualNetworkFunctionDescriptor.vdu#bf66d445-6f47-483b-b6d1-a880fb5fc946], was: [org.project.neutrino.nfvo.catalogue.mano.descriptor.VirtualNetworkFunctionDescriptor.vdu#bf66d445-6f47-483b-b6d1-a880fb5fc946] (initialized)
13:23:09.199 [Test worker] DEBUG o.h.e.i.AbstractFlushingEventListener - Flushed: 0 insertions, 0 updates, 0 deletions to 3 objects
13:23:09.199 [Test worker] DEBUG o.h.e.i.AbstractFlushingEventListener - Flushed: 0 (re)creations, 0 updates, 0 removals to 3 collections
13:23:09.199 [Test worker] DEBUG o.h.internal.util.EntityPrinter - Listing entities:
13:23:09.199 [Test worker] DEBUG o.h.internal.util.EntityPrinter - org.project.neutrino.nfvo.catalogue.mano.descriptor.VirtualDeploymentUnit{id=46af091f-6e9e-402c-b69f-b2c8fdde905a, scale_in_out=0, vdu_constraint=null, computation_requirement=high_requirements, virtual_network_bandwidth_resource=null, lifecycle_event=null, monitoring_parameter=null, high_availability=ACTIVE_ACTIVE, vnfc=null, vm_image=null, virtual_memory_resource_element=null, version=0}
13:23:09.199 [Test worker] DEBUG o.h.internal.util.EntityPrinter - org.project.neutrino.nfvo.catalogue.mano.descriptor.NetworkServiceDescriptor{connection_point=null, vld=null, vendor=8, service_deployment_flavour=null, lifecycle_event=null, nsd_security=null, auto_scale_policy=null, version=null, vnffgd=null, pnfd=null, hb_version=8, vnf_dependency=null, Id=c29ab39c-3392-46f3-89c0-986b93892074, vnfd=[org.project.neutrino.nfvo.catalogue.mano.descriptor.VirtualNetworkFunctionDescriptor#bf66d445-6f47-483b-b6d1-a880fb5fc946], monitoring_parameter=null}
13:23:09.199 [Test worker] DEBUG o.h.internal.util.EntityPrinter - org.project.neutrino.nfvo.catalogue.mano.descriptor.VirtualNetworkFunctionDescriptor{connection_point=null, vld=null, vendor=null, service_deployment_flavour=null, manifest_file_security=null, lifecycle_event=null, auto_scale_policy=null, vdu=[org.project.neutrino.nfvo.catalogue.mano.descriptor.VirtualDeploymentUnit#46af091f-6e9e-402c-b69f-b2c8fdde905a], version=null, vdu_dependency=null, descriptor_version=null, vnffgd=null, virtual_link=null, hb_version=0, deployment_flavour=null, Id=bf66d445-6f47-483b-b6d1-a880fb5fc946, manifest_file=null, monitoring_parameter=[monitor1, monitor2, monitor3]}
13:23:09.199 [Test worker] DEBUG o.h.e.t.i.jdbc.JdbcTransaction - committed JDBC Connection
13:23:09.199 [Test worker] DEBUG o.h.e.t.i.jdbc.JdbcTransaction - re-enabling autocommit
13:23:09.199 [Test worker] DEBUG o.s.orm.jpa.JpaTransactionManager - Closing JPA EntityManager [org.hibernate.jpa.internal.EntityManagerImpl@67666091] after transaction
13:23:09.199 [Test worker] DEBUG o.s.o.jpa.EntityManagerFactoryUtils - Closing JPA EntityManager
13:23:09.199 [Test worker] DEBUG o.h.e.j.i.LogicalConnectionImpl - Releasing JDBC connection
13:23:09.199 [Test worker] DEBUG o.h.e.j.i.LogicalConnectionImpl - Released JDBC connection
13:23:09.199 [Test worker] WARN  o.p.n.n.c.t.r.RepositoryClassSuiteTest - Expected 8 but was 8
13:23:09.200 [Test worker] DEBUG o.s.orm.jpa.JpaTransactionManager - Creating new transaction with name [org.project.neutrino.nfvo.core.repositories.NSDRepositoryImpl.update]: PROPAGATION_REQUIRES_NEW,ISOLATION_DEFAULT; ''
13:23:09.200 [Test worker] DEBUG o.s.orm.jpa.JpaTransactionManager - Opened new EntityManager [org.hibernate.jpa.internal.EntityManagerImpl@67dc3d5d] for JPA transaction
13:23:09.200 [Test worker] DEBUG o.h.e.t.spi.AbstractTransactionImpl - begin
13:23:09.200 [Test worker] DEBUG o.h.e.j.i.LogicalConnectionImpl - Obtaining JDBC connection
13:23:09.200 [Test worker] DEBUG o.s.j.d.SimpleDriverDataSource - Creating new JDBC Driver Connection to [jdbc:hsqldb:mem:testdb]
13:23:09.200 [Test worker] DEBUG o.h.e.j.i.LogicalConnectionImpl - Obtained JDBC connection
13:23:09.200 [Test worker] DEBUG o.h.e.t.i.jdbc.JdbcTransaction - initial autocommit status: true
13:23:09.200 [Test worker] DEBUG o.h.e.t.i.jdbc.JdbcTransaction - disabling autocommit
13:23:09.200 [Test worker] DEBUG o.s.orm.jpa.JpaTransactionManager - Exposing JPA transaction as JDBC transaction [org.springframework.orm.jpa.vendor.HibernateJpaDialect$HibernateConnectionHandle@2c40d9f0]
13:23:09.200 [Test worker] DEBUG o.h.e.t.spi.AbstractTransactionImpl - begin
13:23:09.200 [Test worker] DEBUG o.h.e.t.i.jdbc.JdbcTransaction - initial autocommit status: true
13:23:09.200 [Test worker] DEBUG o.h.e.t.i.jdbc.JdbcTransaction - disabling autocommit
13:23:09.201 [Test worker] DEBUG o.s.o.j.ExtendedEntityManagerCreator$ExtendedEntityManagerInvocationHandler - Starting resource-local transaction on application-managed EntityManager [org.hibernate.jpa.internal.EntityManagerImpl@ac577b]
13:23:09.201 [Test worker] DEBUG o.s.o.j.ExtendedEntityManagerCreator$ExtendedEntityManagerInvocationHandler - Joined local transaction
13:23:09.201 [Test worker] DEBUG o.s.o.j.ExtendedEntityManagerCreator$ExtendedEntityManagerInvocationHandler - Joined local transaction
13:23:09.201 [Test worker] DEBUG o.h.e.i.AbstractFlushingEventListener - Processing flush-time cascades
13:23:09.201 [Test worker] DEBUG o.h.e.i.AbstractFlushingEventListener - Dirty checking collections
13:23:09.202 [Test worker] DEBUG o.h.engine.internal.Collections - Collection found: [org.project.neutrino.nfvo.catalogue.mano.descriptor.NetworkServiceDescriptor.vnfd#c29ab39c-3392-46f3-89c0-986b93892074], was: [org.project.neutrino.nfvo.catalogue.mano.descriptor.NetworkServiceDescriptor.vnfd#c29ab39c-3392-46f3-89c0-986b93892074] (initialized)
13:23:09.202 [Test worker] DEBUG o.h.engine.internal.Collections - Collection found: [org.project.neutrino.nfvo.catalogue.mano.common.NFVEntityDescriptor.monitoring_parameter#bf66d445-6f47-483b-b6d1-a880fb5fc946], was: [org.project.neutrino.nfvo.catalogue.mano.common.NFVEntityDescriptor.monitoring_parameter#bf66d445-6f47-483b-b6d1-a880fb5fc946] (initialized)
13:23:09.202 [Test worker] DEBUG o.h.engine.internal.Collections - Collection found: [org.project.neutrino.nfvo.catalogue.mano.descriptor.VirtualNetworkFunctionDescriptor.vdu#bf66d445-6f47-483b-b6d1-a880fb5fc946], was: [org.project.neutrino.nfvo.catalogue.mano.descriptor.VirtualNetworkFunctionDescriptor.vdu#bf66d445-6f47-483b-b6d1-a880fb5fc946] (initialized)
13:23:09.202 [Test worker] DEBUG o.h.e.i.AbstractFlushingEventListener - Flushed: 0 insertions, 1 updates, 0 deletions to 3 objects
13:23:09.202 [Test worker] DEBUG o.h.e.i.AbstractFlushingEventListener - Flushed: 0 (re)creations, 0 updates, 0 removals to 3 collections
13:23:09.202 [Test worker] DEBUG o.h.internal.util.EntityPrinter - Listing entities:
13:23:09.202 [Test worker] DEBUG o.h.internal.util.EntityPrinter - org.project.neutrino.nfvo.catalogue.mano.descriptor.VirtualDeploymentUnit{id=46af091f-6e9e-402c-b69f-b2c8fdde905a, scale_in_out=0, vdu_constraint=null, computation_requirement=high_requirements, virtual_network_bandwidth_resource=null, lifecycle_event=null, monitoring_parameter=null, high_availability=ACTIVE_ACTIVE, vnfc=null, vm_image=null, virtual_memory_resource_element=null, version=0}
13:23:09.202 [Test worker] DEBUG o.h.internal.util.EntityPrinter - org.project.neutrino.nfvo.catalogue.mano.descriptor.NetworkServiceDescriptor{connection_point=null, vld=null, vendor=9, service_deployment_flavour=null, lifecycle_event=null, nsd_security=null, auto_scale_policy=null, version=null, vnffgd=null, pnfd=null, hb_version=8, vnf_dependency=null, Id=c29ab39c-3392-46f3-89c0-986b93892074, vnfd=[org.project.neutrino.nfvo.catalogue.mano.descriptor.VirtualNetworkFunctionDescriptor#bf66d445-6f47-483b-b6d1-a880fb5fc946], monitoring_parameter=null}
13:23:09.202 [Test worker] DEBUG o.h.internal.util.EntityPrinter - org.project.neutrino.nfvo.catalogue.mano.descriptor.VirtualNetworkFunctionDescriptor{connection_point=null, vld=null, vendor=null, service_deployment_flavour=null, manifest_file_security=null, lifecycle_event=null, auto_scale_policy=null, vdu=[org.project.neutrino.nfvo.catalogue.mano.descriptor.VirtualDeploymentUnit#46af091f-6e9e-402c-b69f-b2c8fdde905a], version=null, vdu_dependency=null, descriptor_version=null, vnffgd=null, virtual_link=null, hb_version=0, deployment_flavour=null, Id=bf66d445-6f47-483b-b6d1-a880fb5fc946, manifest_file=null, monitoring_parameter=[monitor1, monitor2, monitor3]}
13:23:09.202 [Test worker] DEBUG org.hibernate.SQL - update network_service_descriptor set hb_version=?, vendor=?, version=?, nsd_security_id=? where id=? and hb_version=?
13:23:09.203 [Test worker] DEBUG o.s.orm.jpa.JpaTransactionManager - Initiating transaction commit
13:23:09.203 [Test worker] DEBUG o.s.orm.jpa.JpaTransactionManager - Committing JPA transaction on EntityManager [org.hibernate.jpa.internal.EntityManagerImpl@67dc3d5d]
13:23:09.203 [Test worker] DEBUG o.h.e.t.spi.AbstractTransactionImpl - committing
13:23:09.203 [Test worker] DEBUG o.h.e.t.i.jdbc.JdbcTransaction - committed JDBC Connection
13:23:09.203 [Test worker] DEBUG o.h.e.t.i.jdbc.JdbcTransaction - re-enabling autocommit
13:23:09.203 [Test worker] DEBUG o.h.e.t.spi.AbstractTransactionImpl - committing
13:23:09.203 [Test worker] DEBUG o.h.e.i.AbstractFlushingEventListener - Processing flush-time cascades
13:23:09.204 [Test worker] DEBUG o.h.e.i.AbstractFlushingEventListener - Dirty checking collections
13:23:09.204 [Test worker] DEBUG o.h.engine.internal.Collections - Collection found: [org.project.neutrino.nfvo.catalogue.mano.descriptor.NetworkServiceDescriptor.vnfd#c29ab39c-3392-46f3-89c0-986b93892074], was: [org.project.neutrino.nfvo.catalogue.mano.descriptor.NetworkServiceDescriptor.vnfd#c29ab39c-3392-46f3-89c0-986b93892074] (initialized)
13:23:09.204 [Test worker] DEBUG o.h.engine.internal.Collections - Collection found: [org.project.neutrino.nfvo.catalogue.mano.common.NFVEntityDescriptor.monitoring_parameter#bf66d445-6f47-483b-b6d1-a880fb5fc946], was: [org.project.neutrino.nfvo.catalogue.mano.common.NFVEntityDescriptor.monitoring_parameter#bf66d445-6f47-483b-b6d1-a880fb5fc946] (initialized)
13:23:09.204 [Test worker] DEBUG o.h.engine.internal.Collections - Collection found: [org.project.neutrino.nfvo.catalogue.mano.descriptor.VirtualNetworkFunctionDescriptor.vdu#bf66d445-6f47-483b-b6d1-a880fb5fc946], was: [org.project.neutrino.nfvo.catalogue.mano.descriptor.VirtualNetworkFunctionDescriptor.vdu#bf66d445-6f47-483b-b6d1-a880fb5fc946] (initialized)
13:23:09.204 [Test worker] DEBUG o.h.e.i.AbstractFlushingEventListener - Flushed: 0 insertions, 0 updates, 0 deletions to 3 objects
13:23:09.204 [Test worker] DEBUG o.h.e.i.AbstractFlushingEventListener - Flushed: 0 (re)creations, 0 updates, 0 removals to 3 collections
13:23:09.204 [Test worker] DEBUG o.h.internal.util.EntityPrinter - Listing entities:
13:23:09.204 [Test worker] DEBUG o.h.internal.util.EntityPrinter - org.project.neutrino.nfvo.catalogue.mano.descriptor.VirtualDeploymentUnit{id=46af091f-6e9e-402c-b69f-b2c8fdde905a, scale_in_out=0, vdu_constraint=null, computation_requirement=high_requirements, virtual_network_bandwidth_resource=null, lifecycle_event=null, monitoring_parameter=null, high_availability=ACTIVE_ACTIVE, vnfc=null, vm_image=null, virtual_memory_resource_element=null, version=0}
13:23:09.204 [Test worker] DEBUG o.h.internal.util.EntityPrinter - org.project.neutrino.nfvo.catalogue.mano.descriptor.NetworkServiceDescriptor{connection_point=null, vld=null, vendor=9, service_deployment_flavour=null, lifecycle_event=null, nsd_security=null, auto_scale_policy=null, version=null, vnffgd=null, pnfd=null, hb_version=9, vnf_dependency=null, Id=c29ab39c-3392-46f3-89c0-986b93892074, vnfd=[org.project.neutrino.nfvo.catalogue.mano.descriptor.VirtualNetworkFunctionDescriptor#bf66d445-6f47-483b-b6d1-a880fb5fc946], monitoring_parameter=null}
13:23:09.205 [Test worker] DEBUG o.h.internal.util.EntityPrinter - org.project.neutrino.nfvo.catalogue.mano.descriptor.VirtualNetworkFunctionDescriptor{connection_point=null, vld=null, vendor=null, service_deployment_flavour=null, manifest_file_security=null, lifecycle_event=null, auto_scale_policy=null, vdu=[org.project.neutrino.nfvo.catalogue.mano.descriptor.VirtualDeploymentUnit#46af091f-6e9e-402c-b69f-b2c8fdde905a], version=null, vdu_dependency=null, descriptor_version=null, vnffgd=null, virtual_link=null, hb_version=0, deployment_flavour=null, Id=bf66d445-6f47-483b-b6d1-a880fb5fc946, manifest_file=null, monitoring_parameter=[monitor1, monitor2, monitor3]}
13:23:09.205 [Test worker] DEBUG o.h.e.t.i.jdbc.JdbcTransaction - committed JDBC Connection
13:23:09.205 [Test worker] DEBUG o.h.e.t.i.jdbc.JdbcTransaction - re-enabling autocommit
13:23:09.205 [Test worker] DEBUG o.s.orm.jpa.JpaTransactionManager - Closing JPA EntityManager [org.hibernate.jpa.internal.EntityManagerImpl@67dc3d5d] after transaction
13:23:09.205 [Test worker] DEBUG o.s.o.jpa.EntityManagerFactoryUtils - Closing JPA EntityManager
13:23:09.205 [Test worker] DEBUG o.h.e.j.i.LogicalConnectionImpl - Releasing JDBC connection
13:23:09.205 [Test worker] DEBUG o.h.e.j.i.LogicalConnectionImpl - Released JDBC connection
13:23:09.205 [Test worker] WARN  o.p.n.n.c.t.r.RepositoryClassSuiteTest - Expected 9 but was 9
13:23:09.205 [Test worker] DEBUG o.s.t.a.AnnotationTransactionAttributeSource - Adding transactional method 'NSDRepositoryImpl.delete' with attribute: PROPAGATION_REQUIRED,ISOLATION_DEFAULT,readOnly; ''
13:23:09.205 [Test worker] DEBUG o.s.orm.jpa.JpaTransactionManager - Creating new transaction with name [org.project.neutrino.nfvo.core.repositories.NSDRepositoryImpl.delete]: PROPAGATION_REQUIRED,ISOLATION_DEFAULT,readOnly; ''
13:23:09.206 [Test worker] DEBUG o.s.orm.jpa.JpaTransactionManager - Opened new EntityManager [org.hibernate.jpa.internal.EntityManagerImpl@57d6fc09] for JPA transaction
13:23:09.206 [Test worker] DEBUG o.h.e.j.i.LogicalConnectionImpl - Obtaining JDBC connection
13:23:09.206 [Test worker] DEBUG o.s.j.d.SimpleDriverDataSource - Creating new JDBC Driver Connection to [jdbc:hsqldb:mem:testdb]
13:23:09.206 [Test worker] DEBUG o.h.e.j.i.LogicalConnectionImpl - Obtained JDBC connection
13:23:09.206 [Test worker] DEBUG o.s.jdbc.datasource.DataSourceUtils - Setting JDBC Connection [org.hsqldb.jdbc.JDBCConnection@633cdfec] read-only
13:23:09.206 [Test worker] DEBUG o.h.e.t.spi.AbstractTransactionImpl - begin
13:23:09.206 [Test worker] DEBUG o.h.e.t.i.jdbc.JdbcTransaction - initial autocommit status: true
13:23:09.206 [Test worker] DEBUG o.h.e.t.i.jdbc.JdbcTransaction - disabling autocommit
13:23:09.206 [Test worker] DEBUG o.s.orm.jpa.JpaTransactionManager - Exposing JPA transaction as JDBC transaction [org.springframework.orm.jpa.vendor.HibernateJpaDialect$HibernateConnectionHandle@319131da]
13:23:09.206 [Test worker] DEBUG o.h.e.t.spi.AbstractTransactionImpl - begin
13:23:09.206 [Test worker] DEBUG o.h.e.t.i.jdbc.JdbcTransaction - initial autocommit status: true
13:23:09.206 [Test worker] DEBUG o.h.e.t.i.jdbc.JdbcTransaction - disabling autocommit
13:23:09.206 [Test worker] DEBUG o.s.o.j.ExtendedEntityManagerCreator$ExtendedEntityManagerInvocationHandler - Starting resource-local transaction on application-managed EntityManager [org.hibernate.jpa.internal.EntityManagerImpl@ac577b]
13:23:09.206 [Test worker] DEBUG o.s.o.j.ExtendedEntityManagerCreator$ExtendedEntityManagerInvocationHandler - Joined local transaction
13:23:09.208 [Test worker] DEBUG o.s.orm.jpa.JpaTransactionManager - Initiating transaction commit
13:23:09.208 [Test worker] DEBUG o.s.orm.jpa.JpaTransactionManager - Committing JPA transaction on EntityManager [org.hibernate.jpa.internal.EntityManagerImpl@57d6fc09]
13:23:09.208 [Test worker] DEBUG o.h.e.t.spi.AbstractTransactionImpl - committing
13:23:09.208 [Test worker] DEBUG o.h.e.t.i.jdbc.JdbcTransaction - committed JDBC Connection
13:23:09.208 [Test worker] DEBUG o.h.e.t.i.jdbc.JdbcTransaction - re-enabling autocommit
13:23:09.208 [Test worker] DEBUG o.h.e.t.spi.AbstractTransactionImpl - committing
13:23:09.208 [Test worker] DEBUG o.h.e.i.AbstractFlushingEventListener - Processing flush-time cascades
13:23:09.209 [Test worker] DEBUG o.h.e.i.AbstractFlushingEventListener - Dirty checking collections
13:23:09.209 [Test worker] DEBUG o.h.engine.internal.Collections - Collection found: [org.project.neutrino.nfvo.catalogue.mano.common.NFVEntityDescriptor.monitoring_parameter#bf66d445-6f47-483b-b6d1-a880fb5fc946], was: [org.project.neutrino.nfvo.catalogue.mano.common.NFVEntityDescriptor.monitoring_parameter#bf66d445-6f47-483b-b6d1-a880fb5fc946] (initialized)
13:23:09.209 [Test worker] DEBUG o.h.engine.internal.Collections - Collection found: [org.project.neutrino.nfvo.catalogue.mano.descriptor.VirtualNetworkFunctionDescriptor.vdu#bf66d445-6f47-483b-b6d1-a880fb5fc946], was: [org.project.neutrino.nfvo.catalogue.mano.descriptor.VirtualNetworkFunctionDescriptor.vdu#bf66d445-6f47-483b-b6d1-a880fb5fc946] (initialized)
13:23:09.209 [Test worker] DEBUG o.h.engine.internal.Collections - Collection dereferenced: [org.project.neutrino.nfvo.catalogue.mano.descriptor.NetworkServiceDescriptor.vnfd#c29ab39c-3392-46f3-89c0-986b93892074]
13:23:09.210 [Test worker] DEBUG o.h.e.i.AbstractFlushingEventListener - Flushed: 0 insertions, 0 updates, 1 deletions to 3 objects
13:23:09.210 [Test worker] DEBUG o.h.e.i.AbstractFlushingEventListener - Flushed: 0 (re)creations, 0 updates, 1 removals to 3 collections
13:23:09.210 [Test worker] DEBUG o.h.internal.util.EntityPrinter - Listing entities:
13:23:09.210 [Test worker] DEBUG o.h.internal.util.EntityPrinter - org.project.neutrino.nfvo.catalogue.mano.descriptor.VirtualDeploymentUnit{id=46af091f-6e9e-402c-b69f-b2c8fdde905a, scale_in_out=0, vdu_constraint=null, computation_requirement=high_requirements, virtual_network_bandwidth_resource=null, lifecycle_event=null, monitoring_parameter=null, high_availability=ACTIVE_ACTIVE, vnfc=null, vm_image=null, virtual_memory_resource_element=null, version=0}
13:23:09.210 [Test worker] DEBUG o.h.internal.util.EntityPrinter - org.project.neutrino.nfvo.catalogue.mano.descriptor.NetworkServiceDescriptor{connection_point=null, vld=null, vendor=9, service_deployment_flavour=null, lifecycle_event=null, nsd_security=null, auto_scale_policy=null, version=null, vnffgd=null, pnfd=null, hb_version=9, vnf_dependency=null, Id=c29ab39c-3392-46f3-89c0-986b93892074, vnfd=[org.project.neutrino.nfvo.catalogue.mano.descriptor.VirtualNetworkFunctionDescriptor#bf66d445-6f47-483b-b6d1-a880fb5fc946], monitoring_parameter=null}
13:23:09.210 [Test worker] DEBUG o.h.internal.util.EntityPrinter - org.project.neutrino.nfvo.catalogue.mano.descriptor.VirtualNetworkFunctionDescriptor{connection_point=null, vld=null, vendor=null, service_deployment_flavour=null, manifest_file_security=null, lifecycle_event=null, auto_scale_policy=null, vdu=[org.project.neutrino.nfvo.catalogue.mano.descriptor.VirtualDeploymentUnit#46af091f-6e9e-402c-b69f-b2c8fdde905a], version=null, vdu_dependency=null, descriptor_version=null, vnffgd=null, virtual_link=null, hb_version=0, deployment_flavour=null, Id=bf66d445-6f47-483b-b6d1-a880fb5fc946, manifest_file=null, monitoring_parameter=[monitor1, monitor2, monitor3]}
13:23:09.211 [Test worker] DEBUG o.h.p.c.AbstractCollectionPersister - Deleting collection: [org.project.neutrino.nfvo.catalogue.mano.descriptor.NetworkServiceDescriptor.vnfd#c29ab39c-3392-46f3-89c0-986b93892074]
13:23:09.211 [Test worker] DEBUG org.hibernate.SQL - delete from network_service_descriptor_vnfd where network_service_descriptor_Id=?
13:23:09.211 [Test worker] DEBUG o.h.p.c.AbstractCollectionPersister - Done deleting collection
13:23:09.211 [Test worker] DEBUG org.hibernate.SQL - delete from network_service_descriptor where id=? and hb_version=?
13:23:09.212 [Test worker] DEBUG o.h.e.t.i.jdbc.JdbcTransaction - committed JDBC Connection
13:23:09.212 [Test worker] DEBUG o.h.e.t.i.jdbc.JdbcTransaction - re-enabling autocommit
13:23:09.212 [Test worker] DEBUG o.s.jdbc.datasource.DataSourceUtils - Resetting read-only flag of JDBC Connection [org.hsqldb.jdbc.JDBCConnection@633cdfec]
13:23:09.212 [Test worker] DEBUG o.s.orm.jpa.JpaTransactionManager - Closing JPA EntityManager [org.hibernate.jpa.internal.EntityManagerImpl@57d6fc09] after transaction
13:23:09.212 [Test worker] DEBUG o.s.o.jpa.EntityManagerFactoryUtils - Closing JPA EntityManager
13:23:09.212 [Test worker] DEBUG o.h.e.j.i.LogicalConnectionImpl - Releasing JDBC connection
13:23:09.213 [Test worker] DEBUG o.h.e.j.i.LogicalConnectionImpl - Released JDBC connection
13:23:09.213 [Test worker] DEBUG o.s.t.annotation.ProfileValueUtils - Retrieved @ProfileValueSourceConfiguration [null] for test class [org.project.neutrino.nfvo.core.test.reositories.RepositoryClassSuiteTest]
13:23:09.213 [Test worker] DEBUG o.s.t.annotation.ProfileValueUtils - Retrieved ProfileValueSource type [class org.springframework.test.annotation.SystemProfileValueSource] for class [org.project.neutrino.nfvo.core.test.reositories.RepositoryClassSuiteTest]
13:23:09.213 [Test worker] DEBUG o.s.t.c.s.DependencyInjectionTestExecutionListener - Performing dependency injection for test context [[DefaultTestContext@b9c7bfc testClass = RepositoryClassSuiteTest, testInstance = org.project.neutrino.nfvo.core.test.reositories.RepositoryClassSuiteTest@28faa17c, testMethod = [null], testException = [null], mergedContextConfiguration = [MergedContextConfiguration@4896ceb3 testClass = RepositoryClassSuiteTest, locations = '{}', classes = '{class org.project.neutrino.nfvo.core.test.ApplicationTest}', contextInitializerClasses = '[]', activeProfiles = '{}', propertySourceLocations = '{}', propertySourceProperties = '{timezone = GMT, port: 4242}', contextLoader = 'org.springframework.test.context.support.DelegatingSmartContextLoader', parent = [null]]]].
13:23:09.213 [Test worker] DEBUG o.s.t.c.DefaultCacheAwareContextLoaderDelegate - Retrieved ApplicationContext from cache with key [[MergedContextConfiguration@4896ceb3 testClass = RepositoryClassSuiteTest, locations = '{}', classes = '{class org.project.neutrino.nfvo.core.test.ApplicationTest}', contextInitializerClasses = '[]', activeProfiles = '{}', propertySourceLocations = '{}', propertySourceProperties = '{timezone = GMT, port: 4242}', contextLoader = 'org.springframework.test.context.support.DelegatingSmartContextLoader', parent = [null]]]
13:23:09.213 [Test worker] DEBUG o.springframework.test.context.cache - Spring test ApplicationContext cache statistics: [ContextCache@5b48f6b8 size = 1, hitCount = 2, missCount = 1, parentContextCount = 0]
13:23:09.213 [Test worker] DEBUG o.s.b.f.annotation.InjectionMetadata - Processing injected element of bean 'org.project.neutrino.nfvo.core.test.reositories.RepositoryClassSuiteTest': AutowiredFieldElement for org.springframework.context.ConfigurableApplicationContext org.project.neutrino.nfvo.core.test.reositories.RepositoryClassSuiteTest.ctx
13:23:09.213 [Test worker] DEBUG o.s.b.f.annotation.InjectionMetadata - Processing injected element of bean 'org.project.neutrino.nfvo.core.test.reositories.RepositoryClassSuiteTest': AutowiredFieldElement for org.project.neutrino.nfvo.core.interfaces.NSDRepository org.project.neutrino.nfvo.core.test.reositories.RepositoryClassSuiteTest.nsdRepository
13:23:09.213 [Test worker] DEBUG o.s.b.f.s.DefaultListableBeanFactory - Returning cached instance of singleton bean 'NSDRepositoryImpl'
13:23:09.215 [Test worker] INFO  o.p.n.n.c.t.r.RepositoryClassSuiteTest - Starting test
13:23:09.215 [Test worker] DEBUG o.s.orm.jpa.JpaTransactionManager - Creating new transaction with name [org.project.neutrino.nfvo.core.repositories.NSDRepositoryImpl.create]: PROPAGATION_REQUIRES_NEW,ISOLATION_DEFAULT; ''
13:23:09.216 [Test worker] DEBUG o.s.orm.jpa.JpaTransactionManager - Opened new EntityManager [org.hibernate.jpa.internal.EntityManagerImpl@5e7fe8e8] for JPA transaction
13:23:09.216 [Test worker] DEBUG o.h.e.t.spi.AbstractTransactionImpl - begin
13:23:09.216 [Test worker] DEBUG o.h.e.j.i.LogicalConnectionImpl - Obtaining JDBC connection
13:23:09.216 [Test worker] DEBUG o.s.j.d.SimpleDriverDataSource - Creating new JDBC Driver Connection to [jdbc:hsqldb:mem:testdb]
13:23:09.216 [Test worker] DEBUG o.h.e.j.i.LogicalConnectionImpl - Obtained JDBC connection
13:23:09.216 [Test worker] DEBUG o.h.e.t.i.jdbc.JdbcTransaction - initial autocommit status: true
13:23:09.216 [Test worker] DEBUG o.h.e.t.i.jdbc.JdbcTransaction - disabling autocommit
13:23:09.216 [Test worker] DEBUG o.s.orm.jpa.JpaTransactionManager - Exposing JPA transaction as JDBC transaction [org.springframework.orm.jpa.vendor.HibernateJpaDialect$HibernateConnectionHandle@1f9407d0]
13:23:09.216 [Test worker] DEBUG o.h.e.t.spi.AbstractTransactionImpl - begin
13:23:09.217 [Test worker] DEBUG o.h.e.t.i.jdbc.JdbcTransaction - initial autocommit status: true
13:23:09.217 [Test worker] DEBUG o.h.e.t.i.jdbc.JdbcTransaction - disabling autocommit
13:23:09.217 [Test worker] DEBUG o.s.o.j.ExtendedEntityManagerCreator$ExtendedEntityManagerInvocationHandler - Starting resource-local transaction on application-managed EntityManager [org.hibernate.jpa.internal.EntityManagerImpl@ac577b]
13:23:09.217 [Test worker] DEBUG o.s.o.j.ExtendedEntityManagerCreator$ExtendedEntityManagerInvocationHandler - Joined local transaction
13:23:09.217 [Test worker] DEBUG o.h.e.i.AbstractSaveEventListener - Generated identifier: a2de0fb6-cebd-4928-9d5b-31995b4993bd, using strategy: org.hibernate.id.Assigned
13:23:09.217 [Test worker] DEBUG o.h.e.i.AbstractSaveEventListener - Generated identifier: 82a20ec2-808e-4432-ba2e-ca7bdac61d9a, using strategy: org.hibernate.id.Assigned
13:23:09.218 [Test worker] DEBUG o.h.e.i.AbstractSaveEventListener - Generated identifier: b1575339-8b27-433a-a65d-30257a13059c, using strategy: org.hibernate.id.Assigned
13:23:09.218 [Test worker] DEBUG o.s.orm.jpa.JpaTransactionManager - Initiating transaction commit
13:23:09.218 [Test worker] DEBUG o.s.orm.jpa.JpaTransactionManager - Committing JPA transaction on EntityManager [org.hibernate.jpa.internal.EntityManagerImpl@5e7fe8e8]
13:23:09.218 [Test worker] DEBUG o.h.e.t.spi.AbstractTransactionImpl - committing
13:23:09.218 [Test worker] DEBUG o.h.e.t.i.jdbc.JdbcTransaction - committed JDBC Connection
13:23:09.218 [Test worker] DEBUG o.h.e.t.i.jdbc.JdbcTransaction - re-enabling autocommit
13:23:09.218 [Test worker] DEBUG o.h.e.t.spi.AbstractTransactionImpl - committing
13:23:09.218 [Test worker] DEBUG o.h.e.i.AbstractFlushingEventListener - Processing flush-time cascades
13:23:09.219 [Test worker] DEBUG o.h.e.i.AbstractFlushingEventListener - Dirty checking collections
13:23:09.219 [Test worker] DEBUG o.h.engine.internal.Collections - Collection found: [org.project.neutrino.nfvo.catalogue.mano.common.NFVEntityDescriptor.monitoring_parameter#bf66d445-6f47-483b-b6d1-a880fb5fc946], was: [org.project.neutrino.nfvo.catalogue.mano.common.NFVEntityDescriptor.monitoring_parameter#bf66d445-6f47-483b-b6d1-a880fb5fc946] (initialized)
13:23:09.219 [Test worker] DEBUG o.h.engine.internal.Collections - Collection found: [org.project.neutrino.nfvo.catalogue.mano.descriptor.VirtualNetworkFunctionDescriptor.vdu#bf66d445-6f47-483b-b6d1-a880fb5fc946], was: [org.project.neutrino.nfvo.catalogue.mano.descriptor.VirtualNetworkFunctionDescriptor.vdu#bf66d445-6f47-483b-b6d1-a880fb5fc946] (initialized)
13:23:09.219 [Test worker] DEBUG o.h.engine.internal.Collections - Collection found: [org.project.neutrino.nfvo.catalogue.mano.descriptor.NetworkServiceDescriptor.vnfd#a2de0fb6-cebd-4928-9d5b-31995b4993bd], was: [<unreferenced>] (initialized)
13:23:09.220 [Test worker] DEBUG o.h.engine.internal.Collections - Collection found: [org.project.neutrino.nfvo.catalogue.mano.common.NFVEntityDescriptor.monitoring_parameter#82a20ec2-808e-4432-ba2e-ca7bdac61d9a], was: [<unreferenced>] (initialized)
13:23:09.220 [Test worker] DEBUG o.h.engine.internal.Collections - Collection found: [org.project.neutrino.nfvo.catalogue.mano.descriptor.VirtualNetworkFunctionDescriptor.vdu#82a20ec2-808e-4432-ba2e-ca7bdac61d9a], was: [<unreferenced>] (initialized)
13:23:09.220 [Test worker] DEBUG o.h.e.i.AbstractFlushingEventListener - Flushed: 3 insertions, 0 updates, 0 deletions to 5 objects
13:23:09.220 [Test worker] DEBUG o.h.e.i.AbstractFlushingEventListener - Flushed: 3 (re)creations, 0 updates, 0 removals to 5 collections
13:23:09.220 [Test worker] DEBUG o.h.internal.util.EntityPrinter - Listing entities:
13:23:09.220 [Test worker] DEBUG o.h.internal.util.EntityPrinter - org.project.neutrino.nfvo.catalogue.mano.descriptor.VirtualDeploymentUnit{id=46af091f-6e9e-402c-b69f-b2c8fdde905a, scale_in_out=0, vdu_constraint=null, computation_requirement=high_requirements, virtual_network_bandwidth_resource=null, lifecycle_event=null, monitoring_parameter=null, high_availability=ACTIVE_ACTIVE, vnfc=null, vm_image=null, virtual_memory_resource_element=null, version=0}
13:23:09.220 [Test worker] DEBUG o.h.internal.util.EntityPrinter - org.project.neutrino.nfvo.catalogue.mano.descriptor.VirtualNetworkFunctionDescriptor{connection_point=null, vld=null, vendor=null, service_deployment_flavour=null, manifest_file_security=null, lifecycle_event=null, auto_scale_policy=null, vdu=[org.project.neutrino.nfvo.catalogue.mano.descriptor.VirtualDeploymentUnit#b1575339-8b27-433a-a65d-30257a13059c], version=null, vdu_dependency=null, descriptor_version=null, vnffgd=null, virtual_link=null, hb_version=0, deployment_flavour=null, Id=82a20ec2-808e-4432-ba2e-ca7bdac61d9a, manifest_file=null, monitoring_parameter=[monitor1, monitor2, monitor3]}
13:23:09.221 [Test worker] DEBUG o.h.internal.util.EntityPrinter - org.project.neutrino.nfvo.catalogue.mano.descriptor.VirtualDeploymentUnit{id=b1575339-8b27-433a-a65d-30257a13059c, scale_in_out=0, vdu_constraint=null, computation_requirement=high_requirements, virtual_network_bandwidth_resource=null, lifecycle_event=null, monitoring_parameter=null, high_availability=ACTIVE_ACTIVE, vnfc=null, vm_image=null, virtual_memory_resource_element=null, version=0}
13:23:09.221 [Test worker] DEBUG o.h.internal.util.EntityPrinter - org.project.neutrino.nfvo.catalogue.mano.descriptor.NetworkServiceDescriptor{connection_point=null, vld=null, vendor=FOKUS, service_deployment_flavour=null, lifecycle_event=null, nsd_security=null, auto_scale_policy=null, version=null, vnffgd=null, pnfd=null, hb_version=0, vnf_dependency=null, Id=a2de0fb6-cebd-4928-9d5b-31995b4993bd, vnfd=[org.project.neutrino.nfvo.catalogue.mano.descriptor.VirtualNetworkFunctionDescriptor#82a20ec2-808e-4432-ba2e-ca7bdac61d9a], monitoring_parameter=null}
13:23:09.221 [Test worker] DEBUG o.h.internal.util.EntityPrinter - org.project.neutrino.nfvo.catalogue.mano.descriptor.VirtualNetworkFunctionDescriptor{connection_point=null, vld=null, vendor=null, service_deployment_flavour=null, manifest_file_security=null, lifecycle_event=null, auto_scale_policy=null, vdu=[org.project.neutrino.nfvo.catalogue.mano.descriptor.VirtualDeploymentUnit#46af091f-6e9e-402c-b69f-b2c8fdde905a], version=null, vdu_dependency=null, descriptor_version=null, vnffgd=null, virtual_link=null, hb_version=0, deployment_flavour=null, Id=bf66d445-6f47-483b-b6d1-a880fb5fc946, manifest_file=null, monitoring_parameter=[monitor1, monitor2, monitor3]}
13:23:09.221 [Test worker] DEBUG org.hibernate.SQL - insert into network_service_descriptor (hb_version, vendor, version, nsd_security_id, id) values (?, ?, ?, ?, ?)
13:23:09.221 [Test worker] DEBUG org.hibernate.SQL - insert into virtual_network_function_descriptor (hb_version, vendor, version, descriptor_version, manifest_file, id) values (?, ?, ?, ?, ?, ?)
13:23:09.223 [Test worker] DEBUG org.hibernate.SQL - insert into virtual_deployment_unit (computation_requirement, high_availability, scale_in_out, vdu_constraint, version, virtual_memory_resource_element, virtual_network_bandwidth_resource, id) values (?, ?, ?, ?, ?, ?, ?, ?)
13:23:09.225 [Test worker] DEBUG o.h.p.c.AbstractCollectionPersister - Inserting collection: [org.project.neutrino.nfvo.catalogue.mano.descriptor.NetworkServiceDescriptor.vnfd#a2de0fb6-cebd-4928-9d5b-31995b4993bd]
13:23:09.225 [Test worker] DEBUG org.hibernate.SQL - insert into network_service_descriptor_vnfd (network_service_descriptor_Id, vnfd_Id) values (?, ?)
13:23:09.226 [Test worker] DEBUG o.h.p.c.AbstractCollectionPersister - Done inserting collection: 1 rows inserted
13:23:09.226 [Test worker] DEBUG o.h.p.c.AbstractCollectionPersister - Inserting collection: [org.project.neutrino.nfvo.catalogue.mano.common.NFVEntityDescriptor.monitoring_parameter#82a20ec2-808e-4432-ba2e-ca7bdac61d9a]
13:23:09.226 [Test worker] DEBUG org.hibernate.SQL - insert into nfventity_descriptor_monitoring_parameter (nfventity_descriptor_Id, monitoring_parameter) values (?, ?)
13:23:09.226 [Test worker] DEBUG org.hibernate.SQL - insert into nfventity_descriptor_monitoring_parameter (nfventity_descriptor_Id, monitoring_parameter) values (?, ?)
13:23:09.227 [Test worker] DEBUG org.hibernate.SQL - insert into nfventity_descriptor_monitoring_parameter (nfventity_descriptor_Id, monitoring_parameter) values (?, ?)
13:23:09.228 [Test worker] DEBUG o.h.p.c.AbstractCollectionPersister - Done inserting collection: 3 rows inserted
13:23:09.228 [Test worker] DEBUG o.h.p.c.AbstractCollectionPersister - Inserting collection: [org.project.neutrino.nfvo.catalogue.mano.descriptor.VirtualNetworkFunctionDescriptor.vdu#82a20ec2-808e-4432-ba2e-ca7bdac61d9a]
13:23:09.228 [Test worker] DEBUG org.hibernate.SQL - insert into virtual_network_function_descriptor_vdu (virtual_network_function_descriptor_Id, vdu_id) values (?, ?)
13:23:09.231 [Test worker] DEBUG o.h.p.c.AbstractCollectionPersister - Done inserting collection: 1 rows inserted
13:23:09.232 [Test worker] DEBUG o.h.e.t.i.jdbc.JdbcTransaction - committed JDBC Connection
13:23:09.233 [Test worker] DEBUG o.h.e.t.i.jdbc.JdbcTransaction - re-enabling autocommit
13:23:09.233 [Test worker] DEBUG o.s.orm.jpa.JpaTransactionManager - Closing JPA EntityManager [org.hibernate.jpa.internal.EntityManagerImpl@5e7fe8e8] after transaction
13:23:09.233 [Test worker] DEBUG o.s.o.jpa.EntityManagerFactoryUtils - Closing JPA EntityManager
13:23:09.233 [Test worker] DEBUG o.h.e.j.i.LogicalConnectionImpl - Releasing JDBC connection
13:23:09.233 [Test worker] DEBUG o.h.e.j.i.LogicalConnectionImpl - Released JDBC connection
13:23:09.234 [Test worker] DEBUG o.s.orm.jpa.JpaTransactionManager - Creating new transaction with name [org.project.neutrino.nfvo.core.repositories.NSDRepositoryImpl.find]: PROPAGATION_REQUIRED,ISOLATION_DEFAULT,readOnly; ''
13:23:09.234 [Test worker] DEBUG o.s.orm.jpa.JpaTransactionManager - Opened new EntityManager [org.hibernate.jpa.internal.EntityManagerImpl@5fce904c] for JPA transaction
13:23:09.234 [Test worker] DEBUG o.h.e.j.i.LogicalConnectionImpl - Obtaining JDBC connection
13:23:09.234 [Test worker] DEBUG o.s.j.d.SimpleDriverDataSource - Creating new JDBC Driver Connection to [jdbc:hsqldb:mem:testdb]
13:23:09.234 [Test worker] DEBUG o.h.e.j.i.LogicalConnectionImpl - Obtained JDBC connection
13:23:09.234 [Test worker] DEBUG o.s.jdbc.datasource.DataSourceUtils - Setting JDBC Connection [org.hsqldb.jdbc.JDBCConnection@72639eb7] read-only
13:23:09.235 [Test worker] DEBUG o.h.e.t.spi.AbstractTransactionImpl - begin
13:23:09.235 [Test worker] DEBUG o.h.e.t.i.jdbc.JdbcTransaction - initial autocommit status: true
13:23:09.235 [Test worker] DEBUG o.h.e.t.i.jdbc.JdbcTransaction - disabling autocommit
13:23:09.235 [Test worker] DEBUG o.s.orm.jpa.JpaTransactionManager - Exposing JPA transaction as JDBC transaction [org.springframework.orm.jpa.vendor.HibernateJpaDialect$HibernateConnectionHandle@6a493b0c]
13:23:09.235 [Test worker] DEBUG o.h.e.t.spi.AbstractTransactionImpl - begin
13:23:09.235 [Test worker] DEBUG o.h.e.t.i.jdbc.JdbcTransaction - initial autocommit status: true
13:23:09.235 [Test worker] DEBUG o.h.e.t.i.jdbc.JdbcTransaction - disabling autocommit
13:23:09.235 [Test worker] DEBUG o.s.o.j.ExtendedEntityManagerCreator$ExtendedEntityManagerInvocationHandler - Starting resource-local transaction on application-managed EntityManager [org.hibernate.jpa.internal.EntityManagerImpl@ac577b]
13:23:09.235 [Test worker] DEBUG o.s.o.j.ExtendedEntityManagerCreator$ExtendedEntityManagerInvocationHandler - Joined local transaction
13:23:09.237 [Test worker] DEBUG o.s.orm.jpa.JpaTransactionManager - Initiating transaction commit
13:23:09.237 [Test worker] DEBUG o.s.orm.jpa.JpaTransactionManager - Committing JPA transaction on EntityManager [org.hibernate.jpa.internal.EntityManagerImpl@5fce904c]
13:23:09.237 [Test worker] DEBUG o.h.e.t.spi.AbstractTransactionImpl - committing
13:23:09.237 [Test worker] DEBUG o.h.e.t.i.jdbc.JdbcTransaction - committed JDBC Connection
13:23:09.237 [Test worker] DEBUG o.h.e.t.i.jdbc.JdbcTransaction - re-enabling autocommit
13:23:09.238 [Test worker] DEBUG o.h.e.t.spi.AbstractTransactionImpl - committing
13:23:09.238 [Test worker] DEBUG o.h.e.i.AbstractFlushingEventListener - Processing flush-time cascades
13:23:09.238 [Test worker] DEBUG o.h.e.i.AbstractFlushingEventListener - Dirty checking collections
13:23:09.239 [Test worker] DEBUG o.h.engine.internal.Collections - Collection found: [org.project.neutrino.nfvo.catalogue.mano.common.NFVEntityDescriptor.monitoring_parameter#bf66d445-6f47-483b-b6d1-a880fb5fc946], was: [org.project.neutrino.nfvo.catalogue.mano.common.NFVEntityDescriptor.monitoring_parameter#bf66d445-6f47-483b-b6d1-a880fb5fc946] (initialized)
13:23:09.239 [Test worker] DEBUG o.h.engine.internal.Collections - Collection found: [org.project.neutrino.nfvo.catalogue.mano.descriptor.VirtualNetworkFunctionDescriptor.vdu#bf66d445-6f47-483b-b6d1-a880fb5fc946], was: [org.project.neutrino.nfvo.catalogue.mano.descriptor.VirtualNetworkFunctionDescriptor.vdu#bf66d445-6f47-483b-b6d1-a880fb5fc946] (initialized)
13:23:09.239 [Test worker] DEBUG o.h.engine.internal.Collections - Collection found: [org.project.neutrino.nfvo.catalogue.mano.descriptor.NetworkServiceDescriptor.vnfd#a2de0fb6-cebd-4928-9d5b-31995b4993bd], was: [org.project.neutrino.nfvo.catalogue.mano.descriptor.NetworkServiceDescriptor.vnfd#a2de0fb6-cebd-4928-9d5b-31995b4993bd] (initialized)
13:23:09.239 [Test worker] DEBUG o.h.engine.internal.Collections - Collection found: [org.project.neutrino.nfvo.catalogue.mano.common.NFVEntityDescriptor.monitoring_parameter#82a20ec2-808e-4432-ba2e-ca7bdac61d9a], was: [org.project.neutrino.nfvo.catalogue.mano.common.NFVEntityDescriptor.monitoring_parameter#82a20ec2-808e-4432-ba2e-ca7bdac61d9a] (initialized)
13:23:09.239 [Test worker] DEBUG o.h.engine.internal.Collections - Collection found: [org.project.neutrino.nfvo.catalogue.mano.descriptor.VirtualNetworkFunctionDescriptor.vdu#82a20ec2-808e-4432-ba2e-ca7bdac61d9a], was: [org.project.neutrino.nfvo.catalogue.mano.descriptor.VirtualNetworkFunctionDescriptor.vdu#82a20ec2-808e-4432-ba2e-ca7bdac61d9a] (initialized)
13:23:09.240 [Test worker] DEBUG o.h.e.i.AbstractFlushingEventListener - Flushed: 0 insertions, 0 updates, 0 deletions to 5 objects
13:23:09.240 [Test worker] DEBUG o.h.e.i.AbstractFlushingEventListener - Flushed: 0 (re)creations, 0 updates, 0 removals to 5 collections
13:23:09.245 [Test worker] DEBUG o.h.internal.util.EntityPrinter - Listing entities:
13:23:09.245 [Test worker] DEBUG o.h.internal.util.EntityPrinter - org.project.neutrino.nfvo.catalogue.mano.descriptor.VirtualDeploymentUnit{id=46af091f-6e9e-402c-b69f-b2c8fdde905a, scale_in_out=0, vdu_constraint=null, computation_requirement=high_requirements, virtual_network_bandwidth_resource=null, lifecycle_event=null, monitoring_parameter=null, high_availability=ACTIVE_ACTIVE, vnfc=null, vm_image=null, virtual_memory_resource_element=null, version=0}
13:23:09.245 [Test worker] DEBUG o.h.internal.util.EntityPrinter - org.project.neutrino.nfvo.catalogue.mano.descriptor.VirtualNetworkFunctionDescriptor{connection_point=null, vld=null, vendor=null, service_deployment_flavour=null, manifest_file_security=null, lifecycle_event=null, auto_scale_policy=null, vdu=[org.project.neutrino.nfvo.catalogue.mano.descriptor.VirtualDeploymentUnit#b1575339-8b27-433a-a65d-30257a13059c], version=null, vdu_dependency=null, descriptor_version=null, vnffgd=null, virtual_link=null, hb_version=0, deployment_flavour=null, Id=82a20ec2-808e-4432-ba2e-ca7bdac61d9a, manifest_file=null, monitoring_parameter=[monitor1, monitor2, monitor3]}
13:23:09.245 [Test worker] DEBUG o.h.internal.util.EntityPrinter - org.project.neutrino.nfvo.catalogue.mano.descriptor.VirtualDeploymentUnit{id=b1575339-8b27-433a-a65d-30257a13059c, scale_in_out=0, vdu_constraint=null, computation_requirement=high_requirements, virtual_network_bandwidth_resource=null, lifecycle_event=null, monitoring_parameter=null, high_availability=ACTIVE_ACTIVE, vnfc=null, vm_image=null, virtual_memory_resource_element=null, version=0}
13:23:09.245 [Test worker] DEBUG o.h.internal.util.EntityPrinter - org.project.neutrino.nfvo.catalogue.mano.descriptor.NetworkServiceDescriptor{connection_point=null, vld=null, vendor=FOKUS, service_deployment_flavour=null, lifecycle_event=null, nsd_security=null, auto_scale_policy=null, version=null, vnffgd=null, pnfd=null, hb_version=0, vnf_dependency=null, Id=a2de0fb6-cebd-4928-9d5b-31995b4993bd, vnfd=[org.project.neutrino.nfvo.catalogue.mano.descriptor.VirtualNetworkFunctionDescriptor#82a20ec2-808e-4432-ba2e-ca7bdac61d9a], monitoring_parameter=null}
13:23:09.245 [Test worker] DEBUG o.h.internal.util.EntityPrinter - org.project.neutrino.nfvo.catalogue.mano.descriptor.VirtualNetworkFunctionDescriptor{connection_point=null, vld=null, vendor=null, service_deployment_flavour=null, manifest_file_security=null, lifecycle_event=null, auto_scale_policy=null, vdu=[org.project.neutrino.nfvo.catalogue.mano.descriptor.VirtualDeploymentUnit#46af091f-6e9e-402c-b69f-b2c8fdde905a], version=null, vdu_dependency=null, descriptor_version=null, vnffgd=null, virtual_link=null, hb_version=0, deployment_flavour=null, Id=bf66d445-6f47-483b-b6d1-a880fb5fc946, manifest_file=null, monitoring_parameter=[monitor1, monitor2, monitor3]}
13:23:09.245 [Test worker] DEBUG o.h.e.t.i.jdbc.JdbcTransaction - committed JDBC Connection
13:23:09.245 [Test worker] DEBUG o.h.e.t.i.jdbc.JdbcTransaction - re-enabling autocommit
13:23:09.245 [Test worker] DEBUG o.s.jdbc.datasource.DataSourceUtils - Resetting read-only flag of JDBC Connection [org.hsqldb.jdbc.JDBCConnection@72639eb7]
13:23:09.246 [Test worker] DEBUG o.s.orm.jpa.JpaTransactionManager - Closing JPA EntityManager [org.hibernate.jpa.internal.EntityManagerImpl@5fce904c] after transaction
13:23:09.246 [Test worker] DEBUG o.s.o.jpa.EntityManagerFactoryUtils - Closing JPA EntityManager
13:23:09.246 [Test worker] DEBUG o.h.e.j.i.LogicalConnectionImpl - Releasing JDBC connection
13:23:09.246 [Test worker] DEBUG o.h.e.j.i.LogicalConnectionImpl - Released JDBC connection
13:23:09.249 [Test worker] DEBUG o.s.orm.jpa.JpaTransactionManager - Creating new transaction with name [org.project.neutrino.nfvo.core.repositories.NSDRepositoryImpl.delete]: PROPAGATION_REQUIRED,ISOLATION_DEFAULT,readOnly; ''
13:23:09.249 [Test worker] DEBUG o.s.orm.jpa.JpaTransactionManager - Opened new EntityManager [org.hibernate.jpa.internal.EntityManagerImpl@1ed21b4f] for JPA transaction
13:23:09.249 [Test worker] DEBUG o.h.e.j.i.LogicalConnectionImpl - Obtaining JDBC connection
13:23:09.249 [Test worker] DEBUG o.s.j.d.SimpleDriverDataSource - Creating new JDBC Driver Connection to [jdbc:hsqldb:mem:testdb]
13:23:09.250 [Test worker] DEBUG o.h.e.j.i.LogicalConnectionImpl - Obtained JDBC connection
13:23:09.251 [Test worker] DEBUG o.s.jdbc.datasource.DataSourceUtils - Setting JDBC Connection [org.hsqldb.jdbc.JDBCConnection@73feef57] read-only
13:23:09.251 [Test worker] DEBUG o.h.e.t.spi.AbstractTransactionImpl - begin
13:23:09.251 [Test worker] DEBUG o.h.e.t.i.jdbc.JdbcTransaction - initial autocommit status: true
13:23:09.251 [Test worker] DEBUG o.h.e.t.i.jdbc.JdbcTransaction - disabling autocommit
13:23:09.251 [Test worker] DEBUG o.s.orm.jpa.JpaTransactionManager - Exposing JPA transaction as JDBC transaction [org.springframework.orm.jpa.vendor.HibernateJpaDialect$HibernateConnectionHandle@6613743f]
13:23:09.252 [Test worker] DEBUG o.h.e.t.spi.AbstractTransactionImpl - begin
13:23:09.252 [Test worker] DEBUG o.h.e.t.i.jdbc.JdbcTransaction - initial autocommit status: true
13:23:09.252 [Test worker] DEBUG o.h.e.t.i.jdbc.JdbcTransaction - disabling autocommit
13:23:09.252 [Test worker] DEBUG o.s.o.j.ExtendedEntityManagerCreator$ExtendedEntityManagerInvocationHandler - Starting resource-local transaction on application-managed EntityManager [org.hibernate.jpa.internal.EntityManagerImpl@ac577b]
13:23:09.252 [Test worker] DEBUG o.s.o.j.ExtendedEntityManagerCreator$ExtendedEntityManagerInvocationHandler - Joined local transaction
13:23:09.252 [Test worker] DEBUG o.s.orm.jpa.JpaTransactionManager - Initiating transaction commit
13:23:09.252 [Test worker] DEBUG o.s.orm.jpa.JpaTransactionManager - Committing JPA transaction on EntityManager [org.hibernate.jpa.internal.EntityManagerImpl@1ed21b4f]
13:23:09.252 [Test worker] DEBUG o.h.e.t.spi.AbstractTransactionImpl - committing
13:23:09.252 [Test worker] DEBUG o.h.e.t.i.jdbc.JdbcTransaction - committed JDBC Connection
13:23:09.252 [Test worker] DEBUG o.h.e.t.i.jdbc.JdbcTransaction - re-enabling autocommit
13:23:09.252 [Test worker] DEBUG o.h.e.t.spi.AbstractTransactionImpl - committing
13:23:09.252 [Test worker] DEBUG o.h.e.i.AbstractFlushingEventListener - Processing flush-time cascades
13:23:09.253 [Test worker] DEBUG o.h.e.i.AbstractFlushingEventListener - Dirty checking collections
13:23:09.254 [Test worker] DEBUG o.h.engine.internal.Collections - Collection found: [org.project.neutrino.nfvo.catalogue.mano.common.NFVEntityDescriptor.monitoring_parameter#bf66d445-6f47-483b-b6d1-a880fb5fc946], was: [org.project.neutrino.nfvo.catalogue.mano.common.NFVEntityDescriptor.monitoring_parameter#bf66d445-6f47-483b-b6d1-a880fb5fc946] (initialized)
13:23:09.254 [Test worker] DEBUG o.h.engine.internal.Collections - Collection found: [org.project.neutrino.nfvo.catalogue.mano.descriptor.VirtualNetworkFunctionDescriptor.vdu#bf66d445-6f47-483b-b6d1-a880fb5fc946], was: [org.project.neutrino.nfvo.catalogue.mano.descriptor.VirtualNetworkFunctionDescriptor.vdu#bf66d445-6f47-483b-b6d1-a880fb5fc946] (initialized)
13:23:09.255 [Test worker] DEBUG o.h.engine.internal.Collections - Collection found: [org.project.neutrino.nfvo.catalogue.mano.common.NFVEntityDescriptor.monitoring_parameter#82a20ec2-808e-4432-ba2e-ca7bdac61d9a], was: [org.project.neutrino.nfvo.catalogue.mano.common.NFVEntityDescriptor.monitoring_parameter#82a20ec2-808e-4432-ba2e-ca7bdac61d9a] (initialized)
13:23:09.258 [Test worker] DEBUG o.h.engine.internal.Collections - Collection found: [org.project.neutrino.nfvo.catalogue.mano.descriptor.VirtualNetworkFunctionDescriptor.vdu#82a20ec2-808e-4432-ba2e-ca7bdac61d9a], was: [org.project.neutrino.nfvo.catalogue.mano.descriptor.VirtualNetworkFunctionDescriptor.vdu#82a20ec2-808e-4432-ba2e-ca7bdac61d9a] (initialized)
13:23:09.259 [Test worker] DEBUG o.h.engine.internal.Collections - Collection dereferenced: [org.project.neutrino.nfvo.catalogue.mano.descriptor.NetworkServiceDescriptor.vnfd#a2de0fb6-cebd-4928-9d5b-31995b4993bd]
13:23:09.259 [Test worker] DEBUG o.h.e.i.AbstractFlushingEventListener - Flushed: 0 insertions, 0 updates, 1 deletions to 5 objects
13:23:09.259 [Test worker] DEBUG o.h.e.i.AbstractFlushingEventListener - Flushed: 0 (re)creations, 0 updates, 1 removals to 5 collections
13:23:09.259 [Test worker] DEBUG o.h.internal.util.EntityPrinter - Listing entities:
13:23:09.259 [Test worker] DEBUG o.h.internal.util.EntityPrinter - org.project.neutrino.nfvo.catalogue.mano.descriptor.VirtualDeploymentUnit{id=46af091f-6e9e-402c-b69f-b2c8fdde905a, scale_in_out=0, vdu_constraint=null, computation_requirement=high_requirements, virtual_network_bandwidth_resource=null, lifecycle_event=null, monitoring_parameter=null, high_availability=ACTIVE_ACTIVE, vnfc=null, vm_image=null, virtual_memory_resource_element=null, version=0}
13:23:09.260 [Test worker] DEBUG o.h.internal.util.EntityPrinter - org.project.neutrino.nfvo.catalogue.mano.descriptor.VirtualNetworkFunctionDescriptor{connection_point=null, vld=null, vendor=null, service_deployment_flavour=null, manifest_file_security=null, lifecycle_event=null, auto_scale_policy=null, vdu=[org.project.neutrino.nfvo.catalogue.mano.descriptor.VirtualDeploymentUnit#b1575339-8b27-433a-a65d-30257a13059c], version=null, vdu_dependency=null, descriptor_version=null, vnffgd=null, virtual_link=null, hb_version=0, deployment_flavour=null, Id=82a20ec2-808e-4432-ba2e-ca7bdac61d9a, manifest_file=null, monitoring_parameter=[monitor1, monitor2, monitor3]}
13:23:09.260 [Test worker] DEBUG o.h.internal.util.EntityPrinter - org.project.neutrino.nfvo.catalogue.mano.descriptor.VirtualDeploymentUnit{id=b1575339-8b27-433a-a65d-30257a13059c, scale_in_out=0, vdu_constraint=null, computation_requirement=high_requirements, virtual_network_bandwidth_resource=null, lifecycle_event=null, monitoring_parameter=null, high_availability=ACTIVE_ACTIVE, vnfc=null, vm_image=null, virtual_memory_resource_element=null, version=0}
13:23:09.260 [Test worker] DEBUG o.h.internal.util.EntityPrinter - org.project.neutrino.nfvo.catalogue.mano.descriptor.NetworkServiceDescriptor{connection_point=null, vld=null, vendor=FOKUS, service_deployment_flavour=null, lifecycle_event=null, nsd_security=null, auto_scale_policy=null, version=null, vnffgd=null, pnfd=null, hb_version=0, vnf_dependency=null, Id=a2de0fb6-cebd-4928-9d5b-31995b4993bd, vnfd=[org.project.neutrino.nfvo.catalogue.mano.descriptor.VirtualNetworkFunctionDescriptor#82a20ec2-808e-4432-ba2e-ca7bdac61d9a], monitoring_parameter=null}
13:23:09.260 [Test worker] DEBUG o.h.internal.util.EntityPrinter - org.project.neutrino.nfvo.catalogue.mano.descriptor.VirtualNetworkFunctionDescriptor{connection_point=null, vld=null, vendor=null, service_deployment_flavour=null, manifest_file_security=null, lifecycle_event=null, auto_scale_policy=null, vdu=[org.project.neutrino.nfvo.catalogue.mano.descriptor.VirtualDeploymentUnit#46af091f-6e9e-402c-b69f-b2c8fdde905a], version=null, vdu_dependency=null, descriptor_version=null, vnffgd=null, virtual_link=null, hb_version=0, deployment_flavour=null, Id=bf66d445-6f47-483b-b6d1-a880fb5fc946, manifest_file=null, monitoring_parameter=[monitor1, monitor2, monitor3]}
13:23:09.260 [Test worker] DEBUG o.h.p.c.AbstractCollectionPersister - Deleting collection: [org.project.neutrino.nfvo.catalogue.mano.descriptor.NetworkServiceDescriptor.vnfd#a2de0fb6-cebd-4928-9d5b-31995b4993bd]
13:23:09.260 [Test worker] DEBUG org.hibernate.SQL - delete from network_service_descriptor_vnfd where network_service_descriptor_Id=?
13:23:09.261 [Test worker] DEBUG o.h.p.c.AbstractCollectionPersister - Done deleting collection
13:23:09.261 [Test worker] DEBUG org.hibernate.SQL - delete from network_service_descriptor where id=? and hb_version=?
13:23:09.261 [Test worker] DEBUG o.h.e.t.i.jdbc.JdbcTransaction - committed JDBC Connection
13:23:09.261 [Test worker] DEBUG o.h.e.t.i.jdbc.JdbcTransaction - re-enabling autocommit
13:23:09.262 [Test worker] DEBUG o.s.jdbc.datasource.DataSourceUtils - Resetting read-only flag of JDBC Connection [org.hsqldb.jdbc.JDBCConnection@73feef57]
13:23:09.262 [Test worker] DEBUG o.s.orm.jpa.JpaTransactionManager - Closing JPA EntityManager [org.hibernate.jpa.internal.EntityManagerImpl@1ed21b4f] after transaction
13:23:09.262 [Test worker] DEBUG o.s.o.jpa.EntityManagerFactoryUtils - Closing JPA EntityManager
13:23:09.262 [Test worker] DEBUG o.h.e.j.i.LogicalConnectionImpl - Releasing JDBC connection
13:23:09.262 [Test worker] DEBUG o.h.e.j.i.LogicalConnectionImpl - Released JDBC connection
13:23:09.262 [Test worker] DEBUG o.s.orm.jpa.JpaTransactionManager - Creating new transaction with name [org.project.neutrino.nfvo.core.repositories.NSDRepositoryImpl.find]: PROPAGATION_REQUIRED,ISOLATION_DEFAULT,readOnly; ''
13:23:09.262 [Test worker] DEBUG o.s.orm.jpa.JpaTransactionManager - Opened new EntityManager [org.hibernate.jpa.internal.EntityManagerImpl@4043008] for JPA transaction
13:23:09.262 [Test worker] DEBUG o.h.e.j.i.LogicalConnectionImpl - Obtaining JDBC connection
13:23:09.262 [Test worker] DEBUG o.s.j.d.SimpleDriverDataSource - Creating new JDBC Driver Connection to [jdbc:hsqldb:mem:testdb]
13:23:09.263 [Test worker] DEBUG o.h.e.j.i.LogicalConnectionImpl - Obtained JDBC connection
13:23:09.263 [Test worker] DEBUG o.s.jdbc.datasource.DataSourceUtils - Setting JDBC Connection [org.hsqldb.jdbc.JDBCConnection@2eed5f47] read-only
13:23:09.263 [Test worker] DEBUG o.h.e.t.spi.AbstractTransactionImpl - begin
13:23:09.263 [Test worker] DEBUG o.h.e.t.i.jdbc.JdbcTransaction - initial autocommit status: true
13:23:09.263 [Test worker] DEBUG o.h.e.t.i.jdbc.JdbcTransaction - disabling autocommit
13:23:09.263 [Test worker] DEBUG o.s.orm.jpa.JpaTransactionManager - Exposing JPA transaction as JDBC transaction [org.springframework.orm.jpa.vendor.HibernateJpaDialect$HibernateConnectionHandle@620a4662]
13:23:09.263 [Test worker] DEBUG o.h.e.t.spi.AbstractTransactionImpl - begin
13:23:09.263 [Test worker] DEBUG o.h.e.t.i.jdbc.JdbcTransaction - initial autocommit status: true
13:23:09.263 [Test worker] DEBUG o.h.e.t.i.jdbc.JdbcTransaction - disabling autocommit
13:23:09.263 [Test worker] DEBUG o.s.o.j.ExtendedEntityManagerCreator$ExtendedEntityManagerInvocationHandler - Starting resource-local transaction on application-managed EntityManager [org.hibernate.jpa.internal.EntityManagerImpl@ac577b]
13:23:09.263 [Test worker] DEBUG o.s.o.j.ExtendedEntityManagerCreator$ExtendedEntityManagerInvocationHandler - Joined local transaction
13:23:09.263 [Test worker] DEBUG org.hibernate.SQL - select networkser0_.id as id1_27_0_, networkser0_.hb_version as hb_versi2_27_0_, networkser0_.vendor as vendor3_27_0_, networkser0_.version as version4_27_0_, networkser0_.nsd_security_id as nsd_secu1_14_0_, monitoring1_.nfventity_descriptor_Id as nfventit1_27_1_, monitoring1_.monitoring_parameter as monitori2_31_1_, security2_.id as id1_43_2_, security2_.version as version2_43_2_, vnf_depend3_.network_service_descriptor_Id as network_1_27_3_, vnfdepende4_.id as vnf_depe2_16_3_, vnfdepende4_.id as id1_86_4_, vnfdepende4_.source_Id as source_I3_86_4_, vnfdepende4_.target_Id as target_I4_86_4_, vnfdepende4_.version as version2_86_4_, virtualnet5_.id as id1_27_5_, virtualnet5_.hb_version as hb_versi2_27_5_, virtualnet5_.vendor as vendor3_27_5_, virtualnet5_.version as version4_27_5_, virtualnet5_.descriptor_version as descript1_62_5_, virtualnet5_.manifest_file as manifest2_62_5_, virtualnet6_.id as id1_27_6_, virtualnet6_.hb_version as hb_versi2_27_6_, virtualnet6_.vendor as vendor3_27_6_, virtualnet6_.version as version4_27_6_, virtualnet6_.descriptor_version as descript1_62_6_, virtualnet6_.manifest_file as manifest2_62_6_, vnfd7_.network_service_descriptor_Id as network_1_27_7_, virtualnet8_.id as vnfd_Id2_17_7_, virtualnet8_.id as id1_27_8_, virtualnet8_.hb_version as hb_versi2_27_8_, virtualnet8_.vendor as vendor3_27_8_, virtualnet8_.version as version4_27_8_, virtualnet8_.descriptor_version as descript1_62_8_, virtualnet8_.manifest_file as manifest2_62_8_, deployment9_.virtual_network_function_descriptor_Id as virtual_1_27_9_, vnfddeploy10_.id as deployme2_63_9_, vnfddeploy10_.id as id1_7_10_, vnfddeploy10_.flavour_key as flavour_2_7_10_, vnfddeploy10_.version as version3_7_10_ from network_service_descriptor networkser0_ left outer join nfventity_descriptor_monitoring_parameter monitoring1_ on networkser0_.id=monitoring1_.nfventity_descriptor_Id left outer join security security2_ on networkser0_.nsd_security_id=security2_.id left outer join network_service_descriptor_vnf_dependency vnf_depend3_ on networkser0_.id=vnf_depend3_.network_service_descriptor_Id left outer join vnfdependency vnfdepende4_ on vnf_depend3_.vnf_dependency_id=vnfdepende4_.id left outer join virtual_network_function_descriptor virtualnet5_ on vnfdepende4_.source_Id=virtualnet5_.id left outer join virtual_network_function_descriptor virtualnet6_ on vnfdepende4_.target_Id=virtualnet6_.id left outer join network_service_descriptor_vnfd vnfd7_ on networkser0_.id=vnfd7_.network_service_descriptor_Id left outer join virtual_network_function_descriptor virtualnet8_ on vnfd7_.vnfd_Id=virtualnet8_.id left outer join virtual_network_function_descriptor_deployment_flavour deployment9_ on virtualnet8_.id=deployment9_.virtual_network_function_descriptor_Id left outer join vnfddeployment_flavour vnfddeploy10_ on deployment9_.deployment_flavour_id=vnfddeploy10_.id where networkser0_.id=?
13:23:09.270 [Test worker] DEBUG o.h.e.l.i.CollectionLoadContext - No collections were found in result set for role: org.project.neutrino.nfvo.catalogue.mano.common.NFVEntityDescriptor.monitoring_parameter
13:23:09.270 [Test worker] DEBUG o.h.e.l.i.CollectionLoadContext - No collections were found in result set for role: org.project.neutrino.nfvo.catalogue.mano.descriptor.NetworkServiceDescriptor.vnf_dependency
13:23:09.270 [Test worker] DEBUG o.h.e.l.i.CollectionLoadContext - No collections were found in result set for role: org.project.neutrino.nfvo.catalogue.mano.descriptor.VirtualNetworkFunctionDescriptor.deployment_flavour
13:23:09.270 [Test worker] DEBUG o.h.e.l.i.CollectionLoadContext - No collections were found in result set for role: org.project.neutrino.nfvo.catalogue.mano.descriptor.NetworkServiceDescriptor.vnfd
13:23:09.270 [Test worker] DEBUG o.h.l.e.p.AbstractLoadPlanBasedEntityLoader - Done entity load : org.project.neutrino.nfvo.catalogue.mano.descriptor.NetworkServiceDescriptor#a2de0fb6-cebd-4928-9d5b-31995b4993bd
13:23:09.271 [Test worker] DEBUG o.s.orm.jpa.JpaTransactionManager - Initiating transaction commit
13:23:09.271 [Test worker] DEBUG o.s.orm.jpa.JpaTransactionManager - Committing JPA transaction on EntityManager [org.hibernate.jpa.internal.EntityManagerImpl@4043008]
13:23:09.271 [Test worker] DEBUG o.h.e.t.spi.AbstractTransactionImpl - committing
13:23:09.271 [Test worker] DEBUG o.h.e.t.i.jdbc.JdbcTransaction - committed JDBC Connection
13:23:09.271 [Test worker] DEBUG o.h.e.t.i.jdbc.JdbcTransaction - re-enabling autocommit
13:23:09.271 [Test worker] DEBUG o.h.e.t.spi.AbstractTransactionImpl - committing
13:23:09.271 [Test worker] DEBUG o.h.e.i.AbstractFlushingEventListener - Processing flush-time cascades
13:23:09.271 [Test worker] DEBUG o.h.e.i.AbstractFlushingEventListener - Dirty checking collections
13:23:09.271 [Test worker] DEBUG o.h.engine.internal.Collections - Collection found: [org.project.neutrino.nfvo.catalogue.mano.common.NFVEntityDescriptor.monitoring_parameter#bf66d445-6f47-483b-b6d1-a880fb5fc946], was: [org.project.neutrino.nfvo.catalogue.mano.common.NFVEntityDescriptor.monitoring_parameter#bf66d445-6f47-483b-b6d1-a880fb5fc946] (initialized)
13:23:09.271 [Test worker] DEBUG o.h.engine.internal.Collections - Collection found: [org.project.neutrino.nfvo.catalogue.mano.descriptor.VirtualNetworkFunctionDescriptor.vdu#bf66d445-6f47-483b-b6d1-a880fb5fc946], was: [org.project.neutrino.nfvo.catalogue.mano.descriptor.VirtualNetworkFunctionDescriptor.vdu#bf66d445-6f47-483b-b6d1-a880fb5fc946] (initialized)
13:23:09.272 [Test worker] DEBUG o.h.engine.internal.Collections - Collection found: [org.project.neutrino.nfvo.catalogue.mano.common.NFVEntityDescriptor.monitoring_parameter#82a20ec2-808e-4432-ba2e-ca7bdac61d9a], was: [org.project.neutrino.nfvo.catalogue.mano.common.NFVEntityDescriptor.monitoring_parameter#82a20ec2-808e-4432-ba2e-ca7bdac61d9a] (initialized)
13:23:09.272 [Test worker] DEBUG o.h.engine.internal.Collections - Collection found: [org.project.neutrino.nfvo.catalogue.mano.descriptor.VirtualNetworkFunctionDescriptor.vdu#82a20ec2-808e-4432-ba2e-ca7bdac61d9a], was: [org.project.neutrino.nfvo.catalogue.mano.descriptor.VirtualNetworkFunctionDescriptor.vdu#82a20ec2-808e-4432-ba2e-ca7bdac61d9a] (initialized)
13:23:09.272 [Test worker] DEBUG o.h.e.i.AbstractFlushingEventListener - Flushed: 0 insertions, 0 updates, 0 deletions to 4 objects
13:23:09.272 [Test worker] DEBUG o.h.e.i.AbstractFlushingEventListener - Flushed: 0 (re)creations, 0 updates, 0 removals to 4 collections
13:23:09.272 [Test worker] DEBUG o.h.internal.util.EntityPrinter - Listing entities:
13:23:09.272 [Test worker] DEBUG o.h.internal.util.EntityPrinter - org.project.neutrino.nfvo.catalogue.mano.descriptor.VirtualDeploymentUnit{id=46af091f-6e9e-402c-b69f-b2c8fdde905a, scale_in_out=0, vdu_constraint=null, computation_requirement=high_requirements, virtual_network_bandwidth_resource=null, lifecycle_event=null, monitoring_parameter=null, high_availability=ACTIVE_ACTIVE, vnfc=null, vm_image=null, virtual_memory_resource_element=null, version=0}
13:23:09.273 [Test worker] DEBUG o.h.internal.util.EntityPrinter - org.project.neutrino.nfvo.catalogue.mano.descriptor.VirtualNetworkFunctionDescriptor{connection_point=null, vld=null, vendor=null, service_deployment_flavour=null, manifest_file_security=null, lifecycle_event=null, auto_scale_policy=null, vdu=[org.project.neutrino.nfvo.catalogue.mano.descriptor.VirtualDeploymentUnit#b1575339-8b27-433a-a65d-30257a13059c], version=null, vdu_dependency=null, descriptor_version=null, vnffgd=null, virtual_link=null, hb_version=0, deployment_flavour=null, Id=82a20ec2-808e-4432-ba2e-ca7bdac61d9a, manifest_file=null, monitoring_parameter=[monitor1, monitor2, monitor3]}
13:23:09.273 [Test worker] DEBUG o.h.internal.util.EntityPrinter - org.project.neutrino.nfvo.catalogue.mano.descriptor.VirtualDeploymentUnit{id=b1575339-8b27-433a-a65d-30257a13059c, scale_in_out=0, vdu_constraint=null, computation_requirement=high_requirements, virtual_network_bandwidth_resource=null, lifecycle_event=null, monitoring_parameter=null, high_availability=ACTIVE_ACTIVE, vnfc=null, vm_image=null, virtual_memory_resource_element=null, version=0}
13:23:09.273 [Test worker] DEBUG o.h.internal.util.EntityPrinter - org.project.neutrino.nfvo.catalogue.mano.descriptor.VirtualNetworkFunctionDescriptor{connection_point=null, vld=null, vendor=null, service_deployment_flavour=null, manifest_file_security=null, lifecycle_event=null, auto_scale_policy=null, vdu=[org.project.neutrino.nfvo.catalogue.mano.descriptor.VirtualDeploymentUnit#46af091f-6e9e-402c-b69f-b2c8fdde905a], version=null, vdu_dependency=null, descriptor_version=null, vnffgd=null, virtual_link=null, hb_version=0, deployment_flavour=null, Id=bf66d445-6f47-483b-b6d1-a880fb5fc946, manifest_file=null, monitoring_parameter=[monitor1, monitor2, monitor3]}
13:23:09.273 [Test worker] DEBUG o.h.e.t.i.jdbc.JdbcTransaction - committed JDBC Connection
13:23:09.273 [Test worker] DEBUG o.h.e.t.i.jdbc.JdbcTransaction - re-enabling autocommit
13:23:09.274 [Test worker] DEBUG o.s.jdbc.datasource.DataSourceUtils - Resetting read-only flag of JDBC Connection [org.hsqldb.jdbc.JDBCConnection@2eed5f47]
13:23:09.274 [Test worker] DEBUG o.s.orm.jpa.JpaTransactionManager - Closing JPA EntityManager [org.hibernate.jpa.internal.EntityManagerImpl@4043008] after transaction
13:23:09.274 [Test worker] DEBUG o.s.o.jpa.EntityManagerFactoryUtils - Closing JPA EntityManager
13:23:09.274 [Test worker] DEBUG o.h.e.j.i.LogicalConnectionImpl - Releasing JDBC connection
13:23:09.274 [Test worker] DEBUG o.h.e.j.i.LogicalConnectionImpl - Released JDBC connection
]]></system-out>
  <system-err><![CDATA[]]></system-err>
</testsuite>
