<?xml version="1.0" encoding="UTF-8"?>
<testsuite name="org.project.neutrino.nfvo.repositories.tests.RepositoriesClassSuiteTest" tests="3" skipped="0" failures="0" errors="0" timestamp="2015-05-06T12:11:17" hostname="i5dhcp195.fokus.fraunhofer.de" time="0.23">
  <properties/>
  <testcase name="repositoryNotNullTest" classname="org.project.neutrino.nfvo.repositories.tests.RepositoriesClassSuiteTest" time="0.001"/>
  <testcase name="createEntityTest" classname="org.project.neutrino.nfvo.repositories.tests.RepositoriesClassSuiteTest" time="0.061"/>
  <testcase name="findEntityTest" classname="org.project.neutrino.nfvo.repositories.tests.RepositoriesClassSuiteTest" time="0.165"/>
  <system-out><![CDATA[14:11:11.758 [Test worker] DEBUG o.s.t.c.j.SpringJUnit4ClassRunner - SpringJUnit4ClassRunner constructor called with [class org.project.neutrino.nfvo.repositories.tests.RepositoriesClassSuiteTest].
14:11:11.772 [Test worker] DEBUG o.s.test.context.BootstrapUtils - Instantiating TestContextBootstrapper from class [org.springframework.test.context.support.DefaultTestContextBootstrapper]
14:11:11.793 [Test worker] DEBUG o.s.t.c.s.AbstractDelegatingSmartContextLoader - Delegating to AnnotationConfigContextLoader to process context configuration [ContextConfigurationAttributes@697f6f8e declaringClass = 'org.project.neutrino.nfvo.repositories.tests.RepositoriesClassSuiteTest', classes = '{class org.project.neutrino.nfvo.repositories.tests.ApplicationTest}', locations = '{}', inheritLocations = true, initializers = '{}', inheritInitializers = true, name = [null], contextLoaderClass = 'org.springframework.test.context.ContextLoader'].
14:11:11.795 [Test worker] DEBUG o.s.t.c.support.ActiveProfilesUtils - Could not find an 'annotation declaring class' for annotation type [org.springframework.test.context.ActiveProfiles] and class [org.project.neutrino.nfvo.repositories.tests.RepositoriesClassSuiteTest]
14:11:11.802 [Test worker] INFO  o.s.t.c.s.DefaultTestContextBootstrapper - Using TestExecutionListeners: [org.springframework.test.context.support.DependencyInjectionTestExecutionListener@330b7338]
14:11:11.805 [Test worker] DEBUG o.s.t.annotation.ProfileValueUtils - Retrieved @ProfileValueSourceConfiguration [null] for test class [org.project.neutrino.nfvo.repositories.tests.RepositoriesClassSuiteTest]
14:11:11.805 [Test worker] DEBUG o.s.t.annotation.ProfileValueUtils - Retrieved ProfileValueSource type [class org.springframework.test.annotation.SystemProfileValueSource] for class [org.project.neutrino.nfvo.repositories.tests.RepositoriesClassSuiteTest]
14:11:11.807 [Test worker] DEBUG o.s.t.annotation.ProfileValueUtils - Retrieved @ProfileValueSourceConfiguration [null] for test class [org.project.neutrino.nfvo.repositories.tests.RepositoriesClassSuiteTest]
14:11:11.807 [Test worker] DEBUG o.s.t.annotation.ProfileValueUtils - Retrieved ProfileValueSource type [class org.springframework.test.annotation.SystemProfileValueSource] for class [org.project.neutrino.nfvo.repositories.tests.RepositoriesClassSuiteTest]
14:11:11.808 [Test worker] DEBUG o.s.t.annotation.ProfileValueUtils - Retrieved @ProfileValueSourceConfiguration [null] for test class [org.project.neutrino.nfvo.repositories.tests.RepositoriesClassSuiteTest]
14:11:11.808 [Test worker] DEBUG o.s.t.annotation.ProfileValueUtils - Retrieved ProfileValueSource type [class org.springframework.test.annotation.SystemProfileValueSource] for class [org.project.neutrino.nfvo.repositories.tests.RepositoriesClassSuiteTest]
14:11:11.811 [Test worker] DEBUG o.s.t.annotation.ProfileValueUtils - Retrieved @ProfileValueSourceConfiguration [null] for test class [org.project.neutrino.nfvo.repositories.tests.RepositoriesClassSuiteTest]
14:11:11.812 [Test worker] DEBUG o.s.t.annotation.ProfileValueUtils - Retrieved ProfileValueSource type [class org.springframework.test.annotation.SystemProfileValueSource] for class [org.project.neutrino.nfvo.repositories.tests.RepositoriesClassSuiteTest]
14:11:11.813 [Test worker] DEBUG o.s.t.c.s.DependencyInjectionTestExecutionListener - Performing dependency injection for test context [[DefaultTestContext@267f59c7 testClass = RepositoriesClassSuiteTest, testInstance = org.project.neutrino.nfvo.repositories.tests.RepositoriesClassSuiteTest@72df2b8f, testMethod = [null], testException = [null], mergedContextConfiguration = [MergedContextConfiguration@19a4f434 testClass = RepositoriesClassSuiteTest, locations = '{}', classes = '{class org.project.neutrino.nfvo.repositories.tests.ApplicationTest}', contextInitializerClasses = '[]', activeProfiles = '{}', propertySourceLocations = '{}', propertySourceProperties = '{timezone = GMT, port: 4242}', contextLoader = 'org.springframework.test.context.support.DelegatingSmartContextLoader', parent = [null]]]].
14:11:11.813 [Test worker] DEBUG o.s.t.c.s.AbstractDelegatingSmartContextLoader - Delegating to AnnotationConfigContextLoader to load context from [MergedContextConfiguration@19a4f434 testClass = RepositoriesClassSuiteTest, locations = '{}', classes = '{class org.project.neutrino.nfvo.repositories.tests.ApplicationTest}', contextInitializerClasses = '[]', activeProfiles = '{}', propertySourceLocations = '{}', propertySourceProperties = '{timezone = GMT, port: 4242}', contextLoader = 'org.springframework.test.context.support.DelegatingSmartContextLoader', parent = [null]].
14:11:11.814 [Test worker] DEBUG o.s.t.c.s.AbstractGenericContextLoader - Loading ApplicationContext for merged context configuration [[MergedContextConfiguration@19a4f434 testClass = RepositoriesClassSuiteTest, locations = '{}', classes = '{class org.project.neutrino.nfvo.repositories.tests.ApplicationTest}', contextInitializerClasses = '[]', activeProfiles = '{}', propertySourceLocations = '{}', propertySourceProperties = '{timezone = GMT, port: 4242}', contextLoader = 'org.springframework.test.context.support.DelegatingSmartContextLoader', parent = [null]]].
14:11:11.887 [Test worker] DEBUG o.s.core.env.StandardEnvironment - Adding [systemProperties] PropertySource with lowest search precedence
14:11:11.889 [Test worker] DEBUG o.s.core.env.StandardEnvironment - Adding [systemEnvironment] PropertySource with lowest search precedence
14:11:11.889 [Test worker] DEBUG o.s.core.env.StandardEnvironment - Initialized StandardEnvironment with PropertySources [systemProperties,systemEnvironment]
14:11:11.889 [Test worker] DEBUG o.s.t.c.s.TestPropertySourceUtils - Adding inlined properties to environment: {timezone = GMT, port: 4242}
14:11:11.890 [Test worker] DEBUG o.s.core.env.StandardEnvironment - Adding [Inlined Test Properties] PropertySource with highest search precedence
14:11:11.890 [Test worker] DEBUG o.s.t.c.s.AnnotationConfigContextLoader - Registering annotated classes: {class org.project.neutrino.nfvo.repositories.tests.ApplicationTest}
14:11:11.956 [Test worker] INFO  o.s.c.s.GenericApplicationContext - Refreshing org.springframework.context.support.GenericApplicationContext@5f281b8c: startup date [Wed May 06 14:11:11 CEST 2015]; root of context hierarchy
14:11:11.957 [Test worker] DEBUG o.s.c.s.GenericApplicationContext - Bean factory for org.springframework.context.support.GenericApplicationContext@5f281b8c: org.springframework.beans.factory.support.DefaultListableBeanFactory@658981e0: defining beans [org.springframework.context.annotation.internalConfigurationAnnotationProcessor,org.springframework.context.annotation.internalAutowiredAnnotationProcessor,org.springframework.context.annotation.internalRequiredAnnotationProcessor,org.springframework.context.annotation.internalCommonAnnotationProcessor,org.springframework.context.annotation.internalPersistenceAnnotationProcessor,applicationTest]; root of factory hierarchy
14:11:11.968 [Test worker] DEBUG o.s.b.f.s.DefaultListableBeanFactory - Creating shared instance of singleton bean 'org.springframework.context.annotation.internalConfigurationAnnotationProcessor'
14:11:11.968 [Test worker] DEBUG o.s.b.f.s.DefaultListableBeanFactory - Creating instance of bean 'org.springframework.context.annotation.internalConfigurationAnnotationProcessor'
14:11:11.981 [Test worker] DEBUG o.s.b.f.s.DefaultListableBeanFactory - Eagerly caching bean 'org.springframework.context.annotation.internalConfigurationAnnotationProcessor' to allow for resolving potential circular references
14:11:11.983 [Test worker] DEBUG o.s.b.f.s.DefaultListableBeanFactory - Finished creating instance of bean 'org.springframework.context.annotation.internalConfigurationAnnotationProcessor'
14:11:11.998 [Test worker] DEBUG o.s.core.env.StandardEnvironment - Adding [systemProperties] PropertySource with lowest search precedence
14:11:11.998 [Test worker] DEBUG o.s.core.env.StandardEnvironment - Adding [systemEnvironment] PropertySource with lowest search precedence
14:11:11.998 [Test worker] DEBUG o.s.core.env.StandardEnvironment - Initialized StandardEnvironment with PropertySources [systemProperties,systemEnvironment]
14:11:12.005 [Test worker] DEBUG o.s.c.i.s.PathMatchingResourcePatternResolver - Looking for matching resources in directory tree [/opt/neutrino/nfvo/repositories/repositories-implementation/build/classes/test/org/project/neutrino/nfvo/repositories]
14:11:12.006 [Test worker] DEBUG o.s.c.i.s.PathMatchingResourcePatternResolver - Searching directory [/opt/neutrino/nfvo/repositories/repositories-implementation/build/classes/test/org/project/neutrino/nfvo/repositories] for files matching pattern [/opt/neutrino/nfvo/repositories/repositories-implementation/build/classes/test/org/project/neutrino/nfvo/repositories/**/*.class]
14:11:12.008 [Test worker] DEBUG o.s.c.i.s.PathMatchingResourcePatternResolver - Searching directory [/opt/neutrino/nfvo/repositories/repositories-implementation/build/classes/test/org/project/neutrino/nfvo/repositories/tests] for files matching pattern [/opt/neutrino/nfvo/repositories/repositories-implementation/build/classes/test/org/project/neutrino/nfvo/repositories/**/*.class]
14:11:12.010 [Test worker] DEBUG o.s.c.i.s.PathMatchingResourcePatternResolver - Looking for matching resources in directory tree [/opt/neutrino/nfvo/repositories/repositories-implementation/build/classes/main/org/project/neutrino/nfvo/repositories]
14:11:12.010 [Test worker] DEBUG o.s.c.i.s.PathMatchingResourcePatternResolver - Searching directory [/opt/neutrino/nfvo/repositories/repositories-implementation/build/classes/main/org/project/neutrino/nfvo/repositories] for files matching pattern [/opt/neutrino/nfvo/repositories/repositories-implementation/build/classes/main/org/project/neutrino/nfvo/repositories/**/*.class]
14:11:12.012 [Test worker] DEBUG o.s.c.i.s.PathMatchingResourcePatternResolver - Resolved location pattern [classpath*:org/project/neutrino/nfvo/repositories/**/*.class] to resources [file [/opt/neutrino/nfvo/repositories/repositories-implementation/build/classes/test/org/project/neutrino/nfvo/repositories/tests/ApplicationTest.class], file [/opt/neutrino/nfvo/repositories/repositories-implementation/build/classes/test/org/project/neutrino/nfvo/repositories/tests/RepositoriesClassSuiteTest$1.class], file [/opt/neutrino/nfvo/repositories/repositories-implementation/build/classes/test/org/project/neutrino/nfvo/repositories/tests/RepositoriesClassSuiteTest$2.class], file [/opt/neutrino/nfvo/repositories/repositories-implementation/build/classes/test/org/project/neutrino/nfvo/repositories/tests/RepositoriesClassSuiteTest.class], file [/opt/neutrino/nfvo/repositories/repositories-implementation/build/classes/main/org/project/neutrino/nfvo/repositories/NSDRepository.class], file [/opt/neutrino/nfvo/repositories/repositories-implementation/build/classes/main/org/project/neutrino/nfvo/repositories/VNFDRepository.class]]
14:11:12.036 [Test worker] DEBUG o.s.c.a.ClassPathBeanDefinitionScanner - Identified candidate component class: file [/opt/neutrino/nfvo/repositories/repositories-implementation/build/classes/main/org/project/neutrino/nfvo/repositories/NSDRepository.class]
14:11:12.038 [Test worker] DEBUG o.s.c.a.ClassPathBeanDefinitionScanner - Identified candidate component class: file [/opt/neutrino/nfvo/repositories/repositories-implementation/build/classes/main/org/project/neutrino/nfvo/repositories/VNFDRepository.class]
14:11:12.041 [Test worker] DEBUG o.s.c.i.s.PathMatchingResourcePatternResolver - Looking for matching resources in directory tree [/opt/neutrino/nfvo/repositories/repositories-implementation/build/classes/main/org/project/neutrino/nfvo/abstract_repositories]
14:11:12.041 [Test worker] DEBUG o.s.c.i.s.PathMatchingResourcePatternResolver - Searching directory [/opt/neutrino/nfvo/repositories/repositories-implementation/build/classes/main/org/project/neutrino/nfvo/abstract_repositories] for files matching pattern [/opt/neutrino/nfvo/repositories/repositories-implementation/build/classes/main/org/project/neutrino/nfvo/abstract_repositories/**/*.class]
14:11:12.042 [Test worker] DEBUG o.s.c.i.s.PathMatchingResourcePatternResolver - Resolved location pattern [classpath*:org/project/neutrino/nfvo/abstract_repositories/**/*.class] to resources [file [/opt/neutrino/nfvo/repositories/repositories-implementation/build/classes/main/org/project/neutrino/nfvo/abstract_repositories/DatabaseRepository$1.class], file [/opt/neutrino/nfvo/repositories/repositories-implementation/build/classes/main/org/project/neutrino/nfvo/abstract_repositories/DatabaseRepository$2.class], file [/opt/neutrino/nfvo/repositories/repositories-implementation/build/classes/main/org/project/neutrino/nfvo/abstract_repositories/DatabaseRepository.class]]
14:11:12.123 [Test worker] DEBUG o.s.c.t.c.AnnotationAttributesReadingVisitor - Failed to class-load type while reading annotation metadata. This is a non-fatal error, but certain annotation metadata may be unavailable.
java.lang.ClassNotFoundException: org.springframework.security.config.annotation.web.configuration.EnableWebSecurity
	at java.net.URLClassLoader$1.run(URLClassLoader.java:366) ~[na:1.7.0_67]
	at java.net.URLClassLoader$1.run(URLClassLoader.java:355) ~[na:1.7.0_67]
	at java.security.AccessController.doPrivileged(Native Method) ~[na:1.7.0_67]
	at java.net.URLClassLoader.findClass(URLClassLoader.java:354) ~[na:1.7.0_67]
	at java.lang.ClassLoader.loadClass(ClassLoader.java:425) ~[na:1.7.0_67]
	at sun.misc.Launcher$AppClassLoader.loadClass(Launcher.java:308) ~[na:1.7.0_67]
	at java.lang.ClassLoader.loadClass(ClassLoader.java:358) ~[na:1.7.0_67]
	at org.springframework.core.type.classreading.RecursiveAnnotationAttributesVisitor.visitEnd(RecursiveAnnotationAttributesVisitor.java:47) ~[spring-core-4.1.6.RELEASE.jar:4.1.6.RELEASE]
	at org.springframework.asm.ClassReader.readAnnotationValues(ClassReader.java:1802) [spring-core-4.1.6.RELEASE.jar:4.1.6.RELEASE]
	at org.springframework.asm.ClassReader.accept(ClassReader.java:642) [spring-core-4.1.6.RELEASE.jar:4.1.6.RELEASE]
	at org.springframework.asm.ClassReader.accept(ClassReader.java:508) [spring-core-4.1.6.RELEASE.jar:4.1.6.RELEASE]
	at org.springframework.core.type.classreading.SimpleMetadataReader.<init>(SimpleMetadataReader.java:64) [spring-core-4.1.6.RELEASE.jar:4.1.6.RELEASE]
	at org.springframework.core.type.classreading.SimpleMetadataReaderFactory.getMetadataReader(SimpleMetadataReaderFactory.java:98) [spring-core-4.1.6.RELEASE.jar:4.1.6.RELEASE]
	at org.springframework.core.type.classreading.CachingMetadataReaderFactory.getMetadataReader(CachingMetadataReaderFactory.java:102) [spring-core-4.1.6.RELEASE.jar:4.1.6.RELEASE]
	at org.springframework.core.type.classreading.SimpleMetadataReaderFactory.getMetadataReader(SimpleMetadataReaderFactory.java:93) [spring-core-4.1.6.RELEASE.jar:4.1.6.RELEASE]
	at org.springframework.boot.autoconfigure.AutoConfigurationSorter$AutoConfigurationClasses.<init>(AutoConfigurationSorter.java:112) [spring-boot-autoconfigure-1.2.3.RELEASE.jar:1.2.3.RELEASE]
	at org.springframework.boot.autoconfigure.AutoConfigurationSorter.getInPriorityOrder(AutoConfigurationSorter.java:57) [spring-boot-autoconfigure-1.2.3.RELEASE.jar:1.2.3.RELEASE]
	at org.springframework.boot.autoconfigure.EnableAutoConfigurationImportSelector.selectImports(EnableAutoConfigurationImportSelector.java:72) [spring-boot-autoconfigure-1.2.3.RELEASE.jar:1.2.3.RELEASE]
	at org.springframework.context.annotation.ConfigurationClassParser.processDeferredImportSelectors(ConfigurationClassParser.java:429) [spring-context-4.1.6.RELEASE.jar:4.1.6.RELEASE]
	at org.springframework.context.annotation.ConfigurationClassParser.parse(ConfigurationClassParser.java:183) [spring-context-4.1.6.RELEASE.jar:4.1.6.RELEASE]
	at org.springframework.context.annotation.ConfigurationClassPostProcessor.processConfigBeanDefinitions(ConfigurationClassPostProcessor.java:306) [spring-context-4.1.6.RELEASE.jar:4.1.6.RELEASE]
	at org.springframework.context.annotation.ConfigurationClassPostProcessor.postProcessBeanDefinitionRegistry(ConfigurationClassPostProcessor.java:239) [spring-context-4.1.6.RELEASE.jar:4.1.6.RELEASE]
	at org.springframework.context.support.PostProcessorRegistrationDelegate.invokeBeanDefinitionRegistryPostProcessors(PostProcessorRegistrationDelegate.java:254) [spring-context-4.1.6.RELEASE.jar:4.1.6.RELEASE]
	at org.springframework.context.support.PostProcessorRegistrationDelegate.invokeBeanFactoryPostProcessors(PostProcessorRegistrationDelegate.java:94) [spring-context-4.1.6.RELEASE.jar:4.1.6.RELEASE]
	at org.springframework.context.support.AbstractApplicationContext.invokeBeanFactoryPostProcessors(AbstractApplicationContext.java:606) [spring-context-4.1.6.RELEASE.jar:4.1.6.RELEASE]
	at org.springframework.context.support.AbstractApplicationContext.refresh(AbstractApplicationContext.java:462) [spring-context-4.1.6.RELEASE.jar:4.1.6.RELEASE]
	at org.springframework.test.context.support.AbstractGenericContextLoader.loadContext(AbstractGenericContextLoader.java:125) [spring-test-4.1.6.RELEASE.jar:4.1.6.RELEASE]
	at org.springframework.test.context.support.AbstractGenericContextLoader.loadContext(AbstractGenericContextLoader.java:60) [spring-test-4.1.6.RELEASE.jar:4.1.6.RELEASE]
	at org.springframework.test.context.support.AbstractDelegatingSmartContextLoader.delegateLoading(AbstractDelegatingSmartContextLoader.java:109) [spring-test-4.1.6.RELEASE.jar:4.1.6.RELEASE]
	at org.springframework.test.context.support.AbstractDelegatingSmartContextLoader.loadContext(AbstractDelegatingSmartContextLoader.java:261) [spring-test-4.1.6.RELEASE.jar:4.1.6.RELEASE]
	at org.springframework.test.context.DefaultCacheAwareContextLoaderDelegate.loadContextInternal(DefaultCacheAwareContextLoaderDelegate.java:68) [spring-test-4.1.6.RELEASE.jar:4.1.6.RELEASE]
	at org.springframework.test.context.DefaultCacheAwareContextLoaderDelegate.loadContext(DefaultCacheAwareContextLoaderDelegate.java:86) [spring-test-4.1.6.RELEASE.jar:4.1.6.RELEASE]
	at org.springframework.test.context.DefaultTestContext.getApplicationContext(DefaultTestContext.java:72) [spring-test-4.1.6.RELEASE.jar:4.1.6.RELEASE]
	at org.springframework.test.context.support.DependencyInjectionTestExecutionListener.injectDependencies(DependencyInjectionTestExecutionListener.java:117) [spring-test-4.1.6.RELEASE.jar:4.1.6.RELEASE]
	at org.springframework.test.context.support.DependencyInjectionTestExecutionListener.prepareTestInstance(DependencyInjectionTestExecutionListener.java:83) [spring-test-4.1.6.RELEASE.jar:4.1.6.RELEASE]
	at org.springframework.test.context.TestContextManager.prepareTestInstance(TestContextManager.java:212) [spring-test-4.1.6.RELEASE.jar:4.1.6.RELEASE]
	at org.springframework.test.context.junit4.SpringJUnit4ClassRunner.createTest(SpringJUnit4ClassRunner.java:200) [spring-test-4.1.6.RELEASE.jar:4.1.6.RELEASE]
	at org.springframework.test.context.junit4.SpringJUnit4ClassRunner$1.runReflectiveCall(SpringJUnit4ClassRunner.java:259) [spring-test-4.1.6.RELEASE.jar:4.1.6.RELEASE]
	at org.junit.internal.runners.model.ReflectiveCallable.run(ReflectiveCallable.java:12) [junit-4.11.jar:na]
	at org.springframework.test.context.junit4.SpringJUnit4ClassRunner.methodBlock(SpringJUnit4ClassRunner.java:261) [spring-test-4.1.6.RELEASE.jar:4.1.6.RELEASE]
	at org.springframework.test.context.junit4.SpringJUnit4ClassRunner.runChild(SpringJUnit4ClassRunner.java:219) [spring-test-4.1.6.RELEASE.jar:4.1.6.RELEASE]
	at org.springframework.test.context.junit4.SpringJUnit4ClassRunner.runChild(SpringJUnit4ClassRunner.java:83) [spring-test-4.1.6.RELEASE.jar:4.1.6.RELEASE]
	at org.junit.runners.ParentRunner$3.run(ParentRunner.java:238) [junit-4.11.jar:na]
	at org.junit.runners.ParentRunner$1.schedule(ParentRunner.java:63) [junit-4.11.jar:na]
	at org.junit.runners.ParentRunner.runChildren(ParentRunner.java:236) [junit-4.11.jar:na]
	at org.junit.runners.ParentRunner.access$000(ParentRunner.java:53) [junit-4.11.jar:na]
	at org.junit.runners.ParentRunner$2.evaluate(ParentRunner.java:229) [junit-4.11.jar:na]
	at org.junit.internal.runners.statements.RunBefores.evaluate(RunBefores.java:26) [junit-4.11.jar:na]
	at org.springframework.test.context.junit4.statements.RunBeforeTestClassCallbacks.evaluate(RunBeforeTestClassCallbacks.java:61) [spring-test-4.1.6.RELEASE.jar:4.1.6.RELEASE]
	at org.springframework.test.context.junit4.statements.RunAfterTestClassCallbacks.evaluate(RunAfterTestClassCallbacks.java:68) [spring-test-4.1.6.RELEASE.jar:4.1.6.RELEASE]
	at org.junit.runners.ParentRunner.run(ParentRunner.java:309) [junit-4.11.jar:na]
	at org.springframework.test.context.junit4.SpringJUnit4ClassRunner.run(SpringJUnit4ClassRunner.java:163) [spring-test-4.1.6.RELEASE.jar:4.1.6.RELEASE]
	at org.gradle.api.internal.tasks.testing.junit.JUnitTestClassExecuter.runTestClass(JUnitTestClassExecuter.java:86) [gradle-plugins-2.3.jar:2.3]
	at org.gradle.api.internal.tasks.testing.junit.JUnitTestClassExecuter.execute(JUnitTestClassExecuter.java:49) [gradle-plugins-2.3.jar:2.3]
	at org.gradle.api.internal.tasks.testing.junit.JUnitTestClassProcessor.processTestClass(JUnitTestClassProcessor.java:64) [gradle-plugins-2.3.jar:2.3]
	at org.gradle.api.internal.tasks.testing.SuiteTestClassProcessor.processTestClass(SuiteTestClassProcessor.java:50) [gradle-plugins-2.3.jar:2.3]
	at sun.reflect.NativeMethodAccessorImpl.invoke0(Native Method) ~[na:1.7.0_67]
	at sun.reflect.NativeMethodAccessorImpl.invoke(NativeMethodAccessorImpl.java:57) ~[na:1.7.0_67]
	at sun.reflect.DelegatingMethodAccessorImpl.invoke(DelegatingMethodAccessorImpl.java:43) ~[na:1.7.0_67]
	at java.lang.reflect.Method.invoke(Method.java:606) ~[na:1.7.0_67]
	at org.gradle.messaging.dispatch.ReflectionDispatch.dispatch(ReflectionDispatch.java:35) [gradle-messaging-2.3.jar:2.3]
	at org.gradle.messaging.dispatch.ReflectionDispatch.dispatch(ReflectionDispatch.java:24) [gradle-messaging-2.3.jar:2.3]
	at org.gradle.messaging.dispatch.ContextClassLoaderDispatch.dispatch(ContextClassLoaderDispatch.java:32) [gradle-messaging-2.3.jar:2.3]
	at org.gradle.messaging.dispatch.ProxyDispatchAdapter$DispatchingInvocationHandler.invoke(ProxyDispatchAdapter.java:93) [gradle-messaging-2.3.jar:2.3]
	at com.sun.proxy.$Proxy2.processTestClass(Unknown Source) [na:na]
	at org.gradle.api.internal.tasks.testing.worker.TestWorker.processTestClass(TestWorker.java:106) [gradle-plugins-2.3.jar:2.3]
	at sun.reflect.NativeMethodAccessorImpl.invoke0(Native Method) ~[na:1.7.0_67]
	at sun.reflect.NativeMethodAccessorImpl.invoke(NativeMethodAccessorImpl.java:57) ~[na:1.7.0_67]
	at sun.reflect.DelegatingMethodAccessorImpl.invoke(DelegatingMethodAccessorImpl.java:43) ~[na:1.7.0_67]
	at java.lang.reflect.Method.invoke(Method.java:606) ~[na:1.7.0_67]
	at org.gradle.messaging.dispatch.ReflectionDispatch.dispatch(ReflectionDispatch.java:35) [gradle-messaging-2.3.jar:2.3]
	at org.gradle.messaging.dispatch.ReflectionDispatch.dispatch(ReflectionDispatch.java:24) [gradle-messaging-2.3.jar:2.3]
	at org.gradle.messaging.remote.internal.hub.MessageHub$Handler.run(MessageHub.java:360) [gradle-messaging-2.3.jar:2.3]
	at org.gradle.internal.concurrent.DefaultExecutorFactory$StoppableExecutorImpl$1.run(DefaultExecutorFactory.java:64) [gradle-base-services-2.3.jar:2.3]
	at java.util.concurrent.ThreadPoolExecutor.runWorker(ThreadPoolExecutor.java:1145) [na:1.7.0_67]
	at java.util.concurrent.ThreadPoolExecutor$Worker.run(ThreadPoolExecutor.java:615) [na:1.7.0_67]
	at java.lang.Thread.run(Thread.java:745) [na:1.7.0_67]
14:11:12.248 [Test worker] DEBUG o.s.c.t.c.AnnotationAttributesReadingVisitor - Failed to class-load type while reading annotation metadata. This is a non-fatal error, but certain annotation metadata may be unavailable.
java.lang.ClassNotFoundException: org.springframework.security.config.annotation.web.configuration.EnableWebSecurity
	at java.net.URLClassLoader$1.run(URLClassLoader.java:366) ~[na:1.7.0_67]
	at java.net.URLClassLoader$1.run(URLClassLoader.java:355) ~[na:1.7.0_67]
	at java.security.AccessController.doPrivileged(Native Method) ~[na:1.7.0_67]
	at java.net.URLClassLoader.findClass(URLClassLoader.java:354) ~[na:1.7.0_67]
	at java.lang.ClassLoader.loadClass(ClassLoader.java:425) ~[na:1.7.0_67]
	at sun.misc.Launcher$AppClassLoader.loadClass(Launcher.java:308) ~[na:1.7.0_67]
	at java.lang.ClassLoader.loadClass(ClassLoader.java:358) ~[na:1.7.0_67]
	at org.springframework.core.type.classreading.RecursiveAnnotationAttributesVisitor.visitEnd(RecursiveAnnotationAttributesVisitor.java:47) ~[spring-core-4.1.6.RELEASE.jar:4.1.6.RELEASE]
	at org.springframework.asm.ClassReader.readAnnotationValues(ClassReader.java:1802) [spring-core-4.1.6.RELEASE.jar:4.1.6.RELEASE]
	at org.springframework.asm.ClassReader.accept(ClassReader.java:642) [spring-core-4.1.6.RELEASE.jar:4.1.6.RELEASE]
	at org.springframework.asm.ClassReader.accept(ClassReader.java:508) [spring-core-4.1.6.RELEASE.jar:4.1.6.RELEASE]
	at org.springframework.core.type.classreading.SimpleMetadataReader.<init>(SimpleMetadataReader.java:64) [spring-core-4.1.6.RELEASE.jar:4.1.6.RELEASE]
	at org.springframework.core.type.classreading.SimpleMetadataReaderFactory.getMetadataReader(SimpleMetadataReaderFactory.java:98) [spring-core-4.1.6.RELEASE.jar:4.1.6.RELEASE]
	at org.springframework.core.type.classreading.CachingMetadataReaderFactory.getMetadataReader(CachingMetadataReaderFactory.java:102) [spring-core-4.1.6.RELEASE.jar:4.1.6.RELEASE]
	at org.springframework.core.type.classreading.SimpleMetadataReaderFactory.getMetadataReader(SimpleMetadataReaderFactory.java:93) [spring-core-4.1.6.RELEASE.jar:4.1.6.RELEASE]
	at org.springframework.context.annotation.ConfigurationClassParser.asSourceClass(ConfigurationClassParser.java:596) [spring-context-4.1.6.RELEASE.jar:4.1.6.RELEASE]
	at org.springframework.context.annotation.ConfigurationClassParser.asSourceClasses(ConfigurationClassParser.java:578) [spring-context-4.1.6.RELEASE.jar:4.1.6.RELEASE]
	at org.springframework.context.annotation.ConfigurationClassParser.processDeferredImportSelectors(ConfigurationClassParser.java:430) [spring-context-4.1.6.RELEASE.jar:4.1.6.RELEASE]
	at org.springframework.context.annotation.ConfigurationClassParser.parse(ConfigurationClassParser.java:183) [spring-context-4.1.6.RELEASE.jar:4.1.6.RELEASE]
	at org.springframework.context.annotation.ConfigurationClassPostProcessor.processConfigBeanDefinitions(ConfigurationClassPostProcessor.java:306) [spring-context-4.1.6.RELEASE.jar:4.1.6.RELEASE]
	at org.springframework.context.annotation.ConfigurationClassPostProcessor.postProcessBeanDefinitionRegistry(ConfigurationClassPostProcessor.java:239) [spring-context-4.1.6.RELEASE.jar:4.1.6.RELEASE]
	at org.springframework.context.support.PostProcessorRegistrationDelegate.invokeBeanDefinitionRegistryPostProcessors(PostProcessorRegistrationDelegate.java:254) [spring-context-4.1.6.RELEASE.jar:4.1.6.RELEASE]
	at org.springframework.context.support.PostProcessorRegistrationDelegate.invokeBeanFactoryPostProcessors(PostProcessorRegistrationDelegate.java:94) [spring-context-4.1.6.RELEASE.jar:4.1.6.RELEASE]
	at org.springframework.context.support.AbstractApplicationContext.invokeBeanFactoryPostProcessors(AbstractApplicationContext.java:606) [spring-context-4.1.6.RELEASE.jar:4.1.6.RELEASE]
	at org.springframework.context.support.AbstractApplicationContext.refresh(AbstractApplicationContext.java:462) [spring-context-4.1.6.RELEASE.jar:4.1.6.RELEASE]
	at org.springframework.test.context.support.AbstractGenericContextLoader.loadContext(AbstractGenericContextLoader.java:125) [spring-test-4.1.6.RELEASE.jar:4.1.6.RELEASE]
	at org.springframework.test.context.support.AbstractGenericContextLoader.loadContext(AbstractGenericContextLoader.java:60) [spring-test-4.1.6.RELEASE.jar:4.1.6.RELEASE]
	at org.springframework.test.context.support.AbstractDelegatingSmartContextLoader.delegateLoading(AbstractDelegatingSmartContextLoader.java:109) [spring-test-4.1.6.RELEASE.jar:4.1.6.RELEASE]
	at org.springframework.test.context.support.AbstractDelegatingSmartContextLoader.loadContext(AbstractDelegatingSmartContextLoader.java:261) [spring-test-4.1.6.RELEASE.jar:4.1.6.RELEASE]
	at org.springframework.test.context.DefaultCacheAwareContextLoaderDelegate.loadContextInternal(DefaultCacheAwareContextLoaderDelegate.java:68) [spring-test-4.1.6.RELEASE.jar:4.1.6.RELEASE]
	at org.springframework.test.context.DefaultCacheAwareContextLoaderDelegate.loadContext(DefaultCacheAwareContextLoaderDelegate.java:86) [spring-test-4.1.6.RELEASE.jar:4.1.6.RELEASE]
	at org.springframework.test.context.DefaultTestContext.getApplicationContext(DefaultTestContext.java:72) [spring-test-4.1.6.RELEASE.jar:4.1.6.RELEASE]
	at org.springframework.test.context.support.DependencyInjectionTestExecutionListener.injectDependencies(DependencyInjectionTestExecutionListener.java:117) [spring-test-4.1.6.RELEASE.jar:4.1.6.RELEASE]
	at org.springframework.test.context.support.DependencyInjectionTestExecutionListener.prepareTestInstance(DependencyInjectionTestExecutionListener.java:83) [spring-test-4.1.6.RELEASE.jar:4.1.6.RELEASE]
	at org.springframework.test.context.TestContextManager.prepareTestInstance(TestContextManager.java:212) [spring-test-4.1.6.RELEASE.jar:4.1.6.RELEASE]
	at org.springframework.test.context.junit4.SpringJUnit4ClassRunner.createTest(SpringJUnit4ClassRunner.java:200) [spring-test-4.1.6.RELEASE.jar:4.1.6.RELEASE]
	at org.springframework.test.context.junit4.SpringJUnit4ClassRunner$1.runReflectiveCall(SpringJUnit4ClassRunner.java:259) [spring-test-4.1.6.RELEASE.jar:4.1.6.RELEASE]
	at org.junit.internal.runners.model.ReflectiveCallable.run(ReflectiveCallable.java:12) [junit-4.11.jar:na]
	at org.springframework.test.context.junit4.SpringJUnit4ClassRunner.methodBlock(SpringJUnit4ClassRunner.java:261) [spring-test-4.1.6.RELEASE.jar:4.1.6.RELEASE]
	at org.springframework.test.context.junit4.SpringJUnit4ClassRunner.runChild(SpringJUnit4ClassRunner.java:219) [spring-test-4.1.6.RELEASE.jar:4.1.6.RELEASE]
	at org.springframework.test.context.junit4.SpringJUnit4ClassRunner.runChild(SpringJUnit4ClassRunner.java:83) [spring-test-4.1.6.RELEASE.jar:4.1.6.RELEASE]
	at org.junit.runners.ParentRunner$3.run(ParentRunner.java:238) [junit-4.11.jar:na]
	at org.junit.runners.ParentRunner$1.schedule(ParentRunner.java:63) [junit-4.11.jar:na]
	at org.junit.runners.ParentRunner.runChildren(ParentRunner.java:236) [junit-4.11.jar:na]
	at org.junit.runners.ParentRunner.access$000(ParentRunner.java:53) [junit-4.11.jar:na]
	at org.junit.runners.ParentRunner$2.evaluate(ParentRunner.java:229) [junit-4.11.jar:na]
	at org.junit.internal.runners.statements.RunBefores.evaluate(RunBefores.java:26) [junit-4.11.jar:na]
	at org.springframework.test.context.junit4.statements.RunBeforeTestClassCallbacks.evaluate(RunBeforeTestClassCallbacks.java:61) [spring-test-4.1.6.RELEASE.jar:4.1.6.RELEASE]
	at org.springframework.test.context.junit4.statements.RunAfterTestClassCallbacks.evaluate(RunAfterTestClassCallbacks.java:68) [spring-test-4.1.6.RELEASE.jar:4.1.6.RELEASE]
	at org.junit.runners.ParentRunner.run(ParentRunner.java:309) [junit-4.11.jar:na]
	at org.springframework.test.context.junit4.SpringJUnit4ClassRunner.run(SpringJUnit4ClassRunner.java:163) [spring-test-4.1.6.RELEASE.jar:4.1.6.RELEASE]
	at org.gradle.api.internal.tasks.testing.junit.JUnitTestClassExecuter.runTestClass(JUnitTestClassExecuter.java:86) [gradle-plugins-2.3.jar:2.3]
	at org.gradle.api.internal.tasks.testing.junit.JUnitTestClassExecuter.execute(JUnitTestClassExecuter.java:49) [gradle-plugins-2.3.jar:2.3]
	at org.gradle.api.internal.tasks.testing.junit.JUnitTestClassProcessor.processTestClass(JUnitTestClassProcessor.java:64) [gradle-plugins-2.3.jar:2.3]
	at org.gradle.api.internal.tasks.testing.SuiteTestClassProcessor.processTestClass(SuiteTestClassProcessor.java:50) [gradle-plugins-2.3.jar:2.3]
	at sun.reflect.NativeMethodAccessorImpl.invoke0(Native Method) ~[na:1.7.0_67]
	at sun.reflect.NativeMethodAccessorImpl.invoke(NativeMethodAccessorImpl.java:57) ~[na:1.7.0_67]
	at sun.reflect.DelegatingMethodAccessorImpl.invoke(DelegatingMethodAccessorImpl.java:43) ~[na:1.7.0_67]
	at java.lang.reflect.Method.invoke(Method.java:606) ~[na:1.7.0_67]
	at org.gradle.messaging.dispatch.ReflectionDispatch.dispatch(ReflectionDispatch.java:35) [gradle-messaging-2.3.jar:2.3]
	at org.gradle.messaging.dispatch.ReflectionDispatch.dispatch(ReflectionDispatch.java:24) [gradle-messaging-2.3.jar:2.3]
	at org.gradle.messaging.dispatch.ContextClassLoaderDispatch.dispatch(ContextClassLoaderDispatch.java:32) [gradle-messaging-2.3.jar:2.3]
	at org.gradle.messaging.dispatch.ProxyDispatchAdapter$DispatchingInvocationHandler.invoke(ProxyDispatchAdapter.java:93) [gradle-messaging-2.3.jar:2.3]
	at com.sun.proxy.$Proxy2.processTestClass(Unknown Source) [na:na]
	at org.gradle.api.internal.tasks.testing.worker.TestWorker.processTestClass(TestWorker.java:106) [gradle-plugins-2.3.jar:2.3]
	at sun.reflect.NativeMethodAccessorImpl.invoke0(Native Method) ~[na:1.7.0_67]
	at sun.reflect.NativeMethodAccessorImpl.invoke(NativeMethodAccessorImpl.java:57) ~[na:1.7.0_67]
	at sun.reflect.DelegatingMethodAccessorImpl.invoke(DelegatingMethodAccessorImpl.java:43) ~[na:1.7.0_67]
	at java.lang.reflect.Method.invoke(Method.java:606) ~[na:1.7.0_67]
	at org.gradle.messaging.dispatch.ReflectionDispatch.dispatch(ReflectionDispatch.java:35) [gradle-messaging-2.3.jar:2.3]
	at org.gradle.messaging.dispatch.ReflectionDispatch.dispatch(ReflectionDispatch.java:24) [gradle-messaging-2.3.jar:2.3]
	at org.gradle.messaging.remote.internal.hub.MessageHub$Handler.run(MessageHub.java:360) [gradle-messaging-2.3.jar:2.3]
	at org.gradle.internal.concurrent.DefaultExecutorFactory$StoppableExecutorImpl$1.run(DefaultExecutorFactory.java:64) [gradle-base-services-2.3.jar:2.3]
	at java.util.concurrent.ThreadPoolExecutor.runWorker(ThreadPoolExecutor.java:1145) [na:1.7.0_67]
	at java.util.concurrent.ThreadPoolExecutor$Worker.run(ThreadPoolExecutor.java:615) [na:1.7.0_67]
	at java.lang.Thread.run(Thread.java:745) [na:1.7.0_67]
14:11:12.264 [Test worker] DEBUG o.s.c.e.PropertySourcesPropertyResolver - Searching for key 'spring.messages.basename' in [Inlined Test Properties]
14:11:12.264 [Test worker] DEBUG o.s.c.e.PropertySourcesPropertyResolver - Searching for key 'spring.messages.basename' in [systemProperties]
14:11:12.264 [Test worker] DEBUG o.s.c.e.PropertySourcesPropertyResolver - Searching for key 'spring.messages.basename' in [systemEnvironment]
14:11:12.265 [Test worker] DEBUG o.s.c.e.PropertySourcesPropertyResolver - Could not find key 'spring.messages.basename' in any property source. Returning [null]
14:11:12.306 [Test worker] DEBUG o.s.c.i.s.PathMatchingResourcePatternResolver - Looking for matching resources in directory tree [/opt/neutrino/nfvo/repositories/repositories-implementation/build/classes/test]
14:11:12.306 [Test worker] DEBUG o.s.c.i.s.PathMatchingResourcePatternResolver - Searching directory [/opt/neutrino/nfvo/repositories/repositories-implementation/build/classes/test] for files matching pattern [/opt/neutrino/nfvo/repositories/repositories-implementation/build/classes/test/messages*.properties]
14:11:12.308 [Test worker] DEBUG o.s.c.i.s.PathMatchingResourcePatternResolver - Looking for matching resources in directory tree [/opt/neutrino/nfvo/repositories/repositories-implementation/build/resources/test]
14:11:12.308 [Test worker] DEBUG o.s.c.i.s.PathMatchingResourcePatternResolver - Searching directory [/opt/neutrino/nfvo/repositories/repositories-implementation/build/resources/test] for files matching pattern [/opt/neutrino/nfvo/repositories/repositories-implementation/build/resources/test/messages*.properties]
14:11:12.308 [Test worker] DEBUG o.s.c.i.s.PathMatchingResourcePatternResolver - Looking for matching resources in directory tree [/opt/neutrino/nfvo/repositories/repositories-implementation/build/classes/main]
14:11:12.308 [Test worker] DEBUG o.s.c.i.s.PathMatchingResourcePatternResolver - Searching directory [/opt/neutrino/nfvo/repositories/repositories-implementation/build/classes/main] for files matching pattern [/opt/neutrino/nfvo/repositories/repositories-implementation/build/classes/main/messages*.properties]
14:11:12.309 [Test worker] DEBUG o.s.c.i.s.PathMatchingResourcePatternResolver - Looking for matching resources in directory tree [/opt/neutrino/nfvo/repositories/repositories-implementation/build/resources/main]
14:11:12.309 [Test worker] DEBUG o.s.c.i.s.PathMatchingResourcePatternResolver - Searching directory [/opt/neutrino/nfvo/repositories/repositories-implementation/build/resources/main] for files matching pattern [/opt/neutrino/nfvo/repositories/repositories-implementation/build/resources/main/messages*.properties]
14:11:12.310 [Test worker] DEBUG o.s.c.i.s.PathMatchingResourcePatternResolver - Looking for matching resources in jar file [file:/Users/lto/.gradle/caches/2.3/workerMain/gradle-worker.jar]
14:11:12.311 [Test worker] DEBUG o.s.c.i.s.PathMatchingResourcePatternResolver - Looking for matching resources in jar file [file:/Users/lto/.gradle/caches/modules-2/files-2.1/org.springframework/spring-jms/4.1.6.RELEASE/8becbaeaf6ab2eee3bb1e5fe435cf0592a0d20b9/spring-jms-4.1.6.RELEASE.jar]
14:11:12.313 [Test worker] DEBUG o.s.c.i.s.PathMatchingResourcePatternResolver - Looking for matching resources in jar file [file:/Users/lto/.gradle/caches/modules-2/files-2.1/javax.jms/javax.jms-api/2.0.1/5faaa3864ff6025ce69809b60d65bda3e358610c/javax.jms-api-2.0.1.jar]
14:11:12.315 [Test worker] DEBUG o.s.c.i.s.PathMatchingResourcePatternResolver - Looking for matching resources in jar file [file:/Users/lto/.gradle/caches/modules-2/files-2.1/org.apache.activemq/activemq-broker/5.11.1/596959fd779d1084569ff5fb7a021d0c40817c51/activemq-broker-5.11.1.jar]
14:11:12.332 [Test worker] DEBUG o.s.c.i.s.PathMatchingResourcePatternResolver - Looking for matching resources in jar file [file:/Users/lto/.gradle/caches/modules-2/files-2.1/org.apache.activemq/activemq-kahadb-store/5.11.1/3f80ca5ea2d1a393a5edf1d8544db9698150e273/activemq-kahadb-store-5.11.1.jar]
14:11:12.343 [Test worker] DEBUG o.s.c.i.s.PathMatchingResourcePatternResolver - Looking for matching resources in jar file [file:/Users/lto/.gradle/caches/modules-2/files-2.1/mysql/mysql-connector-java/5.1.35/b6ac941b7288376a7e8bc6490264bbd4427fb94e/mysql-connector-java-5.1.35.jar]
14:11:12.351 [Test worker] DEBUG o.s.c.i.s.PathMatchingResourcePatternResolver - Looking for matching resources in jar file [file:/Users/lto/.gradle/caches/modules-2/files-2.1/commons-dbcp/commons-dbcp/1.4/30be73c965cc990b153a100aaaaafcf239f82d39/commons-dbcp-1.4.jar]
14:11:12.354 [Test worker] DEBUG o.s.c.i.s.PathMatchingResourcePatternResolver - Looking for matching resources in jar file [file:/opt/neutrino/nfvo/catalogue/build/libs/catalogue-0.1-SNAPSHOT.jar]
14:11:12.356 [Test worker] DEBUG o.s.c.i.s.PathMatchingResourcePatternResolver - Looking for matching resources in jar file [file:/opt/neutrino/nfvo/repositories/repositories-interfaces/build/libs/repositories-interfaces-0.1-SNAPSHOT.jar]
14:11:12.357 [Test worker] DEBUG o.s.c.i.s.PathMatchingResourcePatternResolver - Looking for matching resources in jar file [file:/Users/lto/.gradle/caches/modules-2/files-2.1/com.google.guava/guava/18.0/cce0823396aa693798f8882e64213b1772032b09/guava-18.0.jar]
14:11:12.384 [Test worker] DEBUG o.s.c.i.s.PathMatchingResourcePatternResolver - Looking for matching resources in jar file [file:/Users/lto/.gradle/caches/modules-2/files-2.1/org.springframework/spring-test/4.1.6.RELEASE/89612cafdac51bc92d9bd512e1863a9111a08b4e/spring-test-4.1.6.RELEASE.jar]
14:11:12.391 [Test worker] DEBUG o.s.c.i.s.PathMatchingResourcePatternResolver - Looking for matching resources in jar file [file:/Users/lto/.gradle/caches/modules-2/files-2.1/org.mockito/mockito-core/1.9.5/c3264abeea62c4d2f367e21484fbb40c7e256393/mockito-core-1.9.5.jar]
14:11:12.410 [Test worker] DEBUG o.s.c.i.s.PathMatchingResourcePatternResolver - Looking for matching resources in jar file [file:/Users/lto/.gradle/caches/modules-2/files-2.1/org.slf4j/jcl-over-slf4j/1.7.11/180246b7809ffae6293eea3d34e668ee948f0dc8/jcl-over-slf4j-1.7.11.jar]
14:11:12.411 [Test worker] DEBUG o.s.c.i.s.PathMatchingResourcePatternResolver - Looking for matching resources in jar file [file:/Users/lto/.gradle/caches/modules-2/files-2.1/org.slf4j/jul-to-slf4j/1.7.11/87a1d59c837c57396bc20f433ee24ad3a59c7812/jul-to-slf4j-1.7.11.jar]
14:11:12.411 [Test worker] DEBUG o.s.c.i.s.PathMatchingResourcePatternResolver - Looking for matching resources in jar file [file:/Users/lto/.gradle/caches/modules-2/files-2.1/org.slf4j/log4j-over-slf4j/1.7.11/4f51599470151c7b8ebec1d36767138f7fb7d427/log4j-over-slf4j-1.7.11.jar]
14:11:12.412 [Test worker] DEBUG o.s.c.i.s.PathMatchingResourcePatternResolver - Looking for matching resources in jar file [file:/Users/lto/.gradle/caches/modules-2/files-2.1/org.springframework/spring-messaging/4.1.6.RELEASE/d39238370be17d8435069492a1cb0471e5be7e67/spring-messaging-4.1.6.RELEASE.jar]
14:11:12.414 [Test worker] DEBUG o.s.c.i.s.PathMatchingResourcePatternResolver - Looking for matching resources in jar file [file:/Users/lto/.gradle/caches/modules-2/files-2.1/org.apache.activemq/activemq-client/5.11.1/4d501ba53065be743dd66bf13e81a0512e33e860/activemq-client-5.11.1.jar]
14:11:12.426 [Test worker] DEBUG o.s.c.i.s.PathMatchingResourcePatternResolver - Looking for matching resources in jar file [file:/Users/lto/.gradle/caches/modules-2/files-2.1/org.apache.activemq/activemq-openwire-legacy/5.11.1/8a164cddf1b144f37cd38c24960e4178283492ba/activemq-openwire-legacy-5.11.1.jar]
14:11:12.430 [Test worker] DEBUG o.s.c.i.s.PathMatchingResourcePatternResolver - Looking for matching resources in jar file [file:/Users/lto/.gradle/caches/modules-2/files-2.1/org.apache.activemq.protobuf/activemq-protobuf/1.1/26682eb801f70563511f7c424dc10e8b3e66340e/activemq-protobuf-1.1.jar]
14:11:12.431 [Test worker] DEBUG o.s.c.i.s.PathMatchingResourcePatternResolver - Looking for matching resources in jar file [file:/Users/lto/.gradle/caches/modules-2/files-2.1/org.apache.geronimo.specs/geronimo-j2ee-management_1.1_spec/1.0.1/5372615b0c04c1913c95c34a0414cef720ca2855/geronimo-j2ee-management_1.1_spec-1.0.1.jar]
14:11:12.431 [Test worker] DEBUG o.s.c.i.s.PathMatchingResourcePatternResolver - Looking for matching resources in jar file [file:/Users/lto/.gradle/caches/modules-2/files-2.1/commons-net/commons-net/3.3/cd0d5510908225f76c5fe5a3f1df4fa44866f81e/commons-net-3.3.jar]
14:11:12.433 [Test worker] DEBUG o.s.c.i.s.PathMatchingResourcePatternResolver - Looking for matching resources in jar file [file:/Users/lto/.gradle/caches/modules-2/files-2.1/org.jboss.logging/jboss-logging/3.1.3.GA/64499e907f19e5e1b3fdc02f81440c1832fe3545/jboss-logging-3.1.3.GA.jar]
14:11:12.433 [Test worker] DEBUG o.s.c.i.s.PathMatchingResourcePatternResolver - Looking for matching resources in jar file [file:/Users/lto/.gradle/caches/modules-2/files-2.1/org.jboss.logging/jboss-logging-annotations/1.2.0.Beta1/2f437f37bb265d9f8f1392823dbca12d2bec06d6/jboss-logging-annotations-1.2.0.Beta1.jar]
14:11:12.434 [Test worker] DEBUG o.s.c.i.s.PathMatchingResourcePatternResolver - Looking for matching resources in jar file [file:/Users/lto/.gradle/caches/modules-2/files-2.1/dom4j/dom4j/1.6.1/5d3ccc056b6f056dbf0dddfdf43894b9065a8f94/dom4j-1.6.1.jar]
14:11:12.435 [Test worker] DEBUG o.s.c.i.s.PathMatchingResourcePatternResolver - Looking for matching resources in jar file [file:/Users/lto/.gradle/caches/modules-2/files-2.1/org.hibernate.common/hibernate-commons-annotations/4.0.5.Final/2a581b9edb8168e45060d8bad8b7f46712d2c52c/hibernate-commons-annotations-4.0.5.Final.jar]
14:11:12.435 [Test worker] DEBUG o.s.c.i.s.PathMatchingResourcePatternResolver - Looking for matching resources in jar file [file:/Users/lto/.gradle/caches/modules-2/files-2.1/org.hibernate.javax.persistence/hibernate-jpa-2.1-api/1.0.0.Final/5e731d961297e5a07290bfaf3db1fbc8bbbf405a/hibernate-jpa-2.1-api-1.0.0.Final.jar]
14:11:12.437 [Test worker] DEBUG o.s.c.i.s.PathMatchingResourcePatternResolver - Looking for matching resources in jar file [file:/Users/lto/.gradle/caches/modules-2/files-2.1/org.jboss.spec.javax.transaction/jboss-transaction-api_1.2_spec/1.0.0.Final/1f9fef7a9fcbb41cc390fc370a291cf30729e094/jboss-transaction-api_1.2_spec-1.0.0.Final.jar]
14:11:12.437 [Test worker] DEBUG o.s.c.i.s.PathMatchingResourcePatternResolver - Looking for matching resources in jar file [file:/Users/lto/.gradle/caches/modules-2/files-2.1/antlr/antlr/2.7.7/83cd2cd674a217ade95a4bb83a8a14f351f48bd0/antlr-2.7.7.jar]
14:11:12.442 [Test worker] DEBUG o.s.c.i.s.PathMatchingResourcePatternResolver - Looking for matching resources in jar file [file:/Users/lto/.gradle/caches/modules-2/files-2.1/org.jboss/jandex/1.1.0.Final/e84a2122e76f0b6503be78094ddf2108057ac15f/jandex-1.1.0.Final.jar]
14:11:12.443 [Test worker] DEBUG o.s.c.i.s.PathMatchingResourcePatternResolver - Looking for matching resources in jar file [file:/Users/lto/.gradle/caches/modules-2/files-2.1/commons-pool/commons-pool/1.5.4/75b6e20c596ed2945a259cea26d7fadd298398e6/commons-pool-1.5.4.jar]
14:11:12.443 [Test worker] DEBUG o.s.c.i.s.PathMatchingResourcePatternResolver - Looking for matching resources in jar file [file:/Users/lto/.gradle/caches/modules-2/files-2.1/javax.transaction/javax.transaction-api/1.2/d81aff979d603edd90dcd8db2abc1f4ce6479e3e/javax.transaction-api-1.2.jar]
14:11:12.444 [Test worker] DEBUG o.s.c.i.s.PathMatchingResourcePatternResolver - Looking for matching resources in jar file [file:/Users/lto/.gradle/caches/modules-2/files-2.1/org.springframework.data/spring-data-jpa/1.7.2.RELEASE/cc2be6b81771fca7c3d92c6277d00e65b19807b8/spring-data-jpa-1.7.2.RELEASE.jar]
14:11:12.445 [Test worker] DEBUG o.s.c.i.s.PathMatchingResourcePatternResolver - Looking for matching resources in jar file [file:/Users/lto/.gradle/caches/modules-2/files-2.1/org.springframework/spring-aspects/4.1.6.RELEASE/4667823d6133f9543f12e58ddb6747ee4e4d42a5/spring-aspects-4.1.6.RELEASE.jar]
14:11:12.446 [Test worker] DEBUG o.s.c.i.s.PathMatchingResourcePatternResolver - Looking for matching resources in jar file [file:/Users/lto/.gradle/caches/modules-2/files-2.1/org.objenesis/objenesis/1.0/9b473564e792c2bdf1449da1f0b1b5bff9805704/objenesis-1.0.jar]
14:11:12.447 [Test worker] DEBUG o.s.c.i.s.PathMatchingResourcePatternResolver - Looking for matching resources in jar file [file:/Users/lto/.gradle/caches/modules-2/files-2.1/commons-logging/commons-logging/1.2/4bfc12adfe4842bf07b657f0369c4cb522955686/commons-logging-1.2.jar]
14:11:12.447 [Test worker] DEBUG o.s.c.i.s.PathMatchingResourcePatternResolver - Looking for matching resources in jar file [file:/Users/lto/.gradle/caches/modules-2/files-2.1/org.slf4j/slf4j-api/1.7.11/7eaaaf2238f324e2b02dbd4d6ced6778b99328/slf4j-api-1.7.11.jar]
14:11:12.448 [Test worker] DEBUG o.s.c.i.s.PathMatchingResourcePatternResolver - Looking for matching resources in jar file [file:/Users/lto/.gradle/caches/modules-2/files-2.1/aopalliance/aopalliance/1.0/235ba8b489512805ac13a8f9ea77a1ca5ebe3e8/aopalliance-1.0.jar]
14:11:12.448 [Test worker] DEBUG o.s.c.i.s.PathMatchingResourcePatternResolver - Looking for matching resources in jar file [file:/Users/lto/.gradle/caches/modules-2/files-2.1/org.apache.geronimo.specs/geronimo-jms_1.1_spec/1.1.1/c872b46c601d8dc03633288b81269f9e42762cea/geronimo-jms_1.1_spec-1.1.1.jar]
14:11:12.449 [Test worker] DEBUG o.s.c.i.s.PathMatchingResourcePatternResolver - Looking for matching resources in jar file [file:/Users/lto/.gradle/caches/modules-2/files-2.1/org.fusesource.hawtbuf/hawtbuf/1.11/8f0e50ad8bea37b84b698ec40cce09e47714a63e/hawtbuf-1.11.jar]
14:11:12.450 [Test worker] DEBUG o.s.c.i.s.PathMatchingResourcePatternResolver - Looking for matching resources in jar file [file:/Users/lto/.gradle/caches/modules-2/files-2.1/xml-apis/xml-apis/1.0.b2/3136ca936f64c9d68529f048c2618bd356bf85c9/xml-apis-1.0.b2.jar]
14:11:12.451 [Test worker] DEBUG o.s.c.i.s.PathMatchingResourcePatternResolver - Looking for matching resources in jar file [file:/Users/lto/.gradle/caches/modules-2/files-2.1/org.aspectj/aspectjrt/1.8.5/39a8ff2d1f79267907f5573c090b342b040b9682/aspectjrt-1.8.5.jar]
14:11:12.453 [Test worker] DEBUG o.s.c.i.s.PathMatchingResourcePatternResolver - Looking for matching resources in jar file [file:/Users/lto/.gradle/caches/modules-2/files-2.1/org.apache.tomcat/tomcat-jdbc/8.0.20/7802cb686f4dec006ae31b86b283ddd45f4a3d/tomcat-jdbc-8.0.20.jar]
14:11:12.454 [Test worker] DEBUG o.s.c.i.s.PathMatchingResourcePatternResolver - Looking for matching resources in jar file [file:/Users/lto/.gradle/caches/modules-2/files-2.1/org.apache.tomcat/tomcat-juli/8.0.20/f1654901f9bd84c03c648099335dd2f7e7085f90/tomcat-juli-8.0.20.jar]
14:11:12.454 [Test worker] DEBUG o.s.c.i.s.PathMatchingResourcePatternResolver - Looking for matching resources in jar file [file:/Users/lto/.gradle/caches/modules-2/files-2.1/junit/junit/4.11/4e031bb61df09069aeb2bffb4019e7a5034a4ee0/junit-4.11.jar]
14:11:12.456 [Test worker] DEBUG o.s.c.i.s.PathMatchingResourcePatternResolver - Looking for matching resources in jar file [file:/Users/lto/.gradle/caches/modules-2/files-2.1/org.hamcrest/hamcrest-core/1.3/42a25dc3219429f0e5d060061f71acb49bf010a0/hamcrest-core-1.3.jar]
14:11:12.456 [Test worker] DEBUG o.s.c.i.s.PathMatchingResourcePatternResolver - Resolved location pattern [classpath*:messages*.properties] to resources []
14:11:12.462 [Test worker] DEBUG o.s.c.t.filter.AssignableTypeFilter - Could not read interface [org.springframework.web.WebApplicationInitializer] for type-filtered class [org.springframework.boot.autoconfigure.jersey.JerseyAutoConfiguration]
14:11:12.463 [Test worker] DEBUG o.s.c.t.filter.AssignableTypeFilter - Could not read interface [org.springframework.web.WebApplicationInitializer] for type-filtered class [org.springframework.boot.autoconfigure.jersey.JerseyAutoConfiguration]
14:11:12.466 [Test worker] DEBUG o.s.b.f.s.DefaultListableBeanFactory - Returning cached instance of singleton bean 'autoConfigurationReport'
14:11:12.468 [Test worker] DEBUG o.s.b.f.s.DefaultListableBeanFactory - Returning cached instance of singleton bean 'autoConfigurationReport'
14:11:12.468 [Test worker] DEBUG o.s.b.f.s.DefaultListableBeanFactory - Returning cached instance of singleton bean 'autoConfigurationReport'
14:11:12.469 [Test worker] DEBUG o.s.b.f.s.DefaultListableBeanFactory - Returning cached instance of singleton bean 'autoConfigurationReport'
14:11:12.471 [Test worker] DEBUG o.s.b.f.s.DefaultListableBeanFactory - Returning cached instance of singleton bean 'autoConfigurationReport'
14:11:12.473 [Test worker] DEBUG o.s.b.f.s.DefaultListableBeanFactory - Returning cached instance of singleton bean 'autoConfigurationReport'
14:11:12.474 [Test worker] DEBUG o.s.b.f.s.DefaultListableBeanFactory - Returning cached instance of singleton bean 'autoConfigurationReport'
14:11:12.475 [Test worker] DEBUG o.s.b.f.s.DefaultListableBeanFactory - Returning cached instance of singleton bean 'autoConfigurationReport'
14:11:12.477 [Test worker] DEBUG o.s.b.f.s.DefaultListableBeanFactory - Returning cached instance of singleton bean 'autoConfigurationReport'
14:11:12.484 [Test worker] DEBUG o.s.b.f.s.DefaultListableBeanFactory - Returning cached instance of singleton bean 'autoConfigurationReport'
14:11:12.489 [Test worker] DEBUG o.s.b.f.s.DefaultListableBeanFactory - Returning cached instance of singleton bean 'autoConfigurationReport'
14:11:12.492 [Test worker] DEBUG o.s.b.f.s.DefaultListableBeanFactory - Returning cached instance of singleton bean 'autoConfigurationReport'
14:11:12.498 [Test worker] DEBUG o.s.b.f.s.DefaultListableBeanFactory - Returning cached instance of singleton bean 'autoConfigurationReport'
14:11:12.500 [Test worker] DEBUG o.s.b.f.s.DefaultListableBeanFactory - Returning cached instance of singleton bean 'autoConfigurationReport'
14:11:12.514 [Test worker] DEBUG o.s.b.f.s.DefaultListableBeanFactory - Returning cached instance of singleton bean 'autoConfigurationReport'
14:11:12.517 [Test worker] DEBUG o.s.b.f.s.DefaultListableBeanFactory - Returning cached instance of singleton bean 'autoConfigurationReport'
14:11:12.518 [Test worker] DEBUG o.s.b.f.s.DefaultListableBeanFactory - Returning cached instance of singleton bean 'autoConfigurationReport'
14:11:12.519 [Test worker] DEBUG o.s.b.f.s.DefaultListableBeanFactory - Returning cached instance of singleton bean 'autoConfigurationReport'
14:11:12.521 [Test worker] DEBUG o.s.b.f.s.DefaultListableBeanFactory - Returning cached instance of singleton bean 'autoConfigurationReport'
14:11:12.523 [Test worker] DEBUG o.s.b.f.s.DefaultListableBeanFactory - Returning cached instance of singleton bean 'autoConfigurationReport'
14:11:12.526 [Test worker] DEBUG o.s.b.f.s.DefaultListableBeanFactory - Returning cached instance of singleton bean 'autoConfigurationReport'
14:11:12.532 [Test worker] DEBUG o.s.b.f.s.DefaultListableBeanFactory - Returning cached instance of singleton bean 'autoConfigurationReport'
14:11:12.543 [Test worker] DEBUG o.s.b.f.s.DefaultListableBeanFactory - Returning cached instance of singleton bean 'autoConfigurationReport'
14:11:12.548 [Test worker] DEBUG o.s.b.f.s.DefaultListableBeanFactory - Returning cached instance of singleton bean 'autoConfigurationReport'
14:11:12.550 [Test worker] DEBUG o.s.b.f.s.DefaultListableBeanFactory - Returning cached instance of singleton bean 'autoConfigurationReport'
14:11:12.552 [Test worker] DEBUG o.s.b.f.s.DefaultListableBeanFactory - Returning cached instance of singleton bean 'autoConfigurationReport'
14:11:12.553 [Test worker] DEBUG o.s.b.f.s.DefaultListableBeanFactory - Returning cached instance of singleton bean 'autoConfigurationReport'
14:11:12.556 [Test worker] DEBUG o.s.b.f.s.DefaultListableBeanFactory - Returning cached instance of singleton bean 'autoConfigurationReport'
14:11:12.564 [Test worker] DEBUG o.s.b.f.s.DefaultListableBeanFactory - Returning cached instance of singleton bean 'autoConfigurationReport'
14:11:12.565 [Test worker] DEBUG o.s.b.f.s.DefaultListableBeanFactory - Returning cached instance of singleton bean 'autoConfigurationReport'
14:11:12.565 [Test worker] DEBUG o.s.b.f.s.DefaultListableBeanFactory - Returning cached instance of singleton bean 'autoConfigurationReport'
14:11:12.573 [Test worker] DEBUG o.s.b.f.s.DefaultListableBeanFactory - Returning cached instance of singleton bean 'autoConfigurationReport'
14:11:12.575 [Test worker] DEBUG o.s.b.f.s.DefaultListableBeanFactory - Returning cached instance of singleton bean 'autoConfigurationReport'
14:11:12.579 [Test worker] DEBUG o.s.b.f.s.DefaultListableBeanFactory - Returning cached instance of singleton bean 'autoConfigurationReport'
14:11:12.583 [Test worker] DEBUG o.s.b.f.s.DefaultListableBeanFactory - Returning cached instance of singleton bean 'autoConfigurationReport'
14:11:12.585 [Test worker] DEBUG o.s.b.f.s.DefaultListableBeanFactory - Returning cached instance of singleton bean 'autoConfigurationReport'
14:11:12.587 [Test worker] DEBUG o.s.b.f.s.DefaultListableBeanFactory - Returning cached instance of singleton bean 'autoConfigurationReport'
14:11:12.589 [Test worker] DEBUG o.s.b.f.s.DefaultListableBeanFactory - Returning cached instance of singleton bean 'autoConfigurationReport'
14:11:12.590 [Test worker] DEBUG o.s.b.f.s.DefaultListableBeanFactory - Returning cached instance of singleton bean 'autoConfigurationReport'
14:11:12.597 [Test worker] DEBUG o.s.b.f.s.DefaultListableBeanFactory - Returning cached instance of singleton bean 'autoConfigurationReport'
14:11:12.598 [Test worker] DEBUG o.s.b.f.s.DefaultListableBeanFactory - Returning cached instance of singleton bean 'autoConfigurationReport'
14:11:12.599 [Test worker] DEBUG o.s.b.f.s.DefaultListableBeanFactory - Returning cached instance of singleton bean 'autoConfigurationReport'
14:11:12.600 [Test worker] DEBUG o.s.b.f.s.DefaultListableBeanFactory - Returning cached instance of singleton bean 'autoConfigurationReport'
14:11:12.600 [Test worker] DEBUG o.s.b.f.s.DefaultListableBeanFactory - Returning cached instance of singleton bean 'autoConfigurationReport'
14:11:12.601 [Test worker] DEBUG o.s.b.f.s.DefaultListableBeanFactory - Returning cached instance of singleton bean 'autoConfigurationReport'
14:11:12.602 [Test worker] DEBUG o.s.b.f.s.DefaultListableBeanFactory - Returning cached instance of singleton bean 'autoConfigurationReport'
14:11:12.603 [Test worker] DEBUG o.s.b.f.s.DefaultListableBeanFactory - Returning cached instance of singleton bean 'autoConfigurationReport'
14:11:12.612 [Test worker] DEBUG o.s.b.f.s.DefaultListableBeanFactory - Returning cached instance of singleton bean 'autoConfigurationReport'
14:11:12.613 [Test worker] DEBUG o.s.b.f.s.DefaultListableBeanFactory - Returning cached instance of singleton bean 'autoConfigurationReport'
14:11:12.614 [Test worker] DEBUG o.s.b.f.s.DefaultListableBeanFactory - Returning cached instance of singleton bean 'autoConfigurationReport'
14:11:12.615 [Test worker] DEBUG o.s.b.f.s.DefaultListableBeanFactory - Returning cached instance of singleton bean 'autoConfigurationReport'
14:11:12.615 [Test worker] DEBUG o.s.b.f.s.DefaultListableBeanFactory - Returning cached instance of singleton bean 'autoConfigurationReport'
14:11:12.616 [Test worker] DEBUG o.s.b.f.s.DefaultListableBeanFactory - Returning cached instance of singleton bean 'autoConfigurationReport'
14:11:12.619 [Test worker] DEBUG o.s.b.f.s.DefaultListableBeanFactory - Returning cached instance of singleton bean 'autoConfigurationReport'
14:11:12.620 [Test worker] DEBUG o.s.b.f.s.DefaultListableBeanFactory - Returning cached instance of singleton bean 'autoConfigurationReport'
14:11:12.621 [Test worker] DEBUG o.s.b.f.s.DefaultListableBeanFactory - Returning cached instance of singleton bean 'autoConfigurationReport'
14:11:12.623 [Test worker] DEBUG o.s.b.f.s.DefaultListableBeanFactory - Returning cached instance of singleton bean 'autoConfigurationReport'
14:11:12.635 [Test worker] DEBUG o.s.b.f.s.DefaultListableBeanFactory - Returning cached instance of singleton bean 'autoConfigurationReport'
14:11:12.638 [Test worker] DEBUG o.s.b.f.s.DefaultListableBeanFactory - Returning cached instance of singleton bean 'autoConfigurationReport'
14:11:12.642 [Test worker] DEBUG o.s.b.f.s.DefaultListableBeanFactory - Returning cached instance of singleton bean 'autoConfigurationReport'
14:11:12.645 [Test worker] DEBUG o.s.b.f.s.DefaultListableBeanFactory - Returning cached instance of singleton bean 'autoConfigurationReport'
14:11:12.648 [Test worker] DEBUG o.s.b.f.s.DefaultListableBeanFactory - Returning cached instance of singleton bean 'autoConfigurationReport'
14:11:12.648 [Test worker] DEBUG o.s.b.f.s.DefaultListableBeanFactory - Returning cached instance of singleton bean 'autoConfigurationReport'
14:11:12.652 [Test worker] DEBUG o.s.b.f.s.DefaultListableBeanFactory - Returning cached instance of singleton bean 'autoConfigurationReport'
14:11:12.655 [Test worker] DEBUG o.s.b.f.s.DefaultListableBeanFactory - Returning cached instance of singleton bean 'autoConfigurationReport'
14:11:12.657 [Test worker] DEBUG o.s.b.f.s.DefaultListableBeanFactory - Returning cached instance of singleton bean 'autoConfigurationReport'
14:11:12.661 [Test worker] DEBUG o.s.b.f.s.DefaultListableBeanFactory - Returning cached instance of singleton bean 'autoConfigurationReport'
14:11:12.663 [Test worker] DEBUG o.s.b.f.s.DefaultListableBeanFactory - Returning cached instance of singleton bean 'autoConfigurationReport'
14:11:12.664 [Test worker] DEBUG o.s.b.f.s.DefaultListableBeanFactory - Returning cached instance of singleton bean 'autoConfigurationReport'
14:11:12.665 [Test worker] DEBUG o.s.b.f.s.DefaultListableBeanFactory - Returning cached instance of singleton bean 'autoConfigurationReport'
14:11:12.666 [Test worker] DEBUG o.s.b.f.s.DefaultListableBeanFactory - Returning cached instance of singleton bean 'autoConfigurationReport'
14:11:12.667 [Test worker] DEBUG o.s.b.f.s.DefaultListableBeanFactory - Returning cached instance of singleton bean 'autoConfigurationReport'
14:11:12.668 [Test worker] DEBUG o.s.b.f.s.DefaultListableBeanFactory - Returning cached instance of singleton bean 'autoConfigurationReport'
14:11:12.669 [Test worker] DEBUG o.s.b.f.s.DefaultListableBeanFactory - Returning cached instance of singleton bean 'autoConfigurationReport'
14:11:12.670 [Test worker] DEBUG o.s.b.f.s.DefaultListableBeanFactory - Returning cached instance of singleton bean 'autoConfigurationReport'
14:11:12.671 [Test worker] DEBUG o.s.b.f.s.DefaultListableBeanFactory - Returning cached instance of singleton bean 'autoConfigurationReport'
14:11:12.673 [Test worker] DEBUG o.s.b.f.s.DefaultListableBeanFactory - Returning cached instance of singleton bean 'autoConfigurationReport'
14:11:12.674 [Test worker] DEBUG o.s.b.f.s.DefaultListableBeanFactory - Returning cached instance of singleton bean 'autoConfigurationReport'
14:11:12.675 [Test worker] DEBUG o.s.b.f.s.DefaultListableBeanFactory - Returning cached instance of singleton bean 'autoConfigurationReport'
14:11:12.676 [Test worker] DEBUG o.s.b.f.s.DefaultListableBeanFactory - Returning cached instance of singleton bean 'autoConfigurationReport'
14:11:12.677 [Test worker] DEBUG o.s.b.f.s.DefaultListableBeanFactory - Returning cached instance of singleton bean 'autoConfigurationReport'
14:11:12.678 [Test worker] DEBUG o.s.b.f.s.DefaultListableBeanFactory - Returning cached instance of singleton bean 'autoConfigurationReport'
14:11:12.680 [Test worker] DEBUG o.s.b.f.s.DefaultListableBeanFactory - Returning cached instance of singleton bean 'autoConfigurationReport'
14:11:12.681 [Test worker] DEBUG o.s.b.f.s.DefaultListableBeanFactory - Returning cached instance of singleton bean 'autoConfigurationReport'
14:11:12.682 [Test worker] DEBUG o.s.b.f.s.DefaultListableBeanFactory - Returning cached instance of singleton bean 'autoConfigurationReport'
14:11:12.683 [Test worker] DEBUG o.s.b.f.s.DefaultListableBeanFactory - Returning cached instance of singleton bean 'autoConfigurationReport'
14:11:12.685 [Test worker] DEBUG o.s.b.f.s.DefaultListableBeanFactory - Returning cached instance of singleton bean 'autoConfigurationReport'
14:11:12.687 [Test worker] DEBUG o.s.b.f.s.DefaultListableBeanFactory - Returning cached instance of singleton bean 'autoConfigurationReport'
14:11:12.692 [Test worker] DEBUG o.s.c.a.ConfigurationClassBeanDefinitionReader - Registering bean definition for @Bean method org.project.neutrino.nfvo.repositories.tests.ApplicationTest.dataSource()
14:11:12.699 [Test worker] DEBUG o.s.core.env.StandardEnvironment - Adding [systemProperties] PropertySource with lowest search precedence
14:11:12.699 [Test worker] DEBUG o.s.core.env.StandardEnvironment - Adding [systemEnvironment] PropertySource with lowest search precedence
14:11:12.699 [Test worker] DEBUG o.s.core.env.StandardEnvironment - Initialized StandardEnvironment with PropertySources [systemProperties,systemEnvironment]
14:11:12.701 [Test worker] DEBUG o.s.c.i.s.PathMatchingResourcePatternResolver - Looking for matching resources in jar file [file:/Users/lto/.gradle/caches/modules-2/files-2.1/org.springframework.data/spring-data-jpa/1.7.2.RELEASE/cc2be6b81771fca7c3d92c6277d00e65b19807b8/spring-data-jpa-1.7.2.RELEASE.jar]
14:11:12.708 [Test worker] DEBUG o.s.c.i.s.PathMatchingResourcePatternResolver - Looking for matching resources in jar file [file:/Users/lto/.gradle/caches/modules-2/files-2.1/org.springframework.data/spring-data-commons/1.9.2.RELEASE/6f92f93d9f837ea8a97a99e9bb850d3a08974c99/spring-data-commons-1.9.2.RELEASE.jar]
14:11:12.725 [Test worker] DEBUG o.s.c.i.s.PathMatchingResourcePatternResolver - Resolved location pattern [classpath*:org/springframework/data/**/repository/support/**/*.class] to resources [URL [jar:file:/Users/lto/.gradle/caches/modules-2/files-2.1/org.springframework.data/spring-data-jpa/1.7.2.RELEASE/cc2be6b81771fca7c3d92c6277d00e65b19807b8/spring-data-jpa-1.7.2.RELEASE.jar!/org/springframework/data/jpa/repository/support/EntityManagerBeanDefinitionRegistrarPostProcessor.class], URL [jar:file:/Users/lto/.gradle/caches/modules-2/files-2.1/org.springframework.data/spring-data-jpa/1.7.2.RELEASE/cc2be6b81771fca7c3d92c6277d00e65b19807b8/spring-data-jpa-1.7.2.RELEASE.jar!/org/springframework/data/jpa/repository/support/QueryDslJpaRepository.class], URL [jar:file:/Users/lto/.gradle/caches/modules-2/files-2.1/org.springframework.data/spring-data-jpa/1.7.2.RELEASE/cc2be6b81771fca7c3d92c6277d00e65b19807b8/spring-data-jpa-1.7.2.RELEASE.jar!/org/springframework/data/jpa/repository/support/JpaMetamodelEntityInformation$IdMetadata.class], URL [jar:file:/Users/lto/.gradle/caches/modules-2/files-2.1/org.springframework.data/spring-data-jpa/1.7.2.RELEASE/cc2be6b81771fca7c3d92c6277d00e65b19807b8/spring-data-jpa-1.7.2.RELEASE.jar!/org/springframework/data/jpa/repository/support/JpaRepositoryFactoryBean.class], URL [jar:file:/Users/lto/.gradle/caches/modules-2/files-2.1/org.springframework.data/spring-data-jpa/1.7.2.RELEASE/cc2be6b81771fca7c3d92c6277d00e65b19807b8/spring-data-jpa-1.7.2.RELEASE.jar!/org/springframework/data/jpa/repository/support/JpaPersistableEntityInformation.class], URL [jar:file:/Users/lto/.gradle/caches/modules-2/files-2.1/org.springframework.data/spring-data-jpa/1.7.2.RELEASE/cc2be6b81771fca7c3d92c6277d00e65b19807b8/spring-data-jpa-1.7.2.RELEASE.jar!/org/springframework/data/jpa/repository/support/CrudMethodMetadataPostProcessor$CrudMethodMetadataPopulatingMethodIntercceptor.class], URL [jar:file:/Users/lto/.gradle/caches/modules-2/files-2.1/org.springframework.data/spring-data-jpa/1.7.2.RELEASE/cc2be6b81771fca7c3d92c6277d00e65b19807b8/spring-data-jpa-1.7.2.RELEASE.jar!/org/springframework/data/jpa/repository/support/CrudMethodMetadataPostProcessor.class], URL [jar:file:/Users/lto/.gradle/caches/modules-2/files-2.1/org.springframework.data/spring-data-jpa/1.7.2.RELEASE/cc2be6b81771fca7c3d92c6277d00e65b19807b8/spring-data-jpa-1.7.2.RELEASE.jar!/org/springframework/data/jpa/repository/support/Querydsl.class], URL [jar:file:/Users/lto/.gradle/caches/modules-2/files-2.1/org.springframework.data/spring-data-jpa/1.7.2.RELEASE/cc2be6b81771fca7c3d92c6277d00e65b19807b8/spring-data-jpa-1.7.2.RELEASE.jar!/org/springframework/data/jpa/repository/support/CrudMethodMetadataPostProcessor$1.class], URL [jar:file:/Users/lto/.gradle/caches/modules-2/files-2.1/org.springframework.data/spring-data-jpa/1.7.2.RELEASE/cc2be6b81771fca7c3d92c6277d00e65b19807b8/spring-data-jpa-1.7.2.RELEASE.jar!/org/springframework/data/jpa/repository/support/PersistenceProvider$4.class], URL [jar:file:/Users/lto/.gradle/caches/modules-2/files-2.1/org.springframework.data/spring-data-jpa/1.7.2.RELEASE/cc2be6b81771fca7c3d92c6277d00e65b19807b8/spring-data-jpa-1.7.2.RELEASE.jar!/org/springframework/data/jpa/repository/support/CrudMethodMetadataPostProcessor$DefaultCrudMethodMetadata.class], URL [jar:file:/Users/lto/.gradle/caches/modules-2/files-2.1/org.springframework.data/spring-data-jpa/1.7.2.RELEASE/cc2be6b81771fca7c3d92c6277d00e65b19807b8/spring-data-jpa-1.7.2.RELEASE.jar!/org/springframework/data/jpa/repository/support/PersistenceProvider$3.class], URL [jar:file:/Users/lto/.gradle/caches/modules-2/files-2.1/org.springframework.data/spring-data-jpa/1.7.2.RELEASE/cc2be6b81771fca7c3d92c6277d00e65b19807b8/spring-data-jpa-1.7.2.RELEASE.jar!/org/springframework/data/jpa/repository/support/PersistenceProvider$2.class], URL [jar:file:/Users/lto/.gradle/caches/modules-2/files-2.1/org.springframework.data/spring-data-jpa/1.7.2.RELEASE/cc2be6b81771fca7c3d92c6277d00e65b19807b8/spring-data-jpa-1.7.2.RELEASE.jar!/org/springframework/data/jpa/repository/support/QueryDslRepositorySupport.class], URL [jar:file:/Users/lto/.gradle/caches/modules-2/files-2.1/org.springframework.data/spring-data-jpa/1.7.2.RELEASE/cc2be6b81771fca7c3d92c6277d00e65b19807b8/spring-data-jpa-1.7.2.RELEASE.jar!/org/springframework/data/jpa/repository/support/PersistenceProvider.class], URL [jar:file:/Users/lto/.gradle/caches/modules-2/files-2.1/org.springframework.data/spring-data-jpa/1.7.2.RELEASE/cc2be6b81771fca7c3d92c6277d00e65b19807b8/spring-data-jpa-1.7.2.RELEASE.jar!/org/springframework/data/jpa/repository/support/CrudMethodMetadata.class], URL [jar:file:/Users/lto/.gradle/caches/modules-2/files-2.1/org.springframework.data/spring-data-jpa/1.7.2.RELEASE/cc2be6b81771fca7c3d92c6277d00e65b19807b8/spring-data-jpa-1.7.2.RELEASE.jar!/org/springframework/data/jpa/repository/support/CrudMethodMetadataPostProcessor$ThreadBoundTargetSource.class], URL [jar:file:/Users/lto/.gradle/caches/modules-2/files-2.1/org.springframework.data/spring-data-jpa/1.7.2.RELEASE/cc2be6b81771fca7c3d92c6277d00e65b19807b8/spring-data-jpa-1.7.2.RELEASE.jar!/org/springframework/data/jpa/repository/support/JpaEntityInformationSupport.class], URL [jar:file:/Users/lto/.gradle/caches/modules-2/files-2.1/org.springframework.data/spring-data-jpa/1.7.2.RELEASE/cc2be6b81771fca7c3d92c6277d00e65b19807b8/spring-data-jpa-1.7.2.RELEASE.jar!/org/springframework/data/jpa/repository/support/JpaEntityInformation.class], URL [jar:file:/Users/lto/.gradle/caches/modules-2/files-2.1/org.springframework.data/spring-data-jpa/1.7.2.RELEASE/cc2be6b81771fca7c3d92c6277d00e65b19807b8/spring-data-jpa-1.7.2.RELEASE.jar!/org/springframework/data/jpa/repository/support/SimpleJpaRepository$ByIdsSpecification.class], URL [jar:file:/Users/lto/.gradle/caches/modules-2/files-2.1/org.springframework.data/spring-data-jpa/1.7.2.RELEASE/cc2be6b81771fca7c3d92c6277d00e65b19807b8/spring-data-jpa-1.7.2.RELEASE.jar!/org/springframework/data/jpa/repository/support/JpaRepositoryFactory.class], URL [jar:file:/Users/lto/.gradle/caches/modules-2/files-2.1/org.springframework.data/spring-data-jpa/1.7.2.RELEASE/cc2be6b81771fca7c3d92c6277d00e65b19807b8/spring-data-jpa-1.7.2.RELEASE.jar!/org/springframework/data/jpa/repository/support/JpaMetamodelEntityInformation$IdentifierDerivingDirectFieldAccessFallbackBeanWrapper.class], URL [jar:file:/Users/lto/.gradle/caches/modules-2/files-2.1/org.springframework.data/spring-data-jpa/1.7.2.RELEASE/cc2be6b81771fca7c3d92c6277d00e65b19807b8/spring-data-jpa-1.7.2.RELEASE.jar!/org/springframework/data/jpa/repository/support/Querydsl$1.class], URL [jar:file:/Users/lto/.gradle/caches/modules-2/files-2.1/org.springframework.data/spring-data-jpa/1.7.2.RELEASE/cc2be6b81771fca7c3d92c6277d00e65b19807b8/spring-data-jpa-1.7.2.RELEASE.jar!/org/springframework/data/jpa/repository/support/PersistenceProvider$1.class], URL [jar:file:/Users/lto/.gradle/caches/modules-2/files-2.1/org.springframework.data/spring-data-jpa/1.7.2.RELEASE/cc2be6b81771fca7c3d92c6277d00e65b19807b8/spring-data-jpa-1.7.2.RELEASE.jar!/org/springframework/data/jpa/repository/support/PersistenceProvider$Constants.class], URL [jar:file:/Users/lto/.gradle/caches/modules-2/files-2.1/org.springframework.data/spring-data-jpa/1.7.2.RELEASE/cc2be6b81771fca7c3d92c6277d00e65b19807b8/spring-data-jpa-1.7.2.RELEASE.jar!/org/springframework/data/jpa/repository/support/JpaMetamodelEntityInformation.class], URL [jar:file:/Users/lto/.gradle/caches/modules-2/files-2.1/org.springframework.data/spring-data-jpa/1.7.2.RELEASE/cc2be6b81771fca7c3d92c6277d00e65b19807b8/spring-data-jpa-1.7.2.RELEASE.jar!/org/springframework/data/jpa/repository/support/SimpleJpaRepository.class], URL [jar:file:/Users/lto/.gradle/caches/modules-2/files-2.1/org.springframework.data/spring-data-commons/1.9.2.RELEASE/6f92f93d9f837ea8a97a99e9bb850d3a08974c99/spring-data-commons-1.9.2.RELEASE.jar!/org/springframework/data/repository/support/Repositories$EmptyRepositoryFactoryInformation.class], URL [jar:file:/Users/lto/.gradle/caches/modules-2/files-2.1/org.springframework.data/spring-data-commons/1.9.2.RELEASE/6f92f93d9f837ea8a97a99e9bb850d3a08974c99/spring-data-commons-1.9.2.RELEASE.jar!/org/springframework/data/repository/support/DomainClassPropertyEditorRegistrar.class], URL [jar:file:/Users/lto/.gradle/caches/modules-2/files-2.1/org.springframework.data/spring-data-commons/1.9.2.RELEASE/6f92f93d9f837ea8a97a99e9bb850d3a08974c99/spring-data-commons-1.9.2.RELEASE.jar!/org/springframework/data/repository/support/CrudRepositoryInvoker.class], URL [jar:file:/Users/lto/.gradle/caches/modules-2/files-2.1/org.springframework.data/spring-data-commons/1.9.2.RELEASE/6f92f93d9f837ea8a97a99e9bb850d3a08974c99/spring-data-commons-1.9.2.RELEASE.jar!/org/springframework/data/repository/support/Repositories.class], URL [jar:file:/Users/lto/.gradle/caches/modules-2/files-2.1/org.springframework.data/spring-data-commons/1.9.2.RELEASE/6f92f93d9f837ea8a97a99e9bb850d3a08974c99/spring-data-commons-1.9.2.RELEASE.jar!/org/springframework/data/repository/support/ReflectionRepositoryInvoker.class], URL [jar:file:/Users/lto/.gradle/caches/modules-2/files-2.1/org.springframework.data/spring-data-commons/1.9.2.RELEASE/6f92f93d9f837ea8a97a99e9bb850d3a08974c99/spring-data-commons-1.9.2.RELEASE.jar!/org/springframework/data/repository/support/DomainClassPropertyEditor.class], URL [jar:file:/Users/lto/.gradle/caches/modules-2/files-2.1/org.springframework.data/spring-data-commons/1.9.2.RELEASE/6f92f93d9f837ea8a97a99e9bb850d3a08974c99/spring-data-commons-1.9.2.RELEASE.jar!/org/springframework/data/repository/support/DomainClassConverter.class]]
14:11:12.758 [Test worker] DEBUG o.s.c.a.ClassPathScanningCandidateComponentProvider - Identified candidate component class: URL [jar:file:/Users/lto/.gradle/caches/modules-2/files-2.1/org.springframework.data/spring-data-jpa/1.7.2.RELEASE/cc2be6b81771fca7c3d92c6277d00e65b19807b8/spring-data-jpa-1.7.2.RELEASE.jar!/org/springframework/data/jpa/repository/support/JpaRepositoryFactory.class]
14:11:12.780 [Test worker] DEBUG o.s.core.env.StandardEnvironment - Adding [systemProperties] PropertySource with lowest search precedence
14:11:12.780 [Test worker] DEBUG o.s.core.env.StandardEnvironment - Adding [systemEnvironment] PropertySource with lowest search precedence
14:11:12.780 [Test worker] DEBUG o.s.core.env.StandardEnvironment - Initialized StandardEnvironment with PropertySources [systemProperties,systemEnvironment]
14:11:12.783 [Test worker] DEBUG o.s.c.i.s.PathMatchingResourcePatternResolver - Looking for matching resources in directory tree [/opt/neutrino/nfvo/repositories/repositories-implementation/build/classes/main/org/project/neutrino/nfvo/abstract_repositories]
14:11:12.783 [Test worker] DEBUG o.s.c.i.s.PathMatchingResourcePatternResolver - Searching directory [/opt/neutrino/nfvo/repositories/repositories-implementation/build/classes/main/org/project/neutrino/nfvo/abstract_repositories] for files matching pattern [/opt/neutrino/nfvo/repositories/repositories-implementation/build/classes/main/org/project/neutrino/nfvo/abstract_repositories/**/*.class]
14:11:12.784 [Test worker] DEBUG o.s.c.i.s.PathMatchingResourcePatternResolver - Resolved location pattern [classpath*:org/project/neutrino/nfvo/abstract_repositories/**/*.class] to resources [file [/opt/neutrino/nfvo/repositories/repositories-implementation/build/classes/main/org/project/neutrino/nfvo/abstract_repositories/DatabaseRepository$1.class], file [/opt/neutrino/nfvo/repositories/repositories-implementation/build/classes/main/org/project/neutrino/nfvo/abstract_repositories/DatabaseRepository$2.class], file [/opt/neutrino/nfvo/repositories/repositories-implementation/build/classes/main/org/project/neutrino/nfvo/abstract_repositories/DatabaseRepository.class]]
14:11:12.787 [Test worker] DEBUG o.s.c.t.c.AnnotationAttributesReadingVisitor - Failed to class-load type while reading annotation metadata. This is a non-fatal error, but certain annotation metadata may be unavailable.
java.lang.ClassNotFoundException: javax.annotation.Nullable
	at java.net.URLClassLoader$1.run(URLClassLoader.java:366) ~[na:1.7.0_67]
	at java.net.URLClassLoader$1.run(URLClassLoader.java:355) ~[na:1.7.0_67]
	at java.security.AccessController.doPrivileged(Native Method) ~[na:1.7.0_67]
	at java.net.URLClassLoader.findClass(URLClassLoader.java:354) ~[na:1.7.0_67]
	at java.lang.ClassLoader.loadClass(ClassLoader.java:425) ~[na:1.7.0_67]
	at sun.misc.Launcher$AppClassLoader.loadClass(Launcher.java:308) ~[na:1.7.0_67]
	at java.lang.ClassLoader.loadClass(ClassLoader.java:358) ~[na:1.7.0_67]
	at org.springframework.core.type.classreading.RecursiveAnnotationAttributesVisitor.visitEnd(RecursiveAnnotationAttributesVisitor.java:47) ~[spring-core-4.1.6.RELEASE.jar:4.1.6.RELEASE]
	at org.springframework.asm.ClassReader.readAnnotationValues(ClassReader.java:1802) [spring-core-4.1.6.RELEASE.jar:4.1.6.RELEASE]
	at org.springframework.asm.ClassReader.readMethod(ClassReader.java:976) [spring-core-4.1.6.RELEASE.jar:4.1.6.RELEASE]
	at org.springframework.asm.ClassReader.accept(ClassReader.java:695) [spring-core-4.1.6.RELEASE.jar:4.1.6.RELEASE]
	at org.springframework.asm.ClassReader.accept(ClassReader.java:508) [spring-core-4.1.6.RELEASE.jar:4.1.6.RELEASE]
	at org.springframework.core.type.classreading.SimpleMetadataReader.<init>(SimpleMetadataReader.java:64) [spring-core-4.1.6.RELEASE.jar:4.1.6.RELEASE]
	at org.springframework.core.type.classreading.SimpleMetadataReaderFactory.getMetadataReader(SimpleMetadataReaderFactory.java:98) [spring-core-4.1.6.RELEASE.jar:4.1.6.RELEASE]
	at org.springframework.core.type.classreading.CachingMetadataReaderFactory.getMetadataReader(CachingMetadataReaderFactory.java:102) [spring-core-4.1.6.RELEASE.jar:4.1.6.RELEASE]
	at org.springframework.core.type.classreading.SimpleMetadataReaderFactory.getMetadataReader(SimpleMetadataReaderFactory.java:93) [spring-core-4.1.6.RELEASE.jar:4.1.6.RELEASE]
	at org.springframework.core.type.filter.AbstractTypeHierarchyTraversingFilter.match(AbstractTypeHierarchyTraversingFilter.java:121) [spring-core-4.1.6.RELEASE.jar:4.1.6.RELEASE]
	at org.springframework.core.type.filter.AbstractTypeHierarchyTraversingFilter.match(AbstractTypeHierarchyTraversingFilter.java:81) [spring-core-4.1.6.RELEASE.jar:4.1.6.RELEASE]
	at org.springframework.context.annotation.ClassPathScanningCandidateComponentProvider.isCandidateComponent(ClassPathScanningCandidateComponentProvider.java:346) [spring-context-4.1.6.RELEASE.jar:4.1.6.RELEASE]
	at org.springframework.context.annotation.ClassPathScanningCandidateComponentProvider.findCandidateComponents(ClassPathScanningCandidateComponentProvider.java:280) [spring-context-4.1.6.RELEASE.jar:4.1.6.RELEASE]
	at org.springframework.data.repository.config.RepositoryComponentProvider.findCandidateComponents(RepositoryComponentProvider.java:121) [spring-data-commons-1.9.2.RELEASE.jar:na]
	at org.springframework.data.repository.config.RepositoryConfigurationSourceSupport.getCandidates(RepositoryConfigurationSourceSupport.java:70) [spring-data-commons-1.9.2.RELEASE.jar:na]
	at org.springframework.data.repository.config.RepositoryConfigurationExtensionSupport.getRepositoryConfigurations(RepositoryConfigurationExtensionSupport.java:85) [spring-data-commons-1.9.2.RELEASE.jar:na]
	at org.springframework.data.repository.config.RepositoryConfigurationDelegate.registerRepositoriesIn(RepositoryConfigurationDelegate.java:126) [spring-data-commons-1.9.2.RELEASE.jar:na]
	at org.springframework.data.repository.config.RepositoryBeanDefinitionRegistrarSupport.registerBeanDefinitions(RepositoryBeanDefinitionRegistrarSupport.java:83) [spring-data-commons-1.9.2.RELEASE.jar:na]
	at org.springframework.context.annotation.ConfigurationClassBeanDefinitionReader.loadBeanDefinitionsFromRegistrars(ConfigurationClassBeanDefinitionReader.java:353) [spring-context-4.1.6.RELEASE.jar:4.1.6.RELEASE]
	at org.springframework.context.annotation.ConfigurationClassBeanDefinitionReader.loadBeanDefinitionsForConfigurationClass(ConfigurationClassBeanDefinitionReader.java:151) [spring-context-4.1.6.RELEASE.jar:4.1.6.RELEASE]
	at org.springframework.context.annotation.ConfigurationClassBeanDefinitionReader.loadBeanDefinitions(ConfigurationClassBeanDefinitionReader.java:124) [spring-context-4.1.6.RELEASE.jar:4.1.6.RELEASE]
	at org.springframework.context.annotation.ConfigurationClassPostProcessor.processConfigBeanDefinitions(ConfigurationClassPostProcessor.java:318) [spring-context-4.1.6.RELEASE.jar:4.1.6.RELEASE]
	at org.springframework.context.annotation.ConfigurationClassPostProcessor.postProcessBeanDefinitionRegistry(ConfigurationClassPostProcessor.java:239) [spring-context-4.1.6.RELEASE.jar:4.1.6.RELEASE]
	at org.springframework.context.support.PostProcessorRegistrationDelegate.invokeBeanDefinitionRegistryPostProcessors(PostProcessorRegistrationDelegate.java:254) [spring-context-4.1.6.RELEASE.jar:4.1.6.RELEASE]
	at org.springframework.context.support.PostProcessorRegistrationDelegate.invokeBeanFactoryPostProcessors(PostProcessorRegistrationDelegate.java:94) [spring-context-4.1.6.RELEASE.jar:4.1.6.RELEASE]
	at org.springframework.context.support.AbstractApplicationContext.invokeBeanFactoryPostProcessors(AbstractApplicationContext.java:606) [spring-context-4.1.6.RELEASE.jar:4.1.6.RELEASE]
	at org.springframework.context.support.AbstractApplicationContext.refresh(AbstractApplicationContext.java:462) [spring-context-4.1.6.RELEASE.jar:4.1.6.RELEASE]
	at org.springframework.test.context.support.AbstractGenericContextLoader.loadContext(AbstractGenericContextLoader.java:125) [spring-test-4.1.6.RELEASE.jar:4.1.6.RELEASE]
	at org.springframework.test.context.support.AbstractGenericContextLoader.loadContext(AbstractGenericContextLoader.java:60) [spring-test-4.1.6.RELEASE.jar:4.1.6.RELEASE]
	at org.springframework.test.context.support.AbstractDelegatingSmartContextLoader.delegateLoading(AbstractDelegatingSmartContextLoader.java:109) [spring-test-4.1.6.RELEASE.jar:4.1.6.RELEASE]
	at org.springframework.test.context.support.AbstractDelegatingSmartContextLoader.loadContext(AbstractDelegatingSmartContextLoader.java:261) [spring-test-4.1.6.RELEASE.jar:4.1.6.RELEASE]
	at org.springframework.test.context.DefaultCacheAwareContextLoaderDelegate.loadContextInternal(DefaultCacheAwareContextLoaderDelegate.java:68) [spring-test-4.1.6.RELEASE.jar:4.1.6.RELEASE]
	at org.springframework.test.context.DefaultCacheAwareContextLoaderDelegate.loadContext(DefaultCacheAwareContextLoaderDelegate.java:86) [spring-test-4.1.6.RELEASE.jar:4.1.6.RELEASE]
	at org.springframework.test.context.DefaultTestContext.getApplicationContext(DefaultTestContext.java:72) [spring-test-4.1.6.RELEASE.jar:4.1.6.RELEASE]
	at org.springframework.test.context.support.DependencyInjectionTestExecutionListener.injectDependencies(DependencyInjectionTestExecutionListener.java:117) [spring-test-4.1.6.RELEASE.jar:4.1.6.RELEASE]
	at org.springframework.test.context.support.DependencyInjectionTestExecutionListener.prepareTestInstance(DependencyInjectionTestExecutionListener.java:83) [spring-test-4.1.6.RELEASE.jar:4.1.6.RELEASE]
	at org.springframework.test.context.TestContextManager.prepareTestInstance(TestContextManager.java:212) [spring-test-4.1.6.RELEASE.jar:4.1.6.RELEASE]
	at org.springframework.test.context.junit4.SpringJUnit4ClassRunner.createTest(SpringJUnit4ClassRunner.java:200) [spring-test-4.1.6.RELEASE.jar:4.1.6.RELEASE]
	at org.springframework.test.context.junit4.SpringJUnit4ClassRunner$1.runReflectiveCall(SpringJUnit4ClassRunner.java:259) [spring-test-4.1.6.RELEASE.jar:4.1.6.RELEASE]
	at org.junit.internal.runners.model.ReflectiveCallable.run(ReflectiveCallable.java:12) [junit-4.11.jar:na]
	at org.springframework.test.context.junit4.SpringJUnit4ClassRunner.methodBlock(SpringJUnit4ClassRunner.java:261) [spring-test-4.1.6.RELEASE.jar:4.1.6.RELEASE]
	at org.springframework.test.context.junit4.SpringJUnit4ClassRunner.runChild(SpringJUnit4ClassRunner.java:219) [spring-test-4.1.6.RELEASE.jar:4.1.6.RELEASE]
	at org.springframework.test.context.junit4.SpringJUnit4ClassRunner.runChild(SpringJUnit4ClassRunner.java:83) [spring-test-4.1.6.RELEASE.jar:4.1.6.RELEASE]
	at org.junit.runners.ParentRunner$3.run(ParentRunner.java:238) [junit-4.11.jar:na]
	at org.junit.runners.ParentRunner$1.schedule(ParentRunner.java:63) [junit-4.11.jar:na]
	at org.junit.runners.ParentRunner.runChildren(ParentRunner.java:236) [junit-4.11.jar:na]
	at org.junit.runners.ParentRunner.access$000(ParentRunner.java:53) [junit-4.11.jar:na]
	at org.junit.runners.ParentRunner$2.evaluate(ParentRunner.java:229) [junit-4.11.jar:na]
	at org.junit.internal.runners.statements.RunBefores.evaluate(RunBefores.java:26) [junit-4.11.jar:na]
	at org.springframework.test.context.junit4.statements.RunBeforeTestClassCallbacks.evaluate(RunBeforeTestClassCallbacks.java:61) [spring-test-4.1.6.RELEASE.jar:4.1.6.RELEASE]
	at org.springframework.test.context.junit4.statements.RunAfterTestClassCallbacks.evaluate(RunAfterTestClassCallbacks.java:68) [spring-test-4.1.6.RELEASE.jar:4.1.6.RELEASE]
	at org.junit.runners.ParentRunner.run(ParentRunner.java:309) [junit-4.11.jar:na]
	at org.springframework.test.context.junit4.SpringJUnit4ClassRunner.run(SpringJUnit4ClassRunner.java:163) [spring-test-4.1.6.RELEASE.jar:4.1.6.RELEASE]
	at org.gradle.api.internal.tasks.testing.junit.JUnitTestClassExecuter.runTestClass(JUnitTestClassExecuter.java:86) [gradle-plugins-2.3.jar:2.3]
	at org.gradle.api.internal.tasks.testing.junit.JUnitTestClassExecuter.execute(JUnitTestClassExecuter.java:49) [gradle-plugins-2.3.jar:2.3]
	at org.gradle.api.internal.tasks.testing.junit.JUnitTestClassProcessor.processTestClass(JUnitTestClassProcessor.java:64) [gradle-plugins-2.3.jar:2.3]
	at org.gradle.api.internal.tasks.testing.SuiteTestClassProcessor.processTestClass(SuiteTestClassProcessor.java:50) [gradle-plugins-2.3.jar:2.3]
	at sun.reflect.NativeMethodAccessorImpl.invoke0(Native Method) ~[na:1.7.0_67]
	at sun.reflect.NativeMethodAccessorImpl.invoke(NativeMethodAccessorImpl.java:57) ~[na:1.7.0_67]
	at sun.reflect.DelegatingMethodAccessorImpl.invoke(DelegatingMethodAccessorImpl.java:43) ~[na:1.7.0_67]
	at java.lang.reflect.Method.invoke(Method.java:606) ~[na:1.7.0_67]
	at org.gradle.messaging.dispatch.ReflectionDispatch.dispatch(ReflectionDispatch.java:35) [gradle-messaging-2.3.jar:2.3]
	at org.gradle.messaging.dispatch.ReflectionDispatch.dispatch(ReflectionDispatch.java:24) [gradle-messaging-2.3.jar:2.3]
	at org.gradle.messaging.dispatch.ContextClassLoaderDispatch.dispatch(ContextClassLoaderDispatch.java:32) [gradle-messaging-2.3.jar:2.3]
	at org.gradle.messaging.dispatch.ProxyDispatchAdapter$DispatchingInvocationHandler.invoke(ProxyDispatchAdapter.java:93) [gradle-messaging-2.3.jar:2.3]
	at com.sun.proxy.$Proxy2.processTestClass(Unknown Source) [na:na]
	at org.gradle.api.internal.tasks.testing.worker.TestWorker.processTestClass(TestWorker.java:106) [gradle-plugins-2.3.jar:2.3]
	at sun.reflect.NativeMethodAccessorImpl.invoke0(Native Method) ~[na:1.7.0_67]
	at sun.reflect.NativeMethodAccessorImpl.invoke(NativeMethodAccessorImpl.java:57) ~[na:1.7.0_67]
	at sun.reflect.DelegatingMethodAccessorImpl.invoke(DelegatingMethodAccessorImpl.java:43) ~[na:1.7.0_67]
	at java.lang.reflect.Method.invoke(Method.java:606) ~[na:1.7.0_67]
	at org.gradle.messaging.dispatch.ReflectionDispatch.dispatch(ReflectionDispatch.java:35) [gradle-messaging-2.3.jar:2.3]
	at org.gradle.messaging.dispatch.ReflectionDispatch.dispatch(ReflectionDispatch.java:24) [gradle-messaging-2.3.jar:2.3]
	at org.gradle.messaging.remote.internal.hub.MessageHub$Handler.run(MessageHub.java:360) [gradle-messaging-2.3.jar:2.3]
	at org.gradle.internal.concurrent.DefaultExecutorFactory$StoppableExecutorImpl$1.run(DefaultExecutorFactory.java:64) [gradle-base-services-2.3.jar:2.3]
	at java.util.concurrent.ThreadPoolExecutor.runWorker(ThreadPoolExecutor.java:1145) [na:1.7.0_67]
	at java.util.concurrent.ThreadPoolExecutor$Worker.run(ThreadPoolExecutor.java:615) [na:1.7.0_67]
	at java.lang.Thread.run(Thread.java:745) [na:1.7.0_67]
14:11:12.796 [Test worker] DEBUG o.s.c.t.c.AnnotationAttributesReadingVisitor - Failed to class-load type while reading annotation metadata. This is a non-fatal error, but certain annotation metadata may be unavailable.
java.lang.ClassNotFoundException: javax.annotation.Nullable
	at java.net.URLClassLoader$1.run(URLClassLoader.java:366) ~[na:1.7.0_67]
	at java.net.URLClassLoader$1.run(URLClassLoader.java:355) ~[na:1.7.0_67]
	at java.security.AccessController.doPrivileged(Native Method) ~[na:1.7.0_67]
	at java.net.URLClassLoader.findClass(URLClassLoader.java:354) ~[na:1.7.0_67]
	at java.lang.ClassLoader.loadClass(ClassLoader.java:425) ~[na:1.7.0_67]
	at sun.misc.Launcher$AppClassLoader.loadClass(Launcher.java:308) ~[na:1.7.0_67]
	at java.lang.ClassLoader.loadClass(ClassLoader.java:358) ~[na:1.7.0_67]
	at org.springframework.core.type.classreading.RecursiveAnnotationAttributesVisitor.visitEnd(RecursiveAnnotationAttributesVisitor.java:47) ~[spring-core-4.1.6.RELEASE.jar:4.1.6.RELEASE]
	at org.springframework.asm.ClassReader.readAnnotationValues(ClassReader.java:1802) [spring-core-4.1.6.RELEASE.jar:4.1.6.RELEASE]
	at org.springframework.asm.ClassReader.readMethod(ClassReader.java:976) [spring-core-4.1.6.RELEASE.jar:4.1.6.RELEASE]
	at org.springframework.asm.ClassReader.accept(ClassReader.java:695) [spring-core-4.1.6.RELEASE.jar:4.1.6.RELEASE]
	at org.springframework.asm.ClassReader.accept(ClassReader.java:508) [spring-core-4.1.6.RELEASE.jar:4.1.6.RELEASE]
	at org.springframework.core.type.classreading.SimpleMetadataReader.<init>(SimpleMetadataReader.java:64) [spring-core-4.1.6.RELEASE.jar:4.1.6.RELEASE]
	at org.springframework.core.type.classreading.SimpleMetadataReaderFactory.getMetadataReader(SimpleMetadataReaderFactory.java:98) [spring-core-4.1.6.RELEASE.jar:4.1.6.RELEASE]
	at org.springframework.core.type.classreading.CachingMetadataReaderFactory.getMetadataReader(CachingMetadataReaderFactory.java:102) [spring-core-4.1.6.RELEASE.jar:4.1.6.RELEASE]
	at org.springframework.core.type.classreading.SimpleMetadataReaderFactory.getMetadataReader(SimpleMetadataReaderFactory.java:93) [spring-core-4.1.6.RELEASE.jar:4.1.6.RELEASE]
	at org.springframework.core.type.filter.AbstractTypeHierarchyTraversingFilter.match(AbstractTypeHierarchyTraversingFilter.java:121) [spring-core-4.1.6.RELEASE.jar:4.1.6.RELEASE]
	at org.springframework.core.type.filter.AbstractTypeHierarchyTraversingFilter.match(AbstractTypeHierarchyTraversingFilter.java:81) [spring-core-4.1.6.RELEASE.jar:4.1.6.RELEASE]
	at org.springframework.context.annotation.ClassPathScanningCandidateComponentProvider.isCandidateComponent(ClassPathScanningCandidateComponentProvider.java:346) [spring-context-4.1.6.RELEASE.jar:4.1.6.RELEASE]
	at org.springframework.context.annotation.ClassPathScanningCandidateComponentProvider.findCandidateComponents(ClassPathScanningCandidateComponentProvider.java:280) [spring-context-4.1.6.RELEASE.jar:4.1.6.RELEASE]
	at org.springframework.data.repository.config.RepositoryComponentProvider.findCandidateComponents(RepositoryComponentProvider.java:121) [spring-data-commons-1.9.2.RELEASE.jar:na]
	at org.springframework.data.repository.config.RepositoryConfigurationSourceSupport.getCandidates(RepositoryConfigurationSourceSupport.java:70) [spring-data-commons-1.9.2.RELEASE.jar:na]
	at org.springframework.data.repository.config.RepositoryConfigurationExtensionSupport.getRepositoryConfigurations(RepositoryConfigurationExtensionSupport.java:85) [spring-data-commons-1.9.2.RELEASE.jar:na]
	at org.springframework.data.repository.config.RepositoryConfigurationDelegate.registerRepositoriesIn(RepositoryConfigurationDelegate.java:126) [spring-data-commons-1.9.2.RELEASE.jar:na]
	at org.springframework.data.repository.config.RepositoryBeanDefinitionRegistrarSupport.registerBeanDefinitions(RepositoryBeanDefinitionRegistrarSupport.java:83) [spring-data-commons-1.9.2.RELEASE.jar:na]
	at org.springframework.context.annotation.ConfigurationClassBeanDefinitionReader.loadBeanDefinitionsFromRegistrars(ConfigurationClassBeanDefinitionReader.java:353) [spring-context-4.1.6.RELEASE.jar:4.1.6.RELEASE]
	at org.springframework.context.annotation.ConfigurationClassBeanDefinitionReader.loadBeanDefinitionsForConfigurationClass(ConfigurationClassBeanDefinitionReader.java:151) [spring-context-4.1.6.RELEASE.jar:4.1.6.RELEASE]
	at org.springframework.context.annotation.ConfigurationClassBeanDefinitionReader.loadBeanDefinitions(ConfigurationClassBeanDefinitionReader.java:124) [spring-context-4.1.6.RELEASE.jar:4.1.6.RELEASE]
	at org.springframework.context.annotation.ConfigurationClassPostProcessor.processConfigBeanDefinitions(ConfigurationClassPostProcessor.java:318) [spring-context-4.1.6.RELEASE.jar:4.1.6.RELEASE]
	at org.springframework.context.annotation.ConfigurationClassPostProcessor.postProcessBeanDefinitionRegistry(ConfigurationClassPostProcessor.java:239) [spring-context-4.1.6.RELEASE.jar:4.1.6.RELEASE]
	at org.springframework.context.support.PostProcessorRegistrationDelegate.invokeBeanDefinitionRegistryPostProcessors(PostProcessorRegistrationDelegate.java:254) [spring-context-4.1.6.RELEASE.jar:4.1.6.RELEASE]
	at org.springframework.context.support.PostProcessorRegistrationDelegate.invokeBeanFactoryPostProcessors(PostProcessorRegistrationDelegate.java:94) [spring-context-4.1.6.RELEASE.jar:4.1.6.RELEASE]
	at org.springframework.context.support.AbstractApplicationContext.invokeBeanFactoryPostProcessors(AbstractApplicationContext.java:606) [spring-context-4.1.6.RELEASE.jar:4.1.6.RELEASE]
	at org.springframework.context.support.AbstractApplicationContext.refresh(AbstractApplicationContext.java:462) [spring-context-4.1.6.RELEASE.jar:4.1.6.RELEASE]
	at org.springframework.test.context.support.AbstractGenericContextLoader.loadContext(AbstractGenericContextLoader.java:125) [spring-test-4.1.6.RELEASE.jar:4.1.6.RELEASE]
	at org.springframework.test.context.support.AbstractGenericContextLoader.loadContext(AbstractGenericContextLoader.java:60) [spring-test-4.1.6.RELEASE.jar:4.1.6.RELEASE]
	at org.springframework.test.context.support.AbstractDelegatingSmartContextLoader.delegateLoading(AbstractDelegatingSmartContextLoader.java:109) [spring-test-4.1.6.RELEASE.jar:4.1.6.RELEASE]
	at org.springframework.test.context.support.AbstractDelegatingSmartContextLoader.loadContext(AbstractDelegatingSmartContextLoader.java:261) [spring-test-4.1.6.RELEASE.jar:4.1.6.RELEASE]
	at org.springframework.test.context.DefaultCacheAwareContextLoaderDelegate.loadContextInternal(DefaultCacheAwareContextLoaderDelegate.java:68) [spring-test-4.1.6.RELEASE.jar:4.1.6.RELEASE]
	at org.springframework.test.context.DefaultCacheAwareContextLoaderDelegate.loadContext(DefaultCacheAwareContextLoaderDelegate.java:86) [spring-test-4.1.6.RELEASE.jar:4.1.6.RELEASE]
	at org.springframework.test.context.DefaultTestContext.getApplicationContext(DefaultTestContext.java:72) [spring-test-4.1.6.RELEASE.jar:4.1.6.RELEASE]
	at org.springframework.test.context.support.DependencyInjectionTestExecutionListener.injectDependencies(DependencyInjectionTestExecutionListener.java:117) [spring-test-4.1.6.RELEASE.jar:4.1.6.RELEASE]
	at org.springframework.test.context.support.DependencyInjectionTestExecutionListener.prepareTestInstance(DependencyInjectionTestExecutionListener.java:83) [spring-test-4.1.6.RELEASE.jar:4.1.6.RELEASE]
	at org.springframework.test.context.TestContextManager.prepareTestInstance(TestContextManager.java:212) [spring-test-4.1.6.RELEASE.jar:4.1.6.RELEASE]
	at org.springframework.test.context.junit4.SpringJUnit4ClassRunner.createTest(SpringJUnit4ClassRunner.java:200) [spring-test-4.1.6.RELEASE.jar:4.1.6.RELEASE]
	at org.springframework.test.context.junit4.SpringJUnit4ClassRunner$1.runReflectiveCall(SpringJUnit4ClassRunner.java:259) [spring-test-4.1.6.RELEASE.jar:4.1.6.RELEASE]
	at org.junit.internal.runners.model.ReflectiveCallable.run(ReflectiveCallable.java:12) [junit-4.11.jar:na]
	at org.springframework.test.context.junit4.SpringJUnit4ClassRunner.methodBlock(SpringJUnit4ClassRunner.java:261) [spring-test-4.1.6.RELEASE.jar:4.1.6.RELEASE]
	at org.springframework.test.context.junit4.SpringJUnit4ClassRunner.runChild(SpringJUnit4ClassRunner.java:219) [spring-test-4.1.6.RELEASE.jar:4.1.6.RELEASE]
	at org.springframework.test.context.junit4.SpringJUnit4ClassRunner.runChild(SpringJUnit4ClassRunner.java:83) [spring-test-4.1.6.RELEASE.jar:4.1.6.RELEASE]
	at org.junit.runners.ParentRunner$3.run(ParentRunner.java:238) [junit-4.11.jar:na]
	at org.junit.runners.ParentRunner$1.schedule(ParentRunner.java:63) [junit-4.11.jar:na]
	at org.junit.runners.ParentRunner.runChildren(ParentRunner.java:236) [junit-4.11.jar:na]
	at org.junit.runners.ParentRunner.access$000(ParentRunner.java:53) [junit-4.11.jar:na]
	at org.junit.runners.ParentRunner$2.evaluate(ParentRunner.java:229) [junit-4.11.jar:na]
	at org.junit.internal.runners.statements.RunBefores.evaluate(RunBefores.java:26) [junit-4.11.jar:na]
	at org.springframework.test.context.junit4.statements.RunBeforeTestClassCallbacks.evaluate(RunBeforeTestClassCallbacks.java:61) [spring-test-4.1.6.RELEASE.jar:4.1.6.RELEASE]
	at org.springframework.test.context.junit4.statements.RunAfterTestClassCallbacks.evaluate(RunAfterTestClassCallbacks.java:68) [spring-test-4.1.6.RELEASE.jar:4.1.6.RELEASE]
	at org.junit.runners.ParentRunner.run(ParentRunner.java:309) [junit-4.11.jar:na]
	at org.springframework.test.context.junit4.SpringJUnit4ClassRunner.run(SpringJUnit4ClassRunner.java:163) [spring-test-4.1.6.RELEASE.jar:4.1.6.RELEASE]
	at org.gradle.api.internal.tasks.testing.junit.JUnitTestClassExecuter.runTestClass(JUnitTestClassExecuter.java:86) [gradle-plugins-2.3.jar:2.3]
	at org.gradle.api.internal.tasks.testing.junit.JUnitTestClassExecuter.execute(JUnitTestClassExecuter.java:49) [gradle-plugins-2.3.jar:2.3]
	at org.gradle.api.internal.tasks.testing.junit.JUnitTestClassProcessor.processTestClass(JUnitTestClassProcessor.java:64) [gradle-plugins-2.3.jar:2.3]
	at org.gradle.api.internal.tasks.testing.SuiteTestClassProcessor.processTestClass(SuiteTestClassProcessor.java:50) [gradle-plugins-2.3.jar:2.3]
	at sun.reflect.NativeMethodAccessorImpl.invoke0(Native Method) ~[na:1.7.0_67]
	at sun.reflect.NativeMethodAccessorImpl.invoke(NativeMethodAccessorImpl.java:57) ~[na:1.7.0_67]
	at sun.reflect.DelegatingMethodAccessorImpl.invoke(DelegatingMethodAccessorImpl.java:43) ~[na:1.7.0_67]
	at java.lang.reflect.Method.invoke(Method.java:606) ~[na:1.7.0_67]
	at org.gradle.messaging.dispatch.ReflectionDispatch.dispatch(ReflectionDispatch.java:35) [gradle-messaging-2.3.jar:2.3]
	at org.gradle.messaging.dispatch.ReflectionDispatch.dispatch(ReflectionDispatch.java:24) [gradle-messaging-2.3.jar:2.3]
	at org.gradle.messaging.dispatch.ContextClassLoaderDispatch.dispatch(ContextClassLoaderDispatch.java:32) [gradle-messaging-2.3.jar:2.3]
	at org.gradle.messaging.dispatch.ProxyDispatchAdapter$DispatchingInvocationHandler.invoke(ProxyDispatchAdapter.java:93) [gradle-messaging-2.3.jar:2.3]
	at com.sun.proxy.$Proxy2.processTestClass(Unknown Source) [na:na]
	at org.gradle.api.internal.tasks.testing.worker.TestWorker.processTestClass(TestWorker.java:106) [gradle-plugins-2.3.jar:2.3]
	at sun.reflect.NativeMethodAccessorImpl.invoke0(Native Method) ~[na:1.7.0_67]
	at sun.reflect.NativeMethodAccessorImpl.invoke(NativeMethodAccessorImpl.java:57) ~[na:1.7.0_67]
	at sun.reflect.DelegatingMethodAccessorImpl.invoke(DelegatingMethodAccessorImpl.java:43) ~[na:1.7.0_67]
	at java.lang.reflect.Method.invoke(Method.java:606) ~[na:1.7.0_67]
	at org.gradle.messaging.dispatch.ReflectionDispatch.dispatch(ReflectionDispatch.java:35) [gradle-messaging-2.3.jar:2.3]
	at org.gradle.messaging.dispatch.ReflectionDispatch.dispatch(ReflectionDispatch.java:24) [gradle-messaging-2.3.jar:2.3]
	at org.gradle.messaging.remote.internal.hub.MessageHub$Handler.run(MessageHub.java:360) [gradle-messaging-2.3.jar:2.3]
	at org.gradle.internal.concurrent.DefaultExecutorFactory$StoppableExecutorImpl$1.run(DefaultExecutorFactory.java:64) [gradle-base-services-2.3.jar:2.3]
	at java.util.concurrent.ThreadPoolExecutor.runWorker(ThreadPoolExecutor.java:1145) [na:1.7.0_67]
	at java.util.concurrent.ThreadPoolExecutor$Worker.run(ThreadPoolExecutor.java:615) [na:1.7.0_67]
	at java.lang.Thread.run(Thread.java:745) [na:1.7.0_67]
14:11:12.806 [Test worker] DEBUG o.s.c.t.c.AnnotationAttributesReadingVisitor - Failed to class-load type while reading annotation metadata. This is a non-fatal error, but certain annotation metadata may be unavailable.
java.lang.ClassNotFoundException: javax.annotation.Nullable
	at java.net.URLClassLoader$1.run(URLClassLoader.java:366) ~[na:1.7.0_67]
	at java.net.URLClassLoader$1.run(URLClassLoader.java:355) ~[na:1.7.0_67]
	at java.security.AccessController.doPrivileged(Native Method) ~[na:1.7.0_67]
	at java.net.URLClassLoader.findClass(URLClassLoader.java:354) ~[na:1.7.0_67]
	at java.lang.ClassLoader.loadClass(ClassLoader.java:425) ~[na:1.7.0_67]
	at sun.misc.Launcher$AppClassLoader.loadClass(Launcher.java:308) ~[na:1.7.0_67]
	at java.lang.ClassLoader.loadClass(ClassLoader.java:358) ~[na:1.7.0_67]
	at org.springframework.core.type.classreading.RecursiveAnnotationAttributesVisitor.visitEnd(RecursiveAnnotationAttributesVisitor.java:47) ~[spring-core-4.1.6.RELEASE.jar:4.1.6.RELEASE]
	at org.springframework.asm.ClassReader.readAnnotationValues(ClassReader.java:1802) [spring-core-4.1.6.RELEASE.jar:4.1.6.RELEASE]
	at org.springframework.asm.ClassReader.readMethod(ClassReader.java:976) [spring-core-4.1.6.RELEASE.jar:4.1.6.RELEASE]
	at org.springframework.asm.ClassReader.accept(ClassReader.java:695) [spring-core-4.1.6.RELEASE.jar:4.1.6.RELEASE]
	at org.springframework.asm.ClassReader.accept(ClassReader.java:508) [spring-core-4.1.6.RELEASE.jar:4.1.6.RELEASE]
	at org.springframework.core.type.classreading.SimpleMetadataReader.<init>(SimpleMetadataReader.java:64) [spring-core-4.1.6.RELEASE.jar:4.1.6.RELEASE]
	at org.springframework.core.type.classreading.SimpleMetadataReaderFactory.getMetadataReader(SimpleMetadataReaderFactory.java:98) [spring-core-4.1.6.RELEASE.jar:4.1.6.RELEASE]
	at org.springframework.core.type.classreading.CachingMetadataReaderFactory.getMetadataReader(CachingMetadataReaderFactory.java:102) [spring-core-4.1.6.RELEASE.jar:4.1.6.RELEASE]
	at org.springframework.core.type.classreading.SimpleMetadataReaderFactory.getMetadataReader(SimpleMetadataReaderFactory.java:93) [spring-core-4.1.6.RELEASE.jar:4.1.6.RELEASE]
	at org.springframework.core.type.filter.AbstractTypeHierarchyTraversingFilter.match(AbstractTypeHierarchyTraversingFilter.java:121) [spring-core-4.1.6.RELEASE.jar:4.1.6.RELEASE]
	at org.springframework.core.type.filter.AbstractTypeHierarchyTraversingFilter.match(AbstractTypeHierarchyTraversingFilter.java:81) [spring-core-4.1.6.RELEASE.jar:4.1.6.RELEASE]
	at org.springframework.context.annotation.ClassPathScanningCandidateComponentProvider.isCandidateComponent(ClassPathScanningCandidateComponentProvider.java:346) [spring-context-4.1.6.RELEASE.jar:4.1.6.RELEASE]
	at org.springframework.context.annotation.ClassPathScanningCandidateComponentProvider.findCandidateComponents(ClassPathScanningCandidateComponentProvider.java:280) [spring-context-4.1.6.RELEASE.jar:4.1.6.RELEASE]
	at org.springframework.data.repository.config.RepositoryComponentProvider.findCandidateComponents(RepositoryComponentProvider.java:121) [spring-data-commons-1.9.2.RELEASE.jar:na]
	at org.springframework.data.repository.config.RepositoryConfigurationSourceSupport.getCandidates(RepositoryConfigurationSourceSupport.java:70) [spring-data-commons-1.9.2.RELEASE.jar:na]
	at org.springframework.data.repository.config.RepositoryConfigurationExtensionSupport.getRepositoryConfigurations(RepositoryConfigurationExtensionSupport.java:85) [spring-data-commons-1.9.2.RELEASE.jar:na]
	at org.springframework.data.repository.config.RepositoryConfigurationDelegate.registerRepositoriesIn(RepositoryConfigurationDelegate.java:126) [spring-data-commons-1.9.2.RELEASE.jar:na]
	at org.springframework.data.repository.config.RepositoryBeanDefinitionRegistrarSupport.registerBeanDefinitions(RepositoryBeanDefinitionRegistrarSupport.java:83) [spring-data-commons-1.9.2.RELEASE.jar:na]
	at org.springframework.context.annotation.ConfigurationClassBeanDefinitionReader.loadBeanDefinitionsFromRegistrars(ConfigurationClassBeanDefinitionReader.java:353) [spring-context-4.1.6.RELEASE.jar:4.1.6.RELEASE]
	at org.springframework.context.annotation.ConfigurationClassBeanDefinitionReader.loadBeanDefinitionsForConfigurationClass(ConfigurationClassBeanDefinitionReader.java:151) [spring-context-4.1.6.RELEASE.jar:4.1.6.RELEASE]
	at org.springframework.context.annotation.ConfigurationClassBeanDefinitionReader.loadBeanDefinitions(ConfigurationClassBeanDefinitionReader.java:124) [spring-context-4.1.6.RELEASE.jar:4.1.6.RELEASE]
	at org.springframework.context.annotation.ConfigurationClassPostProcessor.processConfigBeanDefinitions(ConfigurationClassPostProcessor.java:318) [spring-context-4.1.6.RELEASE.jar:4.1.6.RELEASE]
	at org.springframework.context.annotation.ConfigurationClassPostProcessor.postProcessBeanDefinitionRegistry(ConfigurationClassPostProcessor.java:239) [spring-context-4.1.6.RELEASE.jar:4.1.6.RELEASE]
	at org.springframework.context.support.PostProcessorRegistrationDelegate.invokeBeanDefinitionRegistryPostProcessors(PostProcessorRegistrationDelegate.java:254) [spring-context-4.1.6.RELEASE.jar:4.1.6.RELEASE]
	at org.springframework.context.support.PostProcessorRegistrationDelegate.invokeBeanFactoryPostProcessors(PostProcessorRegistrationDelegate.java:94) [spring-context-4.1.6.RELEASE.jar:4.1.6.RELEASE]
	at org.springframework.context.support.AbstractApplicationContext.invokeBeanFactoryPostProcessors(AbstractApplicationContext.java:606) [spring-context-4.1.6.RELEASE.jar:4.1.6.RELEASE]
	at org.springframework.context.support.AbstractApplicationContext.refresh(AbstractApplicationContext.java:462) [spring-context-4.1.6.RELEASE.jar:4.1.6.RELEASE]
	at org.springframework.test.context.support.AbstractGenericContextLoader.loadContext(AbstractGenericContextLoader.java:125) [spring-test-4.1.6.RELEASE.jar:4.1.6.RELEASE]
	at org.springframework.test.context.support.AbstractGenericContextLoader.loadContext(AbstractGenericContextLoader.java:60) [spring-test-4.1.6.RELEASE.jar:4.1.6.RELEASE]
	at org.springframework.test.context.support.AbstractDelegatingSmartContextLoader.delegateLoading(AbstractDelegatingSmartContextLoader.java:109) [spring-test-4.1.6.RELEASE.jar:4.1.6.RELEASE]
	at org.springframework.test.context.support.AbstractDelegatingSmartContextLoader.loadContext(AbstractDelegatingSmartContextLoader.java:261) [spring-test-4.1.6.RELEASE.jar:4.1.6.RELEASE]
	at org.springframework.test.context.DefaultCacheAwareContextLoaderDelegate.loadContextInternal(DefaultCacheAwareContextLoaderDelegate.java:68) [spring-test-4.1.6.RELEASE.jar:4.1.6.RELEASE]
	at org.springframework.test.context.DefaultCacheAwareContextLoaderDelegate.loadContext(DefaultCacheAwareContextLoaderDelegate.java:86) [spring-test-4.1.6.RELEASE.jar:4.1.6.RELEASE]
	at org.springframework.test.context.DefaultTestContext.getApplicationContext(DefaultTestContext.java:72) [spring-test-4.1.6.RELEASE.jar:4.1.6.RELEASE]
	at org.springframework.test.context.support.DependencyInjectionTestExecutionListener.injectDependencies(DependencyInjectionTestExecutionListener.java:117) [spring-test-4.1.6.RELEASE.jar:4.1.6.RELEASE]
	at org.springframework.test.context.support.DependencyInjectionTestExecutionListener.prepareTestInstance(DependencyInjectionTestExecutionListener.java:83) [spring-test-4.1.6.RELEASE.jar:4.1.6.RELEASE]
	at org.springframework.test.context.TestContextManager.prepareTestInstance(TestContextManager.java:212) [spring-test-4.1.6.RELEASE.jar:4.1.6.RELEASE]
	at org.springframework.test.context.junit4.SpringJUnit4ClassRunner.createTest(SpringJUnit4ClassRunner.java:200) [spring-test-4.1.6.RELEASE.jar:4.1.6.RELEASE]
	at org.springframework.test.context.junit4.SpringJUnit4ClassRunner$1.runReflectiveCall(SpringJUnit4ClassRunner.java:259) [spring-test-4.1.6.RELEASE.jar:4.1.6.RELEASE]
	at org.junit.internal.runners.model.ReflectiveCallable.run(ReflectiveCallable.java:12) [junit-4.11.jar:na]
	at org.springframework.test.context.junit4.SpringJUnit4ClassRunner.methodBlock(SpringJUnit4ClassRunner.java:261) [spring-test-4.1.6.RELEASE.jar:4.1.6.RELEASE]
	at org.springframework.test.context.junit4.SpringJUnit4ClassRunner.runChild(SpringJUnit4ClassRunner.java:219) [spring-test-4.1.6.RELEASE.jar:4.1.6.RELEASE]
	at org.springframework.test.context.junit4.SpringJUnit4ClassRunner.runChild(SpringJUnit4ClassRunner.java:83) [spring-test-4.1.6.RELEASE.jar:4.1.6.RELEASE]
	at org.junit.runners.ParentRunner$3.run(ParentRunner.java:238) [junit-4.11.jar:na]
	at org.junit.runners.ParentRunner$1.schedule(ParentRunner.java:63) [junit-4.11.jar:na]
	at org.junit.runners.ParentRunner.runChildren(ParentRunner.java:236) [junit-4.11.jar:na]
	at org.junit.runners.ParentRunner.access$000(ParentRunner.java:53) [junit-4.11.jar:na]
	at org.junit.runners.ParentRunner$2.evaluate(ParentRunner.java:229) [junit-4.11.jar:na]
	at org.junit.internal.runners.statements.RunBefores.evaluate(RunBefores.java:26) [junit-4.11.jar:na]
	at org.springframework.test.context.junit4.statements.RunBeforeTestClassCallbacks.evaluate(RunBeforeTestClassCallbacks.java:61) [spring-test-4.1.6.RELEASE.jar:4.1.6.RELEASE]
	at org.springframework.test.context.junit4.statements.RunAfterTestClassCallbacks.evaluate(RunAfterTestClassCallbacks.java:68) [spring-test-4.1.6.RELEASE.jar:4.1.6.RELEASE]
	at org.junit.runners.ParentRunner.run(ParentRunner.java:309) [junit-4.11.jar:na]
	at org.springframework.test.context.junit4.SpringJUnit4ClassRunner.run(SpringJUnit4ClassRunner.java:163) [spring-test-4.1.6.RELEASE.jar:4.1.6.RELEASE]
	at org.gradle.api.internal.tasks.testing.junit.JUnitTestClassExecuter.runTestClass(JUnitTestClassExecuter.java:86) [gradle-plugins-2.3.jar:2.3]
	at org.gradle.api.internal.tasks.testing.junit.JUnitTestClassExecuter.execute(JUnitTestClassExecuter.java:49) [gradle-plugins-2.3.jar:2.3]
	at org.gradle.api.internal.tasks.testing.junit.JUnitTestClassProcessor.processTestClass(JUnitTestClassProcessor.java:64) [gradle-plugins-2.3.jar:2.3]
	at org.gradle.api.internal.tasks.testing.SuiteTestClassProcessor.processTestClass(SuiteTestClassProcessor.java:50) [gradle-plugins-2.3.jar:2.3]
	at sun.reflect.NativeMethodAccessorImpl.invoke0(Native Method) ~[na:1.7.0_67]
	at sun.reflect.NativeMethodAccessorImpl.invoke(NativeMethodAccessorImpl.java:57) ~[na:1.7.0_67]
	at sun.reflect.DelegatingMethodAccessorImpl.invoke(DelegatingMethodAccessorImpl.java:43) ~[na:1.7.0_67]
	at java.lang.reflect.Method.invoke(Method.java:606) ~[na:1.7.0_67]
	at org.gradle.messaging.dispatch.ReflectionDispatch.dispatch(ReflectionDispatch.java:35) [gradle-messaging-2.3.jar:2.3]
	at org.gradle.messaging.dispatch.ReflectionDispatch.dispatch(ReflectionDispatch.java:24) [gradle-messaging-2.3.jar:2.3]
	at org.gradle.messaging.dispatch.ContextClassLoaderDispatch.dispatch(ContextClassLoaderDispatch.java:32) [gradle-messaging-2.3.jar:2.3]
	at org.gradle.messaging.dispatch.ProxyDispatchAdapter$DispatchingInvocationHandler.invoke(ProxyDispatchAdapter.java:93) [gradle-messaging-2.3.jar:2.3]
	at com.sun.proxy.$Proxy2.processTestClass(Unknown Source) [na:na]
	at org.gradle.api.internal.tasks.testing.worker.TestWorker.processTestClass(TestWorker.java:106) [gradle-plugins-2.3.jar:2.3]
	at sun.reflect.NativeMethodAccessorImpl.invoke0(Native Method) ~[na:1.7.0_67]
	at sun.reflect.NativeMethodAccessorImpl.invoke(NativeMethodAccessorImpl.java:57) ~[na:1.7.0_67]
	at sun.reflect.DelegatingMethodAccessorImpl.invoke(DelegatingMethodAccessorImpl.java:43) ~[na:1.7.0_67]
	at java.lang.reflect.Method.invoke(Method.java:606) ~[na:1.7.0_67]
	at org.gradle.messaging.dispatch.ReflectionDispatch.dispatch(ReflectionDispatch.java:35) [gradle-messaging-2.3.jar:2.3]
	at org.gradle.messaging.dispatch.ReflectionDispatch.dispatch(ReflectionDispatch.java:24) [gradle-messaging-2.3.jar:2.3]
	at org.gradle.messaging.remote.internal.hub.MessageHub$Handler.run(MessageHub.java:360) [gradle-messaging-2.3.jar:2.3]
	at org.gradle.internal.concurrent.DefaultExecutorFactory$StoppableExecutorImpl$1.run(DefaultExecutorFactory.java:64) [gradle-base-services-2.3.jar:2.3]
	at java.util.concurrent.ThreadPoolExecutor.runWorker(ThreadPoolExecutor.java:1145) [na:1.7.0_67]
	at java.util.concurrent.ThreadPoolExecutor$Worker.run(ThreadPoolExecutor.java:615) [na:1.7.0_67]
	at java.lang.Thread.run(Thread.java:745) [na:1.7.0_67]
14:11:12.815 [Test worker] DEBUG o.s.c.t.c.AnnotationAttributesReadingVisitor - Failed to class-load type while reading annotation metadata. This is a non-fatal error, but certain annotation metadata may be unavailable.
java.lang.ClassNotFoundException: javax.annotation.Nullable
	at java.net.URLClassLoader$1.run(URLClassLoader.java:366) ~[na:1.7.0_67]
	at java.net.URLClassLoader$1.run(URLClassLoader.java:355) ~[na:1.7.0_67]
	at java.security.AccessController.doPrivileged(Native Method) ~[na:1.7.0_67]
	at java.net.URLClassLoader.findClass(URLClassLoader.java:354) ~[na:1.7.0_67]
	at java.lang.ClassLoader.loadClass(ClassLoader.java:425) ~[na:1.7.0_67]
	at sun.misc.Launcher$AppClassLoader.loadClass(Launcher.java:308) ~[na:1.7.0_67]
	at java.lang.ClassLoader.loadClass(ClassLoader.java:358) ~[na:1.7.0_67]
	at org.springframework.core.type.classreading.RecursiveAnnotationAttributesVisitor.visitEnd(RecursiveAnnotationAttributesVisitor.java:47) ~[spring-core-4.1.6.RELEASE.jar:4.1.6.RELEASE]
	at org.springframework.asm.ClassReader.readAnnotationValues(ClassReader.java:1802) [spring-core-4.1.6.RELEASE.jar:4.1.6.RELEASE]
	at org.springframework.asm.ClassReader.readMethod(ClassReader.java:976) [spring-core-4.1.6.RELEASE.jar:4.1.6.RELEASE]
	at org.springframework.asm.ClassReader.accept(ClassReader.java:695) [spring-core-4.1.6.RELEASE.jar:4.1.6.RELEASE]
	at org.springframework.asm.ClassReader.accept(ClassReader.java:508) [spring-core-4.1.6.RELEASE.jar:4.1.6.RELEASE]
	at org.springframework.core.type.classreading.SimpleMetadataReader.<init>(SimpleMetadataReader.java:64) [spring-core-4.1.6.RELEASE.jar:4.1.6.RELEASE]
	at org.springframework.core.type.classreading.SimpleMetadataReaderFactory.getMetadataReader(SimpleMetadataReaderFactory.java:98) [spring-core-4.1.6.RELEASE.jar:4.1.6.RELEASE]
	at org.springframework.core.type.classreading.CachingMetadataReaderFactory.getMetadataReader(CachingMetadataReaderFactory.java:102) [spring-core-4.1.6.RELEASE.jar:4.1.6.RELEASE]
	at org.springframework.core.type.classreading.SimpleMetadataReaderFactory.getMetadataReader(SimpleMetadataReaderFactory.java:93) [spring-core-4.1.6.RELEASE.jar:4.1.6.RELEASE]
	at org.springframework.core.type.filter.AbstractTypeHierarchyTraversingFilter.match(AbstractTypeHierarchyTraversingFilter.java:121) [spring-core-4.1.6.RELEASE.jar:4.1.6.RELEASE]
	at org.springframework.core.type.filter.AbstractTypeHierarchyTraversingFilter.match(AbstractTypeHierarchyTraversingFilter.java:81) [spring-core-4.1.6.RELEASE.jar:4.1.6.RELEASE]
	at org.springframework.context.annotation.ClassPathScanningCandidateComponentProvider.isCandidateComponent(ClassPathScanningCandidateComponentProvider.java:346) [spring-context-4.1.6.RELEASE.jar:4.1.6.RELEASE]
	at org.springframework.context.annotation.ClassPathScanningCandidateComponentProvider.findCandidateComponents(ClassPathScanningCandidateComponentProvider.java:280) [spring-context-4.1.6.RELEASE.jar:4.1.6.RELEASE]
	at org.springframework.data.repository.config.RepositoryComponentProvider.findCandidateComponents(RepositoryComponentProvider.java:121) [spring-data-commons-1.9.2.RELEASE.jar:na]
	at org.springframework.data.repository.config.RepositoryConfigurationSourceSupport.getCandidates(RepositoryConfigurationSourceSupport.java:70) [spring-data-commons-1.9.2.RELEASE.jar:na]
	at org.springframework.data.repository.config.RepositoryConfigurationExtensionSupport.getRepositoryConfigurations(RepositoryConfigurationExtensionSupport.java:85) [spring-data-commons-1.9.2.RELEASE.jar:na]
	at org.springframework.data.repository.config.RepositoryConfigurationDelegate.registerRepositoriesIn(RepositoryConfigurationDelegate.java:126) [spring-data-commons-1.9.2.RELEASE.jar:na]
	at org.springframework.data.repository.config.RepositoryBeanDefinitionRegistrarSupport.registerBeanDefinitions(RepositoryBeanDefinitionRegistrarSupport.java:83) [spring-data-commons-1.9.2.RELEASE.jar:na]
	at org.springframework.context.annotation.ConfigurationClassBeanDefinitionReader.loadBeanDefinitionsFromRegistrars(ConfigurationClassBeanDefinitionReader.java:353) [spring-context-4.1.6.RELEASE.jar:4.1.6.RELEASE]
	at org.springframework.context.annotation.ConfigurationClassBeanDefinitionReader.loadBeanDefinitionsForConfigurationClass(ConfigurationClassBeanDefinitionReader.java:151) [spring-context-4.1.6.RELEASE.jar:4.1.6.RELEASE]
	at org.springframework.context.annotation.ConfigurationClassBeanDefinitionReader.loadBeanDefinitions(ConfigurationClassBeanDefinitionReader.java:124) [spring-context-4.1.6.RELEASE.jar:4.1.6.RELEASE]
	at org.springframework.context.annotation.ConfigurationClassPostProcessor.processConfigBeanDefinitions(ConfigurationClassPostProcessor.java:318) [spring-context-4.1.6.RELEASE.jar:4.1.6.RELEASE]
	at org.springframework.context.annotation.ConfigurationClassPostProcessor.postProcessBeanDefinitionRegistry(ConfigurationClassPostProcessor.java:239) [spring-context-4.1.6.RELEASE.jar:4.1.6.RELEASE]
	at org.springframework.context.support.PostProcessorRegistrationDelegate.invokeBeanDefinitionRegistryPostProcessors(PostProcessorRegistrationDelegate.java:254) [spring-context-4.1.6.RELEASE.jar:4.1.6.RELEASE]
	at org.springframework.context.support.PostProcessorRegistrationDelegate.invokeBeanFactoryPostProcessors(PostProcessorRegistrationDelegate.java:94) [spring-context-4.1.6.RELEASE.jar:4.1.6.RELEASE]
	at org.springframework.context.support.AbstractApplicationContext.invokeBeanFactoryPostProcessors(AbstractApplicationContext.java:606) [spring-context-4.1.6.RELEASE.jar:4.1.6.RELEASE]
	at org.springframework.context.support.AbstractApplicationContext.refresh(AbstractApplicationContext.java:462) [spring-context-4.1.6.RELEASE.jar:4.1.6.RELEASE]
	at org.springframework.test.context.support.AbstractGenericContextLoader.loadContext(AbstractGenericContextLoader.java:125) [spring-test-4.1.6.RELEASE.jar:4.1.6.RELEASE]
	at org.springframework.test.context.support.AbstractGenericContextLoader.loadContext(AbstractGenericContextLoader.java:60) [spring-test-4.1.6.RELEASE.jar:4.1.6.RELEASE]
	at org.springframework.test.context.support.AbstractDelegatingSmartContextLoader.delegateLoading(AbstractDelegatingSmartContextLoader.java:109) [spring-test-4.1.6.RELEASE.jar:4.1.6.RELEASE]
	at org.springframework.test.context.support.AbstractDelegatingSmartContextLoader.loadContext(AbstractDelegatingSmartContextLoader.java:261) [spring-test-4.1.6.RELEASE.jar:4.1.6.RELEASE]
	at org.springframework.test.context.DefaultCacheAwareContextLoaderDelegate.loadContextInternal(DefaultCacheAwareContextLoaderDelegate.java:68) [spring-test-4.1.6.RELEASE.jar:4.1.6.RELEASE]
	at org.springframework.test.context.DefaultCacheAwareContextLoaderDelegate.loadContext(DefaultCacheAwareContextLoaderDelegate.java:86) [spring-test-4.1.6.RELEASE.jar:4.1.6.RELEASE]
	at org.springframework.test.context.DefaultTestContext.getApplicationContext(DefaultTestContext.java:72) [spring-test-4.1.6.RELEASE.jar:4.1.6.RELEASE]
	at org.springframework.test.context.support.DependencyInjectionTestExecutionListener.injectDependencies(DependencyInjectionTestExecutionListener.java:117) [spring-test-4.1.6.RELEASE.jar:4.1.6.RELEASE]
	at org.springframework.test.context.support.DependencyInjectionTestExecutionListener.prepareTestInstance(DependencyInjectionTestExecutionListener.java:83) [spring-test-4.1.6.RELEASE.jar:4.1.6.RELEASE]
	at org.springframework.test.context.TestContextManager.prepareTestInstance(TestContextManager.java:212) [spring-test-4.1.6.RELEASE.jar:4.1.6.RELEASE]
	at org.springframework.test.context.junit4.SpringJUnit4ClassRunner.createTest(SpringJUnit4ClassRunner.java:200) [spring-test-4.1.6.RELEASE.jar:4.1.6.RELEASE]
	at org.springframework.test.context.junit4.SpringJUnit4ClassRunner$1.runReflectiveCall(SpringJUnit4ClassRunner.java:259) [spring-test-4.1.6.RELEASE.jar:4.1.6.RELEASE]
	at org.junit.internal.runners.model.ReflectiveCallable.run(ReflectiveCallable.java:12) [junit-4.11.jar:na]
	at org.springframework.test.context.junit4.SpringJUnit4ClassRunner.methodBlock(SpringJUnit4ClassRunner.java:261) [spring-test-4.1.6.RELEASE.jar:4.1.6.RELEASE]
	at org.springframework.test.context.junit4.SpringJUnit4ClassRunner.runChild(SpringJUnit4ClassRunner.java:219) [spring-test-4.1.6.RELEASE.jar:4.1.6.RELEASE]
	at org.springframework.test.context.junit4.SpringJUnit4ClassRunner.runChild(SpringJUnit4ClassRunner.java:83) [spring-test-4.1.6.RELEASE.jar:4.1.6.RELEASE]
	at org.junit.runners.ParentRunner$3.run(ParentRunner.java:238) [junit-4.11.jar:na]
	at org.junit.runners.ParentRunner$1.schedule(ParentRunner.java:63) [junit-4.11.jar:na]
	at org.junit.runners.ParentRunner.runChildren(ParentRunner.java:236) [junit-4.11.jar:na]
	at org.junit.runners.ParentRunner.access$000(ParentRunner.java:53) [junit-4.11.jar:na]
	at org.junit.runners.ParentRunner$2.evaluate(ParentRunner.java:229) [junit-4.11.jar:na]
	at org.junit.internal.runners.statements.RunBefores.evaluate(RunBefores.java:26) [junit-4.11.jar:na]
	at org.springframework.test.context.junit4.statements.RunBeforeTestClassCallbacks.evaluate(RunBeforeTestClassCallbacks.java:61) [spring-test-4.1.6.RELEASE.jar:4.1.6.RELEASE]
	at org.springframework.test.context.junit4.statements.RunAfterTestClassCallbacks.evaluate(RunAfterTestClassCallbacks.java:68) [spring-test-4.1.6.RELEASE.jar:4.1.6.RELEASE]
	at org.junit.runners.ParentRunner.run(ParentRunner.java:309) [junit-4.11.jar:na]
	at org.springframework.test.context.junit4.SpringJUnit4ClassRunner.run(SpringJUnit4ClassRunner.java:163) [spring-test-4.1.6.RELEASE.jar:4.1.6.RELEASE]
	at org.gradle.api.internal.tasks.testing.junit.JUnitTestClassExecuter.runTestClass(JUnitTestClassExecuter.java:86) [gradle-plugins-2.3.jar:2.3]
	at org.gradle.api.internal.tasks.testing.junit.JUnitTestClassExecuter.execute(JUnitTestClassExecuter.java:49) [gradle-plugins-2.3.jar:2.3]
	at org.gradle.api.internal.tasks.testing.junit.JUnitTestClassProcessor.processTestClass(JUnitTestClassProcessor.java:64) [gradle-plugins-2.3.jar:2.3]
	at org.gradle.api.internal.tasks.testing.SuiteTestClassProcessor.processTestClass(SuiteTestClassProcessor.java:50) [gradle-plugins-2.3.jar:2.3]
	at sun.reflect.NativeMethodAccessorImpl.invoke0(Native Method) ~[na:1.7.0_67]
	at sun.reflect.NativeMethodAccessorImpl.invoke(NativeMethodAccessorImpl.java:57) ~[na:1.7.0_67]
	at sun.reflect.DelegatingMethodAccessorImpl.invoke(DelegatingMethodAccessorImpl.java:43) ~[na:1.7.0_67]
	at java.lang.reflect.Method.invoke(Method.java:606) ~[na:1.7.0_67]
	at org.gradle.messaging.dispatch.ReflectionDispatch.dispatch(ReflectionDispatch.java:35) [gradle-messaging-2.3.jar:2.3]
	at org.gradle.messaging.dispatch.ReflectionDispatch.dispatch(ReflectionDispatch.java:24) [gradle-messaging-2.3.jar:2.3]
	at org.gradle.messaging.dispatch.ContextClassLoaderDispatch.dispatch(ContextClassLoaderDispatch.java:32) [gradle-messaging-2.3.jar:2.3]
	at org.gradle.messaging.dispatch.ProxyDispatchAdapter$DispatchingInvocationHandler.invoke(ProxyDispatchAdapter.java:93) [gradle-messaging-2.3.jar:2.3]
	at com.sun.proxy.$Proxy2.processTestClass(Unknown Source) [na:na]
	at org.gradle.api.internal.tasks.testing.worker.TestWorker.processTestClass(TestWorker.java:106) [gradle-plugins-2.3.jar:2.3]
	at sun.reflect.NativeMethodAccessorImpl.invoke0(Native Method) ~[na:1.7.0_67]
	at sun.reflect.NativeMethodAccessorImpl.invoke(NativeMethodAccessorImpl.java:57) ~[na:1.7.0_67]
	at sun.reflect.DelegatingMethodAccessorImpl.invoke(DelegatingMethodAccessorImpl.java:43) ~[na:1.7.0_67]
	at java.lang.reflect.Method.invoke(Method.java:606) ~[na:1.7.0_67]
	at org.gradle.messaging.dispatch.ReflectionDispatch.dispatch(ReflectionDispatch.java:35) [gradle-messaging-2.3.jar:2.3]
	at org.gradle.messaging.dispatch.ReflectionDispatch.dispatch(ReflectionDispatch.java:24) [gradle-messaging-2.3.jar:2.3]
	at org.gradle.messaging.remote.internal.hub.MessageHub$Handler.run(MessageHub.java:360) [gradle-messaging-2.3.jar:2.3]
	at org.gradle.internal.concurrent.DefaultExecutorFactory$StoppableExecutorImpl$1.run(DefaultExecutorFactory.java:64) [gradle-base-services-2.3.jar:2.3]
	at java.util.concurrent.ThreadPoolExecutor.runWorker(ThreadPoolExecutor.java:1145) [na:1.7.0_67]
	at java.util.concurrent.ThreadPoolExecutor$Worker.run(ThreadPoolExecutor.java:615) [na:1.7.0_67]
	at java.lang.Thread.run(Thread.java:745) [na:1.7.0_67]
14:11:12.823 [Test worker] DEBUG o.s.c.t.c.AnnotationAttributesReadingVisitor - Failed to class-load type while reading annotation metadata. This is a non-fatal error, but certain annotation metadata may be unavailable.
java.lang.ClassNotFoundException: javax.annotation.Nullable
	at java.net.URLClassLoader$1.run(URLClassLoader.java:366) ~[na:1.7.0_67]
	at java.net.URLClassLoader$1.run(URLClassLoader.java:355) ~[na:1.7.0_67]
	at java.security.AccessController.doPrivileged(Native Method) ~[na:1.7.0_67]
	at java.net.URLClassLoader.findClass(URLClassLoader.java:354) ~[na:1.7.0_67]
	at java.lang.ClassLoader.loadClass(ClassLoader.java:425) ~[na:1.7.0_67]
	at sun.misc.Launcher$AppClassLoader.loadClass(Launcher.java:308) ~[na:1.7.0_67]
	at java.lang.ClassLoader.loadClass(ClassLoader.java:358) ~[na:1.7.0_67]
	at org.springframework.core.type.classreading.RecursiveAnnotationAttributesVisitor.visitEnd(RecursiveAnnotationAttributesVisitor.java:47) ~[spring-core-4.1.6.RELEASE.jar:4.1.6.RELEASE]
	at org.springframework.asm.ClassReader.readAnnotationValues(ClassReader.java:1802) [spring-core-4.1.6.RELEASE.jar:4.1.6.RELEASE]
	at org.springframework.asm.ClassReader.readMethod(ClassReader.java:976) [spring-core-4.1.6.RELEASE.jar:4.1.6.RELEASE]
	at org.springframework.asm.ClassReader.accept(ClassReader.java:695) [spring-core-4.1.6.RELEASE.jar:4.1.6.RELEASE]
	at org.springframework.asm.ClassReader.accept(ClassReader.java:508) [spring-core-4.1.6.RELEASE.jar:4.1.6.RELEASE]
	at org.springframework.core.type.classreading.SimpleMetadataReader.<init>(SimpleMetadataReader.java:64) [spring-core-4.1.6.RELEASE.jar:4.1.6.RELEASE]
	at org.springframework.core.type.classreading.SimpleMetadataReaderFactory.getMetadataReader(SimpleMetadataReaderFactory.java:98) [spring-core-4.1.6.RELEASE.jar:4.1.6.RELEASE]
	at org.springframework.core.type.classreading.CachingMetadataReaderFactory.getMetadataReader(CachingMetadataReaderFactory.java:102) [spring-core-4.1.6.RELEASE.jar:4.1.6.RELEASE]
	at org.springframework.core.type.classreading.SimpleMetadataReaderFactory.getMetadataReader(SimpleMetadataReaderFactory.java:93) [spring-core-4.1.6.RELEASE.jar:4.1.6.RELEASE]
	at org.springframework.core.type.filter.AbstractTypeHierarchyTraversingFilter.match(AbstractTypeHierarchyTraversingFilter.java:121) [spring-core-4.1.6.RELEASE.jar:4.1.6.RELEASE]
	at org.springframework.core.type.filter.AbstractTypeHierarchyTraversingFilter.match(AbstractTypeHierarchyTraversingFilter.java:81) [spring-core-4.1.6.RELEASE.jar:4.1.6.RELEASE]
	at org.springframework.context.annotation.ClassPathScanningCandidateComponentProvider.isCandidateComponent(ClassPathScanningCandidateComponentProvider.java:346) [spring-context-4.1.6.RELEASE.jar:4.1.6.RELEASE]
	at org.springframework.context.annotation.ClassPathScanningCandidateComponentProvider.findCandidateComponents(ClassPathScanningCandidateComponentProvider.java:280) [spring-context-4.1.6.RELEASE.jar:4.1.6.RELEASE]
	at org.springframework.data.repository.config.RepositoryComponentProvider.findCandidateComponents(RepositoryComponentProvider.java:121) [spring-data-commons-1.9.2.RELEASE.jar:na]
	at org.springframework.data.repository.config.RepositoryConfigurationSourceSupport.getCandidates(RepositoryConfigurationSourceSupport.java:70) [spring-data-commons-1.9.2.RELEASE.jar:na]
	at org.springframework.data.repository.config.RepositoryConfigurationExtensionSupport.getRepositoryConfigurations(RepositoryConfigurationExtensionSupport.java:85) [spring-data-commons-1.9.2.RELEASE.jar:na]
	at org.springframework.data.repository.config.RepositoryConfigurationDelegate.registerRepositoriesIn(RepositoryConfigurationDelegate.java:126) [spring-data-commons-1.9.2.RELEASE.jar:na]
	at org.springframework.data.repository.config.RepositoryBeanDefinitionRegistrarSupport.registerBeanDefinitions(RepositoryBeanDefinitionRegistrarSupport.java:83) [spring-data-commons-1.9.2.RELEASE.jar:na]
	at org.springframework.context.annotation.ConfigurationClassBeanDefinitionReader.loadBeanDefinitionsFromRegistrars(ConfigurationClassBeanDefinitionReader.java:353) [spring-context-4.1.6.RELEASE.jar:4.1.6.RELEASE]
	at org.springframework.context.annotation.ConfigurationClassBeanDefinitionReader.loadBeanDefinitionsForConfigurationClass(ConfigurationClassBeanDefinitionReader.java:151) [spring-context-4.1.6.RELEASE.jar:4.1.6.RELEASE]
	at org.springframework.context.annotation.ConfigurationClassBeanDefinitionReader.loadBeanDefinitions(ConfigurationClassBeanDefinitionReader.java:124) [spring-context-4.1.6.RELEASE.jar:4.1.6.RELEASE]
	at org.springframework.context.annotation.ConfigurationClassPostProcessor.processConfigBeanDefinitions(ConfigurationClassPostProcessor.java:318) [spring-context-4.1.6.RELEASE.jar:4.1.6.RELEASE]
	at org.springframework.context.annotation.ConfigurationClassPostProcessor.postProcessBeanDefinitionRegistry(ConfigurationClassPostProcessor.java:239) [spring-context-4.1.6.RELEASE.jar:4.1.6.RELEASE]
	at org.springframework.context.support.PostProcessorRegistrationDelegate.invokeBeanDefinitionRegistryPostProcessors(PostProcessorRegistrationDelegate.java:254) [spring-context-4.1.6.RELEASE.jar:4.1.6.RELEASE]
	at org.springframework.context.support.PostProcessorRegistrationDelegate.invokeBeanFactoryPostProcessors(PostProcessorRegistrationDelegate.java:94) [spring-context-4.1.6.RELEASE.jar:4.1.6.RELEASE]
	at org.springframework.context.support.AbstractApplicationContext.invokeBeanFactoryPostProcessors(AbstractApplicationContext.java:606) [spring-context-4.1.6.RELEASE.jar:4.1.6.RELEASE]
	at org.springframework.context.support.AbstractApplicationContext.refresh(AbstractApplicationContext.java:462) [spring-context-4.1.6.RELEASE.jar:4.1.6.RELEASE]
	at org.springframework.test.context.support.AbstractGenericContextLoader.loadContext(AbstractGenericContextLoader.java:125) [spring-test-4.1.6.RELEASE.jar:4.1.6.RELEASE]
	at org.springframework.test.context.support.AbstractGenericContextLoader.loadContext(AbstractGenericContextLoader.java:60) [spring-test-4.1.6.RELEASE.jar:4.1.6.RELEASE]
	at org.springframework.test.context.support.AbstractDelegatingSmartContextLoader.delegateLoading(AbstractDelegatingSmartContextLoader.java:109) [spring-test-4.1.6.RELEASE.jar:4.1.6.RELEASE]
	at org.springframework.test.context.support.AbstractDelegatingSmartContextLoader.loadContext(AbstractDelegatingSmartContextLoader.java:261) [spring-test-4.1.6.RELEASE.jar:4.1.6.RELEASE]
	at org.springframework.test.context.DefaultCacheAwareContextLoaderDelegate.loadContextInternal(DefaultCacheAwareContextLoaderDelegate.java:68) [spring-test-4.1.6.RELEASE.jar:4.1.6.RELEASE]
	at org.springframework.test.context.DefaultCacheAwareContextLoaderDelegate.loadContext(DefaultCacheAwareContextLoaderDelegate.java:86) [spring-test-4.1.6.RELEASE.jar:4.1.6.RELEASE]
	at org.springframework.test.context.DefaultTestContext.getApplicationContext(DefaultTestContext.java:72) [spring-test-4.1.6.RELEASE.jar:4.1.6.RELEASE]
	at org.springframework.test.context.support.DependencyInjectionTestExecutionListener.injectDependencies(DependencyInjectionTestExecutionListener.java:117) [spring-test-4.1.6.RELEASE.jar:4.1.6.RELEASE]
	at org.springframework.test.context.support.DependencyInjectionTestExecutionListener.prepareTestInstance(DependencyInjectionTestExecutionListener.java:83) [spring-test-4.1.6.RELEASE.jar:4.1.6.RELEASE]
	at org.springframework.test.context.TestContextManager.prepareTestInstance(TestContextManager.java:212) [spring-test-4.1.6.RELEASE.jar:4.1.6.RELEASE]
	at org.springframework.test.context.junit4.SpringJUnit4ClassRunner.createTest(SpringJUnit4ClassRunner.java:200) [spring-test-4.1.6.RELEASE.jar:4.1.6.RELEASE]
	at org.springframework.test.context.junit4.SpringJUnit4ClassRunner$1.runReflectiveCall(SpringJUnit4ClassRunner.java:259) [spring-test-4.1.6.RELEASE.jar:4.1.6.RELEASE]
	at org.junit.internal.runners.model.ReflectiveCallable.run(ReflectiveCallable.java:12) [junit-4.11.jar:na]
	at org.springframework.test.context.junit4.SpringJUnit4ClassRunner.methodBlock(SpringJUnit4ClassRunner.java:261) [spring-test-4.1.6.RELEASE.jar:4.1.6.RELEASE]
	at org.springframework.test.context.junit4.SpringJUnit4ClassRunner.runChild(SpringJUnit4ClassRunner.java:219) [spring-test-4.1.6.RELEASE.jar:4.1.6.RELEASE]
	at org.springframework.test.context.junit4.SpringJUnit4ClassRunner.runChild(SpringJUnit4ClassRunner.java:83) [spring-test-4.1.6.RELEASE.jar:4.1.6.RELEASE]
	at org.junit.runners.ParentRunner$3.run(ParentRunner.java:238) [junit-4.11.jar:na]
	at org.junit.runners.ParentRunner$1.schedule(ParentRunner.java:63) [junit-4.11.jar:na]
	at org.junit.runners.ParentRunner.runChildren(ParentRunner.java:236) [junit-4.11.jar:na]
	at org.junit.runners.ParentRunner.access$000(ParentRunner.java:53) [junit-4.11.jar:na]
	at org.junit.runners.ParentRunner$2.evaluate(ParentRunner.java:229) [junit-4.11.jar:na]
	at org.junit.internal.runners.statements.RunBefores.evaluate(RunBefores.java:26) [junit-4.11.jar:na]
	at org.springframework.test.context.junit4.statements.RunBeforeTestClassCallbacks.evaluate(RunBeforeTestClassCallbacks.java:61) [spring-test-4.1.6.RELEASE.jar:4.1.6.RELEASE]
	at org.springframework.test.context.junit4.statements.RunAfterTestClassCallbacks.evaluate(RunAfterTestClassCallbacks.java:68) [spring-test-4.1.6.RELEASE.jar:4.1.6.RELEASE]
	at org.junit.runners.ParentRunner.run(ParentRunner.java:309) [junit-4.11.jar:na]
	at org.springframework.test.context.junit4.SpringJUnit4ClassRunner.run(SpringJUnit4ClassRunner.java:163) [spring-test-4.1.6.RELEASE.jar:4.1.6.RELEASE]
	at org.gradle.api.internal.tasks.testing.junit.JUnitTestClassExecuter.runTestClass(JUnitTestClassExecuter.java:86) [gradle-plugins-2.3.jar:2.3]
	at org.gradle.api.internal.tasks.testing.junit.JUnitTestClassExecuter.execute(JUnitTestClassExecuter.java:49) [gradle-plugins-2.3.jar:2.3]
	at org.gradle.api.internal.tasks.testing.junit.JUnitTestClassProcessor.processTestClass(JUnitTestClassProcessor.java:64) [gradle-plugins-2.3.jar:2.3]
	at org.gradle.api.internal.tasks.testing.SuiteTestClassProcessor.processTestClass(SuiteTestClassProcessor.java:50) [gradle-plugins-2.3.jar:2.3]
	at sun.reflect.NativeMethodAccessorImpl.invoke0(Native Method) ~[na:1.7.0_67]
	at sun.reflect.NativeMethodAccessorImpl.invoke(NativeMethodAccessorImpl.java:57) ~[na:1.7.0_67]
	at sun.reflect.DelegatingMethodAccessorImpl.invoke(DelegatingMethodAccessorImpl.java:43) ~[na:1.7.0_67]
	at java.lang.reflect.Method.invoke(Method.java:606) ~[na:1.7.0_67]
	at org.gradle.messaging.dispatch.ReflectionDispatch.dispatch(ReflectionDispatch.java:35) [gradle-messaging-2.3.jar:2.3]
	at org.gradle.messaging.dispatch.ReflectionDispatch.dispatch(ReflectionDispatch.java:24) [gradle-messaging-2.3.jar:2.3]
	at org.gradle.messaging.dispatch.ContextClassLoaderDispatch.dispatch(ContextClassLoaderDispatch.java:32) [gradle-messaging-2.3.jar:2.3]
	at org.gradle.messaging.dispatch.ProxyDispatchAdapter$DispatchingInvocationHandler.invoke(ProxyDispatchAdapter.java:93) [gradle-messaging-2.3.jar:2.3]
	at com.sun.proxy.$Proxy2.processTestClass(Unknown Source) [na:na]
	at org.gradle.api.internal.tasks.testing.worker.TestWorker.processTestClass(TestWorker.java:106) [gradle-plugins-2.3.jar:2.3]
	at sun.reflect.NativeMethodAccessorImpl.invoke0(Native Method) ~[na:1.7.0_67]
	at sun.reflect.NativeMethodAccessorImpl.invoke(NativeMethodAccessorImpl.java:57) ~[na:1.7.0_67]
	at sun.reflect.DelegatingMethodAccessorImpl.invoke(DelegatingMethodAccessorImpl.java:43) ~[na:1.7.0_67]
	at java.lang.reflect.Method.invoke(Method.java:606) ~[na:1.7.0_67]
	at org.gradle.messaging.dispatch.ReflectionDispatch.dispatch(ReflectionDispatch.java:35) [gradle-messaging-2.3.jar:2.3]
	at org.gradle.messaging.dispatch.ReflectionDispatch.dispatch(ReflectionDispatch.java:24) [gradle-messaging-2.3.jar:2.3]
	at org.gradle.messaging.remote.internal.hub.MessageHub$Handler.run(MessageHub.java:360) [gradle-messaging-2.3.jar:2.3]
	at org.gradle.internal.concurrent.DefaultExecutorFactory$StoppableExecutorImpl$1.run(DefaultExecutorFactory.java:64) [gradle-base-services-2.3.jar:2.3]
	at java.util.concurrent.ThreadPoolExecutor.runWorker(ThreadPoolExecutor.java:1145) [na:1.7.0_67]
	at java.util.concurrent.ThreadPoolExecutor$Worker.run(ThreadPoolExecutor.java:615) [na:1.7.0_67]
	at java.lang.Thread.run(Thread.java:745) [na:1.7.0_67]
14:11:12.833 [Test worker] DEBUG o.s.c.i.s.PathMatchingResourcePatternResolver - Looking for matching resources in directory tree [/opt/neutrino/nfvo/repositories/repositories-implementation/build/classes/test/org/project/neutrino/nfvo/repositories]
14:11:12.833 [Test worker] DEBUG o.s.c.i.s.PathMatchingResourcePatternResolver - Searching directory [/opt/neutrino/nfvo/repositories/repositories-implementation/build/classes/test/org/project/neutrino/nfvo/repositories] for files matching pattern [/opt/neutrino/nfvo/repositories/repositories-implementation/build/classes/test/org/project/neutrino/nfvo/repositories/**/*.class]
14:11:12.833 [Test worker] DEBUG o.s.c.i.s.PathMatchingResourcePatternResolver - Searching directory [/opt/neutrino/nfvo/repositories/repositories-implementation/build/classes/test/org/project/neutrino/nfvo/repositories/tests] for files matching pattern [/opt/neutrino/nfvo/repositories/repositories-implementation/build/classes/test/org/project/neutrino/nfvo/repositories/**/*.class]
14:11:12.834 [Test worker] DEBUG o.s.c.i.s.PathMatchingResourcePatternResolver - Looking for matching resources in directory tree [/opt/neutrino/nfvo/repositories/repositories-implementation/build/classes/main/org/project/neutrino/nfvo/repositories]
14:11:12.834 [Test worker] DEBUG o.s.c.i.s.PathMatchingResourcePatternResolver - Searching directory [/opt/neutrino/nfvo/repositories/repositories-implementation/build/classes/main/org/project/neutrino/nfvo/repositories] for files matching pattern [/opt/neutrino/nfvo/repositories/repositories-implementation/build/classes/main/org/project/neutrino/nfvo/repositories/**/*.class]
14:11:12.835 [Test worker] DEBUG o.s.c.i.s.PathMatchingResourcePatternResolver - Resolved location pattern [classpath*:org/project/neutrino/nfvo/repositories/**/*.class] to resources [file [/opt/neutrino/nfvo/repositories/repositories-implementation/build/classes/test/org/project/neutrino/nfvo/repositories/tests/ApplicationTest.class], file [/opt/neutrino/nfvo/repositories/repositories-implementation/build/classes/test/org/project/neutrino/nfvo/repositories/tests/RepositoriesClassSuiteTest$1.class], file [/opt/neutrino/nfvo/repositories/repositories-implementation/build/classes/test/org/project/neutrino/nfvo/repositories/tests/RepositoriesClassSuiteTest$2.class], file [/opt/neutrino/nfvo/repositories/repositories-implementation/build/classes/test/org/project/neutrino/nfvo/repositories/tests/RepositoriesClassSuiteTest.class], file [/opt/neutrino/nfvo/repositories/repositories-implementation/build/classes/main/org/project/neutrino/nfvo/repositories/NSDRepository.class], file [/opt/neutrino/nfvo/repositories/repositories-implementation/build/classes/main/org/project/neutrino/nfvo/repositories/VNFDRepository.class]]
14:11:12.841 [Test worker] DEBUG o.s.c.a.ConfigurationClassBeanDefinitionReader - Registered bean definition for imported @Configuration class org.springframework.boot.autoconfigure.PropertyPlaceholderAutoConfiguration
14:11:12.847 [Test worker] DEBUG o.s.b.f.s.DefaultListableBeanFactory - Creating shared instance of singleton bean 'org.springframework.boot.autoconfigure.condition.BeanTypeRegistry'
14:11:12.847 [Test worker] DEBUG o.s.b.f.s.DefaultListableBeanFactory - Creating instance of bean 'org.springframework.boot.autoconfigure.condition.BeanTypeRegistry'
14:11:12.865 [Test worker] DEBUG o.s.b.f.s.DefaultListableBeanFactory - Eagerly caching bean 'org.springframework.boot.autoconfigure.condition.BeanTypeRegistry' to allow for resolving potential circular references
14:11:12.865 [Test worker] DEBUG o.s.b.f.s.DefaultListableBeanFactory - Finished creating instance of bean 'org.springframework.boot.autoconfigure.condition.BeanTypeRegistry'
14:11:12.878 [Test worker] DEBUG o.s.b.f.s.DefaultListableBeanFactory - Returning cached instance of singleton bean 'autoConfigurationReport'
14:11:12.878 [Test worker] DEBUG o.s.c.a.ConfigurationClassBeanDefinitionReader - Registering bean definition for @Bean method org.springframework.boot.autoconfigure.PropertyPlaceholderAutoConfiguration.propertySourcesPlaceholderConfigurer()
14:11:12.879 [Test worker] DEBUG o.s.b.f.s.DefaultListableBeanFactory - Returning cached instance of singleton bean 'autoConfigurationReport'
14:11:12.880 [Test worker] DEBUG o.s.b.f.s.DefaultListableBeanFactory - Returning cached instance of singleton bean 'autoConfigurationReport'
14:11:12.882 [Test worker] DEBUG o.s.b.f.s.DefaultListableBeanFactory - Returning cached instance of singleton bean 'autoConfigurationReport'
14:11:12.883 [Test worker] DEBUG o.s.c.a.ConfigurationClassBeanDefinitionReader - Registered bean definition for imported @Configuration class org.springframework.boot.autoconfigure.aop.AopAutoConfiguration$JdkDynamicAutoProxyConfiguration
14:11:12.886 [Test worker] DEBUG o.s.c.a.ConfigurationClassBeanDefinitionReader - Registered bean definition for imported @Configuration class org.springframework.boot.autoconfigure.aop.AopAutoConfiguration
14:11:12.887 [Test worker] DEBUG o.s.b.f.s.DefaultListableBeanFactory - Returning cached instance of singleton bean 'autoConfigurationReport'
14:11:12.888 [Test worker] DEBUG o.s.b.f.s.DefaultListableBeanFactory - Returning cached instance of singleton bean 'autoConfigurationReport'
14:11:12.890 [Test worker] DEBUG o.s.c.a.ConfigurationClassBeanDefinitionReader - Registered bean definition for imported @Configuration class org.springframework.boot.autoconfigure.jta.JtaAutoConfiguration
14:11:12.893 [Test worker] DEBUG o.s.b.f.s.DefaultListableBeanFactory - Returning cached instance of singleton bean 'autoConfigurationReport'
14:11:12.894 [Test worker] DEBUG o.s.b.f.s.DefaultListableBeanFactory - Returning cached instance of singleton bean 'org.springframework.boot.autoconfigure.condition.BeanTypeRegistry'
14:11:12.896 [Test worker] DEBUG o.s.b.f.s.DefaultListableBeanFactory - Returning cached instance of singleton bean 'autoConfigurationReport'
14:11:12.897 [Test worker] DEBUG o.s.b.f.s.DefaultListableBeanFactory - Returning cached instance of singleton bean 'autoConfigurationReport'
14:11:12.899 [Test worker] DEBUG o.s.b.f.s.DefaultListableBeanFactory - Returning cached instance of singleton bean 'autoConfigurationReport'
14:11:12.899 [Test worker] DEBUG o.s.c.a.ConfigurationClassBeanDefinitionReader - Registered bean definition for imported @Configuration class org.springframework.boot.autoconfigure.jdbc.DataSourceAutoConfiguration$JdbcTemplateConfiguration
14:11:12.899 [Test worker] DEBUG o.s.b.f.s.DefaultListableBeanFactory - Returning cached instance of singleton bean 'org.springframework.boot.autoconfigure.condition.BeanTypeRegistry'
14:11:12.900 [Test worker] DEBUG o.s.b.f.s.DefaultListableBeanFactory - Returning cached instance of singleton bean 'autoConfigurationReport'
14:11:12.901 [Test worker] DEBUG o.s.c.a.ConfigurationClassBeanDefinitionReader - Registering bean definition for @Bean method org.springframework.boot.autoconfigure.jdbc.DataSourceAutoConfiguration$JdbcTemplateConfiguration.jdbcTemplate()
14:11:12.902 [Test worker] DEBUG o.s.b.f.s.DefaultListableBeanFactory - Returning cached instance of singleton bean 'org.springframework.boot.autoconfigure.condition.BeanTypeRegistry'
14:11:12.903 [Test worker] DEBUG o.s.b.f.s.DefaultListableBeanFactory - Returning cached instance of singleton bean 'autoConfigurationReport'
14:11:12.903 [Test worker] DEBUG o.s.c.a.ConfigurationClassBeanDefinitionReader - Registering bean definition for @Bean method org.springframework.boot.autoconfigure.jdbc.DataSourceAutoConfiguration$JdbcTemplateConfiguration.namedParameterJdbcTemplate()
14:11:12.904 [Test worker] DEBUG o.s.b.f.s.DefaultListableBeanFactory - Returning cached instance of singleton bean 'autoConfigurationReport'
14:11:12.904 [Test worker] DEBUG o.s.b.f.s.DefaultListableBeanFactory - Returning cached instance of singleton bean 'org.springframework.boot.autoconfigure.condition.BeanTypeRegistry'
14:11:12.905 [Test worker] DEBUG o.s.b.f.s.DefaultListableBeanFactory - Returning cached instance of singleton bean 'org.springframework.boot.autoconfigure.condition.BeanTypeRegistry'
14:11:12.905 [Test worker] DEBUG o.s.b.f.s.DefaultListableBeanFactory - Returning cached instance of singleton bean 'autoConfigurationReport'
14:11:12.906 [Test worker] DEBUG o.s.b.f.s.DefaultListableBeanFactory - Returning cached instance of singleton bean 'org.springframework.boot.autoconfigure.condition.BeanTypeRegistry'
14:11:12.906 [Test worker] DEBUG o.s.b.f.s.DefaultListableBeanFactory - Returning cached instance of singleton bean 'autoConfigurationReport'
14:11:12.907 [Test worker] DEBUG o.s.c.a.ConfigurationClassBeanDefinitionReader - Registered bean definition for imported @Configuration class org.springframework.boot.autoconfigure.jdbc.DataSourceAutoConfiguration$DataSourceInitializerConfiguration
14:11:12.907 [Test worker] DEBUG o.s.c.a.ConfigurationClassBeanDefinitionReader - Registering bean definition for @Bean method org.springframework.boot.autoconfigure.jdbc.DataSourceAutoConfiguration$DataSourceInitializerConfiguration.dataSourceInitializer()
14:11:12.908 [Test worker] DEBUG o.s.b.f.s.DefaultListableBeanFactory - Returning cached instance of singleton bean 'autoConfigurationReport'
14:11:12.908 [Test worker] DEBUG o.s.c.a.ConfigurationClassBeanDefinitionReader - Registered bean definition for imported @Configuration class org.springframework.boot.autoconfigure.jdbc.metadata.DataSourcePoolMetadataProvidersConfiguration$CommonsDbcpPoolDataSourceMetadataProviderConfiguration
14:11:12.908 [Test worker] DEBUG o.s.c.a.ConfigurationClassBeanDefinitionReader - Registering bean definition for @Bean method org.springframework.boot.autoconfigure.jdbc.metadata.DataSourcePoolMetadataProvidersConfiguration$CommonsDbcpPoolDataSourceMetadataProviderConfiguration.commonsDbcpPoolDataSourceMetadataProvider()
14:11:12.908 [Test worker] DEBUG o.s.b.f.s.DefaultListableBeanFactory - Returning cached instance of singleton bean 'autoConfigurationReport'
14:11:12.908 [Test worker] DEBUG o.s.c.a.ConfigurationClassBeanDefinitionReader - Registered bean definition for imported @Configuration class org.springframework.boot.autoconfigure.jdbc.metadata.DataSourcePoolMetadataProvidersConfiguration$TomcatDataSourcePoolMetadataProviderConfiguration
14:11:12.909 [Test worker] DEBUG o.s.c.a.ConfigurationClassBeanDefinitionReader - Registering bean definition for @Bean method org.springframework.boot.autoconfigure.jdbc.metadata.DataSourcePoolMetadataProvidersConfiguration$TomcatDataSourcePoolMetadataProviderConfiguration.tomcatPoolDataSourceMetadataProvider()
14:11:12.909 [Test worker] DEBUG o.s.c.a.ConfigurationClassBeanDefinitionReader - Registered bean definition for imported @Configuration class org.springframework.boot.autoconfigure.jdbc.metadata.DataSourcePoolMetadataProvidersConfiguration
14:11:12.910 [Test worker] DEBUG o.s.c.a.ConfigurationClassBeanDefinitionReader - Registered bean definition for imported @Configuration class org.springframework.boot.autoconfigure.jdbc.DataSourceAutoConfiguration
14:11:12.911 [Test worker] DEBUG o.s.b.f.s.DefaultListableBeanFactory - Returning cached instance of singleton bean 'autoConfigurationReport'
14:11:12.911 [Test worker] DEBUG o.s.b.f.s.DefaultListableBeanFactory - Returning cached instance of singleton bean 'autoConfigurationReport'
14:11:12.911 [Test worker] DEBUG o.s.c.a.ConfigurationClassBeanDefinitionReader - Registered bean definition for imported @Configuration class org.springframework.boot.autoconfigure.orm.jpa.HibernateJpaAutoConfiguration
14:11:12.912 [Test worker] DEBUG o.s.b.f.s.DefaultListableBeanFactory - Returning cached instance of singleton bean 'org.springframework.boot.autoconfigure.condition.BeanTypeRegistry'
14:11:12.916 [Test worker] DEBUG o.s.b.f.s.DefaultListableBeanFactory - Returning cached instance of singleton bean 'autoConfigurationReport'
14:11:12.916 [Test worker] DEBUG o.s.c.a.ConfigurationClassBeanDefinitionReader - Registering bean definition for @Bean method org.springframework.boot.autoconfigure.orm.jpa.HibernateJpaAutoConfiguration.transactionManager()
14:11:12.918 [Test worker] DEBUG o.s.b.f.s.DefaultListableBeanFactory - Returning cached instance of singleton bean 'org.springframework.boot.autoconfigure.condition.BeanTypeRegistry'
14:11:12.919 [Test worker] DEBUG o.s.b.f.s.DefaultListableBeanFactory - Returning cached instance of singleton bean 'autoConfigurationReport'
14:11:12.920 [Test worker] DEBUG o.s.c.a.ConfigurationClassBeanDefinitionReader - Registering bean definition for @Bean method org.springframework.boot.autoconfigure.orm.jpa.HibernateJpaAutoConfiguration.jpaVendorAdapter()
14:11:12.920 [Test worker] DEBUG o.s.b.f.s.DefaultListableBeanFactory - Returning cached instance of singleton bean 'org.springframework.boot.autoconfigure.condition.BeanTypeRegistry'
14:11:12.921 [Test worker] DEBUG o.s.b.f.s.DefaultListableBeanFactory - Returning cached instance of singleton bean 'autoConfigurationReport'
14:11:12.921 [Test worker] DEBUG o.s.c.a.ConfigurationClassBeanDefinitionReader - Registering bean definition for @Bean method org.springframework.boot.autoconfigure.orm.jpa.HibernateJpaAutoConfiguration.entityManagerFactoryBuilder()
14:11:12.922 [Test worker] DEBUG o.s.b.f.s.DefaultListableBeanFactory - Returning cached instance of singleton bean 'org.springframework.boot.autoconfigure.condition.BeanTypeRegistry'
14:11:12.922 [Test worker] DEBUG o.s.b.f.s.DefaultListableBeanFactory - Returning cached instance of singleton bean 'autoConfigurationReport'
14:11:12.923 [Test worker] DEBUG o.s.c.a.ConfigurationClassBeanDefinitionReader - Registering bean definition for @Bean method org.springframework.boot.autoconfigure.orm.jpa.HibernateJpaAutoConfiguration.entityManagerFactory()
14:11:12.923 [Test worker] DEBUG o.s.b.f.s.DefaultListableBeanFactory - Returning cached instance of singleton bean 'autoConfigurationReport'
14:11:12.924 [Test worker] DEBUG o.s.c.a.ConfigurationClassBeanDefinitionReader - Registered bean definition for imported @Configuration class org.springframework.boot.autoconfigure.dao.PersistenceExceptionTranslationAutoConfiguration
14:11:12.924 [Test worker] DEBUG o.s.b.f.s.DefaultListableBeanFactory - Returning cached instance of singleton bean 'org.springframework.boot.autoconfigure.condition.BeanTypeRegistry'
14:11:12.925 [Test worker] DEBUG o.s.b.f.s.DefaultListableBeanFactory - Returning cached instance of singleton bean 'autoConfigurationReport'
14:11:12.927 [Test worker] DEBUG o.s.b.f.s.DefaultListableBeanFactory - Returning cached instance of singleton bean 'autoConfigurationReport'
14:11:12.927 [Test worker] DEBUG o.s.c.a.ConfigurationClassBeanDefinitionReader - Registering bean definition for @Bean method org.springframework.boot.autoconfigure.dao.PersistenceExceptionTranslationAutoConfiguration.persistenceExceptionTranslationPostProcessor()
14:11:12.928 [Test worker] DEBUG o.s.b.f.s.DefaultListableBeanFactory - Returning cached instance of singleton bean 'autoConfigurationReport'
14:11:12.928 [Test worker] DEBUG o.s.b.f.s.DefaultListableBeanFactory - Returning cached instance of singleton bean 'org.springframework.boot.autoconfigure.condition.BeanTypeRegistry'
14:11:12.929 [Test worker] DEBUG o.s.b.f.s.DefaultListableBeanFactory - Returning cached instance of singleton bean 'org.springframework.boot.autoconfigure.condition.BeanTypeRegistry'
14:11:12.929 [Test worker] DEBUG o.s.b.f.s.DefaultListableBeanFactory - Returning cached instance of singleton bean 'org.springframework.boot.autoconfigure.condition.BeanTypeRegistry'
14:11:12.930 [Test worker] DEBUG o.s.b.f.s.DefaultListableBeanFactory - Returning cached instance of singleton bean 'autoConfigurationReport'
14:11:12.930 [Test worker] DEBUG o.s.b.f.s.DefaultListableBeanFactory - Returning cached instance of singleton bean 'autoConfigurationReport'
14:11:12.931 [Test worker] DEBUG o.s.b.f.s.DefaultListableBeanFactory - Returning cached instance of singleton bean 'autoConfigurationReport'
14:11:12.931 [Test worker] DEBUG o.s.c.a.ConfigurationClassBeanDefinitionReader - Registered bean definition for imported @Configuration class org.springframework.boot.autoconfigure.jmx.JmxAutoConfiguration
14:11:12.932 [Test worker] DEBUG o.s.b.f.s.DefaultListableBeanFactory - Returning cached instance of singleton bean 'org.springframework.boot.autoconfigure.condition.BeanTypeRegistry'
14:11:12.933 [Test worker] DEBUG o.s.b.f.s.DefaultListableBeanFactory - Returning cached instance of singleton bean 'autoConfigurationReport'
14:11:12.933 [Test worker] DEBUG o.s.c.a.ConfigurationClassBeanDefinitionReader - Registering bean definition for @Bean method org.springframework.boot.autoconfigure.jmx.JmxAutoConfiguration.mbeanExporter()
14:11:12.933 [Test worker] DEBUG o.s.b.f.s.DefaultListableBeanFactory - Returning cached instance of singleton bean 'org.springframework.boot.autoconfigure.condition.BeanTypeRegistry'
14:11:12.936 [Test worker] DEBUG o.s.b.f.s.DefaultListableBeanFactory - Returning cached instance of singleton bean 'autoConfigurationReport'
14:11:12.936 [Test worker] DEBUG o.s.c.a.ConfigurationClassBeanDefinitionReader - Registering bean definition for @Bean method org.springframework.boot.autoconfigure.jmx.JmxAutoConfiguration.objectNamingStrategy()
14:11:12.936 [Test worker] DEBUG o.s.b.f.s.DefaultListableBeanFactory - Returning cached instance of singleton bean 'org.springframework.boot.autoconfigure.condition.BeanTypeRegistry'
14:11:12.937 [Test worker] DEBUG o.s.b.f.s.DefaultListableBeanFactory - Returning cached instance of singleton bean 'autoConfigurationReport'
14:11:12.937 [Test worker] DEBUG o.s.c.a.ConfigurationClassBeanDefinitionReader - Registering bean definition for @Bean method org.springframework.boot.autoconfigure.jmx.JmxAutoConfiguration.mbeanServer()
14:11:12.938 [Test worker] DEBUG o.s.b.f.s.DefaultListableBeanFactory - Returning cached instance of singleton bean 'autoConfigurationReport'
14:11:12.938 [Test worker] DEBUG o.s.b.f.s.DefaultListableBeanFactory - Returning cached instance of singleton bean 'org.springframework.boot.autoconfigure.condition.BeanTypeRegistry'
14:11:12.939 [Test worker] DEBUG o.s.b.f.s.DefaultListableBeanFactory - Returning cached instance of singleton bean 'autoConfigurationReport'
14:11:12.939 [Test worker] DEBUG o.s.c.a.ConfigurationClassBeanDefinitionReader - Registered bean definition for imported @Configuration class org.springframework.transaction.annotation.ProxyTransactionManagementConfiguration
14:11:12.939 [Test worker] DEBUG o.s.c.a.ConfigurationClassBeanDefinitionReader - Registering bean definition for @Bean method org.springframework.transaction.annotation.ProxyTransactionManagementConfiguration.org.springframework.transaction.config.internalTransactionAdvisor()
14:11:12.939 [Test worker] DEBUG o.s.c.a.ConfigurationClassBeanDefinitionReader - Registering bean definition for @Bean method org.springframework.transaction.annotation.ProxyTransactionManagementConfiguration.transactionAttributeSource()
14:11:12.940 [Test worker] DEBUG o.s.c.a.ConfigurationClassBeanDefinitionReader - Registering bean definition for @Bean method org.springframework.transaction.annotation.ProxyTransactionManagementConfiguration.transactionInterceptor()
14:11:12.940 [Test worker] DEBUG o.s.c.a.ConfigurationClassBeanDefinitionReader - Registered bean definition for imported @Configuration class org.springframework.boot.autoconfigure.jdbc.DataSourceTransactionManagerAutoConfiguration$TransactionManagementConfiguration
14:11:12.941 [Test worker] DEBUG o.s.c.a.ConfigurationClassBeanDefinitionReader - Registered bean definition for imported @Configuration class org.springframework.boot.autoconfigure.jdbc.DataSourceTransactionManagerAutoConfiguration
14:11:12.941 [Test worker] DEBUG o.s.b.f.s.DefaultListableBeanFactory - Returning cached instance of singleton bean 'org.springframework.boot.autoconfigure.condition.BeanTypeRegistry'
14:11:12.946 [Test worker] DEBUG o.s.b.f.s.DefaultListableBeanFactory - Returning cached instance of singleton bean 'autoConfigurationReport'
14:11:12.947 [Test worker] DEBUG o.s.b.f.s.DefaultListableBeanFactory - Returning cached instance of singleton bean 'autoConfigurationReport'
14:11:12.947 [Test worker] DEBUG o.s.b.f.s.DefaultListableBeanFactory - Returning cached instance of singleton bean 'org.springframework.boot.autoconfigure.condition.BeanTypeRegistry'
14:11:12.947 [Test worker] DEBUG o.s.b.f.s.DefaultListableBeanFactory - Returning cached instance of singleton bean 'autoConfigurationReport'
14:11:12.948 [Test worker] DEBUG o.s.b.f.s.DefaultListableBeanFactory - Returning cached instance of singleton bean 'autoConfigurationReport'
14:11:12.948 [Test worker] DEBUG o.s.b.f.s.DefaultListableBeanFactory - Returning cached instance of singleton bean 'org.springframework.boot.autoconfigure.condition.BeanTypeRegistry'
14:11:12.948 [Test worker] DEBUG o.s.b.f.s.DefaultListableBeanFactory - Returning cached instance of singleton bean 'autoConfigurationReport'
14:11:12.949 [Test worker] DEBUG o.s.b.f.s.DefaultListableBeanFactory - Returning cached instance of singleton bean 'org.springframework.boot.autoconfigure.condition.BeanTypeRegistry'
14:11:12.949 [Test worker] DEBUG o.s.b.f.s.DefaultListableBeanFactory - Returning cached instance of singleton bean 'autoConfigurationReport'
14:11:12.949 [Test worker] DEBUG o.s.c.a.ConfigurationClassBeanDefinitionReader - Registered bean definition for imported @Configuration class org.springframework.boot.autoconfigure.jms.activemq.ActiveMQConnectionFactoryConfiguration
14:11:12.950 [Test worker] DEBUG o.s.c.a.ConfigurationClassBeanDefinitionReader - Registering bean definition for @Bean method org.springframework.boot.autoconfigure.jms.activemq.ActiveMQConnectionFactoryConfiguration.jmsConnectionFactory()
14:11:12.952 [Test worker] DEBUG o.s.c.a.ConfigurationClassBeanDefinitionReader - Registered bean definition for imported @Configuration class org.springframework.boot.autoconfigure.jms.activemq.ActiveMQAutoConfiguration
14:11:12.952 [Test worker] DEBUG o.s.b.f.s.DefaultListableBeanFactory - Returning cached instance of singleton bean 'autoConfigurationReport'
14:11:12.953 [Test worker] DEBUG o.s.b.f.s.DefaultListableBeanFactory - Returning cached instance of singleton bean 'org.springframework.boot.autoconfigure.condition.BeanTypeRegistry'
14:11:12.954 [Test worker] DEBUG o.s.b.f.s.DefaultListableBeanFactory - Returning cached instance of singleton bean 'autoConfigurationReport'
14:11:12.954 [Test worker] DEBUG o.s.b.f.s.DefaultListableBeanFactory - Returning cached instance of singleton bean 'autoConfigurationReport'
14:11:12.955 [Test worker] DEBUG o.s.b.f.s.DefaultListableBeanFactory - Returning cached instance of singleton bean 'org.springframework.boot.autoconfigure.condition.BeanTypeRegistry'
14:11:12.955 [Test worker] DEBUG o.s.b.f.s.DefaultListableBeanFactory - Returning cached instance of singleton bean 'autoConfigurationReport'
14:11:12.955 [Test worker] DEBUG o.s.c.a.ConfigurationClassBeanDefinitionReader - Registered bean definition for imported @Configuration class org.springframework.boot.autoconfigure.jms.JmsAutoConfiguration$MessagingTemplateConfiguration
14:11:12.955 [Test worker] DEBUG o.s.c.a.ConfigurationClassBeanDefinitionReader - Registering bean definition for @Bean method org.springframework.boot.autoconfigure.jms.JmsAutoConfiguration$MessagingTemplateConfiguration.jmsMessagingTemplate()
14:11:12.956 [Test worker] DEBUG o.s.b.f.s.DefaultListableBeanFactory - Returning cached instance of singleton bean 'autoConfigurationReport'
14:11:12.956 [Test worker] DEBUG o.s.b.f.s.DefaultListableBeanFactory - Returning cached instance of singleton bean 'autoConfigurationReport'
14:11:12.956 [Test worker] DEBUG o.s.c.a.ConfigurationClassBeanDefinitionReader - Registered bean definition for imported @Configuration class org.springframework.jms.annotation.JmsBootstrapConfiguration
14:11:12.956 [Test worker] DEBUG o.s.c.a.ConfigurationClassBeanDefinitionReader - Registering bean definition for @Bean method org.springframework.jms.annotation.JmsBootstrapConfiguration.org.springframework.jms.config.internalJmsListenerAnnotationProcessor()
14:11:12.957 [Test worker] DEBUG o.s.c.a.ConfigurationClassBeanDefinitionReader - Registering bean definition for @Bean method org.springframework.jms.annotation.JmsBootstrapConfiguration.org.springframework.jms.config.internalJmsListenerEndpointRegistry()
14:11:12.957 [Test worker] DEBUG o.s.c.a.ConfigurationClassBeanDefinitionReader - Registered bean definition for imported @Configuration class org.springframework.boot.autoconfigure.jms.JmsAnnotationDrivenConfiguration$EnableJmsConfiguration
14:11:12.957 [Test worker] DEBUG o.s.c.a.ConfigurationClassBeanDefinitionReader - Registered bean definition for imported @Configuration class org.springframework.boot.autoconfigure.jms.JmsAnnotationDrivenConfiguration
14:11:12.958 [Test worker] DEBUG o.s.b.f.s.DefaultListableBeanFactory - Returning cached instance of singleton bean 'autoConfigurationReport'
14:11:12.958 [Test worker] DEBUG o.s.c.a.ConfigurationClassBeanDefinitionReader - Registering bean definition for @Bean method org.springframework.boot.autoconfigure.jms.JmsAnnotationDrivenConfiguration.jmsListenerContainerFactory()
14:11:12.959 [Test worker] DEBUG o.s.c.a.ConfigurationClassBeanDefinitionReader - Registered bean definition for imported @Configuration class org.springframework.boot.autoconfigure.jms.JmsAutoConfiguration
14:11:12.959 [Test worker] DEBUG o.s.b.f.s.DefaultListableBeanFactory - Returning cached instance of singleton bean 'org.springframework.boot.autoconfigure.condition.BeanTypeRegistry'
14:11:12.964 [Test worker] DEBUG o.s.b.f.s.DefaultListableBeanFactory - Returning cached instance of singleton bean 'autoConfigurationReport'
14:11:12.965 [Test worker] DEBUG o.s.c.a.ConfigurationClassBeanDefinitionReader - Registering bean definition for @Bean method org.springframework.boot.autoconfigure.jms.JmsAutoConfiguration.jmsTemplate()
14:11:13.055 [Test worker] DEBUG o.s.c.a.ConfigurationClassEnhancer - Successfully enhanced org.project.neutrino.nfvo.repositories.tests.ApplicationTest; enhanced class name is: org.project.neutrino.nfvo.repositories.tests.ApplicationTest$$EnhancerBySpringCGLIB$$3cc6635a
14:11:13.056 [Test worker] DEBUG o.s.c.a.ConfigurationClassPostProcessor - Replacing bean definition 'applicationTest' existing class name 'org.project.neutrino.nfvo.repositories.tests.ApplicationTest' with enhanced class name 'org.project.neutrino.nfvo.repositories.tests.ApplicationTest$$EnhancerBySpringCGLIB$$3cc6635a'
14:11:13.058 [Test worker] DEBUG o.s.c.a.ConfigurationClassEnhancer - Successfully enhanced org.springframework.boot.autoconfigure.PropertyPlaceholderAutoConfiguration; enhanced class name is: org.springframework.boot.autoconfigure.PropertyPlaceholderAutoConfiguration$$EnhancerBySpringCGLIB$$4c4ae244
14:11:13.058 [Test worker] DEBUG o.s.c.a.ConfigurationClassPostProcessor - Replacing bean definition 'org.springframework.boot.autoconfigure.PropertyPlaceholderAutoConfiguration' existing class name 'org.springframework.boot.autoconfigure.PropertyPlaceholderAutoConfiguration' with enhanced class name 'org.springframework.boot.autoconfigure.PropertyPlaceholderAutoConfiguration$$EnhancerBySpringCGLIB$$4c4ae244'
14:11:13.058 [Test worker] DEBUG o.s.c.a.ConfigurationClassEnhancer - Successfully enhanced org.springframework.boot.autoconfigure.PropertyPlaceholderAutoConfiguration; enhanced class name is: org.springframework.boot.autoconfigure.PropertyPlaceholderAutoConfiguration$$EnhancerBySpringCGLIB$$4c4ae244
14:11:13.058 [Test worker] DEBUG o.s.c.a.ConfigurationClassPostProcessor - Replacing bean definition 'propertySourcesPlaceholderConfigurer' existing class name 'org.springframework.boot.autoconfigure.PropertyPlaceholderAutoConfiguration' with enhanced class name 'org.springframework.boot.autoconfigure.PropertyPlaceholderAutoConfiguration$$EnhancerBySpringCGLIB$$4c4ae244'
14:11:13.060 [Test worker] DEBUG o.s.c.a.ConfigurationClassEnhancer - Successfully enhanced org.springframework.boot.autoconfigure.aop.AopAutoConfiguration$JdkDynamicAutoProxyConfiguration; enhanced class name is: org.springframework.boot.autoconfigure.aop.AopAutoConfiguration$JdkDynamicAutoProxyConfiguration$$EnhancerBySpringCGLIB$$be02ee5b
14:11:13.061 [Test worker] DEBUG o.s.c.a.ConfigurationClassPostProcessor - Replacing bean definition 'org.springframework.boot.autoconfigure.aop.AopAutoConfiguration$JdkDynamicAutoProxyConfiguration' existing class name 'org.springframework.boot.autoconfigure.aop.AopAutoConfiguration$JdkDynamicAutoProxyConfiguration' with enhanced class name 'org.springframework.boot.autoconfigure.aop.AopAutoConfiguration$JdkDynamicAutoProxyConfiguration$$EnhancerBySpringCGLIB$$be02ee5b'
14:11:13.063 [Test worker] DEBUG o.s.c.a.ConfigurationClassEnhancer - Successfully enhanced org.springframework.boot.autoconfigure.aop.AopAutoConfiguration; enhanced class name is: org.springframework.boot.autoconfigure.aop.AopAutoConfiguration$$EnhancerBySpringCGLIB$$8ae78f8c
14:11:13.063 [Test worker] DEBUG o.s.c.a.ConfigurationClassPostProcessor - Replacing bean definition 'org.springframework.boot.autoconfigure.aop.AopAutoConfiguration' existing class name 'org.springframework.boot.autoconfigure.aop.AopAutoConfiguration' with enhanced class name 'org.springframework.boot.autoconfigure.aop.AopAutoConfiguration$$EnhancerBySpringCGLIB$$8ae78f8c'
14:11:13.069 [Test worker] DEBUG o.s.c.a.ConfigurationClassEnhancer - Successfully enhanced org.springframework.boot.autoconfigure.jdbc.DataSourceAutoConfiguration$JdbcTemplateConfiguration; enhanced class name is: org.springframework.boot.autoconfigure.jdbc.DataSourceAutoConfiguration$JdbcTemplateConfiguration$$EnhancerBySpringCGLIB$$a5d5a47
14:11:13.069 [Test worker] DEBUG o.s.c.a.ConfigurationClassPostProcessor - Replacing bean definition 'org.springframework.boot.autoconfigure.jdbc.DataSourceAutoConfiguration$JdbcTemplateConfiguration' existing class name 'org.springframework.boot.autoconfigure.jdbc.DataSourceAutoConfiguration$JdbcTemplateConfiguration' with enhanced class name 'org.springframework.boot.autoconfigure.jdbc.DataSourceAutoConfiguration$JdbcTemplateConfiguration$$EnhancerBySpringCGLIB$$a5d5a47'
14:11:13.071 [Test worker] DEBUG o.s.c.a.ConfigurationClassEnhancer - Successfully enhanced org.springframework.boot.autoconfigure.jdbc.DataSourceAutoConfiguration$DataSourceInitializerConfiguration; enhanced class name is: org.springframework.boot.autoconfigure.jdbc.DataSourceAutoConfiguration$DataSourceInitializerConfiguration$$EnhancerBySpringCGLIB$$5615d251
14:11:13.071 [Test worker] DEBUG o.s.c.a.ConfigurationClassPostProcessor - Replacing bean definition 'org.springframework.boot.autoconfigure.jdbc.DataSourceAutoConfiguration$DataSourceInitializerConfiguration' existing class name 'org.springframework.boot.autoconfigure.jdbc.DataSourceAutoConfiguration$DataSourceInitializerConfiguration' with enhanced class name 'org.springframework.boot.autoconfigure.jdbc.DataSourceAutoConfiguration$DataSourceInitializerConfiguration$$EnhancerBySpringCGLIB$$5615d251'
14:11:13.075 [Test worker] DEBUG o.s.c.a.ConfigurationClassEnhancer - Successfully enhanced org.springframework.boot.autoconfigure.jdbc.metadata.DataSourcePoolMetadataProvidersConfiguration$CommonsDbcpPoolDataSourceMetadataProviderConfiguration; enhanced class name is: org.springframework.boot.autoconfigure.jdbc.metadata.DataSourcePoolMetadataProvidersConfiguration$CommonsDbcpPoolDataSourceMetadataProviderConfiguration$$EnhancerBySpringCGLIB$$21479f39
14:11:13.075 [Test worker] DEBUG o.s.c.a.ConfigurationClassPostProcessor - Replacing bean definition 'org.springframework.boot.autoconfigure.jdbc.metadata.DataSourcePoolMetadataProvidersConfiguration$CommonsDbcpPoolDataSourceMetadataProviderConfiguration' existing class name 'org.springframework.boot.autoconfigure.jdbc.metadata.DataSourcePoolMetadataProvidersConfiguration$CommonsDbcpPoolDataSourceMetadataProviderConfiguration' with enhanced class name 'org.springframework.boot.autoconfigure.jdbc.metadata.DataSourcePoolMetadataProvidersConfiguration$CommonsDbcpPoolDataSourceMetadataProviderConfiguration$$EnhancerBySpringCGLIB$$21479f39'
14:11:13.078 [Test worker] DEBUG o.s.c.a.ConfigurationClassEnhancer - Successfully enhanced org.springframework.boot.autoconfigure.jdbc.metadata.DataSourcePoolMetadataProvidersConfiguration$TomcatDataSourcePoolMetadataProviderConfiguration; enhanced class name is: org.springframework.boot.autoconfigure.jdbc.metadata.DataSourcePoolMetadataProvidersConfiguration$TomcatDataSourcePoolMetadataProviderConfiguration$$EnhancerBySpringCGLIB$$ca2d8178
14:11:13.079 [Test worker] DEBUG o.s.c.a.ConfigurationClassPostProcessor - Replacing bean definition 'org.springframework.boot.autoconfigure.jdbc.metadata.DataSourcePoolMetadataProvidersConfiguration$TomcatDataSourcePoolMetadataProviderConfiguration' existing class name 'org.springframework.boot.autoconfigure.jdbc.metadata.DataSourcePoolMetadataProvidersConfiguration$TomcatDataSourcePoolMetadataProviderConfiguration' with enhanced class name 'org.springframework.boot.autoconfigure.jdbc.metadata.DataSourcePoolMetadataProvidersConfiguration$TomcatDataSourcePoolMetadataProviderConfiguration$$EnhancerBySpringCGLIB$$ca2d8178'
14:11:13.081 [Test worker] DEBUG o.s.c.a.ConfigurationClassEnhancer - Successfully enhanced org.springframework.boot.autoconfigure.jdbc.metadata.DataSourcePoolMetadataProvidersConfiguration; enhanced class name is: org.springframework.boot.autoconfigure.jdbc.metadata.DataSourcePoolMetadataProvidersConfiguration$$EnhancerBySpringCGLIB$$545eb52b
14:11:13.081 [Test worker] DEBUG o.s.c.a.ConfigurationClassPostProcessor - Replacing bean definition 'org.springframework.boot.autoconfigure.jdbc.metadata.DataSourcePoolMetadataProvidersConfiguration' existing class name 'org.springframework.boot.autoconfigure.jdbc.metadata.DataSourcePoolMetadataProvidersConfiguration' with enhanced class name 'org.springframework.boot.autoconfigure.jdbc.metadata.DataSourcePoolMetadataProvidersConfiguration$$EnhancerBySpringCGLIB$$545eb52b'
14:11:13.083 [Test worker] DEBUG o.s.c.a.ConfigurationClassEnhancer - Successfully enhanced org.springframework.boot.autoconfigure.jdbc.DataSourceAutoConfiguration; enhanced class name is: org.springframework.boot.autoconfigure.jdbc.DataSourceAutoConfiguration$$EnhancerBySpringCGLIB$$8b14786a
14:11:13.083 [Test worker] DEBUG o.s.c.a.ConfigurationClassPostProcessor - Replacing bean definition 'org.springframework.boot.autoconfigure.jdbc.DataSourceAutoConfiguration' existing class name 'org.springframework.boot.autoconfigure.jdbc.DataSourceAutoConfiguration' with enhanced class name 'org.springframework.boot.autoconfigure.jdbc.DataSourceAutoConfiguration$$EnhancerBySpringCGLIB$$8b14786a'
14:11:13.089 [Test worker] DEBUG o.s.c.a.ConfigurationClassEnhancer - Successfully enhanced org.springframework.boot.autoconfigure.orm.jpa.HibernateJpaAutoConfiguration; enhanced class name is: org.springframework.boot.autoconfigure.orm.jpa.HibernateJpaAutoConfiguration$$EnhancerBySpringCGLIB$$e65e212a
14:11:13.089 [Test worker] DEBUG o.s.c.a.ConfigurationClassPostProcessor - Replacing bean definition 'org.springframework.boot.autoconfigure.orm.jpa.HibernateJpaAutoConfiguration' existing class name 'org.springframework.boot.autoconfigure.orm.jpa.HibernateJpaAutoConfiguration' with enhanced class name 'org.springframework.boot.autoconfigure.orm.jpa.HibernateJpaAutoConfiguration$$EnhancerBySpringCGLIB$$e65e212a'
14:11:13.093 [Test worker] DEBUG o.s.c.a.ConfigurationClassEnhancer - Successfully enhanced org.springframework.boot.autoconfigure.jmx.JmxAutoConfiguration; enhanced class name is: org.springframework.boot.autoconfigure.jmx.JmxAutoConfiguration$$EnhancerBySpringCGLIB$$742d7ca6
14:11:13.093 [Test worker] DEBUG o.s.c.a.ConfigurationClassPostProcessor - Replacing bean definition 'org.springframework.boot.autoconfigure.jmx.JmxAutoConfiguration' existing class name 'org.springframework.boot.autoconfigure.jmx.JmxAutoConfiguration' with enhanced class name 'org.springframework.boot.autoconfigure.jmx.JmxAutoConfiguration$$EnhancerBySpringCGLIB$$742d7ca6'
14:11:13.099 [Test worker] DEBUG o.s.c.a.ConfigurationClassEnhancer - Successfully enhanced org.springframework.transaction.annotation.ProxyTransactionManagementConfiguration; enhanced class name is: org.springframework.transaction.annotation.ProxyTransactionManagementConfiguration$$EnhancerBySpringCGLIB$$fb51c10a
14:11:13.099 [Test worker] DEBUG o.s.c.a.ConfigurationClassPostProcessor - Replacing bean definition 'org.springframework.transaction.annotation.ProxyTransactionManagementConfiguration' existing class name 'org.springframework.transaction.annotation.ProxyTransactionManagementConfiguration' with enhanced class name 'org.springframework.transaction.annotation.ProxyTransactionManagementConfiguration$$EnhancerBySpringCGLIB$$fb51c10a'
14:11:13.102 [Test worker] DEBUG o.s.c.a.ConfigurationClassEnhancer - Successfully enhanced org.springframework.boot.autoconfigure.jdbc.DataSourceTransactionManagerAutoConfiguration$TransactionManagementConfiguration; enhanced class name is: org.springframework.boot.autoconfigure.jdbc.DataSourceTransactionManagerAutoConfiguration$TransactionManagementConfiguration$$EnhancerBySpringCGLIB$$9caec7dc
14:11:13.102 [Test worker] DEBUG o.s.c.a.ConfigurationClassPostProcessor - Replacing bean definition 'org.springframework.boot.autoconfigure.jdbc.DataSourceTransactionManagerAutoConfiguration$TransactionManagementConfiguration' existing class name 'org.springframework.boot.autoconfigure.jdbc.DataSourceTransactionManagerAutoConfiguration$TransactionManagementConfiguration' with enhanced class name 'org.springframework.boot.autoconfigure.jdbc.DataSourceTransactionManagerAutoConfiguration$TransactionManagementConfiguration$$EnhancerBySpringCGLIB$$9caec7dc'
14:11:13.106 [Test worker] DEBUG o.s.c.a.ConfigurationClassEnhancer - Successfully enhanced org.springframework.boot.autoconfigure.jdbc.DataSourceTransactionManagerAutoConfiguration; enhanced class name is: org.springframework.boot.autoconfigure.jdbc.DataSourceTransactionManagerAutoConfiguration$$EnhancerBySpringCGLIB$$d564fb3b
14:11:13.106 [Test worker] DEBUG o.s.c.a.ConfigurationClassPostProcessor - Replacing bean definition 'org.springframework.boot.autoconfigure.jdbc.DataSourceTransactionManagerAutoConfiguration' existing class name 'org.springframework.boot.autoconfigure.jdbc.DataSourceTransactionManagerAutoConfiguration' with enhanced class name 'org.springframework.boot.autoconfigure.jdbc.DataSourceTransactionManagerAutoConfiguration$$EnhancerBySpringCGLIB$$d564fb3b'
14:11:13.109 [Test worker] DEBUG o.s.c.a.ConfigurationClassEnhancer - Successfully enhanced org.springframework.boot.autoconfigure.jms.activemq.ActiveMQConnectionFactoryConfiguration; enhanced class name is: org.springframework.boot.autoconfigure.jms.activemq.ActiveMQConnectionFactoryConfiguration$$EnhancerBySpringCGLIB$$4a22ea9d
14:11:13.109 [Test worker] DEBUG o.s.c.a.ConfigurationClassPostProcessor - Replacing bean definition 'org.springframework.boot.autoconfigure.jms.activemq.ActiveMQConnectionFactoryConfiguration' existing class name 'org.springframework.boot.autoconfigure.jms.activemq.ActiveMQConnectionFactoryConfiguration' with enhanced class name 'org.springframework.boot.autoconfigure.jms.activemq.ActiveMQConnectionFactoryConfiguration$$EnhancerBySpringCGLIB$$4a22ea9d'
14:11:13.111 [Test worker] DEBUG o.s.c.a.ConfigurationClassEnhancer - Successfully enhanced org.springframework.boot.autoconfigure.jms.activemq.ActiveMQAutoConfiguration; enhanced class name is: org.springframework.boot.autoconfigure.jms.activemq.ActiveMQAutoConfiguration$$EnhancerBySpringCGLIB$$5f9d8112
14:11:13.111 [Test worker] DEBUG o.s.c.a.ConfigurationClassPostProcessor - Replacing bean definition 'org.springframework.boot.autoconfigure.jms.activemq.ActiveMQAutoConfiguration' existing class name 'org.springframework.boot.autoconfigure.jms.activemq.ActiveMQAutoConfiguration' with enhanced class name 'org.springframework.boot.autoconfigure.jms.activemq.ActiveMQAutoConfiguration$$EnhancerBySpringCGLIB$$5f9d8112'
14:11:13.115 [Test worker] DEBUG o.s.c.a.ConfigurationClassEnhancer - Successfully enhanced org.springframework.jms.annotation.JmsBootstrapConfiguration; enhanced class name is: org.springframework.jms.annotation.JmsBootstrapConfiguration$$EnhancerBySpringCGLIB$$a9cd0ead
14:11:13.115 [Test worker] DEBUG o.s.c.a.ConfigurationClassPostProcessor - Replacing bean definition 'org.springframework.jms.annotation.JmsBootstrapConfiguration' existing class name 'org.springframework.jms.annotation.JmsBootstrapConfiguration' with enhanced class name 'org.springframework.jms.annotation.JmsBootstrapConfiguration$$EnhancerBySpringCGLIB$$a9cd0ead'
14:11:13.118 [Test worker] DEBUG o.s.c.a.ConfigurationClassEnhancer - Successfully enhanced org.springframework.boot.autoconfigure.jms.JmsAnnotationDrivenConfiguration; enhanced class name is: org.springframework.boot.autoconfigure.jms.JmsAnnotationDrivenConfiguration$$EnhancerBySpringCGLIB$$1ded0bec
14:11:13.118 [Test worker] DEBUG o.s.c.a.ConfigurationClassPostProcessor - Replacing bean definition 'org.springframework.boot.autoconfigure.jms.JmsAnnotationDrivenConfiguration' existing class name 'org.springframework.boot.autoconfigure.jms.JmsAnnotationDrivenConfiguration' with enhanced class name 'org.springframework.boot.autoconfigure.jms.JmsAnnotationDrivenConfiguration$$EnhancerBySpringCGLIB$$1ded0bec'
14:11:13.123 [Test worker] DEBUG o.s.c.a.ConfigurationClassEnhancer - Successfully enhanced org.springframework.boot.autoconfigure.jms.JmsAutoConfiguration; enhanced class name is: org.springframework.boot.autoconfigure.jms.JmsAutoConfiguration$$EnhancerBySpringCGLIB$$1d846af0
14:11:13.123 [Test worker] DEBUG o.s.c.a.ConfigurationClassPostProcessor - Replacing bean definition 'org.springframework.boot.autoconfigure.jms.JmsAutoConfiguration' existing class name 'org.springframework.boot.autoconfigure.jms.JmsAutoConfiguration' with enhanced class name 'org.springframework.boot.autoconfigure.jms.JmsAutoConfiguration$$EnhancerBySpringCGLIB$$1d846af0'
14:11:13.135 [Test worker] DEBUG o.s.b.f.s.DefaultListableBeanFactory - Creating shared instance of singleton bean 'propertySourcesPlaceholderConfigurer'
14:11:13.135 [Test worker] DEBUG o.s.b.f.s.DefaultListableBeanFactory - Creating instance of bean 'propertySourcesPlaceholderConfigurer'
14:11:13.139 [Test worker] DEBUG o.s.b.f.s.DefaultListableBeanFactory - Eagerly caching bean 'propertySourcesPlaceholderConfigurer' to allow for resolving potential circular references
14:11:13.140 [Test worker] DEBUG o.s.b.f.s.DefaultListableBeanFactory - Finished creating instance of bean 'propertySourcesPlaceholderConfigurer'
14:11:13.140 [Test worker] DEBUG o.s.core.env.MutablePropertySources - Adding [environmentProperties] PropertySource with lowest search precedence
14:11:13.140 [Test worker] DEBUG o.s.core.env.MutablePropertySources - Adding [localProperties] PropertySource with lowest search precedence
14:11:13.145 [Test worker] DEBUG o.s.b.f.s.DefaultListableBeanFactory - Creating shared instance of singleton bean 'foo'
14:11:13.145 [Test worker] DEBUG o.s.b.f.s.DefaultListableBeanFactory - Creating instance of bean 'foo'
14:11:13.145 [Test worker] DEBUG o.s.b.f.s.DefaultListableBeanFactory - Eagerly caching bean 'foo' to allow for resolving potential circular references
14:11:13.145 [Test worker] DEBUG o.s.b.f.s.DefaultListableBeanFactory - Finished creating instance of bean 'foo'
14:11:13.145 [Test worker] DEBUG o.s.b.f.s.DefaultListableBeanFactory - Creating shared instance of singleton bean 'org.springframework.boot.context.properties.ConfigurationPropertiesBindingPostProcessor.store'
14:11:13.145 [Test worker] DEBUG o.s.b.f.s.DefaultListableBeanFactory - Creating instance of bean 'org.springframework.boot.context.properties.ConfigurationPropertiesBindingPostProcessor.store'
14:11:13.146 [Test worker] DEBUG o.s.b.f.s.DefaultListableBeanFactory - Eagerly caching bean 'org.springframework.boot.context.properties.ConfigurationPropertiesBindingPostProcessor.store' to allow for resolving potential circular references
14:11:13.146 [Test worker] DEBUG o.s.b.f.s.DefaultListableBeanFactory - Finished creating instance of bean 'org.springframework.boot.context.properties.ConfigurationPropertiesBindingPostProcessor.store'
14:11:13.185 [Test worker] DEBUG o.s.b.f.s.DefaultListableBeanFactory - Creating shared instance of singleton bean 'org.springframework.context.annotation.internalAutowiredAnnotationProcessor'
14:11:13.185 [Test worker] DEBUG o.s.b.f.s.DefaultListableBeanFactory - Creating instance of bean 'org.springframework.context.annotation.internalAutowiredAnnotationProcessor'
14:11:13.186 [Test worker] DEBUG o.s.b.f.s.DefaultListableBeanFactory - Eagerly caching bean 'org.springframework.context.annotation.internalAutowiredAnnotationProcessor' to allow for resolving potential circular references
14:11:13.187 [Test worker] DEBUG o.s.b.f.s.DefaultListableBeanFactory - Finished creating instance of bean 'org.springframework.context.annotation.internalAutowiredAnnotationProcessor'
14:11:13.187 [Test worker] DEBUG o.s.b.f.s.DefaultListableBeanFactory - Creating shared instance of singleton bean 'org.springframework.context.annotation.internalRequiredAnnotationProcessor'
14:11:13.187 [Test worker] DEBUG o.s.b.f.s.DefaultListableBeanFactory - Creating instance of bean 'org.springframework.context.annotation.internalRequiredAnnotationProcessor'
14:11:13.187 [Test worker] DEBUG o.s.b.f.s.DefaultListableBeanFactory - Eagerly caching bean 'org.springframework.context.annotation.internalRequiredAnnotationProcessor' to allow for resolving potential circular references
14:11:13.187 [Test worker] DEBUG o.s.b.f.s.DefaultListableBeanFactory - Finished creating instance of bean 'org.springframework.context.annotation.internalRequiredAnnotationProcessor'
14:11:13.188 [Test worker] DEBUG o.s.b.f.s.DefaultListableBeanFactory - Creating shared instance of singleton bean 'org.springframework.context.annotation.internalCommonAnnotationProcessor'
14:11:13.188 [Test worker] DEBUG o.s.b.f.s.DefaultListableBeanFactory - Creating instance of bean 'org.springframework.context.annotation.internalCommonAnnotationProcessor'
14:11:13.191 [Test worker] DEBUG o.s.b.f.s.DefaultListableBeanFactory - Eagerly caching bean 'org.springframework.context.annotation.internalCommonAnnotationProcessor' to allow for resolving potential circular references
14:11:13.191 [Test worker] DEBUG o.s.b.f.s.DefaultListableBeanFactory - Finished creating instance of bean 'org.springframework.context.annotation.internalCommonAnnotationProcessor'
14:11:13.191 [Test worker] DEBUG o.s.b.f.s.DefaultListableBeanFactory - Creating shared instance of singleton bean 'org.springframework.context.annotation.internalPersistenceAnnotationProcessor'
14:11:13.191 [Test worker] DEBUG o.s.b.f.s.DefaultListableBeanFactory - Creating instance of bean 'org.springframework.context.annotation.internalPersistenceAnnotationProcessor'
14:11:13.192 [Test worker] DEBUG o.s.b.f.s.DefaultListableBeanFactory - Eagerly caching bean 'org.springframework.context.annotation.internalPersistenceAnnotationProcessor' to allow for resolving potential circular references
14:11:13.192 [Test worker] DEBUG o.s.b.f.s.DefaultListableBeanFactory - Finished creating instance of bean 'org.springframework.context.annotation.internalPersistenceAnnotationProcessor'
14:11:13.192 [Test worker] DEBUG o.s.b.f.s.DefaultListableBeanFactory - Creating shared instance of singleton bean 'org.springframework.context.annotation.ConfigurationClassPostProcessor.importAwareProcessor'
14:11:13.192 [Test worker] DEBUG o.s.b.f.s.DefaultListableBeanFactory - Creating instance of bean 'org.springframework.context.annotation.ConfigurationClassPostProcessor.importAwareProcessor'
14:11:13.192 [Test worker] DEBUG o.s.b.f.s.DefaultListableBeanFactory - Eagerly caching bean 'org.springframework.context.annotation.ConfigurationClassPostProcessor.importAwareProcessor' to allow for resolving potential circular references
14:11:13.192 [Test worker] DEBUG o.s.b.f.s.DefaultListableBeanFactory - Finished creating instance of bean 'org.springframework.context.annotation.ConfigurationClassPostProcessor.importAwareProcessor'
14:11:13.193 [Test worker] DEBUG o.s.b.f.s.DefaultListableBeanFactory - Creating shared instance of singleton bean 'org.springframework.context.annotation.ConfigurationClassPostProcessor.enhancedConfigurationProcessor'
14:11:13.193 [Test worker] DEBUG o.s.b.f.s.DefaultListableBeanFactory - Creating instance of bean 'org.springframework.context.annotation.ConfigurationClassPostProcessor.enhancedConfigurationProcessor'
14:11:13.193 [Test worker] DEBUG o.s.b.f.s.DefaultListableBeanFactory - Eagerly caching bean 'org.springframework.context.annotation.ConfigurationClassPostProcessor.enhancedConfigurationProcessor' to allow for resolving potential circular references
14:11:13.193 [Test worker] DEBUG o.s.b.f.s.DefaultListableBeanFactory - Finished creating instance of bean 'org.springframework.context.annotation.ConfigurationClassPostProcessor.enhancedConfigurationProcessor'
14:11:13.193 [Test worker] DEBUG o.s.b.f.s.DefaultListableBeanFactory - Creating shared instance of singleton bean 'org.springframework.data.repository.core.support.RepositoryInterfaceAwareBeanPostProcessor'
14:11:13.193 [Test worker] DEBUG o.s.b.f.s.DefaultListableBeanFactory - Creating instance of bean 'org.springframework.data.repository.core.support.RepositoryInterfaceAwareBeanPostProcessor'
14:11:13.194 [Test worker] DEBUG o.s.b.f.s.DefaultListableBeanFactory - Eagerly caching bean 'org.springframework.data.repository.core.support.RepositoryInterfaceAwareBeanPostProcessor' to allow for resolving potential circular references
14:11:13.194 [Test worker] DEBUG o.s.b.f.s.DefaultListableBeanFactory - Finished creating instance of bean 'org.springframework.data.repository.core.support.RepositoryInterfaceAwareBeanPostProcessor'
14:11:13.194 [Test worker] DEBUG o.s.b.f.s.DefaultListableBeanFactory - Creating shared instance of singleton bean 'org.springframework.boot.context.properties.ConfigurationPropertiesBindingPostProcessor'
14:11:13.194 [Test worker] DEBUG o.s.b.f.s.DefaultListableBeanFactory - Creating instance of bean 'org.springframework.boot.context.properties.ConfigurationPropertiesBindingPostProcessor'
14:11:13.195 [Test worker] DEBUG o.s.core.env.StandardEnvironment - Adding [systemProperties] PropertySource with lowest search precedence
14:11:13.195 [Test worker] DEBUG o.s.core.env.StandardEnvironment - Adding [systemEnvironment] PropertySource with lowest search precedence
14:11:13.195 [Test worker] DEBUG o.s.core.env.StandardEnvironment - Initialized StandardEnvironment with PropertySources [systemProperties,systemEnvironment]
14:11:13.195 [Test worker] DEBUG o.s.b.f.s.DefaultListableBeanFactory - Eagerly caching bean 'org.springframework.boot.context.properties.ConfigurationPropertiesBindingPostProcessor' to allow for resolving potential circular references
14:11:13.204 [Test worker] DEBUG o.s.b.f.s.DefaultListableBeanFactory - Returning cached instance of singleton bean 'org.springframework.boot.context.properties.ConfigurationPropertiesBindingPostProcessor.store'
14:11:13.216 [Test worker] DEBUG o.s.b.f.s.DefaultListableBeanFactory - Invoking afterPropertiesSet() on bean with name 'org.springframework.boot.context.properties.ConfigurationPropertiesBindingPostProcessor'
14:11:13.235 [Test worker] DEBUG o.s.b.f.s.DefaultListableBeanFactory - Returning cached instance of singleton bean 'propertySourcesPlaceholderConfigurer'
14:11:13.237 [Test worker] DEBUG o.s.b.f.s.DefaultListableBeanFactory - Finished creating instance of bean 'org.springframework.boot.context.properties.ConfigurationPropertiesBindingPostProcessor'
14:11:13.238 [Test worker] DEBUG o.s.b.f.s.DefaultListableBeanFactory - Creating shared instance of singleton bean 'entityScanBeanPostProcessor'
14:11:13.239 [Test worker] DEBUG o.s.b.f.s.DefaultListableBeanFactory - Creating instance of bean 'entityScanBeanPostProcessor'
14:11:13.242 [Test worker] DEBUG o.s.b.f.s.DefaultListableBeanFactory - Eagerly caching bean 'entityScanBeanPostProcessor' to allow for resolving potential circular references
14:11:13.244 [Test worker] DEBUG o.s.b.f.s.DefaultListableBeanFactory - Finished creating instance of bean 'entityScanBeanPostProcessor'
14:11:13.244 [Test worker] DEBUG o.s.b.f.s.DefaultListableBeanFactory - Creating shared instance of singleton bean 'org.springframework.aop.config.internalAutoProxyCreator'
14:11:13.244 [Test worker] DEBUG o.s.b.f.s.DefaultListableBeanFactory - Creating instance of bean 'org.springframework.aop.config.internalAutoProxyCreator'
14:11:13.275 [Test worker] DEBUG o.s.b.f.s.DefaultListableBeanFactory - Eagerly caching bean 'org.springframework.aop.config.internalAutoProxyCreator' to allow for resolving potential circular references
14:11:13.286 [Test worker] DEBUG o.s.b.f.s.DefaultListableBeanFactory - Finished creating instance of bean 'org.springframework.aop.config.internalAutoProxyCreator'
14:11:13.286 [Test worker] DEBUG o.s.b.f.s.DefaultListableBeanFactory - Creating shared instance of singleton bean 'dataSourceInitializerPostProcessor'
14:11:13.286 [Test worker] DEBUG o.s.b.f.s.DefaultListableBeanFactory - Creating instance of bean 'dataSourceInitializerPostProcessor'
14:11:13.288 [Test worker] DEBUG o.s.b.f.annotation.InjectionMetadata - Registered injected element on class [org.springframework.boot.autoconfigure.jdbc.DataSourceInitializerPostProcessor]: AutowiredFieldElement for private org.springframework.beans.factory.BeanFactory org.springframework.boot.autoconfigure.jdbc.DataSourceInitializerPostProcessor.beanFactory
14:11:13.289 [Test worker] DEBUG o.s.b.f.s.DefaultListableBeanFactory - Eagerly caching bean 'dataSourceInitializerPostProcessor' to allow for resolving potential circular references
14:11:13.290 [Test worker] DEBUG o.s.b.f.annotation.InjectionMetadata - Processing injected element of bean 'dataSourceInitializerPostProcessor': AutowiredFieldElement for private org.springframework.beans.factory.BeanFactory org.springframework.boot.autoconfigure.jdbc.DataSourceInitializerPostProcessor.beanFactory
14:11:13.300 [Test worker] DEBUG o.s.b.f.a.AutowiredAnnotationBeanPostProcessor - Autowiring by type from bean name 'dataSourceInitializerPostProcessor' to bean named 'org.springframework.beans.factory.support.DefaultListableBeanFactory@658981e0'
14:11:13.301 [Test worker] DEBUG o.s.b.f.s.DefaultListableBeanFactory - Finished creating instance of bean 'dataSourceInitializerPostProcessor'
14:11:13.301 [Test worker] DEBUG o.s.b.f.s.DefaultListableBeanFactory - Creating shared instance of singleton bean 'persistenceExceptionTranslationPostProcessor'
14:11:13.301 [Test worker] DEBUG o.s.b.f.s.DefaultListableBeanFactory - Creating instance of bean 'persistenceExceptionTranslationPostProcessor'
14:11:13.304 [Test worker] DEBUG o.s.b.f.s.DefaultListableBeanFactory - Eagerly caching bean 'persistenceExceptionTranslationPostProcessor' to allow for resolving potential circular references
14:11:13.311 [Test worker] DEBUG o.s.b.f.s.DefaultListableBeanFactory - Finished creating instance of bean 'persistenceExceptionTranslationPostProcessor'
14:11:13.311 [Test worker] DEBUG o.s.b.f.s.DefaultListableBeanFactory - Creating shared instance of singleton bean 'org.springframework.jms.config.internalJmsListenerAnnotationProcessor'
14:11:13.312 [Test worker] DEBUG o.s.b.f.s.DefaultListableBeanFactory - Creating instance of bean 'org.springframework.jms.config.internalJmsListenerAnnotationProcessor'
14:11:13.312 [Test worker] DEBUG o.s.b.f.s.DefaultListableBeanFactory - Creating shared instance of singleton bean 'org.springframework.jms.annotation.JmsBootstrapConfiguration'
14:11:13.312 [Test worker] DEBUG o.s.b.f.s.DefaultListableBeanFactory - Creating instance of bean 'org.springframework.jms.annotation.JmsBootstrapConfiguration'
14:11:13.314 [Test worker] DEBUG o.s.b.f.s.DefaultListableBeanFactory - Eagerly caching bean 'org.springframework.jms.annotation.JmsBootstrapConfiguration' to allow for resolving potential circular references
14:11:13.317 [Test worker] INFO  o.s.c.s.PostProcessorRegistrationDelegate$BeanPostProcessorChecker - Bean 'org.springframework.jms.annotation.JmsBootstrapConfiguration' of type [class org.springframework.jms.annotation.JmsBootstrapConfiguration$$EnhancerBySpringCGLIB$$a9cd0ead] is not eligible for getting processed by all BeanPostProcessors (for example: not eligible for auto-proxying)
14:11:13.317 [Test worker] DEBUG o.s.b.f.s.DefaultListableBeanFactory - Finished creating instance of bean 'org.springframework.jms.annotation.JmsBootstrapConfiguration'
14:11:13.334 [Test worker] DEBUG o.s.b.f.s.DefaultListableBeanFactory - Eagerly caching bean 'org.springframework.jms.config.internalJmsListenerAnnotationProcessor' to allow for resolving potential circular references
14:11:13.337 [Test worker] DEBUG o.s.b.f.s.DefaultListableBeanFactory - Finished creating instance of bean 'org.springframework.jms.config.internalJmsListenerAnnotationProcessor'
14:11:13.337 [Test worker] DEBUG o.s.b.f.s.DefaultListableBeanFactory - Creating shared instance of singleton bean 'dataSourceInitializedPublisher'
14:11:13.337 [Test worker] DEBUG o.s.b.f.s.DefaultListableBeanFactory - Creating instance of bean 'dataSourceInitializedPublisher'
14:11:13.338 [Test worker] DEBUG o.s.b.f.annotation.InjectionMetadata - Registered injected element on class [org.springframework.boot.autoconfigure.orm.jpa.DataSourceInitializedPublisher]: AutowiredFieldElement for private org.springframework.context.ApplicationContext org.springframework.boot.autoconfigure.orm.jpa.DataSourceInitializedPublisher.applicationContext
14:11:13.338 [Test worker] DEBUG o.s.b.f.s.DefaultListableBeanFactory - Eagerly caching bean 'dataSourceInitializedPublisher' to allow for resolving potential circular references
14:11:13.340 [Test worker] DEBUG o.s.b.f.annotation.InjectionMetadata - Processing injected element of bean 'dataSourceInitializedPublisher': AutowiredFieldElement for private org.springframework.context.ApplicationContext org.springframework.boot.autoconfigure.orm.jpa.DataSourceInitializedPublisher.applicationContext
14:11:13.346 [Test worker] DEBUG o.s.b.f.a.AutowiredAnnotationBeanPostProcessor - Autowiring by type from bean name 'dataSourceInitializedPublisher' to bean named 'org.springframework.context.support.GenericApplicationContext@5f281b8c'
14:11:13.347 [Test worker] DEBUG o.s.b.f.s.DefaultListableBeanFactory - Finished creating instance of bean 'dataSourceInitializedPublisher'
14:11:13.350 [Test worker] DEBUG o.s.c.s.GenericApplicationContext - Unable to locate MessageSource with name 'messageSource': using default [org.springframework.context.support.DelegatingMessageSource@55a71fa6]
14:11:13.352 [Test worker] DEBUG o.s.c.s.GenericApplicationContext - Unable to locate ApplicationEventMulticaster with name 'applicationEventMulticaster': using default [org.springframework.context.event.SimpleApplicationEventMulticaster@22c4d1da]
14:11:13.379 [Test worker] DEBUG o.s.b.f.s.DefaultListableBeanFactory - Creating shared instance of singleton bean 'entityManagerFactory'
14:11:13.379 [Test worker] DEBUG o.s.b.f.s.DefaultListableBeanFactory - Creating instance of bean 'entityManagerFactory'
14:11:13.392 [Test worker] DEBUG o.s.b.f.s.DefaultListableBeanFactory - Creating shared instance of singleton bean 'org.springframework.transaction.config.internalTransactionAdvisor'
14:11:13.392 [Test worker] DEBUG o.s.b.f.s.DefaultListableBeanFactory - Creating instance of bean 'org.springframework.transaction.config.internalTransactionAdvisor'
14:11:13.392 [Test worker] DEBUG o.s.b.f.s.DefaultListableBeanFactory - Creating shared instance of singleton bean 'org.springframework.transaction.annotation.ProxyTransactionManagementConfiguration'
14:11:13.392 [Test worker] DEBUG o.s.b.f.s.DefaultListableBeanFactory - Creating instance of bean 'org.springframework.transaction.annotation.ProxyTransactionManagementConfiguration'
14:11:13.393 [Test worker] DEBUG o.s.a.f.a.BeanFactoryAdvisorRetrievalHelper - Skipping currently created advisor 'org.springframework.transaction.config.internalTransactionAdvisor'
14:11:13.438 [Test worker] DEBUG o.s.b.f.annotation.InjectionMetadata - Registered injected element on class [org.springframework.transaction.annotation.ProxyTransactionManagementConfiguration$$EnhancerBySpringCGLIB$$fb51c10a]: AutowiredMethodElement for void org.springframework.transaction.annotation.AbstractTransactionManagementConfiguration.setConfigurers(java.util.Collection)
14:11:13.439 [Test worker] DEBUG o.s.b.f.s.DefaultListableBeanFactory - Eagerly caching bean 'org.springframework.transaction.annotation.ProxyTransactionManagementConfiguration' to allow for resolving potential circular references
14:11:13.439 [Test worker] DEBUG o.s.b.f.annotation.InjectionMetadata - Processing injected element of bean 'org.springframework.transaction.annotation.ProxyTransactionManagementConfiguration': AutowiredMethodElement for void org.springframework.transaction.annotation.AbstractTransactionManagementConfiguration.setConfigurers(java.util.Collection)
14:11:13.449 [Test worker] DEBUG o.s.b.f.s.DefaultListableBeanFactory - Returning cached instance of singleton bean 'org.springframework.context.annotation.ConfigurationClassPostProcessor.importRegistry'
14:11:13.450 [Test worker] DEBUG o.s.a.f.a.BeanFactoryAdvisorRetrievalHelper - Skipping currently created advisor 'org.springframework.transaction.config.internalTransactionAdvisor'
14:11:13.450 [Test worker] DEBUG o.s.a.f.a.BeanFactoryAdvisorRetrievalHelper - Skipping currently created advisor 'org.springframework.transaction.config.internalTransactionAdvisor'
14:11:13.453 [Test worker] DEBUG o.s.j.a.JmsListenerAnnotationBeanPostProcessor - No @JmsListener annotations found on bean class: class org.springframework.transaction.annotation.ProxyTransactionManagementConfiguration$$EnhancerBySpringCGLIB$$fb51c10a
14:11:13.453 [Test worker] DEBUG o.s.b.f.s.DefaultListableBeanFactory - Finished creating instance of bean 'org.springframework.transaction.annotation.ProxyTransactionManagementConfiguration'
14:11:13.463 [Test worker] DEBUG o.s.b.f.s.DefaultListableBeanFactory - Creating shared instance of singleton bean 'transactionAttributeSource'
14:11:13.463 [Test worker] DEBUG o.s.b.f.s.DefaultListableBeanFactory - Creating instance of bean 'transactionAttributeSource'
14:11:13.463 [Test worker] DEBUG o.s.a.f.a.BeanFactoryAdvisorRetrievalHelper - Skipping currently created advisor 'org.springframework.transaction.config.internalTransactionAdvisor'
14:11:13.463 [Test worker] DEBUG o.s.b.f.s.DefaultListableBeanFactory - Returning cached instance of singleton bean 'org.springframework.transaction.annotation.ProxyTransactionManagementConfiguration'
14:11:13.469 [Test worker] DEBUG o.s.b.f.s.DefaultListableBeanFactory - Eagerly caching bean 'transactionAttributeSource' to allow for resolving potential circular references
14:11:13.472 [Test worker] DEBUG o.s.a.f.a.BeanFactoryAdvisorRetrievalHelper - Skipping currently created advisor 'org.springframework.transaction.config.internalTransactionAdvisor'
14:11:13.472 [Test worker] DEBUG o.s.a.f.a.BeanFactoryAdvisorRetrievalHelper - Skipping currently created advisor 'org.springframework.transaction.config.internalTransactionAdvisor'
14:11:13.472 [Test worker] DEBUG o.s.j.a.JmsListenerAnnotationBeanPostProcessor - No @JmsListener annotations found on bean class: class org.springframework.transaction.annotation.AnnotationTransactionAttributeSource
14:11:13.472 [Test worker] DEBUG o.s.b.f.s.DefaultListableBeanFactory - Finished creating instance of bean 'transactionAttributeSource'
14:11:13.473 [Test worker] DEBUG o.s.b.f.s.DefaultListableBeanFactory - Creating shared instance of singleton bean 'transactionInterceptor'
14:11:13.473 [Test worker] DEBUG o.s.b.f.s.DefaultListableBeanFactory - Creating instance of bean 'transactionInterceptor'
14:11:13.473 [Test worker] DEBUG o.s.b.f.s.DefaultListableBeanFactory - Returning cached instance of singleton bean 'org.springframework.transaction.annotation.ProxyTransactionManagementConfiguration'
14:11:13.475 [Test worker] DEBUG o.s.b.f.s.DefaultListableBeanFactory - Returning cached instance of singleton bean 'transactionAttributeSource'
14:11:13.478 [Test worker] DEBUG o.s.b.f.s.DefaultListableBeanFactory - Eagerly caching bean 'transactionInterceptor' to allow for resolving potential circular references
14:11:13.482 [Test worker] DEBUG o.s.b.f.s.DefaultListableBeanFactory - Invoking afterPropertiesSet() on bean with name 'transactionInterceptor'
14:11:13.482 [Test worker] DEBUG o.s.j.a.JmsListenerAnnotationBeanPostProcessor - No @JmsListener annotations found on bean class: class org.springframework.transaction.interceptor.TransactionInterceptor
14:11:13.483 [Test worker] DEBUG o.s.b.f.s.DefaultListableBeanFactory - Finished creating instance of bean 'transactionInterceptor'
14:11:13.483 [Test worker] DEBUG o.s.b.f.s.DefaultListableBeanFactory - Eagerly caching bean 'org.springframework.transaction.config.internalTransactionAdvisor' to allow for resolving potential circular references
14:11:13.486 [Test worker] DEBUG o.s.j.a.JmsListenerAnnotationBeanPostProcessor - No @JmsListener annotations found on bean class: class org.springframework.transaction.interceptor.BeanFactoryTransactionAttributeSourceAdvisor
14:11:13.487 [Test worker] DEBUG o.s.b.f.s.DefaultListableBeanFactory - Finished creating instance of bean 'org.springframework.transaction.config.internalTransactionAdvisor'
14:11:13.488 [Test worker] DEBUG o.s.b.f.s.DefaultListableBeanFactory - Creating shared instance of singleton bean 'org.springframework.boot.autoconfigure.orm.jpa.HibernateJpaAutoConfiguration'
14:11:13.488 [Test worker] DEBUG o.s.b.f.s.DefaultListableBeanFactory - Creating instance of bean 'org.springframework.boot.autoconfigure.orm.jpa.HibernateJpaAutoConfiguration'
14:11:13.488 [Test worker] DEBUG o.s.b.f.s.DefaultListableBeanFactory - Returning cached instance of singleton bean 'org.springframework.transaction.config.internalTransactionAdvisor'
14:11:13.492 [Test worker] DEBUG o.s.b.f.annotation.InjectionMetadata - Registered injected element on class [org.springframework.boot.autoconfigure.orm.jpa.HibernateJpaAutoConfiguration$$EnhancerBySpringCGLIB$$e65e212a]: AutowiredFieldElement for private javax.sql.DataSource org.springframework.boot.autoconfigure.orm.jpa.JpaBaseConfiguration.dataSource
14:11:13.492 [Test worker] DEBUG o.s.b.f.annotation.InjectionMetadata - Registered injected element on class [org.springframework.boot.autoconfigure.orm.jpa.HibernateJpaAutoConfiguration$$EnhancerBySpringCGLIB$$e65e212a]: AutowiredFieldElement for private org.springframework.orm.jpa.persistenceunit.PersistenceUnitManager org.springframework.boot.autoconfigure.orm.jpa.JpaBaseConfiguration.persistenceUnitManager
14:11:13.492 [Test worker] DEBUG o.s.b.f.annotation.InjectionMetadata - Registered injected element on class [org.springframework.boot.autoconfigure.orm.jpa.HibernateJpaAutoConfiguration$$EnhancerBySpringCGLIB$$e65e212a]: AutowiredFieldElement for private org.springframework.boot.autoconfigure.orm.jpa.JpaProperties org.springframework.boot.autoconfigure.orm.jpa.JpaBaseConfiguration.jpaProperties
14:11:13.492 [Test worker] DEBUG o.s.b.f.annotation.InjectionMetadata - Registered injected element on class [org.springframework.boot.autoconfigure.orm.jpa.HibernateJpaAutoConfiguration$$EnhancerBySpringCGLIB$$e65e212a]: AutowiredFieldElement for private org.springframework.transaction.jta.JtaTransactionManager org.springframework.boot.autoconfigure.orm.jpa.JpaBaseConfiguration.jtaTransactionManager
14:11:13.492 [Test worker] DEBUG o.s.b.f.annotation.InjectionMetadata - Registered injected element on class [org.springframework.boot.autoconfigure.orm.jpa.HibernateJpaAutoConfiguration$$EnhancerBySpringCGLIB$$e65e212a]: AutowiredFieldElement for private org.springframework.boot.autoconfigure.orm.jpa.JpaProperties org.springframework.boot.autoconfigure.orm.jpa.HibernateJpaAutoConfiguration.properties
14:11:13.492 [Test worker] DEBUG o.s.b.f.annotation.InjectionMetadata - Registered injected element on class [org.springframework.boot.autoconfigure.orm.jpa.HibernateJpaAutoConfiguration$$EnhancerBySpringCGLIB$$e65e212a]: AutowiredFieldElement for private javax.sql.DataSource org.springframework.boot.autoconfigure.orm.jpa.HibernateJpaAutoConfiguration.dataSource
14:11:13.492 [Test worker] DEBUG o.s.b.f.s.DefaultListableBeanFactory - Eagerly caching bean 'org.springframework.boot.autoconfigure.orm.jpa.HibernateJpaAutoConfiguration' to allow for resolving potential circular references
14:11:13.500 [Test worker] DEBUG o.s.b.f.annotation.InjectionMetadata - Processing injected element of bean 'org.springframework.boot.autoconfigure.orm.jpa.HibernateJpaAutoConfiguration': AutowiredFieldElement for private javax.sql.DataSource org.springframework.boot.autoconfigure.orm.jpa.JpaBaseConfiguration.dataSource
14:11:13.505 [Test worker] DEBUG o.s.b.f.s.DefaultListableBeanFactory - Creating shared instance of singleton bean 'dataSource'
14:11:13.505 [Test worker] DEBUG o.s.b.f.s.DefaultListableBeanFactory - Creating instance of bean 'dataSource'
14:11:13.505 [Test worker] DEBUG o.s.b.f.s.DefaultListableBeanFactory - Returning cached instance of singleton bean 'org.springframework.transaction.config.internalTransactionAdvisor'
14:11:13.505 [Test worker] DEBUG o.s.b.f.s.DefaultListableBeanFactory - Creating shared instance of singleton bean 'applicationTest'
14:11:13.505 [Test worker] DEBUG o.s.b.f.s.DefaultListableBeanFactory - Creating instance of bean 'applicationTest'
14:11:13.506 [Test worker] DEBUG o.s.b.f.s.DefaultListableBeanFactory - Returning cached instance of singleton bean 'org.springframework.transaction.config.internalTransactionAdvisor'
14:11:13.507 [Test worker] DEBUG o.s.b.f.s.DefaultListableBeanFactory - Eagerly caching bean 'applicationTest' to allow for resolving potential circular references
14:11:13.509 [Test worker] DEBUG o.s.b.f.s.DefaultListableBeanFactory - Returning cached instance of singleton bean 'org.springframework.transaction.config.internalTransactionAdvisor'
14:11:13.509 [Test worker] DEBUG o.s.b.f.s.DefaultListableBeanFactory - Returning cached instance of singleton bean 'org.springframework.transaction.config.internalTransactionAdvisor'
14:11:13.511 [Test worker] DEBUG o.s.j.a.JmsListenerAnnotationBeanPostProcessor - No @JmsListener annotations found on bean class: class org.project.neutrino.nfvo.repositories.tests.ApplicationTest$$EnhancerBySpringCGLIB$$3cc6635a
14:11:13.511 [Test worker] DEBUG o.s.b.f.s.DefaultListableBeanFactory - Finished creating instance of bean 'applicationTest'
14:11:13.519 [Test worker] INFO  o.s.j.d.e.EmbeddedDatabaseFactory - Creating embedded database 'testdb'
14:11:13.532 [Test worker] DEBUG o.s.jdbc.datasource.DataSourceUtils - Fetching JDBC Connection from DataSource
14:11:13.532 [Test worker] DEBUG o.s.j.d.SimpleDriverDataSource - Creating new JDBC Driver Connection to [jdbc:hsqldb:mem:testdb]
14:11:13.829 [Test worker] DEBUG o.s.jdbc.datasource.DataSourceUtils - Returning JDBC Connection to DataSource
14:11:13.830 [Test worker] DEBUG o.s.b.f.s.DefaultListableBeanFactory - Eagerly caching bean 'dataSource' to allow for resolving potential circular references
14:11:13.832 [Test worker] DEBUG o.s.b.f.s.DefaultListableBeanFactory - Returning cached instance of singleton bean 'org.springframework.transaction.config.internalTransactionAdvisor'
14:11:13.832 [Test worker] DEBUG o.s.b.f.s.DefaultListableBeanFactory - Returning cached instance of singleton bean 'org.springframework.transaction.config.internalTransactionAdvisor'
14:11:13.836 [Test worker] DEBUG o.s.b.f.s.DefaultListableBeanFactory - Creating shared instance of singleton bean 'dataSourceInitializer'
14:11:13.836 [Test worker] DEBUG o.s.b.f.s.DefaultListableBeanFactory - Creating instance of bean 'dataSourceInitializer'
14:11:13.836 [Test worker] DEBUG o.s.b.f.s.DefaultListableBeanFactory - Returning cached instance of singleton bean 'org.springframework.transaction.config.internalTransactionAdvisor'
14:11:13.837 [Test worker] DEBUG o.s.b.f.s.DefaultListableBeanFactory - Creating shared instance of singleton bean 'org.springframework.boot.autoconfigure.jdbc.DataSourceAutoConfiguration$DataSourceInitializerConfiguration'
14:11:13.837 [Test worker] DEBUG o.s.b.f.s.DefaultListableBeanFactory - Creating instance of bean 'org.springframework.boot.autoconfigure.jdbc.DataSourceAutoConfiguration$DataSourceInitializerConfiguration'
14:11:13.837 [Test worker] DEBUG o.s.b.f.s.DefaultListableBeanFactory - Returning cached instance of singleton bean 'org.springframework.transaction.config.internalTransactionAdvisor'
14:11:13.838 [Test worker] DEBUG o.s.b.f.s.DefaultListableBeanFactory - Eagerly caching bean 'org.springframework.boot.autoconfigure.jdbc.DataSourceAutoConfiguration$DataSourceInitializerConfiguration' to allow for resolving potential circular references
14:11:13.840 [Test worker] DEBUG o.s.b.f.s.DefaultListableBeanFactory - Returning cached instance of singleton bean 'org.springframework.transaction.config.internalTransactionAdvisor'
14:11:13.840 [Test worker] DEBUG o.s.b.f.s.DefaultListableBeanFactory - Returning cached instance of singleton bean 'org.springframework.transaction.config.internalTransactionAdvisor'
14:11:13.842 [Test worker] DEBUG o.s.j.a.JmsListenerAnnotationBeanPostProcessor - No @JmsListener annotations found on bean class: class org.springframework.boot.autoconfigure.jdbc.DataSourceAutoConfiguration$DataSourceInitializerConfiguration$$EnhancerBySpringCGLIB$$5615d251
14:11:13.842 [Test worker] DEBUG o.s.b.f.s.DefaultListableBeanFactory - Finished creating instance of bean 'org.springframework.boot.autoconfigure.jdbc.DataSourceAutoConfiguration$DataSourceInitializerConfiguration'
14:11:13.848 [Test worker] DEBUG o.s.c.a.CommonAnnotationBeanPostProcessor - Found init method on class [org.springframework.boot.autoconfigure.jdbc.DataSourceInitializer]: public void org.springframework.boot.autoconfigure.jdbc.DataSourceInitializer.init()
14:11:13.848 [Test worker] DEBUG o.s.c.a.CommonAnnotationBeanPostProcessor - Registered init method on class [org.springframework.boot.autoconfigure.jdbc.DataSourceInitializer]: org.springframework.beans.factory.annotation.InitDestroyAnnotationBeanPostProcessor$LifecycleElement@316510
14:11:13.849 [Test worker] DEBUG o.s.b.f.annotation.InjectionMetadata - Registered injected element on class [org.springframework.boot.autoconfigure.jdbc.DataSourceInitializer]: AutowiredFieldElement for private org.springframework.context.ConfigurableApplicationContext org.springframework.boot.autoconfigure.jdbc.DataSourceInitializer.applicationContext
14:11:13.849 [Test worker] DEBUG o.s.b.f.annotation.InjectionMetadata - Registered injected element on class [org.springframework.boot.autoconfigure.jdbc.DataSourceInitializer]: AutowiredFieldElement for private org.springframework.boot.autoconfigure.jdbc.DataSourceProperties org.springframework.boot.autoconfigure.jdbc.DataSourceInitializer.properties
14:11:13.849 [Test worker] DEBUG o.s.b.f.s.DefaultListableBeanFactory - Eagerly caching bean 'dataSourceInitializer' to allow for resolving potential circular references
14:11:13.850 [Test worker] DEBUG o.s.b.f.annotation.InjectionMetadata - Processing injected element of bean 'dataSourceInitializer': AutowiredFieldElement for private org.springframework.context.ConfigurableApplicationContext org.springframework.boot.autoconfigure.jdbc.DataSourceInitializer.applicationContext
14:11:13.853 [Test worker] DEBUG o.s.b.f.a.AutowiredAnnotationBeanPostProcessor - Autowiring by type from bean name 'dataSourceInitializer' to bean named 'org.springframework.context.support.GenericApplicationContext@5f281b8c'
14:11:13.853 [Test worker] DEBUG o.s.b.f.annotation.InjectionMetadata - Processing injected element of bean 'dataSourceInitializer': AutowiredFieldElement for private org.springframework.boot.autoconfigure.jdbc.DataSourceProperties org.springframework.boot.autoconfigure.jdbc.DataSourceInitializer.properties
14:11:13.856 [Test worker] DEBUG o.s.b.f.s.DefaultListableBeanFactory - Creating shared instance of singleton bean 'spring.datasource.CONFIGURATION_PROPERTIES'
14:11:13.856 [Test worker] DEBUG o.s.b.f.s.DefaultListableBeanFactory - Creating instance of bean 'spring.datasource.CONFIGURATION_PROPERTIES'
14:11:13.856 [Test worker] DEBUG o.s.b.f.s.DefaultListableBeanFactory - Returning cached instance of singleton bean 'org.springframework.transaction.config.internalTransactionAdvisor'
14:11:13.859 [Test worker] DEBUG o.s.b.f.s.DefaultListableBeanFactory - Eagerly caching bean 'spring.datasource.CONFIGURATION_PROPERTIES' to allow for resolving potential circular references
14:11:13.884 [Test worker] DEBUG o.s.core.env.MutablePropertySources - Adding [Inlined Test Properties] PropertySource with lowest search precedence
14:11:13.885 [Test worker] DEBUG o.s.core.env.MutablePropertySources - Adding [systemProperties] PropertySource with lowest search precedence
14:11:13.885 [Test worker] DEBUG o.s.core.env.MutablePropertySources - Adding [systemEnvironment] PropertySource with lowest search precedence
14:11:13.886 [Test worker] DEBUG o.s.core.env.MutablePropertySources - Adding [localProperties] PropertySource with lowest search precedence
14:11:13.887 [Test worker] DEBUG o.s.core.env.MutablePropertySources - Adding [Inlined Test Properties] PropertySource with lowest search precedence
14:11:13.887 [Test worker] DEBUG o.s.core.env.MutablePropertySources - Adding [systemProperties] PropertySource with lowest search precedence
14:11:13.887 [Test worker] DEBUG o.s.core.env.MutablePropertySources - Adding [systemEnvironment] PropertySource with lowest search precedence
14:11:13.887 [Test worker] DEBUG o.s.core.env.MutablePropertySources - Adding [localProperties] PropertySource with lowest search precedence
14:11:13.887 [Test worker] DEBUG o.s.c.e.PropertySourcesPropertyResolver - Searching for key 'timezone' in [Inlined Test Properties]
14:11:13.887 [Test worker] DEBUG o.s.c.e.PropertySourcesPropertyResolver - Found key 'timezone' in [Inlined Test Properties] with type [String] and value 'GMT'
14:11:13.889 [Test worker] DEBUG o.s.core.env.MutablePropertySources - Adding [Inlined Test Properties] PropertySource with lowest search precedence
14:11:13.889 [Test worker] DEBUG o.s.core.env.MutablePropertySources - Adding [systemProperties] PropertySource with lowest search precedence
14:11:13.889 [Test worker] DEBUG o.s.core.env.MutablePropertySources - Adding [systemEnvironment] PropertySource with lowest search precedence
14:11:13.889 [Test worker] DEBUG o.s.core.env.MutablePropertySources - Adding [localProperties] PropertySource with lowest search precedence
14:11:13.889 [Test worker] DEBUG o.s.c.e.PropertySourcesPropertyResolver - Searching for key 'port' in [Inlined Test Properties]
14:11:13.889 [Test worker] DEBUG o.s.c.e.PropertySourcesPropertyResolver - Found key 'port' in [Inlined Test Properties] with type [String] and value '4242'
14:11:13.897 [Test worker] DEBUG o.s.b.f.s.DefaultListableBeanFactory - Invoking afterPropertiesSet() on bean with name 'spring.datasource.CONFIGURATION_PROPERTIES'
14:11:13.899 [Test worker] DEBUG o.s.b.f.s.DefaultListableBeanFactory - Returning cached instance of singleton bean 'org.springframework.transaction.config.internalTransactionAdvisor'
14:11:13.899 [Test worker] DEBUG o.s.b.f.s.DefaultListableBeanFactory - Returning cached instance of singleton bean 'org.springframework.transaction.config.internalTransactionAdvisor'
14:11:13.900 [Test worker] DEBUG o.s.j.a.JmsListenerAnnotationBeanPostProcessor - No @JmsListener annotations found on bean class: class org.springframework.boot.autoconfigure.jdbc.DataSourceProperties
14:11:13.900 [Test worker] DEBUG o.s.b.f.s.DefaultListableBeanFactory - Finished creating instance of bean 'spring.datasource.CONFIGURATION_PROPERTIES'
14:11:13.900 [Test worker] DEBUG o.s.b.f.a.AutowiredAnnotationBeanPostProcessor - Autowiring by type from bean name 'dataSourceInitializer' to bean named 'spring.datasource.CONFIGURATION_PROPERTIES'
14:11:13.901 [Test worker] DEBUG o.s.c.a.CommonAnnotationBeanPostProcessor - Invoking init method on bean 'dataSourceInitializer': public void org.springframework.boot.autoconfigure.jdbc.DataSourceInitializer.init()
14:11:13.907 [Test worker] DEBUG o.s.b.f.s.DefaultListableBeanFactory - Returning eagerly cached instance of singleton bean 'dataSource' that is not fully initialized yet - a consequence of a circular reference
14:11:13.908 [Test worker] DEBUG o.s.b.f.s.DefaultListableBeanFactory - Returning cached instance of singleton bean 'org.springframework.transaction.config.internalTransactionAdvisor'
14:11:13.908 [Test worker] DEBUG o.s.b.f.s.DefaultListableBeanFactory - Returning cached instance of singleton bean 'org.springframework.transaction.config.internalTransactionAdvisor'
14:11:13.909 [Test worker] DEBUG o.s.j.a.JmsListenerAnnotationBeanPostProcessor - No @JmsListener annotations found on bean class: class org.springframework.boot.autoconfigure.jdbc.DataSourceInitializer
14:11:13.909 [Test worker] DEBUG o.s.b.f.s.DefaultListableBeanFactory - Finished creating instance of bean 'dataSourceInitializer'
14:11:13.909 [Test worker] DEBUG o.s.j.a.JmsListenerAnnotationBeanPostProcessor - No @JmsListener annotations found on bean class: class org.springframework.jdbc.datasource.embedded.EmbeddedDatabaseFactory$EmbeddedDataSourceProxy
14:11:13.910 [Test worker] DEBUG o.s.b.f.s.DefaultListableBeanFactory - Finished creating instance of bean 'dataSource'
14:11:13.910 [Test worker] DEBUG o.s.b.f.a.AutowiredAnnotationBeanPostProcessor - Autowiring by type from bean name 'org.springframework.boot.autoconfigure.orm.jpa.HibernateJpaAutoConfiguration' to bean named 'dataSource'
14:11:13.910 [Test worker] DEBUG o.s.b.f.annotation.InjectionMetadata - Processing injected element of bean 'org.springframework.boot.autoconfigure.orm.jpa.HibernateJpaAutoConfiguration': AutowiredFieldElement for private org.springframework.orm.jpa.persistenceunit.PersistenceUnitManager org.springframework.boot.autoconfigure.orm.jpa.JpaBaseConfiguration.persistenceUnitManager
14:11:13.913 [Test worker] DEBUG o.s.b.f.annotation.InjectionMetadata - Processing injected element of bean 'org.springframework.boot.autoconfigure.orm.jpa.HibernateJpaAutoConfiguration': AutowiredFieldElement for private org.springframework.boot.autoconfigure.orm.jpa.JpaProperties org.springframework.boot.autoconfigure.orm.jpa.JpaBaseConfiguration.jpaProperties
14:11:13.915 [Test worker] DEBUG o.s.b.f.s.DefaultListableBeanFactory - Creating shared instance of singleton bean 'spring.jpa.CONFIGURATION_PROPERTIES'
14:11:13.915 [Test worker] DEBUG o.s.b.f.s.DefaultListableBeanFactory - Creating instance of bean 'spring.jpa.CONFIGURATION_PROPERTIES'
14:11:13.915 [Test worker] DEBUG o.s.b.f.s.DefaultListableBeanFactory - Returning cached instance of singleton bean 'org.springframework.transaction.config.internalTransactionAdvisor'
14:11:13.916 [Test worker] DEBUG o.s.b.f.s.DefaultListableBeanFactory - Eagerly caching bean 'spring.jpa.CONFIGURATION_PROPERTIES' to allow for resolving potential circular references
14:11:13.921 [Test worker] DEBUG o.s.core.env.MutablePropertySources - Adding [Inlined Test Properties] PropertySource with lowest search precedence
14:11:13.921 [Test worker] DEBUG o.s.core.env.MutablePropertySources - Adding [systemProperties] PropertySource with lowest search precedence
14:11:13.921 [Test worker] DEBUG o.s.core.env.MutablePropertySources - Adding [systemEnvironment] PropertySource with lowest search precedence
14:11:13.921 [Test worker] DEBUG o.s.core.env.MutablePropertySources - Adding [localProperties] PropertySource with lowest search precedence
14:11:13.922 [Test worker] DEBUG o.s.core.env.MutablePropertySources - Adding [Inlined Test Properties] PropertySource with lowest search precedence
14:11:13.922 [Test worker] DEBUG o.s.core.env.MutablePropertySources - Adding [systemProperties] PropertySource with lowest search precedence
14:11:13.922 [Test worker] DEBUG o.s.core.env.MutablePropertySources - Adding [systemEnvironment] PropertySource with lowest search precedence
14:11:13.922 [Test worker] DEBUG o.s.core.env.MutablePropertySources - Adding [localProperties] PropertySource with lowest search precedence
14:11:13.922 [Test worker] DEBUG o.s.c.e.PropertySourcesPropertyResolver - Searching for key 'timezone' in [Inlined Test Properties]
14:11:13.922 [Test worker] DEBUG o.s.c.e.PropertySourcesPropertyResolver - Found key 'timezone' in [Inlined Test Properties] with type [String] and value 'GMT'
14:11:13.923 [Test worker] DEBUG o.s.core.env.MutablePropertySources - Adding [Inlined Test Properties] PropertySource with lowest search precedence
14:11:13.923 [Test worker] DEBUG o.s.core.env.MutablePropertySources - Adding [systemProperties] PropertySource with lowest search precedence
14:11:13.923 [Test worker] DEBUG o.s.core.env.MutablePropertySources - Adding [systemEnvironment] PropertySource with lowest search precedence
14:11:13.923 [Test worker] DEBUG o.s.core.env.MutablePropertySources - Adding [localProperties] PropertySource with lowest search precedence
14:11:13.923 [Test worker] DEBUG o.s.c.e.PropertySourcesPropertyResolver - Searching for key 'port' in [Inlined Test Properties]
14:11:13.923 [Test worker] DEBUG o.s.c.e.PropertySourcesPropertyResolver - Found key 'port' in [Inlined Test Properties] with type [String] and value '4242'
14:11:13.924 [Test worker] DEBUG o.s.b.f.s.DefaultListableBeanFactory - Returning cached instance of singleton bean 'org.springframework.transaction.config.internalTransactionAdvisor'
14:11:13.924 [Test worker] DEBUG o.s.b.f.s.DefaultListableBeanFactory - Returning cached instance of singleton bean 'org.springframework.transaction.config.internalTransactionAdvisor'
14:11:13.925 [Test worker] DEBUG o.s.j.a.JmsListenerAnnotationBeanPostProcessor - No @JmsListener annotations found on bean class: class org.springframework.boot.autoconfigure.orm.jpa.JpaProperties
14:11:13.925 [Test worker] DEBUG o.s.b.f.s.DefaultListableBeanFactory - Finished creating instance of bean 'spring.jpa.CONFIGURATION_PROPERTIES'
14:11:13.925 [Test worker] DEBUG o.s.b.f.a.AutowiredAnnotationBeanPostProcessor - Autowiring by type from bean name 'org.springframework.boot.autoconfigure.orm.jpa.HibernateJpaAutoConfiguration' to bean named 'spring.jpa.CONFIGURATION_PROPERTIES'
14:11:13.925 [Test worker] DEBUG o.s.b.f.annotation.InjectionMetadata - Processing injected element of bean 'org.springframework.boot.autoconfigure.orm.jpa.HibernateJpaAutoConfiguration': AutowiredFieldElement for private org.springframework.transaction.jta.JtaTransactionManager org.springframework.boot.autoconfigure.orm.jpa.JpaBaseConfiguration.jtaTransactionManager
14:11:13.928 [Test worker] DEBUG o.s.b.f.annotation.InjectionMetadata - Processing injected element of bean 'org.springframework.boot.autoconfigure.orm.jpa.HibernateJpaAutoConfiguration': AutowiredFieldElement for private org.springframework.boot.autoconfigure.orm.jpa.JpaProperties org.springframework.boot.autoconfigure.orm.jpa.HibernateJpaAutoConfiguration.properties
14:11:13.931 [Test worker] DEBUG o.s.b.f.s.DefaultListableBeanFactory - Returning cached instance of singleton bean 'spring.jpa.CONFIGURATION_PROPERTIES'
14:11:13.931 [Test worker] DEBUG o.s.b.f.a.AutowiredAnnotationBeanPostProcessor - Autowiring by type from bean name 'org.springframework.boot.autoconfigure.orm.jpa.HibernateJpaAutoConfiguration' to bean named 'spring.jpa.CONFIGURATION_PROPERTIES'
14:11:13.931 [Test worker] DEBUG o.s.b.f.annotation.InjectionMetadata - Processing injected element of bean 'org.springframework.boot.autoconfigure.orm.jpa.HibernateJpaAutoConfiguration': AutowiredFieldElement for private javax.sql.DataSource org.springframework.boot.autoconfigure.orm.jpa.HibernateJpaAutoConfiguration.dataSource
14:11:13.934 [Test worker] DEBUG o.s.b.f.s.DefaultListableBeanFactory - Returning cached instance of singleton bean 'dataSource'
14:11:13.934 [Test worker] DEBUG o.s.b.f.a.AutowiredAnnotationBeanPostProcessor - Autowiring by type from bean name 'org.springframework.boot.autoconfigure.orm.jpa.HibernateJpaAutoConfiguration' to bean named 'dataSource'
14:11:13.935 [Test worker] DEBUG o.s.b.f.s.DefaultListableBeanFactory - Returning cached instance of singleton bean 'org.springframework.transaction.config.internalTransactionAdvisor'
14:11:13.935 [Test worker] DEBUG o.s.b.f.s.DefaultListableBeanFactory - Returning cached instance of singleton bean 'org.springframework.transaction.config.internalTransactionAdvisor'
14:11:13.936 [Test worker] DEBUG o.s.j.a.JmsListenerAnnotationBeanPostProcessor - No @JmsListener annotations found on bean class: class org.springframework.boot.autoconfigure.orm.jpa.HibernateJpaAutoConfiguration$$EnhancerBySpringCGLIB$$e65e212a
14:11:13.936 [Test worker] DEBUG o.s.b.f.s.DefaultListableBeanFactory - Finished creating instance of bean 'org.springframework.boot.autoconfigure.orm.jpa.HibernateJpaAutoConfiguration'
14:11:13.939 [Test worker] DEBUG o.s.b.f.s.DefaultListableBeanFactory - Creating shared instance of singleton bean 'entityManagerFactoryBuilder'
14:11:13.940 [Test worker] DEBUG o.s.b.f.s.DefaultListableBeanFactory - Creating instance of bean 'entityManagerFactoryBuilder'
14:11:13.940 [Test worker] DEBUG o.s.b.f.s.DefaultListableBeanFactory - Returning cached instance of singleton bean 'org.springframework.transaction.config.internalTransactionAdvisor'
14:11:13.940 [Test worker] DEBUG o.s.b.f.s.DefaultListableBeanFactory - Returning cached instance of singleton bean 'org.springframework.boot.autoconfigure.orm.jpa.HibernateJpaAutoConfiguration'
14:11:13.943 [Test worker] DEBUG o.s.b.f.s.DefaultListableBeanFactory - Creating shared instance of singleton bean 'jpaVendorAdapter'
14:11:13.943 [Test worker] DEBUG o.s.b.f.s.DefaultListableBeanFactory - Creating instance of bean 'jpaVendorAdapter'
14:11:13.943 [Test worker] DEBUG o.s.b.f.s.DefaultListableBeanFactory - Returning cached instance of singleton bean 'org.springframework.transaction.config.internalTransactionAdvisor'
14:11:13.943 [Test worker] DEBUG o.s.b.f.s.DefaultListableBeanFactory - Returning cached instance of singleton bean 'org.springframework.boot.autoconfigure.orm.jpa.HibernateJpaAutoConfiguration'
14:11:13.972 [Test worker] DEBUG org.jboss.logging - Logging Provider: org.jboss.logging.Slf4jLoggerProvider
14:11:13.977 [Test worker] DEBUG o.s.b.f.s.DefaultListableBeanFactory - Eagerly caching bean 'jpaVendorAdapter' to allow for resolving potential circular references
14:11:13.980 [Test worker] DEBUG o.s.b.f.s.DefaultListableBeanFactory - Returning cached instance of singleton bean 'org.springframework.transaction.config.internalTransactionAdvisor'
14:11:13.980 [Test worker] DEBUG o.s.b.f.s.DefaultListableBeanFactory - Returning cached instance of singleton bean 'org.springframework.transaction.config.internalTransactionAdvisor'
14:11:13.981 [Test worker] DEBUG o.s.j.a.JmsListenerAnnotationBeanPostProcessor - No @JmsListener annotations found on bean class: class org.springframework.orm.jpa.vendor.HibernateJpaVendorAdapter
14:11:13.981 [Test worker] DEBUG o.s.b.f.s.DefaultListableBeanFactory - Finished creating instance of bean 'jpaVendorAdapter'
14:11:13.982 [Test worker] DEBUG o.s.b.f.s.DefaultListableBeanFactory - Autowiring by type from bean name 'entityManagerFactoryBuilder' via factory method to bean named 'jpaVendorAdapter'
14:11:13.983 [Test worker] DEBUG o.s.b.f.s.DefaultListableBeanFactory - Eagerly caching bean 'entityManagerFactoryBuilder' to allow for resolving potential circular references
14:11:13.985 [Test worker] DEBUG o.s.b.f.s.DefaultListableBeanFactory - Returning cached instance of singleton bean 'org.springframework.transaction.config.internalTransactionAdvisor'
14:11:13.985 [Test worker] DEBUG o.s.b.f.s.DefaultListableBeanFactory - Returning cached instance of singleton bean 'org.springframework.transaction.config.internalTransactionAdvisor'
14:11:13.986 [Test worker] DEBUG o.s.j.a.JmsListenerAnnotationBeanPostProcessor - No @JmsListener annotations found on bean class: class org.springframework.boot.autoconfigure.orm.jpa.EntityManagerFactoryBuilder
14:11:13.986 [Test worker] DEBUG o.s.b.f.s.DefaultListableBeanFactory - Finished creating instance of bean 'entityManagerFactoryBuilder'
14:11:13.986 [Test worker] DEBUG o.s.b.f.s.DefaultListableBeanFactory - Autowiring by type from bean name 'entityManagerFactory' via factory method to bean named 'entityManagerFactoryBuilder'
14:11:13.993 [Test worker] DEBUG o.s.jdbc.datasource.DataSourceUtils - Fetching JDBC Connection from DataSource
14:11:13.993 [Test worker] DEBUG o.s.j.d.SimpleDriverDataSource - Creating new JDBC Driver Connection to [jdbc:hsqldb:mem:testdb]
14:11:14.004 [Test worker] DEBUG o.s.jdbc.datasource.DataSourceUtils - Returning JDBC Connection to DataSource
14:11:14.006 [Test worker] DEBUG o.s.b.f.s.DefaultListableBeanFactory - Creating shared instance of singleton bean 'org.springframework.boot.autoconfigure.AutoConfigurationPackages'
14:11:14.006 [Test worker] DEBUG o.s.b.f.s.DefaultListableBeanFactory - Creating instance of bean 'org.springframework.boot.autoconfigure.AutoConfigurationPackages'
14:11:14.007 [Test worker] DEBUG o.s.b.f.s.DefaultListableBeanFactory - Returning cached instance of singleton bean 'org.springframework.transaction.config.internalTransactionAdvisor'
14:11:14.008 [Test worker] DEBUG o.s.b.f.s.DefaultListableBeanFactory - Eagerly caching bean 'org.springframework.boot.autoconfigure.AutoConfigurationPackages' to allow for resolving potential circular references
14:11:14.010 [Test worker] DEBUG o.s.b.f.s.DefaultListableBeanFactory - Returning cached instance of singleton bean 'org.springframework.transaction.config.internalTransactionAdvisor'
14:11:14.010 [Test worker] DEBUG o.s.b.f.s.DefaultListableBeanFactory - Returning cached instance of singleton bean 'org.springframework.transaction.config.internalTransactionAdvisor'
14:11:14.011 [Test worker] DEBUG o.s.j.a.JmsListenerAnnotationBeanPostProcessor - No @JmsListener annotations found on bean class: class org.springframework.boot.autoconfigure.AutoConfigurationPackages$BasePackages
14:11:14.011 [Test worker] DEBUG o.s.b.f.s.DefaultListableBeanFactory - Finished creating instance of bean 'org.springframework.boot.autoconfigure.AutoConfigurationPackages'
14:11:14.011 [Test worker] DEBUG o.s.b.a.AutoConfigurationPackages - @EnableAutoConfiguration was declared on a class in the package 'org.project.neutrino.nfvo.repositories.tests'. Automatic @Repository and @Entity scanning is enabled.
14:11:14.011 [Test worker] DEBUG o.s.b.f.s.DefaultListableBeanFactory - Returning cached instance of singleton bean 'org.springframework.boot.autoconfigure.AutoConfigurationPackages'
14:11:14.023 [Test worker] DEBUG o.s.b.f.s.DefaultListableBeanFactory - Eagerly caching bean 'entityManagerFactory' to allow for resolving potential circular references
14:11:14.031 [Test worker] DEBUG o.s.b.f.s.DefaultListableBeanFactory - Invoking afterPropertiesSet() on bean with name 'entityManagerFactory'
14:11:14.038 [Test worker] DEBUG o.s.c.i.s.PathMatchingResourcePatternResolver - Looking for matching resources in jar file [file:/opt/neutrino/nfvo/catalogue/build/libs/catalogue-0.1-SNAPSHOT.jar]
14:11:14.040 [Test worker] DEBUG o.s.c.i.s.PathMatchingResourcePatternResolver - Resolved location pattern [classpath*:org/project/neutrino/nfvo/catalogue/mano/descriptor/**/*.class] to resources [URL [jar:file:/opt/neutrino/nfvo/catalogue/build/libs/catalogue-0.1-SNAPSHOT.jar!/org/project/neutrino/nfvo/catalogue/mano/descriptor/InternalVirtualLink.class], URL [jar:file:/opt/neutrino/nfvo/catalogue/build/libs/catalogue-0.1-SNAPSHOT.jar!/org/project/neutrino/nfvo/catalogue/mano/descriptor/NetworkForwardingPath.class], URL [jar:file:/opt/neutrino/nfvo/catalogue/build/libs/catalogue-0.1-SNAPSHOT.jar!/org/project/neutrino/nfvo/catalogue/mano/descriptor/NetworkServiceDescriptor.class], URL [jar:file:/opt/neutrino/nfvo/catalogue/build/libs/catalogue-0.1-SNAPSHOT.jar!/org/project/neutrino/nfvo/catalogue/mano/descriptor/PhysicalNetworkFunctionDescriptor.class], URL [jar:file:/opt/neutrino/nfvo/catalogue/build/libs/catalogue-0.1-SNAPSHOT.jar!/org/project/neutrino/nfvo/catalogue/mano/descriptor/Policy.class], URL [jar:file:/opt/neutrino/nfvo/catalogue/build/libs/catalogue-0.1-SNAPSHOT.jar!/org/project/neutrino/nfvo/catalogue/mano/descriptor/VDUDependency.class], URL [jar:file:/opt/neutrino/nfvo/catalogue/build/libs/catalogue-0.1-SNAPSHOT.jar!/org/project/neutrino/nfvo/catalogue/mano/descriptor/VirtualDeploymentUnit.class], URL [jar:file:/opt/neutrino/nfvo/catalogue/build/libs/catalogue-0.1-SNAPSHOT.jar!/org/project/neutrino/nfvo/catalogue/mano/descriptor/VirtualLinkDescriptor.class], URL [jar:file:/opt/neutrino/nfvo/catalogue/build/libs/catalogue-0.1-SNAPSHOT.jar!/org/project/neutrino/nfvo/catalogue/mano/descriptor/VirtualNetworkFunctionDescriptor.class], URL [jar:file:/opt/neutrino/nfvo/catalogue/build/libs/catalogue-0.1-SNAPSHOT.jar!/org/project/neutrino/nfvo/catalogue/mano/descriptor/VNFComponent.class], URL [jar:file:/opt/neutrino/nfvo/catalogue/build/libs/catalogue-0.1-SNAPSHOT.jar!/org/project/neutrino/nfvo/catalogue/mano/descriptor/VNFDConnectionPoint.class], URL [jar:file:/opt/neutrino/nfvo/catalogue/build/libs/catalogue-0.1-SNAPSHOT.jar!/org/project/neutrino/nfvo/catalogue/mano/descriptor/VNFDDeploymentFlavour.class], URL [jar:file:/opt/neutrino/nfvo/catalogue/build/libs/catalogue-0.1-SNAPSHOT.jar!/org/project/neutrino/nfvo/catalogue/mano/descriptor/VNFForwardingGraph.class]]
14:11:14.044 [Test worker] DEBUG o.s.c.i.s.PathMatchingResourcePatternResolver - Looking for matching resources in jar file [file:/opt/neutrino/nfvo/catalogue/build/libs/catalogue-0.1-SNAPSHOT.jar]
14:11:14.045 [Test worker] DEBUG o.s.c.i.s.PathMatchingResourcePatternResolver - Resolved location pattern [classpath*:org/project/neutrino/nfvo/catalogue/mano/common/**/*.class] to resources [URL [jar:file:/opt/neutrino/nfvo/catalogue/build/libs/catalogue-0.1-SNAPSHOT.jar!/org/project/neutrino/nfvo/catalogue/mano/common/AbstractVirtualLink.class], URL [jar:file:/opt/neutrino/nfvo/catalogue/build/libs/catalogue-0.1-SNAPSHOT.jar!/org/project/neutrino/nfvo/catalogue/mano/common/AutoScalePolicy.class], URL [jar:file:/opt/neutrino/nfvo/catalogue/build/libs/catalogue-0.1-SNAPSHOT.jar!/org/project/neutrino/nfvo/catalogue/mano/common/ConnectionPoint.class], URL [jar:file:/opt/neutrino/nfvo/catalogue/build/libs/catalogue-0.1-SNAPSHOT.jar!/org/project/neutrino/nfvo/catalogue/mano/common/CostituentVDU.class], URL [jar:file:/opt/neutrino/nfvo/catalogue/build/libs/catalogue-0.1-SNAPSHOT.jar!/org/project/neutrino/nfvo/catalogue/mano/common/CostituentVNF.class], URL [jar:file:/opt/neutrino/nfvo/catalogue/build/libs/catalogue-0.1-SNAPSHOT.jar!/org/project/neutrino/nfvo/catalogue/mano/common/DeploymentFlavour.class], URL [jar:file:/opt/neutrino/nfvo/catalogue/build/libs/catalogue-0.1-SNAPSHOT.jar!/org/project/neutrino/nfvo/catalogue/mano/common/Event.class], URL [jar:file:/opt/neutrino/nfvo/catalogue/build/libs/catalogue-0.1-SNAPSHOT.jar!/org/project/neutrino/nfvo/catalogue/mano/common/HighAvailability.class], URL [jar:file:/opt/neutrino/nfvo/catalogue/build/libs/catalogue-0.1-SNAPSHOT.jar!/org/project/neutrino/nfvo/catalogue/mano/common/LifecycleEvent.class], URL [jar:file:/opt/neutrino/nfvo/catalogue/build/libs/catalogue-0.1-SNAPSHOT.jar!/org/project/neutrino/nfvo/catalogue/mano/common/NFVEntityDescriptor.class], URL [jar:file:/opt/neutrino/nfvo/catalogue/build/libs/catalogue-0.1-SNAPSHOT.jar!/org/project/neutrino/nfvo/catalogue/mano/common/RedundancyModel.class], URL [jar:file:/opt/neutrino/nfvo/catalogue/build/libs/catalogue-0.1-SNAPSHOT.jar!/org/project/neutrino/nfvo/catalogue/mano/common/Security.class], URL [jar:file:/opt/neutrino/nfvo/catalogue/build/libs/catalogue-0.1-SNAPSHOT.jar!/org/project/neutrino/nfvo/catalogue/mano/common/ServiceDeploymentFlavour.class], URL [jar:file:/opt/neutrino/nfvo/catalogue/build/libs/catalogue-0.1-SNAPSHOT.jar!/org/project/neutrino/nfvo/catalogue/mano/common/VNFDependency.class]]
14:11:14.049 [Test worker] DEBUG o.s.c.i.s.PathMatchingResourcePatternResolver - Looking for matching resources in jar file [file:/opt/neutrino/nfvo/catalogue/build/libs/catalogue-0.1-SNAPSHOT.jar]
14:11:14.050 [Test worker] DEBUG o.s.c.i.s.PathMatchingResourcePatternResolver - Resolved location pattern [classpath*:org/project/neutrino/nfvo/catalogue/mano/record/**/*.class] to resources [URL [jar:file:/opt/neutrino/nfvo/catalogue/build/libs/catalogue-0.1-SNAPSHOT.jar!/org/project/neutrino/nfvo/catalogue/mano/record/LinkStatus.class], URL [jar:file:/opt/neutrino/nfvo/catalogue/build/libs/catalogue-0.1-SNAPSHOT.jar!/org/project/neutrino/nfvo/catalogue/mano/record/NetworkServiceRecord.class], URL [jar:file:/opt/neutrino/nfvo/catalogue/build/libs/catalogue-0.1-SNAPSHOT.jar!/org/project/neutrino/nfvo/catalogue/mano/record/PhysicalNetworkFunctionRecord.class], URL [jar:file:/opt/neutrino/nfvo/catalogue/build/libs/catalogue-0.1-SNAPSHOT.jar!/org/project/neutrino/nfvo/catalogue/mano/record/Status.class], URL [jar:file:/opt/neutrino/nfvo/catalogue/build/libs/catalogue-0.1-SNAPSHOT.jar!/org/project/neutrino/nfvo/catalogue/mano/record/VirtualLinkRecord.class], URL [jar:file:/opt/neutrino/nfvo/catalogue/build/libs/catalogue-0.1-SNAPSHOT.jar!/org/project/neutrino/nfvo/catalogue/mano/record/VirtualNetworkFunctionRecord.class], URL [jar:file:/opt/neutrino/nfvo/catalogue/build/libs/catalogue-0.1-SNAPSHOT.jar!/org/project/neutrino/nfvo/catalogue/mano/record/VNFForwardingGraphRecord.class]]
14:11:14.053 [Test worker] INFO  o.s.o.j.LocalContainerEntityManagerFactoryBean - Building JPA container EntityManagerFactory for persistence unit 'default'
14:11:14.092 [Test worker] DEBUG o.h.jpa.internal.util.LogHelper - PersistenceUnitInfo [
	name: default
	persistence provider classname: null
	classloader: sun.misc.Launcher$AppClassLoader@2bc7510d
	excludeUnlistedClasses: true
	JTA datasource: null
	Non JTA datasource: org.springframework.jdbc.datasource.embedded.EmbeddedDatabaseFactory$EmbeddedDataSourceProxy@6fee13f1
	Transaction type: RESOURCE_LOCAL
	PU root URL: file:/opt/neutrino/nfvo/catalogue/build/libs/catalogue-0.1-SNAPSHOT.jar
	Shared Cache Mode: UNSPECIFIED
	Validation Mode: AUTO
	Jar files URLs []
	Managed classes names [
		org.project.neutrino.nfvo.catalogue.mano.descriptor.InternalVirtualLink
		org.project.neutrino.nfvo.catalogue.mano.descriptor.NetworkForwardingPath
		org.project.neutrino.nfvo.catalogue.mano.descriptor.NetworkServiceDescriptor
		org.project.neutrino.nfvo.catalogue.mano.descriptor.PhysicalNetworkFunctionDescriptor
		org.project.neutrino.nfvo.catalogue.mano.descriptor.Policy
		org.project.neutrino.nfvo.catalogue.mano.descriptor.VDUDependency
		org.project.neutrino.nfvo.catalogue.mano.descriptor.VirtualDeploymentUnit
		org.project.neutrino.nfvo.catalogue.mano.descriptor.VirtualLinkDescriptor
		org.project.neutrino.nfvo.catalogue.mano.descriptor.VirtualNetworkFunctionDescriptor
		org.project.neutrino.nfvo.catalogue.mano.descriptor.VNFComponent
		org.project.neutrino.nfvo.catalogue.mano.descriptor.VNFDConnectionPoint
		org.project.neutrino.nfvo.catalogue.mano.descriptor.VNFDDeploymentFlavour
		org.project.neutrino.nfvo.catalogue.mano.descriptor.VNFForwardingGraph
		org.project.neutrino.nfvo.catalogue.mano.common.AbstractVirtualLink
		org.project.neutrino.nfvo.catalogue.mano.common.AutoScalePolicy
		org.project.neutrino.nfvo.catalogue.mano.common.ConnectionPoint
		org.project.neutrino.nfvo.catalogue.mano.common.CostituentVDU
		org.project.neutrino.nfvo.catalogue.mano.common.CostituentVNF
		org.project.neutrino.nfvo.catalogue.mano.common.DeploymentFlavour
		org.project.neutrino.nfvo.catalogue.mano.common.LifecycleEvent
		org.project.neutrino.nfvo.catalogue.mano.common.NFVEntityDescriptor
		org.project.neutrino.nfvo.catalogue.mano.common.Security
		org.project.neutrino.nfvo.catalogue.mano.common.ServiceDeploymentFlavour
		org.project.neutrino.nfvo.catalogue.mano.common.VNFDependency
		org.project.neutrino.nfvo.catalogue.mano.record.NetworkServiceRecord
		org.project.neutrino.nfvo.catalogue.mano.record.PhysicalNetworkFunctionRecord
		org.project.neutrino.nfvo.catalogue.mano.record.VirtualLinkRecord
		org.project.neutrino.nfvo.catalogue.mano.record.VirtualNetworkFunctionRecord
		org.project.neutrino.nfvo.catalogue.mano.record.VNFForwardingGraphRecord]
	Mapping files names []
	Properties []
14:11:14.117 [Test worker] DEBUG o.h.i.internal.IntegratorServiceImpl - Adding Integrator [org.hibernate.cfg.beanvalidation.BeanValidationIntegrator].
14:11:14.120 [Test worker] DEBUG o.h.i.internal.IntegratorServiceImpl - Adding Integrator [org.hibernate.secure.spi.JaccIntegrator].
14:11:14.122 [Test worker] DEBUG o.h.i.internal.IntegratorServiceImpl - Adding Integrator [org.hibernate.cache.internal.CollectionCacheInvalidator].
14:11:14.122 [Test worker] DEBUG o.h.i.internal.IntegratorServiceImpl - Adding Integrator [org.hibernate.jpa.event.spi.JpaIntegrator].
14:11:14.138 [Test worker] DEBUG o.h.b.r.s.i.StrategySelectorImpl - Registering named strategy selector [org.hibernate.dialect.Dialect] : [MySQL5] -> [org.hibernate.dialect.MySQL5Dialect] (replacing [org.hibernate.dialect.MySQL5Dialect])
14:11:14.139 [Test worker] DEBUG o.h.b.r.s.i.StrategySelectorImpl - Registering named strategy selector [org.hibernate.dialect.Dialect] : [MySQL5InnoDB] -> [org.hibernate.dialect.MySQL5InnoDBDialect] (replacing [org.hibernate.dialect.MySQL5InnoDBDialect])
14:11:14.175 [Test worker] INFO  org.hibernate.Version - HHH000412: Hibernate Core {4.3.8.Final}
14:11:14.179 [Test worker] INFO  org.hibernate.cfg.Environment - HHH000205: Loaded properties from resource hibernate.properties: {hibernate.dialect=org.hibernate.dialect.MySQL5Dialect, hibernate.show_sql=false, hibernate.bytecode.use_reflection_optimizer=false, hibernate.hbm2ddl.auto=create-drop}
14:11:14.180 [Test worker] INFO  org.hibernate.cfg.Environment - HHH000021: Bytecode provider name : javassist
14:11:14.306 [Test worker] DEBUG o.h.service.spi.ServiceBinding - Overriding existing service binding [org.hibernate.secure.spi.JaccService]
14:11:14.327 [Test worker] DEBUG org.hibernate.type.BasicTypeRegistry - Adding type registration boolean -> org.hibernate.type.BooleanType@688b6a2c
14:11:14.327 [Test worker] DEBUG org.hibernate.type.BasicTypeRegistry - Adding type registration boolean -> org.hibernate.type.BooleanType@688b6a2c
14:11:14.328 [Test worker] DEBUG org.hibernate.type.BasicTypeRegistry - Adding type registration java.lang.Boolean -> org.hibernate.type.BooleanType@688b6a2c
14:11:14.329 [Test worker] DEBUG org.hibernate.type.BasicTypeRegistry - Adding type registration numeric_boolean -> org.hibernate.type.NumericBooleanType@1a90a06e
14:11:14.330 [Test worker] DEBUG org.hibernate.type.BasicTypeRegistry - Adding type registration true_false -> org.hibernate.type.TrueFalseType@63fe93c8
14:11:14.330 [Test worker] DEBUG org.hibernate.type.BasicTypeRegistry - Adding type registration yes_no -> org.hibernate.type.YesNoType@2c61e736
14:11:14.332 [Test worker] DEBUG org.hibernate.type.BasicTypeRegistry - Adding type registration byte -> org.hibernate.type.ByteType@2510befe
14:11:14.332 [Test worker] DEBUG org.hibernate.type.BasicTypeRegistry - Adding type registration byte -> org.hibernate.type.ByteType@2510befe
14:11:14.332 [Test worker] DEBUG org.hibernate.type.BasicTypeRegistry - Adding type registration java.lang.Byte -> org.hibernate.type.ByteType@2510befe
14:11:14.333 [Test worker] DEBUG org.hibernate.type.BasicTypeRegistry - Adding type registration character -> org.hibernate.type.CharacterType@1c7d030d
14:11:14.333 [Test worker] DEBUG org.hibernate.type.BasicTypeRegistry - Adding type registration char -> org.hibernate.type.CharacterType@1c7d030d
14:11:14.333 [Test worker] DEBUG org.hibernate.type.BasicTypeRegistry - Adding type registration java.lang.Character -> org.hibernate.type.CharacterType@1c7d030d
14:11:14.334 [Test worker] DEBUG org.hibernate.type.BasicTypeRegistry - Adding type registration short -> org.hibernate.type.ShortType@516986e6
14:11:14.334 [Test worker] DEBUG org.hibernate.type.BasicTypeRegistry - Adding type registration short -> org.hibernate.type.ShortType@516986e6
14:11:14.334 [Test worker] DEBUG org.hibernate.type.BasicTypeRegistry - Adding type registration java.lang.Short -> org.hibernate.type.ShortType@516986e6
14:11:14.335 [Test worker] DEBUG org.hibernate.type.BasicTypeRegistry - Adding type registration integer -> org.hibernate.type.IntegerType@60b24245
14:11:14.335 [Test worker] DEBUG org.hibernate.type.BasicTypeRegistry - Adding type registration int -> org.hibernate.type.IntegerType@60b24245
14:11:14.336 [Test worker] DEBUG org.hibernate.type.BasicTypeRegistry - Adding type registration java.lang.Integer -> org.hibernate.type.IntegerType@60b24245
14:11:14.337 [Test worker] DEBUG org.hibernate.type.BasicTypeRegistry - Adding type registration long -> org.hibernate.type.LongType@1c21fe2c
14:11:14.337 [Test worker] DEBUG org.hibernate.type.BasicTypeRegistry - Adding type registration long -> org.hibernate.type.LongType@1c21fe2c
14:11:14.337 [Test worker] DEBUG org.hibernate.type.BasicTypeRegistry - Adding type registration java.lang.Long -> org.hibernate.type.LongType@1c21fe2c
14:11:14.338 [Test worker] DEBUG org.hibernate.type.BasicTypeRegistry - Adding type registration float -> org.hibernate.type.FloatType@1e88e76f
14:11:14.338 [Test worker] DEBUG org.hibernate.type.BasicTypeRegistry - Adding type registration float -> org.hibernate.type.FloatType@1e88e76f
14:11:14.338 [Test worker] DEBUG org.hibernate.type.BasicTypeRegistry - Adding type registration java.lang.Float -> org.hibernate.type.FloatType@1e88e76f
14:11:14.339 [Test worker] DEBUG org.hibernate.type.BasicTypeRegistry - Adding type registration double -> org.hibernate.type.DoubleType@155aa3ef
14:11:14.339 [Test worker] DEBUG org.hibernate.type.BasicTypeRegistry - Adding type registration double -> org.hibernate.type.DoubleType@155aa3ef
14:11:14.340 [Test worker] DEBUG org.hibernate.type.BasicTypeRegistry - Adding type registration java.lang.Double -> org.hibernate.type.DoubleType@155aa3ef
14:11:14.341 [Test worker] DEBUG org.hibernate.type.BasicTypeRegistry - Adding type registration big_decimal -> org.hibernate.type.BigDecimalType@35d0bb5e
14:11:14.341 [Test worker] DEBUG org.hibernate.type.BasicTypeRegistry - Adding type registration java.math.BigDecimal -> org.hibernate.type.BigDecimalType@35d0bb5e
14:11:14.342 [Test worker] DEBUG org.hibernate.type.BasicTypeRegistry - Adding type registration big_integer -> org.hibernate.type.BigIntegerType@6d4410c1
14:11:14.342 [Test worker] DEBUG org.hibernate.type.BasicTypeRegistry - Adding type registration java.math.BigInteger -> org.hibernate.type.BigIntegerType@6d4410c1
14:11:14.343 [Test worker] DEBUG org.hibernate.type.BasicTypeRegistry - Adding type registration string -> org.hibernate.type.StringType@5cc5ec95
14:11:14.343 [Test worker] DEBUG org.hibernate.type.BasicTypeRegistry - Adding type registration java.lang.String -> org.hibernate.type.StringType@5cc5ec95
14:11:14.344 [Test worker] DEBUG org.hibernate.type.BasicTypeRegistry - Adding type registration nstring -> org.hibernate.type.StringNVarcharType@181838a7
14:11:14.344 [Test worker] DEBUG org.hibernate.type.BasicTypeRegistry - Adding type registration ncharacter -> org.hibernate.type.CharacterNCharType@22ad0abe
14:11:14.345 [Test worker] DEBUG org.hibernate.type.BasicTypeRegistry - Adding type registration url -> org.hibernate.type.UrlType@50844aeb
14:11:14.345 [Test worker] DEBUG org.hibernate.type.BasicTypeRegistry - Adding type registration java.net.URL -> org.hibernate.type.UrlType@50844aeb
14:11:14.347 [Test worker] DEBUG org.hibernate.type.BasicTypeRegistry - Adding type registration date -> org.hibernate.type.DateType@66595041
14:11:14.347 [Test worker] DEBUG org.hibernate.type.BasicTypeRegistry - Adding type registration java.sql.Date -> org.hibernate.type.DateType@66595041
14:11:14.348 [Test worker] DEBUG org.hibernate.type.BasicTypeRegistry - Adding type registration time -> org.hibernate.type.TimeType@7a14892d
14:11:14.348 [Test worker] DEBUG org.hibernate.type.BasicTypeRegistry - Adding type registration java.sql.Time -> org.hibernate.type.TimeType@7a14892d
14:11:14.350 [Test worker] DEBUG org.hibernate.type.BasicTypeRegistry - Adding type registration timestamp -> org.hibernate.type.TimestampType@41b09cda
14:11:14.350 [Test worker] DEBUG org.hibernate.type.BasicTypeRegistry - Adding type registration java.sql.Timestamp -> org.hibernate.type.TimestampType@41b09cda
14:11:14.351 [Test worker] DEBUG org.hibernate.type.BasicTypeRegistry - Adding type registration java.util.Date -> org.hibernate.type.TimestampType@41b09cda
14:11:14.352 [Test worker] DEBUG org.hibernate.type.BasicTypeRegistry - Adding type registration dbtimestamp -> org.hibernate.type.DbTimestampType@135e657f
14:11:14.353 [Test worker] DEBUG org.hibernate.type.BasicTypeRegistry - Adding type registration calendar -> org.hibernate.type.CalendarType@eda532c
14:11:14.353 [Test worker] DEBUG org.hibernate.type.BasicTypeRegistry - Adding type registration java.util.Calendar -> org.hibernate.type.CalendarType@eda532c
14:11:14.353 [Test worker] DEBUG org.hibernate.type.BasicTypeRegistry - Adding type registration java.util.GregorianCalendar -> org.hibernate.type.CalendarType@eda532c
14:11:14.354 [Test worker] DEBUG org.hibernate.type.BasicTypeRegistry - Adding type registration calendar_date -> org.hibernate.type.CalendarDateType@78a3a50a
14:11:14.355 [Test worker] DEBUG org.hibernate.type.BasicTypeRegistry - Adding type registration locale -> org.hibernate.type.LocaleType@67095e4
14:11:14.355 [Test worker] DEBUG org.hibernate.type.BasicTypeRegistry - Adding type registration java.util.Locale -> org.hibernate.type.LocaleType@67095e4
14:11:14.356 [Test worker] DEBUG org.hibernate.type.BasicTypeRegistry - Adding type registration currency -> org.hibernate.type.CurrencyType@10058911
14:11:14.356 [Test worker] DEBUG org.hibernate.type.BasicTypeRegistry - Adding type registration java.util.Currency -> org.hibernate.type.CurrencyType@10058911
14:11:14.357 [Test worker] DEBUG org.hibernate.type.BasicTypeRegistry - Adding type registration timezone -> org.hibernate.type.TimeZoneType@154bc361
14:11:14.357 [Test worker] DEBUG org.hibernate.type.BasicTypeRegistry - Adding type registration java.util.TimeZone -> org.hibernate.type.TimeZoneType@154bc361
14:11:14.358 [Test worker] DEBUG org.hibernate.type.BasicTypeRegistry - Adding type registration class -> org.hibernate.type.ClassType@11f1d3b5
14:11:14.358 [Test worker] DEBUG org.hibernate.type.BasicTypeRegistry - Adding type registration java.lang.Class -> org.hibernate.type.ClassType@11f1d3b5
14:11:14.359 [Test worker] DEBUG org.hibernate.type.BasicTypeRegistry - Adding type registration uuid-binary -> org.hibernate.type.UUIDBinaryType@3803a7a4
14:11:14.359 [Test worker] DEBUG org.hibernate.type.BasicTypeRegistry - Adding type registration java.util.UUID -> org.hibernate.type.UUIDBinaryType@3803a7a4
14:11:14.360 [Test worker] DEBUG org.hibernate.type.BasicTypeRegistry - Adding type registration uuid-char -> org.hibernate.type.UUIDCharType@6ae904e2
14:11:14.361 [Test worker] DEBUG org.hibernate.type.BasicTypeRegistry - Adding type registration pg-uuid -> org.hibernate.type.PostgresUUIDType@cb7446f
14:11:14.363 [Test worker] DEBUG org.hibernate.type.BasicTypeRegistry - Adding type registration binary -> org.hibernate.type.BinaryType@50f96cf6
14:11:14.363 [Test worker] DEBUG org.hibernate.type.BasicTypeRegistry - Adding type registration byte[] -> org.hibernate.type.BinaryType@50f96cf6
14:11:14.363 [Test worker] DEBUG org.hibernate.type.BasicTypeRegistry - Adding type registration [B -> org.hibernate.type.BinaryType@50f96cf6
14:11:14.364 [Test worker] DEBUG org.hibernate.type.BasicTypeRegistry - Adding type registration wrapper-binary -> org.hibernate.type.WrapperBinaryType@725639bd
14:11:14.364 [Test worker] DEBUG org.hibernate.type.BasicTypeRegistry - Adding type registration Byte[] -> org.hibernate.type.WrapperBinaryType@725639bd
14:11:14.364 [Test worker] DEBUG org.hibernate.type.BasicTypeRegistry - Adding type registration [Ljava.lang.Byte; -> org.hibernate.type.WrapperBinaryType@725639bd
14:11:14.365 [Test worker] DEBUG org.hibernate.type.BasicTypeRegistry - Adding type registration image -> org.hibernate.type.ImageType@7fc8fdd8
14:11:14.367 [Test worker] DEBUG org.hibernate.type.BasicTypeRegistry - Adding type registration characters -> org.hibernate.type.CharArrayType@66688800
14:11:14.367 [Test worker] DEBUG org.hibernate.type.BasicTypeRegistry - Adding type registration char[] -> org.hibernate.type.CharArrayType@66688800
14:11:14.367 [Test worker] DEBUG org.hibernate.type.BasicTypeRegistry - Adding type registration [C -> org.hibernate.type.CharArrayType@66688800
14:11:14.368 [Test worker] DEBUG org.hibernate.type.BasicTypeRegistry - Adding type registration wrapper-characters -> org.hibernate.type.CharacterArrayType@6e3066a8
14:11:14.368 [Test worker] DEBUG org.hibernate.type.BasicTypeRegistry - Adding type registration [Ljava.lang.Character; -> org.hibernate.type.CharacterArrayType@6e3066a8
14:11:14.369 [Test worker] DEBUG org.hibernate.type.BasicTypeRegistry - Adding type registration Character[] -> org.hibernate.type.CharacterArrayType@6e3066a8
14:11:14.372 [Test worker] DEBUG org.hibernate.type.BasicTypeRegistry - Adding type registration text -> org.hibernate.type.TextType@28c7b1b0
14:11:14.373 [Test worker] DEBUG org.hibernate.type.BasicTypeRegistry - Adding type registration ntext -> org.hibernate.type.NTextType@2db51a5c
14:11:14.377 [Test worker] DEBUG org.hibernate.type.BasicTypeRegistry - Adding type registration blob -> org.hibernate.type.BlobType@44f939cd
14:11:14.377 [Test worker] DEBUG org.hibernate.type.BasicTypeRegistry - Adding type registration java.sql.Blob -> org.hibernate.type.BlobType@44f939cd
14:11:14.377 [Test worker] DEBUG org.hibernate.type.BasicTypeRegistry - Adding type registration materialized_blob -> org.hibernate.type.MaterializedBlobType@57dd1619
14:11:14.380 [Test worker] DEBUG org.hibernate.type.BasicTypeRegistry - Adding type registration clob -> org.hibernate.type.ClobType@68daff7b
14:11:14.380 [Test worker] DEBUG org.hibernate.type.BasicTypeRegistry - Adding type registration java.sql.Clob -> org.hibernate.type.ClobType@68daff7b
14:11:14.383 [Test worker] DEBUG org.hibernate.type.BasicTypeRegistry - Adding type registration nclob -> org.hibernate.type.NClobType@738bbae9
14:11:14.384 [Test worker] DEBUG org.hibernate.type.BasicTypeRegistry - Adding type registration java.sql.NClob -> org.hibernate.type.NClobType@738bbae9
14:11:14.384 [Test worker] DEBUG org.hibernate.type.BasicTypeRegistry - Adding type registration materialized_clob -> org.hibernate.type.MaterializedClobType@77b995c2
14:11:14.385 [Test worker] DEBUG org.hibernate.type.BasicTypeRegistry - Adding type registration materialized_nclob -> org.hibernate.type.MaterializedNClobType@6836d2c3
14:11:14.387 [Test worker] DEBUG org.hibernate.type.BasicTypeRegistry - Adding type registration serializable -> org.hibernate.type.SerializableType@1f144af6
14:11:14.390 [Test worker] DEBUG org.hibernate.type.BasicTypeRegistry - Adding type registration object -> org.hibernate.type.ObjectType@39862775
14:11:14.390 [Test worker] DEBUG org.hibernate.type.BasicTypeRegistry - Adding type registration java.lang.Object -> org.hibernate.type.ObjectType@39862775
14:11:14.390 [Test worker] DEBUG org.hibernate.type.BasicTypeRegistry - Adding type registration imm_date -> org.hibernate.type.AdaptedImmutableType@45b020b1
14:11:14.391 [Test worker] DEBUG org.hibernate.type.BasicTypeRegistry - Adding type registration imm_time -> org.hibernate.type.AdaptedImmutableType@2e326835
14:11:14.391 [Test worker] DEBUG org.hibernate.type.BasicTypeRegistry - Adding type registration imm_timestamp -> org.hibernate.type.AdaptedImmutableType@6f578744
14:11:14.391 [Test worker] DEBUG org.hibernate.type.BasicTypeRegistry - Adding type registration imm_dbtimestamp -> org.hibernate.type.AdaptedImmutableType@5b71ba77
14:11:14.391 [Test worker] DEBUG org.hibernate.type.BasicTypeRegistry - Adding type registration imm_calendar -> org.hibernate.type.AdaptedImmutableType@7890988
14:11:14.391 [Test worker] DEBUG org.hibernate.type.BasicTypeRegistry - Adding type registration imm_calendar_date -> org.hibernate.type.AdaptedImmutableType@35d0c395
14:11:14.391 [Test worker] DEBUG org.hibernate.type.BasicTypeRegistry - Adding type registration imm_binary -> org.hibernate.type.AdaptedImmutableType@1cd886cd
14:11:14.392 [Test worker] DEBUG org.hibernate.type.BasicTypeRegistry - Adding type registration imm_serializable -> org.hibernate.type.AdaptedImmutableType@4b7a0b86
14:11:14.406 [Test worker] INFO  o.h.annotations.common.Version - HCANN000001: Hibernate Commons Annotations {4.0.5.Final}
14:11:14.415 [Test worker] DEBUG o.h.i.f.i.DefaultIdentifierGeneratorFactory - Registering IdentifierGenerator strategy [uuid2] -> [org.hibernate.id.UUIDGenerator]
14:11:14.416 [Test worker] DEBUG o.h.i.f.i.DefaultIdentifierGeneratorFactory - Registering IdentifierGenerator strategy [guid] -> [org.hibernate.id.GUIDGenerator]
14:11:14.416 [Test worker] DEBUG o.h.i.f.i.DefaultIdentifierGeneratorFactory - Registering IdentifierGenerator strategy [uuid] -> [org.hibernate.id.UUIDHexGenerator]
14:11:14.416 [Test worker] DEBUG o.h.i.f.i.DefaultIdentifierGeneratorFactory - Registering IdentifierGenerator strategy [uuid.hex] -> [org.hibernate.id.UUIDHexGenerator]
14:11:14.417 [Test worker] DEBUG o.h.i.f.i.DefaultIdentifierGeneratorFactory - Registering IdentifierGenerator strategy [hilo] -> [org.hibernate.id.TableHiLoGenerator]
14:11:14.418 [Test worker] DEBUG o.h.i.f.i.DefaultIdentifierGeneratorFactory - Registering IdentifierGenerator strategy [assigned] -> [org.hibernate.id.Assigned]
14:11:14.418 [Test worker] DEBUG o.h.i.f.i.DefaultIdentifierGeneratorFactory - Registering IdentifierGenerator strategy [identity] -> [org.hibernate.id.IdentityGenerator]
14:11:14.419 [Test worker] DEBUG o.h.i.f.i.DefaultIdentifierGeneratorFactory - Registering IdentifierGenerator strategy [select] -> [org.hibernate.id.SelectGenerator]
14:11:14.419 [Test worker] DEBUG o.h.i.f.i.DefaultIdentifierGeneratorFactory - Registering IdentifierGenerator strategy [sequence] -> [org.hibernate.id.SequenceGenerator]
14:11:14.419 [Test worker] DEBUG o.h.i.f.i.DefaultIdentifierGeneratorFactory - Registering IdentifierGenerator strategy [seqhilo] -> [org.hibernate.id.SequenceHiLoGenerator]
14:11:14.420 [Test worker] DEBUG o.h.i.f.i.DefaultIdentifierGeneratorFactory - Registering IdentifierGenerator strategy [increment] -> [org.hibernate.id.IncrementGenerator]
14:11:14.420 [Test worker] DEBUG o.h.i.f.i.DefaultIdentifierGeneratorFactory - Registering IdentifierGenerator strategy [foreign] -> [org.hibernate.id.ForeignGenerator]
14:11:14.421 [Test worker] DEBUG o.h.i.f.i.DefaultIdentifierGeneratorFactory - Registering IdentifierGenerator strategy [sequence-identity] -> [org.hibernate.id.SequenceIdentityGenerator]
14:11:14.421 [Test worker] DEBUG o.h.i.f.i.DefaultIdentifierGeneratorFactory - Registering IdentifierGenerator strategy [enhanced-sequence] -> [org.hibernate.id.enhanced.SequenceStyleGenerator]
14:11:14.422 [Test worker] DEBUG o.h.i.f.i.DefaultIdentifierGeneratorFactory - Registering IdentifierGenerator strategy [enhanced-table] -> [org.hibernate.id.enhanced.TableGenerator]
14:11:14.433 [Test worker] DEBUG org.hibernate.cfg.Configuration - Preparing to build session factory with filters : {}
14:11:14.444 [Test worker] DEBUG o.s.j.d.SimpleDriverDataSource - Creating new JDBC Driver Connection to [jdbc:hsqldb:mem:testdb]
14:11:14.451 [Test worker] DEBUG o.h.e.jdbc.internal.JdbcServicesImpl - Database ->
       name : HSQL Database Engine
    version : 2.3.2
      major : 2
      minor : 3
14:11:14.452 [Test worker] DEBUG o.h.e.jdbc.internal.JdbcServicesImpl - Driver ->
       name : HSQL Database Engine Driver
    version : 2.3.2
      major : 2
      minor : 3
14:11:14.452 [Test worker] DEBUG o.h.e.jdbc.internal.JdbcServicesImpl - JDBC version : 4.0
14:11:14.469 [Test worker] INFO  org.hibernate.dialect.Dialect - HHH000400: Using dialect: org.hibernate.dialect.MySQL5Dialect
14:11:14.499 [Test worker] DEBUG org.hibernate.cfg.Configuration - Processing hbm.xml files
14:11:14.499 [Test worker] DEBUG org.hibernate.cfg.Configuration - Process annotated classes
14:11:14.502 [Test worker] DEBUG org.hibernate.cfg.AnnotationBinder - Binding entity from annotated class: org.project.neutrino.nfvo.catalogue.mano.common.NFVEntityDescriptor
14:11:14.517 [Test worker] DEBUG o.h.cfg.annotations.EntityBinder - Import with entity name NFVEntityDescriptor
14:11:14.520 [Test worker] DEBUG o.h.cfg.annotations.EntityBinder - Bind entity org.project.neutrino.nfvo.catalogue.mano.common.NFVEntityDescriptor on table nfventity_descriptor
14:11:14.537 [Test worker] DEBUG org.hibernate.cfg.Ejb3Column - Binding column: Ejb3Column{table=org.hibernate.mapping.Table(nfventity_descriptor), mappingColumn=id, insertable=true, updatable=true, unique=false}
14:11:14.539 [Test worker] DEBUG o.h.cfg.annotations.PropertyBinder - MetadataSourceProcessor property Id with lazy=false
14:11:14.541 [Test worker] DEBUG o.h.cfg.AbstractPropertyHolder - Attempting to locate auto-apply AttributeConverter for property [org.project.neutrino.nfvo.catalogue.mano.common.NFVEntityDescriptor:Id]
14:11:14.542 [Test worker] DEBUG o.h.c.annotations.SimpleValueBinder - building SimpleValue for Id
14:11:14.543 [Test worker] DEBUG o.h.cfg.annotations.PropertyBinder - Building property Id
14:11:14.545 [Test worker] DEBUG org.hibernate.cfg.Ejb3Column - Binding column: Ejb3JoinColumn{logicalColumnName='null', referencedColumn='null', mappedBy=''}
14:11:14.545 [Test worker] DEBUG org.hibernate.cfg.Ejb3Column - Binding column: Ejb3Column{table=org.hibernate.mapping.Table(nfventity_descriptor), mappingColumn=auto_scale_policy, insertable=true, updatable=true, unique=false}
14:11:14.546 [Test worker] DEBUG org.hibernate.cfg.Ejb3Column - Binding column: Ejb3Column{table=org.hibernate.mapping.Table(nfventity_descriptor), mappingColumn=null, insertable=true, updatable=true, unique=false}
14:11:14.553 [Test worker] DEBUG org.hibernate.cfg.Ejb3Column - Binding column: Ejb3Column{table=org.hibernate.mapping.Table(nfventity_descriptor), mappingColumn=element, insertable=true, updatable=true, unique=false}
14:11:14.553 [Test worker] DEBUG org.hibernate.cfg.Ejb3Column - Binding column: Ejb3Column{table=org.hibernate.mapping.Table(nfventity_descriptor), mappingColumn=auto_scale_policy_key, insertable=true, updatable=true, unique=false}
14:11:14.553 [Test worker] DEBUG org.hibernate.cfg.Ejb3Column - Binding column: Ejb3JoinColumn{logicalColumnName='auto_scale_policy_KEY', referencedColumn='null', mappedBy='null'}
14:11:14.554 [Test worker] DEBUG org.hibernate.cfg.Ejb3Column - Binding column: Ejb3JoinColumn{logicalColumnName='null', referencedColumn='null', mappedBy=''}
14:11:14.554 [Test worker] DEBUG org.hibernate.cfg.Ejb3Column - Binding column: Ejb3JoinColumn{logicalColumnName='null', referencedColumn='null', mappedBy=''}
14:11:14.554 [Test worker] DEBUG o.h.cfg.annotations.CollectionBinder - Collection role: org.project.neutrino.nfvo.catalogue.mano.common.NFVEntityDescriptor.auto_scale_policy
14:11:14.556 [Test worker] DEBUG o.h.cfg.annotations.PropertyBinder - Building property auto_scale_policy
14:11:14.556 [Test worker] DEBUG org.hibernate.cfg.Ejb3Column - Binding column: Ejb3JoinColumn{logicalColumnName='null', referencedColumn='null', mappedBy=''}
14:11:14.557 [Test worker] DEBUG org.hibernate.cfg.Ejb3Column - Binding column: Ejb3Column{table=org.hibernate.mapping.Table(nfventity_descriptor), mappingColumn=connection_point, insertable=true, updatable=true, unique=false}
14:11:14.557 [Test worker] DEBUG org.hibernate.cfg.Ejb3Column - Binding column: Ejb3Column{table=org.hibernate.mapping.Table(nfventity_descriptor), mappingColumn=null, insertable=true, updatable=true, unique=false}
14:11:14.557 [Test worker] DEBUG org.hibernate.cfg.Ejb3Column - Binding column: Ejb3Column{table=org.hibernate.mapping.Table(nfventity_descriptor), mappingColumn=element, insertable=true, updatable=true, unique=false}
14:11:14.557 [Test worker] DEBUG org.hibernate.cfg.Ejb3Column - Binding column: Ejb3Column{table=org.hibernate.mapping.Table(nfventity_descriptor), mappingColumn=connection_point_key, insertable=true, updatable=true, unique=false}
14:11:14.557 [Test worker] DEBUG org.hibernate.cfg.Ejb3Column - Binding column: Ejb3JoinColumn{logicalColumnName='connection_point_KEY', referencedColumn='null', mappedBy='null'}
14:11:14.557 [Test worker] DEBUG org.hibernate.cfg.Ejb3Column - Binding column: Ejb3JoinColumn{logicalColumnName='null', referencedColumn='null', mappedBy=''}
14:11:14.558 [Test worker] DEBUG org.hibernate.cfg.Ejb3Column - Binding column: Ejb3JoinColumn{logicalColumnName='null', referencedColumn='null', mappedBy=''}
14:11:14.558 [Test worker] DEBUG o.h.cfg.annotations.CollectionBinder - Collection role: org.project.neutrino.nfvo.catalogue.mano.common.NFVEntityDescriptor.connection_point
14:11:14.558 [Test worker] DEBUG o.h.cfg.annotations.PropertyBinder - Building property connection_point
14:11:14.558 [Test worker] DEBUG org.hibernate.cfg.Ejb3Column - Binding column: Ejb3Column{table=org.hibernate.mapping.Table(nfventity_descriptor), mappingColumn=hb_version, insertable=true, updatable=true, unique=false}
14:11:14.558 [Test worker] DEBUG o.h.cfg.annotations.PropertyBinder - MetadataSourceProcessor property hb_version with lazy=false
14:11:14.558 [Test worker] DEBUG o.h.cfg.AbstractPropertyHolder - Attempting to locate auto-apply AttributeConverter for property [org.project.neutrino.nfvo.catalogue.mano.common.NFVEntityDescriptor:hb_version]
14:11:14.559 [Test worker] DEBUG o.h.c.annotations.SimpleValueBinder - building SimpleValue for hb_version
14:11:14.559 [Test worker] DEBUG o.h.cfg.annotations.PropertyBinder - Building property hb_version
14:11:14.559 [Test worker] DEBUG org.hibernate.cfg.Ejb3Column - Binding column: Ejb3JoinColumn{logicalColumnName='null', referencedColumn='null', mappedBy=''}
14:11:14.560 [Test worker] DEBUG org.hibernate.cfg.Ejb3Column - Binding column: Ejb3Column{table=org.hibernate.mapping.Table(nfventity_descriptor), mappingColumn=lifecycle_event, insertable=true, updatable=true, unique=false}
14:11:14.560 [Test worker] DEBUG org.hibernate.cfg.Ejb3Column - Binding column: Ejb3Column{table=org.hibernate.mapping.Table(nfventity_descriptor), mappingColumn=null, insertable=true, updatable=true, unique=false}
14:11:14.560 [Test worker] DEBUG org.hibernate.cfg.Ejb3Column - Binding column: Ejb3Column{table=org.hibernate.mapping.Table(nfventity_descriptor), mappingColumn=element, insertable=true, updatable=true, unique=false}
14:11:14.560 [Test worker] DEBUG org.hibernate.cfg.Ejb3Column - Binding column: Ejb3Column{table=org.hibernate.mapping.Table(nfventity_descriptor), mappingColumn=lifecycle_event_key, insertable=true, updatable=true, unique=false}
14:11:14.560 [Test worker] DEBUG org.hibernate.cfg.Ejb3Column - Binding column: Ejb3JoinColumn{logicalColumnName='lifecycle_event_KEY', referencedColumn='null', mappedBy='null'}
14:11:14.561 [Test worker] DEBUG org.hibernate.cfg.Ejb3Column - Binding column: Ejb3JoinColumn{logicalColumnName='null', referencedColumn='null', mappedBy=''}
14:11:14.561 [Test worker] DEBUG org.hibernate.cfg.Ejb3Column - Binding column: Ejb3JoinColumn{logicalColumnName='null', referencedColumn='null', mappedBy=''}
14:11:14.561 [Test worker] DEBUG o.h.cfg.annotations.CollectionBinder - Collection role: org.project.neutrino.nfvo.catalogue.mano.common.NFVEntityDescriptor.lifecycle_event
14:11:14.561 [Test worker] DEBUG o.h.cfg.annotations.PropertyBinder - Building property lifecycle_event
14:11:14.561 [Test worker] DEBUG org.hibernate.cfg.Ejb3Column - Binding column: Ejb3JoinColumn{logicalColumnName='null', referencedColumn='null', mappedBy=''}
14:11:14.561 [Test worker] DEBUG org.hibernate.cfg.Ejb3Column - Binding column: Ejb3Column{table=org.hibernate.mapping.Table(nfventity_descriptor), mappingColumn=monitoring_parameter, insertable=true, updatable=true, unique=false}
14:11:14.562 [Test worker] DEBUG org.hibernate.cfg.Ejb3Column - Binding column: Ejb3Column{table=org.hibernate.mapping.Table(nfventity_descriptor), mappingColumn=null, insertable=true, updatable=true, unique=false}
14:11:14.562 [Test worker] DEBUG org.hibernate.cfg.Ejb3Column - Binding column: Ejb3Column{table=org.hibernate.mapping.Table(nfventity_descriptor), mappingColumn=monitoring_parameter, insertable=true, updatable=true, unique=false}
14:11:14.562 [Test worker] DEBUG org.hibernate.cfg.Ejb3Column - Binding column: Ejb3Column{table=org.hibernate.mapping.Table(nfventity_descriptor), mappingColumn=monitoring_parameter_key, insertable=true, updatable=true, unique=false}
14:11:14.562 [Test worker] DEBUG org.hibernate.cfg.Ejb3Column - Binding column: Ejb3JoinColumn{logicalColumnName='monitoring_parameter_KEY', referencedColumn='null', mappedBy='null'}
14:11:14.562 [Test worker] DEBUG org.hibernate.cfg.Ejb3Column - Binding column: Ejb3JoinColumn{logicalColumnName='null', referencedColumn='null', mappedBy=''}
14:11:14.562 [Test worker] DEBUG org.hibernate.cfg.Ejb3Column - Binding column: Ejb3JoinColumn{logicalColumnName='null', referencedColumn='null', mappedBy=''}
14:11:14.562 [Test worker] DEBUG o.h.cfg.annotations.CollectionBinder - Collection role: org.project.neutrino.nfvo.catalogue.mano.common.NFVEntityDescriptor.monitoring_parameter
14:11:14.563 [Test worker] DEBUG o.h.cfg.annotations.PropertyBinder - Building property monitoring_parameter
14:11:14.563 [Test worker] DEBUG org.hibernate.cfg.Ejb3Column - Binding column: Ejb3JoinColumn{logicalColumnName='null', referencedColumn='null', mappedBy=''}
14:11:14.563 [Test worker] DEBUG org.hibernate.cfg.Ejb3Column - Binding column: Ejb3Column{table=org.hibernate.mapping.Table(nfventity_descriptor), mappingColumn=service_deployment_flavour, insertable=true, updatable=true, unique=false}
14:11:14.563 [Test worker] DEBUG org.hibernate.cfg.Ejb3Column - Binding column: Ejb3Column{table=org.hibernate.mapping.Table(nfventity_descriptor), mappingColumn=null, insertable=true, updatable=true, unique=false}
14:11:14.563 [Test worker] DEBUG org.hibernate.cfg.Ejb3Column - Binding column: Ejb3Column{table=org.hibernate.mapping.Table(nfventity_descriptor), mappingColumn=element, insertable=true, updatable=true, unique=false}
14:11:14.564 [Test worker] DEBUG org.hibernate.cfg.Ejb3Column - Binding column: Ejb3Column{table=org.hibernate.mapping.Table(nfventity_descriptor), mappingColumn=service_deployment_flavour_key, insertable=true, updatable=true, unique=false}
14:11:14.564 [Test worker] DEBUG org.hibernate.cfg.Ejb3Column - Binding column: Ejb3JoinColumn{logicalColumnName='service_deployment_flavour_KEY', referencedColumn='null', mappedBy='null'}
14:11:14.564 [Test worker] DEBUG org.hibernate.cfg.Ejb3Column - Binding column: Ejb3JoinColumn{logicalColumnName='null', referencedColumn='null', mappedBy=''}
14:11:14.564 [Test worker] DEBUG org.hibernate.cfg.Ejb3Column - Binding column: Ejb3JoinColumn{logicalColumnName='null', referencedColumn='null', mappedBy=''}
14:11:14.564 [Test worker] DEBUG o.h.cfg.annotations.CollectionBinder - Collection role: org.project.neutrino.nfvo.catalogue.mano.common.NFVEntityDescriptor.service_deployment_flavour
14:11:14.564 [Test worker] DEBUG o.h.cfg.annotations.PropertyBinder - Building property service_deployment_flavour
14:11:14.564 [Test worker] DEBUG org.hibernate.cfg.Ejb3Column - Binding column: Ejb3Column{table=org.hibernate.mapping.Table(nfventity_descriptor), mappingColumn=vendor, insertable=true, updatable=true, unique=false}
14:11:14.565 [Test worker] DEBUG o.h.cfg.annotations.PropertyBinder - MetadataSourceProcessor property vendor with lazy=false
14:11:14.565 [Test worker] DEBUG o.h.cfg.AbstractPropertyHolder - Attempting to locate auto-apply AttributeConverter for property [org.project.neutrino.nfvo.catalogue.mano.common.NFVEntityDescriptor:vendor]
14:11:14.565 [Test worker] DEBUG o.h.c.annotations.SimpleValueBinder - building SimpleValue for vendor
14:11:14.565 [Test worker] DEBUG o.h.cfg.annotations.PropertyBinder - Building property vendor
14:11:14.565 [Test worker] DEBUG org.hibernate.cfg.Ejb3Column - Binding column: Ejb3Column{table=org.hibernate.mapping.Table(nfventity_descriptor), mappingColumn=version, insertable=true, updatable=true, unique=false}
14:11:14.565 [Test worker] DEBUG o.h.cfg.annotations.PropertyBinder - MetadataSourceProcessor property version with lazy=false
14:11:14.565 [Test worker] DEBUG o.h.cfg.AbstractPropertyHolder - Attempting to locate auto-apply AttributeConverter for property [org.project.neutrino.nfvo.catalogue.mano.common.NFVEntityDescriptor:version]
14:11:14.566 [Test worker] DEBUG o.h.c.annotations.SimpleValueBinder - building SimpleValue for version
14:11:14.566 [Test worker] DEBUG o.h.cfg.annotations.PropertyBinder - Building property version
14:11:14.566 [Test worker] DEBUG org.hibernate.cfg.Ejb3Column - Binding column: Ejb3JoinColumn{logicalColumnName='null', referencedColumn='null', mappedBy=''}
14:11:14.566 [Test worker] DEBUG org.hibernate.cfg.Ejb3Column - Binding column: Ejb3Column{table=org.hibernate.mapping.Table(nfventity_descriptor), mappingColumn=vld, insertable=true, updatable=true, unique=false}
14:11:14.566 [Test worker] DEBUG org.hibernate.cfg.Ejb3Column - Binding column: Ejb3Column{table=org.hibernate.mapping.Table(nfventity_descriptor), mappingColumn=null, insertable=true, updatable=true, unique=false}
14:11:14.566 [Test worker] DEBUG org.hibernate.cfg.Ejb3Column - Binding column: Ejb3Column{table=org.hibernate.mapping.Table(nfventity_descriptor), mappingColumn=element, insertable=true, updatable=true, unique=false}
14:11:14.567 [Test worker] DEBUG org.hibernate.cfg.Ejb3Column - Binding column: Ejb3Column{table=org.hibernate.mapping.Table(nfventity_descriptor), mappingColumn=vld_key, insertable=true, updatable=true, unique=false}
14:11:14.567 [Test worker] DEBUG org.hibernate.cfg.Ejb3Column - Binding column: Ejb3JoinColumn{logicalColumnName='vld_KEY', referencedColumn='null', mappedBy='null'}
14:11:14.567 [Test worker] DEBUG org.hibernate.cfg.Ejb3Column - Binding column: Ejb3JoinColumn{logicalColumnName='null', referencedColumn='null', mappedBy=''}
14:11:14.567 [Test worker] DEBUG org.hibernate.cfg.Ejb3Column - Binding column: Ejb3JoinColumn{logicalColumnName='null', referencedColumn='null', mappedBy=''}
14:11:14.567 [Test worker] DEBUG o.h.cfg.annotations.CollectionBinder - Collection role: org.project.neutrino.nfvo.catalogue.mano.common.NFVEntityDescriptor.vld
14:11:14.567 [Test worker] DEBUG o.h.cfg.annotations.PropertyBinder - Building property vld
14:11:14.567 [Test worker] DEBUG org.hibernate.cfg.Ejb3Column - Binding column: Ejb3JoinColumn{logicalColumnName='null', referencedColumn='null', mappedBy=''}
14:11:14.567 [Test worker] DEBUG org.hibernate.cfg.Ejb3Column - Binding column: Ejb3Column{table=org.hibernate.mapping.Table(nfventity_descriptor), mappingColumn=vnffgd, insertable=true, updatable=true, unique=false}
14:11:14.568 [Test worker] DEBUG org.hibernate.cfg.Ejb3Column - Binding column: Ejb3Column{table=org.hibernate.mapping.Table(nfventity_descriptor), mappingColumn=null, insertable=true, updatable=true, unique=false}
14:11:14.568 [Test worker] DEBUG org.hibernate.cfg.Ejb3Column - Binding column: Ejb3Column{table=org.hibernate.mapping.Table(nfventity_descriptor), mappingColumn=element, insertable=true, updatable=true, unique=false}
14:11:14.568 [Test worker] DEBUG org.hibernate.cfg.Ejb3Column - Binding column: Ejb3Column{table=org.hibernate.mapping.Table(nfventity_descriptor), mappingColumn=vnffgd_key, insertable=true, updatable=true, unique=false}
14:11:14.568 [Test worker] DEBUG org.hibernate.cfg.Ejb3Column - Binding column: Ejb3JoinColumn{logicalColumnName='vnffgd_KEY', referencedColumn='null', mappedBy='null'}
14:11:14.568 [Test worker] DEBUG org.hibernate.cfg.Ejb3Column - Binding column: Ejb3JoinColumn{logicalColumnName='null', referencedColumn='null', mappedBy=''}
14:11:14.568 [Test worker] DEBUG org.hibernate.cfg.Ejb3Column - Binding column: Ejb3JoinColumn{logicalColumnName='null', referencedColumn='null', mappedBy=''}
14:11:14.569 [Test worker] DEBUG o.h.cfg.annotations.CollectionBinder - Collection role: org.project.neutrino.nfvo.catalogue.mano.common.NFVEntityDescriptor.vnffgd
14:11:14.569 [Test worker] DEBUG o.h.cfg.annotations.PropertyBinder - Building property vnffgd
14:11:14.570 [Test worker] DEBUG org.hibernate.cfg.AnnotationBinder - Binding entity from annotated class: org.project.neutrino.nfvo.catalogue.mano.descriptor.VirtualNetworkFunctionDescriptor
14:11:14.570 [Test worker] DEBUG o.h.cfg.annotations.EntityBinder - Import with entity name VirtualNetworkFunctionDescriptor
14:11:14.571 [Test worker] DEBUG o.h.cfg.annotations.EntityBinder - Bind entity org.project.neutrino.nfvo.catalogue.mano.descriptor.VirtualNetworkFunctionDescriptor on table virtual_network_function_descriptor
14:11:14.573 [Test worker] DEBUG org.hibernate.cfg.Ejb3Column - Binding column: Ejb3JoinColumn{logicalColumnName='null', referencedColumn='null', mappedBy=''}
14:11:14.574 [Test worker] DEBUG org.hibernate.cfg.Ejb3Column - Binding column: Ejb3Column{table=org.hibernate.mapping.DenormalizedTable(virtual_network_function_descriptor), mappingColumn=deployment_flavour, insertable=true, updatable=true, unique=false}
14:11:14.574 [Test worker] DEBUG org.hibernate.cfg.Ejb3Column - Binding column: Ejb3Column{table=org.hibernate.mapping.DenormalizedTable(virtual_network_function_descriptor), mappingColumn=null, insertable=true, updatable=true, unique=false}
14:11:14.574 [Test worker] DEBUG org.hibernate.cfg.Ejb3Column - Binding column: Ejb3Column{table=org.hibernate.mapping.DenormalizedTable(virtual_network_function_descriptor), mappingColumn=element, insertable=true, updatable=true, unique=false}
14:11:14.574 [Test worker] DEBUG org.hibernate.cfg.Ejb3Column - Binding column: Ejb3Column{table=org.hibernate.mapping.DenormalizedTable(virtual_network_function_descriptor), mappingColumn=deployment_flavour_key, insertable=true, updatable=true, unique=false}
14:11:14.574 [Test worker] DEBUG org.hibernate.cfg.Ejb3Column - Binding column: Ejb3JoinColumn{logicalColumnName='deployment_flavour_KEY', referencedColumn='null', mappedBy='null'}
14:11:14.575 [Test worker] DEBUG org.hibernate.cfg.Ejb3Column - Binding column: Ejb3JoinColumn{logicalColumnName='null', referencedColumn='null', mappedBy=''}
14:11:14.575 [Test worker] DEBUG org.hibernate.cfg.Ejb3Column - Binding column: Ejb3JoinColumn{logicalColumnName='null', referencedColumn='null', mappedBy=''}
14:11:14.575 [Test worker] DEBUG o.h.cfg.annotations.CollectionBinder - Collection role: org.project.neutrino.nfvo.catalogue.mano.descriptor.VirtualNetworkFunctionDescriptor.deployment_flavour
14:11:14.575 [Test worker] DEBUG o.h.cfg.annotations.PropertyBinder - Building property deployment_flavour
14:11:14.575 [Test worker] DEBUG org.hibernate.cfg.Ejb3Column - Binding column: Ejb3Column{table=org.hibernate.mapping.DenormalizedTable(virtual_network_function_descriptor), mappingColumn=descriptor_version, insertable=true, updatable=true, unique=false}
14:11:14.575 [Test worker] DEBUG o.h.cfg.annotations.PropertyBinder - MetadataSourceProcessor property descriptor_version with lazy=false
14:11:14.576 [Test worker] DEBUG o.h.cfg.AbstractPropertyHolder - Attempting to locate auto-apply AttributeConverter for property [org.project.neutrino.nfvo.catalogue.mano.descriptor.VirtualNetworkFunctionDescriptor:descriptor_version]
14:11:14.576 [Test worker] DEBUG o.h.c.annotations.SimpleValueBinder - building SimpleValue for descriptor_version
14:11:14.576 [Test worker] DEBUG o.h.cfg.annotations.PropertyBinder - Building property descriptor_version
14:11:14.576 [Test worker] DEBUG org.hibernate.cfg.Ejb3Column - Binding column: Ejb3Column{table=org.hibernate.mapping.DenormalizedTable(virtual_network_function_descriptor), mappingColumn=manifest_file, insertable=true, updatable=true, unique=false}
14:11:14.576 [Test worker] DEBUG o.h.cfg.annotations.PropertyBinder - MetadataSourceProcessor property manifest_file with lazy=false
14:11:14.576 [Test worker] DEBUG o.h.cfg.AbstractPropertyHolder - Attempting to locate auto-apply AttributeConverter for property [org.project.neutrino.nfvo.catalogue.mano.descriptor.VirtualNetworkFunctionDescriptor:manifest_file]
14:11:14.576 [Test worker] DEBUG o.h.c.annotations.SimpleValueBinder - building SimpleValue for manifest_file
14:11:14.577 [Test worker] DEBUG o.h.cfg.annotations.PropertyBinder - Building property manifest_file
14:11:14.577 [Test worker] DEBUG org.hibernate.cfg.Ejb3Column - Binding column: Ejb3JoinColumn{logicalColumnName='null', referencedColumn='null', mappedBy=''}
14:11:14.577 [Test worker] DEBUG org.hibernate.cfg.Ejb3Column - Binding column: Ejb3Column{table=org.hibernate.mapping.DenormalizedTable(virtual_network_function_descriptor), mappingColumn=manifest_file_security, insertable=true, updatable=true, unique=false}
14:11:14.577 [Test worker] DEBUG org.hibernate.cfg.Ejb3Column - Binding column: Ejb3Column{table=org.hibernate.mapping.DenormalizedTable(virtual_network_function_descriptor), mappingColumn=null, insertable=true, updatable=true, unique=false}
14:11:14.577 [Test worker] DEBUG org.hibernate.cfg.Ejb3Column - Binding column: Ejb3Column{table=org.hibernate.mapping.DenormalizedTable(virtual_network_function_descriptor), mappingColumn=element, insertable=true, updatable=true, unique=false}
14:11:14.578 [Test worker] DEBUG org.hibernate.cfg.Ejb3Column - Binding column: Ejb3Column{table=org.hibernate.mapping.DenormalizedTable(virtual_network_function_descriptor), mappingColumn=manifest_file_security_key, insertable=true, updatable=true, unique=false}
14:11:14.578 [Test worker] DEBUG org.hibernate.cfg.Ejb3Column - Binding column: Ejb3JoinColumn{logicalColumnName='manifest_file_security_KEY', referencedColumn='null', mappedBy='null'}
14:11:14.578 [Test worker] DEBUG org.hibernate.cfg.Ejb3Column - Binding column: Ejb3JoinColumn{logicalColumnName='null', referencedColumn='null', mappedBy=''}
14:11:14.578 [Test worker] DEBUG org.hibernate.cfg.Ejb3Column - Binding column: Ejb3JoinColumn{logicalColumnName='null', referencedColumn='null', mappedBy=''}
14:11:14.578 [Test worker] DEBUG o.h.cfg.annotations.CollectionBinder - Collection role: org.project.neutrino.nfvo.catalogue.mano.descriptor.VirtualNetworkFunctionDescriptor.manifest_file_security
14:11:14.578 [Test worker] DEBUG o.h.cfg.annotations.PropertyBinder - Building property manifest_file_security
14:11:14.578 [Test worker] DEBUG org.hibernate.cfg.Ejb3Column - Binding column: Ejb3JoinColumn{logicalColumnName='null', referencedColumn='null', mappedBy=''}
14:11:14.578 [Test worker] DEBUG org.hibernate.cfg.Ejb3Column - Binding column: Ejb3Column{table=org.hibernate.mapping.DenormalizedTable(virtual_network_function_descriptor), mappingColumn=vdu, insertable=true, updatable=true, unique=false}
14:11:14.579 [Test worker] DEBUG org.hibernate.cfg.Ejb3Column - Binding column: Ejb3Column{table=org.hibernate.mapping.DenormalizedTable(virtual_network_function_descriptor), mappingColumn=null, insertable=true, updatable=true, unique=false}
14:11:14.579 [Test worker] DEBUG org.hibernate.cfg.Ejb3Column - Binding column: Ejb3Column{table=org.hibernate.mapping.DenormalizedTable(virtual_network_function_descriptor), mappingColumn=element, insertable=true, updatable=true, unique=false}
14:11:14.579 [Test worker] DEBUG org.hibernate.cfg.Ejb3Column - Binding column: Ejb3Column{table=org.hibernate.mapping.DenormalizedTable(virtual_network_function_descriptor), mappingColumn=vdu_key, insertable=true, updatable=true, unique=false}
14:11:14.579 [Test worker] DEBUG org.hibernate.cfg.Ejb3Column - Binding column: Ejb3JoinColumn{logicalColumnName='vdu_KEY', referencedColumn='null', mappedBy='null'}
14:11:14.579 [Test worker] DEBUG org.hibernate.cfg.Ejb3Column - Binding column: Ejb3JoinColumn{logicalColumnName='null', referencedColumn='null', mappedBy=''}
14:11:14.579 [Test worker] DEBUG org.hibernate.cfg.Ejb3Column - Binding column: Ejb3JoinColumn{logicalColumnName='null', referencedColumn='null', mappedBy=''}
14:11:14.580 [Test worker] DEBUG o.h.cfg.annotations.CollectionBinder - Collection role: org.project.neutrino.nfvo.catalogue.mano.descriptor.VirtualNetworkFunctionDescriptor.vdu
14:11:14.580 [Test worker] DEBUG o.h.cfg.annotations.PropertyBinder - Building property vdu
14:11:14.580 [Test worker] DEBUG org.hibernate.cfg.Ejb3Column - Binding column: Ejb3JoinColumn{logicalColumnName='null', referencedColumn='null', mappedBy=''}
14:11:14.580 [Test worker] DEBUG org.hibernate.cfg.Ejb3Column - Binding column: Ejb3Column{table=org.hibernate.mapping.DenormalizedTable(virtual_network_function_descriptor), mappingColumn=vdu_dependency, insertable=true, updatable=true, unique=false}
14:11:14.580 [Test worker] DEBUG org.hibernate.cfg.Ejb3Column - Binding column: Ejb3Column{table=org.hibernate.mapping.DenormalizedTable(virtual_network_function_descriptor), mappingColumn=null, insertable=true, updatable=true, unique=false}
14:11:14.581 [Test worker] DEBUG org.hibernate.cfg.Ejb3Column - Binding column: Ejb3Column{table=org.hibernate.mapping.DenormalizedTable(virtual_network_function_descriptor), mappingColumn=element, insertable=true, updatable=true, unique=false}
14:11:14.581 [Test worker] DEBUG org.hibernate.cfg.Ejb3Column - Binding column: Ejb3Column{table=org.hibernate.mapping.DenormalizedTable(virtual_network_function_descriptor), mappingColumn=vdu_dependency_key, insertable=true, updatable=true, unique=false}
14:11:14.581 [Test worker] DEBUG org.hibernate.cfg.Ejb3Column - Binding column: Ejb3JoinColumn{logicalColumnName='vdu_dependency_KEY', referencedColumn='null', mappedBy='null'}
14:11:14.581 [Test worker] DEBUG org.hibernate.cfg.Ejb3Column - Binding column: Ejb3JoinColumn{logicalColumnName='null', referencedColumn='null', mappedBy=''}
14:11:14.581 [Test worker] DEBUG org.hibernate.cfg.Ejb3Column - Binding column: Ejb3JoinColumn{logicalColumnName='null', referencedColumn='null', mappedBy=''}
14:11:14.581 [Test worker] DEBUG o.h.cfg.annotations.CollectionBinder - Collection role: org.project.neutrino.nfvo.catalogue.mano.descriptor.VirtualNetworkFunctionDescriptor.vdu_dependency
14:11:14.581 [Test worker] DEBUG o.h.cfg.annotations.PropertyBinder - Building property vdu_dependency
14:11:14.582 [Test worker] DEBUG org.hibernate.cfg.Ejb3Column - Binding column: Ejb3JoinColumn{logicalColumnName='null', referencedColumn='null', mappedBy=''}
14:11:14.582 [Test worker] DEBUG org.hibernate.cfg.Ejb3Column - Binding column: Ejb3Column{table=org.hibernate.mapping.DenormalizedTable(virtual_network_function_descriptor), mappingColumn=virtual_link, insertable=true, updatable=true, unique=false}
14:11:14.582 [Test worker] DEBUG org.hibernate.cfg.Ejb3Column - Binding column: Ejb3Column{table=org.hibernate.mapping.DenormalizedTable(virtual_network_function_descriptor), mappingColumn=null, insertable=true, updatable=true, unique=false}
14:11:14.582 [Test worker] DEBUG org.hibernate.cfg.Ejb3Column - Binding column: Ejb3Column{table=org.hibernate.mapping.DenormalizedTable(virtual_network_function_descriptor), mappingColumn=element, insertable=true, updatable=true, unique=false}
14:11:14.582 [Test worker] DEBUG org.hibernate.cfg.Ejb3Column - Binding column: Ejb3Column{table=org.hibernate.mapping.DenormalizedTable(virtual_network_function_descriptor), mappingColumn=virtual_link_key, insertable=true, updatable=true, unique=false}
14:11:14.582 [Test worker] DEBUG org.hibernate.cfg.Ejb3Column - Binding column: Ejb3JoinColumn{logicalColumnName='virtual_link_KEY', referencedColumn='null', mappedBy='null'}
14:11:14.583 [Test worker] DEBUG org.hibernate.cfg.Ejb3Column - Binding column: Ejb3JoinColumn{logicalColumnName='null', referencedColumn='null', mappedBy=''}
14:11:14.583 [Test worker] DEBUG org.hibernate.cfg.Ejb3Column - Binding column: Ejb3JoinColumn{logicalColumnName='null', referencedColumn='null', mappedBy=''}
14:11:14.583 [Test worker] DEBUG o.h.cfg.annotations.CollectionBinder - Collection role: org.project.neutrino.nfvo.catalogue.mano.descriptor.VirtualNetworkFunctionDescriptor.virtual_link
14:11:14.583 [Test worker] DEBUG o.h.cfg.annotations.PropertyBinder - Building property virtual_link
14:11:14.583 [Test worker] DEBUG org.hibernate.cfg.AnnotationBinder - Binding entity from annotated class: org.project.neutrino.nfvo.catalogue.mano.common.VNFDependency
14:11:14.584 [Test worker] DEBUG org.hibernate.cfg.Ejb3Column - Binding column: Ejb3DiscriminatorColumn{logicalColumnName'DTYPE', discriminatorTypeName='string'}
14:11:14.584 [Test worker] DEBUG o.h.cfg.annotations.EntityBinder - Import with entity name VNFDependency
14:11:14.585 [Test worker] DEBUG o.h.cfg.annotations.EntityBinder - Bind entity org.project.neutrino.nfvo.catalogue.mano.common.VNFDependency on table vnfdependency
14:11:14.586 [Test worker] DEBUG org.hibernate.cfg.Ejb3Column - Binding column: Ejb3Column{table=org.hibernate.mapping.Table(vnfdependency), mappingColumn=id, insertable=true, updatable=true, unique=false}
14:11:14.587 [Test worker] DEBUG o.h.cfg.annotations.PropertyBinder - MetadataSourceProcessor property id with lazy=false
14:11:14.587 [Test worker] DEBUG o.h.cfg.AbstractPropertyHolder - Attempting to locate auto-apply AttributeConverter for property [org.project.neutrino.nfvo.catalogue.mano.common.VNFDependency:id]
14:11:14.587 [Test worker] DEBUG o.h.c.annotations.SimpleValueBinder - building SimpleValue for id
14:11:14.587 [Test worker] DEBUG o.h.cfg.annotations.PropertyBinder - Building property id
14:11:14.588 [Test worker] DEBUG org.hibernate.cfg.Ejb3Column - Binding column: Ejb3JoinColumn{logicalColumnName='null', referencedColumn='null', mappedBy=''}
14:11:14.588 [Test worker] DEBUG org.hibernate.cfg.Ejb3Column - Binding column: Ejb3Column{table=org.hibernate.mapping.Table(vnfdependency), mappingColumn=source, insertable=true, updatable=true, unique=false}
14:11:14.589 [Test worker] DEBUG o.h.cfg.annotations.PropertyBinder - Building property source
14:11:14.589 [Test worker] DEBUG org.hibernate.cfg.Ejb3Column - Binding column: Ejb3JoinColumn{logicalColumnName='null', referencedColumn='null', mappedBy=''}
14:11:14.589 [Test worker] DEBUG org.hibernate.cfg.Ejb3Column - Binding column: Ejb3Column{table=org.hibernate.mapping.Table(vnfdependency), mappingColumn=target, insertable=true, updatable=true, unique=false}
14:11:14.590 [Test worker] DEBUG o.h.cfg.annotations.PropertyBinder - Building property target
14:11:14.590 [Test worker] DEBUG org.hibernate.cfg.Ejb3Column - Binding column: Ejb3Column{table=org.hibernate.mapping.Table(vnfdependency), mappingColumn=version, insertable=true, updatable=true, unique=false}
14:11:14.590 [Test worker] DEBUG o.h.cfg.annotations.PropertyBinder - MetadataSourceProcessor property version with lazy=false
14:11:14.590 [Test worker] DEBUG o.h.cfg.AbstractPropertyHolder - Attempting to locate auto-apply AttributeConverter for property [org.project.neutrino.nfvo.catalogue.mano.common.VNFDependency:version]
14:11:14.590 [Test worker] DEBUG o.h.c.annotations.SimpleValueBinder - building SimpleValue for version
14:11:14.590 [Test worker] DEBUG o.h.cfg.annotations.PropertyBinder - Building property version
14:11:14.591 [Test worker] DEBUG org.hibernate.cfg.AnnotationBinder - Binding entity from annotated class: org.project.neutrino.nfvo.catalogue.mano.common.DeploymentFlavour
14:11:14.591 [Test worker] DEBUG o.h.cfg.annotations.EntityBinder - Import with entity name DeploymentFlavour
14:11:14.591 [Test worker] DEBUG o.h.cfg.annotations.EntityBinder - Bind entity org.project.neutrino.nfvo.catalogue.mano.common.DeploymentFlavour on table deployment_flavour
14:11:14.592 [Test worker] DEBUG org.hibernate.cfg.Ejb3Column - Binding column: Ejb3Column{table=org.hibernate.mapping.Table(deployment_flavour), mappingColumn=id, insertable=true, updatable=true, unique=false}
14:11:14.592 [Test worker] DEBUG o.h.cfg.annotations.PropertyBinder - MetadataSourceProcessor property id with lazy=false
14:11:14.592 [Test worker] DEBUG o.h.cfg.AbstractPropertyHolder - Attempting to locate auto-apply AttributeConverter for property [org.project.neutrino.nfvo.catalogue.mano.common.DeploymentFlavour:id]
14:11:14.592 [Test worker] DEBUG o.h.c.annotations.SimpleValueBinder - building SimpleValue for id
14:11:14.592 [Test worker] DEBUG o.h.cfg.annotations.PropertyBinder - Building property id
14:11:14.592 [Test worker] DEBUG org.hibernate.cfg.Ejb3Column - Binding column: Ejb3Column{table=org.hibernate.mapping.Table(deployment_flavour), mappingColumn=flavour_key, insertable=true, updatable=true, unique=false}
14:11:14.593 [Test worker] DEBUG o.h.cfg.annotations.PropertyBinder - MetadataSourceProcessor property flavour_key with lazy=false
14:11:14.593 [Test worker] DEBUG o.h.cfg.AbstractPropertyHolder - Attempting to locate auto-apply AttributeConverter for property [org.project.neutrino.nfvo.catalogue.mano.common.DeploymentFlavour:flavour_key]
14:11:14.593 [Test worker] DEBUG o.h.c.annotations.SimpleValueBinder - building SimpleValue for flavour_key
14:11:14.593 [Test worker] DEBUG o.h.cfg.annotations.PropertyBinder - Building property flavour_key
14:11:14.593 [Test worker] DEBUG org.hibernate.cfg.Ejb3Column - Binding column: Ejb3Column{table=org.hibernate.mapping.Table(deployment_flavour), mappingColumn=version, insertable=true, updatable=true, unique=false}
14:11:14.593 [Test worker] DEBUG o.h.cfg.annotations.PropertyBinder - MetadataSourceProcessor property version with lazy=false
14:11:14.593 [Test worker] DEBUG o.h.cfg.AbstractPropertyHolder - Attempting to locate auto-apply AttributeConverter for property [org.project.neutrino.nfvo.catalogue.mano.common.DeploymentFlavour:version]
14:11:14.593 [Test worker] DEBUG o.h.c.annotations.SimpleValueBinder - building SimpleValue for version
14:11:14.594 [Test worker] DEBUG o.h.cfg.annotations.PropertyBinder - Building property version
14:11:14.594 [Test worker] DEBUG org.hibernate.cfg.AnnotationBinder - Binding entity from annotated class: org.project.neutrino.nfvo.catalogue.mano.common.ServiceDeploymentFlavour
14:11:14.594 [Test worker] DEBUG o.h.cfg.annotations.EntityBinder - Import with entity name ServiceDeploymentFlavour
14:11:14.594 [Test worker] DEBUG o.h.cfg.annotations.EntityBinder - Bind entity org.project.neutrino.nfvo.catalogue.mano.common.ServiceDeploymentFlavour on table service_deployment_flavour
14:11:14.595 [Test worker] DEBUG org.hibernate.cfg.Ejb3Column - Binding column: Ejb3JoinColumn{logicalColumnName='null', referencedColumn='null', mappedBy=''}
14:11:14.595 [Test worker] DEBUG org.hibernate.cfg.Ejb3Column - Binding column: Ejb3Column{table=org.hibernate.mapping.DenormalizedTable(service_deployment_flavour), mappingColumn=constituent_vnf, insertable=true, updatable=true, unique=false}
14:11:14.595 [Test worker] DEBUG org.hibernate.cfg.Ejb3Column - Binding column: Ejb3Column{table=org.hibernate.mapping.DenormalizedTable(service_deployment_flavour), mappingColumn=null, insertable=true, updatable=true, unique=false}
14:11:14.596 [Test worker] DEBUG org.hibernate.cfg.Ejb3Column - Binding column: Ejb3Column{table=org.hibernate.mapping.DenormalizedTable(service_deployment_flavour), mappingColumn=element, insertable=true, updatable=true, unique=false}
14:11:14.596 [Test worker] DEBUG org.hibernate.cfg.Ejb3Column - Binding column: Ejb3Column{table=org.hibernate.mapping.DenormalizedTable(service_deployment_flavour), mappingColumn=constituent_vnf_key, insertable=true, updatable=true, unique=false}
14:11:14.596 [Test worker] DEBUG org.hibernate.cfg.Ejb3Column - Binding column: Ejb3JoinColumn{logicalColumnName='constituent_vnf_KEY', referencedColumn='null', mappedBy='null'}
14:11:14.596 [Test worker] DEBUG org.hibernate.cfg.Ejb3Column - Binding column: Ejb3JoinColumn{logicalColumnName='null', referencedColumn='null', mappedBy=''}
14:11:14.596 [Test worker] DEBUG org.hibernate.cfg.Ejb3Column - Binding column: Ejb3JoinColumn{logicalColumnName='null', referencedColumn='null', mappedBy=''}
14:11:14.596 [Test worker] DEBUG o.h.cfg.annotations.CollectionBinder - Collection role: org.project.neutrino.nfvo.catalogue.mano.common.ServiceDeploymentFlavour.constituent_vnf
14:11:14.596 [Test worker] DEBUG o.h.cfg.annotations.PropertyBinder - Building property constituent_vnf
14:11:14.597 [Test worker] DEBUG org.hibernate.cfg.AnnotationBinder - Binding entity from annotated class: org.project.neutrino.nfvo.catalogue.mano.descriptor.Policy
14:11:14.597 [Test worker] DEBUG org.hibernate.cfg.Ejb3Column - Binding column: Ejb3DiscriminatorColumn{logicalColumnName'DTYPE', discriminatorTypeName='string'}
14:11:14.597 [Test worker] DEBUG o.h.cfg.annotations.EntityBinder - Import with entity name Policy
14:11:14.597 [Test worker] DEBUG o.h.cfg.annotations.EntityBinder - Bind entity org.project.neutrino.nfvo.catalogue.mano.descriptor.Policy on table policy
14:11:14.598 [Test worker] DEBUG org.hibernate.cfg.Ejb3Column - Binding column: Ejb3Column{table=org.hibernate.mapping.Table(policy), mappingColumn=id, insertable=true, updatable=true, unique=false}
14:11:14.598 [Test worker] DEBUG o.h.cfg.annotations.PropertyBinder - MetadataSourceProcessor property id with lazy=false
14:11:14.598 [Test worker] DEBUG o.h.cfg.AbstractPropertyHolder - Attempting to locate auto-apply AttributeConverter for property [org.project.neutrino.nfvo.catalogue.mano.descriptor.Policy:id]
14:11:14.598 [Test worker] DEBUG o.h.c.annotations.SimpleValueBinder - building SimpleValue for id
14:11:14.598 [Test worker] DEBUG o.h.cfg.annotations.PropertyBinder - Building property id
14:11:14.599 [Test worker] DEBUG org.hibernate.cfg.Ejb3Column - Binding column: Ejb3Column{table=org.hibernate.mapping.Table(policy), mappingColumn=version, insertable=true, updatable=true, unique=false}
14:11:14.599 [Test worker] DEBUG o.h.cfg.annotations.PropertyBinder - MetadataSourceProcessor property version with lazy=false
14:11:14.599 [Test worker] DEBUG o.h.cfg.AbstractPropertyHolder - Attempting to locate auto-apply AttributeConverter for property [org.project.neutrino.nfvo.catalogue.mano.descriptor.Policy:version]
14:11:14.599 [Test worker] DEBUG o.h.c.annotations.SimpleValueBinder - building SimpleValue for version
14:11:14.599 [Test worker] DEBUG o.h.cfg.annotations.PropertyBinder - Building property version
14:11:14.599 [Test worker] DEBUG org.hibernate.cfg.AnnotationBinder - Binding entity from annotated class: org.project.neutrino.nfvo.catalogue.mano.descriptor.NetworkServiceDescriptor
14:11:14.600 [Test worker] DEBUG o.h.cfg.annotations.EntityBinder - Import with entity name NetworkServiceDescriptor
14:11:14.600 [Test worker] DEBUG o.h.cfg.annotations.EntityBinder - Bind entity org.project.neutrino.nfvo.catalogue.mano.descriptor.NetworkServiceDescriptor on table network_service_descriptor
14:11:14.601 [Test worker] DEBUG org.hibernate.cfg.Ejb3Column - Binding column: Ejb3JoinColumn{logicalColumnName='null', referencedColumn='null', mappedBy=''}
14:11:14.602 [Test worker] DEBUG org.hibernate.cfg.Ejb3Column - Binding column: Ejb3Column{table=org.hibernate.mapping.DenormalizedTable(network_service_descriptor), mappingColumn=nsd_security, insertable=true, updatable=true, unique=false}
14:11:14.602 [Test worker] DEBUG o.h.cfg.annotations.PropertyBinder - Building property nsd_security
14:11:14.602 [Test worker] DEBUG org.hibernate.cfg.Ejb3Column - Binding column: Ejb3JoinColumn{logicalColumnName='null', referencedColumn='null', mappedBy=''}
14:11:14.602 [Test worker] DEBUG org.hibernate.cfg.Ejb3Column - Binding column: Ejb3Column{table=org.hibernate.mapping.DenormalizedTable(network_service_descriptor), mappingColumn=pnfd, insertable=true, updatable=true, unique=false}
14:11:14.602 [Test worker] DEBUG org.hibernate.cfg.Ejb3Column - Binding column: Ejb3Column{table=org.hibernate.mapping.DenormalizedTable(network_service_descriptor), mappingColumn=null, insertable=true, updatable=true, unique=false}
14:11:14.603 [Test worker] DEBUG org.hibernate.cfg.Ejb3Column - Binding column: Ejb3Column{table=org.hibernate.mapping.DenormalizedTable(network_service_descriptor), mappingColumn=element, insertable=true, updatable=true, unique=false}
14:11:14.603 [Test worker] DEBUG org.hibernate.cfg.Ejb3Column - Binding column: Ejb3Column{table=org.hibernate.mapping.DenormalizedTable(network_service_descriptor), mappingColumn=pnfd_key, insertable=true, updatable=true, unique=false}
14:11:14.603 [Test worker] DEBUG org.hibernate.cfg.Ejb3Column - Binding column: Ejb3JoinColumn{logicalColumnName='pnfd_KEY', referencedColumn='null', mappedBy='null'}
14:11:14.603 [Test worker] DEBUG org.hibernate.cfg.Ejb3Column - Binding column: Ejb3JoinColumn{logicalColumnName='null', referencedColumn='null', mappedBy=''}
14:11:14.603 [Test worker] DEBUG org.hibernate.cfg.Ejb3Column - Binding column: Ejb3JoinColumn{logicalColumnName='null', referencedColumn='null', mappedBy=''}
14:11:14.603 [Test worker] DEBUG o.h.cfg.annotations.CollectionBinder - Collection role: org.project.neutrino.nfvo.catalogue.mano.descriptor.NetworkServiceDescriptor.pnfd
14:11:14.603 [Test worker] DEBUG o.h.cfg.annotations.PropertyBinder - Building property pnfd
14:11:14.604 [Test worker] DEBUG org.hibernate.cfg.Ejb3Column - Binding column: Ejb3JoinColumn{logicalColumnName='null', referencedColumn='null', mappedBy=''}
14:11:14.604 [Test worker] DEBUG org.hibernate.cfg.Ejb3Column - Binding column: Ejb3Column{table=org.hibernate.mapping.DenormalizedTable(network_service_descriptor), mappingColumn=vnf_dependency, insertable=true, updatable=true, unique=false}
14:11:14.604 [Test worker] DEBUG org.hibernate.cfg.Ejb3Column - Binding column: Ejb3Column{table=org.hibernate.mapping.DenormalizedTable(network_service_descriptor), mappingColumn=null, insertable=true, updatable=true, unique=false}
14:11:14.604 [Test worker] DEBUG org.hibernate.cfg.Ejb3Column - Binding column: Ejb3Column{table=org.hibernate.mapping.DenormalizedTable(network_service_descriptor), mappingColumn=element, insertable=true, updatable=true, unique=false}
14:11:14.604 [Test worker] DEBUG org.hibernate.cfg.Ejb3Column - Binding column: Ejb3Column{table=org.hibernate.mapping.DenormalizedTable(network_service_descriptor), mappingColumn=vnf_dependency_key, insertable=true, updatable=true, unique=false}
14:11:14.605 [Test worker] DEBUG org.hibernate.cfg.Ejb3Column - Binding column: Ejb3JoinColumn{logicalColumnName='vnf_dependency_KEY', referencedColumn='null', mappedBy='null'}
14:11:14.605 [Test worker] DEBUG org.hibernate.cfg.Ejb3Column - Binding column: Ejb3JoinColumn{logicalColumnName='null', referencedColumn='null', mappedBy=''}
14:11:14.605 [Test worker] DEBUG org.hibernate.cfg.Ejb3Column - Binding column: Ejb3JoinColumn{logicalColumnName='null', referencedColumn='null', mappedBy=''}
14:11:14.605 [Test worker] DEBUG o.h.cfg.annotations.CollectionBinder - Collection role: org.project.neutrino.nfvo.catalogue.mano.descriptor.NetworkServiceDescriptor.vnf_dependency
14:11:14.605 [Test worker] DEBUG o.h.cfg.annotations.PropertyBinder - Building property vnf_dependency
14:11:14.605 [Test worker] DEBUG org.hibernate.cfg.Ejb3Column - Binding column: Ejb3JoinColumn{logicalColumnName='null', referencedColumn='null', mappedBy=''}
14:11:14.605 [Test worker] DEBUG org.hibernate.cfg.Ejb3Column - Binding column: Ejb3Column{table=org.hibernate.mapping.DenormalizedTable(network_service_descriptor), mappingColumn=vnfd, insertable=true, updatable=true, unique=false}
14:11:14.606 [Test worker] DEBUG org.hibernate.cfg.Ejb3Column - Binding column: Ejb3Column{table=org.hibernate.mapping.DenormalizedTable(network_service_descriptor), mappingColumn=null, insertable=true, updatable=true, unique=false}
14:11:14.606 [Test worker] DEBUG org.hibernate.cfg.Ejb3Column - Binding column: Ejb3Column{table=org.hibernate.mapping.DenormalizedTable(network_service_descriptor), mappingColumn=element, insertable=true, updatable=true, unique=false}
14:11:14.606 [Test worker] DEBUG org.hibernate.cfg.Ejb3Column - Binding column: Ejb3Column{table=org.hibernate.mapping.DenormalizedTable(network_service_descriptor), mappingColumn=vnfd_key, insertable=true, updatable=true, unique=false}
14:11:14.606 [Test worker] DEBUG org.hibernate.cfg.Ejb3Column - Binding column: Ejb3JoinColumn{logicalColumnName='vnfd_KEY', referencedColumn='null', mappedBy='null'}
14:11:14.606 [Test worker] DEBUG org.hibernate.cfg.Ejb3Column - Binding column: Ejb3JoinColumn{logicalColumnName='null', referencedColumn='null', mappedBy=''}
14:11:14.607 [Test worker] DEBUG org.hibernate.cfg.Ejb3Column - Binding column: Ejb3JoinColumn{logicalColumnName='null', referencedColumn='null', mappedBy=''}
14:11:14.607 [Test worker] DEBUG o.h.cfg.annotations.CollectionBinder - Collection role: org.project.neutrino.nfvo.catalogue.mano.descriptor.NetworkServiceDescriptor.vnfd
14:11:14.607 [Test worker] DEBUG o.h.cfg.annotations.PropertyBinder - Building property vnfd
14:11:14.607 [Test worker] DEBUG org.hibernate.cfg.AnnotationBinder - Binding entity from annotated class: org.project.neutrino.nfvo.catalogue.mano.record.NetworkServiceRecord
14:11:14.607 [Test worker] DEBUG org.hibernate.cfg.Ejb3Column - Binding column: Ejb3DiscriminatorColumn{logicalColumnName'DTYPE', discriminatorTypeName='string'}
14:11:14.607 [Test worker] DEBUG o.h.cfg.annotations.EntityBinder - Import with entity name NetworkServiceRecord
14:11:14.608 [Test worker] DEBUG o.h.cfg.annotations.EntityBinder - Bind entity org.project.neutrino.nfvo.catalogue.mano.record.NetworkServiceRecord on table network_service_record
14:11:14.613 [Test worker] DEBUG org.hibernate.cfg.Ejb3Column - Binding column: Ejb3Column{table=org.hibernate.mapping.Table(network_service_record), mappingColumn=id, insertable=true, updatable=true, unique=false}
14:11:14.613 [Test worker] DEBUG o.h.cfg.annotations.PropertyBinder - MetadataSourceProcessor property id with lazy=false
14:11:14.613 [Test worker] DEBUG o.h.cfg.AbstractPropertyHolder - Attempting to locate auto-apply AttributeConverter for property [org.project.neutrino.nfvo.catalogue.mano.record.NetworkServiceRecord:id]
14:11:14.613 [Test worker] DEBUG o.h.c.annotations.SimpleValueBinder - building SimpleValue for id
14:11:14.613 [Test worker] DEBUG o.h.cfg.annotations.PropertyBinder - Building property id
14:11:14.614 [Test worker] DEBUG org.hibernate.cfg.Ejb3Column - Binding column: Ejb3Column{table=org.hibernate.mapping.Table(network_service_record), mappingColumn=audit_log, insertable=true, updatable=true, unique=false}
14:11:14.614 [Test worker] DEBUG o.h.cfg.annotations.PropertyBinder - MetadataSourceProcessor property audit_log with lazy=false
14:11:14.614 [Test worker] DEBUG o.h.cfg.AbstractPropertyHolder - Attempting to locate auto-apply AttributeConverter for property [org.project.neutrino.nfvo.catalogue.mano.record.NetworkServiceRecord:audit_log]
14:11:14.614 [Test worker] DEBUG o.h.c.annotations.SimpleValueBinder - building SimpleValue for audit_log
14:11:14.614 [Test worker] DEBUG o.h.cfg.annotations.PropertyBinder - Building property audit_log
14:11:14.614 [Test worker] DEBUG org.hibernate.cfg.Ejb3Column - Binding column: Ejb3JoinColumn{logicalColumnName='null', referencedColumn='null', mappedBy=''}
14:11:14.614 [Test worker] DEBUG org.hibernate.cfg.Ejb3Column - Binding column: Ejb3Column{table=org.hibernate.mapping.Table(network_service_record), mappingColumn=auto_scale_policy, insertable=true, updatable=true, unique=false}
14:11:14.615 [Test worker] DEBUG org.hibernate.cfg.Ejb3Column - Binding column: Ejb3Column{table=org.hibernate.mapping.Table(network_service_record), mappingColumn=null, insertable=true, updatable=true, unique=false}
14:11:14.615 [Test worker] DEBUG org.hibernate.cfg.Ejb3Column - Binding column: Ejb3Column{table=org.hibernate.mapping.Table(network_service_record), mappingColumn=element, insertable=true, updatable=true, unique=false}
14:11:14.615 [Test worker] DEBUG org.hibernate.cfg.Ejb3Column - Binding column: Ejb3Column{table=org.hibernate.mapping.Table(network_service_record), mappingColumn=auto_scale_policy_key, insertable=true, updatable=true, unique=false}
14:11:14.615 [Test worker] DEBUG org.hibernate.cfg.Ejb3Column - Binding column: Ejb3JoinColumn{logicalColumnName='auto_scale_policy_KEY', referencedColumn='null', mappedBy='null'}
14:11:14.615 [Test worker] DEBUG org.hibernate.cfg.Ejb3Column - Binding column: Ejb3JoinColumn{logicalColumnName='null', referencedColumn='null', mappedBy=''}
14:11:14.615 [Test worker] DEBUG org.hibernate.cfg.Ejb3Column - Binding column: Ejb3JoinColumn{logicalColumnName='null', referencedColumn='null', mappedBy=''}
14:11:14.615 [Test worker] DEBUG o.h.cfg.annotations.CollectionBinder - Collection role: org.project.neutrino.nfvo.catalogue.mano.record.NetworkServiceRecord.auto_scale_policy
14:11:14.616 [Test worker] DEBUG o.h.cfg.annotations.PropertyBinder - Building property auto_scale_policy
14:11:14.616 [Test worker] DEBUG org.hibernate.cfg.Ejb3Column - Binding column: Ejb3JoinColumn{logicalColumnName='null', referencedColumn='null', mappedBy=''}
14:11:14.616 [Test worker] DEBUG org.hibernate.cfg.Ejb3Column - Binding column: Ejb3Column{table=org.hibernate.mapping.Table(network_service_record), mappingColumn=connection_point, insertable=true, updatable=true, unique=false}
14:11:14.616 [Test worker] DEBUG org.hibernate.cfg.Ejb3Column - Binding column: Ejb3Column{table=org.hibernate.mapping.Table(network_service_record), mappingColumn=null, insertable=true, updatable=true, unique=false}
14:11:14.616 [Test worker] DEBUG org.hibernate.cfg.Ejb3Column - Binding column: Ejb3Column{table=org.hibernate.mapping.Table(network_service_record), mappingColumn=element, insertable=true, updatable=true, unique=false}
14:11:14.617 [Test worker] DEBUG org.hibernate.cfg.Ejb3Column - Binding column: Ejb3Column{table=org.hibernate.mapping.Table(network_service_record), mappingColumn=connection_point_key, insertable=true, updatable=true, unique=false}
14:11:14.617 [Test worker] DEBUG org.hibernate.cfg.Ejb3Column - Binding column: Ejb3JoinColumn{logicalColumnName='connection_point_KEY', referencedColumn='null', mappedBy='null'}
14:11:14.617 [Test worker] DEBUG org.hibernate.cfg.Ejb3Column - Binding column: Ejb3JoinColumn{logicalColumnName='null', referencedColumn='null', mappedBy=''}
14:11:14.617 [Test worker] DEBUG org.hibernate.cfg.Ejb3Column - Binding column: Ejb3JoinColumn{logicalColumnName='null', referencedColumn='null', mappedBy=''}
14:11:14.617 [Test worker] DEBUG o.h.cfg.annotations.CollectionBinder - Collection role: org.project.neutrino.nfvo.catalogue.mano.record.NetworkServiceRecord.connection_point
14:11:14.617 [Test worker] DEBUG o.h.cfg.annotations.PropertyBinder - Building property connection_point
14:11:14.617 [Test worker] DEBUG org.hibernate.cfg.Ejb3Column - Binding column: Ejb3JoinColumn{logicalColumnName='null', referencedColumn='null', mappedBy=''}
14:11:14.618 [Test worker] DEBUG org.hibernate.cfg.Ejb3Column - Binding column: Ejb3Column{table=org.hibernate.mapping.Table(network_service_record), mappingColumn=descriptor_reference, insertable=true, updatable=true, unique=false}
14:11:14.618 [Test worker] DEBUG o.h.cfg.annotations.PropertyBinder - Building property descriptor_reference
14:11:14.618 [Test worker] DEBUG org.hibernate.cfg.Ejb3Column - Binding column: Ejb3JoinColumn{logicalColumnName='null', referencedColumn='null', mappedBy=''}
14:11:14.618 [Test worker] DEBUG org.hibernate.cfg.Ejb3Column - Binding column: Ejb3Column{table=org.hibernate.mapping.Table(network_service_record), mappingColumn=lifecycle_event, insertable=true, updatable=true, unique=false}
14:11:14.618 [Test worker] DEBUG o.h.cfg.annotations.PropertyBinder - Building property lifecycle_event
14:11:14.619 [Test worker] DEBUG org.hibernate.cfg.Ejb3Column - Binding column: Ejb3JoinColumn{logicalColumnName='null', referencedColumn='null', mappedBy=''}
14:11:14.619 [Test worker] DEBUG org.hibernate.cfg.Ejb3Column - Binding column: Ejb3Column{table=org.hibernate.mapping.Table(network_service_record), mappingColumn=lifecycle_event_history, insertable=true, updatable=true, unique=false}
14:11:14.619 [Test worker] DEBUG org.hibernate.cfg.Ejb3Column - Binding column: Ejb3Column{table=org.hibernate.mapping.Table(network_service_record), mappingColumn=null, insertable=true, updatable=true, unique=false}
14:11:14.619 [Test worker] DEBUG org.hibernate.cfg.Ejb3Column - Binding column: Ejb3Column{table=org.hibernate.mapping.Table(network_service_record), mappingColumn=element, insertable=true, updatable=true, unique=false}
14:11:14.619 [Test worker] DEBUG org.hibernate.cfg.Ejb3Column - Binding column: Ejb3Column{table=org.hibernate.mapping.Table(network_service_record), mappingColumn=lifecycle_event_history_key, insertable=true, updatable=true, unique=false}
14:11:14.620 [Test worker] DEBUG org.hibernate.cfg.Ejb3Column - Binding column: Ejb3JoinColumn{logicalColumnName='lifecycle_event_history_KEY', referencedColumn='null', mappedBy='null'}
14:11:14.620 [Test worker] DEBUG org.hibernate.cfg.Ejb3Column - Binding column: Ejb3JoinColumn{logicalColumnName='null', referencedColumn='null', mappedBy=''}
14:11:14.620 [Test worker] DEBUG org.hibernate.cfg.Ejb3Column - Binding column: Ejb3JoinColumn{logicalColumnName='null', referencedColumn='null', mappedBy=''}
14:11:14.620 [Test worker] DEBUG o.h.cfg.annotations.CollectionBinder - Collection role: org.project.neutrino.nfvo.catalogue.mano.record.NetworkServiceRecord.lifecycle_event_history
14:11:14.620 [Test worker] DEBUG o.h.cfg.annotations.PropertyBinder - Building property lifecycle_event_history
14:11:14.620 [Test worker] DEBUG org.hibernate.cfg.Ejb3Column - Binding column: Ejb3JoinColumn{logicalColumnName='null', referencedColumn='null', mappedBy=''}
14:11:14.620 [Test worker] DEBUG org.hibernate.cfg.Ejb3Column - Binding column: Ejb3Column{table=org.hibernate.mapping.Table(network_service_record), mappingColumn=monitoring_parameter, insertable=true, updatable=true, unique=false}
14:11:14.621 [Test worker] DEBUG org.hibernate.cfg.Ejb3Column - Binding column: Ejb3Column{table=org.hibernate.mapping.Table(network_service_record), mappingColumn=null, insertable=true, updatable=true, unique=false}
14:11:14.621 [Test worker] DEBUG org.hibernate.cfg.Ejb3Column - Binding column: Ejb3Column{table=org.hibernate.mapping.Table(network_service_record), mappingColumn=monitoring_parameter, insertable=true, updatable=true, unique=false}
14:11:14.621 [Test worker] DEBUG org.hibernate.cfg.Ejb3Column - Binding column: Ejb3Column{table=org.hibernate.mapping.Table(network_service_record), mappingColumn=monitoring_parameter_key, insertable=true, updatable=true, unique=false}
14:11:14.621 [Test worker] DEBUG org.hibernate.cfg.Ejb3Column - Binding column: Ejb3JoinColumn{logicalColumnName='monitoring_parameter_KEY', referencedColumn='null', mappedBy='null'}
14:11:14.621 [Test worker] DEBUG org.hibernate.cfg.Ejb3Column - Binding column: Ejb3JoinColumn{logicalColumnName='null', referencedColumn='null', mappedBy=''}
14:11:14.621 [Test worker] DEBUG org.hibernate.cfg.Ejb3Column - Binding column: Ejb3JoinColumn{logicalColumnName='null', referencedColumn='null', mappedBy=''}
14:11:14.621 [Test worker] DEBUG o.h.cfg.annotations.CollectionBinder - Collection role: org.project.neutrino.nfvo.catalogue.mano.record.NetworkServiceRecord.monitoring_parameter
14:11:14.622 [Test worker] DEBUG o.h.cfg.annotations.PropertyBinder - Building property monitoring_parameter
14:11:14.622 [Test worker] DEBUG org.hibernate.cfg.Ejb3Column - Binding column: Ejb3Column{table=org.hibernate.mapping.Table(network_service_record), mappingColumn=notification, insertable=true, updatable=true, unique=false}
14:11:14.622 [Test worker] DEBUG o.h.cfg.annotations.PropertyBinder - MetadataSourceProcessor property notification with lazy=false
14:11:14.622 [Test worker] DEBUG o.h.cfg.AbstractPropertyHolder - Attempting to locate auto-apply AttributeConverter for property [org.project.neutrino.nfvo.catalogue.mano.record.NetworkServiceRecord:notification]
14:11:14.622 [Test worker] DEBUG o.h.c.annotations.SimpleValueBinder - building SimpleValue for notification
14:11:14.622 [Test worker] DEBUG o.h.cfg.annotations.PropertyBinder - Building property notification
14:11:14.623 [Test worker] DEBUG org.hibernate.cfg.Ejb3Column - Binding column: Ejb3JoinColumn{logicalColumnName='null', referencedColumn='null', mappedBy=''}
14:11:14.623 [Test worker] DEBUG org.hibernate.cfg.Ejb3Column - Binding column: Ejb3Column{table=org.hibernate.mapping.Table(network_service_record), mappingColumn=pnfr, insertable=true, updatable=true, unique=false}
14:11:14.623 [Test worker] DEBUG org.hibernate.cfg.Ejb3Column - Binding column: Ejb3Column{table=org.hibernate.mapping.Table(network_service_record), mappingColumn=null, insertable=true, updatable=true, unique=false}
14:11:14.623 [Test worker] DEBUG org.hibernate.cfg.Ejb3Column - Binding column: Ejb3Column{table=org.hibernate.mapping.Table(network_service_record), mappingColumn=element, insertable=true, updatable=true, unique=false}
14:11:14.623 [Test worker] DEBUG org.hibernate.cfg.Ejb3Column - Binding column: Ejb3Column{table=org.hibernate.mapping.Table(network_service_record), mappingColumn=pnfr_key, insertable=true, updatable=true, unique=false}
14:11:14.623 [Test worker] DEBUG org.hibernate.cfg.Ejb3Column - Binding column: Ejb3JoinColumn{logicalColumnName='pnfr_KEY', referencedColumn='null', mappedBy='null'}
14:11:14.624 [Test worker] DEBUG org.hibernate.cfg.Ejb3Column - Binding column: Ejb3JoinColumn{logicalColumnName='null', referencedColumn='null', mappedBy=''}
14:11:14.624 [Test worker] DEBUG org.hibernate.cfg.Ejb3Column - Binding column: Ejb3JoinColumn{logicalColumnName='null', referencedColumn='null', mappedBy=''}
14:11:14.624 [Test worker] DEBUG o.h.cfg.annotations.CollectionBinder - Collection role: org.project.neutrino.nfvo.catalogue.mano.record.NetworkServiceRecord.pnfr
14:11:14.624 [Test worker] DEBUG o.h.cfg.annotations.PropertyBinder - Building property pnfr
14:11:14.624 [Test worker] DEBUG org.hibernate.cfg.Ejb3Column - Binding column: Ejb3Column{table=org.hibernate.mapping.Table(network_service_record), mappingColumn=resource_reservation, insertable=true, updatable=true, unique=false}
14:11:14.624 [Test worker] DEBUG o.h.cfg.annotations.PropertyBinder - MetadataSourceProcessor property resource_reservation with lazy=false
14:11:14.625 [Test worker] DEBUG o.h.cfg.AbstractPropertyHolder - Attempting to locate auto-apply AttributeConverter for property [org.project.neutrino.nfvo.catalogue.mano.record.NetworkServiceRecord:resource_reservation]
14:11:14.625 [Test worker] DEBUG o.h.c.annotations.SimpleValueBinder - building SimpleValue for resource_reservation
14:11:14.625 [Test worker] DEBUG o.h.cfg.annotations.PropertyBinder - Building property resource_reservation
14:11:14.625 [Test worker] DEBUG org.hibernate.cfg.Ejb3Column - Binding column: Ejb3Column{table=org.hibernate.mapping.Table(network_service_record), mappingColumn=runtime_policy_info, insertable=true, updatable=true, unique=false}
14:11:14.625 [Test worker] DEBUG o.h.cfg.annotations.PropertyBinder - MetadataSourceProcessor property runtime_policy_info with lazy=false
14:11:14.625 [Test worker] DEBUG o.h.cfg.AbstractPropertyHolder - Attempting to locate auto-apply AttributeConverter for property [org.project.neutrino.nfvo.catalogue.mano.record.NetworkServiceRecord:runtime_policy_info]
14:11:14.625 [Test worker] DEBUG o.h.c.annotations.SimpleValueBinder - building SimpleValue for runtime_policy_info
14:11:14.626 [Test worker] DEBUG o.h.cfg.annotations.PropertyBinder - Building property runtime_policy_info
14:11:14.626 [Test worker] DEBUG org.hibernate.cfg.Ejb3Column - Binding column: Ejb3JoinColumn{logicalColumnName='null', referencedColumn='null', mappedBy=''}
14:11:14.626 [Test worker] DEBUG org.hibernate.cfg.Ejb3Column - Binding column: Ejb3Column{table=org.hibernate.mapping.Table(network_service_record), mappingColumn=service_deployment_flavour, insertable=true, updatable=true, unique=false}
14:11:14.626 [Test worker] DEBUG o.h.cfg.annotations.PropertyBinder - Building property service_deployment_flavour
14:11:14.626 [Test worker] DEBUG org.hibernate.cfg.Ejb3Column - Binding column: Ejb3Column{table=org.hibernate.mapping.Table(network_service_record), mappingColumn=status, insertable=true, updatable=true, unique=false}
14:11:14.627 [Test worker] DEBUG o.h.cfg.annotations.PropertyBinder - MetadataSourceProcessor property status with lazy=false
14:11:14.627 [Test worker] DEBUG o.h.cfg.AbstractPropertyHolder - Attempting to locate auto-apply AttributeConverter for property [org.project.neutrino.nfvo.catalogue.mano.record.NetworkServiceRecord:status]
14:11:14.628 [Test worker] DEBUG o.h.c.annotations.SimpleValueBinder - building SimpleValue for status
14:11:14.628 [Test worker] DEBUG o.h.cfg.annotations.PropertyBinder - Building property status
14:11:14.628 [Test worker] DEBUG org.hibernate.cfg.Ejb3Column - Binding column: Ejb3Column{table=org.hibernate.mapping.Table(network_service_record), mappingColumn=vendor, insertable=true, updatable=true, unique=false}
14:11:14.629 [Test worker] DEBUG o.h.cfg.annotations.PropertyBinder - MetadataSourceProcessor property vendor with lazy=false
14:11:14.629 [Test worker] DEBUG o.h.cfg.AbstractPropertyHolder - Attempting to locate auto-apply AttributeConverter for property [org.project.neutrino.nfvo.catalogue.mano.record.NetworkServiceRecord:vendor]
14:11:14.629 [Test worker] DEBUG o.h.c.annotations.SimpleValueBinder - building SimpleValue for vendor
14:11:14.629 [Test worker] DEBUG o.h.cfg.annotations.PropertyBinder - Building property vendor
14:11:14.629 [Test worker] DEBUG org.hibernate.cfg.Ejb3Column - Binding column: Ejb3Column{table=org.hibernate.mapping.Table(network_service_record), mappingColumn=version, insertable=true, updatable=true, unique=false}
14:11:14.629 [Test worker] DEBUG o.h.cfg.annotations.PropertyBinder - MetadataSourceProcessor property version with lazy=false
14:11:14.630 [Test worker] DEBUG o.h.cfg.AbstractPropertyHolder - Attempting to locate auto-apply AttributeConverter for property [org.project.neutrino.nfvo.catalogue.mano.record.NetworkServiceRecord:version]
14:11:14.630 [Test worker] DEBUG o.h.c.annotations.SimpleValueBinder - building SimpleValue for version
14:11:14.630 [Test worker] DEBUG o.h.cfg.annotations.PropertyBinder - Building property version
14:11:14.630 [Test worker] DEBUG org.hibernate.cfg.Ejb3Column - Binding column: Ejb3JoinColumn{logicalColumnName='null', referencedColumn='null', mappedBy=''}
14:11:14.630 [Test worker] DEBUG org.hibernate.cfg.Ejb3Column - Binding column: Ejb3Column{table=org.hibernate.mapping.Table(network_service_record), mappingColumn=vlr, insertable=true, updatable=true, unique=false}
14:11:14.630 [Test worker] DEBUG org.hibernate.cfg.Ejb3Column - Binding column: Ejb3Column{table=org.hibernate.mapping.Table(network_service_record), mappingColumn=null, insertable=true, updatable=true, unique=false}
14:11:14.630 [Test worker] DEBUG org.hibernate.cfg.Ejb3Column - Binding column: Ejb3Column{table=org.hibernate.mapping.Table(network_service_record), mappingColumn=element, insertable=true, updatable=true, unique=false}
14:11:14.631 [Test worker] DEBUG org.hibernate.cfg.Ejb3Column - Binding column: Ejb3Column{table=org.hibernate.mapping.Table(network_service_record), mappingColumn=vlr_key, insertable=true, updatable=true, unique=false}
14:11:14.631 [Test worker] DEBUG org.hibernate.cfg.Ejb3Column - Binding column: Ejb3JoinColumn{logicalColumnName='vlr_KEY', referencedColumn='null', mappedBy='null'}
14:11:14.631 [Test worker] DEBUG org.hibernate.cfg.Ejb3Column - Binding column: Ejb3JoinColumn{logicalColumnName='null', referencedColumn='null', mappedBy=''}
14:11:14.631 [Test worker] DEBUG org.hibernate.cfg.Ejb3Column - Binding column: Ejb3JoinColumn{logicalColumnName='null', referencedColumn='null', mappedBy=''}
14:11:14.631 [Test worker] DEBUG o.h.cfg.annotations.CollectionBinder - Collection role: org.project.neutrino.nfvo.catalogue.mano.record.NetworkServiceRecord.vlr
14:11:14.631 [Test worker] DEBUG o.h.cfg.annotations.PropertyBinder - Building property vlr
14:11:14.631 [Test worker] DEBUG org.hibernate.cfg.Ejb3Column - Binding column: Ejb3JoinColumn{logicalColumnName='null', referencedColumn='null', mappedBy=''}
14:11:14.632 [Test worker] DEBUG org.hibernate.cfg.Ejb3Column - Binding column: Ejb3Column{table=org.hibernate.mapping.Table(network_service_record), mappingColumn=vnf_dependency, insertable=true, updatable=true, unique=false}
14:11:14.632 [Test worker] DEBUG org.hibernate.cfg.Ejb3Column - Binding column: Ejb3Column{table=org.hibernate.mapping.Table(network_service_record), mappingColumn=null, insertable=true, updatable=true, unique=false}
14:11:14.632 [Test worker] DEBUG org.hibernate.cfg.Ejb3Column - Binding column: Ejb3Column{table=org.hibernate.mapping.Table(network_service_record), mappingColumn=element, insertable=true, updatable=true, unique=false}
14:11:14.632 [Test worker] DEBUG org.hibernate.cfg.Ejb3Column - Binding column: Ejb3Column{table=org.hibernate.mapping.Table(network_service_record), mappingColumn=vnf_dependency_key, insertable=true, updatable=true, unique=false}
14:11:14.632 [Test worker] DEBUG org.hibernate.cfg.Ejb3Column - Binding column: Ejb3JoinColumn{logicalColumnName='vnf_dependency_KEY', referencedColumn='null', mappedBy='null'}
14:11:14.633 [Test worker] DEBUG org.hibernate.cfg.Ejb3Column - Binding column: Ejb3JoinColumn{logicalColumnName='null', referencedColumn='null', mappedBy=''}
14:11:14.633 [Test worker] DEBUG org.hibernate.cfg.Ejb3Column - Binding column: Ejb3JoinColumn{logicalColumnName='null', referencedColumn='null', mappedBy=''}
14:11:14.633 [Test worker] DEBUG o.h.cfg.annotations.CollectionBinder - Collection role: org.project.neutrino.nfvo.catalogue.mano.record.NetworkServiceRecord.vnf_dependency
14:11:14.633 [Test worker] DEBUG o.h.cfg.annotations.PropertyBinder - Building property vnf_dependency
14:11:14.633 [Test worker] DEBUG org.hibernate.cfg.Ejb3Column - Binding column: Ejb3JoinColumn{logicalColumnName='null', referencedColumn='null', mappedBy=''}
14:11:14.633 [Test worker] DEBUG org.hibernate.cfg.Ejb3Column - Binding column: Ejb3Column{table=org.hibernate.mapping.Table(network_service_record), mappingColumn=vnffgr, insertable=true, updatable=true, unique=false}
14:11:14.633 [Test worker] DEBUG org.hibernate.cfg.Ejb3Column - Binding column: Ejb3Column{table=org.hibernate.mapping.Table(network_service_record), mappingColumn=null, insertable=true, updatable=true, unique=false}
14:11:14.634 [Test worker] DEBUG org.hibernate.cfg.Ejb3Column - Binding column: Ejb3Column{table=org.hibernate.mapping.Table(network_service_record), mappingColumn=element, insertable=true, updatable=true, unique=false}
14:11:14.634 [Test worker] DEBUG org.hibernate.cfg.Ejb3Column - Binding column: Ejb3Column{table=org.hibernate.mapping.Table(network_service_record), mappingColumn=vnffgr_key, insertable=true, updatable=true, unique=false}
14:11:14.634 [Test worker] DEBUG org.hibernate.cfg.Ejb3Column - Binding column: Ejb3JoinColumn{logicalColumnName='vnffgr_KEY', referencedColumn='null', mappedBy='null'}
14:11:14.634 [Test worker] DEBUG org.hibernate.cfg.Ejb3Column - Binding column: Ejb3JoinColumn{logicalColumnName='null', referencedColumn='null', mappedBy=''}
14:11:14.634 [Test worker] DEBUG org.hibernate.cfg.Ejb3Column - Binding column: Ejb3JoinColumn{logicalColumnName='null', referencedColumn='null', mappedBy=''}
14:11:14.634 [Test worker] DEBUG o.h.cfg.annotations.CollectionBinder - Collection role: org.project.neutrino.nfvo.catalogue.mano.record.NetworkServiceRecord.vnffgr
14:11:14.634 [Test worker] DEBUG o.h.cfg.annotations.PropertyBinder - Building property vnffgr
14:11:14.635 [Test worker] DEBUG org.hibernate.cfg.Ejb3Column - Binding column: Ejb3JoinColumn{logicalColumnName='null', referencedColumn='null', mappedBy=''}
14:11:14.635 [Test worker] DEBUG org.hibernate.cfg.Ejb3Column - Binding column: Ejb3Column{table=org.hibernate.mapping.Table(network_service_record), mappingColumn=vnfr, insertable=true, updatable=true, unique=false}
14:11:14.635 [Test worker] DEBUG o.h.cfg.annotations.PropertyBinder - Building property vnfr
14:11:14.635 [Test worker] DEBUG org.hibernate.cfg.AnnotationBinder - Binding entity from annotated class: org.project.neutrino.nfvo.catalogue.mano.descriptor.VNFComponent
14:11:14.635 [Test worker] DEBUG org.hibernate.cfg.Ejb3Column - Binding column: Ejb3DiscriminatorColumn{logicalColumnName'DTYPE', discriminatorTypeName='string'}
14:11:14.636 [Test worker] DEBUG o.h.cfg.annotations.EntityBinder - Import with entity name VNFComponent
14:11:14.636 [Test worker] DEBUG o.h.cfg.annotations.EntityBinder - Bind entity org.project.neutrino.nfvo.catalogue.mano.descriptor.VNFComponent on table vnfcomponent
14:11:14.637 [Test worker] DEBUG org.hibernate.cfg.Ejb3Column - Binding column: Ejb3Column{table=org.hibernate.mapping.Table(vnfcomponent), mappingColumn=id, insertable=true, updatable=true, unique=false}
14:11:14.637 [Test worker] DEBUG o.h.cfg.annotations.PropertyBinder - MetadataSourceProcessor property id with lazy=false
14:11:14.637 [Test worker] DEBUG o.h.cfg.AbstractPropertyHolder - Attempting to locate auto-apply AttributeConverter for property [org.project.neutrino.nfvo.catalogue.mano.descriptor.VNFComponent:id]
14:11:14.637 [Test worker] DEBUG o.h.c.annotations.SimpleValueBinder - building SimpleValue for id
14:11:14.638 [Test worker] DEBUG o.h.cfg.annotations.PropertyBinder - Building property id
14:11:14.638 [Test worker] DEBUG org.hibernate.cfg.Ejb3Column - Binding column: Ejb3JoinColumn{logicalColumnName='null', referencedColumn='null', mappedBy=''}
14:11:14.638 [Test worker] DEBUG org.hibernate.cfg.Ejb3Column - Binding column: Ejb3Column{table=org.hibernate.mapping.Table(vnfcomponent), mappingColumn=connection_point, insertable=true, updatable=true, unique=false}
14:11:14.638 [Test worker] DEBUG org.hibernate.cfg.Ejb3Column - Binding column: Ejb3Column{table=org.hibernate.mapping.Table(vnfcomponent), mappingColumn=null, insertable=true, updatable=true, unique=false}
14:11:14.638 [Test worker] DEBUG org.hibernate.cfg.Ejb3Column - Binding column: Ejb3Column{table=org.hibernate.mapping.Table(vnfcomponent), mappingColumn=element, insertable=true, updatable=true, unique=false}
14:11:14.639 [Test worker] DEBUG org.hibernate.cfg.Ejb3Column - Binding column: Ejb3Column{table=org.hibernate.mapping.Table(vnfcomponent), mappingColumn=connection_point_key, insertable=true, updatable=true, unique=false}
14:11:14.639 [Test worker] DEBUG org.hibernate.cfg.Ejb3Column - Binding column: Ejb3JoinColumn{logicalColumnName='connection_point_KEY', referencedColumn='null', mappedBy='null'}
14:11:14.639 [Test worker] DEBUG org.hibernate.cfg.Ejb3Column - Binding column: Ejb3JoinColumn{logicalColumnName='null', referencedColumn='null', mappedBy=''}
14:11:14.639 [Test worker] DEBUG org.hibernate.cfg.Ejb3Column - Binding column: Ejb3JoinColumn{logicalColumnName='null', referencedColumn='null', mappedBy=''}
14:11:14.639 [Test worker] DEBUG o.h.cfg.annotations.CollectionBinder - Collection role: org.project.neutrino.nfvo.catalogue.mano.descriptor.VNFComponent.connection_point
14:11:14.639 [Test worker] DEBUG o.h.cfg.annotations.PropertyBinder - Building property connection_point
14:11:14.640 [Test worker] DEBUG org.hibernate.cfg.Ejb3Column - Binding column: Ejb3Column{table=org.hibernate.mapping.Table(vnfcomponent), mappingColumn=version, insertable=true, updatable=true, unique=false}
14:11:14.640 [Test worker] DEBUG o.h.cfg.annotations.PropertyBinder - MetadataSourceProcessor property version with lazy=false
14:11:14.640 [Test worker] DEBUG o.h.cfg.AbstractPropertyHolder - Attempting to locate auto-apply AttributeConverter for property [org.project.neutrino.nfvo.catalogue.mano.descriptor.VNFComponent:version]
14:11:14.640 [Test worker] DEBUG o.h.c.annotations.SimpleValueBinder - building SimpleValue for version
14:11:14.640 [Test worker] DEBUG o.h.cfg.annotations.PropertyBinder - Building property version
14:11:14.640 [Test worker] DEBUG org.hibernate.cfg.AnnotationBinder - Binding entity from annotated class: org.project.neutrino.nfvo.catalogue.mano.descriptor.VNFForwardingGraph
14:11:14.641 [Test worker] DEBUG org.hibernate.cfg.Ejb3Column - Binding column: Ejb3DiscriminatorColumn{logicalColumnName'DTYPE', discriminatorTypeName='string'}
14:11:14.641 [Test worker] DEBUG o.h.cfg.annotations.EntityBinder - Import with entity name VNFForwardingGraph
14:11:14.641 [Test worker] DEBUG o.h.cfg.annotations.EntityBinder - Bind entity org.project.neutrino.nfvo.catalogue.mano.descriptor.VNFForwardingGraph on table vnfforwarding_graph
14:11:14.643 [Test worker] DEBUG org.hibernate.cfg.Ejb3Column - Binding column: Ejb3Column{table=org.hibernate.mapping.Table(vnfforwarding_graph), mappingColumn=id, insertable=true, updatable=true, unique=false}
14:11:14.643 [Test worker] DEBUG o.h.cfg.annotations.PropertyBinder - MetadataSourceProcessor property id with lazy=false
14:11:14.643 [Test worker] DEBUG o.h.cfg.AbstractPropertyHolder - Attempting to locate auto-apply AttributeConverter for property [org.project.neutrino.nfvo.catalogue.mano.descriptor.VNFForwardingGraph:id]
14:11:14.644 [Test worker] DEBUG o.h.c.annotations.SimpleValueBinder - building SimpleValue for id
14:11:14.644 [Test worker] DEBUG o.h.cfg.annotations.PropertyBinder - Building property id
14:11:14.644 [Test worker] DEBUG org.hibernate.cfg.Ejb3Column - Binding column: Ejb3JoinColumn{logicalColumnName='null', referencedColumn='null', mappedBy=''}
14:11:14.644 [Test worker] DEBUG org.hibernate.cfg.Ejb3Column - Binding column: Ejb3Column{table=org.hibernate.mapping.Table(vnfforwarding_graph), mappingColumn=connection_point, insertable=true, updatable=true, unique=false}
14:11:14.644 [Test worker] DEBUG org.hibernate.cfg.Ejb3Column - Binding column: Ejb3Column{table=org.hibernate.mapping.Table(vnfforwarding_graph), mappingColumn=null, insertable=true, updatable=true, unique=false}
14:11:14.645 [Test worker] DEBUG org.hibernate.cfg.Ejb3Column - Binding column: Ejb3Column{table=org.hibernate.mapping.Table(vnfforwarding_graph), mappingColumn=element, insertable=true, updatable=true, unique=false}
14:11:14.645 [Test worker] DEBUG org.hibernate.cfg.Ejb3Column - Binding column: Ejb3Column{table=org.hibernate.mapping.Table(vnfforwarding_graph), mappingColumn=connection_point_key, insertable=true, updatable=true, unique=false}
14:11:14.645 [Test worker] DEBUG org.hibernate.cfg.Ejb3Column - Binding column: Ejb3JoinColumn{logicalColumnName='connection_point_KEY', referencedColumn='null', mappedBy='null'}
14:11:14.645 [Test worker] DEBUG org.hibernate.cfg.Ejb3Column - Binding column: Ejb3JoinColumn{logicalColumnName='null', referencedColumn='null', mappedBy=''}
14:11:14.645 [Test worker] DEBUG org.hibernate.cfg.Ejb3Column - Binding column: Ejb3JoinColumn{logicalColumnName='null', referencedColumn='null', mappedBy=''}
14:11:14.645 [Test worker] DEBUG o.h.cfg.annotations.CollectionBinder - Collection role: org.project.neutrino.nfvo.catalogue.mano.descriptor.VNFForwardingGraph.connection_point
14:11:14.646 [Test worker] DEBUG o.h.cfg.annotations.PropertyBinder - Building property connection_point
14:11:14.646 [Test worker] DEBUG org.hibernate.cfg.Ejb3Column - Binding column: Ejb3JoinColumn{logicalColumnName='null', referencedColumn='null', mappedBy=''}
14:11:14.646 [Test worker] DEBUG org.hibernate.cfg.Ejb3Column - Binding column: Ejb3Column{table=org.hibernate.mapping.Table(vnfforwarding_graph), mappingColumn=constituent_vnfs, insertable=true, updatable=true, unique=false}
14:11:14.646 [Test worker] DEBUG org.hibernate.cfg.Ejb3Column - Binding column: Ejb3Column{table=org.hibernate.mapping.Table(vnfforwarding_graph), mappingColumn=null, insertable=true, updatable=true, unique=false}
14:11:14.646 [Test worker] DEBUG org.hibernate.cfg.Ejb3Column - Binding column: Ejb3Column{table=org.hibernate.mapping.Table(vnfforwarding_graph), mappingColumn=element, insertable=true, updatable=true, unique=false}
14:11:14.647 [Test worker] DEBUG org.hibernate.cfg.Ejb3Column - Binding column: Ejb3Column{table=org.hibernate.mapping.Table(vnfforwarding_graph), mappingColumn=constituent_vnfs_key, insertable=true, updatable=true, unique=false}
14:11:14.647 [Test worker] DEBUG org.hibernate.cfg.Ejb3Column - Binding column: Ejb3JoinColumn{logicalColumnName='constituent_vnfs_KEY', referencedColumn='null', mappedBy='null'}
14:11:14.647 [Test worker] DEBUG org.hibernate.cfg.Ejb3Column - Binding column: Ejb3JoinColumn{logicalColumnName='null', referencedColumn='null', mappedBy=''}
14:11:14.647 [Test worker] DEBUG org.hibernate.cfg.Ejb3Column - Binding column: Ejb3JoinColumn{logicalColumnName='null', referencedColumn='null', mappedBy=''}
14:11:14.647 [Test worker] DEBUG o.h.cfg.annotations.CollectionBinder - Collection role: org.project.neutrino.nfvo.catalogue.mano.descriptor.VNFForwardingGraph.constituent_vnfs
14:11:14.647 [Test worker] DEBUG o.h.cfg.annotations.PropertyBinder - Building property constituent_vnfs
14:11:14.647 [Test worker] DEBUG org.hibernate.cfg.Ejb3Column - Binding column: Ejb3JoinColumn{logicalColumnName='null', referencedColumn='null', mappedBy=''}
14:11:14.648 [Test worker] DEBUG org.hibernate.cfg.Ejb3Column - Binding column: Ejb3Column{table=org.hibernate.mapping.Table(vnfforwarding_graph), mappingColumn=dependent_virtual_link, insertable=true, updatable=true, unique=false}
14:11:14.648 [Test worker] DEBUG org.hibernate.cfg.Ejb3Column - Binding column: Ejb3Column{table=org.hibernate.mapping.Table(vnfforwarding_graph), mappingColumn=null, insertable=true, updatable=true, unique=false}
14:11:14.648 [Test worker] DEBUG org.hibernate.cfg.Ejb3Column - Binding column: Ejb3Column{table=org.hibernate.mapping.Table(vnfforwarding_graph), mappingColumn=element, insertable=true, updatable=true, unique=false}
14:11:14.648 [Test worker] DEBUG org.hibernate.cfg.Ejb3Column - Binding column: Ejb3Column{table=org.hibernate.mapping.Table(vnfforwarding_graph), mappingColumn=dependent_virtual_link_key, insertable=true, updatable=true, unique=false}
14:11:14.648 [Test worker] DEBUG org.hibernate.cfg.Ejb3Column - Binding column: Ejb3JoinColumn{logicalColumnName='dependent_virtual_link_KEY', referencedColumn='null', mappedBy='null'}
14:11:14.648 [Test worker] DEBUG org.hibernate.cfg.Ejb3Column - Binding column: Ejb3JoinColumn{logicalColumnName='null', referencedColumn='null', mappedBy=''}
14:11:14.648 [Test worker] DEBUG org.hibernate.cfg.Ejb3Column - Binding column: Ejb3JoinColumn{logicalColumnName='null', referencedColumn='null', mappedBy=''}
14:11:14.649 [Test worker] DEBUG o.h.cfg.annotations.CollectionBinder - Collection role: org.project.neutrino.nfvo.catalogue.mano.descriptor.VNFForwardingGraph.dependent_virtual_link
14:11:14.649 [Test worker] DEBUG o.h.cfg.annotations.PropertyBinder - Building property dependent_virtual_link
14:11:14.649 [Test worker] DEBUG org.hibernate.cfg.Ejb3Column - Binding column: Ejb3Column{table=org.hibernate.mapping.Table(vnfforwarding_graph), mappingColumn=descriptor_version, insertable=true, updatable=true, unique=false}
14:11:14.649 [Test worker] DEBUG o.h.cfg.annotations.PropertyBinder - MetadataSourceProcessor property descriptor_version with lazy=false
14:11:14.649 [Test worker] DEBUG o.h.cfg.AbstractPropertyHolder - Attempting to locate auto-apply AttributeConverter for property [org.project.neutrino.nfvo.catalogue.mano.descriptor.VNFForwardingGraph:descriptor_version]
14:11:14.650 [Test worker] DEBUG o.h.c.annotations.SimpleValueBinder - building SimpleValue for descriptor_version
14:11:14.650 [Test worker] DEBUG o.h.cfg.annotations.PropertyBinder - Building property descriptor_version
14:11:14.650 [Test worker] DEBUG org.hibernate.cfg.Ejb3Column - Binding column: Ejb3Column{table=org.hibernate.mapping.Table(vnfforwarding_graph), mappingColumn=hb_version, insertable=true, updatable=true, unique=false}
14:11:14.650 [Test worker] DEBUG o.h.cfg.annotations.PropertyBinder - MetadataSourceProcessor property hb_version with lazy=false
14:11:14.650 [Test worker] DEBUG o.h.cfg.AbstractPropertyHolder - Attempting to locate auto-apply AttributeConverter for property [org.project.neutrino.nfvo.catalogue.mano.descriptor.VNFForwardingGraph:hb_version]
14:11:14.650 [Test worker] DEBUG o.h.c.annotations.SimpleValueBinder - building SimpleValue for hb_version
14:11:14.650 [Test worker] DEBUG o.h.cfg.annotations.PropertyBinder - Building property hb_version
14:11:14.651 [Test worker] DEBUG org.hibernate.cfg.Ejb3Column - Binding column: Ejb3JoinColumn{logicalColumnName='null', referencedColumn='null', mappedBy=''}
14:11:14.651 [Test worker] DEBUG org.hibernate.cfg.Ejb3Column - Binding column: Ejb3Column{table=org.hibernate.mapping.Table(vnfforwarding_graph), mappingColumn=network_forwarding_path, insertable=true, updatable=true, unique=false}
14:11:14.651 [Test worker] DEBUG org.hibernate.cfg.Ejb3Column - Binding column: Ejb3Column{table=org.hibernate.mapping.Table(vnfforwarding_graph), mappingColumn=null, insertable=true, updatable=true, unique=false}
14:11:14.651 [Test worker] DEBUG org.hibernate.cfg.Ejb3Column - Binding column: Ejb3Column{table=org.hibernate.mapping.Table(vnfforwarding_graph), mappingColumn=element, insertable=true, updatable=true, unique=false}
14:11:14.651 [Test worker] DEBUG org.hibernate.cfg.Ejb3Column - Binding column: Ejb3Column{table=org.hibernate.mapping.Table(vnfforwarding_graph), mappingColumn=network_forwarding_path_key, insertable=true, updatable=true, unique=false}
14:11:14.652 [Test worker] DEBUG org.hibernate.cfg.Ejb3Column - Binding column: Ejb3JoinColumn{logicalColumnName='network_forwarding_path_KEY', referencedColumn='null', mappedBy='null'}
14:11:14.652 [Test worker] DEBUG org.hibernate.cfg.Ejb3Column - Binding column: Ejb3JoinColumn{logicalColumnName='null', referencedColumn='null', mappedBy=''}
14:11:14.652 [Test worker] DEBUG org.hibernate.cfg.Ejb3Column - Binding column: Ejb3JoinColumn{logicalColumnName='null', referencedColumn='null', mappedBy=''}
14:11:14.652 [Test worker] DEBUG o.h.cfg.annotations.CollectionBinder - Collection role: org.project.neutrino.nfvo.catalogue.mano.descriptor.VNFForwardingGraph.network_forwarding_path
14:11:14.652 [Test worker] DEBUG o.h.cfg.annotations.PropertyBinder - Building property network_forwarding_path
14:11:14.652 [Test worker] DEBUG org.hibernate.cfg.Ejb3Column - Binding column: Ejb3Column{table=org.hibernate.mapping.Table(vnfforwarding_graph), mappingColumn=number_of_endpoints, insertable=true, updatable=true, unique=false}
14:11:14.652 [Test worker] DEBUG o.h.cfg.annotations.PropertyBinder - MetadataSourceProcessor property number_of_endpoints with lazy=false
14:11:14.653 [Test worker] DEBUG o.h.cfg.AbstractPropertyHolder - Attempting to locate auto-apply AttributeConverter for property [org.project.neutrino.nfvo.catalogue.mano.descriptor.VNFForwardingGraph:number_of_endpoints]
14:11:14.653 [Test worker] DEBUG o.h.c.annotations.SimpleValueBinder - building SimpleValue for number_of_endpoints
14:11:14.653 [Test worker] DEBUG o.h.cfg.annotations.PropertyBinder - Building property number_of_endpoints
14:11:14.653 [Test worker] DEBUG org.hibernate.cfg.Ejb3Column - Binding column: Ejb3Column{table=org.hibernate.mapping.Table(vnfforwarding_graph), mappingColumn=number_of_virtual_links, insertable=true, updatable=true, unique=false}
14:11:14.653 [Test worker] DEBUG o.h.cfg.annotations.PropertyBinder - MetadataSourceProcessor property number_of_virtual_links with lazy=false
14:11:14.653 [Test worker] DEBUG o.h.cfg.AbstractPropertyHolder - Attempting to locate auto-apply AttributeConverter for property [org.project.neutrino.nfvo.catalogue.mano.descriptor.VNFForwardingGraph:number_of_virtual_links]
14:11:14.654 [Test worker] DEBUG o.h.c.annotations.SimpleValueBinder - building SimpleValue for number_of_virtual_links
14:11:14.654 [Test worker] DEBUG o.h.cfg.annotations.PropertyBinder - Building property number_of_virtual_links
14:11:14.654 [Test worker] DEBUG org.hibernate.cfg.Ejb3Column - Binding column: Ejb3Column{table=org.hibernate.mapping.Table(vnfforwarding_graph), mappingColumn=vendor, insertable=true, updatable=true, unique=false}
14:11:14.654 [Test worker] DEBUG o.h.cfg.annotations.PropertyBinder - MetadataSourceProcessor property vendor with lazy=false
14:11:14.654 [Test worker] DEBUG o.h.cfg.AbstractPropertyHolder - Attempting to locate auto-apply AttributeConverter for property [org.project.neutrino.nfvo.catalogue.mano.descriptor.VNFForwardingGraph:vendor]
14:11:14.654 [Test worker] DEBUG o.h.c.annotations.SimpleValueBinder - building SimpleValue for vendor
14:11:14.654 [Test worker] DEBUG o.h.cfg.annotations.PropertyBinder - Building property vendor
14:11:14.655 [Test worker] DEBUG org.hibernate.cfg.Ejb3Column - Binding column: Ejb3Column{table=org.hibernate.mapping.Table(vnfforwarding_graph), mappingColumn=version, insertable=true, updatable=true, unique=false}
14:11:14.655 [Test worker] DEBUG o.h.cfg.annotations.PropertyBinder - MetadataSourceProcessor property version with lazy=false
14:11:14.655 [Test worker] DEBUG o.h.cfg.AbstractPropertyHolder - Attempting to locate auto-apply AttributeConverter for property [org.project.neutrino.nfvo.catalogue.mano.descriptor.VNFForwardingGraph:version]
14:11:14.655 [Test worker] DEBUG o.h.c.annotations.SimpleValueBinder - building SimpleValue for version
14:11:14.655 [Test worker] DEBUG o.h.cfg.annotations.PropertyBinder - Building property version
14:11:14.655 [Test worker] DEBUG org.hibernate.cfg.Ejb3Column - Binding column: Ejb3JoinColumn{logicalColumnName='null', referencedColumn='null', mappedBy=''}
14:11:14.655 [Test worker] DEBUG org.hibernate.cfg.Ejb3Column - Binding column: Ejb3Column{table=org.hibernate.mapping.Table(vnfforwarding_graph), mappingColumn=vnffgd_security, insertable=true, updatable=true, unique=false}
14:11:14.656 [Test worker] DEBUG o.h.cfg.annotations.PropertyBinder - Building property vnffgd_security
14:11:14.656 [Test worker] DEBUG org.hibernate.cfg.AnnotationBinder - Binding entity from annotated class: org.project.neutrino.nfvo.catalogue.mano.common.AbstractVirtualLink
14:11:14.656 [Test worker] DEBUG o.h.cfg.annotations.EntityBinder - Import with entity name AbstractVirtualLink
14:11:14.656 [Test worker] DEBUG o.h.cfg.annotations.EntityBinder - Bind entity org.project.neutrino.nfvo.catalogue.mano.common.AbstractVirtualLink on table abstract_virtual_link
14:11:14.658 [Test worker] DEBUG org.hibernate.cfg.Ejb3Column - Binding column: Ejb3Column{table=org.hibernate.mapping.Table(abstract_virtual_link), mappingColumn=id, insertable=true, updatable=true, unique=false}
14:11:14.658 [Test worker] DEBUG o.h.cfg.annotations.PropertyBinder - MetadataSourceProcessor property id with lazy=false
14:11:14.658 [Test worker] DEBUG o.h.cfg.AbstractPropertyHolder - Attempting to locate auto-apply AttributeConverter for property [org.project.neutrino.nfvo.catalogue.mano.common.AbstractVirtualLink:id]
14:11:14.658 [Test worker] DEBUG o.h.c.annotations.SimpleValueBinder - building SimpleValue for id
14:11:14.658 [Test worker] DEBUG o.h.cfg.annotations.PropertyBinder - Building property id
14:11:14.659 [Test worker] DEBUG org.hibernate.cfg.Ejb3Column - Binding column: Ejb3Column{table=org.hibernate.mapping.Table(abstract_virtual_link), mappingColumn=connectivity_type, insertable=true, updatable=true, unique=false}
14:11:14.659 [Test worker] DEBUG o.h.cfg.annotations.PropertyBinder - MetadataSourceProcessor property connectivity_type with lazy=false
14:11:14.659 [Test worker] DEBUG o.h.cfg.AbstractPropertyHolder - Attempting to locate auto-apply AttributeConverter for property [org.project.neutrino.nfvo.catalogue.mano.common.AbstractVirtualLink:connectivity_type]
14:11:14.659 [Test worker] DEBUG o.h.c.annotations.SimpleValueBinder - building SimpleValue for connectivity_type
14:11:14.659 [Test worker] DEBUG o.h.cfg.annotations.PropertyBinder - Building property connectivity_type
14:11:14.659 [Test worker] DEBUG org.hibernate.cfg.Ejb3Column - Binding column: Ejb3Column{table=org.hibernate.mapping.Table(abstract_virtual_link), mappingColumn=leaf_requirement, insertable=true, updatable=true, unique=false}
14:11:14.659 [Test worker] DEBUG o.h.cfg.annotations.PropertyBinder - MetadataSourceProcessor property leaf_requirement with lazy=false
14:11:14.660 [Test worker] DEBUG o.h.cfg.AbstractPropertyHolder - Attempting to locate auto-apply AttributeConverter for property [org.project.neutrino.nfvo.catalogue.mano.common.AbstractVirtualLink:leaf_requirement]
14:11:14.660 [Test worker] DEBUG o.h.c.annotations.SimpleValueBinder - building SimpleValue for leaf_requirement
14:11:14.660 [Test worker] DEBUG o.h.cfg.annotations.PropertyBinder - Building property leaf_requirement
14:11:14.660 [Test worker] DEBUG org.hibernate.cfg.Ejb3Column - Binding column: Ejb3JoinColumn{logicalColumnName='null', referencedColumn='null', mappedBy=''}
14:11:14.660 [Test worker] DEBUG org.hibernate.cfg.Ejb3Column - Binding column: Ejb3Column{table=org.hibernate.mapping.Table(abstract_virtual_link), mappingColumn=qos, insertable=true, updatable=true, unique=false}
14:11:14.660 [Test worker] DEBUG org.hibernate.cfg.Ejb3Column - Binding column: Ejb3Column{table=org.hibernate.mapping.Table(abstract_virtual_link), mappingColumn=null, insertable=true, updatable=true, unique=false}
14:11:14.661 [Test worker] DEBUG org.hibernate.cfg.Ejb3Column - Binding column: Ejb3Column{table=org.hibernate.mapping.Table(abstract_virtual_link), mappingColumn=qos, insertable=true, updatable=true, unique=false}
14:11:14.661 [Test worker] DEBUG org.hibernate.cfg.Ejb3Column - Binding column: Ejb3Column{table=org.hibernate.mapping.Table(abstract_virtual_link), mappingColumn=qos_key, insertable=true, updatable=true, unique=false}
14:11:14.661 [Test worker] DEBUG org.hibernate.cfg.Ejb3Column - Binding column: Ejb3JoinColumn{logicalColumnName='qos_KEY', referencedColumn='null', mappedBy='null'}
14:11:14.661 [Test worker] DEBUG org.hibernate.cfg.Ejb3Column - Binding column: Ejb3JoinColumn{logicalColumnName='null', referencedColumn='null', mappedBy=''}
14:11:14.661 [Test worker] DEBUG org.hibernate.cfg.Ejb3Column - Binding column: Ejb3JoinColumn{logicalColumnName='null', referencedColumn='null', mappedBy=''}
14:11:14.661 [Test worker] DEBUG o.h.cfg.annotations.CollectionBinder - Collection role: org.project.neutrino.nfvo.catalogue.mano.common.AbstractVirtualLink.qos
14:11:14.661 [Test worker] DEBUG o.h.cfg.annotations.PropertyBinder - Building property qos
14:11:14.662 [Test worker] DEBUG org.hibernate.cfg.Ejb3Column - Binding column: Ejb3Column{table=org.hibernate.mapping.Table(abstract_virtual_link), mappingColumn=root_requirement, insertable=true, updatable=true, unique=false}
14:11:14.662 [Test worker] DEBUG o.h.cfg.annotations.PropertyBinder - MetadataSourceProcessor property root_requirement with lazy=false
14:11:14.662 [Test worker] DEBUG o.h.cfg.AbstractPropertyHolder - Attempting to locate auto-apply AttributeConverter for property [org.project.neutrino.nfvo.catalogue.mano.common.AbstractVirtualLink:root_requirement]
14:11:14.662 [Test worker] DEBUG o.h.c.annotations.SimpleValueBinder - building SimpleValue for root_requirement
14:11:14.662 [Test worker] DEBUG o.h.cfg.annotations.PropertyBinder - Building property root_requirement
14:11:14.662 [Test worker] DEBUG org.hibernate.cfg.Ejb3Column - Binding column: Ejb3JoinColumn{logicalColumnName='null', referencedColumn='null', mappedBy=''}
14:11:14.663 [Test worker] DEBUG org.hibernate.cfg.Ejb3Column - Binding column: Ejb3Column{table=org.hibernate.mapping.Table(abstract_virtual_link), mappingColumn=test_access, insertable=true, updatable=true, unique=false}
14:11:14.663 [Test worker] DEBUG org.hibernate.cfg.Ejb3Column - Binding column: Ejb3Column{table=org.hibernate.mapping.Table(abstract_virtual_link), mappingColumn=null, insertable=true, updatable=true, unique=false}
14:11:14.663 [Test worker] DEBUG org.hibernate.cfg.Ejb3Column - Binding column: Ejb3Column{table=org.hibernate.mapping.Table(abstract_virtual_link), mappingColumn=test_access, insertable=true, updatable=true, unique=false}
14:11:14.663 [Test worker] DEBUG org.hibernate.cfg.Ejb3Column - Binding column: Ejb3Column{table=org.hibernate.mapping.Table(abstract_virtual_link), mappingColumn=test_access_key, insertable=true, updatable=true, unique=false}
14:11:14.663 [Test worker] DEBUG org.hibernate.cfg.Ejb3Column - Binding column: Ejb3JoinColumn{logicalColumnName='test_access_KEY', referencedColumn='null', mappedBy='null'}
14:11:14.663 [Test worker] DEBUG org.hibernate.cfg.Ejb3Column - Binding column: Ejb3JoinColumn{logicalColumnName='null', referencedColumn='null', mappedBy=''}
14:11:14.664 [Test worker] DEBUG org.hibernate.cfg.Ejb3Column - Binding column: Ejb3JoinColumn{logicalColumnName='null', referencedColumn='null', mappedBy=''}
14:11:14.664 [Test worker] DEBUG o.h.cfg.annotations.CollectionBinder - Collection role: org.project.neutrino.nfvo.catalogue.mano.common.AbstractVirtualLink.test_access
14:11:14.664 [Test worker] DEBUG o.h.cfg.annotations.PropertyBinder - Building property test_access
14:11:14.664 [Test worker] DEBUG org.hibernate.cfg.Ejb3Column - Binding column: Ejb3Column{table=org.hibernate.mapping.Table(abstract_virtual_link), mappingColumn=version, insertable=true, updatable=true, unique=false}
14:11:14.664 [Test worker] DEBUG o.h.cfg.annotations.PropertyBinder - MetadataSourceProcessor property version with lazy=false
14:11:14.664 [Test worker] DEBUG o.h.cfg.AbstractPropertyHolder - Attempting to locate auto-apply AttributeConverter for property [org.project.neutrino.nfvo.catalogue.mano.common.AbstractVirtualLink:version]
14:11:14.665 [Test worker] DEBUG o.h.c.annotations.SimpleValueBinder - building SimpleValue for version
14:11:14.665 [Test worker] DEBUG o.h.cfg.annotations.PropertyBinder - Building property version
14:11:14.665 [Test worker] DEBUG org.hibernate.cfg.AnnotationBinder - Binding entity from annotated class: org.project.neutrino.nfvo.catalogue.mano.descriptor.VirtualLinkDescriptor
14:11:14.665 [Test worker] DEBUG o.h.cfg.annotations.EntityBinder - Import with entity name VirtualLinkDescriptor
14:11:14.665 [Test worker] DEBUG o.h.cfg.annotations.EntityBinder - Bind entity org.project.neutrino.nfvo.catalogue.mano.descriptor.VirtualLinkDescriptor on table virtual_link_descriptor
14:11:14.666 [Test worker] DEBUG org.hibernate.cfg.Ejb3Column - Binding column: Ejb3JoinColumn{logicalColumnName='null', referencedColumn='null', mappedBy=''}
14:11:14.667 [Test worker] DEBUG org.hibernate.cfg.Ejb3Column - Binding column: Ejb3Column{table=org.hibernate.mapping.DenormalizedTable(virtual_link_descriptor), mappingColumn=connection, insertable=true, updatable=true, unique=false}
14:11:14.667 [Test worker] DEBUG org.hibernate.cfg.Ejb3Column - Binding column: Ejb3Column{table=org.hibernate.mapping.DenormalizedTable(virtual_link_descriptor), mappingColumn=null, insertable=true, updatable=true, unique=false}
14:11:14.667 [Test worker] DEBUG org.hibernate.cfg.Ejb3Column - Binding column: Ejb3Column{table=org.hibernate.mapping.DenormalizedTable(virtual_link_descriptor), mappingColumn=connection, insertable=true, updatable=true, unique=false}
14:11:14.667 [Test worker] DEBUG org.hibernate.cfg.Ejb3Column - Binding column: Ejb3Column{table=org.hibernate.mapping.DenormalizedTable(virtual_link_descriptor), mappingColumn=connection_key, insertable=true, updatable=true, unique=false}
14:11:14.667 [Test worker] DEBUG org.hibernate.cfg.Ejb3Column - Binding column: Ejb3JoinColumn{logicalColumnName='connection_KEY', referencedColumn='null', mappedBy='null'}
14:11:14.667 [Test worker] DEBUG org.hibernate.cfg.Ejb3Column - Binding column: Ejb3JoinColumn{logicalColumnName='null', referencedColumn='null', mappedBy=''}
14:11:14.668 [Test worker] DEBUG org.hibernate.cfg.Ejb3Column - Binding column: Ejb3JoinColumn{logicalColumnName='null', referencedColumn='null', mappedBy=''}
14:11:14.668 [Test worker] DEBUG o.h.cfg.annotations.CollectionBinder - Collection role: org.project.neutrino.nfvo.catalogue.mano.descriptor.VirtualLinkDescriptor.connection
14:11:14.668 [Test worker] DEBUG o.h.cfg.annotations.PropertyBinder - Building property connection
14:11:14.668 [Test worker] DEBUG org.hibernate.cfg.Ejb3Column - Binding column: Ejb3Column{table=org.hibernate.mapping.DenormalizedTable(virtual_link_descriptor), mappingColumn=descriptor_version, insertable=true, updatable=true, unique=false}
14:11:14.668 [Test worker] DEBUG o.h.cfg.annotations.PropertyBinder - MetadataSourceProcessor property descriptor_version with lazy=false
14:11:14.668 [Test worker] DEBUG o.h.cfg.AbstractPropertyHolder - Attempting to locate auto-apply AttributeConverter for property [org.project.neutrino.nfvo.catalogue.mano.descriptor.VirtualLinkDescriptor:descriptor_version]
14:11:14.668 [Test worker] DEBUG o.h.c.annotations.SimpleValueBinder - building SimpleValue for descriptor_version
14:11:14.669 [Test worker] DEBUG o.h.cfg.annotations.PropertyBinder - Building property descriptor_version
14:11:14.669 [Test worker] DEBUG org.hibernate.cfg.Ejb3Column - Binding column: Ejb3Column{table=org.hibernate.mapping.DenormalizedTable(virtual_link_descriptor), mappingColumn=number_of_endpoints, insertable=true, updatable=true, unique=false}
14:11:14.669 [Test worker] DEBUG o.h.cfg.annotations.PropertyBinder - MetadataSourceProcessor property number_of_endpoints with lazy=false
14:11:14.669 [Test worker] DEBUG o.h.cfg.AbstractPropertyHolder - Attempting to locate auto-apply AttributeConverter for property [org.project.neutrino.nfvo.catalogue.mano.descriptor.VirtualLinkDescriptor:number_of_endpoints]
14:11:14.669 [Test worker] DEBUG o.h.c.annotations.SimpleValueBinder - building SimpleValue for number_of_endpoints
14:11:14.669 [Test worker] DEBUG o.h.cfg.annotations.PropertyBinder - Building property number_of_endpoints
14:11:14.670 [Test worker] DEBUG org.hibernate.cfg.Ejb3Column - Binding column: Ejb3Column{table=org.hibernate.mapping.DenormalizedTable(virtual_link_descriptor), mappingColumn=vendor, insertable=true, updatable=true, unique=false}
14:11:14.670 [Test worker] DEBUG o.h.cfg.annotations.PropertyBinder - MetadataSourceProcessor property vendor with lazy=false
14:11:14.670 [Test worker] DEBUG o.h.cfg.AbstractPropertyHolder - Attempting to locate auto-apply AttributeConverter for property [org.project.neutrino.nfvo.catalogue.mano.descriptor.VirtualLinkDescriptor:vendor]
14:11:14.670 [Test worker] DEBUG o.h.c.annotations.SimpleValueBinder - building SimpleValue for vendor
14:11:14.670 [Test worker] DEBUG o.h.cfg.annotations.PropertyBinder - Building property vendor
14:11:14.670 [Test worker] DEBUG org.hibernate.cfg.Ejb3Column - Binding column: Ejb3JoinColumn{logicalColumnName='null', referencedColumn='null', mappedBy=''}
14:11:14.670 [Test worker] DEBUG org.hibernate.cfg.Ejb3Column - Binding column: Ejb3Column{table=org.hibernate.mapping.DenormalizedTable(virtual_link_descriptor), mappingColumn=vld_security, insertable=true, updatable=true, unique=false}
14:11:14.671 [Test worker] DEBUG o.h.cfg.annotations.PropertyBinder - Building property vld_security
14:11:14.671 [Test worker] DEBUG org.hibernate.cfg.AnnotationBinder - Binding entity from annotated class: org.project.neutrino.nfvo.catalogue.mano.descriptor.InternalVirtualLink
14:11:14.671 [Test worker] DEBUG o.h.cfg.annotations.EntityBinder - Import with entity name InternalVirtualLink
14:11:14.671 [Test worker] DEBUG o.h.cfg.annotations.EntityBinder - Bind entity org.project.neutrino.nfvo.catalogue.mano.descriptor.InternalVirtualLink on table internal_virtual_link
14:11:14.672 [Test worker] DEBUG org.hibernate.cfg.Ejb3Column - Binding column: Ejb3JoinColumn{logicalColumnName='null', referencedColumn='null', mappedBy=''}
14:11:14.672 [Test worker] DEBUG org.hibernate.cfg.Ejb3Column - Binding column: Ejb3Column{table=org.hibernate.mapping.DenormalizedTable(internal_virtual_link), mappingColumn=connection_points_references, insertable=true, updatable=true, unique=false}
14:11:14.672 [Test worker] DEBUG org.hibernate.cfg.Ejb3Column - Binding column: Ejb3Column{table=org.hibernate.mapping.DenormalizedTable(internal_virtual_link), mappingColumn=null, insertable=true, updatable=true, unique=false}
14:11:14.673 [Test worker] DEBUG org.hibernate.cfg.Ejb3Column - Binding column: Ejb3Column{table=org.hibernate.mapping.DenormalizedTable(internal_virtual_link), mappingColumn=connection_points_references, insertable=true, updatable=true, unique=false}
14:11:14.673 [Test worker] DEBUG org.hibernate.cfg.Ejb3Column - Binding column: Ejb3Column{table=org.hibernate.mapping.DenormalizedTable(internal_virtual_link), mappingColumn=connection_points_references_key, insertable=true, updatable=true, unique=false}
14:11:14.673 [Test worker] DEBUG org.hibernate.cfg.Ejb3Column - Binding column: Ejb3JoinColumn{logicalColumnName='connection_points_references_KEY', referencedColumn='null', mappedBy='null'}
14:11:14.673 [Test worker] DEBUG org.hibernate.cfg.Ejb3Column - Binding column: Ejb3JoinColumn{logicalColumnName='null', referencedColumn='null', mappedBy=''}
14:11:14.673 [Test worker] DEBUG org.hibernate.cfg.Ejb3Column - Binding column: Ejb3JoinColumn{logicalColumnName='null', referencedColumn='null', mappedBy=''}
14:11:14.674 [Test worker] DEBUG o.h.cfg.annotations.CollectionBinder - Collection role: org.project.neutrino.nfvo.catalogue.mano.descriptor.InternalVirtualLink.connection_points_references
14:11:14.674 [Test worker] DEBUG o.h.cfg.annotations.PropertyBinder - Building property connection_points_references
14:11:14.674 [Test worker] DEBUG org.hibernate.cfg.AnnotationBinder - Binding entity from annotated class: org.project.neutrino.nfvo.catalogue.mano.descriptor.PhysicalNetworkFunctionDescriptor
14:11:14.674 [Test worker] DEBUG org.hibernate.cfg.Ejb3Column - Binding column: Ejb3DiscriminatorColumn{logicalColumnName'DTYPE', discriminatorTypeName='string'}
14:11:14.674 [Test worker] DEBUG o.h.cfg.annotations.EntityBinder - Import with entity name PhysicalNetworkFunctionDescriptor
14:11:14.675 [Test worker] DEBUG o.h.cfg.annotations.EntityBinder - Bind entity org.project.neutrino.nfvo.catalogue.mano.descriptor.PhysicalNetworkFunctionDescriptor on table physical_network_function_descriptor
14:11:14.676 [Test worker] DEBUG org.hibernate.cfg.Ejb3Column - Binding column: Ejb3Column{table=org.hibernate.mapping.Table(physical_network_function_descriptor), mappingColumn=id, insertable=true, updatable=true, unique=false}
14:11:14.677 [Test worker] DEBUG o.h.cfg.annotations.PropertyBinder - MetadataSourceProcessor property id with lazy=false
14:11:14.677 [Test worker] DEBUG o.h.cfg.AbstractPropertyHolder - Attempting to locate auto-apply AttributeConverter for property [org.project.neutrino.nfvo.catalogue.mano.descriptor.PhysicalNetworkFunctionDescriptor:id]
14:11:14.678 [Test worker] DEBUG o.h.c.annotations.SimpleValueBinder - building SimpleValue for id
14:11:14.678 [Test worker] DEBUG o.h.cfg.annotations.PropertyBinder - Building property id
14:11:14.678 [Test worker] DEBUG org.hibernate.cfg.Ejb3Column - Binding column: Ejb3JoinColumn{logicalColumnName='null', referencedColumn='null', mappedBy=''}
14:11:14.678 [Test worker] DEBUG org.hibernate.cfg.Ejb3Column - Binding column: Ejb3Column{table=org.hibernate.mapping.Table(physical_network_function_descriptor), mappingColumn=connection_point, insertable=true, updatable=true, unique=false}
14:11:14.679 [Test worker] DEBUG org.hibernate.cfg.Ejb3Column - Binding column: Ejb3Column{table=org.hibernate.mapping.Table(physical_network_function_descriptor), mappingColumn=null, insertable=true, updatable=true, unique=false}
14:11:14.679 [Test worker] DEBUG org.hibernate.cfg.Ejb3Column - Binding column: Ejb3Column{table=org.hibernate.mapping.Table(physical_network_function_descriptor), mappingColumn=element, insertable=true, updatable=true, unique=false}
14:11:14.679 [Test worker] DEBUG org.hibernate.cfg.Ejb3Column - Binding column: Ejb3Column{table=org.hibernate.mapping.Table(physical_network_function_descriptor), mappingColumn=connection_point_key, insertable=true, updatable=true, unique=false}
14:11:14.679 [Test worker] DEBUG org.hibernate.cfg.Ejb3Column - Binding column: Ejb3JoinColumn{logicalColumnName='connection_point_KEY', referencedColumn='null', mappedBy='null'}
14:11:14.679 [Test worker] DEBUG org.hibernate.cfg.Ejb3Column - Binding column: Ejb3JoinColumn{logicalColumnName='null', referencedColumn='null', mappedBy=''}
14:11:14.679 [Test worker] DEBUG org.hibernate.cfg.Ejb3Column - Binding column: Ejb3JoinColumn{logicalColumnName='null', referencedColumn='null', mappedBy=''}
14:11:14.679 [Test worker] DEBUG o.h.cfg.annotations.CollectionBinder - Collection role: org.project.neutrino.nfvo.catalogue.mano.descriptor.PhysicalNetworkFunctionDescriptor.connection_point
14:11:14.680 [Test worker] DEBUG o.h.cfg.annotations.PropertyBinder - Building property connection_point
14:11:14.680 [Test worker] DEBUG org.hibernate.cfg.Ejb3Column - Binding column: Ejb3Column{table=org.hibernate.mapping.Table(physical_network_function_descriptor), mappingColumn=description, insertable=true, updatable=true, unique=false}
14:11:14.680 [Test worker] DEBUG o.h.cfg.annotations.PropertyBinder - MetadataSourceProcessor property description with lazy=false
14:11:14.680 [Test worker] DEBUG o.h.cfg.AbstractPropertyHolder - Attempting to locate auto-apply AttributeConverter for property [org.project.neutrino.nfvo.catalogue.mano.descriptor.PhysicalNetworkFunctionDescriptor:description]
14:11:14.680 [Test worker] DEBUG o.h.c.annotations.SimpleValueBinder - building SimpleValue for description
14:11:14.680 [Test worker] DEBUG o.h.cfg.annotations.PropertyBinder - Building property description
14:11:14.681 [Test worker] DEBUG org.hibernate.cfg.Ejb3Column - Binding column: Ejb3Column{table=org.hibernate.mapping.Table(physical_network_function_descriptor), mappingColumn=descriptor_version, insertable=true, updatable=true, unique=false}
14:11:14.681 [Test worker] DEBUG o.h.cfg.annotations.PropertyBinder - MetadataSourceProcessor property descriptor_version with lazy=false
14:11:14.681 [Test worker] DEBUG o.h.cfg.AbstractPropertyHolder - Attempting to locate auto-apply AttributeConverter for property [org.project.neutrino.nfvo.catalogue.mano.descriptor.PhysicalNetworkFunctionDescriptor:descriptor_version]
14:11:14.681 [Test worker] DEBUG o.h.c.annotations.SimpleValueBinder - building SimpleValue for descriptor_version
14:11:14.681 [Test worker] DEBUG o.h.cfg.annotations.PropertyBinder - Building property descriptor_version
14:11:14.681 [Test worker] DEBUG org.hibernate.cfg.Ejb3Column - Binding column: Ejb3Column{table=org.hibernate.mapping.Table(physical_network_function_descriptor), mappingColumn=hb_version, insertable=true, updatable=true, unique=false}
14:11:14.681 [Test worker] DEBUG o.h.cfg.annotations.PropertyBinder - MetadataSourceProcessor property hb_version with lazy=false
14:11:14.682 [Test worker] DEBUG o.h.cfg.AbstractPropertyHolder - Attempting to locate auto-apply AttributeConverter for property [org.project.neutrino.nfvo.catalogue.mano.descriptor.PhysicalNetworkFunctionDescriptor:hb_version]
14:11:14.682 [Test worker] DEBUG o.h.c.annotations.SimpleValueBinder - building SimpleValue for hb_version
14:11:14.682 [Test worker] DEBUG o.h.cfg.annotations.PropertyBinder - Building property hb_version
14:11:14.682 [Test worker] DEBUG org.hibernate.cfg.Ejb3Column - Binding column: Ejb3JoinColumn{logicalColumnName='null', referencedColumn='null', mappedBy=''}
14:11:14.682 [Test worker] DEBUG org.hibernate.cfg.Ejb3Column - Binding column: Ejb3Column{table=org.hibernate.mapping.Table(physical_network_function_descriptor), mappingColumn=pnfd_security, insertable=true, updatable=true, unique=false}
14:11:14.683 [Test worker] DEBUG o.h.cfg.annotations.PropertyBinder - Building property pnfd_security
14:11:14.683 [Test worker] DEBUG org.hibernate.cfg.Ejb3Column - Binding column: Ejb3Column{table=org.hibernate.mapping.Table(physical_network_function_descriptor), mappingColumn=vendor, insertable=true, updatable=true, unique=false}
14:11:14.683 [Test worker] DEBUG o.h.cfg.annotations.PropertyBinder - MetadataSourceProcessor property vendor with lazy=false
14:11:14.683 [Test worker] DEBUG o.h.cfg.AbstractPropertyHolder - Attempting to locate auto-apply AttributeConverter for property [org.project.neutrino.nfvo.catalogue.mano.descriptor.PhysicalNetworkFunctionDescriptor:vendor]
14:11:14.683 [Test worker] DEBUG o.h.c.annotations.SimpleValueBinder - building SimpleValue for vendor
14:11:14.684 [Test worker] DEBUG o.h.cfg.annotations.PropertyBinder - Building property vendor
14:11:14.684 [Test worker] DEBUG org.hibernate.cfg.Ejb3Column - Binding column: Ejb3Column{table=org.hibernate.mapping.Table(physical_network_function_descriptor), mappingColumn=version, insertable=true, updatable=true, unique=false}
14:11:14.684 [Test worker] DEBUG o.h.cfg.annotations.PropertyBinder - MetadataSourceProcessor property version with lazy=false
14:11:14.684 [Test worker] DEBUG o.h.cfg.AbstractPropertyHolder - Attempting to locate auto-apply AttributeConverter for property [org.project.neutrino.nfvo.catalogue.mano.descriptor.PhysicalNetworkFunctionDescriptor:version]
14:11:14.684 [Test worker] DEBUG o.h.c.annotations.SimpleValueBinder - building SimpleValue for version
14:11:14.685 [Test worker] DEBUG o.h.cfg.annotations.PropertyBinder - Building property version
14:11:14.685 [Test worker] DEBUG org.hibernate.cfg.AnnotationBinder - Binding entity from annotated class: org.project.neutrino.nfvo.catalogue.mano.descriptor.NetworkForwardingPath
14:11:14.685 [Test worker] DEBUG org.hibernate.cfg.Ejb3Column - Binding column: Ejb3DiscriminatorColumn{logicalColumnName'DTYPE', discriminatorTypeName='string'}
14:11:14.685 [Test worker] DEBUG o.h.cfg.annotations.EntityBinder - Import with entity name NetworkForwardingPath
14:11:14.685 [Test worker] DEBUG o.h.cfg.annotations.EntityBinder - Bind entity org.project.neutrino.nfvo.catalogue.mano.descriptor.NetworkForwardingPath on table network_forwarding_path
14:11:14.687 [Test worker] DEBUG org.hibernate.cfg.Ejb3Column - Binding column: Ejb3Column{table=org.hibernate.mapping.Table(network_forwarding_path), mappingColumn=id, insertable=true, updatable=true, unique=false}
14:11:14.687 [Test worker] DEBUG o.h.cfg.annotations.PropertyBinder - MetadataSourceProcessor property id with lazy=false
14:11:14.688 [Test worker] DEBUG o.h.cfg.AbstractPropertyHolder - Attempting to locate auto-apply AttributeConverter for property [org.project.neutrino.nfvo.catalogue.mano.descriptor.NetworkForwardingPath:id]
14:11:14.688 [Test worker] DEBUG o.h.c.annotations.SimpleValueBinder - building SimpleValue for id
14:11:14.688 [Test worker] DEBUG o.h.cfg.annotations.PropertyBinder - Building property id
14:11:14.688 [Test worker] DEBUG org.hibernate.cfg.Ejb3Column - Binding column: Ejb3JoinColumn{logicalColumnName='null', referencedColumn='null', mappedBy=''}
14:11:14.688 [Test worker] DEBUG org.hibernate.cfg.Ejb3Column - Binding column: Ejb3Column{table=org.hibernate.mapping.Table(network_forwarding_path), mappingColumn=connection, insertable=true, updatable=true, unique=false}
14:11:14.689 [Test worker] DEBUG org.hibernate.cfg.Ejb3Column - Binding column: Ejb3Column{table=org.hibernate.mapping.Table(network_forwarding_path), mappingColumn=null, insertable=true, updatable=true, unique=false}
14:11:14.690 [Test worker] DEBUG org.hibernate.cfg.Ejb3Column - Binding column: Ejb3Column{table=org.hibernate.mapping.Table(network_forwarding_path), mappingColumn=connection, insertable=true, updatable=true, unique=false}
14:11:14.691 [Test worker] DEBUG org.hibernate.cfg.Ejb3Column - Binding column: Ejb3Column{table=org.hibernate.mapping.Table(network_forwarding_path), mappingColumn=connection_key, insertable=true, updatable=true, unique=false}
14:11:14.691 [Test worker] DEBUG org.hibernate.cfg.Ejb3Column - Binding column: Ejb3JoinColumn{logicalColumnName='connection_KEY', referencedColumn='null', mappedBy='null'}
14:11:14.692 [Test worker] DEBUG org.hibernate.cfg.Ejb3Column - Binding column: Ejb3JoinColumn{logicalColumnName='null', referencedColumn='null', mappedBy=''}
14:11:14.692 [Test worker] DEBUG org.hibernate.cfg.Ejb3Column - Binding column: Ejb3JoinColumn{logicalColumnName='null', referencedColumn='null', mappedBy=''}
14:11:14.692 [Test worker] DEBUG o.h.cfg.annotations.CollectionBinder - Collection role: org.project.neutrino.nfvo.catalogue.mano.descriptor.NetworkForwardingPath.connection
14:11:14.693 [Test worker] DEBUG o.h.cfg.annotations.PropertyBinder - Building property connection
14:11:14.694 [Test worker] DEBUG org.hibernate.cfg.Ejb3Column - Binding column: Ejb3JoinColumn{logicalColumnName='null', referencedColumn='null', mappedBy=''}
14:11:14.694 [Test worker] DEBUG org.hibernate.cfg.Ejb3Column - Binding column: Ejb3Column{table=org.hibernate.mapping.Table(network_forwarding_path), mappingColumn=policy, insertable=true, updatable=true, unique=false}
14:11:14.694 [Test worker] DEBUG o.h.cfg.annotations.PropertyBinder - Building property policy
14:11:14.694 [Test worker] DEBUG org.hibernate.cfg.Ejb3Column - Binding column: Ejb3Column{table=org.hibernate.mapping.Table(network_forwarding_path), mappingColumn=version, insertable=true, updatable=true, unique=false}
14:11:14.694 [Test worker] DEBUG o.h.cfg.annotations.PropertyBinder - MetadataSourceProcessor property version with lazy=false
14:11:14.695 [Test worker] DEBUG o.h.cfg.AbstractPropertyHolder - Attempting to locate auto-apply AttributeConverter for property [org.project.neutrino.nfvo.catalogue.mano.descriptor.NetworkForwardingPath:version]
14:11:14.695 [Test worker] DEBUG o.h.c.annotations.SimpleValueBinder - building SimpleValue for version
14:11:14.695 [Test worker] DEBUG o.h.cfg.annotations.PropertyBinder - Building property version
14:11:14.695 [Test worker] DEBUG org.hibernate.cfg.AnnotationBinder - Binding entity from annotated class: org.project.neutrino.nfvo.catalogue.mano.common.ConnectionPoint
14:11:14.695 [Test worker] DEBUG o.h.cfg.annotations.EntityBinder - Import with entity name ConnectionPoint
14:11:14.695 [Test worker] DEBUG o.h.cfg.annotations.EntityBinder - Bind entity org.project.neutrino.nfvo.catalogue.mano.common.ConnectionPoint on table connection_point
14:11:14.696 [Test worker] DEBUG org.hibernate.cfg.Ejb3Column - Binding column: Ejb3Column{table=org.hibernate.mapping.Table(connection_point), mappingColumn=id, insertable=true, updatable=true, unique=false}
14:11:14.696 [Test worker] DEBUG o.h.cfg.annotations.PropertyBinder - MetadataSourceProcessor property id with lazy=false
14:11:14.696 [Test worker] DEBUG o.h.cfg.AbstractPropertyHolder - Attempting to locate auto-apply AttributeConverter for property [org.project.neutrino.nfvo.catalogue.mano.common.ConnectionPoint:id]
14:11:14.697 [Test worker] DEBUG o.h.c.annotations.SimpleValueBinder - building SimpleValue for id
14:11:14.697 [Test worker] DEBUG o.h.cfg.annotations.PropertyBinder - Building property id
14:11:14.697 [Test worker] DEBUG org.hibernate.cfg.Ejb3Column - Binding column: Ejb3Column{table=org.hibernate.mapping.Table(connection_point), mappingColumn=type, insertable=true, updatable=true, unique=false}
14:11:14.697 [Test worker] DEBUG o.h.cfg.annotations.PropertyBinder - MetadataSourceProcessor property type with lazy=false
14:11:14.697 [Test worker] DEBUG o.h.cfg.AbstractPropertyHolder - Attempting to locate auto-apply AttributeConverter for property [org.project.neutrino.nfvo.catalogue.mano.common.ConnectionPoint:type]
14:11:14.697 [Test worker] DEBUG o.h.c.annotations.SimpleValueBinder - building SimpleValue for type
14:11:14.698 [Test worker] DEBUG o.h.cfg.annotations.PropertyBinder - Building property type
14:11:14.698 [Test worker] DEBUG org.hibernate.cfg.Ejb3Column - Binding column: Ejb3Column{table=org.hibernate.mapping.Table(connection_point), mappingColumn=version, insertable=true, updatable=true, unique=false}
14:11:14.698 [Test worker] DEBUG o.h.cfg.annotations.PropertyBinder - MetadataSourceProcessor property version with lazy=false
14:11:14.698 [Test worker] DEBUG o.h.cfg.AbstractPropertyHolder - Attempting to locate auto-apply AttributeConverter for property [org.project.neutrino.nfvo.catalogue.mano.common.ConnectionPoint:version]
14:11:14.698 [Test worker] DEBUG o.h.c.annotations.SimpleValueBinder - building SimpleValue for version
14:11:14.698 [Test worker] DEBUG o.h.cfg.annotations.PropertyBinder - Building property version
14:11:14.698 [Test worker] DEBUG org.hibernate.cfg.AnnotationBinder - Binding entity from annotated class: org.project.neutrino.nfvo.catalogue.mano.descriptor.VNFDConnectionPoint
14:11:14.699 [Test worker] DEBUG o.h.cfg.annotations.EntityBinder - Import with entity name VNFDConnectionPoint
14:11:14.699 [Test worker] DEBUG o.h.cfg.annotations.EntityBinder - Bind entity org.project.neutrino.nfvo.catalogue.mano.descriptor.VNFDConnectionPoint on table vnfdconnection_point
14:11:14.699 [Test worker] DEBUG org.hibernate.cfg.Ejb3Column - Binding column: Ejb3Column{table=org.hibernate.mapping.DenormalizedTable(vnfdconnection_point), mappingColumn=virtual_link_reference, insertable=true, updatable=true, unique=false}
14:11:14.700 [Test worker] DEBUG o.h.cfg.annotations.PropertyBinder - MetadataSourceProcessor property virtual_link_reference with lazy=false
14:11:14.700 [Test worker] DEBUG o.h.cfg.AbstractPropertyHolder - Attempting to locate auto-apply AttributeConverter for property [org.project.neutrino.nfvo.catalogue.mano.descriptor.VNFDConnectionPoint:virtual_link_reference]
14:11:14.700 [Test worker] DEBUG o.h.c.annotations.SimpleValueBinder - building SimpleValue for virtual_link_reference
14:11:14.700 [Test worker] DEBUG o.h.cfg.annotations.PropertyBinder - Building property virtual_link_reference
14:11:14.700 [Test worker] DEBUG org.hibernate.cfg.AnnotationBinder - Binding entity from annotated class: org.project.neutrino.nfvo.catalogue.mano.descriptor.VNFDDeploymentFlavour
14:11:14.701 [Test worker] DEBUG o.h.cfg.annotations.EntityBinder - Import with entity name VNFDDeploymentFlavour
14:11:14.701 [Test worker] DEBUG o.h.cfg.annotations.EntityBinder - Bind entity org.project.neutrino.nfvo.catalogue.mano.descriptor.VNFDDeploymentFlavour on table vnfddeployment_flavour
14:11:14.702 [Test worker] DEBUG org.hibernate.cfg.Ejb3Column - Binding column: Ejb3JoinColumn{logicalColumnName='null', referencedColumn='null', mappedBy=''}
14:11:14.702 [Test worker] DEBUG org.hibernate.cfg.Ejb3Column - Binding column: Ejb3Column{table=org.hibernate.mapping.DenormalizedTable(vnfddeployment_flavour), mappingColumn=costituent_vdu, insertable=true, updatable=true, unique=false}
14:11:14.702 [Test worker] DEBUG org.hibernate.cfg.Ejb3Column - Binding column: Ejb3Column{table=org.hibernate.mapping.DenormalizedTable(vnfddeployment_flavour), mappingColumn=null, insertable=true, updatable=true, unique=false}
14:11:14.702 [Test worker] DEBUG org.hibernate.cfg.Ejb3Column - Binding column: Ejb3Column{table=org.hibernate.mapping.DenormalizedTable(vnfddeployment_flavour), mappingColumn=element, insertable=true, updatable=true, unique=false}
14:11:14.703 [Test worker] DEBUG org.hibernate.cfg.Ejb3Column - Binding column: Ejb3Column{table=org.hibernate.mapping.DenormalizedTable(vnfddeployment_flavour), mappingColumn=costituent_vdu_key, insertable=true, updatable=true, unique=false}
14:11:14.703 [Test worker] DEBUG org.hibernate.cfg.Ejb3Column - Binding column: Ejb3JoinColumn{logicalColumnName='costituent_vdu_KEY', referencedColumn='null', mappedBy='null'}
14:11:14.703 [Test worker] DEBUG org.hibernate.cfg.Ejb3Column - Binding column: Ejb3JoinColumn{logicalColumnName='null', referencedColumn='null', mappedBy=''}
14:11:14.703 [Test worker] DEBUG org.hibernate.cfg.Ejb3Column - Binding column: Ejb3JoinColumn{logicalColumnName='null', referencedColumn='null', mappedBy=''}
14:11:14.703 [Test worker] DEBUG o.h.cfg.annotations.CollectionBinder - Collection role: org.project.neutrino.nfvo.catalogue.mano.descriptor.VNFDDeploymentFlavour.costituent_vdu
14:11:14.703 [Test worker] DEBUG o.h.cfg.annotations.PropertyBinder - Building property costituent_vdu
14:11:14.703 [Test worker] DEBUG org.hibernate.cfg.Ejb3Column - Binding column: Ejb3JoinColumn{logicalColumnName='null', referencedColumn='null', mappedBy=''}
14:11:14.704 [Test worker] DEBUG org.hibernate.cfg.Ejb3Column - Binding column: Ejb3Column{table=org.hibernate.mapping.DenormalizedTable(vnfddeployment_flavour), mappingColumn=df_constraint, insertable=true, updatable=true, unique=false}
14:11:14.704 [Test worker] DEBUG org.hibernate.cfg.Ejb3Column - Binding column: Ejb3Column{table=org.hibernate.mapping.DenormalizedTable(vnfddeployment_flavour), mappingColumn=null, insertable=true, updatable=true, unique=false}
14:11:14.704 [Test worker] DEBUG org.hibernate.cfg.Ejb3Column - Binding column: Ejb3Column{table=org.hibernate.mapping.DenormalizedTable(vnfddeployment_flavour), mappingColumn=df_constraint, insertable=true, updatable=true, unique=false}
14:11:14.704 [Test worker] DEBUG org.hibernate.cfg.Ejb3Column - Binding column: Ejb3Column{table=org.hibernate.mapping.DenormalizedTable(vnfddeployment_flavour), mappingColumn=df_constraint_key, insertable=true, updatable=true, unique=false}
14:11:14.704 [Test worker] DEBUG org.hibernate.cfg.Ejb3Column - Binding column: Ejb3JoinColumn{logicalColumnName='df_constraint_KEY', referencedColumn='null', mappedBy='null'}
14:11:14.704 [Test worker] DEBUG org.hibernate.cfg.Ejb3Column - Binding column: Ejb3JoinColumn{logicalColumnName='null', referencedColumn='null', mappedBy=''}
14:11:14.704 [Test worker] DEBUG org.hibernate.cfg.Ejb3Column - Binding column: Ejb3JoinColumn{logicalColumnName='null', referencedColumn='null', mappedBy=''}
14:11:14.705 [Test worker] DEBUG o.h.cfg.annotations.CollectionBinder - Collection role: org.project.neutrino.nfvo.catalogue.mano.descriptor.VNFDDeploymentFlavour.df_constraint
14:11:14.705 [Test worker] DEBUG o.h.cfg.annotations.PropertyBinder - Building property df_constraint
14:11:14.705 [Test worker] DEBUG org.hibernate.cfg.AnnotationBinder - Binding entity from annotated class: org.project.neutrino.nfvo.catalogue.mano.record.VirtualNetworkFunctionRecord
14:11:14.705 [Test worker] DEBUG org.hibernate.cfg.Ejb3Column - Binding column: Ejb3DiscriminatorColumn{logicalColumnName'DTYPE', discriminatorTypeName='string'}
14:11:14.705 [Test worker] DEBUG o.h.cfg.annotations.EntityBinder - Import with entity name VirtualNetworkFunctionRecord
14:11:14.705 [Test worker] DEBUG o.h.cfg.annotations.EntityBinder - Bind entity org.project.neutrino.nfvo.catalogue.mano.record.VirtualNetworkFunctionRecord on table virtual_network_function_record
14:11:14.710 [Test worker] DEBUG org.hibernate.cfg.Ejb3Column - Binding column: Ejb3Column{table=org.hibernate.mapping.Table(virtual_network_function_record), mappingColumn=id, insertable=true, updatable=true, unique=false}
14:11:14.710 [Test worker] DEBUG o.h.cfg.annotations.PropertyBinder - MetadataSourceProcessor property id with lazy=false
14:11:14.710 [Test worker] DEBUG o.h.cfg.AbstractPropertyHolder - Attempting to locate auto-apply AttributeConverter for property [org.project.neutrino.nfvo.catalogue.mano.record.VirtualNetworkFunctionRecord:id]
14:11:14.710 [Test worker] DEBUG o.h.c.annotations.SimpleValueBinder - building SimpleValue for id
14:11:14.710 [Test worker] DEBUG o.h.cfg.annotations.PropertyBinder - Building property id
14:11:14.711 [Test worker] DEBUG org.hibernate.cfg.Ejb3Column - Binding column: Ejb3Column{table=org.hibernate.mapping.Table(virtual_network_function_record), mappingColumn=audit_log, insertable=true, updatable=true, unique=false}
14:11:14.711 [Test worker] DEBUG o.h.cfg.annotations.PropertyBinder - MetadataSourceProcessor property audit_log with lazy=false
14:11:14.711 [Test worker] DEBUG o.h.cfg.AbstractPropertyHolder - Attempting to locate auto-apply AttributeConverter for property [org.project.neutrino.nfvo.catalogue.mano.record.VirtualNetworkFunctionRecord:audit_log]
14:11:14.711 [Test worker] DEBUG o.h.c.annotations.SimpleValueBinder - building SimpleValue for audit_log
14:11:14.711 [Test worker] DEBUG o.h.cfg.annotations.PropertyBinder - Building property audit_log
14:11:14.711 [Test worker] DEBUG org.hibernate.cfg.Ejb3Column - Binding column: Ejb3JoinColumn{logicalColumnName='null', referencedColumn='null', mappedBy=''}
14:11:14.711 [Test worker] DEBUG org.hibernate.cfg.Ejb3Column - Binding column: Ejb3Column{table=org.hibernate.mapping.Table(virtual_network_function_record), mappingColumn=auto_scale_policy, insertable=true, updatable=true, unique=false}
14:11:14.712 [Test worker] DEBUG org.hibernate.cfg.Ejb3Column - Binding column: Ejb3Column{table=org.hibernate.mapping.Table(virtual_network_function_record), mappingColumn=null, insertable=true, updatable=true, unique=false}
14:11:14.712 [Test worker] DEBUG org.hibernate.cfg.Ejb3Column - Binding column: Ejb3Column{table=org.hibernate.mapping.Table(virtual_network_function_record), mappingColumn=element, insertable=true, updatable=true, unique=false}
14:11:14.712 [Test worker] DEBUG org.hibernate.cfg.Ejb3Column - Binding column: Ejb3Column{table=org.hibernate.mapping.Table(virtual_network_function_record), mappingColumn=auto_scale_policy_key, insertable=true, updatable=true, unique=false}
14:11:14.712 [Test worker] DEBUG org.hibernate.cfg.Ejb3Column - Binding column: Ejb3JoinColumn{logicalColumnName='auto_scale_policy_KEY', referencedColumn='null', mappedBy='null'}
14:11:14.712 [Test worker] DEBUG org.hibernate.cfg.Ejb3Column - Binding column: Ejb3JoinColumn{logicalColumnName='null', referencedColumn='null', mappedBy=''}
14:11:14.713 [Test worker] DEBUG org.hibernate.cfg.Ejb3Column - Binding column: Ejb3JoinColumn{logicalColumnName='null', referencedColumn='null', mappedBy=''}
14:11:14.713 [Test worker] DEBUG o.h.cfg.annotations.CollectionBinder - Collection role: org.project.neutrino.nfvo.catalogue.mano.record.VirtualNetworkFunctionRecord.auto_scale_policy
14:11:14.713 [Test worker] DEBUG o.h.cfg.annotations.PropertyBinder - Building property auto_scale_policy
14:11:14.713 [Test worker] DEBUG org.hibernate.cfg.Ejb3Column - Binding column: Ejb3JoinColumn{logicalColumnName='null', referencedColumn='null', mappedBy=''}
14:11:14.713 [Test worker] DEBUG org.hibernate.cfg.Ejb3Column - Binding column: Ejb3Column{table=org.hibernate.mapping.Table(virtual_network_function_record), mappingColumn=connected_external_virtual_link, insertable=true, updatable=true, unique=false}
14:11:14.714 [Test worker] DEBUG org.hibernate.cfg.Ejb3Column - Binding column: Ejb3Column{table=org.hibernate.mapping.Table(virtual_network_function_record), mappingColumn=null, insertable=true, updatable=true, unique=false}
14:11:14.714 [Test worker] DEBUG org.hibernate.cfg.Ejb3Column - Binding column: Ejb3Column{table=org.hibernate.mapping.Table(virtual_network_function_record), mappingColumn=element, insertable=true, updatable=true, unique=false}
14:11:14.714 [Test worker] DEBUG org.hibernate.cfg.Ejb3Column - Binding column: Ejb3Column{table=org.hibernate.mapping.Table(virtual_network_function_record), mappingColumn=connected_external_virtual_link_key, insertable=true, updatable=true, unique=false}
14:11:14.714 [Test worker] DEBUG org.hibernate.cfg.Ejb3Column - Binding column: Ejb3JoinColumn{logicalColumnName='connected_external_virtual_link_KEY', referencedColumn='null', mappedBy='null'}
14:11:14.714 [Test worker] DEBUG org.hibernate.cfg.Ejb3Column - Binding column: Ejb3JoinColumn{logicalColumnName='null', referencedColumn='null', mappedBy=''}
14:11:14.714 [Test worker] DEBUG org.hibernate.cfg.Ejb3Column - Binding column: Ejb3JoinColumn{logicalColumnName='null', referencedColumn='null', mappedBy=''}
14:11:14.715 [Test worker] DEBUG o.h.cfg.annotations.CollectionBinder - Collection role: org.project.neutrino.nfvo.catalogue.mano.record.VirtualNetworkFunctionRecord.connected_external_virtual_link
14:11:14.715 [Test worker] DEBUG o.h.cfg.annotations.PropertyBinder - Building property connected_external_virtual_link
14:11:14.715 [Test worker] DEBUG org.hibernate.cfg.Ejb3Column - Binding column: Ejb3JoinColumn{logicalColumnName='null', referencedColumn='null', mappedBy=''}
14:11:14.715 [Test worker] DEBUG org.hibernate.cfg.Ejb3Column - Binding column: Ejb3Column{table=org.hibernate.mapping.Table(virtual_network_function_record), mappingColumn=connection_point, insertable=true, updatable=true, unique=false}
14:11:14.716 [Test worker] DEBUG org.hibernate.cfg.Ejb3Column - Binding column: Ejb3Column{table=org.hibernate.mapping.Table(virtual_network_function_record), mappingColumn=null, insertable=true, updatable=true, unique=false}
14:11:14.716 [Test worker] DEBUG org.hibernate.cfg.Ejb3Column - Binding column: Ejb3Column{table=org.hibernate.mapping.Table(virtual_network_function_record), mappingColumn=element, insertable=true, updatable=true, unique=false}
14:11:14.716 [Test worker] DEBUG org.hibernate.cfg.Ejb3Column - Binding column: Ejb3Column{table=org.hibernate.mapping.Table(virtual_network_function_record), mappingColumn=connection_point_key, insertable=true, updatable=true, unique=false}
14:11:14.716 [Test worker] DEBUG org.hibernate.cfg.Ejb3Column - Binding column: Ejb3JoinColumn{logicalColumnName='connection_point_KEY', referencedColumn='null', mappedBy='null'}
14:11:14.716 [Test worker] DEBUG org.hibernate.cfg.Ejb3Column - Binding column: Ejb3JoinColumn{logicalColumnName='null', referencedColumn='null', mappedBy=''}
14:11:14.716 [Test worker] DEBUG org.hibernate.cfg.Ejb3Column - Binding column: Ejb3JoinColumn{logicalColumnName='null', referencedColumn='null', mappedBy=''}
14:11:14.717 [Test worker] DEBUG o.h.cfg.annotations.CollectionBinder - Collection role: org.project.neutrino.nfvo.catalogue.mano.record.VirtualNetworkFunctionRecord.connection_point
14:11:14.717 [Test worker] DEBUG o.h.cfg.annotations.PropertyBinder - Building property connection_point
14:11:14.717 [Test worker] DEBUG org.hibernate.cfg.Ejb3Column - Binding column: Ejb3JoinColumn{logicalColumnName='null', referencedColumn='null', mappedBy=''}
14:11:14.717 [Test worker] DEBUG org.hibernate.cfg.Ejb3Column - Binding column: Ejb3Column{table=org.hibernate.mapping.Table(virtual_network_function_record), mappingColumn=dependency, insertable=true, updatable=true, unique=false}
14:11:14.717 [Test worker] DEBUG org.hibernate.cfg.Ejb3Column - Binding column: Ejb3Column{table=org.hibernate.mapping.Table(virtual_network_function_record), mappingColumn=null, insertable=true, updatable=true, unique=false}
14:11:14.718 [Test worker] DEBUG org.hibernate.cfg.Ejb3Column - Binding column: Ejb3Column{table=org.hibernate.mapping.Table(virtual_network_function_record), mappingColumn=element, insertable=true, updatable=true, unique=false}
14:11:14.718 [Test worker] DEBUG org.hibernate.cfg.Ejb3Column - Binding column: Ejb3Column{table=org.hibernate.mapping.Table(virtual_network_function_record), mappingColumn=dependency_key, insertable=true, updatable=true, unique=false}
14:11:14.718 [Test worker] DEBUG org.hibernate.cfg.Ejb3Column - Binding column: Ejb3JoinColumn{logicalColumnName='dependency_KEY', referencedColumn='null', mappedBy='null'}
14:11:14.718 [Test worker] DEBUG org.hibernate.cfg.Ejb3Column - Binding column: Ejb3JoinColumn{logicalColumnName='null', referencedColumn='null', mappedBy=''}
14:11:14.718 [Test worker] DEBUG org.hibernate.cfg.Ejb3Column - Binding column: Ejb3JoinColumn{logicalColumnName='null', referencedColumn='null', mappedBy=''}
14:11:14.719 [Test worker] DEBUG o.h.cfg.annotations.CollectionBinder - Collection role: org.project.neutrino.nfvo.catalogue.mano.record.VirtualNetworkFunctionRecord.dependency
14:11:14.719 [Test worker] DEBUG o.h.cfg.annotations.PropertyBinder - Building property dependency
14:11:14.719 [Test worker] DEBUG org.hibernate.cfg.Ejb3Column - Binding column: Ejb3JoinColumn{logicalColumnName='null', referencedColumn='null', mappedBy=''}
14:11:14.719 [Test worker] DEBUG org.hibernate.cfg.Ejb3Column - Binding column: Ejb3Column{table=org.hibernate.mapping.Table(virtual_network_function_record), mappingColumn=deployment_flavour, insertable=true, updatable=true, unique=false}
14:11:14.719 [Test worker] DEBUG o.h.cfg.annotations.PropertyBinder - Building property deployment_flavour
14:11:14.720 [Test worker] DEBUG org.hibernate.cfg.Ejb3Column - Binding column: Ejb3Column{table=org.hibernate.mapping.Table(virtual_network_function_record), mappingColumn=descriptor_reference, insertable=true, updatable=true, unique=false}
14:11:14.720 [Test worker] DEBUG o.h.cfg.annotations.PropertyBinder - MetadataSourceProcessor property descriptor_reference with lazy=false
14:11:14.720 [Test worker] DEBUG o.h.cfg.AbstractPropertyHolder - Attempting to locate auto-apply AttributeConverter for property [org.project.neutrino.nfvo.catalogue.mano.record.VirtualNetworkFunctionRecord:descriptor_reference]
14:11:14.720 [Test worker] DEBUG o.h.c.annotations.SimpleValueBinder - building SimpleValue for descriptor_reference
14:11:14.720 [Test worker] DEBUG o.h.cfg.annotations.PropertyBinder - Building property descriptor_reference
14:11:14.721 [Test worker] DEBUG org.hibernate.cfg.Ejb3Column - Binding column: Ejb3JoinColumn{logicalColumnName='null', referencedColumn='null', mappedBy=''}
14:11:14.721 [Test worker] DEBUG org.hibernate.cfg.Ejb3Column - Binding column: Ejb3Column{table=org.hibernate.mapping.Table(virtual_network_function_record), mappingColumn=lifecycle_event, insertable=true, updatable=true, unique=false}
14:11:14.721 [Test worker] DEBUG o.h.cfg.annotations.PropertyBinder - Building property lifecycle_event
14:11:14.721 [Test worker] DEBUG org.hibernate.cfg.Ejb3Column - Binding column: Ejb3JoinColumn{logicalColumnName='null', referencedColumn='null', mappedBy=''}
14:11:14.722 [Test worker] DEBUG org.hibernate.cfg.Ejb3Column - Binding column: Ejb3Column{table=org.hibernate.mapping.Table(virtual_network_function_record), mappingColumn=lifecycle_event_history, insertable=true, updatable=true, unique=false}
14:11:14.722 [Test worker] DEBUG org.hibernate.cfg.Ejb3Column - Binding column: Ejb3Column{table=org.hibernate.mapping.Table(virtual_network_function_record), mappingColumn=null, insertable=true, updatable=true, unique=false}
14:11:14.722 [Test worker] DEBUG org.hibernate.cfg.Ejb3Column - Binding column: Ejb3Column{table=org.hibernate.mapping.Table(virtual_network_function_record), mappingColumn=element, insertable=true, updatable=true, unique=false}
14:11:14.722 [Test worker] DEBUG org.hibernate.cfg.Ejb3Column - Binding column: Ejb3Column{table=org.hibernate.mapping.Table(virtual_network_function_record), mappingColumn=lifecycle_event_history_key, insertable=true, updatable=true, unique=false}
14:11:14.723 [Test worker] DEBUG org.hibernate.cfg.Ejb3Column - Binding column: Ejb3JoinColumn{logicalColumnName='lifecycle_event_history_KEY', referencedColumn='null', mappedBy='null'}
14:11:14.723 [Test worker] DEBUG org.hibernate.cfg.Ejb3Column - Binding column: Ejb3JoinColumn{logicalColumnName='null', referencedColumn='null', mappedBy=''}
14:11:14.723 [Test worker] DEBUG org.hibernate.cfg.Ejb3Column - Binding column: Ejb3JoinColumn{logicalColumnName='null', referencedColumn='null', mappedBy=''}
14:11:14.723 [Test worker] DEBUG o.h.cfg.annotations.CollectionBinder - Collection role: org.project.neutrino.nfvo.catalogue.mano.record.VirtualNetworkFunctionRecord.lifecycle_event_history
14:11:14.723 [Test worker] DEBUG o.h.cfg.annotations.PropertyBinder - Building property lifecycle_event_history
14:11:14.723 [Test worker] DEBUG org.hibernate.cfg.Ejb3Column - Binding column: Ejb3Column{table=org.hibernate.mapping.Table(virtual_network_function_record), mappingColumn=localization, insertable=true, updatable=true, unique=false}
14:11:14.724 [Test worker] DEBUG o.h.cfg.annotations.PropertyBinder - MetadataSourceProcessor property localization with lazy=false
14:11:14.724 [Test worker] DEBUG o.h.cfg.AbstractPropertyHolder - Attempting to locate auto-apply AttributeConverter for property [org.project.neutrino.nfvo.catalogue.mano.record.VirtualNetworkFunctionRecord:localization]
14:11:14.724 [Test worker] DEBUG o.h.c.annotations.SimpleValueBinder - building SimpleValue for localization
14:11:14.724 [Test worker] DEBUG o.h.cfg.annotations.PropertyBinder - Building property localization
14:11:14.724 [Test worker] DEBUG org.hibernate.cfg.Ejb3Column - Binding column: Ejb3JoinColumn{logicalColumnName='null', referencedColumn='null', mappedBy=''}
14:11:14.725 [Test worker] DEBUG org.hibernate.cfg.Ejb3Column - Binding column: Ejb3Column{table=org.hibernate.mapping.Table(virtual_network_function_record), mappingColumn=monitoring_parameter, insertable=true, updatable=true, unique=false}
14:11:14.725 [Test worker] DEBUG org.hibernate.cfg.Ejb3Column - Binding column: Ejb3Column{table=org.hibernate.mapping.Table(virtual_network_function_record), mappingColumn=null, insertable=true, updatable=true, unique=false}
14:11:14.725 [Test worker] DEBUG org.hibernate.cfg.Ejb3Column - Binding column: Ejb3Column{table=org.hibernate.mapping.Table(virtual_network_function_record), mappingColumn=monitoring_parameter, insertable=true, updatable=true, unique=false}
14:11:14.725 [Test worker] DEBUG org.hibernate.cfg.Ejb3Column - Binding column: Ejb3Column{table=org.hibernate.mapping.Table(virtual_network_function_record), mappingColumn=monitoring_parameter_key, insertable=true, updatable=true, unique=false}
14:11:14.725 [Test worker] DEBUG org.hibernate.cfg.Ejb3Column - Binding column: Ejb3JoinColumn{logicalColumnName='monitoring_parameter_KEY', referencedColumn='null', mappedBy='null'}
14:11:14.725 [Test worker] DEBUG org.hibernate.cfg.Ejb3Column - Binding column: Ejb3JoinColumn{logicalColumnName='null', referencedColumn='null', mappedBy=''}
14:11:14.726 [Test worker] DEBUG org.hibernate.cfg.Ejb3Column - Binding column: Ejb3JoinColumn{logicalColumnName='null', referencedColumn='null', mappedBy=''}
14:11:14.726 [Test worker] DEBUG o.h.cfg.annotations.CollectionBinder - Collection role: org.project.neutrino.nfvo.catalogue.mano.record.VirtualNetworkFunctionRecord.monitoring_parameter
14:11:14.726 [Test worker] DEBUG o.h.cfg.annotations.PropertyBinder - Building property monitoring_parameter
14:11:14.726 [Test worker] DEBUG org.hibernate.cfg.Ejb3Column - Binding column: Ejb3JoinColumn{logicalColumnName='null', referencedColumn='null', mappedBy=''}
14:11:14.726 [Test worker] DEBUG org.hibernate.cfg.Ejb3Column - Binding column: Ejb3Column{table=org.hibernate.mapping.Table(virtual_network_function_record), mappingColumn=notification, insertable=true, updatable=true, unique=false}
14:11:14.726 [Test worker] DEBUG org.hibernate.cfg.Ejb3Column - Binding column: Ejb3Column{table=org.hibernate.mapping.Table(virtual_network_function_record), mappingColumn=null, insertable=true, updatable=true, unique=false}
14:11:14.727 [Test worker] DEBUG org.hibernate.cfg.Ejb3Column - Binding column: Ejb3Column{table=org.hibernate.mapping.Table(virtual_network_function_record), mappingColumn=notification, insertable=true, updatable=true, unique=false}
14:11:14.727 [Test worker] DEBUG org.hibernate.cfg.Ejb3Column - Binding column: Ejb3Column{table=org.hibernate.mapping.Table(virtual_network_function_record), mappingColumn=notification_key, insertable=true, updatable=true, unique=false}
14:11:14.727 [Test worker] DEBUG org.hibernate.cfg.Ejb3Column - Binding column: Ejb3JoinColumn{logicalColumnName='notification_KEY', referencedColumn='null', mappedBy='null'}
14:11:14.727 [Test worker] DEBUG org.hibernate.cfg.Ejb3Column - Binding column: Ejb3JoinColumn{logicalColumnName='null', referencedColumn='null', mappedBy=''}
14:11:14.727 [Test worker] DEBUG org.hibernate.cfg.Ejb3Column - Binding column: Ejb3JoinColumn{logicalColumnName='null', referencedColumn='null', mappedBy=''}
14:11:14.727 [Test worker] DEBUG o.h.cfg.annotations.CollectionBinder - Collection role: org.project.neutrino.nfvo.catalogue.mano.record.VirtualNetworkFunctionRecord.notification
14:11:14.727 [Test worker] DEBUG o.h.cfg.annotations.PropertyBinder - Building property notification
14:11:14.728 [Test worker] DEBUG org.hibernate.cfg.Ejb3Column - Binding column: Ejb3JoinColumn{logicalColumnName='null', referencedColumn='null', mappedBy=''}
14:11:14.728 [Test worker] DEBUG org.hibernate.cfg.Ejb3Column - Binding column: Ejb3Column{table=org.hibernate.mapping.Table(virtual_network_function_record), mappingColumn=parent_ns, insertable=true, updatable=true, unique=false}
14:11:14.728 [Test worker] DEBUG o.h.cfg.annotations.PropertyBinder - Building property parent_ns
14:11:14.728 [Test worker] DEBUG org.hibernate.cfg.Ejb3Column - Binding column: Ejb3JoinColumn{logicalColumnName='null', referencedColumn='null', mappedBy=''}
14:11:14.728 [Test worker] DEBUG org.hibernate.cfg.Ejb3Column - Binding column: Ejb3Column{table=org.hibernate.mapping.Table(virtual_network_function_record), mappingColumn=runtime_policy_info, insertable=true, updatable=true, unique=false}
14:11:14.728 [Test worker] DEBUG org.hibernate.cfg.Ejb3Column - Binding column: Ejb3Column{table=org.hibernate.mapping.Table(virtual_network_function_record), mappingColumn=null, insertable=true, updatable=true, unique=false}
14:11:14.729 [Test worker] DEBUG org.hibernate.cfg.Ejb3Column - Binding column: Ejb3Column{table=org.hibernate.mapping.Table(virtual_network_function_record), mappingColumn=runtime_policy_info, insertable=true, updatable=true, unique=false}
14:11:14.729 [Test worker] DEBUG org.hibernate.cfg.Ejb3Column - Binding column: Ejb3Column{table=org.hibernate.mapping.Table(virtual_network_function_record), mappingColumn=runtime_policy_info_key, insertable=true, updatable=true, unique=false}
14:11:14.729 [Test worker] DEBUG org.hibernate.cfg.Ejb3Column - Binding column: Ejb3JoinColumn{logicalColumnName='runtime_policy_info_KEY', referencedColumn='null', mappedBy='null'}
14:11:14.729 [Test worker] DEBUG org.hibernate.cfg.Ejb3Column - Binding column: Ejb3JoinColumn{logicalColumnName='null', referencedColumn='null', mappedBy=''}
14:11:14.729 [Test worker] DEBUG org.hibernate.cfg.Ejb3Column - Binding column: Ejb3JoinColumn{logicalColumnName='null', referencedColumn='null', mappedBy=''}
14:11:14.729 [Test worker] DEBUG o.h.cfg.annotations.CollectionBinder - Collection role: org.project.neutrino.nfvo.catalogue.mano.record.VirtualNetworkFunctionRecord.runtime_policy_info
14:11:14.729 [Test worker] DEBUG o.h.cfg.annotations.PropertyBinder - Building property runtime_policy_info
14:11:14.730 [Test worker] DEBUG org.hibernate.cfg.Ejb3Column - Binding column: Ejb3Column{table=org.hibernate.mapping.Table(virtual_network_function_record), mappingColumn=status, insertable=true, updatable=true, unique=false}
14:11:14.730 [Test worker] DEBUG o.h.cfg.annotations.PropertyBinder - MetadataSourceProcessor property status with lazy=false
14:11:14.730 [Test worker] DEBUG o.h.cfg.AbstractPropertyHolder - Attempting to locate auto-apply AttributeConverter for property [org.project.neutrino.nfvo.catalogue.mano.record.VirtualNetworkFunctionRecord:status]
14:11:14.730 [Test worker] DEBUG o.h.c.annotations.SimpleValueBinder - building SimpleValue for status
14:11:14.730 [Test worker] DEBUG o.h.cfg.annotations.PropertyBinder - Building property status
14:11:14.730 [Test worker] DEBUG org.hibernate.cfg.Ejb3Column - Binding column: Ejb3JoinColumn{logicalColumnName='null', referencedColumn='null', mappedBy=''}
14:11:14.731 [Test worker] DEBUG org.hibernate.cfg.Ejb3Column - Binding column: Ejb3Column{table=org.hibernate.mapping.Table(virtual_network_function_record), mappingColumn=vdu, insertable=true, updatable=true, unique=false}
14:11:14.731 [Test worker] DEBUG org.hibernate.cfg.Ejb3Column - Binding column: Ejb3Column{table=org.hibernate.mapping.Table(virtual_network_function_record), mappingColumn=null, insertable=true, updatable=true, unique=false}
14:11:14.731 [Test worker] DEBUG org.hibernate.cfg.Ejb3Column - Binding column: Ejb3Column{table=org.hibernate.mapping.Table(virtual_network_function_record), mappingColumn=element, insertable=true, updatable=true, unique=false}
14:11:14.731 [Test worker] DEBUG org.hibernate.cfg.Ejb3Column - Binding column: Ejb3Column{table=org.hibernate.mapping.Table(virtual_network_function_record), mappingColumn=vdu_key, insertable=true, updatable=true, unique=false}
14:11:14.731 [Test worker] DEBUG org.hibernate.cfg.Ejb3Column - Binding column: Ejb3JoinColumn{logicalColumnName='vdu_KEY', referencedColumn='null', mappedBy='null'}
14:11:14.731 [Test worker] DEBUG org.hibernate.cfg.Ejb3Column - Binding column: Ejb3JoinColumn{logicalColumnName='null', referencedColumn='null', mappedBy=''}
14:11:14.732 [Test worker] DEBUG org.hibernate.cfg.Ejb3Column - Binding column: Ejb3JoinColumn{logicalColumnName='null', referencedColumn='null', mappedBy=''}
14:11:14.732 [Test worker] DEBUG o.h.cfg.annotations.CollectionBinder - Collection role: org.project.neutrino.nfvo.catalogue.mano.record.VirtualNetworkFunctionRecord.vdu
14:11:14.732 [Test worker] DEBUG o.h.cfg.annotations.PropertyBinder - Building property vdu
14:11:14.732 [Test worker] DEBUG org.hibernate.cfg.Ejb3Column - Binding column: Ejb3Column{table=org.hibernate.mapping.Table(virtual_network_function_record), mappingColumn=vendor, insertable=true, updatable=true, unique=false}
14:11:14.732 [Test worker] DEBUG o.h.cfg.annotations.PropertyBinder - MetadataSourceProcessor property vendor with lazy=false
14:11:14.732 [Test worker] DEBUG o.h.cfg.AbstractPropertyHolder - Attempting to locate auto-apply AttributeConverter for property [org.project.neutrino.nfvo.catalogue.mano.record.VirtualNetworkFunctionRecord:vendor]
14:11:14.732 [Test worker] DEBUG o.h.c.annotations.SimpleValueBinder - building SimpleValue for vendor
14:11:14.733 [Test worker] DEBUG o.h.cfg.annotations.PropertyBinder - Building property vendor
14:11:14.733 [Test worker] DEBUG org.hibernate.cfg.Ejb3Column - Binding column: Ejb3Column{table=org.hibernate.mapping.Table(virtual_network_function_record), mappingColumn=version, insertable=true, updatable=true, unique=false}
14:11:14.733 [Test worker] DEBUG o.h.cfg.annotations.PropertyBinder - MetadataSourceProcessor property version with lazy=false
14:11:14.733 [Test worker] DEBUG o.h.cfg.AbstractPropertyHolder - Attempting to locate auto-apply AttributeConverter for property [org.project.neutrino.nfvo.catalogue.mano.record.VirtualNetworkFunctionRecord:version]
14:11:14.733 [Test worker] DEBUG o.h.c.annotations.SimpleValueBinder - building SimpleValue for version
14:11:14.733 [Test worker] DEBUG o.h.cfg.annotations.PropertyBinder - Building property version
14:11:14.734 [Test worker] DEBUG org.hibernate.cfg.Ejb3Column - Binding column: Ejb3JoinColumn{logicalColumnName='null', referencedColumn='null', mappedBy=''}
14:11:14.734 [Test worker] DEBUG org.hibernate.cfg.Ejb3Column - Binding column: Ejb3Column{table=org.hibernate.mapping.Table(virtual_network_function_record), mappingColumn=virtual_link, insertable=true, updatable=true, unique=false}
14:11:14.734 [Test worker] DEBUG org.hibernate.cfg.Ejb3Column - Binding column: Ejb3Column{table=org.hibernate.mapping.Table(virtual_network_function_record), mappingColumn=null, insertable=true, updatable=true, unique=false}
14:11:14.734 [Test worker] DEBUG org.hibernate.cfg.Ejb3Column - Binding column: Ejb3Column{table=org.hibernate.mapping.Table(virtual_network_function_record), mappingColumn=element, insertable=true, updatable=true, unique=false}
14:11:14.734 [Test worker] DEBUG org.hibernate.cfg.Ejb3Column - Binding column: Ejb3Column{table=org.hibernate.mapping.Table(virtual_network_function_record), mappingColumn=virtual_link_key, insertable=true, updatable=true, unique=false}
14:11:14.735 [Test worker] DEBUG org.hibernate.cfg.Ejb3Column - Binding column: Ejb3JoinColumn{logicalColumnName='virtual_link_KEY', referencedColumn='null', mappedBy='null'}
14:11:14.735 [Test worker] DEBUG org.hibernate.cfg.Ejb3Column - Binding column: Ejb3JoinColumn{logicalColumnName='null', referencedColumn='null', mappedBy=''}
14:11:14.735 [Test worker] DEBUG org.hibernate.cfg.Ejb3Column - Binding column: Ejb3JoinColumn{logicalColumnName='null', referencedColumn='null', mappedBy=''}
14:11:14.735 [Test worker] DEBUG o.h.cfg.annotations.CollectionBinder - Collection role: org.project.neutrino.nfvo.catalogue.mano.record.VirtualNetworkFunctionRecord.virtual_link
14:11:14.735 [Test worker] DEBUG o.h.cfg.annotations.PropertyBinder - Building property virtual_link
14:11:14.735 [Test worker] DEBUG org.hibernate.cfg.Ejb3Column - Binding column: Ejb3JoinColumn{logicalColumnName='null', referencedColumn='null', mappedBy=''}
14:11:14.736 [Test worker] DEBUG org.hibernate.cfg.Ejb3Column - Binding column: Ejb3Column{table=org.hibernate.mapping.Table(virtual_network_function_record), mappingColumn=vnf_address, insertable=true, updatable=true, unique=false}
14:11:14.736 [Test worker] DEBUG org.hibernate.cfg.Ejb3Column - Binding column: Ejb3Column{table=org.hibernate.mapping.Table(virtual_network_function_record), mappingColumn=null, insertable=true, updatable=true, unique=false}
14:11:14.736 [Test worker] DEBUG org.hibernate.cfg.Ejb3Column - Binding column: Ejb3Column{table=org.hibernate.mapping.Table(virtual_network_function_record), mappingColumn=vnf_address, insertable=true, updatable=true, unique=false}
14:11:14.736 [Test worker] DEBUG org.hibernate.cfg.Ejb3Column - Binding column: Ejb3Column{table=org.hibernate.mapping.Table(virtual_network_function_record), mappingColumn=vnf_address_key, insertable=true, updatable=true, unique=false}
14:11:14.736 [Test worker] DEBUG org.hibernate.cfg.Ejb3Column - Binding column: Ejb3JoinColumn{logicalColumnName='vnf_address_KEY', referencedColumn='null', mappedBy='null'}
14:11:14.737 [Test worker] DEBUG org.hibernate.cfg.Ejb3Column - Binding column: Ejb3JoinColumn{logicalColumnName='null', referencedColumn='null', mappedBy=''}
14:11:14.737 [Test worker] DEBUG org.hibernate.cfg.Ejb3Column - Binding column: Ejb3JoinColumn{logicalColumnName='null', referencedColumn='null', mappedBy=''}
14:11:14.737 [Test worker] DEBUG o.h.cfg.annotations.CollectionBinder - Collection role: org.project.neutrino.nfvo.catalogue.mano.record.VirtualNetworkFunctionRecord.vnf_address
14:11:14.737 [Test worker] DEBUG o.h.cfg.annotations.PropertyBinder - Building property vnf_address
14:11:14.737 [Test worker] DEBUG org.hibernate.cfg.Ejb3Column - Binding column: Ejb3Column{table=org.hibernate.mapping.Table(virtual_network_function_record), mappingColumn=vnfm_id, insertable=true, updatable=true, unique=false}
14:11:14.737 [Test worker] DEBUG o.h.cfg.annotations.PropertyBinder - MetadataSourceProcessor property vnfm_id with lazy=false
14:11:14.737 [Test worker] DEBUG o.h.cfg.AbstractPropertyHolder - Attempting to locate auto-apply AttributeConverter for property [org.project.neutrino.nfvo.catalogue.mano.record.VirtualNetworkFunctionRecord:vnfm_id]
14:11:14.738 [Test worker] DEBUG o.h.c.annotations.SimpleValueBinder - building SimpleValue for vnfm_id
14:11:14.738 [Test worker] DEBUG o.h.cfg.annotations.PropertyBinder - Building property vnfm_id
14:11:14.738 [Test worker] DEBUG org.hibernate.cfg.AnnotationBinder - Binding entity from annotated class: org.project.neutrino.nfvo.catalogue.mano.common.LifecycleEvent
14:11:14.738 [Test worker] DEBUG org.hibernate.cfg.Ejb3Column - Binding column: Ejb3DiscriminatorColumn{logicalColumnName'DTYPE', discriminatorTypeName='string'}
14:11:14.738 [Test worker] DEBUG o.h.cfg.annotations.EntityBinder - Import with entity name LifecycleEvent
14:11:14.738 [Test worker] DEBUG o.h.cfg.annotations.EntityBinder - Bind entity org.project.neutrino.nfvo.catalogue.mano.common.LifecycleEvent on table lifecycle_event
14:11:14.740 [Test worker] DEBUG org.hibernate.cfg.Ejb3Column - Binding column: Ejb3Column{table=org.hibernate.mapping.Table(lifecycle_event), mappingColumn=id, insertable=true, updatable=true, unique=false}
14:11:14.740 [Test worker] DEBUG o.h.cfg.annotations.PropertyBinder - MetadataSourceProcessor property id with lazy=false
14:11:14.740 [Test worker] DEBUG o.h.cfg.AbstractPropertyHolder - Attempting to locate auto-apply AttributeConverter for property [org.project.neutrino.nfvo.catalogue.mano.common.LifecycleEvent:id]
14:11:14.740 [Test worker] DEBUG o.h.c.annotations.SimpleValueBinder - building SimpleValue for id
14:11:14.740 [Test worker] DEBUG o.h.cfg.annotations.PropertyBinder - Building property id
14:11:14.740 [Test worker] DEBUG org.hibernate.cfg.Ejb3Column - Binding column: Ejb3JoinColumn{logicalColumnName='null', referencedColumn='null', mappedBy=''}
14:11:14.741 [Test worker] DEBUG org.hibernate.cfg.Ejb3Column - Binding column: Ejb3Column{table=org.hibernate.mapping.Table(lifecycle_event), mappingColumn=lifecycle_events, insertable=true, updatable=true, unique=false}
14:11:14.741 [Test worker] DEBUG org.hibernate.cfg.Ejb3Column - Binding column: Ejb3Column{table=org.hibernate.mapping.Table(lifecycle_event), mappingColumn=null, insertable=true, updatable=true, unique=false}
14:11:14.741 [Test worker] DEBUG org.hibernate.cfg.Ejb3Column - Binding column: Ejb3Column{table=org.hibernate.mapping.Table(lifecycle_event), mappingColumn=lifecycle_events, insertable=true, updatable=true, unique=false}
14:11:14.741 [Test worker] DEBUG org.hibernate.cfg.Ejb3Column - Binding column: Ejb3Column{table=org.hibernate.mapping.Table(lifecycle_event), mappingColumn=lifecycle_events_key, insertable=true, updatable=true, unique=false}
14:11:14.741 [Test worker] DEBUG org.hibernate.cfg.Ejb3Column - Binding column: Ejb3JoinColumn{logicalColumnName='lifecycle_events_KEY', referencedColumn='null', mappedBy='null'}
14:11:14.742 [Test worker] DEBUG org.hibernate.cfg.Ejb3Column - Binding column: Ejb3JoinColumn{logicalColumnName='null', referencedColumn='null', mappedBy=''}
14:11:14.742 [Test worker] DEBUG org.hibernate.cfg.Ejb3Column - Binding column: Ejb3JoinColumn{logicalColumnName='null', referencedColumn='null', mappedBy=''}
14:11:14.742 [Test worker] DEBUG o.h.cfg.annotations.CollectionBinder - Collection role: org.project.neutrino.nfvo.catalogue.mano.common.LifecycleEvent.lifecycle_events
14:11:14.742 [Test worker] DEBUG o.h.cfg.annotations.PropertyBinder - Building property lifecycle_events
14:11:14.742 [Test worker] DEBUG org.hibernate.cfg.Ejb3Column - Binding column: Ejb3Column{table=org.hibernate.mapping.Table(lifecycle_event), mappingColumn=version, insertable=true, updatable=true, unique=false}
14:11:14.742 [Test worker] DEBUG o.h.cfg.annotations.PropertyBinder - MetadataSourceProcessor property version with lazy=false
14:11:14.742 [Test worker] DEBUG o.h.cfg.AbstractPropertyHolder - Attempting to locate auto-apply AttributeConverter for property [org.project.neutrino.nfvo.catalogue.mano.common.LifecycleEvent:version]
14:11:14.742 [Test worker] DEBUG o.h.c.annotations.SimpleValueBinder - building SimpleValue for version
14:11:14.743 [Test worker] DEBUG o.h.cfg.annotations.PropertyBinder - Building property version
14:11:14.743 [Test worker] DEBUG org.hibernate.cfg.AnnotationBinder - Binding entity from annotated class: org.project.neutrino.nfvo.catalogue.mano.descriptor.VDUDependency
14:11:14.743 [Test worker] DEBUG org.hibernate.cfg.Ejb3Column - Binding column: Ejb3DiscriminatorColumn{logicalColumnName'DTYPE', discriminatorTypeName='string'}
14:11:14.743 [Test worker] DEBUG o.h.cfg.annotations.EntityBinder - Import with entity name VDUDependency
14:11:14.743 [Test worker] DEBUG o.h.cfg.annotations.EntityBinder - Bind entity org.project.neutrino.nfvo.catalogue.mano.descriptor.VDUDependency on table vdudependency
14:11:14.744 [Test worker] DEBUG org.hibernate.cfg.Ejb3Column - Binding column: Ejb3Column{table=org.hibernate.mapping.Table(vdudependency), mappingColumn=id, insertable=true, updatable=true, unique=false}
14:11:14.745 [Test worker] DEBUG o.h.cfg.annotations.PropertyBinder - MetadataSourceProcessor property id with lazy=false
14:11:14.745 [Test worker] DEBUG o.h.cfg.AbstractPropertyHolder - Attempting to locate auto-apply AttributeConverter for property [org.project.neutrino.nfvo.catalogue.mano.descriptor.VDUDependency:id]
14:11:14.745 [Test worker] DEBUG o.h.c.annotations.SimpleValueBinder - building SimpleValue for id
14:11:14.745 [Test worker] DEBUG o.h.cfg.annotations.PropertyBinder - Building property id
14:11:14.745 [Test worker] DEBUG org.hibernate.cfg.Ejb3Column - Binding column: Ejb3JoinColumn{logicalColumnName='null', referencedColumn='null', mappedBy=''}
14:11:14.746 [Test worker] DEBUG org.hibernate.cfg.Ejb3Column - Binding column: Ejb3Column{table=org.hibernate.mapping.Table(vdudependency), mappingColumn=source, insertable=true, updatable=true, unique=false}
14:11:14.746 [Test worker] DEBUG o.h.cfg.annotations.PropertyBinder - Building property source
14:11:14.746 [Test worker] DEBUG org.hibernate.cfg.Ejb3Column - Binding column: Ejb3JoinColumn{logicalColumnName='null', referencedColumn='null', mappedBy=''}
14:11:14.746 [Test worker] DEBUG org.hibernate.cfg.Ejb3Column - Binding column: Ejb3Column{table=org.hibernate.mapping.Table(vdudependency), mappingColumn=target, insertable=true, updatable=true, unique=false}
14:11:14.746 [Test worker] DEBUG o.h.cfg.annotations.PropertyBinder - Building property target
14:11:14.747 [Test worker] DEBUG org.hibernate.cfg.Ejb3Column - Binding column: Ejb3Column{table=org.hibernate.mapping.Table(vdudependency), mappingColumn=version, insertable=true, updatable=true, unique=false}
14:11:14.747 [Test worker] DEBUG o.h.cfg.annotations.PropertyBinder - MetadataSourceProcessor property version with lazy=false
14:11:14.747 [Test worker] DEBUG o.h.cfg.AbstractPropertyHolder - Attempting to locate auto-apply AttributeConverter for property [org.project.neutrino.nfvo.catalogue.mano.descriptor.VDUDependency:version]
14:11:14.747 [Test worker] DEBUG o.h.c.annotations.SimpleValueBinder - building SimpleValue for version
14:11:14.747 [Test worker] DEBUG o.h.cfg.annotations.PropertyBinder - Building property version
14:11:14.748 [Test worker] DEBUG org.hibernate.cfg.AnnotationBinder - Binding entity from annotated class: org.project.neutrino.nfvo.catalogue.mano.common.AutoScalePolicy
14:11:14.748 [Test worker] DEBUG org.hibernate.cfg.Ejb3Column - Binding column: Ejb3DiscriminatorColumn{logicalColumnName'DTYPE', discriminatorTypeName='string'}
14:11:14.748 [Test worker] DEBUG o.h.cfg.annotations.EntityBinder - Import with entity name AutoScalePolicy
14:11:14.748 [Test worker] DEBUG o.h.cfg.annotations.EntityBinder - Bind entity org.project.neutrino.nfvo.catalogue.mano.common.AutoScalePolicy on table auto_scale_policy
14:11:14.749 [Test worker] DEBUG org.hibernate.cfg.Ejb3Column - Binding column: Ejb3Column{table=org.hibernate.mapping.Table(auto_scale_policy), mappingColumn=id, insertable=true, updatable=true, unique=false}
14:11:14.749 [Test worker] DEBUG o.h.cfg.annotations.PropertyBinder - MetadataSourceProcessor property id with lazy=false
14:11:14.749 [Test worker] DEBUG o.h.cfg.AbstractPropertyHolder - Attempting to locate auto-apply AttributeConverter for property [org.project.neutrino.nfvo.catalogue.mano.common.AutoScalePolicy:id]
14:11:14.749 [Test worker] DEBUG o.h.c.annotations.SimpleValueBinder - building SimpleValue for id
14:11:14.749 [Test worker] DEBUG o.h.cfg.annotations.PropertyBinder - Building property id
14:11:14.750 [Test worker] DEBUG org.hibernate.cfg.Ejb3Column - Binding column: Ejb3Column{table=org.hibernate.mapping.Table(auto_scale_policy), mappingColumn=version, insertable=true, updatable=true, unique=false}
14:11:14.750 [Test worker] DEBUG o.h.cfg.annotations.PropertyBinder - MetadataSourceProcessor property version with lazy=false
14:11:14.750 [Test worker] DEBUG o.h.cfg.AbstractPropertyHolder - Attempting to locate auto-apply AttributeConverter for property [org.project.neutrino.nfvo.catalogue.mano.common.AutoScalePolicy:version]
14:11:14.750 [Test worker] DEBUG o.h.c.annotations.SimpleValueBinder - building SimpleValue for version
14:11:14.750 [Test worker] DEBUG o.h.cfg.annotations.PropertyBinder - Building property version
14:11:14.750 [Test worker] DEBUG org.hibernate.cfg.AnnotationBinder - Binding entity from annotated class: org.project.neutrino.nfvo.catalogue.mano.descriptor.VirtualDeploymentUnit
14:11:14.751 [Test worker] DEBUG org.hibernate.cfg.Ejb3Column - Binding column: Ejb3DiscriminatorColumn{logicalColumnName'DTYPE', discriminatorTypeName='string'}
14:11:14.751 [Test worker] DEBUG o.h.cfg.annotations.EntityBinder - Import with entity name VirtualDeploymentUnit
14:11:14.751 [Test worker] DEBUG o.h.cfg.annotations.EntityBinder - Bind entity org.project.neutrino.nfvo.catalogue.mano.descriptor.VirtualDeploymentUnit on table virtual_deployment_unit
14:11:14.754 [Test worker] DEBUG org.hibernate.cfg.Ejb3Column - Binding column: Ejb3Column{table=org.hibernate.mapping.Table(virtual_deployment_unit), mappingColumn=id, insertable=true, updatable=true, unique=false}
14:11:14.754 [Test worker] DEBUG o.h.cfg.annotations.PropertyBinder - MetadataSourceProcessor property id with lazy=false
14:11:14.754 [Test worker] DEBUG o.h.cfg.AbstractPropertyHolder - Attempting to locate auto-apply AttributeConverter for property [org.project.neutrino.nfvo.catalogue.mano.descriptor.VirtualDeploymentUnit:id]
14:11:14.754 [Test worker] DEBUG o.h.c.annotations.SimpleValueBinder - building SimpleValue for id
14:11:14.754 [Test worker] DEBUG o.h.cfg.annotations.PropertyBinder - Building property id
14:11:14.755 [Test worker] DEBUG org.hibernate.cfg.Ejb3Column - Binding column: Ejb3Column{table=org.hibernate.mapping.Table(virtual_deployment_unit), mappingColumn=computation_requirement, insertable=true, updatable=true, unique=false}
14:11:14.755 [Test worker] DEBUG o.h.cfg.annotations.PropertyBinder - MetadataSourceProcessor property computation_requirement with lazy=false
14:11:14.755 [Test worker] DEBUG o.h.cfg.AbstractPropertyHolder - Attempting to locate auto-apply AttributeConverter for property [org.project.neutrino.nfvo.catalogue.mano.descriptor.VirtualDeploymentUnit:computation_requirement]
14:11:14.755 [Test worker] DEBUG o.h.c.annotations.SimpleValueBinder - building SimpleValue for computation_requirement
14:11:14.755 [Test worker] DEBUG o.h.cfg.annotations.PropertyBinder - Building property computation_requirement
14:11:14.755 [Test worker] DEBUG org.hibernate.cfg.Ejb3Column - Binding column: Ejb3Column{table=org.hibernate.mapping.Table(virtual_deployment_unit), mappingColumn=high_availability, insertable=true, updatable=true, unique=false}
14:11:14.755 [Test worker] DEBUG o.h.cfg.annotations.PropertyBinder - MetadataSourceProcessor property high_availability with lazy=false
14:11:14.756 [Test worker] DEBUG o.h.cfg.AbstractPropertyHolder - Attempting to locate auto-apply AttributeConverter for property [org.project.neutrino.nfvo.catalogue.mano.descriptor.VirtualDeploymentUnit:high_availability]
14:11:14.756 [Test worker] DEBUG o.h.c.annotations.SimpleValueBinder - building SimpleValue for high_availability
14:11:14.756 [Test worker] DEBUG o.h.cfg.annotations.PropertyBinder - Building property high_availability
14:11:14.756 [Test worker] DEBUG org.hibernate.cfg.Ejb3Column - Binding column: Ejb3JoinColumn{logicalColumnName='null', referencedColumn='null', mappedBy=''}
14:11:14.756 [Test worker] DEBUG org.hibernate.cfg.Ejb3Column - Binding column: Ejb3Column{table=org.hibernate.mapping.Table(virtual_deployment_unit), mappingColumn=lifecycle_event, insertable=true, updatable=true, unique=false}
14:11:14.756 [Test worker] DEBUG org.hibernate.cfg.Ejb3Column - Binding column: Ejb3Column{table=org.hibernate.mapping.Table(virtual_deployment_unit), mappingColumn=null, insertable=true, updatable=true, unique=false}
14:11:14.757 [Test worker] DEBUG org.hibernate.cfg.Ejb3Column - Binding column: Ejb3Column{table=org.hibernate.mapping.Table(virtual_deployment_unit), mappingColumn=element, insertable=true, updatable=true, unique=false}
14:11:14.757 [Test worker] DEBUG org.hibernate.cfg.Ejb3Column - Binding column: Ejb3Column{table=org.hibernate.mapping.Table(virtual_deployment_unit), mappingColumn=lifecycle_event_key, insertable=true, updatable=true, unique=false}
14:11:14.757 [Test worker] DEBUG org.hibernate.cfg.Ejb3Column - Binding column: Ejb3JoinColumn{logicalColumnName='lifecycle_event_KEY', referencedColumn='null', mappedBy='null'}
14:11:14.757 [Test worker] DEBUG org.hibernate.cfg.Ejb3Column - Binding column: Ejb3JoinColumn{logicalColumnName='null', referencedColumn='null', mappedBy=''}
14:11:14.757 [Test worker] DEBUG org.hibernate.cfg.Ejb3Column - Binding column: Ejb3JoinColumn{logicalColumnName='null', referencedColumn='null', mappedBy=''}
14:11:14.757 [Test worker] DEBUG o.h.cfg.annotations.CollectionBinder - Collection role: org.project.neutrino.nfvo.catalogue.mano.descriptor.VirtualDeploymentUnit.lifecycle_event
14:11:14.757 [Test worker] DEBUG o.h.cfg.annotations.PropertyBinder - Building property lifecycle_event
14:11:14.757 [Test worker] DEBUG org.hibernate.cfg.Ejb3Column - Binding column: Ejb3JoinColumn{logicalColumnName='null', referencedColumn='null', mappedBy=''}
14:11:14.758 [Test worker] DEBUG org.hibernate.cfg.Ejb3Column - Binding column: Ejb3Column{table=org.hibernate.mapping.Table(virtual_deployment_unit), mappingColumn=monitoring_parameter, insertable=true, updatable=true, unique=false}
14:11:14.758 [Test worker] DEBUG org.hibernate.cfg.Ejb3Column - Binding column: Ejb3Column{table=org.hibernate.mapping.Table(virtual_deployment_unit), mappingColumn=null, insertable=true, updatable=true, unique=false}
14:11:14.758 [Test worker] DEBUG org.hibernate.cfg.Ejb3Column - Binding column: Ejb3Column{table=org.hibernate.mapping.Table(virtual_deployment_unit), mappingColumn=monitoring_parameter, insertable=true, updatable=true, unique=false}
14:11:14.758 [Test worker] DEBUG org.hibernate.cfg.Ejb3Column - Binding column: Ejb3Column{table=org.hibernate.mapping.Table(virtual_deployment_unit), mappingColumn=monitoring_parameter_key, insertable=true, updatable=true, unique=false}
14:11:14.758 [Test worker] DEBUG org.hibernate.cfg.Ejb3Column - Binding column: Ejb3JoinColumn{logicalColumnName='monitoring_parameter_KEY', referencedColumn='null', mappedBy='null'}
14:11:14.758 [Test worker] DEBUG org.hibernate.cfg.Ejb3Column - Binding column: Ejb3JoinColumn{logicalColumnName='null', referencedColumn='null', mappedBy=''}
14:11:14.759 [Test worker] DEBUG org.hibernate.cfg.Ejb3Column - Binding column: Ejb3JoinColumn{logicalColumnName='null', referencedColumn='null', mappedBy=''}
14:11:14.759 [Test worker] DEBUG o.h.cfg.annotations.CollectionBinder - Collection role: org.project.neutrino.nfvo.catalogue.mano.descriptor.VirtualDeploymentUnit.monitoring_parameter
14:11:14.759 [Test worker] DEBUG o.h.cfg.annotations.PropertyBinder - Building property monitoring_parameter
14:11:14.759 [Test worker] DEBUG org.hibernate.cfg.Ejb3Column - Binding column: Ejb3Column{table=org.hibernate.mapping.Table(virtual_deployment_unit), mappingColumn=scale_in_out, insertable=true, updatable=true, unique=false}
14:11:14.759 [Test worker] DEBUG o.h.cfg.annotations.PropertyBinder - MetadataSourceProcessor property scale_in_out with lazy=false
14:11:14.759 [Test worker] DEBUG o.h.cfg.AbstractPropertyHolder - Attempting to locate auto-apply AttributeConverter for property [org.project.neutrino.nfvo.catalogue.mano.descriptor.VirtualDeploymentUnit:scale_in_out]
14:11:14.759 [Test worker] DEBUG o.h.c.annotations.SimpleValueBinder - building SimpleValue for scale_in_out
14:11:14.760 [Test worker] DEBUG o.h.cfg.annotations.PropertyBinder - Building property scale_in_out
14:11:14.760 [Test worker] DEBUG org.hibernate.cfg.Ejb3Column - Binding column: Ejb3Column{table=org.hibernate.mapping.Table(virtual_deployment_unit), mappingColumn=vdu_constraint, insertable=true, updatable=true, unique=false}
14:11:14.760 [Test worker] DEBUG o.h.cfg.annotations.PropertyBinder - MetadataSourceProcessor property vdu_constraint with lazy=false
14:11:14.760 [Test worker] DEBUG o.h.cfg.AbstractPropertyHolder - Attempting to locate auto-apply AttributeConverter for property [org.project.neutrino.nfvo.catalogue.mano.descriptor.VirtualDeploymentUnit:vdu_constraint]
14:11:14.760 [Test worker] DEBUG o.h.c.annotations.SimpleValueBinder - building SimpleValue for vdu_constraint
14:11:14.760 [Test worker] DEBUG o.h.cfg.annotations.PropertyBinder - Building property vdu_constraint
14:11:14.760 [Test worker] DEBUG org.hibernate.cfg.Ejb3Column - Binding column: Ejb3Column{table=org.hibernate.mapping.Table(virtual_deployment_unit), mappingColumn=version, insertable=true, updatable=true, unique=false}
14:11:14.761 [Test worker] DEBUG o.h.cfg.annotations.PropertyBinder - MetadataSourceProcessor property version with lazy=false
14:11:14.761 [Test worker] DEBUG o.h.cfg.AbstractPropertyHolder - Attempting to locate auto-apply AttributeConverter for property [org.project.neutrino.nfvo.catalogue.mano.descriptor.VirtualDeploymentUnit:version]
14:11:14.761 [Test worker] DEBUG o.h.c.annotations.SimpleValueBinder - building SimpleValue for version
14:11:14.761 [Test worker] DEBUG o.h.cfg.annotations.PropertyBinder - Building property version
14:11:14.761 [Test worker] DEBUG org.hibernate.cfg.Ejb3Column - Binding column: Ejb3Column{table=org.hibernate.mapping.Table(virtual_deployment_unit), mappingColumn=virtual_memory_resource_element, insertable=true, updatable=true, unique=false}
14:11:14.762 [Test worker] DEBUG o.h.cfg.annotations.PropertyBinder - MetadataSourceProcessor property virtual_memory_resource_element with lazy=false
14:11:14.762 [Test worker] DEBUG o.h.cfg.AbstractPropertyHolder - Attempting to locate auto-apply AttributeConverter for property [org.project.neutrino.nfvo.catalogue.mano.descriptor.VirtualDeploymentUnit:virtual_memory_resource_element]
14:11:14.762 [Test worker] DEBUG o.h.c.annotations.SimpleValueBinder - building SimpleValue for virtual_memory_resource_element
14:11:14.762 [Test worker] DEBUG o.h.cfg.annotations.PropertyBinder - Building property virtual_memory_resource_element
14:11:14.762 [Test worker] DEBUG org.hibernate.cfg.Ejb3Column - Binding column: Ejb3Column{table=org.hibernate.mapping.Table(virtual_deployment_unit), mappingColumn=virtual_network_bandwidth_resource, insertable=true, updatable=true, unique=false}
14:11:14.763 [Test worker] DEBUG o.h.cfg.annotations.PropertyBinder - MetadataSourceProcessor property virtual_network_bandwidth_resource with lazy=false
14:11:14.763 [Test worker] DEBUG o.h.cfg.AbstractPropertyHolder - Attempting to locate auto-apply AttributeConverter for property [org.project.neutrino.nfvo.catalogue.mano.descriptor.VirtualDeploymentUnit:virtual_network_bandwidth_resource]
14:11:14.763 [Test worker] DEBUG o.h.c.annotations.SimpleValueBinder - building SimpleValue for virtual_network_bandwidth_resource
14:11:14.763 [Test worker] DEBUG o.h.cfg.annotations.PropertyBinder - Building property virtual_network_bandwidth_resource
14:11:14.763 [Test worker] DEBUG org.hibernate.cfg.Ejb3Column - Binding column: Ejb3JoinColumn{logicalColumnName='null', referencedColumn='null', mappedBy=''}
14:11:14.763 [Test worker] DEBUG org.hibernate.cfg.Ejb3Column - Binding column: Ejb3Column{table=org.hibernate.mapping.Table(virtual_deployment_unit), mappingColumn=vm_image, insertable=true, updatable=true, unique=false}
14:11:14.764 [Test worker] DEBUG org.hibernate.cfg.Ejb3Column - Binding column: Ejb3Column{table=org.hibernate.mapping.Table(virtual_deployment_unit), mappingColumn=null, insertable=true, updatable=true, unique=false}
14:11:14.764 [Test worker] DEBUG org.hibernate.cfg.Ejb3Column - Binding column: Ejb3Column{table=org.hibernate.mapping.Table(virtual_deployment_unit), mappingColumn=vm_image, insertable=true, updatable=true, unique=false}
14:11:14.764 [Test worker] DEBUG org.hibernate.cfg.Ejb3Column - Binding column: Ejb3Column{table=org.hibernate.mapping.Table(virtual_deployment_unit), mappingColumn=vm_image_key, insertable=true, updatable=true, unique=false}
14:11:14.764 [Test worker] DEBUG org.hibernate.cfg.Ejb3Column - Binding column: Ejb3JoinColumn{logicalColumnName='vm_image_KEY', referencedColumn='null', mappedBy='null'}
14:11:14.765 [Test worker] DEBUG org.hibernate.cfg.Ejb3Column - Binding column: Ejb3JoinColumn{logicalColumnName='null', referencedColumn='null', mappedBy=''}
14:11:14.765 [Test worker] DEBUG org.hibernate.cfg.Ejb3Column - Binding column: Ejb3JoinColumn{logicalColumnName='null', referencedColumn='null', mappedBy=''}
14:11:14.765 [Test worker] DEBUG o.h.cfg.annotations.CollectionBinder - Collection role: org.project.neutrino.nfvo.catalogue.mano.descriptor.VirtualDeploymentUnit.vm_image
14:11:14.765 [Test worker] DEBUG o.h.cfg.annotations.PropertyBinder - Building property vm_image
14:11:14.765 [Test worker] DEBUG org.hibernate.cfg.Ejb3Column - Binding column: Ejb3JoinColumn{logicalColumnName='null', referencedColumn='null', mappedBy=''}
14:11:14.765 [Test worker] DEBUG org.hibernate.cfg.Ejb3Column - Binding column: Ejb3Column{table=org.hibernate.mapping.Table(virtual_deployment_unit), mappingColumn=vnfc, insertable=true, updatable=true, unique=false}
14:11:14.766 [Test worker] DEBUG org.hibernate.cfg.Ejb3Column - Binding column: Ejb3Column{table=org.hibernate.mapping.Table(virtual_deployment_unit), mappingColumn=null, insertable=true, updatable=true, unique=false}
14:11:14.766 [Test worker] DEBUG org.hibernate.cfg.Ejb3Column - Binding column: Ejb3Column{table=org.hibernate.mapping.Table(virtual_deployment_unit), mappingColumn=element, insertable=true, updatable=true, unique=false}
14:11:14.766 [Test worker] DEBUG org.hibernate.cfg.Ejb3Column - Binding column: Ejb3Column{table=org.hibernate.mapping.Table(virtual_deployment_unit), mappingColumn=vnfc_key, insertable=true, updatable=true, unique=false}
14:11:14.766 [Test worker] DEBUG org.hibernate.cfg.Ejb3Column - Binding column: Ejb3JoinColumn{logicalColumnName='vnfc_KEY', referencedColumn='null', mappedBy='null'}
14:11:14.766 [Test worker] DEBUG org.hibernate.cfg.Ejb3Column - Binding column: Ejb3JoinColumn{logicalColumnName='null', referencedColumn='null', mappedBy=''}
14:11:14.766 [Test worker] DEBUG org.hibernate.cfg.Ejb3Column - Binding column: Ejb3JoinColumn{logicalColumnName='null', referencedColumn='null', mappedBy=''}
14:11:14.766 [Test worker] DEBUG o.h.cfg.annotations.CollectionBinder - Collection role: org.project.neutrino.nfvo.catalogue.mano.descriptor.VirtualDeploymentUnit.vnfc
14:11:14.767 [Test worker] DEBUG o.h.cfg.annotations.PropertyBinder - Building property vnfc
14:11:14.767 [Test worker] DEBUG org.hibernate.cfg.AnnotationBinder - Binding entity from annotated class: org.project.neutrino.nfvo.catalogue.mano.common.CostituentVNF
14:11:14.767 [Test worker] DEBUG org.hibernate.cfg.Ejb3Column - Binding column: Ejb3DiscriminatorColumn{logicalColumnName'DTYPE', discriminatorTypeName='string'}
14:11:14.767 [Test worker] DEBUG o.h.cfg.annotations.EntityBinder - Import with entity name CostituentVNF
14:11:14.767 [Test worker] DEBUG o.h.cfg.annotations.EntityBinder - Bind entity org.project.neutrino.nfvo.catalogue.mano.common.CostituentVNF on table costituentvnf
14:11:14.768 [Test worker] DEBUG org.hibernate.cfg.Ejb3Column - Binding column: Ejb3Column{table=org.hibernate.mapping.Table(costituentvnf), mappingColumn=id, insertable=true, updatable=true, unique=false}
14:11:14.769 [Test worker] DEBUG o.h.cfg.annotations.PropertyBinder - MetadataSourceProcessor property id with lazy=false
14:11:14.769 [Test worker] DEBUG o.h.cfg.AbstractPropertyHolder - Attempting to locate auto-apply AttributeConverter for property [org.project.neutrino.nfvo.catalogue.mano.common.CostituentVNF:id]
14:11:14.769 [Test worker] DEBUG o.h.c.annotations.SimpleValueBinder - building SimpleValue for id
14:11:14.769 [Test worker] DEBUG o.h.cfg.annotations.PropertyBinder - Building property id
14:11:14.769 [Test worker] DEBUG org.hibernate.cfg.Ejb3Column - Binding column: Ejb3Column{table=org.hibernate.mapping.Table(costituentvnf), mappingColumn=affinity, insertable=true, updatable=true, unique=false}
14:11:14.769 [Test worker] DEBUG o.h.cfg.annotations.PropertyBinder - MetadataSourceProcessor property affinity with lazy=false
14:11:14.770 [Test worker] DEBUG o.h.cfg.AbstractPropertyHolder - Attempting to locate auto-apply AttributeConverter for property [org.project.neutrino.nfvo.catalogue.mano.common.CostituentVNF:affinity]
14:11:14.770 [Test worker] DEBUG o.h.c.annotations.SimpleValueBinder - building SimpleValue for affinity
14:11:14.770 [Test worker] DEBUG o.h.cfg.annotations.PropertyBinder - Building property affinity
14:11:14.770 [Test worker] DEBUG org.hibernate.cfg.Ejb3Column - Binding column: Ejb3Column{table=org.hibernate.mapping.Table(costituentvnf), mappingColumn=capability, insertable=true, updatable=true, unique=false}
14:11:14.770 [Test worker] DEBUG o.h.cfg.annotations.PropertyBinder - MetadataSourceProcessor property capability with lazy=false
14:11:14.770 [Test worker] DEBUG o.h.cfg.AbstractPropertyHolder - Attempting to locate auto-apply AttributeConverter for property [org.project.neutrino.nfvo.catalogue.mano.common.CostituentVNF:capability]
14:11:14.770 [Test worker] DEBUG o.h.c.annotations.SimpleValueBinder - building SimpleValue for capability
14:11:14.771 [Test worker] DEBUG o.h.cfg.annotations.PropertyBinder - Building property capability
14:11:14.771 [Test worker] DEBUG org.hibernate.cfg.Ejb3Column - Binding column: Ejb3Column{table=org.hibernate.mapping.Table(costituentvnf), mappingColumn=number_of_instances, insertable=true, updatable=true, unique=false}
14:11:14.771 [Test worker] DEBUG o.h.cfg.annotations.PropertyBinder - MetadataSourceProcessor property number_of_instances with lazy=false
14:11:14.771 [Test worker] DEBUG o.h.cfg.AbstractPropertyHolder - Attempting to locate auto-apply AttributeConverter for property [org.project.neutrino.nfvo.catalogue.mano.common.CostituentVNF:number_of_instances]
14:11:14.771 [Test worker] DEBUG o.h.c.annotations.SimpleValueBinder - building SimpleValue for number_of_instances
14:11:14.771 [Test worker] DEBUG o.h.cfg.annotations.PropertyBinder - Building property number_of_instances
14:11:14.771 [Test worker] DEBUG org.hibernate.cfg.Ejb3Column - Binding column: Ejb3Column{table=org.hibernate.mapping.Table(costituentvnf), mappingColumn=redundancy_model, insertable=true, updatable=true, unique=false}
14:11:14.772 [Test worker] DEBUG o.h.cfg.annotations.PropertyBinder - MetadataSourceProcessor property redundancy_model with lazy=false
14:11:14.772 [Test worker] DEBUG o.h.cfg.AbstractPropertyHolder - Attempting to locate auto-apply AttributeConverter for property [org.project.neutrino.nfvo.catalogue.mano.common.CostituentVNF:redundancy_model]
14:11:14.772 [Test worker] DEBUG o.h.c.annotations.SimpleValueBinder - building SimpleValue for redundancy_model
14:11:14.772 [Test worker] DEBUG o.h.cfg.annotations.PropertyBinder - Building property redundancy_model
14:11:14.772 [Test worker] DEBUG org.hibernate.cfg.Ejb3Column - Binding column: Ejb3Column{table=org.hibernate.mapping.Table(costituentvnf), mappingColumn=version, insertable=true, updatable=true, unique=false}
14:11:14.772 [Test worker] DEBUG o.h.cfg.annotations.PropertyBinder - MetadataSourceProcessor property version with lazy=false
14:11:14.772 [Test worker] DEBUG o.h.cfg.AbstractPropertyHolder - Attempting to locate auto-apply AttributeConverter for property [org.project.neutrino.nfvo.catalogue.mano.common.CostituentVNF:version]
14:11:14.772 [Test worker] DEBUG o.h.c.annotations.SimpleValueBinder - building SimpleValue for version
14:11:14.773 [Test worker] DEBUG o.h.cfg.annotations.PropertyBinder - Building property version
14:11:14.773 [Test worker] DEBUG org.hibernate.cfg.Ejb3Column - Binding column: Ejb3Column{table=org.hibernate.mapping.Table(costituentvnf), mappingColumn=vnf_flavour_id_reference, insertable=true, updatable=true, unique=false}
14:11:14.773 [Test worker] DEBUG o.h.cfg.annotations.PropertyBinder - MetadataSourceProcessor property vnf_flavour_id_reference with lazy=false
14:11:14.773 [Test worker] DEBUG o.h.cfg.AbstractPropertyHolder - Attempting to locate auto-apply AttributeConverter for property [org.project.neutrino.nfvo.catalogue.mano.common.CostituentVNF:vnf_flavour_id_reference]
14:11:14.773 [Test worker] DEBUG o.h.c.annotations.SimpleValueBinder - building SimpleValue for vnf_flavour_id_reference
14:11:14.773 [Test worker] DEBUG o.h.cfg.annotations.PropertyBinder - Building property vnf_flavour_id_reference
14:11:14.774 [Test worker] DEBUG org.hibernate.cfg.Ejb3Column - Binding column: Ejb3Column{table=org.hibernate.mapping.Table(costituentvnf), mappingColumn=vnf_reference, insertable=true, updatable=true, unique=false}
14:11:14.774 [Test worker] DEBUG o.h.cfg.annotations.PropertyBinder - MetadataSourceProcessor property vnf_reference with lazy=false
14:11:14.775 [Test worker] DEBUG o.h.cfg.AbstractPropertyHolder - Attempting to locate auto-apply AttributeConverter for property [org.project.neutrino.nfvo.catalogue.mano.common.CostituentVNF:vnf_reference]
14:11:14.775 [Test worker] DEBUG o.h.c.annotations.SimpleValueBinder - building SimpleValue for vnf_reference
14:11:14.775 [Test worker] DEBUG o.h.cfg.annotations.PropertyBinder - Building property vnf_reference
14:11:14.775 [Test worker] DEBUG org.hibernate.cfg.AnnotationBinder - Binding entity from annotated class: org.project.neutrino.nfvo.catalogue.mano.common.CostituentVDU
14:11:14.776 [Test worker] DEBUG org.hibernate.cfg.Ejb3Column - Binding column: Ejb3DiscriminatorColumn{logicalColumnName'DTYPE', discriminatorTypeName='string'}
14:11:14.776 [Test worker] DEBUG o.h.cfg.annotations.EntityBinder - Import with entity name CostituentVDU
14:11:14.776 [Test worker] DEBUG o.h.cfg.annotations.EntityBinder - Bind entity org.project.neutrino.nfvo.catalogue.mano.common.CostituentVDU on table costituentvdu
14:11:14.777 [Test worker] DEBUG org.hibernate.cfg.Ejb3Column - Binding column: Ejb3Column{table=org.hibernate.mapping.Table(costituentvdu), mappingColumn=id, insertable=true, updatable=true, unique=false}
14:11:14.777 [Test worker] DEBUG o.h.cfg.annotations.PropertyBinder - MetadataSourceProcessor property id with lazy=false
14:11:14.777 [Test worker] DEBUG o.h.cfg.AbstractPropertyHolder - Attempting to locate auto-apply AttributeConverter for property [org.project.neutrino.nfvo.catalogue.mano.common.CostituentVDU:id]
14:11:14.777 [Test worker] DEBUG o.h.c.annotations.SimpleValueBinder - building SimpleValue for id
14:11:14.778 [Test worker] DEBUG o.h.cfg.annotations.PropertyBinder - Building property id
14:11:14.778 [Test worker] DEBUG org.hibernate.cfg.Ejb3Column - Binding column: Ejb3Column{table=org.hibernate.mapping.Table(costituentvdu), mappingColumn=constituent_vnfc, insertable=true, updatable=true, unique=false}
14:11:14.778 [Test worker] DEBUG o.h.cfg.annotations.PropertyBinder - MetadataSourceProcessor property constituent_vnfc with lazy=false
14:11:14.778 [Test worker] DEBUG o.h.cfg.AbstractPropertyHolder - Attempting to locate auto-apply AttributeConverter for property [org.project.neutrino.nfvo.catalogue.mano.common.CostituentVDU:constituent_vnfc]
14:11:14.778 [Test worker] DEBUG o.h.c.annotations.SimpleValueBinder - building SimpleValue for constituent_vnfc
14:11:14.778 [Test worker] DEBUG o.h.cfg.annotations.PropertyBinder - Building property constituent_vnfc
14:11:14.778 [Test worker] DEBUG org.hibernate.cfg.Ejb3Column - Binding column: Ejb3Column{table=org.hibernate.mapping.Table(costituentvdu), mappingColumn=number_of_instances, insertable=true, updatable=true, unique=false}
14:11:14.778 [Test worker] DEBUG o.h.cfg.annotations.PropertyBinder - MetadataSourceProcessor property number_of_instances with lazy=false
14:11:14.778 [Test worker] DEBUG o.h.cfg.AbstractPropertyHolder - Attempting to locate auto-apply AttributeConverter for property [org.project.neutrino.nfvo.catalogue.mano.common.CostituentVDU:number_of_instances]
14:11:14.778 [Test worker] DEBUG o.h.c.annotations.SimpleValueBinder - building SimpleValue for number_of_instances
14:11:14.778 [Test worker] DEBUG o.h.cfg.annotations.PropertyBinder - Building property number_of_instances
14:11:14.778 [Test worker] DEBUG org.hibernate.cfg.Ejb3Column - Binding column: Ejb3Column{table=org.hibernate.mapping.Table(costituentvdu), mappingColumn=vdu_reference, insertable=true, updatable=true, unique=false}
14:11:14.779 [Test worker] DEBUG o.h.cfg.annotations.PropertyBinder - MetadataSourceProcessor property vdu_reference with lazy=false
14:11:14.779 [Test worker] DEBUG o.h.cfg.AbstractPropertyHolder - Attempting to locate auto-apply AttributeConverter for property [org.project.neutrino.nfvo.catalogue.mano.common.CostituentVDU:vdu_reference]
14:11:14.779 [Test worker] DEBUG o.h.c.annotations.SimpleValueBinder - building SimpleValue for vdu_reference
14:11:14.779 [Test worker] DEBUG o.h.cfg.annotations.PropertyBinder - Building property vdu_reference
14:11:14.779 [Test worker] DEBUG org.hibernate.cfg.Ejb3Column - Binding column: Ejb3Column{table=org.hibernate.mapping.Table(costituentvdu), mappingColumn=version, insertable=true, updatable=true, unique=false}
14:11:14.779 [Test worker] DEBUG o.h.cfg.annotations.PropertyBinder - MetadataSourceProcessor property version with lazy=false
14:11:14.779 [Test worker] DEBUG o.h.cfg.AbstractPropertyHolder - Attempting to locate auto-apply AttributeConverter for property [org.project.neutrino.nfvo.catalogue.mano.common.CostituentVDU:version]
14:11:14.779 [Test worker] DEBUG o.h.c.annotations.SimpleValueBinder - building SimpleValue for version
14:11:14.779 [Test worker] DEBUG o.h.cfg.annotations.PropertyBinder - Building property version
14:11:14.779 [Test worker] DEBUG org.hibernate.cfg.AnnotationBinder - Binding entity from annotated class: org.project.neutrino.nfvo.catalogue.mano.record.VirtualLinkRecord
14:11:14.779 [Test worker] DEBUG org.hibernate.cfg.Ejb3Column - Binding column: Ejb3DiscriminatorColumn{logicalColumnName'DTYPE', discriminatorTypeName='string'}
14:11:14.779 [Test worker] DEBUG o.h.cfg.annotations.EntityBinder - Import with entity name VirtualLinkRecord
14:11:14.779 [Test worker] DEBUG o.h.cfg.annotations.EntityBinder - Bind entity org.project.neutrino.nfvo.catalogue.mano.record.VirtualLinkRecord on table virtual_link_record
14:11:14.784 [Test worker] DEBUG org.hibernate.cfg.Ejb3Column - Binding column: Ejb3Column{table=org.hibernate.mapping.Table(virtual_link_record), mappingColumn=id, insertable=true, updatable=true, unique=false}
14:11:14.784 [Test worker] DEBUG o.h.cfg.annotations.PropertyBinder - MetadataSourceProcessor property id with lazy=false
14:11:14.784 [Test worker] DEBUG o.h.cfg.AbstractPropertyHolder - Attempting to locate auto-apply AttributeConverter for property [org.project.neutrino.nfvo.catalogue.mano.record.VirtualLinkRecord:id]
14:11:14.784 [Test worker] DEBUG o.h.c.annotations.SimpleValueBinder - building SimpleValue for id
14:11:14.784 [Test worker] DEBUG o.h.cfg.annotations.PropertyBinder - Building property id
14:11:14.785 [Test worker] DEBUG org.hibernate.cfg.Ejb3Column - Binding column: Ejb3JoinColumn{logicalColumnName='null', referencedColumn='null', mappedBy=''}
14:11:14.785 [Test worker] DEBUG org.hibernate.cfg.Ejb3Column - Binding column: Ejb3Column{table=org.hibernate.mapping.Table(virtual_link_record), mappingColumn=allocated_capacity, insertable=true, updatable=true, unique=false}
14:11:14.785 [Test worker] DEBUG org.hibernate.cfg.Ejb3Column - Binding column: Ejb3Column{table=org.hibernate.mapping.Table(virtual_link_record), mappingColumn=null, insertable=true, updatable=true, unique=false}
14:11:14.785 [Test worker] DEBUG org.hibernate.cfg.Ejb3Column - Binding column: Ejb3Column{table=org.hibernate.mapping.Table(virtual_link_record), mappingColumn=allocated_capacity, insertable=true, updatable=true, unique=false}
14:11:14.785 [Test worker] DEBUG org.hibernate.cfg.Ejb3Column - Binding column: Ejb3Column{table=org.hibernate.mapping.Table(virtual_link_record), mappingColumn=allocated_capacity_key, insertable=true, updatable=true, unique=false}
14:11:14.786 [Test worker] DEBUG org.hibernate.cfg.Ejb3Column - Binding column: Ejb3JoinColumn{logicalColumnName='allocated_capacity_KEY', referencedColumn='null', mappedBy='null'}
14:11:14.786 [Test worker] DEBUG org.hibernate.cfg.Ejb3Column - Binding column: Ejb3JoinColumn{logicalColumnName='null', referencedColumn='null', mappedBy=''}
14:11:14.786 [Test worker] DEBUG org.hibernate.cfg.Ejb3Column - Binding column: Ejb3JoinColumn{logicalColumnName='null', referencedColumn='null', mappedBy=''}
14:11:14.786 [Test worker] DEBUG o.h.cfg.annotations.CollectionBinder - Collection role: org.project.neutrino.nfvo.catalogue.mano.record.VirtualLinkRecord.allocated_capacity
14:11:14.786 [Test worker] DEBUG o.h.cfg.annotations.PropertyBinder - Building property allocated_capacity
14:11:14.786 [Test worker] DEBUG org.hibernate.cfg.Ejb3Column - Binding column: Ejb3JoinColumn{logicalColumnName='null', referencedColumn='null', mappedBy=''}
14:11:14.787 [Test worker] DEBUG org.hibernate.cfg.Ejb3Column - Binding column: Ejb3Column{table=org.hibernate.mapping.Table(virtual_link_record), mappingColumn=audit_log, insertable=true, updatable=true, unique=false}
14:11:14.787 [Test worker] DEBUG org.hibernate.cfg.Ejb3Column - Binding column: Ejb3Column{table=org.hibernate.mapping.Table(virtual_link_record), mappingColumn=null, insertable=true, updatable=true, unique=false}
14:11:14.787 [Test worker] DEBUG org.hibernate.cfg.Ejb3Column - Binding column: Ejb3Column{table=org.hibernate.mapping.Table(virtual_link_record), mappingColumn=audit_log, insertable=true, updatable=true, unique=false}
14:11:14.787 [Test worker] DEBUG org.hibernate.cfg.Ejb3Column - Binding column: Ejb3Column{table=org.hibernate.mapping.Table(virtual_link_record), mappingColumn=audit_log_key, insertable=true, updatable=true, unique=false}
14:11:14.787 [Test worker] DEBUG org.hibernate.cfg.Ejb3Column - Binding column: Ejb3JoinColumn{logicalColumnName='audit_log_KEY', referencedColumn='null', mappedBy='null'}
14:11:14.787 [Test worker] DEBUG org.hibernate.cfg.Ejb3Column - Binding column: Ejb3JoinColumn{logicalColumnName='null', referencedColumn='null', mappedBy=''}
14:11:14.788 [Test worker] DEBUG org.hibernate.cfg.Ejb3Column - Binding column: Ejb3JoinColumn{logicalColumnName='null', referencedColumn='null', mappedBy=''}
14:11:14.788 [Test worker] DEBUG o.h.cfg.annotations.CollectionBinder - Collection role: org.project.neutrino.nfvo.catalogue.mano.record.VirtualLinkRecord.audit_log
14:11:14.788 [Test worker] DEBUG o.h.cfg.annotations.PropertyBinder - Building property audit_log
14:11:14.788 [Test worker] DEBUG org.hibernate.cfg.Ejb3Column - Binding column: Ejb3JoinColumn{logicalColumnName='null', referencedColumn='null', mappedBy=''}
14:11:14.788 [Test worker] DEBUG org.hibernate.cfg.Ejb3Column - Binding column: Ejb3Column{table=org.hibernate.mapping.Table(virtual_link_record), mappingColumn=connection, insertable=true, updatable=true, unique=false}
14:11:14.788 [Test worker] DEBUG org.hibernate.cfg.Ejb3Column - Binding column: Ejb3Column{table=org.hibernate.mapping.Table(virtual_link_record), mappingColumn=null, insertable=true, updatable=true, unique=false}
14:11:14.788 [Test worker] DEBUG org.hibernate.cfg.Ejb3Column - Binding column: Ejb3Column{table=org.hibernate.mapping.Table(virtual_link_record), mappingColumn=connection, insertable=true, updatable=true, unique=false}
14:11:14.789 [Test worker] DEBUG org.hibernate.cfg.Ejb3Column - Binding column: Ejb3Column{table=org.hibernate.mapping.Table(virtual_link_record), mappingColumn=connection_key, insertable=true, updatable=true, unique=false}
14:11:14.789 [Test worker] DEBUG org.hibernate.cfg.Ejb3Column - Binding column: Ejb3JoinColumn{logicalColumnName='connection_KEY', referencedColumn='null', mappedBy='null'}
14:11:14.789 [Test worker] DEBUG org.hibernate.cfg.Ejb3Column - Binding column: Ejb3JoinColumn{logicalColumnName='null', referencedColumn='null', mappedBy=''}
14:11:14.789 [Test worker] DEBUG org.hibernate.cfg.Ejb3Column - Binding column: Ejb3JoinColumn{logicalColumnName='null', referencedColumn='null', mappedBy=''}
14:11:14.789 [Test worker] DEBUG o.h.cfg.annotations.CollectionBinder - Collection role: org.project.neutrino.nfvo.catalogue.mano.record.VirtualLinkRecord.connection
14:11:14.789 [Test worker] DEBUG o.h.cfg.annotations.PropertyBinder - Building property connection
14:11:14.790 [Test worker] DEBUG org.hibernate.cfg.Ejb3Column - Binding column: Ejb3Column{table=org.hibernate.mapping.Table(virtual_link_record), mappingColumn=connectivity_type, insertable=true, updatable=true, unique=false}
14:11:14.791 [Test worker] DEBUG o.h.cfg.annotations.PropertyBinder - MetadataSourceProcessor property connectivity_type with lazy=false
14:11:14.791 [Test worker] DEBUG o.h.cfg.AbstractPropertyHolder - Attempting to locate auto-apply AttributeConverter for property [org.project.neutrino.nfvo.catalogue.mano.record.VirtualLinkRecord:connectivity_type]
14:11:14.791 [Test worker] DEBUG o.h.c.annotations.SimpleValueBinder - building SimpleValue for connectivity_type
14:11:14.791 [Test worker] DEBUG o.h.cfg.annotations.PropertyBinder - Building property connectivity_type
14:11:14.791 [Test worker] DEBUG org.hibernate.cfg.Ejb3Column - Binding column: Ejb3Column{table=org.hibernate.mapping.Table(virtual_link_record), mappingColumn=descriptor_reference, insertable=true, updatable=true, unique=false}
14:11:14.792 [Test worker] DEBUG o.h.cfg.annotations.PropertyBinder - MetadataSourceProcessor property descriptor_reference with lazy=false
14:11:14.792 [Test worker] DEBUG o.h.cfg.AbstractPropertyHolder - Attempting to locate auto-apply AttributeConverter for property [org.project.neutrino.nfvo.catalogue.mano.record.VirtualLinkRecord:descriptor_reference]
14:11:14.792 [Test worker] DEBUG o.h.c.annotations.SimpleValueBinder - building SimpleValue for descriptor_reference
14:11:14.792 [Test worker] DEBUG o.h.cfg.annotations.PropertyBinder - Building property descriptor_reference
14:11:14.792 [Test worker] DEBUG org.hibernate.cfg.Ejb3Column - Binding column: Ejb3Column{table=org.hibernate.mapping.Table(virtual_link_record), mappingColumn=leaf_requirement, insertable=true, updatable=true, unique=false}
14:11:14.792 [Test worker] DEBUG o.h.cfg.annotations.PropertyBinder - MetadataSourceProcessor property leaf_requirement with lazy=false
14:11:14.792 [Test worker] DEBUG o.h.cfg.AbstractPropertyHolder - Attempting to locate auto-apply AttributeConverter for property [org.project.neutrino.nfvo.catalogue.mano.record.VirtualLinkRecord:leaf_requirement]
14:11:14.793 [Test worker] DEBUG o.h.c.annotations.SimpleValueBinder - building SimpleValue for leaf_requirement
14:11:14.793 [Test worker] DEBUG o.h.cfg.annotations.PropertyBinder - Building property leaf_requirement
14:11:14.793 [Test worker] DEBUG org.hibernate.cfg.Ejb3Column - Binding column: Ejb3JoinColumn{logicalColumnName='null', referencedColumn='null', mappedBy=''}
14:11:14.793 [Test worker] DEBUG org.hibernate.cfg.Ejb3Column - Binding column: Ejb3Column{table=org.hibernate.mapping.Table(virtual_link_record), mappingColumn=lifecycle_event_history, insertable=true, updatable=true, unique=false}
14:11:14.793 [Test worker] DEBUG org.hibernate.cfg.Ejb3Column - Binding column: Ejb3Column{table=org.hibernate.mapping.Table(virtual_link_record), mappingColumn=null, insertable=true, updatable=true, unique=false}
14:11:14.793 [Test worker] DEBUG org.hibernate.cfg.Ejb3Column - Binding column: Ejb3Column{table=org.hibernate.mapping.Table(virtual_link_record), mappingColumn=element, insertable=true, updatable=true, unique=false}
14:11:14.794 [Test worker] DEBUG org.hibernate.cfg.Ejb3Column - Binding column: Ejb3Column{table=org.hibernate.mapping.Table(virtual_link_record), mappingColumn=lifecycle_event_history_key, insertable=true, updatable=true, unique=false}
14:11:14.794 [Test worker] DEBUG org.hibernate.cfg.Ejb3Column - Binding column: Ejb3JoinColumn{logicalColumnName='lifecycle_event_history_KEY', referencedColumn='null', mappedBy='null'}
14:11:14.794 [Test worker] DEBUG org.hibernate.cfg.Ejb3Column - Binding column: Ejb3JoinColumn{logicalColumnName='null', referencedColumn='null', mappedBy=''}
14:11:14.794 [Test worker] DEBUG org.hibernate.cfg.Ejb3Column - Binding column: Ejb3JoinColumn{logicalColumnName='null', referencedColumn='null', mappedBy=''}
14:11:14.794 [Test worker] DEBUG o.h.cfg.annotations.CollectionBinder - Collection role: org.project.neutrino.nfvo.catalogue.mano.record.VirtualLinkRecord.lifecycle_event_history
14:11:14.794 [Test worker] DEBUG o.h.cfg.annotations.PropertyBinder - Building property lifecycle_event_history
14:11:14.794 [Test worker] DEBUG org.hibernate.cfg.Ejb3Column - Binding column: Ejb3JoinColumn{logicalColumnName='null', referencedColumn='null', mappedBy=''}
14:11:14.795 [Test worker] DEBUG org.hibernate.cfg.Ejb3Column - Binding column: Ejb3Column{table=org.hibernate.mapping.Table(virtual_link_record), mappingColumn=notification, insertable=true, updatable=true, unique=false}
14:11:14.795 [Test worker] DEBUG org.hibernate.cfg.Ejb3Column - Binding column: Ejb3Column{table=org.hibernate.mapping.Table(virtual_link_record), mappingColumn=null, insertable=true, updatable=true, unique=false}
14:11:14.795 [Test worker] DEBUG org.hibernate.cfg.Ejb3Column - Binding column: Ejb3Column{table=org.hibernate.mapping.Table(virtual_link_record), mappingColumn=notification, insertable=true, updatable=true, unique=false}
14:11:14.795 [Test worker] DEBUG org.hibernate.cfg.Ejb3Column - Binding column: Ejb3Column{table=org.hibernate.mapping.Table(virtual_link_record), mappingColumn=notification_key, insertable=true, updatable=true, unique=false}
14:11:14.795 [Test worker] DEBUG org.hibernate.cfg.Ejb3Column - Binding column: Ejb3JoinColumn{logicalColumnName='notification_KEY', referencedColumn='null', mappedBy='null'}
14:11:14.795 [Test worker] DEBUG org.hibernate.cfg.Ejb3Column - Binding column: Ejb3JoinColumn{logicalColumnName='null', referencedColumn='null', mappedBy=''}
14:11:14.795 [Test worker] DEBUG org.hibernate.cfg.Ejb3Column - Binding column: Ejb3JoinColumn{logicalColumnName='null', referencedColumn='null', mappedBy=''}
14:11:14.796 [Test worker] DEBUG o.h.cfg.annotations.CollectionBinder - Collection role: org.project.neutrino.nfvo.catalogue.mano.record.VirtualLinkRecord.notification
14:11:14.796 [Test worker] DEBUG o.h.cfg.annotations.PropertyBinder - Building property notification
14:11:14.796 [Test worker] DEBUG org.hibernate.cfg.Ejb3Column - Binding column: Ejb3Column{table=org.hibernate.mapping.Table(virtual_link_record), mappingColumn=number_of_enpoints, insertable=true, updatable=true, unique=false}
14:11:14.796 [Test worker] DEBUG o.h.cfg.annotations.PropertyBinder - MetadataSourceProcessor property number_of_enpoints with lazy=false
14:11:14.796 [Test worker] DEBUG o.h.cfg.AbstractPropertyHolder - Attempting to locate auto-apply AttributeConverter for property [org.project.neutrino.nfvo.catalogue.mano.record.VirtualLinkRecord:number_of_enpoints]
14:11:14.796 [Test worker] DEBUG o.h.c.annotations.SimpleValueBinder - building SimpleValue for number_of_enpoints
14:11:14.797 [Test worker] DEBUG o.h.cfg.annotations.PropertyBinder - Building property number_of_enpoints
14:11:14.797 [Test worker] DEBUG org.hibernate.cfg.Ejb3Column - Binding column: Ejb3Column{table=org.hibernate.mapping.Table(virtual_link_record), mappingColumn=parent_ns, insertable=true, updatable=true, unique=false}
14:11:14.797 [Test worker] DEBUG o.h.cfg.annotations.PropertyBinder - MetadataSourceProcessor property parent_ns with lazy=false
14:11:14.797 [Test worker] DEBUG o.h.cfg.AbstractPropertyHolder - Attempting to locate auto-apply AttributeConverter for property [org.project.neutrino.nfvo.catalogue.mano.record.VirtualLinkRecord:parent_ns]
14:11:14.797 [Test worker] DEBUG o.h.c.annotations.SimpleValueBinder - building SimpleValue for parent_ns
14:11:14.797 [Test worker] DEBUG o.h.cfg.annotations.PropertyBinder - Building property parent_ns
14:11:14.797 [Test worker] DEBUG org.hibernate.cfg.Ejb3Column - Binding column: Ejb3JoinColumn{logicalColumnName='null', referencedColumn='null', mappedBy=''}
14:11:14.797 [Test worker] DEBUG org.hibernate.cfg.Ejb3Column - Binding column: Ejb3Column{table=org.hibernate.mapping.Table(virtual_link_record), mappingColumn=qos, insertable=true, updatable=true, unique=false}
14:11:14.798 [Test worker] DEBUG org.hibernate.cfg.Ejb3Column - Binding column: Ejb3Column{table=org.hibernate.mapping.Table(virtual_link_record), mappingColumn=null, insertable=true, updatable=true, unique=false}
14:11:14.798 [Test worker] DEBUG org.hibernate.cfg.Ejb3Column - Binding column: Ejb3Column{table=org.hibernate.mapping.Table(virtual_link_record), mappingColumn=qos, insertable=true, updatable=true, unique=false}
14:11:14.798 [Test worker] DEBUG org.hibernate.cfg.Ejb3Column - Binding column: Ejb3Column{table=org.hibernate.mapping.Table(virtual_link_record), mappingColumn=qos_key, insertable=true, updatable=true, unique=false}
14:11:14.798 [Test worker] DEBUG org.hibernate.cfg.Ejb3Column - Binding column: Ejb3JoinColumn{logicalColumnName='qos_KEY', referencedColumn='null', mappedBy='null'}
14:11:14.798 [Test worker] DEBUG org.hibernate.cfg.Ejb3Column - Binding column: Ejb3JoinColumn{logicalColumnName='null', referencedColumn='null', mappedBy=''}
14:11:14.798 [Test worker] DEBUG org.hibernate.cfg.Ejb3Column - Binding column: Ejb3JoinColumn{logicalColumnName='null', referencedColumn='null', mappedBy=''}
14:11:14.799 [Test worker] DEBUG o.h.cfg.annotations.CollectionBinder - Collection role: org.project.neutrino.nfvo.catalogue.mano.record.VirtualLinkRecord.qos
14:11:14.799 [Test worker] DEBUG o.h.cfg.annotations.PropertyBinder - Building property qos
14:11:14.799 [Test worker] DEBUG org.hibernate.cfg.Ejb3Column - Binding column: Ejb3Column{table=org.hibernate.mapping.Table(virtual_link_record), mappingColumn=root_requirement, insertable=true, updatable=true, unique=false}
14:11:14.799 [Test worker] DEBUG o.h.cfg.annotations.PropertyBinder - MetadataSourceProcessor property root_requirement with lazy=false
14:11:14.799 [Test worker] DEBUG o.h.cfg.AbstractPropertyHolder - Attempting to locate auto-apply AttributeConverter for property [org.project.neutrino.nfvo.catalogue.mano.record.VirtualLinkRecord:root_requirement]
14:11:14.799 [Test worker] DEBUG o.h.c.annotations.SimpleValueBinder - building SimpleValue for root_requirement
14:11:14.800 [Test worker] DEBUG o.h.cfg.annotations.PropertyBinder - Building property root_requirement
14:11:14.800 [Test worker] DEBUG org.hibernate.cfg.Ejb3Column - Binding column: Ejb3Column{table=org.hibernate.mapping.Table(virtual_link_record), mappingColumn=status, insertable=true, updatable=true, unique=false}
14:11:14.800 [Test worker] DEBUG o.h.cfg.annotations.PropertyBinder - MetadataSourceProcessor property status with lazy=false
14:11:14.800 [Test worker] DEBUG o.h.cfg.AbstractPropertyHolder - Attempting to locate auto-apply AttributeConverter for property [org.project.neutrino.nfvo.catalogue.mano.record.VirtualLinkRecord:status]
14:11:14.800 [Test worker] DEBUG o.h.c.annotations.SimpleValueBinder - building SimpleValue for status
14:11:14.801 [Test worker] DEBUG o.h.cfg.annotations.PropertyBinder - Building property status
14:11:14.801 [Test worker] DEBUG org.hibernate.cfg.Ejb3Column - Binding column: Ejb3Column{table=org.hibernate.mapping.Table(virtual_link_record), mappingColumn=test_access, insertable=true, updatable=true, unique=false}
14:11:14.801 [Test worker] DEBUG o.h.cfg.annotations.PropertyBinder - MetadataSourceProcessor property test_access with lazy=false
14:11:14.801 [Test worker] DEBUG o.h.cfg.AbstractPropertyHolder - Attempting to locate auto-apply AttributeConverter for property [org.project.neutrino.nfvo.catalogue.mano.record.VirtualLinkRecord:test_access]
14:11:14.801 [Test worker] DEBUG o.h.c.annotations.SimpleValueBinder - building SimpleValue for test_access
14:11:14.801 [Test worker] DEBUG o.h.cfg.annotations.PropertyBinder - Building property test_access
14:11:14.802 [Test worker] DEBUG org.hibernate.cfg.Ejb3Column - Binding column: Ejb3Column{table=org.hibernate.mapping.Table(virtual_link_record), mappingColumn=vendor, insertable=true, updatable=true, unique=false}
14:11:14.802 [Test worker] DEBUG o.h.cfg.annotations.PropertyBinder - MetadataSourceProcessor property vendor with lazy=false
14:11:14.802 [Test worker] DEBUG o.h.cfg.AbstractPropertyHolder - Attempting to locate auto-apply AttributeConverter for property [org.project.neutrino.nfvo.catalogue.mano.record.VirtualLinkRecord:vendor]
14:11:14.802 [Test worker] DEBUG o.h.c.annotations.SimpleValueBinder - building SimpleValue for vendor
14:11:14.802 [Test worker] DEBUG o.h.cfg.annotations.PropertyBinder - Building property vendor
14:11:14.802 [Test worker] DEBUG org.hibernate.cfg.Ejb3Column - Binding column: Ejb3Column{table=org.hibernate.mapping.Table(virtual_link_record), mappingColumn=version, insertable=true, updatable=true, unique=false}
14:11:14.802 [Test worker] DEBUG o.h.cfg.annotations.PropertyBinder - MetadataSourceProcessor property version with lazy=false
14:11:14.803 [Test worker] DEBUG o.h.cfg.AbstractPropertyHolder - Attempting to locate auto-apply AttributeConverter for property [org.project.neutrino.nfvo.catalogue.mano.record.VirtualLinkRecord:version]
14:11:14.803 [Test worker] DEBUG o.h.c.annotations.SimpleValueBinder - building SimpleValue for version
14:11:14.803 [Test worker] DEBUG o.h.cfg.annotations.PropertyBinder - Building property version
14:11:14.803 [Test worker] DEBUG org.hibernate.cfg.Ejb3Column - Binding column: Ejb3Column{table=org.hibernate.mapping.Table(virtual_link_record), mappingColumn=vim_id, insertable=true, updatable=true, unique=false}
14:11:14.803 [Test worker] DEBUG o.h.cfg.annotations.PropertyBinder - MetadataSourceProcessor property vim_id with lazy=false
14:11:14.803 [Test worker] DEBUG o.h.cfg.AbstractPropertyHolder - Attempting to locate auto-apply AttributeConverter for property [org.project.neutrino.nfvo.catalogue.mano.record.VirtualLinkRecord:vim_id]
14:11:14.803 [Test worker] DEBUG o.h.c.annotations.SimpleValueBinder - building SimpleValue for vim_id
14:11:14.804 [Test worker] DEBUG o.h.cfg.annotations.PropertyBinder - Building property vim_id
14:11:14.804 [Test worker] DEBUG org.hibernate.cfg.Ejb3Column - Binding column: Ejb3JoinColumn{logicalColumnName='null', referencedColumn='null', mappedBy=''}
14:11:14.804 [Test worker] DEBUG org.hibernate.cfg.Ejb3Column - Binding column: Ejb3Column{table=org.hibernate.mapping.Table(virtual_link_record), mappingColumn=vnffgr_reference, insertable=true, updatable=true, unique=false}
14:11:14.804 [Test worker] DEBUG org.hibernate.cfg.Ejb3Column - Binding column: Ejb3Column{table=org.hibernate.mapping.Table(virtual_link_record), mappingColumn=null, insertable=true, updatable=true, unique=false}
14:11:14.804 [Test worker] DEBUG org.hibernate.cfg.Ejb3Column - Binding column: Ejb3Column{table=org.hibernate.mapping.Table(virtual_link_record), mappingColumn=element, insertable=true, updatable=true, unique=false}
14:11:14.805 [Test worker] DEBUG org.hibernate.cfg.Ejb3Column - Binding column: Ejb3Column{table=org.hibernate.mapping.Table(virtual_link_record), mappingColumn=vnffgr_reference_key, insertable=true, updatable=true, unique=false}
14:11:14.805 [Test worker] DEBUG org.hibernate.cfg.Ejb3Column - Binding column: Ejb3JoinColumn{logicalColumnName='vnffgr_reference_KEY', referencedColumn='null', mappedBy='null'}
14:11:14.805 [Test worker] DEBUG org.hibernate.cfg.Ejb3Column - Binding column: Ejb3JoinColumn{logicalColumnName='null', referencedColumn='null', mappedBy=''}
14:11:14.805 [Test worker] DEBUG org.hibernate.cfg.Ejb3Column - Binding column: Ejb3JoinColumn{logicalColumnName='null', referencedColumn='null', mappedBy=''}
14:11:14.805 [Test worker] DEBUG o.h.cfg.annotations.CollectionBinder - Collection role: org.project.neutrino.nfvo.catalogue.mano.record.VirtualLinkRecord.vnffgr_reference
14:11:14.805 [Test worker] DEBUG o.h.cfg.annotations.PropertyBinder - Building property vnffgr_reference
14:11:14.806 [Test worker] DEBUG org.hibernate.cfg.AnnotationBinder - Binding entity from annotated class: org.project.neutrino.nfvo.catalogue.mano.record.VNFForwardingGraphRecord
14:11:14.806 [Test worker] DEBUG org.hibernate.cfg.Ejb3Column - Binding column: Ejb3DiscriminatorColumn{logicalColumnName'DTYPE', discriminatorTypeName='string'}
14:11:14.806 [Test worker] DEBUG o.h.cfg.annotations.EntityBinder - Import with entity name VNFForwardingGraphRecord
14:11:14.806 [Test worker] DEBUG o.h.cfg.annotations.EntityBinder - Bind entity org.project.neutrino.nfvo.catalogue.mano.record.VNFForwardingGraphRecord on table vnfforwarding_graph_record
14:11:14.809 [Test worker] DEBUG org.hibernate.cfg.Ejb3Column - Binding column: Ejb3Column{table=org.hibernate.mapping.Table(vnfforwarding_graph_record), mappingColumn=id, insertable=true, updatable=true, unique=false}
14:11:14.809 [Test worker] DEBUG o.h.cfg.annotations.PropertyBinder - MetadataSourceProcessor property id with lazy=false
14:11:14.809 [Test worker] DEBUG o.h.cfg.AbstractPropertyHolder - Attempting to locate auto-apply AttributeConverter for property [org.project.neutrino.nfvo.catalogue.mano.record.VNFForwardingGraphRecord:id]
14:11:14.810 [Test worker] DEBUG o.h.c.annotations.SimpleValueBinder - building SimpleValue for id
14:11:14.810 [Test worker] DEBUG o.h.cfg.annotations.PropertyBinder - Building property id
14:11:14.810 [Test worker] DEBUG org.hibernate.cfg.Ejb3Column - Binding column: Ejb3Column{table=org.hibernate.mapping.Table(vnfforwarding_graph_record), mappingColumn=audit_log, insertable=true, updatable=true, unique=false}
14:11:14.810 [Test worker] DEBUG o.h.cfg.annotations.PropertyBinder - MetadataSourceProcessor property audit_log with lazy=false
14:11:14.810 [Test worker] DEBUG o.h.cfg.AbstractPropertyHolder - Attempting to locate auto-apply AttributeConverter for property [org.project.neutrino.nfvo.catalogue.mano.record.VNFForwardingGraphRecord:audit_log]
14:11:14.810 [Test worker] DEBUG o.h.c.annotations.SimpleValueBinder - building SimpleValue for audit_log
14:11:14.811 [Test worker] DEBUG o.h.cfg.annotations.PropertyBinder - Building property audit_log
14:11:14.811 [Test worker] DEBUG org.hibernate.cfg.Ejb3Column - Binding column: Ejb3JoinColumn{logicalColumnName='null', referencedColumn='null', mappedBy=''}
14:11:14.811 [Test worker] DEBUG org.hibernate.cfg.Ejb3Column - Binding column: Ejb3Column{table=org.hibernate.mapping.Table(vnfforwarding_graph_record), mappingColumn=connection_point, insertable=true, updatable=true, unique=false}
14:11:14.811 [Test worker] DEBUG org.hibernate.cfg.Ejb3Column - Binding column: Ejb3Column{table=org.hibernate.mapping.Table(vnfforwarding_graph_record), mappingColumn=null, insertable=true, updatable=true, unique=false}
14:11:14.811 [Test worker] DEBUG org.hibernate.cfg.Ejb3Column - Binding column: Ejb3Column{table=org.hibernate.mapping.Table(vnfforwarding_graph_record), mappingColumn=element, insertable=true, updatable=true, unique=false}
14:11:14.811 [Test worker] DEBUG org.hibernate.cfg.Ejb3Column - Binding column: Ejb3Column{table=org.hibernate.mapping.Table(vnfforwarding_graph_record), mappingColumn=connection_point_key, insertable=true, updatable=true, unique=false}
14:11:14.812 [Test worker] DEBUG org.hibernate.cfg.Ejb3Column - Binding column: Ejb3JoinColumn{logicalColumnName='connection_point_KEY', referencedColumn='null', mappedBy='null'}
14:11:14.812 [Test worker] DEBUG org.hibernate.cfg.Ejb3Column - Binding column: Ejb3JoinColumn{logicalColumnName='null', referencedColumn='null', mappedBy=''}
14:11:14.812 [Test worker] DEBUG org.hibernate.cfg.Ejb3Column - Binding column: Ejb3JoinColumn{logicalColumnName='null', referencedColumn='null', mappedBy=''}
14:11:14.812 [Test worker] DEBUG o.h.cfg.annotations.CollectionBinder - Collection role: org.project.neutrino.nfvo.catalogue.mano.record.VNFForwardingGraphRecord.connection_point
14:11:14.812 [Test worker] DEBUG o.h.cfg.annotations.PropertyBinder - Building property connection_point
14:11:14.812 [Test worker] DEBUG org.hibernate.cfg.Ejb3Column - Binding column: Ejb3JoinColumn{logicalColumnName='null', referencedColumn='null', mappedBy=''}
14:11:14.812 [Test worker] DEBUG org.hibernate.cfg.Ejb3Column - Binding column: Ejb3Column{table=org.hibernate.mapping.Table(vnfforwarding_graph_record), mappingColumn=dependent_virtual_link, insertable=true, updatable=true, unique=false}
14:11:14.813 [Test worker] DEBUG org.hibernate.cfg.Ejb3Column - Binding column: Ejb3Column{table=org.hibernate.mapping.Table(vnfforwarding_graph_record), mappingColumn=null, insertable=true, updatable=true, unique=false}
14:11:14.813 [Test worker] DEBUG org.hibernate.cfg.Ejb3Column - Binding column: Ejb3Column{table=org.hibernate.mapping.Table(vnfforwarding_graph_record), mappingColumn=element, insertable=true, updatable=true, unique=false}
14:11:14.813 [Test worker] DEBUG org.hibernate.cfg.Ejb3Column - Binding column: Ejb3Column{table=org.hibernate.mapping.Table(vnfforwarding_graph_record), mappingColumn=dependent_virtual_link_key, insertable=true, updatable=true, unique=false}
14:11:14.813 [Test worker] DEBUG org.hibernate.cfg.Ejb3Column - Binding column: Ejb3JoinColumn{logicalColumnName='dependent_virtual_link_KEY', referencedColumn='null', mappedBy='null'}
14:11:14.813 [Test worker] DEBUG org.hibernate.cfg.Ejb3Column - Binding column: Ejb3JoinColumn{logicalColumnName='null', referencedColumn='null', mappedBy=''}
14:11:14.813 [Test worker] DEBUG org.hibernate.cfg.Ejb3Column - Binding column: Ejb3JoinColumn{logicalColumnName='null', referencedColumn='null', mappedBy=''}
14:11:14.813 [Test worker] DEBUG o.h.cfg.annotations.CollectionBinder - Collection role: org.project.neutrino.nfvo.catalogue.mano.record.VNFForwardingGraphRecord.dependent_virtual_link
14:11:14.814 [Test worker] DEBUG o.h.cfg.annotations.PropertyBinder - Building property dependent_virtual_link
14:11:14.814 [Test worker] DEBUG org.hibernate.cfg.Ejb3Column - Binding column: Ejb3JoinColumn{logicalColumnName='null', referencedColumn='null', mappedBy=''}
14:11:14.814 [Test worker] DEBUG org.hibernate.cfg.Ejb3Column - Binding column: Ejb3Column{table=org.hibernate.mapping.Table(vnfforwarding_graph_record), mappingColumn=descriptor_reference, insertable=true, updatable=true, unique=false}
14:11:14.814 [Test worker] DEBUG o.h.cfg.annotations.PropertyBinder - Building property descriptor_reference
14:11:14.814 [Test worker] DEBUG org.hibernate.cfg.Ejb3Column - Binding column: Ejb3JoinColumn{logicalColumnName='null', referencedColumn='null', mappedBy=''}
14:11:14.814 [Test worker] DEBUG org.hibernate.cfg.Ejb3Column - Binding column: Ejb3Column{table=org.hibernate.mapping.Table(vnfforwarding_graph_record), mappingColumn=lifecycle_event_history, insertable=true, updatable=true, unique=false}
14:11:14.815 [Test worker] DEBUG org.hibernate.cfg.Ejb3Column - Binding column: Ejb3Column{table=org.hibernate.mapping.Table(vnfforwarding_graph_record), mappingColumn=null, insertable=true, updatable=true, unique=false}
14:11:14.815 [Test worker] DEBUG org.hibernate.cfg.Ejb3Column - Binding column: Ejb3Column{table=org.hibernate.mapping.Table(vnfforwarding_graph_record), mappingColumn=element, insertable=true, updatable=true, unique=false}
14:11:14.815 [Test worker] DEBUG org.hibernate.cfg.Ejb3Column - Binding column: Ejb3Column{table=org.hibernate.mapping.Table(vnfforwarding_graph_record), mappingColumn=lifecycle_event_history_key, insertable=true, updatable=true, unique=false}
14:11:14.815 [Test worker] DEBUG org.hibernate.cfg.Ejb3Column - Binding column: Ejb3JoinColumn{logicalColumnName='lifecycle_event_history_KEY', referencedColumn='null', mappedBy='null'}
14:11:14.815 [Test worker] DEBUG org.hibernate.cfg.Ejb3Column - Binding column: Ejb3JoinColumn{logicalColumnName='null', referencedColumn='null', mappedBy=''}
14:11:14.815 [Test worker] DEBUG org.hibernate.cfg.Ejb3Column - Binding column: Ejb3JoinColumn{logicalColumnName='null', referencedColumn='null', mappedBy=''}
14:11:14.816 [Test worker] DEBUG o.h.cfg.annotations.CollectionBinder - Collection role: org.project.neutrino.nfvo.catalogue.mano.record.VNFForwardingGraphRecord.lifecycle_event_history
14:11:14.816 [Test worker] DEBUG o.h.cfg.annotations.PropertyBinder - Building property lifecycle_event_history
14:11:14.816 [Test worker] DEBUG org.hibernate.cfg.Ejb3Column - Binding column: Ejb3JoinColumn{logicalColumnName='null', referencedColumn='null', mappedBy=''}
14:11:14.816 [Test worker] DEBUG org.hibernate.cfg.Ejb3Column - Binding column: Ejb3Column{table=org.hibernate.mapping.Table(vnfforwarding_graph_record), mappingColumn=member_vnfs, insertable=true, updatable=true, unique=false}
14:11:14.816 [Test worker] DEBUG org.hibernate.cfg.Ejb3Column - Binding column: Ejb3Column{table=org.hibernate.mapping.Table(vnfforwarding_graph_record), mappingColumn=null, insertable=true, updatable=true, unique=false}
14:11:14.816 [Test worker] DEBUG org.hibernate.cfg.Ejb3Column - Binding column: Ejb3Column{table=org.hibernate.mapping.Table(vnfforwarding_graph_record), mappingColumn=element, insertable=true, updatable=true, unique=false}
14:11:14.817 [Test worker] DEBUG org.hibernate.cfg.Ejb3Column - Binding column: Ejb3Column{table=org.hibernate.mapping.Table(vnfforwarding_graph_record), mappingColumn=member_vnfs_key, insertable=true, updatable=true, unique=false}
14:11:14.817 [Test worker] DEBUG org.hibernate.cfg.Ejb3Column - Binding column: Ejb3JoinColumn{logicalColumnName='member_vnfs_KEY', referencedColumn='null', mappedBy='null'}
14:11:14.817 [Test worker] DEBUG org.hibernate.cfg.Ejb3Column - Binding column: Ejb3JoinColumn{logicalColumnName='null', referencedColumn='null', mappedBy=''}
14:11:14.817 [Test worker] DEBUG org.hibernate.cfg.Ejb3Column - Binding column: Ejb3JoinColumn{logicalColumnName='null', referencedColumn='null', mappedBy=''}
14:11:14.817 [Test worker] DEBUG o.h.cfg.annotations.CollectionBinder - Collection role: org.project.neutrino.nfvo.catalogue.mano.record.VNFForwardingGraphRecord.member_vnfs
14:11:14.817 [Test worker] DEBUG o.h.cfg.annotations.PropertyBinder - Building property member_vnfs
14:11:14.817 [Test worker] DEBUG org.hibernate.cfg.Ejb3Column - Binding column: Ejb3JoinColumn{logicalColumnName='null', referencedColumn='null', mappedBy=''}
14:11:14.818 [Test worker] DEBUG org.hibernate.cfg.Ejb3Column - Binding column: Ejb3Column{table=org.hibernate.mapping.Table(vnfforwarding_graph_record), mappingColumn=network_forwarding_path, insertable=true, updatable=true, unique=false}
14:11:14.818 [Test worker] DEBUG o.h.cfg.annotations.PropertyBinder - Building property network_forwarding_path
14:11:14.818 [Test worker] DEBUG org.hibernate.cfg.Ejb3Column - Binding column: Ejb3JoinColumn{logicalColumnName='null', referencedColumn='null', mappedBy=''}
14:11:14.818 [Test worker] DEBUG org.hibernate.cfg.Ejb3Column - Binding column: Ejb3Column{table=org.hibernate.mapping.Table(vnfforwarding_graph_record), mappingColumn=notification, insertable=true, updatable=true, unique=false}
14:11:14.818 [Test worker] DEBUG org.hibernate.cfg.Ejb3Column - Binding column: Ejb3Column{table=org.hibernate.mapping.Table(vnfforwarding_graph_record), mappingColumn=null, insertable=true, updatable=true, unique=false}
14:11:14.818 [Test worker] DEBUG org.hibernate.cfg.Ejb3Column - Binding column: Ejb3Column{table=org.hibernate.mapping.Table(vnfforwarding_graph_record), mappingColumn=notification, insertable=true, updatable=true, unique=false}
14:11:14.819 [Test worker] DEBUG org.hibernate.cfg.Ejb3Column - Binding column: Ejb3Column{table=org.hibernate.mapping.Table(vnfforwarding_graph_record), mappingColumn=notification_key, insertable=true, updatable=true, unique=false}
14:11:14.819 [Test worker] DEBUG org.hibernate.cfg.Ejb3Column - Binding column: Ejb3JoinColumn{logicalColumnName='notification_KEY', referencedColumn='null', mappedBy='null'}
14:11:14.819 [Test worker] DEBUG org.hibernate.cfg.Ejb3Column - Binding column: Ejb3JoinColumn{logicalColumnName='null', referencedColumn='null', mappedBy=''}
14:11:14.819 [Test worker] DEBUG org.hibernate.cfg.Ejb3Column - Binding column: Ejb3JoinColumn{logicalColumnName='null', referencedColumn='null', mappedBy=''}
14:11:14.819 [Test worker] DEBUG o.h.cfg.annotations.CollectionBinder - Collection role: org.project.neutrino.nfvo.catalogue.mano.record.VNFForwardingGraphRecord.notification
14:11:14.819 [Test worker] DEBUG o.h.cfg.annotations.PropertyBinder - Building property notification
14:11:14.819 [Test worker] DEBUG org.hibernate.cfg.Ejb3Column - Binding column: Ejb3Column{table=org.hibernate.mapping.Table(vnfforwarding_graph_record), mappingColumn=number_of_endpoints, insertable=true, updatable=true, unique=false}
14:11:14.819 [Test worker] DEBUG o.h.cfg.annotations.PropertyBinder - MetadataSourceProcessor property number_of_endpoints with lazy=false
14:11:14.820 [Test worker] DEBUG o.h.cfg.AbstractPropertyHolder - Attempting to locate auto-apply AttributeConverter for property [org.project.neutrino.nfvo.catalogue.mano.record.VNFForwardingGraphRecord:number_of_endpoints]
14:11:14.820 [Test worker] DEBUG o.h.c.annotations.SimpleValueBinder - building SimpleValue for number_of_endpoints
14:11:14.820 [Test worker] DEBUG o.h.cfg.annotations.PropertyBinder - Building property number_of_endpoints
14:11:14.820 [Test worker] DEBUG org.hibernate.cfg.Ejb3Column - Binding column: Ejb3Column{table=org.hibernate.mapping.Table(vnfforwarding_graph_record), mappingColumn=number_of_pnfs, insertable=true, updatable=true, unique=false}
14:11:14.820 [Test worker] DEBUG o.h.cfg.annotations.PropertyBinder - MetadataSourceProcessor property number_of_pnfs with lazy=false
14:11:14.820 [Test worker] DEBUG o.h.cfg.AbstractPropertyHolder - Attempting to locate auto-apply AttributeConverter for property [org.project.neutrino.nfvo.catalogue.mano.record.VNFForwardingGraphRecord:number_of_pnfs]
14:11:14.820 [Test worker] DEBUG o.h.c.annotations.SimpleValueBinder - building SimpleValue for number_of_pnfs
14:11:14.821 [Test worker] DEBUG o.h.cfg.annotations.PropertyBinder - Building property number_of_pnfs
14:11:14.821 [Test worker] DEBUG org.hibernate.cfg.Ejb3Column - Binding column: Ejb3Column{table=org.hibernate.mapping.Table(vnfforwarding_graph_record), mappingColumn=number_of_virtual_links, insertable=true, updatable=true, unique=false}
14:11:14.821 [Test worker] DEBUG o.h.cfg.annotations.PropertyBinder - MetadataSourceProcessor property number_of_virtual_links with lazy=false
14:11:14.821 [Test worker] DEBUG o.h.cfg.AbstractPropertyHolder - Attempting to locate auto-apply AttributeConverter for property [org.project.neutrino.nfvo.catalogue.mano.record.VNFForwardingGraphRecord:number_of_virtual_links]
14:11:14.821 [Test worker] DEBUG o.h.c.annotations.SimpleValueBinder - building SimpleValue for number_of_virtual_links
14:11:14.821 [Test worker] DEBUG o.h.cfg.annotations.PropertyBinder - Building property number_of_virtual_links
14:11:14.821 [Test worker] DEBUG org.hibernate.cfg.Ejb3Column - Binding column: Ejb3Column{table=org.hibernate.mapping.Table(vnfforwarding_graph_record), mappingColumn=number_of_vnfs, insertable=true, updatable=true, unique=false}
14:11:14.821 [Test worker] DEBUG o.h.cfg.annotations.PropertyBinder - MetadataSourceProcessor property number_of_vnfs with lazy=false
14:11:14.822 [Test worker] DEBUG o.h.cfg.AbstractPropertyHolder - Attempting to locate auto-apply AttributeConverter for property [org.project.neutrino.nfvo.catalogue.mano.record.VNFForwardingGraphRecord:number_of_vnfs]
14:11:14.822 [Test worker] DEBUG o.h.c.annotations.SimpleValueBinder - building SimpleValue for number_of_vnfs
14:11:14.822 [Test worker] DEBUG o.h.cfg.annotations.PropertyBinder - Building property number_of_vnfs
14:11:14.822 [Test worker] DEBUG org.hibernate.cfg.Ejb3Column - Binding column: Ejb3JoinColumn{logicalColumnName='null', referencedColumn='null', mappedBy=''}
14:11:14.822 [Test worker] DEBUG org.hibernate.cfg.Ejb3Column - Binding column: Ejb3Column{table=org.hibernate.mapping.Table(vnfforwarding_graph_record), mappingColumn=parent_ns, insertable=true, updatable=true, unique=false}
14:11:14.822 [Test worker] DEBUG o.h.cfg.annotations.PropertyBinder - Building property parent_ns
14:11:14.822 [Test worker] DEBUG org.hibernate.cfg.Ejb3Column - Binding column: Ejb3Column{table=org.hibernate.mapping.Table(vnfforwarding_graph_record), mappingColumn=status, insertable=true, updatable=true, unique=false}
14:11:14.823 [Test worker] DEBUG o.h.cfg.annotations.PropertyBinder - MetadataSourceProcessor property status with lazy=false
14:11:14.823 [Test worker] DEBUG o.h.cfg.AbstractPropertyHolder - Attempting to locate auto-apply AttributeConverter for property [org.project.neutrino.nfvo.catalogue.mano.record.VNFForwardingGraphRecord:status]
14:11:14.823 [Test worker] DEBUG o.h.c.annotations.SimpleValueBinder - building SimpleValue for status
14:11:14.823 [Test worker] DEBUG o.h.cfg.annotations.PropertyBinder - Building property status
14:11:14.823 [Test worker] DEBUG org.hibernate.cfg.Ejb3Column - Binding column: Ejb3Column{table=org.hibernate.mapping.Table(vnfforwarding_graph_record), mappingColumn=vendor, insertable=true, updatable=true, unique=false}
14:11:14.823 [Test worker] DEBUG o.h.cfg.annotations.PropertyBinder - MetadataSourceProcessor property vendor with lazy=false
14:11:14.823 [Test worker] DEBUG o.h.cfg.AbstractPropertyHolder - Attempting to locate auto-apply AttributeConverter for property [org.project.neutrino.nfvo.catalogue.mano.record.VNFForwardingGraphRecord:vendor]
14:11:14.824 [Test worker] DEBUG o.h.c.annotations.SimpleValueBinder - building SimpleValue for vendor
14:11:14.824 [Test worker] DEBUG o.h.cfg.annotations.PropertyBinder - Building property vendor
14:11:14.824 [Test worker] DEBUG org.hibernate.cfg.Ejb3Column - Binding column: Ejb3Column{table=org.hibernate.mapping.Table(vnfforwarding_graph_record), mappingColumn=version, insertable=true, updatable=true, unique=false}
14:11:14.824 [Test worker] DEBUG o.h.cfg.annotations.PropertyBinder - MetadataSourceProcessor property version with lazy=false
14:11:14.824 [Test worker] DEBUG o.h.cfg.AbstractPropertyHolder - Attempting to locate auto-apply AttributeConverter for property [org.project.neutrino.nfvo.catalogue.mano.record.VNFForwardingGraphRecord:version]
14:11:14.824 [Test worker] DEBUG o.h.c.annotations.SimpleValueBinder - building SimpleValue for version
14:11:14.824 [Test worker] DEBUG o.h.cfg.annotations.PropertyBinder - Building property version
14:11:14.825 [Test worker] DEBUG org.hibernate.cfg.AnnotationBinder - Binding entity from annotated class: org.project.neutrino.nfvo.catalogue.mano.common.Security
14:11:14.825 [Test worker] DEBUG org.hibernate.cfg.Ejb3Column - Binding column: Ejb3DiscriminatorColumn{logicalColumnName'DTYPE', discriminatorTypeName='string'}
14:11:14.825 [Test worker] DEBUG o.h.cfg.annotations.EntityBinder - Import with entity name Security
14:11:14.825 [Test worker] DEBUG o.h.cfg.annotations.EntityBinder - Bind entity org.project.neutrino.nfvo.catalogue.mano.common.Security on table security
14:11:14.826 [Test worker] DEBUG org.hibernate.cfg.Ejb3Column - Binding column: Ejb3Column{table=org.hibernate.mapping.Table(security), mappingColumn=id, insertable=true, updatable=true, unique=false}
14:11:14.826 [Test worker] DEBUG o.h.cfg.annotations.PropertyBinder - MetadataSourceProcessor property id with lazy=false
14:11:14.826 [Test worker] DEBUG o.h.cfg.AbstractPropertyHolder - Attempting to locate auto-apply AttributeConverter for property [org.project.neutrino.nfvo.catalogue.mano.common.Security:id]
14:11:14.826 [Test worker] DEBUG o.h.c.annotations.SimpleValueBinder - building SimpleValue for id
14:11:14.826 [Test worker] DEBUG o.h.cfg.annotations.PropertyBinder - Building property id
14:11:14.826 [Test worker] DEBUG org.hibernate.cfg.Ejb3Column - Binding column: Ejb3Column{table=org.hibernate.mapping.Table(security), mappingColumn=version, insertable=true, updatable=true, unique=false}
14:11:14.827 [Test worker] DEBUG o.h.cfg.annotations.PropertyBinder - MetadataSourceProcessor property version with lazy=false
14:11:14.827 [Test worker] DEBUG o.h.cfg.AbstractPropertyHolder - Attempting to locate auto-apply AttributeConverter for property [org.project.neutrino.nfvo.catalogue.mano.common.Security:version]
14:11:14.827 [Test worker] DEBUG o.h.c.annotations.SimpleValueBinder - building SimpleValue for version
14:11:14.827 [Test worker] DEBUG o.h.cfg.annotations.PropertyBinder - Building property version
14:11:14.827 [Test worker] DEBUG org.hibernate.cfg.AnnotationBinder - Binding entity from annotated class: org.project.neutrino.nfvo.catalogue.mano.record.PhysicalNetworkFunctionRecord
14:11:14.827 [Test worker] DEBUG org.hibernate.cfg.Ejb3Column - Binding column: Ejb3DiscriminatorColumn{logicalColumnName'DTYPE', discriminatorTypeName='string'}
14:11:14.827 [Test worker] DEBUG o.h.cfg.annotations.EntityBinder - Import with entity name PhysicalNetworkFunctionRecord
14:11:14.828 [Test worker] DEBUG o.h.cfg.annotations.EntityBinder - Bind entity org.project.neutrino.nfvo.catalogue.mano.record.PhysicalNetworkFunctionRecord on table physical_network_function_record
14:11:14.829 [Test worker] DEBUG org.hibernate.cfg.Ejb3Column - Binding column: Ejb3Column{table=org.hibernate.mapping.Table(physical_network_function_record), mappingColumn=id, insertable=true, updatable=true, unique=false}
14:11:14.829 [Test worker] DEBUG o.h.cfg.annotations.PropertyBinder - MetadataSourceProcessor property id with lazy=false
14:11:14.830 [Test worker] DEBUG o.h.cfg.AbstractPropertyHolder - Attempting to locate auto-apply AttributeConverter for property [org.project.neutrino.nfvo.catalogue.mano.record.PhysicalNetworkFunctionRecord:id]
14:11:14.830 [Test worker] DEBUG o.h.c.annotations.SimpleValueBinder - building SimpleValue for id
14:11:14.830 [Test worker] DEBUG o.h.cfg.annotations.PropertyBinder - Building property id
14:11:14.830 [Test worker] DEBUG org.hibernate.cfg.Ejb3Column - Binding column: Ejb3JoinColumn{logicalColumnName='null', referencedColumn='null', mappedBy=''}
14:11:14.830 [Test worker] DEBUG org.hibernate.cfg.Ejb3Column - Binding column: Ejb3Column{table=org.hibernate.mapping.Table(physical_network_function_record), mappingColumn=connected_virtual_link, insertable=true, updatable=true, unique=false}
14:11:14.830 [Test worker] DEBUG org.hibernate.cfg.Ejb3Column - Binding column: Ejb3Column{table=org.hibernate.mapping.Table(physical_network_function_record), mappingColumn=null, insertable=true, updatable=true, unique=false}
14:11:14.831 [Test worker] DEBUG org.hibernate.cfg.Ejb3Column - Binding column: Ejb3Column{table=org.hibernate.mapping.Table(physical_network_function_record), mappingColumn=element, insertable=true, updatable=true, unique=false}
14:11:14.831 [Test worker] DEBUG org.hibernate.cfg.Ejb3Column - Binding column: Ejb3Column{table=org.hibernate.mapping.Table(physical_network_function_record), mappingColumn=connected_virtual_link_key, insertable=true, updatable=true, unique=false}
14:11:14.831 [Test worker] DEBUG org.hibernate.cfg.Ejb3Column - Binding column: Ejb3JoinColumn{logicalColumnName='connected_virtual_link_KEY', referencedColumn='null', mappedBy='null'}
14:11:14.831 [Test worker] DEBUG org.hibernate.cfg.Ejb3Column - Binding column: Ejb3JoinColumn{logicalColumnName='null', referencedColumn='null', mappedBy=''}
14:11:14.831 [Test worker] DEBUG org.hibernate.cfg.Ejb3Column - Binding column: Ejb3JoinColumn{logicalColumnName='null', referencedColumn='null', mappedBy=''}
14:11:14.831 [Test worker] DEBUG o.h.cfg.annotations.CollectionBinder - Collection role: org.project.neutrino.nfvo.catalogue.mano.record.PhysicalNetworkFunctionRecord.connected_virtual_link
14:11:14.831 [Test worker] DEBUG o.h.cfg.annotations.PropertyBinder - Building property connected_virtual_link
14:11:14.832 [Test worker] DEBUG org.hibernate.cfg.Ejb3Column - Binding column: Ejb3JoinColumn{logicalColumnName='null', referencedColumn='null', mappedBy=''}
14:11:14.832 [Test worker] DEBUG org.hibernate.cfg.Ejb3Column - Binding column: Ejb3Column{table=org.hibernate.mapping.Table(physical_network_function_record), mappingColumn=connection_point, insertable=true, updatable=true, unique=false}
14:11:14.832 [Test worker] DEBUG org.hibernate.cfg.Ejb3Column - Binding column: Ejb3Column{table=org.hibernate.mapping.Table(physical_network_function_record), mappingColumn=null, insertable=true, updatable=true, unique=false}
14:11:14.832 [Test worker] DEBUG org.hibernate.cfg.Ejb3Column - Binding column: Ejb3Column{table=org.hibernate.mapping.Table(physical_network_function_record), mappingColumn=element, insertable=true, updatable=true, unique=false}
14:11:14.832 [Test worker] DEBUG org.hibernate.cfg.Ejb3Column - Binding column: Ejb3Column{table=org.hibernate.mapping.Table(physical_network_function_record), mappingColumn=connection_point_key, insertable=true, updatable=true, unique=false}
14:11:14.833 [Test worker] DEBUG org.hibernate.cfg.Ejb3Column - Binding column: Ejb3JoinColumn{logicalColumnName='connection_point_KEY', referencedColumn='null', mappedBy='null'}
14:11:14.833 [Test worker] DEBUG org.hibernate.cfg.Ejb3Column - Binding column: Ejb3JoinColumn{logicalColumnName='null', referencedColumn='null', mappedBy=''}
14:11:14.833 [Test worker] DEBUG org.hibernate.cfg.Ejb3Column - Binding column: Ejb3JoinColumn{logicalColumnName='null', referencedColumn='null', mappedBy=''}
14:11:14.833 [Test worker] DEBUG o.h.cfg.annotations.CollectionBinder - Collection role: org.project.neutrino.nfvo.catalogue.mano.record.PhysicalNetworkFunctionRecord.connection_point
14:11:14.833 [Test worker] DEBUG o.h.cfg.annotations.PropertyBinder - Building property connection_point
14:11:14.833 [Test worker] DEBUG org.hibernate.cfg.Ejb3Column - Binding column: Ejb3Column{table=org.hibernate.mapping.Table(physical_network_function_record), mappingColumn=description, insertable=true, updatable=true, unique=false}
14:11:14.834 [Test worker] DEBUG o.h.cfg.annotations.PropertyBinder - MetadataSourceProcessor property description with lazy=false
14:11:14.834 [Test worker] DEBUG o.h.cfg.AbstractPropertyHolder - Attempting to locate auto-apply AttributeConverter for property [org.project.neutrino.nfvo.catalogue.mano.record.PhysicalNetworkFunctionRecord:description]
14:11:14.834 [Test worker] DEBUG o.h.c.annotations.SimpleValueBinder - building SimpleValue for description
14:11:14.834 [Test worker] DEBUG o.h.cfg.annotations.PropertyBinder - Building property description
14:11:14.834 [Test worker] DEBUG org.hibernate.cfg.Ejb3Column - Binding column: Ejb3JoinColumn{logicalColumnName='null', referencedColumn='null', mappedBy=''}
14:11:14.834 [Test worker] DEBUG org.hibernate.cfg.Ejb3Column - Binding column: Ejb3Column{table=org.hibernate.mapping.Table(physical_network_function_record), mappingColumn=descriptor_reference, insertable=true, updatable=true, unique=false}
14:11:14.834 [Test worker] DEBUG o.h.cfg.annotations.PropertyBinder - Building property descriptor_reference
14:11:14.835 [Test worker] DEBUG org.hibernate.cfg.Ejb3Column - Binding column: Ejb3Column{table=org.hibernate.mapping.Table(physical_network_function_record), mappingColumn=oam_reference, insertable=true, updatable=true, unique=false}
14:11:14.835 [Test worker] DEBUG o.h.cfg.annotations.PropertyBinder - MetadataSourceProcessor property oam_reference with lazy=false
14:11:14.835 [Test worker] DEBUG o.h.cfg.AbstractPropertyHolder - Attempting to locate auto-apply AttributeConverter for property [org.project.neutrino.nfvo.catalogue.mano.record.PhysicalNetworkFunctionRecord:oam_reference]
14:11:14.835 [Test worker] DEBUG o.h.c.annotations.SimpleValueBinder - building SimpleValue for oam_reference
14:11:14.835 [Test worker] DEBUG o.h.cfg.annotations.PropertyBinder - Building property oam_reference
14:11:14.835 [Test worker] DEBUG org.hibernate.cfg.Ejb3Column - Binding column: Ejb3JoinColumn{logicalColumnName='null', referencedColumn='null', mappedBy=''}
14:11:14.836 [Test worker] DEBUG org.hibernate.cfg.Ejb3Column - Binding column: Ejb3Column{table=org.hibernate.mapping.Table(physical_network_function_record), mappingColumn=parent_ns, insertable=true, updatable=true, unique=false}
14:11:14.836 [Test worker] DEBUG o.h.cfg.annotations.PropertyBinder - Building property parent_ns
14:11:14.836 [Test worker] DEBUG org.hibernate.cfg.Ejb3Column - Binding column: Ejb3JoinColumn{logicalColumnName='null', referencedColumn='null', mappedBy=''}
14:11:14.836 [Test worker] DEBUG org.hibernate.cfg.Ejb3Column - Binding column: Ejb3Column{table=org.hibernate.mapping.Table(physical_network_function_record), mappingColumn=pnf_address, insertable=true, updatable=true, unique=false}
14:11:14.836 [Test worker] DEBUG org.hibernate.cfg.Ejb3Column - Binding column: Ejb3Column{table=org.hibernate.mapping.Table(physical_network_function_record), mappingColumn=null, insertable=true, updatable=true, unique=false}
14:11:14.837 [Test worker] DEBUG org.hibernate.cfg.Ejb3Column - Binding column: Ejb3Column{table=org.hibernate.mapping.Table(physical_network_function_record), mappingColumn=pnf_address, insertable=true, updatable=true, unique=false}
14:11:14.837 [Test worker] DEBUG org.hibernate.cfg.Ejb3Column - Binding column: Ejb3Column{table=org.hibernate.mapping.Table(physical_network_function_record), mappingColumn=pnf_address_key, insertable=true, updatable=true, unique=false}
14:11:14.837 [Test worker] DEBUG org.hibernate.cfg.Ejb3Column - Binding column: Ejb3JoinColumn{logicalColumnName='pnf_address_KEY', referencedColumn='null', mappedBy='null'}
14:11:14.837 [Test worker] DEBUG org.hibernate.cfg.Ejb3Column - Binding column: Ejb3JoinColumn{logicalColumnName='null', referencedColumn='null', mappedBy=''}
14:11:14.837 [Test worker] DEBUG org.hibernate.cfg.Ejb3Column - Binding column: Ejb3JoinColumn{logicalColumnName='null', referencedColumn='null', mappedBy=''}
14:11:14.837 [Test worker] DEBUG o.h.cfg.annotations.CollectionBinder - Collection role: org.project.neutrino.nfvo.catalogue.mano.record.PhysicalNetworkFunctionRecord.pnf_address
14:11:14.837 [Test worker] DEBUG o.h.cfg.annotations.PropertyBinder - Building property pnf_address
14:11:14.838 [Test worker] DEBUG org.hibernate.cfg.Ejb3Column - Binding column: Ejb3Column{table=org.hibernate.mapping.Table(physical_network_function_record), mappingColumn=vendor, insertable=true, updatable=true, unique=false}
14:11:14.838 [Test worker] DEBUG o.h.cfg.annotations.PropertyBinder - MetadataSourceProcessor property vendor with lazy=false
14:11:14.838 [Test worker] DEBUG o.h.cfg.AbstractPropertyHolder - Attempting to locate auto-apply AttributeConverter for property [org.project.neutrino.nfvo.catalogue.mano.record.PhysicalNetworkFunctionRecord:vendor]
14:11:14.838 [Test worker] DEBUG o.h.c.annotations.SimpleValueBinder - building SimpleValue for vendor
14:11:14.838 [Test worker] DEBUG o.h.cfg.annotations.PropertyBinder - Building property vendor
14:11:14.838 [Test worker] DEBUG org.hibernate.cfg.Ejb3Column - Binding column: Ejb3Column{table=org.hibernate.mapping.Table(physical_network_function_record), mappingColumn=version, insertable=true, updatable=true, unique=false}
14:11:14.838 [Test worker] DEBUG o.h.cfg.annotations.PropertyBinder - MetadataSourceProcessor property version with lazy=false
14:11:14.838 [Test worker] DEBUG o.h.cfg.AbstractPropertyHolder - Attempting to locate auto-apply AttributeConverter for property [org.project.neutrino.nfvo.catalogue.mano.record.PhysicalNetworkFunctionRecord:version]
14:11:14.839 [Test worker] DEBUG o.h.c.annotations.SimpleValueBinder - building SimpleValue for version
14:11:14.839 [Test worker] DEBUG o.h.cfg.annotations.PropertyBinder - Building property version
14:11:14.839 [Test worker] DEBUG org.hibernate.cfg.Ejb3Column - Binding column: Ejb3JoinColumn{logicalColumnName='null', referencedColumn='null', mappedBy=''}
14:11:14.839 [Test worker] DEBUG org.hibernate.cfg.Ejb3Column - Binding column: Ejb3Column{table=org.hibernate.mapping.Table(physical_network_function_record), mappingColumn=vnffgr, insertable=true, updatable=true, unique=false}
14:11:14.839 [Test worker] DEBUG org.hibernate.cfg.Ejb3Column - Binding column: Ejb3Column{table=org.hibernate.mapping.Table(physical_network_function_record), mappingColumn=null, insertable=true, updatable=true, unique=false}
14:11:14.839 [Test worker] DEBUG org.hibernate.cfg.Ejb3Column - Binding column: Ejb3Column{table=org.hibernate.mapping.Table(physical_network_function_record), mappingColumn=element, insertable=true, updatable=true, unique=false}
14:11:14.840 [Test worker] DEBUG org.hibernate.cfg.Ejb3Column - Binding column: Ejb3Column{table=org.hibernate.mapping.Table(physical_network_function_record), mappingColumn=vnffgr_key, insertable=true, updatable=true, unique=false}
14:11:14.840 [Test worker] DEBUG org.hibernate.cfg.Ejb3Column - Binding column: Ejb3JoinColumn{logicalColumnName='vnffgr_KEY', referencedColumn='null', mappedBy='null'}
14:11:14.840 [Test worker] DEBUG org.hibernate.cfg.Ejb3Column - Binding column: Ejb3JoinColumn{logicalColumnName='null', referencedColumn='null', mappedBy=''}
14:11:14.840 [Test worker] DEBUG org.hibernate.cfg.Ejb3Column - Binding column: Ejb3JoinColumn{logicalColumnName='null', referencedColumn='null', mappedBy=''}
14:11:14.840 [Test worker] DEBUG o.h.cfg.annotations.CollectionBinder - Collection role: org.project.neutrino.nfvo.catalogue.mano.record.PhysicalNetworkFunctionRecord.vnffgr
14:11:14.840 [Test worker] DEBUG o.h.cfg.annotations.PropertyBinder - Building property vnffgr
14:11:14.841 [Test worker] DEBUG o.h.c.annotations.SimpleValueBinder - Starting fillSimpleValue for Id
14:11:14.841 [Test worker] DEBUG o.h.c.annotations.SimpleValueBinder - Starting fillSimpleValue for hb_version
14:11:14.841 [Test worker] DEBUG o.h.c.annotations.SimpleValueBinder - Starting fillSimpleValue for vendor
14:11:14.841 [Test worker] DEBUG o.h.c.annotations.SimpleValueBinder - Starting fillSimpleValue for version
14:11:14.841 [Test worker] DEBUG o.h.c.annotations.SimpleValueBinder - Starting fillSimpleValue for descriptor_version
14:11:14.842 [Test worker] DEBUG o.h.c.annotations.SimpleValueBinder - Starting fillSimpleValue for manifest_file
14:11:14.842 [Test worker] DEBUG o.h.c.annotations.SimpleValueBinder - Starting fillSimpleValue for id
14:11:14.842 [Test worker] DEBUG o.h.c.annotations.SimpleValueBinder - Starting fillSimpleValue for version
14:11:14.842 [Test worker] DEBUG o.h.c.annotations.SimpleValueBinder - Starting fillSimpleValue for id
14:11:14.842 [Test worker] DEBUG o.h.c.annotations.SimpleValueBinder - Starting fillSimpleValue for flavour_key
14:11:14.842 [Test worker] DEBUG o.h.c.annotations.SimpleValueBinder - Starting fillSimpleValue for version
14:11:14.842 [Test worker] DEBUG o.h.c.annotations.SimpleValueBinder - Starting fillSimpleValue for id
14:11:14.842 [Test worker] DEBUG o.h.c.annotations.SimpleValueBinder - Starting fillSimpleValue for version
14:11:14.842 [Test worker] DEBUG o.h.c.annotations.SimpleValueBinder - Starting fillSimpleValue for id
14:11:14.843 [Test worker] DEBUG o.h.c.annotations.SimpleValueBinder - Starting fillSimpleValue for audit_log
14:11:14.843 [Test worker] DEBUG o.h.c.annotations.SimpleValueBinder - Starting fillSimpleValue for notification
14:11:14.843 [Test worker] DEBUG o.h.c.annotations.SimpleValueBinder - Starting fillSimpleValue for resource_reservation
14:11:14.843 [Test worker] DEBUG o.h.c.annotations.SimpleValueBinder - Starting fillSimpleValue for runtime_policy_info
14:11:14.843 [Test worker] DEBUG o.h.c.annotations.SimpleValueBinder - Starting fillSimpleValue for status
14:11:14.844 [Test worker] DEBUG o.h.c.annotations.SimpleValueBinder - Starting fillSimpleValue for vendor
14:11:14.844 [Test worker] DEBUG o.h.c.annotations.SimpleValueBinder - Starting fillSimpleValue for version
14:11:14.844 [Test worker] DEBUG o.h.c.annotations.SimpleValueBinder - Starting fillSimpleValue for id
14:11:14.844 [Test worker] DEBUG o.h.c.annotations.SimpleValueBinder - Starting fillSimpleValue for version
14:11:14.844 [Test worker] DEBUG o.h.c.annotations.SimpleValueBinder - Starting fillSimpleValue for id
14:11:14.844 [Test worker] DEBUG o.h.c.annotations.SimpleValueBinder - Starting fillSimpleValue for descriptor_version
14:11:14.844 [Test worker] DEBUG o.h.c.annotations.SimpleValueBinder - Starting fillSimpleValue for hb_version
14:11:14.844 [Test worker] DEBUG o.h.c.annotations.SimpleValueBinder - Starting fillSimpleValue for number_of_endpoints
14:11:14.844 [Test worker] DEBUG o.h.c.annotations.SimpleValueBinder - Starting fillSimpleValue for number_of_virtual_links
14:11:14.845 [Test worker] DEBUG o.h.c.annotations.SimpleValueBinder - Starting fillSimpleValue for vendor
14:11:14.845 [Test worker] DEBUG o.h.c.annotations.SimpleValueBinder - Starting fillSimpleValue for version
14:11:14.845 [Test worker] DEBUG o.h.c.annotations.SimpleValueBinder - Starting fillSimpleValue for id
14:11:14.845 [Test worker] DEBUG o.h.c.annotations.SimpleValueBinder - Starting fillSimpleValue for connectivity_type
14:11:14.845 [Test worker] DEBUG o.h.c.annotations.SimpleValueBinder - Starting fillSimpleValue for leaf_requirement
14:11:14.845 [Test worker] DEBUG o.h.c.annotations.SimpleValueBinder - Starting fillSimpleValue for root_requirement
14:11:14.845 [Test worker] DEBUG o.h.c.annotations.SimpleValueBinder - Starting fillSimpleValue for version
14:11:14.846 [Test worker] DEBUG o.h.c.annotations.SimpleValueBinder - Starting fillSimpleValue for descriptor_version
14:11:14.846 [Test worker] DEBUG o.h.c.annotations.SimpleValueBinder - Starting fillSimpleValue for number_of_endpoints
14:11:14.846 [Test worker] DEBUG o.h.c.annotations.SimpleValueBinder - Starting fillSimpleValue for vendor
14:11:14.846 [Test worker] DEBUG o.h.c.annotations.SimpleValueBinder - Starting fillSimpleValue for id
14:11:14.846 [Test worker] DEBUG o.h.c.annotations.SimpleValueBinder - Starting fillSimpleValue for description
14:11:14.846 [Test worker] DEBUG o.h.c.annotations.SimpleValueBinder - Starting fillSimpleValue for descriptor_version
14:11:14.847 [Test worker] DEBUG o.h.c.annotations.SimpleValueBinder - Starting fillSimpleValue for hb_version
14:11:14.847 [Test worker] DEBUG o.h.c.annotations.SimpleValueBinder - Starting fillSimpleValue for vendor
14:11:14.847 [Test worker] DEBUG o.h.c.annotations.SimpleValueBinder - Starting fillSimpleValue for version
14:11:14.847 [Test worker] DEBUG o.h.c.annotations.SimpleValueBinder - Starting fillSimpleValue for id
14:11:14.847 [Test worker] DEBUG o.h.c.annotations.SimpleValueBinder - Starting fillSimpleValue for version
14:11:14.847 [Test worker] DEBUG o.h.c.annotations.SimpleValueBinder - Starting fillSimpleValue for id
14:11:14.847 [Test worker] DEBUG o.h.c.annotations.SimpleValueBinder - Starting fillSimpleValue for type
14:11:14.847 [Test worker] DEBUG o.h.c.annotations.SimpleValueBinder - Starting fillSimpleValue for version
14:11:14.848 [Test worker] DEBUG o.h.c.annotations.SimpleValueBinder - Starting fillSimpleValue for virtual_link_reference
14:11:14.848 [Test worker] DEBUG o.h.c.annotations.SimpleValueBinder - Starting fillSimpleValue for id
14:11:14.848 [Test worker] DEBUG o.h.c.annotations.SimpleValueBinder - Starting fillSimpleValue for audit_log
14:11:14.848 [Test worker] DEBUG o.h.c.annotations.SimpleValueBinder - Starting fillSimpleValue for descriptor_reference
14:11:14.848 [Test worker] DEBUG o.h.c.annotations.SimpleValueBinder - Starting fillSimpleValue for localization
14:11:14.848 [Test worker] DEBUG o.h.c.annotations.SimpleValueBinder - Starting fillSimpleValue for status
14:11:14.848 [Test worker] DEBUG o.h.c.annotations.SimpleValueBinder - Starting fillSimpleValue for vendor
14:11:14.848 [Test worker] DEBUG o.h.c.annotations.SimpleValueBinder - Starting fillSimpleValue for version
14:11:14.849 [Test worker] DEBUG o.h.c.annotations.SimpleValueBinder - Starting fillSimpleValue for vnfm_id
14:11:14.849 [Test worker] DEBUG o.h.c.annotations.SimpleValueBinder - Starting fillSimpleValue for id
14:11:14.849 [Test worker] DEBUG o.h.c.annotations.SimpleValueBinder - Starting fillSimpleValue for version
14:11:14.849 [Test worker] DEBUG o.h.c.annotations.SimpleValueBinder - Starting fillSimpleValue for id
14:11:14.849 [Test worker] DEBUG o.h.c.annotations.SimpleValueBinder - Starting fillSimpleValue for version
14:11:14.849 [Test worker] DEBUG o.h.c.annotations.SimpleValueBinder - Starting fillSimpleValue for id
14:11:14.849 [Test worker] DEBUG o.h.c.annotations.SimpleValueBinder - Starting fillSimpleValue for version
14:11:14.849 [Test worker] DEBUG o.h.c.annotations.SimpleValueBinder - Starting fillSimpleValue for id
14:11:14.850 [Test worker] DEBUG o.h.c.annotations.SimpleValueBinder - Starting fillSimpleValue for computation_requirement
14:11:14.850 [Test worker] DEBUG o.h.c.annotations.SimpleValueBinder - Starting fillSimpleValue for high_availability
14:11:14.850 [Test worker] DEBUG o.h.c.annotations.SimpleValueBinder - Starting fillSimpleValue for scale_in_out
14:11:14.850 [Test worker] DEBUG o.h.c.annotations.SimpleValueBinder - Starting fillSimpleValue for vdu_constraint
14:11:14.850 [Test worker] DEBUG o.h.c.annotations.SimpleValueBinder - Starting fillSimpleValue for version
14:11:14.850 [Test worker] DEBUG o.h.c.annotations.SimpleValueBinder - Starting fillSimpleValue for virtual_memory_resource_element
14:11:14.851 [Test worker] DEBUG o.h.c.annotations.SimpleValueBinder - Starting fillSimpleValue for virtual_network_bandwidth_resource
14:11:14.851 [Test worker] DEBUG o.h.c.annotations.SimpleValueBinder - Starting fillSimpleValue for id
14:11:14.851 [Test worker] DEBUG o.h.c.annotations.SimpleValueBinder - Starting fillSimpleValue for affinity
14:11:14.851 [Test worker] DEBUG o.h.c.annotations.SimpleValueBinder - Starting fillSimpleValue for capability
14:11:14.851 [Test worker] DEBUG o.h.c.annotations.SimpleValueBinder - Starting fillSimpleValue for number_of_instances
14:11:14.851 [Test worker] DEBUG o.h.c.annotations.SimpleValueBinder - Starting fillSimpleValue for redundancy_model
14:11:14.851 [Test worker] DEBUG o.h.c.annotations.SimpleValueBinder - Starting fillSimpleValue for version
14:11:14.851 [Test worker] DEBUG o.h.c.annotations.SimpleValueBinder - Starting fillSimpleValue for vnf_flavour_id_reference
14:11:14.852 [Test worker] DEBUG o.h.c.annotations.SimpleValueBinder - Starting fillSimpleValue for vnf_reference
14:11:14.852 [Test worker] DEBUG o.h.c.annotations.SimpleValueBinder - Starting fillSimpleValue for id
14:11:14.852 [Test worker] DEBUG o.h.c.annotations.SimpleValueBinder - Starting fillSimpleValue for constituent_vnfc
14:11:14.852 [Test worker] DEBUG o.h.c.annotations.SimpleValueBinder - Starting fillSimpleValue for number_of_instances
14:11:14.852 [Test worker] DEBUG o.h.c.annotations.SimpleValueBinder - Starting fillSimpleValue for vdu_reference
14:11:14.852 [Test worker] DEBUG o.h.c.annotations.SimpleValueBinder - Starting fillSimpleValue for version
14:11:14.852 [Test worker] DEBUG o.h.c.annotations.SimpleValueBinder - Starting fillSimpleValue for id
14:11:14.852 [Test worker] DEBUG o.h.c.annotations.SimpleValueBinder - Starting fillSimpleValue for connectivity_type
14:11:14.853 [Test worker] DEBUG o.h.c.annotations.SimpleValueBinder - Starting fillSimpleValue for descriptor_reference
14:11:14.853 [Test worker] DEBUG o.h.c.annotations.SimpleValueBinder - Starting fillSimpleValue for leaf_requirement
14:11:14.853 [Test worker] DEBUG o.h.c.annotations.SimpleValueBinder - Starting fillSimpleValue for number_of_enpoints
14:11:14.853 [Test worker] DEBUG o.h.c.annotations.SimpleValueBinder - Starting fillSimpleValue for parent_ns
14:11:14.853 [Test worker] DEBUG o.h.c.annotations.SimpleValueBinder - Starting fillSimpleValue for root_requirement
14:11:14.853 [Test worker] DEBUG o.h.c.annotations.SimpleValueBinder - Starting fillSimpleValue for status
14:11:14.853 [Test worker] DEBUG o.h.c.annotations.SimpleValueBinder - Starting fillSimpleValue for test_access
14:11:14.854 [Test worker] DEBUG o.h.c.annotations.SimpleValueBinder - Starting fillSimpleValue for vendor
14:11:14.854 [Test worker] DEBUG o.h.c.annotations.SimpleValueBinder - Starting fillSimpleValue for version
14:11:14.854 [Test worker] DEBUG o.h.c.annotations.SimpleValueBinder - Starting fillSimpleValue for vim_id
14:11:14.854 [Test worker] DEBUG o.h.c.annotations.SimpleValueBinder - Starting fillSimpleValue for id
14:11:14.854 [Test worker] DEBUG o.h.c.annotations.SimpleValueBinder - Starting fillSimpleValue for audit_log
14:11:14.854 [Test worker] DEBUG o.h.c.annotations.SimpleValueBinder - Starting fillSimpleValue for number_of_endpoints
14:11:14.854 [Test worker] DEBUG o.h.c.annotations.SimpleValueBinder - Starting fillSimpleValue for number_of_pnfs
14:11:14.855 [Test worker] DEBUG o.h.c.annotations.SimpleValueBinder - Starting fillSimpleValue for number_of_virtual_links
14:11:14.855 [Test worker] DEBUG o.h.c.annotations.SimpleValueBinder - Starting fillSimpleValue for number_of_vnfs
14:11:14.855 [Test worker] DEBUG o.h.c.annotations.SimpleValueBinder - Starting fillSimpleValue for status
14:11:14.855 [Test worker] DEBUG o.h.c.annotations.SimpleValueBinder - Starting fillSimpleValue for vendor
14:11:14.855 [Test worker] DEBUG o.h.c.annotations.SimpleValueBinder - Starting fillSimpleValue for version
14:11:14.855 [Test worker] DEBUG o.h.c.annotations.SimpleValueBinder - Starting fillSimpleValue for id
14:11:14.855 [Test worker] DEBUG o.h.c.annotations.SimpleValueBinder - Starting fillSimpleValue for version
14:11:14.856 [Test worker] DEBUG o.h.c.annotations.SimpleValueBinder - Starting fillSimpleValue for id
14:11:14.856 [Test worker] DEBUG o.h.c.annotations.SimpleValueBinder - Starting fillSimpleValue for description
14:11:14.856 [Test worker] DEBUG o.h.c.annotations.SimpleValueBinder - Starting fillSimpleValue for oam_reference
14:11:14.856 [Test worker] DEBUG o.h.c.annotations.SimpleValueBinder - Starting fillSimpleValue for vendor
14:11:14.856 [Test worker] DEBUG o.h.c.annotations.SimpleValueBinder - Starting fillSimpleValue for version
14:11:14.857 [Test worker] DEBUG org.hibernate.cfg.Configuration - Processing fk mappings (*ToOne and JoinedSubclass)
14:11:14.866 [Test worker] DEBUG org.hibernate.cfg.Configuration - Processing extends queue
14:11:14.866 [Test worker] DEBUG org.hibernate.cfg.Configuration - Processing extends queue
14:11:14.866 [Test worker] DEBUG org.hibernate.cfg.Configuration - Processing collection mappings
14:11:14.867 [Test worker] DEBUG o.hibernate.cfg.CollectionSecondPass - Second pass for collection: org.project.neutrino.nfvo.catalogue.mano.record.PhysicalNetworkFunctionRecord.vnffgr
14:11:14.867 [Test worker] DEBUG o.h.cfg.annotations.CollectionBinder - Binding a OneToMany: org.project.neutrino.nfvo.catalogue.mano.record.PhysicalNetworkFunctionRecord.vnffgr through an association table
14:11:14.869 [Test worker] DEBUG o.hibernate.cfg.CollectionSecondPass - Mapped collection key: physical_network_function_record_id, element: vnffgr_id
14:11:14.870 [Test worker] DEBUG o.hibernate.cfg.CollectionSecondPass - Second pass for collection: org.project.neutrino.nfvo.catalogue.mano.record.PhysicalNetworkFunctionRecord.pnf_address
14:11:14.870 [Test worker] DEBUG o.h.cfg.annotations.CollectionBinder - Binding a collection of element: org.project.neutrino.nfvo.catalogue.mano.record.PhysicalNetworkFunctionRecord.pnf_address
14:11:14.871 [Test worker] DEBUG o.h.cfg.CollectionPropertyHolder - Attempting to locate auto-apply AttributeConverter for collection element [org.project.neutrino.nfvo.catalogue.mano.record.PhysicalNetworkFunctionRecord.pnf_address]
14:11:14.872 [Test worker] DEBUG o.h.c.annotations.SimpleValueBinder - building SimpleValue for null
14:11:14.872 [Test worker] DEBUG o.h.c.annotations.SimpleValueBinder - Starting fillSimpleValue for null
14:11:14.872 [Test worker] DEBUG o.hibernate.cfg.CollectionSecondPass - Mapped collection key: physical_network_function_record_id, element: pnf_address
14:11:14.872 [Test worker] DEBUG o.hibernate.cfg.CollectionSecondPass - Second pass for collection: org.project.neutrino.nfvo.catalogue.mano.record.PhysicalNetworkFunctionRecord.connection_point
14:11:14.872 [Test worker] DEBUG o.h.cfg.annotations.CollectionBinder - Binding a OneToMany: org.project.neutrino.nfvo.catalogue.mano.record.PhysicalNetworkFunctionRecord.connection_point through an association table
14:11:14.873 [Test worker] DEBUG o.hibernate.cfg.CollectionSecondPass - Mapped collection key: physical_network_function_record_id, element: connection_point_id
14:11:14.873 [Test worker] DEBUG o.hibernate.cfg.CollectionSecondPass - Second pass for collection: org.project.neutrino.nfvo.catalogue.mano.record.PhysicalNetworkFunctionRecord.connected_virtual_link
14:11:14.873 [Test worker] DEBUG o.h.cfg.annotations.CollectionBinder - Binding a OneToMany: org.project.neutrino.nfvo.catalogue.mano.record.PhysicalNetworkFunctionRecord.connected_virtual_link through an association table
14:11:14.874 [Test worker] DEBUG o.hibernate.cfg.CollectionSecondPass - Mapped collection key: physical_network_function_record_id, element: connected_virtual_link_id
14:11:14.874 [Test worker] DEBUG o.hibernate.cfg.CollectionSecondPass - Second pass for collection: org.project.neutrino.nfvo.catalogue.mano.record.VNFForwardingGraphRecord.notification
14:11:14.874 [Test worker] DEBUG o.h.cfg.annotations.CollectionBinder - Binding a collection of element: org.project.neutrino.nfvo.catalogue.mano.record.VNFForwardingGraphRecord.notification
14:11:14.875 [Test worker] DEBUG o.h.cfg.CollectionPropertyHolder - Attempting to locate auto-apply AttributeConverter for collection element [org.project.neutrino.nfvo.catalogue.mano.record.VNFForwardingGraphRecord.notification]
14:11:14.875 [Test worker] DEBUG o.h.c.annotations.SimpleValueBinder - building SimpleValue for null
14:11:14.875 [Test worker] DEBUG o.h.c.annotations.SimpleValueBinder - Starting fillSimpleValue for null
14:11:14.876 [Test worker] DEBUG o.hibernate.cfg.CollectionSecondPass - Mapped collection key: vnfforwarding_graph_record_id, element: notification
14:11:14.876 [Test worker] DEBUG o.hibernate.cfg.CollectionSecondPass - Second pass for collection: org.project.neutrino.nfvo.catalogue.mano.record.VNFForwardingGraphRecord.member_vnfs
14:11:14.876 [Test worker] DEBUG o.h.cfg.annotations.CollectionBinder - Binding a OneToMany: org.project.neutrino.nfvo.catalogue.mano.record.VNFForwardingGraphRecord.member_vnfs through an association table
14:11:14.876 [Test worker] DEBUG o.hibernate.cfg.CollectionSecondPass - Mapped collection key: vnfforwarding_graph_record_id, element: member_vnfs_id
14:11:14.877 [Test worker] DEBUG o.hibernate.cfg.CollectionSecondPass - Second pass for collection: org.project.neutrino.nfvo.catalogue.mano.record.VNFForwardingGraphRecord.lifecycle_event_history
14:11:14.877 [Test worker] DEBUG o.h.cfg.annotations.CollectionBinder - Binding a OneToMany: org.project.neutrino.nfvo.catalogue.mano.record.VNFForwardingGraphRecord.lifecycle_event_history through an association table
14:11:14.877 [Test worker] DEBUG o.hibernate.cfg.CollectionSecondPass - Mapped collection key: vnfforwarding_graph_record_id, element: lifecycle_event_history_id
14:11:14.878 [Test worker] DEBUG o.hibernate.cfg.CollectionSecondPass - Second pass for collection: org.project.neutrino.nfvo.catalogue.mano.record.VNFForwardingGraphRecord.dependent_virtual_link
14:11:14.878 [Test worker] DEBUG o.h.cfg.annotations.CollectionBinder - Binding a OneToMany: org.project.neutrino.nfvo.catalogue.mano.record.VNFForwardingGraphRecord.dependent_virtual_link through an association table
14:11:14.903 [Test worker] DEBUG o.hibernate.cfg.CollectionSecondPass - Mapped collection key: vnfforwarding_graph_record_id, element: dependent_virtual_link_id
14:11:14.904 [Test worker] DEBUG o.hibernate.cfg.CollectionSecondPass - Second pass for collection: org.project.neutrino.nfvo.catalogue.mano.record.VNFForwardingGraphRecord.connection_point
14:11:14.905 [Test worker] DEBUG o.h.cfg.annotations.CollectionBinder - Binding a OneToMany: org.project.neutrino.nfvo.catalogue.mano.record.VNFForwardingGraphRecord.connection_point through an association table
14:11:14.906 [Test worker] DEBUG o.hibernate.cfg.CollectionSecondPass - Mapped collection key: vnfforwarding_graph_record_id, element: connection_point_id
14:11:14.906 [Test worker] DEBUG o.hibernate.cfg.CollectionSecondPass - Second pass for collection: org.project.neutrino.nfvo.catalogue.mano.record.VirtualLinkRecord.vnffgr_reference
14:11:14.906 [Test worker] DEBUG o.h.cfg.annotations.CollectionBinder - Binding a OneToMany: org.project.neutrino.nfvo.catalogue.mano.record.VirtualLinkRecord.vnffgr_reference through an association table
14:11:14.907 [Test worker] DEBUG o.hibernate.cfg.CollectionSecondPass - Mapped collection key: virtual_link_record_id, element: vnffgr_reference_id
14:11:14.907 [Test worker] DEBUG o.hibernate.cfg.CollectionSecondPass - Second pass for collection: org.project.neutrino.nfvo.catalogue.mano.record.VirtualLinkRecord.qos
14:11:14.907 [Test worker] DEBUG o.h.cfg.annotations.CollectionBinder - Binding a collection of element: org.project.neutrino.nfvo.catalogue.mano.record.VirtualLinkRecord.qos
14:11:14.907 [Test worker] DEBUG o.h.cfg.CollectionPropertyHolder - Attempting to locate auto-apply AttributeConverter for collection element [org.project.neutrino.nfvo.catalogue.mano.record.VirtualLinkRecord.qos]
14:11:14.907 [Test worker] DEBUG o.h.c.annotations.SimpleValueBinder - building SimpleValue for null
14:11:14.907 [Test worker] DEBUG o.h.c.annotations.SimpleValueBinder - Starting fillSimpleValue for null
14:11:14.908 [Test worker] DEBUG o.hibernate.cfg.CollectionSecondPass - Mapped collection key: virtual_link_record_id, element: qos
14:11:14.908 [Test worker] DEBUG o.hibernate.cfg.CollectionSecondPass - Second pass for collection: org.project.neutrino.nfvo.catalogue.mano.record.VirtualLinkRecord.notification
14:11:14.908 [Test worker] DEBUG o.h.cfg.annotations.CollectionBinder - Binding a collection of element: org.project.neutrino.nfvo.catalogue.mano.record.VirtualLinkRecord.notification
14:11:14.908 [Test worker] DEBUG o.h.cfg.CollectionPropertyHolder - Attempting to locate auto-apply AttributeConverter for collection element [org.project.neutrino.nfvo.catalogue.mano.record.VirtualLinkRecord.notification]
14:11:14.908 [Test worker] DEBUG o.h.c.annotations.SimpleValueBinder - building SimpleValue for null
14:11:14.908 [Test worker] DEBUG o.h.c.annotations.SimpleValueBinder - Starting fillSimpleValue for null
14:11:14.909 [Test worker] DEBUG o.hibernate.cfg.CollectionSecondPass - Mapped collection key: virtual_link_record_id, element: notification
14:11:14.909 [Test worker] DEBUG o.hibernate.cfg.CollectionSecondPass - Second pass for collection: org.project.neutrino.nfvo.catalogue.mano.record.VirtualLinkRecord.lifecycle_event_history
14:11:14.909 [Test worker] DEBUG o.h.cfg.annotations.CollectionBinder - Binding a OneToMany: org.project.neutrino.nfvo.catalogue.mano.record.VirtualLinkRecord.lifecycle_event_history through an association table
14:11:14.909 [Test worker] DEBUG o.hibernate.cfg.CollectionSecondPass - Mapped collection key: virtual_link_record_id, element: lifecycle_event_history_id
14:11:14.909 [Test worker] DEBUG o.hibernate.cfg.CollectionSecondPass - Second pass for collection: org.project.neutrino.nfvo.catalogue.mano.record.VirtualLinkRecord.connection
14:11:14.909 [Test worker] DEBUG o.h.cfg.annotations.CollectionBinder - Binding a collection of element: org.project.neutrino.nfvo.catalogue.mano.record.VirtualLinkRecord.connection
14:11:14.910 [Test worker] DEBUG o.h.cfg.CollectionPropertyHolder - Attempting to locate auto-apply AttributeConverter for collection element [org.project.neutrino.nfvo.catalogue.mano.record.VirtualLinkRecord.connection]
14:11:14.910 [Test worker] DEBUG o.h.c.annotations.SimpleValueBinder - building SimpleValue for null
14:11:14.910 [Test worker] DEBUG o.h.c.annotations.SimpleValueBinder - Starting fillSimpleValue for null
14:11:14.910 [Test worker] DEBUG o.hibernate.cfg.CollectionSecondPass - Mapped collection key: virtual_link_record_id, element: connection
14:11:14.910 [Test worker] DEBUG o.hibernate.cfg.CollectionSecondPass - Second pass for collection: org.project.neutrino.nfvo.catalogue.mano.record.VirtualLinkRecord.audit_log
14:11:14.910 [Test worker] DEBUG o.h.cfg.annotations.CollectionBinder - Binding a collection of element: org.project.neutrino.nfvo.catalogue.mano.record.VirtualLinkRecord.audit_log
14:11:14.911 [Test worker] DEBUG o.h.cfg.CollectionPropertyHolder - Attempting to locate auto-apply AttributeConverter for collection element [org.project.neutrino.nfvo.catalogue.mano.record.VirtualLinkRecord.audit_log]
14:11:14.911 [Test worker] DEBUG o.h.c.annotations.SimpleValueBinder - building SimpleValue for null
14:11:14.911 [Test worker] DEBUG o.h.c.annotations.SimpleValueBinder - Starting fillSimpleValue for null
14:11:14.911 [Test worker] DEBUG o.hibernate.cfg.CollectionSecondPass - Mapped collection key: virtual_link_record_id, element: audit_log
14:11:14.911 [Test worker] DEBUG o.hibernate.cfg.CollectionSecondPass - Second pass for collection: org.project.neutrino.nfvo.catalogue.mano.record.VirtualLinkRecord.allocated_capacity
14:11:14.911 [Test worker] DEBUG o.h.cfg.annotations.CollectionBinder - Binding a collection of element: org.project.neutrino.nfvo.catalogue.mano.record.VirtualLinkRecord.allocated_capacity
14:11:14.912 [Test worker] DEBUG o.h.cfg.CollectionPropertyHolder - Attempting to locate auto-apply AttributeConverter for collection element [org.project.neutrino.nfvo.catalogue.mano.record.VirtualLinkRecord.allocated_capacity]
14:11:14.912 [Test worker] DEBUG o.h.c.annotations.SimpleValueBinder - building SimpleValue for null
14:11:14.912 [Test worker] DEBUG o.h.c.annotations.SimpleValueBinder - Starting fillSimpleValue for null
14:11:14.912 [Test worker] DEBUG o.hibernate.cfg.CollectionSecondPass - Mapped collection key: virtual_link_record_id, element: allocated_capacity
14:11:14.912 [Test worker] DEBUG o.hibernate.cfg.CollectionSecondPass - Second pass for collection: org.project.neutrino.nfvo.catalogue.mano.descriptor.VirtualDeploymentUnit.vnfc
14:11:14.912 [Test worker] DEBUG o.h.cfg.annotations.CollectionBinder - Binding a OneToMany: org.project.neutrino.nfvo.catalogue.mano.descriptor.VirtualDeploymentUnit.vnfc through an association table
14:11:14.913 [Test worker] DEBUG o.hibernate.cfg.CollectionSecondPass - Mapped collection key: virtual_deployment_unit_id, element: vnfc_id
14:11:14.913 [Test worker] DEBUG o.hibernate.cfg.CollectionSecondPass - Second pass for collection: org.project.neutrino.nfvo.catalogue.mano.descriptor.VirtualDeploymentUnit.vm_image
14:11:14.913 [Test worker] DEBUG o.h.cfg.annotations.CollectionBinder - Binding a collection of element: org.project.neutrino.nfvo.catalogue.mano.descriptor.VirtualDeploymentUnit.vm_image
14:11:14.913 [Test worker] DEBUG o.h.cfg.CollectionPropertyHolder - Attempting to locate auto-apply AttributeConverter for collection element [org.project.neutrino.nfvo.catalogue.mano.descriptor.VirtualDeploymentUnit.vm_image]
14:11:14.913 [Test worker] DEBUG o.h.c.annotations.SimpleValueBinder - building SimpleValue for null
14:11:14.913 [Test worker] DEBUG o.h.c.annotations.SimpleValueBinder - Starting fillSimpleValue for null
14:11:14.914 [Test worker] DEBUG o.hibernate.cfg.CollectionSecondPass - Mapped collection key: virtual_deployment_unit_id, element: vm_image
14:11:14.914 [Test worker] DEBUG o.hibernate.cfg.CollectionSecondPass - Second pass for collection: org.project.neutrino.nfvo.catalogue.mano.descriptor.VirtualDeploymentUnit.monitoring_parameter
14:11:14.914 [Test worker] DEBUG o.h.cfg.annotations.CollectionBinder - Binding a collection of element: org.project.neutrino.nfvo.catalogue.mano.descriptor.VirtualDeploymentUnit.monitoring_parameter
14:11:14.914 [Test worker] DEBUG o.h.cfg.CollectionPropertyHolder - Attempting to locate auto-apply AttributeConverter for collection element [org.project.neutrino.nfvo.catalogue.mano.descriptor.VirtualDeploymentUnit.monitoring_parameter]
14:11:14.914 [Test worker] DEBUG o.h.c.annotations.SimpleValueBinder - building SimpleValue for null
14:11:14.914 [Test worker] DEBUG o.h.c.annotations.SimpleValueBinder - Starting fillSimpleValue for null
14:11:14.914 [Test worker] DEBUG o.hibernate.cfg.CollectionSecondPass - Mapped collection key: virtual_deployment_unit_id, element: monitoring_parameter
14:11:14.914 [Test worker] DEBUG o.hibernate.cfg.CollectionSecondPass - Second pass for collection: org.project.neutrino.nfvo.catalogue.mano.descriptor.VirtualDeploymentUnit.lifecycle_event
14:11:14.914 [Test worker] DEBUG o.h.cfg.annotations.CollectionBinder - Binding a OneToMany: org.project.neutrino.nfvo.catalogue.mano.descriptor.VirtualDeploymentUnit.lifecycle_event through an association table
14:11:14.915 [Test worker] DEBUG o.hibernate.cfg.CollectionSecondPass - Mapped collection key: virtual_deployment_unit_id, element: lifecycle_event_id
14:11:14.915 [Test worker] DEBUG o.hibernate.cfg.CollectionSecondPass - Second pass for collection: org.project.neutrino.nfvo.catalogue.mano.common.LifecycleEvent.lifecycle_events
14:11:14.915 [Test worker] DEBUG o.h.cfg.annotations.CollectionBinder - Binding a collection of element: org.project.neutrino.nfvo.catalogue.mano.common.LifecycleEvent.lifecycle_events
14:11:14.915 [Test worker] DEBUG o.h.cfg.CollectionPropertyHolder - Attempting to locate auto-apply AttributeConverter for collection element [org.project.neutrino.nfvo.catalogue.mano.common.LifecycleEvent.lifecycle_events]
14:11:14.915 [Test worker] DEBUG o.h.c.annotations.SimpleValueBinder - building SimpleValue for null
14:11:14.915 [Test worker] DEBUG o.h.c.annotations.SimpleValueBinder - Starting fillSimpleValue for null
14:11:14.916 [Test worker] DEBUG o.h.cfg.CollectionPropertyHolder - Attempting to locate auto-apply AttributeConverter for collection key [org.project.neutrino.nfvo.catalogue.mano.common.LifecycleEvent.lifecycle_events]
14:11:14.916 [Test worker] DEBUG o.h.c.annotations.SimpleValueBinder - building SimpleValue for null
14:11:14.916 [Test worker] DEBUG o.h.c.annotations.SimpleValueBinder - Starting fillSimpleValue for null
14:11:14.917 [Test worker] DEBUG o.hibernate.cfg.CollectionSecondPass - Mapped collection key: lifecycle_event_id, index: lifecycle_events_key, element: lifecycle_events
14:11:14.917 [Test worker] DEBUG o.hibernate.cfg.CollectionSecondPass - Second pass for collection: org.project.neutrino.nfvo.catalogue.mano.record.VirtualNetworkFunctionRecord.vnf_address
14:11:14.917 [Test worker] DEBUG o.h.cfg.annotations.CollectionBinder - Binding a collection of element: org.project.neutrino.nfvo.catalogue.mano.record.VirtualNetworkFunctionRecord.vnf_address
14:11:14.917 [Test worker] DEBUG o.h.cfg.CollectionPropertyHolder - Attempting to locate auto-apply AttributeConverter for collection element [org.project.neutrino.nfvo.catalogue.mano.record.VirtualNetworkFunctionRecord.vnf_address]
14:11:14.917 [Test worker] DEBUG o.h.c.annotations.SimpleValueBinder - building SimpleValue for null
14:11:14.917 [Test worker] DEBUG o.h.c.annotations.SimpleValueBinder - Starting fillSimpleValue for null
14:11:14.917 [Test worker] DEBUG o.hibernate.cfg.CollectionSecondPass - Mapped collection key: virtual_network_function_record_id, element: vnf_address
14:11:14.917 [Test worker] DEBUG o.hibernate.cfg.CollectionSecondPass - Second pass for collection: org.project.neutrino.nfvo.catalogue.mano.record.VirtualNetworkFunctionRecord.virtual_link
14:11:14.917 [Test worker] DEBUG o.h.cfg.annotations.CollectionBinder - Binding a OneToMany: org.project.neutrino.nfvo.catalogue.mano.record.VirtualNetworkFunctionRecord.virtual_link through an association table
14:11:14.918 [Test worker] DEBUG o.hibernate.cfg.CollectionSecondPass - Mapped collection key: virtual_network_function_record_id, element: virtual_link_id
14:11:14.918 [Test worker] DEBUG o.hibernate.cfg.CollectionSecondPass - Second pass for collection: org.project.neutrino.nfvo.catalogue.mano.record.VirtualNetworkFunctionRecord.vdu
14:11:14.918 [Test worker] DEBUG o.h.cfg.annotations.CollectionBinder - Binding a OneToMany: org.project.neutrino.nfvo.catalogue.mano.record.VirtualNetworkFunctionRecord.vdu through an association table
14:11:14.919 [Test worker] DEBUG o.hibernate.cfg.CollectionSecondPass - Mapped collection key: virtual_network_function_record_id, element: vdu_id
14:11:14.919 [Test worker] DEBUG o.hibernate.cfg.CollectionSecondPass - Second pass for collection: org.project.neutrino.nfvo.catalogue.mano.record.VirtualNetworkFunctionRecord.runtime_policy_info
14:11:14.919 [Test worker] DEBUG o.h.cfg.annotations.CollectionBinder - Binding a collection of element: org.project.neutrino.nfvo.catalogue.mano.record.VirtualNetworkFunctionRecord.runtime_policy_info
14:11:14.919 [Test worker] DEBUG o.h.cfg.CollectionPropertyHolder - Attempting to locate auto-apply AttributeConverter for collection element [org.project.neutrino.nfvo.catalogue.mano.record.VirtualNetworkFunctionRecord.runtime_policy_info]
14:11:14.919 [Test worker] DEBUG o.h.c.annotations.SimpleValueBinder - building SimpleValue for null
14:11:14.919 [Test worker] DEBUG o.h.c.annotations.SimpleValueBinder - Starting fillSimpleValue for null
14:11:14.919 [Test worker] DEBUG o.hibernate.cfg.CollectionSecondPass - Mapped collection key: virtual_network_function_record_id, element: runtime_policy_info
14:11:14.919 [Test worker] DEBUG o.hibernate.cfg.CollectionSecondPass - Second pass for collection: org.project.neutrino.nfvo.catalogue.mano.record.VirtualNetworkFunctionRecord.notification
14:11:14.919 [Test worker] DEBUG o.h.cfg.annotations.CollectionBinder - Binding a collection of element: org.project.neutrino.nfvo.catalogue.mano.record.VirtualNetworkFunctionRecord.notification
14:11:14.920 [Test worker] DEBUG o.h.cfg.CollectionPropertyHolder - Attempting to locate auto-apply AttributeConverter for collection element [org.project.neutrino.nfvo.catalogue.mano.record.VirtualNetworkFunctionRecord.notification]
14:11:14.920 [Test worker] DEBUG o.h.c.annotations.SimpleValueBinder - building SimpleValue for null
14:11:14.920 [Test worker] DEBUG o.h.c.annotations.SimpleValueBinder - Starting fillSimpleValue for null
14:11:14.920 [Test worker] DEBUG o.hibernate.cfg.CollectionSecondPass - Mapped collection key: virtual_network_function_record_id, element: notification
14:11:14.920 [Test worker] DEBUG o.hibernate.cfg.CollectionSecondPass - Second pass for collection: org.project.neutrino.nfvo.catalogue.mano.record.VirtualNetworkFunctionRecord.monitoring_parameter
14:11:14.920 [Test worker] DEBUG o.h.cfg.annotations.CollectionBinder - Binding a collection of element: org.project.neutrino.nfvo.catalogue.mano.record.VirtualNetworkFunctionRecord.monitoring_parameter
14:11:14.920 [Test worker] DEBUG o.h.cfg.CollectionPropertyHolder - Attempting to locate auto-apply AttributeConverter for collection element [org.project.neutrino.nfvo.catalogue.mano.record.VirtualNetworkFunctionRecord.monitoring_parameter]
14:11:14.920 [Test worker] DEBUG o.h.c.annotations.SimpleValueBinder - building SimpleValue for null
14:11:14.920 [Test worker] DEBUG o.h.c.annotations.SimpleValueBinder - Starting fillSimpleValue for null
14:11:14.921 [Test worker] DEBUG o.hibernate.cfg.CollectionSecondPass - Mapped collection key: virtual_network_function_record_id, element: monitoring_parameter
14:11:14.921 [Test worker] DEBUG o.hibernate.cfg.CollectionSecondPass - Second pass for collection: org.project.neutrino.nfvo.catalogue.mano.record.VirtualNetworkFunctionRecord.lifecycle_event_history
14:11:14.921 [Test worker] DEBUG o.h.cfg.annotations.CollectionBinder - Binding a OneToMany: org.project.neutrino.nfvo.catalogue.mano.record.VirtualNetworkFunctionRecord.lifecycle_event_history through an association table
14:11:14.921 [Test worker] DEBUG o.hibernate.cfg.CollectionSecondPass - Mapped collection key: virtual_network_function_record_id, element: lifecycle_event_history_id
14:11:14.921 [Test worker] DEBUG o.hibernate.cfg.CollectionSecondPass - Second pass for collection: org.project.neutrino.nfvo.catalogue.mano.record.VirtualNetworkFunctionRecord.dependency
14:11:14.921 [Test worker] DEBUG o.h.cfg.annotations.CollectionBinder - Binding a OneToMany: org.project.neutrino.nfvo.catalogue.mano.record.VirtualNetworkFunctionRecord.dependency through an association table
14:11:14.922 [Test worker] DEBUG o.hibernate.cfg.CollectionSecondPass - Mapped collection key: virtual_network_function_record_id, element: dependency_id
14:11:14.922 [Test worker] DEBUG o.hibernate.cfg.CollectionSecondPass - Second pass for collection: org.project.neutrino.nfvo.catalogue.mano.record.VirtualNetworkFunctionRecord.connection_point
14:11:14.922 [Test worker] DEBUG o.h.cfg.annotations.CollectionBinder - Binding a OneToMany: org.project.neutrino.nfvo.catalogue.mano.record.VirtualNetworkFunctionRecord.connection_point through an association table
14:11:14.922 [Test worker] DEBUG o.hibernate.cfg.CollectionSecondPass - Mapped collection key: virtual_network_function_record_id, element: connection_point_id
14:11:14.922 [Test worker] DEBUG o.hibernate.cfg.CollectionSecondPass - Second pass for collection: org.project.neutrino.nfvo.catalogue.mano.record.VirtualNetworkFunctionRecord.connected_external_virtual_link
14:11:14.923 [Test worker] DEBUG o.h.cfg.annotations.CollectionBinder - Binding a OneToMany: org.project.neutrino.nfvo.catalogue.mano.record.VirtualNetworkFunctionRecord.connected_external_virtual_link through an association table
14:11:14.923 [Test worker] DEBUG o.hibernate.cfg.CollectionSecondPass - Mapped collection key: virtual_network_function_record_id, element: connected_external_virtual_link_id
14:11:14.923 [Test worker] DEBUG o.hibernate.cfg.CollectionSecondPass - Second pass for collection: org.project.neutrino.nfvo.catalogue.mano.record.VirtualNetworkFunctionRecord.auto_scale_policy
14:11:14.923 [Test worker] DEBUG o.h.cfg.annotations.CollectionBinder - Binding a OneToMany: org.project.neutrino.nfvo.catalogue.mano.record.VirtualNetworkFunctionRecord.auto_scale_policy through an association table
14:11:14.924 [Test worker] DEBUG o.hibernate.cfg.CollectionSecondPass - Mapped collection key: virtual_network_function_record_id, element: auto_scale_policy_id
14:11:14.924 [Test worker] DEBUG o.hibernate.cfg.CollectionSecondPass - Second pass for collection: org.project.neutrino.nfvo.catalogue.mano.descriptor.VNFDDeploymentFlavour.df_constraint
14:11:14.924 [Test worker] DEBUG o.h.cfg.annotations.CollectionBinder - Binding a collection of element: org.project.neutrino.nfvo.catalogue.mano.descriptor.VNFDDeploymentFlavour.df_constraint
14:11:14.924 [Test worker] DEBUG o.h.cfg.CollectionPropertyHolder - Attempting to locate auto-apply AttributeConverter for collection element [org.project.neutrino.nfvo.catalogue.mano.descriptor.VNFDDeploymentFlavour.df_constraint]
14:11:14.924 [Test worker] DEBUG o.h.c.annotations.SimpleValueBinder - building SimpleValue for null
14:11:14.924 [Test worker] DEBUG o.h.c.annotations.SimpleValueBinder - Starting fillSimpleValue for null
14:11:14.924 [Test worker] DEBUG o.hibernate.cfg.CollectionSecondPass - Mapped collection key: vnfddeployment_flavour_id, element: df_constraint
14:11:14.924 [Test worker] DEBUG o.hibernate.cfg.CollectionSecondPass - Second pass for collection: org.project.neutrino.nfvo.catalogue.mano.descriptor.VNFDDeploymentFlavour.costituent_vdu
14:11:14.924 [Test worker] DEBUG o.h.cfg.annotations.CollectionBinder - Binding a OneToMany: org.project.neutrino.nfvo.catalogue.mano.descriptor.VNFDDeploymentFlavour.costituent_vdu through an association table
14:11:14.925 [Test worker] DEBUG o.hibernate.cfg.CollectionSecondPass - Mapped collection key: vnfddeployment_flavour_id, element: costituent_vdu_id
14:11:14.925 [Test worker] DEBUG o.hibernate.cfg.CollectionSecondPass - Second pass for collection: org.project.neutrino.nfvo.catalogue.mano.descriptor.NetworkForwardingPath.connection
14:11:14.925 [Test worker] DEBUG o.h.cfg.annotations.CollectionBinder - Binding a collection of element: org.project.neutrino.nfvo.catalogue.mano.descriptor.NetworkForwardingPath.connection
14:11:14.925 [Test worker] DEBUG o.h.cfg.CollectionPropertyHolder - Attempting to locate auto-apply AttributeConverter for collection element [org.project.neutrino.nfvo.catalogue.mano.descriptor.NetworkForwardingPath.connection]
14:11:14.925 [Test worker] DEBUG o.h.c.annotations.SimpleValueBinder - building SimpleValue for null
14:11:14.925 [Test worker] DEBUG o.h.c.annotations.SimpleValueBinder - Starting fillSimpleValue for null
14:11:14.926 [Test worker] DEBUG o.h.cfg.CollectionPropertyHolder - Attempting to locate auto-apply AttributeConverter for collection key [org.project.neutrino.nfvo.catalogue.mano.descriptor.NetworkForwardingPath.connection]
14:11:14.926 [Test worker] DEBUG o.h.c.annotations.SimpleValueBinder - building SimpleValue for null
14:11:14.926 [Test worker] DEBUG o.h.c.annotations.SimpleValueBinder - Starting fillSimpleValue for null
14:11:14.926 [Test worker] DEBUG o.hibernate.cfg.CollectionSecondPass - Mapped collection key: network_forwarding_path_id, index: connection_key, element: connection
14:11:14.926 [Test worker] DEBUG o.hibernate.cfg.CollectionSecondPass - Second pass for collection: org.project.neutrino.nfvo.catalogue.mano.descriptor.PhysicalNetworkFunctionDescriptor.connection_point
14:11:14.926 [Test worker] DEBUG o.h.cfg.annotations.CollectionBinder - Binding a OneToMany: org.project.neutrino.nfvo.catalogue.mano.descriptor.PhysicalNetworkFunctionDescriptor.connection_point through an association table
14:11:14.927 [Test worker] DEBUG o.hibernate.cfg.CollectionSecondPass - Mapped collection key: physical_network_function_descriptor_id, element: connection_point_id
14:11:14.927 [Test worker] DEBUG o.hibernate.cfg.CollectionSecondPass - Second pass for collection: org.project.neutrino.nfvo.catalogue.mano.descriptor.InternalVirtualLink.connection_points_references
14:11:14.927 [Test worker] DEBUG o.h.cfg.annotations.CollectionBinder - Binding a collection of element: org.project.neutrino.nfvo.catalogue.mano.descriptor.InternalVirtualLink.connection_points_references
14:11:14.927 [Test worker] DEBUG o.h.cfg.CollectionPropertyHolder - Attempting to locate auto-apply AttributeConverter for collection element [org.project.neutrino.nfvo.catalogue.mano.descriptor.InternalVirtualLink.connection_points_references]
14:11:14.927 [Test worker] DEBUG o.h.c.annotations.SimpleValueBinder - building SimpleValue for null
14:11:14.927 [Test worker] DEBUG o.h.c.annotations.SimpleValueBinder - Starting fillSimpleValue for null
14:11:14.927 [Test worker] DEBUG o.hibernate.cfg.CollectionSecondPass - Mapped collection key: internal_virtual_link_id, element: connection_points_references
14:11:14.927 [Test worker] DEBUG o.hibernate.cfg.CollectionSecondPass - Second pass for collection: org.project.neutrino.nfvo.catalogue.mano.descriptor.VirtualLinkDescriptor.connection
14:11:14.928 [Test worker] DEBUG o.h.cfg.annotations.CollectionBinder - Binding a collection of element: org.project.neutrino.nfvo.catalogue.mano.descriptor.VirtualLinkDescriptor.connection
14:11:14.928 [Test worker] DEBUG o.h.cfg.CollectionPropertyHolder - Attempting to locate auto-apply AttributeConverter for collection element [org.project.neutrino.nfvo.catalogue.mano.descriptor.VirtualLinkDescriptor.connection]
14:11:14.928 [Test worker] DEBUG o.h.c.annotations.SimpleValueBinder - building SimpleValue for null
14:11:14.928 [Test worker] DEBUG o.h.c.annotations.SimpleValueBinder - Starting fillSimpleValue for null
14:11:14.928 [Test worker] DEBUG o.hibernate.cfg.CollectionSecondPass - Mapped collection key: virtual_link_descriptor_id, element: connection
14:11:14.928 [Test worker] DEBUG o.hibernate.cfg.CollectionSecondPass - Second pass for collection: org.project.neutrino.nfvo.catalogue.mano.common.AbstractVirtualLink.test_access
14:11:14.928 [Test worker] DEBUG o.h.cfg.annotations.CollectionBinder - Binding a collection of element: org.project.neutrino.nfvo.catalogue.mano.common.AbstractVirtualLink.test_access
14:11:14.928 [Test worker] DEBUG o.h.cfg.CollectionPropertyHolder - Attempting to locate auto-apply AttributeConverter for collection element [org.project.neutrino.nfvo.catalogue.mano.common.AbstractVirtualLink.test_access]
14:11:14.928 [Test worker] DEBUG o.h.c.annotations.SimpleValueBinder - building SimpleValue for null
14:11:14.929 [Test worker] DEBUG o.h.c.annotations.SimpleValueBinder - Starting fillSimpleValue for null
14:11:14.929 [Test worker] DEBUG o.hibernate.cfg.CollectionSecondPass - Mapped collection key: abstract_virtual_link_id, element: test_access
14:11:14.929 [Test worker] DEBUG o.hibernate.cfg.CollectionSecondPass - Second pass for collection: org.project.neutrino.nfvo.catalogue.mano.common.AbstractVirtualLink.qos
14:11:14.929 [Test worker] DEBUG o.h.cfg.annotations.CollectionBinder - Binding a collection of element: org.project.neutrino.nfvo.catalogue.mano.common.AbstractVirtualLink.qos
14:11:14.929 [Test worker] DEBUG o.h.cfg.CollectionPropertyHolder - Attempting to locate auto-apply AttributeConverter for collection element [org.project.neutrino.nfvo.catalogue.mano.common.AbstractVirtualLink.qos]
14:11:14.929 [Test worker] DEBUG o.h.c.annotations.SimpleValueBinder - building SimpleValue for null
14:11:14.929 [Test worker] DEBUG o.h.c.annotations.SimpleValueBinder - Starting fillSimpleValue for null
14:11:14.929 [Test worker] DEBUG o.hibernate.cfg.CollectionSecondPass - Mapped collection key: abstract_virtual_link_id, element: qos
14:11:14.929 [Test worker] DEBUG o.hibernate.cfg.CollectionSecondPass - Second pass for collection: org.project.neutrino.nfvo.catalogue.mano.descriptor.VNFForwardingGraph.network_forwarding_path
14:11:14.929 [Test worker] DEBUG o.h.cfg.annotations.CollectionBinder - Binding a OneToMany: org.project.neutrino.nfvo.catalogue.mano.descriptor.VNFForwardingGraph.network_forwarding_path through an association table
14:11:14.930 [Test worker] DEBUG o.hibernate.cfg.CollectionSecondPass - Mapped collection key: vnfforwarding_graph_id, element: network_forwarding_path_id
14:11:14.930 [Test worker] DEBUG o.hibernate.cfg.CollectionSecondPass - Second pass for collection: org.project.neutrino.nfvo.catalogue.mano.descriptor.VNFForwardingGraph.dependent_virtual_link
14:11:14.930 [Test worker] DEBUG o.h.cfg.annotations.CollectionBinder - Binding a OneToMany: org.project.neutrino.nfvo.catalogue.mano.descriptor.VNFForwardingGraph.dependent_virtual_link through an association table
14:11:14.930 [Test worker] DEBUG o.hibernate.cfg.CollectionSecondPass - Mapped collection key: vnfforwarding_graph_id, element: dependent_virtual_link_id
14:11:14.931 [Test worker] DEBUG o.hibernate.cfg.CollectionSecondPass - Second pass for collection: org.project.neutrino.nfvo.catalogue.mano.descriptor.VNFForwardingGraph.constituent_vnfs
14:11:14.931 [Test worker] DEBUG o.h.cfg.annotations.CollectionBinder - Binding a OneToMany: org.project.neutrino.nfvo.catalogue.mano.descriptor.VNFForwardingGraph.constituent_vnfs through an association table
14:11:14.931 [Test worker] DEBUG o.hibernate.cfg.CollectionSecondPass - Mapped collection key: vnfforwarding_graph_id, element: constituent_vnfs_id
14:11:14.931 [Test worker] DEBUG o.hibernate.cfg.CollectionSecondPass - Second pass for collection: org.project.neutrino.nfvo.catalogue.mano.descriptor.VNFForwardingGraph.connection_point
14:11:14.931 [Test worker] DEBUG o.h.cfg.annotations.CollectionBinder - Binding a OneToMany: org.project.neutrino.nfvo.catalogue.mano.descriptor.VNFForwardingGraph.connection_point through an association table
14:11:14.932 [Test worker] DEBUG o.hibernate.cfg.CollectionSecondPass - Mapped collection key: vnfforwarding_graph_id, element: connection_point_id
14:11:14.932 [Test worker] DEBUG o.hibernate.cfg.CollectionSecondPass - Second pass for collection: org.project.neutrino.nfvo.catalogue.mano.descriptor.VNFComponent.connection_point
14:11:14.932 [Test worker] DEBUG o.h.cfg.annotations.CollectionBinder - Binding a OneToMany: org.project.neutrino.nfvo.catalogue.mano.descriptor.VNFComponent.connection_point through an association table
14:11:14.932 [Test worker] DEBUG o.hibernate.cfg.CollectionSecondPass - Mapped collection key: vnfcomponent_id, element: connection_point_id
14:11:14.932 [Test worker] DEBUG o.hibernate.cfg.CollectionSecondPass - Second pass for collection: org.project.neutrino.nfvo.catalogue.mano.record.NetworkServiceRecord.vnffgr
14:11:14.932 [Test worker] DEBUG o.h.cfg.annotations.CollectionBinder - Binding a OneToMany: org.project.neutrino.nfvo.catalogue.mano.record.NetworkServiceRecord.vnffgr through an association table
14:11:14.933 [Test worker] DEBUG o.hibernate.cfg.CollectionSecondPass - Mapped collection key: network_service_record_id, element: vnffgr_id
14:11:14.933 [Test worker] DEBUG o.hibernate.cfg.CollectionSecondPass - Second pass for collection: org.project.neutrino.nfvo.catalogue.mano.record.NetworkServiceRecord.vnf_dependency
14:11:14.933 [Test worker] DEBUG o.h.cfg.annotations.CollectionBinder - Binding a OneToMany: org.project.neutrino.nfvo.catalogue.mano.record.NetworkServiceRecord.vnf_dependency through an association table
14:11:14.933 [Test worker] DEBUG o.hibernate.cfg.CollectionSecondPass - Mapped collection key: network_service_record_id, element: vnf_dependency_id
14:11:14.933 [Test worker] DEBUG o.hibernate.cfg.CollectionSecondPass - Second pass for collection: org.project.neutrino.nfvo.catalogue.mano.record.NetworkServiceRecord.vlr
14:11:14.933 [Test worker] DEBUG o.h.cfg.annotations.CollectionBinder - Binding a OneToMany: org.project.neutrino.nfvo.catalogue.mano.record.NetworkServiceRecord.vlr through an association table
14:11:14.934 [Test worker] DEBUG o.hibernate.cfg.CollectionSecondPass - Mapped collection key: network_service_record_id, element: vlr_id
14:11:14.934 [Test worker] DEBUG o.hibernate.cfg.CollectionSecondPass - Second pass for collection: org.project.neutrino.nfvo.catalogue.mano.record.NetworkServiceRecord.pnfr
14:11:14.934 [Test worker] DEBUG o.h.cfg.annotations.CollectionBinder - Binding a OneToMany: org.project.neutrino.nfvo.catalogue.mano.record.NetworkServiceRecord.pnfr through an association table
14:11:14.934 [Test worker] DEBUG o.hibernate.cfg.CollectionSecondPass - Mapped collection key: network_service_record_id, element: pnfr_id
14:11:14.934 [Test worker] DEBUG o.hibernate.cfg.CollectionSecondPass - Second pass for collection: org.project.neutrino.nfvo.catalogue.mano.record.NetworkServiceRecord.monitoring_parameter
14:11:14.934 [Test worker] DEBUG o.h.cfg.annotations.CollectionBinder - Binding a collection of element: org.project.neutrino.nfvo.catalogue.mano.record.NetworkServiceRecord.monitoring_parameter
14:11:14.935 [Test worker] DEBUG o.h.cfg.CollectionPropertyHolder - Attempting to locate auto-apply AttributeConverter for collection element [org.project.neutrino.nfvo.catalogue.mano.record.NetworkServiceRecord.monitoring_parameter]
14:11:14.935 [Test worker] DEBUG o.h.c.annotations.SimpleValueBinder - building SimpleValue for null
14:11:14.935 [Test worker] DEBUG o.h.c.annotations.SimpleValueBinder - Starting fillSimpleValue for null
14:11:14.935 [Test worker] DEBUG o.hibernate.cfg.CollectionSecondPass - Mapped collection key: network_service_record_id, element: monitoring_parameter
14:11:14.935 [Test worker] DEBUG o.hibernate.cfg.CollectionSecondPass - Second pass for collection: org.project.neutrino.nfvo.catalogue.mano.record.NetworkServiceRecord.lifecycle_event_history
14:11:14.935 [Test worker] DEBUG o.h.cfg.annotations.CollectionBinder - Binding a OneToMany: org.project.neutrino.nfvo.catalogue.mano.record.NetworkServiceRecord.lifecycle_event_history through an association table
14:11:14.936 [Test worker] DEBUG o.hibernate.cfg.CollectionSecondPass - Mapped collection key: network_service_record_id, element: lifecycle_event_history_id
14:11:14.936 [Test worker] DEBUG o.hibernate.cfg.CollectionSecondPass - Second pass for collection: org.project.neutrino.nfvo.catalogue.mano.record.NetworkServiceRecord.connection_point
14:11:14.936 [Test worker] DEBUG o.h.cfg.annotations.CollectionBinder - Binding a OneToMany: org.project.neutrino.nfvo.catalogue.mano.record.NetworkServiceRecord.connection_point through an association table
14:11:14.936 [Test worker] DEBUG o.hibernate.cfg.CollectionSecondPass - Mapped collection key: network_service_record_id, element: connection_point_id
14:11:14.936 [Test worker] DEBUG o.hibernate.cfg.CollectionSecondPass - Second pass for collection: org.project.neutrino.nfvo.catalogue.mano.record.NetworkServiceRecord.auto_scale_policy
14:11:14.936 [Test worker] DEBUG o.h.cfg.annotations.CollectionBinder - Binding a OneToMany: org.project.neutrino.nfvo.catalogue.mano.record.NetworkServiceRecord.auto_scale_policy through an association table
14:11:14.937 [Test worker] DEBUG o.hibernate.cfg.CollectionSecondPass - Mapped collection key: network_service_record_id, element: auto_scale_policy_id
14:11:14.937 [Test worker] DEBUG o.hibernate.cfg.CollectionSecondPass - Second pass for collection: org.project.neutrino.nfvo.catalogue.mano.descriptor.NetworkServiceDescriptor.vnfd
14:11:14.937 [Test worker] DEBUG o.h.cfg.annotations.CollectionBinder - Binding a OneToMany: org.project.neutrino.nfvo.catalogue.mano.descriptor.NetworkServiceDescriptor.vnfd through an association table
14:11:14.937 [Test worker] DEBUG o.hibernate.cfg.CollectionSecondPass - Mapped collection key: network_service_descriptor_Id, element: vnfd_Id
14:11:14.937 [Test worker] DEBUG o.hibernate.cfg.CollectionSecondPass - Second pass for collection: org.project.neutrino.nfvo.catalogue.mano.descriptor.NetworkServiceDescriptor.vnf_dependency
14:11:14.937 [Test worker] DEBUG o.h.cfg.annotations.CollectionBinder - Binding a OneToMany: org.project.neutrino.nfvo.catalogue.mano.descriptor.NetworkServiceDescriptor.vnf_dependency through an association table
14:11:14.938 [Test worker] DEBUG o.hibernate.cfg.CollectionSecondPass - Mapped collection key: network_service_descriptor_Id, element: vnf_dependency_id
14:11:14.938 [Test worker] DEBUG o.hibernate.cfg.CollectionSecondPass - Second pass for collection: org.project.neutrino.nfvo.catalogue.mano.descriptor.NetworkServiceDescriptor.pnfd
14:11:14.938 [Test worker] DEBUG o.h.cfg.annotations.CollectionBinder - Binding a OneToMany: org.project.neutrino.nfvo.catalogue.mano.descriptor.NetworkServiceDescriptor.pnfd through an association table
14:11:14.938 [Test worker] DEBUG o.hibernate.cfg.CollectionSecondPass - Mapped collection key: network_service_descriptor_Id, element: pnfd_id
14:11:14.939 [Test worker] DEBUG o.hibernate.cfg.CollectionSecondPass - Second pass for collection: org.project.neutrino.nfvo.catalogue.mano.common.ServiceDeploymentFlavour.constituent_vnf
14:11:14.939 [Test worker] DEBUG o.h.cfg.annotations.CollectionBinder - Binding a OneToMany: org.project.neutrino.nfvo.catalogue.mano.common.ServiceDeploymentFlavour.constituent_vnf through an association table
14:11:14.939 [Test worker] DEBUG o.hibernate.cfg.CollectionSecondPass - Mapped collection key: service_deployment_flavour_id, element: constituent_vnf_id
14:11:14.939 [Test worker] DEBUG o.hibernate.cfg.CollectionSecondPass - Second pass for collection: org.project.neutrino.nfvo.catalogue.mano.descriptor.VirtualNetworkFunctionDescriptor.virtual_link
14:11:14.939 [Test worker] DEBUG o.h.cfg.annotations.CollectionBinder - Binding a OneToMany: org.project.neutrino.nfvo.catalogue.mano.descriptor.VirtualNetworkFunctionDescriptor.virtual_link through an association table
14:11:14.940 [Test worker] DEBUG o.hibernate.cfg.CollectionSecondPass - Mapped collection key: virtual_network_function_descriptor_Id, element: virtual_link_id
14:11:14.940 [Test worker] DEBUG o.hibernate.cfg.CollectionSecondPass - Second pass for collection: org.project.neutrino.nfvo.catalogue.mano.descriptor.VirtualNetworkFunctionDescriptor.vdu_dependency
14:11:14.940 [Test worker] DEBUG o.h.cfg.annotations.CollectionBinder - Binding a OneToMany: org.project.neutrino.nfvo.catalogue.mano.descriptor.VirtualNetworkFunctionDescriptor.vdu_dependency through an association table
14:11:14.941 [Test worker] DEBUG o.hibernate.cfg.CollectionSecondPass - Mapped collection key: virtual_network_function_descriptor_Id, element: vdu_dependency_id
14:11:14.941 [Test worker] DEBUG o.hibernate.cfg.CollectionSecondPass - Second pass for collection: org.project.neutrino.nfvo.catalogue.mano.descriptor.VirtualNetworkFunctionDescriptor.vdu
14:11:14.941 [Test worker] DEBUG o.h.cfg.annotations.CollectionBinder - Binding a OneToMany: org.project.neutrino.nfvo.catalogue.mano.descriptor.VirtualNetworkFunctionDescriptor.vdu through an association table
14:11:14.941 [Test worker] DEBUG o.hibernate.cfg.CollectionSecondPass - Mapped collection key: virtual_network_function_descriptor_Id, element: vdu_id
14:11:14.941 [Test worker] DEBUG o.hibernate.cfg.CollectionSecondPass - Second pass for collection: org.project.neutrino.nfvo.catalogue.mano.descriptor.VirtualNetworkFunctionDescriptor.manifest_file_security
14:11:14.941 [Test worker] DEBUG o.h.cfg.annotations.CollectionBinder - Binding a OneToMany: org.project.neutrino.nfvo.catalogue.mano.descriptor.VirtualNetworkFunctionDescriptor.manifest_file_security through an association table
14:11:14.942 [Test worker] DEBUG o.hibernate.cfg.CollectionSecondPass - Mapped collection key: virtual_network_function_descriptor_Id, element: manifest_file_security_id
14:11:14.942 [Test worker] DEBUG o.hibernate.cfg.CollectionSecondPass - Second pass for collection: org.project.neutrino.nfvo.catalogue.mano.descriptor.VirtualNetworkFunctionDescriptor.deployment_flavour
14:11:14.942 [Test worker] DEBUG o.h.cfg.annotations.CollectionBinder - Binding a OneToMany: org.project.neutrino.nfvo.catalogue.mano.descriptor.VirtualNetworkFunctionDescriptor.deployment_flavour through an association table
14:11:14.942 [Test worker] DEBUG o.hibernate.cfg.CollectionSecondPass - Mapped collection key: virtual_network_function_descriptor_Id, element: deployment_flavour_id
14:11:14.943 [Test worker] DEBUG o.hibernate.cfg.CollectionSecondPass - Second pass for collection: org.project.neutrino.nfvo.catalogue.mano.common.NFVEntityDescriptor.vnffgd
14:11:14.943 [Test worker] DEBUG o.h.cfg.annotations.CollectionBinder - Binding a OneToMany: org.project.neutrino.nfvo.catalogue.mano.common.NFVEntityDescriptor.vnffgd through an association table
14:11:14.943 [Test worker] DEBUG o.hibernate.cfg.CollectionSecondPass - Mapped collection key: nfventity_descriptor_Id, element: vnffgd_id
14:11:14.943 [Test worker] DEBUG o.hibernate.cfg.CollectionSecondPass - Second pass for collection: org.project.neutrino.nfvo.catalogue.mano.common.NFVEntityDescriptor.vld
14:11:14.943 [Test worker] DEBUG o.h.cfg.annotations.CollectionBinder - Binding a OneToMany: org.project.neutrino.nfvo.catalogue.mano.common.NFVEntityDescriptor.vld through an association table
14:11:14.944 [Test worker] DEBUG o.hibernate.cfg.CollectionSecondPass - Mapped collection key: nfventity_descriptor_Id, element: vld_id
14:11:14.944 [Test worker] DEBUG o.hibernate.cfg.CollectionSecondPass - Second pass for collection: org.project.neutrino.nfvo.catalogue.mano.common.NFVEntityDescriptor.service_deployment_flavour
14:11:14.944 [Test worker] DEBUG o.h.cfg.annotations.CollectionBinder - Binding a OneToMany: org.project.neutrino.nfvo.catalogue.mano.common.NFVEntityDescriptor.service_deployment_flavour through an association table
14:11:14.944 [Test worker] DEBUG o.hibernate.cfg.CollectionSecondPass - Mapped collection key: nfventity_descriptor_Id, element: service_deployment_flavour_id
14:11:14.944 [Test worker] DEBUG o.hibernate.cfg.CollectionSecondPass - Second pass for collection: org.project.neutrino.nfvo.catalogue.mano.common.NFVEntityDescriptor.monitoring_parameter
14:11:14.944 [Test worker] DEBUG o.h.cfg.annotations.CollectionBinder - Binding a collection of element: org.project.neutrino.nfvo.catalogue.mano.common.NFVEntityDescriptor.monitoring_parameter
14:11:14.944 [Test worker] DEBUG o.h.cfg.CollectionPropertyHolder - Attempting to locate auto-apply AttributeConverter for collection element [org.project.neutrino.nfvo.catalogue.mano.common.NFVEntityDescriptor.monitoring_parameter]
14:11:14.945 [Test worker] DEBUG o.h.c.annotations.SimpleValueBinder - building SimpleValue for null
14:11:14.945 [Test worker] DEBUG o.h.c.annotations.SimpleValueBinder - Starting fillSimpleValue for null
14:11:14.945 [Test worker] DEBUG o.hibernate.cfg.CollectionSecondPass - Mapped collection key: nfventity_descriptor_Id, element: monitoring_parameter
14:11:14.945 [Test worker] DEBUG o.hibernate.cfg.CollectionSecondPass - Second pass for collection: org.project.neutrino.nfvo.catalogue.mano.common.NFVEntityDescriptor.lifecycle_event
14:11:14.945 [Test worker] DEBUG o.h.cfg.annotations.CollectionBinder - Binding a OneToMany: org.project.neutrino.nfvo.catalogue.mano.common.NFVEntityDescriptor.lifecycle_event through an association table
14:11:14.945 [Test worker] DEBUG o.hibernate.cfg.CollectionSecondPass - Mapped collection key: nfventity_descriptor_Id, element: lifecycle_event_id
14:11:14.945 [Test worker] DEBUG o.hibernate.cfg.CollectionSecondPass - Second pass for collection: org.project.neutrino.nfvo.catalogue.mano.common.NFVEntityDescriptor.connection_point
14:11:14.945 [Test worker] DEBUG o.h.cfg.annotations.CollectionBinder - Binding a OneToMany: org.project.neutrino.nfvo.catalogue.mano.common.NFVEntityDescriptor.connection_point through an association table
14:11:14.946 [Test worker] DEBUG o.hibernate.cfg.CollectionSecondPass - Mapped collection key: nfventity_descriptor_Id, element: connection_point_id
14:11:14.946 [Test worker] DEBUG o.hibernate.cfg.CollectionSecondPass - Second pass for collection: org.project.neutrino.nfvo.catalogue.mano.common.NFVEntityDescriptor.auto_scale_policy
14:11:14.946 [Test worker] DEBUG o.h.cfg.annotations.CollectionBinder - Binding a OneToMany: org.project.neutrino.nfvo.catalogue.mano.common.NFVEntityDescriptor.auto_scale_policy through an association table
14:11:14.946 [Test worker] DEBUG o.hibernate.cfg.CollectionSecondPass - Mapped collection key: nfventity_descriptor_Id, element: auto_scale_policy_id
14:11:14.947 [Test worker] DEBUG org.hibernate.cfg.Configuration - Processing native query and ResultSetMapping mappings
14:11:14.947 [Test worker] DEBUG org.hibernate.cfg.Configuration - Processing association property references
14:11:14.947 [Test worker] DEBUG org.hibernate.cfg.Configuration - Creating tables' unique integer identifiers
14:11:14.947 [Test worker] DEBUG org.hibernate.cfg.Configuration - Processing foreign key constraints
14:11:14.947 [Test worker] DEBUG org.hibernate.cfg.Configuration - Resolving reference to class: org.project.neutrino.nfvo.catalogue.mano.common.AbstractVirtualLink
14:11:14.947 [Test worker] DEBUG org.hibernate.cfg.Configuration - Resolving reference to class: org.project.neutrino.nfvo.catalogue.mano.common.AbstractVirtualLink
14:11:14.947 [Test worker] DEBUG org.hibernate.cfg.Configuration - Resolving reference to class: org.project.neutrino.nfvo.catalogue.mano.descriptor.InternalVirtualLink
14:11:14.947 [Test worker] DEBUG org.hibernate.cfg.Configuration - Resolving reference to class: org.project.neutrino.nfvo.catalogue.mano.common.LifecycleEvent
14:11:14.947 [Test worker] DEBUG org.hibernate.cfg.Configuration - Resolving reference to class: org.project.neutrino.nfvo.catalogue.mano.descriptor.Policy
14:11:14.947 [Test worker] DEBUG org.hibernate.cfg.Configuration - Resolving reference to class: org.project.neutrino.nfvo.catalogue.mano.descriptor.NetworkForwardingPath
14:11:14.947 [Test worker] DEBUG org.hibernate.cfg.Configuration - Resolving reference to class: org.project.neutrino.nfvo.catalogue.mano.common.Security
14:11:14.947 [Test worker] DEBUG org.hibernate.cfg.Configuration - Resolving reference to class: org.project.neutrino.nfvo.catalogue.mano.descriptor.PhysicalNetworkFunctionDescriptor
14:11:14.948 [Test worker] DEBUG org.hibernate.cfg.Configuration - Resolving reference to class: org.project.neutrino.nfvo.catalogue.mano.descriptor.NetworkServiceDescriptor
14:11:14.948 [Test worker] DEBUG org.hibernate.cfg.Configuration - Resolving reference to class: org.project.neutrino.nfvo.catalogue.mano.common.VNFDependency
14:11:14.948 [Test worker] DEBUG org.hibernate.cfg.Configuration - Resolving reference to class: org.project.neutrino.nfvo.catalogue.mano.descriptor.NetworkServiceDescriptor
14:11:14.948 [Test worker] DEBUG org.hibernate.cfg.Configuration - Resolving reference to class: org.project.neutrino.nfvo.catalogue.mano.descriptor.VirtualNetworkFunctionDescriptor
14:11:14.948 [Test worker] DEBUG org.hibernate.cfg.Configuration - Resolving reference to class: org.project.neutrino.nfvo.catalogue.mano.descriptor.NetworkServiceDescriptor
14:11:14.948 [Test worker] DEBUG org.hibernate.cfg.Configuration - Resolving reference to class: org.project.neutrino.nfvo.catalogue.mano.common.NFVEntityDescriptor
14:11:14.948 [Test worker] DEBUG org.hibernate.cfg.Configuration - Resolving reference to class: org.project.neutrino.nfvo.catalogue.mano.common.LifecycleEvent
14:11:14.948 [Test worker] DEBUG org.hibernate.cfg.Configuration - Resolving reference to class: org.project.neutrino.nfvo.catalogue.mano.common.ServiceDeploymentFlavour
14:11:14.948 [Test worker] DEBUG org.hibernate.cfg.Configuration - Resolving reference to class: org.project.neutrino.nfvo.catalogue.mano.record.VirtualNetworkFunctionRecord
14:11:14.948 [Test worker] DEBUG org.hibernate.cfg.Configuration - Resolving reference to class: org.project.neutrino.nfvo.catalogue.mano.common.AutoScalePolicy
14:11:14.948 [Test worker] DEBUG org.hibernate.cfg.Configuration - Resolving reference to class: org.project.neutrino.nfvo.catalogue.mano.record.NetworkServiceRecord
14:11:14.948 [Test worker] DEBUG org.hibernate.cfg.Configuration - Resolving reference to class: org.project.neutrino.nfvo.catalogue.mano.common.ConnectionPoint
14:11:14.948 [Test worker] DEBUG org.hibernate.cfg.Configuration - Resolving reference to class: org.project.neutrino.nfvo.catalogue.mano.record.NetworkServiceRecord
14:11:14.948 [Test worker] DEBUG org.hibernate.cfg.Configuration - Resolving reference to class: org.project.neutrino.nfvo.catalogue.mano.common.LifecycleEvent
14:11:14.948 [Test worker] DEBUG org.hibernate.cfg.Configuration - Resolving reference to class: org.project.neutrino.nfvo.catalogue.mano.record.NetworkServiceRecord
14:11:14.948 [Test worker] DEBUG org.hibernate.cfg.Configuration - Resolving reference to class: org.project.neutrino.nfvo.catalogue.mano.record.NetworkServiceRecord
14:11:14.949 [Test worker] DEBUG org.hibernate.cfg.Configuration - Resolving reference to class: org.project.neutrino.nfvo.catalogue.mano.record.PhysicalNetworkFunctionRecord
14:11:14.949 [Test worker] DEBUG org.hibernate.cfg.Configuration - Resolving reference to class: org.project.neutrino.nfvo.catalogue.mano.record.NetworkServiceRecord
14:11:14.949 [Test worker] DEBUG org.hibernate.cfg.Configuration - Resolving reference to class: org.project.neutrino.nfvo.catalogue.mano.record.VirtualLinkRecord
14:11:14.949 [Test worker] DEBUG org.hibernate.cfg.Configuration - Resolving reference to class: org.project.neutrino.nfvo.catalogue.mano.record.NetworkServiceRecord
14:11:14.949 [Test worker] DEBUG org.hibernate.cfg.Configuration - Resolving reference to class: org.project.neutrino.nfvo.catalogue.mano.common.VNFDependency
14:11:14.949 [Test worker] DEBUG org.hibernate.cfg.Configuration - Resolving reference to class: org.project.neutrino.nfvo.catalogue.mano.record.NetworkServiceRecord
14:11:14.949 [Test worker] DEBUG org.hibernate.cfg.Configuration - Resolving reference to class: org.project.neutrino.nfvo.catalogue.mano.descriptor.VNFForwardingGraph
14:11:14.949 [Test worker] DEBUG org.hibernate.cfg.Configuration - Resolving reference to class: org.project.neutrino.nfvo.catalogue.mano.record.NetworkServiceRecord
14:11:14.949 [Test worker] DEBUG org.hibernate.cfg.Configuration - Resolving reference to class: org.project.neutrino.nfvo.catalogue.mano.common.AutoScalePolicy
14:11:14.949 [Test worker] DEBUG org.hibernate.cfg.Configuration - Resolving reference to class: org.project.neutrino.nfvo.catalogue.mano.common.NFVEntityDescriptor
14:11:14.949 [Test worker] DEBUG org.hibernate.cfg.Configuration - Resolving reference to class: org.project.neutrino.nfvo.catalogue.mano.common.ConnectionPoint
14:11:14.949 [Test worker] DEBUG org.hibernate.cfg.Configuration - Resolving reference to class: org.project.neutrino.nfvo.catalogue.mano.common.NFVEntityDescriptor
14:11:14.949 [Test worker] DEBUG org.hibernate.cfg.Configuration - Resolving reference to class: org.project.neutrino.nfvo.catalogue.mano.common.LifecycleEvent
14:11:14.949 [Test worker] DEBUG org.hibernate.cfg.Configuration - Resolving reference to class: org.project.neutrino.nfvo.catalogue.mano.common.NFVEntityDescriptor
14:11:14.950 [Test worker] DEBUG org.hibernate.cfg.Configuration - Resolving reference to class: org.project.neutrino.nfvo.catalogue.mano.common.NFVEntityDescriptor
14:11:14.950 [Test worker] DEBUG org.hibernate.cfg.Configuration - Resolving reference to class: org.project.neutrino.nfvo.catalogue.mano.common.DeploymentFlavour
14:11:14.950 [Test worker] DEBUG org.hibernate.cfg.Configuration - Resolving reference to class: org.project.neutrino.nfvo.catalogue.mano.common.NFVEntityDescriptor
14:11:14.950 [Test worker] DEBUG org.hibernate.cfg.Configuration - Resolving reference to class: org.project.neutrino.nfvo.catalogue.mano.descriptor.VirtualLinkDescriptor
14:11:14.950 [Test worker] DEBUG org.hibernate.cfg.Configuration - Resolving reference to class: org.project.neutrino.nfvo.catalogue.mano.common.NFVEntityDescriptor
14:11:14.950 [Test worker] DEBUG org.hibernate.cfg.Configuration - Resolving reference to class: org.project.neutrino.nfvo.catalogue.mano.descriptor.VNFForwardingGraph
14:11:14.950 [Test worker] DEBUG org.hibernate.cfg.Configuration - Resolving reference to class: org.project.neutrino.nfvo.catalogue.mano.common.NFVEntityDescriptor
14:11:14.950 [Test worker] DEBUG org.hibernate.cfg.Configuration - Resolving reference to class: org.project.neutrino.nfvo.catalogue.mano.common.Security
14:11:14.950 [Test worker] DEBUG org.hibernate.cfg.Configuration - Resolving reference to class: org.project.neutrino.nfvo.catalogue.mano.common.ConnectionPoint
14:11:14.950 [Test worker] DEBUG org.hibernate.cfg.Configuration - Resolving reference to class: org.project.neutrino.nfvo.catalogue.mano.descriptor.PhysicalNetworkFunctionDescriptor
14:11:14.950 [Test worker] DEBUG org.hibernate.cfg.Configuration - Resolving reference to class: org.project.neutrino.nfvo.catalogue.mano.descriptor.PhysicalNetworkFunctionDescriptor
14:11:14.950 [Test worker] DEBUG org.hibernate.cfg.Configuration - Resolving reference to class: org.project.neutrino.nfvo.catalogue.mano.record.NetworkServiceRecord
14:11:14.950 [Test worker] DEBUG org.hibernate.cfg.Configuration - Resolving reference to class: org.project.neutrino.nfvo.catalogue.mano.record.VirtualLinkRecord
14:11:14.950 [Test worker] DEBUG org.hibernate.cfg.Configuration - Resolving reference to class: org.project.neutrino.nfvo.catalogue.mano.record.PhysicalNetworkFunctionRecord
14:11:14.951 [Test worker] DEBUG org.hibernate.cfg.Configuration - Resolving reference to class: org.project.neutrino.nfvo.catalogue.mano.common.ConnectionPoint
14:11:14.951 [Test worker] DEBUG org.hibernate.cfg.Configuration - Resolving reference to class: org.project.neutrino.nfvo.catalogue.mano.record.PhysicalNetworkFunctionRecord
14:11:14.951 [Test worker] DEBUG org.hibernate.cfg.Configuration - Resolving reference to class: org.project.neutrino.nfvo.catalogue.mano.record.PhysicalNetworkFunctionRecord
14:11:14.951 [Test worker] DEBUG org.hibernate.cfg.Configuration - Resolving reference to class: org.project.neutrino.nfvo.catalogue.mano.record.VNFForwardingGraphRecord
14:11:14.951 [Test worker] DEBUG org.hibernate.cfg.Configuration - Resolving reference to class: org.project.neutrino.nfvo.catalogue.mano.record.PhysicalNetworkFunctionRecord
14:11:14.951 [Test worker] DEBUG org.hibernate.cfg.Configuration - Resolving reference to class: org.project.neutrino.nfvo.catalogue.mano.common.CostituentVNF
14:11:14.951 [Test worker] DEBUG org.hibernate.cfg.Configuration - Resolving reference to class: org.project.neutrino.nfvo.catalogue.mano.common.ServiceDeploymentFlavour
14:11:14.951 [Test worker] DEBUG org.hibernate.cfg.Configuration - Resolving reference to class: org.project.neutrino.nfvo.catalogue.mano.descriptor.VirtualDeploymentUnit
14:11:14.951 [Test worker] DEBUG org.hibernate.cfg.Configuration - Resolving reference to class: org.project.neutrino.nfvo.catalogue.mano.descriptor.VirtualDeploymentUnit
14:11:14.951 [Test worker] DEBUG org.hibernate.cfg.Configuration - Resolving reference to class: org.project.neutrino.nfvo.catalogue.mano.common.LifecycleEvent
14:11:14.951 [Test worker] DEBUG org.hibernate.cfg.Configuration - Resolving reference to class: org.project.neutrino.nfvo.catalogue.mano.descriptor.VirtualDeploymentUnit
14:11:14.951 [Test worker] DEBUG org.hibernate.cfg.Configuration - Resolving reference to class: org.project.neutrino.nfvo.catalogue.mano.descriptor.VirtualDeploymentUnit
14:11:14.951 [Test worker] DEBUG org.hibernate.cfg.Configuration - Resolving reference to class: org.project.neutrino.nfvo.catalogue.mano.descriptor.VirtualDeploymentUnit
14:11:14.951 [Test worker] DEBUG org.hibernate.cfg.Configuration - Resolving reference to class: org.project.neutrino.nfvo.catalogue.mano.descriptor.VNFComponent
14:11:14.952 [Test worker] DEBUG org.hibernate.cfg.Configuration - Resolving reference to class: org.project.neutrino.nfvo.catalogue.mano.descriptor.VirtualDeploymentUnit
14:11:14.952 [Test worker] DEBUG org.hibernate.cfg.Configuration - Resolving reference to class: org.project.neutrino.nfvo.catalogue.mano.common.Security
14:11:14.952 [Test worker] DEBUG org.hibernate.cfg.Configuration - Resolving reference to class: org.project.neutrino.nfvo.catalogue.mano.descriptor.VirtualLinkDescriptor
14:11:14.952 [Test worker] DEBUG org.hibernate.cfg.Configuration - Resolving reference to class: org.project.neutrino.nfvo.catalogue.mano.record.VirtualLinkRecord
14:11:14.952 [Test worker] DEBUG org.hibernate.cfg.Configuration - Resolving reference to class: org.project.neutrino.nfvo.catalogue.mano.record.VirtualLinkRecord
14:11:14.952 [Test worker] DEBUG org.hibernate.cfg.Configuration - Resolving reference to class: org.project.neutrino.nfvo.catalogue.mano.record.VirtualLinkRecord
14:11:14.952 [Test worker] DEBUG org.hibernate.cfg.Configuration - Resolving reference to class: org.project.neutrino.nfvo.catalogue.mano.common.LifecycleEvent
14:11:14.952 [Test worker] DEBUG org.hibernate.cfg.Configuration - Resolving reference to class: org.project.neutrino.nfvo.catalogue.mano.record.VirtualLinkRecord
14:11:14.952 [Test worker] DEBUG org.hibernate.cfg.Configuration - Resolving reference to class: org.project.neutrino.nfvo.catalogue.mano.record.VirtualLinkRecord
14:11:14.952 [Test worker] DEBUG org.hibernate.cfg.Configuration - Resolving reference to class: org.project.neutrino.nfvo.catalogue.mano.record.VirtualLinkRecord
14:11:14.952 [Test worker] DEBUG org.hibernate.cfg.Configuration - Resolving reference to class: org.project.neutrino.nfvo.catalogue.mano.record.VNFForwardingGraphRecord
14:11:14.952 [Test worker] DEBUG org.hibernate.cfg.Configuration - Resolving reference to class: org.project.neutrino.nfvo.catalogue.mano.record.VirtualLinkRecord
14:11:14.952 [Test worker] DEBUG org.hibernate.cfg.Configuration - Resolving reference to class: org.project.neutrino.nfvo.catalogue.mano.descriptor.VNFDDeploymentFlavour
14:11:14.952 [Test worker] DEBUG org.hibernate.cfg.Configuration - Resolving reference to class: org.project.neutrino.nfvo.catalogue.mano.descriptor.VirtualNetworkFunctionDescriptor
14:11:14.952 [Test worker] DEBUG org.hibernate.cfg.Configuration - Resolving reference to class: org.project.neutrino.nfvo.catalogue.mano.common.Security
14:11:14.952 [Test worker] DEBUG org.hibernate.cfg.Configuration - Resolving reference to class: org.project.neutrino.nfvo.catalogue.mano.descriptor.VirtualNetworkFunctionDescriptor
14:11:14.953 [Test worker] DEBUG org.hibernate.cfg.Configuration - Resolving reference to class: org.project.neutrino.nfvo.catalogue.mano.descriptor.VirtualDeploymentUnit
14:11:14.953 [Test worker] DEBUG org.hibernate.cfg.Configuration - Resolving reference to class: org.project.neutrino.nfvo.catalogue.mano.descriptor.VirtualNetworkFunctionDescriptor
14:11:14.953 [Test worker] DEBUG org.hibernate.cfg.Configuration - Resolving reference to class: org.project.neutrino.nfvo.catalogue.mano.descriptor.VDUDependency
14:11:14.953 [Test worker] DEBUG org.hibernate.cfg.Configuration - Resolving reference to class: org.project.neutrino.nfvo.catalogue.mano.descriptor.VirtualNetworkFunctionDescriptor
14:11:14.953 [Test worker] DEBUG org.hibernate.cfg.Configuration - Resolving reference to class: org.project.neutrino.nfvo.catalogue.mano.descriptor.InternalVirtualLink
14:11:14.953 [Test worker] DEBUG org.hibernate.cfg.Configuration - Resolving reference to class: org.project.neutrino.nfvo.catalogue.mano.descriptor.VirtualNetworkFunctionDescriptor
14:11:14.953 [Test worker] DEBUG org.hibernate.cfg.Configuration - Resolving reference to class: org.project.neutrino.nfvo.catalogue.mano.descriptor.VNFDDeploymentFlavour
14:11:14.953 [Test worker] DEBUG org.hibernate.cfg.Configuration - Resolving reference to class: org.project.neutrino.nfvo.catalogue.mano.common.LifecycleEvent
14:11:14.953 [Test worker] DEBUG org.hibernate.cfg.Configuration - Resolving reference to class: org.project.neutrino.nfvo.catalogue.mano.record.NetworkServiceRecord
14:11:14.953 [Test worker] DEBUG org.hibernate.cfg.Configuration - Resolving reference to class: org.project.neutrino.nfvo.catalogue.mano.common.AutoScalePolicy
14:11:14.953 [Test worker] DEBUG org.hibernate.cfg.Configuration - Resolving reference to class: org.project.neutrino.nfvo.catalogue.mano.record.VirtualNetworkFunctionRecord
14:11:14.953 [Test worker] DEBUG org.hibernate.cfg.Configuration - Resolving reference to class: org.project.neutrino.nfvo.catalogue.mano.record.VirtualLinkRecord
14:11:14.953 [Test worker] DEBUG org.hibernate.cfg.Configuration - Resolving reference to class: org.project.neutrino.nfvo.catalogue.mano.record.VirtualNetworkFunctionRecord
14:11:14.953 [Test worker] DEBUG org.hibernate.cfg.Configuration - Resolving reference to class: org.project.neutrino.nfvo.catalogue.mano.common.ConnectionPoint
14:11:14.954 [Test worker] DEBUG org.hibernate.cfg.Configuration - Resolving reference to class: org.project.neutrino.nfvo.catalogue.mano.record.VirtualNetworkFunctionRecord
14:11:14.954 [Test worker] DEBUG org.hibernate.cfg.Configuration - Resolving reference to class: org.project.neutrino.nfvo.catalogue.mano.common.VNFDependency
14:11:14.954 [Test worker] DEBUG org.hibernate.cfg.Configuration - Resolving reference to class: org.project.neutrino.nfvo.catalogue.mano.record.VirtualNetworkFunctionRecord
14:11:14.954 [Test worker] DEBUG org.hibernate.cfg.Configuration - Resolving reference to class: org.project.neutrino.nfvo.catalogue.mano.common.LifecycleEvent
14:11:14.954 [Test worker] DEBUG org.hibernate.cfg.Configuration - Resolving reference to class: org.project.neutrino.nfvo.catalogue.mano.record.VirtualNetworkFunctionRecord
14:11:14.954 [Test worker] DEBUG org.hibernate.cfg.Configuration - Resolving reference to class: org.project.neutrino.nfvo.catalogue.mano.record.VirtualNetworkFunctionRecord
14:11:14.954 [Test worker] DEBUG org.hibernate.cfg.Configuration - Resolving reference to class: org.project.neutrino.nfvo.catalogue.mano.record.VirtualNetworkFunctionRecord
14:11:14.954 [Test worker] DEBUG org.hibernate.cfg.Configuration - Resolving reference to class: org.project.neutrino.nfvo.catalogue.mano.record.VirtualNetworkFunctionRecord
14:11:14.954 [Test worker] DEBUG org.hibernate.cfg.Configuration - Resolving reference to class: org.project.neutrino.nfvo.catalogue.mano.descriptor.VirtualDeploymentUnit
14:11:14.954 [Test worker] DEBUG org.hibernate.cfg.Configuration - Resolving reference to class: org.project.neutrino.nfvo.catalogue.mano.record.VirtualNetworkFunctionRecord
14:11:14.954 [Test worker] DEBUG org.hibernate.cfg.Configuration - Resolving reference to class: org.project.neutrino.nfvo.catalogue.mano.descriptor.InternalVirtualLink
14:11:14.954 [Test worker] DEBUG org.hibernate.cfg.Configuration - Resolving reference to class: org.project.neutrino.nfvo.catalogue.mano.record.VirtualNetworkFunctionRecord
14:11:14.954 [Test worker] DEBUG org.hibernate.cfg.Configuration - Resolving reference to class: org.project.neutrino.nfvo.catalogue.mano.record.VirtualNetworkFunctionRecord
14:11:14.954 [Test worker] DEBUG org.hibernate.cfg.Configuration - Resolving reference to class: org.project.neutrino.nfvo.catalogue.mano.descriptor.VNFDConnectionPoint
14:11:14.954 [Test worker] DEBUG org.hibernate.cfg.Configuration - Resolving reference to class: org.project.neutrino.nfvo.catalogue.mano.descriptor.VNFComponent
14:11:14.955 [Test worker] DEBUG org.hibernate.cfg.Configuration - Resolving reference to class: org.project.neutrino.nfvo.catalogue.mano.common.CostituentVDU
14:11:14.955 [Test worker] DEBUG org.hibernate.cfg.Configuration - Resolving reference to class: org.project.neutrino.nfvo.catalogue.mano.descriptor.VNFDDeploymentFlavour
14:11:14.955 [Test worker] DEBUG org.hibernate.cfg.Configuration - Resolving reference to class: org.project.neutrino.nfvo.catalogue.mano.descriptor.VNFDDeploymentFlavour
14:11:14.955 [Test worker] DEBUG org.hibernate.cfg.Configuration - Resolving reference to class: org.project.neutrino.nfvo.catalogue.mano.descriptor.VirtualNetworkFunctionDescriptor
14:11:14.955 [Test worker] DEBUG org.hibernate.cfg.Configuration - Resolving reference to class: org.project.neutrino.nfvo.catalogue.mano.descriptor.VirtualNetworkFunctionDescriptor
14:11:14.955 [Test worker] DEBUG org.hibernate.cfg.Configuration - Resolving reference to class: org.project.neutrino.nfvo.catalogue.mano.common.Security
14:11:14.955 [Test worker] DEBUG org.hibernate.cfg.Configuration - Resolving reference to class: org.project.neutrino.nfvo.catalogue.mano.common.ConnectionPoint
14:11:14.955 [Test worker] DEBUG org.hibernate.cfg.Configuration - Resolving reference to class: org.project.neutrino.nfvo.catalogue.mano.descriptor.VNFForwardingGraph
14:11:14.955 [Test worker] DEBUG org.hibernate.cfg.Configuration - Resolving reference to class: org.project.neutrino.nfvo.catalogue.mano.common.CostituentVNF
14:11:14.955 [Test worker] DEBUG org.hibernate.cfg.Configuration - Resolving reference to class: org.project.neutrino.nfvo.catalogue.mano.descriptor.VNFForwardingGraph
14:11:14.955 [Test worker] DEBUG org.hibernate.cfg.Configuration - Resolving reference to class: org.project.neutrino.nfvo.catalogue.mano.descriptor.VirtualLinkDescriptor
14:11:14.955 [Test worker] DEBUG org.hibernate.cfg.Configuration - Resolving reference to class: org.project.neutrino.nfvo.catalogue.mano.descriptor.VNFForwardingGraph
14:11:14.955 [Test worker] DEBUG org.hibernate.cfg.Configuration - Resolving reference to class: org.project.neutrino.nfvo.catalogue.mano.descriptor.NetworkForwardingPath
14:11:14.955 [Test worker] DEBUG org.hibernate.cfg.Configuration - Resolving reference to class: org.project.neutrino.nfvo.catalogue.mano.descriptor.VNFForwardingGraph
14:11:14.955 [Test worker] DEBUG org.hibernate.cfg.Configuration - Resolving reference to class: org.project.neutrino.nfvo.catalogue.mano.descriptor.VNFForwardingGraph
14:11:14.956 [Test worker] DEBUG org.hibernate.cfg.Configuration - Resolving reference to class: org.project.neutrino.nfvo.catalogue.mano.descriptor.NetworkForwardingPath
14:11:14.956 [Test worker] DEBUG org.hibernate.cfg.Configuration - Resolving reference to class: org.project.neutrino.nfvo.catalogue.mano.record.NetworkServiceRecord
14:11:14.956 [Test worker] DEBUG org.hibernate.cfg.Configuration - Resolving reference to class: org.project.neutrino.nfvo.catalogue.mano.descriptor.VNFDConnectionPoint
14:11:14.956 [Test worker] DEBUG org.hibernate.cfg.Configuration - Resolving reference to class: org.project.neutrino.nfvo.catalogue.mano.record.VNFForwardingGraphRecord
14:11:14.956 [Test worker] DEBUG org.hibernate.cfg.Configuration - Resolving reference to class: org.project.neutrino.nfvo.catalogue.mano.record.VirtualLinkRecord
14:11:14.956 [Test worker] DEBUG org.hibernate.cfg.Configuration - Resolving reference to class: org.project.neutrino.nfvo.catalogue.mano.record.VNFForwardingGraphRecord
14:11:14.956 [Test worker] DEBUG org.hibernate.cfg.Configuration - Resolving reference to class: org.project.neutrino.nfvo.catalogue.mano.common.LifecycleEvent
14:11:14.956 [Test worker] DEBUG org.hibernate.cfg.Configuration - Resolving reference to class: org.project.neutrino.nfvo.catalogue.mano.record.VNFForwardingGraphRecord
14:11:14.956 [Test worker] DEBUG org.hibernate.cfg.Configuration - Resolving reference to class: org.project.neutrino.nfvo.catalogue.mano.record.VirtualNetworkFunctionRecord
14:11:14.956 [Test worker] DEBUG org.hibernate.cfg.Configuration - Resolving reference to class: org.project.neutrino.nfvo.catalogue.mano.record.VNFForwardingGraphRecord
14:11:14.956 [Test worker] DEBUG org.hibernate.cfg.Configuration - Resolving reference to class: org.project.neutrino.nfvo.catalogue.mano.record.VNFForwardingGraphRecord
14:11:14.973 [Test worker] DEBUG org.hibernate.cfg.SettingsFactory - Automatic flush during beforeCompletion(): disabled
14:11:14.974 [Test worker] DEBUG org.hibernate.cfg.SettingsFactory - Automatic session close at end of transaction: disabled
14:11:14.974 [Test worker] DEBUG org.hibernate.cfg.SettingsFactory - JDBC batch size: 15
14:11:14.974 [Test worker] DEBUG org.hibernate.cfg.SettingsFactory - JDBC batch updates for versioned data: disabled
14:11:14.974 [Test worker] DEBUG org.hibernate.cfg.SettingsFactory - Scrollable result sets: enabled
14:11:14.974 [Test worker] DEBUG org.hibernate.cfg.SettingsFactory - Wrap result sets: disabled
14:11:14.974 [Test worker] DEBUG org.hibernate.cfg.SettingsFactory - JDBC3 getGeneratedKeys(): enabled
14:11:14.974 [Test worker] DEBUG org.hibernate.cfg.SettingsFactory - multi-tenancy strategy : NONE
14:11:14.974 [Test worker] DEBUG org.hibernate.cfg.SettingsFactory - Connection release mode: auto
14:11:14.977 [Test worker] DEBUG org.hibernate.cfg.SettingsFactory - Using BatchFetchStyle : LEGACY
14:11:14.977 [Test worker] DEBUG org.hibernate.cfg.SettingsFactory - Maximum outer join fetch depth: 2
14:11:14.977 [Test worker] DEBUG org.hibernate.cfg.SettingsFactory - Default batch fetch size: 1
14:11:14.977 [Test worker] DEBUG org.hibernate.cfg.SettingsFactory - Generate SQL with comments: disabled
14:11:14.977 [Test worker] DEBUG org.hibernate.cfg.SettingsFactory - Order SQL updates by primary key: disabled
14:11:14.977 [Test worker] DEBUG org.hibernate.cfg.SettingsFactory - Order SQL inserts for batching: disabled
14:11:14.977 [Test worker] DEBUG org.hibernate.cfg.SettingsFactory - Default null ordering: none
14:11:14.977 [Test worker] DEBUG org.hibernate.cfg.SettingsFactory - Query translator: org.hibernate.hql.internal.ast.ASTQueryTranslatorFactory
14:11:14.979 [Test worker] INFO  o.h.h.i.a.ASTQueryTranslatorFactory - HHH000397: Using ASTQueryTranslatorFactory
14:11:14.979 [Test worker] DEBUG org.hibernate.cfg.SettingsFactory - Query language substitutions: {}
14:11:14.979 [Test worker] DEBUG org.hibernate.cfg.SettingsFactory - JPA-QL strict compliance: disabled
14:11:14.979 [Test worker] DEBUG org.hibernate.cfg.SettingsFactory - Second-level cache: enabled
14:11:14.979 [Test worker] DEBUG org.hibernate.cfg.SettingsFactory - Query cache: disabled
14:11:14.980 [Test worker] DEBUG o.h.c.i.RegionFactoryInitiator - Cache region factory : org.hibernate.cache.internal.NoCachingRegionFactory
14:11:14.982 [Test worker] DEBUG org.hibernate.cfg.SettingsFactory - Optimize cache for minimal puts: disabled
14:11:14.982 [Test worker] DEBUG org.hibernate.cfg.SettingsFactory - Structured second-level cache entries: disabled
14:11:14.982 [Test worker] DEBUG org.hibernate.cfg.SettingsFactory - Second-level cache direct-reference entries: disabled
14:11:14.982 [Test worker] DEBUG org.hibernate.cfg.SettingsFactory - Automatic eviction of collection cache: disabled
14:11:14.982 [Test worker] DEBUG org.hibernate.cfg.SettingsFactory - Statistics: disabled
14:11:14.982 [Test worker] DEBUG org.hibernate.cfg.SettingsFactory - Deleted entity synthetic identifier rollback: disabled
14:11:14.982 [Test worker] DEBUG org.hibernate.cfg.SettingsFactory - Default entity-mode: pojo
14:11:14.982 [Test worker] DEBUG org.hibernate.cfg.SettingsFactory - Named query checking : enabled
14:11:14.983 [Test worker] DEBUG org.hibernate.cfg.SettingsFactory - Check Nullability in Core (should be disabled when Bean Validation is on): enabled
14:11:14.983 [Test worker] DEBUG org.hibernate.cfg.SettingsFactory - Allow initialization of lazy state outside session : : disabled
14:11:14.983 [Test worker] DEBUG org.hibernate.cfg.SettingsFactory - JTA Track by Thread: enabled
14:11:14.988 [Test worker] DEBUG o.h.internal.SessionFactoryImpl - Building session factory
14:11:14.995 [Test worker] DEBUG o.h.internal.SessionFactoryImpl - Session factory constructed with filter configurations : {}
14:11:14.995 [Test worker] DEBUG o.h.internal.SessionFactoryImpl - Instantiating session factory with properties: {java.runtime.name=Java(TM) SE Runtime Environment, sun.boot.library.path=/Library/Java/JavaVirtualMachines/jdk1.7.0_67.jdk/Contents/Home/jre/lib, java.vm.version=24.65-b04, gopherProxySet=false, java.vm.vendor=Oracle Corporation, java.vendor.url=http://java.oracle.com/, path.separator=:, java.vm.name=Java HotSpot(TM) 64-Bit Server VM, file.encoding.pkg=sun.io, user.country=US, sun.java.launcher=SUN_STANDARD, sun.os.patch.level=unknown, hibernate.ejb.naming_strategy=org.springframework.boot.orm.jpa.hibernate.SpringNamingStrategy, java.vm.specification.name=Java Virtual Machine Specification, user.dir=/opt/neutrino/nfvo/repositories/repositories-implementation, javax.persistence.sharedCache.mode=UNSPECIFIED, java.runtime.version=1.7.0_67-b01, java.awt.graphicsenv=sun.awt.CGraphicsEnvironment, java.endorsed.dirs=/Library/Java/JavaVirtualMachines/jdk1.7.0_67.jdk/Contents/Home/jre/lib/endorsed, os.arch=x86_64, java.io.tmpdir=/var/folders/6c/w3tnrhkd62nc33r800f10d240000gn/T/, line.separator=
, java.vm.specification.vendor=Oracle Corporation, user.variant=, os.name=Mac OS X, sun.jnu.encoding=UTF-8, java.library.path=/Users/lto/Library/Java/Extensions:/Library/Java/Extensions:/Network/Library/Java/Extensions:/System/Library/Java/Extensions:/usr/lib/java:., hibernate.ejb.persistenceUnitName=default, java.specification.name=Java Platform API Specification, java.class.version=51.0, hibernate.transaction.jta.platform=org.hibernate.engine.transaction.jta.platform.internal.NoJtaPlatform@567fe7ac, sun.management.compiler=HotSpot 64-Bit Tiered Compilers, os.version=10.10.3, http.nonProxyHosts=local|*.local|169.254/16|*.169.254/16, user.home=/Users/lto, user.timezone=Europe/Berlin, java.awt.printerjob=sun.lwawt.macosx.CPrinterJob, java.specification.version=1.7, file.encoding=UTF-8, javax.persistence.nonJtaDataSource=org.springframework.jdbc.datasource.embedded.EmbeddedDatabaseFactory$EmbeddedDataSourceProxy@6fee13f1, user.name=lto, java.class.path=/opt/neutrino/nfvo/repositories/repositories-implementation/build/classes/test:/opt/neutrino/nfvo/repositories/repositories-implementation/build/resources/test:/opt/neutrino/nfvo/repositories/repositories-implementation/build/classes/main:/opt/neutrino/nfvo/repositories/repositories-implementation/build/resources/main:/Users/lto/.gradle/caches/modules-2/files-2.1/org.springframework.boot/spring-boot/1.2.3.RELEASE/2601c81786dd8d88fd7e53af1a3950ef45fd5507/spring-boot-1.2.3.RELEASE.jar:/Users/lto/.gradle/caches/modules-2/files-2.1/org.springframework.boot/spring-boot-starter-logging/1.2.3.RELEASE/43093c137ea9c6d26ca6341e17295c0a6c506dfb/spring-boot-starter-logging-1.2.3.RELEASE.jar:/Users/lto/.gradle/caches/modules-2/files-2.1/org.springframework.boot/spring-boot-autoconfigure/1.2.3.RELEASE/11175f217ac34bdacd6282cd44310f211121e270/spring-boot-autoconfigure-1.2.3.RELEASE.jar:/Users/lto/.gradle/caches/modules-2/files-2.1/org.springframework/spring-jms/4.1.6.RELEASE/8becbaeaf6ab2eee3bb1e5fe435cf0592a0d20b9/spring-jms-4.1.6.RELEASE.jar:/Users/lto/.gradle/caches/modules-2/files-2.1/javax.jms/javax.jms-api/2.0.1/5faaa3864ff6025ce69809b60d65bda3e358610c/javax.jms-api-2.0.1.jar:/Users/lto/.gradle/caches/modules-2/files-2.1/org.apache.activemq/activemq-broker/5.11.1/596959fd779d1084569ff5fb7a021d0c40817c51/activemq-broker-5.11.1.jar:/Users/lto/.gradle/caches/modules-2/files-2.1/org.apache.activemq/activemq-kahadb-store/5.11.1/3f80ca5ea2d1a393a5edf1d8544db9698150e273/activemq-kahadb-store-5.11.1.jar:/Users/lto/.gradle/caches/modules-2/files-2.1/mysql/mysql-connector-java/5.1.35/b6ac941b7288376a7e8bc6490264bbd4427fb94e/mysql-connector-java-5.1.35.jar:/Users/lto/.gradle/caches/modules-2/files-2.1/org.hibernate/hibernate-entitymanager/4.3.8.Final/eeb1e6d969eb58627329e227da87ae284e93113d/hibernate-entitymanager-4.3.8.Final.jar:/Users/lto/.gradle/caches/modules-2/files-2.1/org.hibernate/hibernate-core/4.3.8.Final/72afcf795dea9d787141fbf665924d634471dcbf/hibernate-core-4.3.8.Final.jar:/Users/lto/.gradle/caches/modules-2/files-2.1/org.springframework/spring-orm/4.1.6.RELEASE/d5b70acee6ddfab47786c31114c89b895654cb97/spring-orm-4.1.6.RELEASE.jar:/Users/lto/.gradle/caches/modules-2/files-2.1/commons-dbcp/commons-dbcp/1.4/30be73c965cc990b153a100aaaaafcf239f82d39/commons-dbcp-1.4.jar:/opt/neutrino/nfvo/catalogue/build/libs/catalogue-0.1-SNAPSHOT.jar:/opt/neutrino/nfvo/repositories/repositories-interfaces/build/libs/repositories-interfaces-0.1-SNAPSHOT.jar:/Users/lto/.gradle/caches/modules-2/files-2.1/com.google.guava/guava/18.0/cce0823396aa693798f8882e64213b1772032b09/guava-18.0.jar:/Users/lto/.gradle/caches/modules-2/files-2.1/org.springframework.boot/spring-boot-starter-data-jpa/1.2.3.RELEASE/c6acbb437aad944d4bc7272731381b0e93224519/spring-boot-starter-data-jpa-1.2.3.RELEASE.jar:/Users/lto/.gradle/caches/modules-2/files-2.1/org.hsqldb/hsqldb/2.3.2/970fd7b8f635e2c19305160459649569655b843c/hsqldb-2.3.2.jar:/Users/lto/.gradle/caches/modules-2/files-2.1/org.springframework/spring-test/4.1.6.RELEASE/89612cafdac51bc92d9bd512e1863a9111a08b4e/spring-test-4.1.6.RELEASE.jar:/Users/lto/.gradle/caches/modules-2/files-2.1/org.mockito/mockito-core/1.9.5/c3264abeea62c4d2f367e21484fbb40c7e256393/mockito-core-1.9.5.jar:/Users/lto/.gradle/caches/modules-2/files-2.1/org.springframework/spring-core/4.1.6.RELEASE/e2f486124d5dea2d91a9c2ea7d4456bc343ca2cc/spring-core-4.1.6.RELEASE.jar:/Users/lto/.gradle/caches/modules-2/files-2.1/org.springframework/spring-context/4.1.6.RELEASE/15f0b22bf89ed468badbc4eec759af2b916d33e4/spring-context-4.1.6.RELEASE.jar:/Users/lto/.gradle/caches/modules-2/files-2.1/org.slf4j/jcl-over-slf4j/1.7.11/180246b7809ffae6293eea3d34e668ee948f0dc8/jcl-over-slf4j-1.7.11.jar:/Users/lto/.gradle/caches/modules-2/files-2.1/org.slf4j/jul-to-slf4j/1.7.11/87a1d59c837c57396bc20f433ee24ad3a59c7812/jul-to-slf4j-1.7.11.jar:/Users/lto/.gradle/caches/modules-2/files-2.1/org.slf4j/log4j-over-slf4j/1.7.11/4f51599470151c7b8ebec1d36767138f7fb7d427/log4j-over-slf4j-1.7.11.jar:/Users/lto/.gradle/caches/modules-2/files-2.1/ch.qos.logback/logback-classic/1.1.3/d90276fff414f06cb375f2057f6778cd63c6082f/logback-classic-1.1.3.jar:/Users/lto/.gradle/caches/modules-2/files-2.1/org.yaml/snakeyaml/1.14/c2df91929ed06a25001939929bff5120e0ea3fd4/snakeyaml-1.14.jar:/Users/lto/.gradle/caches/modules-2/files-2.1/org.springframework/spring-aop/4.1.6.RELEASE/686c13ba57d9423dede9c5d580dcadc5c67a2761/spring-aop-4.1.6.RELEASE.jar:/Users/lto/.gradle/caches/modules-2/files-2.1/org.springframework/spring-beans/4.1.6.RELEASE/ce2d409d470948f11fad41ffdf37dcff4d28cd7c/spring-beans-4.1.6.RELEASE.jar:/Users/lto/.gradle/caches/modules-2/files-2.1/org.springframework/spring-messaging/4.1.6.RELEASE/d39238370be17d8435069492a1cb0471e5be7e67/spring-messaging-4.1.6.RELEASE.jar:/Users/lto/.gradle/caches/modules-2/files-2.1/org.springframework/spring-tx/4.1.6.RELEASE/b5beecfa930e0e2ce6fb3999eee3f69c4776e6be/spring-tx-4.1.6.RELEASE.jar:/Users/lto/.gradle/caches/modules-2/files-2.1/org.apache.activemq/activemq-client/5.11.1/4d501ba53065be743dd66bf13e81a0512e33e860/activemq-client-5.11.1.jar:/Users/lto/.gradle/caches/modules-2/files-2.1/org.apache.activemq/activemq-openwire-legacy/5.11.1/8a164cddf1b144f37cd38c24960e4178283492ba/activemq-openwire-legacy-5.11.1.jar:/Users/lto/.gradle/caches/modules-2/files-2.1/org.apache.activemq.protobuf/activemq-protobuf/1.1/26682eb801f70563511f7c424dc10e8b3e66340e/activemq-protobuf-1.1.jar:/Users/lto/.gradle/caches/modules-2/files-2.1/org.apache.geronimo.specs/geronimo-j2ee-management_1.1_spec/1.0.1/5372615b0c04c1913c95c34a0414cef720ca2855/geronimo-j2ee-management_1.1_spec-1.0.1.jar:/Users/lto/.gradle/caches/modules-2/files-2.1/commons-net/commons-net/3.3/cd0d5510908225f76c5fe5a3f1df4fa44866f81e/commons-net-3.3.jar:/Users/lto/.gradle/caches/modules-2/files-2.1/org.jboss.logging/jboss-logging/3.1.3.GA/64499e907f19e5e1b3fdc02f81440c1832fe3545/jboss-logging-3.1.3.GA.jar:/Users/lto/.gradle/caches/modules-2/files-2.1/org.jboss.logging/jboss-logging-annotations/1.2.0.Beta1/2f437f37bb265d9f8f1392823dbca12d2bec06d6/jboss-logging-annotations-1.2.0.Beta1.jar:/Users/lto/.gradle/caches/modules-2/files-2.1/dom4j/dom4j/1.6.1/5d3ccc056b6f056dbf0dddfdf43894b9065a8f94/dom4j-1.6.1.jar:/Users/lto/.gradle/caches/modules-2/files-2.1/org.hibernate.common/hibernate-commons-annotations/4.0.5.Final/2a581b9edb8168e45060d8bad8b7f46712d2c52c/hibernate-commons-annotations-4.0.5.Final.jar:/Users/lto/.gradle/caches/modules-2/files-2.1/org.hibernate.javax.persistence/hibernate-jpa-2.1-api/1.0.0.Final/5e731d961297e5a07290bfaf3db1fbc8bbbf405a/hibernate-jpa-2.1-api-1.0.0.Final.jar:/Users/lto/.gradle/caches/modules-2/files-2.1/org.jboss.spec.javax.transaction/jboss-transaction-api_1.2_spec/1.0.0.Final/1f9fef7a9fcbb41cc390fc370a291cf30729e094/jboss-transaction-api_1.2_spec-1.0.0.Final.jar:/Users/lto/.gradle/caches/modules-2/files-2.1/org.javassist/javassist/3.18.1-GA/d9a09f7732226af26bf99f19e2cffe0ae219db5b/javassist-3.18.1-GA.jar:/Users/lto/.gradle/caches/modules-2/files-2.1/antlr/antlr/2.7.7/83cd2cd674a217ade95a4bb83a8a14f351f48bd0/antlr-2.7.7.jar:/Users/lto/.gradle/caches/modules-2/files-2.1/org.jboss/jandex/1.1.0.Final/e84a2122e76f0b6503be78094ddf2108057ac15f/jandex-1.1.0.Final.jar:/Users/lto/.gradle/caches/modules-2/files-2.1/org.springframework/spring-jdbc/4.1.6.RELEASE/895d8f28e64c0445e3ee9461963406123f06821c/spring-jdbc-4.1.6.RELEASE.jar:/Users/lto/.gradle/caches/modules-2/files-2.1/commons-pool/commons-pool/1.5.4/75b6e20c596ed2945a259cea26d7fadd298398e6/commons-pool-1.5.4.jar:/Users/lto/.gradle/caches/modules-2/files-2.1/org.springframework.boot/spring-boot-starter/1.2.3.RELEASE/a50eea39bce85f09db0fc43d80e86aa767e8cc24/spring-boot-starter-1.2.3.RELEASE.jar:/Users/lto/.gradle/caches/modules-2/files-2.1/org.springframework.boot/spring-boot-starter-aop/1.2.3.RELEASE/7f46397536495f8b19e3dbba70bc7b32307120c6/spring-boot-starter-aop-1.2.3.RELEASE.jar:/Users/lto/.gradle/caches/modules-2/files-2.1/org.springframework.boot/spring-boot-starter-jdbc/1.2.3.RELEASE/36a0f2be54d91dc8ac063e61d57e1a38d084ed83/spring-boot-starter-jdbc-1.2.3.RELEASE.jar:/Users/lto/.gradle/caches/modules-2/files-2.1/javax.transaction/javax.transaction-api/1.2/d81aff979d603edd90dcd8db2abc1f4ce6479e3e/javax.transaction-api-1.2.jar:/Users/lto/.gradle/caches/modules-2/files-2.1/org.springframework.data/spring-data-jpa/1.7.2.RELEASE/cc2be6b81771fca7c3d92c6277d00e65b19807b8/spring-data-jpa-1.7.2.RELEASE.jar:/Users/lto/.gradle/caches/modules-2/files-2.1/org.springframework/spring-aspects/4.1.6.RELEASE/4667823d6133f9543f12e58ddb6747ee4e4d42a5/spring-aspects-4.1.6.RELEASE.jar:/Users/lto/.gradle/caches/modules-2/files-2.1/org.objenesis/objenesis/1.0/9b473564e792c2bdf1449da1f0b1b5bff9805704/objenesis-1.0.jar:/Users/lto/.gradle/caches/modules-2/files-2.1/commons-logging/commons-logging/1.2/4bfc12adfe4842bf07b657f0369c4cb522955686/commons-logging-1.2.jar:/Users/lto/.gradle/caches/modules-2/files-2.1/org.springframework/spring-expression/4.1.6.RELEASE/8bf70887c2c883a6f6e552dbe46eec35c07adf6a/spring-expression-4.1.6.RELEASE.jar:/Users/lto/.gradle/caches/modules-2/files-2.1/org.slf4j/slf4j-api/1.7.11/7eaaaf2238f324e2b02dbd4d6ced6778b99328/slf4j-api-1.7.11.jar:/Users/lto/.gradle/caches/modules-2/files-2.1/ch.qos.logback/logback-core/1.1.3/e3c02049f2dbbc764681b40094ecf0dcbc99b157/logback-core-1.1.3.jar:/Users/lto/.gradle/caches/modules-2/files-2.1/aopalliance/aopalliance/1.0/235ba8b489512805ac13a8f9ea77a1ca5ebe3e8/aopalliance-1.0.jar:/Users/lto/.gradle/caches/modules-2/files-2.1/org.apache.geronimo.specs/geronimo-jms_1.1_spec/1.1.1/c872b46c601d8dc03633288b81269f9e42762cea/geronimo-jms_1.1_spec-1.1.1.jar:/Users/lto/.gradle/caches/modules-2/files-2.1/org.fusesource.hawtbuf/hawtbuf/1.11/8f0e50ad8bea37b84b698ec40cce09e47714a63e/hawtbuf-1.11.jar:/Users/lto/.gradle/caches/modules-2/files-2.1/xml-apis/xml-apis/1.0.b2/3136ca936f64c9d68529f048c2618bd356bf85c9/xml-apis-1.0.b2.jar:/Users/lto/.gradle/caches/modules-2/files-2.1/org.aspectj/aspectjrt/1.8.5/39a8ff2d1f79267907f5573c090b342b040b9682/aspectjrt-1.8.5.jar:/Users/lto/.gradle/caches/modules-2/files-2.1/org.aspectj/aspectjweaver/1.8.5/6004670a8cbcbe794d73ad00106779561ad1b180/aspectjweaver-1.8.5.jar:/Users/lto/.gradle/caches/modules-2/files-2.1/org.apache.tomcat/tomcat-jdbc/8.0.20/7802cb686f4dec006ae31b86b283ddd45f4a3d/tomcat-jdbc-8.0.20.jar:/Users/lto/.gradle/caches/modules-2/files-2.1/org.springframework.data/spring-data-commons/1.9.2.RELEASE/6f92f93d9f837ea8a97a99e9bb850d3a08974c99/spring-data-commons-1.9.2.RELEASE.jar:/Users/lto/.gradle/caches/modules-2/files-2.1/org.apache.tomcat/tomcat-juli/8.0.20/f1654901f9bd84c03c648099335dd2f7e7085f90/tomcat-juli-8.0.20.jar:/Users/lto/.gradle/caches/modules-2/files-2.1/junit/junit/4.11/4e031bb61df09069aeb2bffb4019e7a5034a4ee0/junit-4.11.jar:/Users/lto/.gradle/caches/modules-2/files-2.1/org.hamcrest/hamcrest-core/1.3/42a25dc3219429f0e5d060061f71acb49bf010a0/hamcrest-core-1.3.jar, hibernate.bytecode.use_reflection_optimizer=false, hibernate.show_sql=false, javax.persistence.validation.mode=AUTO, java.vm.specification.version=1.7, sun.arch.data.model=64, java.home=/Library/Java/JavaVirtualMachines/jdk1.7.0_67.jdk/Contents/Home/jre, sun.java.command=jarjar.org.gradle.process.internal.launcher.GradleWorkerMain 'Gradle Test Executor 1', hibernate.dialect=org.hibernate.dialect.MySQL5Dialect, java.specification.vendor=Oracle Corporation, user.language=en, awt.toolkit=sun.lwawt.macosx.LWCToolkit, java.vm.info=mixed mode, java.version=1.7.0_67, java.ext.dirs=/Users/lto/Library/Java/Extensions:/Library/Java/JavaVirtualMachines/jdk1.7.0_67.jdk/Contents/Home/jre/lib/ext:/Library/Java/Extensions:/Network/Library/Java/Extensions:/System/Library/Java/Extensions:/usr/lib/java, sun.boot.class.path=/Library/Java/JavaVirtualMachines/jdk1.7.0_67.jdk/Contents/Home/jre/lib/resources.jar:/Library/Java/JavaVirtualMachines/jdk1.7.0_67.jdk/Contents/Home/jre/lib/rt.jar:/Library/Java/JavaVirtualMachines/jdk1.7.0_67.jdk/Contents/Home/jre/lib/sunrsasign.jar:/Library/Java/JavaVirtualMachines/jdk1.7.0_67.jdk/Contents/Home/jre/lib/jsse.jar:/Library/Java/JavaVirtualMachines/jdk1.7.0_67.jdk/Contents/Home/jre/lib/jce.jar:/Library/Java/JavaVirtualMachines/jdk1.7.0_67.jdk/Contents/Home/jre/lib/charsets.jar:/Library/Java/JavaVirtualMachines/jdk1.7.0_67.jdk/Contents/Home/jre/lib/jfr.jar:/Library/Java/JavaVirtualMachines/jdk1.7.0_67.jdk/Contents/Home/jre/classes, java.vendor=Oracle Corporation, org.gradle.test.worker=1, file.separator=/, java.vendor.url.bug=http://bugreport.sun.com/bugreport/, hibernate.hbm2ddl.auto=create-drop, sun.cpu.endian=little, sun.io.unicode.encoding=UnicodeBig, socksNonProxyHosts=local|*.local|169.254/16|*.169.254/16, ftp.nonProxyHosts=local|*.local|169.254/16|*.169.254/16, sun.cpu.isalist=}
14:11:15.005 [Test worker] DEBUG o.h.secure.spi.JaccIntegrator - Skipping JACC integration as it was not enabled
14:11:15.008 [Test worker] DEBUG o.hibernate.engine.spi.CascadeStyles - External cascade style regsitration [persist : STYLE_PERSIST_SKIPLAZY] overrode base registration [STYLE_PERSIST]
14:11:15.056 [Test worker] DEBUG o.h.i.f.i.DefaultIdentifierGeneratorFactory - Setting dialect [org.hibernate.dialect.MySQL5Dialect]
14:11:15.057 [Test worker] DEBUG o.h.i.f.i.DefaultIdentifierGeneratorFactory - Setting dialect [org.hibernate.dialect.MySQL5Dialect]
14:11:15.057 [Test worker] DEBUG o.h.i.f.i.DefaultIdentifierGeneratorFactory - Setting dialect [org.hibernate.dialect.MySQL5Dialect]
14:11:15.057 [Test worker] DEBUG o.h.i.f.i.DefaultIdentifierGeneratorFactory - Setting dialect [org.hibernate.dialect.MySQL5Dialect]
14:11:15.057 [Test worker] DEBUG o.h.i.f.i.DefaultIdentifierGeneratorFactory - Setting dialect [org.hibernate.dialect.MySQL5Dialect]
14:11:15.057 [Test worker] DEBUG o.h.i.f.i.DefaultIdentifierGeneratorFactory - Setting dialect [org.hibernate.dialect.MySQL5Dialect]
14:11:15.057 [Test worker] DEBUG o.h.i.f.i.DefaultIdentifierGeneratorFactory - Setting dialect [org.hibernate.dialect.MySQL5Dialect]
14:11:15.057 [Test worker] DEBUG o.h.i.f.i.DefaultIdentifierGeneratorFactory - Setting dialect [org.hibernate.dialect.MySQL5Dialect]
14:11:15.057 [Test worker] DEBUG o.h.i.f.i.DefaultIdentifierGeneratorFactory - Setting dialect [org.hibernate.dialect.MySQL5Dialect]
14:11:15.057 [Test worker] DEBUG o.h.i.f.i.DefaultIdentifierGeneratorFactory - Setting dialect [org.hibernate.dialect.MySQL5Dialect]
14:11:15.058 [Test worker] DEBUG o.h.i.f.i.DefaultIdentifierGeneratorFactory - Setting dialect [org.hibernate.dialect.MySQL5Dialect]
14:11:15.058 [Test worker] DEBUG o.h.i.f.i.DefaultIdentifierGeneratorFactory - Setting dialect [org.hibernate.dialect.MySQL5Dialect]
14:11:15.058 [Test worker] DEBUG o.h.i.f.i.DefaultIdentifierGeneratorFactory - Setting dialect [org.hibernate.dialect.MySQL5Dialect]
14:11:15.058 [Test worker] DEBUG o.h.i.f.i.DefaultIdentifierGeneratorFactory - Setting dialect [org.hibernate.dialect.MySQL5Dialect]
14:11:15.058 [Test worker] DEBUG o.h.i.f.i.DefaultIdentifierGeneratorFactory - Setting dialect [org.hibernate.dialect.MySQL5Dialect]
14:11:15.058 [Test worker] DEBUG o.h.i.f.i.DefaultIdentifierGeneratorFactory - Setting dialect [org.hibernate.dialect.MySQL5Dialect]
14:11:15.058 [Test worker] DEBUG o.h.i.f.i.DefaultIdentifierGeneratorFactory - Setting dialect [org.hibernate.dialect.MySQL5Dialect]
14:11:15.058 [Test worker] DEBUG o.h.i.f.i.DefaultIdentifierGeneratorFactory - Setting dialect [org.hibernate.dialect.MySQL5Dialect]
14:11:15.059 [Test worker] DEBUG o.h.i.f.i.DefaultIdentifierGeneratorFactory - Setting dialect [org.hibernate.dialect.MySQL5Dialect]
14:11:15.059 [Test worker] DEBUG o.h.i.f.i.DefaultIdentifierGeneratorFactory - Setting dialect [org.hibernate.dialect.MySQL5Dialect]
14:11:15.059 [Test worker] DEBUG o.h.i.f.i.DefaultIdentifierGeneratorFactory - Setting dialect [org.hibernate.dialect.MySQL5Dialect]
14:11:15.059 [Test worker] DEBUG o.h.i.f.i.DefaultIdentifierGeneratorFactory - Setting dialect [org.hibernate.dialect.MySQL5Dialect]
14:11:15.206 [Test worker] DEBUG o.h.p.c.AbstractCollectionPersister - Static SQL for collection: org.project.neutrino.nfvo.catalogue.mano.descriptor.VirtualNetworkFunctionDescriptor.virtual_link
14:11:15.207 [Test worker] DEBUG o.h.p.c.AbstractCollectionPersister -  Row insert: insert into virtual_network_function_descriptor_virtual_link (virtual_network_function_descriptor_Id, virtual_link_id) values (?, ?)
14:11:15.207 [Test worker] DEBUG o.h.p.c.AbstractCollectionPersister -  Row update: update virtual_network_function_descriptor_virtual_link set virtual_link_id=? where virtual_network_function_descriptor_Id=? and virtual_link_id=?
14:11:15.207 [Test worker] DEBUG o.h.p.c.AbstractCollectionPersister -  Row delete: delete from virtual_network_function_descriptor_virtual_link where virtual_network_function_descriptor_Id=? and virtual_link_id=?
14:11:15.207 [Test worker] DEBUG o.h.p.c.AbstractCollectionPersister -  One-shot delete: delete from virtual_network_function_descriptor_virtual_link where virtual_network_function_descriptor_Id=?
14:11:15.207 [Test worker] DEBUG o.h.p.c.AbstractCollectionPersister - Static SQL for collection: org.project.neutrino.nfvo.catalogue.mano.descriptor.VirtualNetworkFunctionDescriptor.manifest_file_security
14:11:15.207 [Test worker] DEBUG o.h.p.c.AbstractCollectionPersister -  Row insert: insert into virtual_network_function_descriptor_manifest_file_security (virtual_network_function_descriptor_Id, manifest_file_security_id) values (?, ?)
14:11:15.207 [Test worker] DEBUG o.h.p.c.AbstractCollectionPersister -  Row update: update virtual_network_function_descriptor_manifest_file_security set manifest_file_security_id=? where virtual_network_function_descriptor_Id=? and manifest_file_security_id=?
14:11:15.207 [Test worker] DEBUG o.h.p.c.AbstractCollectionPersister -  Row delete: delete from virtual_network_function_descriptor_manifest_file_security where virtual_network_function_descriptor_Id=? and manifest_file_security_id=?
14:11:15.207 [Test worker] DEBUG o.h.p.c.AbstractCollectionPersister -  One-shot delete: delete from virtual_network_function_descriptor_manifest_file_security where virtual_network_function_descriptor_Id=?
14:11:15.208 [Test worker] DEBUG o.h.p.c.AbstractCollectionPersister - Static SQL for collection: org.project.neutrino.nfvo.catalogue.mano.record.VirtualNetworkFunctionRecord.auto_scale_policy
14:11:15.208 [Test worker] DEBUG o.h.p.c.AbstractCollectionPersister -  Row insert: insert into virtual_network_function_record_auto_scale_policy (virtual_network_function_record_id, auto_scale_policy_id) values (?, ?)
14:11:15.208 [Test worker] DEBUG o.h.p.c.AbstractCollectionPersister -  Row update: update virtual_network_function_record_auto_scale_policy set auto_scale_policy_id=? where virtual_network_function_record_id=? and auto_scale_policy_id=?
14:11:15.208 [Test worker] DEBUG o.h.p.c.AbstractCollectionPersister -  Row delete: delete from virtual_network_function_record_auto_scale_policy where virtual_network_function_record_id=? and auto_scale_policy_id=?
14:11:15.208 [Test worker] DEBUG o.h.p.c.AbstractCollectionPersister -  One-shot delete: delete from virtual_network_function_record_auto_scale_policy where virtual_network_function_record_id=?
14:11:15.208 [Test worker] DEBUG o.h.p.c.AbstractCollectionPersister - Static SQL for collection: org.project.neutrino.nfvo.catalogue.mano.record.VirtualNetworkFunctionRecord.virtual_link
14:11:15.208 [Test worker] DEBUG o.h.p.c.AbstractCollectionPersister -  Row insert: insert into virtual_network_function_record_virtual_link (virtual_network_function_record_id, virtual_link_id) values (?, ?)
14:11:15.208 [Test worker] DEBUG o.h.p.c.AbstractCollectionPersister -  Row update: update virtual_network_function_record_virtual_link set virtual_link_id=? where virtual_network_function_record_id=? and virtual_link_id=?
14:11:15.208 [Test worker] DEBUG o.h.p.c.AbstractCollectionPersister -  Row delete: delete from virtual_network_function_record_virtual_link where virtual_network_function_record_id=? and virtual_link_id=?
14:11:15.208 [Test worker] DEBUG o.h.p.c.AbstractCollectionPersister -  One-shot delete: delete from virtual_network_function_record_virtual_link where virtual_network_function_record_id=?
14:11:15.209 [Test worker] DEBUG o.h.p.c.AbstractCollectionPersister - Static SQL for collection: org.project.neutrino.nfvo.catalogue.mano.common.NFVEntityDescriptor.vnffgd
14:11:15.209 [Test worker] DEBUG o.h.p.c.AbstractCollectionPersister -  Row insert: insert into nfventity_descriptor_vnffgd (nfventity_descriptor_Id, vnffgd_id) values (?, ?)
14:11:15.209 [Test worker] DEBUG o.h.p.c.AbstractCollectionPersister -  Row update: update nfventity_descriptor_vnffgd set vnffgd_id=? where nfventity_descriptor_Id=? and vnffgd_id=?
14:11:15.209 [Test worker] DEBUG o.h.p.c.AbstractCollectionPersister -  Row delete: delete from nfventity_descriptor_vnffgd where nfventity_descriptor_Id=? and vnffgd_id=?
14:11:15.209 [Test worker] DEBUG o.h.p.c.AbstractCollectionPersister -  One-shot delete: delete from nfventity_descriptor_vnffgd where nfventity_descriptor_Id=?
14:11:15.209 [Test worker] DEBUG o.h.p.c.AbstractCollectionPersister - Static SQL for collection: org.project.neutrino.nfvo.catalogue.mano.descriptor.VNFForwardingGraph.network_forwarding_path
14:11:15.209 [Test worker] DEBUG o.h.p.c.AbstractCollectionPersister -  Row insert: insert into vnfforwarding_graph_network_forwarding_path (vnfforwarding_graph_id, network_forwarding_path_id) values (?, ?)
14:11:15.209 [Test worker] DEBUG o.h.p.c.AbstractCollectionPersister -  Row update: update vnfforwarding_graph_network_forwarding_path set network_forwarding_path_id=? where vnfforwarding_graph_id=? and network_forwarding_path_id=?
14:11:15.209 [Test worker] DEBUG o.h.p.c.AbstractCollectionPersister -  Row delete: delete from vnfforwarding_graph_network_forwarding_path where vnfforwarding_graph_id=? and network_forwarding_path_id=?
14:11:15.209 [Test worker] DEBUG o.h.p.c.AbstractCollectionPersister -  One-shot delete: delete from vnfforwarding_graph_network_forwarding_path where vnfforwarding_graph_id=?
14:11:15.209 [Test worker] DEBUG o.h.p.c.AbstractCollectionPersister - Static SQL for collection: org.project.neutrino.nfvo.catalogue.mano.record.VirtualLinkRecord.vnffgr_reference
14:11:15.209 [Test worker] DEBUG o.h.p.c.AbstractCollectionPersister -  Row insert: insert into virtual_link_record_vnffgr_reference (virtual_link_record_id, vnffgr_reference_id) values (?, ?)
14:11:15.209 [Test worker] DEBUG o.h.p.c.AbstractCollectionPersister -  Row update: update virtual_link_record_vnffgr_reference set vnffgr_reference_id=? where virtual_link_record_id=? and vnffgr_reference_id=?
14:11:15.209 [Test worker] DEBUG o.h.p.c.AbstractCollectionPersister -  Row delete: delete from virtual_link_record_vnffgr_reference where virtual_link_record_id=? and vnffgr_reference_id=?
14:11:15.210 [Test worker] DEBUG o.h.p.c.AbstractCollectionPersister -  One-shot delete: delete from virtual_link_record_vnffgr_reference where virtual_link_record_id=?
14:11:15.210 [Test worker] DEBUG o.h.p.c.AbstractCollectionPersister - Static SQL for collection: org.project.neutrino.nfvo.catalogue.mano.descriptor.VirtualDeploymentUnit.vm_image
14:11:15.210 [Test worker] DEBUG o.h.p.c.AbstractCollectionPersister -  Row insert: insert into virtual_deployment_unit_vm_image (virtual_deployment_unit_id, vm_image) values (?, ?)
14:11:15.210 [Test worker] DEBUG o.h.p.c.AbstractCollectionPersister -  Row update: update virtual_deployment_unit_vm_image set vm_image=? where virtual_deployment_unit_id=? and vm_image=?
14:11:15.210 [Test worker] DEBUG o.h.p.c.AbstractCollectionPersister -  Row delete: delete from virtual_deployment_unit_vm_image where virtual_deployment_unit_id=? and vm_image=?
14:11:15.210 [Test worker] DEBUG o.h.p.c.AbstractCollectionPersister -  One-shot delete: delete from virtual_deployment_unit_vm_image where virtual_deployment_unit_id=?
14:11:15.211 [Test worker] DEBUG o.h.p.c.AbstractCollectionPersister - Static SQL for collection: org.project.neutrino.nfvo.catalogue.mano.descriptor.VNFDDeploymentFlavour.df_constraint
14:11:15.211 [Test worker] DEBUG o.h.p.c.AbstractCollectionPersister -  Row insert: insert into vnfddeployment_flavour_df_constraint (vnfddeployment_flavour_id, df_constraint) values (?, ?)
14:11:15.211 [Test worker] DEBUG o.h.p.c.AbstractCollectionPersister -  Row update: update vnfddeployment_flavour_df_constraint set df_constraint=? where vnfddeployment_flavour_id=? and df_constraint=?
14:11:15.211 [Test worker] DEBUG o.h.p.c.AbstractCollectionPersister -  Row delete: delete from vnfddeployment_flavour_df_constraint where vnfddeployment_flavour_id=? and df_constraint=?
14:11:15.211 [Test worker] DEBUG o.h.p.c.AbstractCollectionPersister -  One-shot delete: delete from vnfddeployment_flavour_df_constraint where vnfddeployment_flavour_id=?
14:11:15.212 [Test worker] DEBUG o.h.p.c.AbstractCollectionPersister - Static SQL for collection: org.project.neutrino.nfvo.catalogue.mano.record.NetworkServiceRecord.monitoring_parameter
14:11:15.212 [Test worker] DEBUG o.h.p.c.AbstractCollectionPersister -  Row insert: insert into network_service_record_monitoring_parameter (network_service_record_id, monitoring_parameter) values (?, ?)
14:11:15.212 [Test worker] DEBUG o.h.p.c.AbstractCollectionPersister -  Row update: update network_service_record_monitoring_parameter set monitoring_parameter=? where network_service_record_id=? and monitoring_parameter=?
14:11:15.212 [Test worker] DEBUG o.h.p.c.AbstractCollectionPersister -  Row delete: delete from network_service_record_monitoring_parameter where network_service_record_id=? and monitoring_parameter=?
14:11:15.212 [Test worker] DEBUG o.h.p.c.AbstractCollectionPersister -  One-shot delete: delete from network_service_record_monitoring_parameter where network_service_record_id=?
14:11:15.212 [Test worker] DEBUG o.h.p.c.AbstractCollectionPersister - Static SQL for collection: org.project.neutrino.nfvo.catalogue.mano.record.VNFForwardingGraphRecord.lifecycle_event_history
14:11:15.212 [Test worker] DEBUG o.h.p.c.AbstractCollectionPersister -  Row insert: insert into vnfforwarding_graph_record_lifecycle_event_history (vnfforwarding_graph_record_id, lifecycle_event_history_id) values (?, ?)
14:11:15.212 [Test worker] DEBUG o.h.p.c.AbstractCollectionPersister -  Row update: update vnfforwarding_graph_record_lifecycle_event_history set lifecycle_event_history_id=? where vnfforwarding_graph_record_id=? and lifecycle_event_history_id=?
14:11:15.212 [Test worker] DEBUG o.h.p.c.AbstractCollectionPersister -  Row delete: delete from vnfforwarding_graph_record_lifecycle_event_history where vnfforwarding_graph_record_id=? and lifecycle_event_history_id=?
14:11:15.213 [Test worker] DEBUG o.h.p.c.AbstractCollectionPersister -  One-shot delete: delete from vnfforwarding_graph_record_lifecycle_event_history where vnfforwarding_graph_record_id=?
14:11:15.213 [Test worker] DEBUG o.h.p.c.AbstractCollectionPersister - Static SQL for collection: org.project.neutrino.nfvo.catalogue.mano.descriptor.VirtualNetworkFunctionDescriptor.deployment_flavour
14:11:15.213 [Test worker] DEBUG o.h.p.c.AbstractCollectionPersister -  Row insert: insert into virtual_network_function_descriptor_deployment_flavour (virtual_network_function_descriptor_Id, deployment_flavour_id) values (?, ?)
14:11:15.213 [Test worker] DEBUG o.h.p.c.AbstractCollectionPersister -  Row update: update virtual_network_function_descriptor_deployment_flavour set deployment_flavour_id=? where virtual_network_function_descriptor_Id=? and deployment_flavour_id=?
14:11:15.213 [Test worker] DEBUG o.h.p.c.AbstractCollectionPersister -  Row delete: delete from virtual_network_function_descriptor_deployment_flavour where virtual_network_function_descriptor_Id=? and deployment_flavour_id=?
14:11:15.213 [Test worker] DEBUG o.h.p.c.AbstractCollectionPersister -  One-shot delete: delete from virtual_network_function_descriptor_deployment_flavour where virtual_network_function_descriptor_Id=?
14:11:15.213 [Test worker] DEBUG o.h.p.c.AbstractCollectionPersister - Static SQL for collection: org.project.neutrino.nfvo.catalogue.mano.descriptor.VirtualDeploymentUnit.monitoring_parameter
14:11:15.213 [Test worker] DEBUG o.h.p.c.AbstractCollectionPersister -  Row insert: insert into virtual_deployment_unit_monitoring_parameter (virtual_deployment_unit_id, monitoring_parameter) values (?, ?)
14:11:15.213 [Test worker] DEBUG o.h.p.c.AbstractCollectionPersister -  Row update: update virtual_deployment_unit_monitoring_parameter set monitoring_parameter=? where virtual_deployment_unit_id=? and monitoring_parameter=?
14:11:15.213 [Test worker] DEBUG o.h.p.c.AbstractCollectionPersister -  Row delete: delete from virtual_deployment_unit_monitoring_parameter where virtual_deployment_unit_id=? and monitoring_parameter=?
14:11:15.213 [Test worker] DEBUG o.h.p.c.AbstractCollectionPersister -  One-shot delete: delete from virtual_deployment_unit_monitoring_parameter where virtual_deployment_unit_id=?
14:11:15.214 [Test worker] DEBUG o.h.p.c.AbstractCollectionPersister - Static SQL for collection: org.project.neutrino.nfvo.catalogue.mano.record.VirtualNetworkFunctionRecord.runtime_policy_info
14:11:15.214 [Test worker] DEBUG o.h.p.c.AbstractCollectionPersister -  Row insert: insert into virtual_network_function_record_runtime_policy_info (virtual_network_function_record_id, runtime_policy_info) values (?, ?)
14:11:15.214 [Test worker] DEBUG o.h.p.c.AbstractCollectionPersister -  Row update: update virtual_network_function_record_runtime_policy_info set runtime_policy_info=? where virtual_network_function_record_id=? and runtime_policy_info=?
14:11:15.214 [Test worker] DEBUG o.h.p.c.AbstractCollectionPersister -  Row delete: delete from virtual_network_function_record_runtime_policy_info where virtual_network_function_record_id=? and runtime_policy_info=?
14:11:15.214 [Test worker] DEBUG o.h.p.c.AbstractCollectionPersister -  One-shot delete: delete from virtual_network_function_record_runtime_policy_info where virtual_network_function_record_id=?
14:11:15.214 [Test worker] DEBUG o.h.p.c.AbstractCollectionPersister - Static SQL for collection: org.project.neutrino.nfvo.catalogue.mano.common.NFVEntityDescriptor.connection_point
14:11:15.214 [Test worker] DEBUG o.h.p.c.AbstractCollectionPersister -  Row insert: insert into nfventity_descriptor_connection_point (nfventity_descriptor_Id, connection_point_id) values (?, ?)
14:11:15.214 [Test worker] DEBUG o.h.p.c.AbstractCollectionPersister -  Row update: update nfventity_descriptor_connection_point set connection_point_id=? where nfventity_descriptor_Id=? and connection_point_id=?
14:11:15.214 [Test worker] DEBUG o.h.p.c.AbstractCollectionPersister -  Row delete: delete from nfventity_descriptor_connection_point where nfventity_descriptor_Id=? and connection_point_id=?
14:11:15.214 [Test worker] DEBUG o.h.p.c.AbstractCollectionPersister -  One-shot delete: delete from nfventity_descriptor_connection_point where nfventity_descriptor_Id=?
14:11:15.215 [Test worker] DEBUG o.h.p.c.AbstractCollectionPersister - Static SQL for collection: org.project.neutrino.nfvo.catalogue.mano.descriptor.NetworkForwardingPath.connection
14:11:15.215 [Test worker] DEBUG o.h.p.c.AbstractCollectionPersister -  Row insert: insert into network_forwarding_path_connection (network_forwarding_path_id, connection_key, connection) values (?, ?, ?)
14:11:15.215 [Test worker] DEBUG o.h.p.c.AbstractCollectionPersister -  Row update: update network_forwarding_path_connection set connection=? where network_forwarding_path_id=? and connection_key=?
14:11:15.215 [Test worker] DEBUG o.h.p.c.AbstractCollectionPersister -  Row delete: delete from network_forwarding_path_connection where network_forwarding_path_id=? and connection_key=?
14:11:15.215 [Test worker] DEBUG o.h.p.c.AbstractCollectionPersister -  One-shot delete: delete from network_forwarding_path_connection where network_forwarding_path_id=?
14:11:15.216 [Test worker] DEBUG o.h.p.c.AbstractCollectionPersister - Static SQL for collection: org.project.neutrino.nfvo.catalogue.mano.descriptor.NetworkServiceDescriptor.vnf_dependency
14:11:15.216 [Test worker] DEBUG o.h.p.c.AbstractCollectionPersister -  Row insert: insert into network_service_descriptor_vnf_dependency (network_service_descriptor_Id, vnf_dependency_id) values (?, ?)
14:11:15.216 [Test worker] DEBUG o.h.p.c.AbstractCollectionPersister -  Row update: update network_service_descriptor_vnf_dependency set vnf_dependency_id=? where network_service_descriptor_Id=? and vnf_dependency_id=?
14:11:15.216 [Test worker] DEBUG o.h.p.c.AbstractCollectionPersister -  Row delete: delete from network_service_descriptor_vnf_dependency where network_service_descriptor_Id=? and vnf_dependency_id=?
14:11:15.216 [Test worker] DEBUG o.h.p.c.AbstractCollectionPersister -  One-shot delete: delete from network_service_descriptor_vnf_dependency where network_service_descriptor_Id=?
14:11:15.216 [Test worker] DEBUG o.h.p.c.AbstractCollectionPersister - Static SQL for collection: org.project.neutrino.nfvo.catalogue.mano.record.VNFForwardingGraphRecord.connection_point
14:11:15.216 [Test worker] DEBUG o.h.p.c.AbstractCollectionPersister -  Row insert: insert into vnfforwarding_graph_record_connection_point (vnfforwarding_graph_record_id, connection_point_id) values (?, ?)
14:11:15.216 [Test worker] DEBUG o.h.p.c.AbstractCollectionPersister -  Row update: update vnfforwarding_graph_record_connection_point set connection_point_id=? where vnfforwarding_graph_record_id=? and connection_point_id=?
14:11:15.216 [Test worker] DEBUG o.h.p.c.AbstractCollectionPersister -  Row delete: delete from vnfforwarding_graph_record_connection_point where vnfforwarding_graph_record_id=? and connection_point_id=?
14:11:15.216 [Test worker] DEBUG o.h.p.c.AbstractCollectionPersister -  One-shot delete: delete from vnfforwarding_graph_record_connection_point where vnfforwarding_graph_record_id=?
14:11:15.217 [Test worker] DEBUG o.h.p.c.AbstractCollectionPersister - Static SQL for collection: org.project.neutrino.nfvo.catalogue.mano.record.VirtualLinkRecord.notification
14:11:15.217 [Test worker] DEBUG o.h.p.c.AbstractCollectionPersister -  Row insert: insert into virtual_link_record_notification (virtual_link_record_id, notification) values (?, ?)
14:11:15.217 [Test worker] DEBUG o.h.p.c.AbstractCollectionPersister -  Row update: update virtual_link_record_notification set notification=? where virtual_link_record_id=? and notification=?
14:11:15.217 [Test worker] DEBUG o.h.p.c.AbstractCollectionPersister -  Row delete: delete from virtual_link_record_notification where virtual_link_record_id=? and notification=?
14:11:15.217 [Test worker] DEBUG o.h.p.c.AbstractCollectionPersister -  One-shot delete: delete from virtual_link_record_notification where virtual_link_record_id=?
14:11:15.217 [Test worker] DEBUG o.h.p.c.AbstractCollectionPersister - Static SQL for collection: org.project.neutrino.nfvo.catalogue.mano.record.NetworkServiceRecord.vlr
14:11:15.217 [Test worker] DEBUG o.h.p.c.AbstractCollectionPersister -  Row insert: insert into network_service_record_vlr (network_service_record_id, vlr_id) values (?, ?)
14:11:15.217 [Test worker] DEBUG o.h.p.c.AbstractCollectionPersister -  Row update: update network_service_record_vlr set vlr_id=? where network_service_record_id=? and vlr_id=?
14:11:15.217 [Test worker] DEBUG o.h.p.c.AbstractCollectionPersister -  Row delete: delete from network_service_record_vlr where network_service_record_id=? and vlr_id=?
14:11:15.217 [Test worker] DEBUG o.h.p.c.AbstractCollectionPersister -  One-shot delete: delete from network_service_record_vlr where network_service_record_id=?
14:11:15.217 [Test worker] DEBUG o.h.p.c.AbstractCollectionPersister - Static SQL for collection: org.project.neutrino.nfvo.catalogue.mano.descriptor.VNFDDeploymentFlavour.costituent_vdu
14:11:15.218 [Test worker] DEBUG o.h.p.c.AbstractCollectionPersister -  Row insert: insert into vnfddeployment_flavour_costituent_vdu (vnfddeployment_flavour_id, costituent_vdu_id) values (?, ?)
14:11:15.218 [Test worker] DEBUG o.h.p.c.AbstractCollectionPersister -  Row update: update vnfddeployment_flavour_costituent_vdu set costituent_vdu_id=? where vnfddeployment_flavour_id=? and costituent_vdu_id=?
14:11:15.218 [Test worker] DEBUG o.h.p.c.AbstractCollectionPersister -  Row delete: delete from vnfddeployment_flavour_costituent_vdu where vnfddeployment_flavour_id=? and costituent_vdu_id=?
14:11:15.218 [Test worker] DEBUG o.h.p.c.AbstractCollectionPersister -  One-shot delete: delete from vnfddeployment_flavour_costituent_vdu where vnfddeployment_flavour_id=?
14:11:15.218 [Test worker] DEBUG o.h.p.c.AbstractCollectionPersister - Static SQL for collection: org.project.neutrino.nfvo.catalogue.mano.descriptor.VNFComponent.connection_point
14:11:15.218 [Test worker] DEBUG o.h.p.c.AbstractCollectionPersister -  Row insert: insert into vnfcomponent_connection_point (vnfcomponent_id, connection_point_id) values (?, ?)
14:11:15.218 [Test worker] DEBUG o.h.p.c.AbstractCollectionPersister -  Row update: update vnfcomponent_connection_point set connection_point_id=? where vnfcomponent_id=? and connection_point_id=?
14:11:15.218 [Test worker] DEBUG o.h.p.c.AbstractCollectionPersister -  Row delete: delete from vnfcomponent_connection_point where vnfcomponent_id=? and connection_point_id=?
14:11:15.218 [Test worker] DEBUG o.h.p.c.AbstractCollectionPersister -  One-shot delete: delete from vnfcomponent_connection_point where vnfcomponent_id=?
14:11:15.218 [Test worker] DEBUG o.h.p.c.AbstractCollectionPersister - Static SQL for collection: org.project.neutrino.nfvo.catalogue.mano.record.VirtualNetworkFunctionRecord.dependency
14:11:15.218 [Test worker] DEBUG o.h.p.c.AbstractCollectionPersister -  Row insert: insert into virtual_network_function_record_dependency (virtual_network_function_record_id, dependency_id) values (?, ?)
14:11:15.218 [Test worker] DEBUG o.h.p.c.AbstractCollectionPersister -  Row update: update virtual_network_function_record_dependency set dependency_id=? where virtual_network_function_record_id=? and dependency_id=?
14:11:15.218 [Test worker] DEBUG o.h.p.c.AbstractCollectionPersister -  Row delete: delete from virtual_network_function_record_dependency where virtual_network_function_record_id=? and dependency_id=?
14:11:15.219 [Test worker] DEBUG o.h.p.c.AbstractCollectionPersister -  One-shot delete: delete from virtual_network_function_record_dependency where virtual_network_function_record_id=?
14:11:15.219 [Test worker] DEBUG o.h.p.c.AbstractCollectionPersister - Static SQL for collection: org.project.neutrino.nfvo.catalogue.mano.common.NFVEntityDescriptor.service_deployment_flavour
14:11:15.219 [Test worker] DEBUG o.h.p.c.AbstractCollectionPersister -  Row insert: insert into nfventity_descriptor_service_deployment_flavour (nfventity_descriptor_Id, service_deployment_flavour_id) values (?, ?)
14:11:15.219 [Test worker] DEBUG o.h.p.c.AbstractCollectionPersister -  Row update: update nfventity_descriptor_service_deployment_flavour set service_deployment_flavour_id=? where nfventity_descriptor_Id=? and service_deployment_flavour_id=?
14:11:15.219 [Test worker] DEBUG o.h.p.c.AbstractCollectionPersister -  Row delete: delete from nfventity_descriptor_service_deployment_flavour where nfventity_descriptor_Id=? and service_deployment_flavour_id=?
14:11:15.219 [Test worker] DEBUG o.h.p.c.AbstractCollectionPersister -  One-shot delete: delete from nfventity_descriptor_service_deployment_flavour where nfventity_descriptor_Id=?
14:11:15.219 [Test worker] DEBUG o.h.p.c.AbstractCollectionPersister - Static SQL for collection: org.project.neutrino.nfvo.catalogue.mano.record.PhysicalNetworkFunctionRecord.connection_point
14:11:15.219 [Test worker] DEBUG o.h.p.c.AbstractCollectionPersister -  Row insert: insert into physical_network_function_record_connection_point (physical_network_function_record_id, connection_point_id) values (?, ?)
14:11:15.219 [Test worker] DEBUG o.h.p.c.AbstractCollectionPersister -  Row update: update physical_network_function_record_connection_point set connection_point_id=? where physical_network_function_record_id=? and connection_point_id=?
14:11:15.219 [Test worker] DEBUG o.h.p.c.AbstractCollectionPersister -  Row delete: delete from physical_network_function_record_connection_point where physical_network_function_record_id=? and connection_point_id=?
14:11:15.219 [Test worker] DEBUG o.h.p.c.AbstractCollectionPersister -  One-shot delete: delete from physical_network_function_record_connection_point where physical_network_function_record_id=?
14:11:15.220 [Test worker] DEBUG o.h.p.c.AbstractCollectionPersister - Static SQL for collection: org.project.neutrino.nfvo.catalogue.mano.descriptor.VNFForwardingGraph.dependent_virtual_link
14:11:15.220 [Test worker] DEBUG o.h.p.c.AbstractCollectionPersister -  Row insert: insert into vnfforwarding_graph_dependent_virtual_link (vnfforwarding_graph_id, dependent_virtual_link_id) values (?, ?)
14:11:15.220 [Test worker] DEBUG o.h.p.c.AbstractCollectionPersister -  Row update: update vnfforwarding_graph_dependent_virtual_link set dependent_virtual_link_id=? where vnfforwarding_graph_id=? and dependent_virtual_link_id=?
14:11:15.220 [Test worker] DEBUG o.h.p.c.AbstractCollectionPersister -  Row delete: delete from vnfforwarding_graph_dependent_virtual_link where vnfforwarding_graph_id=? and dependent_virtual_link_id=?
14:11:15.220 [Test worker] DEBUG o.h.p.c.AbstractCollectionPersister -  One-shot delete: delete from vnfforwarding_graph_dependent_virtual_link where vnfforwarding_graph_id=?
14:11:15.220 [Test worker] DEBUG o.h.p.c.AbstractCollectionPersister - Static SQL for collection: org.project.neutrino.nfvo.catalogue.mano.record.VirtualNetworkFunctionRecord.connection_point
14:11:15.220 [Test worker] DEBUG o.h.p.c.AbstractCollectionPersister -  Row insert: insert into virtual_network_function_record_connection_point (virtual_network_function_record_id, connection_point_id) values (?, ?)
14:11:15.220 [Test worker] DEBUG o.h.p.c.AbstractCollectionPersister -  Row update: update virtual_network_function_record_connection_point set connection_point_id=? where virtual_network_function_record_id=? and connection_point_id=?
14:11:15.220 [Test worker] DEBUG o.h.p.c.AbstractCollectionPersister -  Row delete: delete from virtual_network_function_record_connection_point where virtual_network_function_record_id=? and connection_point_id=?
14:11:15.220 [Test worker] DEBUG o.h.p.c.AbstractCollectionPersister -  One-shot delete: delete from virtual_network_function_record_connection_point where virtual_network_function_record_id=?
14:11:15.221 [Test worker] DEBUG o.h.p.c.AbstractCollectionPersister - Static SQL for collection: org.project.neutrino.nfvo.catalogue.mano.descriptor.VirtualNetworkFunctionDescriptor.vdu_dependency
14:11:15.221 [Test worker] DEBUG o.h.p.c.AbstractCollectionPersister -  Row insert: insert into virtual_network_function_descriptor_vdu_dependency (virtual_network_function_descriptor_Id, vdu_dependency_id) values (?, ?)
14:11:15.221 [Test worker] DEBUG o.h.p.c.AbstractCollectionPersister -  Row update: update virtual_network_function_descriptor_vdu_dependency set vdu_dependency_id=? where virtual_network_function_descriptor_Id=? and vdu_dependency_id=?
14:11:15.221 [Test worker] DEBUG o.h.p.c.AbstractCollectionPersister -  Row delete: delete from virtual_network_function_descriptor_vdu_dependency where virtual_network_function_descriptor_Id=? and vdu_dependency_id=?
14:11:15.221 [Test worker] DEBUG o.h.p.c.AbstractCollectionPersister -  One-shot delete: delete from virtual_network_function_descriptor_vdu_dependency where virtual_network_function_descriptor_Id=?
14:11:15.221 [Test worker] DEBUG o.h.p.c.AbstractCollectionPersister - Static SQL for collection: org.project.neutrino.nfvo.catalogue.mano.descriptor.NetworkServiceDescriptor.vnfd
14:11:15.221 [Test worker] DEBUG o.h.p.c.AbstractCollectionPersister -  Row insert: insert into network_service_descriptor_vnfd (network_service_descriptor_Id, vnfd_Id) values (?, ?)
14:11:15.221 [Test worker] DEBUG o.h.p.c.AbstractCollectionPersister -  Row update: update network_service_descriptor_vnfd set vnfd_Id=? where network_service_descriptor_Id=? and vnfd_Id=?
14:11:15.221 [Test worker] DEBUG o.h.p.c.AbstractCollectionPersister -  Row delete: delete from network_service_descriptor_vnfd where network_service_descriptor_Id=? and vnfd_Id=?
14:11:15.221 [Test worker] DEBUG o.h.p.c.AbstractCollectionPersister -  One-shot delete: delete from network_service_descriptor_vnfd where network_service_descriptor_Id=?
14:11:15.221 [Test worker] DEBUG o.h.p.c.AbstractCollectionPersister - Static SQL for collection: org.project.neutrino.nfvo.catalogue.mano.descriptor.PhysicalNetworkFunctionDescriptor.connection_point
14:11:15.221 [Test worker] DEBUG o.h.p.c.AbstractCollectionPersister -  Row insert: insert into physical_network_function_descriptor_connection_point (physical_network_function_descriptor_id, connection_point_id) values (?, ?)
14:11:15.222 [Test worker] DEBUG o.h.p.c.AbstractCollectionPersister -  Row update: update physical_network_function_descriptor_connection_point set connection_point_id=? where physical_network_function_descriptor_id=? and connection_point_id=?
14:11:15.222 [Test worker] DEBUG o.h.p.c.AbstractCollectionPersister -  Row delete: delete from physical_network_function_descriptor_connection_point where physical_network_function_descriptor_id=? and connection_point_id=?
14:11:15.222 [Test worker] DEBUG o.h.p.c.AbstractCollectionPersister -  One-shot delete: delete from physical_network_function_descriptor_connection_point where physical_network_function_descriptor_id=?
14:11:15.222 [Test worker] DEBUG o.h.p.c.AbstractCollectionPersister - Static SQL for collection: org.project.neutrino.nfvo.catalogue.mano.common.NFVEntityDescriptor.lifecycle_event
14:11:15.222 [Test worker] DEBUG o.h.p.c.AbstractCollectionPersister -  Row insert: insert into nfventity_descriptor_lifecycle_event (nfventity_descriptor_Id, lifecycle_event_id) values (?, ?)
14:11:15.222 [Test worker] DEBUG o.h.p.c.AbstractCollectionPersister -  Row update: update nfventity_descriptor_lifecycle_event set lifecycle_event_id=? where nfventity_descriptor_Id=? and lifecycle_event_id=?
14:11:15.222 [Test worker] DEBUG o.h.p.c.AbstractCollectionPersister -  Row delete: delete from nfventity_descriptor_lifecycle_event where nfventity_descriptor_Id=? and lifecycle_event_id=?
14:11:15.222 [Test worker] DEBUG o.h.p.c.AbstractCollectionPersister -  One-shot delete: delete from nfventity_descriptor_lifecycle_event where nfventity_descriptor_Id=?
14:11:15.222 [Test worker] DEBUG o.h.p.c.AbstractCollectionPersister - Static SQL for collection: org.project.neutrino.nfvo.catalogue.mano.record.VirtualLinkRecord.connection
14:11:15.222 [Test worker] DEBUG o.h.p.c.AbstractCollectionPersister -  Row insert: insert into virtual_link_record_connection (virtual_link_record_id, connection) values (?, ?)
14:11:15.222 [Test worker] DEBUG o.h.p.c.AbstractCollectionPersister -  Row update: update virtual_link_record_connection set connection=? where virtual_link_record_id=? and connection=?
14:11:15.222 [Test worker] DEBUG o.h.p.c.AbstractCollectionPersister -  Row delete: delete from virtual_link_record_connection where virtual_link_record_id=? and connection=?
14:11:15.222 [Test worker] DEBUG o.h.p.c.AbstractCollectionPersister -  One-shot delete: delete from virtual_link_record_connection where virtual_link_record_id=?
14:11:15.223 [Test worker] DEBUG o.h.p.c.AbstractCollectionPersister - Static SQL for collection: org.project.neutrino.nfvo.catalogue.mano.record.VirtualNetworkFunctionRecord.notification
14:11:15.223 [Test worker] DEBUG o.h.p.c.AbstractCollectionPersister -  Row insert: insert into virtual_network_function_record_notification (virtual_network_function_record_id, notification) values (?, ?)
14:11:15.223 [Test worker] DEBUG o.h.p.c.AbstractCollectionPersister -  Row update: update virtual_network_function_record_notification set notification=? where virtual_network_function_record_id=? and notification=?
14:11:15.223 [Test worker] DEBUG o.h.p.c.AbstractCollectionPersister -  Row delete: delete from virtual_network_function_record_notification where virtual_network_function_record_id=? and notification=?
14:11:15.223 [Test worker] DEBUG o.h.p.c.AbstractCollectionPersister -  One-shot delete: delete from virtual_network_function_record_notification where virtual_network_function_record_id=?
14:11:15.223 [Test worker] DEBUG o.h.p.c.AbstractCollectionPersister - Static SQL for collection: org.project.neutrino.nfvo.catalogue.mano.record.VirtualNetworkFunctionRecord.vnf_address
14:11:15.223 [Test worker] DEBUG o.h.p.c.AbstractCollectionPersister -  Row insert: insert into virtual_network_function_record_vnf_address (virtual_network_function_record_id, vnf_address) values (?, ?)
14:11:15.223 [Test worker] DEBUG o.h.p.c.AbstractCollectionPersister -  Row update: update virtual_network_function_record_vnf_address set vnf_address=? where virtual_network_function_record_id=? and vnf_address=?
14:11:15.223 [Test worker] DEBUG o.h.p.c.AbstractCollectionPersister -  Row delete: delete from virtual_network_function_record_vnf_address where virtual_network_function_record_id=? and vnf_address=?
14:11:15.223 [Test worker] DEBUG o.h.p.c.AbstractCollectionPersister -  One-shot delete: delete from virtual_network_function_record_vnf_address where virtual_network_function_record_id=?
14:11:15.224 [Test worker] DEBUG o.h.p.c.AbstractCollectionPersister - Static SQL for collection: org.project.neutrino.nfvo.catalogue.mano.common.NFVEntityDescriptor.auto_scale_policy
14:11:15.224 [Test worker] DEBUG o.h.p.c.AbstractCollectionPersister -  Row insert: insert into nfventity_descriptor_auto_scale_policy (nfventity_descriptor_Id, auto_scale_policy_id) values (?, ?)
14:11:15.224 [Test worker] DEBUG o.h.p.c.AbstractCollectionPersister -  Row update: update nfventity_descriptor_auto_scale_policy set auto_scale_policy_id=? where nfventity_descriptor_Id=? and auto_scale_policy_id=?
14:11:15.224 [Test worker] DEBUG o.h.p.c.AbstractCollectionPersister -  Row delete: delete from nfventity_descriptor_auto_scale_policy where nfventity_descriptor_Id=? and auto_scale_policy_id=?
14:11:15.224 [Test worker] DEBUG o.h.p.c.AbstractCollectionPersister -  One-shot delete: delete from nfventity_descriptor_auto_scale_policy where nfventity_descriptor_Id=?
14:11:15.224 [Test worker] DEBUG o.h.p.c.AbstractCollectionPersister - Static SQL for collection: org.project.neutrino.nfvo.catalogue.mano.record.VirtualNetworkFunctionRecord.connected_external_virtual_link
14:11:15.224 [Test worker] DEBUG o.h.p.c.AbstractCollectionPersister -  Row insert: insert into virtual_network_function_record_connected_external_virtual_link (virtual_network_function_record_id, connected_external_virtual_link_id) values (?, ?)
14:11:15.224 [Test worker] DEBUG o.h.p.c.AbstractCollectionPersister -  Row update: update virtual_network_function_record_connected_external_virtual_link set connected_external_virtual_link_id=? where virtual_network_function_record_id=? and connected_external_virtual_link_id=?
14:11:15.224 [Test worker] DEBUG o.h.p.c.AbstractCollectionPersister -  Row delete: delete from virtual_network_function_record_connected_external_virtual_link where virtual_network_function_record_id=? and connected_external_virtual_link_id=?
14:11:15.224 [Test worker] DEBUG o.h.p.c.AbstractCollectionPersister -  One-shot delete: delete from virtual_network_function_record_connected_external_virtual_link where virtual_network_function_record_id=?
14:11:15.224 [Test worker] DEBUG o.h.p.c.AbstractCollectionPersister - Static SQL for collection: org.project.neutrino.nfvo.catalogue.mano.record.NetworkServiceRecord.lifecycle_event_history
14:11:15.224 [Test worker] DEBUG o.h.p.c.AbstractCollectionPersister -  Row insert: insert into network_service_record_lifecycle_event_history (network_service_record_id, lifecycle_event_history_id) values (?, ?)
14:11:15.224 [Test worker] DEBUG o.h.p.c.AbstractCollectionPersister -  Row update: update network_service_record_lifecycle_event_history set lifecycle_event_history_id=? where network_service_record_id=? and lifecycle_event_history_id=?
14:11:15.225 [Test worker] DEBUG o.h.p.c.AbstractCollectionPersister -  Row delete: delete from network_service_record_lifecycle_event_history where network_service_record_id=? and lifecycle_event_history_id=?
14:11:15.225 [Test worker] DEBUG o.h.p.c.AbstractCollectionPersister -  One-shot delete: delete from network_service_record_lifecycle_event_history where network_service_record_id=?
14:11:15.225 [Test worker] DEBUG o.h.p.c.AbstractCollectionPersister - Static SQL for collection: org.project.neutrino.nfvo.catalogue.mano.common.NFVEntityDescriptor.monitoring_parameter
14:11:15.225 [Test worker] DEBUG o.h.p.c.AbstractCollectionPersister -  Row insert: insert into nfventity_descriptor_monitoring_parameter (nfventity_descriptor_Id, monitoring_parameter) values (?, ?)
14:11:15.225 [Test worker] DEBUG o.h.p.c.AbstractCollectionPersister -  Row update: update nfventity_descriptor_monitoring_parameter set monitoring_parameter=? where nfventity_descriptor_Id=? and monitoring_parameter=?
14:11:15.225 [Test worker] DEBUG o.h.p.c.AbstractCollectionPersister -  Row delete: delete from nfventity_descriptor_monitoring_parameter where nfventity_descriptor_Id=? and monitoring_parameter=?
14:11:15.225 [Test worker] DEBUG o.h.p.c.AbstractCollectionPersister -  One-shot delete: delete from nfventity_descriptor_monitoring_parameter where nfventity_descriptor_Id=?
14:11:15.225 [Test worker] DEBUG o.h.p.c.AbstractCollectionPersister - Static SQL for collection: org.project.neutrino.nfvo.catalogue.mano.descriptor.InternalVirtualLink.connection_points_references
14:11:15.226 [Test worker] DEBUG o.h.p.c.AbstractCollectionPersister -  Row insert: insert into internal_virtual_link_connection_points_references (internal_virtual_link_id, connection_points_references) values (?, ?)
14:11:15.226 [Test worker] DEBUG o.h.p.c.AbstractCollectionPersister -  Row update: update internal_virtual_link_connection_points_references set connection_points_references=? where internal_virtual_link_id=? and connection_points_references=?
14:11:15.226 [Test worker] DEBUG o.h.p.c.AbstractCollectionPersister -  Row delete: delete from internal_virtual_link_connection_points_references where internal_virtual_link_id=? and connection_points_references=?
14:11:15.226 [Test worker] DEBUG o.h.p.c.AbstractCollectionPersister -  One-shot delete: delete from internal_virtual_link_connection_points_references where internal_virtual_link_id=?
14:11:15.226 [Test worker] DEBUG o.h.p.c.AbstractCollectionPersister - Static SQL for collection: org.project.neutrino.nfvo.catalogue.mano.record.VirtualLinkRecord.allocated_capacity
14:11:15.226 [Test worker] DEBUG o.h.p.c.AbstractCollectionPersister -  Row insert: insert into virtual_link_record_allocated_capacity (virtual_link_record_id, allocated_capacity) values (?, ?)
14:11:15.226 [Test worker] DEBUG o.h.p.c.AbstractCollectionPersister -  Row update: update virtual_link_record_allocated_capacity set allocated_capacity=? where virtual_link_record_id=? and allocated_capacity=?
14:11:15.226 [Test worker] DEBUG o.h.p.c.AbstractCollectionPersister -  Row delete: delete from virtual_link_record_allocated_capacity where virtual_link_record_id=? and allocated_capacity=?
14:11:15.226 [Test worker] DEBUG o.h.p.c.AbstractCollectionPersister -  One-shot delete: delete from virtual_link_record_allocated_capacity where virtual_link_record_id=?
14:11:15.226 [Test worker] DEBUG o.h.p.c.AbstractCollectionPersister - Static SQL for collection: org.project.neutrino.nfvo.catalogue.mano.record.NetworkServiceRecord.auto_scale_policy
14:11:15.226 [Test worker] DEBUG o.h.p.c.AbstractCollectionPersister -  Row insert: insert into network_service_record_auto_scale_policy (network_service_record_id, auto_scale_policy_id) values (?, ?)
14:11:15.226 [Test worker] DEBUG o.h.p.c.AbstractCollectionPersister -  Row update: update network_service_record_auto_scale_policy set auto_scale_policy_id=? where network_service_record_id=? and auto_scale_policy_id=?
14:11:15.226 [Test worker] DEBUG o.h.p.c.AbstractCollectionPersister -  Row delete: delete from network_service_record_auto_scale_policy where network_service_record_id=? and auto_scale_policy_id=?
14:11:15.226 [Test worker] DEBUG o.h.p.c.AbstractCollectionPersister -  One-shot delete: delete from network_service_record_auto_scale_policy where network_service_record_id=?
14:11:15.227 [Test worker] DEBUG o.h.p.c.AbstractCollectionPersister - Static SQL for collection: org.project.neutrino.nfvo.catalogue.mano.record.VirtualLinkRecord.lifecycle_event_history
14:11:15.227 [Test worker] DEBUG o.h.p.c.AbstractCollectionPersister -  Row insert: insert into virtual_link_record_lifecycle_event_history (virtual_link_record_id, lifecycle_event_history_id) values (?, ?)
14:11:15.227 [Test worker] DEBUG o.h.p.c.AbstractCollectionPersister -  Row update: update virtual_link_record_lifecycle_event_history set lifecycle_event_history_id=? where virtual_link_record_id=? and lifecycle_event_history_id=?
14:11:15.227 [Test worker] DEBUG o.h.p.c.AbstractCollectionPersister -  Row delete: delete from virtual_link_record_lifecycle_event_history where virtual_link_record_id=? and lifecycle_event_history_id=?
14:11:15.227 [Test worker] DEBUG o.h.p.c.AbstractCollectionPersister -  One-shot delete: delete from virtual_link_record_lifecycle_event_history where virtual_link_record_id=?
14:11:15.227 [Test worker] DEBUG o.h.p.c.AbstractCollectionPersister - Static SQL for collection: org.project.neutrino.nfvo.catalogue.mano.record.VirtualLinkRecord.audit_log
14:11:15.227 [Test worker] DEBUG o.h.p.c.AbstractCollectionPersister -  Row insert: insert into virtual_link_record_audit_log (virtual_link_record_id, audit_log) values (?, ?)
14:11:15.227 [Test worker] DEBUG o.h.p.c.AbstractCollectionPersister -  Row update: update virtual_link_record_audit_log set audit_log=? where virtual_link_record_id=? and audit_log=?
14:11:15.227 [Test worker] DEBUG o.h.p.c.AbstractCollectionPersister -  Row delete: delete from virtual_link_record_audit_log where virtual_link_record_id=? and audit_log=?
14:11:15.227 [Test worker] DEBUG o.h.p.c.AbstractCollectionPersister -  One-shot delete: delete from virtual_link_record_audit_log where virtual_link_record_id=?
14:11:15.227 [Test worker] DEBUG o.h.p.c.AbstractCollectionPersister - Static SQL for collection: org.project.neutrino.nfvo.catalogue.mano.record.NetworkServiceRecord.connection_point
14:11:15.227 [Test worker] DEBUG o.h.p.c.AbstractCollectionPersister -  Row insert: insert into network_service_record_connection_point (network_service_record_id, connection_point_id) values (?, ?)
14:11:15.227 [Test worker] DEBUG o.h.p.c.AbstractCollectionPersister -  Row update: update network_service_record_connection_point set connection_point_id=? where network_service_record_id=? and connection_point_id=?
14:11:15.228 [Test worker] DEBUG o.h.p.c.AbstractCollectionPersister -  Row delete: delete from network_service_record_connection_point where network_service_record_id=? and connection_point_id=?
14:11:15.228 [Test worker] DEBUG o.h.p.c.AbstractCollectionPersister -  One-shot delete: delete from network_service_record_connection_point where network_service_record_id=?
14:11:15.228 [Test worker] DEBUG o.h.p.c.AbstractCollectionPersister - Static SQL for collection: org.project.neutrino.nfvo.catalogue.mano.record.VirtualNetworkFunctionRecord.lifecycle_event_history
14:11:15.228 [Test worker] DEBUG o.h.p.c.AbstractCollectionPersister -  Row insert: insert into virtual_network_function_record_lifecycle_event_history (virtual_network_function_record_id, lifecycle_event_history_id) values (?, ?)
14:11:15.228 [Test worker] DEBUG o.h.p.c.AbstractCollectionPersister -  Row update: update virtual_network_function_record_lifecycle_event_history set lifecycle_event_history_id=? where virtual_network_function_record_id=? and lifecycle_event_history_id=?
14:11:15.228 [Test worker] DEBUG o.h.p.c.AbstractCollectionPersister -  Row delete: delete from virtual_network_function_record_lifecycle_event_history where virtual_network_function_record_id=? and lifecycle_event_history_id=?
14:11:15.228 [Test worker] DEBUG o.h.p.c.AbstractCollectionPersister -  One-shot delete: delete from virtual_network_function_record_lifecycle_event_history where virtual_network_function_record_id=?
14:11:15.228 [Test worker] DEBUG o.h.p.c.AbstractCollectionPersister - Static SQL for collection: org.project.neutrino.nfvo.catalogue.mano.common.AbstractVirtualLink.test_access
14:11:15.228 [Test worker] DEBUG o.h.p.c.AbstractCollectionPersister -  Row insert: insert into abstract_virtual_link_test_access (abstract_virtual_link_id, test_access) values (?, ?)
14:11:15.228 [Test worker] DEBUG o.h.p.c.AbstractCollectionPersister -  Row update: update abstract_virtual_link_test_access set test_access=? where abstract_virtual_link_id=? and test_access=?
14:11:15.228 [Test worker] DEBUG o.h.p.c.AbstractCollectionPersister -  Row delete: delete from abstract_virtual_link_test_access where abstract_virtual_link_id=? and test_access=?
14:11:15.228 [Test worker] DEBUG o.h.p.c.AbstractCollectionPersister -  One-shot delete: delete from abstract_virtual_link_test_access where abstract_virtual_link_id=?
14:11:15.229 [Test worker] DEBUG o.h.p.c.AbstractCollectionPersister - Static SQL for collection: org.project.neutrino.nfvo.catalogue.mano.record.VNFForwardingGraphRecord.member_vnfs
14:11:15.229 [Test worker] DEBUG o.h.p.c.AbstractCollectionPersister -  Row insert: insert into vnfforwarding_graph_record_member_vnfs (vnfforwarding_graph_record_id, member_vnfs_id) values (?, ?)
14:11:15.229 [Test worker] DEBUG o.h.p.c.AbstractCollectionPersister -  Row update: update vnfforwarding_graph_record_member_vnfs set member_vnfs_id=? where vnfforwarding_graph_record_id=? and member_vnfs_id=?
14:11:15.229 [Test worker] DEBUG o.h.p.c.AbstractCollectionPersister -  Row delete: delete from vnfforwarding_graph_record_member_vnfs where vnfforwarding_graph_record_id=? and member_vnfs_id=?
14:11:15.229 [Test worker] DEBUG o.h.p.c.AbstractCollectionPersister -  One-shot delete: delete from vnfforwarding_graph_record_member_vnfs where vnfforwarding_graph_record_id=?
14:11:15.229 [Test worker] DEBUG o.h.p.c.AbstractCollectionPersister - Static SQL for collection: org.project.neutrino.nfvo.catalogue.mano.descriptor.VNFForwardingGraph.connection_point
14:11:15.229 [Test worker] DEBUG o.h.p.c.AbstractCollectionPersister -  Row insert: insert into vnfforwarding_graph_connection_point (vnfforwarding_graph_id, connection_point_id) values (?, ?)
14:11:15.229 [Test worker] DEBUG o.h.p.c.AbstractCollectionPersister -  Row update: update vnfforwarding_graph_connection_point set connection_point_id=? where vnfforwarding_graph_id=? and connection_point_id=?
14:11:15.229 [Test worker] DEBUG o.h.p.c.AbstractCollectionPersister -  Row delete: delete from vnfforwarding_graph_connection_point where vnfforwarding_graph_id=? and connection_point_id=?
14:11:15.229 [Test worker] DEBUG o.h.p.c.AbstractCollectionPersister -  One-shot delete: delete from vnfforwarding_graph_connection_point where vnfforwarding_graph_id=?
14:11:15.229 [Test worker] DEBUG o.h.p.c.AbstractCollectionPersister - Static SQL for collection: org.project.neutrino.nfvo.catalogue.mano.record.VirtualNetworkFunctionRecord.vdu
14:11:15.229 [Test worker] DEBUG o.h.p.c.AbstractCollectionPersister -  Row insert: insert into virtual_network_function_record_vdu (virtual_network_function_record_id, vdu_id) values (?, ?)
14:11:15.229 [Test worker] DEBUG o.h.p.c.AbstractCollectionPersister -  Row update: update virtual_network_function_record_vdu set vdu_id=? where virtual_network_function_record_id=? and vdu_id=?
14:11:15.229 [Test worker] DEBUG o.h.p.c.AbstractCollectionPersister -  Row delete: delete from virtual_network_function_record_vdu where virtual_network_function_record_id=? and vdu_id=?
14:11:15.229 [Test worker] DEBUG o.h.p.c.AbstractCollectionPersister -  One-shot delete: delete from virtual_network_function_record_vdu where virtual_network_function_record_id=?
14:11:15.230 [Test worker] DEBUG o.h.p.c.AbstractCollectionPersister - Static SQL for collection: org.project.neutrino.nfvo.catalogue.mano.descriptor.NetworkServiceDescriptor.pnfd
14:11:15.230 [Test worker] DEBUG o.h.p.c.AbstractCollectionPersister -  Row insert: insert into network_service_descriptor_pnfd (network_service_descriptor_Id, pnfd_id) values (?, ?)
14:11:15.230 [Test worker] DEBUG o.h.p.c.AbstractCollectionPersister -  Row update: update network_service_descriptor_pnfd set pnfd_id=? where network_service_descriptor_Id=? and pnfd_id=?
14:11:15.230 [Test worker] DEBUG o.h.p.c.AbstractCollectionPersister -  Row delete: delete from network_service_descriptor_pnfd where network_service_descriptor_Id=? and pnfd_id=?
14:11:15.230 [Test worker] DEBUG o.h.p.c.AbstractCollectionPersister -  One-shot delete: delete from network_service_descriptor_pnfd where network_service_descriptor_Id=?
14:11:15.230 [Test worker] DEBUG o.h.p.c.AbstractCollectionPersister - Static SQL for collection: org.project.neutrino.nfvo.catalogue.mano.record.PhysicalNetworkFunctionRecord.pnf_address
14:11:15.230 [Test worker] DEBUG o.h.p.c.AbstractCollectionPersister -  Row insert: insert into physical_network_function_record_pnf_address (physical_network_function_record_id, pnf_address) values (?, ?)
14:11:15.230 [Test worker] DEBUG o.h.p.c.AbstractCollectionPersister -  Row update: update physical_network_function_record_pnf_address set pnf_address=? where physical_network_function_record_id=? and pnf_address=?
14:11:15.230 [Test worker] DEBUG o.h.p.c.AbstractCollectionPersister -  Row delete: delete from physical_network_function_record_pnf_address where physical_network_function_record_id=? and pnf_address=?
14:11:15.230 [Test worker] DEBUG o.h.p.c.AbstractCollectionPersister -  One-shot delete: delete from physical_network_function_record_pnf_address where physical_network_function_record_id=?
14:11:15.230 [Test worker] DEBUG o.h.p.c.AbstractCollectionPersister - Static SQL for collection: org.project.neutrino.nfvo.catalogue.mano.common.NFVEntityDescriptor.vld
14:11:15.230 [Test worker] DEBUG o.h.p.c.AbstractCollectionPersister -  Row insert: insert into nfventity_descriptor_vld (nfventity_descriptor_Id, vld_id) values (?, ?)
14:11:15.230 [Test worker] DEBUG o.h.p.c.AbstractCollectionPersister -  Row update: update nfventity_descriptor_vld set vld_id=? where nfventity_descriptor_Id=? and vld_id=?
14:11:15.231 [Test worker] DEBUG o.h.p.c.AbstractCollectionPersister -  Row delete: delete from nfventity_descriptor_vld where nfventity_descriptor_Id=? and vld_id=?
14:11:15.231 [Test worker] DEBUG o.h.p.c.AbstractCollectionPersister -  One-shot delete: delete from nfventity_descriptor_vld where nfventity_descriptor_Id=?
14:11:15.231 [Test worker] DEBUG o.h.p.c.AbstractCollectionPersister - Static SQL for collection: org.project.neutrino.nfvo.catalogue.mano.record.NetworkServiceRecord.pnfr
14:11:15.231 [Test worker] DEBUG o.h.p.c.AbstractCollectionPersister -  Row insert: insert into network_service_record_pnfr (network_service_record_id, pnfr_id) values (?, ?)
14:11:15.231 [Test worker] DEBUG o.h.p.c.AbstractCollectionPersister -  Row update: update network_service_record_pnfr set pnfr_id=? where network_service_record_id=? and pnfr_id=?
14:11:15.231 [Test worker] DEBUG o.h.p.c.AbstractCollectionPersister -  Row delete: delete from network_service_record_pnfr where network_service_record_id=? and pnfr_id=?
14:11:15.231 [Test worker] DEBUG o.h.p.c.AbstractCollectionPersister -  One-shot delete: delete from network_service_record_pnfr where network_service_record_id=?
14:11:15.231 [Test worker] DEBUG o.h.p.c.AbstractCollectionPersister - Static SQL for collection: org.project.neutrino.nfvo.catalogue.mano.record.NetworkServiceRecord.vnffgr
14:11:15.231 [Test worker] DEBUG o.h.p.c.AbstractCollectionPersister -  Row insert: insert into network_service_record_vnffgr (network_service_record_id, vnffgr_id) values (?, ?)
14:11:15.231 [Test worker] DEBUG o.h.p.c.AbstractCollectionPersister -  Row update: update network_service_record_vnffgr set vnffgr_id=? where network_service_record_id=? and vnffgr_id=?
14:11:15.231 [Test worker] DEBUG o.h.p.c.AbstractCollectionPersister -  Row delete: delete from network_service_record_vnffgr where network_service_record_id=? and vnffgr_id=?
14:11:15.231 [Test worker] DEBUG o.h.p.c.AbstractCollectionPersister -  One-shot delete: delete from network_service_record_vnffgr where network_service_record_id=?
14:11:15.232 [Test worker] DEBUG o.h.p.c.AbstractCollectionPersister - Static SQL for collection: org.project.neutrino.nfvo.catalogue.mano.record.PhysicalNetworkFunctionRecord.vnffgr
14:11:15.232 [Test worker] DEBUG o.h.p.c.AbstractCollectionPersister -  Row insert: insert into physical_network_function_record_vnffgr (physical_network_function_record_id, vnffgr_id) values (?, ?)
14:11:15.232 [Test worker] DEBUG o.h.p.c.AbstractCollectionPersister -  Row update: update physical_network_function_record_vnffgr set vnffgr_id=? where physical_network_function_record_id=? and vnffgr_id=?
14:11:15.232 [Test worker] DEBUG o.h.p.c.AbstractCollectionPersister -  Row delete: delete from physical_network_function_record_vnffgr where physical_network_function_record_id=? and vnffgr_id=?
14:11:15.232 [Test worker] DEBUG o.h.p.c.AbstractCollectionPersister -  One-shot delete: delete from physical_network_function_record_vnffgr where physical_network_function_record_id=?
14:11:15.232 [Test worker] DEBUG o.h.p.c.AbstractCollectionPersister - Static SQL for collection: org.project.neutrino.nfvo.catalogue.mano.record.VirtualLinkRecord.qos
14:11:15.232 [Test worker] DEBUG o.h.p.c.AbstractCollectionPersister -  Row insert: insert into virtual_link_record_qos (virtual_link_record_id, qos) values (?, ?)
14:11:15.232 [Test worker] DEBUG o.h.p.c.AbstractCollectionPersister -  Row update: update virtual_link_record_qos set qos=? where virtual_link_record_id=? and qos=?
14:11:15.232 [Test worker] DEBUG o.h.p.c.AbstractCollectionPersister -  Row delete: delete from virtual_link_record_qos where virtual_link_record_id=? and qos=?
14:11:15.232 [Test worker] DEBUG o.h.p.c.AbstractCollectionPersister -  One-shot delete: delete from virtual_link_record_qos where virtual_link_record_id=?
14:11:15.232 [Test worker] DEBUG o.h.p.c.AbstractCollectionPersister - Static SQL for collection: org.project.neutrino.nfvo.catalogue.mano.descriptor.VNFForwardingGraph.constituent_vnfs
14:11:15.232 [Test worker] DEBUG o.h.p.c.AbstractCollectionPersister -  Row insert: insert into vnfforwarding_graph_constituent_vnfs (vnfforwarding_graph_id, constituent_vnfs_id) values (?, ?)
14:11:15.232 [Test worker] DEBUG o.h.p.c.AbstractCollectionPersister -  Row update: update vnfforwarding_graph_constituent_vnfs set constituent_vnfs_id=? where vnfforwarding_graph_id=? and constituent_vnfs_id=?
14:11:15.232 [Test worker] DEBUG o.h.p.c.AbstractCollectionPersister -  Row delete: delete from vnfforwarding_graph_constituent_vnfs where vnfforwarding_graph_id=? and constituent_vnfs_id=?
14:11:15.232 [Test worker] DEBUG o.h.p.c.AbstractCollectionPersister -  One-shot delete: delete from vnfforwarding_graph_constituent_vnfs where vnfforwarding_graph_id=?
14:11:15.233 [Test worker] DEBUG o.h.p.c.AbstractCollectionPersister - Static SQL for collection: org.project.neutrino.nfvo.catalogue.mano.record.VNFForwardingGraphRecord.notification
14:11:15.233 [Test worker] DEBUG o.h.p.c.AbstractCollectionPersister -  Row insert: insert into vnfforwarding_graph_record_notification (vnfforwarding_graph_record_id, notification) values (?, ?)
14:11:15.233 [Test worker] DEBUG o.h.p.c.AbstractCollectionPersister -  Row update: update vnfforwarding_graph_record_notification set notification=? where vnfforwarding_graph_record_id=? and notification=?
14:11:15.233 [Test worker] DEBUG o.h.p.c.AbstractCollectionPersister -  Row delete: delete from vnfforwarding_graph_record_notification where vnfforwarding_graph_record_id=? and notification=?
14:11:15.233 [Test worker] DEBUG o.h.p.c.AbstractCollectionPersister -  One-shot delete: delete from vnfforwarding_graph_record_notification where vnfforwarding_graph_record_id=?
14:11:15.233 [Test worker] DEBUG o.h.p.c.AbstractCollectionPersister - Static SQL for collection: org.project.neutrino.nfvo.catalogue.mano.record.VNFForwardingGraphRecord.dependent_virtual_link
14:11:15.233 [Test worker] DEBUG o.h.p.c.AbstractCollectionPersister -  Row insert: insert into vnfforwarding_graph_record_dependent_virtual_link (vnfforwarding_graph_record_id, dependent_virtual_link_id) values (?, ?)
14:11:15.233 [Test worker] DEBUG o.h.p.c.AbstractCollectionPersister -  Row update: update vnfforwarding_graph_record_dependent_virtual_link set dependent_virtual_link_id=? where vnfforwarding_graph_record_id=? and dependent_virtual_link_id=?
14:11:15.233 [Test worker] DEBUG o.h.p.c.AbstractCollectionPersister -  Row delete: delete from vnfforwarding_graph_record_dependent_virtual_link where vnfforwarding_graph_record_id=? and dependent_virtual_link_id=?
14:11:15.233 [Test worker] DEBUG o.h.p.c.AbstractCollectionPersister -  One-shot delete: delete from vnfforwarding_graph_record_dependent_virtual_link where vnfforwarding_graph_record_id=?
14:11:15.233 [Test worker] DEBUG o.h.p.c.AbstractCollectionPersister - Static SQL for collection: org.project.neutrino.nfvo.catalogue.mano.common.LifecycleEvent.lifecycle_events
14:11:15.234 [Test worker] DEBUG o.h.p.c.AbstractCollectionPersister -  Row insert: insert into lifecycle_event_lifecycle_events (lifecycle_event_id, lifecycle_events_key, lifecycle_events) values (?, ?, ?)
14:11:15.234 [Test worker] DEBUG o.h.p.c.AbstractCollectionPersister -  Row update: update lifecycle_event_lifecycle_events set lifecycle_events=? where lifecycle_event_id=? and lifecycle_events_key=?
14:11:15.234 [Test worker] DEBUG o.h.p.c.AbstractCollectionPersister -  Row delete: delete from lifecycle_event_lifecycle_events where lifecycle_event_id=? and lifecycle_events_key=?
14:11:15.234 [Test worker] DEBUG o.h.p.c.AbstractCollectionPersister -  One-shot delete: delete from lifecycle_event_lifecycle_events where lifecycle_event_id=?
14:11:15.234 [Test worker] DEBUG o.h.p.c.AbstractCollectionPersister - Static SQL for collection: org.project.neutrino.nfvo.catalogue.mano.descriptor.VirtualLinkDescriptor.connection
14:11:15.234 [Test worker] DEBUG o.h.p.c.AbstractCollectionPersister -  Row insert: insert into virtual_link_descriptor_connection (virtual_link_descriptor_id, connection) values (?, ?)
14:11:15.234 [Test worker] DEBUG o.h.p.c.AbstractCollectionPersister -  Row update: update virtual_link_descriptor_connection set connection=? where virtual_link_descriptor_id=? and connection=?
14:11:15.234 [Test worker] DEBUG o.h.p.c.AbstractCollectionPersister -  Row delete: delete from virtual_link_descriptor_connection where virtual_link_descriptor_id=? and connection=?
14:11:15.234 [Test worker] DEBUG o.h.p.c.AbstractCollectionPersister -  One-shot delete: delete from virtual_link_descriptor_connection where virtual_link_descriptor_id=?
14:11:15.234 [Test worker] DEBUG o.h.p.c.AbstractCollectionPersister - Static SQL for collection: org.project.neutrino.nfvo.catalogue.mano.descriptor.VirtualDeploymentUnit.vnfc
14:11:15.234 [Test worker] DEBUG o.h.p.c.AbstractCollectionPersister -  Row insert: insert into virtual_deployment_unit_vnfc (virtual_deployment_unit_id, vnfc_id) values (?, ?)
14:11:15.234 [Test worker] DEBUG o.h.p.c.AbstractCollectionPersister -  Row update: update virtual_deployment_unit_vnfc set vnfc_id=? where virtual_deployment_unit_id=? and vnfc_id=?
14:11:15.234 [Test worker] DEBUG o.h.p.c.AbstractCollectionPersister -  Row delete: delete from virtual_deployment_unit_vnfc where virtual_deployment_unit_id=? and vnfc_id=?
14:11:15.234 [Test worker] DEBUG o.h.p.c.AbstractCollectionPersister -  One-shot delete: delete from virtual_deployment_unit_vnfc where virtual_deployment_unit_id=?
14:11:15.235 [Test worker] DEBUG o.h.p.c.AbstractCollectionPersister - Static SQL for collection: org.project.neutrino.nfvo.catalogue.mano.descriptor.VirtualNetworkFunctionDescriptor.vdu
14:11:15.235 [Test worker] DEBUG o.h.p.c.AbstractCollectionPersister -  Row insert: insert into virtual_network_function_descriptor_vdu (virtual_network_function_descriptor_Id, vdu_id) values (?, ?)
14:11:15.235 [Test worker] DEBUG o.h.p.c.AbstractCollectionPersister -  Row update: update virtual_network_function_descriptor_vdu set vdu_id=? where virtual_network_function_descriptor_Id=? and vdu_id=?
14:11:15.235 [Test worker] DEBUG o.h.p.c.AbstractCollectionPersister -  Row delete: delete from virtual_network_function_descriptor_vdu where virtual_network_function_descriptor_Id=? and vdu_id=?
14:11:15.235 [Test worker] DEBUG o.h.p.c.AbstractCollectionPersister -  One-shot delete: delete from virtual_network_function_descriptor_vdu where virtual_network_function_descriptor_Id=?
14:11:15.235 [Test worker] DEBUG o.h.p.c.AbstractCollectionPersister - Static SQL for collection: org.project.neutrino.nfvo.catalogue.mano.record.NetworkServiceRecord.vnf_dependency
14:11:15.235 [Test worker] DEBUG o.h.p.c.AbstractCollectionPersister -  Row insert: insert into network_service_record_vnf_dependency (network_service_record_id, vnf_dependency_id) values (?, ?)
14:11:15.235 [Test worker] DEBUG o.h.p.c.AbstractCollectionPersister -  Row update: update network_service_record_vnf_dependency set vnf_dependency_id=? where network_service_record_id=? and vnf_dependency_id=?
14:11:15.235 [Test worker] DEBUG o.h.p.c.AbstractCollectionPersister -  Row delete: delete from network_service_record_vnf_dependency where network_service_record_id=? and vnf_dependency_id=?
14:11:15.235 [Test worker] DEBUG o.h.p.c.AbstractCollectionPersister -  One-shot delete: delete from network_service_record_vnf_dependency where network_service_record_id=?
14:11:15.235 [Test worker] DEBUG o.h.p.c.AbstractCollectionPersister - Static SQL for collection: org.project.neutrino.nfvo.catalogue.mano.common.ServiceDeploymentFlavour.constituent_vnf
14:11:15.235 [Test worker] DEBUG o.h.p.c.AbstractCollectionPersister -  Row insert: insert into service_deployment_flavour_constituent_vnf (service_deployment_flavour_id, constituent_vnf_id) values (?, ?)
14:11:15.235 [Test worker] DEBUG o.h.p.c.AbstractCollectionPersister -  Row update: update service_deployment_flavour_constituent_vnf set constituent_vnf_id=? where service_deployment_flavour_id=? and constituent_vnf_id=?
14:11:15.235 [Test worker] DEBUG o.h.p.c.AbstractCollectionPersister -  Row delete: delete from service_deployment_flavour_constituent_vnf where service_deployment_flavour_id=? and constituent_vnf_id=?
14:11:15.235 [Test worker] DEBUG o.h.p.c.AbstractCollectionPersister -  One-shot delete: delete from service_deployment_flavour_constituent_vnf where service_deployment_flavour_id=?
14:11:15.236 [Test worker] DEBUG o.h.p.c.AbstractCollectionPersister - Static SQL for collection: org.project.neutrino.nfvo.catalogue.mano.record.VirtualNetworkFunctionRecord.monitoring_parameter
14:11:15.236 [Test worker] DEBUG o.h.p.c.AbstractCollectionPersister -  Row insert: insert into virtual_network_function_record_monitoring_parameter (virtual_network_function_record_id, monitoring_parameter) values (?, ?)
14:11:15.236 [Test worker] DEBUG o.h.p.c.AbstractCollectionPersister -  Row update: update virtual_network_function_record_monitoring_parameter set monitoring_parameter=? where virtual_network_function_record_id=? and monitoring_parameter=?
14:11:15.236 [Test worker] DEBUG o.h.p.c.AbstractCollectionPersister -  Row delete: delete from virtual_network_function_record_monitoring_parameter where virtual_network_function_record_id=? and monitoring_parameter=?
14:11:15.236 [Test worker] DEBUG o.h.p.c.AbstractCollectionPersister -  One-shot delete: delete from virtual_network_function_record_monitoring_parameter where virtual_network_function_record_id=?
14:11:15.236 [Test worker] DEBUG o.h.p.c.AbstractCollectionPersister - Static SQL for collection: org.project.neutrino.nfvo.catalogue.mano.descriptor.VirtualDeploymentUnit.lifecycle_event
14:11:15.236 [Test worker] DEBUG o.h.p.c.AbstractCollectionPersister -  Row insert: insert into virtual_deployment_unit_lifecycle_event (virtual_deployment_unit_id, lifecycle_event_id) values (?, ?)
14:11:15.236 [Test worker] DEBUG o.h.p.c.AbstractCollectionPersister -  Row update: update virtual_deployment_unit_lifecycle_event set lifecycle_event_id=? where virtual_deployment_unit_id=? and lifecycle_event_id=?
14:11:15.236 [Test worker] DEBUG o.h.p.c.AbstractCollectionPersister -  Row delete: delete from virtual_deployment_unit_lifecycle_event where virtual_deployment_unit_id=? and lifecycle_event_id=?
14:11:15.236 [Test worker] DEBUG o.h.p.c.AbstractCollectionPersister -  One-shot delete: delete from virtual_deployment_unit_lifecycle_event where virtual_deployment_unit_id=?
14:11:15.236 [Test worker] DEBUG o.h.p.c.AbstractCollectionPersister - Static SQL for collection: org.project.neutrino.nfvo.catalogue.mano.common.AbstractVirtualLink.qos
14:11:15.236 [Test worker] DEBUG o.h.p.c.AbstractCollectionPersister -  Row insert: insert into abstract_virtual_link_qos (abstract_virtual_link_id, qos) values (?, ?)
14:11:15.237 [Test worker] DEBUG o.h.p.c.AbstractCollectionPersister -  Row update: update abstract_virtual_link_qos set qos=? where abstract_virtual_link_id=? and qos=?
14:11:15.237 [Test worker] DEBUG o.h.p.c.AbstractCollectionPersister -  Row delete: delete from abstract_virtual_link_qos where abstract_virtual_link_id=? and qos=?
14:11:15.237 [Test worker] DEBUG o.h.p.c.AbstractCollectionPersister -  One-shot delete: delete from abstract_virtual_link_qos where abstract_virtual_link_id=?
14:11:15.237 [Test worker] DEBUG o.h.p.c.AbstractCollectionPersister - Static SQL for collection: org.project.neutrino.nfvo.catalogue.mano.record.PhysicalNetworkFunctionRecord.connected_virtual_link
14:11:15.237 [Test worker] DEBUG o.h.p.c.AbstractCollectionPersister -  Row insert: insert into physical_network_function_record_connected_virtual_link (physical_network_function_record_id, connected_virtual_link_id) values (?, ?)
14:11:15.237 [Test worker] DEBUG o.h.p.c.AbstractCollectionPersister -  Row update: update physical_network_function_record_connected_virtual_link set connected_virtual_link_id=? where physical_network_function_record_id=? and connected_virtual_link_id=?
14:11:15.237 [Test worker] DEBUG o.h.p.c.AbstractCollectionPersister -  Row delete: delete from physical_network_function_record_connected_virtual_link where physical_network_function_record_id=? and connected_virtual_link_id=?
14:11:15.237 [Test worker] DEBUG o.h.p.c.AbstractCollectionPersister -  One-shot delete: delete from physical_network_function_record_connected_virtual_link where physical_network_function_record_id=?
14:11:15.239 [Test worker] DEBUG o.h.p.entity.AbstractEntityPersister - Static SQL for entity: org.project.neutrino.nfvo.catalogue.mano.descriptor.VirtualNetworkFunctionDescriptor
14:11:15.239 [Test worker] DEBUG o.h.p.entity.AbstractEntityPersister -  Version select: select hb_version from virtual_network_function_descriptor where id =?
14:11:15.239 [Test worker] DEBUG o.h.p.entity.AbstractEntityPersister -  Snapshot select: select virtualnet_.id, virtualnet_.hb_version as hb_versi2_27_, virtualnet_.vendor as vendor3_27_, virtualnet_.version as version4_27_, virtualnet_.descriptor_version as descript1_62_, virtualnet_.manifest_file as manifest2_62_ from virtual_network_function_descriptor virtualnet_ where virtualnet_.id=?
14:11:15.240 [Test worker] DEBUG o.h.p.entity.AbstractEntityPersister -  Insert 0: insert into virtual_network_function_descriptor (hb_version, vendor, version, descriptor_version, manifest_file, id) values (?, ?, ?, ?, ?, ?)
14:11:15.240 [Test worker] DEBUG o.h.p.entity.AbstractEntityPersister -  Update 0: update virtual_network_function_descriptor set hb_version=?, vendor=?, version=?, descriptor_version=?, manifest_file=? where id=? and hb_version=?
14:11:15.240 [Test worker] DEBUG o.h.p.entity.AbstractEntityPersister -  Delete 0: delete from virtual_network_function_descriptor where id=? and hb_version=?
14:11:15.256 [Test worker] DEBUG o.h.l.p.b.i.spaces.QuerySpacesImpl - Adding QuerySpace : uid = <gen:0> -> org.hibernate.loader.plan.build.internal.spaces.EntityQuerySpaceImpl@6c089bd6]
14:11:15.257 [Test worker] DEBUG o.h.p.w.spi.MetamodelGraphWalker - Visiting attribute path : auto_scale_policy
14:11:15.260 [Test worker] DEBUG o.h.p.w.spi.MetamodelGraphWalker - Visiting attribute path : connection_point
14:11:15.260 [Test worker] DEBUG o.h.p.w.spi.MetamodelGraphWalker - Visiting attribute path : hb_version
14:11:15.260 [Test worker] DEBUG o.h.p.w.spi.MetamodelGraphWalker - Visiting attribute path : lifecycle_event
14:11:15.260 [Test worker] DEBUG o.h.p.w.spi.MetamodelGraphWalker - Visiting attribute path : monitoring_parameter
14:11:15.261 [Test worker] DEBUG o.h.l.p.b.i.spaces.QuerySpacesImpl - Adding QuerySpace : uid = <gen:1> -> org.hibernate.loader.plan.build.internal.spaces.CollectionQuerySpaceImpl@3632da8d]
14:11:15.263 [Test worker] DEBUG o.h.p.w.spi.MetamodelGraphWalker - Visiting attribute path : service_deployment_flavour
14:11:15.263 [Test worker] DEBUG o.h.p.w.spi.MetamodelGraphWalker - Visiting attribute path : vendor
14:11:15.263 [Test worker] DEBUG o.h.p.w.spi.MetamodelGraphWalker - Visiting attribute path : version
14:11:15.263 [Test worker] DEBUG o.h.p.w.spi.MetamodelGraphWalker - Visiting attribute path : vld
14:11:15.263 [Test worker] DEBUG o.h.p.w.spi.MetamodelGraphWalker - Visiting attribute path : vnffgd
14:11:15.264 [Test worker] DEBUG o.h.p.w.spi.MetamodelGraphWalker - Visiting attribute path : deployment_flavour
14:11:15.264 [Test worker] DEBUG o.h.l.p.b.i.spaces.QuerySpacesImpl - Adding QuerySpace : uid = <gen:2> -> org.hibernate.loader.plan.build.internal.spaces.CollectionQuerySpaceImpl@10c847a7]
14:11:15.264 [Test worker] DEBUG o.h.l.p.b.i.spaces.QuerySpacesImpl - Adding QuerySpace : uid = <gen:3> -> org.hibernate.loader.plan.build.internal.spaces.EntityQuerySpaceImpl@4cd82d8c]
14:11:15.264 [Test worker] DEBUG o.h.p.w.spi.MetamodelGraphWalker - Visiting attribute path : deployment_flavour.flavour_key
14:11:15.264 [Test worker] DEBUG o.h.p.w.spi.MetamodelGraphWalker - Visiting attribute path : deployment_flavour.version
14:11:15.264 [Test worker] DEBUG o.h.p.w.spi.MetamodelGraphWalker - Visiting attribute path : deployment_flavour.costituent_vdu
14:11:15.264 [Test worker] DEBUG o.h.p.w.spi.MetamodelGraphWalker - Visiting attribute path : deployment_flavour.df_constraint
14:11:15.264 [Test worker] DEBUG o.h.l.p.b.i.spaces.QuerySpacesImpl - Adding QuerySpace : uid = <gen:4> -> org.hibernate.loader.plan.build.internal.spaces.CollectionQuerySpaceImpl@527ddc43]
14:11:15.265 [Test worker] DEBUG o.h.p.w.spi.MetamodelGraphWalker - Visiting attribute path : descriptor_version
14:11:15.265 [Test worker] DEBUG o.h.p.w.spi.MetamodelGraphWalker - Visiting attribute path : manifest_file
14:11:15.265 [Test worker] DEBUG o.h.p.w.spi.MetamodelGraphWalker - Visiting attribute path : manifest_file_security
14:11:15.265 [Test worker] DEBUG o.h.p.w.spi.MetamodelGraphWalker - Visiting attribute path : vdu
14:11:15.265 [Test worker] DEBUG o.h.p.w.spi.MetamodelGraphWalker - Visiting attribute path : vdu_dependency
14:11:15.265 [Test worker] DEBUG o.h.p.w.spi.MetamodelGraphWalker - Visiting attribute path : virtual_link
14:11:15.265 [Test worker] DEBUG o.h.l.p.b.i.FetchStyleLoadPlanBuildingAssociationVisitationStrategy - Building LoadPlan...
14:11:15.274 [Test worker] DEBUG o.h.l.p.e.i.LoadQueryJoinAndFetchProcessor - processing queryspace <gen:0>
14:11:15.279 [Test worker] DEBUG o.h.l.p.b.spi.LoadPlanTreePrinter - LoadPlan(entity=org.project.neutrino.nfvo.catalogue.mano.descriptor.VirtualNetworkFunctionDescriptor)
    - Returns
       - EntityReturnImpl(entity=org.project.neutrino.nfvo.catalogue.mano.descriptor.VirtualNetworkFunctionDescriptor, querySpaceUid=<gen:0>, path=org.project.neutrino.nfvo.catalogue.mano.descriptor.VirtualNetworkFunctionDescriptor)
          - CollectionAttributeFetchImpl(collection=org.project.neutrino.nfvo.catalogue.mano.common.NFVEntityDescriptor.monitoring_parameter, querySpaceUid=<gen:1>, path=org.project.neutrino.nfvo.catalogue.mano.descriptor.VirtualNetworkFunctionDescriptor.monitoring_parameter)
          - CollectionAttributeFetchImpl(collection=org.project.neutrino.nfvo.catalogue.mano.descriptor.VirtualNetworkFunctionDescriptor.deployment_flavour, querySpaceUid=<gen:2>, path=org.project.neutrino.nfvo.catalogue.mano.descriptor.VirtualNetworkFunctionDescriptor.deployment_flavour)
             - (collection element) CollectionFetchableElementEntityGraph(entity=org.project.neutrino.nfvo.catalogue.mano.descriptor.VNFDDeploymentFlavour, querySpaceUid=<gen:3>, path=org.project.neutrino.nfvo.catalogue.mano.descriptor.VirtualNetworkFunctionDescriptor.deployment_flavour.<elements>)
                - CollectionAttributeFetchImpl(collection=org.project.neutrino.nfvo.catalogue.mano.descriptor.VNFDDeploymentFlavour.df_constraint, querySpaceUid=<gen:4>, path=org.project.neutrino.nfvo.catalogue.mano.descriptor.VirtualNetworkFunctionDescriptor.deployment_flavour.<elements>.df_constraint)
    - QuerySpaces
       - EntityQuerySpaceImpl(uid=<gen:0>, entity=org.project.neutrino.nfvo.catalogue.mano.descriptor.VirtualNetworkFunctionDescriptor)
          - SQL table alias mapping - virtualnet0_
          - alias suffix - 0_
          - suffixed key columns - {id1_27_0_}
          - JOIN (JoinDefinedByMetadata(monitoring_parameter)) : <gen:0> -> <gen:1>
             - CollectionQuerySpaceImpl(uid=<gen:1>, collection=org.project.neutrino.nfvo.catalogue.mano.common.NFVEntityDescriptor.monitoring_parameter)
                - SQL table alias mapping - monitoring1_
                - alias suffix - 1_
                - suffixed key columns - {nfventit1_27_1_}
          - JOIN (JoinDefinedByMetadata(deployment_flavour)) : <gen:0> -> <gen:2>
             - CollectionQuerySpaceImpl(uid=<gen:2>, collection=org.project.neutrino.nfvo.catalogue.mano.descriptor.VirtualNetworkFunctionDescriptor.deployment_flavour)
                - SQL table alias mapping - deployment2_
                - alias suffix - 2_
                - suffixed key columns - {virtual_1_27_2_}
                - entity-element alias suffix - 3_
                - 3_entity-element suffixed key columns - id1_7_3_
                - JOIN (JoinDefinedByMetadata(elements)) : <gen:2> -> <gen:3>
                   - EntityQuerySpaceImpl(uid=<gen:3>, entity=org.project.neutrino.nfvo.catalogue.mano.descriptor.VNFDDeploymentFlavour)
                      - SQL table alias mapping - vnfddeploy3_
                      - alias suffix - 3_
                      - suffixed key columns - {id1_7_3_}
                      - JOIN (JoinDefinedByMetadata(df_constraint)) : <gen:3> -> <gen:4>
                         - CollectionQuerySpaceImpl(uid=<gen:4>, collection=org.project.neutrino.nfvo.catalogue.mano.descriptor.VNFDDeploymentFlavour.df_constraint)
                            - SQL table alias mapping - df_constra4_
                            - alias suffix - 4_
                            - suffixed key columns - {vnfddepl1_7_4_}

14:11:15.281 [Test worker] DEBUG o.h.loader.entity.plan.EntityLoader - Static select for entity org.project.neutrino.nfvo.catalogue.mano.descriptor.VirtualNetworkFunctionDescriptor [NONE]: select virtualnet0_.id as id1_27_0_, virtualnet0_.hb_version as hb_versi2_27_0_, virtualnet0_.vendor as vendor3_27_0_, virtualnet0_.version as version4_27_0_, virtualnet0_.descriptor_version as descript1_62_0_, virtualnet0_.manifest_file as manifest2_62_0_, monitoring1_.nfventity_descriptor_Id as nfventit1_27_1_, monitoring1_.monitoring_parameter as monitori2_31_1_, deployment2_.virtual_network_function_descriptor_Id as virtual_1_27_2_, vnfddeploy3_.id as deployme2_63_2_, vnfddeploy3_.id as id1_7_3_, vnfddeploy3_.flavour_key as flavour_2_7_3_, vnfddeploy3_.version as version3_7_3_, df_constra4_.vnfddeployment_flavour_id as vnfddepl1_7_4_, df_constra4_.df_constraint as df_const2_85_4_ from virtual_network_function_descriptor virtualnet0_ left outer join nfventity_descriptor_monitoring_parameter monitoring1_ on virtualnet0_.id=monitoring1_.nfventity_descriptor_Id left outer join virtual_network_function_descriptor_deployment_flavour deployment2_ on virtualnet0_.id=deployment2_.virtual_network_function_descriptor_Id left outer join vnfddeployment_flavour vnfddeploy3_ on deployment2_.deployment_flavour_id=vnfddeploy3_.id left outer join vnfddeployment_flavour_df_constraint df_constra4_ on vnfddeploy3_.id=df_constra4_.vnfddeployment_flavour_id where virtualnet0_.id=?
14:11:15.281 [Test worker] DEBUG o.h.l.p.b.i.spaces.QuerySpacesImpl - Adding QuerySpace : uid = <gen:0> -> org.hibernate.loader.plan.build.internal.spaces.EntityQuerySpaceImpl@1582b279]
14:11:15.282 [Test worker] DEBUG o.h.p.w.spi.MetamodelGraphWalker - Visiting attribute path : auto_scale_policy
14:11:15.282 [Test worker] DEBUG o.h.p.w.spi.MetamodelGraphWalker - Visiting attribute path : connection_point
14:11:15.282 [Test worker] DEBUG o.h.p.w.spi.MetamodelGraphWalker - Visiting attribute path : hb_version
14:11:15.282 [Test worker] DEBUG o.h.p.w.spi.MetamodelGraphWalker - Visiting attribute path : lifecycle_event
14:11:15.282 [Test worker] DEBUG o.h.p.w.spi.MetamodelGraphWalker - Visiting attribute path : monitoring_parameter
14:11:15.282 [Test worker] DEBUG o.h.l.p.b.i.spaces.QuerySpacesImpl - Adding QuerySpace : uid = <gen:1> -> org.hibernate.loader.plan.build.internal.spaces.CollectionQuerySpaceImpl@2073c4a2]
14:11:15.282 [Test worker] DEBUG o.h.p.w.spi.MetamodelGraphWalker - Visiting attribute path : service_deployment_flavour
14:11:15.282 [Test worker] DEBUG o.h.p.w.spi.MetamodelGraphWalker - Visiting attribute path : vendor
14:11:15.282 [Test worker] DEBUG o.h.p.w.spi.MetamodelGraphWalker - Visiting attribute path : version
14:11:15.282 [Test worker] DEBUG o.h.p.w.spi.MetamodelGraphWalker - Visiting attribute path : vld
14:11:15.282 [Test worker] DEBUG o.h.p.w.spi.MetamodelGraphWalker - Visiting attribute path : vnffgd
14:11:15.282 [Test worker] DEBUG o.h.p.w.spi.MetamodelGraphWalker - Visiting attribute path : deployment_flavour
14:11:15.282 [Test worker] DEBUG o.h.l.p.b.i.spaces.QuerySpacesImpl - Adding QuerySpace : uid = <gen:2> -> org.hibernate.loader.plan.build.internal.spaces.CollectionQuerySpaceImpl@4b399994]
14:11:15.283 [Test worker] DEBUG o.h.l.p.b.i.spaces.QuerySpacesImpl - Adding QuerySpace : uid = <gen:3> -> org.hibernate.loader.plan.build.internal.spaces.EntityQuerySpaceImpl@3291ea21]
14:11:15.283 [Test worker] DEBUG o.h.p.w.spi.MetamodelGraphWalker - Visiting attribute path : deployment_flavour.flavour_key
14:11:15.283 [Test worker] DEBUG o.h.p.w.spi.MetamodelGraphWalker - Visiting attribute path : deployment_flavour.version
14:11:15.283 [Test worker] DEBUG o.h.p.w.spi.MetamodelGraphWalker - Visiting attribute path : deployment_flavour.costituent_vdu
14:11:15.283 [Test worker] DEBUG o.h.p.w.spi.MetamodelGraphWalker - Visiting attribute path : deployment_flavour.df_constraint
14:11:15.283 [Test worker] DEBUG o.h.l.p.b.i.spaces.QuerySpacesImpl - Adding QuerySpace : uid = <gen:4> -> org.hibernate.loader.plan.build.internal.spaces.CollectionQuerySpaceImpl@4acaa278]
14:11:15.283 [Test worker] DEBUG o.h.p.w.spi.MetamodelGraphWalker - Visiting attribute path : descriptor_version
14:11:15.283 [Test worker] DEBUG o.h.p.w.spi.MetamodelGraphWalker - Visiting attribute path : manifest_file
14:11:15.283 [Test worker] DEBUG o.h.p.w.spi.MetamodelGraphWalker - Visiting attribute path : manifest_file_security
14:11:15.283 [Test worker] DEBUG o.h.p.w.spi.MetamodelGraphWalker - Visiting attribute path : vdu
14:11:15.283 [Test worker] DEBUG o.h.p.w.spi.MetamodelGraphWalker - Visiting attribute path : vdu_dependency
14:11:15.283 [Test worker] DEBUG o.h.p.w.spi.MetamodelGraphWalker - Visiting attribute path : virtual_link
14:11:15.284 [Test worker] DEBUG o.h.l.p.b.i.FetchStyleLoadPlanBuildingAssociationVisitationStrategy - Building LoadPlan...
14:11:15.284 [Test worker] DEBUG o.h.l.p.e.i.LoadQueryJoinAndFetchProcessor - processing queryspace <gen:0>
14:11:15.285 [Test worker] DEBUG o.h.l.p.b.spi.LoadPlanTreePrinter - LoadPlan(entity=org.project.neutrino.nfvo.catalogue.mano.descriptor.VirtualNetworkFunctionDescriptor)
    - Returns
       - EntityReturnImpl(entity=org.project.neutrino.nfvo.catalogue.mano.descriptor.VirtualNetworkFunctionDescriptor, querySpaceUid=<gen:0>, path=org.project.neutrino.nfvo.catalogue.mano.descriptor.VirtualNetworkFunctionDescriptor)
          - CollectionAttributeFetchImpl(collection=org.project.neutrino.nfvo.catalogue.mano.common.NFVEntityDescriptor.monitoring_parameter, querySpaceUid=<gen:1>, path=org.project.neutrino.nfvo.catalogue.mano.descriptor.VirtualNetworkFunctionDescriptor.monitoring_parameter)
          - CollectionAttributeFetchImpl(collection=org.project.neutrino.nfvo.catalogue.mano.descriptor.VirtualNetworkFunctionDescriptor.deployment_flavour, querySpaceUid=<gen:2>, path=org.project.neutrino.nfvo.catalogue.mano.descriptor.VirtualNetworkFunctionDescriptor.deployment_flavour)
             - (collection element) CollectionFetchableElementEntityGraph(entity=org.project.neutrino.nfvo.catalogue.mano.descriptor.VNFDDeploymentFlavour, querySpaceUid=<gen:3>, path=org.project.neutrino.nfvo.catalogue.mano.descriptor.VirtualNetworkFunctionDescriptor.deployment_flavour.<elements>)
                - CollectionAttributeFetchImpl(collection=org.project.neutrino.nfvo.catalogue.mano.descriptor.VNFDDeploymentFlavour.df_constraint, querySpaceUid=<gen:4>, path=org.project.neutrino.nfvo.catalogue.mano.descriptor.VirtualNetworkFunctionDescriptor.deployment_flavour.<elements>.df_constraint)
    - QuerySpaces
       - EntityQuerySpaceImpl(uid=<gen:0>, entity=org.project.neutrino.nfvo.catalogue.mano.descriptor.VirtualNetworkFunctionDescriptor)
          - SQL table alias mapping - virtualnet0_
          - alias suffix - 0_
          - suffixed key columns - {id1_27_0_}
          - JOIN (JoinDefinedByMetadata(monitoring_parameter)) : <gen:0> -> <gen:1>
             - CollectionQuerySpaceImpl(uid=<gen:1>, collection=org.project.neutrino.nfvo.catalogue.mano.common.NFVEntityDescriptor.monitoring_parameter)
                - SQL table alias mapping - monitoring1_
                - alias suffix - 1_
                - suffixed key columns - {nfventit1_27_1_}
          - JOIN (JoinDefinedByMetadata(deployment_flavour)) : <gen:0> -> <gen:2>
             - CollectionQuerySpaceImpl(uid=<gen:2>, collection=org.project.neutrino.nfvo.catalogue.mano.descriptor.VirtualNetworkFunctionDescriptor.deployment_flavour)
                - SQL table alias mapping - deployment2_
                - alias suffix - 2_
                - suffixed key columns - {virtual_1_27_2_}
                - entity-element alias suffix - 3_
                - 3_entity-element suffixed key columns - id1_7_3_
                - JOIN (JoinDefinedByMetadata(elements)) : <gen:2> -> <gen:3>
                   - EntityQuerySpaceImpl(uid=<gen:3>, entity=org.project.neutrino.nfvo.catalogue.mano.descriptor.VNFDDeploymentFlavour)
                      - SQL table alias mapping - vnfddeploy3_
                      - alias suffix - 3_
                      - suffixed key columns - {id1_7_3_}
                      - JOIN (JoinDefinedByMetadata(df_constraint)) : <gen:3> -> <gen:4>
                         - CollectionQuerySpaceImpl(uid=<gen:4>, collection=org.project.neutrino.nfvo.catalogue.mano.descriptor.VNFDDeploymentFlavour.df_constraint)
                            - SQL table alias mapping - df_constra4_
                            - alias suffix - 4_
                            - suffixed key columns - {vnfddepl1_7_4_}

14:11:15.285 [Test worker] DEBUG o.h.loader.entity.plan.EntityLoader - Static select for entity org.project.neutrino.nfvo.catalogue.mano.descriptor.VirtualNetworkFunctionDescriptor [READ]: select virtualnet0_.id as id1_27_0_, virtualnet0_.hb_version as hb_versi2_27_0_, virtualnet0_.vendor as vendor3_27_0_, virtualnet0_.version as version4_27_0_, virtualnet0_.descriptor_version as descript1_62_0_, virtualnet0_.manifest_file as manifest2_62_0_, monitoring1_.nfventity_descriptor_Id as nfventit1_27_1_, monitoring1_.monitoring_parameter as monitori2_31_1_, deployment2_.virtual_network_function_descriptor_Id as virtual_1_27_2_, vnfddeploy3_.id as deployme2_63_2_, vnfddeploy3_.id as id1_7_3_, vnfddeploy3_.flavour_key as flavour_2_7_3_, vnfddeploy3_.version as version3_7_3_, df_constra4_.vnfddeployment_flavour_id as vnfddepl1_7_4_, df_constra4_.df_constraint as df_const2_85_4_ from virtual_network_function_descriptor virtualnet0_ left outer join nfventity_descriptor_monitoring_parameter monitoring1_ on virtualnet0_.id=monitoring1_.nfventity_descriptor_Id left outer join virtual_network_function_descriptor_deployment_flavour deployment2_ on virtualnet0_.id=deployment2_.virtual_network_function_descriptor_Id left outer join vnfddeployment_flavour vnfddeploy3_ on deployment2_.deployment_flavour_id=vnfddeploy3_.id left outer join vnfddeployment_flavour_df_constraint df_constra4_ on vnfddeploy3_.id=df_constra4_.vnfddeployment_flavour_id where virtualnet0_.id=?
14:11:15.285 [Test worker] DEBUG o.h.l.p.b.i.spaces.QuerySpacesImpl - Adding QuerySpace : uid = <gen:0> -> org.hibernate.loader.plan.build.internal.spaces.EntityQuerySpaceImpl@2bb8a47f]
14:11:15.285 [Test worker] DEBUG o.h.p.w.spi.MetamodelGraphWalker - Visiting attribute path : auto_scale_policy
14:11:15.285 [Test worker] DEBUG o.h.p.w.spi.MetamodelGraphWalker - Visiting attribute path : connection_point
14:11:15.285 [Test worker] DEBUG o.h.p.w.spi.MetamodelGraphWalker - Visiting attribute path : hb_version
14:11:15.285 [Test worker] DEBUG o.h.p.w.spi.MetamodelGraphWalker - Visiting attribute path : lifecycle_event
14:11:15.285 [Test worker] DEBUG o.h.p.w.spi.MetamodelGraphWalker - Visiting attribute path : monitoring_parameter
14:11:15.286 [Test worker] DEBUG o.h.l.p.b.i.spaces.QuerySpacesImpl - Adding QuerySpace : uid = <gen:1> -> org.hibernate.loader.plan.build.internal.spaces.CollectionQuerySpaceImpl@7601e2f3]
14:11:15.286 [Test worker] DEBUG o.h.p.w.spi.MetamodelGraphWalker - Visiting attribute path : service_deployment_flavour
14:11:15.286 [Test worker] DEBUG o.h.p.w.spi.MetamodelGraphWalker - Visiting attribute path : vendor
14:11:15.286 [Test worker] DEBUG o.h.p.w.spi.MetamodelGraphWalker - Visiting attribute path : version
14:11:15.286 [Test worker] DEBUG o.h.p.w.spi.MetamodelGraphWalker - Visiting attribute path : vld
14:11:15.286 [Test worker] DEBUG o.h.p.w.spi.MetamodelGraphWalker - Visiting attribute path : vnffgd
14:11:15.286 [Test worker] DEBUG o.h.p.w.spi.MetamodelGraphWalker - Visiting attribute path : deployment_flavour
14:11:15.286 [Test worker] DEBUG o.h.l.p.b.i.spaces.QuerySpacesImpl - Adding QuerySpace : uid = <gen:2> -> org.hibernate.loader.plan.build.internal.spaces.CollectionQuerySpaceImpl@75dafc0b]
14:11:15.286 [Test worker] DEBUG o.h.l.p.b.i.spaces.QuerySpacesImpl - Adding QuerySpace : uid = <gen:3> -> org.hibernate.loader.plan.build.internal.spaces.EntityQuerySpaceImpl@7bd9729f]
14:11:15.286 [Test worker] DEBUG o.h.p.w.spi.MetamodelGraphWalker - Visiting attribute path : descriptor_version
14:11:15.286 [Test worker] DEBUG o.h.p.w.spi.MetamodelGraphWalker - Visiting attribute path : manifest_file
14:11:15.287 [Test worker] DEBUG o.h.p.w.spi.MetamodelGraphWalker - Visiting attribute path : manifest_file_security
14:11:15.287 [Test worker] DEBUG o.h.p.w.spi.MetamodelGraphWalker - Visiting attribute path : vdu
14:11:15.287 [Test worker] DEBUG o.h.p.w.spi.MetamodelGraphWalker - Visiting attribute path : vdu_dependency
14:11:15.287 [Test worker] DEBUG o.h.p.w.spi.MetamodelGraphWalker - Visiting attribute path : virtual_link
14:11:15.287 [Test worker] DEBUG o.h.l.p.b.i.FetchStyleLoadPlanBuildingAssociationVisitationStrategy - Building LoadPlan...
14:11:15.287 [Test worker] DEBUG o.h.l.p.e.i.LoadQueryJoinAndFetchProcessor - processing queryspace <gen:0>
14:11:15.287 [Test worker] DEBUG o.h.l.p.b.spi.LoadPlanTreePrinter - LoadPlan(entity=org.project.neutrino.nfvo.catalogue.mano.descriptor.VirtualNetworkFunctionDescriptor)
    - Returns
       - EntityReturnImpl(entity=org.project.neutrino.nfvo.catalogue.mano.descriptor.VirtualNetworkFunctionDescriptor, querySpaceUid=<gen:0>, path=org.project.neutrino.nfvo.catalogue.mano.descriptor.VirtualNetworkFunctionDescriptor)
          - CollectionAttributeFetchImpl(collection=org.project.neutrino.nfvo.catalogue.mano.common.NFVEntityDescriptor.monitoring_parameter, querySpaceUid=<gen:1>, path=org.project.neutrino.nfvo.catalogue.mano.descriptor.VirtualNetworkFunctionDescriptor.monitoring_parameter)
          - CollectionAttributeFetchImpl(collection=org.project.neutrino.nfvo.catalogue.mano.descriptor.VirtualNetworkFunctionDescriptor.deployment_flavour, querySpaceUid=<gen:2>, path=org.project.neutrino.nfvo.catalogue.mano.descriptor.VirtualNetworkFunctionDescriptor.deployment_flavour)
             - (collection element) CollectionFetchableElementEntityGraph(entity=org.project.neutrino.nfvo.catalogue.mano.descriptor.VNFDDeploymentFlavour, querySpaceUid=<gen:3>, path=org.project.neutrino.nfvo.catalogue.mano.descriptor.VirtualNetworkFunctionDescriptor.deployment_flavour.<elements>)
    - QuerySpaces
       - EntityQuerySpaceImpl(uid=<gen:0>, entity=org.project.neutrino.nfvo.catalogue.mano.descriptor.VirtualNetworkFunctionDescriptor)
          - SQL table alias mapping - virtualnet0_
          - alias suffix - 0_
          - suffixed key columns - {id1_27_0_}

14:11:15.288 [Test worker] DEBUG o.h.loader.entity.plan.EntityLoader - Static select for entity org.project.neutrino.nfvo.catalogue.mano.descriptor.VirtualNetworkFunctionDescriptor [UPGRADE]: select virtualnet0_.id as id1_27_0_, virtualnet0_.hb_version as hb_versi2_27_0_, virtualnet0_.vendor as vendor3_27_0_, virtualnet0_.version as version4_27_0_, virtualnet0_.descriptor_version as descript1_62_0_, virtualnet0_.manifest_file as manifest2_62_0_ from virtual_network_function_descriptor virtualnet0_ where virtualnet0_.id=? for update
14:11:15.288 [Test worker] DEBUG o.h.l.p.b.i.spaces.QuerySpacesImpl - Adding QuerySpace : uid = <gen:0> -> org.hibernate.loader.plan.build.internal.spaces.EntityQuerySpaceImpl@f4643f]
14:11:15.288 [Test worker] DEBUG o.h.p.w.spi.MetamodelGraphWalker - Visiting attribute path : auto_scale_policy
14:11:15.288 [Test worker] DEBUG o.h.p.w.spi.MetamodelGraphWalker - Visiting attribute path : connection_point
14:11:15.288 [Test worker] DEBUG o.h.p.w.spi.MetamodelGraphWalker - Visiting attribute path : hb_version
14:11:15.288 [Test worker] DEBUG o.h.p.w.spi.MetamodelGraphWalker - Visiting attribute path : lifecycle_event
14:11:15.288 [Test worker] DEBUG o.h.p.w.spi.MetamodelGraphWalker - Visiting attribute path : monitoring_parameter
14:11:15.288 [Test worker] DEBUG o.h.l.p.b.i.spaces.QuerySpacesImpl - Adding QuerySpace : uid = <gen:1> -> org.hibernate.loader.plan.build.internal.spaces.CollectionQuerySpaceImpl@192cadf]
14:11:15.288 [Test worker] DEBUG o.h.p.w.spi.MetamodelGraphWalker - Visiting attribute path : service_deployment_flavour
14:11:15.288 [Test worker] DEBUG o.h.p.w.spi.MetamodelGraphWalker - Visiting attribute path : vendor
14:11:15.288 [Test worker] DEBUG o.h.p.w.spi.MetamodelGraphWalker - Visiting attribute path : version
14:11:15.288 [Test worker] DEBUG o.h.p.w.spi.MetamodelGraphWalker - Visiting attribute path : vld
14:11:15.288 [Test worker] DEBUG o.h.p.w.spi.MetamodelGraphWalker - Visiting attribute path : vnffgd
14:11:15.288 [Test worker] DEBUG o.h.p.w.spi.MetamodelGraphWalker - Visiting attribute path : deployment_flavour
14:11:15.289 [Test worker] DEBUG o.h.l.p.b.i.spaces.QuerySpacesImpl - Adding QuerySpace : uid = <gen:2> -> org.hibernate.loader.plan.build.internal.spaces.CollectionQuerySpaceImpl@4c44f747]
14:11:15.289 [Test worker] DEBUG o.h.l.p.b.i.spaces.QuerySpacesImpl - Adding QuerySpace : uid = <gen:3> -> org.hibernate.loader.plan.build.internal.spaces.EntityQuerySpaceImpl@43c67d6f]
14:11:15.289 [Test worker] DEBUG o.h.p.w.spi.MetamodelGraphWalker - Visiting attribute path : descriptor_version
14:11:15.289 [Test worker] DEBUG o.h.p.w.spi.MetamodelGraphWalker - Visiting attribute path : manifest_file
14:11:15.289 [Test worker] DEBUG o.h.p.w.spi.MetamodelGraphWalker - Visiting attribute path : manifest_file_security
14:11:15.289 [Test worker] DEBUG o.h.p.w.spi.MetamodelGraphWalker - Visiting attribute path : vdu
14:11:15.289 [Test worker] DEBUG o.h.p.w.spi.MetamodelGraphWalker - Visiting attribute path : vdu_dependency
14:11:15.289 [Test worker] DEBUG o.h.p.w.spi.MetamodelGraphWalker - Visiting attribute path : virtual_link
14:11:15.289 [Test worker] DEBUG o.h.l.p.b.i.FetchStyleLoadPlanBuildingAssociationVisitationStrategy - Building LoadPlan...
14:11:15.289 [Test worker] DEBUG o.h.l.p.e.i.LoadQueryJoinAndFetchProcessor - processing queryspace <gen:0>
14:11:15.290 [Test worker] DEBUG o.h.l.p.b.spi.LoadPlanTreePrinter - LoadPlan(entity=org.project.neutrino.nfvo.catalogue.mano.descriptor.VirtualNetworkFunctionDescriptor)
    - Returns
       - EntityReturnImpl(entity=org.project.neutrino.nfvo.catalogue.mano.descriptor.VirtualNetworkFunctionDescriptor, querySpaceUid=<gen:0>, path=org.project.neutrino.nfvo.catalogue.mano.descriptor.VirtualNetworkFunctionDescriptor)
          - CollectionAttributeFetchImpl(collection=org.project.neutrino.nfvo.catalogue.mano.common.NFVEntityDescriptor.monitoring_parameter, querySpaceUid=<gen:1>, path=org.project.neutrino.nfvo.catalogue.mano.descriptor.VirtualNetworkFunctionDescriptor.monitoring_parameter)
          - CollectionAttributeFetchImpl(collection=org.project.neutrino.nfvo.catalogue.mano.descriptor.VirtualNetworkFunctionDescriptor.deployment_flavour, querySpaceUid=<gen:2>, path=org.project.neutrino.nfvo.catalogue.mano.descriptor.VirtualNetworkFunctionDescriptor.deployment_flavour)
             - (collection element) CollectionFetchableElementEntityGraph(entity=org.project.neutrino.nfvo.catalogue.mano.descriptor.VNFDDeploymentFlavour, querySpaceUid=<gen:3>, path=org.project.neutrino.nfvo.catalogue.mano.descriptor.VirtualNetworkFunctionDescriptor.deployment_flavour.<elements>)
    - QuerySpaces
       - EntityQuerySpaceImpl(uid=<gen:0>, entity=org.project.neutrino.nfvo.catalogue.mano.descriptor.VirtualNetworkFunctionDescriptor)
          - SQL table alias mapping - virtualnet0_
          - alias suffix - 0_
          - suffixed key columns - {id1_27_0_}

14:11:15.290 [Test worker] DEBUG o.h.loader.entity.plan.EntityLoader - Static select for entity org.project.neutrino.nfvo.catalogue.mano.descriptor.VirtualNetworkFunctionDescriptor [UPGRADE_NOWAIT]: select virtualnet0_.id as id1_27_0_, virtualnet0_.hb_version as hb_versi2_27_0_, virtualnet0_.vendor as vendor3_27_0_, virtualnet0_.version as version4_27_0_, virtualnet0_.descriptor_version as descript1_62_0_, virtualnet0_.manifest_file as manifest2_62_0_ from virtual_network_function_descriptor virtualnet0_ where virtualnet0_.id=? for update
14:11:15.290 [Test worker] DEBUG o.h.l.p.b.i.spaces.QuerySpacesImpl - Adding QuerySpace : uid = <gen:0> -> org.hibernate.loader.plan.build.internal.spaces.EntityQuerySpaceImpl@1c55252c]
14:11:15.290 [Test worker] DEBUG o.h.p.w.spi.MetamodelGraphWalker - Visiting attribute path : auto_scale_policy
14:11:15.290 [Test worker] DEBUG o.h.p.w.spi.MetamodelGraphWalker - Visiting attribute path : connection_point
14:11:15.290 [Test worker] DEBUG o.h.p.w.spi.MetamodelGraphWalker - Visiting attribute path : hb_version
14:11:15.290 [Test worker] DEBUG o.h.p.w.spi.MetamodelGraphWalker - Visiting attribute path : lifecycle_event
14:11:15.290 [Test worker] DEBUG o.h.p.w.spi.MetamodelGraphWalker - Visiting attribute path : monitoring_parameter
14:11:15.290 [Test worker] DEBUG o.h.l.p.b.i.spaces.QuerySpacesImpl - Adding QuerySpace : uid = <gen:1> -> org.hibernate.loader.plan.build.internal.spaces.CollectionQuerySpaceImpl@4d160677]
14:11:15.290 [Test worker] DEBUG o.h.p.w.spi.MetamodelGraphWalker - Visiting attribute path : service_deployment_flavour
14:11:15.290 [Test worker] DEBUG o.h.p.w.spi.MetamodelGraphWalker - Visiting attribute path : vendor
14:11:15.290 [Test worker] DEBUG o.h.p.w.spi.MetamodelGraphWalker - Visiting attribute path : version
14:11:15.290 [Test worker] DEBUG o.h.p.w.spi.MetamodelGraphWalker - Visiting attribute path : vld
14:11:15.291 [Test worker] DEBUG o.h.p.w.spi.MetamodelGraphWalker - Visiting attribute path : vnffgd
14:11:15.291 [Test worker] DEBUG o.h.p.w.spi.MetamodelGraphWalker - Visiting attribute path : deployment_flavour
14:11:15.291 [Test worker] DEBUG o.h.l.p.b.i.spaces.QuerySpacesImpl - Adding QuerySpace : uid = <gen:2> -> org.hibernate.loader.plan.build.internal.spaces.CollectionQuerySpaceImpl@6102962a]
14:11:15.291 [Test worker] DEBUG o.h.l.p.b.i.spaces.QuerySpacesImpl - Adding QuerySpace : uid = <gen:3> -> org.hibernate.loader.plan.build.internal.spaces.EntityQuerySpaceImpl@70d0d127]
14:11:15.291 [Test worker] DEBUG o.h.p.w.spi.MetamodelGraphWalker - Visiting attribute path : descriptor_version
14:11:15.291 [Test worker] DEBUG o.h.p.w.spi.MetamodelGraphWalker - Visiting attribute path : manifest_file
14:11:15.291 [Test worker] DEBUG o.h.p.w.spi.MetamodelGraphWalker - Visiting attribute path : manifest_file_security
14:11:15.291 [Test worker] DEBUG o.h.p.w.spi.MetamodelGraphWalker - Visiting attribute path : vdu
14:11:15.291 [Test worker] DEBUG o.h.p.w.spi.MetamodelGraphWalker - Visiting attribute path : vdu_dependency
14:11:15.291 [Test worker] DEBUG o.h.p.w.spi.MetamodelGraphWalker - Visiting attribute path : virtual_link
14:11:15.291 [Test worker] DEBUG o.h.l.p.b.i.FetchStyleLoadPlanBuildingAssociationVisitationStrategy - Building LoadPlan...
14:11:15.292 [Test worker] DEBUG o.h.l.p.e.i.LoadQueryJoinAndFetchProcessor - processing queryspace <gen:0>
14:11:15.292 [Test worker] DEBUG o.h.l.p.b.spi.LoadPlanTreePrinter - LoadPlan(entity=org.project.neutrino.nfvo.catalogue.mano.descriptor.VirtualNetworkFunctionDescriptor)
    - Returns
       - EntityReturnImpl(entity=org.project.neutrino.nfvo.catalogue.mano.descriptor.VirtualNetworkFunctionDescriptor, querySpaceUid=<gen:0>, path=org.project.neutrino.nfvo.catalogue.mano.descriptor.VirtualNetworkFunctionDescriptor)
          - CollectionAttributeFetchImpl(collection=org.project.neutrino.nfvo.catalogue.mano.common.NFVEntityDescriptor.monitoring_parameter, querySpaceUid=<gen:1>, path=org.project.neutrino.nfvo.catalogue.mano.descriptor.VirtualNetworkFunctionDescriptor.monitoring_parameter)
          - CollectionAttributeFetchImpl(collection=org.project.neutrino.nfvo.catalogue.mano.descriptor.VirtualNetworkFunctionDescriptor.deployment_flavour, querySpaceUid=<gen:2>, path=org.project.neutrino.nfvo.catalogue.mano.descriptor.VirtualNetworkFunctionDescriptor.deployment_flavour)
             - (collection element) CollectionFetchableElementEntityGraph(entity=org.project.neutrino.nfvo.catalogue.mano.descriptor.VNFDDeploymentFlavour, querySpaceUid=<gen:3>, path=org.project.neutrino.nfvo.catalogue.mano.descriptor.VirtualNetworkFunctionDescriptor.deployment_flavour.<elements>)
    - QuerySpaces
       - EntityQuerySpaceImpl(uid=<gen:0>, entity=org.project.neutrino.nfvo.catalogue.mano.descriptor.VirtualNetworkFunctionDescriptor)
          - SQL table alias mapping - virtualnet0_
          - alias suffix - 0_
          - suffixed key columns - {id1_27_0_}

14:11:15.292 [Test worker] DEBUG o.h.loader.entity.plan.EntityLoader - Static select for entity org.project.neutrino.nfvo.catalogue.mano.descriptor.VirtualNetworkFunctionDescriptor [UPGRADE_SKIPLOCKED]: select virtualnet0_.id as id1_27_0_, virtualnet0_.hb_version as hb_versi2_27_0_, virtualnet0_.vendor as vendor3_27_0_, virtualnet0_.version as version4_27_0_, virtualnet0_.descriptor_version as descript1_62_0_, virtualnet0_.manifest_file as manifest2_62_0_ from virtual_network_function_descriptor virtualnet0_ where virtualnet0_.id=? for update
14:11:15.292 [Test worker] DEBUG o.h.l.p.b.i.spaces.QuerySpacesImpl - Adding QuerySpace : uid = <gen:0> -> org.hibernate.loader.plan.build.internal.spaces.EntityQuerySpaceImpl@1d53914e]
14:11:15.292 [Test worker] DEBUG o.h.p.w.spi.MetamodelGraphWalker - Visiting attribute path : auto_scale_policy
14:11:15.292 [Test worker] DEBUG o.h.p.w.spi.MetamodelGraphWalker - Visiting attribute path : connection_point
14:11:15.293 [Test worker] DEBUG o.h.p.w.spi.MetamodelGraphWalker - Visiting attribute path : hb_version
14:11:15.293 [Test worker] DEBUG o.h.p.w.spi.MetamodelGraphWalker - Visiting attribute path : lifecycle_event
14:11:15.293 [Test worker] DEBUG o.h.p.w.spi.MetamodelGraphWalker - Visiting attribute path : monitoring_parameter
14:11:15.293 [Test worker] DEBUG o.h.l.p.b.i.spaces.QuerySpacesImpl - Adding QuerySpace : uid = <gen:1> -> org.hibernate.loader.plan.build.internal.spaces.CollectionQuerySpaceImpl@65a6fdcf]
14:11:15.293 [Test worker] DEBUG o.h.p.w.spi.MetamodelGraphWalker - Visiting attribute path : service_deployment_flavour
14:11:15.293 [Test worker] DEBUG o.h.p.w.spi.MetamodelGraphWalker - Visiting attribute path : vendor
14:11:15.293 [Test worker] DEBUG o.h.p.w.spi.MetamodelGraphWalker - Visiting attribute path : version
14:11:15.293 [Test worker] DEBUG o.h.p.w.spi.MetamodelGraphWalker - Visiting attribute path : vld
14:11:15.293 [Test worker] DEBUG o.h.p.w.spi.MetamodelGraphWalker - Visiting attribute path : vnffgd
14:11:15.293 [Test worker] DEBUG o.h.p.w.spi.MetamodelGraphWalker - Visiting attribute path : deployment_flavour
14:11:15.293 [Test worker] DEBUG o.h.l.p.b.i.spaces.QuerySpacesImpl - Adding QuerySpace : uid = <gen:2> -> org.hibernate.loader.plan.build.internal.spaces.CollectionQuerySpaceImpl@3661552c]
14:11:15.293 [Test worker] DEBUG o.h.l.p.b.i.spaces.QuerySpacesImpl - Adding QuerySpace : uid = <gen:3> -> org.hibernate.loader.plan.build.internal.spaces.EntityQuerySpaceImpl@301ed798]
14:11:15.293 [Test worker] DEBUG o.h.p.w.spi.MetamodelGraphWalker - Visiting attribute path : descriptor_version
14:11:15.293 [Test worker] DEBUG o.h.p.w.spi.MetamodelGraphWalker - Visiting attribute path : manifest_file
14:11:15.293 [Test worker] DEBUG o.h.p.w.spi.MetamodelGraphWalker - Visiting attribute path : manifest_file_security
14:11:15.294 [Test worker] DEBUG o.h.p.w.spi.MetamodelGraphWalker - Visiting attribute path : vdu
14:11:15.294 [Test worker] DEBUG o.h.p.w.spi.MetamodelGraphWalker - Visiting attribute path : vdu_dependency
14:11:15.294 [Test worker] DEBUG o.h.p.w.spi.MetamodelGraphWalker - Visiting attribute path : virtual_link
14:11:15.294 [Test worker] DEBUG o.h.l.p.b.i.FetchStyleLoadPlanBuildingAssociationVisitationStrategy - Building LoadPlan...
14:11:15.294 [Test worker] DEBUG o.h.l.p.e.i.LoadQueryJoinAndFetchProcessor - processing queryspace <gen:0>
14:11:15.294 [Test worker] DEBUG o.h.l.p.b.spi.LoadPlanTreePrinter - LoadPlan(entity=org.project.neutrino.nfvo.catalogue.mano.descriptor.VirtualNetworkFunctionDescriptor)
    - Returns
       - EntityReturnImpl(entity=org.project.neutrino.nfvo.catalogue.mano.descriptor.VirtualNetworkFunctionDescriptor, querySpaceUid=<gen:0>, path=org.project.neutrino.nfvo.catalogue.mano.descriptor.VirtualNetworkFunctionDescriptor)
          - CollectionAttributeFetchImpl(collection=org.project.neutrino.nfvo.catalogue.mano.common.NFVEntityDescriptor.monitoring_parameter, querySpaceUid=<gen:1>, path=org.project.neutrino.nfvo.catalogue.mano.descriptor.VirtualNetworkFunctionDescriptor.monitoring_parameter)
          - CollectionAttributeFetchImpl(collection=org.project.neutrino.nfvo.catalogue.mano.descriptor.VirtualNetworkFunctionDescriptor.deployment_flavour, querySpaceUid=<gen:2>, path=org.project.neutrino.nfvo.catalogue.mano.descriptor.VirtualNetworkFunctionDescriptor.deployment_flavour)
             - (collection element) CollectionFetchableElementEntityGraph(entity=org.project.neutrino.nfvo.catalogue.mano.descriptor.VNFDDeploymentFlavour, querySpaceUid=<gen:3>, path=org.project.neutrino.nfvo.catalogue.mano.descriptor.VirtualNetworkFunctionDescriptor.deployment_flavour.<elements>)
    - QuerySpaces
       - EntityQuerySpaceImpl(uid=<gen:0>, entity=org.project.neutrino.nfvo.catalogue.mano.descriptor.VirtualNetworkFunctionDescriptor)
          - SQL table alias mapping - virtualnet0_
          - alias suffix - 0_
          - suffixed key columns - {id1_27_0_}

14:11:15.294 [Test worker] DEBUG o.h.loader.entity.plan.EntityLoader - Static select for entity org.project.neutrino.nfvo.catalogue.mano.descriptor.VirtualNetworkFunctionDescriptor [FORCE]: select virtualnet0_.id as id1_27_0_, virtualnet0_.hb_version as hb_versi2_27_0_, virtualnet0_.vendor as vendor3_27_0_, virtualnet0_.version as version4_27_0_, virtualnet0_.descriptor_version as descript1_62_0_, virtualnet0_.manifest_file as manifest2_62_0_ from virtual_network_function_descriptor virtualnet0_ where virtualnet0_.id=? for update
14:11:15.295 [Test worker] DEBUG o.h.l.p.b.i.spaces.QuerySpacesImpl - Adding QuerySpace : uid = <gen:0> -> org.hibernate.loader.plan.build.internal.spaces.EntityQuerySpaceImpl@38dc54d6]
14:11:15.295 [Test worker] DEBUG o.h.p.w.spi.MetamodelGraphWalker - Visiting attribute path : auto_scale_policy
14:11:15.295 [Test worker] DEBUG o.h.p.w.spi.MetamodelGraphWalker - Visiting attribute path : connection_point
14:11:15.295 [Test worker] DEBUG o.h.p.w.spi.MetamodelGraphWalker - Visiting attribute path : hb_version
14:11:15.295 [Test worker] DEBUG o.h.p.w.spi.MetamodelGraphWalker - Visiting attribute path : lifecycle_event
14:11:15.295 [Test worker] DEBUG o.h.p.w.spi.MetamodelGraphWalker - Visiting attribute path : monitoring_parameter
14:11:15.295 [Test worker] DEBUG o.h.l.p.b.i.spaces.QuerySpacesImpl - Adding QuerySpace : uid = <gen:1> -> org.hibernate.loader.plan.build.internal.spaces.CollectionQuerySpaceImpl@45030e9d]
14:11:15.295 [Test worker] DEBUG o.h.p.w.spi.MetamodelGraphWalker - Visiting attribute path : service_deployment_flavour
14:11:15.295 [Test worker] DEBUG o.h.p.w.spi.MetamodelGraphWalker - Visiting attribute path : vendor
14:11:15.295 [Test worker] DEBUG o.h.p.w.spi.MetamodelGraphWalker - Visiting attribute path : version
14:11:15.295 [Test worker] DEBUG o.h.p.w.spi.MetamodelGraphWalker - Visiting attribute path : vld
14:11:15.295 [Test worker] DEBUG o.h.p.w.spi.MetamodelGraphWalker - Visiting attribute path : vnffgd
14:11:15.295 [Test worker] DEBUG o.h.p.w.spi.MetamodelGraphWalker - Visiting attribute path : deployment_flavour
14:11:15.296 [Test worker] DEBUG o.h.l.p.b.i.spaces.QuerySpacesImpl - Adding QuerySpace : uid = <gen:2> -> org.hibernate.loader.plan.build.internal.spaces.CollectionQuerySpaceImpl@4bb488d0]
14:11:15.296 [Test worker] DEBUG o.h.l.p.b.i.spaces.QuerySpacesImpl - Adding QuerySpace : uid = <gen:3> -> org.hibernate.loader.plan.build.internal.spaces.EntityQuerySpaceImpl@39823684]
14:11:15.296 [Test worker] DEBUG o.h.p.w.spi.MetamodelGraphWalker - Visiting attribute path : descriptor_version
14:11:15.296 [Test worker] DEBUG o.h.p.w.spi.MetamodelGraphWalker - Visiting attribute path : manifest_file
14:11:15.296 [Test worker] DEBUG o.h.p.w.spi.MetamodelGraphWalker - Visiting attribute path : manifest_file_security
14:11:15.296 [Test worker] DEBUG o.h.p.w.spi.MetamodelGraphWalker - Visiting attribute path : vdu
14:11:15.296 [Test worker] DEBUG o.h.p.w.spi.MetamodelGraphWalker - Visiting attribute path : vdu_dependency
14:11:15.296 [Test worker] DEBUG o.h.p.w.spi.MetamodelGraphWalker - Visiting attribute path : virtual_link
14:11:15.296 [Test worker] DEBUG o.h.l.p.b.i.FetchStyleLoadPlanBuildingAssociationVisitationStrategy - Building LoadPlan...
14:11:15.296 [Test worker] DEBUG o.h.l.p.e.i.LoadQueryJoinAndFetchProcessor - processing queryspace <gen:0>
14:11:15.297 [Test worker] DEBUG o.h.l.p.b.spi.LoadPlanTreePrinter - LoadPlan(entity=org.project.neutrino.nfvo.catalogue.mano.descriptor.VirtualNetworkFunctionDescriptor)
    - Returns
       - EntityReturnImpl(entity=org.project.neutrino.nfvo.catalogue.mano.descriptor.VirtualNetworkFunctionDescriptor, querySpaceUid=<gen:0>, path=org.project.neutrino.nfvo.catalogue.mano.descriptor.VirtualNetworkFunctionDescriptor)
          - CollectionAttributeFetchImpl(collection=org.project.neutrino.nfvo.catalogue.mano.common.NFVEntityDescriptor.monitoring_parameter, querySpaceUid=<gen:1>, path=org.project.neutrino.nfvo.catalogue.mano.descriptor.VirtualNetworkFunctionDescriptor.monitoring_parameter)
          - CollectionAttributeFetchImpl(collection=org.project.neutrino.nfvo.catalogue.mano.descriptor.VirtualNetworkFunctionDescriptor.deployment_flavour, querySpaceUid=<gen:2>, path=org.project.neutrino.nfvo.catalogue.mano.descriptor.VirtualNetworkFunctionDescriptor.deployment_flavour)
             - (collection element) CollectionFetchableElementEntityGraph(entity=org.project.neutrino.nfvo.catalogue.mano.descriptor.VNFDDeploymentFlavour, querySpaceUid=<gen:3>, path=org.project.neutrino.nfvo.catalogue.mano.descriptor.VirtualNetworkFunctionDescriptor.deployment_flavour.<elements>)
    - QuerySpaces
       - EntityQuerySpaceImpl(uid=<gen:0>, entity=org.project.neutrino.nfvo.catalogue.mano.descriptor.VirtualNetworkFunctionDescriptor)
          - SQL table alias mapping - virtualnet0_
          - alias suffix - 0_
          - suffixed key columns - {id1_27_0_}

14:11:15.297 [Test worker] DEBUG o.h.loader.entity.plan.EntityLoader - Static select for entity org.project.neutrino.nfvo.catalogue.mano.descriptor.VirtualNetworkFunctionDescriptor [PESSIMISTIC_READ]: select virtualnet0_.id as id1_27_0_, virtualnet0_.hb_version as hb_versi2_27_0_, virtualnet0_.vendor as vendor3_27_0_, virtualnet0_.version as version4_27_0_, virtualnet0_.descriptor_version as descript1_62_0_, virtualnet0_.manifest_file as manifest2_62_0_ from virtual_network_function_descriptor virtualnet0_ where virtualnet0_.id=? lock in share mode
14:11:15.297 [Test worker] DEBUG o.h.l.p.b.i.spaces.QuerySpacesImpl - Adding QuerySpace : uid = <gen:0> -> org.hibernate.loader.plan.build.internal.spaces.EntityQuerySpaceImpl@13c9319b]
14:11:15.297 [Test worker] DEBUG o.h.p.w.spi.MetamodelGraphWalker - Visiting attribute path : auto_scale_policy
14:11:15.297 [Test worker] DEBUG o.h.p.w.spi.MetamodelGraphWalker - Visiting attribute path : connection_point
14:11:15.298 [Test worker] DEBUG o.h.p.w.spi.MetamodelGraphWalker - Visiting attribute path : hb_version
14:11:15.298 [Test worker] DEBUG o.h.p.w.spi.MetamodelGraphWalker - Visiting attribute path : lifecycle_event
14:11:15.298 [Test worker] DEBUG o.h.p.w.spi.MetamodelGraphWalker - Visiting attribute path : monitoring_parameter
14:11:15.298 [Test worker] DEBUG o.h.l.p.b.i.spaces.QuerySpacesImpl - Adding QuerySpace : uid = <gen:1> -> org.hibernate.loader.plan.build.internal.spaces.CollectionQuerySpaceImpl@5fd11499]
14:11:15.298 [Test worker] DEBUG o.h.p.w.spi.MetamodelGraphWalker - Visiting attribute path : service_deployment_flavour
14:11:15.298 [Test worker] DEBUG o.h.p.w.spi.MetamodelGraphWalker - Visiting attribute path : vendor
14:11:15.298 [Test worker] DEBUG o.h.p.w.spi.MetamodelGraphWalker - Visiting attribute path : version
14:11:15.298 [Test worker] DEBUG o.h.p.w.spi.MetamodelGraphWalker - Visiting attribute path : vld
14:11:15.298 [Test worker] DEBUG o.h.p.w.spi.MetamodelGraphWalker - Visiting attribute path : vnffgd
14:11:15.298 [Test worker] DEBUG o.h.p.w.spi.MetamodelGraphWalker - Visiting attribute path : deployment_flavour
14:11:15.298 [Test worker] DEBUG o.h.l.p.b.i.spaces.QuerySpacesImpl - Adding QuerySpace : uid = <gen:2> -> org.hibernate.loader.plan.build.internal.spaces.CollectionQuerySpaceImpl@179f79f4]
14:11:15.298 [Test worker] DEBUG o.h.l.p.b.i.spaces.QuerySpacesImpl - Adding QuerySpace : uid = <gen:3> -> org.hibernate.loader.plan.build.internal.spaces.EntityQuerySpaceImpl@66ff8e49]
14:11:15.298 [Test worker] DEBUG o.h.p.w.spi.MetamodelGraphWalker - Visiting attribute path : descriptor_version
14:11:15.298 [Test worker] DEBUG o.h.p.w.spi.MetamodelGraphWalker - Visiting attribute path : manifest_file
14:11:15.298 [Test worker] DEBUG o.h.p.w.spi.MetamodelGraphWalker - Visiting attribute path : manifest_file_security
14:11:15.298 [Test worker] DEBUG o.h.p.w.spi.MetamodelGraphWalker - Visiting attribute path : vdu
14:11:15.299 [Test worker] DEBUG o.h.p.w.spi.MetamodelGraphWalker - Visiting attribute path : vdu_dependency
14:11:15.299 [Test worker] DEBUG o.h.p.w.spi.MetamodelGraphWalker - Visiting attribute path : virtual_link
14:11:15.299 [Test worker] DEBUG o.h.l.p.b.i.FetchStyleLoadPlanBuildingAssociationVisitationStrategy - Building LoadPlan...
14:11:15.299 [Test worker] DEBUG o.h.l.p.e.i.LoadQueryJoinAndFetchProcessor - processing queryspace <gen:0>
14:11:15.299 [Test worker] DEBUG o.h.l.p.b.spi.LoadPlanTreePrinter - LoadPlan(entity=org.project.neutrino.nfvo.catalogue.mano.descriptor.VirtualNetworkFunctionDescriptor)
    - Returns
       - EntityReturnImpl(entity=org.project.neutrino.nfvo.catalogue.mano.descriptor.VirtualNetworkFunctionDescriptor, querySpaceUid=<gen:0>, path=org.project.neutrino.nfvo.catalogue.mano.descriptor.VirtualNetworkFunctionDescriptor)
          - CollectionAttributeFetchImpl(collection=org.project.neutrino.nfvo.catalogue.mano.common.NFVEntityDescriptor.monitoring_parameter, querySpaceUid=<gen:1>, path=org.project.neutrino.nfvo.catalogue.mano.descriptor.VirtualNetworkFunctionDescriptor.monitoring_parameter)
          - CollectionAttributeFetchImpl(collection=org.project.neutrino.nfvo.catalogue.mano.descriptor.VirtualNetworkFunctionDescriptor.deployment_flavour, querySpaceUid=<gen:2>, path=org.project.neutrino.nfvo.catalogue.mano.descriptor.VirtualNetworkFunctionDescriptor.deployment_flavour)
             - (collection element) CollectionFetchableElementEntityGraph(entity=org.project.neutrino.nfvo.catalogue.mano.descriptor.VNFDDeploymentFlavour, querySpaceUid=<gen:3>, path=org.project.neutrino.nfvo.catalogue.mano.descriptor.VirtualNetworkFunctionDescriptor.deployment_flavour.<elements>)
    - QuerySpaces
       - EntityQuerySpaceImpl(uid=<gen:0>, entity=org.project.neutrino.nfvo.catalogue.mano.descriptor.VirtualNetworkFunctionDescriptor)
          - SQL table alias mapping - virtualnet0_
          - alias suffix - 0_
          - suffixed key columns - {id1_27_0_}

14:11:15.299 [Test worker] DEBUG o.h.loader.entity.plan.EntityLoader - Static select for entity org.project.neutrino.nfvo.catalogue.mano.descriptor.VirtualNetworkFunctionDescriptor [PESSIMISTIC_WRITE]: select virtualnet0_.id as id1_27_0_, virtualnet0_.hb_version as hb_versi2_27_0_, virtualnet0_.vendor as vendor3_27_0_, virtualnet0_.version as version4_27_0_, virtualnet0_.descriptor_version as descript1_62_0_, virtualnet0_.manifest_file as manifest2_62_0_ from virtual_network_function_descriptor virtualnet0_ where virtualnet0_.id=? for update
14:11:15.300 [Test worker] DEBUG o.h.l.p.b.i.spaces.QuerySpacesImpl - Adding QuerySpace : uid = <gen:0> -> org.hibernate.loader.plan.build.internal.spaces.EntityQuerySpaceImpl@13d68f73]
14:11:15.300 [Test worker] DEBUG o.h.p.w.spi.MetamodelGraphWalker - Visiting attribute path : auto_scale_policy
14:11:15.300 [Test worker] DEBUG o.h.p.w.spi.MetamodelGraphWalker - Visiting attribute path : connection_point
14:11:15.300 [Test worker] DEBUG o.h.p.w.spi.MetamodelGraphWalker - Visiting attribute path : hb_version
14:11:15.300 [Test worker] DEBUG o.h.p.w.spi.MetamodelGraphWalker - Visiting attribute path : lifecycle_event
14:11:15.300 [Test worker] DEBUG o.h.p.w.spi.MetamodelGraphWalker - Visiting attribute path : monitoring_parameter
14:11:15.300 [Test worker] DEBUG o.h.l.p.b.i.spaces.QuerySpacesImpl - Adding QuerySpace : uid = <gen:1> -> org.hibernate.loader.plan.build.internal.spaces.CollectionQuerySpaceImpl@663b1f0b]
14:11:15.300 [Test worker] DEBUG o.h.p.w.spi.MetamodelGraphWalker - Visiting attribute path : service_deployment_flavour
14:11:15.300 [Test worker] DEBUG o.h.p.w.spi.MetamodelGraphWalker - Visiting attribute path : vendor
14:11:15.300 [Test worker] DEBUG o.h.p.w.spi.MetamodelGraphWalker - Visiting attribute path : version
14:11:15.300 [Test worker] DEBUG o.h.p.w.spi.MetamodelGraphWalker - Visiting attribute path : vld
14:11:15.300 [Test worker] DEBUG o.h.p.w.spi.MetamodelGraphWalker - Visiting attribute path : vnffgd
14:11:15.300 [Test worker] DEBUG o.h.p.w.spi.MetamodelGraphWalker - Visiting attribute path : deployment_flavour
14:11:15.300 [Test worker] DEBUG o.h.l.p.b.i.spaces.QuerySpacesImpl - Adding QuerySpace : uid = <gen:2> -> org.hibernate.loader.plan.build.internal.spaces.CollectionQuerySpaceImpl@33733f9c]
14:11:15.301 [Test worker] DEBUG o.h.l.p.b.i.spaces.QuerySpacesImpl - Adding QuerySpace : uid = <gen:3> -> org.hibernate.loader.plan.build.internal.spaces.EntityQuerySpaceImpl@53553527]
14:11:15.301 [Test worker] DEBUG o.h.p.w.spi.MetamodelGraphWalker - Visiting attribute path : descriptor_version
14:11:15.301 [Test worker] DEBUG o.h.p.w.spi.MetamodelGraphWalker - Visiting attribute path : manifest_file
14:11:15.301 [Test worker] DEBUG o.h.p.w.spi.MetamodelGraphWalker - Visiting attribute path : manifest_file_security
14:11:15.301 [Test worker] DEBUG o.h.p.w.spi.MetamodelGraphWalker - Visiting attribute path : vdu
14:11:15.301 [Test worker] DEBUG o.h.p.w.spi.MetamodelGraphWalker - Visiting attribute path : vdu_dependency
14:11:15.301 [Test worker] DEBUG o.h.p.w.spi.MetamodelGraphWalker - Visiting attribute path : virtual_link
14:11:15.301 [Test worker] DEBUG o.h.l.p.b.i.FetchStyleLoadPlanBuildingAssociationVisitationStrategy - Building LoadPlan...
14:11:15.302 [Test worker] DEBUG o.h.l.p.e.i.LoadQueryJoinAndFetchProcessor - processing queryspace <gen:0>
14:11:15.302 [Test worker] DEBUG o.h.l.p.b.spi.LoadPlanTreePrinter - LoadPlan(entity=org.project.neutrino.nfvo.catalogue.mano.descriptor.VirtualNetworkFunctionDescriptor)
    - Returns
       - EntityReturnImpl(entity=org.project.neutrino.nfvo.catalogue.mano.descriptor.VirtualNetworkFunctionDescriptor, querySpaceUid=<gen:0>, path=org.project.neutrino.nfvo.catalogue.mano.descriptor.VirtualNetworkFunctionDescriptor)
          - CollectionAttributeFetchImpl(collection=org.project.neutrino.nfvo.catalogue.mano.common.NFVEntityDescriptor.monitoring_parameter, querySpaceUid=<gen:1>, path=org.project.neutrino.nfvo.catalogue.mano.descriptor.VirtualNetworkFunctionDescriptor.monitoring_parameter)
          - CollectionAttributeFetchImpl(collection=org.project.neutrino.nfvo.catalogue.mano.descriptor.VirtualNetworkFunctionDescriptor.deployment_flavour, querySpaceUid=<gen:2>, path=org.project.neutrino.nfvo.catalogue.mano.descriptor.VirtualNetworkFunctionDescriptor.deployment_flavour)
             - (collection element) CollectionFetchableElementEntityGraph(entity=org.project.neutrino.nfvo.catalogue.mano.descriptor.VNFDDeploymentFlavour, querySpaceUid=<gen:3>, path=org.project.neutrino.nfvo.catalogue.mano.descriptor.VirtualNetworkFunctionDescriptor.deployment_flavour.<elements>)
    - QuerySpaces
       - EntityQuerySpaceImpl(uid=<gen:0>, entity=org.project.neutrino.nfvo.catalogue.mano.descriptor.VirtualNetworkFunctionDescriptor)
          - SQL table alias mapping - virtualnet0_
          - alias suffix - 0_
          - suffixed key columns - {id1_27_0_}

14:11:15.302 [Test worker] DEBUG o.h.loader.entity.plan.EntityLoader - Static select for entity org.project.neutrino.nfvo.catalogue.mano.descriptor.VirtualNetworkFunctionDescriptor [PESSIMISTIC_FORCE_INCREMENT]: select virtualnet0_.id as id1_27_0_, virtualnet0_.hb_version as hb_versi2_27_0_, virtualnet0_.vendor as vendor3_27_0_, virtualnet0_.version as version4_27_0_, virtualnet0_.descriptor_version as descript1_62_0_, virtualnet0_.manifest_file as manifest2_62_0_ from virtual_network_function_descriptor virtualnet0_ where virtualnet0_.id=? for update
14:11:15.302 [Test worker] DEBUG o.h.l.p.b.i.spaces.QuerySpacesImpl - Adding QuerySpace : uid = <gen:0> -> org.hibernate.loader.plan.build.internal.spaces.EntityQuerySpaceImpl@7f14be2e]
14:11:15.302 [Test worker] DEBUG o.h.p.w.spi.MetamodelGraphWalker - Visiting attribute path : auto_scale_policy
14:11:15.302 [Test worker] DEBUG o.h.p.w.spi.MetamodelGraphWalker - Visiting attribute path : connection_point
14:11:15.302 [Test worker] DEBUG o.h.p.w.spi.MetamodelGraphWalker - Visiting attribute path : hb_version
14:11:15.302 [Test worker] DEBUG o.h.p.w.spi.MetamodelGraphWalker - Visiting attribute path : lifecycle_event
14:11:15.303 [Test worker] DEBUG o.h.p.w.spi.MetamodelGraphWalker - Visiting attribute path : monitoring_parameter
14:11:15.303 [Test worker] DEBUG o.h.l.p.b.i.spaces.QuerySpacesImpl - Adding QuerySpace : uid = <gen:1> -> org.hibernate.loader.plan.build.internal.spaces.CollectionQuerySpaceImpl@40c8be46]
14:11:15.303 [Test worker] DEBUG o.h.p.w.spi.MetamodelGraphWalker - Visiting attribute path : service_deployment_flavour
14:11:15.303 [Test worker] DEBUG o.h.p.w.spi.MetamodelGraphWalker - Visiting attribute path : vendor
14:11:15.303 [Test worker] DEBUG o.h.p.w.spi.MetamodelGraphWalker - Visiting attribute path : version
14:11:15.303 [Test worker] DEBUG o.h.p.w.spi.MetamodelGraphWalker - Visiting attribute path : vld
14:11:15.303 [Test worker] DEBUG o.h.p.w.spi.MetamodelGraphWalker - Visiting attribute path : vnffgd
14:11:15.303 [Test worker] DEBUG o.h.p.w.spi.MetamodelGraphWalker - Visiting attribute path : deployment_flavour
14:11:15.303 [Test worker] DEBUG o.h.l.p.b.i.spaces.QuerySpacesImpl - Adding QuerySpace : uid = <gen:2> -> org.hibernate.loader.plan.build.internal.spaces.CollectionQuerySpaceImpl@3b4406e4]
14:11:15.303 [Test worker] DEBUG o.h.l.p.b.i.spaces.QuerySpacesImpl - Adding QuerySpace : uid = <gen:3> -> org.hibernate.loader.plan.build.internal.spaces.EntityQuerySpaceImpl@6f208121]
14:11:15.303 [Test worker] DEBUG o.h.p.w.spi.MetamodelGraphWalker - Visiting attribute path : descriptor_version
14:11:15.303 [Test worker] DEBUG o.h.p.w.spi.MetamodelGraphWalker - Visiting attribute path : manifest_file
14:11:15.303 [Test worker] DEBUG o.h.p.w.spi.MetamodelGraphWalker - Visiting attribute path : manifest_file_security
14:11:15.303 [Test worker] DEBUG o.h.p.w.spi.MetamodelGraphWalker - Visiting attribute path : vdu
14:11:15.303 [Test worker] DEBUG o.h.p.w.spi.MetamodelGraphWalker - Visiting attribute path : vdu_dependency
14:11:15.303 [Test worker] DEBUG o.h.p.w.spi.MetamodelGraphWalker - Visiting attribute path : virtual_link
14:11:15.304 [Test worker] DEBUG o.h.l.p.b.i.FetchStyleLoadPlanBuildingAssociationVisitationStrategy - Building LoadPlan...
14:11:15.304 [Test worker] DEBUG o.h.l.p.e.i.LoadQueryJoinAndFetchProcessor - processing queryspace <gen:0>
14:11:15.304 [Test worker] DEBUG o.h.l.p.b.spi.LoadPlanTreePrinter - LoadPlan(entity=org.project.neutrino.nfvo.catalogue.mano.descriptor.VirtualNetworkFunctionDescriptor)
    - Returns
       - EntityReturnImpl(entity=org.project.neutrino.nfvo.catalogue.mano.descriptor.VirtualNetworkFunctionDescriptor, querySpaceUid=<gen:0>, path=org.project.neutrino.nfvo.catalogue.mano.descriptor.VirtualNetworkFunctionDescriptor)
          - CollectionAttributeFetchImpl(collection=org.project.neutrino.nfvo.catalogue.mano.common.NFVEntityDescriptor.monitoring_parameter, querySpaceUid=<gen:1>, path=org.project.neutrino.nfvo.catalogue.mano.descriptor.VirtualNetworkFunctionDescriptor.monitoring_parameter)
          - CollectionAttributeFetchImpl(collection=org.project.neutrino.nfvo.catalogue.mano.descriptor.VirtualNetworkFunctionDescriptor.deployment_flavour, querySpaceUid=<gen:2>, path=org.project.neutrino.nfvo.catalogue.mano.descriptor.VirtualNetworkFunctionDescriptor.deployment_flavour)
             - (collection element) CollectionFetchableElementEntityGraph(entity=org.project.neutrino.nfvo.catalogue.mano.descriptor.VNFDDeploymentFlavour, querySpaceUid=<gen:3>, path=org.project.neutrino.nfvo.catalogue.mano.descriptor.VirtualNetworkFunctionDescriptor.deployment_flavour.<elements>)
    - QuerySpaces
       - EntityQuerySpaceImpl(uid=<gen:0>, entity=org.project.neutrino.nfvo.catalogue.mano.descriptor.VirtualNetworkFunctionDescriptor)
          - SQL table alias mapping - virtualnet0_
          - alias suffix - 0_
          - suffixed key columns - {id1_27_0_}

14:11:15.304 [Test worker] DEBUG o.h.loader.entity.plan.EntityLoader - Static select for entity org.project.neutrino.nfvo.catalogue.mano.descriptor.VirtualNetworkFunctionDescriptor [OPTIMISTIC]: select virtualnet0_.id as id1_27_0_, virtualnet0_.hb_version as hb_versi2_27_0_, virtualnet0_.vendor as vendor3_27_0_, virtualnet0_.version as version4_27_0_, virtualnet0_.descriptor_version as descript1_62_0_, virtualnet0_.manifest_file as manifest2_62_0_ from virtual_network_function_descriptor virtualnet0_ where virtualnet0_.id=?
14:11:15.304 [Test worker] DEBUG o.h.l.p.b.i.spaces.QuerySpacesImpl - Adding QuerySpace : uid = <gen:0> -> org.hibernate.loader.plan.build.internal.spaces.EntityQuerySpaceImpl@3efdd686]
14:11:15.305 [Test worker] DEBUG o.h.p.w.spi.MetamodelGraphWalker - Visiting attribute path : auto_scale_policy
14:11:15.305 [Test worker] DEBUG o.h.p.w.spi.MetamodelGraphWalker - Visiting attribute path : connection_point
14:11:15.305 [Test worker] DEBUG o.h.p.w.spi.MetamodelGraphWalker - Visiting attribute path : hb_version
14:11:15.305 [Test worker] DEBUG o.h.p.w.spi.MetamodelGraphWalker - Visiting attribute path : lifecycle_event
14:11:15.305 [Test worker] DEBUG o.h.p.w.spi.MetamodelGraphWalker - Visiting attribute path : monitoring_parameter
14:11:15.305 [Test worker] DEBUG o.h.l.p.b.i.spaces.QuerySpacesImpl - Adding QuerySpace : uid = <gen:1> -> org.hibernate.loader.plan.build.internal.spaces.CollectionQuerySpaceImpl@bde785b]
14:11:15.305 [Test worker] DEBUG o.h.p.w.spi.MetamodelGraphWalker - Visiting attribute path : service_deployment_flavour
14:11:15.305 [Test worker] DEBUG o.h.p.w.spi.MetamodelGraphWalker - Visiting attribute path : vendor
14:11:15.305 [Test worker] DEBUG o.h.p.w.spi.MetamodelGraphWalker - Visiting attribute path : version
14:11:15.305 [Test worker] DEBUG o.h.p.w.spi.MetamodelGraphWalker - Visiting attribute path : vld
14:11:15.305 [Test worker] DEBUG o.h.p.w.spi.MetamodelGraphWalker - Visiting attribute path : vnffgd
14:11:15.305 [Test worker] DEBUG o.h.p.w.spi.MetamodelGraphWalker - Visiting attribute path : deployment_flavour
14:11:15.305 [Test worker] DEBUG o.h.l.p.b.i.spaces.QuerySpacesImpl - Adding QuerySpace : uid = <gen:2> -> org.hibernate.loader.plan.build.internal.spaces.CollectionQuerySpaceImpl@3aafa473]
14:11:15.305 [Test worker] DEBUG o.h.l.p.b.i.spaces.QuerySpacesImpl - Adding QuerySpace : uid = <gen:3> -> org.hibernate.loader.plan.build.internal.spaces.EntityQuerySpaceImpl@6155981e]
14:11:15.305 [Test worker] DEBUG o.h.p.w.spi.MetamodelGraphWalker - Visiting attribute path : descriptor_version
14:11:15.305 [Test worker] DEBUG o.h.p.w.spi.MetamodelGraphWalker - Visiting attribute path : manifest_file
14:11:15.305 [Test worker] DEBUG o.h.p.w.spi.MetamodelGraphWalker - Visiting attribute path : manifest_file_security
14:11:15.306 [Test worker] DEBUG o.h.p.w.spi.MetamodelGraphWalker - Visiting attribute path : vdu
14:11:15.306 [Test worker] DEBUG o.h.p.w.spi.MetamodelGraphWalker - Visiting attribute path : vdu_dependency
14:11:15.306 [Test worker] DEBUG o.h.p.w.spi.MetamodelGraphWalker - Visiting attribute path : virtual_link
14:11:15.306 [Test worker] DEBUG o.h.l.p.b.i.FetchStyleLoadPlanBuildingAssociationVisitationStrategy - Building LoadPlan...
14:11:15.306 [Test worker] DEBUG o.h.l.p.e.i.LoadQueryJoinAndFetchProcessor - processing queryspace <gen:0>
14:11:15.306 [Test worker] DEBUG o.h.l.p.b.spi.LoadPlanTreePrinter - LoadPlan(entity=org.project.neutrino.nfvo.catalogue.mano.descriptor.VirtualNetworkFunctionDescriptor)
    - Returns
       - EntityReturnImpl(entity=org.project.neutrino.nfvo.catalogue.mano.descriptor.VirtualNetworkFunctionDescriptor, querySpaceUid=<gen:0>, path=org.project.neutrino.nfvo.catalogue.mano.descriptor.VirtualNetworkFunctionDescriptor)
          - CollectionAttributeFetchImpl(collection=org.project.neutrino.nfvo.catalogue.mano.common.NFVEntityDescriptor.monitoring_parameter, querySpaceUid=<gen:1>, path=org.project.neutrino.nfvo.catalogue.mano.descriptor.VirtualNetworkFunctionDescriptor.monitoring_parameter)
          - CollectionAttributeFetchImpl(collection=org.project.neutrino.nfvo.catalogue.mano.descriptor.VirtualNetworkFunctionDescriptor.deployment_flavour, querySpaceUid=<gen:2>, path=org.project.neutrino.nfvo.catalogue.mano.descriptor.VirtualNetworkFunctionDescriptor.deployment_flavour)
             - (collection element) CollectionFetchableElementEntityGraph(entity=org.project.neutrino.nfvo.catalogue.mano.descriptor.VNFDDeploymentFlavour, querySpaceUid=<gen:3>, path=org.project.neutrino.nfvo.catalogue.mano.descriptor.VirtualNetworkFunctionDescriptor.deployment_flavour.<elements>)
    - QuerySpaces
       - EntityQuerySpaceImpl(uid=<gen:0>, entity=org.project.neutrino.nfvo.catalogue.mano.descriptor.VirtualNetworkFunctionDescriptor)
          - SQL table alias mapping - virtualnet0_
          - alias suffix - 0_
          - suffixed key columns - {id1_27_0_}

14:11:15.307 [Test worker] DEBUG o.h.loader.entity.plan.EntityLoader - Static select for entity org.project.neutrino.nfvo.catalogue.mano.descriptor.VirtualNetworkFunctionDescriptor [OPTIMISTIC_FORCE_INCREMENT]: select virtualnet0_.id as id1_27_0_, virtualnet0_.hb_version as hb_versi2_27_0_, virtualnet0_.vendor as vendor3_27_0_, virtualnet0_.version as version4_27_0_, virtualnet0_.descriptor_version as descript1_62_0_, virtualnet0_.manifest_file as manifest2_62_0_ from virtual_network_function_descriptor virtualnet0_ where virtualnet0_.id=?
14:11:15.318 [Test worker] DEBUG org.hibernate.loader.Loader - Static select for action ACTION_MERGE on entity org.project.neutrino.nfvo.catalogue.mano.descriptor.VirtualNetworkFunctionDescriptor: select virtualnet0_.id as id1_27_1_, virtualnet0_.hb_version as hb_versi2_27_1_, virtualnet0_.vendor as vendor3_27_1_, virtualnet0_.version as version4_27_1_, virtualnet0_.descriptor_version as descript1_62_1_, virtualnet0_.manifest_file as manifest2_62_1_, auto_scale1_.nfventity_descriptor_Id as nfventit1_27_3_, autoscalep2_.id as auto_sca2_28_3_, autoscalep2_.id as id1_3_0_, autoscalep2_.version as version2_3_0_ from virtual_network_function_descriptor virtualnet0_ left outer join nfventity_descriptor_auto_scale_policy auto_scale1_ on virtualnet0_.id=auto_scale1_.nfventity_descriptor_Id left outer join auto_scale_policy autoscalep2_ on auto_scale1_.auto_scale_policy_id=autoscalep2_.id where virtualnet0_.id=?
14:11:15.318 [Test worker] DEBUG org.hibernate.loader.Loader - Static select for action ACTION_REFRESH on entity org.project.neutrino.nfvo.catalogue.mano.descriptor.VirtualNetworkFunctionDescriptor: select virtualnet0_.id as id1_27_1_, virtualnet0_.hb_version as hb_versi2_27_1_, virtualnet0_.vendor as vendor3_27_1_, virtualnet0_.version as version4_27_1_, virtualnet0_.descriptor_version as descript1_62_1_, virtualnet0_.manifest_file as manifest2_62_1_, auto_scale1_.nfventity_descriptor_Id as nfventit1_27_3_, autoscalep2_.id as auto_sca2_28_3_, autoscalep2_.id as id1_3_0_, autoscalep2_.version as version2_3_0_ from virtual_network_function_descriptor virtualnet0_ left outer join nfventity_descriptor_auto_scale_policy auto_scale1_ on virtualnet0_.id=auto_scale1_.nfventity_descriptor_Id left outer join auto_scale_policy autoscalep2_ on auto_scale1_.auto_scale_policy_id=autoscalep2_.id where virtualnet0_.id=?
14:11:15.318 [Test worker] DEBUG o.h.p.entity.AbstractEntityPersister - Static SQL for entity: org.project.neutrino.nfvo.catalogue.mano.common.VNFDependency
14:11:15.319 [Test worker] DEBUG o.h.p.entity.AbstractEntityPersister -  Version select: select version from vnfdependency where id =?
14:11:15.319 [Test worker] DEBUG o.h.p.entity.AbstractEntityPersister -  Snapshot select: select vnfdepende_.id, vnfdepende_.source_Id as source_I3_86_, vnfdepende_.target_Id as target_I4_86_, vnfdepende_.version as version2_86_ from vnfdependency vnfdepende_ where vnfdepende_.id=?
14:11:15.319 [Test worker] DEBUG o.h.p.entity.AbstractEntityPersister -  Insert 0: insert into vnfdependency (source_Id, target_Id, version, id) values (?, ?, ?, ?)
14:11:15.319 [Test worker] DEBUG o.h.p.entity.AbstractEntityPersister -  Update 0: update vnfdependency set source_Id=?, target_Id=?, version=? where id=? and version=?
14:11:15.319 [Test worker] DEBUG o.h.p.entity.AbstractEntityPersister -  Delete 0: delete from vnfdependency where id=? and version=?
14:11:15.319 [Test worker] DEBUG o.h.l.p.b.i.spaces.QuerySpacesImpl - Adding QuerySpace : uid = <gen:0> -> org.hibernate.loader.plan.build.internal.spaces.EntityQuerySpaceImpl@48edf5d0]
14:11:15.319 [Test worker] DEBUG o.h.p.w.spi.MetamodelGraphWalker - Visiting attribute path : source
14:11:15.319 [Test worker] DEBUG o.h.l.p.b.i.spaces.QuerySpacesImpl - Adding QuerySpace : uid = <gen:1> -> org.hibernate.loader.plan.build.internal.spaces.EntityQuerySpaceImpl@172d56f6]
14:11:15.320 [Test worker] DEBUG o.h.p.w.spi.MetamodelGraphWalker - Visiting attribute path : source.auto_scale_policy
14:11:15.320 [Test worker] DEBUG o.h.p.w.spi.MetamodelGraphWalker - Visiting attribute path : source.connection_point
14:11:15.320 [Test worker] DEBUG o.h.p.w.spi.MetamodelGraphWalker - Visiting attribute path : source.hb_version
14:11:15.320 [Test worker] DEBUG o.h.p.w.spi.MetamodelGraphWalker - Visiting attribute path : source.lifecycle_event
14:11:15.320 [Test worker] DEBUG o.h.p.w.spi.MetamodelGraphWalker - Visiting attribute path : source.monitoring_parameter
14:11:15.320 [Test worker] DEBUG o.h.l.p.b.i.spaces.QuerySpacesImpl - Adding QuerySpace : uid = <gen:2> -> org.hibernate.loader.plan.build.internal.spaces.CollectionQuerySpaceImpl@2e5094f3]
14:11:15.320 [Test worker] DEBUG o.h.p.w.spi.MetamodelGraphWalker - Visiting attribute path : source.service_deployment_flavour
14:11:15.321 [Test worker] DEBUG o.h.p.w.spi.MetamodelGraphWalker - Visiting attribute path : source.vendor
14:11:15.321 [Test worker] DEBUG o.h.p.w.spi.MetamodelGraphWalker - Visiting attribute path : source.version
14:11:15.321 [Test worker] DEBUG o.h.p.w.spi.MetamodelGraphWalker - Visiting attribute path : source.vld
14:11:15.321 [Test worker] DEBUG o.h.p.w.spi.MetamodelGraphWalker - Visiting attribute path : source.vnffgd
14:11:15.321 [Test worker] DEBUG o.h.p.w.spi.MetamodelGraphWalker - Visiting attribute path : source.deployment_flavour
14:11:15.321 [Test worker] DEBUG o.h.l.p.b.i.spaces.QuerySpacesImpl - Adding QuerySpace : uid = <gen:3> -> org.hibernate.loader.plan.build.internal.spaces.CollectionQuerySpaceImpl@14d4dd6e]
14:11:15.321 [Test worker] DEBUG o.h.l.p.b.i.spaces.QuerySpacesImpl - Adding QuerySpace : uid = <gen:4> -> org.hibernate.loader.plan.build.internal.spaces.EntityQuerySpaceImpl@23156b71]
14:11:15.321 [Test worker] DEBUG o.h.p.w.spi.MetamodelGraphWalker - Visiting attribute path : source.deployment_flavour.flavour_key
14:11:15.321 [Test worker] DEBUG o.h.p.w.spi.MetamodelGraphWalker - Visiting attribute path : source.deployment_flavour.version
14:11:15.321 [Test worker] DEBUG o.h.p.w.spi.MetamodelGraphWalker - Visiting attribute path : source.deployment_flavour.costituent_vdu
14:11:15.321 [Test worker] DEBUG o.h.p.w.spi.MetamodelGraphWalker - Visiting attribute path : source.deployment_flavour.df_constraint
14:11:15.321 [Test worker] DEBUG o.h.l.p.b.i.spaces.QuerySpacesImpl - Adding QuerySpace : uid = <gen:5> -> org.hibernate.loader.plan.build.internal.spaces.CollectionQuerySpaceImpl@69a1675d]
14:11:15.322 [Test worker] DEBUG o.h.p.w.spi.MetamodelGraphWalker - Visiting attribute path : source.descriptor_version
14:11:15.322 [Test worker] DEBUG o.h.p.w.spi.MetamodelGraphWalker - Visiting attribute path : source.manifest_file
14:11:15.322 [Test worker] DEBUG o.h.p.w.spi.MetamodelGraphWalker - Visiting attribute path : source.manifest_file_security
14:11:15.322 [Test worker] DEBUG o.h.p.w.spi.MetamodelGraphWalker - Visiting attribute path : source.vdu
14:11:15.322 [Test worker] DEBUG o.h.p.w.spi.MetamodelGraphWalker - Visiting attribute path : source.vdu_dependency
14:11:15.322 [Test worker] DEBUG o.h.p.w.spi.MetamodelGraphWalker - Visiting attribute path : source.virtual_link
14:11:15.322 [Test worker] DEBUG o.h.p.w.spi.MetamodelGraphWalker - Visiting attribute path : target
14:11:15.322 [Test worker] DEBUG o.h.l.p.b.i.spaces.QuerySpacesImpl - Adding QuerySpace : uid = <gen:6> -> org.hibernate.loader.plan.build.internal.spaces.EntityQuerySpaceImpl@638940d8]
14:11:15.322 [Test worker] DEBUG o.h.p.w.spi.MetamodelGraphWalker - Visiting attribute path : target.auto_scale_policy
14:11:15.322 [Test worker] DEBUG o.h.p.w.spi.MetamodelGraphWalker - Visiting attribute path : target.connection_point
14:11:15.322 [Test worker] DEBUG o.h.p.w.spi.MetamodelGraphWalker - Visiting attribute path : target.hb_version
14:11:15.322 [Test worker] DEBUG o.h.p.w.spi.MetamodelGraphWalker - Visiting attribute path : target.lifecycle_event
14:11:15.322 [Test worker] DEBUG o.h.p.w.spi.MetamodelGraphWalker - Visiting attribute path : target.monitoring_parameter
14:11:15.322 [Test worker] DEBUG o.h.p.w.spi.MetamodelGraphWalker - Property path deemed to be circular : target.monitoring_parameter
14:11:15.323 [Test worker] DEBUG o.h.p.w.spi.MetamodelGraphWalker - Visiting attribute path : target.service_deployment_flavour
14:11:15.323 [Test worker] DEBUG o.h.p.w.spi.MetamodelGraphWalker - Visiting attribute path : target.vendor
14:11:15.323 [Test worker] DEBUG o.h.p.w.spi.MetamodelGraphWalker - Visiting attribute path : target.version
14:11:15.323 [Test worker] DEBUG o.h.p.w.spi.MetamodelGraphWalker - Visiting attribute path : target.vld
14:11:15.323 [Test worker] DEBUG o.h.p.w.spi.MetamodelGraphWalker - Visiting attribute path : target.vnffgd
14:11:15.323 [Test worker] DEBUG o.h.p.w.spi.MetamodelGraphWalker - Visiting attribute path : target.deployment_flavour
14:11:15.323 [Test worker] DEBUG o.h.p.w.spi.MetamodelGraphWalker - Property path deemed to be circular : target.deployment_flavour
14:11:15.323 [Test worker] DEBUG o.h.p.w.spi.MetamodelGraphWalker - Visiting attribute path : target.descriptor_version
14:11:15.323 [Test worker] DEBUG o.h.p.w.spi.MetamodelGraphWalker - Visiting attribute path : target.manifest_file
14:11:15.323 [Test worker] DEBUG o.h.p.w.spi.MetamodelGraphWalker - Visiting attribute path : target.manifest_file_security
14:11:15.323 [Test worker] DEBUG o.h.p.w.spi.MetamodelGraphWalker - Visiting attribute path : target.vdu
14:11:15.323 [Test worker] DEBUG o.h.p.w.spi.MetamodelGraphWalker - Visiting attribute path : target.vdu_dependency
14:11:15.323 [Test worker] DEBUG o.h.p.w.spi.MetamodelGraphWalker - Visiting attribute path : target.virtual_link
14:11:15.323 [Test worker] DEBUG o.h.p.w.spi.MetamodelGraphWalker - Visiting attribute path : version
14:11:15.323 [Test worker] DEBUG o.h.l.p.b.i.FetchStyleLoadPlanBuildingAssociationVisitationStrategy - Building LoadPlan...
14:11:15.324 [Test worker] DEBUG o.h.l.p.e.i.LoadQueryJoinAndFetchProcessor - processing queryspace <gen:0>
14:11:15.325 [Test worker] DEBUG o.h.l.p.b.spi.LoadPlanTreePrinter - LoadPlan(entity=org.project.neutrino.nfvo.catalogue.mano.common.VNFDependency)
    - Returns
       - EntityReturnImpl(entity=org.project.neutrino.nfvo.catalogue.mano.common.VNFDependency, querySpaceUid=<gen:0>, path=org.project.neutrino.nfvo.catalogue.mano.common.VNFDependency)
          - EntityAttributeFetchImpl(entity=org.project.neutrino.nfvo.catalogue.mano.descriptor.VirtualNetworkFunctionDescriptor, querySpaceUid=<gen:1>, path=org.project.neutrino.nfvo.catalogue.mano.common.VNFDependency.source)
             - CollectionAttributeFetchImpl(collection=org.project.neutrino.nfvo.catalogue.mano.common.NFVEntityDescriptor.monitoring_parameter, querySpaceUid=<gen:2>, path=org.project.neutrino.nfvo.catalogue.mano.common.VNFDependency.source.monitoring_parameter)
             - CollectionAttributeFetchImpl(collection=org.project.neutrino.nfvo.catalogue.mano.descriptor.VirtualNetworkFunctionDescriptor.deployment_flavour, querySpaceUid=<gen:3>, path=org.project.neutrino.nfvo.catalogue.mano.common.VNFDependency.source.deployment_flavour)
                - (collection element) CollectionFetchableElementEntityGraph(entity=org.project.neutrino.nfvo.catalogue.mano.descriptor.VNFDDeploymentFlavour, querySpaceUid=<gen:4>, path=org.project.neutrino.nfvo.catalogue.mano.common.VNFDependency.source.deployment_flavour.<elements>)
                   - CollectionAttributeFetchImpl(collection=org.project.neutrino.nfvo.catalogue.mano.descriptor.VNFDDeploymentFlavour.df_constraint, querySpaceUid=<gen:5>, path=org.project.neutrino.nfvo.catalogue.mano.common.VNFDependency.source.deployment_flavour.<elements>.df_constraint)
          - EntityAttributeFetchImpl(entity=org.project.neutrino.nfvo.catalogue.mano.descriptor.VirtualNetworkFunctionDescriptor, querySpaceUid=<gen:6>, path=org.project.neutrino.nfvo.catalogue.mano.common.VNFDependency.target)
    - QuerySpaces
       - EntityQuerySpaceImpl(uid=<gen:0>, entity=org.project.neutrino.nfvo.catalogue.mano.common.VNFDependency)
          - SQL table alias mapping - vnfdepende0_
          - alias suffix - 0_
          - suffixed key columns - {id1_86_0_}
          - JOIN (JoinDefinedByMetadata(source)) : <gen:0> -> <gen:1>
             - EntityQuerySpaceImpl(uid=<gen:1>, entity=org.project.neutrino.nfvo.catalogue.mano.descriptor.VirtualNetworkFunctionDescriptor)
                - SQL table alias mapping - virtualnet1_
                - alias suffix - 1_
                - suffixed key columns - {id1_27_1_}
                - JOIN (JoinDefinedByMetadata(monitoring_parameter)) : <gen:1> -> <gen:2>
                   - CollectionQuerySpaceImpl(uid=<gen:2>, collection=org.project.neutrino.nfvo.catalogue.mano.common.NFVEntityDescriptor.monitoring_parameter)
                      - SQL table alias mapping - monitoring2_
                      - alias suffix - 2_
                      - suffixed key columns - {nfventit1_27_2_}
                - JOIN (JoinDefinedByMetadata(deployment_flavour)) : <gen:1> -> <gen:3>
                   - CollectionQuerySpaceImpl(uid=<gen:3>, collection=org.project.neutrino.nfvo.catalogue.mano.descriptor.VirtualNetworkFunctionDescriptor.deployment_flavour)
                      - SQL table alias mapping - deployment3_
                      - alias suffix - 3_
                      - suffixed key columns - {virtual_1_27_3_}
                      - entity-element alias suffix - 4_
                      - 4_entity-element suffixed key columns - id1_7_4_
                      - JOIN (JoinDefinedByMetadata(elements)) : <gen:3> -> <gen:4>
                         - EntityQuerySpaceImpl(uid=<gen:4>, entity=org.project.neutrino.nfvo.catalogue.mano.descriptor.VNFDDeploymentFlavour)
                            - SQL table alias mapping - vnfddeploy4_
                            - alias suffix - 4_
                            - suffixed key columns - {id1_7_4_}
          - JOIN (JoinDefinedByMetadata(target)) : <gen:0> -> <gen:6>
             - EntityQuerySpaceImpl(uid=<gen:6>, entity=org.project.neutrino.nfvo.catalogue.mano.descriptor.VirtualNetworkFunctionDescriptor)
                - SQL table alias mapping - virtualnet5_
                - alias suffix - 5_
                - suffixed key columns - {id1_27_5_}

14:11:15.325 [Test worker] DEBUG o.h.loader.entity.plan.EntityLoader - Static select for entity org.project.neutrino.nfvo.catalogue.mano.common.VNFDependency [NONE]: select vnfdepende0_.id as id1_86_0_, vnfdepende0_.source_Id as source_I3_86_0_, vnfdepende0_.target_Id as target_I4_86_0_, vnfdepende0_.version as version2_86_0_, virtualnet1_.id as id1_27_1_, virtualnet1_.hb_version as hb_versi2_27_1_, virtualnet1_.vendor as vendor3_27_1_, virtualnet1_.version as version4_27_1_, virtualnet1_.descriptor_version as descript1_62_1_, virtualnet1_.manifest_file as manifest2_62_1_, monitoring2_.nfventity_descriptor_Id as nfventit1_27_2_, monitoring2_.monitoring_parameter as monitori2_31_2_, deployment3_.virtual_network_function_descriptor_Id as virtual_1_27_3_, vnfddeploy4_.id as deployme2_63_3_, vnfddeploy4_.id as id1_7_4_, vnfddeploy4_.flavour_key as flavour_2_7_4_, vnfddeploy4_.version as version3_7_4_, virtualnet5_.id as id1_27_5_, virtualnet5_.hb_version as hb_versi2_27_5_, virtualnet5_.vendor as vendor3_27_5_, virtualnet5_.version as version4_27_5_, virtualnet5_.descriptor_version as descript1_62_5_, virtualnet5_.manifest_file as manifest2_62_5_ from vnfdependency vnfdepende0_ left outer join virtual_network_function_descriptor virtualnet1_ on vnfdepende0_.source_Id=virtualnet1_.id left outer join nfventity_descriptor_monitoring_parameter monitoring2_ on virtualnet1_.id=monitoring2_.nfventity_descriptor_Id left outer join virtual_network_function_descriptor_deployment_flavour deployment3_ on virtualnet1_.id=deployment3_.virtual_network_function_descriptor_Id left outer join vnfddeployment_flavour vnfddeploy4_ on deployment3_.deployment_flavour_id=vnfddeploy4_.id left outer join virtual_network_function_descriptor virtualnet5_ on vnfdepende0_.target_Id=virtualnet5_.id where vnfdepende0_.id=?
14:11:15.325 [Test worker] DEBUG o.h.l.p.b.i.spaces.QuerySpacesImpl - Adding QuerySpace : uid = <gen:0> -> org.hibernate.loader.plan.build.internal.spaces.EntityQuerySpaceImpl@e8ebac1]
14:11:15.325 [Test worker] DEBUG o.h.p.w.spi.MetamodelGraphWalker - Visiting attribute path : source
14:11:15.325 [Test worker] DEBUG o.h.l.p.b.i.spaces.QuerySpacesImpl - Adding QuerySpace : uid = <gen:1> -> org.hibernate.loader.plan.build.internal.spaces.EntityQuerySpaceImpl@39edbe5d]
14:11:15.325 [Test worker] DEBUG o.h.p.w.spi.MetamodelGraphWalker - Visiting attribute path : source.auto_scale_policy
14:11:15.325 [Test worker] DEBUG o.h.p.w.spi.MetamodelGraphWalker - Visiting attribute path : source.connection_point
14:11:15.326 [Test worker] DEBUG o.h.p.w.spi.MetamodelGraphWalker - Visiting attribute path : source.hb_version
14:11:15.326 [Test worker] DEBUG o.h.p.w.spi.MetamodelGraphWalker - Visiting attribute path : source.lifecycle_event
14:11:15.326 [Test worker] DEBUG o.h.p.w.spi.MetamodelGraphWalker - Visiting attribute path : source.monitoring_parameter
14:11:15.326 [Test worker] DEBUG o.h.l.p.b.i.spaces.QuerySpacesImpl - Adding QuerySpace : uid = <gen:2> -> org.hibernate.loader.plan.build.internal.spaces.CollectionQuerySpaceImpl@5f4df37f]
14:11:15.326 [Test worker] DEBUG o.h.p.w.spi.MetamodelGraphWalker - Visiting attribute path : source.service_deployment_flavour
14:11:15.326 [Test worker] DEBUG o.h.p.w.spi.MetamodelGraphWalker - Visiting attribute path : source.vendor
14:11:15.326 [Test worker] DEBUG o.h.p.w.spi.MetamodelGraphWalker - Visiting attribute path : source.version
14:11:15.326 [Test worker] DEBUG o.h.p.w.spi.MetamodelGraphWalker - Visiting attribute path : source.vld
14:11:15.326 [Test worker] DEBUG o.h.p.w.spi.MetamodelGraphWalker - Visiting attribute path : source.vnffgd
14:11:15.326 [Test worker] DEBUG o.h.p.w.spi.MetamodelGraphWalker - Visiting attribute path : source.deployment_flavour
14:11:15.326 [Test worker] DEBUG o.h.l.p.b.i.spaces.QuerySpacesImpl - Adding QuerySpace : uid = <gen:3> -> org.hibernate.loader.plan.build.internal.spaces.CollectionQuerySpaceImpl@6a404134]
14:11:15.326 [Test worker] DEBUG o.h.l.p.b.i.spaces.QuerySpacesImpl - Adding QuerySpace : uid = <gen:4> -> org.hibernate.loader.plan.build.internal.spaces.EntityQuerySpaceImpl@2078f36b]
14:11:15.327 [Test worker] DEBUG o.h.p.w.spi.MetamodelGraphWalker - Visiting attribute path : source.deployment_flavour.flavour_key
14:11:15.327 [Test worker] DEBUG o.h.p.w.spi.MetamodelGraphWalker - Visiting attribute path : source.deployment_flavour.version
14:11:15.327 [Test worker] DEBUG o.h.p.w.spi.MetamodelGraphWalker - Visiting attribute path : source.deployment_flavour.costituent_vdu
14:11:15.327 [Test worker] DEBUG o.h.p.w.spi.MetamodelGraphWalker - Visiting attribute path : source.deployment_flavour.df_constraint
14:11:15.327 [Test worker] DEBUG o.h.l.p.b.i.spaces.QuerySpacesImpl - Adding QuerySpace : uid = <gen:5> -> org.hibernate.loader.plan.build.internal.spaces.CollectionQuerySpaceImpl@4188909]
14:11:15.327 [Test worker] DEBUG o.h.p.w.spi.MetamodelGraphWalker - Visiting attribute path : source.descriptor_version
14:11:15.327 [Test worker] DEBUG o.h.p.w.spi.MetamodelGraphWalker - Visiting attribute path : source.manifest_file
14:11:15.327 [Test worker] DEBUG o.h.p.w.spi.MetamodelGraphWalker - Visiting attribute path : source.manifest_file_security
14:11:15.327 [Test worker] DEBUG o.h.p.w.spi.MetamodelGraphWalker - Visiting attribute path : source.vdu
14:11:15.327 [Test worker] DEBUG o.h.p.w.spi.MetamodelGraphWalker - Visiting attribute path : source.vdu_dependency
14:11:15.327 [Test worker] DEBUG o.h.p.w.spi.MetamodelGraphWalker - Visiting attribute path : source.virtual_link
14:11:15.327 [Test worker] DEBUG o.h.p.w.spi.MetamodelGraphWalker - Visiting attribute path : target
14:11:15.328 [Test worker] DEBUG o.h.l.p.b.i.spaces.QuerySpacesImpl - Adding QuerySpace : uid = <gen:6> -> org.hibernate.loader.plan.build.internal.spaces.EntityQuerySpaceImpl@66ccaff8]
14:11:15.328 [Test worker] DEBUG o.h.p.w.spi.MetamodelGraphWalker - Visiting attribute path : target.auto_scale_policy
14:11:15.328 [Test worker] DEBUG o.h.p.w.spi.MetamodelGraphWalker - Visiting attribute path : target.connection_point
14:11:15.328 [Test worker] DEBUG o.h.p.w.spi.MetamodelGraphWalker - Visiting attribute path : target.hb_version
14:11:15.328 [Test worker] DEBUG o.h.p.w.spi.MetamodelGraphWalker - Visiting attribute path : target.lifecycle_event
14:11:15.328 [Test worker] DEBUG o.h.p.w.spi.MetamodelGraphWalker - Visiting attribute path : target.monitoring_parameter
14:11:15.328 [Test worker] DEBUG o.h.p.w.spi.MetamodelGraphWalker - Property path deemed to be circular : target.monitoring_parameter
14:11:15.328 [Test worker] DEBUG o.h.p.w.spi.MetamodelGraphWalker - Visiting attribute path : target.service_deployment_flavour
14:11:15.328 [Test worker] DEBUG o.h.p.w.spi.MetamodelGraphWalker - Visiting attribute path : target.vendor
14:11:15.328 [Test worker] DEBUG o.h.p.w.spi.MetamodelGraphWalker - Visiting attribute path : target.version
14:11:15.328 [Test worker] DEBUG o.h.p.w.spi.MetamodelGraphWalker - Visiting attribute path : target.vld
14:11:15.328 [Test worker] DEBUG o.h.p.w.spi.MetamodelGraphWalker - Visiting attribute path : target.vnffgd
14:11:15.328 [Test worker] DEBUG o.h.p.w.spi.MetamodelGraphWalker - Visiting attribute path : target.deployment_flavour
14:11:15.328 [Test worker] DEBUG o.h.p.w.spi.MetamodelGraphWalker - Property path deemed to be circular : target.deployment_flavour
14:11:15.328 [Test worker] DEBUG o.h.p.w.spi.MetamodelGraphWalker - Visiting attribute path : target.descriptor_version
14:11:15.328 [Test worker] DEBUG o.h.p.w.spi.MetamodelGraphWalker - Visiting attribute path : target.manifest_file
14:11:15.329 [Test worker] DEBUG o.h.p.w.spi.MetamodelGraphWalker - Visiting attribute path : target.manifest_file_security
14:11:15.329 [Test worker] DEBUG o.h.p.w.spi.MetamodelGraphWalker - Visiting attribute path : target.vdu
14:11:15.329 [Test worker] DEBUG o.h.p.w.spi.MetamodelGraphWalker - Visiting attribute path : target.vdu_dependency
14:11:15.329 [Test worker] DEBUG o.h.p.w.spi.MetamodelGraphWalker - Visiting attribute path : target.virtual_link
14:11:15.329 [Test worker] DEBUG o.h.p.w.spi.MetamodelGraphWalker - Visiting attribute path : version
14:11:15.329 [Test worker] DEBUG o.h.l.p.b.i.FetchStyleLoadPlanBuildingAssociationVisitationStrategy - Building LoadPlan...
14:11:15.329 [Test worker] DEBUG o.h.l.p.e.i.LoadQueryJoinAndFetchProcessor - processing queryspace <gen:0>
14:11:15.330 [Test worker] DEBUG o.h.l.p.b.spi.LoadPlanTreePrinter - LoadPlan(entity=org.project.neutrino.nfvo.catalogue.mano.common.VNFDependency)
    - Returns
       - EntityReturnImpl(entity=org.project.neutrino.nfvo.catalogue.mano.common.VNFDependency, querySpaceUid=<gen:0>, path=org.project.neutrino.nfvo.catalogue.mano.common.VNFDependency)
          - EntityAttributeFetchImpl(entity=org.project.neutrino.nfvo.catalogue.mano.descriptor.VirtualNetworkFunctionDescriptor, querySpaceUid=<gen:1>, path=org.project.neutrino.nfvo.catalogue.mano.common.VNFDependency.source)
             - CollectionAttributeFetchImpl(collection=org.project.neutrino.nfvo.catalogue.mano.common.NFVEntityDescriptor.monitoring_parameter, querySpaceUid=<gen:2>, path=org.project.neutrino.nfvo.catalogue.mano.common.VNFDependency.source.monitoring_parameter)
             - CollectionAttributeFetchImpl(collection=org.project.neutrino.nfvo.catalogue.mano.descriptor.VirtualNetworkFunctionDescriptor.deployment_flavour, querySpaceUid=<gen:3>, path=org.project.neutrino.nfvo.catalogue.mano.common.VNFDependency.source.deployment_flavour)
                - (collection element) CollectionFetchableElementEntityGraph(entity=org.project.neutrino.nfvo.catalogue.mano.descriptor.VNFDDeploymentFlavour, querySpaceUid=<gen:4>, path=org.project.neutrino.nfvo.catalogue.mano.common.VNFDependency.source.deployment_flavour.<elements>)
                   - CollectionAttributeFetchImpl(collection=org.project.neutrino.nfvo.catalogue.mano.descriptor.VNFDDeploymentFlavour.df_constraint, querySpaceUid=<gen:5>, path=org.project.neutrino.nfvo.catalogue.mano.common.VNFDependency.source.deployment_flavour.<elements>.df_constraint)
          - EntityAttributeFetchImpl(entity=org.project.neutrino.nfvo.catalogue.mano.descriptor.VirtualNetworkFunctionDescriptor, querySpaceUid=<gen:6>, path=org.project.neutrino.nfvo.catalogue.mano.common.VNFDependency.target)
    - QuerySpaces
       - EntityQuerySpaceImpl(uid=<gen:0>, entity=org.project.neutrino.nfvo.catalogue.mano.common.VNFDependency)
          - SQL table alias mapping - vnfdepende0_
          - alias suffix - 0_
          - suffixed key columns - {id1_86_0_}
          - JOIN (JoinDefinedByMetadata(source)) : <gen:0> -> <gen:1>
             - EntityQuerySpaceImpl(uid=<gen:1>, entity=org.project.neutrino.nfvo.catalogue.mano.descriptor.VirtualNetworkFunctionDescriptor)
                - SQL table alias mapping - virtualnet1_
                - alias suffix - 1_
                - suffixed key columns - {id1_27_1_}
                - JOIN (JoinDefinedByMetadata(monitoring_parameter)) : <gen:1> -> <gen:2>
                   - CollectionQuerySpaceImpl(uid=<gen:2>, collection=org.project.neutrino.nfvo.catalogue.mano.common.NFVEntityDescriptor.monitoring_parameter)
                      - SQL table alias mapping - monitoring2_
                      - alias suffix - 2_
                      - suffixed key columns - {nfventit1_27_2_}
                - JOIN (JoinDefinedByMetadata(deployment_flavour)) : <gen:1> -> <gen:3>
                   - CollectionQuerySpaceImpl(uid=<gen:3>, collection=org.project.neutrino.nfvo.catalogue.mano.descriptor.VirtualNetworkFunctionDescriptor.deployment_flavour)
                      - SQL table alias mapping - deployment3_
                      - alias suffix - 3_
                      - suffixed key columns - {virtual_1_27_3_}
                      - entity-element alias suffix - 4_
                      - 4_entity-element suffixed key columns - id1_7_4_
                      - JOIN (JoinDefinedByMetadata(elements)) : <gen:3> -> <gen:4>
                         - EntityQuerySpaceImpl(uid=<gen:4>, entity=org.project.neutrino.nfvo.catalogue.mano.descriptor.VNFDDeploymentFlavour)
                            - SQL table alias mapping - vnfddeploy4_
                            - alias suffix - 4_
                            - suffixed key columns - {id1_7_4_}
          - JOIN (JoinDefinedByMetadata(target)) : <gen:0> -> <gen:6>
             - EntityQuerySpaceImpl(uid=<gen:6>, entity=org.project.neutrino.nfvo.catalogue.mano.descriptor.VirtualNetworkFunctionDescriptor)
                - SQL table alias mapping - virtualnet5_
                - alias suffix - 5_
                - suffixed key columns - {id1_27_5_}

14:11:15.330 [Test worker] DEBUG o.h.loader.entity.plan.EntityLoader - Static select for entity org.project.neutrino.nfvo.catalogue.mano.common.VNFDependency [READ]: select vnfdepende0_.id as id1_86_0_, vnfdepende0_.source_Id as source_I3_86_0_, vnfdepende0_.target_Id as target_I4_86_0_, vnfdepende0_.version as version2_86_0_, virtualnet1_.id as id1_27_1_, virtualnet1_.hb_version as hb_versi2_27_1_, virtualnet1_.vendor as vendor3_27_1_, virtualnet1_.version as version4_27_1_, virtualnet1_.descriptor_version as descript1_62_1_, virtualnet1_.manifest_file as manifest2_62_1_, monitoring2_.nfventity_descriptor_Id as nfventit1_27_2_, monitoring2_.monitoring_parameter as monitori2_31_2_, deployment3_.virtual_network_function_descriptor_Id as virtual_1_27_3_, vnfddeploy4_.id as deployme2_63_3_, vnfddeploy4_.id as id1_7_4_, vnfddeploy4_.flavour_key as flavour_2_7_4_, vnfddeploy4_.version as version3_7_4_, virtualnet5_.id as id1_27_5_, virtualnet5_.hb_version as hb_versi2_27_5_, virtualnet5_.vendor as vendor3_27_5_, virtualnet5_.version as version4_27_5_, virtualnet5_.descriptor_version as descript1_62_5_, virtualnet5_.manifest_file as manifest2_62_5_ from vnfdependency vnfdepende0_ left outer join virtual_network_function_descriptor virtualnet1_ on vnfdepende0_.source_Id=virtualnet1_.id left outer join nfventity_descriptor_monitoring_parameter monitoring2_ on virtualnet1_.id=monitoring2_.nfventity_descriptor_Id left outer join virtual_network_function_descriptor_deployment_flavour deployment3_ on virtualnet1_.id=deployment3_.virtual_network_function_descriptor_Id left outer join vnfddeployment_flavour vnfddeploy4_ on deployment3_.deployment_flavour_id=vnfddeploy4_.id left outer join virtual_network_function_descriptor virtualnet5_ on vnfdepende0_.target_Id=virtualnet5_.id where vnfdepende0_.id=?
14:11:15.330 [Test worker] DEBUG o.h.l.p.b.i.spaces.QuerySpacesImpl - Adding QuerySpace : uid = <gen:0> -> org.hibernate.loader.plan.build.internal.spaces.EntityQuerySpaceImpl@4d657c03]
14:11:15.330 [Test worker] DEBUG o.h.p.w.spi.MetamodelGraphWalker - Visiting attribute path : source
14:11:15.330 [Test worker] DEBUG o.h.l.p.b.i.spaces.QuerySpacesImpl - Adding QuerySpace : uid = <gen:1> -> org.hibernate.loader.plan.build.internal.spaces.EntityQuerySpaceImpl@3f52a5a2]
14:11:15.331 [Test worker] DEBUG o.h.p.w.spi.MetamodelGraphWalker - Visiting attribute path : target
14:11:15.331 [Test worker] DEBUG o.h.l.p.b.i.spaces.QuerySpacesImpl - Adding QuerySpace : uid = <gen:2> -> org.hibernate.loader.plan.build.internal.spaces.EntityQuerySpaceImpl@4af84f28]
14:11:15.331 [Test worker] DEBUG o.h.p.w.spi.MetamodelGraphWalker - Visiting attribute path : version
14:11:15.331 [Test worker] DEBUG o.h.l.p.b.i.FetchStyleLoadPlanBuildingAssociationVisitationStrategy - Building LoadPlan...
14:11:15.331 [Test worker] DEBUG o.h.l.p.e.i.LoadQueryJoinAndFetchProcessor - processing queryspace <gen:0>
14:11:15.332 [Test worker] DEBUG o.h.l.p.b.spi.LoadPlanTreePrinter - LoadPlan(entity=org.project.neutrino.nfvo.catalogue.mano.common.VNFDependency)
    - Returns
       - EntityReturnImpl(entity=org.project.neutrino.nfvo.catalogue.mano.common.VNFDependency, querySpaceUid=<gen:0>, path=org.project.neutrino.nfvo.catalogue.mano.common.VNFDependency)
          - EntityAttributeFetchImpl(entity=org.project.neutrino.nfvo.catalogue.mano.descriptor.VirtualNetworkFunctionDescriptor, querySpaceUid=<gen:1>, path=org.project.neutrino.nfvo.catalogue.mano.common.VNFDependency.source)
          - EntityAttributeFetchImpl(entity=org.project.neutrino.nfvo.catalogue.mano.descriptor.VirtualNetworkFunctionDescriptor, querySpaceUid=<gen:2>, path=org.project.neutrino.nfvo.catalogue.mano.common.VNFDependency.target)
    - QuerySpaces
       - EntityQuerySpaceImpl(uid=<gen:0>, entity=org.project.neutrino.nfvo.catalogue.mano.common.VNFDependency)
          - SQL table alias mapping - vnfdepende0_
          - alias suffix - 0_
          - suffixed key columns - {id1_86_0_}

14:11:15.332 [Test worker] DEBUG o.h.loader.entity.plan.EntityLoader - Static select for entity org.project.neutrino.nfvo.catalogue.mano.common.VNFDependency [UPGRADE]: select vnfdepende0_.id as id1_86_0_, vnfdepende0_.source_Id as source_I3_86_0_, vnfdepende0_.target_Id as target_I4_86_0_, vnfdepende0_.version as version2_86_0_ from vnfdependency vnfdepende0_ where vnfdepende0_.id=? for update
14:11:15.332 [Test worker] DEBUG o.h.l.p.b.i.spaces.QuerySpacesImpl - Adding QuerySpace : uid = <gen:0> -> org.hibernate.loader.plan.build.internal.spaces.EntityQuerySpaceImpl@7414f18b]
14:11:15.332 [Test worker] DEBUG o.h.p.w.spi.MetamodelGraphWalker - Visiting attribute path : source
14:11:15.332 [Test worker] DEBUG o.h.l.p.b.i.spaces.QuerySpacesImpl - Adding QuerySpace : uid = <gen:1> -> org.hibernate.loader.plan.build.internal.spaces.EntityQuerySpaceImpl@2fe7c884]
14:11:15.332 [Test worker] DEBUG o.h.p.w.spi.MetamodelGraphWalker - Visiting attribute path : target
14:11:15.332 [Test worker] DEBUG o.h.l.p.b.i.spaces.QuerySpacesImpl - Adding QuerySpace : uid = <gen:2> -> org.hibernate.loader.plan.build.internal.spaces.EntityQuerySpaceImpl@1a1d6aae]
14:11:15.332 [Test worker] DEBUG o.h.p.w.spi.MetamodelGraphWalker - Visiting attribute path : version
14:11:15.333 [Test worker] DEBUG o.h.l.p.b.i.FetchStyleLoadPlanBuildingAssociationVisitationStrategy - Building LoadPlan...
14:11:15.333 [Test worker] DEBUG o.h.l.p.e.i.LoadQueryJoinAndFetchProcessor - processing queryspace <gen:0>
14:11:15.333 [Test worker] DEBUG o.h.l.p.b.spi.LoadPlanTreePrinter - LoadPlan(entity=org.project.neutrino.nfvo.catalogue.mano.common.VNFDependency)
    - Returns
       - EntityReturnImpl(entity=org.project.neutrino.nfvo.catalogue.mano.common.VNFDependency, querySpaceUid=<gen:0>, path=org.project.neutrino.nfvo.catalogue.mano.common.VNFDependency)
          - EntityAttributeFetchImpl(entity=org.project.neutrino.nfvo.catalogue.mano.descriptor.VirtualNetworkFunctionDescriptor, querySpaceUid=<gen:1>, path=org.project.neutrino.nfvo.catalogue.mano.common.VNFDependency.source)
          - EntityAttributeFetchImpl(entity=org.project.neutrino.nfvo.catalogue.mano.descriptor.VirtualNetworkFunctionDescriptor, querySpaceUid=<gen:2>, path=org.project.neutrino.nfvo.catalogue.mano.common.VNFDependency.target)
    - QuerySpaces
       - EntityQuerySpaceImpl(uid=<gen:0>, entity=org.project.neutrino.nfvo.catalogue.mano.common.VNFDependency)
          - SQL table alias mapping - vnfdepende0_
          - alias suffix - 0_
          - suffixed key columns - {id1_86_0_}

14:11:15.333 [Test worker] DEBUG o.h.loader.entity.plan.EntityLoader - Static select for entity org.project.neutrino.nfvo.catalogue.mano.common.VNFDependency [UPGRADE_NOWAIT]: select vnfdepende0_.id as id1_86_0_, vnfdepende0_.source_Id as source_I3_86_0_, vnfdepende0_.target_Id as target_I4_86_0_, vnfdepende0_.version as version2_86_0_ from vnfdependency vnfdepende0_ where vnfdepende0_.id=? for update
14:11:15.333 [Test worker] DEBUG o.h.l.p.b.i.spaces.QuerySpacesImpl - Adding QuerySpace : uid = <gen:0> -> org.hibernate.loader.plan.build.internal.spaces.EntityQuerySpaceImpl@146d2e7]
14:11:15.333 [Test worker] DEBUG o.h.p.w.spi.MetamodelGraphWalker - Visiting attribute path : source
14:11:15.333 [Test worker] DEBUG o.h.l.p.b.i.spaces.QuerySpacesImpl - Adding QuerySpace : uid = <gen:1> -> org.hibernate.loader.plan.build.internal.spaces.EntityQuerySpaceImpl@7cb9ded2]
14:11:15.333 [Test worker] DEBUG o.h.p.w.spi.MetamodelGraphWalker - Visiting attribute path : target
14:11:15.334 [Test worker] DEBUG o.h.l.p.b.i.spaces.QuerySpacesImpl - Adding QuerySpace : uid = <gen:2> -> org.hibernate.loader.plan.build.internal.spaces.EntityQuerySpaceImpl@ed3ecf7]
14:11:15.334 [Test worker] DEBUG o.h.p.w.spi.MetamodelGraphWalker - Visiting attribute path : version
14:11:15.334 [Test worker] DEBUG o.h.l.p.b.i.FetchStyleLoadPlanBuildingAssociationVisitationStrategy - Building LoadPlan...
14:11:15.334 [Test worker] DEBUG o.h.l.p.e.i.LoadQueryJoinAndFetchProcessor - processing queryspace <gen:0>
14:11:15.334 [Test worker] DEBUG o.h.l.p.b.spi.LoadPlanTreePrinter - LoadPlan(entity=org.project.neutrino.nfvo.catalogue.mano.common.VNFDependency)
    - Returns
       - EntityReturnImpl(entity=org.project.neutrino.nfvo.catalogue.mano.common.VNFDependency, querySpaceUid=<gen:0>, path=org.project.neutrino.nfvo.catalogue.mano.common.VNFDependency)
          - EntityAttributeFetchImpl(entity=org.project.neutrino.nfvo.catalogue.mano.descriptor.VirtualNetworkFunctionDescriptor, querySpaceUid=<gen:1>, path=org.project.neutrino.nfvo.catalogue.mano.common.VNFDependency.source)
          - EntityAttributeFetchImpl(entity=org.project.neutrino.nfvo.catalogue.mano.descriptor.VirtualNetworkFunctionDescriptor, querySpaceUid=<gen:2>, path=org.project.neutrino.nfvo.catalogue.mano.common.VNFDependency.target)
    - QuerySpaces
       - EntityQuerySpaceImpl(uid=<gen:0>, entity=org.project.neutrino.nfvo.catalogue.mano.common.VNFDependency)
          - SQL table alias mapping - vnfdepende0_
          - alias suffix - 0_
          - suffixed key columns - {id1_86_0_}

14:11:15.334 [Test worker] DEBUG o.h.loader.entity.plan.EntityLoader - Static select for entity org.project.neutrino.nfvo.catalogue.mano.common.VNFDependency [UPGRADE_SKIPLOCKED]: select vnfdepende0_.id as id1_86_0_, vnfdepende0_.source_Id as source_I3_86_0_, vnfdepende0_.target_Id as target_I4_86_0_, vnfdepende0_.version as version2_86_0_ from vnfdependency vnfdepende0_ where vnfdepende0_.id=? for update
14:11:15.334 [Test worker] DEBUG o.h.l.p.b.i.spaces.QuerySpacesImpl - Adding QuerySpace : uid = <gen:0> -> org.hibernate.loader.plan.build.internal.spaces.EntityQuerySpaceImpl@7b6a53bb]
14:11:15.334 [Test worker] DEBUG o.h.p.w.spi.MetamodelGraphWalker - Visiting attribute path : source
14:11:15.335 [Test worker] DEBUG o.h.l.p.b.i.spaces.QuerySpacesImpl - Adding QuerySpace : uid = <gen:1> -> org.hibernate.loader.plan.build.internal.spaces.EntityQuerySpaceImpl@49f0a1b]
14:11:15.335 [Test worker] DEBUG o.h.p.w.spi.MetamodelGraphWalker - Visiting attribute path : target
14:11:15.335 [Test worker] DEBUG o.h.l.p.b.i.spaces.QuerySpacesImpl - Adding QuerySpace : uid = <gen:2> -> org.hibernate.loader.plan.build.internal.spaces.EntityQuerySpaceImpl@655074fb]
14:11:15.335 [Test worker] DEBUG o.h.p.w.spi.MetamodelGraphWalker - Visiting attribute path : version
14:11:15.335 [Test worker] DEBUG o.h.l.p.b.i.FetchStyleLoadPlanBuildingAssociationVisitationStrategy - Building LoadPlan...
14:11:15.335 [Test worker] DEBUG o.h.l.p.e.i.LoadQueryJoinAndFetchProcessor - processing queryspace <gen:0>
14:11:15.335 [Test worker] DEBUG o.h.l.p.b.spi.LoadPlanTreePrinter - LoadPlan(entity=org.project.neutrino.nfvo.catalogue.mano.common.VNFDependency)
    - Returns
       - EntityReturnImpl(entity=org.project.neutrino.nfvo.catalogue.mano.common.VNFDependency, querySpaceUid=<gen:0>, path=org.project.neutrino.nfvo.catalogue.mano.common.VNFDependency)
          - EntityAttributeFetchImpl(entity=org.project.neutrino.nfvo.catalogue.mano.descriptor.VirtualNetworkFunctionDescriptor, querySpaceUid=<gen:1>, path=org.project.neutrino.nfvo.catalogue.mano.common.VNFDependency.source)
          - EntityAttributeFetchImpl(entity=org.project.neutrino.nfvo.catalogue.mano.descriptor.VirtualNetworkFunctionDescriptor, querySpaceUid=<gen:2>, path=org.project.neutrino.nfvo.catalogue.mano.common.VNFDependency.target)
    - QuerySpaces
       - EntityQuerySpaceImpl(uid=<gen:0>, entity=org.project.neutrino.nfvo.catalogue.mano.common.VNFDependency)
          - SQL table alias mapping - vnfdepende0_
          - alias suffix - 0_
          - suffixed key columns - {id1_86_0_}

14:11:15.335 [Test worker] DEBUG o.h.loader.entity.plan.EntityLoader - Static select for entity org.project.neutrino.nfvo.catalogue.mano.common.VNFDependency [FORCE]: select vnfdepende0_.id as id1_86_0_, vnfdepende0_.source_Id as source_I3_86_0_, vnfdepende0_.target_Id as target_I4_86_0_, vnfdepende0_.version as version2_86_0_ from vnfdependency vnfdepende0_ where vnfdepende0_.id=? for update
14:11:15.335 [Test worker] DEBUG o.h.l.p.b.i.spaces.QuerySpacesImpl - Adding QuerySpace : uid = <gen:0> -> org.hibernate.loader.plan.build.internal.spaces.EntityQuerySpaceImpl@5303eb4]
14:11:15.336 [Test worker] DEBUG o.h.p.w.spi.MetamodelGraphWalker - Visiting attribute path : source
14:11:15.336 [Test worker] DEBUG o.h.l.p.b.i.spaces.QuerySpacesImpl - Adding QuerySpace : uid = <gen:1> -> org.hibernate.loader.plan.build.internal.spaces.EntityQuerySpaceImpl@7bc68656]
14:11:15.336 [Test worker] DEBUG o.h.p.w.spi.MetamodelGraphWalker - Visiting attribute path : target
14:11:15.336 [Test worker] DEBUG o.h.l.p.b.i.spaces.QuerySpacesImpl - Adding QuerySpace : uid = <gen:2> -> org.hibernate.loader.plan.build.internal.spaces.EntityQuerySpaceImpl@269db796]
14:11:15.336 [Test worker] DEBUG o.h.p.w.spi.MetamodelGraphWalker - Visiting attribute path : version
14:11:15.336 [Test worker] DEBUG o.h.l.p.b.i.FetchStyleLoadPlanBuildingAssociationVisitationStrategy - Building LoadPlan...
14:11:15.336 [Test worker] DEBUG o.h.l.p.e.i.LoadQueryJoinAndFetchProcessor - processing queryspace <gen:0>
14:11:15.336 [Test worker] DEBUG o.h.l.p.b.spi.LoadPlanTreePrinter - LoadPlan(entity=org.project.neutrino.nfvo.catalogue.mano.common.VNFDependency)
    - Returns
       - EntityReturnImpl(entity=org.project.neutrino.nfvo.catalogue.mano.common.VNFDependency, querySpaceUid=<gen:0>, path=org.project.neutrino.nfvo.catalogue.mano.common.VNFDependency)
          - EntityAttributeFetchImpl(entity=org.project.neutrino.nfvo.catalogue.mano.descriptor.VirtualNetworkFunctionDescriptor, querySpaceUid=<gen:1>, path=org.project.neutrino.nfvo.catalogue.mano.common.VNFDependency.source)
          - EntityAttributeFetchImpl(entity=org.project.neutrino.nfvo.catalogue.mano.descriptor.VirtualNetworkFunctionDescriptor, querySpaceUid=<gen:2>, path=org.project.neutrino.nfvo.catalogue.mano.common.VNFDependency.target)
    - QuerySpaces
       - EntityQuerySpaceImpl(uid=<gen:0>, entity=org.project.neutrino.nfvo.catalogue.mano.common.VNFDependency)
          - SQL table alias mapping - vnfdepende0_
          - alias suffix - 0_
          - suffixed key columns - {id1_86_0_}

14:11:15.337 [Test worker] DEBUG o.h.loader.entity.plan.EntityLoader - Static select for entity org.project.neutrino.nfvo.catalogue.mano.common.VNFDependency [PESSIMISTIC_READ]: select vnfdepende0_.id as id1_86_0_, vnfdepende0_.source_Id as source_I3_86_0_, vnfdepende0_.target_Id as target_I4_86_0_, vnfdepende0_.version as version2_86_0_ from vnfdependency vnfdepende0_ where vnfdepende0_.id=? lock in share mode
14:11:15.337 [Test worker] DEBUG o.h.l.p.b.i.spaces.QuerySpacesImpl - Adding QuerySpace : uid = <gen:0> -> org.hibernate.loader.plan.build.internal.spaces.EntityQuerySpaceImpl@3c7feca8]
14:11:15.337 [Test worker] DEBUG o.h.p.w.spi.MetamodelGraphWalker - Visiting attribute path : source
14:11:15.337 [Test worker] DEBUG o.h.l.p.b.i.spaces.QuerySpacesImpl - Adding QuerySpace : uid = <gen:1> -> org.hibernate.loader.plan.build.internal.spaces.EntityQuerySpaceImpl@4c711978]
14:11:15.337 [Test worker] DEBUG o.h.p.w.spi.MetamodelGraphWalker - Visiting attribute path : target
14:11:15.337 [Test worker] DEBUG o.h.l.p.b.i.spaces.QuerySpacesImpl - Adding QuerySpace : uid = <gen:2> -> org.hibernate.loader.plan.build.internal.spaces.EntityQuerySpaceImpl@153f3c7d]
14:11:15.337 [Test worker] DEBUG o.h.p.w.spi.MetamodelGraphWalker - Visiting attribute path : version
14:11:15.337 [Test worker] DEBUG o.h.l.p.b.i.FetchStyleLoadPlanBuildingAssociationVisitationStrategy - Building LoadPlan...
14:11:15.337 [Test worker] DEBUG o.h.l.p.e.i.LoadQueryJoinAndFetchProcessor - processing queryspace <gen:0>
14:11:15.338 [Test worker] DEBUG o.h.l.p.b.spi.LoadPlanTreePrinter - LoadPlan(entity=org.project.neutrino.nfvo.catalogue.mano.common.VNFDependency)
    - Returns
       - EntityReturnImpl(entity=org.project.neutrino.nfvo.catalogue.mano.common.VNFDependency, querySpaceUid=<gen:0>, path=org.project.neutrino.nfvo.catalogue.mano.common.VNFDependency)
          - EntityAttributeFetchImpl(entity=org.project.neutrino.nfvo.catalogue.mano.descriptor.VirtualNetworkFunctionDescriptor, querySpaceUid=<gen:1>, path=org.project.neutrino.nfvo.catalogue.mano.common.VNFDependency.source)
          - EntityAttributeFetchImpl(entity=org.project.neutrino.nfvo.catalogue.mano.descriptor.VirtualNetworkFunctionDescriptor, querySpaceUid=<gen:2>, path=org.project.neutrino.nfvo.catalogue.mano.common.VNFDependency.target)
    - QuerySpaces
       - EntityQuerySpaceImpl(uid=<gen:0>, entity=org.project.neutrino.nfvo.catalogue.mano.common.VNFDependency)
          - SQL table alias mapping - vnfdepende0_
          - alias suffix - 0_
          - suffixed key columns - {id1_86_0_}

14:11:15.338 [Test worker] DEBUG o.h.loader.entity.plan.EntityLoader - Static select for entity org.project.neutrino.nfvo.catalogue.mano.common.VNFDependency [PESSIMISTIC_WRITE]: select vnfdepende0_.id as id1_86_0_, vnfdepende0_.source_Id as source_I3_86_0_, vnfdepende0_.target_Id as target_I4_86_0_, vnfdepende0_.version as version2_86_0_ from vnfdependency vnfdepende0_ where vnfdepende0_.id=? for update
14:11:15.338 [Test worker] DEBUG o.h.l.p.b.i.spaces.QuerySpacesImpl - Adding QuerySpace : uid = <gen:0> -> org.hibernate.loader.plan.build.internal.spaces.EntityQuerySpaceImpl@6a9c3d70]
14:11:15.338 [Test worker] DEBUG o.h.p.w.spi.MetamodelGraphWalker - Visiting attribute path : source
14:11:15.338 [Test worker] DEBUG o.h.l.p.b.i.spaces.QuerySpacesImpl - Adding QuerySpace : uid = <gen:1> -> org.hibernate.loader.plan.build.internal.spaces.EntityQuerySpaceImpl@2ca72c6c]
14:11:15.338 [Test worker] DEBUG o.h.p.w.spi.MetamodelGraphWalker - Visiting attribute path : target
14:11:15.338 [Test worker] DEBUG o.h.l.p.b.i.spaces.QuerySpacesImpl - Adding QuerySpace : uid = <gen:2> -> org.hibernate.loader.plan.build.internal.spaces.EntityQuerySpaceImpl@13557d5b]
14:11:15.338 [Test worker] DEBUG o.h.p.w.spi.MetamodelGraphWalker - Visiting attribute path : version
14:11:15.338 [Test worker] DEBUG o.h.l.p.b.i.FetchStyleLoadPlanBuildingAssociationVisitationStrategy - Building LoadPlan...
14:11:15.338 [Test worker] DEBUG o.h.l.p.e.i.LoadQueryJoinAndFetchProcessor - processing queryspace <gen:0>
14:11:15.339 [Test worker] DEBUG o.h.l.p.b.spi.LoadPlanTreePrinter - LoadPlan(entity=org.project.neutrino.nfvo.catalogue.mano.common.VNFDependency)
    - Returns
       - EntityReturnImpl(entity=org.project.neutrino.nfvo.catalogue.mano.common.VNFDependency, querySpaceUid=<gen:0>, path=org.project.neutrino.nfvo.catalogue.mano.common.VNFDependency)
          - EntityAttributeFetchImpl(entity=org.project.neutrino.nfvo.catalogue.mano.descriptor.VirtualNetworkFunctionDescriptor, querySpaceUid=<gen:1>, path=org.project.neutrino.nfvo.catalogue.mano.common.VNFDependency.source)
          - EntityAttributeFetchImpl(entity=org.project.neutrino.nfvo.catalogue.mano.descriptor.VirtualNetworkFunctionDescriptor, querySpaceUid=<gen:2>, path=org.project.neutrino.nfvo.catalogue.mano.common.VNFDependency.target)
    - QuerySpaces
       - EntityQuerySpaceImpl(uid=<gen:0>, entity=org.project.neutrino.nfvo.catalogue.mano.common.VNFDependency)
          - SQL table alias mapping - vnfdepende0_
          - alias suffix - 0_
          - suffixed key columns - {id1_86_0_}

14:11:15.339 [Test worker] DEBUG o.h.loader.entity.plan.EntityLoader - Static select for entity org.project.neutrino.nfvo.catalogue.mano.common.VNFDependency [PESSIMISTIC_FORCE_INCREMENT]: select vnfdepende0_.id as id1_86_0_, vnfdepende0_.source_Id as source_I3_86_0_, vnfdepende0_.target_Id as target_I4_86_0_, vnfdepende0_.version as version2_86_0_ from vnfdependency vnfdepende0_ where vnfdepende0_.id=? for update
14:11:15.339 [Test worker] DEBUG o.h.l.p.b.i.spaces.QuerySpacesImpl - Adding QuerySpace : uid = <gen:0> -> org.hibernate.loader.plan.build.internal.spaces.EntityQuerySpaceImpl@5198eb47]
14:11:15.339 [Test worker] DEBUG o.h.p.w.spi.MetamodelGraphWalker - Visiting attribute path : source
14:11:15.339 [Test worker] DEBUG o.h.l.p.b.i.spaces.QuerySpacesImpl - Adding QuerySpace : uid = <gen:1> -> org.hibernate.loader.plan.build.internal.spaces.EntityQuerySpaceImpl@1e59427c]
14:11:15.339 [Test worker] DEBUG o.h.p.w.spi.MetamodelGraphWalker - Visiting attribute path : target
14:11:15.339 [Test worker] DEBUG o.h.l.p.b.i.spaces.QuerySpacesImpl - Adding QuerySpace : uid = <gen:2> -> org.hibernate.loader.plan.build.internal.spaces.EntityQuerySpaceImpl@761bea74]
14:11:15.339 [Test worker] DEBUG o.h.p.w.spi.MetamodelGraphWalker - Visiting attribute path : version
14:11:15.340 [Test worker] DEBUG o.h.l.p.b.i.FetchStyleLoadPlanBuildingAssociationVisitationStrategy - Building LoadPlan...
14:11:15.340 [Test worker] DEBUG o.h.l.p.e.i.LoadQueryJoinAndFetchProcessor - processing queryspace <gen:0>
14:11:15.340 [Test worker] DEBUG o.h.l.p.b.spi.LoadPlanTreePrinter - LoadPlan(entity=org.project.neutrino.nfvo.catalogue.mano.common.VNFDependency)
    - Returns
       - EntityReturnImpl(entity=org.project.neutrino.nfvo.catalogue.mano.common.VNFDependency, querySpaceUid=<gen:0>, path=org.project.neutrino.nfvo.catalogue.mano.common.VNFDependency)
          - EntityAttributeFetchImpl(entity=org.project.neutrino.nfvo.catalogue.mano.descriptor.VirtualNetworkFunctionDescriptor, querySpaceUid=<gen:1>, path=org.project.neutrino.nfvo.catalogue.mano.common.VNFDependency.source)
          - EntityAttributeFetchImpl(entity=org.project.neutrino.nfvo.catalogue.mano.descriptor.VirtualNetworkFunctionDescriptor, querySpaceUid=<gen:2>, path=org.project.neutrino.nfvo.catalogue.mano.common.VNFDependency.target)
    - QuerySpaces
       - EntityQuerySpaceImpl(uid=<gen:0>, entity=org.project.neutrino.nfvo.catalogue.mano.common.VNFDependency)
          - SQL table alias mapping - vnfdepende0_
          - alias suffix - 0_
          - suffixed key columns - {id1_86_0_}

14:11:15.340 [Test worker] DEBUG o.h.loader.entity.plan.EntityLoader - Static select for entity org.project.neutrino.nfvo.catalogue.mano.common.VNFDependency [OPTIMISTIC]: select vnfdepende0_.id as id1_86_0_, vnfdepende0_.source_Id as source_I3_86_0_, vnfdepende0_.target_Id as target_I4_86_0_, vnfdepende0_.version as version2_86_0_ from vnfdependency vnfdepende0_ where vnfdepende0_.id=?
14:11:15.340 [Test worker] DEBUG o.h.l.p.b.i.spaces.QuerySpacesImpl - Adding QuerySpace : uid = <gen:0> -> org.hibernate.loader.plan.build.internal.spaces.EntityQuerySpaceImpl@22bda240]
14:11:15.340 [Test worker] DEBUG o.h.p.w.spi.MetamodelGraphWalker - Visiting attribute path : source
14:11:15.340 [Test worker] DEBUG o.h.l.p.b.i.spaces.QuerySpacesImpl - Adding QuerySpace : uid = <gen:1> -> org.hibernate.loader.plan.build.internal.spaces.EntityQuerySpaceImpl@515a1792]
14:11:15.340 [Test worker] DEBUG o.h.p.w.spi.MetamodelGraphWalker - Visiting attribute path : target
14:11:15.341 [Test worker] DEBUG o.h.l.p.b.i.spaces.QuerySpacesImpl - Adding QuerySpace : uid = <gen:2> -> org.hibernate.loader.plan.build.internal.spaces.EntityQuerySpaceImpl@71c19bf7]
14:11:15.341 [Test worker] DEBUG o.h.p.w.spi.MetamodelGraphWalker - Visiting attribute path : version
14:11:15.341 [Test worker] DEBUG o.h.l.p.b.i.FetchStyleLoadPlanBuildingAssociationVisitationStrategy - Building LoadPlan...
14:11:15.341 [Test worker] DEBUG o.h.l.p.e.i.LoadQueryJoinAndFetchProcessor - processing queryspace <gen:0>
14:11:15.341 [Test worker] DEBUG o.h.l.p.b.spi.LoadPlanTreePrinter - LoadPlan(entity=org.project.neutrino.nfvo.catalogue.mano.common.VNFDependency)
    - Returns
       - EntityReturnImpl(entity=org.project.neutrino.nfvo.catalogue.mano.common.VNFDependency, querySpaceUid=<gen:0>, path=org.project.neutrino.nfvo.catalogue.mano.common.VNFDependency)
          - EntityAttributeFetchImpl(entity=org.project.neutrino.nfvo.catalogue.mano.descriptor.VirtualNetworkFunctionDescriptor, querySpaceUid=<gen:1>, path=org.project.neutrino.nfvo.catalogue.mano.common.VNFDependency.source)
          - EntityAttributeFetchImpl(entity=org.project.neutrino.nfvo.catalogue.mano.descriptor.VirtualNetworkFunctionDescriptor, querySpaceUid=<gen:2>, path=org.project.neutrino.nfvo.catalogue.mano.common.VNFDependency.target)
    - QuerySpaces
       - EntityQuerySpaceImpl(uid=<gen:0>, entity=org.project.neutrino.nfvo.catalogue.mano.common.VNFDependency)
          - SQL table alias mapping - vnfdepende0_
          - alias suffix - 0_
          - suffixed key columns - {id1_86_0_}

14:11:15.341 [Test worker] DEBUG o.h.loader.entity.plan.EntityLoader - Static select for entity org.project.neutrino.nfvo.catalogue.mano.common.VNFDependency [OPTIMISTIC_FORCE_INCREMENT]: select vnfdepende0_.id as id1_86_0_, vnfdepende0_.source_Id as source_I3_86_0_, vnfdepende0_.target_Id as target_I4_86_0_, vnfdepende0_.version as version2_86_0_ from vnfdependency vnfdepende0_ where vnfdepende0_.id=?
14:11:15.342 [Test worker] DEBUG org.hibernate.loader.Loader - Static select for action ACTION_MERGE on entity org.project.neutrino.nfvo.catalogue.mano.common.VNFDependency: select vnfdepende0_.id as id1_86_3_, vnfdepende0_.source_Id as source_I3_86_3_, vnfdepende0_.target_Id as target_I4_86_3_, vnfdepende0_.version as version2_86_3_, virtualnet1_.id as id1_27_0_, virtualnet1_.hb_version as hb_versi2_27_0_, virtualnet1_.vendor as vendor3_27_0_, virtualnet1_.version as version4_27_0_, virtualnet1_.descriptor_version as descript1_62_0_, virtualnet1_.manifest_file as manifest2_62_0_, auto_scale2_.nfventity_descriptor_Id as nfventit1_27_5_, autoscalep3_.id as auto_sca2_28_5_, autoscalep3_.id as id1_3_1_, autoscalep3_.version as version2_3_1_, virtualnet4_.id as id1_27_2_, virtualnet4_.hb_version as hb_versi2_27_2_, virtualnet4_.vendor as vendor3_27_2_, virtualnet4_.version as version4_27_2_, virtualnet4_.descriptor_version as descript1_62_2_, virtualnet4_.manifest_file as manifest2_62_2_ from vnfdependency vnfdepende0_ left outer join virtual_network_function_descriptor virtualnet1_ on vnfdepende0_.source_Id=virtualnet1_.id left outer join nfventity_descriptor_auto_scale_policy auto_scale2_ on virtualnet1_.id=auto_scale2_.nfventity_descriptor_Id left outer join auto_scale_policy autoscalep3_ on auto_scale2_.auto_scale_policy_id=autoscalep3_.id left outer join virtual_network_function_descriptor virtualnet4_ on vnfdepende0_.target_Id=virtualnet4_.id where vnfdepende0_.id=?
14:11:15.342 [Test worker] DEBUG org.hibernate.loader.Loader - Static select for action ACTION_REFRESH on entity org.project.neutrino.nfvo.catalogue.mano.common.VNFDependency: select vnfdepende0_.id as id1_86_0_, vnfdepende0_.source_Id as source_I3_86_0_, vnfdepende0_.target_Id as target_I4_86_0_, vnfdepende0_.version as version2_86_0_ from vnfdependency vnfdepende0_ where vnfdepende0_.id=?
14:11:15.343 [Test worker] DEBUG o.h.p.entity.AbstractEntityPersister - Static SQL for entity: org.project.neutrino.nfvo.catalogue.mano.common.ServiceDeploymentFlavour
14:11:15.343 [Test worker] DEBUG o.h.p.entity.AbstractEntityPersister -  Version select: select version from service_deployment_flavour where id =?
14:11:15.343 [Test worker] DEBUG o.h.p.entity.AbstractEntityPersister -  Snapshot select: select servicedep_.id, servicedep_.flavour_key as flavour_2_7_, servicedep_.version as version3_7_ from service_deployment_flavour servicedep_ where servicedep_.id=?
14:11:15.343 [Test worker] DEBUG o.h.p.entity.AbstractEntityPersister -  Insert 0: insert into service_deployment_flavour (flavour_key, version, id) values (?, ?, ?)
14:11:15.343 [Test worker] DEBUG o.h.p.entity.AbstractEntityPersister -  Update 0: update service_deployment_flavour set flavour_key=?, version=? where id=? and version=?
14:11:15.343 [Test worker] DEBUG o.h.p.entity.AbstractEntityPersister -  Delete 0: delete from service_deployment_flavour where id=? and version=?
14:11:15.343 [Test worker] DEBUG o.h.l.p.b.i.spaces.QuerySpacesImpl - Adding QuerySpace : uid = <gen:0> -> org.hibernate.loader.plan.build.internal.spaces.EntityQuerySpaceImpl@5de6af79]
14:11:15.343 [Test worker] DEBUG o.h.p.w.spi.MetamodelGraphWalker - Visiting attribute path : flavour_key
14:11:15.343 [Test worker] DEBUG o.h.p.w.spi.MetamodelGraphWalker - Visiting attribute path : version
14:11:15.343 [Test worker] DEBUG o.h.p.w.spi.MetamodelGraphWalker - Visiting attribute path : constituent_vnf
14:11:15.343 [Test worker] DEBUG o.h.l.p.b.i.FetchStyleLoadPlanBuildingAssociationVisitationStrategy - Building LoadPlan...
14:11:15.343 [Test worker] DEBUG o.h.l.p.e.i.LoadQueryJoinAndFetchProcessor - processing queryspace <gen:0>
14:11:15.344 [Test worker] DEBUG o.h.l.p.b.spi.LoadPlanTreePrinter - LoadPlan(entity=org.project.neutrino.nfvo.catalogue.mano.common.ServiceDeploymentFlavour)
    - Returns
       - EntityReturnImpl(entity=org.project.neutrino.nfvo.catalogue.mano.common.ServiceDeploymentFlavour, querySpaceUid=<gen:0>, path=org.project.neutrino.nfvo.catalogue.mano.common.ServiceDeploymentFlavour)
    - QuerySpaces
       - EntityQuerySpaceImpl(uid=<gen:0>, entity=org.project.neutrino.nfvo.catalogue.mano.common.ServiceDeploymentFlavour)
          - SQL table alias mapping - servicedep0_
          - alias suffix - 0_
          - suffixed key columns - {id1_7_0_}

14:11:15.344 [Test worker] DEBUG o.h.loader.entity.plan.EntityLoader - Static select for entity org.project.neutrino.nfvo.catalogue.mano.common.ServiceDeploymentFlavour [NONE]: select servicedep0_.id as id1_7_0_, servicedep0_.flavour_key as flavour_2_7_0_, servicedep0_.version as version3_7_0_ from service_deployment_flavour servicedep0_ where servicedep0_.id=?
14:11:15.344 [Test worker] DEBUG o.h.l.p.b.i.spaces.QuerySpacesImpl - Adding QuerySpace : uid = <gen:0> -> org.hibernate.loader.plan.build.internal.spaces.EntityQuerySpaceImpl@756c99c2]
14:11:15.344 [Test worker] DEBUG o.h.p.w.spi.MetamodelGraphWalker - Visiting attribute path : flavour_key
14:11:15.344 [Test worker] DEBUG o.h.p.w.spi.MetamodelGraphWalker - Visiting attribute path : version
14:11:15.344 [Test worker] DEBUG o.h.p.w.spi.MetamodelGraphWalker - Visiting attribute path : constituent_vnf
14:11:15.344 [Test worker] DEBUG o.h.l.p.b.i.FetchStyleLoadPlanBuildingAssociationVisitationStrategy - Building LoadPlan...
14:11:15.344 [Test worker] DEBUG o.h.l.p.e.i.LoadQueryJoinAndFetchProcessor - processing queryspace <gen:0>
14:11:15.345 [Test worker] DEBUG o.h.l.p.b.spi.LoadPlanTreePrinter - LoadPlan(entity=org.project.neutrino.nfvo.catalogue.mano.common.ServiceDeploymentFlavour)
    - Returns
       - EntityReturnImpl(entity=org.project.neutrino.nfvo.catalogue.mano.common.ServiceDeploymentFlavour, querySpaceUid=<gen:0>, path=org.project.neutrino.nfvo.catalogue.mano.common.ServiceDeploymentFlavour)
    - QuerySpaces
       - EntityQuerySpaceImpl(uid=<gen:0>, entity=org.project.neutrino.nfvo.catalogue.mano.common.ServiceDeploymentFlavour)
          - SQL table alias mapping - servicedep0_
          - alias suffix - 0_
          - suffixed key columns - {id1_7_0_}

14:11:15.345 [Test worker] DEBUG o.h.loader.entity.plan.EntityLoader - Static select for entity org.project.neutrino.nfvo.catalogue.mano.common.ServiceDeploymentFlavour [READ]: select servicedep0_.id as id1_7_0_, servicedep0_.flavour_key as flavour_2_7_0_, servicedep0_.version as version3_7_0_ from service_deployment_flavour servicedep0_ where servicedep0_.id=?
14:11:15.345 [Test worker] DEBUG o.h.l.p.b.i.spaces.QuerySpacesImpl - Adding QuerySpace : uid = <gen:0> -> org.hibernate.loader.plan.build.internal.spaces.EntityQuerySpaceImpl@5db0ce7d]
14:11:15.345 [Test worker] DEBUG o.h.p.w.spi.MetamodelGraphWalker - Visiting attribute path : flavour_key
14:11:15.345 [Test worker] DEBUG o.h.p.w.spi.MetamodelGraphWalker - Visiting attribute path : version
14:11:15.345 [Test worker] DEBUG o.h.p.w.spi.MetamodelGraphWalker - Visiting attribute path : constituent_vnf
14:11:15.345 [Test worker] DEBUG o.h.l.p.b.i.FetchStyleLoadPlanBuildingAssociationVisitationStrategy - Building LoadPlan...
14:11:15.345 [Test worker] DEBUG o.h.l.p.e.i.LoadQueryJoinAndFetchProcessor - processing queryspace <gen:0>
14:11:15.345 [Test worker] DEBUG o.h.l.p.b.spi.LoadPlanTreePrinter - LoadPlan(entity=org.project.neutrino.nfvo.catalogue.mano.common.ServiceDeploymentFlavour)
    - Returns
       - EntityReturnImpl(entity=org.project.neutrino.nfvo.catalogue.mano.common.ServiceDeploymentFlavour, querySpaceUid=<gen:0>, path=org.project.neutrino.nfvo.catalogue.mano.common.ServiceDeploymentFlavour)
    - QuerySpaces
       - EntityQuerySpaceImpl(uid=<gen:0>, entity=org.project.neutrino.nfvo.catalogue.mano.common.ServiceDeploymentFlavour)
          - SQL table alias mapping - servicedep0_
          - alias suffix - 0_
          - suffixed key columns - {id1_7_0_}

14:11:15.346 [Test worker] DEBUG o.h.loader.entity.plan.EntityLoader - Static select for entity org.project.neutrino.nfvo.catalogue.mano.common.ServiceDeploymentFlavour [UPGRADE]: select servicedep0_.id as id1_7_0_, servicedep0_.flavour_key as flavour_2_7_0_, servicedep0_.version as version3_7_0_ from service_deployment_flavour servicedep0_ where servicedep0_.id=? for update
14:11:15.346 [Test worker] DEBUG o.h.l.p.b.i.spaces.QuerySpacesImpl - Adding QuerySpace : uid = <gen:0> -> org.hibernate.loader.plan.build.internal.spaces.EntityQuerySpaceImpl@3b0b9e3a]
14:11:15.346 [Test worker] DEBUG o.h.p.w.spi.MetamodelGraphWalker - Visiting attribute path : flavour_key
14:11:15.346 [Test worker] DEBUG o.h.p.w.spi.MetamodelGraphWalker - Visiting attribute path : version
14:11:15.346 [Test worker] DEBUG o.h.p.w.spi.MetamodelGraphWalker - Visiting attribute path : constituent_vnf
14:11:15.346 [Test worker] DEBUG o.h.l.p.b.i.FetchStyleLoadPlanBuildingAssociationVisitationStrategy - Building LoadPlan...
14:11:15.346 [Test worker] DEBUG o.h.l.p.e.i.LoadQueryJoinAndFetchProcessor - processing queryspace <gen:0>
14:11:15.346 [Test worker] DEBUG o.h.l.p.b.spi.LoadPlanTreePrinter - LoadPlan(entity=org.project.neutrino.nfvo.catalogue.mano.common.ServiceDeploymentFlavour)
    - Returns
       - EntityReturnImpl(entity=org.project.neutrino.nfvo.catalogue.mano.common.ServiceDeploymentFlavour, querySpaceUid=<gen:0>, path=org.project.neutrino.nfvo.catalogue.mano.common.ServiceDeploymentFlavour)
    - QuerySpaces
       - EntityQuerySpaceImpl(uid=<gen:0>, entity=org.project.neutrino.nfvo.catalogue.mano.common.ServiceDeploymentFlavour)
          - SQL table alias mapping - servicedep0_
          - alias suffix - 0_
          - suffixed key columns - {id1_7_0_}

14:11:15.347 [Test worker] DEBUG o.h.loader.entity.plan.EntityLoader - Static select for entity org.project.neutrino.nfvo.catalogue.mano.common.ServiceDeploymentFlavour [UPGRADE_NOWAIT]: select servicedep0_.id as id1_7_0_, servicedep0_.flavour_key as flavour_2_7_0_, servicedep0_.version as version3_7_0_ from service_deployment_flavour servicedep0_ where servicedep0_.id=? for update
14:11:15.347 [Test worker] DEBUG o.h.l.p.b.i.spaces.QuerySpacesImpl - Adding QuerySpace : uid = <gen:0> -> org.hibernate.loader.plan.build.internal.spaces.EntityQuerySpaceImpl@24095efe]
14:11:15.347 [Test worker] DEBUG o.h.p.w.spi.MetamodelGraphWalker - Visiting attribute path : flavour_key
14:11:15.347 [Test worker] DEBUG o.h.p.w.spi.MetamodelGraphWalker - Visiting attribute path : version
14:11:15.347 [Test worker] DEBUG o.h.p.w.spi.MetamodelGraphWalker - Visiting attribute path : constituent_vnf
14:11:15.347 [Test worker] DEBUG o.h.l.p.b.i.FetchStyleLoadPlanBuildingAssociationVisitationStrategy - Building LoadPlan...
14:11:15.347 [Test worker] DEBUG o.h.l.p.e.i.LoadQueryJoinAndFetchProcessor - processing queryspace <gen:0>
14:11:15.347 [Test worker] DEBUG o.h.l.p.b.spi.LoadPlanTreePrinter - LoadPlan(entity=org.project.neutrino.nfvo.catalogue.mano.common.ServiceDeploymentFlavour)
    - Returns
       - EntityReturnImpl(entity=org.project.neutrino.nfvo.catalogue.mano.common.ServiceDeploymentFlavour, querySpaceUid=<gen:0>, path=org.project.neutrino.nfvo.catalogue.mano.common.ServiceDeploymentFlavour)
    - QuerySpaces
       - EntityQuerySpaceImpl(uid=<gen:0>, entity=org.project.neutrino.nfvo.catalogue.mano.common.ServiceDeploymentFlavour)
          - SQL table alias mapping - servicedep0_
          - alias suffix - 0_
          - suffixed key columns - {id1_7_0_}

14:11:15.347 [Test worker] DEBUG o.h.loader.entity.plan.EntityLoader - Static select for entity org.project.neutrino.nfvo.catalogue.mano.common.ServiceDeploymentFlavour [UPGRADE_SKIPLOCKED]: select servicedep0_.id as id1_7_0_, servicedep0_.flavour_key as flavour_2_7_0_, servicedep0_.version as version3_7_0_ from service_deployment_flavour servicedep0_ where servicedep0_.id=? for update
14:11:15.348 [Test worker] DEBUG o.h.l.p.b.i.spaces.QuerySpacesImpl - Adding QuerySpace : uid = <gen:0> -> org.hibernate.loader.plan.build.internal.spaces.EntityQuerySpaceImpl@59697540]
14:11:15.348 [Test worker] DEBUG o.h.p.w.spi.MetamodelGraphWalker - Visiting attribute path : flavour_key
14:11:15.348 [Test worker] DEBUG o.h.p.w.spi.MetamodelGraphWalker - Visiting attribute path : version
14:11:15.348 [Test worker] DEBUG o.h.p.w.spi.MetamodelGraphWalker - Visiting attribute path : constituent_vnf
14:11:15.348 [Test worker] DEBUG o.h.l.p.b.i.FetchStyleLoadPlanBuildingAssociationVisitationStrategy - Building LoadPlan...
14:11:15.348 [Test worker] DEBUG o.h.l.p.e.i.LoadQueryJoinAndFetchProcessor - processing queryspace <gen:0>
14:11:15.348 [Test worker] DEBUG o.h.l.p.b.spi.LoadPlanTreePrinter - LoadPlan(entity=org.project.neutrino.nfvo.catalogue.mano.common.ServiceDeploymentFlavour)
    - Returns
       - EntityReturnImpl(entity=org.project.neutrino.nfvo.catalogue.mano.common.ServiceDeploymentFlavour, querySpaceUid=<gen:0>, path=org.project.neutrino.nfvo.catalogue.mano.common.ServiceDeploymentFlavour)
    - QuerySpaces
       - EntityQuerySpaceImpl(uid=<gen:0>, entity=org.project.neutrino.nfvo.catalogue.mano.common.ServiceDeploymentFlavour)
          - SQL table alias mapping - servicedep0_
          - alias suffix - 0_
          - suffixed key columns - {id1_7_0_}

14:11:15.348 [Test worker] DEBUG o.h.loader.entity.plan.EntityLoader - Static select for entity org.project.neutrino.nfvo.catalogue.mano.common.ServiceDeploymentFlavour [FORCE]: select servicedep0_.id as id1_7_0_, servicedep0_.flavour_key as flavour_2_7_0_, servicedep0_.version as version3_7_0_ from service_deployment_flavour servicedep0_ where servicedep0_.id=? for update
14:11:15.348 [Test worker] DEBUG o.h.l.p.b.i.spaces.QuerySpacesImpl - Adding QuerySpace : uid = <gen:0> -> org.hibernate.loader.plan.build.internal.spaces.EntityQuerySpaceImpl@201ab564]
14:11:15.349 [Test worker] DEBUG o.h.p.w.spi.MetamodelGraphWalker - Visiting attribute path : flavour_key
14:11:15.349 [Test worker] DEBUG o.h.p.w.spi.MetamodelGraphWalker - Visiting attribute path : version
14:11:15.349 [Test worker] DEBUG o.h.p.w.spi.MetamodelGraphWalker - Visiting attribute path : constituent_vnf
14:11:15.349 [Test worker] DEBUG o.h.l.p.b.i.FetchStyleLoadPlanBuildingAssociationVisitationStrategy - Building LoadPlan...
14:11:15.349 [Test worker] DEBUG o.h.l.p.e.i.LoadQueryJoinAndFetchProcessor - processing queryspace <gen:0>
14:11:15.349 [Test worker] DEBUG o.h.l.p.b.spi.LoadPlanTreePrinter - LoadPlan(entity=org.project.neutrino.nfvo.catalogue.mano.common.ServiceDeploymentFlavour)
    - Returns
       - EntityReturnImpl(entity=org.project.neutrino.nfvo.catalogue.mano.common.ServiceDeploymentFlavour, querySpaceUid=<gen:0>, path=org.project.neutrino.nfvo.catalogue.mano.common.ServiceDeploymentFlavour)
    - QuerySpaces
       - EntityQuerySpaceImpl(uid=<gen:0>, entity=org.project.neutrino.nfvo.catalogue.mano.common.ServiceDeploymentFlavour)
          - SQL table alias mapping - servicedep0_
          - alias suffix - 0_
          - suffixed key columns - {id1_7_0_}

14:11:15.349 [Test worker] DEBUG o.h.loader.entity.plan.EntityLoader - Static select for entity org.project.neutrino.nfvo.catalogue.mano.common.ServiceDeploymentFlavour [PESSIMISTIC_READ]: select servicedep0_.id as id1_7_0_, servicedep0_.flavour_key as flavour_2_7_0_, servicedep0_.version as version3_7_0_ from service_deployment_flavour servicedep0_ where servicedep0_.id=? lock in share mode
14:11:15.349 [Test worker] DEBUG o.h.l.p.b.i.spaces.QuerySpacesImpl - Adding QuerySpace : uid = <gen:0> -> org.hibernate.loader.plan.build.internal.spaces.EntityQuerySpaceImpl@2c0e7d40]
14:11:15.349 [Test worker] DEBUG o.h.p.w.spi.MetamodelGraphWalker - Visiting attribute path : flavour_key
14:11:15.349 [Test worker] DEBUG o.h.p.w.spi.MetamodelGraphWalker - Visiting attribute path : version
14:11:15.350 [Test worker] DEBUG o.h.p.w.spi.MetamodelGraphWalker - Visiting attribute path : constituent_vnf
14:11:15.350 [Test worker] DEBUG o.h.l.p.b.i.FetchStyleLoadPlanBuildingAssociationVisitationStrategy - Building LoadPlan...
14:11:15.350 [Test worker] DEBUG o.h.l.p.e.i.LoadQueryJoinAndFetchProcessor - processing queryspace <gen:0>
14:11:15.350 [Test worker] DEBUG o.h.l.p.b.spi.LoadPlanTreePrinter - LoadPlan(entity=org.project.neutrino.nfvo.catalogue.mano.common.ServiceDeploymentFlavour)
    - Returns
       - EntityReturnImpl(entity=org.project.neutrino.nfvo.catalogue.mano.common.ServiceDeploymentFlavour, querySpaceUid=<gen:0>, path=org.project.neutrino.nfvo.catalogue.mano.common.ServiceDeploymentFlavour)
    - QuerySpaces
       - EntityQuerySpaceImpl(uid=<gen:0>, entity=org.project.neutrino.nfvo.catalogue.mano.common.ServiceDeploymentFlavour)
          - SQL table alias mapping - servicedep0_
          - alias suffix - 0_
          - suffixed key columns - {id1_7_0_}

14:11:15.350 [Test worker] DEBUG o.h.loader.entity.plan.EntityLoader - Static select for entity org.project.neutrino.nfvo.catalogue.mano.common.ServiceDeploymentFlavour [PESSIMISTIC_WRITE]: select servicedep0_.id as id1_7_0_, servicedep0_.flavour_key as flavour_2_7_0_, servicedep0_.version as version3_7_0_ from service_deployment_flavour servicedep0_ where servicedep0_.id=? for update
14:11:15.350 [Test worker] DEBUG o.h.l.p.b.i.spaces.QuerySpacesImpl - Adding QuerySpace : uid = <gen:0> -> org.hibernate.loader.plan.build.internal.spaces.EntityQuerySpaceImpl@7b4ff56a]
14:11:15.350 [Test worker] DEBUG o.h.p.w.spi.MetamodelGraphWalker - Visiting attribute path : flavour_key
14:11:15.350 [Test worker] DEBUG o.h.p.w.spi.MetamodelGraphWalker - Visiting attribute path : version
14:11:15.350 [Test worker] DEBUG o.h.p.w.spi.MetamodelGraphWalker - Visiting attribute path : constituent_vnf
14:11:15.351 [Test worker] DEBUG o.h.l.p.b.i.FetchStyleLoadPlanBuildingAssociationVisitationStrategy - Building LoadPlan...
14:11:15.351 [Test worker] DEBUG o.h.l.p.e.i.LoadQueryJoinAndFetchProcessor - processing queryspace <gen:0>
14:11:15.351 [Test worker] DEBUG o.h.l.p.b.spi.LoadPlanTreePrinter - LoadPlan(entity=org.project.neutrino.nfvo.catalogue.mano.common.ServiceDeploymentFlavour)
    - Returns
       - EntityReturnImpl(entity=org.project.neutrino.nfvo.catalogue.mano.common.ServiceDeploymentFlavour, querySpaceUid=<gen:0>, path=org.project.neutrino.nfvo.catalogue.mano.common.ServiceDeploymentFlavour)
    - QuerySpaces
       - EntityQuerySpaceImpl(uid=<gen:0>, entity=org.project.neutrino.nfvo.catalogue.mano.common.ServiceDeploymentFlavour)
          - SQL table alias mapping - servicedep0_
          - alias suffix - 0_
          - suffixed key columns - {id1_7_0_}

14:11:15.351 [Test worker] DEBUG o.h.loader.entity.plan.EntityLoader - Static select for entity org.project.neutrino.nfvo.catalogue.mano.common.ServiceDeploymentFlavour [PESSIMISTIC_FORCE_INCREMENT]: select servicedep0_.id as id1_7_0_, servicedep0_.flavour_key as flavour_2_7_0_, servicedep0_.version as version3_7_0_ from service_deployment_flavour servicedep0_ where servicedep0_.id=? for update
14:11:15.351 [Test worker] DEBUG o.h.l.p.b.i.spaces.QuerySpacesImpl - Adding QuerySpace : uid = <gen:0> -> org.hibernate.loader.plan.build.internal.spaces.EntityQuerySpaceImpl@ab46dee]
14:11:15.351 [Test worker] DEBUG o.h.p.w.spi.MetamodelGraphWalker - Visiting attribute path : flavour_key
14:11:15.351 [Test worker] DEBUG o.h.p.w.spi.MetamodelGraphWalker - Visiting attribute path : version
14:11:15.351 [Test worker] DEBUG o.h.p.w.spi.MetamodelGraphWalker - Visiting attribute path : constituent_vnf
14:11:15.351 [Test worker] DEBUG o.h.l.p.b.i.FetchStyleLoadPlanBuildingAssociationVisitationStrategy - Building LoadPlan...
14:11:15.352 [Test worker] DEBUG o.h.l.p.e.i.LoadQueryJoinAndFetchProcessor - processing queryspace <gen:0>
14:11:15.352 [Test worker] DEBUG o.h.l.p.b.spi.LoadPlanTreePrinter - LoadPlan(entity=org.project.neutrino.nfvo.catalogue.mano.common.ServiceDeploymentFlavour)
    - Returns
       - EntityReturnImpl(entity=org.project.neutrino.nfvo.catalogue.mano.common.ServiceDeploymentFlavour, querySpaceUid=<gen:0>, path=org.project.neutrino.nfvo.catalogue.mano.common.ServiceDeploymentFlavour)
    - QuerySpaces
       - EntityQuerySpaceImpl(uid=<gen:0>, entity=org.project.neutrino.nfvo.catalogue.mano.common.ServiceDeploymentFlavour)
          - SQL table alias mapping - servicedep0_
          - alias suffix - 0_
          - suffixed key columns - {id1_7_0_}

14:11:15.352 [Test worker] DEBUG o.h.loader.entity.plan.EntityLoader - Static select for entity org.project.neutrino.nfvo.catalogue.mano.common.ServiceDeploymentFlavour [OPTIMISTIC]: select servicedep0_.id as id1_7_0_, servicedep0_.flavour_key as flavour_2_7_0_, servicedep0_.version as version3_7_0_ from service_deployment_flavour servicedep0_ where servicedep0_.id=?
14:11:15.352 [Test worker] DEBUG o.h.l.p.b.i.spaces.QuerySpacesImpl - Adding QuerySpace : uid = <gen:0> -> org.hibernate.loader.plan.build.internal.spaces.EntityQuerySpaceImpl@3b1fe161]
14:11:15.352 [Test worker] DEBUG o.h.p.w.spi.MetamodelGraphWalker - Visiting attribute path : flavour_key
14:11:15.352 [Test worker] DEBUG o.h.p.w.spi.MetamodelGraphWalker - Visiting attribute path : version
14:11:15.352 [Test worker] DEBUG o.h.p.w.spi.MetamodelGraphWalker - Visiting attribute path : constituent_vnf
14:11:15.352 [Test worker] DEBUG o.h.l.p.b.i.FetchStyleLoadPlanBuildingAssociationVisitationStrategy - Building LoadPlan...
14:11:15.353 [Test worker] DEBUG o.h.l.p.e.i.LoadQueryJoinAndFetchProcessor - processing queryspace <gen:0>
14:11:15.353 [Test worker] DEBUG o.h.l.p.b.spi.LoadPlanTreePrinter - LoadPlan(entity=org.project.neutrino.nfvo.catalogue.mano.common.ServiceDeploymentFlavour)
    - Returns
       - EntityReturnImpl(entity=org.project.neutrino.nfvo.catalogue.mano.common.ServiceDeploymentFlavour, querySpaceUid=<gen:0>, path=org.project.neutrino.nfvo.catalogue.mano.common.ServiceDeploymentFlavour)
    - QuerySpaces
       - EntityQuerySpaceImpl(uid=<gen:0>, entity=org.project.neutrino.nfvo.catalogue.mano.common.ServiceDeploymentFlavour)
          - SQL table alias mapping - servicedep0_
          - alias suffix - 0_
          - suffixed key columns - {id1_7_0_}

14:11:15.353 [Test worker] DEBUG o.h.loader.entity.plan.EntityLoader - Static select for entity org.project.neutrino.nfvo.catalogue.mano.common.ServiceDeploymentFlavour [OPTIMISTIC_FORCE_INCREMENT]: select servicedep0_.id as id1_7_0_, servicedep0_.flavour_key as flavour_2_7_0_, servicedep0_.version as version3_7_0_ from service_deployment_flavour servicedep0_ where servicedep0_.id=?
14:11:15.353 [Test worker] DEBUG org.hibernate.loader.Loader - Static select for action ACTION_MERGE on entity org.project.neutrino.nfvo.catalogue.mano.common.ServiceDeploymentFlavour: select servicedep0_.id as id1_7_1_, servicedep0_.flavour_key as flavour_2_7_1_, servicedep0_.version as version3_7_1_, constituen1_.service_deployment_flavour_id as service_1_7_3_, costituent2_.id as constitu2_45_3_, costituent2_.id as id1_6_0_, costituent2_.affinity as affinity2_6_0_, costituent2_.capability as capabili3_6_0_, costituent2_.number_of_instances as number_o4_6_0_, costituent2_.redundancy_model as redundan5_6_0_, costituent2_.version as version6_6_0_, costituent2_.vnf_flavour_id_reference as vnf_flav7_6_0_, costituent2_.vnf_reference as vnf_refe8_6_0_ from service_deployment_flavour servicedep0_ left outer join service_deployment_flavour_constituent_vnf constituen1_ on servicedep0_.id=constituen1_.service_deployment_flavour_id left outer join costituentvnf costituent2_ on constituen1_.constituent_vnf_id=costituent2_.id where servicedep0_.id=?
14:11:15.353 [Test worker] DEBUG org.hibernate.loader.Loader - Static select for action ACTION_REFRESH on entity org.project.neutrino.nfvo.catalogue.mano.common.ServiceDeploymentFlavour: select servicedep0_.id as id1_7_1_, servicedep0_.flavour_key as flavour_2_7_1_, servicedep0_.version as version3_7_1_, constituen1_.service_deployment_flavour_id as service_1_7_3_, costituent2_.id as constitu2_45_3_, costituent2_.id as id1_6_0_, costituent2_.affinity as affinity2_6_0_, costituent2_.capability as capabili3_6_0_, costituent2_.number_of_instances as number_o4_6_0_, costituent2_.redundancy_model as redundan5_6_0_, costituent2_.version as version6_6_0_, costituent2_.vnf_flavour_id_reference as vnf_flav7_6_0_, costituent2_.vnf_reference as vnf_refe8_6_0_ from service_deployment_flavour servicedep0_ left outer join service_deployment_flavour_constituent_vnf constituen1_ on servicedep0_.id=constituen1_.service_deployment_flavour_id left outer join costituentvnf costituent2_ on constituen1_.constituent_vnf_id=costituent2_.id where servicedep0_.id=?
14:11:15.354 [Test worker] DEBUG o.h.p.entity.AbstractEntityPersister - Static SQL for entity: org.project.neutrino.nfvo.catalogue.mano.descriptor.Policy
14:11:15.354 [Test worker] DEBUG o.h.p.entity.AbstractEntityPersister -  Version select: select version from policy where id =?
14:11:15.354 [Test worker] DEBUG o.h.p.entity.AbstractEntityPersister -  Snapshot select: select policy_.id, policy_.version as version2_42_ from policy policy_ where policy_.id=?
14:11:15.354 [Test worker] DEBUG o.h.p.entity.AbstractEntityPersister -  Insert 0: insert into policy (version, id) values (?, ?)
14:11:15.354 [Test worker] DEBUG o.h.p.entity.AbstractEntityPersister -  Update 0: update policy set version=? where id=? and version=?
14:11:15.354 [Test worker] DEBUG o.h.p.entity.AbstractEntityPersister -  Delete 0: delete from policy where id=? and version=?
14:11:15.354 [Test worker] DEBUG o.h.l.p.b.i.spaces.QuerySpacesImpl - Adding QuerySpace : uid = <gen:0> -> org.hibernate.loader.plan.build.internal.spaces.EntityQuerySpaceImpl@60f01703]
14:11:15.354 [Test worker] DEBUG o.h.p.w.spi.MetamodelGraphWalker - Visiting attribute path : version
14:11:15.354 [Test worker] DEBUG o.h.l.p.b.i.FetchStyleLoadPlanBuildingAssociationVisitationStrategy - Building LoadPlan...
14:11:15.354 [Test worker] DEBUG o.h.l.p.e.i.LoadQueryJoinAndFetchProcessor - processing queryspace <gen:0>
14:11:15.354 [Test worker] DEBUG o.h.l.p.b.spi.LoadPlanTreePrinter - LoadPlan(entity=org.project.neutrino.nfvo.catalogue.mano.descriptor.Policy)
    - Returns
       - EntityReturnImpl(entity=org.project.neutrino.nfvo.catalogue.mano.descriptor.Policy, querySpaceUid=<gen:0>, path=org.project.neutrino.nfvo.catalogue.mano.descriptor.Policy)
    - QuerySpaces
       - EntityQuerySpaceImpl(uid=<gen:0>, entity=org.project.neutrino.nfvo.catalogue.mano.descriptor.Policy)
          - SQL table alias mapping - policy0_
          - alias suffix - 0_
          - suffixed key columns - {id1_42_0_}

14:11:15.355 [Test worker] DEBUG o.h.loader.entity.plan.EntityLoader - Static select for entity org.project.neutrino.nfvo.catalogue.mano.descriptor.Policy [NONE]: select policy0_.id as id1_42_0_, policy0_.version as version2_42_0_ from policy policy0_ where policy0_.id=?
14:11:15.355 [Test worker] DEBUG o.h.l.p.b.i.spaces.QuerySpacesImpl - Adding QuerySpace : uid = <gen:0> -> org.hibernate.loader.plan.build.internal.spaces.EntityQuerySpaceImpl@207e98bd]
14:11:15.355 [Test worker] DEBUG o.h.p.w.spi.MetamodelGraphWalker - Visiting attribute path : version
14:11:15.355 [Test worker] DEBUG o.h.l.p.b.i.FetchStyleLoadPlanBuildingAssociationVisitationStrategy - Building LoadPlan...
14:11:15.355 [Test worker] DEBUG o.h.l.p.e.i.LoadQueryJoinAndFetchProcessor - processing queryspace <gen:0>
14:11:15.355 [Test worker] DEBUG o.h.l.p.b.spi.LoadPlanTreePrinter - LoadPlan(entity=org.project.neutrino.nfvo.catalogue.mano.descriptor.Policy)
    - Returns
       - EntityReturnImpl(entity=org.project.neutrino.nfvo.catalogue.mano.descriptor.Policy, querySpaceUid=<gen:0>, path=org.project.neutrino.nfvo.catalogue.mano.descriptor.Policy)
    - QuerySpaces
       - EntityQuerySpaceImpl(uid=<gen:0>, entity=org.project.neutrino.nfvo.catalogue.mano.descriptor.Policy)
          - SQL table alias mapping - policy0_
          - alias suffix - 0_
          - suffixed key columns - {id1_42_0_}

14:11:15.355 [Test worker] DEBUG o.h.loader.entity.plan.EntityLoader - Static select for entity org.project.neutrino.nfvo.catalogue.mano.descriptor.Policy [READ]: select policy0_.id as id1_42_0_, policy0_.version as version2_42_0_ from policy policy0_ where policy0_.id=?
14:11:15.356 [Test worker] DEBUG o.h.l.p.b.i.spaces.QuerySpacesImpl - Adding QuerySpace : uid = <gen:0> -> org.hibernate.loader.plan.build.internal.spaces.EntityQuerySpaceImpl@480cd1a2]
14:11:15.356 [Test worker] DEBUG o.h.p.w.spi.MetamodelGraphWalker - Visiting attribute path : version
14:11:15.356 [Test worker] DEBUG o.h.l.p.b.i.FetchStyleLoadPlanBuildingAssociationVisitationStrategy - Building LoadPlan...
14:11:15.356 [Test worker] DEBUG o.h.l.p.e.i.LoadQueryJoinAndFetchProcessor - processing queryspace <gen:0>
14:11:15.356 [Test worker] DEBUG o.h.l.p.b.spi.LoadPlanTreePrinter - LoadPlan(entity=org.project.neutrino.nfvo.catalogue.mano.descriptor.Policy)
    - Returns
       - EntityReturnImpl(entity=org.project.neutrino.nfvo.catalogue.mano.descriptor.Policy, querySpaceUid=<gen:0>, path=org.project.neutrino.nfvo.catalogue.mano.descriptor.Policy)
    - QuerySpaces
       - EntityQuerySpaceImpl(uid=<gen:0>, entity=org.project.neutrino.nfvo.catalogue.mano.descriptor.Policy)
          - SQL table alias mapping - policy0_
          - alias suffix - 0_
          - suffixed key columns - {id1_42_0_}

14:11:15.356 [Test worker] DEBUG o.h.loader.entity.plan.EntityLoader - Static select for entity org.project.neutrino.nfvo.catalogue.mano.descriptor.Policy [UPGRADE]: select policy0_.id as id1_42_0_, policy0_.version as version2_42_0_ from policy policy0_ where policy0_.id=? for update
14:11:15.356 [Test worker] DEBUG o.h.l.p.b.i.spaces.QuerySpacesImpl - Adding QuerySpace : uid = <gen:0> -> org.hibernate.loader.plan.build.internal.spaces.EntityQuerySpaceImpl@22763e52]
14:11:15.356 [Test worker] DEBUG o.h.p.w.spi.MetamodelGraphWalker - Visiting attribute path : version
14:11:15.357 [Test worker] DEBUG o.h.l.p.b.i.FetchStyleLoadPlanBuildingAssociationVisitationStrategy - Building LoadPlan...
14:11:15.357 [Test worker] DEBUG o.h.l.p.e.i.LoadQueryJoinAndFetchProcessor - processing queryspace <gen:0>
14:11:15.357 [Test worker] DEBUG o.h.l.p.b.spi.LoadPlanTreePrinter - LoadPlan(entity=org.project.neutrino.nfvo.catalogue.mano.descriptor.Policy)
    - Returns
       - EntityReturnImpl(entity=org.project.neutrino.nfvo.catalogue.mano.descriptor.Policy, querySpaceUid=<gen:0>, path=org.project.neutrino.nfvo.catalogue.mano.descriptor.Policy)
    - QuerySpaces
       - EntityQuerySpaceImpl(uid=<gen:0>, entity=org.project.neutrino.nfvo.catalogue.mano.descriptor.Policy)
          - SQL table alias mapping - policy0_
          - alias suffix - 0_
          - suffixed key columns - {id1_42_0_}

14:11:15.357 [Test worker] DEBUG o.h.loader.entity.plan.EntityLoader - Static select for entity org.project.neutrino.nfvo.catalogue.mano.descriptor.Policy [UPGRADE_NOWAIT]: select policy0_.id as id1_42_0_, policy0_.version as version2_42_0_ from policy policy0_ where policy0_.id=? for update
14:11:15.357 [Test worker] DEBUG o.h.l.p.b.i.spaces.QuerySpacesImpl - Adding QuerySpace : uid = <gen:0> -> org.hibernate.loader.plan.build.internal.spaces.EntityQuerySpaceImpl@7883b48a]
14:11:15.357 [Test worker] DEBUG o.h.p.w.spi.MetamodelGraphWalker - Visiting attribute path : version
14:11:15.357 [Test worker] DEBUG o.h.l.p.b.i.FetchStyleLoadPlanBuildingAssociationVisitationStrategy - Building LoadPlan...
14:11:15.357 [Test worker] DEBUG o.h.l.p.e.i.LoadQueryJoinAndFetchProcessor - processing queryspace <gen:0>
14:11:15.358 [Test worker] DEBUG o.h.l.p.b.spi.LoadPlanTreePrinter - LoadPlan(entity=org.project.neutrino.nfvo.catalogue.mano.descriptor.Policy)
    - Returns
       - EntityReturnImpl(entity=org.project.neutrino.nfvo.catalogue.mano.descriptor.Policy, querySpaceUid=<gen:0>, path=org.project.neutrino.nfvo.catalogue.mano.descriptor.Policy)
    - QuerySpaces
       - EntityQuerySpaceImpl(uid=<gen:0>, entity=org.project.neutrino.nfvo.catalogue.mano.descriptor.Policy)
          - SQL table alias mapping - policy0_
          - alias suffix - 0_
          - suffixed key columns - {id1_42_0_}

14:11:15.358 [Test worker] DEBUG o.h.loader.entity.plan.EntityLoader - Static select for entity org.project.neutrino.nfvo.catalogue.mano.descriptor.Policy [UPGRADE_SKIPLOCKED]: select policy0_.id as id1_42_0_, policy0_.version as version2_42_0_ from policy policy0_ where policy0_.id=? for update
14:11:15.358 [Test worker] DEBUG o.h.l.p.b.i.spaces.QuerySpacesImpl - Adding QuerySpace : uid = <gen:0> -> org.hibernate.loader.plan.build.internal.spaces.EntityQuerySpaceImpl@661a642b]
14:11:15.358 [Test worker] DEBUG o.h.p.w.spi.MetamodelGraphWalker - Visiting attribute path : version
14:11:15.358 [Test worker] DEBUG o.h.l.p.b.i.FetchStyleLoadPlanBuildingAssociationVisitationStrategy - Building LoadPlan...
14:11:15.358 [Test worker] DEBUG o.h.l.p.e.i.LoadQueryJoinAndFetchProcessor - processing queryspace <gen:0>
14:11:15.358 [Test worker] DEBUG o.h.l.p.b.spi.LoadPlanTreePrinter - LoadPlan(entity=org.project.neutrino.nfvo.catalogue.mano.descriptor.Policy)
    - Returns
       - EntityReturnImpl(entity=org.project.neutrino.nfvo.catalogue.mano.descriptor.Policy, querySpaceUid=<gen:0>, path=org.project.neutrino.nfvo.catalogue.mano.descriptor.Policy)
    - QuerySpaces
       - EntityQuerySpaceImpl(uid=<gen:0>, entity=org.project.neutrino.nfvo.catalogue.mano.descriptor.Policy)
          - SQL table alias mapping - policy0_
          - alias suffix - 0_
          - suffixed key columns - {id1_42_0_}

14:11:15.359 [Test worker] DEBUG o.h.loader.entity.plan.EntityLoader - Static select for entity org.project.neutrino.nfvo.catalogue.mano.descriptor.Policy [FORCE]: select policy0_.id as id1_42_0_, policy0_.version as version2_42_0_ from policy policy0_ where policy0_.id=? for update
14:11:15.359 [Test worker] DEBUG o.h.l.p.b.i.spaces.QuerySpacesImpl - Adding QuerySpace : uid = <gen:0> -> org.hibernate.loader.plan.build.internal.spaces.EntityQuerySpaceImpl@12ea3a24]
14:11:15.359 [Test worker] DEBUG o.h.p.w.spi.MetamodelGraphWalker - Visiting attribute path : version
14:11:15.359 [Test worker] DEBUG o.h.l.p.b.i.FetchStyleLoadPlanBuildingAssociationVisitationStrategy - Building LoadPlan...
14:11:15.359 [Test worker] DEBUG o.h.l.p.e.i.LoadQueryJoinAndFetchProcessor - processing queryspace <gen:0>
14:11:15.359 [Test worker] DEBUG o.h.l.p.b.spi.LoadPlanTreePrinter - LoadPlan(entity=org.project.neutrino.nfvo.catalogue.mano.descriptor.Policy)
    - Returns
       - EntityReturnImpl(entity=org.project.neutrino.nfvo.catalogue.mano.descriptor.Policy, querySpaceUid=<gen:0>, path=org.project.neutrino.nfvo.catalogue.mano.descriptor.Policy)
    - QuerySpaces
       - EntityQuerySpaceImpl(uid=<gen:0>, entity=org.project.neutrino.nfvo.catalogue.mano.descriptor.Policy)
          - SQL table alias mapping - policy0_
          - alias suffix - 0_
          - suffixed key columns - {id1_42_0_}

14:11:15.359 [Test worker] DEBUG o.h.loader.entity.plan.EntityLoader - Static select for entity org.project.neutrino.nfvo.catalogue.mano.descriptor.Policy [PESSIMISTIC_READ]: select policy0_.id as id1_42_0_, policy0_.version as version2_42_0_ from policy policy0_ where policy0_.id=? lock in share mode
14:11:15.359 [Test worker] DEBUG o.h.l.p.b.i.spaces.QuerySpacesImpl - Adding QuerySpace : uid = <gen:0> -> org.hibernate.loader.plan.build.internal.spaces.EntityQuerySpaceImpl@3c41d377]
14:11:15.360 [Test worker] DEBUG o.h.p.w.spi.MetamodelGraphWalker - Visiting attribute path : version
14:11:15.360 [Test worker] DEBUG o.h.l.p.b.i.FetchStyleLoadPlanBuildingAssociationVisitationStrategy - Building LoadPlan...
14:11:15.360 [Test worker] DEBUG o.h.l.p.e.i.LoadQueryJoinAndFetchProcessor - processing queryspace <gen:0>
14:11:15.360 [Test worker] DEBUG o.h.l.p.b.spi.LoadPlanTreePrinter - LoadPlan(entity=org.project.neutrino.nfvo.catalogue.mano.descriptor.Policy)
    - Returns
       - EntityReturnImpl(entity=org.project.neutrino.nfvo.catalogue.mano.descriptor.Policy, querySpaceUid=<gen:0>, path=org.project.neutrino.nfvo.catalogue.mano.descriptor.Policy)
    - QuerySpaces
       - EntityQuerySpaceImpl(uid=<gen:0>, entity=org.project.neutrino.nfvo.catalogue.mano.descriptor.Policy)
          - SQL table alias mapping - policy0_
          - alias suffix - 0_
          - suffixed key columns - {id1_42_0_}

14:11:15.360 [Test worker] DEBUG o.h.loader.entity.plan.EntityLoader - Static select for entity org.project.neutrino.nfvo.catalogue.mano.descriptor.Policy [PESSIMISTIC_WRITE]: select policy0_.id as id1_42_0_, policy0_.version as version2_42_0_ from policy policy0_ where policy0_.id=? for update
14:11:15.360 [Test worker] DEBUG o.h.l.p.b.i.spaces.QuerySpacesImpl - Adding QuerySpace : uid = <gen:0> -> org.hibernate.loader.plan.build.internal.spaces.EntityQuerySpaceImpl@61481d42]
14:11:15.360 [Test worker] DEBUG o.h.p.w.spi.MetamodelGraphWalker - Visiting attribute path : version
14:11:15.360 [Test worker] DEBUG o.h.l.p.b.i.FetchStyleLoadPlanBuildingAssociationVisitationStrategy - Building LoadPlan...
14:11:15.361 [Test worker] DEBUG o.h.l.p.e.i.LoadQueryJoinAndFetchProcessor - processing queryspace <gen:0>
14:11:15.361 [Test worker] DEBUG o.h.l.p.b.spi.LoadPlanTreePrinter - LoadPlan(entity=org.project.neutrino.nfvo.catalogue.mano.descriptor.Policy)
    - Returns
       - EntityReturnImpl(entity=org.project.neutrino.nfvo.catalogue.mano.descriptor.Policy, querySpaceUid=<gen:0>, path=org.project.neutrino.nfvo.catalogue.mano.descriptor.Policy)
    - QuerySpaces
       - EntityQuerySpaceImpl(uid=<gen:0>, entity=org.project.neutrino.nfvo.catalogue.mano.descriptor.Policy)
          - SQL table alias mapping - policy0_
          - alias suffix - 0_
          - suffixed key columns - {id1_42_0_}

14:11:15.361 [Test worker] DEBUG o.h.loader.entity.plan.EntityLoader - Static select for entity org.project.neutrino.nfvo.catalogue.mano.descriptor.Policy [PESSIMISTIC_FORCE_INCREMENT]: select policy0_.id as id1_42_0_, policy0_.version as version2_42_0_ from policy policy0_ where policy0_.id=? for update
14:11:15.361 [Test worker] DEBUG o.h.l.p.b.i.spaces.QuerySpacesImpl - Adding QuerySpace : uid = <gen:0> -> org.hibernate.loader.plan.build.internal.spaces.EntityQuerySpaceImpl@d7c5427]
14:11:15.361 [Test worker] DEBUG o.h.p.w.spi.MetamodelGraphWalker - Visiting attribute path : version
14:11:15.361 [Test worker] DEBUG o.h.l.p.b.i.FetchStyleLoadPlanBuildingAssociationVisitationStrategy - Building LoadPlan...
14:11:15.361 [Test worker] DEBUG o.h.l.p.e.i.LoadQueryJoinAndFetchProcessor - processing queryspace <gen:0>
14:11:15.362 [Test worker] DEBUG o.h.l.p.b.spi.LoadPlanTreePrinter - LoadPlan(entity=org.project.neutrino.nfvo.catalogue.mano.descriptor.Policy)
    - Returns
       - EntityReturnImpl(entity=org.project.neutrino.nfvo.catalogue.mano.descriptor.Policy, querySpaceUid=<gen:0>, path=org.project.neutrino.nfvo.catalogue.mano.descriptor.Policy)
    - QuerySpaces
       - EntityQuerySpaceImpl(uid=<gen:0>, entity=org.project.neutrino.nfvo.catalogue.mano.descriptor.Policy)
          - SQL table alias mapping - policy0_
          - alias suffix - 0_
          - suffixed key columns - {id1_42_0_}

14:11:15.362 [Test worker] DEBUG o.h.loader.entity.plan.EntityLoader - Static select for entity org.project.neutrino.nfvo.catalogue.mano.descriptor.Policy [OPTIMISTIC]: select policy0_.id as id1_42_0_, policy0_.version as version2_42_0_ from policy policy0_ where policy0_.id=?
14:11:15.362 [Test worker] DEBUG o.h.l.p.b.i.spaces.QuerySpacesImpl - Adding QuerySpace : uid = <gen:0> -> org.hibernate.loader.plan.build.internal.spaces.EntityQuerySpaceImpl@277c2b4e]
14:11:15.362 [Test worker] DEBUG o.h.p.w.spi.MetamodelGraphWalker - Visiting attribute path : version
14:11:15.362 [Test worker] DEBUG o.h.l.p.b.i.FetchStyleLoadPlanBuildingAssociationVisitationStrategy - Building LoadPlan...
14:11:15.362 [Test worker] DEBUG o.h.l.p.e.i.LoadQueryJoinAndFetchProcessor - processing queryspace <gen:0>
14:11:15.362 [Test worker] DEBUG o.h.l.p.b.spi.LoadPlanTreePrinter - LoadPlan(entity=org.project.neutrino.nfvo.catalogue.mano.descriptor.Policy)
    - Returns
       - EntityReturnImpl(entity=org.project.neutrino.nfvo.catalogue.mano.descriptor.Policy, querySpaceUid=<gen:0>, path=org.project.neutrino.nfvo.catalogue.mano.descriptor.Policy)
    - QuerySpaces
       - EntityQuerySpaceImpl(uid=<gen:0>, entity=org.project.neutrino.nfvo.catalogue.mano.descriptor.Policy)
          - SQL table alias mapping - policy0_
          - alias suffix - 0_
          - suffixed key columns - {id1_42_0_}

14:11:15.363 [Test worker] DEBUG o.h.loader.entity.plan.EntityLoader - Static select for entity org.project.neutrino.nfvo.catalogue.mano.descriptor.Policy [OPTIMISTIC_FORCE_INCREMENT]: select policy0_.id as id1_42_0_, policy0_.version as version2_42_0_ from policy policy0_ where policy0_.id=?
14:11:15.363 [Test worker] DEBUG org.hibernate.loader.Loader - Static select for action ACTION_MERGE on entity org.project.neutrino.nfvo.catalogue.mano.descriptor.Policy: select policy0_.id as id1_42_0_, policy0_.version as version2_42_0_ from policy policy0_ where policy0_.id=?
14:11:15.363 [Test worker] DEBUG org.hibernate.loader.Loader - Static select for action ACTION_REFRESH on entity org.project.neutrino.nfvo.catalogue.mano.descriptor.Policy: select policy0_.id as id1_42_0_, policy0_.version as version2_42_0_ from policy policy0_ where policy0_.id=?
14:11:15.363 [Test worker] DEBUG o.h.p.entity.AbstractEntityPersister - Static SQL for entity: org.project.neutrino.nfvo.catalogue.mano.descriptor.NetworkServiceDescriptor
14:11:15.363 [Test worker] DEBUG o.h.p.entity.AbstractEntityPersister -  Version select: select hb_version from network_service_descriptor where id =?
14:11:15.363 [Test worker] DEBUG o.h.p.entity.AbstractEntityPersister -  Snapshot select: select networkser_.id, networkser_.hb_version as hb_versi2_27_, networkser_.vendor as vendor3_27_, networkser_.version as version4_27_, networkser_.nsd_security_id as nsd_secu1_14_ from network_service_descriptor networkser_ where networkser_.id=?
14:11:15.363 [Test worker] DEBUG o.h.p.entity.AbstractEntityPersister -  Insert 0: insert into network_service_descriptor (hb_version, vendor, version, nsd_security_id, id) values (?, ?, ?, ?, ?)
14:11:15.363 [Test worker] DEBUG o.h.p.entity.AbstractEntityPersister -  Update 0: update network_service_descriptor set hb_version=?, vendor=?, version=?, nsd_security_id=? where id=? and hb_version=?
14:11:15.363 [Test worker] DEBUG o.h.p.entity.AbstractEntityPersister -  Delete 0: delete from network_service_descriptor where id=? and hb_version=?
14:11:15.364 [Test worker] DEBUG o.h.l.p.b.i.spaces.QuerySpacesImpl - Adding QuerySpace : uid = <gen:0> -> org.hibernate.loader.plan.build.internal.spaces.EntityQuerySpaceImpl@661a0b9e]
14:11:15.364 [Test worker] DEBUG o.h.p.w.spi.MetamodelGraphWalker - Visiting attribute path : auto_scale_policy
14:11:15.364 [Test worker] DEBUG o.h.p.w.spi.MetamodelGraphWalker - Visiting attribute path : connection_point
14:11:15.364 [Test worker] DEBUG o.h.p.w.spi.MetamodelGraphWalker - Visiting attribute path : hb_version
14:11:15.364 [Test worker] DEBUG o.h.p.w.spi.MetamodelGraphWalker - Visiting attribute path : lifecycle_event
14:11:15.364 [Test worker] DEBUG o.h.p.w.spi.MetamodelGraphWalker - Visiting attribute path : monitoring_parameter
14:11:15.364 [Test worker] DEBUG o.h.l.p.b.i.spaces.QuerySpacesImpl - Adding QuerySpace : uid = <gen:1> -> org.hibernate.loader.plan.build.internal.spaces.CollectionQuerySpaceImpl@28a8dfc1]
14:11:15.364 [Test worker] DEBUG o.h.p.w.spi.MetamodelGraphWalker - Visiting attribute path : service_deployment_flavour
14:11:15.364 [Test worker] DEBUG o.h.p.w.spi.MetamodelGraphWalker - Visiting attribute path : vendor
14:11:15.364 [Test worker] DEBUG o.h.p.w.spi.MetamodelGraphWalker - Visiting attribute path : version
14:11:15.365 [Test worker] DEBUG o.h.p.w.spi.MetamodelGraphWalker - Visiting attribute path : vld
14:11:15.365 [Test worker] DEBUG o.h.p.w.spi.MetamodelGraphWalker - Visiting attribute path : vnffgd
14:11:15.365 [Test worker] DEBUG o.h.p.w.spi.MetamodelGraphWalker - Visiting attribute path : nsd_security
14:11:15.365 [Test worker] DEBUG o.h.l.p.b.i.spaces.QuerySpacesImpl - Adding QuerySpace : uid = <gen:2> -> org.hibernate.loader.plan.build.internal.spaces.EntityQuerySpaceImpl@2a5b87b8]
14:11:15.365 [Test worker] DEBUG o.h.p.w.spi.MetamodelGraphWalker - Visiting attribute path : nsd_security.version
14:11:15.365 [Test worker] DEBUG o.h.p.w.spi.MetamodelGraphWalker - Visiting attribute path : pnfd
14:11:15.365 [Test worker] DEBUG o.h.p.w.spi.MetamodelGraphWalker - Visiting attribute path : vnf_dependency
14:11:15.365 [Test worker] DEBUG o.h.l.p.b.i.spaces.QuerySpacesImpl - Adding QuerySpace : uid = <gen:3> -> org.hibernate.loader.plan.build.internal.spaces.CollectionQuerySpaceImpl@164cc9b7]
14:11:15.365 [Test worker] DEBUG o.h.l.p.b.i.spaces.QuerySpacesImpl - Adding QuerySpace : uid = <gen:4> -> org.hibernate.loader.plan.build.internal.spaces.EntityQuerySpaceImpl@b4f18d1]
14:11:15.365 [Test worker] DEBUG o.h.p.w.spi.MetamodelGraphWalker - Visiting attribute path : vnf_dependency.source
14:11:15.365 [Test worker] DEBUG o.h.l.p.b.i.spaces.QuerySpacesImpl - Adding QuerySpace : uid = <gen:5> -> org.hibernate.loader.plan.build.internal.spaces.EntityQuerySpaceImpl@60ab0220]
14:11:15.365 [Test worker] DEBUG o.h.p.w.spi.MetamodelGraphWalker - Visiting attribute path : vnf_dependency.source.auto_scale_policy
14:11:15.365 [Test worker] DEBUG o.h.p.w.spi.MetamodelGraphWalker - Visiting attribute path : vnf_dependency.source.connection_point
14:11:15.365 [Test worker] DEBUG o.h.p.w.spi.MetamodelGraphWalker - Visiting attribute path : vnf_dependency.source.hb_version
14:11:15.366 [Test worker] DEBUG o.h.p.w.spi.MetamodelGraphWalker - Visiting attribute path : vnf_dependency.source.lifecycle_event
14:11:15.366 [Test worker] DEBUG o.h.p.w.spi.MetamodelGraphWalker - Visiting attribute path : vnf_dependency.source.monitoring_parameter
14:11:15.366 [Test worker] DEBUG o.h.p.w.spi.MetamodelGraphWalker - Property path deemed to be circular : vnf_dependency.source.monitoring_parameter
14:11:15.366 [Test worker] DEBUG o.h.p.w.spi.MetamodelGraphWalker - Visiting attribute path : vnf_dependency.source.service_deployment_flavour
14:11:15.366 [Test worker] DEBUG o.h.p.w.spi.MetamodelGraphWalker - Visiting attribute path : vnf_dependency.source.vendor
14:11:15.366 [Test worker] DEBUG o.h.p.w.spi.MetamodelGraphWalker - Visiting attribute path : vnf_dependency.source.version
14:11:15.366 [Test worker] DEBUG o.h.p.w.spi.MetamodelGraphWalker - Visiting attribute path : vnf_dependency.source.vld
14:11:15.366 [Test worker] DEBUG o.h.p.w.spi.MetamodelGraphWalker - Visiting attribute path : vnf_dependency.source.vnffgd
14:11:15.366 [Test worker] DEBUG o.h.p.w.spi.MetamodelGraphWalker - Visiting attribute path : vnf_dependency.source.deployment_flavour
14:11:15.366 [Test worker] DEBUG o.h.l.p.b.i.spaces.QuerySpacesImpl - Adding QuerySpace : uid = <gen:6> -> org.hibernate.loader.plan.build.internal.spaces.CollectionQuerySpaceImpl@12ef6acf]
14:11:15.366 [Test worker] DEBUG o.h.l.p.b.i.spaces.QuerySpacesImpl - Adding QuerySpace : uid = <gen:7> -> org.hibernate.loader.plan.build.internal.spaces.EntityQuerySpaceImpl@244d45bf]
14:11:15.366 [Test worker] DEBUG o.h.p.w.spi.MetamodelGraphWalker - Visiting attribute path : vnf_dependency.source.descriptor_version
14:11:15.366 [Test worker] DEBUG o.h.p.w.spi.MetamodelGraphWalker - Visiting attribute path : vnf_dependency.source.manifest_file
14:11:15.366 [Test worker] DEBUG o.h.p.w.spi.MetamodelGraphWalker - Visiting attribute path : vnf_dependency.source.manifest_file_security
14:11:15.366 [Test worker] DEBUG o.h.p.w.spi.MetamodelGraphWalker - Visiting attribute path : vnf_dependency.source.vdu
14:11:15.366 [Test worker] DEBUG o.h.p.w.spi.MetamodelGraphWalker - Visiting attribute path : vnf_dependency.source.vdu_dependency
14:11:15.366 [Test worker] DEBUG o.h.p.w.spi.MetamodelGraphWalker - Visiting attribute path : vnf_dependency.source.virtual_link
14:11:15.366 [Test worker] DEBUG o.h.p.w.spi.MetamodelGraphWalker - Visiting attribute path : vnf_dependency.target
14:11:15.366 [Test worker] DEBUG o.h.l.p.b.i.spaces.QuerySpacesImpl - Adding QuerySpace : uid = <gen:8> -> org.hibernate.loader.plan.build.internal.spaces.EntityQuerySpaceImpl@4d1e1137]
14:11:15.367 [Test worker] DEBUG o.h.p.w.spi.MetamodelGraphWalker - Visiting attribute path : vnf_dependency.target.auto_scale_policy
14:11:15.367 [Test worker] DEBUG o.h.p.w.spi.MetamodelGraphWalker - Visiting attribute path : vnf_dependency.target.connection_point
14:11:15.367 [Test worker] DEBUG o.h.p.w.spi.MetamodelGraphWalker - Visiting attribute path : vnf_dependency.target.hb_version
14:11:15.367 [Test worker] DEBUG o.h.p.w.spi.MetamodelGraphWalker - Visiting attribute path : vnf_dependency.target.lifecycle_event
14:11:15.367 [Test worker] DEBUG o.h.p.w.spi.MetamodelGraphWalker - Visiting attribute path : vnf_dependency.target.monitoring_parameter
14:11:15.367 [Test worker] DEBUG o.h.p.w.spi.MetamodelGraphWalker - Property path deemed to be circular : vnf_dependency.target.monitoring_parameter
14:11:15.367 [Test worker] DEBUG o.h.p.w.spi.MetamodelGraphWalker - Visiting attribute path : vnf_dependency.target.service_deployment_flavour
14:11:15.367 [Test worker] DEBUG o.h.p.w.spi.MetamodelGraphWalker - Visiting attribute path : vnf_dependency.target.vendor
14:11:15.367 [Test worker] DEBUG o.h.p.w.spi.MetamodelGraphWalker - Visiting attribute path : vnf_dependency.target.version
14:11:15.367 [Test worker] DEBUG o.h.p.w.spi.MetamodelGraphWalker - Visiting attribute path : vnf_dependency.target.vld
14:11:15.367 [Test worker] DEBUG o.h.p.w.spi.MetamodelGraphWalker - Visiting attribute path : vnf_dependency.target.vnffgd
14:11:15.367 [Test worker] DEBUG o.h.p.w.spi.MetamodelGraphWalker - Visiting attribute path : vnf_dependency.target.deployment_flavour
14:11:15.367 [Test worker] DEBUG o.h.l.p.b.i.spaces.QuerySpacesImpl - Adding QuerySpace : uid = <gen:9> -> org.hibernate.loader.plan.build.internal.spaces.CollectionQuerySpaceImpl@47537eb5]
14:11:15.367 [Test worker] DEBUG o.h.l.p.b.i.spaces.QuerySpacesImpl - Adding QuerySpace : uid = <gen:10> -> org.hibernate.loader.plan.build.internal.spaces.EntityQuerySpaceImpl@3aa3c1a8]
14:11:15.367 [Test worker] DEBUG o.h.p.w.spi.MetamodelGraphWalker - Visiting attribute path : vnf_dependency.target.descriptor_version
14:11:15.367 [Test worker] DEBUG o.h.p.w.spi.MetamodelGraphWalker - Visiting attribute path : vnf_dependency.target.manifest_file
14:11:15.367 [Test worker] DEBUG o.h.p.w.spi.MetamodelGraphWalker - Visiting attribute path : vnf_dependency.target.manifest_file_security
14:11:15.367 [Test worker] DEBUG o.h.p.w.spi.MetamodelGraphWalker - Visiting attribute path : vnf_dependency.target.vdu
14:11:15.367 [Test worker] DEBUG o.h.p.w.spi.MetamodelGraphWalker - Visiting attribute path : vnf_dependency.target.vdu_dependency
14:11:15.367 [Test worker] DEBUG o.h.p.w.spi.MetamodelGraphWalker - Visiting attribute path : vnf_dependency.target.virtual_link
14:11:15.368 [Test worker] DEBUG o.h.p.w.spi.MetamodelGraphWalker - Visiting attribute path : vnf_dependency.version
14:11:15.368 [Test worker] DEBUG o.h.p.w.spi.MetamodelGraphWalker - Visiting attribute path : vnfd
14:11:15.368 [Test worker] DEBUG o.h.l.p.b.i.spaces.QuerySpacesImpl - Adding QuerySpace : uid = <gen:11> -> org.hibernate.loader.plan.build.internal.spaces.CollectionQuerySpaceImpl@54ff1aab]
14:11:15.368 [Test worker] DEBUG o.h.l.p.b.i.spaces.QuerySpacesImpl - Adding QuerySpace : uid = <gen:12> -> org.hibernate.loader.plan.build.internal.spaces.EntityQuerySpaceImpl@382ffc25]
14:11:15.368 [Test worker] DEBUG o.h.p.w.spi.MetamodelGraphWalker - Visiting attribute path : vnfd.auto_scale_policy
14:11:15.368 [Test worker] DEBUG o.h.p.w.spi.MetamodelGraphWalker - Visiting attribute path : vnfd.connection_point
14:11:15.368 [Test worker] DEBUG o.h.p.w.spi.MetamodelGraphWalker - Visiting attribute path : vnfd.hb_version
14:11:15.368 [Test worker] DEBUG o.h.p.w.spi.MetamodelGraphWalker - Visiting attribute path : vnfd.lifecycle_event
14:11:15.368 [Test worker] DEBUG o.h.p.w.spi.MetamodelGraphWalker - Visiting attribute path : vnfd.monitoring_parameter
14:11:15.368 [Test worker] DEBUG o.h.p.w.spi.MetamodelGraphWalker - Property path deemed to be circular : vnfd.monitoring_parameter
14:11:15.368 [Test worker] DEBUG o.h.p.w.spi.MetamodelGraphWalker - Visiting attribute path : vnfd.service_deployment_flavour
14:11:15.368 [Test worker] DEBUG o.h.p.w.spi.MetamodelGraphWalker - Visiting attribute path : vnfd.vendor
14:11:15.368 [Test worker] DEBUG o.h.p.w.spi.MetamodelGraphWalker - Visiting attribute path : vnfd.version
14:11:15.368 [Test worker] DEBUG o.h.p.w.spi.MetamodelGraphWalker - Visiting attribute path : vnfd.vld
14:11:15.368 [Test worker] DEBUG o.h.p.w.spi.MetamodelGraphWalker - Visiting attribute path : vnfd.vnffgd
14:11:15.368 [Test worker] DEBUG o.h.p.w.spi.MetamodelGraphWalker - Visiting attribute path : vnfd.deployment_flavour
14:11:15.368 [Test worker] DEBUG o.h.l.p.b.i.spaces.QuerySpacesImpl - Adding QuerySpace : uid = <gen:13> -> org.hibernate.loader.plan.build.internal.spaces.CollectionQuerySpaceImpl@26fd34f3]
14:11:15.369 [Test worker] DEBUG o.h.l.p.b.i.spaces.QuerySpacesImpl - Adding QuerySpace : uid = <gen:14> -> org.hibernate.loader.plan.build.internal.spaces.EntityQuerySpaceImpl@399f5184]
14:11:15.369 [Test worker] DEBUG o.h.p.w.spi.MetamodelGraphWalker - Visiting attribute path : vnfd.deployment_flavour.flavour_key
14:11:15.369 [Test worker] DEBUG o.h.p.w.spi.MetamodelGraphWalker - Visiting attribute path : vnfd.deployment_flavour.version
14:11:15.369 [Test worker] DEBUG o.h.p.w.spi.MetamodelGraphWalker - Visiting attribute path : vnfd.deployment_flavour.costituent_vdu
14:11:15.369 [Test worker] DEBUG o.h.p.w.spi.MetamodelGraphWalker - Visiting attribute path : vnfd.deployment_flavour.df_constraint
14:11:15.369 [Test worker] DEBUG o.h.l.p.b.i.spaces.QuerySpacesImpl - Adding QuerySpace : uid = <gen:15> -> org.hibernate.loader.plan.build.internal.spaces.CollectionQuerySpaceImpl@53b6f59d]
14:11:15.369 [Test worker] DEBUG o.h.p.w.spi.MetamodelGraphWalker - Visiting attribute path : vnfd.descriptor_version
14:11:15.369 [Test worker] DEBUG o.h.p.w.spi.MetamodelGraphWalker - Visiting attribute path : vnfd.manifest_file
14:11:15.369 [Test worker] DEBUG o.h.p.w.spi.MetamodelGraphWalker - Visiting attribute path : vnfd.manifest_file_security
14:11:15.369 [Test worker] DEBUG o.h.p.w.spi.MetamodelGraphWalker - Visiting attribute path : vnfd.vdu
14:11:15.369 [Test worker] DEBUG o.h.p.w.spi.MetamodelGraphWalker - Visiting attribute path : vnfd.vdu_dependency
14:11:15.369 [Test worker] DEBUG o.h.p.w.spi.MetamodelGraphWalker - Visiting attribute path : vnfd.virtual_link
14:11:15.369 [Test worker] DEBUG o.h.l.p.b.i.FetchStyleLoadPlanBuildingAssociationVisitationStrategy - Building LoadPlan...
14:11:15.369 [Test worker] DEBUG o.h.l.p.e.i.LoadQueryJoinAndFetchProcessor - processing queryspace <gen:0>
14:11:15.371 [Test worker] DEBUG o.h.l.p.b.spi.LoadPlanTreePrinter - LoadPlan(entity=org.project.neutrino.nfvo.catalogue.mano.descriptor.NetworkServiceDescriptor)
    - Returns
       - EntityReturnImpl(entity=org.project.neutrino.nfvo.catalogue.mano.descriptor.NetworkServiceDescriptor, querySpaceUid=<gen:0>, path=org.project.neutrino.nfvo.catalogue.mano.descriptor.NetworkServiceDescriptor)
          - CollectionAttributeFetchImpl(collection=org.project.neutrino.nfvo.catalogue.mano.common.NFVEntityDescriptor.monitoring_parameter, querySpaceUid=<gen:1>, path=org.project.neutrino.nfvo.catalogue.mano.descriptor.NetworkServiceDescriptor.monitoring_parameter)
          - EntityAttributeFetchImpl(entity=org.project.neutrino.nfvo.catalogue.mano.common.Security, querySpaceUid=<gen:2>, path=org.project.neutrino.nfvo.catalogue.mano.descriptor.NetworkServiceDescriptor.nsd_security)
          - CollectionAttributeFetchImpl(collection=org.project.neutrino.nfvo.catalogue.mano.descriptor.NetworkServiceDescriptor.vnf_dependency, querySpaceUid=<gen:3>, path=org.project.neutrino.nfvo.catalogue.mano.descriptor.NetworkServiceDescriptor.vnf_dependency)
             - (collection element) CollectionFetchableElementEntityGraph(entity=org.project.neutrino.nfvo.catalogue.mano.common.VNFDependency, querySpaceUid=<gen:4>, path=org.project.neutrino.nfvo.catalogue.mano.descriptor.NetworkServiceDescriptor.vnf_dependency.<elements>)
                - EntityAttributeFetchImpl(entity=org.project.neutrino.nfvo.catalogue.mano.descriptor.VirtualNetworkFunctionDescriptor, querySpaceUid=<gen:5>, path=org.project.neutrino.nfvo.catalogue.mano.descriptor.NetworkServiceDescriptor.vnf_dependency.<elements>.source)
                   - CollectionAttributeFetchImpl(collection=org.project.neutrino.nfvo.catalogue.mano.descriptor.VirtualNetworkFunctionDescriptor.deployment_flavour, querySpaceUid=<gen:6>, path=org.project.neutrino.nfvo.catalogue.mano.descriptor.NetworkServiceDescriptor.vnf_dependency.<elements>.source.deployment_flavour)
                      - (collection element) CollectionFetchableElementEntityGraph(entity=org.project.neutrino.nfvo.catalogue.mano.descriptor.VNFDDeploymentFlavour, querySpaceUid=<gen:7>, path=org.project.neutrino.nfvo.catalogue.mano.descriptor.NetworkServiceDescriptor.vnf_dependency.<elements>.source.deployment_flavour.<elements>)
                - EntityAttributeFetchImpl(entity=org.project.neutrino.nfvo.catalogue.mano.descriptor.VirtualNetworkFunctionDescriptor, querySpaceUid=<gen:8>, path=org.project.neutrino.nfvo.catalogue.mano.descriptor.NetworkServiceDescriptor.vnf_dependency.<elements>.target)
                   - CollectionAttributeFetchImpl(collection=org.project.neutrino.nfvo.catalogue.mano.descriptor.VirtualNetworkFunctionDescriptor.deployment_flavour, querySpaceUid=<gen:9>, path=org.project.neutrino.nfvo.catalogue.mano.descriptor.NetworkServiceDescriptor.vnf_dependency.<elements>.target.deployment_flavour)
                      - (collection element) CollectionFetchableElementEntityGraph(entity=org.project.neutrino.nfvo.catalogue.mano.descriptor.VNFDDeploymentFlavour, querySpaceUid=<gen:10>, path=org.project.neutrino.nfvo.catalogue.mano.descriptor.NetworkServiceDescriptor.vnf_dependency.<elements>.target.deployment_flavour.<elements>)
          - CollectionAttributeFetchImpl(collection=org.project.neutrino.nfvo.catalogue.mano.descriptor.NetworkServiceDescriptor.vnfd, querySpaceUid=<gen:11>, path=org.project.neutrino.nfvo.catalogue.mano.descriptor.NetworkServiceDescriptor.vnfd)
             - (collection element) CollectionFetchableElementEntityGraph(entity=org.project.neutrino.nfvo.catalogue.mano.descriptor.VirtualNetworkFunctionDescriptor, querySpaceUid=<gen:12>, path=org.project.neutrino.nfvo.catalogue.mano.descriptor.NetworkServiceDescriptor.vnfd.<elements>)
                - CollectionAttributeFetchImpl(collection=org.project.neutrino.nfvo.catalogue.mano.descriptor.VirtualNetworkFunctionDescriptor.deployment_flavour, querySpaceUid=<gen:13>, path=org.project.neutrino.nfvo.catalogue.mano.descriptor.NetworkServiceDescriptor.vnfd.<elements>.deployment_flavour)
                   - (collection element) CollectionFetchableElementEntityGraph(entity=org.project.neutrino.nfvo.catalogue.mano.descriptor.VNFDDeploymentFlavour, querySpaceUid=<gen:14>, path=org.project.neutrino.nfvo.catalogue.mano.descriptor.NetworkServiceDescriptor.vnfd.<elements>.deployment_flavour.<elements>)
                      - CollectionAttributeFetchImpl(collection=org.project.neutrino.nfvo.catalogue.mano.descriptor.VNFDDeploymentFlavour.df_constraint, querySpaceUid=<gen:15>, path=org.project.neutrino.nfvo.catalogue.mano.descriptor.NetworkServiceDescriptor.vnfd.<elements>.deployment_flavour.<elements>.df_constraint)
    - QuerySpaces
       - EntityQuerySpaceImpl(uid=<gen:0>, entity=org.project.neutrino.nfvo.catalogue.mano.descriptor.NetworkServiceDescriptor)
          - SQL table alias mapping - networkser0_
          - alias suffix - 0_
          - suffixed key columns - {id1_27_0_}
          - JOIN (JoinDefinedByMetadata(monitoring_parameter)) : <gen:0> -> <gen:1>
             - CollectionQuerySpaceImpl(uid=<gen:1>, collection=org.project.neutrino.nfvo.catalogue.mano.common.NFVEntityDescriptor.monitoring_parameter)
                - SQL table alias mapping - monitoring1_
                - alias suffix - 1_
                - suffixed key columns - {nfventit1_27_1_}
          - JOIN (JoinDefinedByMetadata(nsd_security)) : <gen:0> -> <gen:2>
             - EntityQuerySpaceImpl(uid=<gen:2>, entity=org.project.neutrino.nfvo.catalogue.mano.common.Security)
                - SQL table alias mapping - security2_
                - alias suffix - 2_
                - suffixed key columns - {id1_43_2_}
          - JOIN (JoinDefinedByMetadata(vnf_dependency)) : <gen:0> -> <gen:3>
             - CollectionQuerySpaceImpl(uid=<gen:3>, collection=org.project.neutrino.nfvo.catalogue.mano.descriptor.NetworkServiceDescriptor.vnf_dependency)
                - SQL table alias mapping - vnf_depend3_
                - alias suffix - 3_
                - suffixed key columns - {network_1_27_3_}
                - entity-element alias suffix - 4_
                - 4_entity-element suffixed key columns - id1_86_4_
                - JOIN (JoinDefinedByMetadata(elements)) : <gen:3> -> <gen:4>
                   - EntityQuerySpaceImpl(uid=<gen:4>, entity=org.project.neutrino.nfvo.catalogue.mano.common.VNFDependency)
                      - SQL table alias mapping - vnfdepende4_
                      - alias suffix - 4_
                      - suffixed key columns - {id1_86_4_}
                      - JOIN (JoinDefinedByMetadata(source)) : <gen:4> -> <gen:5>
                         - EntityQuerySpaceImpl(uid=<gen:5>, entity=org.project.neutrino.nfvo.catalogue.mano.descriptor.VirtualNetworkFunctionDescriptor)
                            - SQL table alias mapping - virtualnet5_
                            - alias suffix - 5_
                            - suffixed key columns - {id1_27_5_}
                      - JOIN (JoinDefinedByMetadata(target)) : <gen:4> -> <gen:8>
                         - EntityQuerySpaceImpl(uid=<gen:8>, entity=org.project.neutrino.nfvo.catalogue.mano.descriptor.VirtualNetworkFunctionDescriptor)
                            - SQL table alias mapping - virtualnet6_
                            - alias suffix - 6_
                            - suffixed key columns - {id1_27_6_}
          - JOIN (JoinDefinedByMetadata(vnfd)) : <gen:0> -> <gen:11>
             - CollectionQuerySpaceImpl(uid=<gen:11>, collection=org.project.neutrino.nfvo.catalogue.mano.descriptor.NetworkServiceDescriptor.vnfd)
                - SQL table alias mapping - vnfd7_
                - alias suffix - 7_
                - suffixed key columns - {network_1_27_7_}
                - entity-element alias suffix - 8_
                - 8_entity-element suffixed key columns - id1_27_8_
                - JOIN (JoinDefinedByMetadata(elements)) : <gen:11> -> <gen:12>
                   - EntityQuerySpaceImpl(uid=<gen:12>, entity=org.project.neutrino.nfvo.catalogue.mano.descriptor.VirtualNetworkFunctionDescriptor)
                      - SQL table alias mapping - virtualnet8_
                      - alias suffix - 8_
                      - suffixed key columns - {id1_27_8_}
                      - JOIN (JoinDefinedByMetadata(deployment_flavour)) : <gen:12> -> <gen:13>
                         - CollectionQuerySpaceImpl(uid=<gen:13>, collection=org.project.neutrino.nfvo.catalogue.mano.descriptor.VirtualNetworkFunctionDescriptor.deployment_flavour)
                            - SQL table alias mapping - deployment9_
                            - alias suffix - 9_
                            - suffixed key columns - {virtual_1_27_9_}
                            - entity-element alias suffix - 10_
                            - 10_entity-element suffixed key columns - id1_7_10_
                            - JOIN (JoinDefinedByMetadata(elements)) : <gen:13> -> <gen:14>
                               - EntityQuerySpaceImpl(uid=<gen:14>, entity=org.project.neutrino.nfvo.catalogue.mano.descriptor.VNFDDeploymentFlavour)
                                  - SQL table alias mapping - vnfddeploy10_
                                  - alias suffix - 10_
                                  - suffixed key columns - {id1_7_10_}

14:11:15.372 [Test worker] DEBUG o.h.loader.entity.plan.EntityLoader - Static select for entity org.project.neutrino.nfvo.catalogue.mano.descriptor.NetworkServiceDescriptor [NONE]: select networkser0_.id as id1_27_0_, networkser0_.hb_version as hb_versi2_27_0_, networkser0_.vendor as vendor3_27_0_, networkser0_.version as version4_27_0_, networkser0_.nsd_security_id as nsd_secu1_14_0_, monitoring1_.nfventity_descriptor_Id as nfventit1_27_1_, monitoring1_.monitoring_parameter as monitori2_31_1_, security2_.id as id1_43_2_, security2_.version as version2_43_2_, vnf_depend3_.network_service_descriptor_Id as network_1_27_3_, vnfdepende4_.id as vnf_depe2_16_3_, vnfdepende4_.id as id1_86_4_, vnfdepende4_.source_Id as source_I3_86_4_, vnfdepende4_.target_Id as target_I4_86_4_, vnfdepende4_.version as version2_86_4_, virtualnet5_.id as id1_27_5_, virtualnet5_.hb_version as hb_versi2_27_5_, virtualnet5_.vendor as vendor3_27_5_, virtualnet5_.version as version4_27_5_, virtualnet5_.descriptor_version as descript1_62_5_, virtualnet5_.manifest_file as manifest2_62_5_, virtualnet6_.id as id1_27_6_, virtualnet6_.hb_version as hb_versi2_27_6_, virtualnet6_.vendor as vendor3_27_6_, virtualnet6_.version as version4_27_6_, virtualnet6_.descriptor_version as descript1_62_6_, virtualnet6_.manifest_file as manifest2_62_6_, vnfd7_.network_service_descriptor_Id as network_1_27_7_, virtualnet8_.id as vnfd_Id2_17_7_, virtualnet8_.id as id1_27_8_, virtualnet8_.hb_version as hb_versi2_27_8_, virtualnet8_.vendor as vendor3_27_8_, virtualnet8_.version as version4_27_8_, virtualnet8_.descriptor_version as descript1_62_8_, virtualnet8_.manifest_file as manifest2_62_8_, deployment9_.virtual_network_function_descriptor_Id as virtual_1_27_9_, vnfddeploy10_.id as deployme2_63_9_, vnfddeploy10_.id as id1_7_10_, vnfddeploy10_.flavour_key as flavour_2_7_10_, vnfddeploy10_.version as version3_7_10_ from network_service_descriptor networkser0_ left outer join nfventity_descriptor_monitoring_parameter monitoring1_ on networkser0_.id=monitoring1_.nfventity_descriptor_Id left outer join security security2_ on networkser0_.nsd_security_id=security2_.id left outer join network_service_descriptor_vnf_dependency vnf_depend3_ on networkser0_.id=vnf_depend3_.network_service_descriptor_Id left outer join vnfdependency vnfdepende4_ on vnf_depend3_.vnf_dependency_id=vnfdepende4_.id left outer join virtual_network_function_descriptor virtualnet5_ on vnfdepende4_.source_Id=virtualnet5_.id left outer join virtual_network_function_descriptor virtualnet6_ on vnfdepende4_.target_Id=virtualnet6_.id left outer join network_service_descriptor_vnfd vnfd7_ on networkser0_.id=vnfd7_.network_service_descriptor_Id left outer join virtual_network_function_descriptor virtualnet8_ on vnfd7_.vnfd_Id=virtualnet8_.id left outer join virtual_network_function_descriptor_deployment_flavour deployment9_ on virtualnet8_.id=deployment9_.virtual_network_function_descriptor_Id left outer join vnfddeployment_flavour vnfddeploy10_ on deployment9_.deployment_flavour_id=vnfddeploy10_.id where networkser0_.id=?
14:11:15.372 [Test worker] DEBUG o.h.l.p.b.i.spaces.QuerySpacesImpl - Adding QuerySpace : uid = <gen:0> -> org.hibernate.loader.plan.build.internal.spaces.EntityQuerySpaceImpl@10b7415b]
14:11:15.372 [Test worker] DEBUG o.h.p.w.spi.MetamodelGraphWalker - Visiting attribute path : auto_scale_policy
14:11:15.372 [Test worker] DEBUG o.h.p.w.spi.MetamodelGraphWalker - Visiting attribute path : connection_point
14:11:15.372 [Test worker] DEBUG o.h.p.w.spi.MetamodelGraphWalker - Visiting attribute path : hb_version
14:11:15.372 [Test worker] DEBUG o.h.p.w.spi.MetamodelGraphWalker - Visiting attribute path : lifecycle_event
14:11:15.372 [Test worker] DEBUG o.h.p.w.spi.MetamodelGraphWalker - Visiting attribute path : monitoring_parameter
14:11:15.372 [Test worker] DEBUG o.h.l.p.b.i.spaces.QuerySpacesImpl - Adding QuerySpace : uid = <gen:1> -> org.hibernate.loader.plan.build.internal.spaces.CollectionQuerySpaceImpl@159806ea]
14:11:15.372 [Test worker] DEBUG o.h.p.w.spi.MetamodelGraphWalker - Visiting attribute path : service_deployment_flavour
14:11:15.372 [Test worker] DEBUG o.h.p.w.spi.MetamodelGraphWalker - Visiting attribute path : vendor
14:11:15.372 [Test worker] DEBUG o.h.p.w.spi.MetamodelGraphWalker - Visiting attribute path : version
14:11:15.373 [Test worker] DEBUG o.h.p.w.spi.MetamodelGraphWalker - Visiting attribute path : vld
14:11:15.373 [Test worker] DEBUG o.h.p.w.spi.MetamodelGraphWalker - Visiting attribute path : vnffgd
14:11:15.373 [Test worker] DEBUG o.h.p.w.spi.MetamodelGraphWalker - Visiting attribute path : nsd_security
14:11:15.373 [Test worker] DEBUG o.h.l.p.b.i.spaces.QuerySpacesImpl - Adding QuerySpace : uid = <gen:2> -> org.hibernate.loader.plan.build.internal.spaces.EntityQuerySpaceImpl@3022ab44]
14:11:15.373 [Test worker] DEBUG o.h.p.w.spi.MetamodelGraphWalker - Visiting attribute path : nsd_security.version
14:11:15.373 [Test worker] DEBUG o.h.p.w.spi.MetamodelGraphWalker - Visiting attribute path : pnfd
14:11:15.373 [Test worker] DEBUG o.h.p.w.spi.MetamodelGraphWalker - Visiting attribute path : vnf_dependency
14:11:15.373 [Test worker] DEBUG o.h.l.p.b.i.spaces.QuerySpacesImpl - Adding QuerySpace : uid = <gen:3> -> org.hibernate.loader.plan.build.internal.spaces.CollectionQuerySpaceImpl@1c9d888d]
14:11:15.373 [Test worker] DEBUG o.h.l.p.b.i.spaces.QuerySpacesImpl - Adding QuerySpace : uid = <gen:4> -> org.hibernate.loader.plan.build.internal.spaces.EntityQuerySpaceImpl@2a6fefa8]
14:11:15.373 [Test worker] DEBUG o.h.p.w.spi.MetamodelGraphWalker - Visiting attribute path : vnf_dependency.source
14:11:15.373 [Test worker] DEBUG o.h.l.p.b.i.spaces.QuerySpacesImpl - Adding QuerySpace : uid = <gen:5> -> org.hibernate.loader.plan.build.internal.spaces.EntityQuerySpaceImpl@1f0fde7d]
14:11:15.373 [Test worker] DEBUG o.h.p.w.spi.MetamodelGraphWalker - Visiting attribute path : vnf_dependency.source.auto_scale_policy
14:11:15.373 [Test worker] DEBUG o.h.p.w.spi.MetamodelGraphWalker - Visiting attribute path : vnf_dependency.source.connection_point
14:11:15.373 [Test worker] DEBUG o.h.p.w.spi.MetamodelGraphWalker - Visiting attribute path : vnf_dependency.source.hb_version
14:11:15.374 [Test worker] DEBUG o.h.p.w.spi.MetamodelGraphWalker - Visiting attribute path : vnf_dependency.source.lifecycle_event
14:11:15.374 [Test worker] DEBUG o.h.p.w.spi.MetamodelGraphWalker - Visiting attribute path : vnf_dependency.source.monitoring_parameter
14:11:15.379 [Test worker] DEBUG o.h.p.w.spi.MetamodelGraphWalker - Property path deemed to be circular : vnf_dependency.source.monitoring_parameter
14:11:15.379 [Test worker] DEBUG o.h.p.w.spi.MetamodelGraphWalker - Visiting attribute path : vnf_dependency.source.service_deployment_flavour
14:11:15.379 [Test worker] DEBUG o.h.p.w.spi.MetamodelGraphWalker - Visiting attribute path : vnf_dependency.source.vendor
14:11:15.379 [Test worker] DEBUG o.h.p.w.spi.MetamodelGraphWalker - Visiting attribute path : vnf_dependency.source.version
14:11:15.379 [Test worker] DEBUG o.h.p.w.spi.MetamodelGraphWalker - Visiting attribute path : vnf_dependency.source.vld
14:11:15.379 [Test worker] DEBUG o.h.p.w.spi.MetamodelGraphWalker - Visiting attribute path : vnf_dependency.source.vnffgd
14:11:15.379 [Test worker] DEBUG o.h.p.w.spi.MetamodelGraphWalker - Visiting attribute path : vnf_dependency.source.deployment_flavour
14:11:15.380 [Test worker] DEBUG o.h.l.p.b.i.spaces.QuerySpacesImpl - Adding QuerySpace : uid = <gen:6> -> org.hibernate.loader.plan.build.internal.spaces.CollectionQuerySpaceImpl@c30d75]
14:11:15.380 [Test worker] DEBUG o.h.l.p.b.i.spaces.QuerySpacesImpl - Adding QuerySpace : uid = <gen:7> -> org.hibernate.loader.plan.build.internal.spaces.EntityQuerySpaceImpl@5a87cb7]
14:11:15.380 [Test worker] DEBUG o.h.p.w.spi.MetamodelGraphWalker - Visiting attribute path : vnf_dependency.source.descriptor_version
14:11:15.380 [Test worker] DEBUG o.h.p.w.spi.MetamodelGraphWalker - Visiting attribute path : vnf_dependency.source.manifest_file
14:11:15.380 [Test worker] DEBUG o.h.p.w.spi.MetamodelGraphWalker - Visiting attribute path : vnf_dependency.source.manifest_file_security
14:11:15.380 [Test worker] DEBUG o.h.p.w.spi.MetamodelGraphWalker - Visiting attribute path : vnf_dependency.source.vdu
14:11:15.380 [Test worker] DEBUG o.h.p.w.spi.MetamodelGraphWalker - Visiting attribute path : vnf_dependency.source.vdu_dependency
14:11:15.380 [Test worker] DEBUG o.h.p.w.spi.MetamodelGraphWalker - Visiting attribute path : vnf_dependency.source.virtual_link
14:11:15.380 [Test worker] DEBUG o.h.p.w.spi.MetamodelGraphWalker - Visiting attribute path : vnf_dependency.target
14:11:15.380 [Test worker] DEBUG o.h.l.p.b.i.spaces.QuerySpacesImpl - Adding QuerySpace : uid = <gen:8> -> org.hibernate.loader.plan.build.internal.spaces.EntityQuerySpaceImpl@7893d547]
14:11:15.381 [Test worker] DEBUG o.h.p.w.spi.MetamodelGraphWalker - Visiting attribute path : vnf_dependency.target.auto_scale_policy
14:11:15.381 [Test worker] DEBUG o.h.p.w.spi.MetamodelGraphWalker - Visiting attribute path : vnf_dependency.target.connection_point
14:11:15.381 [Test worker] DEBUG o.h.p.w.spi.MetamodelGraphWalker - Visiting attribute path : vnf_dependency.target.hb_version
14:11:15.381 [Test worker] DEBUG o.h.p.w.spi.MetamodelGraphWalker - Visiting attribute path : vnf_dependency.target.lifecycle_event
14:11:15.381 [Test worker] DEBUG o.h.p.w.spi.MetamodelGraphWalker - Visiting attribute path : vnf_dependency.target.monitoring_parameter
14:11:15.381 [Test worker] DEBUG o.h.p.w.spi.MetamodelGraphWalker - Property path deemed to be circular : vnf_dependency.target.monitoring_parameter
14:11:15.381 [Test worker] DEBUG o.h.p.w.spi.MetamodelGraphWalker - Visiting attribute path : vnf_dependency.target.service_deployment_flavour
14:11:15.381 [Test worker] DEBUG o.h.p.w.spi.MetamodelGraphWalker - Visiting attribute path : vnf_dependency.target.vendor
14:11:15.381 [Test worker] DEBUG o.h.p.w.spi.MetamodelGraphWalker - Visiting attribute path : vnf_dependency.target.version
14:11:15.381 [Test worker] DEBUG o.h.p.w.spi.MetamodelGraphWalker - Visiting attribute path : vnf_dependency.target.vld
14:11:15.381 [Test worker] DEBUG o.h.p.w.spi.MetamodelGraphWalker - Visiting attribute path : vnf_dependency.target.vnffgd
14:11:15.381 [Test worker] DEBUG o.h.p.w.spi.MetamodelGraphWalker - Visiting attribute path : vnf_dependency.target.deployment_flavour
14:11:15.381 [Test worker] DEBUG o.h.l.p.b.i.spaces.QuerySpacesImpl - Adding QuerySpace : uid = <gen:9> -> org.hibernate.loader.plan.build.internal.spaces.CollectionQuerySpaceImpl@4ab4272e]
14:11:15.381 [Test worker] DEBUG o.h.l.p.b.i.spaces.QuerySpacesImpl - Adding QuerySpace : uid = <gen:10> -> org.hibernate.loader.plan.build.internal.spaces.EntityQuerySpaceImpl@79786352]
14:11:15.382 [Test worker] DEBUG o.h.p.w.spi.MetamodelGraphWalker - Visiting attribute path : vnf_dependency.target.descriptor_version
14:11:15.382 [Test worker] DEBUG o.h.p.w.spi.MetamodelGraphWalker - Visiting attribute path : vnf_dependency.target.manifest_file
14:11:15.382 [Test worker] DEBUG o.h.p.w.spi.MetamodelGraphWalker - Visiting attribute path : vnf_dependency.target.manifest_file_security
14:11:15.382 [Test worker] DEBUG o.h.p.w.spi.MetamodelGraphWalker - Visiting attribute path : vnf_dependency.target.vdu
14:11:15.382 [Test worker] DEBUG o.h.p.w.spi.MetamodelGraphWalker - Visiting attribute path : vnf_dependency.target.vdu_dependency
14:11:15.382 [Test worker] DEBUG o.h.p.w.spi.MetamodelGraphWalker - Visiting attribute path : vnf_dependency.target.virtual_link
14:11:15.382 [Test worker] DEBUG o.h.p.w.spi.MetamodelGraphWalker - Visiting attribute path : vnf_dependency.version
14:11:15.382 [Test worker] DEBUG o.h.p.w.spi.MetamodelGraphWalker - Visiting attribute path : vnfd
14:11:15.382 [Test worker] DEBUG o.h.l.p.b.i.spaces.QuerySpacesImpl - Adding QuerySpace : uid = <gen:11> -> org.hibernate.loader.plan.build.internal.spaces.CollectionQuerySpaceImpl@4ec0dacb]
14:11:15.382 [Test worker] DEBUG o.h.l.p.b.i.spaces.QuerySpacesImpl - Adding QuerySpace : uid = <gen:12> -> org.hibernate.loader.plan.build.internal.spaces.EntityQuerySpaceImpl@575c6dd1]
14:11:15.383 [Test worker] DEBUG o.h.p.w.spi.MetamodelGraphWalker - Visiting attribute path : vnfd.auto_scale_policy
14:11:15.383 [Test worker] DEBUG o.h.p.w.spi.MetamodelGraphWalker - Visiting attribute path : vnfd.connection_point
14:11:15.383 [Test worker] DEBUG o.h.p.w.spi.MetamodelGraphWalker - Visiting attribute path : vnfd.hb_version
14:11:15.383 [Test worker] DEBUG o.h.p.w.spi.MetamodelGraphWalker - Visiting attribute path : vnfd.lifecycle_event
14:11:15.383 [Test worker] DEBUG o.h.p.w.spi.MetamodelGraphWalker - Visiting attribute path : vnfd.monitoring_parameter
14:11:15.383 [Test worker] DEBUG o.h.p.w.spi.MetamodelGraphWalker - Property path deemed to be circular : vnfd.monitoring_parameter
14:11:15.383 [Test worker] DEBUG o.h.p.w.spi.MetamodelGraphWalker - Visiting attribute path : vnfd.service_deployment_flavour
14:11:15.383 [Test worker] DEBUG o.h.p.w.spi.MetamodelGraphWalker - Visiting attribute path : vnfd.vendor
14:11:15.383 [Test worker] DEBUG o.h.p.w.spi.MetamodelGraphWalker - Visiting attribute path : vnfd.version
14:11:15.383 [Test worker] DEBUG o.h.p.w.spi.MetamodelGraphWalker - Visiting attribute path : vnfd.vld
14:11:15.383 [Test worker] DEBUG o.h.p.w.spi.MetamodelGraphWalker - Visiting attribute path : vnfd.vnffgd
14:11:15.383 [Test worker] DEBUG o.h.p.w.spi.MetamodelGraphWalker - Visiting attribute path : vnfd.deployment_flavour
14:11:15.383 [Test worker] DEBUG o.h.l.p.b.i.spaces.QuerySpacesImpl - Adding QuerySpace : uid = <gen:13> -> org.hibernate.loader.plan.build.internal.spaces.CollectionQuerySpaceImpl@498b30a3]
14:11:15.383 [Test worker] DEBUG o.h.l.p.b.i.spaces.QuerySpacesImpl - Adding QuerySpace : uid = <gen:14> -> org.hibernate.loader.plan.build.internal.spaces.EntityQuerySpaceImpl@5126430d]
14:11:15.384 [Test worker] DEBUG o.h.p.w.spi.MetamodelGraphWalker - Visiting attribute path : vnfd.deployment_flavour.flavour_key
14:11:15.384 [Test worker] DEBUG o.h.p.w.spi.MetamodelGraphWalker - Visiting attribute path : vnfd.deployment_flavour.version
14:11:15.384 [Test worker] DEBUG o.h.p.w.spi.MetamodelGraphWalker - Visiting attribute path : vnfd.deployment_flavour.costituent_vdu
14:11:15.384 [Test worker] DEBUG o.h.p.w.spi.MetamodelGraphWalker - Visiting attribute path : vnfd.deployment_flavour.df_constraint
14:11:15.384 [Test worker] DEBUG o.h.l.p.b.i.spaces.QuerySpacesImpl - Adding QuerySpace : uid = <gen:15> -> org.hibernate.loader.plan.build.internal.spaces.CollectionQuerySpaceImpl@a17b698]
14:11:15.384 [Test worker] DEBUG o.h.p.w.spi.MetamodelGraphWalker - Visiting attribute path : vnfd.descriptor_version
14:11:15.384 [Test worker] DEBUG o.h.p.w.spi.MetamodelGraphWalker - Visiting attribute path : vnfd.manifest_file
14:11:15.384 [Test worker] DEBUG o.h.p.w.spi.MetamodelGraphWalker - Visiting attribute path : vnfd.manifest_file_security
14:11:15.384 [Test worker] DEBUG o.h.p.w.spi.MetamodelGraphWalker - Visiting attribute path : vnfd.vdu
14:11:15.384 [Test worker] DEBUG o.h.p.w.spi.MetamodelGraphWalker - Visiting attribute path : vnfd.vdu_dependency
14:11:15.384 [Test worker] DEBUG o.h.p.w.spi.MetamodelGraphWalker - Visiting attribute path : vnfd.virtual_link
14:11:15.384 [Test worker] DEBUG o.h.l.p.b.i.FetchStyleLoadPlanBuildingAssociationVisitationStrategy - Building LoadPlan...
14:11:15.385 [Test worker] DEBUG o.h.l.p.e.i.LoadQueryJoinAndFetchProcessor - processing queryspace <gen:0>
14:11:15.387 [Test worker] DEBUG o.h.l.p.b.spi.LoadPlanTreePrinter - LoadPlan(entity=org.project.neutrino.nfvo.catalogue.mano.descriptor.NetworkServiceDescriptor)
    - Returns
       - EntityReturnImpl(entity=org.project.neutrino.nfvo.catalogue.mano.descriptor.NetworkServiceDescriptor, querySpaceUid=<gen:0>, path=org.project.neutrino.nfvo.catalogue.mano.descriptor.NetworkServiceDescriptor)
          - CollectionAttributeFetchImpl(collection=org.project.neutrino.nfvo.catalogue.mano.common.NFVEntityDescriptor.monitoring_parameter, querySpaceUid=<gen:1>, path=org.project.neutrino.nfvo.catalogue.mano.descriptor.NetworkServiceDescriptor.monitoring_parameter)
          - EntityAttributeFetchImpl(entity=org.project.neutrino.nfvo.catalogue.mano.common.Security, querySpaceUid=<gen:2>, path=org.project.neutrino.nfvo.catalogue.mano.descriptor.NetworkServiceDescriptor.nsd_security)
          - CollectionAttributeFetchImpl(collection=org.project.neutrino.nfvo.catalogue.mano.descriptor.NetworkServiceDescriptor.vnf_dependency, querySpaceUid=<gen:3>, path=org.project.neutrino.nfvo.catalogue.mano.descriptor.NetworkServiceDescriptor.vnf_dependency)
             - (collection element) CollectionFetchableElementEntityGraph(entity=org.project.neutrino.nfvo.catalogue.mano.common.VNFDependency, querySpaceUid=<gen:4>, path=org.project.neutrino.nfvo.catalogue.mano.descriptor.NetworkServiceDescriptor.vnf_dependency.<elements>)
                - EntityAttributeFetchImpl(entity=org.project.neutrino.nfvo.catalogue.mano.descriptor.VirtualNetworkFunctionDescriptor, querySpaceUid=<gen:5>, path=org.project.neutrino.nfvo.catalogue.mano.descriptor.NetworkServiceDescriptor.vnf_dependency.<elements>.source)
                   - CollectionAttributeFetchImpl(collection=org.project.neutrino.nfvo.catalogue.mano.descriptor.VirtualNetworkFunctionDescriptor.deployment_flavour, querySpaceUid=<gen:6>, path=org.project.neutrino.nfvo.catalogue.mano.descriptor.NetworkServiceDescriptor.vnf_dependency.<elements>.source.deployment_flavour)
                      - (collection element) CollectionFetchableElementEntityGraph(entity=org.project.neutrino.nfvo.catalogue.mano.descriptor.VNFDDeploymentFlavour, querySpaceUid=<gen:7>, path=org.project.neutrino.nfvo.catalogue.mano.descriptor.NetworkServiceDescriptor.vnf_dependency.<elements>.source.deployment_flavour.<elements>)
                - EntityAttributeFetchImpl(entity=org.project.neutrino.nfvo.catalogue.mano.descriptor.VirtualNetworkFunctionDescriptor, querySpaceUid=<gen:8>, path=org.project.neutrino.nfvo.catalogue.mano.descriptor.NetworkServiceDescriptor.vnf_dependency.<elements>.target)
                   - CollectionAttributeFetchImpl(collection=org.project.neutrino.nfvo.catalogue.mano.descriptor.VirtualNetworkFunctionDescriptor.deployment_flavour, querySpaceUid=<gen:9>, path=org.project.neutrino.nfvo.catalogue.mano.descriptor.NetworkServiceDescriptor.vnf_dependency.<elements>.target.deployment_flavour)
                      - (collection element) CollectionFetchableElementEntityGraph(entity=org.project.neutrino.nfvo.catalogue.mano.descriptor.VNFDDeploymentFlavour, querySpaceUid=<gen:10>, path=org.project.neutrino.nfvo.catalogue.mano.descriptor.NetworkServiceDescriptor.vnf_dependency.<elements>.target.deployment_flavour.<elements>)
          - CollectionAttributeFetchImpl(collection=org.project.neutrino.nfvo.catalogue.mano.descriptor.NetworkServiceDescriptor.vnfd, querySpaceUid=<gen:11>, path=org.project.neutrino.nfvo.catalogue.mano.descriptor.NetworkServiceDescriptor.vnfd)
             - (collection element) CollectionFetchableElementEntityGraph(entity=org.project.neutrino.nfvo.catalogue.mano.descriptor.VirtualNetworkFunctionDescriptor, querySpaceUid=<gen:12>, path=org.project.neutrino.nfvo.catalogue.mano.descriptor.NetworkServiceDescriptor.vnfd.<elements>)
                - CollectionAttributeFetchImpl(collection=org.project.neutrino.nfvo.catalogue.mano.descriptor.VirtualNetworkFunctionDescriptor.deployment_flavour, querySpaceUid=<gen:13>, path=org.project.neutrino.nfvo.catalogue.mano.descriptor.NetworkServiceDescriptor.vnfd.<elements>.deployment_flavour)
                   - (collection element) CollectionFetchableElementEntityGraph(entity=org.project.neutrino.nfvo.catalogue.mano.descriptor.VNFDDeploymentFlavour, querySpaceUid=<gen:14>, path=org.project.neutrino.nfvo.catalogue.mano.descriptor.NetworkServiceDescriptor.vnfd.<elements>.deployment_flavour.<elements>)
                      - CollectionAttributeFetchImpl(collection=org.project.neutrino.nfvo.catalogue.mano.descriptor.VNFDDeploymentFlavour.df_constraint, querySpaceUid=<gen:15>, path=org.project.neutrino.nfvo.catalogue.mano.descriptor.NetworkServiceDescriptor.vnfd.<elements>.deployment_flavour.<elements>.df_constraint)
    - QuerySpaces
       - EntityQuerySpaceImpl(uid=<gen:0>, entity=org.project.neutrino.nfvo.catalogue.mano.descriptor.NetworkServiceDescriptor)
          - SQL table alias mapping - networkser0_
          - alias suffix - 0_
          - suffixed key columns - {id1_27_0_}
          - JOIN (JoinDefinedByMetadata(monitoring_parameter)) : <gen:0> -> <gen:1>
             - CollectionQuerySpaceImpl(uid=<gen:1>, collection=org.project.neutrino.nfvo.catalogue.mano.common.NFVEntityDescriptor.monitoring_parameter)
                - SQL table alias mapping - monitoring1_
                - alias suffix - 1_
                - suffixed key columns - {nfventit1_27_1_}
          - JOIN (JoinDefinedByMetadata(nsd_security)) : <gen:0> -> <gen:2>
             - EntityQuerySpaceImpl(uid=<gen:2>, entity=org.project.neutrino.nfvo.catalogue.mano.common.Security)
                - SQL table alias mapping - security2_
                - alias suffix - 2_
                - suffixed key columns - {id1_43_2_}
          - JOIN (JoinDefinedByMetadata(vnf_dependency)) : <gen:0> -> <gen:3>
             - CollectionQuerySpaceImpl(uid=<gen:3>, collection=org.project.neutrino.nfvo.catalogue.mano.descriptor.NetworkServiceDescriptor.vnf_dependency)
                - SQL table alias mapping - vnf_depend3_
                - alias suffix - 3_
                - suffixed key columns - {network_1_27_3_}
                - entity-element alias suffix - 4_
                - 4_entity-element suffixed key columns - id1_86_4_
                - JOIN (JoinDefinedByMetadata(elements)) : <gen:3> -> <gen:4>
                   - EntityQuerySpaceImpl(uid=<gen:4>, entity=org.project.neutrino.nfvo.catalogue.mano.common.VNFDependency)
                      - SQL table alias mapping - vnfdepende4_
                      - alias suffix - 4_
                      - suffixed key columns - {id1_86_4_}
                      - JOIN (JoinDefinedByMetadata(source)) : <gen:4> -> <gen:5>
                         - EntityQuerySpaceImpl(uid=<gen:5>, entity=org.project.neutrino.nfvo.catalogue.mano.descriptor.VirtualNetworkFunctionDescriptor)
                            - SQL table alias mapping - virtualnet5_
                            - alias suffix - 5_
                            - suffixed key columns - {id1_27_5_}
                      - JOIN (JoinDefinedByMetadata(target)) : <gen:4> -> <gen:8>
                         - EntityQuerySpaceImpl(uid=<gen:8>, entity=org.project.neutrino.nfvo.catalogue.mano.descriptor.VirtualNetworkFunctionDescriptor)
                            - SQL table alias mapping - virtualnet6_
                            - alias suffix - 6_
                            - suffixed key columns - {id1_27_6_}
          - JOIN (JoinDefinedByMetadata(vnfd)) : <gen:0> -> <gen:11>
             - CollectionQuerySpaceImpl(uid=<gen:11>, collection=org.project.neutrino.nfvo.catalogue.mano.descriptor.NetworkServiceDescriptor.vnfd)
                - SQL table alias mapping - vnfd7_
                - alias suffix - 7_
                - suffixed key columns - {network_1_27_7_}
                - entity-element alias suffix - 8_
                - 8_entity-element suffixed key columns - id1_27_8_
                - JOIN (JoinDefinedByMetadata(elements)) : <gen:11> -> <gen:12>
                   - EntityQuerySpaceImpl(uid=<gen:12>, entity=org.project.neutrino.nfvo.catalogue.mano.descriptor.VirtualNetworkFunctionDescriptor)
                      - SQL table alias mapping - virtualnet8_
                      - alias suffix - 8_
                      - suffixed key columns - {id1_27_8_}
                      - JOIN (JoinDefinedByMetadata(deployment_flavour)) : <gen:12> -> <gen:13>
                         - CollectionQuerySpaceImpl(uid=<gen:13>, collection=org.project.neutrino.nfvo.catalogue.mano.descriptor.VirtualNetworkFunctionDescriptor.deployment_flavour)
                            - SQL table alias mapping - deployment9_
                            - alias suffix - 9_
                            - suffixed key columns - {virtual_1_27_9_}
                            - entity-element alias suffix - 10_
                            - 10_entity-element suffixed key columns - id1_7_10_
                            - JOIN (JoinDefinedByMetadata(elements)) : <gen:13> -> <gen:14>
                               - EntityQuerySpaceImpl(uid=<gen:14>, entity=org.project.neutrino.nfvo.catalogue.mano.descriptor.VNFDDeploymentFlavour)
                                  - SQL table alias mapping - vnfddeploy10_
                                  - alias suffix - 10_
                                  - suffixed key columns - {id1_7_10_}

14:11:15.387 [Test worker] DEBUG o.h.loader.entity.plan.EntityLoader - Static select for entity org.project.neutrino.nfvo.catalogue.mano.descriptor.NetworkServiceDescriptor [READ]: select networkser0_.id as id1_27_0_, networkser0_.hb_version as hb_versi2_27_0_, networkser0_.vendor as vendor3_27_0_, networkser0_.version as version4_27_0_, networkser0_.nsd_security_id as nsd_secu1_14_0_, monitoring1_.nfventity_descriptor_Id as nfventit1_27_1_, monitoring1_.monitoring_parameter as monitori2_31_1_, security2_.id as id1_43_2_, security2_.version as version2_43_2_, vnf_depend3_.network_service_descriptor_Id as network_1_27_3_, vnfdepende4_.id as vnf_depe2_16_3_, vnfdepende4_.id as id1_86_4_, vnfdepende4_.source_Id as source_I3_86_4_, vnfdepende4_.target_Id as target_I4_86_4_, vnfdepende4_.version as version2_86_4_, virtualnet5_.id as id1_27_5_, virtualnet5_.hb_version as hb_versi2_27_5_, virtualnet5_.vendor as vendor3_27_5_, virtualnet5_.version as version4_27_5_, virtualnet5_.descriptor_version as descript1_62_5_, virtualnet5_.manifest_file as manifest2_62_5_, virtualnet6_.id as id1_27_6_, virtualnet6_.hb_version as hb_versi2_27_6_, virtualnet6_.vendor as vendor3_27_6_, virtualnet6_.version as version4_27_6_, virtualnet6_.descriptor_version as descript1_62_6_, virtualnet6_.manifest_file as manifest2_62_6_, vnfd7_.network_service_descriptor_Id as network_1_27_7_, virtualnet8_.id as vnfd_Id2_17_7_, virtualnet8_.id as id1_27_8_, virtualnet8_.hb_version as hb_versi2_27_8_, virtualnet8_.vendor as vendor3_27_8_, virtualnet8_.version as version4_27_8_, virtualnet8_.descriptor_version as descript1_62_8_, virtualnet8_.manifest_file as manifest2_62_8_, deployment9_.virtual_network_function_descriptor_Id as virtual_1_27_9_, vnfddeploy10_.id as deployme2_63_9_, vnfddeploy10_.id as id1_7_10_, vnfddeploy10_.flavour_key as flavour_2_7_10_, vnfddeploy10_.version as version3_7_10_ from network_service_descriptor networkser0_ left outer join nfventity_descriptor_monitoring_parameter monitoring1_ on networkser0_.id=monitoring1_.nfventity_descriptor_Id left outer join security security2_ on networkser0_.nsd_security_id=security2_.id left outer join network_service_descriptor_vnf_dependency vnf_depend3_ on networkser0_.id=vnf_depend3_.network_service_descriptor_Id left outer join vnfdependency vnfdepende4_ on vnf_depend3_.vnf_dependency_id=vnfdepende4_.id left outer join virtual_network_function_descriptor virtualnet5_ on vnfdepende4_.source_Id=virtualnet5_.id left outer join virtual_network_function_descriptor virtualnet6_ on vnfdepende4_.target_Id=virtualnet6_.id left outer join network_service_descriptor_vnfd vnfd7_ on networkser0_.id=vnfd7_.network_service_descriptor_Id left outer join virtual_network_function_descriptor virtualnet8_ on vnfd7_.vnfd_Id=virtualnet8_.id left outer join virtual_network_function_descriptor_deployment_flavour deployment9_ on virtualnet8_.id=deployment9_.virtual_network_function_descriptor_Id left outer join vnfddeployment_flavour vnfddeploy10_ on deployment9_.deployment_flavour_id=vnfddeploy10_.id where networkser0_.id=?
14:11:15.388 [Test worker] DEBUG o.h.l.p.b.i.spaces.QuerySpacesImpl - Adding QuerySpace : uid = <gen:0> -> org.hibernate.loader.plan.build.internal.spaces.EntityQuerySpaceImpl@1ad4ba55]
14:11:15.389 [Test worker] DEBUG o.h.p.w.spi.MetamodelGraphWalker - Visiting attribute path : auto_scale_policy
14:11:15.389 [Test worker] DEBUG o.h.p.w.spi.MetamodelGraphWalker - Visiting attribute path : connection_point
14:11:15.389 [Test worker] DEBUG o.h.p.w.spi.MetamodelGraphWalker - Visiting attribute path : hb_version
14:11:15.389 [Test worker] DEBUG o.h.p.w.spi.MetamodelGraphWalker - Visiting attribute path : lifecycle_event
14:11:15.389 [Test worker] DEBUG o.h.p.w.spi.MetamodelGraphWalker - Visiting attribute path : monitoring_parameter
14:11:15.389 [Test worker] DEBUG o.h.l.p.b.i.spaces.QuerySpacesImpl - Adding QuerySpace : uid = <gen:1> -> org.hibernate.loader.plan.build.internal.spaces.CollectionQuerySpaceImpl@b102b52]
14:11:15.389 [Test worker] DEBUG o.h.p.w.spi.MetamodelGraphWalker - Visiting attribute path : service_deployment_flavour
14:11:15.389 [Test worker] DEBUG o.h.p.w.spi.MetamodelGraphWalker - Visiting attribute path : vendor
14:11:15.391 [Test worker] DEBUG o.h.p.w.spi.MetamodelGraphWalker - Visiting attribute path : version
14:11:15.391 [Test worker] DEBUG o.h.p.w.spi.MetamodelGraphWalker - Visiting attribute path : vld
14:11:15.391 [Test worker] DEBUG o.h.p.w.spi.MetamodelGraphWalker - Visiting attribute path : vnffgd
14:11:15.391 [Test worker] DEBUG o.h.p.w.spi.MetamodelGraphWalker - Visiting attribute path : nsd_security
14:11:15.391 [Test worker] DEBUG o.h.l.p.b.i.spaces.QuerySpacesImpl - Adding QuerySpace : uid = <gen:2> -> org.hibernate.loader.plan.build.internal.spaces.EntityQuerySpaceImpl@528c1a2a]
14:11:15.391 [Test worker] DEBUG o.h.p.w.spi.MetamodelGraphWalker - Visiting attribute path : pnfd
14:11:15.392 [Test worker] DEBUG o.h.p.w.spi.MetamodelGraphWalker - Visiting attribute path : vnf_dependency
14:11:15.392 [Test worker] DEBUG o.h.l.p.b.i.spaces.QuerySpacesImpl - Adding QuerySpace : uid = <gen:3> -> org.hibernate.loader.plan.build.internal.spaces.CollectionQuerySpaceImpl@6c09e5bc]
14:11:15.392 [Test worker] DEBUG o.h.l.p.b.i.spaces.QuerySpacesImpl - Adding QuerySpace : uid = <gen:4> -> org.hibernate.loader.plan.build.internal.spaces.EntityQuerySpaceImpl@7dc9d10d]
14:11:15.392 [Test worker] DEBUG o.h.p.w.spi.MetamodelGraphWalker - Visiting attribute path : vnfd
14:11:15.392 [Test worker] DEBUG o.h.l.p.b.i.spaces.QuerySpacesImpl - Adding QuerySpace : uid = <gen:5> -> org.hibernate.loader.plan.build.internal.spaces.CollectionQuerySpaceImpl@4cbbecff]
14:11:15.392 [Test worker] DEBUG o.h.l.p.b.i.spaces.QuerySpacesImpl - Adding QuerySpace : uid = <gen:6> -> org.hibernate.loader.plan.build.internal.spaces.EntityQuerySpaceImpl@45c480b4]
14:11:15.392 [Test worker] DEBUG o.h.l.p.b.i.FetchStyleLoadPlanBuildingAssociationVisitationStrategy - Building LoadPlan...
14:11:15.392 [Test worker] DEBUG o.h.l.p.e.i.LoadQueryJoinAndFetchProcessor - processing queryspace <gen:0>
14:11:15.393 [Test worker] DEBUG o.h.l.p.b.spi.LoadPlanTreePrinter - LoadPlan(entity=org.project.neutrino.nfvo.catalogue.mano.descriptor.NetworkServiceDescriptor)
    - Returns
       - EntityReturnImpl(entity=org.project.neutrino.nfvo.catalogue.mano.descriptor.NetworkServiceDescriptor, querySpaceUid=<gen:0>, path=org.project.neutrino.nfvo.catalogue.mano.descriptor.NetworkServiceDescriptor)
          - CollectionAttributeFetchImpl(collection=org.project.neutrino.nfvo.catalogue.mano.common.NFVEntityDescriptor.monitoring_parameter, querySpaceUid=<gen:1>, path=org.project.neutrino.nfvo.catalogue.mano.descriptor.NetworkServiceDescriptor.monitoring_parameter)
          - EntityAttributeFetchImpl(entity=org.project.neutrino.nfvo.catalogue.mano.common.Security, querySpaceUid=<gen:2>, path=org.project.neutrino.nfvo.catalogue.mano.descriptor.NetworkServiceDescriptor.nsd_security)
          - CollectionAttributeFetchImpl(collection=org.project.neutrino.nfvo.catalogue.mano.descriptor.NetworkServiceDescriptor.vnf_dependency, querySpaceUid=<gen:3>, path=org.project.neutrino.nfvo.catalogue.mano.descriptor.NetworkServiceDescriptor.vnf_dependency)
             - (collection element) CollectionFetchableElementEntityGraph(entity=org.project.neutrino.nfvo.catalogue.mano.common.VNFDependency, querySpaceUid=<gen:4>, path=org.project.neutrino.nfvo.catalogue.mano.descriptor.NetworkServiceDescriptor.vnf_dependency.<elements>)
          - CollectionAttributeFetchImpl(collection=org.project.neutrino.nfvo.catalogue.mano.descriptor.NetworkServiceDescriptor.vnfd, querySpaceUid=<gen:5>, path=org.project.neutrino.nfvo.catalogue.mano.descriptor.NetworkServiceDescriptor.vnfd)
             - (collection element) CollectionFetchableElementEntityGraph(entity=org.project.neutrino.nfvo.catalogue.mano.descriptor.VirtualNetworkFunctionDescriptor, querySpaceUid=<gen:6>, path=org.project.neutrino.nfvo.catalogue.mano.descriptor.NetworkServiceDescriptor.vnfd.<elements>)
    - QuerySpaces
       - EntityQuerySpaceImpl(uid=<gen:0>, entity=org.project.neutrino.nfvo.catalogue.mano.descriptor.NetworkServiceDescriptor)
          - SQL table alias mapping - networkser0_
          - alias suffix - 0_
          - suffixed key columns - {id1_27_0_}

14:11:15.393 [Test worker] DEBUG o.h.loader.entity.plan.EntityLoader - Static select for entity org.project.neutrino.nfvo.catalogue.mano.descriptor.NetworkServiceDescriptor [UPGRADE]: select networkser0_.id as id1_27_0_, networkser0_.hb_version as hb_versi2_27_0_, networkser0_.vendor as vendor3_27_0_, networkser0_.version as version4_27_0_, networkser0_.nsd_security_id as nsd_secu1_14_0_ from network_service_descriptor networkser0_ where networkser0_.id=? for update
14:11:15.393 [Test worker] DEBUG o.h.l.p.b.i.spaces.QuerySpacesImpl - Adding QuerySpace : uid = <gen:0> -> org.hibernate.loader.plan.build.internal.spaces.EntityQuerySpaceImpl@67ddcd34]
14:11:15.393 [Test worker] DEBUG o.h.p.w.spi.MetamodelGraphWalker - Visiting attribute path : auto_scale_policy
14:11:15.393 [Test worker] DEBUG o.h.p.w.spi.MetamodelGraphWalker - Visiting attribute path : connection_point
14:11:15.393 [Test worker] DEBUG o.h.p.w.spi.MetamodelGraphWalker - Visiting attribute path : hb_version
14:11:15.393 [Test worker] DEBUG o.h.p.w.spi.MetamodelGraphWalker - Visiting attribute path : lifecycle_event
14:11:15.393 [Test worker] DEBUG o.h.p.w.spi.MetamodelGraphWalker - Visiting attribute path : monitoring_parameter
14:11:15.394 [Test worker] DEBUG o.h.l.p.b.i.spaces.QuerySpacesImpl - Adding QuerySpace : uid = <gen:1> -> org.hibernate.loader.plan.build.internal.spaces.CollectionQuerySpaceImpl@5f6d8641]
14:11:15.394 [Test worker] DEBUG o.h.p.w.spi.MetamodelGraphWalker - Visiting attribute path : service_deployment_flavour
14:11:15.394 [Test worker] DEBUG o.h.p.w.spi.MetamodelGraphWalker - Visiting attribute path : vendor
14:11:15.394 [Test worker] DEBUG o.h.p.w.spi.MetamodelGraphWalker - Visiting attribute path : version
14:11:15.394 [Test worker] DEBUG o.h.p.w.spi.MetamodelGraphWalker - Visiting attribute path : vld
14:11:15.394 [Test worker] DEBUG o.h.p.w.spi.MetamodelGraphWalker - Visiting attribute path : vnffgd
14:11:15.394 [Test worker] DEBUG o.h.p.w.spi.MetamodelGraphWalker - Visiting attribute path : nsd_security
14:11:15.394 [Test worker] DEBUG o.h.l.p.b.i.spaces.QuerySpacesImpl - Adding QuerySpace : uid = <gen:2> -> org.hibernate.loader.plan.build.internal.spaces.EntityQuerySpaceImpl@f894659]
14:11:15.394 [Test worker] DEBUG o.h.p.w.spi.MetamodelGraphWalker - Visiting attribute path : pnfd
14:11:15.394 [Test worker] DEBUG o.h.p.w.spi.MetamodelGraphWalker - Visiting attribute path : vnf_dependency
14:11:15.394 [Test worker] DEBUG o.h.l.p.b.i.spaces.QuerySpacesImpl - Adding QuerySpace : uid = <gen:3> -> org.hibernate.loader.plan.build.internal.spaces.CollectionQuerySpaceImpl@7d698506]
14:11:15.394 [Test worker] DEBUG o.h.l.p.b.i.spaces.QuerySpacesImpl - Adding QuerySpace : uid = <gen:4> -> org.hibernate.loader.plan.build.internal.spaces.EntityQuerySpaceImpl@1a9c8d3d]
14:11:15.394 [Test worker] DEBUG o.h.p.w.spi.MetamodelGraphWalker - Visiting attribute path : vnfd
14:11:15.395 [Test worker] DEBUG o.h.l.p.b.i.spaces.QuerySpacesImpl - Adding QuerySpace : uid = <gen:5> -> org.hibernate.loader.plan.build.internal.spaces.CollectionQuerySpaceImpl@1bfcad71]
14:11:15.395 [Test worker] DEBUG o.h.l.p.b.i.spaces.QuerySpacesImpl - Adding QuerySpace : uid = <gen:6> -> org.hibernate.loader.plan.build.internal.spaces.EntityQuerySpaceImpl@69dee411]
14:11:15.395 [Test worker] DEBUG o.h.l.p.b.i.FetchStyleLoadPlanBuildingAssociationVisitationStrategy - Building LoadPlan...
14:11:15.395 [Test worker] DEBUG o.h.l.p.e.i.LoadQueryJoinAndFetchProcessor - processing queryspace <gen:0>
14:11:15.395 [Test worker] DEBUG o.h.l.p.b.spi.LoadPlanTreePrinter - LoadPlan(entity=org.project.neutrino.nfvo.catalogue.mano.descriptor.NetworkServiceDescriptor)
    - Returns
       - EntityReturnImpl(entity=org.project.neutrino.nfvo.catalogue.mano.descriptor.NetworkServiceDescriptor, querySpaceUid=<gen:0>, path=org.project.neutrino.nfvo.catalogue.mano.descriptor.NetworkServiceDescriptor)
          - CollectionAttributeFetchImpl(collection=org.project.neutrino.nfvo.catalogue.mano.common.NFVEntityDescriptor.monitoring_parameter, querySpaceUid=<gen:1>, path=org.project.neutrino.nfvo.catalogue.mano.descriptor.NetworkServiceDescriptor.monitoring_parameter)
          - EntityAttributeFetchImpl(entity=org.project.neutrino.nfvo.catalogue.mano.common.Security, querySpaceUid=<gen:2>, path=org.project.neutrino.nfvo.catalogue.mano.descriptor.NetworkServiceDescriptor.nsd_security)
          - CollectionAttributeFetchImpl(collection=org.project.neutrino.nfvo.catalogue.mano.descriptor.NetworkServiceDescriptor.vnf_dependency, querySpaceUid=<gen:3>, path=org.project.neutrino.nfvo.catalogue.mano.descriptor.NetworkServiceDescriptor.vnf_dependency)
             - (collection element) CollectionFetchableElementEntityGraph(entity=org.project.neutrino.nfvo.catalogue.mano.common.VNFDependency, querySpaceUid=<gen:4>, path=org.project.neutrino.nfvo.catalogue.mano.descriptor.NetworkServiceDescriptor.vnf_dependency.<elements>)
          - CollectionAttributeFetchImpl(collection=org.project.neutrino.nfvo.catalogue.mano.descriptor.NetworkServiceDescriptor.vnfd, querySpaceUid=<gen:5>, path=org.project.neutrino.nfvo.catalogue.mano.descriptor.NetworkServiceDescriptor.vnfd)
             - (collection element) CollectionFetchableElementEntityGraph(entity=org.project.neutrino.nfvo.catalogue.mano.descriptor.VirtualNetworkFunctionDescriptor, querySpaceUid=<gen:6>, path=org.project.neutrino.nfvo.catalogue.mano.descriptor.NetworkServiceDescriptor.vnfd.<elements>)
    - QuerySpaces
       - EntityQuerySpaceImpl(uid=<gen:0>, entity=org.project.neutrino.nfvo.catalogue.mano.descriptor.NetworkServiceDescriptor)
          - SQL table alias mapping - networkser0_
          - alias suffix - 0_
          - suffixed key columns - {id1_27_0_}

14:11:15.395 [Test worker] DEBUG o.h.loader.entity.plan.EntityLoader - Static select for entity org.project.neutrino.nfvo.catalogue.mano.descriptor.NetworkServiceDescriptor [UPGRADE_NOWAIT]: select networkser0_.id as id1_27_0_, networkser0_.hb_version as hb_versi2_27_0_, networkser0_.vendor as vendor3_27_0_, networkser0_.version as version4_27_0_, networkser0_.nsd_security_id as nsd_secu1_14_0_ from network_service_descriptor networkser0_ where networkser0_.id=? for update
14:11:15.396 [Test worker] DEBUG o.h.l.p.b.i.spaces.QuerySpacesImpl - Adding QuerySpace : uid = <gen:0> -> org.hibernate.loader.plan.build.internal.spaces.EntityQuerySpaceImpl@284f4e64]
14:11:15.396 [Test worker] DEBUG o.h.p.w.spi.MetamodelGraphWalker - Visiting attribute path : auto_scale_policy
14:11:15.396 [Test worker] DEBUG o.h.p.w.spi.MetamodelGraphWalker - Visiting attribute path : connection_point
14:11:15.396 [Test worker] DEBUG o.h.p.w.spi.MetamodelGraphWalker - Visiting attribute path : hb_version
14:11:15.396 [Test worker] DEBUG o.h.p.w.spi.MetamodelGraphWalker - Visiting attribute path : lifecycle_event
14:11:15.396 [Test worker] DEBUG o.h.p.w.spi.MetamodelGraphWalker - Visiting attribute path : monitoring_parameter
14:11:15.396 [Test worker] DEBUG o.h.l.p.b.i.spaces.QuerySpacesImpl - Adding QuerySpace : uid = <gen:1> -> org.hibernate.loader.plan.build.internal.spaces.CollectionQuerySpaceImpl@3750d517]
14:11:15.396 [Test worker] DEBUG o.h.p.w.spi.MetamodelGraphWalker - Visiting attribute path : service_deployment_flavour
14:11:15.396 [Test worker] DEBUG o.h.p.w.spi.MetamodelGraphWalker - Visiting attribute path : vendor
14:11:15.396 [Test worker] DEBUG o.h.p.w.spi.MetamodelGraphWalker - Visiting attribute path : version
14:11:15.396 [Test worker] DEBUG o.h.p.w.spi.MetamodelGraphWalker - Visiting attribute path : vld
14:11:15.396 [Test worker] DEBUG o.h.p.w.spi.MetamodelGraphWalker - Visiting attribute path : vnffgd
14:11:15.396 [Test worker] DEBUG o.h.p.w.spi.MetamodelGraphWalker - Visiting attribute path : nsd_security
14:11:15.396 [Test worker] DEBUG o.h.l.p.b.i.spaces.QuerySpacesImpl - Adding QuerySpace : uid = <gen:2> -> org.hibernate.loader.plan.build.internal.spaces.EntityQuerySpaceImpl@1bd5f560]
14:11:15.396 [Test worker] DEBUG o.h.p.w.spi.MetamodelGraphWalker - Visiting attribute path : pnfd
14:11:15.397 [Test worker] DEBUG o.h.p.w.spi.MetamodelGraphWalker - Visiting attribute path : vnf_dependency
14:11:15.397 [Test worker] DEBUG o.h.l.p.b.i.spaces.QuerySpacesImpl - Adding QuerySpace : uid = <gen:3> -> org.hibernate.loader.plan.build.internal.spaces.CollectionQuerySpaceImpl@7be07fe6]
14:11:15.397 [Test worker] DEBUG o.h.l.p.b.i.spaces.QuerySpacesImpl - Adding QuerySpace : uid = <gen:4> -> org.hibernate.loader.plan.build.internal.spaces.EntityQuerySpaceImpl@4fed1493]
14:11:15.397 [Test worker] DEBUG o.h.p.w.spi.MetamodelGraphWalker - Visiting attribute path : vnfd
14:11:15.397 [Test worker] DEBUG o.h.l.p.b.i.spaces.QuerySpacesImpl - Adding QuerySpace : uid = <gen:5> -> org.hibernate.loader.plan.build.internal.spaces.CollectionQuerySpaceImpl@55e1e7e3]
14:11:15.397 [Test worker] DEBUG o.h.l.p.b.i.spaces.QuerySpacesImpl - Adding QuerySpace : uid = <gen:6> -> org.hibernate.loader.plan.build.internal.spaces.EntityQuerySpaceImpl@623f1421]
14:11:15.397 [Test worker] DEBUG o.h.l.p.b.i.FetchStyleLoadPlanBuildingAssociationVisitationStrategy - Building LoadPlan...
14:11:15.397 [Test worker] DEBUG o.h.l.p.e.i.LoadQueryJoinAndFetchProcessor - processing queryspace <gen:0>
14:11:15.397 [Test worker] DEBUG o.h.l.p.b.spi.LoadPlanTreePrinter - LoadPlan(entity=org.project.neutrino.nfvo.catalogue.mano.descriptor.NetworkServiceDescriptor)
    - Returns
       - EntityReturnImpl(entity=org.project.neutrino.nfvo.catalogue.mano.descriptor.NetworkServiceDescriptor, querySpaceUid=<gen:0>, path=org.project.neutrino.nfvo.catalogue.mano.descriptor.NetworkServiceDescriptor)
          - CollectionAttributeFetchImpl(collection=org.project.neutrino.nfvo.catalogue.mano.common.NFVEntityDescriptor.monitoring_parameter, querySpaceUid=<gen:1>, path=org.project.neutrino.nfvo.catalogue.mano.descriptor.NetworkServiceDescriptor.monitoring_parameter)
          - EntityAttributeFetchImpl(entity=org.project.neutrino.nfvo.catalogue.mano.common.Security, querySpaceUid=<gen:2>, path=org.project.neutrino.nfvo.catalogue.mano.descriptor.NetworkServiceDescriptor.nsd_security)
          - CollectionAttributeFetchImpl(collection=org.project.neutrino.nfvo.catalogue.mano.descriptor.NetworkServiceDescriptor.vnf_dependency, querySpaceUid=<gen:3>, path=org.project.neutrino.nfvo.catalogue.mano.descriptor.NetworkServiceDescriptor.vnf_dependency)
             - (collection element) CollectionFetchableElementEntityGraph(entity=org.project.neutrino.nfvo.catalogue.mano.common.VNFDependency, querySpaceUid=<gen:4>, path=org.project.neutrino.nfvo.catalogue.mano.descriptor.NetworkServiceDescriptor.vnf_dependency.<elements>)
          - CollectionAttributeFetchImpl(collection=org.project.neutrino.nfvo.catalogue.mano.descriptor.NetworkServiceDescriptor.vnfd, querySpaceUid=<gen:5>, path=org.project.neutrino.nfvo.catalogue.mano.descriptor.NetworkServiceDescriptor.vnfd)
             - (collection element) CollectionFetchableElementEntityGraph(entity=org.project.neutrino.nfvo.catalogue.mano.descriptor.VirtualNetworkFunctionDescriptor, querySpaceUid=<gen:6>, path=org.project.neutrino.nfvo.catalogue.mano.descriptor.NetworkServiceDescriptor.vnfd.<elements>)
    - QuerySpaces
       - EntityQuerySpaceImpl(uid=<gen:0>, entity=org.project.neutrino.nfvo.catalogue.mano.descriptor.NetworkServiceDescriptor)
          - SQL table alias mapping - networkser0_
          - alias suffix - 0_
          - suffixed key columns - {id1_27_0_}

14:11:15.398 [Test worker] DEBUG o.h.loader.entity.plan.EntityLoader - Static select for entity org.project.neutrino.nfvo.catalogue.mano.descriptor.NetworkServiceDescriptor [UPGRADE_SKIPLOCKED]: select networkser0_.id as id1_27_0_, networkser0_.hb_version as hb_versi2_27_0_, networkser0_.vendor as vendor3_27_0_, networkser0_.version as version4_27_0_, networkser0_.nsd_security_id as nsd_secu1_14_0_ from network_service_descriptor networkser0_ where networkser0_.id=? for update
14:11:15.398 [Test worker] DEBUG o.h.l.p.b.i.spaces.QuerySpacesImpl - Adding QuerySpace : uid = <gen:0> -> org.hibernate.loader.plan.build.internal.spaces.EntityQuerySpaceImpl@1b42b4eb]
14:11:15.398 [Test worker] DEBUG o.h.p.w.spi.MetamodelGraphWalker - Visiting attribute path : auto_scale_policy
14:11:15.398 [Test worker] DEBUG o.h.p.w.spi.MetamodelGraphWalker - Visiting attribute path : connection_point
14:11:15.398 [Test worker] DEBUG o.h.p.w.spi.MetamodelGraphWalker - Visiting attribute path : hb_version
14:11:15.398 [Test worker] DEBUG o.h.p.w.spi.MetamodelGraphWalker - Visiting attribute path : lifecycle_event
14:11:15.398 [Test worker] DEBUG o.h.p.w.spi.MetamodelGraphWalker - Visiting attribute path : monitoring_parameter
14:11:15.398 [Test worker] DEBUG o.h.l.p.b.i.spaces.QuerySpacesImpl - Adding QuerySpace : uid = <gen:1> -> org.hibernate.loader.plan.build.internal.spaces.CollectionQuerySpaceImpl@36d185ec]
14:11:15.398 [Test worker] DEBUG o.h.p.w.spi.MetamodelGraphWalker - Visiting attribute path : service_deployment_flavour
14:11:15.398 [Test worker] DEBUG o.h.p.w.spi.MetamodelGraphWalker - Visiting attribute path : vendor
14:11:15.398 [Test worker] DEBUG o.h.p.w.spi.MetamodelGraphWalker - Visiting attribute path : version
14:11:15.398 [Test worker] DEBUG o.h.p.w.spi.MetamodelGraphWalker - Visiting attribute path : vld
14:11:15.399 [Test worker] DEBUG o.h.p.w.spi.MetamodelGraphWalker - Visiting attribute path : vnffgd
14:11:15.399 [Test worker] DEBUG o.h.p.w.spi.MetamodelGraphWalker - Visiting attribute path : nsd_security
14:11:15.399 [Test worker] DEBUG o.h.l.p.b.i.spaces.QuerySpacesImpl - Adding QuerySpace : uid = <gen:2> -> org.hibernate.loader.plan.build.internal.spaces.EntityQuerySpaceImpl@75af6511]
14:11:15.399 [Test worker] DEBUG o.h.p.w.spi.MetamodelGraphWalker - Visiting attribute path : pnfd
14:11:15.399 [Test worker] DEBUG o.h.p.w.spi.MetamodelGraphWalker - Visiting attribute path : vnf_dependency
14:11:15.399 [Test worker] DEBUG o.h.l.p.b.i.spaces.QuerySpacesImpl - Adding QuerySpace : uid = <gen:3> -> org.hibernate.loader.plan.build.internal.spaces.CollectionQuerySpaceImpl@4e147b73]
14:11:15.399 [Test worker] DEBUG o.h.l.p.b.i.spaces.QuerySpacesImpl - Adding QuerySpace : uid = <gen:4> -> org.hibernate.loader.plan.build.internal.spaces.EntityQuerySpaceImpl@22b4e311]
14:11:15.399 [Test worker] DEBUG o.h.p.w.spi.MetamodelGraphWalker - Visiting attribute path : vnfd
14:11:15.400 [Test worker] DEBUG o.h.l.p.b.i.spaces.QuerySpacesImpl - Adding QuerySpace : uid = <gen:5> -> org.hibernate.loader.plan.build.internal.spaces.CollectionQuerySpaceImpl@11a782e4]
14:11:15.400 [Test worker] DEBUG o.h.l.p.b.i.spaces.QuerySpacesImpl - Adding QuerySpace : uid = <gen:6> -> org.hibernate.loader.plan.build.internal.spaces.EntityQuerySpaceImpl@c824fca]
14:11:15.400 [Test worker] DEBUG o.h.l.p.b.i.FetchStyleLoadPlanBuildingAssociationVisitationStrategy - Building LoadPlan...
14:11:15.400 [Test worker] DEBUG o.h.l.p.e.i.LoadQueryJoinAndFetchProcessor - processing queryspace <gen:0>
14:11:15.401 [Test worker] DEBUG o.h.l.p.b.spi.LoadPlanTreePrinter - LoadPlan(entity=org.project.neutrino.nfvo.catalogue.mano.descriptor.NetworkServiceDescriptor)
    - Returns
       - EntityReturnImpl(entity=org.project.neutrino.nfvo.catalogue.mano.descriptor.NetworkServiceDescriptor, querySpaceUid=<gen:0>, path=org.project.neutrino.nfvo.catalogue.mano.descriptor.NetworkServiceDescriptor)
          - CollectionAttributeFetchImpl(collection=org.project.neutrino.nfvo.catalogue.mano.common.NFVEntityDescriptor.monitoring_parameter, querySpaceUid=<gen:1>, path=org.project.neutrino.nfvo.catalogue.mano.descriptor.NetworkServiceDescriptor.monitoring_parameter)
          - EntityAttributeFetchImpl(entity=org.project.neutrino.nfvo.catalogue.mano.common.Security, querySpaceUid=<gen:2>, path=org.project.neutrino.nfvo.catalogue.mano.descriptor.NetworkServiceDescriptor.nsd_security)
          - CollectionAttributeFetchImpl(collection=org.project.neutrino.nfvo.catalogue.mano.descriptor.NetworkServiceDescriptor.vnf_dependency, querySpaceUid=<gen:3>, path=org.project.neutrino.nfvo.catalogue.mano.descriptor.NetworkServiceDescriptor.vnf_dependency)
             - (collection element) CollectionFetchableElementEntityGraph(entity=org.project.neutrino.nfvo.catalogue.mano.common.VNFDependency, querySpaceUid=<gen:4>, path=org.project.neutrino.nfvo.catalogue.mano.descriptor.NetworkServiceDescriptor.vnf_dependency.<elements>)
          - CollectionAttributeFetchImpl(collection=org.project.neutrino.nfvo.catalogue.mano.descriptor.NetworkServiceDescriptor.vnfd, querySpaceUid=<gen:5>, path=org.project.neutrino.nfvo.catalogue.mano.descriptor.NetworkServiceDescriptor.vnfd)
             - (collection element) CollectionFetchableElementEntityGraph(entity=org.project.neutrino.nfvo.catalogue.mano.descriptor.VirtualNetworkFunctionDescriptor, querySpaceUid=<gen:6>, path=org.project.neutrino.nfvo.catalogue.mano.descriptor.NetworkServiceDescriptor.vnfd.<elements>)
    - QuerySpaces
       - EntityQuerySpaceImpl(uid=<gen:0>, entity=org.project.neutrino.nfvo.catalogue.mano.descriptor.NetworkServiceDescriptor)
          - SQL table alias mapping - networkser0_
          - alias suffix - 0_
          - suffixed key columns - {id1_27_0_}

14:11:15.401 [Test worker] DEBUG o.h.loader.entity.plan.EntityLoader - Static select for entity org.project.neutrino.nfvo.catalogue.mano.descriptor.NetworkServiceDescriptor [FORCE]: select networkser0_.id as id1_27_0_, networkser0_.hb_version as hb_versi2_27_0_, networkser0_.vendor as vendor3_27_0_, networkser0_.version as version4_27_0_, networkser0_.nsd_security_id as nsd_secu1_14_0_ from network_service_descriptor networkser0_ where networkser0_.id=? for update
14:11:15.401 [Test worker] DEBUG o.h.l.p.b.i.spaces.QuerySpacesImpl - Adding QuerySpace : uid = <gen:0> -> org.hibernate.loader.plan.build.internal.spaces.EntityQuerySpaceImpl@3f445d30]
14:11:15.401 [Test worker] DEBUG o.h.p.w.spi.MetamodelGraphWalker - Visiting attribute path : auto_scale_policy
14:11:15.401 [Test worker] DEBUG o.h.p.w.spi.MetamodelGraphWalker - Visiting attribute path : connection_point
14:11:15.401 [Test worker] DEBUG o.h.p.w.spi.MetamodelGraphWalker - Visiting attribute path : hb_version
14:11:15.401 [Test worker] DEBUG o.h.p.w.spi.MetamodelGraphWalker - Visiting attribute path : lifecycle_event
14:11:15.401 [Test worker] DEBUG o.h.p.w.spi.MetamodelGraphWalker - Visiting attribute path : monitoring_parameter
14:11:15.402 [Test worker] DEBUG o.h.l.p.b.i.spaces.QuerySpacesImpl - Adding QuerySpace : uid = <gen:1> -> org.hibernate.loader.plan.build.internal.spaces.CollectionQuerySpaceImpl@7aeb0943]
14:11:15.402 [Test worker] DEBUG o.h.p.w.spi.MetamodelGraphWalker - Visiting attribute path : service_deployment_flavour
14:11:15.402 [Test worker] DEBUG o.h.p.w.spi.MetamodelGraphWalker - Visiting attribute path : vendor
14:11:15.402 [Test worker] DEBUG o.h.p.w.spi.MetamodelGraphWalker - Visiting attribute path : version
14:11:15.402 [Test worker] DEBUG o.h.p.w.spi.MetamodelGraphWalker - Visiting attribute path : vld
14:11:15.402 [Test worker] DEBUG o.h.p.w.spi.MetamodelGraphWalker - Visiting attribute path : vnffgd
14:11:15.402 [Test worker] DEBUG o.h.p.w.spi.MetamodelGraphWalker - Visiting attribute path : nsd_security
14:11:15.402 [Test worker] DEBUG o.h.l.p.b.i.spaces.QuerySpacesImpl - Adding QuerySpace : uid = <gen:2> -> org.hibernate.loader.plan.build.internal.spaces.EntityQuerySpaceImpl@5cad4cc0]
14:11:15.402 [Test worker] DEBUG o.h.p.w.spi.MetamodelGraphWalker - Visiting attribute path : pnfd
14:11:15.402 [Test worker] DEBUG o.h.p.w.spi.MetamodelGraphWalker - Visiting attribute path : vnf_dependency
14:11:15.402 [Test worker] DEBUG o.h.l.p.b.i.spaces.QuerySpacesImpl - Adding QuerySpace : uid = <gen:3> -> org.hibernate.loader.plan.build.internal.spaces.CollectionQuerySpaceImpl@758a00c8]
14:11:15.402 [Test worker] DEBUG o.h.l.p.b.i.spaces.QuerySpacesImpl - Adding QuerySpace : uid = <gen:4> -> org.hibernate.loader.plan.build.internal.spaces.EntityQuerySpaceImpl@373986c1]
14:11:15.403 [Test worker] DEBUG o.h.p.w.spi.MetamodelGraphWalker - Visiting attribute path : vnfd
14:11:15.403 [Test worker] DEBUG o.h.l.p.b.i.spaces.QuerySpacesImpl - Adding QuerySpace : uid = <gen:5> -> org.hibernate.loader.plan.build.internal.spaces.CollectionQuerySpaceImpl@21be053a]
14:11:15.403 [Test worker] DEBUG o.h.l.p.b.i.spaces.QuerySpacesImpl - Adding QuerySpace : uid = <gen:6> -> org.hibernate.loader.plan.build.internal.spaces.EntityQuerySpaceImpl@42493424]
14:11:15.403 [Test worker] DEBUG o.h.l.p.b.i.FetchStyleLoadPlanBuildingAssociationVisitationStrategy - Building LoadPlan...
14:11:15.403 [Test worker] DEBUG o.h.l.p.e.i.LoadQueryJoinAndFetchProcessor - processing queryspace <gen:0>
14:11:15.403 [Test worker] DEBUG o.h.l.p.b.spi.LoadPlanTreePrinter - LoadPlan(entity=org.project.neutrino.nfvo.catalogue.mano.descriptor.NetworkServiceDescriptor)
    - Returns
       - EntityReturnImpl(entity=org.project.neutrino.nfvo.catalogue.mano.descriptor.NetworkServiceDescriptor, querySpaceUid=<gen:0>, path=org.project.neutrino.nfvo.catalogue.mano.descriptor.NetworkServiceDescriptor)
          - CollectionAttributeFetchImpl(collection=org.project.neutrino.nfvo.catalogue.mano.common.NFVEntityDescriptor.monitoring_parameter, querySpaceUid=<gen:1>, path=org.project.neutrino.nfvo.catalogue.mano.descriptor.NetworkServiceDescriptor.monitoring_parameter)
          - EntityAttributeFetchImpl(entity=org.project.neutrino.nfvo.catalogue.mano.common.Security, querySpaceUid=<gen:2>, path=org.project.neutrino.nfvo.catalogue.mano.descriptor.NetworkServiceDescriptor.nsd_security)
          - CollectionAttributeFetchImpl(collection=org.project.neutrino.nfvo.catalogue.mano.descriptor.NetworkServiceDescriptor.vnf_dependency, querySpaceUid=<gen:3>, path=org.project.neutrino.nfvo.catalogue.mano.descriptor.NetworkServiceDescriptor.vnf_dependency)
             - (collection element) CollectionFetchableElementEntityGraph(entity=org.project.neutrino.nfvo.catalogue.mano.common.VNFDependency, querySpaceUid=<gen:4>, path=org.project.neutrino.nfvo.catalogue.mano.descriptor.NetworkServiceDescriptor.vnf_dependency.<elements>)
          - CollectionAttributeFetchImpl(collection=org.project.neutrino.nfvo.catalogue.mano.descriptor.NetworkServiceDescriptor.vnfd, querySpaceUid=<gen:5>, path=org.project.neutrino.nfvo.catalogue.mano.descriptor.NetworkServiceDescriptor.vnfd)
             - (collection element) CollectionFetchableElementEntityGraph(entity=org.project.neutrino.nfvo.catalogue.mano.descriptor.VirtualNetworkFunctionDescriptor, querySpaceUid=<gen:6>, path=org.project.neutrino.nfvo.catalogue.mano.descriptor.NetworkServiceDescriptor.vnfd.<elements>)
    - QuerySpaces
       - EntityQuerySpaceImpl(uid=<gen:0>, entity=org.project.neutrino.nfvo.catalogue.mano.descriptor.NetworkServiceDescriptor)
          - SQL table alias mapping - networkser0_
          - alias suffix - 0_
          - suffixed key columns - {id1_27_0_}

14:11:15.404 [Test worker] DEBUG o.h.loader.entity.plan.EntityLoader - Static select for entity org.project.neutrino.nfvo.catalogue.mano.descriptor.NetworkServiceDescriptor [PESSIMISTIC_READ]: select networkser0_.id as id1_27_0_, networkser0_.hb_version as hb_versi2_27_0_, networkser0_.vendor as vendor3_27_0_, networkser0_.version as version4_27_0_, networkser0_.nsd_security_id as nsd_secu1_14_0_ from network_service_descriptor networkser0_ where networkser0_.id=? lock in share mode
14:11:15.404 [Test worker] DEBUG o.h.l.p.b.i.spaces.QuerySpacesImpl - Adding QuerySpace : uid = <gen:0> -> org.hibernate.loader.plan.build.internal.spaces.EntityQuerySpaceImpl@53fe497b]
14:11:15.404 [Test worker] DEBUG o.h.p.w.spi.MetamodelGraphWalker - Visiting attribute path : auto_scale_policy
14:11:15.404 [Test worker] DEBUG o.h.p.w.spi.MetamodelGraphWalker - Visiting attribute path : connection_point
14:11:15.404 [Test worker] DEBUG o.h.p.w.spi.MetamodelGraphWalker - Visiting attribute path : hb_version
14:11:15.404 [Test worker] DEBUG o.h.p.w.spi.MetamodelGraphWalker - Visiting attribute path : lifecycle_event
14:11:15.404 [Test worker] DEBUG o.h.p.w.spi.MetamodelGraphWalker - Visiting attribute path : monitoring_parameter
14:11:15.405 [Test worker] DEBUG o.h.l.p.b.i.spaces.QuerySpacesImpl - Adding QuerySpace : uid = <gen:1> -> org.hibernate.loader.plan.build.internal.spaces.CollectionQuerySpaceImpl@56e767ca]
14:11:15.405 [Test worker] DEBUG o.h.p.w.spi.MetamodelGraphWalker - Visiting attribute path : service_deployment_flavour
14:11:15.405 [Test worker] DEBUG o.h.p.w.spi.MetamodelGraphWalker - Visiting attribute path : vendor
14:11:15.405 [Test worker] DEBUG o.h.p.w.spi.MetamodelGraphWalker - Visiting attribute path : version
14:11:15.405 [Test worker] DEBUG o.h.p.w.spi.MetamodelGraphWalker - Visiting attribute path : vld
14:11:15.405 [Test worker] DEBUG o.h.p.w.spi.MetamodelGraphWalker - Visiting attribute path : vnffgd
14:11:15.405 [Test worker] DEBUG o.h.p.w.spi.MetamodelGraphWalker - Visiting attribute path : nsd_security
14:11:15.405 [Test worker] DEBUG o.h.l.p.b.i.spaces.QuerySpacesImpl - Adding QuerySpace : uid = <gen:2> -> org.hibernate.loader.plan.build.internal.spaces.EntityQuerySpaceImpl@724f2b58]
14:11:15.405 [Test worker] DEBUG o.h.p.w.spi.MetamodelGraphWalker - Visiting attribute path : pnfd
14:11:15.405 [Test worker] DEBUG o.h.p.w.spi.MetamodelGraphWalker - Visiting attribute path : vnf_dependency
14:11:15.405 [Test worker] DEBUG o.h.l.p.b.i.spaces.QuerySpacesImpl - Adding QuerySpace : uid = <gen:3> -> org.hibernate.loader.plan.build.internal.spaces.CollectionQuerySpaceImpl@2ba6d909]
14:11:15.406 [Test worker] DEBUG o.h.l.p.b.i.spaces.QuerySpacesImpl - Adding QuerySpace : uid = <gen:4> -> org.hibernate.loader.plan.build.internal.spaces.EntityQuerySpaceImpl@56f2f442]
14:11:15.406 [Test worker] DEBUG o.h.p.w.spi.MetamodelGraphWalker - Visiting attribute path : vnfd
14:11:15.406 [Test worker] DEBUG o.h.l.p.b.i.spaces.QuerySpacesImpl - Adding QuerySpace : uid = <gen:5> -> org.hibernate.loader.plan.build.internal.spaces.CollectionQuerySpaceImpl@688245a6]
14:11:15.406 [Test worker] DEBUG o.h.l.p.b.i.spaces.QuerySpacesImpl - Adding QuerySpace : uid = <gen:6> -> org.hibernate.loader.plan.build.internal.spaces.EntityQuerySpaceImpl@40aacae4]
14:11:15.406 [Test worker] DEBUG o.h.l.p.b.i.FetchStyleLoadPlanBuildingAssociationVisitationStrategy - Building LoadPlan...
14:11:15.406 [Test worker] DEBUG o.h.l.p.e.i.LoadQueryJoinAndFetchProcessor - processing queryspace <gen:0>
14:11:15.406 [Test worker] DEBUG o.h.l.p.b.spi.LoadPlanTreePrinter - LoadPlan(entity=org.project.neutrino.nfvo.catalogue.mano.descriptor.NetworkServiceDescriptor)
    - Returns
       - EntityReturnImpl(entity=org.project.neutrino.nfvo.catalogue.mano.descriptor.NetworkServiceDescriptor, querySpaceUid=<gen:0>, path=org.project.neutrino.nfvo.catalogue.mano.descriptor.NetworkServiceDescriptor)
          - CollectionAttributeFetchImpl(collection=org.project.neutrino.nfvo.catalogue.mano.common.NFVEntityDescriptor.monitoring_parameter, querySpaceUid=<gen:1>, path=org.project.neutrino.nfvo.catalogue.mano.descriptor.NetworkServiceDescriptor.monitoring_parameter)
          - EntityAttributeFetchImpl(entity=org.project.neutrino.nfvo.catalogue.mano.common.Security, querySpaceUid=<gen:2>, path=org.project.neutrino.nfvo.catalogue.mano.descriptor.NetworkServiceDescriptor.nsd_security)
          - CollectionAttributeFetchImpl(collection=org.project.neutrino.nfvo.catalogue.mano.descriptor.NetworkServiceDescriptor.vnf_dependency, querySpaceUid=<gen:3>, path=org.project.neutrino.nfvo.catalogue.mano.descriptor.NetworkServiceDescriptor.vnf_dependency)
             - (collection element) CollectionFetchableElementEntityGraph(entity=org.project.neutrino.nfvo.catalogue.mano.common.VNFDependency, querySpaceUid=<gen:4>, path=org.project.neutrino.nfvo.catalogue.mano.descriptor.NetworkServiceDescriptor.vnf_dependency.<elements>)
          - CollectionAttributeFetchImpl(collection=org.project.neutrino.nfvo.catalogue.mano.descriptor.NetworkServiceDescriptor.vnfd, querySpaceUid=<gen:5>, path=org.project.neutrino.nfvo.catalogue.mano.descriptor.NetworkServiceDescriptor.vnfd)
             - (collection element) CollectionFetchableElementEntityGraph(entity=org.project.neutrino.nfvo.catalogue.mano.descriptor.VirtualNetworkFunctionDescriptor, querySpaceUid=<gen:6>, path=org.project.neutrino.nfvo.catalogue.mano.descriptor.NetworkServiceDescriptor.vnfd.<elements>)
    - QuerySpaces
       - EntityQuerySpaceImpl(uid=<gen:0>, entity=org.project.neutrino.nfvo.catalogue.mano.descriptor.NetworkServiceDescriptor)
          - SQL table alias mapping - networkser0_
          - alias suffix - 0_
          - suffixed key columns - {id1_27_0_}

14:11:15.407 [Test worker] DEBUG o.h.loader.entity.plan.EntityLoader - Static select for entity org.project.neutrino.nfvo.catalogue.mano.descriptor.NetworkServiceDescriptor [PESSIMISTIC_WRITE]: select networkser0_.id as id1_27_0_, networkser0_.hb_version as hb_versi2_27_0_, networkser0_.vendor as vendor3_27_0_, networkser0_.version as version4_27_0_, networkser0_.nsd_security_id as nsd_secu1_14_0_ from network_service_descriptor networkser0_ where networkser0_.id=? for update
14:11:15.407 [Test worker] DEBUG o.h.l.p.b.i.spaces.QuerySpacesImpl - Adding QuerySpace : uid = <gen:0> -> org.hibernate.loader.plan.build.internal.spaces.EntityQuerySpaceImpl@cee5fe7]
14:11:15.408 [Test worker] DEBUG o.h.p.w.spi.MetamodelGraphWalker - Visiting attribute path : auto_scale_policy
14:11:15.408 [Test worker] DEBUG o.h.p.w.spi.MetamodelGraphWalker - Visiting attribute path : connection_point
14:11:15.408 [Test worker] DEBUG o.h.p.w.spi.MetamodelGraphWalker - Visiting attribute path : hb_version
14:11:15.409 [Test worker] DEBUG o.h.p.w.spi.MetamodelGraphWalker - Visiting attribute path : lifecycle_event
14:11:15.409 [Test worker] DEBUG o.h.p.w.spi.MetamodelGraphWalker - Visiting attribute path : monitoring_parameter
14:11:15.409 [Test worker] DEBUG o.h.l.p.b.i.spaces.QuerySpacesImpl - Adding QuerySpace : uid = <gen:1> -> org.hibernate.loader.plan.build.internal.spaces.CollectionQuerySpaceImpl@4af00ef0]
14:11:15.409 [Test worker] DEBUG o.h.p.w.spi.MetamodelGraphWalker - Visiting attribute path : service_deployment_flavour
14:11:15.410 [Test worker] DEBUG o.h.p.w.spi.MetamodelGraphWalker - Visiting attribute path : vendor
14:11:15.410 [Test worker] DEBUG o.h.p.w.spi.MetamodelGraphWalker - Visiting attribute path : version
14:11:15.410 [Test worker] DEBUG o.h.p.w.spi.MetamodelGraphWalker - Visiting attribute path : vld
14:11:15.410 [Test worker] DEBUG o.h.p.w.spi.MetamodelGraphWalker - Visiting attribute path : vnffgd
14:11:15.410 [Test worker] DEBUG o.h.p.w.spi.MetamodelGraphWalker - Visiting attribute path : nsd_security
14:11:15.411 [Test worker] DEBUG o.h.l.p.b.i.spaces.QuerySpacesImpl - Adding QuerySpace : uid = <gen:2> -> org.hibernate.loader.plan.build.internal.spaces.EntityQuerySpaceImpl@5664d4ff]
14:11:15.411 [Test worker] DEBUG o.h.p.w.spi.MetamodelGraphWalker - Visiting attribute path : pnfd
14:11:15.411 [Test worker] DEBUG o.h.p.w.spi.MetamodelGraphWalker - Visiting attribute path : vnf_dependency
14:11:15.411 [Test worker] DEBUG o.h.l.p.b.i.spaces.QuerySpacesImpl - Adding QuerySpace : uid = <gen:3> -> org.hibernate.loader.plan.build.internal.spaces.CollectionQuerySpaceImpl@75dbdda8]
14:11:15.411 [Test worker] DEBUG o.h.l.p.b.i.spaces.QuerySpacesImpl - Adding QuerySpace : uid = <gen:4> -> org.hibernate.loader.plan.build.internal.spaces.EntityQuerySpaceImpl@35b57d0b]
14:11:15.411 [Test worker] DEBUG o.h.p.w.spi.MetamodelGraphWalker - Visiting attribute path : vnfd
14:11:15.411 [Test worker] DEBUG o.h.l.p.b.i.spaces.QuerySpacesImpl - Adding QuerySpace : uid = <gen:5> -> org.hibernate.loader.plan.build.internal.spaces.CollectionQuerySpaceImpl@1e2478b9]
14:11:15.411 [Test worker] DEBUG o.h.l.p.b.i.spaces.QuerySpacesImpl - Adding QuerySpace : uid = <gen:6> -> org.hibernate.loader.plan.build.internal.spaces.EntityQuerySpaceImpl@6c71c924]
14:11:15.411 [Test worker] DEBUG o.h.l.p.b.i.FetchStyleLoadPlanBuildingAssociationVisitationStrategy - Building LoadPlan...
14:11:15.412 [Test worker] DEBUG o.h.l.p.e.i.LoadQueryJoinAndFetchProcessor - processing queryspace <gen:0>
14:11:15.412 [Test worker] DEBUG o.h.l.p.b.spi.LoadPlanTreePrinter - LoadPlan(entity=org.project.neutrino.nfvo.catalogue.mano.descriptor.NetworkServiceDescriptor)
    - Returns
       - EntityReturnImpl(entity=org.project.neutrino.nfvo.catalogue.mano.descriptor.NetworkServiceDescriptor, querySpaceUid=<gen:0>, path=org.project.neutrino.nfvo.catalogue.mano.descriptor.NetworkServiceDescriptor)
          - CollectionAttributeFetchImpl(collection=org.project.neutrino.nfvo.catalogue.mano.common.NFVEntityDescriptor.monitoring_parameter, querySpaceUid=<gen:1>, path=org.project.neutrino.nfvo.catalogue.mano.descriptor.NetworkServiceDescriptor.monitoring_parameter)
          - EntityAttributeFetchImpl(entity=org.project.neutrino.nfvo.catalogue.mano.common.Security, querySpaceUid=<gen:2>, path=org.project.neutrino.nfvo.catalogue.mano.descriptor.NetworkServiceDescriptor.nsd_security)
          - CollectionAttributeFetchImpl(collection=org.project.neutrino.nfvo.catalogue.mano.descriptor.NetworkServiceDescriptor.vnf_dependency, querySpaceUid=<gen:3>, path=org.project.neutrino.nfvo.catalogue.mano.descriptor.NetworkServiceDescriptor.vnf_dependency)
             - (collection element) CollectionFetchableElementEntityGraph(entity=org.project.neutrino.nfvo.catalogue.mano.common.VNFDependency, querySpaceUid=<gen:4>, path=org.project.neutrino.nfvo.catalogue.mano.descriptor.NetworkServiceDescriptor.vnf_dependency.<elements>)
          - CollectionAttributeFetchImpl(collection=org.project.neutrino.nfvo.catalogue.mano.descriptor.NetworkServiceDescriptor.vnfd, querySpaceUid=<gen:5>, path=org.project.neutrino.nfvo.catalogue.mano.descriptor.NetworkServiceDescriptor.vnfd)
             - (collection element) CollectionFetchableElementEntityGraph(entity=org.project.neutrino.nfvo.catalogue.mano.descriptor.VirtualNetworkFunctionDescriptor, querySpaceUid=<gen:6>, path=org.project.neutrino.nfvo.catalogue.mano.descriptor.NetworkServiceDescriptor.vnfd.<elements>)
    - QuerySpaces
       - EntityQuerySpaceImpl(uid=<gen:0>, entity=org.project.neutrino.nfvo.catalogue.mano.descriptor.NetworkServiceDescriptor)
          - SQL table alias mapping - networkser0_
          - alias suffix - 0_
          - suffixed key columns - {id1_27_0_}

14:11:15.412 [Test worker] DEBUG o.h.loader.entity.plan.EntityLoader - Static select for entity org.project.neutrino.nfvo.catalogue.mano.descriptor.NetworkServiceDescriptor [PESSIMISTIC_FORCE_INCREMENT]: select networkser0_.id as id1_27_0_, networkser0_.hb_version as hb_versi2_27_0_, networkser0_.vendor as vendor3_27_0_, networkser0_.version as version4_27_0_, networkser0_.nsd_security_id as nsd_secu1_14_0_ from network_service_descriptor networkser0_ where networkser0_.id=? for update
14:11:15.412 [Test worker] DEBUG o.h.l.p.b.i.spaces.QuerySpacesImpl - Adding QuerySpace : uid = <gen:0> -> org.hibernate.loader.plan.build.internal.spaces.EntityQuerySpaceImpl@224c921b]
14:11:15.412 [Test worker] DEBUG o.h.p.w.spi.MetamodelGraphWalker - Visiting attribute path : auto_scale_policy
14:11:15.412 [Test worker] DEBUG o.h.p.w.spi.MetamodelGraphWalker - Visiting attribute path : connection_point
14:11:15.413 [Test worker] DEBUG o.h.p.w.spi.MetamodelGraphWalker - Visiting attribute path : hb_version
14:11:15.413 [Test worker] DEBUG o.h.p.w.spi.MetamodelGraphWalker - Visiting attribute path : lifecycle_event
14:11:15.413 [Test worker] DEBUG o.h.p.w.spi.MetamodelGraphWalker - Visiting attribute path : monitoring_parameter
14:11:15.413 [Test worker] DEBUG o.h.l.p.b.i.spaces.QuerySpacesImpl - Adding QuerySpace : uid = <gen:1> -> org.hibernate.loader.plan.build.internal.spaces.CollectionQuerySpaceImpl@7a44a37d]
14:11:15.413 [Test worker] DEBUG o.h.p.w.spi.MetamodelGraphWalker - Visiting attribute path : service_deployment_flavour
14:11:15.413 [Test worker] DEBUG o.h.p.w.spi.MetamodelGraphWalker - Visiting attribute path : vendor
14:11:15.413 [Test worker] DEBUG o.h.p.w.spi.MetamodelGraphWalker - Visiting attribute path : version
14:11:15.413 [Test worker] DEBUG o.h.p.w.spi.MetamodelGraphWalker - Visiting attribute path : vld
14:11:15.413 [Test worker] DEBUG o.h.p.w.spi.MetamodelGraphWalker - Visiting attribute path : vnffgd
14:11:15.413 [Test worker] DEBUG o.h.p.w.spi.MetamodelGraphWalker - Visiting attribute path : nsd_security
14:11:15.413 [Test worker] DEBUG o.h.l.p.b.i.spaces.QuerySpacesImpl - Adding QuerySpace : uid = <gen:2> -> org.hibernate.loader.plan.build.internal.spaces.EntityQuerySpaceImpl@3049a241]
14:11:15.414 [Test worker] DEBUG o.h.p.w.spi.MetamodelGraphWalker - Visiting attribute path : pnfd
14:11:15.414 [Test worker] DEBUG o.h.p.w.spi.MetamodelGraphWalker - Visiting attribute path : vnf_dependency
14:11:15.414 [Test worker] DEBUG o.h.l.p.b.i.spaces.QuerySpacesImpl - Adding QuerySpace : uid = <gen:3> -> org.hibernate.loader.plan.build.internal.spaces.CollectionQuerySpaceImpl@323b722b]
14:11:15.414 [Test worker] DEBUG o.h.l.p.b.i.spaces.QuerySpacesImpl - Adding QuerySpace : uid = <gen:4> -> org.hibernate.loader.plan.build.internal.spaces.EntityQuerySpaceImpl@5cc47ed0]
14:11:15.414 [Test worker] DEBUG o.h.p.w.spi.MetamodelGraphWalker - Visiting attribute path : vnfd
14:11:15.414 [Test worker] DEBUG o.h.l.p.b.i.spaces.QuerySpacesImpl - Adding QuerySpace : uid = <gen:5> -> org.hibernate.loader.plan.build.internal.spaces.CollectionQuerySpaceImpl@6861b944]
14:11:15.414 [Test worker] DEBUG o.h.l.p.b.i.spaces.QuerySpacesImpl - Adding QuerySpace : uid = <gen:6> -> org.hibernate.loader.plan.build.internal.spaces.EntityQuerySpaceImpl@67ca54e5]
14:11:15.414 [Test worker] DEBUG o.h.l.p.b.i.FetchStyleLoadPlanBuildingAssociationVisitationStrategy - Building LoadPlan...
14:11:15.414 [Test worker] DEBUG o.h.l.p.e.i.LoadQueryJoinAndFetchProcessor - processing queryspace <gen:0>
14:11:15.415 [Test worker] DEBUG o.h.l.p.b.spi.LoadPlanTreePrinter - LoadPlan(entity=org.project.neutrino.nfvo.catalogue.mano.descriptor.NetworkServiceDescriptor)
    - Returns
       - EntityReturnImpl(entity=org.project.neutrino.nfvo.catalogue.mano.descriptor.NetworkServiceDescriptor, querySpaceUid=<gen:0>, path=org.project.neutrino.nfvo.catalogue.mano.descriptor.NetworkServiceDescriptor)
          - CollectionAttributeFetchImpl(collection=org.project.neutrino.nfvo.catalogue.mano.common.NFVEntityDescriptor.monitoring_parameter, querySpaceUid=<gen:1>, path=org.project.neutrino.nfvo.catalogue.mano.descriptor.NetworkServiceDescriptor.monitoring_parameter)
          - EntityAttributeFetchImpl(entity=org.project.neutrino.nfvo.catalogue.mano.common.Security, querySpaceUid=<gen:2>, path=org.project.neutrino.nfvo.catalogue.mano.descriptor.NetworkServiceDescriptor.nsd_security)
          - CollectionAttributeFetchImpl(collection=org.project.neutrino.nfvo.catalogue.mano.descriptor.NetworkServiceDescriptor.vnf_dependency, querySpaceUid=<gen:3>, path=org.project.neutrino.nfvo.catalogue.mano.descriptor.NetworkServiceDescriptor.vnf_dependency)
             - (collection element) CollectionFetchableElementEntityGraph(entity=org.project.neutrino.nfvo.catalogue.mano.common.VNFDependency, querySpaceUid=<gen:4>, path=org.project.neutrino.nfvo.catalogue.mano.descriptor.NetworkServiceDescriptor.vnf_dependency.<elements>)
          - CollectionAttributeFetchImpl(collection=org.project.neutrino.nfvo.catalogue.mano.descriptor.NetworkServiceDescriptor.vnfd, querySpaceUid=<gen:5>, path=org.project.neutrino.nfvo.catalogue.mano.descriptor.NetworkServiceDescriptor.vnfd)
             - (collection element) CollectionFetchableElementEntityGraph(entity=org.project.neutrino.nfvo.catalogue.mano.descriptor.VirtualNetworkFunctionDescriptor, querySpaceUid=<gen:6>, path=org.project.neutrino.nfvo.catalogue.mano.descriptor.NetworkServiceDescriptor.vnfd.<elements>)
    - QuerySpaces
       - EntityQuerySpaceImpl(uid=<gen:0>, entity=org.project.neutrino.nfvo.catalogue.mano.descriptor.NetworkServiceDescriptor)
          - SQL table alias mapping - networkser0_
          - alias suffix - 0_
          - suffixed key columns - {id1_27_0_}

14:11:15.415 [Test worker] DEBUG o.h.loader.entity.plan.EntityLoader - Static select for entity org.project.neutrino.nfvo.catalogue.mano.descriptor.NetworkServiceDescriptor [OPTIMISTIC]: select networkser0_.id as id1_27_0_, networkser0_.hb_version as hb_versi2_27_0_, networkser0_.vendor as vendor3_27_0_, networkser0_.version as version4_27_0_, networkser0_.nsd_security_id as nsd_secu1_14_0_ from network_service_descriptor networkser0_ where networkser0_.id=?
14:11:15.415 [Test worker] DEBUG o.h.l.p.b.i.spaces.QuerySpacesImpl - Adding QuerySpace : uid = <gen:0> -> org.hibernate.loader.plan.build.internal.spaces.EntityQuerySpaceImpl@148bbb9f]
14:11:15.415 [Test worker] DEBUG o.h.p.w.spi.MetamodelGraphWalker - Visiting attribute path : auto_scale_policy
14:11:15.415 [Test worker] DEBUG o.h.p.w.spi.MetamodelGraphWalker - Visiting attribute path : connection_point
14:11:15.415 [Test worker] DEBUG o.h.p.w.spi.MetamodelGraphWalker - Visiting attribute path : hb_version
14:11:15.415 [Test worker] DEBUG o.h.p.w.spi.MetamodelGraphWalker - Visiting attribute path : lifecycle_event
14:11:15.415 [Test worker] DEBUG o.h.p.w.spi.MetamodelGraphWalker - Visiting attribute path : monitoring_parameter
14:11:15.416 [Test worker] DEBUG o.h.l.p.b.i.spaces.QuerySpacesImpl - Adding QuerySpace : uid = <gen:1> -> org.hibernate.loader.plan.build.internal.spaces.CollectionQuerySpaceImpl@49ab8136]
14:11:15.416 [Test worker] DEBUG o.h.p.w.spi.MetamodelGraphWalker - Visiting attribute path : service_deployment_flavour
14:11:15.416 [Test worker] DEBUG o.h.p.w.spi.MetamodelGraphWalker - Visiting attribute path : vendor
14:11:15.416 [Test worker] DEBUG o.h.p.w.spi.MetamodelGraphWalker - Visiting attribute path : version
14:11:15.416 [Test worker] DEBUG o.h.p.w.spi.MetamodelGraphWalker - Visiting attribute path : vld
14:11:15.416 [Test worker] DEBUG o.h.p.w.spi.MetamodelGraphWalker - Visiting attribute path : vnffgd
14:11:15.416 [Test worker] DEBUG o.h.p.w.spi.MetamodelGraphWalker - Visiting attribute path : nsd_security
14:11:15.416 [Test worker] DEBUG o.h.l.p.b.i.spaces.QuerySpacesImpl - Adding QuerySpace : uid = <gen:2> -> org.hibernate.loader.plan.build.internal.spaces.EntityQuerySpaceImpl@1ab02603]
14:11:15.416 [Test worker] DEBUG o.h.p.w.spi.MetamodelGraphWalker - Visiting attribute path : pnfd
14:11:15.417 [Test worker] DEBUG o.h.p.w.spi.MetamodelGraphWalker - Visiting attribute path : vnf_dependency
14:11:15.417 [Test worker] DEBUG o.h.l.p.b.i.spaces.QuerySpacesImpl - Adding QuerySpace : uid = <gen:3> -> org.hibernate.loader.plan.build.internal.spaces.CollectionQuerySpaceImpl@228f9ca5]
14:11:15.417 [Test worker] DEBUG o.h.l.p.b.i.spaces.QuerySpacesImpl - Adding QuerySpace : uid = <gen:4> -> org.hibernate.loader.plan.build.internal.spaces.EntityQuerySpaceImpl@275265d]
14:11:15.417 [Test worker] DEBUG o.h.p.w.spi.MetamodelGraphWalker - Visiting attribute path : vnfd
14:11:15.417 [Test worker] DEBUG o.h.l.p.b.i.spaces.QuerySpacesImpl - Adding QuerySpace : uid = <gen:5> -> org.hibernate.loader.plan.build.internal.spaces.CollectionQuerySpaceImpl@5929a4ed]
14:11:15.417 [Test worker] DEBUG o.h.l.p.b.i.spaces.QuerySpacesImpl - Adding QuerySpace : uid = <gen:6> -> org.hibernate.loader.plan.build.internal.spaces.EntityQuerySpaceImpl@3d0af156]
14:11:15.417 [Test worker] DEBUG o.h.l.p.b.i.FetchStyleLoadPlanBuildingAssociationVisitationStrategy - Building LoadPlan...
14:11:15.417 [Test worker] DEBUG o.h.l.p.e.i.LoadQueryJoinAndFetchProcessor - processing queryspace <gen:0>
14:11:15.418 [Test worker] DEBUG o.h.l.p.b.spi.LoadPlanTreePrinter - LoadPlan(entity=org.project.neutrino.nfvo.catalogue.mano.descriptor.NetworkServiceDescriptor)
    - Returns
       - EntityReturnImpl(entity=org.project.neutrino.nfvo.catalogue.mano.descriptor.NetworkServiceDescriptor, querySpaceUid=<gen:0>, path=org.project.neutrino.nfvo.catalogue.mano.descriptor.NetworkServiceDescriptor)
          - CollectionAttributeFetchImpl(collection=org.project.neutrino.nfvo.catalogue.mano.common.NFVEntityDescriptor.monitoring_parameter, querySpaceUid=<gen:1>, path=org.project.neutrino.nfvo.catalogue.mano.descriptor.NetworkServiceDescriptor.monitoring_parameter)
          - EntityAttributeFetchImpl(entity=org.project.neutrino.nfvo.catalogue.mano.common.Security, querySpaceUid=<gen:2>, path=org.project.neutrino.nfvo.catalogue.mano.descriptor.NetworkServiceDescriptor.nsd_security)
          - CollectionAttributeFetchImpl(collection=org.project.neutrino.nfvo.catalogue.mano.descriptor.NetworkServiceDescriptor.vnf_dependency, querySpaceUid=<gen:3>, path=org.project.neutrino.nfvo.catalogue.mano.descriptor.NetworkServiceDescriptor.vnf_dependency)
             - (collection element) CollectionFetchableElementEntityGraph(entity=org.project.neutrino.nfvo.catalogue.mano.common.VNFDependency, querySpaceUid=<gen:4>, path=org.project.neutrino.nfvo.catalogue.mano.descriptor.NetworkServiceDescriptor.vnf_dependency.<elements>)
          - CollectionAttributeFetchImpl(collection=org.project.neutrino.nfvo.catalogue.mano.descriptor.NetworkServiceDescriptor.vnfd, querySpaceUid=<gen:5>, path=org.project.neutrino.nfvo.catalogue.mano.descriptor.NetworkServiceDescriptor.vnfd)
             - (collection element) CollectionFetchableElementEntityGraph(entity=org.project.neutrino.nfvo.catalogue.mano.descriptor.VirtualNetworkFunctionDescriptor, querySpaceUid=<gen:6>, path=org.project.neutrino.nfvo.catalogue.mano.descriptor.NetworkServiceDescriptor.vnfd.<elements>)
    - QuerySpaces
       - EntityQuerySpaceImpl(uid=<gen:0>, entity=org.project.neutrino.nfvo.catalogue.mano.descriptor.NetworkServiceDescriptor)
          - SQL table alias mapping - networkser0_
          - alias suffix - 0_
          - suffixed key columns - {id1_27_0_}

14:11:15.418 [Test worker] DEBUG o.h.loader.entity.plan.EntityLoader - Static select for entity org.project.neutrino.nfvo.catalogue.mano.descriptor.NetworkServiceDescriptor [OPTIMISTIC_FORCE_INCREMENT]: select networkser0_.id as id1_27_0_, networkser0_.hb_version as hb_versi2_27_0_, networkser0_.vendor as vendor3_27_0_, networkser0_.version as version4_27_0_, networkser0_.nsd_security_id as nsd_secu1_14_0_ from network_service_descriptor networkser0_ where networkser0_.id=?
14:11:15.419 [Test worker] DEBUG org.hibernate.loader.Loader - Static select for action ACTION_MERGE on entity org.project.neutrino.nfvo.catalogue.mano.descriptor.NetworkServiceDescriptor: select networkser0_.id as id1_27_2_, networkser0_.hb_version as hb_versi2_27_2_, networkser0_.vendor as vendor3_27_2_, networkser0_.version as version4_27_2_, networkser0_.nsd_security_id as nsd_secu1_14_2_, auto_scale1_.nfventity_descriptor_Id as nfventit1_27_4_, autoscalep2_.id as auto_sca2_28_4_, autoscalep2_.id as id1_3_0_, autoscalep2_.version as version2_3_0_, security3_.id as id1_43_1_, security3_.version as version2_43_1_ from network_service_descriptor networkser0_ left outer join nfventity_descriptor_auto_scale_policy auto_scale1_ on networkser0_.id=auto_scale1_.nfventity_descriptor_Id left outer join auto_scale_policy autoscalep2_ on auto_scale1_.auto_scale_policy_id=autoscalep2_.id left outer join security security3_ on networkser0_.nsd_security_id=security3_.id where networkser0_.id=?
14:11:15.420 [Test worker] DEBUG org.hibernate.loader.Loader - Static select for action ACTION_REFRESH on entity org.project.neutrino.nfvo.catalogue.mano.descriptor.NetworkServiceDescriptor: select networkser0_.id as id1_27_2_, networkser0_.hb_version as hb_versi2_27_2_, networkser0_.vendor as vendor3_27_2_, networkser0_.version as version4_27_2_, networkser0_.nsd_security_id as nsd_secu1_14_2_, auto_scale1_.nfventity_descriptor_Id as nfventit1_27_4_, autoscalep2_.id as auto_sca2_28_4_, autoscalep2_.id as id1_3_0_, autoscalep2_.version as version2_3_0_, security3_.id as id1_43_1_, security3_.version as version2_43_1_ from network_service_descriptor networkser0_ left outer join nfventity_descriptor_auto_scale_policy auto_scale1_ on networkser0_.id=auto_scale1_.nfventity_descriptor_Id left outer join auto_scale_policy autoscalep2_ on auto_scale1_.auto_scale_policy_id=autoscalep2_.id left outer join security security3_ on networkser0_.nsd_security_id=security3_.id where networkser0_.id=?
14:11:15.421 [Test worker] DEBUG o.h.p.entity.AbstractEntityPersister - Static SQL for entity: org.project.neutrino.nfvo.catalogue.mano.record.NetworkServiceRecord
14:11:15.421 [Test worker] DEBUG o.h.p.entity.AbstractEntityPersister -  Version select: select id from network_service_record where id =?
14:11:15.421 [Test worker] DEBUG o.h.p.entity.AbstractEntityPersister -  Snapshot select: select networkser_.id, networkser_.audit_log as audit_lo2_18_, networkser_.descriptor_reference_Id as descript9_18_, networkser_.lifecycle_event_id as lifecyc10_18_, networkser_.notification as notifica3_18_, networkser_.resource_reservation as resource4_18_, networkser_.runtime_policy_info as runtime_5_18_, networkser_.service_deployment_flavour_id as service11_18_, networkser_.status as status6_18_, networkser_.vendor as vendor7_18_, networkser_.version as version8_18_, networkser_.vnfr_id as vnfr_id12_18_ from network_service_record networkser_ where networkser_.id=?
14:11:15.421 [Test worker] DEBUG o.h.p.entity.AbstractEntityPersister -  Insert 0: insert into network_service_record (audit_log, descriptor_reference_Id, lifecycle_event_id, notification, resource_reservation, runtime_policy_info, service_deployment_flavour_id, status, vendor, version, vnfr_id, id) values (?, ?, ?, ?, ?, ?, ?, ?, ?, ?, ?, ?)
14:11:15.422 [Test worker] DEBUG o.h.p.entity.AbstractEntityPersister -  Update 0: update network_service_record set audit_log=?, descriptor_reference_Id=?, lifecycle_event_id=?, notification=?, resource_reservation=?, runtime_policy_info=?, service_deployment_flavour_id=?, status=?, vendor=?, version=?, vnfr_id=? where id=?
14:11:15.422 [Test worker] DEBUG o.h.p.entity.AbstractEntityPersister -  Delete 0: delete from network_service_record where id=?
14:11:15.422 [Test worker] DEBUG o.h.l.p.b.i.spaces.QuerySpacesImpl - Adding QuerySpace : uid = <gen:0> -> org.hibernate.loader.plan.build.internal.spaces.EntityQuerySpaceImpl@196a6469]
14:11:15.422 [Test worker] DEBUG o.h.p.w.spi.MetamodelGraphWalker - Visiting attribute path : audit_log
14:11:15.422 [Test worker] DEBUG o.h.p.w.spi.MetamodelGraphWalker - Visiting attribute path : auto_scale_policy
14:11:15.422 [Test worker] DEBUG o.h.l.p.b.i.spaces.QuerySpacesImpl - Adding QuerySpace : uid = <gen:1> -> org.hibernate.loader.plan.build.internal.spaces.CollectionQuerySpaceImpl@b0626fa]
14:11:15.422 [Test worker] DEBUG o.h.l.p.b.i.spaces.QuerySpacesImpl - Adding QuerySpace : uid = <gen:2> -> org.hibernate.loader.plan.build.internal.spaces.EntityQuerySpaceImpl@40e8ecbd]
14:11:15.422 [Test worker] DEBUG o.h.p.w.spi.MetamodelGraphWalker - Visiting attribute path : auto_scale_policy.version
14:11:15.422 [Test worker] DEBUG o.h.p.w.spi.MetamodelGraphWalker - Visiting attribute path : connection_point
14:11:15.422 [Test worker] DEBUG o.h.l.p.b.i.spaces.QuerySpacesImpl - Adding QuerySpace : uid = <gen:3> -> org.hibernate.loader.plan.build.internal.spaces.CollectionQuerySpaceImpl@50a67e6c]
14:11:15.422 [Test worker] DEBUG o.h.l.p.b.i.spaces.QuerySpacesImpl - Adding QuerySpace : uid = <gen:4> -> org.hibernate.loader.plan.build.internal.spaces.EntityQuerySpaceImpl@62b60dd1]
14:11:15.423 [Test worker] DEBUG o.h.p.w.spi.MetamodelGraphWalker - Visiting attribute path : connection_point.type
14:11:15.423 [Test worker] DEBUG o.h.p.w.spi.MetamodelGraphWalker - Visiting attribute path : connection_point.version
14:11:15.423 [Test worker] DEBUG o.h.p.w.spi.MetamodelGraphWalker - Visiting attribute path : connection_point.virtual_link_reference
14:11:15.423 [Test worker] DEBUG o.h.p.w.spi.MetamodelGraphWalker - Visiting attribute path : descriptor_reference
14:11:15.423 [Test worker] DEBUG o.h.l.p.b.i.spaces.QuerySpacesImpl - Adding QuerySpace : uid = <gen:5> -> org.hibernate.loader.plan.build.internal.spaces.EntityQuerySpaceImpl@897521a]
14:11:15.423 [Test worker] DEBUG o.h.p.w.spi.MetamodelGraphWalker - Visiting attribute path : descriptor_reference.auto_scale_policy
14:11:15.423 [Test worker] DEBUG o.h.p.w.spi.MetamodelGraphWalker - Visiting attribute path : descriptor_reference.connection_point
14:11:15.423 [Test worker] DEBUG o.h.p.w.spi.MetamodelGraphWalker - Visiting attribute path : descriptor_reference.hb_version
14:11:15.423 [Test worker] DEBUG o.h.p.w.spi.MetamodelGraphWalker - Visiting attribute path : descriptor_reference.lifecycle_event
14:11:15.423 [Test worker] DEBUG o.h.p.w.spi.MetamodelGraphWalker - Visiting attribute path : descriptor_reference.monitoring_parameter
14:11:15.423 [Test worker] DEBUG o.h.l.p.b.i.spaces.QuerySpacesImpl - Adding QuerySpace : uid = <gen:6> -> org.hibernate.loader.plan.build.internal.spaces.CollectionQuerySpaceImpl@21eb79af]
14:11:15.424 [Test worker] DEBUG o.h.p.w.spi.MetamodelGraphWalker - Visiting attribute path : descriptor_reference.service_deployment_flavour
14:11:15.424 [Test worker] DEBUG o.h.p.w.spi.MetamodelGraphWalker - Visiting attribute path : descriptor_reference.vendor
14:11:15.424 [Test worker] DEBUG o.h.p.w.spi.MetamodelGraphWalker - Visiting attribute path : descriptor_reference.version
14:11:15.424 [Test worker] DEBUG o.h.p.w.spi.MetamodelGraphWalker - Visiting attribute path : descriptor_reference.vld
14:11:15.424 [Test worker] DEBUG o.h.p.w.spi.MetamodelGraphWalker - Visiting attribute path : descriptor_reference.vnffgd
14:11:15.424 [Test worker] DEBUG o.h.p.w.spi.MetamodelGraphWalker - Visiting attribute path : descriptor_reference.deployment_flavour
14:11:15.424 [Test worker] DEBUG o.h.l.p.b.i.spaces.QuerySpacesImpl - Adding QuerySpace : uid = <gen:7> -> org.hibernate.loader.plan.build.internal.spaces.CollectionQuerySpaceImpl@74ff6842]
14:11:15.424 [Test worker] DEBUG o.h.l.p.b.i.spaces.QuerySpacesImpl - Adding QuerySpace : uid = <gen:8> -> org.hibernate.loader.plan.build.internal.spaces.EntityQuerySpaceImpl@2c160110]
14:11:15.424 [Test worker] DEBUG o.h.p.w.spi.MetamodelGraphWalker - Visiting attribute path : descriptor_reference.deployment_flavour.flavour_key
14:11:15.424 [Test worker] DEBUG o.h.p.w.spi.MetamodelGraphWalker - Visiting attribute path : descriptor_reference.deployment_flavour.version
14:11:15.424 [Test worker] DEBUG o.h.p.w.spi.MetamodelGraphWalker - Visiting attribute path : descriptor_reference.deployment_flavour.costituent_vdu
14:11:15.424 [Test worker] DEBUG o.h.p.w.spi.MetamodelGraphWalker - Visiting attribute path : descriptor_reference.deployment_flavour.df_constraint
14:11:15.424 [Test worker] DEBUG o.h.l.p.b.i.spaces.QuerySpacesImpl - Adding QuerySpace : uid = <gen:9> -> org.hibernate.loader.plan.build.internal.spaces.CollectionQuerySpaceImpl@b1d6a5a]
14:11:15.425 [Test worker] DEBUG o.h.p.w.spi.MetamodelGraphWalker - Visiting attribute path : descriptor_reference.descriptor_version
14:11:15.425 [Test worker] DEBUG o.h.p.w.spi.MetamodelGraphWalker - Visiting attribute path : descriptor_reference.manifest_file
14:11:15.425 [Test worker] DEBUG o.h.p.w.spi.MetamodelGraphWalker - Visiting attribute path : descriptor_reference.manifest_file_security
14:11:15.425 [Test worker] DEBUG o.h.p.w.spi.MetamodelGraphWalker - Visiting attribute path : descriptor_reference.vdu
14:11:15.425 [Test worker] DEBUG o.h.p.w.spi.MetamodelGraphWalker - Visiting attribute path : descriptor_reference.vdu_dependency
14:11:15.425 [Test worker] DEBUG o.h.p.w.spi.MetamodelGraphWalker - Visiting attribute path : descriptor_reference.virtual_link
14:11:15.425 [Test worker] DEBUG o.h.p.w.spi.MetamodelGraphWalker - Visiting attribute path : descriptor_reference.nsd_security
14:11:15.425 [Test worker] DEBUG o.h.l.p.b.i.spaces.QuerySpacesImpl - Adding QuerySpace : uid = <gen:10> -> org.hibernate.loader.plan.build.internal.spaces.EntityQuerySpaceImpl@38314069]
14:11:15.425 [Test worker] DEBUG o.h.p.w.spi.MetamodelGraphWalker - Visiting attribute path : descriptor_reference.nsd_security.version
14:11:15.425 [Test worker] DEBUG o.h.p.w.spi.MetamodelGraphWalker - Visiting attribute path : descriptor_reference.pnfd
14:11:15.425 [Test worker] DEBUG o.h.p.w.spi.MetamodelGraphWalker - Visiting attribute path : descriptor_reference.vnf_dependency
14:11:15.425 [Test worker] DEBUG o.h.l.p.b.i.spaces.QuerySpacesImpl - Adding QuerySpace : uid = <gen:11> -> org.hibernate.loader.plan.build.internal.spaces.CollectionQuerySpaceImpl@7e1fa11d]
14:11:15.425 [Test worker] DEBUG o.h.l.p.b.i.spaces.QuerySpacesImpl - Adding QuerySpace : uid = <gen:12> -> org.hibernate.loader.plan.build.internal.spaces.EntityQuerySpaceImpl@4e8ab79b]
14:11:15.426 [Test worker] DEBUG o.h.p.w.spi.MetamodelGraphWalker - Visiting attribute path : descriptor_reference.vnf_dependency.source
14:11:15.426 [Test worker] DEBUG o.h.l.p.b.i.spaces.QuerySpacesImpl - Adding QuerySpace : uid = <gen:13> -> org.hibernate.loader.plan.build.internal.spaces.EntityQuerySpaceImpl@62178479]
14:11:15.426 [Test worker] DEBUG o.h.p.w.spi.MetamodelGraphWalker - Visiting attribute path : descriptor_reference.vnf_dependency.target
14:11:15.426 [Test worker] DEBUG o.h.l.p.b.i.spaces.QuerySpacesImpl - Adding QuerySpace : uid = <gen:14> -> org.hibernate.loader.plan.build.internal.spaces.EntityQuerySpaceImpl@75fa563e]
14:11:15.426 [Test worker] DEBUG o.h.p.w.spi.MetamodelGraphWalker - Visiting attribute path : descriptor_reference.vnf_dependency.version
14:11:15.426 [Test worker] DEBUG o.h.p.w.spi.MetamodelGraphWalker - Visiting attribute path : descriptor_reference.vnfd
14:11:15.426 [Test worker] DEBUG o.h.l.p.b.i.spaces.QuerySpacesImpl - Adding QuerySpace : uid = <gen:15> -> org.hibernate.loader.plan.build.internal.spaces.CollectionQuerySpaceImpl@6343cf5]
14:11:15.426 [Test worker] DEBUG o.h.l.p.b.i.spaces.QuerySpacesImpl - Adding QuerySpace : uid = <gen:16> -> org.hibernate.loader.plan.build.internal.spaces.EntityQuerySpaceImpl@4f8dfc01]
14:11:15.426 [Test worker] DEBUG o.h.p.w.spi.MetamodelGraphWalker - Visiting attribute path : descriptor_reference.vnfd.auto_scale_policy
14:11:15.426 [Test worker] DEBUG o.h.p.w.spi.MetamodelGraphWalker - Visiting attribute path : descriptor_reference.vnfd.connection_point
14:11:15.426 [Test worker] DEBUG o.h.p.w.spi.MetamodelGraphWalker - Visiting attribute path : descriptor_reference.vnfd.hb_version
14:11:15.427 [Test worker] DEBUG o.h.p.w.spi.MetamodelGraphWalker - Visiting attribute path : descriptor_reference.vnfd.lifecycle_event
14:11:15.427 [Test worker] DEBUG o.h.p.w.spi.MetamodelGraphWalker - Visiting attribute path : descriptor_reference.vnfd.monitoring_parameter
14:11:15.427 [Test worker] DEBUG o.h.p.w.spi.MetamodelGraphWalker - Property path deemed to be circular : descriptor_reference.vnfd.monitoring_parameter
14:11:15.427 [Test worker] DEBUG o.h.p.w.spi.MetamodelGraphWalker - Visiting attribute path : descriptor_reference.vnfd.service_deployment_flavour
14:11:15.427 [Test worker] DEBUG o.h.p.w.spi.MetamodelGraphWalker - Visiting attribute path : descriptor_reference.vnfd.vendor
14:11:15.427 [Test worker] DEBUG o.h.p.w.spi.MetamodelGraphWalker - Visiting attribute path : descriptor_reference.vnfd.version
14:11:15.427 [Test worker] DEBUG o.h.p.w.spi.MetamodelGraphWalker - Visiting attribute path : descriptor_reference.vnfd.vld
14:11:15.427 [Test worker] DEBUG o.h.p.w.spi.MetamodelGraphWalker - Visiting attribute path : descriptor_reference.vnfd.vnffgd
14:11:15.427 [Test worker] DEBUG o.h.p.w.spi.MetamodelGraphWalker - Visiting attribute path : descriptor_reference.vnfd.deployment_flavour
14:11:15.427 [Test worker] DEBUG o.h.p.w.spi.MetamodelGraphWalker - Property path deemed to be circular : descriptor_reference.vnfd.deployment_flavour
14:11:15.427 [Test worker] DEBUG o.h.p.w.spi.MetamodelGraphWalker - Visiting attribute path : descriptor_reference.vnfd.descriptor_version
14:11:15.427 [Test worker] DEBUG o.h.p.w.spi.MetamodelGraphWalker - Visiting attribute path : descriptor_reference.vnfd.manifest_file
14:11:15.427 [Test worker] DEBUG o.h.p.w.spi.MetamodelGraphWalker - Visiting attribute path : descriptor_reference.vnfd.manifest_file_security
14:11:15.427 [Test worker] DEBUG o.h.p.w.spi.MetamodelGraphWalker - Visiting attribute path : descriptor_reference.vnfd.vdu
14:11:15.427 [Test worker] DEBUG o.h.p.w.spi.MetamodelGraphWalker - Visiting attribute path : descriptor_reference.vnfd.vdu_dependency
14:11:15.427 [Test worker] DEBUG o.h.p.w.spi.MetamodelGraphWalker - Visiting attribute path : descriptor_reference.vnfd.virtual_link
14:11:15.428 [Test worker] DEBUG o.h.p.w.spi.MetamodelGraphWalker - Visiting attribute path : lifecycle_event
14:11:15.428 [Test worker] DEBUG o.h.l.p.b.i.spaces.QuerySpacesImpl - Adding QuerySpace : uid = <gen:17> -> org.hibernate.loader.plan.build.internal.spaces.EntityQuerySpaceImpl@157eee46]
14:11:15.428 [Test worker] DEBUG o.h.p.w.spi.MetamodelGraphWalker - Visiting attribute path : lifecycle_event.lifecycle_events
14:11:15.428 [Test worker] DEBUG o.h.p.w.spi.MetamodelGraphWalker - Visiting attribute path : lifecycle_event.version
14:11:15.428 [Test worker] DEBUG o.h.p.w.spi.MetamodelGraphWalker - Visiting attribute path : lifecycle_event_history
14:11:15.428 [Test worker] DEBUG o.h.l.p.b.i.spaces.QuerySpacesImpl - Adding QuerySpace : uid = <gen:18> -> org.hibernate.loader.plan.build.internal.spaces.CollectionQuerySpaceImpl@fd203cb]
14:11:15.428 [Test worker] DEBUG o.h.l.p.b.i.spaces.QuerySpacesImpl - Adding QuerySpace : uid = <gen:19> -> org.hibernate.loader.plan.build.internal.spaces.EntityQuerySpaceImpl@24f70c8a]
14:11:15.428 [Test worker] DEBUG o.h.p.w.spi.MetamodelGraphWalker - Visiting attribute path : lifecycle_event_history.lifecycle_events
14:11:15.428 [Test worker] DEBUG o.h.p.w.spi.MetamodelGraphWalker - Visiting attribute path : lifecycle_event_history.version
14:11:15.428 [Test worker] DEBUG o.h.p.w.spi.MetamodelGraphWalker - Visiting attribute path : monitoring_parameter
14:11:15.429 [Test worker] DEBUG o.h.p.w.spi.MetamodelGraphWalker - Visiting attribute path : notification
14:11:15.429 [Test worker] DEBUG o.h.p.w.spi.MetamodelGraphWalker - Visiting attribute path : pnfr
14:11:15.429 [Test worker] DEBUG o.h.l.p.b.i.spaces.QuerySpacesImpl - Adding QuerySpace : uid = <gen:20> -> org.hibernate.loader.plan.build.internal.spaces.CollectionQuerySpaceImpl@246aad80]
14:11:15.429 [Test worker] DEBUG o.h.l.p.b.i.spaces.QuerySpacesImpl - Adding QuerySpace : uid = <gen:21> -> org.hibernate.loader.plan.build.internal.spaces.EntityQuerySpaceImpl@57a4c12d]
14:11:15.429 [Test worker] DEBUG o.h.p.w.spi.MetamodelGraphWalker - Visiting attribute path : pnfr.connected_virtual_link
14:11:15.429 [Test worker] DEBUG o.h.l.p.b.i.spaces.QuerySpacesImpl - Adding QuerySpace : uid = <gen:22> -> org.hibernate.loader.plan.build.internal.spaces.CollectionQuerySpaceImpl@35d64fed]
14:11:15.429 [Test worker] DEBUG o.h.l.p.b.i.spaces.QuerySpacesImpl - Adding QuerySpace : uid = <gen:23> -> org.hibernate.loader.plan.build.internal.spaces.EntityQuerySpaceImpl@9196c38]
14:11:15.429 [Test worker] DEBUG o.h.p.w.spi.MetamodelGraphWalker - Visiting attribute path : pnfr.connected_virtual_link.allocated_capacity
14:11:15.429 [Test worker] DEBUG o.h.p.w.spi.MetamodelGraphWalker - Visiting attribute path : pnfr.connected_virtual_link.audit_log
14:11:15.429 [Test worker] DEBUG o.h.p.w.spi.MetamodelGraphWalker - Visiting attribute path : pnfr.connected_virtual_link.connection
14:11:15.429 [Test worker] DEBUG o.h.p.w.spi.MetamodelGraphWalker - Visiting attribute path : pnfr.connected_virtual_link.connectivity_type
14:11:15.430 [Test worker] DEBUG o.h.p.w.spi.MetamodelGraphWalker - Visiting attribute path : pnfr.connected_virtual_link.descriptor_reference
14:11:15.430 [Test worker] DEBUG o.h.p.w.spi.MetamodelGraphWalker - Visiting attribute path : pnfr.connected_virtual_link.leaf_requirement
14:11:15.430 [Test worker] DEBUG o.h.p.w.spi.MetamodelGraphWalker - Visiting attribute path : pnfr.connected_virtual_link.lifecycle_event_history
14:11:15.430 [Test worker] DEBUG o.h.l.p.b.i.spaces.QuerySpacesImpl - Adding QuerySpace : uid = <gen:24> -> org.hibernate.loader.plan.build.internal.spaces.CollectionQuerySpaceImpl@2e2a7b44]
14:11:15.430 [Test worker] DEBUG o.h.l.p.b.i.spaces.QuerySpacesImpl - Adding QuerySpace : uid = <gen:25> -> org.hibernate.loader.plan.build.internal.spaces.EntityQuerySpaceImpl@6702c509]
14:11:15.430 [Test worker] DEBUG o.h.p.w.spi.MetamodelGraphWalker - Visiting attribute path : pnfr.connected_virtual_link.notification
14:11:15.430 [Test worker] DEBUG o.h.p.w.spi.MetamodelGraphWalker - Visiting attribute path : pnfr.connected_virtual_link.number_of_enpoints
14:11:15.430 [Test worker] DEBUG o.h.p.w.spi.MetamodelGraphWalker - Visiting attribute path : pnfr.connected_virtual_link.parent_ns
14:11:15.430 [Test worker] DEBUG o.h.p.w.spi.MetamodelGraphWalker - Visiting attribute path : pnfr.connected_virtual_link.qos
14:11:15.430 [Test worker] DEBUG o.h.p.w.spi.MetamodelGraphWalker - Visiting attribute path : pnfr.connected_virtual_link.root_requirement
14:11:15.430 [Test worker] DEBUG o.h.p.w.spi.MetamodelGraphWalker - Visiting attribute path : pnfr.connected_virtual_link.status
14:11:15.430 [Test worker] DEBUG o.h.p.w.spi.MetamodelGraphWalker - Visiting attribute path : pnfr.connected_virtual_link.test_access
14:11:15.430 [Test worker] DEBUG o.h.p.w.spi.MetamodelGraphWalker - Visiting attribute path : pnfr.connected_virtual_link.vendor
14:11:15.430 [Test worker] DEBUG o.h.p.w.spi.MetamodelGraphWalker - Visiting attribute path : pnfr.connected_virtual_link.version
14:11:15.430 [Test worker] DEBUG o.h.p.w.spi.MetamodelGraphWalker - Visiting attribute path : pnfr.connected_virtual_link.vim_id
14:11:15.430 [Test worker] DEBUG o.h.p.w.spi.MetamodelGraphWalker - Visiting attribute path : pnfr.connected_virtual_link.vnffgr_reference
14:11:15.431 [Test worker] DEBUG o.h.l.p.b.i.spaces.QuerySpacesImpl - Adding QuerySpace : uid = <gen:26> -> org.hibernate.loader.plan.build.internal.spaces.CollectionQuerySpaceImpl@66d606b4]
14:11:15.431 [Test worker] DEBUG o.h.l.p.b.i.spaces.QuerySpacesImpl - Adding QuerySpace : uid = <gen:27> -> org.hibernate.loader.plan.build.internal.spaces.EntityQuerySpaceImpl@6d52482a]
14:11:15.431 [Test worker] DEBUG o.h.p.w.spi.MetamodelGraphWalker - Visiting attribute path : pnfr.connection_point
14:11:15.431 [Test worker] DEBUG o.h.l.p.b.i.spaces.QuerySpacesImpl - Adding QuerySpace : uid = <gen:28> -> org.hibernate.loader.plan.build.internal.spaces.CollectionQuerySpaceImpl@34fff578]
14:11:15.431 [Test worker] DEBUG o.h.l.p.b.i.spaces.QuerySpacesImpl - Adding QuerySpace : uid = <gen:29> -> org.hibernate.loader.plan.build.internal.spaces.EntityQuerySpaceImpl@104cb477]
14:11:15.431 [Test worker] DEBUG o.h.p.w.spi.MetamodelGraphWalker - Visiting attribute path : pnfr.connection_point.type
14:11:15.431 [Test worker] DEBUG o.h.p.w.spi.MetamodelGraphWalker - Visiting attribute path : pnfr.connection_point.version
14:11:15.431 [Test worker] DEBUG o.h.p.w.spi.MetamodelGraphWalker - Visiting attribute path : pnfr.connection_point.virtual_link_reference
14:11:15.431 [Test worker] DEBUG o.h.p.w.spi.MetamodelGraphWalker - Visiting attribute path : pnfr.description
14:11:15.431 [Test worker] DEBUG o.h.p.w.spi.MetamodelGraphWalker - Visiting attribute path : pnfr.descriptor_reference
14:11:15.431 [Test worker] DEBUG o.h.l.p.b.i.spaces.QuerySpacesImpl - Adding QuerySpace : uid = <gen:30> -> org.hibernate.loader.plan.build.internal.spaces.EntityQuerySpaceImpl@7a6d7e5]
14:11:15.432 [Test worker] DEBUG o.h.p.w.spi.MetamodelGraphWalker - Visiting attribute path : pnfr.descriptor_reference.connection_point
14:11:15.432 [Test worker] DEBUG o.h.p.w.spi.MetamodelGraphWalker - Visiting attribute path : pnfr.descriptor_reference.description
14:11:15.432 [Test worker] DEBUG o.h.p.w.spi.MetamodelGraphWalker - Visiting attribute path : pnfr.descriptor_reference.descriptor_version
14:11:15.432 [Test worker] DEBUG o.h.p.w.spi.MetamodelGraphWalker - Visiting attribute path : pnfr.descriptor_reference.hb_version
14:11:15.432 [Test worker] DEBUG o.h.p.w.spi.MetamodelGraphWalker - Visiting attribute path : pnfr.descriptor_reference.pnfd_security
14:11:15.432 [Test worker] DEBUG o.h.l.p.b.i.spaces.QuerySpacesImpl - Adding QuerySpace : uid = <gen:31> -> org.hibernate.loader.plan.build.internal.spaces.EntityQuerySpaceImpl@4b6aca08]
14:11:15.432 [Test worker] DEBUG o.h.p.w.spi.MetamodelGraphWalker - Visiting attribute path : pnfr.descriptor_reference.vendor
14:11:15.432 [Test worker] DEBUG o.h.p.w.spi.MetamodelGraphWalker - Visiting attribute path : pnfr.descriptor_reference.version
14:11:15.432 [Test worker] DEBUG o.h.p.w.spi.MetamodelGraphWalker - Visiting attribute path : pnfr.oam_reference
14:11:15.432 [Test worker] DEBUG o.h.p.w.spi.MetamodelGraphWalker - Visiting attribute path : pnfr.parent_ns
14:11:15.432 [Test worker] DEBUG o.h.l.p.b.i.spaces.QuerySpacesImpl - Adding QuerySpace : uid = <gen:32> -> org.hibernate.loader.plan.build.internal.spaces.EntityQuerySpaceImpl@4ff5f9e6]
14:11:15.432 [Test worker] DEBUG o.h.p.w.spi.MetamodelGraphWalker - Visiting attribute path : pnfr.parent_ns.audit_log
14:11:15.432 [Test worker] DEBUG o.h.p.w.spi.MetamodelGraphWalker - Visiting attribute path : pnfr.parent_ns.auto_scale_policy
14:11:15.432 [Test worker] DEBUG o.h.p.w.spi.MetamodelGraphWalker - Property path deemed to be circular : pnfr.parent_ns.auto_scale_policy
14:11:15.433 [Test worker] DEBUG o.h.p.w.spi.MetamodelGraphWalker - Visiting attribute path : pnfr.parent_ns.connection_point
14:11:15.433 [Test worker] DEBUG o.h.p.w.spi.MetamodelGraphWalker - Property path deemed to be circular : pnfr.parent_ns.connection_point
14:11:15.433 [Test worker] DEBUG o.h.p.w.spi.MetamodelGraphWalker - Visiting attribute path : pnfr.parent_ns.descriptor_reference
14:11:15.433 [Test worker] DEBUG o.h.p.w.spi.MetamodelGraphWalker - Property path deemed to be circular : pnfr.parent_ns.descriptor_reference
14:11:15.433 [Test worker] DEBUG o.h.p.w.spi.MetamodelGraphWalker - Visiting attribute path : pnfr.parent_ns.lifecycle_event
14:11:15.433 [Test worker] DEBUG o.h.p.w.spi.MetamodelGraphWalker - Property path deemed to be circular : pnfr.parent_ns.lifecycle_event
14:11:15.433 [Test worker] DEBUG o.h.p.w.spi.MetamodelGraphWalker - Visiting attribute path : pnfr.parent_ns.lifecycle_event_history
14:11:15.433 [Test worker] DEBUG o.h.p.w.spi.MetamodelGraphWalker - Property path deemed to be circular : pnfr.parent_ns.lifecycle_event_history
14:11:15.433 [Test worker] DEBUG o.h.p.w.spi.MetamodelGraphWalker - Visiting attribute path : pnfr.parent_ns.monitoring_parameter
14:11:15.433 [Test worker] DEBUG o.h.p.w.spi.MetamodelGraphWalker - Visiting attribute path : pnfr.parent_ns.notification
14:11:15.433 [Test worker] DEBUG o.h.p.w.spi.MetamodelGraphWalker - Visiting attribute path : pnfr.parent_ns.pnfr
14:11:15.433 [Test worker] DEBUG o.h.p.w.spi.MetamodelGraphWalker - Property path deemed to be circular : pnfr.parent_ns.pnfr
14:11:15.433 [Test worker] DEBUG o.h.p.w.spi.MetamodelGraphWalker - Visiting attribute path : pnfr.parent_ns.resource_reservation
14:11:15.433 [Test worker] DEBUG o.h.p.w.spi.MetamodelGraphWalker - Visiting attribute path : pnfr.parent_ns.runtime_policy_info
14:11:15.433 [Test worker] DEBUG o.h.p.w.spi.MetamodelGraphWalker - Visiting attribute path : pnfr.parent_ns.service_deployment_flavour
14:11:15.433 [Test worker] DEBUG o.h.l.p.b.i.spaces.QuerySpacesImpl - Adding QuerySpace : uid = <gen:33> -> org.hibernate.loader.plan.build.internal.spaces.EntityQuerySpaceImpl@51f6f0d2]
14:11:15.433 [Test worker] DEBUG o.h.p.w.spi.MetamodelGraphWalker - Visiting attribute path : pnfr.parent_ns.status
14:11:15.434 [Test worker] DEBUG o.h.p.w.spi.MetamodelGraphWalker - Visiting attribute path : pnfr.parent_ns.vendor
14:11:15.434 [Test worker] DEBUG o.h.p.w.spi.MetamodelGraphWalker - Visiting attribute path : pnfr.parent_ns.version
14:11:15.434 [Test worker] DEBUG o.h.p.w.spi.MetamodelGraphWalker - Visiting attribute path : pnfr.parent_ns.vlr
14:11:15.434 [Test worker] DEBUG o.h.l.p.b.i.spaces.QuerySpacesImpl - Adding QuerySpace : uid = <gen:34> -> org.hibernate.loader.plan.build.internal.spaces.CollectionQuerySpaceImpl@2b3c9508]
14:11:15.434 [Test worker] DEBUG o.h.l.p.b.i.spaces.QuerySpacesImpl - Adding QuerySpace : uid = <gen:35> -> org.hibernate.loader.plan.build.internal.spaces.EntityQuerySpaceImpl@165c5665]
14:11:15.434 [Test worker] DEBUG o.h.p.w.spi.MetamodelGraphWalker - Visiting attribute path : pnfr.parent_ns.vnf_dependency
14:11:15.434 [Test worker] DEBUG o.h.l.p.b.i.spaces.QuerySpacesImpl - Adding QuerySpace : uid = <gen:36> -> org.hibernate.loader.plan.build.internal.spaces.CollectionQuerySpaceImpl@82c0c5b]
14:11:15.434 [Test worker] DEBUG o.h.l.p.b.i.spaces.QuerySpacesImpl - Adding QuerySpace : uid = <gen:37> -> org.hibernate.loader.plan.build.internal.spaces.EntityQuerySpaceImpl@3df2e8e]
14:11:15.434 [Test worker] DEBUG o.h.p.w.spi.MetamodelGraphWalker - Visiting attribute path : pnfr.parent_ns.vnffgr
14:11:15.434 [Test worker] DEBUG o.h.l.p.b.i.spaces.QuerySpacesImpl - Adding QuerySpace : uid = <gen:38> -> org.hibernate.loader.plan.build.internal.spaces.CollectionQuerySpaceImpl@31696e9e]
14:11:15.434 [Test worker] DEBUG o.h.l.p.b.i.spaces.QuerySpacesImpl - Adding QuerySpace : uid = <gen:39> -> org.hibernate.loader.plan.build.internal.spaces.EntityQuerySpaceImpl@dd606a]
14:11:15.434 [Test worker] DEBUG o.h.p.w.spi.MetamodelGraphWalker - Visiting attribute path : pnfr.parent_ns.vnfr
14:11:15.434 [Test worker] DEBUG o.h.l.p.b.i.spaces.QuerySpacesImpl - Adding QuerySpace : uid = <gen:40> -> org.hibernate.loader.plan.build.internal.spaces.EntityQuerySpaceImpl@45e4cf97]
14:11:15.435 [Test worker] DEBUG o.h.p.w.spi.MetamodelGraphWalker - Visiting attribute path : pnfr.pnf_address
14:11:15.435 [Test worker] DEBUG o.h.p.w.spi.MetamodelGraphWalker - Visiting attribute path : pnfr.vendor
14:11:15.435 [Test worker] DEBUG o.h.p.w.spi.MetamodelGraphWalker - Visiting attribute path : pnfr.version
14:11:15.435 [Test worker] DEBUG o.h.p.w.spi.MetamodelGraphWalker - Visiting attribute path : pnfr.vnffgr
14:11:15.435 [Test worker] DEBUG o.h.l.p.b.i.spaces.QuerySpacesImpl - Adding QuerySpace : uid = <gen:41> -> org.hibernate.loader.plan.build.internal.spaces.CollectionQuerySpaceImpl@30f8e65a]
14:11:15.435 [Test worker] DEBUG o.h.l.p.b.i.spaces.QuerySpacesImpl - Adding QuerySpace : uid = <gen:42> -> org.hibernate.loader.plan.build.internal.spaces.EntityQuerySpaceImpl@24db37d4]
14:11:15.435 [Test worker] DEBUG o.h.p.w.spi.MetamodelGraphWalker - Visiting attribute path : pnfr.vnffgr.audit_log
14:11:15.435 [Test worker] DEBUG o.h.p.w.spi.MetamodelGraphWalker - Visiting attribute path : pnfr.vnffgr.connection_point
14:11:15.435 [Test worker] DEBUG o.h.l.p.b.i.spaces.QuerySpacesImpl - Adding QuerySpace : uid = <gen:43> -> org.hibernate.loader.plan.build.internal.spaces.CollectionQuerySpaceImpl@bba0fc2]
14:11:15.435 [Test worker] DEBUG o.h.l.p.b.i.spaces.QuerySpacesImpl - Adding QuerySpace : uid = <gen:44> -> org.hibernate.loader.plan.build.internal.spaces.EntityQuerySpaceImpl@64608f91]
14:11:15.435 [Test worker] DEBUG o.h.p.w.spi.MetamodelGraphWalker - Visiting attribute path : pnfr.vnffgr.dependent_virtual_link
14:11:15.435 [Test worker] DEBUG o.h.l.p.b.i.spaces.QuerySpacesImpl - Adding QuerySpace : uid = <gen:45> -> org.hibernate.loader.plan.build.internal.spaces.CollectionQuerySpaceImpl@7f71ac12]
14:11:15.435 [Test worker] DEBUG o.h.l.p.b.i.spaces.QuerySpacesImpl - Adding QuerySpace : uid = <gen:46> -> org.hibernate.loader.plan.build.internal.spaces.EntityQuerySpaceImpl@7fd8131b]
14:11:15.436 [Test worker] DEBUG o.h.p.w.spi.MetamodelGraphWalker - Visiting attribute path : pnfr.vnffgr.descriptor_reference
14:11:15.436 [Test worker] DEBUG o.h.l.p.b.i.spaces.QuerySpacesImpl - Adding QuerySpace : uid = <gen:47> -> org.hibernate.loader.plan.build.internal.spaces.EntityQuerySpaceImpl@42ce932f]
14:11:15.436 [Test worker] DEBUG o.h.p.w.spi.MetamodelGraphWalker - Visiting attribute path : pnfr.vnffgr.lifecycle_event_history
14:11:15.436 [Test worker] DEBUG o.h.l.p.b.i.spaces.QuerySpacesImpl - Adding QuerySpace : uid = <gen:48> -> org.hibernate.loader.plan.build.internal.spaces.CollectionQuerySpaceImpl@82114ed]
14:11:15.436 [Test worker] DEBUG o.h.l.p.b.i.spaces.QuerySpacesImpl - Adding QuerySpace : uid = <gen:49> -> org.hibernate.loader.plan.build.internal.spaces.EntityQuerySpaceImpl@33e4d7c6]
14:11:15.436 [Test worker] DEBUG o.h.p.w.spi.MetamodelGraphWalker - Visiting attribute path : pnfr.vnffgr.member_vnfs
14:11:15.436 [Test worker] DEBUG o.h.l.p.b.i.spaces.QuerySpacesImpl - Adding QuerySpace : uid = <gen:50> -> org.hibernate.loader.plan.build.internal.spaces.CollectionQuerySpaceImpl@751222c7]
14:11:15.436 [Test worker] DEBUG o.h.l.p.b.i.spaces.QuerySpacesImpl - Adding QuerySpace : uid = <gen:51> -> org.hibernate.loader.plan.build.internal.spaces.EntityQuerySpaceImpl@79a972dc]
14:11:15.436 [Test worker] DEBUG o.h.p.w.spi.MetamodelGraphWalker - Visiting attribute path : pnfr.vnffgr.network_forwarding_path
14:11:15.436 [Test worker] DEBUG o.h.l.p.b.i.spaces.QuerySpacesImpl - Adding QuerySpace : uid = <gen:52> -> org.hibernate.loader.plan.build.internal.spaces.EntityQuerySpaceImpl@63b407ea]
14:11:15.436 [Test worker] DEBUG o.h.p.w.spi.MetamodelGraphWalker - Visiting attribute path : pnfr.vnffgr.notification
14:11:15.436 [Test worker] DEBUG o.h.p.w.spi.MetamodelGraphWalker - Visiting attribute path : pnfr.vnffgr.number_of_endpoints
14:11:15.436 [Test worker] DEBUG o.h.p.w.spi.MetamodelGraphWalker - Visiting attribute path : pnfr.vnffgr.number_of_pnfs
14:11:15.436 [Test worker] DEBUG o.h.p.w.spi.MetamodelGraphWalker - Visiting attribute path : pnfr.vnffgr.number_of_virtual_links
14:11:15.436 [Test worker] DEBUG o.h.p.w.spi.MetamodelGraphWalker - Visiting attribute path : pnfr.vnffgr.number_of_vnfs
14:11:15.436 [Test worker] DEBUG o.h.p.w.spi.MetamodelGraphWalker - Visiting attribute path : pnfr.vnffgr.parent_ns
14:11:15.436 [Test worker] DEBUG o.h.l.p.b.i.spaces.QuerySpacesImpl - Adding QuerySpace : uid = <gen:53> -> org.hibernate.loader.plan.build.internal.spaces.EntityQuerySpaceImpl@4073c6c9]
14:11:15.436 [Test worker] DEBUG o.h.p.w.spi.MetamodelGraphWalker - Visiting attribute path : pnfr.vnffgr.status
14:11:15.437 [Test worker] DEBUG o.h.p.w.spi.MetamodelGraphWalker - Visiting attribute path : pnfr.vnffgr.vendor
14:11:15.437 [Test worker] DEBUG o.h.p.w.spi.MetamodelGraphWalker - Visiting attribute path : pnfr.vnffgr.version
14:11:15.437 [Test worker] DEBUG o.h.p.w.spi.MetamodelGraphWalker - Visiting attribute path : resource_reservation
14:11:15.437 [Test worker] DEBUG o.h.p.w.spi.MetamodelGraphWalker - Visiting attribute path : runtime_policy_info
14:11:15.437 [Test worker] DEBUG o.h.p.w.spi.MetamodelGraphWalker - Visiting attribute path : service_deployment_flavour
14:11:15.437 [Test worker] DEBUG o.h.l.p.b.i.spaces.QuerySpacesImpl - Adding QuerySpace : uid = <gen:54> -> org.hibernate.loader.plan.build.internal.spaces.EntityQuerySpaceImpl@70ffd72d]
14:11:15.437 [Test worker] DEBUG o.h.p.w.spi.MetamodelGraphWalker - Visiting attribute path : service_deployment_flavour.flavour_key
14:11:15.437 [Test worker] DEBUG o.h.p.w.spi.MetamodelGraphWalker - Visiting attribute path : service_deployment_flavour.version
14:11:15.437 [Test worker] DEBUG o.h.p.w.spi.MetamodelGraphWalker - Visiting attribute path : service_deployment_flavour.constituent_vnf
14:11:15.437 [Test worker] DEBUG o.h.p.w.spi.MetamodelGraphWalker - Visiting attribute path : status
14:11:15.437 [Test worker] DEBUG o.h.p.w.spi.MetamodelGraphWalker - Visiting attribute path : vendor
14:11:15.437 [Test worker] DEBUG o.h.p.w.spi.MetamodelGraphWalker - Visiting attribute path : version
14:11:15.437 [Test worker] DEBUG o.h.p.w.spi.MetamodelGraphWalker - Visiting attribute path : vlr
14:11:15.437 [Test worker] DEBUG o.h.l.p.b.i.spaces.QuerySpacesImpl - Adding QuerySpace : uid = <gen:55> -> org.hibernate.loader.plan.build.internal.spaces.CollectionQuerySpaceImpl@1614de07]
14:11:15.437 [Test worker] DEBUG o.h.l.p.b.i.spaces.QuerySpacesImpl - Adding QuerySpace : uid = <gen:56> -> org.hibernate.loader.plan.build.internal.spaces.EntityQuerySpaceImpl@33fca8e4]
14:11:15.437 [Test worker] DEBUG o.h.p.w.spi.MetamodelGraphWalker - Visiting attribute path : vlr.allocated_capacity
14:11:15.438 [Test worker] DEBUG o.h.p.w.spi.MetamodelGraphWalker - Visiting attribute path : vlr.audit_log
14:11:15.438 [Test worker] DEBUG o.h.p.w.spi.MetamodelGraphWalker - Visiting attribute path : vlr.connection
14:11:15.438 [Test worker] DEBUG o.h.p.w.spi.MetamodelGraphWalker - Visiting attribute path : vlr.connectivity_type
14:11:15.438 [Test worker] DEBUG o.h.p.w.spi.MetamodelGraphWalker - Visiting attribute path : vlr.descriptor_reference
14:11:15.438 [Test worker] DEBUG o.h.p.w.spi.MetamodelGraphWalker - Visiting attribute path : vlr.leaf_requirement
14:11:15.438 [Test worker] DEBUG o.h.p.w.spi.MetamodelGraphWalker - Visiting attribute path : vlr.lifecycle_event_history
14:11:15.438 [Test worker] DEBUG o.h.l.p.b.i.spaces.QuerySpacesImpl - Adding QuerySpace : uid = <gen:57> -> org.hibernate.loader.plan.build.internal.spaces.CollectionQuerySpaceImpl@34e8715c]
14:11:15.438 [Test worker] DEBUG o.h.l.p.b.i.spaces.QuerySpacesImpl - Adding QuerySpace : uid = <gen:58> -> org.hibernate.loader.plan.build.internal.spaces.EntityQuerySpaceImpl@86a6a27]
14:11:15.438 [Test worker] DEBUG o.h.p.w.spi.MetamodelGraphWalker - Visiting attribute path : vlr.lifecycle_event_history.lifecycle_events
14:11:15.438 [Test worker] DEBUG o.h.p.w.spi.MetamodelGraphWalker - Visiting attribute path : vlr.lifecycle_event_history.version
14:11:15.438 [Test worker] DEBUG o.h.p.w.spi.MetamodelGraphWalker - Visiting attribute path : vlr.notification
14:11:15.438 [Test worker] DEBUG o.h.p.w.spi.MetamodelGraphWalker - Visiting attribute path : vlr.number_of_enpoints
14:11:15.438 [Test worker] DEBUG o.h.p.w.spi.MetamodelGraphWalker - Visiting attribute path : vlr.parent_ns
14:11:15.438 [Test worker] DEBUG o.h.p.w.spi.MetamodelGraphWalker - Visiting attribute path : vlr.qos
14:11:15.438 [Test worker] DEBUG o.h.p.w.spi.MetamodelGraphWalker - Visiting attribute path : vlr.root_requirement
14:11:15.438 [Test worker] DEBUG o.h.p.w.spi.MetamodelGraphWalker - Visiting attribute path : vlr.status
14:11:15.438 [Test worker] DEBUG o.h.p.w.spi.MetamodelGraphWalker - Visiting attribute path : vlr.test_access
14:11:15.438 [Test worker] DEBUG o.h.p.w.spi.MetamodelGraphWalker - Visiting attribute path : vlr.vendor
14:11:15.439 [Test worker] DEBUG o.h.p.w.spi.MetamodelGraphWalker - Visiting attribute path : vlr.version
14:11:15.439 [Test worker] DEBUG o.h.p.w.spi.MetamodelGraphWalker - Visiting attribute path : vlr.vim_id
14:11:15.439 [Test worker] DEBUG o.h.p.w.spi.MetamodelGraphWalker - Visiting attribute path : vlr.vnffgr_reference
14:11:15.439 [Test worker] DEBUG o.h.l.p.b.i.spaces.QuerySpacesImpl - Adding QuerySpace : uid = <gen:59> -> org.hibernate.loader.plan.build.internal.spaces.CollectionQuerySpaceImpl@29c3122d]
14:11:15.439 [Test worker] DEBUG o.h.l.p.b.i.spaces.QuerySpacesImpl - Adding QuerySpace : uid = <gen:60> -> org.hibernate.loader.plan.build.internal.spaces.EntityQuerySpaceImpl@45de5dc6]
14:11:15.439 [Test worker] DEBUG o.h.p.w.spi.MetamodelGraphWalker - Visiting attribute path : vlr.vnffgr_reference.audit_log
14:11:15.439 [Test worker] DEBUG o.h.p.w.spi.MetamodelGraphWalker - Visiting attribute path : vlr.vnffgr_reference.connection_point
14:11:15.439 [Test worker] DEBUG o.h.l.p.b.i.spaces.QuerySpacesImpl - Adding QuerySpace : uid = <gen:61> -> org.hibernate.loader.plan.build.internal.spaces.CollectionQuerySpaceImpl@1dd38d6e]
14:11:15.439 [Test worker] DEBUG o.h.l.p.b.i.spaces.QuerySpacesImpl - Adding QuerySpace : uid = <gen:62> -> org.hibernate.loader.plan.build.internal.spaces.EntityQuerySpaceImpl@2bea400e]
14:11:15.439 [Test worker] DEBUG o.h.p.w.spi.MetamodelGraphWalker - Visiting attribute path : vlr.vnffgr_reference.dependent_virtual_link
14:11:15.439 [Test worker] DEBUG o.h.l.p.b.i.spaces.QuerySpacesImpl - Adding QuerySpace : uid = <gen:63> -> org.hibernate.loader.plan.build.internal.spaces.CollectionQuerySpaceImpl@20136da8]
14:11:15.439 [Test worker] DEBUG o.h.l.p.b.i.spaces.QuerySpacesImpl - Adding QuerySpace : uid = <gen:64> -> org.hibernate.loader.plan.build.internal.spaces.EntityQuerySpaceImpl@5b84410b]
14:11:15.439 [Test worker] DEBUG o.h.p.w.spi.MetamodelGraphWalker - Visiting attribute path : vlr.vnffgr_reference.descriptor_reference
14:11:15.439 [Test worker] DEBUG o.h.l.p.b.i.spaces.QuerySpacesImpl - Adding QuerySpace : uid = <gen:65> -> org.hibernate.loader.plan.build.internal.spaces.EntityQuerySpaceImpl@47ca681d]
14:11:15.439 [Test worker] DEBUG o.h.p.w.spi.MetamodelGraphWalker - Visiting attribute path : vlr.vnffgr_reference.lifecycle_event_history
14:11:15.439 [Test worker] DEBUG o.h.l.p.b.i.spaces.QuerySpacesImpl - Adding QuerySpace : uid = <gen:66> -> org.hibernate.loader.plan.build.internal.spaces.CollectionQuerySpaceImpl@39796cbd]
14:11:15.439 [Test worker] DEBUG o.h.l.p.b.i.spaces.QuerySpacesImpl - Adding QuerySpace : uid = <gen:67> -> org.hibernate.loader.plan.build.internal.spaces.EntityQuerySpaceImpl@52d209c5]
14:11:15.440 [Test worker] DEBUG o.h.p.w.spi.MetamodelGraphWalker - Visiting attribute path : vlr.vnffgr_reference.member_vnfs
14:11:15.440 [Test worker] DEBUG o.h.l.p.b.i.spaces.QuerySpacesImpl - Adding QuerySpace : uid = <gen:68> -> org.hibernate.loader.plan.build.internal.spaces.CollectionQuerySpaceImpl@5b7f8efd]
14:11:15.440 [Test worker] DEBUG o.h.l.p.b.i.spaces.QuerySpacesImpl - Adding QuerySpace : uid = <gen:69> -> org.hibernate.loader.plan.build.internal.spaces.EntityQuerySpaceImpl@1384b2f9]
14:11:15.440 [Test worker] DEBUG o.h.p.w.spi.MetamodelGraphWalker - Visiting attribute path : vlr.vnffgr_reference.network_forwarding_path
14:11:15.440 [Test worker] DEBUG o.h.l.p.b.i.spaces.QuerySpacesImpl - Adding QuerySpace : uid = <gen:70> -> org.hibernate.loader.plan.build.internal.spaces.EntityQuerySpaceImpl@6d020371]
14:11:15.441 [Test worker] DEBUG o.h.p.w.spi.MetamodelGraphWalker - Visiting attribute path : vlr.vnffgr_reference.notification
14:11:15.441 [Test worker] DEBUG o.h.p.w.spi.MetamodelGraphWalker - Visiting attribute path : vlr.vnffgr_reference.number_of_endpoints
14:11:15.441 [Test worker] DEBUG o.h.p.w.spi.MetamodelGraphWalker - Visiting attribute path : vlr.vnffgr_reference.number_of_pnfs
14:11:15.441 [Test worker] DEBUG o.h.p.w.spi.MetamodelGraphWalker - Visiting attribute path : vlr.vnffgr_reference.number_of_virtual_links
14:11:15.441 [Test worker] DEBUG o.h.p.w.spi.MetamodelGraphWalker - Visiting attribute path : vlr.vnffgr_reference.number_of_vnfs
14:11:15.441 [Test worker] DEBUG o.h.p.w.spi.MetamodelGraphWalker - Visiting attribute path : vlr.vnffgr_reference.parent_ns
14:11:15.441 [Test worker] DEBUG o.h.l.p.b.i.spaces.QuerySpacesImpl - Adding QuerySpace : uid = <gen:71> -> org.hibernate.loader.plan.build.internal.spaces.EntityQuerySpaceImpl@1f3027a0]
14:11:15.441 [Test worker] DEBUG o.h.p.w.spi.MetamodelGraphWalker - Visiting attribute path : vlr.vnffgr_reference.status
14:11:15.441 [Test worker] DEBUG o.h.p.w.spi.MetamodelGraphWalker - Visiting attribute path : vlr.vnffgr_reference.vendor
14:11:15.441 [Test worker] DEBUG o.h.p.w.spi.MetamodelGraphWalker - Visiting attribute path : vlr.vnffgr_reference.version
14:11:15.441 [Test worker] DEBUG o.h.p.w.spi.MetamodelGraphWalker - Visiting attribute path : vnf_dependency
14:11:15.441 [Test worker] DEBUG o.h.l.p.b.i.spaces.QuerySpacesImpl - Adding QuerySpace : uid = <gen:72> -> org.hibernate.loader.plan.build.internal.spaces.CollectionQuerySpaceImpl@1279895f]
14:11:15.442 [Test worker] DEBUG o.h.l.p.b.i.spaces.QuerySpacesImpl - Adding QuerySpace : uid = <gen:73> -> org.hibernate.loader.plan.build.internal.spaces.EntityQuerySpaceImpl@6929c572]
14:11:15.442 [Test worker] DEBUG o.h.p.w.spi.MetamodelGraphWalker - Visiting attribute path : vnf_dependency.source
14:11:15.442 [Test worker] DEBUG o.h.l.p.b.i.spaces.QuerySpacesImpl - Adding QuerySpace : uid = <gen:74> -> org.hibernate.loader.plan.build.internal.spaces.EntityQuerySpaceImpl@69053172]
14:11:15.442 [Test worker] DEBUG o.h.p.w.spi.MetamodelGraphWalker - Visiting attribute path : vnf_dependency.source.auto_scale_policy
14:11:15.442 [Test worker] DEBUG o.h.p.w.spi.MetamodelGraphWalker - Visiting attribute path : vnf_dependency.source.connection_point
14:11:15.442 [Test worker] DEBUG o.h.p.w.spi.MetamodelGraphWalker - Visiting attribute path : vnf_dependency.source.hb_version
14:11:15.442 [Test worker] DEBUG o.h.p.w.spi.MetamodelGraphWalker - Visiting attribute path : vnf_dependency.source.lifecycle_event
14:11:15.442 [Test worker] DEBUG o.h.p.w.spi.MetamodelGraphWalker - Visiting attribute path : vnf_dependency.source.monitoring_parameter
14:11:15.442 [Test worker] DEBUG o.h.p.w.spi.MetamodelGraphWalker - Property path deemed to be circular : vnf_dependency.source.monitoring_parameter
14:11:15.442 [Test worker] DEBUG o.h.p.w.spi.MetamodelGraphWalker - Visiting attribute path : vnf_dependency.source.service_deployment_flavour
14:11:15.442 [Test worker] DEBUG o.h.p.w.spi.MetamodelGraphWalker - Visiting attribute path : vnf_dependency.source.vendor
14:11:15.442 [Test worker] DEBUG o.h.p.w.spi.MetamodelGraphWalker - Visiting attribute path : vnf_dependency.source.version
14:11:15.442 [Test worker] DEBUG o.h.p.w.spi.MetamodelGraphWalker - Visiting attribute path : vnf_dependency.source.vld
14:11:15.442 [Test worker] DEBUG o.h.p.w.spi.MetamodelGraphWalker - Visiting attribute path : vnf_dependency.source.vnffgd
14:11:15.442 [Test worker] DEBUG o.h.p.w.spi.MetamodelGraphWalker - Visiting attribute path : vnf_dependency.source.deployment_flavour
14:11:15.442 [Test worker] DEBUG o.h.p.w.spi.MetamodelGraphWalker - Property path deemed to be circular : vnf_dependency.source.deployment_flavour
14:11:15.443 [Test worker] DEBUG o.h.p.w.spi.MetamodelGraphWalker - Visiting attribute path : vnf_dependency.source.descriptor_version
14:11:15.443 [Test worker] DEBUG o.h.p.w.spi.MetamodelGraphWalker - Visiting attribute path : vnf_dependency.source.manifest_file
14:11:15.443 [Test worker] DEBUG o.h.p.w.spi.MetamodelGraphWalker - Visiting attribute path : vnf_dependency.source.manifest_file_security
14:11:15.443 [Test worker] DEBUG o.h.p.w.spi.MetamodelGraphWalker - Visiting attribute path : vnf_dependency.source.vdu
14:11:15.443 [Test worker] DEBUG o.h.p.w.spi.MetamodelGraphWalker - Visiting attribute path : vnf_dependency.source.vdu_dependency
14:11:15.443 [Test worker] DEBUG o.h.p.w.spi.MetamodelGraphWalker - Visiting attribute path : vnf_dependency.source.virtual_link
14:11:15.443 [Test worker] DEBUG o.h.p.w.spi.MetamodelGraphWalker - Visiting attribute path : vnf_dependency.target
14:11:15.443 [Test worker] DEBUG o.h.l.p.b.i.spaces.QuerySpacesImpl - Adding QuerySpace : uid = <gen:75> -> org.hibernate.loader.plan.build.internal.spaces.EntityQuerySpaceImpl@e33cb8b]
14:11:15.443 [Test worker] DEBUG o.h.p.w.spi.MetamodelGraphWalker - Visiting attribute path : vnf_dependency.target.auto_scale_policy
14:11:15.443 [Test worker] DEBUG o.h.p.w.spi.MetamodelGraphWalker - Visiting attribute path : vnf_dependency.target.connection_point
14:11:15.443 [Test worker] DEBUG o.h.p.w.spi.MetamodelGraphWalker - Visiting attribute path : vnf_dependency.target.hb_version
14:11:15.443 [Test worker] DEBUG o.h.p.w.spi.MetamodelGraphWalker - Visiting attribute path : vnf_dependency.target.lifecycle_event
14:11:15.443 [Test worker] DEBUG o.h.p.w.spi.MetamodelGraphWalker - Visiting attribute path : vnf_dependency.target.monitoring_parameter
14:11:15.443 [Test worker] DEBUG o.h.p.w.spi.MetamodelGraphWalker - Property path deemed to be circular : vnf_dependency.target.monitoring_parameter
14:11:15.443 [Test worker] DEBUG o.h.p.w.spi.MetamodelGraphWalker - Visiting attribute path : vnf_dependency.target.service_deployment_flavour
14:11:15.443 [Test worker] DEBUG o.h.p.w.spi.MetamodelGraphWalker - Visiting attribute path : vnf_dependency.target.vendor
14:11:15.443 [Test worker] DEBUG o.h.p.w.spi.MetamodelGraphWalker - Visiting attribute path : vnf_dependency.target.version
14:11:15.443 [Test worker] DEBUG o.h.p.w.spi.MetamodelGraphWalker - Visiting attribute path : vnf_dependency.target.vld
14:11:15.444 [Test worker] DEBUG o.h.p.w.spi.MetamodelGraphWalker - Visiting attribute path : vnf_dependency.target.vnffgd
14:11:15.444 [Test worker] DEBUG o.h.p.w.spi.MetamodelGraphWalker - Visiting attribute path : vnf_dependency.target.deployment_flavour
14:11:15.444 [Test worker] DEBUG o.h.p.w.spi.MetamodelGraphWalker - Property path deemed to be circular : vnf_dependency.target.deployment_flavour
14:11:15.444 [Test worker] DEBUG o.h.p.w.spi.MetamodelGraphWalker - Visiting attribute path : vnf_dependency.target.descriptor_version
14:11:15.444 [Test worker] DEBUG o.h.p.w.spi.MetamodelGraphWalker - Visiting attribute path : vnf_dependency.target.manifest_file
14:11:15.444 [Test worker] DEBUG o.h.p.w.spi.MetamodelGraphWalker - Visiting attribute path : vnf_dependency.target.manifest_file_security
14:11:15.444 [Test worker] DEBUG o.h.p.w.spi.MetamodelGraphWalker - Visiting attribute path : vnf_dependency.target.vdu
14:11:15.444 [Test worker] DEBUG o.h.p.w.spi.MetamodelGraphWalker - Visiting attribute path : vnf_dependency.target.vdu_dependency
14:11:15.444 [Test worker] DEBUG o.h.p.w.spi.MetamodelGraphWalker - Visiting attribute path : vnf_dependency.target.virtual_link
14:11:15.444 [Test worker] DEBUG o.h.p.w.spi.MetamodelGraphWalker - Visiting attribute path : vnf_dependency.version
14:11:15.444 [Test worker] DEBUG o.h.p.w.spi.MetamodelGraphWalker - Visiting attribute path : vnffgr
14:11:15.444 [Test worker] DEBUG o.h.l.p.b.i.spaces.QuerySpacesImpl - Adding QuerySpace : uid = <gen:76> -> org.hibernate.loader.plan.build.internal.spaces.CollectionQuerySpaceImpl@72f05a6e]
14:11:15.444 [Test worker] DEBUG o.h.l.p.b.i.spaces.QuerySpacesImpl - Adding QuerySpace : uid = <gen:77> -> org.hibernate.loader.plan.build.internal.spaces.EntityQuerySpaceImpl@1c126b6]
14:11:15.444 [Test worker] DEBUG o.h.p.w.spi.MetamodelGraphWalker - Visiting attribute path : vnffgr.connection_point
14:11:15.445 [Test worker] DEBUG o.h.p.w.spi.MetamodelGraphWalker - Visiting attribute path : vnffgr.constituent_vnfs
14:11:15.445 [Test worker] DEBUG o.h.p.w.spi.MetamodelGraphWalker - Visiting attribute path : vnffgr.dependent_virtual_link
14:11:15.445 [Test worker] DEBUG o.h.p.w.spi.MetamodelGraphWalker - Visiting attribute path : vnffgr.descriptor_version
14:11:15.445 [Test worker] DEBUG o.h.p.w.spi.MetamodelGraphWalker - Visiting attribute path : vnffgr.hb_version
14:11:15.445 [Test worker] DEBUG o.h.p.w.spi.MetamodelGraphWalker - Visiting attribute path : vnffgr.network_forwarding_path
14:11:15.445 [Test worker] DEBUG o.h.p.w.spi.MetamodelGraphWalker - Visiting attribute path : vnffgr.number_of_endpoints
14:11:15.445 [Test worker] DEBUG o.h.p.w.spi.MetamodelGraphWalker - Visiting attribute path : vnffgr.number_of_virtual_links
14:11:15.445 [Test worker] DEBUG o.h.p.w.spi.MetamodelGraphWalker - Visiting attribute path : vnffgr.vendor
14:11:15.445 [Test worker] DEBUG o.h.p.w.spi.MetamodelGraphWalker - Visiting attribute path : vnffgr.version
14:11:15.445 [Test worker] DEBUG o.h.p.w.spi.MetamodelGraphWalker - Visiting attribute path : vnffgr.vnffgd_security
14:11:15.445 [Test worker] DEBUG o.h.l.p.b.i.spaces.QuerySpacesImpl - Adding QuerySpace : uid = <gen:78> -> org.hibernate.loader.plan.build.internal.spaces.EntityQuerySpaceImpl@302979d2]
14:11:15.445 [Test worker] DEBUG o.h.p.w.spi.MetamodelGraphWalker - Visiting attribute path : vnffgr.vnffgd_security.version
14:11:15.445 [Test worker] DEBUG o.h.p.w.spi.MetamodelGraphWalker - Visiting attribute path : vnfr
14:11:15.445 [Test worker] DEBUG o.h.l.p.b.i.spaces.QuerySpacesImpl - Adding QuerySpace : uid = <gen:79> -> org.hibernate.loader.plan.build.internal.spaces.EntityQuerySpaceImpl@38870d71]
14:11:15.445 [Test worker] DEBUG o.h.p.w.spi.MetamodelGraphWalker - Visiting attribute path : vnfr.audit_log
14:11:15.445 [Test worker] DEBUG o.h.p.w.spi.MetamodelGraphWalker - Visiting attribute path : vnfr.auto_scale_policy
14:11:15.446 [Test worker] DEBUG o.h.l.p.b.i.spaces.QuerySpacesImpl - Adding QuerySpace : uid = <gen:80> -> org.hibernate.loader.plan.build.internal.spaces.CollectionQuerySpaceImpl@2414bee1]
14:11:15.446 [Test worker] DEBUG o.h.l.p.b.i.spaces.QuerySpacesImpl - Adding QuerySpace : uid = <gen:81> -> org.hibernate.loader.plan.build.internal.spaces.EntityQuerySpaceImpl@4dffb848]
14:11:15.446 [Test worker] DEBUG o.h.p.w.spi.MetamodelGraphWalker - Visiting attribute path : vnfr.auto_scale_policy.version
14:11:15.446 [Test worker] DEBUG o.h.p.w.spi.MetamodelGraphWalker - Visiting attribute path : vnfr.connected_external_virtual_link
14:11:15.446 [Test worker] DEBUG o.h.l.p.b.i.spaces.QuerySpacesImpl - Adding QuerySpace : uid = <gen:82> -> org.hibernate.loader.plan.build.internal.spaces.CollectionQuerySpaceImpl@63fb4c2b]
14:11:15.446 [Test worker] DEBUG o.h.l.p.b.i.spaces.QuerySpacesImpl - Adding QuerySpace : uid = <gen:83> -> org.hibernate.loader.plan.build.internal.spaces.EntityQuerySpaceImpl@745ce55]
14:11:15.446 [Test worker] DEBUG o.h.p.w.spi.MetamodelGraphWalker - Visiting attribute path : vnfr.connected_external_virtual_link.allocated_capacity
14:11:15.446 [Test worker] DEBUG o.h.p.w.spi.MetamodelGraphWalker - Visiting attribute path : vnfr.connected_external_virtual_link.audit_log
14:11:15.446 [Test worker] DEBUG o.h.p.w.spi.MetamodelGraphWalker - Visiting attribute path : vnfr.connected_external_virtual_link.connection
14:11:15.446 [Test worker] DEBUG o.h.p.w.spi.MetamodelGraphWalker - Visiting attribute path : vnfr.connected_external_virtual_link.connectivity_type
14:11:15.446 [Test worker] DEBUG o.h.p.w.spi.MetamodelGraphWalker - Visiting attribute path : vnfr.connected_external_virtual_link.descriptor_reference
14:11:15.446 [Test worker] DEBUG o.h.p.w.spi.MetamodelGraphWalker - Visiting attribute path : vnfr.connected_external_virtual_link.leaf_requirement
14:11:15.446 [Test worker] DEBUG o.h.p.w.spi.MetamodelGraphWalker - Visiting attribute path : vnfr.connected_external_virtual_link.lifecycle_event_history
14:11:15.446 [Test worker] DEBUG o.h.p.w.spi.MetamodelGraphWalker - Property path deemed to be circular : vnfr.connected_external_virtual_link.lifecycle_event_history
14:11:15.446 [Test worker] DEBUG o.h.p.w.spi.MetamodelGraphWalker - Visiting attribute path : vnfr.connected_external_virtual_link.notification
14:11:15.446 [Test worker] DEBUG o.h.p.w.spi.MetamodelGraphWalker - Visiting attribute path : vnfr.connected_external_virtual_link.number_of_enpoints
14:11:15.447 [Test worker] DEBUG o.h.p.w.spi.MetamodelGraphWalker - Visiting attribute path : vnfr.connected_external_virtual_link.parent_ns
14:11:15.447 [Test worker] DEBUG o.h.p.w.spi.MetamodelGraphWalker - Visiting attribute path : vnfr.connected_external_virtual_link.qos
14:11:15.447 [Test worker] DEBUG o.h.p.w.spi.MetamodelGraphWalker - Visiting attribute path : vnfr.connected_external_virtual_link.root_requirement
14:11:15.447 [Test worker] DEBUG o.h.p.w.spi.MetamodelGraphWalker - Visiting attribute path : vnfr.connected_external_virtual_link.status
14:11:15.447 [Test worker] DEBUG o.h.p.w.spi.MetamodelGraphWalker - Visiting attribute path : vnfr.connected_external_virtual_link.test_access
14:11:15.447 [Test worker] DEBUG o.h.p.w.spi.MetamodelGraphWalker - Visiting attribute path : vnfr.connected_external_virtual_link.vendor
14:11:15.447 [Test worker] DEBUG o.h.p.w.spi.MetamodelGraphWalker - Visiting attribute path : vnfr.connected_external_virtual_link.version
14:11:15.447 [Test worker] DEBUG o.h.p.w.spi.MetamodelGraphWalker - Visiting attribute path : vnfr.connected_external_virtual_link.vim_id
14:11:15.447 [Test worker] DEBUG o.h.p.w.spi.MetamodelGraphWalker - Visiting attribute path : vnfr.connected_external_virtual_link.vnffgr_reference
14:11:15.447 [Test worker] DEBUG o.h.p.w.spi.MetamodelGraphWalker - Property path deemed to be circular : vnfr.connected_external_virtual_link.vnffgr_reference
14:11:15.448 [Test worker] DEBUG o.h.p.w.spi.MetamodelGraphWalker - Visiting attribute path : vnfr.connection_point
14:11:15.448 [Test worker] DEBUG o.h.l.p.b.i.spaces.QuerySpacesImpl - Adding QuerySpace : uid = <gen:84> -> org.hibernate.loader.plan.build.internal.spaces.CollectionQuerySpaceImpl@750ecc6b]
14:11:15.448 [Test worker] DEBUG o.h.l.p.b.i.spaces.QuerySpacesImpl - Adding QuerySpace : uid = <gen:85> -> org.hibernate.loader.plan.build.internal.spaces.EntityQuerySpaceImpl@1e8ec0d7]
14:11:15.448 [Test worker] DEBUG o.h.p.w.spi.MetamodelGraphWalker - Visiting attribute path : vnfr.connection_point.type
14:11:15.448 [Test worker] DEBUG o.h.p.w.spi.MetamodelGraphWalker - Visiting attribute path : vnfr.connection_point.version
14:11:15.448 [Test worker] DEBUG o.h.p.w.spi.MetamodelGraphWalker - Visiting attribute path : vnfr.connection_point.virtual_link_reference
14:11:15.448 [Test worker] DEBUG o.h.p.w.spi.MetamodelGraphWalker - Visiting attribute path : vnfr.dependency
14:11:15.448 [Test worker] DEBUG o.h.l.p.b.i.spaces.QuerySpacesImpl - Adding QuerySpace : uid = <gen:86> -> org.hibernate.loader.plan.build.internal.spaces.CollectionQuerySpaceImpl@6159d43b]
14:11:15.448 [Test worker] DEBUG o.h.l.p.b.i.spaces.QuerySpacesImpl - Adding QuerySpace : uid = <gen:87> -> org.hibernate.loader.plan.build.internal.spaces.EntityQuerySpaceImpl@507c9f6b]
14:11:15.449 [Test worker] DEBUG o.h.p.w.spi.MetamodelGraphWalker - Visiting attribute path : vnfr.dependency.source
14:11:15.449 [Test worker] DEBUG o.h.p.w.spi.MetamodelGraphWalker - Property path deemed to be circular : vnfr.dependency.source
14:11:15.449 [Test worker] DEBUG o.h.p.w.spi.MetamodelGraphWalker - Visiting attribute path : vnfr.dependency.target
14:11:15.449 [Test worker] DEBUG o.h.p.w.spi.MetamodelGraphWalker - Property path deemed to be circular : vnfr.dependency.target
14:11:15.449 [Test worker] DEBUG o.h.p.w.spi.MetamodelGraphWalker - Visiting attribute path : vnfr.dependency.version
14:11:15.449 [Test worker] DEBUG o.h.p.w.spi.MetamodelGraphWalker - Visiting attribute path : vnfr.deployment_flavour
14:11:15.449 [Test worker] DEBUG o.h.l.p.b.i.spaces.QuerySpacesImpl - Adding QuerySpace : uid = <gen:88> -> org.hibernate.loader.plan.build.internal.spaces.EntityQuerySpaceImpl@470cfc1f]
14:11:15.449 [Test worker] DEBUG o.h.p.w.spi.MetamodelGraphWalker - Visiting attribute path : vnfr.deployment_flavour.flavour_key
14:11:15.449 [Test worker] DEBUG o.h.p.w.spi.MetamodelGraphWalker - Visiting attribute path : vnfr.deployment_flavour.version
14:11:15.449 [Test worker] DEBUG o.h.p.w.spi.MetamodelGraphWalker - Visiting attribute path : vnfr.deployment_flavour.costituent_vdu
14:11:15.449 [Test worker] DEBUG o.h.p.w.spi.MetamodelGraphWalker - Visiting attribute path : vnfr.deployment_flavour.df_constraint
14:11:15.449 [Test worker] DEBUG o.h.l.p.b.i.spaces.QuerySpacesImpl - Adding QuerySpace : uid = <gen:89> -> org.hibernate.loader.plan.build.internal.spaces.CollectionQuerySpaceImpl@f9ae920]
14:11:15.449 [Test worker] DEBUG o.h.p.w.spi.MetamodelGraphWalker - Visiting attribute path : vnfr.descriptor_reference
14:11:15.449 [Test worker] DEBUG o.h.p.w.spi.MetamodelGraphWalker - Visiting attribute path : vnfr.lifecycle_event
14:11:15.449 [Test worker] DEBUG o.h.l.p.b.i.spaces.QuerySpacesImpl - Adding QuerySpace : uid = <gen:90> -> org.hibernate.loader.plan.build.internal.spaces.EntityQuerySpaceImpl@33f3be1]
14:11:15.450 [Test worker] DEBUG o.h.p.w.spi.MetamodelGraphWalker - Visiting attribute path : vnfr.lifecycle_event.lifecycle_events
14:11:15.450 [Test worker] DEBUG o.h.p.w.spi.MetamodelGraphWalker - Visiting attribute path : vnfr.lifecycle_event.version
14:11:15.450 [Test worker] DEBUG o.h.p.w.spi.MetamodelGraphWalker - Visiting attribute path : vnfr.lifecycle_event_history
14:11:15.450 [Test worker] DEBUG o.h.l.p.b.i.spaces.QuerySpacesImpl - Adding QuerySpace : uid = <gen:91> -> org.hibernate.loader.plan.build.internal.spaces.CollectionQuerySpaceImpl@9baf84]
14:11:15.450 [Test worker] DEBUG o.h.l.p.b.i.spaces.QuerySpacesImpl - Adding QuerySpace : uid = <gen:92> -> org.hibernate.loader.plan.build.internal.spaces.EntityQuerySpaceImpl@6d20036b]
14:11:15.450 [Test worker] DEBUG o.h.p.w.spi.MetamodelGraphWalker - Visiting attribute path : vnfr.lifecycle_event_history.lifecycle_events
14:11:15.450 [Test worker] DEBUG o.h.p.w.spi.MetamodelGraphWalker - Visiting attribute path : vnfr.lifecycle_event_history.version
14:11:15.450 [Test worker] DEBUG o.h.p.w.spi.MetamodelGraphWalker - Visiting attribute path : vnfr.localization
14:11:15.450 [Test worker] DEBUG o.h.p.w.spi.MetamodelGraphWalker - Visiting attribute path : vnfr.monitoring_parameter
14:11:15.450 [Test worker] DEBUG o.h.p.w.spi.MetamodelGraphWalker - Visiting attribute path : vnfr.notification
14:11:15.450 [Test worker] DEBUG o.h.p.w.spi.MetamodelGraphWalker - Visiting attribute path : vnfr.parent_ns
14:11:15.450 [Test worker] DEBUG o.h.l.p.b.i.spaces.QuerySpacesImpl - Adding QuerySpace : uid = <gen:93> -> org.hibernate.loader.plan.build.internal.spaces.EntityQuerySpaceImpl@66606364]
14:11:15.450 [Test worker] DEBUG o.h.p.w.spi.MetamodelGraphWalker - Visiting attribute path : vnfr.parent_ns.audit_log
14:11:15.450 [Test worker] DEBUG o.h.p.w.spi.MetamodelGraphWalker - Visiting attribute path : vnfr.parent_ns.auto_scale_policy
14:11:15.451 [Test worker] DEBUG o.h.p.w.spi.MetamodelGraphWalker - Property path deemed to be circular : vnfr.parent_ns.auto_scale_policy
14:11:15.451 [Test worker] DEBUG o.h.p.w.spi.MetamodelGraphWalker - Visiting attribute path : vnfr.parent_ns.connection_point
14:11:15.451 [Test worker] DEBUG o.h.p.w.spi.MetamodelGraphWalker - Property path deemed to be circular : vnfr.parent_ns.connection_point
14:11:15.451 [Test worker] DEBUG o.h.p.w.spi.MetamodelGraphWalker - Visiting attribute path : vnfr.parent_ns.descriptor_reference
14:11:15.451 [Test worker] DEBUG o.h.p.w.spi.MetamodelGraphWalker - Property path deemed to be circular : vnfr.parent_ns.descriptor_reference
14:11:15.451 [Test worker] DEBUG o.h.p.w.spi.MetamodelGraphWalker - Visiting attribute path : vnfr.parent_ns.lifecycle_event
14:11:15.451 [Test worker] DEBUG o.h.p.w.spi.MetamodelGraphWalker - Property path deemed to be circular : vnfr.parent_ns.lifecycle_event
14:11:15.451 [Test worker] DEBUG o.h.p.w.spi.MetamodelGraphWalker - Visiting attribute path : vnfr.parent_ns.lifecycle_event_history
14:11:15.451 [Test worker] DEBUG o.h.p.w.spi.MetamodelGraphWalker - Property path deemed to be circular : vnfr.parent_ns.lifecycle_event_history
14:11:15.451 [Test worker] DEBUG o.h.p.w.spi.MetamodelGraphWalker - Visiting attribute path : vnfr.parent_ns.monitoring_parameter
14:11:15.451 [Test worker] DEBUG o.h.p.w.spi.MetamodelGraphWalker - Visiting attribute path : vnfr.parent_ns.notification
14:11:15.451 [Test worker] DEBUG o.h.p.w.spi.MetamodelGraphWalker - Visiting attribute path : vnfr.parent_ns.pnfr
14:11:15.451 [Test worker] DEBUG o.h.p.w.spi.MetamodelGraphWalker - Property path deemed to be circular : vnfr.parent_ns.pnfr
14:11:15.451 [Test worker] DEBUG o.h.p.w.spi.MetamodelGraphWalker - Visiting attribute path : vnfr.parent_ns.resource_reservation
14:11:15.451 [Test worker] DEBUG o.h.p.w.spi.MetamodelGraphWalker - Visiting attribute path : vnfr.parent_ns.runtime_policy_info
14:11:15.451 [Test worker] DEBUG o.h.p.w.spi.MetamodelGraphWalker - Visiting attribute path : vnfr.parent_ns.service_deployment_flavour
14:11:15.451 [Test worker] DEBUG o.h.p.w.spi.MetamodelGraphWalker - Property path deemed to be circular : vnfr.parent_ns.service_deployment_flavour
14:11:15.451 [Test worker] DEBUG o.h.p.w.spi.MetamodelGraphWalker - Visiting attribute path : vnfr.parent_ns.status
14:11:15.451 [Test worker] DEBUG o.h.p.w.spi.MetamodelGraphWalker - Visiting attribute path : vnfr.parent_ns.vendor
14:11:15.452 [Test worker] DEBUG o.h.p.w.spi.MetamodelGraphWalker - Visiting attribute path : vnfr.parent_ns.version
14:11:15.452 [Test worker] DEBUG o.h.p.w.spi.MetamodelGraphWalker - Visiting attribute path : vnfr.parent_ns.vlr
14:11:15.452 [Test worker] DEBUG o.h.p.w.spi.MetamodelGraphWalker - Property path deemed to be circular : vnfr.parent_ns.vlr
14:11:15.452 [Test worker] DEBUG o.h.p.w.spi.MetamodelGraphWalker - Visiting attribute path : vnfr.parent_ns.vnf_dependency
14:11:15.452 [Test worker] DEBUG o.h.p.w.spi.MetamodelGraphWalker - Property path deemed to be circular : vnfr.parent_ns.vnf_dependency
14:11:15.452 [Test worker] DEBUG o.h.p.w.spi.MetamodelGraphWalker - Visiting attribute path : vnfr.parent_ns.vnffgr
14:11:15.452 [Test worker] DEBUG o.h.p.w.spi.MetamodelGraphWalker - Property path deemed to be circular : vnfr.parent_ns.vnffgr
14:11:15.452 [Test worker] DEBUG o.h.p.w.spi.MetamodelGraphWalker - Visiting attribute path : vnfr.parent_ns.vnfr
14:11:15.452 [Test worker] DEBUG o.h.p.w.spi.MetamodelGraphWalker - Property path deemed to be circular : vnfr.parent_ns.vnfr
14:11:15.452 [Test worker] DEBUG o.h.p.w.spi.MetamodelGraphWalker - Visiting attribute path : vnfr.runtime_policy_info
14:11:15.452 [Test worker] DEBUG o.h.p.w.spi.MetamodelGraphWalker - Visiting attribute path : vnfr.status
14:11:15.452 [Test worker] DEBUG o.h.p.w.spi.MetamodelGraphWalker - Visiting attribute path : vnfr.vdu
14:11:15.452 [Test worker] DEBUG o.h.l.p.b.i.spaces.QuerySpacesImpl - Adding QuerySpace : uid = <gen:94> -> org.hibernate.loader.plan.build.internal.spaces.CollectionQuerySpaceImpl@1a519ddb]
14:11:15.452 [Test worker] DEBUG o.h.l.p.b.i.spaces.QuerySpacesImpl - Adding QuerySpace : uid = <gen:95> -> org.hibernate.loader.plan.build.internal.spaces.EntityQuerySpaceImpl@6452a25c]
14:11:15.453 [Test worker] DEBUG o.h.p.w.spi.MetamodelGraphWalker - Visiting attribute path : vnfr.vdu.computation_requirement
14:11:15.453 [Test worker] DEBUG o.h.p.w.spi.MetamodelGraphWalker - Visiting attribute path : vnfr.vdu.high_availability
14:11:15.453 [Test worker] DEBUG o.h.p.w.spi.MetamodelGraphWalker - Visiting attribute path : vnfr.vdu.lifecycle_event
14:11:15.453 [Test worker] DEBUG o.h.p.w.spi.MetamodelGraphWalker - Visiting attribute path : vnfr.vdu.monitoring_parameter
14:11:15.453 [Test worker] DEBUG o.h.l.p.b.i.spaces.QuerySpacesImpl - Adding QuerySpace : uid = <gen:96> -> org.hibernate.loader.plan.build.internal.spaces.CollectionQuerySpaceImpl@6ab35f5e]
14:11:15.453 [Test worker] DEBUG o.h.p.w.spi.MetamodelGraphWalker - Visiting attribute path : vnfr.vdu.scale_in_out
14:11:15.453 [Test worker] DEBUG o.h.p.w.spi.MetamodelGraphWalker - Visiting attribute path : vnfr.vdu.vdu_constraint
14:11:15.453 [Test worker] DEBUG o.h.p.w.spi.MetamodelGraphWalker - Visiting attribute path : vnfr.vdu.version
14:11:15.453 [Test worker] DEBUG o.h.p.w.spi.MetamodelGraphWalker - Visiting attribute path : vnfr.vdu.virtual_memory_resource_element
14:11:15.453 [Test worker] DEBUG o.h.p.w.spi.MetamodelGraphWalker - Visiting attribute path : vnfr.vdu.virtual_network_bandwidth_resource
14:11:15.453 [Test worker] DEBUG o.h.p.w.spi.MetamodelGraphWalker - Visiting attribute path : vnfr.vdu.vm_image
14:11:15.453 [Test worker] DEBUG o.h.l.p.b.i.spaces.QuerySpacesImpl - Adding QuerySpace : uid = <gen:97> -> org.hibernate.loader.plan.build.internal.spaces.CollectionQuerySpaceImpl@263a4b0c]
14:11:15.453 [Test worker] DEBUG o.h.p.w.spi.MetamodelGraphWalker - Visiting attribute path : vnfr.vdu.vnfc
14:11:15.453 [Test worker] DEBUG o.h.p.w.spi.MetamodelGraphWalker - Visiting attribute path : vnfr.vendor
14:11:15.453 [Test worker] DEBUG o.h.p.w.spi.MetamodelGraphWalker - Visiting attribute path : vnfr.version
14:11:15.453 [Test worker] DEBUG o.h.p.w.spi.MetamodelGraphWalker - Visiting attribute path : vnfr.virtual_link
14:11:15.454 [Test worker] DEBUG o.h.l.p.b.i.spaces.QuerySpacesImpl - Adding QuerySpace : uid = <gen:98> -> org.hibernate.loader.plan.build.internal.spaces.CollectionQuerySpaceImpl@3d15146f]
14:11:15.454 [Test worker] DEBUG o.h.l.p.b.i.spaces.QuerySpacesImpl - Adding QuerySpace : uid = <gen:99> -> org.hibernate.loader.plan.build.internal.spaces.EntityQuerySpaceImpl@32f0a2bd]
14:11:15.454 [Test worker] DEBUG o.h.p.w.spi.MetamodelGraphWalker - Visiting attribute path : vnfr.virtual_link.connectivity_type
14:11:15.454 [Test worker] DEBUG o.h.p.w.spi.MetamodelGraphWalker - Visiting attribute path : vnfr.virtual_link.leaf_requirement
14:11:15.454 [Test worker] DEBUG o.h.p.w.spi.MetamodelGraphWalker - Visiting attribute path : vnfr.virtual_link.qos
14:11:15.454 [Test worker] DEBUG o.h.p.w.spi.MetamodelGraphWalker - Visiting attribute path : vnfr.virtual_link.root_requirement
14:11:15.454 [Test worker] DEBUG o.h.p.w.spi.MetamodelGraphWalker - Visiting attribute path : vnfr.virtual_link.test_access
14:11:15.454 [Test worker] DEBUG o.h.p.w.spi.MetamodelGraphWalker - Visiting attribute path : vnfr.virtual_link.version
14:11:15.454 [Test worker] DEBUG o.h.p.w.spi.MetamodelGraphWalker - Visiting attribute path : vnfr.virtual_link.connection_points_references
14:11:15.454 [Test worker] DEBUG o.h.l.p.b.i.spaces.QuerySpacesImpl - Adding QuerySpace : uid = <gen:100> -> org.hibernate.loader.plan.build.internal.spaces.CollectionQuerySpaceImpl@36e98115]
14:11:15.454 [Test worker] DEBUG o.h.p.w.spi.MetamodelGraphWalker - Visiting attribute path : vnfr.vnf_address
14:11:15.454 [Test worker] DEBUG o.h.p.w.spi.MetamodelGraphWalker - Visiting attribute path : vnfr.vnfm_id
14:11:15.455 [Test worker] DEBUG o.h.l.p.b.i.FetchStyleLoadPlanBuildingAssociationVisitationStrategy - Building LoadPlan...
14:11:15.455 [Test worker] DEBUG o.h.l.p.e.i.LoadQueryJoinAndFetchProcessor - processing queryspace <gen:0>
14:11:15.462 [Test worker] DEBUG o.h.l.p.b.spi.LoadPlanTreePrinter - LoadPlan(entity=org.project.neutrino.nfvo.catalogue.mano.record.NetworkServiceRecord)
    - Returns
       - EntityReturnImpl(entity=org.project.neutrino.nfvo.catalogue.mano.record.NetworkServiceRecord, querySpaceUid=<gen:0>, path=org.project.neutrino.nfvo.catalogue.mano.record.NetworkServiceRecord)
          - CollectionAttributeFetchImpl(collection=org.project.neutrino.nfvo.catalogue.mano.record.NetworkServiceRecord.auto_scale_policy, querySpaceUid=<gen:1>, path=org.project.neutrino.nfvo.catalogue.mano.record.NetworkServiceRecord.auto_scale_policy)
             - (collection element) CollectionFetchableElementEntityGraph(entity=org.project.neutrino.nfvo.catalogue.mano.common.AutoScalePolicy, querySpaceUid=<gen:2>, path=org.project.neutrino.nfvo.catalogue.mano.record.NetworkServiceRecord.auto_scale_policy.<elements>)
          - CollectionAttributeFetchImpl(collection=org.project.neutrino.nfvo.catalogue.mano.record.NetworkServiceRecord.connection_point, querySpaceUid=<gen:3>, path=org.project.neutrino.nfvo.catalogue.mano.record.NetworkServiceRecord.connection_point)
             - (collection element) CollectionFetchableElementEntityGraph(entity=org.project.neutrino.nfvo.catalogue.mano.common.ConnectionPoint, querySpaceUid=<gen:4>, path=org.project.neutrino.nfvo.catalogue.mano.record.NetworkServiceRecord.connection_point.<elements>)
          - EntityAttributeFetchImpl(entity=org.project.neutrino.nfvo.catalogue.mano.common.NFVEntityDescriptor, querySpaceUid=<gen:5>, path=org.project.neutrino.nfvo.catalogue.mano.record.NetworkServiceRecord.descriptor_reference)
             - CollectionAttributeFetchImpl(collection=org.project.neutrino.nfvo.catalogue.mano.common.NFVEntityDescriptor.monitoring_parameter, querySpaceUid=<gen:6>, path=org.project.neutrino.nfvo.catalogue.mano.record.NetworkServiceRecord.descriptor_reference.monitoring_parameter)
             - CollectionAttributeFetchImpl(collection=org.project.neutrino.nfvo.catalogue.mano.descriptor.VirtualNetworkFunctionDescriptor.deployment_flavour, querySpaceUid=<gen:7>, path=org.project.neutrino.nfvo.catalogue.mano.record.NetworkServiceRecord.descriptor_reference.deployment_flavour)
                - (collection element) CollectionFetchableElementEntityGraph(entity=org.project.neutrino.nfvo.catalogue.mano.descriptor.VNFDDeploymentFlavour, querySpaceUid=<gen:8>, path=org.project.neutrino.nfvo.catalogue.mano.record.NetworkServiceRecord.descriptor_reference.deployment_flavour.<elements>)
                   - CollectionAttributeFetchImpl(collection=org.project.neutrino.nfvo.catalogue.mano.descriptor.VNFDDeploymentFlavour.df_constraint, querySpaceUid=<gen:9>, path=org.project.neutrino.nfvo.catalogue.mano.record.NetworkServiceRecord.descriptor_reference.deployment_flavour.<elements>.df_constraint)
             - EntityAttributeFetchImpl(entity=org.project.neutrino.nfvo.catalogue.mano.common.Security, querySpaceUid=<gen:10>, path=org.project.neutrino.nfvo.catalogue.mano.record.NetworkServiceRecord.descriptor_reference.nsd_security)
             - CollectionAttributeFetchImpl(collection=org.project.neutrino.nfvo.catalogue.mano.descriptor.NetworkServiceDescriptor.vnf_dependency, querySpaceUid=<gen:11>, path=org.project.neutrino.nfvo.catalogue.mano.record.NetworkServiceRecord.descriptor_reference.vnf_dependency)
                - (collection element) CollectionFetchableElementEntityGraph(entity=org.project.neutrino.nfvo.catalogue.mano.common.VNFDependency, querySpaceUid=<gen:12>, path=org.project.neutrino.nfvo.catalogue.mano.record.NetworkServiceRecord.descriptor_reference.vnf_dependency.<elements>)
                   - EntityAttributeFetchImpl(entity=org.project.neutrino.nfvo.catalogue.mano.descriptor.VirtualNetworkFunctionDescriptor, querySpaceUid=<gen:13>, path=org.project.neutrino.nfvo.catalogue.mano.record.NetworkServiceRecord.descriptor_reference.vnf_dependency.<elements>.source)
                   - EntityAttributeFetchImpl(entity=org.project.neutrino.nfvo.catalogue.mano.descriptor.VirtualNetworkFunctionDescriptor, querySpaceUid=<gen:14>, path=org.project.neutrino.nfvo.catalogue.mano.record.NetworkServiceRecord.descriptor_reference.vnf_dependency.<elements>.target)
             - CollectionAttributeFetchImpl(collection=org.project.neutrino.nfvo.catalogue.mano.descriptor.NetworkServiceDescriptor.vnfd, querySpaceUid=<gen:15>, path=org.project.neutrino.nfvo.catalogue.mano.record.NetworkServiceRecord.descriptor_reference.vnfd)
                - (collection element) CollectionFetchableElementEntityGraph(entity=org.project.neutrino.nfvo.catalogue.mano.descriptor.VirtualNetworkFunctionDescriptor, querySpaceUid=<gen:16>, path=org.project.neutrino.nfvo.catalogue.mano.record.NetworkServiceRecord.descriptor_reference.vnfd.<elements>)
          - EntityAttributeFetchImpl(entity=org.project.neutrino.nfvo.catalogue.mano.common.LifecycleEvent, querySpaceUid=<gen:17>, path=org.project.neutrino.nfvo.catalogue.mano.record.NetworkServiceRecord.lifecycle_event)
          - CollectionAttributeFetchImpl(collection=org.project.neutrino.nfvo.catalogue.mano.record.NetworkServiceRecord.lifecycle_event_history, querySpaceUid=<gen:18>, path=org.project.neutrino.nfvo.catalogue.mano.record.NetworkServiceRecord.lifecycle_event_history)
             - (collection element) CollectionFetchableElementEntityGraph(entity=org.project.neutrino.nfvo.catalogue.mano.common.LifecycleEvent, querySpaceUid=<gen:19>, path=org.project.neutrino.nfvo.catalogue.mano.record.NetworkServiceRecord.lifecycle_event_history.<elements>)
          - CollectionAttributeFetchImpl(collection=org.project.neutrino.nfvo.catalogue.mano.record.NetworkServiceRecord.pnfr, querySpaceUid=<gen:20>, path=org.project.neutrino.nfvo.catalogue.mano.record.NetworkServiceRecord.pnfr)
             - (collection element) CollectionFetchableElementEntityGraph(entity=org.project.neutrino.nfvo.catalogue.mano.record.PhysicalNetworkFunctionRecord, querySpaceUid=<gen:21>, path=org.project.neutrino.nfvo.catalogue.mano.record.NetworkServiceRecord.pnfr.<elements>)
                - CollectionAttributeFetchImpl(collection=org.project.neutrino.nfvo.catalogue.mano.record.PhysicalNetworkFunctionRecord.connected_virtual_link, querySpaceUid=<gen:22>, path=org.project.neutrino.nfvo.catalogue.mano.record.NetworkServiceRecord.pnfr.<elements>.connected_virtual_link)
                   - (collection element) CollectionFetchableElementEntityGraph(entity=org.project.neutrino.nfvo.catalogue.mano.record.VirtualLinkRecord, querySpaceUid=<gen:23>, path=org.project.neutrino.nfvo.catalogue.mano.record.NetworkServiceRecord.pnfr.<elements>.connected_virtual_link.<elements>)
                      - CollectionAttributeFetchImpl(collection=org.project.neutrino.nfvo.catalogue.mano.record.VirtualLinkRecord.lifecycle_event_history, querySpaceUid=<gen:24>, path=org.project.neutrino.nfvo.catalogue.mano.record.NetworkServiceRecord.pnfr.<elements>.connected_virtual_link.<elements>.lifecycle_event_history)
                         - (collection element) CollectionFetchableElementEntityGraph(entity=org.project.neutrino.nfvo.catalogue.mano.common.LifecycleEvent, querySpaceUid=<gen:25>, path=org.project.neutrino.nfvo.catalogue.mano.record.NetworkServiceRecord.pnfr.<elements>.connected_virtual_link.<elements>.lifecycle_event_history.<elements>)
                      - CollectionAttributeFetchImpl(collection=org.project.neutrino.nfvo.catalogue.mano.record.VirtualLinkRecord.vnffgr_reference, querySpaceUid=<gen:26>, path=org.project.neutrino.nfvo.catalogue.mano.record.NetworkServiceRecord.pnfr.<elements>.connected_virtual_link.<elements>.vnffgr_reference)
                         - (collection element) CollectionFetchableElementEntityGraph(entity=org.project.neutrino.nfvo.catalogue.mano.record.VNFForwardingGraphRecord, querySpaceUid=<gen:27>, path=org.project.neutrino.nfvo.catalogue.mano.record.NetworkServiceRecord.pnfr.<elements>.connected_virtual_link.<elements>.vnffgr_reference.<elements>)
                - CollectionAttributeFetchImpl(collection=org.project.neutrino.nfvo.catalogue.mano.record.PhysicalNetworkFunctionRecord.connection_point, querySpaceUid=<gen:28>, path=org.project.neutrino.nfvo.catalogue.mano.record.NetworkServiceRecord.pnfr.<elements>.connection_point)
                   - (collection element) CollectionFetchableElementEntityGraph(entity=org.project.neutrino.nfvo.catalogue.mano.common.ConnectionPoint, querySpaceUid=<gen:29>, path=org.project.neutrino.nfvo.catalogue.mano.record.NetworkServiceRecord.pnfr.<elements>.connection_point.<elements>)
                - EntityAttributeFetchImpl(entity=org.project.neutrino.nfvo.catalogue.mano.descriptor.PhysicalNetworkFunctionDescriptor, querySpaceUid=<gen:30>, path=org.project.neutrino.nfvo.catalogue.mano.record.NetworkServiceRecord.pnfr.<elements>.descriptor_reference)
                   - EntityAttributeFetchImpl(entity=org.project.neutrino.nfvo.catalogue.mano.common.Security, querySpaceUid=<gen:31>, path=org.project.neutrino.nfvo.catalogue.mano.record.NetworkServiceRecord.pnfr.<elements>.descriptor_reference.pnfd_security)
                - EntityAttributeFetchImpl(entity=org.project.neutrino.nfvo.catalogue.mano.record.NetworkServiceRecord, querySpaceUid=<gen:32>, path=org.project.neutrino.nfvo.catalogue.mano.record.NetworkServiceRecord.pnfr.<elements>.parent_ns)
                   - EntityAttributeFetchImpl(entity=org.project.neutrino.nfvo.catalogue.mano.common.ServiceDeploymentFlavour, querySpaceUid=<gen:33>, path=org.project.neutrino.nfvo.catalogue.mano.record.NetworkServiceRecord.pnfr.<elements>.parent_ns.service_deployment_flavour)
                   - CollectionAttributeFetchImpl(collection=org.project.neutrino.nfvo.catalogue.mano.record.NetworkServiceRecord.vlr, querySpaceUid=<gen:34>, path=org.project.neutrino.nfvo.catalogue.mano.record.NetworkServiceRecord.pnfr.<elements>.parent_ns.vlr)
                      - (collection element) CollectionFetchableElementEntityGraph(entity=org.project.neutrino.nfvo.catalogue.mano.record.VirtualLinkRecord, querySpaceUid=<gen:35>, path=org.project.neutrino.nfvo.catalogue.mano.record.NetworkServiceRecord.pnfr.<elements>.parent_ns.vlr.<elements>)
                   - CollectionAttributeFetchImpl(collection=org.project.neutrino.nfvo.catalogue.mano.record.NetworkServiceRecord.vnf_dependency, querySpaceUid=<gen:36>, path=org.project.neutrino.nfvo.catalogue.mano.record.NetworkServiceRecord.pnfr.<elements>.parent_ns.vnf_dependency)
                      - (collection element) CollectionFetchableElementEntityGraph(entity=org.project.neutrino.nfvo.catalogue.mano.common.VNFDependency, querySpaceUid=<gen:37>, path=org.project.neutrino.nfvo.catalogue.mano.record.NetworkServiceRecord.pnfr.<elements>.parent_ns.vnf_dependency.<elements>)
                   - CollectionAttributeFetchImpl(collection=org.project.neutrino.nfvo.catalogue.mano.record.NetworkServiceRecord.vnffgr, querySpaceUid=<gen:38>, path=org.project.neutrino.nfvo.catalogue.mano.record.NetworkServiceRecord.pnfr.<elements>.parent_ns.vnffgr)
                      - (collection element) CollectionFetchableElementEntityGraph(entity=org.project.neutrino.nfvo.catalogue.mano.descriptor.VNFForwardingGraph, querySpaceUid=<gen:39>, path=org.project.neutrino.nfvo.catalogue.mano.record.NetworkServiceRecord.pnfr.<elements>.parent_ns.vnffgr.<elements>)
                   - EntityAttributeFetchImpl(entity=org.project.neutrino.nfvo.catalogue.mano.record.VirtualNetworkFunctionRecord, querySpaceUid=<gen:40>, path=org.project.neutrino.nfvo.catalogue.mano.record.NetworkServiceRecord.pnfr.<elements>.parent_ns.vnfr)
                - CollectionAttributeFetchImpl(collection=org.project.neutrino.nfvo.catalogue.mano.record.PhysicalNetworkFunctionRecord.vnffgr, querySpaceUid=<gen:41>, path=org.project.neutrino.nfvo.catalogue.mano.record.NetworkServiceRecord.pnfr.<elements>.vnffgr)
                   - (collection element) CollectionFetchableElementEntityGraph(entity=org.project.neutrino.nfvo.catalogue.mano.record.VNFForwardingGraphRecord, querySpaceUid=<gen:42>, path=org.project.neutrino.nfvo.catalogue.mano.record.NetworkServiceRecord.pnfr.<elements>.vnffgr.<elements>)
                      - CollectionAttributeFetchImpl(collection=org.project.neutrino.nfvo.catalogue.mano.record.VNFForwardingGraphRecord.connection_point, querySpaceUid=<gen:43>, path=org.project.neutrino.nfvo.catalogue.mano.record.NetworkServiceRecord.pnfr.<elements>.vnffgr.<elements>.connection_point)
                         - (collection element) CollectionFetchableElementEntityGraph(entity=org.project.neutrino.nfvo.catalogue.mano.descriptor.VNFDConnectionPoint, querySpaceUid=<gen:44>, path=org.project.neutrino.nfvo.catalogue.mano.record.NetworkServiceRecord.pnfr.<elements>.vnffgr.<elements>.connection_point.<elements>)
                      - CollectionAttributeFetchImpl(collection=org.project.neutrino.nfvo.catalogue.mano.record.VNFForwardingGraphRecord.dependent_virtual_link, querySpaceUid=<gen:45>, path=org.project.neutrino.nfvo.catalogue.mano.record.NetworkServiceRecord.pnfr.<elements>.vnffgr.<elements>.dependent_virtual_link)
                         - (collection element) CollectionFetchableElementEntityGraph(entity=org.project.neutrino.nfvo.catalogue.mano.record.VirtualLinkRecord, querySpaceUid=<gen:46>, path=org.project.neutrino.nfvo.catalogue.mano.record.NetworkServiceRecord.pnfr.<elements>.vnffgr.<elements>.dependent_virtual_link.<elements>)
                      - EntityAttributeFetchImpl(entity=org.project.neutrino.nfvo.catalogue.mano.descriptor.VNFForwardingGraph, querySpaceUid=<gen:47>, path=org.project.neutrino.nfvo.catalogue.mano.record.NetworkServiceRecord.pnfr.<elements>.vnffgr.<elements>.descriptor_reference)
                      - CollectionAttributeFetchImpl(collection=org.project.neutrino.nfvo.catalogue.mano.record.VNFForwardingGraphRecord.lifecycle_event_history, querySpaceUid=<gen:48>, path=org.project.neutrino.nfvo.catalogue.mano.record.NetworkServiceRecord.pnfr.<elements>.vnffgr.<elements>.lifecycle_event_history)
                         - (collection element) CollectionFetchableElementEntityGraph(entity=org.project.neutrino.nfvo.catalogue.mano.common.LifecycleEvent, querySpaceUid=<gen:49>, path=org.project.neutrino.nfvo.catalogue.mano.record.NetworkServiceRecord.pnfr.<elements>.vnffgr.<elements>.lifecycle_event_history.<elements>)
                      - CollectionAttributeFetchImpl(collection=org.project.neutrino.nfvo.catalogue.mano.record.VNFForwardingGraphRecord.member_vnfs, querySpaceUid=<gen:50>, path=org.project.neutrino.nfvo.catalogue.mano.record.NetworkServiceRecord.pnfr.<elements>.vnffgr.<elements>.member_vnfs)
                         - (collection element) CollectionFetchableElementEntityGraph(entity=org.project.neutrino.nfvo.catalogue.mano.record.VirtualNetworkFunctionRecord, querySpaceUid=<gen:51>, path=org.project.neutrino.nfvo.catalogue.mano.record.NetworkServiceRecord.pnfr.<elements>.vnffgr.<elements>.member_vnfs.<elements>)
                      - EntityAttributeFetchImpl(entity=org.project.neutrino.nfvo.catalogue.mano.descriptor.NetworkForwardingPath, querySpaceUid=<gen:52>, path=org.project.neutrino.nfvo.catalogue.mano.record.NetworkServiceRecord.pnfr.<elements>.vnffgr.<elements>.network_forwarding_path)
                      - EntityAttributeFetchImpl(entity=org.project.neutrino.nfvo.catalogue.mano.record.NetworkServiceRecord, querySpaceUid=<gen:53>, path=org.project.neutrino.nfvo.catalogue.mano.record.NetworkServiceRecord.pnfr.<elements>.vnffgr.<elements>.parent_ns)
          - EntityAttributeFetchImpl(entity=org.project.neutrino.nfvo.catalogue.mano.common.ServiceDeploymentFlavour, querySpaceUid=<gen:54>, path=org.project.neutrino.nfvo.catalogue.mano.record.NetworkServiceRecord.service_deployment_flavour)
          - CollectionAttributeFetchImpl(collection=org.project.neutrino.nfvo.catalogue.mano.record.NetworkServiceRecord.vlr, querySpaceUid=<gen:55>, path=org.project.neutrino.nfvo.catalogue.mano.record.NetworkServiceRecord.vlr)
             - (collection element) CollectionFetchableElementEntityGraph(entity=org.project.neutrino.nfvo.catalogue.mano.record.VirtualLinkRecord, querySpaceUid=<gen:56>, path=org.project.neutrino.nfvo.catalogue.mano.record.NetworkServiceRecord.vlr.<elements>)
                - CollectionAttributeFetchImpl(collection=org.project.neutrino.nfvo.catalogue.mano.record.VirtualLinkRecord.lifecycle_event_history, querySpaceUid=<gen:57>, path=org.project.neutrino.nfvo.catalogue.mano.record.NetworkServiceRecord.vlr.<elements>.lifecycle_event_history)
                   - (collection element) CollectionFetchableElementEntityGraph(entity=org.project.neutrino.nfvo.catalogue.mano.common.LifecycleEvent, querySpaceUid=<gen:58>, path=org.project.neutrino.nfvo.catalogue.mano.record.NetworkServiceRecord.vlr.<elements>.lifecycle_event_history.<elements>)
                - CollectionAttributeFetchImpl(collection=org.project.neutrino.nfvo.catalogue.mano.record.VirtualLinkRecord.vnffgr_reference, querySpaceUid=<gen:59>, path=org.project.neutrino.nfvo.catalogue.mano.record.NetworkServiceRecord.vlr.<elements>.vnffgr_reference)
                   - (collection element) CollectionFetchableElementEntityGraph(entity=org.project.neutrino.nfvo.catalogue.mano.record.VNFForwardingGraphRecord, querySpaceUid=<gen:60>, path=org.project.neutrino.nfvo.catalogue.mano.record.NetworkServiceRecord.vlr.<elements>.vnffgr_reference.<elements>)
                      - CollectionAttributeFetchImpl(collection=org.project.neutrino.nfvo.catalogue.mano.record.VNFForwardingGraphRecord.connection_point, querySpaceUid=<gen:61>, path=org.project.neutrino.nfvo.catalogue.mano.record.NetworkServiceRecord.vlr.<elements>.vnffgr_reference.<elements>.connection_point)
                         - (collection element) CollectionFetchableElementEntityGraph(entity=org.project.neutrino.nfvo.catalogue.mano.descriptor.VNFDConnectionPoint, querySpaceUid=<gen:62>, path=org.project.neutrino.nfvo.catalogue.mano.record.NetworkServiceRecord.vlr.<elements>.vnffgr_reference.<elements>.connection_point.<elements>)
                      - CollectionAttributeFetchImpl(collection=org.project.neutrino.nfvo.catalogue.mano.record.VNFForwardingGraphRecord.dependent_virtual_link, querySpaceUid=<gen:63>, path=org.project.neutrino.nfvo.catalogue.mano.record.NetworkServiceRecord.vlr.<elements>.vnffgr_reference.<elements>.dependent_virtual_link)
                         - (collection element) CollectionFetchableElementEntityGraph(entity=org.project.neutrino.nfvo.catalogue.mano.record.VirtualLinkRecord, querySpaceUid=<gen:64>, path=org.project.neutrino.nfvo.catalogue.mano.record.NetworkServiceRecord.vlr.<elements>.vnffgr_reference.<elements>.dependent_virtual_link.<elements>)
                      - EntityAttributeFetchImpl(entity=org.project.neutrino.nfvo.catalogue.mano.descriptor.VNFForwardingGraph, querySpaceUid=<gen:65>, path=org.project.neutrino.nfvo.catalogue.mano.record.NetworkServiceRecord.vlr.<elements>.vnffgr_reference.<elements>.descriptor_reference)
                      - CollectionAttributeFetchImpl(collection=org.project.neutrino.nfvo.catalogue.mano.record.VNFForwardingGraphRecord.lifecycle_event_history, querySpaceUid=<gen:66>, path=org.project.neutrino.nfvo.catalogue.mano.record.NetworkServiceRecord.vlr.<elements>.vnffgr_reference.<elements>.lifecycle_event_history)
                         - (collection element) CollectionFetchableElementEntityGraph(entity=org.project.neutrino.nfvo.catalogue.mano.common.LifecycleEvent, querySpaceUid=<gen:67>, path=org.project.neutrino.nfvo.catalogue.mano.record.NetworkServiceRecord.vlr.<elements>.vnffgr_reference.<elements>.lifecycle_event_history.<elements>)
                      - CollectionAttributeFetchImpl(collection=org.project.neutrino.nfvo.catalogue.mano.record.VNFForwardingGraphRecord.member_vnfs, querySpaceUid=<gen:68>, path=org.project.neutrino.nfvo.catalogue.mano.record.NetworkServiceRecord.vlr.<elements>.vnffgr_reference.<elements>.member_vnfs)
                         - (collection element) CollectionFetchableElementEntityGraph(entity=org.project.neutrino.nfvo.catalogue.mano.record.VirtualNetworkFunctionRecord, querySpaceUid=<gen:69>, path=org.project.neutrino.nfvo.catalogue.mano.record.NetworkServiceRecord.vlr.<elements>.vnffgr_reference.<elements>.member_vnfs.<elements>)
                      - EntityAttributeFetchImpl(entity=org.project.neutrino.nfvo.catalogue.mano.descriptor.NetworkForwardingPath, querySpaceUid=<gen:70>, path=org.project.neutrino.nfvo.catalogue.mano.record.NetworkServiceRecord.vlr.<elements>.vnffgr_reference.<elements>.network_forwarding_path)
                      - EntityAttributeFetchImpl(entity=org.project.neutrino.nfvo.catalogue.mano.record.NetworkServiceRecord, querySpaceUid=<gen:71>, path=org.project.neutrino.nfvo.catalogue.mano.record.NetworkServiceRecord.vlr.<elements>.vnffgr_reference.<elements>.parent_ns)
          - CollectionAttributeFetchImpl(collection=org.project.neutrino.nfvo.catalogue.mano.record.NetworkServiceRecord.vnf_dependency, querySpaceUid=<gen:72>, path=org.project.neutrino.nfvo.catalogue.mano.record.NetworkServiceRecord.vnf_dependency)
             - (collection element) CollectionFetchableElementEntityGraph(entity=org.project.neutrino.nfvo.catalogue.mano.common.VNFDependency, querySpaceUid=<gen:73>, path=org.project.neutrino.nfvo.catalogue.mano.record.NetworkServiceRecord.vnf_dependency.<elements>)
                - EntityAttributeFetchImpl(entity=org.project.neutrino.nfvo.catalogue.mano.descriptor.VirtualNetworkFunctionDescriptor, querySpaceUid=<gen:74>, path=org.project.neutrino.nfvo.catalogue.mano.record.NetworkServiceRecord.vnf_dependency.<elements>.source)
                - EntityAttributeFetchImpl(entity=org.project.neutrino.nfvo.catalogue.mano.descriptor.VirtualNetworkFunctionDescriptor, querySpaceUid=<gen:75>, path=org.project.neutrino.nfvo.catalogue.mano.record.NetworkServiceRecord.vnf_dependency.<elements>.target)
          - CollectionAttributeFetchImpl(collection=org.project.neutrino.nfvo.catalogue.mano.record.NetworkServiceRecord.vnffgr, querySpaceUid=<gen:76>, path=org.project.neutrino.nfvo.catalogue.mano.record.NetworkServiceRecord.vnffgr)
             - (collection element) CollectionFetchableElementEntityGraph(entity=org.project.neutrino.nfvo.catalogue.mano.descriptor.VNFForwardingGraph, querySpaceUid=<gen:77>, path=org.project.neutrino.nfvo.catalogue.mano.record.NetworkServiceRecord.vnffgr.<elements>)
                - EntityAttributeFetchImpl(entity=org.project.neutrino.nfvo.catalogue.mano.common.Security, querySpaceUid=<gen:78>, path=org.project.neutrino.nfvo.catalogue.mano.record.NetworkServiceRecord.vnffgr.<elements>.vnffgd_security)
          - EntityAttributeFetchImpl(entity=org.project.neutrino.nfvo.catalogue.mano.record.VirtualNetworkFunctionRecord, querySpaceUid=<gen:79>, path=org.project.neutrino.nfvo.catalogue.mano.record.NetworkServiceRecord.vnfr)
             - CollectionAttributeFetchImpl(collection=org.project.neutrino.nfvo.catalogue.mano.record.VirtualNetworkFunctionRecord.auto_scale_policy, querySpaceUid=<gen:80>, path=org.project.neutrino.nfvo.catalogue.mano.record.NetworkServiceRecord.vnfr.auto_scale_policy)
                - (collection element) CollectionFetchableElementEntityGraph(entity=org.project.neutrino.nfvo.catalogue.mano.common.AutoScalePolicy, querySpaceUid=<gen:81>, path=org.project.neutrino.nfvo.catalogue.mano.record.NetworkServiceRecord.vnfr.auto_scale_policy.<elements>)
             - CollectionAttributeFetchImpl(collection=org.project.neutrino.nfvo.catalogue.mano.record.VirtualNetworkFunctionRecord.connected_external_virtual_link, querySpaceUid=<gen:82>, path=org.project.neutrino.nfvo.catalogue.mano.record.NetworkServiceRecord.vnfr.connected_external_virtual_link)
                - (collection element) CollectionFetchableElementEntityGraph(entity=org.project.neutrino.nfvo.catalogue.mano.record.VirtualLinkRecord, querySpaceUid=<gen:83>, path=org.project.neutrino.nfvo.catalogue.mano.record.NetworkServiceRecord.vnfr.connected_external_virtual_link.<elements>)
             - CollectionAttributeFetchImpl(collection=org.project.neutrino.nfvo.catalogue.mano.record.VirtualNetworkFunctionRecord.connection_point, querySpaceUid=<gen:84>, path=org.project.neutrino.nfvo.catalogue.mano.record.NetworkServiceRecord.vnfr.connection_point)
                - (collection element) CollectionFetchableElementEntityGraph(entity=org.project.neutrino.nfvo.catalogue.mano.common.ConnectionPoint, querySpaceUid=<gen:85>, path=org.project.neutrino.nfvo.catalogue.mano.record.NetworkServiceRecord.vnfr.connection_point.<elements>)
             - CollectionAttributeFetchImpl(collection=org.project.neutrino.nfvo.catalogue.mano.record.VirtualNetworkFunctionRecord.dependency, querySpaceUid=<gen:86>, path=org.project.neutrino.nfvo.catalogue.mano.record.NetworkServiceRecord.vnfr.dependency)
                - (collection element) CollectionFetchableElementEntityGraph(entity=org.project.neutrino.nfvo.catalogue.mano.common.VNFDependency, querySpaceUid=<gen:87>, path=org.project.neutrino.nfvo.catalogue.mano.record.NetworkServiceRecord.vnfr.dependency.<elements>)
             - EntityAttributeFetchImpl(entity=org.project.neutrino.nfvo.catalogue.mano.descriptor.VNFDDeploymentFlavour, querySpaceUid=<gen:88>, path=org.project.neutrino.nfvo.catalogue.mano.record.NetworkServiceRecord.vnfr.deployment_flavour)
                - CollectionAttributeFetchImpl(collection=org.project.neutrino.nfvo.catalogue.mano.descriptor.VNFDDeploymentFlavour.df_constraint, querySpaceUid=<gen:89>, path=org.project.neutrino.nfvo.catalogue.mano.record.NetworkServiceRecord.vnfr.deployment_flavour.df_constraint)
             - EntityAttributeFetchImpl(entity=org.project.neutrino.nfvo.catalogue.mano.common.LifecycleEvent, querySpaceUid=<gen:90>, path=org.project.neutrino.nfvo.catalogue.mano.record.NetworkServiceRecord.vnfr.lifecycle_event)
             - CollectionAttributeFetchImpl(collection=org.project.neutrino.nfvo.catalogue.mano.record.VirtualNetworkFunctionRecord.lifecycle_event_history, querySpaceUid=<gen:91>, path=org.project.neutrino.nfvo.catalogue.mano.record.NetworkServiceRecord.vnfr.lifecycle_event_history)
                - (collection element) CollectionFetchableElementEntityGraph(entity=org.project.neutrino.nfvo.catalogue.mano.common.LifecycleEvent, querySpaceUid=<gen:92>, path=org.project.neutrino.nfvo.catalogue.mano.record.NetworkServiceRecord.vnfr.lifecycle_event_history.<elements>)
             - EntityAttributeFetchImpl(entity=org.project.neutrino.nfvo.catalogue.mano.record.NetworkServiceRecord, querySpaceUid=<gen:93>, path=org.project.neutrino.nfvo.catalogue.mano.record.NetworkServiceRecord.vnfr.parent_ns)
             - CollectionAttributeFetchImpl(collection=org.project.neutrino.nfvo.catalogue.mano.record.VirtualNetworkFunctionRecord.vdu, querySpaceUid=<gen:94>, path=org.project.neutrino.nfvo.catalogue.mano.record.NetworkServiceRecord.vnfr.vdu)
                - (collection element) CollectionFetchableElementEntityGraph(entity=org.project.neutrino.nfvo.catalogue.mano.descriptor.VirtualDeploymentUnit, querySpaceUid=<gen:95>, path=org.project.neutrino.nfvo.catalogue.mano.record.NetworkServiceRecord.vnfr.vdu.<elements>)
                   - CollectionAttributeFetchImpl(collection=org.project.neutrino.nfvo.catalogue.mano.descriptor.VirtualDeploymentUnit.monitoring_parameter, querySpaceUid=<gen:96>, path=org.project.neutrino.nfvo.catalogue.mano.record.NetworkServiceRecord.vnfr.vdu.<elements>.monitoring_parameter)
                   - CollectionAttributeFetchImpl(collection=org.project.neutrino.nfvo.catalogue.mano.descriptor.VirtualDeploymentUnit.vm_image, querySpaceUid=<gen:97>, path=org.project.neutrino.nfvo.catalogue.mano.record.NetworkServiceRecord.vnfr.vdu.<elements>.vm_image)
             - CollectionAttributeFetchImpl(collection=org.project.neutrino.nfvo.catalogue.mano.record.VirtualNetworkFunctionRecord.virtual_link, querySpaceUid=<gen:98>, path=org.project.neutrino.nfvo.catalogue.mano.record.NetworkServiceRecord.vnfr.virtual_link)
                - (collection element) CollectionFetchableElementEntityGraph(entity=org.project.neutrino.nfvo.catalogue.mano.descriptor.InternalVirtualLink, querySpaceUid=<gen:99>, path=org.project.neutrino.nfvo.catalogue.mano.record.NetworkServiceRecord.vnfr.virtual_link.<elements>)
                   - CollectionAttributeFetchImpl(collection=org.project.neutrino.nfvo.catalogue.mano.descriptor.InternalVirtualLink.connection_points_references, querySpaceUid=<gen:100>, path=org.project.neutrino.nfvo.catalogue.mano.record.NetworkServiceRecord.vnfr.virtual_link.<elements>.connection_points_references)
    - QuerySpaces
       - EntityQuerySpaceImpl(uid=<gen:0>, entity=org.project.neutrino.nfvo.catalogue.mano.record.NetworkServiceRecord)
          - SQL table alias mapping - networkser0_
          - alias suffix - 0_
          - suffixed key columns - {id1_18_0_}
          - JOIN (JoinDefinedByMetadata(auto_scale_policy)) : <gen:0> -> <gen:1>
             - CollectionQuerySpaceImpl(uid=<gen:1>, collection=org.project.neutrino.nfvo.catalogue.mano.record.NetworkServiceRecord.auto_scale_policy)
                - SQL table alias mapping - auto_scale1_
                - alias suffix - 1_
                - suffixed key columns - {network_1_18_1_}
                - entity-element alias suffix - 2_
                - 2_entity-element suffixed key columns - id1_3_2_
                - JOIN (JoinDefinedByMetadata(elements)) : <gen:1> -> <gen:2>
                   - EntityQuerySpaceImpl(uid=<gen:2>, entity=org.project.neutrino.nfvo.catalogue.mano.common.AutoScalePolicy)
                      - SQL table alias mapping - autoscalep2_
                      - alias suffix - 2_
                      - suffixed key columns - {id1_3_2_}
          - JOIN (JoinDefinedByMetadata(connection_point)) : <gen:0> -> <gen:3>
             - CollectionQuerySpaceImpl(uid=<gen:3>, collection=org.project.neutrino.nfvo.catalogue.mano.record.NetworkServiceRecord.connection_point)
                - SQL table alias mapping - connection3_
                - alias suffix - 3_
                - suffixed key columns - {network_1_18_3_}
                - entity-element alias suffix - 4_
                - 4_entity-element suffixed key columns - id1_4_4_
                - JOIN (JoinDefinedByMetadata(elements)) : <gen:3> -> <gen:4>
                   - EntityQuerySpaceImpl(uid=<gen:4>, entity=org.project.neutrino.nfvo.catalogue.mano.common.ConnectionPoint)
                      - SQL table alias mapping - connection4_
                      - alias suffix - 4_
                      - suffixed key columns - {id1_4_4_}
          - JOIN (JoinDefinedByMetadata(descriptor_reference)) : <gen:0> -> <gen:5>
             - EntityQuerySpaceImpl(uid=<gen:5>, entity=org.project.neutrino.nfvo.catalogue.mano.common.NFVEntityDescriptor)
                - SQL table alias mapping - nfventityd5_
                - alias suffix - 5_
                - suffixed key columns - {id1_27_5_}
                - JOIN (JoinDefinedByMetadata(monitoring_parameter)) : <gen:5> -> <gen:6>
                   - CollectionQuerySpaceImpl(uid=<gen:6>, collection=org.project.neutrino.nfvo.catalogue.mano.common.NFVEntityDescriptor.monitoring_parameter)
                      - SQL table alias mapping - monitoring6_
                      - alias suffix - 6_
                      - suffixed key columns - {nfventit1_27_6_}
                - JOIN (JoinDefinedByMetadata(deployment_flavour)) : <gen:5> -> <gen:7>
                   - CollectionQuerySpaceImpl(uid=<gen:7>, collection=org.project.neutrino.nfvo.catalogue.mano.descriptor.VirtualNetworkFunctionDescriptor.deployment_flavour)
                      - SQL table alias mapping - deployment7_
                      - alias suffix - 7_
                      - suffixed key columns - {virtual_1_27_7_}
                      - entity-element alias suffix - 8_
                      - 8_entity-element suffixed key columns - id1_7_8_
                      - JOIN (JoinDefinedByMetadata(elements)) : <gen:7> -> <gen:8>
                         - EntityQuerySpaceImpl(uid=<gen:8>, entity=org.project.neutrino.nfvo.catalogue.mano.descriptor.VNFDDeploymentFlavour)
                            - SQL table alias mapping - vnfddeploy8_
                            - alias suffix - 8_
                            - suffixed key columns - {id1_7_8_}
                - JOIN (JoinDefinedByMetadata(nsd_security)) : <gen:5> -> <gen:10>
                   - EntityQuerySpaceImpl(uid=<gen:10>, entity=org.project.neutrino.nfvo.catalogue.mano.common.Security)
                      - SQL table alias mapping - security9_
                      - alias suffix - 9_
                      - suffixed key columns - {id1_43_9_}
                - JOIN (JoinDefinedByMetadata(vnf_dependency)) : <gen:5> -> <gen:11>
                   - CollectionQuerySpaceImpl(uid=<gen:11>, collection=org.project.neutrino.nfvo.catalogue.mano.descriptor.NetworkServiceDescriptor.vnf_dependency)
                      - SQL table alias mapping - vnf_depend10_
                      - alias suffix - 10_
                      - suffixed key columns - {network_1_27_10_}
                      - entity-element alias suffix - 11_
                      - 11_entity-element suffixed key columns - id1_86_11_
                      - JOIN (JoinDefinedByMetadata(elements)) : <gen:11> -> <gen:12>
                         - EntityQuerySpaceImpl(uid=<gen:12>, entity=org.project.neutrino.nfvo.catalogue.mano.common.VNFDependency)
                            - SQL table alias mapping - vnfdepende11_
                            - alias suffix - 11_
                            - suffixed key columns - {id1_86_11_}
                - JOIN (JoinDefinedByMetadata(vnfd)) : <gen:5> -> <gen:15>
                   - CollectionQuerySpaceImpl(uid=<gen:15>, collection=org.project.neutrino.nfvo.catalogue.mano.descriptor.NetworkServiceDescriptor.vnfd)
                      - SQL table alias mapping - vnfd12_
                      - alias suffix - 12_
                      - suffixed key columns - {network_1_27_12_}
                      - entity-element alias suffix - 13_
                      - 13_entity-element suffixed key columns - id1_27_13_
                      - JOIN (JoinDefinedByMetadata(elements)) : <gen:15> -> <gen:16>
                         - EntityQuerySpaceImpl(uid=<gen:16>, entity=org.project.neutrino.nfvo.catalogue.mano.descriptor.VirtualNetworkFunctionDescriptor)
                            - SQL table alias mapping - virtualnet13_
                            - alias suffix - 13_
                            - suffixed key columns - {id1_27_13_}
          - JOIN (JoinDefinedByMetadata(lifecycle_event)) : <gen:0> -> <gen:17>
             - EntityQuerySpaceImpl(uid=<gen:17>, entity=org.project.neutrino.nfvo.catalogue.mano.common.LifecycleEvent)
                - SQL table alias mapping - lifecyclee14_
                - alias suffix - 14_
                - suffixed key columns - {id1_10_14_}
          - JOIN (JoinDefinedByMetadata(lifecycle_event_history)) : <gen:0> -> <gen:18>
             - CollectionQuerySpaceImpl(uid=<gen:18>, collection=org.project.neutrino.nfvo.catalogue.mano.record.NetworkServiceRecord.lifecycle_event_history)
                - SQL table alias mapping - lifecycle_15_
                - alias suffix - 15_
                - suffixed key columns - {network_1_18_15_}
                - entity-element alias suffix - 16_
                - 16_entity-element suffixed key columns - id1_10_16_
                - JOIN (JoinDefinedByMetadata(elements)) : <gen:18> -> <gen:19>
                   - EntityQuerySpaceImpl(uid=<gen:19>, entity=org.project.neutrino.nfvo.catalogue.mano.common.LifecycleEvent)
                      - SQL table alias mapping - lifecyclee16_
                      - alias suffix - 16_
                      - suffixed key columns - {id1_10_16_}
          - JOIN (JoinDefinedByMetadata(pnfr)) : <gen:0> -> <gen:20>
             - CollectionQuerySpaceImpl(uid=<gen:20>, collection=org.project.neutrino.nfvo.catalogue.mano.record.NetworkServiceRecord.pnfr)
                - SQL table alias mapping - pnfr17_
                - alias suffix - 17_
                - suffixed key columns - {network_1_18_17_}
                - entity-element alias suffix - 18_
                - 18_entity-element suffixed key columns - id1_37_18_
                - JOIN (JoinDefinedByMetadata(elements)) : <gen:20> -> <gen:21>
                   - EntityQuerySpaceImpl(uid=<gen:21>, entity=org.project.neutrino.nfvo.catalogue.mano.record.PhysicalNetworkFunctionRecord)
                      - SQL table alias mapping - physicalne18_
                      - alias suffix - 18_
                      - suffixed key columns - {id1_37_18_}
                      - JOIN (JoinDefinedByMetadata(connected_virtual_link)) : <gen:21> -> <gen:22>
                         - CollectionQuerySpaceImpl(uid=<gen:22>, collection=org.project.neutrino.nfvo.catalogue.mano.record.PhysicalNetworkFunctionRecord.connected_virtual_link)
                            - SQL table alias mapping - connected_19_
                            - alias suffix - 19_
                            - suffixed key columns - {physical1_37_19_}
                            - entity-element alias suffix - 20_
                            - 20_entity-element suffixed key columns - id1_54_20_
                            - JOIN (JoinDefinedByMetadata(elements)) : <gen:22> -> <gen:23>
                               - EntityQuerySpaceImpl(uid=<gen:23>, entity=org.project.neutrino.nfvo.catalogue.mano.record.VirtualLinkRecord)
                                  - SQL table alias mapping - virtuallin20_
                                  - alias suffix - 20_
                                  - suffixed key columns - {id1_54_20_}
                      - JOIN (JoinDefinedByMetadata(connection_point)) : <gen:21> -> <gen:28>
                         - CollectionQuerySpaceImpl(uid=<gen:28>, collection=org.project.neutrino.nfvo.catalogue.mano.record.PhysicalNetworkFunctionRecord.connection_point)
                            - SQL table alias mapping - connection21_
                            - alias suffix - 21_
                            - suffixed key columns - {physical1_37_21_}
                            - entity-element alias suffix - 22_
                            - 22_entity-element suffixed key columns - id1_4_22_
                            - JOIN (JoinDefinedByMetadata(elements)) : <gen:28> -> <gen:29>
                               - EntityQuerySpaceImpl(uid=<gen:29>, entity=org.project.neutrino.nfvo.catalogue.mano.common.ConnectionPoint)
                                  - SQL table alias mapping - connection22_
                                  - alias suffix - 22_
                                  - suffixed key columns - {id1_4_22_}
                      - JOIN (JoinDefinedByMetadata(descriptor_reference)) : <gen:21> -> <gen:30>
                         - EntityQuerySpaceImpl(uid=<gen:30>, entity=org.project.neutrino.nfvo.catalogue.mano.descriptor.PhysicalNetworkFunctionDescriptor)
                            - SQL table alias mapping - physicalne23_
                            - alias suffix - 23_
                            - suffixed key columns - {id1_35_23_}
                      - JOIN (JoinDefinedByMetadata(parent_ns)) : <gen:21> -> <gen:32>
                         - EntityQuerySpaceImpl(uid=<gen:32>, entity=org.project.neutrino.nfvo.catalogue.mano.record.NetworkServiceRecord)
                            - SQL table alias mapping - networkser24_
                            - alias suffix - 24_
                            - suffixed key columns - {id1_18_24_}
                      - JOIN (JoinDefinedByMetadata(vnffgr)) : <gen:21> -> <gen:41>
                         - CollectionQuerySpaceImpl(uid=<gen:41>, collection=org.project.neutrino.nfvo.catalogue.mano.record.PhysicalNetworkFunctionRecord.vnffgr)
                            - SQL table alias mapping - vnffgr25_
                            - alias suffix - 25_
                            - suffixed key columns - {physical1_37_25_}
                            - entity-element alias suffix - 26_
                            - 26_entity-element suffixed key columns - id1_92_26_
                            - JOIN (JoinDefinedByMetadata(elements)) : <gen:41> -> <gen:42>
                               - EntityQuerySpaceImpl(uid=<gen:42>, entity=org.project.neutrino.nfvo.catalogue.mano.record.VNFForwardingGraphRecord)
                                  - SQL table alias mapping - vnfforward26_
                                  - alias suffix - 26_
                                  - suffixed key columns - {id1_92_26_}
          - JOIN (JoinDefinedByMetadata(service_deployment_flavour)) : <gen:0> -> <gen:54>
             - EntityQuerySpaceImpl(uid=<gen:54>, entity=org.project.neutrino.nfvo.catalogue.mano.common.ServiceDeploymentFlavour)
                - SQL table alias mapping - servicedep27_
                - alias suffix - 27_
                - suffixed key columns - {id1_7_27_}
          - JOIN (JoinDefinedByMetadata(vlr)) : <gen:0> -> <gen:55>
             - CollectionQuerySpaceImpl(uid=<gen:55>, collection=org.project.neutrino.nfvo.catalogue.mano.record.NetworkServiceRecord.vlr)
                - SQL table alias mapping - vlr28_
                - alias suffix - 28_
                - suffixed key columns - {network_1_18_28_}
                - entity-element alias suffix - 29_
                - 29_entity-element suffixed key columns - id1_54_29_
                - JOIN (JoinDefinedByMetadata(elements)) : <gen:55> -> <gen:56>
                   - EntityQuerySpaceImpl(uid=<gen:56>, entity=org.project.neutrino.nfvo.catalogue.mano.record.VirtualLinkRecord)
                      - SQL table alias mapping - virtuallin29_
                      - alias suffix - 29_
                      - suffixed key columns - {id1_54_29_}
                      - JOIN (JoinDefinedByMetadata(lifecycle_event_history)) : <gen:56> -> <gen:57>
                         - CollectionQuerySpaceImpl(uid=<gen:57>, collection=org.project.neutrino.nfvo.catalogue.mano.record.VirtualLinkRecord.lifecycle_event_history)
                            - SQL table alias mapping - lifecycle_30_
                            - alias suffix - 30_
                            - suffixed key columns - {virtual_1_54_30_}
                            - entity-element alias suffix - 31_
                            - 31_entity-element suffixed key columns - id1_10_31_
                            - JOIN (JoinDefinedByMetadata(elements)) : <gen:57> -> <gen:58>
                               - EntityQuerySpaceImpl(uid=<gen:58>, entity=org.project.neutrino.nfvo.catalogue.mano.common.LifecycleEvent)
                                  - SQL table alias mapping - lifecyclee31_
                                  - alias suffix - 31_
                                  - suffixed key columns - {id1_10_31_}
                      - JOIN (JoinDefinedByMetadata(vnffgr_reference)) : <gen:56> -> <gen:59>
                         - CollectionQuerySpaceImpl(uid=<gen:59>, collection=org.project.neutrino.nfvo.catalogue.mano.record.VirtualLinkRecord.vnffgr_reference)
                            - SQL table alias mapping - vnffgr_ref32_
                            - alias suffix - 32_
                            - suffixed key columns - {virtual_1_54_32_}
                            - entity-element alias suffix - 33_
                            - 33_entity-element suffixed key columns - id1_92_33_
                            - JOIN (JoinDefinedByMetadata(elements)) : <gen:59> -> <gen:60>
                               - EntityQuerySpaceImpl(uid=<gen:60>, entity=org.project.neutrino.nfvo.catalogue.mano.record.VNFForwardingGraphRecord)
                                  - SQL table alias mapping - vnfforward33_
                                  - alias suffix - 33_
                                  - suffixed key columns - {id1_92_33_}
          - JOIN (JoinDefinedByMetadata(vnf_dependency)) : <gen:0> -> <gen:72>
             - CollectionQuerySpaceImpl(uid=<gen:72>, collection=org.project.neutrino.nfvo.catalogue.mano.record.NetworkServiceRecord.vnf_dependency)
                - SQL table alias mapping - vnf_depend34_
                - alias suffix - 34_
                - suffixed key columns - {network_1_18_34_}
                - entity-element alias suffix - 35_
                - 35_entity-element suffixed key columns - id1_86_35_
                - JOIN (JoinDefinedByMetadata(elements)) : <gen:72> -> <gen:73>
                   - EntityQuerySpaceImpl(uid=<gen:73>, entity=org.project.neutrino.nfvo.catalogue.mano.common.VNFDependency)
                      - SQL table alias mapping - vnfdepende35_
                      - alias suffix - 35_
                      - suffixed key columns - {id1_86_35_}
                      - JOIN (JoinDefinedByMetadata(source)) : <gen:73> -> <gen:74>
                         - EntityQuerySpaceImpl(uid=<gen:74>, entity=org.project.neutrino.nfvo.catalogue.mano.descriptor.VirtualNetworkFunctionDescriptor)
                            - SQL table alias mapping - virtualnet36_
                            - alias suffix - 36_
                            - suffixed key columns - {id1_27_36_}
                      - JOIN (JoinDefinedByMetadata(target)) : <gen:73> -> <gen:75>
                         - EntityQuerySpaceImpl(uid=<gen:75>, entity=org.project.neutrino.nfvo.catalogue.mano.descriptor.VirtualNetworkFunctionDescriptor)
                            - SQL table alias mapping - virtualnet37_
                            - alias suffix - 37_
                            - suffixed key columns - {id1_27_37_}
          - JOIN (JoinDefinedByMetadata(vnffgr)) : <gen:0> -> <gen:76>
             - CollectionQuerySpaceImpl(uid=<gen:76>, collection=org.project.neutrino.nfvo.catalogue.mano.record.NetworkServiceRecord.vnffgr)
                - SQL table alias mapping - vnffgr38_
                - alias suffix - 38_
                - suffixed key columns - {network_1_18_38_}
                - entity-element alias suffix - 39_
                - 39_entity-element suffixed key columns - id1_87_39_
                - JOIN (JoinDefinedByMetadata(elements)) : <gen:76> -> <gen:77>
                   - EntityQuerySpaceImpl(uid=<gen:77>, entity=org.project.neutrino.nfvo.catalogue.mano.descriptor.VNFForwardingGraph)
                      - SQL table alias mapping - vnfforward39_
                      - alias suffix - 39_
                      - suffixed key columns - {id1_87_39_}
                      - JOIN (JoinDefinedByMetadata(vnffgd_security)) : <gen:77> -> <gen:78>
                         - EntityQuerySpaceImpl(uid=<gen:78>, entity=org.project.neutrino.nfvo.catalogue.mano.common.Security)
                            - SQL table alias mapping - security40_
                            - alias suffix - 40_
                            - suffixed key columns - {id1_43_40_}
          - JOIN (JoinDefinedByMetadata(vnfr)) : <gen:0> -> <gen:79>
             - EntityQuerySpaceImpl(uid=<gen:79>, entity=org.project.neutrino.nfvo.catalogue.mano.record.VirtualNetworkFunctionRecord)
                - SQL table alias mapping - virtualnet41_
                - alias suffix - 41_
                - suffixed key columns - {id1_68_41_}
                - JOIN (JoinDefinedByMetadata(auto_scale_policy)) : <gen:79> -> <gen:80>
                   - CollectionQuerySpaceImpl(uid=<gen:80>, collection=org.project.neutrino.nfvo.catalogue.mano.record.VirtualNetworkFunctionRecord.auto_scale_policy)
                      - SQL table alias mapping - auto_scale42_
                      - alias suffix - 42_
                      - suffixed key columns - {virtual_1_68_42_}
                      - entity-element alias suffix - 43_
                      - 43_entity-element suffixed key columns - id1_3_43_
                      - JOIN (JoinDefinedByMetadata(elements)) : <gen:80> -> <gen:81>
                         - EntityQuerySpaceImpl(uid=<gen:81>, entity=org.project.neutrino.nfvo.catalogue.mano.common.AutoScalePolicy)
                            - SQL table alias mapping - autoscalep43_
                            - alias suffix - 43_
                            - suffixed key columns - {id1_3_43_}
                - JOIN (JoinDefinedByMetadata(connected_external_virtual_link)) : <gen:79> -> <gen:82>
                   - CollectionQuerySpaceImpl(uid=<gen:82>, collection=org.project.neutrino.nfvo.catalogue.mano.record.VirtualNetworkFunctionRecord.connected_external_virtual_link)
                      - SQL table alias mapping - connected_44_
                      - alias suffix - 44_
                      - suffixed key columns - {virtual_1_68_44_}
                      - entity-element alias suffix - 45_
                      - 45_entity-element suffixed key columns - id1_54_45_
                      - JOIN (JoinDefinedByMetadata(elements)) : <gen:82> -> <gen:83>
                         - EntityQuerySpaceImpl(uid=<gen:83>, entity=org.project.neutrino.nfvo.catalogue.mano.record.VirtualLinkRecord)
                            - SQL table alias mapping - virtuallin45_
                            - alias suffix - 45_
                            - suffixed key columns - {id1_54_45_}
                - JOIN (JoinDefinedByMetadata(connection_point)) : <gen:79> -> <gen:84>
                   - CollectionQuerySpaceImpl(uid=<gen:84>, collection=org.project.neutrino.nfvo.catalogue.mano.record.VirtualNetworkFunctionRecord.connection_point)
                      - SQL table alias mapping - connection46_
                      - alias suffix - 46_
                      - suffixed key columns - {virtual_1_68_46_}
                      - entity-element alias suffix - 47_
                      - 47_entity-element suffixed key columns - id1_4_47_
                      - JOIN (JoinDefinedByMetadata(elements)) : <gen:84> -> <gen:85>
                         - EntityQuerySpaceImpl(uid=<gen:85>, entity=org.project.neutrino.nfvo.catalogue.mano.common.ConnectionPoint)
                            - SQL table alias mapping - connection47_
                            - alias suffix - 47_
                            - suffixed key columns - {id1_4_47_}
                - JOIN (JoinDefinedByMetadata(dependency)) : <gen:79> -> <gen:86>
                   - CollectionQuerySpaceImpl(uid=<gen:86>, collection=org.project.neutrino.nfvo.catalogue.mano.record.VirtualNetworkFunctionRecord.dependency)
                      - SQL table alias mapping - dependency48_
                      - alias suffix - 48_
                      - suffixed key columns - {virtual_1_68_48_}
                      - entity-element alias suffix - 49_
                      - 49_entity-element suffixed key columns - id1_86_49_
                      - JOIN (JoinDefinedByMetadata(elements)) : <gen:86> -> <gen:87>
                         - EntityQuerySpaceImpl(uid=<gen:87>, entity=org.project.neutrino.nfvo.catalogue.mano.common.VNFDependency)
                            - SQL table alias mapping - vnfdepende49_
                            - alias suffix - 49_
                            - suffixed key columns - {id1_86_49_}
                - JOIN (JoinDefinedByMetadata(deployment_flavour)) : <gen:79> -> <gen:88>
                   - EntityQuerySpaceImpl(uid=<gen:88>, entity=org.project.neutrino.nfvo.catalogue.mano.descriptor.VNFDDeploymentFlavour)
                      - SQL table alias mapping - vnfddeploy50_
                      - alias suffix - 50_
                      - suffixed key columns - {id1_7_50_}
                - JOIN (JoinDefinedByMetadata(lifecycle_event)) : <gen:79> -> <gen:90>
                   - EntityQuerySpaceImpl(uid=<gen:90>, entity=org.project.neutrino.nfvo.catalogue.mano.common.LifecycleEvent)
                      - SQL table alias mapping - lifecyclee51_
                      - alias suffix - 51_
                      - suffixed key columns - {id1_10_51_}
                - JOIN (JoinDefinedByMetadata(lifecycle_event_history)) : <gen:79> -> <gen:91>
                   - CollectionQuerySpaceImpl(uid=<gen:91>, collection=org.project.neutrino.nfvo.catalogue.mano.record.VirtualNetworkFunctionRecord.lifecycle_event_history)
                      - SQL table alias mapping - lifecycle_52_
                      - alias suffix - 52_
                      - suffixed key columns - {virtual_1_68_52_}
                      - entity-element alias suffix - 53_
                      - 53_entity-element suffixed key columns - id1_10_53_
                      - JOIN (JoinDefinedByMetadata(elements)) : <gen:91> -> <gen:92>
                         - EntityQuerySpaceImpl(uid=<gen:92>, entity=org.project.neutrino.nfvo.catalogue.mano.common.LifecycleEvent)
                            - SQL table alias mapping - lifecyclee53_
                            - alias suffix - 53_
                            - suffixed key columns - {id1_10_53_}
                - JOIN (JoinDefinedByMetadata(parent_ns)) : <gen:79> -> <gen:93>
                   - EntityQuerySpaceImpl(uid=<gen:93>, entity=org.project.neutrino.nfvo.catalogue.mano.record.NetworkServiceRecord)
                      - SQL table alias mapping - networkser54_
                      - alias suffix - 54_
                      - suffixed key columns - {id1_18_54_}
                - JOIN (JoinDefinedByMetadata(vdu)) : <gen:79> -> <gen:94>
                   - CollectionQuerySpaceImpl(uid=<gen:94>, collection=org.project.neutrino.nfvo.catalogue.mano.record.VirtualNetworkFunctionRecord.vdu)
                      - SQL table alias mapping - vdu55_
                      - alias suffix - 55_
                      - suffixed key columns - {virtual_1_68_55_}
                      - entity-element alias suffix - 56_
                      - 56_entity-element suffixed key columns - id1_47_56_
                      - JOIN (JoinDefinedByMetadata(elements)) : <gen:94> -> <gen:95>
                         - EntityQuerySpaceImpl(uid=<gen:95>, entity=org.project.neutrino.nfvo.catalogue.mano.descriptor.VirtualDeploymentUnit)
                            - SQL table alias mapping - virtualdep56_
                            - alias suffix - 56_
                            - suffixed key columns - {id1_47_56_}
                - JOIN (JoinDefinedByMetadata(virtual_link)) : <gen:79> -> <gen:98>
                   - CollectionQuerySpaceImpl(uid=<gen:98>, collection=org.project.neutrino.nfvo.catalogue.mano.record.VirtualNetworkFunctionRecord.virtual_link)
                      - SQL table alias mapping - virtual_li57_
                      - alias suffix - 57_
                      - suffixed key columns - {virtual_1_68_57_}
                      - entity-element alias suffix - 58_
                      - 58_entity-element suffixed key columns - id1_0_58_
                      - JOIN (JoinDefinedByMetadata(elements)) : <gen:98> -> <gen:99>
                         - EntityQuerySpaceImpl(uid=<gen:99>, entity=org.project.neutrino.nfvo.catalogue.mano.descriptor.InternalVirtualLink)
                            - SQL table alias mapping - internalvi58_
                            - alias suffix - 58_
                            - suffixed key columns - {id1_0_58_}

14:11:15.483 [Test worker] DEBUG o.h.loader.entity.plan.EntityLoader - Static select for entity org.project.neutrino.nfvo.catalogue.mano.record.NetworkServiceRecord [NONE]: select networkser0_.id as id1_18_0_, networkser0_.audit_log as audit_lo2_18_0_, networkser0_.descriptor_reference_Id as descript9_18_0_, networkser0_.lifecycle_event_id as lifecyc10_18_0_, networkser0_.notification as notifica3_18_0_, networkser0_.resource_reservation as resource4_18_0_, networkser0_.runtime_policy_info as runtime_5_18_0_, networkser0_.service_deployment_flavour_id as service11_18_0_, networkser0_.status as status6_18_0_, networkser0_.vendor as vendor7_18_0_, networkser0_.version as version8_18_0_, networkser0_.vnfr_id as vnfr_id12_18_0_, auto_scale1_.network_service_record_id as network_1_18_1_, autoscalep2_.id as auto_sca2_19_1_, autoscalep2_.id as id1_3_2_, autoscalep2_.version as version2_3_2_, connection3_.network_service_record_id as network_1_18_3_, connection4_.id as connecti2_20_3_, connection4_.id as id1_4_4_, connection4_.type as type2_4_4_, connection4_.version as version3_4_4_, connection4_.virtual_link_reference as virtual_1_82_4_, connection4_.clazz_ as clazz_4_, nfventityd5_.id as id1_27_5_, nfventityd5_.hb_version as hb_versi2_27_5_, nfventityd5_.vendor as vendor3_27_5_, nfventityd5_.version as version4_27_5_, nfventityd5_.descriptor_version as descript1_62_5_, nfventityd5_.manifest_file as manifest2_62_5_, nfventityd5_.nsd_security_id as nsd_secu1_14_5_, nfventityd5_.clazz_ as clazz_5_, monitoring6_.nfventity_descriptor_Id as nfventit1_27_6_, monitoring6_.monitoring_parameter as monitori2_31_6_, deployment7_.virtual_network_function_descriptor_Id as virtual_1_27_7_, vnfddeploy8_.id as deployme2_63_7_, vnfddeploy8_.id as id1_7_8_, vnfddeploy8_.flavour_key as flavour_2_7_8_, vnfddeploy8_.version as version3_7_8_, security9_.id as id1_43_9_, security9_.version as version2_43_9_, vnf_depend10_.network_service_descriptor_Id as network_1_27_10_, vnfdepende11_.id as vnf_depe2_16_10_, vnfdepende11_.id as id1_86_11_, vnfdepende11_.source_Id as source_I3_86_11_, vnfdepende11_.target_Id as target_I4_86_11_, vnfdepende11_.version as version2_86_11_, vnfd12_.network_service_descriptor_Id as network_1_27_12_, virtualnet13_.id as vnfd_Id2_17_12_, virtualnet13_.id as id1_27_13_, virtualnet13_.hb_version as hb_versi2_27_13_, virtualnet13_.vendor as vendor3_27_13_, virtualnet13_.version as version4_27_13_, virtualnet13_.descriptor_version as descript1_62_13_, virtualnet13_.manifest_file as manifest2_62_13_, lifecyclee14_.id as id1_10_14_, lifecyclee14_.version as version2_10_14_, lifecycle_15_.network_service_record_id as network_1_18_15_, lifecyclee16_.id as lifecycl2_21_15_, lifecyclee16_.id as id1_10_16_, lifecyclee16_.version as version2_10_16_, pnfr17_.network_service_record_id as network_1_18_17_, physicalne18_.id as pnfr_id2_23_17_, physicalne18_.id as id1_37_18_, physicalne18_.description as descript2_37_18_, physicalne18_.descriptor_reference_id as descript6_37_18_, physicalne18_.oam_reference as oam_refe3_37_18_, physicalne18_.parent_ns_id as parent_n7_37_18_, physicalne18_.vendor as vendor4_37_18_, physicalne18_.version as version5_37_18_, connected_19_.physical_network_function_record_id as physical1_37_19_, virtuallin20_.id as connecte2_38_19_, virtuallin20_.id as id1_54_20_, virtuallin20_.connectivity_type as connecti2_54_20_, virtuallin20_.descriptor_reference as descript3_54_20_, virtuallin20_.leaf_requirement as leaf_req4_54_20_, virtuallin20_.number_of_enpoints as number_o5_54_20_, virtuallin20_.parent_ns as parent_n6_54_20_, virtuallin20_.root_requirement as root_req7_54_20_, virtuallin20_.status as status8_54_20_, virtuallin20_.test_access as test_acc9_54_20_, virtuallin20_.vendor as vendor10_54_20_, virtuallin20_.version as version11_54_20_, virtuallin20_.vim_id as vim_id12_54_20_, connection21_.physical_network_function_record_id as physical1_37_21_, connection22_.id as connecti2_39_21_, connection22_.id as id1_4_22_, connection22_.type as type2_4_22_, connection22_.version as version3_4_22_, connection22_.virtual_link_reference as virtual_1_82_22_, connection22_.clazz_ as clazz_22_, physicalne23_.id as id1_35_23_, physicalne23_.description as descript2_35_23_, physicalne23_.descriptor_version as descript3_35_23_, physicalne23_.hb_version as hb_versi4_35_23_, physicalne23_.pnfd_security_id as pnfd_sec7_35_23_, physicalne23_.vendor as vendor5_35_23_, physicalne23_.version as version6_35_23_, networkser24_.id as id1_18_24_, networkser24_.audit_log as audit_lo2_18_24_, networkser24_.descriptor_reference_Id as descript9_18_24_, networkser24_.lifecycle_event_id as lifecyc10_18_24_, networkser24_.notification as notifica3_18_24_, networkser24_.resource_reservation as resource4_18_24_, networkser24_.runtime_policy_info as runtime_5_18_24_, networkser24_.service_deployment_flavour_id as service11_18_24_, networkser24_.status as status6_18_24_, networkser24_.vendor as vendor7_18_24_, networkser24_.version as version8_18_24_, networkser24_.vnfr_id as vnfr_id12_18_24_, vnffgr25_.physical_network_function_record_id as physical1_37_25_, vnfforward26_.id as vnffgr_i2_41_25_, vnfforward26_.id as id1_92_26_, vnfforward26_.audit_log as audit_lo2_92_26_, vnfforward26_.descriptor_reference_id as descrip10_92_26_, vnfforward26_.network_forwarding_path_id as network11_92_26_, vnfforward26_.number_of_endpoints as number_o3_92_26_, vnfforward26_.number_of_pnfs as number_o4_92_26_, vnfforward26_.number_of_virtual_links as number_o5_92_26_, vnfforward26_.number_of_vnfs as number_o6_92_26_, vnfforward26_.parent_ns_id as parent_12_92_26_, vnfforward26_.status as status7_92_26_, vnfforward26_.vendor as vendor8_92_26_, vnfforward26_.version as version9_92_26_, servicedep27_.id as id1_7_27_, servicedep27_.flavour_key as flavour_2_7_27_, servicedep27_.version as version3_7_27_, vlr28_.network_service_record_id as network_1_18_28_, virtuallin29_.id as vlr_id2_24_28_, virtuallin29_.id as id1_54_29_, virtuallin29_.connectivity_type as connecti2_54_29_, virtuallin29_.descriptor_reference as descript3_54_29_, virtuallin29_.leaf_requirement as leaf_req4_54_29_, virtuallin29_.number_of_enpoints as number_o5_54_29_, virtuallin29_.parent_ns as parent_n6_54_29_, virtuallin29_.root_requirement as root_req7_54_29_, virtuallin29_.status as status8_54_29_, virtuallin29_.test_access as test_acc9_54_29_, virtuallin29_.vendor as vendor10_54_29_, virtuallin29_.version as version11_54_29_, virtuallin29_.vim_id as vim_id12_54_29_, lifecycle_30_.virtual_link_record_id as virtual_1_54_30_, lifecyclee31_.id as lifecycl2_58_30_, lifecyclee31_.id as id1_10_31_, lifecyclee31_.version as version2_10_31_, vnffgr_ref32_.virtual_link_record_id as virtual_1_54_32_, vnfforward33_.id as vnffgr_r2_61_32_, vnfforward33_.id as id1_92_33_, vnfforward33_.audit_log as audit_lo2_92_33_, vnfforward33_.descriptor_reference_id as descrip10_92_33_, vnfforward33_.network_forwarding_path_id as network11_92_33_, vnfforward33_.number_of_endpoints as number_o3_92_33_, vnfforward33_.number_of_pnfs as number_o4_92_33_, vnfforward33_.number_of_virtual_links as number_o5_92_33_, vnfforward33_.number_of_vnfs as number_o6_92_33_, vnfforward33_.parent_ns_id as parent_12_92_33_, vnfforward33_.status as status7_92_33_, vnfforward33_.vendor as vendor8_92_33_, vnfforward33_.version as version9_92_33_, vnf_depend34_.network_service_record_id as network_1_18_34_, vnfdepende35_.id as vnf_depe2_25_34_, vnfdepende35_.id as id1_86_35_, vnfdepende35_.source_Id as source_I3_86_35_, vnfdepende35_.target_Id as target_I4_86_35_, vnfdepende35_.version as version2_86_35_, virtualnet36_.id as id1_27_36_, virtualnet36_.hb_version as hb_versi2_27_36_, virtualnet36_.vendor as vendor3_27_36_, virtualnet36_.version as version4_27_36_, virtualnet36_.descriptor_version as descript1_62_36_, virtualnet36_.manifest_file as manifest2_62_36_, virtualnet37_.id as id1_27_37_, virtualnet37_.hb_version as hb_versi2_27_37_, virtualnet37_.vendor as vendor3_27_37_, virtualnet37_.version as version4_27_37_, virtualnet37_.descriptor_version as descript1_62_37_, virtualnet37_.manifest_file as manifest2_62_37_, vnffgr38_.network_service_record_id as network_1_18_38_, vnfforward39_.id as vnffgr_i2_26_38_, vnfforward39_.id as id1_87_39_, vnfforward39_.descriptor_version as descript2_87_39_, vnfforward39_.hb_version as hb_versi3_87_39_, vnfforward39_.number_of_endpoints as number_o4_87_39_, vnfforward39_.number_of_virtual_links as number_o5_87_39_, vnfforward39_.vendor as vendor6_87_39_, vnfforward39_.version as version7_87_39_, vnfforward39_.vnffgd_security_id as vnffgd_s8_87_39_, security40_.id as id1_43_40_, security40_.version as version2_43_40_, virtualnet41_.id as id1_68_41_, virtualnet41_.audit_log as audit_lo2_68_41_, virtualnet41_.deployment_flavour_id as deployme9_68_41_, virtualnet41_.descriptor_reference as descript3_68_41_, virtualnet41_.lifecycle_event_id as lifecyc10_68_41_, virtualnet41_.localization as localiza4_68_41_, virtualnet41_.parent_ns_id as parent_11_68_41_, virtualnet41_.status as status5_68_41_, virtualnet41_.vendor as vendor6_68_41_, virtualnet41_.version as version7_68_41_, virtualnet41_.vnfm_id as vnfm_id8_68_41_, auto_scale42_.virtual_network_function_record_id as virtual_1_68_42_, autoscalep43_.id as auto_sca2_69_42_, autoscalep43_.id as id1_3_43_, autoscalep43_.version as version2_3_43_, connected_44_.virtual_network_function_record_id as virtual_1_68_44_, virtuallin45_.id as connecte2_70_44_, virtuallin45_.id as id1_54_45_, virtuallin45_.connectivity_type as connecti2_54_45_, virtuallin45_.descriptor_reference as descript3_54_45_, virtuallin45_.leaf_requirement as leaf_req4_54_45_, virtuallin45_.number_of_enpoints as number_o5_54_45_, virtuallin45_.parent_ns as parent_n6_54_45_, virtuallin45_.root_requirement as root_req7_54_45_, virtuallin45_.status as status8_54_45_, virtuallin45_.test_access as test_acc9_54_45_, virtuallin45_.vendor as vendor10_54_45_, virtuallin45_.version as version11_54_45_, virtuallin45_.vim_id as vim_id12_54_45_, connection46_.virtual_network_function_record_id as virtual_1_68_46_, connection47_.id as connecti2_71_46_, connection47_.id as id1_4_47_, connection47_.type as type2_4_47_, connection47_.version as version3_4_47_, connection47_.virtual_link_reference as virtual_1_82_47_, connection47_.clazz_ as clazz_47_, dependency48_.virtual_network_function_record_id as virtual_1_68_48_, vnfdepende49_.id as dependen2_72_48_, vnfdepende49_.id as id1_86_49_, vnfdepende49_.source_Id as source_I3_86_49_, vnfdepende49_.target_Id as target_I4_86_49_, vnfdepende49_.version as version2_86_49_, vnfddeploy50_.id as id1_7_50_, vnfddeploy50_.flavour_key as flavour_2_7_50_, vnfddeploy50_.version as version3_7_50_, lifecyclee51_.id as id1_10_51_, lifecyclee51_.version as version2_10_51_, lifecycle_52_.virtual_network_function_record_id as virtual_1_68_52_, lifecyclee53_.id as lifecycl2_73_52_, lifecyclee53_.id as id1_10_53_, lifecyclee53_.version as version2_10_53_, networkser54_.id as id1_18_54_, networkser54_.audit_log as audit_lo2_18_54_, networkser54_.descriptor_reference_Id as descript9_18_54_, networkser54_.lifecycle_event_id as lifecyc10_18_54_, networkser54_.notification as notifica3_18_54_, networkser54_.resource_reservation as resource4_18_54_, networkser54_.runtime_policy_info as runtime_5_18_54_, networkser54_.service_deployment_flavour_id as service11_18_54_, networkser54_.status as status6_18_54_, networkser54_.vendor as vendor7_18_54_, networkser54_.version as version8_18_54_, networkser54_.vnfr_id as vnfr_id12_18_54_, vdu55_.virtual_network_function_record_id as virtual_1_68_55_, virtualdep56_.id as vdu_id2_77_55_, virtualdep56_.id as id1_47_56_, virtualdep56_.computation_requirement as computat2_47_56_, virtualdep56_.high_availability as high_ava3_47_56_, virtualdep56_.scale_in_out as scale_in4_47_56_, virtualdep56_.vdu_constraint as vdu_cons5_47_56_, virtualdep56_.version as version6_47_56_, virtualdep56_.virtual_memory_resource_element as virtual_7_47_56_, virtualdep56_.virtual_network_bandwidth_resource as virtual_8_47_56_, virtual_li57_.virtual_network_function_record_id as virtual_1_68_57_, internalvi58_.id as virtual_2_78_57_, internalvi58_.id as id1_0_58_, internalvi58_.connectivity_type as connecti2_0_58_, internalvi58_.leaf_requirement as leaf_req3_0_58_, internalvi58_.root_requirement as root_req4_0_58_, internalvi58_.version as version5_0_58_ from network_service_record networkser0_ left outer join network_service_record_auto_scale_policy auto_scale1_ on networkser0_.id=auto_scale1_.network_service_record_id left outer join auto_scale_policy autoscalep2_ on auto_scale1_.auto_scale_policy_id=autoscalep2_.id left outer join network_service_record_connection_point connection3_ on networkser0_.id=connection3_.network_service_record_id left outer join ( select id, type, version, null as virtual_link_reference, 0 as clazz_ from connection_point union select id, type, version, virtual_link_reference, 1 as clazz_ from vnfdconnection_point ) connection4_ on connection3_.connection_point_id=connection4_.id left outer join ( select id, hb_version, vendor, version, descriptor_version, manifest_file, null as nsd_security_id, 1 as clazz_ from virtual_network_function_descriptor union select id, hb_version, vendor, version, null as descriptor_version, null as manifest_file, nsd_security_id, 2 as clazz_ from network_service_descriptor ) nfventityd5_ on networkser0_.descriptor_reference_Id=nfventityd5_.id left outer join nfventity_descriptor_monitoring_parameter monitoring6_ on nfventityd5_.id=monitoring6_.nfventity_descriptor_Id left outer join virtual_network_function_descriptor_deployment_flavour deployment7_ on nfventityd5_.id=deployment7_.virtual_network_function_descriptor_Id left outer join vnfddeployment_flavour vnfddeploy8_ on deployment7_.deployment_flavour_id=vnfddeploy8_.id left outer join security security9_ on nfventityd5_.nsd_security_id=security9_.id left outer join network_service_descriptor_vnf_dependency vnf_depend10_ on nfventityd5_.id=vnf_depend10_.network_service_descriptor_Id left outer join vnfdependency vnfdepende11_ on vnf_depend10_.vnf_dependency_id=vnfdepende11_.id left outer join network_service_descriptor_vnfd vnfd12_ on nfventityd5_.id=vnfd12_.network_service_descriptor_Id left outer join virtual_network_function_descriptor virtualnet13_ on vnfd12_.vnfd_Id=virtualnet13_.id left outer join lifecycle_event lifecyclee14_ on networkser0_.lifecycle_event_id=lifecyclee14_.id left outer join network_service_record_lifecycle_event_history lifecycle_15_ on networkser0_.id=lifecycle_15_.network_service_record_id left outer join lifecycle_event lifecyclee16_ on lifecycle_15_.lifecycle_event_history_id=lifecyclee16_.id left outer join network_service_record_pnfr pnfr17_ on networkser0_.id=pnfr17_.network_service_record_id left outer join physical_network_function_record physicalne18_ on pnfr17_.pnfr_id=physicalne18_.id left outer join physical_network_function_record_connected_virtual_link connected_19_ on physicalne18_.id=connected_19_.physical_network_function_record_id left outer join virtual_link_record virtuallin20_ on connected_19_.connected_virtual_link_id=virtuallin20_.id left outer join physical_network_function_record_connection_point connection21_ on physicalne18_.id=connection21_.physical_network_function_record_id left outer join ( select id, type, version, null as virtual_link_reference, 0 as clazz_ from connection_point union select id, type, version, virtual_link_reference, 1 as clazz_ from vnfdconnection_point ) connection22_ on connection21_.connection_point_id=connection22_.id left outer join physical_network_function_descriptor physicalne23_ on physicalne18_.descriptor_reference_id=physicalne23_.id left outer join network_service_record networkser24_ on physicalne18_.parent_ns_id=networkser24_.id left outer join physical_network_function_record_vnffgr vnffgr25_ on physicalne18_.id=vnffgr25_.physical_network_function_record_id left outer join vnfforwarding_graph_record vnfforward26_ on vnffgr25_.vnffgr_id=vnfforward26_.id left outer join service_deployment_flavour servicedep27_ on networkser0_.service_deployment_flavour_id=servicedep27_.id left outer join network_service_record_vlr vlr28_ on networkser0_.id=vlr28_.network_service_record_id left outer join virtual_link_record virtuallin29_ on vlr28_.vlr_id=virtuallin29_.id left outer join virtual_link_record_lifecycle_event_history lifecycle_30_ on virtuallin29_.id=lifecycle_30_.virtual_link_record_id left outer join lifecycle_event lifecyclee31_ on lifecycle_30_.lifecycle_event_history_id=lifecyclee31_.id left outer join virtual_link_record_vnffgr_reference vnffgr_ref32_ on virtuallin29_.id=vnffgr_ref32_.virtual_link_record_id left outer join vnfforwarding_graph_record vnfforward33_ on vnffgr_ref32_.vnffgr_reference_id=vnfforward33_.id left outer join network_service_record_vnf_dependency vnf_depend34_ on networkser0_.id=vnf_depend34_.network_service_record_id left outer join vnfdependency vnfdepende35_ on vnf_depend34_.vnf_dependency_id=vnfdepende35_.id left outer join virtual_network_function_descriptor virtualnet36_ on vnfdepende35_.source_Id=virtualnet36_.id left outer join virtual_network_function_descriptor virtualnet37_ on vnfdepende35_.target_Id=virtualnet37_.id left outer join network_service_record_vnffgr vnffgr38_ on networkser0_.id=vnffgr38_.network_service_record_id left outer join vnfforwarding_graph vnfforward39_ on vnffgr38_.vnffgr_id=vnfforward39_.id left outer join security security40_ on vnfforward39_.vnffgd_security_id=security40_.id left outer join virtual_network_function_record virtualnet41_ on networkser0_.vnfr_id=virtualnet41_.id left outer join virtual_network_function_record_auto_scale_policy auto_scale42_ on virtualnet41_.id=auto_scale42_.virtual_network_function_record_id left outer join auto_scale_policy autoscalep43_ on auto_scale42_.auto_scale_policy_id=autoscalep43_.id left outer join virtual_network_function_record_connected_external_virtual_link connected_44_ on virtualnet41_.id=connected_44_.virtual_network_function_record_id left outer join virtual_link_record virtuallin45_ on connected_44_.connected_external_virtual_link_id=virtuallin45_.id left outer join virtual_network_function_record_connection_point connection46_ on virtualnet41_.id=connection46_.virtual_network_function_record_id left outer join ( select id, type, version, null as virtual_link_reference, 0 as clazz_ from connection_point union select id, type, version, virtual_link_reference, 1 as clazz_ from vnfdconnection_point ) connection47_ on connection46_.connection_point_id=connection47_.id left outer join virtual_network_function_record_dependency dependency48_ on virtualnet41_.id=dependency48_.virtual_network_function_record_id left outer join vnfdependency vnfdepende49_ on dependency48_.dependency_id=vnfdepende49_.id left outer join vnfddeployment_flavour vnfddeploy50_ on virtualnet41_.deployment_flavour_id=vnfddeploy50_.id left outer join lifecycle_event lifecyclee51_ on virtualnet41_.lifecycle_event_id=lifecyclee51_.id left outer join virtual_network_function_record_lifecycle_event_history lifecycle_52_ on virtualnet41_.id=lifecycle_52_.virtual_network_function_record_id left outer join lifecycle_event lifecyclee53_ on lifecycle_52_.lifecycle_event_history_id=lifecyclee53_.id left outer join network_service_record networkser54_ on virtualnet41_.parent_ns_id=networkser54_.id left outer join virtual_network_function_record_vdu vdu55_ on virtualnet41_.id=vdu55_.virtual_network_function_record_id left outer join virtual_deployment_unit virtualdep56_ on vdu55_.vdu_id=virtualdep56_.id left outer join virtual_network_function_record_virtual_link virtual_li57_ on virtualnet41_.id=virtual_li57_.virtual_network_function_record_id left outer join internal_virtual_link internalvi58_ on virtual_li57_.virtual_link_id=internalvi58_.id where networkser0_.id=?
14:11:15.484 [Test worker] DEBUG o.h.l.p.b.i.spaces.QuerySpacesImpl - Adding QuerySpace : uid = <gen:0> -> org.hibernate.loader.plan.build.internal.spaces.EntityQuerySpaceImpl@3e29739a]
14:11:15.484 [Test worker] DEBUG o.h.p.w.spi.MetamodelGraphWalker - Visiting attribute path : audit_log
14:11:15.484 [Test worker] DEBUG o.h.p.w.spi.MetamodelGraphWalker - Visiting attribute path : auto_scale_policy
14:11:15.484 [Test worker] DEBUG o.h.l.p.b.i.spaces.QuerySpacesImpl - Adding QuerySpace : uid = <gen:1> -> org.hibernate.loader.plan.build.internal.spaces.CollectionQuerySpaceImpl@341ff05a]
14:11:15.484 [Test worker] DEBUG o.h.l.p.b.i.spaces.QuerySpacesImpl - Adding QuerySpace : uid = <gen:2> -> org.hibernate.loader.plan.build.internal.spaces.EntityQuerySpaceImpl@1cdcbf72]
14:11:15.484 [Test worker] DEBUG o.h.p.w.spi.MetamodelGraphWalker - Visiting attribute path : auto_scale_policy.version
14:11:15.484 [Test worker] DEBUG o.h.p.w.spi.MetamodelGraphWalker - Visiting attribute path : connection_point
14:11:15.485 [Test worker] DEBUG o.h.l.p.b.i.spaces.QuerySpacesImpl - Adding QuerySpace : uid = <gen:3> -> org.hibernate.loader.plan.build.internal.spaces.CollectionQuerySpaceImpl@780bd9ca]
14:11:15.485 [Test worker] DEBUG o.h.l.p.b.i.spaces.QuerySpacesImpl - Adding QuerySpace : uid = <gen:4> -> org.hibernate.loader.plan.build.internal.spaces.EntityQuerySpaceImpl@52079a58]
14:11:15.485 [Test worker] DEBUG o.h.p.w.spi.MetamodelGraphWalker - Visiting attribute path : connection_point.type
14:11:15.485 [Test worker] DEBUG o.h.p.w.spi.MetamodelGraphWalker - Visiting attribute path : connection_point.version
14:11:15.485 [Test worker] DEBUG o.h.p.w.spi.MetamodelGraphWalker - Visiting attribute path : connection_point.virtual_link_reference
14:11:15.485 [Test worker] DEBUG o.h.p.w.spi.MetamodelGraphWalker - Visiting attribute path : descriptor_reference
14:11:15.485 [Test worker] DEBUG o.h.l.p.b.i.spaces.QuerySpacesImpl - Adding QuerySpace : uid = <gen:5> -> org.hibernate.loader.plan.build.internal.spaces.EntityQuerySpaceImpl@37085dfe]
14:11:15.485 [Test worker] DEBUG o.h.p.w.spi.MetamodelGraphWalker - Visiting attribute path : descriptor_reference.auto_scale_policy
14:11:15.485 [Test worker] DEBUG o.h.p.w.spi.MetamodelGraphWalker - Visiting attribute path : descriptor_reference.connection_point
14:11:15.485 [Test worker] DEBUG o.h.p.w.spi.MetamodelGraphWalker - Visiting attribute path : descriptor_reference.hb_version
14:11:15.485 [Test worker] DEBUG o.h.p.w.spi.MetamodelGraphWalker - Visiting attribute path : descriptor_reference.lifecycle_event
14:11:15.485 [Test worker] DEBUG o.h.p.w.spi.MetamodelGraphWalker - Visiting attribute path : descriptor_reference.monitoring_parameter
14:11:15.486 [Test worker] DEBUG o.h.l.p.b.i.spaces.QuerySpacesImpl - Adding QuerySpace : uid = <gen:6> -> org.hibernate.loader.plan.build.internal.spaces.CollectionQuerySpaceImpl@2dbd2f32]
14:11:15.486 [Test worker] DEBUG o.h.p.w.spi.MetamodelGraphWalker - Visiting attribute path : descriptor_reference.service_deployment_flavour
14:11:15.486 [Test worker] DEBUG o.h.p.w.spi.MetamodelGraphWalker - Visiting attribute path : descriptor_reference.vendor
14:11:15.486 [Test worker] DEBUG o.h.p.w.spi.MetamodelGraphWalker - Visiting attribute path : descriptor_reference.version
14:11:15.486 [Test worker] DEBUG o.h.p.w.spi.MetamodelGraphWalker - Visiting attribute path : descriptor_reference.vld
14:11:15.486 [Test worker] DEBUG o.h.p.w.spi.MetamodelGraphWalker - Visiting attribute path : descriptor_reference.vnffgd
14:11:15.486 [Test worker] DEBUG o.h.p.w.spi.MetamodelGraphWalker - Visiting attribute path : descriptor_reference.deployment_flavour
14:11:15.486 [Test worker] DEBUG o.h.l.p.b.i.spaces.QuerySpacesImpl - Adding QuerySpace : uid = <gen:7> -> org.hibernate.loader.plan.build.internal.spaces.CollectionQuerySpaceImpl@59af553]
14:11:15.486 [Test worker] DEBUG o.h.l.p.b.i.spaces.QuerySpacesImpl - Adding QuerySpace : uid = <gen:8> -> org.hibernate.loader.plan.build.internal.spaces.EntityQuerySpaceImpl@601f05]
14:11:15.486 [Test worker] DEBUG o.h.p.w.spi.MetamodelGraphWalker - Visiting attribute path : descriptor_reference.deployment_flavour.flavour_key
14:11:15.486 [Test worker] DEBUG o.h.p.w.spi.MetamodelGraphWalker - Visiting attribute path : descriptor_reference.deployment_flavour.version
14:11:15.486 [Test worker] DEBUG o.h.p.w.spi.MetamodelGraphWalker - Visiting attribute path : descriptor_reference.deployment_flavour.costituent_vdu
14:11:15.486 [Test worker] DEBUG o.h.p.w.spi.MetamodelGraphWalker - Visiting attribute path : descriptor_reference.deployment_flavour.df_constraint
14:11:15.487 [Test worker] DEBUG o.h.l.p.b.i.spaces.QuerySpacesImpl - Adding QuerySpace : uid = <gen:9> -> org.hibernate.loader.plan.build.internal.spaces.CollectionQuerySpaceImpl@732d486e]
14:11:15.487 [Test worker] DEBUG o.h.p.w.spi.MetamodelGraphWalker - Visiting attribute path : descriptor_reference.descriptor_version
14:11:15.487 [Test worker] DEBUG o.h.p.w.spi.MetamodelGraphWalker - Visiting attribute path : descriptor_reference.manifest_file
14:11:15.487 [Test worker] DEBUG o.h.p.w.spi.MetamodelGraphWalker - Visiting attribute path : descriptor_reference.manifest_file_security
14:11:15.487 [Test worker] DEBUG o.h.p.w.spi.MetamodelGraphWalker - Visiting attribute path : descriptor_reference.vdu
14:11:15.487 [Test worker] DEBUG o.h.p.w.spi.MetamodelGraphWalker - Visiting attribute path : descriptor_reference.vdu_dependency
14:11:15.487 [Test worker] DEBUG o.h.p.w.spi.MetamodelGraphWalker - Visiting attribute path : descriptor_reference.virtual_link
14:11:15.487 [Test worker] DEBUG o.h.p.w.spi.MetamodelGraphWalker - Visiting attribute path : descriptor_reference.nsd_security
14:11:15.487 [Test worker] DEBUG o.h.l.p.b.i.spaces.QuerySpacesImpl - Adding QuerySpace : uid = <gen:10> -> org.hibernate.loader.plan.build.internal.spaces.EntityQuerySpaceImpl@21ee68d5]
14:11:15.487 [Test worker] DEBUG o.h.p.w.spi.MetamodelGraphWalker - Visiting attribute path : descriptor_reference.nsd_security.version
14:11:15.487 [Test worker] DEBUG o.h.p.w.spi.MetamodelGraphWalker - Visiting attribute path : descriptor_reference.pnfd
14:11:15.487 [Test worker] DEBUG o.h.p.w.spi.MetamodelGraphWalker - Visiting attribute path : descriptor_reference.vnf_dependency
14:11:15.488 [Test worker] DEBUG o.h.l.p.b.i.spaces.QuerySpacesImpl - Adding QuerySpace : uid = <gen:11> -> org.hibernate.loader.plan.build.internal.spaces.CollectionQuerySpaceImpl@6bb589d6]
14:11:15.488 [Test worker] DEBUG o.h.l.p.b.i.spaces.QuerySpacesImpl - Adding QuerySpace : uid = <gen:12> -> org.hibernate.loader.plan.build.internal.spaces.EntityQuerySpaceImpl@5b6c77d8]
14:11:15.488 [Test worker] DEBUG o.h.p.w.spi.MetamodelGraphWalker - Visiting attribute path : descriptor_reference.vnf_dependency.source
14:11:15.488 [Test worker] DEBUG o.h.l.p.b.i.spaces.QuerySpacesImpl - Adding QuerySpace : uid = <gen:13> -> org.hibernate.loader.plan.build.internal.spaces.EntityQuerySpaceImpl@4ff34082]
14:11:15.488 [Test worker] DEBUG o.h.p.w.spi.MetamodelGraphWalker - Visiting attribute path : descriptor_reference.vnf_dependency.target
14:11:15.488 [Test worker] DEBUG o.h.l.p.b.i.spaces.QuerySpacesImpl - Adding QuerySpace : uid = <gen:14> -> org.hibernate.loader.plan.build.internal.spaces.EntityQuerySpaceImpl@6b103fcf]
14:11:15.488 [Test worker] DEBUG o.h.p.w.spi.MetamodelGraphWalker - Visiting attribute path : descriptor_reference.vnf_dependency.version
14:11:15.488 [Test worker] DEBUG o.h.p.w.spi.MetamodelGraphWalker - Visiting attribute path : descriptor_reference.vnfd
14:11:15.488 [Test worker] DEBUG o.h.l.p.b.i.spaces.QuerySpacesImpl - Adding QuerySpace : uid = <gen:15> -> org.hibernate.loader.plan.build.internal.spaces.CollectionQuerySpaceImpl@77cd65f2]
14:11:15.489 [Test worker] DEBUG o.h.l.p.b.i.spaces.QuerySpacesImpl - Adding QuerySpace : uid = <gen:16> -> org.hibernate.loader.plan.build.internal.spaces.EntityQuerySpaceImpl@4de03050]
14:11:15.489 [Test worker] DEBUG o.h.p.w.spi.MetamodelGraphWalker - Visiting attribute path : descriptor_reference.vnfd.auto_scale_policy
14:11:15.489 [Test worker] DEBUG o.h.p.w.spi.MetamodelGraphWalker - Visiting attribute path : descriptor_reference.vnfd.connection_point
14:11:15.489 [Test worker] DEBUG o.h.p.w.spi.MetamodelGraphWalker - Visiting attribute path : descriptor_reference.vnfd.hb_version
14:11:15.489 [Test worker] DEBUG o.h.p.w.spi.MetamodelGraphWalker - Visiting attribute path : descriptor_reference.vnfd.lifecycle_event
14:11:15.489 [Test worker] DEBUG o.h.p.w.spi.MetamodelGraphWalker - Visiting attribute path : descriptor_reference.vnfd.monitoring_parameter
14:11:15.489 [Test worker] DEBUG o.h.p.w.spi.MetamodelGraphWalker - Property path deemed to be circular : descriptor_reference.vnfd.monitoring_parameter
14:11:15.489 [Test worker] DEBUG o.h.p.w.spi.MetamodelGraphWalker - Visiting attribute path : descriptor_reference.vnfd.service_deployment_flavour
14:11:15.489 [Test worker] DEBUG o.h.p.w.spi.MetamodelGraphWalker - Visiting attribute path : descriptor_reference.vnfd.vendor
14:11:15.489 [Test worker] DEBUG o.h.p.w.spi.MetamodelGraphWalker - Visiting attribute path : descriptor_reference.vnfd.version
14:11:15.489 [Test worker] DEBUG o.h.p.w.spi.MetamodelGraphWalker - Visiting attribute path : descriptor_reference.vnfd.vld
14:11:15.490 [Test worker] DEBUG o.h.p.w.spi.MetamodelGraphWalker - Visiting attribute path : descriptor_reference.vnfd.vnffgd
14:11:15.490 [Test worker] DEBUG o.h.p.w.spi.MetamodelGraphWalker - Visiting attribute path : descriptor_reference.vnfd.deployment_flavour
14:11:15.490 [Test worker] DEBUG o.h.p.w.spi.MetamodelGraphWalker - Property path deemed to be circular : descriptor_reference.vnfd.deployment_flavour
14:11:15.490 [Test worker] DEBUG o.h.p.w.spi.MetamodelGraphWalker - Visiting attribute path : descriptor_reference.vnfd.descriptor_version
14:11:15.490 [Test worker] DEBUG o.h.p.w.spi.MetamodelGraphWalker - Visiting attribute path : descriptor_reference.vnfd.manifest_file
14:11:15.490 [Test worker] DEBUG o.h.p.w.spi.MetamodelGraphWalker - Visiting attribute path : descriptor_reference.vnfd.manifest_file_security
14:11:15.490 [Test worker] DEBUG o.h.p.w.spi.MetamodelGraphWalker - Visiting attribute path : descriptor_reference.vnfd.vdu
14:11:15.490 [Test worker] DEBUG o.h.p.w.spi.MetamodelGraphWalker - Visiting attribute path : descriptor_reference.vnfd.vdu_dependency
14:11:15.490 [Test worker] DEBUG o.h.p.w.spi.MetamodelGraphWalker - Visiting attribute path : descriptor_reference.vnfd.virtual_link
14:11:15.491 [Test worker] DEBUG o.h.p.w.spi.MetamodelGraphWalker - Visiting attribute path : lifecycle_event
14:11:15.491 [Test worker] DEBUG o.h.l.p.b.i.spaces.QuerySpacesImpl - Adding QuerySpace : uid = <gen:17> -> org.hibernate.loader.plan.build.internal.spaces.EntityQuerySpaceImpl@2db05312]
14:11:15.491 [Test worker] DEBUG o.h.p.w.spi.MetamodelGraphWalker - Visiting attribute path : lifecycle_event.lifecycle_events
14:11:15.491 [Test worker] DEBUG o.h.p.w.spi.MetamodelGraphWalker - Visiting attribute path : lifecycle_event.version
14:11:15.491 [Test worker] DEBUG o.h.p.w.spi.MetamodelGraphWalker - Visiting attribute path : lifecycle_event_history
14:11:15.491 [Test worker] DEBUG o.h.l.p.b.i.spaces.QuerySpacesImpl - Adding QuerySpace : uid = <gen:18> -> org.hibernate.loader.plan.build.internal.spaces.CollectionQuerySpaceImpl@cdeca29]
14:11:15.491 [Test worker] DEBUG o.h.l.p.b.i.spaces.QuerySpacesImpl - Adding QuerySpace : uid = <gen:19> -> org.hibernate.loader.plan.build.internal.spaces.EntityQuerySpaceImpl@2780fe45]
14:11:15.491 [Test worker] DEBUG o.h.p.w.spi.MetamodelGraphWalker - Visiting attribute path : lifecycle_event_history.lifecycle_events
14:11:15.491 [Test worker] DEBUG o.h.p.w.spi.MetamodelGraphWalker - Visiting attribute path : lifecycle_event_history.version
14:11:15.492 [Test worker] DEBUG o.h.p.w.spi.MetamodelGraphWalker - Visiting attribute path : monitoring_parameter
14:11:15.492 [Test worker] DEBUG o.h.p.w.spi.MetamodelGraphWalker - Visiting attribute path : notification
14:11:15.492 [Test worker] DEBUG o.h.p.w.spi.MetamodelGraphWalker - Visiting attribute path : pnfr
14:11:15.492 [Test worker] DEBUG o.h.l.p.b.i.spaces.QuerySpacesImpl - Adding QuerySpace : uid = <gen:20> -> org.hibernate.loader.plan.build.internal.spaces.CollectionQuerySpaceImpl@685a52f4]
14:11:15.492 [Test worker] DEBUG o.h.l.p.b.i.spaces.QuerySpacesImpl - Adding QuerySpace : uid = <gen:21> -> org.hibernate.loader.plan.build.internal.spaces.EntityQuerySpaceImpl@1fc46b2]
14:11:15.492 [Test worker] DEBUG o.h.p.w.spi.MetamodelGraphWalker - Visiting attribute path : pnfr.connected_virtual_link
14:11:15.492 [Test worker] DEBUG o.h.l.p.b.i.spaces.QuerySpacesImpl - Adding QuerySpace : uid = <gen:22> -> org.hibernate.loader.plan.build.internal.spaces.CollectionQuerySpaceImpl@79159342]
14:11:15.492 [Test worker] DEBUG o.h.l.p.b.i.spaces.QuerySpacesImpl - Adding QuerySpace : uid = <gen:23> -> org.hibernate.loader.plan.build.internal.spaces.EntityQuerySpaceImpl@29c5ef5e]
14:11:15.493 [Test worker] DEBUG o.h.p.w.spi.MetamodelGraphWalker - Visiting attribute path : pnfr.connected_virtual_link.allocated_capacity
14:11:15.493 [Test worker] DEBUG o.h.p.w.spi.MetamodelGraphWalker - Visiting attribute path : pnfr.connected_virtual_link.audit_log
14:11:15.493 [Test worker] DEBUG o.h.p.w.spi.MetamodelGraphWalker - Visiting attribute path : pnfr.connected_virtual_link.connection
14:11:15.493 [Test worker] DEBUG o.h.p.w.spi.MetamodelGraphWalker - Visiting attribute path : pnfr.connected_virtual_link.connectivity_type
14:11:15.493 [Test worker] DEBUG o.h.p.w.spi.MetamodelGraphWalker - Visiting attribute path : pnfr.connected_virtual_link.descriptor_reference
14:11:15.493 [Test worker] DEBUG o.h.p.w.spi.MetamodelGraphWalker - Visiting attribute path : pnfr.connected_virtual_link.leaf_requirement
14:11:15.493 [Test worker] DEBUG o.h.p.w.spi.MetamodelGraphWalker - Visiting attribute path : pnfr.connected_virtual_link.lifecycle_event_history
14:11:15.493 [Test worker] DEBUG o.h.l.p.b.i.spaces.QuerySpacesImpl - Adding QuerySpace : uid = <gen:24> -> org.hibernate.loader.plan.build.internal.spaces.CollectionQuerySpaceImpl@3e5073bf]
14:11:15.494 [Test worker] DEBUG o.h.l.p.b.i.spaces.QuerySpacesImpl - Adding QuerySpace : uid = <gen:25> -> org.hibernate.loader.plan.build.internal.spaces.EntityQuerySpaceImpl@13df208f]
14:11:15.494 [Test worker] DEBUG o.h.p.w.spi.MetamodelGraphWalker - Visiting attribute path : pnfr.connected_virtual_link.notification
14:11:15.494 [Test worker] DEBUG o.h.p.w.spi.MetamodelGraphWalker - Visiting attribute path : pnfr.connected_virtual_link.number_of_enpoints
14:11:15.494 [Test worker] DEBUG o.h.p.w.spi.MetamodelGraphWalker - Visiting attribute path : pnfr.connected_virtual_link.parent_ns
14:11:15.494 [Test worker] DEBUG o.h.p.w.spi.MetamodelGraphWalker - Visiting attribute path : pnfr.connected_virtual_link.qos
14:11:15.494 [Test worker] DEBUG o.h.p.w.spi.MetamodelGraphWalker - Visiting attribute path : pnfr.connected_virtual_link.root_requirement
14:11:15.494 [Test worker] DEBUG o.h.p.w.spi.MetamodelGraphWalker - Visiting attribute path : pnfr.connected_virtual_link.status
14:11:15.494 [Test worker] DEBUG o.h.p.w.spi.MetamodelGraphWalker - Visiting attribute path : pnfr.connected_virtual_link.test_access
14:11:15.494 [Test worker] DEBUG o.h.p.w.spi.MetamodelGraphWalker - Visiting attribute path : pnfr.connected_virtual_link.vendor
14:11:15.495 [Test worker] DEBUG o.h.p.w.spi.MetamodelGraphWalker - Visiting attribute path : pnfr.connected_virtual_link.version
14:11:15.495 [Test worker] DEBUG o.h.p.w.spi.MetamodelGraphWalker - Visiting attribute path : pnfr.connected_virtual_link.vim_id
14:11:15.495 [Test worker] DEBUG o.h.p.w.spi.MetamodelGraphWalker - Visiting attribute path : pnfr.connected_virtual_link.vnffgr_reference
14:11:15.495 [Test worker] DEBUG o.h.l.p.b.i.spaces.QuerySpacesImpl - Adding QuerySpace : uid = <gen:26> -> org.hibernate.loader.plan.build.internal.spaces.CollectionQuerySpaceImpl@1dd2967a]
14:11:15.495 [Test worker] DEBUG o.h.l.p.b.i.spaces.QuerySpacesImpl - Adding QuerySpace : uid = <gen:27> -> org.hibernate.loader.plan.build.internal.spaces.EntityQuerySpaceImpl@6c9532e1]
14:11:15.495 [Test worker] DEBUG o.h.p.w.spi.MetamodelGraphWalker - Visiting attribute path : pnfr.connection_point
14:11:15.495 [Test worker] DEBUG o.h.l.p.b.i.spaces.QuerySpacesImpl - Adding QuerySpace : uid = <gen:28> -> org.hibernate.loader.plan.build.internal.spaces.CollectionQuerySpaceImpl@373f8978]
14:11:15.495 [Test worker] DEBUG o.h.l.p.b.i.spaces.QuerySpacesImpl - Adding QuerySpace : uid = <gen:29> -> org.hibernate.loader.plan.build.internal.spaces.EntityQuerySpaceImpl@2c5a419e]
14:11:15.495 [Test worker] DEBUG o.h.p.w.spi.MetamodelGraphWalker - Visiting attribute path : pnfr.connection_point.type
14:11:15.495 [Test worker] DEBUG o.h.p.w.spi.MetamodelGraphWalker - Visiting attribute path : pnfr.connection_point.version
14:11:15.495 [Test worker] DEBUG o.h.p.w.spi.MetamodelGraphWalker - Visiting attribute path : pnfr.connection_point.virtual_link_reference
14:11:15.495 [Test worker] DEBUG o.h.p.w.spi.MetamodelGraphWalker - Visiting attribute path : pnfr.description
14:11:15.495 [Test worker] DEBUG o.h.p.w.spi.MetamodelGraphWalker - Visiting attribute path : pnfr.descriptor_reference
14:11:15.496 [Test worker] DEBUG o.h.l.p.b.i.spaces.QuerySpacesImpl - Adding QuerySpace : uid = <gen:30> -> org.hibernate.loader.plan.build.internal.spaces.EntityQuerySpaceImpl@60d1d13]
14:11:15.496 [Test worker] DEBUG o.h.p.w.spi.MetamodelGraphWalker - Visiting attribute path : pnfr.descriptor_reference.connection_point
14:11:15.496 [Test worker] DEBUG o.h.p.w.spi.MetamodelGraphWalker - Visiting attribute path : pnfr.descriptor_reference.description
14:11:15.496 [Test worker] DEBUG o.h.p.w.spi.MetamodelGraphWalker - Visiting attribute path : pnfr.descriptor_reference.descriptor_version
14:11:15.496 [Test worker] DEBUG o.h.p.w.spi.MetamodelGraphWalker - Visiting attribute path : pnfr.descriptor_reference.hb_version
14:11:15.496 [Test worker] DEBUG o.h.p.w.spi.MetamodelGraphWalker - Visiting attribute path : pnfr.descriptor_reference.pnfd_security
14:11:15.496 [Test worker] DEBUG o.h.l.p.b.i.spaces.QuerySpacesImpl - Adding QuerySpace : uid = <gen:31> -> org.hibernate.loader.plan.build.internal.spaces.EntityQuerySpaceImpl@299c713b]
14:11:15.496 [Test worker] DEBUG o.h.p.w.spi.MetamodelGraphWalker - Visiting attribute path : pnfr.descriptor_reference.vendor
14:11:15.496 [Test worker] DEBUG o.h.p.w.spi.MetamodelGraphWalker - Visiting attribute path : pnfr.descriptor_reference.version
14:11:15.496 [Test worker] DEBUG o.h.p.w.spi.MetamodelGraphWalker - Visiting attribute path : pnfr.oam_reference
14:11:15.496 [Test worker] DEBUG o.h.p.w.spi.MetamodelGraphWalker - Visiting attribute path : pnfr.parent_ns
14:11:15.497 [Test worker] DEBUG o.h.l.p.b.i.spaces.QuerySpacesImpl - Adding QuerySpace : uid = <gen:32> -> org.hibernate.loader.plan.build.internal.spaces.EntityQuerySpaceImpl@5dcdedd4]
14:11:15.497 [Test worker] DEBUG o.h.p.w.spi.MetamodelGraphWalker - Visiting attribute path : pnfr.parent_ns.audit_log
14:11:15.497 [Test worker] DEBUG o.h.p.w.spi.MetamodelGraphWalker - Visiting attribute path : pnfr.parent_ns.auto_scale_policy
14:11:15.497 [Test worker] DEBUG o.h.p.w.spi.MetamodelGraphWalker - Property path deemed to be circular : pnfr.parent_ns.auto_scale_policy
14:11:15.497 [Test worker] DEBUG o.h.p.w.spi.MetamodelGraphWalker - Visiting attribute path : pnfr.parent_ns.connection_point
14:11:15.497 [Test worker] DEBUG o.h.p.w.spi.MetamodelGraphWalker - Property path deemed to be circular : pnfr.parent_ns.connection_point
14:11:15.497 [Test worker] DEBUG o.h.p.w.spi.MetamodelGraphWalker - Visiting attribute path : pnfr.parent_ns.descriptor_reference
14:11:15.497 [Test worker] DEBUG o.h.p.w.spi.MetamodelGraphWalker - Property path deemed to be circular : pnfr.parent_ns.descriptor_reference
14:11:15.497 [Test worker] DEBUG o.h.p.w.spi.MetamodelGraphWalker - Visiting attribute path : pnfr.parent_ns.lifecycle_event
14:11:15.497 [Test worker] DEBUG o.h.p.w.spi.MetamodelGraphWalker - Property path deemed to be circular : pnfr.parent_ns.lifecycle_event
14:11:15.497 [Test worker] DEBUG o.h.p.w.spi.MetamodelGraphWalker - Visiting attribute path : pnfr.parent_ns.lifecycle_event_history
14:11:15.498 [Test worker] DEBUG o.h.p.w.spi.MetamodelGraphWalker - Property path deemed to be circular : pnfr.parent_ns.lifecycle_event_history
14:11:15.498 [Test worker] DEBUG o.h.p.w.spi.MetamodelGraphWalker - Visiting attribute path : pnfr.parent_ns.monitoring_parameter
14:11:15.498 [Test worker] DEBUG o.h.p.w.spi.MetamodelGraphWalker - Visiting attribute path : pnfr.parent_ns.notification
14:11:15.498 [Test worker] DEBUG o.h.p.w.spi.MetamodelGraphWalker - Visiting attribute path : pnfr.parent_ns.pnfr
14:11:15.498 [Test worker] DEBUG o.h.p.w.spi.MetamodelGraphWalker - Property path deemed to be circular : pnfr.parent_ns.pnfr
14:11:15.498 [Test worker] DEBUG o.h.p.w.spi.MetamodelGraphWalker - Visiting attribute path : pnfr.parent_ns.resource_reservation
14:11:15.498 [Test worker] DEBUG o.h.p.w.spi.MetamodelGraphWalker - Visiting attribute path : pnfr.parent_ns.runtime_policy_info
14:11:15.498 [Test worker] DEBUG o.h.p.w.spi.MetamodelGraphWalker - Visiting attribute path : pnfr.parent_ns.service_deployment_flavour
14:11:15.498 [Test worker] DEBUG o.h.l.p.b.i.spaces.QuerySpacesImpl - Adding QuerySpace : uid = <gen:33> -> org.hibernate.loader.plan.build.internal.spaces.EntityQuerySpaceImpl@2e257edf]
14:11:15.498 [Test worker] DEBUG o.h.p.w.spi.MetamodelGraphWalker - Visiting attribute path : pnfr.parent_ns.status
14:11:15.499 [Test worker] DEBUG o.h.p.w.spi.MetamodelGraphWalker - Visiting attribute path : pnfr.parent_ns.vendor
14:11:15.499 [Test worker] DEBUG o.h.p.w.spi.MetamodelGraphWalker - Visiting attribute path : pnfr.parent_ns.version
14:11:15.499 [Test worker] DEBUG o.h.p.w.spi.MetamodelGraphWalker - Visiting attribute path : pnfr.parent_ns.vlr
14:11:15.499 [Test worker] DEBUG o.h.l.p.b.i.spaces.QuerySpacesImpl - Adding QuerySpace : uid = <gen:34> -> org.hibernate.loader.plan.build.internal.spaces.CollectionQuerySpaceImpl@1fac7a24]
14:11:15.499 [Test worker] DEBUG o.h.l.p.b.i.spaces.QuerySpacesImpl - Adding QuerySpace : uid = <gen:35> -> org.hibernate.loader.plan.build.internal.spaces.EntityQuerySpaceImpl@7486e1ba]
14:11:15.499 [Test worker] DEBUG o.h.p.w.spi.MetamodelGraphWalker - Visiting attribute path : pnfr.parent_ns.vnf_dependency
14:11:15.499 [Test worker] DEBUG o.h.l.p.b.i.spaces.QuerySpacesImpl - Adding QuerySpace : uid = <gen:36> -> org.hibernate.loader.plan.build.internal.spaces.CollectionQuerySpaceImpl@434db61a]
14:11:15.499 [Test worker] DEBUG o.h.l.p.b.i.spaces.QuerySpacesImpl - Adding QuerySpace : uid = <gen:37> -> org.hibernate.loader.plan.build.internal.spaces.EntityQuerySpaceImpl@22ee877b]
14:11:15.499 [Test worker] DEBUG o.h.p.w.spi.MetamodelGraphWalker - Visiting attribute path : pnfr.parent_ns.vnffgr
14:11:15.499 [Test worker] DEBUG o.h.l.p.b.i.spaces.QuerySpacesImpl - Adding QuerySpace : uid = <gen:38> -> org.hibernate.loader.plan.build.internal.spaces.CollectionQuerySpaceImpl@5a00ae27]
14:11:15.499 [Test worker] DEBUG o.h.l.p.b.i.spaces.QuerySpacesImpl - Adding QuerySpace : uid = <gen:39> -> org.hibernate.loader.plan.build.internal.spaces.EntityQuerySpaceImpl@62a9b09a]
14:11:15.499 [Test worker] DEBUG o.h.p.w.spi.MetamodelGraphWalker - Visiting attribute path : pnfr.parent_ns.vnfr
14:11:15.499 [Test worker] DEBUG o.h.l.p.b.i.spaces.QuerySpacesImpl - Adding QuerySpace : uid = <gen:40> -> org.hibernate.loader.plan.build.internal.spaces.EntityQuerySpaceImpl@72898110]
14:11:15.499 [Test worker] DEBUG o.h.p.w.spi.MetamodelGraphWalker - Visiting attribute path : pnfr.pnf_address
14:11:15.499 [Test worker] DEBUG o.h.p.w.spi.MetamodelGraphWalker - Visiting attribute path : pnfr.vendor
14:11:15.499 [Test worker] DEBUG o.h.p.w.spi.MetamodelGraphWalker - Visiting attribute path : pnfr.version
14:11:15.500 [Test worker] DEBUG o.h.p.w.spi.MetamodelGraphWalker - Visiting attribute path : pnfr.vnffgr
14:11:15.500 [Test worker] DEBUG o.h.l.p.b.i.spaces.QuerySpacesImpl - Adding QuerySpace : uid = <gen:41> -> org.hibernate.loader.plan.build.internal.spaces.CollectionQuerySpaceImpl@21787c2f]
14:11:15.500 [Test worker] DEBUG o.h.l.p.b.i.spaces.QuerySpacesImpl - Adding QuerySpace : uid = <gen:42> -> org.hibernate.loader.plan.build.internal.spaces.EntityQuerySpaceImpl@6d2102d3]
14:11:15.500 [Test worker] DEBUG o.h.p.w.spi.MetamodelGraphWalker - Visiting attribute path : pnfr.vnffgr.audit_log
14:11:15.500 [Test worker] DEBUG o.h.p.w.spi.MetamodelGraphWalker - Visiting attribute path : pnfr.vnffgr.connection_point
14:11:15.500 [Test worker] DEBUG o.h.l.p.b.i.spaces.QuerySpacesImpl - Adding QuerySpace : uid = <gen:43> -> org.hibernate.loader.plan.build.internal.spaces.CollectionQuerySpaceImpl@262b8389]
14:11:15.500 [Test worker] DEBUG o.h.l.p.b.i.spaces.QuerySpacesImpl - Adding QuerySpace : uid = <gen:44> -> org.hibernate.loader.plan.build.internal.spaces.EntityQuerySpaceImpl@72c8aaf2]
14:11:15.500 [Test worker] DEBUG o.h.p.w.spi.MetamodelGraphWalker - Visiting attribute path : pnfr.vnffgr.dependent_virtual_link
14:11:15.500 [Test worker] DEBUG o.h.l.p.b.i.spaces.QuerySpacesImpl - Adding QuerySpace : uid = <gen:45> -> org.hibernate.loader.plan.build.internal.spaces.CollectionQuerySpaceImpl@544f30bd]
14:11:15.500 [Test worker] DEBUG o.h.l.p.b.i.spaces.QuerySpacesImpl - Adding QuerySpace : uid = <gen:46> -> org.hibernate.loader.plan.build.internal.spaces.EntityQuerySpaceImpl@1b08f389]
14:11:15.500 [Test worker] DEBUG o.h.p.w.spi.MetamodelGraphWalker - Visiting attribute path : pnfr.vnffgr.descriptor_reference
14:11:15.500 [Test worker] DEBUG o.h.l.p.b.i.spaces.QuerySpacesImpl - Adding QuerySpace : uid = <gen:47> -> org.hibernate.loader.plan.build.internal.spaces.EntityQuerySpaceImpl@68acb53c]
14:11:15.500 [Test worker] DEBUG o.h.p.w.spi.MetamodelGraphWalker - Visiting attribute path : pnfr.vnffgr.lifecycle_event_history
14:11:15.500 [Test worker] DEBUG o.h.l.p.b.i.spaces.QuerySpacesImpl - Adding QuerySpace : uid = <gen:48> -> org.hibernate.loader.plan.build.internal.spaces.CollectionQuerySpaceImpl@22aeabd4]
14:11:15.501 [Test worker] DEBUG o.h.l.p.b.i.spaces.QuerySpacesImpl - Adding QuerySpace : uid = <gen:49> -> org.hibernate.loader.plan.build.internal.spaces.EntityQuerySpaceImpl@7992fd15]
14:11:15.501 [Test worker] DEBUG o.h.p.w.spi.MetamodelGraphWalker - Visiting attribute path : pnfr.vnffgr.member_vnfs
14:11:15.501 [Test worker] DEBUG o.h.l.p.b.i.spaces.QuerySpacesImpl - Adding QuerySpace : uid = <gen:50> -> org.hibernate.loader.plan.build.internal.spaces.CollectionQuerySpaceImpl@2125ac0e]
14:11:15.501 [Test worker] DEBUG o.h.l.p.b.i.spaces.QuerySpacesImpl - Adding QuerySpace : uid = <gen:51> -> org.hibernate.loader.plan.build.internal.spaces.EntityQuerySpaceImpl@3042dc22]
14:11:15.501 [Test worker] DEBUG o.h.p.w.spi.MetamodelGraphWalker - Visiting attribute path : pnfr.vnffgr.network_forwarding_path
14:11:15.501 [Test worker] DEBUG o.h.l.p.b.i.spaces.QuerySpacesImpl - Adding QuerySpace : uid = <gen:52> -> org.hibernate.loader.plan.build.internal.spaces.EntityQuerySpaceImpl@758254ee]
14:11:15.501 [Test worker] DEBUG o.h.p.w.spi.MetamodelGraphWalker - Visiting attribute path : pnfr.vnffgr.notification
14:11:15.501 [Test worker] DEBUG o.h.p.w.spi.MetamodelGraphWalker - Visiting attribute path : pnfr.vnffgr.number_of_endpoints
14:11:15.501 [Test worker] DEBUG o.h.p.w.spi.MetamodelGraphWalker - Visiting attribute path : pnfr.vnffgr.number_of_pnfs
14:11:15.501 [Test worker] DEBUG o.h.p.w.spi.MetamodelGraphWalker - Visiting attribute path : pnfr.vnffgr.number_of_virtual_links
14:11:15.501 [Test worker] DEBUG o.h.p.w.spi.MetamodelGraphWalker - Visiting attribute path : pnfr.vnffgr.number_of_vnfs
14:11:15.501 [Test worker] DEBUG o.h.p.w.spi.MetamodelGraphWalker - Visiting attribute path : pnfr.vnffgr.parent_ns
14:11:15.501 [Test worker] DEBUG o.h.l.p.b.i.spaces.QuerySpacesImpl - Adding QuerySpace : uid = <gen:53> -> org.hibernate.loader.plan.build.internal.spaces.EntityQuerySpaceImpl@3f961187]
14:11:15.501 [Test worker] DEBUG o.h.p.w.spi.MetamodelGraphWalker - Visiting attribute path : pnfr.vnffgr.status
14:11:15.501 [Test worker] DEBUG o.h.p.w.spi.MetamodelGraphWalker - Visiting attribute path : pnfr.vnffgr.vendor
14:11:15.501 [Test worker] DEBUG o.h.p.w.spi.MetamodelGraphWalker - Visiting attribute path : pnfr.vnffgr.version
14:11:15.502 [Test worker] DEBUG o.h.p.w.spi.MetamodelGraphWalker - Visiting attribute path : resource_reservation
14:11:15.502 [Test worker] DEBUG o.h.p.w.spi.MetamodelGraphWalker - Visiting attribute path : runtime_policy_info
14:11:15.502 [Test worker] DEBUG o.h.p.w.spi.MetamodelGraphWalker - Visiting attribute path : service_deployment_flavour
14:11:15.502 [Test worker] DEBUG o.h.l.p.b.i.spaces.QuerySpacesImpl - Adding QuerySpace : uid = <gen:54> -> org.hibernate.loader.plan.build.internal.spaces.EntityQuerySpaceImpl@1558d6ae]
14:11:15.502 [Test worker] DEBUG o.h.p.w.spi.MetamodelGraphWalker - Visiting attribute path : service_deployment_flavour.flavour_key
14:11:15.502 [Test worker] DEBUG o.h.p.w.spi.MetamodelGraphWalker - Visiting attribute path : service_deployment_flavour.version
14:11:15.502 [Test worker] DEBUG o.h.p.w.spi.MetamodelGraphWalker - Visiting attribute path : service_deployment_flavour.constituent_vnf
14:11:15.502 [Test worker] DEBUG o.h.p.w.spi.MetamodelGraphWalker - Visiting attribute path : status
14:11:15.502 [Test worker] DEBUG o.h.p.w.spi.MetamodelGraphWalker - Visiting attribute path : vendor
14:11:15.502 [Test worker] DEBUG o.h.p.w.spi.MetamodelGraphWalker - Visiting attribute path : version
14:11:15.502 [Test worker] DEBUG o.h.p.w.spi.MetamodelGraphWalker - Visiting attribute path : vlr
14:11:15.502 [Test worker] DEBUG o.h.l.p.b.i.spaces.QuerySpacesImpl - Adding QuerySpace : uid = <gen:55> -> org.hibernate.loader.plan.build.internal.spaces.CollectionQuerySpaceImpl@11885aff]
14:11:15.502 [Test worker] DEBUG o.h.l.p.b.i.spaces.QuerySpacesImpl - Adding QuerySpace : uid = <gen:56> -> org.hibernate.loader.plan.build.internal.spaces.EntityQuerySpaceImpl@f0e2457]
14:11:15.502 [Test worker] DEBUG o.h.p.w.spi.MetamodelGraphWalker - Visiting attribute path : vlr.allocated_capacity
14:11:15.503 [Test worker] DEBUG o.h.p.w.spi.MetamodelGraphWalker - Visiting attribute path : vlr.audit_log
14:11:15.503 [Test worker] DEBUG o.h.p.w.spi.MetamodelGraphWalker - Visiting attribute path : vlr.connection
14:11:15.503 [Test worker] DEBUG o.h.p.w.spi.MetamodelGraphWalker - Visiting attribute path : vlr.connectivity_type
14:11:15.503 [Test worker] DEBUG o.h.p.w.spi.MetamodelGraphWalker - Visiting attribute path : vlr.descriptor_reference
14:11:15.503 [Test worker] DEBUG o.h.p.w.spi.MetamodelGraphWalker - Visiting attribute path : vlr.leaf_requirement
14:11:15.503 [Test worker] DEBUG o.h.p.w.spi.MetamodelGraphWalker - Visiting attribute path : vlr.lifecycle_event_history
14:11:15.503 [Test worker] DEBUG o.h.l.p.b.i.spaces.QuerySpacesImpl - Adding QuerySpace : uid = <gen:57> -> org.hibernate.loader.plan.build.internal.spaces.CollectionQuerySpaceImpl@68f8778c]
14:11:15.503 [Test worker] DEBUG o.h.l.p.b.i.spaces.QuerySpacesImpl - Adding QuerySpace : uid = <gen:58> -> org.hibernate.loader.plan.build.internal.spaces.EntityQuerySpaceImpl@1070be2b]
14:11:15.503 [Test worker] DEBUG o.h.p.w.spi.MetamodelGraphWalker - Visiting attribute path : vlr.lifecycle_event_history.lifecycle_events
14:11:15.503 [Test worker] DEBUG o.h.p.w.spi.MetamodelGraphWalker - Visiting attribute path : vlr.lifecycle_event_history.version
14:11:15.503 [Test worker] DEBUG o.h.p.w.spi.MetamodelGraphWalker - Visiting attribute path : vlr.notification
14:11:15.503 [Test worker] DEBUG o.h.p.w.spi.MetamodelGraphWalker - Visiting attribute path : vlr.number_of_enpoints
14:11:15.503 [Test worker] DEBUG o.h.p.w.spi.MetamodelGraphWalker - Visiting attribute path : vlr.parent_ns
14:11:15.503 [Test worker] DEBUG o.h.p.w.spi.MetamodelGraphWalker - Visiting attribute path : vlr.qos
14:11:15.503 [Test worker] DEBUG o.h.p.w.spi.MetamodelGraphWalker - Visiting attribute path : vlr.root_requirement
14:11:15.503 [Test worker] DEBUG o.h.p.w.spi.MetamodelGraphWalker - Visiting attribute path : vlr.status
14:11:15.503 [Test worker] DEBUG o.h.p.w.spi.MetamodelGraphWalker - Visiting attribute path : vlr.test_access
14:11:15.503 [Test worker] DEBUG o.h.p.w.spi.MetamodelGraphWalker - Visiting attribute path : vlr.vendor
14:11:15.503 [Test worker] DEBUG o.h.p.w.spi.MetamodelGraphWalker - Visiting attribute path : vlr.version
14:11:15.504 [Test worker] DEBUG o.h.p.w.spi.MetamodelGraphWalker - Visiting attribute path : vlr.vim_id
14:11:15.504 [Test worker] DEBUG o.h.p.w.spi.MetamodelGraphWalker - Visiting attribute path : vlr.vnffgr_reference
14:11:15.504 [Test worker] DEBUG o.h.l.p.b.i.spaces.QuerySpacesImpl - Adding QuerySpace : uid = <gen:59> -> org.hibernate.loader.plan.build.internal.spaces.CollectionQuerySpaceImpl@4c7f3c76]
14:11:15.504 [Test worker] DEBUG o.h.l.p.b.i.spaces.QuerySpacesImpl - Adding QuerySpace : uid = <gen:60> -> org.hibernate.loader.plan.build.internal.spaces.EntityQuerySpaceImpl@355a8e36]
14:11:15.504 [Test worker] DEBUG o.h.p.w.spi.MetamodelGraphWalker - Visiting attribute path : vlr.vnffgr_reference.audit_log
14:11:15.504 [Test worker] DEBUG o.h.p.w.spi.MetamodelGraphWalker - Visiting attribute path : vlr.vnffgr_reference.connection_point
14:11:15.504 [Test worker] DEBUG o.h.l.p.b.i.spaces.QuerySpacesImpl - Adding QuerySpace : uid = <gen:61> -> org.hibernate.loader.plan.build.internal.spaces.CollectionQuerySpaceImpl@22394df2]
14:11:15.504 [Test worker] DEBUG o.h.l.p.b.i.spaces.QuerySpacesImpl - Adding QuerySpace : uid = <gen:62> -> org.hibernate.loader.plan.build.internal.spaces.EntityQuerySpaceImpl@602c5c6b]
14:11:15.504 [Test worker] DEBUG o.h.p.w.spi.MetamodelGraphWalker - Visiting attribute path : vlr.vnffgr_reference.dependent_virtual_link
14:11:15.504 [Test worker] DEBUG o.h.l.p.b.i.spaces.QuerySpacesImpl - Adding QuerySpace : uid = <gen:63> -> org.hibernate.loader.plan.build.internal.spaces.CollectionQuerySpaceImpl@67a621]
14:11:15.504 [Test worker] DEBUG o.h.l.p.b.i.spaces.QuerySpacesImpl - Adding QuerySpace : uid = <gen:64> -> org.hibernate.loader.plan.build.internal.spaces.EntityQuerySpaceImpl@14cbc0bc]
14:11:15.504 [Test worker] DEBUG o.h.p.w.spi.MetamodelGraphWalker - Visiting attribute path : vlr.vnffgr_reference.descriptor_reference
14:11:15.505 [Test worker] DEBUG o.h.l.p.b.i.spaces.QuerySpacesImpl - Adding QuerySpace : uid = <gen:65> -> org.hibernate.loader.plan.build.internal.spaces.EntityQuerySpaceImpl@4cda814e]
14:11:15.505 [Test worker] DEBUG o.h.p.w.spi.MetamodelGraphWalker - Visiting attribute path : vlr.vnffgr_reference.lifecycle_event_history
14:11:15.505 [Test worker] DEBUG o.h.l.p.b.i.spaces.QuerySpacesImpl - Adding QuerySpace : uid = <gen:66> -> org.hibernate.loader.plan.build.internal.spaces.CollectionQuerySpaceImpl@1d5f4f4d]
14:11:15.505 [Test worker] DEBUG o.h.l.p.b.i.spaces.QuerySpacesImpl - Adding QuerySpace : uid = <gen:67> -> org.hibernate.loader.plan.build.internal.spaces.EntityQuerySpaceImpl@5c4f574b]
14:11:15.505 [Test worker] DEBUG o.h.p.w.spi.MetamodelGraphWalker - Visiting attribute path : vlr.vnffgr_reference.member_vnfs
14:11:15.505 [Test worker] DEBUG o.h.l.p.b.i.spaces.QuerySpacesImpl - Adding QuerySpace : uid = <gen:68> -> org.hibernate.loader.plan.build.internal.spaces.CollectionQuerySpaceImpl@5cec2c45]
14:11:15.505 [Test worker] DEBUG o.h.l.p.b.i.spaces.QuerySpacesImpl - Adding QuerySpace : uid = <gen:69> -> org.hibernate.loader.plan.build.internal.spaces.EntityQuerySpaceImpl@154e95ac]
14:11:15.505 [Test worker] DEBUG o.h.p.w.spi.MetamodelGraphWalker - Visiting attribute path : vlr.vnffgr_reference.network_forwarding_path
14:11:15.505 [Test worker] DEBUG o.h.l.p.b.i.spaces.QuerySpacesImpl - Adding QuerySpace : uid = <gen:70> -> org.hibernate.loader.plan.build.internal.spaces.EntityQuerySpaceImpl@5a445a21]
14:11:15.505 [Test worker] DEBUG o.h.p.w.spi.MetamodelGraphWalker - Visiting attribute path : vlr.vnffgr_reference.notification
14:11:15.505 [Test worker] DEBUG o.h.p.w.spi.MetamodelGraphWalker - Visiting attribute path : vlr.vnffgr_reference.number_of_endpoints
14:11:15.505 [Test worker] DEBUG o.h.p.w.spi.MetamodelGraphWalker - Visiting attribute path : vlr.vnffgr_reference.number_of_pnfs
14:11:15.505 [Test worker] DEBUG o.h.p.w.spi.MetamodelGraphWalker - Visiting attribute path : vlr.vnffgr_reference.number_of_virtual_links
14:11:15.505 [Test worker] DEBUG o.h.p.w.spi.MetamodelGraphWalker - Visiting attribute path : vlr.vnffgr_reference.number_of_vnfs
14:11:15.506 [Test worker] DEBUG o.h.p.w.spi.MetamodelGraphWalker - Visiting attribute path : vlr.vnffgr_reference.parent_ns
14:11:15.506 [Test worker] DEBUG o.h.l.p.b.i.spaces.QuerySpacesImpl - Adding QuerySpace : uid = <gen:71> -> org.hibernate.loader.plan.build.internal.spaces.EntityQuerySpaceImpl@3d795ad3]
14:11:15.506 [Test worker] DEBUG o.h.p.w.spi.MetamodelGraphWalker - Visiting attribute path : vlr.vnffgr_reference.status
14:11:15.506 [Test worker] DEBUG o.h.p.w.spi.MetamodelGraphWalker - Visiting attribute path : vlr.vnffgr_reference.vendor
14:11:15.506 [Test worker] DEBUG o.h.p.w.spi.MetamodelGraphWalker - Visiting attribute path : vlr.vnffgr_reference.version
14:11:15.506 [Test worker] DEBUG o.h.p.w.spi.MetamodelGraphWalker - Visiting attribute path : vnf_dependency
14:11:15.506 [Test worker] DEBUG o.h.l.p.b.i.spaces.QuerySpacesImpl - Adding QuerySpace : uid = <gen:72> -> org.hibernate.loader.plan.build.internal.spaces.CollectionQuerySpaceImpl@6a39f22c]
14:11:15.506 [Test worker] DEBUG o.h.l.p.b.i.spaces.QuerySpacesImpl - Adding QuerySpace : uid = <gen:73> -> org.hibernate.loader.plan.build.internal.spaces.EntityQuerySpaceImpl@24a5d30]
14:11:15.506 [Test worker] DEBUG o.h.p.w.spi.MetamodelGraphWalker - Visiting attribute path : vnf_dependency.source
14:11:15.506 [Test worker] DEBUG o.h.l.p.b.i.spaces.QuerySpacesImpl - Adding QuerySpace : uid = <gen:74> -> org.hibernate.loader.plan.build.internal.spaces.EntityQuerySpaceImpl@6b04cfd]
14:11:15.506 [Test worker] DEBUG o.h.p.w.spi.MetamodelGraphWalker - Visiting attribute path : vnf_dependency.source.auto_scale_policy
14:11:15.506 [Test worker] DEBUG o.h.p.w.spi.MetamodelGraphWalker - Visiting attribute path : vnf_dependency.source.connection_point
14:11:15.507 [Test worker] DEBUG o.h.p.w.spi.MetamodelGraphWalker - Visiting attribute path : vnf_dependency.source.hb_version
14:11:15.507 [Test worker] DEBUG o.h.p.w.spi.MetamodelGraphWalker - Visiting attribute path : vnf_dependency.source.lifecycle_event
14:11:15.507 [Test worker] DEBUG o.h.p.w.spi.MetamodelGraphWalker - Visiting attribute path : vnf_dependency.source.monitoring_parameter
14:11:15.507 [Test worker] DEBUG o.h.p.w.spi.MetamodelGraphWalker - Property path deemed to be circular : vnf_dependency.source.monitoring_parameter
14:11:15.507 [Test worker] DEBUG o.h.p.w.spi.MetamodelGraphWalker - Visiting attribute path : vnf_dependency.source.service_deployment_flavour
14:11:15.507 [Test worker] DEBUG o.h.p.w.spi.MetamodelGraphWalker - Visiting attribute path : vnf_dependency.source.vendor
14:11:15.507 [Test worker] DEBUG o.h.p.w.spi.MetamodelGraphWalker - Visiting attribute path : vnf_dependency.source.version
14:11:15.507 [Test worker] DEBUG o.h.p.w.spi.MetamodelGraphWalker - Visiting attribute path : vnf_dependency.source.vld
14:11:15.507 [Test worker] DEBUG o.h.p.w.spi.MetamodelGraphWalker - Visiting attribute path : vnf_dependency.source.vnffgd
14:11:15.507 [Test worker] DEBUG o.h.p.w.spi.MetamodelGraphWalker - Visiting attribute path : vnf_dependency.source.deployment_flavour
14:11:15.507 [Test worker] DEBUG o.h.p.w.spi.MetamodelGraphWalker - Property path deemed to be circular : vnf_dependency.source.deployment_flavour
14:11:15.507 [Test worker] DEBUG o.h.p.w.spi.MetamodelGraphWalker - Visiting attribute path : vnf_dependency.source.descriptor_version
14:11:15.507 [Test worker] DEBUG o.h.p.w.spi.MetamodelGraphWalker - Visiting attribute path : vnf_dependency.source.manifest_file
14:11:15.507 [Test worker] DEBUG o.h.p.w.spi.MetamodelGraphWalker - Visiting attribute path : vnf_dependency.source.manifest_file_security
14:11:15.507 [Test worker] DEBUG o.h.p.w.spi.MetamodelGraphWalker - Visiting attribute path : vnf_dependency.source.vdu
14:11:15.507 [Test worker] DEBUG o.h.p.w.spi.MetamodelGraphWalker - Visiting attribute path : vnf_dependency.source.vdu_dependency
14:11:15.507 [Test worker] DEBUG o.h.p.w.spi.MetamodelGraphWalker - Visiting attribute path : vnf_dependency.source.virtual_link
14:11:15.507 [Test worker] DEBUG o.h.p.w.spi.MetamodelGraphWalker - Visiting attribute path : vnf_dependency.target
14:11:15.507 [Test worker] DEBUG o.h.l.p.b.i.spaces.QuerySpacesImpl - Adding QuerySpace : uid = <gen:75> -> org.hibernate.loader.plan.build.internal.spaces.EntityQuerySpaceImpl@69c907a1]
14:11:15.507 [Test worker] DEBUG o.h.p.w.spi.MetamodelGraphWalker - Visiting attribute path : vnf_dependency.target.auto_scale_policy
14:11:15.508 [Test worker] DEBUG o.h.p.w.spi.MetamodelGraphWalker - Visiting attribute path : vnf_dependency.target.connection_point
14:11:15.508 [Test worker] DEBUG o.h.p.w.spi.MetamodelGraphWalker - Visiting attribute path : vnf_dependency.target.hb_version
14:11:15.508 [Test worker] DEBUG o.h.p.w.spi.MetamodelGraphWalker - Visiting attribute path : vnf_dependency.target.lifecycle_event
14:11:15.508 [Test worker] DEBUG o.h.p.w.spi.MetamodelGraphWalker - Visiting attribute path : vnf_dependency.target.monitoring_parameter
14:11:15.508 [Test worker] DEBUG o.h.p.w.spi.MetamodelGraphWalker - Property path deemed to be circular : vnf_dependency.target.monitoring_parameter
14:11:15.508 [Test worker] DEBUG o.h.p.w.spi.MetamodelGraphWalker - Visiting attribute path : vnf_dependency.target.service_deployment_flavour
14:11:15.508 [Test worker] DEBUG o.h.p.w.spi.MetamodelGraphWalker - Visiting attribute path : vnf_dependency.target.vendor
14:11:15.508 [Test worker] DEBUG o.h.p.w.spi.MetamodelGraphWalker - Visiting attribute path : vnf_dependency.target.version
14:11:15.508 [Test worker] DEBUG o.h.p.w.spi.MetamodelGraphWalker - Visiting attribute path : vnf_dependency.target.vld
14:11:15.508 [Test worker] DEBUG o.h.p.w.spi.MetamodelGraphWalker - Visiting attribute path : vnf_dependency.target.vnffgd
14:11:15.508 [Test worker] DEBUG o.h.p.w.spi.MetamodelGraphWalker - Visiting attribute path : vnf_dependency.target.deployment_flavour
14:11:15.508 [Test worker] DEBUG o.h.p.w.spi.MetamodelGraphWalker - Property path deemed to be circular : vnf_dependency.target.deployment_flavour
14:11:15.508 [Test worker] DEBUG o.h.p.w.spi.MetamodelGraphWalker - Visiting attribute path : vnf_dependency.target.descriptor_version
14:11:15.508 [Test worker] DEBUG o.h.p.w.spi.MetamodelGraphWalker - Visiting attribute path : vnf_dependency.target.manifest_file
14:11:15.508 [Test worker] DEBUG o.h.p.w.spi.MetamodelGraphWalker - Visiting attribute path : vnf_dependency.target.manifest_file_security
14:11:15.508 [Test worker] DEBUG o.h.p.w.spi.MetamodelGraphWalker - Visiting attribute path : vnf_dependency.target.vdu
14:11:15.508 [Test worker] DEBUG o.h.p.w.spi.MetamodelGraphWalker - Visiting attribute path : vnf_dependency.target.vdu_dependency
14:11:15.508 [Test worker] DEBUG o.h.p.w.spi.MetamodelGraphWalker - Visiting attribute path : vnf_dependency.target.virtual_link
14:11:15.508 [Test worker] DEBUG o.h.p.w.spi.MetamodelGraphWalker - Visiting attribute path : vnf_dependency.version
14:11:15.508 [Test worker] DEBUG o.h.p.w.spi.MetamodelGraphWalker - Visiting attribute path : vnffgr
14:11:15.508 [Test worker] DEBUG o.h.l.p.b.i.spaces.QuerySpacesImpl - Adding QuerySpace : uid = <gen:76> -> org.hibernate.loader.plan.build.internal.spaces.CollectionQuerySpaceImpl@207ad654]
14:11:15.508 [Test worker] DEBUG o.h.l.p.b.i.spaces.QuerySpacesImpl - Adding QuerySpace : uid = <gen:77> -> org.hibernate.loader.plan.build.internal.spaces.EntityQuerySpaceImpl@608d3574]
14:11:15.509 [Test worker] DEBUG o.h.p.w.spi.MetamodelGraphWalker - Visiting attribute path : vnffgr.connection_point
14:11:15.509 [Test worker] DEBUG o.h.p.w.spi.MetamodelGraphWalker - Visiting attribute path : vnffgr.constituent_vnfs
14:11:15.509 [Test worker] DEBUG o.h.p.w.spi.MetamodelGraphWalker - Visiting attribute path : vnffgr.dependent_virtual_link
14:11:15.509 [Test worker] DEBUG o.h.p.w.spi.MetamodelGraphWalker - Visiting attribute path : vnffgr.descriptor_version
14:11:15.509 [Test worker] DEBUG o.h.p.w.spi.MetamodelGraphWalker - Visiting attribute path : vnffgr.hb_version
14:11:15.509 [Test worker] DEBUG o.h.p.w.spi.MetamodelGraphWalker - Visiting attribute path : vnffgr.network_forwarding_path
14:11:15.509 [Test worker] DEBUG o.h.p.w.spi.MetamodelGraphWalker - Visiting attribute path : vnffgr.number_of_endpoints
14:11:15.509 [Test worker] DEBUG o.h.p.w.spi.MetamodelGraphWalker - Visiting attribute path : vnffgr.number_of_virtual_links
14:11:15.509 [Test worker] DEBUG o.h.p.w.spi.MetamodelGraphWalker - Visiting attribute path : vnffgr.vendor
14:11:15.509 [Test worker] DEBUG o.h.p.w.spi.MetamodelGraphWalker - Visiting attribute path : vnffgr.version
14:11:15.509 [Test worker] DEBUG o.h.p.w.spi.MetamodelGraphWalker - Visiting attribute path : vnffgr.vnffgd_security
14:11:15.509 [Test worker] DEBUG o.h.l.p.b.i.spaces.QuerySpacesImpl - Adding QuerySpace : uid = <gen:78> -> org.hibernate.loader.plan.build.internal.spaces.EntityQuerySpaceImpl@367cb3af]
14:11:15.509 [Test worker] DEBUG o.h.p.w.spi.MetamodelGraphWalker - Visiting attribute path : vnffgr.vnffgd_security.version
14:11:15.509 [Test worker] DEBUG o.h.p.w.spi.MetamodelGraphWalker - Visiting attribute path : vnfr
14:11:15.509 [Test worker] DEBUG o.h.l.p.b.i.spaces.QuerySpacesImpl - Adding QuerySpace : uid = <gen:79> -> org.hibernate.loader.plan.build.internal.spaces.EntityQuerySpaceImpl@378f95c8]
14:11:15.509 [Test worker] DEBUG o.h.p.w.spi.MetamodelGraphWalker - Visiting attribute path : vnfr.audit_log
14:11:15.509 [Test worker] DEBUG o.h.p.w.spi.MetamodelGraphWalker - Visiting attribute path : vnfr.auto_scale_policy
14:11:15.509 [Test worker] DEBUG o.h.l.p.b.i.spaces.QuerySpacesImpl - Adding QuerySpace : uid = <gen:80> -> org.hibernate.loader.plan.build.internal.spaces.CollectionQuerySpaceImpl@129a41a5]
14:11:15.509 [Test worker] DEBUG o.h.l.p.b.i.spaces.QuerySpacesImpl - Adding QuerySpace : uid = <gen:81> -> org.hibernate.loader.plan.build.internal.spaces.EntityQuerySpaceImpl@4d4bc12d]
14:11:15.510 [Test worker] DEBUG o.h.p.w.spi.MetamodelGraphWalker - Visiting attribute path : vnfr.auto_scale_policy.version
14:11:15.510 [Test worker] DEBUG o.h.p.w.spi.MetamodelGraphWalker - Visiting attribute path : vnfr.connected_external_virtual_link
14:11:15.510 [Test worker] DEBUG o.h.l.p.b.i.spaces.QuerySpacesImpl - Adding QuerySpace : uid = <gen:82> -> org.hibernate.loader.plan.build.internal.spaces.CollectionQuerySpaceImpl@1c93b6b6]
14:11:15.510 [Test worker] DEBUG o.h.l.p.b.i.spaces.QuerySpacesImpl - Adding QuerySpace : uid = <gen:83> -> org.hibernate.loader.plan.build.internal.spaces.EntityQuerySpaceImpl@25c07562]
14:11:15.510 [Test worker] DEBUG o.h.p.w.spi.MetamodelGraphWalker - Visiting attribute path : vnfr.connected_external_virtual_link.allocated_capacity
14:11:15.510 [Test worker] DEBUG o.h.p.w.spi.MetamodelGraphWalker - Visiting attribute path : vnfr.connected_external_virtual_link.audit_log
14:11:15.510 [Test worker] DEBUG o.h.p.w.spi.MetamodelGraphWalker - Visiting attribute path : vnfr.connected_external_virtual_link.connection
14:11:15.510 [Test worker] DEBUG o.h.p.w.spi.MetamodelGraphWalker - Visiting attribute path : vnfr.connected_external_virtual_link.connectivity_type
14:11:15.510 [Test worker] DEBUG o.h.p.w.spi.MetamodelGraphWalker - Visiting attribute path : vnfr.connected_external_virtual_link.descriptor_reference
14:11:15.510 [Test worker] DEBUG o.h.p.w.spi.MetamodelGraphWalker - Visiting attribute path : vnfr.connected_external_virtual_link.leaf_requirement
14:11:15.510 [Test worker] DEBUG o.h.p.w.spi.MetamodelGraphWalker - Visiting attribute path : vnfr.connected_external_virtual_link.lifecycle_event_history
14:11:15.510 [Test worker] DEBUG o.h.p.w.spi.MetamodelGraphWalker - Property path deemed to be circular : vnfr.connected_external_virtual_link.lifecycle_event_history
14:11:15.510 [Test worker] DEBUG o.h.p.w.spi.MetamodelGraphWalker - Visiting attribute path : vnfr.connected_external_virtual_link.notification
14:11:15.510 [Test worker] DEBUG o.h.p.w.spi.MetamodelGraphWalker - Visiting attribute path : vnfr.connected_external_virtual_link.number_of_enpoints
14:11:15.510 [Test worker] DEBUG o.h.p.w.spi.MetamodelGraphWalker - Visiting attribute path : vnfr.connected_external_virtual_link.parent_ns
14:11:15.510 [Test worker] DEBUG o.h.p.w.spi.MetamodelGraphWalker - Visiting attribute path : vnfr.connected_external_virtual_link.qos
14:11:15.510 [Test worker] DEBUG o.h.p.w.spi.MetamodelGraphWalker - Visiting attribute path : vnfr.connected_external_virtual_link.root_requirement
14:11:15.510 [Test worker] DEBUG o.h.p.w.spi.MetamodelGraphWalker - Visiting attribute path : vnfr.connected_external_virtual_link.status
14:11:15.510 [Test worker] DEBUG o.h.p.w.spi.MetamodelGraphWalker - Visiting attribute path : vnfr.connected_external_virtual_link.test_access
14:11:15.510 [Test worker] DEBUG o.h.p.w.spi.MetamodelGraphWalker - Visiting attribute path : vnfr.connected_external_virtual_link.vendor
14:11:15.510 [Test worker] DEBUG o.h.p.w.spi.MetamodelGraphWalker - Visiting attribute path : vnfr.connected_external_virtual_link.version
14:11:15.510 [Test worker] DEBUG o.h.p.w.spi.MetamodelGraphWalker - Visiting attribute path : vnfr.connected_external_virtual_link.vim_id
14:11:15.510 [Test worker] DEBUG o.h.p.w.spi.MetamodelGraphWalker - Visiting attribute path : vnfr.connected_external_virtual_link.vnffgr_reference
14:11:15.510 [Test worker] DEBUG o.h.p.w.spi.MetamodelGraphWalker - Property path deemed to be circular : vnfr.connected_external_virtual_link.vnffgr_reference
14:11:15.511 [Test worker] DEBUG o.h.p.w.spi.MetamodelGraphWalker - Visiting attribute path : vnfr.connection_point
14:11:15.511 [Test worker] DEBUG o.h.l.p.b.i.spaces.QuerySpacesImpl - Adding QuerySpace : uid = <gen:84> -> org.hibernate.loader.plan.build.internal.spaces.CollectionQuerySpaceImpl@1495dc3e]
14:11:15.511 [Test worker] DEBUG o.h.l.p.b.i.spaces.QuerySpacesImpl - Adding QuerySpace : uid = <gen:85> -> org.hibernate.loader.plan.build.internal.spaces.EntityQuerySpaceImpl@7aae7500]
14:11:15.511 [Test worker] DEBUG o.h.p.w.spi.MetamodelGraphWalker - Visiting attribute path : vnfr.connection_point.type
14:11:15.511 [Test worker] DEBUG o.h.p.w.spi.MetamodelGraphWalker - Visiting attribute path : vnfr.connection_point.version
14:11:15.511 [Test worker] DEBUG o.h.p.w.spi.MetamodelGraphWalker - Visiting attribute path : vnfr.connection_point.virtual_link_reference
14:11:15.511 [Test worker] DEBUG o.h.p.w.spi.MetamodelGraphWalker - Visiting attribute path : vnfr.dependency
14:11:15.511 [Test worker] DEBUG o.h.l.p.b.i.spaces.QuerySpacesImpl - Adding QuerySpace : uid = <gen:86> -> org.hibernate.loader.plan.build.internal.spaces.CollectionQuerySpaceImpl@34300fd6]
14:11:15.511 [Test worker] DEBUG o.h.l.p.b.i.spaces.QuerySpacesImpl - Adding QuerySpace : uid = <gen:87> -> org.hibernate.loader.plan.build.internal.spaces.EntityQuerySpaceImpl@3f5fc55e]
14:11:15.511 [Test worker] DEBUG o.h.p.w.spi.MetamodelGraphWalker - Visiting attribute path : vnfr.dependency.source
14:11:15.511 [Test worker] DEBUG o.h.p.w.spi.MetamodelGraphWalker - Property path deemed to be circular : vnfr.dependency.source
14:11:15.511 [Test worker] DEBUG o.h.p.w.spi.MetamodelGraphWalker - Visiting attribute path : vnfr.dependency.target
14:11:15.511 [Test worker] DEBUG o.h.p.w.spi.MetamodelGraphWalker - Property path deemed to be circular : vnfr.dependency.target
14:11:15.511 [Test worker] DEBUG o.h.p.w.spi.MetamodelGraphWalker - Visiting attribute path : vnfr.dependency.version
14:11:15.511 [Test worker] DEBUG o.h.p.w.spi.MetamodelGraphWalker - Visiting attribute path : vnfr.deployment_flavour
14:11:15.512 [Test worker] DEBUG o.h.l.p.b.i.spaces.QuerySpacesImpl - Adding QuerySpace : uid = <gen:88> -> org.hibernate.loader.plan.build.internal.spaces.EntityQuerySpaceImpl@16de3935]
14:11:15.512 [Test worker] DEBUG o.h.p.w.spi.MetamodelGraphWalker - Visiting attribute path : vnfr.deployment_flavour.flavour_key
14:11:15.512 [Test worker] DEBUG o.h.p.w.spi.MetamodelGraphWalker - Visiting attribute path : vnfr.deployment_flavour.version
14:11:15.512 [Test worker] DEBUG o.h.p.w.spi.MetamodelGraphWalker - Visiting attribute path : vnfr.deployment_flavour.costituent_vdu
14:11:15.512 [Test worker] DEBUG o.h.p.w.spi.MetamodelGraphWalker - Visiting attribute path : vnfr.deployment_flavour.df_constraint
14:11:15.512 [Test worker] DEBUG o.h.l.p.b.i.spaces.QuerySpacesImpl - Adding QuerySpace : uid = <gen:89> -> org.hibernate.loader.plan.build.internal.spaces.CollectionQuerySpaceImpl@579ea1b]
14:11:15.512 [Test worker] DEBUG o.h.p.w.spi.MetamodelGraphWalker - Visiting attribute path : vnfr.descriptor_reference
14:11:15.512 [Test worker] DEBUG o.h.p.w.spi.MetamodelGraphWalker - Visiting attribute path : vnfr.lifecycle_event
14:11:15.512 [Test worker] DEBUG o.h.l.p.b.i.spaces.QuerySpacesImpl - Adding QuerySpace : uid = <gen:90> -> org.hibernate.loader.plan.build.internal.spaces.EntityQuerySpaceImpl@6f8956c]
14:11:15.512 [Test worker] DEBUG o.h.p.w.spi.MetamodelGraphWalker - Visiting attribute path : vnfr.lifecycle_event.lifecycle_events
14:11:15.512 [Test worker] DEBUG o.h.p.w.spi.MetamodelGraphWalker - Visiting attribute path : vnfr.lifecycle_event.version
14:11:15.512 [Test worker] DEBUG o.h.p.w.spi.MetamodelGraphWalker - Visiting attribute path : vnfr.lifecycle_event_history
14:11:15.512 [Test worker] DEBUG o.h.l.p.b.i.spaces.QuerySpacesImpl - Adding QuerySpace : uid = <gen:91> -> org.hibernate.loader.plan.build.internal.spaces.CollectionQuerySpaceImpl@b11e029]
14:11:15.512 [Test worker] DEBUG o.h.l.p.b.i.spaces.QuerySpacesImpl - Adding QuerySpace : uid = <gen:92> -> org.hibernate.loader.plan.build.internal.spaces.EntityQuerySpaceImpl@4293a96c]
14:11:15.512 [Test worker] DEBUG o.h.p.w.spi.MetamodelGraphWalker - Visiting attribute path : vnfr.lifecycle_event_history.lifecycle_events
14:11:15.512 [Test worker] DEBUG o.h.p.w.spi.MetamodelGraphWalker - Visiting attribute path : vnfr.lifecycle_event_history.version
14:11:15.512 [Test worker] DEBUG o.h.p.w.spi.MetamodelGraphWalker - Visiting attribute path : vnfr.localization
14:11:15.513 [Test worker] DEBUG o.h.p.w.spi.MetamodelGraphWalker - Visiting attribute path : vnfr.monitoring_parameter
14:11:15.513 [Test worker] DEBUG o.h.p.w.spi.MetamodelGraphWalker - Visiting attribute path : vnfr.notification
14:11:15.513 [Test worker] DEBUG o.h.p.w.spi.MetamodelGraphWalker - Visiting attribute path : vnfr.parent_ns
14:11:15.513 [Test worker] DEBUG o.h.l.p.b.i.spaces.QuerySpacesImpl - Adding QuerySpace : uid = <gen:93> -> org.hibernate.loader.plan.build.internal.spaces.EntityQuerySpaceImpl@738174a0]
14:11:15.513 [Test worker] DEBUG o.h.p.w.spi.MetamodelGraphWalker - Visiting attribute path : vnfr.parent_ns.audit_log
14:11:15.513 [Test worker] DEBUG o.h.p.w.spi.MetamodelGraphWalker - Visiting attribute path : vnfr.parent_ns.auto_scale_policy
14:11:15.513 [Test worker] DEBUG o.h.p.w.spi.MetamodelGraphWalker - Property path deemed to be circular : vnfr.parent_ns.auto_scale_policy
14:11:15.513 [Test worker] DEBUG o.h.p.w.spi.MetamodelGraphWalker - Visiting attribute path : vnfr.parent_ns.connection_point
14:11:15.513 [Test worker] DEBUG o.h.p.w.spi.MetamodelGraphWalker - Property path deemed to be circular : vnfr.parent_ns.connection_point
14:11:15.513 [Test worker] DEBUG o.h.p.w.spi.MetamodelGraphWalker - Visiting attribute path : vnfr.parent_ns.descriptor_reference
14:11:15.513 [Test worker] DEBUG o.h.p.w.spi.MetamodelGraphWalker - Property path deemed to be circular : vnfr.parent_ns.descriptor_reference
14:11:15.513 [Test worker] DEBUG o.h.p.w.spi.MetamodelGraphWalker - Visiting attribute path : vnfr.parent_ns.lifecycle_event
14:11:15.513 [Test worker] DEBUG o.h.p.w.spi.MetamodelGraphWalker - Property path deemed to be circular : vnfr.parent_ns.lifecycle_event
14:11:15.513 [Test worker] DEBUG o.h.p.w.spi.MetamodelGraphWalker - Visiting attribute path : vnfr.parent_ns.lifecycle_event_history
14:11:15.513 [Test worker] DEBUG o.h.p.w.spi.MetamodelGraphWalker - Property path deemed to be circular : vnfr.parent_ns.lifecycle_event_history
14:11:15.513 [Test worker] DEBUG o.h.p.w.spi.MetamodelGraphWalker - Visiting attribute path : vnfr.parent_ns.monitoring_parameter
14:11:15.513 [Test worker] DEBUG o.h.p.w.spi.MetamodelGraphWalker - Visiting attribute path : vnfr.parent_ns.notification
14:11:15.513 [Test worker] DEBUG o.h.p.w.spi.MetamodelGraphWalker - Visiting attribute path : vnfr.parent_ns.pnfr
14:11:15.513 [Test worker] DEBUG o.h.p.w.spi.MetamodelGraphWalker - Property path deemed to be circular : vnfr.parent_ns.pnfr
14:11:15.513 [Test worker] DEBUG o.h.p.w.spi.MetamodelGraphWalker - Visiting attribute path : vnfr.parent_ns.resource_reservation
14:11:15.513 [Test worker] DEBUG o.h.p.w.spi.MetamodelGraphWalker - Visiting attribute path : vnfr.parent_ns.runtime_policy_info
14:11:15.513 [Test worker] DEBUG o.h.p.w.spi.MetamodelGraphWalker - Visiting attribute path : vnfr.parent_ns.service_deployment_flavour
14:11:15.513 [Test worker] DEBUG o.h.p.w.spi.MetamodelGraphWalker - Property path deemed to be circular : vnfr.parent_ns.service_deployment_flavour
14:11:15.513 [Test worker] DEBUG o.h.p.w.spi.MetamodelGraphWalker - Visiting attribute path : vnfr.parent_ns.status
14:11:15.513 [Test worker] DEBUG o.h.p.w.spi.MetamodelGraphWalker - Visiting attribute path : vnfr.parent_ns.vendor
14:11:15.513 [Test worker] DEBUG o.h.p.w.spi.MetamodelGraphWalker - Visiting attribute path : vnfr.parent_ns.version
14:11:15.513 [Test worker] DEBUG o.h.p.w.spi.MetamodelGraphWalker - Visiting attribute path : vnfr.parent_ns.vlr
14:11:15.515 [Test worker] DEBUG o.h.p.w.spi.MetamodelGraphWalker - Property path deemed to be circular : vnfr.parent_ns.vlr
14:11:15.515 [Test worker] DEBUG o.h.p.w.spi.MetamodelGraphWalker - Visiting attribute path : vnfr.parent_ns.vnf_dependency
14:11:15.515 [Test worker] DEBUG o.h.p.w.spi.MetamodelGraphWalker - Property path deemed to be circular : vnfr.parent_ns.vnf_dependency
14:11:15.515 [Test worker] DEBUG o.h.p.w.spi.MetamodelGraphWalker - Visiting attribute path : vnfr.parent_ns.vnffgr
14:11:15.515 [Test worker] DEBUG o.h.p.w.spi.MetamodelGraphWalker - Property path deemed to be circular : vnfr.parent_ns.vnffgr
14:11:15.515 [Test worker] DEBUG o.h.p.w.spi.MetamodelGraphWalker - Visiting attribute path : vnfr.parent_ns.vnfr
14:11:15.515 [Test worker] DEBUG o.h.p.w.spi.MetamodelGraphWalker - Property path deemed to be circular : vnfr.parent_ns.vnfr
14:11:15.515 [Test worker] DEBUG o.h.p.w.spi.MetamodelGraphWalker - Visiting attribute path : vnfr.runtime_policy_info
14:11:15.515 [Test worker] DEBUG o.h.p.w.spi.MetamodelGraphWalker - Visiting attribute path : vnfr.status
14:11:15.515 [Test worker] DEBUG o.h.p.w.spi.MetamodelGraphWalker - Visiting attribute path : vnfr.vdu
14:11:15.515 [Test worker] DEBUG o.h.l.p.b.i.spaces.QuerySpacesImpl - Adding QuerySpace : uid = <gen:94> -> org.hibernate.loader.plan.build.internal.spaces.CollectionQuerySpaceImpl@1e3c8ad3]
14:11:15.516 [Test worker] DEBUG o.h.l.p.b.i.spaces.QuerySpacesImpl - Adding QuerySpace : uid = <gen:95> -> org.hibernate.loader.plan.build.internal.spaces.EntityQuerySpaceImpl@18be3227]
14:11:15.516 [Test worker] DEBUG o.h.p.w.spi.MetamodelGraphWalker - Visiting attribute path : vnfr.vdu.computation_requirement
14:11:15.516 [Test worker] DEBUG o.h.p.w.spi.MetamodelGraphWalker - Visiting attribute path : vnfr.vdu.high_availability
14:11:15.516 [Test worker] DEBUG o.h.p.w.spi.MetamodelGraphWalker - Visiting attribute path : vnfr.vdu.lifecycle_event
14:11:15.516 [Test worker] DEBUG o.h.p.w.spi.MetamodelGraphWalker - Visiting attribute path : vnfr.vdu.monitoring_parameter
14:11:15.516 [Test worker] DEBUG o.h.l.p.b.i.spaces.QuerySpacesImpl - Adding QuerySpace : uid = <gen:96> -> org.hibernate.loader.plan.build.internal.spaces.CollectionQuerySpaceImpl@4f7dde01]
14:11:15.516 [Test worker] DEBUG o.h.p.w.spi.MetamodelGraphWalker - Visiting attribute path : vnfr.vdu.scale_in_out
14:11:15.516 [Test worker] DEBUG o.h.p.w.spi.MetamodelGraphWalker - Visiting attribute path : vnfr.vdu.vdu_constraint
14:11:15.516 [Test worker] DEBUG o.h.p.w.spi.MetamodelGraphWalker - Visiting attribute path : vnfr.vdu.version
14:11:15.516 [Test worker] DEBUG o.h.p.w.spi.MetamodelGraphWalker - Visiting attribute path : vnfr.vdu.virtual_memory_resource_element
14:11:15.516 [Test worker] DEBUG o.h.p.w.spi.MetamodelGraphWalker - Visiting attribute path : vnfr.vdu.virtual_network_bandwidth_resource
14:11:15.516 [Test worker] DEBUG o.h.p.w.spi.MetamodelGraphWalker - Visiting attribute path : vnfr.vdu.vm_image
14:11:15.516 [Test worker] DEBUG o.h.l.p.b.i.spaces.QuerySpacesImpl - Adding QuerySpace : uid = <gen:97> -> org.hibernate.loader.plan.build.internal.spaces.CollectionQuerySpaceImpl@507a3c6c]
14:11:15.516 [Test worker] DEBUG o.h.p.w.spi.MetamodelGraphWalker - Visiting attribute path : vnfr.vdu.vnfc
14:11:15.517 [Test worker] DEBUG o.h.p.w.spi.MetamodelGraphWalker - Visiting attribute path : vnfr.vendor
14:11:15.517 [Test worker] DEBUG o.h.p.w.spi.MetamodelGraphWalker - Visiting attribute path : vnfr.version
14:11:15.517 [Test worker] DEBUG o.h.p.w.spi.MetamodelGraphWalker - Visiting attribute path : vnfr.virtual_link
14:11:15.517 [Test worker] DEBUG o.h.l.p.b.i.spaces.QuerySpacesImpl - Adding QuerySpace : uid = <gen:98> -> org.hibernate.loader.plan.build.internal.spaces.CollectionQuerySpaceImpl@914ffbb]
14:11:15.517 [Test worker] DEBUG o.h.l.p.b.i.spaces.QuerySpacesImpl - Adding QuerySpace : uid = <gen:99> -> org.hibernate.loader.plan.build.internal.spaces.EntityQuerySpaceImpl@41a152a5]
14:11:15.517 [Test worker] DEBUG o.h.p.w.spi.MetamodelGraphWalker - Visiting attribute path : vnfr.virtual_link.connectivity_type
14:11:15.517 [Test worker] DEBUG o.h.p.w.spi.MetamodelGraphWalker - Visiting attribute path : vnfr.virtual_link.leaf_requirement
14:11:15.517 [Test worker] DEBUG o.h.p.w.spi.MetamodelGraphWalker - Visiting attribute path : vnfr.virtual_link.qos
14:11:15.517 [Test worker] DEBUG o.h.p.w.spi.MetamodelGraphWalker - Visiting attribute path : vnfr.virtual_link.root_requirement
14:11:15.517 [Test worker] DEBUG o.h.p.w.spi.MetamodelGraphWalker - Visiting attribute path : vnfr.virtual_link.test_access
14:11:15.517 [Test worker] DEBUG o.h.p.w.spi.MetamodelGraphWalker - Visiting attribute path : vnfr.virtual_link.version
14:11:15.517 [Test worker] DEBUG o.h.p.w.spi.MetamodelGraphWalker - Visiting attribute path : vnfr.virtual_link.connection_points_references
14:11:15.517 [Test worker] DEBUG o.h.l.p.b.i.spaces.QuerySpacesImpl - Adding QuerySpace : uid = <gen:100> -> org.hibernate.loader.plan.build.internal.spaces.CollectionQuerySpaceImpl@2ad0151d]
14:11:15.518 [Test worker] DEBUG o.h.p.w.spi.MetamodelGraphWalker - Visiting attribute path : vnfr.vnf_address
14:11:15.518 [Test worker] DEBUG o.h.p.w.spi.MetamodelGraphWalker - Visiting attribute path : vnfr.vnfm_id
14:11:15.518 [Test worker] DEBUG o.h.l.p.b.i.FetchStyleLoadPlanBuildingAssociationVisitationStrategy - Building LoadPlan...
14:11:15.518 [Test worker] DEBUG o.h.l.p.e.i.LoadQueryJoinAndFetchProcessor - processing queryspace <gen:0>
14:11:15.525 [Test worker] DEBUG o.h.l.p.b.spi.LoadPlanTreePrinter - LoadPlan(entity=org.project.neutrino.nfvo.catalogue.mano.record.NetworkServiceRecord)
    - Returns
       - EntityReturnImpl(entity=org.project.neutrino.nfvo.catalogue.mano.record.NetworkServiceRecord, querySpaceUid=<gen:0>, path=org.project.neutrino.nfvo.catalogue.mano.record.NetworkServiceRecord)
          - CollectionAttributeFetchImpl(collection=org.project.neutrino.nfvo.catalogue.mano.record.NetworkServiceRecord.auto_scale_policy, querySpaceUid=<gen:1>, path=org.project.neutrino.nfvo.catalogue.mano.record.NetworkServiceRecord.auto_scale_policy)
             - (collection element) CollectionFetchableElementEntityGraph(entity=org.project.neutrino.nfvo.catalogue.mano.common.AutoScalePolicy, querySpaceUid=<gen:2>, path=org.project.neutrino.nfvo.catalogue.mano.record.NetworkServiceRecord.auto_scale_policy.<elements>)
          - CollectionAttributeFetchImpl(collection=org.project.neutrino.nfvo.catalogue.mano.record.NetworkServiceRecord.connection_point, querySpaceUid=<gen:3>, path=org.project.neutrino.nfvo.catalogue.mano.record.NetworkServiceRecord.connection_point)
             - (collection element) CollectionFetchableElementEntityGraph(entity=org.project.neutrino.nfvo.catalogue.mano.common.ConnectionPoint, querySpaceUid=<gen:4>, path=org.project.neutrino.nfvo.catalogue.mano.record.NetworkServiceRecord.connection_point.<elements>)
          - EntityAttributeFetchImpl(entity=org.project.neutrino.nfvo.catalogue.mano.common.NFVEntityDescriptor, querySpaceUid=<gen:5>, path=org.project.neutrino.nfvo.catalogue.mano.record.NetworkServiceRecord.descriptor_reference)
             - CollectionAttributeFetchImpl(collection=org.project.neutrino.nfvo.catalogue.mano.common.NFVEntityDescriptor.monitoring_parameter, querySpaceUid=<gen:6>, path=org.project.neutrino.nfvo.catalogue.mano.record.NetworkServiceRecord.descriptor_reference.monitoring_parameter)
             - CollectionAttributeFetchImpl(collection=org.project.neutrino.nfvo.catalogue.mano.descriptor.VirtualNetworkFunctionDescriptor.deployment_flavour, querySpaceUid=<gen:7>, path=org.project.neutrino.nfvo.catalogue.mano.record.NetworkServiceRecord.descriptor_reference.deployment_flavour)
                - (collection element) CollectionFetchableElementEntityGraph(entity=org.project.neutrino.nfvo.catalogue.mano.descriptor.VNFDDeploymentFlavour, querySpaceUid=<gen:8>, path=org.project.neutrino.nfvo.catalogue.mano.record.NetworkServiceRecord.descriptor_reference.deployment_flavour.<elements>)
                   - CollectionAttributeFetchImpl(collection=org.project.neutrino.nfvo.catalogue.mano.descriptor.VNFDDeploymentFlavour.df_constraint, querySpaceUid=<gen:9>, path=org.project.neutrino.nfvo.catalogue.mano.record.NetworkServiceRecord.descriptor_reference.deployment_flavour.<elements>.df_constraint)
             - EntityAttributeFetchImpl(entity=org.project.neutrino.nfvo.catalogue.mano.common.Security, querySpaceUid=<gen:10>, path=org.project.neutrino.nfvo.catalogue.mano.record.NetworkServiceRecord.descriptor_reference.nsd_security)
             - CollectionAttributeFetchImpl(collection=org.project.neutrino.nfvo.catalogue.mano.descriptor.NetworkServiceDescriptor.vnf_dependency, querySpaceUid=<gen:11>, path=org.project.neutrino.nfvo.catalogue.mano.record.NetworkServiceRecord.descriptor_reference.vnf_dependency)
                - (collection element) CollectionFetchableElementEntityGraph(entity=org.project.neutrino.nfvo.catalogue.mano.common.VNFDependency, querySpaceUid=<gen:12>, path=org.project.neutrino.nfvo.catalogue.mano.record.NetworkServiceRecord.descriptor_reference.vnf_dependency.<elements>)
                   - EntityAttributeFetchImpl(entity=org.project.neutrino.nfvo.catalogue.mano.descriptor.VirtualNetworkFunctionDescriptor, querySpaceUid=<gen:13>, path=org.project.neutrino.nfvo.catalogue.mano.record.NetworkServiceRecord.descriptor_reference.vnf_dependency.<elements>.source)
                   - EntityAttributeFetchImpl(entity=org.project.neutrino.nfvo.catalogue.mano.descriptor.VirtualNetworkFunctionDescriptor, querySpaceUid=<gen:14>, path=org.project.neutrino.nfvo.catalogue.mano.record.NetworkServiceRecord.descriptor_reference.vnf_dependency.<elements>.target)
             - CollectionAttributeFetchImpl(collection=org.project.neutrino.nfvo.catalogue.mano.descriptor.NetworkServiceDescriptor.vnfd, querySpaceUid=<gen:15>, path=org.project.neutrino.nfvo.catalogue.mano.record.NetworkServiceRecord.descriptor_reference.vnfd)
                - (collection element) CollectionFetchableElementEntityGraph(entity=org.project.neutrino.nfvo.catalogue.mano.descriptor.VirtualNetworkFunctionDescriptor, querySpaceUid=<gen:16>, path=org.project.neutrino.nfvo.catalogue.mano.record.NetworkServiceRecord.descriptor_reference.vnfd.<elements>)
          - EntityAttributeFetchImpl(entity=org.project.neutrino.nfvo.catalogue.mano.common.LifecycleEvent, querySpaceUid=<gen:17>, path=org.project.neutrino.nfvo.catalogue.mano.record.NetworkServiceRecord.lifecycle_event)
          - CollectionAttributeFetchImpl(collection=org.project.neutrino.nfvo.catalogue.mano.record.NetworkServiceRecord.lifecycle_event_history, querySpaceUid=<gen:18>, path=org.project.neutrino.nfvo.catalogue.mano.record.NetworkServiceRecord.lifecycle_event_history)
             - (collection element) CollectionFetchableElementEntityGraph(entity=org.project.neutrino.nfvo.catalogue.mano.common.LifecycleEvent, querySpaceUid=<gen:19>, path=org.project.neutrino.nfvo.catalogue.mano.record.NetworkServiceRecord.lifecycle_event_history.<elements>)
          - CollectionAttributeFetchImpl(collection=org.project.neutrino.nfvo.catalogue.mano.record.NetworkServiceRecord.pnfr, querySpaceUid=<gen:20>, path=org.project.neutrino.nfvo.catalogue.mano.record.NetworkServiceRecord.pnfr)
             - (collection element) CollectionFetchableElementEntityGraph(entity=org.project.neutrino.nfvo.catalogue.mano.record.PhysicalNetworkFunctionRecord, querySpaceUid=<gen:21>, path=org.project.neutrino.nfvo.catalogue.mano.record.NetworkServiceRecord.pnfr.<elements>)
                - CollectionAttributeFetchImpl(collection=org.project.neutrino.nfvo.catalogue.mano.record.PhysicalNetworkFunctionRecord.connected_virtual_link, querySpaceUid=<gen:22>, path=org.project.neutrino.nfvo.catalogue.mano.record.NetworkServiceRecord.pnfr.<elements>.connected_virtual_link)
                   - (collection element) CollectionFetchableElementEntityGraph(entity=org.project.neutrino.nfvo.catalogue.mano.record.VirtualLinkRecord, querySpaceUid=<gen:23>, path=org.project.neutrino.nfvo.catalogue.mano.record.NetworkServiceRecord.pnfr.<elements>.connected_virtual_link.<elements>)
                      - CollectionAttributeFetchImpl(collection=org.project.neutrino.nfvo.catalogue.mano.record.VirtualLinkRecord.lifecycle_event_history, querySpaceUid=<gen:24>, path=org.project.neutrino.nfvo.catalogue.mano.record.NetworkServiceRecord.pnfr.<elements>.connected_virtual_link.<elements>.lifecycle_event_history)
                         - (collection element) CollectionFetchableElementEntityGraph(entity=org.project.neutrino.nfvo.catalogue.mano.common.LifecycleEvent, querySpaceUid=<gen:25>, path=org.project.neutrino.nfvo.catalogue.mano.record.NetworkServiceRecord.pnfr.<elements>.connected_virtual_link.<elements>.lifecycle_event_history.<elements>)
                      - CollectionAttributeFetchImpl(collection=org.project.neutrino.nfvo.catalogue.mano.record.VirtualLinkRecord.vnffgr_reference, querySpaceUid=<gen:26>, path=org.project.neutrino.nfvo.catalogue.mano.record.NetworkServiceRecord.pnfr.<elements>.connected_virtual_link.<elements>.vnffgr_reference)
                         - (collection element) CollectionFetchableElementEntityGraph(entity=org.project.neutrino.nfvo.catalogue.mano.record.VNFForwardingGraphRecord, querySpaceUid=<gen:27>, path=org.project.neutrino.nfvo.catalogue.mano.record.NetworkServiceRecord.pnfr.<elements>.connected_virtual_link.<elements>.vnffgr_reference.<elements>)
                - CollectionAttributeFetchImpl(collection=org.project.neutrino.nfvo.catalogue.mano.record.PhysicalNetworkFunctionRecord.connection_point, querySpaceUid=<gen:28>, path=org.project.neutrino.nfvo.catalogue.mano.record.NetworkServiceRecord.pnfr.<elements>.connection_point)
                   - (collection element) CollectionFetchableElementEntityGraph(entity=org.project.neutrino.nfvo.catalogue.mano.common.ConnectionPoint, querySpaceUid=<gen:29>, path=org.project.neutrino.nfvo.catalogue.mano.record.NetworkServiceRecord.pnfr.<elements>.connection_point.<elements>)
                - EntityAttributeFetchImpl(entity=org.project.neutrino.nfvo.catalogue.mano.descriptor.PhysicalNetworkFunctionDescriptor, querySpaceUid=<gen:30>, path=org.project.neutrino.nfvo.catalogue.mano.record.NetworkServiceRecord.pnfr.<elements>.descriptor_reference)
                   - EntityAttributeFetchImpl(entity=org.project.neutrino.nfvo.catalogue.mano.common.Security, querySpaceUid=<gen:31>, path=org.project.neutrino.nfvo.catalogue.mano.record.NetworkServiceRecord.pnfr.<elements>.descriptor_reference.pnfd_security)
                - EntityAttributeFetchImpl(entity=org.project.neutrino.nfvo.catalogue.mano.record.NetworkServiceRecord, querySpaceUid=<gen:32>, path=org.project.neutrino.nfvo.catalogue.mano.record.NetworkServiceRecord.pnfr.<elements>.parent_ns)
                   - EntityAttributeFetchImpl(entity=org.project.neutrino.nfvo.catalogue.mano.common.ServiceDeploymentFlavour, querySpaceUid=<gen:33>, path=org.project.neutrino.nfvo.catalogue.mano.record.NetworkServiceRecord.pnfr.<elements>.parent_ns.service_deployment_flavour)
                   - CollectionAttributeFetchImpl(collection=org.project.neutrino.nfvo.catalogue.mano.record.NetworkServiceRecord.vlr, querySpaceUid=<gen:34>, path=org.project.neutrino.nfvo.catalogue.mano.record.NetworkServiceRecord.pnfr.<elements>.parent_ns.vlr)
                      - (collection element) CollectionFetchableElementEntityGraph(entity=org.project.neutrino.nfvo.catalogue.mano.record.VirtualLinkRecord, querySpaceUid=<gen:35>, path=org.project.neutrino.nfvo.catalogue.mano.record.NetworkServiceRecord.pnfr.<elements>.parent_ns.vlr.<elements>)
                   - CollectionAttributeFetchImpl(collection=org.project.neutrino.nfvo.catalogue.mano.record.NetworkServiceRecord.vnf_dependency, querySpaceUid=<gen:36>, path=org.project.neutrino.nfvo.catalogue.mano.record.NetworkServiceRecord.pnfr.<elements>.parent_ns.vnf_dependency)
                      - (collection element) CollectionFetchableElementEntityGraph(entity=org.project.neutrino.nfvo.catalogue.mano.common.VNFDependency, querySpaceUid=<gen:37>, path=org.project.neutrino.nfvo.catalogue.mano.record.NetworkServiceRecord.pnfr.<elements>.parent_ns.vnf_dependency.<elements>)
                   - CollectionAttributeFetchImpl(collection=org.project.neutrino.nfvo.catalogue.mano.record.NetworkServiceRecord.vnffgr, querySpaceUid=<gen:38>, path=org.project.neutrino.nfvo.catalogue.mano.record.NetworkServiceRecord.pnfr.<elements>.parent_ns.vnffgr)
                      - (collection element) CollectionFetchableElementEntityGraph(entity=org.project.neutrino.nfvo.catalogue.mano.descriptor.VNFForwardingGraph, querySpaceUid=<gen:39>, path=org.project.neutrino.nfvo.catalogue.mano.record.NetworkServiceRecord.pnfr.<elements>.parent_ns.vnffgr.<elements>)
                   - EntityAttributeFetchImpl(entity=org.project.neutrino.nfvo.catalogue.mano.record.VirtualNetworkFunctionRecord, querySpaceUid=<gen:40>, path=org.project.neutrino.nfvo.catalogue.mano.record.NetworkServiceRecord.pnfr.<elements>.parent_ns.vnfr)
                - CollectionAttributeFetchImpl(collection=org.project.neutrino.nfvo.catalogue.mano.record.PhysicalNetworkFunctionRecord.vnffgr, querySpaceUid=<gen:41>, path=org.project.neutrino.nfvo.catalogue.mano.record.NetworkServiceRecord.pnfr.<elements>.vnffgr)
                   - (collection element) CollectionFetchableElementEntityGraph(entity=org.project.neutrino.nfvo.catalogue.mano.record.VNFForwardingGraphRecord, querySpaceUid=<gen:42>, path=org.project.neutrino.nfvo.catalogue.mano.record.NetworkServiceRecord.pnfr.<elements>.vnffgr.<elements>)
                      - CollectionAttributeFetchImpl(collection=org.project.neutrino.nfvo.catalogue.mano.record.VNFForwardingGraphRecord.connection_point, querySpaceUid=<gen:43>, path=org.project.neutrino.nfvo.catalogue.mano.record.NetworkServiceRecord.pnfr.<elements>.vnffgr.<elements>.connection_point)
                         - (collection element) CollectionFetchableElementEntityGraph(entity=org.project.neutrino.nfvo.catalogue.mano.descriptor.VNFDConnectionPoint, querySpaceUid=<gen:44>, path=org.project.neutrino.nfvo.catalogue.mano.record.NetworkServiceRecord.pnfr.<elements>.vnffgr.<elements>.connection_point.<elements>)
                      - CollectionAttributeFetchImpl(collection=org.project.neutrino.nfvo.catalogue.mano.record.VNFForwardingGraphRecord.dependent_virtual_link, querySpaceUid=<gen:45>, path=org.project.neutrino.nfvo.catalogue.mano.record.NetworkServiceRecord.pnfr.<elements>.vnffgr.<elements>.dependent_virtual_link)
                         - (collection element) CollectionFetchableElementEntityGraph(entity=org.project.neutrino.nfvo.catalogue.mano.record.VirtualLinkRecord, querySpaceUid=<gen:46>, path=org.project.neutrino.nfvo.catalogue.mano.record.NetworkServiceRecord.pnfr.<elements>.vnffgr.<elements>.dependent_virtual_link.<elements>)
                      - EntityAttributeFetchImpl(entity=org.project.neutrino.nfvo.catalogue.mano.descriptor.VNFForwardingGraph, querySpaceUid=<gen:47>, path=org.project.neutrino.nfvo.catalogue.mano.record.NetworkServiceRecord.pnfr.<elements>.vnffgr.<elements>.descriptor_reference)
                      - CollectionAttributeFetchImpl(collection=org.project.neutrino.nfvo.catalogue.mano.record.VNFForwardingGraphRecord.lifecycle_event_history, querySpaceUid=<gen:48>, path=org.project.neutrino.nfvo.catalogue.mano.record.NetworkServiceRecord.pnfr.<elements>.vnffgr.<elements>.lifecycle_event_history)
                         - (collection element) CollectionFetchableElementEntityGraph(entity=org.project.neutrino.nfvo.catalogue.mano.common.LifecycleEvent, querySpaceUid=<gen:49>, path=org.project.neutrino.nfvo.catalogue.mano.record.NetworkServiceRecord.pnfr.<elements>.vnffgr.<elements>.lifecycle_event_history.<elements>)
                      - CollectionAttributeFetchImpl(collection=org.project.neutrino.nfvo.catalogue.mano.record.VNFForwardingGraphRecord.member_vnfs, querySpaceUid=<gen:50>, path=org.project.neutrino.nfvo.catalogue.mano.record.NetworkServiceRecord.pnfr.<elements>.vnffgr.<elements>.member_vnfs)
                         - (collection element) CollectionFetchableElementEntityGraph(entity=org.project.neutrino.nfvo.catalogue.mano.record.VirtualNetworkFunctionRecord, querySpaceUid=<gen:51>, path=org.project.neutrino.nfvo.catalogue.mano.record.NetworkServiceRecord.pnfr.<elements>.vnffgr.<elements>.member_vnfs.<elements>)
                      - EntityAttributeFetchImpl(entity=org.project.neutrino.nfvo.catalogue.mano.descriptor.NetworkForwardingPath, querySpaceUid=<gen:52>, path=org.project.neutrino.nfvo.catalogue.mano.record.NetworkServiceRecord.pnfr.<elements>.vnffgr.<elements>.network_forwarding_path)
                      - EntityAttributeFetchImpl(entity=org.project.neutrino.nfvo.catalogue.mano.record.NetworkServiceRecord, querySpaceUid=<gen:53>, path=org.project.neutrino.nfvo.catalogue.mano.record.NetworkServiceRecord.pnfr.<elements>.vnffgr.<elements>.parent_ns)
          - EntityAttributeFetchImpl(entity=org.project.neutrino.nfvo.catalogue.mano.common.ServiceDeploymentFlavour, querySpaceUid=<gen:54>, path=org.project.neutrino.nfvo.catalogue.mano.record.NetworkServiceRecord.service_deployment_flavour)
          - CollectionAttributeFetchImpl(collection=org.project.neutrino.nfvo.catalogue.mano.record.NetworkServiceRecord.vlr, querySpaceUid=<gen:55>, path=org.project.neutrino.nfvo.catalogue.mano.record.NetworkServiceRecord.vlr)
             - (collection element) CollectionFetchableElementEntityGraph(entity=org.project.neutrino.nfvo.catalogue.mano.record.VirtualLinkRecord, querySpaceUid=<gen:56>, path=org.project.neutrino.nfvo.catalogue.mano.record.NetworkServiceRecord.vlr.<elements>)
                - CollectionAttributeFetchImpl(collection=org.project.neutrino.nfvo.catalogue.mano.record.VirtualLinkRecord.lifecycle_event_history, querySpaceUid=<gen:57>, path=org.project.neutrino.nfvo.catalogue.mano.record.NetworkServiceRecord.vlr.<elements>.lifecycle_event_history)
                   - (collection element) CollectionFetchableElementEntityGraph(entity=org.project.neutrino.nfvo.catalogue.mano.common.LifecycleEvent, querySpaceUid=<gen:58>, path=org.project.neutrino.nfvo.catalogue.mano.record.NetworkServiceRecord.vlr.<elements>.lifecycle_event_history.<elements>)
                - CollectionAttributeFetchImpl(collection=org.project.neutrino.nfvo.catalogue.mano.record.VirtualLinkRecord.vnffgr_reference, querySpaceUid=<gen:59>, path=org.project.neutrino.nfvo.catalogue.mano.record.NetworkServiceRecord.vlr.<elements>.vnffgr_reference)
                   - (collection element) CollectionFetchableElementEntityGraph(entity=org.project.neutrino.nfvo.catalogue.mano.record.VNFForwardingGraphRecord, querySpaceUid=<gen:60>, path=org.project.neutrino.nfvo.catalogue.mano.record.NetworkServiceRecord.vlr.<elements>.vnffgr_reference.<elements>)
                      - CollectionAttributeFetchImpl(collection=org.project.neutrino.nfvo.catalogue.mano.record.VNFForwardingGraphRecord.connection_point, querySpaceUid=<gen:61>, path=org.project.neutrino.nfvo.catalogue.mano.record.NetworkServiceRecord.vlr.<elements>.vnffgr_reference.<elements>.connection_point)
                         - (collection element) CollectionFetchableElementEntityGraph(entity=org.project.neutrino.nfvo.catalogue.mano.descriptor.VNFDConnectionPoint, querySpaceUid=<gen:62>, path=org.project.neutrino.nfvo.catalogue.mano.record.NetworkServiceRecord.vlr.<elements>.vnffgr_reference.<elements>.connection_point.<elements>)
                      - CollectionAttributeFetchImpl(collection=org.project.neutrino.nfvo.catalogue.mano.record.VNFForwardingGraphRecord.dependent_virtual_link, querySpaceUid=<gen:63>, path=org.project.neutrino.nfvo.catalogue.mano.record.NetworkServiceRecord.vlr.<elements>.vnffgr_reference.<elements>.dependent_virtual_link)
                         - (collection element) CollectionFetchableElementEntityGraph(entity=org.project.neutrino.nfvo.catalogue.mano.record.VirtualLinkRecord, querySpaceUid=<gen:64>, path=org.project.neutrino.nfvo.catalogue.mano.record.NetworkServiceRecord.vlr.<elements>.vnffgr_reference.<elements>.dependent_virtual_link.<elements>)
                      - EntityAttributeFetchImpl(entity=org.project.neutrino.nfvo.catalogue.mano.descriptor.VNFForwardingGraph, querySpaceUid=<gen:65>, path=org.project.neutrino.nfvo.catalogue.mano.record.NetworkServiceRecord.vlr.<elements>.vnffgr_reference.<elements>.descriptor_reference)
                      - CollectionAttributeFetchImpl(collection=org.project.neutrino.nfvo.catalogue.mano.record.VNFForwardingGraphRecord.lifecycle_event_history, querySpaceUid=<gen:66>, path=org.project.neutrino.nfvo.catalogue.mano.record.NetworkServiceRecord.vlr.<elements>.vnffgr_reference.<elements>.lifecycle_event_history)
                         - (collection element) CollectionFetchableElementEntityGraph(entity=org.project.neutrino.nfvo.catalogue.mano.common.LifecycleEvent, querySpaceUid=<gen:67>, path=org.project.neutrino.nfvo.catalogue.mano.record.NetworkServiceRecord.vlr.<elements>.vnffgr_reference.<elements>.lifecycle_event_history.<elements>)
                      - CollectionAttributeFetchImpl(collection=org.project.neutrino.nfvo.catalogue.mano.record.VNFForwardingGraphRecord.member_vnfs, querySpaceUid=<gen:68>, path=org.project.neutrino.nfvo.catalogue.mano.record.NetworkServiceRecord.vlr.<elements>.vnffgr_reference.<elements>.member_vnfs)
                         - (collection element) CollectionFetchableElementEntityGraph(entity=org.project.neutrino.nfvo.catalogue.mano.record.VirtualNetworkFunctionRecord, querySpaceUid=<gen:69>, path=org.project.neutrino.nfvo.catalogue.mano.record.NetworkServiceRecord.vlr.<elements>.vnffgr_reference.<elements>.member_vnfs.<elements>)
                      - EntityAttributeFetchImpl(entity=org.project.neutrino.nfvo.catalogue.mano.descriptor.NetworkForwardingPath, querySpaceUid=<gen:70>, path=org.project.neutrino.nfvo.catalogue.mano.record.NetworkServiceRecord.vlr.<elements>.vnffgr_reference.<elements>.network_forwarding_path)
                      - EntityAttributeFetchImpl(entity=org.project.neutrino.nfvo.catalogue.mano.record.NetworkServiceRecord, querySpaceUid=<gen:71>, path=org.project.neutrino.nfvo.catalogue.mano.record.NetworkServiceRecord.vlr.<elements>.vnffgr_reference.<elements>.parent_ns)
          - CollectionAttributeFetchImpl(collection=org.project.neutrino.nfvo.catalogue.mano.record.NetworkServiceRecord.vnf_dependency, querySpaceUid=<gen:72>, path=org.project.neutrino.nfvo.catalogue.mano.record.NetworkServiceRecord.vnf_dependency)
             - (collection element) CollectionFetchableElementEntityGraph(entity=org.project.neutrino.nfvo.catalogue.mano.common.VNFDependency, querySpaceUid=<gen:73>, path=org.project.neutrino.nfvo.catalogue.mano.record.NetworkServiceRecord.vnf_dependency.<elements>)
                - EntityAttributeFetchImpl(entity=org.project.neutrino.nfvo.catalogue.mano.descriptor.VirtualNetworkFunctionDescriptor, querySpaceUid=<gen:74>, path=org.project.neutrino.nfvo.catalogue.mano.record.NetworkServiceRecord.vnf_dependency.<elements>.source)
                - EntityAttributeFetchImpl(entity=org.project.neutrino.nfvo.catalogue.mano.descriptor.VirtualNetworkFunctionDescriptor, querySpaceUid=<gen:75>, path=org.project.neutrino.nfvo.catalogue.mano.record.NetworkServiceRecord.vnf_dependency.<elements>.target)
          - CollectionAttributeFetchImpl(collection=org.project.neutrino.nfvo.catalogue.mano.record.NetworkServiceRecord.vnffgr, querySpaceUid=<gen:76>, path=org.project.neutrino.nfvo.catalogue.mano.record.NetworkServiceRecord.vnffgr)
             - (collection element) CollectionFetchableElementEntityGraph(entity=org.project.neutrino.nfvo.catalogue.mano.descriptor.VNFForwardingGraph, querySpaceUid=<gen:77>, path=org.project.neutrino.nfvo.catalogue.mano.record.NetworkServiceRecord.vnffgr.<elements>)
                - EntityAttributeFetchImpl(entity=org.project.neutrino.nfvo.catalogue.mano.common.Security, querySpaceUid=<gen:78>, path=org.project.neutrino.nfvo.catalogue.mano.record.NetworkServiceRecord.vnffgr.<elements>.vnffgd_security)
          - EntityAttributeFetchImpl(entity=org.project.neutrino.nfvo.catalogue.mano.record.VirtualNetworkFunctionRecord, querySpaceUid=<gen:79>, path=org.project.neutrino.nfvo.catalogue.mano.record.NetworkServiceRecord.vnfr)
             - CollectionAttributeFetchImpl(collection=org.project.neutrino.nfvo.catalogue.mano.record.VirtualNetworkFunctionRecord.auto_scale_policy, querySpaceUid=<gen:80>, path=org.project.neutrino.nfvo.catalogue.mano.record.NetworkServiceRecord.vnfr.auto_scale_policy)
                - (collection element) CollectionFetchableElementEntityGraph(entity=org.project.neutrino.nfvo.catalogue.mano.common.AutoScalePolicy, querySpaceUid=<gen:81>, path=org.project.neutrino.nfvo.catalogue.mano.record.NetworkServiceRecord.vnfr.auto_scale_policy.<elements>)
             - CollectionAttributeFetchImpl(collection=org.project.neutrino.nfvo.catalogue.mano.record.VirtualNetworkFunctionRecord.connected_external_virtual_link, querySpaceUid=<gen:82>, path=org.project.neutrino.nfvo.catalogue.mano.record.NetworkServiceRecord.vnfr.connected_external_virtual_link)
                - (collection element) CollectionFetchableElementEntityGraph(entity=org.project.neutrino.nfvo.catalogue.mano.record.VirtualLinkRecord, querySpaceUid=<gen:83>, path=org.project.neutrino.nfvo.catalogue.mano.record.NetworkServiceRecord.vnfr.connected_external_virtual_link.<elements>)
             - CollectionAttributeFetchImpl(collection=org.project.neutrino.nfvo.catalogue.mano.record.VirtualNetworkFunctionRecord.connection_point, querySpaceUid=<gen:84>, path=org.project.neutrino.nfvo.catalogue.mano.record.NetworkServiceRecord.vnfr.connection_point)
                - (collection element) CollectionFetchableElementEntityGraph(entity=org.project.neutrino.nfvo.catalogue.mano.common.ConnectionPoint, querySpaceUid=<gen:85>, path=org.project.neutrino.nfvo.catalogue.mano.record.NetworkServiceRecord.vnfr.connection_point.<elements>)
             - CollectionAttributeFetchImpl(collection=org.project.neutrino.nfvo.catalogue.mano.record.VirtualNetworkFunctionRecord.dependency, querySpaceUid=<gen:86>, path=org.project.neutrino.nfvo.catalogue.mano.record.NetworkServiceRecord.vnfr.dependency)
                - (collection element) CollectionFetchableElementEntityGraph(entity=org.project.neutrino.nfvo.catalogue.mano.common.VNFDependency, querySpaceUid=<gen:87>, path=org.project.neutrino.nfvo.catalogue.mano.record.NetworkServiceRecord.vnfr.dependency.<elements>)
             - EntityAttributeFetchImpl(entity=org.project.neutrino.nfvo.catalogue.mano.descriptor.VNFDDeploymentFlavour, querySpaceUid=<gen:88>, path=org.project.neutrino.nfvo.catalogue.mano.record.NetworkServiceRecord.vnfr.deployment_flavour)
                - CollectionAttributeFetchImpl(collection=org.project.neutrino.nfvo.catalogue.mano.descriptor.VNFDDeploymentFlavour.df_constraint, querySpaceUid=<gen:89>, path=org.project.neutrino.nfvo.catalogue.mano.record.NetworkServiceRecord.vnfr.deployment_flavour.df_constraint)
             - EntityAttributeFetchImpl(entity=org.project.neutrino.nfvo.catalogue.mano.common.LifecycleEvent, querySpaceUid=<gen:90>, path=org.project.neutrino.nfvo.catalogue.mano.record.NetworkServiceRecord.vnfr.lifecycle_event)
             - CollectionAttributeFetchImpl(collection=org.project.neutrino.nfvo.catalogue.mano.record.VirtualNetworkFunctionRecord.lifecycle_event_history, querySpaceUid=<gen:91>, path=org.project.neutrino.nfvo.catalogue.mano.record.NetworkServiceRecord.vnfr.lifecycle_event_history)
                - (collection element) CollectionFetchableElementEntityGraph(entity=org.project.neutrino.nfvo.catalogue.mano.common.LifecycleEvent, querySpaceUid=<gen:92>, path=org.project.neutrino.nfvo.catalogue.mano.record.NetworkServiceRecord.vnfr.lifecycle_event_history.<elements>)
             - EntityAttributeFetchImpl(entity=org.project.neutrino.nfvo.catalogue.mano.record.NetworkServiceRecord, querySpaceUid=<gen:93>, path=org.project.neutrino.nfvo.catalogue.mano.record.NetworkServiceRecord.vnfr.parent_ns)
             - CollectionAttributeFetchImpl(collection=org.project.neutrino.nfvo.catalogue.mano.record.VirtualNetworkFunctionRecord.vdu, querySpaceUid=<gen:94>, path=org.project.neutrino.nfvo.catalogue.mano.record.NetworkServiceRecord.vnfr.vdu)
                - (collection element) CollectionFetchableElementEntityGraph(entity=org.project.neutrino.nfvo.catalogue.mano.descriptor.VirtualDeploymentUnit, querySpaceUid=<gen:95>, path=org.project.neutrino.nfvo.catalogue.mano.record.NetworkServiceRecord.vnfr.vdu.<elements>)
                   - CollectionAttributeFetchImpl(collection=org.project.neutrino.nfvo.catalogue.mano.descriptor.VirtualDeploymentUnit.monitoring_parameter, querySpaceUid=<gen:96>, path=org.project.neutrino.nfvo.catalogue.mano.record.NetworkServiceRecord.vnfr.vdu.<elements>.monitoring_parameter)
                   - CollectionAttributeFetchImpl(collection=org.project.neutrino.nfvo.catalogue.mano.descriptor.VirtualDeploymentUnit.vm_image, querySpaceUid=<gen:97>, path=org.project.neutrino.nfvo.catalogue.mano.record.NetworkServiceRecord.vnfr.vdu.<elements>.vm_image)
             - CollectionAttributeFetchImpl(collection=org.project.neutrino.nfvo.catalogue.mano.record.VirtualNetworkFunctionRecord.virtual_link, querySpaceUid=<gen:98>, path=org.project.neutrino.nfvo.catalogue.mano.record.NetworkServiceRecord.vnfr.virtual_link)
                - (collection element) CollectionFetchableElementEntityGraph(entity=org.project.neutrino.nfvo.catalogue.mano.descriptor.InternalVirtualLink, querySpaceUid=<gen:99>, path=org.project.neutrino.nfvo.catalogue.mano.record.NetworkServiceRecord.vnfr.virtual_link.<elements>)
                   - CollectionAttributeFetchImpl(collection=org.project.neutrino.nfvo.catalogue.mano.descriptor.InternalVirtualLink.connection_points_references, querySpaceUid=<gen:100>, path=org.project.neutrino.nfvo.catalogue.mano.record.NetworkServiceRecord.vnfr.virtual_link.<elements>.connection_points_references)
    - QuerySpaces
       - EntityQuerySpaceImpl(uid=<gen:0>, entity=org.project.neutrino.nfvo.catalogue.mano.record.NetworkServiceRecord)
          - SQL table alias mapping - networkser0_
          - alias suffix - 0_
          - suffixed key columns - {id1_18_0_}
          - JOIN (JoinDefinedByMetadata(auto_scale_policy)) : <gen:0> -> <gen:1>
             - CollectionQuerySpaceImpl(uid=<gen:1>, collection=org.project.neutrino.nfvo.catalogue.mano.record.NetworkServiceRecord.auto_scale_policy)
                - SQL table alias mapping - auto_scale1_
                - alias suffix - 1_
                - suffixed key columns - {network_1_18_1_}
                - entity-element alias suffix - 2_
                - 2_entity-element suffixed key columns - id1_3_2_
                - JOIN (JoinDefinedByMetadata(elements)) : <gen:1> -> <gen:2>
                   - EntityQuerySpaceImpl(uid=<gen:2>, entity=org.project.neutrino.nfvo.catalogue.mano.common.AutoScalePolicy)
                      - SQL table alias mapping - autoscalep2_
                      - alias suffix - 2_
                      - suffixed key columns - {id1_3_2_}
          - JOIN (JoinDefinedByMetadata(connection_point)) : <gen:0> -> <gen:3>
             - CollectionQuerySpaceImpl(uid=<gen:3>, collection=org.project.neutrino.nfvo.catalogue.mano.record.NetworkServiceRecord.connection_point)
                - SQL table alias mapping - connection3_
                - alias suffix - 3_
                - suffixed key columns - {network_1_18_3_}
                - entity-element alias suffix - 4_
                - 4_entity-element suffixed key columns - id1_4_4_
                - JOIN (JoinDefinedByMetadata(elements)) : <gen:3> -> <gen:4>
                   - EntityQuerySpaceImpl(uid=<gen:4>, entity=org.project.neutrino.nfvo.catalogue.mano.common.ConnectionPoint)
                      - SQL table alias mapping - connection4_
                      - alias suffix - 4_
                      - suffixed key columns - {id1_4_4_}
          - JOIN (JoinDefinedByMetadata(descriptor_reference)) : <gen:0> -> <gen:5>
             - EntityQuerySpaceImpl(uid=<gen:5>, entity=org.project.neutrino.nfvo.catalogue.mano.common.NFVEntityDescriptor)
                - SQL table alias mapping - nfventityd5_
                - alias suffix - 5_
                - suffixed key columns - {id1_27_5_}
                - JOIN (JoinDefinedByMetadata(monitoring_parameter)) : <gen:5> -> <gen:6>
                   - CollectionQuerySpaceImpl(uid=<gen:6>, collection=org.project.neutrino.nfvo.catalogue.mano.common.NFVEntityDescriptor.monitoring_parameter)
                      - SQL table alias mapping - monitoring6_
                      - alias suffix - 6_
                      - suffixed key columns - {nfventit1_27_6_}
                - JOIN (JoinDefinedByMetadata(deployment_flavour)) : <gen:5> -> <gen:7>
                   - CollectionQuerySpaceImpl(uid=<gen:7>, collection=org.project.neutrino.nfvo.catalogue.mano.descriptor.VirtualNetworkFunctionDescriptor.deployment_flavour)
                      - SQL table alias mapping - deployment7_
                      - alias suffix - 7_
                      - suffixed key columns - {virtual_1_27_7_}
                      - entity-element alias suffix - 8_
                      - 8_entity-element suffixed key columns - id1_7_8_
                      - JOIN (JoinDefinedByMetadata(elements)) : <gen:7> -> <gen:8>
                         - EntityQuerySpaceImpl(uid=<gen:8>, entity=org.project.neutrino.nfvo.catalogue.mano.descriptor.VNFDDeploymentFlavour)
                            - SQL table alias mapping - vnfddeploy8_
                            - alias suffix - 8_
                            - suffixed key columns - {id1_7_8_}
                - JOIN (JoinDefinedByMetadata(nsd_security)) : <gen:5> -> <gen:10>
                   - EntityQuerySpaceImpl(uid=<gen:10>, entity=org.project.neutrino.nfvo.catalogue.mano.common.Security)
                      - SQL table alias mapping - security9_
                      - alias suffix - 9_
                      - suffixed key columns - {id1_43_9_}
                - JOIN (JoinDefinedByMetadata(vnf_dependency)) : <gen:5> -> <gen:11>
                   - CollectionQuerySpaceImpl(uid=<gen:11>, collection=org.project.neutrino.nfvo.catalogue.mano.descriptor.NetworkServiceDescriptor.vnf_dependency)
                      - SQL table alias mapping - vnf_depend10_
                      - alias suffix - 10_
                      - suffixed key columns - {network_1_27_10_}
                      - entity-element alias suffix - 11_
                      - 11_entity-element suffixed key columns - id1_86_11_
                      - JOIN (JoinDefinedByMetadata(elements)) : <gen:11> -> <gen:12>
                         - EntityQuerySpaceImpl(uid=<gen:12>, entity=org.project.neutrino.nfvo.catalogue.mano.common.VNFDependency)
                            - SQL table alias mapping - vnfdepende11_
                            - alias suffix - 11_
                            - suffixed key columns - {id1_86_11_}
                - JOIN (JoinDefinedByMetadata(vnfd)) : <gen:5> -> <gen:15>
                   - CollectionQuerySpaceImpl(uid=<gen:15>, collection=org.project.neutrino.nfvo.catalogue.mano.descriptor.NetworkServiceDescriptor.vnfd)
                      - SQL table alias mapping - vnfd12_
                      - alias suffix - 12_
                      - suffixed key columns - {network_1_27_12_}
                      - entity-element alias suffix - 13_
                      - 13_entity-element suffixed key columns - id1_27_13_
                      - JOIN (JoinDefinedByMetadata(elements)) : <gen:15> -> <gen:16>
                         - EntityQuerySpaceImpl(uid=<gen:16>, entity=org.project.neutrino.nfvo.catalogue.mano.descriptor.VirtualNetworkFunctionDescriptor)
                            - SQL table alias mapping - virtualnet13_
                            - alias suffix - 13_
                            - suffixed key columns - {id1_27_13_}
          - JOIN (JoinDefinedByMetadata(lifecycle_event)) : <gen:0> -> <gen:17>
             - EntityQuerySpaceImpl(uid=<gen:17>, entity=org.project.neutrino.nfvo.catalogue.mano.common.LifecycleEvent)
                - SQL table alias mapping - lifecyclee14_
                - alias suffix - 14_
                - suffixed key columns - {id1_10_14_}
          - JOIN (JoinDefinedByMetadata(lifecycle_event_history)) : <gen:0> -> <gen:18>
             - CollectionQuerySpaceImpl(uid=<gen:18>, collection=org.project.neutrino.nfvo.catalogue.mano.record.NetworkServiceRecord.lifecycle_event_history)
                - SQL table alias mapping - lifecycle_15_
                - alias suffix - 15_
                - suffixed key columns - {network_1_18_15_}
                - entity-element alias suffix - 16_
                - 16_entity-element suffixed key columns - id1_10_16_
                - JOIN (JoinDefinedByMetadata(elements)) : <gen:18> -> <gen:19>
                   - EntityQuerySpaceImpl(uid=<gen:19>, entity=org.project.neutrino.nfvo.catalogue.mano.common.LifecycleEvent)
                      - SQL table alias mapping - lifecyclee16_
                      - alias suffix - 16_
                      - suffixed key columns - {id1_10_16_}
          - JOIN (JoinDefinedByMetadata(pnfr)) : <gen:0> -> <gen:20>
             - CollectionQuerySpaceImpl(uid=<gen:20>, collection=org.project.neutrino.nfvo.catalogue.mano.record.NetworkServiceRecord.pnfr)
                - SQL table alias mapping - pnfr17_
                - alias suffix - 17_
                - suffixed key columns - {network_1_18_17_}
                - entity-element alias suffix - 18_
                - 18_entity-element suffixed key columns - id1_37_18_
                - JOIN (JoinDefinedByMetadata(elements)) : <gen:20> -> <gen:21>
                   - EntityQuerySpaceImpl(uid=<gen:21>, entity=org.project.neutrino.nfvo.catalogue.mano.record.PhysicalNetworkFunctionRecord)
                      - SQL table alias mapping - physicalne18_
                      - alias suffix - 18_
                      - suffixed key columns - {id1_37_18_}
                      - JOIN (JoinDefinedByMetadata(connected_virtual_link)) : <gen:21> -> <gen:22>
                         - CollectionQuerySpaceImpl(uid=<gen:22>, collection=org.project.neutrino.nfvo.catalogue.mano.record.PhysicalNetworkFunctionRecord.connected_virtual_link)
                            - SQL table alias mapping - connected_19_
                            - alias suffix - 19_
                            - suffixed key columns - {physical1_37_19_}
                            - entity-element alias suffix - 20_
                            - 20_entity-element suffixed key columns - id1_54_20_
                            - JOIN (JoinDefinedByMetadata(elements)) : <gen:22> -> <gen:23>
                               - EntityQuerySpaceImpl(uid=<gen:23>, entity=org.project.neutrino.nfvo.catalogue.mano.record.VirtualLinkRecord)
                                  - SQL table alias mapping - virtuallin20_
                                  - alias suffix - 20_
                                  - suffixed key columns - {id1_54_20_}
                      - JOIN (JoinDefinedByMetadata(connection_point)) : <gen:21> -> <gen:28>
                         - CollectionQuerySpaceImpl(uid=<gen:28>, collection=org.project.neutrino.nfvo.catalogue.mano.record.PhysicalNetworkFunctionRecord.connection_point)
                            - SQL table alias mapping - connection21_
                            - alias suffix - 21_
                            - suffixed key columns - {physical1_37_21_}
                            - entity-element alias suffix - 22_
                            - 22_entity-element suffixed key columns - id1_4_22_
                            - JOIN (JoinDefinedByMetadata(elements)) : <gen:28> -> <gen:29>
                               - EntityQuerySpaceImpl(uid=<gen:29>, entity=org.project.neutrino.nfvo.catalogue.mano.common.ConnectionPoint)
                                  - SQL table alias mapping - connection22_
                                  - alias suffix - 22_
                                  - suffixed key columns - {id1_4_22_}
                      - JOIN (JoinDefinedByMetadata(descriptor_reference)) : <gen:21> -> <gen:30>
                         - EntityQuerySpaceImpl(uid=<gen:30>, entity=org.project.neutrino.nfvo.catalogue.mano.descriptor.PhysicalNetworkFunctionDescriptor)
                            - SQL table alias mapping - physicalne23_
                            - alias suffix - 23_
                            - suffixed key columns - {id1_35_23_}
                      - JOIN (JoinDefinedByMetadata(parent_ns)) : <gen:21> -> <gen:32>
                         - EntityQuerySpaceImpl(uid=<gen:32>, entity=org.project.neutrino.nfvo.catalogue.mano.record.NetworkServiceRecord)
                            - SQL table alias mapping - networkser24_
                            - alias suffix - 24_
                            - suffixed key columns - {id1_18_24_}
                      - JOIN (JoinDefinedByMetadata(vnffgr)) : <gen:21> -> <gen:41>
                         - CollectionQuerySpaceImpl(uid=<gen:41>, collection=org.project.neutrino.nfvo.catalogue.mano.record.PhysicalNetworkFunctionRecord.vnffgr)
                            - SQL table alias mapping - vnffgr25_
                            - alias suffix - 25_
                            - suffixed key columns - {physical1_37_25_}
                            - entity-element alias suffix - 26_
                            - 26_entity-element suffixed key columns - id1_92_26_
                            - JOIN (JoinDefinedByMetadata(elements)) : <gen:41> -> <gen:42>
                               - EntityQuerySpaceImpl(uid=<gen:42>, entity=org.project.neutrino.nfvo.catalogue.mano.record.VNFForwardingGraphRecord)
                                  - SQL table alias mapping - vnfforward26_
                                  - alias suffix - 26_
                                  - suffixed key columns - {id1_92_26_}
          - JOIN (JoinDefinedByMetadata(service_deployment_flavour)) : <gen:0> -> <gen:54>
             - EntityQuerySpaceImpl(uid=<gen:54>, entity=org.project.neutrino.nfvo.catalogue.mano.common.ServiceDeploymentFlavour)
                - SQL table alias mapping - servicedep27_
                - alias suffix - 27_
                - suffixed key columns - {id1_7_27_}
          - JOIN (JoinDefinedByMetadata(vlr)) : <gen:0> -> <gen:55>
             - CollectionQuerySpaceImpl(uid=<gen:55>, collection=org.project.neutrino.nfvo.catalogue.mano.record.NetworkServiceRecord.vlr)
                - SQL table alias mapping - vlr28_
                - alias suffix - 28_
                - suffixed key columns - {network_1_18_28_}
                - entity-element alias suffix - 29_
                - 29_entity-element suffixed key columns - id1_54_29_
                - JOIN (JoinDefinedByMetadata(elements)) : <gen:55> -> <gen:56>
                   - EntityQuerySpaceImpl(uid=<gen:56>, entity=org.project.neutrino.nfvo.catalogue.mano.record.VirtualLinkRecord)
                      - SQL table alias mapping - virtuallin29_
                      - alias suffix - 29_
                      - suffixed key columns - {id1_54_29_}
                      - JOIN (JoinDefinedByMetadata(lifecycle_event_history)) : <gen:56> -> <gen:57>
                         - CollectionQuerySpaceImpl(uid=<gen:57>, collection=org.project.neutrino.nfvo.catalogue.mano.record.VirtualLinkRecord.lifecycle_event_history)
                            - SQL table alias mapping - lifecycle_30_
                            - alias suffix - 30_
                            - suffixed key columns - {virtual_1_54_30_}
                            - entity-element alias suffix - 31_
                            - 31_entity-element suffixed key columns - id1_10_31_
                            - JOIN (JoinDefinedByMetadata(elements)) : <gen:57> -> <gen:58>
                               - EntityQuerySpaceImpl(uid=<gen:58>, entity=org.project.neutrino.nfvo.catalogue.mano.common.LifecycleEvent)
                                  - SQL table alias mapping - lifecyclee31_
                                  - alias suffix - 31_
                                  - suffixed key columns - {id1_10_31_}
                      - JOIN (JoinDefinedByMetadata(vnffgr_reference)) : <gen:56> -> <gen:59>
                         - CollectionQuerySpaceImpl(uid=<gen:59>, collection=org.project.neutrino.nfvo.catalogue.mano.record.VirtualLinkRecord.vnffgr_reference)
                            - SQL table alias mapping - vnffgr_ref32_
                            - alias suffix - 32_
                            - suffixed key columns - {virtual_1_54_32_}
                            - entity-element alias suffix - 33_
                            - 33_entity-element suffixed key columns - id1_92_33_
                            - JOIN (JoinDefinedByMetadata(elements)) : <gen:59> -> <gen:60>
                               - EntityQuerySpaceImpl(uid=<gen:60>, entity=org.project.neutrino.nfvo.catalogue.mano.record.VNFForwardingGraphRecord)
                                  - SQL table alias mapping - vnfforward33_
                                  - alias suffix - 33_
                                  - suffixed key columns - {id1_92_33_}
          - JOIN (JoinDefinedByMetadata(vnf_dependency)) : <gen:0> -> <gen:72>
             - CollectionQuerySpaceImpl(uid=<gen:72>, collection=org.project.neutrino.nfvo.catalogue.mano.record.NetworkServiceRecord.vnf_dependency)
                - SQL table alias mapping - vnf_depend34_
                - alias suffix - 34_
                - suffixed key columns - {network_1_18_34_}
                - entity-element alias suffix - 35_
                - 35_entity-element suffixed key columns - id1_86_35_
                - JOIN (JoinDefinedByMetadata(elements)) : <gen:72> -> <gen:73>
                   - EntityQuerySpaceImpl(uid=<gen:73>, entity=org.project.neutrino.nfvo.catalogue.mano.common.VNFDependency)
                      - SQL table alias mapping - vnfdepende35_
                      - alias suffix - 35_
                      - suffixed key columns - {id1_86_35_}
                      - JOIN (JoinDefinedByMetadata(source)) : <gen:73> -> <gen:74>
                         - EntityQuerySpaceImpl(uid=<gen:74>, entity=org.project.neutrino.nfvo.catalogue.mano.descriptor.VirtualNetworkFunctionDescriptor)
                            - SQL table alias mapping - virtualnet36_
                            - alias suffix - 36_
                            - suffixed key columns - {id1_27_36_}
                      - JOIN (JoinDefinedByMetadata(target)) : <gen:73> -> <gen:75>
                         - EntityQuerySpaceImpl(uid=<gen:75>, entity=org.project.neutrino.nfvo.catalogue.mano.descriptor.VirtualNetworkFunctionDescriptor)
                            - SQL table alias mapping - virtualnet37_
                            - alias suffix - 37_
                            - suffixed key columns - {id1_27_37_}
          - JOIN (JoinDefinedByMetadata(vnffgr)) : <gen:0> -> <gen:76>
             - CollectionQuerySpaceImpl(uid=<gen:76>, collection=org.project.neutrino.nfvo.catalogue.mano.record.NetworkServiceRecord.vnffgr)
                - SQL table alias mapping - vnffgr38_
                - alias suffix - 38_
                - suffixed key columns - {network_1_18_38_}
                - entity-element alias suffix - 39_
                - 39_entity-element suffixed key columns - id1_87_39_
                - JOIN (JoinDefinedByMetadata(elements)) : <gen:76> -> <gen:77>
                   - EntityQuerySpaceImpl(uid=<gen:77>, entity=org.project.neutrino.nfvo.catalogue.mano.descriptor.VNFForwardingGraph)
                      - SQL table alias mapping - vnfforward39_
                      - alias suffix - 39_
                      - suffixed key columns - {id1_87_39_}
                      - JOIN (JoinDefinedByMetadata(vnffgd_security)) : <gen:77> -> <gen:78>
                         - EntityQuerySpaceImpl(uid=<gen:78>, entity=org.project.neutrino.nfvo.catalogue.mano.common.Security)
                            - SQL table alias mapping - security40_
                            - alias suffix - 40_
                            - suffixed key columns - {id1_43_40_}
          - JOIN (JoinDefinedByMetadata(vnfr)) : <gen:0> -> <gen:79>
             - EntityQuerySpaceImpl(uid=<gen:79>, entity=org.project.neutrino.nfvo.catalogue.mano.record.VirtualNetworkFunctionRecord)
                - SQL table alias mapping - virtualnet41_
                - alias suffix - 41_
                - suffixed key columns - {id1_68_41_}
                - JOIN (JoinDefinedByMetadata(auto_scale_policy)) : <gen:79> -> <gen:80>
                   - CollectionQuerySpaceImpl(uid=<gen:80>, collection=org.project.neutrino.nfvo.catalogue.mano.record.VirtualNetworkFunctionRecord.auto_scale_policy)
                      - SQL table alias mapping - auto_scale42_
                      - alias suffix - 42_
                      - suffixed key columns - {virtual_1_68_42_}
                      - entity-element alias suffix - 43_
                      - 43_entity-element suffixed key columns - id1_3_43_
                      - JOIN (JoinDefinedByMetadata(elements)) : <gen:80> -> <gen:81>
                         - EntityQuerySpaceImpl(uid=<gen:81>, entity=org.project.neutrino.nfvo.catalogue.mano.common.AutoScalePolicy)
                            - SQL table alias mapping - autoscalep43_
                            - alias suffix - 43_
                            - suffixed key columns - {id1_3_43_}
                - JOIN (JoinDefinedByMetadata(connected_external_virtual_link)) : <gen:79> -> <gen:82>
                   - CollectionQuerySpaceImpl(uid=<gen:82>, collection=org.project.neutrino.nfvo.catalogue.mano.record.VirtualNetworkFunctionRecord.connected_external_virtual_link)
                      - SQL table alias mapping - connected_44_
                      - alias suffix - 44_
                      - suffixed key columns - {virtual_1_68_44_}
                      - entity-element alias suffix - 45_
                      - 45_entity-element suffixed key columns - id1_54_45_
                      - JOIN (JoinDefinedByMetadata(elements)) : <gen:82> -> <gen:83>
                         - EntityQuerySpaceImpl(uid=<gen:83>, entity=org.project.neutrino.nfvo.catalogue.mano.record.VirtualLinkRecord)
                            - SQL table alias mapping - virtuallin45_
                            - alias suffix - 45_
                            - suffixed key columns - {id1_54_45_}
                - JOIN (JoinDefinedByMetadata(connection_point)) : <gen:79> -> <gen:84>
                   - CollectionQuerySpaceImpl(uid=<gen:84>, collection=org.project.neutrino.nfvo.catalogue.mano.record.VirtualNetworkFunctionRecord.connection_point)
                      - SQL table alias mapping - connection46_
                      - alias suffix - 46_
                      - suffixed key columns - {virtual_1_68_46_}
                      - entity-element alias suffix - 47_
                      - 47_entity-element suffixed key columns - id1_4_47_
                      - JOIN (JoinDefinedByMetadata(elements)) : <gen:84> -> <gen:85>
                         - EntityQuerySpaceImpl(uid=<gen:85>, entity=org.project.neutrino.nfvo.catalogue.mano.common.ConnectionPoint)
                            - SQL table alias mapping - connection47_
                            - alias suffix - 47_
                            - suffixed key columns - {id1_4_47_}
                - JOIN (JoinDefinedByMetadata(dependency)) : <gen:79> -> <gen:86>
                   - CollectionQuerySpaceImpl(uid=<gen:86>, collection=org.project.neutrino.nfvo.catalogue.mano.record.VirtualNetworkFunctionRecord.dependency)
                      - SQL table alias mapping - dependency48_
                      - alias suffix - 48_
                      - suffixed key columns - {virtual_1_68_48_}
                      - entity-element alias suffix - 49_
                      - 49_entity-element suffixed key columns - id1_86_49_
                      - JOIN (JoinDefinedByMetadata(elements)) : <gen:86> -> <gen:87>
                         - EntityQuerySpaceImpl(uid=<gen:87>, entity=org.project.neutrino.nfvo.catalogue.mano.common.VNFDependency)
                            - SQL table alias mapping - vnfdepende49_
                            - alias suffix - 49_
                            - suffixed key columns - {id1_86_49_}
                - JOIN (JoinDefinedByMetadata(deployment_flavour)) : <gen:79> -> <gen:88>
                   - EntityQuerySpaceImpl(uid=<gen:88>, entity=org.project.neutrino.nfvo.catalogue.mano.descriptor.VNFDDeploymentFlavour)
                      - SQL table alias mapping - vnfddeploy50_
                      - alias suffix - 50_
                      - suffixed key columns - {id1_7_50_}
                - JOIN (JoinDefinedByMetadata(lifecycle_event)) : <gen:79> -> <gen:90>
                   - EntityQuerySpaceImpl(uid=<gen:90>, entity=org.project.neutrino.nfvo.catalogue.mano.common.LifecycleEvent)
                      - SQL table alias mapping - lifecyclee51_
                      - alias suffix - 51_
                      - suffixed key columns - {id1_10_51_}
                - JOIN (JoinDefinedByMetadata(lifecycle_event_history)) : <gen:79> -> <gen:91>
                   - CollectionQuerySpaceImpl(uid=<gen:91>, collection=org.project.neutrino.nfvo.catalogue.mano.record.VirtualNetworkFunctionRecord.lifecycle_event_history)
                      - SQL table alias mapping - lifecycle_52_
                      - alias suffix - 52_
                      - suffixed key columns - {virtual_1_68_52_}
                      - entity-element alias suffix - 53_
                      - 53_entity-element suffixed key columns - id1_10_53_
                      - JOIN (JoinDefinedByMetadata(elements)) : <gen:91> -> <gen:92>
                         - EntityQuerySpaceImpl(uid=<gen:92>, entity=org.project.neutrino.nfvo.catalogue.mano.common.LifecycleEvent)
                            - SQL table alias mapping - lifecyclee53_
                            - alias suffix - 53_
                            - suffixed key columns - {id1_10_53_}
                - JOIN (JoinDefinedByMetadata(parent_ns)) : <gen:79> -> <gen:93>
                   - EntityQuerySpaceImpl(uid=<gen:93>, entity=org.project.neutrino.nfvo.catalogue.mano.record.NetworkServiceRecord)
                      - SQL table alias mapping - networkser54_
                      - alias suffix - 54_
                      - suffixed key columns - {id1_18_54_}
                - JOIN (JoinDefinedByMetadata(vdu)) : <gen:79> -> <gen:94>
                   - CollectionQuerySpaceImpl(uid=<gen:94>, collection=org.project.neutrino.nfvo.catalogue.mano.record.VirtualNetworkFunctionRecord.vdu)
                      - SQL table alias mapping - vdu55_
                      - alias suffix - 55_
                      - suffixed key columns - {virtual_1_68_55_}
                      - entity-element alias suffix - 56_
                      - 56_entity-element suffixed key columns - id1_47_56_
                      - JOIN (JoinDefinedByMetadata(elements)) : <gen:94> -> <gen:95>
                         - EntityQuerySpaceImpl(uid=<gen:95>, entity=org.project.neutrino.nfvo.catalogue.mano.descriptor.VirtualDeploymentUnit)
                            - SQL table alias mapping - virtualdep56_
                            - alias suffix - 56_
                            - suffixed key columns - {id1_47_56_}
                - JOIN (JoinDefinedByMetadata(virtual_link)) : <gen:79> -> <gen:98>
                   - CollectionQuerySpaceImpl(uid=<gen:98>, collection=org.project.neutrino.nfvo.catalogue.mano.record.VirtualNetworkFunctionRecord.virtual_link)
                      - SQL table alias mapping - virtual_li57_
                      - alias suffix - 57_
                      - suffixed key columns - {virtual_1_68_57_}
                      - entity-element alias suffix - 58_
                      - 58_entity-element suffixed key columns - id1_0_58_
                      - JOIN (JoinDefinedByMetadata(elements)) : <gen:98> -> <gen:99>
                         - EntityQuerySpaceImpl(uid=<gen:99>, entity=org.project.neutrino.nfvo.catalogue.mano.descriptor.InternalVirtualLink)
                            - SQL table alias mapping - internalvi58_
                            - alias suffix - 58_
                            - suffixed key columns - {id1_0_58_}

14:11:15.526 [Test worker] DEBUG o.h.loader.entity.plan.EntityLoader - Static select for entity org.project.neutrino.nfvo.catalogue.mano.record.NetworkServiceRecord [READ]: select networkser0_.id as id1_18_0_, networkser0_.audit_log as audit_lo2_18_0_, networkser0_.descriptor_reference_Id as descript9_18_0_, networkser0_.lifecycle_event_id as lifecyc10_18_0_, networkser0_.notification as notifica3_18_0_, networkser0_.resource_reservation as resource4_18_0_, networkser0_.runtime_policy_info as runtime_5_18_0_, networkser0_.service_deployment_flavour_id as service11_18_0_, networkser0_.status as status6_18_0_, networkser0_.vendor as vendor7_18_0_, networkser0_.version as version8_18_0_, networkser0_.vnfr_id as vnfr_id12_18_0_, auto_scale1_.network_service_record_id as network_1_18_1_, autoscalep2_.id as auto_sca2_19_1_, autoscalep2_.id as id1_3_2_, autoscalep2_.version as version2_3_2_, connection3_.network_service_record_id as network_1_18_3_, connection4_.id as connecti2_20_3_, connection4_.id as id1_4_4_, connection4_.type as type2_4_4_, connection4_.version as version3_4_4_, connection4_.virtual_link_reference as virtual_1_82_4_, connection4_.clazz_ as clazz_4_, nfventityd5_.id as id1_27_5_, nfventityd5_.hb_version as hb_versi2_27_5_, nfventityd5_.vendor as vendor3_27_5_, nfventityd5_.version as version4_27_5_, nfventityd5_.descriptor_version as descript1_62_5_, nfventityd5_.manifest_file as manifest2_62_5_, nfventityd5_.nsd_security_id as nsd_secu1_14_5_, nfventityd5_.clazz_ as clazz_5_, monitoring6_.nfventity_descriptor_Id as nfventit1_27_6_, monitoring6_.monitoring_parameter as monitori2_31_6_, deployment7_.virtual_network_function_descriptor_Id as virtual_1_27_7_, vnfddeploy8_.id as deployme2_63_7_, vnfddeploy8_.id as id1_7_8_, vnfddeploy8_.flavour_key as flavour_2_7_8_, vnfddeploy8_.version as version3_7_8_, security9_.id as id1_43_9_, security9_.version as version2_43_9_, vnf_depend10_.network_service_descriptor_Id as network_1_27_10_, vnfdepende11_.id as vnf_depe2_16_10_, vnfdepende11_.id as id1_86_11_, vnfdepende11_.source_Id as source_I3_86_11_, vnfdepende11_.target_Id as target_I4_86_11_, vnfdepende11_.version as version2_86_11_, vnfd12_.network_service_descriptor_Id as network_1_27_12_, virtualnet13_.id as vnfd_Id2_17_12_, virtualnet13_.id as id1_27_13_, virtualnet13_.hb_version as hb_versi2_27_13_, virtualnet13_.vendor as vendor3_27_13_, virtualnet13_.version as version4_27_13_, virtualnet13_.descriptor_version as descript1_62_13_, virtualnet13_.manifest_file as manifest2_62_13_, lifecyclee14_.id as id1_10_14_, lifecyclee14_.version as version2_10_14_, lifecycle_15_.network_service_record_id as network_1_18_15_, lifecyclee16_.id as lifecycl2_21_15_, lifecyclee16_.id as id1_10_16_, lifecyclee16_.version as version2_10_16_, pnfr17_.network_service_record_id as network_1_18_17_, physicalne18_.id as pnfr_id2_23_17_, physicalne18_.id as id1_37_18_, physicalne18_.description as descript2_37_18_, physicalne18_.descriptor_reference_id as descript6_37_18_, physicalne18_.oam_reference as oam_refe3_37_18_, physicalne18_.parent_ns_id as parent_n7_37_18_, physicalne18_.vendor as vendor4_37_18_, physicalne18_.version as version5_37_18_, connected_19_.physical_network_function_record_id as physical1_37_19_, virtuallin20_.id as connecte2_38_19_, virtuallin20_.id as id1_54_20_, virtuallin20_.connectivity_type as connecti2_54_20_, virtuallin20_.descriptor_reference as descript3_54_20_, virtuallin20_.leaf_requirement as leaf_req4_54_20_, virtuallin20_.number_of_enpoints as number_o5_54_20_, virtuallin20_.parent_ns as parent_n6_54_20_, virtuallin20_.root_requirement as root_req7_54_20_, virtuallin20_.status as status8_54_20_, virtuallin20_.test_access as test_acc9_54_20_, virtuallin20_.vendor as vendor10_54_20_, virtuallin20_.version as version11_54_20_, virtuallin20_.vim_id as vim_id12_54_20_, connection21_.physical_network_function_record_id as physical1_37_21_, connection22_.id as connecti2_39_21_, connection22_.id as id1_4_22_, connection22_.type as type2_4_22_, connection22_.version as version3_4_22_, connection22_.virtual_link_reference as virtual_1_82_22_, connection22_.clazz_ as clazz_22_, physicalne23_.id as id1_35_23_, physicalne23_.description as descript2_35_23_, physicalne23_.descriptor_version as descript3_35_23_, physicalne23_.hb_version as hb_versi4_35_23_, physicalne23_.pnfd_security_id as pnfd_sec7_35_23_, physicalne23_.vendor as vendor5_35_23_, physicalne23_.version as version6_35_23_, networkser24_.id as id1_18_24_, networkser24_.audit_log as audit_lo2_18_24_, networkser24_.descriptor_reference_Id as descript9_18_24_, networkser24_.lifecycle_event_id as lifecyc10_18_24_, networkser24_.notification as notifica3_18_24_, networkser24_.resource_reservation as resource4_18_24_, networkser24_.runtime_policy_info as runtime_5_18_24_, networkser24_.service_deployment_flavour_id as service11_18_24_, networkser24_.status as status6_18_24_, networkser24_.vendor as vendor7_18_24_, networkser24_.version as version8_18_24_, networkser24_.vnfr_id as vnfr_id12_18_24_, vnffgr25_.physical_network_function_record_id as physical1_37_25_, vnfforward26_.id as vnffgr_i2_41_25_, vnfforward26_.id as id1_92_26_, vnfforward26_.audit_log as audit_lo2_92_26_, vnfforward26_.descriptor_reference_id as descrip10_92_26_, vnfforward26_.network_forwarding_path_id as network11_92_26_, vnfforward26_.number_of_endpoints as number_o3_92_26_, vnfforward26_.number_of_pnfs as number_o4_92_26_, vnfforward26_.number_of_virtual_links as number_o5_92_26_, vnfforward26_.number_of_vnfs as number_o6_92_26_, vnfforward26_.parent_ns_id as parent_12_92_26_, vnfforward26_.status as status7_92_26_, vnfforward26_.vendor as vendor8_92_26_, vnfforward26_.version as version9_92_26_, servicedep27_.id as id1_7_27_, servicedep27_.flavour_key as flavour_2_7_27_, servicedep27_.version as version3_7_27_, vlr28_.network_service_record_id as network_1_18_28_, virtuallin29_.id as vlr_id2_24_28_, virtuallin29_.id as id1_54_29_, virtuallin29_.connectivity_type as connecti2_54_29_, virtuallin29_.descriptor_reference as descript3_54_29_, virtuallin29_.leaf_requirement as leaf_req4_54_29_, virtuallin29_.number_of_enpoints as number_o5_54_29_, virtuallin29_.parent_ns as parent_n6_54_29_, virtuallin29_.root_requirement as root_req7_54_29_, virtuallin29_.status as status8_54_29_, virtuallin29_.test_access as test_acc9_54_29_, virtuallin29_.vendor as vendor10_54_29_, virtuallin29_.version as version11_54_29_, virtuallin29_.vim_id as vim_id12_54_29_, lifecycle_30_.virtual_link_record_id as virtual_1_54_30_, lifecyclee31_.id as lifecycl2_58_30_, lifecyclee31_.id as id1_10_31_, lifecyclee31_.version as version2_10_31_, vnffgr_ref32_.virtual_link_record_id as virtual_1_54_32_, vnfforward33_.id as vnffgr_r2_61_32_, vnfforward33_.id as id1_92_33_, vnfforward33_.audit_log as audit_lo2_92_33_, vnfforward33_.descriptor_reference_id as descrip10_92_33_, vnfforward33_.network_forwarding_path_id as network11_92_33_, vnfforward33_.number_of_endpoints as number_o3_92_33_, vnfforward33_.number_of_pnfs as number_o4_92_33_, vnfforward33_.number_of_virtual_links as number_o5_92_33_, vnfforward33_.number_of_vnfs as number_o6_92_33_, vnfforward33_.parent_ns_id as parent_12_92_33_, vnfforward33_.status as status7_92_33_, vnfforward33_.vendor as vendor8_92_33_, vnfforward33_.version as version9_92_33_, vnf_depend34_.network_service_record_id as network_1_18_34_, vnfdepende35_.id as vnf_depe2_25_34_, vnfdepende35_.id as id1_86_35_, vnfdepende35_.source_Id as source_I3_86_35_, vnfdepende35_.target_Id as target_I4_86_35_, vnfdepende35_.version as version2_86_35_, virtualnet36_.id as id1_27_36_, virtualnet36_.hb_version as hb_versi2_27_36_, virtualnet36_.vendor as vendor3_27_36_, virtualnet36_.version as version4_27_36_, virtualnet36_.descriptor_version as descript1_62_36_, virtualnet36_.manifest_file as manifest2_62_36_, virtualnet37_.id as id1_27_37_, virtualnet37_.hb_version as hb_versi2_27_37_, virtualnet37_.vendor as vendor3_27_37_, virtualnet37_.version as version4_27_37_, virtualnet37_.descriptor_version as descript1_62_37_, virtualnet37_.manifest_file as manifest2_62_37_, vnffgr38_.network_service_record_id as network_1_18_38_, vnfforward39_.id as vnffgr_i2_26_38_, vnfforward39_.id as id1_87_39_, vnfforward39_.descriptor_version as descript2_87_39_, vnfforward39_.hb_version as hb_versi3_87_39_, vnfforward39_.number_of_endpoints as number_o4_87_39_, vnfforward39_.number_of_virtual_links as number_o5_87_39_, vnfforward39_.vendor as vendor6_87_39_, vnfforward39_.version as version7_87_39_, vnfforward39_.vnffgd_security_id as vnffgd_s8_87_39_, security40_.id as id1_43_40_, security40_.version as version2_43_40_, virtualnet41_.id as id1_68_41_, virtualnet41_.audit_log as audit_lo2_68_41_, virtualnet41_.deployment_flavour_id as deployme9_68_41_, virtualnet41_.descriptor_reference as descript3_68_41_, virtualnet41_.lifecycle_event_id as lifecyc10_68_41_, virtualnet41_.localization as localiza4_68_41_, virtualnet41_.parent_ns_id as parent_11_68_41_, virtualnet41_.status as status5_68_41_, virtualnet41_.vendor as vendor6_68_41_, virtualnet41_.version as version7_68_41_, virtualnet41_.vnfm_id as vnfm_id8_68_41_, auto_scale42_.virtual_network_function_record_id as virtual_1_68_42_, autoscalep43_.id as auto_sca2_69_42_, autoscalep43_.id as id1_3_43_, autoscalep43_.version as version2_3_43_, connected_44_.virtual_network_function_record_id as virtual_1_68_44_, virtuallin45_.id as connecte2_70_44_, virtuallin45_.id as id1_54_45_, virtuallin45_.connectivity_type as connecti2_54_45_, virtuallin45_.descriptor_reference as descript3_54_45_, virtuallin45_.leaf_requirement as leaf_req4_54_45_, virtuallin45_.number_of_enpoints as number_o5_54_45_, virtuallin45_.parent_ns as parent_n6_54_45_, virtuallin45_.root_requirement as root_req7_54_45_, virtuallin45_.status as status8_54_45_, virtuallin45_.test_access as test_acc9_54_45_, virtuallin45_.vendor as vendor10_54_45_, virtuallin45_.version as version11_54_45_, virtuallin45_.vim_id as vim_id12_54_45_, connection46_.virtual_network_function_record_id as virtual_1_68_46_, connection47_.id as connecti2_71_46_, connection47_.id as id1_4_47_, connection47_.type as type2_4_47_, connection47_.version as version3_4_47_, connection47_.virtual_link_reference as virtual_1_82_47_, connection47_.clazz_ as clazz_47_, dependency48_.virtual_network_function_record_id as virtual_1_68_48_, vnfdepende49_.id as dependen2_72_48_, vnfdepende49_.id as id1_86_49_, vnfdepende49_.source_Id as source_I3_86_49_, vnfdepende49_.target_Id as target_I4_86_49_, vnfdepende49_.version as version2_86_49_, vnfddeploy50_.id as id1_7_50_, vnfddeploy50_.flavour_key as flavour_2_7_50_, vnfddeploy50_.version as version3_7_50_, lifecyclee51_.id as id1_10_51_, lifecyclee51_.version as version2_10_51_, lifecycle_52_.virtual_network_function_record_id as virtual_1_68_52_, lifecyclee53_.id as lifecycl2_73_52_, lifecyclee53_.id as id1_10_53_, lifecyclee53_.version as version2_10_53_, networkser54_.id as id1_18_54_, networkser54_.audit_log as audit_lo2_18_54_, networkser54_.descriptor_reference_Id as descript9_18_54_, networkser54_.lifecycle_event_id as lifecyc10_18_54_, networkser54_.notification as notifica3_18_54_, networkser54_.resource_reservation as resource4_18_54_, networkser54_.runtime_policy_info as runtime_5_18_54_, networkser54_.service_deployment_flavour_id as service11_18_54_, networkser54_.status as status6_18_54_, networkser54_.vendor as vendor7_18_54_, networkser54_.version as version8_18_54_, networkser54_.vnfr_id as vnfr_id12_18_54_, vdu55_.virtual_network_function_record_id as virtual_1_68_55_, virtualdep56_.id as vdu_id2_77_55_, virtualdep56_.id as id1_47_56_, virtualdep56_.computation_requirement as computat2_47_56_, virtualdep56_.high_availability as high_ava3_47_56_, virtualdep56_.scale_in_out as scale_in4_47_56_, virtualdep56_.vdu_constraint as vdu_cons5_47_56_, virtualdep56_.version as version6_47_56_, virtualdep56_.virtual_memory_resource_element as virtual_7_47_56_, virtualdep56_.virtual_network_bandwidth_resource as virtual_8_47_56_, virtual_li57_.virtual_network_function_record_id as virtual_1_68_57_, internalvi58_.id as virtual_2_78_57_, internalvi58_.id as id1_0_58_, internalvi58_.connectivity_type as connecti2_0_58_, internalvi58_.leaf_requirement as leaf_req3_0_58_, internalvi58_.root_requirement as root_req4_0_58_, internalvi58_.version as version5_0_58_ from network_service_record networkser0_ left outer join network_service_record_auto_scale_policy auto_scale1_ on networkser0_.id=auto_scale1_.network_service_record_id left outer join auto_scale_policy autoscalep2_ on auto_scale1_.auto_scale_policy_id=autoscalep2_.id left outer join network_service_record_connection_point connection3_ on networkser0_.id=connection3_.network_service_record_id left outer join ( select id, type, version, null as virtual_link_reference, 0 as clazz_ from connection_point union select id, type, version, virtual_link_reference, 1 as clazz_ from vnfdconnection_point ) connection4_ on connection3_.connection_point_id=connection4_.id left outer join ( select id, hb_version, vendor, version, descriptor_version, manifest_file, null as nsd_security_id, 1 as clazz_ from virtual_network_function_descriptor union select id, hb_version, vendor, version, null as descriptor_version, null as manifest_file, nsd_security_id, 2 as clazz_ from network_service_descriptor ) nfventityd5_ on networkser0_.descriptor_reference_Id=nfventityd5_.id left outer join nfventity_descriptor_monitoring_parameter monitoring6_ on nfventityd5_.id=monitoring6_.nfventity_descriptor_Id left outer join virtual_network_function_descriptor_deployment_flavour deployment7_ on nfventityd5_.id=deployment7_.virtual_network_function_descriptor_Id left outer join vnfddeployment_flavour vnfddeploy8_ on deployment7_.deployment_flavour_id=vnfddeploy8_.id left outer join security security9_ on nfventityd5_.nsd_security_id=security9_.id left outer join network_service_descriptor_vnf_dependency vnf_depend10_ on nfventityd5_.id=vnf_depend10_.network_service_descriptor_Id left outer join vnfdependency vnfdepende11_ on vnf_depend10_.vnf_dependency_id=vnfdepende11_.id left outer join network_service_descriptor_vnfd vnfd12_ on nfventityd5_.id=vnfd12_.network_service_descriptor_Id left outer join virtual_network_function_descriptor virtualnet13_ on vnfd12_.vnfd_Id=virtualnet13_.id left outer join lifecycle_event lifecyclee14_ on networkser0_.lifecycle_event_id=lifecyclee14_.id left outer join network_service_record_lifecycle_event_history lifecycle_15_ on networkser0_.id=lifecycle_15_.network_service_record_id left outer join lifecycle_event lifecyclee16_ on lifecycle_15_.lifecycle_event_history_id=lifecyclee16_.id left outer join network_service_record_pnfr pnfr17_ on networkser0_.id=pnfr17_.network_service_record_id left outer join physical_network_function_record physicalne18_ on pnfr17_.pnfr_id=physicalne18_.id left outer join physical_network_function_record_connected_virtual_link connected_19_ on physicalne18_.id=connected_19_.physical_network_function_record_id left outer join virtual_link_record virtuallin20_ on connected_19_.connected_virtual_link_id=virtuallin20_.id left outer join physical_network_function_record_connection_point connection21_ on physicalne18_.id=connection21_.physical_network_function_record_id left outer join ( select id, type, version, null as virtual_link_reference, 0 as clazz_ from connection_point union select id, type, version, virtual_link_reference, 1 as clazz_ from vnfdconnection_point ) connection22_ on connection21_.connection_point_id=connection22_.id left outer join physical_network_function_descriptor physicalne23_ on physicalne18_.descriptor_reference_id=physicalne23_.id left outer join network_service_record networkser24_ on physicalne18_.parent_ns_id=networkser24_.id left outer join physical_network_function_record_vnffgr vnffgr25_ on physicalne18_.id=vnffgr25_.physical_network_function_record_id left outer join vnfforwarding_graph_record vnfforward26_ on vnffgr25_.vnffgr_id=vnfforward26_.id left outer join service_deployment_flavour servicedep27_ on networkser0_.service_deployment_flavour_id=servicedep27_.id left outer join network_service_record_vlr vlr28_ on networkser0_.id=vlr28_.network_service_record_id left outer join virtual_link_record virtuallin29_ on vlr28_.vlr_id=virtuallin29_.id left outer join virtual_link_record_lifecycle_event_history lifecycle_30_ on virtuallin29_.id=lifecycle_30_.virtual_link_record_id left outer join lifecycle_event lifecyclee31_ on lifecycle_30_.lifecycle_event_history_id=lifecyclee31_.id left outer join virtual_link_record_vnffgr_reference vnffgr_ref32_ on virtuallin29_.id=vnffgr_ref32_.virtual_link_record_id left outer join vnfforwarding_graph_record vnfforward33_ on vnffgr_ref32_.vnffgr_reference_id=vnfforward33_.id left outer join network_service_record_vnf_dependency vnf_depend34_ on networkser0_.id=vnf_depend34_.network_service_record_id left outer join vnfdependency vnfdepende35_ on vnf_depend34_.vnf_dependency_id=vnfdepende35_.id left outer join virtual_network_function_descriptor virtualnet36_ on vnfdepende35_.source_Id=virtualnet36_.id left outer join virtual_network_function_descriptor virtualnet37_ on vnfdepende35_.target_Id=virtualnet37_.id left outer join network_service_record_vnffgr vnffgr38_ on networkser0_.id=vnffgr38_.network_service_record_id left outer join vnfforwarding_graph vnfforward39_ on vnffgr38_.vnffgr_id=vnfforward39_.id left outer join security security40_ on vnfforward39_.vnffgd_security_id=security40_.id left outer join virtual_network_function_record virtualnet41_ on networkser0_.vnfr_id=virtualnet41_.id left outer join virtual_network_function_record_auto_scale_policy auto_scale42_ on virtualnet41_.id=auto_scale42_.virtual_network_function_record_id left outer join auto_scale_policy autoscalep43_ on auto_scale42_.auto_scale_policy_id=autoscalep43_.id left outer join virtual_network_function_record_connected_external_virtual_link connected_44_ on virtualnet41_.id=connected_44_.virtual_network_function_record_id left outer join virtual_link_record virtuallin45_ on connected_44_.connected_external_virtual_link_id=virtuallin45_.id left outer join virtual_network_function_record_connection_point connection46_ on virtualnet41_.id=connection46_.virtual_network_function_record_id left outer join ( select id, type, version, null as virtual_link_reference, 0 as clazz_ from connection_point union select id, type, version, virtual_link_reference, 1 as clazz_ from vnfdconnection_point ) connection47_ on connection46_.connection_point_id=connection47_.id left outer join virtual_network_function_record_dependency dependency48_ on virtualnet41_.id=dependency48_.virtual_network_function_record_id left outer join vnfdependency vnfdepende49_ on dependency48_.dependency_id=vnfdepende49_.id left outer join vnfddeployment_flavour vnfddeploy50_ on virtualnet41_.deployment_flavour_id=vnfddeploy50_.id left outer join lifecycle_event lifecyclee51_ on virtualnet41_.lifecycle_event_id=lifecyclee51_.id left outer join virtual_network_function_record_lifecycle_event_history lifecycle_52_ on virtualnet41_.id=lifecycle_52_.virtual_network_function_record_id left outer join lifecycle_event lifecyclee53_ on lifecycle_52_.lifecycle_event_history_id=lifecyclee53_.id left outer join network_service_record networkser54_ on virtualnet41_.parent_ns_id=networkser54_.id left outer join virtual_network_function_record_vdu vdu55_ on virtualnet41_.id=vdu55_.virtual_network_function_record_id left outer join virtual_deployment_unit virtualdep56_ on vdu55_.vdu_id=virtualdep56_.id left outer join virtual_network_function_record_virtual_link virtual_li57_ on virtualnet41_.id=virtual_li57_.virtual_network_function_record_id left outer join internal_virtual_link internalvi58_ on virtual_li57_.virtual_link_id=internalvi58_.id where networkser0_.id=?
14:11:15.526 [Test worker] DEBUG o.h.l.p.b.i.spaces.QuerySpacesImpl - Adding QuerySpace : uid = <gen:0> -> org.hibernate.loader.plan.build.internal.spaces.EntityQuerySpaceImpl@431a38e0]
14:11:15.527 [Test worker] DEBUG o.h.p.w.spi.MetamodelGraphWalker - Visiting attribute path : audit_log
14:11:15.527 [Test worker] DEBUG o.h.p.w.spi.MetamodelGraphWalker - Visiting attribute path : auto_scale_policy
14:11:15.527 [Test worker] DEBUG o.h.l.p.b.i.spaces.QuerySpacesImpl - Adding QuerySpace : uid = <gen:1> -> org.hibernate.loader.plan.build.internal.spaces.CollectionQuerySpaceImpl@30a5e0b9]
14:11:15.527 [Test worker] DEBUG o.h.l.p.b.i.spaces.QuerySpacesImpl - Adding QuerySpace : uid = <gen:2> -> org.hibernate.loader.plan.build.internal.spaces.EntityQuerySpaceImpl@5a44aaa2]
14:11:15.527 [Test worker] DEBUG o.h.p.w.spi.MetamodelGraphWalker - Visiting attribute path : connection_point
14:11:15.527 [Test worker] DEBUG o.h.l.p.b.i.spaces.QuerySpacesImpl - Adding QuerySpace : uid = <gen:3> -> org.hibernate.loader.plan.build.internal.spaces.CollectionQuerySpaceImpl@521e9ffa]
14:11:15.527 [Test worker] DEBUG o.h.l.p.b.i.spaces.QuerySpacesImpl - Adding QuerySpace : uid = <gen:4> -> org.hibernate.loader.plan.build.internal.spaces.EntityQuerySpaceImpl@58990034]
14:11:15.527 [Test worker] DEBUG o.h.p.w.spi.MetamodelGraphWalker - Visiting attribute path : descriptor_reference
14:11:15.527 [Test worker] DEBUG o.h.l.p.b.i.spaces.QuerySpacesImpl - Adding QuerySpace : uid = <gen:5> -> org.hibernate.loader.plan.build.internal.spaces.EntityQuerySpaceImpl@24dc835d]
14:11:15.527 [Test worker] DEBUG o.h.p.w.spi.MetamodelGraphWalker - Visiting attribute path : lifecycle_event
14:11:15.527 [Test worker] DEBUG o.h.l.p.b.i.spaces.QuerySpacesImpl - Adding QuerySpace : uid = <gen:6> -> org.hibernate.loader.plan.build.internal.spaces.EntityQuerySpaceImpl@9346193]
14:11:15.527 [Test worker] DEBUG o.h.p.w.spi.MetamodelGraphWalker - Visiting attribute path : lifecycle_event_history
14:11:15.528 [Test worker] DEBUG o.h.l.p.b.i.spaces.QuerySpacesImpl - Adding QuerySpace : uid = <gen:7> -> org.hibernate.loader.plan.build.internal.spaces.CollectionQuerySpaceImpl@4df1fe9d]
14:11:15.528 [Test worker] DEBUG o.h.l.p.b.i.spaces.QuerySpacesImpl - Adding QuerySpace : uid = <gen:8> -> org.hibernate.loader.plan.build.internal.spaces.EntityQuerySpaceImpl@4a831d65]
14:11:15.528 [Test worker] DEBUG o.h.p.w.spi.MetamodelGraphWalker - Visiting attribute path : monitoring_parameter
14:11:15.528 [Test worker] DEBUG o.h.p.w.spi.MetamodelGraphWalker - Visiting attribute path : notification
14:11:15.528 [Test worker] DEBUG o.h.p.w.spi.MetamodelGraphWalker - Visiting attribute path : pnfr
14:11:15.528 [Test worker] DEBUG o.h.l.p.b.i.spaces.QuerySpacesImpl - Adding QuerySpace : uid = <gen:9> -> org.hibernate.loader.plan.build.internal.spaces.CollectionQuerySpaceImpl@65fef81a]
14:11:15.528 [Test worker] DEBUG o.h.l.p.b.i.spaces.QuerySpacesImpl - Adding QuerySpace : uid = <gen:10> -> org.hibernate.loader.plan.build.internal.spaces.EntityQuerySpaceImpl@4652a746]
14:11:15.528 [Test worker] DEBUG o.h.p.w.spi.MetamodelGraphWalker - Visiting attribute path : resource_reservation
14:11:15.528 [Test worker] DEBUG o.h.p.w.spi.MetamodelGraphWalker - Visiting attribute path : runtime_policy_info
14:11:15.528 [Test worker] DEBUG o.h.p.w.spi.MetamodelGraphWalker - Visiting attribute path : service_deployment_flavour
14:11:15.528 [Test worker] DEBUG o.h.l.p.b.i.spaces.QuerySpacesImpl - Adding QuerySpace : uid = <gen:11> -> org.hibernate.loader.plan.build.internal.spaces.EntityQuerySpaceImpl@5c6408bb]
14:11:15.528 [Test worker] DEBUG o.h.p.w.spi.MetamodelGraphWalker - Visiting attribute path : status
14:11:15.528 [Test worker] DEBUG o.h.p.w.spi.MetamodelGraphWalker - Visiting attribute path : vendor
14:11:15.528 [Test worker] DEBUG o.h.p.w.spi.MetamodelGraphWalker - Visiting attribute path : version
14:11:15.528 [Test worker] DEBUG o.h.p.w.spi.MetamodelGraphWalker - Visiting attribute path : vlr
14:11:15.528 [Test worker] DEBUG o.h.l.p.b.i.spaces.QuerySpacesImpl - Adding QuerySpace : uid = <gen:12> -> org.hibernate.loader.plan.build.internal.spaces.CollectionQuerySpaceImpl@2b795c60]
14:11:15.529 [Test worker] DEBUG o.h.l.p.b.i.spaces.QuerySpacesImpl - Adding QuerySpace : uid = <gen:13> -> org.hibernate.loader.plan.build.internal.spaces.EntityQuerySpaceImpl@2c9fb8ec]
14:11:15.529 [Test worker] DEBUG o.h.p.w.spi.MetamodelGraphWalker - Visiting attribute path : vnf_dependency
14:11:15.529 [Test worker] DEBUG o.h.l.p.b.i.spaces.QuerySpacesImpl - Adding QuerySpace : uid = <gen:14> -> org.hibernate.loader.plan.build.internal.spaces.CollectionQuerySpaceImpl@2a25a4d7]
14:11:15.529 [Test worker] DEBUG o.h.l.p.b.i.spaces.QuerySpacesImpl - Adding QuerySpace : uid = <gen:15> -> org.hibernate.loader.plan.build.internal.spaces.EntityQuerySpaceImpl@d6934df]
14:11:15.529 [Test worker] DEBUG o.h.p.w.spi.MetamodelGraphWalker - Visiting attribute path : vnffgr
14:11:15.529 [Test worker] DEBUG o.h.l.p.b.i.spaces.QuerySpacesImpl - Adding QuerySpace : uid = <gen:16> -> org.hibernate.loader.plan.build.internal.spaces.CollectionQuerySpaceImpl@760e2359]
14:11:15.529 [Test worker] DEBUG o.h.l.p.b.i.spaces.QuerySpacesImpl - Adding QuerySpace : uid = <gen:17> -> org.hibernate.loader.plan.build.internal.spaces.EntityQuerySpaceImpl@1a32e49c]
14:11:15.529 [Test worker] DEBUG o.h.p.w.spi.MetamodelGraphWalker - Visiting attribute path : vnfr
14:11:15.529 [Test worker] DEBUG o.h.l.p.b.i.spaces.QuerySpacesImpl - Adding QuerySpace : uid = <gen:18> -> org.hibernate.loader.plan.build.internal.spaces.EntityQuerySpaceImpl@33ecb34]
14:11:15.529 [Test worker] DEBUG o.h.l.p.b.i.FetchStyleLoadPlanBuildingAssociationVisitationStrategy - Building LoadPlan...
14:11:15.530 [Test worker] DEBUG o.h.l.p.e.i.LoadQueryJoinAndFetchProcessor - processing queryspace <gen:0>
14:11:15.531 [Test worker] DEBUG o.h.l.p.b.spi.LoadPlanTreePrinter - LoadPlan(entity=org.project.neutrino.nfvo.catalogue.mano.record.NetworkServiceRecord)
    - Returns
       - EntityReturnImpl(entity=org.project.neutrino.nfvo.catalogue.mano.record.NetworkServiceRecord, querySpaceUid=<gen:0>, path=org.project.neutrino.nfvo.catalogue.mano.record.NetworkServiceRecord)
          - CollectionAttributeFetchImpl(collection=org.project.neutrino.nfvo.catalogue.mano.record.NetworkServiceRecord.auto_scale_policy, querySpaceUid=<gen:1>, path=org.project.neutrino.nfvo.catalogue.mano.record.NetworkServiceRecord.auto_scale_policy)
             - (collection element) CollectionFetchableElementEntityGraph(entity=org.project.neutrino.nfvo.catalogue.mano.common.AutoScalePolicy, querySpaceUid=<gen:2>, path=org.project.neutrino.nfvo.catalogue.mano.record.NetworkServiceRecord.auto_scale_policy.<elements>)
          - CollectionAttributeFetchImpl(collection=org.project.neutrino.nfvo.catalogue.mano.record.NetworkServiceRecord.connection_point, querySpaceUid=<gen:3>, path=org.project.neutrino.nfvo.catalogue.mano.record.NetworkServiceRecord.connection_point)
             - (collection element) CollectionFetchableElementEntityGraph(entity=org.project.neutrino.nfvo.catalogue.mano.common.ConnectionPoint, querySpaceUid=<gen:4>, path=org.project.neutrino.nfvo.catalogue.mano.record.NetworkServiceRecord.connection_point.<elements>)
          - EntityAttributeFetchImpl(entity=org.project.neutrino.nfvo.catalogue.mano.common.NFVEntityDescriptor, querySpaceUid=<gen:5>, path=org.project.neutrino.nfvo.catalogue.mano.record.NetworkServiceRecord.descriptor_reference)
          - EntityAttributeFetchImpl(entity=org.project.neutrino.nfvo.catalogue.mano.common.LifecycleEvent, querySpaceUid=<gen:6>, path=org.project.neutrino.nfvo.catalogue.mano.record.NetworkServiceRecord.lifecycle_event)
          - CollectionAttributeFetchImpl(collection=org.project.neutrino.nfvo.catalogue.mano.record.NetworkServiceRecord.lifecycle_event_history, querySpaceUid=<gen:7>, path=org.project.neutrino.nfvo.catalogue.mano.record.NetworkServiceRecord.lifecycle_event_history)
             - (collection element) CollectionFetchableElementEntityGraph(entity=org.project.neutrino.nfvo.catalogue.mano.common.LifecycleEvent, querySpaceUid=<gen:8>, path=org.project.neutrino.nfvo.catalogue.mano.record.NetworkServiceRecord.lifecycle_event_history.<elements>)
          - CollectionAttributeFetchImpl(collection=org.project.neutrino.nfvo.catalogue.mano.record.NetworkServiceRecord.pnfr, querySpaceUid=<gen:9>, path=org.project.neutrino.nfvo.catalogue.mano.record.NetworkServiceRecord.pnfr)
             - (collection element) CollectionFetchableElementEntityGraph(entity=org.project.neutrino.nfvo.catalogue.mano.record.PhysicalNetworkFunctionRecord, querySpaceUid=<gen:10>, path=org.project.neutrino.nfvo.catalogue.mano.record.NetworkServiceRecord.pnfr.<elements>)
          - EntityAttributeFetchImpl(entity=org.project.neutrino.nfvo.catalogue.mano.common.ServiceDeploymentFlavour, querySpaceUid=<gen:11>, path=org.project.neutrino.nfvo.catalogue.mano.record.NetworkServiceRecord.service_deployment_flavour)
          - CollectionAttributeFetchImpl(collection=org.project.neutrino.nfvo.catalogue.mano.record.NetworkServiceRecord.vlr, querySpaceUid=<gen:12>, path=org.project.neutrino.nfvo.catalogue.mano.record.NetworkServiceRecord.vlr)
             - (collection element) CollectionFetchableElementEntityGraph(entity=org.project.neutrino.nfvo.catalogue.mano.record.VirtualLinkRecord, querySpaceUid=<gen:13>, path=org.project.neutrino.nfvo.catalogue.mano.record.NetworkServiceRecord.vlr.<elements>)
          - CollectionAttributeFetchImpl(collection=org.project.neutrino.nfvo.catalogue.mano.record.NetworkServiceRecord.vnf_dependency, querySpaceUid=<gen:14>, path=org.project.neutrino.nfvo.catalogue.mano.record.NetworkServiceRecord.vnf_dependency)
             - (collection element) CollectionFetchableElementEntityGraph(entity=org.project.neutrino.nfvo.catalogue.mano.common.VNFDependency, querySpaceUid=<gen:15>, path=org.project.neutrino.nfvo.catalogue.mano.record.NetworkServiceRecord.vnf_dependency.<elements>)
          - CollectionAttributeFetchImpl(collection=org.project.neutrino.nfvo.catalogue.mano.record.NetworkServiceRecord.vnffgr, querySpaceUid=<gen:16>, path=org.project.neutrino.nfvo.catalogue.mano.record.NetworkServiceRecord.vnffgr)
             - (collection element) CollectionFetchableElementEntityGraph(entity=org.project.neutrino.nfvo.catalogue.mano.descriptor.VNFForwardingGraph, querySpaceUid=<gen:17>, path=org.project.neutrino.nfvo.catalogue.mano.record.NetworkServiceRecord.vnffgr.<elements>)
          - EntityAttributeFetchImpl(entity=org.project.neutrino.nfvo.catalogue.mano.record.VirtualNetworkFunctionRecord, querySpaceUid=<gen:18>, path=org.project.neutrino.nfvo.catalogue.mano.record.NetworkServiceRecord.vnfr)
    - QuerySpaces
       - EntityQuerySpaceImpl(uid=<gen:0>, entity=org.project.neutrino.nfvo.catalogue.mano.record.NetworkServiceRecord)
          - SQL table alias mapping - networkser0_
          - alias suffix - 0_
          - suffixed key columns - {id1_18_0_}

14:11:15.531 [Test worker] DEBUG o.h.loader.entity.plan.EntityLoader - Static select for entity org.project.neutrino.nfvo.catalogue.mano.record.NetworkServiceRecord [UPGRADE]: select networkser0_.id as id1_18_0_, networkser0_.audit_log as audit_lo2_18_0_, networkser0_.descriptor_reference_Id as descript9_18_0_, networkser0_.lifecycle_event_id as lifecyc10_18_0_, networkser0_.notification as notifica3_18_0_, networkser0_.resource_reservation as resource4_18_0_, networkser0_.runtime_policy_info as runtime_5_18_0_, networkser0_.service_deployment_flavour_id as service11_18_0_, networkser0_.status as status6_18_0_, networkser0_.vendor as vendor7_18_0_, networkser0_.version as version8_18_0_, networkser0_.vnfr_id as vnfr_id12_18_0_ from network_service_record networkser0_ where networkser0_.id=? for update
14:11:15.531 [Test worker] DEBUG o.h.l.p.b.i.spaces.QuerySpacesImpl - Adding QuerySpace : uid = <gen:0> -> org.hibernate.loader.plan.build.internal.spaces.EntityQuerySpaceImpl@f8ec496]
14:11:15.531 [Test worker] DEBUG o.h.p.w.spi.MetamodelGraphWalker - Visiting attribute path : audit_log
14:11:15.531 [Test worker] DEBUG o.h.p.w.spi.MetamodelGraphWalker - Visiting attribute path : auto_scale_policy
14:11:15.531 [Test worker] DEBUG o.h.l.p.b.i.spaces.QuerySpacesImpl - Adding QuerySpace : uid = <gen:1> -> org.hibernate.loader.plan.build.internal.spaces.CollectionQuerySpaceImpl@3560efa3]
14:11:15.531 [Test worker] DEBUG o.h.l.p.b.i.spaces.QuerySpacesImpl - Adding QuerySpace : uid = <gen:2> -> org.hibernate.loader.plan.build.internal.spaces.EntityQuerySpaceImpl@6f14d1b5]
14:11:15.531 [Test worker] DEBUG o.h.p.w.spi.MetamodelGraphWalker - Visiting attribute path : connection_point
14:11:15.531 [Test worker] DEBUG o.h.l.p.b.i.spaces.QuerySpacesImpl - Adding QuerySpace : uid = <gen:3> -> org.hibernate.loader.plan.build.internal.spaces.CollectionQuerySpaceImpl@3fd3fb0c]
14:11:15.531 [Test worker] DEBUG o.h.l.p.b.i.spaces.QuerySpacesImpl - Adding QuerySpace : uid = <gen:4> -> org.hibernate.loader.plan.build.internal.spaces.EntityQuerySpaceImpl@7606f190]
14:11:15.531 [Test worker] DEBUG o.h.p.w.spi.MetamodelGraphWalker - Visiting attribute path : descriptor_reference
14:11:15.532 [Test worker] DEBUG o.h.l.p.b.i.spaces.QuerySpacesImpl - Adding QuerySpace : uid = <gen:5> -> org.hibernate.loader.plan.build.internal.spaces.EntityQuerySpaceImpl@41dd6179]
14:11:15.532 [Test worker] DEBUG o.h.p.w.spi.MetamodelGraphWalker - Visiting attribute path : lifecycle_event
14:11:15.532 [Test worker] DEBUG o.h.l.p.b.i.spaces.QuerySpacesImpl - Adding QuerySpace : uid = <gen:6> -> org.hibernate.loader.plan.build.internal.spaces.EntityQuerySpaceImpl@2d2a70b7]
14:11:15.532 [Test worker] DEBUG o.h.p.w.spi.MetamodelGraphWalker - Visiting attribute path : lifecycle_event_history
14:11:15.532 [Test worker] DEBUG o.h.l.p.b.i.spaces.QuerySpacesImpl - Adding QuerySpace : uid = <gen:7> -> org.hibernate.loader.plan.build.internal.spaces.CollectionQuerySpaceImpl@3d4e158b]
14:11:15.532 [Test worker] DEBUG o.h.l.p.b.i.spaces.QuerySpacesImpl - Adding QuerySpace : uid = <gen:8> -> org.hibernate.loader.plan.build.internal.spaces.EntityQuerySpaceImpl@5168781e]
14:11:15.532 [Test worker] DEBUG o.h.p.w.spi.MetamodelGraphWalker - Visiting attribute path : monitoring_parameter
14:11:15.532 [Test worker] DEBUG o.h.p.w.spi.MetamodelGraphWalker - Visiting attribute path : notification
14:11:15.532 [Test worker] DEBUG o.h.p.w.spi.MetamodelGraphWalker - Visiting attribute path : pnfr
14:11:15.532 [Test worker] DEBUG o.h.l.p.b.i.spaces.QuerySpacesImpl - Adding QuerySpace : uid = <gen:9> -> org.hibernate.loader.plan.build.internal.spaces.CollectionQuerySpaceImpl@21a62353]
14:11:15.532 [Test worker] DEBUG o.h.l.p.b.i.spaces.QuerySpacesImpl - Adding QuerySpace : uid = <gen:10> -> org.hibernate.loader.plan.build.internal.spaces.EntityQuerySpaceImpl@22592f67]
14:11:15.532 [Test worker] DEBUG o.h.p.w.spi.MetamodelGraphWalker - Visiting attribute path : resource_reservation
14:11:15.532 [Test worker] DEBUG o.h.p.w.spi.MetamodelGraphWalker - Visiting attribute path : runtime_policy_info
14:11:15.532 [Test worker] DEBUG o.h.p.w.spi.MetamodelGraphWalker - Visiting attribute path : service_deployment_flavour
14:11:15.532 [Test worker] DEBUG o.h.l.p.b.i.spaces.QuerySpacesImpl - Adding QuerySpace : uid = <gen:11> -> org.hibernate.loader.plan.build.internal.spaces.EntityQuerySpaceImpl@d3724cf]
14:11:15.533 [Test worker] DEBUG o.h.p.w.spi.MetamodelGraphWalker - Visiting attribute path : status
14:11:15.533 [Test worker] DEBUG o.h.p.w.spi.MetamodelGraphWalker - Visiting attribute path : vendor
14:11:15.533 [Test worker] DEBUG o.h.p.w.spi.MetamodelGraphWalker - Visiting attribute path : version
14:11:15.533 [Test worker] DEBUG o.h.p.w.spi.MetamodelGraphWalker - Visiting attribute path : vlr
14:11:15.533 [Test worker] DEBUG o.h.l.p.b.i.spaces.QuerySpacesImpl - Adding QuerySpace : uid = <gen:12> -> org.hibernate.loader.plan.build.internal.spaces.CollectionQuerySpaceImpl@1f5198d0]
14:11:15.533 [Test worker] DEBUG o.h.l.p.b.i.spaces.QuerySpacesImpl - Adding QuerySpace : uid = <gen:13> -> org.hibernate.loader.plan.build.internal.spaces.EntityQuerySpaceImpl@26078fc0]
14:11:15.533 [Test worker] DEBUG o.h.p.w.spi.MetamodelGraphWalker - Visiting attribute path : vnf_dependency
14:11:15.533 [Test worker] DEBUG o.h.l.p.b.i.spaces.QuerySpacesImpl - Adding QuerySpace : uid = <gen:14> -> org.hibernate.loader.plan.build.internal.spaces.CollectionQuerySpaceImpl@3a6e99c1]
14:11:15.533 [Test worker] DEBUG o.h.l.p.b.i.spaces.QuerySpacesImpl - Adding QuerySpace : uid = <gen:15> -> org.hibernate.loader.plan.build.internal.spaces.EntityQuerySpaceImpl@33306bdf]
14:11:15.533 [Test worker] DEBUG o.h.p.w.spi.MetamodelGraphWalker - Visiting attribute path : vnffgr
14:11:15.533 [Test worker] DEBUG o.h.l.p.b.i.spaces.QuerySpacesImpl - Adding QuerySpace : uid = <gen:16> -> org.hibernate.loader.plan.build.internal.spaces.CollectionQuerySpaceImpl@2ffa17ba]
14:11:15.533 [Test worker] DEBUG o.h.l.p.b.i.spaces.QuerySpacesImpl - Adding QuerySpace : uid = <gen:17> -> org.hibernate.loader.plan.build.internal.spaces.EntityQuerySpaceImpl@4c2bccf1]
14:11:15.533 [Test worker] DEBUG o.h.p.w.spi.MetamodelGraphWalker - Visiting attribute path : vnfr
14:11:15.534 [Test worker] DEBUG o.h.l.p.b.i.spaces.QuerySpacesImpl - Adding QuerySpace : uid = <gen:18> -> org.hibernate.loader.plan.build.internal.spaces.EntityQuerySpaceImpl@4f9c0948]
14:11:15.534 [Test worker] DEBUG o.h.l.p.b.i.FetchStyleLoadPlanBuildingAssociationVisitationStrategy - Building LoadPlan...
14:11:15.534 [Test worker] DEBUG o.h.l.p.e.i.LoadQueryJoinAndFetchProcessor - processing queryspace <gen:0>
14:11:15.535 [Test worker] DEBUG o.h.l.p.b.spi.LoadPlanTreePrinter - LoadPlan(entity=org.project.neutrino.nfvo.catalogue.mano.record.NetworkServiceRecord)
    - Returns
       - EntityReturnImpl(entity=org.project.neutrino.nfvo.catalogue.mano.record.NetworkServiceRecord, querySpaceUid=<gen:0>, path=org.project.neutrino.nfvo.catalogue.mano.record.NetworkServiceRecord)
          - CollectionAttributeFetchImpl(collection=org.project.neutrino.nfvo.catalogue.mano.record.NetworkServiceRecord.auto_scale_policy, querySpaceUid=<gen:1>, path=org.project.neutrino.nfvo.catalogue.mano.record.NetworkServiceRecord.auto_scale_policy)
             - (collection element) CollectionFetchableElementEntityGraph(entity=org.project.neutrino.nfvo.catalogue.mano.common.AutoScalePolicy, querySpaceUid=<gen:2>, path=org.project.neutrino.nfvo.catalogue.mano.record.NetworkServiceRecord.auto_scale_policy.<elements>)
          - CollectionAttributeFetchImpl(collection=org.project.neutrino.nfvo.catalogue.mano.record.NetworkServiceRecord.connection_point, querySpaceUid=<gen:3>, path=org.project.neutrino.nfvo.catalogue.mano.record.NetworkServiceRecord.connection_point)
             - (collection element) CollectionFetchableElementEntityGraph(entity=org.project.neutrino.nfvo.catalogue.mano.common.ConnectionPoint, querySpaceUid=<gen:4>, path=org.project.neutrino.nfvo.catalogue.mano.record.NetworkServiceRecord.connection_point.<elements>)
          - EntityAttributeFetchImpl(entity=org.project.neutrino.nfvo.catalogue.mano.common.NFVEntityDescriptor, querySpaceUid=<gen:5>, path=org.project.neutrino.nfvo.catalogue.mano.record.NetworkServiceRecord.descriptor_reference)
          - EntityAttributeFetchImpl(entity=org.project.neutrino.nfvo.catalogue.mano.common.LifecycleEvent, querySpaceUid=<gen:6>, path=org.project.neutrino.nfvo.catalogue.mano.record.NetworkServiceRecord.lifecycle_event)
          - CollectionAttributeFetchImpl(collection=org.project.neutrino.nfvo.catalogue.mano.record.NetworkServiceRecord.lifecycle_event_history, querySpaceUid=<gen:7>, path=org.project.neutrino.nfvo.catalogue.mano.record.NetworkServiceRecord.lifecycle_event_history)
             - (collection element) CollectionFetchableElementEntityGraph(entity=org.project.neutrino.nfvo.catalogue.mano.common.LifecycleEvent, querySpaceUid=<gen:8>, path=org.project.neutrino.nfvo.catalogue.mano.record.NetworkServiceRecord.lifecycle_event_history.<elements>)
          - CollectionAttributeFetchImpl(collection=org.project.neutrino.nfvo.catalogue.mano.record.NetworkServiceRecord.pnfr, querySpaceUid=<gen:9>, path=org.project.neutrino.nfvo.catalogue.mano.record.NetworkServiceRecord.pnfr)
             - (collection element) CollectionFetchableElementEntityGraph(entity=org.project.neutrino.nfvo.catalogue.mano.record.PhysicalNetworkFunctionRecord, querySpaceUid=<gen:10>, path=org.project.neutrino.nfvo.catalogue.mano.record.NetworkServiceRecord.pnfr.<elements>)
          - EntityAttributeFetchImpl(entity=org.project.neutrino.nfvo.catalogue.mano.common.ServiceDeploymentFlavour, querySpaceUid=<gen:11>, path=org.project.neutrino.nfvo.catalogue.mano.record.NetworkServiceRecord.service_deployment_flavour)
          - CollectionAttributeFetchImpl(collection=org.project.neutrino.nfvo.catalogue.mano.record.NetworkServiceRecord.vlr, querySpaceUid=<gen:12>, path=org.project.neutrino.nfvo.catalogue.mano.record.NetworkServiceRecord.vlr)
             - (collection element) CollectionFetchableElementEntityGraph(entity=org.project.neutrino.nfvo.catalogue.mano.record.VirtualLinkRecord, querySpaceUid=<gen:13>, path=org.project.neutrino.nfvo.catalogue.mano.record.NetworkServiceRecord.vlr.<elements>)
          - CollectionAttributeFetchImpl(collection=org.project.neutrino.nfvo.catalogue.mano.record.NetworkServiceRecord.vnf_dependency, querySpaceUid=<gen:14>, path=org.project.neutrino.nfvo.catalogue.mano.record.NetworkServiceRecord.vnf_dependency)
             - (collection element) CollectionFetchableElementEntityGraph(entity=org.project.neutrino.nfvo.catalogue.mano.common.VNFDependency, querySpaceUid=<gen:15>, path=org.project.neutrino.nfvo.catalogue.mano.record.NetworkServiceRecord.vnf_dependency.<elements>)
          - CollectionAttributeFetchImpl(collection=org.project.neutrino.nfvo.catalogue.mano.record.NetworkServiceRecord.vnffgr, querySpaceUid=<gen:16>, path=org.project.neutrino.nfvo.catalogue.mano.record.NetworkServiceRecord.vnffgr)
             - (collection element) CollectionFetchableElementEntityGraph(entity=org.project.neutrino.nfvo.catalogue.mano.descriptor.VNFForwardingGraph, querySpaceUid=<gen:17>, path=org.project.neutrino.nfvo.catalogue.mano.record.NetworkServiceRecord.vnffgr.<elements>)
          - EntityAttributeFetchImpl(entity=org.project.neutrino.nfvo.catalogue.mano.record.VirtualNetworkFunctionRecord, querySpaceUid=<gen:18>, path=org.project.neutrino.nfvo.catalogue.mano.record.NetworkServiceRecord.vnfr)
    - QuerySpaces
       - EntityQuerySpaceImpl(uid=<gen:0>, entity=org.project.neutrino.nfvo.catalogue.mano.record.NetworkServiceRecord)
          - SQL table alias mapping - networkser0_
          - alias suffix - 0_
          - suffixed key columns - {id1_18_0_}

14:11:15.535 [Test worker] DEBUG o.h.loader.entity.plan.EntityLoader - Static select for entity org.project.neutrino.nfvo.catalogue.mano.record.NetworkServiceRecord [UPGRADE_NOWAIT]: select networkser0_.id as id1_18_0_, networkser0_.audit_log as audit_lo2_18_0_, networkser0_.descriptor_reference_Id as descript9_18_0_, networkser0_.lifecycle_event_id as lifecyc10_18_0_, networkser0_.notification as notifica3_18_0_, networkser0_.resource_reservation as resource4_18_0_, networkser0_.runtime_policy_info as runtime_5_18_0_, networkser0_.service_deployment_flavour_id as service11_18_0_, networkser0_.status as status6_18_0_, networkser0_.vendor as vendor7_18_0_, networkser0_.version as version8_18_0_, networkser0_.vnfr_id as vnfr_id12_18_0_ from network_service_record networkser0_ where networkser0_.id=? for update
14:11:15.535 [Test worker] DEBUG o.h.l.p.b.i.spaces.QuerySpacesImpl - Adding QuerySpace : uid = <gen:0> -> org.hibernate.loader.plan.build.internal.spaces.EntityQuerySpaceImpl@d257ecd]
14:11:15.535 [Test worker] DEBUG o.h.p.w.spi.MetamodelGraphWalker - Visiting attribute path : audit_log
14:11:15.535 [Test worker] DEBUG o.h.p.w.spi.MetamodelGraphWalker - Visiting attribute path : auto_scale_policy
14:11:15.535 [Test worker] DEBUG o.h.l.p.b.i.spaces.QuerySpacesImpl - Adding QuerySpace : uid = <gen:1> -> org.hibernate.loader.plan.build.internal.spaces.CollectionQuerySpaceImpl@301f8194]
14:11:15.535 [Test worker] DEBUG o.h.l.p.b.i.spaces.QuerySpacesImpl - Adding QuerySpace : uid = <gen:2> -> org.hibernate.loader.plan.build.internal.spaces.EntityQuerySpaceImpl@6474343a]
14:11:15.535 [Test worker] DEBUG o.h.p.w.spi.MetamodelGraphWalker - Visiting attribute path : connection_point
14:11:15.535 [Test worker] DEBUG o.h.l.p.b.i.spaces.QuerySpacesImpl - Adding QuerySpace : uid = <gen:3> -> org.hibernate.loader.plan.build.internal.spaces.CollectionQuerySpaceImpl@910ff5c]
14:11:15.535 [Test worker] DEBUG o.h.l.p.b.i.spaces.QuerySpacesImpl - Adding QuerySpace : uid = <gen:4> -> org.hibernate.loader.plan.build.internal.spaces.EntityQuerySpaceImpl@3aecf5aa]
14:11:15.536 [Test worker] DEBUG o.h.p.w.spi.MetamodelGraphWalker - Visiting attribute path : descriptor_reference
14:11:15.536 [Test worker] DEBUG o.h.l.p.b.i.spaces.QuerySpacesImpl - Adding QuerySpace : uid = <gen:5> -> org.hibernate.loader.plan.build.internal.spaces.EntityQuerySpaceImpl@1af48a1f]
14:11:15.536 [Test worker] DEBUG o.h.p.w.spi.MetamodelGraphWalker - Visiting attribute path : lifecycle_event
14:11:15.536 [Test worker] DEBUG o.h.l.p.b.i.spaces.QuerySpacesImpl - Adding QuerySpace : uid = <gen:6> -> org.hibernate.loader.plan.build.internal.spaces.EntityQuerySpaceImpl@2c98070c]
14:11:15.536 [Test worker] DEBUG o.h.p.w.spi.MetamodelGraphWalker - Visiting attribute path : lifecycle_event_history
14:11:15.536 [Test worker] DEBUG o.h.l.p.b.i.spaces.QuerySpacesImpl - Adding QuerySpace : uid = <gen:7> -> org.hibernate.loader.plan.build.internal.spaces.CollectionQuerySpaceImpl@30f6bbb3]
14:11:15.536 [Test worker] DEBUG o.h.l.p.b.i.spaces.QuerySpacesImpl - Adding QuerySpace : uid = <gen:8> -> org.hibernate.loader.plan.build.internal.spaces.EntityQuerySpaceImpl@169cfde2]
14:11:15.536 [Test worker] DEBUG o.h.p.w.spi.MetamodelGraphWalker - Visiting attribute path : monitoring_parameter
14:11:15.536 [Test worker] DEBUG o.h.p.w.spi.MetamodelGraphWalker - Visiting attribute path : notification
14:11:15.536 [Test worker] DEBUG o.h.p.w.spi.MetamodelGraphWalker - Visiting attribute path : pnfr
14:11:15.536 [Test worker] DEBUG o.h.l.p.b.i.spaces.QuerySpacesImpl - Adding QuerySpace : uid = <gen:9> -> org.hibernate.loader.plan.build.internal.spaces.CollectionQuerySpaceImpl@1ce00c07]
14:11:15.536 [Test worker] DEBUG o.h.l.p.b.i.spaces.QuerySpacesImpl - Adding QuerySpace : uid = <gen:10> -> org.hibernate.loader.plan.build.internal.spaces.EntityQuerySpaceImpl@3935ae60]
14:11:15.536 [Test worker] DEBUG o.h.p.w.spi.MetamodelGraphWalker - Visiting attribute path : resource_reservation
14:11:15.536 [Test worker] DEBUG o.h.p.w.spi.MetamodelGraphWalker - Visiting attribute path : runtime_policy_info
14:11:15.536 [Test worker] DEBUG o.h.p.w.spi.MetamodelGraphWalker - Visiting attribute path : service_deployment_flavour
14:11:15.537 [Test worker] DEBUG o.h.l.p.b.i.spaces.QuerySpacesImpl - Adding QuerySpace : uid = <gen:11> -> org.hibernate.loader.plan.build.internal.spaces.EntityQuerySpaceImpl@734b3df7]
14:11:15.537 [Test worker] DEBUG o.h.p.w.spi.MetamodelGraphWalker - Visiting attribute path : status
14:11:15.537 [Test worker] DEBUG o.h.p.w.spi.MetamodelGraphWalker - Visiting attribute path : vendor
14:11:15.537 [Test worker] DEBUG o.h.p.w.spi.MetamodelGraphWalker - Visiting attribute path : version
14:11:15.537 [Test worker] DEBUG o.h.p.w.spi.MetamodelGraphWalker - Visiting attribute path : vlr
14:11:15.537 [Test worker] DEBUG o.h.l.p.b.i.spaces.QuerySpacesImpl - Adding QuerySpace : uid = <gen:12> -> org.hibernate.loader.plan.build.internal.spaces.CollectionQuerySpaceImpl@50d15e43]
14:11:15.537 [Test worker] DEBUG o.h.l.p.b.i.spaces.QuerySpacesImpl - Adding QuerySpace : uid = <gen:13> -> org.hibernate.loader.plan.build.internal.spaces.EntityQuerySpaceImpl@6183aa28]
14:11:15.537 [Test worker] DEBUG o.h.p.w.spi.MetamodelGraphWalker - Visiting attribute path : vnf_dependency
14:11:15.537 [Test worker] DEBUG o.h.l.p.b.i.spaces.QuerySpacesImpl - Adding QuerySpace : uid = <gen:14> -> org.hibernate.loader.plan.build.internal.spaces.CollectionQuerySpaceImpl@b185a1c]
14:11:15.537 [Test worker] DEBUG o.h.l.p.b.i.spaces.QuerySpacesImpl - Adding QuerySpace : uid = <gen:15> -> org.hibernate.loader.plan.build.internal.spaces.EntityQuerySpaceImpl@6bc3e9f4]
14:11:15.537 [Test worker] DEBUG o.h.p.w.spi.MetamodelGraphWalker - Visiting attribute path : vnffgr
14:11:15.537 [Test worker] DEBUG o.h.l.p.b.i.spaces.QuerySpacesImpl - Adding QuerySpace : uid = <gen:16> -> org.hibernate.loader.plan.build.internal.spaces.CollectionQuerySpaceImpl@b34c972]
14:11:15.537 [Test worker] DEBUG o.h.l.p.b.i.spaces.QuerySpacesImpl - Adding QuerySpace : uid = <gen:17> -> org.hibernate.loader.plan.build.internal.spaces.EntityQuerySpaceImpl@3695611d]
14:11:15.537 [Test worker] DEBUG o.h.p.w.spi.MetamodelGraphWalker - Visiting attribute path : vnfr
14:11:15.537 [Test worker] DEBUG o.h.l.p.b.i.spaces.QuerySpacesImpl - Adding QuerySpace : uid = <gen:18> -> org.hibernate.loader.plan.build.internal.spaces.EntityQuerySpaceImpl@91ad2ea]
14:11:15.538 [Test worker] DEBUG o.h.l.p.b.i.FetchStyleLoadPlanBuildingAssociationVisitationStrategy - Building LoadPlan...
14:11:15.538 [Test worker] DEBUG o.h.l.p.e.i.LoadQueryJoinAndFetchProcessor - processing queryspace <gen:0>
14:11:15.539 [Test worker] DEBUG o.h.l.p.b.spi.LoadPlanTreePrinter - LoadPlan(entity=org.project.neutrino.nfvo.catalogue.mano.record.NetworkServiceRecord)
    - Returns
       - EntityReturnImpl(entity=org.project.neutrino.nfvo.catalogue.mano.record.NetworkServiceRecord, querySpaceUid=<gen:0>, path=org.project.neutrino.nfvo.catalogue.mano.record.NetworkServiceRecord)
          - CollectionAttributeFetchImpl(collection=org.project.neutrino.nfvo.catalogue.mano.record.NetworkServiceRecord.auto_scale_policy, querySpaceUid=<gen:1>, path=org.project.neutrino.nfvo.catalogue.mano.record.NetworkServiceRecord.auto_scale_policy)
             - (collection element) CollectionFetchableElementEntityGraph(entity=org.project.neutrino.nfvo.catalogue.mano.common.AutoScalePolicy, querySpaceUid=<gen:2>, path=org.project.neutrino.nfvo.catalogue.mano.record.NetworkServiceRecord.auto_scale_policy.<elements>)
          - CollectionAttributeFetchImpl(collection=org.project.neutrino.nfvo.catalogue.mano.record.NetworkServiceRecord.connection_point, querySpaceUid=<gen:3>, path=org.project.neutrino.nfvo.catalogue.mano.record.NetworkServiceRecord.connection_point)
             - (collection element) CollectionFetchableElementEntityGraph(entity=org.project.neutrino.nfvo.catalogue.mano.common.ConnectionPoint, querySpaceUid=<gen:4>, path=org.project.neutrino.nfvo.catalogue.mano.record.NetworkServiceRecord.connection_point.<elements>)
          - EntityAttributeFetchImpl(entity=org.project.neutrino.nfvo.catalogue.mano.common.NFVEntityDescriptor, querySpaceUid=<gen:5>, path=org.project.neutrino.nfvo.catalogue.mano.record.NetworkServiceRecord.descriptor_reference)
          - EntityAttributeFetchImpl(entity=org.project.neutrino.nfvo.catalogue.mano.common.LifecycleEvent, querySpaceUid=<gen:6>, path=org.project.neutrino.nfvo.catalogue.mano.record.NetworkServiceRecord.lifecycle_event)
          - CollectionAttributeFetchImpl(collection=org.project.neutrino.nfvo.catalogue.mano.record.NetworkServiceRecord.lifecycle_event_history, querySpaceUid=<gen:7>, path=org.project.neutrino.nfvo.catalogue.mano.record.NetworkServiceRecord.lifecycle_event_history)
             - (collection element) CollectionFetchableElementEntityGraph(entity=org.project.neutrino.nfvo.catalogue.mano.common.LifecycleEvent, querySpaceUid=<gen:8>, path=org.project.neutrino.nfvo.catalogue.mano.record.NetworkServiceRecord.lifecycle_event_history.<elements>)
          - CollectionAttributeFetchImpl(collection=org.project.neutrino.nfvo.catalogue.mano.record.NetworkServiceRecord.pnfr, querySpaceUid=<gen:9>, path=org.project.neutrino.nfvo.catalogue.mano.record.NetworkServiceRecord.pnfr)
             - (collection element) CollectionFetchableElementEntityGraph(entity=org.project.neutrino.nfvo.catalogue.mano.record.PhysicalNetworkFunctionRecord, querySpaceUid=<gen:10>, path=org.project.neutrino.nfvo.catalogue.mano.record.NetworkServiceRecord.pnfr.<elements>)
          - EntityAttributeFetchImpl(entity=org.project.neutrino.nfvo.catalogue.mano.common.ServiceDeploymentFlavour, querySpaceUid=<gen:11>, path=org.project.neutrino.nfvo.catalogue.mano.record.NetworkServiceRecord.service_deployment_flavour)
          - CollectionAttributeFetchImpl(collection=org.project.neutrino.nfvo.catalogue.mano.record.NetworkServiceRecord.vlr, querySpaceUid=<gen:12>, path=org.project.neutrino.nfvo.catalogue.mano.record.NetworkServiceRecord.vlr)
             - (collection element) CollectionFetchableElementEntityGraph(entity=org.project.neutrino.nfvo.catalogue.mano.record.VirtualLinkRecord, querySpaceUid=<gen:13>, path=org.project.neutrino.nfvo.catalogue.mano.record.NetworkServiceRecord.vlr.<elements>)
          - CollectionAttributeFetchImpl(collection=org.project.neutrino.nfvo.catalogue.mano.record.NetworkServiceRecord.vnf_dependency, querySpaceUid=<gen:14>, path=org.project.neutrino.nfvo.catalogue.mano.record.NetworkServiceRecord.vnf_dependency)
             - (collection element) CollectionFetchableElementEntityGraph(entity=org.project.neutrino.nfvo.catalogue.mano.common.VNFDependency, querySpaceUid=<gen:15>, path=org.project.neutrino.nfvo.catalogue.mano.record.NetworkServiceRecord.vnf_dependency.<elements>)
          - CollectionAttributeFetchImpl(collection=org.project.neutrino.nfvo.catalogue.mano.record.NetworkServiceRecord.vnffgr, querySpaceUid=<gen:16>, path=org.project.neutrino.nfvo.catalogue.mano.record.NetworkServiceRecord.vnffgr)
             - (collection element) CollectionFetchableElementEntityGraph(entity=org.project.neutrino.nfvo.catalogue.mano.descriptor.VNFForwardingGraph, querySpaceUid=<gen:17>, path=org.project.neutrino.nfvo.catalogue.mano.record.NetworkServiceRecord.vnffgr.<elements>)
          - EntityAttributeFetchImpl(entity=org.project.neutrino.nfvo.catalogue.mano.record.VirtualNetworkFunctionRecord, querySpaceUid=<gen:18>, path=org.project.neutrino.nfvo.catalogue.mano.record.NetworkServiceRecord.vnfr)
    - QuerySpaces
       - EntityQuerySpaceImpl(uid=<gen:0>, entity=org.project.neutrino.nfvo.catalogue.mano.record.NetworkServiceRecord)
          - SQL table alias mapping - networkser0_
          - alias suffix - 0_
          - suffixed key columns - {id1_18_0_}

14:11:15.539 [Test worker] DEBUG o.h.loader.entity.plan.EntityLoader - Static select for entity org.project.neutrino.nfvo.catalogue.mano.record.NetworkServiceRecord [UPGRADE_SKIPLOCKED]: select networkser0_.id as id1_18_0_, networkser0_.audit_log as audit_lo2_18_0_, networkser0_.descriptor_reference_Id as descript9_18_0_, networkser0_.lifecycle_event_id as lifecyc10_18_0_, networkser0_.notification as notifica3_18_0_, networkser0_.resource_reservation as resource4_18_0_, networkser0_.runtime_policy_info as runtime_5_18_0_, networkser0_.service_deployment_flavour_id as service11_18_0_, networkser0_.status as status6_18_0_, networkser0_.vendor as vendor7_18_0_, networkser0_.version as version8_18_0_, networkser0_.vnfr_id as vnfr_id12_18_0_ from network_service_record networkser0_ where networkser0_.id=? for update
14:11:15.539 [Test worker] DEBUG o.h.l.p.b.i.spaces.QuerySpacesImpl - Adding QuerySpace : uid = <gen:0> -> org.hibernate.loader.plan.build.internal.spaces.EntityQuerySpaceImpl@400d0551]
14:11:15.539 [Test worker] DEBUG o.h.p.w.spi.MetamodelGraphWalker - Visiting attribute path : audit_log
14:11:15.539 [Test worker] DEBUG o.h.p.w.spi.MetamodelGraphWalker - Visiting attribute path : auto_scale_policy
14:11:15.539 [Test worker] DEBUG o.h.l.p.b.i.spaces.QuerySpacesImpl - Adding QuerySpace : uid = <gen:1> -> org.hibernate.loader.plan.build.internal.spaces.CollectionQuerySpaceImpl@49992f2e]
14:11:15.539 [Test worker] DEBUG o.h.l.p.b.i.spaces.QuerySpacesImpl - Adding QuerySpace : uid = <gen:2> -> org.hibernate.loader.plan.build.internal.spaces.EntityQuerySpaceImpl@67e89ac1]
14:11:15.539 [Test worker] DEBUG o.h.p.w.spi.MetamodelGraphWalker - Visiting attribute path : connection_point
14:11:15.539 [Test worker] DEBUG o.h.l.p.b.i.spaces.QuerySpacesImpl - Adding QuerySpace : uid = <gen:3> -> org.hibernate.loader.plan.build.internal.spaces.CollectionQuerySpaceImpl@58082a32]
14:11:15.539 [Test worker] DEBUG o.h.l.p.b.i.spaces.QuerySpacesImpl - Adding QuerySpace : uid = <gen:4> -> org.hibernate.loader.plan.build.internal.spaces.EntityQuerySpaceImpl@a65c5]
14:11:15.539 [Test worker] DEBUG o.h.p.w.spi.MetamodelGraphWalker - Visiting attribute path : descriptor_reference
14:11:15.540 [Test worker] DEBUG o.h.l.p.b.i.spaces.QuerySpacesImpl - Adding QuerySpace : uid = <gen:5> -> org.hibernate.loader.plan.build.internal.spaces.EntityQuerySpaceImpl@2a9f6888]
14:11:15.540 [Test worker] DEBUG o.h.p.w.spi.MetamodelGraphWalker - Visiting attribute path : lifecycle_event
14:11:15.540 [Test worker] DEBUG o.h.l.p.b.i.spaces.QuerySpacesImpl - Adding QuerySpace : uid = <gen:6> -> org.hibernate.loader.plan.build.internal.spaces.EntityQuerySpaceImpl@4787ce94]
14:11:15.540 [Test worker] DEBUG o.h.p.w.spi.MetamodelGraphWalker - Visiting attribute path : lifecycle_event_history
14:11:15.540 [Test worker] DEBUG o.h.l.p.b.i.spaces.QuerySpacesImpl - Adding QuerySpace : uid = <gen:7> -> org.hibernate.loader.plan.build.internal.spaces.CollectionQuerySpaceImpl@250b7b3c]
14:11:15.540 [Test worker] DEBUG o.h.l.p.b.i.spaces.QuerySpacesImpl - Adding QuerySpace : uid = <gen:8> -> org.hibernate.loader.plan.build.internal.spaces.EntityQuerySpaceImpl@14c7b324]
14:11:15.540 [Test worker] DEBUG o.h.p.w.spi.MetamodelGraphWalker - Visiting attribute path : monitoring_parameter
14:11:15.540 [Test worker] DEBUG o.h.p.w.spi.MetamodelGraphWalker - Visiting attribute path : notification
14:11:15.540 [Test worker] DEBUG o.h.p.w.spi.MetamodelGraphWalker - Visiting attribute path : pnfr
14:11:15.540 [Test worker] DEBUG o.h.l.p.b.i.spaces.QuerySpacesImpl - Adding QuerySpace : uid = <gen:9> -> org.hibernate.loader.plan.build.internal.spaces.CollectionQuerySpaceImpl@42c20b24]
14:11:15.540 [Test worker] DEBUG o.h.l.p.b.i.spaces.QuerySpacesImpl - Adding QuerySpace : uid = <gen:10> -> org.hibernate.loader.plan.build.internal.spaces.EntityQuerySpaceImpl@51698ab9]
14:11:15.540 [Test worker] DEBUG o.h.p.w.spi.MetamodelGraphWalker - Visiting attribute path : resource_reservation
14:11:15.540 [Test worker] DEBUG o.h.p.w.spi.MetamodelGraphWalker - Visiting attribute path : runtime_policy_info
14:11:15.540 [Test worker] DEBUG o.h.p.w.spi.MetamodelGraphWalker - Visiting attribute path : service_deployment_flavour
14:11:15.540 [Test worker] DEBUG o.h.l.p.b.i.spaces.QuerySpacesImpl - Adding QuerySpace : uid = <gen:11> -> org.hibernate.loader.plan.build.internal.spaces.EntityQuerySpaceImpl@6812a170]
14:11:15.540 [Test worker] DEBUG o.h.p.w.spi.MetamodelGraphWalker - Visiting attribute path : status
14:11:15.540 [Test worker] DEBUG o.h.p.w.spi.MetamodelGraphWalker - Visiting attribute path : vendor
14:11:15.540 [Test worker] DEBUG o.h.p.w.spi.MetamodelGraphWalker - Visiting attribute path : version
14:11:15.540 [Test worker] DEBUG o.h.p.w.spi.MetamodelGraphWalker - Visiting attribute path : vlr
14:11:15.540 [Test worker] DEBUG o.h.l.p.b.i.spaces.QuerySpacesImpl - Adding QuerySpace : uid = <gen:12> -> org.hibernate.loader.plan.build.internal.spaces.CollectionQuerySpaceImpl@1f24f571]
14:11:15.540 [Test worker] DEBUG o.h.l.p.b.i.spaces.QuerySpacesImpl - Adding QuerySpace : uid = <gen:13> -> org.hibernate.loader.plan.build.internal.spaces.EntityQuerySpaceImpl@336dddb0]
14:11:15.540 [Test worker] DEBUG o.h.p.w.spi.MetamodelGraphWalker - Visiting attribute path : vnf_dependency
14:11:15.541 [Test worker] DEBUG o.h.l.p.b.i.spaces.QuerySpacesImpl - Adding QuerySpace : uid = <gen:14> -> org.hibernate.loader.plan.build.internal.spaces.CollectionQuerySpaceImpl@71f56830]
14:11:15.541 [Test worker] DEBUG o.h.l.p.b.i.spaces.QuerySpacesImpl - Adding QuerySpace : uid = <gen:15> -> org.hibernate.loader.plan.build.internal.spaces.EntityQuerySpaceImpl@268b61c3]
14:11:15.541 [Test worker] DEBUG o.h.p.w.spi.MetamodelGraphWalker - Visiting attribute path : vnffgr
14:11:15.541 [Test worker] DEBUG o.h.l.p.b.i.spaces.QuerySpacesImpl - Adding QuerySpace : uid = <gen:16> -> org.hibernate.loader.plan.build.internal.spaces.CollectionQuerySpaceImpl@8bf5cfa]
14:11:15.541 [Test worker] DEBUG o.h.l.p.b.i.spaces.QuerySpacesImpl - Adding QuerySpace : uid = <gen:17> -> org.hibernate.loader.plan.build.internal.spaces.EntityQuerySpaceImpl@4b712592]
14:11:15.541 [Test worker] DEBUG o.h.p.w.spi.MetamodelGraphWalker - Visiting attribute path : vnfr
14:11:15.541 [Test worker] DEBUG o.h.l.p.b.i.spaces.QuerySpacesImpl - Adding QuerySpace : uid = <gen:18> -> org.hibernate.loader.plan.build.internal.spaces.EntityQuerySpaceImpl@7159baef]
14:11:15.541 [Test worker] DEBUG o.h.l.p.b.i.FetchStyleLoadPlanBuildingAssociationVisitationStrategy - Building LoadPlan...
14:11:15.541 [Test worker] DEBUG o.h.l.p.e.i.LoadQueryJoinAndFetchProcessor - processing queryspace <gen:0>
14:11:15.542 [Test worker] DEBUG o.h.l.p.b.spi.LoadPlanTreePrinter - LoadPlan(entity=org.project.neutrino.nfvo.catalogue.mano.record.NetworkServiceRecord)
    - Returns
       - EntityReturnImpl(entity=org.project.neutrino.nfvo.catalogue.mano.record.NetworkServiceRecord, querySpaceUid=<gen:0>, path=org.project.neutrino.nfvo.catalogue.mano.record.NetworkServiceRecord)
          - CollectionAttributeFetchImpl(collection=org.project.neutrino.nfvo.catalogue.mano.record.NetworkServiceRecord.auto_scale_policy, querySpaceUid=<gen:1>, path=org.project.neutrino.nfvo.catalogue.mano.record.NetworkServiceRecord.auto_scale_policy)
             - (collection element) CollectionFetchableElementEntityGraph(entity=org.project.neutrino.nfvo.catalogue.mano.common.AutoScalePolicy, querySpaceUid=<gen:2>, path=org.project.neutrino.nfvo.catalogue.mano.record.NetworkServiceRecord.auto_scale_policy.<elements>)
          - CollectionAttributeFetchImpl(collection=org.project.neutrino.nfvo.catalogue.mano.record.NetworkServiceRecord.connection_point, querySpaceUid=<gen:3>, path=org.project.neutrino.nfvo.catalogue.mano.record.NetworkServiceRecord.connection_point)
             - (collection element) CollectionFetchableElementEntityGraph(entity=org.project.neutrino.nfvo.catalogue.mano.common.ConnectionPoint, querySpaceUid=<gen:4>, path=org.project.neutrino.nfvo.catalogue.mano.record.NetworkServiceRecord.connection_point.<elements>)
          - EntityAttributeFetchImpl(entity=org.project.neutrino.nfvo.catalogue.mano.common.NFVEntityDescriptor, querySpaceUid=<gen:5>, path=org.project.neutrino.nfvo.catalogue.mano.record.NetworkServiceRecord.descriptor_reference)
          - EntityAttributeFetchImpl(entity=org.project.neutrino.nfvo.catalogue.mano.common.LifecycleEvent, querySpaceUid=<gen:6>, path=org.project.neutrino.nfvo.catalogue.mano.record.NetworkServiceRecord.lifecycle_event)
          - CollectionAttributeFetchImpl(collection=org.project.neutrino.nfvo.catalogue.mano.record.NetworkServiceRecord.lifecycle_event_history, querySpaceUid=<gen:7>, path=org.project.neutrino.nfvo.catalogue.mano.record.NetworkServiceRecord.lifecycle_event_history)
             - (collection element) CollectionFetchableElementEntityGraph(entity=org.project.neutrino.nfvo.catalogue.mano.common.LifecycleEvent, querySpaceUid=<gen:8>, path=org.project.neutrino.nfvo.catalogue.mano.record.NetworkServiceRecord.lifecycle_event_history.<elements>)
          - CollectionAttributeFetchImpl(collection=org.project.neutrino.nfvo.catalogue.mano.record.NetworkServiceRecord.pnfr, querySpaceUid=<gen:9>, path=org.project.neutrino.nfvo.catalogue.mano.record.NetworkServiceRecord.pnfr)
             - (collection element) CollectionFetchableElementEntityGraph(entity=org.project.neutrino.nfvo.catalogue.mano.record.PhysicalNetworkFunctionRecord, querySpaceUid=<gen:10>, path=org.project.neutrino.nfvo.catalogue.mano.record.NetworkServiceRecord.pnfr.<elements>)
          - EntityAttributeFetchImpl(entity=org.project.neutrino.nfvo.catalogue.mano.common.ServiceDeploymentFlavour, querySpaceUid=<gen:11>, path=org.project.neutrino.nfvo.catalogue.mano.record.NetworkServiceRecord.service_deployment_flavour)
          - CollectionAttributeFetchImpl(collection=org.project.neutrino.nfvo.catalogue.mano.record.NetworkServiceRecord.vlr, querySpaceUid=<gen:12>, path=org.project.neutrino.nfvo.catalogue.mano.record.NetworkServiceRecord.vlr)
             - (collection element) CollectionFetchableElementEntityGraph(entity=org.project.neutrino.nfvo.catalogue.mano.record.VirtualLinkRecord, querySpaceUid=<gen:13>, path=org.project.neutrino.nfvo.catalogue.mano.record.NetworkServiceRecord.vlr.<elements>)
          - CollectionAttributeFetchImpl(collection=org.project.neutrino.nfvo.catalogue.mano.record.NetworkServiceRecord.vnf_dependency, querySpaceUid=<gen:14>, path=org.project.neutrino.nfvo.catalogue.mano.record.NetworkServiceRecord.vnf_dependency)
             - (collection element) CollectionFetchableElementEntityGraph(entity=org.project.neutrino.nfvo.catalogue.mano.common.VNFDependency, querySpaceUid=<gen:15>, path=org.project.neutrino.nfvo.catalogue.mano.record.NetworkServiceRecord.vnf_dependency.<elements>)
          - CollectionAttributeFetchImpl(collection=org.project.neutrino.nfvo.catalogue.mano.record.NetworkServiceRecord.vnffgr, querySpaceUid=<gen:16>, path=org.project.neutrino.nfvo.catalogue.mano.record.NetworkServiceRecord.vnffgr)
             - (collection element) CollectionFetchableElementEntityGraph(entity=org.project.neutrino.nfvo.catalogue.mano.descriptor.VNFForwardingGraph, querySpaceUid=<gen:17>, path=org.project.neutrino.nfvo.catalogue.mano.record.NetworkServiceRecord.vnffgr.<elements>)
          - EntityAttributeFetchImpl(entity=org.project.neutrino.nfvo.catalogue.mano.record.VirtualNetworkFunctionRecord, querySpaceUid=<gen:18>, path=org.project.neutrino.nfvo.catalogue.mano.record.NetworkServiceRecord.vnfr)
    - QuerySpaces
       - EntityQuerySpaceImpl(uid=<gen:0>, entity=org.project.neutrino.nfvo.catalogue.mano.record.NetworkServiceRecord)
          - SQL table alias mapping - networkser0_
          - alias suffix - 0_
          - suffixed key columns - {id1_18_0_}

14:11:15.542 [Test worker] DEBUG o.h.loader.entity.plan.EntityLoader - Static select for entity org.project.neutrino.nfvo.catalogue.mano.record.NetworkServiceRecord [FORCE]: select networkser0_.id as id1_18_0_, networkser0_.audit_log as audit_lo2_18_0_, networkser0_.descriptor_reference_Id as descript9_18_0_, networkser0_.lifecycle_event_id as lifecyc10_18_0_, networkser0_.notification as notifica3_18_0_, networkser0_.resource_reservation as resource4_18_0_, networkser0_.runtime_policy_info as runtime_5_18_0_, networkser0_.service_deployment_flavour_id as service11_18_0_, networkser0_.status as status6_18_0_, networkser0_.vendor as vendor7_18_0_, networkser0_.version as version8_18_0_, networkser0_.vnfr_id as vnfr_id12_18_0_ from network_service_record networkser0_ where networkser0_.id=? for update
14:11:15.548 [Test worker] DEBUG o.h.l.p.b.i.spaces.QuerySpacesImpl - Adding QuerySpace : uid = <gen:0> -> org.hibernate.loader.plan.build.internal.spaces.EntityQuerySpaceImpl@39ffdb0c]
14:11:15.549 [Test worker] DEBUG o.h.p.w.spi.MetamodelGraphWalker - Visiting attribute path : audit_log
14:11:15.549 [Test worker] DEBUG o.h.p.w.spi.MetamodelGraphWalker - Visiting attribute path : auto_scale_policy
14:11:15.549 [Test worker] DEBUG o.h.l.p.b.i.spaces.QuerySpacesImpl - Adding QuerySpace : uid = <gen:1> -> org.hibernate.loader.plan.build.internal.spaces.CollectionQuerySpaceImpl@7526fc24]
14:11:15.549 [Test worker] DEBUG o.h.l.p.b.i.spaces.QuerySpacesImpl - Adding QuerySpace : uid = <gen:2> -> org.hibernate.loader.plan.build.internal.spaces.EntityQuerySpaceImpl@5273db92]
14:11:15.549 [Test worker] DEBUG o.h.p.w.spi.MetamodelGraphWalker - Visiting attribute path : connection_point
14:11:15.549 [Test worker] DEBUG o.h.l.p.b.i.spaces.QuerySpacesImpl - Adding QuerySpace : uid = <gen:3> -> org.hibernate.loader.plan.build.internal.spaces.CollectionQuerySpaceImpl@34547888]
14:11:15.549 [Test worker] DEBUG o.h.l.p.b.i.spaces.QuerySpacesImpl - Adding QuerySpace : uid = <gen:4> -> org.hibernate.loader.plan.build.internal.spaces.EntityQuerySpaceImpl@15b5438f]
14:11:15.549 [Test worker] DEBUG o.h.p.w.spi.MetamodelGraphWalker - Visiting attribute path : descriptor_reference
14:11:15.549 [Test worker] DEBUG o.h.l.p.b.i.spaces.QuerySpacesImpl - Adding QuerySpace : uid = <gen:5> -> org.hibernate.loader.plan.build.internal.spaces.EntityQuerySpaceImpl@2f666c6b]
14:11:15.549 [Test worker] DEBUG o.h.p.w.spi.MetamodelGraphWalker - Visiting attribute path : lifecycle_event
14:11:15.549 [Test worker] DEBUG o.h.l.p.b.i.spaces.QuerySpacesImpl - Adding QuerySpace : uid = <gen:6> -> org.hibernate.loader.plan.build.internal.spaces.EntityQuerySpaceImpl@6d57fd1c]
14:11:15.549 [Test worker] DEBUG o.h.p.w.spi.MetamodelGraphWalker - Visiting attribute path : lifecycle_event_history
14:11:15.549 [Test worker] DEBUG o.h.l.p.b.i.spaces.QuerySpacesImpl - Adding QuerySpace : uid = <gen:7> -> org.hibernate.loader.plan.build.internal.spaces.CollectionQuerySpaceImpl@2baa7159]
14:11:15.549 [Test worker] DEBUG o.h.l.p.b.i.spaces.QuerySpacesImpl - Adding QuerySpace : uid = <gen:8> -> org.hibernate.loader.plan.build.internal.spaces.EntityQuerySpaceImpl@42f7a074]
14:11:15.549 [Test worker] DEBUG o.h.p.w.spi.MetamodelGraphWalker - Visiting attribute path : monitoring_parameter
14:11:15.549 [Test worker] DEBUG o.h.p.w.spi.MetamodelGraphWalker - Visiting attribute path : notification
14:11:15.549 [Test worker] DEBUG o.h.p.w.spi.MetamodelGraphWalker - Visiting attribute path : pnfr
14:11:15.549 [Test worker] DEBUG o.h.l.p.b.i.spaces.QuerySpacesImpl - Adding QuerySpace : uid = <gen:9> -> org.hibernate.loader.plan.build.internal.spaces.CollectionQuerySpaceImpl@f474205]
14:11:15.549 [Test worker] DEBUG o.h.l.p.b.i.spaces.QuerySpacesImpl - Adding QuerySpace : uid = <gen:10> -> org.hibernate.loader.plan.build.internal.spaces.EntityQuerySpaceImpl@f3f5e19]
14:11:15.549 [Test worker] DEBUG o.h.p.w.spi.MetamodelGraphWalker - Visiting attribute path : resource_reservation
14:11:15.549 [Test worker] DEBUG o.h.p.w.spi.MetamodelGraphWalker - Visiting attribute path : runtime_policy_info
14:11:15.549 [Test worker] DEBUG o.h.p.w.spi.MetamodelGraphWalker - Visiting attribute path : service_deployment_flavour
14:11:15.549 [Test worker] DEBUG o.h.l.p.b.i.spaces.QuerySpacesImpl - Adding QuerySpace : uid = <gen:11> -> org.hibernate.loader.plan.build.internal.spaces.EntityQuerySpaceImpl@93ac321]
14:11:15.549 [Test worker] DEBUG o.h.p.w.spi.MetamodelGraphWalker - Visiting attribute path : status
14:11:15.549 [Test worker] DEBUG o.h.p.w.spi.MetamodelGraphWalker - Visiting attribute path : vendor
14:11:15.549 [Test worker] DEBUG o.h.p.w.spi.MetamodelGraphWalker - Visiting attribute path : version
14:11:15.549 [Test worker] DEBUG o.h.p.w.spi.MetamodelGraphWalker - Visiting attribute path : vlr
14:11:15.549 [Test worker] DEBUG o.h.l.p.b.i.spaces.QuerySpacesImpl - Adding QuerySpace : uid = <gen:12> -> org.hibernate.loader.plan.build.internal.spaces.CollectionQuerySpaceImpl@70e0b042]
14:11:15.550 [Test worker] DEBUG o.h.l.p.b.i.spaces.QuerySpacesImpl - Adding QuerySpace : uid = <gen:13> -> org.hibernate.loader.plan.build.internal.spaces.EntityQuerySpaceImpl@2f53f6f3]
14:11:15.550 [Test worker] DEBUG o.h.p.w.spi.MetamodelGraphWalker - Visiting attribute path : vnf_dependency
14:11:15.550 [Test worker] DEBUG o.h.l.p.b.i.spaces.QuerySpacesImpl - Adding QuerySpace : uid = <gen:14> -> org.hibernate.loader.plan.build.internal.spaces.CollectionQuerySpaceImpl@3179e3cb]
14:11:15.550 [Test worker] DEBUG o.h.l.p.b.i.spaces.QuerySpacesImpl - Adding QuerySpace : uid = <gen:15> -> org.hibernate.loader.plan.build.internal.spaces.EntityQuerySpaceImpl@395a3dcd]
14:11:15.550 [Test worker] DEBUG o.h.p.w.spi.MetamodelGraphWalker - Visiting attribute path : vnffgr
14:11:15.550 [Test worker] DEBUG o.h.l.p.b.i.spaces.QuerySpacesImpl - Adding QuerySpace : uid = <gen:16> -> org.hibernate.loader.plan.build.internal.spaces.CollectionQuerySpaceImpl@538f7b25]
14:11:15.550 [Test worker] DEBUG o.h.l.p.b.i.spaces.QuerySpacesImpl - Adding QuerySpace : uid = <gen:17> -> org.hibernate.loader.plan.build.internal.spaces.EntityQuerySpaceImpl@70dde4fe]
14:11:15.550 [Test worker] DEBUG o.h.p.w.spi.MetamodelGraphWalker - Visiting attribute path : vnfr
14:11:15.550 [Test worker] DEBUG o.h.l.p.b.i.spaces.QuerySpacesImpl - Adding QuerySpace : uid = <gen:18> -> org.hibernate.loader.plan.build.internal.spaces.EntityQuerySpaceImpl@77e51995]
14:11:15.550 [Test worker] DEBUG o.h.l.p.b.i.FetchStyleLoadPlanBuildingAssociationVisitationStrategy - Building LoadPlan...
14:11:15.550 [Test worker] DEBUG o.h.l.p.e.i.LoadQueryJoinAndFetchProcessor - processing queryspace <gen:0>
14:11:15.552 [Test worker] DEBUG o.h.l.p.b.spi.LoadPlanTreePrinter - LoadPlan(entity=org.project.neutrino.nfvo.catalogue.mano.record.NetworkServiceRecord)
    - Returns
       - EntityReturnImpl(entity=org.project.neutrino.nfvo.catalogue.mano.record.NetworkServiceRecord, querySpaceUid=<gen:0>, path=org.project.neutrino.nfvo.catalogue.mano.record.NetworkServiceRecord)
          - CollectionAttributeFetchImpl(collection=org.project.neutrino.nfvo.catalogue.mano.record.NetworkServiceRecord.auto_scale_policy, querySpaceUid=<gen:1>, path=org.project.neutrino.nfvo.catalogue.mano.record.NetworkServiceRecord.auto_scale_policy)
             - (collection element) CollectionFetchableElementEntityGraph(entity=org.project.neutrino.nfvo.catalogue.mano.common.AutoScalePolicy, querySpaceUid=<gen:2>, path=org.project.neutrino.nfvo.catalogue.mano.record.NetworkServiceRecord.auto_scale_policy.<elements>)
          - CollectionAttributeFetchImpl(collection=org.project.neutrino.nfvo.catalogue.mano.record.NetworkServiceRecord.connection_point, querySpaceUid=<gen:3>, path=org.project.neutrino.nfvo.catalogue.mano.record.NetworkServiceRecord.connection_point)
             - (collection element) CollectionFetchableElementEntityGraph(entity=org.project.neutrino.nfvo.catalogue.mano.common.ConnectionPoint, querySpaceUid=<gen:4>, path=org.project.neutrino.nfvo.catalogue.mano.record.NetworkServiceRecord.connection_point.<elements>)
          - EntityAttributeFetchImpl(entity=org.project.neutrino.nfvo.catalogue.mano.common.NFVEntityDescriptor, querySpaceUid=<gen:5>, path=org.project.neutrino.nfvo.catalogue.mano.record.NetworkServiceRecord.descriptor_reference)
          - EntityAttributeFetchImpl(entity=org.project.neutrino.nfvo.catalogue.mano.common.LifecycleEvent, querySpaceUid=<gen:6>, path=org.project.neutrino.nfvo.catalogue.mano.record.NetworkServiceRecord.lifecycle_event)
          - CollectionAttributeFetchImpl(collection=org.project.neutrino.nfvo.catalogue.mano.record.NetworkServiceRecord.lifecycle_event_history, querySpaceUid=<gen:7>, path=org.project.neutrino.nfvo.catalogue.mano.record.NetworkServiceRecord.lifecycle_event_history)
             - (collection element) CollectionFetchableElementEntityGraph(entity=org.project.neutrino.nfvo.catalogue.mano.common.LifecycleEvent, querySpaceUid=<gen:8>, path=org.project.neutrino.nfvo.catalogue.mano.record.NetworkServiceRecord.lifecycle_event_history.<elements>)
          - CollectionAttributeFetchImpl(collection=org.project.neutrino.nfvo.catalogue.mano.record.NetworkServiceRecord.pnfr, querySpaceUid=<gen:9>, path=org.project.neutrino.nfvo.catalogue.mano.record.NetworkServiceRecord.pnfr)
             - (collection element) CollectionFetchableElementEntityGraph(entity=org.project.neutrino.nfvo.catalogue.mano.record.PhysicalNetworkFunctionRecord, querySpaceUid=<gen:10>, path=org.project.neutrino.nfvo.catalogue.mano.record.NetworkServiceRecord.pnfr.<elements>)
          - EntityAttributeFetchImpl(entity=org.project.neutrino.nfvo.catalogue.mano.common.ServiceDeploymentFlavour, querySpaceUid=<gen:11>, path=org.project.neutrino.nfvo.catalogue.mano.record.NetworkServiceRecord.service_deployment_flavour)
          - CollectionAttributeFetchImpl(collection=org.project.neutrino.nfvo.catalogue.mano.record.NetworkServiceRecord.vlr, querySpaceUid=<gen:12>, path=org.project.neutrino.nfvo.catalogue.mano.record.NetworkServiceRecord.vlr)
             - (collection element) CollectionFetchableElementEntityGraph(entity=org.project.neutrino.nfvo.catalogue.mano.record.VirtualLinkRecord, querySpaceUid=<gen:13>, path=org.project.neutrino.nfvo.catalogue.mano.record.NetworkServiceRecord.vlr.<elements>)
          - CollectionAttributeFetchImpl(collection=org.project.neutrino.nfvo.catalogue.mano.record.NetworkServiceRecord.vnf_dependency, querySpaceUid=<gen:14>, path=org.project.neutrino.nfvo.catalogue.mano.record.NetworkServiceRecord.vnf_dependency)
             - (collection element) CollectionFetchableElementEntityGraph(entity=org.project.neutrino.nfvo.catalogue.mano.common.VNFDependency, querySpaceUid=<gen:15>, path=org.project.neutrino.nfvo.catalogue.mano.record.NetworkServiceRecord.vnf_dependency.<elements>)
          - CollectionAttributeFetchImpl(collection=org.project.neutrino.nfvo.catalogue.mano.record.NetworkServiceRecord.vnffgr, querySpaceUid=<gen:16>, path=org.project.neutrino.nfvo.catalogue.mano.record.NetworkServiceRecord.vnffgr)
             - (collection element) CollectionFetchableElementEntityGraph(entity=org.project.neutrino.nfvo.catalogue.mano.descriptor.VNFForwardingGraph, querySpaceUid=<gen:17>, path=org.project.neutrino.nfvo.catalogue.mano.record.NetworkServiceRecord.vnffgr.<elements>)
          - EntityAttributeFetchImpl(entity=org.project.neutrino.nfvo.catalogue.mano.record.VirtualNetworkFunctionRecord, querySpaceUid=<gen:18>, path=org.project.neutrino.nfvo.catalogue.mano.record.NetworkServiceRecord.vnfr)
    - QuerySpaces
       - EntityQuerySpaceImpl(uid=<gen:0>, entity=org.project.neutrino.nfvo.catalogue.mano.record.NetworkServiceRecord)
          - SQL table alias mapping - networkser0_
          - alias suffix - 0_
          - suffixed key columns - {id1_18_0_}

14:11:15.552 [Test worker] DEBUG o.h.loader.entity.plan.EntityLoader - Static select for entity org.project.neutrino.nfvo.catalogue.mano.record.NetworkServiceRecord [PESSIMISTIC_READ]: select networkser0_.id as id1_18_0_, networkser0_.audit_log as audit_lo2_18_0_, networkser0_.descriptor_reference_Id as descript9_18_0_, networkser0_.lifecycle_event_id as lifecyc10_18_0_, networkser0_.notification as notifica3_18_0_, networkser0_.resource_reservation as resource4_18_0_, networkser0_.runtime_policy_info as runtime_5_18_0_, networkser0_.service_deployment_flavour_id as service11_18_0_, networkser0_.status as status6_18_0_, networkser0_.vendor as vendor7_18_0_, networkser0_.version as version8_18_0_, networkser0_.vnfr_id as vnfr_id12_18_0_ from network_service_record networkser0_ where networkser0_.id=? lock in share mode
14:11:15.553 [Test worker] DEBUG o.h.l.p.b.i.spaces.QuerySpacesImpl - Adding QuerySpace : uid = <gen:0> -> org.hibernate.loader.plan.build.internal.spaces.EntityQuerySpaceImpl@61f2c2b1]
14:11:15.553 [Test worker] DEBUG o.h.p.w.spi.MetamodelGraphWalker - Visiting attribute path : audit_log
14:11:15.553 [Test worker] DEBUG o.h.p.w.spi.MetamodelGraphWalker - Visiting attribute path : auto_scale_policy
14:11:15.553 [Test worker] DEBUG o.h.l.p.b.i.spaces.QuerySpacesImpl - Adding QuerySpace : uid = <gen:1> -> org.hibernate.loader.plan.build.internal.spaces.CollectionQuerySpaceImpl@127da9ef]
14:11:15.553 [Test worker] DEBUG o.h.l.p.b.i.spaces.QuerySpacesImpl - Adding QuerySpace : uid = <gen:2> -> org.hibernate.loader.plan.build.internal.spaces.EntityQuerySpaceImpl@781f9364]
14:11:15.553 [Test worker] DEBUG o.h.p.w.spi.MetamodelGraphWalker - Visiting attribute path : connection_point
14:11:15.553 [Test worker] DEBUG o.h.l.p.b.i.spaces.QuerySpacesImpl - Adding QuerySpace : uid = <gen:3> -> org.hibernate.loader.plan.build.internal.spaces.CollectionQuerySpaceImpl@6105c7d8]
14:11:15.553 [Test worker] DEBUG o.h.l.p.b.i.spaces.QuerySpacesImpl - Adding QuerySpace : uid = <gen:4> -> org.hibernate.loader.plan.build.internal.spaces.EntityQuerySpaceImpl@428367ab]
14:11:15.553 [Test worker] DEBUG o.h.p.w.spi.MetamodelGraphWalker - Visiting attribute path : descriptor_reference
14:11:15.553 [Test worker] DEBUG o.h.l.p.b.i.spaces.QuerySpacesImpl - Adding QuerySpace : uid = <gen:5> -> org.hibernate.loader.plan.build.internal.spaces.EntityQuerySpaceImpl@410b2daa]
14:11:15.553 [Test worker] DEBUG o.h.p.w.spi.MetamodelGraphWalker - Visiting attribute path : lifecycle_event
14:11:15.553 [Test worker] DEBUG o.h.l.p.b.i.spaces.QuerySpacesImpl - Adding QuerySpace : uid = <gen:6> -> org.hibernate.loader.plan.build.internal.spaces.EntityQuerySpaceImpl@44e31542]
14:11:15.553 [Test worker] DEBUG o.h.p.w.spi.MetamodelGraphWalker - Visiting attribute path : lifecycle_event_history
14:11:15.553 [Test worker] DEBUG o.h.l.p.b.i.spaces.QuerySpacesImpl - Adding QuerySpace : uid = <gen:7> -> org.hibernate.loader.plan.build.internal.spaces.CollectionQuerySpaceImpl@1888c363]
14:11:15.553 [Test worker] DEBUG o.h.l.p.b.i.spaces.QuerySpacesImpl - Adding QuerySpace : uid = <gen:8> -> org.hibernate.loader.plan.build.internal.spaces.EntityQuerySpaceImpl@3ad3a52a]
14:11:15.553 [Test worker] DEBUG o.h.p.w.spi.MetamodelGraphWalker - Visiting attribute path : monitoring_parameter
14:11:15.554 [Test worker] DEBUG o.h.p.w.spi.MetamodelGraphWalker - Visiting attribute path : notification
14:11:15.554 [Test worker] DEBUG o.h.p.w.spi.MetamodelGraphWalker - Visiting attribute path : pnfr
14:11:15.554 [Test worker] DEBUG o.h.l.p.b.i.spaces.QuerySpacesImpl - Adding QuerySpace : uid = <gen:9> -> org.hibernate.loader.plan.build.internal.spaces.CollectionQuerySpaceImpl@1d008692]
14:11:15.554 [Test worker] DEBUG o.h.l.p.b.i.spaces.QuerySpacesImpl - Adding QuerySpace : uid = <gen:10> -> org.hibernate.loader.plan.build.internal.spaces.EntityQuerySpaceImpl@d82ea1e]
14:11:15.554 [Test worker] DEBUG o.h.p.w.spi.MetamodelGraphWalker - Visiting attribute path : resource_reservation
14:11:15.554 [Test worker] DEBUG o.h.p.w.spi.MetamodelGraphWalker - Visiting attribute path : runtime_policy_info
14:11:15.554 [Test worker] DEBUG o.h.p.w.spi.MetamodelGraphWalker - Visiting attribute path : service_deployment_flavour
14:11:15.554 [Test worker] DEBUG o.h.l.p.b.i.spaces.QuerySpacesImpl - Adding QuerySpace : uid = <gen:11> -> org.hibernate.loader.plan.build.internal.spaces.EntityQuerySpaceImpl@dd85e80]
14:11:15.554 [Test worker] DEBUG o.h.p.w.spi.MetamodelGraphWalker - Visiting attribute path : status
14:11:15.554 [Test worker] DEBUG o.h.p.w.spi.MetamodelGraphWalker - Visiting attribute path : vendor
14:11:15.554 [Test worker] DEBUG o.h.p.w.spi.MetamodelGraphWalker - Visiting attribute path : version
14:11:15.554 [Test worker] DEBUG o.h.p.w.spi.MetamodelGraphWalker - Visiting attribute path : vlr
14:11:15.554 [Test worker] DEBUG o.h.l.p.b.i.spaces.QuerySpacesImpl - Adding QuerySpace : uid = <gen:12> -> org.hibernate.loader.plan.build.internal.spaces.CollectionQuerySpaceImpl@78242c99]
14:11:15.554 [Test worker] DEBUG o.h.l.p.b.i.spaces.QuerySpacesImpl - Adding QuerySpace : uid = <gen:13> -> org.hibernate.loader.plan.build.internal.spaces.EntityQuerySpaceImpl@eec2e6e]
14:11:15.554 [Test worker] DEBUG o.h.p.w.spi.MetamodelGraphWalker - Visiting attribute path : vnf_dependency
14:11:15.554 [Test worker] DEBUG o.h.l.p.b.i.spaces.QuerySpacesImpl - Adding QuerySpace : uid = <gen:14> -> org.hibernate.loader.plan.build.internal.spaces.CollectionQuerySpaceImpl@33dc3f69]
14:11:15.554 [Test worker] DEBUG o.h.l.p.b.i.spaces.QuerySpacesImpl - Adding QuerySpace : uid = <gen:15> -> org.hibernate.loader.plan.build.internal.spaces.EntityQuerySpaceImpl@40c72118]
14:11:15.554 [Test worker] DEBUG o.h.p.w.spi.MetamodelGraphWalker - Visiting attribute path : vnffgr
14:11:15.555 [Test worker] DEBUG o.h.l.p.b.i.spaces.QuerySpacesImpl - Adding QuerySpace : uid = <gen:16> -> org.hibernate.loader.plan.build.internal.spaces.CollectionQuerySpaceImpl@514dcfe1]
14:11:15.555 [Test worker] DEBUG o.h.l.p.b.i.spaces.QuerySpacesImpl - Adding QuerySpace : uid = <gen:17> -> org.hibernate.loader.plan.build.internal.spaces.EntityQuerySpaceImpl@4b8ae67a]
14:11:15.555 [Test worker] DEBUG o.h.p.w.spi.MetamodelGraphWalker - Visiting attribute path : vnfr
14:11:15.555 [Test worker] DEBUG o.h.l.p.b.i.spaces.QuerySpacesImpl - Adding QuerySpace : uid = <gen:18> -> org.hibernate.loader.plan.build.internal.spaces.EntityQuerySpaceImpl@c217a55]
14:11:15.555 [Test worker] DEBUG o.h.l.p.b.i.FetchStyleLoadPlanBuildingAssociationVisitationStrategy - Building LoadPlan...
14:11:15.555 [Test worker] DEBUG o.h.l.p.e.i.LoadQueryJoinAndFetchProcessor - processing queryspace <gen:0>
14:11:15.556 [Test worker] DEBUG o.h.l.p.b.spi.LoadPlanTreePrinter - LoadPlan(entity=org.project.neutrino.nfvo.catalogue.mano.record.NetworkServiceRecord)
    - Returns
       - EntityReturnImpl(entity=org.project.neutrino.nfvo.catalogue.mano.record.NetworkServiceRecord, querySpaceUid=<gen:0>, path=org.project.neutrino.nfvo.catalogue.mano.record.NetworkServiceRecord)
          - CollectionAttributeFetchImpl(collection=org.project.neutrino.nfvo.catalogue.mano.record.NetworkServiceRecord.auto_scale_policy, querySpaceUid=<gen:1>, path=org.project.neutrino.nfvo.catalogue.mano.record.NetworkServiceRecord.auto_scale_policy)
             - (collection element) CollectionFetchableElementEntityGraph(entity=org.project.neutrino.nfvo.catalogue.mano.common.AutoScalePolicy, querySpaceUid=<gen:2>, path=org.project.neutrino.nfvo.catalogue.mano.record.NetworkServiceRecord.auto_scale_policy.<elements>)
          - CollectionAttributeFetchImpl(collection=org.project.neutrino.nfvo.catalogue.mano.record.NetworkServiceRecord.connection_point, querySpaceUid=<gen:3>, path=org.project.neutrino.nfvo.catalogue.mano.record.NetworkServiceRecord.connection_point)
             - (collection element) CollectionFetchableElementEntityGraph(entity=org.project.neutrino.nfvo.catalogue.mano.common.ConnectionPoint, querySpaceUid=<gen:4>, path=org.project.neutrino.nfvo.catalogue.mano.record.NetworkServiceRecord.connection_point.<elements>)
          - EntityAttributeFetchImpl(entity=org.project.neutrino.nfvo.catalogue.mano.common.NFVEntityDescriptor, querySpaceUid=<gen:5>, path=org.project.neutrino.nfvo.catalogue.mano.record.NetworkServiceRecord.descriptor_reference)
          - EntityAttributeFetchImpl(entity=org.project.neutrino.nfvo.catalogue.mano.common.LifecycleEvent, querySpaceUid=<gen:6>, path=org.project.neutrino.nfvo.catalogue.mano.record.NetworkServiceRecord.lifecycle_event)
          - CollectionAttributeFetchImpl(collection=org.project.neutrino.nfvo.catalogue.mano.record.NetworkServiceRecord.lifecycle_event_history, querySpaceUid=<gen:7>, path=org.project.neutrino.nfvo.catalogue.mano.record.NetworkServiceRecord.lifecycle_event_history)
             - (collection element) CollectionFetchableElementEntityGraph(entity=org.project.neutrino.nfvo.catalogue.mano.common.LifecycleEvent, querySpaceUid=<gen:8>, path=org.project.neutrino.nfvo.catalogue.mano.record.NetworkServiceRecord.lifecycle_event_history.<elements>)
          - CollectionAttributeFetchImpl(collection=org.project.neutrino.nfvo.catalogue.mano.record.NetworkServiceRecord.pnfr, querySpaceUid=<gen:9>, path=org.project.neutrino.nfvo.catalogue.mano.record.NetworkServiceRecord.pnfr)
             - (collection element) CollectionFetchableElementEntityGraph(entity=org.project.neutrino.nfvo.catalogue.mano.record.PhysicalNetworkFunctionRecord, querySpaceUid=<gen:10>, path=org.project.neutrino.nfvo.catalogue.mano.record.NetworkServiceRecord.pnfr.<elements>)
          - EntityAttributeFetchImpl(entity=org.project.neutrino.nfvo.catalogue.mano.common.ServiceDeploymentFlavour, querySpaceUid=<gen:11>, path=org.project.neutrino.nfvo.catalogue.mano.record.NetworkServiceRecord.service_deployment_flavour)
          - CollectionAttributeFetchImpl(collection=org.project.neutrino.nfvo.catalogue.mano.record.NetworkServiceRecord.vlr, querySpaceUid=<gen:12>, path=org.project.neutrino.nfvo.catalogue.mano.record.NetworkServiceRecord.vlr)
             - (collection element) CollectionFetchableElementEntityGraph(entity=org.project.neutrino.nfvo.catalogue.mano.record.VirtualLinkRecord, querySpaceUid=<gen:13>, path=org.project.neutrino.nfvo.catalogue.mano.record.NetworkServiceRecord.vlr.<elements>)
          - CollectionAttributeFetchImpl(collection=org.project.neutrino.nfvo.catalogue.mano.record.NetworkServiceRecord.vnf_dependency, querySpaceUid=<gen:14>, path=org.project.neutrino.nfvo.catalogue.mano.record.NetworkServiceRecord.vnf_dependency)
             - (collection element) CollectionFetchableElementEntityGraph(entity=org.project.neutrino.nfvo.catalogue.mano.common.VNFDependency, querySpaceUid=<gen:15>, path=org.project.neutrino.nfvo.catalogue.mano.record.NetworkServiceRecord.vnf_dependency.<elements>)
          - CollectionAttributeFetchImpl(collection=org.project.neutrino.nfvo.catalogue.mano.record.NetworkServiceRecord.vnffgr, querySpaceUid=<gen:16>, path=org.project.neutrino.nfvo.catalogue.mano.record.NetworkServiceRecord.vnffgr)
             - (collection element) CollectionFetchableElementEntityGraph(entity=org.project.neutrino.nfvo.catalogue.mano.descriptor.VNFForwardingGraph, querySpaceUid=<gen:17>, path=org.project.neutrino.nfvo.catalogue.mano.record.NetworkServiceRecord.vnffgr.<elements>)
          - EntityAttributeFetchImpl(entity=org.project.neutrino.nfvo.catalogue.mano.record.VirtualNetworkFunctionRecord, querySpaceUid=<gen:18>, path=org.project.neutrino.nfvo.catalogue.mano.record.NetworkServiceRecord.vnfr)
    - QuerySpaces
       - EntityQuerySpaceImpl(uid=<gen:0>, entity=org.project.neutrino.nfvo.catalogue.mano.record.NetworkServiceRecord)
          - SQL table alias mapping - networkser0_
          - alias suffix - 0_
          - suffixed key columns - {id1_18_0_}

14:11:15.556 [Test worker] DEBUG o.h.loader.entity.plan.EntityLoader - Static select for entity org.project.neutrino.nfvo.catalogue.mano.record.NetworkServiceRecord [PESSIMISTIC_WRITE]: select networkser0_.id as id1_18_0_, networkser0_.audit_log as audit_lo2_18_0_, networkser0_.descriptor_reference_Id as descript9_18_0_, networkser0_.lifecycle_event_id as lifecyc10_18_0_, networkser0_.notification as notifica3_18_0_, networkser0_.resource_reservation as resource4_18_0_, networkser0_.runtime_policy_info as runtime_5_18_0_, networkser0_.service_deployment_flavour_id as service11_18_0_, networkser0_.status as status6_18_0_, networkser0_.vendor as vendor7_18_0_, networkser0_.version as version8_18_0_, networkser0_.vnfr_id as vnfr_id12_18_0_ from network_service_record networkser0_ where networkser0_.id=? for update
14:11:15.556 [Test worker] DEBUG o.h.l.p.b.i.spaces.QuerySpacesImpl - Adding QuerySpace : uid = <gen:0> -> org.hibernate.loader.plan.build.internal.spaces.EntityQuerySpaceImpl@69e668ab]
14:11:15.556 [Test worker] DEBUG o.h.p.w.spi.MetamodelGraphWalker - Visiting attribute path : audit_log
14:11:15.556 [Test worker] DEBUG o.h.p.w.spi.MetamodelGraphWalker - Visiting attribute path : auto_scale_policy
14:11:15.556 [Test worker] DEBUG o.h.l.p.b.i.spaces.QuerySpacesImpl - Adding QuerySpace : uid = <gen:1> -> org.hibernate.loader.plan.build.internal.spaces.CollectionQuerySpaceImpl@227f520b]
14:11:15.556 [Test worker] DEBUG o.h.l.p.b.i.spaces.QuerySpacesImpl - Adding QuerySpace : uid = <gen:2> -> org.hibernate.loader.plan.build.internal.spaces.EntityQuerySpaceImpl@54e361de]
14:11:15.556 [Test worker] DEBUG o.h.p.w.spi.MetamodelGraphWalker - Visiting attribute path : connection_point
14:11:15.556 [Test worker] DEBUG o.h.l.p.b.i.spaces.QuerySpacesImpl - Adding QuerySpace : uid = <gen:3> -> org.hibernate.loader.plan.build.internal.spaces.CollectionQuerySpaceImpl@1c2e615c]
14:11:15.556 [Test worker] DEBUG o.h.l.p.b.i.spaces.QuerySpacesImpl - Adding QuerySpace : uid = <gen:4> -> org.hibernate.loader.plan.build.internal.spaces.EntityQuerySpaceImpl@28f9ed78]
14:11:15.556 [Test worker] DEBUG o.h.p.w.spi.MetamodelGraphWalker - Visiting attribute path : descriptor_reference
14:11:15.556 [Test worker] DEBUG o.h.l.p.b.i.spaces.QuerySpacesImpl - Adding QuerySpace : uid = <gen:5> -> org.hibernate.loader.plan.build.internal.spaces.EntityQuerySpaceImpl@3055764c]
14:11:15.556 [Test worker] DEBUG o.h.p.w.spi.MetamodelGraphWalker - Visiting attribute path : lifecycle_event
14:11:15.556 [Test worker] DEBUG o.h.l.p.b.i.spaces.QuerySpacesImpl - Adding QuerySpace : uid = <gen:6> -> org.hibernate.loader.plan.build.internal.spaces.EntityQuerySpaceImpl@3ac9905e]
14:11:15.556 [Test worker] DEBUG o.h.p.w.spi.MetamodelGraphWalker - Visiting attribute path : lifecycle_event_history
14:11:15.557 [Test worker] DEBUG o.h.l.p.b.i.spaces.QuerySpacesImpl - Adding QuerySpace : uid = <gen:7> -> org.hibernate.loader.plan.build.internal.spaces.CollectionQuerySpaceImpl@7252979]
14:11:15.557 [Test worker] DEBUG o.h.l.p.b.i.spaces.QuerySpacesImpl - Adding QuerySpace : uid = <gen:8> -> org.hibernate.loader.plan.build.internal.spaces.EntityQuerySpaceImpl@18c5ca99]
14:11:15.557 [Test worker] DEBUG o.h.p.w.spi.MetamodelGraphWalker - Visiting attribute path : monitoring_parameter
14:11:15.557 [Test worker] DEBUG o.h.p.w.spi.MetamodelGraphWalker - Visiting attribute path : notification
14:11:15.557 [Test worker] DEBUG o.h.p.w.spi.MetamodelGraphWalker - Visiting attribute path : pnfr
14:11:15.557 [Test worker] DEBUG o.h.l.p.b.i.spaces.QuerySpacesImpl - Adding QuerySpace : uid = <gen:9> -> org.hibernate.loader.plan.build.internal.spaces.CollectionQuerySpaceImpl@61780f83]
14:11:15.557 [Test worker] DEBUG o.h.l.p.b.i.spaces.QuerySpacesImpl - Adding QuerySpace : uid = <gen:10> -> org.hibernate.loader.plan.build.internal.spaces.EntityQuerySpaceImpl@11429373]
14:11:15.557 [Test worker] DEBUG o.h.p.w.spi.MetamodelGraphWalker - Visiting attribute path : resource_reservation
14:11:15.557 [Test worker] DEBUG o.h.p.w.spi.MetamodelGraphWalker - Visiting attribute path : runtime_policy_info
14:11:15.557 [Test worker] DEBUG o.h.p.w.spi.MetamodelGraphWalker - Visiting attribute path : service_deployment_flavour
14:11:15.557 [Test worker] DEBUG o.h.l.p.b.i.spaces.QuerySpacesImpl - Adding QuerySpace : uid = <gen:11> -> org.hibernate.loader.plan.build.internal.spaces.EntityQuerySpaceImpl@29de6bdf]
14:11:15.557 [Test worker] DEBUG o.h.p.w.spi.MetamodelGraphWalker - Visiting attribute path : status
14:11:15.557 [Test worker] DEBUG o.h.p.w.spi.MetamodelGraphWalker - Visiting attribute path : vendor
14:11:15.558 [Test worker] DEBUG o.h.p.w.spi.MetamodelGraphWalker - Visiting attribute path : version
14:11:15.558 [Test worker] DEBUG o.h.p.w.spi.MetamodelGraphWalker - Visiting attribute path : vlr
14:11:15.558 [Test worker] DEBUG o.h.l.p.b.i.spaces.QuerySpacesImpl - Adding QuerySpace : uid = <gen:12> -> org.hibernate.loader.plan.build.internal.spaces.CollectionQuerySpaceImpl@497c12f2]
14:11:15.558 [Test worker] DEBUG o.h.l.p.b.i.spaces.QuerySpacesImpl - Adding QuerySpace : uid = <gen:13> -> org.hibernate.loader.plan.build.internal.spaces.EntityQuerySpaceImpl@70bff38e]
14:11:15.558 [Test worker] DEBUG o.h.p.w.spi.MetamodelGraphWalker - Visiting attribute path : vnf_dependency
14:11:15.558 [Test worker] DEBUG o.h.l.p.b.i.spaces.QuerySpacesImpl - Adding QuerySpace : uid = <gen:14> -> org.hibernate.loader.plan.build.internal.spaces.CollectionQuerySpaceImpl@4a0f2976]
14:11:15.558 [Test worker] DEBUG o.h.l.p.b.i.spaces.QuerySpacesImpl - Adding QuerySpace : uid = <gen:15> -> org.hibernate.loader.plan.build.internal.spaces.EntityQuerySpaceImpl@296b27f6]
14:11:15.558 [Test worker] DEBUG o.h.p.w.spi.MetamodelGraphWalker - Visiting attribute path : vnffgr
14:11:15.558 [Test worker] DEBUG o.h.l.p.b.i.spaces.QuerySpacesImpl - Adding QuerySpace : uid = <gen:16> -> org.hibernate.loader.plan.build.internal.spaces.CollectionQuerySpaceImpl@3a0c9cb8]
14:11:15.558 [Test worker] DEBUG o.h.l.p.b.i.spaces.QuerySpacesImpl - Adding QuerySpace : uid = <gen:17> -> org.hibernate.loader.plan.build.internal.spaces.EntityQuerySpaceImpl@120511ce]
14:11:15.558 [Test worker] DEBUG o.h.p.w.spi.MetamodelGraphWalker - Visiting attribute path : vnfr
14:11:15.558 [Test worker] DEBUG o.h.l.p.b.i.spaces.QuerySpacesImpl - Adding QuerySpace : uid = <gen:18> -> org.hibernate.loader.plan.build.internal.spaces.EntityQuerySpaceImpl@ad3f4a0]
14:11:15.559 [Test worker] DEBUG o.h.l.p.b.i.FetchStyleLoadPlanBuildingAssociationVisitationStrategy - Building LoadPlan...
14:11:15.559 [Test worker] DEBUG o.h.l.p.e.i.LoadQueryJoinAndFetchProcessor - processing queryspace <gen:0>
14:11:15.559 [Test worker] DEBUG o.h.l.p.b.spi.LoadPlanTreePrinter - LoadPlan(entity=org.project.neutrino.nfvo.catalogue.mano.record.NetworkServiceRecord)
    - Returns
       - EntityReturnImpl(entity=org.project.neutrino.nfvo.catalogue.mano.record.NetworkServiceRecord, querySpaceUid=<gen:0>, path=org.project.neutrino.nfvo.catalogue.mano.record.NetworkServiceRecord)
          - CollectionAttributeFetchImpl(collection=org.project.neutrino.nfvo.catalogue.mano.record.NetworkServiceRecord.auto_scale_policy, querySpaceUid=<gen:1>, path=org.project.neutrino.nfvo.catalogue.mano.record.NetworkServiceRecord.auto_scale_policy)
             - (collection element) CollectionFetchableElementEntityGraph(entity=org.project.neutrino.nfvo.catalogue.mano.common.AutoScalePolicy, querySpaceUid=<gen:2>, path=org.project.neutrino.nfvo.catalogue.mano.record.NetworkServiceRecord.auto_scale_policy.<elements>)
          - CollectionAttributeFetchImpl(collection=org.project.neutrino.nfvo.catalogue.mano.record.NetworkServiceRecord.connection_point, querySpaceUid=<gen:3>, path=org.project.neutrino.nfvo.catalogue.mano.record.NetworkServiceRecord.connection_point)
             - (collection element) CollectionFetchableElementEntityGraph(entity=org.project.neutrino.nfvo.catalogue.mano.common.ConnectionPoint, querySpaceUid=<gen:4>, path=org.project.neutrino.nfvo.catalogue.mano.record.NetworkServiceRecord.connection_point.<elements>)
          - EntityAttributeFetchImpl(entity=org.project.neutrino.nfvo.catalogue.mano.common.NFVEntityDescriptor, querySpaceUid=<gen:5>, path=org.project.neutrino.nfvo.catalogue.mano.record.NetworkServiceRecord.descriptor_reference)
          - EntityAttributeFetchImpl(entity=org.project.neutrino.nfvo.catalogue.mano.common.LifecycleEvent, querySpaceUid=<gen:6>, path=org.project.neutrino.nfvo.catalogue.mano.record.NetworkServiceRecord.lifecycle_event)
          - CollectionAttributeFetchImpl(collection=org.project.neutrino.nfvo.catalogue.mano.record.NetworkServiceRecord.lifecycle_event_history, querySpaceUid=<gen:7>, path=org.project.neutrino.nfvo.catalogue.mano.record.NetworkServiceRecord.lifecycle_event_history)
             - (collection element) CollectionFetchableElementEntityGraph(entity=org.project.neutrino.nfvo.catalogue.mano.common.LifecycleEvent, querySpaceUid=<gen:8>, path=org.project.neutrino.nfvo.catalogue.mano.record.NetworkServiceRecord.lifecycle_event_history.<elements>)
          - CollectionAttributeFetchImpl(collection=org.project.neutrino.nfvo.catalogue.mano.record.NetworkServiceRecord.pnfr, querySpaceUid=<gen:9>, path=org.project.neutrino.nfvo.catalogue.mano.record.NetworkServiceRecord.pnfr)
             - (collection element) CollectionFetchableElementEntityGraph(entity=org.project.neutrino.nfvo.catalogue.mano.record.PhysicalNetworkFunctionRecord, querySpaceUid=<gen:10>, path=org.project.neutrino.nfvo.catalogue.mano.record.NetworkServiceRecord.pnfr.<elements>)
          - EntityAttributeFetchImpl(entity=org.project.neutrino.nfvo.catalogue.mano.common.ServiceDeploymentFlavour, querySpaceUid=<gen:11>, path=org.project.neutrino.nfvo.catalogue.mano.record.NetworkServiceRecord.service_deployment_flavour)
          - CollectionAttributeFetchImpl(collection=org.project.neutrino.nfvo.catalogue.mano.record.NetworkServiceRecord.vlr, querySpaceUid=<gen:12>, path=org.project.neutrino.nfvo.catalogue.mano.record.NetworkServiceRecord.vlr)
             - (collection element) CollectionFetchableElementEntityGraph(entity=org.project.neutrino.nfvo.catalogue.mano.record.VirtualLinkRecord, querySpaceUid=<gen:13>, path=org.project.neutrino.nfvo.catalogue.mano.record.NetworkServiceRecord.vlr.<elements>)
          - CollectionAttributeFetchImpl(collection=org.project.neutrino.nfvo.catalogue.mano.record.NetworkServiceRecord.vnf_dependency, querySpaceUid=<gen:14>, path=org.project.neutrino.nfvo.catalogue.mano.record.NetworkServiceRecord.vnf_dependency)
             - (collection element) CollectionFetchableElementEntityGraph(entity=org.project.neutrino.nfvo.catalogue.mano.common.VNFDependency, querySpaceUid=<gen:15>, path=org.project.neutrino.nfvo.catalogue.mano.record.NetworkServiceRecord.vnf_dependency.<elements>)
          - CollectionAttributeFetchImpl(collection=org.project.neutrino.nfvo.catalogue.mano.record.NetworkServiceRecord.vnffgr, querySpaceUid=<gen:16>, path=org.project.neutrino.nfvo.catalogue.mano.record.NetworkServiceRecord.vnffgr)
             - (collection element) CollectionFetchableElementEntityGraph(entity=org.project.neutrino.nfvo.catalogue.mano.descriptor.VNFForwardingGraph, querySpaceUid=<gen:17>, path=org.project.neutrino.nfvo.catalogue.mano.record.NetworkServiceRecord.vnffgr.<elements>)
          - EntityAttributeFetchImpl(entity=org.project.neutrino.nfvo.catalogue.mano.record.VirtualNetworkFunctionRecord, querySpaceUid=<gen:18>, path=org.project.neutrino.nfvo.catalogue.mano.record.NetworkServiceRecord.vnfr)
    - QuerySpaces
       - EntityQuerySpaceImpl(uid=<gen:0>, entity=org.project.neutrino.nfvo.catalogue.mano.record.NetworkServiceRecord)
          - SQL table alias mapping - networkser0_
          - alias suffix - 0_
          - suffixed key columns - {id1_18_0_}

14:11:15.559 [Test worker] DEBUG o.h.loader.entity.plan.EntityLoader - Static select for entity org.project.neutrino.nfvo.catalogue.mano.record.NetworkServiceRecord [PESSIMISTIC_FORCE_INCREMENT]: select networkser0_.id as id1_18_0_, networkser0_.audit_log as audit_lo2_18_0_, networkser0_.descriptor_reference_Id as descript9_18_0_, networkser0_.lifecycle_event_id as lifecyc10_18_0_, networkser0_.notification as notifica3_18_0_, networkser0_.resource_reservation as resource4_18_0_, networkser0_.runtime_policy_info as runtime_5_18_0_, networkser0_.service_deployment_flavour_id as service11_18_0_, networkser0_.status as status6_18_0_, networkser0_.vendor as vendor7_18_0_, networkser0_.version as version8_18_0_, networkser0_.vnfr_id as vnfr_id12_18_0_ from network_service_record networkser0_ where networkser0_.id=? for update
14:11:15.559 [Test worker] DEBUG o.h.l.p.b.i.spaces.QuerySpacesImpl - Adding QuerySpace : uid = <gen:0> -> org.hibernate.loader.plan.build.internal.spaces.EntityQuerySpaceImpl@616139ed]
14:11:15.560 [Test worker] DEBUG o.h.p.w.spi.MetamodelGraphWalker - Visiting attribute path : audit_log
14:11:15.560 [Test worker] DEBUG o.h.p.w.spi.MetamodelGraphWalker - Visiting attribute path : auto_scale_policy
14:11:15.560 [Test worker] DEBUG o.h.l.p.b.i.spaces.QuerySpacesImpl - Adding QuerySpace : uid = <gen:1> -> org.hibernate.loader.plan.build.internal.spaces.CollectionQuerySpaceImpl@7c945cbe]
14:11:15.560 [Test worker] DEBUG o.h.l.p.b.i.spaces.QuerySpacesImpl - Adding QuerySpace : uid = <gen:2> -> org.hibernate.loader.plan.build.internal.spaces.EntityQuerySpaceImpl@7054fdd7]
14:11:15.560 [Test worker] DEBUG o.h.p.w.spi.MetamodelGraphWalker - Visiting attribute path : connection_point
14:11:15.560 [Test worker] DEBUG o.h.l.p.b.i.spaces.QuerySpacesImpl - Adding QuerySpace : uid = <gen:3> -> org.hibernate.loader.plan.build.internal.spaces.CollectionQuerySpaceImpl@5be567de]
14:11:15.560 [Test worker] DEBUG o.h.l.p.b.i.spaces.QuerySpacesImpl - Adding QuerySpace : uid = <gen:4> -> org.hibernate.loader.plan.build.internal.spaces.EntityQuerySpaceImpl@32064ef4]
14:11:15.560 [Test worker] DEBUG o.h.p.w.spi.MetamodelGraphWalker - Visiting attribute path : descriptor_reference
14:11:15.560 [Test worker] DEBUG o.h.l.p.b.i.spaces.QuerySpacesImpl - Adding QuerySpace : uid = <gen:5> -> org.hibernate.loader.plan.build.internal.spaces.EntityQuerySpaceImpl@3c298ed4]
14:11:15.560 [Test worker] DEBUG o.h.p.w.spi.MetamodelGraphWalker - Visiting attribute path : lifecycle_event
14:11:15.560 [Test worker] DEBUG o.h.l.p.b.i.spaces.QuerySpacesImpl - Adding QuerySpace : uid = <gen:6> -> org.hibernate.loader.plan.build.internal.spaces.EntityQuerySpaceImpl@4c601f27]
14:11:15.560 [Test worker] DEBUG o.h.p.w.spi.MetamodelGraphWalker - Visiting attribute path : lifecycle_event_history
14:11:15.560 [Test worker] DEBUG o.h.l.p.b.i.spaces.QuerySpacesImpl - Adding QuerySpace : uid = <gen:7> -> org.hibernate.loader.plan.build.internal.spaces.CollectionQuerySpaceImpl@3a9d609d]
14:11:15.560 [Test worker] DEBUG o.h.l.p.b.i.spaces.QuerySpacesImpl - Adding QuerySpace : uid = <gen:8> -> org.hibernate.loader.plan.build.internal.spaces.EntityQuerySpaceImpl@3232017b]
14:11:15.560 [Test worker] DEBUG o.h.p.w.spi.MetamodelGraphWalker - Visiting attribute path : monitoring_parameter
14:11:15.560 [Test worker] DEBUG o.h.p.w.spi.MetamodelGraphWalker - Visiting attribute path : notification
14:11:15.560 [Test worker] DEBUG o.h.p.w.spi.MetamodelGraphWalker - Visiting attribute path : pnfr
14:11:15.561 [Test worker] DEBUG o.h.l.p.b.i.spaces.QuerySpacesImpl - Adding QuerySpace : uid = <gen:9> -> org.hibernate.loader.plan.build.internal.spaces.CollectionQuerySpaceImpl@70ff4bfb]
14:11:15.561 [Test worker] DEBUG o.h.l.p.b.i.spaces.QuerySpacesImpl - Adding QuerySpace : uid = <gen:10> -> org.hibernate.loader.plan.build.internal.spaces.EntityQuerySpaceImpl@8d585b2]
14:11:15.561 [Test worker] DEBUG o.h.p.w.spi.MetamodelGraphWalker - Visiting attribute path : resource_reservation
14:11:15.561 [Test worker] DEBUG o.h.p.w.spi.MetamodelGraphWalker - Visiting attribute path : runtime_policy_info
14:11:15.561 [Test worker] DEBUG o.h.p.w.spi.MetamodelGraphWalker - Visiting attribute path : service_deployment_flavour
14:11:15.561 [Test worker] DEBUG o.h.l.p.b.i.spaces.QuerySpacesImpl - Adding QuerySpace : uid = <gen:11> -> org.hibernate.loader.plan.build.internal.spaces.EntityQuerySpaceImpl@7a3c6da5]
14:11:15.561 [Test worker] DEBUG o.h.p.w.spi.MetamodelGraphWalker - Visiting attribute path : status
14:11:15.561 [Test worker] DEBUG o.h.p.w.spi.MetamodelGraphWalker - Visiting attribute path : vendor
14:11:15.561 [Test worker] DEBUG o.h.p.w.spi.MetamodelGraphWalker - Visiting attribute path : version
14:11:15.561 [Test worker] DEBUG o.h.p.w.spi.MetamodelGraphWalker - Visiting attribute path : vlr
14:11:15.561 [Test worker] DEBUG o.h.l.p.b.i.spaces.QuerySpacesImpl - Adding QuerySpace : uid = <gen:12> -> org.hibernate.loader.plan.build.internal.spaces.CollectionQuerySpaceImpl@1542aa55]
14:11:15.561 [Test worker] DEBUG o.h.l.p.b.i.spaces.QuerySpacesImpl - Adding QuerySpace : uid = <gen:13> -> org.hibernate.loader.plan.build.internal.spaces.EntityQuerySpaceImpl@4bbcbd5a]
14:11:15.561 [Test worker] DEBUG o.h.p.w.spi.MetamodelGraphWalker - Visiting attribute path : vnf_dependency
14:11:15.562 [Test worker] DEBUG o.h.l.p.b.i.spaces.QuerySpacesImpl - Adding QuerySpace : uid = <gen:14> -> org.hibernate.loader.plan.build.internal.spaces.CollectionQuerySpaceImpl@5433868e]
14:11:15.562 [Test worker] DEBUG o.h.l.p.b.i.spaces.QuerySpacesImpl - Adding QuerySpace : uid = <gen:15> -> org.hibernate.loader.plan.build.internal.spaces.EntityQuerySpaceImpl@2c6ffd2]
14:11:15.562 [Test worker] DEBUG o.h.p.w.spi.MetamodelGraphWalker - Visiting attribute path : vnffgr
14:11:15.562 [Test worker] DEBUG o.h.l.p.b.i.spaces.QuerySpacesImpl - Adding QuerySpace : uid = <gen:16> -> org.hibernate.loader.plan.build.internal.spaces.CollectionQuerySpaceImpl@56c5356a]
14:11:15.562 [Test worker] DEBUG o.h.l.p.b.i.spaces.QuerySpacesImpl - Adding QuerySpace : uid = <gen:17> -> org.hibernate.loader.plan.build.internal.spaces.EntityQuerySpaceImpl@2d35eea7]
14:11:15.562 [Test worker] DEBUG o.h.p.w.spi.MetamodelGraphWalker - Visiting attribute path : vnfr
14:11:15.562 [Test worker] DEBUG o.h.l.p.b.i.spaces.QuerySpacesImpl - Adding QuerySpace : uid = <gen:18> -> org.hibernate.loader.plan.build.internal.spaces.EntityQuerySpaceImpl@2fc72d21]
14:11:15.562 [Test worker] DEBUG o.h.l.p.b.i.FetchStyleLoadPlanBuildingAssociationVisitationStrategy - Building LoadPlan...
14:11:15.562 [Test worker] DEBUG o.h.l.p.e.i.LoadQueryJoinAndFetchProcessor - processing queryspace <gen:0>
14:11:15.563 [Test worker] DEBUG o.h.l.p.b.spi.LoadPlanTreePrinter - LoadPlan(entity=org.project.neutrino.nfvo.catalogue.mano.record.NetworkServiceRecord)
    - Returns
       - EntityReturnImpl(entity=org.project.neutrino.nfvo.catalogue.mano.record.NetworkServiceRecord, querySpaceUid=<gen:0>, path=org.project.neutrino.nfvo.catalogue.mano.record.NetworkServiceRecord)
          - CollectionAttributeFetchImpl(collection=org.project.neutrino.nfvo.catalogue.mano.record.NetworkServiceRecord.auto_scale_policy, querySpaceUid=<gen:1>, path=org.project.neutrino.nfvo.catalogue.mano.record.NetworkServiceRecord.auto_scale_policy)
             - (collection element) CollectionFetchableElementEntityGraph(entity=org.project.neutrino.nfvo.catalogue.mano.common.AutoScalePolicy, querySpaceUid=<gen:2>, path=org.project.neutrino.nfvo.catalogue.mano.record.NetworkServiceRecord.auto_scale_policy.<elements>)
          - CollectionAttributeFetchImpl(collection=org.project.neutrino.nfvo.catalogue.mano.record.NetworkServiceRecord.connection_point, querySpaceUid=<gen:3>, path=org.project.neutrino.nfvo.catalogue.mano.record.NetworkServiceRecord.connection_point)
             - (collection element) CollectionFetchableElementEntityGraph(entity=org.project.neutrino.nfvo.catalogue.mano.common.ConnectionPoint, querySpaceUid=<gen:4>, path=org.project.neutrino.nfvo.catalogue.mano.record.NetworkServiceRecord.connection_point.<elements>)
          - EntityAttributeFetchImpl(entity=org.project.neutrino.nfvo.catalogue.mano.common.NFVEntityDescriptor, querySpaceUid=<gen:5>, path=org.project.neutrino.nfvo.catalogue.mano.record.NetworkServiceRecord.descriptor_reference)
          - EntityAttributeFetchImpl(entity=org.project.neutrino.nfvo.catalogue.mano.common.LifecycleEvent, querySpaceUid=<gen:6>, path=org.project.neutrino.nfvo.catalogue.mano.record.NetworkServiceRecord.lifecycle_event)
          - CollectionAttributeFetchImpl(collection=org.project.neutrino.nfvo.catalogue.mano.record.NetworkServiceRecord.lifecycle_event_history, querySpaceUid=<gen:7>, path=org.project.neutrino.nfvo.catalogue.mano.record.NetworkServiceRecord.lifecycle_event_history)
             - (collection element) CollectionFetchableElementEntityGraph(entity=org.project.neutrino.nfvo.catalogue.mano.common.LifecycleEvent, querySpaceUid=<gen:8>, path=org.project.neutrino.nfvo.catalogue.mano.record.NetworkServiceRecord.lifecycle_event_history.<elements>)
          - CollectionAttributeFetchImpl(collection=org.project.neutrino.nfvo.catalogue.mano.record.NetworkServiceRecord.pnfr, querySpaceUid=<gen:9>, path=org.project.neutrino.nfvo.catalogue.mano.record.NetworkServiceRecord.pnfr)
             - (collection element) CollectionFetchableElementEntityGraph(entity=org.project.neutrino.nfvo.catalogue.mano.record.PhysicalNetworkFunctionRecord, querySpaceUid=<gen:10>, path=org.project.neutrino.nfvo.catalogue.mano.record.NetworkServiceRecord.pnfr.<elements>)
          - EntityAttributeFetchImpl(entity=org.project.neutrino.nfvo.catalogue.mano.common.ServiceDeploymentFlavour, querySpaceUid=<gen:11>, path=org.project.neutrino.nfvo.catalogue.mano.record.NetworkServiceRecord.service_deployment_flavour)
          - CollectionAttributeFetchImpl(collection=org.project.neutrino.nfvo.catalogue.mano.record.NetworkServiceRecord.vlr, querySpaceUid=<gen:12>, path=org.project.neutrino.nfvo.catalogue.mano.record.NetworkServiceRecord.vlr)
             - (collection element) CollectionFetchableElementEntityGraph(entity=org.project.neutrino.nfvo.catalogue.mano.record.VirtualLinkRecord, querySpaceUid=<gen:13>, path=org.project.neutrino.nfvo.catalogue.mano.record.NetworkServiceRecord.vlr.<elements>)
          - CollectionAttributeFetchImpl(collection=org.project.neutrino.nfvo.catalogue.mano.record.NetworkServiceRecord.vnf_dependency, querySpaceUid=<gen:14>, path=org.project.neutrino.nfvo.catalogue.mano.record.NetworkServiceRecord.vnf_dependency)
             - (collection element) CollectionFetchableElementEntityGraph(entity=org.project.neutrino.nfvo.catalogue.mano.common.VNFDependency, querySpaceUid=<gen:15>, path=org.project.neutrino.nfvo.catalogue.mano.record.NetworkServiceRecord.vnf_dependency.<elements>)
          - CollectionAttributeFetchImpl(collection=org.project.neutrino.nfvo.catalogue.mano.record.NetworkServiceRecord.vnffgr, querySpaceUid=<gen:16>, path=org.project.neutrino.nfvo.catalogue.mano.record.NetworkServiceRecord.vnffgr)
             - (collection element) CollectionFetchableElementEntityGraph(entity=org.project.neutrino.nfvo.catalogue.mano.descriptor.VNFForwardingGraph, querySpaceUid=<gen:17>, path=org.project.neutrino.nfvo.catalogue.mano.record.NetworkServiceRecord.vnffgr.<elements>)
          - EntityAttributeFetchImpl(entity=org.project.neutrino.nfvo.catalogue.mano.record.VirtualNetworkFunctionRecord, querySpaceUid=<gen:18>, path=org.project.neutrino.nfvo.catalogue.mano.record.NetworkServiceRecord.vnfr)
    - QuerySpaces
       - EntityQuerySpaceImpl(uid=<gen:0>, entity=org.project.neutrino.nfvo.catalogue.mano.record.NetworkServiceRecord)
          - SQL table alias mapping - networkser0_
          - alias suffix - 0_
          - suffixed key columns - {id1_18_0_}

14:11:15.563 [Test worker] DEBUG o.h.loader.entity.plan.EntityLoader - Static select for entity org.project.neutrino.nfvo.catalogue.mano.record.NetworkServiceRecord [OPTIMISTIC]: select networkser0_.id as id1_18_0_, networkser0_.audit_log as audit_lo2_18_0_, networkser0_.descriptor_reference_Id as descript9_18_0_, networkser0_.lifecycle_event_id as lifecyc10_18_0_, networkser0_.notification as notifica3_18_0_, networkser0_.resource_reservation as resource4_18_0_, networkser0_.runtime_policy_info as runtime_5_18_0_, networkser0_.service_deployment_flavour_id as service11_18_0_, networkser0_.status as status6_18_0_, networkser0_.vendor as vendor7_18_0_, networkser0_.version as version8_18_0_, networkser0_.vnfr_id as vnfr_id12_18_0_ from network_service_record networkser0_ where networkser0_.id=?
14:11:15.563 [Test worker] DEBUG o.h.l.p.b.i.spaces.QuerySpacesImpl - Adding QuerySpace : uid = <gen:0> -> org.hibernate.loader.plan.build.internal.spaces.EntityQuerySpaceImpl@3d63ea08]
14:11:15.563 [Test worker] DEBUG o.h.p.w.spi.MetamodelGraphWalker - Visiting attribute path : audit_log
14:11:15.563 [Test worker] DEBUG o.h.p.w.spi.MetamodelGraphWalker - Visiting attribute path : auto_scale_policy
14:11:15.563 [Test worker] DEBUG o.h.l.p.b.i.spaces.QuerySpacesImpl - Adding QuerySpace : uid = <gen:1> -> org.hibernate.loader.plan.build.internal.spaces.CollectionQuerySpaceImpl@18d85e19]
14:11:15.563 [Test worker] DEBUG o.h.l.p.b.i.spaces.QuerySpacesImpl - Adding QuerySpace : uid = <gen:2> -> org.hibernate.loader.plan.build.internal.spaces.EntityQuerySpaceImpl@2509c80d]
14:11:15.563 [Test worker] DEBUG o.h.p.w.spi.MetamodelGraphWalker - Visiting attribute path : connection_point
14:11:15.563 [Test worker] DEBUG o.h.l.p.b.i.spaces.QuerySpacesImpl - Adding QuerySpace : uid = <gen:3> -> org.hibernate.loader.plan.build.internal.spaces.CollectionQuerySpaceImpl@252ce07a]
14:11:15.563 [Test worker] DEBUG o.h.l.p.b.i.spaces.QuerySpacesImpl - Adding QuerySpace : uid = <gen:4> -> org.hibernate.loader.plan.build.internal.spaces.EntityQuerySpaceImpl@25457ca7]
14:11:15.563 [Test worker] DEBUG o.h.p.w.spi.MetamodelGraphWalker - Visiting attribute path : descriptor_reference
14:11:15.563 [Test worker] DEBUG o.h.l.p.b.i.spaces.QuerySpacesImpl - Adding QuerySpace : uid = <gen:5> -> org.hibernate.loader.plan.build.internal.spaces.EntityQuerySpaceImpl@74facb0e]
14:11:15.564 [Test worker] DEBUG o.h.p.w.spi.MetamodelGraphWalker - Visiting attribute path : lifecycle_event
14:11:15.564 [Test worker] DEBUG o.h.l.p.b.i.spaces.QuerySpacesImpl - Adding QuerySpace : uid = <gen:6> -> org.hibernate.loader.plan.build.internal.spaces.EntityQuerySpaceImpl@7d294021]
14:11:15.564 [Test worker] DEBUG o.h.p.w.spi.MetamodelGraphWalker - Visiting attribute path : lifecycle_event_history
14:11:15.564 [Test worker] DEBUG o.h.l.p.b.i.spaces.QuerySpacesImpl - Adding QuerySpace : uid = <gen:7> -> org.hibernate.loader.plan.build.internal.spaces.CollectionQuerySpaceImpl@1f3176b9]
14:11:15.564 [Test worker] DEBUG o.h.l.p.b.i.spaces.QuerySpacesImpl - Adding QuerySpace : uid = <gen:8> -> org.hibernate.loader.plan.build.internal.spaces.EntityQuerySpaceImpl@68697bae]
14:11:15.564 [Test worker] DEBUG o.h.p.w.spi.MetamodelGraphWalker - Visiting attribute path : monitoring_parameter
14:11:15.564 [Test worker] DEBUG o.h.p.w.spi.MetamodelGraphWalker - Visiting attribute path : notification
14:11:15.564 [Test worker] DEBUG o.h.p.w.spi.MetamodelGraphWalker - Visiting attribute path : pnfr
14:11:15.564 [Test worker] DEBUG o.h.l.p.b.i.spaces.QuerySpacesImpl - Adding QuerySpace : uid = <gen:9> -> org.hibernate.loader.plan.build.internal.spaces.CollectionQuerySpaceImpl@6537120f]
14:11:15.564 [Test worker] DEBUG o.h.l.p.b.i.spaces.QuerySpacesImpl - Adding QuerySpace : uid = <gen:10> -> org.hibernate.loader.plan.build.internal.spaces.EntityQuerySpaceImpl@282cab3]
14:11:15.564 [Test worker] DEBUG o.h.p.w.spi.MetamodelGraphWalker - Visiting attribute path : resource_reservation
14:11:15.564 [Test worker] DEBUG o.h.p.w.spi.MetamodelGraphWalker - Visiting attribute path : runtime_policy_info
14:11:15.564 [Test worker] DEBUG o.h.p.w.spi.MetamodelGraphWalker - Visiting attribute path : service_deployment_flavour
14:11:15.564 [Test worker] DEBUG o.h.l.p.b.i.spaces.QuerySpacesImpl - Adding QuerySpace : uid = <gen:11> -> org.hibernate.loader.plan.build.internal.spaces.EntityQuerySpaceImpl@58c9af0e]
14:11:15.564 [Test worker] DEBUG o.h.p.w.spi.MetamodelGraphWalker - Visiting attribute path : status
14:11:15.564 [Test worker] DEBUG o.h.p.w.spi.MetamodelGraphWalker - Visiting attribute path : vendor
14:11:15.564 [Test worker] DEBUG o.h.p.w.spi.MetamodelGraphWalker - Visiting attribute path : version
14:11:15.564 [Test worker] DEBUG o.h.p.w.spi.MetamodelGraphWalker - Visiting attribute path : vlr
14:11:15.564 [Test worker] DEBUG o.h.l.p.b.i.spaces.QuerySpacesImpl - Adding QuerySpace : uid = <gen:12> -> org.hibernate.loader.plan.build.internal.spaces.CollectionQuerySpaceImpl@2103edac]
14:11:15.565 [Test worker] DEBUG o.h.l.p.b.i.spaces.QuerySpacesImpl - Adding QuerySpace : uid = <gen:13> -> org.hibernate.loader.plan.build.internal.spaces.EntityQuerySpaceImpl@8e8c823]
14:11:15.565 [Test worker] DEBUG o.h.p.w.spi.MetamodelGraphWalker - Visiting attribute path : vnf_dependency
14:11:15.565 [Test worker] DEBUG o.h.l.p.b.i.spaces.QuerySpacesImpl - Adding QuerySpace : uid = <gen:14> -> org.hibernate.loader.plan.build.internal.spaces.CollectionQuerySpaceImpl@6aab7666]
14:11:15.565 [Test worker] DEBUG o.h.l.p.b.i.spaces.QuerySpacesImpl - Adding QuerySpace : uid = <gen:15> -> org.hibernate.loader.plan.build.internal.spaces.EntityQuerySpaceImpl@1eea5940]
14:11:15.565 [Test worker] DEBUG o.h.p.w.spi.MetamodelGraphWalker - Visiting attribute path : vnffgr
14:11:15.565 [Test worker] DEBUG o.h.l.p.b.i.spaces.QuerySpacesImpl - Adding QuerySpace : uid = <gen:16> -> org.hibernate.loader.plan.build.internal.spaces.CollectionQuerySpaceImpl@2b89889b]
14:11:15.565 [Test worker] DEBUG o.h.l.p.b.i.spaces.QuerySpacesImpl - Adding QuerySpace : uid = <gen:17> -> org.hibernate.loader.plan.build.internal.spaces.EntityQuerySpaceImpl@52678e71]
14:11:15.565 [Test worker] DEBUG o.h.p.w.spi.MetamodelGraphWalker - Visiting attribute path : vnfr
14:11:15.565 [Test worker] DEBUG o.h.l.p.b.i.spaces.QuerySpacesImpl - Adding QuerySpace : uid = <gen:18> -> org.hibernate.loader.plan.build.internal.spaces.EntityQuerySpaceImpl@cb8c6fb]
14:11:15.565 [Test worker] DEBUG o.h.l.p.b.i.FetchStyleLoadPlanBuildingAssociationVisitationStrategy - Building LoadPlan...
14:11:15.565 [Test worker] DEBUG o.h.l.p.e.i.LoadQueryJoinAndFetchProcessor - processing queryspace <gen:0>
14:11:15.566 [Test worker] DEBUG o.h.l.p.b.spi.LoadPlanTreePrinter - LoadPlan(entity=org.project.neutrino.nfvo.catalogue.mano.record.NetworkServiceRecord)
    - Returns
       - EntityReturnImpl(entity=org.project.neutrino.nfvo.catalogue.mano.record.NetworkServiceRecord, querySpaceUid=<gen:0>, path=org.project.neutrino.nfvo.catalogue.mano.record.NetworkServiceRecord)
          - CollectionAttributeFetchImpl(collection=org.project.neutrino.nfvo.catalogue.mano.record.NetworkServiceRecord.auto_scale_policy, querySpaceUid=<gen:1>, path=org.project.neutrino.nfvo.catalogue.mano.record.NetworkServiceRecord.auto_scale_policy)
             - (collection element) CollectionFetchableElementEntityGraph(entity=org.project.neutrino.nfvo.catalogue.mano.common.AutoScalePolicy, querySpaceUid=<gen:2>, path=org.project.neutrino.nfvo.catalogue.mano.record.NetworkServiceRecord.auto_scale_policy.<elements>)
          - CollectionAttributeFetchImpl(collection=org.project.neutrino.nfvo.catalogue.mano.record.NetworkServiceRecord.connection_point, querySpaceUid=<gen:3>, path=org.project.neutrino.nfvo.catalogue.mano.record.NetworkServiceRecord.connection_point)
             - (collection element) CollectionFetchableElementEntityGraph(entity=org.project.neutrino.nfvo.catalogue.mano.common.ConnectionPoint, querySpaceUid=<gen:4>, path=org.project.neutrino.nfvo.catalogue.mano.record.NetworkServiceRecord.connection_point.<elements>)
          - EntityAttributeFetchImpl(entity=org.project.neutrino.nfvo.catalogue.mano.common.NFVEntityDescriptor, querySpaceUid=<gen:5>, path=org.project.neutrino.nfvo.catalogue.mano.record.NetworkServiceRecord.descriptor_reference)
          - EntityAttributeFetchImpl(entity=org.project.neutrino.nfvo.catalogue.mano.common.LifecycleEvent, querySpaceUid=<gen:6>, path=org.project.neutrino.nfvo.catalogue.mano.record.NetworkServiceRecord.lifecycle_event)
          - CollectionAttributeFetchImpl(collection=org.project.neutrino.nfvo.catalogue.mano.record.NetworkServiceRecord.lifecycle_event_history, querySpaceUid=<gen:7>, path=org.project.neutrino.nfvo.catalogue.mano.record.NetworkServiceRecord.lifecycle_event_history)
             - (collection element) CollectionFetchableElementEntityGraph(entity=org.project.neutrino.nfvo.catalogue.mano.common.LifecycleEvent, querySpaceUid=<gen:8>, path=org.project.neutrino.nfvo.catalogue.mano.record.NetworkServiceRecord.lifecycle_event_history.<elements>)
          - CollectionAttributeFetchImpl(collection=org.project.neutrino.nfvo.catalogue.mano.record.NetworkServiceRecord.pnfr, querySpaceUid=<gen:9>, path=org.project.neutrino.nfvo.catalogue.mano.record.NetworkServiceRecord.pnfr)
             - (collection element) CollectionFetchableElementEntityGraph(entity=org.project.neutrino.nfvo.catalogue.mano.record.PhysicalNetworkFunctionRecord, querySpaceUid=<gen:10>, path=org.project.neutrino.nfvo.catalogue.mano.record.NetworkServiceRecord.pnfr.<elements>)
          - EntityAttributeFetchImpl(entity=org.project.neutrino.nfvo.catalogue.mano.common.ServiceDeploymentFlavour, querySpaceUid=<gen:11>, path=org.project.neutrino.nfvo.catalogue.mano.record.NetworkServiceRecord.service_deployment_flavour)
          - CollectionAttributeFetchImpl(collection=org.project.neutrino.nfvo.catalogue.mano.record.NetworkServiceRecord.vlr, querySpaceUid=<gen:12>, path=org.project.neutrino.nfvo.catalogue.mano.record.NetworkServiceRecord.vlr)
             - (collection element) CollectionFetchableElementEntityGraph(entity=org.project.neutrino.nfvo.catalogue.mano.record.VirtualLinkRecord, querySpaceUid=<gen:13>, path=org.project.neutrino.nfvo.catalogue.mano.record.NetworkServiceRecord.vlr.<elements>)
          - CollectionAttributeFetchImpl(collection=org.project.neutrino.nfvo.catalogue.mano.record.NetworkServiceRecord.vnf_dependency, querySpaceUid=<gen:14>, path=org.project.neutrino.nfvo.catalogue.mano.record.NetworkServiceRecord.vnf_dependency)
             - (collection element) CollectionFetchableElementEntityGraph(entity=org.project.neutrino.nfvo.catalogue.mano.common.VNFDependency, querySpaceUid=<gen:15>, path=org.project.neutrino.nfvo.catalogue.mano.record.NetworkServiceRecord.vnf_dependency.<elements>)
          - CollectionAttributeFetchImpl(collection=org.project.neutrino.nfvo.catalogue.mano.record.NetworkServiceRecord.vnffgr, querySpaceUid=<gen:16>, path=org.project.neutrino.nfvo.catalogue.mano.record.NetworkServiceRecord.vnffgr)
             - (collection element) CollectionFetchableElementEntityGraph(entity=org.project.neutrino.nfvo.catalogue.mano.descriptor.VNFForwardingGraph, querySpaceUid=<gen:17>, path=org.project.neutrino.nfvo.catalogue.mano.record.NetworkServiceRecord.vnffgr.<elements>)
          - EntityAttributeFetchImpl(entity=org.project.neutrino.nfvo.catalogue.mano.record.VirtualNetworkFunctionRecord, querySpaceUid=<gen:18>, path=org.project.neutrino.nfvo.catalogue.mano.record.NetworkServiceRecord.vnfr)
    - QuerySpaces
       - EntityQuerySpaceImpl(uid=<gen:0>, entity=org.project.neutrino.nfvo.catalogue.mano.record.NetworkServiceRecord)
          - SQL table alias mapping - networkser0_
          - alias suffix - 0_
          - suffixed key columns - {id1_18_0_}

14:11:15.566 [Test worker] DEBUG o.h.loader.entity.plan.EntityLoader - Static select for entity org.project.neutrino.nfvo.catalogue.mano.record.NetworkServiceRecord [OPTIMISTIC_FORCE_INCREMENT]: select networkser0_.id as id1_18_0_, networkser0_.audit_log as audit_lo2_18_0_, networkser0_.descriptor_reference_Id as descript9_18_0_, networkser0_.lifecycle_event_id as lifecyc10_18_0_, networkser0_.notification as notifica3_18_0_, networkser0_.resource_reservation as resource4_18_0_, networkser0_.runtime_policy_info as runtime_5_18_0_, networkser0_.service_deployment_flavour_id as service11_18_0_, networkser0_.status as status6_18_0_, networkser0_.vendor as vendor7_18_0_, networkser0_.version as version8_18_0_, networkser0_.vnfr_id as vnfr_id12_18_0_ from network_service_record networkser0_ where networkser0_.id=?
14:11:15.567 [Test worker] DEBUG org.hibernate.loader.Loader - Static select for action ACTION_MERGE on entity org.project.neutrino.nfvo.catalogue.mano.record.NetworkServiceRecord: select networkser0_.id as id1_18_9_, networkser0_.audit_log as audit_lo2_18_9_, networkser0_.descriptor_reference_Id as descript9_18_9_, networkser0_.lifecycle_event_id as lifecyc10_18_9_, networkser0_.notification as notifica3_18_9_, networkser0_.resource_reservation as resource4_18_9_, networkser0_.runtime_policy_info as runtime_5_18_9_, networkser0_.service_deployment_flavour_id as service11_18_9_, networkser0_.status as status6_18_9_, networkser0_.vendor as vendor7_18_9_, networkser0_.version as version8_18_9_, networkser0_.vnfr_id as vnfr_id12_18_9_, auto_scale1_.network_service_record_id as network_1_18_11_, autoscalep2_.id as auto_sca2_19_11_, autoscalep2_.id as id1_3_0_, autoscalep2_.version as version2_3_0_, nfventityd3_.id as id1_27_1_, nfventityd3_.hb_version as hb_versi2_27_1_, nfventityd3_.vendor as vendor3_27_1_, nfventityd3_.version as version4_27_1_, nfventityd3_.descriptor_version as descript1_62_1_, nfventityd3_.manifest_file as manifest2_62_1_, nfventityd3_.nsd_security_id as nsd_secu1_14_1_, nfventityd3_.clazz_ as clazz_1_, security4_.id as id1_43_2_, security4_.version as version2_43_2_, lifecyclee5_.id as id1_10_3_, lifecyclee5_.version as version2_10_3_, servicedep6_.id as id1_7_4_, servicedep6_.flavour_key as flavour_2_7_4_, servicedep6_.version as version3_7_4_, virtualnet7_.id as id1_68_5_, virtualnet7_.audit_log as audit_lo2_68_5_, virtualnet7_.deployment_flavour_id as deployme9_68_5_, virtualnet7_.descriptor_reference as descript3_68_5_, virtualnet7_.lifecycle_event_id as lifecyc10_68_5_, virtualnet7_.localization as localiza4_68_5_, virtualnet7_.parent_ns_id as parent_11_68_5_, virtualnet7_.status as status5_68_5_, virtualnet7_.vendor as vendor6_68_5_, virtualnet7_.version as version7_68_5_, virtualnet7_.vnfm_id as vnfm_id8_68_5_, vnfddeploy8_.id as id1_7_6_, vnfddeploy8_.flavour_key as flavour_2_7_6_, vnfddeploy8_.version as version3_7_6_, lifecyclee9_.id as id1_10_7_, lifecyclee9_.version as version2_10_7_, networkser10_.id as id1_18_8_, networkser10_.audit_log as audit_lo2_18_8_, networkser10_.descriptor_reference_Id as descript9_18_8_, networkser10_.lifecycle_event_id as lifecyc10_18_8_, networkser10_.notification as notifica3_18_8_, networkser10_.resource_reservation as resource4_18_8_, networkser10_.runtime_policy_info as runtime_5_18_8_, networkser10_.service_deployment_flavour_id as service11_18_8_, networkser10_.status as status6_18_8_, networkser10_.vendor as vendor7_18_8_, networkser10_.version as version8_18_8_, networkser10_.vnfr_id as vnfr_id12_18_8_ from network_service_record networkser0_ left outer join network_service_record_auto_scale_policy auto_scale1_ on networkser0_.id=auto_scale1_.network_service_record_id left outer join auto_scale_policy autoscalep2_ on auto_scale1_.auto_scale_policy_id=autoscalep2_.id left outer join ( select id, hb_version, vendor, version, descriptor_version, manifest_file, null as nsd_security_id, 1 as clazz_ from virtual_network_function_descriptor union select id, hb_version, vendor, version, null as descriptor_version, null as manifest_file, nsd_security_id, 2 as clazz_ from network_service_descriptor ) nfventityd3_ on networkser0_.descriptor_reference_Id=nfventityd3_.id left outer join security security4_ on nfventityd3_.nsd_security_id=security4_.id left outer join lifecycle_event lifecyclee5_ on networkser0_.lifecycle_event_id=lifecyclee5_.id left outer join service_deployment_flavour servicedep6_ on networkser0_.service_deployment_flavour_id=servicedep6_.id left outer join virtual_network_function_record virtualnet7_ on networkser0_.vnfr_id=virtualnet7_.id left outer join vnfddeployment_flavour vnfddeploy8_ on virtualnet7_.deployment_flavour_id=vnfddeploy8_.id left outer join lifecycle_event lifecyclee9_ on virtualnet7_.lifecycle_event_id=lifecyclee9_.id left outer join network_service_record networkser10_ on virtualnet7_.parent_ns_id=networkser10_.id where networkser0_.id=?
14:11:15.568 [Test worker] DEBUG org.hibernate.loader.Loader - Static select for action ACTION_REFRESH on entity org.project.neutrino.nfvo.catalogue.mano.record.NetworkServiceRecord: select networkser0_.id as id1_18_9_, networkser0_.audit_log as audit_lo2_18_9_, networkser0_.descriptor_reference_Id as descript9_18_9_, networkser0_.lifecycle_event_id as lifecyc10_18_9_, networkser0_.notification as notifica3_18_9_, networkser0_.resource_reservation as resource4_18_9_, networkser0_.runtime_policy_info as runtime_5_18_9_, networkser0_.service_deployment_flavour_id as service11_18_9_, networkser0_.status as status6_18_9_, networkser0_.vendor as vendor7_18_9_, networkser0_.version as version8_18_9_, networkser0_.vnfr_id as vnfr_id12_18_9_, auto_scale1_.network_service_record_id as network_1_18_11_, autoscalep2_.id as auto_sca2_19_11_, autoscalep2_.id as id1_3_0_, autoscalep2_.version as version2_3_0_, nfventityd3_.id as id1_27_1_, nfventityd3_.hb_version as hb_versi2_27_1_, nfventityd3_.vendor as vendor3_27_1_, nfventityd3_.version as version4_27_1_, nfventityd3_.descriptor_version as descript1_62_1_, nfventityd3_.manifest_file as manifest2_62_1_, nfventityd3_.nsd_security_id as nsd_secu1_14_1_, nfventityd3_.clazz_ as clazz_1_, security4_.id as id1_43_2_, security4_.version as version2_43_2_, lifecyclee5_.id as id1_10_3_, lifecyclee5_.version as version2_10_3_, servicedep6_.id as id1_7_4_, servicedep6_.flavour_key as flavour_2_7_4_, servicedep6_.version as version3_7_4_, virtualnet7_.id as id1_68_5_, virtualnet7_.audit_log as audit_lo2_68_5_, virtualnet7_.deployment_flavour_id as deployme9_68_5_, virtualnet7_.descriptor_reference as descript3_68_5_, virtualnet7_.lifecycle_event_id as lifecyc10_68_5_, virtualnet7_.localization as localiza4_68_5_, virtualnet7_.parent_ns_id as parent_11_68_5_, virtualnet7_.status as status5_68_5_, virtualnet7_.vendor as vendor6_68_5_, virtualnet7_.version as version7_68_5_, virtualnet7_.vnfm_id as vnfm_id8_68_5_, vnfddeploy8_.id as id1_7_6_, vnfddeploy8_.flavour_key as flavour_2_7_6_, vnfddeploy8_.version as version3_7_6_, lifecyclee9_.id as id1_10_7_, lifecyclee9_.version as version2_10_7_, networkser10_.id as id1_18_8_, networkser10_.audit_log as audit_lo2_18_8_, networkser10_.descriptor_reference_Id as descript9_18_8_, networkser10_.lifecycle_event_id as lifecyc10_18_8_, networkser10_.notification as notifica3_18_8_, networkser10_.resource_reservation as resource4_18_8_, networkser10_.runtime_policy_info as runtime_5_18_8_, networkser10_.service_deployment_flavour_id as service11_18_8_, networkser10_.status as status6_18_8_, networkser10_.vendor as vendor7_18_8_, networkser10_.version as version8_18_8_, networkser10_.vnfr_id as vnfr_id12_18_8_ from network_service_record networkser0_ left outer join network_service_record_auto_scale_policy auto_scale1_ on networkser0_.id=auto_scale1_.network_service_record_id left outer join auto_scale_policy autoscalep2_ on auto_scale1_.auto_scale_policy_id=autoscalep2_.id left outer join ( select id, hb_version, vendor, version, descriptor_version, manifest_file, null as nsd_security_id, 1 as clazz_ from virtual_network_function_descriptor union select id, hb_version, vendor, version, null as descriptor_version, null as manifest_file, nsd_security_id, 2 as clazz_ from network_service_descriptor ) nfventityd3_ on networkser0_.descriptor_reference_Id=nfventityd3_.id left outer join security security4_ on nfventityd3_.nsd_security_id=security4_.id left outer join lifecycle_event lifecyclee5_ on networkser0_.lifecycle_event_id=lifecyclee5_.id left outer join service_deployment_flavour servicedep6_ on networkser0_.service_deployment_flavour_id=servicedep6_.id left outer join virtual_network_function_record virtualnet7_ on networkser0_.vnfr_id=virtualnet7_.id left outer join vnfddeployment_flavour vnfddeploy8_ on virtualnet7_.deployment_flavour_id=vnfddeploy8_.id left outer join lifecycle_event lifecyclee9_ on virtualnet7_.lifecycle_event_id=lifecyclee9_.id left outer join network_service_record networkser10_ on virtualnet7_.parent_ns_id=networkser10_.id where networkser0_.id=?
14:11:15.568 [Test worker] DEBUG o.h.p.entity.AbstractEntityPersister - Static SQL for entity: org.project.neutrino.nfvo.catalogue.mano.descriptor.VNFComponent
14:11:15.568 [Test worker] DEBUG o.h.p.entity.AbstractEntityPersister -  Version select: select version from vnfcomponent where id =?
14:11:15.568 [Test worker] DEBUG o.h.p.entity.AbstractEntityPersister -  Snapshot select: select vnfcompone_.id, vnfcompone_.version as version2_80_ from vnfcomponent vnfcompone_ where vnfcompone_.id=?
14:11:15.569 [Test worker] DEBUG o.h.p.entity.AbstractEntityPersister -  Insert 0: insert into vnfcomponent (version, id) values (?, ?)
14:11:15.569 [Test worker] DEBUG o.h.p.entity.AbstractEntityPersister -  Update 0: update vnfcomponent set version=? where id=? and version=?
14:11:15.569 [Test worker] DEBUG o.h.p.entity.AbstractEntityPersister -  Delete 0: delete from vnfcomponent where id=? and version=?
14:11:15.569 [Test worker] DEBUG o.h.l.p.b.i.spaces.QuerySpacesImpl - Adding QuerySpace : uid = <gen:0> -> org.hibernate.loader.plan.build.internal.spaces.EntityQuerySpaceImpl@370f8f43]
14:11:15.569 [Test worker] DEBUG o.h.p.w.spi.MetamodelGraphWalker - Visiting attribute path : connection_point
14:11:15.569 [Test worker] DEBUG o.h.p.w.spi.MetamodelGraphWalker - Visiting attribute path : version
14:11:15.569 [Test worker] DEBUG o.h.l.p.b.i.FetchStyleLoadPlanBuildingAssociationVisitationStrategy - Building LoadPlan...
14:11:15.569 [Test worker] DEBUG o.h.l.p.e.i.LoadQueryJoinAndFetchProcessor - processing queryspace <gen:0>
14:11:15.569 [Test worker] DEBUG o.h.l.p.b.spi.LoadPlanTreePrinter - LoadPlan(entity=org.project.neutrino.nfvo.catalogue.mano.descriptor.VNFComponent)
    - Returns
       - EntityReturnImpl(entity=org.project.neutrino.nfvo.catalogue.mano.descriptor.VNFComponent, querySpaceUid=<gen:0>, path=org.project.neutrino.nfvo.catalogue.mano.descriptor.VNFComponent)
    - QuerySpaces
       - EntityQuerySpaceImpl(uid=<gen:0>, entity=org.project.neutrino.nfvo.catalogue.mano.descriptor.VNFComponent)
          - SQL table alias mapping - vnfcompone0_
          - alias suffix - 0_
          - suffixed key columns - {id1_80_0_}

14:11:15.569 [Test worker] DEBUG o.h.loader.entity.plan.EntityLoader - Static select for entity org.project.neutrino.nfvo.catalogue.mano.descriptor.VNFComponent [NONE]: select vnfcompone0_.id as id1_80_0_, vnfcompone0_.version as version2_80_0_ from vnfcomponent vnfcompone0_ where vnfcompone0_.id=?
14:11:15.570 [Test worker] DEBUG o.h.l.p.b.i.spaces.QuerySpacesImpl - Adding QuerySpace : uid = <gen:0> -> org.hibernate.loader.plan.build.internal.spaces.EntityQuerySpaceImpl@555b2559]
14:11:15.570 [Test worker] DEBUG o.h.p.w.spi.MetamodelGraphWalker - Visiting attribute path : connection_point
14:11:15.570 [Test worker] DEBUG o.h.p.w.spi.MetamodelGraphWalker - Visiting attribute path : version
14:11:15.570 [Test worker] DEBUG o.h.l.p.b.i.FetchStyleLoadPlanBuildingAssociationVisitationStrategy - Building LoadPlan...
14:11:15.570 [Test worker] DEBUG o.h.l.p.e.i.LoadQueryJoinAndFetchProcessor - processing queryspace <gen:0>
14:11:15.570 [Test worker] DEBUG o.h.l.p.b.spi.LoadPlanTreePrinter - LoadPlan(entity=org.project.neutrino.nfvo.catalogue.mano.descriptor.VNFComponent)
    - Returns
       - EntityReturnImpl(entity=org.project.neutrino.nfvo.catalogue.mano.descriptor.VNFComponent, querySpaceUid=<gen:0>, path=org.project.neutrino.nfvo.catalogue.mano.descriptor.VNFComponent)
    - QuerySpaces
       - EntityQuerySpaceImpl(uid=<gen:0>, entity=org.project.neutrino.nfvo.catalogue.mano.descriptor.VNFComponent)
          - SQL table alias mapping - vnfcompone0_
          - alias suffix - 0_
          - suffixed key columns - {id1_80_0_}

14:11:15.570 [Test worker] DEBUG o.h.loader.entity.plan.EntityLoader - Static select for entity org.project.neutrino.nfvo.catalogue.mano.descriptor.VNFComponent [READ]: select vnfcompone0_.id as id1_80_0_, vnfcompone0_.version as version2_80_0_ from vnfcomponent vnfcompone0_ where vnfcompone0_.id=?
14:11:15.571 [Test worker] DEBUG o.h.l.p.b.i.spaces.QuerySpacesImpl - Adding QuerySpace : uid = <gen:0> -> org.hibernate.loader.plan.build.internal.spaces.EntityQuerySpaceImpl@54e49324]
14:11:15.571 [Test worker] DEBUG o.h.p.w.spi.MetamodelGraphWalker - Visiting attribute path : connection_point
14:11:15.571 [Test worker] DEBUG o.h.p.w.spi.MetamodelGraphWalker - Visiting attribute path : version
14:11:15.571 [Test worker] DEBUG o.h.l.p.b.i.FetchStyleLoadPlanBuildingAssociationVisitationStrategy - Building LoadPlan...
14:11:15.571 [Test worker] DEBUG o.h.l.p.e.i.LoadQueryJoinAndFetchProcessor - processing queryspace <gen:0>
14:11:15.571 [Test worker] DEBUG o.h.l.p.b.spi.LoadPlanTreePrinter - LoadPlan(entity=org.project.neutrino.nfvo.catalogue.mano.descriptor.VNFComponent)
    - Returns
       - EntityReturnImpl(entity=org.project.neutrino.nfvo.catalogue.mano.descriptor.VNFComponent, querySpaceUid=<gen:0>, path=org.project.neutrino.nfvo.catalogue.mano.descriptor.VNFComponent)
    - QuerySpaces
       - EntityQuerySpaceImpl(uid=<gen:0>, entity=org.project.neutrino.nfvo.catalogue.mano.descriptor.VNFComponent)
          - SQL table alias mapping - vnfcompone0_
          - alias suffix - 0_
          - suffixed key columns - {id1_80_0_}

14:11:15.571 [Test worker] DEBUG o.h.loader.entity.plan.EntityLoader - Static select for entity org.project.neutrino.nfvo.catalogue.mano.descriptor.VNFComponent [UPGRADE]: select vnfcompone0_.id as id1_80_0_, vnfcompone0_.version as version2_80_0_ from vnfcomponent vnfcompone0_ where vnfcompone0_.id=? for update
14:11:15.571 [Test worker] DEBUG o.h.l.p.b.i.spaces.QuerySpacesImpl - Adding QuerySpace : uid = <gen:0> -> org.hibernate.loader.plan.build.internal.spaces.EntityQuerySpaceImpl@7fc75485]
14:11:15.571 [Test worker] DEBUG o.h.p.w.spi.MetamodelGraphWalker - Visiting attribute path : connection_point
14:11:15.571 [Test worker] DEBUG o.h.p.w.spi.MetamodelGraphWalker - Visiting attribute path : version
14:11:15.571 [Test worker] DEBUG o.h.l.p.b.i.FetchStyleLoadPlanBuildingAssociationVisitationStrategy - Building LoadPlan...
14:11:15.572 [Test worker] DEBUG o.h.l.p.e.i.LoadQueryJoinAndFetchProcessor - processing queryspace <gen:0>
14:11:15.572 [Test worker] DEBUG o.h.l.p.b.spi.LoadPlanTreePrinter - LoadPlan(entity=org.project.neutrino.nfvo.catalogue.mano.descriptor.VNFComponent)
    - Returns
       - EntityReturnImpl(entity=org.project.neutrino.nfvo.catalogue.mano.descriptor.VNFComponent, querySpaceUid=<gen:0>, path=org.project.neutrino.nfvo.catalogue.mano.descriptor.VNFComponent)
    - QuerySpaces
       - EntityQuerySpaceImpl(uid=<gen:0>, entity=org.project.neutrino.nfvo.catalogue.mano.descriptor.VNFComponent)
          - SQL table alias mapping - vnfcompone0_
          - alias suffix - 0_
          - suffixed key columns - {id1_80_0_}

14:11:15.572 [Test worker] DEBUG o.h.loader.entity.plan.EntityLoader - Static select for entity org.project.neutrino.nfvo.catalogue.mano.descriptor.VNFComponent [UPGRADE_NOWAIT]: select vnfcompone0_.id as id1_80_0_, vnfcompone0_.version as version2_80_0_ from vnfcomponent vnfcompone0_ where vnfcompone0_.id=? for update
14:11:15.572 [Test worker] DEBUG o.h.l.p.b.i.spaces.QuerySpacesImpl - Adding QuerySpace : uid = <gen:0> -> org.hibernate.loader.plan.build.internal.spaces.EntityQuerySpaceImpl@7bc979dd]
14:11:15.572 [Test worker] DEBUG o.h.p.w.spi.MetamodelGraphWalker - Visiting attribute path : connection_point
14:11:15.572 [Test worker] DEBUG o.h.p.w.spi.MetamodelGraphWalker - Visiting attribute path : version
14:11:15.572 [Test worker] DEBUG o.h.l.p.b.i.FetchStyleLoadPlanBuildingAssociationVisitationStrategy - Building LoadPlan...
14:11:15.572 [Test worker] DEBUG o.h.l.p.e.i.LoadQueryJoinAndFetchProcessor - processing queryspace <gen:0>
14:11:15.572 [Test worker] DEBUG o.h.l.p.b.spi.LoadPlanTreePrinter - LoadPlan(entity=org.project.neutrino.nfvo.catalogue.mano.descriptor.VNFComponent)
    - Returns
       - EntityReturnImpl(entity=org.project.neutrino.nfvo.catalogue.mano.descriptor.VNFComponent, querySpaceUid=<gen:0>, path=org.project.neutrino.nfvo.catalogue.mano.descriptor.VNFComponent)
    - QuerySpaces
       - EntityQuerySpaceImpl(uid=<gen:0>, entity=org.project.neutrino.nfvo.catalogue.mano.descriptor.VNFComponent)
          - SQL table alias mapping - vnfcompone0_
          - alias suffix - 0_
          - suffixed key columns - {id1_80_0_}

14:11:15.573 [Test worker] DEBUG o.h.loader.entity.plan.EntityLoader - Static select for entity org.project.neutrino.nfvo.catalogue.mano.descriptor.VNFComponent [UPGRADE_SKIPLOCKED]: select vnfcompone0_.id as id1_80_0_, vnfcompone0_.version as version2_80_0_ from vnfcomponent vnfcompone0_ where vnfcompone0_.id=? for update
14:11:15.573 [Test worker] DEBUG o.h.l.p.b.i.spaces.QuerySpacesImpl - Adding QuerySpace : uid = <gen:0> -> org.hibernate.loader.plan.build.internal.spaces.EntityQuerySpaceImpl@6d4e2820]
14:11:15.573 [Test worker] DEBUG o.h.p.w.spi.MetamodelGraphWalker - Visiting attribute path : connection_point
14:11:15.573 [Test worker] DEBUG o.h.p.w.spi.MetamodelGraphWalker - Visiting attribute path : version
14:11:15.573 [Test worker] DEBUG o.h.l.p.b.i.FetchStyleLoadPlanBuildingAssociationVisitationStrategy - Building LoadPlan...
14:11:15.573 [Test worker] DEBUG o.h.l.p.e.i.LoadQueryJoinAndFetchProcessor - processing queryspace <gen:0>
14:11:15.573 [Test worker] DEBUG o.h.l.p.b.spi.LoadPlanTreePrinter - LoadPlan(entity=org.project.neutrino.nfvo.catalogue.mano.descriptor.VNFComponent)
    - Returns
       - EntityReturnImpl(entity=org.project.neutrino.nfvo.catalogue.mano.descriptor.VNFComponent, querySpaceUid=<gen:0>, path=org.project.neutrino.nfvo.catalogue.mano.descriptor.VNFComponent)
    - QuerySpaces
       - EntityQuerySpaceImpl(uid=<gen:0>, entity=org.project.neutrino.nfvo.catalogue.mano.descriptor.VNFComponent)
          - SQL table alias mapping - vnfcompone0_
          - alias suffix - 0_
          - suffixed key columns - {id1_80_0_}

14:11:15.573 [Test worker] DEBUG o.h.loader.entity.plan.EntityLoader - Static select for entity org.project.neutrino.nfvo.catalogue.mano.descriptor.VNFComponent [FORCE]: select vnfcompone0_.id as id1_80_0_, vnfcompone0_.version as version2_80_0_ from vnfcomponent vnfcompone0_ where vnfcompone0_.id=? for update
14:11:15.573 [Test worker] DEBUG o.h.l.p.b.i.spaces.QuerySpacesImpl - Adding QuerySpace : uid = <gen:0> -> org.hibernate.loader.plan.build.internal.spaces.EntityQuerySpaceImpl@34cbbc24]
14:11:15.573 [Test worker] DEBUG o.h.p.w.spi.MetamodelGraphWalker - Visiting attribute path : connection_point
14:11:15.573 [Test worker] DEBUG o.h.p.w.spi.MetamodelGraphWalker - Visiting attribute path : version
14:11:15.573 [Test worker] DEBUG o.h.l.p.b.i.FetchStyleLoadPlanBuildingAssociationVisitationStrategy - Building LoadPlan...
14:11:15.574 [Test worker] DEBUG o.h.l.p.e.i.LoadQueryJoinAndFetchProcessor - processing queryspace <gen:0>
14:11:15.574 [Test worker] DEBUG o.h.l.p.b.spi.LoadPlanTreePrinter - LoadPlan(entity=org.project.neutrino.nfvo.catalogue.mano.descriptor.VNFComponent)
    - Returns
       - EntityReturnImpl(entity=org.project.neutrino.nfvo.catalogue.mano.descriptor.VNFComponent, querySpaceUid=<gen:0>, path=org.project.neutrino.nfvo.catalogue.mano.descriptor.VNFComponent)
    - QuerySpaces
       - EntityQuerySpaceImpl(uid=<gen:0>, entity=org.project.neutrino.nfvo.catalogue.mano.descriptor.VNFComponent)
          - SQL table alias mapping - vnfcompone0_
          - alias suffix - 0_
          - suffixed key columns - {id1_80_0_}

14:11:15.574 [Test worker] DEBUG o.h.loader.entity.plan.EntityLoader - Static select for entity org.project.neutrino.nfvo.catalogue.mano.descriptor.VNFComponent [PESSIMISTIC_READ]: select vnfcompone0_.id as id1_80_0_, vnfcompone0_.version as version2_80_0_ from vnfcomponent vnfcompone0_ where vnfcompone0_.id=? lock in share mode
14:11:15.574 [Test worker] DEBUG o.h.l.p.b.i.spaces.QuerySpacesImpl - Adding QuerySpace : uid = <gen:0> -> org.hibernate.loader.plan.build.internal.spaces.EntityQuerySpaceImpl@69761a56]
14:11:15.574 [Test worker] DEBUG o.h.p.w.spi.MetamodelGraphWalker - Visiting attribute path : connection_point
14:11:15.574 [Test worker] DEBUG o.h.p.w.spi.MetamodelGraphWalker - Visiting attribute path : version
14:11:15.574 [Test worker] DEBUG o.h.l.p.b.i.FetchStyleLoadPlanBuildingAssociationVisitationStrategy - Building LoadPlan...
14:11:15.574 [Test worker] DEBUG o.h.l.p.e.i.LoadQueryJoinAndFetchProcessor - processing queryspace <gen:0>
14:11:15.575 [Test worker] DEBUG o.h.l.p.b.spi.LoadPlanTreePrinter - LoadPlan(entity=org.project.neutrino.nfvo.catalogue.mano.descriptor.VNFComponent)
    - Returns
       - EntityReturnImpl(entity=org.project.neutrino.nfvo.catalogue.mano.descriptor.VNFComponent, querySpaceUid=<gen:0>, path=org.project.neutrino.nfvo.catalogue.mano.descriptor.VNFComponent)
    - QuerySpaces
       - EntityQuerySpaceImpl(uid=<gen:0>, entity=org.project.neutrino.nfvo.catalogue.mano.descriptor.VNFComponent)
          - SQL table alias mapping - vnfcompone0_
          - alias suffix - 0_
          - suffixed key columns - {id1_80_0_}

14:11:15.575 [Test worker] DEBUG o.h.loader.entity.plan.EntityLoader - Static select for entity org.project.neutrino.nfvo.catalogue.mano.descriptor.VNFComponent [PESSIMISTIC_WRITE]: select vnfcompone0_.id as id1_80_0_, vnfcompone0_.version as version2_80_0_ from vnfcomponent vnfcompone0_ where vnfcompone0_.id=? for update
14:11:15.575 [Test worker] DEBUG o.h.l.p.b.i.spaces.QuerySpacesImpl - Adding QuerySpace : uid = <gen:0> -> org.hibernate.loader.plan.build.internal.spaces.EntityQuerySpaceImpl@7be98c44]
14:11:15.575 [Test worker] DEBUG o.h.p.w.spi.MetamodelGraphWalker - Visiting attribute path : connection_point
14:11:15.575 [Test worker] DEBUG o.h.p.w.spi.MetamodelGraphWalker - Visiting attribute path : version
14:11:15.575 [Test worker] DEBUG o.h.l.p.b.i.FetchStyleLoadPlanBuildingAssociationVisitationStrategy - Building LoadPlan...
14:11:15.575 [Test worker] DEBUG o.h.l.p.e.i.LoadQueryJoinAndFetchProcessor - processing queryspace <gen:0>
14:11:15.575 [Test worker] DEBUG o.h.l.p.b.spi.LoadPlanTreePrinter - LoadPlan(entity=org.project.neutrino.nfvo.catalogue.mano.descriptor.VNFComponent)
    - Returns
       - EntityReturnImpl(entity=org.project.neutrino.nfvo.catalogue.mano.descriptor.VNFComponent, querySpaceUid=<gen:0>, path=org.project.neutrino.nfvo.catalogue.mano.descriptor.VNFComponent)
    - QuerySpaces
       - EntityQuerySpaceImpl(uid=<gen:0>, entity=org.project.neutrino.nfvo.catalogue.mano.descriptor.VNFComponent)
          - SQL table alias mapping - vnfcompone0_
          - alias suffix - 0_
          - suffixed key columns - {id1_80_0_}

14:11:15.575 [Test worker] DEBUG o.h.loader.entity.plan.EntityLoader - Static select for entity org.project.neutrino.nfvo.catalogue.mano.descriptor.VNFComponent [PESSIMISTIC_FORCE_INCREMENT]: select vnfcompone0_.id as id1_80_0_, vnfcompone0_.version as version2_80_0_ from vnfcomponent vnfcompone0_ where vnfcompone0_.id=? for update
14:11:15.575 [Test worker] DEBUG o.h.l.p.b.i.spaces.QuerySpacesImpl - Adding QuerySpace : uid = <gen:0> -> org.hibernate.loader.plan.build.internal.spaces.EntityQuerySpaceImpl@21c90912]
14:11:15.575 [Test worker] DEBUG o.h.p.w.spi.MetamodelGraphWalker - Visiting attribute path : connection_point
14:11:15.575 [Test worker] DEBUG o.h.p.w.spi.MetamodelGraphWalker - Visiting attribute path : version
14:11:15.576 [Test worker] DEBUG o.h.l.p.b.i.FetchStyleLoadPlanBuildingAssociationVisitationStrategy - Building LoadPlan...
14:11:15.576 [Test worker] DEBUG o.h.l.p.e.i.LoadQueryJoinAndFetchProcessor - processing queryspace <gen:0>
14:11:15.576 [Test worker] DEBUG o.h.l.p.b.spi.LoadPlanTreePrinter - LoadPlan(entity=org.project.neutrino.nfvo.catalogue.mano.descriptor.VNFComponent)
    - Returns
       - EntityReturnImpl(entity=org.project.neutrino.nfvo.catalogue.mano.descriptor.VNFComponent, querySpaceUid=<gen:0>, path=org.project.neutrino.nfvo.catalogue.mano.descriptor.VNFComponent)
    - QuerySpaces
       - EntityQuerySpaceImpl(uid=<gen:0>, entity=org.project.neutrino.nfvo.catalogue.mano.descriptor.VNFComponent)
          - SQL table alias mapping - vnfcompone0_
          - alias suffix - 0_
          - suffixed key columns - {id1_80_0_}

14:11:15.576 [Test worker] DEBUG o.h.loader.entity.plan.EntityLoader - Static select for entity org.project.neutrino.nfvo.catalogue.mano.descriptor.VNFComponent [OPTIMISTIC]: select vnfcompone0_.id as id1_80_0_, vnfcompone0_.version as version2_80_0_ from vnfcomponent vnfcompone0_ where vnfcompone0_.id=?
14:11:15.576 [Test worker] DEBUG o.h.l.p.b.i.spaces.QuerySpacesImpl - Adding QuerySpace : uid = <gen:0> -> org.hibernate.loader.plan.build.internal.spaces.EntityQuerySpaceImpl@13cd4abe]
14:11:15.576 [Test worker] DEBUG o.h.p.w.spi.MetamodelGraphWalker - Visiting attribute path : connection_point
14:11:15.576 [Test worker] DEBUG o.h.p.w.spi.MetamodelGraphWalker - Visiting attribute path : version
14:11:15.576 [Test worker] DEBUG o.h.l.p.b.i.FetchStyleLoadPlanBuildingAssociationVisitationStrategy - Building LoadPlan...
14:11:15.576 [Test worker] DEBUG o.h.l.p.e.i.LoadQueryJoinAndFetchProcessor - processing queryspace <gen:0>
14:11:15.577 [Test worker] DEBUG o.h.l.p.b.spi.LoadPlanTreePrinter - LoadPlan(entity=org.project.neutrino.nfvo.catalogue.mano.descriptor.VNFComponent)
    - Returns
       - EntityReturnImpl(entity=org.project.neutrino.nfvo.catalogue.mano.descriptor.VNFComponent, querySpaceUid=<gen:0>, path=org.project.neutrino.nfvo.catalogue.mano.descriptor.VNFComponent)
    - QuerySpaces
       - EntityQuerySpaceImpl(uid=<gen:0>, entity=org.project.neutrino.nfvo.catalogue.mano.descriptor.VNFComponent)
          - SQL table alias mapping - vnfcompone0_
          - alias suffix - 0_
          - suffixed key columns - {id1_80_0_}

14:11:15.577 [Test worker] DEBUG o.h.loader.entity.plan.EntityLoader - Static select for entity org.project.neutrino.nfvo.catalogue.mano.descriptor.VNFComponent [OPTIMISTIC_FORCE_INCREMENT]: select vnfcompone0_.id as id1_80_0_, vnfcompone0_.version as version2_80_0_ from vnfcomponent vnfcompone0_ where vnfcompone0_.id=?
14:11:15.577 [Test worker] DEBUG org.hibernate.loader.Loader - Static select for action ACTION_MERGE on entity org.project.neutrino.nfvo.catalogue.mano.descriptor.VNFComponent: select vnfcompone0_.id as id1_80_1_, vnfcompone0_.version as version2_80_1_, connection1_.vnfcomponent_id as vnfcompo1_80_3_, vnfdconnec2_.id as connecti2_81_3_, vnfdconnec2_.id as id1_4_0_, vnfdconnec2_.type as type2_4_0_, vnfdconnec2_.version as version3_4_0_, vnfdconnec2_.virtual_link_reference as virtual_1_82_0_ from vnfcomponent vnfcompone0_ left outer join vnfcomponent_connection_point connection1_ on vnfcompone0_.id=connection1_.vnfcomponent_id left outer join vnfdconnection_point vnfdconnec2_ on connection1_.connection_point_id=vnfdconnec2_.id where vnfcompone0_.id=?
14:11:15.577 [Test worker] DEBUG org.hibernate.loader.Loader - Static select for action ACTION_REFRESH on entity org.project.neutrino.nfvo.catalogue.mano.descriptor.VNFComponent: select vnfcompone0_.id as id1_80_1_, vnfcompone0_.version as version2_80_1_, connection1_.vnfcomponent_id as vnfcompo1_80_3_, vnfdconnec2_.id as connecti2_81_3_, vnfdconnec2_.id as id1_4_0_, vnfdconnec2_.type as type2_4_0_, vnfdconnec2_.version as version3_4_0_, vnfdconnec2_.virtual_link_reference as virtual_1_82_0_ from vnfcomponent vnfcompone0_ left outer join vnfcomponent_connection_point connection1_ on vnfcompone0_.id=connection1_.vnfcomponent_id left outer join vnfdconnection_point vnfdconnec2_ on connection1_.connection_point_id=vnfdconnec2_.id where vnfcompone0_.id=?
14:11:15.577 [Test worker] DEBUG o.h.p.entity.AbstractEntityPersister - Static SQL for entity: org.project.neutrino.nfvo.catalogue.mano.descriptor.InternalVirtualLink
14:11:15.577 [Test worker] DEBUG o.h.p.entity.AbstractEntityPersister -  Version select: select version from internal_virtual_link where id =?
14:11:15.578 [Test worker] DEBUG o.h.p.entity.AbstractEntityPersister -  Snapshot select: select internalvi_.id, internalvi_.connectivity_type as connecti2_0_, internalvi_.leaf_requirement as leaf_req3_0_, internalvi_.root_requirement as root_req4_0_, internalvi_.version as version5_0_ from internal_virtual_link internalvi_ where internalvi_.id=?
14:11:15.578 [Test worker] DEBUG o.h.p.entity.AbstractEntityPersister -  Insert 0: insert into internal_virtual_link (connectivity_type, leaf_requirement, root_requirement, version, id) values (?, ?, ?, ?, ?)
14:11:15.578 [Test worker] DEBUG o.h.p.entity.AbstractEntityPersister -  Update 0: update internal_virtual_link set connectivity_type=?, leaf_requirement=?, root_requirement=?, version=? where id=? and version=?
14:11:15.578 [Test worker] DEBUG o.h.p.entity.AbstractEntityPersister -  Delete 0: delete from internal_virtual_link where id=? and version=?
14:11:15.578 [Test worker] DEBUG o.h.l.p.b.i.spaces.QuerySpacesImpl - Adding QuerySpace : uid = <gen:0> -> org.hibernate.loader.plan.build.internal.spaces.EntityQuerySpaceImpl@4a1368d]
14:11:15.578 [Test worker] DEBUG o.h.p.w.spi.MetamodelGraphWalker - Visiting attribute path : connectivity_type
14:11:15.578 [Test worker] DEBUG o.h.p.w.spi.MetamodelGraphWalker - Visiting attribute path : leaf_requirement
14:11:15.578 [Test worker] DEBUG o.h.p.w.spi.MetamodelGraphWalker - Visiting attribute path : qos
14:11:15.578 [Test worker] DEBUG o.h.p.w.spi.MetamodelGraphWalker - Visiting attribute path : root_requirement
14:11:15.578 [Test worker] DEBUG o.h.p.w.spi.MetamodelGraphWalker - Visiting attribute path : test_access
14:11:15.578 [Test worker] DEBUG o.h.p.w.spi.MetamodelGraphWalker - Visiting attribute path : version
14:11:15.578 [Test worker] DEBUG o.h.p.w.spi.MetamodelGraphWalker - Visiting attribute path : connection_points_references
14:11:15.578 [Test worker] DEBUG o.h.l.p.b.i.spaces.QuerySpacesImpl - Adding QuerySpace : uid = <gen:1> -> org.hibernate.loader.plan.build.internal.spaces.CollectionQuerySpaceImpl@4c9a3337]
14:11:15.579 [Test worker] DEBUG o.h.l.p.b.i.FetchStyleLoadPlanBuildingAssociationVisitationStrategy - Building LoadPlan...
14:11:15.579 [Test worker] DEBUG o.h.l.p.e.i.LoadQueryJoinAndFetchProcessor - processing queryspace <gen:0>
14:11:15.579 [Test worker] DEBUG o.h.l.p.b.spi.LoadPlanTreePrinter - LoadPlan(entity=org.project.neutrino.nfvo.catalogue.mano.descriptor.InternalVirtualLink)
    - Returns
       - EntityReturnImpl(entity=org.project.neutrino.nfvo.catalogue.mano.descriptor.InternalVirtualLink, querySpaceUid=<gen:0>, path=org.project.neutrino.nfvo.catalogue.mano.descriptor.InternalVirtualLink)
          - CollectionAttributeFetchImpl(collection=org.project.neutrino.nfvo.catalogue.mano.descriptor.InternalVirtualLink.connection_points_references, querySpaceUid=<gen:1>, path=org.project.neutrino.nfvo.catalogue.mano.descriptor.InternalVirtualLink.connection_points_references)
    - QuerySpaces
       - EntityQuerySpaceImpl(uid=<gen:0>, entity=org.project.neutrino.nfvo.catalogue.mano.descriptor.InternalVirtualLink)
          - SQL table alias mapping - internalvi0_
          - alias suffix - 0_
          - suffixed key columns - {id1_0_0_}
          - JOIN (JoinDefinedByMetadata(connection_points_references)) : <gen:0> -> <gen:1>
             - CollectionQuerySpaceImpl(uid=<gen:1>, collection=org.project.neutrino.nfvo.catalogue.mano.descriptor.InternalVirtualLink.connection_points_references)
                - SQL table alias mapping - connection1_
                - alias suffix - 1_
                - suffixed key columns - {internal1_0_1_}

14:11:15.579 [Test worker] DEBUG o.h.loader.entity.plan.EntityLoader - Static select for entity org.project.neutrino.nfvo.catalogue.mano.descriptor.InternalVirtualLink [NONE]: select internalvi0_.id as id1_0_0_, internalvi0_.connectivity_type as connecti2_0_0_, internalvi0_.leaf_requirement as leaf_req3_0_0_, internalvi0_.root_requirement as root_req4_0_0_, internalvi0_.version as version5_0_0_, connection1_.internal_virtual_link_id as internal1_0_1_, connection1_.connection_points_references as connecti2_9_1_ from internal_virtual_link internalvi0_ left outer join internal_virtual_link_connection_points_references connection1_ on internalvi0_.id=connection1_.internal_virtual_link_id where internalvi0_.id=?
14:11:15.579 [Test worker] DEBUG o.h.l.p.b.i.spaces.QuerySpacesImpl - Adding QuerySpace : uid = <gen:0> -> org.hibernate.loader.plan.build.internal.spaces.EntityQuerySpaceImpl@56d22841]
14:11:15.579 [Test worker] DEBUG o.h.p.w.spi.MetamodelGraphWalker - Visiting attribute path : connectivity_type
14:11:15.579 [Test worker] DEBUG o.h.p.w.spi.MetamodelGraphWalker - Visiting attribute path : leaf_requirement
14:11:15.579 [Test worker] DEBUG o.h.p.w.spi.MetamodelGraphWalker - Visiting attribute path : qos
14:11:15.579 [Test worker] DEBUG o.h.p.w.spi.MetamodelGraphWalker - Visiting attribute path : root_requirement
14:11:15.579 [Test worker] DEBUG o.h.p.w.spi.MetamodelGraphWalker - Visiting attribute path : test_access
14:11:15.579 [Test worker] DEBUG o.h.p.w.spi.MetamodelGraphWalker - Visiting attribute path : version
14:11:15.579 [Test worker] DEBUG o.h.p.w.spi.MetamodelGraphWalker - Visiting attribute path : connection_points_references
14:11:15.580 [Test worker] DEBUG o.h.l.p.b.i.spaces.QuerySpacesImpl - Adding QuerySpace : uid = <gen:1> -> org.hibernate.loader.plan.build.internal.spaces.CollectionQuerySpaceImpl@1ab8338f]
14:11:15.580 [Test worker] DEBUG o.h.l.p.b.i.FetchStyleLoadPlanBuildingAssociationVisitationStrategy - Building LoadPlan...
14:11:15.580 [Test worker] DEBUG o.h.l.p.e.i.LoadQueryJoinAndFetchProcessor - processing queryspace <gen:0>
14:11:15.580 [Test worker] DEBUG o.h.l.p.b.spi.LoadPlanTreePrinter - LoadPlan(entity=org.project.neutrino.nfvo.catalogue.mano.descriptor.InternalVirtualLink)
    - Returns
       - EntityReturnImpl(entity=org.project.neutrino.nfvo.catalogue.mano.descriptor.InternalVirtualLink, querySpaceUid=<gen:0>, path=org.project.neutrino.nfvo.catalogue.mano.descriptor.InternalVirtualLink)
          - CollectionAttributeFetchImpl(collection=org.project.neutrino.nfvo.catalogue.mano.descriptor.InternalVirtualLink.connection_points_references, querySpaceUid=<gen:1>, path=org.project.neutrino.nfvo.catalogue.mano.descriptor.InternalVirtualLink.connection_points_references)
    - QuerySpaces
       - EntityQuerySpaceImpl(uid=<gen:0>, entity=org.project.neutrino.nfvo.catalogue.mano.descriptor.InternalVirtualLink)
          - SQL table alias mapping - internalvi0_
          - alias suffix - 0_
          - suffixed key columns - {id1_0_0_}
          - JOIN (JoinDefinedByMetadata(connection_points_references)) : <gen:0> -> <gen:1>
             - CollectionQuerySpaceImpl(uid=<gen:1>, collection=org.project.neutrino.nfvo.catalogue.mano.descriptor.InternalVirtualLink.connection_points_references)
                - SQL table alias mapping - connection1_
                - alias suffix - 1_
                - suffixed key columns - {internal1_0_1_}

14:11:15.580 [Test worker] DEBUG o.h.loader.entity.plan.EntityLoader - Static select for entity org.project.neutrino.nfvo.catalogue.mano.descriptor.InternalVirtualLink [READ]: select internalvi0_.id as id1_0_0_, internalvi0_.connectivity_type as connecti2_0_0_, internalvi0_.leaf_requirement as leaf_req3_0_0_, internalvi0_.root_requirement as root_req4_0_0_, internalvi0_.version as version5_0_0_, connection1_.internal_virtual_link_id as internal1_0_1_, connection1_.connection_points_references as connecti2_9_1_ from internal_virtual_link internalvi0_ left outer join internal_virtual_link_connection_points_references connection1_ on internalvi0_.id=connection1_.internal_virtual_link_id where internalvi0_.id=?
14:11:15.580 [Test worker] DEBUG o.h.l.p.b.i.spaces.QuerySpacesImpl - Adding QuerySpace : uid = <gen:0> -> org.hibernate.loader.plan.build.internal.spaces.EntityQuerySpaceImpl@7024ae54]
14:11:15.580 [Test worker] DEBUG o.h.p.w.spi.MetamodelGraphWalker - Visiting attribute path : connectivity_type
14:11:15.580 [Test worker] DEBUG o.h.p.w.spi.MetamodelGraphWalker - Visiting attribute path : leaf_requirement
14:11:15.580 [Test worker] DEBUG o.h.p.w.spi.MetamodelGraphWalker - Visiting attribute path : qos
14:11:15.580 [Test worker] DEBUG o.h.p.w.spi.MetamodelGraphWalker - Visiting attribute path : root_requirement
14:11:15.580 [Test worker] DEBUG o.h.p.w.spi.MetamodelGraphWalker - Visiting attribute path : test_access
14:11:15.580 [Test worker] DEBUG o.h.p.w.spi.MetamodelGraphWalker - Visiting attribute path : version
14:11:15.581 [Test worker] DEBUG o.h.p.w.spi.MetamodelGraphWalker - Visiting attribute path : connection_points_references
14:11:15.581 [Test worker] DEBUG o.h.l.p.b.i.spaces.QuerySpacesImpl - Adding QuerySpace : uid = <gen:1> -> org.hibernate.loader.plan.build.internal.spaces.CollectionQuerySpaceImpl@6aff6bd5]
14:11:15.581 [Test worker] DEBUG o.h.l.p.b.i.FetchStyleLoadPlanBuildingAssociationVisitationStrategy - Building LoadPlan...
14:11:15.581 [Test worker] DEBUG o.h.l.p.e.i.LoadQueryJoinAndFetchProcessor - processing queryspace <gen:0>
14:11:15.581 [Test worker] DEBUG o.h.l.p.b.spi.LoadPlanTreePrinter - LoadPlan(entity=org.project.neutrino.nfvo.catalogue.mano.descriptor.InternalVirtualLink)
    - Returns
       - EntityReturnImpl(entity=org.project.neutrino.nfvo.catalogue.mano.descriptor.InternalVirtualLink, querySpaceUid=<gen:0>, path=org.project.neutrino.nfvo.catalogue.mano.descriptor.InternalVirtualLink)
          - CollectionAttributeFetchImpl(collection=org.project.neutrino.nfvo.catalogue.mano.descriptor.InternalVirtualLink.connection_points_references, querySpaceUid=<gen:1>, path=org.project.neutrino.nfvo.catalogue.mano.descriptor.InternalVirtualLink.connection_points_references)
    - QuerySpaces
       - EntityQuerySpaceImpl(uid=<gen:0>, entity=org.project.neutrino.nfvo.catalogue.mano.descriptor.InternalVirtualLink)
          - SQL table alias mapping - internalvi0_
          - alias suffix - 0_
          - suffixed key columns - {id1_0_0_}

14:11:15.581 [Test worker] DEBUG o.h.loader.entity.plan.EntityLoader - Static select for entity org.project.neutrino.nfvo.catalogue.mano.descriptor.InternalVirtualLink [UPGRADE]: select internalvi0_.id as id1_0_0_, internalvi0_.connectivity_type as connecti2_0_0_, internalvi0_.leaf_requirement as leaf_req3_0_0_, internalvi0_.root_requirement as root_req4_0_0_, internalvi0_.version as version5_0_0_ from internal_virtual_link internalvi0_ where internalvi0_.id=? for update
14:11:15.581 [Test worker] DEBUG o.h.l.p.b.i.spaces.QuerySpacesImpl - Adding QuerySpace : uid = <gen:0> -> org.hibernate.loader.plan.build.internal.spaces.EntityQuerySpaceImpl@2700a3d4]
14:11:15.581 [Test worker] DEBUG o.h.p.w.spi.MetamodelGraphWalker - Visiting attribute path : connectivity_type
14:11:15.581 [Test worker] DEBUG o.h.p.w.spi.MetamodelGraphWalker - Visiting attribute path : leaf_requirement
14:11:15.581 [Test worker] DEBUG o.h.p.w.spi.MetamodelGraphWalker - Visiting attribute path : qos
14:11:15.582 [Test worker] DEBUG o.h.p.w.spi.MetamodelGraphWalker - Visiting attribute path : root_requirement
14:11:15.582 [Test worker] DEBUG o.h.p.w.spi.MetamodelGraphWalker - Visiting attribute path : test_access
14:11:15.582 [Test worker] DEBUG o.h.p.w.spi.MetamodelGraphWalker - Visiting attribute path : version
14:11:15.582 [Test worker] DEBUG o.h.p.w.spi.MetamodelGraphWalker - Visiting attribute path : connection_points_references
14:11:15.582 [Test worker] DEBUG o.h.l.p.b.i.spaces.QuerySpacesImpl - Adding QuerySpace : uid = <gen:1> -> org.hibernate.loader.plan.build.internal.spaces.CollectionQuerySpaceImpl@15119e16]
14:11:15.582 [Test worker] DEBUG o.h.l.p.b.i.FetchStyleLoadPlanBuildingAssociationVisitationStrategy - Building LoadPlan...
14:11:15.582 [Test worker] DEBUG o.h.l.p.e.i.LoadQueryJoinAndFetchProcessor - processing queryspace <gen:0>
14:11:15.582 [Test worker] DEBUG o.h.l.p.b.spi.LoadPlanTreePrinter - LoadPlan(entity=org.project.neutrino.nfvo.catalogue.mano.descriptor.InternalVirtualLink)
    - Returns
       - EntityReturnImpl(entity=org.project.neutrino.nfvo.catalogue.mano.descriptor.InternalVirtualLink, querySpaceUid=<gen:0>, path=org.project.neutrino.nfvo.catalogue.mano.descriptor.InternalVirtualLink)
          - CollectionAttributeFetchImpl(collection=org.project.neutrino.nfvo.catalogue.mano.descriptor.InternalVirtualLink.connection_points_references, querySpaceUid=<gen:1>, path=org.project.neutrino.nfvo.catalogue.mano.descriptor.InternalVirtualLink.connection_points_references)
    - QuerySpaces
       - EntityQuerySpaceImpl(uid=<gen:0>, entity=org.project.neutrino.nfvo.catalogue.mano.descriptor.InternalVirtualLink)
          - SQL table alias mapping - internalvi0_
          - alias suffix - 0_
          - suffixed key columns - {id1_0_0_}

14:11:15.582 [Test worker] DEBUG o.h.loader.entity.plan.EntityLoader - Static select for entity org.project.neutrino.nfvo.catalogue.mano.descriptor.InternalVirtualLink [UPGRADE_NOWAIT]: select internalvi0_.id as id1_0_0_, internalvi0_.connectivity_type as connecti2_0_0_, internalvi0_.leaf_requirement as leaf_req3_0_0_, internalvi0_.root_requirement as root_req4_0_0_, internalvi0_.version as version5_0_0_ from internal_virtual_link internalvi0_ where internalvi0_.id=? for update
14:11:15.582 [Test worker] DEBUG o.h.l.p.b.i.spaces.QuerySpacesImpl - Adding QuerySpace : uid = <gen:0> -> org.hibernate.loader.plan.build.internal.spaces.EntityQuerySpaceImpl@37a1c128]
14:11:15.582 [Test worker] DEBUG o.h.p.w.spi.MetamodelGraphWalker - Visiting attribute path : connectivity_type
14:11:15.583 [Test worker] DEBUG o.h.p.w.spi.MetamodelGraphWalker - Visiting attribute path : leaf_requirement
14:11:15.583 [Test worker] DEBUG o.h.p.w.spi.MetamodelGraphWalker - Visiting attribute path : qos
14:11:15.583 [Test worker] DEBUG o.h.p.w.spi.MetamodelGraphWalker - Visiting attribute path : root_requirement
14:11:15.583 [Test worker] DEBUG o.h.p.w.spi.MetamodelGraphWalker - Visiting attribute path : test_access
14:11:15.583 [Test worker] DEBUG o.h.p.w.spi.MetamodelGraphWalker - Visiting attribute path : version
14:11:15.583 [Test worker] DEBUG o.h.p.w.spi.MetamodelGraphWalker - Visiting attribute path : connection_points_references
14:11:15.583 [Test worker] DEBUG o.h.l.p.b.i.spaces.QuerySpacesImpl - Adding QuerySpace : uid = <gen:1> -> org.hibernate.loader.plan.build.internal.spaces.CollectionQuerySpaceImpl@3cb3ada]
14:11:15.583 [Test worker] DEBUG o.h.l.p.b.i.FetchStyleLoadPlanBuildingAssociationVisitationStrategy - Building LoadPlan...
14:11:15.583 [Test worker] DEBUG o.h.l.p.e.i.LoadQueryJoinAndFetchProcessor - processing queryspace <gen:0>
14:11:15.583 [Test worker] DEBUG o.h.l.p.b.spi.LoadPlanTreePrinter - LoadPlan(entity=org.project.neutrino.nfvo.catalogue.mano.descriptor.InternalVirtualLink)
    - Returns
       - EntityReturnImpl(entity=org.project.neutrino.nfvo.catalogue.mano.descriptor.InternalVirtualLink, querySpaceUid=<gen:0>, path=org.project.neutrino.nfvo.catalogue.mano.descriptor.InternalVirtualLink)
          - CollectionAttributeFetchImpl(collection=org.project.neutrino.nfvo.catalogue.mano.descriptor.InternalVirtualLink.connection_points_references, querySpaceUid=<gen:1>, path=org.project.neutrino.nfvo.catalogue.mano.descriptor.InternalVirtualLink.connection_points_references)
    - QuerySpaces
       - EntityQuerySpaceImpl(uid=<gen:0>, entity=org.project.neutrino.nfvo.catalogue.mano.descriptor.InternalVirtualLink)
          - SQL table alias mapping - internalvi0_
          - alias suffix - 0_
          - suffixed key columns - {id1_0_0_}

14:11:15.583 [Test worker] DEBUG o.h.loader.entity.plan.EntityLoader - Static select for entity org.project.neutrino.nfvo.catalogue.mano.descriptor.InternalVirtualLink [UPGRADE_SKIPLOCKED]: select internalvi0_.id as id1_0_0_, internalvi0_.connectivity_type as connecti2_0_0_, internalvi0_.leaf_requirement as leaf_req3_0_0_, internalvi0_.root_requirement as root_req4_0_0_, internalvi0_.version as version5_0_0_ from internal_virtual_link internalvi0_ where internalvi0_.id=? for update
14:11:15.583 [Test worker] DEBUG o.h.l.p.b.i.spaces.QuerySpacesImpl - Adding QuerySpace : uid = <gen:0> -> org.hibernate.loader.plan.build.internal.spaces.EntityQuerySpaceImpl@1384c028]
14:11:15.583 [Test worker] DEBUG o.h.p.w.spi.MetamodelGraphWalker - Visiting attribute path : connectivity_type
14:11:15.584 [Test worker] DEBUG o.h.p.w.spi.MetamodelGraphWalker - Visiting attribute path : leaf_requirement
14:11:15.584 [Test worker] DEBUG o.h.p.w.spi.MetamodelGraphWalker - Visiting attribute path : qos
14:11:15.584 [Test worker] DEBUG o.h.p.w.spi.MetamodelGraphWalker - Visiting attribute path : root_requirement
14:11:15.584 [Test worker] DEBUG o.h.p.w.spi.MetamodelGraphWalker - Visiting attribute path : test_access
14:11:15.584 [Test worker] DEBUG o.h.p.w.spi.MetamodelGraphWalker - Visiting attribute path : version
14:11:15.584 [Test worker] DEBUG o.h.p.w.spi.MetamodelGraphWalker - Visiting attribute path : connection_points_references
14:11:15.584 [Test worker] DEBUG o.h.l.p.b.i.spaces.QuerySpacesImpl - Adding QuerySpace : uid = <gen:1> -> org.hibernate.loader.plan.build.internal.spaces.CollectionQuerySpaceImpl@1783389b]
14:11:15.584 [Test worker] DEBUG o.h.l.p.b.i.FetchStyleLoadPlanBuildingAssociationVisitationStrategy - Building LoadPlan...
14:11:15.584 [Test worker] DEBUG o.h.l.p.e.i.LoadQueryJoinAndFetchProcessor - processing queryspace <gen:0>
14:11:15.584 [Test worker] DEBUG o.h.l.p.b.spi.LoadPlanTreePrinter - LoadPlan(entity=org.project.neutrino.nfvo.catalogue.mano.descriptor.InternalVirtualLink)
    - Returns
       - EntityReturnImpl(entity=org.project.neutrino.nfvo.catalogue.mano.descriptor.InternalVirtualLink, querySpaceUid=<gen:0>, path=org.project.neutrino.nfvo.catalogue.mano.descriptor.InternalVirtualLink)
          - CollectionAttributeFetchImpl(collection=org.project.neutrino.nfvo.catalogue.mano.descriptor.InternalVirtualLink.connection_points_references, querySpaceUid=<gen:1>, path=org.project.neutrino.nfvo.catalogue.mano.descriptor.InternalVirtualLink.connection_points_references)
    - QuerySpaces
       - EntityQuerySpaceImpl(uid=<gen:0>, entity=org.project.neutrino.nfvo.catalogue.mano.descriptor.InternalVirtualLink)
          - SQL table alias mapping - internalvi0_
          - alias suffix - 0_
          - suffixed key columns - {id1_0_0_}

14:11:15.584 [Test worker] DEBUG o.h.loader.entity.plan.EntityLoader - Static select for entity org.project.neutrino.nfvo.catalogue.mano.descriptor.InternalVirtualLink [FORCE]: select internalvi0_.id as id1_0_0_, internalvi0_.connectivity_type as connecti2_0_0_, internalvi0_.leaf_requirement as leaf_req3_0_0_, internalvi0_.root_requirement as root_req4_0_0_, internalvi0_.version as version5_0_0_ from internal_virtual_link internalvi0_ where internalvi0_.id=? for update
14:11:15.585 [Test worker] DEBUG o.h.l.p.b.i.spaces.QuerySpacesImpl - Adding QuerySpace : uid = <gen:0> -> org.hibernate.loader.plan.build.internal.spaces.EntityQuerySpaceImpl@27f9542c]
14:11:15.585 [Test worker] DEBUG o.h.p.w.spi.MetamodelGraphWalker - Visiting attribute path : connectivity_type
14:11:15.585 [Test worker] DEBUG o.h.p.w.spi.MetamodelGraphWalker - Visiting attribute path : leaf_requirement
14:11:15.585 [Test worker] DEBUG o.h.p.w.spi.MetamodelGraphWalker - Visiting attribute path : qos
14:11:15.585 [Test worker] DEBUG o.h.p.w.spi.MetamodelGraphWalker - Visiting attribute path : root_requirement
14:11:15.585 [Test worker] DEBUG o.h.p.w.spi.MetamodelGraphWalker - Visiting attribute path : test_access
14:11:15.585 [Test worker] DEBUG o.h.p.w.spi.MetamodelGraphWalker - Visiting attribute path : version
14:11:15.585 [Test worker] DEBUG o.h.p.w.spi.MetamodelGraphWalker - Visiting attribute path : connection_points_references
14:11:15.585 [Test worker] DEBUG o.h.l.p.b.i.spaces.QuerySpacesImpl - Adding QuerySpace : uid = <gen:1> -> org.hibernate.loader.plan.build.internal.spaces.CollectionQuerySpaceImpl@40d44732]
14:11:15.585 [Test worker] DEBUG o.h.l.p.b.i.FetchStyleLoadPlanBuildingAssociationVisitationStrategy - Building LoadPlan...
14:11:15.585 [Test worker] DEBUG o.h.l.p.e.i.LoadQueryJoinAndFetchProcessor - processing queryspace <gen:0>
14:11:15.585 [Test worker] DEBUG o.h.l.p.b.spi.LoadPlanTreePrinter - LoadPlan(entity=org.project.neutrino.nfvo.catalogue.mano.descriptor.InternalVirtualLink)
    - Returns
       - EntityReturnImpl(entity=org.project.neutrino.nfvo.catalogue.mano.descriptor.InternalVirtualLink, querySpaceUid=<gen:0>, path=org.project.neutrino.nfvo.catalogue.mano.descriptor.InternalVirtualLink)
          - CollectionAttributeFetchImpl(collection=org.project.neutrino.nfvo.catalogue.mano.descriptor.InternalVirtualLink.connection_points_references, querySpaceUid=<gen:1>, path=org.project.neutrino.nfvo.catalogue.mano.descriptor.InternalVirtualLink.connection_points_references)
    - QuerySpaces
       - EntityQuerySpaceImpl(uid=<gen:0>, entity=org.project.neutrino.nfvo.catalogue.mano.descriptor.InternalVirtualLink)
          - SQL table alias mapping - internalvi0_
          - alias suffix - 0_
          - suffixed key columns - {id1_0_0_}

14:11:15.585 [Test worker] DEBUG o.h.loader.entity.plan.EntityLoader - Static select for entity org.project.neutrino.nfvo.catalogue.mano.descriptor.InternalVirtualLink [PESSIMISTIC_READ]: select internalvi0_.id as id1_0_0_, internalvi0_.connectivity_type as connecti2_0_0_, internalvi0_.leaf_requirement as leaf_req3_0_0_, internalvi0_.root_requirement as root_req4_0_0_, internalvi0_.version as version5_0_0_ from internal_virtual_link internalvi0_ where internalvi0_.id=? lock in share mode
14:11:15.585 [Test worker] DEBUG o.h.l.p.b.i.spaces.QuerySpacesImpl - Adding QuerySpace : uid = <gen:0> -> org.hibernate.loader.plan.build.internal.spaces.EntityQuerySpaceImpl@308e44de]
14:11:15.586 [Test worker] DEBUG o.h.p.w.spi.MetamodelGraphWalker - Visiting attribute path : connectivity_type
14:11:15.586 [Test worker] DEBUG o.h.p.w.spi.MetamodelGraphWalker - Visiting attribute path : leaf_requirement
14:11:15.586 [Test worker] DEBUG o.h.p.w.spi.MetamodelGraphWalker - Visiting attribute path : qos
14:11:15.586 [Test worker] DEBUG o.h.p.w.spi.MetamodelGraphWalker - Visiting attribute path : root_requirement
14:11:15.586 [Test worker] DEBUG o.h.p.w.spi.MetamodelGraphWalker - Visiting attribute path : test_access
14:11:15.586 [Test worker] DEBUG o.h.p.w.spi.MetamodelGraphWalker - Visiting attribute path : version
14:11:15.586 [Test worker] DEBUG o.h.p.w.spi.MetamodelGraphWalker - Visiting attribute path : connection_points_references
14:11:15.586 [Test worker] DEBUG o.h.l.p.b.i.spaces.QuerySpacesImpl - Adding QuerySpace : uid = <gen:1> -> org.hibernate.loader.plan.build.internal.spaces.CollectionQuerySpaceImpl@69802dd0]
14:11:15.586 [Test worker] DEBUG o.h.l.p.b.i.FetchStyleLoadPlanBuildingAssociationVisitationStrategy - Building LoadPlan...
14:11:15.586 [Test worker] DEBUG o.h.l.p.e.i.LoadQueryJoinAndFetchProcessor - processing queryspace <gen:0>
14:11:15.586 [Test worker] DEBUG o.h.l.p.b.spi.LoadPlanTreePrinter - LoadPlan(entity=org.project.neutrino.nfvo.catalogue.mano.descriptor.InternalVirtualLink)
    - Returns
       - EntityReturnImpl(entity=org.project.neutrino.nfvo.catalogue.mano.descriptor.InternalVirtualLink, querySpaceUid=<gen:0>, path=org.project.neutrino.nfvo.catalogue.mano.descriptor.InternalVirtualLink)
          - CollectionAttributeFetchImpl(collection=org.project.neutrino.nfvo.catalogue.mano.descriptor.InternalVirtualLink.connection_points_references, querySpaceUid=<gen:1>, path=org.project.neutrino.nfvo.catalogue.mano.descriptor.InternalVirtualLink.connection_points_references)
    - QuerySpaces
       - EntityQuerySpaceImpl(uid=<gen:0>, entity=org.project.neutrino.nfvo.catalogue.mano.descriptor.InternalVirtualLink)
          - SQL table alias mapping - internalvi0_
          - alias suffix - 0_
          - suffixed key columns - {id1_0_0_}

14:11:15.586 [Test worker] DEBUG o.h.loader.entity.plan.EntityLoader - Static select for entity org.project.neutrino.nfvo.catalogue.mano.descriptor.InternalVirtualLink [PESSIMISTIC_WRITE]: select internalvi0_.id as id1_0_0_, internalvi0_.connectivity_type as connecti2_0_0_, internalvi0_.leaf_requirement as leaf_req3_0_0_, internalvi0_.root_requirement as root_req4_0_0_, internalvi0_.version as version5_0_0_ from internal_virtual_link internalvi0_ where internalvi0_.id=? for update
14:11:15.586 [Test worker] DEBUG o.h.l.p.b.i.spaces.QuerySpacesImpl - Adding QuerySpace : uid = <gen:0> -> org.hibernate.loader.plan.build.internal.spaces.EntityQuerySpaceImpl@5e3fe8cc]
14:11:15.586 [Test worker] DEBUG o.h.p.w.spi.MetamodelGraphWalker - Visiting attribute path : connectivity_type
14:11:15.586 [Test worker] DEBUG o.h.p.w.spi.MetamodelGraphWalker - Visiting attribute path : leaf_requirement
14:11:15.586 [Test worker] DEBUG o.h.p.w.spi.MetamodelGraphWalker - Visiting attribute path : qos
14:11:15.586 [Test worker] DEBUG o.h.p.w.spi.MetamodelGraphWalker - Visiting attribute path : root_requirement
14:11:15.586 [Test worker] DEBUG o.h.p.w.spi.MetamodelGraphWalker - Visiting attribute path : test_access
14:11:15.586 [Test worker] DEBUG o.h.p.w.spi.MetamodelGraphWalker - Visiting attribute path : version
14:11:15.586 [Test worker] DEBUG o.h.p.w.spi.MetamodelGraphWalker - Visiting attribute path : connection_points_references
14:11:15.586 [Test worker] DEBUG o.h.l.p.b.i.spaces.QuerySpacesImpl - Adding QuerySpace : uid = <gen:1> -> org.hibernate.loader.plan.build.internal.spaces.CollectionQuerySpaceImpl@1bd61b65]
14:11:15.586 [Test worker] DEBUG o.h.l.p.b.i.FetchStyleLoadPlanBuildingAssociationVisitationStrategy - Building LoadPlan...
14:11:15.586 [Test worker] DEBUG o.h.l.p.e.i.LoadQueryJoinAndFetchProcessor - processing queryspace <gen:0>
14:11:15.587 [Test worker] DEBUG o.h.l.p.b.spi.LoadPlanTreePrinter - LoadPlan(entity=org.project.neutrino.nfvo.catalogue.mano.descriptor.InternalVirtualLink)
    - Returns
       - EntityReturnImpl(entity=org.project.neutrino.nfvo.catalogue.mano.descriptor.InternalVirtualLink, querySpaceUid=<gen:0>, path=org.project.neutrino.nfvo.catalogue.mano.descriptor.InternalVirtualLink)
          - CollectionAttributeFetchImpl(collection=org.project.neutrino.nfvo.catalogue.mano.descriptor.InternalVirtualLink.connection_points_references, querySpaceUid=<gen:1>, path=org.project.neutrino.nfvo.catalogue.mano.descriptor.InternalVirtualLink.connection_points_references)
    - QuerySpaces
       - EntityQuerySpaceImpl(uid=<gen:0>, entity=org.project.neutrino.nfvo.catalogue.mano.descriptor.InternalVirtualLink)
          - SQL table alias mapping - internalvi0_
          - alias suffix - 0_
          - suffixed key columns - {id1_0_0_}

14:11:15.587 [Test worker] DEBUG o.h.loader.entity.plan.EntityLoader - Static select for entity org.project.neutrino.nfvo.catalogue.mano.descriptor.InternalVirtualLink [PESSIMISTIC_FORCE_INCREMENT]: select internalvi0_.id as id1_0_0_, internalvi0_.connectivity_type as connecti2_0_0_, internalvi0_.leaf_requirement as leaf_req3_0_0_, internalvi0_.root_requirement as root_req4_0_0_, internalvi0_.version as version5_0_0_ from internal_virtual_link internalvi0_ where internalvi0_.id=? for update
14:11:15.587 [Test worker] DEBUG o.h.l.p.b.i.spaces.QuerySpacesImpl - Adding QuerySpace : uid = <gen:0> -> org.hibernate.loader.plan.build.internal.spaces.EntityQuerySpaceImpl@5a0922a]
14:11:15.587 [Test worker] DEBUG o.h.p.w.spi.MetamodelGraphWalker - Visiting attribute path : connectivity_type
14:11:15.587 [Test worker] DEBUG o.h.p.w.spi.MetamodelGraphWalker - Visiting attribute path : leaf_requirement
14:11:15.587 [Test worker] DEBUG o.h.p.w.spi.MetamodelGraphWalker - Visiting attribute path : qos
14:11:15.587 [Test worker] DEBUG o.h.p.w.spi.MetamodelGraphWalker - Visiting attribute path : root_requirement
14:11:15.587 [Test worker] DEBUG o.h.p.w.spi.MetamodelGraphWalker - Visiting attribute path : test_access
14:11:15.587 [Test worker] DEBUG o.h.p.w.spi.MetamodelGraphWalker - Visiting attribute path : version
14:11:15.587 [Test worker] DEBUG o.h.p.w.spi.MetamodelGraphWalker - Visiting attribute path : connection_points_references
14:11:15.587 [Test worker] DEBUG o.h.l.p.b.i.spaces.QuerySpacesImpl - Adding QuerySpace : uid = <gen:1> -> org.hibernate.loader.plan.build.internal.spaces.CollectionQuerySpaceImpl@7d209ada]
14:11:15.588 [Test worker] DEBUG o.h.l.p.b.i.FetchStyleLoadPlanBuildingAssociationVisitationStrategy - Building LoadPlan...
14:11:15.588 [Test worker] DEBUG o.h.l.p.e.i.LoadQueryJoinAndFetchProcessor - processing queryspace <gen:0>
14:11:15.588 [Test worker] DEBUG o.h.l.p.b.spi.LoadPlanTreePrinter - LoadPlan(entity=org.project.neutrino.nfvo.catalogue.mano.descriptor.InternalVirtualLink)
    - Returns
       - EntityReturnImpl(entity=org.project.neutrino.nfvo.catalogue.mano.descriptor.InternalVirtualLink, querySpaceUid=<gen:0>, path=org.project.neutrino.nfvo.catalogue.mano.descriptor.InternalVirtualLink)
          - CollectionAttributeFetchImpl(collection=org.project.neutrino.nfvo.catalogue.mano.descriptor.InternalVirtualLink.connection_points_references, querySpaceUid=<gen:1>, path=org.project.neutrino.nfvo.catalogue.mano.descriptor.InternalVirtualLink.connection_points_references)
    - QuerySpaces
       - EntityQuerySpaceImpl(uid=<gen:0>, entity=org.project.neutrino.nfvo.catalogue.mano.descriptor.InternalVirtualLink)
          - SQL table alias mapping - internalvi0_
          - alias suffix - 0_
          - suffixed key columns - {id1_0_0_}

14:11:15.588 [Test worker] DEBUG o.h.loader.entity.plan.EntityLoader - Static select for entity org.project.neutrino.nfvo.catalogue.mano.descriptor.InternalVirtualLink [OPTIMISTIC]: select internalvi0_.id as id1_0_0_, internalvi0_.connectivity_type as connecti2_0_0_, internalvi0_.leaf_requirement as leaf_req3_0_0_, internalvi0_.root_requirement as root_req4_0_0_, internalvi0_.version as version5_0_0_ from internal_virtual_link internalvi0_ where internalvi0_.id=?
14:11:15.588 [Test worker] DEBUG o.h.l.p.b.i.spaces.QuerySpacesImpl - Adding QuerySpace : uid = <gen:0> -> org.hibernate.loader.plan.build.internal.spaces.EntityQuerySpaceImpl@67969e63]
14:11:15.588 [Test worker] DEBUG o.h.p.w.spi.MetamodelGraphWalker - Visiting attribute path : connectivity_type
14:11:15.588 [Test worker] DEBUG o.h.p.w.spi.MetamodelGraphWalker - Visiting attribute path : leaf_requirement
14:11:15.588 [Test worker] DEBUG o.h.p.w.spi.MetamodelGraphWalker - Visiting attribute path : qos
14:11:15.588 [Test worker] DEBUG o.h.p.w.spi.MetamodelGraphWalker - Visiting attribute path : root_requirement
14:11:15.588 [Test worker] DEBUG o.h.p.w.spi.MetamodelGraphWalker - Visiting attribute path : test_access
14:11:15.588 [Test worker] DEBUG o.h.p.w.spi.MetamodelGraphWalker - Visiting attribute path : version
14:11:15.588 [Test worker] DEBUG o.h.p.w.spi.MetamodelGraphWalker - Visiting attribute path : connection_points_references
14:11:15.589 [Test worker] DEBUG o.h.l.p.b.i.spaces.QuerySpacesImpl - Adding QuerySpace : uid = <gen:1> -> org.hibernate.loader.plan.build.internal.spaces.CollectionQuerySpaceImpl@490fbc83]
14:11:15.589 [Test worker] DEBUG o.h.l.p.b.i.FetchStyleLoadPlanBuildingAssociationVisitationStrategy - Building LoadPlan...
14:11:15.589 [Test worker] DEBUG o.h.l.p.e.i.LoadQueryJoinAndFetchProcessor - processing queryspace <gen:0>
14:11:15.589 [Test worker] DEBUG o.h.l.p.b.spi.LoadPlanTreePrinter - LoadPlan(entity=org.project.neutrino.nfvo.catalogue.mano.descriptor.InternalVirtualLink)
    - Returns
       - EntityReturnImpl(entity=org.project.neutrino.nfvo.catalogue.mano.descriptor.InternalVirtualLink, querySpaceUid=<gen:0>, path=org.project.neutrino.nfvo.catalogue.mano.descriptor.InternalVirtualLink)
          - CollectionAttributeFetchImpl(collection=org.project.neutrino.nfvo.catalogue.mano.descriptor.InternalVirtualLink.connection_points_references, querySpaceUid=<gen:1>, path=org.project.neutrino.nfvo.catalogue.mano.descriptor.InternalVirtualLink.connection_points_references)
    - QuerySpaces
       - EntityQuerySpaceImpl(uid=<gen:0>, entity=org.project.neutrino.nfvo.catalogue.mano.descriptor.InternalVirtualLink)
          - SQL table alias mapping - internalvi0_
          - alias suffix - 0_
          - suffixed key columns - {id1_0_0_}

14:11:15.589 [Test worker] DEBUG o.h.loader.entity.plan.EntityLoader - Static select for entity org.project.neutrino.nfvo.catalogue.mano.descriptor.InternalVirtualLink [OPTIMISTIC_FORCE_INCREMENT]: select internalvi0_.id as id1_0_0_, internalvi0_.connectivity_type as connecti2_0_0_, internalvi0_.leaf_requirement as leaf_req3_0_0_, internalvi0_.root_requirement as root_req4_0_0_, internalvi0_.version as version5_0_0_ from internal_virtual_link internalvi0_ where internalvi0_.id=?
14:11:15.589 [Test worker] DEBUG org.hibernate.loader.Loader - Static select for action ACTION_MERGE on entity org.project.neutrino.nfvo.catalogue.mano.descriptor.InternalVirtualLink: select internalvi0_.id as id1_0_0_, internalvi0_.connectivity_type as connecti2_0_0_, internalvi0_.leaf_requirement as leaf_req3_0_0_, internalvi0_.root_requirement as root_req4_0_0_, internalvi0_.version as version5_0_0_ from internal_virtual_link internalvi0_ where internalvi0_.id=?
14:11:15.589 [Test worker] DEBUG org.hibernate.loader.Loader - Static select for action ACTION_REFRESH on entity org.project.neutrino.nfvo.catalogue.mano.descriptor.InternalVirtualLink: select internalvi0_.id as id1_0_0_, internalvi0_.connectivity_type as connecti2_0_0_, internalvi0_.leaf_requirement as leaf_req3_0_0_, internalvi0_.root_requirement as root_req4_0_0_, internalvi0_.version as version5_0_0_ from internal_virtual_link internalvi0_ where internalvi0_.id=?
14:11:15.590 [Test worker] DEBUG o.h.p.entity.AbstractEntityPersister - Static SQL for entity: org.project.neutrino.nfvo.catalogue.mano.descriptor.VNFForwardingGraph
14:11:15.590 [Test worker] DEBUG o.h.p.entity.AbstractEntityPersister -  Version select: select hb_version from vnfforwarding_graph where id =?
14:11:15.590 [Test worker] DEBUG o.h.p.entity.AbstractEntityPersister -  Snapshot select: select vnfforward_.id, vnfforward_.descriptor_version as descript2_87_, vnfforward_.hb_version as hb_versi3_87_, vnfforward_.number_of_endpoints as number_o4_87_, vnfforward_.number_of_virtual_links as number_o5_87_, vnfforward_.vendor as vendor6_87_, vnfforward_.version as version7_87_, vnfforward_.vnffgd_security_id as vnffgd_s8_87_ from vnfforwarding_graph vnfforward_ where vnfforward_.id=?
14:11:15.590 [Test worker] DEBUG o.h.p.entity.AbstractEntityPersister -  Insert 0: insert into vnfforwarding_graph (descriptor_version, hb_version, number_of_endpoints, number_of_virtual_links, vendor, version, vnffgd_security_id, id) values (?, ?, ?, ?, ?, ?, ?, ?)
14:11:15.590 [Test worker] DEBUG o.h.p.entity.AbstractEntityPersister -  Update 0: update vnfforwarding_graph set descriptor_version=?, hb_version=?, number_of_endpoints=?, number_of_virtual_links=?, vendor=?, version=?, vnffgd_security_id=? where id=? and hb_version=?
14:11:15.590 [Test worker] DEBUG o.h.p.entity.AbstractEntityPersister -  Delete 0: delete from vnfforwarding_graph where id=? and hb_version=?
14:11:15.590 [Test worker] DEBUG o.h.l.p.b.i.spaces.QuerySpacesImpl - Adding QuerySpace : uid = <gen:0> -> org.hibernate.loader.plan.build.internal.spaces.EntityQuerySpaceImpl@282161ee]
14:11:15.590 [Test worker] DEBUG o.h.p.w.spi.MetamodelGraphWalker - Visiting attribute path : connection_point
14:11:15.590 [Test worker] DEBUG o.h.p.w.spi.MetamodelGraphWalker - Visiting attribute path : constituent_vnfs
14:11:15.590 [Test worker] DEBUG o.h.p.w.spi.MetamodelGraphWalker - Visiting attribute path : dependent_virtual_link
14:11:15.590 [Test worker] DEBUG o.h.p.w.spi.MetamodelGraphWalker - Visiting attribute path : descriptor_version
14:11:15.590 [Test worker] DEBUG o.h.p.w.spi.MetamodelGraphWalker - Visiting attribute path : hb_version
14:11:15.590 [Test worker] DEBUG o.h.p.w.spi.MetamodelGraphWalker - Visiting attribute path : network_forwarding_path
14:11:15.590 [Test worker] DEBUG o.h.p.w.spi.MetamodelGraphWalker - Visiting attribute path : number_of_endpoints
14:11:15.590 [Test worker] DEBUG o.h.p.w.spi.MetamodelGraphWalker - Visiting attribute path : number_of_virtual_links
14:11:15.590 [Test worker] DEBUG o.h.p.w.spi.MetamodelGraphWalker - Visiting attribute path : vendor
14:11:15.590 [Test worker] DEBUG o.h.p.w.spi.MetamodelGraphWalker - Visiting attribute path : version
14:11:15.590 [Test worker] DEBUG o.h.p.w.spi.MetamodelGraphWalker - Visiting attribute path : vnffgd_security
14:11:15.590 [Test worker] DEBUG o.h.l.p.b.i.spaces.QuerySpacesImpl - Adding QuerySpace : uid = <gen:1> -> org.hibernate.loader.plan.build.internal.spaces.EntityQuerySpaceImpl@19d87396]
14:11:15.590 [Test worker] DEBUG o.h.p.w.spi.MetamodelGraphWalker - Visiting attribute path : vnffgd_security.version
14:11:15.590 [Test worker] DEBUG o.h.l.p.b.i.FetchStyleLoadPlanBuildingAssociationVisitationStrategy - Building LoadPlan...
14:11:15.591 [Test worker] DEBUG o.h.l.p.e.i.LoadQueryJoinAndFetchProcessor - processing queryspace <gen:0>
14:11:15.591 [Test worker] DEBUG o.h.l.p.b.spi.LoadPlanTreePrinter - LoadPlan(entity=org.project.neutrino.nfvo.catalogue.mano.descriptor.VNFForwardingGraph)
    - Returns
       - EntityReturnImpl(entity=org.project.neutrino.nfvo.catalogue.mano.descriptor.VNFForwardingGraph, querySpaceUid=<gen:0>, path=org.project.neutrino.nfvo.catalogue.mano.descriptor.VNFForwardingGraph)
          - EntityAttributeFetchImpl(entity=org.project.neutrino.nfvo.catalogue.mano.common.Security, querySpaceUid=<gen:1>, path=org.project.neutrino.nfvo.catalogue.mano.descriptor.VNFForwardingGraph.vnffgd_security)
    - QuerySpaces
       - EntityQuerySpaceImpl(uid=<gen:0>, entity=org.project.neutrino.nfvo.catalogue.mano.descriptor.VNFForwardingGraph)
          - SQL table alias mapping - vnfforward0_
          - alias suffix - 0_
          - suffixed key columns - {id1_87_0_}
          - JOIN (JoinDefinedByMetadata(vnffgd_security)) : <gen:0> -> <gen:1>
             - EntityQuerySpaceImpl(uid=<gen:1>, entity=org.project.neutrino.nfvo.catalogue.mano.common.Security)
                - SQL table alias mapping - security1_
                - alias suffix - 1_
                - suffixed key columns - {id1_43_1_}

14:11:15.591 [Test worker] DEBUG o.h.loader.entity.plan.EntityLoader - Static select for entity org.project.neutrino.nfvo.catalogue.mano.descriptor.VNFForwardingGraph [NONE]: select vnfforward0_.id as id1_87_0_, vnfforward0_.descriptor_version as descript2_87_0_, vnfforward0_.hb_version as hb_versi3_87_0_, vnfforward0_.number_of_endpoints as number_o4_87_0_, vnfforward0_.number_of_virtual_links as number_o5_87_0_, vnfforward0_.vendor as vendor6_87_0_, vnfforward0_.version as version7_87_0_, vnfforward0_.vnffgd_security_id as vnffgd_s8_87_0_, security1_.id as id1_43_1_, security1_.version as version2_43_1_ from vnfforwarding_graph vnfforward0_ left outer join security security1_ on vnfforward0_.vnffgd_security_id=security1_.id where vnfforward0_.id=?
14:11:15.591 [Test worker] DEBUG o.h.l.p.b.i.spaces.QuerySpacesImpl - Adding QuerySpace : uid = <gen:0> -> org.hibernate.loader.plan.build.internal.spaces.EntityQuerySpaceImpl@61bf1c70]
14:11:15.591 [Test worker] DEBUG o.h.p.w.spi.MetamodelGraphWalker - Visiting attribute path : connection_point
14:11:15.591 [Test worker] DEBUG o.h.p.w.spi.MetamodelGraphWalker - Visiting attribute path : constituent_vnfs
14:11:15.591 [Test worker] DEBUG o.h.p.w.spi.MetamodelGraphWalker - Visiting attribute path : dependent_virtual_link
14:11:15.591 [Test worker] DEBUG o.h.p.w.spi.MetamodelGraphWalker - Visiting attribute path : descriptor_version
14:11:15.591 [Test worker] DEBUG o.h.p.w.spi.MetamodelGraphWalker - Visiting attribute path : hb_version
14:11:15.591 [Test worker] DEBUG o.h.p.w.spi.MetamodelGraphWalker - Visiting attribute path : network_forwarding_path
14:11:15.591 [Test worker] DEBUG o.h.p.w.spi.MetamodelGraphWalker - Visiting attribute path : number_of_endpoints
14:11:15.591 [Test worker] DEBUG o.h.p.w.spi.MetamodelGraphWalker - Visiting attribute path : number_of_virtual_links
14:11:15.591 [Test worker] DEBUG o.h.p.w.spi.MetamodelGraphWalker - Visiting attribute path : vendor
14:11:15.591 [Test worker] DEBUG o.h.p.w.spi.MetamodelGraphWalker - Visiting attribute path : version
14:11:15.591 [Test worker] DEBUG o.h.p.w.spi.MetamodelGraphWalker - Visiting attribute path : vnffgd_security
14:11:15.591 [Test worker] DEBUG o.h.l.p.b.i.spaces.QuerySpacesImpl - Adding QuerySpace : uid = <gen:1> -> org.hibernate.loader.plan.build.internal.spaces.EntityQuerySpaceImpl@23d6a184]
14:11:15.591 [Test worker] DEBUG o.h.p.w.spi.MetamodelGraphWalker - Visiting attribute path : vnffgd_security.version
14:11:15.591 [Test worker] DEBUG o.h.l.p.b.i.FetchStyleLoadPlanBuildingAssociationVisitationStrategy - Building LoadPlan...
14:11:15.591 [Test worker] DEBUG o.h.l.p.e.i.LoadQueryJoinAndFetchProcessor - processing queryspace <gen:0>
14:11:15.592 [Test worker] DEBUG o.h.l.p.b.spi.LoadPlanTreePrinter - LoadPlan(entity=org.project.neutrino.nfvo.catalogue.mano.descriptor.VNFForwardingGraph)
    - Returns
       - EntityReturnImpl(entity=org.project.neutrino.nfvo.catalogue.mano.descriptor.VNFForwardingGraph, querySpaceUid=<gen:0>, path=org.project.neutrino.nfvo.catalogue.mano.descriptor.VNFForwardingGraph)
          - EntityAttributeFetchImpl(entity=org.project.neutrino.nfvo.catalogue.mano.common.Security, querySpaceUid=<gen:1>, path=org.project.neutrino.nfvo.catalogue.mano.descriptor.VNFForwardingGraph.vnffgd_security)
    - QuerySpaces
       - EntityQuerySpaceImpl(uid=<gen:0>, entity=org.project.neutrino.nfvo.catalogue.mano.descriptor.VNFForwardingGraph)
          - SQL table alias mapping - vnfforward0_
          - alias suffix - 0_
          - suffixed key columns - {id1_87_0_}
          - JOIN (JoinDefinedByMetadata(vnffgd_security)) : <gen:0> -> <gen:1>
             - EntityQuerySpaceImpl(uid=<gen:1>, entity=org.project.neutrino.nfvo.catalogue.mano.common.Security)
                - SQL table alias mapping - security1_
                - alias suffix - 1_
                - suffixed key columns - {id1_43_1_}

14:11:15.592 [Test worker] DEBUG o.h.loader.entity.plan.EntityLoader - Static select for entity org.project.neutrino.nfvo.catalogue.mano.descriptor.VNFForwardingGraph [READ]: select vnfforward0_.id as id1_87_0_, vnfforward0_.descriptor_version as descript2_87_0_, vnfforward0_.hb_version as hb_versi3_87_0_, vnfforward0_.number_of_endpoints as number_o4_87_0_, vnfforward0_.number_of_virtual_links as number_o5_87_0_, vnfforward0_.vendor as vendor6_87_0_, vnfforward0_.version as version7_87_0_, vnfforward0_.vnffgd_security_id as vnffgd_s8_87_0_, security1_.id as id1_43_1_, security1_.version as version2_43_1_ from vnfforwarding_graph vnfforward0_ left outer join security security1_ on vnfforward0_.vnffgd_security_id=security1_.id where vnfforward0_.id=?
14:11:15.592 [Test worker] DEBUG o.h.l.p.b.i.spaces.QuerySpacesImpl - Adding QuerySpace : uid = <gen:0> -> org.hibernate.loader.plan.build.internal.spaces.EntityQuerySpaceImpl@26b4c4cb]
14:11:15.592 [Test worker] DEBUG o.h.p.w.spi.MetamodelGraphWalker - Visiting attribute path : connection_point
14:11:15.592 [Test worker] DEBUG o.h.p.w.spi.MetamodelGraphWalker - Visiting attribute path : constituent_vnfs
14:11:15.592 [Test worker] DEBUG o.h.p.w.spi.MetamodelGraphWalker - Visiting attribute path : dependent_virtual_link
14:11:15.592 [Test worker] DEBUG o.h.p.w.spi.MetamodelGraphWalker - Visiting attribute path : descriptor_version
14:11:15.592 [Test worker] DEBUG o.h.p.w.spi.MetamodelGraphWalker - Visiting attribute path : hb_version
14:11:15.592 [Test worker] DEBUG o.h.p.w.spi.MetamodelGraphWalker - Visiting attribute path : network_forwarding_path
14:11:15.592 [Test worker] DEBUG o.h.p.w.spi.MetamodelGraphWalker - Visiting attribute path : number_of_endpoints
14:11:15.592 [Test worker] DEBUG o.h.p.w.spi.MetamodelGraphWalker - Visiting attribute path : number_of_virtual_links
14:11:15.592 [Test worker] DEBUG o.h.p.w.spi.MetamodelGraphWalker - Visiting attribute path : vendor
14:11:15.592 [Test worker] DEBUG o.h.p.w.spi.MetamodelGraphWalker - Visiting attribute path : version
14:11:15.592 [Test worker] DEBUG o.h.p.w.spi.MetamodelGraphWalker - Visiting attribute path : vnffgd_security
14:11:15.592 [Test worker] DEBUG o.h.l.p.b.i.spaces.QuerySpacesImpl - Adding QuerySpace : uid = <gen:1> -> org.hibernate.loader.plan.build.internal.spaces.EntityQuerySpaceImpl@1b8ca1c0]
14:11:15.592 [Test worker] DEBUG o.h.l.p.b.i.FetchStyleLoadPlanBuildingAssociationVisitationStrategy - Building LoadPlan...
14:11:15.592 [Test worker] DEBUG o.h.l.p.e.i.LoadQueryJoinAndFetchProcessor - processing queryspace <gen:0>
14:11:15.592 [Test worker] DEBUG o.h.l.p.b.spi.LoadPlanTreePrinter - LoadPlan(entity=org.project.neutrino.nfvo.catalogue.mano.descriptor.VNFForwardingGraph)
    - Returns
       - EntityReturnImpl(entity=org.project.neutrino.nfvo.catalogue.mano.descriptor.VNFForwardingGraph, querySpaceUid=<gen:0>, path=org.project.neutrino.nfvo.catalogue.mano.descriptor.VNFForwardingGraph)
          - EntityAttributeFetchImpl(entity=org.project.neutrino.nfvo.catalogue.mano.common.Security, querySpaceUid=<gen:1>, path=org.project.neutrino.nfvo.catalogue.mano.descriptor.VNFForwardingGraph.vnffgd_security)
    - QuerySpaces
       - EntityQuerySpaceImpl(uid=<gen:0>, entity=org.project.neutrino.nfvo.catalogue.mano.descriptor.VNFForwardingGraph)
          - SQL table alias mapping - vnfforward0_
          - alias suffix - 0_
          - suffixed key columns - {id1_87_0_}

14:11:15.592 [Test worker] DEBUG o.h.loader.entity.plan.EntityLoader - Static select for entity org.project.neutrino.nfvo.catalogue.mano.descriptor.VNFForwardingGraph [UPGRADE]: select vnfforward0_.id as id1_87_0_, vnfforward0_.descriptor_version as descript2_87_0_, vnfforward0_.hb_version as hb_versi3_87_0_, vnfforward0_.number_of_endpoints as number_o4_87_0_, vnfforward0_.number_of_virtual_links as number_o5_87_0_, vnfforward0_.vendor as vendor6_87_0_, vnfforward0_.version as version7_87_0_, vnfforward0_.vnffgd_security_id as vnffgd_s8_87_0_ from vnfforwarding_graph vnfforward0_ where vnfforward0_.id=? for update
14:11:15.592 [Test worker] DEBUG o.h.l.p.b.i.spaces.QuerySpacesImpl - Adding QuerySpace : uid = <gen:0> -> org.hibernate.loader.plan.build.internal.spaces.EntityQuerySpaceImpl@2dcf5261]
14:11:15.592 [Test worker] DEBUG o.h.p.w.spi.MetamodelGraphWalker - Visiting attribute path : connection_point
14:11:15.592 [Test worker] DEBUG o.h.p.w.spi.MetamodelGraphWalker - Visiting attribute path : constituent_vnfs
14:11:15.593 [Test worker] DEBUG o.h.p.w.spi.MetamodelGraphWalker - Visiting attribute path : dependent_virtual_link
14:11:15.593 [Test worker] DEBUG o.h.p.w.spi.MetamodelGraphWalker - Visiting attribute path : descriptor_version
14:11:15.593 [Test worker] DEBUG o.h.p.w.spi.MetamodelGraphWalker - Visiting attribute path : hb_version
14:11:15.593 [Test worker] DEBUG o.h.p.w.spi.MetamodelGraphWalker - Visiting attribute path : network_forwarding_path
14:11:15.593 [Test worker] DEBUG o.h.p.w.spi.MetamodelGraphWalker - Visiting attribute path : number_of_endpoints
14:11:15.593 [Test worker] DEBUG o.h.p.w.spi.MetamodelGraphWalker - Visiting attribute path : number_of_virtual_links
14:11:15.593 [Test worker] DEBUG o.h.p.w.spi.MetamodelGraphWalker - Visiting attribute path : vendor
14:11:15.593 [Test worker] DEBUG o.h.p.w.spi.MetamodelGraphWalker - Visiting attribute path : version
14:11:15.593 [Test worker] DEBUG o.h.p.w.spi.MetamodelGraphWalker - Visiting attribute path : vnffgd_security
14:11:15.593 [Test worker] DEBUG o.h.l.p.b.i.spaces.QuerySpacesImpl - Adding QuerySpace : uid = <gen:1> -> org.hibernate.loader.plan.build.internal.spaces.EntityQuerySpaceImpl@bf31d53]
14:11:15.593 [Test worker] DEBUG o.h.l.p.b.i.FetchStyleLoadPlanBuildingAssociationVisitationStrategy - Building LoadPlan...
14:11:15.593 [Test worker] DEBUG o.h.l.p.e.i.LoadQueryJoinAndFetchProcessor - processing queryspace <gen:0>
14:11:15.593 [Test worker] DEBUG o.h.l.p.b.spi.LoadPlanTreePrinter - LoadPlan(entity=org.project.neutrino.nfvo.catalogue.mano.descriptor.VNFForwardingGraph)
    - Returns
       - EntityReturnImpl(entity=org.project.neutrino.nfvo.catalogue.mano.descriptor.VNFForwardingGraph, querySpaceUid=<gen:0>, path=org.project.neutrino.nfvo.catalogue.mano.descriptor.VNFForwardingGraph)
          - EntityAttributeFetchImpl(entity=org.project.neutrino.nfvo.catalogue.mano.common.Security, querySpaceUid=<gen:1>, path=org.project.neutrino.nfvo.catalogue.mano.descriptor.VNFForwardingGraph.vnffgd_security)
    - QuerySpaces
       - EntityQuerySpaceImpl(uid=<gen:0>, entity=org.project.neutrino.nfvo.catalogue.mano.descriptor.VNFForwardingGraph)
          - SQL table alias mapping - vnfforward0_
          - alias suffix - 0_
          - suffixed key columns - {id1_87_0_}

14:11:15.593 [Test worker] DEBUG o.h.loader.entity.plan.EntityLoader - Static select for entity org.project.neutrino.nfvo.catalogue.mano.descriptor.VNFForwardingGraph [UPGRADE_NOWAIT]: select vnfforward0_.id as id1_87_0_, vnfforward0_.descriptor_version as descript2_87_0_, vnfforward0_.hb_version as hb_versi3_87_0_, vnfforward0_.number_of_endpoints as number_o4_87_0_, vnfforward0_.number_of_virtual_links as number_o5_87_0_, vnfforward0_.vendor as vendor6_87_0_, vnfforward0_.version as version7_87_0_, vnfforward0_.vnffgd_security_id as vnffgd_s8_87_0_ from vnfforwarding_graph vnfforward0_ where vnfforward0_.id=? for update
14:11:15.593 [Test worker] DEBUG o.h.l.p.b.i.spaces.QuerySpacesImpl - Adding QuerySpace : uid = <gen:0> -> org.hibernate.loader.plan.build.internal.spaces.EntityQuerySpaceImpl@60a3a46]
14:11:15.593 [Test worker] DEBUG o.h.p.w.spi.MetamodelGraphWalker - Visiting attribute path : connection_point
14:11:15.593 [Test worker] DEBUG o.h.p.w.spi.MetamodelGraphWalker - Visiting attribute path : constituent_vnfs
14:11:15.593 [Test worker] DEBUG o.h.p.w.spi.MetamodelGraphWalker - Visiting attribute path : dependent_virtual_link
14:11:15.593 [Test worker] DEBUG o.h.p.w.spi.MetamodelGraphWalker - Visiting attribute path : descriptor_version
14:11:15.593 [Test worker] DEBUG o.h.p.w.spi.MetamodelGraphWalker - Visiting attribute path : hb_version
14:11:15.593 [Test worker] DEBUG o.h.p.w.spi.MetamodelGraphWalker - Visiting attribute path : network_forwarding_path
14:11:15.593 [Test worker] DEBUG o.h.p.w.spi.MetamodelGraphWalker - Visiting attribute path : number_of_endpoints
14:11:15.593 [Test worker] DEBUG o.h.p.w.spi.MetamodelGraphWalker - Visiting attribute path : number_of_virtual_links
14:11:15.593 [Test worker] DEBUG o.h.p.w.spi.MetamodelGraphWalker - Visiting attribute path : vendor
14:11:15.593 [Test worker] DEBUG o.h.p.w.spi.MetamodelGraphWalker - Visiting attribute path : version
14:11:15.593 [Test worker] DEBUG o.h.p.w.spi.MetamodelGraphWalker - Visiting attribute path : vnffgd_security
14:11:15.593 [Test worker] DEBUG o.h.l.p.b.i.spaces.QuerySpacesImpl - Adding QuerySpace : uid = <gen:1> -> org.hibernate.loader.plan.build.internal.spaces.EntityQuerySpaceImpl@18241b10]
14:11:15.596 [Test worker] DEBUG o.h.l.p.b.i.FetchStyleLoadPlanBuildingAssociationVisitationStrategy - Building LoadPlan...
14:11:15.601 [Test worker] DEBUG o.h.l.p.e.i.LoadQueryJoinAndFetchProcessor - processing queryspace <gen:0>
14:11:15.602 [Test worker] DEBUG o.h.l.p.b.spi.LoadPlanTreePrinter - LoadPlan(entity=org.project.neutrino.nfvo.catalogue.mano.descriptor.VNFForwardingGraph)
    - Returns
       - EntityReturnImpl(entity=org.project.neutrino.nfvo.catalogue.mano.descriptor.VNFForwardingGraph, querySpaceUid=<gen:0>, path=org.project.neutrino.nfvo.catalogue.mano.descriptor.VNFForwardingGraph)
          - EntityAttributeFetchImpl(entity=org.project.neutrino.nfvo.catalogue.mano.common.Security, querySpaceUid=<gen:1>, path=org.project.neutrino.nfvo.catalogue.mano.descriptor.VNFForwardingGraph.vnffgd_security)
    - QuerySpaces
       - EntityQuerySpaceImpl(uid=<gen:0>, entity=org.project.neutrino.nfvo.catalogue.mano.descriptor.VNFForwardingGraph)
          - SQL table alias mapping - vnfforward0_
          - alias suffix - 0_
          - suffixed key columns - {id1_87_0_}

14:11:15.602 [Test worker] DEBUG o.h.loader.entity.plan.EntityLoader - Static select for entity org.project.neutrino.nfvo.catalogue.mano.descriptor.VNFForwardingGraph [UPGRADE_SKIPLOCKED]: select vnfforward0_.id as id1_87_0_, vnfforward0_.descriptor_version as descript2_87_0_, vnfforward0_.hb_version as hb_versi3_87_0_, vnfforward0_.number_of_endpoints as number_o4_87_0_, vnfforward0_.number_of_virtual_links as number_o5_87_0_, vnfforward0_.vendor as vendor6_87_0_, vnfforward0_.version as version7_87_0_, vnfforward0_.vnffgd_security_id as vnffgd_s8_87_0_ from vnfforwarding_graph vnfforward0_ where vnfforward0_.id=? for update
14:11:15.602 [Test worker] DEBUG o.h.l.p.b.i.spaces.QuerySpacesImpl - Adding QuerySpace : uid = <gen:0> -> org.hibernate.loader.plan.build.internal.spaces.EntityQuerySpaceImpl@6a6cc3d1]
14:11:15.602 [Test worker] DEBUG o.h.p.w.spi.MetamodelGraphWalker - Visiting attribute path : connection_point
14:11:15.602 [Test worker] DEBUG o.h.p.w.spi.MetamodelGraphWalker - Visiting attribute path : constituent_vnfs
14:11:15.602 [Test worker] DEBUG o.h.p.w.spi.MetamodelGraphWalker - Visiting attribute path : dependent_virtual_link
14:11:15.602 [Test worker] DEBUG o.h.p.w.spi.MetamodelGraphWalker - Visiting attribute path : descriptor_version
14:11:15.602 [Test worker] DEBUG o.h.p.w.spi.MetamodelGraphWalker - Visiting attribute path : hb_version
14:11:15.602 [Test worker] DEBUG o.h.p.w.spi.MetamodelGraphWalker - Visiting attribute path : network_forwarding_path
14:11:15.602 [Test worker] DEBUG o.h.p.w.spi.MetamodelGraphWalker - Visiting attribute path : number_of_endpoints
14:11:15.602 [Test worker] DEBUG o.h.p.w.spi.MetamodelGraphWalker - Visiting attribute path : number_of_virtual_links
14:11:15.602 [Test worker] DEBUG o.h.p.w.spi.MetamodelGraphWalker - Visiting attribute path : vendor
14:11:15.602 [Test worker] DEBUG o.h.p.w.spi.MetamodelGraphWalker - Visiting attribute path : version
14:11:15.602 [Test worker] DEBUG o.h.p.w.spi.MetamodelGraphWalker - Visiting attribute path : vnffgd_security
14:11:15.602 [Test worker] DEBUG o.h.l.p.b.i.spaces.QuerySpacesImpl - Adding QuerySpace : uid = <gen:1> -> org.hibernate.loader.plan.build.internal.spaces.EntityQuerySpaceImpl@23776914]
14:11:15.602 [Test worker] DEBUG o.h.l.p.b.i.FetchStyleLoadPlanBuildingAssociationVisitationStrategy - Building LoadPlan...
14:11:15.602 [Test worker] DEBUG o.h.l.p.e.i.LoadQueryJoinAndFetchProcessor - processing queryspace <gen:0>
14:11:15.603 [Test worker] DEBUG o.h.l.p.b.spi.LoadPlanTreePrinter - LoadPlan(entity=org.project.neutrino.nfvo.catalogue.mano.descriptor.VNFForwardingGraph)
    - Returns
       - EntityReturnImpl(entity=org.project.neutrino.nfvo.catalogue.mano.descriptor.VNFForwardingGraph, querySpaceUid=<gen:0>, path=org.project.neutrino.nfvo.catalogue.mano.descriptor.VNFForwardingGraph)
          - EntityAttributeFetchImpl(entity=org.project.neutrino.nfvo.catalogue.mano.common.Security, querySpaceUid=<gen:1>, path=org.project.neutrino.nfvo.catalogue.mano.descriptor.VNFForwardingGraph.vnffgd_security)
    - QuerySpaces
       - EntityQuerySpaceImpl(uid=<gen:0>, entity=org.project.neutrino.nfvo.catalogue.mano.descriptor.VNFForwardingGraph)
          - SQL table alias mapping - vnfforward0_
          - alias suffix - 0_
          - suffixed key columns - {id1_87_0_}

14:11:15.603 [Test worker] DEBUG o.h.loader.entity.plan.EntityLoader - Static select for entity org.project.neutrino.nfvo.catalogue.mano.descriptor.VNFForwardingGraph [FORCE]: select vnfforward0_.id as id1_87_0_, vnfforward0_.descriptor_version as descript2_87_0_, vnfforward0_.hb_version as hb_versi3_87_0_, vnfforward0_.number_of_endpoints as number_o4_87_0_, vnfforward0_.number_of_virtual_links as number_o5_87_0_, vnfforward0_.vendor as vendor6_87_0_, vnfforward0_.version as version7_87_0_, vnfforward0_.vnffgd_security_id as vnffgd_s8_87_0_ from vnfforwarding_graph vnfforward0_ where vnfforward0_.id=? for update
14:11:15.603 [Test worker] DEBUG o.h.l.p.b.i.spaces.QuerySpacesImpl - Adding QuerySpace : uid = <gen:0> -> org.hibernate.loader.plan.build.internal.spaces.EntityQuerySpaceImpl@7493b23c]
14:11:15.603 [Test worker] DEBUG o.h.p.w.spi.MetamodelGraphWalker - Visiting attribute path : connection_point
14:11:15.603 [Test worker] DEBUG o.h.p.w.spi.MetamodelGraphWalker - Visiting attribute path : constituent_vnfs
14:11:15.603 [Test worker] DEBUG o.h.p.w.spi.MetamodelGraphWalker - Visiting attribute path : dependent_virtual_link
14:11:15.603 [Test worker] DEBUG o.h.p.w.spi.MetamodelGraphWalker - Visiting attribute path : descriptor_version
14:11:15.603 [Test worker] DEBUG o.h.p.w.spi.MetamodelGraphWalker - Visiting attribute path : hb_version
14:11:15.603 [Test worker] DEBUG o.h.p.w.spi.MetamodelGraphWalker - Visiting attribute path : network_forwarding_path
14:11:15.603 [Test worker] DEBUG o.h.p.w.spi.MetamodelGraphWalker - Visiting attribute path : number_of_endpoints
14:11:15.603 [Test worker] DEBUG o.h.p.w.spi.MetamodelGraphWalker - Visiting attribute path : number_of_virtual_links
14:11:15.603 [Test worker] DEBUG o.h.p.w.spi.MetamodelGraphWalker - Visiting attribute path : vendor
14:11:15.603 [Test worker] DEBUG o.h.p.w.spi.MetamodelGraphWalker - Visiting attribute path : version
14:11:15.603 [Test worker] DEBUG o.h.p.w.spi.MetamodelGraphWalker - Visiting attribute path : vnffgd_security
14:11:15.603 [Test worker] DEBUG o.h.l.p.b.i.spaces.QuerySpacesImpl - Adding QuerySpace : uid = <gen:1> -> org.hibernate.loader.plan.build.internal.spaces.EntityQuerySpaceImpl@2e9f560]
14:11:15.603 [Test worker] DEBUG o.h.l.p.b.i.FetchStyleLoadPlanBuildingAssociationVisitationStrategy - Building LoadPlan...
14:11:15.603 [Test worker] DEBUG o.h.l.p.e.i.LoadQueryJoinAndFetchProcessor - processing queryspace <gen:0>
14:11:15.603 [Test worker] DEBUG o.h.l.p.b.spi.LoadPlanTreePrinter - LoadPlan(entity=org.project.neutrino.nfvo.catalogue.mano.descriptor.VNFForwardingGraph)
    - Returns
       - EntityReturnImpl(entity=org.project.neutrino.nfvo.catalogue.mano.descriptor.VNFForwardingGraph, querySpaceUid=<gen:0>, path=org.project.neutrino.nfvo.catalogue.mano.descriptor.VNFForwardingGraph)
          - EntityAttributeFetchImpl(entity=org.project.neutrino.nfvo.catalogue.mano.common.Security, querySpaceUid=<gen:1>, path=org.project.neutrino.nfvo.catalogue.mano.descriptor.VNFForwardingGraph.vnffgd_security)
    - QuerySpaces
       - EntityQuerySpaceImpl(uid=<gen:0>, entity=org.project.neutrino.nfvo.catalogue.mano.descriptor.VNFForwardingGraph)
          - SQL table alias mapping - vnfforward0_
          - alias suffix - 0_
          - suffixed key columns - {id1_87_0_}

14:11:15.603 [Test worker] DEBUG o.h.loader.entity.plan.EntityLoader - Static select for entity org.project.neutrino.nfvo.catalogue.mano.descriptor.VNFForwardingGraph [PESSIMISTIC_READ]: select vnfforward0_.id as id1_87_0_, vnfforward0_.descriptor_version as descript2_87_0_, vnfforward0_.hb_version as hb_versi3_87_0_, vnfforward0_.number_of_endpoints as number_o4_87_0_, vnfforward0_.number_of_virtual_links as number_o5_87_0_, vnfforward0_.vendor as vendor6_87_0_, vnfforward0_.version as version7_87_0_, vnfforward0_.vnffgd_security_id as vnffgd_s8_87_0_ from vnfforwarding_graph vnfforward0_ where vnfforward0_.id=? lock in share mode
14:11:15.604 [Test worker] DEBUG o.h.l.p.b.i.spaces.QuerySpacesImpl - Adding QuerySpace : uid = <gen:0> -> org.hibernate.loader.plan.build.internal.spaces.EntityQuerySpaceImpl@4dec731e]
14:11:15.604 [Test worker] DEBUG o.h.p.w.spi.MetamodelGraphWalker - Visiting attribute path : connection_point
14:11:15.604 [Test worker] DEBUG o.h.p.w.spi.MetamodelGraphWalker - Visiting attribute path : constituent_vnfs
14:11:15.604 [Test worker] DEBUG o.h.p.w.spi.MetamodelGraphWalker - Visiting attribute path : dependent_virtual_link
14:11:15.604 [Test worker] DEBUG o.h.p.w.spi.MetamodelGraphWalker - Visiting attribute path : descriptor_version
14:11:15.604 [Test worker] DEBUG o.h.p.w.spi.MetamodelGraphWalker - Visiting attribute path : hb_version
14:11:15.604 [Test worker] DEBUG o.h.p.w.spi.MetamodelGraphWalker - Visiting attribute path : network_forwarding_path
14:11:15.604 [Test worker] DEBUG o.h.p.w.spi.MetamodelGraphWalker - Visiting attribute path : number_of_endpoints
14:11:15.604 [Test worker] DEBUG o.h.p.w.spi.MetamodelGraphWalker - Visiting attribute path : number_of_virtual_links
14:11:15.604 [Test worker] DEBUG o.h.p.w.spi.MetamodelGraphWalker - Visiting attribute path : vendor
14:11:15.604 [Test worker] DEBUG o.h.p.w.spi.MetamodelGraphWalker - Visiting attribute path : version
14:11:15.604 [Test worker] DEBUG o.h.p.w.spi.MetamodelGraphWalker - Visiting attribute path : vnffgd_security
14:11:15.607 [Test worker] DEBUG o.h.l.p.b.i.spaces.QuerySpacesImpl - Adding QuerySpace : uid = <gen:1> -> org.hibernate.loader.plan.build.internal.spaces.EntityQuerySpaceImpl@130124d4]
14:11:15.607 [Test worker] DEBUG o.h.l.p.b.i.FetchStyleLoadPlanBuildingAssociationVisitationStrategy - Building LoadPlan...
14:11:15.608 [Test worker] DEBUG o.h.l.p.e.i.LoadQueryJoinAndFetchProcessor - processing queryspace <gen:0>
14:11:15.608 [Test worker] DEBUG o.h.l.p.b.spi.LoadPlanTreePrinter - LoadPlan(entity=org.project.neutrino.nfvo.catalogue.mano.descriptor.VNFForwardingGraph)
    - Returns
       - EntityReturnImpl(entity=org.project.neutrino.nfvo.catalogue.mano.descriptor.VNFForwardingGraph, querySpaceUid=<gen:0>, path=org.project.neutrino.nfvo.catalogue.mano.descriptor.VNFForwardingGraph)
          - EntityAttributeFetchImpl(entity=org.project.neutrino.nfvo.catalogue.mano.common.Security, querySpaceUid=<gen:1>, path=org.project.neutrino.nfvo.catalogue.mano.descriptor.VNFForwardingGraph.vnffgd_security)
    - QuerySpaces
       - EntityQuerySpaceImpl(uid=<gen:0>, entity=org.project.neutrino.nfvo.catalogue.mano.descriptor.VNFForwardingGraph)
          - SQL table alias mapping - vnfforward0_
          - alias suffix - 0_
          - suffixed key columns - {id1_87_0_}

14:11:15.608 [Test worker] DEBUG o.h.loader.entity.plan.EntityLoader - Static select for entity org.project.neutrino.nfvo.catalogue.mano.descriptor.VNFForwardingGraph [PESSIMISTIC_WRITE]: select vnfforward0_.id as id1_87_0_, vnfforward0_.descriptor_version as descript2_87_0_, vnfforward0_.hb_version as hb_versi3_87_0_, vnfforward0_.number_of_endpoints as number_o4_87_0_, vnfforward0_.number_of_virtual_links as number_o5_87_0_, vnfforward0_.vendor as vendor6_87_0_, vnfforward0_.version as version7_87_0_, vnfforward0_.vnffgd_security_id as vnffgd_s8_87_0_ from vnfforwarding_graph vnfforward0_ where vnfforward0_.id=? for update
14:11:15.609 [Test worker] DEBUG o.h.l.p.b.i.spaces.QuerySpacesImpl - Adding QuerySpace : uid = <gen:0> -> org.hibernate.loader.plan.build.internal.spaces.EntityQuerySpaceImpl@3018e40b]
14:11:15.609 [Test worker] DEBUG o.h.p.w.spi.MetamodelGraphWalker - Visiting attribute path : connection_point
14:11:15.609 [Test worker] DEBUG o.h.p.w.spi.MetamodelGraphWalker - Visiting attribute path : constituent_vnfs
14:11:15.609 [Test worker] DEBUG o.h.p.w.spi.MetamodelGraphWalker - Visiting attribute path : dependent_virtual_link
14:11:15.609 [Test worker] DEBUG o.h.p.w.spi.MetamodelGraphWalker - Visiting attribute path : descriptor_version
14:11:15.609 [Test worker] DEBUG o.h.p.w.spi.MetamodelGraphWalker - Visiting attribute path : hb_version
14:11:15.609 [Test worker] DEBUG o.h.p.w.spi.MetamodelGraphWalker - Visiting attribute path : network_forwarding_path
14:11:15.609 [Test worker] DEBUG o.h.p.w.spi.MetamodelGraphWalker - Visiting attribute path : number_of_endpoints
14:11:15.609 [Test worker] DEBUG o.h.p.w.spi.MetamodelGraphWalker - Visiting attribute path : number_of_virtual_links
14:11:15.609 [Test worker] DEBUG o.h.p.w.spi.MetamodelGraphWalker - Visiting attribute path : vendor
14:11:15.609 [Test worker] DEBUG o.h.p.w.spi.MetamodelGraphWalker - Visiting attribute path : version
14:11:15.609 [Test worker] DEBUG o.h.p.w.spi.MetamodelGraphWalker - Visiting attribute path : vnffgd_security
14:11:15.610 [Test worker] DEBUG o.h.l.p.b.i.spaces.QuerySpacesImpl - Adding QuerySpace : uid = <gen:1> -> org.hibernate.loader.plan.build.internal.spaces.EntityQuerySpaceImpl@429ec89f]
14:11:15.610 [Test worker] DEBUG o.h.l.p.b.i.FetchStyleLoadPlanBuildingAssociationVisitationStrategy - Building LoadPlan...
14:11:15.610 [Test worker] DEBUG o.h.l.p.e.i.LoadQueryJoinAndFetchProcessor - processing queryspace <gen:0>
14:11:15.610 [Test worker] DEBUG o.h.l.p.b.spi.LoadPlanTreePrinter - LoadPlan(entity=org.project.neutrino.nfvo.catalogue.mano.descriptor.VNFForwardingGraph)
    - Returns
       - EntityReturnImpl(entity=org.project.neutrino.nfvo.catalogue.mano.descriptor.VNFForwardingGraph, querySpaceUid=<gen:0>, path=org.project.neutrino.nfvo.catalogue.mano.descriptor.VNFForwardingGraph)
          - EntityAttributeFetchImpl(entity=org.project.neutrino.nfvo.catalogue.mano.common.Security, querySpaceUid=<gen:1>, path=org.project.neutrino.nfvo.catalogue.mano.descriptor.VNFForwardingGraph.vnffgd_security)
    - QuerySpaces
       - EntityQuerySpaceImpl(uid=<gen:0>, entity=org.project.neutrino.nfvo.catalogue.mano.descriptor.VNFForwardingGraph)
          - SQL table alias mapping - vnfforward0_
          - alias suffix - 0_
          - suffixed key columns - {id1_87_0_}

14:11:15.611 [Test worker] DEBUG o.h.loader.entity.plan.EntityLoader - Static select for entity org.project.neutrino.nfvo.catalogue.mano.descriptor.VNFForwardingGraph [PESSIMISTIC_FORCE_INCREMENT]: select vnfforward0_.id as id1_87_0_, vnfforward0_.descriptor_version as descript2_87_0_, vnfforward0_.hb_version as hb_versi3_87_0_, vnfforward0_.number_of_endpoints as number_o4_87_0_, vnfforward0_.number_of_virtual_links as number_o5_87_0_, vnfforward0_.vendor as vendor6_87_0_, vnfforward0_.version as version7_87_0_, vnfforward0_.vnffgd_security_id as vnffgd_s8_87_0_ from vnfforwarding_graph vnfforward0_ where vnfforward0_.id=? for update
14:11:15.611 [Test worker] DEBUG o.h.l.p.b.i.spaces.QuerySpacesImpl - Adding QuerySpace : uid = <gen:0> -> org.hibernate.loader.plan.build.internal.spaces.EntityQuerySpaceImpl@468560e4]
14:11:15.611 [Test worker] DEBUG o.h.p.w.spi.MetamodelGraphWalker - Visiting attribute path : connection_point
14:11:15.611 [Test worker] DEBUG o.h.p.w.spi.MetamodelGraphWalker - Visiting attribute path : constituent_vnfs
14:11:15.611 [Test worker] DEBUG o.h.p.w.spi.MetamodelGraphWalker - Visiting attribute path : dependent_virtual_link
14:11:15.611 [Test worker] DEBUG o.h.p.w.spi.MetamodelGraphWalker - Visiting attribute path : descriptor_version
14:11:15.611 [Test worker] DEBUG o.h.p.w.spi.MetamodelGraphWalker - Visiting attribute path : hb_version
14:11:15.611 [Test worker] DEBUG o.h.p.w.spi.MetamodelGraphWalker - Visiting attribute path : network_forwarding_path
14:11:15.611 [Test worker] DEBUG o.h.p.w.spi.MetamodelGraphWalker - Visiting attribute path : number_of_endpoints
14:11:15.611 [Test worker] DEBUG o.h.p.w.spi.MetamodelGraphWalker - Visiting attribute path : number_of_virtual_links
14:11:15.611 [Test worker] DEBUG o.h.p.w.spi.MetamodelGraphWalker - Visiting attribute path : vendor
14:11:15.611 [Test worker] DEBUG o.h.p.w.spi.MetamodelGraphWalker - Visiting attribute path : version
14:11:15.611 [Test worker] DEBUG o.h.p.w.spi.MetamodelGraphWalker - Visiting attribute path : vnffgd_security
14:11:15.611 [Test worker] DEBUG o.h.l.p.b.i.spaces.QuerySpacesImpl - Adding QuerySpace : uid = <gen:1> -> org.hibernate.loader.plan.build.internal.spaces.EntityQuerySpaceImpl@63629237]
14:11:15.612 [Test worker] DEBUG o.h.l.p.b.i.FetchStyleLoadPlanBuildingAssociationVisitationStrategy - Building LoadPlan...
14:11:15.612 [Test worker] DEBUG o.h.l.p.e.i.LoadQueryJoinAndFetchProcessor - processing queryspace <gen:0>
14:11:15.612 [Test worker] DEBUG o.h.l.p.b.spi.LoadPlanTreePrinter - LoadPlan(entity=org.project.neutrino.nfvo.catalogue.mano.descriptor.VNFForwardingGraph)
    - Returns
       - EntityReturnImpl(entity=org.project.neutrino.nfvo.catalogue.mano.descriptor.VNFForwardingGraph, querySpaceUid=<gen:0>, path=org.project.neutrino.nfvo.catalogue.mano.descriptor.VNFForwardingGraph)
          - EntityAttributeFetchImpl(entity=org.project.neutrino.nfvo.catalogue.mano.common.Security, querySpaceUid=<gen:1>, path=org.project.neutrino.nfvo.catalogue.mano.descriptor.VNFForwardingGraph.vnffgd_security)
    - QuerySpaces
       - EntityQuerySpaceImpl(uid=<gen:0>, entity=org.project.neutrino.nfvo.catalogue.mano.descriptor.VNFForwardingGraph)
          - SQL table alias mapping - vnfforward0_
          - alias suffix - 0_
          - suffixed key columns - {id1_87_0_}

14:11:15.612 [Test worker] DEBUG o.h.loader.entity.plan.EntityLoader - Static select for entity org.project.neutrino.nfvo.catalogue.mano.descriptor.VNFForwardingGraph [OPTIMISTIC]: select vnfforward0_.id as id1_87_0_, vnfforward0_.descriptor_version as descript2_87_0_, vnfforward0_.hb_version as hb_versi3_87_0_, vnfforward0_.number_of_endpoints as number_o4_87_0_, vnfforward0_.number_of_virtual_links as number_o5_87_0_, vnfforward0_.vendor as vendor6_87_0_, vnfforward0_.version as version7_87_0_, vnfforward0_.vnffgd_security_id as vnffgd_s8_87_0_ from vnfforwarding_graph vnfforward0_ where vnfforward0_.id=?
14:11:15.612 [Test worker] DEBUG o.h.l.p.b.i.spaces.QuerySpacesImpl - Adding QuerySpace : uid = <gen:0> -> org.hibernate.loader.plan.build.internal.spaces.EntityQuerySpaceImpl@5c6d8bda]
14:11:15.612 [Test worker] DEBUG o.h.p.w.spi.MetamodelGraphWalker - Visiting attribute path : connection_point
14:11:15.612 [Test worker] DEBUG o.h.p.w.spi.MetamodelGraphWalker - Visiting attribute path : constituent_vnfs
14:11:15.613 [Test worker] DEBUG o.h.p.w.spi.MetamodelGraphWalker - Visiting attribute path : dependent_virtual_link
14:11:15.613 [Test worker] DEBUG o.h.p.w.spi.MetamodelGraphWalker - Visiting attribute path : descriptor_version
14:11:15.613 [Test worker] DEBUG o.h.p.w.spi.MetamodelGraphWalker - Visiting attribute path : hb_version
14:11:15.613 [Test worker] DEBUG o.h.p.w.spi.MetamodelGraphWalker - Visiting attribute path : network_forwarding_path
14:11:15.613 [Test worker] DEBUG o.h.p.w.spi.MetamodelGraphWalker - Visiting attribute path : number_of_endpoints
14:11:15.613 [Test worker] DEBUG o.h.p.w.spi.MetamodelGraphWalker - Visiting attribute path : number_of_virtual_links
14:11:15.613 [Test worker] DEBUG o.h.p.w.spi.MetamodelGraphWalker - Visiting attribute path : vendor
14:11:15.613 [Test worker] DEBUG o.h.p.w.spi.MetamodelGraphWalker - Visiting attribute path : version
14:11:15.613 [Test worker] DEBUG o.h.p.w.spi.MetamodelGraphWalker - Visiting attribute path : vnffgd_security
14:11:15.613 [Test worker] DEBUG o.h.l.p.b.i.spaces.QuerySpacesImpl - Adding QuerySpace : uid = <gen:1> -> org.hibernate.loader.plan.build.internal.spaces.EntityQuerySpaceImpl@69346f6a]
14:11:15.613 [Test worker] DEBUG o.h.l.p.b.i.FetchStyleLoadPlanBuildingAssociationVisitationStrategy - Building LoadPlan...
14:11:15.613 [Test worker] DEBUG o.h.l.p.e.i.LoadQueryJoinAndFetchProcessor - processing queryspace <gen:0>
14:11:15.613 [Test worker] DEBUG o.h.l.p.b.spi.LoadPlanTreePrinter - LoadPlan(entity=org.project.neutrino.nfvo.catalogue.mano.descriptor.VNFForwardingGraph)
    - Returns
       - EntityReturnImpl(entity=org.project.neutrino.nfvo.catalogue.mano.descriptor.VNFForwardingGraph, querySpaceUid=<gen:0>, path=org.project.neutrino.nfvo.catalogue.mano.descriptor.VNFForwardingGraph)
          - EntityAttributeFetchImpl(entity=org.project.neutrino.nfvo.catalogue.mano.common.Security, querySpaceUid=<gen:1>, path=org.project.neutrino.nfvo.catalogue.mano.descriptor.VNFForwardingGraph.vnffgd_security)
    - QuerySpaces
       - EntityQuerySpaceImpl(uid=<gen:0>, entity=org.project.neutrino.nfvo.catalogue.mano.descriptor.VNFForwardingGraph)
          - SQL table alias mapping - vnfforward0_
          - alias suffix - 0_
          - suffixed key columns - {id1_87_0_}

14:11:15.614 [Test worker] DEBUG o.h.loader.entity.plan.EntityLoader - Static select for entity org.project.neutrino.nfvo.catalogue.mano.descriptor.VNFForwardingGraph [OPTIMISTIC_FORCE_INCREMENT]: select vnfforward0_.id as id1_87_0_, vnfforward0_.descriptor_version as descript2_87_0_, vnfforward0_.hb_version as hb_versi3_87_0_, vnfforward0_.number_of_endpoints as number_o4_87_0_, vnfforward0_.number_of_virtual_links as number_o5_87_0_, vnfforward0_.vendor as vendor6_87_0_, vnfforward0_.version as version7_87_0_, vnfforward0_.vnffgd_security_id as vnffgd_s8_87_0_ from vnfforwarding_graph vnfforward0_ where vnfforward0_.id=?
14:11:15.614 [Test worker] DEBUG org.hibernate.loader.Loader - Static select for action ACTION_MERGE on entity org.project.neutrino.nfvo.catalogue.mano.descriptor.VNFForwardingGraph: select vnfforward0_.id as id1_87_2_, vnfforward0_.descriptor_version as descript2_87_2_, vnfforward0_.hb_version as hb_versi3_87_2_, vnfforward0_.number_of_endpoints as number_o4_87_2_, vnfforward0_.number_of_virtual_links as number_o5_87_2_, vnfforward0_.vendor as vendor6_87_2_, vnfforward0_.version as version7_87_2_, vnfforward0_.vnffgd_security_id as vnffgd_s8_87_2_, connection1_.vnfforwarding_graph_id as vnfforwa1_87_4_, connection2_.id as connecti2_88_4_, connection2_.id as id1_4_0_, connection2_.type as type2_4_0_, connection2_.version as version3_4_0_, connection2_.virtual_link_reference as virtual_1_82_0_, connection2_.clazz_ as clazz_0_, security3_.id as id1_43_1_, security3_.version as version2_43_1_ from vnfforwarding_graph vnfforward0_ left outer join vnfforwarding_graph_connection_point connection1_ on vnfforward0_.id=connection1_.vnfforwarding_graph_id left outer join ( select id, type, version, null as virtual_link_reference, 0 as clazz_ from connection_point union select id, type, version, virtual_link_reference, 1 as clazz_ from vnfdconnection_point ) connection2_ on connection1_.connection_point_id=connection2_.id left outer join security security3_ on vnfforward0_.vnffgd_security_id=security3_.id where vnfforward0_.id=?
14:11:15.614 [Test worker] DEBUG org.hibernate.loader.Loader - Static select for action ACTION_REFRESH on entity org.project.neutrino.nfvo.catalogue.mano.descriptor.VNFForwardingGraph: select vnfforward0_.id as id1_87_2_, vnfforward0_.descriptor_version as descript2_87_2_, vnfforward0_.hb_version as hb_versi3_87_2_, vnfforward0_.number_of_endpoints as number_o4_87_2_, vnfforward0_.number_of_virtual_links as number_o5_87_2_, vnfforward0_.vendor as vendor6_87_2_, vnfforward0_.version as version7_87_2_, vnfforward0_.vnffgd_security_id as vnffgd_s8_87_2_, connection1_.vnfforwarding_graph_id as vnfforwa1_87_4_, connection2_.id as connecti2_88_4_, connection2_.id as id1_4_0_, connection2_.type as type2_4_0_, connection2_.version as version3_4_0_, connection2_.virtual_link_reference as virtual_1_82_0_, connection2_.clazz_ as clazz_0_, security3_.id as id1_43_1_, security3_.version as version2_43_1_ from vnfforwarding_graph vnfforward0_ left outer join vnfforwarding_graph_connection_point connection1_ on vnfforward0_.id=connection1_.vnfforwarding_graph_id left outer join ( select id, type, version, null as virtual_link_reference, 0 as clazz_ from connection_point union select id, type, version, virtual_link_reference, 1 as clazz_ from vnfdconnection_point ) connection2_ on connection1_.connection_point_id=connection2_.id left outer join security security3_ on vnfforward0_.vnffgd_security_id=security3_.id where vnfforward0_.id=?
14:11:15.615 [Test worker] DEBUG o.h.p.entity.AbstractEntityPersister - Static SQL for entity: org.project.neutrino.nfvo.catalogue.mano.descriptor.VirtualLinkDescriptor
14:11:15.615 [Test worker] DEBUG o.h.p.entity.AbstractEntityPersister -  Version select: select version from virtual_link_descriptor where id =?
14:11:15.615 [Test worker] DEBUG o.h.p.entity.AbstractEntityPersister -  Snapshot select: select virtuallin_.id, virtuallin_.connectivity_type as connecti2_0_, virtuallin_.leaf_requirement as leaf_req3_0_, virtuallin_.root_requirement as root_req4_0_, virtuallin_.version as version5_0_, virtuallin_.descriptor_version as descript1_52_, virtuallin_.number_of_endpoints as number_o2_52_, virtuallin_.vendor as vendor3_52_, virtuallin_.vld_security_id as vld_secu4_52_ from virtual_link_descriptor virtuallin_ where virtuallin_.id=?
14:11:15.615 [Test worker] DEBUG o.h.p.entity.AbstractEntityPersister -  Insert 0: insert into virtual_link_descriptor (connectivity_type, leaf_requirement, root_requirement, version, descriptor_version, number_of_endpoints, vendor, vld_security_id, id) values (?, ?, ?, ?, ?, ?, ?, ?, ?)
14:11:15.615 [Test worker] DEBUG o.h.p.entity.AbstractEntityPersister -  Update 0: update virtual_link_descriptor set connectivity_type=?, leaf_requirement=?, root_requirement=?, version=?, descriptor_version=?, number_of_endpoints=?, vendor=?, vld_security_id=? where id=? and version=?
14:11:15.615 [Test worker] DEBUG o.h.p.entity.AbstractEntityPersister -  Delete 0: delete from virtual_link_descriptor where id=? and version=?
14:11:15.615 [Test worker] DEBUG o.h.l.p.b.i.spaces.QuerySpacesImpl - Adding QuerySpace : uid = <gen:0> -> org.hibernate.loader.plan.build.internal.spaces.EntityQuerySpaceImpl@717ece1b]
14:11:15.615 [Test worker] DEBUG o.h.p.w.spi.MetamodelGraphWalker - Visiting attribute path : connectivity_type
14:11:15.615 [Test worker] DEBUG o.h.p.w.spi.MetamodelGraphWalker - Visiting attribute path : leaf_requirement
14:11:15.615 [Test worker] DEBUG o.h.p.w.spi.MetamodelGraphWalker - Visiting attribute path : qos
14:11:15.615 [Test worker] DEBUG o.h.p.w.spi.MetamodelGraphWalker - Visiting attribute path : root_requirement
14:11:15.615 [Test worker] DEBUG o.h.p.w.spi.MetamodelGraphWalker - Visiting attribute path : test_access
14:11:15.615 [Test worker] DEBUG o.h.p.w.spi.MetamodelGraphWalker - Visiting attribute path : version
14:11:15.615 [Test worker] DEBUG o.h.p.w.spi.MetamodelGraphWalker - Visiting attribute path : connection
14:11:15.615 [Test worker] DEBUG o.h.p.w.spi.MetamodelGraphWalker - Visiting attribute path : descriptor_version
14:11:15.615 [Test worker] DEBUG o.h.p.w.spi.MetamodelGraphWalker - Visiting attribute path : number_of_endpoints
14:11:15.615 [Test worker] DEBUG o.h.p.w.spi.MetamodelGraphWalker - Visiting attribute path : vendor
14:11:15.615 [Test worker] DEBUG o.h.p.w.spi.MetamodelGraphWalker - Visiting attribute path : vld_security
14:11:15.615 [Test worker] DEBUG o.h.l.p.b.i.spaces.QuerySpacesImpl - Adding QuerySpace : uid = <gen:1> -> org.hibernate.loader.plan.build.internal.spaces.EntityQuerySpaceImpl@1c91f372]
14:11:15.615 [Test worker] DEBUG o.h.p.w.spi.MetamodelGraphWalker - Visiting attribute path : vld_security.version
14:11:15.615 [Test worker] DEBUG o.h.l.p.b.i.FetchStyleLoadPlanBuildingAssociationVisitationStrategy - Building LoadPlan...
14:11:15.615 [Test worker] DEBUG o.h.l.p.e.i.LoadQueryJoinAndFetchProcessor - processing queryspace <gen:0>
14:11:15.616 [Test worker] DEBUG o.h.l.p.b.spi.LoadPlanTreePrinter - LoadPlan(entity=org.project.neutrino.nfvo.catalogue.mano.descriptor.VirtualLinkDescriptor)
    - Returns
       - EntityReturnImpl(entity=org.project.neutrino.nfvo.catalogue.mano.descriptor.VirtualLinkDescriptor, querySpaceUid=<gen:0>, path=org.project.neutrino.nfvo.catalogue.mano.descriptor.VirtualLinkDescriptor)
          - EntityAttributeFetchImpl(entity=org.project.neutrino.nfvo.catalogue.mano.common.Security, querySpaceUid=<gen:1>, path=org.project.neutrino.nfvo.catalogue.mano.descriptor.VirtualLinkDescriptor.vld_security)
    - QuerySpaces
       - EntityQuerySpaceImpl(uid=<gen:0>, entity=org.project.neutrino.nfvo.catalogue.mano.descriptor.VirtualLinkDescriptor)
          - SQL table alias mapping - virtuallin0_
          - alias suffix - 0_
          - suffixed key columns - {id1_0_0_}
          - JOIN (JoinDefinedByMetadata(vld_security)) : <gen:0> -> <gen:1>
             - EntityQuerySpaceImpl(uid=<gen:1>, entity=org.project.neutrino.nfvo.catalogue.mano.common.Security)
                - SQL table alias mapping - security1_
                - alias suffix - 1_
                - suffixed key columns - {id1_43_1_}

14:11:15.616 [Test worker] DEBUG o.h.loader.entity.plan.EntityLoader - Static select for entity org.project.neutrino.nfvo.catalogue.mano.descriptor.VirtualLinkDescriptor [NONE]: select virtuallin0_.id as id1_0_0_, virtuallin0_.connectivity_type as connecti2_0_0_, virtuallin0_.leaf_requirement as leaf_req3_0_0_, virtuallin0_.root_requirement as root_req4_0_0_, virtuallin0_.version as version5_0_0_, virtuallin0_.descriptor_version as descript1_52_0_, virtuallin0_.number_of_endpoints as number_o2_52_0_, virtuallin0_.vendor as vendor3_52_0_, virtuallin0_.vld_security_id as vld_secu4_52_0_, security1_.id as id1_43_1_, security1_.version as version2_43_1_ from virtual_link_descriptor virtuallin0_ left outer join security security1_ on virtuallin0_.vld_security_id=security1_.id where virtuallin0_.id=?
14:11:15.616 [Test worker] DEBUG o.h.l.p.b.i.spaces.QuerySpacesImpl - Adding QuerySpace : uid = <gen:0> -> org.hibernate.loader.plan.build.internal.spaces.EntityQuerySpaceImpl@1b9c11eb]
14:11:15.616 [Test worker] DEBUG o.h.p.w.spi.MetamodelGraphWalker - Visiting attribute path : connectivity_type
14:11:15.616 [Test worker] DEBUG o.h.p.w.spi.MetamodelGraphWalker - Visiting attribute path : leaf_requirement
14:11:15.616 [Test worker] DEBUG o.h.p.w.spi.MetamodelGraphWalker - Visiting attribute path : qos
14:11:15.616 [Test worker] DEBUG o.h.p.w.spi.MetamodelGraphWalker - Visiting attribute path : root_requirement
14:11:15.616 [Test worker] DEBUG o.h.p.w.spi.MetamodelGraphWalker - Visiting attribute path : test_access
14:11:15.616 [Test worker] DEBUG o.h.p.w.spi.MetamodelGraphWalker - Visiting attribute path : version
14:11:15.616 [Test worker] DEBUG o.h.p.w.spi.MetamodelGraphWalker - Visiting attribute path : connection
14:11:15.616 [Test worker] DEBUG o.h.p.w.spi.MetamodelGraphWalker - Visiting attribute path : descriptor_version
14:11:15.616 [Test worker] DEBUG o.h.p.w.spi.MetamodelGraphWalker - Visiting attribute path : number_of_endpoints
14:11:15.616 [Test worker] DEBUG o.h.p.w.spi.MetamodelGraphWalker - Visiting attribute path : vendor
14:11:15.616 [Test worker] DEBUG o.h.p.w.spi.MetamodelGraphWalker - Visiting attribute path : vld_security
14:11:15.616 [Test worker] DEBUG o.h.l.p.b.i.spaces.QuerySpacesImpl - Adding QuerySpace : uid = <gen:1> -> org.hibernate.loader.plan.build.internal.spaces.EntityQuerySpaceImpl@80fd41d]
14:11:15.616 [Test worker] DEBUG o.h.p.w.spi.MetamodelGraphWalker - Visiting attribute path : vld_security.version
14:11:15.616 [Test worker] DEBUG o.h.l.p.b.i.FetchStyleLoadPlanBuildingAssociationVisitationStrategy - Building LoadPlan...
14:11:15.616 [Test worker] DEBUG o.h.l.p.e.i.LoadQueryJoinAndFetchProcessor - processing queryspace <gen:0>
14:11:15.617 [Test worker] DEBUG o.h.l.p.b.spi.LoadPlanTreePrinter - LoadPlan(entity=org.project.neutrino.nfvo.catalogue.mano.descriptor.VirtualLinkDescriptor)
    - Returns
       - EntityReturnImpl(entity=org.project.neutrino.nfvo.catalogue.mano.descriptor.VirtualLinkDescriptor, querySpaceUid=<gen:0>, path=org.project.neutrino.nfvo.catalogue.mano.descriptor.VirtualLinkDescriptor)
          - EntityAttributeFetchImpl(entity=org.project.neutrino.nfvo.catalogue.mano.common.Security, querySpaceUid=<gen:1>, path=org.project.neutrino.nfvo.catalogue.mano.descriptor.VirtualLinkDescriptor.vld_security)
    - QuerySpaces
       - EntityQuerySpaceImpl(uid=<gen:0>, entity=org.project.neutrino.nfvo.catalogue.mano.descriptor.VirtualLinkDescriptor)
          - SQL table alias mapping - virtuallin0_
          - alias suffix - 0_
          - suffixed key columns - {id1_0_0_}
          - JOIN (JoinDefinedByMetadata(vld_security)) : <gen:0> -> <gen:1>
             - EntityQuerySpaceImpl(uid=<gen:1>, entity=org.project.neutrino.nfvo.catalogue.mano.common.Security)
                - SQL table alias mapping - security1_
                - alias suffix - 1_
                - suffixed key columns - {id1_43_1_}

14:11:15.617 [Test worker] DEBUG o.h.loader.entity.plan.EntityLoader - Static select for entity org.project.neutrino.nfvo.catalogue.mano.descriptor.VirtualLinkDescriptor [READ]: select virtuallin0_.id as id1_0_0_, virtuallin0_.connectivity_type as connecti2_0_0_, virtuallin0_.leaf_requirement as leaf_req3_0_0_, virtuallin0_.root_requirement as root_req4_0_0_, virtuallin0_.version as version5_0_0_, virtuallin0_.descriptor_version as descript1_52_0_, virtuallin0_.number_of_endpoints as number_o2_52_0_, virtuallin0_.vendor as vendor3_52_0_, virtuallin0_.vld_security_id as vld_secu4_52_0_, security1_.id as id1_43_1_, security1_.version as version2_43_1_ from virtual_link_descriptor virtuallin0_ left outer join security security1_ on virtuallin0_.vld_security_id=security1_.id where virtuallin0_.id=?
14:11:15.617 [Test worker] DEBUG o.h.l.p.b.i.spaces.QuerySpacesImpl - Adding QuerySpace : uid = <gen:0> -> org.hibernate.loader.plan.build.internal.spaces.EntityQuerySpaceImpl@4e42b9fd]
14:11:15.617 [Test worker] DEBUG o.h.p.w.spi.MetamodelGraphWalker - Visiting attribute path : connectivity_type
14:11:15.617 [Test worker] DEBUG o.h.p.w.spi.MetamodelGraphWalker - Visiting attribute path : leaf_requirement
14:11:15.617 [Test worker] DEBUG o.h.p.w.spi.MetamodelGraphWalker - Visiting attribute path : qos
14:11:15.617 [Test worker] DEBUG o.h.p.w.spi.MetamodelGraphWalker - Visiting attribute path : root_requirement
14:11:15.617 [Test worker] DEBUG o.h.p.w.spi.MetamodelGraphWalker - Visiting attribute path : test_access
14:11:15.618 [Test worker] DEBUG o.h.p.w.spi.MetamodelGraphWalker - Visiting attribute path : version
14:11:15.618 [Test worker] DEBUG o.h.p.w.spi.MetamodelGraphWalker - Visiting attribute path : connection
14:11:15.618 [Test worker] DEBUG o.h.p.w.spi.MetamodelGraphWalker - Visiting attribute path : descriptor_version
14:11:15.618 [Test worker] DEBUG o.h.p.w.spi.MetamodelGraphWalker - Visiting attribute path : number_of_endpoints
14:11:15.618 [Test worker] DEBUG o.h.p.w.spi.MetamodelGraphWalker - Visiting attribute path : vendor
14:11:15.618 [Test worker] DEBUG o.h.p.w.spi.MetamodelGraphWalker - Visiting attribute path : vld_security
14:11:15.618 [Test worker] DEBUG o.h.l.p.b.i.spaces.QuerySpacesImpl - Adding QuerySpace : uid = <gen:1> -> org.hibernate.loader.plan.build.internal.spaces.EntityQuerySpaceImpl@1ebdbc05]
14:11:15.618 [Test worker] DEBUG o.h.l.p.b.i.FetchStyleLoadPlanBuildingAssociationVisitationStrategy - Building LoadPlan...
14:11:15.618 [Test worker] DEBUG o.h.l.p.e.i.LoadQueryJoinAndFetchProcessor - processing queryspace <gen:0>
14:11:15.618 [Test worker] DEBUG o.h.l.p.b.spi.LoadPlanTreePrinter - LoadPlan(entity=org.project.neutrino.nfvo.catalogue.mano.descriptor.VirtualLinkDescriptor)
    - Returns
       - EntityReturnImpl(entity=org.project.neutrino.nfvo.catalogue.mano.descriptor.VirtualLinkDescriptor, querySpaceUid=<gen:0>, path=org.project.neutrino.nfvo.catalogue.mano.descriptor.VirtualLinkDescriptor)
          - EntityAttributeFetchImpl(entity=org.project.neutrino.nfvo.catalogue.mano.common.Security, querySpaceUid=<gen:1>, path=org.project.neutrino.nfvo.catalogue.mano.descriptor.VirtualLinkDescriptor.vld_security)
    - QuerySpaces
       - EntityQuerySpaceImpl(uid=<gen:0>, entity=org.project.neutrino.nfvo.catalogue.mano.descriptor.VirtualLinkDescriptor)
          - SQL table alias mapping - virtuallin0_
          - alias suffix - 0_
          - suffixed key columns - {id1_0_0_}

14:11:15.618 [Test worker] DEBUG o.h.loader.entity.plan.EntityLoader - Static select for entity org.project.neutrino.nfvo.catalogue.mano.descriptor.VirtualLinkDescriptor [UPGRADE]: select virtuallin0_.id as id1_0_0_, virtuallin0_.connectivity_type as connecti2_0_0_, virtuallin0_.leaf_requirement as leaf_req3_0_0_, virtuallin0_.root_requirement as root_req4_0_0_, virtuallin0_.version as version5_0_0_, virtuallin0_.descriptor_version as descript1_52_0_, virtuallin0_.number_of_endpoints as number_o2_52_0_, virtuallin0_.vendor as vendor3_52_0_, virtuallin0_.vld_security_id as vld_secu4_52_0_ from virtual_link_descriptor virtuallin0_ where virtuallin0_.id=? for update
14:11:15.618 [Test worker] DEBUG o.h.l.p.b.i.spaces.QuerySpacesImpl - Adding QuerySpace : uid = <gen:0> -> org.hibernate.loader.plan.build.internal.spaces.EntityQuerySpaceImpl@3a82fc07]
14:11:15.618 [Test worker] DEBUG o.h.p.w.spi.MetamodelGraphWalker - Visiting attribute path : connectivity_type
14:11:15.619 [Test worker] DEBUG o.h.p.w.spi.MetamodelGraphWalker - Visiting attribute path : leaf_requirement
14:11:15.619 [Test worker] DEBUG o.h.p.w.spi.MetamodelGraphWalker - Visiting attribute path : qos
14:11:15.619 [Test worker] DEBUG o.h.p.w.spi.MetamodelGraphWalker - Visiting attribute path : root_requirement
14:11:15.619 [Test worker] DEBUG o.h.p.w.spi.MetamodelGraphWalker - Visiting attribute path : test_access
14:11:15.619 [Test worker] DEBUG o.h.p.w.spi.MetamodelGraphWalker - Visiting attribute path : version
14:11:15.619 [Test worker] DEBUG o.h.p.w.spi.MetamodelGraphWalker - Visiting attribute path : connection
14:11:15.619 [Test worker] DEBUG o.h.p.w.spi.MetamodelGraphWalker - Visiting attribute path : descriptor_version
14:11:15.619 [Test worker] DEBUG o.h.p.w.spi.MetamodelGraphWalker - Visiting attribute path : number_of_endpoints
14:11:15.619 [Test worker] DEBUG o.h.p.w.spi.MetamodelGraphWalker - Visiting attribute path : vendor
14:11:15.619 [Test worker] DEBUG o.h.p.w.spi.MetamodelGraphWalker - Visiting attribute path : vld_security
14:11:15.619 [Test worker] DEBUG o.h.l.p.b.i.spaces.QuerySpacesImpl - Adding QuerySpace : uid = <gen:1> -> org.hibernate.loader.plan.build.internal.spaces.EntityQuerySpaceImpl@67f52606]
14:11:15.619 [Test worker] DEBUG o.h.l.p.b.i.FetchStyleLoadPlanBuildingAssociationVisitationStrategy - Building LoadPlan...
14:11:15.619 [Test worker] DEBUG o.h.l.p.e.i.LoadQueryJoinAndFetchProcessor - processing queryspace <gen:0>
14:11:15.619 [Test worker] DEBUG o.h.l.p.b.spi.LoadPlanTreePrinter - LoadPlan(entity=org.project.neutrino.nfvo.catalogue.mano.descriptor.VirtualLinkDescriptor)
    - Returns
       - EntityReturnImpl(entity=org.project.neutrino.nfvo.catalogue.mano.descriptor.VirtualLinkDescriptor, querySpaceUid=<gen:0>, path=org.project.neutrino.nfvo.catalogue.mano.descriptor.VirtualLinkDescriptor)
          - EntityAttributeFetchImpl(entity=org.project.neutrino.nfvo.catalogue.mano.common.Security, querySpaceUid=<gen:1>, path=org.project.neutrino.nfvo.catalogue.mano.descriptor.VirtualLinkDescriptor.vld_security)
    - QuerySpaces
       - EntityQuerySpaceImpl(uid=<gen:0>, entity=org.project.neutrino.nfvo.catalogue.mano.descriptor.VirtualLinkDescriptor)
          - SQL table alias mapping - virtuallin0_
          - alias suffix - 0_
          - suffixed key columns - {id1_0_0_}

14:11:15.619 [Test worker] DEBUG o.h.loader.entity.plan.EntityLoader - Static select for entity org.project.neutrino.nfvo.catalogue.mano.descriptor.VirtualLinkDescriptor [UPGRADE_NOWAIT]: select virtuallin0_.id as id1_0_0_, virtuallin0_.connectivity_type as connecti2_0_0_, virtuallin0_.leaf_requirement as leaf_req3_0_0_, virtuallin0_.root_requirement as root_req4_0_0_, virtuallin0_.version as version5_0_0_, virtuallin0_.descriptor_version as descript1_52_0_, virtuallin0_.number_of_endpoints as number_o2_52_0_, virtuallin0_.vendor as vendor3_52_0_, virtuallin0_.vld_security_id as vld_secu4_52_0_ from virtual_link_descriptor virtuallin0_ where virtuallin0_.id=? for update
14:11:15.620 [Test worker] DEBUG o.h.l.p.b.i.spaces.QuerySpacesImpl - Adding QuerySpace : uid = <gen:0> -> org.hibernate.loader.plan.build.internal.spaces.EntityQuerySpaceImpl@f93893c]
14:11:15.620 [Test worker] DEBUG o.h.p.w.spi.MetamodelGraphWalker - Visiting attribute path : connectivity_type
14:11:15.620 [Test worker] DEBUG o.h.p.w.spi.MetamodelGraphWalker - Visiting attribute path : leaf_requirement
14:11:15.620 [Test worker] DEBUG o.h.p.w.spi.MetamodelGraphWalker - Visiting attribute path : qos
14:11:15.620 [Test worker] DEBUG o.h.p.w.spi.MetamodelGraphWalker - Visiting attribute path : root_requirement
14:11:15.620 [Test worker] DEBUG o.h.p.w.spi.MetamodelGraphWalker - Visiting attribute path : test_access
14:11:15.620 [Test worker] DEBUG o.h.p.w.spi.MetamodelGraphWalker - Visiting attribute path : version
14:11:15.620 [Test worker] DEBUG o.h.p.w.spi.MetamodelGraphWalker - Visiting attribute path : connection
14:11:15.620 [Test worker] DEBUG o.h.p.w.spi.MetamodelGraphWalker - Visiting attribute path : descriptor_version
14:11:15.620 [Test worker] DEBUG o.h.p.w.spi.MetamodelGraphWalker - Visiting attribute path : number_of_endpoints
14:11:15.620 [Test worker] DEBUG o.h.p.w.spi.MetamodelGraphWalker - Visiting attribute path : vendor
14:11:15.620 [Test worker] DEBUG o.h.p.w.spi.MetamodelGraphWalker - Visiting attribute path : vld_security
14:11:15.620 [Test worker] DEBUG o.h.l.p.b.i.spaces.QuerySpacesImpl - Adding QuerySpace : uid = <gen:1> -> org.hibernate.loader.plan.build.internal.spaces.EntityQuerySpaceImpl@11304c79]
14:11:15.620 [Test worker] DEBUG o.h.l.p.b.i.FetchStyleLoadPlanBuildingAssociationVisitationStrategy - Building LoadPlan...
14:11:15.620 [Test worker] DEBUG o.h.l.p.e.i.LoadQueryJoinAndFetchProcessor - processing queryspace <gen:0>
14:11:15.620 [Test worker] DEBUG o.h.l.p.b.spi.LoadPlanTreePrinter - LoadPlan(entity=org.project.neutrino.nfvo.catalogue.mano.descriptor.VirtualLinkDescriptor)
    - Returns
       - EntityReturnImpl(entity=org.project.neutrino.nfvo.catalogue.mano.descriptor.VirtualLinkDescriptor, querySpaceUid=<gen:0>, path=org.project.neutrino.nfvo.catalogue.mano.descriptor.VirtualLinkDescriptor)
          - EntityAttributeFetchImpl(entity=org.project.neutrino.nfvo.catalogue.mano.common.Security, querySpaceUid=<gen:1>, path=org.project.neutrino.nfvo.catalogue.mano.descriptor.VirtualLinkDescriptor.vld_security)
    - QuerySpaces
       - EntityQuerySpaceImpl(uid=<gen:0>, entity=org.project.neutrino.nfvo.catalogue.mano.descriptor.VirtualLinkDescriptor)
          - SQL table alias mapping - virtuallin0_
          - alias suffix - 0_
          - suffixed key columns - {id1_0_0_}

14:11:15.621 [Test worker] DEBUG o.h.loader.entity.plan.EntityLoader - Static select for entity org.project.neutrino.nfvo.catalogue.mano.descriptor.VirtualLinkDescriptor [UPGRADE_SKIPLOCKED]: select virtuallin0_.id as id1_0_0_, virtuallin0_.connectivity_type as connecti2_0_0_, virtuallin0_.leaf_requirement as leaf_req3_0_0_, virtuallin0_.root_requirement as root_req4_0_0_, virtuallin0_.version as version5_0_0_, virtuallin0_.descriptor_version as descript1_52_0_, virtuallin0_.number_of_endpoints as number_o2_52_0_, virtuallin0_.vendor as vendor3_52_0_, virtuallin0_.vld_security_id as vld_secu4_52_0_ from virtual_link_descriptor virtuallin0_ where virtuallin0_.id=? for update
14:11:15.621 [Test worker] DEBUG o.h.l.p.b.i.spaces.QuerySpacesImpl - Adding QuerySpace : uid = <gen:0> -> org.hibernate.loader.plan.build.internal.spaces.EntityQuerySpaceImpl@79eca4bf]
14:11:15.621 [Test worker] DEBUG o.h.p.w.spi.MetamodelGraphWalker - Visiting attribute path : connectivity_type
14:11:15.621 [Test worker] DEBUG o.h.p.w.spi.MetamodelGraphWalker - Visiting attribute path : leaf_requirement
14:11:15.621 [Test worker] DEBUG o.h.p.w.spi.MetamodelGraphWalker - Visiting attribute path : qos
14:11:15.621 [Test worker] DEBUG o.h.p.w.spi.MetamodelGraphWalker - Visiting attribute path : root_requirement
14:11:15.621 [Test worker] DEBUG o.h.p.w.spi.MetamodelGraphWalker - Visiting attribute path : test_access
14:11:15.621 [Test worker] DEBUG o.h.p.w.spi.MetamodelGraphWalker - Visiting attribute path : version
14:11:15.621 [Test worker] DEBUG o.h.p.w.spi.MetamodelGraphWalker - Visiting attribute path : connection
14:11:15.621 [Test worker] DEBUG o.h.p.w.spi.MetamodelGraphWalker - Visiting attribute path : descriptor_version
14:11:15.621 [Test worker] DEBUG o.h.p.w.spi.MetamodelGraphWalker - Visiting attribute path : number_of_endpoints
14:11:15.621 [Test worker] DEBUG o.h.p.w.spi.MetamodelGraphWalker - Visiting attribute path : vendor
14:11:15.621 [Test worker] DEBUG o.h.p.w.spi.MetamodelGraphWalker - Visiting attribute path : vld_security
14:11:15.621 [Test worker] DEBUG o.h.l.p.b.i.spaces.QuerySpacesImpl - Adding QuerySpace : uid = <gen:1> -> org.hibernate.loader.plan.build.internal.spaces.EntityQuerySpaceImpl@1cce022f]
14:11:15.621 [Test worker] DEBUG o.h.l.p.b.i.FetchStyleLoadPlanBuildingAssociationVisitationStrategy - Building LoadPlan...
14:11:15.621 [Test worker] DEBUG o.h.l.p.e.i.LoadQueryJoinAndFetchProcessor - processing queryspace <gen:0>
14:11:15.622 [Test worker] DEBUG o.h.l.p.b.spi.LoadPlanTreePrinter - LoadPlan(entity=org.project.neutrino.nfvo.catalogue.mano.descriptor.VirtualLinkDescriptor)
    - Returns
       - EntityReturnImpl(entity=org.project.neutrino.nfvo.catalogue.mano.descriptor.VirtualLinkDescriptor, querySpaceUid=<gen:0>, path=org.project.neutrino.nfvo.catalogue.mano.descriptor.VirtualLinkDescriptor)
          - EntityAttributeFetchImpl(entity=org.project.neutrino.nfvo.catalogue.mano.common.Security, querySpaceUid=<gen:1>, path=org.project.neutrino.nfvo.catalogue.mano.descriptor.VirtualLinkDescriptor.vld_security)
    - QuerySpaces
       - EntityQuerySpaceImpl(uid=<gen:0>, entity=org.project.neutrino.nfvo.catalogue.mano.descriptor.VirtualLinkDescriptor)
          - SQL table alias mapping - virtuallin0_
          - alias suffix - 0_
          - suffixed key columns - {id1_0_0_}

14:11:15.622 [Test worker] DEBUG o.h.loader.entity.plan.EntityLoader - Static select for entity org.project.neutrino.nfvo.catalogue.mano.descriptor.VirtualLinkDescriptor [FORCE]: select virtuallin0_.id as id1_0_0_, virtuallin0_.connectivity_type as connecti2_0_0_, virtuallin0_.leaf_requirement as leaf_req3_0_0_, virtuallin0_.root_requirement as root_req4_0_0_, virtuallin0_.version as version5_0_0_, virtuallin0_.descriptor_version as descript1_52_0_, virtuallin0_.number_of_endpoints as number_o2_52_0_, virtuallin0_.vendor as vendor3_52_0_, virtuallin0_.vld_security_id as vld_secu4_52_0_ from virtual_link_descriptor virtuallin0_ where virtuallin0_.id=? for update
14:11:15.622 [Test worker] DEBUG o.h.l.p.b.i.spaces.QuerySpacesImpl - Adding QuerySpace : uid = <gen:0> -> org.hibernate.loader.plan.build.internal.spaces.EntityQuerySpaceImpl@18f16a6f]
14:11:15.622 [Test worker] DEBUG o.h.p.w.spi.MetamodelGraphWalker - Visiting attribute path : connectivity_type
14:11:15.622 [Test worker] DEBUG o.h.p.w.spi.MetamodelGraphWalker - Visiting attribute path : leaf_requirement
14:11:15.622 [Test worker] DEBUG o.h.p.w.spi.MetamodelGraphWalker - Visiting attribute path : qos
14:11:15.622 [Test worker] DEBUG o.h.p.w.spi.MetamodelGraphWalker - Visiting attribute path : root_requirement
14:11:15.622 [Test worker] DEBUG o.h.p.w.spi.MetamodelGraphWalker - Visiting attribute path : test_access
14:11:15.622 [Test worker] DEBUG o.h.p.w.spi.MetamodelGraphWalker - Visiting attribute path : version
14:11:15.622 [Test worker] DEBUG o.h.p.w.spi.MetamodelGraphWalker - Visiting attribute path : connection
14:11:15.622 [Test worker] DEBUG o.h.p.w.spi.MetamodelGraphWalker - Visiting attribute path : descriptor_version
14:11:15.622 [Test worker] DEBUG o.h.p.w.spi.MetamodelGraphWalker - Visiting attribute path : number_of_endpoints
14:11:15.622 [Test worker] DEBUG o.h.p.w.spi.MetamodelGraphWalker - Visiting attribute path : vendor
14:11:15.622 [Test worker] DEBUG o.h.p.w.spi.MetamodelGraphWalker - Visiting attribute path : vld_security
14:11:15.622 [Test worker] DEBUG o.h.l.p.b.i.spaces.QuerySpacesImpl - Adding QuerySpace : uid = <gen:1> -> org.hibernate.loader.plan.build.internal.spaces.EntityQuerySpaceImpl@197444e7]
14:11:15.622 [Test worker] DEBUG o.h.l.p.b.i.FetchStyleLoadPlanBuildingAssociationVisitationStrategy - Building LoadPlan...
14:11:15.623 [Test worker] DEBUG o.h.l.p.e.i.LoadQueryJoinAndFetchProcessor - processing queryspace <gen:0>
14:11:15.623 [Test worker] DEBUG o.h.l.p.b.spi.LoadPlanTreePrinter - LoadPlan(entity=org.project.neutrino.nfvo.catalogue.mano.descriptor.VirtualLinkDescriptor)
    - Returns
       - EntityReturnImpl(entity=org.project.neutrino.nfvo.catalogue.mano.descriptor.VirtualLinkDescriptor, querySpaceUid=<gen:0>, path=org.project.neutrino.nfvo.catalogue.mano.descriptor.VirtualLinkDescriptor)
          - EntityAttributeFetchImpl(entity=org.project.neutrino.nfvo.catalogue.mano.common.Security, querySpaceUid=<gen:1>, path=org.project.neutrino.nfvo.catalogue.mano.descriptor.VirtualLinkDescriptor.vld_security)
    - QuerySpaces
       - EntityQuerySpaceImpl(uid=<gen:0>, entity=org.project.neutrino.nfvo.catalogue.mano.descriptor.VirtualLinkDescriptor)
          - SQL table alias mapping - virtuallin0_
          - alias suffix - 0_
          - suffixed key columns - {id1_0_0_}

14:11:15.623 [Test worker] DEBUG o.h.loader.entity.plan.EntityLoader - Static select for entity org.project.neutrino.nfvo.catalogue.mano.descriptor.VirtualLinkDescriptor [PESSIMISTIC_READ]: select virtuallin0_.id as id1_0_0_, virtuallin0_.connectivity_type as connecti2_0_0_, virtuallin0_.leaf_requirement as leaf_req3_0_0_, virtuallin0_.root_requirement as root_req4_0_0_, virtuallin0_.version as version5_0_0_, virtuallin0_.descriptor_version as descript1_52_0_, virtuallin0_.number_of_endpoints as number_o2_52_0_, virtuallin0_.vendor as vendor3_52_0_, virtuallin0_.vld_security_id as vld_secu4_52_0_ from virtual_link_descriptor virtuallin0_ where virtuallin0_.id=? lock in share mode
14:11:15.623 [Test worker] DEBUG o.h.l.p.b.i.spaces.QuerySpacesImpl - Adding QuerySpace : uid = <gen:0> -> org.hibernate.loader.plan.build.internal.spaces.EntityQuerySpaceImpl@2057a6bf]
14:11:15.623 [Test worker] DEBUG o.h.p.w.spi.MetamodelGraphWalker - Visiting attribute path : connectivity_type
14:11:15.623 [Test worker] DEBUG o.h.p.w.spi.MetamodelGraphWalker - Visiting attribute path : leaf_requirement
14:11:15.623 [Test worker] DEBUG o.h.p.w.spi.MetamodelGraphWalker - Visiting attribute path : qos
14:11:15.623 [Test worker] DEBUG o.h.p.w.spi.MetamodelGraphWalker - Visiting attribute path : root_requirement
14:11:15.623 [Test worker] DEBUG o.h.p.w.spi.MetamodelGraphWalker - Visiting attribute path : test_access
14:11:15.623 [Test worker] DEBUG o.h.p.w.spi.MetamodelGraphWalker - Visiting attribute path : version
14:11:15.623 [Test worker] DEBUG o.h.p.w.spi.MetamodelGraphWalker - Visiting attribute path : connection
14:11:15.623 [Test worker] DEBUG o.h.p.w.spi.MetamodelGraphWalker - Visiting attribute path : descriptor_version
14:11:15.623 [Test worker] DEBUG o.h.p.w.spi.MetamodelGraphWalker - Visiting attribute path : number_of_endpoints
14:11:15.623 [Test worker] DEBUG o.h.p.w.spi.MetamodelGraphWalker - Visiting attribute path : vendor
14:11:15.623 [Test worker] DEBUG o.h.p.w.spi.MetamodelGraphWalker - Visiting attribute path : vld_security
14:11:15.623 [Test worker] DEBUG o.h.l.p.b.i.spaces.QuerySpacesImpl - Adding QuerySpace : uid = <gen:1> -> org.hibernate.loader.plan.build.internal.spaces.EntityQuerySpaceImpl@26365616]
14:11:15.623 [Test worker] DEBUG o.h.l.p.b.i.FetchStyleLoadPlanBuildingAssociationVisitationStrategy - Building LoadPlan...
14:11:15.624 [Test worker] DEBUG o.h.l.p.e.i.LoadQueryJoinAndFetchProcessor - processing queryspace <gen:0>
14:11:15.625 [Test worker] DEBUG o.h.l.p.b.spi.LoadPlanTreePrinter - LoadPlan(entity=org.project.neutrino.nfvo.catalogue.mano.descriptor.VirtualLinkDescriptor)
    - Returns
       - EntityReturnImpl(entity=org.project.neutrino.nfvo.catalogue.mano.descriptor.VirtualLinkDescriptor, querySpaceUid=<gen:0>, path=org.project.neutrino.nfvo.catalogue.mano.descriptor.VirtualLinkDescriptor)
          - EntityAttributeFetchImpl(entity=org.project.neutrino.nfvo.catalogue.mano.common.Security, querySpaceUid=<gen:1>, path=org.project.neutrino.nfvo.catalogue.mano.descriptor.VirtualLinkDescriptor.vld_security)
    - QuerySpaces
       - EntityQuerySpaceImpl(uid=<gen:0>, entity=org.project.neutrino.nfvo.catalogue.mano.descriptor.VirtualLinkDescriptor)
          - SQL table alias mapping - virtuallin0_
          - alias suffix - 0_
          - suffixed key columns - {id1_0_0_}

14:11:15.625 [Test worker] DEBUG o.h.loader.entity.plan.EntityLoader - Static select for entity org.project.neutrino.nfvo.catalogue.mano.descriptor.VirtualLinkDescriptor [PESSIMISTIC_WRITE]: select virtuallin0_.id as id1_0_0_, virtuallin0_.connectivity_type as connecti2_0_0_, virtuallin0_.leaf_requirement as leaf_req3_0_0_, virtuallin0_.root_requirement as root_req4_0_0_, virtuallin0_.version as version5_0_0_, virtuallin0_.descriptor_version as descript1_52_0_, virtuallin0_.number_of_endpoints as number_o2_52_0_, virtuallin0_.vendor as vendor3_52_0_, virtuallin0_.vld_security_id as vld_secu4_52_0_ from virtual_link_descriptor virtuallin0_ where virtuallin0_.id=? for update
14:11:15.625 [Test worker] DEBUG o.h.l.p.b.i.spaces.QuerySpacesImpl - Adding QuerySpace : uid = <gen:0> -> org.hibernate.loader.plan.build.internal.spaces.EntityQuerySpaceImpl@394dd1f3]
14:11:15.625 [Test worker] DEBUG o.h.p.w.spi.MetamodelGraphWalker - Visiting attribute path : connectivity_type
14:11:15.625 [Test worker] DEBUG o.h.p.w.spi.MetamodelGraphWalker - Visiting attribute path : leaf_requirement
14:11:15.626 [Test worker] DEBUG o.h.p.w.spi.MetamodelGraphWalker - Visiting attribute path : qos
14:11:15.626 [Test worker] DEBUG o.h.p.w.spi.MetamodelGraphWalker - Visiting attribute path : root_requirement
14:11:15.626 [Test worker] DEBUG o.h.p.w.spi.MetamodelGraphWalker - Visiting attribute path : test_access
14:11:15.626 [Test worker] DEBUG o.h.p.w.spi.MetamodelGraphWalker - Visiting attribute path : version
14:11:15.626 [Test worker] DEBUG o.h.p.w.spi.MetamodelGraphWalker - Visiting attribute path : connection
14:11:15.626 [Test worker] DEBUG o.h.p.w.spi.MetamodelGraphWalker - Visiting attribute path : descriptor_version
14:11:15.626 [Test worker] DEBUG o.h.p.w.spi.MetamodelGraphWalker - Visiting attribute path : number_of_endpoints
14:11:15.626 [Test worker] DEBUG o.h.p.w.spi.MetamodelGraphWalker - Visiting attribute path : vendor
14:11:15.626 [Test worker] DEBUG o.h.p.w.spi.MetamodelGraphWalker - Visiting attribute path : vld_security
14:11:15.626 [Test worker] DEBUG o.h.l.p.b.i.spaces.QuerySpacesImpl - Adding QuerySpace : uid = <gen:1> -> org.hibernate.loader.plan.build.internal.spaces.EntityQuerySpaceImpl@4c7f567f]
14:11:15.627 [Test worker] DEBUG o.h.l.p.b.i.FetchStyleLoadPlanBuildingAssociationVisitationStrategy - Building LoadPlan...
14:11:15.627 [Test worker] DEBUG o.h.l.p.e.i.LoadQueryJoinAndFetchProcessor - processing queryspace <gen:0>
14:11:15.627 [Test worker] DEBUG o.h.l.p.b.spi.LoadPlanTreePrinter - LoadPlan(entity=org.project.neutrino.nfvo.catalogue.mano.descriptor.VirtualLinkDescriptor)
    - Returns
       - EntityReturnImpl(entity=org.project.neutrino.nfvo.catalogue.mano.descriptor.VirtualLinkDescriptor, querySpaceUid=<gen:0>, path=org.project.neutrino.nfvo.catalogue.mano.descriptor.VirtualLinkDescriptor)
          - EntityAttributeFetchImpl(entity=org.project.neutrino.nfvo.catalogue.mano.common.Security, querySpaceUid=<gen:1>, path=org.project.neutrino.nfvo.catalogue.mano.descriptor.VirtualLinkDescriptor.vld_security)
    - QuerySpaces
       - EntityQuerySpaceImpl(uid=<gen:0>, entity=org.project.neutrino.nfvo.catalogue.mano.descriptor.VirtualLinkDescriptor)
          - SQL table alias mapping - virtuallin0_
          - alias suffix - 0_
          - suffixed key columns - {id1_0_0_}

14:11:15.627 [Test worker] DEBUG o.h.loader.entity.plan.EntityLoader - Static select for entity org.project.neutrino.nfvo.catalogue.mano.descriptor.VirtualLinkDescriptor [PESSIMISTIC_FORCE_INCREMENT]: select virtuallin0_.id as id1_0_0_, virtuallin0_.connectivity_type as connecti2_0_0_, virtuallin0_.leaf_requirement as leaf_req3_0_0_, virtuallin0_.root_requirement as root_req4_0_0_, virtuallin0_.version as version5_0_0_, virtuallin0_.descriptor_version as descript1_52_0_, virtuallin0_.number_of_endpoints as number_o2_52_0_, virtuallin0_.vendor as vendor3_52_0_, virtuallin0_.vld_security_id as vld_secu4_52_0_ from virtual_link_descriptor virtuallin0_ where virtuallin0_.id=? for update
14:11:15.627 [Test worker] DEBUG o.h.l.p.b.i.spaces.QuerySpacesImpl - Adding QuerySpace : uid = <gen:0> -> org.hibernate.loader.plan.build.internal.spaces.EntityQuerySpaceImpl@3c07d315]
14:11:15.628 [Test worker] DEBUG o.h.p.w.spi.MetamodelGraphWalker - Visiting attribute path : connectivity_type
14:11:15.628 [Test worker] DEBUG o.h.p.w.spi.MetamodelGraphWalker - Visiting attribute path : leaf_requirement
14:11:15.628 [Test worker] DEBUG o.h.p.w.spi.MetamodelGraphWalker - Visiting attribute path : qos
14:11:15.628 [Test worker] DEBUG o.h.p.w.spi.MetamodelGraphWalker - Visiting attribute path : root_requirement
14:11:15.628 [Test worker] DEBUG o.h.p.w.spi.MetamodelGraphWalker - Visiting attribute path : test_access
14:11:15.628 [Test worker] DEBUG o.h.p.w.spi.MetamodelGraphWalker - Visiting attribute path : version
14:11:15.628 [Test worker] DEBUG o.h.p.w.spi.MetamodelGraphWalker - Visiting attribute path : connection
14:11:15.628 [Test worker] DEBUG o.h.p.w.spi.MetamodelGraphWalker - Visiting attribute path : descriptor_version
14:11:15.628 [Test worker] DEBUG o.h.p.w.spi.MetamodelGraphWalker - Visiting attribute path : number_of_endpoints
14:11:15.628 [Test worker] DEBUG o.h.p.w.spi.MetamodelGraphWalker - Visiting attribute path : vendor
14:11:15.628 [Test worker] DEBUG o.h.p.w.spi.MetamodelGraphWalker - Visiting attribute path : vld_security
14:11:15.628 [Test worker] DEBUG o.h.l.p.b.i.spaces.QuerySpacesImpl - Adding QuerySpace : uid = <gen:1> -> org.hibernate.loader.plan.build.internal.spaces.EntityQuerySpaceImpl@14a3ebe1]
14:11:15.628 [Test worker] DEBUG o.h.l.p.b.i.FetchStyleLoadPlanBuildingAssociationVisitationStrategy - Building LoadPlan...
14:11:15.628 [Test worker] DEBUG o.h.l.p.e.i.LoadQueryJoinAndFetchProcessor - processing queryspace <gen:0>
14:11:15.628 [Test worker] DEBUG o.h.l.p.b.spi.LoadPlanTreePrinter - LoadPlan(entity=org.project.neutrino.nfvo.catalogue.mano.descriptor.VirtualLinkDescriptor)
    - Returns
       - EntityReturnImpl(entity=org.project.neutrino.nfvo.catalogue.mano.descriptor.VirtualLinkDescriptor, querySpaceUid=<gen:0>, path=org.project.neutrino.nfvo.catalogue.mano.descriptor.VirtualLinkDescriptor)
          - EntityAttributeFetchImpl(entity=org.project.neutrino.nfvo.catalogue.mano.common.Security, querySpaceUid=<gen:1>, path=org.project.neutrino.nfvo.catalogue.mano.descriptor.VirtualLinkDescriptor.vld_security)
    - QuerySpaces
       - EntityQuerySpaceImpl(uid=<gen:0>, entity=org.project.neutrino.nfvo.catalogue.mano.descriptor.VirtualLinkDescriptor)
          - SQL table alias mapping - virtuallin0_
          - alias suffix - 0_
          - suffixed key columns - {id1_0_0_}

14:11:15.629 [Test worker] DEBUG o.h.loader.entity.plan.EntityLoader - Static select for entity org.project.neutrino.nfvo.catalogue.mano.descriptor.VirtualLinkDescriptor [OPTIMISTIC]: select virtuallin0_.id as id1_0_0_, virtuallin0_.connectivity_type as connecti2_0_0_, virtuallin0_.leaf_requirement as leaf_req3_0_0_, virtuallin0_.root_requirement as root_req4_0_0_, virtuallin0_.version as version5_0_0_, virtuallin0_.descriptor_version as descript1_52_0_, virtuallin0_.number_of_endpoints as number_o2_52_0_, virtuallin0_.vendor as vendor3_52_0_, virtuallin0_.vld_security_id as vld_secu4_52_0_ from virtual_link_descriptor virtuallin0_ where virtuallin0_.id=?
14:11:15.629 [Test worker] DEBUG o.h.l.p.b.i.spaces.QuerySpacesImpl - Adding QuerySpace : uid = <gen:0> -> org.hibernate.loader.plan.build.internal.spaces.EntityQuerySpaceImpl@15d30b5d]
14:11:15.629 [Test worker] DEBUG o.h.p.w.spi.MetamodelGraphWalker - Visiting attribute path : connectivity_type
14:11:15.629 [Test worker] DEBUG o.h.p.w.spi.MetamodelGraphWalker - Visiting attribute path : leaf_requirement
14:11:15.629 [Test worker] DEBUG o.h.p.w.spi.MetamodelGraphWalker - Visiting attribute path : qos
14:11:15.629 [Test worker] DEBUG o.h.p.w.spi.MetamodelGraphWalker - Visiting attribute path : root_requirement
14:11:15.629 [Test worker] DEBUG o.h.p.w.spi.MetamodelGraphWalker - Visiting attribute path : test_access
14:11:15.629 [Test worker] DEBUG o.h.p.w.spi.MetamodelGraphWalker - Visiting attribute path : version
14:11:15.629 [Test worker] DEBUG o.h.p.w.spi.MetamodelGraphWalker - Visiting attribute path : connection
14:11:15.629 [Test worker] DEBUG o.h.p.w.spi.MetamodelGraphWalker - Visiting attribute path : descriptor_version
14:11:15.629 [Test worker] DEBUG o.h.p.w.spi.MetamodelGraphWalker - Visiting attribute path : number_of_endpoints
14:11:15.629 [Test worker] DEBUG o.h.p.w.spi.MetamodelGraphWalker - Visiting attribute path : vendor
14:11:15.629 [Test worker] DEBUG o.h.p.w.spi.MetamodelGraphWalker - Visiting attribute path : vld_security
14:11:15.629 [Test worker] DEBUG o.h.l.p.b.i.spaces.QuerySpacesImpl - Adding QuerySpace : uid = <gen:1> -> org.hibernate.loader.plan.build.internal.spaces.EntityQuerySpaceImpl@2eddacdc]
14:11:15.629 [Test worker] DEBUG o.h.l.p.b.i.FetchStyleLoadPlanBuildingAssociationVisitationStrategy - Building LoadPlan...
14:11:15.629 [Test worker] DEBUG o.h.l.p.e.i.LoadQueryJoinAndFetchProcessor - processing queryspace <gen:0>
14:11:15.629 [Test worker] DEBUG o.h.l.p.b.spi.LoadPlanTreePrinter - LoadPlan(entity=org.project.neutrino.nfvo.catalogue.mano.descriptor.VirtualLinkDescriptor)
    - Returns
       - EntityReturnImpl(entity=org.project.neutrino.nfvo.catalogue.mano.descriptor.VirtualLinkDescriptor, querySpaceUid=<gen:0>, path=org.project.neutrino.nfvo.catalogue.mano.descriptor.VirtualLinkDescriptor)
          - EntityAttributeFetchImpl(entity=org.project.neutrino.nfvo.catalogue.mano.common.Security, querySpaceUid=<gen:1>, path=org.project.neutrino.nfvo.catalogue.mano.descriptor.VirtualLinkDescriptor.vld_security)
    - QuerySpaces
       - EntityQuerySpaceImpl(uid=<gen:0>, entity=org.project.neutrino.nfvo.catalogue.mano.descriptor.VirtualLinkDescriptor)
          - SQL table alias mapping - virtuallin0_
          - alias suffix - 0_
          - suffixed key columns - {id1_0_0_}

14:11:15.630 [Test worker] DEBUG o.h.loader.entity.plan.EntityLoader - Static select for entity org.project.neutrino.nfvo.catalogue.mano.descriptor.VirtualLinkDescriptor [OPTIMISTIC_FORCE_INCREMENT]: select virtuallin0_.id as id1_0_0_, virtuallin0_.connectivity_type as connecti2_0_0_, virtuallin0_.leaf_requirement as leaf_req3_0_0_, virtuallin0_.root_requirement as root_req4_0_0_, virtuallin0_.version as version5_0_0_, virtuallin0_.descriptor_version as descript1_52_0_, virtuallin0_.number_of_endpoints as number_o2_52_0_, virtuallin0_.vendor as vendor3_52_0_, virtuallin0_.vld_security_id as vld_secu4_52_0_ from virtual_link_descriptor virtuallin0_ where virtuallin0_.id=?
14:11:15.630 [Test worker] DEBUG org.hibernate.loader.Loader - Static select for action ACTION_MERGE on entity org.project.neutrino.nfvo.catalogue.mano.descriptor.VirtualLinkDescriptor: select virtuallin0_.id as id1_0_1_, virtuallin0_.connectivity_type as connecti2_0_1_, virtuallin0_.leaf_requirement as leaf_req3_0_1_, virtuallin0_.root_requirement as root_req4_0_1_, virtuallin0_.version as version5_0_1_, virtuallin0_.descriptor_version as descript1_52_1_, virtuallin0_.number_of_endpoints as number_o2_52_1_, virtuallin0_.vendor as vendor3_52_1_, virtuallin0_.vld_security_id as vld_secu4_52_1_, security1_.id as id1_43_0_, security1_.version as version2_43_0_ from virtual_link_descriptor virtuallin0_ left outer join security security1_ on virtuallin0_.vld_security_id=security1_.id where virtuallin0_.id=?
14:11:15.630 [Test worker] DEBUG org.hibernate.loader.Loader - Static select for action ACTION_REFRESH on entity org.project.neutrino.nfvo.catalogue.mano.descriptor.VirtualLinkDescriptor: select virtuallin0_.id as id1_0_1_, virtuallin0_.connectivity_type as connecti2_0_1_, virtuallin0_.leaf_requirement as leaf_req3_0_1_, virtuallin0_.root_requirement as root_req4_0_1_, virtuallin0_.version as version5_0_1_, virtuallin0_.descriptor_version as descript1_52_1_, virtuallin0_.number_of_endpoints as number_o2_52_1_, virtuallin0_.vendor as vendor3_52_1_, virtuallin0_.vld_security_id as vld_secu4_52_1_, security1_.id as id1_43_0_, security1_.version as version2_43_0_ from virtual_link_descriptor virtuallin0_ left outer join security security1_ on virtuallin0_.vld_security_id=security1_.id where virtuallin0_.id=?
14:11:15.630 [Test worker] DEBUG o.h.p.entity.AbstractEntityPersister - Static SQL for entity: org.project.neutrino.nfvo.catalogue.mano.common.AbstractVirtualLink
14:11:15.630 [Test worker] DEBUG o.h.p.entity.AbstractEntityPersister -  Version select: select version from abstract_virtual_link where id =?
14:11:15.630 [Test worker] DEBUG o.h.p.entity.AbstractEntityPersister -  Snapshot select: select abstractvi_.id, abstractvi_.connectivity_type as connecti2_0_, abstractvi_.leaf_requirement as leaf_req3_0_, abstractvi_.root_requirement as root_req4_0_, abstractvi_.version as version5_0_ from ( select id, connectivity_type, leaf_requirement, root_requirement, version, descriptor_version, number_of_endpoints, vendor, vld_security_id, 1 as clazz_ from virtual_link_descriptor union select id, connectivity_type, leaf_requirement, root_requirement, version, null as descriptor_version, null as number_of_endpoints, null as vendor, null as vld_security_id, 2 as clazz_ from internal_virtual_link ) abstractvi_ where abstractvi_.id=?
14:11:15.630 [Test worker] DEBUG o.h.p.entity.AbstractEntityPersister -  Insert 0: insert into abstract_virtual_link (connectivity_type, leaf_requirement, root_requirement, version, id) values (?, ?, ?, ?, ?)
14:11:15.630 [Test worker] DEBUG o.h.p.entity.AbstractEntityPersister -  Update 0: update abstract_virtual_link set connectivity_type=?, leaf_requirement=?, root_requirement=?, version=? where id=? and version=?
14:11:15.630 [Test worker] DEBUG o.h.p.entity.AbstractEntityPersister -  Delete 0: delete from abstract_virtual_link where id=? and version=?
14:11:15.631 [Test worker] DEBUG o.h.l.p.b.i.spaces.QuerySpacesImpl - Adding QuerySpace : uid = <gen:0> -> org.hibernate.loader.plan.build.internal.spaces.EntityQuerySpaceImpl@5b7fb78d]
14:11:15.631 [Test worker] DEBUG o.h.p.w.spi.MetamodelGraphWalker - Visiting attribute path : connectivity_type
14:11:15.631 [Test worker] DEBUG o.h.p.w.spi.MetamodelGraphWalker - Visiting attribute path : leaf_requirement
14:11:15.631 [Test worker] DEBUG o.h.p.w.spi.MetamodelGraphWalker - Visiting attribute path : qos
14:11:15.631 [Test worker] DEBUG o.h.p.w.spi.MetamodelGraphWalker - Visiting attribute path : root_requirement
14:11:15.631 [Test worker] DEBUG o.h.p.w.spi.MetamodelGraphWalker - Visiting attribute path : test_access
14:11:15.631 [Test worker] DEBUG o.h.p.w.spi.MetamodelGraphWalker - Visiting attribute path : version
14:11:15.631 [Test worker] DEBUG o.h.p.w.spi.MetamodelGraphWalker - Visiting attribute path : connection_points_references
14:11:15.631 [Test worker] DEBUG o.h.l.p.b.i.spaces.QuerySpacesImpl - Adding QuerySpace : uid = <gen:1> -> org.hibernate.loader.plan.build.internal.spaces.CollectionQuerySpaceImpl@5eb8d857]
14:11:15.631 [Test worker] DEBUG o.h.p.w.spi.MetamodelGraphWalker - Visiting attribute path : connection
14:11:15.631 [Test worker] DEBUG o.h.p.w.spi.MetamodelGraphWalker - Visiting attribute path : descriptor_version
14:11:15.631 [Test worker] DEBUG o.h.p.w.spi.MetamodelGraphWalker - Visiting attribute path : number_of_endpoints
14:11:15.631 [Test worker] DEBUG o.h.p.w.spi.MetamodelGraphWalker - Visiting attribute path : vendor
14:11:15.631 [Test worker] DEBUG o.h.p.w.spi.MetamodelGraphWalker - Visiting attribute path : vld_security
14:11:15.631 [Test worker] DEBUG o.h.l.p.b.i.spaces.QuerySpacesImpl - Adding QuerySpace : uid = <gen:2> -> org.hibernate.loader.plan.build.internal.spaces.EntityQuerySpaceImpl@62370399]
14:11:15.631 [Test worker] DEBUG o.h.p.w.spi.MetamodelGraphWalker - Visiting attribute path : vld_security.version
14:11:15.633 [Test worker] DEBUG o.h.l.p.b.i.FetchStyleLoadPlanBuildingAssociationVisitationStrategy - Building LoadPlan...
14:11:15.633 [Test worker] DEBUG o.h.l.p.e.i.LoadQueryJoinAndFetchProcessor - processing queryspace <gen:0>
14:11:15.634 [Test worker] DEBUG o.h.l.p.b.spi.LoadPlanTreePrinter - LoadPlan(entity=org.project.neutrino.nfvo.catalogue.mano.common.AbstractVirtualLink)
    - Returns
       - EntityReturnImpl(entity=org.project.neutrino.nfvo.catalogue.mano.common.AbstractVirtualLink, querySpaceUid=<gen:0>, path=org.project.neutrino.nfvo.catalogue.mano.common.AbstractVirtualLink)
          - CollectionAttributeFetchImpl(collection=org.project.neutrino.nfvo.catalogue.mano.descriptor.InternalVirtualLink.connection_points_references, querySpaceUid=<gen:1>, path=org.project.neutrino.nfvo.catalogue.mano.common.AbstractVirtualLink.connection_points_references)
          - EntityAttributeFetchImpl(entity=org.project.neutrino.nfvo.catalogue.mano.common.Security, querySpaceUid=<gen:2>, path=org.project.neutrino.nfvo.catalogue.mano.common.AbstractVirtualLink.vld_security)
    - QuerySpaces
       - EntityQuerySpaceImpl(uid=<gen:0>, entity=org.project.neutrino.nfvo.catalogue.mano.common.AbstractVirtualLink)
          - SQL table alias mapping - abstractvi0_
          - alias suffix - 0_
          - suffixed key columns - {id1_0_0_}
          - JOIN (JoinDefinedByMetadata(connection_points_references)) : <gen:0> -> <gen:1>
             - CollectionQuerySpaceImpl(uid=<gen:1>, collection=org.project.neutrino.nfvo.catalogue.mano.descriptor.InternalVirtualLink.connection_points_references)
                - SQL table alias mapping - connection1_
                - alias suffix - 1_
                - suffixed key columns - {internal1_0_1_}
          - JOIN (JoinDefinedByMetadata(vld_security)) : <gen:0> -> <gen:2>
             - EntityQuerySpaceImpl(uid=<gen:2>, entity=org.project.neutrino.nfvo.catalogue.mano.common.Security)
                - SQL table alias mapping - security2_
                - alias suffix - 2_
                - suffixed key columns - {id1_43_2_}

14:11:15.634 [Test worker] DEBUG o.h.loader.entity.plan.EntityLoader - Static select for entity org.project.neutrino.nfvo.catalogue.mano.common.AbstractVirtualLink [NONE]: select abstractvi0_.id as id1_0_0_, abstractvi0_.connectivity_type as connecti2_0_0_, abstractvi0_.leaf_requirement as leaf_req3_0_0_, abstractvi0_.root_requirement as root_req4_0_0_, abstractvi0_.version as version5_0_0_, abstractvi0_.descriptor_version as descript1_52_0_, abstractvi0_.number_of_endpoints as number_o2_52_0_, abstractvi0_.vendor as vendor3_52_0_, abstractvi0_.vld_security_id as vld_secu4_52_0_, abstractvi0_.clazz_ as clazz_0_, connection1_.internal_virtual_link_id as internal1_0_1_, connection1_.connection_points_references as connecti2_9_1_, security2_.id as id1_43_2_, security2_.version as version2_43_2_ from ( select id, connectivity_type, leaf_requirement, root_requirement, version, descriptor_version, number_of_endpoints, vendor, vld_security_id, 1 as clazz_ from virtual_link_descriptor union select id, connectivity_type, leaf_requirement, root_requirement, version, null as descriptor_version, null as number_of_endpoints, null as vendor, null as vld_security_id, 2 as clazz_ from internal_virtual_link ) abstractvi0_ left outer join internal_virtual_link_connection_points_references connection1_ on abstractvi0_.id=connection1_.internal_virtual_link_id left outer join security security2_ on abstractvi0_.vld_security_id=security2_.id where abstractvi0_.id=?
14:11:15.634 [Test worker] DEBUG o.h.l.p.b.i.spaces.QuerySpacesImpl - Adding QuerySpace : uid = <gen:0> -> org.hibernate.loader.plan.build.internal.spaces.EntityQuerySpaceImpl@b6c4eb0]
14:11:15.634 [Test worker] DEBUG o.h.p.w.spi.MetamodelGraphWalker - Visiting attribute path : connectivity_type
14:11:15.634 [Test worker] DEBUG o.h.p.w.spi.MetamodelGraphWalker - Visiting attribute path : leaf_requirement
14:11:15.634 [Test worker] DEBUG o.h.p.w.spi.MetamodelGraphWalker - Visiting attribute path : qos
14:11:15.634 [Test worker] DEBUG o.h.p.w.spi.MetamodelGraphWalker - Visiting attribute path : root_requirement
14:11:15.634 [Test worker] DEBUG o.h.p.w.spi.MetamodelGraphWalker - Visiting attribute path : test_access
14:11:15.634 [Test worker] DEBUG o.h.p.w.spi.MetamodelGraphWalker - Visiting attribute path : version
14:11:15.634 [Test worker] DEBUG o.h.p.w.spi.MetamodelGraphWalker - Visiting attribute path : connection_points_references
14:11:15.634 [Test worker] DEBUG o.h.l.p.b.i.spaces.QuerySpacesImpl - Adding QuerySpace : uid = <gen:1> -> org.hibernate.loader.plan.build.internal.spaces.CollectionQuerySpaceImpl@136a9bdc]
14:11:15.634 [Test worker] DEBUG o.h.p.w.spi.MetamodelGraphWalker - Visiting attribute path : connection
14:11:15.634 [Test worker] DEBUG o.h.p.w.spi.MetamodelGraphWalker - Visiting attribute path : descriptor_version
14:11:15.634 [Test worker] DEBUG o.h.p.w.spi.MetamodelGraphWalker - Visiting attribute path : number_of_endpoints
14:11:15.634 [Test worker] DEBUG o.h.p.w.spi.MetamodelGraphWalker - Visiting attribute path : vendor
14:11:15.634 [Test worker] DEBUG o.h.p.w.spi.MetamodelGraphWalker - Visiting attribute path : vld_security
14:11:15.634 [Test worker] DEBUG o.h.l.p.b.i.spaces.QuerySpacesImpl - Adding QuerySpace : uid = <gen:2> -> org.hibernate.loader.plan.build.internal.spaces.EntityQuerySpaceImpl@7b2264c4]
14:11:15.634 [Test worker] DEBUG o.h.p.w.spi.MetamodelGraphWalker - Visiting attribute path : vld_security.version
14:11:15.635 [Test worker] DEBUG o.h.l.p.b.i.FetchStyleLoadPlanBuildingAssociationVisitationStrategy - Building LoadPlan...
14:11:15.635 [Test worker] DEBUG o.h.l.p.e.i.LoadQueryJoinAndFetchProcessor - processing queryspace <gen:0>
14:11:15.635 [Test worker] DEBUG o.h.l.p.b.spi.LoadPlanTreePrinter - LoadPlan(entity=org.project.neutrino.nfvo.catalogue.mano.common.AbstractVirtualLink)
    - Returns
       - EntityReturnImpl(entity=org.project.neutrino.nfvo.catalogue.mano.common.AbstractVirtualLink, querySpaceUid=<gen:0>, path=org.project.neutrino.nfvo.catalogue.mano.common.AbstractVirtualLink)
          - CollectionAttributeFetchImpl(collection=org.project.neutrino.nfvo.catalogue.mano.descriptor.InternalVirtualLink.connection_points_references, querySpaceUid=<gen:1>, path=org.project.neutrino.nfvo.catalogue.mano.common.AbstractVirtualLink.connection_points_references)
          - EntityAttributeFetchImpl(entity=org.project.neutrino.nfvo.catalogue.mano.common.Security, querySpaceUid=<gen:2>, path=org.project.neutrino.nfvo.catalogue.mano.common.AbstractVirtualLink.vld_security)
    - QuerySpaces
       - EntityQuerySpaceImpl(uid=<gen:0>, entity=org.project.neutrino.nfvo.catalogue.mano.common.AbstractVirtualLink)
          - SQL table alias mapping - abstractvi0_
          - alias suffix - 0_
          - suffixed key columns - {id1_0_0_}
          - JOIN (JoinDefinedByMetadata(connection_points_references)) : <gen:0> -> <gen:1>
             - CollectionQuerySpaceImpl(uid=<gen:1>, collection=org.project.neutrino.nfvo.catalogue.mano.descriptor.InternalVirtualLink.connection_points_references)
                - SQL table alias mapping - connection1_
                - alias suffix - 1_
                - suffixed key columns - {internal1_0_1_}
          - JOIN (JoinDefinedByMetadata(vld_security)) : <gen:0> -> <gen:2>
             - EntityQuerySpaceImpl(uid=<gen:2>, entity=org.project.neutrino.nfvo.catalogue.mano.common.Security)
                - SQL table alias mapping - security2_
                - alias suffix - 2_
                - suffixed key columns - {id1_43_2_}

14:11:15.635 [Test worker] DEBUG o.h.loader.entity.plan.EntityLoader - Static select for entity org.project.neutrino.nfvo.catalogue.mano.common.AbstractVirtualLink [READ]: select abstractvi0_.id as id1_0_0_, abstractvi0_.connectivity_type as connecti2_0_0_, abstractvi0_.leaf_requirement as leaf_req3_0_0_, abstractvi0_.root_requirement as root_req4_0_0_, abstractvi0_.version as version5_0_0_, abstractvi0_.descriptor_version as descript1_52_0_, abstractvi0_.number_of_endpoints as number_o2_52_0_, abstractvi0_.vendor as vendor3_52_0_, abstractvi0_.vld_security_id as vld_secu4_52_0_, abstractvi0_.clazz_ as clazz_0_, connection1_.internal_virtual_link_id as internal1_0_1_, connection1_.connection_points_references as connecti2_9_1_, security2_.id as id1_43_2_, security2_.version as version2_43_2_ from ( select id, connectivity_type, leaf_requirement, root_requirement, version, descriptor_version, number_of_endpoints, vendor, vld_security_id, 1 as clazz_ from virtual_link_descriptor union select id, connectivity_type, leaf_requirement, root_requirement, version, null as descriptor_version, null as number_of_endpoints, null as vendor, null as vld_security_id, 2 as clazz_ from internal_virtual_link ) abstractvi0_ left outer join internal_virtual_link_connection_points_references connection1_ on abstractvi0_.id=connection1_.internal_virtual_link_id left outer join security security2_ on abstractvi0_.vld_security_id=security2_.id where abstractvi0_.id=?
14:11:15.635 [Test worker] DEBUG o.h.l.p.b.i.spaces.QuerySpacesImpl - Adding QuerySpace : uid = <gen:0> -> org.hibernate.loader.plan.build.internal.spaces.EntityQuerySpaceImpl@423fa750]
14:11:15.635 [Test worker] DEBUG o.h.p.w.spi.MetamodelGraphWalker - Visiting attribute path : connectivity_type
14:11:15.635 [Test worker] DEBUG o.h.p.w.spi.MetamodelGraphWalker - Visiting attribute path : leaf_requirement
14:11:15.636 [Test worker] DEBUG o.h.p.w.spi.MetamodelGraphWalker - Visiting attribute path : qos
14:11:15.636 [Test worker] DEBUG o.h.p.w.spi.MetamodelGraphWalker - Visiting attribute path : root_requirement
14:11:15.636 [Test worker] DEBUG o.h.p.w.spi.MetamodelGraphWalker - Visiting attribute path : test_access
14:11:15.636 [Test worker] DEBUG o.h.p.w.spi.MetamodelGraphWalker - Visiting attribute path : version
14:11:15.636 [Test worker] DEBUG o.h.p.w.spi.MetamodelGraphWalker - Visiting attribute path : connection_points_references
14:11:15.636 [Test worker] DEBUG o.h.l.p.b.i.spaces.QuerySpacesImpl - Adding QuerySpace : uid = <gen:1> -> org.hibernate.loader.plan.build.internal.spaces.CollectionQuerySpaceImpl@2f6b7827]
14:11:15.636 [Test worker] DEBUG o.h.p.w.spi.MetamodelGraphWalker - Visiting attribute path : connection
14:11:15.636 [Test worker] DEBUG o.h.p.w.spi.MetamodelGraphWalker - Visiting attribute path : descriptor_version
14:11:15.636 [Test worker] DEBUG o.h.p.w.spi.MetamodelGraphWalker - Visiting attribute path : number_of_endpoints
14:11:15.636 [Test worker] DEBUG o.h.p.w.spi.MetamodelGraphWalker - Visiting attribute path : vendor
14:11:15.636 [Test worker] DEBUG o.h.p.w.spi.MetamodelGraphWalker - Visiting attribute path : vld_security
14:11:15.636 [Test worker] DEBUG o.h.l.p.b.i.spaces.QuerySpacesImpl - Adding QuerySpace : uid = <gen:2> -> org.hibernate.loader.plan.build.internal.spaces.EntityQuerySpaceImpl@389d60c3]
14:11:15.636 [Test worker] DEBUG o.h.l.p.b.i.FetchStyleLoadPlanBuildingAssociationVisitationStrategy - Building LoadPlan...
14:11:15.636 [Test worker] DEBUG o.h.l.p.e.i.LoadQueryJoinAndFetchProcessor - processing queryspace <gen:0>
14:11:15.636 [Test worker] DEBUG o.h.l.p.b.spi.LoadPlanTreePrinter - LoadPlan(entity=org.project.neutrino.nfvo.catalogue.mano.common.AbstractVirtualLink)
    - Returns
       - EntityReturnImpl(entity=org.project.neutrino.nfvo.catalogue.mano.common.AbstractVirtualLink, querySpaceUid=<gen:0>, path=org.project.neutrino.nfvo.catalogue.mano.common.AbstractVirtualLink)
          - CollectionAttributeFetchImpl(collection=org.project.neutrino.nfvo.catalogue.mano.descriptor.InternalVirtualLink.connection_points_references, querySpaceUid=<gen:1>, path=org.project.neutrino.nfvo.catalogue.mano.common.AbstractVirtualLink.connection_points_references)
          - EntityAttributeFetchImpl(entity=org.project.neutrino.nfvo.catalogue.mano.common.Security, querySpaceUid=<gen:2>, path=org.project.neutrino.nfvo.catalogue.mano.common.AbstractVirtualLink.vld_security)
    - QuerySpaces
       - EntityQuerySpaceImpl(uid=<gen:0>, entity=org.project.neutrino.nfvo.catalogue.mano.common.AbstractVirtualLink)
          - SQL table alias mapping - abstractvi0_
          - alias suffix - 0_
          - suffixed key columns - {id1_0_0_}

14:11:15.636 [Test worker] DEBUG o.h.loader.entity.plan.EntityLoader - Static select for entity org.project.neutrino.nfvo.catalogue.mano.common.AbstractVirtualLink [UPGRADE]: select abstractvi0_.id as id1_0_0_, abstractvi0_.connectivity_type as connecti2_0_0_, abstractvi0_.leaf_requirement as leaf_req3_0_0_, abstractvi0_.root_requirement as root_req4_0_0_, abstractvi0_.version as version5_0_0_, abstractvi0_.descriptor_version as descript1_52_0_, abstractvi0_.number_of_endpoints as number_o2_52_0_, abstractvi0_.vendor as vendor3_52_0_, abstractvi0_.vld_security_id as vld_secu4_52_0_, abstractvi0_.clazz_ as clazz_0_ from ( select id, connectivity_type, leaf_requirement, root_requirement, version, descriptor_version, number_of_endpoints, vendor, vld_security_id, 1 as clazz_ from virtual_link_descriptor union select id, connectivity_type, leaf_requirement, root_requirement, version, null as descriptor_version, null as number_of_endpoints, null as vendor, null as vld_security_id, 2 as clazz_ from internal_virtual_link ) abstractvi0_ where abstractvi0_.id=? for update
14:11:15.637 [Test worker] DEBUG o.h.l.p.b.i.spaces.QuerySpacesImpl - Adding QuerySpace : uid = <gen:0> -> org.hibernate.loader.plan.build.internal.spaces.EntityQuerySpaceImpl@643bbf3e]
14:11:15.637 [Test worker] DEBUG o.h.p.w.spi.MetamodelGraphWalker - Visiting attribute path : connectivity_type
14:11:15.637 [Test worker] DEBUG o.h.p.w.spi.MetamodelGraphWalker - Visiting attribute path : leaf_requirement
14:11:15.637 [Test worker] DEBUG o.h.p.w.spi.MetamodelGraphWalker - Visiting attribute path : qos
14:11:15.637 [Test worker] DEBUG o.h.p.w.spi.MetamodelGraphWalker - Visiting attribute path : root_requirement
14:11:15.637 [Test worker] DEBUG o.h.p.w.spi.MetamodelGraphWalker - Visiting attribute path : test_access
14:11:15.637 [Test worker] DEBUG o.h.p.w.spi.MetamodelGraphWalker - Visiting attribute path : version
14:11:15.637 [Test worker] DEBUG o.h.p.w.spi.MetamodelGraphWalker - Visiting attribute path : connection_points_references
14:11:15.637 [Test worker] DEBUG o.h.l.p.b.i.spaces.QuerySpacesImpl - Adding QuerySpace : uid = <gen:1> -> org.hibernate.loader.plan.build.internal.spaces.CollectionQuerySpaceImpl@30964f51]
14:11:15.637 [Test worker] DEBUG o.h.p.w.spi.MetamodelGraphWalker - Visiting attribute path : connection
14:11:15.637 [Test worker] DEBUG o.h.p.w.spi.MetamodelGraphWalker - Visiting attribute path : descriptor_version
14:11:15.637 [Test worker] DEBUG o.h.p.w.spi.MetamodelGraphWalker - Visiting attribute path : number_of_endpoints
14:11:15.637 [Test worker] DEBUG o.h.p.w.spi.MetamodelGraphWalker - Visiting attribute path : vendor
14:11:15.637 [Test worker] DEBUG o.h.p.w.spi.MetamodelGraphWalker - Visiting attribute path : vld_security
14:11:15.637 [Test worker] DEBUG o.h.l.p.b.i.spaces.QuerySpacesImpl - Adding QuerySpace : uid = <gen:2> -> org.hibernate.loader.plan.build.internal.spaces.EntityQuerySpaceImpl@5c3167c2]
14:11:15.637 [Test worker] DEBUG o.h.l.p.b.i.FetchStyleLoadPlanBuildingAssociationVisitationStrategy - Building LoadPlan...
14:11:15.637 [Test worker] DEBUG o.h.l.p.e.i.LoadQueryJoinAndFetchProcessor - processing queryspace <gen:0>
14:11:15.637 [Test worker] DEBUG o.h.l.p.b.spi.LoadPlanTreePrinter - LoadPlan(entity=org.project.neutrino.nfvo.catalogue.mano.common.AbstractVirtualLink)
    - Returns
       - EntityReturnImpl(entity=org.project.neutrino.nfvo.catalogue.mano.common.AbstractVirtualLink, querySpaceUid=<gen:0>, path=org.project.neutrino.nfvo.catalogue.mano.common.AbstractVirtualLink)
          - CollectionAttributeFetchImpl(collection=org.project.neutrino.nfvo.catalogue.mano.descriptor.InternalVirtualLink.connection_points_references, querySpaceUid=<gen:1>, path=org.project.neutrino.nfvo.catalogue.mano.common.AbstractVirtualLink.connection_points_references)
          - EntityAttributeFetchImpl(entity=org.project.neutrino.nfvo.catalogue.mano.common.Security, querySpaceUid=<gen:2>, path=org.project.neutrino.nfvo.catalogue.mano.common.AbstractVirtualLink.vld_security)
    - QuerySpaces
       - EntityQuerySpaceImpl(uid=<gen:0>, entity=org.project.neutrino.nfvo.catalogue.mano.common.AbstractVirtualLink)
          - SQL table alias mapping - abstractvi0_
          - alias suffix - 0_
          - suffixed key columns - {id1_0_0_}

14:11:15.638 [Test worker] DEBUG o.h.loader.entity.plan.EntityLoader - Static select for entity org.project.neutrino.nfvo.catalogue.mano.common.AbstractVirtualLink [UPGRADE_NOWAIT]: select abstractvi0_.id as id1_0_0_, abstractvi0_.connectivity_type as connecti2_0_0_, abstractvi0_.leaf_requirement as leaf_req3_0_0_, abstractvi0_.root_requirement as root_req4_0_0_, abstractvi0_.version as version5_0_0_, abstractvi0_.descriptor_version as descript1_52_0_, abstractvi0_.number_of_endpoints as number_o2_52_0_, abstractvi0_.vendor as vendor3_52_0_, abstractvi0_.vld_security_id as vld_secu4_52_0_, abstractvi0_.clazz_ as clazz_0_ from ( select id, connectivity_type, leaf_requirement, root_requirement, version, descriptor_version, number_of_endpoints, vendor, vld_security_id, 1 as clazz_ from virtual_link_descriptor union select id, connectivity_type, leaf_requirement, root_requirement, version, null as descriptor_version, null as number_of_endpoints, null as vendor, null as vld_security_id, 2 as clazz_ from internal_virtual_link ) abstractvi0_ where abstractvi0_.id=? for update
14:11:15.638 [Test worker] DEBUG o.h.l.p.b.i.spaces.QuerySpacesImpl - Adding QuerySpace : uid = <gen:0> -> org.hibernate.loader.plan.build.internal.spaces.EntityQuerySpaceImpl@2f9320d7]
14:11:15.638 [Test worker] DEBUG o.h.p.w.spi.MetamodelGraphWalker - Visiting attribute path : connectivity_type
14:11:15.638 [Test worker] DEBUG o.h.p.w.spi.MetamodelGraphWalker - Visiting attribute path : leaf_requirement
14:11:15.638 [Test worker] DEBUG o.h.p.w.spi.MetamodelGraphWalker - Visiting attribute path : qos
14:11:15.638 [Test worker] DEBUG o.h.p.w.spi.MetamodelGraphWalker - Visiting attribute path : root_requirement
14:11:15.638 [Test worker] DEBUG o.h.p.w.spi.MetamodelGraphWalker - Visiting attribute path : test_access
14:11:15.638 [Test worker] DEBUG o.h.p.w.spi.MetamodelGraphWalker - Visiting attribute path : version
14:11:15.638 [Test worker] DEBUG o.h.p.w.spi.MetamodelGraphWalker - Visiting attribute path : connection_points_references
14:11:15.638 [Test worker] DEBUG o.h.l.p.b.i.spaces.QuerySpacesImpl - Adding QuerySpace : uid = <gen:1> -> org.hibernate.loader.plan.build.internal.spaces.CollectionQuerySpaceImpl@8eea465]
14:11:15.638 [Test worker] DEBUG o.h.p.w.spi.MetamodelGraphWalker - Visiting attribute path : connection
14:11:15.638 [Test worker] DEBUG o.h.p.w.spi.MetamodelGraphWalker - Visiting attribute path : descriptor_version
14:11:15.638 [Test worker] DEBUG o.h.p.w.spi.MetamodelGraphWalker - Visiting attribute path : number_of_endpoints
14:11:15.638 [Test worker] DEBUG o.h.p.w.spi.MetamodelGraphWalker - Visiting attribute path : vendor
14:11:15.638 [Test worker] DEBUG o.h.p.w.spi.MetamodelGraphWalker - Visiting attribute path : vld_security
14:11:15.638 [Test worker] DEBUG o.h.l.p.b.i.spaces.QuerySpacesImpl - Adding QuerySpace : uid = <gen:2> -> org.hibernate.loader.plan.build.internal.spaces.EntityQuerySpaceImpl@6b6ae777]
14:11:15.638 [Test worker] DEBUG o.h.l.p.b.i.FetchStyleLoadPlanBuildingAssociationVisitationStrategy - Building LoadPlan...
14:11:15.638 [Test worker] DEBUG o.h.l.p.e.i.LoadQueryJoinAndFetchProcessor - processing queryspace <gen:0>
14:11:15.644 [Test worker] DEBUG o.h.l.p.b.spi.LoadPlanTreePrinter - LoadPlan(entity=org.project.neutrino.nfvo.catalogue.mano.common.AbstractVirtualLink)
    - Returns
       - EntityReturnImpl(entity=org.project.neutrino.nfvo.catalogue.mano.common.AbstractVirtualLink, querySpaceUid=<gen:0>, path=org.project.neutrino.nfvo.catalogue.mano.common.AbstractVirtualLink)
          - CollectionAttributeFetchImpl(collection=org.project.neutrino.nfvo.catalogue.mano.descriptor.InternalVirtualLink.connection_points_references, querySpaceUid=<gen:1>, path=org.project.neutrino.nfvo.catalogue.mano.common.AbstractVirtualLink.connection_points_references)
          - EntityAttributeFetchImpl(entity=org.project.neutrino.nfvo.catalogue.mano.common.Security, querySpaceUid=<gen:2>, path=org.project.neutrino.nfvo.catalogue.mano.common.AbstractVirtualLink.vld_security)
    - QuerySpaces
       - EntityQuerySpaceImpl(uid=<gen:0>, entity=org.project.neutrino.nfvo.catalogue.mano.common.AbstractVirtualLink)
          - SQL table alias mapping - abstractvi0_
          - alias suffix - 0_
          - suffixed key columns - {id1_0_0_}

14:11:15.646 [Test worker] DEBUG o.h.loader.entity.plan.EntityLoader - Static select for entity org.project.neutrino.nfvo.catalogue.mano.common.AbstractVirtualLink [UPGRADE_SKIPLOCKED]: select abstractvi0_.id as id1_0_0_, abstractvi0_.connectivity_type as connecti2_0_0_, abstractvi0_.leaf_requirement as leaf_req3_0_0_, abstractvi0_.root_requirement as root_req4_0_0_, abstractvi0_.version as version5_0_0_, abstractvi0_.descriptor_version as descript1_52_0_, abstractvi0_.number_of_endpoints as number_o2_52_0_, abstractvi0_.vendor as vendor3_52_0_, abstractvi0_.vld_security_id as vld_secu4_52_0_, abstractvi0_.clazz_ as clazz_0_ from ( select id, connectivity_type, leaf_requirement, root_requirement, version, descriptor_version, number_of_endpoints, vendor, vld_security_id, 1 as clazz_ from virtual_link_descriptor union select id, connectivity_type, leaf_requirement, root_requirement, version, null as descriptor_version, null as number_of_endpoints, null as vendor, null as vld_security_id, 2 as clazz_ from internal_virtual_link ) abstractvi0_ where abstractvi0_.id=? for update
14:11:15.646 [Test worker] DEBUG o.h.l.p.b.i.spaces.QuerySpacesImpl - Adding QuerySpace : uid = <gen:0> -> org.hibernate.loader.plan.build.internal.spaces.EntityQuerySpaceImpl@37826cb9]
14:11:15.646 [Test worker] DEBUG o.h.p.w.spi.MetamodelGraphWalker - Visiting attribute path : connectivity_type
14:11:15.646 [Test worker] DEBUG o.h.p.w.spi.MetamodelGraphWalker - Visiting attribute path : leaf_requirement
14:11:15.646 [Test worker] DEBUG o.h.p.w.spi.MetamodelGraphWalker - Visiting attribute path : qos
14:11:15.646 [Test worker] DEBUG o.h.p.w.spi.MetamodelGraphWalker - Visiting attribute path : root_requirement
14:11:15.646 [Test worker] DEBUG o.h.p.w.spi.MetamodelGraphWalker - Visiting attribute path : test_access
14:11:15.646 [Test worker] DEBUG o.h.p.w.spi.MetamodelGraphWalker - Visiting attribute path : version
14:11:15.646 [Test worker] DEBUG o.h.p.w.spi.MetamodelGraphWalker - Visiting attribute path : connection_points_references
14:11:15.646 [Test worker] DEBUG o.h.l.p.b.i.spaces.QuerySpacesImpl - Adding QuerySpace : uid = <gen:1> -> org.hibernate.loader.plan.build.internal.spaces.CollectionQuerySpaceImpl@485d795d]
14:11:15.646 [Test worker] DEBUG o.h.p.w.spi.MetamodelGraphWalker - Visiting attribute path : connection
14:11:15.646 [Test worker] DEBUG o.h.p.w.spi.MetamodelGraphWalker - Visiting attribute path : descriptor_version
14:11:15.646 [Test worker] DEBUG o.h.p.w.spi.MetamodelGraphWalker - Visiting attribute path : number_of_endpoints
14:11:15.647 [Test worker] DEBUG o.h.p.w.spi.MetamodelGraphWalker - Visiting attribute path : vendor
14:11:15.647 [Test worker] DEBUG o.h.p.w.spi.MetamodelGraphWalker - Visiting attribute path : vld_security
14:11:15.647 [Test worker] DEBUG o.h.l.p.b.i.spaces.QuerySpacesImpl - Adding QuerySpace : uid = <gen:2> -> org.hibernate.loader.plan.build.internal.spaces.EntityQuerySpaceImpl@70caedc8]
14:11:15.647 [Test worker] DEBUG o.h.l.p.b.i.FetchStyleLoadPlanBuildingAssociationVisitationStrategy - Building LoadPlan...
14:11:15.647 [Test worker] DEBUG o.h.l.p.e.i.LoadQueryJoinAndFetchProcessor - processing queryspace <gen:0>
14:11:15.647 [Test worker] DEBUG o.h.l.p.b.spi.LoadPlanTreePrinter - LoadPlan(entity=org.project.neutrino.nfvo.catalogue.mano.common.AbstractVirtualLink)
    - Returns
       - EntityReturnImpl(entity=org.project.neutrino.nfvo.catalogue.mano.common.AbstractVirtualLink, querySpaceUid=<gen:0>, path=org.project.neutrino.nfvo.catalogue.mano.common.AbstractVirtualLink)
          - CollectionAttributeFetchImpl(collection=org.project.neutrino.nfvo.catalogue.mano.descriptor.InternalVirtualLink.connection_points_references, querySpaceUid=<gen:1>, path=org.project.neutrino.nfvo.catalogue.mano.common.AbstractVirtualLink.connection_points_references)
          - EntityAttributeFetchImpl(entity=org.project.neutrino.nfvo.catalogue.mano.common.Security, querySpaceUid=<gen:2>, path=org.project.neutrino.nfvo.catalogue.mano.common.AbstractVirtualLink.vld_security)
    - QuerySpaces
       - EntityQuerySpaceImpl(uid=<gen:0>, entity=org.project.neutrino.nfvo.catalogue.mano.common.AbstractVirtualLink)
          - SQL table alias mapping - abstractvi0_
          - alias suffix - 0_
          - suffixed key columns - {id1_0_0_}

14:11:15.647 [Test worker] DEBUG o.h.loader.entity.plan.EntityLoader - Static select for entity org.project.neutrino.nfvo.catalogue.mano.common.AbstractVirtualLink [FORCE]: select abstractvi0_.id as id1_0_0_, abstractvi0_.connectivity_type as connecti2_0_0_, abstractvi0_.leaf_requirement as leaf_req3_0_0_, abstractvi0_.root_requirement as root_req4_0_0_, abstractvi0_.version as version5_0_0_, abstractvi0_.descriptor_version as descript1_52_0_, abstractvi0_.number_of_endpoints as number_o2_52_0_, abstractvi0_.vendor as vendor3_52_0_, abstractvi0_.vld_security_id as vld_secu4_52_0_, abstractvi0_.clazz_ as clazz_0_ from ( select id, connectivity_type, leaf_requirement, root_requirement, version, descriptor_version, number_of_endpoints, vendor, vld_security_id, 1 as clazz_ from virtual_link_descriptor union select id, connectivity_type, leaf_requirement, root_requirement, version, null as descriptor_version, null as number_of_endpoints, null as vendor, null as vld_security_id, 2 as clazz_ from internal_virtual_link ) abstractvi0_ where abstractvi0_.id=? for update
14:11:15.647 [Test worker] DEBUG o.h.l.p.b.i.spaces.QuerySpacesImpl - Adding QuerySpace : uid = <gen:0> -> org.hibernate.loader.plan.build.internal.spaces.EntityQuerySpaceImpl@1ac11f52]
14:11:15.647 [Test worker] DEBUG o.h.p.w.spi.MetamodelGraphWalker - Visiting attribute path : connectivity_type
14:11:15.647 [Test worker] DEBUG o.h.p.w.spi.MetamodelGraphWalker - Visiting attribute path : leaf_requirement
14:11:15.647 [Test worker] DEBUG o.h.p.w.spi.MetamodelGraphWalker - Visiting attribute path : qos
14:11:15.647 [Test worker] DEBUG o.h.p.w.spi.MetamodelGraphWalker - Visiting attribute path : root_requirement
14:11:15.647 [Test worker] DEBUG o.h.p.w.spi.MetamodelGraphWalker - Visiting attribute path : test_access
14:11:15.647 [Test worker] DEBUG o.h.p.w.spi.MetamodelGraphWalker - Visiting attribute path : version
14:11:15.648 [Test worker] DEBUG o.h.p.w.spi.MetamodelGraphWalker - Visiting attribute path : connection_points_references
14:11:15.648 [Test worker] DEBUG o.h.l.p.b.i.spaces.QuerySpacesImpl - Adding QuerySpace : uid = <gen:1> -> org.hibernate.loader.plan.build.internal.spaces.CollectionQuerySpaceImpl@42f7fb4e]
14:11:15.648 [Test worker] DEBUG o.h.p.w.spi.MetamodelGraphWalker - Visiting attribute path : connection
14:11:15.648 [Test worker] DEBUG o.h.p.w.spi.MetamodelGraphWalker - Visiting attribute path : descriptor_version
14:11:15.648 [Test worker] DEBUG o.h.p.w.spi.MetamodelGraphWalker - Visiting attribute path : number_of_endpoints
14:11:15.648 [Test worker] DEBUG o.h.p.w.spi.MetamodelGraphWalker - Visiting attribute path : vendor
14:11:15.648 [Test worker] DEBUG o.h.p.w.spi.MetamodelGraphWalker - Visiting attribute path : vld_security
14:11:15.648 [Test worker] DEBUG o.h.l.p.b.i.spaces.QuerySpacesImpl - Adding QuerySpace : uid = <gen:2> -> org.hibernate.loader.plan.build.internal.spaces.EntityQuerySpaceImpl@2693e03b]
14:11:15.648 [Test worker] DEBUG o.h.l.p.b.i.FetchStyleLoadPlanBuildingAssociationVisitationStrategy - Building LoadPlan...
14:11:15.648 [Test worker] DEBUG o.h.l.p.e.i.LoadQueryJoinAndFetchProcessor - processing queryspace <gen:0>
14:11:15.648 [Test worker] DEBUG o.h.l.p.b.spi.LoadPlanTreePrinter - LoadPlan(entity=org.project.neutrino.nfvo.catalogue.mano.common.AbstractVirtualLink)
    - Returns
       - EntityReturnImpl(entity=org.project.neutrino.nfvo.catalogue.mano.common.AbstractVirtualLink, querySpaceUid=<gen:0>, path=org.project.neutrino.nfvo.catalogue.mano.common.AbstractVirtualLink)
          - CollectionAttributeFetchImpl(collection=org.project.neutrino.nfvo.catalogue.mano.descriptor.InternalVirtualLink.connection_points_references, querySpaceUid=<gen:1>, path=org.project.neutrino.nfvo.catalogue.mano.common.AbstractVirtualLink.connection_points_references)
          - EntityAttributeFetchImpl(entity=org.project.neutrino.nfvo.catalogue.mano.common.Security, querySpaceUid=<gen:2>, path=org.project.neutrino.nfvo.catalogue.mano.common.AbstractVirtualLink.vld_security)
    - QuerySpaces
       - EntityQuerySpaceImpl(uid=<gen:0>, entity=org.project.neutrino.nfvo.catalogue.mano.common.AbstractVirtualLink)
          - SQL table alias mapping - abstractvi0_
          - alias suffix - 0_
          - suffixed key columns - {id1_0_0_}

14:11:15.648 [Test worker] DEBUG o.h.loader.entity.plan.EntityLoader - Static select for entity org.project.neutrino.nfvo.catalogue.mano.common.AbstractVirtualLink [PESSIMISTIC_READ]: select abstractvi0_.id as id1_0_0_, abstractvi0_.connectivity_type as connecti2_0_0_, abstractvi0_.leaf_requirement as leaf_req3_0_0_, abstractvi0_.root_requirement as root_req4_0_0_, abstractvi0_.version as version5_0_0_, abstractvi0_.descriptor_version as descript1_52_0_, abstractvi0_.number_of_endpoints as number_o2_52_0_, abstractvi0_.vendor as vendor3_52_0_, abstractvi0_.vld_security_id as vld_secu4_52_0_, abstractvi0_.clazz_ as clazz_0_ from ( select id, connectivity_type, leaf_requirement, root_requirement, version, descriptor_version, number_of_endpoints, vendor, vld_security_id, 1 as clazz_ from virtual_link_descriptor union select id, connectivity_type, leaf_requirement, root_requirement, version, null as descriptor_version, null as number_of_endpoints, null as vendor, null as vld_security_id, 2 as clazz_ from internal_virtual_link ) abstractvi0_ where abstractvi0_.id=? lock in share mode
14:11:15.648 [Test worker] DEBUG o.h.l.p.b.i.spaces.QuerySpacesImpl - Adding QuerySpace : uid = <gen:0> -> org.hibernate.loader.plan.build.internal.spaces.EntityQuerySpaceImpl@36665546]
14:11:15.649 [Test worker] DEBUG o.h.p.w.spi.MetamodelGraphWalker - Visiting attribute path : connectivity_type
14:11:15.649 [Test worker] DEBUG o.h.p.w.spi.MetamodelGraphWalker - Visiting attribute path : leaf_requirement
14:11:15.649 [Test worker] DEBUG o.h.p.w.spi.MetamodelGraphWalker - Visiting attribute path : qos
14:11:15.649 [Test worker] DEBUG o.h.p.w.spi.MetamodelGraphWalker - Visiting attribute path : root_requirement
14:11:15.649 [Test worker] DEBUG o.h.p.w.spi.MetamodelGraphWalker - Visiting attribute path : test_access
14:11:15.649 [Test worker] DEBUG o.h.p.w.spi.MetamodelGraphWalker - Visiting attribute path : version
14:11:15.649 [Test worker] DEBUG o.h.p.w.spi.MetamodelGraphWalker - Visiting attribute path : connection_points_references
14:11:15.649 [Test worker] DEBUG o.h.l.p.b.i.spaces.QuerySpacesImpl - Adding QuerySpace : uid = <gen:1> -> org.hibernate.loader.plan.build.internal.spaces.CollectionQuerySpaceImpl@1553f9b2]
14:11:15.649 [Test worker] DEBUG o.h.p.w.spi.MetamodelGraphWalker - Visiting attribute path : connection
14:11:15.649 [Test worker] DEBUG o.h.p.w.spi.MetamodelGraphWalker - Visiting attribute path : descriptor_version
14:11:15.649 [Test worker] DEBUG o.h.p.w.spi.MetamodelGraphWalker - Visiting attribute path : number_of_endpoints
14:11:15.649 [Test worker] DEBUG o.h.p.w.spi.MetamodelGraphWalker - Visiting attribute path : vendor
14:11:15.649 [Test worker] DEBUG o.h.p.w.spi.MetamodelGraphWalker - Visiting attribute path : vld_security
14:11:15.649 [Test worker] DEBUG o.h.l.p.b.i.spaces.QuerySpacesImpl - Adding QuerySpace : uid = <gen:2> -> org.hibernate.loader.plan.build.internal.spaces.EntityQuerySpaceImpl@3c2e200e]
14:11:15.649 [Test worker] DEBUG o.h.l.p.b.i.FetchStyleLoadPlanBuildingAssociationVisitationStrategy - Building LoadPlan...
14:11:15.649 [Test worker] DEBUG o.h.l.p.e.i.LoadQueryJoinAndFetchProcessor - processing queryspace <gen:0>
14:11:15.649 [Test worker] DEBUG o.h.l.p.b.spi.LoadPlanTreePrinter - LoadPlan(entity=org.project.neutrino.nfvo.catalogue.mano.common.AbstractVirtualLink)
    - Returns
       - EntityReturnImpl(entity=org.project.neutrino.nfvo.catalogue.mano.common.AbstractVirtualLink, querySpaceUid=<gen:0>, path=org.project.neutrino.nfvo.catalogue.mano.common.AbstractVirtualLink)
          - CollectionAttributeFetchImpl(collection=org.project.neutrino.nfvo.catalogue.mano.descriptor.InternalVirtualLink.connection_points_references, querySpaceUid=<gen:1>, path=org.project.neutrino.nfvo.catalogue.mano.common.AbstractVirtualLink.connection_points_references)
          - EntityAttributeFetchImpl(entity=org.project.neutrino.nfvo.catalogue.mano.common.Security, querySpaceUid=<gen:2>, path=org.project.neutrino.nfvo.catalogue.mano.common.AbstractVirtualLink.vld_security)
    - QuerySpaces
       - EntityQuerySpaceImpl(uid=<gen:0>, entity=org.project.neutrino.nfvo.catalogue.mano.common.AbstractVirtualLink)
          - SQL table alias mapping - abstractvi0_
          - alias suffix - 0_
          - suffixed key columns - {id1_0_0_}

14:11:15.650 [Test worker] DEBUG o.h.loader.entity.plan.EntityLoader - Static select for entity org.project.neutrino.nfvo.catalogue.mano.common.AbstractVirtualLink [PESSIMISTIC_WRITE]: select abstractvi0_.id as id1_0_0_, abstractvi0_.connectivity_type as connecti2_0_0_, abstractvi0_.leaf_requirement as leaf_req3_0_0_, abstractvi0_.root_requirement as root_req4_0_0_, abstractvi0_.version as version5_0_0_, abstractvi0_.descriptor_version as descript1_52_0_, abstractvi0_.number_of_endpoints as number_o2_52_0_, abstractvi0_.vendor as vendor3_52_0_, abstractvi0_.vld_security_id as vld_secu4_52_0_, abstractvi0_.clazz_ as clazz_0_ from ( select id, connectivity_type, leaf_requirement, root_requirement, version, descriptor_version, number_of_endpoints, vendor, vld_security_id, 1 as clazz_ from virtual_link_descriptor union select id, connectivity_type, leaf_requirement, root_requirement, version, null as descriptor_version, null as number_of_endpoints, null as vendor, null as vld_security_id, 2 as clazz_ from internal_virtual_link ) abstractvi0_ where abstractvi0_.id=? for update
14:11:15.650 [Test worker] DEBUG o.h.l.p.b.i.spaces.QuerySpacesImpl - Adding QuerySpace : uid = <gen:0> -> org.hibernate.loader.plan.build.internal.spaces.EntityQuerySpaceImpl@783a95ff]
14:11:15.650 [Test worker] DEBUG o.h.p.w.spi.MetamodelGraphWalker - Visiting attribute path : connectivity_type
14:11:15.650 [Test worker] DEBUG o.h.p.w.spi.MetamodelGraphWalker - Visiting attribute path : leaf_requirement
14:11:15.650 [Test worker] DEBUG o.h.p.w.spi.MetamodelGraphWalker - Visiting attribute path : qos
14:11:15.650 [Test worker] DEBUG o.h.p.w.spi.MetamodelGraphWalker - Visiting attribute path : root_requirement
14:11:15.650 [Test worker] DEBUG o.h.p.w.spi.MetamodelGraphWalker - Visiting attribute path : test_access
14:11:15.650 [Test worker] DEBUG o.h.p.w.spi.MetamodelGraphWalker - Visiting attribute path : version
14:11:15.650 [Test worker] DEBUG o.h.p.w.spi.MetamodelGraphWalker - Visiting attribute path : connection_points_references
14:11:15.650 [Test worker] DEBUG o.h.l.p.b.i.spaces.QuerySpacesImpl - Adding QuerySpace : uid = <gen:1> -> org.hibernate.loader.plan.build.internal.spaces.CollectionQuerySpaceImpl@581d871e]
14:11:15.650 [Test worker] DEBUG o.h.p.w.spi.MetamodelGraphWalker - Visiting attribute path : connection
14:11:15.651 [Test worker] DEBUG o.h.p.w.spi.MetamodelGraphWalker - Visiting attribute path : descriptor_version
14:11:15.651 [Test worker] DEBUG o.h.p.w.spi.MetamodelGraphWalker - Visiting attribute path : number_of_endpoints
14:11:15.651 [Test worker] DEBUG o.h.p.w.spi.MetamodelGraphWalker - Visiting attribute path : vendor
14:11:15.651 [Test worker] DEBUG o.h.p.w.spi.MetamodelGraphWalker - Visiting attribute path : vld_security
14:11:15.651 [Test worker] DEBUG o.h.l.p.b.i.spaces.QuerySpacesImpl - Adding QuerySpace : uid = <gen:2> -> org.hibernate.loader.plan.build.internal.spaces.EntityQuerySpaceImpl@7a91efc3]
14:11:15.651 [Test worker] DEBUG o.h.l.p.b.i.FetchStyleLoadPlanBuildingAssociationVisitationStrategy - Building LoadPlan...
14:11:15.651 [Test worker] DEBUG o.h.l.p.e.i.LoadQueryJoinAndFetchProcessor - processing queryspace <gen:0>
14:11:15.651 [Test worker] DEBUG o.h.l.p.b.spi.LoadPlanTreePrinter - LoadPlan(entity=org.project.neutrino.nfvo.catalogue.mano.common.AbstractVirtualLink)
    - Returns
       - EntityReturnImpl(entity=org.project.neutrino.nfvo.catalogue.mano.common.AbstractVirtualLink, querySpaceUid=<gen:0>, path=org.project.neutrino.nfvo.catalogue.mano.common.AbstractVirtualLink)
          - CollectionAttributeFetchImpl(collection=org.project.neutrino.nfvo.catalogue.mano.descriptor.InternalVirtualLink.connection_points_references, querySpaceUid=<gen:1>, path=org.project.neutrino.nfvo.catalogue.mano.common.AbstractVirtualLink.connection_points_references)
          - EntityAttributeFetchImpl(entity=org.project.neutrino.nfvo.catalogue.mano.common.Security, querySpaceUid=<gen:2>, path=org.project.neutrino.nfvo.catalogue.mano.common.AbstractVirtualLink.vld_security)
    - QuerySpaces
       - EntityQuerySpaceImpl(uid=<gen:0>, entity=org.project.neutrino.nfvo.catalogue.mano.common.AbstractVirtualLink)
          - SQL table alias mapping - abstractvi0_
          - alias suffix - 0_
          - suffixed key columns - {id1_0_0_}

14:11:15.651 [Test worker] DEBUG o.h.loader.entity.plan.EntityLoader - Static select for entity org.project.neutrino.nfvo.catalogue.mano.common.AbstractVirtualLink [PESSIMISTIC_FORCE_INCREMENT]: select abstractvi0_.id as id1_0_0_, abstractvi0_.connectivity_type as connecti2_0_0_, abstractvi0_.leaf_requirement as leaf_req3_0_0_, abstractvi0_.root_requirement as root_req4_0_0_, abstractvi0_.version as version5_0_0_, abstractvi0_.descriptor_version as descript1_52_0_, abstractvi0_.number_of_endpoints as number_o2_52_0_, abstractvi0_.vendor as vendor3_52_0_, abstractvi0_.vld_security_id as vld_secu4_52_0_, abstractvi0_.clazz_ as clazz_0_ from ( select id, connectivity_type, leaf_requirement, root_requirement, version, descriptor_version, number_of_endpoints, vendor, vld_security_id, 1 as clazz_ from virtual_link_descriptor union select id, connectivity_type, leaf_requirement, root_requirement, version, null as descriptor_version, null as number_of_endpoints, null as vendor, null as vld_security_id, 2 as clazz_ from internal_virtual_link ) abstractvi0_ where abstractvi0_.id=? for update
14:11:15.651 [Test worker] DEBUG o.h.l.p.b.i.spaces.QuerySpacesImpl - Adding QuerySpace : uid = <gen:0> -> org.hibernate.loader.plan.build.internal.spaces.EntityQuerySpaceImpl@3142a13]
14:11:15.651 [Test worker] DEBUG o.h.p.w.spi.MetamodelGraphWalker - Visiting attribute path : connectivity_type
14:11:15.651 [Test worker] DEBUG o.h.p.w.spi.MetamodelGraphWalker - Visiting attribute path : leaf_requirement
14:11:15.652 [Test worker] DEBUG o.h.p.w.spi.MetamodelGraphWalker - Visiting attribute path : qos
14:11:15.652 [Test worker] DEBUG o.h.p.w.spi.MetamodelGraphWalker - Visiting attribute path : root_requirement
14:11:15.652 [Test worker] DEBUG o.h.p.w.spi.MetamodelGraphWalker - Visiting attribute path : test_access
14:11:15.652 [Test worker] DEBUG o.h.p.w.spi.MetamodelGraphWalker - Visiting attribute path : version
14:11:15.652 [Test worker] DEBUG o.h.p.w.spi.MetamodelGraphWalker - Visiting attribute path : connection_points_references
14:11:15.652 [Test worker] DEBUG o.h.l.p.b.i.spaces.QuerySpacesImpl - Adding QuerySpace : uid = <gen:1> -> org.hibernate.loader.plan.build.internal.spaces.CollectionQuerySpaceImpl@53cd9646]
14:11:15.652 [Test worker] DEBUG o.h.p.w.spi.MetamodelGraphWalker - Visiting attribute path : connection
14:11:15.652 [Test worker] DEBUG o.h.p.w.spi.MetamodelGraphWalker - Visiting attribute path : descriptor_version
14:11:15.652 [Test worker] DEBUG o.h.p.w.spi.MetamodelGraphWalker - Visiting attribute path : number_of_endpoints
14:11:15.652 [Test worker] DEBUG o.h.p.w.spi.MetamodelGraphWalker - Visiting attribute path : vendor
14:11:15.652 [Test worker] DEBUG o.h.p.w.spi.MetamodelGraphWalker - Visiting attribute path : vld_security
14:11:15.652 [Test worker] DEBUG o.h.l.p.b.i.spaces.QuerySpacesImpl - Adding QuerySpace : uid = <gen:2> -> org.hibernate.loader.plan.build.internal.spaces.EntityQuerySpaceImpl@5e44f8a5]
14:11:15.652 [Test worker] DEBUG o.h.l.p.b.i.FetchStyleLoadPlanBuildingAssociationVisitationStrategy - Building LoadPlan...
14:11:15.652 [Test worker] DEBUG o.h.l.p.e.i.LoadQueryJoinAndFetchProcessor - processing queryspace <gen:0>
14:11:15.652 [Test worker] DEBUG o.h.l.p.b.spi.LoadPlanTreePrinter - LoadPlan(entity=org.project.neutrino.nfvo.catalogue.mano.common.AbstractVirtualLink)
    - Returns
       - EntityReturnImpl(entity=org.project.neutrino.nfvo.catalogue.mano.common.AbstractVirtualLink, querySpaceUid=<gen:0>, path=org.project.neutrino.nfvo.catalogue.mano.common.AbstractVirtualLink)
          - CollectionAttributeFetchImpl(collection=org.project.neutrino.nfvo.catalogue.mano.descriptor.InternalVirtualLink.connection_points_references, querySpaceUid=<gen:1>, path=org.project.neutrino.nfvo.catalogue.mano.common.AbstractVirtualLink.connection_points_references)
          - EntityAttributeFetchImpl(entity=org.project.neutrino.nfvo.catalogue.mano.common.Security, querySpaceUid=<gen:2>, path=org.project.neutrino.nfvo.catalogue.mano.common.AbstractVirtualLink.vld_security)
    - QuerySpaces
       - EntityQuerySpaceImpl(uid=<gen:0>, entity=org.project.neutrino.nfvo.catalogue.mano.common.AbstractVirtualLink)
          - SQL table alias mapping - abstractvi0_
          - alias suffix - 0_
          - suffixed key columns - {id1_0_0_}

14:11:15.652 [Test worker] DEBUG o.h.loader.entity.plan.EntityLoader - Static select for entity org.project.neutrino.nfvo.catalogue.mano.common.AbstractVirtualLink [OPTIMISTIC]: select abstractvi0_.id as id1_0_0_, abstractvi0_.connectivity_type as connecti2_0_0_, abstractvi0_.leaf_requirement as leaf_req3_0_0_, abstractvi0_.root_requirement as root_req4_0_0_, abstractvi0_.version as version5_0_0_, abstractvi0_.descriptor_version as descript1_52_0_, abstractvi0_.number_of_endpoints as number_o2_52_0_, abstractvi0_.vendor as vendor3_52_0_, abstractvi0_.vld_security_id as vld_secu4_52_0_, abstractvi0_.clazz_ as clazz_0_ from ( select id, connectivity_type, leaf_requirement, root_requirement, version, descriptor_version, number_of_endpoints, vendor, vld_security_id, 1 as clazz_ from virtual_link_descriptor union select id, connectivity_type, leaf_requirement, root_requirement, version, null as descriptor_version, null as number_of_endpoints, null as vendor, null as vld_security_id, 2 as clazz_ from internal_virtual_link ) abstractvi0_ where abstractvi0_.id=?
14:11:15.652 [Test worker] DEBUG o.h.l.p.b.i.spaces.QuerySpacesImpl - Adding QuerySpace : uid = <gen:0> -> org.hibernate.loader.plan.build.internal.spaces.EntityQuerySpaceImpl@22048fd]
14:11:15.652 [Test worker] DEBUG o.h.p.w.spi.MetamodelGraphWalker - Visiting attribute path : connectivity_type
14:11:15.652 [Test worker] DEBUG o.h.p.w.spi.MetamodelGraphWalker - Visiting attribute path : leaf_requirement
14:11:15.652 [Test worker] DEBUG o.h.p.w.spi.MetamodelGraphWalker - Visiting attribute path : qos
14:11:15.652 [Test worker] DEBUG o.h.p.w.spi.MetamodelGraphWalker - Visiting attribute path : root_requirement
14:11:15.652 [Test worker] DEBUG o.h.p.w.spi.MetamodelGraphWalker - Visiting attribute path : test_access
14:11:15.652 [Test worker] DEBUG o.h.p.w.spi.MetamodelGraphWalker - Visiting attribute path : version
14:11:15.652 [Test worker] DEBUG o.h.p.w.spi.MetamodelGraphWalker - Visiting attribute path : connection_points_references
14:11:15.652 [Test worker] DEBUG o.h.l.p.b.i.spaces.QuerySpacesImpl - Adding QuerySpace : uid = <gen:1> -> org.hibernate.loader.plan.build.internal.spaces.CollectionQuerySpaceImpl@24b3a041]
14:11:15.652 [Test worker] DEBUG o.h.p.w.spi.MetamodelGraphWalker - Visiting attribute path : connection
14:11:15.652 [Test worker] DEBUG o.h.p.w.spi.MetamodelGraphWalker - Visiting attribute path : descriptor_version
14:11:15.652 [Test worker] DEBUG o.h.p.w.spi.MetamodelGraphWalker - Visiting attribute path : number_of_endpoints
14:11:15.652 [Test worker] DEBUG o.h.p.w.spi.MetamodelGraphWalker - Visiting attribute path : vendor
14:11:15.652 [Test worker] DEBUG o.h.p.w.spi.MetamodelGraphWalker - Visiting attribute path : vld_security
14:11:15.652 [Test worker] DEBUG o.h.l.p.b.i.spaces.QuerySpacesImpl - Adding QuerySpace : uid = <gen:2> -> org.hibernate.loader.plan.build.internal.spaces.EntityQuerySpaceImpl@cde1e3a]
14:11:15.653 [Test worker] DEBUG o.h.l.p.b.i.FetchStyleLoadPlanBuildingAssociationVisitationStrategy - Building LoadPlan...
14:11:15.653 [Test worker] DEBUG o.h.l.p.e.i.LoadQueryJoinAndFetchProcessor - processing queryspace <gen:0>
14:11:15.653 [Test worker] DEBUG o.h.l.p.b.spi.LoadPlanTreePrinter - LoadPlan(entity=org.project.neutrino.nfvo.catalogue.mano.common.AbstractVirtualLink)
    - Returns
       - EntityReturnImpl(entity=org.project.neutrino.nfvo.catalogue.mano.common.AbstractVirtualLink, querySpaceUid=<gen:0>, path=org.project.neutrino.nfvo.catalogue.mano.common.AbstractVirtualLink)
          - CollectionAttributeFetchImpl(collection=org.project.neutrino.nfvo.catalogue.mano.descriptor.InternalVirtualLink.connection_points_references, querySpaceUid=<gen:1>, path=org.project.neutrino.nfvo.catalogue.mano.common.AbstractVirtualLink.connection_points_references)
          - EntityAttributeFetchImpl(entity=org.project.neutrino.nfvo.catalogue.mano.common.Security, querySpaceUid=<gen:2>, path=org.project.neutrino.nfvo.catalogue.mano.common.AbstractVirtualLink.vld_security)
    - QuerySpaces
       - EntityQuerySpaceImpl(uid=<gen:0>, entity=org.project.neutrino.nfvo.catalogue.mano.common.AbstractVirtualLink)
          - SQL table alias mapping - abstractvi0_
          - alias suffix - 0_
          - suffixed key columns - {id1_0_0_}

14:11:15.653 [Test worker] DEBUG o.h.loader.entity.plan.EntityLoader - Static select for entity org.project.neutrino.nfvo.catalogue.mano.common.AbstractVirtualLink [OPTIMISTIC_FORCE_INCREMENT]: select abstractvi0_.id as id1_0_0_, abstractvi0_.connectivity_type as connecti2_0_0_, abstractvi0_.leaf_requirement as leaf_req3_0_0_, abstractvi0_.root_requirement as root_req4_0_0_, abstractvi0_.version as version5_0_0_, abstractvi0_.descriptor_version as descript1_52_0_, abstractvi0_.number_of_endpoints as number_o2_52_0_, abstractvi0_.vendor as vendor3_52_0_, abstractvi0_.vld_security_id as vld_secu4_52_0_, abstractvi0_.clazz_ as clazz_0_ from ( select id, connectivity_type, leaf_requirement, root_requirement, version, descriptor_version, number_of_endpoints, vendor, vld_security_id, 1 as clazz_ from virtual_link_descriptor union select id, connectivity_type, leaf_requirement, root_requirement, version, null as descriptor_version, null as number_of_endpoints, null as vendor, null as vld_security_id, 2 as clazz_ from internal_virtual_link ) abstractvi0_ where abstractvi0_.id=?
14:11:15.653 [Test worker] DEBUG org.hibernate.loader.Loader - Static select for action ACTION_MERGE on entity org.project.neutrino.nfvo.catalogue.mano.common.AbstractVirtualLink: select abstractvi0_.id as id1_0_1_, abstractvi0_.connectivity_type as connecti2_0_1_, abstractvi0_.leaf_requirement as leaf_req3_0_1_, abstractvi0_.root_requirement as root_req4_0_1_, abstractvi0_.version as version5_0_1_, abstractvi0_.descriptor_version as descript1_52_1_, abstractvi0_.number_of_endpoints as number_o2_52_1_, abstractvi0_.vendor as vendor3_52_1_, abstractvi0_.vld_security_id as vld_secu4_52_1_, abstractvi0_.clazz_ as clazz_1_, security1_.id as id1_43_0_, security1_.version as version2_43_0_ from ( select id, connectivity_type, leaf_requirement, root_requirement, version, descriptor_version, number_of_endpoints, vendor, vld_security_id, 1 as clazz_ from virtual_link_descriptor union select id, connectivity_type, leaf_requirement, root_requirement, version, null as descriptor_version, null as number_of_endpoints, null as vendor, null as vld_security_id, 2 as clazz_ from internal_virtual_link ) abstractvi0_ left outer join security security1_ on abstractvi0_.vld_security_id=security1_.id where abstractvi0_.id=?
14:11:15.653 [Test worker] DEBUG org.hibernate.loader.Loader - Static select for action ACTION_REFRESH on entity org.project.neutrino.nfvo.catalogue.mano.common.AbstractVirtualLink: select abstractvi0_.id as id1_0_1_, abstractvi0_.connectivity_type as connecti2_0_1_, abstractvi0_.leaf_requirement as leaf_req3_0_1_, abstractvi0_.root_requirement as root_req4_0_1_, abstractvi0_.version as version5_0_1_, abstractvi0_.descriptor_version as descript1_52_1_, abstractvi0_.number_of_endpoints as number_o2_52_1_, abstractvi0_.vendor as vendor3_52_1_, abstractvi0_.vld_security_id as vld_secu4_52_1_, abstractvi0_.clazz_ as clazz_1_, security1_.id as id1_43_0_, security1_.version as version2_43_0_ from ( select id, connectivity_type, leaf_requirement, root_requirement, version, descriptor_version, number_of_endpoints, vendor, vld_security_id, 1 as clazz_ from virtual_link_descriptor union select id, connectivity_type, leaf_requirement, root_requirement, version, null as descriptor_version, null as number_of_endpoints, null as vendor, null as vld_security_id, 2 as clazz_ from internal_virtual_link ) abstractvi0_ left outer join security security1_ on abstractvi0_.vld_security_id=security1_.id where abstractvi0_.id=?
14:11:15.653 [Test worker] DEBUG o.h.p.entity.AbstractEntityPersister - Static SQL for entity: org.project.neutrino.nfvo.catalogue.mano.descriptor.PhysicalNetworkFunctionDescriptor
14:11:15.653 [Test worker] DEBUG o.h.p.entity.AbstractEntityPersister -  Version select: select hb_version from physical_network_function_descriptor where id =?
14:11:15.653 [Test worker] DEBUG o.h.p.entity.AbstractEntityPersister -  Snapshot select: select physicalne_.id, physicalne_.description as descript2_35_, physicalne_.descriptor_version as descript3_35_, physicalne_.hb_version as hb_versi4_35_, physicalne_.pnfd_security_id as pnfd_sec7_35_, physicalne_.vendor as vendor5_35_, physicalne_.version as version6_35_ from physical_network_function_descriptor physicalne_ where physicalne_.id=?
14:11:15.653 [Test worker] DEBUG o.h.p.entity.AbstractEntityPersister -  Insert 0: insert into physical_network_function_descriptor (description, descriptor_version, hb_version, pnfd_security_id, vendor, version, id) values (?, ?, ?, ?, ?, ?, ?)
14:11:15.653 [Test worker] DEBUG o.h.p.entity.AbstractEntityPersister -  Update 0: update physical_network_function_descriptor set description=?, descriptor_version=?, hb_version=?, pnfd_security_id=?, vendor=?, version=? where id=? and hb_version=?
14:11:15.653 [Test worker] DEBUG o.h.p.entity.AbstractEntityPersister -  Delete 0: delete from physical_network_function_descriptor where id=? and hb_version=?
14:11:15.653 [Test worker] DEBUG o.h.l.p.b.i.spaces.QuerySpacesImpl - Adding QuerySpace : uid = <gen:0> -> org.hibernate.loader.plan.build.internal.spaces.EntityQuerySpaceImpl@4a92786f]
14:11:15.653 [Test worker] DEBUG o.h.p.w.spi.MetamodelGraphWalker - Visiting attribute path : connection_point
14:11:15.653 [Test worker] DEBUG o.h.p.w.spi.MetamodelGraphWalker - Visiting attribute path : description
14:11:15.653 [Test worker] DEBUG o.h.p.w.spi.MetamodelGraphWalker - Visiting attribute path : descriptor_version
14:11:15.654 [Test worker] DEBUG o.h.p.w.spi.MetamodelGraphWalker - Visiting attribute path : hb_version
14:11:15.654 [Test worker] DEBUG o.h.p.w.spi.MetamodelGraphWalker - Visiting attribute path : pnfd_security
14:11:15.654 [Test worker] DEBUG o.h.l.p.b.i.spaces.QuerySpacesImpl - Adding QuerySpace : uid = <gen:1> -> org.hibernate.loader.plan.build.internal.spaces.EntityQuerySpaceImpl@9c5a4c5]
14:11:15.654 [Test worker] DEBUG o.h.p.w.spi.MetamodelGraphWalker - Visiting attribute path : pnfd_security.version
14:11:15.654 [Test worker] DEBUG o.h.p.w.spi.MetamodelGraphWalker - Visiting attribute path : vendor
14:11:15.654 [Test worker] DEBUG o.h.p.w.spi.MetamodelGraphWalker - Visiting attribute path : version
14:11:15.654 [Test worker] DEBUG o.h.l.p.b.i.FetchStyleLoadPlanBuildingAssociationVisitationStrategy - Building LoadPlan...
14:11:15.654 [Test worker] DEBUG o.h.l.p.e.i.LoadQueryJoinAndFetchProcessor - processing queryspace <gen:0>
14:11:15.654 [Test worker] DEBUG o.h.l.p.b.spi.LoadPlanTreePrinter - LoadPlan(entity=org.project.neutrino.nfvo.catalogue.mano.descriptor.PhysicalNetworkFunctionDescriptor)
    - Returns
       - EntityReturnImpl(entity=org.project.neutrino.nfvo.catalogue.mano.descriptor.PhysicalNetworkFunctionDescriptor, querySpaceUid=<gen:0>, path=org.project.neutrino.nfvo.catalogue.mano.descriptor.PhysicalNetworkFunctionDescriptor)
          - EntityAttributeFetchImpl(entity=org.project.neutrino.nfvo.catalogue.mano.common.Security, querySpaceUid=<gen:1>, path=org.project.neutrino.nfvo.catalogue.mano.descriptor.PhysicalNetworkFunctionDescriptor.pnfd_security)
    - QuerySpaces
       - EntityQuerySpaceImpl(uid=<gen:0>, entity=org.project.neutrino.nfvo.catalogue.mano.descriptor.PhysicalNetworkFunctionDescriptor)
          - SQL table alias mapping - physicalne0_
          - alias suffix - 0_
          - suffixed key columns - {id1_35_0_}
          - JOIN (JoinDefinedByMetadata(pnfd_security)) : <gen:0> -> <gen:1>
             - EntityQuerySpaceImpl(uid=<gen:1>, entity=org.project.neutrino.nfvo.catalogue.mano.common.Security)
                - SQL table alias mapping - security1_
                - alias suffix - 1_
                - suffixed key columns - {id1_43_1_}

14:11:15.654 [Test worker] DEBUG o.h.loader.entity.plan.EntityLoader - Static select for entity org.project.neutrino.nfvo.catalogue.mano.descriptor.PhysicalNetworkFunctionDescriptor [NONE]: select physicalne0_.id as id1_35_0_, physicalne0_.description as descript2_35_0_, physicalne0_.descriptor_version as descript3_35_0_, physicalne0_.hb_version as hb_versi4_35_0_, physicalne0_.pnfd_security_id as pnfd_sec7_35_0_, physicalne0_.vendor as vendor5_35_0_, physicalne0_.version as version6_35_0_, security1_.id as id1_43_1_, security1_.version as version2_43_1_ from physical_network_function_descriptor physicalne0_ left outer join security security1_ on physicalne0_.pnfd_security_id=security1_.id where physicalne0_.id=?
14:11:15.654 [Test worker] DEBUG o.h.l.p.b.i.spaces.QuerySpacesImpl - Adding QuerySpace : uid = <gen:0> -> org.hibernate.loader.plan.build.internal.spaces.EntityQuerySpaceImpl@85bcefd]
14:11:15.654 [Test worker] DEBUG o.h.p.w.spi.MetamodelGraphWalker - Visiting attribute path : connection_point
14:11:15.654 [Test worker] DEBUG o.h.p.w.spi.MetamodelGraphWalker - Visiting attribute path : description
14:11:15.654 [Test worker] DEBUG o.h.p.w.spi.MetamodelGraphWalker - Visiting attribute path : descriptor_version
14:11:15.654 [Test worker] DEBUG o.h.p.w.spi.MetamodelGraphWalker - Visiting attribute path : hb_version
14:11:15.655 [Test worker] DEBUG o.h.p.w.spi.MetamodelGraphWalker - Visiting attribute path : pnfd_security
14:11:15.655 [Test worker] DEBUG o.h.l.p.b.i.spaces.QuerySpacesImpl - Adding QuerySpace : uid = <gen:1> -> org.hibernate.loader.plan.build.internal.spaces.EntityQuerySpaceImpl@3eaa564]
14:11:15.655 [Test worker] DEBUG o.h.p.w.spi.MetamodelGraphWalker - Visiting attribute path : pnfd_security.version
14:11:15.655 [Test worker] DEBUG o.h.p.w.spi.MetamodelGraphWalker - Visiting attribute path : vendor
14:11:15.655 [Test worker] DEBUG o.h.p.w.spi.MetamodelGraphWalker - Visiting attribute path : version
14:11:15.655 [Test worker] DEBUG o.h.l.p.b.i.FetchStyleLoadPlanBuildingAssociationVisitationStrategy - Building LoadPlan...
14:11:15.655 [Test worker] DEBUG o.h.l.p.e.i.LoadQueryJoinAndFetchProcessor - processing queryspace <gen:0>
14:11:15.655 [Test worker] DEBUG o.h.l.p.b.spi.LoadPlanTreePrinter - LoadPlan(entity=org.project.neutrino.nfvo.catalogue.mano.descriptor.PhysicalNetworkFunctionDescriptor)
    - Returns
       - EntityReturnImpl(entity=org.project.neutrino.nfvo.catalogue.mano.descriptor.PhysicalNetworkFunctionDescriptor, querySpaceUid=<gen:0>, path=org.project.neutrino.nfvo.catalogue.mano.descriptor.PhysicalNetworkFunctionDescriptor)
          - EntityAttributeFetchImpl(entity=org.project.neutrino.nfvo.catalogue.mano.common.Security, querySpaceUid=<gen:1>, path=org.project.neutrino.nfvo.catalogue.mano.descriptor.PhysicalNetworkFunctionDescriptor.pnfd_security)
    - QuerySpaces
       - EntityQuerySpaceImpl(uid=<gen:0>, entity=org.project.neutrino.nfvo.catalogue.mano.descriptor.PhysicalNetworkFunctionDescriptor)
          - SQL table alias mapping - physicalne0_
          - alias suffix - 0_
          - suffixed key columns - {id1_35_0_}
          - JOIN (JoinDefinedByMetadata(pnfd_security)) : <gen:0> -> <gen:1>
             - EntityQuerySpaceImpl(uid=<gen:1>, entity=org.project.neutrino.nfvo.catalogue.mano.common.Security)
                - SQL table alias mapping - security1_
                - alias suffix - 1_
                - suffixed key columns - {id1_43_1_}

14:11:15.655 [Test worker] DEBUG o.h.loader.entity.plan.EntityLoader - Static select for entity org.project.neutrino.nfvo.catalogue.mano.descriptor.PhysicalNetworkFunctionDescriptor [READ]: select physicalne0_.id as id1_35_0_, physicalne0_.description as descript2_35_0_, physicalne0_.descriptor_version as descript3_35_0_, physicalne0_.hb_version as hb_versi4_35_0_, physicalne0_.pnfd_security_id as pnfd_sec7_35_0_, physicalne0_.vendor as vendor5_35_0_, physicalne0_.version as version6_35_0_, security1_.id as id1_43_1_, security1_.version as version2_43_1_ from physical_network_function_descriptor physicalne0_ left outer join security security1_ on physicalne0_.pnfd_security_id=security1_.id where physicalne0_.id=?
14:11:15.655 [Test worker] DEBUG o.h.l.p.b.i.spaces.QuerySpacesImpl - Adding QuerySpace : uid = <gen:0> -> org.hibernate.loader.plan.build.internal.spaces.EntityQuerySpaceImpl@5b7a3dea]
14:11:15.655 [Test worker] DEBUG o.h.p.w.spi.MetamodelGraphWalker - Visiting attribute path : connection_point
14:11:15.655 [Test worker] DEBUG o.h.p.w.spi.MetamodelGraphWalker - Visiting attribute path : description
14:11:15.656 [Test worker] DEBUG o.h.p.w.spi.MetamodelGraphWalker - Visiting attribute path : descriptor_version
14:11:15.656 [Test worker] DEBUG o.h.p.w.spi.MetamodelGraphWalker - Visiting attribute path : hb_version
14:11:15.656 [Test worker] DEBUG o.h.p.w.spi.MetamodelGraphWalker - Visiting attribute path : pnfd_security
14:11:15.656 [Test worker] DEBUG o.h.l.p.b.i.spaces.QuerySpacesImpl - Adding QuerySpace : uid = <gen:1> -> org.hibernate.loader.plan.build.internal.spaces.EntityQuerySpaceImpl@3dbfaf86]
14:11:15.656 [Test worker] DEBUG o.h.p.w.spi.MetamodelGraphWalker - Visiting attribute path : vendor
14:11:15.656 [Test worker] DEBUG o.h.p.w.spi.MetamodelGraphWalker - Visiting attribute path : version
14:11:15.656 [Test worker] DEBUG o.h.l.p.b.i.FetchStyleLoadPlanBuildingAssociationVisitationStrategy - Building LoadPlan...
14:11:15.656 [Test worker] DEBUG o.h.l.p.e.i.LoadQueryJoinAndFetchProcessor - processing queryspace <gen:0>
14:11:15.656 [Test worker] DEBUG o.h.l.p.b.spi.LoadPlanTreePrinter - LoadPlan(entity=org.project.neutrino.nfvo.catalogue.mano.descriptor.PhysicalNetworkFunctionDescriptor)
    - Returns
       - EntityReturnImpl(entity=org.project.neutrino.nfvo.catalogue.mano.descriptor.PhysicalNetworkFunctionDescriptor, querySpaceUid=<gen:0>, path=org.project.neutrino.nfvo.catalogue.mano.descriptor.PhysicalNetworkFunctionDescriptor)
          - EntityAttributeFetchImpl(entity=org.project.neutrino.nfvo.catalogue.mano.common.Security, querySpaceUid=<gen:1>, path=org.project.neutrino.nfvo.catalogue.mano.descriptor.PhysicalNetworkFunctionDescriptor.pnfd_security)
    - QuerySpaces
       - EntityQuerySpaceImpl(uid=<gen:0>, entity=org.project.neutrino.nfvo.catalogue.mano.descriptor.PhysicalNetworkFunctionDescriptor)
          - SQL table alias mapping - physicalne0_
          - alias suffix - 0_
          - suffixed key columns - {id1_35_0_}

14:11:15.656 [Test worker] DEBUG o.h.loader.entity.plan.EntityLoader - Static select for entity org.project.neutrino.nfvo.catalogue.mano.descriptor.PhysicalNetworkFunctionDescriptor [UPGRADE]: select physicalne0_.id as id1_35_0_, physicalne0_.description as descript2_35_0_, physicalne0_.descriptor_version as descript3_35_0_, physicalne0_.hb_version as hb_versi4_35_0_, physicalne0_.pnfd_security_id as pnfd_sec7_35_0_, physicalne0_.vendor as vendor5_35_0_, physicalne0_.version as version6_35_0_ from physical_network_function_descriptor physicalne0_ where physicalne0_.id=? for update
14:11:15.656 [Test worker] DEBUG o.h.l.p.b.i.spaces.QuerySpacesImpl - Adding QuerySpace : uid = <gen:0> -> org.hibernate.loader.plan.build.internal.spaces.EntityQuerySpaceImpl@739ca615]
14:11:15.657 [Test worker] DEBUG o.h.p.w.spi.MetamodelGraphWalker - Visiting attribute path : connection_point
14:11:15.657 [Test worker] DEBUG o.h.p.w.spi.MetamodelGraphWalker - Visiting attribute path : description
14:11:15.657 [Test worker] DEBUG o.h.p.w.spi.MetamodelGraphWalker - Visiting attribute path : descriptor_version
14:11:15.657 [Test worker] DEBUG o.h.p.w.spi.MetamodelGraphWalker - Visiting attribute path : hb_version
14:11:15.657 [Test worker] DEBUG o.h.p.w.spi.MetamodelGraphWalker - Visiting attribute path : pnfd_security
14:11:15.657 [Test worker] DEBUG o.h.l.p.b.i.spaces.QuerySpacesImpl - Adding QuerySpace : uid = <gen:1> -> org.hibernate.loader.plan.build.internal.spaces.EntityQuerySpaceImpl@8dc2faa]
14:11:15.657 [Test worker] DEBUG o.h.p.w.spi.MetamodelGraphWalker - Visiting attribute path : vendor
14:11:15.657 [Test worker] DEBUG o.h.p.w.spi.MetamodelGraphWalker - Visiting attribute path : version
14:11:15.657 [Test worker] DEBUG o.h.l.p.b.i.FetchStyleLoadPlanBuildingAssociationVisitationStrategy - Building LoadPlan...
14:11:15.657 [Test worker] DEBUG o.h.l.p.e.i.LoadQueryJoinAndFetchProcessor - processing queryspace <gen:0>
14:11:15.658 [Test worker] DEBUG o.h.l.p.b.spi.LoadPlanTreePrinter - LoadPlan(entity=org.project.neutrino.nfvo.catalogue.mano.descriptor.PhysicalNetworkFunctionDescriptor)
    - Returns
       - EntityReturnImpl(entity=org.project.neutrino.nfvo.catalogue.mano.descriptor.PhysicalNetworkFunctionDescriptor, querySpaceUid=<gen:0>, path=org.project.neutrino.nfvo.catalogue.mano.descriptor.PhysicalNetworkFunctionDescriptor)
          - EntityAttributeFetchImpl(entity=org.project.neutrino.nfvo.catalogue.mano.common.Security, querySpaceUid=<gen:1>, path=org.project.neutrino.nfvo.catalogue.mano.descriptor.PhysicalNetworkFunctionDescriptor.pnfd_security)
    - QuerySpaces
       - EntityQuerySpaceImpl(uid=<gen:0>, entity=org.project.neutrino.nfvo.catalogue.mano.descriptor.PhysicalNetworkFunctionDescriptor)
          - SQL table alias mapping - physicalne0_
          - alias suffix - 0_
          - suffixed key columns - {id1_35_0_}

14:11:15.658 [Test worker] DEBUG o.h.loader.entity.plan.EntityLoader - Static select for entity org.project.neutrino.nfvo.catalogue.mano.descriptor.PhysicalNetworkFunctionDescriptor [UPGRADE_NOWAIT]: select physicalne0_.id as id1_35_0_, physicalne0_.description as descript2_35_0_, physicalne0_.descriptor_version as descript3_35_0_, physicalne0_.hb_version as hb_versi4_35_0_, physicalne0_.pnfd_security_id as pnfd_sec7_35_0_, physicalne0_.vendor as vendor5_35_0_, physicalne0_.version as version6_35_0_ from physical_network_function_descriptor physicalne0_ where physicalne0_.id=? for update
14:11:15.658 [Test worker] DEBUG o.h.l.p.b.i.spaces.QuerySpacesImpl - Adding QuerySpace : uid = <gen:0> -> org.hibernate.loader.plan.build.internal.spaces.EntityQuerySpaceImpl@2fbd4671]
14:11:15.658 [Test worker] DEBUG o.h.p.w.spi.MetamodelGraphWalker - Visiting attribute path : connection_point
14:11:15.658 [Test worker] DEBUG o.h.p.w.spi.MetamodelGraphWalker - Visiting attribute path : description
14:11:15.658 [Test worker] DEBUG o.h.p.w.spi.MetamodelGraphWalker - Visiting attribute path : descriptor_version
14:11:15.658 [Test worker] DEBUG o.h.p.w.spi.MetamodelGraphWalker - Visiting attribute path : hb_version
14:11:15.658 [Test worker] DEBUG o.h.p.w.spi.MetamodelGraphWalker - Visiting attribute path : pnfd_security
14:11:15.658 [Test worker] DEBUG o.h.l.p.b.i.spaces.QuerySpacesImpl - Adding QuerySpace : uid = <gen:1> -> org.hibernate.loader.plan.build.internal.spaces.EntityQuerySpaceImpl@4be2799c]
14:11:15.658 [Test worker] DEBUG o.h.p.w.spi.MetamodelGraphWalker - Visiting attribute path : vendor
14:11:15.658 [Test worker] DEBUG o.h.p.w.spi.MetamodelGraphWalker - Visiting attribute path : version
14:11:15.658 [Test worker] DEBUG o.h.l.p.b.i.FetchStyleLoadPlanBuildingAssociationVisitationStrategy - Building LoadPlan...
14:11:15.659 [Test worker] DEBUG o.h.l.p.e.i.LoadQueryJoinAndFetchProcessor - processing queryspace <gen:0>
14:11:15.659 [Test worker] DEBUG o.h.l.p.b.spi.LoadPlanTreePrinter - LoadPlan(entity=org.project.neutrino.nfvo.catalogue.mano.descriptor.PhysicalNetworkFunctionDescriptor)
    - Returns
       - EntityReturnImpl(entity=org.project.neutrino.nfvo.catalogue.mano.descriptor.PhysicalNetworkFunctionDescriptor, querySpaceUid=<gen:0>, path=org.project.neutrino.nfvo.catalogue.mano.descriptor.PhysicalNetworkFunctionDescriptor)
          - EntityAttributeFetchImpl(entity=org.project.neutrino.nfvo.catalogue.mano.common.Security, querySpaceUid=<gen:1>, path=org.project.neutrino.nfvo.catalogue.mano.descriptor.PhysicalNetworkFunctionDescriptor.pnfd_security)
    - QuerySpaces
       - EntityQuerySpaceImpl(uid=<gen:0>, entity=org.project.neutrino.nfvo.catalogue.mano.descriptor.PhysicalNetworkFunctionDescriptor)
          - SQL table alias mapping - physicalne0_
          - alias suffix - 0_
          - suffixed key columns - {id1_35_0_}

14:11:15.659 [Test worker] DEBUG o.h.loader.entity.plan.EntityLoader - Static select for entity org.project.neutrino.nfvo.catalogue.mano.descriptor.PhysicalNetworkFunctionDescriptor [UPGRADE_SKIPLOCKED]: select physicalne0_.id as id1_35_0_, physicalne0_.description as descript2_35_0_, physicalne0_.descriptor_version as descript3_35_0_, physicalne0_.hb_version as hb_versi4_35_0_, physicalne0_.pnfd_security_id as pnfd_sec7_35_0_, physicalne0_.vendor as vendor5_35_0_, physicalne0_.version as version6_35_0_ from physical_network_function_descriptor physicalne0_ where physicalne0_.id=? for update
14:11:15.659 [Test worker] DEBUG o.h.l.p.b.i.spaces.QuerySpacesImpl - Adding QuerySpace : uid = <gen:0> -> org.hibernate.loader.plan.build.internal.spaces.EntityQuerySpaceImpl@19e17b0]
14:11:15.659 [Test worker] DEBUG o.h.p.w.spi.MetamodelGraphWalker - Visiting attribute path : connection_point
14:11:15.659 [Test worker] DEBUG o.h.p.w.spi.MetamodelGraphWalker - Visiting attribute path : description
14:11:15.659 [Test worker] DEBUG o.h.p.w.spi.MetamodelGraphWalker - Visiting attribute path : descriptor_version
14:11:15.659 [Test worker] DEBUG o.h.p.w.spi.MetamodelGraphWalker - Visiting attribute path : hb_version
14:11:15.659 [Test worker] DEBUG o.h.p.w.spi.MetamodelGraphWalker - Visiting attribute path : pnfd_security
14:11:15.659 [Test worker] DEBUG o.h.l.p.b.i.spaces.QuerySpacesImpl - Adding QuerySpace : uid = <gen:1> -> org.hibernate.loader.plan.build.internal.spaces.EntityQuerySpaceImpl@2488a4b4]
14:11:15.659 [Test worker] DEBUG o.h.p.w.spi.MetamodelGraphWalker - Visiting attribute path : vendor
14:11:15.659 [Test worker] DEBUG o.h.p.w.spi.MetamodelGraphWalker - Visiting attribute path : version
14:11:15.659 [Test worker] DEBUG o.h.l.p.b.i.FetchStyleLoadPlanBuildingAssociationVisitationStrategy - Building LoadPlan...
14:11:15.660 [Test worker] DEBUG o.h.l.p.e.i.LoadQueryJoinAndFetchProcessor - processing queryspace <gen:0>
14:11:15.660 [Test worker] DEBUG o.h.l.p.b.spi.LoadPlanTreePrinter - LoadPlan(entity=org.project.neutrino.nfvo.catalogue.mano.descriptor.PhysicalNetworkFunctionDescriptor)
    - Returns
       - EntityReturnImpl(entity=org.project.neutrino.nfvo.catalogue.mano.descriptor.PhysicalNetworkFunctionDescriptor, querySpaceUid=<gen:0>, path=org.project.neutrino.nfvo.catalogue.mano.descriptor.PhysicalNetworkFunctionDescriptor)
          - EntityAttributeFetchImpl(entity=org.project.neutrino.nfvo.catalogue.mano.common.Security, querySpaceUid=<gen:1>, path=org.project.neutrino.nfvo.catalogue.mano.descriptor.PhysicalNetworkFunctionDescriptor.pnfd_security)
    - QuerySpaces
       - EntityQuerySpaceImpl(uid=<gen:0>, entity=org.project.neutrino.nfvo.catalogue.mano.descriptor.PhysicalNetworkFunctionDescriptor)
          - SQL table alias mapping - physicalne0_
          - alias suffix - 0_
          - suffixed key columns - {id1_35_0_}

14:11:15.660 [Test worker] DEBUG o.h.loader.entity.plan.EntityLoader - Static select for entity org.project.neutrino.nfvo.catalogue.mano.descriptor.PhysicalNetworkFunctionDescriptor [FORCE]: select physicalne0_.id as id1_35_0_, physicalne0_.description as descript2_35_0_, physicalne0_.descriptor_version as descript3_35_0_, physicalne0_.hb_version as hb_versi4_35_0_, physicalne0_.pnfd_security_id as pnfd_sec7_35_0_, physicalne0_.vendor as vendor5_35_0_, physicalne0_.version as version6_35_0_ from physical_network_function_descriptor physicalne0_ where physicalne0_.id=? for update
14:11:15.660 [Test worker] DEBUG o.h.l.p.b.i.spaces.QuerySpacesImpl - Adding QuerySpace : uid = <gen:0> -> org.hibernate.loader.plan.build.internal.spaces.EntityQuerySpaceImpl@6f53829]
14:11:15.660 [Test worker] DEBUG o.h.p.w.spi.MetamodelGraphWalker - Visiting attribute path : connection_point
14:11:15.660 [Test worker] DEBUG o.h.p.w.spi.MetamodelGraphWalker - Visiting attribute path : description
14:11:15.660 [Test worker] DEBUG o.h.p.w.spi.MetamodelGraphWalker - Visiting attribute path : descriptor_version
14:11:15.660 [Test worker] DEBUG o.h.p.w.spi.MetamodelGraphWalker - Visiting attribute path : hb_version
14:11:15.660 [Test worker] DEBUG o.h.p.w.spi.MetamodelGraphWalker - Visiting attribute path : pnfd_security
14:11:15.660 [Test worker] DEBUG o.h.l.p.b.i.spaces.QuerySpacesImpl - Adding QuerySpace : uid = <gen:1> -> org.hibernate.loader.plan.build.internal.spaces.EntityQuerySpaceImpl@1ec374cc]
14:11:15.660 [Test worker] DEBUG o.h.p.w.spi.MetamodelGraphWalker - Visiting attribute path : vendor
14:11:15.660 [Test worker] DEBUG o.h.p.w.spi.MetamodelGraphWalker - Visiting attribute path : version
14:11:15.660 [Test worker] DEBUG o.h.l.p.b.i.FetchStyleLoadPlanBuildingAssociationVisitationStrategy - Building LoadPlan...
14:11:15.660 [Test worker] DEBUG o.h.l.p.e.i.LoadQueryJoinAndFetchProcessor - processing queryspace <gen:0>
14:11:15.661 [Test worker] DEBUG o.h.l.p.b.spi.LoadPlanTreePrinter - LoadPlan(entity=org.project.neutrino.nfvo.catalogue.mano.descriptor.PhysicalNetworkFunctionDescriptor)
    - Returns
       - EntityReturnImpl(entity=org.project.neutrino.nfvo.catalogue.mano.descriptor.PhysicalNetworkFunctionDescriptor, querySpaceUid=<gen:0>, path=org.project.neutrino.nfvo.catalogue.mano.descriptor.PhysicalNetworkFunctionDescriptor)
          - EntityAttributeFetchImpl(entity=org.project.neutrino.nfvo.catalogue.mano.common.Security, querySpaceUid=<gen:1>, path=org.project.neutrino.nfvo.catalogue.mano.descriptor.PhysicalNetworkFunctionDescriptor.pnfd_security)
    - QuerySpaces
       - EntityQuerySpaceImpl(uid=<gen:0>, entity=org.project.neutrino.nfvo.catalogue.mano.descriptor.PhysicalNetworkFunctionDescriptor)
          - SQL table alias mapping - physicalne0_
          - alias suffix - 0_
          - suffixed key columns - {id1_35_0_}

14:11:15.661 [Test worker] DEBUG o.h.loader.entity.plan.EntityLoader - Static select for entity org.project.neutrino.nfvo.catalogue.mano.descriptor.PhysicalNetworkFunctionDescriptor [PESSIMISTIC_READ]: select physicalne0_.id as id1_35_0_, physicalne0_.description as descript2_35_0_, physicalne0_.descriptor_version as descript3_35_0_, physicalne0_.hb_version as hb_versi4_35_0_, physicalne0_.pnfd_security_id as pnfd_sec7_35_0_, physicalne0_.vendor as vendor5_35_0_, physicalne0_.version as version6_35_0_ from physical_network_function_descriptor physicalne0_ where physicalne0_.id=? lock in share mode
14:11:15.661 [Test worker] DEBUG o.h.l.p.b.i.spaces.QuerySpacesImpl - Adding QuerySpace : uid = <gen:0> -> org.hibernate.loader.plan.build.internal.spaces.EntityQuerySpaceImpl@32290cdb]
14:11:15.661 [Test worker] DEBUG o.h.p.w.spi.MetamodelGraphWalker - Visiting attribute path : connection_point
14:11:15.661 [Test worker] DEBUG o.h.p.w.spi.MetamodelGraphWalker - Visiting attribute path : description
14:11:15.661 [Test worker] DEBUG o.h.p.w.spi.MetamodelGraphWalker - Visiting attribute path : descriptor_version
14:11:15.661 [Test worker] DEBUG o.h.p.w.spi.MetamodelGraphWalker - Visiting attribute path : hb_version
14:11:15.661 [Test worker] DEBUG o.h.p.w.spi.MetamodelGraphWalker - Visiting attribute path : pnfd_security
14:11:15.661 [Test worker] DEBUG o.h.l.p.b.i.spaces.QuerySpacesImpl - Adding QuerySpace : uid = <gen:1> -> org.hibernate.loader.plan.build.internal.spaces.EntityQuerySpaceImpl@7b39cd80]
14:11:15.661 [Test worker] DEBUG o.h.p.w.spi.MetamodelGraphWalker - Visiting attribute path : vendor
14:11:15.661 [Test worker] DEBUG o.h.p.w.spi.MetamodelGraphWalker - Visiting attribute path : version
14:11:15.661 [Test worker] DEBUG o.h.l.p.b.i.FetchStyleLoadPlanBuildingAssociationVisitationStrategy - Building LoadPlan...
14:11:15.662 [Test worker] DEBUG o.h.l.p.e.i.LoadQueryJoinAndFetchProcessor - processing queryspace <gen:0>
14:11:15.662 [Test worker] DEBUG o.h.l.p.b.spi.LoadPlanTreePrinter - LoadPlan(entity=org.project.neutrino.nfvo.catalogue.mano.descriptor.PhysicalNetworkFunctionDescriptor)
    - Returns
       - EntityReturnImpl(entity=org.project.neutrino.nfvo.catalogue.mano.descriptor.PhysicalNetworkFunctionDescriptor, querySpaceUid=<gen:0>, path=org.project.neutrino.nfvo.catalogue.mano.descriptor.PhysicalNetworkFunctionDescriptor)
          - EntityAttributeFetchImpl(entity=org.project.neutrino.nfvo.catalogue.mano.common.Security, querySpaceUid=<gen:1>, path=org.project.neutrino.nfvo.catalogue.mano.descriptor.PhysicalNetworkFunctionDescriptor.pnfd_security)
    - QuerySpaces
       - EntityQuerySpaceImpl(uid=<gen:0>, entity=org.project.neutrino.nfvo.catalogue.mano.descriptor.PhysicalNetworkFunctionDescriptor)
          - SQL table alias mapping - physicalne0_
          - alias suffix - 0_
          - suffixed key columns - {id1_35_0_}

14:11:15.662 [Test worker] DEBUG o.h.loader.entity.plan.EntityLoader - Static select for entity org.project.neutrino.nfvo.catalogue.mano.descriptor.PhysicalNetworkFunctionDescriptor [PESSIMISTIC_WRITE]: select physicalne0_.id as id1_35_0_, physicalne0_.description as descript2_35_0_, physicalne0_.descriptor_version as descript3_35_0_, physicalne0_.hb_version as hb_versi4_35_0_, physicalne0_.pnfd_security_id as pnfd_sec7_35_0_, physicalne0_.vendor as vendor5_35_0_, physicalne0_.version as version6_35_0_ from physical_network_function_descriptor physicalne0_ where physicalne0_.id=? for update
14:11:15.662 [Test worker] DEBUG o.h.l.p.b.i.spaces.QuerySpacesImpl - Adding QuerySpace : uid = <gen:0> -> org.hibernate.loader.plan.build.internal.spaces.EntityQuerySpaceImpl@fe2cdb4]
14:11:15.662 [Test worker] DEBUG o.h.p.w.spi.MetamodelGraphWalker - Visiting attribute path : connection_point
14:11:15.662 [Test worker] DEBUG o.h.p.w.spi.MetamodelGraphWalker - Visiting attribute path : description
14:11:15.662 [Test worker] DEBUG o.h.p.w.spi.MetamodelGraphWalker - Visiting attribute path : descriptor_version
14:11:15.662 [Test worker] DEBUG o.h.p.w.spi.MetamodelGraphWalker - Visiting attribute path : hb_version
14:11:15.662 [Test worker] DEBUG o.h.p.w.spi.MetamodelGraphWalker - Visiting attribute path : pnfd_security
14:11:15.662 [Test worker] DEBUG o.h.l.p.b.i.spaces.QuerySpacesImpl - Adding QuerySpace : uid = <gen:1> -> org.hibernate.loader.plan.build.internal.spaces.EntityQuerySpaceImpl@dad5eab]
14:11:15.662 [Test worker] DEBUG o.h.p.w.spi.MetamodelGraphWalker - Visiting attribute path : vendor
14:11:15.662 [Test worker] DEBUG o.h.p.w.spi.MetamodelGraphWalker - Visiting attribute path : version
14:11:15.662 [Test worker] DEBUG o.h.l.p.b.i.FetchStyleLoadPlanBuildingAssociationVisitationStrategy - Building LoadPlan...
14:11:15.662 [Test worker] DEBUG o.h.l.p.e.i.LoadQueryJoinAndFetchProcessor - processing queryspace <gen:0>
14:11:15.663 [Test worker] DEBUG o.h.l.p.b.spi.LoadPlanTreePrinter - LoadPlan(entity=org.project.neutrino.nfvo.catalogue.mano.descriptor.PhysicalNetworkFunctionDescriptor)
    - Returns
       - EntityReturnImpl(entity=org.project.neutrino.nfvo.catalogue.mano.descriptor.PhysicalNetworkFunctionDescriptor, querySpaceUid=<gen:0>, path=org.project.neutrino.nfvo.catalogue.mano.descriptor.PhysicalNetworkFunctionDescriptor)
          - EntityAttributeFetchImpl(entity=org.project.neutrino.nfvo.catalogue.mano.common.Security, querySpaceUid=<gen:1>, path=org.project.neutrino.nfvo.catalogue.mano.descriptor.PhysicalNetworkFunctionDescriptor.pnfd_security)
    - QuerySpaces
       - EntityQuerySpaceImpl(uid=<gen:0>, entity=org.project.neutrino.nfvo.catalogue.mano.descriptor.PhysicalNetworkFunctionDescriptor)
          - SQL table alias mapping - physicalne0_
          - alias suffix - 0_
          - suffixed key columns - {id1_35_0_}

14:11:15.663 [Test worker] DEBUG o.h.loader.entity.plan.EntityLoader - Static select for entity org.project.neutrino.nfvo.catalogue.mano.descriptor.PhysicalNetworkFunctionDescriptor [PESSIMISTIC_FORCE_INCREMENT]: select physicalne0_.id as id1_35_0_, physicalne0_.description as descript2_35_0_, physicalne0_.descriptor_version as descript3_35_0_, physicalne0_.hb_version as hb_versi4_35_0_, physicalne0_.pnfd_security_id as pnfd_sec7_35_0_, physicalne0_.vendor as vendor5_35_0_, physicalne0_.version as version6_35_0_ from physical_network_function_descriptor physicalne0_ where physicalne0_.id=? for update
14:11:15.663 [Test worker] DEBUG o.h.l.p.b.i.spaces.QuerySpacesImpl - Adding QuerySpace : uid = <gen:0> -> org.hibernate.loader.plan.build.internal.spaces.EntityQuerySpaceImpl@71223390]
14:11:15.663 [Test worker] DEBUG o.h.p.w.spi.MetamodelGraphWalker - Visiting attribute path : connection_point
14:11:15.663 [Test worker] DEBUG o.h.p.w.spi.MetamodelGraphWalker - Visiting attribute path : description
14:11:15.663 [Test worker] DEBUG o.h.p.w.spi.MetamodelGraphWalker - Visiting attribute path : descriptor_version
14:11:15.663 [Test worker] DEBUG o.h.p.w.spi.MetamodelGraphWalker - Visiting attribute path : hb_version
14:11:15.663 [Test worker] DEBUG o.h.p.w.spi.MetamodelGraphWalker - Visiting attribute path : pnfd_security
14:11:15.663 [Test worker] DEBUG o.h.l.p.b.i.spaces.QuerySpacesImpl - Adding QuerySpace : uid = <gen:1> -> org.hibernate.loader.plan.build.internal.spaces.EntityQuerySpaceImpl@6a22ca48]
14:11:15.663 [Test worker] DEBUG o.h.p.w.spi.MetamodelGraphWalker - Visiting attribute path : vendor
14:11:15.663 [Test worker] DEBUG o.h.p.w.spi.MetamodelGraphWalker - Visiting attribute path : version
14:11:15.663 [Test worker] DEBUG o.h.l.p.b.i.FetchStyleLoadPlanBuildingAssociationVisitationStrategy - Building LoadPlan...
14:11:15.663 [Test worker] DEBUG o.h.l.p.e.i.LoadQueryJoinAndFetchProcessor - processing queryspace <gen:0>
14:11:15.664 [Test worker] DEBUG o.h.l.p.b.spi.LoadPlanTreePrinter - LoadPlan(entity=org.project.neutrino.nfvo.catalogue.mano.descriptor.PhysicalNetworkFunctionDescriptor)
    - Returns
       - EntityReturnImpl(entity=org.project.neutrino.nfvo.catalogue.mano.descriptor.PhysicalNetworkFunctionDescriptor, querySpaceUid=<gen:0>, path=org.project.neutrino.nfvo.catalogue.mano.descriptor.PhysicalNetworkFunctionDescriptor)
          - EntityAttributeFetchImpl(entity=org.project.neutrino.nfvo.catalogue.mano.common.Security, querySpaceUid=<gen:1>, path=org.project.neutrino.nfvo.catalogue.mano.descriptor.PhysicalNetworkFunctionDescriptor.pnfd_security)
    - QuerySpaces
       - EntityQuerySpaceImpl(uid=<gen:0>, entity=org.project.neutrino.nfvo.catalogue.mano.descriptor.PhysicalNetworkFunctionDescriptor)
          - SQL table alias mapping - physicalne0_
          - alias suffix - 0_
          - suffixed key columns - {id1_35_0_}

14:11:15.664 [Test worker] DEBUG o.h.loader.entity.plan.EntityLoader - Static select for entity org.project.neutrino.nfvo.catalogue.mano.descriptor.PhysicalNetworkFunctionDescriptor [OPTIMISTIC]: select physicalne0_.id as id1_35_0_, physicalne0_.description as descript2_35_0_, physicalne0_.descriptor_version as descript3_35_0_, physicalne0_.hb_version as hb_versi4_35_0_, physicalne0_.pnfd_security_id as pnfd_sec7_35_0_, physicalne0_.vendor as vendor5_35_0_, physicalne0_.version as version6_35_0_ from physical_network_function_descriptor physicalne0_ where physicalne0_.id=?
14:11:15.664 [Test worker] DEBUG o.h.l.p.b.i.spaces.QuerySpacesImpl - Adding QuerySpace : uid = <gen:0> -> org.hibernate.loader.plan.build.internal.spaces.EntityQuerySpaceImpl@120e7368]
14:11:15.664 [Test worker] DEBUG o.h.p.w.spi.MetamodelGraphWalker - Visiting attribute path : connection_point
14:11:15.664 [Test worker] DEBUG o.h.p.w.spi.MetamodelGraphWalker - Visiting attribute path : description
14:11:15.664 [Test worker] DEBUG o.h.p.w.spi.MetamodelGraphWalker - Visiting attribute path : descriptor_version
14:11:15.664 [Test worker] DEBUG o.h.p.w.spi.MetamodelGraphWalker - Visiting attribute path : hb_version
14:11:15.664 [Test worker] DEBUG o.h.p.w.spi.MetamodelGraphWalker - Visiting attribute path : pnfd_security
14:11:15.664 [Test worker] DEBUG o.h.l.p.b.i.spaces.QuerySpacesImpl - Adding QuerySpace : uid = <gen:1> -> org.hibernate.loader.plan.build.internal.spaces.EntityQuerySpaceImpl@41103bce]
14:11:15.664 [Test worker] DEBUG o.h.p.w.spi.MetamodelGraphWalker - Visiting attribute path : vendor
14:11:15.664 [Test worker] DEBUG o.h.p.w.spi.MetamodelGraphWalker - Visiting attribute path : version
14:11:15.664 [Test worker] DEBUG o.h.l.p.b.i.FetchStyleLoadPlanBuildingAssociationVisitationStrategy - Building LoadPlan...
14:11:15.664 [Test worker] DEBUG o.h.l.p.e.i.LoadQueryJoinAndFetchProcessor - processing queryspace <gen:0>
14:11:15.665 [Test worker] DEBUG o.h.l.p.b.spi.LoadPlanTreePrinter - LoadPlan(entity=org.project.neutrino.nfvo.catalogue.mano.descriptor.PhysicalNetworkFunctionDescriptor)
    - Returns
       - EntityReturnImpl(entity=org.project.neutrino.nfvo.catalogue.mano.descriptor.PhysicalNetworkFunctionDescriptor, querySpaceUid=<gen:0>, path=org.project.neutrino.nfvo.catalogue.mano.descriptor.PhysicalNetworkFunctionDescriptor)
          - EntityAttributeFetchImpl(entity=org.project.neutrino.nfvo.catalogue.mano.common.Security, querySpaceUid=<gen:1>, path=org.project.neutrino.nfvo.catalogue.mano.descriptor.PhysicalNetworkFunctionDescriptor.pnfd_security)
    - QuerySpaces
       - EntityQuerySpaceImpl(uid=<gen:0>, entity=org.project.neutrino.nfvo.catalogue.mano.descriptor.PhysicalNetworkFunctionDescriptor)
          - SQL table alias mapping - physicalne0_
          - alias suffix - 0_
          - suffixed key columns - {id1_35_0_}

14:11:15.665 [Test worker] DEBUG o.h.loader.entity.plan.EntityLoader - Static select for entity org.project.neutrino.nfvo.catalogue.mano.descriptor.PhysicalNetworkFunctionDescriptor [OPTIMISTIC_FORCE_INCREMENT]: select physicalne0_.id as id1_35_0_, physicalne0_.description as descript2_35_0_, physicalne0_.descriptor_version as descript3_35_0_, physicalne0_.hb_version as hb_versi4_35_0_, physicalne0_.pnfd_security_id as pnfd_sec7_35_0_, physicalne0_.vendor as vendor5_35_0_, physicalne0_.version as version6_35_0_ from physical_network_function_descriptor physicalne0_ where physicalne0_.id=?
14:11:15.665 [Test worker] DEBUG org.hibernate.loader.Loader - Static select for action ACTION_MERGE on entity org.project.neutrino.nfvo.catalogue.mano.descriptor.PhysicalNetworkFunctionDescriptor: select physicalne0_.id as id1_35_2_, physicalne0_.description as descript2_35_2_, physicalne0_.descriptor_version as descript3_35_2_, physicalne0_.hb_version as hb_versi4_35_2_, physicalne0_.pnfd_security_id as pnfd_sec7_35_2_, physicalne0_.vendor as vendor5_35_2_, physicalne0_.version as version6_35_2_, connection1_.physical_network_function_descriptor_id as physical1_35_4_, connection2_.id as connecti2_36_4_, connection2_.id as id1_4_0_, connection2_.type as type2_4_0_, connection2_.version as version3_4_0_, connection2_.virtual_link_reference as virtual_1_82_0_, connection2_.clazz_ as clazz_0_, security3_.id as id1_43_1_, security3_.version as version2_43_1_ from physical_network_function_descriptor physicalne0_ left outer join physical_network_function_descriptor_connection_point connection1_ on physicalne0_.id=connection1_.physical_network_function_descriptor_id left outer join ( select id, type, version, null as virtual_link_reference, 0 as clazz_ from connection_point union select id, type, version, virtual_link_reference, 1 as clazz_ from vnfdconnection_point ) connection2_ on connection1_.connection_point_id=connection2_.id left outer join security security3_ on physicalne0_.pnfd_security_id=security3_.id where physicalne0_.id=?
14:11:15.665 [Test worker] DEBUG org.hibernate.loader.Loader - Static select for action ACTION_REFRESH on entity org.project.neutrino.nfvo.catalogue.mano.descriptor.PhysicalNetworkFunctionDescriptor: select physicalne0_.id as id1_35_2_, physicalne0_.description as descript2_35_2_, physicalne0_.descriptor_version as descript3_35_2_, physicalne0_.hb_version as hb_versi4_35_2_, physicalne0_.pnfd_security_id as pnfd_sec7_35_2_, physicalne0_.vendor as vendor5_35_2_, physicalne0_.version as version6_35_2_, connection1_.physical_network_function_descriptor_id as physical1_35_4_, connection2_.id as connecti2_36_4_, connection2_.id as id1_4_0_, connection2_.type as type2_4_0_, connection2_.version as version3_4_0_, connection2_.virtual_link_reference as virtual_1_82_0_, connection2_.clazz_ as clazz_0_, security3_.id as id1_43_1_, security3_.version as version2_43_1_ from physical_network_function_descriptor physicalne0_ left outer join physical_network_function_descriptor_connection_point connection1_ on physicalne0_.id=connection1_.physical_network_function_descriptor_id left outer join ( select id, type, version, null as virtual_link_reference, 0 as clazz_ from connection_point union select id, type, version, virtual_link_reference, 1 as clazz_ from vnfdconnection_point ) connection2_ on connection1_.connection_point_id=connection2_.id left outer join security security3_ on physicalne0_.pnfd_security_id=security3_.id where physicalne0_.id=?
14:11:15.666 [Test worker] DEBUG o.h.p.entity.AbstractEntityPersister - Static SQL for entity: org.project.neutrino.nfvo.catalogue.mano.common.DeploymentFlavour
14:11:15.666 [Test worker] DEBUG o.h.p.entity.AbstractEntityPersister -  Version select: select version from deployment_flavour where id =?
14:11:15.666 [Test worker] DEBUG o.h.p.entity.AbstractEntityPersister -  Snapshot select: select deployment_.id, deployment_.flavour_key as flavour_2_7_, deployment_.version as version3_7_ from ( select id, flavour_key, version, 0 as clazz_ from deployment_flavour union select id, flavour_key, version, 1 as clazz_ from service_deployment_flavour union select id, flavour_key, version, 2 as clazz_ from vnfddeployment_flavour ) deployment_ where deployment_.id=?
14:11:15.666 [Test worker] DEBUG o.h.p.entity.AbstractEntityPersister -  Insert 0: insert into deployment_flavour (flavour_key, version, id) values (?, ?, ?)
14:11:15.666 [Test worker] DEBUG o.h.p.entity.AbstractEntityPersister -  Update 0: update deployment_flavour set flavour_key=?, version=? where id=? and version=?
14:11:15.666 [Test worker] DEBUG o.h.p.entity.AbstractEntityPersister -  Delete 0: delete from deployment_flavour where id=? and version=?
14:11:15.666 [Test worker] DEBUG o.h.l.p.b.i.spaces.QuerySpacesImpl - Adding QuerySpace : uid = <gen:0> -> org.hibernate.loader.plan.build.internal.spaces.EntityQuerySpaceImpl@10c672c1]
14:11:15.666 [Test worker] DEBUG o.h.p.w.spi.MetamodelGraphWalker - Visiting attribute path : flavour_key
14:11:15.666 [Test worker] DEBUG o.h.p.w.spi.MetamodelGraphWalker - Visiting attribute path : version
14:11:15.666 [Test worker] DEBUG o.h.p.w.spi.MetamodelGraphWalker - Visiting attribute path : constituent_vnf
14:11:15.666 [Test worker] DEBUG o.h.p.w.spi.MetamodelGraphWalker - Visiting attribute path : costituent_vdu
14:11:15.666 [Test worker] DEBUG o.h.p.w.spi.MetamodelGraphWalker - Visiting attribute path : df_constraint
14:11:15.666 [Test worker] DEBUG o.h.l.p.b.i.spaces.QuerySpacesImpl - Adding QuerySpace : uid = <gen:1> -> org.hibernate.loader.plan.build.internal.spaces.CollectionQuerySpaceImpl@405ca38a]
14:11:15.666 [Test worker] DEBUG o.h.l.p.b.i.FetchStyleLoadPlanBuildingAssociationVisitationStrategy - Building LoadPlan...
14:11:15.666 [Test worker] DEBUG o.h.l.p.e.i.LoadQueryJoinAndFetchProcessor - processing queryspace <gen:0>
14:11:15.667 [Test worker] DEBUG o.h.l.p.b.spi.LoadPlanTreePrinter - LoadPlan(entity=org.project.neutrino.nfvo.catalogue.mano.common.DeploymentFlavour)
    - Returns
       - EntityReturnImpl(entity=org.project.neutrino.nfvo.catalogue.mano.common.DeploymentFlavour, querySpaceUid=<gen:0>, path=org.project.neutrino.nfvo.catalogue.mano.common.DeploymentFlavour)
          - CollectionAttributeFetchImpl(collection=org.project.neutrino.nfvo.catalogue.mano.descriptor.VNFDDeploymentFlavour.df_constraint, querySpaceUid=<gen:1>, path=org.project.neutrino.nfvo.catalogue.mano.common.DeploymentFlavour.df_constraint)
    - QuerySpaces
       - EntityQuerySpaceImpl(uid=<gen:0>, entity=org.project.neutrino.nfvo.catalogue.mano.common.DeploymentFlavour)
          - SQL table alias mapping - deployment0_
          - alias suffix - 0_
          - suffixed key columns - {id1_7_0_}
          - JOIN (JoinDefinedByMetadata(df_constraint)) : <gen:0> -> <gen:1>
             - CollectionQuerySpaceImpl(uid=<gen:1>, collection=org.project.neutrino.nfvo.catalogue.mano.descriptor.VNFDDeploymentFlavour.df_constraint)
                - SQL table alias mapping - df_constra1_
                - alias suffix - 1_
                - suffixed key columns - {vnfddepl1_7_1_}

14:11:15.667 [Test worker] DEBUG o.h.loader.entity.plan.EntityLoader - Static select for entity org.project.neutrino.nfvo.catalogue.mano.common.DeploymentFlavour [NONE]: select deployment0_.id as id1_7_0_, deployment0_.flavour_key as flavour_2_7_0_, deployment0_.version as version3_7_0_, deployment0_.clazz_ as clazz_0_, df_constra1_.vnfddeployment_flavour_id as vnfddepl1_7_1_, df_constra1_.df_constraint as df_const2_85_1_ from ( select id, flavour_key, version, 0 as clazz_ from deployment_flavour union select id, flavour_key, version, 1 as clazz_ from service_deployment_flavour union select id, flavour_key, version, 2 as clazz_ from vnfddeployment_flavour ) deployment0_ left outer join vnfddeployment_flavour_df_constraint df_constra1_ on deployment0_.id=df_constra1_.vnfddeployment_flavour_id where deployment0_.id=?
14:11:15.667 [Test worker] DEBUG o.h.l.p.b.i.spaces.QuerySpacesImpl - Adding QuerySpace : uid = <gen:0> -> org.hibernate.loader.plan.build.internal.spaces.EntityQuerySpaceImpl@721685df]
14:11:15.667 [Test worker] DEBUG o.h.p.w.spi.MetamodelGraphWalker - Visiting attribute path : flavour_key
14:11:15.667 [Test worker] DEBUG o.h.p.w.spi.MetamodelGraphWalker - Visiting attribute path : version
14:11:15.667 [Test worker] DEBUG o.h.p.w.spi.MetamodelGraphWalker - Visiting attribute path : constituent_vnf
14:11:15.667 [Test worker] DEBUG o.h.p.w.spi.MetamodelGraphWalker - Visiting attribute path : costituent_vdu
14:11:15.667 [Test worker] DEBUG o.h.p.w.spi.MetamodelGraphWalker - Visiting attribute path : df_constraint
14:11:15.667 [Test worker] DEBUG o.h.l.p.b.i.spaces.QuerySpacesImpl - Adding QuerySpace : uid = <gen:1> -> org.hibernate.loader.plan.build.internal.spaces.CollectionQuerySpaceImpl@68f44fdb]
14:11:15.667 [Test worker] DEBUG o.h.l.p.b.i.FetchStyleLoadPlanBuildingAssociationVisitationStrategy - Building LoadPlan...
14:11:15.667 [Test worker] DEBUG o.h.l.p.e.i.LoadQueryJoinAndFetchProcessor - processing queryspace <gen:0>
14:11:15.668 [Test worker] DEBUG o.h.l.p.b.spi.LoadPlanTreePrinter - LoadPlan(entity=org.project.neutrino.nfvo.catalogue.mano.common.DeploymentFlavour)
    - Returns
       - EntityReturnImpl(entity=org.project.neutrino.nfvo.catalogue.mano.common.DeploymentFlavour, querySpaceUid=<gen:0>, path=org.project.neutrino.nfvo.catalogue.mano.common.DeploymentFlavour)
          - CollectionAttributeFetchImpl(collection=org.project.neutrino.nfvo.catalogue.mano.descriptor.VNFDDeploymentFlavour.df_constraint, querySpaceUid=<gen:1>, path=org.project.neutrino.nfvo.catalogue.mano.common.DeploymentFlavour.df_constraint)
    - QuerySpaces
       - EntityQuerySpaceImpl(uid=<gen:0>, entity=org.project.neutrino.nfvo.catalogue.mano.common.DeploymentFlavour)
          - SQL table alias mapping - deployment0_
          - alias suffix - 0_
          - suffixed key columns - {id1_7_0_}
          - JOIN (JoinDefinedByMetadata(df_constraint)) : <gen:0> -> <gen:1>
             - CollectionQuerySpaceImpl(uid=<gen:1>, collection=org.project.neutrino.nfvo.catalogue.mano.descriptor.VNFDDeploymentFlavour.df_constraint)
                - SQL table alias mapping - df_constra1_
                - alias suffix - 1_
                - suffixed key columns - {vnfddepl1_7_1_}

14:11:15.668 [Test worker] DEBUG o.h.loader.entity.plan.EntityLoader - Static select for entity org.project.neutrino.nfvo.catalogue.mano.common.DeploymentFlavour [READ]: select deployment0_.id as id1_7_0_, deployment0_.flavour_key as flavour_2_7_0_, deployment0_.version as version3_7_0_, deployment0_.clazz_ as clazz_0_, df_constra1_.vnfddeployment_flavour_id as vnfddepl1_7_1_, df_constra1_.df_constraint as df_const2_85_1_ from ( select id, flavour_key, version, 0 as clazz_ from deployment_flavour union select id, flavour_key, version, 1 as clazz_ from service_deployment_flavour union select id, flavour_key, version, 2 as clazz_ from vnfddeployment_flavour ) deployment0_ left outer join vnfddeployment_flavour_df_constraint df_constra1_ on deployment0_.id=df_constra1_.vnfddeployment_flavour_id where deployment0_.id=?
14:11:15.668 [Test worker] DEBUG o.h.l.p.b.i.spaces.QuerySpacesImpl - Adding QuerySpace : uid = <gen:0> -> org.hibernate.loader.plan.build.internal.spaces.EntityQuerySpaceImpl@26f6fdf0]
14:11:15.668 [Test worker] DEBUG o.h.p.w.spi.MetamodelGraphWalker - Visiting attribute path : flavour_key
14:11:15.668 [Test worker] DEBUG o.h.p.w.spi.MetamodelGraphWalker - Visiting attribute path : version
14:11:15.668 [Test worker] DEBUG o.h.p.w.spi.MetamodelGraphWalker - Visiting attribute path : constituent_vnf
14:11:15.668 [Test worker] DEBUG o.h.p.w.spi.MetamodelGraphWalker - Visiting attribute path : costituent_vdu
14:11:15.668 [Test worker] DEBUG o.h.p.w.spi.MetamodelGraphWalker - Visiting attribute path : df_constraint
14:11:15.668 [Test worker] DEBUG o.h.l.p.b.i.spaces.QuerySpacesImpl - Adding QuerySpace : uid = <gen:1> -> org.hibernate.loader.plan.build.internal.spaces.CollectionQuerySpaceImpl@6fcd858f]
14:11:15.668 [Test worker] DEBUG o.h.l.p.b.i.FetchStyleLoadPlanBuildingAssociationVisitationStrategy - Building LoadPlan...
14:11:15.668 [Test worker] DEBUG o.h.l.p.e.i.LoadQueryJoinAndFetchProcessor - processing queryspace <gen:0>
14:11:15.668 [Test worker] DEBUG o.h.l.p.b.spi.LoadPlanTreePrinter - LoadPlan(entity=org.project.neutrino.nfvo.catalogue.mano.common.DeploymentFlavour)
    - Returns
       - EntityReturnImpl(entity=org.project.neutrino.nfvo.catalogue.mano.common.DeploymentFlavour, querySpaceUid=<gen:0>, path=org.project.neutrino.nfvo.catalogue.mano.common.DeploymentFlavour)
          - CollectionAttributeFetchImpl(collection=org.project.neutrino.nfvo.catalogue.mano.descriptor.VNFDDeploymentFlavour.df_constraint, querySpaceUid=<gen:1>, path=org.project.neutrino.nfvo.catalogue.mano.common.DeploymentFlavour.df_constraint)
    - QuerySpaces
       - EntityQuerySpaceImpl(uid=<gen:0>, entity=org.project.neutrino.nfvo.catalogue.mano.common.DeploymentFlavour)
          - SQL table alias mapping - deployment0_
          - alias suffix - 0_
          - suffixed key columns - {id1_7_0_}

14:11:15.669 [Test worker] DEBUG o.h.loader.entity.plan.EntityLoader - Static select for entity org.project.neutrino.nfvo.catalogue.mano.common.DeploymentFlavour [UPGRADE]: select deployment0_.id as id1_7_0_, deployment0_.flavour_key as flavour_2_7_0_, deployment0_.version as version3_7_0_, deployment0_.clazz_ as clazz_0_ from ( select id, flavour_key, version, 0 as clazz_ from deployment_flavour union select id, flavour_key, version, 1 as clazz_ from service_deployment_flavour union select id, flavour_key, version, 2 as clazz_ from vnfddeployment_flavour ) deployment0_ where deployment0_.id=? for update
14:11:15.669 [Test worker] DEBUG o.h.l.p.b.i.spaces.QuerySpacesImpl - Adding QuerySpace : uid = <gen:0> -> org.hibernate.loader.plan.build.internal.spaces.EntityQuerySpaceImpl@1dfba8a1]
14:11:15.669 [Test worker] DEBUG o.h.p.w.spi.MetamodelGraphWalker - Visiting attribute path : flavour_key
14:11:15.669 [Test worker] DEBUG o.h.p.w.spi.MetamodelGraphWalker - Visiting attribute path : version
14:11:15.669 [Test worker] DEBUG o.h.p.w.spi.MetamodelGraphWalker - Visiting attribute path : constituent_vnf
14:11:15.669 [Test worker] DEBUG o.h.p.w.spi.MetamodelGraphWalker - Visiting attribute path : costituent_vdu
14:11:15.669 [Test worker] DEBUG o.h.p.w.spi.MetamodelGraphWalker - Visiting attribute path : df_constraint
14:11:15.669 [Test worker] DEBUG o.h.l.p.b.i.spaces.QuerySpacesImpl - Adding QuerySpace : uid = <gen:1> -> org.hibernate.loader.plan.build.internal.spaces.CollectionQuerySpaceImpl@48a5dd31]
14:11:15.669 [Test worker] DEBUG o.h.l.p.b.i.FetchStyleLoadPlanBuildingAssociationVisitationStrategy - Building LoadPlan...
14:11:15.669 [Test worker] DEBUG o.h.l.p.e.i.LoadQueryJoinAndFetchProcessor - processing queryspace <gen:0>
14:11:15.669 [Test worker] DEBUG o.h.l.p.b.spi.LoadPlanTreePrinter - LoadPlan(entity=org.project.neutrino.nfvo.catalogue.mano.common.DeploymentFlavour)
    - Returns
       - EntityReturnImpl(entity=org.project.neutrino.nfvo.catalogue.mano.common.DeploymentFlavour, querySpaceUid=<gen:0>, path=org.project.neutrino.nfvo.catalogue.mano.common.DeploymentFlavour)
          - CollectionAttributeFetchImpl(collection=org.project.neutrino.nfvo.catalogue.mano.descriptor.VNFDDeploymentFlavour.df_constraint, querySpaceUid=<gen:1>, path=org.project.neutrino.nfvo.catalogue.mano.common.DeploymentFlavour.df_constraint)
    - QuerySpaces
       - EntityQuerySpaceImpl(uid=<gen:0>, entity=org.project.neutrino.nfvo.catalogue.mano.common.DeploymentFlavour)
          - SQL table alias mapping - deployment0_
          - alias suffix - 0_
          - suffixed key columns - {id1_7_0_}

14:11:15.669 [Test worker] DEBUG o.h.loader.entity.plan.EntityLoader - Static select for entity org.project.neutrino.nfvo.catalogue.mano.common.DeploymentFlavour [UPGRADE_NOWAIT]: select deployment0_.id as id1_7_0_, deployment0_.flavour_key as flavour_2_7_0_, deployment0_.version as version3_7_0_, deployment0_.clazz_ as clazz_0_ from ( select id, flavour_key, version, 0 as clazz_ from deployment_flavour union select id, flavour_key, version, 1 as clazz_ from service_deployment_flavour union select id, flavour_key, version, 2 as clazz_ from vnfddeployment_flavour ) deployment0_ where deployment0_.id=? for update
14:11:15.669 [Test worker] DEBUG o.h.l.p.b.i.spaces.QuerySpacesImpl - Adding QuerySpace : uid = <gen:0> -> org.hibernate.loader.plan.build.internal.spaces.EntityQuerySpaceImpl@15ce13a]
14:11:15.669 [Test worker] DEBUG o.h.p.w.spi.MetamodelGraphWalker - Visiting attribute path : flavour_key
14:11:15.669 [Test worker] DEBUG o.h.p.w.spi.MetamodelGraphWalker - Visiting attribute path : version
14:11:15.669 [Test worker] DEBUG o.h.p.w.spi.MetamodelGraphWalker - Visiting attribute path : constituent_vnf
14:11:15.669 [Test worker] DEBUG o.h.p.w.spi.MetamodelGraphWalker - Visiting attribute path : costituent_vdu
14:11:15.669 [Test worker] DEBUG o.h.p.w.spi.MetamodelGraphWalker - Visiting attribute path : df_constraint
14:11:15.669 [Test worker] DEBUG o.h.l.p.b.i.spaces.QuerySpacesImpl - Adding QuerySpace : uid = <gen:1> -> org.hibernate.loader.plan.build.internal.spaces.CollectionQuerySpaceImpl@3a210faa]
14:11:15.669 [Test worker] DEBUG o.h.l.p.b.i.FetchStyleLoadPlanBuildingAssociationVisitationStrategy - Building LoadPlan...
14:11:15.669 [Test worker] DEBUG o.h.l.p.e.i.LoadQueryJoinAndFetchProcessor - processing queryspace <gen:0>
14:11:15.669 [Test worker] DEBUG o.h.l.p.b.spi.LoadPlanTreePrinter - LoadPlan(entity=org.project.neutrino.nfvo.catalogue.mano.common.DeploymentFlavour)
    - Returns
       - EntityReturnImpl(entity=org.project.neutrino.nfvo.catalogue.mano.common.DeploymentFlavour, querySpaceUid=<gen:0>, path=org.project.neutrino.nfvo.catalogue.mano.common.DeploymentFlavour)
          - CollectionAttributeFetchImpl(collection=org.project.neutrino.nfvo.catalogue.mano.descriptor.VNFDDeploymentFlavour.df_constraint, querySpaceUid=<gen:1>, path=org.project.neutrino.nfvo.catalogue.mano.common.DeploymentFlavour.df_constraint)
    - QuerySpaces
       - EntityQuerySpaceImpl(uid=<gen:0>, entity=org.project.neutrino.nfvo.catalogue.mano.common.DeploymentFlavour)
          - SQL table alias mapping - deployment0_
          - alias suffix - 0_
          - suffixed key columns - {id1_7_0_}

14:11:15.669 [Test worker] DEBUG o.h.loader.entity.plan.EntityLoader - Static select for entity org.project.neutrino.nfvo.catalogue.mano.common.DeploymentFlavour [UPGRADE_SKIPLOCKED]: select deployment0_.id as id1_7_0_, deployment0_.flavour_key as flavour_2_7_0_, deployment0_.version as version3_7_0_, deployment0_.clazz_ as clazz_0_ from ( select id, flavour_key, version, 0 as clazz_ from deployment_flavour union select id, flavour_key, version, 1 as clazz_ from service_deployment_flavour union select id, flavour_key, version, 2 as clazz_ from vnfddeployment_flavour ) deployment0_ where deployment0_.id=? for update
14:11:15.669 [Test worker] DEBUG o.h.l.p.b.i.spaces.QuerySpacesImpl - Adding QuerySpace : uid = <gen:0> -> org.hibernate.loader.plan.build.internal.spaces.EntityQuerySpaceImpl@508b7fb6]
14:11:15.670 [Test worker] DEBUG o.h.p.w.spi.MetamodelGraphWalker - Visiting attribute path : flavour_key
14:11:15.670 [Test worker] DEBUG o.h.p.w.spi.MetamodelGraphWalker - Visiting attribute path : version
14:11:15.670 [Test worker] DEBUG o.h.p.w.spi.MetamodelGraphWalker - Visiting attribute path : constituent_vnf
14:11:15.670 [Test worker] DEBUG o.h.p.w.spi.MetamodelGraphWalker - Visiting attribute path : costituent_vdu
14:11:15.670 [Test worker] DEBUG o.h.p.w.spi.MetamodelGraphWalker - Visiting attribute path : df_constraint
14:11:15.670 [Test worker] DEBUG o.h.l.p.b.i.spaces.QuerySpacesImpl - Adding QuerySpace : uid = <gen:1> -> org.hibernate.loader.plan.build.internal.spaces.CollectionQuerySpaceImpl@1afeb49d]
14:11:15.670 [Test worker] DEBUG o.h.l.p.b.i.FetchStyleLoadPlanBuildingAssociationVisitationStrategy - Building LoadPlan...
14:11:15.670 [Test worker] DEBUG o.h.l.p.e.i.LoadQueryJoinAndFetchProcessor - processing queryspace <gen:0>
14:11:15.670 [Test worker] DEBUG o.h.l.p.b.spi.LoadPlanTreePrinter - LoadPlan(entity=org.project.neutrino.nfvo.catalogue.mano.common.DeploymentFlavour)
    - Returns
       - EntityReturnImpl(entity=org.project.neutrino.nfvo.catalogue.mano.common.DeploymentFlavour, querySpaceUid=<gen:0>, path=org.project.neutrino.nfvo.catalogue.mano.common.DeploymentFlavour)
          - CollectionAttributeFetchImpl(collection=org.project.neutrino.nfvo.catalogue.mano.descriptor.VNFDDeploymentFlavour.df_constraint, querySpaceUid=<gen:1>, path=org.project.neutrino.nfvo.catalogue.mano.common.DeploymentFlavour.df_constraint)
    - QuerySpaces
       - EntityQuerySpaceImpl(uid=<gen:0>, entity=org.project.neutrino.nfvo.catalogue.mano.common.DeploymentFlavour)
          - SQL table alias mapping - deployment0_
          - alias suffix - 0_
          - suffixed key columns - {id1_7_0_}

14:11:15.670 [Test worker] DEBUG o.h.loader.entity.plan.EntityLoader - Static select for entity org.project.neutrino.nfvo.catalogue.mano.common.DeploymentFlavour [FORCE]: select deployment0_.id as id1_7_0_, deployment0_.flavour_key as flavour_2_7_0_, deployment0_.version as version3_7_0_, deployment0_.clazz_ as clazz_0_ from ( select id, flavour_key, version, 0 as clazz_ from deployment_flavour union select id, flavour_key, version, 1 as clazz_ from service_deployment_flavour union select id, flavour_key, version, 2 as clazz_ from vnfddeployment_flavour ) deployment0_ where deployment0_.id=? for update
14:11:15.670 [Test worker] DEBUG o.h.l.p.b.i.spaces.QuerySpacesImpl - Adding QuerySpace : uid = <gen:0> -> org.hibernate.loader.plan.build.internal.spaces.EntityQuerySpaceImpl@4803bd43]
14:11:15.670 [Test worker] DEBUG o.h.p.w.spi.MetamodelGraphWalker - Visiting attribute path : flavour_key
14:11:15.670 [Test worker] DEBUG o.h.p.w.spi.MetamodelGraphWalker - Visiting attribute path : version
14:11:15.670 [Test worker] DEBUG o.h.p.w.spi.MetamodelGraphWalker - Visiting attribute path : constituent_vnf
14:11:15.670 [Test worker] DEBUG o.h.p.w.spi.MetamodelGraphWalker - Visiting attribute path : costituent_vdu
14:11:15.670 [Test worker] DEBUG o.h.p.w.spi.MetamodelGraphWalker - Visiting attribute path : df_constraint
14:11:15.670 [Test worker] DEBUG o.h.l.p.b.i.spaces.QuerySpacesImpl - Adding QuerySpace : uid = <gen:1> -> org.hibernate.loader.plan.build.internal.spaces.CollectionQuerySpaceImpl@13e15925]
14:11:15.670 [Test worker] DEBUG o.h.l.p.b.i.FetchStyleLoadPlanBuildingAssociationVisitationStrategy - Building LoadPlan...
14:11:15.670 [Test worker] DEBUG o.h.l.p.e.i.LoadQueryJoinAndFetchProcessor - processing queryspace <gen:0>
14:11:15.670 [Test worker] DEBUG o.h.l.p.b.spi.LoadPlanTreePrinter - LoadPlan(entity=org.project.neutrino.nfvo.catalogue.mano.common.DeploymentFlavour)
    - Returns
       - EntityReturnImpl(entity=org.project.neutrino.nfvo.catalogue.mano.common.DeploymentFlavour, querySpaceUid=<gen:0>, path=org.project.neutrino.nfvo.catalogue.mano.common.DeploymentFlavour)
          - CollectionAttributeFetchImpl(collection=org.project.neutrino.nfvo.catalogue.mano.descriptor.VNFDDeploymentFlavour.df_constraint, querySpaceUid=<gen:1>, path=org.project.neutrino.nfvo.catalogue.mano.common.DeploymentFlavour.df_constraint)
    - QuerySpaces
       - EntityQuerySpaceImpl(uid=<gen:0>, entity=org.project.neutrino.nfvo.catalogue.mano.common.DeploymentFlavour)
          - SQL table alias mapping - deployment0_
          - alias suffix - 0_
          - suffixed key columns - {id1_7_0_}

14:11:15.670 [Test worker] DEBUG o.h.loader.entity.plan.EntityLoader - Static select for entity org.project.neutrino.nfvo.catalogue.mano.common.DeploymentFlavour [PESSIMISTIC_READ]: select deployment0_.id as id1_7_0_, deployment0_.flavour_key as flavour_2_7_0_, deployment0_.version as version3_7_0_, deployment0_.clazz_ as clazz_0_ from ( select id, flavour_key, version, 0 as clazz_ from deployment_flavour union select id, flavour_key, version, 1 as clazz_ from service_deployment_flavour union select id, flavour_key, version, 2 as clazz_ from vnfddeployment_flavour ) deployment0_ where deployment0_.id=? lock in share mode
14:11:15.670 [Test worker] DEBUG o.h.l.p.b.i.spaces.QuerySpacesImpl - Adding QuerySpace : uid = <gen:0> -> org.hibernate.loader.plan.build.internal.spaces.EntityQuerySpaceImpl@2fa39655]
14:11:15.670 [Test worker] DEBUG o.h.p.w.spi.MetamodelGraphWalker - Visiting attribute path : flavour_key
14:11:15.670 [Test worker] DEBUG o.h.p.w.spi.MetamodelGraphWalker - Visiting attribute path : version
14:11:15.670 [Test worker] DEBUG o.h.p.w.spi.MetamodelGraphWalker - Visiting attribute path : constituent_vnf
14:11:15.670 [Test worker] DEBUG o.h.p.w.spi.MetamodelGraphWalker - Visiting attribute path : costituent_vdu
14:11:15.671 [Test worker] DEBUG o.h.p.w.spi.MetamodelGraphWalker - Visiting attribute path : df_constraint
14:11:15.671 [Test worker] DEBUG o.h.l.p.b.i.spaces.QuerySpacesImpl - Adding QuerySpace : uid = <gen:1> -> org.hibernate.loader.plan.build.internal.spaces.CollectionQuerySpaceImpl@6a61f63e]
14:11:15.671 [Test worker] DEBUG o.h.l.p.b.i.FetchStyleLoadPlanBuildingAssociationVisitationStrategy - Building LoadPlan...
14:11:15.671 [Test worker] DEBUG o.h.l.p.e.i.LoadQueryJoinAndFetchProcessor - processing queryspace <gen:0>
14:11:15.671 [Test worker] DEBUG o.h.l.p.b.spi.LoadPlanTreePrinter - LoadPlan(entity=org.project.neutrino.nfvo.catalogue.mano.common.DeploymentFlavour)
    - Returns
       - EntityReturnImpl(entity=org.project.neutrino.nfvo.catalogue.mano.common.DeploymentFlavour, querySpaceUid=<gen:0>, path=org.project.neutrino.nfvo.catalogue.mano.common.DeploymentFlavour)
          - CollectionAttributeFetchImpl(collection=org.project.neutrino.nfvo.catalogue.mano.descriptor.VNFDDeploymentFlavour.df_constraint, querySpaceUid=<gen:1>, path=org.project.neutrino.nfvo.catalogue.mano.common.DeploymentFlavour.df_constraint)
    - QuerySpaces
       - EntityQuerySpaceImpl(uid=<gen:0>, entity=org.project.neutrino.nfvo.catalogue.mano.common.DeploymentFlavour)
          - SQL table alias mapping - deployment0_
          - alias suffix - 0_
          - suffixed key columns - {id1_7_0_}

14:11:15.671 [Test worker] DEBUG o.h.loader.entity.plan.EntityLoader - Static select for entity org.project.neutrino.nfvo.catalogue.mano.common.DeploymentFlavour [PESSIMISTIC_WRITE]: select deployment0_.id as id1_7_0_, deployment0_.flavour_key as flavour_2_7_0_, deployment0_.version as version3_7_0_, deployment0_.clazz_ as clazz_0_ from ( select id, flavour_key, version, 0 as clazz_ from deployment_flavour union select id, flavour_key, version, 1 as clazz_ from service_deployment_flavour union select id, flavour_key, version, 2 as clazz_ from vnfddeployment_flavour ) deployment0_ where deployment0_.id=? for update
14:11:15.671 [Test worker] DEBUG o.h.l.p.b.i.spaces.QuerySpacesImpl - Adding QuerySpace : uid = <gen:0> -> org.hibernate.loader.plan.build.internal.spaces.EntityQuerySpaceImpl@456d9702]
14:11:15.671 [Test worker] DEBUG o.h.p.w.spi.MetamodelGraphWalker - Visiting attribute path : flavour_key
14:11:15.671 [Test worker] DEBUG o.h.p.w.spi.MetamodelGraphWalker - Visiting attribute path : version
14:11:15.671 [Test worker] DEBUG o.h.p.w.spi.MetamodelGraphWalker - Visiting attribute path : constituent_vnf
14:11:15.671 [Test worker] DEBUG o.h.p.w.spi.MetamodelGraphWalker - Visiting attribute path : costituent_vdu
14:11:15.671 [Test worker] DEBUG o.h.p.w.spi.MetamodelGraphWalker - Visiting attribute path : df_constraint
14:11:15.671 [Test worker] DEBUG o.h.l.p.b.i.spaces.QuerySpacesImpl - Adding QuerySpace : uid = <gen:1> -> org.hibernate.loader.plan.build.internal.spaces.CollectionQuerySpaceImpl@152f82f3]
14:11:15.671 [Test worker] DEBUG o.h.l.p.b.i.FetchStyleLoadPlanBuildingAssociationVisitationStrategy - Building LoadPlan...
14:11:15.672 [Test worker] DEBUG o.h.l.p.e.i.LoadQueryJoinAndFetchProcessor - processing queryspace <gen:0>
14:11:15.672 [Test worker] DEBUG o.h.l.p.b.spi.LoadPlanTreePrinter - LoadPlan(entity=org.project.neutrino.nfvo.catalogue.mano.common.DeploymentFlavour)
    - Returns
       - EntityReturnImpl(entity=org.project.neutrino.nfvo.catalogue.mano.common.DeploymentFlavour, querySpaceUid=<gen:0>, path=org.project.neutrino.nfvo.catalogue.mano.common.DeploymentFlavour)
          - CollectionAttributeFetchImpl(collection=org.project.neutrino.nfvo.catalogue.mano.descriptor.VNFDDeploymentFlavour.df_constraint, querySpaceUid=<gen:1>, path=org.project.neutrino.nfvo.catalogue.mano.common.DeploymentFlavour.df_constraint)
    - QuerySpaces
       - EntityQuerySpaceImpl(uid=<gen:0>, entity=org.project.neutrino.nfvo.catalogue.mano.common.DeploymentFlavour)
          - SQL table alias mapping - deployment0_
          - alias suffix - 0_
          - suffixed key columns - {id1_7_0_}

14:11:15.672 [Test worker] DEBUG o.h.loader.entity.plan.EntityLoader - Static select for entity org.project.neutrino.nfvo.catalogue.mano.common.DeploymentFlavour [PESSIMISTIC_FORCE_INCREMENT]: select deployment0_.id as id1_7_0_, deployment0_.flavour_key as flavour_2_7_0_, deployment0_.version as version3_7_0_, deployment0_.clazz_ as clazz_0_ from ( select id, flavour_key, version, 0 as clazz_ from deployment_flavour union select id, flavour_key, version, 1 as clazz_ from service_deployment_flavour union select id, flavour_key, version, 2 as clazz_ from vnfddeployment_flavour ) deployment0_ where deployment0_.id=? for update
14:11:15.672 [Test worker] DEBUG o.h.l.p.b.i.spaces.QuerySpacesImpl - Adding QuerySpace : uid = <gen:0> -> org.hibernate.loader.plan.build.internal.spaces.EntityQuerySpaceImpl@623e2a62]
14:11:15.672 [Test worker] DEBUG o.h.p.w.spi.MetamodelGraphWalker - Visiting attribute path : flavour_key
14:11:15.672 [Test worker] DEBUG o.h.p.w.spi.MetamodelGraphWalker - Visiting attribute path : version
14:11:15.672 [Test worker] DEBUG o.h.p.w.spi.MetamodelGraphWalker - Visiting attribute path : constituent_vnf
14:11:15.672 [Test worker] DEBUG o.h.p.w.spi.MetamodelGraphWalker - Visiting attribute path : costituent_vdu
14:11:15.672 [Test worker] DEBUG o.h.p.w.spi.MetamodelGraphWalker - Visiting attribute path : df_constraint
14:11:15.672 [Test worker] DEBUG o.h.l.p.b.i.spaces.QuerySpacesImpl - Adding QuerySpace : uid = <gen:1> -> org.hibernate.loader.plan.build.internal.spaces.CollectionQuerySpaceImpl@2cf84cba]
14:11:15.672 [Test worker] DEBUG o.h.l.p.b.i.FetchStyleLoadPlanBuildingAssociationVisitationStrategy - Building LoadPlan...
14:11:15.672 [Test worker] DEBUG o.h.l.p.e.i.LoadQueryJoinAndFetchProcessor - processing queryspace <gen:0>
14:11:15.673 [Test worker] DEBUG o.h.l.p.b.spi.LoadPlanTreePrinter - LoadPlan(entity=org.project.neutrino.nfvo.catalogue.mano.common.DeploymentFlavour)
    - Returns
       - EntityReturnImpl(entity=org.project.neutrino.nfvo.catalogue.mano.common.DeploymentFlavour, querySpaceUid=<gen:0>, path=org.project.neutrino.nfvo.catalogue.mano.common.DeploymentFlavour)
          - CollectionAttributeFetchImpl(collection=org.project.neutrino.nfvo.catalogue.mano.descriptor.VNFDDeploymentFlavour.df_constraint, querySpaceUid=<gen:1>, path=org.project.neutrino.nfvo.catalogue.mano.common.DeploymentFlavour.df_constraint)
    - QuerySpaces
       - EntityQuerySpaceImpl(uid=<gen:0>, entity=org.project.neutrino.nfvo.catalogue.mano.common.DeploymentFlavour)
          - SQL table alias mapping - deployment0_
          - alias suffix - 0_
          - suffixed key columns - {id1_7_0_}

14:11:15.673 [Test worker] DEBUG o.h.loader.entity.plan.EntityLoader - Static select for entity org.project.neutrino.nfvo.catalogue.mano.common.DeploymentFlavour [OPTIMISTIC]: select deployment0_.id as id1_7_0_, deployment0_.flavour_key as flavour_2_7_0_, deployment0_.version as version3_7_0_, deployment0_.clazz_ as clazz_0_ from ( select id, flavour_key, version, 0 as clazz_ from deployment_flavour union select id, flavour_key, version, 1 as clazz_ from service_deployment_flavour union select id, flavour_key, version, 2 as clazz_ from vnfddeployment_flavour ) deployment0_ where deployment0_.id=?
14:11:15.673 [Test worker] DEBUG o.h.l.p.b.i.spaces.QuerySpacesImpl - Adding QuerySpace : uid = <gen:0> -> org.hibernate.loader.plan.build.internal.spaces.EntityQuerySpaceImpl@61755e66]
14:11:15.673 [Test worker] DEBUG o.h.p.w.spi.MetamodelGraphWalker - Visiting attribute path : flavour_key
14:11:15.673 [Test worker] DEBUG o.h.p.w.spi.MetamodelGraphWalker - Visiting attribute path : version
14:11:15.673 [Test worker] DEBUG o.h.p.w.spi.MetamodelGraphWalker - Visiting attribute path : constituent_vnf
14:11:15.673 [Test worker] DEBUG o.h.p.w.spi.MetamodelGraphWalker - Visiting attribute path : costituent_vdu
14:11:15.673 [Test worker] DEBUG o.h.p.w.spi.MetamodelGraphWalker - Visiting attribute path : df_constraint
14:11:15.673 [Test worker] DEBUG o.h.l.p.b.i.spaces.QuerySpacesImpl - Adding QuerySpace : uid = <gen:1> -> org.hibernate.loader.plan.build.internal.spaces.CollectionQuerySpaceImpl@2cf6c2ed]
14:11:15.673 [Test worker] DEBUG o.h.l.p.b.i.FetchStyleLoadPlanBuildingAssociationVisitationStrategy - Building LoadPlan...
14:11:15.673 [Test worker] DEBUG o.h.l.p.e.i.LoadQueryJoinAndFetchProcessor - processing queryspace <gen:0>
14:11:15.673 [Test worker] DEBUG o.h.l.p.b.spi.LoadPlanTreePrinter - LoadPlan(entity=org.project.neutrino.nfvo.catalogue.mano.common.DeploymentFlavour)
    - Returns
       - EntityReturnImpl(entity=org.project.neutrino.nfvo.catalogue.mano.common.DeploymentFlavour, querySpaceUid=<gen:0>, path=org.project.neutrino.nfvo.catalogue.mano.common.DeploymentFlavour)
          - CollectionAttributeFetchImpl(collection=org.project.neutrino.nfvo.catalogue.mano.descriptor.VNFDDeploymentFlavour.df_constraint, querySpaceUid=<gen:1>, path=org.project.neutrino.nfvo.catalogue.mano.common.DeploymentFlavour.df_constraint)
    - QuerySpaces
       - EntityQuerySpaceImpl(uid=<gen:0>, entity=org.project.neutrino.nfvo.catalogue.mano.common.DeploymentFlavour)
          - SQL table alias mapping - deployment0_
          - alias suffix - 0_
          - suffixed key columns - {id1_7_0_}

14:11:15.673 [Test worker] DEBUG o.h.loader.entity.plan.EntityLoader - Static select for entity org.project.neutrino.nfvo.catalogue.mano.common.DeploymentFlavour [OPTIMISTIC_FORCE_INCREMENT]: select deployment0_.id as id1_7_0_, deployment0_.flavour_key as flavour_2_7_0_, deployment0_.version as version3_7_0_, deployment0_.clazz_ as clazz_0_ from ( select id, flavour_key, version, 0 as clazz_ from deployment_flavour union select id, flavour_key, version, 1 as clazz_ from service_deployment_flavour union select id, flavour_key, version, 2 as clazz_ from vnfddeployment_flavour ) deployment0_ where deployment0_.id=?
14:11:15.680 [Test worker] DEBUG org.hibernate.loader.Loader - Static select for action ACTION_MERGE on entity org.project.neutrino.nfvo.catalogue.mano.common.DeploymentFlavour: select deployment0_.id as id1_7_1_, deployment0_.flavour_key as flavour_2_7_1_, deployment0_.version as version3_7_1_, deployment0_.clazz_ as clazz_1_, constituen1_.service_deployment_flavour_id as service_1_7_3_, costituent2_.id as constitu2_45_3_, costituent2_.id as id1_6_0_, costituent2_.affinity as affinity2_6_0_, costituent2_.capability as capabili3_6_0_, costituent2_.number_of_instances as number_o4_6_0_, costituent2_.redundancy_model as redundan5_6_0_, costituent2_.version as version6_6_0_, costituent2_.vnf_flavour_id_reference as vnf_flav7_6_0_, costituent2_.vnf_reference as vnf_refe8_6_0_ from ( select id, flavour_key, version, 0 as clazz_ from deployment_flavour union select id, flavour_key, version, 1 as clazz_ from service_deployment_flavour union select id, flavour_key, version, 2 as clazz_ from vnfddeployment_flavour ) deployment0_ left outer join service_deployment_flavour_constituent_vnf constituen1_ on deployment0_.id=constituen1_.service_deployment_flavour_id left outer join costituentvnf costituent2_ on constituen1_.constituent_vnf_id=costituent2_.id where deployment0_.id=?
14:11:15.681 [Test worker] DEBUG org.hibernate.loader.Loader - Static select for action ACTION_REFRESH on entity org.project.neutrino.nfvo.catalogue.mano.common.DeploymentFlavour: select deployment0_.id as id1_7_1_, deployment0_.flavour_key as flavour_2_7_1_, deployment0_.version as version3_7_1_, deployment0_.clazz_ as clazz_1_, constituen1_.service_deployment_flavour_id as service_1_7_3_, costituent2_.id as constitu2_45_3_, costituent2_.id as id1_6_0_, costituent2_.affinity as affinity2_6_0_, costituent2_.capability as capabili3_6_0_, costituent2_.number_of_instances as number_o4_6_0_, costituent2_.redundancy_model as redundan5_6_0_, costituent2_.version as version6_6_0_, costituent2_.vnf_flavour_id_reference as vnf_flav7_6_0_, costituent2_.vnf_reference as vnf_refe8_6_0_ from ( select id, flavour_key, version, 0 as clazz_ from deployment_flavour union select id, flavour_key, version, 1 as clazz_ from service_deployment_flavour union select id, flavour_key, version, 2 as clazz_ from vnfddeployment_flavour ) deployment0_ left outer join service_deployment_flavour_constituent_vnf constituen1_ on deployment0_.id=constituen1_.service_deployment_flavour_id left outer join costituentvnf costituent2_ on constituen1_.constituent_vnf_id=costituent2_.id where deployment0_.id=?
14:11:15.682 [Test worker] DEBUG o.h.p.entity.AbstractEntityPersister - Static SQL for entity: org.project.neutrino.nfvo.catalogue.mano.descriptor.NetworkForwardingPath
14:11:15.682 [Test worker] DEBUG o.h.p.entity.AbstractEntityPersister -  Version select: select version from network_forwarding_path where id =?
14:11:15.682 [Test worker] DEBUG o.h.p.entity.AbstractEntityPersister -  Snapshot select: select networkfor_.id, networkfor_.policy_id as policy_i3_12_, networkfor_.version as version2_12_ from network_forwarding_path networkfor_ where networkfor_.id=?
14:11:15.684 [Test worker] DEBUG o.h.p.entity.AbstractEntityPersister -  Insert 0: insert into network_forwarding_path (policy_id, version, id) values (?, ?, ?)
14:11:15.694 [Test worker] DEBUG o.h.p.entity.AbstractEntityPersister -  Update 0: update network_forwarding_path set policy_id=?, version=? where id=? and version=?
14:11:15.694 [Test worker] DEBUG o.h.p.entity.AbstractEntityPersister -  Delete 0: delete from network_forwarding_path where id=? and version=?
14:11:15.695 [Test worker] DEBUG o.h.l.p.b.i.spaces.QuerySpacesImpl - Adding QuerySpace : uid = <gen:0> -> org.hibernate.loader.plan.build.internal.spaces.EntityQuerySpaceImpl@7c776caa]
14:11:15.695 [Test worker] DEBUG o.h.p.w.spi.MetamodelGraphWalker - Visiting attribute path : connection
14:11:15.695 [Test worker] DEBUG o.h.l.p.b.i.spaces.QuerySpacesImpl - Adding QuerySpace : uid = <gen:1> -> org.hibernate.loader.plan.build.internal.spaces.CollectionQuerySpaceImpl@41870e99]
14:11:15.695 [Test worker] DEBUG o.h.p.w.spi.MetamodelGraphWalker - Visiting index for collection :  connection
14:11:15.696 [Test worker] DEBUG o.h.p.w.spi.MetamodelGraphWalker - Visiting attribute path : policy
14:11:15.696 [Test worker] DEBUG o.h.l.p.b.i.spaces.QuerySpacesImpl - Adding QuerySpace : uid = <gen:2> -> org.hibernate.loader.plan.build.internal.spaces.EntityQuerySpaceImpl@81d4ed6]
14:11:15.696 [Test worker] DEBUG o.h.p.w.spi.MetamodelGraphWalker - Visiting attribute path : policy.version
14:11:15.696 [Test worker] DEBUG o.h.p.w.spi.MetamodelGraphWalker - Visiting attribute path : version
14:11:15.696 [Test worker] DEBUG o.h.l.p.b.i.FetchStyleLoadPlanBuildingAssociationVisitationStrategy - Building LoadPlan...
14:11:15.696 [Test worker] DEBUG o.h.l.p.e.i.LoadQueryJoinAndFetchProcessor - processing queryspace <gen:0>
14:11:15.696 [Test worker] DEBUG o.h.l.p.b.spi.LoadPlanTreePrinter - LoadPlan(entity=org.project.neutrino.nfvo.catalogue.mano.descriptor.NetworkForwardingPath)
    - Returns
       - EntityReturnImpl(entity=org.project.neutrino.nfvo.catalogue.mano.descriptor.NetworkForwardingPath, querySpaceUid=<gen:0>, path=org.project.neutrino.nfvo.catalogue.mano.descriptor.NetworkForwardingPath)
          - CollectionAttributeFetchImpl(collection=org.project.neutrino.nfvo.catalogue.mano.descriptor.NetworkForwardingPath.connection, querySpaceUid=<gen:1>, path=org.project.neutrino.nfvo.catalogue.mano.descriptor.NetworkForwardingPath.connection)
          - EntityAttributeFetchImpl(entity=org.project.neutrino.nfvo.catalogue.mano.descriptor.Policy, querySpaceUid=<gen:2>, path=org.project.neutrino.nfvo.catalogue.mano.descriptor.NetworkForwardingPath.policy)
    - QuerySpaces
       - EntityQuerySpaceImpl(uid=<gen:0>, entity=org.project.neutrino.nfvo.catalogue.mano.descriptor.NetworkForwardingPath)
          - SQL table alias mapping - networkfor0_
          - alias suffix - 0_
          - suffixed key columns - {id1_12_0_}
          - JOIN (JoinDefinedByMetadata(connection)) : <gen:0> -> <gen:1>
             - CollectionQuerySpaceImpl(uid=<gen:1>, collection=org.project.neutrino.nfvo.catalogue.mano.descriptor.NetworkForwardingPath.connection)
                - SQL table alias mapping - connection1_
                - alias suffix - 1_
                - suffixed key columns - {network_1_12_1_}
          - JOIN (JoinDefinedByMetadata(policy)) : <gen:0> -> <gen:2>
             - EntityQuerySpaceImpl(uid=<gen:2>, entity=org.project.neutrino.nfvo.catalogue.mano.descriptor.Policy)
                - SQL table alias mapping - policy2_
                - alias suffix - 2_
                - suffixed key columns - {id1_42_2_}

14:11:15.697 [Test worker] DEBUG o.h.loader.entity.plan.EntityLoader - Static select for entity org.project.neutrino.nfvo.catalogue.mano.descriptor.NetworkForwardingPath [NONE]: select networkfor0_.id as id1_12_0_, networkfor0_.policy_id as policy_i3_12_0_, networkfor0_.version as version2_12_0_, connection1_.network_forwarding_path_id as network_1_12_1_, connection1_.connection as connecti2_13_1_, connection1_.connection_key as connecti3_1_, policy2_.id as id1_42_2_, policy2_.version as version2_42_2_ from network_forwarding_path networkfor0_ left outer join network_forwarding_path_connection connection1_ on networkfor0_.id=connection1_.network_forwarding_path_id left outer join policy policy2_ on networkfor0_.policy_id=policy2_.id where networkfor0_.id=?
14:11:15.697 [Test worker] DEBUG o.h.l.p.b.i.spaces.QuerySpacesImpl - Adding QuerySpace : uid = <gen:0> -> org.hibernate.loader.plan.build.internal.spaces.EntityQuerySpaceImpl@f68f20d]
14:11:15.697 [Test worker] DEBUG o.h.p.w.spi.MetamodelGraphWalker - Visiting attribute path : connection
14:11:15.700 [Test worker] DEBUG o.h.l.p.b.i.spaces.QuerySpacesImpl - Adding QuerySpace : uid = <gen:1> -> org.hibernate.loader.plan.build.internal.spaces.CollectionQuerySpaceImpl@7187b90b]
14:11:15.700 [Test worker] DEBUG o.h.p.w.spi.MetamodelGraphWalker - Visiting index for collection :  connection
14:11:15.700 [Test worker] DEBUG o.h.p.w.spi.MetamodelGraphWalker - Visiting attribute path : policy
14:11:15.700 [Test worker] DEBUG o.h.l.p.b.i.spaces.QuerySpacesImpl - Adding QuerySpace : uid = <gen:2> -> org.hibernate.loader.plan.build.internal.spaces.EntityQuerySpaceImpl@ed2abad]
14:11:15.703 [Test worker] DEBUG o.h.p.w.spi.MetamodelGraphWalker - Visiting attribute path : policy.version
14:11:15.703 [Test worker] DEBUG o.h.p.w.spi.MetamodelGraphWalker - Visiting attribute path : version
14:11:15.703 [Test worker] DEBUG o.h.l.p.b.i.FetchStyleLoadPlanBuildingAssociationVisitationStrategy - Building LoadPlan...
14:11:15.717 [Test worker] DEBUG o.h.l.p.e.i.LoadQueryJoinAndFetchProcessor - processing queryspace <gen:0>
14:11:15.719 [Test worker] DEBUG o.h.l.p.b.spi.LoadPlanTreePrinter - LoadPlan(entity=org.project.neutrino.nfvo.catalogue.mano.descriptor.NetworkForwardingPath)
    - Returns
       - EntityReturnImpl(entity=org.project.neutrino.nfvo.catalogue.mano.descriptor.NetworkForwardingPath, querySpaceUid=<gen:0>, path=org.project.neutrino.nfvo.catalogue.mano.descriptor.NetworkForwardingPath)
          - CollectionAttributeFetchImpl(collection=org.project.neutrino.nfvo.catalogue.mano.descriptor.NetworkForwardingPath.connection, querySpaceUid=<gen:1>, path=org.project.neutrino.nfvo.catalogue.mano.descriptor.NetworkForwardingPath.connection)
          - EntityAttributeFetchImpl(entity=org.project.neutrino.nfvo.catalogue.mano.descriptor.Policy, querySpaceUid=<gen:2>, path=org.project.neutrino.nfvo.catalogue.mano.descriptor.NetworkForwardingPath.policy)
    - QuerySpaces
       - EntityQuerySpaceImpl(uid=<gen:0>, entity=org.project.neutrino.nfvo.catalogue.mano.descriptor.NetworkForwardingPath)
          - SQL table alias mapping - networkfor0_
          - alias suffix - 0_
          - suffixed key columns - {id1_12_0_}
          - JOIN (JoinDefinedByMetadata(connection)) : <gen:0> -> <gen:1>
             - CollectionQuerySpaceImpl(uid=<gen:1>, collection=org.project.neutrino.nfvo.catalogue.mano.descriptor.NetworkForwardingPath.connection)
                - SQL table alias mapping - connection1_
                - alias suffix - 1_
                - suffixed key columns - {network_1_12_1_}
          - JOIN (JoinDefinedByMetadata(policy)) : <gen:0> -> <gen:2>
             - EntityQuerySpaceImpl(uid=<gen:2>, entity=org.project.neutrino.nfvo.catalogue.mano.descriptor.Policy)
                - SQL table alias mapping - policy2_
                - alias suffix - 2_
                - suffixed key columns - {id1_42_2_}

14:11:15.719 [Test worker] DEBUG o.h.loader.entity.plan.EntityLoader - Static select for entity org.project.neutrino.nfvo.catalogue.mano.descriptor.NetworkForwardingPath [READ]: select networkfor0_.id as id1_12_0_, networkfor0_.policy_id as policy_i3_12_0_, networkfor0_.version as version2_12_0_, connection1_.network_forwarding_path_id as network_1_12_1_, connection1_.connection as connecti2_13_1_, connection1_.connection_key as connecti3_1_, policy2_.id as id1_42_2_, policy2_.version as version2_42_2_ from network_forwarding_path networkfor0_ left outer join network_forwarding_path_connection connection1_ on networkfor0_.id=connection1_.network_forwarding_path_id left outer join policy policy2_ on networkfor0_.policy_id=policy2_.id where networkfor0_.id=?
14:11:15.719 [Test worker] DEBUG o.h.l.p.b.i.spaces.QuerySpacesImpl - Adding QuerySpace : uid = <gen:0> -> org.hibernate.loader.plan.build.internal.spaces.EntityQuerySpaceImpl@3c9f45d]
14:11:15.719 [Test worker] DEBUG o.h.p.w.spi.MetamodelGraphWalker - Visiting attribute path : connection
14:11:15.719 [Test worker] DEBUG o.h.l.p.b.i.spaces.QuerySpacesImpl - Adding QuerySpace : uid = <gen:1> -> org.hibernate.loader.plan.build.internal.spaces.CollectionQuerySpaceImpl@68b9b37b]
14:11:15.719 [Test worker] DEBUG o.h.p.w.spi.MetamodelGraphWalker - Visiting attribute path : policy
14:11:15.719 [Test worker] DEBUG o.h.l.p.b.i.spaces.QuerySpacesImpl - Adding QuerySpace : uid = <gen:2> -> org.hibernate.loader.plan.build.internal.spaces.EntityQuerySpaceImpl@77b685f3]
14:11:15.719 [Test worker] DEBUG o.h.p.w.spi.MetamodelGraphWalker - Visiting attribute path : version
14:11:15.719 [Test worker] DEBUG o.h.l.p.b.i.FetchStyleLoadPlanBuildingAssociationVisitationStrategy - Building LoadPlan...
14:11:15.720 [Test worker] DEBUG o.h.l.p.e.i.LoadQueryJoinAndFetchProcessor - processing queryspace <gen:0>
14:11:15.720 [Test worker] DEBUG o.h.l.p.b.spi.LoadPlanTreePrinter - LoadPlan(entity=org.project.neutrino.nfvo.catalogue.mano.descriptor.NetworkForwardingPath)
    - Returns
       - EntityReturnImpl(entity=org.project.neutrino.nfvo.catalogue.mano.descriptor.NetworkForwardingPath, querySpaceUid=<gen:0>, path=org.project.neutrino.nfvo.catalogue.mano.descriptor.NetworkForwardingPath)
          - CollectionAttributeFetchImpl(collection=org.project.neutrino.nfvo.catalogue.mano.descriptor.NetworkForwardingPath.connection, querySpaceUid=<gen:1>, path=org.project.neutrino.nfvo.catalogue.mano.descriptor.NetworkForwardingPath.connection)
          - EntityAttributeFetchImpl(entity=org.project.neutrino.nfvo.catalogue.mano.descriptor.Policy, querySpaceUid=<gen:2>, path=org.project.neutrino.nfvo.catalogue.mano.descriptor.NetworkForwardingPath.policy)
    - QuerySpaces
       - EntityQuerySpaceImpl(uid=<gen:0>, entity=org.project.neutrino.nfvo.catalogue.mano.descriptor.NetworkForwardingPath)
          - SQL table alias mapping - networkfor0_
          - alias suffix - 0_
          - suffixed key columns - {id1_12_0_}

14:11:15.720 [Test worker] DEBUG o.h.loader.entity.plan.EntityLoader - Static select for entity org.project.neutrino.nfvo.catalogue.mano.descriptor.NetworkForwardingPath [UPGRADE]: select networkfor0_.id as id1_12_0_, networkfor0_.policy_id as policy_i3_12_0_, networkfor0_.version as version2_12_0_ from network_forwarding_path networkfor0_ where networkfor0_.id=? for update
14:11:15.720 [Test worker] DEBUG o.h.l.p.b.i.spaces.QuerySpacesImpl - Adding QuerySpace : uid = <gen:0> -> org.hibernate.loader.plan.build.internal.spaces.EntityQuerySpaceImpl@701451eb]
14:11:15.720 [Test worker] DEBUG o.h.p.w.spi.MetamodelGraphWalker - Visiting attribute path : connection
14:11:15.720 [Test worker] DEBUG o.h.l.p.b.i.spaces.QuerySpacesImpl - Adding QuerySpace : uid = <gen:1> -> org.hibernate.loader.plan.build.internal.spaces.CollectionQuerySpaceImpl@56e07c0d]
14:11:15.720 [Test worker] DEBUG o.h.p.w.spi.MetamodelGraphWalker - Visiting attribute path : policy
14:11:15.720 [Test worker] DEBUG o.h.l.p.b.i.spaces.QuerySpacesImpl - Adding QuerySpace : uid = <gen:2> -> org.hibernate.loader.plan.build.internal.spaces.EntityQuerySpaceImpl@2bf0660a]
14:11:15.720 [Test worker] DEBUG o.h.p.w.spi.MetamodelGraphWalker - Visiting attribute path : version
14:11:15.720 [Test worker] DEBUG o.h.l.p.b.i.FetchStyleLoadPlanBuildingAssociationVisitationStrategy - Building LoadPlan...
14:11:15.720 [Test worker] DEBUG o.h.l.p.e.i.LoadQueryJoinAndFetchProcessor - processing queryspace <gen:0>
14:11:15.720 [Test worker] DEBUG o.h.l.p.b.spi.LoadPlanTreePrinter - LoadPlan(entity=org.project.neutrino.nfvo.catalogue.mano.descriptor.NetworkForwardingPath)
    - Returns
       - EntityReturnImpl(entity=org.project.neutrino.nfvo.catalogue.mano.descriptor.NetworkForwardingPath, querySpaceUid=<gen:0>, path=org.project.neutrino.nfvo.catalogue.mano.descriptor.NetworkForwardingPath)
          - CollectionAttributeFetchImpl(collection=org.project.neutrino.nfvo.catalogue.mano.descriptor.NetworkForwardingPath.connection, querySpaceUid=<gen:1>, path=org.project.neutrino.nfvo.catalogue.mano.descriptor.NetworkForwardingPath.connection)
          - EntityAttributeFetchImpl(entity=org.project.neutrino.nfvo.catalogue.mano.descriptor.Policy, querySpaceUid=<gen:2>, path=org.project.neutrino.nfvo.catalogue.mano.descriptor.NetworkForwardingPath.policy)
    - QuerySpaces
       - EntityQuerySpaceImpl(uid=<gen:0>, entity=org.project.neutrino.nfvo.catalogue.mano.descriptor.NetworkForwardingPath)
          - SQL table alias mapping - networkfor0_
          - alias suffix - 0_
          - suffixed key columns - {id1_12_0_}

14:11:15.721 [Test worker] DEBUG o.h.loader.entity.plan.EntityLoader - Static select for entity org.project.neutrino.nfvo.catalogue.mano.descriptor.NetworkForwardingPath [UPGRADE_NOWAIT]: select networkfor0_.id as id1_12_0_, networkfor0_.policy_id as policy_i3_12_0_, networkfor0_.version as version2_12_0_ from network_forwarding_path networkfor0_ where networkfor0_.id=? for update
14:11:15.721 [Test worker] DEBUG o.h.l.p.b.i.spaces.QuerySpacesImpl - Adding QuerySpace : uid = <gen:0> -> org.hibernate.loader.plan.build.internal.spaces.EntityQuerySpaceImpl@33bb310f]
14:11:15.721 [Test worker] DEBUG o.h.p.w.spi.MetamodelGraphWalker - Visiting attribute path : connection
14:11:15.721 [Test worker] DEBUG o.h.l.p.b.i.spaces.QuerySpacesImpl - Adding QuerySpace : uid = <gen:1> -> org.hibernate.loader.plan.build.internal.spaces.CollectionQuerySpaceImpl@15ae9009]
14:11:15.721 [Test worker] DEBUG o.h.p.w.spi.MetamodelGraphWalker - Visiting attribute path : policy
14:11:15.721 [Test worker] DEBUG o.h.l.p.b.i.spaces.QuerySpacesImpl - Adding QuerySpace : uid = <gen:2> -> org.hibernate.loader.plan.build.internal.spaces.EntityQuerySpaceImpl@777249fd]
14:11:15.721 [Test worker] DEBUG o.h.p.w.spi.MetamodelGraphWalker - Visiting attribute path : version
14:11:15.721 [Test worker] DEBUG o.h.l.p.b.i.FetchStyleLoadPlanBuildingAssociationVisitationStrategy - Building LoadPlan...
14:11:15.721 [Test worker] DEBUG o.h.l.p.e.i.LoadQueryJoinAndFetchProcessor - processing queryspace <gen:0>
14:11:15.721 [Test worker] DEBUG o.h.l.p.b.spi.LoadPlanTreePrinter - LoadPlan(entity=org.project.neutrino.nfvo.catalogue.mano.descriptor.NetworkForwardingPath)
    - Returns
       - EntityReturnImpl(entity=org.project.neutrino.nfvo.catalogue.mano.descriptor.NetworkForwardingPath, querySpaceUid=<gen:0>, path=org.project.neutrino.nfvo.catalogue.mano.descriptor.NetworkForwardingPath)
          - CollectionAttributeFetchImpl(collection=org.project.neutrino.nfvo.catalogue.mano.descriptor.NetworkForwardingPath.connection, querySpaceUid=<gen:1>, path=org.project.neutrino.nfvo.catalogue.mano.descriptor.NetworkForwardingPath.connection)
          - EntityAttributeFetchImpl(entity=org.project.neutrino.nfvo.catalogue.mano.descriptor.Policy, querySpaceUid=<gen:2>, path=org.project.neutrino.nfvo.catalogue.mano.descriptor.NetworkForwardingPath.policy)
    - QuerySpaces
       - EntityQuerySpaceImpl(uid=<gen:0>, entity=org.project.neutrino.nfvo.catalogue.mano.descriptor.NetworkForwardingPath)
          - SQL table alias mapping - networkfor0_
          - alias suffix - 0_
          - suffixed key columns - {id1_12_0_}

14:11:15.721 [Test worker] DEBUG o.h.loader.entity.plan.EntityLoader - Static select for entity org.project.neutrino.nfvo.catalogue.mano.descriptor.NetworkForwardingPath [UPGRADE_SKIPLOCKED]: select networkfor0_.id as id1_12_0_, networkfor0_.policy_id as policy_i3_12_0_, networkfor0_.version as version2_12_0_ from network_forwarding_path networkfor0_ where networkfor0_.id=? for update
14:11:15.721 [Test worker] DEBUG o.h.l.p.b.i.spaces.QuerySpacesImpl - Adding QuerySpace : uid = <gen:0> -> org.hibernate.loader.plan.build.internal.spaces.EntityQuerySpaceImpl@7057be4e]
14:11:15.721 [Test worker] DEBUG o.h.p.w.spi.MetamodelGraphWalker - Visiting attribute path : connection
14:11:15.721 [Test worker] DEBUG o.h.l.p.b.i.spaces.QuerySpacesImpl - Adding QuerySpace : uid = <gen:1> -> org.hibernate.loader.plan.build.internal.spaces.CollectionQuerySpaceImpl@27b2d1a5]
14:11:15.736 [Test worker] DEBUG o.h.p.w.spi.MetamodelGraphWalker - Visiting attribute path : policy
14:11:15.736 [Test worker] DEBUG o.h.l.p.b.i.spaces.QuerySpacesImpl - Adding QuerySpace : uid = <gen:2> -> org.hibernate.loader.plan.build.internal.spaces.EntityQuerySpaceImpl@4ce1bbff]
14:11:15.737 [Test worker] DEBUG o.h.p.w.spi.MetamodelGraphWalker - Visiting attribute path : version
14:11:15.737 [Test worker] DEBUG o.h.l.p.b.i.FetchStyleLoadPlanBuildingAssociationVisitationStrategy - Building LoadPlan...
14:11:15.737 [Test worker] DEBUG o.h.l.p.e.i.LoadQueryJoinAndFetchProcessor - processing queryspace <gen:0>
14:11:15.737 [Test worker] DEBUG o.h.l.p.b.spi.LoadPlanTreePrinter - LoadPlan(entity=org.project.neutrino.nfvo.catalogue.mano.descriptor.NetworkForwardingPath)
    - Returns
       - EntityReturnImpl(entity=org.project.neutrino.nfvo.catalogue.mano.descriptor.NetworkForwardingPath, querySpaceUid=<gen:0>, path=org.project.neutrino.nfvo.catalogue.mano.descriptor.NetworkForwardingPath)
          - CollectionAttributeFetchImpl(collection=org.project.neutrino.nfvo.catalogue.mano.descriptor.NetworkForwardingPath.connection, querySpaceUid=<gen:1>, path=org.project.neutrino.nfvo.catalogue.mano.descriptor.NetworkForwardingPath.connection)
          - EntityAttributeFetchImpl(entity=org.project.neutrino.nfvo.catalogue.mano.descriptor.Policy, querySpaceUid=<gen:2>, path=org.project.neutrino.nfvo.catalogue.mano.descriptor.NetworkForwardingPath.policy)
    - QuerySpaces
       - EntityQuerySpaceImpl(uid=<gen:0>, entity=org.project.neutrino.nfvo.catalogue.mano.descriptor.NetworkForwardingPath)
          - SQL table alias mapping - networkfor0_
          - alias suffix - 0_
          - suffixed key columns - {id1_12_0_}

14:11:15.737 [Test worker] DEBUG o.h.loader.entity.plan.EntityLoader - Static select for entity org.project.neutrino.nfvo.catalogue.mano.descriptor.NetworkForwardingPath [FORCE]: select networkfor0_.id as id1_12_0_, networkfor0_.policy_id as policy_i3_12_0_, networkfor0_.version as version2_12_0_ from network_forwarding_path networkfor0_ where networkfor0_.id=? for update
14:11:15.737 [Test worker] DEBUG o.h.l.p.b.i.spaces.QuerySpacesImpl - Adding QuerySpace : uid = <gen:0> -> org.hibernate.loader.plan.build.internal.spaces.EntityQuerySpaceImpl@77fd89c7]
14:11:15.737 [Test worker] DEBUG o.h.p.w.spi.MetamodelGraphWalker - Visiting attribute path : connection
14:11:15.737 [Test worker] DEBUG o.h.l.p.b.i.spaces.QuerySpacesImpl - Adding QuerySpace : uid = <gen:1> -> org.hibernate.loader.plan.build.internal.spaces.CollectionQuerySpaceImpl@13084eb3]
14:11:15.737 [Test worker] DEBUG o.h.p.w.spi.MetamodelGraphWalker - Visiting attribute path : policy
14:11:15.737 [Test worker] DEBUG o.h.l.p.b.i.spaces.QuerySpacesImpl - Adding QuerySpace : uid = <gen:2> -> org.hibernate.loader.plan.build.internal.spaces.EntityQuerySpaceImpl@666d388]
14:11:15.737 [Test worker] DEBUG o.h.p.w.spi.MetamodelGraphWalker - Visiting attribute path : version
14:11:15.737 [Test worker] DEBUG o.h.l.p.b.i.FetchStyleLoadPlanBuildingAssociationVisitationStrategy - Building LoadPlan...
14:11:15.738 [Test worker] DEBUG o.h.l.p.e.i.LoadQueryJoinAndFetchProcessor - processing queryspace <gen:0>
14:11:15.738 [Test worker] DEBUG o.h.l.p.b.spi.LoadPlanTreePrinter - LoadPlan(entity=org.project.neutrino.nfvo.catalogue.mano.descriptor.NetworkForwardingPath)
    - Returns
       - EntityReturnImpl(entity=org.project.neutrino.nfvo.catalogue.mano.descriptor.NetworkForwardingPath, querySpaceUid=<gen:0>, path=org.project.neutrino.nfvo.catalogue.mano.descriptor.NetworkForwardingPath)
          - CollectionAttributeFetchImpl(collection=org.project.neutrino.nfvo.catalogue.mano.descriptor.NetworkForwardingPath.connection, querySpaceUid=<gen:1>, path=org.project.neutrino.nfvo.catalogue.mano.descriptor.NetworkForwardingPath.connection)
          - EntityAttributeFetchImpl(entity=org.project.neutrino.nfvo.catalogue.mano.descriptor.Policy, querySpaceUid=<gen:2>, path=org.project.neutrino.nfvo.catalogue.mano.descriptor.NetworkForwardingPath.policy)
    - QuerySpaces
       - EntityQuerySpaceImpl(uid=<gen:0>, entity=org.project.neutrino.nfvo.catalogue.mano.descriptor.NetworkForwardingPath)
          - SQL table alias mapping - networkfor0_
          - alias suffix - 0_
          - suffixed key columns - {id1_12_0_}

14:11:15.738 [Test worker] DEBUG o.h.loader.entity.plan.EntityLoader - Static select for entity org.project.neutrino.nfvo.catalogue.mano.descriptor.NetworkForwardingPath [PESSIMISTIC_READ]: select networkfor0_.id as id1_12_0_, networkfor0_.policy_id as policy_i3_12_0_, networkfor0_.version as version2_12_0_ from network_forwarding_path networkfor0_ where networkfor0_.id=? lock in share mode
14:11:15.738 [Test worker] DEBUG o.h.l.p.b.i.spaces.QuerySpacesImpl - Adding QuerySpace : uid = <gen:0> -> org.hibernate.loader.plan.build.internal.spaces.EntityQuerySpaceImpl@48c98900]
14:11:15.738 [Test worker] DEBUG o.h.p.w.spi.MetamodelGraphWalker - Visiting attribute path : connection
14:11:15.738 [Test worker] DEBUG o.h.l.p.b.i.spaces.QuerySpacesImpl - Adding QuerySpace : uid = <gen:1> -> org.hibernate.loader.plan.build.internal.spaces.CollectionQuerySpaceImpl@3e56fc95]
14:11:15.738 [Test worker] DEBUG o.h.p.w.spi.MetamodelGraphWalker - Visiting attribute path : policy
14:11:15.738 [Test worker] DEBUG o.h.l.p.b.i.spaces.QuerySpacesImpl - Adding QuerySpace : uid = <gen:2> -> org.hibernate.loader.plan.build.internal.spaces.EntityQuerySpaceImpl@40e0ba2c]
14:11:15.738 [Test worker] DEBUG o.h.p.w.spi.MetamodelGraphWalker - Visiting attribute path : version
14:11:15.738 [Test worker] DEBUG o.h.l.p.b.i.FetchStyleLoadPlanBuildingAssociationVisitationStrategy - Building LoadPlan...
14:11:15.738 [Test worker] DEBUG o.h.l.p.e.i.LoadQueryJoinAndFetchProcessor - processing queryspace <gen:0>
14:11:15.739 [Test worker] DEBUG o.h.l.p.b.spi.LoadPlanTreePrinter - LoadPlan(entity=org.project.neutrino.nfvo.catalogue.mano.descriptor.NetworkForwardingPath)
    - Returns
       - EntityReturnImpl(entity=org.project.neutrino.nfvo.catalogue.mano.descriptor.NetworkForwardingPath, querySpaceUid=<gen:0>, path=org.project.neutrino.nfvo.catalogue.mano.descriptor.NetworkForwardingPath)
          - CollectionAttributeFetchImpl(collection=org.project.neutrino.nfvo.catalogue.mano.descriptor.NetworkForwardingPath.connection, querySpaceUid=<gen:1>, path=org.project.neutrino.nfvo.catalogue.mano.descriptor.NetworkForwardingPath.connection)
          - EntityAttributeFetchImpl(entity=org.project.neutrino.nfvo.catalogue.mano.descriptor.Policy, querySpaceUid=<gen:2>, path=org.project.neutrino.nfvo.catalogue.mano.descriptor.NetworkForwardingPath.policy)
    - QuerySpaces
       - EntityQuerySpaceImpl(uid=<gen:0>, entity=org.project.neutrino.nfvo.catalogue.mano.descriptor.NetworkForwardingPath)
          - SQL table alias mapping - networkfor0_
          - alias suffix - 0_
          - suffixed key columns - {id1_12_0_}

14:11:15.762 [Test worker] DEBUG o.h.loader.entity.plan.EntityLoader - Static select for entity org.project.neutrino.nfvo.catalogue.mano.descriptor.NetworkForwardingPath [PESSIMISTIC_WRITE]: select networkfor0_.id as id1_12_0_, networkfor0_.policy_id as policy_i3_12_0_, networkfor0_.version as version2_12_0_ from network_forwarding_path networkfor0_ where networkfor0_.id=? for update
14:11:15.765 [Test worker] DEBUG o.h.l.p.b.i.spaces.QuerySpacesImpl - Adding QuerySpace : uid = <gen:0> -> org.hibernate.loader.plan.build.internal.spaces.EntityQuerySpaceImpl@61debffa]
14:11:15.765 [Test worker] DEBUG o.h.p.w.spi.MetamodelGraphWalker - Visiting attribute path : connection
14:11:15.765 [Test worker] DEBUG o.h.l.p.b.i.spaces.QuerySpacesImpl - Adding QuerySpace : uid = <gen:1> -> org.hibernate.loader.plan.build.internal.spaces.CollectionQuerySpaceImpl@420d03d3]
14:11:15.765 [Test worker] DEBUG o.h.p.w.spi.MetamodelGraphWalker - Visiting attribute path : policy
14:11:15.765 [Test worker] DEBUG o.h.l.p.b.i.spaces.QuerySpacesImpl - Adding QuerySpace : uid = <gen:2> -> org.hibernate.loader.plan.build.internal.spaces.EntityQuerySpaceImpl@64763385]
14:11:15.765 [Test worker] DEBUG o.h.p.w.spi.MetamodelGraphWalker - Visiting attribute path : version
14:11:15.765 [Test worker] DEBUG o.h.l.p.b.i.FetchStyleLoadPlanBuildingAssociationVisitationStrategy - Building LoadPlan...
14:11:15.765 [Test worker] DEBUG o.h.l.p.e.i.LoadQueryJoinAndFetchProcessor - processing queryspace <gen:0>
14:11:15.766 [Test worker] DEBUG o.h.l.p.b.spi.LoadPlanTreePrinter - LoadPlan(entity=org.project.neutrino.nfvo.catalogue.mano.descriptor.NetworkForwardingPath)
    - Returns
       - EntityReturnImpl(entity=org.project.neutrino.nfvo.catalogue.mano.descriptor.NetworkForwardingPath, querySpaceUid=<gen:0>, path=org.project.neutrino.nfvo.catalogue.mano.descriptor.NetworkForwardingPath)
          - CollectionAttributeFetchImpl(collection=org.project.neutrino.nfvo.catalogue.mano.descriptor.NetworkForwardingPath.connection, querySpaceUid=<gen:1>, path=org.project.neutrino.nfvo.catalogue.mano.descriptor.NetworkForwardingPath.connection)
          - EntityAttributeFetchImpl(entity=org.project.neutrino.nfvo.catalogue.mano.descriptor.Policy, querySpaceUid=<gen:2>, path=org.project.neutrino.nfvo.catalogue.mano.descriptor.NetworkForwardingPath.policy)
    - QuerySpaces
       - EntityQuerySpaceImpl(uid=<gen:0>, entity=org.project.neutrino.nfvo.catalogue.mano.descriptor.NetworkForwardingPath)
          - SQL table alias mapping - networkfor0_
          - alias suffix - 0_
          - suffixed key columns - {id1_12_0_}

14:11:15.766 [Test worker] DEBUG o.h.loader.entity.plan.EntityLoader - Static select for entity org.project.neutrino.nfvo.catalogue.mano.descriptor.NetworkForwardingPath [PESSIMISTIC_FORCE_INCREMENT]: select networkfor0_.id as id1_12_0_, networkfor0_.policy_id as policy_i3_12_0_, networkfor0_.version as version2_12_0_ from network_forwarding_path networkfor0_ where networkfor0_.id=? for update
14:11:15.766 [Test worker] DEBUG o.h.l.p.b.i.spaces.QuerySpacesImpl - Adding QuerySpace : uid = <gen:0> -> org.hibernate.loader.plan.build.internal.spaces.EntityQuerySpaceImpl@c30944a]
14:11:15.766 [Test worker] DEBUG o.h.p.w.spi.MetamodelGraphWalker - Visiting attribute path : connection
14:11:15.766 [Test worker] DEBUG o.h.l.p.b.i.spaces.QuerySpacesImpl - Adding QuerySpace : uid = <gen:1> -> org.hibernate.loader.plan.build.internal.spaces.CollectionQuerySpaceImpl@12cad708]
14:11:15.766 [Test worker] DEBUG o.h.p.w.spi.MetamodelGraphWalker - Visiting attribute path : policy
14:11:15.766 [Test worker] DEBUG o.h.l.p.b.i.spaces.QuerySpacesImpl - Adding QuerySpace : uid = <gen:2> -> org.hibernate.loader.plan.build.internal.spaces.EntityQuerySpaceImpl@42eb57db]
14:11:15.766 [Test worker] DEBUG o.h.p.w.spi.MetamodelGraphWalker - Visiting attribute path : version
14:11:15.766 [Test worker] DEBUG o.h.l.p.b.i.FetchStyleLoadPlanBuildingAssociationVisitationStrategy - Building LoadPlan...
14:11:15.766 [Test worker] DEBUG o.h.l.p.e.i.LoadQueryJoinAndFetchProcessor - processing queryspace <gen:0>
14:11:15.766 [Test worker] DEBUG o.h.l.p.b.spi.LoadPlanTreePrinter - LoadPlan(entity=org.project.neutrino.nfvo.catalogue.mano.descriptor.NetworkForwardingPath)
    - Returns
       - EntityReturnImpl(entity=org.project.neutrino.nfvo.catalogue.mano.descriptor.NetworkForwardingPath, querySpaceUid=<gen:0>, path=org.project.neutrino.nfvo.catalogue.mano.descriptor.NetworkForwardingPath)
          - CollectionAttributeFetchImpl(collection=org.project.neutrino.nfvo.catalogue.mano.descriptor.NetworkForwardingPath.connection, querySpaceUid=<gen:1>, path=org.project.neutrino.nfvo.catalogue.mano.descriptor.NetworkForwardingPath.connection)
          - EntityAttributeFetchImpl(entity=org.project.neutrino.nfvo.catalogue.mano.descriptor.Policy, querySpaceUid=<gen:2>, path=org.project.neutrino.nfvo.catalogue.mano.descriptor.NetworkForwardingPath.policy)
    - QuerySpaces
       - EntityQuerySpaceImpl(uid=<gen:0>, entity=org.project.neutrino.nfvo.catalogue.mano.descriptor.NetworkForwardingPath)
          - SQL table alias mapping - networkfor0_
          - alias suffix - 0_
          - suffixed key columns - {id1_12_0_}

14:11:15.766 [Test worker] DEBUG o.h.loader.entity.plan.EntityLoader - Static select for entity org.project.neutrino.nfvo.catalogue.mano.descriptor.NetworkForwardingPath [OPTIMISTIC]: select networkfor0_.id as id1_12_0_, networkfor0_.policy_id as policy_i3_12_0_, networkfor0_.version as version2_12_0_ from network_forwarding_path networkfor0_ where networkfor0_.id=?
14:11:15.766 [Test worker] DEBUG o.h.l.p.b.i.spaces.QuerySpacesImpl - Adding QuerySpace : uid = <gen:0> -> org.hibernate.loader.plan.build.internal.spaces.EntityQuerySpaceImpl@68d50d2f]
14:11:15.767 [Test worker] DEBUG o.h.p.w.spi.MetamodelGraphWalker - Visiting attribute path : connection
14:11:15.767 [Test worker] DEBUG o.h.l.p.b.i.spaces.QuerySpacesImpl - Adding QuerySpace : uid = <gen:1> -> org.hibernate.loader.plan.build.internal.spaces.CollectionQuerySpaceImpl@78a2255c]
14:11:15.767 [Test worker] DEBUG o.h.p.w.spi.MetamodelGraphWalker - Visiting attribute path : policy
14:11:15.767 [Test worker] DEBUG o.h.l.p.b.i.spaces.QuerySpacesImpl - Adding QuerySpace : uid = <gen:2> -> org.hibernate.loader.plan.build.internal.spaces.EntityQuerySpaceImpl@5d42f8e3]
14:11:15.767 [Test worker] DEBUG o.h.p.w.spi.MetamodelGraphWalker - Visiting attribute path : version
14:11:15.767 [Test worker] DEBUG o.h.l.p.b.i.FetchStyleLoadPlanBuildingAssociationVisitationStrategy - Building LoadPlan...
14:11:15.767 [Test worker] DEBUG o.h.l.p.e.i.LoadQueryJoinAndFetchProcessor - processing queryspace <gen:0>
14:11:15.767 [Test worker] DEBUG o.h.l.p.b.spi.LoadPlanTreePrinter - LoadPlan(entity=org.project.neutrino.nfvo.catalogue.mano.descriptor.NetworkForwardingPath)
    - Returns
       - EntityReturnImpl(entity=org.project.neutrino.nfvo.catalogue.mano.descriptor.NetworkForwardingPath, querySpaceUid=<gen:0>, path=org.project.neutrino.nfvo.catalogue.mano.descriptor.NetworkForwardingPath)
          - CollectionAttributeFetchImpl(collection=org.project.neutrino.nfvo.catalogue.mano.descriptor.NetworkForwardingPath.connection, querySpaceUid=<gen:1>, path=org.project.neutrino.nfvo.catalogue.mano.descriptor.NetworkForwardingPath.connection)
          - EntityAttributeFetchImpl(entity=org.project.neutrino.nfvo.catalogue.mano.descriptor.Policy, querySpaceUid=<gen:2>, path=org.project.neutrino.nfvo.catalogue.mano.descriptor.NetworkForwardingPath.policy)
    - QuerySpaces
       - EntityQuerySpaceImpl(uid=<gen:0>, entity=org.project.neutrino.nfvo.catalogue.mano.descriptor.NetworkForwardingPath)
          - SQL table alias mapping - networkfor0_
          - alias suffix - 0_
          - suffixed key columns - {id1_12_0_}

14:11:15.767 [Test worker] DEBUG o.h.loader.entity.plan.EntityLoader - Static select for entity org.project.neutrino.nfvo.catalogue.mano.descriptor.NetworkForwardingPath [OPTIMISTIC_FORCE_INCREMENT]: select networkfor0_.id as id1_12_0_, networkfor0_.policy_id as policy_i3_12_0_, networkfor0_.version as version2_12_0_ from network_forwarding_path networkfor0_ where networkfor0_.id=?
14:11:15.767 [Test worker] DEBUG org.hibernate.loader.Loader - Static select for action ACTION_MERGE on entity org.project.neutrino.nfvo.catalogue.mano.descriptor.NetworkForwardingPath: select networkfor0_.id as id1_12_1_, networkfor0_.policy_id as policy_i3_12_1_, networkfor0_.version as version2_12_1_, policy1_.id as id1_42_0_, policy1_.version as version2_42_0_ from network_forwarding_path networkfor0_ left outer join policy policy1_ on networkfor0_.policy_id=policy1_.id where networkfor0_.id=?
14:11:15.768 [Test worker] DEBUG org.hibernate.loader.Loader - Static select for action ACTION_REFRESH on entity org.project.neutrino.nfvo.catalogue.mano.descriptor.NetworkForwardingPath: select networkfor0_.id as id1_12_1_, networkfor0_.policy_id as policy_i3_12_1_, networkfor0_.version as version2_12_1_, policy1_.id as id1_42_0_, policy1_.version as version2_42_0_ from network_forwarding_path networkfor0_ left outer join policy policy1_ on networkfor0_.policy_id=policy1_.id where networkfor0_.id=?
14:11:15.768 [Test worker] DEBUG o.h.p.entity.AbstractEntityPersister - Static SQL for entity: org.project.neutrino.nfvo.catalogue.mano.descriptor.VNFDConnectionPoint
14:11:15.768 [Test worker] DEBUG o.h.p.entity.AbstractEntityPersister -  Version select: select version from vnfdconnection_point where id =?
14:11:15.768 [Test worker] DEBUG o.h.p.entity.AbstractEntityPersister -  Snapshot select: select vnfdconnec_.id, vnfdconnec_.type as type2_4_, vnfdconnec_.version as version3_4_, vnfdconnec_.virtual_link_reference as virtual_1_82_ from vnfdconnection_point vnfdconnec_ where vnfdconnec_.id=?
14:11:15.768 [Test worker] DEBUG o.h.p.entity.AbstractEntityPersister -  Insert 0: insert into vnfdconnection_point (type, version, virtual_link_reference, id) values (?, ?, ?, ?)
14:11:15.768 [Test worker] DEBUG o.h.p.entity.AbstractEntityPersister -  Update 0: update vnfdconnection_point set type=?, version=?, virtual_link_reference=? where id=? and version=?
14:11:15.768 [Test worker] DEBUG o.h.p.entity.AbstractEntityPersister -  Delete 0: delete from vnfdconnection_point where id=? and version=?
14:11:15.768 [Test worker] DEBUG o.h.l.p.b.i.spaces.QuerySpacesImpl - Adding QuerySpace : uid = <gen:0> -> org.hibernate.loader.plan.build.internal.spaces.EntityQuerySpaceImpl@57e22eea]
14:11:15.768 [Test worker] DEBUG o.h.p.w.spi.MetamodelGraphWalker - Visiting attribute path : type
14:11:15.768 [Test worker] DEBUG o.h.p.w.spi.MetamodelGraphWalker - Visiting attribute path : version
14:11:15.768 [Test worker] DEBUG o.h.p.w.spi.MetamodelGraphWalker - Visiting attribute path : virtual_link_reference
14:11:15.768 [Test worker] DEBUG o.h.l.p.b.i.FetchStyleLoadPlanBuildingAssociationVisitationStrategy - Building LoadPlan...
14:11:15.768 [Test worker] DEBUG o.h.l.p.e.i.LoadQueryJoinAndFetchProcessor - processing queryspace <gen:0>
14:11:15.769 [Test worker] DEBUG o.h.l.p.b.spi.LoadPlanTreePrinter - LoadPlan(entity=org.project.neutrino.nfvo.catalogue.mano.descriptor.VNFDConnectionPoint)
    - Returns
       - EntityReturnImpl(entity=org.project.neutrino.nfvo.catalogue.mano.descriptor.VNFDConnectionPoint, querySpaceUid=<gen:0>, path=org.project.neutrino.nfvo.catalogue.mano.descriptor.VNFDConnectionPoint)
    - QuerySpaces
       - EntityQuerySpaceImpl(uid=<gen:0>, entity=org.project.neutrino.nfvo.catalogue.mano.descriptor.VNFDConnectionPoint)
          - SQL table alias mapping - vnfdconnec0_
          - alias suffix - 0_
          - suffixed key columns - {id1_4_0_}

14:11:15.769 [Test worker] DEBUG o.h.loader.entity.plan.EntityLoader - Static select for entity org.project.neutrino.nfvo.catalogue.mano.descriptor.VNFDConnectionPoint [NONE]: select vnfdconnec0_.id as id1_4_0_, vnfdconnec0_.type as type2_4_0_, vnfdconnec0_.version as version3_4_0_, vnfdconnec0_.virtual_link_reference as virtual_1_82_0_ from vnfdconnection_point vnfdconnec0_ where vnfdconnec0_.id=?
14:11:15.769 [Test worker] DEBUG o.h.l.p.b.i.spaces.QuerySpacesImpl - Adding QuerySpace : uid = <gen:0> -> org.hibernate.loader.plan.build.internal.spaces.EntityQuerySpaceImpl@5dba8ac5]
14:11:15.780 [Test worker] DEBUG o.h.p.w.spi.MetamodelGraphWalker - Visiting attribute path : type
14:11:15.780 [Test worker] DEBUG o.h.p.w.spi.MetamodelGraphWalker - Visiting attribute path : version
14:11:15.780 [Test worker] DEBUG o.h.p.w.spi.MetamodelGraphWalker - Visiting attribute path : virtual_link_reference
14:11:15.780 [Test worker] DEBUG o.h.l.p.b.i.FetchStyleLoadPlanBuildingAssociationVisitationStrategy - Building LoadPlan...
14:11:15.780 [Test worker] DEBUG o.h.l.p.e.i.LoadQueryJoinAndFetchProcessor - processing queryspace <gen:0>
14:11:15.782 [Test worker] DEBUG o.h.l.p.b.spi.LoadPlanTreePrinter - LoadPlan(entity=org.project.neutrino.nfvo.catalogue.mano.descriptor.VNFDConnectionPoint)
    - Returns
       - EntityReturnImpl(entity=org.project.neutrino.nfvo.catalogue.mano.descriptor.VNFDConnectionPoint, querySpaceUid=<gen:0>, path=org.project.neutrino.nfvo.catalogue.mano.descriptor.VNFDConnectionPoint)
    - QuerySpaces
       - EntityQuerySpaceImpl(uid=<gen:0>, entity=org.project.neutrino.nfvo.catalogue.mano.descriptor.VNFDConnectionPoint)
          - SQL table alias mapping - vnfdconnec0_
          - alias suffix - 0_
          - suffixed key columns - {id1_4_0_}

14:11:15.782 [Test worker] DEBUG o.h.loader.entity.plan.EntityLoader - Static select for entity org.project.neutrino.nfvo.catalogue.mano.descriptor.VNFDConnectionPoint [READ]: select vnfdconnec0_.id as id1_4_0_, vnfdconnec0_.type as type2_4_0_, vnfdconnec0_.version as version3_4_0_, vnfdconnec0_.virtual_link_reference as virtual_1_82_0_ from vnfdconnection_point vnfdconnec0_ where vnfdconnec0_.id=?
14:11:15.782 [Test worker] DEBUG o.h.l.p.b.i.spaces.QuerySpacesImpl - Adding QuerySpace : uid = <gen:0> -> org.hibernate.loader.plan.build.internal.spaces.EntityQuerySpaceImpl@5d0f75d6]
14:11:15.782 [Test worker] DEBUG o.h.p.w.spi.MetamodelGraphWalker - Visiting attribute path : type
14:11:15.782 [Test worker] DEBUG o.h.p.w.spi.MetamodelGraphWalker - Visiting attribute path : version
14:11:15.782 [Test worker] DEBUG o.h.p.w.spi.MetamodelGraphWalker - Visiting attribute path : virtual_link_reference
14:11:15.782 [Test worker] DEBUG o.h.l.p.b.i.FetchStyleLoadPlanBuildingAssociationVisitationStrategy - Building LoadPlan...
14:11:15.782 [Test worker] DEBUG o.h.l.p.e.i.LoadQueryJoinAndFetchProcessor - processing queryspace <gen:0>
14:11:15.783 [Test worker] DEBUG o.h.l.p.b.spi.LoadPlanTreePrinter - LoadPlan(entity=org.project.neutrino.nfvo.catalogue.mano.descriptor.VNFDConnectionPoint)
    - Returns
       - EntityReturnImpl(entity=org.project.neutrino.nfvo.catalogue.mano.descriptor.VNFDConnectionPoint, querySpaceUid=<gen:0>, path=org.project.neutrino.nfvo.catalogue.mano.descriptor.VNFDConnectionPoint)
    - QuerySpaces
       - EntityQuerySpaceImpl(uid=<gen:0>, entity=org.project.neutrino.nfvo.catalogue.mano.descriptor.VNFDConnectionPoint)
          - SQL table alias mapping - vnfdconnec0_
          - alias suffix - 0_
          - suffixed key columns - {id1_4_0_}

14:11:15.783 [Test worker] DEBUG o.h.loader.entity.plan.EntityLoader - Static select for entity org.project.neutrino.nfvo.catalogue.mano.descriptor.VNFDConnectionPoint [UPGRADE]: select vnfdconnec0_.id as id1_4_0_, vnfdconnec0_.type as type2_4_0_, vnfdconnec0_.version as version3_4_0_, vnfdconnec0_.virtual_link_reference as virtual_1_82_0_ from vnfdconnection_point vnfdconnec0_ where vnfdconnec0_.id=? for update
14:11:15.783 [Test worker] DEBUG o.h.l.p.b.i.spaces.QuerySpacesImpl - Adding QuerySpace : uid = <gen:0> -> org.hibernate.loader.plan.build.internal.spaces.EntityQuerySpaceImpl@96219e4]
14:11:15.783 [Test worker] DEBUG o.h.p.w.spi.MetamodelGraphWalker - Visiting attribute path : type
14:11:15.783 [Test worker] DEBUG o.h.p.w.spi.MetamodelGraphWalker - Visiting attribute path : version
14:11:15.783 [Test worker] DEBUG o.h.p.w.spi.MetamodelGraphWalker - Visiting attribute path : virtual_link_reference
14:11:15.783 [Test worker] DEBUG o.h.l.p.b.i.FetchStyleLoadPlanBuildingAssociationVisitationStrategy - Building LoadPlan...
14:11:15.783 [Test worker] DEBUG o.h.l.p.e.i.LoadQueryJoinAndFetchProcessor - processing queryspace <gen:0>
14:11:15.783 [Test worker] DEBUG o.h.l.p.b.spi.LoadPlanTreePrinter - LoadPlan(entity=org.project.neutrino.nfvo.catalogue.mano.descriptor.VNFDConnectionPoint)
    - Returns
       - EntityReturnImpl(entity=org.project.neutrino.nfvo.catalogue.mano.descriptor.VNFDConnectionPoint, querySpaceUid=<gen:0>, path=org.project.neutrino.nfvo.catalogue.mano.descriptor.VNFDConnectionPoint)
    - QuerySpaces
       - EntityQuerySpaceImpl(uid=<gen:0>, entity=org.project.neutrino.nfvo.catalogue.mano.descriptor.VNFDConnectionPoint)
          - SQL table alias mapping - vnfdconnec0_
          - alias suffix - 0_
          - suffixed key columns - {id1_4_0_}

14:11:15.783 [Test worker] DEBUG o.h.loader.entity.plan.EntityLoader - Static select for entity org.project.neutrino.nfvo.catalogue.mano.descriptor.VNFDConnectionPoint [UPGRADE_NOWAIT]: select vnfdconnec0_.id as id1_4_0_, vnfdconnec0_.type as type2_4_0_, vnfdconnec0_.version as version3_4_0_, vnfdconnec0_.virtual_link_reference as virtual_1_82_0_ from vnfdconnection_point vnfdconnec0_ where vnfdconnec0_.id=? for update
14:11:15.783 [Test worker] DEBUG o.h.l.p.b.i.spaces.QuerySpacesImpl - Adding QuerySpace : uid = <gen:0> -> org.hibernate.loader.plan.build.internal.spaces.EntityQuerySpaceImpl@750bff35]
14:11:15.783 [Test worker] DEBUG o.h.p.w.spi.MetamodelGraphWalker - Visiting attribute path : type
14:11:15.783 [Test worker] DEBUG o.h.p.w.spi.MetamodelGraphWalker - Visiting attribute path : version
14:11:15.783 [Test worker] DEBUG o.h.p.w.spi.MetamodelGraphWalker - Visiting attribute path : virtual_link_reference
14:11:15.783 [Test worker] DEBUG o.h.l.p.b.i.FetchStyleLoadPlanBuildingAssociationVisitationStrategy - Building LoadPlan...
14:11:15.783 [Test worker] DEBUG o.h.l.p.e.i.LoadQueryJoinAndFetchProcessor - processing queryspace <gen:0>
14:11:15.784 [Test worker] DEBUG o.h.l.p.b.spi.LoadPlanTreePrinter - LoadPlan(entity=org.project.neutrino.nfvo.catalogue.mano.descriptor.VNFDConnectionPoint)
    - Returns
       - EntityReturnImpl(entity=org.project.neutrino.nfvo.catalogue.mano.descriptor.VNFDConnectionPoint, querySpaceUid=<gen:0>, path=org.project.neutrino.nfvo.catalogue.mano.descriptor.VNFDConnectionPoint)
    - QuerySpaces
       - EntityQuerySpaceImpl(uid=<gen:0>, entity=org.project.neutrino.nfvo.catalogue.mano.descriptor.VNFDConnectionPoint)
          - SQL table alias mapping - vnfdconnec0_
          - alias suffix - 0_
          - suffixed key columns - {id1_4_0_}

14:11:15.784 [Test worker] DEBUG o.h.loader.entity.plan.EntityLoader - Static select for entity org.project.neutrino.nfvo.catalogue.mano.descriptor.VNFDConnectionPoint [UPGRADE_SKIPLOCKED]: select vnfdconnec0_.id as id1_4_0_, vnfdconnec0_.type as type2_4_0_, vnfdconnec0_.version as version3_4_0_, vnfdconnec0_.virtual_link_reference as virtual_1_82_0_ from vnfdconnection_point vnfdconnec0_ where vnfdconnec0_.id=? for update
14:11:15.784 [Test worker] DEBUG o.h.l.p.b.i.spaces.QuerySpacesImpl - Adding QuerySpace : uid = <gen:0> -> org.hibernate.loader.plan.build.internal.spaces.EntityQuerySpaceImpl@1dd0a8c0]
14:11:15.784 [Test worker] DEBUG o.h.p.w.spi.MetamodelGraphWalker - Visiting attribute path : type
14:11:15.784 [Test worker] DEBUG o.h.p.w.spi.MetamodelGraphWalker - Visiting attribute path : version
14:11:15.784 [Test worker] DEBUG o.h.p.w.spi.MetamodelGraphWalker - Visiting attribute path : virtual_link_reference
14:11:15.784 [Test worker] DEBUG o.h.l.p.b.i.FetchStyleLoadPlanBuildingAssociationVisitationStrategy - Building LoadPlan...
14:11:15.784 [Test worker] DEBUG o.h.l.p.e.i.LoadQueryJoinAndFetchProcessor - processing queryspace <gen:0>
14:11:15.784 [Test worker] DEBUG o.h.l.p.b.spi.LoadPlanTreePrinter - LoadPlan(entity=org.project.neutrino.nfvo.catalogue.mano.descriptor.VNFDConnectionPoint)
    - Returns
       - EntityReturnImpl(entity=org.project.neutrino.nfvo.catalogue.mano.descriptor.VNFDConnectionPoint, querySpaceUid=<gen:0>, path=org.project.neutrino.nfvo.catalogue.mano.descriptor.VNFDConnectionPoint)
    - QuerySpaces
       - EntityQuerySpaceImpl(uid=<gen:0>, entity=org.project.neutrino.nfvo.catalogue.mano.descriptor.VNFDConnectionPoint)
          - SQL table alias mapping - vnfdconnec0_
          - alias suffix - 0_
          - suffixed key columns - {id1_4_0_}

14:11:15.784 [Test worker] DEBUG o.h.loader.entity.plan.EntityLoader - Static select for entity org.project.neutrino.nfvo.catalogue.mano.descriptor.VNFDConnectionPoint [FORCE]: select vnfdconnec0_.id as id1_4_0_, vnfdconnec0_.type as type2_4_0_, vnfdconnec0_.version as version3_4_0_, vnfdconnec0_.virtual_link_reference as virtual_1_82_0_ from vnfdconnection_point vnfdconnec0_ where vnfdconnec0_.id=? for update
14:11:15.784 [Test worker] DEBUG o.h.l.p.b.i.spaces.QuerySpacesImpl - Adding QuerySpace : uid = <gen:0> -> org.hibernate.loader.plan.build.internal.spaces.EntityQuerySpaceImpl@6c16586c]
14:11:15.784 [Test worker] DEBUG o.h.p.w.spi.MetamodelGraphWalker - Visiting attribute path : type
14:11:15.784 [Test worker] DEBUG o.h.p.w.spi.MetamodelGraphWalker - Visiting attribute path : version
14:11:15.784 [Test worker] DEBUG o.h.p.w.spi.MetamodelGraphWalker - Visiting attribute path : virtual_link_reference
14:11:15.784 [Test worker] DEBUG o.h.l.p.b.i.FetchStyleLoadPlanBuildingAssociationVisitationStrategy - Building LoadPlan...
14:11:15.784 [Test worker] DEBUG o.h.l.p.e.i.LoadQueryJoinAndFetchProcessor - processing queryspace <gen:0>
14:11:15.785 [Test worker] DEBUG o.h.l.p.b.spi.LoadPlanTreePrinter - LoadPlan(entity=org.project.neutrino.nfvo.catalogue.mano.descriptor.VNFDConnectionPoint)
    - Returns
       - EntityReturnImpl(entity=org.project.neutrino.nfvo.catalogue.mano.descriptor.VNFDConnectionPoint, querySpaceUid=<gen:0>, path=org.project.neutrino.nfvo.catalogue.mano.descriptor.VNFDConnectionPoint)
    - QuerySpaces
       - EntityQuerySpaceImpl(uid=<gen:0>, entity=org.project.neutrino.nfvo.catalogue.mano.descriptor.VNFDConnectionPoint)
          - SQL table alias mapping - vnfdconnec0_
          - alias suffix - 0_
          - suffixed key columns - {id1_4_0_}

14:11:15.785 [Test worker] DEBUG o.h.loader.entity.plan.EntityLoader - Static select for entity org.project.neutrino.nfvo.catalogue.mano.descriptor.VNFDConnectionPoint [PESSIMISTIC_READ]: select vnfdconnec0_.id as id1_4_0_, vnfdconnec0_.type as type2_4_0_, vnfdconnec0_.version as version3_4_0_, vnfdconnec0_.virtual_link_reference as virtual_1_82_0_ from vnfdconnection_point vnfdconnec0_ where vnfdconnec0_.id=? lock in share mode
14:11:15.785 [Test worker] DEBUG o.h.l.p.b.i.spaces.QuerySpacesImpl - Adding QuerySpace : uid = <gen:0> -> org.hibernate.loader.plan.build.internal.spaces.EntityQuerySpaceImpl@99167db]
14:11:15.785 [Test worker] DEBUG o.h.p.w.spi.MetamodelGraphWalker - Visiting attribute path : type
14:11:15.785 [Test worker] DEBUG o.h.p.w.spi.MetamodelGraphWalker - Visiting attribute path : version
14:11:15.785 [Test worker] DEBUG o.h.p.w.spi.MetamodelGraphWalker - Visiting attribute path : virtual_link_reference
14:11:15.785 [Test worker] DEBUG o.h.l.p.b.i.FetchStyleLoadPlanBuildingAssociationVisitationStrategy - Building LoadPlan...
14:11:15.785 [Test worker] DEBUG o.h.l.p.e.i.LoadQueryJoinAndFetchProcessor - processing queryspace <gen:0>
14:11:15.785 [Test worker] DEBUG o.h.l.p.b.spi.LoadPlanTreePrinter - LoadPlan(entity=org.project.neutrino.nfvo.catalogue.mano.descriptor.VNFDConnectionPoint)
    - Returns
       - EntityReturnImpl(entity=org.project.neutrino.nfvo.catalogue.mano.descriptor.VNFDConnectionPoint, querySpaceUid=<gen:0>, path=org.project.neutrino.nfvo.catalogue.mano.descriptor.VNFDConnectionPoint)
    - QuerySpaces
       - EntityQuerySpaceImpl(uid=<gen:0>, entity=org.project.neutrino.nfvo.catalogue.mano.descriptor.VNFDConnectionPoint)
          - SQL table alias mapping - vnfdconnec0_
          - alias suffix - 0_
          - suffixed key columns - {id1_4_0_}

14:11:15.785 [Test worker] DEBUG o.h.loader.entity.plan.EntityLoader - Static select for entity org.project.neutrino.nfvo.catalogue.mano.descriptor.VNFDConnectionPoint [PESSIMISTIC_WRITE]: select vnfdconnec0_.id as id1_4_0_, vnfdconnec0_.type as type2_4_0_, vnfdconnec0_.version as version3_4_0_, vnfdconnec0_.virtual_link_reference as virtual_1_82_0_ from vnfdconnection_point vnfdconnec0_ where vnfdconnec0_.id=? for update
14:11:15.785 [Test worker] DEBUG o.h.l.p.b.i.spaces.QuerySpacesImpl - Adding QuerySpace : uid = <gen:0> -> org.hibernate.loader.plan.build.internal.spaces.EntityQuerySpaceImpl@75be93a7]
14:11:15.785 [Test worker] DEBUG o.h.p.w.spi.MetamodelGraphWalker - Visiting attribute path : type
14:11:15.785 [Test worker] DEBUG o.h.p.w.spi.MetamodelGraphWalker - Visiting attribute path : version
14:11:15.785 [Test worker] DEBUG o.h.p.w.spi.MetamodelGraphWalker - Visiting attribute path : virtual_link_reference
14:11:15.785 [Test worker] DEBUG o.h.l.p.b.i.FetchStyleLoadPlanBuildingAssociationVisitationStrategy - Building LoadPlan...
14:11:15.785 [Test worker] DEBUG o.h.l.p.e.i.LoadQueryJoinAndFetchProcessor - processing queryspace <gen:0>
14:11:15.786 [Test worker] DEBUG o.h.l.p.b.spi.LoadPlanTreePrinter - LoadPlan(entity=org.project.neutrino.nfvo.catalogue.mano.descriptor.VNFDConnectionPoint)
    - Returns
       - EntityReturnImpl(entity=org.project.neutrino.nfvo.catalogue.mano.descriptor.VNFDConnectionPoint, querySpaceUid=<gen:0>, path=org.project.neutrino.nfvo.catalogue.mano.descriptor.VNFDConnectionPoint)
    - QuerySpaces
       - EntityQuerySpaceImpl(uid=<gen:0>, entity=org.project.neutrino.nfvo.catalogue.mano.descriptor.VNFDConnectionPoint)
          - SQL table alias mapping - vnfdconnec0_
          - alias suffix - 0_
          - suffixed key columns - {id1_4_0_}

14:11:15.786 [Test worker] DEBUG o.h.loader.entity.plan.EntityLoader - Static select for entity org.project.neutrino.nfvo.catalogue.mano.descriptor.VNFDConnectionPoint [PESSIMISTIC_FORCE_INCREMENT]: select vnfdconnec0_.id as id1_4_0_, vnfdconnec0_.type as type2_4_0_, vnfdconnec0_.version as version3_4_0_, vnfdconnec0_.virtual_link_reference as virtual_1_82_0_ from vnfdconnection_point vnfdconnec0_ where vnfdconnec0_.id=? for update
14:11:15.786 [Test worker] DEBUG o.h.l.p.b.i.spaces.QuerySpacesImpl - Adding QuerySpace : uid = <gen:0> -> org.hibernate.loader.plan.build.internal.spaces.EntityQuerySpaceImpl@72f3b982]
14:11:15.786 [Test worker] DEBUG o.h.p.w.spi.MetamodelGraphWalker - Visiting attribute path : type
14:11:15.786 [Test worker] DEBUG o.h.p.w.spi.MetamodelGraphWalker - Visiting attribute path : version
14:11:15.786 [Test worker] DEBUG o.h.p.w.spi.MetamodelGraphWalker - Visiting attribute path : virtual_link_reference
14:11:15.786 [Test worker] DEBUG o.h.l.p.b.i.FetchStyleLoadPlanBuildingAssociationVisitationStrategy - Building LoadPlan...
14:11:15.786 [Test worker] DEBUG o.h.l.p.e.i.LoadQueryJoinAndFetchProcessor - processing queryspace <gen:0>
14:11:15.786 [Test worker] DEBUG o.h.l.p.b.spi.LoadPlanTreePrinter - LoadPlan(entity=org.project.neutrino.nfvo.catalogue.mano.descriptor.VNFDConnectionPoint)
    - Returns
       - EntityReturnImpl(entity=org.project.neutrino.nfvo.catalogue.mano.descriptor.VNFDConnectionPoint, querySpaceUid=<gen:0>, path=org.project.neutrino.nfvo.catalogue.mano.descriptor.VNFDConnectionPoint)
    - QuerySpaces
       - EntityQuerySpaceImpl(uid=<gen:0>, entity=org.project.neutrino.nfvo.catalogue.mano.descriptor.VNFDConnectionPoint)
          - SQL table alias mapping - vnfdconnec0_
          - alias suffix - 0_
          - suffixed key columns - {id1_4_0_}

14:11:15.786 [Test worker] DEBUG o.h.loader.entity.plan.EntityLoader - Static select for entity org.project.neutrino.nfvo.catalogue.mano.descriptor.VNFDConnectionPoint [OPTIMISTIC]: select vnfdconnec0_.id as id1_4_0_, vnfdconnec0_.type as type2_4_0_, vnfdconnec0_.version as version3_4_0_, vnfdconnec0_.virtual_link_reference as virtual_1_82_0_ from vnfdconnection_point vnfdconnec0_ where vnfdconnec0_.id=?
14:11:15.786 [Test worker] DEBUG o.h.l.p.b.i.spaces.QuerySpacesImpl - Adding QuerySpace : uid = <gen:0> -> org.hibernate.loader.plan.build.internal.spaces.EntityQuerySpaceImpl@3143f2fb]
14:11:15.786 [Test worker] DEBUG o.h.p.w.spi.MetamodelGraphWalker - Visiting attribute path : type
14:11:15.786 [Test worker] DEBUG o.h.p.w.spi.MetamodelGraphWalker - Visiting attribute path : version
14:11:15.786 [Test worker] DEBUG o.h.p.w.spi.MetamodelGraphWalker - Visiting attribute path : virtual_link_reference
14:11:15.786 [Test worker] DEBUG o.h.l.p.b.i.FetchStyleLoadPlanBuildingAssociationVisitationStrategy - Building LoadPlan...
14:11:15.787 [Test worker] DEBUG o.h.l.p.e.i.LoadQueryJoinAndFetchProcessor - processing queryspace <gen:0>
14:11:15.797 [Test worker] DEBUG o.h.l.p.b.spi.LoadPlanTreePrinter - LoadPlan(entity=org.project.neutrino.nfvo.catalogue.mano.descriptor.VNFDConnectionPoint)
    - Returns
       - EntityReturnImpl(entity=org.project.neutrino.nfvo.catalogue.mano.descriptor.VNFDConnectionPoint, querySpaceUid=<gen:0>, path=org.project.neutrino.nfvo.catalogue.mano.descriptor.VNFDConnectionPoint)
    - QuerySpaces
       - EntityQuerySpaceImpl(uid=<gen:0>, entity=org.project.neutrino.nfvo.catalogue.mano.descriptor.VNFDConnectionPoint)
          - SQL table alias mapping - vnfdconnec0_
          - alias suffix - 0_
          - suffixed key columns - {id1_4_0_}

14:11:15.797 [Test worker] DEBUG o.h.loader.entity.plan.EntityLoader - Static select for entity org.project.neutrino.nfvo.catalogue.mano.descriptor.VNFDConnectionPoint [OPTIMISTIC_FORCE_INCREMENT]: select vnfdconnec0_.id as id1_4_0_, vnfdconnec0_.type as type2_4_0_, vnfdconnec0_.version as version3_4_0_, vnfdconnec0_.virtual_link_reference as virtual_1_82_0_ from vnfdconnection_point vnfdconnec0_ where vnfdconnec0_.id=?
14:11:15.797 [Test worker] DEBUG org.hibernate.loader.Loader - Static select for action ACTION_MERGE on entity org.project.neutrino.nfvo.catalogue.mano.descriptor.VNFDConnectionPoint: select vnfdconnec0_.id as id1_4_0_, vnfdconnec0_.type as type2_4_0_, vnfdconnec0_.version as version3_4_0_, vnfdconnec0_.virtual_link_reference as virtual_1_82_0_ from vnfdconnection_point vnfdconnec0_ where vnfdconnec0_.id=?
14:11:15.797 [Test worker] DEBUG org.hibernate.loader.Loader - Static select for action ACTION_REFRESH on entity org.project.neutrino.nfvo.catalogue.mano.descriptor.VNFDConnectionPoint: select vnfdconnec0_.id as id1_4_0_, vnfdconnec0_.type as type2_4_0_, vnfdconnec0_.version as version3_4_0_, vnfdconnec0_.virtual_link_reference as virtual_1_82_0_ from vnfdconnection_point vnfdconnec0_ where vnfdconnec0_.id=?
14:11:15.797 [Test worker] DEBUG o.h.p.entity.AbstractEntityPersister - Static SQL for entity: org.project.neutrino.nfvo.catalogue.mano.descriptor.VNFDDeploymentFlavour
14:11:15.797 [Test worker] DEBUG o.h.p.entity.AbstractEntityPersister -  Version select: select version from vnfddeployment_flavour where id =?
14:11:15.797 [Test worker] DEBUG o.h.p.entity.AbstractEntityPersister -  Snapshot select: select vnfddeploy_.id, vnfddeploy_.flavour_key as flavour_2_7_, vnfddeploy_.version as version3_7_ from vnfddeployment_flavour vnfddeploy_ where vnfddeploy_.id=?
14:11:15.797 [Test worker] DEBUG o.h.p.entity.AbstractEntityPersister -  Insert 0: insert into vnfddeployment_flavour (flavour_key, version, id) values (?, ?, ?)
14:11:15.797 [Test worker] DEBUG o.h.p.entity.AbstractEntityPersister -  Update 0: update vnfddeployment_flavour set flavour_key=?, version=? where id=? and version=?
14:11:15.797 [Test worker] DEBUG o.h.p.entity.AbstractEntityPersister -  Delete 0: delete from vnfddeployment_flavour where id=? and version=?
14:11:15.797 [Test worker] DEBUG o.h.l.p.b.i.spaces.QuerySpacesImpl - Adding QuerySpace : uid = <gen:0> -> org.hibernate.loader.plan.build.internal.spaces.EntityQuerySpaceImpl@1a518ef4]
14:11:15.798 [Test worker] DEBUG o.h.p.w.spi.MetamodelGraphWalker - Visiting attribute path : flavour_key
14:11:15.798 [Test worker] DEBUG o.h.p.w.spi.MetamodelGraphWalker - Visiting attribute path : version
14:11:15.798 [Test worker] DEBUG o.h.p.w.spi.MetamodelGraphWalker - Visiting attribute path : costituent_vdu
14:11:15.798 [Test worker] DEBUG o.h.p.w.spi.MetamodelGraphWalker - Visiting attribute path : df_constraint
14:11:15.798 [Test worker] DEBUG o.h.l.p.b.i.spaces.QuerySpacesImpl - Adding QuerySpace : uid = <gen:1> -> org.hibernate.loader.plan.build.internal.spaces.CollectionQuerySpaceImpl@4991a0c]
14:11:15.798 [Test worker] DEBUG o.h.l.p.b.i.FetchStyleLoadPlanBuildingAssociationVisitationStrategy - Building LoadPlan...
14:11:15.798 [Test worker] DEBUG o.h.l.p.e.i.LoadQueryJoinAndFetchProcessor - processing queryspace <gen:0>
14:11:15.808 [Test worker] DEBUG o.h.l.p.b.spi.LoadPlanTreePrinter - LoadPlan(entity=org.project.neutrino.nfvo.catalogue.mano.descriptor.VNFDDeploymentFlavour)
    - Returns
       - EntityReturnImpl(entity=org.project.neutrino.nfvo.catalogue.mano.descriptor.VNFDDeploymentFlavour, querySpaceUid=<gen:0>, path=org.project.neutrino.nfvo.catalogue.mano.descriptor.VNFDDeploymentFlavour)
          - CollectionAttributeFetchImpl(collection=org.project.neutrino.nfvo.catalogue.mano.descriptor.VNFDDeploymentFlavour.df_constraint, querySpaceUid=<gen:1>, path=org.project.neutrino.nfvo.catalogue.mano.descriptor.VNFDDeploymentFlavour.df_constraint)
    - QuerySpaces
       - EntityQuerySpaceImpl(uid=<gen:0>, entity=org.project.neutrino.nfvo.catalogue.mano.descriptor.VNFDDeploymentFlavour)
          - SQL table alias mapping - vnfddeploy0_
          - alias suffix - 0_
          - suffixed key columns - {id1_7_0_}
          - JOIN (JoinDefinedByMetadata(df_constraint)) : <gen:0> -> <gen:1>
             - CollectionQuerySpaceImpl(uid=<gen:1>, collection=org.project.neutrino.nfvo.catalogue.mano.descriptor.VNFDDeploymentFlavour.df_constraint)
                - SQL table alias mapping - df_constra1_
                - alias suffix - 1_
                - suffixed key columns - {vnfddepl1_7_1_}

14:11:15.809 [Test worker] DEBUG o.h.loader.entity.plan.EntityLoader - Static select for entity org.project.neutrino.nfvo.catalogue.mano.descriptor.VNFDDeploymentFlavour [NONE]: select vnfddeploy0_.id as id1_7_0_, vnfddeploy0_.flavour_key as flavour_2_7_0_, vnfddeploy0_.version as version3_7_0_, df_constra1_.vnfddeployment_flavour_id as vnfddepl1_7_1_, df_constra1_.df_constraint as df_const2_85_1_ from vnfddeployment_flavour vnfddeploy0_ left outer join vnfddeployment_flavour_df_constraint df_constra1_ on vnfddeploy0_.id=df_constra1_.vnfddeployment_flavour_id where vnfddeploy0_.id=?
14:11:15.809 [Test worker] DEBUG o.h.l.p.b.i.spaces.QuerySpacesImpl - Adding QuerySpace : uid = <gen:0> -> org.hibernate.loader.plan.build.internal.spaces.EntityQuerySpaceImpl@aab12a3]
14:11:15.809 [Test worker] DEBUG o.h.p.w.spi.MetamodelGraphWalker - Visiting attribute path : flavour_key
14:11:15.809 [Test worker] DEBUG o.h.p.w.spi.MetamodelGraphWalker - Visiting attribute path : version
14:11:15.809 [Test worker] DEBUG o.h.p.w.spi.MetamodelGraphWalker - Visiting attribute path : costituent_vdu
14:11:15.809 [Test worker] DEBUG o.h.p.w.spi.MetamodelGraphWalker - Visiting attribute path : df_constraint
14:11:15.809 [Test worker] DEBUG o.h.l.p.b.i.spaces.QuerySpacesImpl - Adding QuerySpace : uid = <gen:1> -> org.hibernate.loader.plan.build.internal.spaces.CollectionQuerySpaceImpl@12eeb6b4]
14:11:15.809 [Test worker] DEBUG o.h.l.p.b.i.FetchStyleLoadPlanBuildingAssociationVisitationStrategy - Building LoadPlan...
14:11:15.813 [Test worker] DEBUG o.h.l.p.e.i.LoadQueryJoinAndFetchProcessor - processing queryspace <gen:0>
14:11:15.815 [Test worker] DEBUG o.h.l.p.b.spi.LoadPlanTreePrinter - LoadPlan(entity=org.project.neutrino.nfvo.catalogue.mano.descriptor.VNFDDeploymentFlavour)
    - Returns
       - EntityReturnImpl(entity=org.project.neutrino.nfvo.catalogue.mano.descriptor.VNFDDeploymentFlavour, querySpaceUid=<gen:0>, path=org.project.neutrino.nfvo.catalogue.mano.descriptor.VNFDDeploymentFlavour)
          - CollectionAttributeFetchImpl(collection=org.project.neutrino.nfvo.catalogue.mano.descriptor.VNFDDeploymentFlavour.df_constraint, querySpaceUid=<gen:1>, path=org.project.neutrino.nfvo.catalogue.mano.descriptor.VNFDDeploymentFlavour.df_constraint)
    - QuerySpaces
       - EntityQuerySpaceImpl(uid=<gen:0>, entity=org.project.neutrino.nfvo.catalogue.mano.descriptor.VNFDDeploymentFlavour)
          - SQL table alias mapping - vnfddeploy0_
          - alias suffix - 0_
          - suffixed key columns - {id1_7_0_}
          - JOIN (JoinDefinedByMetadata(df_constraint)) : <gen:0> -> <gen:1>
             - CollectionQuerySpaceImpl(uid=<gen:1>, collection=org.project.neutrino.nfvo.catalogue.mano.descriptor.VNFDDeploymentFlavour.df_constraint)
                - SQL table alias mapping - df_constra1_
                - alias suffix - 1_
                - suffixed key columns - {vnfddepl1_7_1_}

14:11:15.815 [Test worker] DEBUG o.h.loader.entity.plan.EntityLoader - Static select for entity org.project.neutrino.nfvo.catalogue.mano.descriptor.VNFDDeploymentFlavour [READ]: select vnfddeploy0_.id as id1_7_0_, vnfddeploy0_.flavour_key as flavour_2_7_0_, vnfddeploy0_.version as version3_7_0_, df_constra1_.vnfddeployment_flavour_id as vnfddepl1_7_1_, df_constra1_.df_constraint as df_const2_85_1_ from vnfddeployment_flavour vnfddeploy0_ left outer join vnfddeployment_flavour_df_constraint df_constra1_ on vnfddeploy0_.id=df_constra1_.vnfddeployment_flavour_id where vnfddeploy0_.id=?
14:11:15.815 [Test worker] DEBUG o.h.l.p.b.i.spaces.QuerySpacesImpl - Adding QuerySpace : uid = <gen:0> -> org.hibernate.loader.plan.build.internal.spaces.EntityQuerySpaceImpl@65144e1b]
14:11:15.815 [Test worker] DEBUG o.h.p.w.spi.MetamodelGraphWalker - Visiting attribute path : flavour_key
14:11:15.815 [Test worker] DEBUG o.h.p.w.spi.MetamodelGraphWalker - Visiting attribute path : version
14:11:15.815 [Test worker] DEBUG o.h.p.w.spi.MetamodelGraphWalker - Visiting attribute path : costituent_vdu
14:11:15.815 [Test worker] DEBUG o.h.p.w.spi.MetamodelGraphWalker - Visiting attribute path : df_constraint
14:11:15.815 [Test worker] DEBUG o.h.l.p.b.i.spaces.QuerySpacesImpl - Adding QuerySpace : uid = <gen:1> -> org.hibernate.loader.plan.build.internal.spaces.CollectionQuerySpaceImpl@49ad5bac]
14:11:15.815 [Test worker] DEBUG o.h.l.p.b.i.FetchStyleLoadPlanBuildingAssociationVisitationStrategy - Building LoadPlan...
14:11:15.815 [Test worker] DEBUG o.h.l.p.e.i.LoadQueryJoinAndFetchProcessor - processing queryspace <gen:0>
14:11:15.816 [Test worker] DEBUG o.h.l.p.b.spi.LoadPlanTreePrinter - LoadPlan(entity=org.project.neutrino.nfvo.catalogue.mano.descriptor.VNFDDeploymentFlavour)
    - Returns
       - EntityReturnImpl(entity=org.project.neutrino.nfvo.catalogue.mano.descriptor.VNFDDeploymentFlavour, querySpaceUid=<gen:0>, path=org.project.neutrino.nfvo.catalogue.mano.descriptor.VNFDDeploymentFlavour)
          - CollectionAttributeFetchImpl(collection=org.project.neutrino.nfvo.catalogue.mano.descriptor.VNFDDeploymentFlavour.df_constraint, querySpaceUid=<gen:1>, path=org.project.neutrino.nfvo.catalogue.mano.descriptor.VNFDDeploymentFlavour.df_constraint)
    - QuerySpaces
       - EntityQuerySpaceImpl(uid=<gen:0>, entity=org.project.neutrino.nfvo.catalogue.mano.descriptor.VNFDDeploymentFlavour)
          - SQL table alias mapping - vnfddeploy0_
          - alias suffix - 0_
          - suffixed key columns - {id1_7_0_}

14:11:15.816 [Test worker] DEBUG o.h.loader.entity.plan.EntityLoader - Static select for entity org.project.neutrino.nfvo.catalogue.mano.descriptor.VNFDDeploymentFlavour [UPGRADE]: select vnfddeploy0_.id as id1_7_0_, vnfddeploy0_.flavour_key as flavour_2_7_0_, vnfddeploy0_.version as version3_7_0_ from vnfddeployment_flavour vnfddeploy0_ where vnfddeploy0_.id=? for update
14:11:15.816 [Test worker] DEBUG o.h.l.p.b.i.spaces.QuerySpacesImpl - Adding QuerySpace : uid = <gen:0> -> org.hibernate.loader.plan.build.internal.spaces.EntityQuerySpaceImpl@145d9efe]
14:11:15.816 [Test worker] DEBUG o.h.p.w.spi.MetamodelGraphWalker - Visiting attribute path : flavour_key
14:11:15.816 [Test worker] DEBUG o.h.p.w.spi.MetamodelGraphWalker - Visiting attribute path : version
14:11:15.816 [Test worker] DEBUG o.h.p.w.spi.MetamodelGraphWalker - Visiting attribute path : costituent_vdu
14:11:15.816 [Test worker] DEBUG o.h.p.w.spi.MetamodelGraphWalker - Visiting attribute path : df_constraint
14:11:15.816 [Test worker] DEBUG o.h.l.p.b.i.spaces.QuerySpacesImpl - Adding QuerySpace : uid = <gen:1> -> org.hibernate.loader.plan.build.internal.spaces.CollectionQuerySpaceImpl@2d2a02e4]
14:11:15.822 [Test worker] DEBUG o.h.l.p.b.i.FetchStyleLoadPlanBuildingAssociationVisitationStrategy - Building LoadPlan...
14:11:15.822 [Test worker] DEBUG o.h.l.p.e.i.LoadQueryJoinAndFetchProcessor - processing queryspace <gen:0>
14:11:15.823 [Test worker] DEBUG o.h.l.p.b.spi.LoadPlanTreePrinter - LoadPlan(entity=org.project.neutrino.nfvo.catalogue.mano.descriptor.VNFDDeploymentFlavour)
    - Returns
       - EntityReturnImpl(entity=org.project.neutrino.nfvo.catalogue.mano.descriptor.VNFDDeploymentFlavour, querySpaceUid=<gen:0>, path=org.project.neutrino.nfvo.catalogue.mano.descriptor.VNFDDeploymentFlavour)
          - CollectionAttributeFetchImpl(collection=org.project.neutrino.nfvo.catalogue.mano.descriptor.VNFDDeploymentFlavour.df_constraint, querySpaceUid=<gen:1>, path=org.project.neutrino.nfvo.catalogue.mano.descriptor.VNFDDeploymentFlavour.df_constraint)
    - QuerySpaces
       - EntityQuerySpaceImpl(uid=<gen:0>, entity=org.project.neutrino.nfvo.catalogue.mano.descriptor.VNFDDeploymentFlavour)
          - SQL table alias mapping - vnfddeploy0_
          - alias suffix - 0_
          - suffixed key columns - {id1_7_0_}

14:11:15.823 [Test worker] DEBUG o.h.loader.entity.plan.EntityLoader - Static select for entity org.project.neutrino.nfvo.catalogue.mano.descriptor.VNFDDeploymentFlavour [UPGRADE_NOWAIT]: select vnfddeploy0_.id as id1_7_0_, vnfddeploy0_.flavour_key as flavour_2_7_0_, vnfddeploy0_.version as version3_7_0_ from vnfddeployment_flavour vnfddeploy0_ where vnfddeploy0_.id=? for update
14:11:15.823 [Test worker] DEBUG o.h.l.p.b.i.spaces.QuerySpacesImpl - Adding QuerySpace : uid = <gen:0> -> org.hibernate.loader.plan.build.internal.spaces.EntityQuerySpaceImpl@2123dde6]
14:11:15.823 [Test worker] DEBUG o.h.p.w.spi.MetamodelGraphWalker - Visiting attribute path : flavour_key
14:11:15.824 [Test worker] DEBUG o.h.p.w.spi.MetamodelGraphWalker - Visiting attribute path : version
14:11:15.824 [Test worker] DEBUG o.h.p.w.spi.MetamodelGraphWalker - Visiting attribute path : costituent_vdu
14:11:15.824 [Test worker] DEBUG o.h.p.w.spi.MetamodelGraphWalker - Visiting attribute path : df_constraint
14:11:15.824 [Test worker] DEBUG o.h.l.p.b.i.spaces.QuerySpacesImpl - Adding QuerySpace : uid = <gen:1> -> org.hibernate.loader.plan.build.internal.spaces.CollectionQuerySpaceImpl@35a9f47c]
14:11:15.824 [Test worker] DEBUG o.h.l.p.b.i.FetchStyleLoadPlanBuildingAssociationVisitationStrategy - Building LoadPlan...
14:11:15.824 [Test worker] DEBUG o.h.l.p.e.i.LoadQueryJoinAndFetchProcessor - processing queryspace <gen:0>
14:11:15.825 [Test worker] DEBUG o.h.l.p.b.spi.LoadPlanTreePrinter - LoadPlan(entity=org.project.neutrino.nfvo.catalogue.mano.descriptor.VNFDDeploymentFlavour)
    - Returns
       - EntityReturnImpl(entity=org.project.neutrino.nfvo.catalogue.mano.descriptor.VNFDDeploymentFlavour, querySpaceUid=<gen:0>, path=org.project.neutrino.nfvo.catalogue.mano.descriptor.VNFDDeploymentFlavour)
          - CollectionAttributeFetchImpl(collection=org.project.neutrino.nfvo.catalogue.mano.descriptor.VNFDDeploymentFlavour.df_constraint, querySpaceUid=<gen:1>, path=org.project.neutrino.nfvo.catalogue.mano.descriptor.VNFDDeploymentFlavour.df_constraint)
    - QuerySpaces
       - EntityQuerySpaceImpl(uid=<gen:0>, entity=org.project.neutrino.nfvo.catalogue.mano.descriptor.VNFDDeploymentFlavour)
          - SQL table alias mapping - vnfddeploy0_
          - alias suffix - 0_
          - suffixed key columns - {id1_7_0_}

14:11:15.825 [Test worker] DEBUG o.h.loader.entity.plan.EntityLoader - Static select for entity org.project.neutrino.nfvo.catalogue.mano.descriptor.VNFDDeploymentFlavour [UPGRADE_SKIPLOCKED]: select vnfddeploy0_.id as id1_7_0_, vnfddeploy0_.flavour_key as flavour_2_7_0_, vnfddeploy0_.version as version3_7_0_ from vnfddeployment_flavour vnfddeploy0_ where vnfddeploy0_.id=? for update
14:11:15.825 [Test worker] DEBUG o.h.l.p.b.i.spaces.QuerySpacesImpl - Adding QuerySpace : uid = <gen:0> -> org.hibernate.loader.plan.build.internal.spaces.EntityQuerySpaceImpl@28f2146a]
14:11:15.825 [Test worker] DEBUG o.h.p.w.spi.MetamodelGraphWalker - Visiting attribute path : flavour_key
14:11:15.825 [Test worker] DEBUG o.h.p.w.spi.MetamodelGraphWalker - Visiting attribute path : version
14:11:15.825 [Test worker] DEBUG o.h.p.w.spi.MetamodelGraphWalker - Visiting attribute path : costituent_vdu
14:11:15.825 [Test worker] DEBUG o.h.p.w.spi.MetamodelGraphWalker - Visiting attribute path : df_constraint
14:11:15.825 [Test worker] DEBUG o.h.l.p.b.i.spaces.QuerySpacesImpl - Adding QuerySpace : uid = <gen:1> -> org.hibernate.loader.plan.build.internal.spaces.CollectionQuerySpaceImpl@1a8405ec]
14:11:15.825 [Test worker] DEBUG o.h.l.p.b.i.FetchStyleLoadPlanBuildingAssociationVisitationStrategy - Building LoadPlan...
14:11:15.825 [Test worker] DEBUG o.h.l.p.e.i.LoadQueryJoinAndFetchProcessor - processing queryspace <gen:0>
14:11:15.826 [Test worker] DEBUG o.h.l.p.b.spi.LoadPlanTreePrinter - LoadPlan(entity=org.project.neutrino.nfvo.catalogue.mano.descriptor.VNFDDeploymentFlavour)
    - Returns
       - EntityReturnImpl(entity=org.project.neutrino.nfvo.catalogue.mano.descriptor.VNFDDeploymentFlavour, querySpaceUid=<gen:0>, path=org.project.neutrino.nfvo.catalogue.mano.descriptor.VNFDDeploymentFlavour)
          - CollectionAttributeFetchImpl(collection=org.project.neutrino.nfvo.catalogue.mano.descriptor.VNFDDeploymentFlavour.df_constraint, querySpaceUid=<gen:1>, path=org.project.neutrino.nfvo.catalogue.mano.descriptor.VNFDDeploymentFlavour.df_constraint)
    - QuerySpaces
       - EntityQuerySpaceImpl(uid=<gen:0>, entity=org.project.neutrino.nfvo.catalogue.mano.descriptor.VNFDDeploymentFlavour)
          - SQL table alias mapping - vnfddeploy0_
          - alias suffix - 0_
          - suffixed key columns - {id1_7_0_}

14:11:15.826 [Test worker] DEBUG o.h.loader.entity.plan.EntityLoader - Static select for entity org.project.neutrino.nfvo.catalogue.mano.descriptor.VNFDDeploymentFlavour [FORCE]: select vnfddeploy0_.id as id1_7_0_, vnfddeploy0_.flavour_key as flavour_2_7_0_, vnfddeploy0_.version as version3_7_0_ from vnfddeployment_flavour vnfddeploy0_ where vnfddeploy0_.id=? for update
14:11:15.826 [Test worker] DEBUG o.h.l.p.b.i.spaces.QuerySpacesImpl - Adding QuerySpace : uid = <gen:0> -> org.hibernate.loader.plan.build.internal.spaces.EntityQuerySpaceImpl@51a0d68d]
14:11:15.826 [Test worker] DEBUG o.h.p.w.spi.MetamodelGraphWalker - Visiting attribute path : flavour_key
14:11:15.826 [Test worker] DEBUG o.h.p.w.spi.MetamodelGraphWalker - Visiting attribute path : version
14:11:15.826 [Test worker] DEBUG o.h.p.w.spi.MetamodelGraphWalker - Visiting attribute path : costituent_vdu
14:11:15.826 [Test worker] DEBUG o.h.p.w.spi.MetamodelGraphWalker - Visiting attribute path : df_constraint
14:11:15.826 [Test worker] DEBUG o.h.l.p.b.i.spaces.QuerySpacesImpl - Adding QuerySpace : uid = <gen:1> -> org.hibernate.loader.plan.build.internal.spaces.CollectionQuerySpaceImpl@7da0a60b]
14:11:15.827 [Test worker] DEBUG o.h.l.p.b.i.FetchStyleLoadPlanBuildingAssociationVisitationStrategy - Building LoadPlan...
14:11:15.827 [Test worker] DEBUG o.h.l.p.e.i.LoadQueryJoinAndFetchProcessor - processing queryspace <gen:0>
14:11:15.827 [Test worker] DEBUG o.h.l.p.b.spi.LoadPlanTreePrinter - LoadPlan(entity=org.project.neutrino.nfvo.catalogue.mano.descriptor.VNFDDeploymentFlavour)
    - Returns
       - EntityReturnImpl(entity=org.project.neutrino.nfvo.catalogue.mano.descriptor.VNFDDeploymentFlavour, querySpaceUid=<gen:0>, path=org.project.neutrino.nfvo.catalogue.mano.descriptor.VNFDDeploymentFlavour)
          - CollectionAttributeFetchImpl(collection=org.project.neutrino.nfvo.catalogue.mano.descriptor.VNFDDeploymentFlavour.df_constraint, querySpaceUid=<gen:1>, path=org.project.neutrino.nfvo.catalogue.mano.descriptor.VNFDDeploymentFlavour.df_constraint)
    - QuerySpaces
       - EntityQuerySpaceImpl(uid=<gen:0>, entity=org.project.neutrino.nfvo.catalogue.mano.descriptor.VNFDDeploymentFlavour)
          - SQL table alias mapping - vnfddeploy0_
          - alias suffix - 0_
          - suffixed key columns - {id1_7_0_}

14:11:15.827 [Test worker] DEBUG o.h.loader.entity.plan.EntityLoader - Static select for entity org.project.neutrino.nfvo.catalogue.mano.descriptor.VNFDDeploymentFlavour [PESSIMISTIC_READ]: select vnfddeploy0_.id as id1_7_0_, vnfddeploy0_.flavour_key as flavour_2_7_0_, vnfddeploy0_.version as version3_7_0_ from vnfddeployment_flavour vnfddeploy0_ where vnfddeploy0_.id=? lock in share mode
14:11:15.827 [Test worker] DEBUG o.h.l.p.b.i.spaces.QuerySpacesImpl - Adding QuerySpace : uid = <gen:0> -> org.hibernate.loader.plan.build.internal.spaces.EntityQuerySpaceImpl@3df55c9c]
14:11:15.827 [Test worker] DEBUG o.h.p.w.spi.MetamodelGraphWalker - Visiting attribute path : flavour_key
14:11:15.827 [Test worker] DEBUG o.h.p.w.spi.MetamodelGraphWalker - Visiting attribute path : version
14:11:15.827 [Test worker] DEBUG o.h.p.w.spi.MetamodelGraphWalker - Visiting attribute path : costituent_vdu
14:11:15.827 [Test worker] DEBUG o.h.p.w.spi.MetamodelGraphWalker - Visiting attribute path : df_constraint
14:11:15.827 [Test worker] DEBUG o.h.l.p.b.i.spaces.QuerySpacesImpl - Adding QuerySpace : uid = <gen:1> -> org.hibernate.loader.plan.build.internal.spaces.CollectionQuerySpaceImpl@1d85e52e]
14:11:15.828 [Test worker] DEBUG o.h.l.p.b.i.FetchStyleLoadPlanBuildingAssociationVisitationStrategy - Building LoadPlan...
14:11:15.828 [Test worker] DEBUG o.h.l.p.e.i.LoadQueryJoinAndFetchProcessor - processing queryspace <gen:0>
14:11:15.828 [Test worker] DEBUG o.h.l.p.b.spi.LoadPlanTreePrinter - LoadPlan(entity=org.project.neutrino.nfvo.catalogue.mano.descriptor.VNFDDeploymentFlavour)
    - Returns
       - EntityReturnImpl(entity=org.project.neutrino.nfvo.catalogue.mano.descriptor.VNFDDeploymentFlavour, querySpaceUid=<gen:0>, path=org.project.neutrino.nfvo.catalogue.mano.descriptor.VNFDDeploymentFlavour)
          - CollectionAttributeFetchImpl(collection=org.project.neutrino.nfvo.catalogue.mano.descriptor.VNFDDeploymentFlavour.df_constraint, querySpaceUid=<gen:1>, path=org.project.neutrino.nfvo.catalogue.mano.descriptor.VNFDDeploymentFlavour.df_constraint)
    - QuerySpaces
       - EntityQuerySpaceImpl(uid=<gen:0>, entity=org.project.neutrino.nfvo.catalogue.mano.descriptor.VNFDDeploymentFlavour)
          - SQL table alias mapping - vnfddeploy0_
          - alias suffix - 0_
          - suffixed key columns - {id1_7_0_}

14:11:15.828 [Test worker] DEBUG o.h.loader.entity.plan.EntityLoader - Static select for entity org.project.neutrino.nfvo.catalogue.mano.descriptor.VNFDDeploymentFlavour [PESSIMISTIC_WRITE]: select vnfddeploy0_.id as id1_7_0_, vnfddeploy0_.flavour_key as flavour_2_7_0_, vnfddeploy0_.version as version3_7_0_ from vnfddeployment_flavour vnfddeploy0_ where vnfddeploy0_.id=? for update
14:11:15.828 [Test worker] DEBUG o.h.l.p.b.i.spaces.QuerySpacesImpl - Adding QuerySpace : uid = <gen:0> -> org.hibernate.loader.plan.build.internal.spaces.EntityQuerySpaceImpl@41893e26]
14:11:15.828 [Test worker] DEBUG o.h.p.w.spi.MetamodelGraphWalker - Visiting attribute path : flavour_key
14:11:15.828 [Test worker] DEBUG o.h.p.w.spi.MetamodelGraphWalker - Visiting attribute path : version
14:11:15.828 [Test worker] DEBUG o.h.p.w.spi.MetamodelGraphWalker - Visiting attribute path : costituent_vdu
14:11:15.828 [Test worker] DEBUG o.h.p.w.spi.MetamodelGraphWalker - Visiting attribute path : df_constraint
14:11:15.828 [Test worker] DEBUG o.h.l.p.b.i.spaces.QuerySpacesImpl - Adding QuerySpace : uid = <gen:1> -> org.hibernate.loader.plan.build.internal.spaces.CollectionQuerySpaceImpl@26aaf52c]
14:11:15.828 [Test worker] DEBUG o.h.l.p.b.i.FetchStyleLoadPlanBuildingAssociationVisitationStrategy - Building LoadPlan...
14:11:15.828 [Test worker] DEBUG o.h.l.p.e.i.LoadQueryJoinAndFetchProcessor - processing queryspace <gen:0>
14:11:15.829 [Test worker] DEBUG o.h.l.p.b.spi.LoadPlanTreePrinter - LoadPlan(entity=org.project.neutrino.nfvo.catalogue.mano.descriptor.VNFDDeploymentFlavour)
    - Returns
       - EntityReturnImpl(entity=org.project.neutrino.nfvo.catalogue.mano.descriptor.VNFDDeploymentFlavour, querySpaceUid=<gen:0>, path=org.project.neutrino.nfvo.catalogue.mano.descriptor.VNFDDeploymentFlavour)
          - CollectionAttributeFetchImpl(collection=org.project.neutrino.nfvo.catalogue.mano.descriptor.VNFDDeploymentFlavour.df_constraint, querySpaceUid=<gen:1>, path=org.project.neutrino.nfvo.catalogue.mano.descriptor.VNFDDeploymentFlavour.df_constraint)
    - QuerySpaces
       - EntityQuerySpaceImpl(uid=<gen:0>, entity=org.project.neutrino.nfvo.catalogue.mano.descriptor.VNFDDeploymentFlavour)
          - SQL table alias mapping - vnfddeploy0_
          - alias suffix - 0_
          - suffixed key columns - {id1_7_0_}

14:11:15.829 [Test worker] DEBUG o.h.loader.entity.plan.EntityLoader - Static select for entity org.project.neutrino.nfvo.catalogue.mano.descriptor.VNFDDeploymentFlavour [PESSIMISTIC_FORCE_INCREMENT]: select vnfddeploy0_.id as id1_7_0_, vnfddeploy0_.flavour_key as flavour_2_7_0_, vnfddeploy0_.version as version3_7_0_ from vnfddeployment_flavour vnfddeploy0_ where vnfddeploy0_.id=? for update
14:11:15.829 [Test worker] DEBUG o.h.l.p.b.i.spaces.QuerySpacesImpl - Adding QuerySpace : uid = <gen:0> -> org.hibernate.loader.plan.build.internal.spaces.EntityQuerySpaceImpl@21c62f89]
14:11:15.829 [Test worker] DEBUG o.h.p.w.spi.MetamodelGraphWalker - Visiting attribute path : flavour_key
14:11:15.829 [Test worker] DEBUG o.h.p.w.spi.MetamodelGraphWalker - Visiting attribute path : version
14:11:15.829 [Test worker] DEBUG o.h.p.w.spi.MetamodelGraphWalker - Visiting attribute path : costituent_vdu
14:11:15.829 [Test worker] DEBUG o.h.p.w.spi.MetamodelGraphWalker - Visiting attribute path : df_constraint
14:11:15.829 [Test worker] DEBUG o.h.l.p.b.i.spaces.QuerySpacesImpl - Adding QuerySpace : uid = <gen:1> -> org.hibernate.loader.plan.build.internal.spaces.CollectionQuerySpaceImpl@34f16cf]
14:11:15.829 [Test worker] DEBUG o.h.l.p.b.i.FetchStyleLoadPlanBuildingAssociationVisitationStrategy - Building LoadPlan...
14:11:15.830 [Test worker] DEBUG o.h.l.p.e.i.LoadQueryJoinAndFetchProcessor - processing queryspace <gen:0>
14:11:15.830 [Test worker] DEBUG o.h.l.p.b.spi.LoadPlanTreePrinter - LoadPlan(entity=org.project.neutrino.nfvo.catalogue.mano.descriptor.VNFDDeploymentFlavour)
    - Returns
       - EntityReturnImpl(entity=org.project.neutrino.nfvo.catalogue.mano.descriptor.VNFDDeploymentFlavour, querySpaceUid=<gen:0>, path=org.project.neutrino.nfvo.catalogue.mano.descriptor.VNFDDeploymentFlavour)
          - CollectionAttributeFetchImpl(collection=org.project.neutrino.nfvo.catalogue.mano.descriptor.VNFDDeploymentFlavour.df_constraint, querySpaceUid=<gen:1>, path=org.project.neutrino.nfvo.catalogue.mano.descriptor.VNFDDeploymentFlavour.df_constraint)
    - QuerySpaces
       - EntityQuerySpaceImpl(uid=<gen:0>, entity=org.project.neutrino.nfvo.catalogue.mano.descriptor.VNFDDeploymentFlavour)
          - SQL table alias mapping - vnfddeploy0_
          - alias suffix - 0_
          - suffixed key columns - {id1_7_0_}

14:11:15.830 [Test worker] DEBUG o.h.loader.entity.plan.EntityLoader - Static select for entity org.project.neutrino.nfvo.catalogue.mano.descriptor.VNFDDeploymentFlavour [OPTIMISTIC]: select vnfddeploy0_.id as id1_7_0_, vnfddeploy0_.flavour_key as flavour_2_7_0_, vnfddeploy0_.version as version3_7_0_ from vnfddeployment_flavour vnfddeploy0_ where vnfddeploy0_.id=?
14:11:15.830 [Test worker] DEBUG o.h.l.p.b.i.spaces.QuerySpacesImpl - Adding QuerySpace : uid = <gen:0> -> org.hibernate.loader.plan.build.internal.spaces.EntityQuerySpaceImpl@3d6271bb]
14:11:15.830 [Test worker] DEBUG o.h.p.w.spi.MetamodelGraphWalker - Visiting attribute path : flavour_key
14:11:15.830 [Test worker] DEBUG o.h.p.w.spi.MetamodelGraphWalker - Visiting attribute path : version
14:11:15.830 [Test worker] DEBUG o.h.p.w.spi.MetamodelGraphWalker - Visiting attribute path : costituent_vdu
14:11:15.830 [Test worker] DEBUG o.h.p.w.spi.MetamodelGraphWalker - Visiting attribute path : df_constraint
14:11:15.830 [Test worker] DEBUG o.h.l.p.b.i.spaces.QuerySpacesImpl - Adding QuerySpace : uid = <gen:1> -> org.hibernate.loader.plan.build.internal.spaces.CollectionQuerySpaceImpl@61d67a1c]
14:11:15.830 [Test worker] DEBUG o.h.l.p.b.i.FetchStyleLoadPlanBuildingAssociationVisitationStrategy - Building LoadPlan...
14:11:15.831 [Test worker] DEBUG o.h.l.p.e.i.LoadQueryJoinAndFetchProcessor - processing queryspace <gen:0>
14:11:15.831 [Test worker] DEBUG o.h.l.p.b.spi.LoadPlanTreePrinter - LoadPlan(entity=org.project.neutrino.nfvo.catalogue.mano.descriptor.VNFDDeploymentFlavour)
    - Returns
       - EntityReturnImpl(entity=org.project.neutrino.nfvo.catalogue.mano.descriptor.VNFDDeploymentFlavour, querySpaceUid=<gen:0>, path=org.project.neutrino.nfvo.catalogue.mano.descriptor.VNFDDeploymentFlavour)
          - CollectionAttributeFetchImpl(collection=org.project.neutrino.nfvo.catalogue.mano.descriptor.VNFDDeploymentFlavour.df_constraint, querySpaceUid=<gen:1>, path=org.project.neutrino.nfvo.catalogue.mano.descriptor.VNFDDeploymentFlavour.df_constraint)
    - QuerySpaces
       - EntityQuerySpaceImpl(uid=<gen:0>, entity=org.project.neutrino.nfvo.catalogue.mano.descriptor.VNFDDeploymentFlavour)
          - SQL table alias mapping - vnfddeploy0_
          - alias suffix - 0_
          - suffixed key columns - {id1_7_0_}

14:11:15.831 [Test worker] DEBUG o.h.loader.entity.plan.EntityLoader - Static select for entity org.project.neutrino.nfvo.catalogue.mano.descriptor.VNFDDeploymentFlavour [OPTIMISTIC_FORCE_INCREMENT]: select vnfddeploy0_.id as id1_7_0_, vnfddeploy0_.flavour_key as flavour_2_7_0_, vnfddeploy0_.version as version3_7_0_ from vnfddeployment_flavour vnfddeploy0_ where vnfddeploy0_.id=?
14:11:15.832 [Test worker] DEBUG org.hibernate.loader.Loader - Static select for action ACTION_MERGE on entity org.project.neutrino.nfvo.catalogue.mano.descriptor.VNFDDeploymentFlavour: select vnfddeploy0_.id as id1_7_1_, vnfddeploy0_.flavour_key as flavour_2_7_1_, vnfddeploy0_.version as version3_7_1_, costituent1_.vnfddeployment_flavour_id as vnfddepl1_7_3_, costituent2_.id as costitue2_84_3_, costituent2_.id as id1_5_0_, costituent2_.constituent_vnfc as constitu2_5_0_, costituent2_.number_of_instances as number_o3_5_0_, costituent2_.vdu_reference as vdu_refe4_5_0_, costituent2_.version as version5_5_0_ from vnfddeployment_flavour vnfddeploy0_ left outer join vnfddeployment_flavour_costituent_vdu costituent1_ on vnfddeploy0_.id=costituent1_.vnfddeployment_flavour_id left outer join costituentvdu costituent2_ on costituent1_.costituent_vdu_id=costituent2_.id where vnfddeploy0_.id=?
14:11:15.832 [Test worker] DEBUG org.hibernate.loader.Loader - Static select for action ACTION_REFRESH on entity org.project.neutrino.nfvo.catalogue.mano.descriptor.VNFDDeploymentFlavour: select vnfddeploy0_.id as id1_7_0_, vnfddeploy0_.flavour_key as flavour_2_7_0_, vnfddeploy0_.version as version3_7_0_ from vnfddeployment_flavour vnfddeploy0_ where vnfddeploy0_.id=?
14:11:15.832 [Test worker] DEBUG o.h.p.entity.AbstractEntityPersister - Static SQL for entity: org.project.neutrino.nfvo.catalogue.mano.record.VirtualNetworkFunctionRecord
14:11:15.832 [Test worker] DEBUG o.h.p.entity.AbstractEntityPersister -  Version select: select id from virtual_network_function_record where id =?
14:11:15.832 [Test worker] DEBUG o.h.p.entity.AbstractEntityPersister -  Snapshot select: select virtualnet_.id, virtualnet_.audit_log as audit_lo2_68_, virtualnet_.deployment_flavour_id as deployme9_68_, virtualnet_.descriptor_reference as descript3_68_, virtualnet_.lifecycle_event_id as lifecyc10_68_, virtualnet_.localization as localiza4_68_, virtualnet_.parent_ns_id as parent_11_68_, virtualnet_.status as status5_68_, virtualnet_.vendor as vendor6_68_, virtualnet_.version as version7_68_, virtualnet_.vnfm_id as vnfm_id8_68_ from virtual_network_function_record virtualnet_ where virtualnet_.id=?
14:11:15.832 [Test worker] DEBUG o.h.p.entity.AbstractEntityPersister -  Insert 0: insert into virtual_network_function_record (audit_log, deployment_flavour_id, descriptor_reference, lifecycle_event_id, localization, parent_ns_id, status, vendor, version, vnfm_id, id) values (?, ?, ?, ?, ?, ?, ?, ?, ?, ?, ?)
14:11:15.832 [Test worker] DEBUG o.h.p.entity.AbstractEntityPersister -  Update 0: update virtual_network_function_record set audit_log=?, deployment_flavour_id=?, descriptor_reference=?, lifecycle_event_id=?, localization=?, parent_ns_id=?, status=?, vendor=?, version=?, vnfm_id=? where id=?
14:11:15.832 [Test worker] DEBUG o.h.p.entity.AbstractEntityPersister -  Delete 0: delete from virtual_network_function_record where id=?
14:11:15.832 [Test worker] DEBUG o.h.l.p.b.i.spaces.QuerySpacesImpl - Adding QuerySpace : uid = <gen:0> -> org.hibernate.loader.plan.build.internal.spaces.EntityQuerySpaceImpl@47eaf672]
14:11:15.832 [Test worker] DEBUG o.h.p.w.spi.MetamodelGraphWalker - Visiting attribute path : audit_log
14:11:15.832 [Test worker] DEBUG o.h.p.w.spi.MetamodelGraphWalker - Visiting attribute path : auto_scale_policy
14:11:15.832 [Test worker] DEBUG o.h.l.p.b.i.spaces.QuerySpacesImpl - Adding QuerySpace : uid = <gen:1> -> org.hibernate.loader.plan.build.internal.spaces.CollectionQuerySpaceImpl@1cc99212]
14:11:15.832 [Test worker] DEBUG o.h.l.p.b.i.spaces.QuerySpacesImpl - Adding QuerySpace : uid = <gen:2> -> org.hibernate.loader.plan.build.internal.spaces.EntityQuerySpaceImpl@7594ea81]
14:11:15.832 [Test worker] DEBUG o.h.p.w.spi.MetamodelGraphWalker - Visiting attribute path : auto_scale_policy.version
14:11:15.832 [Test worker] DEBUG o.h.p.w.spi.MetamodelGraphWalker - Visiting attribute path : connected_external_virtual_link
14:11:15.832 [Test worker] DEBUG o.h.l.p.b.i.spaces.QuerySpacesImpl - Adding QuerySpace : uid = <gen:3> -> org.hibernate.loader.plan.build.internal.spaces.CollectionQuerySpaceImpl@13d8dce9]
14:11:15.833 [Test worker] DEBUG o.h.l.p.b.i.spaces.QuerySpacesImpl - Adding QuerySpace : uid = <gen:4> -> org.hibernate.loader.plan.build.internal.spaces.EntityQuerySpaceImpl@28f4f2d]
14:11:15.833 [Test worker] DEBUG o.h.p.w.spi.MetamodelGraphWalker - Visiting attribute path : connected_external_virtual_link.allocated_capacity
14:11:15.833 [Test worker] DEBUG o.h.p.w.spi.MetamodelGraphWalker - Visiting attribute path : connected_external_virtual_link.audit_log
14:11:15.833 [Test worker] DEBUG o.h.p.w.spi.MetamodelGraphWalker - Visiting attribute path : connected_external_virtual_link.connection
14:11:15.833 [Test worker] DEBUG o.h.p.w.spi.MetamodelGraphWalker - Visiting attribute path : connected_external_virtual_link.connectivity_type
14:11:15.833 [Test worker] DEBUG o.h.p.w.spi.MetamodelGraphWalker - Visiting attribute path : connected_external_virtual_link.descriptor_reference
14:11:15.833 [Test worker] DEBUG o.h.p.w.spi.MetamodelGraphWalker - Visiting attribute path : connected_external_virtual_link.leaf_requirement
14:11:15.833 [Test worker] DEBUG o.h.p.w.spi.MetamodelGraphWalker - Visiting attribute path : connected_external_virtual_link.lifecycle_event_history
14:11:15.833 [Test worker] DEBUG o.h.l.p.b.i.spaces.QuerySpacesImpl - Adding QuerySpace : uid = <gen:5> -> org.hibernate.loader.plan.build.internal.spaces.CollectionQuerySpaceImpl@6fc680de]
14:11:15.833 [Test worker] DEBUG o.h.l.p.b.i.spaces.QuerySpacesImpl - Adding QuerySpace : uid = <gen:6> -> org.hibernate.loader.plan.build.internal.spaces.EntityQuerySpaceImpl@5136a826]
14:11:15.833 [Test worker] DEBUG o.h.p.w.spi.MetamodelGraphWalker - Visiting attribute path : connected_external_virtual_link.lifecycle_event_history.lifecycle_events
14:11:15.833 [Test worker] DEBUG o.h.p.w.spi.MetamodelGraphWalker - Visiting attribute path : connected_external_virtual_link.lifecycle_event_history.version
14:11:15.833 [Test worker] DEBUG o.h.p.w.spi.MetamodelGraphWalker - Visiting attribute path : connected_external_virtual_link.notification
14:11:15.833 [Test worker] DEBUG o.h.p.w.spi.MetamodelGraphWalker - Visiting attribute path : connected_external_virtual_link.number_of_enpoints
14:11:15.833 [Test worker] DEBUG o.h.p.w.spi.MetamodelGraphWalker - Visiting attribute path : connected_external_virtual_link.parent_ns
14:11:15.833 [Test worker] DEBUG o.h.p.w.spi.MetamodelGraphWalker - Visiting attribute path : connected_external_virtual_link.qos
14:11:15.833 [Test worker] DEBUG o.h.p.w.spi.MetamodelGraphWalker - Visiting attribute path : connected_external_virtual_link.root_requirement
14:11:15.833 [Test worker] DEBUG o.h.p.w.spi.MetamodelGraphWalker - Visiting attribute path : connected_external_virtual_link.status
14:11:15.833 [Test worker] DEBUG o.h.p.w.spi.MetamodelGraphWalker - Visiting attribute path : connected_external_virtual_link.test_access
14:11:15.833 [Test worker] DEBUG o.h.p.w.spi.MetamodelGraphWalker - Visiting attribute path : connected_external_virtual_link.vendor
14:11:15.833 [Test worker] DEBUG o.h.p.w.spi.MetamodelGraphWalker - Visiting attribute path : connected_external_virtual_link.version
14:11:15.833 [Test worker] DEBUG o.h.p.w.spi.MetamodelGraphWalker - Visiting attribute path : connected_external_virtual_link.vim_id
14:11:15.833 [Test worker] DEBUG o.h.p.w.spi.MetamodelGraphWalker - Visiting attribute path : connected_external_virtual_link.vnffgr_reference
14:11:15.833 [Test worker] DEBUG o.h.l.p.b.i.spaces.QuerySpacesImpl - Adding QuerySpace : uid = <gen:7> -> org.hibernate.loader.plan.build.internal.spaces.CollectionQuerySpaceImpl@40d59822]
14:11:15.833 [Test worker] DEBUG o.h.l.p.b.i.spaces.QuerySpacesImpl - Adding QuerySpace : uid = <gen:8> -> org.hibernate.loader.plan.build.internal.spaces.EntityQuerySpaceImpl@6f7016f]
14:11:15.833 [Test worker] DEBUG o.h.p.w.spi.MetamodelGraphWalker - Visiting attribute path : connected_external_virtual_link.vnffgr_reference.audit_log
14:11:15.833 [Test worker] DEBUG o.h.p.w.spi.MetamodelGraphWalker - Visiting attribute path : connected_external_virtual_link.vnffgr_reference.connection_point
14:11:15.833 [Test worker] DEBUG o.h.l.p.b.i.spaces.QuerySpacesImpl - Adding QuerySpace : uid = <gen:9> -> org.hibernate.loader.plan.build.internal.spaces.CollectionQuerySpaceImpl@7f30ab6]
14:11:15.833 [Test worker] DEBUG o.h.l.p.b.i.spaces.QuerySpacesImpl - Adding QuerySpace : uid = <gen:10> -> org.hibernate.loader.plan.build.internal.spaces.EntityQuerySpaceImpl@654436cd]
14:11:15.833 [Test worker] DEBUG o.h.p.w.spi.MetamodelGraphWalker - Visiting attribute path : connected_external_virtual_link.vnffgr_reference.dependent_virtual_link
14:11:15.833 [Test worker] DEBUG o.h.l.p.b.i.spaces.QuerySpacesImpl - Adding QuerySpace : uid = <gen:11> -> org.hibernate.loader.plan.build.internal.spaces.CollectionQuerySpaceImpl@616a00ab]
14:11:15.833 [Test worker] DEBUG o.h.l.p.b.i.spaces.QuerySpacesImpl - Adding QuerySpace : uid = <gen:12> -> org.hibernate.loader.plan.build.internal.spaces.EntityQuerySpaceImpl@76520c83]
14:11:15.833 [Test worker] DEBUG o.h.p.w.spi.MetamodelGraphWalker - Visiting attribute path : connected_external_virtual_link.vnffgr_reference.descriptor_reference
14:11:15.833 [Test worker] DEBUG o.h.l.p.b.i.spaces.QuerySpacesImpl - Adding QuerySpace : uid = <gen:13> -> org.hibernate.loader.plan.build.internal.spaces.EntityQuerySpaceImpl@4b3a925]
14:11:15.834 [Test worker] DEBUG o.h.p.w.spi.MetamodelGraphWalker - Visiting attribute path : connected_external_virtual_link.vnffgr_reference.lifecycle_event_history
14:11:15.834 [Test worker] DEBUG o.h.l.p.b.i.spaces.QuerySpacesImpl - Adding QuerySpace : uid = <gen:14> -> org.hibernate.loader.plan.build.internal.spaces.CollectionQuerySpaceImpl@2f25be8c]
14:11:15.834 [Test worker] DEBUG o.h.l.p.b.i.spaces.QuerySpacesImpl - Adding QuerySpace : uid = <gen:15> -> org.hibernate.loader.plan.build.internal.spaces.EntityQuerySpaceImpl@5700f182]
14:11:15.834 [Test worker] DEBUG o.h.p.w.spi.MetamodelGraphWalker - Visiting attribute path : connected_external_virtual_link.vnffgr_reference.member_vnfs
14:11:15.834 [Test worker] DEBUG o.h.l.p.b.i.spaces.QuerySpacesImpl - Adding QuerySpace : uid = <gen:16> -> org.hibernate.loader.plan.build.internal.spaces.CollectionQuerySpaceImpl@7eefba6d]
14:11:15.834 [Test worker] DEBUG o.h.l.p.b.i.spaces.QuerySpacesImpl - Adding QuerySpace : uid = <gen:17> -> org.hibernate.loader.plan.build.internal.spaces.EntityQuerySpaceImpl@2cb88b36]
14:11:15.834 [Test worker] DEBUG o.h.p.w.spi.MetamodelGraphWalker - Visiting attribute path : connected_external_virtual_link.vnffgr_reference.network_forwarding_path
14:11:15.834 [Test worker] DEBUG o.h.l.p.b.i.spaces.QuerySpacesImpl - Adding QuerySpace : uid = <gen:18> -> org.hibernate.loader.plan.build.internal.spaces.EntityQuerySpaceImpl@7bb9d2a]
14:11:15.834 [Test worker] DEBUG o.h.p.w.spi.MetamodelGraphWalker - Visiting attribute path : connected_external_virtual_link.vnffgr_reference.notification
14:11:15.834 [Test worker] DEBUG o.h.p.w.spi.MetamodelGraphWalker - Visiting attribute path : connected_external_virtual_link.vnffgr_reference.number_of_endpoints
14:11:15.834 [Test worker] DEBUG o.h.p.w.spi.MetamodelGraphWalker - Visiting attribute path : connected_external_virtual_link.vnffgr_reference.number_of_pnfs
14:11:15.834 [Test worker] DEBUG o.h.p.w.spi.MetamodelGraphWalker - Visiting attribute path : connected_external_virtual_link.vnffgr_reference.number_of_virtual_links
14:11:15.834 [Test worker] DEBUG o.h.p.w.spi.MetamodelGraphWalker - Visiting attribute path : connected_external_virtual_link.vnffgr_reference.number_of_vnfs
14:11:15.834 [Test worker] DEBUG o.h.p.w.spi.MetamodelGraphWalker - Visiting attribute path : connected_external_virtual_link.vnffgr_reference.parent_ns
14:11:15.834 [Test worker] DEBUG o.h.l.p.b.i.spaces.QuerySpacesImpl - Adding QuerySpace : uid = <gen:19> -> org.hibernate.loader.plan.build.internal.spaces.EntityQuerySpaceImpl@2e4b345d]
14:11:15.834 [Test worker] DEBUG o.h.p.w.spi.MetamodelGraphWalker - Visiting attribute path : connected_external_virtual_link.vnffgr_reference.status
14:11:15.834 [Test worker] DEBUG o.h.p.w.spi.MetamodelGraphWalker - Visiting attribute path : connected_external_virtual_link.vnffgr_reference.vendor
14:11:15.834 [Test worker] DEBUG o.h.p.w.spi.MetamodelGraphWalker - Visiting attribute path : connected_external_virtual_link.vnffgr_reference.version
14:11:15.834 [Test worker] DEBUG o.h.p.w.spi.MetamodelGraphWalker - Visiting attribute path : connection_point
14:11:15.834 [Test worker] DEBUG o.h.l.p.b.i.spaces.QuerySpacesImpl - Adding QuerySpace : uid = <gen:20> -> org.hibernate.loader.plan.build.internal.spaces.CollectionQuerySpaceImpl@4b5add69]
14:11:15.834 [Test worker] DEBUG o.h.l.p.b.i.spaces.QuerySpacesImpl - Adding QuerySpace : uid = <gen:21> -> org.hibernate.loader.plan.build.internal.spaces.EntityQuerySpaceImpl@3a7e3f25]
14:11:15.834 [Test worker] DEBUG o.h.p.w.spi.MetamodelGraphWalker - Visiting attribute path : connection_point.type
14:11:15.834 [Test worker] DEBUG o.h.p.w.spi.MetamodelGraphWalker - Visiting attribute path : connection_point.version
14:11:15.834 [Test worker] DEBUG o.h.p.w.spi.MetamodelGraphWalker - Visiting attribute path : connection_point.virtual_link_reference
14:11:15.834 [Test worker] DEBUG o.h.p.w.spi.MetamodelGraphWalker - Visiting attribute path : dependency
14:11:15.834 [Test worker] DEBUG o.h.l.p.b.i.spaces.QuerySpacesImpl - Adding QuerySpace : uid = <gen:22> -> org.hibernate.loader.plan.build.internal.spaces.CollectionQuerySpaceImpl@17160134]
14:11:15.834 [Test worker] DEBUG o.h.l.p.b.i.spaces.QuerySpacesImpl - Adding QuerySpace : uid = <gen:23> -> org.hibernate.loader.plan.build.internal.spaces.EntityQuerySpaceImpl@25a908c3]
14:11:15.834 [Test worker] DEBUG o.h.p.w.spi.MetamodelGraphWalker - Visiting attribute path : dependency.source
14:11:15.834 [Test worker] DEBUG o.h.l.p.b.i.spaces.QuerySpacesImpl - Adding QuerySpace : uid = <gen:24> -> org.hibernate.loader.plan.build.internal.spaces.EntityQuerySpaceImpl@7e054262]
14:11:15.834 [Test worker] DEBUG o.h.p.w.spi.MetamodelGraphWalker - Visiting attribute path : dependency.source.auto_scale_policy
14:11:15.834 [Test worker] DEBUG o.h.p.w.spi.MetamodelGraphWalker - Visiting attribute path : dependency.source.connection_point
14:11:15.834 [Test worker] DEBUG o.h.p.w.spi.MetamodelGraphWalker - Visiting attribute path : dependency.source.hb_version
14:11:15.834 [Test worker] DEBUG o.h.p.w.spi.MetamodelGraphWalker - Visiting attribute path : dependency.source.lifecycle_event
14:11:15.835 [Test worker] DEBUG o.h.p.w.spi.MetamodelGraphWalker - Visiting attribute path : dependency.source.monitoring_parameter
14:11:15.835 [Test worker] DEBUG o.h.l.p.b.i.spaces.QuerySpacesImpl - Adding QuerySpace : uid = <gen:25> -> org.hibernate.loader.plan.build.internal.spaces.CollectionQuerySpaceImpl@27d4561]
14:11:15.835 [Test worker] DEBUG o.h.p.w.spi.MetamodelGraphWalker - Visiting attribute path : dependency.source.service_deployment_flavour
14:11:15.835 [Test worker] DEBUG o.h.p.w.spi.MetamodelGraphWalker - Visiting attribute path : dependency.source.vendor
14:11:15.835 [Test worker] DEBUG o.h.p.w.spi.MetamodelGraphWalker - Visiting attribute path : dependency.source.version
14:11:15.835 [Test worker] DEBUG o.h.p.w.spi.MetamodelGraphWalker - Visiting attribute path : dependency.source.vld
14:11:15.835 [Test worker] DEBUG o.h.p.w.spi.MetamodelGraphWalker - Visiting attribute path : dependency.source.vnffgd
14:11:15.835 [Test worker] DEBUG o.h.p.w.spi.MetamodelGraphWalker - Visiting attribute path : dependency.source.deployment_flavour
14:11:15.835 [Test worker] DEBUG o.h.l.p.b.i.spaces.QuerySpacesImpl - Adding QuerySpace : uid = <gen:26> -> org.hibernate.loader.plan.build.internal.spaces.CollectionQuerySpaceImpl@6e55e48d]
14:11:15.835 [Test worker] DEBUG o.h.l.p.b.i.spaces.QuerySpacesImpl - Adding QuerySpace : uid = <gen:27> -> org.hibernate.loader.plan.build.internal.spaces.EntityQuerySpaceImpl@49101d92]
14:11:15.835 [Test worker] DEBUG o.h.p.w.spi.MetamodelGraphWalker - Visiting attribute path : dependency.source.descriptor_version
14:11:15.835 [Test worker] DEBUG o.h.p.w.spi.MetamodelGraphWalker - Visiting attribute path : dependency.source.manifest_file
14:11:15.835 [Test worker] DEBUG o.h.p.w.spi.MetamodelGraphWalker - Visiting attribute path : dependency.source.manifest_file_security
14:11:15.835 [Test worker] DEBUG o.h.p.w.spi.MetamodelGraphWalker - Visiting attribute path : dependency.source.vdu
14:11:15.835 [Test worker] DEBUG o.h.p.w.spi.MetamodelGraphWalker - Visiting attribute path : dependency.source.vdu_dependency
14:11:15.835 [Test worker] DEBUG o.h.p.w.spi.MetamodelGraphWalker - Visiting attribute path : dependency.source.virtual_link
14:11:15.836 [Test worker] DEBUG o.h.p.w.spi.MetamodelGraphWalker - Visiting attribute path : dependency.target
14:11:15.836 [Test worker] DEBUG o.h.l.p.b.i.spaces.QuerySpacesImpl - Adding QuerySpace : uid = <gen:28> -> org.hibernate.loader.plan.build.internal.spaces.EntityQuerySpaceImpl@410581b7]
14:11:15.836 [Test worker] DEBUG o.h.p.w.spi.MetamodelGraphWalker - Visiting attribute path : dependency.target.auto_scale_policy
14:11:15.836 [Test worker] DEBUG o.h.p.w.spi.MetamodelGraphWalker - Visiting attribute path : dependency.target.connection_point
14:11:15.836 [Test worker] DEBUG o.h.p.w.spi.MetamodelGraphWalker - Visiting attribute path : dependency.target.hb_version
14:11:15.836 [Test worker] DEBUG o.h.p.w.spi.MetamodelGraphWalker - Visiting attribute path : dependency.target.lifecycle_event
14:11:15.837 [Test worker] DEBUG o.h.p.w.spi.MetamodelGraphWalker - Visiting attribute path : dependency.target.monitoring_parameter
14:11:15.837 [Test worker] DEBUG o.h.l.p.b.i.spaces.QuerySpacesImpl - Adding QuerySpace : uid = <gen:29> -> org.hibernate.loader.plan.build.internal.spaces.CollectionQuerySpaceImpl@5d1a16a3]
14:11:15.837 [Test worker] DEBUG o.h.p.w.spi.MetamodelGraphWalker - Visiting attribute path : dependency.target.service_deployment_flavour
14:11:15.837 [Test worker] DEBUG o.h.p.w.spi.MetamodelGraphWalker - Visiting attribute path : dependency.target.vendor
14:11:15.837 [Test worker] DEBUG o.h.p.w.spi.MetamodelGraphWalker - Visiting attribute path : dependency.target.version
14:11:15.837 [Test worker] DEBUG o.h.p.w.spi.MetamodelGraphWalker - Visiting attribute path : dependency.target.vld
14:11:15.837 [Test worker] DEBUG o.h.p.w.spi.MetamodelGraphWalker - Visiting attribute path : dependency.target.vnffgd
14:11:15.837 [Test worker] DEBUG o.h.p.w.spi.MetamodelGraphWalker - Visiting attribute path : dependency.target.deployment_flavour
14:11:15.837 [Test worker] DEBUG o.h.l.p.b.i.spaces.QuerySpacesImpl - Adding QuerySpace : uid = <gen:30> -> org.hibernate.loader.plan.build.internal.spaces.CollectionQuerySpaceImpl@5bc45715]
14:11:15.837 [Test worker] DEBUG o.h.l.p.b.i.spaces.QuerySpacesImpl - Adding QuerySpace : uid = <gen:31> -> org.hibernate.loader.plan.build.internal.spaces.EntityQuerySpaceImpl@373152c4]
14:11:15.837 [Test worker] DEBUG o.h.p.w.spi.MetamodelGraphWalker - Visiting attribute path : dependency.target.descriptor_version
14:11:15.837 [Test worker] DEBUG o.h.p.w.spi.MetamodelGraphWalker - Visiting attribute path : dependency.target.manifest_file
14:11:15.838 [Test worker] DEBUG o.h.p.w.spi.MetamodelGraphWalker - Visiting attribute path : dependency.target.manifest_file_security
14:11:15.838 [Test worker] DEBUG o.h.p.w.spi.MetamodelGraphWalker - Visiting attribute path : dependency.target.vdu
14:11:15.838 [Test worker] DEBUG o.h.p.w.spi.MetamodelGraphWalker - Visiting attribute path : dependency.target.vdu_dependency
14:11:15.838 [Test worker] DEBUG o.h.p.w.spi.MetamodelGraphWalker - Visiting attribute path : dependency.target.virtual_link
14:11:15.838 [Test worker] DEBUG o.h.p.w.spi.MetamodelGraphWalker - Visiting attribute path : dependency.version
14:11:15.838 [Test worker] DEBUG o.h.p.w.spi.MetamodelGraphWalker - Visiting attribute path : deployment_flavour
14:11:15.838 [Test worker] DEBUG o.h.l.p.b.i.spaces.QuerySpacesImpl - Adding QuerySpace : uid = <gen:32> -> org.hibernate.loader.plan.build.internal.spaces.EntityQuerySpaceImpl@730de2b]
14:11:15.838 [Test worker] DEBUG o.h.p.w.spi.MetamodelGraphWalker - Visiting attribute path : deployment_flavour.flavour_key
14:11:15.838 [Test worker] DEBUG o.h.p.w.spi.MetamodelGraphWalker - Visiting attribute path : deployment_flavour.version
14:11:15.838 [Test worker] DEBUG o.h.p.w.spi.MetamodelGraphWalker - Visiting attribute path : deployment_flavour.costituent_vdu
14:11:15.838 [Test worker] DEBUG o.h.p.w.spi.MetamodelGraphWalker - Visiting attribute path : deployment_flavour.df_constraint
14:11:15.838 [Test worker] DEBUG o.h.l.p.b.i.spaces.QuerySpacesImpl - Adding QuerySpace : uid = <gen:33> -> org.hibernate.loader.plan.build.internal.spaces.CollectionQuerySpaceImpl@403b0943]
14:11:15.838 [Test worker] DEBUG o.h.p.w.spi.MetamodelGraphWalker - Visiting attribute path : descriptor_reference
14:11:15.838 [Test worker] DEBUG o.h.p.w.spi.MetamodelGraphWalker - Visiting attribute path : lifecycle_event
14:11:15.839 [Test worker] DEBUG o.h.l.p.b.i.spaces.QuerySpacesImpl - Adding QuerySpace : uid = <gen:34> -> org.hibernate.loader.plan.build.internal.spaces.EntityQuerySpaceImpl@4e21c782]
14:11:15.839 [Test worker] DEBUG o.h.p.w.spi.MetamodelGraphWalker - Visiting attribute path : lifecycle_event.lifecycle_events
14:11:15.839 [Test worker] DEBUG o.h.p.w.spi.MetamodelGraphWalker - Visiting attribute path : lifecycle_event.version
14:11:15.839 [Test worker] DEBUG o.h.p.w.spi.MetamodelGraphWalker - Visiting attribute path : lifecycle_event_history
14:11:15.839 [Test worker] DEBUG o.h.l.p.b.i.spaces.QuerySpacesImpl - Adding QuerySpace : uid = <gen:35> -> org.hibernate.loader.plan.build.internal.spaces.CollectionQuerySpaceImpl@25f342c6]
14:11:15.839 [Test worker] DEBUG o.h.l.p.b.i.spaces.QuerySpacesImpl - Adding QuerySpace : uid = <gen:36> -> org.hibernate.loader.plan.build.internal.spaces.EntityQuerySpaceImpl@5a4e8a1]
14:11:15.839 [Test worker] DEBUG o.h.p.w.spi.MetamodelGraphWalker - Visiting attribute path : lifecycle_event_history.lifecycle_events
14:11:15.839 [Test worker] DEBUG o.h.p.w.spi.MetamodelGraphWalker - Visiting attribute path : lifecycle_event_history.version
14:11:15.839 [Test worker] DEBUG o.h.p.w.spi.MetamodelGraphWalker - Visiting attribute path : localization
14:11:15.839 [Test worker] DEBUG o.h.p.w.spi.MetamodelGraphWalker - Visiting attribute path : monitoring_parameter
14:11:15.839 [Test worker] DEBUG o.h.p.w.spi.MetamodelGraphWalker - Visiting attribute path : notification
14:11:15.840 [Test worker] DEBUG o.h.p.w.spi.MetamodelGraphWalker - Visiting attribute path : parent_ns
14:11:15.840 [Test worker] DEBUG o.h.l.p.b.i.spaces.QuerySpacesImpl - Adding QuerySpace : uid = <gen:37> -> org.hibernate.loader.plan.build.internal.spaces.EntityQuerySpaceImpl@44702455]
14:11:15.840 [Test worker] DEBUG o.h.p.w.spi.MetamodelGraphWalker - Visiting attribute path : parent_ns.audit_log
14:11:15.840 [Test worker] DEBUG o.h.p.w.spi.MetamodelGraphWalker - Visiting attribute path : parent_ns.auto_scale_policy
14:11:15.840 [Test worker] DEBUG o.h.l.p.b.i.spaces.QuerySpacesImpl - Adding QuerySpace : uid = <gen:38> -> org.hibernate.loader.plan.build.internal.spaces.CollectionQuerySpaceImpl@ddc0590]
14:11:15.840 [Test worker] DEBUG o.h.l.p.b.i.spaces.QuerySpacesImpl - Adding QuerySpace : uid = <gen:39> -> org.hibernate.loader.plan.build.internal.spaces.EntityQuerySpaceImpl@67f1380b]
14:11:15.840 [Test worker] DEBUG o.h.p.w.spi.MetamodelGraphWalker - Visiting attribute path : parent_ns.auto_scale_policy.version
14:11:15.840 [Test worker] DEBUG o.h.p.w.spi.MetamodelGraphWalker - Visiting attribute path : parent_ns.connection_point
14:11:15.840 [Test worker] DEBUG o.h.l.p.b.i.spaces.QuerySpacesImpl - Adding QuerySpace : uid = <gen:40> -> org.hibernate.loader.plan.build.internal.spaces.CollectionQuerySpaceImpl@2b86f696]
14:11:15.840 [Test worker] DEBUG o.h.l.p.b.i.spaces.QuerySpacesImpl - Adding QuerySpace : uid = <gen:41> -> org.hibernate.loader.plan.build.internal.spaces.EntityQuerySpaceImpl@29a7082d]
14:11:15.840 [Test worker] DEBUG o.h.p.w.spi.MetamodelGraphWalker - Visiting attribute path : parent_ns.connection_point.type
14:11:15.840 [Test worker] DEBUG o.h.p.w.spi.MetamodelGraphWalker - Visiting attribute path : parent_ns.connection_point.version
14:11:15.840 [Test worker] DEBUG o.h.p.w.spi.MetamodelGraphWalker - Visiting attribute path : parent_ns.connection_point.virtual_link_reference
14:11:15.840 [Test worker] DEBUG o.h.p.w.spi.MetamodelGraphWalker - Visiting attribute path : parent_ns.descriptor_reference
14:11:15.840 [Test worker] DEBUG o.h.l.p.b.i.spaces.QuerySpacesImpl - Adding QuerySpace : uid = <gen:42> -> org.hibernate.loader.plan.build.internal.spaces.EntityQuerySpaceImpl@5fb83553]
14:11:15.841 [Test worker] DEBUG o.h.p.w.spi.MetamodelGraphWalker - Visiting attribute path : parent_ns.descriptor_reference.auto_scale_policy
14:11:15.841 [Test worker] DEBUG o.h.p.w.spi.MetamodelGraphWalker - Visiting attribute path : parent_ns.descriptor_reference.connection_point
14:11:15.841 [Test worker] DEBUG o.h.p.w.spi.MetamodelGraphWalker - Visiting attribute path : parent_ns.descriptor_reference.hb_version
14:11:15.841 [Test worker] DEBUG o.h.p.w.spi.MetamodelGraphWalker - Visiting attribute path : parent_ns.descriptor_reference.lifecycle_event
14:11:15.841 [Test worker] DEBUG o.h.p.w.spi.MetamodelGraphWalker - Visiting attribute path : parent_ns.descriptor_reference.monitoring_parameter
14:11:15.841 [Test worker] DEBUG o.h.l.p.b.i.spaces.QuerySpacesImpl - Adding QuerySpace : uid = <gen:43> -> org.hibernate.loader.plan.build.internal.spaces.CollectionQuerySpaceImpl@28783bda]
14:11:15.841 [Test worker] DEBUG o.h.p.w.spi.MetamodelGraphWalker - Visiting attribute path : parent_ns.descriptor_reference.service_deployment_flavour
14:11:15.841 [Test worker] DEBUG o.h.p.w.spi.MetamodelGraphWalker - Visiting attribute path : parent_ns.descriptor_reference.vendor
14:11:15.841 [Test worker] DEBUG o.h.p.w.spi.MetamodelGraphWalker - Visiting attribute path : parent_ns.descriptor_reference.version
14:11:15.841 [Test worker] DEBUG o.h.p.w.spi.MetamodelGraphWalker - Visiting attribute path : parent_ns.descriptor_reference.vld
14:11:15.841 [Test worker] DEBUG o.h.p.w.spi.MetamodelGraphWalker - Visiting attribute path : parent_ns.descriptor_reference.vnffgd
14:11:15.841 [Test worker] DEBUG o.h.p.w.spi.MetamodelGraphWalker - Visiting attribute path : parent_ns.descriptor_reference.deployment_flavour
14:11:15.841 [Test worker] DEBUG o.h.l.p.b.i.spaces.QuerySpacesImpl - Adding QuerySpace : uid = <gen:44> -> org.hibernate.loader.plan.build.internal.spaces.CollectionQuerySpaceImpl@6da179f7]
14:11:15.842 [Test worker] DEBUG o.h.l.p.b.i.spaces.QuerySpacesImpl - Adding QuerySpace : uid = <gen:45> -> org.hibernate.loader.plan.build.internal.spaces.EntityQuerySpaceImpl@44e7f5c]
14:11:15.842 [Test worker] DEBUG o.h.p.w.spi.MetamodelGraphWalker - Visiting attribute path : parent_ns.descriptor_reference.descriptor_version
14:11:15.842 [Test worker] DEBUG o.h.p.w.spi.MetamodelGraphWalker - Visiting attribute path : parent_ns.descriptor_reference.manifest_file
14:11:15.842 [Test worker] DEBUG o.h.p.w.spi.MetamodelGraphWalker - Visiting attribute path : parent_ns.descriptor_reference.manifest_file_security
14:11:15.842 [Test worker] DEBUG o.h.p.w.spi.MetamodelGraphWalker - Visiting attribute path : parent_ns.descriptor_reference.vdu
14:11:15.842 [Test worker] DEBUG o.h.p.w.spi.MetamodelGraphWalker - Visiting attribute path : parent_ns.descriptor_reference.vdu_dependency
14:11:15.842 [Test worker] DEBUG o.h.p.w.spi.MetamodelGraphWalker - Visiting attribute path : parent_ns.descriptor_reference.virtual_link
14:11:15.842 [Test worker] DEBUG o.h.p.w.spi.MetamodelGraphWalker - Visiting attribute path : parent_ns.descriptor_reference.nsd_security
14:11:15.843 [Test worker] DEBUG o.h.l.p.b.i.spaces.QuerySpacesImpl - Adding QuerySpace : uid = <gen:46> -> org.hibernate.loader.plan.build.internal.spaces.EntityQuerySpaceImpl@3d8b7339]
14:11:15.843 [Test worker] DEBUG o.h.p.w.spi.MetamodelGraphWalker - Visiting attribute path : parent_ns.descriptor_reference.pnfd
14:11:15.843 [Test worker] DEBUG o.h.p.w.spi.MetamodelGraphWalker - Visiting attribute path : parent_ns.descriptor_reference.vnf_dependency
14:11:15.843 [Test worker] DEBUG o.h.l.p.b.i.spaces.QuerySpacesImpl - Adding QuerySpace : uid = <gen:47> -> org.hibernate.loader.plan.build.internal.spaces.CollectionQuerySpaceImpl@e39c2c0]
14:11:15.843 [Test worker] DEBUG o.h.l.p.b.i.spaces.QuerySpacesImpl - Adding QuerySpace : uid = <gen:48> -> org.hibernate.loader.plan.build.internal.spaces.EntityQuerySpaceImpl@7220d28b]
14:11:15.843 [Test worker] DEBUG o.h.p.w.spi.MetamodelGraphWalker - Visiting attribute path : parent_ns.descriptor_reference.vnfd
14:11:15.843 [Test worker] DEBUG o.h.l.p.b.i.spaces.QuerySpacesImpl - Adding QuerySpace : uid = <gen:49> -> org.hibernate.loader.plan.build.internal.spaces.CollectionQuerySpaceImpl@48dede36]
14:11:15.843 [Test worker] DEBUG o.h.l.p.b.i.spaces.QuerySpacesImpl - Adding QuerySpace : uid = <gen:50> -> org.hibernate.loader.plan.build.internal.spaces.EntityQuerySpaceImpl@1fced09a]
14:11:15.843 [Test worker] DEBUG o.h.p.w.spi.MetamodelGraphWalker - Visiting attribute path : parent_ns.lifecycle_event
14:11:15.843 [Test worker] DEBUG o.h.l.p.b.i.spaces.QuerySpacesImpl - Adding QuerySpace : uid = <gen:51> -> org.hibernate.loader.plan.build.internal.spaces.EntityQuerySpaceImpl@42e13ec6]
14:11:15.843 [Test worker] DEBUG o.h.p.w.spi.MetamodelGraphWalker - Visiting attribute path : parent_ns.lifecycle_event.lifecycle_events
14:11:15.843 [Test worker] DEBUG o.h.p.w.spi.MetamodelGraphWalker - Visiting attribute path : parent_ns.lifecycle_event.version
14:11:15.843 [Test worker] DEBUG o.h.p.w.spi.MetamodelGraphWalker - Visiting attribute path : parent_ns.lifecycle_event_history
14:11:15.843 [Test worker] DEBUG o.h.l.p.b.i.spaces.QuerySpacesImpl - Adding QuerySpace : uid = <gen:52> -> org.hibernate.loader.plan.build.internal.spaces.CollectionQuerySpaceImpl@60950b9f]
14:11:15.843 [Test worker] DEBUG o.h.l.p.b.i.spaces.QuerySpacesImpl - Adding QuerySpace : uid = <gen:53> -> org.hibernate.loader.plan.build.internal.spaces.EntityQuerySpaceImpl@592e2542]
14:11:15.844 [Test worker] DEBUG o.h.p.w.spi.MetamodelGraphWalker - Visiting attribute path : parent_ns.lifecycle_event_history.lifecycle_events
14:11:15.844 [Test worker] DEBUG o.h.p.w.spi.MetamodelGraphWalker - Visiting attribute path : parent_ns.lifecycle_event_history.version
14:11:15.844 [Test worker] DEBUG o.h.p.w.spi.MetamodelGraphWalker - Visiting attribute path : parent_ns.monitoring_parameter
14:11:15.844 [Test worker] DEBUG o.h.p.w.spi.MetamodelGraphWalker - Visiting attribute path : parent_ns.notification
14:11:15.844 [Test worker] DEBUG o.h.p.w.spi.MetamodelGraphWalker - Visiting attribute path : parent_ns.pnfr
14:11:15.844 [Test worker] DEBUG o.h.l.p.b.i.spaces.QuerySpacesImpl - Adding QuerySpace : uid = <gen:54> -> org.hibernate.loader.plan.build.internal.spaces.CollectionQuerySpaceImpl@3eb6814a]
14:11:15.844 [Test worker] DEBUG o.h.l.p.b.i.spaces.QuerySpacesImpl - Adding QuerySpace : uid = <gen:55> -> org.hibernate.loader.plan.build.internal.spaces.EntityQuerySpaceImpl@3fe24170]
14:11:15.844 [Test worker] DEBUG o.h.p.w.spi.MetamodelGraphWalker - Visiting attribute path : parent_ns.pnfr.connected_virtual_link
14:11:15.844 [Test worker] DEBUG o.h.l.p.b.i.spaces.QuerySpacesImpl - Adding QuerySpace : uid = <gen:56> -> org.hibernate.loader.plan.build.internal.spaces.CollectionQuerySpaceImpl@221614c2]
14:11:15.844 [Test worker] DEBUG o.h.l.p.b.i.spaces.QuerySpacesImpl - Adding QuerySpace : uid = <gen:57> -> org.hibernate.loader.plan.build.internal.spaces.EntityQuerySpaceImpl@57acde09]
14:11:15.844 [Test worker] DEBUG o.h.p.w.spi.MetamodelGraphWalker - Visiting attribute path : parent_ns.pnfr.connection_point
14:11:15.844 [Test worker] DEBUG o.h.l.p.b.i.spaces.QuerySpacesImpl - Adding QuerySpace : uid = <gen:58> -> org.hibernate.loader.plan.build.internal.spaces.CollectionQuerySpaceImpl@16254dd7]
14:11:15.844 [Test worker] DEBUG o.h.l.p.b.i.spaces.QuerySpacesImpl - Adding QuerySpace : uid = <gen:59> -> org.hibernate.loader.plan.build.internal.spaces.EntityQuerySpaceImpl@6b19699c]
14:11:15.844 [Test worker] DEBUG o.h.p.w.spi.MetamodelGraphWalker - Visiting attribute path : parent_ns.pnfr.description
14:11:15.844 [Test worker] DEBUG o.h.p.w.spi.MetamodelGraphWalker - Visiting attribute path : parent_ns.pnfr.descriptor_reference
14:11:15.845 [Test worker] DEBUG o.h.l.p.b.i.spaces.QuerySpacesImpl - Adding QuerySpace : uid = <gen:60> -> org.hibernate.loader.plan.build.internal.spaces.EntityQuerySpaceImpl@5164b7b2]
14:11:15.845 [Test worker] DEBUG o.h.p.w.spi.MetamodelGraphWalker - Visiting attribute path : parent_ns.pnfr.oam_reference
14:11:15.845 [Test worker] DEBUG o.h.p.w.spi.MetamodelGraphWalker - Visiting attribute path : parent_ns.pnfr.parent_ns
14:11:15.845 [Test worker] DEBUG o.h.l.p.b.i.spaces.QuerySpacesImpl - Adding QuerySpace : uid = <gen:61> -> org.hibernate.loader.plan.build.internal.spaces.EntityQuerySpaceImpl@2b5830dd]
14:11:15.845 [Test worker] DEBUG o.h.p.w.spi.MetamodelGraphWalker - Visiting attribute path : parent_ns.pnfr.pnf_address
14:11:15.845 [Test worker] DEBUG o.h.p.w.spi.MetamodelGraphWalker - Visiting attribute path : parent_ns.pnfr.vendor
14:11:15.845 [Test worker] DEBUG o.h.p.w.spi.MetamodelGraphWalker - Visiting attribute path : parent_ns.pnfr.version
14:11:15.845 [Test worker] DEBUG o.h.p.w.spi.MetamodelGraphWalker - Visiting attribute path : parent_ns.pnfr.vnffgr
14:11:15.845 [Test worker] DEBUG o.h.l.p.b.i.spaces.QuerySpacesImpl - Adding QuerySpace : uid = <gen:62> -> org.hibernate.loader.plan.build.internal.spaces.CollectionQuerySpaceImpl@2af01366]
14:11:15.845 [Test worker] DEBUG o.h.l.p.b.i.spaces.QuerySpacesImpl - Adding QuerySpace : uid = <gen:63> -> org.hibernate.loader.plan.build.internal.spaces.EntityQuerySpaceImpl@7789a38f]
14:11:15.845 [Test worker] DEBUG o.h.p.w.spi.MetamodelGraphWalker - Visiting attribute path : parent_ns.resource_reservation
14:11:15.845 [Test worker] DEBUG o.h.p.w.spi.MetamodelGraphWalker - Visiting attribute path : parent_ns.runtime_policy_info
14:11:15.845 [Test worker] DEBUG o.h.p.w.spi.MetamodelGraphWalker - Visiting attribute path : parent_ns.service_deployment_flavour
14:11:15.846 [Test worker] DEBUG o.h.l.p.b.i.spaces.QuerySpacesImpl - Adding QuerySpace : uid = <gen:64> -> org.hibernate.loader.plan.build.internal.spaces.EntityQuerySpaceImpl@6d513e98]
14:11:15.846 [Test worker] DEBUG o.h.p.w.spi.MetamodelGraphWalker - Visiting attribute path : parent_ns.service_deployment_flavour.flavour_key
14:11:15.846 [Test worker] DEBUG o.h.p.w.spi.MetamodelGraphWalker - Visiting attribute path : parent_ns.service_deployment_flavour.version
14:11:15.846 [Test worker] DEBUG o.h.p.w.spi.MetamodelGraphWalker - Visiting attribute path : parent_ns.service_deployment_flavour.constituent_vnf
14:11:15.846 [Test worker] DEBUG o.h.p.w.spi.MetamodelGraphWalker - Visiting attribute path : parent_ns.status
14:11:15.846 [Test worker] DEBUG o.h.p.w.spi.MetamodelGraphWalker - Visiting attribute path : parent_ns.vendor
14:11:15.846 [Test worker] DEBUG o.h.p.w.spi.MetamodelGraphWalker - Visiting attribute path : parent_ns.version
14:11:15.846 [Test worker] DEBUG o.h.p.w.spi.MetamodelGraphWalker - Visiting attribute path : parent_ns.vlr
14:11:15.846 [Test worker] DEBUG o.h.l.p.b.i.spaces.QuerySpacesImpl - Adding QuerySpace : uid = <gen:65> -> org.hibernate.loader.plan.build.internal.spaces.CollectionQuerySpaceImpl@331b7b16]
14:11:15.846 [Test worker] DEBUG o.h.l.p.b.i.spaces.QuerySpacesImpl - Adding QuerySpace : uid = <gen:66> -> org.hibernate.loader.plan.build.internal.spaces.EntityQuerySpaceImpl@512dfb90]
14:11:15.846 [Test worker] DEBUG o.h.p.w.spi.MetamodelGraphWalker - Visiting attribute path : parent_ns.vlr.allocated_capacity
14:11:15.846 [Test worker] DEBUG o.h.p.w.spi.MetamodelGraphWalker - Visiting attribute path : parent_ns.vlr.audit_log
14:11:15.846 [Test worker] DEBUG o.h.p.w.spi.MetamodelGraphWalker - Visiting attribute path : parent_ns.vlr.connection
14:11:15.846 [Test worker] DEBUG o.h.p.w.spi.MetamodelGraphWalker - Visiting attribute path : parent_ns.vlr.connectivity_type
14:11:15.846 [Test worker] DEBUG o.h.p.w.spi.MetamodelGraphWalker - Visiting attribute path : parent_ns.vlr.descriptor_reference
14:11:15.846 [Test worker] DEBUG o.h.p.w.spi.MetamodelGraphWalker - Visiting attribute path : parent_ns.vlr.leaf_requirement
14:11:15.846 [Test worker] DEBUG o.h.p.w.spi.MetamodelGraphWalker - Visiting attribute path : parent_ns.vlr.lifecycle_event_history
14:11:15.846 [Test worker] DEBUG o.h.p.w.spi.MetamodelGraphWalker - Property path deemed to be circular : parent_ns.vlr.lifecycle_event_history
14:11:15.846 [Test worker] DEBUG o.h.p.w.spi.MetamodelGraphWalker - Visiting attribute path : parent_ns.vlr.notification
14:11:15.846 [Test worker] DEBUG o.h.p.w.spi.MetamodelGraphWalker - Visiting attribute path : parent_ns.vlr.number_of_enpoints
14:11:15.846 [Test worker] DEBUG o.h.p.w.spi.MetamodelGraphWalker - Visiting attribute path : parent_ns.vlr.parent_ns
14:11:15.846 [Test worker] DEBUG o.h.p.w.spi.MetamodelGraphWalker - Visiting attribute path : parent_ns.vlr.qos
14:11:15.846 [Test worker] DEBUG o.h.p.w.spi.MetamodelGraphWalker - Visiting attribute path : parent_ns.vlr.root_requirement
14:11:15.846 [Test worker] DEBUG o.h.p.w.spi.MetamodelGraphWalker - Visiting attribute path : parent_ns.vlr.status
14:11:15.846 [Test worker] DEBUG o.h.p.w.spi.MetamodelGraphWalker - Visiting attribute path : parent_ns.vlr.test_access
14:11:15.847 [Test worker] DEBUG o.h.p.w.spi.MetamodelGraphWalker - Visiting attribute path : parent_ns.vlr.vendor
14:11:15.847 [Test worker] DEBUG o.h.p.w.spi.MetamodelGraphWalker - Visiting attribute path : parent_ns.vlr.version
14:11:15.847 [Test worker] DEBUG o.h.p.w.spi.MetamodelGraphWalker - Visiting attribute path : parent_ns.vlr.vim_id
14:11:15.847 [Test worker] DEBUG o.h.p.w.spi.MetamodelGraphWalker - Visiting attribute path : parent_ns.vlr.vnffgr_reference
14:11:15.847 [Test worker] DEBUG o.h.p.w.spi.MetamodelGraphWalker - Property path deemed to be circular : parent_ns.vlr.vnffgr_reference
14:11:15.847 [Test worker] DEBUG o.h.p.w.spi.MetamodelGraphWalker - Visiting attribute path : parent_ns.vnf_dependency
14:11:15.847 [Test worker] DEBUG o.h.l.p.b.i.spaces.QuerySpacesImpl - Adding QuerySpace : uid = <gen:67> -> org.hibernate.loader.plan.build.internal.spaces.CollectionQuerySpaceImpl@4645f719]
14:11:15.847 [Test worker] DEBUG o.h.l.p.b.i.spaces.QuerySpacesImpl - Adding QuerySpace : uid = <gen:68> -> org.hibernate.loader.plan.build.internal.spaces.EntityQuerySpaceImpl@1b61ae5a]
14:11:15.847 [Test worker] DEBUG o.h.p.w.spi.MetamodelGraphWalker - Visiting attribute path : parent_ns.vnf_dependency.source
14:11:15.847 [Test worker] DEBUG o.h.p.w.spi.MetamodelGraphWalker - Property path deemed to be circular : parent_ns.vnf_dependency.source
14:11:15.847 [Test worker] DEBUG o.h.p.w.spi.MetamodelGraphWalker - Visiting attribute path : parent_ns.vnf_dependency.target
14:11:15.847 [Test worker] DEBUG o.h.p.w.spi.MetamodelGraphWalker - Property path deemed to be circular : parent_ns.vnf_dependency.target
14:11:15.847 [Test worker] DEBUG o.h.p.w.spi.MetamodelGraphWalker - Visiting attribute path : parent_ns.vnf_dependency.version
14:11:15.847 [Test worker] DEBUG o.h.p.w.spi.MetamodelGraphWalker - Visiting attribute path : parent_ns.vnffgr
14:11:15.847 [Test worker] DEBUG o.h.l.p.b.i.spaces.QuerySpacesImpl - Adding QuerySpace : uid = <gen:69> -> org.hibernate.loader.plan.build.internal.spaces.CollectionQuerySpaceImpl@4df7cfae]
14:11:15.847 [Test worker] DEBUG o.h.l.p.b.i.spaces.QuerySpacesImpl - Adding QuerySpace : uid = <gen:70> -> org.hibernate.loader.plan.build.internal.spaces.EntityQuerySpaceImpl@4863d07f]
14:11:15.848 [Test worker] DEBUG o.h.p.w.spi.MetamodelGraphWalker - Visiting attribute path : parent_ns.vnffgr.connection_point
14:11:15.848 [Test worker] DEBUG o.h.p.w.spi.MetamodelGraphWalker - Visiting attribute path : parent_ns.vnffgr.constituent_vnfs
14:11:15.848 [Test worker] DEBUG o.h.p.w.spi.MetamodelGraphWalker - Visiting attribute path : parent_ns.vnffgr.dependent_virtual_link
14:11:15.848 [Test worker] DEBUG o.h.p.w.spi.MetamodelGraphWalker - Visiting attribute path : parent_ns.vnffgr.descriptor_version
14:11:15.848 [Test worker] DEBUG o.h.p.w.spi.MetamodelGraphWalker - Visiting attribute path : parent_ns.vnffgr.hb_version
14:11:15.848 [Test worker] DEBUG o.h.p.w.spi.MetamodelGraphWalker - Visiting attribute path : parent_ns.vnffgr.network_forwarding_path
14:11:15.848 [Test worker] DEBUG o.h.p.w.spi.MetamodelGraphWalker - Visiting attribute path : parent_ns.vnffgr.number_of_endpoints
14:11:15.848 [Test worker] DEBUG o.h.p.w.spi.MetamodelGraphWalker - Visiting attribute path : parent_ns.vnffgr.number_of_virtual_links
14:11:15.848 [Test worker] DEBUG o.h.p.w.spi.MetamodelGraphWalker - Visiting attribute path : parent_ns.vnffgr.vendor
14:11:15.848 [Test worker] DEBUG o.h.p.w.spi.MetamodelGraphWalker - Visiting attribute path : parent_ns.vnffgr.version
14:11:15.848 [Test worker] DEBUG o.h.p.w.spi.MetamodelGraphWalker - Visiting attribute path : parent_ns.vnffgr.vnffgd_security
14:11:15.848 [Test worker] DEBUG o.h.l.p.b.i.spaces.QuerySpacesImpl - Adding QuerySpace : uid = <gen:71> -> org.hibernate.loader.plan.build.internal.spaces.EntityQuerySpaceImpl@4e2ccc7b]
14:11:15.848 [Test worker] DEBUG o.h.p.w.spi.MetamodelGraphWalker - Visiting attribute path : parent_ns.vnfr
14:11:15.848 [Test worker] DEBUG o.h.l.p.b.i.spaces.QuerySpacesImpl - Adding QuerySpace : uid = <gen:72> -> org.hibernate.loader.plan.build.internal.spaces.EntityQuerySpaceImpl@5f24c755]
14:11:15.848 [Test worker] DEBUG o.h.p.w.spi.MetamodelGraphWalker - Visiting attribute path : parent_ns.vnfr.audit_log
14:11:15.848 [Test worker] DEBUG o.h.p.w.spi.MetamodelGraphWalker - Visiting attribute path : parent_ns.vnfr.auto_scale_policy
14:11:15.848 [Test worker] DEBUG o.h.p.w.spi.MetamodelGraphWalker - Property path deemed to be circular : parent_ns.vnfr.auto_scale_policy
14:11:15.848 [Test worker] DEBUG o.h.p.w.spi.MetamodelGraphWalker - Visiting attribute path : parent_ns.vnfr.connected_external_virtual_link
14:11:15.848 [Test worker] DEBUG o.h.p.w.spi.MetamodelGraphWalker - Property path deemed to be circular : parent_ns.vnfr.connected_external_virtual_link
14:11:15.848 [Test worker] DEBUG o.h.p.w.spi.MetamodelGraphWalker - Visiting attribute path : parent_ns.vnfr.connection_point
14:11:15.848 [Test worker] DEBUG o.h.p.w.spi.MetamodelGraphWalker - Property path deemed to be circular : parent_ns.vnfr.connection_point
14:11:15.848 [Test worker] DEBUG o.h.p.w.spi.MetamodelGraphWalker - Visiting attribute path : parent_ns.vnfr.dependency
14:11:15.848 [Test worker] DEBUG o.h.p.w.spi.MetamodelGraphWalker - Property path deemed to be circular : parent_ns.vnfr.dependency
14:11:15.848 [Test worker] DEBUG o.h.p.w.spi.MetamodelGraphWalker - Visiting attribute path : parent_ns.vnfr.deployment_flavour
14:11:15.848 [Test worker] DEBUG o.h.p.w.spi.MetamodelGraphWalker - Property path deemed to be circular : parent_ns.vnfr.deployment_flavour
14:11:15.848 [Test worker] DEBUG o.h.p.w.spi.MetamodelGraphWalker - Visiting attribute path : parent_ns.vnfr.descriptor_reference
14:11:15.848 [Test worker] DEBUG o.h.p.w.spi.MetamodelGraphWalker - Visiting attribute path : parent_ns.vnfr.lifecycle_event
14:11:15.848 [Test worker] DEBUG o.h.p.w.spi.MetamodelGraphWalker - Property path deemed to be circular : parent_ns.vnfr.lifecycle_event
14:11:15.848 [Test worker] DEBUG o.h.p.w.spi.MetamodelGraphWalker - Visiting attribute path : parent_ns.vnfr.lifecycle_event_history
14:11:15.848 [Test worker] DEBUG o.h.p.w.spi.MetamodelGraphWalker - Property path deemed to be circular : parent_ns.vnfr.lifecycle_event_history
14:11:15.848 [Test worker] DEBUG o.h.p.w.spi.MetamodelGraphWalker - Visiting attribute path : parent_ns.vnfr.localization
14:11:15.849 [Test worker] DEBUG o.h.p.w.spi.MetamodelGraphWalker - Visiting attribute path : parent_ns.vnfr.monitoring_parameter
14:11:15.849 [Test worker] DEBUG o.h.p.w.spi.MetamodelGraphWalker - Visiting attribute path : parent_ns.vnfr.notification
14:11:15.849 [Test worker] DEBUG o.h.p.w.spi.MetamodelGraphWalker - Visiting attribute path : parent_ns.vnfr.parent_ns
14:11:15.849 [Test worker] DEBUG o.h.p.w.spi.MetamodelGraphWalker - Property path deemed to be circular : parent_ns.vnfr.parent_ns
14:11:15.849 [Test worker] DEBUG o.h.p.w.spi.MetamodelGraphWalker - Visiting attribute path : parent_ns.vnfr.runtime_policy_info
14:11:15.849 [Test worker] DEBUG o.h.p.w.spi.MetamodelGraphWalker - Visiting attribute path : parent_ns.vnfr.status
14:11:15.849 [Test worker] DEBUG o.h.p.w.spi.MetamodelGraphWalker - Visiting attribute path : parent_ns.vnfr.vdu
14:11:15.849 [Test worker] DEBUG o.h.l.p.b.i.spaces.QuerySpacesImpl - Adding QuerySpace : uid = <gen:73> -> org.hibernate.loader.plan.build.internal.spaces.CollectionQuerySpaceImpl@645abf3c]
14:11:15.849 [Test worker] DEBUG o.h.l.p.b.i.spaces.QuerySpacesImpl - Adding QuerySpace : uid = <gen:74> -> org.hibernate.loader.plan.build.internal.spaces.EntityQuerySpaceImpl@1c12f9d]
14:11:15.849 [Test worker] DEBUG o.h.p.w.spi.MetamodelGraphWalker - Visiting attribute path : parent_ns.vnfr.vendor
14:11:15.849 [Test worker] DEBUG o.h.p.w.spi.MetamodelGraphWalker - Visiting attribute path : parent_ns.vnfr.version
14:11:15.849 [Test worker] DEBUG o.h.p.w.spi.MetamodelGraphWalker - Visiting attribute path : parent_ns.vnfr.virtual_link
14:11:15.849 [Test worker] DEBUG o.h.l.p.b.i.spaces.QuerySpacesImpl - Adding QuerySpace : uid = <gen:75> -> org.hibernate.loader.plan.build.internal.spaces.CollectionQuerySpaceImpl@321ced51]
14:11:15.849 [Test worker] DEBUG o.h.l.p.b.i.spaces.QuerySpacesImpl - Adding QuerySpace : uid = <gen:76> -> org.hibernate.loader.plan.build.internal.spaces.EntityQuerySpaceImpl@9207a8b]
14:11:15.849 [Test worker] DEBUG o.h.p.w.spi.MetamodelGraphWalker - Visiting attribute path : parent_ns.vnfr.vnf_address
14:11:15.849 [Test worker] DEBUG o.h.p.w.spi.MetamodelGraphWalker - Visiting attribute path : parent_ns.vnfr.vnfm_id
14:11:15.849 [Test worker] DEBUG o.h.p.w.spi.MetamodelGraphWalker - Visiting attribute path : runtime_policy_info
14:11:15.850 [Test worker] DEBUG o.h.p.w.spi.MetamodelGraphWalker - Visiting attribute path : status
14:11:15.850 [Test worker] DEBUG o.h.p.w.spi.MetamodelGraphWalker - Visiting attribute path : vdu
14:11:15.850 [Test worker] DEBUG o.h.l.p.b.i.spaces.QuerySpacesImpl - Adding QuerySpace : uid = <gen:77> -> org.hibernate.loader.plan.build.internal.spaces.CollectionQuerySpaceImpl@334d405b]
14:11:15.850 [Test worker] DEBUG o.h.l.p.b.i.spaces.QuerySpacesImpl - Adding QuerySpace : uid = <gen:78> -> org.hibernate.loader.plan.build.internal.spaces.EntityQuerySpaceImpl@14bc30ad]
14:11:15.850 [Test worker] DEBUG o.h.p.w.spi.MetamodelGraphWalker - Visiting attribute path : vdu.computation_requirement
14:11:15.850 [Test worker] DEBUG o.h.p.w.spi.MetamodelGraphWalker - Visiting attribute path : vdu.high_availability
14:11:15.850 [Test worker] DEBUG o.h.p.w.spi.MetamodelGraphWalker - Visiting attribute path : vdu.lifecycle_event
14:11:15.850 [Test worker] DEBUG o.h.p.w.spi.MetamodelGraphWalker - Visiting attribute path : vdu.monitoring_parameter
14:11:15.850 [Test worker] DEBUG o.h.l.p.b.i.spaces.QuerySpacesImpl - Adding QuerySpace : uid = <gen:79> -> org.hibernate.loader.plan.build.internal.spaces.CollectionQuerySpaceImpl@3f8f6434]
14:11:15.850 [Test worker] DEBUG o.h.p.w.spi.MetamodelGraphWalker - Visiting attribute path : vdu.scale_in_out
14:11:15.850 [Test worker] DEBUG o.h.p.w.spi.MetamodelGraphWalker - Visiting attribute path : vdu.vdu_constraint
14:11:15.850 [Test worker] DEBUG o.h.p.w.spi.MetamodelGraphWalker - Visiting attribute path : vdu.version
14:11:15.850 [Test worker] DEBUG o.h.p.w.spi.MetamodelGraphWalker - Visiting attribute path : vdu.virtual_memory_resource_element
14:11:15.850 [Test worker] DEBUG o.h.p.w.spi.MetamodelGraphWalker - Visiting attribute path : vdu.virtual_network_bandwidth_resource
14:11:15.850 [Test worker] DEBUG o.h.p.w.spi.MetamodelGraphWalker - Visiting attribute path : vdu.vm_image
14:11:15.850 [Test worker] DEBUG o.h.l.p.b.i.spaces.QuerySpacesImpl - Adding QuerySpace : uid = <gen:80> -> org.hibernate.loader.plan.build.internal.spaces.CollectionQuerySpaceImpl@5e856a7a]
14:11:15.850 [Test worker] DEBUG o.h.p.w.spi.MetamodelGraphWalker - Visiting attribute path : vdu.vnfc
14:11:15.850 [Test worker] DEBUG o.h.p.w.spi.MetamodelGraphWalker - Visiting attribute path : vendor
14:11:15.850 [Test worker] DEBUG o.h.p.w.spi.MetamodelGraphWalker - Visiting attribute path : version
14:11:15.850 [Test worker] DEBUG o.h.p.w.spi.MetamodelGraphWalker - Visiting attribute path : virtual_link
14:11:15.850 [Test worker] DEBUG o.h.l.p.b.i.spaces.QuerySpacesImpl - Adding QuerySpace : uid = <gen:81> -> org.hibernate.loader.plan.build.internal.spaces.CollectionQuerySpaceImpl@6423c0bd]
14:11:15.851 [Test worker] DEBUG o.h.l.p.b.i.spaces.QuerySpacesImpl - Adding QuerySpace : uid = <gen:82> -> org.hibernate.loader.plan.build.internal.spaces.EntityQuerySpaceImpl@6742eba7]
14:11:15.851 [Test worker] DEBUG o.h.p.w.spi.MetamodelGraphWalker - Visiting attribute path : virtual_link.connectivity_type
14:11:15.851 [Test worker] DEBUG o.h.p.w.spi.MetamodelGraphWalker - Visiting attribute path : virtual_link.leaf_requirement
14:11:15.851 [Test worker] DEBUG o.h.p.w.spi.MetamodelGraphWalker - Visiting attribute path : virtual_link.qos
14:11:15.851 [Test worker] DEBUG o.h.p.w.spi.MetamodelGraphWalker - Visiting attribute path : virtual_link.root_requirement
14:11:15.851 [Test worker] DEBUG o.h.p.w.spi.MetamodelGraphWalker - Visiting attribute path : virtual_link.test_access
14:11:15.851 [Test worker] DEBUG o.h.p.w.spi.MetamodelGraphWalker - Visiting attribute path : virtual_link.version
14:11:15.851 [Test worker] DEBUG o.h.p.w.spi.MetamodelGraphWalker - Visiting attribute path : virtual_link.connection_points_references
14:11:15.851 [Test worker] DEBUG o.h.l.p.b.i.spaces.QuerySpacesImpl - Adding QuerySpace : uid = <gen:83> -> org.hibernate.loader.plan.build.internal.spaces.CollectionQuerySpaceImpl@6075526a]
14:11:15.851 [Test worker] DEBUG o.h.p.w.spi.MetamodelGraphWalker - Visiting attribute path : vnf_address
14:11:15.851 [Test worker] DEBUG o.h.p.w.spi.MetamodelGraphWalker - Visiting attribute path : vnfm_id
14:11:15.851 [Test worker] DEBUG o.h.l.p.b.i.FetchStyleLoadPlanBuildingAssociationVisitationStrategy - Building LoadPlan...
14:11:15.851 [Test worker] DEBUG o.h.l.p.e.i.LoadQueryJoinAndFetchProcessor - processing queryspace <gen:0>
14:11:15.856 [Test worker] DEBUG o.h.l.p.b.spi.LoadPlanTreePrinter - LoadPlan(entity=org.project.neutrino.nfvo.catalogue.mano.record.VirtualNetworkFunctionRecord)
    - Returns
       - EntityReturnImpl(entity=org.project.neutrino.nfvo.catalogue.mano.record.VirtualNetworkFunctionRecord, querySpaceUid=<gen:0>, path=org.project.neutrino.nfvo.catalogue.mano.record.VirtualNetworkFunctionRecord)
          - CollectionAttributeFetchImpl(collection=org.project.neutrino.nfvo.catalogue.mano.record.VirtualNetworkFunctionRecord.auto_scale_policy, querySpaceUid=<gen:1>, path=org.project.neutrino.nfvo.catalogue.mano.record.VirtualNetworkFunctionRecord.auto_scale_policy)
             - (collection element) CollectionFetchableElementEntityGraph(entity=org.project.neutrino.nfvo.catalogue.mano.common.AutoScalePolicy, querySpaceUid=<gen:2>, path=org.project.neutrino.nfvo.catalogue.mano.record.VirtualNetworkFunctionRecord.auto_scale_policy.<elements>)
          - CollectionAttributeFetchImpl(collection=org.project.neutrino.nfvo.catalogue.mano.record.VirtualNetworkFunctionRecord.connected_external_virtual_link, querySpaceUid=<gen:3>, path=org.project.neutrino.nfvo.catalogue.mano.record.VirtualNetworkFunctionRecord.connected_external_virtual_link)
             - (collection element) CollectionFetchableElementEntityGraph(entity=org.project.neutrino.nfvo.catalogue.mano.record.VirtualLinkRecord, querySpaceUid=<gen:4>, path=org.project.neutrino.nfvo.catalogue.mano.record.VirtualNetworkFunctionRecord.connected_external_virtual_link.<elements>)
                - CollectionAttributeFetchImpl(collection=org.project.neutrino.nfvo.catalogue.mano.record.VirtualLinkRecord.lifecycle_event_history, querySpaceUid=<gen:5>, path=org.project.neutrino.nfvo.catalogue.mano.record.VirtualNetworkFunctionRecord.connected_external_virtual_link.<elements>.lifecycle_event_history)
                   - (collection element) CollectionFetchableElementEntityGraph(entity=org.project.neutrino.nfvo.catalogue.mano.common.LifecycleEvent, querySpaceUid=<gen:6>, path=org.project.neutrino.nfvo.catalogue.mano.record.VirtualNetworkFunctionRecord.connected_external_virtual_link.<elements>.lifecycle_event_history.<elements>)
                - CollectionAttributeFetchImpl(collection=org.project.neutrino.nfvo.catalogue.mano.record.VirtualLinkRecord.vnffgr_reference, querySpaceUid=<gen:7>, path=org.project.neutrino.nfvo.catalogue.mano.record.VirtualNetworkFunctionRecord.connected_external_virtual_link.<elements>.vnffgr_reference)
                   - (collection element) CollectionFetchableElementEntityGraph(entity=org.project.neutrino.nfvo.catalogue.mano.record.VNFForwardingGraphRecord, querySpaceUid=<gen:8>, path=org.project.neutrino.nfvo.catalogue.mano.record.VirtualNetworkFunctionRecord.connected_external_virtual_link.<elements>.vnffgr_reference.<elements>)
                      - CollectionAttributeFetchImpl(collection=org.project.neutrino.nfvo.catalogue.mano.record.VNFForwardingGraphRecord.connection_point, querySpaceUid=<gen:9>, path=org.project.neutrino.nfvo.catalogue.mano.record.VirtualNetworkFunctionRecord.connected_external_virtual_link.<elements>.vnffgr_reference.<elements>.connection_point)
                         - (collection element) CollectionFetchableElementEntityGraph(entity=org.project.neutrino.nfvo.catalogue.mano.descriptor.VNFDConnectionPoint, querySpaceUid=<gen:10>, path=org.project.neutrino.nfvo.catalogue.mano.record.VirtualNetworkFunctionRecord.connected_external_virtual_link.<elements>.vnffgr_reference.<elements>.connection_point.<elements>)
                      - CollectionAttributeFetchImpl(collection=org.project.neutrino.nfvo.catalogue.mano.record.VNFForwardingGraphRecord.dependent_virtual_link, querySpaceUid=<gen:11>, path=org.project.neutrino.nfvo.catalogue.mano.record.VirtualNetworkFunctionRecord.connected_external_virtual_link.<elements>.vnffgr_reference.<elements>.dependent_virtual_link)
                         - (collection element) CollectionFetchableElementEntityGraph(entity=org.project.neutrino.nfvo.catalogue.mano.record.VirtualLinkRecord, querySpaceUid=<gen:12>, path=org.project.neutrino.nfvo.catalogue.mano.record.VirtualNetworkFunctionRecord.connected_external_virtual_link.<elements>.vnffgr_reference.<elements>.dependent_virtual_link.<elements>)
                      - EntityAttributeFetchImpl(entity=org.project.neutrino.nfvo.catalogue.mano.descriptor.VNFForwardingGraph, querySpaceUid=<gen:13>, path=org.project.neutrino.nfvo.catalogue.mano.record.VirtualNetworkFunctionRecord.connected_external_virtual_link.<elements>.vnffgr_reference.<elements>.descriptor_reference)
                      - CollectionAttributeFetchImpl(collection=org.project.neutrino.nfvo.catalogue.mano.record.VNFForwardingGraphRecord.lifecycle_event_history, querySpaceUid=<gen:14>, path=org.project.neutrino.nfvo.catalogue.mano.record.VirtualNetworkFunctionRecord.connected_external_virtual_link.<elements>.vnffgr_reference.<elements>.lifecycle_event_history)
                         - (collection element) CollectionFetchableElementEntityGraph(entity=org.project.neutrino.nfvo.catalogue.mano.common.LifecycleEvent, querySpaceUid=<gen:15>, path=org.project.neutrino.nfvo.catalogue.mano.record.VirtualNetworkFunctionRecord.connected_external_virtual_link.<elements>.vnffgr_reference.<elements>.lifecycle_event_history.<elements>)
                      - CollectionAttributeFetchImpl(collection=org.project.neutrino.nfvo.catalogue.mano.record.VNFForwardingGraphRecord.member_vnfs, querySpaceUid=<gen:16>, path=org.project.neutrino.nfvo.catalogue.mano.record.VirtualNetworkFunctionRecord.connected_external_virtual_link.<elements>.vnffgr_reference.<elements>.member_vnfs)
                         - (collection element) CollectionFetchableElementEntityGraph(entity=org.project.neutrino.nfvo.catalogue.mano.record.VirtualNetworkFunctionRecord, querySpaceUid=<gen:17>, path=org.project.neutrino.nfvo.catalogue.mano.record.VirtualNetworkFunctionRecord.connected_external_virtual_link.<elements>.vnffgr_reference.<elements>.member_vnfs.<elements>)
                      - EntityAttributeFetchImpl(entity=org.project.neutrino.nfvo.catalogue.mano.descriptor.NetworkForwardingPath, querySpaceUid=<gen:18>, path=org.project.neutrino.nfvo.catalogue.mano.record.VirtualNetworkFunctionRecord.connected_external_virtual_link.<elements>.vnffgr_reference.<elements>.network_forwarding_path)
                      - EntityAttributeFetchImpl(entity=org.project.neutrino.nfvo.catalogue.mano.record.NetworkServiceRecord, querySpaceUid=<gen:19>, path=org.project.neutrino.nfvo.catalogue.mano.record.VirtualNetworkFunctionRecord.connected_external_virtual_link.<elements>.vnffgr_reference.<elements>.parent_ns)
          - CollectionAttributeFetchImpl(collection=org.project.neutrino.nfvo.catalogue.mano.record.VirtualNetworkFunctionRecord.connection_point, querySpaceUid=<gen:20>, path=org.project.neutrino.nfvo.catalogue.mano.record.VirtualNetworkFunctionRecord.connection_point)
             - (collection element) CollectionFetchableElementEntityGraph(entity=org.project.neutrino.nfvo.catalogue.mano.common.ConnectionPoint, querySpaceUid=<gen:21>, path=org.project.neutrino.nfvo.catalogue.mano.record.VirtualNetworkFunctionRecord.connection_point.<elements>)
          - CollectionAttributeFetchImpl(collection=org.project.neutrino.nfvo.catalogue.mano.record.VirtualNetworkFunctionRecord.dependency, querySpaceUid=<gen:22>, path=org.project.neutrino.nfvo.catalogue.mano.record.VirtualNetworkFunctionRecord.dependency)
             - (collection element) CollectionFetchableElementEntityGraph(entity=org.project.neutrino.nfvo.catalogue.mano.common.VNFDependency, querySpaceUid=<gen:23>, path=org.project.neutrino.nfvo.catalogue.mano.record.VirtualNetworkFunctionRecord.dependency.<elements>)
                - EntityAttributeFetchImpl(entity=org.project.neutrino.nfvo.catalogue.mano.descriptor.VirtualNetworkFunctionDescriptor, querySpaceUid=<gen:24>, path=org.project.neutrino.nfvo.catalogue.mano.record.VirtualNetworkFunctionRecord.dependency.<elements>.source)
                   - CollectionAttributeFetchImpl(collection=org.project.neutrino.nfvo.catalogue.mano.common.NFVEntityDescriptor.monitoring_parameter, querySpaceUid=<gen:25>, path=org.project.neutrino.nfvo.catalogue.mano.record.VirtualNetworkFunctionRecord.dependency.<elements>.source.monitoring_parameter)
                   - CollectionAttributeFetchImpl(collection=org.project.neutrino.nfvo.catalogue.mano.descriptor.VirtualNetworkFunctionDescriptor.deployment_flavour, querySpaceUid=<gen:26>, path=org.project.neutrino.nfvo.catalogue.mano.record.VirtualNetworkFunctionRecord.dependency.<elements>.source.deployment_flavour)
                      - (collection element) CollectionFetchableElementEntityGraph(entity=org.project.neutrino.nfvo.catalogue.mano.descriptor.VNFDDeploymentFlavour, querySpaceUid=<gen:27>, path=org.project.neutrino.nfvo.catalogue.mano.record.VirtualNetworkFunctionRecord.dependency.<elements>.source.deployment_flavour.<elements>)
                - EntityAttributeFetchImpl(entity=org.project.neutrino.nfvo.catalogue.mano.descriptor.VirtualNetworkFunctionDescriptor, querySpaceUid=<gen:28>, path=org.project.neutrino.nfvo.catalogue.mano.record.VirtualNetworkFunctionRecord.dependency.<elements>.target)
                   - CollectionAttributeFetchImpl(collection=org.project.neutrino.nfvo.catalogue.mano.common.NFVEntityDescriptor.monitoring_parameter, querySpaceUid=<gen:29>, path=org.project.neutrino.nfvo.catalogue.mano.record.VirtualNetworkFunctionRecord.dependency.<elements>.target.monitoring_parameter)
                   - CollectionAttributeFetchImpl(collection=org.project.neutrino.nfvo.catalogue.mano.descriptor.VirtualNetworkFunctionDescriptor.deployment_flavour, querySpaceUid=<gen:30>, path=org.project.neutrino.nfvo.catalogue.mano.record.VirtualNetworkFunctionRecord.dependency.<elements>.target.deployment_flavour)
                      - (collection element) CollectionFetchableElementEntityGraph(entity=org.project.neutrino.nfvo.catalogue.mano.descriptor.VNFDDeploymentFlavour, querySpaceUid=<gen:31>, path=org.project.neutrino.nfvo.catalogue.mano.record.VirtualNetworkFunctionRecord.dependency.<elements>.target.deployment_flavour.<elements>)
          - EntityAttributeFetchImpl(entity=org.project.neutrino.nfvo.catalogue.mano.descriptor.VNFDDeploymentFlavour, querySpaceUid=<gen:32>, path=org.project.neutrino.nfvo.catalogue.mano.record.VirtualNetworkFunctionRecord.deployment_flavour)
             - CollectionAttributeFetchImpl(collection=org.project.neutrino.nfvo.catalogue.mano.descriptor.VNFDDeploymentFlavour.df_constraint, querySpaceUid=<gen:33>, path=org.project.neutrino.nfvo.catalogue.mano.record.VirtualNetworkFunctionRecord.deployment_flavour.df_constraint)
          - EntityAttributeFetchImpl(entity=org.project.neutrino.nfvo.catalogue.mano.common.LifecycleEvent, querySpaceUid=<gen:34>, path=org.project.neutrino.nfvo.catalogue.mano.record.VirtualNetworkFunctionRecord.lifecycle_event)
          - CollectionAttributeFetchImpl(collection=org.project.neutrino.nfvo.catalogue.mano.record.VirtualNetworkFunctionRecord.lifecycle_event_history, querySpaceUid=<gen:35>, path=org.project.neutrino.nfvo.catalogue.mano.record.VirtualNetworkFunctionRecord.lifecycle_event_history)
             - (collection element) CollectionFetchableElementEntityGraph(entity=org.project.neutrino.nfvo.catalogue.mano.common.LifecycleEvent, querySpaceUid=<gen:36>, path=org.project.neutrino.nfvo.catalogue.mano.record.VirtualNetworkFunctionRecord.lifecycle_event_history.<elements>)
          - EntityAttributeFetchImpl(entity=org.project.neutrino.nfvo.catalogue.mano.record.NetworkServiceRecord, querySpaceUid=<gen:37>, path=org.project.neutrino.nfvo.catalogue.mano.record.VirtualNetworkFunctionRecord.parent_ns)
             - CollectionAttributeFetchImpl(collection=org.project.neutrino.nfvo.catalogue.mano.record.NetworkServiceRecord.auto_scale_policy, querySpaceUid=<gen:38>, path=org.project.neutrino.nfvo.catalogue.mano.record.VirtualNetworkFunctionRecord.parent_ns.auto_scale_policy)
                - (collection element) CollectionFetchableElementEntityGraph(entity=org.project.neutrino.nfvo.catalogue.mano.common.AutoScalePolicy, querySpaceUid=<gen:39>, path=org.project.neutrino.nfvo.catalogue.mano.record.VirtualNetworkFunctionRecord.parent_ns.auto_scale_policy.<elements>)
             - CollectionAttributeFetchImpl(collection=org.project.neutrino.nfvo.catalogue.mano.record.NetworkServiceRecord.connection_point, querySpaceUid=<gen:40>, path=org.project.neutrino.nfvo.catalogue.mano.record.VirtualNetworkFunctionRecord.parent_ns.connection_point)
                - (collection element) CollectionFetchableElementEntityGraph(entity=org.project.neutrino.nfvo.catalogue.mano.common.ConnectionPoint, querySpaceUid=<gen:41>, path=org.project.neutrino.nfvo.catalogue.mano.record.VirtualNetworkFunctionRecord.parent_ns.connection_point.<elements>)
             - EntityAttributeFetchImpl(entity=org.project.neutrino.nfvo.catalogue.mano.common.NFVEntityDescriptor, querySpaceUid=<gen:42>, path=org.project.neutrino.nfvo.catalogue.mano.record.VirtualNetworkFunctionRecord.parent_ns.descriptor_reference)
                - CollectionAttributeFetchImpl(collection=org.project.neutrino.nfvo.catalogue.mano.common.NFVEntityDescriptor.monitoring_parameter, querySpaceUid=<gen:43>, path=org.project.neutrino.nfvo.catalogue.mano.record.VirtualNetworkFunctionRecord.parent_ns.descriptor_reference.monitoring_parameter)
                - CollectionAttributeFetchImpl(collection=org.project.neutrino.nfvo.catalogue.mano.descriptor.VirtualNetworkFunctionDescriptor.deployment_flavour, querySpaceUid=<gen:44>, path=org.project.neutrino.nfvo.catalogue.mano.record.VirtualNetworkFunctionRecord.parent_ns.descriptor_reference.deployment_flavour)
                   - (collection element) CollectionFetchableElementEntityGraph(entity=org.project.neutrino.nfvo.catalogue.mano.descriptor.VNFDDeploymentFlavour, querySpaceUid=<gen:45>, path=org.project.neutrino.nfvo.catalogue.mano.record.VirtualNetworkFunctionRecord.parent_ns.descriptor_reference.deployment_flavour.<elements>)
                - EntityAttributeFetchImpl(entity=org.project.neutrino.nfvo.catalogue.mano.common.Security, querySpaceUid=<gen:46>, path=org.project.neutrino.nfvo.catalogue.mano.record.VirtualNetworkFunctionRecord.parent_ns.descriptor_reference.nsd_security)
                - CollectionAttributeFetchImpl(collection=org.project.neutrino.nfvo.catalogue.mano.descriptor.NetworkServiceDescriptor.vnf_dependency, querySpaceUid=<gen:47>, path=org.project.neutrino.nfvo.catalogue.mano.record.VirtualNetworkFunctionRecord.parent_ns.descriptor_reference.vnf_dependency)
                   - (collection element) CollectionFetchableElementEntityGraph(entity=org.project.neutrino.nfvo.catalogue.mano.common.VNFDependency, querySpaceUid=<gen:48>, path=org.project.neutrino.nfvo.catalogue.mano.record.VirtualNetworkFunctionRecord.parent_ns.descriptor_reference.vnf_dependency.<elements>)
                - CollectionAttributeFetchImpl(collection=org.project.neutrino.nfvo.catalogue.mano.descriptor.NetworkServiceDescriptor.vnfd, querySpaceUid=<gen:49>, path=org.project.neutrino.nfvo.catalogue.mano.record.VirtualNetworkFunctionRecord.parent_ns.descriptor_reference.vnfd)
                   - (collection element) CollectionFetchableElementEntityGraph(entity=org.project.neutrino.nfvo.catalogue.mano.descriptor.VirtualNetworkFunctionDescriptor, querySpaceUid=<gen:50>, path=org.project.neutrino.nfvo.catalogue.mano.record.VirtualNetworkFunctionRecord.parent_ns.descriptor_reference.vnfd.<elements>)
             - EntityAttributeFetchImpl(entity=org.project.neutrino.nfvo.catalogue.mano.common.LifecycleEvent, querySpaceUid=<gen:51>, path=org.project.neutrino.nfvo.catalogue.mano.record.VirtualNetworkFunctionRecord.parent_ns.lifecycle_event)
             - CollectionAttributeFetchImpl(collection=org.project.neutrino.nfvo.catalogue.mano.record.NetworkServiceRecord.lifecycle_event_history, querySpaceUid=<gen:52>, path=org.project.neutrino.nfvo.catalogue.mano.record.VirtualNetworkFunctionRecord.parent_ns.lifecycle_event_history)
                - (collection element) CollectionFetchableElementEntityGraph(entity=org.project.neutrino.nfvo.catalogue.mano.common.LifecycleEvent, querySpaceUid=<gen:53>, path=org.project.neutrino.nfvo.catalogue.mano.record.VirtualNetworkFunctionRecord.parent_ns.lifecycle_event_history.<elements>)
             - CollectionAttributeFetchImpl(collection=org.project.neutrino.nfvo.catalogue.mano.record.NetworkServiceRecord.pnfr, querySpaceUid=<gen:54>, path=org.project.neutrino.nfvo.catalogue.mano.record.VirtualNetworkFunctionRecord.parent_ns.pnfr)
                - (collection element) CollectionFetchableElementEntityGraph(entity=org.project.neutrino.nfvo.catalogue.mano.record.PhysicalNetworkFunctionRecord, querySpaceUid=<gen:55>, path=org.project.neutrino.nfvo.catalogue.mano.record.VirtualNetworkFunctionRecord.parent_ns.pnfr.<elements>)
                   - CollectionAttributeFetchImpl(collection=org.project.neutrino.nfvo.catalogue.mano.record.PhysicalNetworkFunctionRecord.connected_virtual_link, querySpaceUid=<gen:56>, path=org.project.neutrino.nfvo.catalogue.mano.record.VirtualNetworkFunctionRecord.parent_ns.pnfr.<elements>.connected_virtual_link)
                      - (collection element) CollectionFetchableElementEntityGraph(entity=org.project.neutrino.nfvo.catalogue.mano.record.VirtualLinkRecord, querySpaceUid=<gen:57>, path=org.project.neutrino.nfvo.catalogue.mano.record.VirtualNetworkFunctionRecord.parent_ns.pnfr.<elements>.connected_virtual_link.<elements>)
                   - CollectionAttributeFetchImpl(collection=org.project.neutrino.nfvo.catalogue.mano.record.PhysicalNetworkFunctionRecord.connection_point, querySpaceUid=<gen:58>, path=org.project.neutrino.nfvo.catalogue.mano.record.VirtualNetworkFunctionRecord.parent_ns.pnfr.<elements>.connection_point)
                      - (collection element) CollectionFetchableElementEntityGraph(entity=org.project.neutrino.nfvo.catalogue.mano.common.ConnectionPoint, querySpaceUid=<gen:59>, path=org.project.neutrino.nfvo.catalogue.mano.record.VirtualNetworkFunctionRecord.parent_ns.pnfr.<elements>.connection_point.<elements>)
                   - EntityAttributeFetchImpl(entity=org.project.neutrino.nfvo.catalogue.mano.descriptor.PhysicalNetworkFunctionDescriptor, querySpaceUid=<gen:60>, path=org.project.neutrino.nfvo.catalogue.mano.record.VirtualNetworkFunctionRecord.parent_ns.pnfr.<elements>.descriptor_reference)
                   - EntityAttributeFetchImpl(entity=org.project.neutrino.nfvo.catalogue.mano.record.NetworkServiceRecord, querySpaceUid=<gen:61>, path=org.project.neutrino.nfvo.catalogue.mano.record.VirtualNetworkFunctionRecord.parent_ns.pnfr.<elements>.parent_ns)
                   - CollectionAttributeFetchImpl(collection=org.project.neutrino.nfvo.catalogue.mano.record.PhysicalNetworkFunctionRecord.vnffgr, querySpaceUid=<gen:62>, path=org.project.neutrino.nfvo.catalogue.mano.record.VirtualNetworkFunctionRecord.parent_ns.pnfr.<elements>.vnffgr)
                      - (collection element) CollectionFetchableElementEntityGraph(entity=org.project.neutrino.nfvo.catalogue.mano.record.VNFForwardingGraphRecord, querySpaceUid=<gen:63>, path=org.project.neutrino.nfvo.catalogue.mano.record.VirtualNetworkFunctionRecord.parent_ns.pnfr.<elements>.vnffgr.<elements>)
             - EntityAttributeFetchImpl(entity=org.project.neutrino.nfvo.catalogue.mano.common.ServiceDeploymentFlavour, querySpaceUid=<gen:64>, path=org.project.neutrino.nfvo.catalogue.mano.record.VirtualNetworkFunctionRecord.parent_ns.service_deployment_flavour)
             - CollectionAttributeFetchImpl(collection=org.project.neutrino.nfvo.catalogue.mano.record.NetworkServiceRecord.vlr, querySpaceUid=<gen:65>, path=org.project.neutrino.nfvo.catalogue.mano.record.VirtualNetworkFunctionRecord.parent_ns.vlr)
                - (collection element) CollectionFetchableElementEntityGraph(entity=org.project.neutrino.nfvo.catalogue.mano.record.VirtualLinkRecord, querySpaceUid=<gen:66>, path=org.project.neutrino.nfvo.catalogue.mano.record.VirtualNetworkFunctionRecord.parent_ns.vlr.<elements>)
             - CollectionAttributeFetchImpl(collection=org.project.neutrino.nfvo.catalogue.mano.record.NetworkServiceRecord.vnf_dependency, querySpaceUid=<gen:67>, path=org.project.neutrino.nfvo.catalogue.mano.record.VirtualNetworkFunctionRecord.parent_ns.vnf_dependency)
                - (collection element) CollectionFetchableElementEntityGraph(entity=org.project.neutrino.nfvo.catalogue.mano.common.VNFDependency, querySpaceUid=<gen:68>, path=org.project.neutrino.nfvo.catalogue.mano.record.VirtualNetworkFunctionRecord.parent_ns.vnf_dependency.<elements>)
             - CollectionAttributeFetchImpl(collection=org.project.neutrino.nfvo.catalogue.mano.record.NetworkServiceRecord.vnffgr, querySpaceUid=<gen:69>, path=org.project.neutrino.nfvo.catalogue.mano.record.VirtualNetworkFunctionRecord.parent_ns.vnffgr)
                - (collection element) CollectionFetchableElementEntityGraph(entity=org.project.neutrino.nfvo.catalogue.mano.descriptor.VNFForwardingGraph, querySpaceUid=<gen:70>, path=org.project.neutrino.nfvo.catalogue.mano.record.VirtualNetworkFunctionRecord.parent_ns.vnffgr.<elements>)
                   - EntityAttributeFetchImpl(entity=org.project.neutrino.nfvo.catalogue.mano.common.Security, querySpaceUid=<gen:71>, path=org.project.neutrino.nfvo.catalogue.mano.record.VirtualNetworkFunctionRecord.parent_ns.vnffgr.<elements>.vnffgd_security)
             - EntityAttributeFetchImpl(entity=org.project.neutrino.nfvo.catalogue.mano.record.VirtualNetworkFunctionRecord, querySpaceUid=<gen:72>, path=org.project.neutrino.nfvo.catalogue.mano.record.VirtualNetworkFunctionRecord.parent_ns.vnfr)
                - CollectionAttributeFetchImpl(collection=org.project.neutrino.nfvo.catalogue.mano.record.VirtualNetworkFunctionRecord.vdu, querySpaceUid=<gen:73>, path=org.project.neutrino.nfvo.catalogue.mano.record.VirtualNetworkFunctionRecord.parent_ns.vnfr.vdu)
                   - (collection element) CollectionFetchableElementEntityGraph(entity=org.project.neutrino.nfvo.catalogue.mano.descriptor.VirtualDeploymentUnit, querySpaceUid=<gen:74>, path=org.project.neutrino.nfvo.catalogue.mano.record.VirtualNetworkFunctionRecord.parent_ns.vnfr.vdu.<elements>)
                - CollectionAttributeFetchImpl(collection=org.project.neutrino.nfvo.catalogue.mano.record.VirtualNetworkFunctionRecord.virtual_link, querySpaceUid=<gen:75>, path=org.project.neutrino.nfvo.catalogue.mano.record.VirtualNetworkFunctionRecord.parent_ns.vnfr.virtual_link)
                   - (collection element) CollectionFetchableElementEntityGraph(entity=org.project.neutrino.nfvo.catalogue.mano.descriptor.InternalVirtualLink, querySpaceUid=<gen:76>, path=org.project.neutrino.nfvo.catalogue.mano.record.VirtualNetworkFunctionRecord.parent_ns.vnfr.virtual_link.<elements>)
          - CollectionAttributeFetchImpl(collection=org.project.neutrino.nfvo.catalogue.mano.record.VirtualNetworkFunctionRecord.vdu, querySpaceUid=<gen:77>, path=org.project.neutrino.nfvo.catalogue.mano.record.VirtualNetworkFunctionRecord.vdu)
             - (collection element) CollectionFetchableElementEntityGraph(entity=org.project.neutrino.nfvo.catalogue.mano.descriptor.VirtualDeploymentUnit, querySpaceUid=<gen:78>, path=org.project.neutrino.nfvo.catalogue.mano.record.VirtualNetworkFunctionRecord.vdu.<elements>)
                - CollectionAttributeFetchImpl(collection=org.project.neutrino.nfvo.catalogue.mano.descriptor.VirtualDeploymentUnit.monitoring_parameter, querySpaceUid=<gen:79>, path=org.project.neutrino.nfvo.catalogue.mano.record.VirtualNetworkFunctionRecord.vdu.<elements>.monitoring_parameter)
                - CollectionAttributeFetchImpl(collection=org.project.neutrino.nfvo.catalogue.mano.descriptor.VirtualDeploymentUnit.vm_image, querySpaceUid=<gen:80>, path=org.project.neutrino.nfvo.catalogue.mano.record.VirtualNetworkFunctionRecord.vdu.<elements>.vm_image)
          - CollectionAttributeFetchImpl(collection=org.project.neutrino.nfvo.catalogue.mano.record.VirtualNetworkFunctionRecord.virtual_link, querySpaceUid=<gen:81>, path=org.project.neutrino.nfvo.catalogue.mano.record.VirtualNetworkFunctionRecord.virtual_link)
             - (collection element) CollectionFetchableElementEntityGraph(entity=org.project.neutrino.nfvo.catalogue.mano.descriptor.InternalVirtualLink, querySpaceUid=<gen:82>, path=org.project.neutrino.nfvo.catalogue.mano.record.VirtualNetworkFunctionRecord.virtual_link.<elements>)
                - CollectionAttributeFetchImpl(collection=org.project.neutrino.nfvo.catalogue.mano.descriptor.InternalVirtualLink.connection_points_references, querySpaceUid=<gen:83>, path=org.project.neutrino.nfvo.catalogue.mano.record.VirtualNetworkFunctionRecord.virtual_link.<elements>.connection_points_references)
    - QuerySpaces
       - EntityQuerySpaceImpl(uid=<gen:0>, entity=org.project.neutrino.nfvo.catalogue.mano.record.VirtualNetworkFunctionRecord)
          - SQL table alias mapping - virtualnet0_
          - alias suffix - 0_
          - suffixed key columns - {id1_68_0_}
          - JOIN (JoinDefinedByMetadata(auto_scale_policy)) : <gen:0> -> <gen:1>
             - CollectionQuerySpaceImpl(uid=<gen:1>, collection=org.project.neutrino.nfvo.catalogue.mano.record.VirtualNetworkFunctionRecord.auto_scale_policy)
                - SQL table alias mapping - auto_scale1_
                - alias suffix - 1_
                - suffixed key columns - {virtual_1_68_1_}
                - entity-element alias suffix - 2_
                - 2_entity-element suffixed key columns - id1_3_2_
                - JOIN (JoinDefinedByMetadata(elements)) : <gen:1> -> <gen:2>
                   - EntityQuerySpaceImpl(uid=<gen:2>, entity=org.project.neutrino.nfvo.catalogue.mano.common.AutoScalePolicy)
                      - SQL table alias mapping - autoscalep2_
                      - alias suffix - 2_
                      - suffixed key columns - {id1_3_2_}
          - JOIN (JoinDefinedByMetadata(connected_external_virtual_link)) : <gen:0> -> <gen:3>
             - CollectionQuerySpaceImpl(uid=<gen:3>, collection=org.project.neutrino.nfvo.catalogue.mano.record.VirtualNetworkFunctionRecord.connected_external_virtual_link)
                - SQL table alias mapping - connected_3_
                - alias suffix - 3_
                - suffixed key columns - {virtual_1_68_3_}
                - entity-element alias suffix - 4_
                - 4_entity-element suffixed key columns - id1_54_4_
                - JOIN (JoinDefinedByMetadata(elements)) : <gen:3> -> <gen:4>
                   - EntityQuerySpaceImpl(uid=<gen:4>, entity=org.project.neutrino.nfvo.catalogue.mano.record.VirtualLinkRecord)
                      - SQL table alias mapping - virtuallin4_
                      - alias suffix - 4_
                      - suffixed key columns - {id1_54_4_}
                      - JOIN (JoinDefinedByMetadata(lifecycle_event_history)) : <gen:4> -> <gen:5>
                         - CollectionQuerySpaceImpl(uid=<gen:5>, collection=org.project.neutrino.nfvo.catalogue.mano.record.VirtualLinkRecord.lifecycle_event_history)
                            - SQL table alias mapping - lifecycle_5_
                            - alias suffix - 5_
                            - suffixed key columns - {virtual_1_54_5_}
                            - entity-element alias suffix - 6_
                            - 6_entity-element suffixed key columns - id1_10_6_
                            - JOIN (JoinDefinedByMetadata(elements)) : <gen:5> -> <gen:6>
                               - EntityQuerySpaceImpl(uid=<gen:6>, entity=org.project.neutrino.nfvo.catalogue.mano.common.LifecycleEvent)
                                  - SQL table alias mapping - lifecyclee6_
                                  - alias suffix - 6_
                                  - suffixed key columns - {id1_10_6_}
                      - JOIN (JoinDefinedByMetadata(vnffgr_reference)) : <gen:4> -> <gen:7>
                         - CollectionQuerySpaceImpl(uid=<gen:7>, collection=org.project.neutrino.nfvo.catalogue.mano.record.VirtualLinkRecord.vnffgr_reference)
                            - SQL table alias mapping - vnffgr_ref7_
                            - alias suffix - 7_
                            - suffixed key columns - {virtual_1_54_7_}
                            - entity-element alias suffix - 8_
                            - 8_entity-element suffixed key columns - id1_92_8_
                            - JOIN (JoinDefinedByMetadata(elements)) : <gen:7> -> <gen:8>
                               - EntityQuerySpaceImpl(uid=<gen:8>, entity=org.project.neutrino.nfvo.catalogue.mano.record.VNFForwardingGraphRecord)
                                  - SQL table alias mapping - vnfforward8_
                                  - alias suffix - 8_
                                  - suffixed key columns - {id1_92_8_}
          - JOIN (JoinDefinedByMetadata(connection_point)) : <gen:0> -> <gen:20>
             - CollectionQuerySpaceImpl(uid=<gen:20>, collection=org.project.neutrino.nfvo.catalogue.mano.record.VirtualNetworkFunctionRecord.connection_point)
                - SQL table alias mapping - connection9_
                - alias suffix - 9_
                - suffixed key columns - {virtual_1_68_9_}
                - entity-element alias suffix - 10_
                - 10_entity-element suffixed key columns - id1_4_10_
                - JOIN (JoinDefinedByMetadata(elements)) : <gen:20> -> <gen:21>
                   - EntityQuerySpaceImpl(uid=<gen:21>, entity=org.project.neutrino.nfvo.catalogue.mano.common.ConnectionPoint)
                      - SQL table alias mapping - connection10_
                      - alias suffix - 10_
                      - suffixed key columns - {id1_4_10_}
          - JOIN (JoinDefinedByMetadata(dependency)) : <gen:0> -> <gen:22>
             - CollectionQuerySpaceImpl(uid=<gen:22>, collection=org.project.neutrino.nfvo.catalogue.mano.record.VirtualNetworkFunctionRecord.dependency)
                - SQL table alias mapping - dependency11_
                - alias suffix - 11_
                - suffixed key columns - {virtual_1_68_11_}
                - entity-element alias suffix - 12_
                - 12_entity-element suffixed key columns - id1_86_12_
                - JOIN (JoinDefinedByMetadata(elements)) : <gen:22> -> <gen:23>
                   - EntityQuerySpaceImpl(uid=<gen:23>, entity=org.project.neutrino.nfvo.catalogue.mano.common.VNFDependency)
                      - SQL table alias mapping - vnfdepende12_
                      - alias suffix - 12_
                      - suffixed key columns - {id1_86_12_}
                      - JOIN (JoinDefinedByMetadata(source)) : <gen:23> -> <gen:24>
                         - EntityQuerySpaceImpl(uid=<gen:24>, entity=org.project.neutrino.nfvo.catalogue.mano.descriptor.VirtualNetworkFunctionDescriptor)
                            - SQL table alias mapping - virtualnet13_
                            - alias suffix - 13_
                            - suffixed key columns - {id1_27_13_}
                      - JOIN (JoinDefinedByMetadata(target)) : <gen:23> -> <gen:28>
                         - EntityQuerySpaceImpl(uid=<gen:28>, entity=org.project.neutrino.nfvo.catalogue.mano.descriptor.VirtualNetworkFunctionDescriptor)
                            - SQL table alias mapping - virtualnet14_
                            - alias suffix - 14_
                            - suffixed key columns - {id1_27_14_}
          - JOIN (JoinDefinedByMetadata(deployment_flavour)) : <gen:0> -> <gen:32>
             - EntityQuerySpaceImpl(uid=<gen:32>, entity=org.project.neutrino.nfvo.catalogue.mano.descriptor.VNFDDeploymentFlavour)
                - SQL table alias mapping - vnfddeploy15_
                - alias suffix - 15_
                - suffixed key columns - {id1_7_15_}
                - JOIN (JoinDefinedByMetadata(df_constraint)) : <gen:32> -> <gen:33>
                   - CollectionQuerySpaceImpl(uid=<gen:33>, collection=org.project.neutrino.nfvo.catalogue.mano.descriptor.VNFDDeploymentFlavour.df_constraint)
                      - SQL table alias mapping - df_constra16_
                      - alias suffix - 16_
                      - suffixed key columns - {vnfddepl1_7_16_}
          - JOIN (JoinDefinedByMetadata(lifecycle_event)) : <gen:0> -> <gen:34>
             - EntityQuerySpaceImpl(uid=<gen:34>, entity=org.project.neutrino.nfvo.catalogue.mano.common.LifecycleEvent)
                - SQL table alias mapping - lifecyclee17_
                - alias suffix - 17_
                - suffixed key columns - {id1_10_17_}
          - JOIN (JoinDefinedByMetadata(lifecycle_event_history)) : <gen:0> -> <gen:35>
             - CollectionQuerySpaceImpl(uid=<gen:35>, collection=org.project.neutrino.nfvo.catalogue.mano.record.VirtualNetworkFunctionRecord.lifecycle_event_history)
                - SQL table alias mapping - lifecycle_18_
                - alias suffix - 18_
                - suffixed key columns - {virtual_1_68_18_}
                - entity-element alias suffix - 19_
                - 19_entity-element suffixed key columns - id1_10_19_
                - JOIN (JoinDefinedByMetadata(elements)) : <gen:35> -> <gen:36>
                   - EntityQuerySpaceImpl(uid=<gen:36>, entity=org.project.neutrino.nfvo.catalogue.mano.common.LifecycleEvent)
                      - SQL table alias mapping - lifecyclee19_
                      - alias suffix - 19_
                      - suffixed key columns - {id1_10_19_}
          - JOIN (JoinDefinedByMetadata(parent_ns)) : <gen:0> -> <gen:37>
             - EntityQuerySpaceImpl(uid=<gen:37>, entity=org.project.neutrino.nfvo.catalogue.mano.record.NetworkServiceRecord)
                - SQL table alias mapping - networkser20_
                - alias suffix - 20_
                - suffixed key columns - {id1_18_20_}
                - JOIN (JoinDefinedByMetadata(auto_scale_policy)) : <gen:37> -> <gen:38>
                   - CollectionQuerySpaceImpl(uid=<gen:38>, collection=org.project.neutrino.nfvo.catalogue.mano.record.NetworkServiceRecord.auto_scale_policy)
                      - SQL table alias mapping - auto_scale21_
                      - alias suffix - 21_
                      - suffixed key columns - {network_1_18_21_}
                      - entity-element alias suffix - 22_
                      - 22_entity-element suffixed key columns - id1_3_22_
                      - JOIN (JoinDefinedByMetadata(elements)) : <gen:38> -> <gen:39>
                         - EntityQuerySpaceImpl(uid=<gen:39>, entity=org.project.neutrino.nfvo.catalogue.mano.common.AutoScalePolicy)
                            - SQL table alias mapping - autoscalep22_
                            - alias suffix - 22_
                            - suffixed key columns - {id1_3_22_}
                - JOIN (JoinDefinedByMetadata(connection_point)) : <gen:37> -> <gen:40>
                   - CollectionQuerySpaceImpl(uid=<gen:40>, collection=org.project.neutrino.nfvo.catalogue.mano.record.NetworkServiceRecord.connection_point)
                      - SQL table alias mapping - connection23_
                      - alias suffix - 23_
                      - suffixed key columns - {network_1_18_23_}
                      - entity-element alias suffix - 24_
                      - 24_entity-element suffixed key columns - id1_4_24_
                      - JOIN (JoinDefinedByMetadata(elements)) : <gen:40> -> <gen:41>
                         - EntityQuerySpaceImpl(uid=<gen:41>, entity=org.project.neutrino.nfvo.catalogue.mano.common.ConnectionPoint)
                            - SQL table alias mapping - connection24_
                            - alias suffix - 24_
                            - suffixed key columns - {id1_4_24_}
                - JOIN (JoinDefinedByMetadata(descriptor_reference)) : <gen:37> -> <gen:42>
                   - EntityQuerySpaceImpl(uid=<gen:42>, entity=org.project.neutrino.nfvo.catalogue.mano.common.NFVEntityDescriptor)
                      - SQL table alias mapping - nfventityd25_
                      - alias suffix - 25_
                      - suffixed key columns - {id1_27_25_}
                - JOIN (JoinDefinedByMetadata(lifecycle_event)) : <gen:37> -> <gen:51>
                   - EntityQuerySpaceImpl(uid=<gen:51>, entity=org.project.neutrino.nfvo.catalogue.mano.common.LifecycleEvent)
                      - SQL table alias mapping - lifecyclee26_
                      - alias suffix - 26_
                      - suffixed key columns - {id1_10_26_}
                - JOIN (JoinDefinedByMetadata(lifecycle_event_history)) : <gen:37> -> <gen:52>
                   - CollectionQuerySpaceImpl(uid=<gen:52>, collection=org.project.neutrino.nfvo.catalogue.mano.record.NetworkServiceRecord.lifecycle_event_history)
                      - SQL table alias mapping - lifecycle_27_
                      - alias suffix - 27_
                      - suffixed key columns - {network_1_18_27_}
                      - entity-element alias suffix - 28_
                      - 28_entity-element suffixed key columns - id1_10_28_
                      - JOIN (JoinDefinedByMetadata(elements)) : <gen:52> -> <gen:53>
                         - EntityQuerySpaceImpl(uid=<gen:53>, entity=org.project.neutrino.nfvo.catalogue.mano.common.LifecycleEvent)
                            - SQL table alias mapping - lifecyclee28_
                            - alias suffix - 28_
                            - suffixed key columns - {id1_10_28_}
                - JOIN (JoinDefinedByMetadata(pnfr)) : <gen:37> -> <gen:54>
                   - CollectionQuerySpaceImpl(uid=<gen:54>, collection=org.project.neutrino.nfvo.catalogue.mano.record.NetworkServiceRecord.pnfr)
                      - SQL table alias mapping - pnfr29_
                      - alias suffix - 29_
                      - suffixed key columns - {network_1_18_29_}
                      - entity-element alias suffix - 30_
                      - 30_entity-element suffixed key columns - id1_37_30_
                      - JOIN (JoinDefinedByMetadata(elements)) : <gen:54> -> <gen:55>
                         - EntityQuerySpaceImpl(uid=<gen:55>, entity=org.project.neutrino.nfvo.catalogue.mano.record.PhysicalNetworkFunctionRecord)
                            - SQL table alias mapping - physicalne30_
                            - alias suffix - 30_
                            - suffixed key columns - {id1_37_30_}
                - JOIN (JoinDefinedByMetadata(service_deployment_flavour)) : <gen:37> -> <gen:64>
                   - EntityQuerySpaceImpl(uid=<gen:64>, entity=org.project.neutrino.nfvo.catalogue.mano.common.ServiceDeploymentFlavour)
                      - SQL table alias mapping - servicedep31_
                      - alias suffix - 31_
                      - suffixed key columns - {id1_7_31_}
                - JOIN (JoinDefinedByMetadata(vlr)) : <gen:37> -> <gen:65>
                   - CollectionQuerySpaceImpl(uid=<gen:65>, collection=org.project.neutrino.nfvo.catalogue.mano.record.NetworkServiceRecord.vlr)
                      - SQL table alias mapping - vlr32_
                      - alias suffix - 32_
                      - suffixed key columns - {network_1_18_32_}
                      - entity-element alias suffix - 33_
                      - 33_entity-element suffixed key columns - id1_54_33_
                      - JOIN (JoinDefinedByMetadata(elements)) : <gen:65> -> <gen:66>
                         - EntityQuerySpaceImpl(uid=<gen:66>, entity=org.project.neutrino.nfvo.catalogue.mano.record.VirtualLinkRecord)
                            - SQL table alias mapping - virtuallin33_
                            - alias suffix - 33_
                            - suffixed key columns - {id1_54_33_}
                - JOIN (JoinDefinedByMetadata(vnf_dependency)) : <gen:37> -> <gen:67>
                   - CollectionQuerySpaceImpl(uid=<gen:67>, collection=org.project.neutrino.nfvo.catalogue.mano.record.NetworkServiceRecord.vnf_dependency)
                      - SQL table alias mapping - vnf_depend34_
                      - alias suffix - 34_
                      - suffixed key columns - {network_1_18_34_}
                      - entity-element alias suffix - 35_
                      - 35_entity-element suffixed key columns - id1_86_35_
                      - JOIN (JoinDefinedByMetadata(elements)) : <gen:67> -> <gen:68>
                         - EntityQuerySpaceImpl(uid=<gen:68>, entity=org.project.neutrino.nfvo.catalogue.mano.common.VNFDependency)
                            - SQL table alias mapping - vnfdepende35_
                            - alias suffix - 35_
                            - suffixed key columns - {id1_86_35_}
                - JOIN (JoinDefinedByMetadata(vnffgr)) : <gen:37> -> <gen:69>
                   - CollectionQuerySpaceImpl(uid=<gen:69>, collection=org.project.neutrino.nfvo.catalogue.mano.record.NetworkServiceRecord.vnffgr)
                      - SQL table alias mapping - vnffgr36_
                      - alias suffix - 36_
                      - suffixed key columns - {network_1_18_36_}
                      - entity-element alias suffix - 37_
                      - 37_entity-element suffixed key columns - id1_87_37_
                      - JOIN (JoinDefinedByMetadata(elements)) : <gen:69> -> <gen:70>
                         - EntityQuerySpaceImpl(uid=<gen:70>, entity=org.project.neutrino.nfvo.catalogue.mano.descriptor.VNFForwardingGraph)
                            - SQL table alias mapping - vnfforward37_
                            - alias suffix - 37_
                            - suffixed key columns - {id1_87_37_}
                - JOIN (JoinDefinedByMetadata(vnfr)) : <gen:37> -> <gen:72>
                   - EntityQuerySpaceImpl(uid=<gen:72>, entity=org.project.neutrino.nfvo.catalogue.mano.record.VirtualNetworkFunctionRecord)
                      - SQL table alias mapping - virtualnet38_
                      - alias suffix - 38_
                      - suffixed key columns - {id1_68_38_}
          - JOIN (JoinDefinedByMetadata(vdu)) : <gen:0> -> <gen:77>
             - CollectionQuerySpaceImpl(uid=<gen:77>, collection=org.project.neutrino.nfvo.catalogue.mano.record.VirtualNetworkFunctionRecord.vdu)
                - SQL table alias mapping - vdu39_
                - alias suffix - 39_
                - suffixed key columns - {virtual_1_68_39_}
                - entity-element alias suffix - 40_
                - 40_entity-element suffixed key columns - id1_47_40_
                - JOIN (JoinDefinedByMetadata(elements)) : <gen:77> -> <gen:78>
                   - EntityQuerySpaceImpl(uid=<gen:78>, entity=org.project.neutrino.nfvo.catalogue.mano.descriptor.VirtualDeploymentUnit)
                      - SQL table alias mapping - virtualdep40_
                      - alias suffix - 40_
                      - suffixed key columns - {id1_47_40_}
                      - JOIN (JoinDefinedByMetadata(monitoring_parameter)) : <gen:78> -> <gen:79>
                         - CollectionQuerySpaceImpl(uid=<gen:79>, collection=org.project.neutrino.nfvo.catalogue.mano.descriptor.VirtualDeploymentUnit.monitoring_parameter)
                            - SQL table alias mapping - monitoring41_
                            - alias suffix - 41_
                            - suffixed key columns - {virtual_1_47_41_}
                      - JOIN (JoinDefinedByMetadata(vm_image)) : <gen:78> -> <gen:80>
                         - CollectionQuerySpaceImpl(uid=<gen:80>, collection=org.project.neutrino.nfvo.catalogue.mano.descriptor.VirtualDeploymentUnit.vm_image)
                            - SQL table alias mapping - vm_image42_
                            - alias suffix - 42_
                            - suffixed key columns - {virtual_1_47_42_}
          - JOIN (JoinDefinedByMetadata(virtual_link)) : <gen:0> -> <gen:81>
             - CollectionQuerySpaceImpl(uid=<gen:81>, collection=org.project.neutrino.nfvo.catalogue.mano.record.VirtualNetworkFunctionRecord.virtual_link)
                - SQL table alias mapping - virtual_li43_
                - alias suffix - 43_
                - suffixed key columns - {virtual_1_68_43_}
                - entity-element alias suffix - 44_
                - 44_entity-element suffixed key columns - id1_0_44_
                - JOIN (JoinDefinedByMetadata(elements)) : <gen:81> -> <gen:82>
                   - EntityQuerySpaceImpl(uid=<gen:82>, entity=org.project.neutrino.nfvo.catalogue.mano.descriptor.InternalVirtualLink)
                      - SQL table alias mapping - internalvi44_
                      - alias suffix - 44_
                      - suffixed key columns - {id1_0_44_}
                      - JOIN (JoinDefinedByMetadata(connection_points_references)) : <gen:82> -> <gen:83>
                         - CollectionQuerySpaceImpl(uid=<gen:83>, collection=org.project.neutrino.nfvo.catalogue.mano.descriptor.InternalVirtualLink.connection_points_references)
                            - SQL table alias mapping - connection45_
                            - alias suffix - 45_
                            - suffixed key columns - {internal1_0_45_}

14:11:15.857 [Test worker] DEBUG o.h.loader.entity.plan.EntityLoader - Static select for entity org.project.neutrino.nfvo.catalogue.mano.record.VirtualNetworkFunctionRecord [NONE]: select virtualnet0_.id as id1_68_0_, virtualnet0_.audit_log as audit_lo2_68_0_, virtualnet0_.deployment_flavour_id as deployme9_68_0_, virtualnet0_.descriptor_reference as descript3_68_0_, virtualnet0_.lifecycle_event_id as lifecyc10_68_0_, virtualnet0_.localization as localiza4_68_0_, virtualnet0_.parent_ns_id as parent_11_68_0_, virtualnet0_.status as status5_68_0_, virtualnet0_.vendor as vendor6_68_0_, virtualnet0_.version as version7_68_0_, virtualnet0_.vnfm_id as vnfm_id8_68_0_, auto_scale1_.virtual_network_function_record_id as virtual_1_68_1_, autoscalep2_.id as auto_sca2_69_1_, autoscalep2_.id as id1_3_2_, autoscalep2_.version as version2_3_2_, connected_3_.virtual_network_function_record_id as virtual_1_68_3_, virtuallin4_.id as connecte2_70_3_, virtuallin4_.id as id1_54_4_, virtuallin4_.connectivity_type as connecti2_54_4_, virtuallin4_.descriptor_reference as descript3_54_4_, virtuallin4_.leaf_requirement as leaf_req4_54_4_, virtuallin4_.number_of_enpoints as number_o5_54_4_, virtuallin4_.parent_ns as parent_n6_54_4_, virtuallin4_.root_requirement as root_req7_54_4_, virtuallin4_.status as status8_54_4_, virtuallin4_.test_access as test_acc9_54_4_, virtuallin4_.vendor as vendor10_54_4_, virtuallin4_.version as version11_54_4_, virtuallin4_.vim_id as vim_id12_54_4_, lifecycle_5_.virtual_link_record_id as virtual_1_54_5_, lifecyclee6_.id as lifecycl2_58_5_, lifecyclee6_.id as id1_10_6_, lifecyclee6_.version as version2_10_6_, vnffgr_ref7_.virtual_link_record_id as virtual_1_54_7_, vnfforward8_.id as vnffgr_r2_61_7_, vnfforward8_.id as id1_92_8_, vnfforward8_.audit_log as audit_lo2_92_8_, vnfforward8_.descriptor_reference_id as descrip10_92_8_, vnfforward8_.network_forwarding_path_id as network11_92_8_, vnfforward8_.number_of_endpoints as number_o3_92_8_, vnfforward8_.number_of_pnfs as number_o4_92_8_, vnfforward8_.number_of_virtual_links as number_o5_92_8_, vnfforward8_.number_of_vnfs as number_o6_92_8_, vnfforward8_.parent_ns_id as parent_12_92_8_, vnfforward8_.status as status7_92_8_, vnfforward8_.vendor as vendor8_92_8_, vnfforward8_.version as version9_92_8_, connection9_.virtual_network_function_record_id as virtual_1_68_9_, connection10_.id as connecti2_71_9_, connection10_.id as id1_4_10_, connection10_.type as type2_4_10_, connection10_.version as version3_4_10_, connection10_.virtual_link_reference as virtual_1_82_10_, connection10_.clazz_ as clazz_10_, dependency11_.virtual_network_function_record_id as virtual_1_68_11_, vnfdepende12_.id as dependen2_72_11_, vnfdepende12_.id as id1_86_12_, vnfdepende12_.source_Id as source_I3_86_12_, vnfdepende12_.target_Id as target_I4_86_12_, vnfdepende12_.version as version2_86_12_, virtualnet13_.id as id1_27_13_, virtualnet13_.hb_version as hb_versi2_27_13_, virtualnet13_.vendor as vendor3_27_13_, virtualnet13_.version as version4_27_13_, virtualnet13_.descriptor_version as descript1_62_13_, virtualnet13_.manifest_file as manifest2_62_13_, virtualnet14_.id as id1_27_14_, virtualnet14_.hb_version as hb_versi2_27_14_, virtualnet14_.vendor as vendor3_27_14_, virtualnet14_.version as version4_27_14_, virtualnet14_.descriptor_version as descript1_62_14_, virtualnet14_.manifest_file as manifest2_62_14_, vnfddeploy15_.id as id1_7_15_, vnfddeploy15_.flavour_key as flavour_2_7_15_, vnfddeploy15_.version as version3_7_15_, df_constra16_.vnfddeployment_flavour_id as vnfddepl1_7_16_, df_constra16_.df_constraint as df_const2_85_16_, lifecyclee17_.id as id1_10_17_, lifecyclee17_.version as version2_10_17_, lifecycle_18_.virtual_network_function_record_id as virtual_1_68_18_, lifecyclee19_.id as lifecycl2_73_18_, lifecyclee19_.id as id1_10_19_, lifecyclee19_.version as version2_10_19_, networkser20_.id as id1_18_20_, networkser20_.audit_log as audit_lo2_18_20_, networkser20_.descriptor_reference_Id as descript9_18_20_, networkser20_.lifecycle_event_id as lifecyc10_18_20_, networkser20_.notification as notifica3_18_20_, networkser20_.resource_reservation as resource4_18_20_, networkser20_.runtime_policy_info as runtime_5_18_20_, networkser20_.service_deployment_flavour_id as service11_18_20_, networkser20_.status as status6_18_20_, networkser20_.vendor as vendor7_18_20_, networkser20_.version as version8_18_20_, networkser20_.vnfr_id as vnfr_id12_18_20_, auto_scale21_.network_service_record_id as network_1_18_21_, autoscalep22_.id as auto_sca2_19_21_, autoscalep22_.id as id1_3_22_, autoscalep22_.version as version2_3_22_, connection23_.network_service_record_id as network_1_18_23_, connection24_.id as connecti2_20_23_, connection24_.id as id1_4_24_, connection24_.type as type2_4_24_, connection24_.version as version3_4_24_, connection24_.virtual_link_reference as virtual_1_82_24_, connection24_.clazz_ as clazz_24_, nfventityd25_.id as id1_27_25_, nfventityd25_.hb_version as hb_versi2_27_25_, nfventityd25_.vendor as vendor3_27_25_, nfventityd25_.version as version4_27_25_, nfventityd25_.descriptor_version as descript1_62_25_, nfventityd25_.manifest_file as manifest2_62_25_, nfventityd25_.nsd_security_id as nsd_secu1_14_25_, nfventityd25_.clazz_ as clazz_25_, lifecyclee26_.id as id1_10_26_, lifecyclee26_.version as version2_10_26_, lifecycle_27_.network_service_record_id as network_1_18_27_, lifecyclee28_.id as lifecycl2_21_27_, lifecyclee28_.id as id1_10_28_, lifecyclee28_.version as version2_10_28_, pnfr29_.network_service_record_id as network_1_18_29_, physicalne30_.id as pnfr_id2_23_29_, physicalne30_.id as id1_37_30_, physicalne30_.description as descript2_37_30_, physicalne30_.descriptor_reference_id as descript6_37_30_, physicalne30_.oam_reference as oam_refe3_37_30_, physicalne30_.parent_ns_id as parent_n7_37_30_, physicalne30_.vendor as vendor4_37_30_, physicalne30_.version as version5_37_30_, servicedep31_.id as id1_7_31_, servicedep31_.flavour_key as flavour_2_7_31_, servicedep31_.version as version3_7_31_, vlr32_.network_service_record_id as network_1_18_32_, virtuallin33_.id as vlr_id2_24_32_, virtuallin33_.id as id1_54_33_, virtuallin33_.connectivity_type as connecti2_54_33_, virtuallin33_.descriptor_reference as descript3_54_33_, virtuallin33_.leaf_requirement as leaf_req4_54_33_, virtuallin33_.number_of_enpoints as number_o5_54_33_, virtuallin33_.parent_ns as parent_n6_54_33_, virtuallin33_.root_requirement as root_req7_54_33_, virtuallin33_.status as status8_54_33_, virtuallin33_.test_access as test_acc9_54_33_, virtuallin33_.vendor as vendor10_54_33_, virtuallin33_.version as version11_54_33_, virtuallin33_.vim_id as vim_id12_54_33_, vnf_depend34_.network_service_record_id as network_1_18_34_, vnfdepende35_.id as vnf_depe2_25_34_, vnfdepende35_.id as id1_86_35_, vnfdepende35_.source_Id as source_I3_86_35_, vnfdepende35_.target_Id as target_I4_86_35_, vnfdepende35_.version as version2_86_35_, vnffgr36_.network_service_record_id as network_1_18_36_, vnfforward37_.id as vnffgr_i2_26_36_, vnfforward37_.id as id1_87_37_, vnfforward37_.descriptor_version as descript2_87_37_, vnfforward37_.hb_version as hb_versi3_87_37_, vnfforward37_.number_of_endpoints as number_o4_87_37_, vnfforward37_.number_of_virtual_links as number_o5_87_37_, vnfforward37_.vendor as vendor6_87_37_, vnfforward37_.version as version7_87_37_, vnfforward37_.vnffgd_security_id as vnffgd_s8_87_37_, virtualnet38_.id as id1_68_38_, virtualnet38_.audit_log as audit_lo2_68_38_, virtualnet38_.deployment_flavour_id as deployme9_68_38_, virtualnet38_.descriptor_reference as descript3_68_38_, virtualnet38_.lifecycle_event_id as lifecyc10_68_38_, virtualnet38_.localization as localiza4_68_38_, virtualnet38_.parent_ns_id as parent_11_68_38_, virtualnet38_.status as status5_68_38_, virtualnet38_.vendor as vendor6_68_38_, virtualnet38_.version as version7_68_38_, virtualnet38_.vnfm_id as vnfm_id8_68_38_, vdu39_.virtual_network_function_record_id as virtual_1_68_39_, virtualdep40_.id as vdu_id2_77_39_, virtualdep40_.id as id1_47_40_, virtualdep40_.computation_requirement as computat2_47_40_, virtualdep40_.high_availability as high_ava3_47_40_, virtualdep40_.scale_in_out as scale_in4_47_40_, virtualdep40_.vdu_constraint as vdu_cons5_47_40_, virtualdep40_.version as version6_47_40_, virtualdep40_.virtual_memory_resource_element as virtual_7_47_40_, virtualdep40_.virtual_network_bandwidth_resource as virtual_8_47_40_, monitoring41_.virtual_deployment_unit_id as virtual_1_47_41_, monitoring41_.monitoring_parameter as monitori2_49_41_, vm_image42_.virtual_deployment_unit_id as virtual_1_47_42_, vm_image42_.vm_image as vm_image2_50_42_, virtual_li43_.virtual_network_function_record_id as virtual_1_68_43_, internalvi44_.id as virtual_2_78_43_, internalvi44_.id as id1_0_44_, internalvi44_.connectivity_type as connecti2_0_44_, internalvi44_.leaf_requirement as leaf_req3_0_44_, internalvi44_.root_requirement as root_req4_0_44_, internalvi44_.version as version5_0_44_, connection45_.internal_virtual_link_id as internal1_0_45_, connection45_.connection_points_references as connecti2_9_45_ from virtual_network_function_record virtualnet0_ left outer join virtual_network_function_record_auto_scale_policy auto_scale1_ on virtualnet0_.id=auto_scale1_.virtual_network_function_record_id left outer join auto_scale_policy autoscalep2_ on auto_scale1_.auto_scale_policy_id=autoscalep2_.id left outer join virtual_network_function_record_connected_external_virtual_link connected_3_ on virtualnet0_.id=connected_3_.virtual_network_function_record_id left outer join virtual_link_record virtuallin4_ on connected_3_.connected_external_virtual_link_id=virtuallin4_.id left outer join virtual_link_record_lifecycle_event_history lifecycle_5_ on virtuallin4_.id=lifecycle_5_.virtual_link_record_id left outer join lifecycle_event lifecyclee6_ on lifecycle_5_.lifecycle_event_history_id=lifecyclee6_.id left outer join virtual_link_record_vnffgr_reference vnffgr_ref7_ on virtuallin4_.id=vnffgr_ref7_.virtual_link_record_id left outer join vnfforwarding_graph_record vnfforward8_ on vnffgr_ref7_.vnffgr_reference_id=vnfforward8_.id left outer join virtual_network_function_record_connection_point connection9_ on virtualnet0_.id=connection9_.virtual_network_function_record_id left outer join ( select id, type, version, null as virtual_link_reference, 0 as clazz_ from connection_point union select id, type, version, virtual_link_reference, 1 as clazz_ from vnfdconnection_point ) connection10_ on connection9_.connection_point_id=connection10_.id left outer join virtual_network_function_record_dependency dependency11_ on virtualnet0_.id=dependency11_.virtual_network_function_record_id left outer join vnfdependency vnfdepende12_ on dependency11_.dependency_id=vnfdepende12_.id left outer join virtual_network_function_descriptor virtualnet13_ on vnfdepende12_.source_Id=virtualnet13_.id left outer join virtual_network_function_descriptor virtualnet14_ on vnfdepende12_.target_Id=virtualnet14_.id left outer join vnfddeployment_flavour vnfddeploy15_ on virtualnet0_.deployment_flavour_id=vnfddeploy15_.id left outer join vnfddeployment_flavour_df_constraint df_constra16_ on vnfddeploy15_.id=df_constra16_.vnfddeployment_flavour_id left outer join lifecycle_event lifecyclee17_ on virtualnet0_.lifecycle_event_id=lifecyclee17_.id left outer join virtual_network_function_record_lifecycle_event_history lifecycle_18_ on virtualnet0_.id=lifecycle_18_.virtual_network_function_record_id left outer join lifecycle_event lifecyclee19_ on lifecycle_18_.lifecycle_event_history_id=lifecyclee19_.id left outer join network_service_record networkser20_ on virtualnet0_.parent_ns_id=networkser20_.id left outer join network_service_record_auto_scale_policy auto_scale21_ on networkser20_.id=auto_scale21_.network_service_record_id left outer join auto_scale_policy autoscalep22_ on auto_scale21_.auto_scale_policy_id=autoscalep22_.id left outer join network_service_record_connection_point connection23_ on networkser20_.id=connection23_.network_service_record_id left outer join ( select id, type, version, null as virtual_link_reference, 0 as clazz_ from connection_point union select id, type, version, virtual_link_reference, 1 as clazz_ from vnfdconnection_point ) connection24_ on connection23_.connection_point_id=connection24_.id left outer join ( select id, hb_version, vendor, version, descriptor_version, manifest_file, null as nsd_security_id, 1 as clazz_ from virtual_network_function_descriptor union select id, hb_version, vendor, version, null as descriptor_version, null as manifest_file, nsd_security_id, 2 as clazz_ from network_service_descriptor ) nfventityd25_ on networkser20_.descriptor_reference_Id=nfventityd25_.id left outer join lifecycle_event lifecyclee26_ on networkser20_.lifecycle_event_id=lifecyclee26_.id left outer join network_service_record_lifecycle_event_history lifecycle_27_ on networkser20_.id=lifecycle_27_.network_service_record_id left outer join lifecycle_event lifecyclee28_ on lifecycle_27_.lifecycle_event_history_id=lifecyclee28_.id left outer join network_service_record_pnfr pnfr29_ on networkser20_.id=pnfr29_.network_service_record_id left outer join physical_network_function_record physicalne30_ on pnfr29_.pnfr_id=physicalne30_.id left outer join service_deployment_flavour servicedep31_ on networkser20_.service_deployment_flavour_id=servicedep31_.id left outer join network_service_record_vlr vlr32_ on networkser20_.id=vlr32_.network_service_record_id left outer join virtual_link_record virtuallin33_ on vlr32_.vlr_id=virtuallin33_.id left outer join network_service_record_vnf_dependency vnf_depend34_ on networkser20_.id=vnf_depend34_.network_service_record_id left outer join vnfdependency vnfdepende35_ on vnf_depend34_.vnf_dependency_id=vnfdepende35_.id left outer join network_service_record_vnffgr vnffgr36_ on networkser20_.id=vnffgr36_.network_service_record_id left outer join vnfforwarding_graph vnfforward37_ on vnffgr36_.vnffgr_id=vnfforward37_.id left outer join virtual_network_function_record virtualnet38_ on networkser20_.vnfr_id=virtualnet38_.id left outer join virtual_network_function_record_vdu vdu39_ on virtualnet0_.id=vdu39_.virtual_network_function_record_id left outer join virtual_deployment_unit virtualdep40_ on vdu39_.vdu_id=virtualdep40_.id left outer join virtual_deployment_unit_monitoring_parameter monitoring41_ on virtualdep40_.id=monitoring41_.virtual_deployment_unit_id left outer join virtual_deployment_unit_vm_image vm_image42_ on virtualdep40_.id=vm_image42_.virtual_deployment_unit_id left outer join virtual_network_function_record_virtual_link virtual_li43_ on virtualnet0_.id=virtual_li43_.virtual_network_function_record_id left outer join internal_virtual_link internalvi44_ on virtual_li43_.virtual_link_id=internalvi44_.id left outer join internal_virtual_link_connection_points_references connection45_ on internalvi44_.id=connection45_.internal_virtual_link_id where virtualnet0_.id=?
14:11:15.857 [Test worker] DEBUG o.h.l.p.b.i.spaces.QuerySpacesImpl - Adding QuerySpace : uid = <gen:0> -> org.hibernate.loader.plan.build.internal.spaces.EntityQuerySpaceImpl@746ab4a7]
14:11:15.857 [Test worker] DEBUG o.h.p.w.spi.MetamodelGraphWalker - Visiting attribute path : audit_log
14:11:15.857 [Test worker] DEBUG o.h.p.w.spi.MetamodelGraphWalker - Visiting attribute path : auto_scale_policy
14:11:15.857 [Test worker] DEBUG o.h.l.p.b.i.spaces.QuerySpacesImpl - Adding QuerySpace : uid = <gen:1> -> org.hibernate.loader.plan.build.internal.spaces.CollectionQuerySpaceImpl@484c15cd]
14:11:15.860 [Test worker] DEBUG o.h.l.p.b.i.spaces.QuerySpacesImpl - Adding QuerySpace : uid = <gen:2> -> org.hibernate.loader.plan.build.internal.spaces.EntityQuerySpaceImpl@7b2b6acf]
14:11:15.860 [Test worker] DEBUG o.h.p.w.spi.MetamodelGraphWalker - Visiting attribute path : auto_scale_policy.version
14:11:15.860 [Test worker] DEBUG o.h.p.w.spi.MetamodelGraphWalker - Visiting attribute path : connected_external_virtual_link
14:11:15.860 [Test worker] DEBUG o.h.l.p.b.i.spaces.QuerySpacesImpl - Adding QuerySpace : uid = <gen:3> -> org.hibernate.loader.plan.build.internal.spaces.CollectionQuerySpaceImpl@6a9aebf8]
14:11:15.860 [Test worker] DEBUG o.h.l.p.b.i.spaces.QuerySpacesImpl - Adding QuerySpace : uid = <gen:4> -> org.hibernate.loader.plan.build.internal.spaces.EntityQuerySpaceImpl@60fa1d75]
14:11:15.860 [Test worker] DEBUG o.h.p.w.spi.MetamodelGraphWalker - Visiting attribute path : connected_external_virtual_link.allocated_capacity
14:11:15.860 [Test worker] DEBUG o.h.p.w.spi.MetamodelGraphWalker - Visiting attribute path : connected_external_virtual_link.audit_log
14:11:15.860 [Test worker] DEBUG o.h.p.w.spi.MetamodelGraphWalker - Visiting attribute path : connected_external_virtual_link.connection
14:11:15.860 [Test worker] DEBUG o.h.p.w.spi.MetamodelGraphWalker - Visiting attribute path : connected_external_virtual_link.connectivity_type
14:11:15.860 [Test worker] DEBUG o.h.p.w.spi.MetamodelGraphWalker - Visiting attribute path : connected_external_virtual_link.descriptor_reference
14:11:15.860 [Test worker] DEBUG o.h.p.w.spi.MetamodelGraphWalker - Visiting attribute path : connected_external_virtual_link.leaf_requirement
14:11:15.860 [Test worker] DEBUG o.h.p.w.spi.MetamodelGraphWalker - Visiting attribute path : connected_external_virtual_link.lifecycle_event_history
14:11:15.860 [Test worker] DEBUG o.h.l.p.b.i.spaces.QuerySpacesImpl - Adding QuerySpace : uid = <gen:5> -> org.hibernate.loader.plan.build.internal.spaces.CollectionQuerySpaceImpl@77b752cf]
14:11:15.860 [Test worker] DEBUG o.h.l.p.b.i.spaces.QuerySpacesImpl - Adding QuerySpace : uid = <gen:6> -> org.hibernate.loader.plan.build.internal.spaces.EntityQuerySpaceImpl@249dd170]
14:11:15.860 [Test worker] DEBUG o.h.p.w.spi.MetamodelGraphWalker - Visiting attribute path : connected_external_virtual_link.lifecycle_event_history.lifecycle_events
14:11:15.861 [Test worker] DEBUG o.h.p.w.spi.MetamodelGraphWalker - Visiting attribute path : connected_external_virtual_link.lifecycle_event_history.version
14:11:15.861 [Test worker] DEBUG o.h.p.w.spi.MetamodelGraphWalker - Visiting attribute path : connected_external_virtual_link.notification
14:11:15.861 [Test worker] DEBUG o.h.p.w.spi.MetamodelGraphWalker - Visiting attribute path : connected_external_virtual_link.number_of_enpoints
14:11:15.861 [Test worker] DEBUG o.h.p.w.spi.MetamodelGraphWalker - Visiting attribute path : connected_external_virtual_link.parent_ns
14:11:15.861 [Test worker] DEBUG o.h.p.w.spi.MetamodelGraphWalker - Visiting attribute path : connected_external_virtual_link.qos
14:11:15.861 [Test worker] DEBUG o.h.p.w.spi.MetamodelGraphWalker - Visiting attribute path : connected_external_virtual_link.root_requirement
14:11:15.861 [Test worker] DEBUG o.h.p.w.spi.MetamodelGraphWalker - Visiting attribute path : connected_external_virtual_link.status
14:11:15.861 [Test worker] DEBUG o.h.p.w.spi.MetamodelGraphWalker - Visiting attribute path : connected_external_virtual_link.test_access
14:11:15.861 [Test worker] DEBUG o.h.p.w.spi.MetamodelGraphWalker - Visiting attribute path : connected_external_virtual_link.vendor
14:11:15.861 [Test worker] DEBUG o.h.p.w.spi.MetamodelGraphWalker - Visiting attribute path : connected_external_virtual_link.version
14:11:15.861 [Test worker] DEBUG o.h.p.w.spi.MetamodelGraphWalker - Visiting attribute path : connected_external_virtual_link.vim_id
14:11:15.861 [Test worker] DEBUG o.h.p.w.spi.MetamodelGraphWalker - Visiting attribute path : connected_external_virtual_link.vnffgr_reference
14:11:15.861 [Test worker] DEBUG o.h.l.p.b.i.spaces.QuerySpacesImpl - Adding QuerySpace : uid = <gen:7> -> org.hibernate.loader.plan.build.internal.spaces.CollectionQuerySpaceImpl@6538b017]
14:11:15.861 [Test worker] DEBUG o.h.l.p.b.i.spaces.QuerySpacesImpl - Adding QuerySpace : uid = <gen:8> -> org.hibernate.loader.plan.build.internal.spaces.EntityQuerySpaceImpl@6cb0e9eb]
14:11:15.861 [Test worker] DEBUG o.h.p.w.spi.MetamodelGraphWalker - Visiting attribute path : connected_external_virtual_link.vnffgr_reference.audit_log
14:11:15.861 [Test worker] DEBUG o.h.p.w.spi.MetamodelGraphWalker - Visiting attribute path : connected_external_virtual_link.vnffgr_reference.connection_point
14:11:15.861 [Test worker] DEBUG o.h.l.p.b.i.spaces.QuerySpacesImpl - Adding QuerySpace : uid = <gen:9> -> org.hibernate.loader.plan.build.internal.spaces.CollectionQuerySpaceImpl@283dd358]
14:11:15.861 [Test worker] DEBUG o.h.l.p.b.i.spaces.QuerySpacesImpl - Adding QuerySpace : uid = <gen:10> -> org.hibernate.loader.plan.build.internal.spaces.EntityQuerySpaceImpl@72fe4b0b]
14:11:15.861 [Test worker] DEBUG o.h.p.w.spi.MetamodelGraphWalker - Visiting attribute path : connected_external_virtual_link.vnffgr_reference.dependent_virtual_link
14:11:15.861 [Test worker] DEBUG o.h.l.p.b.i.spaces.QuerySpacesImpl - Adding QuerySpace : uid = <gen:11> -> org.hibernate.loader.plan.build.internal.spaces.CollectionQuerySpaceImpl@14f0fa28]
14:11:15.862 [Test worker] DEBUG o.h.l.p.b.i.spaces.QuerySpacesImpl - Adding QuerySpace : uid = <gen:12> -> org.hibernate.loader.plan.build.internal.spaces.EntityQuerySpaceImpl@58b762d5]
14:11:15.862 [Test worker] DEBUG o.h.p.w.spi.MetamodelGraphWalker - Visiting attribute path : connected_external_virtual_link.vnffgr_reference.descriptor_reference
14:11:15.862 [Test worker] DEBUG o.h.l.p.b.i.spaces.QuerySpacesImpl - Adding QuerySpace : uid = <gen:13> -> org.hibernate.loader.plan.build.internal.spaces.EntityQuerySpaceImpl@6fb9bb73]
14:11:15.862 [Test worker] DEBUG o.h.p.w.spi.MetamodelGraphWalker - Visiting attribute path : connected_external_virtual_link.vnffgr_reference.lifecycle_event_history
14:11:15.862 [Test worker] DEBUG o.h.l.p.b.i.spaces.QuerySpacesImpl - Adding QuerySpace : uid = <gen:14> -> org.hibernate.loader.plan.build.internal.spaces.CollectionQuerySpaceImpl@ac1b453]
14:11:15.862 [Test worker] DEBUG o.h.l.p.b.i.spaces.QuerySpacesImpl - Adding QuerySpace : uid = <gen:15> -> org.hibernate.loader.plan.build.internal.spaces.EntityQuerySpaceImpl@3325baa9]
14:11:15.862 [Test worker] DEBUG o.h.p.w.spi.MetamodelGraphWalker - Visiting attribute path : connected_external_virtual_link.vnffgr_reference.member_vnfs
14:11:15.862 [Test worker] DEBUG o.h.l.p.b.i.spaces.QuerySpacesImpl - Adding QuerySpace : uid = <gen:16> -> org.hibernate.loader.plan.build.internal.spaces.CollectionQuerySpaceImpl@7201c77a]
14:11:15.862 [Test worker] DEBUG o.h.l.p.b.i.spaces.QuerySpacesImpl - Adding QuerySpace : uid = <gen:17> -> org.hibernate.loader.plan.build.internal.spaces.EntityQuerySpaceImpl@52cf550f]
14:11:15.862 [Test worker] DEBUG o.h.p.w.spi.MetamodelGraphWalker - Visiting attribute path : connected_external_virtual_link.vnffgr_reference.network_forwarding_path
14:11:15.862 [Test worker] DEBUG o.h.l.p.b.i.spaces.QuerySpacesImpl - Adding QuerySpace : uid = <gen:18> -> org.hibernate.loader.plan.build.internal.spaces.EntityQuerySpaceImpl@29d97642]
14:11:15.862 [Test worker] DEBUG o.h.p.w.spi.MetamodelGraphWalker - Visiting attribute path : connected_external_virtual_link.vnffgr_reference.notification
14:11:15.862 [Test worker] DEBUG o.h.p.w.spi.MetamodelGraphWalker - Visiting attribute path : connected_external_virtual_link.vnffgr_reference.number_of_endpoints
14:11:15.862 [Test worker] DEBUG o.h.p.w.spi.MetamodelGraphWalker - Visiting attribute path : connected_external_virtual_link.vnffgr_reference.number_of_pnfs
14:11:15.862 [Test worker] DEBUG o.h.p.w.spi.MetamodelGraphWalker - Visiting attribute path : connected_external_virtual_link.vnffgr_reference.number_of_virtual_links
14:11:15.862 [Test worker] DEBUG o.h.p.w.spi.MetamodelGraphWalker - Visiting attribute path : connected_external_virtual_link.vnffgr_reference.number_of_vnfs
14:11:15.863 [Test worker] DEBUG o.h.p.w.spi.MetamodelGraphWalker - Visiting attribute path : connected_external_virtual_link.vnffgr_reference.parent_ns
14:11:15.863 [Test worker] DEBUG o.h.l.p.b.i.spaces.QuerySpacesImpl - Adding QuerySpace : uid = <gen:19> -> org.hibernate.loader.plan.build.internal.spaces.EntityQuerySpaceImpl@3e2fc85]
14:11:15.863 [Test worker] DEBUG o.h.p.w.spi.MetamodelGraphWalker - Visiting attribute path : connected_external_virtual_link.vnffgr_reference.status
14:11:15.863 [Test worker] DEBUG o.h.p.w.spi.MetamodelGraphWalker - Visiting attribute path : connected_external_virtual_link.vnffgr_reference.vendor
14:11:15.863 [Test worker] DEBUG o.h.p.w.spi.MetamodelGraphWalker - Visiting attribute path : connected_external_virtual_link.vnffgr_reference.version
14:11:15.863 [Test worker] DEBUG o.h.p.w.spi.MetamodelGraphWalker - Visiting attribute path : connection_point
14:11:15.863 [Test worker] DEBUG o.h.l.p.b.i.spaces.QuerySpacesImpl - Adding QuerySpace : uid = <gen:20> -> org.hibernate.loader.plan.build.internal.spaces.CollectionQuerySpaceImpl@2b3081c1]
14:11:15.863 [Test worker] DEBUG o.h.l.p.b.i.spaces.QuerySpacesImpl - Adding QuerySpace : uid = <gen:21> -> org.hibernate.loader.plan.build.internal.spaces.EntityQuerySpaceImpl@7d96bc0d]
14:11:15.863 [Test worker] DEBUG o.h.p.w.spi.MetamodelGraphWalker - Visiting attribute path : connection_point.type
14:11:15.863 [Test worker] DEBUG o.h.p.w.spi.MetamodelGraphWalker - Visiting attribute path : connection_point.version
14:11:15.863 [Test worker] DEBUG o.h.p.w.spi.MetamodelGraphWalker - Visiting attribute path : connection_point.virtual_link_reference
14:11:15.863 [Test worker] DEBUG o.h.p.w.spi.MetamodelGraphWalker - Visiting attribute path : dependency
14:11:15.863 [Test worker] DEBUG o.h.l.p.b.i.spaces.QuerySpacesImpl - Adding QuerySpace : uid = <gen:22> -> org.hibernate.loader.plan.build.internal.spaces.CollectionQuerySpaceImpl@674e6727]
14:11:15.863 [Test worker] DEBUG o.h.l.p.b.i.spaces.QuerySpacesImpl - Adding QuerySpace : uid = <gen:23> -> org.hibernate.loader.plan.build.internal.spaces.EntityQuerySpaceImpl@4c56666d]
14:11:15.863 [Test worker] DEBUG o.h.p.w.spi.MetamodelGraphWalker - Visiting attribute path : dependency.source
14:11:15.863 [Test worker] DEBUG o.h.l.p.b.i.spaces.QuerySpacesImpl - Adding QuerySpace : uid = <gen:24> -> org.hibernate.loader.plan.build.internal.spaces.EntityQuerySpaceImpl@13a765d3]
14:11:15.863 [Test worker] DEBUG o.h.p.w.spi.MetamodelGraphWalker - Visiting attribute path : dependency.source.auto_scale_policy
14:11:15.863 [Test worker] DEBUG o.h.p.w.spi.MetamodelGraphWalker - Visiting attribute path : dependency.source.connection_point
14:11:15.864 [Test worker] DEBUG o.h.p.w.spi.MetamodelGraphWalker - Visiting attribute path : dependency.source.hb_version
14:11:15.864 [Test worker] DEBUG o.h.p.w.spi.MetamodelGraphWalker - Visiting attribute path : dependency.source.lifecycle_event
14:11:15.864 [Test worker] DEBUG o.h.p.w.spi.MetamodelGraphWalker - Visiting attribute path : dependency.source.monitoring_parameter
14:11:15.864 [Test worker] DEBUG o.h.l.p.b.i.spaces.QuerySpacesImpl - Adding QuerySpace : uid = <gen:25> -> org.hibernate.loader.plan.build.internal.spaces.CollectionQuerySpaceImpl@3ea07b48]
14:11:15.864 [Test worker] DEBUG o.h.p.w.spi.MetamodelGraphWalker - Visiting attribute path : dependency.source.service_deployment_flavour
14:11:15.864 [Test worker] DEBUG o.h.p.w.spi.MetamodelGraphWalker - Visiting attribute path : dependency.source.vendor
14:11:15.864 [Test worker] DEBUG o.h.p.w.spi.MetamodelGraphWalker - Visiting attribute path : dependency.source.version
14:11:15.864 [Test worker] DEBUG o.h.p.w.spi.MetamodelGraphWalker - Visiting attribute path : dependency.source.vld
14:11:15.864 [Test worker] DEBUG o.h.p.w.spi.MetamodelGraphWalker - Visiting attribute path : dependency.source.vnffgd
14:11:15.864 [Test worker] DEBUG o.h.p.w.spi.MetamodelGraphWalker - Visiting attribute path : dependency.source.deployment_flavour
14:11:15.864 [Test worker] DEBUG o.h.l.p.b.i.spaces.QuerySpacesImpl - Adding QuerySpace : uid = <gen:26> -> org.hibernate.loader.plan.build.internal.spaces.CollectionQuerySpaceImpl@19fdd417]
14:11:15.864 [Test worker] DEBUG o.h.l.p.b.i.spaces.QuerySpacesImpl - Adding QuerySpace : uid = <gen:27> -> org.hibernate.loader.plan.build.internal.spaces.EntityQuerySpaceImpl@676f3f55]
14:11:15.864 [Test worker] DEBUG o.h.p.w.spi.MetamodelGraphWalker - Visiting attribute path : dependency.source.descriptor_version
14:11:15.864 [Test worker] DEBUG o.h.p.w.spi.MetamodelGraphWalker - Visiting attribute path : dependency.source.manifest_file
14:11:15.864 [Test worker] DEBUG o.h.p.w.spi.MetamodelGraphWalker - Visiting attribute path : dependency.source.manifest_file_security
14:11:15.864 [Test worker] DEBUG o.h.p.w.spi.MetamodelGraphWalker - Visiting attribute path : dependency.source.vdu
14:11:15.864 [Test worker] DEBUG o.h.p.w.spi.MetamodelGraphWalker - Visiting attribute path : dependency.source.vdu_dependency
14:11:15.864 [Test worker] DEBUG o.h.p.w.spi.MetamodelGraphWalker - Visiting attribute path : dependency.source.virtual_link
14:11:15.864 [Test worker] DEBUG o.h.p.w.spi.MetamodelGraphWalker - Visiting attribute path : dependency.target
14:11:15.864 [Test worker] DEBUG o.h.l.p.b.i.spaces.QuerySpacesImpl - Adding QuerySpace : uid = <gen:28> -> org.hibernate.loader.plan.build.internal.spaces.EntityQuerySpaceImpl@38a71a80]
14:11:15.864 [Test worker] DEBUG o.h.p.w.spi.MetamodelGraphWalker - Visiting attribute path : dependency.target.auto_scale_policy
14:11:15.864 [Test worker] DEBUG o.h.p.w.spi.MetamodelGraphWalker - Visiting attribute path : dependency.target.connection_point
14:11:15.864 [Test worker] DEBUG o.h.p.w.spi.MetamodelGraphWalker - Visiting attribute path : dependency.target.hb_version
14:11:15.864 [Test worker] DEBUG o.h.p.w.spi.MetamodelGraphWalker - Visiting attribute path : dependency.target.lifecycle_event
14:11:15.864 [Test worker] DEBUG o.h.p.w.spi.MetamodelGraphWalker - Visiting attribute path : dependency.target.monitoring_parameter
14:11:15.864 [Test worker] DEBUG o.h.l.p.b.i.spaces.QuerySpacesImpl - Adding QuerySpace : uid = <gen:29> -> org.hibernate.loader.plan.build.internal.spaces.CollectionQuerySpaceImpl@5fc4a746]
14:11:15.865 [Test worker] DEBUG o.h.p.w.spi.MetamodelGraphWalker - Visiting attribute path : dependency.target.service_deployment_flavour
14:11:15.865 [Test worker] DEBUG o.h.p.w.spi.MetamodelGraphWalker - Visiting attribute path : dependency.target.vendor
14:11:15.865 [Test worker] DEBUG o.h.p.w.spi.MetamodelGraphWalker - Visiting attribute path : dependency.target.version
14:11:15.865 [Test worker] DEBUG o.h.p.w.spi.MetamodelGraphWalker - Visiting attribute path : dependency.target.vld
14:11:15.865 [Test worker] DEBUG o.h.p.w.spi.MetamodelGraphWalker - Visiting attribute path : dependency.target.vnffgd
14:11:15.865 [Test worker] DEBUG o.h.p.w.spi.MetamodelGraphWalker - Visiting attribute path : dependency.target.deployment_flavour
14:11:15.865 [Test worker] DEBUG o.h.l.p.b.i.spaces.QuerySpacesImpl - Adding QuerySpace : uid = <gen:30> -> org.hibernate.loader.plan.build.internal.spaces.CollectionQuerySpaceImpl@67c215c8]
14:11:15.865 [Test worker] DEBUG o.h.l.p.b.i.spaces.QuerySpacesImpl - Adding QuerySpace : uid = <gen:31> -> org.hibernate.loader.plan.build.internal.spaces.EntityQuerySpaceImpl@772432af]
14:11:15.865 [Test worker] DEBUG o.h.p.w.spi.MetamodelGraphWalker - Visiting attribute path : dependency.target.descriptor_version
14:11:15.865 [Test worker] DEBUG o.h.p.w.spi.MetamodelGraphWalker - Visiting attribute path : dependency.target.manifest_file
14:11:15.865 [Test worker] DEBUG o.h.p.w.spi.MetamodelGraphWalker - Visiting attribute path : dependency.target.manifest_file_security
14:11:15.865 [Test worker] DEBUG o.h.p.w.spi.MetamodelGraphWalker - Visiting attribute path : dependency.target.vdu
14:11:15.865 [Test worker] DEBUG o.h.p.w.spi.MetamodelGraphWalker - Visiting attribute path : dependency.target.vdu_dependency
14:11:15.865 [Test worker] DEBUG o.h.p.w.spi.MetamodelGraphWalker - Visiting attribute path : dependency.target.virtual_link
14:11:15.865 [Test worker] DEBUG o.h.p.w.spi.MetamodelGraphWalker - Visiting attribute path : dependency.version
14:11:15.865 [Test worker] DEBUG o.h.p.w.spi.MetamodelGraphWalker - Visiting attribute path : deployment_flavour
14:11:15.865 [Test worker] DEBUG o.h.l.p.b.i.spaces.QuerySpacesImpl - Adding QuerySpace : uid = <gen:32> -> org.hibernate.loader.plan.build.internal.spaces.EntityQuerySpaceImpl@697bbc44]
14:11:15.865 [Test worker] DEBUG o.h.p.w.spi.MetamodelGraphWalker - Visiting attribute path : deployment_flavour.flavour_key
14:11:15.865 [Test worker] DEBUG o.h.p.w.spi.MetamodelGraphWalker - Visiting attribute path : deployment_flavour.version
14:11:15.865 [Test worker] DEBUG o.h.p.w.spi.MetamodelGraphWalker - Visiting attribute path : deployment_flavour.costituent_vdu
14:11:15.865 [Test worker] DEBUG o.h.p.w.spi.MetamodelGraphWalker - Visiting attribute path : deployment_flavour.df_constraint
14:11:15.865 [Test worker] DEBUG o.h.l.p.b.i.spaces.QuerySpacesImpl - Adding QuerySpace : uid = <gen:33> -> org.hibernate.loader.plan.build.internal.spaces.CollectionQuerySpaceImpl@4dba6fe]
14:11:15.865 [Test worker] DEBUG o.h.p.w.spi.MetamodelGraphWalker - Visiting attribute path : descriptor_reference
14:11:15.865 [Test worker] DEBUG o.h.p.w.spi.MetamodelGraphWalker - Visiting attribute path : lifecycle_event
14:11:15.866 [Test worker] DEBUG o.h.l.p.b.i.spaces.QuerySpacesImpl - Adding QuerySpace : uid = <gen:34> -> org.hibernate.loader.plan.build.internal.spaces.EntityQuerySpaceImpl@4f955775]
14:11:15.866 [Test worker] DEBUG o.h.p.w.spi.MetamodelGraphWalker - Visiting attribute path : lifecycle_event.lifecycle_events
14:11:15.866 [Test worker] DEBUG o.h.p.w.spi.MetamodelGraphWalker - Visiting attribute path : lifecycle_event.version
14:11:15.866 [Test worker] DEBUG o.h.p.w.spi.MetamodelGraphWalker - Visiting attribute path : lifecycle_event_history
14:11:15.866 [Test worker] DEBUG o.h.l.p.b.i.spaces.QuerySpacesImpl - Adding QuerySpace : uid = <gen:35> -> org.hibernate.loader.plan.build.internal.spaces.CollectionQuerySpaceImpl@37adb467]
14:11:15.866 [Test worker] DEBUG o.h.l.p.b.i.spaces.QuerySpacesImpl - Adding QuerySpace : uid = <gen:36> -> org.hibernate.loader.plan.build.internal.spaces.EntityQuerySpaceImpl@6d1ef2bf]
14:11:15.866 [Test worker] DEBUG o.h.p.w.spi.MetamodelGraphWalker - Visiting attribute path : lifecycle_event_history.lifecycle_events
14:11:15.866 [Test worker] DEBUG o.h.p.w.spi.MetamodelGraphWalker - Visiting attribute path : lifecycle_event_history.version
14:11:15.866 [Test worker] DEBUG o.h.p.w.spi.MetamodelGraphWalker - Visiting attribute path : localization
14:11:15.866 [Test worker] DEBUG o.h.p.w.spi.MetamodelGraphWalker - Visiting attribute path : monitoring_parameter
14:11:15.866 [Test worker] DEBUG o.h.p.w.spi.MetamodelGraphWalker - Visiting attribute path : notification
14:11:15.866 [Test worker] DEBUG o.h.p.w.spi.MetamodelGraphWalker - Visiting attribute path : parent_ns
14:11:15.866 [Test worker] DEBUG o.h.l.p.b.i.spaces.QuerySpacesImpl - Adding QuerySpace : uid = <gen:37> -> org.hibernate.loader.plan.build.internal.spaces.EntityQuerySpaceImpl@4350e390]
14:11:15.866 [Test worker] DEBUG o.h.p.w.spi.MetamodelGraphWalker - Visiting attribute path : parent_ns.audit_log
14:11:15.866 [Test worker] DEBUG o.h.p.w.spi.MetamodelGraphWalker - Visiting attribute path : parent_ns.auto_scale_policy
14:11:15.866 [Test worker] DEBUG o.h.l.p.b.i.spaces.QuerySpacesImpl - Adding QuerySpace : uid = <gen:38> -> org.hibernate.loader.plan.build.internal.spaces.CollectionQuerySpaceImpl@75efa13d]
14:11:15.866 [Test worker] DEBUG o.h.l.p.b.i.spaces.QuerySpacesImpl - Adding QuerySpace : uid = <gen:39> -> org.hibernate.loader.plan.build.internal.spaces.EntityQuerySpaceImpl@4742e848]
14:11:15.866 [Test worker] DEBUG o.h.p.w.spi.MetamodelGraphWalker - Visiting attribute path : parent_ns.auto_scale_policy.version
14:11:15.866 [Test worker] DEBUG o.h.p.w.spi.MetamodelGraphWalker - Visiting attribute path : parent_ns.connection_point
14:11:15.866 [Test worker] DEBUG o.h.l.p.b.i.spaces.QuerySpacesImpl - Adding QuerySpace : uid = <gen:40> -> org.hibernate.loader.plan.build.internal.spaces.CollectionQuerySpaceImpl@1d17b521]
14:11:15.867 [Test worker] DEBUG o.h.l.p.b.i.spaces.QuerySpacesImpl - Adding QuerySpace : uid = <gen:41> -> org.hibernate.loader.plan.build.internal.spaces.EntityQuerySpaceImpl@7f749872]
14:11:15.867 [Test worker] DEBUG o.h.p.w.spi.MetamodelGraphWalker - Visiting attribute path : parent_ns.connection_point.type
14:11:15.867 [Test worker] DEBUG o.h.p.w.spi.MetamodelGraphWalker - Visiting attribute path : parent_ns.connection_point.version
14:11:15.867 [Test worker] DEBUG o.h.p.w.spi.MetamodelGraphWalker - Visiting attribute path : parent_ns.connection_point.virtual_link_reference
14:11:15.867 [Test worker] DEBUG o.h.p.w.spi.MetamodelGraphWalker - Visiting attribute path : parent_ns.descriptor_reference
14:11:15.867 [Test worker] DEBUG o.h.l.p.b.i.spaces.QuerySpacesImpl - Adding QuerySpace : uid = <gen:42> -> org.hibernate.loader.plan.build.internal.spaces.EntityQuerySpaceImpl@7a0e27c6]
14:11:15.867 [Test worker] DEBUG o.h.p.w.spi.MetamodelGraphWalker - Visiting attribute path : parent_ns.descriptor_reference.auto_scale_policy
14:11:15.867 [Test worker] DEBUG o.h.p.w.spi.MetamodelGraphWalker - Visiting attribute path : parent_ns.descriptor_reference.connection_point
14:11:15.867 [Test worker] DEBUG o.h.p.w.spi.MetamodelGraphWalker - Visiting attribute path : parent_ns.descriptor_reference.hb_version
14:11:15.867 [Test worker] DEBUG o.h.p.w.spi.MetamodelGraphWalker - Visiting attribute path : parent_ns.descriptor_reference.lifecycle_event
14:11:15.867 [Test worker] DEBUG o.h.p.w.spi.MetamodelGraphWalker - Visiting attribute path : parent_ns.descriptor_reference.monitoring_parameter
14:11:15.867 [Test worker] DEBUG o.h.l.p.b.i.spaces.QuerySpacesImpl - Adding QuerySpace : uid = <gen:43> -> org.hibernate.loader.plan.build.internal.spaces.CollectionQuerySpaceImpl@4be85a3d]
14:11:15.867 [Test worker] DEBUG o.h.p.w.spi.MetamodelGraphWalker - Visiting attribute path : parent_ns.descriptor_reference.service_deployment_flavour
14:11:15.867 [Test worker] DEBUG o.h.p.w.spi.MetamodelGraphWalker - Visiting attribute path : parent_ns.descriptor_reference.vendor
14:11:15.867 [Test worker] DEBUG o.h.p.w.spi.MetamodelGraphWalker - Visiting attribute path : parent_ns.descriptor_reference.version
14:11:15.867 [Test worker] DEBUG o.h.p.w.spi.MetamodelGraphWalker - Visiting attribute path : parent_ns.descriptor_reference.vld
14:11:15.867 [Test worker] DEBUG o.h.p.w.spi.MetamodelGraphWalker - Visiting attribute path : parent_ns.descriptor_reference.vnffgd
14:11:15.867 [Test worker] DEBUG o.h.p.w.spi.MetamodelGraphWalker - Visiting attribute path : parent_ns.descriptor_reference.deployment_flavour
14:11:15.867 [Test worker] DEBUG o.h.l.p.b.i.spaces.QuerySpacesImpl - Adding QuerySpace : uid = <gen:44> -> org.hibernate.loader.plan.build.internal.spaces.CollectionQuerySpaceImpl@37c81ba]
14:11:15.867 [Test worker] DEBUG o.h.l.p.b.i.spaces.QuerySpacesImpl - Adding QuerySpace : uid = <gen:45> -> org.hibernate.loader.plan.build.internal.spaces.EntityQuerySpaceImpl@6328dc1f]
14:11:15.867 [Test worker] DEBUG o.h.p.w.spi.MetamodelGraphWalker - Visiting attribute path : parent_ns.descriptor_reference.descriptor_version
14:11:15.867 [Test worker] DEBUG o.h.p.w.spi.MetamodelGraphWalker - Visiting attribute path : parent_ns.descriptor_reference.manifest_file
14:11:15.867 [Test worker] DEBUG o.h.p.w.spi.MetamodelGraphWalker - Visiting attribute path : parent_ns.descriptor_reference.manifest_file_security
14:11:15.867 [Test worker] DEBUG o.h.p.w.spi.MetamodelGraphWalker - Visiting attribute path : parent_ns.descriptor_reference.vdu
14:11:15.867 [Test worker] DEBUG o.h.p.w.spi.MetamodelGraphWalker - Visiting attribute path : parent_ns.descriptor_reference.vdu_dependency
14:11:15.867 [Test worker] DEBUG o.h.p.w.spi.MetamodelGraphWalker - Visiting attribute path : parent_ns.descriptor_reference.virtual_link
14:11:15.868 [Test worker] DEBUG o.h.p.w.spi.MetamodelGraphWalker - Visiting attribute path : parent_ns.descriptor_reference.nsd_security
14:11:15.868 [Test worker] DEBUG o.h.l.p.b.i.spaces.QuerySpacesImpl - Adding QuerySpace : uid = <gen:46> -> org.hibernate.loader.plan.build.internal.spaces.EntityQuerySpaceImpl@f8baa15]
14:11:15.868 [Test worker] DEBUG o.h.p.w.spi.MetamodelGraphWalker - Visiting attribute path : parent_ns.descriptor_reference.pnfd
14:11:15.868 [Test worker] DEBUG o.h.p.w.spi.MetamodelGraphWalker - Visiting attribute path : parent_ns.descriptor_reference.vnf_dependency
14:11:15.868 [Test worker] DEBUG o.h.l.p.b.i.spaces.QuerySpacesImpl - Adding QuerySpace : uid = <gen:47> -> org.hibernate.loader.plan.build.internal.spaces.CollectionQuerySpaceImpl@1a4b50ac]
14:11:15.868 [Test worker] DEBUG o.h.l.p.b.i.spaces.QuerySpacesImpl - Adding QuerySpace : uid = <gen:48> -> org.hibernate.loader.plan.build.internal.spaces.EntityQuerySpaceImpl@469d59b0]
14:11:15.868 [Test worker] DEBUG o.h.p.w.spi.MetamodelGraphWalker - Visiting attribute path : parent_ns.descriptor_reference.vnfd
14:11:15.868 [Test worker] DEBUG o.h.l.p.b.i.spaces.QuerySpacesImpl - Adding QuerySpace : uid = <gen:49> -> org.hibernate.loader.plan.build.internal.spaces.CollectionQuerySpaceImpl@46b5608]
14:11:15.868 [Test worker] DEBUG o.h.l.p.b.i.spaces.QuerySpacesImpl - Adding QuerySpace : uid = <gen:50> -> org.hibernate.loader.plan.build.internal.spaces.EntityQuerySpaceImpl@22dd297c]
14:11:15.868 [Test worker] DEBUG o.h.p.w.spi.MetamodelGraphWalker - Visiting attribute path : parent_ns.lifecycle_event
14:11:15.868 [Test worker] DEBUG o.h.l.p.b.i.spaces.QuerySpacesImpl - Adding QuerySpace : uid = <gen:51> -> org.hibernate.loader.plan.build.internal.spaces.EntityQuerySpaceImpl@65ce9dc5]
14:11:15.868 [Test worker] DEBUG o.h.p.w.spi.MetamodelGraphWalker - Visiting attribute path : parent_ns.lifecycle_event.lifecycle_events
14:11:15.868 [Test worker] DEBUG o.h.p.w.spi.MetamodelGraphWalker - Visiting attribute path : parent_ns.lifecycle_event.version
14:11:15.868 [Test worker] DEBUG o.h.p.w.spi.MetamodelGraphWalker - Visiting attribute path : parent_ns.lifecycle_event_history
14:11:15.868 [Test worker] DEBUG o.h.l.p.b.i.spaces.QuerySpacesImpl - Adding QuerySpace : uid = <gen:52> -> org.hibernate.loader.plan.build.internal.spaces.CollectionQuerySpaceImpl@6753607e]
14:11:15.868 [Test worker] DEBUG o.h.l.p.b.i.spaces.QuerySpacesImpl - Adding QuerySpace : uid = <gen:53> -> org.hibernate.loader.plan.build.internal.spaces.EntityQuerySpaceImpl@12e42531]
14:11:15.868 [Test worker] DEBUG o.h.p.w.spi.MetamodelGraphWalker - Visiting attribute path : parent_ns.lifecycle_event_history.lifecycle_events
14:11:15.868 [Test worker] DEBUG o.h.p.w.spi.MetamodelGraphWalker - Visiting attribute path : parent_ns.lifecycle_event_history.version
14:11:15.868 [Test worker] DEBUG o.h.p.w.spi.MetamodelGraphWalker - Visiting attribute path : parent_ns.monitoring_parameter
14:11:15.868 [Test worker] DEBUG o.h.p.w.spi.MetamodelGraphWalker - Visiting attribute path : parent_ns.notification
14:11:15.868 [Test worker] DEBUG o.h.p.w.spi.MetamodelGraphWalker - Visiting attribute path : parent_ns.pnfr
14:11:15.868 [Test worker] DEBUG o.h.l.p.b.i.spaces.QuerySpacesImpl - Adding QuerySpace : uid = <gen:54> -> org.hibernate.loader.plan.build.internal.spaces.CollectionQuerySpaceImpl@50adaa1d]
14:11:15.869 [Test worker] DEBUG o.h.l.p.b.i.spaces.QuerySpacesImpl - Adding QuerySpace : uid = <gen:55> -> org.hibernate.loader.plan.build.internal.spaces.EntityQuerySpaceImpl@397b7f4c]
14:11:15.869 [Test worker] DEBUG o.h.p.w.spi.MetamodelGraphWalker - Visiting attribute path : parent_ns.pnfr.connected_virtual_link
14:11:15.869 [Test worker] DEBUG o.h.l.p.b.i.spaces.QuerySpacesImpl - Adding QuerySpace : uid = <gen:56> -> org.hibernate.loader.plan.build.internal.spaces.CollectionQuerySpaceImpl@5df91314]
14:11:15.869 [Test worker] DEBUG o.h.l.p.b.i.spaces.QuerySpacesImpl - Adding QuerySpace : uid = <gen:57> -> org.hibernate.loader.plan.build.internal.spaces.EntityQuerySpaceImpl@b53b63f]
14:11:15.869 [Test worker] DEBUG o.h.p.w.spi.MetamodelGraphWalker - Visiting attribute path : parent_ns.pnfr.connection_point
14:11:15.869 [Test worker] DEBUG o.h.l.p.b.i.spaces.QuerySpacesImpl - Adding QuerySpace : uid = <gen:58> -> org.hibernate.loader.plan.build.internal.spaces.CollectionQuerySpaceImpl@24e1e7e8]
14:11:15.869 [Test worker] DEBUG o.h.l.p.b.i.spaces.QuerySpacesImpl - Adding QuerySpace : uid = <gen:59> -> org.hibernate.loader.plan.build.internal.spaces.EntityQuerySpaceImpl@6b404342]
14:11:15.869 [Test worker] DEBUG o.h.p.w.spi.MetamodelGraphWalker - Visiting attribute path : parent_ns.pnfr.description
14:11:15.869 [Test worker] DEBUG o.h.p.w.spi.MetamodelGraphWalker - Visiting attribute path : parent_ns.pnfr.descriptor_reference
14:11:15.869 [Test worker] DEBUG o.h.l.p.b.i.spaces.QuerySpacesImpl - Adding QuerySpace : uid = <gen:60> -> org.hibernate.loader.plan.build.internal.spaces.EntityQuerySpaceImpl@47ffd910]
14:11:15.869 [Test worker] DEBUG o.h.p.w.spi.MetamodelGraphWalker - Visiting attribute path : parent_ns.pnfr.oam_reference
14:11:15.869 [Test worker] DEBUG o.h.p.w.spi.MetamodelGraphWalker - Visiting attribute path : parent_ns.pnfr.parent_ns
14:11:15.869 [Test worker] DEBUG o.h.l.p.b.i.spaces.QuerySpacesImpl - Adding QuerySpace : uid = <gen:61> -> org.hibernate.loader.plan.build.internal.spaces.EntityQuerySpaceImpl@6e03ce5d]
14:11:15.869 [Test worker] DEBUG o.h.p.w.spi.MetamodelGraphWalker - Visiting attribute path : parent_ns.pnfr.pnf_address
14:11:15.869 [Test worker] DEBUG o.h.p.w.spi.MetamodelGraphWalker - Visiting attribute path : parent_ns.pnfr.vendor
14:11:15.869 [Test worker] DEBUG o.h.p.w.spi.MetamodelGraphWalker - Visiting attribute path : parent_ns.pnfr.version
14:11:15.869 [Test worker] DEBUG o.h.p.w.spi.MetamodelGraphWalker - Visiting attribute path : parent_ns.pnfr.vnffgr
14:11:15.869 [Test worker] DEBUG o.h.l.p.b.i.spaces.QuerySpacesImpl - Adding QuerySpace : uid = <gen:62> -> org.hibernate.loader.plan.build.internal.spaces.CollectionQuerySpaceImpl@3be17418]
14:11:15.869 [Test worker] DEBUG o.h.l.p.b.i.spaces.QuerySpacesImpl - Adding QuerySpace : uid = <gen:63> -> org.hibernate.loader.plan.build.internal.spaces.EntityQuerySpaceImpl@4e8cf25e]
14:11:15.869 [Test worker] DEBUG o.h.p.w.spi.MetamodelGraphWalker - Visiting attribute path : parent_ns.resource_reservation
14:11:15.869 [Test worker] DEBUG o.h.p.w.spi.MetamodelGraphWalker - Visiting attribute path : parent_ns.runtime_policy_info
14:11:15.869 [Test worker] DEBUG o.h.p.w.spi.MetamodelGraphWalker - Visiting attribute path : parent_ns.service_deployment_flavour
14:11:15.869 [Test worker] DEBUG o.h.l.p.b.i.spaces.QuerySpacesImpl - Adding QuerySpace : uid = <gen:64> -> org.hibernate.loader.plan.build.internal.spaces.EntityQuerySpaceImpl@77c219c]
14:11:15.870 [Test worker] DEBUG o.h.p.w.spi.MetamodelGraphWalker - Visiting attribute path : parent_ns.service_deployment_flavour.flavour_key
14:11:15.870 [Test worker] DEBUG o.h.p.w.spi.MetamodelGraphWalker - Visiting attribute path : parent_ns.service_deployment_flavour.version
14:11:15.870 [Test worker] DEBUG o.h.p.w.spi.MetamodelGraphWalker - Visiting attribute path : parent_ns.service_deployment_flavour.constituent_vnf
14:11:15.870 [Test worker] DEBUG o.h.p.w.spi.MetamodelGraphWalker - Visiting attribute path : parent_ns.status
14:11:15.870 [Test worker] DEBUG o.h.p.w.spi.MetamodelGraphWalker - Visiting attribute path : parent_ns.vendor
14:11:15.870 [Test worker] DEBUG o.h.p.w.spi.MetamodelGraphWalker - Visiting attribute path : parent_ns.version
14:11:15.870 [Test worker] DEBUG o.h.p.w.spi.MetamodelGraphWalker - Visiting attribute path : parent_ns.vlr
14:11:15.870 [Test worker] DEBUG o.h.l.p.b.i.spaces.QuerySpacesImpl - Adding QuerySpace : uid = <gen:65> -> org.hibernate.loader.plan.build.internal.spaces.CollectionQuerySpaceImpl@4dd070a]
14:11:15.870 [Test worker] DEBUG o.h.l.p.b.i.spaces.QuerySpacesImpl - Adding QuerySpace : uid = <gen:66> -> org.hibernate.loader.plan.build.internal.spaces.EntityQuerySpaceImpl@4af92404]
14:11:15.871 [Test worker] DEBUG o.h.p.w.spi.MetamodelGraphWalker - Visiting attribute path : parent_ns.vlr.allocated_capacity
14:11:15.871 [Test worker] DEBUG o.h.p.w.spi.MetamodelGraphWalker - Visiting attribute path : parent_ns.vlr.audit_log
14:11:15.871 [Test worker] DEBUG o.h.p.w.spi.MetamodelGraphWalker - Visiting attribute path : parent_ns.vlr.connection
14:11:15.871 [Test worker] DEBUG o.h.p.w.spi.MetamodelGraphWalker - Visiting attribute path : parent_ns.vlr.connectivity_type
14:11:15.871 [Test worker] DEBUG o.h.p.w.spi.MetamodelGraphWalker - Visiting attribute path : parent_ns.vlr.descriptor_reference
14:11:15.871 [Test worker] DEBUG o.h.p.w.spi.MetamodelGraphWalker - Visiting attribute path : parent_ns.vlr.leaf_requirement
14:11:15.872 [Test worker] DEBUG o.h.p.w.spi.MetamodelGraphWalker - Visiting attribute path : parent_ns.vlr.lifecycle_event_history
14:11:15.872 [Test worker] DEBUG o.h.p.w.spi.MetamodelGraphWalker - Property path deemed to be circular : parent_ns.vlr.lifecycle_event_history
14:11:15.872 [Test worker] DEBUG o.h.p.w.spi.MetamodelGraphWalker - Visiting attribute path : parent_ns.vlr.notification
14:11:15.872 [Test worker] DEBUG o.h.p.w.spi.MetamodelGraphWalker - Visiting attribute path : parent_ns.vlr.number_of_enpoints
14:11:15.872 [Test worker] DEBUG o.h.p.w.spi.MetamodelGraphWalker - Visiting attribute path : parent_ns.vlr.parent_ns
14:11:15.872 [Test worker] DEBUG o.h.p.w.spi.MetamodelGraphWalker - Visiting attribute path : parent_ns.vlr.qos
14:11:15.872 [Test worker] DEBUG o.h.p.w.spi.MetamodelGraphWalker - Visiting attribute path : parent_ns.vlr.root_requirement
14:11:15.872 [Test worker] DEBUG o.h.p.w.spi.MetamodelGraphWalker - Visiting attribute path : parent_ns.vlr.status
14:11:15.872 [Test worker] DEBUG o.h.p.w.spi.MetamodelGraphWalker - Visiting attribute path : parent_ns.vlr.test_access
14:11:15.872 [Test worker] DEBUG o.h.p.w.spi.MetamodelGraphWalker - Visiting attribute path : parent_ns.vlr.vendor
14:11:15.872 [Test worker] DEBUG o.h.p.w.spi.MetamodelGraphWalker - Visiting attribute path : parent_ns.vlr.version
14:11:15.872 [Test worker] DEBUG o.h.p.w.spi.MetamodelGraphWalker - Visiting attribute path : parent_ns.vlr.vim_id
14:11:15.872 [Test worker] DEBUG o.h.p.w.spi.MetamodelGraphWalker - Visiting attribute path : parent_ns.vlr.vnffgr_reference
14:11:15.872 [Test worker] DEBUG o.h.p.w.spi.MetamodelGraphWalker - Property path deemed to be circular : parent_ns.vlr.vnffgr_reference
14:11:15.872 [Test worker] DEBUG o.h.p.w.spi.MetamodelGraphWalker - Visiting attribute path : parent_ns.vnf_dependency
14:11:15.872 [Test worker] DEBUG o.h.l.p.b.i.spaces.QuerySpacesImpl - Adding QuerySpace : uid = <gen:67> -> org.hibernate.loader.plan.build.internal.spaces.CollectionQuerySpaceImpl@68e4a7d6]
14:11:15.872 [Test worker] DEBUG o.h.l.p.b.i.spaces.QuerySpacesImpl - Adding QuerySpace : uid = <gen:68> -> org.hibernate.loader.plan.build.internal.spaces.EntityQuerySpaceImpl@7bc70866]
14:11:15.872 [Test worker] DEBUG o.h.p.w.spi.MetamodelGraphWalker - Visiting attribute path : parent_ns.vnf_dependency.source
14:11:15.872 [Test worker] DEBUG o.h.p.w.spi.MetamodelGraphWalker - Property path deemed to be circular : parent_ns.vnf_dependency.source
14:11:15.872 [Test worker] DEBUG o.h.p.w.spi.MetamodelGraphWalker - Visiting attribute path : parent_ns.vnf_dependency.target
14:11:15.872 [Test worker] DEBUG o.h.p.w.spi.MetamodelGraphWalker - Property path deemed to be circular : parent_ns.vnf_dependency.target
14:11:15.872 [Test worker] DEBUG o.h.p.w.spi.MetamodelGraphWalker - Visiting attribute path : parent_ns.vnf_dependency.version
14:11:15.873 [Test worker] DEBUG o.h.p.w.spi.MetamodelGraphWalker - Visiting attribute path : parent_ns.vnffgr
14:11:15.873 [Test worker] DEBUG o.h.l.p.b.i.spaces.QuerySpacesImpl - Adding QuerySpace : uid = <gen:69> -> org.hibernate.loader.plan.build.internal.spaces.CollectionQuerySpaceImpl@43cb8a76]
14:11:15.873 [Test worker] DEBUG o.h.l.p.b.i.spaces.QuerySpacesImpl - Adding QuerySpace : uid = <gen:70> -> org.hibernate.loader.plan.build.internal.spaces.EntityQuerySpaceImpl@67ef6bbf]
14:11:15.873 [Test worker] DEBUG o.h.p.w.spi.MetamodelGraphWalker - Visiting attribute path : parent_ns.vnffgr.connection_point
14:11:15.873 [Test worker] DEBUG o.h.p.w.spi.MetamodelGraphWalker - Visiting attribute path : parent_ns.vnffgr.constituent_vnfs
14:11:15.873 [Test worker] DEBUG o.h.p.w.spi.MetamodelGraphWalker - Visiting attribute path : parent_ns.vnffgr.dependent_virtual_link
14:11:15.873 [Test worker] DEBUG o.h.p.w.spi.MetamodelGraphWalker - Visiting attribute path : parent_ns.vnffgr.descriptor_version
14:11:15.873 [Test worker] DEBUG o.h.p.w.spi.MetamodelGraphWalker - Visiting attribute path : parent_ns.vnffgr.hb_version
14:11:15.873 [Test worker] DEBUG o.h.p.w.spi.MetamodelGraphWalker - Visiting attribute path : parent_ns.vnffgr.network_forwarding_path
14:11:15.873 [Test worker] DEBUG o.h.p.w.spi.MetamodelGraphWalker - Visiting attribute path : parent_ns.vnffgr.number_of_endpoints
14:11:15.873 [Test worker] DEBUG o.h.p.w.spi.MetamodelGraphWalker - Visiting attribute path : parent_ns.vnffgr.number_of_virtual_links
14:11:15.873 [Test worker] DEBUG o.h.p.w.spi.MetamodelGraphWalker - Visiting attribute path : parent_ns.vnffgr.vendor
14:11:15.873 [Test worker] DEBUG o.h.p.w.spi.MetamodelGraphWalker - Visiting attribute path : parent_ns.vnffgr.version
14:11:15.873 [Test worker] DEBUG o.h.p.w.spi.MetamodelGraphWalker - Visiting attribute path : parent_ns.vnffgr.vnffgd_security
14:11:15.873 [Test worker] DEBUG o.h.l.p.b.i.spaces.QuerySpacesImpl - Adding QuerySpace : uid = <gen:71> -> org.hibernate.loader.plan.build.internal.spaces.EntityQuerySpaceImpl@6a685e5c]
14:11:15.873 [Test worker] DEBUG o.h.p.w.spi.MetamodelGraphWalker - Visiting attribute path : parent_ns.vnfr
14:11:15.873 [Test worker] DEBUG o.h.l.p.b.i.spaces.QuerySpacesImpl - Adding QuerySpace : uid = <gen:72> -> org.hibernate.loader.plan.build.internal.spaces.EntityQuerySpaceImpl@6a0b2097]
14:11:15.873 [Test worker] DEBUG o.h.p.w.spi.MetamodelGraphWalker - Visiting attribute path : parent_ns.vnfr.audit_log
14:11:15.873 [Test worker] DEBUG o.h.p.w.spi.MetamodelGraphWalker - Visiting attribute path : parent_ns.vnfr.auto_scale_policy
14:11:15.873 [Test worker] DEBUG o.h.p.w.spi.MetamodelGraphWalker - Property path deemed to be circular : parent_ns.vnfr.auto_scale_policy
14:11:15.873 [Test worker] DEBUG o.h.p.w.spi.MetamodelGraphWalker - Visiting attribute path : parent_ns.vnfr.connected_external_virtual_link
14:11:15.873 [Test worker] DEBUG o.h.p.w.spi.MetamodelGraphWalker - Property path deemed to be circular : parent_ns.vnfr.connected_external_virtual_link
14:11:15.873 [Test worker] DEBUG o.h.p.w.spi.MetamodelGraphWalker - Visiting attribute path : parent_ns.vnfr.connection_point
14:11:15.874 [Test worker] DEBUG o.h.p.w.spi.MetamodelGraphWalker - Property path deemed to be circular : parent_ns.vnfr.connection_point
14:11:15.874 [Test worker] DEBUG o.h.p.w.spi.MetamodelGraphWalker - Visiting attribute path : parent_ns.vnfr.dependency
14:11:15.874 [Test worker] DEBUG o.h.p.w.spi.MetamodelGraphWalker - Property path deemed to be circular : parent_ns.vnfr.dependency
14:11:15.874 [Test worker] DEBUG o.h.p.w.spi.MetamodelGraphWalker - Visiting attribute path : parent_ns.vnfr.deployment_flavour
14:11:15.874 [Test worker] DEBUG o.h.p.w.spi.MetamodelGraphWalker - Property path deemed to be circular : parent_ns.vnfr.deployment_flavour
14:11:15.874 [Test worker] DEBUG o.h.p.w.spi.MetamodelGraphWalker - Visiting attribute path : parent_ns.vnfr.descriptor_reference
14:11:15.874 [Test worker] DEBUG o.h.p.w.spi.MetamodelGraphWalker - Visiting attribute path : parent_ns.vnfr.lifecycle_event
14:11:15.874 [Test worker] DEBUG o.h.p.w.spi.MetamodelGraphWalker - Property path deemed to be circular : parent_ns.vnfr.lifecycle_event
14:11:15.874 [Test worker] DEBUG o.h.p.w.spi.MetamodelGraphWalker - Visiting attribute path : parent_ns.vnfr.lifecycle_event_history
14:11:15.874 [Test worker] DEBUG o.h.p.w.spi.MetamodelGraphWalker - Property path deemed to be circular : parent_ns.vnfr.lifecycle_event_history
14:11:15.874 [Test worker] DEBUG o.h.p.w.spi.MetamodelGraphWalker - Visiting attribute path : parent_ns.vnfr.localization
14:11:15.874 [Test worker] DEBUG o.h.p.w.spi.MetamodelGraphWalker - Visiting attribute path : parent_ns.vnfr.monitoring_parameter
14:11:15.874 [Test worker] DEBUG o.h.p.w.spi.MetamodelGraphWalker - Visiting attribute path : parent_ns.vnfr.notification
14:11:15.874 [Test worker] DEBUG o.h.p.w.spi.MetamodelGraphWalker - Visiting attribute path : parent_ns.vnfr.parent_ns
14:11:15.874 [Test worker] DEBUG o.h.p.w.spi.MetamodelGraphWalker - Property path deemed to be circular : parent_ns.vnfr.parent_ns
14:11:15.874 [Test worker] DEBUG o.h.p.w.spi.MetamodelGraphWalker - Visiting attribute path : parent_ns.vnfr.runtime_policy_info
14:11:15.874 [Test worker] DEBUG o.h.p.w.spi.MetamodelGraphWalker - Visiting attribute path : parent_ns.vnfr.status
14:11:15.874 [Test worker] DEBUG o.h.p.w.spi.MetamodelGraphWalker - Visiting attribute path : parent_ns.vnfr.vdu
14:11:15.874 [Test worker] DEBUG o.h.l.p.b.i.spaces.QuerySpacesImpl - Adding QuerySpace : uid = <gen:73> -> org.hibernate.loader.plan.build.internal.spaces.CollectionQuerySpaceImpl@1608c3a9]
14:11:15.874 [Test worker] DEBUG o.h.l.p.b.i.spaces.QuerySpacesImpl - Adding QuerySpace : uid = <gen:74> -> org.hibernate.loader.plan.build.internal.spaces.EntityQuerySpaceImpl@1965978c]
14:11:15.874 [Test worker] DEBUG o.h.p.w.spi.MetamodelGraphWalker - Visiting attribute path : parent_ns.vnfr.vendor
14:11:15.874 [Test worker] DEBUG o.h.p.w.spi.MetamodelGraphWalker - Visiting attribute path : parent_ns.vnfr.version
14:11:15.875 [Test worker] DEBUG o.h.p.w.spi.MetamodelGraphWalker - Visiting attribute path : parent_ns.vnfr.virtual_link
14:11:15.875 [Test worker] DEBUG o.h.l.p.b.i.spaces.QuerySpacesImpl - Adding QuerySpace : uid = <gen:75> -> org.hibernate.loader.plan.build.internal.spaces.CollectionQuerySpaceImpl@5cc0755a]
14:11:15.875 [Test worker] DEBUG o.h.l.p.b.i.spaces.QuerySpacesImpl - Adding QuerySpace : uid = <gen:76> -> org.hibernate.loader.plan.build.internal.spaces.EntityQuerySpaceImpl@5f589748]
14:11:15.875 [Test worker] DEBUG o.h.p.w.spi.MetamodelGraphWalker - Visiting attribute path : parent_ns.vnfr.vnf_address
14:11:15.875 [Test worker] DEBUG o.h.p.w.spi.MetamodelGraphWalker - Visiting attribute path : parent_ns.vnfr.vnfm_id
14:11:15.875 [Test worker] DEBUG o.h.p.w.spi.MetamodelGraphWalker - Visiting attribute path : runtime_policy_info
14:11:15.875 [Test worker] DEBUG o.h.p.w.spi.MetamodelGraphWalker - Visiting attribute path : status
14:11:15.875 [Test worker] DEBUG o.h.p.w.spi.MetamodelGraphWalker - Visiting attribute path : vdu
14:11:15.875 [Test worker] DEBUG o.h.l.p.b.i.spaces.QuerySpacesImpl - Adding QuerySpace : uid = <gen:77> -> org.hibernate.loader.plan.build.internal.spaces.CollectionQuerySpaceImpl@313428df]
14:11:15.875 [Test worker] DEBUG o.h.l.p.b.i.spaces.QuerySpacesImpl - Adding QuerySpace : uid = <gen:78> -> org.hibernate.loader.plan.build.internal.spaces.EntityQuerySpaceImpl@576761b5]
14:11:15.875 [Test worker] DEBUG o.h.p.w.spi.MetamodelGraphWalker - Visiting attribute path : vdu.computation_requirement
14:11:15.875 [Test worker] DEBUG o.h.p.w.spi.MetamodelGraphWalker - Visiting attribute path : vdu.high_availability
14:11:15.875 [Test worker] DEBUG o.h.p.w.spi.MetamodelGraphWalker - Visiting attribute path : vdu.lifecycle_event
14:11:15.875 [Test worker] DEBUG o.h.p.w.spi.MetamodelGraphWalker - Visiting attribute path : vdu.monitoring_parameter
14:11:15.875 [Test worker] DEBUG o.h.l.p.b.i.spaces.QuerySpacesImpl - Adding QuerySpace : uid = <gen:79> -> org.hibernate.loader.plan.build.internal.spaces.CollectionQuerySpaceImpl@6b5638a]
14:11:15.875 [Test worker] DEBUG o.h.p.w.spi.MetamodelGraphWalker - Visiting attribute path : vdu.scale_in_out
14:11:15.876 [Test worker] DEBUG o.h.p.w.spi.MetamodelGraphWalker - Visiting attribute path : vdu.vdu_constraint
14:11:15.876 [Test worker] DEBUG o.h.p.w.spi.MetamodelGraphWalker - Visiting attribute path : vdu.version
14:11:15.876 [Test worker] DEBUG o.h.p.w.spi.MetamodelGraphWalker - Visiting attribute path : vdu.virtual_memory_resource_element
14:11:15.876 [Test worker] DEBUG o.h.p.w.spi.MetamodelGraphWalker - Visiting attribute path : vdu.virtual_network_bandwidth_resource
14:11:15.876 [Test worker] DEBUG o.h.p.w.spi.MetamodelGraphWalker - Visiting attribute path : vdu.vm_image
14:11:15.876 [Test worker] DEBUG o.h.l.p.b.i.spaces.QuerySpacesImpl - Adding QuerySpace : uid = <gen:80> -> org.hibernate.loader.plan.build.internal.spaces.CollectionQuerySpaceImpl@3f8ddfb4]
14:11:15.876 [Test worker] DEBUG o.h.p.w.spi.MetamodelGraphWalker - Visiting attribute path : vdu.vnfc
14:11:15.876 [Test worker] DEBUG o.h.p.w.spi.MetamodelGraphWalker - Visiting attribute path : vendor
14:11:15.876 [Test worker] DEBUG o.h.p.w.spi.MetamodelGraphWalker - Visiting attribute path : version
14:11:15.876 [Test worker] DEBUG o.h.p.w.spi.MetamodelGraphWalker - Visiting attribute path : virtual_link
14:11:15.876 [Test worker] DEBUG o.h.l.p.b.i.spaces.QuerySpacesImpl - Adding QuerySpace : uid = <gen:81> -> org.hibernate.loader.plan.build.internal.spaces.CollectionQuerySpaceImpl@42127ae0]
14:11:15.876 [Test worker] DEBUG o.h.l.p.b.i.spaces.QuerySpacesImpl - Adding QuerySpace : uid = <gen:82> -> org.hibernate.loader.plan.build.internal.spaces.EntityQuerySpaceImpl@4b412a03]
14:11:15.876 [Test worker] DEBUG o.h.p.w.spi.MetamodelGraphWalker - Visiting attribute path : virtual_link.connectivity_type
14:11:15.876 [Test worker] DEBUG o.h.p.w.spi.MetamodelGraphWalker - Visiting attribute path : virtual_link.leaf_requirement
14:11:15.876 [Test worker] DEBUG o.h.p.w.spi.MetamodelGraphWalker - Visiting attribute path : virtual_link.qos
14:11:15.876 [Test worker] DEBUG o.h.p.w.spi.MetamodelGraphWalker - Visiting attribute path : virtual_link.root_requirement
14:11:15.876 [Test worker] DEBUG o.h.p.w.spi.MetamodelGraphWalker - Visiting attribute path : virtual_link.test_access
14:11:15.876 [Test worker] DEBUG o.h.p.w.spi.MetamodelGraphWalker - Visiting attribute path : virtual_link.version
14:11:15.876 [Test worker] DEBUG o.h.p.w.spi.MetamodelGraphWalker - Visiting attribute path : virtual_link.connection_points_references
14:11:15.876 [Test worker] DEBUG o.h.l.p.b.i.spaces.QuerySpacesImpl - Adding QuerySpace : uid = <gen:83> -> org.hibernate.loader.plan.build.internal.spaces.CollectionQuerySpaceImpl@73787cd6]
14:11:15.877 [Test worker] DEBUG o.h.p.w.spi.MetamodelGraphWalker - Visiting attribute path : vnf_address
14:11:15.877 [Test worker] DEBUG o.h.p.w.spi.MetamodelGraphWalker - Visiting attribute path : vnfm_id
14:11:15.877 [Test worker] DEBUG o.h.l.p.b.i.FetchStyleLoadPlanBuildingAssociationVisitationStrategy - Building LoadPlan...
14:11:15.877 [Test worker] DEBUG o.h.l.p.e.i.LoadQueryJoinAndFetchProcessor - processing queryspace <gen:0>
14:11:15.881 [Test worker] DEBUG o.h.l.p.b.spi.LoadPlanTreePrinter - LoadPlan(entity=org.project.neutrino.nfvo.catalogue.mano.record.VirtualNetworkFunctionRecord)
    - Returns
       - EntityReturnImpl(entity=org.project.neutrino.nfvo.catalogue.mano.record.VirtualNetworkFunctionRecord, querySpaceUid=<gen:0>, path=org.project.neutrino.nfvo.catalogue.mano.record.VirtualNetworkFunctionRecord)
          - CollectionAttributeFetchImpl(collection=org.project.neutrino.nfvo.catalogue.mano.record.VirtualNetworkFunctionRecord.auto_scale_policy, querySpaceUid=<gen:1>, path=org.project.neutrino.nfvo.catalogue.mano.record.VirtualNetworkFunctionRecord.auto_scale_policy)
             - (collection element) CollectionFetchableElementEntityGraph(entity=org.project.neutrino.nfvo.catalogue.mano.common.AutoScalePolicy, querySpaceUid=<gen:2>, path=org.project.neutrino.nfvo.catalogue.mano.record.VirtualNetworkFunctionRecord.auto_scale_policy.<elements>)
          - CollectionAttributeFetchImpl(collection=org.project.neutrino.nfvo.catalogue.mano.record.VirtualNetworkFunctionRecord.connected_external_virtual_link, querySpaceUid=<gen:3>, path=org.project.neutrino.nfvo.catalogue.mano.record.VirtualNetworkFunctionRecord.connected_external_virtual_link)
             - (collection element) CollectionFetchableElementEntityGraph(entity=org.project.neutrino.nfvo.catalogue.mano.record.VirtualLinkRecord, querySpaceUid=<gen:4>, path=org.project.neutrino.nfvo.catalogue.mano.record.VirtualNetworkFunctionRecord.connected_external_virtual_link.<elements>)
                - CollectionAttributeFetchImpl(collection=org.project.neutrino.nfvo.catalogue.mano.record.VirtualLinkRecord.lifecycle_event_history, querySpaceUid=<gen:5>, path=org.project.neutrino.nfvo.catalogue.mano.record.VirtualNetworkFunctionRecord.connected_external_virtual_link.<elements>.lifecycle_event_history)
                   - (collection element) CollectionFetchableElementEntityGraph(entity=org.project.neutrino.nfvo.catalogue.mano.common.LifecycleEvent, querySpaceUid=<gen:6>, path=org.project.neutrino.nfvo.catalogue.mano.record.VirtualNetworkFunctionRecord.connected_external_virtual_link.<elements>.lifecycle_event_history.<elements>)
                - CollectionAttributeFetchImpl(collection=org.project.neutrino.nfvo.catalogue.mano.record.VirtualLinkRecord.vnffgr_reference, querySpaceUid=<gen:7>, path=org.project.neutrino.nfvo.catalogue.mano.record.VirtualNetworkFunctionRecord.connected_external_virtual_link.<elements>.vnffgr_reference)
                   - (collection element) CollectionFetchableElementEntityGraph(entity=org.project.neutrino.nfvo.catalogue.mano.record.VNFForwardingGraphRecord, querySpaceUid=<gen:8>, path=org.project.neutrino.nfvo.catalogue.mano.record.VirtualNetworkFunctionRecord.connected_external_virtual_link.<elements>.vnffgr_reference.<elements>)
                      - CollectionAttributeFetchImpl(collection=org.project.neutrino.nfvo.catalogue.mano.record.VNFForwardingGraphRecord.connection_point, querySpaceUid=<gen:9>, path=org.project.neutrino.nfvo.catalogue.mano.record.VirtualNetworkFunctionRecord.connected_external_virtual_link.<elements>.vnffgr_reference.<elements>.connection_point)
                         - (collection element) CollectionFetchableElementEntityGraph(entity=org.project.neutrino.nfvo.catalogue.mano.descriptor.VNFDConnectionPoint, querySpaceUid=<gen:10>, path=org.project.neutrino.nfvo.catalogue.mano.record.VirtualNetworkFunctionRecord.connected_external_virtual_link.<elements>.vnffgr_reference.<elements>.connection_point.<elements>)
                      - CollectionAttributeFetchImpl(collection=org.project.neutrino.nfvo.catalogue.mano.record.VNFForwardingGraphRecord.dependent_virtual_link, querySpaceUid=<gen:11>, path=org.project.neutrino.nfvo.catalogue.mano.record.VirtualNetworkFunctionRecord.connected_external_virtual_link.<elements>.vnffgr_reference.<elements>.dependent_virtual_link)
                         - (collection element) CollectionFetchableElementEntityGraph(entity=org.project.neutrino.nfvo.catalogue.mano.record.VirtualLinkRecord, querySpaceUid=<gen:12>, path=org.project.neutrino.nfvo.catalogue.mano.record.VirtualNetworkFunctionRecord.connected_external_virtual_link.<elements>.vnffgr_reference.<elements>.dependent_virtual_link.<elements>)
                      - EntityAttributeFetchImpl(entity=org.project.neutrino.nfvo.catalogue.mano.descriptor.VNFForwardingGraph, querySpaceUid=<gen:13>, path=org.project.neutrino.nfvo.catalogue.mano.record.VirtualNetworkFunctionRecord.connected_external_virtual_link.<elements>.vnffgr_reference.<elements>.descriptor_reference)
                      - CollectionAttributeFetchImpl(collection=org.project.neutrino.nfvo.catalogue.mano.record.VNFForwardingGraphRecord.lifecycle_event_history, querySpaceUid=<gen:14>, path=org.project.neutrino.nfvo.catalogue.mano.record.VirtualNetworkFunctionRecord.connected_external_virtual_link.<elements>.vnffgr_reference.<elements>.lifecycle_event_history)
                         - (collection element) CollectionFetchableElementEntityGraph(entity=org.project.neutrino.nfvo.catalogue.mano.common.LifecycleEvent, querySpaceUid=<gen:15>, path=org.project.neutrino.nfvo.catalogue.mano.record.VirtualNetworkFunctionRecord.connected_external_virtual_link.<elements>.vnffgr_reference.<elements>.lifecycle_event_history.<elements>)
                      - CollectionAttributeFetchImpl(collection=org.project.neutrino.nfvo.catalogue.mano.record.VNFForwardingGraphRecord.member_vnfs, querySpaceUid=<gen:16>, path=org.project.neutrino.nfvo.catalogue.mano.record.VirtualNetworkFunctionRecord.connected_external_virtual_link.<elements>.vnffgr_reference.<elements>.member_vnfs)
                         - (collection element) CollectionFetchableElementEntityGraph(entity=org.project.neutrino.nfvo.catalogue.mano.record.VirtualNetworkFunctionRecord, querySpaceUid=<gen:17>, path=org.project.neutrino.nfvo.catalogue.mano.record.VirtualNetworkFunctionRecord.connected_external_virtual_link.<elements>.vnffgr_reference.<elements>.member_vnfs.<elements>)
                      - EntityAttributeFetchImpl(entity=org.project.neutrino.nfvo.catalogue.mano.descriptor.NetworkForwardingPath, querySpaceUid=<gen:18>, path=org.project.neutrino.nfvo.catalogue.mano.record.VirtualNetworkFunctionRecord.connected_external_virtual_link.<elements>.vnffgr_reference.<elements>.network_forwarding_path)
                      - EntityAttributeFetchImpl(entity=org.project.neutrino.nfvo.catalogue.mano.record.NetworkServiceRecord, querySpaceUid=<gen:19>, path=org.project.neutrino.nfvo.catalogue.mano.record.VirtualNetworkFunctionRecord.connected_external_virtual_link.<elements>.vnffgr_reference.<elements>.parent_ns)
          - CollectionAttributeFetchImpl(collection=org.project.neutrino.nfvo.catalogue.mano.record.VirtualNetworkFunctionRecord.connection_point, querySpaceUid=<gen:20>, path=org.project.neutrino.nfvo.catalogue.mano.record.VirtualNetworkFunctionRecord.connection_point)
             - (collection element) CollectionFetchableElementEntityGraph(entity=org.project.neutrino.nfvo.catalogue.mano.common.ConnectionPoint, querySpaceUid=<gen:21>, path=org.project.neutrino.nfvo.catalogue.mano.record.VirtualNetworkFunctionRecord.connection_point.<elements>)
          - CollectionAttributeFetchImpl(collection=org.project.neutrino.nfvo.catalogue.mano.record.VirtualNetworkFunctionRecord.dependency, querySpaceUid=<gen:22>, path=org.project.neutrino.nfvo.catalogue.mano.record.VirtualNetworkFunctionRecord.dependency)
             - (collection element) CollectionFetchableElementEntityGraph(entity=org.project.neutrino.nfvo.catalogue.mano.common.VNFDependency, querySpaceUid=<gen:23>, path=org.project.neutrino.nfvo.catalogue.mano.record.VirtualNetworkFunctionRecord.dependency.<elements>)
                - EntityAttributeFetchImpl(entity=org.project.neutrino.nfvo.catalogue.mano.descriptor.VirtualNetworkFunctionDescriptor, querySpaceUid=<gen:24>, path=org.project.neutrino.nfvo.catalogue.mano.record.VirtualNetworkFunctionRecord.dependency.<elements>.source)
                   - CollectionAttributeFetchImpl(collection=org.project.neutrino.nfvo.catalogue.mano.common.NFVEntityDescriptor.monitoring_parameter, querySpaceUid=<gen:25>, path=org.project.neutrino.nfvo.catalogue.mano.record.VirtualNetworkFunctionRecord.dependency.<elements>.source.monitoring_parameter)
                   - CollectionAttributeFetchImpl(collection=org.project.neutrino.nfvo.catalogue.mano.descriptor.VirtualNetworkFunctionDescriptor.deployment_flavour, querySpaceUid=<gen:26>, path=org.project.neutrino.nfvo.catalogue.mano.record.VirtualNetworkFunctionRecord.dependency.<elements>.source.deployment_flavour)
                      - (collection element) CollectionFetchableElementEntityGraph(entity=org.project.neutrino.nfvo.catalogue.mano.descriptor.VNFDDeploymentFlavour, querySpaceUid=<gen:27>, path=org.project.neutrino.nfvo.catalogue.mano.record.VirtualNetworkFunctionRecord.dependency.<elements>.source.deployment_flavour.<elements>)
                - EntityAttributeFetchImpl(entity=org.project.neutrino.nfvo.catalogue.mano.descriptor.VirtualNetworkFunctionDescriptor, querySpaceUid=<gen:28>, path=org.project.neutrino.nfvo.catalogue.mano.record.VirtualNetworkFunctionRecord.dependency.<elements>.target)
                   - CollectionAttributeFetchImpl(collection=org.project.neutrino.nfvo.catalogue.mano.common.NFVEntityDescriptor.monitoring_parameter, querySpaceUid=<gen:29>, path=org.project.neutrino.nfvo.catalogue.mano.record.VirtualNetworkFunctionRecord.dependency.<elements>.target.monitoring_parameter)
                   - CollectionAttributeFetchImpl(collection=org.project.neutrino.nfvo.catalogue.mano.descriptor.VirtualNetworkFunctionDescriptor.deployment_flavour, querySpaceUid=<gen:30>, path=org.project.neutrino.nfvo.catalogue.mano.record.VirtualNetworkFunctionRecord.dependency.<elements>.target.deployment_flavour)
                      - (collection element) CollectionFetchableElementEntityGraph(entity=org.project.neutrino.nfvo.catalogue.mano.descriptor.VNFDDeploymentFlavour, querySpaceUid=<gen:31>, path=org.project.neutrino.nfvo.catalogue.mano.record.VirtualNetworkFunctionRecord.dependency.<elements>.target.deployment_flavour.<elements>)
          - EntityAttributeFetchImpl(entity=org.project.neutrino.nfvo.catalogue.mano.descriptor.VNFDDeploymentFlavour, querySpaceUid=<gen:32>, path=org.project.neutrino.nfvo.catalogue.mano.record.VirtualNetworkFunctionRecord.deployment_flavour)
             - CollectionAttributeFetchImpl(collection=org.project.neutrino.nfvo.catalogue.mano.descriptor.VNFDDeploymentFlavour.df_constraint, querySpaceUid=<gen:33>, path=org.project.neutrino.nfvo.catalogue.mano.record.VirtualNetworkFunctionRecord.deployment_flavour.df_constraint)
          - EntityAttributeFetchImpl(entity=org.project.neutrino.nfvo.catalogue.mano.common.LifecycleEvent, querySpaceUid=<gen:34>, path=org.project.neutrino.nfvo.catalogue.mano.record.VirtualNetworkFunctionRecord.lifecycle_event)
          - CollectionAttributeFetchImpl(collection=org.project.neutrino.nfvo.catalogue.mano.record.VirtualNetworkFunctionRecord.lifecycle_event_history, querySpaceUid=<gen:35>, path=org.project.neutrino.nfvo.catalogue.mano.record.VirtualNetworkFunctionRecord.lifecycle_event_history)
             - (collection element) CollectionFetchableElementEntityGraph(entity=org.project.neutrino.nfvo.catalogue.mano.common.LifecycleEvent, querySpaceUid=<gen:36>, path=org.project.neutrino.nfvo.catalogue.mano.record.VirtualNetworkFunctionRecord.lifecycle_event_history.<elements>)
          - EntityAttributeFetchImpl(entity=org.project.neutrino.nfvo.catalogue.mano.record.NetworkServiceRecord, querySpaceUid=<gen:37>, path=org.project.neutrino.nfvo.catalogue.mano.record.VirtualNetworkFunctionRecord.parent_ns)
             - CollectionAttributeFetchImpl(collection=org.project.neutrino.nfvo.catalogue.mano.record.NetworkServiceRecord.auto_scale_policy, querySpaceUid=<gen:38>, path=org.project.neutrino.nfvo.catalogue.mano.record.VirtualNetworkFunctionRecord.parent_ns.auto_scale_policy)
                - (collection element) CollectionFetchableElementEntityGraph(entity=org.project.neutrino.nfvo.catalogue.mano.common.AutoScalePolicy, querySpaceUid=<gen:39>, path=org.project.neutrino.nfvo.catalogue.mano.record.VirtualNetworkFunctionRecord.parent_ns.auto_scale_policy.<elements>)
             - CollectionAttributeFetchImpl(collection=org.project.neutrino.nfvo.catalogue.mano.record.NetworkServiceRecord.connection_point, querySpaceUid=<gen:40>, path=org.project.neutrino.nfvo.catalogue.mano.record.VirtualNetworkFunctionRecord.parent_ns.connection_point)
                - (collection element) CollectionFetchableElementEntityGraph(entity=org.project.neutrino.nfvo.catalogue.mano.common.ConnectionPoint, querySpaceUid=<gen:41>, path=org.project.neutrino.nfvo.catalogue.mano.record.VirtualNetworkFunctionRecord.parent_ns.connection_point.<elements>)
             - EntityAttributeFetchImpl(entity=org.project.neutrino.nfvo.catalogue.mano.common.NFVEntityDescriptor, querySpaceUid=<gen:42>, path=org.project.neutrino.nfvo.catalogue.mano.record.VirtualNetworkFunctionRecord.parent_ns.descriptor_reference)
                - CollectionAttributeFetchImpl(collection=org.project.neutrino.nfvo.catalogue.mano.common.NFVEntityDescriptor.monitoring_parameter, querySpaceUid=<gen:43>, path=org.project.neutrino.nfvo.catalogue.mano.record.VirtualNetworkFunctionRecord.parent_ns.descriptor_reference.monitoring_parameter)
                - CollectionAttributeFetchImpl(collection=org.project.neutrino.nfvo.catalogue.mano.descriptor.VirtualNetworkFunctionDescriptor.deployment_flavour, querySpaceUid=<gen:44>, path=org.project.neutrino.nfvo.catalogue.mano.record.VirtualNetworkFunctionRecord.parent_ns.descriptor_reference.deployment_flavour)
                   - (collection element) CollectionFetchableElementEntityGraph(entity=org.project.neutrino.nfvo.catalogue.mano.descriptor.VNFDDeploymentFlavour, querySpaceUid=<gen:45>, path=org.project.neutrino.nfvo.catalogue.mano.record.VirtualNetworkFunctionRecord.parent_ns.descriptor_reference.deployment_flavour.<elements>)
                - EntityAttributeFetchImpl(entity=org.project.neutrino.nfvo.catalogue.mano.common.Security, querySpaceUid=<gen:46>, path=org.project.neutrino.nfvo.catalogue.mano.record.VirtualNetworkFunctionRecord.parent_ns.descriptor_reference.nsd_security)
                - CollectionAttributeFetchImpl(collection=org.project.neutrino.nfvo.catalogue.mano.descriptor.NetworkServiceDescriptor.vnf_dependency, querySpaceUid=<gen:47>, path=org.project.neutrino.nfvo.catalogue.mano.record.VirtualNetworkFunctionRecord.parent_ns.descriptor_reference.vnf_dependency)
                   - (collection element) CollectionFetchableElementEntityGraph(entity=org.project.neutrino.nfvo.catalogue.mano.common.VNFDependency, querySpaceUid=<gen:48>, path=org.project.neutrino.nfvo.catalogue.mano.record.VirtualNetworkFunctionRecord.parent_ns.descriptor_reference.vnf_dependency.<elements>)
                - CollectionAttributeFetchImpl(collection=org.project.neutrino.nfvo.catalogue.mano.descriptor.NetworkServiceDescriptor.vnfd, querySpaceUid=<gen:49>, path=org.project.neutrino.nfvo.catalogue.mano.record.VirtualNetworkFunctionRecord.parent_ns.descriptor_reference.vnfd)
                   - (collection element) CollectionFetchableElementEntityGraph(entity=org.project.neutrino.nfvo.catalogue.mano.descriptor.VirtualNetworkFunctionDescriptor, querySpaceUid=<gen:50>, path=org.project.neutrino.nfvo.catalogue.mano.record.VirtualNetworkFunctionRecord.parent_ns.descriptor_reference.vnfd.<elements>)
             - EntityAttributeFetchImpl(entity=org.project.neutrino.nfvo.catalogue.mano.common.LifecycleEvent, querySpaceUid=<gen:51>, path=org.project.neutrino.nfvo.catalogue.mano.record.VirtualNetworkFunctionRecord.parent_ns.lifecycle_event)
             - CollectionAttributeFetchImpl(collection=org.project.neutrino.nfvo.catalogue.mano.record.NetworkServiceRecord.lifecycle_event_history, querySpaceUid=<gen:52>, path=org.project.neutrino.nfvo.catalogue.mano.record.VirtualNetworkFunctionRecord.parent_ns.lifecycle_event_history)
                - (collection element) CollectionFetchableElementEntityGraph(entity=org.project.neutrino.nfvo.catalogue.mano.common.LifecycleEvent, querySpaceUid=<gen:53>, path=org.project.neutrino.nfvo.catalogue.mano.record.VirtualNetworkFunctionRecord.parent_ns.lifecycle_event_history.<elements>)
             - CollectionAttributeFetchImpl(collection=org.project.neutrino.nfvo.catalogue.mano.record.NetworkServiceRecord.pnfr, querySpaceUid=<gen:54>, path=org.project.neutrino.nfvo.catalogue.mano.record.VirtualNetworkFunctionRecord.parent_ns.pnfr)
                - (collection element) CollectionFetchableElementEntityGraph(entity=org.project.neutrino.nfvo.catalogue.mano.record.PhysicalNetworkFunctionRecord, querySpaceUid=<gen:55>, path=org.project.neutrino.nfvo.catalogue.mano.record.VirtualNetworkFunctionRecord.parent_ns.pnfr.<elements>)
                   - CollectionAttributeFetchImpl(collection=org.project.neutrino.nfvo.catalogue.mano.record.PhysicalNetworkFunctionRecord.connected_virtual_link, querySpaceUid=<gen:56>, path=org.project.neutrino.nfvo.catalogue.mano.record.VirtualNetworkFunctionRecord.parent_ns.pnfr.<elements>.connected_virtual_link)
                      - (collection element) CollectionFetchableElementEntityGraph(entity=org.project.neutrino.nfvo.catalogue.mano.record.VirtualLinkRecord, querySpaceUid=<gen:57>, path=org.project.neutrino.nfvo.catalogue.mano.record.VirtualNetworkFunctionRecord.parent_ns.pnfr.<elements>.connected_virtual_link.<elements>)
                   - CollectionAttributeFetchImpl(collection=org.project.neutrino.nfvo.catalogue.mano.record.PhysicalNetworkFunctionRecord.connection_point, querySpaceUid=<gen:58>, path=org.project.neutrino.nfvo.catalogue.mano.record.VirtualNetworkFunctionRecord.parent_ns.pnfr.<elements>.connection_point)
                      - (collection element) CollectionFetchableElementEntityGraph(entity=org.project.neutrino.nfvo.catalogue.mano.common.ConnectionPoint, querySpaceUid=<gen:59>, path=org.project.neutrino.nfvo.catalogue.mano.record.VirtualNetworkFunctionRecord.parent_ns.pnfr.<elements>.connection_point.<elements>)
                   - EntityAttributeFetchImpl(entity=org.project.neutrino.nfvo.catalogue.mano.descriptor.PhysicalNetworkFunctionDescriptor, querySpaceUid=<gen:60>, path=org.project.neutrino.nfvo.catalogue.mano.record.VirtualNetworkFunctionRecord.parent_ns.pnfr.<elements>.descriptor_reference)
                   - EntityAttributeFetchImpl(entity=org.project.neutrino.nfvo.catalogue.mano.record.NetworkServiceRecord, querySpaceUid=<gen:61>, path=org.project.neutrino.nfvo.catalogue.mano.record.VirtualNetworkFunctionRecord.parent_ns.pnfr.<elements>.parent_ns)
                   - CollectionAttributeFetchImpl(collection=org.project.neutrino.nfvo.catalogue.mano.record.PhysicalNetworkFunctionRecord.vnffgr, querySpaceUid=<gen:62>, path=org.project.neutrino.nfvo.catalogue.mano.record.VirtualNetworkFunctionRecord.parent_ns.pnfr.<elements>.vnffgr)
                      - (collection element) CollectionFetchableElementEntityGraph(entity=org.project.neutrino.nfvo.catalogue.mano.record.VNFForwardingGraphRecord, querySpaceUid=<gen:63>, path=org.project.neutrino.nfvo.catalogue.mano.record.VirtualNetworkFunctionRecord.parent_ns.pnfr.<elements>.vnffgr.<elements>)
             - EntityAttributeFetchImpl(entity=org.project.neutrino.nfvo.catalogue.mano.common.ServiceDeploymentFlavour, querySpaceUid=<gen:64>, path=org.project.neutrino.nfvo.catalogue.mano.record.VirtualNetworkFunctionRecord.parent_ns.service_deployment_flavour)
             - CollectionAttributeFetchImpl(collection=org.project.neutrino.nfvo.catalogue.mano.record.NetworkServiceRecord.vlr, querySpaceUid=<gen:65>, path=org.project.neutrino.nfvo.catalogue.mano.record.VirtualNetworkFunctionRecord.parent_ns.vlr)
                - (collection element) CollectionFetchableElementEntityGraph(entity=org.project.neutrino.nfvo.catalogue.mano.record.VirtualLinkRecord, querySpaceUid=<gen:66>, path=org.project.neutrino.nfvo.catalogue.mano.record.VirtualNetworkFunctionRecord.parent_ns.vlr.<elements>)
             - CollectionAttributeFetchImpl(collection=org.project.neutrino.nfvo.catalogue.mano.record.NetworkServiceRecord.vnf_dependency, querySpaceUid=<gen:67>, path=org.project.neutrino.nfvo.catalogue.mano.record.VirtualNetworkFunctionRecord.parent_ns.vnf_dependency)
                - (collection element) CollectionFetchableElementEntityGraph(entity=org.project.neutrino.nfvo.catalogue.mano.common.VNFDependency, querySpaceUid=<gen:68>, path=org.project.neutrino.nfvo.catalogue.mano.record.VirtualNetworkFunctionRecord.parent_ns.vnf_dependency.<elements>)
             - CollectionAttributeFetchImpl(collection=org.project.neutrino.nfvo.catalogue.mano.record.NetworkServiceRecord.vnffgr, querySpaceUid=<gen:69>, path=org.project.neutrino.nfvo.catalogue.mano.record.VirtualNetworkFunctionRecord.parent_ns.vnffgr)
                - (collection element) CollectionFetchableElementEntityGraph(entity=org.project.neutrino.nfvo.catalogue.mano.descriptor.VNFForwardingGraph, querySpaceUid=<gen:70>, path=org.project.neutrino.nfvo.catalogue.mano.record.VirtualNetworkFunctionRecord.parent_ns.vnffgr.<elements>)
                   - EntityAttributeFetchImpl(entity=org.project.neutrino.nfvo.catalogue.mano.common.Security, querySpaceUid=<gen:71>, path=org.project.neutrino.nfvo.catalogue.mano.record.VirtualNetworkFunctionRecord.parent_ns.vnffgr.<elements>.vnffgd_security)
             - EntityAttributeFetchImpl(entity=org.project.neutrino.nfvo.catalogue.mano.record.VirtualNetworkFunctionRecord, querySpaceUid=<gen:72>, path=org.project.neutrino.nfvo.catalogue.mano.record.VirtualNetworkFunctionRecord.parent_ns.vnfr)
                - CollectionAttributeFetchImpl(collection=org.project.neutrino.nfvo.catalogue.mano.record.VirtualNetworkFunctionRecord.vdu, querySpaceUid=<gen:73>, path=org.project.neutrino.nfvo.catalogue.mano.record.VirtualNetworkFunctionRecord.parent_ns.vnfr.vdu)
                   - (collection element) CollectionFetchableElementEntityGraph(entity=org.project.neutrino.nfvo.catalogue.mano.descriptor.VirtualDeploymentUnit, querySpaceUid=<gen:74>, path=org.project.neutrino.nfvo.catalogue.mano.record.VirtualNetworkFunctionRecord.parent_ns.vnfr.vdu.<elements>)
                - CollectionAttributeFetchImpl(collection=org.project.neutrino.nfvo.catalogue.mano.record.VirtualNetworkFunctionRecord.virtual_link, querySpaceUid=<gen:75>, path=org.project.neutrino.nfvo.catalogue.mano.record.VirtualNetworkFunctionRecord.parent_ns.vnfr.virtual_link)
                   - (collection element) CollectionFetchableElementEntityGraph(entity=org.project.neutrino.nfvo.catalogue.mano.descriptor.InternalVirtualLink, querySpaceUid=<gen:76>, path=org.project.neutrino.nfvo.catalogue.mano.record.VirtualNetworkFunctionRecord.parent_ns.vnfr.virtual_link.<elements>)
          - CollectionAttributeFetchImpl(collection=org.project.neutrino.nfvo.catalogue.mano.record.VirtualNetworkFunctionRecord.vdu, querySpaceUid=<gen:77>, path=org.project.neutrino.nfvo.catalogue.mano.record.VirtualNetworkFunctionRecord.vdu)
             - (collection element) CollectionFetchableElementEntityGraph(entity=org.project.neutrino.nfvo.catalogue.mano.descriptor.VirtualDeploymentUnit, querySpaceUid=<gen:78>, path=org.project.neutrino.nfvo.catalogue.mano.record.VirtualNetworkFunctionRecord.vdu.<elements>)
                - CollectionAttributeFetchImpl(collection=org.project.neutrino.nfvo.catalogue.mano.descriptor.VirtualDeploymentUnit.monitoring_parameter, querySpaceUid=<gen:79>, path=org.project.neutrino.nfvo.catalogue.mano.record.VirtualNetworkFunctionRecord.vdu.<elements>.monitoring_parameter)
                - CollectionAttributeFetchImpl(collection=org.project.neutrino.nfvo.catalogue.mano.descriptor.VirtualDeploymentUnit.vm_image, querySpaceUid=<gen:80>, path=org.project.neutrino.nfvo.catalogue.mano.record.VirtualNetworkFunctionRecord.vdu.<elements>.vm_image)
          - CollectionAttributeFetchImpl(collection=org.project.neutrino.nfvo.catalogue.mano.record.VirtualNetworkFunctionRecord.virtual_link, querySpaceUid=<gen:81>, path=org.project.neutrino.nfvo.catalogue.mano.record.VirtualNetworkFunctionRecord.virtual_link)
             - (collection element) CollectionFetchableElementEntityGraph(entity=org.project.neutrino.nfvo.catalogue.mano.descriptor.InternalVirtualLink, querySpaceUid=<gen:82>, path=org.project.neutrino.nfvo.catalogue.mano.record.VirtualNetworkFunctionRecord.virtual_link.<elements>)
                - CollectionAttributeFetchImpl(collection=org.project.neutrino.nfvo.catalogue.mano.descriptor.InternalVirtualLink.connection_points_references, querySpaceUid=<gen:83>, path=org.project.neutrino.nfvo.catalogue.mano.record.VirtualNetworkFunctionRecord.virtual_link.<elements>.connection_points_references)
    - QuerySpaces
       - EntityQuerySpaceImpl(uid=<gen:0>, entity=org.project.neutrino.nfvo.catalogue.mano.record.VirtualNetworkFunctionRecord)
          - SQL table alias mapping - virtualnet0_
          - alias suffix - 0_
          - suffixed key columns - {id1_68_0_}
          - JOIN (JoinDefinedByMetadata(auto_scale_policy)) : <gen:0> -> <gen:1>
             - CollectionQuerySpaceImpl(uid=<gen:1>, collection=org.project.neutrino.nfvo.catalogue.mano.record.VirtualNetworkFunctionRecord.auto_scale_policy)
                - SQL table alias mapping - auto_scale1_
                - alias suffix - 1_
                - suffixed key columns - {virtual_1_68_1_}
                - entity-element alias suffix - 2_
                - 2_entity-element suffixed key columns - id1_3_2_
                - JOIN (JoinDefinedByMetadata(elements)) : <gen:1> -> <gen:2>
                   - EntityQuerySpaceImpl(uid=<gen:2>, entity=org.project.neutrino.nfvo.catalogue.mano.common.AutoScalePolicy)
                      - SQL table alias mapping - autoscalep2_
                      - alias suffix - 2_
                      - suffixed key columns - {id1_3_2_}
          - JOIN (JoinDefinedByMetadata(connected_external_virtual_link)) : <gen:0> -> <gen:3>
             - CollectionQuerySpaceImpl(uid=<gen:3>, collection=org.project.neutrino.nfvo.catalogue.mano.record.VirtualNetworkFunctionRecord.connected_external_virtual_link)
                - SQL table alias mapping - connected_3_
                - alias suffix - 3_
                - suffixed key columns - {virtual_1_68_3_}
                - entity-element alias suffix - 4_
                - 4_entity-element suffixed key columns - id1_54_4_
                - JOIN (JoinDefinedByMetadata(elements)) : <gen:3> -> <gen:4>
                   - EntityQuerySpaceImpl(uid=<gen:4>, entity=org.project.neutrino.nfvo.catalogue.mano.record.VirtualLinkRecord)
                      - SQL table alias mapping - virtuallin4_
                      - alias suffix - 4_
                      - suffixed key columns - {id1_54_4_}
                      - JOIN (JoinDefinedByMetadata(lifecycle_event_history)) : <gen:4> -> <gen:5>
                         - CollectionQuerySpaceImpl(uid=<gen:5>, collection=org.project.neutrino.nfvo.catalogue.mano.record.VirtualLinkRecord.lifecycle_event_history)
                            - SQL table alias mapping - lifecycle_5_
                            - alias suffix - 5_
                            - suffixed key columns - {virtual_1_54_5_}
                            - entity-element alias suffix - 6_
                            - 6_entity-element suffixed key columns - id1_10_6_
                            - JOIN (JoinDefinedByMetadata(elements)) : <gen:5> -> <gen:6>
                               - EntityQuerySpaceImpl(uid=<gen:6>, entity=org.project.neutrino.nfvo.catalogue.mano.common.LifecycleEvent)
                                  - SQL table alias mapping - lifecyclee6_
                                  - alias suffix - 6_
                                  - suffixed key columns - {id1_10_6_}
                      - JOIN (JoinDefinedByMetadata(vnffgr_reference)) : <gen:4> -> <gen:7>
                         - CollectionQuerySpaceImpl(uid=<gen:7>, collection=org.project.neutrino.nfvo.catalogue.mano.record.VirtualLinkRecord.vnffgr_reference)
                            - SQL table alias mapping - vnffgr_ref7_
                            - alias suffix - 7_
                            - suffixed key columns - {virtual_1_54_7_}
                            - entity-element alias suffix - 8_
                            - 8_entity-element suffixed key columns - id1_92_8_
                            - JOIN (JoinDefinedByMetadata(elements)) : <gen:7> -> <gen:8>
                               - EntityQuerySpaceImpl(uid=<gen:8>, entity=org.project.neutrino.nfvo.catalogue.mano.record.VNFForwardingGraphRecord)
                                  - SQL table alias mapping - vnfforward8_
                                  - alias suffix - 8_
                                  - suffixed key columns - {id1_92_8_}
          - JOIN (JoinDefinedByMetadata(connection_point)) : <gen:0> -> <gen:20>
             - CollectionQuerySpaceImpl(uid=<gen:20>, collection=org.project.neutrino.nfvo.catalogue.mano.record.VirtualNetworkFunctionRecord.connection_point)
                - SQL table alias mapping - connection9_
                - alias suffix - 9_
                - suffixed key columns - {virtual_1_68_9_}
                - entity-element alias suffix - 10_
                - 10_entity-element suffixed key columns - id1_4_10_
                - JOIN (JoinDefinedByMetadata(elements)) : <gen:20> -> <gen:21>
                   - EntityQuerySpaceImpl(uid=<gen:21>, entity=org.project.neutrino.nfvo.catalogue.mano.common.ConnectionPoint)
                      - SQL table alias mapping - connection10_
                      - alias suffix - 10_
                      - suffixed key columns - {id1_4_10_}
          - JOIN (JoinDefinedByMetadata(dependency)) : <gen:0> -> <gen:22>
             - CollectionQuerySpaceImpl(uid=<gen:22>, collection=org.project.neutrino.nfvo.catalogue.mano.record.VirtualNetworkFunctionRecord.dependency)
                - SQL table alias mapping - dependency11_
                - alias suffix - 11_
                - suffixed key columns - {virtual_1_68_11_}
                - entity-element alias suffix - 12_
                - 12_entity-element suffixed key columns - id1_86_12_
                - JOIN (JoinDefinedByMetadata(elements)) : <gen:22> -> <gen:23>
                   - EntityQuerySpaceImpl(uid=<gen:23>, entity=org.project.neutrino.nfvo.catalogue.mano.common.VNFDependency)
                      - SQL table alias mapping - vnfdepende12_
                      - alias suffix - 12_
                      - suffixed key columns - {id1_86_12_}
                      - JOIN (JoinDefinedByMetadata(source)) : <gen:23> -> <gen:24>
                         - EntityQuerySpaceImpl(uid=<gen:24>, entity=org.project.neutrino.nfvo.catalogue.mano.descriptor.VirtualNetworkFunctionDescriptor)
                            - SQL table alias mapping - virtualnet13_
                            - alias suffix - 13_
                            - suffixed key columns - {id1_27_13_}
                      - JOIN (JoinDefinedByMetadata(target)) : <gen:23> -> <gen:28>
                         - EntityQuerySpaceImpl(uid=<gen:28>, entity=org.project.neutrino.nfvo.catalogue.mano.descriptor.VirtualNetworkFunctionDescriptor)
                            - SQL table alias mapping - virtualnet14_
                            - alias suffix - 14_
                            - suffixed key columns - {id1_27_14_}
          - JOIN (JoinDefinedByMetadata(deployment_flavour)) : <gen:0> -> <gen:32>
             - EntityQuerySpaceImpl(uid=<gen:32>, entity=org.project.neutrino.nfvo.catalogue.mano.descriptor.VNFDDeploymentFlavour)
                - SQL table alias mapping - vnfddeploy15_
                - alias suffix - 15_
                - suffixed key columns - {id1_7_15_}
                - JOIN (JoinDefinedByMetadata(df_constraint)) : <gen:32> -> <gen:33>
                   - CollectionQuerySpaceImpl(uid=<gen:33>, collection=org.project.neutrino.nfvo.catalogue.mano.descriptor.VNFDDeploymentFlavour.df_constraint)
                      - SQL table alias mapping - df_constra16_
                      - alias suffix - 16_
                      - suffixed key columns - {vnfddepl1_7_16_}
          - JOIN (JoinDefinedByMetadata(lifecycle_event)) : <gen:0> -> <gen:34>
             - EntityQuerySpaceImpl(uid=<gen:34>, entity=org.project.neutrino.nfvo.catalogue.mano.common.LifecycleEvent)
                - SQL table alias mapping - lifecyclee17_
                - alias suffix - 17_
                - suffixed key columns - {id1_10_17_}
          - JOIN (JoinDefinedByMetadata(lifecycle_event_history)) : <gen:0> -> <gen:35>
             - CollectionQuerySpaceImpl(uid=<gen:35>, collection=org.project.neutrino.nfvo.catalogue.mano.record.VirtualNetworkFunctionRecord.lifecycle_event_history)
                - SQL table alias mapping - lifecycle_18_
                - alias suffix - 18_
                - suffixed key columns - {virtual_1_68_18_}
                - entity-element alias suffix - 19_
                - 19_entity-element suffixed key columns - id1_10_19_
                - JOIN (JoinDefinedByMetadata(elements)) : <gen:35> -> <gen:36>
                   - EntityQuerySpaceImpl(uid=<gen:36>, entity=org.project.neutrino.nfvo.catalogue.mano.common.LifecycleEvent)
                      - SQL table alias mapping - lifecyclee19_
                      - alias suffix - 19_
                      - suffixed key columns - {id1_10_19_}
          - JOIN (JoinDefinedByMetadata(parent_ns)) : <gen:0> -> <gen:37>
             - EntityQuerySpaceImpl(uid=<gen:37>, entity=org.project.neutrino.nfvo.catalogue.mano.record.NetworkServiceRecord)
                - SQL table alias mapping - networkser20_
                - alias suffix - 20_
                - suffixed key columns - {id1_18_20_}
                - JOIN (JoinDefinedByMetadata(auto_scale_policy)) : <gen:37> -> <gen:38>
                   - CollectionQuerySpaceImpl(uid=<gen:38>, collection=org.project.neutrino.nfvo.catalogue.mano.record.NetworkServiceRecord.auto_scale_policy)
                      - SQL table alias mapping - auto_scale21_
                      - alias suffix - 21_
                      - suffixed key columns - {network_1_18_21_}
                      - entity-element alias suffix - 22_
                      - 22_entity-element suffixed key columns - id1_3_22_
                      - JOIN (JoinDefinedByMetadata(elements)) : <gen:38> -> <gen:39>
                         - EntityQuerySpaceImpl(uid=<gen:39>, entity=org.project.neutrino.nfvo.catalogue.mano.common.AutoScalePolicy)
                            - SQL table alias mapping - autoscalep22_
                            - alias suffix - 22_
                            - suffixed key columns - {id1_3_22_}
                - JOIN (JoinDefinedByMetadata(connection_point)) : <gen:37> -> <gen:40>
                   - CollectionQuerySpaceImpl(uid=<gen:40>, collection=org.project.neutrino.nfvo.catalogue.mano.record.NetworkServiceRecord.connection_point)
                      - SQL table alias mapping - connection23_
                      - alias suffix - 23_
                      - suffixed key columns - {network_1_18_23_}
                      - entity-element alias suffix - 24_
                      - 24_entity-element suffixed key columns - id1_4_24_
                      - JOIN (JoinDefinedByMetadata(elements)) : <gen:40> -> <gen:41>
                         - EntityQuerySpaceImpl(uid=<gen:41>, entity=org.project.neutrino.nfvo.catalogue.mano.common.ConnectionPoint)
                            - SQL table alias mapping - connection24_
                            - alias suffix - 24_
                            - suffixed key columns - {id1_4_24_}
                - JOIN (JoinDefinedByMetadata(descriptor_reference)) : <gen:37> -> <gen:42>
                   - EntityQuerySpaceImpl(uid=<gen:42>, entity=org.project.neutrino.nfvo.catalogue.mano.common.NFVEntityDescriptor)
                      - SQL table alias mapping - nfventityd25_
                      - alias suffix - 25_
                      - suffixed key columns - {id1_27_25_}
                - JOIN (JoinDefinedByMetadata(lifecycle_event)) : <gen:37> -> <gen:51>
                   - EntityQuerySpaceImpl(uid=<gen:51>, entity=org.project.neutrino.nfvo.catalogue.mano.common.LifecycleEvent)
                      - SQL table alias mapping - lifecyclee26_
                      - alias suffix - 26_
                      - suffixed key columns - {id1_10_26_}
                - JOIN (JoinDefinedByMetadata(lifecycle_event_history)) : <gen:37> -> <gen:52>
                   - CollectionQuerySpaceImpl(uid=<gen:52>, collection=org.project.neutrino.nfvo.catalogue.mano.record.NetworkServiceRecord.lifecycle_event_history)
                      - SQL table alias mapping - lifecycle_27_
                      - alias suffix - 27_
                      - suffixed key columns - {network_1_18_27_}
                      - entity-element alias suffix - 28_
                      - 28_entity-element suffixed key columns - id1_10_28_
                      - JOIN (JoinDefinedByMetadata(elements)) : <gen:52> -> <gen:53>
                         - EntityQuerySpaceImpl(uid=<gen:53>, entity=org.project.neutrino.nfvo.catalogue.mano.common.LifecycleEvent)
                            - SQL table alias mapping - lifecyclee28_
                            - alias suffix - 28_
                            - suffixed key columns - {id1_10_28_}
                - JOIN (JoinDefinedByMetadata(pnfr)) : <gen:37> -> <gen:54>
                   - CollectionQuerySpaceImpl(uid=<gen:54>, collection=org.project.neutrino.nfvo.catalogue.mano.record.NetworkServiceRecord.pnfr)
                      - SQL table alias mapping - pnfr29_
                      - alias suffix - 29_
                      - suffixed key columns - {network_1_18_29_}
                      - entity-element alias suffix - 30_
                      - 30_entity-element suffixed key columns - id1_37_30_
                      - JOIN (JoinDefinedByMetadata(elements)) : <gen:54> -> <gen:55>
                         - EntityQuerySpaceImpl(uid=<gen:55>, entity=org.project.neutrino.nfvo.catalogue.mano.record.PhysicalNetworkFunctionRecord)
                            - SQL table alias mapping - physicalne30_
                            - alias suffix - 30_
                            - suffixed key columns - {id1_37_30_}
                - JOIN (JoinDefinedByMetadata(service_deployment_flavour)) : <gen:37> -> <gen:64>
                   - EntityQuerySpaceImpl(uid=<gen:64>, entity=org.project.neutrino.nfvo.catalogue.mano.common.ServiceDeploymentFlavour)
                      - SQL table alias mapping - servicedep31_
                      - alias suffix - 31_
                      - suffixed key columns - {id1_7_31_}
                - JOIN (JoinDefinedByMetadata(vlr)) : <gen:37> -> <gen:65>
                   - CollectionQuerySpaceImpl(uid=<gen:65>, collection=org.project.neutrino.nfvo.catalogue.mano.record.NetworkServiceRecord.vlr)
                      - SQL table alias mapping - vlr32_
                      - alias suffix - 32_
                      - suffixed key columns - {network_1_18_32_}
                      - entity-element alias suffix - 33_
                      - 33_entity-element suffixed key columns - id1_54_33_
                      - JOIN (JoinDefinedByMetadata(elements)) : <gen:65> -> <gen:66>
                         - EntityQuerySpaceImpl(uid=<gen:66>, entity=org.project.neutrino.nfvo.catalogue.mano.record.VirtualLinkRecord)
                            - SQL table alias mapping - virtuallin33_
                            - alias suffix - 33_
                            - suffixed key columns - {id1_54_33_}
                - JOIN (JoinDefinedByMetadata(vnf_dependency)) : <gen:37> -> <gen:67>
                   - CollectionQuerySpaceImpl(uid=<gen:67>, collection=org.project.neutrino.nfvo.catalogue.mano.record.NetworkServiceRecord.vnf_dependency)
                      - SQL table alias mapping - vnf_depend34_
                      - alias suffix - 34_
                      - suffixed key columns - {network_1_18_34_}
                      - entity-element alias suffix - 35_
                      - 35_entity-element suffixed key columns - id1_86_35_
                      - JOIN (JoinDefinedByMetadata(elements)) : <gen:67> -> <gen:68>
                         - EntityQuerySpaceImpl(uid=<gen:68>, entity=org.project.neutrino.nfvo.catalogue.mano.common.VNFDependency)
                            - SQL table alias mapping - vnfdepende35_
                            - alias suffix - 35_
                            - suffixed key columns - {id1_86_35_}
                - JOIN (JoinDefinedByMetadata(vnffgr)) : <gen:37> -> <gen:69>
                   - CollectionQuerySpaceImpl(uid=<gen:69>, collection=org.project.neutrino.nfvo.catalogue.mano.record.NetworkServiceRecord.vnffgr)
                      - SQL table alias mapping - vnffgr36_
                      - alias suffix - 36_
                      - suffixed key columns - {network_1_18_36_}
                      - entity-element alias suffix - 37_
                      - 37_entity-element suffixed key columns - id1_87_37_
                      - JOIN (JoinDefinedByMetadata(elements)) : <gen:69> -> <gen:70>
                         - EntityQuerySpaceImpl(uid=<gen:70>, entity=org.project.neutrino.nfvo.catalogue.mano.descriptor.VNFForwardingGraph)
                            - SQL table alias mapping - vnfforward37_
                            - alias suffix - 37_
                            - suffixed key columns - {id1_87_37_}
                - JOIN (JoinDefinedByMetadata(vnfr)) : <gen:37> -> <gen:72>
                   - EntityQuerySpaceImpl(uid=<gen:72>, entity=org.project.neutrino.nfvo.catalogue.mano.record.VirtualNetworkFunctionRecord)
                      - SQL table alias mapping - virtualnet38_
                      - alias suffix - 38_
                      - suffixed key columns - {id1_68_38_}
          - JOIN (JoinDefinedByMetadata(vdu)) : <gen:0> -> <gen:77>
             - CollectionQuerySpaceImpl(uid=<gen:77>, collection=org.project.neutrino.nfvo.catalogue.mano.record.VirtualNetworkFunctionRecord.vdu)
                - SQL table alias mapping - vdu39_
                - alias suffix - 39_
                - suffixed key columns - {virtual_1_68_39_}
                - entity-element alias suffix - 40_
                - 40_entity-element suffixed key columns - id1_47_40_
                - JOIN (JoinDefinedByMetadata(elements)) : <gen:77> -> <gen:78>
                   - EntityQuerySpaceImpl(uid=<gen:78>, entity=org.project.neutrino.nfvo.catalogue.mano.descriptor.VirtualDeploymentUnit)
                      - SQL table alias mapping - virtualdep40_
                      - alias suffix - 40_
                      - suffixed key columns - {id1_47_40_}
                      - JOIN (JoinDefinedByMetadata(monitoring_parameter)) : <gen:78> -> <gen:79>
                         - CollectionQuerySpaceImpl(uid=<gen:79>, collection=org.project.neutrino.nfvo.catalogue.mano.descriptor.VirtualDeploymentUnit.monitoring_parameter)
                            - SQL table alias mapping - monitoring41_
                            - alias suffix - 41_
                            - suffixed key columns - {virtual_1_47_41_}
                      - JOIN (JoinDefinedByMetadata(vm_image)) : <gen:78> -> <gen:80>
                         - CollectionQuerySpaceImpl(uid=<gen:80>, collection=org.project.neutrino.nfvo.catalogue.mano.descriptor.VirtualDeploymentUnit.vm_image)
                            - SQL table alias mapping - vm_image42_
                            - alias suffix - 42_
                            - suffixed key columns - {virtual_1_47_42_}
          - JOIN (JoinDefinedByMetadata(virtual_link)) : <gen:0> -> <gen:81>
             - CollectionQuerySpaceImpl(uid=<gen:81>, collection=org.project.neutrino.nfvo.catalogue.mano.record.VirtualNetworkFunctionRecord.virtual_link)
                - SQL table alias mapping - virtual_li43_
                - alias suffix - 43_
                - suffixed key columns - {virtual_1_68_43_}
                - entity-element alias suffix - 44_
                - 44_entity-element suffixed key columns - id1_0_44_
                - JOIN (JoinDefinedByMetadata(elements)) : <gen:81> -> <gen:82>
                   - EntityQuerySpaceImpl(uid=<gen:82>, entity=org.project.neutrino.nfvo.catalogue.mano.descriptor.InternalVirtualLink)
                      - SQL table alias mapping - internalvi44_
                      - alias suffix - 44_
                      - suffixed key columns - {id1_0_44_}
                      - JOIN (JoinDefinedByMetadata(connection_points_references)) : <gen:82> -> <gen:83>
                         - CollectionQuerySpaceImpl(uid=<gen:83>, collection=org.project.neutrino.nfvo.catalogue.mano.descriptor.InternalVirtualLink.connection_points_references)
                            - SQL table alias mapping - connection45_
                            - alias suffix - 45_
                            - suffixed key columns - {internal1_0_45_}

14:11:15.882 [Test worker] DEBUG o.h.loader.entity.plan.EntityLoader - Static select for entity org.project.neutrino.nfvo.catalogue.mano.record.VirtualNetworkFunctionRecord [READ]: select virtualnet0_.id as id1_68_0_, virtualnet0_.audit_log as audit_lo2_68_0_, virtualnet0_.deployment_flavour_id as deployme9_68_0_, virtualnet0_.descriptor_reference as descript3_68_0_, virtualnet0_.lifecycle_event_id as lifecyc10_68_0_, virtualnet0_.localization as localiza4_68_0_, virtualnet0_.parent_ns_id as parent_11_68_0_, virtualnet0_.status as status5_68_0_, virtualnet0_.vendor as vendor6_68_0_, virtualnet0_.version as version7_68_0_, virtualnet0_.vnfm_id as vnfm_id8_68_0_, auto_scale1_.virtual_network_function_record_id as virtual_1_68_1_, autoscalep2_.id as auto_sca2_69_1_, autoscalep2_.id as id1_3_2_, autoscalep2_.version as version2_3_2_, connected_3_.virtual_network_function_record_id as virtual_1_68_3_, virtuallin4_.id as connecte2_70_3_, virtuallin4_.id as id1_54_4_, virtuallin4_.connectivity_type as connecti2_54_4_, virtuallin4_.descriptor_reference as descript3_54_4_, virtuallin4_.leaf_requirement as leaf_req4_54_4_, virtuallin4_.number_of_enpoints as number_o5_54_4_, virtuallin4_.parent_ns as parent_n6_54_4_, virtuallin4_.root_requirement as root_req7_54_4_, virtuallin4_.status as status8_54_4_, virtuallin4_.test_access as test_acc9_54_4_, virtuallin4_.vendor as vendor10_54_4_, virtuallin4_.version as version11_54_4_, virtuallin4_.vim_id as vim_id12_54_4_, lifecycle_5_.virtual_link_record_id as virtual_1_54_5_, lifecyclee6_.id as lifecycl2_58_5_, lifecyclee6_.id as id1_10_6_, lifecyclee6_.version as version2_10_6_, vnffgr_ref7_.virtual_link_record_id as virtual_1_54_7_, vnfforward8_.id as vnffgr_r2_61_7_, vnfforward8_.id as id1_92_8_, vnfforward8_.audit_log as audit_lo2_92_8_, vnfforward8_.descriptor_reference_id as descrip10_92_8_, vnfforward8_.network_forwarding_path_id as network11_92_8_, vnfforward8_.number_of_endpoints as number_o3_92_8_, vnfforward8_.number_of_pnfs as number_o4_92_8_, vnfforward8_.number_of_virtual_links as number_o5_92_8_, vnfforward8_.number_of_vnfs as number_o6_92_8_, vnfforward8_.parent_ns_id as parent_12_92_8_, vnfforward8_.status as status7_92_8_, vnfforward8_.vendor as vendor8_92_8_, vnfforward8_.version as version9_92_8_, connection9_.virtual_network_function_record_id as virtual_1_68_9_, connection10_.id as connecti2_71_9_, connection10_.id as id1_4_10_, connection10_.type as type2_4_10_, connection10_.version as version3_4_10_, connection10_.virtual_link_reference as virtual_1_82_10_, connection10_.clazz_ as clazz_10_, dependency11_.virtual_network_function_record_id as virtual_1_68_11_, vnfdepende12_.id as dependen2_72_11_, vnfdepende12_.id as id1_86_12_, vnfdepende12_.source_Id as source_I3_86_12_, vnfdepende12_.target_Id as target_I4_86_12_, vnfdepende12_.version as version2_86_12_, virtualnet13_.id as id1_27_13_, virtualnet13_.hb_version as hb_versi2_27_13_, virtualnet13_.vendor as vendor3_27_13_, virtualnet13_.version as version4_27_13_, virtualnet13_.descriptor_version as descript1_62_13_, virtualnet13_.manifest_file as manifest2_62_13_, virtualnet14_.id as id1_27_14_, virtualnet14_.hb_version as hb_versi2_27_14_, virtualnet14_.vendor as vendor3_27_14_, virtualnet14_.version as version4_27_14_, virtualnet14_.descriptor_version as descript1_62_14_, virtualnet14_.manifest_file as manifest2_62_14_, vnfddeploy15_.id as id1_7_15_, vnfddeploy15_.flavour_key as flavour_2_7_15_, vnfddeploy15_.version as version3_7_15_, df_constra16_.vnfddeployment_flavour_id as vnfddepl1_7_16_, df_constra16_.df_constraint as df_const2_85_16_, lifecyclee17_.id as id1_10_17_, lifecyclee17_.version as version2_10_17_, lifecycle_18_.virtual_network_function_record_id as virtual_1_68_18_, lifecyclee19_.id as lifecycl2_73_18_, lifecyclee19_.id as id1_10_19_, lifecyclee19_.version as version2_10_19_, networkser20_.id as id1_18_20_, networkser20_.audit_log as audit_lo2_18_20_, networkser20_.descriptor_reference_Id as descript9_18_20_, networkser20_.lifecycle_event_id as lifecyc10_18_20_, networkser20_.notification as notifica3_18_20_, networkser20_.resource_reservation as resource4_18_20_, networkser20_.runtime_policy_info as runtime_5_18_20_, networkser20_.service_deployment_flavour_id as service11_18_20_, networkser20_.status as status6_18_20_, networkser20_.vendor as vendor7_18_20_, networkser20_.version as version8_18_20_, networkser20_.vnfr_id as vnfr_id12_18_20_, auto_scale21_.network_service_record_id as network_1_18_21_, autoscalep22_.id as auto_sca2_19_21_, autoscalep22_.id as id1_3_22_, autoscalep22_.version as version2_3_22_, connection23_.network_service_record_id as network_1_18_23_, connection24_.id as connecti2_20_23_, connection24_.id as id1_4_24_, connection24_.type as type2_4_24_, connection24_.version as version3_4_24_, connection24_.virtual_link_reference as virtual_1_82_24_, connection24_.clazz_ as clazz_24_, nfventityd25_.id as id1_27_25_, nfventityd25_.hb_version as hb_versi2_27_25_, nfventityd25_.vendor as vendor3_27_25_, nfventityd25_.version as version4_27_25_, nfventityd25_.descriptor_version as descript1_62_25_, nfventityd25_.manifest_file as manifest2_62_25_, nfventityd25_.nsd_security_id as nsd_secu1_14_25_, nfventityd25_.clazz_ as clazz_25_, lifecyclee26_.id as id1_10_26_, lifecyclee26_.version as version2_10_26_, lifecycle_27_.network_service_record_id as network_1_18_27_, lifecyclee28_.id as lifecycl2_21_27_, lifecyclee28_.id as id1_10_28_, lifecyclee28_.version as version2_10_28_, pnfr29_.network_service_record_id as network_1_18_29_, physicalne30_.id as pnfr_id2_23_29_, physicalne30_.id as id1_37_30_, physicalne30_.description as descript2_37_30_, physicalne30_.descriptor_reference_id as descript6_37_30_, physicalne30_.oam_reference as oam_refe3_37_30_, physicalne30_.parent_ns_id as parent_n7_37_30_, physicalne30_.vendor as vendor4_37_30_, physicalne30_.version as version5_37_30_, servicedep31_.id as id1_7_31_, servicedep31_.flavour_key as flavour_2_7_31_, servicedep31_.version as version3_7_31_, vlr32_.network_service_record_id as network_1_18_32_, virtuallin33_.id as vlr_id2_24_32_, virtuallin33_.id as id1_54_33_, virtuallin33_.connectivity_type as connecti2_54_33_, virtuallin33_.descriptor_reference as descript3_54_33_, virtuallin33_.leaf_requirement as leaf_req4_54_33_, virtuallin33_.number_of_enpoints as number_o5_54_33_, virtuallin33_.parent_ns as parent_n6_54_33_, virtuallin33_.root_requirement as root_req7_54_33_, virtuallin33_.status as status8_54_33_, virtuallin33_.test_access as test_acc9_54_33_, virtuallin33_.vendor as vendor10_54_33_, virtuallin33_.version as version11_54_33_, virtuallin33_.vim_id as vim_id12_54_33_, vnf_depend34_.network_service_record_id as network_1_18_34_, vnfdepende35_.id as vnf_depe2_25_34_, vnfdepende35_.id as id1_86_35_, vnfdepende35_.source_Id as source_I3_86_35_, vnfdepende35_.target_Id as target_I4_86_35_, vnfdepende35_.version as version2_86_35_, vnffgr36_.network_service_record_id as network_1_18_36_, vnfforward37_.id as vnffgr_i2_26_36_, vnfforward37_.id as id1_87_37_, vnfforward37_.descriptor_version as descript2_87_37_, vnfforward37_.hb_version as hb_versi3_87_37_, vnfforward37_.number_of_endpoints as number_o4_87_37_, vnfforward37_.number_of_virtual_links as number_o5_87_37_, vnfforward37_.vendor as vendor6_87_37_, vnfforward37_.version as version7_87_37_, vnfforward37_.vnffgd_security_id as vnffgd_s8_87_37_, virtualnet38_.id as id1_68_38_, virtualnet38_.audit_log as audit_lo2_68_38_, virtualnet38_.deployment_flavour_id as deployme9_68_38_, virtualnet38_.descriptor_reference as descript3_68_38_, virtualnet38_.lifecycle_event_id as lifecyc10_68_38_, virtualnet38_.localization as localiza4_68_38_, virtualnet38_.parent_ns_id as parent_11_68_38_, virtualnet38_.status as status5_68_38_, virtualnet38_.vendor as vendor6_68_38_, virtualnet38_.version as version7_68_38_, virtualnet38_.vnfm_id as vnfm_id8_68_38_, vdu39_.virtual_network_function_record_id as virtual_1_68_39_, virtualdep40_.id as vdu_id2_77_39_, virtualdep40_.id as id1_47_40_, virtualdep40_.computation_requirement as computat2_47_40_, virtualdep40_.high_availability as high_ava3_47_40_, virtualdep40_.scale_in_out as scale_in4_47_40_, virtualdep40_.vdu_constraint as vdu_cons5_47_40_, virtualdep40_.version as version6_47_40_, virtualdep40_.virtual_memory_resource_element as virtual_7_47_40_, virtualdep40_.virtual_network_bandwidth_resource as virtual_8_47_40_, monitoring41_.virtual_deployment_unit_id as virtual_1_47_41_, monitoring41_.monitoring_parameter as monitori2_49_41_, vm_image42_.virtual_deployment_unit_id as virtual_1_47_42_, vm_image42_.vm_image as vm_image2_50_42_, virtual_li43_.virtual_network_function_record_id as virtual_1_68_43_, internalvi44_.id as virtual_2_78_43_, internalvi44_.id as id1_0_44_, internalvi44_.connectivity_type as connecti2_0_44_, internalvi44_.leaf_requirement as leaf_req3_0_44_, internalvi44_.root_requirement as root_req4_0_44_, internalvi44_.version as version5_0_44_, connection45_.internal_virtual_link_id as internal1_0_45_, connection45_.connection_points_references as connecti2_9_45_ from virtual_network_function_record virtualnet0_ left outer join virtual_network_function_record_auto_scale_policy auto_scale1_ on virtualnet0_.id=auto_scale1_.virtual_network_function_record_id left outer join auto_scale_policy autoscalep2_ on auto_scale1_.auto_scale_policy_id=autoscalep2_.id left outer join virtual_network_function_record_connected_external_virtual_link connected_3_ on virtualnet0_.id=connected_3_.virtual_network_function_record_id left outer join virtual_link_record virtuallin4_ on connected_3_.connected_external_virtual_link_id=virtuallin4_.id left outer join virtual_link_record_lifecycle_event_history lifecycle_5_ on virtuallin4_.id=lifecycle_5_.virtual_link_record_id left outer join lifecycle_event lifecyclee6_ on lifecycle_5_.lifecycle_event_history_id=lifecyclee6_.id left outer join virtual_link_record_vnffgr_reference vnffgr_ref7_ on virtuallin4_.id=vnffgr_ref7_.virtual_link_record_id left outer join vnfforwarding_graph_record vnfforward8_ on vnffgr_ref7_.vnffgr_reference_id=vnfforward8_.id left outer join virtual_network_function_record_connection_point connection9_ on virtualnet0_.id=connection9_.virtual_network_function_record_id left outer join ( select id, type, version, null as virtual_link_reference, 0 as clazz_ from connection_point union select id, type, version, virtual_link_reference, 1 as clazz_ from vnfdconnection_point ) connection10_ on connection9_.connection_point_id=connection10_.id left outer join virtual_network_function_record_dependency dependency11_ on virtualnet0_.id=dependency11_.virtual_network_function_record_id left outer join vnfdependency vnfdepende12_ on dependency11_.dependency_id=vnfdepende12_.id left outer join virtual_network_function_descriptor virtualnet13_ on vnfdepende12_.source_Id=virtualnet13_.id left outer join virtual_network_function_descriptor virtualnet14_ on vnfdepende12_.target_Id=virtualnet14_.id left outer join vnfddeployment_flavour vnfddeploy15_ on virtualnet0_.deployment_flavour_id=vnfddeploy15_.id left outer join vnfddeployment_flavour_df_constraint df_constra16_ on vnfddeploy15_.id=df_constra16_.vnfddeployment_flavour_id left outer join lifecycle_event lifecyclee17_ on virtualnet0_.lifecycle_event_id=lifecyclee17_.id left outer join virtual_network_function_record_lifecycle_event_history lifecycle_18_ on virtualnet0_.id=lifecycle_18_.virtual_network_function_record_id left outer join lifecycle_event lifecyclee19_ on lifecycle_18_.lifecycle_event_history_id=lifecyclee19_.id left outer join network_service_record networkser20_ on virtualnet0_.parent_ns_id=networkser20_.id left outer join network_service_record_auto_scale_policy auto_scale21_ on networkser20_.id=auto_scale21_.network_service_record_id left outer join auto_scale_policy autoscalep22_ on auto_scale21_.auto_scale_policy_id=autoscalep22_.id left outer join network_service_record_connection_point connection23_ on networkser20_.id=connection23_.network_service_record_id left outer join ( select id, type, version, null as virtual_link_reference, 0 as clazz_ from connection_point union select id, type, version, virtual_link_reference, 1 as clazz_ from vnfdconnection_point ) connection24_ on connection23_.connection_point_id=connection24_.id left outer join ( select id, hb_version, vendor, version, descriptor_version, manifest_file, null as nsd_security_id, 1 as clazz_ from virtual_network_function_descriptor union select id, hb_version, vendor, version, null as descriptor_version, null as manifest_file, nsd_security_id, 2 as clazz_ from network_service_descriptor ) nfventityd25_ on networkser20_.descriptor_reference_Id=nfventityd25_.id left outer join lifecycle_event lifecyclee26_ on networkser20_.lifecycle_event_id=lifecyclee26_.id left outer join network_service_record_lifecycle_event_history lifecycle_27_ on networkser20_.id=lifecycle_27_.network_service_record_id left outer join lifecycle_event lifecyclee28_ on lifecycle_27_.lifecycle_event_history_id=lifecyclee28_.id left outer join network_service_record_pnfr pnfr29_ on networkser20_.id=pnfr29_.network_service_record_id left outer join physical_network_function_record physicalne30_ on pnfr29_.pnfr_id=physicalne30_.id left outer join service_deployment_flavour servicedep31_ on networkser20_.service_deployment_flavour_id=servicedep31_.id left outer join network_service_record_vlr vlr32_ on networkser20_.id=vlr32_.network_service_record_id left outer join virtual_link_record virtuallin33_ on vlr32_.vlr_id=virtuallin33_.id left outer join network_service_record_vnf_dependency vnf_depend34_ on networkser20_.id=vnf_depend34_.network_service_record_id left outer join vnfdependency vnfdepende35_ on vnf_depend34_.vnf_dependency_id=vnfdepende35_.id left outer join network_service_record_vnffgr vnffgr36_ on networkser20_.id=vnffgr36_.network_service_record_id left outer join vnfforwarding_graph vnfforward37_ on vnffgr36_.vnffgr_id=vnfforward37_.id left outer join virtual_network_function_record virtualnet38_ on networkser20_.vnfr_id=virtualnet38_.id left outer join virtual_network_function_record_vdu vdu39_ on virtualnet0_.id=vdu39_.virtual_network_function_record_id left outer join virtual_deployment_unit virtualdep40_ on vdu39_.vdu_id=virtualdep40_.id left outer join virtual_deployment_unit_monitoring_parameter monitoring41_ on virtualdep40_.id=monitoring41_.virtual_deployment_unit_id left outer join virtual_deployment_unit_vm_image vm_image42_ on virtualdep40_.id=vm_image42_.virtual_deployment_unit_id left outer join virtual_network_function_record_virtual_link virtual_li43_ on virtualnet0_.id=virtual_li43_.virtual_network_function_record_id left outer join internal_virtual_link internalvi44_ on virtual_li43_.virtual_link_id=internalvi44_.id left outer join internal_virtual_link_connection_points_references connection45_ on internalvi44_.id=connection45_.internal_virtual_link_id where virtualnet0_.id=?
14:11:15.882 [Test worker] DEBUG o.h.l.p.b.i.spaces.QuerySpacesImpl - Adding QuerySpace : uid = <gen:0> -> org.hibernate.loader.plan.build.internal.spaces.EntityQuerySpaceImpl@4aca53ad]
14:11:15.882 [Test worker] DEBUG o.h.p.w.spi.MetamodelGraphWalker - Visiting attribute path : audit_log
14:11:15.882 [Test worker] DEBUG o.h.p.w.spi.MetamodelGraphWalker - Visiting attribute path : auto_scale_policy
14:11:15.882 [Test worker] DEBUG o.h.l.p.b.i.spaces.QuerySpacesImpl - Adding QuerySpace : uid = <gen:1> -> org.hibernate.loader.plan.build.internal.spaces.CollectionQuerySpaceImpl@be26f07]
14:11:15.883 [Test worker] DEBUG o.h.l.p.b.i.spaces.QuerySpacesImpl - Adding QuerySpace : uid = <gen:2> -> org.hibernate.loader.plan.build.internal.spaces.EntityQuerySpaceImpl@3ee73aa9]
14:11:15.883 [Test worker] DEBUG o.h.p.w.spi.MetamodelGraphWalker - Visiting attribute path : connected_external_virtual_link
14:11:15.883 [Test worker] DEBUG o.h.l.p.b.i.spaces.QuerySpacesImpl - Adding QuerySpace : uid = <gen:3> -> org.hibernate.loader.plan.build.internal.spaces.CollectionQuerySpaceImpl@3ebc4d82]
14:11:15.883 [Test worker] DEBUG o.h.l.p.b.i.spaces.QuerySpacesImpl - Adding QuerySpace : uid = <gen:4> -> org.hibernate.loader.plan.build.internal.spaces.EntityQuerySpaceImpl@3c84b1fb]
14:11:15.883 [Test worker] DEBUG o.h.p.w.spi.MetamodelGraphWalker - Visiting attribute path : connection_point
14:11:15.883 [Test worker] DEBUG o.h.l.p.b.i.spaces.QuerySpacesImpl - Adding QuerySpace : uid = <gen:5> -> org.hibernate.loader.plan.build.internal.spaces.CollectionQuerySpaceImpl@2bc0f4c7]
14:11:15.883 [Test worker] DEBUG o.h.l.p.b.i.spaces.QuerySpacesImpl - Adding QuerySpace : uid = <gen:6> -> org.hibernate.loader.plan.build.internal.spaces.EntityQuerySpaceImpl@9064b42]
14:11:15.883 [Test worker] DEBUG o.h.p.w.spi.MetamodelGraphWalker - Visiting attribute path : dependency
14:11:15.883 [Test worker] DEBUG o.h.l.p.b.i.spaces.QuerySpacesImpl - Adding QuerySpace : uid = <gen:7> -> org.hibernate.loader.plan.build.internal.spaces.CollectionQuerySpaceImpl@7c36deae]
14:11:15.883 [Test worker] DEBUG o.h.l.p.b.i.spaces.QuerySpacesImpl - Adding QuerySpace : uid = <gen:8> -> org.hibernate.loader.plan.build.internal.spaces.EntityQuerySpaceImpl@7655b137]
14:11:15.883 [Test worker] DEBUG o.h.p.w.spi.MetamodelGraphWalker - Visiting attribute path : deployment_flavour
14:11:15.883 [Test worker] DEBUG o.h.l.p.b.i.spaces.QuerySpacesImpl - Adding QuerySpace : uid = <gen:9> -> org.hibernate.loader.plan.build.internal.spaces.EntityQuerySpaceImpl@73e5ce92]
14:11:15.883 [Test worker] DEBUG o.h.p.w.spi.MetamodelGraphWalker - Visiting attribute path : descriptor_reference
14:11:15.883 [Test worker] DEBUG o.h.p.w.spi.MetamodelGraphWalker - Visiting attribute path : lifecycle_event
14:11:15.883 [Test worker] DEBUG o.h.l.p.b.i.spaces.QuerySpacesImpl - Adding QuerySpace : uid = <gen:10> -> org.hibernate.loader.plan.build.internal.spaces.EntityQuerySpaceImpl@745d0eaf]
14:11:15.883 [Test worker] DEBUG o.h.p.w.spi.MetamodelGraphWalker - Visiting attribute path : lifecycle_event_history
14:11:15.883 [Test worker] DEBUG o.h.l.p.b.i.spaces.QuerySpacesImpl - Adding QuerySpace : uid = <gen:11> -> org.hibernate.loader.plan.build.internal.spaces.CollectionQuerySpaceImpl@96f3ed8]
14:11:15.883 [Test worker] DEBUG o.h.l.p.b.i.spaces.QuerySpacesImpl - Adding QuerySpace : uid = <gen:12> -> org.hibernate.loader.plan.build.internal.spaces.EntityQuerySpaceImpl@6686dbbe]
14:11:15.883 [Test worker] DEBUG o.h.p.w.spi.MetamodelGraphWalker - Visiting attribute path : localization
14:11:15.883 [Test worker] DEBUG o.h.p.w.spi.MetamodelGraphWalker - Visiting attribute path : monitoring_parameter
14:11:15.883 [Test worker] DEBUG o.h.p.w.spi.MetamodelGraphWalker - Visiting attribute path : notification
14:11:15.883 [Test worker] DEBUG o.h.p.w.spi.MetamodelGraphWalker - Visiting attribute path : parent_ns
14:11:15.884 [Test worker] DEBUG o.h.l.p.b.i.spaces.QuerySpacesImpl - Adding QuerySpace : uid = <gen:13> -> org.hibernate.loader.plan.build.internal.spaces.EntityQuerySpaceImpl@1fc4cb88]
14:11:15.884 [Test worker] DEBUG o.h.p.w.spi.MetamodelGraphWalker - Visiting attribute path : runtime_policy_info
14:11:15.884 [Test worker] DEBUG o.h.p.w.spi.MetamodelGraphWalker - Visiting attribute path : status
14:11:15.884 [Test worker] DEBUG o.h.p.w.spi.MetamodelGraphWalker - Visiting attribute path : vdu
14:11:15.884 [Test worker] DEBUG o.h.l.p.b.i.spaces.QuerySpacesImpl - Adding QuerySpace : uid = <gen:14> -> org.hibernate.loader.plan.build.internal.spaces.CollectionQuerySpaceImpl@310e5e03]
14:11:15.884 [Test worker] DEBUG o.h.l.p.b.i.spaces.QuerySpacesImpl - Adding QuerySpace : uid = <gen:15> -> org.hibernate.loader.plan.build.internal.spaces.EntityQuerySpaceImpl@263e301e]
14:11:15.884 [Test worker] DEBUG o.h.p.w.spi.MetamodelGraphWalker - Visiting attribute path : vendor
14:11:15.884 [Test worker] DEBUG o.h.p.w.spi.MetamodelGraphWalker - Visiting attribute path : version
14:11:15.884 [Test worker] DEBUG o.h.p.w.spi.MetamodelGraphWalker - Visiting attribute path : virtual_link
14:11:15.884 [Test worker] DEBUG o.h.l.p.b.i.spaces.QuerySpacesImpl - Adding QuerySpace : uid = <gen:16> -> org.hibernate.loader.plan.build.internal.spaces.CollectionQuerySpaceImpl@3cc9152f]
14:11:15.884 [Test worker] DEBUG o.h.l.p.b.i.spaces.QuerySpacesImpl - Adding QuerySpace : uid = <gen:17> -> org.hibernate.loader.plan.build.internal.spaces.EntityQuerySpaceImpl@358ddfd6]
14:11:15.884 [Test worker] DEBUG o.h.p.w.spi.MetamodelGraphWalker - Visiting attribute path : vnf_address
14:11:15.884 [Test worker] DEBUG o.h.p.w.spi.MetamodelGraphWalker - Visiting attribute path : vnfm_id
14:11:15.884 [Test worker] DEBUG o.h.l.p.b.i.FetchStyleLoadPlanBuildingAssociationVisitationStrategy - Building LoadPlan...
14:11:15.884 [Test worker] DEBUG o.h.l.p.e.i.LoadQueryJoinAndFetchProcessor - processing queryspace <gen:0>
14:11:15.885 [Test worker] DEBUG o.h.l.p.b.spi.LoadPlanTreePrinter - LoadPlan(entity=org.project.neutrino.nfvo.catalogue.mano.record.VirtualNetworkFunctionRecord)
    - Returns
       - EntityReturnImpl(entity=org.project.neutrino.nfvo.catalogue.mano.record.VirtualNetworkFunctionRecord, querySpaceUid=<gen:0>, path=org.project.neutrino.nfvo.catalogue.mano.record.VirtualNetworkFunctionRecord)
          - CollectionAttributeFetchImpl(collection=org.project.neutrino.nfvo.catalogue.mano.record.VirtualNetworkFunctionRecord.auto_scale_policy, querySpaceUid=<gen:1>, path=org.project.neutrino.nfvo.catalogue.mano.record.VirtualNetworkFunctionRecord.auto_scale_policy)
             - (collection element) CollectionFetchableElementEntityGraph(entity=org.project.neutrino.nfvo.catalogue.mano.common.AutoScalePolicy, querySpaceUid=<gen:2>, path=org.project.neutrino.nfvo.catalogue.mano.record.VirtualNetworkFunctionRecord.auto_scale_policy.<elements>)
          - CollectionAttributeFetchImpl(collection=org.project.neutrino.nfvo.catalogue.mano.record.VirtualNetworkFunctionRecord.connected_external_virtual_link, querySpaceUid=<gen:3>, path=org.project.neutrino.nfvo.catalogue.mano.record.VirtualNetworkFunctionRecord.connected_external_virtual_link)
             - (collection element) CollectionFetchableElementEntityGraph(entity=org.project.neutrino.nfvo.catalogue.mano.record.VirtualLinkRecord, querySpaceUid=<gen:4>, path=org.project.neutrino.nfvo.catalogue.mano.record.VirtualNetworkFunctionRecord.connected_external_virtual_link.<elements>)
          - CollectionAttributeFetchImpl(collection=org.project.neutrino.nfvo.catalogue.mano.record.VirtualNetworkFunctionRecord.connection_point, querySpaceUid=<gen:5>, path=org.project.neutrino.nfvo.catalogue.mano.record.VirtualNetworkFunctionRecord.connection_point)
             - (collection element) CollectionFetchableElementEntityGraph(entity=org.project.neutrino.nfvo.catalogue.mano.common.ConnectionPoint, querySpaceUid=<gen:6>, path=org.project.neutrino.nfvo.catalogue.mano.record.VirtualNetworkFunctionRecord.connection_point.<elements>)
          - CollectionAttributeFetchImpl(collection=org.project.neutrino.nfvo.catalogue.mano.record.VirtualNetworkFunctionRecord.dependency, querySpaceUid=<gen:7>, path=org.project.neutrino.nfvo.catalogue.mano.record.VirtualNetworkFunctionRecord.dependency)
             - (collection element) CollectionFetchableElementEntityGraph(entity=org.project.neutrino.nfvo.catalogue.mano.common.VNFDependency, querySpaceUid=<gen:8>, path=org.project.neutrino.nfvo.catalogue.mano.record.VirtualNetworkFunctionRecord.dependency.<elements>)
          - EntityAttributeFetchImpl(entity=org.project.neutrino.nfvo.catalogue.mano.descriptor.VNFDDeploymentFlavour, querySpaceUid=<gen:9>, path=org.project.neutrino.nfvo.catalogue.mano.record.VirtualNetworkFunctionRecord.deployment_flavour)
          - EntityAttributeFetchImpl(entity=org.project.neutrino.nfvo.catalogue.mano.common.LifecycleEvent, querySpaceUid=<gen:10>, path=org.project.neutrino.nfvo.catalogue.mano.record.VirtualNetworkFunctionRecord.lifecycle_event)
          - CollectionAttributeFetchImpl(collection=org.project.neutrino.nfvo.catalogue.mano.record.VirtualNetworkFunctionRecord.lifecycle_event_history, querySpaceUid=<gen:11>, path=org.project.neutrino.nfvo.catalogue.mano.record.VirtualNetworkFunctionRecord.lifecycle_event_history)
             - (collection element) CollectionFetchableElementEntityGraph(entity=org.project.neutrino.nfvo.catalogue.mano.common.LifecycleEvent, querySpaceUid=<gen:12>, path=org.project.neutrino.nfvo.catalogue.mano.record.VirtualNetworkFunctionRecord.lifecycle_event_history.<elements>)
          - EntityAttributeFetchImpl(entity=org.project.neutrino.nfvo.catalogue.mano.record.NetworkServiceRecord, querySpaceUid=<gen:13>, path=org.project.neutrino.nfvo.catalogue.mano.record.VirtualNetworkFunctionRecord.parent_ns)
          - CollectionAttributeFetchImpl(collection=org.project.neutrino.nfvo.catalogue.mano.record.VirtualNetworkFunctionRecord.vdu, querySpaceUid=<gen:14>, path=org.project.neutrino.nfvo.catalogue.mano.record.VirtualNetworkFunctionRecord.vdu)
             - (collection element) CollectionFetchableElementEntityGraph(entity=org.project.neutrino.nfvo.catalogue.mano.descriptor.VirtualDeploymentUnit, querySpaceUid=<gen:15>, path=org.project.neutrino.nfvo.catalogue.mano.record.VirtualNetworkFunctionRecord.vdu.<elements>)
          - CollectionAttributeFetchImpl(collection=org.project.neutrino.nfvo.catalogue.mano.record.VirtualNetworkFunctionRecord.virtual_link, querySpaceUid=<gen:16>, path=org.project.neutrino.nfvo.catalogue.mano.record.VirtualNetworkFunctionRecord.virtual_link)
             - (collection element) CollectionFetchableElementEntityGraph(entity=org.project.neutrino.nfvo.catalogue.mano.descriptor.InternalVirtualLink, querySpaceUid=<gen:17>, path=org.project.neutrino.nfvo.catalogue.mano.record.VirtualNetworkFunctionRecord.virtual_link.<elements>)
    - QuerySpaces
       - EntityQuerySpaceImpl(uid=<gen:0>, entity=org.project.neutrino.nfvo.catalogue.mano.record.VirtualNetworkFunctionRecord)
          - SQL table alias mapping - virtualnet0_
          - alias suffix - 0_
          - suffixed key columns - {id1_68_0_}

14:11:15.885 [Test worker] DEBUG o.h.loader.entity.plan.EntityLoader - Static select for entity org.project.neutrino.nfvo.catalogue.mano.record.VirtualNetworkFunctionRecord [UPGRADE]: select virtualnet0_.id as id1_68_0_, virtualnet0_.audit_log as audit_lo2_68_0_, virtualnet0_.deployment_flavour_id as deployme9_68_0_, virtualnet0_.descriptor_reference as descript3_68_0_, virtualnet0_.lifecycle_event_id as lifecyc10_68_0_, virtualnet0_.localization as localiza4_68_0_, virtualnet0_.parent_ns_id as parent_11_68_0_, virtualnet0_.status as status5_68_0_, virtualnet0_.vendor as vendor6_68_0_, virtualnet0_.version as version7_68_0_, virtualnet0_.vnfm_id as vnfm_id8_68_0_ from virtual_network_function_record virtualnet0_ where virtualnet0_.id=? for update
14:11:15.885 [Test worker] DEBUG o.h.l.p.b.i.spaces.QuerySpacesImpl - Adding QuerySpace : uid = <gen:0> -> org.hibernate.loader.plan.build.internal.spaces.EntityQuerySpaceImpl@75627611]
14:11:15.885 [Test worker] DEBUG o.h.p.w.spi.MetamodelGraphWalker - Visiting attribute path : audit_log
14:11:15.885 [Test worker] DEBUG o.h.p.w.spi.MetamodelGraphWalker - Visiting attribute path : auto_scale_policy
14:11:15.885 [Test worker] DEBUG o.h.l.p.b.i.spaces.QuerySpacesImpl - Adding QuerySpace : uid = <gen:1> -> org.hibernate.loader.plan.build.internal.spaces.CollectionQuerySpaceImpl@2217c56e]
14:11:15.885 [Test worker] DEBUG o.h.l.p.b.i.spaces.QuerySpacesImpl - Adding QuerySpace : uid = <gen:2> -> org.hibernate.loader.plan.build.internal.spaces.EntityQuerySpaceImpl@46a2ca3e]
14:11:15.885 [Test worker] DEBUG o.h.p.w.spi.MetamodelGraphWalker - Visiting attribute path : connected_external_virtual_link
14:11:15.885 [Test worker] DEBUG o.h.l.p.b.i.spaces.QuerySpacesImpl - Adding QuerySpace : uid = <gen:3> -> org.hibernate.loader.plan.build.internal.spaces.CollectionQuerySpaceImpl@698bd0ac]
14:11:15.885 [Test worker] DEBUG o.h.l.p.b.i.spaces.QuerySpacesImpl - Adding QuerySpace : uid = <gen:4> -> org.hibernate.loader.plan.build.internal.spaces.EntityQuerySpaceImpl@5a310256]
14:11:15.885 [Test worker] DEBUG o.h.p.w.spi.MetamodelGraphWalker - Visiting attribute path : connection_point
14:11:15.886 [Test worker] DEBUG o.h.l.p.b.i.spaces.QuerySpacesImpl - Adding QuerySpace : uid = <gen:5> -> org.hibernate.loader.plan.build.internal.spaces.CollectionQuerySpaceImpl@47908a5c]
14:11:15.886 [Test worker] DEBUG o.h.l.p.b.i.spaces.QuerySpacesImpl - Adding QuerySpace : uid = <gen:6> -> org.hibernate.loader.plan.build.internal.spaces.EntityQuerySpaceImpl@626bc2b8]
14:11:15.886 [Test worker] DEBUG o.h.p.w.spi.MetamodelGraphWalker - Visiting attribute path : dependency
14:11:15.886 [Test worker] DEBUG o.h.l.p.b.i.spaces.QuerySpacesImpl - Adding QuerySpace : uid = <gen:7> -> org.hibernate.loader.plan.build.internal.spaces.CollectionQuerySpaceImpl@10bcf083]
14:11:15.886 [Test worker] DEBUG o.h.l.p.b.i.spaces.QuerySpacesImpl - Adding QuerySpace : uid = <gen:8> -> org.hibernate.loader.plan.build.internal.spaces.EntityQuerySpaceImpl@6452310a]
14:11:15.886 [Test worker] DEBUG o.h.p.w.spi.MetamodelGraphWalker - Visiting attribute path : deployment_flavour
14:11:15.886 [Test worker] DEBUG o.h.l.p.b.i.spaces.QuerySpacesImpl - Adding QuerySpace : uid = <gen:9> -> org.hibernate.loader.plan.build.internal.spaces.EntityQuerySpaceImpl@5011bafa]
14:11:15.886 [Test worker] DEBUG o.h.p.w.spi.MetamodelGraphWalker - Visiting attribute path : descriptor_reference
14:11:15.886 [Test worker] DEBUG o.h.p.w.spi.MetamodelGraphWalker - Visiting attribute path : lifecycle_event
14:11:15.886 [Test worker] DEBUG o.h.l.p.b.i.spaces.QuerySpacesImpl - Adding QuerySpace : uid = <gen:10> -> org.hibernate.loader.plan.build.internal.spaces.EntityQuerySpaceImpl@3c0a9c27]
14:11:15.886 [Test worker] DEBUG o.h.p.w.spi.MetamodelGraphWalker - Visiting attribute path : lifecycle_event_history
14:11:15.886 [Test worker] DEBUG o.h.l.p.b.i.spaces.QuerySpacesImpl - Adding QuerySpace : uid = <gen:11> -> org.hibernate.loader.plan.build.internal.spaces.CollectionQuerySpaceImpl@5c91e33c]
14:11:15.886 [Test worker] DEBUG o.h.l.p.b.i.spaces.QuerySpacesImpl - Adding QuerySpace : uid = <gen:12> -> org.hibernate.loader.plan.build.internal.spaces.EntityQuerySpaceImpl@6ddda79e]
14:11:15.886 [Test worker] DEBUG o.h.p.w.spi.MetamodelGraphWalker - Visiting attribute path : localization
14:11:15.887 [Test worker] DEBUG o.h.p.w.spi.MetamodelGraphWalker - Visiting attribute path : monitoring_parameter
14:11:15.887 [Test worker] DEBUG o.h.p.w.spi.MetamodelGraphWalker - Visiting attribute path : notification
14:11:15.887 [Test worker] DEBUG o.h.p.w.spi.MetamodelGraphWalker - Visiting attribute path : parent_ns
14:11:15.887 [Test worker] DEBUG o.h.l.p.b.i.spaces.QuerySpacesImpl - Adding QuerySpace : uid = <gen:13> -> org.hibernate.loader.plan.build.internal.spaces.EntityQuerySpaceImpl@7327ae6b]
14:11:15.887 [Test worker] DEBUG o.h.p.w.spi.MetamodelGraphWalker - Visiting attribute path : runtime_policy_info
14:11:15.887 [Test worker] DEBUG o.h.p.w.spi.MetamodelGraphWalker - Visiting attribute path : status
14:11:15.887 [Test worker] DEBUG o.h.p.w.spi.MetamodelGraphWalker - Visiting attribute path : vdu
14:11:15.887 [Test worker] DEBUG o.h.l.p.b.i.spaces.QuerySpacesImpl - Adding QuerySpace : uid = <gen:14> -> org.hibernate.loader.plan.build.internal.spaces.CollectionQuerySpaceImpl@322c2ddd]
14:11:15.887 [Test worker] DEBUG o.h.l.p.b.i.spaces.QuerySpacesImpl - Adding QuerySpace : uid = <gen:15> -> org.hibernate.loader.plan.build.internal.spaces.EntityQuerySpaceImpl@727721e6]
14:11:15.887 [Test worker] DEBUG o.h.p.w.spi.MetamodelGraphWalker - Visiting attribute path : vendor
14:11:15.887 [Test worker] DEBUG o.h.p.w.spi.MetamodelGraphWalker - Visiting attribute path : version
14:11:15.887 [Test worker] DEBUG o.h.p.w.spi.MetamodelGraphWalker - Visiting attribute path : virtual_link
14:11:15.887 [Test worker] DEBUG o.h.l.p.b.i.spaces.QuerySpacesImpl - Adding QuerySpace : uid = <gen:16> -> org.hibernate.loader.plan.build.internal.spaces.CollectionQuerySpaceImpl@6b52bdbf]
14:11:15.887 [Test worker] DEBUG o.h.l.p.b.i.spaces.QuerySpacesImpl - Adding QuerySpace : uid = <gen:17> -> org.hibernate.loader.plan.build.internal.spaces.EntityQuerySpaceImpl@5277da5]
14:11:15.887 [Test worker] DEBUG o.h.p.w.spi.MetamodelGraphWalker - Visiting attribute path : vnf_address
14:11:15.888 [Test worker] DEBUG o.h.p.w.spi.MetamodelGraphWalker - Visiting attribute path : vnfm_id
14:11:15.888 [Test worker] DEBUG o.h.l.p.b.i.FetchStyleLoadPlanBuildingAssociationVisitationStrategy - Building LoadPlan...
14:11:15.888 [Test worker] DEBUG o.h.l.p.e.i.LoadQueryJoinAndFetchProcessor - processing queryspace <gen:0>
14:11:15.888 [Test worker] DEBUG o.h.l.p.b.spi.LoadPlanTreePrinter - LoadPlan(entity=org.project.neutrino.nfvo.catalogue.mano.record.VirtualNetworkFunctionRecord)
    - Returns
       - EntityReturnImpl(entity=org.project.neutrino.nfvo.catalogue.mano.record.VirtualNetworkFunctionRecord, querySpaceUid=<gen:0>, path=org.project.neutrino.nfvo.catalogue.mano.record.VirtualNetworkFunctionRecord)
          - CollectionAttributeFetchImpl(collection=org.project.neutrino.nfvo.catalogue.mano.record.VirtualNetworkFunctionRecord.auto_scale_policy, querySpaceUid=<gen:1>, path=org.project.neutrino.nfvo.catalogue.mano.record.VirtualNetworkFunctionRecord.auto_scale_policy)
             - (collection element) CollectionFetchableElementEntityGraph(entity=org.project.neutrino.nfvo.catalogue.mano.common.AutoScalePolicy, querySpaceUid=<gen:2>, path=org.project.neutrino.nfvo.catalogue.mano.record.VirtualNetworkFunctionRecord.auto_scale_policy.<elements>)
          - CollectionAttributeFetchImpl(collection=org.project.neutrino.nfvo.catalogue.mano.record.VirtualNetworkFunctionRecord.connected_external_virtual_link, querySpaceUid=<gen:3>, path=org.project.neutrino.nfvo.catalogue.mano.record.VirtualNetworkFunctionRecord.connected_external_virtual_link)
             - (collection element) CollectionFetchableElementEntityGraph(entity=org.project.neutrino.nfvo.catalogue.mano.record.VirtualLinkRecord, querySpaceUid=<gen:4>, path=org.project.neutrino.nfvo.catalogue.mano.record.VirtualNetworkFunctionRecord.connected_external_virtual_link.<elements>)
          - CollectionAttributeFetchImpl(collection=org.project.neutrino.nfvo.catalogue.mano.record.VirtualNetworkFunctionRecord.connection_point, querySpaceUid=<gen:5>, path=org.project.neutrino.nfvo.catalogue.mano.record.VirtualNetworkFunctionRecord.connection_point)
             - (collection element) CollectionFetchableElementEntityGraph(entity=org.project.neutrino.nfvo.catalogue.mano.common.ConnectionPoint, querySpaceUid=<gen:6>, path=org.project.neutrino.nfvo.catalogue.mano.record.VirtualNetworkFunctionRecord.connection_point.<elements>)
          - CollectionAttributeFetchImpl(collection=org.project.neutrino.nfvo.catalogue.mano.record.VirtualNetworkFunctionRecord.dependency, querySpaceUid=<gen:7>, path=org.project.neutrino.nfvo.catalogue.mano.record.VirtualNetworkFunctionRecord.dependency)
             - (collection element) CollectionFetchableElementEntityGraph(entity=org.project.neutrino.nfvo.catalogue.mano.common.VNFDependency, querySpaceUid=<gen:8>, path=org.project.neutrino.nfvo.catalogue.mano.record.VirtualNetworkFunctionRecord.dependency.<elements>)
          - EntityAttributeFetchImpl(entity=org.project.neutrino.nfvo.catalogue.mano.descriptor.VNFDDeploymentFlavour, querySpaceUid=<gen:9>, path=org.project.neutrino.nfvo.catalogue.mano.record.VirtualNetworkFunctionRecord.deployment_flavour)
          - EntityAttributeFetchImpl(entity=org.project.neutrino.nfvo.catalogue.mano.common.LifecycleEvent, querySpaceUid=<gen:10>, path=org.project.neutrino.nfvo.catalogue.mano.record.VirtualNetworkFunctionRecord.lifecycle_event)
          - CollectionAttributeFetchImpl(collection=org.project.neutrino.nfvo.catalogue.mano.record.VirtualNetworkFunctionRecord.lifecycle_event_history, querySpaceUid=<gen:11>, path=org.project.neutrino.nfvo.catalogue.mano.record.VirtualNetworkFunctionRecord.lifecycle_event_history)
             - (collection element) CollectionFetchableElementEntityGraph(entity=org.project.neutrino.nfvo.catalogue.mano.common.LifecycleEvent, querySpaceUid=<gen:12>, path=org.project.neutrino.nfvo.catalogue.mano.record.VirtualNetworkFunctionRecord.lifecycle_event_history.<elements>)
          - EntityAttributeFetchImpl(entity=org.project.neutrino.nfvo.catalogue.mano.record.NetworkServiceRecord, querySpaceUid=<gen:13>, path=org.project.neutrino.nfvo.catalogue.mano.record.VirtualNetworkFunctionRecord.parent_ns)
          - CollectionAttributeFetchImpl(collection=org.project.neutrino.nfvo.catalogue.mano.record.VirtualNetworkFunctionRecord.vdu, querySpaceUid=<gen:14>, path=org.project.neutrino.nfvo.catalogue.mano.record.VirtualNetworkFunctionRecord.vdu)
             - (collection element) CollectionFetchableElementEntityGraph(entity=org.project.neutrino.nfvo.catalogue.mano.descriptor.VirtualDeploymentUnit, querySpaceUid=<gen:15>, path=org.project.neutrino.nfvo.catalogue.mano.record.VirtualNetworkFunctionRecord.vdu.<elements>)
          - CollectionAttributeFetchImpl(collection=org.project.neutrino.nfvo.catalogue.mano.record.VirtualNetworkFunctionRecord.virtual_link, querySpaceUid=<gen:16>, path=org.project.neutrino.nfvo.catalogue.mano.record.VirtualNetworkFunctionRecord.virtual_link)
             - (collection element) CollectionFetchableElementEntityGraph(entity=org.project.neutrino.nfvo.catalogue.mano.descriptor.InternalVirtualLink, querySpaceUid=<gen:17>, path=org.project.neutrino.nfvo.catalogue.mano.record.VirtualNetworkFunctionRecord.virtual_link.<elements>)
    - QuerySpaces
       - EntityQuerySpaceImpl(uid=<gen:0>, entity=org.project.neutrino.nfvo.catalogue.mano.record.VirtualNetworkFunctionRecord)
          - SQL table alias mapping - virtualnet0_
          - alias suffix - 0_
          - suffixed key columns - {id1_68_0_}

14:11:15.888 [Test worker] DEBUG o.h.loader.entity.plan.EntityLoader - Static select for entity org.project.neutrino.nfvo.catalogue.mano.record.VirtualNetworkFunctionRecord [UPGRADE_NOWAIT]: select virtualnet0_.id as id1_68_0_, virtualnet0_.audit_log as audit_lo2_68_0_, virtualnet0_.deployment_flavour_id as deployme9_68_0_, virtualnet0_.descriptor_reference as descript3_68_0_, virtualnet0_.lifecycle_event_id as lifecyc10_68_0_, virtualnet0_.localization as localiza4_68_0_, virtualnet0_.parent_ns_id as parent_11_68_0_, virtualnet0_.status as status5_68_0_, virtualnet0_.vendor as vendor6_68_0_, virtualnet0_.version as version7_68_0_, virtualnet0_.vnfm_id as vnfm_id8_68_0_ from virtual_network_function_record virtualnet0_ where virtualnet0_.id=? for update
14:11:15.888 [Test worker] DEBUG o.h.l.p.b.i.spaces.QuerySpacesImpl - Adding QuerySpace : uid = <gen:0> -> org.hibernate.loader.plan.build.internal.spaces.EntityQuerySpaceImpl@63a9de47]
14:11:15.889 [Test worker] DEBUG o.h.p.w.spi.MetamodelGraphWalker - Visiting attribute path : audit_log
14:11:15.889 [Test worker] DEBUG o.h.p.w.spi.MetamodelGraphWalker - Visiting attribute path : auto_scale_policy
14:11:15.889 [Test worker] DEBUG o.h.l.p.b.i.spaces.QuerySpacesImpl - Adding QuerySpace : uid = <gen:1> -> org.hibernate.loader.plan.build.internal.spaces.CollectionQuerySpaceImpl@1bbc6084]
14:11:15.889 [Test worker] DEBUG o.h.l.p.b.i.spaces.QuerySpacesImpl - Adding QuerySpace : uid = <gen:2> -> org.hibernate.loader.plan.build.internal.spaces.EntityQuerySpaceImpl@6c648855]
14:11:15.889 [Test worker] DEBUG o.h.p.w.spi.MetamodelGraphWalker - Visiting attribute path : connected_external_virtual_link
14:11:15.889 [Test worker] DEBUG o.h.l.p.b.i.spaces.QuerySpacesImpl - Adding QuerySpace : uid = <gen:3> -> org.hibernate.loader.plan.build.internal.spaces.CollectionQuerySpaceImpl@3c32bc0b]
14:11:15.889 [Test worker] DEBUG o.h.l.p.b.i.spaces.QuerySpacesImpl - Adding QuerySpace : uid = <gen:4> -> org.hibernate.loader.plan.build.internal.spaces.EntityQuerySpaceImpl@26d7950d]
14:11:15.889 [Test worker] DEBUG o.h.p.w.spi.MetamodelGraphWalker - Visiting attribute path : connection_point
14:11:15.889 [Test worker] DEBUG o.h.l.p.b.i.spaces.QuerySpacesImpl - Adding QuerySpace : uid = <gen:5> -> org.hibernate.loader.plan.build.internal.spaces.CollectionQuerySpaceImpl@137a9c67]
14:11:15.889 [Test worker] DEBUG o.h.l.p.b.i.spaces.QuerySpacesImpl - Adding QuerySpace : uid = <gen:6> -> org.hibernate.loader.plan.build.internal.spaces.EntityQuerySpaceImpl@56b2382e]
14:11:15.889 [Test worker] DEBUG o.h.p.w.spi.MetamodelGraphWalker - Visiting attribute path : dependency
14:11:15.889 [Test worker] DEBUG o.h.l.p.b.i.spaces.QuerySpacesImpl - Adding QuerySpace : uid = <gen:7> -> org.hibernate.loader.plan.build.internal.spaces.CollectionQuerySpaceImpl@4e868079]
14:11:15.889 [Test worker] DEBUG o.h.l.p.b.i.spaces.QuerySpacesImpl - Adding QuerySpace : uid = <gen:8> -> org.hibernate.loader.plan.build.internal.spaces.EntityQuerySpaceImpl@605cb035]
14:11:15.890 [Test worker] DEBUG o.h.p.w.spi.MetamodelGraphWalker - Visiting attribute path : deployment_flavour
14:11:15.890 [Test worker] DEBUG o.h.l.p.b.i.spaces.QuerySpacesImpl - Adding QuerySpace : uid = <gen:9> -> org.hibernate.loader.plan.build.internal.spaces.EntityQuerySpaceImpl@653498ff]
14:11:15.890 [Test worker] DEBUG o.h.p.w.spi.MetamodelGraphWalker - Visiting attribute path : descriptor_reference
14:11:15.890 [Test worker] DEBUG o.h.p.w.spi.MetamodelGraphWalker - Visiting attribute path : lifecycle_event
14:11:15.890 [Test worker] DEBUG o.h.l.p.b.i.spaces.QuerySpacesImpl - Adding QuerySpace : uid = <gen:10> -> org.hibernate.loader.plan.build.internal.spaces.EntityQuerySpaceImpl@6028c141]
14:11:15.890 [Test worker] DEBUG o.h.p.w.spi.MetamodelGraphWalker - Visiting attribute path : lifecycle_event_history
14:11:15.890 [Test worker] DEBUG o.h.l.p.b.i.spaces.QuerySpacesImpl - Adding QuerySpace : uid = <gen:11> -> org.hibernate.loader.plan.build.internal.spaces.CollectionQuerySpaceImpl@13a7c3b9]
14:11:15.890 [Test worker] DEBUG o.h.l.p.b.i.spaces.QuerySpacesImpl - Adding QuerySpace : uid = <gen:12> -> org.hibernate.loader.plan.build.internal.spaces.EntityQuerySpaceImpl@6b22b0c3]
14:11:15.890 [Test worker] DEBUG o.h.p.w.spi.MetamodelGraphWalker - Visiting attribute path : localization
14:11:15.890 [Test worker] DEBUG o.h.p.w.spi.MetamodelGraphWalker - Visiting attribute path : monitoring_parameter
14:11:15.890 [Test worker] DEBUG o.h.p.w.spi.MetamodelGraphWalker - Visiting attribute path : notification
14:11:15.890 [Test worker] DEBUG o.h.p.w.spi.MetamodelGraphWalker - Visiting attribute path : parent_ns
14:11:15.890 [Test worker] DEBUG o.h.l.p.b.i.spaces.QuerySpacesImpl - Adding QuerySpace : uid = <gen:13> -> org.hibernate.loader.plan.build.internal.spaces.EntityQuerySpaceImpl@32830928]
14:11:15.890 [Test worker] DEBUG o.h.p.w.spi.MetamodelGraphWalker - Visiting attribute path : runtime_policy_info
14:11:15.891 [Test worker] DEBUG o.h.p.w.spi.MetamodelGraphWalker - Visiting attribute path : status
14:11:15.891 [Test worker] DEBUG o.h.p.w.spi.MetamodelGraphWalker - Visiting attribute path : vdu
14:11:15.891 [Test worker] DEBUG o.h.l.p.b.i.spaces.QuerySpacesImpl - Adding QuerySpace : uid = <gen:14> -> org.hibernate.loader.plan.build.internal.spaces.CollectionQuerySpaceImpl@38ce3b00]
14:11:15.891 [Test worker] DEBUG o.h.l.p.b.i.spaces.QuerySpacesImpl - Adding QuerySpace : uid = <gen:15> -> org.hibernate.loader.plan.build.internal.spaces.EntityQuerySpaceImpl@6b839a22]
14:11:15.891 [Test worker] DEBUG o.h.p.w.spi.MetamodelGraphWalker - Visiting attribute path : vendor
14:11:15.891 [Test worker] DEBUG o.h.p.w.spi.MetamodelGraphWalker - Visiting attribute path : version
14:11:15.891 [Test worker] DEBUG o.h.p.w.spi.MetamodelGraphWalker - Visiting attribute path : virtual_link
14:11:15.891 [Test worker] DEBUG o.h.l.p.b.i.spaces.QuerySpacesImpl - Adding QuerySpace : uid = <gen:16> -> org.hibernate.loader.plan.build.internal.spaces.CollectionQuerySpaceImpl@cfc6553]
14:11:15.891 [Test worker] DEBUG o.h.l.p.b.i.spaces.QuerySpacesImpl - Adding QuerySpace : uid = <gen:17> -> org.hibernate.loader.plan.build.internal.spaces.EntityQuerySpaceImpl@e6032ce]
14:11:15.891 [Test worker] DEBUG o.h.p.w.spi.MetamodelGraphWalker - Visiting attribute path : vnf_address
14:11:15.891 [Test worker] DEBUG o.h.p.w.spi.MetamodelGraphWalker - Visiting attribute path : vnfm_id
14:11:15.891 [Test worker] DEBUG o.h.l.p.b.i.FetchStyleLoadPlanBuildingAssociationVisitationStrategy - Building LoadPlan...
14:11:15.891 [Test worker] DEBUG o.h.l.p.e.i.LoadQueryJoinAndFetchProcessor - processing queryspace <gen:0>
14:11:15.892 [Test worker] DEBUG o.h.l.p.b.spi.LoadPlanTreePrinter - LoadPlan(entity=org.project.neutrino.nfvo.catalogue.mano.record.VirtualNetworkFunctionRecord)
    - Returns
       - EntityReturnImpl(entity=org.project.neutrino.nfvo.catalogue.mano.record.VirtualNetworkFunctionRecord, querySpaceUid=<gen:0>, path=org.project.neutrino.nfvo.catalogue.mano.record.VirtualNetworkFunctionRecord)
          - CollectionAttributeFetchImpl(collection=org.project.neutrino.nfvo.catalogue.mano.record.VirtualNetworkFunctionRecord.auto_scale_policy, querySpaceUid=<gen:1>, path=org.project.neutrino.nfvo.catalogue.mano.record.VirtualNetworkFunctionRecord.auto_scale_policy)
             - (collection element) CollectionFetchableElementEntityGraph(entity=org.project.neutrino.nfvo.catalogue.mano.common.AutoScalePolicy, querySpaceUid=<gen:2>, path=org.project.neutrino.nfvo.catalogue.mano.record.VirtualNetworkFunctionRecord.auto_scale_policy.<elements>)
          - CollectionAttributeFetchImpl(collection=org.project.neutrino.nfvo.catalogue.mano.record.VirtualNetworkFunctionRecord.connected_external_virtual_link, querySpaceUid=<gen:3>, path=org.project.neutrino.nfvo.catalogue.mano.record.VirtualNetworkFunctionRecord.connected_external_virtual_link)
             - (collection element) CollectionFetchableElementEntityGraph(entity=org.project.neutrino.nfvo.catalogue.mano.record.VirtualLinkRecord, querySpaceUid=<gen:4>, path=org.project.neutrino.nfvo.catalogue.mano.record.VirtualNetworkFunctionRecord.connected_external_virtual_link.<elements>)
          - CollectionAttributeFetchImpl(collection=org.project.neutrino.nfvo.catalogue.mano.record.VirtualNetworkFunctionRecord.connection_point, querySpaceUid=<gen:5>, path=org.project.neutrino.nfvo.catalogue.mano.record.VirtualNetworkFunctionRecord.connection_point)
             - (collection element) CollectionFetchableElementEntityGraph(entity=org.project.neutrino.nfvo.catalogue.mano.common.ConnectionPoint, querySpaceUid=<gen:6>, path=org.project.neutrino.nfvo.catalogue.mano.record.VirtualNetworkFunctionRecord.connection_point.<elements>)
          - CollectionAttributeFetchImpl(collection=org.project.neutrino.nfvo.catalogue.mano.record.VirtualNetworkFunctionRecord.dependency, querySpaceUid=<gen:7>, path=org.project.neutrino.nfvo.catalogue.mano.record.VirtualNetworkFunctionRecord.dependency)
             - (collection element) CollectionFetchableElementEntityGraph(entity=org.project.neutrino.nfvo.catalogue.mano.common.VNFDependency, querySpaceUid=<gen:8>, path=org.project.neutrino.nfvo.catalogue.mano.record.VirtualNetworkFunctionRecord.dependency.<elements>)
          - EntityAttributeFetchImpl(entity=org.project.neutrino.nfvo.catalogue.mano.descriptor.VNFDDeploymentFlavour, querySpaceUid=<gen:9>, path=org.project.neutrino.nfvo.catalogue.mano.record.VirtualNetworkFunctionRecord.deployment_flavour)
          - EntityAttributeFetchImpl(entity=org.project.neutrino.nfvo.catalogue.mano.common.LifecycleEvent, querySpaceUid=<gen:10>, path=org.project.neutrino.nfvo.catalogue.mano.record.VirtualNetworkFunctionRecord.lifecycle_event)
          - CollectionAttributeFetchImpl(collection=org.project.neutrino.nfvo.catalogue.mano.record.VirtualNetworkFunctionRecord.lifecycle_event_history, querySpaceUid=<gen:11>, path=org.project.neutrino.nfvo.catalogue.mano.record.VirtualNetworkFunctionRecord.lifecycle_event_history)
             - (collection element) CollectionFetchableElementEntityGraph(entity=org.project.neutrino.nfvo.catalogue.mano.common.LifecycleEvent, querySpaceUid=<gen:12>, path=org.project.neutrino.nfvo.catalogue.mano.record.VirtualNetworkFunctionRecord.lifecycle_event_history.<elements>)
          - EntityAttributeFetchImpl(entity=org.project.neutrino.nfvo.catalogue.mano.record.NetworkServiceRecord, querySpaceUid=<gen:13>, path=org.project.neutrino.nfvo.catalogue.mano.record.VirtualNetworkFunctionRecord.parent_ns)
          - CollectionAttributeFetchImpl(collection=org.project.neutrino.nfvo.catalogue.mano.record.VirtualNetworkFunctionRecord.vdu, querySpaceUid=<gen:14>, path=org.project.neutrino.nfvo.catalogue.mano.record.VirtualNetworkFunctionRecord.vdu)
             - (collection element) CollectionFetchableElementEntityGraph(entity=org.project.neutrino.nfvo.catalogue.mano.descriptor.VirtualDeploymentUnit, querySpaceUid=<gen:15>, path=org.project.neutrino.nfvo.catalogue.mano.record.VirtualNetworkFunctionRecord.vdu.<elements>)
          - CollectionAttributeFetchImpl(collection=org.project.neutrino.nfvo.catalogue.mano.record.VirtualNetworkFunctionRecord.virtual_link, querySpaceUid=<gen:16>, path=org.project.neutrino.nfvo.catalogue.mano.record.VirtualNetworkFunctionRecord.virtual_link)
             - (collection element) CollectionFetchableElementEntityGraph(entity=org.project.neutrino.nfvo.catalogue.mano.descriptor.InternalVirtualLink, querySpaceUid=<gen:17>, path=org.project.neutrino.nfvo.catalogue.mano.record.VirtualNetworkFunctionRecord.virtual_link.<elements>)
    - QuerySpaces
       - EntityQuerySpaceImpl(uid=<gen:0>, entity=org.project.neutrino.nfvo.catalogue.mano.record.VirtualNetworkFunctionRecord)
          - SQL table alias mapping - virtualnet0_
          - alias suffix - 0_
          - suffixed key columns - {id1_68_0_}

14:11:15.892 [Test worker] DEBUG o.h.loader.entity.plan.EntityLoader - Static select for entity org.project.neutrino.nfvo.catalogue.mano.record.VirtualNetworkFunctionRecord [UPGRADE_SKIPLOCKED]: select virtualnet0_.id as id1_68_0_, virtualnet0_.audit_log as audit_lo2_68_0_, virtualnet0_.deployment_flavour_id as deployme9_68_0_, virtualnet0_.descriptor_reference as descript3_68_0_, virtualnet0_.lifecycle_event_id as lifecyc10_68_0_, virtualnet0_.localization as localiza4_68_0_, virtualnet0_.parent_ns_id as parent_11_68_0_, virtualnet0_.status as status5_68_0_, virtualnet0_.vendor as vendor6_68_0_, virtualnet0_.version as version7_68_0_, virtualnet0_.vnfm_id as vnfm_id8_68_0_ from virtual_network_function_record virtualnet0_ where virtualnet0_.id=? for update
14:11:15.892 [Test worker] DEBUG o.h.l.p.b.i.spaces.QuerySpacesImpl - Adding QuerySpace : uid = <gen:0> -> org.hibernate.loader.plan.build.internal.spaces.EntityQuerySpaceImpl@4da779c1]
14:11:15.892 [Test worker] DEBUG o.h.p.w.spi.MetamodelGraphWalker - Visiting attribute path : audit_log
14:11:15.892 [Test worker] DEBUG o.h.p.w.spi.MetamodelGraphWalker - Visiting attribute path : auto_scale_policy
14:11:15.892 [Test worker] DEBUG o.h.l.p.b.i.spaces.QuerySpacesImpl - Adding QuerySpace : uid = <gen:1> -> org.hibernate.loader.plan.build.internal.spaces.CollectionQuerySpaceImpl@6dcc3faa]
14:11:15.892 [Test worker] DEBUG o.h.l.p.b.i.spaces.QuerySpacesImpl - Adding QuerySpace : uid = <gen:2> -> org.hibernate.loader.plan.build.internal.spaces.EntityQuerySpaceImpl@7c67ea36]
14:11:15.893 [Test worker] DEBUG o.h.p.w.spi.MetamodelGraphWalker - Visiting attribute path : connected_external_virtual_link
14:11:15.893 [Test worker] DEBUG o.h.l.p.b.i.spaces.QuerySpacesImpl - Adding QuerySpace : uid = <gen:3> -> org.hibernate.loader.plan.build.internal.spaces.CollectionQuerySpaceImpl@a41bf09]
14:11:15.893 [Test worker] DEBUG o.h.l.p.b.i.spaces.QuerySpacesImpl - Adding QuerySpace : uid = <gen:4> -> org.hibernate.loader.plan.build.internal.spaces.EntityQuerySpaceImpl@6264ed21]
14:11:15.893 [Test worker] DEBUG o.h.p.w.spi.MetamodelGraphWalker - Visiting attribute path : connection_point
14:11:15.893 [Test worker] DEBUG o.h.l.p.b.i.spaces.QuerySpacesImpl - Adding QuerySpace : uid = <gen:5> -> org.hibernate.loader.plan.build.internal.spaces.CollectionQuerySpaceImpl@500c43fe]
14:11:15.893 [Test worker] DEBUG o.h.l.p.b.i.spaces.QuerySpacesImpl - Adding QuerySpace : uid = <gen:6> -> org.hibernate.loader.plan.build.internal.spaces.EntityQuerySpaceImpl@554401c0]
14:11:15.893 [Test worker] DEBUG o.h.p.w.spi.MetamodelGraphWalker - Visiting attribute path : dependency
14:11:15.893 [Test worker] DEBUG o.h.l.p.b.i.spaces.QuerySpacesImpl - Adding QuerySpace : uid = <gen:7> -> org.hibernate.loader.plan.build.internal.spaces.CollectionQuerySpaceImpl@63cf0ffb]
14:11:15.893 [Test worker] DEBUG o.h.l.p.b.i.spaces.QuerySpacesImpl - Adding QuerySpace : uid = <gen:8> -> org.hibernate.loader.plan.build.internal.spaces.EntityQuerySpaceImpl@2f225aee]
14:11:15.893 [Test worker] DEBUG o.h.p.w.spi.MetamodelGraphWalker - Visiting attribute path : deployment_flavour
14:11:15.893 [Test worker] DEBUG o.h.l.p.b.i.spaces.QuerySpacesImpl - Adding QuerySpace : uid = <gen:9> -> org.hibernate.loader.plan.build.internal.spaces.EntityQuerySpaceImpl@787fd76e]
14:11:15.893 [Test worker] DEBUG o.h.p.w.spi.MetamodelGraphWalker - Visiting attribute path : descriptor_reference
14:11:15.893 [Test worker] DEBUG o.h.p.w.spi.MetamodelGraphWalker - Visiting attribute path : lifecycle_event
14:11:15.894 [Test worker] DEBUG o.h.l.p.b.i.spaces.QuerySpacesImpl - Adding QuerySpace : uid = <gen:10> -> org.hibernate.loader.plan.build.internal.spaces.EntityQuerySpaceImpl@1118b490]
14:11:15.894 [Test worker] DEBUG o.h.p.w.spi.MetamodelGraphWalker - Visiting attribute path : lifecycle_event_history
14:11:15.894 [Test worker] DEBUG o.h.l.p.b.i.spaces.QuerySpacesImpl - Adding QuerySpace : uid = <gen:11> -> org.hibernate.loader.plan.build.internal.spaces.CollectionQuerySpaceImpl@6cf662b4]
14:11:15.894 [Test worker] DEBUG o.h.l.p.b.i.spaces.QuerySpacesImpl - Adding QuerySpace : uid = <gen:12> -> org.hibernate.loader.plan.build.internal.spaces.EntityQuerySpaceImpl@23ca4f4f]
14:11:15.894 [Test worker] DEBUG o.h.p.w.spi.MetamodelGraphWalker - Visiting attribute path : localization
14:11:15.894 [Test worker] DEBUG o.h.p.w.spi.MetamodelGraphWalker - Visiting attribute path : monitoring_parameter
14:11:15.894 [Test worker] DEBUG o.h.p.w.spi.MetamodelGraphWalker - Visiting attribute path : notification
14:11:15.894 [Test worker] DEBUG o.h.p.w.spi.MetamodelGraphWalker - Visiting attribute path : parent_ns
14:11:15.894 [Test worker] DEBUG o.h.l.p.b.i.spaces.QuerySpacesImpl - Adding QuerySpace : uid = <gen:13> -> org.hibernate.loader.plan.build.internal.spaces.EntityQuerySpaceImpl@371cdde4]
14:11:15.894 [Test worker] DEBUG o.h.p.w.spi.MetamodelGraphWalker - Visiting attribute path : runtime_policy_info
14:11:15.894 [Test worker] DEBUG o.h.p.w.spi.MetamodelGraphWalker - Visiting attribute path : status
14:11:15.894 [Test worker] DEBUG o.h.p.w.spi.MetamodelGraphWalker - Visiting attribute path : vdu
14:11:15.894 [Test worker] DEBUG o.h.l.p.b.i.spaces.QuerySpacesImpl - Adding QuerySpace : uid = <gen:14> -> org.hibernate.loader.plan.build.internal.spaces.CollectionQuerySpaceImpl@482bc000]
14:11:15.894 [Test worker] DEBUG o.h.l.p.b.i.spaces.QuerySpacesImpl - Adding QuerySpace : uid = <gen:15> -> org.hibernate.loader.plan.build.internal.spaces.EntityQuerySpaceImpl@304a6504]
14:11:15.895 [Test worker] DEBUG o.h.p.w.spi.MetamodelGraphWalker - Visiting attribute path : vendor
14:11:15.895 [Test worker] DEBUG o.h.p.w.spi.MetamodelGraphWalker - Visiting attribute path : version
14:11:15.895 [Test worker] DEBUG o.h.p.w.spi.MetamodelGraphWalker - Visiting attribute path : virtual_link
14:11:15.895 [Test worker] DEBUG o.h.l.p.b.i.spaces.QuerySpacesImpl - Adding QuerySpace : uid = <gen:16> -> org.hibernate.loader.plan.build.internal.spaces.CollectionQuerySpaceImpl@642e0260]
14:11:15.895 [Test worker] DEBUG o.h.l.p.b.i.spaces.QuerySpacesImpl - Adding QuerySpace : uid = <gen:17> -> org.hibernate.loader.plan.build.internal.spaces.EntityQuerySpaceImpl@89e2002]
14:11:15.895 [Test worker] DEBUG o.h.p.w.spi.MetamodelGraphWalker - Visiting attribute path : vnf_address
14:11:15.895 [Test worker] DEBUG o.h.p.w.spi.MetamodelGraphWalker - Visiting attribute path : vnfm_id
14:11:15.895 [Test worker] DEBUG o.h.l.p.b.i.FetchStyleLoadPlanBuildingAssociationVisitationStrategy - Building LoadPlan...
14:11:15.895 [Test worker] DEBUG o.h.l.p.e.i.LoadQueryJoinAndFetchProcessor - processing queryspace <gen:0>
14:11:15.896 [Test worker] DEBUG o.h.l.p.b.spi.LoadPlanTreePrinter - LoadPlan(entity=org.project.neutrino.nfvo.catalogue.mano.record.VirtualNetworkFunctionRecord)
    - Returns
       - EntityReturnImpl(entity=org.project.neutrino.nfvo.catalogue.mano.record.VirtualNetworkFunctionRecord, querySpaceUid=<gen:0>, path=org.project.neutrino.nfvo.catalogue.mano.record.VirtualNetworkFunctionRecord)
          - CollectionAttributeFetchImpl(collection=org.project.neutrino.nfvo.catalogue.mano.record.VirtualNetworkFunctionRecord.auto_scale_policy, querySpaceUid=<gen:1>, path=org.project.neutrino.nfvo.catalogue.mano.record.VirtualNetworkFunctionRecord.auto_scale_policy)
             - (collection element) CollectionFetchableElementEntityGraph(entity=org.project.neutrino.nfvo.catalogue.mano.common.AutoScalePolicy, querySpaceUid=<gen:2>, path=org.project.neutrino.nfvo.catalogue.mano.record.VirtualNetworkFunctionRecord.auto_scale_policy.<elements>)
          - CollectionAttributeFetchImpl(collection=org.project.neutrino.nfvo.catalogue.mano.record.VirtualNetworkFunctionRecord.connected_external_virtual_link, querySpaceUid=<gen:3>, path=org.project.neutrino.nfvo.catalogue.mano.record.VirtualNetworkFunctionRecord.connected_external_virtual_link)
             - (collection element) CollectionFetchableElementEntityGraph(entity=org.project.neutrino.nfvo.catalogue.mano.record.VirtualLinkRecord, querySpaceUid=<gen:4>, path=org.project.neutrino.nfvo.catalogue.mano.record.VirtualNetworkFunctionRecord.connected_external_virtual_link.<elements>)
          - CollectionAttributeFetchImpl(collection=org.project.neutrino.nfvo.catalogue.mano.record.VirtualNetworkFunctionRecord.connection_point, querySpaceUid=<gen:5>, path=org.project.neutrino.nfvo.catalogue.mano.record.VirtualNetworkFunctionRecord.connection_point)
             - (collection element) CollectionFetchableElementEntityGraph(entity=org.project.neutrino.nfvo.catalogue.mano.common.ConnectionPoint, querySpaceUid=<gen:6>, path=org.project.neutrino.nfvo.catalogue.mano.record.VirtualNetworkFunctionRecord.connection_point.<elements>)
          - CollectionAttributeFetchImpl(collection=org.project.neutrino.nfvo.catalogue.mano.record.VirtualNetworkFunctionRecord.dependency, querySpaceUid=<gen:7>, path=org.project.neutrino.nfvo.catalogue.mano.record.VirtualNetworkFunctionRecord.dependency)
             - (collection element) CollectionFetchableElementEntityGraph(entity=org.project.neutrino.nfvo.catalogue.mano.common.VNFDependency, querySpaceUid=<gen:8>, path=org.project.neutrino.nfvo.catalogue.mano.record.VirtualNetworkFunctionRecord.dependency.<elements>)
          - EntityAttributeFetchImpl(entity=org.project.neutrino.nfvo.catalogue.mano.descriptor.VNFDDeploymentFlavour, querySpaceUid=<gen:9>, path=org.project.neutrino.nfvo.catalogue.mano.record.VirtualNetworkFunctionRecord.deployment_flavour)
          - EntityAttributeFetchImpl(entity=org.project.neutrino.nfvo.catalogue.mano.common.LifecycleEvent, querySpaceUid=<gen:10>, path=org.project.neutrino.nfvo.catalogue.mano.record.VirtualNetworkFunctionRecord.lifecycle_event)
          - CollectionAttributeFetchImpl(collection=org.project.neutrino.nfvo.catalogue.mano.record.VirtualNetworkFunctionRecord.lifecycle_event_history, querySpaceUid=<gen:11>, path=org.project.neutrino.nfvo.catalogue.mano.record.VirtualNetworkFunctionRecord.lifecycle_event_history)
             - (collection element) CollectionFetchableElementEntityGraph(entity=org.project.neutrino.nfvo.catalogue.mano.common.LifecycleEvent, querySpaceUid=<gen:12>, path=org.project.neutrino.nfvo.catalogue.mano.record.VirtualNetworkFunctionRecord.lifecycle_event_history.<elements>)
          - EntityAttributeFetchImpl(entity=org.project.neutrino.nfvo.catalogue.mano.record.NetworkServiceRecord, querySpaceUid=<gen:13>, path=org.project.neutrino.nfvo.catalogue.mano.record.VirtualNetworkFunctionRecord.parent_ns)
          - CollectionAttributeFetchImpl(collection=org.project.neutrino.nfvo.catalogue.mano.record.VirtualNetworkFunctionRecord.vdu, querySpaceUid=<gen:14>, path=org.project.neutrino.nfvo.catalogue.mano.record.VirtualNetworkFunctionRecord.vdu)
             - (collection element) CollectionFetchableElementEntityGraph(entity=org.project.neutrino.nfvo.catalogue.mano.descriptor.VirtualDeploymentUnit, querySpaceUid=<gen:15>, path=org.project.neutrino.nfvo.catalogue.mano.record.VirtualNetworkFunctionRecord.vdu.<elements>)
          - CollectionAttributeFetchImpl(collection=org.project.neutrino.nfvo.catalogue.mano.record.VirtualNetworkFunctionRecord.virtual_link, querySpaceUid=<gen:16>, path=org.project.neutrino.nfvo.catalogue.mano.record.VirtualNetworkFunctionRecord.virtual_link)
             - (collection element) CollectionFetchableElementEntityGraph(entity=org.project.neutrino.nfvo.catalogue.mano.descriptor.InternalVirtualLink, querySpaceUid=<gen:17>, path=org.project.neutrino.nfvo.catalogue.mano.record.VirtualNetworkFunctionRecord.virtual_link.<elements>)
    - QuerySpaces
       - EntityQuerySpaceImpl(uid=<gen:0>, entity=org.project.neutrino.nfvo.catalogue.mano.record.VirtualNetworkFunctionRecord)
          - SQL table alias mapping - virtualnet0_
          - alias suffix - 0_
          - suffixed key columns - {id1_68_0_}

14:11:15.896 [Test worker] DEBUG o.h.loader.entity.plan.EntityLoader - Static select for entity org.project.neutrino.nfvo.catalogue.mano.record.VirtualNetworkFunctionRecord [FORCE]: select virtualnet0_.id as id1_68_0_, virtualnet0_.audit_log as audit_lo2_68_0_, virtualnet0_.deployment_flavour_id as deployme9_68_0_, virtualnet0_.descriptor_reference as descript3_68_0_, virtualnet0_.lifecycle_event_id as lifecyc10_68_0_, virtualnet0_.localization as localiza4_68_0_, virtualnet0_.parent_ns_id as parent_11_68_0_, virtualnet0_.status as status5_68_0_, virtualnet0_.vendor as vendor6_68_0_, virtualnet0_.version as version7_68_0_, virtualnet0_.vnfm_id as vnfm_id8_68_0_ from virtual_network_function_record virtualnet0_ where virtualnet0_.id=? for update
14:11:15.896 [Test worker] DEBUG o.h.l.p.b.i.spaces.QuerySpacesImpl - Adding QuerySpace : uid = <gen:0> -> org.hibernate.loader.plan.build.internal.spaces.EntityQuerySpaceImpl@454767b9]
14:11:15.896 [Test worker] DEBUG o.h.p.w.spi.MetamodelGraphWalker - Visiting attribute path : audit_log
14:11:15.896 [Test worker] DEBUG o.h.p.w.spi.MetamodelGraphWalker - Visiting attribute path : auto_scale_policy
14:11:15.896 [Test worker] DEBUG o.h.l.p.b.i.spaces.QuerySpacesImpl - Adding QuerySpace : uid = <gen:1> -> org.hibernate.loader.plan.build.internal.spaces.CollectionQuerySpaceImpl@337b6f68]
14:11:15.896 [Test worker] DEBUG o.h.l.p.b.i.spaces.QuerySpacesImpl - Adding QuerySpace : uid = <gen:2> -> org.hibernate.loader.plan.build.internal.spaces.EntityQuerySpaceImpl@6ccf2f3f]
14:11:15.896 [Test worker] DEBUG o.h.p.w.spi.MetamodelGraphWalker - Visiting attribute path : connected_external_virtual_link
14:11:15.896 [Test worker] DEBUG o.h.l.p.b.i.spaces.QuerySpacesImpl - Adding QuerySpace : uid = <gen:3> -> org.hibernate.loader.plan.build.internal.spaces.CollectionQuerySpaceImpl@162708e8]
14:11:15.896 [Test worker] DEBUG o.h.l.p.b.i.spaces.QuerySpacesImpl - Adding QuerySpace : uid = <gen:4> -> org.hibernate.loader.plan.build.internal.spaces.EntityQuerySpaceImpl@5cb9c2b4]
14:11:15.896 [Test worker] DEBUG o.h.p.w.spi.MetamodelGraphWalker - Visiting attribute path : connection_point
14:11:15.896 [Test worker] DEBUG o.h.l.p.b.i.spaces.QuerySpacesImpl - Adding QuerySpace : uid = <gen:5> -> org.hibernate.loader.plan.build.internal.spaces.CollectionQuerySpaceImpl@279de6fb]
14:11:15.896 [Test worker] DEBUG o.h.l.p.b.i.spaces.QuerySpacesImpl - Adding QuerySpace : uid = <gen:6> -> org.hibernate.loader.plan.build.internal.spaces.EntityQuerySpaceImpl@6fa77d0e]
14:11:15.896 [Test worker] DEBUG o.h.p.w.spi.MetamodelGraphWalker - Visiting attribute path : dependency
14:11:15.896 [Test worker] DEBUG o.h.l.p.b.i.spaces.QuerySpacesImpl - Adding QuerySpace : uid = <gen:7> -> org.hibernate.loader.plan.build.internal.spaces.CollectionQuerySpaceImpl@5d035b66]
14:11:15.896 [Test worker] DEBUG o.h.l.p.b.i.spaces.QuerySpacesImpl - Adding QuerySpace : uid = <gen:8> -> org.hibernate.loader.plan.build.internal.spaces.EntityQuerySpaceImpl@765b53f]
14:11:15.896 [Test worker] DEBUG o.h.p.w.spi.MetamodelGraphWalker - Visiting attribute path : deployment_flavour
14:11:15.896 [Test worker] DEBUG o.h.l.p.b.i.spaces.QuerySpacesImpl - Adding QuerySpace : uid = <gen:9> -> org.hibernate.loader.plan.build.internal.spaces.EntityQuerySpaceImpl@265e3ee4]
14:11:15.896 [Test worker] DEBUG o.h.p.w.spi.MetamodelGraphWalker - Visiting attribute path : descriptor_reference
14:11:15.896 [Test worker] DEBUG o.h.p.w.spi.MetamodelGraphWalker - Visiting attribute path : lifecycle_event
14:11:15.896 [Test worker] DEBUG o.h.l.p.b.i.spaces.QuerySpacesImpl - Adding QuerySpace : uid = <gen:10> -> org.hibernate.loader.plan.build.internal.spaces.EntityQuerySpaceImpl@7572fe69]
14:11:15.897 [Test worker] DEBUG o.h.p.w.spi.MetamodelGraphWalker - Visiting attribute path : lifecycle_event_history
14:11:15.897 [Test worker] DEBUG o.h.l.p.b.i.spaces.QuerySpacesImpl - Adding QuerySpace : uid = <gen:11> -> org.hibernate.loader.plan.build.internal.spaces.CollectionQuerySpaceImpl@509cdbbc]
14:11:15.897 [Test worker] DEBUG o.h.l.p.b.i.spaces.QuerySpacesImpl - Adding QuerySpace : uid = <gen:12> -> org.hibernate.loader.plan.build.internal.spaces.EntityQuerySpaceImpl@6a1e3cfc]
14:11:15.897 [Test worker] DEBUG o.h.p.w.spi.MetamodelGraphWalker - Visiting attribute path : localization
14:11:15.897 [Test worker] DEBUG o.h.p.w.spi.MetamodelGraphWalker - Visiting attribute path : monitoring_parameter
14:11:15.897 [Test worker] DEBUG o.h.p.w.spi.MetamodelGraphWalker - Visiting attribute path : notification
14:11:15.897 [Test worker] DEBUG o.h.p.w.spi.MetamodelGraphWalker - Visiting attribute path : parent_ns
14:11:15.897 [Test worker] DEBUG o.h.l.p.b.i.spaces.QuerySpacesImpl - Adding QuerySpace : uid = <gen:13> -> org.hibernate.loader.plan.build.internal.spaces.EntityQuerySpaceImpl@6735fad1]
14:11:15.897 [Test worker] DEBUG o.h.p.w.spi.MetamodelGraphWalker - Visiting attribute path : runtime_policy_info
14:11:15.897 [Test worker] DEBUG o.h.p.w.spi.MetamodelGraphWalker - Visiting attribute path : status
14:11:15.897 [Test worker] DEBUG o.h.p.w.spi.MetamodelGraphWalker - Visiting attribute path : vdu
14:11:15.897 [Test worker] DEBUG o.h.l.p.b.i.spaces.QuerySpacesImpl - Adding QuerySpace : uid = <gen:14> -> org.hibernate.loader.plan.build.internal.spaces.CollectionQuerySpaceImpl@8e5e447]
14:11:15.897 [Test worker] DEBUG o.h.l.p.b.i.spaces.QuerySpacesImpl - Adding QuerySpace : uid = <gen:15> -> org.hibernate.loader.plan.build.internal.spaces.EntityQuerySpaceImpl@2cedf5e1]
14:11:15.897 [Test worker] DEBUG o.h.p.w.spi.MetamodelGraphWalker - Visiting attribute path : vendor
14:11:15.897 [Test worker] DEBUG o.h.p.w.spi.MetamodelGraphWalker - Visiting attribute path : version
14:11:15.897 [Test worker] DEBUG o.h.p.w.spi.MetamodelGraphWalker - Visiting attribute path : virtual_link
14:11:15.898 [Test worker] DEBUG o.h.l.p.b.i.spaces.QuerySpacesImpl - Adding QuerySpace : uid = <gen:16> -> org.hibernate.loader.plan.build.internal.spaces.CollectionQuerySpaceImpl@3aa99dd2]
14:11:15.898 [Test worker] DEBUG o.h.l.p.b.i.spaces.QuerySpacesImpl - Adding QuerySpace : uid = <gen:17> -> org.hibernate.loader.plan.build.internal.spaces.EntityQuerySpaceImpl@55b86414]
14:11:15.898 [Test worker] DEBUG o.h.p.w.spi.MetamodelGraphWalker - Visiting attribute path : vnf_address
14:11:15.898 [Test worker] DEBUG o.h.p.w.spi.MetamodelGraphWalker - Visiting attribute path : vnfm_id
14:11:15.898 [Test worker] DEBUG o.h.l.p.b.i.FetchStyleLoadPlanBuildingAssociationVisitationStrategy - Building LoadPlan...
14:11:15.898 [Test worker] DEBUG o.h.l.p.e.i.LoadQueryJoinAndFetchProcessor - processing queryspace <gen:0>
14:11:15.898 [Test worker] DEBUG o.h.l.p.b.spi.LoadPlanTreePrinter - LoadPlan(entity=org.project.neutrino.nfvo.catalogue.mano.record.VirtualNetworkFunctionRecord)
    - Returns
       - EntityReturnImpl(entity=org.project.neutrino.nfvo.catalogue.mano.record.VirtualNetworkFunctionRecord, querySpaceUid=<gen:0>, path=org.project.neutrino.nfvo.catalogue.mano.record.VirtualNetworkFunctionRecord)
          - CollectionAttributeFetchImpl(collection=org.project.neutrino.nfvo.catalogue.mano.record.VirtualNetworkFunctionRecord.auto_scale_policy, querySpaceUid=<gen:1>, path=org.project.neutrino.nfvo.catalogue.mano.record.VirtualNetworkFunctionRecord.auto_scale_policy)
             - (collection element) CollectionFetchableElementEntityGraph(entity=org.project.neutrino.nfvo.catalogue.mano.common.AutoScalePolicy, querySpaceUid=<gen:2>, path=org.project.neutrino.nfvo.catalogue.mano.record.VirtualNetworkFunctionRecord.auto_scale_policy.<elements>)
          - CollectionAttributeFetchImpl(collection=org.project.neutrino.nfvo.catalogue.mano.record.VirtualNetworkFunctionRecord.connected_external_virtual_link, querySpaceUid=<gen:3>, path=org.project.neutrino.nfvo.catalogue.mano.record.VirtualNetworkFunctionRecord.connected_external_virtual_link)
             - (collection element) CollectionFetchableElementEntityGraph(entity=org.project.neutrino.nfvo.catalogue.mano.record.VirtualLinkRecord, querySpaceUid=<gen:4>, path=org.project.neutrino.nfvo.catalogue.mano.record.VirtualNetworkFunctionRecord.connected_external_virtual_link.<elements>)
          - CollectionAttributeFetchImpl(collection=org.project.neutrino.nfvo.catalogue.mano.record.VirtualNetworkFunctionRecord.connection_point, querySpaceUid=<gen:5>, path=org.project.neutrino.nfvo.catalogue.mano.record.VirtualNetworkFunctionRecord.connection_point)
             - (collection element) CollectionFetchableElementEntityGraph(entity=org.project.neutrino.nfvo.catalogue.mano.common.ConnectionPoint, querySpaceUid=<gen:6>, path=org.project.neutrino.nfvo.catalogue.mano.record.VirtualNetworkFunctionRecord.connection_point.<elements>)
          - CollectionAttributeFetchImpl(collection=org.project.neutrino.nfvo.catalogue.mano.record.VirtualNetworkFunctionRecord.dependency, querySpaceUid=<gen:7>, path=org.project.neutrino.nfvo.catalogue.mano.record.VirtualNetworkFunctionRecord.dependency)
             - (collection element) CollectionFetchableElementEntityGraph(entity=org.project.neutrino.nfvo.catalogue.mano.common.VNFDependency, querySpaceUid=<gen:8>, path=org.project.neutrino.nfvo.catalogue.mano.record.VirtualNetworkFunctionRecord.dependency.<elements>)
          - EntityAttributeFetchImpl(entity=org.project.neutrino.nfvo.catalogue.mano.descriptor.VNFDDeploymentFlavour, querySpaceUid=<gen:9>, path=org.project.neutrino.nfvo.catalogue.mano.record.VirtualNetworkFunctionRecord.deployment_flavour)
          - EntityAttributeFetchImpl(entity=org.project.neutrino.nfvo.catalogue.mano.common.LifecycleEvent, querySpaceUid=<gen:10>, path=org.project.neutrino.nfvo.catalogue.mano.record.VirtualNetworkFunctionRecord.lifecycle_event)
          - CollectionAttributeFetchImpl(collection=org.project.neutrino.nfvo.catalogue.mano.record.VirtualNetworkFunctionRecord.lifecycle_event_history, querySpaceUid=<gen:11>, path=org.project.neutrino.nfvo.catalogue.mano.record.VirtualNetworkFunctionRecord.lifecycle_event_history)
             - (collection element) CollectionFetchableElementEntityGraph(entity=org.project.neutrino.nfvo.catalogue.mano.common.LifecycleEvent, querySpaceUid=<gen:12>, path=org.project.neutrino.nfvo.catalogue.mano.record.VirtualNetworkFunctionRecord.lifecycle_event_history.<elements>)
          - EntityAttributeFetchImpl(entity=org.project.neutrino.nfvo.catalogue.mano.record.NetworkServiceRecord, querySpaceUid=<gen:13>, path=org.project.neutrino.nfvo.catalogue.mano.record.VirtualNetworkFunctionRecord.parent_ns)
          - CollectionAttributeFetchImpl(collection=org.project.neutrino.nfvo.catalogue.mano.record.VirtualNetworkFunctionRecord.vdu, querySpaceUid=<gen:14>, path=org.project.neutrino.nfvo.catalogue.mano.record.VirtualNetworkFunctionRecord.vdu)
             - (collection element) CollectionFetchableElementEntityGraph(entity=org.project.neutrino.nfvo.catalogue.mano.descriptor.VirtualDeploymentUnit, querySpaceUid=<gen:15>, path=org.project.neutrino.nfvo.catalogue.mano.record.VirtualNetworkFunctionRecord.vdu.<elements>)
          - CollectionAttributeFetchImpl(collection=org.project.neutrino.nfvo.catalogue.mano.record.VirtualNetworkFunctionRecord.virtual_link, querySpaceUid=<gen:16>, path=org.project.neutrino.nfvo.catalogue.mano.record.VirtualNetworkFunctionRecord.virtual_link)
             - (collection element) CollectionFetchableElementEntityGraph(entity=org.project.neutrino.nfvo.catalogue.mano.descriptor.InternalVirtualLink, querySpaceUid=<gen:17>, path=org.project.neutrino.nfvo.catalogue.mano.record.VirtualNetworkFunctionRecord.virtual_link.<elements>)
    - QuerySpaces
       - EntityQuerySpaceImpl(uid=<gen:0>, entity=org.project.neutrino.nfvo.catalogue.mano.record.VirtualNetworkFunctionRecord)
          - SQL table alias mapping - virtualnet0_
          - alias suffix - 0_
          - suffixed key columns - {id1_68_0_}

14:11:15.899 [Test worker] DEBUG o.h.loader.entity.plan.EntityLoader - Static select for entity org.project.neutrino.nfvo.catalogue.mano.record.VirtualNetworkFunctionRecord [PESSIMISTIC_READ]: select virtualnet0_.id as id1_68_0_, virtualnet0_.audit_log as audit_lo2_68_0_, virtualnet0_.deployment_flavour_id as deployme9_68_0_, virtualnet0_.descriptor_reference as descript3_68_0_, virtualnet0_.lifecycle_event_id as lifecyc10_68_0_, virtualnet0_.localization as localiza4_68_0_, virtualnet0_.parent_ns_id as parent_11_68_0_, virtualnet0_.status as status5_68_0_, virtualnet0_.vendor as vendor6_68_0_, virtualnet0_.version as version7_68_0_, virtualnet0_.vnfm_id as vnfm_id8_68_0_ from virtual_network_function_record virtualnet0_ where virtualnet0_.id=? lock in share mode
14:11:15.899 [Test worker] DEBUG o.h.l.p.b.i.spaces.QuerySpacesImpl - Adding QuerySpace : uid = <gen:0> -> org.hibernate.loader.plan.build.internal.spaces.EntityQuerySpaceImpl@3cb28903]
14:11:15.899 [Test worker] DEBUG o.h.p.w.spi.MetamodelGraphWalker - Visiting attribute path : audit_log
14:11:15.899 [Test worker] DEBUG o.h.p.w.spi.MetamodelGraphWalker - Visiting attribute path : auto_scale_policy
14:11:15.899 [Test worker] DEBUG o.h.l.p.b.i.spaces.QuerySpacesImpl - Adding QuerySpace : uid = <gen:1> -> org.hibernate.loader.plan.build.internal.spaces.CollectionQuerySpaceImpl@579b9163]
14:11:15.899 [Test worker] DEBUG o.h.l.p.b.i.spaces.QuerySpacesImpl - Adding QuerySpace : uid = <gen:2> -> org.hibernate.loader.plan.build.internal.spaces.EntityQuerySpaceImpl@26662784]
14:11:15.899 [Test worker] DEBUG o.h.p.w.spi.MetamodelGraphWalker - Visiting attribute path : connected_external_virtual_link
14:11:15.899 [Test worker] DEBUG o.h.l.p.b.i.spaces.QuerySpacesImpl - Adding QuerySpace : uid = <gen:3> -> org.hibernate.loader.plan.build.internal.spaces.CollectionQuerySpaceImpl@7cac5ecd]
14:11:15.899 [Test worker] DEBUG o.h.l.p.b.i.spaces.QuerySpacesImpl - Adding QuerySpace : uid = <gen:4> -> org.hibernate.loader.plan.build.internal.spaces.EntityQuerySpaceImpl@188424ad]
14:11:15.899 [Test worker] DEBUG o.h.p.w.spi.MetamodelGraphWalker - Visiting attribute path : connection_point
14:11:15.900 [Test worker] DEBUG o.h.l.p.b.i.spaces.QuerySpacesImpl - Adding QuerySpace : uid = <gen:5> -> org.hibernate.loader.plan.build.internal.spaces.CollectionQuerySpaceImpl@b83e66e]
14:11:15.900 [Test worker] DEBUG o.h.l.p.b.i.spaces.QuerySpacesImpl - Adding QuerySpace : uid = <gen:6> -> org.hibernate.loader.plan.build.internal.spaces.EntityQuerySpaceImpl@8d45aa]
14:11:15.900 [Test worker] DEBUG o.h.p.w.spi.MetamodelGraphWalker - Visiting attribute path : dependency
14:11:15.900 [Test worker] DEBUG o.h.l.p.b.i.spaces.QuerySpacesImpl - Adding QuerySpace : uid = <gen:7> -> org.hibernate.loader.plan.build.internal.spaces.CollectionQuerySpaceImpl@3ad89c2e]
14:11:15.900 [Test worker] DEBUG o.h.l.p.b.i.spaces.QuerySpacesImpl - Adding QuerySpace : uid = <gen:8> -> org.hibernate.loader.plan.build.internal.spaces.EntityQuerySpaceImpl@62f5ae30]
14:11:15.900 [Test worker] DEBUG o.h.p.w.spi.MetamodelGraphWalker - Visiting attribute path : deployment_flavour
14:11:15.900 [Test worker] DEBUG o.h.l.p.b.i.spaces.QuerySpacesImpl - Adding QuerySpace : uid = <gen:9> -> org.hibernate.loader.plan.build.internal.spaces.EntityQuerySpaceImpl@6f7f0411]
14:11:15.900 [Test worker] DEBUG o.h.p.w.spi.MetamodelGraphWalker - Visiting attribute path : descriptor_reference
14:11:15.900 [Test worker] DEBUG o.h.p.w.spi.MetamodelGraphWalker - Visiting attribute path : lifecycle_event
14:11:15.900 [Test worker] DEBUG o.h.l.p.b.i.spaces.QuerySpacesImpl - Adding QuerySpace : uid = <gen:10> -> org.hibernate.loader.plan.build.internal.spaces.EntityQuerySpaceImpl@7be43146]
14:11:15.900 [Test worker] DEBUG o.h.p.w.spi.MetamodelGraphWalker - Visiting attribute path : lifecycle_event_history
14:11:15.900 [Test worker] DEBUG o.h.l.p.b.i.spaces.QuerySpacesImpl - Adding QuerySpace : uid = <gen:11> -> org.hibernate.loader.plan.build.internal.spaces.CollectionQuerySpaceImpl@425f2a35]
14:11:15.900 [Test worker] DEBUG o.h.l.p.b.i.spaces.QuerySpacesImpl - Adding QuerySpace : uid = <gen:12> -> org.hibernate.loader.plan.build.internal.spaces.EntityQuerySpaceImpl@75cc1f9d]
14:11:15.900 [Test worker] DEBUG o.h.p.w.spi.MetamodelGraphWalker - Visiting attribute path : localization
14:11:15.900 [Test worker] DEBUG o.h.p.w.spi.MetamodelGraphWalker - Visiting attribute path : monitoring_parameter
14:11:15.901 [Test worker] DEBUG o.h.p.w.spi.MetamodelGraphWalker - Visiting attribute path : notification
14:11:15.901 [Test worker] DEBUG o.h.p.w.spi.MetamodelGraphWalker - Visiting attribute path : parent_ns
14:11:15.901 [Test worker] DEBUG o.h.l.p.b.i.spaces.QuerySpacesImpl - Adding QuerySpace : uid = <gen:13> -> org.hibernate.loader.plan.build.internal.spaces.EntityQuerySpaceImpl@2c2fb8d6]
14:11:15.901 [Test worker] DEBUG o.h.p.w.spi.MetamodelGraphWalker - Visiting attribute path : runtime_policy_info
14:11:15.901 [Test worker] DEBUG o.h.p.w.spi.MetamodelGraphWalker - Visiting attribute path : status
14:11:15.901 [Test worker] DEBUG o.h.p.w.spi.MetamodelGraphWalker - Visiting attribute path : vdu
14:11:15.901 [Test worker] DEBUG o.h.l.p.b.i.spaces.QuerySpacesImpl - Adding QuerySpace : uid = <gen:14> -> org.hibernate.loader.plan.build.internal.spaces.CollectionQuerySpaceImpl@71100043]
14:11:15.901 [Test worker] DEBUG o.h.l.p.b.i.spaces.QuerySpacesImpl - Adding QuerySpace : uid = <gen:15> -> org.hibernate.loader.plan.build.internal.spaces.EntityQuerySpaceImpl@518168b2]
14:11:15.901 [Test worker] DEBUG o.h.p.w.spi.MetamodelGraphWalker - Visiting attribute path : vendor
14:11:15.901 [Test worker] DEBUG o.h.p.w.spi.MetamodelGraphWalker - Visiting attribute path : version
14:11:15.901 [Test worker] DEBUG o.h.p.w.spi.MetamodelGraphWalker - Visiting attribute path : virtual_link
14:11:15.901 [Test worker] DEBUG o.h.l.p.b.i.spaces.QuerySpacesImpl - Adding QuerySpace : uid = <gen:16> -> org.hibernate.loader.plan.build.internal.spaces.CollectionQuerySpaceImpl@700a7ec]
14:11:15.901 [Test worker] DEBUG o.h.l.p.b.i.spaces.QuerySpacesImpl - Adding QuerySpace : uid = <gen:17> -> org.hibernate.loader.plan.build.internal.spaces.EntityQuerySpaceImpl@3c107a8b]
14:11:15.901 [Test worker] DEBUG o.h.p.w.spi.MetamodelGraphWalker - Visiting attribute path : vnf_address
14:11:15.901 [Test worker] DEBUG o.h.p.w.spi.MetamodelGraphWalker - Visiting attribute path : vnfm_id
14:11:15.901 [Test worker] DEBUG o.h.l.p.b.i.FetchStyleLoadPlanBuildingAssociationVisitationStrategy - Building LoadPlan...
14:11:15.902 [Test worker] DEBUG o.h.l.p.e.i.LoadQueryJoinAndFetchProcessor - processing queryspace <gen:0>
14:11:15.902 [Test worker] DEBUG o.h.l.p.b.spi.LoadPlanTreePrinter - LoadPlan(entity=org.project.neutrino.nfvo.catalogue.mano.record.VirtualNetworkFunctionRecord)
    - Returns
       - EntityReturnImpl(entity=org.project.neutrino.nfvo.catalogue.mano.record.VirtualNetworkFunctionRecord, querySpaceUid=<gen:0>, path=org.project.neutrino.nfvo.catalogue.mano.record.VirtualNetworkFunctionRecord)
          - CollectionAttributeFetchImpl(collection=org.project.neutrino.nfvo.catalogue.mano.record.VirtualNetworkFunctionRecord.auto_scale_policy, querySpaceUid=<gen:1>, path=org.project.neutrino.nfvo.catalogue.mano.record.VirtualNetworkFunctionRecord.auto_scale_policy)
             - (collection element) CollectionFetchableElementEntityGraph(entity=org.project.neutrino.nfvo.catalogue.mano.common.AutoScalePolicy, querySpaceUid=<gen:2>, path=org.project.neutrino.nfvo.catalogue.mano.record.VirtualNetworkFunctionRecord.auto_scale_policy.<elements>)
          - CollectionAttributeFetchImpl(collection=org.project.neutrino.nfvo.catalogue.mano.record.VirtualNetworkFunctionRecord.connected_external_virtual_link, querySpaceUid=<gen:3>, path=org.project.neutrino.nfvo.catalogue.mano.record.VirtualNetworkFunctionRecord.connected_external_virtual_link)
             - (collection element) CollectionFetchableElementEntityGraph(entity=org.project.neutrino.nfvo.catalogue.mano.record.VirtualLinkRecord, querySpaceUid=<gen:4>, path=org.project.neutrino.nfvo.catalogue.mano.record.VirtualNetworkFunctionRecord.connected_external_virtual_link.<elements>)
          - CollectionAttributeFetchImpl(collection=org.project.neutrino.nfvo.catalogue.mano.record.VirtualNetworkFunctionRecord.connection_point, querySpaceUid=<gen:5>, path=org.project.neutrino.nfvo.catalogue.mano.record.VirtualNetworkFunctionRecord.connection_point)
             - (collection element) CollectionFetchableElementEntityGraph(entity=org.project.neutrino.nfvo.catalogue.mano.common.ConnectionPoint, querySpaceUid=<gen:6>, path=org.project.neutrino.nfvo.catalogue.mano.record.VirtualNetworkFunctionRecord.connection_point.<elements>)
          - CollectionAttributeFetchImpl(collection=org.project.neutrino.nfvo.catalogue.mano.record.VirtualNetworkFunctionRecord.dependency, querySpaceUid=<gen:7>, path=org.project.neutrino.nfvo.catalogue.mano.record.VirtualNetworkFunctionRecord.dependency)
             - (collection element) CollectionFetchableElementEntityGraph(entity=org.project.neutrino.nfvo.catalogue.mano.common.VNFDependency, querySpaceUid=<gen:8>, path=org.project.neutrino.nfvo.catalogue.mano.record.VirtualNetworkFunctionRecord.dependency.<elements>)
          - EntityAttributeFetchImpl(entity=org.project.neutrino.nfvo.catalogue.mano.descriptor.VNFDDeploymentFlavour, querySpaceUid=<gen:9>, path=org.project.neutrino.nfvo.catalogue.mano.record.VirtualNetworkFunctionRecord.deployment_flavour)
          - EntityAttributeFetchImpl(entity=org.project.neutrino.nfvo.catalogue.mano.common.LifecycleEvent, querySpaceUid=<gen:10>, path=org.project.neutrino.nfvo.catalogue.mano.record.VirtualNetworkFunctionRecord.lifecycle_event)
          - CollectionAttributeFetchImpl(collection=org.project.neutrino.nfvo.catalogue.mano.record.VirtualNetworkFunctionRecord.lifecycle_event_history, querySpaceUid=<gen:11>, path=org.project.neutrino.nfvo.catalogue.mano.record.VirtualNetworkFunctionRecord.lifecycle_event_history)
             - (collection element) CollectionFetchableElementEntityGraph(entity=org.project.neutrino.nfvo.catalogue.mano.common.LifecycleEvent, querySpaceUid=<gen:12>, path=org.project.neutrino.nfvo.catalogue.mano.record.VirtualNetworkFunctionRecord.lifecycle_event_history.<elements>)
          - EntityAttributeFetchImpl(entity=org.project.neutrino.nfvo.catalogue.mano.record.NetworkServiceRecord, querySpaceUid=<gen:13>, path=org.project.neutrino.nfvo.catalogue.mano.record.VirtualNetworkFunctionRecord.parent_ns)
          - CollectionAttributeFetchImpl(collection=org.project.neutrino.nfvo.catalogue.mano.record.VirtualNetworkFunctionRecord.vdu, querySpaceUid=<gen:14>, path=org.project.neutrino.nfvo.catalogue.mano.record.VirtualNetworkFunctionRecord.vdu)
             - (collection element) CollectionFetchableElementEntityGraph(entity=org.project.neutrino.nfvo.catalogue.mano.descriptor.VirtualDeploymentUnit, querySpaceUid=<gen:15>, path=org.project.neutrino.nfvo.catalogue.mano.record.VirtualNetworkFunctionRecord.vdu.<elements>)
          - CollectionAttributeFetchImpl(collection=org.project.neutrino.nfvo.catalogue.mano.record.VirtualNetworkFunctionRecord.virtual_link, querySpaceUid=<gen:16>, path=org.project.neutrino.nfvo.catalogue.mano.record.VirtualNetworkFunctionRecord.virtual_link)
             - (collection element) CollectionFetchableElementEntityGraph(entity=org.project.neutrino.nfvo.catalogue.mano.descriptor.InternalVirtualLink, querySpaceUid=<gen:17>, path=org.project.neutrino.nfvo.catalogue.mano.record.VirtualNetworkFunctionRecord.virtual_link.<elements>)
    - QuerySpaces
       - EntityQuerySpaceImpl(uid=<gen:0>, entity=org.project.neutrino.nfvo.catalogue.mano.record.VirtualNetworkFunctionRecord)
          - SQL table alias mapping - virtualnet0_
          - alias suffix - 0_
          - suffixed key columns - {id1_68_0_}

14:11:15.902 [Test worker] DEBUG o.h.loader.entity.plan.EntityLoader - Static select for entity org.project.neutrino.nfvo.catalogue.mano.record.VirtualNetworkFunctionRecord [PESSIMISTIC_WRITE]: select virtualnet0_.id as id1_68_0_, virtualnet0_.audit_log as audit_lo2_68_0_, virtualnet0_.deployment_flavour_id as deployme9_68_0_, virtualnet0_.descriptor_reference as descript3_68_0_, virtualnet0_.lifecycle_event_id as lifecyc10_68_0_, virtualnet0_.localization as localiza4_68_0_, virtualnet0_.parent_ns_id as parent_11_68_0_, virtualnet0_.status as status5_68_0_, virtualnet0_.vendor as vendor6_68_0_, virtualnet0_.version as version7_68_0_, virtualnet0_.vnfm_id as vnfm_id8_68_0_ from virtual_network_function_record virtualnet0_ where virtualnet0_.id=? for update
14:11:15.902 [Test worker] DEBUG o.h.l.p.b.i.spaces.QuerySpacesImpl - Adding QuerySpace : uid = <gen:0> -> org.hibernate.loader.plan.build.internal.spaces.EntityQuerySpaceImpl@5ddd5a7b]
14:11:15.902 [Test worker] DEBUG o.h.p.w.spi.MetamodelGraphWalker - Visiting attribute path : audit_log
14:11:15.903 [Test worker] DEBUG o.h.p.w.spi.MetamodelGraphWalker - Visiting attribute path : auto_scale_policy
14:11:15.903 [Test worker] DEBUG o.h.l.p.b.i.spaces.QuerySpacesImpl - Adding QuerySpace : uid = <gen:1> -> org.hibernate.loader.plan.build.internal.spaces.CollectionQuerySpaceImpl@630cd066]
14:11:15.903 [Test worker] DEBUG o.h.l.p.b.i.spaces.QuerySpacesImpl - Adding QuerySpace : uid = <gen:2> -> org.hibernate.loader.plan.build.internal.spaces.EntityQuerySpaceImpl@5e460b57]
14:11:15.903 [Test worker] DEBUG o.h.p.w.spi.MetamodelGraphWalker - Visiting attribute path : connected_external_virtual_link
14:11:15.903 [Test worker] DEBUG o.h.l.p.b.i.spaces.QuerySpacesImpl - Adding QuerySpace : uid = <gen:3> -> org.hibernate.loader.plan.build.internal.spaces.CollectionQuerySpaceImpl@4892ad1b]
14:11:15.903 [Test worker] DEBUG o.h.l.p.b.i.spaces.QuerySpacesImpl - Adding QuerySpace : uid = <gen:4> -> org.hibernate.loader.plan.build.internal.spaces.EntityQuerySpaceImpl@15a2ecd6]
14:11:15.903 [Test worker] DEBUG o.h.p.w.spi.MetamodelGraphWalker - Visiting attribute path : connection_point
14:11:15.903 [Test worker] DEBUG o.h.l.p.b.i.spaces.QuerySpacesImpl - Adding QuerySpace : uid = <gen:5> -> org.hibernate.loader.plan.build.internal.spaces.CollectionQuerySpaceImpl@7b6ae0b2]
14:11:15.903 [Test worker] DEBUG o.h.l.p.b.i.spaces.QuerySpacesImpl - Adding QuerySpace : uid = <gen:6> -> org.hibernate.loader.plan.build.internal.spaces.EntityQuerySpaceImpl@25c6056b]
14:11:15.903 [Test worker] DEBUG o.h.p.w.spi.MetamodelGraphWalker - Visiting attribute path : dependency
14:11:15.903 [Test worker] DEBUG o.h.l.p.b.i.spaces.QuerySpacesImpl - Adding QuerySpace : uid = <gen:7> -> org.hibernate.loader.plan.build.internal.spaces.CollectionQuerySpaceImpl@6b8dc72c]
14:11:15.903 [Test worker] DEBUG o.h.l.p.b.i.spaces.QuerySpacesImpl - Adding QuerySpace : uid = <gen:8> -> org.hibernate.loader.plan.build.internal.spaces.EntityQuerySpaceImpl@290f50de]
14:11:15.903 [Test worker] DEBUG o.h.p.w.spi.MetamodelGraphWalker - Visiting attribute path : deployment_flavour
14:11:15.903 [Test worker] DEBUG o.h.l.p.b.i.spaces.QuerySpacesImpl - Adding QuerySpace : uid = <gen:9> -> org.hibernate.loader.plan.build.internal.spaces.EntityQuerySpaceImpl@2c8633e1]
14:11:15.903 [Test worker] DEBUG o.h.p.w.spi.MetamodelGraphWalker - Visiting attribute path : descriptor_reference
14:11:15.904 [Test worker] DEBUG o.h.p.w.spi.MetamodelGraphWalker - Visiting attribute path : lifecycle_event
14:11:15.904 [Test worker] DEBUG o.h.l.p.b.i.spaces.QuerySpacesImpl - Adding QuerySpace : uid = <gen:10> -> org.hibernate.loader.plan.build.internal.spaces.EntityQuerySpaceImpl@1eb80f9d]
14:11:15.904 [Test worker] DEBUG o.h.p.w.spi.MetamodelGraphWalker - Visiting attribute path : lifecycle_event_history
14:11:15.904 [Test worker] DEBUG o.h.l.p.b.i.spaces.QuerySpacesImpl - Adding QuerySpace : uid = <gen:11> -> org.hibernate.loader.plan.build.internal.spaces.CollectionQuerySpaceImpl@46091c2c]
14:11:15.904 [Test worker] DEBUG o.h.l.p.b.i.spaces.QuerySpacesImpl - Adding QuerySpace : uid = <gen:12> -> org.hibernate.loader.plan.build.internal.spaces.EntityQuerySpaceImpl@18b0a0]
14:11:15.904 [Test worker] DEBUG o.h.p.w.spi.MetamodelGraphWalker - Visiting attribute path : localization
14:11:15.904 [Test worker] DEBUG o.h.p.w.spi.MetamodelGraphWalker - Visiting attribute path : monitoring_parameter
14:11:15.904 [Test worker] DEBUG o.h.p.w.spi.MetamodelGraphWalker - Visiting attribute path : notification
14:11:15.904 [Test worker] DEBUG o.h.p.w.spi.MetamodelGraphWalker - Visiting attribute path : parent_ns
14:11:15.904 [Test worker] DEBUG o.h.l.p.b.i.spaces.QuerySpacesImpl - Adding QuerySpace : uid = <gen:13> -> org.hibernate.loader.plan.build.internal.spaces.EntityQuerySpaceImpl@54f3d86c]
14:11:15.904 [Test worker] DEBUG o.h.p.w.spi.MetamodelGraphWalker - Visiting attribute path : runtime_policy_info
14:11:15.904 [Test worker] DEBUG o.h.p.w.spi.MetamodelGraphWalker - Visiting attribute path : status
14:11:15.904 [Test worker] DEBUG o.h.p.w.spi.MetamodelGraphWalker - Visiting attribute path : vdu
14:11:15.904 [Test worker] DEBUG o.h.l.p.b.i.spaces.QuerySpacesImpl - Adding QuerySpace : uid = <gen:14> -> org.hibernate.loader.plan.build.internal.spaces.CollectionQuerySpaceImpl@5505c606]
14:11:15.904 [Test worker] DEBUG o.h.l.p.b.i.spaces.QuerySpacesImpl - Adding QuerySpace : uid = <gen:15> -> org.hibernate.loader.plan.build.internal.spaces.EntityQuerySpaceImpl@6e0bdf85]
14:11:15.904 [Test worker] DEBUG o.h.p.w.spi.MetamodelGraphWalker - Visiting attribute path : vendor
14:11:15.904 [Test worker] DEBUG o.h.p.w.spi.MetamodelGraphWalker - Visiting attribute path : version
14:11:15.904 [Test worker] DEBUG o.h.p.w.spi.MetamodelGraphWalker - Visiting attribute path : virtual_link
14:11:15.904 [Test worker] DEBUG o.h.l.p.b.i.spaces.QuerySpacesImpl - Adding QuerySpace : uid = <gen:16> -> org.hibernate.loader.plan.build.internal.spaces.CollectionQuerySpaceImpl@4d7fcd34]
14:11:15.904 [Test worker] DEBUG o.h.l.p.b.i.spaces.QuerySpacesImpl - Adding QuerySpace : uid = <gen:17> -> org.hibernate.loader.plan.build.internal.spaces.EntityQuerySpaceImpl@17938ac]
14:11:15.905 [Test worker] DEBUG o.h.p.w.spi.MetamodelGraphWalker - Visiting attribute path : vnf_address
14:11:15.905 [Test worker] DEBUG o.h.p.w.spi.MetamodelGraphWalker - Visiting attribute path : vnfm_id
14:11:15.905 [Test worker] DEBUG o.h.l.p.b.i.FetchStyleLoadPlanBuildingAssociationVisitationStrategy - Building LoadPlan...
14:11:15.905 [Test worker] DEBUG o.h.l.p.e.i.LoadQueryJoinAndFetchProcessor - processing queryspace <gen:0>
14:11:15.905 [Test worker] DEBUG o.h.l.p.b.spi.LoadPlanTreePrinter - LoadPlan(entity=org.project.neutrino.nfvo.catalogue.mano.record.VirtualNetworkFunctionRecord)
    - Returns
       - EntityReturnImpl(entity=org.project.neutrino.nfvo.catalogue.mano.record.VirtualNetworkFunctionRecord, querySpaceUid=<gen:0>, path=org.project.neutrino.nfvo.catalogue.mano.record.VirtualNetworkFunctionRecord)
          - CollectionAttributeFetchImpl(collection=org.project.neutrino.nfvo.catalogue.mano.record.VirtualNetworkFunctionRecord.auto_scale_policy, querySpaceUid=<gen:1>, path=org.project.neutrino.nfvo.catalogue.mano.record.VirtualNetworkFunctionRecord.auto_scale_policy)
             - (collection element) CollectionFetchableElementEntityGraph(entity=org.project.neutrino.nfvo.catalogue.mano.common.AutoScalePolicy, querySpaceUid=<gen:2>, path=org.project.neutrino.nfvo.catalogue.mano.record.VirtualNetworkFunctionRecord.auto_scale_policy.<elements>)
          - CollectionAttributeFetchImpl(collection=org.project.neutrino.nfvo.catalogue.mano.record.VirtualNetworkFunctionRecord.connected_external_virtual_link, querySpaceUid=<gen:3>, path=org.project.neutrino.nfvo.catalogue.mano.record.VirtualNetworkFunctionRecord.connected_external_virtual_link)
             - (collection element) CollectionFetchableElementEntityGraph(entity=org.project.neutrino.nfvo.catalogue.mano.record.VirtualLinkRecord, querySpaceUid=<gen:4>, path=org.project.neutrino.nfvo.catalogue.mano.record.VirtualNetworkFunctionRecord.connected_external_virtual_link.<elements>)
          - CollectionAttributeFetchImpl(collection=org.project.neutrino.nfvo.catalogue.mano.record.VirtualNetworkFunctionRecord.connection_point, querySpaceUid=<gen:5>, path=org.project.neutrino.nfvo.catalogue.mano.record.VirtualNetworkFunctionRecord.connection_point)
             - (collection element) CollectionFetchableElementEntityGraph(entity=org.project.neutrino.nfvo.catalogue.mano.common.ConnectionPoint, querySpaceUid=<gen:6>, path=org.project.neutrino.nfvo.catalogue.mano.record.VirtualNetworkFunctionRecord.connection_point.<elements>)
          - CollectionAttributeFetchImpl(collection=org.project.neutrino.nfvo.catalogue.mano.record.VirtualNetworkFunctionRecord.dependency, querySpaceUid=<gen:7>, path=org.project.neutrino.nfvo.catalogue.mano.record.VirtualNetworkFunctionRecord.dependency)
             - (collection element) CollectionFetchableElementEntityGraph(entity=org.project.neutrino.nfvo.catalogue.mano.common.VNFDependency, querySpaceUid=<gen:8>, path=org.project.neutrino.nfvo.catalogue.mano.record.VirtualNetworkFunctionRecord.dependency.<elements>)
          - EntityAttributeFetchImpl(entity=org.project.neutrino.nfvo.catalogue.mano.descriptor.VNFDDeploymentFlavour, querySpaceUid=<gen:9>, path=org.project.neutrino.nfvo.catalogue.mano.record.VirtualNetworkFunctionRecord.deployment_flavour)
          - EntityAttributeFetchImpl(entity=org.project.neutrino.nfvo.catalogue.mano.common.LifecycleEvent, querySpaceUid=<gen:10>, path=org.project.neutrino.nfvo.catalogue.mano.record.VirtualNetworkFunctionRecord.lifecycle_event)
          - CollectionAttributeFetchImpl(collection=org.project.neutrino.nfvo.catalogue.mano.record.VirtualNetworkFunctionRecord.lifecycle_event_history, querySpaceUid=<gen:11>, path=org.project.neutrino.nfvo.catalogue.mano.record.VirtualNetworkFunctionRecord.lifecycle_event_history)
             - (collection element) CollectionFetchableElementEntityGraph(entity=org.project.neutrino.nfvo.catalogue.mano.common.LifecycleEvent, querySpaceUid=<gen:12>, path=org.project.neutrino.nfvo.catalogue.mano.record.VirtualNetworkFunctionRecord.lifecycle_event_history.<elements>)
          - EntityAttributeFetchImpl(entity=org.project.neutrino.nfvo.catalogue.mano.record.NetworkServiceRecord, querySpaceUid=<gen:13>, path=org.project.neutrino.nfvo.catalogue.mano.record.VirtualNetworkFunctionRecord.parent_ns)
          - CollectionAttributeFetchImpl(collection=org.project.neutrino.nfvo.catalogue.mano.record.VirtualNetworkFunctionRecord.vdu, querySpaceUid=<gen:14>, path=org.project.neutrino.nfvo.catalogue.mano.record.VirtualNetworkFunctionRecord.vdu)
             - (collection element) CollectionFetchableElementEntityGraph(entity=org.project.neutrino.nfvo.catalogue.mano.descriptor.VirtualDeploymentUnit, querySpaceUid=<gen:15>, path=org.project.neutrino.nfvo.catalogue.mano.record.VirtualNetworkFunctionRecord.vdu.<elements>)
          - CollectionAttributeFetchImpl(collection=org.project.neutrino.nfvo.catalogue.mano.record.VirtualNetworkFunctionRecord.virtual_link, querySpaceUid=<gen:16>, path=org.project.neutrino.nfvo.catalogue.mano.record.VirtualNetworkFunctionRecord.virtual_link)
             - (collection element) CollectionFetchableElementEntityGraph(entity=org.project.neutrino.nfvo.catalogue.mano.descriptor.InternalVirtualLink, querySpaceUid=<gen:17>, path=org.project.neutrino.nfvo.catalogue.mano.record.VirtualNetworkFunctionRecord.virtual_link.<elements>)
    - QuerySpaces
       - EntityQuerySpaceImpl(uid=<gen:0>, entity=org.project.neutrino.nfvo.catalogue.mano.record.VirtualNetworkFunctionRecord)
          - SQL table alias mapping - virtualnet0_
          - alias suffix - 0_
          - suffixed key columns - {id1_68_0_}

14:11:15.905 [Test worker] DEBUG o.h.loader.entity.plan.EntityLoader - Static select for entity org.project.neutrino.nfvo.catalogue.mano.record.VirtualNetworkFunctionRecord [PESSIMISTIC_FORCE_INCREMENT]: select virtualnet0_.id as id1_68_0_, virtualnet0_.audit_log as audit_lo2_68_0_, virtualnet0_.deployment_flavour_id as deployme9_68_0_, virtualnet0_.descriptor_reference as descript3_68_0_, virtualnet0_.lifecycle_event_id as lifecyc10_68_0_, virtualnet0_.localization as localiza4_68_0_, virtualnet0_.parent_ns_id as parent_11_68_0_, virtualnet0_.status as status5_68_0_, virtualnet0_.vendor as vendor6_68_0_, virtualnet0_.version as version7_68_0_, virtualnet0_.vnfm_id as vnfm_id8_68_0_ from virtual_network_function_record virtualnet0_ where virtualnet0_.id=? for update
14:11:15.906 [Test worker] DEBUG o.h.l.p.b.i.spaces.QuerySpacesImpl - Adding QuerySpace : uid = <gen:0> -> org.hibernate.loader.plan.build.internal.spaces.EntityQuerySpaceImpl@3d77a4f5]
14:11:15.906 [Test worker] DEBUG o.h.p.w.spi.MetamodelGraphWalker - Visiting attribute path : audit_log
14:11:15.906 [Test worker] DEBUG o.h.p.w.spi.MetamodelGraphWalker - Visiting attribute path : auto_scale_policy
14:11:15.906 [Test worker] DEBUG o.h.l.p.b.i.spaces.QuerySpacesImpl - Adding QuerySpace : uid = <gen:1> -> org.hibernate.loader.plan.build.internal.spaces.CollectionQuerySpaceImpl@35e5a199]
14:11:15.906 [Test worker] DEBUG o.h.l.p.b.i.spaces.QuerySpacesImpl - Adding QuerySpace : uid = <gen:2> -> org.hibernate.loader.plan.build.internal.spaces.EntityQuerySpaceImpl@76d45f73]
14:11:15.906 [Test worker] DEBUG o.h.p.w.spi.MetamodelGraphWalker - Visiting attribute path : connected_external_virtual_link
14:11:15.906 [Test worker] DEBUG o.h.l.p.b.i.spaces.QuerySpacesImpl - Adding QuerySpace : uid = <gen:3> -> org.hibernate.loader.plan.build.internal.spaces.CollectionQuerySpaceImpl@70c6b3f7]
14:11:15.906 [Test worker] DEBUG o.h.l.p.b.i.spaces.QuerySpacesImpl - Adding QuerySpace : uid = <gen:4> -> org.hibernate.loader.plan.build.internal.spaces.EntityQuerySpaceImpl@55156f9]
14:11:15.906 [Test worker] DEBUG o.h.p.w.spi.MetamodelGraphWalker - Visiting attribute path : connection_point
14:11:15.906 [Test worker] DEBUG o.h.l.p.b.i.spaces.QuerySpacesImpl - Adding QuerySpace : uid = <gen:5> -> org.hibernate.loader.plan.build.internal.spaces.CollectionQuerySpaceImpl@1f24f829]
14:11:15.906 [Test worker] DEBUG o.h.l.p.b.i.spaces.QuerySpacesImpl - Adding QuerySpace : uid = <gen:6> -> org.hibernate.loader.plan.build.internal.spaces.EntityQuerySpaceImpl@34205bb8]
14:11:15.906 [Test worker] DEBUG o.h.p.w.spi.MetamodelGraphWalker - Visiting attribute path : dependency
14:11:15.906 [Test worker] DEBUG o.h.l.p.b.i.spaces.QuerySpacesImpl - Adding QuerySpace : uid = <gen:7> -> org.hibernate.loader.plan.build.internal.spaces.CollectionQuerySpaceImpl@3865a7c4]
14:11:15.907 [Test worker] DEBUG o.h.l.p.b.i.spaces.QuerySpacesImpl - Adding QuerySpace : uid = <gen:8> -> org.hibernate.loader.plan.build.internal.spaces.EntityQuerySpaceImpl@19e951c9]
14:11:15.907 [Test worker] DEBUG o.h.p.w.spi.MetamodelGraphWalker - Visiting attribute path : deployment_flavour
14:11:15.907 [Test worker] DEBUG o.h.l.p.b.i.spaces.QuerySpacesImpl - Adding QuerySpace : uid = <gen:9> -> org.hibernate.loader.plan.build.internal.spaces.EntityQuerySpaceImpl@24f87069]
14:11:15.907 [Test worker] DEBUG o.h.p.w.spi.MetamodelGraphWalker - Visiting attribute path : descriptor_reference
14:11:15.907 [Test worker] DEBUG o.h.p.w.spi.MetamodelGraphWalker - Visiting attribute path : lifecycle_event
14:11:15.907 [Test worker] DEBUG o.h.l.p.b.i.spaces.QuerySpacesImpl - Adding QuerySpace : uid = <gen:10> -> org.hibernate.loader.plan.build.internal.spaces.EntityQuerySpaceImpl@329c1075]
14:11:15.907 [Test worker] DEBUG o.h.p.w.spi.MetamodelGraphWalker - Visiting attribute path : lifecycle_event_history
14:11:15.907 [Test worker] DEBUG o.h.l.p.b.i.spaces.QuerySpacesImpl - Adding QuerySpace : uid = <gen:11> -> org.hibernate.loader.plan.build.internal.spaces.CollectionQuerySpaceImpl@23fc8b48]
14:11:15.907 [Test worker] DEBUG o.h.l.p.b.i.spaces.QuerySpacesImpl - Adding QuerySpace : uid = <gen:12> -> org.hibernate.loader.plan.build.internal.spaces.EntityQuerySpaceImpl@191c366d]
14:11:15.907 [Test worker] DEBUG o.h.p.w.spi.MetamodelGraphWalker - Visiting attribute path : localization
14:11:15.907 [Test worker] DEBUG o.h.p.w.spi.MetamodelGraphWalker - Visiting attribute path : monitoring_parameter
14:11:15.907 [Test worker] DEBUG o.h.p.w.spi.MetamodelGraphWalker - Visiting attribute path : notification
14:11:15.907 [Test worker] DEBUG o.h.p.w.spi.MetamodelGraphWalker - Visiting attribute path : parent_ns
14:11:15.907 [Test worker] DEBUG o.h.l.p.b.i.spaces.QuerySpacesImpl - Adding QuerySpace : uid = <gen:13> -> org.hibernate.loader.plan.build.internal.spaces.EntityQuerySpaceImpl@b393afc]
14:11:15.908 [Test worker] DEBUG o.h.p.w.spi.MetamodelGraphWalker - Visiting attribute path : runtime_policy_info
14:11:15.908 [Test worker] DEBUG o.h.p.w.spi.MetamodelGraphWalker - Visiting attribute path : status
14:11:15.908 [Test worker] DEBUG o.h.p.w.spi.MetamodelGraphWalker - Visiting attribute path : vdu
14:11:15.908 [Test worker] DEBUG o.h.l.p.b.i.spaces.QuerySpacesImpl - Adding QuerySpace : uid = <gen:14> -> org.hibernate.loader.plan.build.internal.spaces.CollectionQuerySpaceImpl@5a4f7c25]
14:11:15.908 [Test worker] DEBUG o.h.l.p.b.i.spaces.QuerySpacesImpl - Adding QuerySpace : uid = <gen:15> -> org.hibernate.loader.plan.build.internal.spaces.EntityQuerySpaceImpl@185f8f75]
14:11:15.908 [Test worker] DEBUG o.h.p.w.spi.MetamodelGraphWalker - Visiting attribute path : vendor
14:11:15.908 [Test worker] DEBUG o.h.p.w.spi.MetamodelGraphWalker - Visiting attribute path : version
14:11:15.908 [Test worker] DEBUG o.h.p.w.spi.MetamodelGraphWalker - Visiting attribute path : virtual_link
14:11:15.908 [Test worker] DEBUG o.h.l.p.b.i.spaces.QuerySpacesImpl - Adding QuerySpace : uid = <gen:16> -> org.hibernate.loader.plan.build.internal.spaces.CollectionQuerySpaceImpl@29c356d3]
14:11:15.908 [Test worker] DEBUG o.h.l.p.b.i.spaces.QuerySpacesImpl - Adding QuerySpace : uid = <gen:17> -> org.hibernate.loader.plan.build.internal.spaces.EntityQuerySpaceImpl@57794c10]
14:11:15.908 [Test worker] DEBUG o.h.p.w.spi.MetamodelGraphWalker - Visiting attribute path : vnf_address
14:11:15.908 [Test worker] DEBUG o.h.p.w.spi.MetamodelGraphWalker - Visiting attribute path : vnfm_id
14:11:15.908 [Test worker] DEBUG o.h.l.p.b.i.FetchStyleLoadPlanBuildingAssociationVisitationStrategy - Building LoadPlan...
14:11:15.909 [Test worker] DEBUG o.h.l.p.e.i.LoadQueryJoinAndFetchProcessor - processing queryspace <gen:0>
14:11:15.909 [Test worker] DEBUG o.h.l.p.b.spi.LoadPlanTreePrinter - LoadPlan(entity=org.project.neutrino.nfvo.catalogue.mano.record.VirtualNetworkFunctionRecord)
    - Returns
       - EntityReturnImpl(entity=org.project.neutrino.nfvo.catalogue.mano.record.VirtualNetworkFunctionRecord, querySpaceUid=<gen:0>, path=org.project.neutrino.nfvo.catalogue.mano.record.VirtualNetworkFunctionRecord)
          - CollectionAttributeFetchImpl(collection=org.project.neutrino.nfvo.catalogue.mano.record.VirtualNetworkFunctionRecord.auto_scale_policy, querySpaceUid=<gen:1>, path=org.project.neutrino.nfvo.catalogue.mano.record.VirtualNetworkFunctionRecord.auto_scale_policy)
             - (collection element) CollectionFetchableElementEntityGraph(entity=org.project.neutrino.nfvo.catalogue.mano.common.AutoScalePolicy, querySpaceUid=<gen:2>, path=org.project.neutrino.nfvo.catalogue.mano.record.VirtualNetworkFunctionRecord.auto_scale_policy.<elements>)
          - CollectionAttributeFetchImpl(collection=org.project.neutrino.nfvo.catalogue.mano.record.VirtualNetworkFunctionRecord.connected_external_virtual_link, querySpaceUid=<gen:3>, path=org.project.neutrino.nfvo.catalogue.mano.record.VirtualNetworkFunctionRecord.connected_external_virtual_link)
             - (collection element) CollectionFetchableElementEntityGraph(entity=org.project.neutrino.nfvo.catalogue.mano.record.VirtualLinkRecord, querySpaceUid=<gen:4>, path=org.project.neutrino.nfvo.catalogue.mano.record.VirtualNetworkFunctionRecord.connected_external_virtual_link.<elements>)
          - CollectionAttributeFetchImpl(collection=org.project.neutrino.nfvo.catalogue.mano.record.VirtualNetworkFunctionRecord.connection_point, querySpaceUid=<gen:5>, path=org.project.neutrino.nfvo.catalogue.mano.record.VirtualNetworkFunctionRecord.connection_point)
             - (collection element) CollectionFetchableElementEntityGraph(entity=org.project.neutrino.nfvo.catalogue.mano.common.ConnectionPoint, querySpaceUid=<gen:6>, path=org.project.neutrino.nfvo.catalogue.mano.record.VirtualNetworkFunctionRecord.connection_point.<elements>)
          - CollectionAttributeFetchImpl(collection=org.project.neutrino.nfvo.catalogue.mano.record.VirtualNetworkFunctionRecord.dependency, querySpaceUid=<gen:7>, path=org.project.neutrino.nfvo.catalogue.mano.record.VirtualNetworkFunctionRecord.dependency)
             - (collection element) CollectionFetchableElementEntityGraph(entity=org.project.neutrino.nfvo.catalogue.mano.common.VNFDependency, querySpaceUid=<gen:8>, path=org.project.neutrino.nfvo.catalogue.mano.record.VirtualNetworkFunctionRecord.dependency.<elements>)
          - EntityAttributeFetchImpl(entity=org.project.neutrino.nfvo.catalogue.mano.descriptor.VNFDDeploymentFlavour, querySpaceUid=<gen:9>, path=org.project.neutrino.nfvo.catalogue.mano.record.VirtualNetworkFunctionRecord.deployment_flavour)
          - EntityAttributeFetchImpl(entity=org.project.neutrino.nfvo.catalogue.mano.common.LifecycleEvent, querySpaceUid=<gen:10>, path=org.project.neutrino.nfvo.catalogue.mano.record.VirtualNetworkFunctionRecord.lifecycle_event)
          - CollectionAttributeFetchImpl(collection=org.project.neutrino.nfvo.catalogue.mano.record.VirtualNetworkFunctionRecord.lifecycle_event_history, querySpaceUid=<gen:11>, path=org.project.neutrino.nfvo.catalogue.mano.record.VirtualNetworkFunctionRecord.lifecycle_event_history)
             - (collection element) CollectionFetchableElementEntityGraph(entity=org.project.neutrino.nfvo.catalogue.mano.common.LifecycleEvent, querySpaceUid=<gen:12>, path=org.project.neutrino.nfvo.catalogue.mano.record.VirtualNetworkFunctionRecord.lifecycle_event_history.<elements>)
          - EntityAttributeFetchImpl(entity=org.project.neutrino.nfvo.catalogue.mano.record.NetworkServiceRecord, querySpaceUid=<gen:13>, path=org.project.neutrino.nfvo.catalogue.mano.record.VirtualNetworkFunctionRecord.parent_ns)
          - CollectionAttributeFetchImpl(collection=org.project.neutrino.nfvo.catalogue.mano.record.VirtualNetworkFunctionRecord.vdu, querySpaceUid=<gen:14>, path=org.project.neutrino.nfvo.catalogue.mano.record.VirtualNetworkFunctionRecord.vdu)
             - (collection element) CollectionFetchableElementEntityGraph(entity=org.project.neutrino.nfvo.catalogue.mano.descriptor.VirtualDeploymentUnit, querySpaceUid=<gen:15>, path=org.project.neutrino.nfvo.catalogue.mano.record.VirtualNetworkFunctionRecord.vdu.<elements>)
          - CollectionAttributeFetchImpl(collection=org.project.neutrino.nfvo.catalogue.mano.record.VirtualNetworkFunctionRecord.virtual_link, querySpaceUid=<gen:16>, path=org.project.neutrino.nfvo.catalogue.mano.record.VirtualNetworkFunctionRecord.virtual_link)
             - (collection element) CollectionFetchableElementEntityGraph(entity=org.project.neutrino.nfvo.catalogue.mano.descriptor.InternalVirtualLink, querySpaceUid=<gen:17>, path=org.project.neutrino.nfvo.catalogue.mano.record.VirtualNetworkFunctionRecord.virtual_link.<elements>)
    - QuerySpaces
       - EntityQuerySpaceImpl(uid=<gen:0>, entity=org.project.neutrino.nfvo.catalogue.mano.record.VirtualNetworkFunctionRecord)
          - SQL table alias mapping - virtualnet0_
          - alias suffix - 0_
          - suffixed key columns - {id1_68_0_}

14:11:15.909 [Test worker] DEBUG o.h.loader.entity.plan.EntityLoader - Static select for entity org.project.neutrino.nfvo.catalogue.mano.record.VirtualNetworkFunctionRecord [OPTIMISTIC]: select virtualnet0_.id as id1_68_0_, virtualnet0_.audit_log as audit_lo2_68_0_, virtualnet0_.deployment_flavour_id as deployme9_68_0_, virtualnet0_.descriptor_reference as descript3_68_0_, virtualnet0_.lifecycle_event_id as lifecyc10_68_0_, virtualnet0_.localization as localiza4_68_0_, virtualnet0_.parent_ns_id as parent_11_68_0_, virtualnet0_.status as status5_68_0_, virtualnet0_.vendor as vendor6_68_0_, virtualnet0_.version as version7_68_0_, virtualnet0_.vnfm_id as vnfm_id8_68_0_ from virtual_network_function_record virtualnet0_ where virtualnet0_.id=?
14:11:15.909 [Test worker] DEBUG o.h.l.p.b.i.spaces.QuerySpacesImpl - Adding QuerySpace : uid = <gen:0> -> org.hibernate.loader.plan.build.internal.spaces.EntityQuerySpaceImpl@5c70db4d]
14:11:15.909 [Test worker] DEBUG o.h.p.w.spi.MetamodelGraphWalker - Visiting attribute path : audit_log
14:11:15.909 [Test worker] DEBUG o.h.p.w.spi.MetamodelGraphWalker - Visiting attribute path : auto_scale_policy
14:11:15.909 [Test worker] DEBUG o.h.l.p.b.i.spaces.QuerySpacesImpl - Adding QuerySpace : uid = <gen:1> -> org.hibernate.loader.plan.build.internal.spaces.CollectionQuerySpaceImpl@4674b826]
14:11:15.909 [Test worker] DEBUG o.h.l.p.b.i.spaces.QuerySpacesImpl - Adding QuerySpace : uid = <gen:2> -> org.hibernate.loader.plan.build.internal.spaces.EntityQuerySpaceImpl@18e5eaed]
14:11:15.909 [Test worker] DEBUG o.h.p.w.spi.MetamodelGraphWalker - Visiting attribute path : connected_external_virtual_link
14:11:15.910 [Test worker] DEBUG o.h.l.p.b.i.spaces.QuerySpacesImpl - Adding QuerySpace : uid = <gen:3> -> org.hibernate.loader.plan.build.internal.spaces.CollectionQuerySpaceImpl@1ea27a60]
14:11:15.910 [Test worker] DEBUG o.h.l.p.b.i.spaces.QuerySpacesImpl - Adding QuerySpace : uid = <gen:4> -> org.hibernate.loader.plan.build.internal.spaces.EntityQuerySpaceImpl@3d104456]
14:11:15.910 [Test worker] DEBUG o.h.p.w.spi.MetamodelGraphWalker - Visiting attribute path : connection_point
14:11:15.910 [Test worker] DEBUG o.h.l.p.b.i.spaces.QuerySpacesImpl - Adding QuerySpace : uid = <gen:5> -> org.hibernate.loader.plan.build.internal.spaces.CollectionQuerySpaceImpl@76f6896b]
14:11:15.910 [Test worker] DEBUG o.h.l.p.b.i.spaces.QuerySpacesImpl - Adding QuerySpace : uid = <gen:6> -> org.hibernate.loader.plan.build.internal.spaces.EntityQuerySpaceImpl@33b80cd1]
14:11:15.910 [Test worker] DEBUG o.h.p.w.spi.MetamodelGraphWalker - Visiting attribute path : dependency
14:11:15.910 [Test worker] DEBUG o.h.l.p.b.i.spaces.QuerySpacesImpl - Adding QuerySpace : uid = <gen:7> -> org.hibernate.loader.plan.build.internal.spaces.CollectionQuerySpaceImpl@785187dd]
14:11:15.910 [Test worker] DEBUG o.h.l.p.b.i.spaces.QuerySpacesImpl - Adding QuerySpace : uid = <gen:8> -> org.hibernate.loader.plan.build.internal.spaces.EntityQuerySpaceImpl@30aefbe1]
14:11:15.910 [Test worker] DEBUG o.h.p.w.spi.MetamodelGraphWalker - Visiting attribute path : deployment_flavour
14:11:15.910 [Test worker] DEBUG o.h.l.p.b.i.spaces.QuerySpacesImpl - Adding QuerySpace : uid = <gen:9> -> org.hibernate.loader.plan.build.internal.spaces.EntityQuerySpaceImpl@301a89bf]
14:11:15.910 [Test worker] DEBUG o.h.p.w.spi.MetamodelGraphWalker - Visiting attribute path : descriptor_reference
14:11:15.910 [Test worker] DEBUG o.h.p.w.spi.MetamodelGraphWalker - Visiting attribute path : lifecycle_event
14:11:15.910 [Test worker] DEBUG o.h.l.p.b.i.spaces.QuerySpacesImpl - Adding QuerySpace : uid = <gen:10> -> org.hibernate.loader.plan.build.internal.spaces.EntityQuerySpaceImpl@1e497345]
14:11:15.910 [Test worker] DEBUG o.h.p.w.spi.MetamodelGraphWalker - Visiting attribute path : lifecycle_event_history
14:11:15.910 [Test worker] DEBUG o.h.l.p.b.i.spaces.QuerySpacesImpl - Adding QuerySpace : uid = <gen:11> -> org.hibernate.loader.plan.build.internal.spaces.CollectionQuerySpaceImpl@682ec68b]
14:11:15.910 [Test worker] DEBUG o.h.l.p.b.i.spaces.QuerySpacesImpl - Adding QuerySpace : uid = <gen:12> -> org.hibernate.loader.plan.build.internal.spaces.EntityQuerySpaceImpl@56ed051c]
14:11:15.910 [Test worker] DEBUG o.h.p.w.spi.MetamodelGraphWalker - Visiting attribute path : localization
14:11:15.910 [Test worker] DEBUG o.h.p.w.spi.MetamodelGraphWalker - Visiting attribute path : monitoring_parameter
14:11:15.910 [Test worker] DEBUG o.h.p.w.spi.MetamodelGraphWalker - Visiting attribute path : notification
14:11:15.910 [Test worker] DEBUG o.h.p.w.spi.MetamodelGraphWalker - Visiting attribute path : parent_ns
14:11:15.910 [Test worker] DEBUG o.h.l.p.b.i.spaces.QuerySpacesImpl - Adding QuerySpace : uid = <gen:13> -> org.hibernate.loader.plan.build.internal.spaces.EntityQuerySpaceImpl@62ea9dd9]
14:11:15.910 [Test worker] DEBUG o.h.p.w.spi.MetamodelGraphWalker - Visiting attribute path : runtime_policy_info
14:11:15.910 [Test worker] DEBUG o.h.p.w.spi.MetamodelGraphWalker - Visiting attribute path : status
14:11:15.910 [Test worker] DEBUG o.h.p.w.spi.MetamodelGraphWalker - Visiting attribute path : vdu
14:11:15.910 [Test worker] DEBUG o.h.l.p.b.i.spaces.QuerySpacesImpl - Adding QuerySpace : uid = <gen:14> -> org.hibernate.loader.plan.build.internal.spaces.CollectionQuerySpaceImpl@1921444b]
14:11:15.910 [Test worker] DEBUG o.h.l.p.b.i.spaces.QuerySpacesImpl - Adding QuerySpace : uid = <gen:15> -> org.hibernate.loader.plan.build.internal.spaces.EntityQuerySpaceImpl@570aa4d0]
14:11:15.910 [Test worker] DEBUG o.h.p.w.spi.MetamodelGraphWalker - Visiting attribute path : vendor
14:11:15.910 [Test worker] DEBUG o.h.p.w.spi.MetamodelGraphWalker - Visiting attribute path : version
14:11:15.910 [Test worker] DEBUG o.h.p.w.spi.MetamodelGraphWalker - Visiting attribute path : virtual_link
14:11:15.910 [Test worker] DEBUG o.h.l.p.b.i.spaces.QuerySpacesImpl - Adding QuerySpace : uid = <gen:16> -> org.hibernate.loader.plan.build.internal.spaces.CollectionQuerySpaceImpl@7bca8054]
14:11:15.910 [Test worker] DEBUG o.h.l.p.b.i.spaces.QuerySpacesImpl - Adding QuerySpace : uid = <gen:17> -> org.hibernate.loader.plan.build.internal.spaces.EntityQuerySpaceImpl@2baf4a4a]
14:11:15.910 [Test worker] DEBUG o.h.p.w.spi.MetamodelGraphWalker - Visiting attribute path : vnf_address
14:11:15.910 [Test worker] DEBUG o.h.p.w.spi.MetamodelGraphWalker - Visiting attribute path : vnfm_id
14:11:15.910 [Test worker] DEBUG o.h.l.p.b.i.FetchStyleLoadPlanBuildingAssociationVisitationStrategy - Building LoadPlan...
14:11:15.910 [Test worker] DEBUG o.h.l.p.e.i.LoadQueryJoinAndFetchProcessor - processing queryspace <gen:0>
14:11:15.911 [Test worker] DEBUG o.h.l.p.b.spi.LoadPlanTreePrinter - LoadPlan(entity=org.project.neutrino.nfvo.catalogue.mano.record.VirtualNetworkFunctionRecord)
    - Returns
       - EntityReturnImpl(entity=org.project.neutrino.nfvo.catalogue.mano.record.VirtualNetworkFunctionRecord, querySpaceUid=<gen:0>, path=org.project.neutrino.nfvo.catalogue.mano.record.VirtualNetworkFunctionRecord)
          - CollectionAttributeFetchImpl(collection=org.project.neutrino.nfvo.catalogue.mano.record.VirtualNetworkFunctionRecord.auto_scale_policy, querySpaceUid=<gen:1>, path=org.project.neutrino.nfvo.catalogue.mano.record.VirtualNetworkFunctionRecord.auto_scale_policy)
             - (collection element) CollectionFetchableElementEntityGraph(entity=org.project.neutrino.nfvo.catalogue.mano.common.AutoScalePolicy, querySpaceUid=<gen:2>, path=org.project.neutrino.nfvo.catalogue.mano.record.VirtualNetworkFunctionRecord.auto_scale_policy.<elements>)
          - CollectionAttributeFetchImpl(collection=org.project.neutrino.nfvo.catalogue.mano.record.VirtualNetworkFunctionRecord.connected_external_virtual_link, querySpaceUid=<gen:3>, path=org.project.neutrino.nfvo.catalogue.mano.record.VirtualNetworkFunctionRecord.connected_external_virtual_link)
             - (collection element) CollectionFetchableElementEntityGraph(entity=org.project.neutrino.nfvo.catalogue.mano.record.VirtualLinkRecord, querySpaceUid=<gen:4>, path=org.project.neutrino.nfvo.catalogue.mano.record.VirtualNetworkFunctionRecord.connected_external_virtual_link.<elements>)
          - CollectionAttributeFetchImpl(collection=org.project.neutrino.nfvo.catalogue.mano.record.VirtualNetworkFunctionRecord.connection_point, querySpaceUid=<gen:5>, path=org.project.neutrino.nfvo.catalogue.mano.record.VirtualNetworkFunctionRecord.connection_point)
             - (collection element) CollectionFetchableElementEntityGraph(entity=org.project.neutrino.nfvo.catalogue.mano.common.ConnectionPoint, querySpaceUid=<gen:6>, path=org.project.neutrino.nfvo.catalogue.mano.record.VirtualNetworkFunctionRecord.connection_point.<elements>)
          - CollectionAttributeFetchImpl(collection=org.project.neutrino.nfvo.catalogue.mano.record.VirtualNetworkFunctionRecord.dependency, querySpaceUid=<gen:7>, path=org.project.neutrino.nfvo.catalogue.mano.record.VirtualNetworkFunctionRecord.dependency)
             - (collection element) CollectionFetchableElementEntityGraph(entity=org.project.neutrino.nfvo.catalogue.mano.common.VNFDependency, querySpaceUid=<gen:8>, path=org.project.neutrino.nfvo.catalogue.mano.record.VirtualNetworkFunctionRecord.dependency.<elements>)
          - EntityAttributeFetchImpl(entity=org.project.neutrino.nfvo.catalogue.mano.descriptor.VNFDDeploymentFlavour, querySpaceUid=<gen:9>, path=org.project.neutrino.nfvo.catalogue.mano.record.VirtualNetworkFunctionRecord.deployment_flavour)
          - EntityAttributeFetchImpl(entity=org.project.neutrino.nfvo.catalogue.mano.common.LifecycleEvent, querySpaceUid=<gen:10>, path=org.project.neutrino.nfvo.catalogue.mano.record.VirtualNetworkFunctionRecord.lifecycle_event)
          - CollectionAttributeFetchImpl(collection=org.project.neutrino.nfvo.catalogue.mano.record.VirtualNetworkFunctionRecord.lifecycle_event_history, querySpaceUid=<gen:11>, path=org.project.neutrino.nfvo.catalogue.mano.record.VirtualNetworkFunctionRecord.lifecycle_event_history)
             - (collection element) CollectionFetchableElementEntityGraph(entity=org.project.neutrino.nfvo.catalogue.mano.common.LifecycleEvent, querySpaceUid=<gen:12>, path=org.project.neutrino.nfvo.catalogue.mano.record.VirtualNetworkFunctionRecord.lifecycle_event_history.<elements>)
          - EntityAttributeFetchImpl(entity=org.project.neutrino.nfvo.catalogue.mano.record.NetworkServiceRecord, querySpaceUid=<gen:13>, path=org.project.neutrino.nfvo.catalogue.mano.record.VirtualNetworkFunctionRecord.parent_ns)
          - CollectionAttributeFetchImpl(collection=org.project.neutrino.nfvo.catalogue.mano.record.VirtualNetworkFunctionRecord.vdu, querySpaceUid=<gen:14>, path=org.project.neutrino.nfvo.catalogue.mano.record.VirtualNetworkFunctionRecord.vdu)
             - (collection element) CollectionFetchableElementEntityGraph(entity=org.project.neutrino.nfvo.catalogue.mano.descriptor.VirtualDeploymentUnit, querySpaceUid=<gen:15>, path=org.project.neutrino.nfvo.catalogue.mano.record.VirtualNetworkFunctionRecord.vdu.<elements>)
          - CollectionAttributeFetchImpl(collection=org.project.neutrino.nfvo.catalogue.mano.record.VirtualNetworkFunctionRecord.virtual_link, querySpaceUid=<gen:16>, path=org.project.neutrino.nfvo.catalogue.mano.record.VirtualNetworkFunctionRecord.virtual_link)
             - (collection element) CollectionFetchableElementEntityGraph(entity=org.project.neutrino.nfvo.catalogue.mano.descriptor.InternalVirtualLink, querySpaceUid=<gen:17>, path=org.project.neutrino.nfvo.catalogue.mano.record.VirtualNetworkFunctionRecord.virtual_link.<elements>)
    - QuerySpaces
       - EntityQuerySpaceImpl(uid=<gen:0>, entity=org.project.neutrino.nfvo.catalogue.mano.record.VirtualNetworkFunctionRecord)
          - SQL table alias mapping - virtualnet0_
          - alias suffix - 0_
          - suffixed key columns - {id1_68_0_}

14:11:15.911 [Test worker] DEBUG o.h.loader.entity.plan.EntityLoader - Static select for entity org.project.neutrino.nfvo.catalogue.mano.record.VirtualNetworkFunctionRecord [OPTIMISTIC_FORCE_INCREMENT]: select virtualnet0_.id as id1_68_0_, virtualnet0_.audit_log as audit_lo2_68_0_, virtualnet0_.deployment_flavour_id as deployme9_68_0_, virtualnet0_.descriptor_reference as descript3_68_0_, virtualnet0_.lifecycle_event_id as lifecyc10_68_0_, virtualnet0_.localization as localiza4_68_0_, virtualnet0_.parent_ns_id as parent_11_68_0_, virtualnet0_.status as status5_68_0_, virtualnet0_.vendor as vendor6_68_0_, virtualnet0_.version as version7_68_0_, virtualnet0_.vnfm_id as vnfm_id8_68_0_ from virtual_network_function_record virtualnet0_ where virtualnet0_.id=?
14:11:15.912 [Test worker] DEBUG org.hibernate.loader.Loader - Static select for action ACTION_MERGE on entity org.project.neutrino.nfvo.catalogue.mano.record.VirtualNetworkFunctionRecord: select virtualnet0_.id as id1_68_8_, virtualnet0_.audit_log as audit_lo2_68_8_, virtualnet0_.deployment_flavour_id as deployme9_68_8_, virtualnet0_.descriptor_reference as descript3_68_8_, virtualnet0_.lifecycle_event_id as lifecyc10_68_8_, virtualnet0_.localization as localiza4_68_8_, virtualnet0_.parent_ns_id as parent_11_68_8_, virtualnet0_.status as status5_68_8_, virtualnet0_.vendor as vendor6_68_8_, virtualnet0_.version as version7_68_8_, virtualnet0_.vnfm_id as vnfm_id8_68_8_, auto_scale1_.virtual_network_function_record_id as virtual_1_68_10_, autoscalep2_.id as auto_sca2_69_10_, autoscalep2_.id as id1_3_0_, autoscalep2_.version as version2_3_0_, vnfddeploy3_.id as id1_7_1_, vnfddeploy3_.flavour_key as flavour_2_7_1_, vnfddeploy3_.version as version3_7_1_, lifecyclee4_.id as id1_10_2_, lifecyclee4_.version as version2_10_2_, networkser5_.id as id1_18_3_, networkser5_.audit_log as audit_lo2_18_3_, networkser5_.descriptor_reference_Id as descript9_18_3_, networkser5_.lifecycle_event_id as lifecyc10_18_3_, networkser5_.notification as notifica3_18_3_, networkser5_.resource_reservation as resource4_18_3_, networkser5_.runtime_policy_info as runtime_5_18_3_, networkser5_.service_deployment_flavour_id as service11_18_3_, networkser5_.status as status6_18_3_, networkser5_.vendor as vendor7_18_3_, networkser5_.version as version8_18_3_, networkser5_.vnfr_id as vnfr_id12_18_3_, nfventityd6_.id as id1_27_4_, nfventityd6_.hb_version as hb_versi2_27_4_, nfventityd6_.vendor as vendor3_27_4_, nfventityd6_.version as version4_27_4_, nfventityd6_.descriptor_version as descript1_62_4_, nfventityd6_.manifest_file as manifest2_62_4_, nfventityd6_.nsd_security_id as nsd_secu1_14_4_, nfventityd6_.clazz_ as clazz_4_, lifecyclee7_.id as id1_10_5_, lifecyclee7_.version as version2_10_5_, servicedep8_.id as id1_7_6_, servicedep8_.flavour_key as flavour_2_7_6_, servicedep8_.version as version3_7_6_, virtualnet9_.id as id1_68_7_, virtualnet9_.audit_log as audit_lo2_68_7_, virtualnet9_.deployment_flavour_id as deployme9_68_7_, virtualnet9_.descriptor_reference as descript3_68_7_, virtualnet9_.lifecycle_event_id as lifecyc10_68_7_, virtualnet9_.localization as localiza4_68_7_, virtualnet9_.parent_ns_id as parent_11_68_7_, virtualnet9_.status as status5_68_7_, virtualnet9_.vendor as vendor6_68_7_, virtualnet9_.version as version7_68_7_, virtualnet9_.vnfm_id as vnfm_id8_68_7_ from virtual_network_function_record virtualnet0_ left outer join virtual_network_function_record_auto_scale_policy auto_scale1_ on virtualnet0_.id=auto_scale1_.virtual_network_function_record_id left outer join auto_scale_policy autoscalep2_ on auto_scale1_.auto_scale_policy_id=autoscalep2_.id left outer join vnfddeployment_flavour vnfddeploy3_ on virtualnet0_.deployment_flavour_id=vnfddeploy3_.id left outer join lifecycle_event lifecyclee4_ on virtualnet0_.lifecycle_event_id=lifecyclee4_.id left outer join network_service_record networkser5_ on virtualnet0_.parent_ns_id=networkser5_.id left outer join ( select id, hb_version, vendor, version, descriptor_version, manifest_file, null as nsd_security_id, 1 as clazz_ from virtual_network_function_descriptor union select id, hb_version, vendor, version, null as descriptor_version, null as manifest_file, nsd_security_id, 2 as clazz_ from network_service_descriptor ) nfventityd6_ on networkser5_.descriptor_reference_Id=nfventityd6_.id left outer join lifecycle_event lifecyclee7_ on networkser5_.lifecycle_event_id=lifecyclee7_.id left outer join service_deployment_flavour servicedep8_ on networkser5_.service_deployment_flavour_id=servicedep8_.id left outer join virtual_network_function_record virtualnet9_ on networkser5_.vnfr_id=virtualnet9_.id where virtualnet0_.id=?
14:11:15.913 [Test worker] DEBUG org.hibernate.loader.Loader - Static select for action ACTION_REFRESH on entity org.project.neutrino.nfvo.catalogue.mano.record.VirtualNetworkFunctionRecord: select virtualnet0_.id as id1_68_8_, virtualnet0_.audit_log as audit_lo2_68_8_, virtualnet0_.deployment_flavour_id as deployme9_68_8_, virtualnet0_.descriptor_reference as descript3_68_8_, virtualnet0_.lifecycle_event_id as lifecyc10_68_8_, virtualnet0_.localization as localiza4_68_8_, virtualnet0_.parent_ns_id as parent_11_68_8_, virtualnet0_.status as status5_68_8_, virtualnet0_.vendor as vendor6_68_8_, virtualnet0_.version as version7_68_8_, virtualnet0_.vnfm_id as vnfm_id8_68_8_, auto_scale1_.virtual_network_function_record_id as virtual_1_68_10_, autoscalep2_.id as auto_sca2_69_10_, autoscalep2_.id as id1_3_0_, autoscalep2_.version as version2_3_0_, vnfddeploy3_.id as id1_7_1_, vnfddeploy3_.flavour_key as flavour_2_7_1_, vnfddeploy3_.version as version3_7_1_, lifecyclee4_.id as id1_10_2_, lifecyclee4_.version as version2_10_2_, networkser5_.id as id1_18_3_, networkser5_.audit_log as audit_lo2_18_3_, networkser5_.descriptor_reference_Id as descript9_18_3_, networkser5_.lifecycle_event_id as lifecyc10_18_3_, networkser5_.notification as notifica3_18_3_, networkser5_.resource_reservation as resource4_18_3_, networkser5_.runtime_policy_info as runtime_5_18_3_, networkser5_.service_deployment_flavour_id as service11_18_3_, networkser5_.status as status6_18_3_, networkser5_.vendor as vendor7_18_3_, networkser5_.version as version8_18_3_, networkser5_.vnfr_id as vnfr_id12_18_3_, nfventityd6_.id as id1_27_4_, nfventityd6_.hb_version as hb_versi2_27_4_, nfventityd6_.vendor as vendor3_27_4_, nfventityd6_.version as version4_27_4_, nfventityd6_.descriptor_version as descript1_62_4_, nfventityd6_.manifest_file as manifest2_62_4_, nfventityd6_.nsd_security_id as nsd_secu1_14_4_, nfventityd6_.clazz_ as clazz_4_, lifecyclee7_.id as id1_10_5_, lifecyclee7_.version as version2_10_5_, servicedep8_.id as id1_7_6_, servicedep8_.flavour_key as flavour_2_7_6_, servicedep8_.version as version3_7_6_, virtualnet9_.id as id1_68_7_, virtualnet9_.audit_log as audit_lo2_68_7_, virtualnet9_.deployment_flavour_id as deployme9_68_7_, virtualnet9_.descriptor_reference as descript3_68_7_, virtualnet9_.lifecycle_event_id as lifecyc10_68_7_, virtualnet9_.localization as localiza4_68_7_, virtualnet9_.parent_ns_id as parent_11_68_7_, virtualnet9_.status as status5_68_7_, virtualnet9_.vendor as vendor6_68_7_, virtualnet9_.version as version7_68_7_, virtualnet9_.vnfm_id as vnfm_id8_68_7_ from virtual_network_function_record virtualnet0_ left outer join virtual_network_function_record_auto_scale_policy auto_scale1_ on virtualnet0_.id=auto_scale1_.virtual_network_function_record_id left outer join auto_scale_policy autoscalep2_ on auto_scale1_.auto_scale_policy_id=autoscalep2_.id left outer join vnfddeployment_flavour vnfddeploy3_ on virtualnet0_.deployment_flavour_id=vnfddeploy3_.id left outer join lifecycle_event lifecyclee4_ on virtualnet0_.lifecycle_event_id=lifecyclee4_.id left outer join network_service_record networkser5_ on virtualnet0_.parent_ns_id=networkser5_.id left outer join ( select id, hb_version, vendor, version, descriptor_version, manifest_file, null as nsd_security_id, 1 as clazz_ from virtual_network_function_descriptor union select id, hb_version, vendor, version, null as descriptor_version, null as manifest_file, nsd_security_id, 2 as clazz_ from network_service_descriptor ) nfventityd6_ on networkser5_.descriptor_reference_Id=nfventityd6_.id left outer join lifecycle_event lifecyclee7_ on networkser5_.lifecycle_event_id=lifecyclee7_.id left outer join service_deployment_flavour servicedep8_ on networkser5_.service_deployment_flavour_id=servicedep8_.id left outer join virtual_network_function_record virtualnet9_ on networkser5_.vnfr_id=virtualnet9_.id where virtualnet0_.id=?
14:11:15.913 [Test worker] DEBUG o.h.p.entity.AbstractEntityPersister - Static SQL for entity: org.project.neutrino.nfvo.catalogue.mano.common.LifecycleEvent
14:11:15.913 [Test worker] DEBUG o.h.p.entity.AbstractEntityPersister -  Version select: select version from lifecycle_event where id =?
14:11:15.913 [Test worker] DEBUG o.h.p.entity.AbstractEntityPersister -  Snapshot select: select lifecyclee_.id, lifecyclee_.version as version2_10_ from lifecycle_event lifecyclee_ where lifecyclee_.id=?
14:11:15.914 [Test worker] DEBUG o.h.p.entity.AbstractEntityPersister -  Insert 0: insert into lifecycle_event (version, id) values (?, ?)
14:11:15.914 [Test worker] DEBUG o.h.p.entity.AbstractEntityPersister -  Update 0: update lifecycle_event set version=? where id=? and version=?
14:11:15.917 [Test worker] DEBUG o.h.p.entity.AbstractEntityPersister -  Delete 0: delete from lifecycle_event where id=? and version=?
14:11:15.917 [Test worker] DEBUG o.h.l.p.b.i.spaces.QuerySpacesImpl - Adding QuerySpace : uid = <gen:0> -> org.hibernate.loader.plan.build.internal.spaces.EntityQuerySpaceImpl@13656ae]
14:11:15.917 [Test worker] DEBUG o.h.p.w.spi.MetamodelGraphWalker - Visiting attribute path : lifecycle_events
14:11:15.917 [Test worker] DEBUG o.h.p.w.spi.MetamodelGraphWalker - Visiting attribute path : version
14:11:15.917 [Test worker] DEBUG o.h.l.p.b.i.FetchStyleLoadPlanBuildingAssociationVisitationStrategy - Building LoadPlan...
14:11:15.918 [Test worker] DEBUG o.h.l.p.e.i.LoadQueryJoinAndFetchProcessor - processing queryspace <gen:0>
14:11:15.918 [Test worker] DEBUG o.h.l.p.b.spi.LoadPlanTreePrinter - LoadPlan(entity=org.project.neutrino.nfvo.catalogue.mano.common.LifecycleEvent)
    - Returns
       - EntityReturnImpl(entity=org.project.neutrino.nfvo.catalogue.mano.common.LifecycleEvent, querySpaceUid=<gen:0>, path=org.project.neutrino.nfvo.catalogue.mano.common.LifecycleEvent)
    - QuerySpaces
       - EntityQuerySpaceImpl(uid=<gen:0>, entity=org.project.neutrino.nfvo.catalogue.mano.common.LifecycleEvent)
          - SQL table alias mapping - lifecyclee0_
          - alias suffix - 0_
          - suffixed key columns - {id1_10_0_}

14:11:15.918 [Test worker] DEBUG o.h.loader.entity.plan.EntityLoader - Static select for entity org.project.neutrino.nfvo.catalogue.mano.common.LifecycleEvent [NONE]: select lifecyclee0_.id as id1_10_0_, lifecyclee0_.version as version2_10_0_ from lifecycle_event lifecyclee0_ where lifecyclee0_.id=?
14:11:15.918 [Test worker] DEBUG o.h.l.p.b.i.spaces.QuerySpacesImpl - Adding QuerySpace : uid = <gen:0> -> org.hibernate.loader.plan.build.internal.spaces.EntityQuerySpaceImpl@4967d80b]
14:11:15.918 [Test worker] DEBUG o.h.p.w.spi.MetamodelGraphWalker - Visiting attribute path : lifecycle_events
14:11:15.919 [Test worker] DEBUG o.h.p.w.spi.MetamodelGraphWalker - Visiting attribute path : version
14:11:15.919 [Test worker] DEBUG o.h.l.p.b.i.FetchStyleLoadPlanBuildingAssociationVisitationStrategy - Building LoadPlan...
14:11:15.919 [Test worker] DEBUG o.h.l.p.e.i.LoadQueryJoinAndFetchProcessor - processing queryspace <gen:0>
14:11:15.919 [Test worker] DEBUG o.h.l.p.b.spi.LoadPlanTreePrinter - LoadPlan(entity=org.project.neutrino.nfvo.catalogue.mano.common.LifecycleEvent)
    - Returns
       - EntityReturnImpl(entity=org.project.neutrino.nfvo.catalogue.mano.common.LifecycleEvent, querySpaceUid=<gen:0>, path=org.project.neutrino.nfvo.catalogue.mano.common.LifecycleEvent)
    - QuerySpaces
       - EntityQuerySpaceImpl(uid=<gen:0>, entity=org.project.neutrino.nfvo.catalogue.mano.common.LifecycleEvent)
          - SQL table alias mapping - lifecyclee0_
          - alias suffix - 0_
          - suffixed key columns - {id1_10_0_}

14:11:15.919 [Test worker] DEBUG o.h.loader.entity.plan.EntityLoader - Static select for entity org.project.neutrino.nfvo.catalogue.mano.common.LifecycleEvent [READ]: select lifecyclee0_.id as id1_10_0_, lifecyclee0_.version as version2_10_0_ from lifecycle_event lifecyclee0_ where lifecyclee0_.id=?
14:11:15.920 [Test worker] DEBUG o.h.l.p.b.i.spaces.QuerySpacesImpl - Adding QuerySpace : uid = <gen:0> -> org.hibernate.loader.plan.build.internal.spaces.EntityQuerySpaceImpl@748eb6c6]
14:11:15.920 [Test worker] DEBUG o.h.p.w.spi.MetamodelGraphWalker - Visiting attribute path : lifecycle_events
14:11:15.920 [Test worker] DEBUG o.h.p.w.spi.MetamodelGraphWalker - Visiting attribute path : version
14:11:15.920 [Test worker] DEBUG o.h.l.p.b.i.FetchStyleLoadPlanBuildingAssociationVisitationStrategy - Building LoadPlan...
14:11:15.920 [Test worker] DEBUG o.h.l.p.e.i.LoadQueryJoinAndFetchProcessor - processing queryspace <gen:0>
14:11:15.920 [Test worker] DEBUG o.h.l.p.b.spi.LoadPlanTreePrinter - LoadPlan(entity=org.project.neutrino.nfvo.catalogue.mano.common.LifecycleEvent)
    - Returns
       - EntityReturnImpl(entity=org.project.neutrino.nfvo.catalogue.mano.common.LifecycleEvent, querySpaceUid=<gen:0>, path=org.project.neutrino.nfvo.catalogue.mano.common.LifecycleEvent)
    - QuerySpaces
       - EntityQuerySpaceImpl(uid=<gen:0>, entity=org.project.neutrino.nfvo.catalogue.mano.common.LifecycleEvent)
          - SQL table alias mapping - lifecyclee0_
          - alias suffix - 0_
          - suffixed key columns - {id1_10_0_}

14:11:15.920 [Test worker] DEBUG o.h.loader.entity.plan.EntityLoader - Static select for entity org.project.neutrino.nfvo.catalogue.mano.common.LifecycleEvent [UPGRADE]: select lifecyclee0_.id as id1_10_0_, lifecyclee0_.version as version2_10_0_ from lifecycle_event lifecyclee0_ where lifecyclee0_.id=? for update
14:11:15.921 [Test worker] DEBUG o.h.l.p.b.i.spaces.QuerySpacesImpl - Adding QuerySpace : uid = <gen:0> -> org.hibernate.loader.plan.build.internal.spaces.EntityQuerySpaceImpl@489bd784]
14:11:15.921 [Test worker] DEBUG o.h.p.w.spi.MetamodelGraphWalker - Visiting attribute path : lifecycle_events
14:11:15.921 [Test worker] DEBUG o.h.p.w.spi.MetamodelGraphWalker - Visiting attribute path : version
14:11:15.921 [Test worker] DEBUG o.h.l.p.b.i.FetchStyleLoadPlanBuildingAssociationVisitationStrategy - Building LoadPlan...
14:11:15.921 [Test worker] DEBUG o.h.l.p.e.i.LoadQueryJoinAndFetchProcessor - processing queryspace <gen:0>
14:11:15.921 [Test worker] DEBUG o.h.l.p.b.spi.LoadPlanTreePrinter - LoadPlan(entity=org.project.neutrino.nfvo.catalogue.mano.common.LifecycleEvent)
    - Returns
       - EntityReturnImpl(entity=org.project.neutrino.nfvo.catalogue.mano.common.LifecycleEvent, querySpaceUid=<gen:0>, path=org.project.neutrino.nfvo.catalogue.mano.common.LifecycleEvent)
    - QuerySpaces
       - EntityQuerySpaceImpl(uid=<gen:0>, entity=org.project.neutrino.nfvo.catalogue.mano.common.LifecycleEvent)
          - SQL table alias mapping - lifecyclee0_
          - alias suffix - 0_
          - suffixed key columns - {id1_10_0_}

14:11:15.921 [Test worker] DEBUG o.h.loader.entity.plan.EntityLoader - Static select for entity org.project.neutrino.nfvo.catalogue.mano.common.LifecycleEvent [UPGRADE_NOWAIT]: select lifecyclee0_.id as id1_10_0_, lifecyclee0_.version as version2_10_0_ from lifecycle_event lifecyclee0_ where lifecyclee0_.id=? for update
14:11:15.922 [Test worker] DEBUG o.h.l.p.b.i.spaces.QuerySpacesImpl - Adding QuerySpace : uid = <gen:0> -> org.hibernate.loader.plan.build.internal.spaces.EntityQuerySpaceImpl@1b6ecc30]
14:11:15.922 [Test worker] DEBUG o.h.p.w.spi.MetamodelGraphWalker - Visiting attribute path : lifecycle_events
14:11:15.922 [Test worker] DEBUG o.h.p.w.spi.MetamodelGraphWalker - Visiting attribute path : version
14:11:15.922 [Test worker] DEBUG o.h.l.p.b.i.FetchStyleLoadPlanBuildingAssociationVisitationStrategy - Building LoadPlan...
14:11:15.922 [Test worker] DEBUG o.h.l.p.e.i.LoadQueryJoinAndFetchProcessor - processing queryspace <gen:0>
14:11:15.922 [Test worker] DEBUG o.h.l.p.b.spi.LoadPlanTreePrinter - LoadPlan(entity=org.project.neutrino.nfvo.catalogue.mano.common.LifecycleEvent)
    - Returns
       - EntityReturnImpl(entity=org.project.neutrino.nfvo.catalogue.mano.common.LifecycleEvent, querySpaceUid=<gen:0>, path=org.project.neutrino.nfvo.catalogue.mano.common.LifecycleEvent)
    - QuerySpaces
       - EntityQuerySpaceImpl(uid=<gen:0>, entity=org.project.neutrino.nfvo.catalogue.mano.common.LifecycleEvent)
          - SQL table alias mapping - lifecyclee0_
          - alias suffix - 0_
          - suffixed key columns - {id1_10_0_}

14:11:15.922 [Test worker] DEBUG o.h.loader.entity.plan.EntityLoader - Static select for entity org.project.neutrino.nfvo.catalogue.mano.common.LifecycleEvent [UPGRADE_SKIPLOCKED]: select lifecyclee0_.id as id1_10_0_, lifecyclee0_.version as version2_10_0_ from lifecycle_event lifecyclee0_ where lifecyclee0_.id=? for update
14:11:15.923 [Test worker] DEBUG o.h.l.p.b.i.spaces.QuerySpacesImpl - Adding QuerySpace : uid = <gen:0> -> org.hibernate.loader.plan.build.internal.spaces.EntityQuerySpaceImpl@214cdc95]
14:11:15.923 [Test worker] DEBUG o.h.p.w.spi.MetamodelGraphWalker - Visiting attribute path : lifecycle_events
14:11:15.923 [Test worker] DEBUG o.h.p.w.spi.MetamodelGraphWalker - Visiting attribute path : version
14:11:15.923 [Test worker] DEBUG o.h.l.p.b.i.FetchStyleLoadPlanBuildingAssociationVisitationStrategy - Building LoadPlan...
14:11:15.923 [Test worker] DEBUG o.h.l.p.e.i.LoadQueryJoinAndFetchProcessor - processing queryspace <gen:0>
14:11:15.923 [Test worker] DEBUG o.h.l.p.b.spi.LoadPlanTreePrinter - LoadPlan(entity=org.project.neutrino.nfvo.catalogue.mano.common.LifecycleEvent)
    - Returns
       - EntityReturnImpl(entity=org.project.neutrino.nfvo.catalogue.mano.common.LifecycleEvent, querySpaceUid=<gen:0>, path=org.project.neutrino.nfvo.catalogue.mano.common.LifecycleEvent)
    - QuerySpaces
       - EntityQuerySpaceImpl(uid=<gen:0>, entity=org.project.neutrino.nfvo.catalogue.mano.common.LifecycleEvent)
          - SQL table alias mapping - lifecyclee0_
          - alias suffix - 0_
          - suffixed key columns - {id1_10_0_}

14:11:15.923 [Test worker] DEBUG o.h.loader.entity.plan.EntityLoader - Static select for entity org.project.neutrino.nfvo.catalogue.mano.common.LifecycleEvent [FORCE]: select lifecyclee0_.id as id1_10_0_, lifecyclee0_.version as version2_10_0_ from lifecycle_event lifecyclee0_ where lifecyclee0_.id=? for update
14:11:15.923 [Test worker] DEBUG o.h.l.p.b.i.spaces.QuerySpacesImpl - Adding QuerySpace : uid = <gen:0> -> org.hibernate.loader.plan.build.internal.spaces.EntityQuerySpaceImpl@7c44c1ad]
14:11:15.924 [Test worker] DEBUG o.h.p.w.spi.MetamodelGraphWalker - Visiting attribute path : lifecycle_events
14:11:15.924 [Test worker] DEBUG o.h.p.w.spi.MetamodelGraphWalker - Visiting attribute path : version
14:11:15.924 [Test worker] DEBUG o.h.l.p.b.i.FetchStyleLoadPlanBuildingAssociationVisitationStrategy - Building LoadPlan...
14:11:15.924 [Test worker] DEBUG o.h.l.p.e.i.LoadQueryJoinAndFetchProcessor - processing queryspace <gen:0>
14:11:15.924 [Test worker] DEBUG o.h.l.p.b.spi.LoadPlanTreePrinter - LoadPlan(entity=org.project.neutrino.nfvo.catalogue.mano.common.LifecycleEvent)
    - Returns
       - EntityReturnImpl(entity=org.project.neutrino.nfvo.catalogue.mano.common.LifecycleEvent, querySpaceUid=<gen:0>, path=org.project.neutrino.nfvo.catalogue.mano.common.LifecycleEvent)
    - QuerySpaces
       - EntityQuerySpaceImpl(uid=<gen:0>, entity=org.project.neutrino.nfvo.catalogue.mano.common.LifecycleEvent)
          - SQL table alias mapping - lifecyclee0_
          - alias suffix - 0_
          - suffixed key columns - {id1_10_0_}

14:11:15.924 [Test worker] DEBUG o.h.loader.entity.plan.EntityLoader - Static select for entity org.project.neutrino.nfvo.catalogue.mano.common.LifecycleEvent [PESSIMISTIC_READ]: select lifecyclee0_.id as id1_10_0_, lifecyclee0_.version as version2_10_0_ from lifecycle_event lifecyclee0_ where lifecyclee0_.id=? lock in share mode
14:11:15.924 [Test worker] DEBUG o.h.l.p.b.i.spaces.QuerySpacesImpl - Adding QuerySpace : uid = <gen:0> -> org.hibernate.loader.plan.build.internal.spaces.EntityQuerySpaceImpl@57921a3f]
14:11:15.924 [Test worker] DEBUG o.h.p.w.spi.MetamodelGraphWalker - Visiting attribute path : lifecycle_events
14:11:15.924 [Test worker] DEBUG o.h.p.w.spi.MetamodelGraphWalker - Visiting attribute path : version
14:11:15.924 [Test worker] DEBUG o.h.l.p.b.i.FetchStyleLoadPlanBuildingAssociationVisitationStrategy - Building LoadPlan...
14:11:15.925 [Test worker] DEBUG o.h.l.p.e.i.LoadQueryJoinAndFetchProcessor - processing queryspace <gen:0>
14:11:15.925 [Test worker] DEBUG o.h.l.p.b.spi.LoadPlanTreePrinter - LoadPlan(entity=org.project.neutrino.nfvo.catalogue.mano.common.LifecycleEvent)
    - Returns
       - EntityReturnImpl(entity=org.project.neutrino.nfvo.catalogue.mano.common.LifecycleEvent, querySpaceUid=<gen:0>, path=org.project.neutrino.nfvo.catalogue.mano.common.LifecycleEvent)
    - QuerySpaces
       - EntityQuerySpaceImpl(uid=<gen:0>, entity=org.project.neutrino.nfvo.catalogue.mano.common.LifecycleEvent)
          - SQL table alias mapping - lifecyclee0_
          - alias suffix - 0_
          - suffixed key columns - {id1_10_0_}

14:11:15.925 [Test worker] DEBUG o.h.loader.entity.plan.EntityLoader - Static select for entity org.project.neutrino.nfvo.catalogue.mano.common.LifecycleEvent [PESSIMISTIC_WRITE]: select lifecyclee0_.id as id1_10_0_, lifecyclee0_.version as version2_10_0_ from lifecycle_event lifecyclee0_ where lifecyclee0_.id=? for update
14:11:15.925 [Test worker] DEBUG o.h.l.p.b.i.spaces.QuerySpacesImpl - Adding QuerySpace : uid = <gen:0> -> org.hibernate.loader.plan.build.internal.spaces.EntityQuerySpaceImpl@76abcf2d]
14:11:15.925 [Test worker] DEBUG o.h.p.w.spi.MetamodelGraphWalker - Visiting attribute path : lifecycle_events
14:11:15.925 [Test worker] DEBUG o.h.p.w.spi.MetamodelGraphWalker - Visiting attribute path : version
14:11:15.925 [Test worker] DEBUG o.h.l.p.b.i.FetchStyleLoadPlanBuildingAssociationVisitationStrategy - Building LoadPlan...
14:11:15.926 [Test worker] DEBUG o.h.l.p.e.i.LoadQueryJoinAndFetchProcessor - processing queryspace <gen:0>
14:11:15.927 [Test worker] DEBUG o.h.l.p.b.spi.LoadPlanTreePrinter - LoadPlan(entity=org.project.neutrino.nfvo.catalogue.mano.common.LifecycleEvent)
    - Returns
       - EntityReturnImpl(entity=org.project.neutrino.nfvo.catalogue.mano.common.LifecycleEvent, querySpaceUid=<gen:0>, path=org.project.neutrino.nfvo.catalogue.mano.common.LifecycleEvent)
    - QuerySpaces
       - EntityQuerySpaceImpl(uid=<gen:0>, entity=org.project.neutrino.nfvo.catalogue.mano.common.LifecycleEvent)
          - SQL table alias mapping - lifecyclee0_
          - alias suffix - 0_
          - suffixed key columns - {id1_10_0_}

14:11:15.927 [Test worker] DEBUG o.h.loader.entity.plan.EntityLoader - Static select for entity org.project.neutrino.nfvo.catalogue.mano.common.LifecycleEvent [PESSIMISTIC_FORCE_INCREMENT]: select lifecyclee0_.id as id1_10_0_, lifecyclee0_.version as version2_10_0_ from lifecycle_event lifecyclee0_ where lifecyclee0_.id=? for update
14:11:15.927 [Test worker] DEBUG o.h.l.p.b.i.spaces.QuerySpacesImpl - Adding QuerySpace : uid = <gen:0> -> org.hibernate.loader.plan.build.internal.spaces.EntityQuerySpaceImpl@33e85326]
14:11:15.927 [Test worker] DEBUG o.h.p.w.spi.MetamodelGraphWalker - Visiting attribute path : lifecycle_events
14:11:15.927 [Test worker] DEBUG o.h.p.w.spi.MetamodelGraphWalker - Visiting attribute path : version
14:11:15.928 [Test worker] DEBUG o.h.l.p.b.i.FetchStyleLoadPlanBuildingAssociationVisitationStrategy - Building LoadPlan...
14:11:15.928 [Test worker] DEBUG o.h.l.p.e.i.LoadQueryJoinAndFetchProcessor - processing queryspace <gen:0>
14:11:15.928 [Test worker] DEBUG o.h.l.p.b.spi.LoadPlanTreePrinter - LoadPlan(entity=org.project.neutrino.nfvo.catalogue.mano.common.LifecycleEvent)
    - Returns
       - EntityReturnImpl(entity=org.project.neutrino.nfvo.catalogue.mano.common.LifecycleEvent, querySpaceUid=<gen:0>, path=org.project.neutrino.nfvo.catalogue.mano.common.LifecycleEvent)
    - QuerySpaces
       - EntityQuerySpaceImpl(uid=<gen:0>, entity=org.project.neutrino.nfvo.catalogue.mano.common.LifecycleEvent)
          - SQL table alias mapping - lifecyclee0_
          - alias suffix - 0_
          - suffixed key columns - {id1_10_0_}

14:11:15.928 [Test worker] DEBUG o.h.loader.entity.plan.EntityLoader - Static select for entity org.project.neutrino.nfvo.catalogue.mano.common.LifecycleEvent [OPTIMISTIC]: select lifecyclee0_.id as id1_10_0_, lifecyclee0_.version as version2_10_0_ from lifecycle_event lifecyclee0_ where lifecyclee0_.id=?
14:11:15.929 [Test worker] DEBUG o.h.l.p.b.i.spaces.QuerySpacesImpl - Adding QuerySpace : uid = <gen:0> -> org.hibernate.loader.plan.build.internal.spaces.EntityQuerySpaceImpl@6924cd7c]
14:11:15.929 [Test worker] DEBUG o.h.p.w.spi.MetamodelGraphWalker - Visiting attribute path : lifecycle_events
14:11:15.929 [Test worker] DEBUG o.h.p.w.spi.MetamodelGraphWalker - Visiting attribute path : version
14:11:15.929 [Test worker] DEBUG o.h.l.p.b.i.FetchStyleLoadPlanBuildingAssociationVisitationStrategy - Building LoadPlan...
14:11:15.929 [Test worker] DEBUG o.h.l.p.e.i.LoadQueryJoinAndFetchProcessor - processing queryspace <gen:0>
14:11:15.929 [Test worker] DEBUG o.h.l.p.b.spi.LoadPlanTreePrinter - LoadPlan(entity=org.project.neutrino.nfvo.catalogue.mano.common.LifecycleEvent)
    - Returns
       - EntityReturnImpl(entity=org.project.neutrino.nfvo.catalogue.mano.common.LifecycleEvent, querySpaceUid=<gen:0>, path=org.project.neutrino.nfvo.catalogue.mano.common.LifecycleEvent)
    - QuerySpaces
       - EntityQuerySpaceImpl(uid=<gen:0>, entity=org.project.neutrino.nfvo.catalogue.mano.common.LifecycleEvent)
          - SQL table alias mapping - lifecyclee0_
          - alias suffix - 0_
          - suffixed key columns - {id1_10_0_}

14:11:15.929 [Test worker] DEBUG o.h.loader.entity.plan.EntityLoader - Static select for entity org.project.neutrino.nfvo.catalogue.mano.common.LifecycleEvent [OPTIMISTIC_FORCE_INCREMENT]: select lifecyclee0_.id as id1_10_0_, lifecyclee0_.version as version2_10_0_ from lifecycle_event lifecyclee0_ where lifecyclee0_.id=?
14:11:15.930 [Test worker] DEBUG org.hibernate.loader.Loader - Static select for action ACTION_MERGE on entity org.project.neutrino.nfvo.catalogue.mano.common.LifecycleEvent: select lifecyclee0_.id as id1_10_0_, lifecyclee0_.version as version2_10_0_ from lifecycle_event lifecyclee0_ where lifecyclee0_.id=?
14:11:15.930 [Test worker] DEBUG org.hibernate.loader.Loader - Static select for action ACTION_REFRESH on entity org.project.neutrino.nfvo.catalogue.mano.common.LifecycleEvent: select lifecyclee0_.id as id1_10_0_, lifecyclee0_.version as version2_10_0_ from lifecycle_event lifecyclee0_ where lifecyclee0_.id=?
14:11:15.930 [Test worker] DEBUG o.h.p.entity.AbstractEntityPersister - Static SQL for entity: org.project.neutrino.nfvo.catalogue.mano.common.NFVEntityDescriptor
14:11:15.930 [Test worker] DEBUG o.h.p.entity.AbstractEntityPersister -  Version select: select hb_version from nfventity_descriptor where id =?
14:11:15.930 [Test worker] DEBUG o.h.p.entity.AbstractEntityPersister -  Snapshot select: select nfventityd_.id, nfventityd_.hb_version as hb_versi2_27_, nfventityd_.vendor as vendor3_27_, nfventityd_.version as version4_27_ from ( select id, hb_version, vendor, version, descriptor_version, manifest_file, null as nsd_security_id, 1 as clazz_ from virtual_network_function_descriptor union select id, hb_version, vendor, version, null as descriptor_version, null as manifest_file, nsd_security_id, 2 as clazz_ from network_service_descriptor ) nfventityd_ where nfventityd_.id=?
14:11:15.930 [Test worker] DEBUG o.h.p.entity.AbstractEntityPersister -  Insert 0: insert into nfventity_descriptor (hb_version, vendor, version, id) values (?, ?, ?, ?)
14:11:15.930 [Test worker] DEBUG o.h.p.entity.AbstractEntityPersister -  Update 0: update nfventity_descriptor set hb_version=?, vendor=?, version=? where id=? and hb_version=?
14:11:15.930 [Test worker] DEBUG o.h.p.entity.AbstractEntityPersister -  Delete 0: delete from nfventity_descriptor where id=? and hb_version=?
14:11:15.930 [Test worker] DEBUG o.h.l.p.b.i.spaces.QuerySpacesImpl - Adding QuerySpace : uid = <gen:0> -> org.hibernate.loader.plan.build.internal.spaces.EntityQuerySpaceImpl@65b01d5d]
14:11:15.930 [Test worker] DEBUG o.h.p.w.spi.MetamodelGraphWalker - Visiting attribute path : auto_scale_policy
14:11:15.930 [Test worker] DEBUG o.h.p.w.spi.MetamodelGraphWalker - Visiting attribute path : connection_point
14:11:15.931 [Test worker] DEBUG o.h.p.w.spi.MetamodelGraphWalker - Visiting attribute path : hb_version
14:11:15.931 [Test worker] DEBUG o.h.p.w.spi.MetamodelGraphWalker - Visiting attribute path : lifecycle_event
14:11:15.931 [Test worker] DEBUG o.h.p.w.spi.MetamodelGraphWalker - Visiting attribute path : monitoring_parameter
14:11:15.931 [Test worker] DEBUG o.h.l.p.b.i.spaces.QuerySpacesImpl - Adding QuerySpace : uid = <gen:1> -> org.hibernate.loader.plan.build.internal.spaces.CollectionQuerySpaceImpl@a90eb7d]
14:11:15.931 [Test worker] DEBUG o.h.p.w.spi.MetamodelGraphWalker - Visiting attribute path : service_deployment_flavour
14:11:15.931 [Test worker] DEBUG o.h.p.w.spi.MetamodelGraphWalker - Visiting attribute path : vendor
14:11:15.931 [Test worker] DEBUG o.h.p.w.spi.MetamodelGraphWalker - Visiting attribute path : version
14:11:15.931 [Test worker] DEBUG o.h.p.w.spi.MetamodelGraphWalker - Visiting attribute path : vld
14:11:15.931 [Test worker] DEBUG o.h.p.w.spi.MetamodelGraphWalker - Visiting attribute path : vnffgd
14:11:15.931 [Test worker] DEBUG o.h.p.w.spi.MetamodelGraphWalker - Visiting attribute path : deployment_flavour
14:11:15.931 [Test worker] DEBUG o.h.l.p.b.i.spaces.QuerySpacesImpl - Adding QuerySpace : uid = <gen:2> -> org.hibernate.loader.plan.build.internal.spaces.CollectionQuerySpaceImpl@73a9cf43]
14:11:15.931 [Test worker] DEBUG o.h.l.p.b.i.spaces.QuerySpacesImpl - Adding QuerySpace : uid = <gen:3> -> org.hibernate.loader.plan.build.internal.spaces.EntityQuerySpaceImpl@11667308]
14:11:15.931 [Test worker] DEBUG o.h.p.w.spi.MetamodelGraphWalker - Visiting attribute path : deployment_flavour.flavour_key
14:11:15.931 [Test worker] DEBUG o.h.p.w.spi.MetamodelGraphWalker - Visiting attribute path : deployment_flavour.version
14:11:15.931 [Test worker] DEBUG o.h.p.w.spi.MetamodelGraphWalker - Visiting attribute path : deployment_flavour.costituent_vdu
14:11:15.932 [Test worker] DEBUG o.h.p.w.spi.MetamodelGraphWalker - Visiting attribute path : deployment_flavour.df_constraint
14:11:15.932 [Test worker] DEBUG o.h.l.p.b.i.spaces.QuerySpacesImpl - Adding QuerySpace : uid = <gen:4> -> org.hibernate.loader.plan.build.internal.spaces.CollectionQuerySpaceImpl@5cfeb005]
14:11:15.932 [Test worker] DEBUG o.h.p.w.spi.MetamodelGraphWalker - Visiting attribute path : descriptor_version
14:11:15.932 [Test worker] DEBUG o.h.p.w.spi.MetamodelGraphWalker - Visiting attribute path : manifest_file
14:11:15.932 [Test worker] DEBUG o.h.p.w.spi.MetamodelGraphWalker - Visiting attribute path : manifest_file_security
14:11:15.932 [Test worker] DEBUG o.h.p.w.spi.MetamodelGraphWalker - Visiting attribute path : vdu
14:11:15.932 [Test worker] DEBUG o.h.p.w.spi.MetamodelGraphWalker - Visiting attribute path : vdu_dependency
14:11:15.932 [Test worker] DEBUG o.h.p.w.spi.MetamodelGraphWalker - Visiting attribute path : virtual_link
14:11:15.932 [Test worker] DEBUG o.h.p.w.spi.MetamodelGraphWalker - Visiting attribute path : nsd_security
14:11:15.932 [Test worker] DEBUG o.h.l.p.b.i.spaces.QuerySpacesImpl - Adding QuerySpace : uid = <gen:5> -> org.hibernate.loader.plan.build.internal.spaces.EntityQuerySpaceImpl@400e5156]
14:11:15.932 [Test worker] DEBUG o.h.p.w.spi.MetamodelGraphWalker - Visiting attribute path : nsd_security.version
14:11:15.932 [Test worker] DEBUG o.h.p.w.spi.MetamodelGraphWalker - Visiting attribute path : pnfd
14:11:15.932 [Test worker] DEBUG o.h.p.w.spi.MetamodelGraphWalker - Visiting attribute path : vnf_dependency
14:11:15.933 [Test worker] DEBUG o.h.l.p.b.i.spaces.QuerySpacesImpl - Adding QuerySpace : uid = <gen:6> -> org.hibernate.loader.plan.build.internal.spaces.CollectionQuerySpaceImpl@72390d8f]
14:11:15.933 [Test worker] DEBUG o.h.l.p.b.i.spaces.QuerySpacesImpl - Adding QuerySpace : uid = <gen:7> -> org.hibernate.loader.plan.build.internal.spaces.EntityQuerySpaceImpl@7fa961de]
14:11:15.933 [Test worker] DEBUG o.h.p.w.spi.MetamodelGraphWalker - Visiting attribute path : vnf_dependency.source
14:11:15.933 [Test worker] DEBUG o.h.l.p.b.i.spaces.QuerySpacesImpl - Adding QuerySpace : uid = <gen:8> -> org.hibernate.loader.plan.build.internal.spaces.EntityQuerySpaceImpl@1a7d5723]
14:11:15.933 [Test worker] DEBUG o.h.p.w.spi.MetamodelGraphWalker - Visiting attribute path : vnf_dependency.source.auto_scale_policy
14:11:15.933 [Test worker] DEBUG o.h.p.w.spi.MetamodelGraphWalker - Visiting attribute path : vnf_dependency.source.connection_point
14:11:15.933 [Test worker] DEBUG o.h.p.w.spi.MetamodelGraphWalker - Visiting attribute path : vnf_dependency.source.hb_version
14:11:15.933 [Test worker] DEBUG o.h.p.w.spi.MetamodelGraphWalker - Visiting attribute path : vnf_dependency.source.lifecycle_event
14:11:15.933 [Test worker] DEBUG o.h.p.w.spi.MetamodelGraphWalker - Visiting attribute path : vnf_dependency.source.monitoring_parameter
14:11:15.933 [Test worker] DEBUG o.h.p.w.spi.MetamodelGraphWalker - Property path deemed to be circular : vnf_dependency.source.monitoring_parameter
14:11:15.934 [Test worker] DEBUG o.h.p.w.spi.MetamodelGraphWalker - Visiting attribute path : vnf_dependency.source.service_deployment_flavour
14:11:15.934 [Test worker] DEBUG o.h.p.w.spi.MetamodelGraphWalker - Visiting attribute path : vnf_dependency.source.vendor
14:11:15.934 [Test worker] DEBUG o.h.p.w.spi.MetamodelGraphWalker - Visiting attribute path : vnf_dependency.source.version
14:11:15.934 [Test worker] DEBUG o.h.p.w.spi.MetamodelGraphWalker - Visiting attribute path : vnf_dependency.source.vld
14:11:15.934 [Test worker] DEBUG o.h.p.w.spi.MetamodelGraphWalker - Visiting attribute path : vnf_dependency.source.vnffgd
14:11:15.934 [Test worker] DEBUG o.h.p.w.spi.MetamodelGraphWalker - Visiting attribute path : vnf_dependency.source.deployment_flavour
14:11:15.934 [Test worker] DEBUG o.h.p.w.spi.MetamodelGraphWalker - Property path deemed to be circular : vnf_dependency.source.deployment_flavour
14:11:15.934 [Test worker] DEBUG o.h.p.w.spi.MetamodelGraphWalker - Visiting attribute path : vnf_dependency.source.descriptor_version
14:11:15.934 [Test worker] DEBUG o.h.p.w.spi.MetamodelGraphWalker - Visiting attribute path : vnf_dependency.source.manifest_file
14:11:15.934 [Test worker] DEBUG o.h.p.w.spi.MetamodelGraphWalker - Visiting attribute path : vnf_dependency.source.manifest_file_security
14:11:15.934 [Test worker] DEBUG o.h.p.w.spi.MetamodelGraphWalker - Visiting attribute path : vnf_dependency.source.vdu
14:11:15.934 [Test worker] DEBUG o.h.p.w.spi.MetamodelGraphWalker - Visiting attribute path : vnf_dependency.source.vdu_dependency
14:11:15.934 [Test worker] DEBUG o.h.p.w.spi.MetamodelGraphWalker - Visiting attribute path : vnf_dependency.source.virtual_link
14:11:15.935 [Test worker] DEBUG o.h.p.w.spi.MetamodelGraphWalker - Visiting attribute path : vnf_dependency.target
14:11:15.935 [Test worker] DEBUG o.h.l.p.b.i.spaces.QuerySpacesImpl - Adding QuerySpace : uid = <gen:9> -> org.hibernate.loader.plan.build.internal.spaces.EntityQuerySpaceImpl@607af697]
14:11:15.935 [Test worker] DEBUG o.h.p.w.spi.MetamodelGraphWalker - Visiting attribute path : vnf_dependency.target.auto_scale_policy
14:11:15.935 [Test worker] DEBUG o.h.p.w.spi.MetamodelGraphWalker - Visiting attribute path : vnf_dependency.target.connection_point
14:11:15.935 [Test worker] DEBUG o.h.p.w.spi.MetamodelGraphWalker - Visiting attribute path : vnf_dependency.target.hb_version
14:11:15.935 [Test worker] DEBUG o.h.p.w.spi.MetamodelGraphWalker - Visiting attribute path : vnf_dependency.target.lifecycle_event
14:11:15.935 [Test worker] DEBUG o.h.p.w.spi.MetamodelGraphWalker - Visiting attribute path : vnf_dependency.target.monitoring_parameter
14:11:15.935 [Test worker] DEBUG o.h.p.w.spi.MetamodelGraphWalker - Property path deemed to be circular : vnf_dependency.target.monitoring_parameter
14:11:15.935 [Test worker] DEBUG o.h.p.w.spi.MetamodelGraphWalker - Visiting attribute path : vnf_dependency.target.service_deployment_flavour
14:11:15.935 [Test worker] DEBUG o.h.p.w.spi.MetamodelGraphWalker - Visiting attribute path : vnf_dependency.target.vendor
14:11:15.935 [Test worker] DEBUG o.h.p.w.spi.MetamodelGraphWalker - Visiting attribute path : vnf_dependency.target.version
14:11:15.935 [Test worker] DEBUG o.h.p.w.spi.MetamodelGraphWalker - Visiting attribute path : vnf_dependency.target.vld
14:11:15.935 [Test worker] DEBUG o.h.p.w.spi.MetamodelGraphWalker - Visiting attribute path : vnf_dependency.target.vnffgd
14:11:15.935 [Test worker] DEBUG o.h.p.w.spi.MetamodelGraphWalker - Visiting attribute path : vnf_dependency.target.deployment_flavour
14:11:15.936 [Test worker] DEBUG o.h.p.w.spi.MetamodelGraphWalker - Property path deemed to be circular : vnf_dependency.target.deployment_flavour
14:11:15.936 [Test worker] DEBUG o.h.p.w.spi.MetamodelGraphWalker - Visiting attribute path : vnf_dependency.target.descriptor_version
14:11:15.936 [Test worker] DEBUG o.h.p.w.spi.MetamodelGraphWalker - Visiting attribute path : vnf_dependency.target.manifest_file
14:11:15.936 [Test worker] DEBUG o.h.p.w.spi.MetamodelGraphWalker - Visiting attribute path : vnf_dependency.target.manifest_file_security
14:11:15.936 [Test worker] DEBUG o.h.p.w.spi.MetamodelGraphWalker - Visiting attribute path : vnf_dependency.target.vdu
14:11:15.936 [Test worker] DEBUG o.h.p.w.spi.MetamodelGraphWalker - Visiting attribute path : vnf_dependency.target.vdu_dependency
14:11:15.936 [Test worker] DEBUG o.h.p.w.spi.MetamodelGraphWalker - Visiting attribute path : vnf_dependency.target.virtual_link
14:11:15.936 [Test worker] DEBUG o.h.p.w.spi.MetamodelGraphWalker - Visiting attribute path : vnf_dependency.version
14:11:15.936 [Test worker] DEBUG o.h.p.w.spi.MetamodelGraphWalker - Visiting attribute path : vnfd
14:11:15.937 [Test worker] DEBUG o.h.l.p.b.i.spaces.QuerySpacesImpl - Adding QuerySpace : uid = <gen:10> -> org.hibernate.loader.plan.build.internal.spaces.CollectionQuerySpaceImpl@4e8b32fb]
14:11:15.937 [Test worker] DEBUG o.h.l.p.b.i.spaces.QuerySpacesImpl - Adding QuerySpace : uid = <gen:11> -> org.hibernate.loader.plan.build.internal.spaces.EntityQuerySpaceImpl@14c02506]
14:11:15.937 [Test worker] DEBUG o.h.p.w.spi.MetamodelGraphWalker - Visiting attribute path : vnfd.auto_scale_policy
14:11:15.937 [Test worker] DEBUG o.h.p.w.spi.MetamodelGraphWalker - Visiting attribute path : vnfd.connection_point
14:11:15.937 [Test worker] DEBUG o.h.p.w.spi.MetamodelGraphWalker - Visiting attribute path : vnfd.hb_version
14:11:15.937 [Test worker] DEBUG o.h.p.w.spi.MetamodelGraphWalker - Visiting attribute path : vnfd.lifecycle_event
14:11:15.937 [Test worker] DEBUG o.h.p.w.spi.MetamodelGraphWalker - Visiting attribute path : vnfd.monitoring_parameter
14:11:15.938 [Test worker] DEBUG o.h.p.w.spi.MetamodelGraphWalker - Property path deemed to be circular : vnfd.monitoring_parameter
14:11:15.938 [Test worker] DEBUG o.h.p.w.spi.MetamodelGraphWalker - Visiting attribute path : vnfd.service_deployment_flavour
14:11:15.938 [Test worker] DEBUG o.h.p.w.spi.MetamodelGraphWalker - Visiting attribute path : vnfd.vendor
14:11:15.938 [Test worker] DEBUG o.h.p.w.spi.MetamodelGraphWalker - Visiting attribute path : vnfd.version
14:11:15.938 [Test worker] DEBUG o.h.p.w.spi.MetamodelGraphWalker - Visiting attribute path : vnfd.vld
14:11:15.938 [Test worker] DEBUG o.h.p.w.spi.MetamodelGraphWalker - Visiting attribute path : vnfd.vnffgd
14:11:15.938 [Test worker] DEBUG o.h.p.w.spi.MetamodelGraphWalker - Visiting attribute path : vnfd.deployment_flavour
14:11:15.938 [Test worker] DEBUG o.h.p.w.spi.MetamodelGraphWalker - Property path deemed to be circular : vnfd.deployment_flavour
14:11:15.938 [Test worker] DEBUG o.h.p.w.spi.MetamodelGraphWalker - Visiting attribute path : vnfd.descriptor_version
14:11:15.938 [Test worker] DEBUG o.h.p.w.spi.MetamodelGraphWalker - Visiting attribute path : vnfd.manifest_file
14:11:15.938 [Test worker] DEBUG o.h.p.w.spi.MetamodelGraphWalker - Visiting attribute path : vnfd.manifest_file_security
14:11:15.938 [Test worker] DEBUG o.h.p.w.spi.MetamodelGraphWalker - Visiting attribute path : vnfd.vdu
14:11:15.939 [Test worker] DEBUG o.h.p.w.spi.MetamodelGraphWalker - Visiting attribute path : vnfd.vdu_dependency
14:11:15.939 [Test worker] DEBUG o.h.p.w.spi.MetamodelGraphWalker - Visiting attribute path : vnfd.virtual_link
14:11:15.939 [Test worker] DEBUG o.h.l.p.b.i.FetchStyleLoadPlanBuildingAssociationVisitationStrategy - Building LoadPlan...
14:11:15.939 [Test worker] DEBUG o.h.l.p.e.i.LoadQueryJoinAndFetchProcessor - processing queryspace <gen:0>
14:11:15.940 [Test worker] DEBUG o.h.l.p.b.spi.LoadPlanTreePrinter - LoadPlan(entity=org.project.neutrino.nfvo.catalogue.mano.common.NFVEntityDescriptor)
    - Returns
       - EntityReturnImpl(entity=org.project.neutrino.nfvo.catalogue.mano.common.NFVEntityDescriptor, querySpaceUid=<gen:0>, path=org.project.neutrino.nfvo.catalogue.mano.common.NFVEntityDescriptor)
          - CollectionAttributeFetchImpl(collection=org.project.neutrino.nfvo.catalogue.mano.common.NFVEntityDescriptor.monitoring_parameter, querySpaceUid=<gen:1>, path=org.project.neutrino.nfvo.catalogue.mano.common.NFVEntityDescriptor.monitoring_parameter)
          - CollectionAttributeFetchImpl(collection=org.project.neutrino.nfvo.catalogue.mano.descriptor.VirtualNetworkFunctionDescriptor.deployment_flavour, querySpaceUid=<gen:2>, path=org.project.neutrino.nfvo.catalogue.mano.common.NFVEntityDescriptor.deployment_flavour)
             - (collection element) CollectionFetchableElementEntityGraph(entity=org.project.neutrino.nfvo.catalogue.mano.descriptor.VNFDDeploymentFlavour, querySpaceUid=<gen:3>, path=org.project.neutrino.nfvo.catalogue.mano.common.NFVEntityDescriptor.deployment_flavour.<elements>)
                - CollectionAttributeFetchImpl(collection=org.project.neutrino.nfvo.catalogue.mano.descriptor.VNFDDeploymentFlavour.df_constraint, querySpaceUid=<gen:4>, path=org.project.neutrino.nfvo.catalogue.mano.common.NFVEntityDescriptor.deployment_flavour.<elements>.df_constraint)
          - EntityAttributeFetchImpl(entity=org.project.neutrino.nfvo.catalogue.mano.common.Security, querySpaceUid=<gen:5>, path=org.project.neutrino.nfvo.catalogue.mano.common.NFVEntityDescriptor.nsd_security)
          - CollectionAttributeFetchImpl(collection=org.project.neutrino.nfvo.catalogue.mano.descriptor.NetworkServiceDescriptor.vnf_dependency, querySpaceUid=<gen:6>, path=org.project.neutrino.nfvo.catalogue.mano.common.NFVEntityDescriptor.vnf_dependency)
             - (collection element) CollectionFetchableElementEntityGraph(entity=org.project.neutrino.nfvo.catalogue.mano.common.VNFDependency, querySpaceUid=<gen:7>, path=org.project.neutrino.nfvo.catalogue.mano.common.NFVEntityDescriptor.vnf_dependency.<elements>)
                - EntityAttributeFetchImpl(entity=org.project.neutrino.nfvo.catalogue.mano.descriptor.VirtualNetworkFunctionDescriptor, querySpaceUid=<gen:8>, path=org.project.neutrino.nfvo.catalogue.mano.common.NFVEntityDescriptor.vnf_dependency.<elements>.source)
                - EntityAttributeFetchImpl(entity=org.project.neutrino.nfvo.catalogue.mano.descriptor.VirtualNetworkFunctionDescriptor, querySpaceUid=<gen:9>, path=org.project.neutrino.nfvo.catalogue.mano.common.NFVEntityDescriptor.vnf_dependency.<elements>.target)
          - CollectionAttributeFetchImpl(collection=org.project.neutrino.nfvo.catalogue.mano.descriptor.NetworkServiceDescriptor.vnfd, querySpaceUid=<gen:10>, path=org.project.neutrino.nfvo.catalogue.mano.common.NFVEntityDescriptor.vnfd)
             - (collection element) CollectionFetchableElementEntityGraph(entity=org.project.neutrino.nfvo.catalogue.mano.descriptor.VirtualNetworkFunctionDescriptor, querySpaceUid=<gen:11>, path=org.project.neutrino.nfvo.catalogue.mano.common.NFVEntityDescriptor.vnfd.<elements>)
    - QuerySpaces
       - EntityQuerySpaceImpl(uid=<gen:0>, entity=org.project.neutrino.nfvo.catalogue.mano.common.NFVEntityDescriptor)
          - SQL table alias mapping - nfventityd0_
          - alias suffix - 0_
          - suffixed key columns - {id1_27_0_}
          - JOIN (JoinDefinedByMetadata(monitoring_parameter)) : <gen:0> -> <gen:1>
             - CollectionQuerySpaceImpl(uid=<gen:1>, collection=org.project.neutrino.nfvo.catalogue.mano.common.NFVEntityDescriptor.monitoring_parameter)
                - SQL table alias mapping - monitoring1_
                - alias suffix - 1_
                - suffixed key columns - {nfventit1_27_1_}
          - JOIN (JoinDefinedByMetadata(deployment_flavour)) : <gen:0> -> <gen:2>
             - CollectionQuerySpaceImpl(uid=<gen:2>, collection=org.project.neutrino.nfvo.catalogue.mano.descriptor.VirtualNetworkFunctionDescriptor.deployment_flavour)
                - SQL table alias mapping - deployment2_
                - alias suffix - 2_
                - suffixed key columns - {virtual_1_27_2_}
                - entity-element alias suffix - 3_
                - 3_entity-element suffixed key columns - id1_7_3_
                - JOIN (JoinDefinedByMetadata(elements)) : <gen:2> -> <gen:3>
                   - EntityQuerySpaceImpl(uid=<gen:3>, entity=org.project.neutrino.nfvo.catalogue.mano.descriptor.VNFDDeploymentFlavour)
                      - SQL table alias mapping - vnfddeploy3_
                      - alias suffix - 3_
                      - suffixed key columns - {id1_7_3_}
                      - JOIN (JoinDefinedByMetadata(df_constraint)) : <gen:3> -> <gen:4>
                         - CollectionQuerySpaceImpl(uid=<gen:4>, collection=org.project.neutrino.nfvo.catalogue.mano.descriptor.VNFDDeploymentFlavour.df_constraint)
                            - SQL table alias mapping - df_constra4_
                            - alias suffix - 4_
                            - suffixed key columns - {vnfddepl1_7_4_}
          - JOIN (JoinDefinedByMetadata(nsd_security)) : <gen:0> -> <gen:5>
             - EntityQuerySpaceImpl(uid=<gen:5>, entity=org.project.neutrino.nfvo.catalogue.mano.common.Security)
                - SQL table alias mapping - security5_
                - alias suffix - 5_
                - suffixed key columns - {id1_43_5_}
          - JOIN (JoinDefinedByMetadata(vnf_dependency)) : <gen:0> -> <gen:6>
             - CollectionQuerySpaceImpl(uid=<gen:6>, collection=org.project.neutrino.nfvo.catalogue.mano.descriptor.NetworkServiceDescriptor.vnf_dependency)
                - SQL table alias mapping - vnf_depend6_
                - alias suffix - 6_
                - suffixed key columns - {network_1_27_6_}
                - entity-element alias suffix - 7_
                - 7_entity-element suffixed key columns - id1_86_7_
                - JOIN (JoinDefinedByMetadata(elements)) : <gen:6> -> <gen:7>
                   - EntityQuerySpaceImpl(uid=<gen:7>, entity=org.project.neutrino.nfvo.catalogue.mano.common.VNFDependency)
                      - SQL table alias mapping - vnfdepende7_
                      - alias suffix - 7_
                      - suffixed key columns - {id1_86_7_}
                      - JOIN (JoinDefinedByMetadata(source)) : <gen:7> -> <gen:8>
                         - EntityQuerySpaceImpl(uid=<gen:8>, entity=org.project.neutrino.nfvo.catalogue.mano.descriptor.VirtualNetworkFunctionDescriptor)
                            - SQL table alias mapping - virtualnet8_
                            - alias suffix - 8_
                            - suffixed key columns - {id1_27_8_}
                      - JOIN (JoinDefinedByMetadata(target)) : <gen:7> -> <gen:9>
                         - EntityQuerySpaceImpl(uid=<gen:9>, entity=org.project.neutrino.nfvo.catalogue.mano.descriptor.VirtualNetworkFunctionDescriptor)
                            - SQL table alias mapping - virtualnet9_
                            - alias suffix - 9_
                            - suffixed key columns - {id1_27_9_}
          - JOIN (JoinDefinedByMetadata(vnfd)) : <gen:0> -> <gen:10>
             - CollectionQuerySpaceImpl(uid=<gen:10>, collection=org.project.neutrino.nfvo.catalogue.mano.descriptor.NetworkServiceDescriptor.vnfd)
                - SQL table alias mapping - vnfd10_
                - alias suffix - 10_
                - suffixed key columns - {network_1_27_10_}
                - entity-element alias suffix - 11_
                - 11_entity-element suffixed key columns - id1_27_11_
                - JOIN (JoinDefinedByMetadata(elements)) : <gen:10> -> <gen:11>
                   - EntityQuerySpaceImpl(uid=<gen:11>, entity=org.project.neutrino.nfvo.catalogue.mano.descriptor.VirtualNetworkFunctionDescriptor)
                      - SQL table alias mapping - virtualnet11_
                      - alias suffix - 11_
                      - suffixed key columns - {id1_27_11_}

14:11:15.940 [Test worker] DEBUG o.h.loader.entity.plan.EntityLoader - Static select for entity org.project.neutrino.nfvo.catalogue.mano.common.NFVEntityDescriptor [NONE]: select nfventityd0_.id as id1_27_0_, nfventityd0_.hb_version as hb_versi2_27_0_, nfventityd0_.vendor as vendor3_27_0_, nfventityd0_.version as version4_27_0_, nfventityd0_.descriptor_version as descript1_62_0_, nfventityd0_.manifest_file as manifest2_62_0_, nfventityd0_.nsd_security_id as nsd_secu1_14_0_, nfventityd0_.clazz_ as clazz_0_, monitoring1_.nfventity_descriptor_Id as nfventit1_27_1_, monitoring1_.monitoring_parameter as monitori2_31_1_, deployment2_.virtual_network_function_descriptor_Id as virtual_1_27_2_, vnfddeploy3_.id as deployme2_63_2_, vnfddeploy3_.id as id1_7_3_, vnfddeploy3_.flavour_key as flavour_2_7_3_, vnfddeploy3_.version as version3_7_3_, df_constra4_.vnfddeployment_flavour_id as vnfddepl1_7_4_, df_constra4_.df_constraint as df_const2_85_4_, security5_.id as id1_43_5_, security5_.version as version2_43_5_, vnf_depend6_.network_service_descriptor_Id as network_1_27_6_, vnfdepende7_.id as vnf_depe2_16_6_, vnfdepende7_.id as id1_86_7_, vnfdepende7_.source_Id as source_I3_86_7_, vnfdepende7_.target_Id as target_I4_86_7_, vnfdepende7_.version as version2_86_7_, virtualnet8_.id as id1_27_8_, virtualnet8_.hb_version as hb_versi2_27_8_, virtualnet8_.vendor as vendor3_27_8_, virtualnet8_.version as version4_27_8_, virtualnet8_.descriptor_version as descript1_62_8_, virtualnet8_.manifest_file as manifest2_62_8_, virtualnet9_.id as id1_27_9_, virtualnet9_.hb_version as hb_versi2_27_9_, virtualnet9_.vendor as vendor3_27_9_, virtualnet9_.version as version4_27_9_, virtualnet9_.descriptor_version as descript1_62_9_, virtualnet9_.manifest_file as manifest2_62_9_, vnfd10_.network_service_descriptor_Id as network_1_27_10_, virtualnet11_.id as vnfd_Id2_17_10_, virtualnet11_.id as id1_27_11_, virtualnet11_.hb_version as hb_versi2_27_11_, virtualnet11_.vendor as vendor3_27_11_, virtualnet11_.version as version4_27_11_, virtualnet11_.descriptor_version as descript1_62_11_, virtualnet11_.manifest_file as manifest2_62_11_ from ( select id, hb_version, vendor, version, descriptor_version, manifest_file, null as nsd_security_id, 1 as clazz_ from virtual_network_function_descriptor union select id, hb_version, vendor, version, null as descriptor_version, null as manifest_file, nsd_security_id, 2 as clazz_ from network_service_descriptor ) nfventityd0_ left outer join nfventity_descriptor_monitoring_parameter monitoring1_ on nfventityd0_.id=monitoring1_.nfventity_descriptor_Id left outer join virtual_network_function_descriptor_deployment_flavour deployment2_ on nfventityd0_.id=deployment2_.virtual_network_function_descriptor_Id left outer join vnfddeployment_flavour vnfddeploy3_ on deployment2_.deployment_flavour_id=vnfddeploy3_.id left outer join vnfddeployment_flavour_df_constraint df_constra4_ on vnfddeploy3_.id=df_constra4_.vnfddeployment_flavour_id left outer join security security5_ on nfventityd0_.nsd_security_id=security5_.id left outer join network_service_descriptor_vnf_dependency vnf_depend6_ on nfventityd0_.id=vnf_depend6_.network_service_descriptor_Id left outer join vnfdependency vnfdepende7_ on vnf_depend6_.vnf_dependency_id=vnfdepende7_.id left outer join virtual_network_function_descriptor virtualnet8_ on vnfdepende7_.source_Id=virtualnet8_.id left outer join virtual_network_function_descriptor virtualnet9_ on vnfdepende7_.target_Id=virtualnet9_.id left outer join network_service_descriptor_vnfd vnfd10_ on nfventityd0_.id=vnfd10_.network_service_descriptor_Id left outer join virtual_network_function_descriptor virtualnet11_ on vnfd10_.vnfd_Id=virtualnet11_.id where nfventityd0_.id=?
14:11:15.941 [Test worker] DEBUG o.h.l.p.b.i.spaces.QuerySpacesImpl - Adding QuerySpace : uid = <gen:0> -> org.hibernate.loader.plan.build.internal.spaces.EntityQuerySpaceImpl@76b74c94]
14:11:15.941 [Test worker] DEBUG o.h.p.w.spi.MetamodelGraphWalker - Visiting attribute path : auto_scale_policy
14:11:15.941 [Test worker] DEBUG o.h.p.w.spi.MetamodelGraphWalker - Visiting attribute path : connection_point
14:11:15.941 [Test worker] DEBUG o.h.p.w.spi.MetamodelGraphWalker - Visiting attribute path : hb_version
14:11:15.941 [Test worker] DEBUG o.h.p.w.spi.MetamodelGraphWalker - Visiting attribute path : lifecycle_event
14:11:15.941 [Test worker] DEBUG o.h.p.w.spi.MetamodelGraphWalker - Visiting attribute path : monitoring_parameter
14:11:15.941 [Test worker] DEBUG o.h.l.p.b.i.spaces.QuerySpacesImpl - Adding QuerySpace : uid = <gen:1> -> org.hibernate.loader.plan.build.internal.spaces.CollectionQuerySpaceImpl@1d3e3a05]
14:11:15.941 [Test worker] DEBUG o.h.p.w.spi.MetamodelGraphWalker - Visiting attribute path : service_deployment_flavour
14:11:15.942 [Test worker] DEBUG o.h.p.w.spi.MetamodelGraphWalker - Visiting attribute path : vendor
14:11:15.942 [Test worker] DEBUG o.h.p.w.spi.MetamodelGraphWalker - Visiting attribute path : version
14:11:15.942 [Test worker] DEBUG o.h.p.w.spi.MetamodelGraphWalker - Visiting attribute path : vld
14:11:15.942 [Test worker] DEBUG o.h.p.w.spi.MetamodelGraphWalker - Visiting attribute path : vnffgd
14:11:15.942 [Test worker] DEBUG o.h.p.w.spi.MetamodelGraphWalker - Visiting attribute path : deployment_flavour
14:11:15.942 [Test worker] DEBUG o.h.l.p.b.i.spaces.QuerySpacesImpl - Adding QuerySpace : uid = <gen:2> -> org.hibernate.loader.plan.build.internal.spaces.CollectionQuerySpaceImpl@74c07975]
14:11:15.942 [Test worker] DEBUG o.h.l.p.b.i.spaces.QuerySpacesImpl - Adding QuerySpace : uid = <gen:3> -> org.hibernate.loader.plan.build.internal.spaces.EntityQuerySpaceImpl@8662c35]
14:11:15.942 [Test worker] DEBUG o.h.p.w.spi.MetamodelGraphWalker - Visiting attribute path : deployment_flavour.flavour_key
14:11:15.942 [Test worker] DEBUG o.h.p.w.spi.MetamodelGraphWalker - Visiting attribute path : deployment_flavour.version
14:11:15.942 [Test worker] DEBUG o.h.p.w.spi.MetamodelGraphWalker - Visiting attribute path : deployment_flavour.costituent_vdu
14:11:15.942 [Test worker] DEBUG o.h.p.w.spi.MetamodelGraphWalker - Visiting attribute path : deployment_flavour.df_constraint
14:11:15.942 [Test worker] DEBUG o.h.l.p.b.i.spaces.QuerySpacesImpl - Adding QuerySpace : uid = <gen:4> -> org.hibernate.loader.plan.build.internal.spaces.CollectionQuerySpaceImpl@448ac37f]
14:11:15.942 [Test worker] DEBUG o.h.p.w.spi.MetamodelGraphWalker - Visiting attribute path : descriptor_version
14:11:15.942 [Test worker] DEBUG o.h.p.w.spi.MetamodelGraphWalker - Visiting attribute path : manifest_file
14:11:15.942 [Test worker] DEBUG o.h.p.w.spi.MetamodelGraphWalker - Visiting attribute path : manifest_file_security
14:11:15.943 [Test worker] DEBUG o.h.p.w.spi.MetamodelGraphWalker - Visiting attribute path : vdu
14:11:15.943 [Test worker] DEBUG o.h.p.w.spi.MetamodelGraphWalker - Visiting attribute path : vdu_dependency
14:11:15.943 [Test worker] DEBUG o.h.p.w.spi.MetamodelGraphWalker - Visiting attribute path : virtual_link
14:11:15.943 [Test worker] DEBUG o.h.p.w.spi.MetamodelGraphWalker - Visiting attribute path : nsd_security
14:11:15.943 [Test worker] DEBUG o.h.l.p.b.i.spaces.QuerySpacesImpl - Adding QuerySpace : uid = <gen:5> -> org.hibernate.loader.plan.build.internal.spaces.EntityQuerySpaceImpl@5c1ae08d]
14:11:15.943 [Test worker] DEBUG o.h.p.w.spi.MetamodelGraphWalker - Visiting attribute path : nsd_security.version
14:11:15.943 [Test worker] DEBUG o.h.p.w.spi.MetamodelGraphWalker - Visiting attribute path : pnfd
14:11:15.943 [Test worker] DEBUG o.h.p.w.spi.MetamodelGraphWalker - Visiting attribute path : vnf_dependency
14:11:15.943 [Test worker] DEBUG o.h.l.p.b.i.spaces.QuerySpacesImpl - Adding QuerySpace : uid = <gen:6> -> org.hibernate.loader.plan.build.internal.spaces.CollectionQuerySpaceImpl@5e28da27]
14:11:15.943 [Test worker] DEBUG o.h.l.p.b.i.spaces.QuerySpacesImpl - Adding QuerySpace : uid = <gen:7> -> org.hibernate.loader.plan.build.internal.spaces.EntityQuerySpaceImpl@4c0a66bc]
14:11:15.943 [Test worker] DEBUG o.h.p.w.spi.MetamodelGraphWalker - Visiting attribute path : vnf_dependency.source
14:11:15.943 [Test worker] DEBUG o.h.l.p.b.i.spaces.QuerySpacesImpl - Adding QuerySpace : uid = <gen:8> -> org.hibernate.loader.plan.build.internal.spaces.EntityQuerySpaceImpl@1bb04ff7]
14:11:15.943 [Test worker] DEBUG o.h.p.w.spi.MetamodelGraphWalker - Visiting attribute path : vnf_dependency.source.auto_scale_policy
14:11:15.943 [Test worker] DEBUG o.h.p.w.spi.MetamodelGraphWalker - Visiting attribute path : vnf_dependency.source.connection_point
14:11:15.943 [Test worker] DEBUG o.h.p.w.spi.MetamodelGraphWalker - Visiting attribute path : vnf_dependency.source.hb_version
14:11:15.943 [Test worker] DEBUG o.h.p.w.spi.MetamodelGraphWalker - Visiting attribute path : vnf_dependency.source.lifecycle_event
14:11:15.943 [Test worker] DEBUG o.h.p.w.spi.MetamodelGraphWalker - Visiting attribute path : vnf_dependency.source.monitoring_parameter
14:11:15.943 [Test worker] DEBUG o.h.p.w.spi.MetamodelGraphWalker - Property path deemed to be circular : vnf_dependency.source.monitoring_parameter
14:11:15.943 [Test worker] DEBUG o.h.p.w.spi.MetamodelGraphWalker - Visiting attribute path : vnf_dependency.source.service_deployment_flavour
14:11:15.943 [Test worker] DEBUG o.h.p.w.spi.MetamodelGraphWalker - Visiting attribute path : vnf_dependency.source.vendor
14:11:15.944 [Test worker] DEBUG o.h.p.w.spi.MetamodelGraphWalker - Visiting attribute path : vnf_dependency.source.version
14:11:15.944 [Test worker] DEBUG o.h.p.w.spi.MetamodelGraphWalker - Visiting attribute path : vnf_dependency.source.vld
14:11:15.944 [Test worker] DEBUG o.h.p.w.spi.MetamodelGraphWalker - Visiting attribute path : vnf_dependency.source.vnffgd
14:11:15.944 [Test worker] DEBUG o.h.p.w.spi.MetamodelGraphWalker - Visiting attribute path : vnf_dependency.source.deployment_flavour
14:11:15.944 [Test worker] DEBUG o.h.p.w.spi.MetamodelGraphWalker - Property path deemed to be circular : vnf_dependency.source.deployment_flavour
14:11:15.944 [Test worker] DEBUG o.h.p.w.spi.MetamodelGraphWalker - Visiting attribute path : vnf_dependency.source.descriptor_version
14:11:15.944 [Test worker] DEBUG o.h.p.w.spi.MetamodelGraphWalker - Visiting attribute path : vnf_dependency.source.manifest_file
14:11:15.944 [Test worker] DEBUG o.h.p.w.spi.MetamodelGraphWalker - Visiting attribute path : vnf_dependency.source.manifest_file_security
14:11:15.944 [Test worker] DEBUG o.h.p.w.spi.MetamodelGraphWalker - Visiting attribute path : vnf_dependency.source.vdu
14:11:15.944 [Test worker] DEBUG o.h.p.w.spi.MetamodelGraphWalker - Visiting attribute path : vnf_dependency.source.vdu_dependency
14:11:15.944 [Test worker] DEBUG o.h.p.w.spi.MetamodelGraphWalker - Visiting attribute path : vnf_dependency.source.virtual_link
14:11:15.944 [Test worker] DEBUG o.h.p.w.spi.MetamodelGraphWalker - Visiting attribute path : vnf_dependency.target
14:11:15.944 [Test worker] DEBUG o.h.l.p.b.i.spaces.QuerySpacesImpl - Adding QuerySpace : uid = <gen:9> -> org.hibernate.loader.plan.build.internal.spaces.EntityQuerySpaceImpl@4f379f0b]
14:11:15.944 [Test worker] DEBUG o.h.p.w.spi.MetamodelGraphWalker - Visiting attribute path : vnf_dependency.target.auto_scale_policy
14:11:15.944 [Test worker] DEBUG o.h.p.w.spi.MetamodelGraphWalker - Visiting attribute path : vnf_dependency.target.connection_point
14:11:15.944 [Test worker] DEBUG o.h.p.w.spi.MetamodelGraphWalker - Visiting attribute path : vnf_dependency.target.hb_version
14:11:15.944 [Test worker] DEBUG o.h.p.w.spi.MetamodelGraphWalker - Visiting attribute path : vnf_dependency.target.lifecycle_event
14:11:15.944 [Test worker] DEBUG o.h.p.w.spi.MetamodelGraphWalker - Visiting attribute path : vnf_dependency.target.monitoring_parameter
14:11:15.944 [Test worker] DEBUG o.h.p.w.spi.MetamodelGraphWalker - Property path deemed to be circular : vnf_dependency.target.monitoring_parameter
14:11:15.944 [Test worker] DEBUG o.h.p.w.spi.MetamodelGraphWalker - Visiting attribute path : vnf_dependency.target.service_deployment_flavour
14:11:15.944 [Test worker] DEBUG o.h.p.w.spi.MetamodelGraphWalker - Visiting attribute path : vnf_dependency.target.vendor
14:11:15.944 [Test worker] DEBUG o.h.p.w.spi.MetamodelGraphWalker - Visiting attribute path : vnf_dependency.target.version
14:11:15.944 [Test worker] DEBUG o.h.p.w.spi.MetamodelGraphWalker - Visiting attribute path : vnf_dependency.target.vld
14:11:15.944 [Test worker] DEBUG o.h.p.w.spi.MetamodelGraphWalker - Visiting attribute path : vnf_dependency.target.vnffgd
14:11:15.944 [Test worker] DEBUG o.h.p.w.spi.MetamodelGraphWalker - Visiting attribute path : vnf_dependency.target.deployment_flavour
14:11:15.944 [Test worker] DEBUG o.h.p.w.spi.MetamodelGraphWalker - Property path deemed to be circular : vnf_dependency.target.deployment_flavour
14:11:15.944 [Test worker] DEBUG o.h.p.w.spi.MetamodelGraphWalker - Visiting attribute path : vnf_dependency.target.descriptor_version
14:11:15.944 [Test worker] DEBUG o.h.p.w.spi.MetamodelGraphWalker - Visiting attribute path : vnf_dependency.target.manifest_file
14:11:15.944 [Test worker] DEBUG o.h.p.w.spi.MetamodelGraphWalker - Visiting attribute path : vnf_dependency.target.manifest_file_security
14:11:15.944 [Test worker] DEBUG o.h.p.w.spi.MetamodelGraphWalker - Visiting attribute path : vnf_dependency.target.vdu
14:11:15.945 [Test worker] DEBUG o.h.p.w.spi.MetamodelGraphWalker - Visiting attribute path : vnf_dependency.target.vdu_dependency
14:11:15.945 [Test worker] DEBUG o.h.p.w.spi.MetamodelGraphWalker - Visiting attribute path : vnf_dependency.target.virtual_link
14:11:15.945 [Test worker] DEBUG o.h.p.w.spi.MetamodelGraphWalker - Visiting attribute path : vnf_dependency.version
14:11:15.945 [Test worker] DEBUG o.h.p.w.spi.MetamodelGraphWalker - Visiting attribute path : vnfd
14:11:15.945 [Test worker] DEBUG o.h.l.p.b.i.spaces.QuerySpacesImpl - Adding QuerySpace : uid = <gen:10> -> org.hibernate.loader.plan.build.internal.spaces.CollectionQuerySpaceImpl@5b02c0b4]
14:11:15.945 [Test worker] DEBUG o.h.l.p.b.i.spaces.QuerySpacesImpl - Adding QuerySpace : uid = <gen:11> -> org.hibernate.loader.plan.build.internal.spaces.EntityQuerySpaceImpl@11b9981a]
14:11:15.945 [Test worker] DEBUG o.h.p.w.spi.MetamodelGraphWalker - Visiting attribute path : vnfd.auto_scale_policy
14:11:15.945 [Test worker] DEBUG o.h.p.w.spi.MetamodelGraphWalker - Visiting attribute path : vnfd.connection_point
14:11:15.945 [Test worker] DEBUG o.h.p.w.spi.MetamodelGraphWalker - Visiting attribute path : vnfd.hb_version
14:11:15.945 [Test worker] DEBUG o.h.p.w.spi.MetamodelGraphWalker - Visiting attribute path : vnfd.lifecycle_event
14:11:15.945 [Test worker] DEBUG o.h.p.w.spi.MetamodelGraphWalker - Visiting attribute path : vnfd.monitoring_parameter
14:11:15.946 [Test worker] DEBUG o.h.p.w.spi.MetamodelGraphWalker - Property path deemed to be circular : vnfd.monitoring_parameter
14:11:15.946 [Test worker] DEBUG o.h.p.w.spi.MetamodelGraphWalker - Visiting attribute path : vnfd.service_deployment_flavour
14:11:15.946 [Test worker] DEBUG o.h.p.w.spi.MetamodelGraphWalker - Visiting attribute path : vnfd.vendor
14:11:15.946 [Test worker] DEBUG o.h.p.w.spi.MetamodelGraphWalker - Visiting attribute path : vnfd.version
14:11:15.946 [Test worker] DEBUG o.h.p.w.spi.MetamodelGraphWalker - Visiting attribute path : vnfd.vld
14:11:15.946 [Test worker] DEBUG o.h.p.w.spi.MetamodelGraphWalker - Visiting attribute path : vnfd.vnffgd
14:11:15.946 [Test worker] DEBUG o.h.p.w.spi.MetamodelGraphWalker - Visiting attribute path : vnfd.deployment_flavour
14:11:15.946 [Test worker] DEBUG o.h.p.w.spi.MetamodelGraphWalker - Property path deemed to be circular : vnfd.deployment_flavour
14:11:15.946 [Test worker] DEBUG o.h.p.w.spi.MetamodelGraphWalker - Visiting attribute path : vnfd.descriptor_version
14:11:15.946 [Test worker] DEBUG o.h.p.w.spi.MetamodelGraphWalker - Visiting attribute path : vnfd.manifest_file
14:11:15.946 [Test worker] DEBUG o.h.p.w.spi.MetamodelGraphWalker - Visiting attribute path : vnfd.manifest_file_security
14:11:15.946 [Test worker] DEBUG o.h.p.w.spi.MetamodelGraphWalker - Visiting attribute path : vnfd.vdu
14:11:15.946 [Test worker] DEBUG o.h.p.w.spi.MetamodelGraphWalker - Visiting attribute path : vnfd.vdu_dependency
14:11:15.946 [Test worker] DEBUG o.h.p.w.spi.MetamodelGraphWalker - Visiting attribute path : vnfd.virtual_link
14:11:15.946 [Test worker] DEBUG o.h.l.p.b.i.FetchStyleLoadPlanBuildingAssociationVisitationStrategy - Building LoadPlan...
14:11:15.946 [Test worker] DEBUG o.h.l.p.e.i.LoadQueryJoinAndFetchProcessor - processing queryspace <gen:0>
14:11:15.948 [Test worker] DEBUG o.h.l.p.b.spi.LoadPlanTreePrinter - LoadPlan(entity=org.project.neutrino.nfvo.catalogue.mano.common.NFVEntityDescriptor)
    - Returns
       - EntityReturnImpl(entity=org.project.neutrino.nfvo.catalogue.mano.common.NFVEntityDescriptor, querySpaceUid=<gen:0>, path=org.project.neutrino.nfvo.catalogue.mano.common.NFVEntityDescriptor)
          - CollectionAttributeFetchImpl(collection=org.project.neutrino.nfvo.catalogue.mano.common.NFVEntityDescriptor.monitoring_parameter, querySpaceUid=<gen:1>, path=org.project.neutrino.nfvo.catalogue.mano.common.NFVEntityDescriptor.monitoring_parameter)
          - CollectionAttributeFetchImpl(collection=org.project.neutrino.nfvo.catalogue.mano.descriptor.VirtualNetworkFunctionDescriptor.deployment_flavour, querySpaceUid=<gen:2>, path=org.project.neutrino.nfvo.catalogue.mano.common.NFVEntityDescriptor.deployment_flavour)
             - (collection element) CollectionFetchableElementEntityGraph(entity=org.project.neutrino.nfvo.catalogue.mano.descriptor.VNFDDeploymentFlavour, querySpaceUid=<gen:3>, path=org.project.neutrino.nfvo.catalogue.mano.common.NFVEntityDescriptor.deployment_flavour.<elements>)
                - CollectionAttributeFetchImpl(collection=org.project.neutrino.nfvo.catalogue.mano.descriptor.VNFDDeploymentFlavour.df_constraint, querySpaceUid=<gen:4>, path=org.project.neutrino.nfvo.catalogue.mano.common.NFVEntityDescriptor.deployment_flavour.<elements>.df_constraint)
          - EntityAttributeFetchImpl(entity=org.project.neutrino.nfvo.catalogue.mano.common.Security, querySpaceUid=<gen:5>, path=org.project.neutrino.nfvo.catalogue.mano.common.NFVEntityDescriptor.nsd_security)
          - CollectionAttributeFetchImpl(collection=org.project.neutrino.nfvo.catalogue.mano.descriptor.NetworkServiceDescriptor.vnf_dependency, querySpaceUid=<gen:6>, path=org.project.neutrino.nfvo.catalogue.mano.common.NFVEntityDescriptor.vnf_dependency)
             - (collection element) CollectionFetchableElementEntityGraph(entity=org.project.neutrino.nfvo.catalogue.mano.common.VNFDependency, querySpaceUid=<gen:7>, path=org.project.neutrino.nfvo.catalogue.mano.common.NFVEntityDescriptor.vnf_dependency.<elements>)
                - EntityAttributeFetchImpl(entity=org.project.neutrino.nfvo.catalogue.mano.descriptor.VirtualNetworkFunctionDescriptor, querySpaceUid=<gen:8>, path=org.project.neutrino.nfvo.catalogue.mano.common.NFVEntityDescriptor.vnf_dependency.<elements>.source)
                - EntityAttributeFetchImpl(entity=org.project.neutrino.nfvo.catalogue.mano.descriptor.VirtualNetworkFunctionDescriptor, querySpaceUid=<gen:9>, path=org.project.neutrino.nfvo.catalogue.mano.common.NFVEntityDescriptor.vnf_dependency.<elements>.target)
          - CollectionAttributeFetchImpl(collection=org.project.neutrino.nfvo.catalogue.mano.descriptor.NetworkServiceDescriptor.vnfd, querySpaceUid=<gen:10>, path=org.project.neutrino.nfvo.catalogue.mano.common.NFVEntityDescriptor.vnfd)
             - (collection element) CollectionFetchableElementEntityGraph(entity=org.project.neutrino.nfvo.catalogue.mano.descriptor.VirtualNetworkFunctionDescriptor, querySpaceUid=<gen:11>, path=org.project.neutrino.nfvo.catalogue.mano.common.NFVEntityDescriptor.vnfd.<elements>)
    - QuerySpaces
       - EntityQuerySpaceImpl(uid=<gen:0>, entity=org.project.neutrino.nfvo.catalogue.mano.common.NFVEntityDescriptor)
          - SQL table alias mapping - nfventityd0_
          - alias suffix - 0_
          - suffixed key columns - {id1_27_0_}
          - JOIN (JoinDefinedByMetadata(monitoring_parameter)) : <gen:0> -> <gen:1>
             - CollectionQuerySpaceImpl(uid=<gen:1>, collection=org.project.neutrino.nfvo.catalogue.mano.common.NFVEntityDescriptor.monitoring_parameter)
                - SQL table alias mapping - monitoring1_
                - alias suffix - 1_
                - suffixed key columns - {nfventit1_27_1_}
          - JOIN (JoinDefinedByMetadata(deployment_flavour)) : <gen:0> -> <gen:2>
             - CollectionQuerySpaceImpl(uid=<gen:2>, collection=org.project.neutrino.nfvo.catalogue.mano.descriptor.VirtualNetworkFunctionDescriptor.deployment_flavour)
                - SQL table alias mapping - deployment2_
                - alias suffix - 2_
                - suffixed key columns - {virtual_1_27_2_}
                - entity-element alias suffix - 3_
                - 3_entity-element suffixed key columns - id1_7_3_
                - JOIN (JoinDefinedByMetadata(elements)) : <gen:2> -> <gen:3>
                   - EntityQuerySpaceImpl(uid=<gen:3>, entity=org.project.neutrino.nfvo.catalogue.mano.descriptor.VNFDDeploymentFlavour)
                      - SQL table alias mapping - vnfddeploy3_
                      - alias suffix - 3_
                      - suffixed key columns - {id1_7_3_}
                      - JOIN (JoinDefinedByMetadata(df_constraint)) : <gen:3> -> <gen:4>
                         - CollectionQuerySpaceImpl(uid=<gen:4>, collection=org.project.neutrino.nfvo.catalogue.mano.descriptor.VNFDDeploymentFlavour.df_constraint)
                            - SQL table alias mapping - df_constra4_
                            - alias suffix - 4_
                            - suffixed key columns - {vnfddepl1_7_4_}
          - JOIN (JoinDefinedByMetadata(nsd_security)) : <gen:0> -> <gen:5>
             - EntityQuerySpaceImpl(uid=<gen:5>, entity=org.project.neutrino.nfvo.catalogue.mano.common.Security)
                - SQL table alias mapping - security5_
                - alias suffix - 5_
                - suffixed key columns - {id1_43_5_}
          - JOIN (JoinDefinedByMetadata(vnf_dependency)) : <gen:0> -> <gen:6>
             - CollectionQuerySpaceImpl(uid=<gen:6>, collection=org.project.neutrino.nfvo.catalogue.mano.descriptor.NetworkServiceDescriptor.vnf_dependency)
                - SQL table alias mapping - vnf_depend6_
                - alias suffix - 6_
                - suffixed key columns - {network_1_27_6_}
                - entity-element alias suffix - 7_
                - 7_entity-element suffixed key columns - id1_86_7_
                - JOIN (JoinDefinedByMetadata(elements)) : <gen:6> -> <gen:7>
                   - EntityQuerySpaceImpl(uid=<gen:7>, entity=org.project.neutrino.nfvo.catalogue.mano.common.VNFDependency)
                      - SQL table alias mapping - vnfdepende7_
                      - alias suffix - 7_
                      - suffixed key columns - {id1_86_7_}
                      - JOIN (JoinDefinedByMetadata(source)) : <gen:7> -> <gen:8>
                         - EntityQuerySpaceImpl(uid=<gen:8>, entity=org.project.neutrino.nfvo.catalogue.mano.descriptor.VirtualNetworkFunctionDescriptor)
                            - SQL table alias mapping - virtualnet8_
                            - alias suffix - 8_
                            - suffixed key columns - {id1_27_8_}
                      - JOIN (JoinDefinedByMetadata(target)) : <gen:7> -> <gen:9>
                         - EntityQuerySpaceImpl(uid=<gen:9>, entity=org.project.neutrino.nfvo.catalogue.mano.descriptor.VirtualNetworkFunctionDescriptor)
                            - SQL table alias mapping - virtualnet9_
                            - alias suffix - 9_
                            - suffixed key columns - {id1_27_9_}
          - JOIN (JoinDefinedByMetadata(vnfd)) : <gen:0> -> <gen:10>
             - CollectionQuerySpaceImpl(uid=<gen:10>, collection=org.project.neutrino.nfvo.catalogue.mano.descriptor.NetworkServiceDescriptor.vnfd)
                - SQL table alias mapping - vnfd10_
                - alias suffix - 10_
                - suffixed key columns - {network_1_27_10_}
                - entity-element alias suffix - 11_
                - 11_entity-element suffixed key columns - id1_27_11_
                - JOIN (JoinDefinedByMetadata(elements)) : <gen:10> -> <gen:11>
                   - EntityQuerySpaceImpl(uid=<gen:11>, entity=org.project.neutrino.nfvo.catalogue.mano.descriptor.VirtualNetworkFunctionDescriptor)
                      - SQL table alias mapping - virtualnet11_
                      - alias suffix - 11_
                      - suffixed key columns - {id1_27_11_}

14:11:15.948 [Test worker] DEBUG o.h.loader.entity.plan.EntityLoader - Static select for entity org.project.neutrino.nfvo.catalogue.mano.common.NFVEntityDescriptor [READ]: select nfventityd0_.id as id1_27_0_, nfventityd0_.hb_version as hb_versi2_27_0_, nfventityd0_.vendor as vendor3_27_0_, nfventityd0_.version as version4_27_0_, nfventityd0_.descriptor_version as descript1_62_0_, nfventityd0_.manifest_file as manifest2_62_0_, nfventityd0_.nsd_security_id as nsd_secu1_14_0_, nfventityd0_.clazz_ as clazz_0_, monitoring1_.nfventity_descriptor_Id as nfventit1_27_1_, monitoring1_.monitoring_parameter as monitori2_31_1_, deployment2_.virtual_network_function_descriptor_Id as virtual_1_27_2_, vnfddeploy3_.id as deployme2_63_2_, vnfddeploy3_.id as id1_7_3_, vnfddeploy3_.flavour_key as flavour_2_7_3_, vnfddeploy3_.version as version3_7_3_, df_constra4_.vnfddeployment_flavour_id as vnfddepl1_7_4_, df_constra4_.df_constraint as df_const2_85_4_, security5_.id as id1_43_5_, security5_.version as version2_43_5_, vnf_depend6_.network_service_descriptor_Id as network_1_27_6_, vnfdepende7_.id as vnf_depe2_16_6_, vnfdepende7_.id as id1_86_7_, vnfdepende7_.source_Id as source_I3_86_7_, vnfdepende7_.target_Id as target_I4_86_7_, vnfdepende7_.version as version2_86_7_, virtualnet8_.id as id1_27_8_, virtualnet8_.hb_version as hb_versi2_27_8_, virtualnet8_.vendor as vendor3_27_8_, virtualnet8_.version as version4_27_8_, virtualnet8_.descriptor_version as descript1_62_8_, virtualnet8_.manifest_file as manifest2_62_8_, virtualnet9_.id as id1_27_9_, virtualnet9_.hb_version as hb_versi2_27_9_, virtualnet9_.vendor as vendor3_27_9_, virtualnet9_.version as version4_27_9_, virtualnet9_.descriptor_version as descript1_62_9_, virtualnet9_.manifest_file as manifest2_62_9_, vnfd10_.network_service_descriptor_Id as network_1_27_10_, virtualnet11_.id as vnfd_Id2_17_10_, virtualnet11_.id as id1_27_11_, virtualnet11_.hb_version as hb_versi2_27_11_, virtualnet11_.vendor as vendor3_27_11_, virtualnet11_.version as version4_27_11_, virtualnet11_.descriptor_version as descript1_62_11_, virtualnet11_.manifest_file as manifest2_62_11_ from ( select id, hb_version, vendor, version, descriptor_version, manifest_file, null as nsd_security_id, 1 as clazz_ from virtual_network_function_descriptor union select id, hb_version, vendor, version, null as descriptor_version, null as manifest_file, nsd_security_id, 2 as clazz_ from network_service_descriptor ) nfventityd0_ left outer join nfventity_descriptor_monitoring_parameter monitoring1_ on nfventityd0_.id=monitoring1_.nfventity_descriptor_Id left outer join virtual_network_function_descriptor_deployment_flavour deployment2_ on nfventityd0_.id=deployment2_.virtual_network_function_descriptor_Id left outer join vnfddeployment_flavour vnfddeploy3_ on deployment2_.deployment_flavour_id=vnfddeploy3_.id left outer join vnfddeployment_flavour_df_constraint df_constra4_ on vnfddeploy3_.id=df_constra4_.vnfddeployment_flavour_id left outer join security security5_ on nfventityd0_.nsd_security_id=security5_.id left outer join network_service_descriptor_vnf_dependency vnf_depend6_ on nfventityd0_.id=vnf_depend6_.network_service_descriptor_Id left outer join vnfdependency vnfdepende7_ on vnf_depend6_.vnf_dependency_id=vnfdepende7_.id left outer join virtual_network_function_descriptor virtualnet8_ on vnfdepende7_.source_Id=virtualnet8_.id left outer join virtual_network_function_descriptor virtualnet9_ on vnfdepende7_.target_Id=virtualnet9_.id left outer join network_service_descriptor_vnfd vnfd10_ on nfventityd0_.id=vnfd10_.network_service_descriptor_Id left outer join virtual_network_function_descriptor virtualnet11_ on vnfd10_.vnfd_Id=virtualnet11_.id where nfventityd0_.id=?
14:11:15.948 [Test worker] DEBUG o.h.l.p.b.i.spaces.QuerySpacesImpl - Adding QuerySpace : uid = <gen:0> -> org.hibernate.loader.plan.build.internal.spaces.EntityQuerySpaceImpl@407e0764]
14:11:15.948 [Test worker] DEBUG o.h.p.w.spi.MetamodelGraphWalker - Visiting attribute path : auto_scale_policy
14:11:15.948 [Test worker] DEBUG o.h.p.w.spi.MetamodelGraphWalker - Visiting attribute path : connection_point
14:11:15.948 [Test worker] DEBUG o.h.p.w.spi.MetamodelGraphWalker - Visiting attribute path : hb_version
14:11:15.948 [Test worker] DEBUG o.h.p.w.spi.MetamodelGraphWalker - Visiting attribute path : lifecycle_event
14:11:15.948 [Test worker] DEBUG o.h.p.w.spi.MetamodelGraphWalker - Visiting attribute path : monitoring_parameter
14:11:15.949 [Test worker] DEBUG o.h.l.p.b.i.spaces.QuerySpacesImpl - Adding QuerySpace : uid = <gen:1> -> org.hibernate.loader.plan.build.internal.spaces.CollectionQuerySpaceImpl@3a654e77]
14:11:15.949 [Test worker] DEBUG o.h.p.w.spi.MetamodelGraphWalker - Visiting attribute path : service_deployment_flavour
14:11:15.949 [Test worker] DEBUG o.h.p.w.spi.MetamodelGraphWalker - Visiting attribute path : vendor
14:11:15.949 [Test worker] DEBUG o.h.p.w.spi.MetamodelGraphWalker - Visiting attribute path : version
14:11:15.949 [Test worker] DEBUG o.h.p.w.spi.MetamodelGraphWalker - Visiting attribute path : vld
14:11:15.949 [Test worker] DEBUG o.h.p.w.spi.MetamodelGraphWalker - Visiting attribute path : vnffgd
14:11:15.949 [Test worker] DEBUG o.h.p.w.spi.MetamodelGraphWalker - Visiting attribute path : deployment_flavour
14:11:15.949 [Test worker] DEBUG o.h.l.p.b.i.spaces.QuerySpacesImpl - Adding QuerySpace : uid = <gen:2> -> org.hibernate.loader.plan.build.internal.spaces.CollectionQuerySpaceImpl@51028494]
14:11:15.949 [Test worker] DEBUG o.h.l.p.b.i.spaces.QuerySpacesImpl - Adding QuerySpace : uid = <gen:3> -> org.hibernate.loader.plan.build.internal.spaces.EntityQuerySpaceImpl@7c4e3a18]
14:11:15.949 [Test worker] DEBUG o.h.p.w.spi.MetamodelGraphWalker - Visiting attribute path : descriptor_version
14:11:15.949 [Test worker] DEBUG o.h.p.w.spi.MetamodelGraphWalker - Visiting attribute path : manifest_file
14:11:15.949 [Test worker] DEBUG o.h.p.w.spi.MetamodelGraphWalker - Visiting attribute path : manifest_file_security
14:11:15.949 [Test worker] DEBUG o.h.p.w.spi.MetamodelGraphWalker - Visiting attribute path : vdu
14:11:15.949 [Test worker] DEBUG o.h.p.w.spi.MetamodelGraphWalker - Visiting attribute path : vdu_dependency
14:11:15.949 [Test worker] DEBUG o.h.p.w.spi.MetamodelGraphWalker - Visiting attribute path : virtual_link
14:11:15.949 [Test worker] DEBUG o.h.p.w.spi.MetamodelGraphWalker - Visiting attribute path : nsd_security
14:11:15.949 [Test worker] DEBUG o.h.l.p.b.i.spaces.QuerySpacesImpl - Adding QuerySpace : uid = <gen:4> -> org.hibernate.loader.plan.build.internal.spaces.EntityQuerySpaceImpl@73c83d69]
14:11:15.949 [Test worker] DEBUG o.h.p.w.spi.MetamodelGraphWalker - Visiting attribute path : pnfd
14:11:15.949 [Test worker] DEBUG o.h.p.w.spi.MetamodelGraphWalker - Visiting attribute path : vnf_dependency
14:11:15.949 [Test worker] DEBUG o.h.l.p.b.i.spaces.QuerySpacesImpl - Adding QuerySpace : uid = <gen:5> -> org.hibernate.loader.plan.build.internal.spaces.CollectionQuerySpaceImpl@5f37f3e1]
14:11:15.949 [Test worker] DEBUG o.h.l.p.b.i.spaces.QuerySpacesImpl - Adding QuerySpace : uid = <gen:6> -> org.hibernate.loader.plan.build.internal.spaces.EntityQuerySpaceImpl@526c699d]
14:11:15.949 [Test worker] DEBUG o.h.p.w.spi.MetamodelGraphWalker - Visiting attribute path : vnfd
14:11:15.949 [Test worker] DEBUG o.h.l.p.b.i.spaces.QuerySpacesImpl - Adding QuerySpace : uid = <gen:7> -> org.hibernate.loader.plan.build.internal.spaces.CollectionQuerySpaceImpl@4b89ecb1]
14:11:15.949 [Test worker] DEBUG o.h.l.p.b.i.spaces.QuerySpacesImpl - Adding QuerySpace : uid = <gen:8> -> org.hibernate.loader.plan.build.internal.spaces.EntityQuerySpaceImpl@4c127f35]
14:11:15.949 [Test worker] DEBUG o.h.l.p.b.i.FetchStyleLoadPlanBuildingAssociationVisitationStrategy - Building LoadPlan...
14:11:15.950 [Test worker] DEBUG o.h.l.p.e.i.LoadQueryJoinAndFetchProcessor - processing queryspace <gen:0>
14:11:15.950 [Test worker] DEBUG o.h.l.p.b.spi.LoadPlanTreePrinter - LoadPlan(entity=org.project.neutrino.nfvo.catalogue.mano.common.NFVEntityDescriptor)
    - Returns
       - EntityReturnImpl(entity=org.project.neutrino.nfvo.catalogue.mano.common.NFVEntityDescriptor, querySpaceUid=<gen:0>, path=org.project.neutrino.nfvo.catalogue.mano.common.NFVEntityDescriptor)
          - CollectionAttributeFetchImpl(collection=org.project.neutrino.nfvo.catalogue.mano.common.NFVEntityDescriptor.monitoring_parameter, querySpaceUid=<gen:1>, path=org.project.neutrino.nfvo.catalogue.mano.common.NFVEntityDescriptor.monitoring_parameter)
          - CollectionAttributeFetchImpl(collection=org.project.neutrino.nfvo.catalogue.mano.descriptor.VirtualNetworkFunctionDescriptor.deployment_flavour, querySpaceUid=<gen:2>, path=org.project.neutrino.nfvo.catalogue.mano.common.NFVEntityDescriptor.deployment_flavour)
             - (collection element) CollectionFetchableElementEntityGraph(entity=org.project.neutrino.nfvo.catalogue.mano.descriptor.VNFDDeploymentFlavour, querySpaceUid=<gen:3>, path=org.project.neutrino.nfvo.catalogue.mano.common.NFVEntityDescriptor.deployment_flavour.<elements>)
          - EntityAttributeFetchImpl(entity=org.project.neutrino.nfvo.catalogue.mano.common.Security, querySpaceUid=<gen:4>, path=org.project.neutrino.nfvo.catalogue.mano.common.NFVEntityDescriptor.nsd_security)
          - CollectionAttributeFetchImpl(collection=org.project.neutrino.nfvo.catalogue.mano.descriptor.NetworkServiceDescriptor.vnf_dependency, querySpaceUid=<gen:5>, path=org.project.neutrino.nfvo.catalogue.mano.common.NFVEntityDescriptor.vnf_dependency)
             - (collection element) CollectionFetchableElementEntityGraph(entity=org.project.neutrino.nfvo.catalogue.mano.common.VNFDependency, querySpaceUid=<gen:6>, path=org.project.neutrino.nfvo.catalogue.mano.common.NFVEntityDescriptor.vnf_dependency.<elements>)
          - CollectionAttributeFetchImpl(collection=org.project.neutrino.nfvo.catalogue.mano.descriptor.NetworkServiceDescriptor.vnfd, querySpaceUid=<gen:7>, path=org.project.neutrino.nfvo.catalogue.mano.common.NFVEntityDescriptor.vnfd)
             - (collection element) CollectionFetchableElementEntityGraph(entity=org.project.neutrino.nfvo.catalogue.mano.descriptor.VirtualNetworkFunctionDescriptor, querySpaceUid=<gen:8>, path=org.project.neutrino.nfvo.catalogue.mano.common.NFVEntityDescriptor.vnfd.<elements>)
    - QuerySpaces
       - EntityQuerySpaceImpl(uid=<gen:0>, entity=org.project.neutrino.nfvo.catalogue.mano.common.NFVEntityDescriptor)
          - SQL table alias mapping - nfventityd0_
          - alias suffix - 0_
          - suffixed key columns - {id1_27_0_}

14:11:15.950 [Test worker] DEBUG o.h.loader.entity.plan.EntityLoader - Static select for entity org.project.neutrino.nfvo.catalogue.mano.common.NFVEntityDescriptor [UPGRADE]: select nfventityd0_.id as id1_27_0_, nfventityd0_.hb_version as hb_versi2_27_0_, nfventityd0_.vendor as vendor3_27_0_, nfventityd0_.version as version4_27_0_, nfventityd0_.descriptor_version as descript1_62_0_, nfventityd0_.manifest_file as manifest2_62_0_, nfventityd0_.nsd_security_id as nsd_secu1_14_0_, nfventityd0_.clazz_ as clazz_0_ from ( select id, hb_version, vendor, version, descriptor_version, manifest_file, null as nsd_security_id, 1 as clazz_ from virtual_network_function_descriptor union select id, hb_version, vendor, version, null as descriptor_version, null as manifest_file, nsd_security_id, 2 as clazz_ from network_service_descriptor ) nfventityd0_ where nfventityd0_.id=? for update
14:11:15.950 [Test worker] DEBUG o.h.l.p.b.i.spaces.QuerySpacesImpl - Adding QuerySpace : uid = <gen:0> -> org.hibernate.loader.plan.build.internal.spaces.EntityQuerySpaceImpl@525d9797]
14:11:15.950 [Test worker] DEBUG o.h.p.w.spi.MetamodelGraphWalker - Visiting attribute path : auto_scale_policy
14:11:15.950 [Test worker] DEBUG o.h.p.w.spi.MetamodelGraphWalker - Visiting attribute path : connection_point
14:11:15.950 [Test worker] DEBUG o.h.p.w.spi.MetamodelGraphWalker - Visiting attribute path : hb_version
14:11:15.950 [Test worker] DEBUG o.h.p.w.spi.MetamodelGraphWalker - Visiting attribute path : lifecycle_event
14:11:15.950 [Test worker] DEBUG o.h.p.w.spi.MetamodelGraphWalker - Visiting attribute path : monitoring_parameter
14:11:15.950 [Test worker] DEBUG o.h.l.p.b.i.spaces.QuerySpacesImpl - Adding QuerySpace : uid = <gen:1> -> org.hibernate.loader.plan.build.internal.spaces.CollectionQuerySpaceImpl@71837880]
14:11:15.950 [Test worker] DEBUG o.h.p.w.spi.MetamodelGraphWalker - Visiting attribute path : service_deployment_flavour
14:11:15.950 [Test worker] DEBUG o.h.p.w.spi.MetamodelGraphWalker - Visiting attribute path : vendor
14:11:15.950 [Test worker] DEBUG o.h.p.w.spi.MetamodelGraphWalker - Visiting attribute path : version
14:11:15.950 [Test worker] DEBUG o.h.p.w.spi.MetamodelGraphWalker - Visiting attribute path : vld
14:11:15.951 [Test worker] DEBUG o.h.p.w.spi.MetamodelGraphWalker - Visiting attribute path : vnffgd
14:11:15.951 [Test worker] DEBUG o.h.p.w.spi.MetamodelGraphWalker - Visiting attribute path : deployment_flavour
14:11:15.951 [Test worker] DEBUG o.h.l.p.b.i.spaces.QuerySpacesImpl - Adding QuerySpace : uid = <gen:2> -> org.hibernate.loader.plan.build.internal.spaces.CollectionQuerySpaceImpl@6e5c55b8]
14:11:15.951 [Test worker] DEBUG o.h.l.p.b.i.spaces.QuerySpacesImpl - Adding QuerySpace : uid = <gen:3> -> org.hibernate.loader.plan.build.internal.spaces.EntityQuerySpaceImpl@6fffdba2]
14:11:15.951 [Test worker] DEBUG o.h.p.w.spi.MetamodelGraphWalker - Visiting attribute path : descriptor_version
14:11:15.951 [Test worker] DEBUG o.h.p.w.spi.MetamodelGraphWalker - Visiting attribute path : manifest_file
14:11:15.951 [Test worker] DEBUG o.h.p.w.spi.MetamodelGraphWalker - Visiting attribute path : manifest_file_security
14:11:15.951 [Test worker] DEBUG o.h.p.w.spi.MetamodelGraphWalker - Visiting attribute path : vdu
14:11:15.951 [Test worker] DEBUG o.h.p.w.spi.MetamodelGraphWalker - Visiting attribute path : vdu_dependency
14:11:15.951 [Test worker] DEBUG o.h.p.w.spi.MetamodelGraphWalker - Visiting attribute path : virtual_link
14:11:15.951 [Test worker] DEBUG o.h.p.w.spi.MetamodelGraphWalker - Visiting attribute path : nsd_security
14:11:15.951 [Test worker] DEBUG o.h.l.p.b.i.spaces.QuerySpacesImpl - Adding QuerySpace : uid = <gen:4> -> org.hibernate.loader.plan.build.internal.spaces.EntityQuerySpaceImpl@6aca220]
14:11:15.951 [Test worker] DEBUG o.h.p.w.spi.MetamodelGraphWalker - Visiting attribute path : pnfd
14:11:15.951 [Test worker] DEBUG o.h.p.w.spi.MetamodelGraphWalker - Visiting attribute path : vnf_dependency
14:11:15.951 [Test worker] DEBUG o.h.l.p.b.i.spaces.QuerySpacesImpl - Adding QuerySpace : uid = <gen:5> -> org.hibernate.loader.plan.build.internal.spaces.CollectionQuerySpaceImpl@2fc7e64c]
14:11:15.951 [Test worker] DEBUG o.h.l.p.b.i.spaces.QuerySpacesImpl - Adding QuerySpace : uid = <gen:6> -> org.hibernate.loader.plan.build.internal.spaces.EntityQuerySpaceImpl@6ce0a015]
14:11:15.951 [Test worker] DEBUG o.h.p.w.spi.MetamodelGraphWalker - Visiting attribute path : vnfd
14:11:15.951 [Test worker] DEBUG o.h.l.p.b.i.spaces.QuerySpacesImpl - Adding QuerySpace : uid = <gen:7> -> org.hibernate.loader.plan.build.internal.spaces.CollectionQuerySpaceImpl@f2dfa8b]
14:11:15.951 [Test worker] DEBUG o.h.l.p.b.i.spaces.QuerySpacesImpl - Adding QuerySpace : uid = <gen:8> -> org.hibernate.loader.plan.build.internal.spaces.EntityQuerySpaceImpl@139bc376]
14:11:15.953 [Test worker] DEBUG o.h.l.p.b.i.FetchStyleLoadPlanBuildingAssociationVisitationStrategy - Building LoadPlan...
14:11:15.953 [Test worker] DEBUG o.h.l.p.e.i.LoadQueryJoinAndFetchProcessor - processing queryspace <gen:0>
14:11:15.953 [Test worker] DEBUG o.h.l.p.b.spi.LoadPlanTreePrinter - LoadPlan(entity=org.project.neutrino.nfvo.catalogue.mano.common.NFVEntityDescriptor)
    - Returns
       - EntityReturnImpl(entity=org.project.neutrino.nfvo.catalogue.mano.common.NFVEntityDescriptor, querySpaceUid=<gen:0>, path=org.project.neutrino.nfvo.catalogue.mano.common.NFVEntityDescriptor)
          - CollectionAttributeFetchImpl(collection=org.project.neutrino.nfvo.catalogue.mano.common.NFVEntityDescriptor.monitoring_parameter, querySpaceUid=<gen:1>, path=org.project.neutrino.nfvo.catalogue.mano.common.NFVEntityDescriptor.monitoring_parameter)
          - CollectionAttributeFetchImpl(collection=org.project.neutrino.nfvo.catalogue.mano.descriptor.VirtualNetworkFunctionDescriptor.deployment_flavour, querySpaceUid=<gen:2>, path=org.project.neutrino.nfvo.catalogue.mano.common.NFVEntityDescriptor.deployment_flavour)
             - (collection element) CollectionFetchableElementEntityGraph(entity=org.project.neutrino.nfvo.catalogue.mano.descriptor.VNFDDeploymentFlavour, querySpaceUid=<gen:3>, path=org.project.neutrino.nfvo.catalogue.mano.common.NFVEntityDescriptor.deployment_flavour.<elements>)
          - EntityAttributeFetchImpl(entity=org.project.neutrino.nfvo.catalogue.mano.common.Security, querySpaceUid=<gen:4>, path=org.project.neutrino.nfvo.catalogue.mano.common.NFVEntityDescriptor.nsd_security)
          - CollectionAttributeFetchImpl(collection=org.project.neutrino.nfvo.catalogue.mano.descriptor.NetworkServiceDescriptor.vnf_dependency, querySpaceUid=<gen:5>, path=org.project.neutrino.nfvo.catalogue.mano.common.NFVEntityDescriptor.vnf_dependency)
             - (collection element) CollectionFetchableElementEntityGraph(entity=org.project.neutrino.nfvo.catalogue.mano.common.VNFDependency, querySpaceUid=<gen:6>, path=org.project.neutrino.nfvo.catalogue.mano.common.NFVEntityDescriptor.vnf_dependency.<elements>)
          - CollectionAttributeFetchImpl(collection=org.project.neutrino.nfvo.catalogue.mano.descriptor.NetworkServiceDescriptor.vnfd, querySpaceUid=<gen:7>, path=org.project.neutrino.nfvo.catalogue.mano.common.NFVEntityDescriptor.vnfd)
             - (collection element) CollectionFetchableElementEntityGraph(entity=org.project.neutrino.nfvo.catalogue.mano.descriptor.VirtualNetworkFunctionDescriptor, querySpaceUid=<gen:8>, path=org.project.neutrino.nfvo.catalogue.mano.common.NFVEntityDescriptor.vnfd.<elements>)
    - QuerySpaces
       - EntityQuerySpaceImpl(uid=<gen:0>, entity=org.project.neutrino.nfvo.catalogue.mano.common.NFVEntityDescriptor)
          - SQL table alias mapping - nfventityd0_
          - alias suffix - 0_
          - suffixed key columns - {id1_27_0_}

14:11:15.953 [Test worker] DEBUG o.h.loader.entity.plan.EntityLoader - Static select for entity org.project.neutrino.nfvo.catalogue.mano.common.NFVEntityDescriptor [UPGRADE_NOWAIT]: select nfventityd0_.id as id1_27_0_, nfventityd0_.hb_version as hb_versi2_27_0_, nfventityd0_.vendor as vendor3_27_0_, nfventityd0_.version as version4_27_0_, nfventityd0_.descriptor_version as descript1_62_0_, nfventityd0_.manifest_file as manifest2_62_0_, nfventityd0_.nsd_security_id as nsd_secu1_14_0_, nfventityd0_.clazz_ as clazz_0_ from ( select id, hb_version, vendor, version, descriptor_version, manifest_file, null as nsd_security_id, 1 as clazz_ from virtual_network_function_descriptor union select id, hb_version, vendor, version, null as descriptor_version, null as manifest_file, nsd_security_id, 2 as clazz_ from network_service_descriptor ) nfventityd0_ where nfventityd0_.id=? for update
14:11:15.953 [Test worker] DEBUG o.h.l.p.b.i.spaces.QuerySpacesImpl - Adding QuerySpace : uid = <gen:0> -> org.hibernate.loader.plan.build.internal.spaces.EntityQuerySpaceImpl@573d8208]
14:11:15.953 [Test worker] DEBUG o.h.p.w.spi.MetamodelGraphWalker - Visiting attribute path : auto_scale_policy
14:11:15.953 [Test worker] DEBUG o.h.p.w.spi.MetamodelGraphWalker - Visiting attribute path : connection_point
14:11:15.954 [Test worker] DEBUG o.h.p.w.spi.MetamodelGraphWalker - Visiting attribute path : hb_version
14:11:15.954 [Test worker] DEBUG o.h.p.w.spi.MetamodelGraphWalker - Visiting attribute path : lifecycle_event
14:11:15.954 [Test worker] DEBUG o.h.p.w.spi.MetamodelGraphWalker - Visiting attribute path : monitoring_parameter
14:11:15.954 [Test worker] DEBUG o.h.l.p.b.i.spaces.QuerySpacesImpl - Adding QuerySpace : uid = <gen:1> -> org.hibernate.loader.plan.build.internal.spaces.CollectionQuerySpaceImpl@4e86ecca]
14:11:15.954 [Test worker] DEBUG o.h.p.w.spi.MetamodelGraphWalker - Visiting attribute path : service_deployment_flavour
14:11:15.954 [Test worker] DEBUG o.h.p.w.spi.MetamodelGraphWalker - Visiting attribute path : vendor
14:11:15.954 [Test worker] DEBUG o.h.p.w.spi.MetamodelGraphWalker - Visiting attribute path : version
14:11:15.954 [Test worker] DEBUG o.h.p.w.spi.MetamodelGraphWalker - Visiting attribute path : vld
14:11:15.954 [Test worker] DEBUG o.h.p.w.spi.MetamodelGraphWalker - Visiting attribute path : vnffgd
14:11:15.954 [Test worker] DEBUG o.h.p.w.spi.MetamodelGraphWalker - Visiting attribute path : deployment_flavour
14:11:15.954 [Test worker] DEBUG o.h.l.p.b.i.spaces.QuerySpacesImpl - Adding QuerySpace : uid = <gen:2> -> org.hibernate.loader.plan.build.internal.spaces.CollectionQuerySpaceImpl@7c23ea0c]
14:11:15.954 [Test worker] DEBUG o.h.l.p.b.i.spaces.QuerySpacesImpl - Adding QuerySpace : uid = <gen:3> -> org.hibernate.loader.plan.build.internal.spaces.EntityQuerySpaceImpl@19daf980]
14:11:15.954 [Test worker] DEBUG o.h.p.w.spi.MetamodelGraphWalker - Visiting attribute path : descriptor_version
14:11:15.954 [Test worker] DEBUG o.h.p.w.spi.MetamodelGraphWalker - Visiting attribute path : manifest_file
14:11:15.954 [Test worker] DEBUG o.h.p.w.spi.MetamodelGraphWalker - Visiting attribute path : manifest_file_security
14:11:15.954 [Test worker] DEBUG o.h.p.w.spi.MetamodelGraphWalker - Visiting attribute path : vdu
14:11:15.955 [Test worker] DEBUG o.h.p.w.spi.MetamodelGraphWalker - Visiting attribute path : vdu_dependency
14:11:15.955 [Test worker] DEBUG o.h.p.w.spi.MetamodelGraphWalker - Visiting attribute path : virtual_link
14:11:15.955 [Test worker] DEBUG o.h.p.w.spi.MetamodelGraphWalker - Visiting attribute path : nsd_security
14:11:15.955 [Test worker] DEBUG o.h.l.p.b.i.spaces.QuerySpacesImpl - Adding QuerySpace : uid = <gen:4> -> org.hibernate.loader.plan.build.internal.spaces.EntityQuerySpaceImpl@77324fc2]
14:11:15.955 [Test worker] DEBUG o.h.p.w.spi.MetamodelGraphWalker - Visiting attribute path : pnfd
14:11:15.955 [Test worker] DEBUG o.h.p.w.spi.MetamodelGraphWalker - Visiting attribute path : vnf_dependency
14:11:15.955 [Test worker] DEBUG o.h.l.p.b.i.spaces.QuerySpacesImpl - Adding QuerySpace : uid = <gen:5> -> org.hibernate.loader.plan.build.internal.spaces.CollectionQuerySpaceImpl@81286b1]
14:11:15.955 [Test worker] DEBUG o.h.l.p.b.i.spaces.QuerySpacesImpl - Adding QuerySpace : uid = <gen:6> -> org.hibernate.loader.plan.build.internal.spaces.EntityQuerySpaceImpl@7848d29a]
14:11:15.955 [Test worker] DEBUG o.h.p.w.spi.MetamodelGraphWalker - Visiting attribute path : vnfd
14:11:15.955 [Test worker] DEBUG o.h.l.p.b.i.spaces.QuerySpacesImpl - Adding QuerySpace : uid = <gen:7> -> org.hibernate.loader.plan.build.internal.spaces.CollectionQuerySpaceImpl@74faba27]
14:11:15.955 [Test worker] DEBUG o.h.l.p.b.i.spaces.QuerySpacesImpl - Adding QuerySpace : uid = <gen:8> -> org.hibernate.loader.plan.build.internal.spaces.EntityQuerySpaceImpl@78d39270]
14:11:15.955 [Test worker] DEBUG o.h.l.p.b.i.FetchStyleLoadPlanBuildingAssociationVisitationStrategy - Building LoadPlan...
14:11:15.955 [Test worker] DEBUG o.h.l.p.e.i.LoadQueryJoinAndFetchProcessor - processing queryspace <gen:0>
14:11:15.956 [Test worker] DEBUG o.h.l.p.b.spi.LoadPlanTreePrinter - LoadPlan(entity=org.project.neutrino.nfvo.catalogue.mano.common.NFVEntityDescriptor)
    - Returns
       - EntityReturnImpl(entity=org.project.neutrino.nfvo.catalogue.mano.common.NFVEntityDescriptor, querySpaceUid=<gen:0>, path=org.project.neutrino.nfvo.catalogue.mano.common.NFVEntityDescriptor)
          - CollectionAttributeFetchImpl(collection=org.project.neutrino.nfvo.catalogue.mano.common.NFVEntityDescriptor.monitoring_parameter, querySpaceUid=<gen:1>, path=org.project.neutrino.nfvo.catalogue.mano.common.NFVEntityDescriptor.monitoring_parameter)
          - CollectionAttributeFetchImpl(collection=org.project.neutrino.nfvo.catalogue.mano.descriptor.VirtualNetworkFunctionDescriptor.deployment_flavour, querySpaceUid=<gen:2>, path=org.project.neutrino.nfvo.catalogue.mano.common.NFVEntityDescriptor.deployment_flavour)
             - (collection element) CollectionFetchableElementEntityGraph(entity=org.project.neutrino.nfvo.catalogue.mano.descriptor.VNFDDeploymentFlavour, querySpaceUid=<gen:3>, path=org.project.neutrino.nfvo.catalogue.mano.common.NFVEntityDescriptor.deployment_flavour.<elements>)
          - EntityAttributeFetchImpl(entity=org.project.neutrino.nfvo.catalogue.mano.common.Security, querySpaceUid=<gen:4>, path=org.project.neutrino.nfvo.catalogue.mano.common.NFVEntityDescriptor.nsd_security)
          - CollectionAttributeFetchImpl(collection=org.project.neutrino.nfvo.catalogue.mano.descriptor.NetworkServiceDescriptor.vnf_dependency, querySpaceUid=<gen:5>, path=org.project.neutrino.nfvo.catalogue.mano.common.NFVEntityDescriptor.vnf_dependency)
             - (collection element) CollectionFetchableElementEntityGraph(entity=org.project.neutrino.nfvo.catalogue.mano.common.VNFDependency, querySpaceUid=<gen:6>, path=org.project.neutrino.nfvo.catalogue.mano.common.NFVEntityDescriptor.vnf_dependency.<elements>)
          - CollectionAttributeFetchImpl(collection=org.project.neutrino.nfvo.catalogue.mano.descriptor.NetworkServiceDescriptor.vnfd, querySpaceUid=<gen:7>, path=org.project.neutrino.nfvo.catalogue.mano.common.NFVEntityDescriptor.vnfd)
             - (collection element) CollectionFetchableElementEntityGraph(entity=org.project.neutrino.nfvo.catalogue.mano.descriptor.VirtualNetworkFunctionDescriptor, querySpaceUid=<gen:8>, path=org.project.neutrino.nfvo.catalogue.mano.common.NFVEntityDescriptor.vnfd.<elements>)
    - QuerySpaces
       - EntityQuerySpaceImpl(uid=<gen:0>, entity=org.project.neutrino.nfvo.catalogue.mano.common.NFVEntityDescriptor)
          - SQL table alias mapping - nfventityd0_
          - alias suffix - 0_
          - suffixed key columns - {id1_27_0_}

14:11:15.956 [Test worker] DEBUG o.h.loader.entity.plan.EntityLoader - Static select for entity org.project.neutrino.nfvo.catalogue.mano.common.NFVEntityDescriptor [UPGRADE_SKIPLOCKED]: select nfventityd0_.id as id1_27_0_, nfventityd0_.hb_version as hb_versi2_27_0_, nfventityd0_.vendor as vendor3_27_0_, nfventityd0_.version as version4_27_0_, nfventityd0_.descriptor_version as descript1_62_0_, nfventityd0_.manifest_file as manifest2_62_0_, nfventityd0_.nsd_security_id as nsd_secu1_14_0_, nfventityd0_.clazz_ as clazz_0_ from ( select id, hb_version, vendor, version, descriptor_version, manifest_file, null as nsd_security_id, 1 as clazz_ from virtual_network_function_descriptor union select id, hb_version, vendor, version, null as descriptor_version, null as manifest_file, nsd_security_id, 2 as clazz_ from network_service_descriptor ) nfventityd0_ where nfventityd0_.id=? for update
14:11:15.956 [Test worker] DEBUG o.h.l.p.b.i.spaces.QuerySpacesImpl - Adding QuerySpace : uid = <gen:0> -> org.hibernate.loader.plan.build.internal.spaces.EntityQuerySpaceImpl@a333509]
14:11:15.956 [Test worker] DEBUG o.h.p.w.spi.MetamodelGraphWalker - Visiting attribute path : auto_scale_policy
14:11:15.956 [Test worker] DEBUG o.h.p.w.spi.MetamodelGraphWalker - Visiting attribute path : connection_point
14:11:15.956 [Test worker] DEBUG o.h.p.w.spi.MetamodelGraphWalker - Visiting attribute path : hb_version
14:11:15.956 [Test worker] DEBUG o.h.p.w.spi.MetamodelGraphWalker - Visiting attribute path : lifecycle_event
14:11:15.956 [Test worker] DEBUG o.h.p.w.spi.MetamodelGraphWalker - Visiting attribute path : monitoring_parameter
14:11:15.956 [Test worker] DEBUG o.h.l.p.b.i.spaces.QuerySpacesImpl - Adding QuerySpace : uid = <gen:1> -> org.hibernate.loader.plan.build.internal.spaces.CollectionQuerySpaceImpl@1b167069]
14:11:15.956 [Test worker] DEBUG o.h.p.w.spi.MetamodelGraphWalker - Visiting attribute path : service_deployment_flavour
14:11:15.956 [Test worker] DEBUG o.h.p.w.spi.MetamodelGraphWalker - Visiting attribute path : vendor
14:11:15.956 [Test worker] DEBUG o.h.p.w.spi.MetamodelGraphWalker - Visiting attribute path : version
14:11:15.956 [Test worker] DEBUG o.h.p.w.spi.MetamodelGraphWalker - Visiting attribute path : vld
14:11:15.956 [Test worker] DEBUG o.h.p.w.spi.MetamodelGraphWalker - Visiting attribute path : vnffgd
14:11:15.956 [Test worker] DEBUG o.h.p.w.spi.MetamodelGraphWalker - Visiting attribute path : deployment_flavour
14:11:15.956 [Test worker] DEBUG o.h.l.p.b.i.spaces.QuerySpacesImpl - Adding QuerySpace : uid = <gen:2> -> org.hibernate.loader.plan.build.internal.spaces.CollectionQuerySpaceImpl@5e2e0b63]
14:11:15.956 [Test worker] DEBUG o.h.l.p.b.i.spaces.QuerySpacesImpl - Adding QuerySpace : uid = <gen:3> -> org.hibernate.loader.plan.build.internal.spaces.EntityQuerySpaceImpl@20edc0e3]
14:11:15.956 [Test worker] DEBUG o.h.p.w.spi.MetamodelGraphWalker - Visiting attribute path : descriptor_version
14:11:15.956 [Test worker] DEBUG o.h.p.w.spi.MetamodelGraphWalker - Visiting attribute path : manifest_file
14:11:15.956 [Test worker] DEBUG o.h.p.w.spi.MetamodelGraphWalker - Visiting attribute path : manifest_file_security
14:11:15.957 [Test worker] DEBUG o.h.p.w.spi.MetamodelGraphWalker - Visiting attribute path : vdu
14:11:15.957 [Test worker] DEBUG o.h.p.w.spi.MetamodelGraphWalker - Visiting attribute path : vdu_dependency
14:11:15.957 [Test worker] DEBUG o.h.p.w.spi.MetamodelGraphWalker - Visiting attribute path : virtual_link
14:11:15.957 [Test worker] DEBUG o.h.p.w.spi.MetamodelGraphWalker - Visiting attribute path : nsd_security
14:11:15.957 [Test worker] DEBUG o.h.l.p.b.i.spaces.QuerySpacesImpl - Adding QuerySpace : uid = <gen:4> -> org.hibernate.loader.plan.build.internal.spaces.EntityQuerySpaceImpl@591287f8]
14:11:15.957 [Test worker] DEBUG o.h.p.w.spi.MetamodelGraphWalker - Visiting attribute path : pnfd
14:11:15.957 [Test worker] DEBUG o.h.p.w.spi.MetamodelGraphWalker - Visiting attribute path : vnf_dependency
14:11:15.957 [Test worker] DEBUG o.h.l.p.b.i.spaces.QuerySpacesImpl - Adding QuerySpace : uid = <gen:5> -> org.hibernate.loader.plan.build.internal.spaces.CollectionQuerySpaceImpl@4f9cd877]
14:11:15.957 [Test worker] DEBUG o.h.l.p.b.i.spaces.QuerySpacesImpl - Adding QuerySpace : uid = <gen:6> -> org.hibernate.loader.plan.build.internal.spaces.EntityQuerySpaceImpl@42479576]
14:11:15.957 [Test worker] DEBUG o.h.p.w.spi.MetamodelGraphWalker - Visiting attribute path : vnfd
14:11:15.957 [Test worker] DEBUG o.h.l.p.b.i.spaces.QuerySpacesImpl - Adding QuerySpace : uid = <gen:7> -> org.hibernate.loader.plan.build.internal.spaces.CollectionQuerySpaceImpl@69a597f8]
14:11:15.957 [Test worker] DEBUG o.h.l.p.b.i.spaces.QuerySpacesImpl - Adding QuerySpace : uid = <gen:8> -> org.hibernate.loader.plan.build.internal.spaces.EntityQuerySpaceImpl@769c50f7]
14:11:15.957 [Test worker] DEBUG o.h.l.p.b.i.FetchStyleLoadPlanBuildingAssociationVisitationStrategy - Building LoadPlan...
14:11:15.957 [Test worker] DEBUG o.h.l.p.e.i.LoadQueryJoinAndFetchProcessor - processing queryspace <gen:0>
14:11:15.958 [Test worker] DEBUG o.h.l.p.b.spi.LoadPlanTreePrinter - LoadPlan(entity=org.project.neutrino.nfvo.catalogue.mano.common.NFVEntityDescriptor)
    - Returns
       - EntityReturnImpl(entity=org.project.neutrino.nfvo.catalogue.mano.common.NFVEntityDescriptor, querySpaceUid=<gen:0>, path=org.project.neutrino.nfvo.catalogue.mano.common.NFVEntityDescriptor)
          - CollectionAttributeFetchImpl(collection=org.project.neutrino.nfvo.catalogue.mano.common.NFVEntityDescriptor.monitoring_parameter, querySpaceUid=<gen:1>, path=org.project.neutrino.nfvo.catalogue.mano.common.NFVEntityDescriptor.monitoring_parameter)
          - CollectionAttributeFetchImpl(collection=org.project.neutrino.nfvo.catalogue.mano.descriptor.VirtualNetworkFunctionDescriptor.deployment_flavour, querySpaceUid=<gen:2>, path=org.project.neutrino.nfvo.catalogue.mano.common.NFVEntityDescriptor.deployment_flavour)
             - (collection element) CollectionFetchableElementEntityGraph(entity=org.project.neutrino.nfvo.catalogue.mano.descriptor.VNFDDeploymentFlavour, querySpaceUid=<gen:3>, path=org.project.neutrino.nfvo.catalogue.mano.common.NFVEntityDescriptor.deployment_flavour.<elements>)
          - EntityAttributeFetchImpl(entity=org.project.neutrino.nfvo.catalogue.mano.common.Security, querySpaceUid=<gen:4>, path=org.project.neutrino.nfvo.catalogue.mano.common.NFVEntityDescriptor.nsd_security)
          - CollectionAttributeFetchImpl(collection=org.project.neutrino.nfvo.catalogue.mano.descriptor.NetworkServiceDescriptor.vnf_dependency, querySpaceUid=<gen:5>, path=org.project.neutrino.nfvo.catalogue.mano.common.NFVEntityDescriptor.vnf_dependency)
             - (collection element) CollectionFetchableElementEntityGraph(entity=org.project.neutrino.nfvo.catalogue.mano.common.VNFDependency, querySpaceUid=<gen:6>, path=org.project.neutrino.nfvo.catalogue.mano.common.NFVEntityDescriptor.vnf_dependency.<elements>)
          - CollectionAttributeFetchImpl(collection=org.project.neutrino.nfvo.catalogue.mano.descriptor.NetworkServiceDescriptor.vnfd, querySpaceUid=<gen:7>, path=org.project.neutrino.nfvo.catalogue.mano.common.NFVEntityDescriptor.vnfd)
             - (collection element) CollectionFetchableElementEntityGraph(entity=org.project.neutrino.nfvo.catalogue.mano.descriptor.VirtualNetworkFunctionDescriptor, querySpaceUid=<gen:8>, path=org.project.neutrino.nfvo.catalogue.mano.common.NFVEntityDescriptor.vnfd.<elements>)
    - QuerySpaces
       - EntityQuerySpaceImpl(uid=<gen:0>, entity=org.project.neutrino.nfvo.catalogue.mano.common.NFVEntityDescriptor)
          - SQL table alias mapping - nfventityd0_
          - alias suffix - 0_
          - suffixed key columns - {id1_27_0_}

14:11:15.958 [Test worker] DEBUG o.h.loader.entity.plan.EntityLoader - Static select for entity org.project.neutrino.nfvo.catalogue.mano.common.NFVEntityDescriptor [FORCE]: select nfventityd0_.id as id1_27_0_, nfventityd0_.hb_version as hb_versi2_27_0_, nfventityd0_.vendor as vendor3_27_0_, nfventityd0_.version as version4_27_0_, nfventityd0_.descriptor_version as descript1_62_0_, nfventityd0_.manifest_file as manifest2_62_0_, nfventityd0_.nsd_security_id as nsd_secu1_14_0_, nfventityd0_.clazz_ as clazz_0_ from ( select id, hb_version, vendor, version, descriptor_version, manifest_file, null as nsd_security_id, 1 as clazz_ from virtual_network_function_descriptor union select id, hb_version, vendor, version, null as descriptor_version, null as manifest_file, nsd_security_id, 2 as clazz_ from network_service_descriptor ) nfventityd0_ where nfventityd0_.id=? for update
14:11:15.958 [Test worker] DEBUG o.h.l.p.b.i.spaces.QuerySpacesImpl - Adding QuerySpace : uid = <gen:0> -> org.hibernate.loader.plan.build.internal.spaces.EntityQuerySpaceImpl@1087c4f7]
14:11:15.958 [Test worker] DEBUG o.h.p.w.spi.MetamodelGraphWalker - Visiting attribute path : auto_scale_policy
14:11:15.958 [Test worker] DEBUG o.h.p.w.spi.MetamodelGraphWalker - Visiting attribute path : connection_point
14:11:15.958 [Test worker] DEBUG o.h.p.w.spi.MetamodelGraphWalker - Visiting attribute path : hb_version
14:11:15.958 [Test worker] DEBUG o.h.p.w.spi.MetamodelGraphWalker - Visiting attribute path : lifecycle_event
14:11:15.958 [Test worker] DEBUG o.h.p.w.spi.MetamodelGraphWalker - Visiting attribute path : monitoring_parameter
14:11:15.958 [Test worker] DEBUG o.h.l.p.b.i.spaces.QuerySpacesImpl - Adding QuerySpace : uid = <gen:1> -> org.hibernate.loader.plan.build.internal.spaces.CollectionQuerySpaceImpl@6b1705bf]
14:11:15.958 [Test worker] DEBUG o.h.p.w.spi.MetamodelGraphWalker - Visiting attribute path : service_deployment_flavour
14:11:15.958 [Test worker] DEBUG o.h.p.w.spi.MetamodelGraphWalker - Visiting attribute path : vendor
14:11:15.958 [Test worker] DEBUG o.h.p.w.spi.MetamodelGraphWalker - Visiting attribute path : version
14:11:15.958 [Test worker] DEBUG o.h.p.w.spi.MetamodelGraphWalker - Visiting attribute path : vld
14:11:15.958 [Test worker] DEBUG o.h.p.w.spi.MetamodelGraphWalker - Visiting attribute path : vnffgd
14:11:15.958 [Test worker] DEBUG o.h.p.w.spi.MetamodelGraphWalker - Visiting attribute path : deployment_flavour
14:11:15.958 [Test worker] DEBUG o.h.l.p.b.i.spaces.QuerySpacesImpl - Adding QuerySpace : uid = <gen:2> -> org.hibernate.loader.plan.build.internal.spaces.CollectionQuerySpaceImpl@347a7586]
14:11:15.958 [Test worker] DEBUG o.h.l.p.b.i.spaces.QuerySpacesImpl - Adding QuerySpace : uid = <gen:3> -> org.hibernate.loader.plan.build.internal.spaces.EntityQuerySpaceImpl@53b9cb54]
14:11:15.958 [Test worker] DEBUG o.h.p.w.spi.MetamodelGraphWalker - Visiting attribute path : descriptor_version
14:11:15.959 [Test worker] DEBUG o.h.p.w.spi.MetamodelGraphWalker - Visiting attribute path : manifest_file
14:11:15.959 [Test worker] DEBUG o.h.p.w.spi.MetamodelGraphWalker - Visiting attribute path : manifest_file_security
14:11:15.959 [Test worker] DEBUG o.h.p.w.spi.MetamodelGraphWalker - Visiting attribute path : vdu
14:11:15.959 [Test worker] DEBUG o.h.p.w.spi.MetamodelGraphWalker - Visiting attribute path : vdu_dependency
14:11:15.959 [Test worker] DEBUG o.h.p.w.spi.MetamodelGraphWalker - Visiting attribute path : virtual_link
14:11:15.959 [Test worker] DEBUG o.h.p.w.spi.MetamodelGraphWalker - Visiting attribute path : nsd_security
14:11:15.959 [Test worker] DEBUG o.h.l.p.b.i.spaces.QuerySpacesImpl - Adding QuerySpace : uid = <gen:4> -> org.hibernate.loader.plan.build.internal.spaces.EntityQuerySpaceImpl@4ad422bd]
14:11:15.959 [Test worker] DEBUG o.h.p.w.spi.MetamodelGraphWalker - Visiting attribute path : pnfd
14:11:15.959 [Test worker] DEBUG o.h.p.w.spi.MetamodelGraphWalker - Visiting attribute path : vnf_dependency
14:11:15.959 [Test worker] DEBUG o.h.l.p.b.i.spaces.QuerySpacesImpl - Adding QuerySpace : uid = <gen:5> -> org.hibernate.loader.plan.build.internal.spaces.CollectionQuerySpaceImpl@2d34ccac]
14:11:15.959 [Test worker] DEBUG o.h.l.p.b.i.spaces.QuerySpacesImpl - Adding QuerySpace : uid = <gen:6> -> org.hibernate.loader.plan.build.internal.spaces.EntityQuerySpaceImpl@65694763]
14:11:15.959 [Test worker] DEBUG o.h.p.w.spi.MetamodelGraphWalker - Visiting attribute path : vnfd
14:11:15.959 [Test worker] DEBUG o.h.l.p.b.i.spaces.QuerySpacesImpl - Adding QuerySpace : uid = <gen:7> -> org.hibernate.loader.plan.build.internal.spaces.CollectionQuerySpaceImpl@62cde898]
14:11:15.959 [Test worker] DEBUG o.h.l.p.b.i.spaces.QuerySpacesImpl - Adding QuerySpace : uid = <gen:8> -> org.hibernate.loader.plan.build.internal.spaces.EntityQuerySpaceImpl@3c6185d5]
14:11:15.959 [Test worker] DEBUG o.h.l.p.b.i.FetchStyleLoadPlanBuildingAssociationVisitationStrategy - Building LoadPlan...
14:11:15.959 [Test worker] DEBUG o.h.l.p.e.i.LoadQueryJoinAndFetchProcessor - processing queryspace <gen:0>
14:11:15.960 [Test worker] DEBUG o.h.l.p.b.spi.LoadPlanTreePrinter - LoadPlan(entity=org.project.neutrino.nfvo.catalogue.mano.common.NFVEntityDescriptor)
    - Returns
       - EntityReturnImpl(entity=org.project.neutrino.nfvo.catalogue.mano.common.NFVEntityDescriptor, querySpaceUid=<gen:0>, path=org.project.neutrino.nfvo.catalogue.mano.common.NFVEntityDescriptor)
          - CollectionAttributeFetchImpl(collection=org.project.neutrino.nfvo.catalogue.mano.common.NFVEntityDescriptor.monitoring_parameter, querySpaceUid=<gen:1>, path=org.project.neutrino.nfvo.catalogue.mano.common.NFVEntityDescriptor.monitoring_parameter)
          - CollectionAttributeFetchImpl(collection=org.project.neutrino.nfvo.catalogue.mano.descriptor.VirtualNetworkFunctionDescriptor.deployment_flavour, querySpaceUid=<gen:2>, path=org.project.neutrino.nfvo.catalogue.mano.common.NFVEntityDescriptor.deployment_flavour)
             - (collection element) CollectionFetchableElementEntityGraph(entity=org.project.neutrino.nfvo.catalogue.mano.descriptor.VNFDDeploymentFlavour, querySpaceUid=<gen:3>, path=org.project.neutrino.nfvo.catalogue.mano.common.NFVEntityDescriptor.deployment_flavour.<elements>)
          - EntityAttributeFetchImpl(entity=org.project.neutrino.nfvo.catalogue.mano.common.Security, querySpaceUid=<gen:4>, path=org.project.neutrino.nfvo.catalogue.mano.common.NFVEntityDescriptor.nsd_security)
          - CollectionAttributeFetchImpl(collection=org.project.neutrino.nfvo.catalogue.mano.descriptor.NetworkServiceDescriptor.vnf_dependency, querySpaceUid=<gen:5>, path=org.project.neutrino.nfvo.catalogue.mano.common.NFVEntityDescriptor.vnf_dependency)
             - (collection element) CollectionFetchableElementEntityGraph(entity=org.project.neutrino.nfvo.catalogue.mano.common.VNFDependency, querySpaceUid=<gen:6>, path=org.project.neutrino.nfvo.catalogue.mano.common.NFVEntityDescriptor.vnf_dependency.<elements>)
          - CollectionAttributeFetchImpl(collection=org.project.neutrino.nfvo.catalogue.mano.descriptor.NetworkServiceDescriptor.vnfd, querySpaceUid=<gen:7>, path=org.project.neutrino.nfvo.catalogue.mano.common.NFVEntityDescriptor.vnfd)
             - (collection element) CollectionFetchableElementEntityGraph(entity=org.project.neutrino.nfvo.catalogue.mano.descriptor.VirtualNetworkFunctionDescriptor, querySpaceUid=<gen:8>, path=org.project.neutrino.nfvo.catalogue.mano.common.NFVEntityDescriptor.vnfd.<elements>)
    - QuerySpaces
       - EntityQuerySpaceImpl(uid=<gen:0>, entity=org.project.neutrino.nfvo.catalogue.mano.common.NFVEntityDescriptor)
          - SQL table alias mapping - nfventityd0_
          - alias suffix - 0_
          - suffixed key columns - {id1_27_0_}

14:11:15.960 [Test worker] DEBUG o.h.loader.entity.plan.EntityLoader - Static select for entity org.project.neutrino.nfvo.catalogue.mano.common.NFVEntityDescriptor [PESSIMISTIC_READ]: select nfventityd0_.id as id1_27_0_, nfventityd0_.hb_version as hb_versi2_27_0_, nfventityd0_.vendor as vendor3_27_0_, nfventityd0_.version as version4_27_0_, nfventityd0_.descriptor_version as descript1_62_0_, nfventityd0_.manifest_file as manifest2_62_0_, nfventityd0_.nsd_security_id as nsd_secu1_14_0_, nfventityd0_.clazz_ as clazz_0_ from ( select id, hb_version, vendor, version, descriptor_version, manifest_file, null as nsd_security_id, 1 as clazz_ from virtual_network_function_descriptor union select id, hb_version, vendor, version, null as descriptor_version, null as manifest_file, nsd_security_id, 2 as clazz_ from network_service_descriptor ) nfventityd0_ where nfventityd0_.id=? lock in share mode
14:11:15.960 [Test worker] DEBUG o.h.l.p.b.i.spaces.QuerySpacesImpl - Adding QuerySpace : uid = <gen:0> -> org.hibernate.loader.plan.build.internal.spaces.EntityQuerySpaceImpl@269981eb]
14:11:15.960 [Test worker] DEBUG o.h.p.w.spi.MetamodelGraphWalker - Visiting attribute path : auto_scale_policy
14:11:15.960 [Test worker] DEBUG o.h.p.w.spi.MetamodelGraphWalker - Visiting attribute path : connection_point
14:11:15.960 [Test worker] DEBUG o.h.p.w.spi.MetamodelGraphWalker - Visiting attribute path : hb_version
14:11:15.960 [Test worker] DEBUG o.h.p.w.spi.MetamodelGraphWalker - Visiting attribute path : lifecycle_event
14:11:15.960 [Test worker] DEBUG o.h.p.w.spi.MetamodelGraphWalker - Visiting attribute path : monitoring_parameter
14:11:15.960 [Test worker] DEBUG o.h.l.p.b.i.spaces.QuerySpacesImpl - Adding QuerySpace : uid = <gen:1> -> org.hibernate.loader.plan.build.internal.spaces.CollectionQuerySpaceImpl@6d7856e3]
14:11:15.960 [Test worker] DEBUG o.h.p.w.spi.MetamodelGraphWalker - Visiting attribute path : service_deployment_flavour
14:11:15.960 [Test worker] DEBUG o.h.p.w.spi.MetamodelGraphWalker - Visiting attribute path : vendor
14:11:15.960 [Test worker] DEBUG o.h.p.w.spi.MetamodelGraphWalker - Visiting attribute path : version
14:11:15.960 [Test worker] DEBUG o.h.p.w.spi.MetamodelGraphWalker - Visiting attribute path : vld
14:11:15.960 [Test worker] DEBUG o.h.p.w.spi.MetamodelGraphWalker - Visiting attribute path : vnffgd
14:11:15.960 [Test worker] DEBUG o.h.p.w.spi.MetamodelGraphWalker - Visiting attribute path : deployment_flavour
14:11:15.962 [Test worker] DEBUG o.h.l.p.b.i.spaces.QuerySpacesImpl - Adding QuerySpace : uid = <gen:2> -> org.hibernate.loader.plan.build.internal.spaces.CollectionQuerySpaceImpl@7790893a]
14:11:15.962 [Test worker] DEBUG o.h.l.p.b.i.spaces.QuerySpacesImpl - Adding QuerySpace : uid = <gen:3> -> org.hibernate.loader.plan.build.internal.spaces.EntityQuerySpaceImpl@32217c29]
14:11:15.962 [Test worker] DEBUG o.h.p.w.spi.MetamodelGraphWalker - Visiting attribute path : descriptor_version
14:11:15.962 [Test worker] DEBUG o.h.p.w.spi.MetamodelGraphWalker - Visiting attribute path : manifest_file
14:11:15.962 [Test worker] DEBUG o.h.p.w.spi.MetamodelGraphWalker - Visiting attribute path : manifest_file_security
14:11:15.962 [Test worker] DEBUG o.h.p.w.spi.MetamodelGraphWalker - Visiting attribute path : vdu
14:11:15.962 [Test worker] DEBUG o.h.p.w.spi.MetamodelGraphWalker - Visiting attribute path : vdu_dependency
14:11:15.962 [Test worker] DEBUG o.h.p.w.spi.MetamodelGraphWalker - Visiting attribute path : virtual_link
14:11:15.962 [Test worker] DEBUG o.h.p.w.spi.MetamodelGraphWalker - Visiting attribute path : nsd_security
14:11:15.962 [Test worker] DEBUG o.h.l.p.b.i.spaces.QuerySpacesImpl - Adding QuerySpace : uid = <gen:4> -> org.hibernate.loader.plan.build.internal.spaces.EntityQuerySpaceImpl@345e8175]
14:11:15.962 [Test worker] DEBUG o.h.p.w.spi.MetamodelGraphWalker - Visiting attribute path : pnfd
14:11:15.962 [Test worker] DEBUG o.h.p.w.spi.MetamodelGraphWalker - Visiting attribute path : vnf_dependency
14:11:15.962 [Test worker] DEBUG o.h.l.p.b.i.spaces.QuerySpacesImpl - Adding QuerySpace : uid = <gen:5> -> org.hibernate.loader.plan.build.internal.spaces.CollectionQuerySpaceImpl@2885432f]
14:11:15.962 [Test worker] DEBUG o.h.l.p.b.i.spaces.QuerySpacesImpl - Adding QuerySpace : uid = <gen:6> -> org.hibernate.loader.plan.build.internal.spaces.EntityQuerySpaceImpl@44fdd771]
14:11:15.963 [Test worker] DEBUG o.h.p.w.spi.MetamodelGraphWalker - Visiting attribute path : vnfd
14:11:15.963 [Test worker] DEBUG o.h.l.p.b.i.spaces.QuerySpacesImpl - Adding QuerySpace : uid = <gen:7> -> org.hibernate.loader.plan.build.internal.spaces.CollectionQuerySpaceImpl@754b5f19]
14:11:15.963 [Test worker] DEBUG o.h.l.p.b.i.spaces.QuerySpacesImpl - Adding QuerySpace : uid = <gen:8> -> org.hibernate.loader.plan.build.internal.spaces.EntityQuerySpaceImpl@27509e78]
14:11:15.963 [Test worker] DEBUG o.h.l.p.b.i.FetchStyleLoadPlanBuildingAssociationVisitationStrategy - Building LoadPlan...
14:11:15.963 [Test worker] DEBUG o.h.l.p.e.i.LoadQueryJoinAndFetchProcessor - processing queryspace <gen:0>
14:11:15.963 [Test worker] DEBUG o.h.l.p.b.spi.LoadPlanTreePrinter - LoadPlan(entity=org.project.neutrino.nfvo.catalogue.mano.common.NFVEntityDescriptor)
    - Returns
       - EntityReturnImpl(entity=org.project.neutrino.nfvo.catalogue.mano.common.NFVEntityDescriptor, querySpaceUid=<gen:0>, path=org.project.neutrino.nfvo.catalogue.mano.common.NFVEntityDescriptor)
          - CollectionAttributeFetchImpl(collection=org.project.neutrino.nfvo.catalogue.mano.common.NFVEntityDescriptor.monitoring_parameter, querySpaceUid=<gen:1>, path=org.project.neutrino.nfvo.catalogue.mano.common.NFVEntityDescriptor.monitoring_parameter)
          - CollectionAttributeFetchImpl(collection=org.project.neutrino.nfvo.catalogue.mano.descriptor.VirtualNetworkFunctionDescriptor.deployment_flavour, querySpaceUid=<gen:2>, path=org.project.neutrino.nfvo.catalogue.mano.common.NFVEntityDescriptor.deployment_flavour)
             - (collection element) CollectionFetchableElementEntityGraph(entity=org.project.neutrino.nfvo.catalogue.mano.descriptor.VNFDDeploymentFlavour, querySpaceUid=<gen:3>, path=org.project.neutrino.nfvo.catalogue.mano.common.NFVEntityDescriptor.deployment_flavour.<elements>)
          - EntityAttributeFetchImpl(entity=org.project.neutrino.nfvo.catalogue.mano.common.Security, querySpaceUid=<gen:4>, path=org.project.neutrino.nfvo.catalogue.mano.common.NFVEntityDescriptor.nsd_security)
          - CollectionAttributeFetchImpl(collection=org.project.neutrino.nfvo.catalogue.mano.descriptor.NetworkServiceDescriptor.vnf_dependency, querySpaceUid=<gen:5>, path=org.project.neutrino.nfvo.catalogue.mano.common.NFVEntityDescriptor.vnf_dependency)
             - (collection element) CollectionFetchableElementEntityGraph(entity=org.project.neutrino.nfvo.catalogue.mano.common.VNFDependency, querySpaceUid=<gen:6>, path=org.project.neutrino.nfvo.catalogue.mano.common.NFVEntityDescriptor.vnf_dependency.<elements>)
          - CollectionAttributeFetchImpl(collection=org.project.neutrino.nfvo.catalogue.mano.descriptor.NetworkServiceDescriptor.vnfd, querySpaceUid=<gen:7>, path=org.project.neutrino.nfvo.catalogue.mano.common.NFVEntityDescriptor.vnfd)
             - (collection element) CollectionFetchableElementEntityGraph(entity=org.project.neutrino.nfvo.catalogue.mano.descriptor.VirtualNetworkFunctionDescriptor, querySpaceUid=<gen:8>, path=org.project.neutrino.nfvo.catalogue.mano.common.NFVEntityDescriptor.vnfd.<elements>)
    - QuerySpaces
       - EntityQuerySpaceImpl(uid=<gen:0>, entity=org.project.neutrino.nfvo.catalogue.mano.common.NFVEntityDescriptor)
          - SQL table alias mapping - nfventityd0_
          - alias suffix - 0_
          - suffixed key columns - {id1_27_0_}

14:11:15.963 [Test worker] DEBUG o.h.loader.entity.plan.EntityLoader - Static select for entity org.project.neutrino.nfvo.catalogue.mano.common.NFVEntityDescriptor [PESSIMISTIC_WRITE]: select nfventityd0_.id as id1_27_0_, nfventityd0_.hb_version as hb_versi2_27_0_, nfventityd0_.vendor as vendor3_27_0_, nfventityd0_.version as version4_27_0_, nfventityd0_.descriptor_version as descript1_62_0_, nfventityd0_.manifest_file as manifest2_62_0_, nfventityd0_.nsd_security_id as nsd_secu1_14_0_, nfventityd0_.clazz_ as clazz_0_ from ( select id, hb_version, vendor, version, descriptor_version, manifest_file, null as nsd_security_id, 1 as clazz_ from virtual_network_function_descriptor union select id, hb_version, vendor, version, null as descriptor_version, null as manifest_file, nsd_security_id, 2 as clazz_ from network_service_descriptor ) nfventityd0_ where nfventityd0_.id=? for update
14:11:15.963 [Test worker] DEBUG o.h.l.p.b.i.spaces.QuerySpacesImpl - Adding QuerySpace : uid = <gen:0> -> org.hibernate.loader.plan.build.internal.spaces.EntityQuerySpaceImpl@1dd3ec72]
14:11:15.963 [Test worker] DEBUG o.h.p.w.spi.MetamodelGraphWalker - Visiting attribute path : auto_scale_policy
14:11:15.963 [Test worker] DEBUG o.h.p.w.spi.MetamodelGraphWalker - Visiting attribute path : connection_point
14:11:15.963 [Test worker] DEBUG o.h.p.w.spi.MetamodelGraphWalker - Visiting attribute path : hb_version
14:11:15.964 [Test worker] DEBUG o.h.p.w.spi.MetamodelGraphWalker - Visiting attribute path : lifecycle_event
14:11:15.964 [Test worker] DEBUG o.h.p.w.spi.MetamodelGraphWalker - Visiting attribute path : monitoring_parameter
14:11:15.964 [Test worker] DEBUG o.h.l.p.b.i.spaces.QuerySpacesImpl - Adding QuerySpace : uid = <gen:1> -> org.hibernate.loader.plan.build.internal.spaces.CollectionQuerySpaceImpl@634bd4eb]
14:11:15.964 [Test worker] DEBUG o.h.p.w.spi.MetamodelGraphWalker - Visiting attribute path : service_deployment_flavour
14:11:15.964 [Test worker] DEBUG o.h.p.w.spi.MetamodelGraphWalker - Visiting attribute path : vendor
14:11:15.964 [Test worker] DEBUG o.h.p.w.spi.MetamodelGraphWalker - Visiting attribute path : version
14:11:15.964 [Test worker] DEBUG o.h.p.w.spi.MetamodelGraphWalker - Visiting attribute path : vld
14:11:15.964 [Test worker] DEBUG o.h.p.w.spi.MetamodelGraphWalker - Visiting attribute path : vnffgd
14:11:15.964 [Test worker] DEBUG o.h.p.w.spi.MetamodelGraphWalker - Visiting attribute path : deployment_flavour
14:11:15.964 [Test worker] DEBUG o.h.l.p.b.i.spaces.QuerySpacesImpl - Adding QuerySpace : uid = <gen:2> -> org.hibernate.loader.plan.build.internal.spaces.CollectionQuerySpaceImpl@787c33b]
14:11:15.964 [Test worker] DEBUG o.h.l.p.b.i.spaces.QuerySpacesImpl - Adding QuerySpace : uid = <gen:3> -> org.hibernate.loader.plan.build.internal.spaces.EntityQuerySpaceImpl@62225a59]
14:11:15.964 [Test worker] DEBUG o.h.p.w.spi.MetamodelGraphWalker - Visiting attribute path : descriptor_version
14:11:15.964 [Test worker] DEBUG o.h.p.w.spi.MetamodelGraphWalker - Visiting attribute path : manifest_file
14:11:15.964 [Test worker] DEBUG o.h.p.w.spi.MetamodelGraphWalker - Visiting attribute path : manifest_file_security
14:11:15.964 [Test worker] DEBUG o.h.p.w.spi.MetamodelGraphWalker - Visiting attribute path : vdu
14:11:15.964 [Test worker] DEBUG o.h.p.w.spi.MetamodelGraphWalker - Visiting attribute path : vdu_dependency
14:11:15.964 [Test worker] DEBUG o.h.p.w.spi.MetamodelGraphWalker - Visiting attribute path : virtual_link
14:11:15.964 [Test worker] DEBUG o.h.p.w.spi.MetamodelGraphWalker - Visiting attribute path : nsd_security
14:11:15.964 [Test worker] DEBUG o.h.l.p.b.i.spaces.QuerySpacesImpl - Adding QuerySpace : uid = <gen:4> -> org.hibernate.loader.plan.build.internal.spaces.EntityQuerySpaceImpl@3d59bb64]
14:11:15.964 [Test worker] DEBUG o.h.p.w.spi.MetamodelGraphWalker - Visiting attribute path : pnfd
14:11:15.964 [Test worker] DEBUG o.h.p.w.spi.MetamodelGraphWalker - Visiting attribute path : vnf_dependency
14:11:15.964 [Test worker] DEBUG o.h.l.p.b.i.spaces.QuerySpacesImpl - Adding QuerySpace : uid = <gen:5> -> org.hibernate.loader.plan.build.internal.spaces.CollectionQuerySpaceImpl@4e1dc1b3]
14:11:15.964 [Test worker] DEBUG o.h.l.p.b.i.spaces.QuerySpacesImpl - Adding QuerySpace : uid = <gen:6> -> org.hibernate.loader.plan.build.internal.spaces.EntityQuerySpaceImpl@397f6d6]
14:11:15.964 [Test worker] DEBUG o.h.p.w.spi.MetamodelGraphWalker - Visiting attribute path : vnfd
14:11:15.964 [Test worker] DEBUG o.h.l.p.b.i.spaces.QuerySpacesImpl - Adding QuerySpace : uid = <gen:7> -> org.hibernate.loader.plan.build.internal.spaces.CollectionQuerySpaceImpl@6dce5d71]
14:11:15.964 [Test worker] DEBUG o.h.l.p.b.i.spaces.QuerySpacesImpl - Adding QuerySpace : uid = <gen:8> -> org.hibernate.loader.plan.build.internal.spaces.EntityQuerySpaceImpl@758de09]
14:11:15.964 [Test worker] DEBUG o.h.l.p.b.i.FetchStyleLoadPlanBuildingAssociationVisitationStrategy - Building LoadPlan...
14:11:15.965 [Test worker] DEBUG o.h.l.p.e.i.LoadQueryJoinAndFetchProcessor - processing queryspace <gen:0>
14:11:15.965 [Test worker] DEBUG o.h.l.p.b.spi.LoadPlanTreePrinter - LoadPlan(entity=org.project.neutrino.nfvo.catalogue.mano.common.NFVEntityDescriptor)
    - Returns
       - EntityReturnImpl(entity=org.project.neutrino.nfvo.catalogue.mano.common.NFVEntityDescriptor, querySpaceUid=<gen:0>, path=org.project.neutrino.nfvo.catalogue.mano.common.NFVEntityDescriptor)
          - CollectionAttributeFetchImpl(collection=org.project.neutrino.nfvo.catalogue.mano.common.NFVEntityDescriptor.monitoring_parameter, querySpaceUid=<gen:1>, path=org.project.neutrino.nfvo.catalogue.mano.common.NFVEntityDescriptor.monitoring_parameter)
          - CollectionAttributeFetchImpl(collection=org.project.neutrino.nfvo.catalogue.mano.descriptor.VirtualNetworkFunctionDescriptor.deployment_flavour, querySpaceUid=<gen:2>, path=org.project.neutrino.nfvo.catalogue.mano.common.NFVEntityDescriptor.deployment_flavour)
             - (collection element) CollectionFetchableElementEntityGraph(entity=org.project.neutrino.nfvo.catalogue.mano.descriptor.VNFDDeploymentFlavour, querySpaceUid=<gen:3>, path=org.project.neutrino.nfvo.catalogue.mano.common.NFVEntityDescriptor.deployment_flavour.<elements>)
          - EntityAttributeFetchImpl(entity=org.project.neutrino.nfvo.catalogue.mano.common.Security, querySpaceUid=<gen:4>, path=org.project.neutrino.nfvo.catalogue.mano.common.NFVEntityDescriptor.nsd_security)
          - CollectionAttributeFetchImpl(collection=org.project.neutrino.nfvo.catalogue.mano.descriptor.NetworkServiceDescriptor.vnf_dependency, querySpaceUid=<gen:5>, path=org.project.neutrino.nfvo.catalogue.mano.common.NFVEntityDescriptor.vnf_dependency)
             - (collection element) CollectionFetchableElementEntityGraph(entity=org.project.neutrino.nfvo.catalogue.mano.common.VNFDependency, querySpaceUid=<gen:6>, path=org.project.neutrino.nfvo.catalogue.mano.common.NFVEntityDescriptor.vnf_dependency.<elements>)
          - CollectionAttributeFetchImpl(collection=org.project.neutrino.nfvo.catalogue.mano.descriptor.NetworkServiceDescriptor.vnfd, querySpaceUid=<gen:7>, path=org.project.neutrino.nfvo.catalogue.mano.common.NFVEntityDescriptor.vnfd)
             - (collection element) CollectionFetchableElementEntityGraph(entity=org.project.neutrino.nfvo.catalogue.mano.descriptor.VirtualNetworkFunctionDescriptor, querySpaceUid=<gen:8>, path=org.project.neutrino.nfvo.catalogue.mano.common.NFVEntityDescriptor.vnfd.<elements>)
    - QuerySpaces
       - EntityQuerySpaceImpl(uid=<gen:0>, entity=org.project.neutrino.nfvo.catalogue.mano.common.NFVEntityDescriptor)
          - SQL table alias mapping - nfventityd0_
          - alias suffix - 0_
          - suffixed key columns - {id1_27_0_}

14:11:15.965 [Test worker] DEBUG o.h.loader.entity.plan.EntityLoader - Static select for entity org.project.neutrino.nfvo.catalogue.mano.common.NFVEntityDescriptor [PESSIMISTIC_FORCE_INCREMENT]: select nfventityd0_.id as id1_27_0_, nfventityd0_.hb_version as hb_versi2_27_0_, nfventityd0_.vendor as vendor3_27_0_, nfventityd0_.version as version4_27_0_, nfventityd0_.descriptor_version as descript1_62_0_, nfventityd0_.manifest_file as manifest2_62_0_, nfventityd0_.nsd_security_id as nsd_secu1_14_0_, nfventityd0_.clazz_ as clazz_0_ from ( select id, hb_version, vendor, version, descriptor_version, manifest_file, null as nsd_security_id, 1 as clazz_ from virtual_network_function_descriptor union select id, hb_version, vendor, version, null as descriptor_version, null as manifest_file, nsd_security_id, 2 as clazz_ from network_service_descriptor ) nfventityd0_ where nfventityd0_.id=? for update
14:11:15.965 [Test worker] DEBUG o.h.l.p.b.i.spaces.QuerySpacesImpl - Adding QuerySpace : uid = <gen:0> -> org.hibernate.loader.plan.build.internal.spaces.EntityQuerySpaceImpl@5b5924a3]
14:11:15.965 [Test worker] DEBUG o.h.p.w.spi.MetamodelGraphWalker - Visiting attribute path : auto_scale_policy
14:11:15.965 [Test worker] DEBUG o.h.p.w.spi.MetamodelGraphWalker - Visiting attribute path : connection_point
14:11:15.965 [Test worker] DEBUG o.h.p.w.spi.MetamodelGraphWalker - Visiting attribute path : hb_version
14:11:15.965 [Test worker] DEBUG o.h.p.w.spi.MetamodelGraphWalker - Visiting attribute path : lifecycle_event
14:11:15.965 [Test worker] DEBUG o.h.p.w.spi.MetamodelGraphWalker - Visiting attribute path : monitoring_parameter
14:11:15.965 [Test worker] DEBUG o.h.l.p.b.i.spaces.QuerySpacesImpl - Adding QuerySpace : uid = <gen:1> -> org.hibernate.loader.plan.build.internal.spaces.CollectionQuerySpaceImpl@d7e7321]
14:11:15.965 [Test worker] DEBUG o.h.p.w.spi.MetamodelGraphWalker - Visiting attribute path : service_deployment_flavour
14:11:15.965 [Test worker] DEBUG o.h.p.w.spi.MetamodelGraphWalker - Visiting attribute path : vendor
14:11:15.965 [Test worker] DEBUG o.h.p.w.spi.MetamodelGraphWalker - Visiting attribute path : version
14:11:15.965 [Test worker] DEBUG o.h.p.w.spi.MetamodelGraphWalker - Visiting attribute path : vld
14:11:15.965 [Test worker] DEBUG o.h.p.w.spi.MetamodelGraphWalker - Visiting attribute path : vnffgd
14:11:15.965 [Test worker] DEBUG o.h.p.w.spi.MetamodelGraphWalker - Visiting attribute path : deployment_flavour
14:11:15.966 [Test worker] DEBUG o.h.l.p.b.i.spaces.QuerySpacesImpl - Adding QuerySpace : uid = <gen:2> -> org.hibernate.loader.plan.build.internal.spaces.CollectionQuerySpaceImpl@68b88272]
14:11:15.966 [Test worker] DEBUG o.h.l.p.b.i.spaces.QuerySpacesImpl - Adding QuerySpace : uid = <gen:3> -> org.hibernate.loader.plan.build.internal.spaces.EntityQuerySpaceImpl@297c4014]
14:11:15.966 [Test worker] DEBUG o.h.p.w.spi.MetamodelGraphWalker - Visiting attribute path : descriptor_version
14:11:15.966 [Test worker] DEBUG o.h.p.w.spi.MetamodelGraphWalker - Visiting attribute path : manifest_file
14:11:15.966 [Test worker] DEBUG o.h.p.w.spi.MetamodelGraphWalker - Visiting attribute path : manifest_file_security
14:11:15.966 [Test worker] DEBUG o.h.p.w.spi.MetamodelGraphWalker - Visiting attribute path : vdu
14:11:15.966 [Test worker] DEBUG o.h.p.w.spi.MetamodelGraphWalker - Visiting attribute path : vdu_dependency
14:11:15.966 [Test worker] DEBUG o.h.p.w.spi.MetamodelGraphWalker - Visiting attribute path : virtual_link
14:11:15.966 [Test worker] DEBUG o.h.p.w.spi.MetamodelGraphWalker - Visiting attribute path : nsd_security
14:11:15.966 [Test worker] DEBUG o.h.l.p.b.i.spaces.QuerySpacesImpl - Adding QuerySpace : uid = <gen:4> -> org.hibernate.loader.plan.build.internal.spaces.EntityQuerySpaceImpl@1c52f653]
14:11:15.966 [Test worker] DEBUG o.h.p.w.spi.MetamodelGraphWalker - Visiting attribute path : pnfd
14:11:15.966 [Test worker] DEBUG o.h.p.w.spi.MetamodelGraphWalker - Visiting attribute path : vnf_dependency
14:11:15.966 [Test worker] DEBUG o.h.l.p.b.i.spaces.QuerySpacesImpl - Adding QuerySpace : uid = <gen:5> -> org.hibernate.loader.plan.build.internal.spaces.CollectionQuerySpaceImpl@aa9d1ac]
14:11:15.966 [Test worker] DEBUG o.h.l.p.b.i.spaces.QuerySpacesImpl - Adding QuerySpace : uid = <gen:6> -> org.hibernate.loader.plan.build.internal.spaces.EntityQuerySpaceImpl@130478ac]
14:11:15.966 [Test worker] DEBUG o.h.p.w.spi.MetamodelGraphWalker - Visiting attribute path : vnfd
14:11:15.966 [Test worker] DEBUG o.h.l.p.b.i.spaces.QuerySpacesImpl - Adding QuerySpace : uid = <gen:7> -> org.hibernate.loader.plan.build.internal.spaces.CollectionQuerySpaceImpl@a8e6df5]
14:11:15.966 [Test worker] DEBUG o.h.l.p.b.i.spaces.QuerySpacesImpl - Adding QuerySpace : uid = <gen:8> -> org.hibernate.loader.plan.build.internal.spaces.EntityQuerySpaceImpl@cd4f53d]
14:11:15.966 [Test worker] DEBUG o.h.l.p.b.i.FetchStyleLoadPlanBuildingAssociationVisitationStrategy - Building LoadPlan...
14:11:15.966 [Test worker] DEBUG o.h.l.p.e.i.LoadQueryJoinAndFetchProcessor - processing queryspace <gen:0>
14:11:15.967 [Test worker] DEBUG o.h.l.p.b.spi.LoadPlanTreePrinter - LoadPlan(entity=org.project.neutrino.nfvo.catalogue.mano.common.NFVEntityDescriptor)
    - Returns
       - EntityReturnImpl(entity=org.project.neutrino.nfvo.catalogue.mano.common.NFVEntityDescriptor, querySpaceUid=<gen:0>, path=org.project.neutrino.nfvo.catalogue.mano.common.NFVEntityDescriptor)
          - CollectionAttributeFetchImpl(collection=org.project.neutrino.nfvo.catalogue.mano.common.NFVEntityDescriptor.monitoring_parameter, querySpaceUid=<gen:1>, path=org.project.neutrino.nfvo.catalogue.mano.common.NFVEntityDescriptor.monitoring_parameter)
          - CollectionAttributeFetchImpl(collection=org.project.neutrino.nfvo.catalogue.mano.descriptor.VirtualNetworkFunctionDescriptor.deployment_flavour, querySpaceUid=<gen:2>, path=org.project.neutrino.nfvo.catalogue.mano.common.NFVEntityDescriptor.deployment_flavour)
             - (collection element) CollectionFetchableElementEntityGraph(entity=org.project.neutrino.nfvo.catalogue.mano.descriptor.VNFDDeploymentFlavour, querySpaceUid=<gen:3>, path=org.project.neutrino.nfvo.catalogue.mano.common.NFVEntityDescriptor.deployment_flavour.<elements>)
          - EntityAttributeFetchImpl(entity=org.project.neutrino.nfvo.catalogue.mano.common.Security, querySpaceUid=<gen:4>, path=org.project.neutrino.nfvo.catalogue.mano.common.NFVEntityDescriptor.nsd_security)
          - CollectionAttributeFetchImpl(collection=org.project.neutrino.nfvo.catalogue.mano.descriptor.NetworkServiceDescriptor.vnf_dependency, querySpaceUid=<gen:5>, path=org.project.neutrino.nfvo.catalogue.mano.common.NFVEntityDescriptor.vnf_dependency)
             - (collection element) CollectionFetchableElementEntityGraph(entity=org.project.neutrino.nfvo.catalogue.mano.common.VNFDependency, querySpaceUid=<gen:6>, path=org.project.neutrino.nfvo.catalogue.mano.common.NFVEntityDescriptor.vnf_dependency.<elements>)
          - CollectionAttributeFetchImpl(collection=org.project.neutrino.nfvo.catalogue.mano.descriptor.NetworkServiceDescriptor.vnfd, querySpaceUid=<gen:7>, path=org.project.neutrino.nfvo.catalogue.mano.common.NFVEntityDescriptor.vnfd)
             - (collection element) CollectionFetchableElementEntityGraph(entity=org.project.neutrino.nfvo.catalogue.mano.descriptor.VirtualNetworkFunctionDescriptor, querySpaceUid=<gen:8>, path=org.project.neutrino.nfvo.catalogue.mano.common.NFVEntityDescriptor.vnfd.<elements>)
    - QuerySpaces
       - EntityQuerySpaceImpl(uid=<gen:0>, entity=org.project.neutrino.nfvo.catalogue.mano.common.NFVEntityDescriptor)
          - SQL table alias mapping - nfventityd0_
          - alias suffix - 0_
          - suffixed key columns - {id1_27_0_}

14:11:15.967 [Test worker] DEBUG o.h.loader.entity.plan.EntityLoader - Static select for entity org.project.neutrino.nfvo.catalogue.mano.common.NFVEntityDescriptor [OPTIMISTIC]: select nfventityd0_.id as id1_27_0_, nfventityd0_.hb_version as hb_versi2_27_0_, nfventityd0_.vendor as vendor3_27_0_, nfventityd0_.version as version4_27_0_, nfventityd0_.descriptor_version as descript1_62_0_, nfventityd0_.manifest_file as manifest2_62_0_, nfventityd0_.nsd_security_id as nsd_secu1_14_0_, nfventityd0_.clazz_ as clazz_0_ from ( select id, hb_version, vendor, version, descriptor_version, manifest_file, null as nsd_security_id, 1 as clazz_ from virtual_network_function_descriptor union select id, hb_version, vendor, version, null as descriptor_version, null as manifest_file, nsd_security_id, 2 as clazz_ from network_service_descriptor ) nfventityd0_ where nfventityd0_.id=?
14:11:15.967 [Test worker] DEBUG o.h.l.p.b.i.spaces.QuerySpacesImpl - Adding QuerySpace : uid = <gen:0> -> org.hibernate.loader.plan.build.internal.spaces.EntityQuerySpaceImpl@71307e5f]
14:11:15.967 [Test worker] DEBUG o.h.p.w.spi.MetamodelGraphWalker - Visiting attribute path : auto_scale_policy
14:11:15.967 [Test worker] DEBUG o.h.p.w.spi.MetamodelGraphWalker - Visiting attribute path : connection_point
14:11:15.967 [Test worker] DEBUG o.h.p.w.spi.MetamodelGraphWalker - Visiting attribute path : hb_version
14:11:15.967 [Test worker] DEBUG o.h.p.w.spi.MetamodelGraphWalker - Visiting attribute path : lifecycle_event
14:11:15.967 [Test worker] DEBUG o.h.p.w.spi.MetamodelGraphWalker - Visiting attribute path : monitoring_parameter
14:11:15.967 [Test worker] DEBUG o.h.l.p.b.i.spaces.QuerySpacesImpl - Adding QuerySpace : uid = <gen:1> -> org.hibernate.loader.plan.build.internal.spaces.CollectionQuerySpaceImpl@2d95fe6d]
14:11:15.967 [Test worker] DEBUG o.h.p.w.spi.MetamodelGraphWalker - Visiting attribute path : service_deployment_flavour
14:11:15.967 [Test worker] DEBUG o.h.p.w.spi.MetamodelGraphWalker - Visiting attribute path : vendor
14:11:15.967 [Test worker] DEBUG o.h.p.w.spi.MetamodelGraphWalker - Visiting attribute path : version
14:11:15.967 [Test worker] DEBUG o.h.p.w.spi.MetamodelGraphWalker - Visiting attribute path : vld
14:11:15.967 [Test worker] DEBUG o.h.p.w.spi.MetamodelGraphWalker - Visiting attribute path : vnffgd
14:11:15.967 [Test worker] DEBUG o.h.p.w.spi.MetamodelGraphWalker - Visiting attribute path : deployment_flavour
14:11:15.967 [Test worker] DEBUG o.h.l.p.b.i.spaces.QuerySpacesImpl - Adding QuerySpace : uid = <gen:2> -> org.hibernate.loader.plan.build.internal.spaces.CollectionQuerySpaceImpl@5272bd7c]
14:11:15.967 [Test worker] DEBUG o.h.l.p.b.i.spaces.QuerySpacesImpl - Adding QuerySpace : uid = <gen:3> -> org.hibernate.loader.plan.build.internal.spaces.EntityQuerySpaceImpl@6af6422d]
14:11:15.967 [Test worker] DEBUG o.h.p.w.spi.MetamodelGraphWalker - Visiting attribute path : descriptor_version
14:11:15.967 [Test worker] DEBUG o.h.p.w.spi.MetamodelGraphWalker - Visiting attribute path : manifest_file
14:11:15.967 [Test worker] DEBUG o.h.p.w.spi.MetamodelGraphWalker - Visiting attribute path : manifest_file_security
14:11:15.967 [Test worker] DEBUG o.h.p.w.spi.MetamodelGraphWalker - Visiting attribute path : vdu
14:11:15.967 [Test worker] DEBUG o.h.p.w.spi.MetamodelGraphWalker - Visiting attribute path : vdu_dependency
14:11:15.967 [Test worker] DEBUG o.h.p.w.spi.MetamodelGraphWalker - Visiting attribute path : virtual_link
14:11:15.967 [Test worker] DEBUG o.h.p.w.spi.MetamodelGraphWalker - Visiting attribute path : nsd_security
14:11:15.967 [Test worker] DEBUG o.h.l.p.b.i.spaces.QuerySpacesImpl - Adding QuerySpace : uid = <gen:4> -> org.hibernate.loader.plan.build.internal.spaces.EntityQuerySpaceImpl@4d72cf37]
14:11:15.967 [Test worker] DEBUG o.h.p.w.spi.MetamodelGraphWalker - Visiting attribute path : pnfd
14:11:15.968 [Test worker] DEBUG o.h.p.w.spi.MetamodelGraphWalker - Visiting attribute path : vnf_dependency
14:11:15.968 [Test worker] DEBUG o.h.l.p.b.i.spaces.QuerySpacesImpl - Adding QuerySpace : uid = <gen:5> -> org.hibernate.loader.plan.build.internal.spaces.CollectionQuerySpaceImpl@2c824b9a]
14:11:15.968 [Test worker] DEBUG o.h.l.p.b.i.spaces.QuerySpacesImpl - Adding QuerySpace : uid = <gen:6> -> org.hibernate.loader.plan.build.internal.spaces.EntityQuerySpaceImpl@1e31824a]
14:11:15.968 [Test worker] DEBUG o.h.p.w.spi.MetamodelGraphWalker - Visiting attribute path : vnfd
14:11:15.968 [Test worker] DEBUG o.h.l.p.b.i.spaces.QuerySpacesImpl - Adding QuerySpace : uid = <gen:7> -> org.hibernate.loader.plan.build.internal.spaces.CollectionQuerySpaceImpl@4460d7c2]
14:11:15.968 [Test worker] DEBUG o.h.l.p.b.i.spaces.QuerySpacesImpl - Adding QuerySpace : uid = <gen:8> -> org.hibernate.loader.plan.build.internal.spaces.EntityQuerySpaceImpl@31f524a0]
14:11:15.968 [Test worker] DEBUG o.h.l.p.b.i.FetchStyleLoadPlanBuildingAssociationVisitationStrategy - Building LoadPlan...
14:11:15.968 [Test worker] DEBUG o.h.l.p.e.i.LoadQueryJoinAndFetchProcessor - processing queryspace <gen:0>
14:11:15.969 [Test worker] DEBUG o.h.l.p.b.spi.LoadPlanTreePrinter - LoadPlan(entity=org.project.neutrino.nfvo.catalogue.mano.common.NFVEntityDescriptor)
    - Returns
       - EntityReturnImpl(entity=org.project.neutrino.nfvo.catalogue.mano.common.NFVEntityDescriptor, querySpaceUid=<gen:0>, path=org.project.neutrino.nfvo.catalogue.mano.common.NFVEntityDescriptor)
          - CollectionAttributeFetchImpl(collection=org.project.neutrino.nfvo.catalogue.mano.common.NFVEntityDescriptor.monitoring_parameter, querySpaceUid=<gen:1>, path=org.project.neutrino.nfvo.catalogue.mano.common.NFVEntityDescriptor.monitoring_parameter)
          - CollectionAttributeFetchImpl(collection=org.project.neutrino.nfvo.catalogue.mano.descriptor.VirtualNetworkFunctionDescriptor.deployment_flavour, querySpaceUid=<gen:2>, path=org.project.neutrino.nfvo.catalogue.mano.common.NFVEntityDescriptor.deployment_flavour)
             - (collection element) CollectionFetchableElementEntityGraph(entity=org.project.neutrino.nfvo.catalogue.mano.descriptor.VNFDDeploymentFlavour, querySpaceUid=<gen:3>, path=org.project.neutrino.nfvo.catalogue.mano.common.NFVEntityDescriptor.deployment_flavour.<elements>)
          - EntityAttributeFetchImpl(entity=org.project.neutrino.nfvo.catalogue.mano.common.Security, querySpaceUid=<gen:4>, path=org.project.neutrino.nfvo.catalogue.mano.common.NFVEntityDescriptor.nsd_security)
          - CollectionAttributeFetchImpl(collection=org.project.neutrino.nfvo.catalogue.mano.descriptor.NetworkServiceDescriptor.vnf_dependency, querySpaceUid=<gen:5>, path=org.project.neutrino.nfvo.catalogue.mano.common.NFVEntityDescriptor.vnf_dependency)
             - (collection element) CollectionFetchableElementEntityGraph(entity=org.project.neutrino.nfvo.catalogue.mano.common.VNFDependency, querySpaceUid=<gen:6>, path=org.project.neutrino.nfvo.catalogue.mano.common.NFVEntityDescriptor.vnf_dependency.<elements>)
          - CollectionAttributeFetchImpl(collection=org.project.neutrino.nfvo.catalogue.mano.descriptor.NetworkServiceDescriptor.vnfd, querySpaceUid=<gen:7>, path=org.project.neutrino.nfvo.catalogue.mano.common.NFVEntityDescriptor.vnfd)
             - (collection element) CollectionFetchableElementEntityGraph(entity=org.project.neutrino.nfvo.catalogue.mano.descriptor.VirtualNetworkFunctionDescriptor, querySpaceUid=<gen:8>, path=org.project.neutrino.nfvo.catalogue.mano.common.NFVEntityDescriptor.vnfd.<elements>)
    - QuerySpaces
       - EntityQuerySpaceImpl(uid=<gen:0>, entity=org.project.neutrino.nfvo.catalogue.mano.common.NFVEntityDescriptor)
          - SQL table alias mapping - nfventityd0_
          - alias suffix - 0_
          - suffixed key columns - {id1_27_0_}

14:11:15.970 [Test worker] DEBUG o.h.loader.entity.plan.EntityLoader - Static select for entity org.project.neutrino.nfvo.catalogue.mano.common.NFVEntityDescriptor [OPTIMISTIC_FORCE_INCREMENT]: select nfventityd0_.id as id1_27_0_, nfventityd0_.hb_version as hb_versi2_27_0_, nfventityd0_.vendor as vendor3_27_0_, nfventityd0_.version as version4_27_0_, nfventityd0_.descriptor_version as descript1_62_0_, nfventityd0_.manifest_file as manifest2_62_0_, nfventityd0_.nsd_security_id as nsd_secu1_14_0_, nfventityd0_.clazz_ as clazz_0_ from ( select id, hb_version, vendor, version, descriptor_version, manifest_file, null as nsd_security_id, 1 as clazz_ from virtual_network_function_descriptor union select id, hb_version, vendor, version, null as descriptor_version, null as manifest_file, nsd_security_id, 2 as clazz_ from network_service_descriptor ) nfventityd0_ where nfventityd0_.id=?
14:11:15.970 [Test worker] DEBUG org.hibernate.loader.Loader - Static select for action ACTION_MERGE on entity org.project.neutrino.nfvo.catalogue.mano.common.NFVEntityDescriptor: select nfventityd0_.id as id1_27_2_, nfventityd0_.hb_version as hb_versi2_27_2_, nfventityd0_.vendor as vendor3_27_2_, nfventityd0_.version as version4_27_2_, nfventityd0_.descriptor_version as descript1_62_2_, nfventityd0_.manifest_file as manifest2_62_2_, nfventityd0_.nsd_security_id as nsd_secu1_14_2_, nfventityd0_.clazz_ as clazz_2_, auto_scale1_.nfventity_descriptor_Id as nfventit1_27_4_, autoscalep2_.id as auto_sca2_28_4_, autoscalep2_.id as id1_3_0_, autoscalep2_.version as version2_3_0_, security3_.id as id1_43_1_, security3_.version as version2_43_1_ from ( select id, hb_version, vendor, version, descriptor_version, manifest_file, null as nsd_security_id, 1 as clazz_ from virtual_network_function_descriptor union select id, hb_version, vendor, version, null as descriptor_version, null as manifest_file, nsd_security_id, 2 as clazz_ from network_service_descriptor ) nfventityd0_ left outer join nfventity_descriptor_auto_scale_policy auto_scale1_ on nfventityd0_.id=auto_scale1_.nfventity_descriptor_Id left outer join auto_scale_policy autoscalep2_ on auto_scale1_.auto_scale_policy_id=autoscalep2_.id left outer join security security3_ on nfventityd0_.nsd_security_id=security3_.id where nfventityd0_.id=?
14:11:15.971 [Test worker] DEBUG org.hibernate.loader.Loader - Static select for action ACTION_REFRESH on entity org.project.neutrino.nfvo.catalogue.mano.common.NFVEntityDescriptor: select nfventityd0_.id as id1_27_2_, nfventityd0_.hb_version as hb_versi2_27_2_, nfventityd0_.vendor as vendor3_27_2_, nfventityd0_.version as version4_27_2_, nfventityd0_.descriptor_version as descript1_62_2_, nfventityd0_.manifest_file as manifest2_62_2_, nfventityd0_.nsd_security_id as nsd_secu1_14_2_, nfventityd0_.clazz_ as clazz_2_, auto_scale1_.nfventity_descriptor_Id as nfventit1_27_4_, autoscalep2_.id as auto_sca2_28_4_, autoscalep2_.id as id1_3_0_, autoscalep2_.version as version2_3_0_, security3_.id as id1_43_1_, security3_.version as version2_43_1_ from ( select id, hb_version, vendor, version, descriptor_version, manifest_file, null as nsd_security_id, 1 as clazz_ from virtual_network_function_descriptor union select id, hb_version, vendor, version, null as descriptor_version, null as manifest_file, nsd_security_id, 2 as clazz_ from network_service_descriptor ) nfventityd0_ left outer join nfventity_descriptor_auto_scale_policy auto_scale1_ on nfventityd0_.id=auto_scale1_.nfventity_descriptor_Id left outer join auto_scale_policy autoscalep2_ on auto_scale1_.auto_scale_policy_id=autoscalep2_.id left outer join security security3_ on nfventityd0_.nsd_security_id=security3_.id where nfventityd0_.id=?
14:11:15.971 [Test worker] DEBUG o.h.p.entity.AbstractEntityPersister - Static SQL for entity: org.project.neutrino.nfvo.catalogue.mano.descriptor.VDUDependency
14:11:15.971 [Test worker] DEBUG o.h.p.entity.AbstractEntityPersister -  Version select: select version from vdudependency where id =?
14:11:15.971 [Test worker] DEBUG o.h.p.entity.AbstractEntityPersister -  Snapshot select: select vdudepende_.id, vdudepende_.source_id as source_i3_46_, vdudepende_.target_id as target_i4_46_, vdudepende_.version as version2_46_ from vdudependency vdudepende_ where vdudepende_.id=?
14:11:15.971 [Test worker] DEBUG o.h.p.entity.AbstractEntityPersister -  Insert 0: insert into vdudependency (source_id, target_id, version, id) values (?, ?, ?, ?)
14:11:15.971 [Test worker] DEBUG o.h.p.entity.AbstractEntityPersister -  Update 0: update vdudependency set source_id=?, target_id=?, version=? where id=? and version=?
14:11:15.971 [Test worker] DEBUG o.h.p.entity.AbstractEntityPersister -  Delete 0: delete from vdudependency where id=? and version=?
14:11:15.971 [Test worker] DEBUG o.h.l.p.b.i.spaces.QuerySpacesImpl - Adding QuerySpace : uid = <gen:0> -> org.hibernate.loader.plan.build.internal.spaces.EntityQuerySpaceImpl@55379dff]
14:11:15.971 [Test worker] DEBUG o.h.p.w.spi.MetamodelGraphWalker - Visiting attribute path : source
14:11:15.971 [Test worker] DEBUG o.h.l.p.b.i.spaces.QuerySpacesImpl - Adding QuerySpace : uid = <gen:1> -> org.hibernate.loader.plan.build.internal.spaces.EntityQuerySpaceImpl@61871708]
14:11:15.971 [Test worker] DEBUG o.h.p.w.spi.MetamodelGraphWalker - Visiting attribute path : source.computation_requirement
14:11:15.971 [Test worker] DEBUG o.h.p.w.spi.MetamodelGraphWalker - Visiting attribute path : source.high_availability
14:11:15.971 [Test worker] DEBUG o.h.p.w.spi.MetamodelGraphWalker - Visiting attribute path : source.lifecycle_event
14:11:15.971 [Test worker] DEBUG o.h.p.w.spi.MetamodelGraphWalker - Visiting attribute path : source.monitoring_parameter
14:11:15.971 [Test worker] DEBUG o.h.l.p.b.i.spaces.QuerySpacesImpl - Adding QuerySpace : uid = <gen:2> -> org.hibernate.loader.plan.build.internal.spaces.CollectionQuerySpaceImpl@38e89c2c]
14:11:15.972 [Test worker] DEBUG o.h.p.w.spi.MetamodelGraphWalker - Visiting attribute path : source.scale_in_out
14:11:15.972 [Test worker] DEBUG o.h.p.w.spi.MetamodelGraphWalker - Visiting attribute path : source.vdu_constraint
14:11:15.972 [Test worker] DEBUG o.h.p.w.spi.MetamodelGraphWalker - Visiting attribute path : source.version
14:11:15.972 [Test worker] DEBUG o.h.p.w.spi.MetamodelGraphWalker - Visiting attribute path : source.virtual_memory_resource_element
14:11:15.972 [Test worker] DEBUG o.h.p.w.spi.MetamodelGraphWalker - Visiting attribute path : source.virtual_network_bandwidth_resource
14:11:15.972 [Test worker] DEBUG o.h.p.w.spi.MetamodelGraphWalker - Visiting attribute path : source.vm_image
14:11:15.972 [Test worker] DEBUG o.h.l.p.b.i.spaces.QuerySpacesImpl - Adding QuerySpace : uid = <gen:3> -> org.hibernate.loader.plan.build.internal.spaces.CollectionQuerySpaceImpl@1aa1500b]
14:11:15.972 [Test worker] DEBUG o.h.p.w.spi.MetamodelGraphWalker - Visiting attribute path : source.vnfc
14:11:15.972 [Test worker] DEBUG o.h.p.w.spi.MetamodelGraphWalker - Visiting attribute path : target
14:11:15.972 [Test worker] DEBUG o.h.l.p.b.i.spaces.QuerySpacesImpl - Adding QuerySpace : uid = <gen:4> -> org.hibernate.loader.plan.build.internal.spaces.EntityQuerySpaceImpl@3ab19451]
14:11:15.972 [Test worker] DEBUG o.h.p.w.spi.MetamodelGraphWalker - Visiting attribute path : target.computation_requirement
14:11:15.972 [Test worker] DEBUG o.h.p.w.spi.MetamodelGraphWalker - Visiting attribute path : target.high_availability
14:11:15.972 [Test worker] DEBUG o.h.p.w.spi.MetamodelGraphWalker - Visiting attribute path : target.lifecycle_event
14:11:15.972 [Test worker] DEBUG o.h.p.w.spi.MetamodelGraphWalker - Visiting attribute path : target.monitoring_parameter
14:11:15.972 [Test worker] DEBUG o.h.p.w.spi.MetamodelGraphWalker - Property path deemed to be circular : target.monitoring_parameter
14:11:15.972 [Test worker] DEBUG o.h.p.w.spi.MetamodelGraphWalker - Visiting attribute path : target.scale_in_out
14:11:15.972 [Test worker] DEBUG o.h.p.w.spi.MetamodelGraphWalker - Visiting attribute path : target.vdu_constraint
14:11:15.972 [Test worker] DEBUG o.h.p.w.spi.MetamodelGraphWalker - Visiting attribute path : target.version
14:11:15.972 [Test worker] DEBUG o.h.p.w.spi.MetamodelGraphWalker - Visiting attribute path : target.virtual_memory_resource_element
14:11:15.972 [Test worker] DEBUG o.h.p.w.spi.MetamodelGraphWalker - Visiting attribute path : target.virtual_network_bandwidth_resource
14:11:15.972 [Test worker] DEBUG o.h.p.w.spi.MetamodelGraphWalker - Visiting attribute path : target.vm_image
14:11:15.972 [Test worker] DEBUG o.h.p.w.spi.MetamodelGraphWalker - Property path deemed to be circular : target.vm_image
14:11:15.972 [Test worker] DEBUG o.h.p.w.spi.MetamodelGraphWalker - Visiting attribute path : target.vnfc
14:11:15.972 [Test worker] DEBUG o.h.p.w.spi.MetamodelGraphWalker - Visiting attribute path : version
14:11:15.973 [Test worker] DEBUG o.h.l.p.b.i.FetchStyleLoadPlanBuildingAssociationVisitationStrategy - Building LoadPlan...
14:11:15.973 [Test worker] DEBUG o.h.l.p.e.i.LoadQueryJoinAndFetchProcessor - processing queryspace <gen:0>
14:11:15.973 [Test worker] DEBUG o.h.l.p.b.spi.LoadPlanTreePrinter - LoadPlan(entity=org.project.neutrino.nfvo.catalogue.mano.descriptor.VDUDependency)
    - Returns
       - EntityReturnImpl(entity=org.project.neutrino.nfvo.catalogue.mano.descriptor.VDUDependency, querySpaceUid=<gen:0>, path=org.project.neutrino.nfvo.catalogue.mano.descriptor.VDUDependency)
          - EntityAttributeFetchImpl(entity=org.project.neutrino.nfvo.catalogue.mano.descriptor.VirtualDeploymentUnit, querySpaceUid=<gen:1>, path=org.project.neutrino.nfvo.catalogue.mano.descriptor.VDUDependency.source)
             - CollectionAttributeFetchImpl(collection=org.project.neutrino.nfvo.catalogue.mano.descriptor.VirtualDeploymentUnit.monitoring_parameter, querySpaceUid=<gen:2>, path=org.project.neutrino.nfvo.catalogue.mano.descriptor.VDUDependency.source.monitoring_parameter)
             - CollectionAttributeFetchImpl(collection=org.project.neutrino.nfvo.catalogue.mano.descriptor.VirtualDeploymentUnit.vm_image, querySpaceUid=<gen:3>, path=org.project.neutrino.nfvo.catalogue.mano.descriptor.VDUDependency.source.vm_image)
          - EntityAttributeFetchImpl(entity=org.project.neutrino.nfvo.catalogue.mano.descriptor.VirtualDeploymentUnit, querySpaceUid=<gen:4>, path=org.project.neutrino.nfvo.catalogue.mano.descriptor.VDUDependency.target)
    - QuerySpaces
       - EntityQuerySpaceImpl(uid=<gen:0>, entity=org.project.neutrino.nfvo.catalogue.mano.descriptor.VDUDependency)
          - SQL table alias mapping - vdudepende0_
          - alias suffix - 0_
          - suffixed key columns - {id1_46_0_}
          - JOIN (JoinDefinedByMetadata(source)) : <gen:0> -> <gen:1>
             - EntityQuerySpaceImpl(uid=<gen:1>, entity=org.project.neutrino.nfvo.catalogue.mano.descriptor.VirtualDeploymentUnit)
                - SQL table alias mapping - virtualdep1_
                - alias suffix - 1_
                - suffixed key columns - {id1_47_1_}
                - JOIN (JoinDefinedByMetadata(monitoring_parameter)) : <gen:1> -> <gen:2>
                   - CollectionQuerySpaceImpl(uid=<gen:2>, collection=org.project.neutrino.nfvo.catalogue.mano.descriptor.VirtualDeploymentUnit.monitoring_parameter)
                      - SQL table alias mapping - monitoring2_
                      - alias suffix - 2_
                      - suffixed key columns - {virtual_1_47_2_}
                - JOIN (JoinDefinedByMetadata(vm_image)) : <gen:1> -> <gen:3>
                   - CollectionQuerySpaceImpl(uid=<gen:3>, collection=org.project.neutrino.nfvo.catalogue.mano.descriptor.VirtualDeploymentUnit.vm_image)
                      - SQL table alias mapping - vm_image3_
                      - alias suffix - 3_
                      - suffixed key columns - {virtual_1_47_3_}
          - JOIN (JoinDefinedByMetadata(target)) : <gen:0> -> <gen:4>
             - EntityQuerySpaceImpl(uid=<gen:4>, entity=org.project.neutrino.nfvo.catalogue.mano.descriptor.VirtualDeploymentUnit)
                - SQL table alias mapping - virtualdep4_
                - alias suffix - 4_
                - suffixed key columns - {id1_47_4_}

14:11:15.974 [Test worker] DEBUG o.h.loader.entity.plan.EntityLoader - Static select for entity org.project.neutrino.nfvo.catalogue.mano.descriptor.VDUDependency [NONE]: select vdudepende0_.id as id1_46_0_, vdudepende0_.source_id as source_i3_46_0_, vdudepende0_.target_id as target_i4_46_0_, vdudepende0_.version as version2_46_0_, virtualdep1_.id as id1_47_1_, virtualdep1_.computation_requirement as computat2_47_1_, virtualdep1_.high_availability as high_ava3_47_1_, virtualdep1_.scale_in_out as scale_in4_47_1_, virtualdep1_.vdu_constraint as vdu_cons5_47_1_, virtualdep1_.version as version6_47_1_, virtualdep1_.virtual_memory_resource_element as virtual_7_47_1_, virtualdep1_.virtual_network_bandwidth_resource as virtual_8_47_1_, monitoring2_.virtual_deployment_unit_id as virtual_1_47_2_, monitoring2_.monitoring_parameter as monitori2_49_2_, vm_image3_.virtual_deployment_unit_id as virtual_1_47_3_, vm_image3_.vm_image as vm_image2_50_3_, virtualdep4_.id as id1_47_4_, virtualdep4_.computation_requirement as computat2_47_4_, virtualdep4_.high_availability as high_ava3_47_4_, virtualdep4_.scale_in_out as scale_in4_47_4_, virtualdep4_.vdu_constraint as vdu_cons5_47_4_, virtualdep4_.version as version6_47_4_, virtualdep4_.virtual_memory_resource_element as virtual_7_47_4_, virtualdep4_.virtual_network_bandwidth_resource as virtual_8_47_4_ from vdudependency vdudepende0_ left outer join virtual_deployment_unit virtualdep1_ on vdudepende0_.source_id=virtualdep1_.id left outer join virtual_deployment_unit_monitoring_parameter monitoring2_ on virtualdep1_.id=monitoring2_.virtual_deployment_unit_id left outer join virtual_deployment_unit_vm_image vm_image3_ on virtualdep1_.id=vm_image3_.virtual_deployment_unit_id left outer join virtual_deployment_unit virtualdep4_ on vdudepende0_.target_id=virtualdep4_.id where vdudepende0_.id=?
14:11:15.974 [Test worker] DEBUG o.h.l.p.b.i.spaces.QuerySpacesImpl - Adding QuerySpace : uid = <gen:0> -> org.hibernate.loader.plan.build.internal.spaces.EntityQuerySpaceImpl@103568b6]
14:11:15.974 [Test worker] DEBUG o.h.p.w.spi.MetamodelGraphWalker - Visiting attribute path : source
14:11:15.974 [Test worker] DEBUG o.h.l.p.b.i.spaces.QuerySpacesImpl - Adding QuerySpace : uid = <gen:1> -> org.hibernate.loader.plan.build.internal.spaces.EntityQuerySpaceImpl@46469d2e]
14:11:15.975 [Test worker] DEBUG o.h.p.w.spi.MetamodelGraphWalker - Visiting attribute path : source.computation_requirement
14:11:15.975 [Test worker] DEBUG o.h.p.w.spi.MetamodelGraphWalker - Visiting attribute path : source.high_availability
14:11:15.975 [Test worker] DEBUG o.h.p.w.spi.MetamodelGraphWalker - Visiting attribute path : source.lifecycle_event
14:11:15.975 [Test worker] DEBUG o.h.p.w.spi.MetamodelGraphWalker - Visiting attribute path : source.monitoring_parameter
14:11:15.975 [Test worker] DEBUG o.h.l.p.b.i.spaces.QuerySpacesImpl - Adding QuerySpace : uid = <gen:2> -> org.hibernate.loader.plan.build.internal.spaces.CollectionQuerySpaceImpl@75c8d65e]
14:11:15.975 [Test worker] DEBUG o.h.p.w.spi.MetamodelGraphWalker - Visiting attribute path : source.scale_in_out
14:11:15.975 [Test worker] DEBUG o.h.p.w.spi.MetamodelGraphWalker - Visiting attribute path : source.vdu_constraint
14:11:15.975 [Test worker] DEBUG o.h.p.w.spi.MetamodelGraphWalker - Visiting attribute path : source.version
14:11:15.975 [Test worker] DEBUG o.h.p.w.spi.MetamodelGraphWalker - Visiting attribute path : source.virtual_memory_resource_element
14:11:15.975 [Test worker] DEBUG o.h.p.w.spi.MetamodelGraphWalker - Visiting attribute path : source.virtual_network_bandwidth_resource
14:11:15.975 [Test worker] DEBUG o.h.p.w.spi.MetamodelGraphWalker - Visiting attribute path : source.vm_image
14:11:15.975 [Test worker] DEBUG o.h.l.p.b.i.spaces.QuerySpacesImpl - Adding QuerySpace : uid = <gen:3> -> org.hibernate.loader.plan.build.internal.spaces.CollectionQuerySpaceImpl@4b5574d]
14:11:15.975 [Test worker] DEBUG o.h.p.w.spi.MetamodelGraphWalker - Visiting attribute path : source.vnfc
14:11:15.975 [Test worker] DEBUG o.h.p.w.spi.MetamodelGraphWalker - Visiting attribute path : target
14:11:15.975 [Test worker] DEBUG o.h.l.p.b.i.spaces.QuerySpacesImpl - Adding QuerySpace : uid = <gen:4> -> org.hibernate.loader.plan.build.internal.spaces.EntityQuerySpaceImpl@4f7b2dbf]
14:11:15.975 [Test worker] DEBUG o.h.p.w.spi.MetamodelGraphWalker - Visiting attribute path : target.computation_requirement
14:11:15.975 [Test worker] DEBUG o.h.p.w.spi.MetamodelGraphWalker - Visiting attribute path : target.high_availability
14:11:15.975 [Test worker] DEBUG o.h.p.w.spi.MetamodelGraphWalker - Visiting attribute path : target.lifecycle_event
14:11:15.976 [Test worker] DEBUG o.h.p.w.spi.MetamodelGraphWalker - Visiting attribute path : target.monitoring_parameter
14:11:15.976 [Test worker] DEBUG o.h.p.w.spi.MetamodelGraphWalker - Property path deemed to be circular : target.monitoring_parameter
14:11:15.976 [Test worker] DEBUG o.h.p.w.spi.MetamodelGraphWalker - Visiting attribute path : target.scale_in_out
14:11:15.976 [Test worker] DEBUG o.h.p.w.spi.MetamodelGraphWalker - Visiting attribute path : target.vdu_constraint
14:11:15.976 [Test worker] DEBUG o.h.p.w.spi.MetamodelGraphWalker - Visiting attribute path : target.version
14:11:15.976 [Test worker] DEBUG o.h.p.w.spi.MetamodelGraphWalker - Visiting attribute path : target.virtual_memory_resource_element
14:11:15.976 [Test worker] DEBUG o.h.p.w.spi.MetamodelGraphWalker - Visiting attribute path : target.virtual_network_bandwidth_resource
14:11:15.976 [Test worker] DEBUG o.h.p.w.spi.MetamodelGraphWalker - Visiting attribute path : target.vm_image
14:11:15.976 [Test worker] DEBUG o.h.p.w.spi.MetamodelGraphWalker - Property path deemed to be circular : target.vm_image
14:11:15.976 [Test worker] DEBUG o.h.p.w.spi.MetamodelGraphWalker - Visiting attribute path : target.vnfc
14:11:15.976 [Test worker] DEBUG o.h.p.w.spi.MetamodelGraphWalker - Visiting attribute path : version
14:11:15.976 [Test worker] DEBUG o.h.l.p.b.i.FetchStyleLoadPlanBuildingAssociationVisitationStrategy - Building LoadPlan...
14:11:15.976 [Test worker] DEBUG o.h.l.p.e.i.LoadQueryJoinAndFetchProcessor - processing queryspace <gen:0>
14:11:15.977 [Test worker] DEBUG o.h.l.p.b.spi.LoadPlanTreePrinter - LoadPlan(entity=org.project.neutrino.nfvo.catalogue.mano.descriptor.VDUDependency)
    - Returns
       - EntityReturnImpl(entity=org.project.neutrino.nfvo.catalogue.mano.descriptor.VDUDependency, querySpaceUid=<gen:0>, path=org.project.neutrino.nfvo.catalogue.mano.descriptor.VDUDependency)
          - EntityAttributeFetchImpl(entity=org.project.neutrino.nfvo.catalogue.mano.descriptor.VirtualDeploymentUnit, querySpaceUid=<gen:1>, path=org.project.neutrino.nfvo.catalogue.mano.descriptor.VDUDependency.source)
             - CollectionAttributeFetchImpl(collection=org.project.neutrino.nfvo.catalogue.mano.descriptor.VirtualDeploymentUnit.monitoring_parameter, querySpaceUid=<gen:2>, path=org.project.neutrino.nfvo.catalogue.mano.descriptor.VDUDependency.source.monitoring_parameter)
             - CollectionAttributeFetchImpl(collection=org.project.neutrino.nfvo.catalogue.mano.descriptor.VirtualDeploymentUnit.vm_image, querySpaceUid=<gen:3>, path=org.project.neutrino.nfvo.catalogue.mano.descriptor.VDUDependency.source.vm_image)
          - EntityAttributeFetchImpl(entity=org.project.neutrino.nfvo.catalogue.mano.descriptor.VirtualDeploymentUnit, querySpaceUid=<gen:4>, path=org.project.neutrino.nfvo.catalogue.mano.descriptor.VDUDependency.target)
    - QuerySpaces
       - EntityQuerySpaceImpl(uid=<gen:0>, entity=org.project.neutrino.nfvo.catalogue.mano.descriptor.VDUDependency)
          - SQL table alias mapping - vdudepende0_
          - alias suffix - 0_
          - suffixed key columns - {id1_46_0_}
          - JOIN (JoinDefinedByMetadata(source)) : <gen:0> -> <gen:1>
             - EntityQuerySpaceImpl(uid=<gen:1>, entity=org.project.neutrino.nfvo.catalogue.mano.descriptor.VirtualDeploymentUnit)
                - SQL table alias mapping - virtualdep1_
                - alias suffix - 1_
                - suffixed key columns - {id1_47_1_}
                - JOIN (JoinDefinedByMetadata(monitoring_parameter)) : <gen:1> -> <gen:2>
                   - CollectionQuerySpaceImpl(uid=<gen:2>, collection=org.project.neutrino.nfvo.catalogue.mano.descriptor.VirtualDeploymentUnit.monitoring_parameter)
                      - SQL table alias mapping - monitoring2_
                      - alias suffix - 2_
                      - suffixed key columns - {virtual_1_47_2_}
                - JOIN (JoinDefinedByMetadata(vm_image)) : <gen:1> -> <gen:3>
                   - CollectionQuerySpaceImpl(uid=<gen:3>, collection=org.project.neutrino.nfvo.catalogue.mano.descriptor.VirtualDeploymentUnit.vm_image)
                      - SQL table alias mapping - vm_image3_
                      - alias suffix - 3_
                      - suffixed key columns - {virtual_1_47_3_}
          - JOIN (JoinDefinedByMetadata(target)) : <gen:0> -> <gen:4>
             - EntityQuerySpaceImpl(uid=<gen:4>, entity=org.project.neutrino.nfvo.catalogue.mano.descriptor.VirtualDeploymentUnit)
                - SQL table alias mapping - virtualdep4_
                - alias suffix - 4_
                - suffixed key columns - {id1_47_4_}

14:11:15.977 [Test worker] DEBUG o.h.loader.entity.plan.EntityLoader - Static select for entity org.project.neutrino.nfvo.catalogue.mano.descriptor.VDUDependency [READ]: select vdudepende0_.id as id1_46_0_, vdudepende0_.source_id as source_i3_46_0_, vdudepende0_.target_id as target_i4_46_0_, vdudepende0_.version as version2_46_0_, virtualdep1_.id as id1_47_1_, virtualdep1_.computation_requirement as computat2_47_1_, virtualdep1_.high_availability as high_ava3_47_1_, virtualdep1_.scale_in_out as scale_in4_47_1_, virtualdep1_.vdu_constraint as vdu_cons5_47_1_, virtualdep1_.version as version6_47_1_, virtualdep1_.virtual_memory_resource_element as virtual_7_47_1_, virtualdep1_.virtual_network_bandwidth_resource as virtual_8_47_1_, monitoring2_.virtual_deployment_unit_id as virtual_1_47_2_, monitoring2_.monitoring_parameter as monitori2_49_2_, vm_image3_.virtual_deployment_unit_id as virtual_1_47_3_, vm_image3_.vm_image as vm_image2_50_3_, virtualdep4_.id as id1_47_4_, virtualdep4_.computation_requirement as computat2_47_4_, virtualdep4_.high_availability as high_ava3_47_4_, virtualdep4_.scale_in_out as scale_in4_47_4_, virtualdep4_.vdu_constraint as vdu_cons5_47_4_, virtualdep4_.version as version6_47_4_, virtualdep4_.virtual_memory_resource_element as virtual_7_47_4_, virtualdep4_.virtual_network_bandwidth_resource as virtual_8_47_4_ from vdudependency vdudepende0_ left outer join virtual_deployment_unit virtualdep1_ on vdudepende0_.source_id=virtualdep1_.id left outer join virtual_deployment_unit_monitoring_parameter monitoring2_ on virtualdep1_.id=monitoring2_.virtual_deployment_unit_id left outer join virtual_deployment_unit_vm_image vm_image3_ on virtualdep1_.id=vm_image3_.virtual_deployment_unit_id left outer join virtual_deployment_unit virtualdep4_ on vdudepende0_.target_id=virtualdep4_.id where vdudepende0_.id=?
14:11:15.977 [Test worker] DEBUG o.h.l.p.b.i.spaces.QuerySpacesImpl - Adding QuerySpace : uid = <gen:0> -> org.hibernate.loader.plan.build.internal.spaces.EntityQuerySpaceImpl@7371c310]
14:11:15.977 [Test worker] DEBUG o.h.p.w.spi.MetamodelGraphWalker - Visiting attribute path : source
14:11:15.977 [Test worker] DEBUG o.h.l.p.b.i.spaces.QuerySpacesImpl - Adding QuerySpace : uid = <gen:1> -> org.hibernate.loader.plan.build.internal.spaces.EntityQuerySpaceImpl@12d9b1cd]
14:11:15.977 [Test worker] DEBUG o.h.p.w.spi.MetamodelGraphWalker - Visiting attribute path : target
14:11:15.977 [Test worker] DEBUG o.h.l.p.b.i.spaces.QuerySpacesImpl - Adding QuerySpace : uid = <gen:2> -> org.hibernate.loader.plan.build.internal.spaces.EntityQuerySpaceImpl@12281366]
14:11:15.977 [Test worker] DEBUG o.h.p.w.spi.MetamodelGraphWalker - Visiting attribute path : version
14:11:15.977 [Test worker] DEBUG o.h.l.p.b.i.FetchStyleLoadPlanBuildingAssociationVisitationStrategy - Building LoadPlan...
14:11:15.977 [Test worker] DEBUG o.h.l.p.e.i.LoadQueryJoinAndFetchProcessor - processing queryspace <gen:0>
14:11:15.978 [Test worker] DEBUG o.h.l.p.b.spi.LoadPlanTreePrinter - LoadPlan(entity=org.project.neutrino.nfvo.catalogue.mano.descriptor.VDUDependency)
    - Returns
       - EntityReturnImpl(entity=org.project.neutrino.nfvo.catalogue.mano.descriptor.VDUDependency, querySpaceUid=<gen:0>, path=org.project.neutrino.nfvo.catalogue.mano.descriptor.VDUDependency)
          - EntityAttributeFetchImpl(entity=org.project.neutrino.nfvo.catalogue.mano.descriptor.VirtualDeploymentUnit, querySpaceUid=<gen:1>, path=org.project.neutrino.nfvo.catalogue.mano.descriptor.VDUDependency.source)
          - EntityAttributeFetchImpl(entity=org.project.neutrino.nfvo.catalogue.mano.descriptor.VirtualDeploymentUnit, querySpaceUid=<gen:2>, path=org.project.neutrino.nfvo.catalogue.mano.descriptor.VDUDependency.target)
    - QuerySpaces
       - EntityQuerySpaceImpl(uid=<gen:0>, entity=org.project.neutrino.nfvo.catalogue.mano.descriptor.VDUDependency)
          - SQL table alias mapping - vdudepende0_
          - alias suffix - 0_
          - suffixed key columns - {id1_46_0_}

14:11:15.978 [Test worker] DEBUG o.h.loader.entity.plan.EntityLoader - Static select for entity org.project.neutrino.nfvo.catalogue.mano.descriptor.VDUDependency [UPGRADE]: select vdudepende0_.id as id1_46_0_, vdudepende0_.source_id as source_i3_46_0_, vdudepende0_.target_id as target_i4_46_0_, vdudepende0_.version as version2_46_0_ from vdudependency vdudepende0_ where vdudepende0_.id=? for update
14:11:15.978 [Test worker] DEBUG o.h.l.p.b.i.spaces.QuerySpacesImpl - Adding QuerySpace : uid = <gen:0> -> org.hibernate.loader.plan.build.internal.spaces.EntityQuerySpaceImpl@51196da]
14:11:15.978 [Test worker] DEBUG o.h.p.w.spi.MetamodelGraphWalker - Visiting attribute path : source
14:11:15.978 [Test worker] DEBUG o.h.l.p.b.i.spaces.QuerySpacesImpl - Adding QuerySpace : uid = <gen:1> -> org.hibernate.loader.plan.build.internal.spaces.EntityQuerySpaceImpl@7ca315d2]
14:11:15.978 [Test worker] DEBUG o.h.p.w.spi.MetamodelGraphWalker - Visiting attribute path : target
14:11:15.978 [Test worker] DEBUG o.h.l.p.b.i.spaces.QuerySpacesImpl - Adding QuerySpace : uid = <gen:2> -> org.hibernate.loader.plan.build.internal.spaces.EntityQuerySpaceImpl@36edcdeb]
14:11:15.978 [Test worker] DEBUG o.h.p.w.spi.MetamodelGraphWalker - Visiting attribute path : version
14:11:15.978 [Test worker] DEBUG o.h.l.p.b.i.FetchStyleLoadPlanBuildingAssociationVisitationStrategy - Building LoadPlan...
14:11:15.978 [Test worker] DEBUG o.h.l.p.e.i.LoadQueryJoinAndFetchProcessor - processing queryspace <gen:0>
14:11:15.978 [Test worker] DEBUG o.h.l.p.b.spi.LoadPlanTreePrinter - LoadPlan(entity=org.project.neutrino.nfvo.catalogue.mano.descriptor.VDUDependency)
    - Returns
       - EntityReturnImpl(entity=org.project.neutrino.nfvo.catalogue.mano.descriptor.VDUDependency, querySpaceUid=<gen:0>, path=org.project.neutrino.nfvo.catalogue.mano.descriptor.VDUDependency)
          - EntityAttributeFetchImpl(entity=org.project.neutrino.nfvo.catalogue.mano.descriptor.VirtualDeploymentUnit, querySpaceUid=<gen:1>, path=org.project.neutrino.nfvo.catalogue.mano.descriptor.VDUDependency.source)
          - EntityAttributeFetchImpl(entity=org.project.neutrino.nfvo.catalogue.mano.descriptor.VirtualDeploymentUnit, querySpaceUid=<gen:2>, path=org.project.neutrino.nfvo.catalogue.mano.descriptor.VDUDependency.target)
    - QuerySpaces
       - EntityQuerySpaceImpl(uid=<gen:0>, entity=org.project.neutrino.nfvo.catalogue.mano.descriptor.VDUDependency)
          - SQL table alias mapping - vdudepende0_
          - alias suffix - 0_
          - suffixed key columns - {id1_46_0_}

14:11:15.978 [Test worker] DEBUG o.h.loader.entity.plan.EntityLoader - Static select for entity org.project.neutrino.nfvo.catalogue.mano.descriptor.VDUDependency [UPGRADE_NOWAIT]: select vdudepende0_.id as id1_46_0_, vdudepende0_.source_id as source_i3_46_0_, vdudepende0_.target_id as target_i4_46_0_, vdudepende0_.version as version2_46_0_ from vdudependency vdudepende0_ where vdudepende0_.id=? for update
14:11:15.978 [Test worker] DEBUG o.h.l.p.b.i.spaces.QuerySpacesImpl - Adding QuerySpace : uid = <gen:0> -> org.hibernate.loader.plan.build.internal.spaces.EntityQuerySpaceImpl@366a1b79]
14:11:15.978 [Test worker] DEBUG o.h.p.w.spi.MetamodelGraphWalker - Visiting attribute path : source
14:11:15.978 [Test worker] DEBUG o.h.l.p.b.i.spaces.QuerySpacesImpl - Adding QuerySpace : uid = <gen:1> -> org.hibernate.loader.plan.build.internal.spaces.EntityQuerySpaceImpl@526b9ccc]
14:11:15.978 [Test worker] DEBUG o.h.p.w.spi.MetamodelGraphWalker - Visiting attribute path : target
14:11:15.979 [Test worker] DEBUG o.h.l.p.b.i.spaces.QuerySpacesImpl - Adding QuerySpace : uid = <gen:2> -> org.hibernate.loader.plan.build.internal.spaces.EntityQuerySpaceImpl@17033f5a]
14:11:15.979 [Test worker] DEBUG o.h.p.w.spi.MetamodelGraphWalker - Visiting attribute path : version
14:11:15.979 [Test worker] DEBUG o.h.l.p.b.i.FetchStyleLoadPlanBuildingAssociationVisitationStrategy - Building LoadPlan...
14:11:15.979 [Test worker] DEBUG o.h.l.p.e.i.LoadQueryJoinAndFetchProcessor - processing queryspace <gen:0>
14:11:15.979 [Test worker] DEBUG o.h.l.p.b.spi.LoadPlanTreePrinter - LoadPlan(entity=org.project.neutrino.nfvo.catalogue.mano.descriptor.VDUDependency)
    - Returns
       - EntityReturnImpl(entity=org.project.neutrino.nfvo.catalogue.mano.descriptor.VDUDependency, querySpaceUid=<gen:0>, path=org.project.neutrino.nfvo.catalogue.mano.descriptor.VDUDependency)
          - EntityAttributeFetchImpl(entity=org.project.neutrino.nfvo.catalogue.mano.descriptor.VirtualDeploymentUnit, querySpaceUid=<gen:1>, path=org.project.neutrino.nfvo.catalogue.mano.descriptor.VDUDependency.source)
          - EntityAttributeFetchImpl(entity=org.project.neutrino.nfvo.catalogue.mano.descriptor.VirtualDeploymentUnit, querySpaceUid=<gen:2>, path=org.project.neutrino.nfvo.catalogue.mano.descriptor.VDUDependency.target)
    - QuerySpaces
       - EntityQuerySpaceImpl(uid=<gen:0>, entity=org.project.neutrino.nfvo.catalogue.mano.descriptor.VDUDependency)
          - SQL table alias mapping - vdudepende0_
          - alias suffix - 0_
          - suffixed key columns - {id1_46_0_}

14:11:15.979 [Test worker] DEBUG o.h.loader.entity.plan.EntityLoader - Static select for entity org.project.neutrino.nfvo.catalogue.mano.descriptor.VDUDependency [UPGRADE_SKIPLOCKED]: select vdudepende0_.id as id1_46_0_, vdudepende0_.source_id as source_i3_46_0_, vdudepende0_.target_id as target_i4_46_0_, vdudepende0_.version as version2_46_0_ from vdudependency vdudepende0_ where vdudepende0_.id=? for update
14:11:15.979 [Test worker] DEBUG o.h.l.p.b.i.spaces.QuerySpacesImpl - Adding QuerySpace : uid = <gen:0> -> org.hibernate.loader.plan.build.internal.spaces.EntityQuerySpaceImpl@56343983]
14:11:15.979 [Test worker] DEBUG o.h.p.w.spi.MetamodelGraphWalker - Visiting attribute path : source
14:11:15.979 [Test worker] DEBUG o.h.l.p.b.i.spaces.QuerySpacesImpl - Adding QuerySpace : uid = <gen:1> -> org.hibernate.loader.plan.build.internal.spaces.EntityQuerySpaceImpl@4b0aa085]
14:11:15.980 [Test worker] DEBUG o.h.p.w.spi.MetamodelGraphWalker - Visiting attribute path : target
14:11:15.980 [Test worker] DEBUG o.h.l.p.b.i.spaces.QuerySpacesImpl - Adding QuerySpace : uid = <gen:2> -> org.hibernate.loader.plan.build.internal.spaces.EntityQuerySpaceImpl@26b0a240]
14:11:15.980 [Test worker] DEBUG o.h.p.w.spi.MetamodelGraphWalker - Visiting attribute path : version
14:11:15.980 [Test worker] DEBUG o.h.l.p.b.i.FetchStyleLoadPlanBuildingAssociationVisitationStrategy - Building LoadPlan...
14:11:15.980 [Test worker] DEBUG o.h.l.p.e.i.LoadQueryJoinAndFetchProcessor - processing queryspace <gen:0>
14:11:15.980 [Test worker] DEBUG o.h.l.p.b.spi.LoadPlanTreePrinter - LoadPlan(entity=org.project.neutrino.nfvo.catalogue.mano.descriptor.VDUDependency)
    - Returns
       - EntityReturnImpl(entity=org.project.neutrino.nfvo.catalogue.mano.descriptor.VDUDependency, querySpaceUid=<gen:0>, path=org.project.neutrino.nfvo.catalogue.mano.descriptor.VDUDependency)
          - EntityAttributeFetchImpl(entity=org.project.neutrino.nfvo.catalogue.mano.descriptor.VirtualDeploymentUnit, querySpaceUid=<gen:1>, path=org.project.neutrino.nfvo.catalogue.mano.descriptor.VDUDependency.source)
          - EntityAttributeFetchImpl(entity=org.project.neutrino.nfvo.catalogue.mano.descriptor.VirtualDeploymentUnit, querySpaceUid=<gen:2>, path=org.project.neutrino.nfvo.catalogue.mano.descriptor.VDUDependency.target)
    - QuerySpaces
       - EntityQuerySpaceImpl(uid=<gen:0>, entity=org.project.neutrino.nfvo.catalogue.mano.descriptor.VDUDependency)
          - SQL table alias mapping - vdudepende0_
          - alias suffix - 0_
          - suffixed key columns - {id1_46_0_}

14:11:15.980 [Test worker] DEBUG o.h.loader.entity.plan.EntityLoader - Static select for entity org.project.neutrino.nfvo.catalogue.mano.descriptor.VDUDependency [FORCE]: select vdudepende0_.id as id1_46_0_, vdudepende0_.source_id as source_i3_46_0_, vdudepende0_.target_id as target_i4_46_0_, vdudepende0_.version as version2_46_0_ from vdudependency vdudepende0_ where vdudepende0_.id=? for update
14:11:15.980 [Test worker] DEBUG o.h.l.p.b.i.spaces.QuerySpacesImpl - Adding QuerySpace : uid = <gen:0> -> org.hibernate.loader.plan.build.internal.spaces.EntityQuerySpaceImpl@166c2b98]
14:11:15.980 [Test worker] DEBUG o.h.p.w.spi.MetamodelGraphWalker - Visiting attribute path : source
14:11:15.980 [Test worker] DEBUG o.h.l.p.b.i.spaces.QuerySpacesImpl - Adding QuerySpace : uid = <gen:1> -> org.hibernate.loader.plan.build.internal.spaces.EntityQuerySpaceImpl@11b886b7]
14:11:15.980 [Test worker] DEBUG o.h.p.w.spi.MetamodelGraphWalker - Visiting attribute path : target
14:11:15.980 [Test worker] DEBUG o.h.l.p.b.i.spaces.QuerySpacesImpl - Adding QuerySpace : uid = <gen:2> -> org.hibernate.loader.plan.build.internal.spaces.EntityQuerySpaceImpl@69946177]
14:11:15.980 [Test worker] DEBUG o.h.p.w.spi.MetamodelGraphWalker - Visiting attribute path : version
14:11:15.981 [Test worker] DEBUG o.h.l.p.b.i.FetchStyleLoadPlanBuildingAssociationVisitationStrategy - Building LoadPlan...
14:11:15.981 [Test worker] DEBUG o.h.l.p.e.i.LoadQueryJoinAndFetchProcessor - processing queryspace <gen:0>
14:11:15.981 [Test worker] DEBUG o.h.l.p.b.spi.LoadPlanTreePrinter - LoadPlan(entity=org.project.neutrino.nfvo.catalogue.mano.descriptor.VDUDependency)
    - Returns
       - EntityReturnImpl(entity=org.project.neutrino.nfvo.catalogue.mano.descriptor.VDUDependency, querySpaceUid=<gen:0>, path=org.project.neutrino.nfvo.catalogue.mano.descriptor.VDUDependency)
          - EntityAttributeFetchImpl(entity=org.project.neutrino.nfvo.catalogue.mano.descriptor.VirtualDeploymentUnit, querySpaceUid=<gen:1>, path=org.project.neutrino.nfvo.catalogue.mano.descriptor.VDUDependency.source)
          - EntityAttributeFetchImpl(entity=org.project.neutrino.nfvo.catalogue.mano.descriptor.VirtualDeploymentUnit, querySpaceUid=<gen:2>, path=org.project.neutrino.nfvo.catalogue.mano.descriptor.VDUDependency.target)
    - QuerySpaces
       - EntityQuerySpaceImpl(uid=<gen:0>, entity=org.project.neutrino.nfvo.catalogue.mano.descriptor.VDUDependency)
          - SQL table alias mapping - vdudepende0_
          - alias suffix - 0_
          - suffixed key columns - {id1_46_0_}

14:11:15.981 [Test worker] DEBUG o.h.loader.entity.plan.EntityLoader - Static select for entity org.project.neutrino.nfvo.catalogue.mano.descriptor.VDUDependency [PESSIMISTIC_READ]: select vdudepende0_.id as id1_46_0_, vdudepende0_.source_id as source_i3_46_0_, vdudepende0_.target_id as target_i4_46_0_, vdudepende0_.version as version2_46_0_ from vdudependency vdudepende0_ where vdudepende0_.id=? lock in share mode
14:11:15.981 [Test worker] DEBUG o.h.l.p.b.i.spaces.QuerySpacesImpl - Adding QuerySpace : uid = <gen:0> -> org.hibernate.loader.plan.build.internal.spaces.EntityQuerySpaceImpl@c8b01c8]
14:11:15.981 [Test worker] DEBUG o.h.p.w.spi.MetamodelGraphWalker - Visiting attribute path : source
14:11:15.981 [Test worker] DEBUG o.h.l.p.b.i.spaces.QuerySpacesImpl - Adding QuerySpace : uid = <gen:1> -> org.hibernate.loader.plan.build.internal.spaces.EntityQuerySpaceImpl@4c1a5bae]
14:11:15.981 [Test worker] DEBUG o.h.p.w.spi.MetamodelGraphWalker - Visiting attribute path : target
14:11:15.981 [Test worker] DEBUG o.h.l.p.b.i.spaces.QuerySpacesImpl - Adding QuerySpace : uid = <gen:2> -> org.hibernate.loader.plan.build.internal.spaces.EntityQuerySpaceImpl@5679238a]
14:11:15.981 [Test worker] DEBUG o.h.p.w.spi.MetamodelGraphWalker - Visiting attribute path : version
14:11:15.981 [Test worker] DEBUG o.h.l.p.b.i.FetchStyleLoadPlanBuildingAssociationVisitationStrategy - Building LoadPlan...
14:11:15.981 [Test worker] DEBUG o.h.l.p.e.i.LoadQueryJoinAndFetchProcessor - processing queryspace <gen:0>
14:11:15.982 [Test worker] DEBUG o.h.l.p.b.spi.LoadPlanTreePrinter - LoadPlan(entity=org.project.neutrino.nfvo.catalogue.mano.descriptor.VDUDependency)
    - Returns
       - EntityReturnImpl(entity=org.project.neutrino.nfvo.catalogue.mano.descriptor.VDUDependency, querySpaceUid=<gen:0>, path=org.project.neutrino.nfvo.catalogue.mano.descriptor.VDUDependency)
          - EntityAttributeFetchImpl(entity=org.project.neutrino.nfvo.catalogue.mano.descriptor.VirtualDeploymentUnit, querySpaceUid=<gen:1>, path=org.project.neutrino.nfvo.catalogue.mano.descriptor.VDUDependency.source)
          - EntityAttributeFetchImpl(entity=org.project.neutrino.nfvo.catalogue.mano.descriptor.VirtualDeploymentUnit, querySpaceUid=<gen:2>, path=org.project.neutrino.nfvo.catalogue.mano.descriptor.VDUDependency.target)
    - QuerySpaces
       - EntityQuerySpaceImpl(uid=<gen:0>, entity=org.project.neutrino.nfvo.catalogue.mano.descriptor.VDUDependency)
          - SQL table alias mapping - vdudepende0_
          - alias suffix - 0_
          - suffixed key columns - {id1_46_0_}

14:11:15.982 [Test worker] DEBUG o.h.loader.entity.plan.EntityLoader - Static select for entity org.project.neutrino.nfvo.catalogue.mano.descriptor.VDUDependency [PESSIMISTIC_WRITE]: select vdudepende0_.id as id1_46_0_, vdudepende0_.source_id as source_i3_46_0_, vdudepende0_.target_id as target_i4_46_0_, vdudepende0_.version as version2_46_0_ from vdudependency vdudepende0_ where vdudepende0_.id=? for update
14:11:15.982 [Test worker] DEBUG o.h.l.p.b.i.spaces.QuerySpacesImpl - Adding QuerySpace : uid = <gen:0> -> org.hibernate.loader.plan.build.internal.spaces.EntityQuerySpaceImpl@2b0c6560]
14:11:15.982 [Test worker] DEBUG o.h.p.w.spi.MetamodelGraphWalker - Visiting attribute path : source
14:11:15.982 [Test worker] DEBUG o.h.l.p.b.i.spaces.QuerySpacesImpl - Adding QuerySpace : uid = <gen:1> -> org.hibernate.loader.plan.build.internal.spaces.EntityQuerySpaceImpl@198cc898]
14:11:15.982 [Test worker] DEBUG o.h.p.w.spi.MetamodelGraphWalker - Visiting attribute path : target
14:11:15.982 [Test worker] DEBUG o.h.l.p.b.i.spaces.QuerySpacesImpl - Adding QuerySpace : uid = <gen:2> -> org.hibernate.loader.plan.build.internal.spaces.EntityQuerySpaceImpl@69c58042]
14:11:15.982 [Test worker] DEBUG o.h.p.w.spi.MetamodelGraphWalker - Visiting attribute path : version
14:11:15.982 [Test worker] DEBUG o.h.l.p.b.i.FetchStyleLoadPlanBuildingAssociationVisitationStrategy - Building LoadPlan...
14:11:15.982 [Test worker] DEBUG o.h.l.p.e.i.LoadQueryJoinAndFetchProcessor - processing queryspace <gen:0>
14:11:15.982 [Test worker] DEBUG o.h.l.p.b.spi.LoadPlanTreePrinter - LoadPlan(entity=org.project.neutrino.nfvo.catalogue.mano.descriptor.VDUDependency)
    - Returns
       - EntityReturnImpl(entity=org.project.neutrino.nfvo.catalogue.mano.descriptor.VDUDependency, querySpaceUid=<gen:0>, path=org.project.neutrino.nfvo.catalogue.mano.descriptor.VDUDependency)
          - EntityAttributeFetchImpl(entity=org.project.neutrino.nfvo.catalogue.mano.descriptor.VirtualDeploymentUnit, querySpaceUid=<gen:1>, path=org.project.neutrino.nfvo.catalogue.mano.descriptor.VDUDependency.source)
          - EntityAttributeFetchImpl(entity=org.project.neutrino.nfvo.catalogue.mano.descriptor.VirtualDeploymentUnit, querySpaceUid=<gen:2>, path=org.project.neutrino.nfvo.catalogue.mano.descriptor.VDUDependency.target)
    - QuerySpaces
       - EntityQuerySpaceImpl(uid=<gen:0>, entity=org.project.neutrino.nfvo.catalogue.mano.descriptor.VDUDependency)
          - SQL table alias mapping - vdudepende0_
          - alias suffix - 0_
          - suffixed key columns - {id1_46_0_}

14:11:15.982 [Test worker] DEBUG o.h.loader.entity.plan.EntityLoader - Static select for entity org.project.neutrino.nfvo.catalogue.mano.descriptor.VDUDependency [PESSIMISTIC_FORCE_INCREMENT]: select vdudepende0_.id as id1_46_0_, vdudepende0_.source_id as source_i3_46_0_, vdudepende0_.target_id as target_i4_46_0_, vdudepende0_.version as version2_46_0_ from vdudependency vdudepende0_ where vdudepende0_.id=? for update
14:11:15.982 [Test worker] DEBUG o.h.l.p.b.i.spaces.QuerySpacesImpl - Adding QuerySpace : uid = <gen:0> -> org.hibernate.loader.plan.build.internal.spaces.EntityQuerySpaceImpl@2567a34e]
14:11:15.982 [Test worker] DEBUG o.h.p.w.spi.MetamodelGraphWalker - Visiting attribute path : source
14:11:15.982 [Test worker] DEBUG o.h.l.p.b.i.spaces.QuerySpacesImpl - Adding QuerySpace : uid = <gen:1> -> org.hibernate.loader.plan.build.internal.spaces.EntityQuerySpaceImpl@19aff756]
14:11:15.982 [Test worker] DEBUG o.h.p.w.spi.MetamodelGraphWalker - Visiting attribute path : target
14:11:15.982 [Test worker] DEBUG o.h.l.p.b.i.spaces.QuerySpacesImpl - Adding QuerySpace : uid = <gen:2> -> org.hibernate.loader.plan.build.internal.spaces.EntityQuerySpaceImpl@6f973c46]
14:11:15.983 [Test worker] DEBUG o.h.p.w.spi.MetamodelGraphWalker - Visiting attribute path : version
14:11:15.983 [Test worker] DEBUG o.h.l.p.b.i.FetchStyleLoadPlanBuildingAssociationVisitationStrategy - Building LoadPlan...
14:11:15.983 [Test worker] DEBUG o.h.l.p.e.i.LoadQueryJoinAndFetchProcessor - processing queryspace <gen:0>
14:11:15.983 [Test worker] DEBUG o.h.l.p.b.spi.LoadPlanTreePrinter - LoadPlan(entity=org.project.neutrino.nfvo.catalogue.mano.descriptor.VDUDependency)
    - Returns
       - EntityReturnImpl(entity=org.project.neutrino.nfvo.catalogue.mano.descriptor.VDUDependency, querySpaceUid=<gen:0>, path=org.project.neutrino.nfvo.catalogue.mano.descriptor.VDUDependency)
          - EntityAttributeFetchImpl(entity=org.project.neutrino.nfvo.catalogue.mano.descriptor.VirtualDeploymentUnit, querySpaceUid=<gen:1>, path=org.project.neutrino.nfvo.catalogue.mano.descriptor.VDUDependency.source)
          - EntityAttributeFetchImpl(entity=org.project.neutrino.nfvo.catalogue.mano.descriptor.VirtualDeploymentUnit, querySpaceUid=<gen:2>, path=org.project.neutrino.nfvo.catalogue.mano.descriptor.VDUDependency.target)
    - QuerySpaces
       - EntityQuerySpaceImpl(uid=<gen:0>, entity=org.project.neutrino.nfvo.catalogue.mano.descriptor.VDUDependency)
          - SQL table alias mapping - vdudepende0_
          - alias suffix - 0_
          - suffixed key columns - {id1_46_0_}

14:11:15.983 [Test worker] DEBUG o.h.loader.entity.plan.EntityLoader - Static select for entity org.project.neutrino.nfvo.catalogue.mano.descriptor.VDUDependency [OPTIMISTIC]: select vdudepende0_.id as id1_46_0_, vdudepende0_.source_id as source_i3_46_0_, vdudepende0_.target_id as target_i4_46_0_, vdudepende0_.version as version2_46_0_ from vdudependency vdudepende0_ where vdudepende0_.id=?
14:11:15.983 [Test worker] DEBUG o.h.l.p.b.i.spaces.QuerySpacesImpl - Adding QuerySpace : uid = <gen:0> -> org.hibernate.loader.plan.build.internal.spaces.EntityQuerySpaceImpl@31f650e6]
14:11:15.983 [Test worker] DEBUG o.h.p.w.spi.MetamodelGraphWalker - Visiting attribute path : source
14:11:15.983 [Test worker] DEBUG o.h.l.p.b.i.spaces.QuerySpacesImpl - Adding QuerySpace : uid = <gen:1> -> org.hibernate.loader.plan.build.internal.spaces.EntityQuerySpaceImpl@5e0cad73]
14:11:15.983 [Test worker] DEBUG o.h.p.w.spi.MetamodelGraphWalker - Visiting attribute path : target
14:11:15.983 [Test worker] DEBUG o.h.l.p.b.i.spaces.QuerySpacesImpl - Adding QuerySpace : uid = <gen:2> -> org.hibernate.loader.plan.build.internal.spaces.EntityQuerySpaceImpl@124f8942]
14:11:15.983 [Test worker] DEBUG o.h.p.w.spi.MetamodelGraphWalker - Visiting attribute path : version
14:11:15.983 [Test worker] DEBUG o.h.l.p.b.i.FetchStyleLoadPlanBuildingAssociationVisitationStrategy - Building LoadPlan...
14:11:15.983 [Test worker] DEBUG o.h.l.p.e.i.LoadQueryJoinAndFetchProcessor - processing queryspace <gen:0>
14:11:15.983 [Test worker] DEBUG o.h.l.p.b.spi.LoadPlanTreePrinter - LoadPlan(entity=org.project.neutrino.nfvo.catalogue.mano.descriptor.VDUDependency)
    - Returns
       - EntityReturnImpl(entity=org.project.neutrino.nfvo.catalogue.mano.descriptor.VDUDependency, querySpaceUid=<gen:0>, path=org.project.neutrino.nfvo.catalogue.mano.descriptor.VDUDependency)
          - EntityAttributeFetchImpl(entity=org.project.neutrino.nfvo.catalogue.mano.descriptor.VirtualDeploymentUnit, querySpaceUid=<gen:1>, path=org.project.neutrino.nfvo.catalogue.mano.descriptor.VDUDependency.source)
          - EntityAttributeFetchImpl(entity=org.project.neutrino.nfvo.catalogue.mano.descriptor.VirtualDeploymentUnit, querySpaceUid=<gen:2>, path=org.project.neutrino.nfvo.catalogue.mano.descriptor.VDUDependency.target)
    - QuerySpaces
       - EntityQuerySpaceImpl(uid=<gen:0>, entity=org.project.neutrino.nfvo.catalogue.mano.descriptor.VDUDependency)
          - SQL table alias mapping - vdudepende0_
          - alias suffix - 0_
          - suffixed key columns - {id1_46_0_}

14:11:15.983 [Test worker] DEBUG o.h.loader.entity.plan.EntityLoader - Static select for entity org.project.neutrino.nfvo.catalogue.mano.descriptor.VDUDependency [OPTIMISTIC_FORCE_INCREMENT]: select vdudepende0_.id as id1_46_0_, vdudepende0_.source_id as source_i3_46_0_, vdudepende0_.target_id as target_i4_46_0_, vdudepende0_.version as version2_46_0_ from vdudependency vdudepende0_ where vdudepende0_.id=?
14:11:15.984 [Test worker] DEBUG org.hibernate.loader.Loader - Static select for action ACTION_MERGE on entity org.project.neutrino.nfvo.catalogue.mano.descriptor.VDUDependency: select vdudepende0_.id as id1_46_3_, vdudepende0_.source_id as source_i3_46_3_, vdudepende0_.target_id as target_i4_46_3_, vdudepende0_.version as version2_46_3_, virtualdep1_.id as id1_47_0_, virtualdep1_.computation_requirement as computat2_47_0_, virtualdep1_.high_availability as high_ava3_47_0_, virtualdep1_.scale_in_out as scale_in4_47_0_, virtualdep1_.vdu_constraint as vdu_cons5_47_0_, virtualdep1_.version as version6_47_0_, virtualdep1_.virtual_memory_resource_element as virtual_7_47_0_, virtualdep1_.virtual_network_bandwidth_resource as virtual_8_47_0_, lifecycle_2_.virtual_deployment_unit_id as virtual_1_47_5_, lifecyclee3_.id as lifecycl2_48_5_, lifecyclee3_.id as id1_10_1_, lifecyclee3_.version as version2_10_1_, virtualdep4_.id as id1_47_2_, virtualdep4_.computation_requirement as computat2_47_2_, virtualdep4_.high_availability as high_ava3_47_2_, virtualdep4_.scale_in_out as scale_in4_47_2_, virtualdep4_.vdu_constraint as vdu_cons5_47_2_, virtualdep4_.version as version6_47_2_, virtualdep4_.virtual_memory_resource_element as virtual_7_47_2_, virtualdep4_.virtual_network_bandwidth_resource as virtual_8_47_2_ from vdudependency vdudepende0_ left outer join virtual_deployment_unit virtualdep1_ on vdudepende0_.source_id=virtualdep1_.id left outer join virtual_deployment_unit_lifecycle_event lifecycle_2_ on virtualdep1_.id=lifecycle_2_.virtual_deployment_unit_id left outer join lifecycle_event lifecyclee3_ on lifecycle_2_.lifecycle_event_id=lifecyclee3_.id left outer join virtual_deployment_unit virtualdep4_ on vdudepende0_.target_id=virtualdep4_.id where vdudepende0_.id=?
14:11:15.984 [Test worker] DEBUG org.hibernate.loader.Loader - Static select for action ACTION_REFRESH on entity org.project.neutrino.nfvo.catalogue.mano.descriptor.VDUDependency: select vdudepende0_.id as id1_46_0_, vdudepende0_.source_id as source_i3_46_0_, vdudepende0_.target_id as target_i4_46_0_, vdudepende0_.version as version2_46_0_ from vdudependency vdudepende0_ where vdudepende0_.id=?
14:11:15.984 [Test worker] DEBUG o.h.p.entity.AbstractEntityPersister - Static SQL for entity: org.project.neutrino.nfvo.catalogue.mano.common.ConnectionPoint
14:11:15.984 [Test worker] DEBUG o.h.p.entity.AbstractEntityPersister -  Version select: select version from connection_point where id =?
14:11:15.984 [Test worker] DEBUG o.h.p.entity.AbstractEntityPersister -  Snapshot select: select connection_.id, connection_.type as type2_4_, connection_.version as version3_4_ from ( select id, type, version, null as virtual_link_reference, 0 as clazz_ from connection_point union select id, type, version, virtual_link_reference, 1 as clazz_ from vnfdconnection_point ) connection_ where connection_.id=?
14:11:15.984 [Test worker] DEBUG o.h.p.entity.AbstractEntityPersister -  Insert 0: insert into connection_point (type, version, id) values (?, ?, ?)
14:11:15.984 [Test worker] DEBUG o.h.p.entity.AbstractEntityPersister -  Update 0: update connection_point set type=?, version=? where id=? and version=?
14:11:15.984 [Test worker] DEBUG o.h.p.entity.AbstractEntityPersister -  Delete 0: delete from connection_point where id=? and version=?
14:11:15.984 [Test worker] DEBUG o.h.l.p.b.i.spaces.QuerySpacesImpl - Adding QuerySpace : uid = <gen:0> -> org.hibernate.loader.plan.build.internal.spaces.EntityQuerySpaceImpl@23bc5572]
14:11:15.984 [Test worker] DEBUG o.h.p.w.spi.MetamodelGraphWalker - Visiting attribute path : type
14:11:15.984 [Test worker] DEBUG o.h.p.w.spi.MetamodelGraphWalker - Visiting attribute path : version
14:11:15.984 [Test worker] DEBUG o.h.p.w.spi.MetamodelGraphWalker - Visiting attribute path : virtual_link_reference
14:11:15.984 [Test worker] DEBUG o.h.l.p.b.i.FetchStyleLoadPlanBuildingAssociationVisitationStrategy - Building LoadPlan...
14:11:15.984 [Test worker] DEBUG o.h.l.p.e.i.LoadQueryJoinAndFetchProcessor - processing queryspace <gen:0>
14:11:15.984 [Test worker] DEBUG o.h.l.p.b.spi.LoadPlanTreePrinter - LoadPlan(entity=org.project.neutrino.nfvo.catalogue.mano.common.ConnectionPoint)
    - Returns
       - EntityReturnImpl(entity=org.project.neutrino.nfvo.catalogue.mano.common.ConnectionPoint, querySpaceUid=<gen:0>, path=org.project.neutrino.nfvo.catalogue.mano.common.ConnectionPoint)
    - QuerySpaces
       - EntityQuerySpaceImpl(uid=<gen:0>, entity=org.project.neutrino.nfvo.catalogue.mano.common.ConnectionPoint)
          - SQL table alias mapping - connection0_
          - alias suffix - 0_
          - suffixed key columns - {id1_4_0_}

14:11:15.984 [Test worker] DEBUG o.h.loader.entity.plan.EntityLoader - Static select for entity org.project.neutrino.nfvo.catalogue.mano.common.ConnectionPoint [NONE]: select connection0_.id as id1_4_0_, connection0_.type as type2_4_0_, connection0_.version as version3_4_0_, connection0_.virtual_link_reference as virtual_1_82_0_, connection0_.clazz_ as clazz_0_ from ( select id, type, version, null as virtual_link_reference, 0 as clazz_ from connection_point union select id, type, version, virtual_link_reference, 1 as clazz_ from vnfdconnection_point ) connection0_ where connection0_.id=?
14:11:15.984 [Test worker] DEBUG o.h.l.p.b.i.spaces.QuerySpacesImpl - Adding QuerySpace : uid = <gen:0> -> org.hibernate.loader.plan.build.internal.spaces.EntityQuerySpaceImpl@61a79e53]
14:11:15.984 [Test worker] DEBUG o.h.p.w.spi.MetamodelGraphWalker - Visiting attribute path : type
14:11:15.984 [Test worker] DEBUG o.h.p.w.spi.MetamodelGraphWalker - Visiting attribute path : version
14:11:15.984 [Test worker] DEBUG o.h.p.w.spi.MetamodelGraphWalker - Visiting attribute path : virtual_link_reference
14:11:15.985 [Test worker] DEBUG o.h.l.p.b.i.FetchStyleLoadPlanBuildingAssociationVisitationStrategy - Building LoadPlan...
14:11:15.985 [Test worker] DEBUG o.h.l.p.e.i.LoadQueryJoinAndFetchProcessor - processing queryspace <gen:0>
14:11:15.985 [Test worker] DEBUG o.h.l.p.b.spi.LoadPlanTreePrinter - LoadPlan(entity=org.project.neutrino.nfvo.catalogue.mano.common.ConnectionPoint)
    - Returns
       - EntityReturnImpl(entity=org.project.neutrino.nfvo.catalogue.mano.common.ConnectionPoint, querySpaceUid=<gen:0>, path=org.project.neutrino.nfvo.catalogue.mano.common.ConnectionPoint)
    - QuerySpaces
       - EntityQuerySpaceImpl(uid=<gen:0>, entity=org.project.neutrino.nfvo.catalogue.mano.common.ConnectionPoint)
          - SQL table alias mapping - connection0_
          - alias suffix - 0_
          - suffixed key columns - {id1_4_0_}

14:11:15.985 [Test worker] DEBUG o.h.loader.entity.plan.EntityLoader - Static select for entity org.project.neutrino.nfvo.catalogue.mano.common.ConnectionPoint [READ]: select connection0_.id as id1_4_0_, connection0_.type as type2_4_0_, connection0_.version as version3_4_0_, connection0_.virtual_link_reference as virtual_1_82_0_, connection0_.clazz_ as clazz_0_ from ( select id, type, version, null as virtual_link_reference, 0 as clazz_ from connection_point union select id, type, version, virtual_link_reference, 1 as clazz_ from vnfdconnection_point ) connection0_ where connection0_.id=?
14:11:15.985 [Test worker] DEBUG o.h.l.p.b.i.spaces.QuerySpacesImpl - Adding QuerySpace : uid = <gen:0> -> org.hibernate.loader.plan.build.internal.spaces.EntityQuerySpaceImpl@7ee53f21]
14:11:15.985 [Test worker] DEBUG o.h.p.w.spi.MetamodelGraphWalker - Visiting attribute path : type
14:11:15.985 [Test worker] DEBUG o.h.p.w.spi.MetamodelGraphWalker - Visiting attribute path : version
14:11:15.985 [Test worker] DEBUG o.h.p.w.spi.MetamodelGraphWalker - Visiting attribute path : virtual_link_reference
14:11:15.985 [Test worker] DEBUG o.h.l.p.b.i.FetchStyleLoadPlanBuildingAssociationVisitationStrategy - Building LoadPlan...
14:11:15.985 [Test worker] DEBUG o.h.l.p.e.i.LoadQueryJoinAndFetchProcessor - processing queryspace <gen:0>
14:11:15.985 [Test worker] DEBUG o.h.l.p.b.spi.LoadPlanTreePrinter - LoadPlan(entity=org.project.neutrino.nfvo.catalogue.mano.common.ConnectionPoint)
    - Returns
       - EntityReturnImpl(entity=org.project.neutrino.nfvo.catalogue.mano.common.ConnectionPoint, querySpaceUid=<gen:0>, path=org.project.neutrino.nfvo.catalogue.mano.common.ConnectionPoint)
    - QuerySpaces
       - EntityQuerySpaceImpl(uid=<gen:0>, entity=org.project.neutrino.nfvo.catalogue.mano.common.ConnectionPoint)
          - SQL table alias mapping - connection0_
          - alias suffix - 0_
          - suffixed key columns - {id1_4_0_}

14:11:15.985 [Test worker] DEBUG o.h.loader.entity.plan.EntityLoader - Static select for entity org.project.neutrino.nfvo.catalogue.mano.common.ConnectionPoint [UPGRADE]: select connection0_.id as id1_4_0_, connection0_.type as type2_4_0_, connection0_.version as version3_4_0_, connection0_.virtual_link_reference as virtual_1_82_0_, connection0_.clazz_ as clazz_0_ from ( select id, type, version, null as virtual_link_reference, 0 as clazz_ from connection_point union select id, type, version, virtual_link_reference, 1 as clazz_ from vnfdconnection_point ) connection0_ where connection0_.id=? for update
14:11:15.985 [Test worker] DEBUG o.h.l.p.b.i.spaces.QuerySpacesImpl - Adding QuerySpace : uid = <gen:0> -> org.hibernate.loader.plan.build.internal.spaces.EntityQuerySpaceImpl@4c64f1a9]
14:11:15.985 [Test worker] DEBUG o.h.p.w.spi.MetamodelGraphWalker - Visiting attribute path : type
14:11:15.985 [Test worker] DEBUG o.h.p.w.spi.MetamodelGraphWalker - Visiting attribute path : version
14:11:15.985 [Test worker] DEBUG o.h.p.w.spi.MetamodelGraphWalker - Visiting attribute path : virtual_link_reference
14:11:15.985 [Test worker] DEBUG o.h.l.p.b.i.FetchStyleLoadPlanBuildingAssociationVisitationStrategy - Building LoadPlan...
14:11:15.987 [Test worker] DEBUG o.h.l.p.e.i.LoadQueryJoinAndFetchProcessor - processing queryspace <gen:0>
14:11:15.987 [Test worker] DEBUG o.h.l.p.b.spi.LoadPlanTreePrinter - LoadPlan(entity=org.project.neutrino.nfvo.catalogue.mano.common.ConnectionPoint)
    - Returns
       - EntityReturnImpl(entity=org.project.neutrino.nfvo.catalogue.mano.common.ConnectionPoint, querySpaceUid=<gen:0>, path=org.project.neutrino.nfvo.catalogue.mano.common.ConnectionPoint)
    - QuerySpaces
       - EntityQuerySpaceImpl(uid=<gen:0>, entity=org.project.neutrino.nfvo.catalogue.mano.common.ConnectionPoint)
          - SQL table alias mapping - connection0_
          - alias suffix - 0_
          - suffixed key columns - {id1_4_0_}

14:11:15.987 [Test worker] DEBUG o.h.loader.entity.plan.EntityLoader - Static select for entity org.project.neutrino.nfvo.catalogue.mano.common.ConnectionPoint [UPGRADE_NOWAIT]: select connection0_.id as id1_4_0_, connection0_.type as type2_4_0_, connection0_.version as version3_4_0_, connection0_.virtual_link_reference as virtual_1_82_0_, connection0_.clazz_ as clazz_0_ from ( select id, type, version, null as virtual_link_reference, 0 as clazz_ from connection_point union select id, type, version, virtual_link_reference, 1 as clazz_ from vnfdconnection_point ) connection0_ where connection0_.id=? for update
14:11:15.987 [Test worker] DEBUG o.h.l.p.b.i.spaces.QuerySpacesImpl - Adding QuerySpace : uid = <gen:0> -> org.hibernate.loader.plan.build.internal.spaces.EntityQuerySpaceImpl@671a443f]
14:11:15.987 [Test worker] DEBUG o.h.p.w.spi.MetamodelGraphWalker - Visiting attribute path : type
14:11:15.987 [Test worker] DEBUG o.h.p.w.spi.MetamodelGraphWalker - Visiting attribute path : version
14:11:15.987 [Test worker] DEBUG o.h.p.w.spi.MetamodelGraphWalker - Visiting attribute path : virtual_link_reference
14:11:15.987 [Test worker] DEBUG o.h.l.p.b.i.FetchStyleLoadPlanBuildingAssociationVisitationStrategy - Building LoadPlan...
14:11:15.987 [Test worker] DEBUG o.h.l.p.e.i.LoadQueryJoinAndFetchProcessor - processing queryspace <gen:0>
14:11:15.987 [Test worker] DEBUG o.h.l.p.b.spi.LoadPlanTreePrinter - LoadPlan(entity=org.project.neutrino.nfvo.catalogue.mano.common.ConnectionPoint)
    - Returns
       - EntityReturnImpl(entity=org.project.neutrino.nfvo.catalogue.mano.common.ConnectionPoint, querySpaceUid=<gen:0>, path=org.project.neutrino.nfvo.catalogue.mano.common.ConnectionPoint)
    - QuerySpaces
       - EntityQuerySpaceImpl(uid=<gen:0>, entity=org.project.neutrino.nfvo.catalogue.mano.common.ConnectionPoint)
          - SQL table alias mapping - connection0_
          - alias suffix - 0_
          - suffixed key columns - {id1_4_0_}

14:11:15.987 [Test worker] DEBUG o.h.loader.entity.plan.EntityLoader - Static select for entity org.project.neutrino.nfvo.catalogue.mano.common.ConnectionPoint [UPGRADE_SKIPLOCKED]: select connection0_.id as id1_4_0_, connection0_.type as type2_4_0_, connection0_.version as version3_4_0_, connection0_.virtual_link_reference as virtual_1_82_0_, connection0_.clazz_ as clazz_0_ from ( select id, type, version, null as virtual_link_reference, 0 as clazz_ from connection_point union select id, type, version, virtual_link_reference, 1 as clazz_ from vnfdconnection_point ) connection0_ where connection0_.id=? for update
14:11:15.988 [Test worker] DEBUG o.h.l.p.b.i.spaces.QuerySpacesImpl - Adding QuerySpace : uid = <gen:0> -> org.hibernate.loader.plan.build.internal.spaces.EntityQuerySpaceImpl@d6a5d3b]
14:11:15.988 [Test worker] DEBUG o.h.p.w.spi.MetamodelGraphWalker - Visiting attribute path : type
14:11:15.988 [Test worker] DEBUG o.h.p.w.spi.MetamodelGraphWalker - Visiting attribute path : version
14:11:15.988 [Test worker] DEBUG o.h.p.w.spi.MetamodelGraphWalker - Visiting attribute path : virtual_link_reference
14:11:15.988 [Test worker] DEBUG o.h.l.p.b.i.FetchStyleLoadPlanBuildingAssociationVisitationStrategy - Building LoadPlan...
14:11:15.988 [Test worker] DEBUG o.h.l.p.e.i.LoadQueryJoinAndFetchProcessor - processing queryspace <gen:0>
14:11:15.988 [Test worker] DEBUG o.h.l.p.b.spi.LoadPlanTreePrinter - LoadPlan(entity=org.project.neutrino.nfvo.catalogue.mano.common.ConnectionPoint)
    - Returns
       - EntityReturnImpl(entity=org.project.neutrino.nfvo.catalogue.mano.common.ConnectionPoint, querySpaceUid=<gen:0>, path=org.project.neutrino.nfvo.catalogue.mano.common.ConnectionPoint)
    - QuerySpaces
       - EntityQuerySpaceImpl(uid=<gen:0>, entity=org.project.neutrino.nfvo.catalogue.mano.common.ConnectionPoint)
          - SQL table alias mapping - connection0_
          - alias suffix - 0_
          - suffixed key columns - {id1_4_0_}

14:11:15.988 [Test worker] DEBUG o.h.loader.entity.plan.EntityLoader - Static select for entity org.project.neutrino.nfvo.catalogue.mano.common.ConnectionPoint [FORCE]: select connection0_.id as id1_4_0_, connection0_.type as type2_4_0_, connection0_.version as version3_4_0_, connection0_.virtual_link_reference as virtual_1_82_0_, connection0_.clazz_ as clazz_0_ from ( select id, type, version, null as virtual_link_reference, 0 as clazz_ from connection_point union select id, type, version, virtual_link_reference, 1 as clazz_ from vnfdconnection_point ) connection0_ where connection0_.id=? for update
14:11:15.988 [Test worker] DEBUG o.h.l.p.b.i.spaces.QuerySpacesImpl - Adding QuerySpace : uid = <gen:0> -> org.hibernate.loader.plan.build.internal.spaces.EntityQuerySpaceImpl@5b56e233]
14:11:15.989 [Test worker] DEBUG o.h.p.w.spi.MetamodelGraphWalker - Visiting attribute path : type
14:11:15.989 [Test worker] DEBUG o.h.p.w.spi.MetamodelGraphWalker - Visiting attribute path : version
14:11:15.989 [Test worker] DEBUG o.h.p.w.spi.MetamodelGraphWalker - Visiting attribute path : virtual_link_reference
14:11:15.989 [Test worker] DEBUG o.h.l.p.b.i.FetchStyleLoadPlanBuildingAssociationVisitationStrategy - Building LoadPlan...
14:11:15.989 [Test worker] DEBUG o.h.l.p.e.i.LoadQueryJoinAndFetchProcessor - processing queryspace <gen:0>
14:11:15.989 [Test worker] DEBUG o.h.l.p.b.spi.LoadPlanTreePrinter - LoadPlan(entity=org.project.neutrino.nfvo.catalogue.mano.common.ConnectionPoint)
    - Returns
       - EntityReturnImpl(entity=org.project.neutrino.nfvo.catalogue.mano.common.ConnectionPoint, querySpaceUid=<gen:0>, path=org.project.neutrino.nfvo.catalogue.mano.common.ConnectionPoint)
    - QuerySpaces
       - EntityQuerySpaceImpl(uid=<gen:0>, entity=org.project.neutrino.nfvo.catalogue.mano.common.ConnectionPoint)
          - SQL table alias mapping - connection0_
          - alias suffix - 0_
          - suffixed key columns - {id1_4_0_}

14:11:15.989 [Test worker] DEBUG o.h.loader.entity.plan.EntityLoader - Static select for entity org.project.neutrino.nfvo.catalogue.mano.common.ConnectionPoint [PESSIMISTIC_READ]: select connection0_.id as id1_4_0_, connection0_.type as type2_4_0_, connection0_.version as version3_4_0_, connection0_.virtual_link_reference as virtual_1_82_0_, connection0_.clazz_ as clazz_0_ from ( select id, type, version, null as virtual_link_reference, 0 as clazz_ from connection_point union select id, type, version, virtual_link_reference, 1 as clazz_ from vnfdconnection_point ) connection0_ where connection0_.id=? lock in share mode
14:11:15.989 [Test worker] DEBUG o.h.l.p.b.i.spaces.QuerySpacesImpl - Adding QuerySpace : uid = <gen:0> -> org.hibernate.loader.plan.build.internal.spaces.EntityQuerySpaceImpl@7eb03b9a]
14:11:15.989 [Test worker] DEBUG o.h.p.w.spi.MetamodelGraphWalker - Visiting attribute path : type
14:11:15.989 [Test worker] DEBUG o.h.p.w.spi.MetamodelGraphWalker - Visiting attribute path : version
14:11:15.989 [Test worker] DEBUG o.h.p.w.spi.MetamodelGraphWalker - Visiting attribute path : virtual_link_reference
14:11:15.990 [Test worker] DEBUG o.h.l.p.b.i.FetchStyleLoadPlanBuildingAssociationVisitationStrategy - Building LoadPlan...
14:11:15.990 [Test worker] DEBUG o.h.l.p.e.i.LoadQueryJoinAndFetchProcessor - processing queryspace <gen:0>
14:11:15.990 [Test worker] DEBUG o.h.l.p.b.spi.LoadPlanTreePrinter - LoadPlan(entity=org.project.neutrino.nfvo.catalogue.mano.common.ConnectionPoint)
    - Returns
       - EntityReturnImpl(entity=org.project.neutrino.nfvo.catalogue.mano.common.ConnectionPoint, querySpaceUid=<gen:0>, path=org.project.neutrino.nfvo.catalogue.mano.common.ConnectionPoint)
    - QuerySpaces
       - EntityQuerySpaceImpl(uid=<gen:0>, entity=org.project.neutrino.nfvo.catalogue.mano.common.ConnectionPoint)
          - SQL table alias mapping - connection0_
          - alias suffix - 0_
          - suffixed key columns - {id1_4_0_}

14:11:15.990 [Test worker] DEBUG o.h.loader.entity.plan.EntityLoader - Static select for entity org.project.neutrino.nfvo.catalogue.mano.common.ConnectionPoint [PESSIMISTIC_WRITE]: select connection0_.id as id1_4_0_, connection0_.type as type2_4_0_, connection0_.version as version3_4_0_, connection0_.virtual_link_reference as virtual_1_82_0_, connection0_.clazz_ as clazz_0_ from ( select id, type, version, null as virtual_link_reference, 0 as clazz_ from connection_point union select id, type, version, virtual_link_reference, 1 as clazz_ from vnfdconnection_point ) connection0_ where connection0_.id=? for update
14:11:15.990 [Test worker] DEBUG o.h.l.p.b.i.spaces.QuerySpacesImpl - Adding QuerySpace : uid = <gen:0> -> org.hibernate.loader.plan.build.internal.spaces.EntityQuerySpaceImpl@34cf1067]
14:11:15.990 [Test worker] DEBUG o.h.p.w.spi.MetamodelGraphWalker - Visiting attribute path : type
14:11:15.990 [Test worker] DEBUG o.h.p.w.spi.MetamodelGraphWalker - Visiting attribute path : version
14:11:15.990 [Test worker] DEBUG o.h.p.w.spi.MetamodelGraphWalker - Visiting attribute path : virtual_link_reference
14:11:15.990 [Test worker] DEBUG o.h.l.p.b.i.FetchStyleLoadPlanBuildingAssociationVisitationStrategy - Building LoadPlan...
14:11:15.990 [Test worker] DEBUG o.h.l.p.e.i.LoadQueryJoinAndFetchProcessor - processing queryspace <gen:0>
14:11:15.990 [Test worker] DEBUG o.h.l.p.b.spi.LoadPlanTreePrinter - LoadPlan(entity=org.project.neutrino.nfvo.catalogue.mano.common.ConnectionPoint)
    - Returns
       - EntityReturnImpl(entity=org.project.neutrino.nfvo.catalogue.mano.common.ConnectionPoint, querySpaceUid=<gen:0>, path=org.project.neutrino.nfvo.catalogue.mano.common.ConnectionPoint)
    - QuerySpaces
       - EntityQuerySpaceImpl(uid=<gen:0>, entity=org.project.neutrino.nfvo.catalogue.mano.common.ConnectionPoint)
          - SQL table alias mapping - connection0_
          - alias suffix - 0_
          - suffixed key columns - {id1_4_0_}

14:11:15.990 [Test worker] DEBUG o.h.loader.entity.plan.EntityLoader - Static select for entity org.project.neutrino.nfvo.catalogue.mano.common.ConnectionPoint [PESSIMISTIC_FORCE_INCREMENT]: select connection0_.id as id1_4_0_, connection0_.type as type2_4_0_, connection0_.version as version3_4_0_, connection0_.virtual_link_reference as virtual_1_82_0_, connection0_.clazz_ as clazz_0_ from ( select id, type, version, null as virtual_link_reference, 0 as clazz_ from connection_point union select id, type, version, virtual_link_reference, 1 as clazz_ from vnfdconnection_point ) connection0_ where connection0_.id=? for update
14:11:15.990 [Test worker] DEBUG o.h.l.p.b.i.spaces.QuerySpacesImpl - Adding QuerySpace : uid = <gen:0> -> org.hibernate.loader.plan.build.internal.spaces.EntityQuerySpaceImpl@4db20b84]
14:11:15.991 [Test worker] DEBUG o.h.p.w.spi.MetamodelGraphWalker - Visiting attribute path : type
14:11:15.991 [Test worker] DEBUG o.h.p.w.spi.MetamodelGraphWalker - Visiting attribute path : version
14:11:15.991 [Test worker] DEBUG o.h.p.w.spi.MetamodelGraphWalker - Visiting attribute path : virtual_link_reference
14:11:15.991 [Test worker] DEBUG o.h.l.p.b.i.FetchStyleLoadPlanBuildingAssociationVisitationStrategy - Building LoadPlan...
14:11:15.991 [Test worker] DEBUG o.h.l.p.e.i.LoadQueryJoinAndFetchProcessor - processing queryspace <gen:0>
14:11:15.991 [Test worker] DEBUG o.h.l.p.b.spi.LoadPlanTreePrinter - LoadPlan(entity=org.project.neutrino.nfvo.catalogue.mano.common.ConnectionPoint)
    - Returns
       - EntityReturnImpl(entity=org.project.neutrino.nfvo.catalogue.mano.common.ConnectionPoint, querySpaceUid=<gen:0>, path=org.project.neutrino.nfvo.catalogue.mano.common.ConnectionPoint)
    - QuerySpaces
       - EntityQuerySpaceImpl(uid=<gen:0>, entity=org.project.neutrino.nfvo.catalogue.mano.common.ConnectionPoint)
          - SQL table alias mapping - connection0_
          - alias suffix - 0_
          - suffixed key columns - {id1_4_0_}

14:11:15.991 [Test worker] DEBUG o.h.loader.entity.plan.EntityLoader - Static select for entity org.project.neutrino.nfvo.catalogue.mano.common.ConnectionPoint [OPTIMISTIC]: select connection0_.id as id1_4_0_, connection0_.type as type2_4_0_, connection0_.version as version3_4_0_, connection0_.virtual_link_reference as virtual_1_82_0_, connection0_.clazz_ as clazz_0_ from ( select id, type, version, null as virtual_link_reference, 0 as clazz_ from connection_point union select id, type, version, virtual_link_reference, 1 as clazz_ from vnfdconnection_point ) connection0_ where connection0_.id=?
14:11:15.991 [Test worker] DEBUG o.h.l.p.b.i.spaces.QuerySpacesImpl - Adding QuerySpace : uid = <gen:0> -> org.hibernate.loader.plan.build.internal.spaces.EntityQuerySpaceImpl@65c90a26]
14:11:15.991 [Test worker] DEBUG o.h.p.w.spi.MetamodelGraphWalker - Visiting attribute path : type
14:11:15.991 [Test worker] DEBUG o.h.p.w.spi.MetamodelGraphWalker - Visiting attribute path : version
14:11:15.991 [Test worker] DEBUG o.h.p.w.spi.MetamodelGraphWalker - Visiting attribute path : virtual_link_reference
14:11:15.991 [Test worker] DEBUG o.h.l.p.b.i.FetchStyleLoadPlanBuildingAssociationVisitationStrategy - Building LoadPlan...
14:11:15.991 [Test worker] DEBUG o.h.l.p.e.i.LoadQueryJoinAndFetchProcessor - processing queryspace <gen:0>
14:11:15.991 [Test worker] DEBUG o.h.l.p.b.spi.LoadPlanTreePrinter - LoadPlan(entity=org.project.neutrino.nfvo.catalogue.mano.common.ConnectionPoint)
    - Returns
       - EntityReturnImpl(entity=org.project.neutrino.nfvo.catalogue.mano.common.ConnectionPoint, querySpaceUid=<gen:0>, path=org.project.neutrino.nfvo.catalogue.mano.common.ConnectionPoint)
    - QuerySpaces
       - EntityQuerySpaceImpl(uid=<gen:0>, entity=org.project.neutrino.nfvo.catalogue.mano.common.ConnectionPoint)
          - SQL table alias mapping - connection0_
          - alias suffix - 0_
          - suffixed key columns - {id1_4_0_}

14:11:15.992 [Test worker] DEBUG o.h.loader.entity.plan.EntityLoader - Static select for entity org.project.neutrino.nfvo.catalogue.mano.common.ConnectionPoint [OPTIMISTIC_FORCE_INCREMENT]: select connection0_.id as id1_4_0_, connection0_.type as type2_4_0_, connection0_.version as version3_4_0_, connection0_.virtual_link_reference as virtual_1_82_0_, connection0_.clazz_ as clazz_0_ from ( select id, type, version, null as virtual_link_reference, 0 as clazz_ from connection_point union select id, type, version, virtual_link_reference, 1 as clazz_ from vnfdconnection_point ) connection0_ where connection0_.id=?
14:11:15.993 [Test worker] DEBUG org.hibernate.loader.Loader - Static select for action ACTION_MERGE on entity org.project.neutrino.nfvo.catalogue.mano.common.ConnectionPoint: select connection0_.id as id1_4_0_, connection0_.type as type2_4_0_, connection0_.version as version3_4_0_, connection0_.virtual_link_reference as virtual_1_82_0_, connection0_.clazz_ as clazz_0_ from ( select id, type, version, null as virtual_link_reference, 0 as clazz_ from connection_point union select id, type, version, virtual_link_reference, 1 as clazz_ from vnfdconnection_point ) connection0_ where connection0_.id=?
14:11:15.993 [Test worker] DEBUG org.hibernate.loader.Loader - Static select for action ACTION_REFRESH on entity org.project.neutrino.nfvo.catalogue.mano.common.ConnectionPoint: select connection0_.id as id1_4_0_, connection0_.type as type2_4_0_, connection0_.version as version3_4_0_, connection0_.virtual_link_reference as virtual_1_82_0_, connection0_.clazz_ as clazz_0_ from ( select id, type, version, null as virtual_link_reference, 0 as clazz_ from connection_point union select id, type, version, virtual_link_reference, 1 as clazz_ from vnfdconnection_point ) connection0_ where connection0_.id=?
14:11:15.993 [Test worker] DEBUG o.h.p.entity.AbstractEntityPersister - Static SQL for entity: org.project.neutrino.nfvo.catalogue.mano.common.AutoScalePolicy
14:11:15.993 [Test worker] DEBUG o.h.p.entity.AbstractEntityPersister -  Version select: select version from auto_scale_policy where id =?
14:11:15.993 [Test worker] DEBUG o.h.p.entity.AbstractEntityPersister -  Snapshot select: select autoscalep_.id, autoscalep_.version as version2_3_ from auto_scale_policy autoscalep_ where autoscalep_.id=?
14:11:15.993 [Test worker] DEBUG o.h.p.entity.AbstractEntityPersister -  Insert 0: insert into auto_scale_policy (version, id) values (?, ?)
14:11:15.993 [Test worker] DEBUG o.h.p.entity.AbstractEntityPersister -  Update 0: update auto_scale_policy set version=? where id=? and version=?
14:11:15.993 [Test worker] DEBUG o.h.p.entity.AbstractEntityPersister -  Delete 0: delete from auto_scale_policy where id=? and version=?
14:11:15.993 [Test worker] DEBUG o.h.l.p.b.i.spaces.QuerySpacesImpl - Adding QuerySpace : uid = <gen:0> -> org.hibernate.loader.plan.build.internal.spaces.EntityQuerySpaceImpl@47b6a606]
14:11:15.993 [Test worker] DEBUG o.h.p.w.spi.MetamodelGraphWalker - Visiting attribute path : version
14:11:15.993 [Test worker] DEBUG o.h.l.p.b.i.FetchStyleLoadPlanBuildingAssociationVisitationStrategy - Building LoadPlan...
14:11:15.993 [Test worker] DEBUG o.h.l.p.e.i.LoadQueryJoinAndFetchProcessor - processing queryspace <gen:0>
14:11:15.994 [Test worker] DEBUG o.h.l.p.b.spi.LoadPlanTreePrinter - LoadPlan(entity=org.project.neutrino.nfvo.catalogue.mano.common.AutoScalePolicy)
    - Returns
       - EntityReturnImpl(entity=org.project.neutrino.nfvo.catalogue.mano.common.AutoScalePolicy, querySpaceUid=<gen:0>, path=org.project.neutrino.nfvo.catalogue.mano.common.AutoScalePolicy)
    - QuerySpaces
       - EntityQuerySpaceImpl(uid=<gen:0>, entity=org.project.neutrino.nfvo.catalogue.mano.common.AutoScalePolicy)
          - SQL table alias mapping - autoscalep0_
          - alias suffix - 0_
          - suffixed key columns - {id1_3_0_}

14:11:15.994 [Test worker] DEBUG o.h.loader.entity.plan.EntityLoader - Static select for entity org.project.neutrino.nfvo.catalogue.mano.common.AutoScalePolicy [NONE]: select autoscalep0_.id as id1_3_0_, autoscalep0_.version as version2_3_0_ from auto_scale_policy autoscalep0_ where autoscalep0_.id=?
14:11:15.994 [Test worker] DEBUG o.h.l.p.b.i.spaces.QuerySpacesImpl - Adding QuerySpace : uid = <gen:0> -> org.hibernate.loader.plan.build.internal.spaces.EntityQuerySpaceImpl@170282ca]
14:11:15.994 [Test worker] DEBUG o.h.p.w.spi.MetamodelGraphWalker - Visiting attribute path : version
14:11:15.994 [Test worker] DEBUG o.h.l.p.b.i.FetchStyleLoadPlanBuildingAssociationVisitationStrategy - Building LoadPlan...
14:11:15.994 [Test worker] DEBUG o.h.l.p.e.i.LoadQueryJoinAndFetchProcessor - processing queryspace <gen:0>
14:11:15.994 [Test worker] DEBUG o.h.l.p.b.spi.LoadPlanTreePrinter - LoadPlan(entity=org.project.neutrino.nfvo.catalogue.mano.common.AutoScalePolicy)
    - Returns
       - EntityReturnImpl(entity=org.project.neutrino.nfvo.catalogue.mano.common.AutoScalePolicy, querySpaceUid=<gen:0>, path=org.project.neutrino.nfvo.catalogue.mano.common.AutoScalePolicy)
    - QuerySpaces
       - EntityQuerySpaceImpl(uid=<gen:0>, entity=org.project.neutrino.nfvo.catalogue.mano.common.AutoScalePolicy)
          - SQL table alias mapping - autoscalep0_
          - alias suffix - 0_
          - suffixed key columns - {id1_3_0_}

14:11:15.995 [Test worker] DEBUG o.h.loader.entity.plan.EntityLoader - Static select for entity org.project.neutrino.nfvo.catalogue.mano.common.AutoScalePolicy [READ]: select autoscalep0_.id as id1_3_0_, autoscalep0_.version as version2_3_0_ from auto_scale_policy autoscalep0_ where autoscalep0_.id=?
14:11:15.995 [Test worker] DEBUG o.h.l.p.b.i.spaces.QuerySpacesImpl - Adding QuerySpace : uid = <gen:0> -> org.hibernate.loader.plan.build.internal.spaces.EntityQuerySpaceImpl@32e1b74e]
14:11:15.995 [Test worker] DEBUG o.h.p.w.spi.MetamodelGraphWalker - Visiting attribute path : version
14:11:15.995 [Test worker] DEBUG o.h.l.p.b.i.FetchStyleLoadPlanBuildingAssociationVisitationStrategy - Building LoadPlan...
14:11:15.995 [Test worker] DEBUG o.h.l.p.e.i.LoadQueryJoinAndFetchProcessor - processing queryspace <gen:0>
14:11:15.995 [Test worker] DEBUG o.h.l.p.b.spi.LoadPlanTreePrinter - LoadPlan(entity=org.project.neutrino.nfvo.catalogue.mano.common.AutoScalePolicy)
    - Returns
       - EntityReturnImpl(entity=org.project.neutrino.nfvo.catalogue.mano.common.AutoScalePolicy, querySpaceUid=<gen:0>, path=org.project.neutrino.nfvo.catalogue.mano.common.AutoScalePolicy)
    - QuerySpaces
       - EntityQuerySpaceImpl(uid=<gen:0>, entity=org.project.neutrino.nfvo.catalogue.mano.common.AutoScalePolicy)
          - SQL table alias mapping - autoscalep0_
          - alias suffix - 0_
          - suffixed key columns - {id1_3_0_}

14:11:15.995 [Test worker] DEBUG o.h.loader.entity.plan.EntityLoader - Static select for entity org.project.neutrino.nfvo.catalogue.mano.common.AutoScalePolicy [UPGRADE]: select autoscalep0_.id as id1_3_0_, autoscalep0_.version as version2_3_0_ from auto_scale_policy autoscalep0_ where autoscalep0_.id=? for update
14:11:15.995 [Test worker] DEBUG o.h.l.p.b.i.spaces.QuerySpacesImpl - Adding QuerySpace : uid = <gen:0> -> org.hibernate.loader.plan.build.internal.spaces.EntityQuerySpaceImpl@2bea9c24]
14:11:15.995 [Test worker] DEBUG o.h.p.w.spi.MetamodelGraphWalker - Visiting attribute path : version
14:11:15.995 [Test worker] DEBUG o.h.l.p.b.i.FetchStyleLoadPlanBuildingAssociationVisitationStrategy - Building LoadPlan...
14:11:15.995 [Test worker] DEBUG o.h.l.p.e.i.LoadQueryJoinAndFetchProcessor - processing queryspace <gen:0>
14:11:15.996 [Test worker] DEBUG o.h.l.p.b.spi.LoadPlanTreePrinter - LoadPlan(entity=org.project.neutrino.nfvo.catalogue.mano.common.AutoScalePolicy)
    - Returns
       - EntityReturnImpl(entity=org.project.neutrino.nfvo.catalogue.mano.common.AutoScalePolicy, querySpaceUid=<gen:0>, path=org.project.neutrino.nfvo.catalogue.mano.common.AutoScalePolicy)
    - QuerySpaces
       - EntityQuerySpaceImpl(uid=<gen:0>, entity=org.project.neutrino.nfvo.catalogue.mano.common.AutoScalePolicy)
          - SQL table alias mapping - autoscalep0_
          - alias suffix - 0_
          - suffixed key columns - {id1_3_0_}

14:11:15.996 [Test worker] DEBUG o.h.loader.entity.plan.EntityLoader - Static select for entity org.project.neutrino.nfvo.catalogue.mano.common.AutoScalePolicy [UPGRADE_NOWAIT]: select autoscalep0_.id as id1_3_0_, autoscalep0_.version as version2_3_0_ from auto_scale_policy autoscalep0_ where autoscalep0_.id=? for update
14:11:15.996 [Test worker] DEBUG o.h.l.p.b.i.spaces.QuerySpacesImpl - Adding QuerySpace : uid = <gen:0> -> org.hibernate.loader.plan.build.internal.spaces.EntityQuerySpaceImpl@4b1bf9de]
14:11:15.996 [Test worker] DEBUG o.h.p.w.spi.MetamodelGraphWalker - Visiting attribute path : version
14:11:15.996 [Test worker] DEBUG o.h.l.p.b.i.FetchStyleLoadPlanBuildingAssociationVisitationStrategy - Building LoadPlan...
14:11:15.996 [Test worker] DEBUG o.h.l.p.e.i.LoadQueryJoinAndFetchProcessor - processing queryspace <gen:0>
14:11:15.996 [Test worker] DEBUG o.h.l.p.b.spi.LoadPlanTreePrinter - LoadPlan(entity=org.project.neutrino.nfvo.catalogue.mano.common.AutoScalePolicy)
    - Returns
       - EntityReturnImpl(entity=org.project.neutrino.nfvo.catalogue.mano.common.AutoScalePolicy, querySpaceUid=<gen:0>, path=org.project.neutrino.nfvo.catalogue.mano.common.AutoScalePolicy)
    - QuerySpaces
       - EntityQuerySpaceImpl(uid=<gen:0>, entity=org.project.neutrino.nfvo.catalogue.mano.common.AutoScalePolicy)
          - SQL table alias mapping - autoscalep0_
          - alias suffix - 0_
          - suffixed key columns - {id1_3_0_}

14:11:15.996 [Test worker] DEBUG o.h.loader.entity.plan.EntityLoader - Static select for entity org.project.neutrino.nfvo.catalogue.mano.common.AutoScalePolicy [UPGRADE_SKIPLOCKED]: select autoscalep0_.id as id1_3_0_, autoscalep0_.version as version2_3_0_ from auto_scale_policy autoscalep0_ where autoscalep0_.id=? for update
14:11:15.996 [Test worker] DEBUG o.h.l.p.b.i.spaces.QuerySpacesImpl - Adding QuerySpace : uid = <gen:0> -> org.hibernate.loader.plan.build.internal.spaces.EntityQuerySpaceImpl@5567ba95]
14:11:15.996 [Test worker] DEBUG o.h.p.w.spi.MetamodelGraphWalker - Visiting attribute path : version
14:11:15.997 [Test worker] DEBUG o.h.l.p.b.i.FetchStyleLoadPlanBuildingAssociationVisitationStrategy - Building LoadPlan...
14:11:15.997 [Test worker] DEBUG o.h.l.p.e.i.LoadQueryJoinAndFetchProcessor - processing queryspace <gen:0>
14:11:15.997 [Test worker] DEBUG o.h.l.p.b.spi.LoadPlanTreePrinter - LoadPlan(entity=org.project.neutrino.nfvo.catalogue.mano.common.AutoScalePolicy)
    - Returns
       - EntityReturnImpl(entity=org.project.neutrino.nfvo.catalogue.mano.common.AutoScalePolicy, querySpaceUid=<gen:0>, path=org.project.neutrino.nfvo.catalogue.mano.common.AutoScalePolicy)
    - QuerySpaces
       - EntityQuerySpaceImpl(uid=<gen:0>, entity=org.project.neutrino.nfvo.catalogue.mano.common.AutoScalePolicy)
          - SQL table alias mapping - autoscalep0_
          - alias suffix - 0_
          - suffixed key columns - {id1_3_0_}

14:11:15.997 [Test worker] DEBUG o.h.loader.entity.plan.EntityLoader - Static select for entity org.project.neutrino.nfvo.catalogue.mano.common.AutoScalePolicy [FORCE]: select autoscalep0_.id as id1_3_0_, autoscalep0_.version as version2_3_0_ from auto_scale_policy autoscalep0_ where autoscalep0_.id=? for update
14:11:15.997 [Test worker] DEBUG o.h.l.p.b.i.spaces.QuerySpacesImpl - Adding QuerySpace : uid = <gen:0> -> org.hibernate.loader.plan.build.internal.spaces.EntityQuerySpaceImpl@3ab65057]
14:11:15.997 [Test worker] DEBUG o.h.p.w.spi.MetamodelGraphWalker - Visiting attribute path : version
14:11:15.997 [Test worker] DEBUG o.h.l.p.b.i.FetchStyleLoadPlanBuildingAssociationVisitationStrategy - Building LoadPlan...
14:11:15.997 [Test worker] DEBUG o.h.l.p.e.i.LoadQueryJoinAndFetchProcessor - processing queryspace <gen:0>
14:11:15.998 [Test worker] DEBUG o.h.l.p.b.spi.LoadPlanTreePrinter - LoadPlan(entity=org.project.neutrino.nfvo.catalogue.mano.common.AutoScalePolicy)
    - Returns
       - EntityReturnImpl(entity=org.project.neutrino.nfvo.catalogue.mano.common.AutoScalePolicy, querySpaceUid=<gen:0>, path=org.project.neutrino.nfvo.catalogue.mano.common.AutoScalePolicy)
    - QuerySpaces
       - EntityQuerySpaceImpl(uid=<gen:0>, entity=org.project.neutrino.nfvo.catalogue.mano.common.AutoScalePolicy)
          - SQL table alias mapping - autoscalep0_
          - alias suffix - 0_
          - suffixed key columns - {id1_3_0_}

14:11:15.998 [Test worker] DEBUG o.h.loader.entity.plan.EntityLoader - Static select for entity org.project.neutrino.nfvo.catalogue.mano.common.AutoScalePolicy [PESSIMISTIC_READ]: select autoscalep0_.id as id1_3_0_, autoscalep0_.version as version2_3_0_ from auto_scale_policy autoscalep0_ where autoscalep0_.id=? lock in share mode
14:11:15.998 [Test worker] DEBUG o.h.l.p.b.i.spaces.QuerySpacesImpl - Adding QuerySpace : uid = <gen:0> -> org.hibernate.loader.plan.build.internal.spaces.EntityQuerySpaceImpl@344865c9]
14:11:15.998 [Test worker] DEBUG o.h.p.w.spi.MetamodelGraphWalker - Visiting attribute path : version
14:11:15.998 [Test worker] DEBUG o.h.l.p.b.i.FetchStyleLoadPlanBuildingAssociationVisitationStrategy - Building LoadPlan...
14:11:15.998 [Test worker] DEBUG o.h.l.p.e.i.LoadQueryJoinAndFetchProcessor - processing queryspace <gen:0>
14:11:15.998 [Test worker] DEBUG o.h.l.p.b.spi.LoadPlanTreePrinter - LoadPlan(entity=org.project.neutrino.nfvo.catalogue.mano.common.AutoScalePolicy)
    - Returns
       - EntityReturnImpl(entity=org.project.neutrino.nfvo.catalogue.mano.common.AutoScalePolicy, querySpaceUid=<gen:0>, path=org.project.neutrino.nfvo.catalogue.mano.common.AutoScalePolicy)
    - QuerySpaces
       - EntityQuerySpaceImpl(uid=<gen:0>, entity=org.project.neutrino.nfvo.catalogue.mano.common.AutoScalePolicy)
          - SQL table alias mapping - autoscalep0_
          - alias suffix - 0_
          - suffixed key columns - {id1_3_0_}

14:11:15.998 [Test worker] DEBUG o.h.loader.entity.plan.EntityLoader - Static select for entity org.project.neutrino.nfvo.catalogue.mano.common.AutoScalePolicy [PESSIMISTIC_WRITE]: select autoscalep0_.id as id1_3_0_, autoscalep0_.version as version2_3_0_ from auto_scale_policy autoscalep0_ where autoscalep0_.id=? for update
14:11:15.999 [Test worker] DEBUG o.h.l.p.b.i.spaces.QuerySpacesImpl - Adding QuerySpace : uid = <gen:0> -> org.hibernate.loader.plan.build.internal.spaces.EntityQuerySpaceImpl@4c1dea0f]
14:11:15.999 [Test worker] DEBUG o.h.p.w.spi.MetamodelGraphWalker - Visiting attribute path : version
14:11:15.999 [Test worker] DEBUG o.h.l.p.b.i.FetchStyleLoadPlanBuildingAssociationVisitationStrategy - Building LoadPlan...
14:11:15.999 [Test worker] DEBUG o.h.l.p.e.i.LoadQueryJoinAndFetchProcessor - processing queryspace <gen:0>
14:11:15.999 [Test worker] DEBUG o.h.l.p.b.spi.LoadPlanTreePrinter - LoadPlan(entity=org.project.neutrino.nfvo.catalogue.mano.common.AutoScalePolicy)
    - Returns
       - EntityReturnImpl(entity=org.project.neutrino.nfvo.catalogue.mano.common.AutoScalePolicy, querySpaceUid=<gen:0>, path=org.project.neutrino.nfvo.catalogue.mano.common.AutoScalePolicy)
    - QuerySpaces
       - EntityQuerySpaceImpl(uid=<gen:0>, entity=org.project.neutrino.nfvo.catalogue.mano.common.AutoScalePolicy)
          - SQL table alias mapping - autoscalep0_
          - alias suffix - 0_
          - suffixed key columns - {id1_3_0_}

14:11:15.999 [Test worker] DEBUG o.h.loader.entity.plan.EntityLoader - Static select for entity org.project.neutrino.nfvo.catalogue.mano.common.AutoScalePolicy [PESSIMISTIC_FORCE_INCREMENT]: select autoscalep0_.id as id1_3_0_, autoscalep0_.version as version2_3_0_ from auto_scale_policy autoscalep0_ where autoscalep0_.id=? for update
14:11:15.999 [Test worker] DEBUG o.h.l.p.b.i.spaces.QuerySpacesImpl - Adding QuerySpace : uid = <gen:0> -> org.hibernate.loader.plan.build.internal.spaces.EntityQuerySpaceImpl@11bde071]
14:11:16.000 [Test worker] DEBUG o.h.p.w.spi.MetamodelGraphWalker - Visiting attribute path : version
14:11:16.000 [Test worker] DEBUG o.h.l.p.b.i.FetchStyleLoadPlanBuildingAssociationVisitationStrategy - Building LoadPlan...
14:11:16.000 [Test worker] DEBUG o.h.l.p.e.i.LoadQueryJoinAndFetchProcessor - processing queryspace <gen:0>
14:11:16.000 [Test worker] DEBUG o.h.l.p.b.spi.LoadPlanTreePrinter - LoadPlan(entity=org.project.neutrino.nfvo.catalogue.mano.common.AutoScalePolicy)
    - Returns
       - EntityReturnImpl(entity=org.project.neutrino.nfvo.catalogue.mano.common.AutoScalePolicy, querySpaceUid=<gen:0>, path=org.project.neutrino.nfvo.catalogue.mano.common.AutoScalePolicy)
    - QuerySpaces
       - EntityQuerySpaceImpl(uid=<gen:0>, entity=org.project.neutrino.nfvo.catalogue.mano.common.AutoScalePolicy)
          - SQL table alias mapping - autoscalep0_
          - alias suffix - 0_
          - suffixed key columns - {id1_3_0_}

14:11:16.000 [Test worker] DEBUG o.h.loader.entity.plan.EntityLoader - Static select for entity org.project.neutrino.nfvo.catalogue.mano.common.AutoScalePolicy [OPTIMISTIC]: select autoscalep0_.id as id1_3_0_, autoscalep0_.version as version2_3_0_ from auto_scale_policy autoscalep0_ where autoscalep0_.id=?
14:11:16.000 [Test worker] DEBUG o.h.l.p.b.i.spaces.QuerySpacesImpl - Adding QuerySpace : uid = <gen:0> -> org.hibernate.loader.plan.build.internal.spaces.EntityQuerySpaceImpl@6965520d]
14:11:16.000 [Test worker] DEBUG o.h.p.w.spi.MetamodelGraphWalker - Visiting attribute path : version
14:11:16.000 [Test worker] DEBUG o.h.l.p.b.i.FetchStyleLoadPlanBuildingAssociationVisitationStrategy - Building LoadPlan...
14:11:16.000 [Test worker] DEBUG o.h.l.p.e.i.LoadQueryJoinAndFetchProcessor - processing queryspace <gen:0>
14:11:16.000 [Test worker] DEBUG o.h.l.p.b.spi.LoadPlanTreePrinter - LoadPlan(entity=org.project.neutrino.nfvo.catalogue.mano.common.AutoScalePolicy)
    - Returns
       - EntityReturnImpl(entity=org.project.neutrino.nfvo.catalogue.mano.common.AutoScalePolicy, querySpaceUid=<gen:0>, path=org.project.neutrino.nfvo.catalogue.mano.common.AutoScalePolicy)
    - QuerySpaces
       - EntityQuerySpaceImpl(uid=<gen:0>, entity=org.project.neutrino.nfvo.catalogue.mano.common.AutoScalePolicy)
          - SQL table alias mapping - autoscalep0_
          - alias suffix - 0_
          - suffixed key columns - {id1_3_0_}

14:11:16.000 [Test worker] DEBUG o.h.loader.entity.plan.EntityLoader - Static select for entity org.project.neutrino.nfvo.catalogue.mano.common.AutoScalePolicy [OPTIMISTIC_FORCE_INCREMENT]: select autoscalep0_.id as id1_3_0_, autoscalep0_.version as version2_3_0_ from auto_scale_policy autoscalep0_ where autoscalep0_.id=?
14:11:16.001 [Test worker] DEBUG org.hibernate.loader.Loader - Static select for action ACTION_MERGE on entity org.project.neutrino.nfvo.catalogue.mano.common.AutoScalePolicy: select autoscalep0_.id as id1_3_0_, autoscalep0_.version as version2_3_0_ from auto_scale_policy autoscalep0_ where autoscalep0_.id=?
14:11:16.001 [Test worker] DEBUG org.hibernate.loader.Loader - Static select for action ACTION_REFRESH on entity org.project.neutrino.nfvo.catalogue.mano.common.AutoScalePolicy: select autoscalep0_.id as id1_3_0_, autoscalep0_.version as version2_3_0_ from auto_scale_policy autoscalep0_ where autoscalep0_.id=?
14:11:16.001 [Test worker] DEBUG o.h.p.entity.AbstractEntityPersister - Static SQL for entity: org.project.neutrino.nfvo.catalogue.mano.descriptor.VirtualDeploymentUnit
14:11:16.001 [Test worker] DEBUG o.h.p.entity.AbstractEntityPersister -  Version select: select version from virtual_deployment_unit where id =?
14:11:16.001 [Test worker] DEBUG o.h.p.entity.AbstractEntityPersister -  Snapshot select: select virtualdep_.id, virtualdep_.computation_requirement as computat2_47_, virtualdep_.high_availability as high_ava3_47_, virtualdep_.scale_in_out as scale_in4_47_, virtualdep_.vdu_constraint as vdu_cons5_47_, virtualdep_.version as version6_47_, virtualdep_.virtual_memory_resource_element as virtual_7_47_, virtualdep_.virtual_network_bandwidth_resource as virtual_8_47_ from virtual_deployment_unit virtualdep_ where virtualdep_.id=?
14:11:16.001 [Test worker] DEBUG o.h.p.entity.AbstractEntityPersister -  Insert 0: insert into virtual_deployment_unit (computation_requirement, high_availability, scale_in_out, vdu_constraint, version, virtual_memory_resource_element, virtual_network_bandwidth_resource, id) values (?, ?, ?, ?, ?, ?, ?, ?)
14:11:16.001 [Test worker] DEBUG o.h.p.entity.AbstractEntityPersister -  Update 0: update virtual_deployment_unit set computation_requirement=?, high_availability=?, scale_in_out=?, vdu_constraint=?, version=?, virtual_memory_resource_element=?, virtual_network_bandwidth_resource=? where id=? and version=?
14:11:16.002 [Test worker] DEBUG o.h.p.entity.AbstractEntityPersister -  Delete 0: delete from virtual_deployment_unit where id=? and version=?
14:11:16.002 [Test worker] DEBUG o.h.l.p.b.i.spaces.QuerySpacesImpl - Adding QuerySpace : uid = <gen:0> -> org.hibernate.loader.plan.build.internal.spaces.EntityQuerySpaceImpl@21b4406c]
14:11:16.002 [Test worker] DEBUG o.h.p.w.spi.MetamodelGraphWalker - Visiting attribute path : computation_requirement
14:11:16.002 [Test worker] DEBUG o.h.p.w.spi.MetamodelGraphWalker - Visiting attribute path : high_availability
14:11:16.002 [Test worker] DEBUG o.h.p.w.spi.MetamodelGraphWalker - Visiting attribute path : lifecycle_event
14:11:16.002 [Test worker] DEBUG o.h.p.w.spi.MetamodelGraphWalker - Visiting attribute path : monitoring_parameter
14:11:16.002 [Test worker] DEBUG o.h.l.p.b.i.spaces.QuerySpacesImpl - Adding QuerySpace : uid = <gen:1> -> org.hibernate.loader.plan.build.internal.spaces.CollectionQuerySpaceImpl@30000e9a]
14:11:16.002 [Test worker] DEBUG o.h.p.w.spi.MetamodelGraphWalker - Visiting attribute path : scale_in_out
14:11:16.002 [Test worker] DEBUG o.h.p.w.spi.MetamodelGraphWalker - Visiting attribute path : vdu_constraint
14:11:16.002 [Test worker] DEBUG o.h.p.w.spi.MetamodelGraphWalker - Visiting attribute path : version
14:11:16.002 [Test worker] DEBUG o.h.p.w.spi.MetamodelGraphWalker - Visiting attribute path : virtual_memory_resource_element
14:11:16.002 [Test worker] DEBUG o.h.p.w.spi.MetamodelGraphWalker - Visiting attribute path : virtual_network_bandwidth_resource
14:11:16.002 [Test worker] DEBUG o.h.p.w.spi.MetamodelGraphWalker - Visiting attribute path : vm_image
14:11:16.002 [Test worker] DEBUG o.h.l.p.b.i.spaces.QuerySpacesImpl - Adding QuerySpace : uid = <gen:2> -> org.hibernate.loader.plan.build.internal.spaces.CollectionQuerySpaceImpl@e68fb00]
14:11:16.003 [Test worker] DEBUG o.h.p.w.spi.MetamodelGraphWalker - Visiting attribute path : vnfc
14:11:16.003 [Test worker] DEBUG o.h.l.p.b.i.FetchStyleLoadPlanBuildingAssociationVisitationStrategy - Building LoadPlan...
14:11:16.003 [Test worker] DEBUG o.h.l.p.e.i.LoadQueryJoinAndFetchProcessor - processing queryspace <gen:0>
14:11:16.003 [Test worker] DEBUG o.h.l.p.b.spi.LoadPlanTreePrinter - LoadPlan(entity=org.project.neutrino.nfvo.catalogue.mano.descriptor.VirtualDeploymentUnit)
    - Returns
       - EntityReturnImpl(entity=org.project.neutrino.nfvo.catalogue.mano.descriptor.VirtualDeploymentUnit, querySpaceUid=<gen:0>, path=org.project.neutrino.nfvo.catalogue.mano.descriptor.VirtualDeploymentUnit)
          - CollectionAttributeFetchImpl(collection=org.project.neutrino.nfvo.catalogue.mano.descriptor.VirtualDeploymentUnit.monitoring_parameter, querySpaceUid=<gen:1>, path=org.project.neutrino.nfvo.catalogue.mano.descriptor.VirtualDeploymentUnit.monitoring_parameter)
          - CollectionAttributeFetchImpl(collection=org.project.neutrino.nfvo.catalogue.mano.descriptor.VirtualDeploymentUnit.vm_image, querySpaceUid=<gen:2>, path=org.project.neutrino.nfvo.catalogue.mano.descriptor.VirtualDeploymentUnit.vm_image)
    - QuerySpaces
       - EntityQuerySpaceImpl(uid=<gen:0>, entity=org.project.neutrino.nfvo.catalogue.mano.descriptor.VirtualDeploymentUnit)
          - SQL table alias mapping - virtualdep0_
          - alias suffix - 0_
          - suffixed key columns - {id1_47_0_}
          - JOIN (JoinDefinedByMetadata(monitoring_parameter)) : <gen:0> -> <gen:1>
             - CollectionQuerySpaceImpl(uid=<gen:1>, collection=org.project.neutrino.nfvo.catalogue.mano.descriptor.VirtualDeploymentUnit.monitoring_parameter)
                - SQL table alias mapping - monitoring1_
                - alias suffix - 1_
                - suffixed key columns - {virtual_1_47_1_}
          - JOIN (JoinDefinedByMetadata(vm_image)) : <gen:0> -> <gen:2>
             - CollectionQuerySpaceImpl(uid=<gen:2>, collection=org.project.neutrino.nfvo.catalogue.mano.descriptor.VirtualDeploymentUnit.vm_image)
                - SQL table alias mapping - vm_image2_
                - alias suffix - 2_
                - suffixed key columns - {virtual_1_47_2_}

14:11:16.003 [Test worker] DEBUG o.h.loader.entity.plan.EntityLoader - Static select for entity org.project.neutrino.nfvo.catalogue.mano.descriptor.VirtualDeploymentUnit [NONE]: select virtualdep0_.id as id1_47_0_, virtualdep0_.computation_requirement as computat2_47_0_, virtualdep0_.high_availability as high_ava3_47_0_, virtualdep0_.scale_in_out as scale_in4_47_0_, virtualdep0_.vdu_constraint as vdu_cons5_47_0_, virtualdep0_.version as version6_47_0_, virtualdep0_.virtual_memory_resource_element as virtual_7_47_0_, virtualdep0_.virtual_network_bandwidth_resource as virtual_8_47_0_, monitoring1_.virtual_deployment_unit_id as virtual_1_47_1_, monitoring1_.monitoring_parameter as monitori2_49_1_, vm_image2_.virtual_deployment_unit_id as virtual_1_47_2_, vm_image2_.vm_image as vm_image2_50_2_ from virtual_deployment_unit virtualdep0_ left outer join virtual_deployment_unit_monitoring_parameter monitoring1_ on virtualdep0_.id=monitoring1_.virtual_deployment_unit_id left outer join virtual_deployment_unit_vm_image vm_image2_ on virtualdep0_.id=vm_image2_.virtual_deployment_unit_id where virtualdep0_.id=?
14:11:16.003 [Test worker] DEBUG o.h.l.p.b.i.spaces.QuerySpacesImpl - Adding QuerySpace : uid = <gen:0> -> org.hibernate.loader.plan.build.internal.spaces.EntityQuerySpaceImpl@2d978886]
14:11:16.003 [Test worker] DEBUG o.h.p.w.spi.MetamodelGraphWalker - Visiting attribute path : computation_requirement
14:11:16.003 [Test worker] DEBUG o.h.p.w.spi.MetamodelGraphWalker - Visiting attribute path : high_availability
14:11:16.003 [Test worker] DEBUG o.h.p.w.spi.MetamodelGraphWalker - Visiting attribute path : lifecycle_event
14:11:16.003 [Test worker] DEBUG o.h.p.w.spi.MetamodelGraphWalker - Visiting attribute path : monitoring_parameter
14:11:16.004 [Test worker] DEBUG o.h.l.p.b.i.spaces.QuerySpacesImpl - Adding QuerySpace : uid = <gen:1> -> org.hibernate.loader.plan.build.internal.spaces.CollectionQuerySpaceImpl@4699218d]
14:11:16.004 [Test worker] DEBUG o.h.p.w.spi.MetamodelGraphWalker - Visiting attribute path : scale_in_out
14:11:16.004 [Test worker] DEBUG o.h.p.w.spi.MetamodelGraphWalker - Visiting attribute path : vdu_constraint
14:11:16.004 [Test worker] DEBUG o.h.p.w.spi.MetamodelGraphWalker - Visiting attribute path : version
14:11:16.004 [Test worker] DEBUG o.h.p.w.spi.MetamodelGraphWalker - Visiting attribute path : virtual_memory_resource_element
14:11:16.004 [Test worker] DEBUG o.h.p.w.spi.MetamodelGraphWalker - Visiting attribute path : virtual_network_bandwidth_resource
14:11:16.004 [Test worker] DEBUG o.h.p.w.spi.MetamodelGraphWalker - Visiting attribute path : vm_image
14:11:16.004 [Test worker] DEBUG o.h.l.p.b.i.spaces.QuerySpacesImpl - Adding QuerySpace : uid = <gen:2> -> org.hibernate.loader.plan.build.internal.spaces.CollectionQuerySpaceImpl@ce9d475]
14:11:16.004 [Test worker] DEBUG o.h.p.w.spi.MetamodelGraphWalker - Visiting attribute path : vnfc
14:11:16.004 [Test worker] DEBUG o.h.l.p.b.i.FetchStyleLoadPlanBuildingAssociationVisitationStrategy - Building LoadPlan...
14:11:16.004 [Test worker] DEBUG o.h.l.p.e.i.LoadQueryJoinAndFetchProcessor - processing queryspace <gen:0>
14:11:16.004 [Test worker] DEBUG o.h.l.p.b.spi.LoadPlanTreePrinter - LoadPlan(entity=org.project.neutrino.nfvo.catalogue.mano.descriptor.VirtualDeploymentUnit)
    - Returns
       - EntityReturnImpl(entity=org.project.neutrino.nfvo.catalogue.mano.descriptor.VirtualDeploymentUnit, querySpaceUid=<gen:0>, path=org.project.neutrino.nfvo.catalogue.mano.descriptor.VirtualDeploymentUnit)
          - CollectionAttributeFetchImpl(collection=org.project.neutrino.nfvo.catalogue.mano.descriptor.VirtualDeploymentUnit.monitoring_parameter, querySpaceUid=<gen:1>, path=org.project.neutrino.nfvo.catalogue.mano.descriptor.VirtualDeploymentUnit.monitoring_parameter)
          - CollectionAttributeFetchImpl(collection=org.project.neutrino.nfvo.catalogue.mano.descriptor.VirtualDeploymentUnit.vm_image, querySpaceUid=<gen:2>, path=org.project.neutrino.nfvo.catalogue.mano.descriptor.VirtualDeploymentUnit.vm_image)
    - QuerySpaces
       - EntityQuerySpaceImpl(uid=<gen:0>, entity=org.project.neutrino.nfvo.catalogue.mano.descriptor.VirtualDeploymentUnit)
          - SQL table alias mapping - virtualdep0_
          - alias suffix - 0_
          - suffixed key columns - {id1_47_0_}
          - JOIN (JoinDefinedByMetadata(monitoring_parameter)) : <gen:0> -> <gen:1>
             - CollectionQuerySpaceImpl(uid=<gen:1>, collection=org.project.neutrino.nfvo.catalogue.mano.descriptor.VirtualDeploymentUnit.monitoring_parameter)
                - SQL table alias mapping - monitoring1_
                - alias suffix - 1_
                - suffixed key columns - {virtual_1_47_1_}
          - JOIN (JoinDefinedByMetadata(vm_image)) : <gen:0> -> <gen:2>
             - CollectionQuerySpaceImpl(uid=<gen:2>, collection=org.project.neutrino.nfvo.catalogue.mano.descriptor.VirtualDeploymentUnit.vm_image)
                - SQL table alias mapping - vm_image2_
                - alias suffix - 2_
                - suffixed key columns - {virtual_1_47_2_}

14:11:16.004 [Test worker] DEBUG o.h.loader.entity.plan.EntityLoader - Static select for entity org.project.neutrino.nfvo.catalogue.mano.descriptor.VirtualDeploymentUnit [READ]: select virtualdep0_.id as id1_47_0_, virtualdep0_.computation_requirement as computat2_47_0_, virtualdep0_.high_availability as high_ava3_47_0_, virtualdep0_.scale_in_out as scale_in4_47_0_, virtualdep0_.vdu_constraint as vdu_cons5_47_0_, virtualdep0_.version as version6_47_0_, virtualdep0_.virtual_memory_resource_element as virtual_7_47_0_, virtualdep0_.virtual_network_bandwidth_resource as virtual_8_47_0_, monitoring1_.virtual_deployment_unit_id as virtual_1_47_1_, monitoring1_.monitoring_parameter as monitori2_49_1_, vm_image2_.virtual_deployment_unit_id as virtual_1_47_2_, vm_image2_.vm_image as vm_image2_50_2_ from virtual_deployment_unit virtualdep0_ left outer join virtual_deployment_unit_monitoring_parameter monitoring1_ on virtualdep0_.id=monitoring1_.virtual_deployment_unit_id left outer join virtual_deployment_unit_vm_image vm_image2_ on virtualdep0_.id=vm_image2_.virtual_deployment_unit_id where virtualdep0_.id=?
14:11:16.005 [Test worker] DEBUG o.h.l.p.b.i.spaces.QuerySpacesImpl - Adding QuerySpace : uid = <gen:0> -> org.hibernate.loader.plan.build.internal.spaces.EntityQuerySpaceImpl@dc45b95]
14:11:16.005 [Test worker] DEBUG o.h.p.w.spi.MetamodelGraphWalker - Visiting attribute path : computation_requirement
14:11:16.005 [Test worker] DEBUG o.h.p.w.spi.MetamodelGraphWalker - Visiting attribute path : high_availability
14:11:16.005 [Test worker] DEBUG o.h.p.w.spi.MetamodelGraphWalker - Visiting attribute path : lifecycle_event
14:11:16.005 [Test worker] DEBUG o.h.p.w.spi.MetamodelGraphWalker - Visiting attribute path : monitoring_parameter
14:11:16.005 [Test worker] DEBUG o.h.l.p.b.i.spaces.QuerySpacesImpl - Adding QuerySpace : uid = <gen:1> -> org.hibernate.loader.plan.build.internal.spaces.CollectionQuerySpaceImpl@52f78f57]
14:11:16.005 [Test worker] DEBUG o.h.p.w.spi.MetamodelGraphWalker - Visiting attribute path : scale_in_out
14:11:16.005 [Test worker] DEBUG o.h.p.w.spi.MetamodelGraphWalker - Visiting attribute path : vdu_constraint
14:11:16.005 [Test worker] DEBUG o.h.p.w.spi.MetamodelGraphWalker - Visiting attribute path : version
14:11:16.005 [Test worker] DEBUG o.h.p.w.spi.MetamodelGraphWalker - Visiting attribute path : virtual_memory_resource_element
14:11:16.005 [Test worker] DEBUG o.h.p.w.spi.MetamodelGraphWalker - Visiting attribute path : virtual_network_bandwidth_resource
14:11:16.005 [Test worker] DEBUG o.h.p.w.spi.MetamodelGraphWalker - Visiting attribute path : vm_image
14:11:16.005 [Test worker] DEBUG o.h.l.p.b.i.spaces.QuerySpacesImpl - Adding QuerySpace : uid = <gen:2> -> org.hibernate.loader.plan.build.internal.spaces.CollectionQuerySpaceImpl@7ae3c34e]
14:11:16.005 [Test worker] DEBUG o.h.p.w.spi.MetamodelGraphWalker - Visiting attribute path : vnfc
14:11:16.005 [Test worker] DEBUG o.h.l.p.b.i.FetchStyleLoadPlanBuildingAssociationVisitationStrategy - Building LoadPlan...
14:11:16.005 [Test worker] DEBUG o.h.l.p.e.i.LoadQueryJoinAndFetchProcessor - processing queryspace <gen:0>
14:11:16.005 [Test worker] DEBUG o.h.l.p.b.spi.LoadPlanTreePrinter - LoadPlan(entity=org.project.neutrino.nfvo.catalogue.mano.descriptor.VirtualDeploymentUnit)
    - Returns
       - EntityReturnImpl(entity=org.project.neutrino.nfvo.catalogue.mano.descriptor.VirtualDeploymentUnit, querySpaceUid=<gen:0>, path=org.project.neutrino.nfvo.catalogue.mano.descriptor.VirtualDeploymentUnit)
          - CollectionAttributeFetchImpl(collection=org.project.neutrino.nfvo.catalogue.mano.descriptor.VirtualDeploymentUnit.monitoring_parameter, querySpaceUid=<gen:1>, path=org.project.neutrino.nfvo.catalogue.mano.descriptor.VirtualDeploymentUnit.monitoring_parameter)
          - CollectionAttributeFetchImpl(collection=org.project.neutrino.nfvo.catalogue.mano.descriptor.VirtualDeploymentUnit.vm_image, querySpaceUid=<gen:2>, path=org.project.neutrino.nfvo.catalogue.mano.descriptor.VirtualDeploymentUnit.vm_image)
    - QuerySpaces
       - EntityQuerySpaceImpl(uid=<gen:0>, entity=org.project.neutrino.nfvo.catalogue.mano.descriptor.VirtualDeploymentUnit)
          - SQL table alias mapping - virtualdep0_
          - alias suffix - 0_
          - suffixed key columns - {id1_47_0_}

14:11:16.005 [Test worker] DEBUG o.h.loader.entity.plan.EntityLoader - Static select for entity org.project.neutrino.nfvo.catalogue.mano.descriptor.VirtualDeploymentUnit [UPGRADE]: select virtualdep0_.id as id1_47_0_, virtualdep0_.computation_requirement as computat2_47_0_, virtualdep0_.high_availability as high_ava3_47_0_, virtualdep0_.scale_in_out as scale_in4_47_0_, virtualdep0_.vdu_constraint as vdu_cons5_47_0_, virtualdep0_.version as version6_47_0_, virtualdep0_.virtual_memory_resource_element as virtual_7_47_0_, virtualdep0_.virtual_network_bandwidth_resource as virtual_8_47_0_ from virtual_deployment_unit virtualdep0_ where virtualdep0_.id=? for update
14:11:16.005 [Test worker] DEBUG o.h.l.p.b.i.spaces.QuerySpacesImpl - Adding QuerySpace : uid = <gen:0> -> org.hibernate.loader.plan.build.internal.spaces.EntityQuerySpaceImpl@7f2b74e9]
14:11:16.006 [Test worker] DEBUG o.h.p.w.spi.MetamodelGraphWalker - Visiting attribute path : computation_requirement
14:11:16.006 [Test worker] DEBUG o.h.p.w.spi.MetamodelGraphWalker - Visiting attribute path : high_availability
14:11:16.006 [Test worker] DEBUG o.h.p.w.spi.MetamodelGraphWalker - Visiting attribute path : lifecycle_event
14:11:16.006 [Test worker] DEBUG o.h.p.w.spi.MetamodelGraphWalker - Visiting attribute path : monitoring_parameter
14:11:16.006 [Test worker] DEBUG o.h.l.p.b.i.spaces.QuerySpacesImpl - Adding QuerySpace : uid = <gen:1> -> org.hibernate.loader.plan.build.internal.spaces.CollectionQuerySpaceImpl@6be61f2c]
14:11:16.006 [Test worker] DEBUG o.h.p.w.spi.MetamodelGraphWalker - Visiting attribute path : scale_in_out
14:11:16.006 [Test worker] DEBUG o.h.p.w.spi.MetamodelGraphWalker - Visiting attribute path : vdu_constraint
14:11:16.006 [Test worker] DEBUG o.h.p.w.spi.MetamodelGraphWalker - Visiting attribute path : version
14:11:16.006 [Test worker] DEBUG o.h.p.w.spi.MetamodelGraphWalker - Visiting attribute path : virtual_memory_resource_element
14:11:16.006 [Test worker] DEBUG o.h.p.w.spi.MetamodelGraphWalker - Visiting attribute path : virtual_network_bandwidth_resource
14:11:16.006 [Test worker] DEBUG o.h.p.w.spi.MetamodelGraphWalker - Visiting attribute path : vm_image
14:11:16.006 [Test worker] DEBUG o.h.l.p.b.i.spaces.QuerySpacesImpl - Adding QuerySpace : uid = <gen:2> -> org.hibernate.loader.plan.build.internal.spaces.CollectionQuerySpaceImpl@5108b90b]
14:11:16.006 [Test worker] DEBUG o.h.p.w.spi.MetamodelGraphWalker - Visiting attribute path : vnfc
14:11:16.006 [Test worker] DEBUG o.h.l.p.b.i.FetchStyleLoadPlanBuildingAssociationVisitationStrategy - Building LoadPlan...
14:11:16.006 [Test worker] DEBUG o.h.l.p.e.i.LoadQueryJoinAndFetchProcessor - processing queryspace <gen:0>
14:11:16.006 [Test worker] DEBUG o.h.l.p.b.spi.LoadPlanTreePrinter - LoadPlan(entity=org.project.neutrino.nfvo.catalogue.mano.descriptor.VirtualDeploymentUnit)
    - Returns
       - EntityReturnImpl(entity=org.project.neutrino.nfvo.catalogue.mano.descriptor.VirtualDeploymentUnit, querySpaceUid=<gen:0>, path=org.project.neutrino.nfvo.catalogue.mano.descriptor.VirtualDeploymentUnit)
          - CollectionAttributeFetchImpl(collection=org.project.neutrino.nfvo.catalogue.mano.descriptor.VirtualDeploymentUnit.monitoring_parameter, querySpaceUid=<gen:1>, path=org.project.neutrino.nfvo.catalogue.mano.descriptor.VirtualDeploymentUnit.monitoring_parameter)
          - CollectionAttributeFetchImpl(collection=org.project.neutrino.nfvo.catalogue.mano.descriptor.VirtualDeploymentUnit.vm_image, querySpaceUid=<gen:2>, path=org.project.neutrino.nfvo.catalogue.mano.descriptor.VirtualDeploymentUnit.vm_image)
    - QuerySpaces
       - EntityQuerySpaceImpl(uid=<gen:0>, entity=org.project.neutrino.nfvo.catalogue.mano.descriptor.VirtualDeploymentUnit)
          - SQL table alias mapping - virtualdep0_
          - alias suffix - 0_
          - suffixed key columns - {id1_47_0_}

14:11:16.006 [Test worker] DEBUG o.h.loader.entity.plan.EntityLoader - Static select for entity org.project.neutrino.nfvo.catalogue.mano.descriptor.VirtualDeploymentUnit [UPGRADE_NOWAIT]: select virtualdep0_.id as id1_47_0_, virtualdep0_.computation_requirement as computat2_47_0_, virtualdep0_.high_availability as high_ava3_47_0_, virtualdep0_.scale_in_out as scale_in4_47_0_, virtualdep0_.vdu_constraint as vdu_cons5_47_0_, virtualdep0_.version as version6_47_0_, virtualdep0_.virtual_memory_resource_element as virtual_7_47_0_, virtualdep0_.virtual_network_bandwidth_resource as virtual_8_47_0_ from virtual_deployment_unit virtualdep0_ where virtualdep0_.id=? for update
14:11:16.006 [Test worker] DEBUG o.h.l.p.b.i.spaces.QuerySpacesImpl - Adding QuerySpace : uid = <gen:0> -> org.hibernate.loader.plan.build.internal.spaces.EntityQuerySpaceImpl@13acaabd]
14:11:16.006 [Test worker] DEBUG o.h.p.w.spi.MetamodelGraphWalker - Visiting attribute path : computation_requirement
14:11:16.006 [Test worker] DEBUG o.h.p.w.spi.MetamodelGraphWalker - Visiting attribute path : high_availability
14:11:16.006 [Test worker] DEBUG o.h.p.w.spi.MetamodelGraphWalker - Visiting attribute path : lifecycle_event
14:11:16.007 [Test worker] DEBUG o.h.p.w.spi.MetamodelGraphWalker - Visiting attribute path : monitoring_parameter
14:11:16.007 [Test worker] DEBUG o.h.l.p.b.i.spaces.QuerySpacesImpl - Adding QuerySpace : uid = <gen:1> -> org.hibernate.loader.plan.build.internal.spaces.CollectionQuerySpaceImpl@30d01101]
14:11:16.007 [Test worker] DEBUG o.h.p.w.spi.MetamodelGraphWalker - Visiting attribute path : scale_in_out
14:11:16.007 [Test worker] DEBUG o.h.p.w.spi.MetamodelGraphWalker - Visiting attribute path : vdu_constraint
14:11:16.007 [Test worker] DEBUG o.h.p.w.spi.MetamodelGraphWalker - Visiting attribute path : version
14:11:16.007 [Test worker] DEBUG o.h.p.w.spi.MetamodelGraphWalker - Visiting attribute path : virtual_memory_resource_element
14:11:16.007 [Test worker] DEBUG o.h.p.w.spi.MetamodelGraphWalker - Visiting attribute path : virtual_network_bandwidth_resource
14:11:16.007 [Test worker] DEBUG o.h.p.w.spi.MetamodelGraphWalker - Visiting attribute path : vm_image
14:11:16.007 [Test worker] DEBUG o.h.l.p.b.i.spaces.QuerySpacesImpl - Adding QuerySpace : uid = <gen:2> -> org.hibernate.loader.plan.build.internal.spaces.CollectionQuerySpaceImpl@2c0c71b0]
14:11:16.007 [Test worker] DEBUG o.h.p.w.spi.MetamodelGraphWalker - Visiting attribute path : vnfc
14:11:16.007 [Test worker] DEBUG o.h.l.p.b.i.FetchStyleLoadPlanBuildingAssociationVisitationStrategy - Building LoadPlan...
14:11:16.007 [Test worker] DEBUG o.h.l.p.e.i.LoadQueryJoinAndFetchProcessor - processing queryspace <gen:0>
14:11:16.007 [Test worker] DEBUG o.h.l.p.b.spi.LoadPlanTreePrinter - LoadPlan(entity=org.project.neutrino.nfvo.catalogue.mano.descriptor.VirtualDeploymentUnit)
    - Returns
       - EntityReturnImpl(entity=org.project.neutrino.nfvo.catalogue.mano.descriptor.VirtualDeploymentUnit, querySpaceUid=<gen:0>, path=org.project.neutrino.nfvo.catalogue.mano.descriptor.VirtualDeploymentUnit)
          - CollectionAttributeFetchImpl(collection=org.project.neutrino.nfvo.catalogue.mano.descriptor.VirtualDeploymentUnit.monitoring_parameter, querySpaceUid=<gen:1>, path=org.project.neutrino.nfvo.catalogue.mano.descriptor.VirtualDeploymentUnit.monitoring_parameter)
          - CollectionAttributeFetchImpl(collection=org.project.neutrino.nfvo.catalogue.mano.descriptor.VirtualDeploymentUnit.vm_image, querySpaceUid=<gen:2>, path=org.project.neutrino.nfvo.catalogue.mano.descriptor.VirtualDeploymentUnit.vm_image)
    - QuerySpaces
       - EntityQuerySpaceImpl(uid=<gen:0>, entity=org.project.neutrino.nfvo.catalogue.mano.descriptor.VirtualDeploymentUnit)
          - SQL table alias mapping - virtualdep0_
          - alias suffix - 0_
          - suffixed key columns - {id1_47_0_}

14:11:16.007 [Test worker] DEBUG o.h.loader.entity.plan.EntityLoader - Static select for entity org.project.neutrino.nfvo.catalogue.mano.descriptor.VirtualDeploymentUnit [UPGRADE_SKIPLOCKED]: select virtualdep0_.id as id1_47_0_, virtualdep0_.computation_requirement as computat2_47_0_, virtualdep0_.high_availability as high_ava3_47_0_, virtualdep0_.scale_in_out as scale_in4_47_0_, virtualdep0_.vdu_constraint as vdu_cons5_47_0_, virtualdep0_.version as version6_47_0_, virtualdep0_.virtual_memory_resource_element as virtual_7_47_0_, virtualdep0_.virtual_network_bandwidth_resource as virtual_8_47_0_ from virtual_deployment_unit virtualdep0_ where virtualdep0_.id=? for update
14:11:16.007 [Test worker] DEBUG o.h.l.p.b.i.spaces.QuerySpacesImpl - Adding QuerySpace : uid = <gen:0> -> org.hibernate.loader.plan.build.internal.spaces.EntityQuerySpaceImpl@64fbf067]
14:11:16.007 [Test worker] DEBUG o.h.p.w.spi.MetamodelGraphWalker - Visiting attribute path : computation_requirement
14:11:16.007 [Test worker] DEBUG o.h.p.w.spi.MetamodelGraphWalker - Visiting attribute path : high_availability
14:11:16.007 [Test worker] DEBUG o.h.p.w.spi.MetamodelGraphWalker - Visiting attribute path : lifecycle_event
14:11:16.007 [Test worker] DEBUG o.h.p.w.spi.MetamodelGraphWalker - Visiting attribute path : monitoring_parameter
14:11:16.007 [Test worker] DEBUG o.h.l.p.b.i.spaces.QuerySpacesImpl - Adding QuerySpace : uid = <gen:1> -> org.hibernate.loader.plan.build.internal.spaces.CollectionQuerySpaceImpl@190728ba]
14:11:16.008 [Test worker] DEBUG o.h.p.w.spi.MetamodelGraphWalker - Visiting attribute path : scale_in_out
14:11:16.008 [Test worker] DEBUG o.h.p.w.spi.MetamodelGraphWalker - Visiting attribute path : vdu_constraint
14:11:16.008 [Test worker] DEBUG o.h.p.w.spi.MetamodelGraphWalker - Visiting attribute path : version
14:11:16.008 [Test worker] DEBUG o.h.p.w.spi.MetamodelGraphWalker - Visiting attribute path : virtual_memory_resource_element
14:11:16.008 [Test worker] DEBUG o.h.p.w.spi.MetamodelGraphWalker - Visiting attribute path : virtual_network_bandwidth_resource
14:11:16.008 [Test worker] DEBUG o.h.p.w.spi.MetamodelGraphWalker - Visiting attribute path : vm_image
14:11:16.008 [Test worker] DEBUG o.h.l.p.b.i.spaces.QuerySpacesImpl - Adding QuerySpace : uid = <gen:2> -> org.hibernate.loader.plan.build.internal.spaces.CollectionQuerySpaceImpl@2502d82c]
14:11:16.008 [Test worker] DEBUG o.h.p.w.spi.MetamodelGraphWalker - Visiting attribute path : vnfc
14:11:16.008 [Test worker] DEBUG o.h.l.p.b.i.FetchStyleLoadPlanBuildingAssociationVisitationStrategy - Building LoadPlan...
14:11:16.009 [Test worker] DEBUG o.h.l.p.e.i.LoadQueryJoinAndFetchProcessor - processing queryspace <gen:0>
14:11:16.009 [Test worker] DEBUG o.h.l.p.b.spi.LoadPlanTreePrinter - LoadPlan(entity=org.project.neutrino.nfvo.catalogue.mano.descriptor.VirtualDeploymentUnit)
    - Returns
       - EntityReturnImpl(entity=org.project.neutrino.nfvo.catalogue.mano.descriptor.VirtualDeploymentUnit, querySpaceUid=<gen:0>, path=org.project.neutrino.nfvo.catalogue.mano.descriptor.VirtualDeploymentUnit)
          - CollectionAttributeFetchImpl(collection=org.project.neutrino.nfvo.catalogue.mano.descriptor.VirtualDeploymentUnit.monitoring_parameter, querySpaceUid=<gen:1>, path=org.project.neutrino.nfvo.catalogue.mano.descriptor.VirtualDeploymentUnit.monitoring_parameter)
          - CollectionAttributeFetchImpl(collection=org.project.neutrino.nfvo.catalogue.mano.descriptor.VirtualDeploymentUnit.vm_image, querySpaceUid=<gen:2>, path=org.project.neutrino.nfvo.catalogue.mano.descriptor.VirtualDeploymentUnit.vm_image)
    - QuerySpaces
       - EntityQuerySpaceImpl(uid=<gen:0>, entity=org.project.neutrino.nfvo.catalogue.mano.descriptor.VirtualDeploymentUnit)
          - SQL table alias mapping - virtualdep0_
          - alias suffix - 0_
          - suffixed key columns - {id1_47_0_}

14:11:16.009 [Test worker] DEBUG o.h.loader.entity.plan.EntityLoader - Static select for entity org.project.neutrino.nfvo.catalogue.mano.descriptor.VirtualDeploymentUnit [FORCE]: select virtualdep0_.id as id1_47_0_, virtualdep0_.computation_requirement as computat2_47_0_, virtualdep0_.high_availability as high_ava3_47_0_, virtualdep0_.scale_in_out as scale_in4_47_0_, virtualdep0_.vdu_constraint as vdu_cons5_47_0_, virtualdep0_.version as version6_47_0_, virtualdep0_.virtual_memory_resource_element as virtual_7_47_0_, virtualdep0_.virtual_network_bandwidth_resource as virtual_8_47_0_ from virtual_deployment_unit virtualdep0_ where virtualdep0_.id=? for update
14:11:16.009 [Test worker] DEBUG o.h.l.p.b.i.spaces.QuerySpacesImpl - Adding QuerySpace : uid = <gen:0> -> org.hibernate.loader.plan.build.internal.spaces.EntityQuerySpaceImpl@5dbe43af]
14:11:16.009 [Test worker] DEBUG o.h.p.w.spi.MetamodelGraphWalker - Visiting attribute path : computation_requirement
14:11:16.010 [Test worker] DEBUG o.h.p.w.spi.MetamodelGraphWalker - Visiting attribute path : high_availability
14:11:16.010 [Test worker] DEBUG o.h.p.w.spi.MetamodelGraphWalker - Visiting attribute path : lifecycle_event
14:11:16.010 [Test worker] DEBUG o.h.p.w.spi.MetamodelGraphWalker - Visiting attribute path : monitoring_parameter
14:11:16.010 [Test worker] DEBUG o.h.l.p.b.i.spaces.QuerySpacesImpl - Adding QuerySpace : uid = <gen:1> -> org.hibernate.loader.plan.build.internal.spaces.CollectionQuerySpaceImpl@6c120b78]
14:11:16.010 [Test worker] DEBUG o.h.p.w.spi.MetamodelGraphWalker - Visiting attribute path : scale_in_out
14:11:16.010 [Test worker] DEBUG o.h.p.w.spi.MetamodelGraphWalker - Visiting attribute path : vdu_constraint
14:11:16.010 [Test worker] DEBUG o.h.p.w.spi.MetamodelGraphWalker - Visiting attribute path : version
14:11:16.010 [Test worker] DEBUG o.h.p.w.spi.MetamodelGraphWalker - Visiting attribute path : virtual_memory_resource_element
14:11:16.010 [Test worker] DEBUG o.h.p.w.spi.MetamodelGraphWalker - Visiting attribute path : virtual_network_bandwidth_resource
14:11:16.010 [Test worker] DEBUG o.h.p.w.spi.MetamodelGraphWalker - Visiting attribute path : vm_image
14:11:16.010 [Test worker] DEBUG o.h.l.p.b.i.spaces.QuerySpacesImpl - Adding QuerySpace : uid = <gen:2> -> org.hibernate.loader.plan.build.internal.spaces.CollectionQuerySpaceImpl@14af2ab6]
14:11:16.010 [Test worker] DEBUG o.h.p.w.spi.MetamodelGraphWalker - Visiting attribute path : vnfc
14:11:16.010 [Test worker] DEBUG o.h.l.p.b.i.FetchStyleLoadPlanBuildingAssociationVisitationStrategy - Building LoadPlan...
14:11:16.010 [Test worker] DEBUG o.h.l.p.e.i.LoadQueryJoinAndFetchProcessor - processing queryspace <gen:0>
14:11:16.010 [Test worker] DEBUG o.h.l.p.b.spi.LoadPlanTreePrinter - LoadPlan(entity=org.project.neutrino.nfvo.catalogue.mano.descriptor.VirtualDeploymentUnit)
    - Returns
       - EntityReturnImpl(entity=org.project.neutrino.nfvo.catalogue.mano.descriptor.VirtualDeploymentUnit, querySpaceUid=<gen:0>, path=org.project.neutrino.nfvo.catalogue.mano.descriptor.VirtualDeploymentUnit)
          - CollectionAttributeFetchImpl(collection=org.project.neutrino.nfvo.catalogue.mano.descriptor.VirtualDeploymentUnit.monitoring_parameter, querySpaceUid=<gen:1>, path=org.project.neutrino.nfvo.catalogue.mano.descriptor.VirtualDeploymentUnit.monitoring_parameter)
          - CollectionAttributeFetchImpl(collection=org.project.neutrino.nfvo.catalogue.mano.descriptor.VirtualDeploymentUnit.vm_image, querySpaceUid=<gen:2>, path=org.project.neutrino.nfvo.catalogue.mano.descriptor.VirtualDeploymentUnit.vm_image)
    - QuerySpaces
       - EntityQuerySpaceImpl(uid=<gen:0>, entity=org.project.neutrino.nfvo.catalogue.mano.descriptor.VirtualDeploymentUnit)
          - SQL table alias mapping - virtualdep0_
          - alias suffix - 0_
          - suffixed key columns - {id1_47_0_}

14:11:16.010 [Test worker] DEBUG o.h.loader.entity.plan.EntityLoader - Static select for entity org.project.neutrino.nfvo.catalogue.mano.descriptor.VirtualDeploymentUnit [PESSIMISTIC_READ]: select virtualdep0_.id as id1_47_0_, virtualdep0_.computation_requirement as computat2_47_0_, virtualdep0_.high_availability as high_ava3_47_0_, virtualdep0_.scale_in_out as scale_in4_47_0_, virtualdep0_.vdu_constraint as vdu_cons5_47_0_, virtualdep0_.version as version6_47_0_, virtualdep0_.virtual_memory_resource_element as virtual_7_47_0_, virtualdep0_.virtual_network_bandwidth_resource as virtual_8_47_0_ from virtual_deployment_unit virtualdep0_ where virtualdep0_.id=? lock in share mode
14:11:16.010 [Test worker] DEBUG o.h.l.p.b.i.spaces.QuerySpacesImpl - Adding QuerySpace : uid = <gen:0> -> org.hibernate.loader.plan.build.internal.spaces.EntityQuerySpaceImpl@781d1d55]
14:11:16.010 [Test worker] DEBUG o.h.p.w.spi.MetamodelGraphWalker - Visiting attribute path : computation_requirement
14:11:16.010 [Test worker] DEBUG o.h.p.w.spi.MetamodelGraphWalker - Visiting attribute path : high_availability
14:11:16.010 [Test worker] DEBUG o.h.p.w.spi.MetamodelGraphWalker - Visiting attribute path : lifecycle_event
14:11:16.010 [Test worker] DEBUG o.h.p.w.spi.MetamodelGraphWalker - Visiting attribute path : monitoring_parameter
14:11:16.010 [Test worker] DEBUG o.h.l.p.b.i.spaces.QuerySpacesImpl - Adding QuerySpace : uid = <gen:1> -> org.hibernate.loader.plan.build.internal.spaces.CollectionQuerySpaceImpl@10e88aac]
14:11:16.010 [Test worker] DEBUG o.h.p.w.spi.MetamodelGraphWalker - Visiting attribute path : scale_in_out
14:11:16.010 [Test worker] DEBUG o.h.p.w.spi.MetamodelGraphWalker - Visiting attribute path : vdu_constraint
14:11:16.010 [Test worker] DEBUG o.h.p.w.spi.MetamodelGraphWalker - Visiting attribute path : version
14:11:16.010 [Test worker] DEBUG o.h.p.w.spi.MetamodelGraphWalker - Visiting attribute path : virtual_memory_resource_element
14:11:16.010 [Test worker] DEBUG o.h.p.w.spi.MetamodelGraphWalker - Visiting attribute path : virtual_network_bandwidth_resource
14:11:16.010 [Test worker] DEBUG o.h.p.w.spi.MetamodelGraphWalker - Visiting attribute path : vm_image
14:11:16.010 [Test worker] DEBUG o.h.l.p.b.i.spaces.QuerySpacesImpl - Adding QuerySpace : uid = <gen:2> -> org.hibernate.loader.plan.build.internal.spaces.CollectionQuerySpaceImpl@12e82ae0]
14:11:16.010 [Test worker] DEBUG o.h.p.w.spi.MetamodelGraphWalker - Visiting attribute path : vnfc
14:11:16.011 [Test worker] DEBUG o.h.l.p.b.i.FetchStyleLoadPlanBuildingAssociationVisitationStrategy - Building LoadPlan...
14:11:16.011 [Test worker] DEBUG o.h.l.p.e.i.LoadQueryJoinAndFetchProcessor - processing queryspace <gen:0>
14:11:16.011 [Test worker] DEBUG o.h.l.p.b.spi.LoadPlanTreePrinter - LoadPlan(entity=org.project.neutrino.nfvo.catalogue.mano.descriptor.VirtualDeploymentUnit)
    - Returns
       - EntityReturnImpl(entity=org.project.neutrino.nfvo.catalogue.mano.descriptor.VirtualDeploymentUnit, querySpaceUid=<gen:0>, path=org.project.neutrino.nfvo.catalogue.mano.descriptor.VirtualDeploymentUnit)
          - CollectionAttributeFetchImpl(collection=org.project.neutrino.nfvo.catalogue.mano.descriptor.VirtualDeploymentUnit.monitoring_parameter, querySpaceUid=<gen:1>, path=org.project.neutrino.nfvo.catalogue.mano.descriptor.VirtualDeploymentUnit.monitoring_parameter)
          - CollectionAttributeFetchImpl(collection=org.project.neutrino.nfvo.catalogue.mano.descriptor.VirtualDeploymentUnit.vm_image, querySpaceUid=<gen:2>, path=org.project.neutrino.nfvo.catalogue.mano.descriptor.VirtualDeploymentUnit.vm_image)
    - QuerySpaces
       - EntityQuerySpaceImpl(uid=<gen:0>, entity=org.project.neutrino.nfvo.catalogue.mano.descriptor.VirtualDeploymentUnit)
          - SQL table alias mapping - virtualdep0_
          - alias suffix - 0_
          - suffixed key columns - {id1_47_0_}

14:11:16.011 [Test worker] DEBUG o.h.loader.entity.plan.EntityLoader - Static select for entity org.project.neutrino.nfvo.catalogue.mano.descriptor.VirtualDeploymentUnit [PESSIMISTIC_WRITE]: select virtualdep0_.id as id1_47_0_, virtualdep0_.computation_requirement as computat2_47_0_, virtualdep0_.high_availability as high_ava3_47_0_, virtualdep0_.scale_in_out as scale_in4_47_0_, virtualdep0_.vdu_constraint as vdu_cons5_47_0_, virtualdep0_.version as version6_47_0_, virtualdep0_.virtual_memory_resource_element as virtual_7_47_0_, virtualdep0_.virtual_network_bandwidth_resource as virtual_8_47_0_ from virtual_deployment_unit virtualdep0_ where virtualdep0_.id=? for update
14:11:16.011 [Test worker] DEBUG o.h.l.p.b.i.spaces.QuerySpacesImpl - Adding QuerySpace : uid = <gen:0> -> org.hibernate.loader.plan.build.internal.spaces.EntityQuerySpaceImpl@4856e1d2]
14:11:16.011 [Test worker] DEBUG o.h.p.w.spi.MetamodelGraphWalker - Visiting attribute path : computation_requirement
14:11:16.011 [Test worker] DEBUG o.h.p.w.spi.MetamodelGraphWalker - Visiting attribute path : high_availability
14:11:16.011 [Test worker] DEBUG o.h.p.w.spi.MetamodelGraphWalker - Visiting attribute path : lifecycle_event
14:11:16.011 [Test worker] DEBUG o.h.p.w.spi.MetamodelGraphWalker - Visiting attribute path : monitoring_parameter
14:11:16.011 [Test worker] DEBUG o.h.l.p.b.i.spaces.QuerySpacesImpl - Adding QuerySpace : uid = <gen:1> -> org.hibernate.loader.plan.build.internal.spaces.CollectionQuerySpaceImpl@3804197d]
14:11:16.011 [Test worker] DEBUG o.h.p.w.spi.MetamodelGraphWalker - Visiting attribute path : scale_in_out
14:11:16.011 [Test worker] DEBUG o.h.p.w.spi.MetamodelGraphWalker - Visiting attribute path : vdu_constraint
14:11:16.011 [Test worker] DEBUG o.h.p.w.spi.MetamodelGraphWalker - Visiting attribute path : version
14:11:16.011 [Test worker] DEBUG o.h.p.w.spi.MetamodelGraphWalker - Visiting attribute path : virtual_memory_resource_element
14:11:16.011 [Test worker] DEBUG o.h.p.w.spi.MetamodelGraphWalker - Visiting attribute path : virtual_network_bandwidth_resource
14:11:16.011 [Test worker] DEBUG o.h.p.w.spi.MetamodelGraphWalker - Visiting attribute path : vm_image
14:11:16.011 [Test worker] DEBUG o.h.l.p.b.i.spaces.QuerySpacesImpl - Adding QuerySpace : uid = <gen:2> -> org.hibernate.loader.plan.build.internal.spaces.CollectionQuerySpaceImpl@15257a46]
14:11:16.011 [Test worker] DEBUG o.h.p.w.spi.MetamodelGraphWalker - Visiting attribute path : vnfc
14:11:16.011 [Test worker] DEBUG o.h.l.p.b.i.FetchStyleLoadPlanBuildingAssociationVisitationStrategy - Building LoadPlan...
14:11:16.011 [Test worker] DEBUG o.h.l.p.e.i.LoadQueryJoinAndFetchProcessor - processing queryspace <gen:0>
14:11:16.011 [Test worker] DEBUG o.h.l.p.b.spi.LoadPlanTreePrinter - LoadPlan(entity=org.project.neutrino.nfvo.catalogue.mano.descriptor.VirtualDeploymentUnit)
    - Returns
       - EntityReturnImpl(entity=org.project.neutrino.nfvo.catalogue.mano.descriptor.VirtualDeploymentUnit, querySpaceUid=<gen:0>, path=org.project.neutrino.nfvo.catalogue.mano.descriptor.VirtualDeploymentUnit)
          - CollectionAttributeFetchImpl(collection=org.project.neutrino.nfvo.catalogue.mano.descriptor.VirtualDeploymentUnit.monitoring_parameter, querySpaceUid=<gen:1>, path=org.project.neutrino.nfvo.catalogue.mano.descriptor.VirtualDeploymentUnit.monitoring_parameter)
          - CollectionAttributeFetchImpl(collection=org.project.neutrino.nfvo.catalogue.mano.descriptor.VirtualDeploymentUnit.vm_image, querySpaceUid=<gen:2>, path=org.project.neutrino.nfvo.catalogue.mano.descriptor.VirtualDeploymentUnit.vm_image)
    - QuerySpaces
       - EntityQuerySpaceImpl(uid=<gen:0>, entity=org.project.neutrino.nfvo.catalogue.mano.descriptor.VirtualDeploymentUnit)
          - SQL table alias mapping - virtualdep0_
          - alias suffix - 0_
          - suffixed key columns - {id1_47_0_}

14:11:16.011 [Test worker] DEBUG o.h.loader.entity.plan.EntityLoader - Static select for entity org.project.neutrino.nfvo.catalogue.mano.descriptor.VirtualDeploymentUnit [PESSIMISTIC_FORCE_INCREMENT]: select virtualdep0_.id as id1_47_0_, virtualdep0_.computation_requirement as computat2_47_0_, virtualdep0_.high_availability as high_ava3_47_0_, virtualdep0_.scale_in_out as scale_in4_47_0_, virtualdep0_.vdu_constraint as vdu_cons5_47_0_, virtualdep0_.version as version6_47_0_, virtualdep0_.virtual_memory_resource_element as virtual_7_47_0_, virtualdep0_.virtual_network_bandwidth_resource as virtual_8_47_0_ from virtual_deployment_unit virtualdep0_ where virtualdep0_.id=? for update
14:11:16.011 [Test worker] DEBUG o.h.l.p.b.i.spaces.QuerySpacesImpl - Adding QuerySpace : uid = <gen:0> -> org.hibernate.loader.plan.build.internal.spaces.EntityQuerySpaceImpl@4f7e9482]
14:11:16.011 [Test worker] DEBUG o.h.p.w.spi.MetamodelGraphWalker - Visiting attribute path : computation_requirement
14:11:16.011 [Test worker] DEBUG o.h.p.w.spi.MetamodelGraphWalker - Visiting attribute path : high_availability
14:11:16.011 [Test worker] DEBUG o.h.p.w.spi.MetamodelGraphWalker - Visiting attribute path : lifecycle_event
14:11:16.011 [Test worker] DEBUG o.h.p.w.spi.MetamodelGraphWalker - Visiting attribute path : monitoring_parameter
14:11:16.011 [Test worker] DEBUG o.h.l.p.b.i.spaces.QuerySpacesImpl - Adding QuerySpace : uid = <gen:1> -> org.hibernate.loader.plan.build.internal.spaces.CollectionQuerySpaceImpl@52f0212d]
14:11:16.012 [Test worker] DEBUG o.h.p.w.spi.MetamodelGraphWalker - Visiting attribute path : scale_in_out
14:11:16.012 [Test worker] DEBUG o.h.p.w.spi.MetamodelGraphWalker - Visiting attribute path : vdu_constraint
14:11:16.012 [Test worker] DEBUG o.h.p.w.spi.MetamodelGraphWalker - Visiting attribute path : version
14:11:16.012 [Test worker] DEBUG o.h.p.w.spi.MetamodelGraphWalker - Visiting attribute path : virtual_memory_resource_element
14:11:16.012 [Test worker] DEBUG o.h.p.w.spi.MetamodelGraphWalker - Visiting attribute path : virtual_network_bandwidth_resource
14:11:16.012 [Test worker] DEBUG o.h.p.w.spi.MetamodelGraphWalker - Visiting attribute path : vm_image
14:11:16.012 [Test worker] DEBUG o.h.l.p.b.i.spaces.QuerySpacesImpl - Adding QuerySpace : uid = <gen:2> -> org.hibernate.loader.plan.build.internal.spaces.CollectionQuerySpaceImpl@13123be5]
14:11:16.012 [Test worker] DEBUG o.h.p.w.spi.MetamodelGraphWalker - Visiting attribute path : vnfc
14:11:16.013 [Test worker] DEBUG o.h.l.p.b.i.FetchStyleLoadPlanBuildingAssociationVisitationStrategy - Building LoadPlan...
14:11:16.013 [Test worker] DEBUG o.h.l.p.e.i.LoadQueryJoinAndFetchProcessor - processing queryspace <gen:0>
14:11:16.013 [Test worker] DEBUG o.h.l.p.b.spi.LoadPlanTreePrinter - LoadPlan(entity=org.project.neutrino.nfvo.catalogue.mano.descriptor.VirtualDeploymentUnit)
    - Returns
       - EntityReturnImpl(entity=org.project.neutrino.nfvo.catalogue.mano.descriptor.VirtualDeploymentUnit, querySpaceUid=<gen:0>, path=org.project.neutrino.nfvo.catalogue.mano.descriptor.VirtualDeploymentUnit)
          - CollectionAttributeFetchImpl(collection=org.project.neutrino.nfvo.catalogue.mano.descriptor.VirtualDeploymentUnit.monitoring_parameter, querySpaceUid=<gen:1>, path=org.project.neutrino.nfvo.catalogue.mano.descriptor.VirtualDeploymentUnit.monitoring_parameter)
          - CollectionAttributeFetchImpl(collection=org.project.neutrino.nfvo.catalogue.mano.descriptor.VirtualDeploymentUnit.vm_image, querySpaceUid=<gen:2>, path=org.project.neutrino.nfvo.catalogue.mano.descriptor.VirtualDeploymentUnit.vm_image)
    - QuerySpaces
       - EntityQuerySpaceImpl(uid=<gen:0>, entity=org.project.neutrino.nfvo.catalogue.mano.descriptor.VirtualDeploymentUnit)
          - SQL table alias mapping - virtualdep0_
          - alias suffix - 0_
          - suffixed key columns - {id1_47_0_}

14:11:16.013 [Test worker] DEBUG o.h.loader.entity.plan.EntityLoader - Static select for entity org.project.neutrino.nfvo.catalogue.mano.descriptor.VirtualDeploymentUnit [OPTIMISTIC]: select virtualdep0_.id as id1_47_0_, virtualdep0_.computation_requirement as computat2_47_0_, virtualdep0_.high_availability as high_ava3_47_0_, virtualdep0_.scale_in_out as scale_in4_47_0_, virtualdep0_.vdu_constraint as vdu_cons5_47_0_, virtualdep0_.version as version6_47_0_, virtualdep0_.virtual_memory_resource_element as virtual_7_47_0_, virtualdep0_.virtual_network_bandwidth_resource as virtual_8_47_0_ from virtual_deployment_unit virtualdep0_ where virtualdep0_.id=?
14:11:16.016 [Test worker] DEBUG o.h.l.p.b.i.spaces.QuerySpacesImpl - Adding QuerySpace : uid = <gen:0> -> org.hibernate.loader.plan.build.internal.spaces.EntityQuerySpaceImpl@121a412b]
14:11:16.017 [Test worker] DEBUG o.h.p.w.spi.MetamodelGraphWalker - Visiting attribute path : computation_requirement
14:11:16.018 [Test worker] DEBUG o.h.p.w.spi.MetamodelGraphWalker - Visiting attribute path : high_availability
14:11:16.019 [Test worker] DEBUG o.h.p.w.spi.MetamodelGraphWalker - Visiting attribute path : lifecycle_event
14:11:16.019 [Test worker] DEBUG o.h.p.w.spi.MetamodelGraphWalker - Visiting attribute path : monitoring_parameter
14:11:16.019 [Test worker] DEBUG o.h.l.p.b.i.spaces.QuerySpacesImpl - Adding QuerySpace : uid = <gen:1> -> org.hibernate.loader.plan.build.internal.spaces.CollectionQuerySpaceImpl@29ceabdb]
14:11:16.019 [Test worker] DEBUG o.h.p.w.spi.MetamodelGraphWalker - Visiting attribute path : scale_in_out
14:11:16.019 [Test worker] DEBUG o.h.p.w.spi.MetamodelGraphWalker - Visiting attribute path : vdu_constraint
14:11:16.019 [Test worker] DEBUG o.h.p.w.spi.MetamodelGraphWalker - Visiting attribute path : version
14:11:16.019 [Test worker] DEBUG o.h.p.w.spi.MetamodelGraphWalker - Visiting attribute path : virtual_memory_resource_element
14:11:16.019 [Test worker] DEBUG o.h.p.w.spi.MetamodelGraphWalker - Visiting attribute path : virtual_network_bandwidth_resource
14:11:16.019 [Test worker] DEBUG o.h.p.w.spi.MetamodelGraphWalker - Visiting attribute path : vm_image
14:11:16.019 [Test worker] DEBUG o.h.l.p.b.i.spaces.QuerySpacesImpl - Adding QuerySpace : uid = <gen:2> -> org.hibernate.loader.plan.build.internal.spaces.CollectionQuerySpaceImpl@3f74cc4e]
14:11:16.019 [Test worker] DEBUG o.h.p.w.spi.MetamodelGraphWalker - Visiting attribute path : vnfc
14:11:16.019 [Test worker] DEBUG o.h.l.p.b.i.FetchStyleLoadPlanBuildingAssociationVisitationStrategy - Building LoadPlan...
14:11:16.019 [Test worker] DEBUG o.h.l.p.e.i.LoadQueryJoinAndFetchProcessor - processing queryspace <gen:0>
14:11:16.019 [Test worker] DEBUG o.h.l.p.b.spi.LoadPlanTreePrinter - LoadPlan(entity=org.project.neutrino.nfvo.catalogue.mano.descriptor.VirtualDeploymentUnit)
    - Returns
       - EntityReturnImpl(entity=org.project.neutrino.nfvo.catalogue.mano.descriptor.VirtualDeploymentUnit, querySpaceUid=<gen:0>, path=org.project.neutrino.nfvo.catalogue.mano.descriptor.VirtualDeploymentUnit)
          - CollectionAttributeFetchImpl(collection=org.project.neutrino.nfvo.catalogue.mano.descriptor.VirtualDeploymentUnit.monitoring_parameter, querySpaceUid=<gen:1>, path=org.project.neutrino.nfvo.catalogue.mano.descriptor.VirtualDeploymentUnit.monitoring_parameter)
          - CollectionAttributeFetchImpl(collection=org.project.neutrino.nfvo.catalogue.mano.descriptor.VirtualDeploymentUnit.vm_image, querySpaceUid=<gen:2>, path=org.project.neutrino.nfvo.catalogue.mano.descriptor.VirtualDeploymentUnit.vm_image)
    - QuerySpaces
       - EntityQuerySpaceImpl(uid=<gen:0>, entity=org.project.neutrino.nfvo.catalogue.mano.descriptor.VirtualDeploymentUnit)
          - SQL table alias mapping - virtualdep0_
          - alias suffix - 0_
          - suffixed key columns - {id1_47_0_}

14:11:16.020 [Test worker] DEBUG o.h.loader.entity.plan.EntityLoader - Static select for entity org.project.neutrino.nfvo.catalogue.mano.descriptor.VirtualDeploymentUnit [OPTIMISTIC_FORCE_INCREMENT]: select virtualdep0_.id as id1_47_0_, virtualdep0_.computation_requirement as computat2_47_0_, virtualdep0_.high_availability as high_ava3_47_0_, virtualdep0_.scale_in_out as scale_in4_47_0_, virtualdep0_.vdu_constraint as vdu_cons5_47_0_, virtualdep0_.version as version6_47_0_, virtualdep0_.virtual_memory_resource_element as virtual_7_47_0_, virtualdep0_.virtual_network_bandwidth_resource as virtual_8_47_0_ from virtual_deployment_unit virtualdep0_ where virtualdep0_.id=?
14:11:16.021 [Test worker] DEBUG org.hibernate.loader.Loader - Static select for action ACTION_MERGE on entity org.project.neutrino.nfvo.catalogue.mano.descriptor.VirtualDeploymentUnit: select virtualdep0_.id as id1_47_1_, virtualdep0_.computation_requirement as computat2_47_1_, virtualdep0_.high_availability as high_ava3_47_1_, virtualdep0_.scale_in_out as scale_in4_47_1_, virtualdep0_.vdu_constraint as vdu_cons5_47_1_, virtualdep0_.version as version6_47_1_, virtualdep0_.virtual_memory_resource_element as virtual_7_47_1_, virtualdep0_.virtual_network_bandwidth_resource as virtual_8_47_1_, lifecycle_1_.virtual_deployment_unit_id as virtual_1_47_3_, lifecyclee2_.id as lifecycl2_48_3_, lifecyclee2_.id as id1_10_0_, lifecyclee2_.version as version2_10_0_ from virtual_deployment_unit virtualdep0_ left outer join virtual_deployment_unit_lifecycle_event lifecycle_1_ on virtualdep0_.id=lifecycle_1_.virtual_deployment_unit_id left outer join lifecycle_event lifecyclee2_ on lifecycle_1_.lifecycle_event_id=lifecyclee2_.id where virtualdep0_.id=?
14:11:16.021 [Test worker] DEBUG org.hibernate.loader.Loader - Static select for action ACTION_REFRESH on entity org.project.neutrino.nfvo.catalogue.mano.descriptor.VirtualDeploymentUnit: select virtualdep0_.id as id1_47_1_, virtualdep0_.computation_requirement as computat2_47_1_, virtualdep0_.high_availability as high_ava3_47_1_, virtualdep0_.scale_in_out as scale_in4_47_1_, virtualdep0_.vdu_constraint as vdu_cons5_47_1_, virtualdep0_.version as version6_47_1_, virtualdep0_.virtual_memory_resource_element as virtual_7_47_1_, virtualdep0_.virtual_network_bandwidth_resource as virtual_8_47_1_, vnfc1_.virtual_deployment_unit_id as virtual_1_47_3_, vnfcompone2_.id as vnfc_id2_51_3_, vnfcompone2_.id as id1_80_0_, vnfcompone2_.version as version2_80_0_ from virtual_deployment_unit virtualdep0_ left outer join virtual_deployment_unit_vnfc vnfc1_ on virtualdep0_.id=vnfc1_.virtual_deployment_unit_id left outer join vnfcomponent vnfcompone2_ on vnfc1_.vnfc_id=vnfcompone2_.id where virtualdep0_.id=?
14:11:16.022 [Test worker] DEBUG o.h.p.entity.AbstractEntityPersister - Static SQL for entity: org.project.neutrino.nfvo.catalogue.mano.common.CostituentVNF
14:11:16.022 [Test worker] DEBUG o.h.p.entity.AbstractEntityPersister -  Version select: select version from costituentvnf where id =?
14:11:16.022 [Test worker] DEBUG o.h.p.entity.AbstractEntityPersister -  Snapshot select: select costituent_.id, costituent_.affinity as affinity2_6_, costituent_.capability as capabili3_6_, costituent_.number_of_instances as number_o4_6_, costituent_.redundancy_model as redundan5_6_, costituent_.version as version6_6_, costituent_.vnf_flavour_id_reference as vnf_flav7_6_, costituent_.vnf_reference as vnf_refe8_6_ from costituentvnf costituent_ where costituent_.id=?
14:11:16.022 [Test worker] DEBUG o.h.p.entity.AbstractEntityPersister -  Insert 0: insert into costituentvnf (affinity, capability, number_of_instances, redundancy_model, version, vnf_flavour_id_reference, vnf_reference, id) values (?, ?, ?, ?, ?, ?, ?, ?)
14:11:16.022 [Test worker] DEBUG o.h.p.entity.AbstractEntityPersister -  Update 0: update costituentvnf set affinity=?, capability=?, number_of_instances=?, redundancy_model=?, version=?, vnf_flavour_id_reference=?, vnf_reference=? where id=? and version=?
14:11:16.022 [Test worker] DEBUG o.h.p.entity.AbstractEntityPersister -  Delete 0: delete from costituentvnf where id=? and version=?
14:11:16.022 [Test worker] DEBUG o.h.l.p.b.i.spaces.QuerySpacesImpl - Adding QuerySpace : uid = <gen:0> -> org.hibernate.loader.plan.build.internal.spaces.EntityQuerySpaceImpl@d11356e]
14:11:16.022 [Test worker] DEBUG o.h.p.w.spi.MetamodelGraphWalker - Visiting attribute path : affinity
14:11:16.022 [Test worker] DEBUG o.h.p.w.spi.MetamodelGraphWalker - Visiting attribute path : capability
14:11:16.022 [Test worker] DEBUG o.h.p.w.spi.MetamodelGraphWalker - Visiting attribute path : number_of_instances
14:11:16.022 [Test worker] DEBUG o.h.p.w.spi.MetamodelGraphWalker - Visiting attribute path : redundancy_model
14:11:16.022 [Test worker] DEBUG o.h.p.w.spi.MetamodelGraphWalker - Visiting attribute path : version
14:11:16.022 [Test worker] DEBUG o.h.p.w.spi.MetamodelGraphWalker - Visiting attribute path : vnf_flavour_id_reference
14:11:16.022 [Test worker] DEBUG o.h.p.w.spi.MetamodelGraphWalker - Visiting attribute path : vnf_reference
14:11:16.022 [Test worker] DEBUG o.h.l.p.b.i.FetchStyleLoadPlanBuildingAssociationVisitationStrategy - Building LoadPlan...
14:11:16.022 [Test worker] DEBUG o.h.l.p.e.i.LoadQueryJoinAndFetchProcessor - processing queryspace <gen:0>
14:11:16.022 [Test worker] DEBUG o.h.l.p.b.spi.LoadPlanTreePrinter - LoadPlan(entity=org.project.neutrino.nfvo.catalogue.mano.common.CostituentVNF)
    - Returns
       - EntityReturnImpl(entity=org.project.neutrino.nfvo.catalogue.mano.common.CostituentVNF, querySpaceUid=<gen:0>, path=org.project.neutrino.nfvo.catalogue.mano.common.CostituentVNF)
    - QuerySpaces
       - EntityQuerySpaceImpl(uid=<gen:0>, entity=org.project.neutrino.nfvo.catalogue.mano.common.CostituentVNF)
          - SQL table alias mapping - costituent0_
          - alias suffix - 0_
          - suffixed key columns - {id1_6_0_}

14:11:16.022 [Test worker] DEBUG o.h.loader.entity.plan.EntityLoader - Static select for entity org.project.neutrino.nfvo.catalogue.mano.common.CostituentVNF [NONE]: select costituent0_.id as id1_6_0_, costituent0_.affinity as affinity2_6_0_, costituent0_.capability as capabili3_6_0_, costituent0_.number_of_instances as number_o4_6_0_, costituent0_.redundancy_model as redundan5_6_0_, costituent0_.version as version6_6_0_, costituent0_.vnf_flavour_id_reference as vnf_flav7_6_0_, costituent0_.vnf_reference as vnf_refe8_6_0_ from costituentvnf costituent0_ where costituent0_.id=?
14:11:16.022 [Test worker] DEBUG o.h.l.p.b.i.spaces.QuerySpacesImpl - Adding QuerySpace : uid = <gen:0> -> org.hibernate.loader.plan.build.internal.spaces.EntityQuerySpaceImpl@3efa3e05]
14:11:16.023 [Test worker] DEBUG o.h.p.w.spi.MetamodelGraphWalker - Visiting attribute path : affinity
14:11:16.023 [Test worker] DEBUG o.h.p.w.spi.MetamodelGraphWalker - Visiting attribute path : capability
14:11:16.023 [Test worker] DEBUG o.h.p.w.spi.MetamodelGraphWalker - Visiting attribute path : number_of_instances
14:11:16.023 [Test worker] DEBUG o.h.p.w.spi.MetamodelGraphWalker - Visiting attribute path : redundancy_model
14:11:16.023 [Test worker] DEBUG o.h.p.w.spi.MetamodelGraphWalker - Visiting attribute path : version
14:11:16.023 [Test worker] DEBUG o.h.p.w.spi.MetamodelGraphWalker - Visiting attribute path : vnf_flavour_id_reference
14:11:16.023 [Test worker] DEBUG o.h.p.w.spi.MetamodelGraphWalker - Visiting attribute path : vnf_reference
14:11:16.023 [Test worker] DEBUG o.h.l.p.b.i.FetchStyleLoadPlanBuildingAssociationVisitationStrategy - Building LoadPlan...
14:11:16.023 [Test worker] DEBUG o.h.l.p.e.i.LoadQueryJoinAndFetchProcessor - processing queryspace <gen:0>
14:11:16.023 [Test worker] DEBUG o.h.l.p.b.spi.LoadPlanTreePrinter - LoadPlan(entity=org.project.neutrino.nfvo.catalogue.mano.common.CostituentVNF)
    - Returns
       - EntityReturnImpl(entity=org.project.neutrino.nfvo.catalogue.mano.common.CostituentVNF, querySpaceUid=<gen:0>, path=org.project.neutrino.nfvo.catalogue.mano.common.CostituentVNF)
    - QuerySpaces
       - EntityQuerySpaceImpl(uid=<gen:0>, entity=org.project.neutrino.nfvo.catalogue.mano.common.CostituentVNF)
          - SQL table alias mapping - costituent0_
          - alias suffix - 0_
          - suffixed key columns - {id1_6_0_}

14:11:16.023 [Test worker] DEBUG o.h.loader.entity.plan.EntityLoader - Static select for entity org.project.neutrino.nfvo.catalogue.mano.common.CostituentVNF [READ]: select costituent0_.id as id1_6_0_, costituent0_.affinity as affinity2_6_0_, costituent0_.capability as capabili3_6_0_, costituent0_.number_of_instances as number_o4_6_0_, costituent0_.redundancy_model as redundan5_6_0_, costituent0_.version as version6_6_0_, costituent0_.vnf_flavour_id_reference as vnf_flav7_6_0_, costituent0_.vnf_reference as vnf_refe8_6_0_ from costituentvnf costituent0_ where costituent0_.id=?
14:11:16.023 [Test worker] DEBUG o.h.l.p.b.i.spaces.QuerySpacesImpl - Adding QuerySpace : uid = <gen:0> -> org.hibernate.loader.plan.build.internal.spaces.EntityQuerySpaceImpl@2c1833d5]
14:11:16.023 [Test worker] DEBUG o.h.p.w.spi.MetamodelGraphWalker - Visiting attribute path : affinity
14:11:16.023 [Test worker] DEBUG o.h.p.w.spi.MetamodelGraphWalker - Visiting attribute path : capability
14:11:16.023 [Test worker] DEBUG o.h.p.w.spi.MetamodelGraphWalker - Visiting attribute path : number_of_instances
14:11:16.023 [Test worker] DEBUG o.h.p.w.spi.MetamodelGraphWalker - Visiting attribute path : redundancy_model
14:11:16.023 [Test worker] DEBUG o.h.p.w.spi.MetamodelGraphWalker - Visiting attribute path : version
14:11:16.023 [Test worker] DEBUG o.h.p.w.spi.MetamodelGraphWalker - Visiting attribute path : vnf_flavour_id_reference
14:11:16.023 [Test worker] DEBUG o.h.p.w.spi.MetamodelGraphWalker - Visiting attribute path : vnf_reference
14:11:16.023 [Test worker] DEBUG o.h.l.p.b.i.FetchStyleLoadPlanBuildingAssociationVisitationStrategy - Building LoadPlan...
14:11:16.023 [Test worker] DEBUG o.h.l.p.e.i.LoadQueryJoinAndFetchProcessor - processing queryspace <gen:0>
14:11:16.024 [Test worker] DEBUG o.h.l.p.b.spi.LoadPlanTreePrinter - LoadPlan(entity=org.project.neutrino.nfvo.catalogue.mano.common.CostituentVNF)
    - Returns
       - EntityReturnImpl(entity=org.project.neutrino.nfvo.catalogue.mano.common.CostituentVNF, querySpaceUid=<gen:0>, path=org.project.neutrino.nfvo.catalogue.mano.common.CostituentVNF)
    - QuerySpaces
       - EntityQuerySpaceImpl(uid=<gen:0>, entity=org.project.neutrino.nfvo.catalogue.mano.common.CostituentVNF)
          - SQL table alias mapping - costituent0_
          - alias suffix - 0_
          - suffixed key columns - {id1_6_0_}

14:11:16.024 [Test worker] DEBUG o.h.loader.entity.plan.EntityLoader - Static select for entity org.project.neutrino.nfvo.catalogue.mano.common.CostituentVNF [UPGRADE]: select costituent0_.id as id1_6_0_, costituent0_.affinity as affinity2_6_0_, costituent0_.capability as capabili3_6_0_, costituent0_.number_of_instances as number_o4_6_0_, costituent0_.redundancy_model as redundan5_6_0_, costituent0_.version as version6_6_0_, costituent0_.vnf_flavour_id_reference as vnf_flav7_6_0_, costituent0_.vnf_reference as vnf_refe8_6_0_ from costituentvnf costituent0_ where costituent0_.id=? for update
14:11:16.024 [Test worker] DEBUG o.h.l.p.b.i.spaces.QuerySpacesImpl - Adding QuerySpace : uid = <gen:0> -> org.hibernate.loader.plan.build.internal.spaces.EntityQuerySpaceImpl@2861e0c4]
14:11:16.024 [Test worker] DEBUG o.h.p.w.spi.MetamodelGraphWalker - Visiting attribute path : affinity
14:11:16.024 [Test worker] DEBUG o.h.p.w.spi.MetamodelGraphWalker - Visiting attribute path : capability
14:11:16.024 [Test worker] DEBUG o.h.p.w.spi.MetamodelGraphWalker - Visiting attribute path : number_of_instances
14:11:16.024 [Test worker] DEBUG o.h.p.w.spi.MetamodelGraphWalker - Visiting attribute path : redundancy_model
14:11:16.024 [Test worker] DEBUG o.h.p.w.spi.MetamodelGraphWalker - Visiting attribute path : version
14:11:16.024 [Test worker] DEBUG o.h.p.w.spi.MetamodelGraphWalker - Visiting attribute path : vnf_flavour_id_reference
14:11:16.027 [Test worker] DEBUG o.h.p.w.spi.MetamodelGraphWalker - Visiting attribute path : vnf_reference
14:11:16.027 [Test worker] DEBUG o.h.l.p.b.i.FetchStyleLoadPlanBuildingAssociationVisitationStrategy - Building LoadPlan...
14:11:16.027 [Test worker] DEBUG o.h.l.p.e.i.LoadQueryJoinAndFetchProcessor - processing queryspace <gen:0>
14:11:16.027 [Test worker] DEBUG o.h.l.p.b.spi.LoadPlanTreePrinter - LoadPlan(entity=org.project.neutrino.nfvo.catalogue.mano.common.CostituentVNF)
    - Returns
       - EntityReturnImpl(entity=org.project.neutrino.nfvo.catalogue.mano.common.CostituentVNF, querySpaceUid=<gen:0>, path=org.project.neutrino.nfvo.catalogue.mano.common.CostituentVNF)
    - QuerySpaces
       - EntityQuerySpaceImpl(uid=<gen:0>, entity=org.project.neutrino.nfvo.catalogue.mano.common.CostituentVNF)
          - SQL table alias mapping - costituent0_
          - alias suffix - 0_
          - suffixed key columns - {id1_6_0_}

14:11:16.027 [Test worker] DEBUG o.h.loader.entity.plan.EntityLoader - Static select for entity org.project.neutrino.nfvo.catalogue.mano.common.CostituentVNF [UPGRADE_NOWAIT]: select costituent0_.id as id1_6_0_, costituent0_.affinity as affinity2_6_0_, costituent0_.capability as capabili3_6_0_, costituent0_.number_of_instances as number_o4_6_0_, costituent0_.redundancy_model as redundan5_6_0_, costituent0_.version as version6_6_0_, costituent0_.vnf_flavour_id_reference as vnf_flav7_6_0_, costituent0_.vnf_reference as vnf_refe8_6_0_ from costituentvnf costituent0_ where costituent0_.id=? for update
14:11:16.027 [Test worker] DEBUG o.h.l.p.b.i.spaces.QuerySpacesImpl - Adding QuerySpace : uid = <gen:0> -> org.hibernate.loader.plan.build.internal.spaces.EntityQuerySpaceImpl@5a38d2d8]
14:11:16.027 [Test worker] DEBUG o.h.p.w.spi.MetamodelGraphWalker - Visiting attribute path : affinity
14:11:16.027 [Test worker] DEBUG o.h.p.w.spi.MetamodelGraphWalker - Visiting attribute path : capability
14:11:16.027 [Test worker] DEBUG o.h.p.w.spi.MetamodelGraphWalker - Visiting attribute path : number_of_instances
14:11:16.027 [Test worker] DEBUG o.h.p.w.spi.MetamodelGraphWalker - Visiting attribute path : redundancy_model
14:11:16.027 [Test worker] DEBUG o.h.p.w.spi.MetamodelGraphWalker - Visiting attribute path : version
14:11:16.027 [Test worker] DEBUG o.h.p.w.spi.MetamodelGraphWalker - Visiting attribute path : vnf_flavour_id_reference
14:11:16.027 [Test worker] DEBUG o.h.p.w.spi.MetamodelGraphWalker - Visiting attribute path : vnf_reference
14:11:16.027 [Test worker] DEBUG o.h.l.p.b.i.FetchStyleLoadPlanBuildingAssociationVisitationStrategy - Building LoadPlan...
14:11:16.028 [Test worker] DEBUG o.h.l.p.e.i.LoadQueryJoinAndFetchProcessor - processing queryspace <gen:0>
14:11:16.028 [Test worker] DEBUG o.h.l.p.b.spi.LoadPlanTreePrinter - LoadPlan(entity=org.project.neutrino.nfvo.catalogue.mano.common.CostituentVNF)
    - Returns
       - EntityReturnImpl(entity=org.project.neutrino.nfvo.catalogue.mano.common.CostituentVNF, querySpaceUid=<gen:0>, path=org.project.neutrino.nfvo.catalogue.mano.common.CostituentVNF)
    - QuerySpaces
       - EntityQuerySpaceImpl(uid=<gen:0>, entity=org.project.neutrino.nfvo.catalogue.mano.common.CostituentVNF)
          - SQL table alias mapping - costituent0_
          - alias suffix - 0_
          - suffixed key columns - {id1_6_0_}

14:11:16.028 [Test worker] DEBUG o.h.loader.entity.plan.EntityLoader - Static select for entity org.project.neutrino.nfvo.catalogue.mano.common.CostituentVNF [UPGRADE_SKIPLOCKED]: select costituent0_.id as id1_6_0_, costituent0_.affinity as affinity2_6_0_, costituent0_.capability as capabili3_6_0_, costituent0_.number_of_instances as number_o4_6_0_, costituent0_.redundancy_model as redundan5_6_0_, costituent0_.version as version6_6_0_, costituent0_.vnf_flavour_id_reference as vnf_flav7_6_0_, costituent0_.vnf_reference as vnf_refe8_6_0_ from costituentvnf costituent0_ where costituent0_.id=? for update
14:11:16.028 [Test worker] DEBUG o.h.l.p.b.i.spaces.QuerySpacesImpl - Adding QuerySpace : uid = <gen:0> -> org.hibernate.loader.plan.build.internal.spaces.EntityQuerySpaceImpl@1bb1883f]
14:11:16.028 [Test worker] DEBUG o.h.p.w.spi.MetamodelGraphWalker - Visiting attribute path : affinity
14:11:16.028 [Test worker] DEBUG o.h.p.w.spi.MetamodelGraphWalker - Visiting attribute path : capability
14:11:16.028 [Test worker] DEBUG o.h.p.w.spi.MetamodelGraphWalker - Visiting attribute path : number_of_instances
14:11:16.028 [Test worker] DEBUG o.h.p.w.spi.MetamodelGraphWalker - Visiting attribute path : redundancy_model
14:11:16.028 [Test worker] DEBUG o.h.p.w.spi.MetamodelGraphWalker - Visiting attribute path : version
14:11:16.028 [Test worker] DEBUG o.h.p.w.spi.MetamodelGraphWalker - Visiting attribute path : vnf_flavour_id_reference
14:11:16.028 [Test worker] DEBUG o.h.p.w.spi.MetamodelGraphWalker - Visiting attribute path : vnf_reference
14:11:16.028 [Test worker] DEBUG o.h.l.p.b.i.FetchStyleLoadPlanBuildingAssociationVisitationStrategy - Building LoadPlan...
14:11:16.028 [Test worker] DEBUG o.h.l.p.e.i.LoadQueryJoinAndFetchProcessor - processing queryspace <gen:0>
14:11:16.028 [Test worker] DEBUG o.h.l.p.b.spi.LoadPlanTreePrinter - LoadPlan(entity=org.project.neutrino.nfvo.catalogue.mano.common.CostituentVNF)
    - Returns
       - EntityReturnImpl(entity=org.project.neutrino.nfvo.catalogue.mano.common.CostituentVNF, querySpaceUid=<gen:0>, path=org.project.neutrino.nfvo.catalogue.mano.common.CostituentVNF)
    - QuerySpaces
       - EntityQuerySpaceImpl(uid=<gen:0>, entity=org.project.neutrino.nfvo.catalogue.mano.common.CostituentVNF)
          - SQL table alias mapping - costituent0_
          - alias suffix - 0_
          - suffixed key columns - {id1_6_0_}

14:11:16.028 [Test worker] DEBUG o.h.loader.entity.plan.EntityLoader - Static select for entity org.project.neutrino.nfvo.catalogue.mano.common.CostituentVNF [FORCE]: select costituent0_.id as id1_6_0_, costituent0_.affinity as affinity2_6_0_, costituent0_.capability as capabili3_6_0_, costituent0_.number_of_instances as number_o4_6_0_, costituent0_.redundancy_model as redundan5_6_0_, costituent0_.version as version6_6_0_, costituent0_.vnf_flavour_id_reference as vnf_flav7_6_0_, costituent0_.vnf_reference as vnf_refe8_6_0_ from costituentvnf costituent0_ where costituent0_.id=? for update
14:11:16.028 [Test worker] DEBUG o.h.l.p.b.i.spaces.QuerySpacesImpl - Adding QuerySpace : uid = <gen:0> -> org.hibernate.loader.plan.build.internal.spaces.EntityQuerySpaceImpl@234e13e7]
14:11:16.028 [Test worker] DEBUG o.h.p.w.spi.MetamodelGraphWalker - Visiting attribute path : affinity
14:11:16.028 [Test worker] DEBUG o.h.p.w.spi.MetamodelGraphWalker - Visiting attribute path : capability
14:11:16.028 [Test worker] DEBUG o.h.p.w.spi.MetamodelGraphWalker - Visiting attribute path : number_of_instances
14:11:16.028 [Test worker] DEBUG o.h.p.w.spi.MetamodelGraphWalker - Visiting attribute path : redundancy_model
14:11:16.028 [Test worker] DEBUG o.h.p.w.spi.MetamodelGraphWalker - Visiting attribute path : version
14:11:16.029 [Test worker] DEBUG o.h.p.w.spi.MetamodelGraphWalker - Visiting attribute path : vnf_flavour_id_reference
14:11:16.029 [Test worker] DEBUG o.h.p.w.spi.MetamodelGraphWalker - Visiting attribute path : vnf_reference
14:11:16.029 [Test worker] DEBUG o.h.l.p.b.i.FetchStyleLoadPlanBuildingAssociationVisitationStrategy - Building LoadPlan...
14:11:16.029 [Test worker] DEBUG o.h.l.p.e.i.LoadQueryJoinAndFetchProcessor - processing queryspace <gen:0>
14:11:16.031 [Test worker] DEBUG o.h.l.p.b.spi.LoadPlanTreePrinter - LoadPlan(entity=org.project.neutrino.nfvo.catalogue.mano.common.CostituentVNF)
    - Returns
       - EntityReturnImpl(entity=org.project.neutrino.nfvo.catalogue.mano.common.CostituentVNF, querySpaceUid=<gen:0>, path=org.project.neutrino.nfvo.catalogue.mano.common.CostituentVNF)
    - QuerySpaces
       - EntityQuerySpaceImpl(uid=<gen:0>, entity=org.project.neutrino.nfvo.catalogue.mano.common.CostituentVNF)
          - SQL table alias mapping - costituent0_
          - alias suffix - 0_
          - suffixed key columns - {id1_6_0_}

14:11:16.031 [Test worker] DEBUG o.h.loader.entity.plan.EntityLoader - Static select for entity org.project.neutrino.nfvo.catalogue.mano.common.CostituentVNF [PESSIMISTIC_READ]: select costituent0_.id as id1_6_0_, costituent0_.affinity as affinity2_6_0_, costituent0_.capability as capabili3_6_0_, costituent0_.number_of_instances as number_o4_6_0_, costituent0_.redundancy_model as redundan5_6_0_, costituent0_.version as version6_6_0_, costituent0_.vnf_flavour_id_reference as vnf_flav7_6_0_, costituent0_.vnf_reference as vnf_refe8_6_0_ from costituentvnf costituent0_ where costituent0_.id=? lock in share mode
14:11:16.032 [Test worker] DEBUG o.h.l.p.b.i.spaces.QuerySpacesImpl - Adding QuerySpace : uid = <gen:0> -> org.hibernate.loader.plan.build.internal.spaces.EntityQuerySpaceImpl@4c1ebbf]
14:11:16.032 [Test worker] DEBUG o.h.p.w.spi.MetamodelGraphWalker - Visiting attribute path : affinity
14:11:16.032 [Test worker] DEBUG o.h.p.w.spi.MetamodelGraphWalker - Visiting attribute path : capability
14:11:16.032 [Test worker] DEBUG o.h.p.w.spi.MetamodelGraphWalker - Visiting attribute path : number_of_instances
14:11:16.032 [Test worker] DEBUG o.h.p.w.spi.MetamodelGraphWalker - Visiting attribute path : redundancy_model
14:11:16.032 [Test worker] DEBUG o.h.p.w.spi.MetamodelGraphWalker - Visiting attribute path : version
14:11:16.032 [Test worker] DEBUG o.h.p.w.spi.MetamodelGraphWalker - Visiting attribute path : vnf_flavour_id_reference
14:11:16.032 [Test worker] DEBUG o.h.p.w.spi.MetamodelGraphWalker - Visiting attribute path : vnf_reference
14:11:16.032 [Test worker] DEBUG o.h.l.p.b.i.FetchStyleLoadPlanBuildingAssociationVisitationStrategy - Building LoadPlan...
14:11:16.032 [Test worker] DEBUG o.h.l.p.e.i.LoadQueryJoinAndFetchProcessor - processing queryspace <gen:0>
14:11:16.033 [Test worker] DEBUG o.h.l.p.b.spi.LoadPlanTreePrinter - LoadPlan(entity=org.project.neutrino.nfvo.catalogue.mano.common.CostituentVNF)
    - Returns
       - EntityReturnImpl(entity=org.project.neutrino.nfvo.catalogue.mano.common.CostituentVNF, querySpaceUid=<gen:0>, path=org.project.neutrino.nfvo.catalogue.mano.common.CostituentVNF)
    - QuerySpaces
       - EntityQuerySpaceImpl(uid=<gen:0>, entity=org.project.neutrino.nfvo.catalogue.mano.common.CostituentVNF)
          - SQL table alias mapping - costituent0_
          - alias suffix - 0_
          - suffixed key columns - {id1_6_0_}

14:11:16.033 [Test worker] DEBUG o.h.loader.entity.plan.EntityLoader - Static select for entity org.project.neutrino.nfvo.catalogue.mano.common.CostituentVNF [PESSIMISTIC_WRITE]: select costituent0_.id as id1_6_0_, costituent0_.affinity as affinity2_6_0_, costituent0_.capability as capabili3_6_0_, costituent0_.number_of_instances as number_o4_6_0_, costituent0_.redundancy_model as redundan5_6_0_, costituent0_.version as version6_6_0_, costituent0_.vnf_flavour_id_reference as vnf_flav7_6_0_, costituent0_.vnf_reference as vnf_refe8_6_0_ from costituentvnf costituent0_ where costituent0_.id=? for update
14:11:16.033 [Test worker] DEBUG o.h.l.p.b.i.spaces.QuerySpacesImpl - Adding QuerySpace : uid = <gen:0> -> org.hibernate.loader.plan.build.internal.spaces.EntityQuerySpaceImpl@6c4268ad]
14:11:16.033 [Test worker] DEBUG o.h.p.w.spi.MetamodelGraphWalker - Visiting attribute path : affinity
14:11:16.033 [Test worker] DEBUG o.h.p.w.spi.MetamodelGraphWalker - Visiting attribute path : capability
14:11:16.033 [Test worker] DEBUG o.h.p.w.spi.MetamodelGraphWalker - Visiting attribute path : number_of_instances
14:11:16.033 [Test worker] DEBUG o.h.p.w.spi.MetamodelGraphWalker - Visiting attribute path : redundancy_model
14:11:16.033 [Test worker] DEBUG o.h.p.w.spi.MetamodelGraphWalker - Visiting attribute path : version
14:11:16.033 [Test worker] DEBUG o.h.p.w.spi.MetamodelGraphWalker - Visiting attribute path : vnf_flavour_id_reference
14:11:16.033 [Test worker] DEBUG o.h.p.w.spi.MetamodelGraphWalker - Visiting attribute path : vnf_reference
14:11:16.033 [Test worker] DEBUG o.h.l.p.b.i.FetchStyleLoadPlanBuildingAssociationVisitationStrategy - Building LoadPlan...
14:11:16.033 [Test worker] DEBUG o.h.l.p.e.i.LoadQueryJoinAndFetchProcessor - processing queryspace <gen:0>
14:11:16.034 [Test worker] DEBUG o.h.l.p.b.spi.LoadPlanTreePrinter - LoadPlan(entity=org.project.neutrino.nfvo.catalogue.mano.common.CostituentVNF)
    - Returns
       - EntityReturnImpl(entity=org.project.neutrino.nfvo.catalogue.mano.common.CostituentVNF, querySpaceUid=<gen:0>, path=org.project.neutrino.nfvo.catalogue.mano.common.CostituentVNF)
    - QuerySpaces
       - EntityQuerySpaceImpl(uid=<gen:0>, entity=org.project.neutrino.nfvo.catalogue.mano.common.CostituentVNF)
          - SQL table alias mapping - costituent0_
          - alias suffix - 0_
          - suffixed key columns - {id1_6_0_}

14:11:16.034 [Test worker] DEBUG o.h.loader.entity.plan.EntityLoader - Static select for entity org.project.neutrino.nfvo.catalogue.mano.common.CostituentVNF [PESSIMISTIC_FORCE_INCREMENT]: select costituent0_.id as id1_6_0_, costituent0_.affinity as affinity2_6_0_, costituent0_.capability as capabili3_6_0_, costituent0_.number_of_instances as number_o4_6_0_, costituent0_.redundancy_model as redundan5_6_0_, costituent0_.version as version6_6_0_, costituent0_.vnf_flavour_id_reference as vnf_flav7_6_0_, costituent0_.vnf_reference as vnf_refe8_6_0_ from costituentvnf costituent0_ where costituent0_.id=? for update
14:11:16.034 [Test worker] DEBUG o.h.l.p.b.i.spaces.QuerySpacesImpl - Adding QuerySpace : uid = <gen:0> -> org.hibernate.loader.plan.build.internal.spaces.EntityQuerySpaceImpl@55173ad3]
14:11:16.034 [Test worker] DEBUG o.h.p.w.spi.MetamodelGraphWalker - Visiting attribute path : affinity
14:11:16.034 [Test worker] DEBUG o.h.p.w.spi.MetamodelGraphWalker - Visiting attribute path : capability
14:11:16.034 [Test worker] DEBUG o.h.p.w.spi.MetamodelGraphWalker - Visiting attribute path : number_of_instances
14:11:16.034 [Test worker] DEBUG o.h.p.w.spi.MetamodelGraphWalker - Visiting attribute path : redundancy_model
14:11:16.034 [Test worker] DEBUG o.h.p.w.spi.MetamodelGraphWalker - Visiting attribute path : version
14:11:16.034 [Test worker] DEBUG o.h.p.w.spi.MetamodelGraphWalker - Visiting attribute path : vnf_flavour_id_reference
14:11:16.034 [Test worker] DEBUG o.h.p.w.spi.MetamodelGraphWalker - Visiting attribute path : vnf_reference
14:11:16.034 [Test worker] DEBUG o.h.l.p.b.i.FetchStyleLoadPlanBuildingAssociationVisitationStrategy - Building LoadPlan...
14:11:16.034 [Test worker] DEBUG o.h.l.p.e.i.LoadQueryJoinAndFetchProcessor - processing queryspace <gen:0>
14:11:16.034 [Test worker] DEBUG o.h.l.p.b.spi.LoadPlanTreePrinter - LoadPlan(entity=org.project.neutrino.nfvo.catalogue.mano.common.CostituentVNF)
    - Returns
       - EntityReturnImpl(entity=org.project.neutrino.nfvo.catalogue.mano.common.CostituentVNF, querySpaceUid=<gen:0>, path=org.project.neutrino.nfvo.catalogue.mano.common.CostituentVNF)
    - QuerySpaces
       - EntityQuerySpaceImpl(uid=<gen:0>, entity=org.project.neutrino.nfvo.catalogue.mano.common.CostituentVNF)
          - SQL table alias mapping - costituent0_
          - alias suffix - 0_
          - suffixed key columns - {id1_6_0_}

14:11:16.034 [Test worker] DEBUG o.h.loader.entity.plan.EntityLoader - Static select for entity org.project.neutrino.nfvo.catalogue.mano.common.CostituentVNF [OPTIMISTIC]: select costituent0_.id as id1_6_0_, costituent0_.affinity as affinity2_6_0_, costituent0_.capability as capabili3_6_0_, costituent0_.number_of_instances as number_o4_6_0_, costituent0_.redundancy_model as redundan5_6_0_, costituent0_.version as version6_6_0_, costituent0_.vnf_flavour_id_reference as vnf_flav7_6_0_, costituent0_.vnf_reference as vnf_refe8_6_0_ from costituentvnf costituent0_ where costituent0_.id=?
14:11:16.034 [Test worker] DEBUG o.h.l.p.b.i.spaces.QuerySpacesImpl - Adding QuerySpace : uid = <gen:0> -> org.hibernate.loader.plan.build.internal.spaces.EntityQuerySpaceImpl@45c58002]
14:11:16.034 [Test worker] DEBUG o.h.p.w.spi.MetamodelGraphWalker - Visiting attribute path : affinity
14:11:16.034 [Test worker] DEBUG o.h.p.w.spi.MetamodelGraphWalker - Visiting attribute path : capability
14:11:16.034 [Test worker] DEBUG o.h.p.w.spi.MetamodelGraphWalker - Visiting attribute path : number_of_instances
14:11:16.034 [Test worker] DEBUG o.h.p.w.spi.MetamodelGraphWalker - Visiting attribute path : redundancy_model
14:11:16.034 [Test worker] DEBUG o.h.p.w.spi.MetamodelGraphWalker - Visiting attribute path : version
14:11:16.034 [Test worker] DEBUG o.h.p.w.spi.MetamodelGraphWalker - Visiting attribute path : vnf_flavour_id_reference
14:11:16.034 [Test worker] DEBUG o.h.p.w.spi.MetamodelGraphWalker - Visiting attribute path : vnf_reference
14:11:16.034 [Test worker] DEBUG o.h.l.p.b.i.FetchStyleLoadPlanBuildingAssociationVisitationStrategy - Building LoadPlan...
14:11:16.035 [Test worker] DEBUG o.h.l.p.e.i.LoadQueryJoinAndFetchProcessor - processing queryspace <gen:0>
14:11:16.035 [Test worker] DEBUG o.h.l.p.b.spi.LoadPlanTreePrinter - LoadPlan(entity=org.project.neutrino.nfvo.catalogue.mano.common.CostituentVNF)
    - Returns
       - EntityReturnImpl(entity=org.project.neutrino.nfvo.catalogue.mano.common.CostituentVNF, querySpaceUid=<gen:0>, path=org.project.neutrino.nfvo.catalogue.mano.common.CostituentVNF)
    - QuerySpaces
       - EntityQuerySpaceImpl(uid=<gen:0>, entity=org.project.neutrino.nfvo.catalogue.mano.common.CostituentVNF)
          - SQL table alias mapping - costituent0_
          - alias suffix - 0_
          - suffixed key columns - {id1_6_0_}

14:11:16.035 [Test worker] DEBUG o.h.loader.entity.plan.EntityLoader - Static select for entity org.project.neutrino.nfvo.catalogue.mano.common.CostituentVNF [OPTIMISTIC_FORCE_INCREMENT]: select costituent0_.id as id1_6_0_, costituent0_.affinity as affinity2_6_0_, costituent0_.capability as capabili3_6_0_, costituent0_.number_of_instances as number_o4_6_0_, costituent0_.redundancy_model as redundan5_6_0_, costituent0_.version as version6_6_0_, costituent0_.vnf_flavour_id_reference as vnf_flav7_6_0_, costituent0_.vnf_reference as vnf_refe8_6_0_ from costituentvnf costituent0_ where costituent0_.id=?
14:11:16.035 [Test worker] DEBUG org.hibernate.loader.Loader - Static select for action ACTION_MERGE on entity org.project.neutrino.nfvo.catalogue.mano.common.CostituentVNF: select costituent0_.id as id1_6_0_, costituent0_.affinity as affinity2_6_0_, costituent0_.capability as capabili3_6_0_, costituent0_.number_of_instances as number_o4_6_0_, costituent0_.redundancy_model as redundan5_6_0_, costituent0_.version as version6_6_0_, costituent0_.vnf_flavour_id_reference as vnf_flav7_6_0_, costituent0_.vnf_reference as vnf_refe8_6_0_ from costituentvnf costituent0_ where costituent0_.id=?
14:11:16.035 [Test worker] DEBUG org.hibernate.loader.Loader - Static select for action ACTION_REFRESH on entity org.project.neutrino.nfvo.catalogue.mano.common.CostituentVNF: select costituent0_.id as id1_6_0_, costituent0_.affinity as affinity2_6_0_, costituent0_.capability as capabili3_6_0_, costituent0_.number_of_instances as number_o4_6_0_, costituent0_.redundancy_model as redundan5_6_0_, costituent0_.version as version6_6_0_, costituent0_.vnf_flavour_id_reference as vnf_flav7_6_0_, costituent0_.vnf_reference as vnf_refe8_6_0_ from costituentvnf costituent0_ where costituent0_.id=?
14:11:16.035 [Test worker] DEBUG o.h.p.entity.AbstractEntityPersister - Static SQL for entity: org.project.neutrino.nfvo.catalogue.mano.common.CostituentVDU
14:11:16.035 [Test worker] DEBUG o.h.p.entity.AbstractEntityPersister -  Version select: select version from costituentvdu where id =?
14:11:16.035 [Test worker] DEBUG o.h.p.entity.AbstractEntityPersister -  Snapshot select: select costituent_.id, costituent_.constituent_vnfc as constitu2_5_, costituent_.number_of_instances as number_o3_5_, costituent_.vdu_reference as vdu_refe4_5_, costituent_.version as version5_5_ from costituentvdu costituent_ where costituent_.id=?
14:11:16.035 [Test worker] DEBUG o.h.p.entity.AbstractEntityPersister -  Insert 0: insert into costituentvdu (constituent_vnfc, number_of_instances, vdu_reference, version, id) values (?, ?, ?, ?, ?)
14:11:16.035 [Test worker] DEBUG o.h.p.entity.AbstractEntityPersister -  Update 0: update costituentvdu set constituent_vnfc=?, number_of_instances=?, vdu_reference=?, version=? where id=? and version=?
14:11:16.035 [Test worker] DEBUG o.h.p.entity.AbstractEntityPersister -  Delete 0: delete from costituentvdu where id=? and version=?
14:11:16.035 [Test worker] DEBUG o.h.l.p.b.i.spaces.QuerySpacesImpl - Adding QuerySpace : uid = <gen:0> -> org.hibernate.loader.plan.build.internal.spaces.EntityQuerySpaceImpl@18c76c35]
14:11:16.035 [Test worker] DEBUG o.h.p.w.spi.MetamodelGraphWalker - Visiting attribute path : constituent_vnfc
14:11:16.035 [Test worker] DEBUG o.h.p.w.spi.MetamodelGraphWalker - Visiting attribute path : number_of_instances
14:11:16.035 [Test worker] DEBUG o.h.p.w.spi.MetamodelGraphWalker - Visiting attribute path : vdu_reference
14:11:16.035 [Test worker] DEBUG o.h.p.w.spi.MetamodelGraphWalker - Visiting attribute path : version
14:11:16.035 [Test worker] DEBUG o.h.l.p.b.i.FetchStyleLoadPlanBuildingAssociationVisitationStrategy - Building LoadPlan...
14:11:16.035 [Test worker] DEBUG o.h.l.p.e.i.LoadQueryJoinAndFetchProcessor - processing queryspace <gen:0>
14:11:16.035 [Test worker] DEBUG o.h.l.p.b.spi.LoadPlanTreePrinter - LoadPlan(entity=org.project.neutrino.nfvo.catalogue.mano.common.CostituentVDU)
    - Returns
       - EntityReturnImpl(entity=org.project.neutrino.nfvo.catalogue.mano.common.CostituentVDU, querySpaceUid=<gen:0>, path=org.project.neutrino.nfvo.catalogue.mano.common.CostituentVDU)
    - QuerySpaces
       - EntityQuerySpaceImpl(uid=<gen:0>, entity=org.project.neutrino.nfvo.catalogue.mano.common.CostituentVDU)
          - SQL table alias mapping - costituent0_
          - alias suffix - 0_
          - suffixed key columns - {id1_5_0_}

14:11:16.035 [Test worker] DEBUG o.h.loader.entity.plan.EntityLoader - Static select for entity org.project.neutrino.nfvo.catalogue.mano.common.CostituentVDU [NONE]: select costituent0_.id as id1_5_0_, costituent0_.constituent_vnfc as constitu2_5_0_, costituent0_.number_of_instances as number_o3_5_0_, costituent0_.vdu_reference as vdu_refe4_5_0_, costituent0_.version as version5_5_0_ from costituentvdu costituent0_ where costituent0_.id=?
14:11:16.035 [Test worker] DEBUG o.h.l.p.b.i.spaces.QuerySpacesImpl - Adding QuerySpace : uid = <gen:0> -> org.hibernate.loader.plan.build.internal.spaces.EntityQuerySpaceImpl@49d1463d]
14:11:16.036 [Test worker] DEBUG o.h.p.w.spi.MetamodelGraphWalker - Visiting attribute path : constituent_vnfc
14:11:16.036 [Test worker] DEBUG o.h.p.w.spi.MetamodelGraphWalker - Visiting attribute path : number_of_instances
14:11:16.036 [Test worker] DEBUG o.h.p.w.spi.MetamodelGraphWalker - Visiting attribute path : vdu_reference
14:11:16.036 [Test worker] DEBUG o.h.p.w.spi.MetamodelGraphWalker - Visiting attribute path : version
14:11:16.036 [Test worker] DEBUG o.h.l.p.b.i.FetchStyleLoadPlanBuildingAssociationVisitationStrategy - Building LoadPlan...
14:11:16.036 [Test worker] DEBUG o.h.l.p.e.i.LoadQueryJoinAndFetchProcessor - processing queryspace <gen:0>
14:11:16.036 [Test worker] DEBUG o.h.l.p.b.spi.LoadPlanTreePrinter - LoadPlan(entity=org.project.neutrino.nfvo.catalogue.mano.common.CostituentVDU)
    - Returns
       - EntityReturnImpl(entity=org.project.neutrino.nfvo.catalogue.mano.common.CostituentVDU, querySpaceUid=<gen:0>, path=org.project.neutrino.nfvo.catalogue.mano.common.CostituentVDU)
    - QuerySpaces
       - EntityQuerySpaceImpl(uid=<gen:0>, entity=org.project.neutrino.nfvo.catalogue.mano.common.CostituentVDU)
          - SQL table alias mapping - costituent0_
          - alias suffix - 0_
          - suffixed key columns - {id1_5_0_}

14:11:16.036 [Test worker] DEBUG o.h.loader.entity.plan.EntityLoader - Static select for entity org.project.neutrino.nfvo.catalogue.mano.common.CostituentVDU [READ]: select costituent0_.id as id1_5_0_, costituent0_.constituent_vnfc as constitu2_5_0_, costituent0_.number_of_instances as number_o3_5_0_, costituent0_.vdu_reference as vdu_refe4_5_0_, costituent0_.version as version5_5_0_ from costituentvdu costituent0_ where costituent0_.id=?
14:11:16.036 [Test worker] DEBUG o.h.l.p.b.i.spaces.QuerySpacesImpl - Adding QuerySpace : uid = <gen:0> -> org.hibernate.loader.plan.build.internal.spaces.EntityQuerySpaceImpl@78a0a613]
14:11:16.036 [Test worker] DEBUG o.h.p.w.spi.MetamodelGraphWalker - Visiting attribute path : constituent_vnfc
14:11:16.036 [Test worker] DEBUG o.h.p.w.spi.MetamodelGraphWalker - Visiting attribute path : number_of_instances
14:11:16.036 [Test worker] DEBUG o.h.p.w.spi.MetamodelGraphWalker - Visiting attribute path : vdu_reference
14:11:16.036 [Test worker] DEBUG o.h.p.w.spi.MetamodelGraphWalker - Visiting attribute path : version
14:11:16.036 [Test worker] DEBUG o.h.l.p.b.i.FetchStyleLoadPlanBuildingAssociationVisitationStrategy - Building LoadPlan...
14:11:16.036 [Test worker] DEBUG o.h.l.p.e.i.LoadQueryJoinAndFetchProcessor - processing queryspace <gen:0>
14:11:16.037 [Test worker] DEBUG o.h.l.p.b.spi.LoadPlanTreePrinter - LoadPlan(entity=org.project.neutrino.nfvo.catalogue.mano.common.CostituentVDU)
    - Returns
       - EntityReturnImpl(entity=org.project.neutrino.nfvo.catalogue.mano.common.CostituentVDU, querySpaceUid=<gen:0>, path=org.project.neutrino.nfvo.catalogue.mano.common.CostituentVDU)
    - QuerySpaces
       - EntityQuerySpaceImpl(uid=<gen:0>, entity=org.project.neutrino.nfvo.catalogue.mano.common.CostituentVDU)
          - SQL table alias mapping - costituent0_
          - alias suffix - 0_
          - suffixed key columns - {id1_5_0_}

14:11:16.037 [Test worker] DEBUG o.h.loader.entity.plan.EntityLoader - Static select for entity org.project.neutrino.nfvo.catalogue.mano.common.CostituentVDU [UPGRADE]: select costituent0_.id as id1_5_0_, costituent0_.constituent_vnfc as constitu2_5_0_, costituent0_.number_of_instances as number_o3_5_0_, costituent0_.vdu_reference as vdu_refe4_5_0_, costituent0_.version as version5_5_0_ from costituentvdu costituent0_ where costituent0_.id=? for update
14:11:16.037 [Test worker] DEBUG o.h.l.p.b.i.spaces.QuerySpacesImpl - Adding QuerySpace : uid = <gen:0> -> org.hibernate.loader.plan.build.internal.spaces.EntityQuerySpaceImpl@89c9ec7]
14:11:16.037 [Test worker] DEBUG o.h.p.w.spi.MetamodelGraphWalker - Visiting attribute path : constituent_vnfc
14:11:16.037 [Test worker] DEBUG o.h.p.w.spi.MetamodelGraphWalker - Visiting attribute path : number_of_instances
14:11:16.037 [Test worker] DEBUG o.h.p.w.spi.MetamodelGraphWalker - Visiting attribute path : vdu_reference
14:11:16.037 [Test worker] DEBUG o.h.p.w.spi.MetamodelGraphWalker - Visiting attribute path : version
14:11:16.037 [Test worker] DEBUG o.h.l.p.b.i.FetchStyleLoadPlanBuildingAssociationVisitationStrategy - Building LoadPlan...
14:11:16.037 [Test worker] DEBUG o.h.l.p.e.i.LoadQueryJoinAndFetchProcessor - processing queryspace <gen:0>
14:11:16.037 [Test worker] DEBUG o.h.l.p.b.spi.LoadPlanTreePrinter - LoadPlan(entity=org.project.neutrino.nfvo.catalogue.mano.common.CostituentVDU)
    - Returns
       - EntityReturnImpl(entity=org.project.neutrino.nfvo.catalogue.mano.common.CostituentVDU, querySpaceUid=<gen:0>, path=org.project.neutrino.nfvo.catalogue.mano.common.CostituentVDU)
    - QuerySpaces
       - EntityQuerySpaceImpl(uid=<gen:0>, entity=org.project.neutrino.nfvo.catalogue.mano.common.CostituentVDU)
          - SQL table alias mapping - costituent0_
          - alias suffix - 0_
          - suffixed key columns - {id1_5_0_}

14:11:16.037 [Test worker] DEBUG o.h.loader.entity.plan.EntityLoader - Static select for entity org.project.neutrino.nfvo.catalogue.mano.common.CostituentVDU [UPGRADE_NOWAIT]: select costituent0_.id as id1_5_0_, costituent0_.constituent_vnfc as constitu2_5_0_, costituent0_.number_of_instances as number_o3_5_0_, costituent0_.vdu_reference as vdu_refe4_5_0_, costituent0_.version as version5_5_0_ from costituentvdu costituent0_ where costituent0_.id=? for update
14:11:16.037 [Test worker] DEBUG o.h.l.p.b.i.spaces.QuerySpacesImpl - Adding QuerySpace : uid = <gen:0> -> org.hibernate.loader.plan.build.internal.spaces.EntityQuerySpaceImpl@42e68d00]
14:11:16.037 [Test worker] DEBUG o.h.p.w.spi.MetamodelGraphWalker - Visiting attribute path : constituent_vnfc
14:11:16.037 [Test worker] DEBUG o.h.p.w.spi.MetamodelGraphWalker - Visiting attribute path : number_of_instances
14:11:16.037 [Test worker] DEBUG o.h.p.w.spi.MetamodelGraphWalker - Visiting attribute path : vdu_reference
14:11:16.037 [Test worker] DEBUG o.h.p.w.spi.MetamodelGraphWalker - Visiting attribute path : version
14:11:16.037 [Test worker] DEBUG o.h.l.p.b.i.FetchStyleLoadPlanBuildingAssociationVisitationStrategy - Building LoadPlan...
14:11:16.037 [Test worker] DEBUG o.h.l.p.e.i.LoadQueryJoinAndFetchProcessor - processing queryspace <gen:0>
14:11:16.037 [Test worker] DEBUG o.h.l.p.b.spi.LoadPlanTreePrinter - LoadPlan(entity=org.project.neutrino.nfvo.catalogue.mano.common.CostituentVDU)
    - Returns
       - EntityReturnImpl(entity=org.project.neutrino.nfvo.catalogue.mano.common.CostituentVDU, querySpaceUid=<gen:0>, path=org.project.neutrino.nfvo.catalogue.mano.common.CostituentVDU)
    - QuerySpaces
       - EntityQuerySpaceImpl(uid=<gen:0>, entity=org.project.neutrino.nfvo.catalogue.mano.common.CostituentVDU)
          - SQL table alias mapping - costituent0_
          - alias suffix - 0_
          - suffixed key columns - {id1_5_0_}

14:11:16.037 [Test worker] DEBUG o.h.loader.entity.plan.EntityLoader - Static select for entity org.project.neutrino.nfvo.catalogue.mano.common.CostituentVDU [UPGRADE_SKIPLOCKED]: select costituent0_.id as id1_5_0_, costituent0_.constituent_vnfc as constitu2_5_0_, costituent0_.number_of_instances as number_o3_5_0_, costituent0_.vdu_reference as vdu_refe4_5_0_, costituent0_.version as version5_5_0_ from costituentvdu costituent0_ where costituent0_.id=? for update
14:11:16.037 [Test worker] DEBUG o.h.l.p.b.i.spaces.QuerySpacesImpl - Adding QuerySpace : uid = <gen:0> -> org.hibernate.loader.plan.build.internal.spaces.EntityQuerySpaceImpl@1dc986e2]
14:11:16.037 [Test worker] DEBUG o.h.p.w.spi.MetamodelGraphWalker - Visiting attribute path : constituent_vnfc
14:11:16.037 [Test worker] DEBUG o.h.p.w.spi.MetamodelGraphWalker - Visiting attribute path : number_of_instances
14:11:16.037 [Test worker] DEBUG o.h.p.w.spi.MetamodelGraphWalker - Visiting attribute path : vdu_reference
14:11:16.037 [Test worker] DEBUG o.h.p.w.spi.MetamodelGraphWalker - Visiting attribute path : version
14:11:16.037 [Test worker] DEBUG o.h.l.p.b.i.FetchStyleLoadPlanBuildingAssociationVisitationStrategy - Building LoadPlan...
14:11:16.038 [Test worker] DEBUG o.h.l.p.e.i.LoadQueryJoinAndFetchProcessor - processing queryspace <gen:0>
14:11:16.038 [Test worker] DEBUG o.h.l.p.b.spi.LoadPlanTreePrinter - LoadPlan(entity=org.project.neutrino.nfvo.catalogue.mano.common.CostituentVDU)
    - Returns
       - EntityReturnImpl(entity=org.project.neutrino.nfvo.catalogue.mano.common.CostituentVDU, querySpaceUid=<gen:0>, path=org.project.neutrino.nfvo.catalogue.mano.common.CostituentVDU)
    - QuerySpaces
       - EntityQuerySpaceImpl(uid=<gen:0>, entity=org.project.neutrino.nfvo.catalogue.mano.common.CostituentVDU)
          - SQL table alias mapping - costituent0_
          - alias suffix - 0_
          - suffixed key columns - {id1_5_0_}

14:11:16.038 [Test worker] DEBUG o.h.loader.entity.plan.EntityLoader - Static select for entity org.project.neutrino.nfvo.catalogue.mano.common.CostituentVDU [FORCE]: select costituent0_.id as id1_5_0_, costituent0_.constituent_vnfc as constitu2_5_0_, costituent0_.number_of_instances as number_o3_5_0_, costituent0_.vdu_reference as vdu_refe4_5_0_, costituent0_.version as version5_5_0_ from costituentvdu costituent0_ where costituent0_.id=? for update
14:11:16.038 [Test worker] DEBUG o.h.l.p.b.i.spaces.QuerySpacesImpl - Adding QuerySpace : uid = <gen:0> -> org.hibernate.loader.plan.build.internal.spaces.EntityQuerySpaceImpl@181e3a43]
14:11:16.038 [Test worker] DEBUG o.h.p.w.spi.MetamodelGraphWalker - Visiting attribute path : constituent_vnfc
14:11:16.038 [Test worker] DEBUG o.h.p.w.spi.MetamodelGraphWalker - Visiting attribute path : number_of_instances
14:11:16.038 [Test worker] DEBUG o.h.p.w.spi.MetamodelGraphWalker - Visiting attribute path : vdu_reference
14:11:16.038 [Test worker] DEBUG o.h.p.w.spi.MetamodelGraphWalker - Visiting attribute path : version
14:11:16.038 [Test worker] DEBUG o.h.l.p.b.i.FetchStyleLoadPlanBuildingAssociationVisitationStrategy - Building LoadPlan...
14:11:16.038 [Test worker] DEBUG o.h.l.p.e.i.LoadQueryJoinAndFetchProcessor - processing queryspace <gen:0>
14:11:16.038 [Test worker] DEBUG o.h.l.p.b.spi.LoadPlanTreePrinter - LoadPlan(entity=org.project.neutrino.nfvo.catalogue.mano.common.CostituentVDU)
    - Returns
       - EntityReturnImpl(entity=org.project.neutrino.nfvo.catalogue.mano.common.CostituentVDU, querySpaceUid=<gen:0>, path=org.project.neutrino.nfvo.catalogue.mano.common.CostituentVDU)
    - QuerySpaces
       - EntityQuerySpaceImpl(uid=<gen:0>, entity=org.project.neutrino.nfvo.catalogue.mano.common.CostituentVDU)
          - SQL table alias mapping - costituent0_
          - alias suffix - 0_
          - suffixed key columns - {id1_5_0_}

14:11:16.038 [Test worker] DEBUG o.h.loader.entity.plan.EntityLoader - Static select for entity org.project.neutrino.nfvo.catalogue.mano.common.CostituentVDU [PESSIMISTIC_READ]: select costituent0_.id as id1_5_0_, costituent0_.constituent_vnfc as constitu2_5_0_, costituent0_.number_of_instances as number_o3_5_0_, costituent0_.vdu_reference as vdu_refe4_5_0_, costituent0_.version as version5_5_0_ from costituentvdu costituent0_ where costituent0_.id=? lock in share mode
14:11:16.038 [Test worker] DEBUG o.h.l.p.b.i.spaces.QuerySpacesImpl - Adding QuerySpace : uid = <gen:0> -> org.hibernate.loader.plan.build.internal.spaces.EntityQuerySpaceImpl@74d62bff]
14:11:16.038 [Test worker] DEBUG o.h.p.w.spi.MetamodelGraphWalker - Visiting attribute path : constituent_vnfc
14:11:16.038 [Test worker] DEBUG o.h.p.w.spi.MetamodelGraphWalker - Visiting attribute path : number_of_instances
14:11:16.038 [Test worker] DEBUG o.h.p.w.spi.MetamodelGraphWalker - Visiting attribute path : vdu_reference
14:11:16.039 [Test worker] DEBUG o.h.p.w.spi.MetamodelGraphWalker - Visiting attribute path : version
14:11:16.039 [Test worker] DEBUG o.h.l.p.b.i.FetchStyleLoadPlanBuildingAssociationVisitationStrategy - Building LoadPlan...
14:11:16.039 [Test worker] DEBUG o.h.l.p.e.i.LoadQueryJoinAndFetchProcessor - processing queryspace <gen:0>
14:11:16.039 [Test worker] DEBUG o.h.l.p.b.spi.LoadPlanTreePrinter - LoadPlan(entity=org.project.neutrino.nfvo.catalogue.mano.common.CostituentVDU)
    - Returns
       - EntityReturnImpl(entity=org.project.neutrino.nfvo.catalogue.mano.common.CostituentVDU, querySpaceUid=<gen:0>, path=org.project.neutrino.nfvo.catalogue.mano.common.CostituentVDU)
    - QuerySpaces
       - EntityQuerySpaceImpl(uid=<gen:0>, entity=org.project.neutrino.nfvo.catalogue.mano.common.CostituentVDU)
          - SQL table alias mapping - costituent0_
          - alias suffix - 0_
          - suffixed key columns - {id1_5_0_}

14:11:16.039 [Test worker] DEBUG o.h.loader.entity.plan.EntityLoader - Static select for entity org.project.neutrino.nfvo.catalogue.mano.common.CostituentVDU [PESSIMISTIC_WRITE]: select costituent0_.id as id1_5_0_, costituent0_.constituent_vnfc as constitu2_5_0_, costituent0_.number_of_instances as number_o3_5_0_, costituent0_.vdu_reference as vdu_refe4_5_0_, costituent0_.version as version5_5_0_ from costituentvdu costituent0_ where costituent0_.id=? for update
14:11:16.039 [Test worker] DEBUG o.h.l.p.b.i.spaces.QuerySpacesImpl - Adding QuerySpace : uid = <gen:0> -> org.hibernate.loader.plan.build.internal.spaces.EntityQuerySpaceImpl@4a1f826d]
14:11:16.039 [Test worker] DEBUG o.h.p.w.spi.MetamodelGraphWalker - Visiting attribute path : constituent_vnfc
14:11:16.039 [Test worker] DEBUG o.h.p.w.spi.MetamodelGraphWalker - Visiting attribute path : number_of_instances
14:11:16.039 [Test worker] DEBUG o.h.p.w.spi.MetamodelGraphWalker - Visiting attribute path : vdu_reference
14:11:16.039 [Test worker] DEBUG o.h.p.w.spi.MetamodelGraphWalker - Visiting attribute path : version
14:11:16.039 [Test worker] DEBUG o.h.l.p.b.i.FetchStyleLoadPlanBuildingAssociationVisitationStrategy - Building LoadPlan...
14:11:16.039 [Test worker] DEBUG o.h.l.p.e.i.LoadQueryJoinAndFetchProcessor - processing queryspace <gen:0>
14:11:16.040 [Test worker] DEBUG o.h.l.p.b.spi.LoadPlanTreePrinter - LoadPlan(entity=org.project.neutrino.nfvo.catalogue.mano.common.CostituentVDU)
    - Returns
       - EntityReturnImpl(entity=org.project.neutrino.nfvo.catalogue.mano.common.CostituentVDU, querySpaceUid=<gen:0>, path=org.project.neutrino.nfvo.catalogue.mano.common.CostituentVDU)
    - QuerySpaces
       - EntityQuerySpaceImpl(uid=<gen:0>, entity=org.project.neutrino.nfvo.catalogue.mano.common.CostituentVDU)
          - SQL table alias mapping - costituent0_
          - alias suffix - 0_
          - suffixed key columns - {id1_5_0_}

14:11:16.040 [Test worker] DEBUG o.h.loader.entity.plan.EntityLoader - Static select for entity org.project.neutrino.nfvo.catalogue.mano.common.CostituentVDU [PESSIMISTIC_FORCE_INCREMENT]: select costituent0_.id as id1_5_0_, costituent0_.constituent_vnfc as constitu2_5_0_, costituent0_.number_of_instances as number_o3_5_0_, costituent0_.vdu_reference as vdu_refe4_5_0_, costituent0_.version as version5_5_0_ from costituentvdu costituent0_ where costituent0_.id=? for update
14:11:16.040 [Test worker] DEBUG o.h.l.p.b.i.spaces.QuerySpacesImpl - Adding QuerySpace : uid = <gen:0> -> org.hibernate.loader.plan.build.internal.spaces.EntityQuerySpaceImpl@4c1479ba]
14:11:16.040 [Test worker] DEBUG o.h.p.w.spi.MetamodelGraphWalker - Visiting attribute path : constituent_vnfc
14:11:16.040 [Test worker] DEBUG o.h.p.w.spi.MetamodelGraphWalker - Visiting attribute path : number_of_instances
14:11:16.040 [Test worker] DEBUG o.h.p.w.spi.MetamodelGraphWalker - Visiting attribute path : vdu_reference
14:11:16.040 [Test worker] DEBUG o.h.p.w.spi.MetamodelGraphWalker - Visiting attribute path : version
14:11:16.040 [Test worker] DEBUG o.h.l.p.b.i.FetchStyleLoadPlanBuildingAssociationVisitationStrategy - Building LoadPlan...
14:11:16.040 [Test worker] DEBUG o.h.l.p.e.i.LoadQueryJoinAndFetchProcessor - processing queryspace <gen:0>
14:11:16.040 [Test worker] DEBUG o.h.l.p.b.spi.LoadPlanTreePrinter - LoadPlan(entity=org.project.neutrino.nfvo.catalogue.mano.common.CostituentVDU)
    - Returns
       - EntityReturnImpl(entity=org.project.neutrino.nfvo.catalogue.mano.common.CostituentVDU, querySpaceUid=<gen:0>, path=org.project.neutrino.nfvo.catalogue.mano.common.CostituentVDU)
    - QuerySpaces
       - EntityQuerySpaceImpl(uid=<gen:0>, entity=org.project.neutrino.nfvo.catalogue.mano.common.CostituentVDU)
          - SQL table alias mapping - costituent0_
          - alias suffix - 0_
          - suffixed key columns - {id1_5_0_}

14:11:16.040 [Test worker] DEBUG o.h.loader.entity.plan.EntityLoader - Static select for entity org.project.neutrino.nfvo.catalogue.mano.common.CostituentVDU [OPTIMISTIC]: select costituent0_.id as id1_5_0_, costituent0_.constituent_vnfc as constitu2_5_0_, costituent0_.number_of_instances as number_o3_5_0_, costituent0_.vdu_reference as vdu_refe4_5_0_, costituent0_.version as version5_5_0_ from costituentvdu costituent0_ where costituent0_.id=?
14:11:16.040 [Test worker] DEBUG o.h.l.p.b.i.spaces.QuerySpacesImpl - Adding QuerySpace : uid = <gen:0> -> org.hibernate.loader.plan.build.internal.spaces.EntityQuerySpaceImpl@2e58a095]
14:11:16.040 [Test worker] DEBUG o.h.p.w.spi.MetamodelGraphWalker - Visiting attribute path : constituent_vnfc
14:11:16.040 [Test worker] DEBUG o.h.p.w.spi.MetamodelGraphWalker - Visiting attribute path : number_of_instances
14:11:16.040 [Test worker] DEBUG o.h.p.w.spi.MetamodelGraphWalker - Visiting attribute path : vdu_reference
14:11:16.040 [Test worker] DEBUG o.h.p.w.spi.MetamodelGraphWalker - Visiting attribute path : version
14:11:16.040 [Test worker] DEBUG o.h.l.p.b.i.FetchStyleLoadPlanBuildingAssociationVisitationStrategy - Building LoadPlan...
14:11:16.040 [Test worker] DEBUG o.h.l.p.e.i.LoadQueryJoinAndFetchProcessor - processing queryspace <gen:0>
14:11:16.040 [Test worker] DEBUG o.h.l.p.b.spi.LoadPlanTreePrinter - LoadPlan(entity=org.project.neutrino.nfvo.catalogue.mano.common.CostituentVDU)
    - Returns
       - EntityReturnImpl(entity=org.project.neutrino.nfvo.catalogue.mano.common.CostituentVDU, querySpaceUid=<gen:0>, path=org.project.neutrino.nfvo.catalogue.mano.common.CostituentVDU)
    - QuerySpaces
       - EntityQuerySpaceImpl(uid=<gen:0>, entity=org.project.neutrino.nfvo.catalogue.mano.common.CostituentVDU)
          - SQL table alias mapping - costituent0_
          - alias suffix - 0_
          - suffixed key columns - {id1_5_0_}

14:11:16.040 [Test worker] DEBUG o.h.loader.entity.plan.EntityLoader - Static select for entity org.project.neutrino.nfvo.catalogue.mano.common.CostituentVDU [OPTIMISTIC_FORCE_INCREMENT]: select costituent0_.id as id1_5_0_, costituent0_.constituent_vnfc as constitu2_5_0_, costituent0_.number_of_instances as number_o3_5_0_, costituent0_.vdu_reference as vdu_refe4_5_0_, costituent0_.version as version5_5_0_ from costituentvdu costituent0_ where costituent0_.id=?
14:11:16.040 [Test worker] DEBUG org.hibernate.loader.Loader - Static select for action ACTION_MERGE on entity org.project.neutrino.nfvo.catalogue.mano.common.CostituentVDU: select costituent0_.id as id1_5_0_, costituent0_.constituent_vnfc as constitu2_5_0_, costituent0_.number_of_instances as number_o3_5_0_, costituent0_.vdu_reference as vdu_refe4_5_0_, costituent0_.version as version5_5_0_ from costituentvdu costituent0_ where costituent0_.id=?
14:11:16.041 [Test worker] DEBUG org.hibernate.loader.Loader - Static select for action ACTION_REFRESH on entity org.project.neutrino.nfvo.catalogue.mano.common.CostituentVDU: select costituent0_.id as id1_5_0_, costituent0_.constituent_vnfc as constitu2_5_0_, costituent0_.number_of_instances as number_o3_5_0_, costituent0_.vdu_reference as vdu_refe4_5_0_, costituent0_.version as version5_5_0_ from costituentvdu costituent0_ where costituent0_.id=?
14:11:16.041 [Test worker] DEBUG o.h.p.entity.AbstractEntityPersister - Static SQL for entity: org.project.neutrino.nfvo.catalogue.mano.record.VirtualLinkRecord
14:11:16.041 [Test worker] DEBUG o.h.p.entity.AbstractEntityPersister -  Version select: select id from virtual_link_record where id =?
14:11:16.041 [Test worker] DEBUG o.h.p.entity.AbstractEntityPersister -  Snapshot select: select virtuallin_.id, virtuallin_.connectivity_type as connecti2_54_, virtuallin_.descriptor_reference as descript3_54_, virtuallin_.leaf_requirement as leaf_req4_54_, virtuallin_.number_of_enpoints as number_o5_54_, virtuallin_.parent_ns as parent_n6_54_, virtuallin_.root_requirement as root_req7_54_, virtuallin_.status as status8_54_, virtuallin_.test_access as test_acc9_54_, virtuallin_.vendor as vendor10_54_, virtuallin_.version as version11_54_, virtuallin_.vim_id as vim_id12_54_ from virtual_link_record virtuallin_ where virtuallin_.id=?
14:11:16.041 [Test worker] DEBUG o.h.p.entity.AbstractEntityPersister -  Insert 0: insert into virtual_link_record (connectivity_type, descriptor_reference, leaf_requirement, number_of_enpoints, parent_ns, root_requirement, status, test_access, vendor, version, vim_id, id) values (?, ?, ?, ?, ?, ?, ?, ?, ?, ?, ?, ?)
14:11:16.041 [Test worker] DEBUG o.h.p.entity.AbstractEntityPersister -  Update 0: update virtual_link_record set connectivity_type=?, descriptor_reference=?, leaf_requirement=?, number_of_enpoints=?, parent_ns=?, root_requirement=?, status=?, test_access=?, vendor=?, version=?, vim_id=? where id=?
14:11:16.041 [Test worker] DEBUG o.h.p.entity.AbstractEntityPersister -  Delete 0: delete from virtual_link_record where id=?
14:11:16.041 [Test worker] DEBUG o.h.l.p.b.i.spaces.QuerySpacesImpl - Adding QuerySpace : uid = <gen:0> -> org.hibernate.loader.plan.build.internal.spaces.EntityQuerySpaceImpl@487793db]
14:11:16.041 [Test worker] DEBUG o.h.p.w.spi.MetamodelGraphWalker - Visiting attribute path : allocated_capacity
14:11:16.041 [Test worker] DEBUG o.h.p.w.spi.MetamodelGraphWalker - Visiting attribute path : audit_log
14:11:16.041 [Test worker] DEBUG o.h.p.w.spi.MetamodelGraphWalker - Visiting attribute path : connection
14:11:16.041 [Test worker] DEBUG o.h.p.w.spi.MetamodelGraphWalker - Visiting attribute path : connectivity_type
14:11:16.041 [Test worker] DEBUG o.h.p.w.spi.MetamodelGraphWalker - Visiting attribute path : descriptor_reference
14:11:16.041 [Test worker] DEBUG o.h.p.w.spi.MetamodelGraphWalker - Visiting attribute path : leaf_requirement
14:11:16.041 [Test worker] DEBUG o.h.p.w.spi.MetamodelGraphWalker - Visiting attribute path : lifecycle_event_history
14:11:16.041 [Test worker] DEBUG o.h.l.p.b.i.spaces.QuerySpacesImpl - Adding QuerySpace : uid = <gen:1> -> org.hibernate.loader.plan.build.internal.spaces.CollectionQuerySpaceImpl@22ac0af0]
14:11:16.041 [Test worker] DEBUG o.h.l.p.b.i.spaces.QuerySpacesImpl - Adding QuerySpace : uid = <gen:2> -> org.hibernate.loader.plan.build.internal.spaces.EntityQuerySpaceImpl@4d022458]
14:11:16.041 [Test worker] DEBUG o.h.p.w.spi.MetamodelGraphWalker - Visiting attribute path : lifecycle_event_history.lifecycle_events
14:11:16.041 [Test worker] DEBUG o.h.p.w.spi.MetamodelGraphWalker - Visiting attribute path : lifecycle_event_history.version
14:11:16.041 [Test worker] DEBUG o.h.p.w.spi.MetamodelGraphWalker - Visiting attribute path : notification
14:11:16.041 [Test worker] DEBUG o.h.p.w.spi.MetamodelGraphWalker - Visiting attribute path : number_of_enpoints
14:11:16.041 [Test worker] DEBUG o.h.p.w.spi.MetamodelGraphWalker - Visiting attribute path : parent_ns
14:11:16.041 [Test worker] DEBUG o.h.p.w.spi.MetamodelGraphWalker - Visiting attribute path : qos
14:11:16.041 [Test worker] DEBUG o.h.p.w.spi.MetamodelGraphWalker - Visiting attribute path : root_requirement
14:11:16.041 [Test worker] DEBUG o.h.p.w.spi.MetamodelGraphWalker - Visiting attribute path : status
14:11:16.041 [Test worker] DEBUG o.h.p.w.spi.MetamodelGraphWalker - Visiting attribute path : test_access
14:11:16.041 [Test worker] DEBUG o.h.p.w.spi.MetamodelGraphWalker - Visiting attribute path : vendor
14:11:16.041 [Test worker] DEBUG o.h.p.w.spi.MetamodelGraphWalker - Visiting attribute path : version
14:11:16.041 [Test worker] DEBUG o.h.p.w.spi.MetamodelGraphWalker - Visiting attribute path : vim_id
14:11:16.041 [Test worker] DEBUG o.h.p.w.spi.MetamodelGraphWalker - Visiting attribute path : vnffgr_reference
14:11:16.041 [Test worker] DEBUG o.h.l.p.b.i.spaces.QuerySpacesImpl - Adding QuerySpace : uid = <gen:3> -> org.hibernate.loader.plan.build.internal.spaces.CollectionQuerySpaceImpl@6c540ae7]
14:11:16.041 [Test worker] DEBUG o.h.l.p.b.i.spaces.QuerySpacesImpl - Adding QuerySpace : uid = <gen:4> -> org.hibernate.loader.plan.build.internal.spaces.EntityQuerySpaceImpl@197fb41]
14:11:16.041 [Test worker] DEBUG o.h.p.w.spi.MetamodelGraphWalker - Visiting attribute path : vnffgr_reference.audit_log
14:11:16.041 [Test worker] DEBUG o.h.p.w.spi.MetamodelGraphWalker - Visiting attribute path : vnffgr_reference.connection_point
14:11:16.041 [Test worker] DEBUG o.h.l.p.b.i.spaces.QuerySpacesImpl - Adding QuerySpace : uid = <gen:5> -> org.hibernate.loader.plan.build.internal.spaces.CollectionQuerySpaceImpl@734eebf9]
14:11:16.042 [Test worker] DEBUG o.h.l.p.b.i.spaces.QuerySpacesImpl - Adding QuerySpace : uid = <gen:6> -> org.hibernate.loader.plan.build.internal.spaces.EntityQuerySpaceImpl@42666393]
14:11:16.042 [Test worker] DEBUG o.h.p.w.spi.MetamodelGraphWalker - Visiting attribute path : vnffgr_reference.connection_point.type
14:11:16.042 [Test worker] DEBUG o.h.p.w.spi.MetamodelGraphWalker - Visiting attribute path : vnffgr_reference.connection_point.version
14:11:16.042 [Test worker] DEBUG o.h.p.w.spi.MetamodelGraphWalker - Visiting attribute path : vnffgr_reference.connection_point.virtual_link_reference
14:11:16.042 [Test worker] DEBUG o.h.p.w.spi.MetamodelGraphWalker - Visiting attribute path : vnffgr_reference.dependent_virtual_link
14:11:16.042 [Test worker] DEBUG o.h.l.p.b.i.spaces.QuerySpacesImpl - Adding QuerySpace : uid = <gen:7> -> org.hibernate.loader.plan.build.internal.spaces.CollectionQuerySpaceImpl@13f23e56]
14:11:16.042 [Test worker] DEBUG o.h.l.p.b.i.spaces.QuerySpacesImpl - Adding QuerySpace : uid = <gen:8> -> org.hibernate.loader.plan.build.internal.spaces.EntityQuerySpaceImpl@4da8a55]
14:11:16.042 [Test worker] DEBUG o.h.p.w.spi.MetamodelGraphWalker - Visiting attribute path : vnffgr_reference.dependent_virtual_link.allocated_capacity
14:11:16.042 [Test worker] DEBUG o.h.p.w.spi.MetamodelGraphWalker - Visiting attribute path : vnffgr_reference.dependent_virtual_link.audit_log
14:11:16.042 [Test worker] DEBUG o.h.p.w.spi.MetamodelGraphWalker - Visiting attribute path : vnffgr_reference.dependent_virtual_link.connection
14:11:16.043 [Test worker] DEBUG o.h.p.w.spi.MetamodelGraphWalker - Visiting attribute path : vnffgr_reference.dependent_virtual_link.connectivity_type
14:11:16.043 [Test worker] DEBUG o.h.p.w.spi.MetamodelGraphWalker - Visiting attribute path : vnffgr_reference.dependent_virtual_link.descriptor_reference
14:11:16.043 [Test worker] DEBUG o.h.p.w.spi.MetamodelGraphWalker - Visiting attribute path : vnffgr_reference.dependent_virtual_link.leaf_requirement
14:11:16.043 [Test worker] DEBUG o.h.p.w.spi.MetamodelGraphWalker - Visiting attribute path : vnffgr_reference.dependent_virtual_link.lifecycle_event_history
14:11:16.043 [Test worker] DEBUG o.h.p.w.spi.MetamodelGraphWalker - Property path deemed to be circular : vnffgr_reference.dependent_virtual_link.lifecycle_event_history
14:11:16.043 [Test worker] DEBUG o.h.p.w.spi.MetamodelGraphWalker - Visiting attribute path : vnffgr_reference.dependent_virtual_link.notification
14:11:16.043 [Test worker] DEBUG o.h.p.w.spi.MetamodelGraphWalker - Visiting attribute path : vnffgr_reference.dependent_virtual_link.number_of_enpoints
14:11:16.043 [Test worker] DEBUG o.h.p.w.spi.MetamodelGraphWalker - Visiting attribute path : vnffgr_reference.dependent_virtual_link.parent_ns
14:11:16.043 [Test worker] DEBUG o.h.p.w.spi.MetamodelGraphWalker - Visiting attribute path : vnffgr_reference.dependent_virtual_link.qos
14:11:16.043 [Test worker] DEBUG o.h.p.w.spi.MetamodelGraphWalker - Visiting attribute path : vnffgr_reference.dependent_virtual_link.root_requirement
14:11:16.043 [Test worker] DEBUG o.h.p.w.spi.MetamodelGraphWalker - Visiting attribute path : vnffgr_reference.dependent_virtual_link.status
14:11:16.043 [Test worker] DEBUG o.h.p.w.spi.MetamodelGraphWalker - Visiting attribute path : vnffgr_reference.dependent_virtual_link.test_access
14:11:16.043 [Test worker] DEBUG o.h.p.w.spi.MetamodelGraphWalker - Visiting attribute path : vnffgr_reference.dependent_virtual_link.vendor
14:11:16.043 [Test worker] DEBUG o.h.p.w.spi.MetamodelGraphWalker - Visiting attribute path : vnffgr_reference.dependent_virtual_link.version
14:11:16.043 [Test worker] DEBUG o.h.p.w.spi.MetamodelGraphWalker - Visiting attribute path : vnffgr_reference.dependent_virtual_link.vim_id
14:11:16.043 [Test worker] DEBUG o.h.p.w.spi.MetamodelGraphWalker - Visiting attribute path : vnffgr_reference.dependent_virtual_link.vnffgr_reference
14:11:16.043 [Test worker] DEBUG o.h.p.w.spi.MetamodelGraphWalker - Property path deemed to be circular : vnffgr_reference.dependent_virtual_link.vnffgr_reference
14:11:16.043 [Test worker] DEBUG o.h.p.w.spi.MetamodelGraphWalker - Visiting attribute path : vnffgr_reference.descriptor_reference
14:11:16.044 [Test worker] DEBUG o.h.l.p.b.i.spaces.QuerySpacesImpl - Adding QuerySpace : uid = <gen:9> -> org.hibernate.loader.plan.build.internal.spaces.EntityQuerySpaceImpl@389e3ccc]
14:11:16.044 [Test worker] DEBUG o.h.p.w.spi.MetamodelGraphWalker - Visiting attribute path : vnffgr_reference.descriptor_reference.connection_point
14:11:16.044 [Test worker] DEBUG o.h.p.w.spi.MetamodelGraphWalker - Visiting attribute path : vnffgr_reference.descriptor_reference.constituent_vnfs
14:11:16.044 [Test worker] DEBUG o.h.p.w.spi.MetamodelGraphWalker - Visiting attribute path : vnffgr_reference.descriptor_reference.dependent_virtual_link
14:11:16.044 [Test worker] DEBUG o.h.p.w.spi.MetamodelGraphWalker - Visiting attribute path : vnffgr_reference.descriptor_reference.descriptor_version
14:11:16.044 [Test worker] DEBUG o.h.p.w.spi.MetamodelGraphWalker - Visiting attribute path : vnffgr_reference.descriptor_reference.hb_version
14:11:16.044 [Test worker] DEBUG o.h.p.w.spi.MetamodelGraphWalker - Visiting attribute path : vnffgr_reference.descriptor_reference.network_forwarding_path
14:11:16.044 [Test worker] DEBUG o.h.p.w.spi.MetamodelGraphWalker - Visiting attribute path : vnffgr_reference.descriptor_reference.number_of_endpoints
14:11:16.044 [Test worker] DEBUG o.h.p.w.spi.MetamodelGraphWalker - Visiting attribute path : vnffgr_reference.descriptor_reference.number_of_virtual_links
14:11:16.044 [Test worker] DEBUG o.h.p.w.spi.MetamodelGraphWalker - Visiting attribute path : vnffgr_reference.descriptor_reference.vendor
14:11:16.044 [Test worker] DEBUG o.h.p.w.spi.MetamodelGraphWalker - Visiting attribute path : vnffgr_reference.descriptor_reference.version
14:11:16.044 [Test worker] DEBUG o.h.p.w.spi.MetamodelGraphWalker - Visiting attribute path : vnffgr_reference.descriptor_reference.vnffgd_security
14:11:16.044 [Test worker] DEBUG o.h.l.p.b.i.spaces.QuerySpacesImpl - Adding QuerySpace : uid = <gen:10> -> org.hibernate.loader.plan.build.internal.spaces.EntityQuerySpaceImpl@40b7fe45]
14:11:16.044 [Test worker] DEBUG o.h.p.w.spi.MetamodelGraphWalker - Visiting attribute path : vnffgr_reference.lifecycle_event_history
14:11:16.044 [Test worker] DEBUG o.h.l.p.b.i.spaces.QuerySpacesImpl - Adding QuerySpace : uid = <gen:11> -> org.hibernate.loader.plan.build.internal.spaces.CollectionQuerySpaceImpl@6f968534]
14:11:16.044 [Test worker] DEBUG o.h.l.p.b.i.spaces.QuerySpacesImpl - Adding QuerySpace : uid = <gen:12> -> org.hibernate.loader.plan.build.internal.spaces.EntityQuerySpaceImpl@3035228]
14:11:16.044 [Test worker] DEBUG o.h.p.w.spi.MetamodelGraphWalker - Visiting attribute path : vnffgr_reference.lifecycle_event_history.lifecycle_events
14:11:16.044 [Test worker] DEBUG o.h.p.w.spi.MetamodelGraphWalker - Visiting attribute path : vnffgr_reference.lifecycle_event_history.version
14:11:16.044 [Test worker] DEBUG o.h.p.w.spi.MetamodelGraphWalker - Visiting attribute path : vnffgr_reference.member_vnfs
14:11:16.045 [Test worker] DEBUG o.h.l.p.b.i.spaces.QuerySpacesImpl - Adding QuerySpace : uid = <gen:13> -> org.hibernate.loader.plan.build.internal.spaces.CollectionQuerySpaceImpl@5e25457]
14:11:16.045 [Test worker] DEBUG o.h.l.p.b.i.spaces.QuerySpacesImpl - Adding QuerySpace : uid = <gen:14> -> org.hibernate.loader.plan.build.internal.spaces.EntityQuerySpaceImpl@4e0f1ec5]
14:11:16.045 [Test worker] DEBUG o.h.p.w.spi.MetamodelGraphWalker - Visiting attribute path : vnffgr_reference.member_vnfs.audit_log
14:11:16.045 [Test worker] DEBUG o.h.p.w.spi.MetamodelGraphWalker - Visiting attribute path : vnffgr_reference.member_vnfs.auto_scale_policy
14:11:16.045 [Test worker] DEBUG o.h.l.p.b.i.spaces.QuerySpacesImpl - Adding QuerySpace : uid = <gen:15> -> org.hibernate.loader.plan.build.internal.spaces.CollectionQuerySpaceImpl@6d4bcb17]
14:11:16.045 [Test worker] DEBUG o.h.l.p.b.i.spaces.QuerySpacesImpl - Adding QuerySpace : uid = <gen:16> -> org.hibernate.loader.plan.build.internal.spaces.EntityQuerySpaceImpl@b028b10]
14:11:16.045 [Test worker] DEBUG o.h.p.w.spi.MetamodelGraphWalker - Visiting attribute path : vnffgr_reference.member_vnfs.connected_external_virtual_link
14:11:16.045 [Test worker] DEBUG o.h.l.p.b.i.spaces.QuerySpacesImpl - Adding QuerySpace : uid = <gen:17> -> org.hibernate.loader.plan.build.internal.spaces.CollectionQuerySpaceImpl@53f7cd15]
14:11:16.045 [Test worker] DEBUG o.h.l.p.b.i.spaces.QuerySpacesImpl - Adding QuerySpace : uid = <gen:18> -> org.hibernate.loader.plan.build.internal.spaces.EntityQuerySpaceImpl@31b948c4]
14:11:16.045 [Test worker] DEBUG o.h.p.w.spi.MetamodelGraphWalker - Visiting attribute path : vnffgr_reference.member_vnfs.connection_point
14:11:16.045 [Test worker] DEBUG o.h.l.p.b.i.spaces.QuerySpacesImpl - Adding QuerySpace : uid = <gen:19> -> org.hibernate.loader.plan.build.internal.spaces.CollectionQuerySpaceImpl@7b58555c]
14:11:16.045 [Test worker] DEBUG o.h.l.p.b.i.spaces.QuerySpacesImpl - Adding QuerySpace : uid = <gen:20> -> org.hibernate.loader.plan.build.internal.spaces.EntityQuerySpaceImpl@644c4a47]
14:11:16.045 [Test worker] DEBUG o.h.p.w.spi.MetamodelGraphWalker - Visiting attribute path : vnffgr_reference.member_vnfs.dependency
14:11:16.045 [Test worker] DEBUG o.h.l.p.b.i.spaces.QuerySpacesImpl - Adding QuerySpace : uid = <gen:21> -> org.hibernate.loader.plan.build.internal.spaces.CollectionQuerySpaceImpl@4ca0aec2]
14:11:16.045 [Test worker] DEBUG o.h.l.p.b.i.spaces.QuerySpacesImpl - Adding QuerySpace : uid = <gen:22> -> org.hibernate.loader.plan.build.internal.spaces.EntityQuerySpaceImpl@493169db]
14:11:16.045 [Test worker] DEBUG o.h.p.w.spi.MetamodelGraphWalker - Visiting attribute path : vnffgr_reference.member_vnfs.deployment_flavour
14:11:16.045 [Test worker] DEBUG o.h.l.p.b.i.spaces.QuerySpacesImpl - Adding QuerySpace : uid = <gen:23> -> org.hibernate.loader.plan.build.internal.spaces.EntityQuerySpaceImpl@4b1cce67]
14:11:16.045 [Test worker] DEBUG o.h.p.w.spi.MetamodelGraphWalker - Visiting attribute path : vnffgr_reference.member_vnfs.descriptor_reference
14:11:16.045 [Test worker] DEBUG o.h.p.w.spi.MetamodelGraphWalker - Visiting attribute path : vnffgr_reference.member_vnfs.lifecycle_event
14:11:16.045 [Test worker] DEBUG o.h.l.p.b.i.spaces.QuerySpacesImpl - Adding QuerySpace : uid = <gen:24> -> org.hibernate.loader.plan.build.internal.spaces.EntityQuerySpaceImpl@5032f2b7]
14:11:16.045 [Test worker] DEBUG o.h.p.w.spi.MetamodelGraphWalker - Visiting attribute path : vnffgr_reference.member_vnfs.lifecycle_event_history
14:11:16.045 [Test worker] DEBUG o.h.l.p.b.i.spaces.QuerySpacesImpl - Adding QuerySpace : uid = <gen:25> -> org.hibernate.loader.plan.build.internal.spaces.CollectionQuerySpaceImpl@40dcf583]
14:11:16.045 [Test worker] DEBUG o.h.l.p.b.i.spaces.QuerySpacesImpl - Adding QuerySpace : uid = <gen:26> -> org.hibernate.loader.plan.build.internal.spaces.EntityQuerySpaceImpl@6a7a8cb9]
14:11:16.045 [Test worker] DEBUG o.h.p.w.spi.MetamodelGraphWalker - Visiting attribute path : vnffgr_reference.member_vnfs.localization
14:11:16.046 [Test worker] DEBUG o.h.p.w.spi.MetamodelGraphWalker - Visiting attribute path : vnffgr_reference.member_vnfs.monitoring_parameter
14:11:16.046 [Test worker] DEBUG o.h.p.w.spi.MetamodelGraphWalker - Visiting attribute path : vnffgr_reference.member_vnfs.notification
14:11:16.046 [Test worker] DEBUG o.h.p.w.spi.MetamodelGraphWalker - Visiting attribute path : vnffgr_reference.member_vnfs.parent_ns
14:11:16.046 [Test worker] DEBUG o.h.l.p.b.i.spaces.QuerySpacesImpl - Adding QuerySpace : uid = <gen:27> -> org.hibernate.loader.plan.build.internal.spaces.EntityQuerySpaceImpl@13acfc4c]
14:11:16.046 [Test worker] DEBUG o.h.p.w.spi.MetamodelGraphWalker - Visiting attribute path : vnffgr_reference.member_vnfs.runtime_policy_info
14:11:16.046 [Test worker] DEBUG o.h.p.w.spi.MetamodelGraphWalker - Visiting attribute path : vnffgr_reference.member_vnfs.status
14:11:16.046 [Test worker] DEBUG o.h.p.w.spi.MetamodelGraphWalker - Visiting attribute path : vnffgr_reference.member_vnfs.vdu
14:11:16.046 [Test worker] DEBUG o.h.l.p.b.i.spaces.QuerySpacesImpl - Adding QuerySpace : uid = <gen:28> -> org.hibernate.loader.plan.build.internal.spaces.CollectionQuerySpaceImpl@41e7ebab]
14:11:16.046 [Test worker] DEBUG o.h.l.p.b.i.spaces.QuerySpacesImpl - Adding QuerySpace : uid = <gen:29> -> org.hibernate.loader.plan.build.internal.spaces.EntityQuerySpaceImpl@6121495a]
14:11:16.046 [Test worker] DEBUG o.h.p.w.spi.MetamodelGraphWalker - Visiting attribute path : vnffgr_reference.member_vnfs.vendor
14:11:16.046 [Test worker] DEBUG o.h.p.w.spi.MetamodelGraphWalker - Visiting attribute path : vnffgr_reference.member_vnfs.version
14:11:16.046 [Test worker] DEBUG o.h.p.w.spi.MetamodelGraphWalker - Visiting attribute path : vnffgr_reference.member_vnfs.virtual_link
14:11:16.046 [Test worker] DEBUG o.h.l.p.b.i.spaces.QuerySpacesImpl - Adding QuerySpace : uid = <gen:30> -> org.hibernate.loader.plan.build.internal.spaces.CollectionQuerySpaceImpl@5056e587]
14:11:16.046 [Test worker] DEBUG o.h.l.p.b.i.spaces.QuerySpacesImpl - Adding QuerySpace : uid = <gen:31> -> org.hibernate.loader.plan.build.internal.spaces.EntityQuerySpaceImpl@78f72b45]
14:11:16.046 [Test worker] DEBUG o.h.p.w.spi.MetamodelGraphWalker - Visiting attribute path : vnffgr_reference.member_vnfs.vnf_address
14:11:16.046 [Test worker] DEBUG o.h.p.w.spi.MetamodelGraphWalker - Visiting attribute path : vnffgr_reference.member_vnfs.vnfm_id
14:11:16.046 [Test worker] DEBUG o.h.p.w.spi.MetamodelGraphWalker - Visiting attribute path : vnffgr_reference.network_forwarding_path
14:11:16.046 [Test worker] DEBUG o.h.l.p.b.i.spaces.QuerySpacesImpl - Adding QuerySpace : uid = <gen:32> -> org.hibernate.loader.plan.build.internal.spaces.EntityQuerySpaceImpl@2b39fd0e]
14:11:16.046 [Test worker] DEBUG o.h.p.w.spi.MetamodelGraphWalker - Visiting attribute path : vnffgr_reference.network_forwarding_path.connection
14:11:16.046 [Test worker] DEBUG o.h.l.p.b.i.spaces.QuerySpacesImpl - Adding QuerySpace : uid = <gen:33> -> org.hibernate.loader.plan.build.internal.spaces.CollectionQuerySpaceImpl@444ffeaa]
14:11:16.046 [Test worker] DEBUG o.h.p.w.spi.MetamodelGraphWalker - Visiting attribute path : vnffgr_reference.network_forwarding_path.policy
14:11:16.046 [Test worker] DEBUG o.h.l.p.b.i.spaces.QuerySpacesImpl - Adding QuerySpace : uid = <gen:34> -> org.hibernate.loader.plan.build.internal.spaces.EntityQuerySpaceImpl@5fd86def]
14:11:16.047 [Test worker] DEBUG o.h.p.w.spi.MetamodelGraphWalker - Visiting attribute path : vnffgr_reference.network_forwarding_path.version
14:11:16.047 [Test worker] DEBUG o.h.p.w.spi.MetamodelGraphWalker - Visiting attribute path : vnffgr_reference.notification
14:11:16.047 [Test worker] DEBUG o.h.p.w.spi.MetamodelGraphWalker - Visiting attribute path : vnffgr_reference.number_of_endpoints
14:11:16.047 [Test worker] DEBUG o.h.p.w.spi.MetamodelGraphWalker - Visiting attribute path : vnffgr_reference.number_of_pnfs
14:11:16.047 [Test worker] DEBUG o.h.p.w.spi.MetamodelGraphWalker - Visiting attribute path : vnffgr_reference.number_of_virtual_links
14:11:16.047 [Test worker] DEBUG o.h.p.w.spi.MetamodelGraphWalker - Visiting attribute path : vnffgr_reference.number_of_vnfs
14:11:16.047 [Test worker] DEBUG o.h.p.w.spi.MetamodelGraphWalker - Visiting attribute path : vnffgr_reference.parent_ns
14:11:16.047 [Test worker] DEBUG o.h.l.p.b.i.spaces.QuerySpacesImpl - Adding QuerySpace : uid = <gen:35> -> org.hibernate.loader.plan.build.internal.spaces.EntityQuerySpaceImpl@7a199711]
14:11:16.047 [Test worker] DEBUG o.h.p.w.spi.MetamodelGraphWalker - Visiting attribute path : vnffgr_reference.parent_ns.audit_log
14:11:16.047 [Test worker] DEBUG o.h.p.w.spi.MetamodelGraphWalker - Visiting attribute path : vnffgr_reference.parent_ns.auto_scale_policy
14:11:16.047 [Test worker] DEBUG o.h.l.p.b.i.spaces.QuerySpacesImpl - Adding QuerySpace : uid = <gen:36> -> org.hibernate.loader.plan.build.internal.spaces.CollectionQuerySpaceImpl@26969ee5]
14:11:16.047 [Test worker] DEBUG o.h.l.p.b.i.spaces.QuerySpacesImpl - Adding QuerySpace : uid = <gen:37> -> org.hibernate.loader.plan.build.internal.spaces.EntityQuerySpaceImpl@6a99e02d]
14:11:16.047 [Test worker] DEBUG o.h.p.w.spi.MetamodelGraphWalker - Visiting attribute path : vnffgr_reference.parent_ns.connection_point
14:11:16.047 [Test worker] DEBUG o.h.l.p.b.i.spaces.QuerySpacesImpl - Adding QuerySpace : uid = <gen:38> -> org.hibernate.loader.plan.build.internal.spaces.CollectionQuerySpaceImpl@1c4ce108]
14:11:16.047 [Test worker] DEBUG o.h.l.p.b.i.spaces.QuerySpacesImpl - Adding QuerySpace : uid = <gen:39> -> org.hibernate.loader.plan.build.internal.spaces.EntityQuerySpaceImpl@7b49e2bb]
14:11:16.047 [Test worker] DEBUG o.h.p.w.spi.MetamodelGraphWalker - Visiting attribute path : vnffgr_reference.parent_ns.descriptor_reference
14:11:16.047 [Test worker] DEBUG o.h.l.p.b.i.spaces.QuerySpacesImpl - Adding QuerySpace : uid = <gen:40> -> org.hibernate.loader.plan.build.internal.spaces.EntityQuerySpaceImpl@2fc4a239]
14:11:16.047 [Test worker] DEBUG o.h.p.w.spi.MetamodelGraphWalker - Visiting attribute path : vnffgr_reference.parent_ns.lifecycle_event
14:11:16.047 [Test worker] DEBUG o.h.l.p.b.i.spaces.QuerySpacesImpl - Adding QuerySpace : uid = <gen:41> -> org.hibernate.loader.plan.build.internal.spaces.EntityQuerySpaceImpl@167664af]
14:11:16.047 [Test worker] DEBUG o.h.p.w.spi.MetamodelGraphWalker - Visiting attribute path : vnffgr_reference.parent_ns.lifecycle_event_history
14:11:16.047 [Test worker] DEBUG o.h.l.p.b.i.spaces.QuerySpacesImpl - Adding QuerySpace : uid = <gen:42> -> org.hibernate.loader.plan.build.internal.spaces.CollectionQuerySpaceImpl@36cc28ae]
14:11:16.047 [Test worker] DEBUG o.h.l.p.b.i.spaces.QuerySpacesImpl - Adding QuerySpace : uid = <gen:43> -> org.hibernate.loader.plan.build.internal.spaces.EntityQuerySpaceImpl@1582d39d]
14:11:16.047 [Test worker] DEBUG o.h.p.w.spi.MetamodelGraphWalker - Visiting attribute path : vnffgr_reference.parent_ns.monitoring_parameter
14:11:16.047 [Test worker] DEBUG o.h.p.w.spi.MetamodelGraphWalker - Visiting attribute path : vnffgr_reference.parent_ns.notification
14:11:16.047 [Test worker] DEBUG o.h.p.w.spi.MetamodelGraphWalker - Visiting attribute path : vnffgr_reference.parent_ns.pnfr
14:11:16.047 [Test worker] DEBUG o.h.l.p.b.i.spaces.QuerySpacesImpl - Adding QuerySpace : uid = <gen:44> -> org.hibernate.loader.plan.build.internal.spaces.CollectionQuerySpaceImpl@4012f373]
14:11:16.047 [Test worker] DEBUG o.h.l.p.b.i.spaces.QuerySpacesImpl - Adding QuerySpace : uid = <gen:45> -> org.hibernate.loader.plan.build.internal.spaces.EntityQuerySpaceImpl@1c2d23e2]
14:11:16.047 [Test worker] DEBUG o.h.p.w.spi.MetamodelGraphWalker - Visiting attribute path : vnffgr_reference.parent_ns.resource_reservation
14:11:16.047 [Test worker] DEBUG o.h.p.w.spi.MetamodelGraphWalker - Visiting attribute path : vnffgr_reference.parent_ns.runtime_policy_info
14:11:16.047 [Test worker] DEBUG o.h.p.w.spi.MetamodelGraphWalker - Visiting attribute path : vnffgr_reference.parent_ns.service_deployment_flavour
14:11:16.047 [Test worker] DEBUG o.h.l.p.b.i.spaces.QuerySpacesImpl - Adding QuerySpace : uid = <gen:46> -> org.hibernate.loader.plan.build.internal.spaces.EntityQuerySpaceImpl@578ed8e1]
14:11:16.047 [Test worker] DEBUG o.h.p.w.spi.MetamodelGraphWalker - Visiting attribute path : vnffgr_reference.parent_ns.status
14:11:16.047 [Test worker] DEBUG o.h.p.w.spi.MetamodelGraphWalker - Visiting attribute path : vnffgr_reference.parent_ns.vendor
14:11:16.047 [Test worker] DEBUG o.h.p.w.spi.MetamodelGraphWalker - Visiting attribute path : vnffgr_reference.parent_ns.version
14:11:16.048 [Test worker] DEBUG o.h.p.w.spi.MetamodelGraphWalker - Visiting attribute path : vnffgr_reference.parent_ns.vlr
14:11:16.048 [Test worker] DEBUG o.h.l.p.b.i.spaces.QuerySpacesImpl - Adding QuerySpace : uid = <gen:47> -> org.hibernate.loader.plan.build.internal.spaces.CollectionQuerySpaceImpl@6340c8af]
14:11:16.048 [Test worker] DEBUG o.h.l.p.b.i.spaces.QuerySpacesImpl - Adding QuerySpace : uid = <gen:48> -> org.hibernate.loader.plan.build.internal.spaces.EntityQuerySpaceImpl@32378c11]
14:11:16.048 [Test worker] DEBUG o.h.p.w.spi.MetamodelGraphWalker - Visiting attribute path : vnffgr_reference.parent_ns.vnf_dependency
14:11:16.048 [Test worker] DEBUG o.h.l.p.b.i.spaces.QuerySpacesImpl - Adding QuerySpace : uid = <gen:49> -> org.hibernate.loader.plan.build.internal.spaces.CollectionQuerySpaceImpl@5cccc9d8]
14:11:16.048 [Test worker] DEBUG o.h.l.p.b.i.spaces.QuerySpacesImpl - Adding QuerySpace : uid = <gen:50> -> org.hibernate.loader.plan.build.internal.spaces.EntityQuerySpaceImpl@8d7b381]
14:11:16.048 [Test worker] DEBUG o.h.p.w.spi.MetamodelGraphWalker - Visiting attribute path : vnffgr_reference.parent_ns.vnffgr
14:11:16.048 [Test worker] DEBUG o.h.l.p.b.i.spaces.QuerySpacesImpl - Adding QuerySpace : uid = <gen:51> -> org.hibernate.loader.plan.build.internal.spaces.CollectionQuerySpaceImpl@949deb0]
14:11:16.048 [Test worker] DEBUG o.h.l.p.b.i.spaces.QuerySpacesImpl - Adding QuerySpace : uid = <gen:52> -> org.hibernate.loader.plan.build.internal.spaces.EntityQuerySpaceImpl@50baf993]
14:11:16.048 [Test worker] DEBUG o.h.p.w.spi.MetamodelGraphWalker - Visiting attribute path : vnffgr_reference.parent_ns.vnfr
14:11:16.048 [Test worker] DEBUG o.h.l.p.b.i.spaces.QuerySpacesImpl - Adding QuerySpace : uid = <gen:53> -> org.hibernate.loader.plan.build.internal.spaces.EntityQuerySpaceImpl@23574b4d]
14:11:16.048 [Test worker] DEBUG o.h.p.w.spi.MetamodelGraphWalker - Visiting attribute path : vnffgr_reference.status
14:11:16.048 [Test worker] DEBUG o.h.p.w.spi.MetamodelGraphWalker - Visiting attribute path : vnffgr_reference.vendor
14:11:16.048 [Test worker] DEBUG o.h.p.w.spi.MetamodelGraphWalker - Visiting attribute path : vnffgr_reference.version
14:11:16.048 [Test worker] DEBUG o.h.l.p.b.i.FetchStyleLoadPlanBuildingAssociationVisitationStrategy - Building LoadPlan...
14:11:16.048 [Test worker] DEBUG o.h.l.p.e.i.LoadQueryJoinAndFetchProcessor - processing queryspace <gen:0>
14:11:16.050 [Test worker] DEBUG o.h.l.p.b.spi.LoadPlanTreePrinter - LoadPlan(entity=org.project.neutrino.nfvo.catalogue.mano.record.VirtualLinkRecord)
    - Returns
       - EntityReturnImpl(entity=org.project.neutrino.nfvo.catalogue.mano.record.VirtualLinkRecord, querySpaceUid=<gen:0>, path=org.project.neutrino.nfvo.catalogue.mano.record.VirtualLinkRecord)
          - CollectionAttributeFetchImpl(collection=org.project.neutrino.nfvo.catalogue.mano.record.VirtualLinkRecord.lifecycle_event_history, querySpaceUid=<gen:1>, path=org.project.neutrino.nfvo.catalogue.mano.record.VirtualLinkRecord.lifecycle_event_history)
             - (collection element) CollectionFetchableElementEntityGraph(entity=org.project.neutrino.nfvo.catalogue.mano.common.LifecycleEvent, querySpaceUid=<gen:2>, path=org.project.neutrino.nfvo.catalogue.mano.record.VirtualLinkRecord.lifecycle_event_history.<elements>)
          - CollectionAttributeFetchImpl(collection=org.project.neutrino.nfvo.catalogue.mano.record.VirtualLinkRecord.vnffgr_reference, querySpaceUid=<gen:3>, path=org.project.neutrino.nfvo.catalogue.mano.record.VirtualLinkRecord.vnffgr_reference)
             - (collection element) CollectionFetchableElementEntityGraph(entity=org.project.neutrino.nfvo.catalogue.mano.record.VNFForwardingGraphRecord, querySpaceUid=<gen:4>, path=org.project.neutrino.nfvo.catalogue.mano.record.VirtualLinkRecord.vnffgr_reference.<elements>)
                - CollectionAttributeFetchImpl(collection=org.project.neutrino.nfvo.catalogue.mano.record.VNFForwardingGraphRecord.connection_point, querySpaceUid=<gen:5>, path=org.project.neutrino.nfvo.catalogue.mano.record.VirtualLinkRecord.vnffgr_reference.<elements>.connection_point)
                   - (collection element) CollectionFetchableElementEntityGraph(entity=org.project.neutrino.nfvo.catalogue.mano.descriptor.VNFDConnectionPoint, querySpaceUid=<gen:6>, path=org.project.neutrino.nfvo.catalogue.mano.record.VirtualLinkRecord.vnffgr_reference.<elements>.connection_point.<elements>)
                - CollectionAttributeFetchImpl(collection=org.project.neutrino.nfvo.catalogue.mano.record.VNFForwardingGraphRecord.dependent_virtual_link, querySpaceUid=<gen:7>, path=org.project.neutrino.nfvo.catalogue.mano.record.VirtualLinkRecord.vnffgr_reference.<elements>.dependent_virtual_link)
                   - (collection element) CollectionFetchableElementEntityGraph(entity=org.project.neutrino.nfvo.catalogue.mano.record.VirtualLinkRecord, querySpaceUid=<gen:8>, path=org.project.neutrino.nfvo.catalogue.mano.record.VirtualLinkRecord.vnffgr_reference.<elements>.dependent_virtual_link.<elements>)
                - EntityAttributeFetchImpl(entity=org.project.neutrino.nfvo.catalogue.mano.descriptor.VNFForwardingGraph, querySpaceUid=<gen:9>, path=org.project.neutrino.nfvo.catalogue.mano.record.VirtualLinkRecord.vnffgr_reference.<elements>.descriptor_reference)
                   - EntityAttributeFetchImpl(entity=org.project.neutrino.nfvo.catalogue.mano.common.Security, querySpaceUid=<gen:10>, path=org.project.neutrino.nfvo.catalogue.mano.record.VirtualLinkRecord.vnffgr_reference.<elements>.descriptor_reference.vnffgd_security)
                - CollectionAttributeFetchImpl(collection=org.project.neutrino.nfvo.catalogue.mano.record.VNFForwardingGraphRecord.lifecycle_event_history, querySpaceUid=<gen:11>, path=org.project.neutrino.nfvo.catalogue.mano.record.VirtualLinkRecord.vnffgr_reference.<elements>.lifecycle_event_history)
                   - (collection element) CollectionFetchableElementEntityGraph(entity=org.project.neutrino.nfvo.catalogue.mano.common.LifecycleEvent, querySpaceUid=<gen:12>, path=org.project.neutrino.nfvo.catalogue.mano.record.VirtualLinkRecord.vnffgr_reference.<elements>.lifecycle_event_history.<elements>)
                - CollectionAttributeFetchImpl(collection=org.project.neutrino.nfvo.catalogue.mano.record.VNFForwardingGraphRecord.member_vnfs, querySpaceUid=<gen:13>, path=org.project.neutrino.nfvo.catalogue.mano.record.VirtualLinkRecord.vnffgr_reference.<elements>.member_vnfs)
                   - (collection element) CollectionFetchableElementEntityGraph(entity=org.project.neutrino.nfvo.catalogue.mano.record.VirtualNetworkFunctionRecord, querySpaceUid=<gen:14>, path=org.project.neutrino.nfvo.catalogue.mano.record.VirtualLinkRecord.vnffgr_reference.<elements>.member_vnfs.<elements>)
                      - CollectionAttributeFetchImpl(collection=org.project.neutrino.nfvo.catalogue.mano.record.VirtualNetworkFunctionRecord.auto_scale_policy, querySpaceUid=<gen:15>, path=org.project.neutrino.nfvo.catalogue.mano.record.VirtualLinkRecord.vnffgr_reference.<elements>.member_vnfs.<elements>.auto_scale_policy)
                         - (collection element) CollectionFetchableElementEntityGraph(entity=org.project.neutrino.nfvo.catalogue.mano.common.AutoScalePolicy, querySpaceUid=<gen:16>, path=org.project.neutrino.nfvo.catalogue.mano.record.VirtualLinkRecord.vnffgr_reference.<elements>.member_vnfs.<elements>.auto_scale_policy.<elements>)
                      - CollectionAttributeFetchImpl(collection=org.project.neutrino.nfvo.catalogue.mano.record.VirtualNetworkFunctionRecord.connected_external_virtual_link, querySpaceUid=<gen:17>, path=org.project.neutrino.nfvo.catalogue.mano.record.VirtualLinkRecord.vnffgr_reference.<elements>.member_vnfs.<elements>.connected_external_virtual_link)
                         - (collection element) CollectionFetchableElementEntityGraph(entity=org.project.neutrino.nfvo.catalogue.mano.record.VirtualLinkRecord, querySpaceUid=<gen:18>, path=org.project.neutrino.nfvo.catalogue.mano.record.VirtualLinkRecord.vnffgr_reference.<elements>.member_vnfs.<elements>.connected_external_virtual_link.<elements>)
                      - CollectionAttributeFetchImpl(collection=org.project.neutrino.nfvo.catalogue.mano.record.VirtualNetworkFunctionRecord.connection_point, querySpaceUid=<gen:19>, path=org.project.neutrino.nfvo.catalogue.mano.record.VirtualLinkRecord.vnffgr_reference.<elements>.member_vnfs.<elements>.connection_point)
                         - (collection element) CollectionFetchableElementEntityGraph(entity=org.project.neutrino.nfvo.catalogue.mano.common.ConnectionPoint, querySpaceUid=<gen:20>, path=org.project.neutrino.nfvo.catalogue.mano.record.VirtualLinkRecord.vnffgr_reference.<elements>.member_vnfs.<elements>.connection_point.<elements>)
                      - CollectionAttributeFetchImpl(collection=org.project.neutrino.nfvo.catalogue.mano.record.VirtualNetworkFunctionRecord.dependency, querySpaceUid=<gen:21>, path=org.project.neutrino.nfvo.catalogue.mano.record.VirtualLinkRecord.vnffgr_reference.<elements>.member_vnfs.<elements>.dependency)
                         - (collection element) CollectionFetchableElementEntityGraph(entity=org.project.neutrino.nfvo.catalogue.mano.common.VNFDependency, querySpaceUid=<gen:22>, path=org.project.neutrino.nfvo.catalogue.mano.record.VirtualLinkRecord.vnffgr_reference.<elements>.member_vnfs.<elements>.dependency.<elements>)
                      - EntityAttributeFetchImpl(entity=org.project.neutrino.nfvo.catalogue.mano.descriptor.VNFDDeploymentFlavour, querySpaceUid=<gen:23>, path=org.project.neutrino.nfvo.catalogue.mano.record.VirtualLinkRecord.vnffgr_reference.<elements>.member_vnfs.<elements>.deployment_flavour)
                      - EntityAttributeFetchImpl(entity=org.project.neutrino.nfvo.catalogue.mano.common.LifecycleEvent, querySpaceUid=<gen:24>, path=org.project.neutrino.nfvo.catalogue.mano.record.VirtualLinkRecord.vnffgr_reference.<elements>.member_vnfs.<elements>.lifecycle_event)
                      - CollectionAttributeFetchImpl(collection=org.project.neutrino.nfvo.catalogue.mano.record.VirtualNetworkFunctionRecord.lifecycle_event_history, querySpaceUid=<gen:25>, path=org.project.neutrino.nfvo.catalogue.mano.record.VirtualLinkRecord.vnffgr_reference.<elements>.member_vnfs.<elements>.lifecycle_event_history)
                         - (collection element) CollectionFetchableElementEntityGraph(entity=org.project.neutrino.nfvo.catalogue.mano.common.LifecycleEvent, querySpaceUid=<gen:26>, path=org.project.neutrino.nfvo.catalogue.mano.record.VirtualLinkRecord.vnffgr_reference.<elements>.member_vnfs.<elements>.lifecycle_event_history.<elements>)
                      - EntityAttributeFetchImpl(entity=org.project.neutrino.nfvo.catalogue.mano.record.NetworkServiceRecord, querySpaceUid=<gen:27>, path=org.project.neutrino.nfvo.catalogue.mano.record.VirtualLinkRecord.vnffgr_reference.<elements>.member_vnfs.<elements>.parent_ns)
                      - CollectionAttributeFetchImpl(collection=org.project.neutrino.nfvo.catalogue.mano.record.VirtualNetworkFunctionRecord.vdu, querySpaceUid=<gen:28>, path=org.project.neutrino.nfvo.catalogue.mano.record.VirtualLinkRecord.vnffgr_reference.<elements>.member_vnfs.<elements>.vdu)
                         - (collection element) CollectionFetchableElementEntityGraph(entity=org.project.neutrino.nfvo.catalogue.mano.descriptor.VirtualDeploymentUnit, querySpaceUid=<gen:29>, path=org.project.neutrino.nfvo.catalogue.mano.record.VirtualLinkRecord.vnffgr_reference.<elements>.member_vnfs.<elements>.vdu.<elements>)
                      - CollectionAttributeFetchImpl(collection=org.project.neutrino.nfvo.catalogue.mano.record.VirtualNetworkFunctionRecord.virtual_link, querySpaceUid=<gen:30>, path=org.project.neutrino.nfvo.catalogue.mano.record.VirtualLinkRecord.vnffgr_reference.<elements>.member_vnfs.<elements>.virtual_link)
                         - (collection element) CollectionFetchableElementEntityGraph(entity=org.project.neutrino.nfvo.catalogue.mano.descriptor.InternalVirtualLink, querySpaceUid=<gen:31>, path=org.project.neutrino.nfvo.catalogue.mano.record.VirtualLinkRecord.vnffgr_reference.<elements>.member_vnfs.<elements>.virtual_link.<elements>)
                - EntityAttributeFetchImpl(entity=org.project.neutrino.nfvo.catalogue.mano.descriptor.NetworkForwardingPath, querySpaceUid=<gen:32>, path=org.project.neutrino.nfvo.catalogue.mano.record.VirtualLinkRecord.vnffgr_reference.<elements>.network_forwarding_path)
                   - CollectionAttributeFetchImpl(collection=org.project.neutrino.nfvo.catalogue.mano.descriptor.NetworkForwardingPath.connection, querySpaceUid=<gen:33>, path=org.project.neutrino.nfvo.catalogue.mano.record.VirtualLinkRecord.vnffgr_reference.<elements>.network_forwarding_path.connection)
                   - EntityAttributeFetchImpl(entity=org.project.neutrino.nfvo.catalogue.mano.descriptor.Policy, querySpaceUid=<gen:34>, path=org.project.neutrino.nfvo.catalogue.mano.record.VirtualLinkRecord.vnffgr_reference.<elements>.network_forwarding_path.policy)
                - EntityAttributeFetchImpl(entity=org.project.neutrino.nfvo.catalogue.mano.record.NetworkServiceRecord, querySpaceUid=<gen:35>, path=org.project.neutrino.nfvo.catalogue.mano.record.VirtualLinkRecord.vnffgr_reference.<elements>.parent_ns)
                   - CollectionAttributeFetchImpl(collection=org.project.neutrino.nfvo.catalogue.mano.record.NetworkServiceRecord.auto_scale_policy, querySpaceUid=<gen:36>, path=org.project.neutrino.nfvo.catalogue.mano.record.VirtualLinkRecord.vnffgr_reference.<elements>.parent_ns.auto_scale_policy)
                      - (collection element) CollectionFetchableElementEntityGraph(entity=org.project.neutrino.nfvo.catalogue.mano.common.AutoScalePolicy, querySpaceUid=<gen:37>, path=org.project.neutrino.nfvo.catalogue.mano.record.VirtualLinkRecord.vnffgr_reference.<elements>.parent_ns.auto_scale_policy.<elements>)
                   - CollectionAttributeFetchImpl(collection=org.project.neutrino.nfvo.catalogue.mano.record.NetworkServiceRecord.connection_point, querySpaceUid=<gen:38>, path=org.project.neutrino.nfvo.catalogue.mano.record.VirtualLinkRecord.vnffgr_reference.<elements>.parent_ns.connection_point)
                      - (collection element) CollectionFetchableElementEntityGraph(entity=org.project.neutrino.nfvo.catalogue.mano.common.ConnectionPoint, querySpaceUid=<gen:39>, path=org.project.neutrino.nfvo.catalogue.mano.record.VirtualLinkRecord.vnffgr_reference.<elements>.parent_ns.connection_point.<elements>)
                   - EntityAttributeFetchImpl(entity=org.project.neutrino.nfvo.catalogue.mano.common.NFVEntityDescriptor, querySpaceUid=<gen:40>, path=org.project.neutrino.nfvo.catalogue.mano.record.VirtualLinkRecord.vnffgr_reference.<elements>.parent_ns.descriptor_reference)
                   - EntityAttributeFetchImpl(entity=org.project.neutrino.nfvo.catalogue.mano.common.LifecycleEvent, querySpaceUid=<gen:41>, path=org.project.neutrino.nfvo.catalogue.mano.record.VirtualLinkRecord.vnffgr_reference.<elements>.parent_ns.lifecycle_event)
                   - CollectionAttributeFetchImpl(collection=org.project.neutrino.nfvo.catalogue.mano.record.NetworkServiceRecord.lifecycle_event_history, querySpaceUid=<gen:42>, path=org.project.neutrino.nfvo.catalogue.mano.record.VirtualLinkRecord.vnffgr_reference.<elements>.parent_ns.lifecycle_event_history)
                      - (collection element) CollectionFetchableElementEntityGraph(entity=org.project.neutrino.nfvo.catalogue.mano.common.LifecycleEvent, querySpaceUid=<gen:43>, path=org.project.neutrino.nfvo.catalogue.mano.record.VirtualLinkRecord.vnffgr_reference.<elements>.parent_ns.lifecycle_event_history.<elements>)
                   - CollectionAttributeFetchImpl(collection=org.project.neutrino.nfvo.catalogue.mano.record.NetworkServiceRecord.pnfr, querySpaceUid=<gen:44>, path=org.project.neutrino.nfvo.catalogue.mano.record.VirtualLinkRecord.vnffgr_reference.<elements>.parent_ns.pnfr)
                      - (collection element) CollectionFetchableElementEntityGraph(entity=org.project.neutrino.nfvo.catalogue.mano.record.PhysicalNetworkFunctionRecord, querySpaceUid=<gen:45>, path=org.project.neutrino.nfvo.catalogue.mano.record.VirtualLinkRecord.vnffgr_reference.<elements>.parent_ns.pnfr.<elements>)
                   - EntityAttributeFetchImpl(entity=org.project.neutrino.nfvo.catalogue.mano.common.ServiceDeploymentFlavour, querySpaceUid=<gen:46>, path=org.project.neutrino.nfvo.catalogue.mano.record.VirtualLinkRecord.vnffgr_reference.<elements>.parent_ns.service_deployment_flavour)
                   - CollectionAttributeFetchImpl(collection=org.project.neutrino.nfvo.catalogue.mano.record.NetworkServiceRecord.vlr, querySpaceUid=<gen:47>, path=org.project.neutrino.nfvo.catalogue.mano.record.VirtualLinkRecord.vnffgr_reference.<elements>.parent_ns.vlr)
                      - (collection element) CollectionFetchableElementEntityGraph(entity=org.project.neutrino.nfvo.catalogue.mano.record.VirtualLinkRecord, querySpaceUid=<gen:48>, path=org.project.neutrino.nfvo.catalogue.mano.record.VirtualLinkRecord.vnffgr_reference.<elements>.parent_ns.vlr.<elements>)
                   - CollectionAttributeFetchImpl(collection=org.project.neutrino.nfvo.catalogue.mano.record.NetworkServiceRecord.vnf_dependency, querySpaceUid=<gen:49>, path=org.project.neutrino.nfvo.catalogue.mano.record.VirtualLinkRecord.vnffgr_reference.<elements>.parent_ns.vnf_dependency)
                      - (collection element) CollectionFetchableElementEntityGraph(entity=org.project.neutrino.nfvo.catalogue.mano.common.VNFDependency, querySpaceUid=<gen:50>, path=org.project.neutrino.nfvo.catalogue.mano.record.VirtualLinkRecord.vnffgr_reference.<elements>.parent_ns.vnf_dependency.<elements>)
                   - CollectionAttributeFetchImpl(collection=org.project.neutrino.nfvo.catalogue.mano.record.NetworkServiceRecord.vnffgr, querySpaceUid=<gen:51>, path=org.project.neutrino.nfvo.catalogue.mano.record.VirtualLinkRecord.vnffgr_reference.<elements>.parent_ns.vnffgr)
                      - (collection element) CollectionFetchableElementEntityGraph(entity=org.project.neutrino.nfvo.catalogue.mano.descriptor.VNFForwardingGraph, querySpaceUid=<gen:52>, path=org.project.neutrino.nfvo.catalogue.mano.record.VirtualLinkRecord.vnffgr_reference.<elements>.parent_ns.vnffgr.<elements>)
                   - EntityAttributeFetchImpl(entity=org.project.neutrino.nfvo.catalogue.mano.record.VirtualNetworkFunctionRecord, querySpaceUid=<gen:53>, path=org.project.neutrino.nfvo.catalogue.mano.record.VirtualLinkRecord.vnffgr_reference.<elements>.parent_ns.vnfr)
    - QuerySpaces
       - EntityQuerySpaceImpl(uid=<gen:0>, entity=org.project.neutrino.nfvo.catalogue.mano.record.VirtualLinkRecord)
          - SQL table alias mapping - virtuallin0_
          - alias suffix - 0_
          - suffixed key columns - {id1_54_0_}
          - JOIN (JoinDefinedByMetadata(lifecycle_event_history)) : <gen:0> -> <gen:1>
             - CollectionQuerySpaceImpl(uid=<gen:1>, collection=org.project.neutrino.nfvo.catalogue.mano.record.VirtualLinkRecord.lifecycle_event_history)
                - SQL table alias mapping - lifecycle_1_
                - alias suffix - 1_
                - suffixed key columns - {virtual_1_54_1_}
                - entity-element alias suffix - 2_
                - 2_entity-element suffixed key columns - id1_10_2_
                - JOIN (JoinDefinedByMetadata(elements)) : <gen:1> -> <gen:2>
                   - EntityQuerySpaceImpl(uid=<gen:2>, entity=org.project.neutrino.nfvo.catalogue.mano.common.LifecycleEvent)
                      - SQL table alias mapping - lifecyclee2_
                      - alias suffix - 2_
                      - suffixed key columns - {id1_10_2_}
          - JOIN (JoinDefinedByMetadata(vnffgr_reference)) : <gen:0> -> <gen:3>
             - CollectionQuerySpaceImpl(uid=<gen:3>, collection=org.project.neutrino.nfvo.catalogue.mano.record.VirtualLinkRecord.vnffgr_reference)
                - SQL table alias mapping - vnffgr_ref3_
                - alias suffix - 3_
                - suffixed key columns - {virtual_1_54_3_}
                - entity-element alias suffix - 4_
                - 4_entity-element suffixed key columns - id1_92_4_
                - JOIN (JoinDefinedByMetadata(elements)) : <gen:3> -> <gen:4>
                   - EntityQuerySpaceImpl(uid=<gen:4>, entity=org.project.neutrino.nfvo.catalogue.mano.record.VNFForwardingGraphRecord)
                      - SQL table alias mapping - vnfforward4_
                      - alias suffix - 4_
                      - suffixed key columns - {id1_92_4_}
                      - JOIN (JoinDefinedByMetadata(connection_point)) : <gen:4> -> <gen:5>
                         - CollectionQuerySpaceImpl(uid=<gen:5>, collection=org.project.neutrino.nfvo.catalogue.mano.record.VNFForwardingGraphRecord.connection_point)
                            - SQL table alias mapping - connection5_
                            - alias suffix - 5_
                            - suffixed key columns - {vnfforwa1_92_5_}
                            - entity-element alias suffix - 6_
                            - 6_entity-element suffixed key columns - id1_4_6_
                            - JOIN (JoinDefinedByMetadata(elements)) : <gen:5> -> <gen:6>
                               - EntityQuerySpaceImpl(uid=<gen:6>, entity=org.project.neutrino.nfvo.catalogue.mano.descriptor.VNFDConnectionPoint)
                                  - SQL table alias mapping - vnfdconnec6_
                                  - alias suffix - 6_
                                  - suffixed key columns - {id1_4_6_}
                      - JOIN (JoinDefinedByMetadata(dependent_virtual_link)) : <gen:4> -> <gen:7>
                         - CollectionQuerySpaceImpl(uid=<gen:7>, collection=org.project.neutrino.nfvo.catalogue.mano.record.VNFForwardingGraphRecord.dependent_virtual_link)
                            - SQL table alias mapping - dependent_7_
                            - alias suffix - 7_
                            - suffixed key columns - {vnfforwa1_92_7_}
                            - entity-element alias suffix - 8_
                            - 8_entity-element suffixed key columns - id1_54_8_
                            - JOIN (JoinDefinedByMetadata(elements)) : <gen:7> -> <gen:8>
                               - EntityQuerySpaceImpl(uid=<gen:8>, entity=org.project.neutrino.nfvo.catalogue.mano.record.VirtualLinkRecord)
                                  - SQL table alias mapping - virtuallin8_
                                  - alias suffix - 8_
                                  - suffixed key columns - {id1_54_8_}
                      - JOIN (JoinDefinedByMetadata(descriptor_reference)) : <gen:4> -> <gen:9>
                         - EntityQuerySpaceImpl(uid=<gen:9>, entity=org.project.neutrino.nfvo.catalogue.mano.descriptor.VNFForwardingGraph)
                            - SQL table alias mapping - vnfforward9_
                            - alias suffix - 9_
                            - suffixed key columns - {id1_87_9_}
                      - JOIN (JoinDefinedByMetadata(lifecycle_event_history)) : <gen:4> -> <gen:11>
                         - CollectionQuerySpaceImpl(uid=<gen:11>, collection=org.project.neutrino.nfvo.catalogue.mano.record.VNFForwardingGraphRecord.lifecycle_event_history)
                            - SQL table alias mapping - lifecycle_10_
                            - alias suffix - 10_
                            - suffixed key columns - {vnfforwa1_92_10_}
                            - entity-element alias suffix - 11_
                            - 11_entity-element suffixed key columns - id1_10_11_
                            - JOIN (JoinDefinedByMetadata(elements)) : <gen:11> -> <gen:12>
                               - EntityQuerySpaceImpl(uid=<gen:12>, entity=org.project.neutrino.nfvo.catalogue.mano.common.LifecycleEvent)
                                  - SQL table alias mapping - lifecyclee11_
                                  - alias suffix - 11_
                                  - suffixed key columns - {id1_10_11_}
                      - JOIN (JoinDefinedByMetadata(member_vnfs)) : <gen:4> -> <gen:13>
                         - CollectionQuerySpaceImpl(uid=<gen:13>, collection=org.project.neutrino.nfvo.catalogue.mano.record.VNFForwardingGraphRecord.member_vnfs)
                            - SQL table alias mapping - member_vnf12_
                            - alias suffix - 12_
                            - suffixed key columns - {vnfforwa1_92_12_}
                            - entity-element alias suffix - 13_
                            - 13_entity-element suffixed key columns - id1_68_13_
                            - JOIN (JoinDefinedByMetadata(elements)) : <gen:13> -> <gen:14>
                               - EntityQuerySpaceImpl(uid=<gen:14>, entity=org.project.neutrino.nfvo.catalogue.mano.record.VirtualNetworkFunctionRecord)
                                  - SQL table alias mapping - virtualnet13_
                                  - alias suffix - 13_
                                  - suffixed key columns - {id1_68_13_}
                      - JOIN (JoinDefinedByMetadata(network_forwarding_path)) : <gen:4> -> <gen:32>
                         - EntityQuerySpaceImpl(uid=<gen:32>, entity=org.project.neutrino.nfvo.catalogue.mano.descriptor.NetworkForwardingPath)
                            - SQL table alias mapping - networkfor14_
                            - alias suffix - 14_
                            - suffixed key columns - {id1_12_14_}
                      - JOIN (JoinDefinedByMetadata(parent_ns)) : <gen:4> -> <gen:35>
                         - EntityQuerySpaceImpl(uid=<gen:35>, entity=org.project.neutrino.nfvo.catalogue.mano.record.NetworkServiceRecord)
                            - SQL table alias mapping - networkser15_
                            - alias suffix - 15_
                            - suffixed key columns - {id1_18_15_}

14:11:16.051 [Test worker] DEBUG o.h.loader.entity.plan.EntityLoader - Static select for entity org.project.neutrino.nfvo.catalogue.mano.record.VirtualLinkRecord [NONE]: select virtuallin0_.id as id1_54_0_, virtuallin0_.connectivity_type as connecti2_54_0_, virtuallin0_.descriptor_reference as descript3_54_0_, virtuallin0_.leaf_requirement as leaf_req4_54_0_, virtuallin0_.number_of_enpoints as number_o5_54_0_, virtuallin0_.parent_ns as parent_n6_54_0_, virtuallin0_.root_requirement as root_req7_54_0_, virtuallin0_.status as status8_54_0_, virtuallin0_.test_access as test_acc9_54_0_, virtuallin0_.vendor as vendor10_54_0_, virtuallin0_.version as version11_54_0_, virtuallin0_.vim_id as vim_id12_54_0_, lifecycle_1_.virtual_link_record_id as virtual_1_54_1_, lifecyclee2_.id as lifecycl2_58_1_, lifecyclee2_.id as id1_10_2_, lifecyclee2_.version as version2_10_2_, vnffgr_ref3_.virtual_link_record_id as virtual_1_54_3_, vnfforward4_.id as vnffgr_r2_61_3_, vnfforward4_.id as id1_92_4_, vnfforward4_.audit_log as audit_lo2_92_4_, vnfforward4_.descriptor_reference_id as descrip10_92_4_, vnfforward4_.network_forwarding_path_id as network11_92_4_, vnfforward4_.number_of_endpoints as number_o3_92_4_, vnfforward4_.number_of_pnfs as number_o4_92_4_, vnfforward4_.number_of_virtual_links as number_o5_92_4_, vnfforward4_.number_of_vnfs as number_o6_92_4_, vnfforward4_.parent_ns_id as parent_12_92_4_, vnfforward4_.status as status7_92_4_, vnfforward4_.vendor as vendor8_92_4_, vnfforward4_.version as version9_92_4_, connection5_.vnfforwarding_graph_record_id as vnfforwa1_92_5_, vnfdconnec6_.id as connecti2_93_5_, vnfdconnec6_.id as id1_4_6_, vnfdconnec6_.type as type2_4_6_, vnfdconnec6_.version as version3_4_6_, vnfdconnec6_.virtual_link_reference as virtual_1_82_6_, dependent_7_.vnfforwarding_graph_record_id as vnfforwa1_92_7_, virtuallin8_.id as dependen2_94_7_, virtuallin8_.id as id1_54_8_, virtuallin8_.connectivity_type as connecti2_54_8_, virtuallin8_.descriptor_reference as descript3_54_8_, virtuallin8_.leaf_requirement as leaf_req4_54_8_, virtuallin8_.number_of_enpoints as number_o5_54_8_, virtuallin8_.parent_ns as parent_n6_54_8_, virtuallin8_.root_requirement as root_req7_54_8_, virtuallin8_.status as status8_54_8_, virtuallin8_.test_access as test_acc9_54_8_, virtuallin8_.vendor as vendor10_54_8_, virtuallin8_.version as version11_54_8_, virtuallin8_.vim_id as vim_id12_54_8_, vnfforward9_.id as id1_87_9_, vnfforward9_.descriptor_version as descript2_87_9_, vnfforward9_.hb_version as hb_versi3_87_9_, vnfforward9_.number_of_endpoints as number_o4_87_9_, vnfforward9_.number_of_virtual_links as number_o5_87_9_, vnfforward9_.vendor as vendor6_87_9_, vnfforward9_.version as version7_87_9_, vnfforward9_.vnffgd_security_id as vnffgd_s8_87_9_, lifecycle_10_.vnfforwarding_graph_record_id as vnfforwa1_92_10_, lifecyclee11_.id as lifecycl2_95_10_, lifecyclee11_.id as id1_10_11_, lifecyclee11_.version as version2_10_11_, member_vnf12_.vnfforwarding_graph_record_id as vnfforwa1_92_12_, virtualnet13_.id as member_v2_96_12_, virtualnet13_.id as id1_68_13_, virtualnet13_.audit_log as audit_lo2_68_13_, virtualnet13_.deployment_flavour_id as deployme9_68_13_, virtualnet13_.descriptor_reference as descript3_68_13_, virtualnet13_.lifecycle_event_id as lifecyc10_68_13_, virtualnet13_.localization as localiza4_68_13_, virtualnet13_.parent_ns_id as parent_11_68_13_, virtualnet13_.status as status5_68_13_, virtualnet13_.vendor as vendor6_68_13_, virtualnet13_.version as version7_68_13_, virtualnet13_.vnfm_id as vnfm_id8_68_13_, networkfor14_.id as id1_12_14_, networkfor14_.policy_id as policy_i3_12_14_, networkfor14_.version as version2_12_14_, networkser15_.id as id1_18_15_, networkser15_.audit_log as audit_lo2_18_15_, networkser15_.descriptor_reference_Id as descript9_18_15_, networkser15_.lifecycle_event_id as lifecyc10_18_15_, networkser15_.notification as notifica3_18_15_, networkser15_.resource_reservation as resource4_18_15_, networkser15_.runtime_policy_info as runtime_5_18_15_, networkser15_.service_deployment_flavour_id as service11_18_15_, networkser15_.status as status6_18_15_, networkser15_.vendor as vendor7_18_15_, networkser15_.version as version8_18_15_, networkser15_.vnfr_id as vnfr_id12_18_15_ from virtual_link_record virtuallin0_ left outer join virtual_link_record_lifecycle_event_history lifecycle_1_ on virtuallin0_.id=lifecycle_1_.virtual_link_record_id left outer join lifecycle_event lifecyclee2_ on lifecycle_1_.lifecycle_event_history_id=lifecyclee2_.id left outer join virtual_link_record_vnffgr_reference vnffgr_ref3_ on virtuallin0_.id=vnffgr_ref3_.virtual_link_record_id left outer join vnfforwarding_graph_record vnfforward4_ on vnffgr_ref3_.vnffgr_reference_id=vnfforward4_.id left outer join vnfforwarding_graph_record_connection_point connection5_ on vnfforward4_.id=connection5_.vnfforwarding_graph_record_id left outer join vnfdconnection_point vnfdconnec6_ on connection5_.connection_point_id=vnfdconnec6_.id left outer join vnfforwarding_graph_record_dependent_virtual_link dependent_7_ on vnfforward4_.id=dependent_7_.vnfforwarding_graph_record_id left outer join virtual_link_record virtuallin8_ on dependent_7_.dependent_virtual_link_id=virtuallin8_.id left outer join vnfforwarding_graph vnfforward9_ on vnfforward4_.descriptor_reference_id=vnfforward9_.id left outer join vnfforwarding_graph_record_lifecycle_event_history lifecycle_10_ on vnfforward4_.id=lifecycle_10_.vnfforwarding_graph_record_id left outer join lifecycle_event lifecyclee11_ on lifecycle_10_.lifecycle_event_history_id=lifecyclee11_.id left outer join vnfforwarding_graph_record_member_vnfs member_vnf12_ on vnfforward4_.id=member_vnf12_.vnfforwarding_graph_record_id left outer join virtual_network_function_record virtualnet13_ on member_vnf12_.member_vnfs_id=virtualnet13_.id left outer join network_forwarding_path networkfor14_ on vnfforward4_.network_forwarding_path_id=networkfor14_.id left outer join network_service_record networkser15_ on vnfforward4_.parent_ns_id=networkser15_.id where virtuallin0_.id=?
14:11:16.051 [Test worker] DEBUG o.h.l.p.b.i.spaces.QuerySpacesImpl - Adding QuerySpace : uid = <gen:0> -> org.hibernate.loader.plan.build.internal.spaces.EntityQuerySpaceImpl@3810be5b]
14:11:16.051 [Test worker] DEBUG o.h.p.w.spi.MetamodelGraphWalker - Visiting attribute path : allocated_capacity
14:11:16.051 [Test worker] DEBUG o.h.p.w.spi.MetamodelGraphWalker - Visiting attribute path : audit_log
14:11:16.051 [Test worker] DEBUG o.h.p.w.spi.MetamodelGraphWalker - Visiting attribute path : connection
14:11:16.051 [Test worker] DEBUG o.h.p.w.spi.MetamodelGraphWalker - Visiting attribute path : connectivity_type
14:11:16.051 [Test worker] DEBUG o.h.p.w.spi.MetamodelGraphWalker - Visiting attribute path : descriptor_reference
14:11:16.052 [Test worker] DEBUG o.h.p.w.spi.MetamodelGraphWalker - Visiting attribute path : leaf_requirement
14:11:16.052 [Test worker] DEBUG o.h.p.w.spi.MetamodelGraphWalker - Visiting attribute path : lifecycle_event_history
14:11:16.052 [Test worker] DEBUG o.h.l.p.b.i.spaces.QuerySpacesImpl - Adding QuerySpace : uid = <gen:1> -> org.hibernate.loader.plan.build.internal.spaces.CollectionQuerySpaceImpl@6a55bf45]
14:11:16.052 [Test worker] DEBUG o.h.l.p.b.i.spaces.QuerySpacesImpl - Adding QuerySpace : uid = <gen:2> -> org.hibernate.loader.plan.build.internal.spaces.EntityQuerySpaceImpl@2380818d]
14:11:16.052 [Test worker] DEBUG o.h.p.w.spi.MetamodelGraphWalker - Visiting attribute path : lifecycle_event_history.lifecycle_events
14:11:16.052 [Test worker] DEBUG o.h.p.w.spi.MetamodelGraphWalker - Visiting attribute path : lifecycle_event_history.version
14:11:16.052 [Test worker] DEBUG o.h.p.w.spi.MetamodelGraphWalker - Visiting attribute path : notification
14:11:16.052 [Test worker] DEBUG o.h.p.w.spi.MetamodelGraphWalker - Visiting attribute path : number_of_enpoints
14:11:16.052 [Test worker] DEBUG o.h.p.w.spi.MetamodelGraphWalker - Visiting attribute path : parent_ns
14:11:16.052 [Test worker] DEBUG o.h.p.w.spi.MetamodelGraphWalker - Visiting attribute path : qos
14:11:16.052 [Test worker] DEBUG o.h.p.w.spi.MetamodelGraphWalker - Visiting attribute path : root_requirement
14:11:16.052 [Test worker] DEBUG o.h.p.w.spi.MetamodelGraphWalker - Visiting attribute path : status
14:11:16.052 [Test worker] DEBUG o.h.p.w.spi.MetamodelGraphWalker - Visiting attribute path : test_access
14:11:16.052 [Test worker] DEBUG o.h.p.w.spi.MetamodelGraphWalker - Visiting attribute path : vendor
14:11:16.052 [Test worker] DEBUG o.h.p.w.spi.MetamodelGraphWalker - Visiting attribute path : version
14:11:16.052 [Test worker] DEBUG o.h.p.w.spi.MetamodelGraphWalker - Visiting attribute path : vim_id
14:11:16.052 [Test worker] DEBUG o.h.p.w.spi.MetamodelGraphWalker - Visiting attribute path : vnffgr_reference
14:11:16.052 [Test worker] DEBUG o.h.l.p.b.i.spaces.QuerySpacesImpl - Adding QuerySpace : uid = <gen:3> -> org.hibernate.loader.plan.build.internal.spaces.CollectionQuerySpaceImpl@596df59]
14:11:16.052 [Test worker] DEBUG o.h.l.p.b.i.spaces.QuerySpacesImpl - Adding QuerySpace : uid = <gen:4> -> org.hibernate.loader.plan.build.internal.spaces.EntityQuerySpaceImpl@74214eec]
14:11:16.052 [Test worker] DEBUG o.h.p.w.spi.MetamodelGraphWalker - Visiting attribute path : vnffgr_reference.audit_log
14:11:16.052 [Test worker] DEBUG o.h.p.w.spi.MetamodelGraphWalker - Visiting attribute path : vnffgr_reference.connection_point
14:11:16.052 [Test worker] DEBUG o.h.l.p.b.i.spaces.QuerySpacesImpl - Adding QuerySpace : uid = <gen:5> -> org.hibernate.loader.plan.build.internal.spaces.CollectionQuerySpaceImpl@13b615ae]
14:11:16.053 [Test worker] DEBUG o.h.l.p.b.i.spaces.QuerySpacesImpl - Adding QuerySpace : uid = <gen:6> -> org.hibernate.loader.plan.build.internal.spaces.EntityQuerySpaceImpl@17495c9e]
14:11:16.053 [Test worker] DEBUG o.h.p.w.spi.MetamodelGraphWalker - Visiting attribute path : vnffgr_reference.connection_point.type
14:11:16.053 [Test worker] DEBUG o.h.p.w.spi.MetamodelGraphWalker - Visiting attribute path : vnffgr_reference.connection_point.version
14:11:16.053 [Test worker] DEBUG o.h.p.w.spi.MetamodelGraphWalker - Visiting attribute path : vnffgr_reference.connection_point.virtual_link_reference
14:11:16.053 [Test worker] DEBUG o.h.p.w.spi.MetamodelGraphWalker - Visiting attribute path : vnffgr_reference.dependent_virtual_link
14:11:16.053 [Test worker] DEBUG o.h.l.p.b.i.spaces.QuerySpacesImpl - Adding QuerySpace : uid = <gen:7> -> org.hibernate.loader.plan.build.internal.spaces.CollectionQuerySpaceImpl@df419b9]
14:11:16.053 [Test worker] DEBUG o.h.l.p.b.i.spaces.QuerySpacesImpl - Adding QuerySpace : uid = <gen:8> -> org.hibernate.loader.plan.build.internal.spaces.EntityQuerySpaceImpl@14c4c7d7]
14:11:16.053 [Test worker] DEBUG o.h.p.w.spi.MetamodelGraphWalker - Visiting attribute path : vnffgr_reference.dependent_virtual_link.allocated_capacity
14:11:16.053 [Test worker] DEBUG o.h.p.w.spi.MetamodelGraphWalker - Visiting attribute path : vnffgr_reference.dependent_virtual_link.audit_log
14:11:16.053 [Test worker] DEBUG o.h.p.w.spi.MetamodelGraphWalker - Visiting attribute path : vnffgr_reference.dependent_virtual_link.connection
14:11:16.053 [Test worker] DEBUG o.h.p.w.spi.MetamodelGraphWalker - Visiting attribute path : vnffgr_reference.dependent_virtual_link.connectivity_type
14:11:16.053 [Test worker] DEBUG o.h.p.w.spi.MetamodelGraphWalker - Visiting attribute path : vnffgr_reference.dependent_virtual_link.descriptor_reference
14:11:16.053 [Test worker] DEBUG o.h.p.w.spi.MetamodelGraphWalker - Visiting attribute path : vnffgr_reference.dependent_virtual_link.leaf_requirement
14:11:16.053 [Test worker] DEBUG o.h.p.w.spi.MetamodelGraphWalker - Visiting attribute path : vnffgr_reference.dependent_virtual_link.lifecycle_event_history
14:11:16.053 [Test worker] DEBUG o.h.p.w.spi.MetamodelGraphWalker - Property path deemed to be circular : vnffgr_reference.dependent_virtual_link.lifecycle_event_history
14:11:16.053 [Test worker] DEBUG o.h.p.w.spi.MetamodelGraphWalker - Visiting attribute path : vnffgr_reference.dependent_virtual_link.notification
14:11:16.053 [Test worker] DEBUG o.h.p.w.spi.MetamodelGraphWalker - Visiting attribute path : vnffgr_reference.dependent_virtual_link.number_of_enpoints
14:11:16.053 [Test worker] DEBUG o.h.p.w.spi.MetamodelGraphWalker - Visiting attribute path : vnffgr_reference.dependent_virtual_link.parent_ns
14:11:16.053 [Test worker] DEBUG o.h.p.w.spi.MetamodelGraphWalker - Visiting attribute path : vnffgr_reference.dependent_virtual_link.qos
14:11:16.053 [Test worker] DEBUG o.h.p.w.spi.MetamodelGraphWalker - Visiting attribute path : vnffgr_reference.dependent_virtual_link.root_requirement
14:11:16.053 [Test worker] DEBUG o.h.p.w.spi.MetamodelGraphWalker - Visiting attribute path : vnffgr_reference.dependent_virtual_link.status
14:11:16.053 [Test worker] DEBUG o.h.p.w.spi.MetamodelGraphWalker - Visiting attribute path : vnffgr_reference.dependent_virtual_link.test_access
14:11:16.053 [Test worker] DEBUG o.h.p.w.spi.MetamodelGraphWalker - Visiting attribute path : vnffgr_reference.dependent_virtual_link.vendor
14:11:16.053 [Test worker] DEBUG o.h.p.w.spi.MetamodelGraphWalker - Visiting attribute path : vnffgr_reference.dependent_virtual_link.version
14:11:16.053 [Test worker] DEBUG o.h.p.w.spi.MetamodelGraphWalker - Visiting attribute path : vnffgr_reference.dependent_virtual_link.vim_id
14:11:16.053 [Test worker] DEBUG o.h.p.w.spi.MetamodelGraphWalker - Visiting attribute path : vnffgr_reference.dependent_virtual_link.vnffgr_reference
14:11:16.053 [Test worker] DEBUG o.h.p.w.spi.MetamodelGraphWalker - Property path deemed to be circular : vnffgr_reference.dependent_virtual_link.vnffgr_reference
14:11:16.053 [Test worker] DEBUG o.h.p.w.spi.MetamodelGraphWalker - Visiting attribute path : vnffgr_reference.descriptor_reference
14:11:16.053 [Test worker] DEBUG o.h.l.p.b.i.spaces.QuerySpacesImpl - Adding QuerySpace : uid = <gen:9> -> org.hibernate.loader.plan.build.internal.spaces.EntityQuerySpaceImpl@5b743c81]
14:11:16.053 [Test worker] DEBUG o.h.p.w.spi.MetamodelGraphWalker - Visiting attribute path : vnffgr_reference.descriptor_reference.connection_point
14:11:16.053 [Test worker] DEBUG o.h.p.w.spi.MetamodelGraphWalker - Visiting attribute path : vnffgr_reference.descriptor_reference.constituent_vnfs
14:11:16.054 [Test worker] DEBUG o.h.p.w.spi.MetamodelGraphWalker - Visiting attribute path : vnffgr_reference.descriptor_reference.dependent_virtual_link
14:11:16.054 [Test worker] DEBUG o.h.p.w.spi.MetamodelGraphWalker - Visiting attribute path : vnffgr_reference.descriptor_reference.descriptor_version
14:11:16.054 [Test worker] DEBUG o.h.p.w.spi.MetamodelGraphWalker - Visiting attribute path : vnffgr_reference.descriptor_reference.hb_version
14:11:16.054 [Test worker] DEBUG o.h.p.w.spi.MetamodelGraphWalker - Visiting attribute path : vnffgr_reference.descriptor_reference.network_forwarding_path
14:11:16.054 [Test worker] DEBUG o.h.p.w.spi.MetamodelGraphWalker - Visiting attribute path : vnffgr_reference.descriptor_reference.number_of_endpoints
14:11:16.054 [Test worker] DEBUG o.h.p.w.spi.MetamodelGraphWalker - Visiting attribute path : vnffgr_reference.descriptor_reference.number_of_virtual_links
14:11:16.054 [Test worker] DEBUG o.h.p.w.spi.MetamodelGraphWalker - Visiting attribute path : vnffgr_reference.descriptor_reference.vendor
14:11:16.054 [Test worker] DEBUG o.h.p.w.spi.MetamodelGraphWalker - Visiting attribute path : vnffgr_reference.descriptor_reference.version
14:11:16.054 [Test worker] DEBUG o.h.p.w.spi.MetamodelGraphWalker - Visiting attribute path : vnffgr_reference.descriptor_reference.vnffgd_security
14:11:16.054 [Test worker] DEBUG o.h.l.p.b.i.spaces.QuerySpacesImpl - Adding QuerySpace : uid = <gen:10> -> org.hibernate.loader.plan.build.internal.spaces.EntityQuerySpaceImpl@1dffc773]
14:11:16.054 [Test worker] DEBUG o.h.p.w.spi.MetamodelGraphWalker - Visiting attribute path : vnffgr_reference.lifecycle_event_history
14:11:16.054 [Test worker] DEBUG o.h.l.p.b.i.spaces.QuerySpacesImpl - Adding QuerySpace : uid = <gen:11> -> org.hibernate.loader.plan.build.internal.spaces.CollectionQuerySpaceImpl@37f5e68]
14:11:16.054 [Test worker] DEBUG o.h.l.p.b.i.spaces.QuerySpacesImpl - Adding QuerySpace : uid = <gen:12> -> org.hibernate.loader.plan.build.internal.spaces.EntityQuerySpaceImpl@1f0effa3]
14:11:16.054 [Test worker] DEBUG o.h.p.w.spi.MetamodelGraphWalker - Visiting attribute path : vnffgr_reference.lifecycle_event_history.lifecycle_events
14:11:16.054 [Test worker] DEBUG o.h.p.w.spi.MetamodelGraphWalker - Visiting attribute path : vnffgr_reference.lifecycle_event_history.version
14:11:16.054 [Test worker] DEBUG o.h.p.w.spi.MetamodelGraphWalker - Visiting attribute path : vnffgr_reference.member_vnfs
14:11:16.054 [Test worker] DEBUG o.h.l.p.b.i.spaces.QuerySpacesImpl - Adding QuerySpace : uid = <gen:13> -> org.hibernate.loader.plan.build.internal.spaces.CollectionQuerySpaceImpl@5c750647]
14:11:16.054 [Test worker] DEBUG o.h.l.p.b.i.spaces.QuerySpacesImpl - Adding QuerySpace : uid = <gen:14> -> org.hibernate.loader.plan.build.internal.spaces.EntityQuerySpaceImpl@6ef4ebd]
14:11:16.054 [Test worker] DEBUG o.h.p.w.spi.MetamodelGraphWalker - Visiting attribute path : vnffgr_reference.member_vnfs.audit_log
14:11:16.054 [Test worker] DEBUG o.h.p.w.spi.MetamodelGraphWalker - Visiting attribute path : vnffgr_reference.member_vnfs.auto_scale_policy
14:11:16.054 [Test worker] DEBUG o.h.l.p.b.i.spaces.QuerySpacesImpl - Adding QuerySpace : uid = <gen:15> -> org.hibernate.loader.plan.build.internal.spaces.CollectionQuerySpaceImpl@581928c2]
14:11:16.055 [Test worker] DEBUG o.h.l.p.b.i.spaces.QuerySpacesImpl - Adding QuerySpace : uid = <gen:16> -> org.hibernate.loader.plan.build.internal.spaces.EntityQuerySpaceImpl@5bc305bd]
14:11:16.055 [Test worker] DEBUG o.h.p.w.spi.MetamodelGraphWalker - Visiting attribute path : vnffgr_reference.member_vnfs.connected_external_virtual_link
14:11:16.055 [Test worker] DEBUG o.h.l.p.b.i.spaces.QuerySpacesImpl - Adding QuerySpace : uid = <gen:17> -> org.hibernate.loader.plan.build.internal.spaces.CollectionQuerySpaceImpl@60adea5b]
14:11:16.055 [Test worker] DEBUG o.h.l.p.b.i.spaces.QuerySpacesImpl - Adding QuerySpace : uid = <gen:18> -> org.hibernate.loader.plan.build.internal.spaces.EntityQuerySpaceImpl@39f52df3]
14:11:16.055 [Test worker] DEBUG o.h.p.w.spi.MetamodelGraphWalker - Visiting attribute path : vnffgr_reference.member_vnfs.connection_point
14:11:16.055 [Test worker] DEBUG o.h.l.p.b.i.spaces.QuerySpacesImpl - Adding QuerySpace : uid = <gen:19> -> org.hibernate.loader.plan.build.internal.spaces.CollectionQuerySpaceImpl@f9bca3f]
14:11:16.055 [Test worker] DEBUG o.h.l.p.b.i.spaces.QuerySpacesImpl - Adding QuerySpace : uid = <gen:20> -> org.hibernate.loader.plan.build.internal.spaces.EntityQuerySpaceImpl@3cfaf61a]
14:11:16.055 [Test worker] DEBUG o.h.p.w.spi.MetamodelGraphWalker - Visiting attribute path : vnffgr_reference.member_vnfs.dependency
14:11:16.055 [Test worker] DEBUG o.h.l.p.b.i.spaces.QuerySpacesImpl - Adding QuerySpace : uid = <gen:21> -> org.hibernate.loader.plan.build.internal.spaces.CollectionQuerySpaceImpl@33443d]
14:11:16.055 [Test worker] DEBUG o.h.l.p.b.i.spaces.QuerySpacesImpl - Adding QuerySpace : uid = <gen:22> -> org.hibernate.loader.plan.build.internal.spaces.EntityQuerySpaceImpl@25c500e5]
14:11:16.055 [Test worker] DEBUG o.h.p.w.spi.MetamodelGraphWalker - Visiting attribute path : vnffgr_reference.member_vnfs.deployment_flavour
14:11:16.055 [Test worker] DEBUG o.h.l.p.b.i.spaces.QuerySpacesImpl - Adding QuerySpace : uid = <gen:23> -> org.hibernate.loader.plan.build.internal.spaces.EntityQuerySpaceImpl@28bdcdc2]
14:11:16.055 [Test worker] DEBUG o.h.p.w.spi.MetamodelGraphWalker - Visiting attribute path : vnffgr_reference.member_vnfs.descriptor_reference
14:11:16.055 [Test worker] DEBUG o.h.p.w.spi.MetamodelGraphWalker - Visiting attribute path : vnffgr_reference.member_vnfs.lifecycle_event
14:11:16.055 [Test worker] DEBUG o.h.l.p.b.i.spaces.QuerySpacesImpl - Adding QuerySpace : uid = <gen:24> -> org.hibernate.loader.plan.build.internal.spaces.EntityQuerySpaceImpl@450f9073]
14:11:16.055 [Test worker] DEBUG o.h.p.w.spi.MetamodelGraphWalker - Visiting attribute path : vnffgr_reference.member_vnfs.lifecycle_event_history
14:11:16.055 [Test worker] DEBUG o.h.l.p.b.i.spaces.QuerySpacesImpl - Adding QuerySpace : uid = <gen:25> -> org.hibernate.loader.plan.build.internal.spaces.CollectionQuerySpaceImpl@d49171]
14:11:16.055 [Test worker] DEBUG o.h.l.p.b.i.spaces.QuerySpacesImpl - Adding QuerySpace : uid = <gen:26> -> org.hibernate.loader.plan.build.internal.spaces.EntityQuerySpaceImpl@3989224]
14:11:16.055 [Test worker] DEBUG o.h.p.w.spi.MetamodelGraphWalker - Visiting attribute path : vnffgr_reference.member_vnfs.localization
14:11:16.055 [Test worker] DEBUG o.h.p.w.spi.MetamodelGraphWalker - Visiting attribute path : vnffgr_reference.member_vnfs.monitoring_parameter
14:11:16.055 [Test worker] DEBUG o.h.p.w.spi.MetamodelGraphWalker - Visiting attribute path : vnffgr_reference.member_vnfs.notification
14:11:16.055 [Test worker] DEBUG o.h.p.w.spi.MetamodelGraphWalker - Visiting attribute path : vnffgr_reference.member_vnfs.parent_ns
14:11:16.055 [Test worker] DEBUG o.h.l.p.b.i.spaces.QuerySpacesImpl - Adding QuerySpace : uid = <gen:27> -> org.hibernate.loader.plan.build.internal.spaces.EntityQuerySpaceImpl@15a27b54]
14:11:16.055 [Test worker] DEBUG o.h.p.w.spi.MetamodelGraphWalker - Visiting attribute path : vnffgr_reference.member_vnfs.runtime_policy_info
14:11:16.055 [Test worker] DEBUG o.h.p.w.spi.MetamodelGraphWalker - Visiting attribute path : vnffgr_reference.member_vnfs.status
14:11:16.055 [Test worker] DEBUG o.h.p.w.spi.MetamodelGraphWalker - Visiting attribute path : vnffgr_reference.member_vnfs.vdu
14:11:16.055 [Test worker] DEBUG o.h.l.p.b.i.spaces.QuerySpacesImpl - Adding QuerySpace : uid = <gen:28> -> org.hibernate.loader.plan.build.internal.spaces.CollectionQuerySpaceImpl@5e4ed2e4]
14:11:16.055 [Test worker] DEBUG o.h.l.p.b.i.spaces.QuerySpacesImpl - Adding QuerySpace : uid = <gen:29> -> org.hibernate.loader.plan.build.internal.spaces.EntityQuerySpaceImpl@8f7a71b]
14:11:16.055 [Test worker] DEBUG o.h.p.w.spi.MetamodelGraphWalker - Visiting attribute path : vnffgr_reference.member_vnfs.vendor
14:11:16.055 [Test worker] DEBUG o.h.p.w.spi.MetamodelGraphWalker - Visiting attribute path : vnffgr_reference.member_vnfs.version
14:11:16.055 [Test worker] DEBUG o.h.p.w.spi.MetamodelGraphWalker - Visiting attribute path : vnffgr_reference.member_vnfs.virtual_link
14:11:16.056 [Test worker] DEBUG o.h.l.p.b.i.spaces.QuerySpacesImpl - Adding QuerySpace : uid = <gen:30> -> org.hibernate.loader.plan.build.internal.spaces.CollectionQuerySpaceImpl@3afbe236]
14:11:16.056 [Test worker] DEBUG o.h.l.p.b.i.spaces.QuerySpacesImpl - Adding QuerySpace : uid = <gen:31> -> org.hibernate.loader.plan.build.internal.spaces.EntityQuerySpaceImpl@6ec0657a]
14:11:16.056 [Test worker] DEBUG o.h.p.w.spi.MetamodelGraphWalker - Visiting attribute path : vnffgr_reference.member_vnfs.vnf_address
14:11:16.056 [Test worker] DEBUG o.h.p.w.spi.MetamodelGraphWalker - Visiting attribute path : vnffgr_reference.member_vnfs.vnfm_id
14:11:16.056 [Test worker] DEBUG o.h.p.w.spi.MetamodelGraphWalker - Visiting attribute path : vnffgr_reference.network_forwarding_path
14:11:16.056 [Test worker] DEBUG o.h.l.p.b.i.spaces.QuerySpacesImpl - Adding QuerySpace : uid = <gen:32> -> org.hibernate.loader.plan.build.internal.spaces.EntityQuerySpaceImpl@19466564]
14:11:16.056 [Test worker] DEBUG o.h.p.w.spi.MetamodelGraphWalker - Visiting attribute path : vnffgr_reference.network_forwarding_path.connection
14:11:16.056 [Test worker] DEBUG o.h.l.p.b.i.spaces.QuerySpacesImpl - Adding QuerySpace : uid = <gen:33> -> org.hibernate.loader.plan.build.internal.spaces.CollectionQuerySpaceImpl@43293525]
14:11:16.056 [Test worker] DEBUG o.h.p.w.spi.MetamodelGraphWalker - Visiting attribute path : vnffgr_reference.network_forwarding_path.policy
14:11:16.056 [Test worker] DEBUG o.h.l.p.b.i.spaces.QuerySpacesImpl - Adding QuerySpace : uid = <gen:34> -> org.hibernate.loader.plan.build.internal.spaces.EntityQuerySpaceImpl@46603295]
14:11:16.056 [Test worker] DEBUG o.h.p.w.spi.MetamodelGraphWalker - Visiting attribute path : vnffgr_reference.network_forwarding_path.version
14:11:16.056 [Test worker] DEBUG o.h.p.w.spi.MetamodelGraphWalker - Visiting attribute path : vnffgr_reference.notification
14:11:16.056 [Test worker] DEBUG o.h.p.w.spi.MetamodelGraphWalker - Visiting attribute path : vnffgr_reference.number_of_endpoints
14:11:16.056 [Test worker] DEBUG o.h.p.w.spi.MetamodelGraphWalker - Visiting attribute path : vnffgr_reference.number_of_pnfs
14:11:16.056 [Test worker] DEBUG o.h.p.w.spi.MetamodelGraphWalker - Visiting attribute path : vnffgr_reference.number_of_virtual_links
14:11:16.056 [Test worker] DEBUG o.h.p.w.spi.MetamodelGraphWalker - Visiting attribute path : vnffgr_reference.number_of_vnfs
14:11:16.056 [Test worker] DEBUG o.h.p.w.spi.MetamodelGraphWalker - Visiting attribute path : vnffgr_reference.parent_ns
14:11:16.056 [Test worker] DEBUG o.h.l.p.b.i.spaces.QuerySpacesImpl - Adding QuerySpace : uid = <gen:35> -> org.hibernate.loader.plan.build.internal.spaces.EntityQuerySpaceImpl@5598f84b]
14:11:16.056 [Test worker] DEBUG o.h.p.w.spi.MetamodelGraphWalker - Visiting attribute path : vnffgr_reference.parent_ns.audit_log
14:11:16.056 [Test worker] DEBUG o.h.p.w.spi.MetamodelGraphWalker - Visiting attribute path : vnffgr_reference.parent_ns.auto_scale_policy
14:11:16.056 [Test worker] DEBUG o.h.l.p.b.i.spaces.QuerySpacesImpl - Adding QuerySpace : uid = <gen:36> -> org.hibernate.loader.plan.build.internal.spaces.CollectionQuerySpaceImpl@7371ece]
14:11:16.056 [Test worker] DEBUG o.h.l.p.b.i.spaces.QuerySpacesImpl - Adding QuerySpace : uid = <gen:37> -> org.hibernate.loader.plan.build.internal.spaces.EntityQuerySpaceImpl@33c76a15]
14:11:16.056 [Test worker] DEBUG o.h.p.w.spi.MetamodelGraphWalker - Visiting attribute path : vnffgr_reference.parent_ns.connection_point
14:11:16.056 [Test worker] DEBUG o.h.l.p.b.i.spaces.QuerySpacesImpl - Adding QuerySpace : uid = <gen:38> -> org.hibernate.loader.plan.build.internal.spaces.CollectionQuerySpaceImpl@6905a341]
14:11:16.056 [Test worker] DEBUG o.h.l.p.b.i.spaces.QuerySpacesImpl - Adding QuerySpace : uid = <gen:39> -> org.hibernate.loader.plan.build.internal.spaces.EntityQuerySpaceImpl@71213644]
14:11:16.056 [Test worker] DEBUG o.h.p.w.spi.MetamodelGraphWalker - Visiting attribute path : vnffgr_reference.parent_ns.descriptor_reference
14:11:16.056 [Test worker] DEBUG o.h.l.p.b.i.spaces.QuerySpacesImpl - Adding QuerySpace : uid = <gen:40> -> org.hibernate.loader.plan.build.internal.spaces.EntityQuerySpaceImpl@3b71e462]
14:11:16.056 [Test worker] DEBUG o.h.p.w.spi.MetamodelGraphWalker - Visiting attribute path : vnffgr_reference.parent_ns.lifecycle_event
14:11:16.056 [Test worker] DEBUG o.h.l.p.b.i.spaces.QuerySpacesImpl - Adding QuerySpace : uid = <gen:41> -> org.hibernate.loader.plan.build.internal.spaces.EntityQuerySpaceImpl@3248fc6b]
14:11:16.057 [Test worker] DEBUG o.h.p.w.spi.MetamodelGraphWalker - Visiting attribute path : vnffgr_reference.parent_ns.lifecycle_event_history
14:11:16.057 [Test worker] DEBUG o.h.l.p.b.i.spaces.QuerySpacesImpl - Adding QuerySpace : uid = <gen:42> -> org.hibernate.loader.plan.build.internal.spaces.CollectionQuerySpaceImpl@55b3ee97]
14:11:16.057 [Test worker] DEBUG o.h.l.p.b.i.spaces.QuerySpacesImpl - Adding QuerySpace : uid = <gen:43> -> org.hibernate.loader.plan.build.internal.spaces.EntityQuerySpaceImpl@17f52776]
14:11:16.057 [Test worker] DEBUG o.h.p.w.spi.MetamodelGraphWalker - Visiting attribute path : vnffgr_reference.parent_ns.monitoring_parameter
14:11:16.057 [Test worker] DEBUG o.h.p.w.spi.MetamodelGraphWalker - Visiting attribute path : vnffgr_reference.parent_ns.notification
14:11:16.057 [Test worker] DEBUG o.h.p.w.spi.MetamodelGraphWalker - Visiting attribute path : vnffgr_reference.parent_ns.pnfr
14:11:16.057 [Test worker] DEBUG o.h.l.p.b.i.spaces.QuerySpacesImpl - Adding QuerySpace : uid = <gen:44> -> org.hibernate.loader.plan.build.internal.spaces.CollectionQuerySpaceImpl@5ff1c043]
14:11:16.057 [Test worker] DEBUG o.h.l.p.b.i.spaces.QuerySpacesImpl - Adding QuerySpace : uid = <gen:45> -> org.hibernate.loader.plan.build.internal.spaces.EntityQuerySpaceImpl@78859fea]
14:11:16.057 [Test worker] DEBUG o.h.p.w.spi.MetamodelGraphWalker - Visiting attribute path : vnffgr_reference.parent_ns.resource_reservation
14:11:16.057 [Test worker] DEBUG o.h.p.w.spi.MetamodelGraphWalker - Visiting attribute path : vnffgr_reference.parent_ns.runtime_policy_info
14:11:16.057 [Test worker] DEBUG o.h.p.w.spi.MetamodelGraphWalker - Visiting attribute path : vnffgr_reference.parent_ns.service_deployment_flavour
14:11:16.057 [Test worker] DEBUG o.h.l.p.b.i.spaces.QuerySpacesImpl - Adding QuerySpace : uid = <gen:46> -> org.hibernate.loader.plan.build.internal.spaces.EntityQuerySpaceImpl@cc5f977]
14:11:16.057 [Test worker] DEBUG o.h.p.w.spi.MetamodelGraphWalker - Visiting attribute path : vnffgr_reference.parent_ns.status
14:11:16.057 [Test worker] DEBUG o.h.p.w.spi.MetamodelGraphWalker - Visiting attribute path : vnffgr_reference.parent_ns.vendor
14:11:16.057 [Test worker] DEBUG o.h.p.w.spi.MetamodelGraphWalker - Visiting attribute path : vnffgr_reference.parent_ns.version
14:11:16.057 [Test worker] DEBUG o.h.p.w.spi.MetamodelGraphWalker - Visiting attribute path : vnffgr_reference.parent_ns.vlr
14:11:16.057 [Test worker] DEBUG o.h.l.p.b.i.spaces.QuerySpacesImpl - Adding QuerySpace : uid = <gen:47> -> org.hibernate.loader.plan.build.internal.spaces.CollectionQuerySpaceImpl@197cfa2e]
14:11:16.057 [Test worker] DEBUG o.h.l.p.b.i.spaces.QuerySpacesImpl - Adding QuerySpace : uid = <gen:48> -> org.hibernate.loader.plan.build.internal.spaces.EntityQuerySpaceImpl@5c0cef14]
14:11:16.057 [Test worker] DEBUG o.h.p.w.spi.MetamodelGraphWalker - Visiting attribute path : vnffgr_reference.parent_ns.vnf_dependency
14:11:16.057 [Test worker] DEBUG o.h.l.p.b.i.spaces.QuerySpacesImpl - Adding QuerySpace : uid = <gen:49> -> org.hibernate.loader.plan.build.internal.spaces.CollectionQuerySpaceImpl@55243942]
14:11:16.058 [Test worker] DEBUG o.h.l.p.b.i.spaces.QuerySpacesImpl - Adding QuerySpace : uid = <gen:50> -> org.hibernate.loader.plan.build.internal.spaces.EntityQuerySpaceImpl@3d2b47b9]
14:11:16.058 [Test worker] DEBUG o.h.p.w.spi.MetamodelGraphWalker - Visiting attribute path : vnffgr_reference.parent_ns.vnffgr
14:11:16.058 [Test worker] DEBUG o.h.l.p.b.i.spaces.QuerySpacesImpl - Adding QuerySpace : uid = <gen:51> -> org.hibernate.loader.plan.build.internal.spaces.CollectionQuerySpaceImpl@6471e20e]
14:11:16.058 [Test worker] DEBUG o.h.l.p.b.i.spaces.QuerySpacesImpl - Adding QuerySpace : uid = <gen:52> -> org.hibernate.loader.plan.build.internal.spaces.EntityQuerySpaceImpl@70b038a6]
14:11:16.058 [Test worker] DEBUG o.h.p.w.spi.MetamodelGraphWalker - Visiting attribute path : vnffgr_reference.parent_ns.vnfr
14:11:16.058 [Test worker] DEBUG o.h.l.p.b.i.spaces.QuerySpacesImpl - Adding QuerySpace : uid = <gen:53> -> org.hibernate.loader.plan.build.internal.spaces.EntityQuerySpaceImpl@41575416]
14:11:16.058 [Test worker] DEBUG o.h.p.w.spi.MetamodelGraphWalker - Visiting attribute path : vnffgr_reference.status
14:11:16.058 [Test worker] DEBUG o.h.p.w.spi.MetamodelGraphWalker - Visiting attribute path : vnffgr_reference.vendor
14:11:16.058 [Test worker] DEBUG o.h.p.w.spi.MetamodelGraphWalker - Visiting attribute path : vnffgr_reference.version
14:11:16.058 [Test worker] DEBUG o.h.l.p.b.i.FetchStyleLoadPlanBuildingAssociationVisitationStrategy - Building LoadPlan...
14:11:16.058 [Test worker] DEBUG o.h.l.p.e.i.LoadQueryJoinAndFetchProcessor - processing queryspace <gen:0>
14:11:16.060 [Test worker] DEBUG o.h.l.p.b.spi.LoadPlanTreePrinter - LoadPlan(entity=org.project.neutrino.nfvo.catalogue.mano.record.VirtualLinkRecord)
    - Returns
       - EntityReturnImpl(entity=org.project.neutrino.nfvo.catalogue.mano.record.VirtualLinkRecord, querySpaceUid=<gen:0>, path=org.project.neutrino.nfvo.catalogue.mano.record.VirtualLinkRecord)
          - CollectionAttributeFetchImpl(collection=org.project.neutrino.nfvo.catalogue.mano.record.VirtualLinkRecord.lifecycle_event_history, querySpaceUid=<gen:1>, path=org.project.neutrino.nfvo.catalogue.mano.record.VirtualLinkRecord.lifecycle_event_history)
             - (collection element) CollectionFetchableElementEntityGraph(entity=org.project.neutrino.nfvo.catalogue.mano.common.LifecycleEvent, querySpaceUid=<gen:2>, path=org.project.neutrino.nfvo.catalogue.mano.record.VirtualLinkRecord.lifecycle_event_history.<elements>)
          - CollectionAttributeFetchImpl(collection=org.project.neutrino.nfvo.catalogue.mano.record.VirtualLinkRecord.vnffgr_reference, querySpaceUid=<gen:3>, path=org.project.neutrino.nfvo.catalogue.mano.record.VirtualLinkRecord.vnffgr_reference)
             - (collection element) CollectionFetchableElementEntityGraph(entity=org.project.neutrino.nfvo.catalogue.mano.record.VNFForwardingGraphRecord, querySpaceUid=<gen:4>, path=org.project.neutrino.nfvo.catalogue.mano.record.VirtualLinkRecord.vnffgr_reference.<elements>)
                - CollectionAttributeFetchImpl(collection=org.project.neutrino.nfvo.catalogue.mano.record.VNFForwardingGraphRecord.connection_point, querySpaceUid=<gen:5>, path=org.project.neutrino.nfvo.catalogue.mano.record.VirtualLinkRecord.vnffgr_reference.<elements>.connection_point)
                   - (collection element) CollectionFetchableElementEntityGraph(entity=org.project.neutrino.nfvo.catalogue.mano.descriptor.VNFDConnectionPoint, querySpaceUid=<gen:6>, path=org.project.neutrino.nfvo.catalogue.mano.record.VirtualLinkRecord.vnffgr_reference.<elements>.connection_point.<elements>)
                - CollectionAttributeFetchImpl(collection=org.project.neutrino.nfvo.catalogue.mano.record.VNFForwardingGraphRecord.dependent_virtual_link, querySpaceUid=<gen:7>, path=org.project.neutrino.nfvo.catalogue.mano.record.VirtualLinkRecord.vnffgr_reference.<elements>.dependent_virtual_link)
                   - (collection element) CollectionFetchableElementEntityGraph(entity=org.project.neutrino.nfvo.catalogue.mano.record.VirtualLinkRecord, querySpaceUid=<gen:8>, path=org.project.neutrino.nfvo.catalogue.mano.record.VirtualLinkRecord.vnffgr_reference.<elements>.dependent_virtual_link.<elements>)
                - EntityAttributeFetchImpl(entity=org.project.neutrino.nfvo.catalogue.mano.descriptor.VNFForwardingGraph, querySpaceUid=<gen:9>, path=org.project.neutrino.nfvo.catalogue.mano.record.VirtualLinkRecord.vnffgr_reference.<elements>.descriptor_reference)
                   - EntityAttributeFetchImpl(entity=org.project.neutrino.nfvo.catalogue.mano.common.Security, querySpaceUid=<gen:10>, path=org.project.neutrino.nfvo.catalogue.mano.record.VirtualLinkRecord.vnffgr_reference.<elements>.descriptor_reference.vnffgd_security)
                - CollectionAttributeFetchImpl(collection=org.project.neutrino.nfvo.catalogue.mano.record.VNFForwardingGraphRecord.lifecycle_event_history, querySpaceUid=<gen:11>, path=org.project.neutrino.nfvo.catalogue.mano.record.VirtualLinkRecord.vnffgr_reference.<elements>.lifecycle_event_history)
                   - (collection element) CollectionFetchableElementEntityGraph(entity=org.project.neutrino.nfvo.catalogue.mano.common.LifecycleEvent, querySpaceUid=<gen:12>, path=org.project.neutrino.nfvo.catalogue.mano.record.VirtualLinkRecord.vnffgr_reference.<elements>.lifecycle_event_history.<elements>)
                - CollectionAttributeFetchImpl(collection=org.project.neutrino.nfvo.catalogue.mano.record.VNFForwardingGraphRecord.member_vnfs, querySpaceUid=<gen:13>, path=org.project.neutrino.nfvo.catalogue.mano.record.VirtualLinkRecord.vnffgr_reference.<elements>.member_vnfs)
                   - (collection element) CollectionFetchableElementEntityGraph(entity=org.project.neutrino.nfvo.catalogue.mano.record.VirtualNetworkFunctionRecord, querySpaceUid=<gen:14>, path=org.project.neutrino.nfvo.catalogue.mano.record.VirtualLinkRecord.vnffgr_reference.<elements>.member_vnfs.<elements>)
                      - CollectionAttributeFetchImpl(collection=org.project.neutrino.nfvo.catalogue.mano.record.VirtualNetworkFunctionRecord.auto_scale_policy, querySpaceUid=<gen:15>, path=org.project.neutrino.nfvo.catalogue.mano.record.VirtualLinkRecord.vnffgr_reference.<elements>.member_vnfs.<elements>.auto_scale_policy)
                         - (collection element) CollectionFetchableElementEntityGraph(entity=org.project.neutrino.nfvo.catalogue.mano.common.AutoScalePolicy, querySpaceUid=<gen:16>, path=org.project.neutrino.nfvo.catalogue.mano.record.VirtualLinkRecord.vnffgr_reference.<elements>.member_vnfs.<elements>.auto_scale_policy.<elements>)
                      - CollectionAttributeFetchImpl(collection=org.project.neutrino.nfvo.catalogue.mano.record.VirtualNetworkFunctionRecord.connected_external_virtual_link, querySpaceUid=<gen:17>, path=org.project.neutrino.nfvo.catalogue.mano.record.VirtualLinkRecord.vnffgr_reference.<elements>.member_vnfs.<elements>.connected_external_virtual_link)
                         - (collection element) CollectionFetchableElementEntityGraph(entity=org.project.neutrino.nfvo.catalogue.mano.record.VirtualLinkRecord, querySpaceUid=<gen:18>, path=org.project.neutrino.nfvo.catalogue.mano.record.VirtualLinkRecord.vnffgr_reference.<elements>.member_vnfs.<elements>.connected_external_virtual_link.<elements>)
                      - CollectionAttributeFetchImpl(collection=org.project.neutrino.nfvo.catalogue.mano.record.VirtualNetworkFunctionRecord.connection_point, querySpaceUid=<gen:19>, path=org.project.neutrino.nfvo.catalogue.mano.record.VirtualLinkRecord.vnffgr_reference.<elements>.member_vnfs.<elements>.connection_point)
                         - (collection element) CollectionFetchableElementEntityGraph(entity=org.project.neutrino.nfvo.catalogue.mano.common.ConnectionPoint, querySpaceUid=<gen:20>, path=org.project.neutrino.nfvo.catalogue.mano.record.VirtualLinkRecord.vnffgr_reference.<elements>.member_vnfs.<elements>.connection_point.<elements>)
                      - CollectionAttributeFetchImpl(collection=org.project.neutrino.nfvo.catalogue.mano.record.VirtualNetworkFunctionRecord.dependency, querySpaceUid=<gen:21>, path=org.project.neutrino.nfvo.catalogue.mano.record.VirtualLinkRecord.vnffgr_reference.<elements>.member_vnfs.<elements>.dependency)
                         - (collection element) CollectionFetchableElementEntityGraph(entity=org.project.neutrino.nfvo.catalogue.mano.common.VNFDependency, querySpaceUid=<gen:22>, path=org.project.neutrino.nfvo.catalogue.mano.record.VirtualLinkRecord.vnffgr_reference.<elements>.member_vnfs.<elements>.dependency.<elements>)
                      - EntityAttributeFetchImpl(entity=org.project.neutrino.nfvo.catalogue.mano.descriptor.VNFDDeploymentFlavour, querySpaceUid=<gen:23>, path=org.project.neutrino.nfvo.catalogue.mano.record.VirtualLinkRecord.vnffgr_reference.<elements>.member_vnfs.<elements>.deployment_flavour)
                      - EntityAttributeFetchImpl(entity=org.project.neutrino.nfvo.catalogue.mano.common.LifecycleEvent, querySpaceUid=<gen:24>, path=org.project.neutrino.nfvo.catalogue.mano.record.VirtualLinkRecord.vnffgr_reference.<elements>.member_vnfs.<elements>.lifecycle_event)
                      - CollectionAttributeFetchImpl(collection=org.project.neutrino.nfvo.catalogue.mano.record.VirtualNetworkFunctionRecord.lifecycle_event_history, querySpaceUid=<gen:25>, path=org.project.neutrino.nfvo.catalogue.mano.record.VirtualLinkRecord.vnffgr_reference.<elements>.member_vnfs.<elements>.lifecycle_event_history)
                         - (collection element) CollectionFetchableElementEntityGraph(entity=org.project.neutrino.nfvo.catalogue.mano.common.LifecycleEvent, querySpaceUid=<gen:26>, path=org.project.neutrino.nfvo.catalogue.mano.record.VirtualLinkRecord.vnffgr_reference.<elements>.member_vnfs.<elements>.lifecycle_event_history.<elements>)
                      - EntityAttributeFetchImpl(entity=org.project.neutrino.nfvo.catalogue.mano.record.NetworkServiceRecord, querySpaceUid=<gen:27>, path=org.project.neutrino.nfvo.catalogue.mano.record.VirtualLinkRecord.vnffgr_reference.<elements>.member_vnfs.<elements>.parent_ns)
                      - CollectionAttributeFetchImpl(collection=org.project.neutrino.nfvo.catalogue.mano.record.VirtualNetworkFunctionRecord.vdu, querySpaceUid=<gen:28>, path=org.project.neutrino.nfvo.catalogue.mano.record.VirtualLinkRecord.vnffgr_reference.<elements>.member_vnfs.<elements>.vdu)
                         - (collection element) CollectionFetchableElementEntityGraph(entity=org.project.neutrino.nfvo.catalogue.mano.descriptor.VirtualDeploymentUnit, querySpaceUid=<gen:29>, path=org.project.neutrino.nfvo.catalogue.mano.record.VirtualLinkRecord.vnffgr_reference.<elements>.member_vnfs.<elements>.vdu.<elements>)
                      - CollectionAttributeFetchImpl(collection=org.project.neutrino.nfvo.catalogue.mano.record.VirtualNetworkFunctionRecord.virtual_link, querySpaceUid=<gen:30>, path=org.project.neutrino.nfvo.catalogue.mano.record.VirtualLinkRecord.vnffgr_reference.<elements>.member_vnfs.<elements>.virtual_link)
                         - (collection element) CollectionFetchableElementEntityGraph(entity=org.project.neutrino.nfvo.catalogue.mano.descriptor.InternalVirtualLink, querySpaceUid=<gen:31>, path=org.project.neutrino.nfvo.catalogue.mano.record.VirtualLinkRecord.vnffgr_reference.<elements>.member_vnfs.<elements>.virtual_link.<elements>)
                - EntityAttributeFetchImpl(entity=org.project.neutrino.nfvo.catalogue.mano.descriptor.NetworkForwardingPath, querySpaceUid=<gen:32>, path=org.project.neutrino.nfvo.catalogue.mano.record.VirtualLinkRecord.vnffgr_reference.<elements>.network_forwarding_path)
                   - CollectionAttributeFetchImpl(collection=org.project.neutrino.nfvo.catalogue.mano.descriptor.NetworkForwardingPath.connection, querySpaceUid=<gen:33>, path=org.project.neutrino.nfvo.catalogue.mano.record.VirtualLinkRecord.vnffgr_reference.<elements>.network_forwarding_path.connection)
                   - EntityAttributeFetchImpl(entity=org.project.neutrino.nfvo.catalogue.mano.descriptor.Policy, querySpaceUid=<gen:34>, path=org.project.neutrino.nfvo.catalogue.mano.record.VirtualLinkRecord.vnffgr_reference.<elements>.network_forwarding_path.policy)
                - EntityAttributeFetchImpl(entity=org.project.neutrino.nfvo.catalogue.mano.record.NetworkServiceRecord, querySpaceUid=<gen:35>, path=org.project.neutrino.nfvo.catalogue.mano.record.VirtualLinkRecord.vnffgr_reference.<elements>.parent_ns)
                   - CollectionAttributeFetchImpl(collection=org.project.neutrino.nfvo.catalogue.mano.record.NetworkServiceRecord.auto_scale_policy, querySpaceUid=<gen:36>, path=org.project.neutrino.nfvo.catalogue.mano.record.VirtualLinkRecord.vnffgr_reference.<elements>.parent_ns.auto_scale_policy)
                      - (collection element) CollectionFetchableElementEntityGraph(entity=org.project.neutrino.nfvo.catalogue.mano.common.AutoScalePolicy, querySpaceUid=<gen:37>, path=org.project.neutrino.nfvo.catalogue.mano.record.VirtualLinkRecord.vnffgr_reference.<elements>.parent_ns.auto_scale_policy.<elements>)
                   - CollectionAttributeFetchImpl(collection=org.project.neutrino.nfvo.catalogue.mano.record.NetworkServiceRecord.connection_point, querySpaceUid=<gen:38>, path=org.project.neutrino.nfvo.catalogue.mano.record.VirtualLinkRecord.vnffgr_reference.<elements>.parent_ns.connection_point)
                      - (collection element) CollectionFetchableElementEntityGraph(entity=org.project.neutrino.nfvo.catalogue.mano.common.ConnectionPoint, querySpaceUid=<gen:39>, path=org.project.neutrino.nfvo.catalogue.mano.record.VirtualLinkRecord.vnffgr_reference.<elements>.parent_ns.connection_point.<elements>)
                   - EntityAttributeFetchImpl(entity=org.project.neutrino.nfvo.catalogue.mano.common.NFVEntityDescriptor, querySpaceUid=<gen:40>, path=org.project.neutrino.nfvo.catalogue.mano.record.VirtualLinkRecord.vnffgr_reference.<elements>.parent_ns.descriptor_reference)
                   - EntityAttributeFetchImpl(entity=org.project.neutrino.nfvo.catalogue.mano.common.LifecycleEvent, querySpaceUid=<gen:41>, path=org.project.neutrino.nfvo.catalogue.mano.record.VirtualLinkRecord.vnffgr_reference.<elements>.parent_ns.lifecycle_event)
                   - CollectionAttributeFetchImpl(collection=org.project.neutrino.nfvo.catalogue.mano.record.NetworkServiceRecord.lifecycle_event_history, querySpaceUid=<gen:42>, path=org.project.neutrino.nfvo.catalogue.mano.record.VirtualLinkRecord.vnffgr_reference.<elements>.parent_ns.lifecycle_event_history)
                      - (collection element) CollectionFetchableElementEntityGraph(entity=org.project.neutrino.nfvo.catalogue.mano.common.LifecycleEvent, querySpaceUid=<gen:43>, path=org.project.neutrino.nfvo.catalogue.mano.record.VirtualLinkRecord.vnffgr_reference.<elements>.parent_ns.lifecycle_event_history.<elements>)
                   - CollectionAttributeFetchImpl(collection=org.project.neutrino.nfvo.catalogue.mano.record.NetworkServiceRecord.pnfr, querySpaceUid=<gen:44>, path=org.project.neutrino.nfvo.catalogue.mano.record.VirtualLinkRecord.vnffgr_reference.<elements>.parent_ns.pnfr)
                      - (collection element) CollectionFetchableElementEntityGraph(entity=org.project.neutrino.nfvo.catalogue.mano.record.PhysicalNetworkFunctionRecord, querySpaceUid=<gen:45>, path=org.project.neutrino.nfvo.catalogue.mano.record.VirtualLinkRecord.vnffgr_reference.<elements>.parent_ns.pnfr.<elements>)
                   - EntityAttributeFetchImpl(entity=org.project.neutrino.nfvo.catalogue.mano.common.ServiceDeploymentFlavour, querySpaceUid=<gen:46>, path=org.project.neutrino.nfvo.catalogue.mano.record.VirtualLinkRecord.vnffgr_reference.<elements>.parent_ns.service_deployment_flavour)
                   - CollectionAttributeFetchImpl(collection=org.project.neutrino.nfvo.catalogue.mano.record.NetworkServiceRecord.vlr, querySpaceUid=<gen:47>, path=org.project.neutrino.nfvo.catalogue.mano.record.VirtualLinkRecord.vnffgr_reference.<elements>.parent_ns.vlr)
                      - (collection element) CollectionFetchableElementEntityGraph(entity=org.project.neutrino.nfvo.catalogue.mano.record.VirtualLinkRecord, querySpaceUid=<gen:48>, path=org.project.neutrino.nfvo.catalogue.mano.record.VirtualLinkRecord.vnffgr_reference.<elements>.parent_ns.vlr.<elements>)
                   - CollectionAttributeFetchImpl(collection=org.project.neutrino.nfvo.catalogue.mano.record.NetworkServiceRecord.vnf_dependency, querySpaceUid=<gen:49>, path=org.project.neutrino.nfvo.catalogue.mano.record.VirtualLinkRecord.vnffgr_reference.<elements>.parent_ns.vnf_dependency)
                      - (collection element) CollectionFetchableElementEntityGraph(entity=org.project.neutrino.nfvo.catalogue.mano.common.VNFDependency, querySpaceUid=<gen:50>, path=org.project.neutrino.nfvo.catalogue.mano.record.VirtualLinkRecord.vnffgr_reference.<elements>.parent_ns.vnf_dependency.<elements>)
                   - CollectionAttributeFetchImpl(collection=org.project.neutrino.nfvo.catalogue.mano.record.NetworkServiceRecord.vnffgr, querySpaceUid=<gen:51>, path=org.project.neutrino.nfvo.catalogue.mano.record.VirtualLinkRecord.vnffgr_reference.<elements>.parent_ns.vnffgr)
                      - (collection element) CollectionFetchableElementEntityGraph(entity=org.project.neutrino.nfvo.catalogue.mano.descriptor.VNFForwardingGraph, querySpaceUid=<gen:52>, path=org.project.neutrino.nfvo.catalogue.mano.record.VirtualLinkRecord.vnffgr_reference.<elements>.parent_ns.vnffgr.<elements>)
                   - EntityAttributeFetchImpl(entity=org.project.neutrino.nfvo.catalogue.mano.record.VirtualNetworkFunctionRecord, querySpaceUid=<gen:53>, path=org.project.neutrino.nfvo.catalogue.mano.record.VirtualLinkRecord.vnffgr_reference.<elements>.parent_ns.vnfr)
    - QuerySpaces
       - EntityQuerySpaceImpl(uid=<gen:0>, entity=org.project.neutrino.nfvo.catalogue.mano.record.VirtualLinkRecord)
          - SQL table alias mapping - virtuallin0_
          - alias suffix - 0_
          - suffixed key columns - {id1_54_0_}
          - JOIN (JoinDefinedByMetadata(lifecycle_event_history)) : <gen:0> -> <gen:1>
             - CollectionQuerySpaceImpl(uid=<gen:1>, collection=org.project.neutrino.nfvo.catalogue.mano.record.VirtualLinkRecord.lifecycle_event_history)
                - SQL table alias mapping - lifecycle_1_
                - alias suffix - 1_
                - suffixed key columns - {virtual_1_54_1_}
                - entity-element alias suffix - 2_
                - 2_entity-element suffixed key columns - id1_10_2_
                - JOIN (JoinDefinedByMetadata(elements)) : <gen:1> -> <gen:2>
                   - EntityQuerySpaceImpl(uid=<gen:2>, entity=org.project.neutrino.nfvo.catalogue.mano.common.LifecycleEvent)
                      - SQL table alias mapping - lifecyclee2_
                      - alias suffix - 2_
                      - suffixed key columns - {id1_10_2_}
          - JOIN (JoinDefinedByMetadata(vnffgr_reference)) : <gen:0> -> <gen:3>
             - CollectionQuerySpaceImpl(uid=<gen:3>, collection=org.project.neutrino.nfvo.catalogue.mano.record.VirtualLinkRecord.vnffgr_reference)
                - SQL table alias mapping - vnffgr_ref3_
                - alias suffix - 3_
                - suffixed key columns - {virtual_1_54_3_}
                - entity-element alias suffix - 4_
                - 4_entity-element suffixed key columns - id1_92_4_
                - JOIN (JoinDefinedByMetadata(elements)) : <gen:3> -> <gen:4>
                   - EntityQuerySpaceImpl(uid=<gen:4>, entity=org.project.neutrino.nfvo.catalogue.mano.record.VNFForwardingGraphRecord)
                      - SQL table alias mapping - vnfforward4_
                      - alias suffix - 4_
                      - suffixed key columns - {id1_92_4_}
                      - JOIN (JoinDefinedByMetadata(connection_point)) : <gen:4> -> <gen:5>
                         - CollectionQuerySpaceImpl(uid=<gen:5>, collection=org.project.neutrino.nfvo.catalogue.mano.record.VNFForwardingGraphRecord.connection_point)
                            - SQL table alias mapping - connection5_
                            - alias suffix - 5_
                            - suffixed key columns - {vnfforwa1_92_5_}
                            - entity-element alias suffix - 6_
                            - 6_entity-element suffixed key columns - id1_4_6_
                            - JOIN (JoinDefinedByMetadata(elements)) : <gen:5> -> <gen:6>
                               - EntityQuerySpaceImpl(uid=<gen:6>, entity=org.project.neutrino.nfvo.catalogue.mano.descriptor.VNFDConnectionPoint)
                                  - SQL table alias mapping - vnfdconnec6_
                                  - alias suffix - 6_
                                  - suffixed key columns - {id1_4_6_}
                      - JOIN (JoinDefinedByMetadata(dependent_virtual_link)) : <gen:4> -> <gen:7>
                         - CollectionQuerySpaceImpl(uid=<gen:7>, collection=org.project.neutrino.nfvo.catalogue.mano.record.VNFForwardingGraphRecord.dependent_virtual_link)
                            - SQL table alias mapping - dependent_7_
                            - alias suffix - 7_
                            - suffixed key columns - {vnfforwa1_92_7_}
                            - entity-element alias suffix - 8_
                            - 8_entity-element suffixed key columns - id1_54_8_
                            - JOIN (JoinDefinedByMetadata(elements)) : <gen:7> -> <gen:8>
                               - EntityQuerySpaceImpl(uid=<gen:8>, entity=org.project.neutrino.nfvo.catalogue.mano.record.VirtualLinkRecord)
                                  - SQL table alias mapping - virtuallin8_
                                  - alias suffix - 8_
                                  - suffixed key columns - {id1_54_8_}
                      - JOIN (JoinDefinedByMetadata(descriptor_reference)) : <gen:4> -> <gen:9>
                         - EntityQuerySpaceImpl(uid=<gen:9>, entity=org.project.neutrino.nfvo.catalogue.mano.descriptor.VNFForwardingGraph)
                            - SQL table alias mapping - vnfforward9_
                            - alias suffix - 9_
                            - suffixed key columns - {id1_87_9_}
                      - JOIN (JoinDefinedByMetadata(lifecycle_event_history)) : <gen:4> -> <gen:11>
                         - CollectionQuerySpaceImpl(uid=<gen:11>, collection=org.project.neutrino.nfvo.catalogue.mano.record.VNFForwardingGraphRecord.lifecycle_event_history)
                            - SQL table alias mapping - lifecycle_10_
                            - alias suffix - 10_
                            - suffixed key columns - {vnfforwa1_92_10_}
                            - entity-element alias suffix - 11_
                            - 11_entity-element suffixed key columns - id1_10_11_
                            - JOIN (JoinDefinedByMetadata(elements)) : <gen:11> -> <gen:12>
                               - EntityQuerySpaceImpl(uid=<gen:12>, entity=org.project.neutrino.nfvo.catalogue.mano.common.LifecycleEvent)
                                  - SQL table alias mapping - lifecyclee11_
                                  - alias suffix - 11_
                                  - suffixed key columns - {id1_10_11_}
                      - JOIN (JoinDefinedByMetadata(member_vnfs)) : <gen:4> -> <gen:13>
                         - CollectionQuerySpaceImpl(uid=<gen:13>, collection=org.project.neutrino.nfvo.catalogue.mano.record.VNFForwardingGraphRecord.member_vnfs)
                            - SQL table alias mapping - member_vnf12_
                            - alias suffix - 12_
                            - suffixed key columns - {vnfforwa1_92_12_}
                            - entity-element alias suffix - 13_
                            - 13_entity-element suffixed key columns - id1_68_13_
                            - JOIN (JoinDefinedByMetadata(elements)) : <gen:13> -> <gen:14>
                               - EntityQuerySpaceImpl(uid=<gen:14>, entity=org.project.neutrino.nfvo.catalogue.mano.record.VirtualNetworkFunctionRecord)
                                  - SQL table alias mapping - virtualnet13_
                                  - alias suffix - 13_
                                  - suffixed key columns - {id1_68_13_}
                      - JOIN (JoinDefinedByMetadata(network_forwarding_path)) : <gen:4> -> <gen:32>
                         - EntityQuerySpaceImpl(uid=<gen:32>, entity=org.project.neutrino.nfvo.catalogue.mano.descriptor.NetworkForwardingPath)
                            - SQL table alias mapping - networkfor14_
                            - alias suffix - 14_
                            - suffixed key columns - {id1_12_14_}
                      - JOIN (JoinDefinedByMetadata(parent_ns)) : <gen:4> -> <gen:35>
                         - EntityQuerySpaceImpl(uid=<gen:35>, entity=org.project.neutrino.nfvo.catalogue.mano.record.NetworkServiceRecord)
                            - SQL table alias mapping - networkser15_
                            - alias suffix - 15_
                            - suffixed key columns - {id1_18_15_}

14:11:16.061 [Test worker] DEBUG o.h.loader.entity.plan.EntityLoader - Static select for entity org.project.neutrino.nfvo.catalogue.mano.record.VirtualLinkRecord [READ]: select virtuallin0_.id as id1_54_0_, virtuallin0_.connectivity_type as connecti2_54_0_, virtuallin0_.descriptor_reference as descript3_54_0_, virtuallin0_.leaf_requirement as leaf_req4_54_0_, virtuallin0_.number_of_enpoints as number_o5_54_0_, virtuallin0_.parent_ns as parent_n6_54_0_, virtuallin0_.root_requirement as root_req7_54_0_, virtuallin0_.status as status8_54_0_, virtuallin0_.test_access as test_acc9_54_0_, virtuallin0_.vendor as vendor10_54_0_, virtuallin0_.version as version11_54_0_, virtuallin0_.vim_id as vim_id12_54_0_, lifecycle_1_.virtual_link_record_id as virtual_1_54_1_, lifecyclee2_.id as lifecycl2_58_1_, lifecyclee2_.id as id1_10_2_, lifecyclee2_.version as version2_10_2_, vnffgr_ref3_.virtual_link_record_id as virtual_1_54_3_, vnfforward4_.id as vnffgr_r2_61_3_, vnfforward4_.id as id1_92_4_, vnfforward4_.audit_log as audit_lo2_92_4_, vnfforward4_.descriptor_reference_id as descrip10_92_4_, vnfforward4_.network_forwarding_path_id as network11_92_4_, vnfforward4_.number_of_endpoints as number_o3_92_4_, vnfforward4_.number_of_pnfs as number_o4_92_4_, vnfforward4_.number_of_virtual_links as number_o5_92_4_, vnfforward4_.number_of_vnfs as number_o6_92_4_, vnfforward4_.parent_ns_id as parent_12_92_4_, vnfforward4_.status as status7_92_4_, vnfforward4_.vendor as vendor8_92_4_, vnfforward4_.version as version9_92_4_, connection5_.vnfforwarding_graph_record_id as vnfforwa1_92_5_, vnfdconnec6_.id as connecti2_93_5_, vnfdconnec6_.id as id1_4_6_, vnfdconnec6_.type as type2_4_6_, vnfdconnec6_.version as version3_4_6_, vnfdconnec6_.virtual_link_reference as virtual_1_82_6_, dependent_7_.vnfforwarding_graph_record_id as vnfforwa1_92_7_, virtuallin8_.id as dependen2_94_7_, virtuallin8_.id as id1_54_8_, virtuallin8_.connectivity_type as connecti2_54_8_, virtuallin8_.descriptor_reference as descript3_54_8_, virtuallin8_.leaf_requirement as leaf_req4_54_8_, virtuallin8_.number_of_enpoints as number_o5_54_8_, virtuallin8_.parent_ns as parent_n6_54_8_, virtuallin8_.root_requirement as root_req7_54_8_, virtuallin8_.status as status8_54_8_, virtuallin8_.test_access as test_acc9_54_8_, virtuallin8_.vendor as vendor10_54_8_, virtuallin8_.version as version11_54_8_, virtuallin8_.vim_id as vim_id12_54_8_, vnfforward9_.id as id1_87_9_, vnfforward9_.descriptor_version as descript2_87_9_, vnfforward9_.hb_version as hb_versi3_87_9_, vnfforward9_.number_of_endpoints as number_o4_87_9_, vnfforward9_.number_of_virtual_links as number_o5_87_9_, vnfforward9_.vendor as vendor6_87_9_, vnfforward9_.version as version7_87_9_, vnfforward9_.vnffgd_security_id as vnffgd_s8_87_9_, lifecycle_10_.vnfforwarding_graph_record_id as vnfforwa1_92_10_, lifecyclee11_.id as lifecycl2_95_10_, lifecyclee11_.id as id1_10_11_, lifecyclee11_.version as version2_10_11_, member_vnf12_.vnfforwarding_graph_record_id as vnfforwa1_92_12_, virtualnet13_.id as member_v2_96_12_, virtualnet13_.id as id1_68_13_, virtualnet13_.audit_log as audit_lo2_68_13_, virtualnet13_.deployment_flavour_id as deployme9_68_13_, virtualnet13_.descriptor_reference as descript3_68_13_, virtualnet13_.lifecycle_event_id as lifecyc10_68_13_, virtualnet13_.localization as localiza4_68_13_, virtualnet13_.parent_ns_id as parent_11_68_13_, virtualnet13_.status as status5_68_13_, virtualnet13_.vendor as vendor6_68_13_, virtualnet13_.version as version7_68_13_, virtualnet13_.vnfm_id as vnfm_id8_68_13_, networkfor14_.id as id1_12_14_, networkfor14_.policy_id as policy_i3_12_14_, networkfor14_.version as version2_12_14_, networkser15_.id as id1_18_15_, networkser15_.audit_log as audit_lo2_18_15_, networkser15_.descriptor_reference_Id as descript9_18_15_, networkser15_.lifecycle_event_id as lifecyc10_18_15_, networkser15_.notification as notifica3_18_15_, networkser15_.resource_reservation as resource4_18_15_, networkser15_.runtime_policy_info as runtime_5_18_15_, networkser15_.service_deployment_flavour_id as service11_18_15_, networkser15_.status as status6_18_15_, networkser15_.vendor as vendor7_18_15_, networkser15_.version as version8_18_15_, networkser15_.vnfr_id as vnfr_id12_18_15_ from virtual_link_record virtuallin0_ left outer join virtual_link_record_lifecycle_event_history lifecycle_1_ on virtuallin0_.id=lifecycle_1_.virtual_link_record_id left outer join lifecycle_event lifecyclee2_ on lifecycle_1_.lifecycle_event_history_id=lifecyclee2_.id left outer join virtual_link_record_vnffgr_reference vnffgr_ref3_ on virtuallin0_.id=vnffgr_ref3_.virtual_link_record_id left outer join vnfforwarding_graph_record vnfforward4_ on vnffgr_ref3_.vnffgr_reference_id=vnfforward4_.id left outer join vnfforwarding_graph_record_connection_point connection5_ on vnfforward4_.id=connection5_.vnfforwarding_graph_record_id left outer join vnfdconnection_point vnfdconnec6_ on connection5_.connection_point_id=vnfdconnec6_.id left outer join vnfforwarding_graph_record_dependent_virtual_link dependent_7_ on vnfforward4_.id=dependent_7_.vnfforwarding_graph_record_id left outer join virtual_link_record virtuallin8_ on dependent_7_.dependent_virtual_link_id=virtuallin8_.id left outer join vnfforwarding_graph vnfforward9_ on vnfforward4_.descriptor_reference_id=vnfforward9_.id left outer join vnfforwarding_graph_record_lifecycle_event_history lifecycle_10_ on vnfforward4_.id=lifecycle_10_.vnfforwarding_graph_record_id left outer join lifecycle_event lifecyclee11_ on lifecycle_10_.lifecycle_event_history_id=lifecyclee11_.id left outer join vnfforwarding_graph_record_member_vnfs member_vnf12_ on vnfforward4_.id=member_vnf12_.vnfforwarding_graph_record_id left outer join virtual_network_function_record virtualnet13_ on member_vnf12_.member_vnfs_id=virtualnet13_.id left outer join network_forwarding_path networkfor14_ on vnfforward4_.network_forwarding_path_id=networkfor14_.id left outer join network_service_record networkser15_ on vnfforward4_.parent_ns_id=networkser15_.id where virtuallin0_.id=?
14:11:16.061 [Test worker] DEBUG o.h.l.p.b.i.spaces.QuerySpacesImpl - Adding QuerySpace : uid = <gen:0> -> org.hibernate.loader.plan.build.internal.spaces.EntityQuerySpaceImpl@4c5191dd]
14:11:16.061 [Test worker] DEBUG o.h.p.w.spi.MetamodelGraphWalker - Visiting attribute path : allocated_capacity
14:11:16.061 [Test worker] DEBUG o.h.p.w.spi.MetamodelGraphWalker - Visiting attribute path : audit_log
14:11:16.061 [Test worker] DEBUG o.h.p.w.spi.MetamodelGraphWalker - Visiting attribute path : connection
14:11:16.061 [Test worker] DEBUG o.h.p.w.spi.MetamodelGraphWalker - Visiting attribute path : connectivity_type
14:11:16.061 [Test worker] DEBUG o.h.p.w.spi.MetamodelGraphWalker - Visiting attribute path : descriptor_reference
14:11:16.061 [Test worker] DEBUG o.h.p.w.spi.MetamodelGraphWalker - Visiting attribute path : leaf_requirement
14:11:16.061 [Test worker] DEBUG o.h.p.w.spi.MetamodelGraphWalker - Visiting attribute path : lifecycle_event_history
14:11:16.061 [Test worker] DEBUG o.h.l.p.b.i.spaces.QuerySpacesImpl - Adding QuerySpace : uid = <gen:1> -> org.hibernate.loader.plan.build.internal.spaces.CollectionQuerySpaceImpl@1c9e50cd]
14:11:16.061 [Test worker] DEBUG o.h.l.p.b.i.spaces.QuerySpacesImpl - Adding QuerySpace : uid = <gen:2> -> org.hibernate.loader.plan.build.internal.spaces.EntityQuerySpaceImpl@5dcad168]
14:11:16.061 [Test worker] DEBUG o.h.p.w.spi.MetamodelGraphWalker - Visiting attribute path : notification
14:11:16.061 [Test worker] DEBUG o.h.p.w.spi.MetamodelGraphWalker - Visiting attribute path : number_of_enpoints
14:11:16.061 [Test worker] DEBUG o.h.p.w.spi.MetamodelGraphWalker - Visiting attribute path : parent_ns
14:11:16.061 [Test worker] DEBUG o.h.p.w.spi.MetamodelGraphWalker - Visiting attribute path : qos
14:11:16.061 [Test worker] DEBUG o.h.p.w.spi.MetamodelGraphWalker - Visiting attribute path : root_requirement
14:11:16.061 [Test worker] DEBUG o.h.p.w.spi.MetamodelGraphWalker - Visiting attribute path : status
14:11:16.062 [Test worker] DEBUG o.h.p.w.spi.MetamodelGraphWalker - Visiting attribute path : test_access
14:11:16.062 [Test worker] DEBUG o.h.p.w.spi.MetamodelGraphWalker - Visiting attribute path : vendor
14:11:16.062 [Test worker] DEBUG o.h.p.w.spi.MetamodelGraphWalker - Visiting attribute path : version
14:11:16.062 [Test worker] DEBUG o.h.p.w.spi.MetamodelGraphWalker - Visiting attribute path : vim_id
14:11:16.062 [Test worker] DEBUG o.h.p.w.spi.MetamodelGraphWalker - Visiting attribute path : vnffgr_reference
14:11:16.062 [Test worker] DEBUG o.h.l.p.b.i.spaces.QuerySpacesImpl - Adding QuerySpace : uid = <gen:3> -> org.hibernate.loader.plan.build.internal.spaces.CollectionQuerySpaceImpl@2e7a32f3]
14:11:16.062 [Test worker] DEBUG o.h.l.p.b.i.spaces.QuerySpacesImpl - Adding QuerySpace : uid = <gen:4> -> org.hibernate.loader.plan.build.internal.spaces.EntityQuerySpaceImpl@58a7075b]
14:11:16.062 [Test worker] DEBUG o.h.l.p.b.i.FetchStyleLoadPlanBuildingAssociationVisitationStrategy - Building LoadPlan...
14:11:16.062 [Test worker] DEBUG o.h.l.p.e.i.LoadQueryJoinAndFetchProcessor - processing queryspace <gen:0>
14:11:16.062 [Test worker] DEBUG o.h.l.p.b.spi.LoadPlanTreePrinter - LoadPlan(entity=org.project.neutrino.nfvo.catalogue.mano.record.VirtualLinkRecord)
    - Returns
       - EntityReturnImpl(entity=org.project.neutrino.nfvo.catalogue.mano.record.VirtualLinkRecord, querySpaceUid=<gen:0>, path=org.project.neutrino.nfvo.catalogue.mano.record.VirtualLinkRecord)
          - CollectionAttributeFetchImpl(collection=org.project.neutrino.nfvo.catalogue.mano.record.VirtualLinkRecord.lifecycle_event_history, querySpaceUid=<gen:1>, path=org.project.neutrino.nfvo.catalogue.mano.record.VirtualLinkRecord.lifecycle_event_history)
             - (collection element) CollectionFetchableElementEntityGraph(entity=org.project.neutrino.nfvo.catalogue.mano.common.LifecycleEvent, querySpaceUid=<gen:2>, path=org.project.neutrino.nfvo.catalogue.mano.record.VirtualLinkRecord.lifecycle_event_history.<elements>)
          - CollectionAttributeFetchImpl(collection=org.project.neutrino.nfvo.catalogue.mano.record.VirtualLinkRecord.vnffgr_reference, querySpaceUid=<gen:3>, path=org.project.neutrino.nfvo.catalogue.mano.record.VirtualLinkRecord.vnffgr_reference)
             - (collection element) CollectionFetchableElementEntityGraph(entity=org.project.neutrino.nfvo.catalogue.mano.record.VNFForwardingGraphRecord, querySpaceUid=<gen:4>, path=org.project.neutrino.nfvo.catalogue.mano.record.VirtualLinkRecord.vnffgr_reference.<elements>)
    - QuerySpaces
       - EntityQuerySpaceImpl(uid=<gen:0>, entity=org.project.neutrino.nfvo.catalogue.mano.record.VirtualLinkRecord)
          - SQL table alias mapping - virtuallin0_
          - alias suffix - 0_
          - suffixed key columns - {id1_54_0_}

14:11:16.062 [Test worker] DEBUG o.h.loader.entity.plan.EntityLoader - Static select for entity org.project.neutrino.nfvo.catalogue.mano.record.VirtualLinkRecord [UPGRADE]: select virtuallin0_.id as id1_54_0_, virtuallin0_.connectivity_type as connecti2_54_0_, virtuallin0_.descriptor_reference as descript3_54_0_, virtuallin0_.leaf_requirement as leaf_req4_54_0_, virtuallin0_.number_of_enpoints as number_o5_54_0_, virtuallin0_.parent_ns as parent_n6_54_0_, virtuallin0_.root_requirement as root_req7_54_0_, virtuallin0_.status as status8_54_0_, virtuallin0_.test_access as test_acc9_54_0_, virtuallin0_.vendor as vendor10_54_0_, virtuallin0_.version as version11_54_0_, virtuallin0_.vim_id as vim_id12_54_0_ from virtual_link_record virtuallin0_ where virtuallin0_.id=? for update
14:11:16.062 [Test worker] DEBUG o.h.l.p.b.i.spaces.QuerySpacesImpl - Adding QuerySpace : uid = <gen:0> -> org.hibernate.loader.plan.build.internal.spaces.EntityQuerySpaceImpl@3dd414d5]
14:11:16.062 [Test worker] DEBUG o.h.p.w.spi.MetamodelGraphWalker - Visiting attribute path : allocated_capacity
14:11:16.062 [Test worker] DEBUG o.h.p.w.spi.MetamodelGraphWalker - Visiting attribute path : audit_log
14:11:16.063 [Test worker] DEBUG o.h.p.w.spi.MetamodelGraphWalker - Visiting attribute path : connection
14:11:16.063 [Test worker] DEBUG o.h.p.w.spi.MetamodelGraphWalker - Visiting attribute path : connectivity_type
14:11:16.063 [Test worker] DEBUG o.h.p.w.spi.MetamodelGraphWalker - Visiting attribute path : descriptor_reference
14:11:16.063 [Test worker] DEBUG o.h.p.w.spi.MetamodelGraphWalker - Visiting attribute path : leaf_requirement
14:11:16.063 [Test worker] DEBUG o.h.p.w.spi.MetamodelGraphWalker - Visiting attribute path : lifecycle_event_history
14:11:16.063 [Test worker] DEBUG o.h.l.p.b.i.spaces.QuerySpacesImpl - Adding QuerySpace : uid = <gen:1> -> org.hibernate.loader.plan.build.internal.spaces.CollectionQuerySpaceImpl@38fdc2b]
14:11:16.063 [Test worker] DEBUG o.h.l.p.b.i.spaces.QuerySpacesImpl - Adding QuerySpace : uid = <gen:2> -> org.hibernate.loader.plan.build.internal.spaces.EntityQuerySpaceImpl@59bf8ce0]
14:11:16.063 [Test worker] DEBUG o.h.p.w.spi.MetamodelGraphWalker - Visiting attribute path : notification
14:11:16.063 [Test worker] DEBUG o.h.p.w.spi.MetamodelGraphWalker - Visiting attribute path : number_of_enpoints
14:11:16.063 [Test worker] DEBUG o.h.p.w.spi.MetamodelGraphWalker - Visiting attribute path : parent_ns
14:11:16.063 [Test worker] DEBUG o.h.p.w.spi.MetamodelGraphWalker - Visiting attribute path : qos
14:11:16.063 [Test worker] DEBUG o.h.p.w.spi.MetamodelGraphWalker - Visiting attribute path : root_requirement
14:11:16.063 [Test worker] DEBUG o.h.p.w.spi.MetamodelGraphWalker - Visiting attribute path : status
14:11:16.063 [Test worker] DEBUG o.h.p.w.spi.MetamodelGraphWalker - Visiting attribute path : test_access
14:11:16.063 [Test worker] DEBUG o.h.p.w.spi.MetamodelGraphWalker - Visiting attribute path : vendor
14:11:16.063 [Test worker] DEBUG o.h.p.w.spi.MetamodelGraphWalker - Visiting attribute path : version
14:11:16.063 [Test worker] DEBUG o.h.p.w.spi.MetamodelGraphWalker - Visiting attribute path : vim_id
14:11:16.063 [Test worker] DEBUG o.h.p.w.spi.MetamodelGraphWalker - Visiting attribute path : vnffgr_reference
14:11:16.063 [Test worker] DEBUG o.h.l.p.b.i.spaces.QuerySpacesImpl - Adding QuerySpace : uid = <gen:3> -> org.hibernate.loader.plan.build.internal.spaces.CollectionQuerySpaceImpl@2eb9f428]
14:11:16.063 [Test worker] DEBUG o.h.l.p.b.i.spaces.QuerySpacesImpl - Adding QuerySpace : uid = <gen:4> -> org.hibernate.loader.plan.build.internal.spaces.EntityQuerySpaceImpl@324c860f]
14:11:16.064 [Test worker] DEBUG o.h.l.p.b.i.FetchStyleLoadPlanBuildingAssociationVisitationStrategy - Building LoadPlan...
14:11:16.064 [Test worker] DEBUG o.h.l.p.e.i.LoadQueryJoinAndFetchProcessor - processing queryspace <gen:0>
14:11:16.064 [Test worker] DEBUG o.h.l.p.b.spi.LoadPlanTreePrinter - LoadPlan(entity=org.project.neutrino.nfvo.catalogue.mano.record.VirtualLinkRecord)
    - Returns
       - EntityReturnImpl(entity=org.project.neutrino.nfvo.catalogue.mano.record.VirtualLinkRecord, querySpaceUid=<gen:0>, path=org.project.neutrino.nfvo.catalogue.mano.record.VirtualLinkRecord)
          - CollectionAttributeFetchImpl(collection=org.project.neutrino.nfvo.catalogue.mano.record.VirtualLinkRecord.lifecycle_event_history, querySpaceUid=<gen:1>, path=org.project.neutrino.nfvo.catalogue.mano.record.VirtualLinkRecord.lifecycle_event_history)
             - (collection element) CollectionFetchableElementEntityGraph(entity=org.project.neutrino.nfvo.catalogue.mano.common.LifecycleEvent, querySpaceUid=<gen:2>, path=org.project.neutrino.nfvo.catalogue.mano.record.VirtualLinkRecord.lifecycle_event_history.<elements>)
          - CollectionAttributeFetchImpl(collection=org.project.neutrino.nfvo.catalogue.mano.record.VirtualLinkRecord.vnffgr_reference, querySpaceUid=<gen:3>, path=org.project.neutrino.nfvo.catalogue.mano.record.VirtualLinkRecord.vnffgr_reference)
             - (collection element) CollectionFetchableElementEntityGraph(entity=org.project.neutrino.nfvo.catalogue.mano.record.VNFForwardingGraphRecord, querySpaceUid=<gen:4>, path=org.project.neutrino.nfvo.catalogue.mano.record.VirtualLinkRecord.vnffgr_reference.<elements>)
    - QuerySpaces
       - EntityQuerySpaceImpl(uid=<gen:0>, entity=org.project.neutrino.nfvo.catalogue.mano.record.VirtualLinkRecord)
          - SQL table alias mapping - virtuallin0_
          - alias suffix - 0_
          - suffixed key columns - {id1_54_0_}

14:11:16.064 [Test worker] DEBUG o.h.loader.entity.plan.EntityLoader - Static select for entity org.project.neutrino.nfvo.catalogue.mano.record.VirtualLinkRecord [UPGRADE_NOWAIT]: select virtuallin0_.id as id1_54_0_, virtuallin0_.connectivity_type as connecti2_54_0_, virtuallin0_.descriptor_reference as descript3_54_0_, virtuallin0_.leaf_requirement as leaf_req4_54_0_, virtuallin0_.number_of_enpoints as number_o5_54_0_, virtuallin0_.parent_ns as parent_n6_54_0_, virtuallin0_.root_requirement as root_req7_54_0_, virtuallin0_.status as status8_54_0_, virtuallin0_.test_access as test_acc9_54_0_, virtuallin0_.vendor as vendor10_54_0_, virtuallin0_.version as version11_54_0_, virtuallin0_.vim_id as vim_id12_54_0_ from virtual_link_record virtuallin0_ where virtuallin0_.id=? for update
14:11:16.064 [Test worker] DEBUG o.h.l.p.b.i.spaces.QuerySpacesImpl - Adding QuerySpace : uid = <gen:0> -> org.hibernate.loader.plan.build.internal.spaces.EntityQuerySpaceImpl@3df55c95]
14:11:16.064 [Test worker] DEBUG o.h.p.w.spi.MetamodelGraphWalker - Visiting attribute path : allocated_capacity
14:11:16.064 [Test worker] DEBUG o.h.p.w.spi.MetamodelGraphWalker - Visiting attribute path : audit_log
14:11:16.064 [Test worker] DEBUG o.h.p.w.spi.MetamodelGraphWalker - Visiting attribute path : connection
14:11:16.064 [Test worker] DEBUG o.h.p.w.spi.MetamodelGraphWalker - Visiting attribute path : connectivity_type
14:11:16.064 [Test worker] DEBUG o.h.p.w.spi.MetamodelGraphWalker - Visiting attribute path : descriptor_reference
14:11:16.064 [Test worker] DEBUG o.h.p.w.spi.MetamodelGraphWalker - Visiting attribute path : leaf_requirement
14:11:16.065 [Test worker] DEBUG o.h.p.w.spi.MetamodelGraphWalker - Visiting attribute path : lifecycle_event_history
14:11:16.065 [Test worker] DEBUG o.h.l.p.b.i.spaces.QuerySpacesImpl - Adding QuerySpace : uid = <gen:1> -> org.hibernate.loader.plan.build.internal.spaces.CollectionQuerySpaceImpl@27aa4896]
14:11:16.065 [Test worker] DEBUG o.h.l.p.b.i.spaces.QuerySpacesImpl - Adding QuerySpace : uid = <gen:2> -> org.hibernate.loader.plan.build.internal.spaces.EntityQuerySpaceImpl@1c838432]
14:11:16.065 [Test worker] DEBUG o.h.p.w.spi.MetamodelGraphWalker - Visiting attribute path : notification
14:11:16.065 [Test worker] DEBUG o.h.p.w.spi.MetamodelGraphWalker - Visiting attribute path : number_of_enpoints
14:11:16.065 [Test worker] DEBUG o.h.p.w.spi.MetamodelGraphWalker - Visiting attribute path : parent_ns
14:11:16.065 [Test worker] DEBUG o.h.p.w.spi.MetamodelGraphWalker - Visiting attribute path : qos
14:11:16.065 [Test worker] DEBUG o.h.p.w.spi.MetamodelGraphWalker - Visiting attribute path : root_requirement
14:11:16.065 [Test worker] DEBUG o.h.p.w.spi.MetamodelGraphWalker - Visiting attribute path : status
14:11:16.065 [Test worker] DEBUG o.h.p.w.spi.MetamodelGraphWalker - Visiting attribute path : test_access
14:11:16.065 [Test worker] DEBUG o.h.p.w.spi.MetamodelGraphWalker - Visiting attribute path : vendor
14:11:16.065 [Test worker] DEBUG o.h.p.w.spi.MetamodelGraphWalker - Visiting attribute path : version
14:11:16.065 [Test worker] DEBUG o.h.p.w.spi.MetamodelGraphWalker - Visiting attribute path : vim_id
14:11:16.065 [Test worker] DEBUG o.h.p.w.spi.MetamodelGraphWalker - Visiting attribute path : vnffgr_reference
14:11:16.065 [Test worker] DEBUG o.h.l.p.b.i.spaces.QuerySpacesImpl - Adding QuerySpace : uid = <gen:3> -> org.hibernate.loader.plan.build.internal.spaces.CollectionQuerySpaceImpl@7e5bfd3d]
14:11:16.065 [Test worker] DEBUG o.h.l.p.b.i.spaces.QuerySpacesImpl - Adding QuerySpace : uid = <gen:4> -> org.hibernate.loader.plan.build.internal.spaces.EntityQuerySpaceImpl@494ef09a]
14:11:16.065 [Test worker] DEBUG o.h.l.p.b.i.FetchStyleLoadPlanBuildingAssociationVisitationStrategy - Building LoadPlan...
14:11:16.066 [Test worker] DEBUG o.h.l.p.e.i.LoadQueryJoinAndFetchProcessor - processing queryspace <gen:0>
14:11:16.066 [Test worker] DEBUG o.h.l.p.b.spi.LoadPlanTreePrinter - LoadPlan(entity=org.project.neutrino.nfvo.catalogue.mano.record.VirtualLinkRecord)
    - Returns
       - EntityReturnImpl(entity=org.project.neutrino.nfvo.catalogue.mano.record.VirtualLinkRecord, querySpaceUid=<gen:0>, path=org.project.neutrino.nfvo.catalogue.mano.record.VirtualLinkRecord)
          - CollectionAttributeFetchImpl(collection=org.project.neutrino.nfvo.catalogue.mano.record.VirtualLinkRecord.lifecycle_event_history, querySpaceUid=<gen:1>, path=org.project.neutrino.nfvo.catalogue.mano.record.VirtualLinkRecord.lifecycle_event_history)
             - (collection element) CollectionFetchableElementEntityGraph(entity=org.project.neutrino.nfvo.catalogue.mano.common.LifecycleEvent, querySpaceUid=<gen:2>, path=org.project.neutrino.nfvo.catalogue.mano.record.VirtualLinkRecord.lifecycle_event_history.<elements>)
          - CollectionAttributeFetchImpl(collection=org.project.neutrino.nfvo.catalogue.mano.record.VirtualLinkRecord.vnffgr_reference, querySpaceUid=<gen:3>, path=org.project.neutrino.nfvo.catalogue.mano.record.VirtualLinkRecord.vnffgr_reference)
             - (collection element) CollectionFetchableElementEntityGraph(entity=org.project.neutrino.nfvo.catalogue.mano.record.VNFForwardingGraphRecord, querySpaceUid=<gen:4>, path=org.project.neutrino.nfvo.catalogue.mano.record.VirtualLinkRecord.vnffgr_reference.<elements>)
    - QuerySpaces
       - EntityQuerySpaceImpl(uid=<gen:0>, entity=org.project.neutrino.nfvo.catalogue.mano.record.VirtualLinkRecord)
          - SQL table alias mapping - virtuallin0_
          - alias suffix - 0_
          - suffixed key columns - {id1_54_0_}

14:11:16.066 [Test worker] DEBUG o.h.loader.entity.plan.EntityLoader - Static select for entity org.project.neutrino.nfvo.catalogue.mano.record.VirtualLinkRecord [UPGRADE_SKIPLOCKED]: select virtuallin0_.id as id1_54_0_, virtuallin0_.connectivity_type as connecti2_54_0_, virtuallin0_.descriptor_reference as descript3_54_0_, virtuallin0_.leaf_requirement as leaf_req4_54_0_, virtuallin0_.number_of_enpoints as number_o5_54_0_, virtuallin0_.parent_ns as parent_n6_54_0_, virtuallin0_.root_requirement as root_req7_54_0_, virtuallin0_.status as status8_54_0_, virtuallin0_.test_access as test_acc9_54_0_, virtuallin0_.vendor as vendor10_54_0_, virtuallin0_.version as version11_54_0_, virtuallin0_.vim_id as vim_id12_54_0_ from virtual_link_record virtuallin0_ where virtuallin0_.id=? for update
14:11:16.066 [Test worker] DEBUG o.h.l.p.b.i.spaces.QuerySpacesImpl - Adding QuerySpace : uid = <gen:0> -> org.hibernate.loader.plan.build.internal.spaces.EntityQuerySpaceImpl@5d96340f]
14:11:16.066 [Test worker] DEBUG o.h.p.w.spi.MetamodelGraphWalker - Visiting attribute path : allocated_capacity
14:11:16.066 [Test worker] DEBUG o.h.p.w.spi.MetamodelGraphWalker - Visiting attribute path : audit_log
14:11:16.066 [Test worker] DEBUG o.h.p.w.spi.MetamodelGraphWalker - Visiting attribute path : connection
14:11:16.066 [Test worker] DEBUG o.h.p.w.spi.MetamodelGraphWalker - Visiting attribute path : connectivity_type
14:11:16.066 [Test worker] DEBUG o.h.p.w.spi.MetamodelGraphWalker - Visiting attribute path : descriptor_reference
14:11:16.066 [Test worker] DEBUG o.h.p.w.spi.MetamodelGraphWalker - Visiting attribute path : leaf_requirement
14:11:16.066 [Test worker] DEBUG o.h.p.w.spi.MetamodelGraphWalker - Visiting attribute path : lifecycle_event_history
14:11:16.066 [Test worker] DEBUG o.h.l.p.b.i.spaces.QuerySpacesImpl - Adding QuerySpace : uid = <gen:1> -> org.hibernate.loader.plan.build.internal.spaces.CollectionQuerySpaceImpl@230bd0d8]
14:11:16.066 [Test worker] DEBUG o.h.l.p.b.i.spaces.QuerySpacesImpl - Adding QuerySpace : uid = <gen:2> -> org.hibernate.loader.plan.build.internal.spaces.EntityQuerySpaceImpl@5cbc26e1]
14:11:16.066 [Test worker] DEBUG o.h.p.w.spi.MetamodelGraphWalker - Visiting attribute path : notification
14:11:16.066 [Test worker] DEBUG o.h.p.w.spi.MetamodelGraphWalker - Visiting attribute path : number_of_enpoints
14:11:16.066 [Test worker] DEBUG o.h.p.w.spi.MetamodelGraphWalker - Visiting attribute path : parent_ns
14:11:16.066 [Test worker] DEBUG o.h.p.w.spi.MetamodelGraphWalker - Visiting attribute path : qos
14:11:16.067 [Test worker] DEBUG o.h.p.w.spi.MetamodelGraphWalker - Visiting attribute path : root_requirement
14:11:16.067 [Test worker] DEBUG o.h.p.w.spi.MetamodelGraphWalker - Visiting attribute path : status
14:11:16.067 [Test worker] DEBUG o.h.p.w.spi.MetamodelGraphWalker - Visiting attribute path : test_access
14:11:16.067 [Test worker] DEBUG o.h.p.w.spi.MetamodelGraphWalker - Visiting attribute path : vendor
14:11:16.067 [Test worker] DEBUG o.h.p.w.spi.MetamodelGraphWalker - Visiting attribute path : version
14:11:16.067 [Test worker] DEBUG o.h.p.w.spi.MetamodelGraphWalker - Visiting attribute path : vim_id
14:11:16.067 [Test worker] DEBUG o.h.p.w.spi.MetamodelGraphWalker - Visiting attribute path : vnffgr_reference
14:11:16.067 [Test worker] DEBUG o.h.l.p.b.i.spaces.QuerySpacesImpl - Adding QuerySpace : uid = <gen:3> -> org.hibernate.loader.plan.build.internal.spaces.CollectionQuerySpaceImpl@449cad57]
14:11:16.067 [Test worker] DEBUG o.h.l.p.b.i.spaces.QuerySpacesImpl - Adding QuerySpace : uid = <gen:4> -> org.hibernate.loader.plan.build.internal.spaces.EntityQuerySpaceImpl@a384df2]
14:11:16.067 [Test worker] DEBUG o.h.l.p.b.i.FetchStyleLoadPlanBuildingAssociationVisitationStrategy - Building LoadPlan...
14:11:16.067 [Test worker] DEBUG o.h.l.p.e.i.LoadQueryJoinAndFetchProcessor - processing queryspace <gen:0>
14:11:16.067 [Test worker] DEBUG o.h.l.p.b.spi.LoadPlanTreePrinter - LoadPlan(entity=org.project.neutrino.nfvo.catalogue.mano.record.VirtualLinkRecord)
    - Returns
       - EntityReturnImpl(entity=org.project.neutrino.nfvo.catalogue.mano.record.VirtualLinkRecord, querySpaceUid=<gen:0>, path=org.project.neutrino.nfvo.catalogue.mano.record.VirtualLinkRecord)
          - CollectionAttributeFetchImpl(collection=org.project.neutrino.nfvo.catalogue.mano.record.VirtualLinkRecord.lifecycle_event_history, querySpaceUid=<gen:1>, path=org.project.neutrino.nfvo.catalogue.mano.record.VirtualLinkRecord.lifecycle_event_history)
             - (collection element) CollectionFetchableElementEntityGraph(entity=org.project.neutrino.nfvo.catalogue.mano.common.LifecycleEvent, querySpaceUid=<gen:2>, path=org.project.neutrino.nfvo.catalogue.mano.record.VirtualLinkRecord.lifecycle_event_history.<elements>)
          - CollectionAttributeFetchImpl(collection=org.project.neutrino.nfvo.catalogue.mano.record.VirtualLinkRecord.vnffgr_reference, querySpaceUid=<gen:3>, path=org.project.neutrino.nfvo.catalogue.mano.record.VirtualLinkRecord.vnffgr_reference)
             - (collection element) CollectionFetchableElementEntityGraph(entity=org.project.neutrino.nfvo.catalogue.mano.record.VNFForwardingGraphRecord, querySpaceUid=<gen:4>, path=org.project.neutrino.nfvo.catalogue.mano.record.VirtualLinkRecord.vnffgr_reference.<elements>)
    - QuerySpaces
       - EntityQuerySpaceImpl(uid=<gen:0>, entity=org.project.neutrino.nfvo.catalogue.mano.record.VirtualLinkRecord)
          - SQL table alias mapping - virtuallin0_
          - alias suffix - 0_
          - suffixed key columns - {id1_54_0_}

14:11:16.068 [Test worker] DEBUG o.h.loader.entity.plan.EntityLoader - Static select for entity org.project.neutrino.nfvo.catalogue.mano.record.VirtualLinkRecord [FORCE]: select virtuallin0_.id as id1_54_0_, virtuallin0_.connectivity_type as connecti2_54_0_, virtuallin0_.descriptor_reference as descript3_54_0_, virtuallin0_.leaf_requirement as leaf_req4_54_0_, virtuallin0_.number_of_enpoints as number_o5_54_0_, virtuallin0_.parent_ns as parent_n6_54_0_, virtuallin0_.root_requirement as root_req7_54_0_, virtuallin0_.status as status8_54_0_, virtuallin0_.test_access as test_acc9_54_0_, virtuallin0_.vendor as vendor10_54_0_, virtuallin0_.version as version11_54_0_, virtuallin0_.vim_id as vim_id12_54_0_ from virtual_link_record virtuallin0_ where virtuallin0_.id=? for update
14:11:16.068 [Test worker] DEBUG o.h.l.p.b.i.spaces.QuerySpacesImpl - Adding QuerySpace : uid = <gen:0> -> org.hibernate.loader.plan.build.internal.spaces.EntityQuerySpaceImpl@7685501b]
14:11:16.068 [Test worker] DEBUG o.h.p.w.spi.MetamodelGraphWalker - Visiting attribute path : allocated_capacity
14:11:16.068 [Test worker] DEBUG o.h.p.w.spi.MetamodelGraphWalker - Visiting attribute path : audit_log
14:11:16.068 [Test worker] DEBUG o.h.p.w.spi.MetamodelGraphWalker - Visiting attribute path : connection
14:11:16.068 [Test worker] DEBUG o.h.p.w.spi.MetamodelGraphWalker - Visiting attribute path : connectivity_type
14:11:16.068 [Test worker] DEBUG o.h.p.w.spi.MetamodelGraphWalker - Visiting attribute path : descriptor_reference
14:11:16.068 [Test worker] DEBUG o.h.p.w.spi.MetamodelGraphWalker - Visiting attribute path : leaf_requirement
14:11:16.068 [Test worker] DEBUG o.h.p.w.spi.MetamodelGraphWalker - Visiting attribute path : lifecycle_event_history
14:11:16.068 [Test worker] DEBUG o.h.l.p.b.i.spaces.QuerySpacesImpl - Adding QuerySpace : uid = <gen:1> -> org.hibernate.loader.plan.build.internal.spaces.CollectionQuerySpaceImpl@7dcf8ee3]
14:11:16.068 [Test worker] DEBUG o.h.l.p.b.i.spaces.QuerySpacesImpl - Adding QuerySpace : uid = <gen:2> -> org.hibernate.loader.plan.build.internal.spaces.EntityQuerySpaceImpl@45ae199c]
14:11:16.068 [Test worker] DEBUG o.h.p.w.spi.MetamodelGraphWalker - Visiting attribute path : notification
14:11:16.068 [Test worker] DEBUG o.h.p.w.spi.MetamodelGraphWalker - Visiting attribute path : number_of_enpoints
14:11:16.068 [Test worker] DEBUG o.h.p.w.spi.MetamodelGraphWalker - Visiting attribute path : parent_ns
14:11:16.068 [Test worker] DEBUG o.h.p.w.spi.MetamodelGraphWalker - Visiting attribute path : qos
14:11:16.068 [Test worker] DEBUG o.h.p.w.spi.MetamodelGraphWalker - Visiting attribute path : root_requirement
14:11:16.068 [Test worker] DEBUG o.h.p.w.spi.MetamodelGraphWalker - Visiting attribute path : status
14:11:16.068 [Test worker] DEBUG o.h.p.w.spi.MetamodelGraphWalker - Visiting attribute path : test_access
14:11:16.068 [Test worker] DEBUG o.h.p.w.spi.MetamodelGraphWalker - Visiting attribute path : vendor
14:11:16.068 [Test worker] DEBUG o.h.p.w.spi.MetamodelGraphWalker - Visiting attribute path : version
14:11:16.068 [Test worker] DEBUG o.h.p.w.spi.MetamodelGraphWalker - Visiting attribute path : vim_id
14:11:16.068 [Test worker] DEBUG o.h.p.w.spi.MetamodelGraphWalker - Visiting attribute path : vnffgr_reference
14:11:16.069 [Test worker] DEBUG o.h.l.p.b.i.spaces.QuerySpacesImpl - Adding QuerySpace : uid = <gen:3> -> org.hibernate.loader.plan.build.internal.spaces.CollectionQuerySpaceImpl@29137481]
14:11:16.069 [Test worker] DEBUG o.h.l.p.b.i.spaces.QuerySpacesImpl - Adding QuerySpace : uid = <gen:4> -> org.hibernate.loader.plan.build.internal.spaces.EntityQuerySpaceImpl@3c45d638]
14:11:16.069 [Test worker] DEBUG o.h.l.p.b.i.FetchStyleLoadPlanBuildingAssociationVisitationStrategy - Building LoadPlan...
14:11:16.069 [Test worker] DEBUG o.h.l.p.e.i.LoadQueryJoinAndFetchProcessor - processing queryspace <gen:0>
14:11:16.069 [Test worker] DEBUG o.h.l.p.b.spi.LoadPlanTreePrinter - LoadPlan(entity=org.project.neutrino.nfvo.catalogue.mano.record.VirtualLinkRecord)
    - Returns
       - EntityReturnImpl(entity=org.project.neutrino.nfvo.catalogue.mano.record.VirtualLinkRecord, querySpaceUid=<gen:0>, path=org.project.neutrino.nfvo.catalogue.mano.record.VirtualLinkRecord)
          - CollectionAttributeFetchImpl(collection=org.project.neutrino.nfvo.catalogue.mano.record.VirtualLinkRecord.lifecycle_event_history, querySpaceUid=<gen:1>, path=org.project.neutrino.nfvo.catalogue.mano.record.VirtualLinkRecord.lifecycle_event_history)
             - (collection element) CollectionFetchableElementEntityGraph(entity=org.project.neutrino.nfvo.catalogue.mano.common.LifecycleEvent, querySpaceUid=<gen:2>, path=org.project.neutrino.nfvo.catalogue.mano.record.VirtualLinkRecord.lifecycle_event_history.<elements>)
          - CollectionAttributeFetchImpl(collection=org.project.neutrino.nfvo.catalogue.mano.record.VirtualLinkRecord.vnffgr_reference, querySpaceUid=<gen:3>, path=org.project.neutrino.nfvo.catalogue.mano.record.VirtualLinkRecord.vnffgr_reference)
             - (collection element) CollectionFetchableElementEntityGraph(entity=org.project.neutrino.nfvo.catalogue.mano.record.VNFForwardingGraphRecord, querySpaceUid=<gen:4>, path=org.project.neutrino.nfvo.catalogue.mano.record.VirtualLinkRecord.vnffgr_reference.<elements>)
    - QuerySpaces
       - EntityQuerySpaceImpl(uid=<gen:0>, entity=org.project.neutrino.nfvo.catalogue.mano.record.VirtualLinkRecord)
          - SQL table alias mapping - virtuallin0_
          - alias suffix - 0_
          - suffixed key columns - {id1_54_0_}

14:11:16.069 [Test worker] DEBUG o.h.loader.entity.plan.EntityLoader - Static select for entity org.project.neutrino.nfvo.catalogue.mano.record.VirtualLinkRecord [PESSIMISTIC_READ]: select virtuallin0_.id as id1_54_0_, virtuallin0_.connectivity_type as connecti2_54_0_, virtuallin0_.descriptor_reference as descript3_54_0_, virtuallin0_.leaf_requirement as leaf_req4_54_0_, virtuallin0_.number_of_enpoints as number_o5_54_0_, virtuallin0_.parent_ns as parent_n6_54_0_, virtuallin0_.root_requirement as root_req7_54_0_, virtuallin0_.status as status8_54_0_, virtuallin0_.test_access as test_acc9_54_0_, virtuallin0_.vendor as vendor10_54_0_, virtuallin0_.version as version11_54_0_, virtuallin0_.vim_id as vim_id12_54_0_ from virtual_link_record virtuallin0_ where virtuallin0_.id=? lock in share mode
14:11:16.069 [Test worker] DEBUG o.h.l.p.b.i.spaces.QuerySpacesImpl - Adding QuerySpace : uid = <gen:0> -> org.hibernate.loader.plan.build.internal.spaces.EntityQuerySpaceImpl@cf31572]
14:11:16.069 [Test worker] DEBUG o.h.p.w.spi.MetamodelGraphWalker - Visiting attribute path : allocated_capacity
14:11:16.069 [Test worker] DEBUG o.h.p.w.spi.MetamodelGraphWalker - Visiting attribute path : audit_log
14:11:16.069 [Test worker] DEBUG o.h.p.w.spi.MetamodelGraphWalker - Visiting attribute path : connection
14:11:16.069 [Test worker] DEBUG o.h.p.w.spi.MetamodelGraphWalker - Visiting attribute path : connectivity_type
14:11:16.069 [Test worker] DEBUG o.h.p.w.spi.MetamodelGraphWalker - Visiting attribute path : descriptor_reference
14:11:16.069 [Test worker] DEBUG o.h.p.w.spi.MetamodelGraphWalker - Visiting attribute path : leaf_requirement
14:11:16.069 [Test worker] DEBUG o.h.p.w.spi.MetamodelGraphWalker - Visiting attribute path : lifecycle_event_history
14:11:16.069 [Test worker] DEBUG o.h.l.p.b.i.spaces.QuerySpacesImpl - Adding QuerySpace : uid = <gen:1> -> org.hibernate.loader.plan.build.internal.spaces.CollectionQuerySpaceImpl@52b3135e]
14:11:16.069 [Test worker] DEBUG o.h.l.p.b.i.spaces.QuerySpacesImpl - Adding QuerySpace : uid = <gen:2> -> org.hibernate.loader.plan.build.internal.spaces.EntityQuerySpaceImpl@6abcaabc]
14:11:16.069 [Test worker] DEBUG o.h.p.w.spi.MetamodelGraphWalker - Visiting attribute path : notification
14:11:16.070 [Test worker] DEBUG o.h.p.w.spi.MetamodelGraphWalker - Visiting attribute path : number_of_enpoints
14:11:16.070 [Test worker] DEBUG o.h.p.w.spi.MetamodelGraphWalker - Visiting attribute path : parent_ns
14:11:16.070 [Test worker] DEBUG o.h.p.w.spi.MetamodelGraphWalker - Visiting attribute path : qos
14:11:16.070 [Test worker] DEBUG o.h.p.w.spi.MetamodelGraphWalker - Visiting attribute path : root_requirement
14:11:16.070 [Test worker] DEBUG o.h.p.w.spi.MetamodelGraphWalker - Visiting attribute path : status
14:11:16.070 [Test worker] DEBUG o.h.p.w.spi.MetamodelGraphWalker - Visiting attribute path : test_access
14:11:16.070 [Test worker] DEBUG o.h.p.w.spi.MetamodelGraphWalker - Visiting attribute path : vendor
14:11:16.070 [Test worker] DEBUG o.h.p.w.spi.MetamodelGraphWalker - Visiting attribute path : version
14:11:16.070 [Test worker] DEBUG o.h.p.w.spi.MetamodelGraphWalker - Visiting attribute path : vim_id
14:11:16.070 [Test worker] DEBUG o.h.p.w.spi.MetamodelGraphWalker - Visiting attribute path : vnffgr_reference
14:11:16.070 [Test worker] DEBUG o.h.l.p.b.i.spaces.QuerySpacesImpl - Adding QuerySpace : uid = <gen:3> -> org.hibernate.loader.plan.build.internal.spaces.CollectionQuerySpaceImpl@86d5363]
14:11:16.070 [Test worker] DEBUG o.h.l.p.b.i.spaces.QuerySpacesImpl - Adding QuerySpace : uid = <gen:4> -> org.hibernate.loader.plan.build.internal.spaces.EntityQuerySpaceImpl@417d8ce7]
14:11:16.070 [Test worker] DEBUG o.h.l.p.b.i.FetchStyleLoadPlanBuildingAssociationVisitationStrategy - Building LoadPlan...
14:11:16.070 [Test worker] DEBUG o.h.l.p.e.i.LoadQueryJoinAndFetchProcessor - processing queryspace <gen:0>
14:11:16.070 [Test worker] DEBUG o.h.l.p.b.spi.LoadPlanTreePrinter - LoadPlan(entity=org.project.neutrino.nfvo.catalogue.mano.record.VirtualLinkRecord)
    - Returns
       - EntityReturnImpl(entity=org.project.neutrino.nfvo.catalogue.mano.record.VirtualLinkRecord, querySpaceUid=<gen:0>, path=org.project.neutrino.nfvo.catalogue.mano.record.VirtualLinkRecord)
          - CollectionAttributeFetchImpl(collection=org.project.neutrino.nfvo.catalogue.mano.record.VirtualLinkRecord.lifecycle_event_history, querySpaceUid=<gen:1>, path=org.project.neutrino.nfvo.catalogue.mano.record.VirtualLinkRecord.lifecycle_event_history)
             - (collection element) CollectionFetchableElementEntityGraph(entity=org.project.neutrino.nfvo.catalogue.mano.common.LifecycleEvent, querySpaceUid=<gen:2>, path=org.project.neutrino.nfvo.catalogue.mano.record.VirtualLinkRecord.lifecycle_event_history.<elements>)
          - CollectionAttributeFetchImpl(collection=org.project.neutrino.nfvo.catalogue.mano.record.VirtualLinkRecord.vnffgr_reference, querySpaceUid=<gen:3>, path=org.project.neutrino.nfvo.catalogue.mano.record.VirtualLinkRecord.vnffgr_reference)
             - (collection element) CollectionFetchableElementEntityGraph(entity=org.project.neutrino.nfvo.catalogue.mano.record.VNFForwardingGraphRecord, querySpaceUid=<gen:4>, path=org.project.neutrino.nfvo.catalogue.mano.record.VirtualLinkRecord.vnffgr_reference.<elements>)
    - QuerySpaces
       - EntityQuerySpaceImpl(uid=<gen:0>, entity=org.project.neutrino.nfvo.catalogue.mano.record.VirtualLinkRecord)
          - SQL table alias mapping - virtuallin0_
          - alias suffix - 0_
          - suffixed key columns - {id1_54_0_}

14:11:16.070 [Test worker] DEBUG o.h.loader.entity.plan.EntityLoader - Static select for entity org.project.neutrino.nfvo.catalogue.mano.record.VirtualLinkRecord [PESSIMISTIC_WRITE]: select virtuallin0_.id as id1_54_0_, virtuallin0_.connectivity_type as connecti2_54_0_, virtuallin0_.descriptor_reference as descript3_54_0_, virtuallin0_.leaf_requirement as leaf_req4_54_0_, virtuallin0_.number_of_enpoints as number_o5_54_0_, virtuallin0_.parent_ns as parent_n6_54_0_, virtuallin0_.root_requirement as root_req7_54_0_, virtuallin0_.status as status8_54_0_, virtuallin0_.test_access as test_acc9_54_0_, virtuallin0_.vendor as vendor10_54_0_, virtuallin0_.version as version11_54_0_, virtuallin0_.vim_id as vim_id12_54_0_ from virtual_link_record virtuallin0_ where virtuallin0_.id=? for update
14:11:16.071 [Test worker] DEBUG o.h.l.p.b.i.spaces.QuerySpacesImpl - Adding QuerySpace : uid = <gen:0> -> org.hibernate.loader.plan.build.internal.spaces.EntityQuerySpaceImpl@19adb348]
14:11:16.071 [Test worker] DEBUG o.h.p.w.spi.MetamodelGraphWalker - Visiting attribute path : allocated_capacity
14:11:16.071 [Test worker] DEBUG o.h.p.w.spi.MetamodelGraphWalker - Visiting attribute path : audit_log
14:11:16.071 [Test worker] DEBUG o.h.p.w.spi.MetamodelGraphWalker - Visiting attribute path : connection
14:11:16.071 [Test worker] DEBUG o.h.p.w.spi.MetamodelGraphWalker - Visiting attribute path : connectivity_type
14:11:16.071 [Test worker] DEBUG o.h.p.w.spi.MetamodelGraphWalker - Visiting attribute path : descriptor_reference
14:11:16.071 [Test worker] DEBUG o.h.p.w.spi.MetamodelGraphWalker - Visiting attribute path : leaf_requirement
14:11:16.071 [Test worker] DEBUG o.h.p.w.spi.MetamodelGraphWalker - Visiting attribute path : lifecycle_event_history
14:11:16.071 [Test worker] DEBUG o.h.l.p.b.i.spaces.QuerySpacesImpl - Adding QuerySpace : uid = <gen:1> -> org.hibernate.loader.plan.build.internal.spaces.CollectionQuerySpaceImpl@68b4c76b]
14:11:16.071 [Test worker] DEBUG o.h.l.p.b.i.spaces.QuerySpacesImpl - Adding QuerySpace : uid = <gen:2> -> org.hibernate.loader.plan.build.internal.spaces.EntityQuerySpaceImpl@34907781]
14:11:16.071 [Test worker] DEBUG o.h.p.w.spi.MetamodelGraphWalker - Visiting attribute path : notification
14:11:16.071 [Test worker] DEBUG o.h.p.w.spi.MetamodelGraphWalker - Visiting attribute path : number_of_enpoints
14:11:16.071 [Test worker] DEBUG o.h.p.w.spi.MetamodelGraphWalker - Visiting attribute path : parent_ns
14:11:16.071 [Test worker] DEBUG o.h.p.w.spi.MetamodelGraphWalker - Visiting attribute path : qos
14:11:16.071 [Test worker] DEBUG o.h.p.w.spi.MetamodelGraphWalker - Visiting attribute path : root_requirement
14:11:16.071 [Test worker] DEBUG o.h.p.w.spi.MetamodelGraphWalker - Visiting attribute path : status
14:11:16.071 [Test worker] DEBUG o.h.p.w.spi.MetamodelGraphWalker - Visiting attribute path : test_access
14:11:16.071 [Test worker] DEBUG o.h.p.w.spi.MetamodelGraphWalker - Visiting attribute path : vendor
14:11:16.071 [Test worker] DEBUG o.h.p.w.spi.MetamodelGraphWalker - Visiting attribute path : version
14:11:16.071 [Test worker] DEBUG o.h.p.w.spi.MetamodelGraphWalker - Visiting attribute path : vim_id
14:11:16.071 [Test worker] DEBUG o.h.p.w.spi.MetamodelGraphWalker - Visiting attribute path : vnffgr_reference
14:11:16.071 [Test worker] DEBUG o.h.l.p.b.i.spaces.QuerySpacesImpl - Adding QuerySpace : uid = <gen:3> -> org.hibernate.loader.plan.build.internal.spaces.CollectionQuerySpaceImpl@7895d11c]
14:11:16.072 [Test worker] DEBUG o.h.l.p.b.i.spaces.QuerySpacesImpl - Adding QuerySpace : uid = <gen:4> -> org.hibernate.loader.plan.build.internal.spaces.EntityQuerySpaceImpl@33d3c31d]
14:11:16.072 [Test worker] DEBUG o.h.l.p.b.i.FetchStyleLoadPlanBuildingAssociationVisitationStrategy - Building LoadPlan...
14:11:16.072 [Test worker] DEBUG o.h.l.p.e.i.LoadQueryJoinAndFetchProcessor - processing queryspace <gen:0>
14:11:16.072 [Test worker] DEBUG o.h.l.p.b.spi.LoadPlanTreePrinter - LoadPlan(entity=org.project.neutrino.nfvo.catalogue.mano.record.VirtualLinkRecord)
    - Returns
       - EntityReturnImpl(entity=org.project.neutrino.nfvo.catalogue.mano.record.VirtualLinkRecord, querySpaceUid=<gen:0>, path=org.project.neutrino.nfvo.catalogue.mano.record.VirtualLinkRecord)
          - CollectionAttributeFetchImpl(collection=org.project.neutrino.nfvo.catalogue.mano.record.VirtualLinkRecord.lifecycle_event_history, querySpaceUid=<gen:1>, path=org.project.neutrino.nfvo.catalogue.mano.record.VirtualLinkRecord.lifecycle_event_history)
             - (collection element) CollectionFetchableElementEntityGraph(entity=org.project.neutrino.nfvo.catalogue.mano.common.LifecycleEvent, querySpaceUid=<gen:2>, path=org.project.neutrino.nfvo.catalogue.mano.record.VirtualLinkRecord.lifecycle_event_history.<elements>)
          - CollectionAttributeFetchImpl(collection=org.project.neutrino.nfvo.catalogue.mano.record.VirtualLinkRecord.vnffgr_reference, querySpaceUid=<gen:3>, path=org.project.neutrino.nfvo.catalogue.mano.record.VirtualLinkRecord.vnffgr_reference)
             - (collection element) CollectionFetchableElementEntityGraph(entity=org.project.neutrino.nfvo.catalogue.mano.record.VNFForwardingGraphRecord, querySpaceUid=<gen:4>, path=org.project.neutrino.nfvo.catalogue.mano.record.VirtualLinkRecord.vnffgr_reference.<elements>)
    - QuerySpaces
       - EntityQuerySpaceImpl(uid=<gen:0>, entity=org.project.neutrino.nfvo.catalogue.mano.record.VirtualLinkRecord)
          - SQL table alias mapping - virtuallin0_
          - alias suffix - 0_
          - suffixed key columns - {id1_54_0_}

14:11:16.072 [Test worker] DEBUG o.h.loader.entity.plan.EntityLoader - Static select for entity org.project.neutrino.nfvo.catalogue.mano.record.VirtualLinkRecord [PESSIMISTIC_FORCE_INCREMENT]: select virtuallin0_.id as id1_54_0_, virtuallin0_.connectivity_type as connecti2_54_0_, virtuallin0_.descriptor_reference as descript3_54_0_, virtuallin0_.leaf_requirement as leaf_req4_54_0_, virtuallin0_.number_of_enpoints as number_o5_54_0_, virtuallin0_.parent_ns as parent_n6_54_0_, virtuallin0_.root_requirement as root_req7_54_0_, virtuallin0_.status as status8_54_0_, virtuallin0_.test_access as test_acc9_54_0_, virtuallin0_.vendor as vendor10_54_0_, virtuallin0_.version as version11_54_0_, virtuallin0_.vim_id as vim_id12_54_0_ from virtual_link_record virtuallin0_ where virtuallin0_.id=? for update
14:11:16.072 [Test worker] DEBUG o.h.l.p.b.i.spaces.QuerySpacesImpl - Adding QuerySpace : uid = <gen:0> -> org.hibernate.loader.plan.build.internal.spaces.EntityQuerySpaceImpl@13aebf80]
14:11:16.072 [Test worker] DEBUG o.h.p.w.spi.MetamodelGraphWalker - Visiting attribute path : allocated_capacity
14:11:16.072 [Test worker] DEBUG o.h.p.w.spi.MetamodelGraphWalker - Visiting attribute path : audit_log
14:11:16.072 [Test worker] DEBUG o.h.p.w.spi.MetamodelGraphWalker - Visiting attribute path : connection
14:11:16.072 [Test worker] DEBUG o.h.p.w.spi.MetamodelGraphWalker - Visiting attribute path : connectivity_type
14:11:16.072 [Test worker] DEBUG o.h.p.w.spi.MetamodelGraphWalker - Visiting attribute path : descriptor_reference
14:11:16.072 [Test worker] DEBUG o.h.p.w.spi.MetamodelGraphWalker - Visiting attribute path : leaf_requirement
14:11:16.072 [Test worker] DEBUG o.h.p.w.spi.MetamodelGraphWalker - Visiting attribute path : lifecycle_event_history
14:11:16.072 [Test worker] DEBUG o.h.l.p.b.i.spaces.QuerySpacesImpl - Adding QuerySpace : uid = <gen:1> -> org.hibernate.loader.plan.build.internal.spaces.CollectionQuerySpaceImpl@367c10a8]
14:11:16.072 [Test worker] DEBUG o.h.l.p.b.i.spaces.QuerySpacesImpl - Adding QuerySpace : uid = <gen:2> -> org.hibernate.loader.plan.build.internal.spaces.EntityQuerySpaceImpl@b29a18a]
14:11:16.073 [Test worker] DEBUG o.h.p.w.spi.MetamodelGraphWalker - Visiting attribute path : notification
14:11:16.073 [Test worker] DEBUG o.h.p.w.spi.MetamodelGraphWalker - Visiting attribute path : number_of_enpoints
14:11:16.073 [Test worker] DEBUG o.h.p.w.spi.MetamodelGraphWalker - Visiting attribute path : parent_ns
14:11:16.073 [Test worker] DEBUG o.h.p.w.spi.MetamodelGraphWalker - Visiting attribute path : qos
14:11:16.073 [Test worker] DEBUG o.h.p.w.spi.MetamodelGraphWalker - Visiting attribute path : root_requirement
14:11:16.073 [Test worker] DEBUG o.h.p.w.spi.MetamodelGraphWalker - Visiting attribute path : status
14:11:16.073 [Test worker] DEBUG o.h.p.w.spi.MetamodelGraphWalker - Visiting attribute path : test_access
14:11:16.073 [Test worker] DEBUG o.h.p.w.spi.MetamodelGraphWalker - Visiting attribute path : vendor
14:11:16.073 [Test worker] DEBUG o.h.p.w.spi.MetamodelGraphWalker - Visiting attribute path : version
14:11:16.073 [Test worker] DEBUG o.h.p.w.spi.MetamodelGraphWalker - Visiting attribute path : vim_id
14:11:16.073 [Test worker] DEBUG o.h.p.w.spi.MetamodelGraphWalker - Visiting attribute path : vnffgr_reference
14:11:16.073 [Test worker] DEBUG o.h.l.p.b.i.spaces.QuerySpacesImpl - Adding QuerySpace : uid = <gen:3> -> org.hibernate.loader.plan.build.internal.spaces.CollectionQuerySpaceImpl@5a2c70bf]
14:11:16.073 [Test worker] DEBUG o.h.l.p.b.i.spaces.QuerySpacesImpl - Adding QuerySpace : uid = <gen:4> -> org.hibernate.loader.plan.build.internal.spaces.EntityQuerySpaceImpl@1b9e39d9]
14:11:16.073 [Test worker] DEBUG o.h.l.p.b.i.FetchStyleLoadPlanBuildingAssociationVisitationStrategy - Building LoadPlan...
14:11:16.073 [Test worker] DEBUG o.h.l.p.e.i.LoadQueryJoinAndFetchProcessor - processing queryspace <gen:0>
14:11:16.073 [Test worker] DEBUG o.h.l.p.b.spi.LoadPlanTreePrinter - LoadPlan(entity=org.project.neutrino.nfvo.catalogue.mano.record.VirtualLinkRecord)
    - Returns
       - EntityReturnImpl(entity=org.project.neutrino.nfvo.catalogue.mano.record.VirtualLinkRecord, querySpaceUid=<gen:0>, path=org.project.neutrino.nfvo.catalogue.mano.record.VirtualLinkRecord)
          - CollectionAttributeFetchImpl(collection=org.project.neutrino.nfvo.catalogue.mano.record.VirtualLinkRecord.lifecycle_event_history, querySpaceUid=<gen:1>, path=org.project.neutrino.nfvo.catalogue.mano.record.VirtualLinkRecord.lifecycle_event_history)
             - (collection element) CollectionFetchableElementEntityGraph(entity=org.project.neutrino.nfvo.catalogue.mano.common.LifecycleEvent, querySpaceUid=<gen:2>, path=org.project.neutrino.nfvo.catalogue.mano.record.VirtualLinkRecord.lifecycle_event_history.<elements>)
          - CollectionAttributeFetchImpl(collection=org.project.neutrino.nfvo.catalogue.mano.record.VirtualLinkRecord.vnffgr_reference, querySpaceUid=<gen:3>, path=org.project.neutrino.nfvo.catalogue.mano.record.VirtualLinkRecord.vnffgr_reference)
             - (collection element) CollectionFetchableElementEntityGraph(entity=org.project.neutrino.nfvo.catalogue.mano.record.VNFForwardingGraphRecord, querySpaceUid=<gen:4>, path=org.project.neutrino.nfvo.catalogue.mano.record.VirtualLinkRecord.vnffgr_reference.<elements>)
    - QuerySpaces
       - EntityQuerySpaceImpl(uid=<gen:0>, entity=org.project.neutrino.nfvo.catalogue.mano.record.VirtualLinkRecord)
          - SQL table alias mapping - virtuallin0_
          - alias suffix - 0_
          - suffixed key columns - {id1_54_0_}

14:11:16.073 [Test worker] DEBUG o.h.loader.entity.plan.EntityLoader - Static select for entity org.project.neutrino.nfvo.catalogue.mano.record.VirtualLinkRecord [OPTIMISTIC]: select virtuallin0_.id as id1_54_0_, virtuallin0_.connectivity_type as connecti2_54_0_, virtuallin0_.descriptor_reference as descript3_54_0_, virtuallin0_.leaf_requirement as leaf_req4_54_0_, virtuallin0_.number_of_enpoints as number_o5_54_0_, virtuallin0_.parent_ns as parent_n6_54_0_, virtuallin0_.root_requirement as root_req7_54_0_, virtuallin0_.status as status8_54_0_, virtuallin0_.test_access as test_acc9_54_0_, virtuallin0_.vendor as vendor10_54_0_, virtuallin0_.version as version11_54_0_, virtuallin0_.vim_id as vim_id12_54_0_ from virtual_link_record virtuallin0_ where virtuallin0_.id=?
14:11:16.073 [Test worker] DEBUG o.h.l.p.b.i.spaces.QuerySpacesImpl - Adding QuerySpace : uid = <gen:0> -> org.hibernate.loader.plan.build.internal.spaces.EntityQuerySpaceImpl@30e7e3b9]
14:11:16.073 [Test worker] DEBUG o.h.p.w.spi.MetamodelGraphWalker - Visiting attribute path : allocated_capacity
14:11:16.074 [Test worker] DEBUG o.h.p.w.spi.MetamodelGraphWalker - Visiting attribute path : audit_log
14:11:16.074 [Test worker] DEBUG o.h.p.w.spi.MetamodelGraphWalker - Visiting attribute path : connection
14:11:16.074 [Test worker] DEBUG o.h.p.w.spi.MetamodelGraphWalker - Visiting attribute path : connectivity_type
14:11:16.074 [Test worker] DEBUG o.h.p.w.spi.MetamodelGraphWalker - Visiting attribute path : descriptor_reference
14:11:16.074 [Test worker] DEBUG o.h.p.w.spi.MetamodelGraphWalker - Visiting attribute path : leaf_requirement
14:11:16.074 [Test worker] DEBUG o.h.p.w.spi.MetamodelGraphWalker - Visiting attribute path : lifecycle_event_history
14:11:16.074 [Test worker] DEBUG o.h.l.p.b.i.spaces.QuerySpacesImpl - Adding QuerySpace : uid = <gen:1> -> org.hibernate.loader.plan.build.internal.spaces.CollectionQuerySpaceImpl@6fa21d6]
14:11:16.074 [Test worker] DEBUG o.h.l.p.b.i.spaces.QuerySpacesImpl - Adding QuerySpace : uid = <gen:2> -> org.hibernate.loader.plan.build.internal.spaces.EntityQuerySpaceImpl@fc36c2e]
14:11:16.074 [Test worker] DEBUG o.h.p.w.spi.MetamodelGraphWalker - Visiting attribute path : notification
14:11:16.074 [Test worker] DEBUG o.h.p.w.spi.MetamodelGraphWalker - Visiting attribute path : number_of_enpoints
14:11:16.074 [Test worker] DEBUG o.h.p.w.spi.MetamodelGraphWalker - Visiting attribute path : parent_ns
14:11:16.074 [Test worker] DEBUG o.h.p.w.spi.MetamodelGraphWalker - Visiting attribute path : qos
14:11:16.074 [Test worker] DEBUG o.h.p.w.spi.MetamodelGraphWalker - Visiting attribute path : root_requirement
14:11:16.074 [Test worker] DEBUG o.h.p.w.spi.MetamodelGraphWalker - Visiting attribute path : status
14:11:16.074 [Test worker] DEBUG o.h.p.w.spi.MetamodelGraphWalker - Visiting attribute path : test_access
14:11:16.074 [Test worker] DEBUG o.h.p.w.spi.MetamodelGraphWalker - Visiting attribute path : vendor
14:11:16.074 [Test worker] DEBUG o.h.p.w.spi.MetamodelGraphWalker - Visiting attribute path : version
14:11:16.074 [Test worker] DEBUG o.h.p.w.spi.MetamodelGraphWalker - Visiting attribute path : vim_id
14:11:16.074 [Test worker] DEBUG o.h.p.w.spi.MetamodelGraphWalker - Visiting attribute path : vnffgr_reference
14:11:16.074 [Test worker] DEBUG o.h.l.p.b.i.spaces.QuerySpacesImpl - Adding QuerySpace : uid = <gen:3> -> org.hibernate.loader.plan.build.internal.spaces.CollectionQuerySpaceImpl@66f34817]
14:11:16.074 [Test worker] DEBUG o.h.l.p.b.i.spaces.QuerySpacesImpl - Adding QuerySpace : uid = <gen:4> -> org.hibernate.loader.plan.build.internal.spaces.EntityQuerySpaceImpl@6e0212ce]
14:11:16.074 [Test worker] DEBUG o.h.l.p.b.i.FetchStyleLoadPlanBuildingAssociationVisitationStrategy - Building LoadPlan...
14:11:16.074 [Test worker] DEBUG o.h.l.p.e.i.LoadQueryJoinAndFetchProcessor - processing queryspace <gen:0>
14:11:16.074 [Test worker] DEBUG o.h.l.p.b.spi.LoadPlanTreePrinter - LoadPlan(entity=org.project.neutrino.nfvo.catalogue.mano.record.VirtualLinkRecord)
    - Returns
       - EntityReturnImpl(entity=org.project.neutrino.nfvo.catalogue.mano.record.VirtualLinkRecord, querySpaceUid=<gen:0>, path=org.project.neutrino.nfvo.catalogue.mano.record.VirtualLinkRecord)
          - CollectionAttributeFetchImpl(collection=org.project.neutrino.nfvo.catalogue.mano.record.VirtualLinkRecord.lifecycle_event_history, querySpaceUid=<gen:1>, path=org.project.neutrino.nfvo.catalogue.mano.record.VirtualLinkRecord.lifecycle_event_history)
             - (collection element) CollectionFetchableElementEntityGraph(entity=org.project.neutrino.nfvo.catalogue.mano.common.LifecycleEvent, querySpaceUid=<gen:2>, path=org.project.neutrino.nfvo.catalogue.mano.record.VirtualLinkRecord.lifecycle_event_history.<elements>)
          - CollectionAttributeFetchImpl(collection=org.project.neutrino.nfvo.catalogue.mano.record.VirtualLinkRecord.vnffgr_reference, querySpaceUid=<gen:3>, path=org.project.neutrino.nfvo.catalogue.mano.record.VirtualLinkRecord.vnffgr_reference)
             - (collection element) CollectionFetchableElementEntityGraph(entity=org.project.neutrino.nfvo.catalogue.mano.record.VNFForwardingGraphRecord, querySpaceUid=<gen:4>, path=org.project.neutrino.nfvo.catalogue.mano.record.VirtualLinkRecord.vnffgr_reference.<elements>)
    - QuerySpaces
       - EntityQuerySpaceImpl(uid=<gen:0>, entity=org.project.neutrino.nfvo.catalogue.mano.record.VirtualLinkRecord)
          - SQL table alias mapping - virtuallin0_
          - alias suffix - 0_
          - suffixed key columns - {id1_54_0_}

14:11:16.075 [Test worker] DEBUG o.h.loader.entity.plan.EntityLoader - Static select for entity org.project.neutrino.nfvo.catalogue.mano.record.VirtualLinkRecord [OPTIMISTIC_FORCE_INCREMENT]: select virtuallin0_.id as id1_54_0_, virtuallin0_.connectivity_type as connecti2_54_0_, virtuallin0_.descriptor_reference as descript3_54_0_, virtuallin0_.leaf_requirement as leaf_req4_54_0_, virtuallin0_.number_of_enpoints as number_o5_54_0_, virtuallin0_.parent_ns as parent_n6_54_0_, virtuallin0_.root_requirement as root_req7_54_0_, virtuallin0_.status as status8_54_0_, virtuallin0_.test_access as test_acc9_54_0_, virtuallin0_.vendor as vendor10_54_0_, virtuallin0_.version as version11_54_0_, virtuallin0_.vim_id as vim_id12_54_0_ from virtual_link_record virtuallin0_ where virtuallin0_.id=?
14:11:16.075 [Test worker] DEBUG org.hibernate.loader.Loader - Static select for action ACTION_MERGE on entity org.project.neutrino.nfvo.catalogue.mano.record.VirtualLinkRecord: select virtuallin0_.id as id1_54_1_, virtuallin0_.connectivity_type as connecti2_54_1_, virtuallin0_.descriptor_reference as descript3_54_1_, virtuallin0_.leaf_requirement as leaf_req4_54_1_, virtuallin0_.number_of_enpoints as number_o5_54_1_, virtuallin0_.parent_ns as parent_n6_54_1_, virtuallin0_.root_requirement as root_req7_54_1_, virtuallin0_.status as status8_54_1_, virtuallin0_.test_access as test_acc9_54_1_, virtuallin0_.vendor as vendor10_54_1_, virtuallin0_.version as version11_54_1_, virtuallin0_.vim_id as vim_id12_54_1_, lifecycle_1_.virtual_link_record_id as virtual_1_54_3_, lifecyclee2_.id as lifecycl2_58_3_, lifecyclee2_.id as id1_10_0_, lifecyclee2_.version as version2_10_0_ from virtual_link_record virtuallin0_ left outer join virtual_link_record_lifecycle_event_history lifecycle_1_ on virtuallin0_.id=lifecycle_1_.virtual_link_record_id left outer join lifecycle_event lifecyclee2_ on lifecycle_1_.lifecycle_event_history_id=lifecyclee2_.id where virtuallin0_.id=?
14:11:16.076 [Test worker] DEBUG org.hibernate.loader.Loader - Static select for action ACTION_REFRESH on entity org.project.neutrino.nfvo.catalogue.mano.record.VirtualLinkRecord: select virtuallin0_.id as id1_54_1_, virtuallin0_.connectivity_type as connecti2_54_1_, virtuallin0_.descriptor_reference as descript3_54_1_, virtuallin0_.leaf_requirement as leaf_req4_54_1_, virtuallin0_.number_of_enpoints as number_o5_54_1_, virtuallin0_.parent_ns as parent_n6_54_1_, virtuallin0_.root_requirement as root_req7_54_1_, virtuallin0_.status as status8_54_1_, virtuallin0_.test_access as test_acc9_54_1_, virtuallin0_.vendor as vendor10_54_1_, virtuallin0_.version as version11_54_1_, virtuallin0_.vim_id as vim_id12_54_1_, lifecycle_1_.virtual_link_record_id as virtual_1_54_3_, lifecyclee2_.id as lifecycl2_58_3_, lifecyclee2_.id as id1_10_0_, lifecyclee2_.version as version2_10_0_ from virtual_link_record virtuallin0_ left outer join virtual_link_record_lifecycle_event_history lifecycle_1_ on virtuallin0_.id=lifecycle_1_.virtual_link_record_id left outer join lifecycle_event lifecyclee2_ on lifecycle_1_.lifecycle_event_history_id=lifecyclee2_.id where virtuallin0_.id=?
14:11:16.077 [Test worker] DEBUG o.h.p.entity.AbstractEntityPersister - Static SQL for entity: org.project.neutrino.nfvo.catalogue.mano.record.VNFForwardingGraphRecord
14:11:16.077 [Test worker] DEBUG o.h.p.entity.AbstractEntityPersister -  Version select: select id from vnfforwarding_graph_record where id =?
14:11:16.077 [Test worker] DEBUG o.h.p.entity.AbstractEntityPersister -  Snapshot select: select vnfforward_.id, vnfforward_.audit_log as audit_lo2_92_, vnfforward_.descriptor_reference_id as descrip10_92_, vnfforward_.network_forwarding_path_id as network11_92_, vnfforward_.number_of_endpoints as number_o3_92_, vnfforward_.number_of_pnfs as number_o4_92_, vnfforward_.number_of_virtual_links as number_o5_92_, vnfforward_.number_of_vnfs as number_o6_92_, vnfforward_.parent_ns_id as parent_12_92_, vnfforward_.status as status7_92_, vnfforward_.vendor as vendor8_92_, vnfforward_.version as version9_92_ from vnfforwarding_graph_record vnfforward_ where vnfforward_.id=?
14:11:16.077 [Test worker] DEBUG o.h.p.entity.AbstractEntityPersister -  Insert 0: insert into vnfforwarding_graph_record (audit_log, descriptor_reference_id, network_forwarding_path_id, number_of_endpoints, number_of_pnfs, number_of_virtual_links, number_of_vnfs, parent_ns_id, status, vendor, version, id) values (?, ?, ?, ?, ?, ?, ?, ?, ?, ?, ?, ?)
14:11:16.077 [Test worker] DEBUG o.h.p.entity.AbstractEntityPersister -  Update 0: update vnfforwarding_graph_record set audit_log=?, descriptor_reference_id=?, network_forwarding_path_id=?, number_of_endpoints=?, number_of_pnfs=?, number_of_virtual_links=?, number_of_vnfs=?, parent_ns_id=?, status=?, vendor=?, version=? where id=?
14:11:16.077 [Test worker] DEBUG o.h.p.entity.AbstractEntityPersister -  Delete 0: delete from vnfforwarding_graph_record where id=?
14:11:16.077 [Test worker] DEBUG o.h.l.p.b.i.spaces.QuerySpacesImpl - Adding QuerySpace : uid = <gen:0> -> org.hibernate.loader.plan.build.internal.spaces.EntityQuerySpaceImpl@4a20cace]
14:11:16.077 [Test worker] DEBUG o.h.p.w.spi.MetamodelGraphWalker - Visiting attribute path : audit_log
14:11:16.077 [Test worker] DEBUG o.h.p.w.spi.MetamodelGraphWalker - Visiting attribute path : connection_point
14:11:16.077 [Test worker] DEBUG o.h.l.p.b.i.spaces.QuerySpacesImpl - Adding QuerySpace : uid = <gen:1> -> org.hibernate.loader.plan.build.internal.spaces.CollectionQuerySpaceImpl@28c5c23d]
14:11:16.077 [Test worker] DEBUG o.h.l.p.b.i.spaces.QuerySpacesImpl - Adding QuerySpace : uid = <gen:2> -> org.hibernate.loader.plan.build.internal.spaces.EntityQuerySpaceImpl@4f5347b4]
14:11:16.077 [Test worker] DEBUG o.h.p.w.spi.MetamodelGraphWalker - Visiting attribute path : connection_point.type
14:11:16.077 [Test worker] DEBUG o.h.p.w.spi.MetamodelGraphWalker - Visiting attribute path : connection_point.version
14:11:16.077 [Test worker] DEBUG o.h.p.w.spi.MetamodelGraphWalker - Visiting attribute path : connection_point.virtual_link_reference
14:11:16.077 [Test worker] DEBUG o.h.p.w.spi.MetamodelGraphWalker - Visiting attribute path : dependent_virtual_link
14:11:16.078 [Test worker] DEBUG o.h.l.p.b.i.spaces.QuerySpacesImpl - Adding QuerySpace : uid = <gen:3> -> org.hibernate.loader.plan.build.internal.spaces.CollectionQuerySpaceImpl@2f61018a]
14:11:16.078 [Test worker] DEBUG o.h.l.p.b.i.spaces.QuerySpacesImpl - Adding QuerySpace : uid = <gen:4> -> org.hibernate.loader.plan.build.internal.spaces.EntityQuerySpaceImpl@9ac2353]
14:11:16.078 [Test worker] DEBUG o.h.p.w.spi.MetamodelGraphWalker - Visiting attribute path : dependent_virtual_link.allocated_capacity
14:11:16.078 [Test worker] DEBUG o.h.p.w.spi.MetamodelGraphWalker - Visiting attribute path : dependent_virtual_link.audit_log
14:11:16.078 [Test worker] DEBUG o.h.p.w.spi.MetamodelGraphWalker - Visiting attribute path : dependent_virtual_link.connection
14:11:16.078 [Test worker] DEBUG o.h.p.w.spi.MetamodelGraphWalker - Visiting attribute path : dependent_virtual_link.connectivity_type
14:11:16.078 [Test worker] DEBUG o.h.p.w.spi.MetamodelGraphWalker - Visiting attribute path : dependent_virtual_link.descriptor_reference
14:11:16.078 [Test worker] DEBUG o.h.p.w.spi.MetamodelGraphWalker - Visiting attribute path : dependent_virtual_link.leaf_requirement
14:11:16.078 [Test worker] DEBUG o.h.p.w.spi.MetamodelGraphWalker - Visiting attribute path : dependent_virtual_link.lifecycle_event_history
14:11:16.078 [Test worker] DEBUG o.h.l.p.b.i.spaces.QuerySpacesImpl - Adding QuerySpace : uid = <gen:5> -> org.hibernate.loader.plan.build.internal.spaces.CollectionQuerySpaceImpl@4249b103]
14:11:16.078 [Test worker] DEBUG o.h.l.p.b.i.spaces.QuerySpacesImpl - Adding QuerySpace : uid = <gen:6> -> org.hibernate.loader.plan.build.internal.spaces.EntityQuerySpaceImpl@74045df4]
14:11:16.078 [Test worker] DEBUG o.h.p.w.spi.MetamodelGraphWalker - Visiting attribute path : dependent_virtual_link.lifecycle_event_history.lifecycle_events
14:11:16.078 [Test worker] DEBUG o.h.p.w.spi.MetamodelGraphWalker - Visiting attribute path : dependent_virtual_link.lifecycle_event_history.version
14:11:16.078 [Test worker] DEBUG o.h.p.w.spi.MetamodelGraphWalker - Visiting attribute path : dependent_virtual_link.notification
14:11:16.078 [Test worker] DEBUG o.h.p.w.spi.MetamodelGraphWalker - Visiting attribute path : dependent_virtual_link.number_of_enpoints
14:11:16.078 [Test worker] DEBUG o.h.p.w.spi.MetamodelGraphWalker - Visiting attribute path : dependent_virtual_link.parent_ns
14:11:16.078 [Test worker] DEBUG o.h.p.w.spi.MetamodelGraphWalker - Visiting attribute path : dependent_virtual_link.qos
14:11:16.078 [Test worker] DEBUG o.h.p.w.spi.MetamodelGraphWalker - Visiting attribute path : dependent_virtual_link.root_requirement
14:11:16.078 [Test worker] DEBUG o.h.p.w.spi.MetamodelGraphWalker - Visiting attribute path : dependent_virtual_link.status
14:11:16.078 [Test worker] DEBUG o.h.p.w.spi.MetamodelGraphWalker - Visiting attribute path : dependent_virtual_link.test_access
14:11:16.078 [Test worker] DEBUG o.h.p.w.spi.MetamodelGraphWalker - Visiting attribute path : dependent_virtual_link.vendor
14:11:16.078 [Test worker] DEBUG o.h.p.w.spi.MetamodelGraphWalker - Visiting attribute path : dependent_virtual_link.version
14:11:16.078 [Test worker] DEBUG o.h.p.w.spi.MetamodelGraphWalker - Visiting attribute path : dependent_virtual_link.vim_id
14:11:16.078 [Test worker] DEBUG o.h.p.w.spi.MetamodelGraphWalker - Visiting attribute path : dependent_virtual_link.vnffgr_reference
14:11:16.078 [Test worker] DEBUG o.h.l.p.b.i.spaces.QuerySpacesImpl - Adding QuerySpace : uid = <gen:7> -> org.hibernate.loader.plan.build.internal.spaces.CollectionQuerySpaceImpl@47e95534]
14:11:16.078 [Test worker] DEBUG o.h.l.p.b.i.spaces.QuerySpacesImpl - Adding QuerySpace : uid = <gen:8> -> org.hibernate.loader.plan.build.internal.spaces.EntityQuerySpaceImpl@27d8edce]
14:11:16.079 [Test worker] DEBUG o.h.p.w.spi.MetamodelGraphWalker - Visiting attribute path : dependent_virtual_link.vnffgr_reference.audit_log
14:11:16.079 [Test worker] DEBUG o.h.p.w.spi.MetamodelGraphWalker - Visiting attribute path : dependent_virtual_link.vnffgr_reference.connection_point
14:11:16.079 [Test worker] DEBUG o.h.p.w.spi.MetamodelGraphWalker - Property path deemed to be circular : dependent_virtual_link.vnffgr_reference.connection_point
14:11:16.079 [Test worker] DEBUG o.h.p.w.spi.MetamodelGraphWalker - Visiting attribute path : dependent_virtual_link.vnffgr_reference.dependent_virtual_link
14:11:16.079 [Test worker] DEBUG o.h.p.w.spi.MetamodelGraphWalker - Property path deemed to be circular : dependent_virtual_link.vnffgr_reference.dependent_virtual_link
14:11:16.079 [Test worker] DEBUG o.h.p.w.spi.MetamodelGraphWalker - Visiting attribute path : dependent_virtual_link.vnffgr_reference.descriptor_reference
14:11:16.079 [Test worker] DEBUG o.h.l.p.b.i.spaces.QuerySpacesImpl - Adding QuerySpace : uid = <gen:9> -> org.hibernate.loader.plan.build.internal.spaces.EntityQuerySpaceImpl@6305dbeb]
14:11:16.079 [Test worker] DEBUG o.h.p.w.spi.MetamodelGraphWalker - Visiting attribute path : dependent_virtual_link.vnffgr_reference.lifecycle_event_history
14:11:16.079 [Test worker] DEBUG o.h.l.p.b.i.spaces.QuerySpacesImpl - Adding QuerySpace : uid = <gen:10> -> org.hibernate.loader.plan.build.internal.spaces.CollectionQuerySpaceImpl@15a95417]
14:11:16.079 [Test worker] DEBUG o.h.l.p.b.i.spaces.QuerySpacesImpl - Adding QuerySpace : uid = <gen:11> -> org.hibernate.loader.plan.build.internal.spaces.EntityQuerySpaceImpl@1fcfbd1d]
14:11:16.079 [Test worker] DEBUG o.h.p.w.spi.MetamodelGraphWalker - Visiting attribute path : dependent_virtual_link.vnffgr_reference.member_vnfs
14:11:16.079 [Test worker] DEBUG o.h.l.p.b.i.spaces.QuerySpacesImpl - Adding QuerySpace : uid = <gen:12> -> org.hibernate.loader.plan.build.internal.spaces.CollectionQuerySpaceImpl@7f88cb3b]
14:11:16.079 [Test worker] DEBUG o.h.l.p.b.i.spaces.QuerySpacesImpl - Adding QuerySpace : uid = <gen:13> -> org.hibernate.loader.plan.build.internal.spaces.EntityQuerySpaceImpl@6dd6cfe6]
14:11:16.079 [Test worker] DEBUG o.h.p.w.spi.MetamodelGraphWalker - Visiting attribute path : dependent_virtual_link.vnffgr_reference.network_forwarding_path
14:11:16.079 [Test worker] DEBUG o.h.l.p.b.i.spaces.QuerySpacesImpl - Adding QuerySpace : uid = <gen:14> -> org.hibernate.loader.plan.build.internal.spaces.EntityQuerySpaceImpl@31eb3d60]
14:11:16.079 [Test worker] DEBUG o.h.p.w.spi.MetamodelGraphWalker - Visiting attribute path : dependent_virtual_link.vnffgr_reference.notification
14:11:16.079 [Test worker] DEBUG o.h.p.w.spi.MetamodelGraphWalker - Visiting attribute path : dependent_virtual_link.vnffgr_reference.number_of_endpoints
14:11:16.079 [Test worker] DEBUG o.h.p.w.spi.MetamodelGraphWalker - Visiting attribute path : dependent_virtual_link.vnffgr_reference.number_of_pnfs
14:11:16.079 [Test worker] DEBUG o.h.p.w.spi.MetamodelGraphWalker - Visiting attribute path : dependent_virtual_link.vnffgr_reference.number_of_virtual_links
14:11:16.079 [Test worker] DEBUG o.h.p.w.spi.MetamodelGraphWalker - Visiting attribute path : dependent_virtual_link.vnffgr_reference.number_of_vnfs
14:11:16.079 [Test worker] DEBUG o.h.p.w.spi.MetamodelGraphWalker - Visiting attribute path : dependent_virtual_link.vnffgr_reference.parent_ns
14:11:16.079 [Test worker] DEBUG o.h.l.p.b.i.spaces.QuerySpacesImpl - Adding QuerySpace : uid = <gen:15> -> org.hibernate.loader.plan.build.internal.spaces.EntityQuerySpaceImpl@4b0a833a]
14:11:16.079 [Test worker] DEBUG o.h.p.w.spi.MetamodelGraphWalker - Visiting attribute path : dependent_virtual_link.vnffgr_reference.status
14:11:16.079 [Test worker] DEBUG o.h.p.w.spi.MetamodelGraphWalker - Visiting attribute path : dependent_virtual_link.vnffgr_reference.vendor
14:11:16.079 [Test worker] DEBUG o.h.p.w.spi.MetamodelGraphWalker - Visiting attribute path : dependent_virtual_link.vnffgr_reference.version
14:11:16.080 [Test worker] DEBUG o.h.p.w.spi.MetamodelGraphWalker - Visiting attribute path : descriptor_reference
14:11:16.080 [Test worker] DEBUG o.h.l.p.b.i.spaces.QuerySpacesImpl - Adding QuerySpace : uid = <gen:16> -> org.hibernate.loader.plan.build.internal.spaces.EntityQuerySpaceImpl@1f2d7b53]
14:11:16.080 [Test worker] DEBUG o.h.p.w.spi.MetamodelGraphWalker - Visiting attribute path : descriptor_reference.connection_point
14:11:16.080 [Test worker] DEBUG o.h.p.w.spi.MetamodelGraphWalker - Visiting attribute path : descriptor_reference.constituent_vnfs
14:11:16.080 [Test worker] DEBUG o.h.p.w.spi.MetamodelGraphWalker - Visiting attribute path : descriptor_reference.dependent_virtual_link
14:11:16.080 [Test worker] DEBUG o.h.p.w.spi.MetamodelGraphWalker - Visiting attribute path : descriptor_reference.descriptor_version
14:11:16.080 [Test worker] DEBUG o.h.p.w.spi.MetamodelGraphWalker - Visiting attribute path : descriptor_reference.hb_version
14:11:16.080 [Test worker] DEBUG o.h.p.w.spi.MetamodelGraphWalker - Visiting attribute path : descriptor_reference.network_forwarding_path
14:11:16.080 [Test worker] DEBUG o.h.p.w.spi.MetamodelGraphWalker - Visiting attribute path : descriptor_reference.number_of_endpoints
14:11:16.080 [Test worker] DEBUG o.h.p.w.spi.MetamodelGraphWalker - Visiting attribute path : descriptor_reference.number_of_virtual_links
14:11:16.080 [Test worker] DEBUG o.h.p.w.spi.MetamodelGraphWalker - Visiting attribute path : descriptor_reference.vendor
14:11:16.080 [Test worker] DEBUG o.h.p.w.spi.MetamodelGraphWalker - Visiting attribute path : descriptor_reference.version
14:11:16.080 [Test worker] DEBUG o.h.p.w.spi.MetamodelGraphWalker - Visiting attribute path : descriptor_reference.vnffgd_security
14:11:16.081 [Test worker] DEBUG o.h.l.p.b.i.spaces.QuerySpacesImpl - Adding QuerySpace : uid = <gen:17> -> org.hibernate.loader.plan.build.internal.spaces.EntityQuerySpaceImpl@733dc4f2]
14:11:16.081 [Test worker] DEBUG o.h.p.w.spi.MetamodelGraphWalker - Visiting attribute path : descriptor_reference.vnffgd_security.version
14:11:16.081 [Test worker] DEBUG o.h.p.w.spi.MetamodelGraphWalker - Visiting attribute path : lifecycle_event_history
14:11:16.081 [Test worker] DEBUG o.h.l.p.b.i.spaces.QuerySpacesImpl - Adding QuerySpace : uid = <gen:18> -> org.hibernate.loader.plan.build.internal.spaces.CollectionQuerySpaceImpl@4d39d4c6]
14:11:16.081 [Test worker] DEBUG o.h.l.p.b.i.spaces.QuerySpacesImpl - Adding QuerySpace : uid = <gen:19> -> org.hibernate.loader.plan.build.internal.spaces.EntityQuerySpaceImpl@fc03ac6]
14:11:16.081 [Test worker] DEBUG o.h.p.w.spi.MetamodelGraphWalker - Visiting attribute path : lifecycle_event_history.lifecycle_events
14:11:16.081 [Test worker] DEBUG o.h.p.w.spi.MetamodelGraphWalker - Visiting attribute path : lifecycle_event_history.version
14:11:16.081 [Test worker] DEBUG o.h.p.w.spi.MetamodelGraphWalker - Visiting attribute path : member_vnfs
14:11:16.081 [Test worker] DEBUG o.h.l.p.b.i.spaces.QuerySpacesImpl - Adding QuerySpace : uid = <gen:20> -> org.hibernate.loader.plan.build.internal.spaces.CollectionQuerySpaceImpl@50dfa003]
14:11:16.081 [Test worker] DEBUG o.h.l.p.b.i.spaces.QuerySpacesImpl - Adding QuerySpace : uid = <gen:21> -> org.hibernate.loader.plan.build.internal.spaces.EntityQuerySpaceImpl@9824e70]
14:11:16.081 [Test worker] DEBUG o.h.p.w.spi.MetamodelGraphWalker - Visiting attribute path : member_vnfs.audit_log
14:11:16.081 [Test worker] DEBUG o.h.p.w.spi.MetamodelGraphWalker - Visiting attribute path : member_vnfs.auto_scale_policy
14:11:16.081 [Test worker] DEBUG o.h.l.p.b.i.spaces.QuerySpacesImpl - Adding QuerySpace : uid = <gen:22> -> org.hibernate.loader.plan.build.internal.spaces.CollectionQuerySpaceImpl@35671ce7]
14:11:16.081 [Test worker] DEBUG o.h.l.p.b.i.spaces.QuerySpacesImpl - Adding QuerySpace : uid = <gen:23> -> org.hibernate.loader.plan.build.internal.spaces.EntityQuerySpaceImpl@49a9d15]
14:11:16.081 [Test worker] DEBUG o.h.p.w.spi.MetamodelGraphWalker - Visiting attribute path : member_vnfs.auto_scale_policy.version
14:11:16.081 [Test worker] DEBUG o.h.p.w.spi.MetamodelGraphWalker - Visiting attribute path : member_vnfs.connected_external_virtual_link
14:11:16.081 [Test worker] DEBUG o.h.l.p.b.i.spaces.QuerySpacesImpl - Adding QuerySpace : uid = <gen:24> -> org.hibernate.loader.plan.build.internal.spaces.CollectionQuerySpaceImpl@7616d3e0]
14:11:16.081 [Test worker] DEBUG o.h.l.p.b.i.spaces.QuerySpacesImpl - Adding QuerySpace : uid = <gen:25> -> org.hibernate.loader.plan.build.internal.spaces.EntityQuerySpaceImpl@54b053b1]
14:11:16.081 [Test worker] DEBUG o.h.p.w.spi.MetamodelGraphWalker - Visiting attribute path : member_vnfs.connected_external_virtual_link.allocated_capacity
14:11:16.081 [Test worker] DEBUG o.h.p.w.spi.MetamodelGraphWalker - Visiting attribute path : member_vnfs.connected_external_virtual_link.audit_log
14:11:16.081 [Test worker] DEBUG o.h.p.w.spi.MetamodelGraphWalker - Visiting attribute path : member_vnfs.connected_external_virtual_link.connection
14:11:16.081 [Test worker] DEBUG o.h.p.w.spi.MetamodelGraphWalker - Visiting attribute path : member_vnfs.connected_external_virtual_link.connectivity_type
14:11:16.081 [Test worker] DEBUG o.h.p.w.spi.MetamodelGraphWalker - Visiting attribute path : member_vnfs.connected_external_virtual_link.descriptor_reference
14:11:16.081 [Test worker] DEBUG o.h.p.w.spi.MetamodelGraphWalker - Visiting attribute path : member_vnfs.connected_external_virtual_link.leaf_requirement
14:11:16.081 [Test worker] DEBUG o.h.p.w.spi.MetamodelGraphWalker - Visiting attribute path : member_vnfs.connected_external_virtual_link.lifecycle_event_history
14:11:16.081 [Test worker] DEBUG o.h.p.w.spi.MetamodelGraphWalker - Property path deemed to be circular : member_vnfs.connected_external_virtual_link.lifecycle_event_history
14:11:16.081 [Test worker] DEBUG o.h.p.w.spi.MetamodelGraphWalker - Visiting attribute path : member_vnfs.connected_external_virtual_link.notification
14:11:16.081 [Test worker] DEBUG o.h.p.w.spi.MetamodelGraphWalker - Visiting attribute path : member_vnfs.connected_external_virtual_link.number_of_enpoints
14:11:16.081 [Test worker] DEBUG o.h.p.w.spi.MetamodelGraphWalker - Visiting attribute path : member_vnfs.connected_external_virtual_link.parent_ns
14:11:16.081 [Test worker] DEBUG o.h.p.w.spi.MetamodelGraphWalker - Visiting attribute path : member_vnfs.connected_external_virtual_link.qos
14:11:16.081 [Test worker] DEBUG o.h.p.w.spi.MetamodelGraphWalker - Visiting attribute path : member_vnfs.connected_external_virtual_link.root_requirement
14:11:16.081 [Test worker] DEBUG o.h.p.w.spi.MetamodelGraphWalker - Visiting attribute path : member_vnfs.connected_external_virtual_link.status
14:11:16.081 [Test worker] DEBUG o.h.p.w.spi.MetamodelGraphWalker - Visiting attribute path : member_vnfs.connected_external_virtual_link.test_access
14:11:16.081 [Test worker] DEBUG o.h.p.w.spi.MetamodelGraphWalker - Visiting attribute path : member_vnfs.connected_external_virtual_link.vendor
14:11:16.081 [Test worker] DEBUG o.h.p.w.spi.MetamodelGraphWalker - Visiting attribute path : member_vnfs.connected_external_virtual_link.version
14:11:16.081 [Test worker] DEBUG o.h.p.w.spi.MetamodelGraphWalker - Visiting attribute path : member_vnfs.connected_external_virtual_link.vim_id
14:11:16.081 [Test worker] DEBUG o.h.p.w.spi.MetamodelGraphWalker - Visiting attribute path : member_vnfs.connected_external_virtual_link.vnffgr_reference
14:11:16.081 [Test worker] DEBUG o.h.p.w.spi.MetamodelGraphWalker - Property path deemed to be circular : member_vnfs.connected_external_virtual_link.vnffgr_reference
14:11:16.082 [Test worker] DEBUG o.h.p.w.spi.MetamodelGraphWalker - Visiting attribute path : member_vnfs.connection_point
14:11:16.082 [Test worker] DEBUG o.h.l.p.b.i.spaces.QuerySpacesImpl - Adding QuerySpace : uid = <gen:26> -> org.hibernate.loader.plan.build.internal.spaces.CollectionQuerySpaceImpl@3536a242]
14:11:16.082 [Test worker] DEBUG o.h.l.p.b.i.spaces.QuerySpacesImpl - Adding QuerySpace : uid = <gen:27> -> org.hibernate.loader.plan.build.internal.spaces.EntityQuerySpaceImpl@15d6b659]
14:11:16.082 [Test worker] DEBUG o.h.p.w.spi.MetamodelGraphWalker - Visiting attribute path : member_vnfs.connection_point.type
14:11:16.082 [Test worker] DEBUG o.h.p.w.spi.MetamodelGraphWalker - Visiting attribute path : member_vnfs.connection_point.version
14:11:16.082 [Test worker] DEBUG o.h.p.w.spi.MetamodelGraphWalker - Visiting attribute path : member_vnfs.connection_point.virtual_link_reference
14:11:16.082 [Test worker] DEBUG o.h.p.w.spi.MetamodelGraphWalker - Visiting attribute path : member_vnfs.dependency
14:11:16.082 [Test worker] DEBUG o.h.l.p.b.i.spaces.QuerySpacesImpl - Adding QuerySpace : uid = <gen:28> -> org.hibernate.loader.plan.build.internal.spaces.CollectionQuerySpaceImpl@fa3bcaa]
14:11:16.082 [Test worker] DEBUG o.h.l.p.b.i.spaces.QuerySpacesImpl - Adding QuerySpace : uid = <gen:29> -> org.hibernate.loader.plan.build.internal.spaces.EntityQuerySpaceImpl@46b744eb]
14:11:16.082 [Test worker] DEBUG o.h.p.w.spi.MetamodelGraphWalker - Visiting attribute path : member_vnfs.dependency.source
14:11:16.082 [Test worker] DEBUG o.h.l.p.b.i.spaces.QuerySpacesImpl - Adding QuerySpace : uid = <gen:30> -> org.hibernate.loader.plan.build.internal.spaces.EntityQuerySpaceImpl@2d133c66]
14:11:16.082 [Test worker] DEBUG o.h.p.w.spi.MetamodelGraphWalker - Visiting attribute path : member_vnfs.dependency.target
14:11:16.082 [Test worker] DEBUG o.h.l.p.b.i.spaces.QuerySpacesImpl - Adding QuerySpace : uid = <gen:31> -> org.hibernate.loader.plan.build.internal.spaces.EntityQuerySpaceImpl@49e263a8]
14:11:16.082 [Test worker] DEBUG o.h.p.w.spi.MetamodelGraphWalker - Visiting attribute path : member_vnfs.dependency.version
14:11:16.082 [Test worker] DEBUG o.h.p.w.spi.MetamodelGraphWalker - Visiting attribute path : member_vnfs.deployment_flavour
14:11:16.082 [Test worker] DEBUG o.h.l.p.b.i.spaces.QuerySpacesImpl - Adding QuerySpace : uid = <gen:32> -> org.hibernate.loader.plan.build.internal.spaces.EntityQuerySpaceImpl@2dfcd07d]
14:11:16.082 [Test worker] DEBUG o.h.p.w.spi.MetamodelGraphWalker - Visiting attribute path : member_vnfs.deployment_flavour.flavour_key
14:11:16.082 [Test worker] DEBUG o.h.p.w.spi.MetamodelGraphWalker - Visiting attribute path : member_vnfs.deployment_flavour.version
14:11:16.082 [Test worker] DEBUG o.h.p.w.spi.MetamodelGraphWalker - Visiting attribute path : member_vnfs.deployment_flavour.costituent_vdu
14:11:16.082 [Test worker] DEBUG o.h.p.w.spi.MetamodelGraphWalker - Visiting attribute path : member_vnfs.deployment_flavour.df_constraint
14:11:16.082 [Test worker] DEBUG o.h.l.p.b.i.spaces.QuerySpacesImpl - Adding QuerySpace : uid = <gen:33> -> org.hibernate.loader.plan.build.internal.spaces.CollectionQuerySpaceImpl@30c72996]
14:11:16.082 [Test worker] DEBUG o.h.p.w.spi.MetamodelGraphWalker - Visiting attribute path : member_vnfs.descriptor_reference
14:11:16.082 [Test worker] DEBUG o.h.p.w.spi.MetamodelGraphWalker - Visiting attribute path : member_vnfs.lifecycle_event
14:11:16.082 [Test worker] DEBUG o.h.l.p.b.i.spaces.QuerySpacesImpl - Adding QuerySpace : uid = <gen:34> -> org.hibernate.loader.plan.build.internal.spaces.EntityQuerySpaceImpl@637b4fde]
14:11:16.082 [Test worker] DEBUG o.h.p.w.spi.MetamodelGraphWalker - Visiting attribute path : member_vnfs.lifecycle_event.lifecycle_events
14:11:16.082 [Test worker] DEBUG o.h.p.w.spi.MetamodelGraphWalker - Visiting attribute path : member_vnfs.lifecycle_event.version
14:11:16.083 [Test worker] DEBUG o.h.p.w.spi.MetamodelGraphWalker - Visiting attribute path : member_vnfs.lifecycle_event_history
14:11:16.083 [Test worker] DEBUG o.h.l.p.b.i.spaces.QuerySpacesImpl - Adding QuerySpace : uid = <gen:35> -> org.hibernate.loader.plan.build.internal.spaces.CollectionQuerySpaceImpl@47d865f2]
14:11:16.083 [Test worker] DEBUG o.h.l.p.b.i.spaces.QuerySpacesImpl - Adding QuerySpace : uid = <gen:36> -> org.hibernate.loader.plan.build.internal.spaces.EntityQuerySpaceImpl@500d17b7]
14:11:16.083 [Test worker] DEBUG o.h.p.w.spi.MetamodelGraphWalker - Visiting attribute path : member_vnfs.lifecycle_event_history.lifecycle_events
14:11:16.083 [Test worker] DEBUG o.h.p.w.spi.MetamodelGraphWalker - Visiting attribute path : member_vnfs.lifecycle_event_history.version
14:11:16.083 [Test worker] DEBUG o.h.p.w.spi.MetamodelGraphWalker - Visiting attribute path : member_vnfs.localization
14:11:16.083 [Test worker] DEBUG o.h.p.w.spi.MetamodelGraphWalker - Visiting attribute path : member_vnfs.monitoring_parameter
14:11:16.083 [Test worker] DEBUG o.h.p.w.spi.MetamodelGraphWalker - Visiting attribute path : member_vnfs.notification
14:11:16.083 [Test worker] DEBUG o.h.p.w.spi.MetamodelGraphWalker - Visiting attribute path : member_vnfs.parent_ns
14:11:16.083 [Test worker] DEBUG o.h.l.p.b.i.spaces.QuerySpacesImpl - Adding QuerySpace : uid = <gen:37> -> org.hibernate.loader.plan.build.internal.spaces.EntityQuerySpaceImpl@7755beb9]
14:11:16.083 [Test worker] DEBUG o.h.p.w.spi.MetamodelGraphWalker - Visiting attribute path : member_vnfs.parent_ns.audit_log
14:11:16.083 [Test worker] DEBUG o.h.p.w.spi.MetamodelGraphWalker - Visiting attribute path : member_vnfs.parent_ns.auto_scale_policy
14:11:16.083 [Test worker] DEBUG o.h.l.p.b.i.spaces.QuerySpacesImpl - Adding QuerySpace : uid = <gen:38> -> org.hibernate.loader.plan.build.internal.spaces.CollectionQuerySpaceImpl@5346e84e]
14:11:16.083 [Test worker] DEBUG o.h.l.p.b.i.spaces.QuerySpacesImpl - Adding QuerySpace : uid = <gen:39> -> org.hibernate.loader.plan.build.internal.spaces.EntityQuerySpaceImpl@543d8398]
14:11:16.083 [Test worker] DEBUG o.h.p.w.spi.MetamodelGraphWalker - Visiting attribute path : member_vnfs.parent_ns.connection_point
14:11:16.083 [Test worker] DEBUG o.h.l.p.b.i.spaces.QuerySpacesImpl - Adding QuerySpace : uid = <gen:40> -> org.hibernate.loader.plan.build.internal.spaces.CollectionQuerySpaceImpl@128a9b5d]
14:11:16.083 [Test worker] DEBUG o.h.l.p.b.i.spaces.QuerySpacesImpl - Adding QuerySpace : uid = <gen:41> -> org.hibernate.loader.plan.build.internal.spaces.EntityQuerySpaceImpl@49de002d]
14:11:16.084 [Test worker] DEBUG o.h.p.w.spi.MetamodelGraphWalker - Visiting attribute path : member_vnfs.parent_ns.descriptor_reference
14:11:16.084 [Test worker] DEBUG o.h.l.p.b.i.spaces.QuerySpacesImpl - Adding QuerySpace : uid = <gen:42> -> org.hibernate.loader.plan.build.internal.spaces.EntityQuerySpaceImpl@dddb03e]
14:11:16.084 [Test worker] DEBUG o.h.p.w.spi.MetamodelGraphWalker - Visiting attribute path : member_vnfs.parent_ns.lifecycle_event
14:11:16.084 [Test worker] DEBUG o.h.l.p.b.i.spaces.QuerySpacesImpl - Adding QuerySpace : uid = <gen:43> -> org.hibernate.loader.plan.build.internal.spaces.EntityQuerySpaceImpl@555dbd8e]
14:11:16.084 [Test worker] DEBUG o.h.p.w.spi.MetamodelGraphWalker - Visiting attribute path : member_vnfs.parent_ns.lifecycle_event_history
14:11:16.084 [Test worker] DEBUG o.h.l.p.b.i.spaces.QuerySpacesImpl - Adding QuerySpace : uid = <gen:44> -> org.hibernate.loader.plan.build.internal.spaces.CollectionQuerySpaceImpl@7d47e16a]
14:11:16.084 [Test worker] DEBUG o.h.l.p.b.i.spaces.QuerySpacesImpl - Adding QuerySpace : uid = <gen:45> -> org.hibernate.loader.plan.build.internal.spaces.EntityQuerySpaceImpl@7a203667]
14:11:16.084 [Test worker] DEBUG o.h.p.w.spi.MetamodelGraphWalker - Visiting attribute path : member_vnfs.parent_ns.monitoring_parameter
14:11:16.084 [Test worker] DEBUG o.h.p.w.spi.MetamodelGraphWalker - Visiting attribute path : member_vnfs.parent_ns.notification
14:11:16.084 [Test worker] DEBUG o.h.p.w.spi.MetamodelGraphWalker - Visiting attribute path : member_vnfs.parent_ns.pnfr
14:11:16.084 [Test worker] DEBUG o.h.l.p.b.i.spaces.QuerySpacesImpl - Adding QuerySpace : uid = <gen:46> -> org.hibernate.loader.plan.build.internal.spaces.CollectionQuerySpaceImpl@58d3e2d4]
14:11:16.084 [Test worker] DEBUG o.h.l.p.b.i.spaces.QuerySpacesImpl - Adding QuerySpace : uid = <gen:47> -> org.hibernate.loader.plan.build.internal.spaces.EntityQuerySpaceImpl@3ed0f9db]
14:11:16.084 [Test worker] DEBUG o.h.p.w.spi.MetamodelGraphWalker - Visiting attribute path : member_vnfs.parent_ns.resource_reservation
14:11:16.084 [Test worker] DEBUG o.h.p.w.spi.MetamodelGraphWalker - Visiting attribute path : member_vnfs.parent_ns.runtime_policy_info
14:11:16.084 [Test worker] DEBUG o.h.p.w.spi.MetamodelGraphWalker - Visiting attribute path : member_vnfs.parent_ns.service_deployment_flavour
14:11:16.084 [Test worker] DEBUG o.h.l.p.b.i.spaces.QuerySpacesImpl - Adding QuerySpace : uid = <gen:48> -> org.hibernate.loader.plan.build.internal.spaces.EntityQuerySpaceImpl@9c3b915]
14:11:16.084 [Test worker] DEBUG o.h.p.w.spi.MetamodelGraphWalker - Visiting attribute path : member_vnfs.parent_ns.status
14:11:16.084 [Test worker] DEBUG o.h.p.w.spi.MetamodelGraphWalker - Visiting attribute path : member_vnfs.parent_ns.vendor
14:11:16.084 [Test worker] DEBUG o.h.p.w.spi.MetamodelGraphWalker - Visiting attribute path : member_vnfs.parent_ns.version
14:11:16.084 [Test worker] DEBUG o.h.p.w.spi.MetamodelGraphWalker - Visiting attribute path : member_vnfs.parent_ns.vlr
14:11:16.084 [Test worker] DEBUG o.h.l.p.b.i.spaces.QuerySpacesImpl - Adding QuerySpace : uid = <gen:49> -> org.hibernate.loader.plan.build.internal.spaces.CollectionQuerySpaceImpl@10ac16b5]
14:11:16.084 [Test worker] DEBUG o.h.l.p.b.i.spaces.QuerySpacesImpl - Adding QuerySpace : uid = <gen:50> -> org.hibernate.loader.plan.build.internal.spaces.EntityQuerySpaceImpl@1206cda0]
14:11:16.084 [Test worker] DEBUG o.h.p.w.spi.MetamodelGraphWalker - Visiting attribute path : member_vnfs.parent_ns.vnf_dependency
14:11:16.084 [Test worker] DEBUG o.h.l.p.b.i.spaces.QuerySpacesImpl - Adding QuerySpace : uid = <gen:51> -> org.hibernate.loader.plan.build.internal.spaces.CollectionQuerySpaceImpl@7ca5cc9e]
14:11:16.084 [Test worker] DEBUG o.h.l.p.b.i.spaces.QuerySpacesImpl - Adding QuerySpace : uid = <gen:52> -> org.hibernate.loader.plan.build.internal.spaces.EntityQuerySpaceImpl@691cd900]
14:11:16.084 [Test worker] DEBUG o.h.p.w.spi.MetamodelGraphWalker - Visiting attribute path : member_vnfs.parent_ns.vnffgr
14:11:16.084 [Test worker] DEBUG o.h.l.p.b.i.spaces.QuerySpacesImpl - Adding QuerySpace : uid = <gen:53> -> org.hibernate.loader.plan.build.internal.spaces.CollectionQuerySpaceImpl@64eac4e9]
14:11:16.084 [Test worker] DEBUG o.h.l.p.b.i.spaces.QuerySpacesImpl - Adding QuerySpace : uid = <gen:54> -> org.hibernate.loader.plan.build.internal.spaces.EntityQuerySpaceImpl@7125d0c1]
14:11:16.084 [Test worker] DEBUG o.h.p.w.spi.MetamodelGraphWalker - Visiting attribute path : member_vnfs.parent_ns.vnfr
14:11:16.084 [Test worker] DEBUG o.h.l.p.b.i.spaces.QuerySpacesImpl - Adding QuerySpace : uid = <gen:55> -> org.hibernate.loader.plan.build.internal.spaces.EntityQuerySpaceImpl@69ac68ef]
14:11:16.084 [Test worker] DEBUG o.h.p.w.spi.MetamodelGraphWalker - Visiting attribute path : member_vnfs.runtime_policy_info
14:11:16.084 [Test worker] DEBUG o.h.p.w.spi.MetamodelGraphWalker - Visiting attribute path : member_vnfs.status
14:11:16.085 [Test worker] DEBUG o.h.p.w.spi.MetamodelGraphWalker - Visiting attribute path : member_vnfs.vdu
14:11:16.085 [Test worker] DEBUG o.h.l.p.b.i.spaces.QuerySpacesImpl - Adding QuerySpace : uid = <gen:56> -> org.hibernate.loader.plan.build.internal.spaces.CollectionQuerySpaceImpl@361d591c]
14:11:16.085 [Test worker] DEBUG o.h.l.p.b.i.spaces.QuerySpacesImpl - Adding QuerySpace : uid = <gen:57> -> org.hibernate.loader.plan.build.internal.spaces.EntityQuerySpaceImpl@40c55905]
14:11:16.085 [Test worker] DEBUG o.h.p.w.spi.MetamodelGraphWalker - Visiting attribute path : member_vnfs.vdu.computation_requirement
14:11:16.085 [Test worker] DEBUG o.h.p.w.spi.MetamodelGraphWalker - Visiting attribute path : member_vnfs.vdu.high_availability
14:11:16.085 [Test worker] DEBUG o.h.p.w.spi.MetamodelGraphWalker - Visiting attribute path : member_vnfs.vdu.lifecycle_event
14:11:16.085 [Test worker] DEBUG o.h.p.w.spi.MetamodelGraphWalker - Visiting attribute path : member_vnfs.vdu.monitoring_parameter
14:11:16.085 [Test worker] DEBUG o.h.l.p.b.i.spaces.QuerySpacesImpl - Adding QuerySpace : uid = <gen:58> -> org.hibernate.loader.plan.build.internal.spaces.CollectionQuerySpaceImpl@329bc59d]
14:11:16.085 [Test worker] DEBUG o.h.p.w.spi.MetamodelGraphWalker - Visiting attribute path : member_vnfs.vdu.scale_in_out
14:11:16.085 [Test worker] DEBUG o.h.p.w.spi.MetamodelGraphWalker - Visiting attribute path : member_vnfs.vdu.vdu_constraint
14:11:16.085 [Test worker] DEBUG o.h.p.w.spi.MetamodelGraphWalker - Visiting attribute path : member_vnfs.vdu.version
14:11:16.085 [Test worker] DEBUG o.h.p.w.spi.MetamodelGraphWalker - Visiting attribute path : member_vnfs.vdu.virtual_memory_resource_element
14:11:16.085 [Test worker] DEBUG o.h.p.w.spi.MetamodelGraphWalker - Visiting attribute path : member_vnfs.vdu.virtual_network_bandwidth_resource
14:11:16.085 [Test worker] DEBUG o.h.p.w.spi.MetamodelGraphWalker - Visiting attribute path : member_vnfs.vdu.vm_image
14:11:16.085 [Test worker] DEBUG o.h.l.p.b.i.spaces.QuerySpacesImpl - Adding QuerySpace : uid = <gen:59> -> org.hibernate.loader.plan.build.internal.spaces.CollectionQuerySpaceImpl@10cae060]
14:11:16.085 [Test worker] DEBUG o.h.p.w.spi.MetamodelGraphWalker - Visiting attribute path : member_vnfs.vdu.vnfc
14:11:16.085 [Test worker] DEBUG o.h.p.w.spi.MetamodelGraphWalker - Visiting attribute path : member_vnfs.vendor
14:11:16.085 [Test worker] DEBUG o.h.p.w.spi.MetamodelGraphWalker - Visiting attribute path : member_vnfs.version
14:11:16.085 [Test worker] DEBUG o.h.p.w.spi.MetamodelGraphWalker - Visiting attribute path : member_vnfs.virtual_link
14:11:16.085 [Test worker] DEBUG o.h.l.p.b.i.spaces.QuerySpacesImpl - Adding QuerySpace : uid = <gen:60> -> org.hibernate.loader.plan.build.internal.spaces.CollectionQuerySpaceImpl@7750c73c]
14:11:16.085 [Test worker] DEBUG o.h.l.p.b.i.spaces.QuerySpacesImpl - Adding QuerySpace : uid = <gen:61> -> org.hibernate.loader.plan.build.internal.spaces.EntityQuerySpaceImpl@58487156]
14:11:16.085 [Test worker] DEBUG o.h.p.w.spi.MetamodelGraphWalker - Visiting attribute path : member_vnfs.virtual_link.connectivity_type
14:11:16.085 [Test worker] DEBUG o.h.p.w.spi.MetamodelGraphWalker - Visiting attribute path : member_vnfs.virtual_link.leaf_requirement
14:11:16.085 [Test worker] DEBUG o.h.p.w.spi.MetamodelGraphWalker - Visiting attribute path : member_vnfs.virtual_link.qos
14:11:16.085 [Test worker] DEBUG o.h.p.w.spi.MetamodelGraphWalker - Visiting attribute path : member_vnfs.virtual_link.root_requirement
14:11:16.085 [Test worker] DEBUG o.h.p.w.spi.MetamodelGraphWalker - Visiting attribute path : member_vnfs.virtual_link.test_access
14:11:16.085 [Test worker] DEBUG o.h.p.w.spi.MetamodelGraphWalker - Visiting attribute path : member_vnfs.virtual_link.version
14:11:16.085 [Test worker] DEBUG o.h.p.w.spi.MetamodelGraphWalker - Visiting attribute path : member_vnfs.virtual_link.connection_points_references
14:11:16.085 [Test worker] DEBUG o.h.l.p.b.i.spaces.QuerySpacesImpl - Adding QuerySpace : uid = <gen:62> -> org.hibernate.loader.plan.build.internal.spaces.CollectionQuerySpaceImpl@8bcddb0]
14:11:16.085 [Test worker] DEBUG o.h.p.w.spi.MetamodelGraphWalker - Visiting attribute path : member_vnfs.vnf_address
14:11:16.085 [Test worker] DEBUG o.h.p.w.spi.MetamodelGraphWalker - Visiting attribute path : member_vnfs.vnfm_id
14:11:16.085 [Test worker] DEBUG o.h.p.w.spi.MetamodelGraphWalker - Visiting attribute path : network_forwarding_path
14:11:16.086 [Test worker] DEBUG o.h.l.p.b.i.spaces.QuerySpacesImpl - Adding QuerySpace : uid = <gen:63> -> org.hibernate.loader.plan.build.internal.spaces.EntityQuerySpaceImpl@277e524b]
14:11:16.086 [Test worker] DEBUG o.h.p.w.spi.MetamodelGraphWalker - Visiting attribute path : network_forwarding_path.connection
14:11:16.086 [Test worker] DEBUG o.h.l.p.b.i.spaces.QuerySpacesImpl - Adding QuerySpace : uid = <gen:64> -> org.hibernate.loader.plan.build.internal.spaces.CollectionQuerySpaceImpl@4c745a45]
14:11:16.086 [Test worker] DEBUG o.h.p.w.spi.MetamodelGraphWalker - Visiting index for collection :  network_forwarding_path.connection
14:11:16.086 [Test worker] DEBUG o.h.p.w.spi.MetamodelGraphWalker - Visiting attribute path : network_forwarding_path.policy
14:11:16.087 [Test worker] DEBUG o.h.l.p.b.i.spaces.QuerySpacesImpl - Adding QuerySpace : uid = <gen:65> -> org.hibernate.loader.plan.build.internal.spaces.EntityQuerySpaceImpl@25b91df9]
14:11:16.087 [Test worker] DEBUG o.h.p.w.spi.MetamodelGraphWalker - Visiting attribute path : network_forwarding_path.policy.version
14:11:16.087 [Test worker] DEBUG o.h.p.w.spi.MetamodelGraphWalker - Visiting attribute path : network_forwarding_path.version
14:11:16.087 [Test worker] DEBUG o.h.p.w.spi.MetamodelGraphWalker - Visiting attribute path : notification
14:11:16.087 [Test worker] DEBUG o.h.p.w.spi.MetamodelGraphWalker - Visiting attribute path : number_of_endpoints
14:11:16.087 [Test worker] DEBUG o.h.p.w.spi.MetamodelGraphWalker - Visiting attribute path : number_of_pnfs
14:11:16.087 [Test worker] DEBUG o.h.p.w.spi.MetamodelGraphWalker - Visiting attribute path : number_of_virtual_links
14:11:16.087 [Test worker] DEBUG o.h.p.w.spi.MetamodelGraphWalker - Visiting attribute path : number_of_vnfs
14:11:16.087 [Test worker] DEBUG o.h.p.w.spi.MetamodelGraphWalker - Visiting attribute path : parent_ns
14:11:16.087 [Test worker] DEBUG o.h.l.p.b.i.spaces.QuerySpacesImpl - Adding QuerySpace : uid = <gen:66> -> org.hibernate.loader.plan.build.internal.spaces.EntityQuerySpaceImpl@172be805]
14:11:16.087 [Test worker] DEBUG o.h.p.w.spi.MetamodelGraphWalker - Visiting attribute path : parent_ns.audit_log
14:11:16.087 [Test worker] DEBUG o.h.p.w.spi.MetamodelGraphWalker - Visiting attribute path : parent_ns.auto_scale_policy
14:11:16.087 [Test worker] DEBUG o.h.l.p.b.i.spaces.QuerySpacesImpl - Adding QuerySpace : uid = <gen:67> -> org.hibernate.loader.plan.build.internal.spaces.CollectionQuerySpaceImpl@a20d3c9]
14:11:16.087 [Test worker] DEBUG o.h.l.p.b.i.spaces.QuerySpacesImpl - Adding QuerySpace : uid = <gen:68> -> org.hibernate.loader.plan.build.internal.spaces.EntityQuerySpaceImpl@71303650]
14:11:16.087 [Test worker] DEBUG o.h.p.w.spi.MetamodelGraphWalker - Visiting attribute path : parent_ns.auto_scale_policy.version
14:11:16.087 [Test worker] DEBUG o.h.p.w.spi.MetamodelGraphWalker - Visiting attribute path : parent_ns.connection_point
14:11:16.087 [Test worker] DEBUG o.h.l.p.b.i.spaces.QuerySpacesImpl - Adding QuerySpace : uid = <gen:69> -> org.hibernate.loader.plan.build.internal.spaces.CollectionQuerySpaceImpl@7f125e52]
14:11:16.087 [Test worker] DEBUG o.h.l.p.b.i.spaces.QuerySpacesImpl - Adding QuerySpace : uid = <gen:70> -> org.hibernate.loader.plan.build.internal.spaces.EntityQuerySpaceImpl@eee9aab]
14:11:16.087 [Test worker] DEBUG o.h.p.w.spi.MetamodelGraphWalker - Visiting attribute path : parent_ns.connection_point.type
14:11:16.087 [Test worker] DEBUG o.h.p.w.spi.MetamodelGraphWalker - Visiting attribute path : parent_ns.connection_point.version
14:11:16.087 [Test worker] DEBUG o.h.p.w.spi.MetamodelGraphWalker - Visiting attribute path : parent_ns.connection_point.virtual_link_reference
14:11:16.087 [Test worker] DEBUG o.h.p.w.spi.MetamodelGraphWalker - Visiting attribute path : parent_ns.descriptor_reference
14:11:16.087 [Test worker] DEBUG o.h.l.p.b.i.spaces.QuerySpacesImpl - Adding QuerySpace : uid = <gen:71> -> org.hibernate.loader.plan.build.internal.spaces.EntityQuerySpaceImpl@33b1603e]
14:11:16.087 [Test worker] DEBUG o.h.p.w.spi.MetamodelGraphWalker - Visiting attribute path : parent_ns.descriptor_reference.auto_scale_policy
14:11:16.087 [Test worker] DEBUG o.h.p.w.spi.MetamodelGraphWalker - Visiting attribute path : parent_ns.descriptor_reference.connection_point
14:11:16.088 [Test worker] DEBUG o.h.p.w.spi.MetamodelGraphWalker - Visiting attribute path : parent_ns.descriptor_reference.hb_version
14:11:16.088 [Test worker] DEBUG o.h.p.w.spi.MetamodelGraphWalker - Visiting attribute path : parent_ns.descriptor_reference.lifecycle_event
14:11:16.088 [Test worker] DEBUG o.h.p.w.spi.MetamodelGraphWalker - Visiting attribute path : parent_ns.descriptor_reference.monitoring_parameter
14:11:16.088 [Test worker] DEBUG o.h.l.p.b.i.spaces.QuerySpacesImpl - Adding QuerySpace : uid = <gen:72> -> org.hibernate.loader.plan.build.internal.spaces.CollectionQuerySpaceImpl@346a56c0]
14:11:16.088 [Test worker] DEBUG o.h.p.w.spi.MetamodelGraphWalker - Visiting attribute path : parent_ns.descriptor_reference.service_deployment_flavour
14:11:16.088 [Test worker] DEBUG o.h.p.w.spi.MetamodelGraphWalker - Visiting attribute path : parent_ns.descriptor_reference.vendor
14:11:16.088 [Test worker] DEBUG o.h.p.w.spi.MetamodelGraphWalker - Visiting attribute path : parent_ns.descriptor_reference.version
14:11:16.088 [Test worker] DEBUG o.h.p.w.spi.MetamodelGraphWalker - Visiting attribute path : parent_ns.descriptor_reference.vld
14:11:16.088 [Test worker] DEBUG o.h.p.w.spi.MetamodelGraphWalker - Visiting attribute path : parent_ns.descriptor_reference.vnffgd
14:11:16.088 [Test worker] DEBUG o.h.p.w.spi.MetamodelGraphWalker - Visiting attribute path : parent_ns.descriptor_reference.deployment_flavour
14:11:16.088 [Test worker] DEBUG o.h.l.p.b.i.spaces.QuerySpacesImpl - Adding QuerySpace : uid = <gen:73> -> org.hibernate.loader.plan.build.internal.spaces.CollectionQuerySpaceImpl@31657222]
14:11:16.088 [Test worker] DEBUG o.h.l.p.b.i.spaces.QuerySpacesImpl - Adding QuerySpace : uid = <gen:74> -> org.hibernate.loader.plan.build.internal.spaces.EntityQuerySpaceImpl@7b282f83]
14:11:16.088 [Test worker] DEBUG o.h.p.w.spi.MetamodelGraphWalker - Visiting attribute path : parent_ns.descriptor_reference.descriptor_version
14:11:16.088 [Test worker] DEBUG o.h.p.w.spi.MetamodelGraphWalker - Visiting attribute path : parent_ns.descriptor_reference.manifest_file
14:11:16.088 [Test worker] DEBUG o.h.p.w.spi.MetamodelGraphWalker - Visiting attribute path : parent_ns.descriptor_reference.manifest_file_security
14:11:16.088 [Test worker] DEBUG o.h.p.w.spi.MetamodelGraphWalker - Visiting attribute path : parent_ns.descriptor_reference.vdu
14:11:16.088 [Test worker] DEBUG o.h.p.w.spi.MetamodelGraphWalker - Visiting attribute path : parent_ns.descriptor_reference.vdu_dependency
14:11:16.088 [Test worker] DEBUG o.h.p.w.spi.MetamodelGraphWalker - Visiting attribute path : parent_ns.descriptor_reference.virtual_link
14:11:16.088 [Test worker] DEBUG o.h.p.w.spi.MetamodelGraphWalker - Visiting attribute path : parent_ns.descriptor_reference.nsd_security
14:11:16.088 [Test worker] DEBUG o.h.l.p.b.i.spaces.QuerySpacesImpl - Adding QuerySpace : uid = <gen:75> -> org.hibernate.loader.plan.build.internal.spaces.EntityQuerySpaceImpl@b4780a0]
14:11:16.088 [Test worker] DEBUG o.h.p.w.spi.MetamodelGraphWalker - Visiting attribute path : parent_ns.descriptor_reference.pnfd
14:11:16.088 [Test worker] DEBUG o.h.p.w.spi.MetamodelGraphWalker - Visiting attribute path : parent_ns.descriptor_reference.vnf_dependency
14:11:16.088 [Test worker] DEBUG o.h.l.p.b.i.spaces.QuerySpacesImpl - Adding QuerySpace : uid = <gen:76> -> org.hibernate.loader.plan.build.internal.spaces.CollectionQuerySpaceImpl@34d8e29]
14:11:16.088 [Test worker] DEBUG o.h.l.p.b.i.spaces.QuerySpacesImpl - Adding QuerySpace : uid = <gen:77> -> org.hibernate.loader.plan.build.internal.spaces.EntityQuerySpaceImpl@58b02770]
14:11:16.088 [Test worker] DEBUG o.h.p.w.spi.MetamodelGraphWalker - Visiting attribute path : parent_ns.descriptor_reference.vnfd
14:11:16.089 [Test worker] DEBUG o.h.l.p.b.i.spaces.QuerySpacesImpl - Adding QuerySpace : uid = <gen:78> -> org.hibernate.loader.plan.build.internal.spaces.CollectionQuerySpaceImpl@14ed578d]
14:11:16.089 [Test worker] DEBUG o.h.l.p.b.i.spaces.QuerySpacesImpl - Adding QuerySpace : uid = <gen:79> -> org.hibernate.loader.plan.build.internal.spaces.EntityQuerySpaceImpl@6a0ef4b6]
14:11:16.089 [Test worker] DEBUG o.h.p.w.spi.MetamodelGraphWalker - Visiting attribute path : parent_ns.lifecycle_event
14:11:16.089 [Test worker] DEBUG o.h.l.p.b.i.spaces.QuerySpacesImpl - Adding QuerySpace : uid = <gen:80> -> org.hibernate.loader.plan.build.internal.spaces.EntityQuerySpaceImpl@7be40f1f]
14:11:16.089 [Test worker] DEBUG o.h.p.w.spi.MetamodelGraphWalker - Visiting attribute path : parent_ns.lifecycle_event.lifecycle_events
14:11:16.089 [Test worker] DEBUG o.h.p.w.spi.MetamodelGraphWalker - Visiting attribute path : parent_ns.lifecycle_event.version
14:11:16.089 [Test worker] DEBUG o.h.p.w.spi.MetamodelGraphWalker - Visiting attribute path : parent_ns.lifecycle_event_history
14:11:16.089 [Test worker] DEBUG o.h.l.p.b.i.spaces.QuerySpacesImpl - Adding QuerySpace : uid = <gen:81> -> org.hibernate.loader.plan.build.internal.spaces.CollectionQuerySpaceImpl@71551e68]
14:11:16.089 [Test worker] DEBUG o.h.l.p.b.i.spaces.QuerySpacesImpl - Adding QuerySpace : uid = <gen:82> -> org.hibernate.loader.plan.build.internal.spaces.EntityQuerySpaceImpl@b3f77f9]
14:11:16.089 [Test worker] DEBUG o.h.p.w.spi.MetamodelGraphWalker - Visiting attribute path : parent_ns.lifecycle_event_history.lifecycle_events
14:11:16.089 [Test worker] DEBUG o.h.p.w.spi.MetamodelGraphWalker - Visiting attribute path : parent_ns.lifecycle_event_history.version
14:11:16.089 [Test worker] DEBUG o.h.p.w.spi.MetamodelGraphWalker - Visiting attribute path : parent_ns.monitoring_parameter
14:11:16.089 [Test worker] DEBUG o.h.p.w.spi.MetamodelGraphWalker - Visiting attribute path : parent_ns.notification
14:11:16.089 [Test worker] DEBUG o.h.p.w.spi.MetamodelGraphWalker - Visiting attribute path : parent_ns.pnfr
14:11:16.089 [Test worker] DEBUG o.h.l.p.b.i.spaces.QuerySpacesImpl - Adding QuerySpace : uid = <gen:83> -> org.hibernate.loader.plan.build.internal.spaces.CollectionQuerySpaceImpl@58e6bbf9]
14:11:16.089 [Test worker] DEBUG o.h.l.p.b.i.spaces.QuerySpacesImpl - Adding QuerySpace : uid = <gen:84> -> org.hibernate.loader.plan.build.internal.spaces.EntityQuerySpaceImpl@143f0608]
14:11:16.089 [Test worker] DEBUG o.h.p.w.spi.MetamodelGraphWalker - Visiting attribute path : parent_ns.pnfr.connected_virtual_link
14:11:16.089 [Test worker] DEBUG o.h.l.p.b.i.spaces.QuerySpacesImpl - Adding QuerySpace : uid = <gen:85> -> org.hibernate.loader.plan.build.internal.spaces.CollectionQuerySpaceImpl@607dcebf]
14:11:16.089 [Test worker] DEBUG o.h.l.p.b.i.spaces.QuerySpacesImpl - Adding QuerySpace : uid = <gen:86> -> org.hibernate.loader.plan.build.internal.spaces.EntityQuerySpaceImpl@63908f16]
14:11:16.089 [Test worker] DEBUG o.h.p.w.spi.MetamodelGraphWalker - Visiting attribute path : parent_ns.pnfr.connection_point
14:11:16.089 [Test worker] DEBUG o.h.l.p.b.i.spaces.QuerySpacesImpl - Adding QuerySpace : uid = <gen:87> -> org.hibernate.loader.plan.build.internal.spaces.CollectionQuerySpaceImpl@27a2206b]
14:11:16.089 [Test worker] DEBUG o.h.l.p.b.i.spaces.QuerySpacesImpl - Adding QuerySpace : uid = <gen:88> -> org.hibernate.loader.plan.build.internal.spaces.EntityQuerySpaceImpl@4fe6521]
14:11:16.089 [Test worker] DEBUG o.h.p.w.spi.MetamodelGraphWalker - Visiting attribute path : parent_ns.pnfr.description
14:11:16.089 [Test worker] DEBUG o.h.p.w.spi.MetamodelGraphWalker - Visiting attribute path : parent_ns.pnfr.descriptor_reference
14:11:16.089 [Test worker] DEBUG o.h.l.p.b.i.spaces.QuerySpacesImpl - Adding QuerySpace : uid = <gen:89> -> org.hibernate.loader.plan.build.internal.spaces.EntityQuerySpaceImpl@59a15c16]
14:11:16.089 [Test worker] DEBUG o.h.p.w.spi.MetamodelGraphWalker - Visiting attribute path : parent_ns.pnfr.oam_reference
14:11:16.089 [Test worker] DEBUG o.h.p.w.spi.MetamodelGraphWalker - Visiting attribute path : parent_ns.pnfr.parent_ns
14:11:16.090 [Test worker] DEBUG o.h.l.p.b.i.spaces.QuerySpacesImpl - Adding QuerySpace : uid = <gen:90> -> org.hibernate.loader.plan.build.internal.spaces.EntityQuerySpaceImpl@70a4d652]
14:11:16.090 [Test worker] DEBUG o.h.p.w.spi.MetamodelGraphWalker - Visiting attribute path : parent_ns.pnfr.pnf_address
14:11:16.090 [Test worker] DEBUG o.h.p.w.spi.MetamodelGraphWalker - Visiting attribute path : parent_ns.pnfr.vendor
14:11:16.090 [Test worker] DEBUG o.h.p.w.spi.MetamodelGraphWalker - Visiting attribute path : parent_ns.pnfr.version
14:11:16.090 [Test worker] DEBUG o.h.p.w.spi.MetamodelGraphWalker - Visiting attribute path : parent_ns.pnfr.vnffgr
14:11:16.090 [Test worker] DEBUG o.h.l.p.b.i.spaces.QuerySpacesImpl - Adding QuerySpace : uid = <gen:91> -> org.hibernate.loader.plan.build.internal.spaces.CollectionQuerySpaceImpl@55f2db44]
14:11:16.090 [Test worker] DEBUG o.h.l.p.b.i.spaces.QuerySpacesImpl - Adding QuerySpace : uid = <gen:92> -> org.hibernate.loader.plan.build.internal.spaces.EntityQuerySpaceImpl@3b197971]
14:11:16.090 [Test worker] DEBUG o.h.p.w.spi.MetamodelGraphWalker - Visiting attribute path : parent_ns.resource_reservation
14:11:16.090 [Test worker] DEBUG o.h.p.w.spi.MetamodelGraphWalker - Visiting attribute path : parent_ns.runtime_policy_info
14:11:16.090 [Test worker] DEBUG o.h.p.w.spi.MetamodelGraphWalker - Visiting attribute path : parent_ns.service_deployment_flavour
14:11:16.090 [Test worker] DEBUG o.h.l.p.b.i.spaces.QuerySpacesImpl - Adding QuerySpace : uid = <gen:93> -> org.hibernate.loader.plan.build.internal.spaces.EntityQuerySpaceImpl@5740807]
14:11:16.090 [Test worker] DEBUG o.h.p.w.spi.MetamodelGraphWalker - Visiting attribute path : parent_ns.service_deployment_flavour.flavour_key
14:11:16.090 [Test worker] DEBUG o.h.p.w.spi.MetamodelGraphWalker - Visiting attribute path : parent_ns.service_deployment_flavour.version
14:11:16.090 [Test worker] DEBUG o.h.p.w.spi.MetamodelGraphWalker - Visiting attribute path : parent_ns.service_deployment_flavour.constituent_vnf
14:11:16.090 [Test worker] DEBUG o.h.p.w.spi.MetamodelGraphWalker - Visiting attribute path : parent_ns.status
14:11:16.090 [Test worker] DEBUG o.h.p.w.spi.MetamodelGraphWalker - Visiting attribute path : parent_ns.vendor
14:11:16.090 [Test worker] DEBUG o.h.p.w.spi.MetamodelGraphWalker - Visiting attribute path : parent_ns.version
14:11:16.090 [Test worker] DEBUG o.h.p.w.spi.MetamodelGraphWalker - Visiting attribute path : parent_ns.vlr
14:11:16.090 [Test worker] DEBUG o.h.l.p.b.i.spaces.QuerySpacesImpl - Adding QuerySpace : uid = <gen:94> -> org.hibernate.loader.plan.build.internal.spaces.CollectionQuerySpaceImpl@129ec618]
14:11:16.090 [Test worker] DEBUG o.h.l.p.b.i.spaces.QuerySpacesImpl - Adding QuerySpace : uid = <gen:95> -> org.hibernate.loader.plan.build.internal.spaces.EntityQuerySpaceImpl@75df5b34]
14:11:16.090 [Test worker] DEBUG o.h.p.w.spi.MetamodelGraphWalker - Visiting attribute path : parent_ns.vlr.allocated_capacity
14:11:16.090 [Test worker] DEBUG o.h.p.w.spi.MetamodelGraphWalker - Visiting attribute path : parent_ns.vlr.audit_log
14:11:16.090 [Test worker] DEBUG o.h.p.w.spi.MetamodelGraphWalker - Visiting attribute path : parent_ns.vlr.connection
14:11:16.090 [Test worker] DEBUG o.h.p.w.spi.MetamodelGraphWalker - Visiting attribute path : parent_ns.vlr.connectivity_type
14:11:16.090 [Test worker] DEBUG o.h.p.w.spi.MetamodelGraphWalker - Visiting attribute path : parent_ns.vlr.descriptor_reference
14:11:16.090 [Test worker] DEBUG o.h.p.w.spi.MetamodelGraphWalker - Visiting attribute path : parent_ns.vlr.leaf_requirement
14:11:16.091 [Test worker] DEBUG o.h.p.w.spi.MetamodelGraphWalker - Visiting attribute path : parent_ns.vlr.lifecycle_event_history
14:11:16.091 [Test worker] DEBUG o.h.p.w.spi.MetamodelGraphWalker - Property path deemed to be circular : parent_ns.vlr.lifecycle_event_history
14:11:16.091 [Test worker] DEBUG o.h.p.w.spi.MetamodelGraphWalker - Visiting attribute path : parent_ns.vlr.notification
14:11:16.091 [Test worker] DEBUG o.h.p.w.spi.MetamodelGraphWalker - Visiting attribute path : parent_ns.vlr.number_of_enpoints
14:11:16.091 [Test worker] DEBUG o.h.p.w.spi.MetamodelGraphWalker - Visiting attribute path : parent_ns.vlr.parent_ns
14:11:16.091 [Test worker] DEBUG o.h.p.w.spi.MetamodelGraphWalker - Visiting attribute path : parent_ns.vlr.qos
14:11:16.091 [Test worker] DEBUG o.h.p.w.spi.MetamodelGraphWalker - Visiting attribute path : parent_ns.vlr.root_requirement
14:11:16.091 [Test worker] DEBUG o.h.p.w.spi.MetamodelGraphWalker - Visiting attribute path : parent_ns.vlr.status
14:11:16.091 [Test worker] DEBUG o.h.p.w.spi.MetamodelGraphWalker - Visiting attribute path : parent_ns.vlr.test_access
14:11:16.091 [Test worker] DEBUG o.h.p.w.spi.MetamodelGraphWalker - Visiting attribute path : parent_ns.vlr.vendor
14:11:16.091 [Test worker] DEBUG o.h.p.w.spi.MetamodelGraphWalker - Visiting attribute path : parent_ns.vlr.version
14:11:16.091 [Test worker] DEBUG o.h.p.w.spi.MetamodelGraphWalker - Visiting attribute path : parent_ns.vlr.vim_id
14:11:16.091 [Test worker] DEBUG o.h.p.w.spi.MetamodelGraphWalker - Visiting attribute path : parent_ns.vlr.vnffgr_reference
14:11:16.091 [Test worker] DEBUG o.h.p.w.spi.MetamodelGraphWalker - Property path deemed to be circular : parent_ns.vlr.vnffgr_reference
14:11:16.091 [Test worker] DEBUG o.h.p.w.spi.MetamodelGraphWalker - Visiting attribute path : parent_ns.vnf_dependency
14:11:16.091 [Test worker] DEBUG o.h.l.p.b.i.spaces.QuerySpacesImpl - Adding QuerySpace : uid = <gen:96> -> org.hibernate.loader.plan.build.internal.spaces.CollectionQuerySpaceImpl@6d7e7fc]
14:11:16.091 [Test worker] DEBUG o.h.l.p.b.i.spaces.QuerySpacesImpl - Adding QuerySpace : uid = <gen:97> -> org.hibernate.loader.plan.build.internal.spaces.EntityQuerySpaceImpl@48bf54e6]
14:11:16.091 [Test worker] DEBUG o.h.p.w.spi.MetamodelGraphWalker - Visiting attribute path : parent_ns.vnf_dependency.source
14:11:16.091 [Test worker] DEBUG o.h.l.p.b.i.spaces.QuerySpacesImpl - Adding QuerySpace : uid = <gen:98> -> org.hibernate.loader.plan.build.internal.spaces.EntityQuerySpaceImpl@5e9b626a]
14:11:16.091 [Test worker] DEBUG o.h.p.w.spi.MetamodelGraphWalker - Visiting attribute path : parent_ns.vnf_dependency.target
14:11:16.091 [Test worker] DEBUG o.h.l.p.b.i.spaces.QuerySpacesImpl - Adding QuerySpace : uid = <gen:99> -> org.hibernate.loader.plan.build.internal.spaces.EntityQuerySpaceImpl@2b5a4dac]
14:11:16.091 [Test worker] DEBUG o.h.p.w.spi.MetamodelGraphWalker - Visiting attribute path : parent_ns.vnf_dependency.version
14:11:16.091 [Test worker] DEBUG o.h.p.w.spi.MetamodelGraphWalker - Visiting attribute path : parent_ns.vnffgr
14:11:16.091 [Test worker] DEBUG o.h.l.p.b.i.spaces.QuerySpacesImpl - Adding QuerySpace : uid = <gen:100> -> org.hibernate.loader.plan.build.internal.spaces.CollectionQuerySpaceImpl@35a16d70]
14:11:16.091 [Test worker] DEBUG o.h.l.p.b.i.spaces.QuerySpacesImpl - Adding QuerySpace : uid = <gen:101> -> org.hibernate.loader.plan.build.internal.spaces.EntityQuerySpaceImpl@7917ef91]
14:11:16.091 [Test worker] DEBUG o.h.p.w.spi.MetamodelGraphWalker - Visiting attribute path : parent_ns.vnffgr.connection_point
14:11:16.091 [Test worker] DEBUG o.h.p.w.spi.MetamodelGraphWalker - Visiting attribute path : parent_ns.vnffgr.constituent_vnfs
14:11:16.091 [Test worker] DEBUG o.h.p.w.spi.MetamodelGraphWalker - Visiting attribute path : parent_ns.vnffgr.dependent_virtual_link
14:11:16.091 [Test worker] DEBUG o.h.p.w.spi.MetamodelGraphWalker - Visiting attribute path : parent_ns.vnffgr.descriptor_version
14:11:16.091 [Test worker] DEBUG o.h.p.w.spi.MetamodelGraphWalker - Visiting attribute path : parent_ns.vnffgr.hb_version
14:11:16.091 [Test worker] DEBUG o.h.p.w.spi.MetamodelGraphWalker - Visiting attribute path : parent_ns.vnffgr.network_forwarding_path
14:11:16.091 [Test worker] DEBUG o.h.p.w.spi.MetamodelGraphWalker - Visiting attribute path : parent_ns.vnffgr.number_of_endpoints
14:11:16.092 [Test worker] DEBUG o.h.p.w.spi.MetamodelGraphWalker - Visiting attribute path : parent_ns.vnffgr.number_of_virtual_links
14:11:16.092 [Test worker] DEBUG o.h.p.w.spi.MetamodelGraphWalker - Visiting attribute path : parent_ns.vnffgr.vendor
14:11:16.092 [Test worker] DEBUG o.h.p.w.spi.MetamodelGraphWalker - Visiting attribute path : parent_ns.vnffgr.version
14:11:16.092 [Test worker] DEBUG o.h.p.w.spi.MetamodelGraphWalker - Visiting attribute path : parent_ns.vnffgr.vnffgd_security
14:11:16.092 [Test worker] DEBUG o.h.p.w.spi.MetamodelGraphWalker - Property path deemed to be circular : parent_ns.vnffgr.vnffgd_security
14:11:16.092 [Test worker] DEBUG o.h.p.w.spi.MetamodelGraphWalker - Visiting attribute path : parent_ns.vnfr
14:11:16.092 [Test worker] DEBUG o.h.l.p.b.i.spaces.QuerySpacesImpl - Adding QuerySpace : uid = <gen:102> -> org.hibernate.loader.plan.build.internal.spaces.EntityQuerySpaceImpl@36663554]
14:11:16.093 [Test worker] DEBUG o.h.p.w.spi.MetamodelGraphWalker - Visiting attribute path : parent_ns.vnfr.audit_log
14:11:16.093 [Test worker] DEBUG o.h.p.w.spi.MetamodelGraphWalker - Visiting attribute path : parent_ns.vnfr.auto_scale_policy
14:11:16.093 [Test worker] DEBUG o.h.p.w.spi.MetamodelGraphWalker - Property path deemed to be circular : parent_ns.vnfr.auto_scale_policy
14:11:16.093 [Test worker] DEBUG o.h.p.w.spi.MetamodelGraphWalker - Visiting attribute path : parent_ns.vnfr.connected_external_virtual_link
14:11:16.093 [Test worker] DEBUG o.h.p.w.spi.MetamodelGraphWalker - Property path deemed to be circular : parent_ns.vnfr.connected_external_virtual_link
14:11:16.093 [Test worker] DEBUG o.h.p.w.spi.MetamodelGraphWalker - Visiting attribute path : parent_ns.vnfr.connection_point
14:11:16.093 [Test worker] DEBUG o.h.p.w.spi.MetamodelGraphWalker - Property path deemed to be circular : parent_ns.vnfr.connection_point
14:11:16.093 [Test worker] DEBUG o.h.p.w.spi.MetamodelGraphWalker - Visiting attribute path : parent_ns.vnfr.dependency
14:11:16.093 [Test worker] DEBUG o.h.p.w.spi.MetamodelGraphWalker - Property path deemed to be circular : parent_ns.vnfr.dependency
14:11:16.093 [Test worker] DEBUG o.h.p.w.spi.MetamodelGraphWalker - Visiting attribute path : parent_ns.vnfr.deployment_flavour
14:11:16.093 [Test worker] DEBUG o.h.p.w.spi.MetamodelGraphWalker - Property path deemed to be circular : parent_ns.vnfr.deployment_flavour
14:11:16.093 [Test worker] DEBUG o.h.p.w.spi.MetamodelGraphWalker - Visiting attribute path : parent_ns.vnfr.descriptor_reference
14:11:16.093 [Test worker] DEBUG o.h.p.w.spi.MetamodelGraphWalker - Visiting attribute path : parent_ns.vnfr.lifecycle_event
14:11:16.093 [Test worker] DEBUG o.h.p.w.spi.MetamodelGraphWalker - Property path deemed to be circular : parent_ns.vnfr.lifecycle_event
14:11:16.093 [Test worker] DEBUG o.h.p.w.spi.MetamodelGraphWalker - Visiting attribute path : parent_ns.vnfr.lifecycle_event_history
14:11:16.093 [Test worker] DEBUG o.h.p.w.spi.MetamodelGraphWalker - Property path deemed to be circular : parent_ns.vnfr.lifecycle_event_history
14:11:16.093 [Test worker] DEBUG o.h.p.w.spi.MetamodelGraphWalker - Visiting attribute path : parent_ns.vnfr.localization
14:11:16.093 [Test worker] DEBUG o.h.p.w.spi.MetamodelGraphWalker - Visiting attribute path : parent_ns.vnfr.monitoring_parameter
14:11:16.093 [Test worker] DEBUG o.h.p.w.spi.MetamodelGraphWalker - Visiting attribute path : parent_ns.vnfr.notification
14:11:16.093 [Test worker] DEBUG o.h.p.w.spi.MetamodelGraphWalker - Visiting attribute path : parent_ns.vnfr.parent_ns
14:11:16.093 [Test worker] DEBUG o.h.p.w.spi.MetamodelGraphWalker - Property path deemed to be circular : parent_ns.vnfr.parent_ns
14:11:16.093 [Test worker] DEBUG o.h.p.w.spi.MetamodelGraphWalker - Visiting attribute path : parent_ns.vnfr.runtime_policy_info
14:11:16.093 [Test worker] DEBUG o.h.p.w.spi.MetamodelGraphWalker - Visiting attribute path : parent_ns.vnfr.status
14:11:16.093 [Test worker] DEBUG o.h.p.w.spi.MetamodelGraphWalker - Visiting attribute path : parent_ns.vnfr.vdu
14:11:16.093 [Test worker] DEBUG o.h.p.w.spi.MetamodelGraphWalker - Property path deemed to be circular : parent_ns.vnfr.vdu
14:11:16.093 [Test worker] DEBUG o.h.p.w.spi.MetamodelGraphWalker - Visiting attribute path : parent_ns.vnfr.vendor
14:11:16.093 [Test worker] DEBUG o.h.p.w.spi.MetamodelGraphWalker - Visiting attribute path : parent_ns.vnfr.version
14:11:16.093 [Test worker] DEBUG o.h.p.w.spi.MetamodelGraphWalker - Visiting attribute path : parent_ns.vnfr.virtual_link
14:11:16.093 [Test worker] DEBUG o.h.p.w.spi.MetamodelGraphWalker - Property path deemed to be circular : parent_ns.vnfr.virtual_link
14:11:16.093 [Test worker] DEBUG o.h.p.w.spi.MetamodelGraphWalker - Visiting attribute path : parent_ns.vnfr.vnf_address
14:11:16.093 [Test worker] DEBUG o.h.p.w.spi.MetamodelGraphWalker - Visiting attribute path : parent_ns.vnfr.vnfm_id
14:11:16.093 [Test worker] DEBUG o.h.p.w.spi.MetamodelGraphWalker - Visiting attribute path : status
14:11:16.093 [Test worker] DEBUG o.h.p.w.spi.MetamodelGraphWalker - Visiting attribute path : vendor
14:11:16.093 [Test worker] DEBUG o.h.p.w.spi.MetamodelGraphWalker - Visiting attribute path : version
14:11:16.093 [Test worker] DEBUG o.h.l.p.b.i.FetchStyleLoadPlanBuildingAssociationVisitationStrategy - Building LoadPlan...
14:11:16.093 [Test worker] DEBUG o.h.l.p.e.i.LoadQueryJoinAndFetchProcessor - processing queryspace <gen:0>
14:11:16.099 [Test worker] DEBUG o.h.l.p.b.spi.LoadPlanTreePrinter - LoadPlan(entity=org.project.neutrino.nfvo.catalogue.mano.record.VNFForwardingGraphRecord)
    - Returns
       - EntityReturnImpl(entity=org.project.neutrino.nfvo.catalogue.mano.record.VNFForwardingGraphRecord, querySpaceUid=<gen:0>, path=org.project.neutrino.nfvo.catalogue.mano.record.VNFForwardingGraphRecord)
          - CollectionAttributeFetchImpl(collection=org.project.neutrino.nfvo.catalogue.mano.record.VNFForwardingGraphRecord.connection_point, querySpaceUid=<gen:1>, path=org.project.neutrino.nfvo.catalogue.mano.record.VNFForwardingGraphRecord.connection_point)
             - (collection element) CollectionFetchableElementEntityGraph(entity=org.project.neutrino.nfvo.catalogue.mano.descriptor.VNFDConnectionPoint, querySpaceUid=<gen:2>, path=org.project.neutrino.nfvo.catalogue.mano.record.VNFForwardingGraphRecord.connection_point.<elements>)
          - CollectionAttributeFetchImpl(collection=org.project.neutrino.nfvo.catalogue.mano.record.VNFForwardingGraphRecord.dependent_virtual_link, querySpaceUid=<gen:3>, path=org.project.neutrino.nfvo.catalogue.mano.record.VNFForwardingGraphRecord.dependent_virtual_link)
             - (collection element) CollectionFetchableElementEntityGraph(entity=org.project.neutrino.nfvo.catalogue.mano.record.VirtualLinkRecord, querySpaceUid=<gen:4>, path=org.project.neutrino.nfvo.catalogue.mano.record.VNFForwardingGraphRecord.dependent_virtual_link.<elements>)
                - CollectionAttributeFetchImpl(collection=org.project.neutrino.nfvo.catalogue.mano.record.VirtualLinkRecord.lifecycle_event_history, querySpaceUid=<gen:5>, path=org.project.neutrino.nfvo.catalogue.mano.record.VNFForwardingGraphRecord.dependent_virtual_link.<elements>.lifecycle_event_history)
                   - (collection element) CollectionFetchableElementEntityGraph(entity=org.project.neutrino.nfvo.catalogue.mano.common.LifecycleEvent, querySpaceUid=<gen:6>, path=org.project.neutrino.nfvo.catalogue.mano.record.VNFForwardingGraphRecord.dependent_virtual_link.<elements>.lifecycle_event_history.<elements>)
                - CollectionAttributeFetchImpl(collection=org.project.neutrino.nfvo.catalogue.mano.record.VirtualLinkRecord.vnffgr_reference, querySpaceUid=<gen:7>, path=org.project.neutrino.nfvo.catalogue.mano.record.VNFForwardingGraphRecord.dependent_virtual_link.<elements>.vnffgr_reference)
                   - (collection element) CollectionFetchableElementEntityGraph(entity=org.project.neutrino.nfvo.catalogue.mano.record.VNFForwardingGraphRecord, querySpaceUid=<gen:8>, path=org.project.neutrino.nfvo.catalogue.mano.record.VNFForwardingGraphRecord.dependent_virtual_link.<elements>.vnffgr_reference.<elements>)
                      - EntityAttributeFetchImpl(entity=org.project.neutrino.nfvo.catalogue.mano.descriptor.VNFForwardingGraph, querySpaceUid=<gen:9>, path=org.project.neutrino.nfvo.catalogue.mano.record.VNFForwardingGraphRecord.dependent_virtual_link.<elements>.vnffgr_reference.<elements>.descriptor_reference)
                      - CollectionAttributeFetchImpl(collection=org.project.neutrino.nfvo.catalogue.mano.record.VNFForwardingGraphRecord.lifecycle_event_history, querySpaceUid=<gen:10>, path=org.project.neutrino.nfvo.catalogue.mano.record.VNFForwardingGraphRecord.dependent_virtual_link.<elements>.vnffgr_reference.<elements>.lifecycle_event_history)
                         - (collection element) CollectionFetchableElementEntityGraph(entity=org.project.neutrino.nfvo.catalogue.mano.common.LifecycleEvent, querySpaceUid=<gen:11>, path=org.project.neutrino.nfvo.catalogue.mano.record.VNFForwardingGraphRecord.dependent_virtual_link.<elements>.vnffgr_reference.<elements>.lifecycle_event_history.<elements>)
                      - CollectionAttributeFetchImpl(collection=org.project.neutrino.nfvo.catalogue.mano.record.VNFForwardingGraphRecord.member_vnfs, querySpaceUid=<gen:12>, path=org.project.neutrino.nfvo.catalogue.mano.record.VNFForwardingGraphRecord.dependent_virtual_link.<elements>.vnffgr_reference.<elements>.member_vnfs)
                         - (collection element) CollectionFetchableElementEntityGraph(entity=org.project.neutrino.nfvo.catalogue.mano.record.VirtualNetworkFunctionRecord, querySpaceUid=<gen:13>, path=org.project.neutrino.nfvo.catalogue.mano.record.VNFForwardingGraphRecord.dependent_virtual_link.<elements>.vnffgr_reference.<elements>.member_vnfs.<elements>)
                      - EntityAttributeFetchImpl(entity=org.project.neutrino.nfvo.catalogue.mano.descriptor.NetworkForwardingPath, querySpaceUid=<gen:14>, path=org.project.neutrino.nfvo.catalogue.mano.record.VNFForwardingGraphRecord.dependent_virtual_link.<elements>.vnffgr_reference.<elements>.network_forwarding_path)
                      - EntityAttributeFetchImpl(entity=org.project.neutrino.nfvo.catalogue.mano.record.NetworkServiceRecord, querySpaceUid=<gen:15>, path=org.project.neutrino.nfvo.catalogue.mano.record.VNFForwardingGraphRecord.dependent_virtual_link.<elements>.vnffgr_reference.<elements>.parent_ns)
          - EntityAttributeFetchImpl(entity=org.project.neutrino.nfvo.catalogue.mano.descriptor.VNFForwardingGraph, querySpaceUid=<gen:16>, path=org.project.neutrino.nfvo.catalogue.mano.record.VNFForwardingGraphRecord.descriptor_reference)
             - EntityAttributeFetchImpl(entity=org.project.neutrino.nfvo.catalogue.mano.common.Security, querySpaceUid=<gen:17>, path=org.project.neutrino.nfvo.catalogue.mano.record.VNFForwardingGraphRecord.descriptor_reference.vnffgd_security)
          - CollectionAttributeFetchImpl(collection=org.project.neutrino.nfvo.catalogue.mano.record.VNFForwardingGraphRecord.lifecycle_event_history, querySpaceUid=<gen:18>, path=org.project.neutrino.nfvo.catalogue.mano.record.VNFForwardingGraphRecord.lifecycle_event_history)
             - (collection element) CollectionFetchableElementEntityGraph(entity=org.project.neutrino.nfvo.catalogue.mano.common.LifecycleEvent, querySpaceUid=<gen:19>, path=org.project.neutrino.nfvo.catalogue.mano.record.VNFForwardingGraphRecord.lifecycle_event_history.<elements>)
          - CollectionAttributeFetchImpl(collection=org.project.neutrino.nfvo.catalogue.mano.record.VNFForwardingGraphRecord.member_vnfs, querySpaceUid=<gen:20>, path=org.project.neutrino.nfvo.catalogue.mano.record.VNFForwardingGraphRecord.member_vnfs)
             - (collection element) CollectionFetchableElementEntityGraph(entity=org.project.neutrino.nfvo.catalogue.mano.record.VirtualNetworkFunctionRecord, querySpaceUid=<gen:21>, path=org.project.neutrino.nfvo.catalogue.mano.record.VNFForwardingGraphRecord.member_vnfs.<elements>)
                - CollectionAttributeFetchImpl(collection=org.project.neutrino.nfvo.catalogue.mano.record.VirtualNetworkFunctionRecord.auto_scale_policy, querySpaceUid=<gen:22>, path=org.project.neutrino.nfvo.catalogue.mano.record.VNFForwardingGraphRecord.member_vnfs.<elements>.auto_scale_policy)
                   - (collection element) CollectionFetchableElementEntityGraph(entity=org.project.neutrino.nfvo.catalogue.mano.common.AutoScalePolicy, querySpaceUid=<gen:23>, path=org.project.neutrino.nfvo.catalogue.mano.record.VNFForwardingGraphRecord.member_vnfs.<elements>.auto_scale_policy.<elements>)
                - CollectionAttributeFetchImpl(collection=org.project.neutrino.nfvo.catalogue.mano.record.VirtualNetworkFunctionRecord.connected_external_virtual_link, querySpaceUid=<gen:24>, path=org.project.neutrino.nfvo.catalogue.mano.record.VNFForwardingGraphRecord.member_vnfs.<elements>.connected_external_virtual_link)
                   - (collection element) CollectionFetchableElementEntityGraph(entity=org.project.neutrino.nfvo.catalogue.mano.record.VirtualLinkRecord, querySpaceUid=<gen:25>, path=org.project.neutrino.nfvo.catalogue.mano.record.VNFForwardingGraphRecord.member_vnfs.<elements>.connected_external_virtual_link.<elements>)
                - CollectionAttributeFetchImpl(collection=org.project.neutrino.nfvo.catalogue.mano.record.VirtualNetworkFunctionRecord.connection_point, querySpaceUid=<gen:26>, path=org.project.neutrino.nfvo.catalogue.mano.record.VNFForwardingGraphRecord.member_vnfs.<elements>.connection_point)
                   - (collection element) CollectionFetchableElementEntityGraph(entity=org.project.neutrino.nfvo.catalogue.mano.common.ConnectionPoint, querySpaceUid=<gen:27>, path=org.project.neutrino.nfvo.catalogue.mano.record.VNFForwardingGraphRecord.member_vnfs.<elements>.connection_point.<elements>)
                - CollectionAttributeFetchImpl(collection=org.project.neutrino.nfvo.catalogue.mano.record.VirtualNetworkFunctionRecord.dependency, querySpaceUid=<gen:28>, path=org.project.neutrino.nfvo.catalogue.mano.record.VNFForwardingGraphRecord.member_vnfs.<elements>.dependency)
                   - (collection element) CollectionFetchableElementEntityGraph(entity=org.project.neutrino.nfvo.catalogue.mano.common.VNFDependency, querySpaceUid=<gen:29>, path=org.project.neutrino.nfvo.catalogue.mano.record.VNFForwardingGraphRecord.member_vnfs.<elements>.dependency.<elements>)
                      - EntityAttributeFetchImpl(entity=org.project.neutrino.nfvo.catalogue.mano.descriptor.VirtualNetworkFunctionDescriptor, querySpaceUid=<gen:30>, path=org.project.neutrino.nfvo.catalogue.mano.record.VNFForwardingGraphRecord.member_vnfs.<elements>.dependency.<elements>.source)
                      - EntityAttributeFetchImpl(entity=org.project.neutrino.nfvo.catalogue.mano.descriptor.VirtualNetworkFunctionDescriptor, querySpaceUid=<gen:31>, path=org.project.neutrino.nfvo.catalogue.mano.record.VNFForwardingGraphRecord.member_vnfs.<elements>.dependency.<elements>.target)
                - EntityAttributeFetchImpl(entity=org.project.neutrino.nfvo.catalogue.mano.descriptor.VNFDDeploymentFlavour, querySpaceUid=<gen:32>, path=org.project.neutrino.nfvo.catalogue.mano.record.VNFForwardingGraphRecord.member_vnfs.<elements>.deployment_flavour)
                   - CollectionAttributeFetchImpl(collection=org.project.neutrino.nfvo.catalogue.mano.descriptor.VNFDDeploymentFlavour.df_constraint, querySpaceUid=<gen:33>, path=org.project.neutrino.nfvo.catalogue.mano.record.VNFForwardingGraphRecord.member_vnfs.<elements>.deployment_flavour.df_constraint)
                - EntityAttributeFetchImpl(entity=org.project.neutrino.nfvo.catalogue.mano.common.LifecycleEvent, querySpaceUid=<gen:34>, path=org.project.neutrino.nfvo.catalogue.mano.record.VNFForwardingGraphRecord.member_vnfs.<elements>.lifecycle_event)
                - CollectionAttributeFetchImpl(collection=org.project.neutrino.nfvo.catalogue.mano.record.VirtualNetworkFunctionRecord.lifecycle_event_history, querySpaceUid=<gen:35>, path=org.project.neutrino.nfvo.catalogue.mano.record.VNFForwardingGraphRecord.member_vnfs.<elements>.lifecycle_event_history)
                   - (collection element) CollectionFetchableElementEntityGraph(entity=org.project.neutrino.nfvo.catalogue.mano.common.LifecycleEvent, querySpaceUid=<gen:36>, path=org.project.neutrino.nfvo.catalogue.mano.record.VNFForwardingGraphRecord.member_vnfs.<elements>.lifecycle_event_history.<elements>)
                - EntityAttributeFetchImpl(entity=org.project.neutrino.nfvo.catalogue.mano.record.NetworkServiceRecord, querySpaceUid=<gen:37>, path=org.project.neutrino.nfvo.catalogue.mano.record.VNFForwardingGraphRecord.member_vnfs.<elements>.parent_ns)
                   - CollectionAttributeFetchImpl(collection=org.project.neutrino.nfvo.catalogue.mano.record.NetworkServiceRecord.auto_scale_policy, querySpaceUid=<gen:38>, path=org.project.neutrino.nfvo.catalogue.mano.record.VNFForwardingGraphRecord.member_vnfs.<elements>.parent_ns.auto_scale_policy)
                      - (collection element) CollectionFetchableElementEntityGraph(entity=org.project.neutrino.nfvo.catalogue.mano.common.AutoScalePolicy, querySpaceUid=<gen:39>, path=org.project.neutrino.nfvo.catalogue.mano.record.VNFForwardingGraphRecord.member_vnfs.<elements>.parent_ns.auto_scale_policy.<elements>)
                   - CollectionAttributeFetchImpl(collection=org.project.neutrino.nfvo.catalogue.mano.record.NetworkServiceRecord.connection_point, querySpaceUid=<gen:40>, path=org.project.neutrino.nfvo.catalogue.mano.record.VNFForwardingGraphRecord.member_vnfs.<elements>.parent_ns.connection_point)
                      - (collection element) CollectionFetchableElementEntityGraph(entity=org.project.neutrino.nfvo.catalogue.mano.common.ConnectionPoint, querySpaceUid=<gen:41>, path=org.project.neutrino.nfvo.catalogue.mano.record.VNFForwardingGraphRecord.member_vnfs.<elements>.parent_ns.connection_point.<elements>)
                   - EntityAttributeFetchImpl(entity=org.project.neutrino.nfvo.catalogue.mano.common.NFVEntityDescriptor, querySpaceUid=<gen:42>, path=org.project.neutrino.nfvo.catalogue.mano.record.VNFForwardingGraphRecord.member_vnfs.<elements>.parent_ns.descriptor_reference)
                   - EntityAttributeFetchImpl(entity=org.project.neutrino.nfvo.catalogue.mano.common.LifecycleEvent, querySpaceUid=<gen:43>, path=org.project.neutrino.nfvo.catalogue.mano.record.VNFForwardingGraphRecord.member_vnfs.<elements>.parent_ns.lifecycle_event)
                   - CollectionAttributeFetchImpl(collection=org.project.neutrino.nfvo.catalogue.mano.record.NetworkServiceRecord.lifecycle_event_history, querySpaceUid=<gen:44>, path=org.project.neutrino.nfvo.catalogue.mano.record.VNFForwardingGraphRecord.member_vnfs.<elements>.parent_ns.lifecycle_event_history)
                      - (collection element) CollectionFetchableElementEntityGraph(entity=org.project.neutrino.nfvo.catalogue.mano.common.LifecycleEvent, querySpaceUid=<gen:45>, path=org.project.neutrino.nfvo.catalogue.mano.record.VNFForwardingGraphRecord.member_vnfs.<elements>.parent_ns.lifecycle_event_history.<elements>)
                   - CollectionAttributeFetchImpl(collection=org.project.neutrino.nfvo.catalogue.mano.record.NetworkServiceRecord.pnfr, querySpaceUid=<gen:46>, path=org.project.neutrino.nfvo.catalogue.mano.record.VNFForwardingGraphRecord.member_vnfs.<elements>.parent_ns.pnfr)
                      - (collection element) CollectionFetchableElementEntityGraph(entity=org.project.neutrino.nfvo.catalogue.mano.record.PhysicalNetworkFunctionRecord, querySpaceUid=<gen:47>, path=org.project.neutrino.nfvo.catalogue.mano.record.VNFForwardingGraphRecord.member_vnfs.<elements>.parent_ns.pnfr.<elements>)
                   - EntityAttributeFetchImpl(entity=org.project.neutrino.nfvo.catalogue.mano.common.ServiceDeploymentFlavour, querySpaceUid=<gen:48>, path=org.project.neutrino.nfvo.catalogue.mano.record.VNFForwardingGraphRecord.member_vnfs.<elements>.parent_ns.service_deployment_flavour)
                   - CollectionAttributeFetchImpl(collection=org.project.neutrino.nfvo.catalogue.mano.record.NetworkServiceRecord.vlr, querySpaceUid=<gen:49>, path=org.project.neutrino.nfvo.catalogue.mano.record.VNFForwardingGraphRecord.member_vnfs.<elements>.parent_ns.vlr)
                      - (collection element) CollectionFetchableElementEntityGraph(entity=org.project.neutrino.nfvo.catalogue.mano.record.VirtualLinkRecord, querySpaceUid=<gen:50>, path=org.project.neutrino.nfvo.catalogue.mano.record.VNFForwardingGraphRecord.member_vnfs.<elements>.parent_ns.vlr.<elements>)
                   - CollectionAttributeFetchImpl(collection=org.project.neutrino.nfvo.catalogue.mano.record.NetworkServiceRecord.vnf_dependency, querySpaceUid=<gen:51>, path=org.project.neutrino.nfvo.catalogue.mano.record.VNFForwardingGraphRecord.member_vnfs.<elements>.parent_ns.vnf_dependency)
                      - (collection element) CollectionFetchableElementEntityGraph(entity=org.project.neutrino.nfvo.catalogue.mano.common.VNFDependency, querySpaceUid=<gen:52>, path=org.project.neutrino.nfvo.catalogue.mano.record.VNFForwardingGraphRecord.member_vnfs.<elements>.parent_ns.vnf_dependency.<elements>)
                   - CollectionAttributeFetchImpl(collection=org.project.neutrino.nfvo.catalogue.mano.record.NetworkServiceRecord.vnffgr, querySpaceUid=<gen:53>, path=org.project.neutrino.nfvo.catalogue.mano.record.VNFForwardingGraphRecord.member_vnfs.<elements>.parent_ns.vnffgr)
                      - (collection element) CollectionFetchableElementEntityGraph(entity=org.project.neutrino.nfvo.catalogue.mano.descriptor.VNFForwardingGraph, querySpaceUid=<gen:54>, path=org.project.neutrino.nfvo.catalogue.mano.record.VNFForwardingGraphRecord.member_vnfs.<elements>.parent_ns.vnffgr.<elements>)
                   - EntityAttributeFetchImpl(entity=org.project.neutrino.nfvo.catalogue.mano.record.VirtualNetworkFunctionRecord, querySpaceUid=<gen:55>, path=org.project.neutrino.nfvo.catalogue.mano.record.VNFForwardingGraphRecord.member_vnfs.<elements>.parent_ns.vnfr)
                - CollectionAttributeFetchImpl(collection=org.project.neutrino.nfvo.catalogue.mano.record.VirtualNetworkFunctionRecord.vdu, querySpaceUid=<gen:56>, path=org.project.neutrino.nfvo.catalogue.mano.record.VNFForwardingGraphRecord.member_vnfs.<elements>.vdu)
                   - (collection element) CollectionFetchableElementEntityGraph(entity=org.project.neutrino.nfvo.catalogue.mano.descriptor.VirtualDeploymentUnit, querySpaceUid=<gen:57>, path=org.project.neutrino.nfvo.catalogue.mano.record.VNFForwardingGraphRecord.member_vnfs.<elements>.vdu.<elements>)
                      - CollectionAttributeFetchImpl(collection=org.project.neutrino.nfvo.catalogue.mano.descriptor.VirtualDeploymentUnit.monitoring_parameter, querySpaceUid=<gen:58>, path=org.project.neutrino.nfvo.catalogue.mano.record.VNFForwardingGraphRecord.member_vnfs.<elements>.vdu.<elements>.monitoring_parameter)
                      - CollectionAttributeFetchImpl(collection=org.project.neutrino.nfvo.catalogue.mano.descriptor.VirtualDeploymentUnit.vm_image, querySpaceUid=<gen:59>, path=org.project.neutrino.nfvo.catalogue.mano.record.VNFForwardingGraphRecord.member_vnfs.<elements>.vdu.<elements>.vm_image)
                - CollectionAttributeFetchImpl(collection=org.project.neutrino.nfvo.catalogue.mano.record.VirtualNetworkFunctionRecord.virtual_link, querySpaceUid=<gen:60>, path=org.project.neutrino.nfvo.catalogue.mano.record.VNFForwardingGraphRecord.member_vnfs.<elements>.virtual_link)
                   - (collection element) CollectionFetchableElementEntityGraph(entity=org.project.neutrino.nfvo.catalogue.mano.descriptor.InternalVirtualLink, querySpaceUid=<gen:61>, path=org.project.neutrino.nfvo.catalogue.mano.record.VNFForwardingGraphRecord.member_vnfs.<elements>.virtual_link.<elements>)
                      - CollectionAttributeFetchImpl(collection=org.project.neutrino.nfvo.catalogue.mano.descriptor.InternalVirtualLink.connection_points_references, querySpaceUid=<gen:62>, path=org.project.neutrino.nfvo.catalogue.mano.record.VNFForwardingGraphRecord.member_vnfs.<elements>.virtual_link.<elements>.connection_points_references)
          - EntityAttributeFetchImpl(entity=org.project.neutrino.nfvo.catalogue.mano.descriptor.NetworkForwardingPath, querySpaceUid=<gen:63>, path=org.project.neutrino.nfvo.catalogue.mano.record.VNFForwardingGraphRecord.network_forwarding_path)
             - CollectionAttributeFetchImpl(collection=org.project.neutrino.nfvo.catalogue.mano.descriptor.NetworkForwardingPath.connection, querySpaceUid=<gen:64>, path=org.project.neutrino.nfvo.catalogue.mano.record.VNFForwardingGraphRecord.network_forwarding_path.connection)
             - EntityAttributeFetchImpl(entity=org.project.neutrino.nfvo.catalogue.mano.descriptor.Policy, querySpaceUid=<gen:65>, path=org.project.neutrino.nfvo.catalogue.mano.record.VNFForwardingGraphRecord.network_forwarding_path.policy)
          - EntityAttributeFetchImpl(entity=org.project.neutrino.nfvo.catalogue.mano.record.NetworkServiceRecord, querySpaceUid=<gen:66>, path=org.project.neutrino.nfvo.catalogue.mano.record.VNFForwardingGraphRecord.parent_ns)
             - CollectionAttributeFetchImpl(collection=org.project.neutrino.nfvo.catalogue.mano.record.NetworkServiceRecord.auto_scale_policy, querySpaceUid=<gen:67>, path=org.project.neutrino.nfvo.catalogue.mano.record.VNFForwardingGraphRecord.parent_ns.auto_scale_policy)
                - (collection element) CollectionFetchableElementEntityGraph(entity=org.project.neutrino.nfvo.catalogue.mano.common.AutoScalePolicy, querySpaceUid=<gen:68>, path=org.project.neutrino.nfvo.catalogue.mano.record.VNFForwardingGraphRecord.parent_ns.auto_scale_policy.<elements>)
             - CollectionAttributeFetchImpl(collection=org.project.neutrino.nfvo.catalogue.mano.record.NetworkServiceRecord.connection_point, querySpaceUid=<gen:69>, path=org.project.neutrino.nfvo.catalogue.mano.record.VNFForwardingGraphRecord.parent_ns.connection_point)
                - (collection element) CollectionFetchableElementEntityGraph(entity=org.project.neutrino.nfvo.catalogue.mano.common.ConnectionPoint, querySpaceUid=<gen:70>, path=org.project.neutrino.nfvo.catalogue.mano.record.VNFForwardingGraphRecord.parent_ns.connection_point.<elements>)
             - EntityAttributeFetchImpl(entity=org.project.neutrino.nfvo.catalogue.mano.common.NFVEntityDescriptor, querySpaceUid=<gen:71>, path=org.project.neutrino.nfvo.catalogue.mano.record.VNFForwardingGraphRecord.parent_ns.descriptor_reference)
                - CollectionAttributeFetchImpl(collection=org.project.neutrino.nfvo.catalogue.mano.common.NFVEntityDescriptor.monitoring_parameter, querySpaceUid=<gen:72>, path=org.project.neutrino.nfvo.catalogue.mano.record.VNFForwardingGraphRecord.parent_ns.descriptor_reference.monitoring_parameter)
                - CollectionAttributeFetchImpl(collection=org.project.neutrino.nfvo.catalogue.mano.descriptor.VirtualNetworkFunctionDescriptor.deployment_flavour, querySpaceUid=<gen:73>, path=org.project.neutrino.nfvo.catalogue.mano.record.VNFForwardingGraphRecord.parent_ns.descriptor_reference.deployment_flavour)
                   - (collection element) CollectionFetchableElementEntityGraph(entity=org.project.neutrino.nfvo.catalogue.mano.descriptor.VNFDDeploymentFlavour, querySpaceUid=<gen:74>, path=org.project.neutrino.nfvo.catalogue.mano.record.VNFForwardingGraphRecord.parent_ns.descriptor_reference.deployment_flavour.<elements>)
                - EntityAttributeFetchImpl(entity=org.project.neutrino.nfvo.catalogue.mano.common.Security, querySpaceUid=<gen:75>, path=org.project.neutrino.nfvo.catalogue.mano.record.VNFForwardingGraphRecord.parent_ns.descriptor_reference.nsd_security)
                - CollectionAttributeFetchImpl(collection=org.project.neutrino.nfvo.catalogue.mano.descriptor.NetworkServiceDescriptor.vnf_dependency, querySpaceUid=<gen:76>, path=org.project.neutrino.nfvo.catalogue.mano.record.VNFForwardingGraphRecord.parent_ns.descriptor_reference.vnf_dependency)
                   - (collection element) CollectionFetchableElementEntityGraph(entity=org.project.neutrino.nfvo.catalogue.mano.common.VNFDependency, querySpaceUid=<gen:77>, path=org.project.neutrino.nfvo.catalogue.mano.record.VNFForwardingGraphRecord.parent_ns.descriptor_reference.vnf_dependency.<elements>)
                - CollectionAttributeFetchImpl(collection=org.project.neutrino.nfvo.catalogue.mano.descriptor.NetworkServiceDescriptor.vnfd, querySpaceUid=<gen:78>, path=org.project.neutrino.nfvo.catalogue.mano.record.VNFForwardingGraphRecord.parent_ns.descriptor_reference.vnfd)
                   - (collection element) CollectionFetchableElementEntityGraph(entity=org.project.neutrino.nfvo.catalogue.mano.descriptor.VirtualNetworkFunctionDescriptor, querySpaceUid=<gen:79>, path=org.project.neutrino.nfvo.catalogue.mano.record.VNFForwardingGraphRecord.parent_ns.descriptor_reference.vnfd.<elements>)
             - EntityAttributeFetchImpl(entity=org.project.neutrino.nfvo.catalogue.mano.common.LifecycleEvent, querySpaceUid=<gen:80>, path=org.project.neutrino.nfvo.catalogue.mano.record.VNFForwardingGraphRecord.parent_ns.lifecycle_event)
             - CollectionAttributeFetchImpl(collection=org.project.neutrino.nfvo.catalogue.mano.record.NetworkServiceRecord.lifecycle_event_history, querySpaceUid=<gen:81>, path=org.project.neutrino.nfvo.catalogue.mano.record.VNFForwardingGraphRecord.parent_ns.lifecycle_event_history)
                - (collection element) CollectionFetchableElementEntityGraph(entity=org.project.neutrino.nfvo.catalogue.mano.common.LifecycleEvent, querySpaceUid=<gen:82>, path=org.project.neutrino.nfvo.catalogue.mano.record.VNFForwardingGraphRecord.parent_ns.lifecycle_event_history.<elements>)
             - CollectionAttributeFetchImpl(collection=org.project.neutrino.nfvo.catalogue.mano.record.NetworkServiceRecord.pnfr, querySpaceUid=<gen:83>, path=org.project.neutrino.nfvo.catalogue.mano.record.VNFForwardingGraphRecord.parent_ns.pnfr)
                - (collection element) CollectionFetchableElementEntityGraph(entity=org.project.neutrino.nfvo.catalogue.mano.record.PhysicalNetworkFunctionRecord, querySpaceUid=<gen:84>, path=org.project.neutrino.nfvo.catalogue.mano.record.VNFForwardingGraphRecord.parent_ns.pnfr.<elements>)
                   - CollectionAttributeFetchImpl(collection=org.project.neutrino.nfvo.catalogue.mano.record.PhysicalNetworkFunctionRecord.connected_virtual_link, querySpaceUid=<gen:85>, path=org.project.neutrino.nfvo.catalogue.mano.record.VNFForwardingGraphRecord.parent_ns.pnfr.<elements>.connected_virtual_link)
                      - (collection element) CollectionFetchableElementEntityGraph(entity=org.project.neutrino.nfvo.catalogue.mano.record.VirtualLinkRecord, querySpaceUid=<gen:86>, path=org.project.neutrino.nfvo.catalogue.mano.record.VNFForwardingGraphRecord.parent_ns.pnfr.<elements>.connected_virtual_link.<elements>)
                   - CollectionAttributeFetchImpl(collection=org.project.neutrino.nfvo.catalogue.mano.record.PhysicalNetworkFunctionRecord.connection_point, querySpaceUid=<gen:87>, path=org.project.neutrino.nfvo.catalogue.mano.record.VNFForwardingGraphRecord.parent_ns.pnfr.<elements>.connection_point)
                      - (collection element) CollectionFetchableElementEntityGraph(entity=org.project.neutrino.nfvo.catalogue.mano.common.ConnectionPoint, querySpaceUid=<gen:88>, path=org.project.neutrino.nfvo.catalogue.mano.record.VNFForwardingGraphRecord.parent_ns.pnfr.<elements>.connection_point.<elements>)
                   - EntityAttributeFetchImpl(entity=org.project.neutrino.nfvo.catalogue.mano.descriptor.PhysicalNetworkFunctionDescriptor, querySpaceUid=<gen:89>, path=org.project.neutrino.nfvo.catalogue.mano.record.VNFForwardingGraphRecord.parent_ns.pnfr.<elements>.descriptor_reference)
                   - EntityAttributeFetchImpl(entity=org.project.neutrino.nfvo.catalogue.mano.record.NetworkServiceRecord, querySpaceUid=<gen:90>, path=org.project.neutrino.nfvo.catalogue.mano.record.VNFForwardingGraphRecord.parent_ns.pnfr.<elements>.parent_ns)
                   - CollectionAttributeFetchImpl(collection=org.project.neutrino.nfvo.catalogue.mano.record.PhysicalNetworkFunctionRecord.vnffgr, querySpaceUid=<gen:91>, path=org.project.neutrino.nfvo.catalogue.mano.record.VNFForwardingGraphRecord.parent_ns.pnfr.<elements>.vnffgr)
                      - (collection element) CollectionFetchableElementEntityGraph(entity=org.project.neutrino.nfvo.catalogue.mano.record.VNFForwardingGraphRecord, querySpaceUid=<gen:92>, path=org.project.neutrino.nfvo.catalogue.mano.record.VNFForwardingGraphRecord.parent_ns.pnfr.<elements>.vnffgr.<elements>)
             - EntityAttributeFetchImpl(entity=org.project.neutrino.nfvo.catalogue.mano.common.ServiceDeploymentFlavour, querySpaceUid=<gen:93>, path=org.project.neutrino.nfvo.catalogue.mano.record.VNFForwardingGraphRecord.parent_ns.service_deployment_flavour)
             - CollectionAttributeFetchImpl(collection=org.project.neutrino.nfvo.catalogue.mano.record.NetworkServiceRecord.vlr, querySpaceUid=<gen:94>, path=org.project.neutrino.nfvo.catalogue.mano.record.VNFForwardingGraphRecord.parent_ns.vlr)
                - (collection element) CollectionFetchableElementEntityGraph(entity=org.project.neutrino.nfvo.catalogue.mano.record.VirtualLinkRecord, querySpaceUid=<gen:95>, path=org.project.neutrino.nfvo.catalogue.mano.record.VNFForwardingGraphRecord.parent_ns.vlr.<elements>)
             - CollectionAttributeFetchImpl(collection=org.project.neutrino.nfvo.catalogue.mano.record.NetworkServiceRecord.vnf_dependency, querySpaceUid=<gen:96>, path=org.project.neutrino.nfvo.catalogue.mano.record.VNFForwardingGraphRecord.parent_ns.vnf_dependency)
                - (collection element) CollectionFetchableElementEntityGraph(entity=org.project.neutrino.nfvo.catalogue.mano.common.VNFDependency, querySpaceUid=<gen:97>, path=org.project.neutrino.nfvo.catalogue.mano.record.VNFForwardingGraphRecord.parent_ns.vnf_dependency.<elements>)
                   - EntityAttributeFetchImpl(entity=org.project.neutrino.nfvo.catalogue.mano.descriptor.VirtualNetworkFunctionDescriptor, querySpaceUid=<gen:98>, path=org.project.neutrino.nfvo.catalogue.mano.record.VNFForwardingGraphRecord.parent_ns.vnf_dependency.<elements>.source)
                   - EntityAttributeFetchImpl(entity=org.project.neutrino.nfvo.catalogue.mano.descriptor.VirtualNetworkFunctionDescriptor, querySpaceUid=<gen:99>, path=org.project.neutrino.nfvo.catalogue.mano.record.VNFForwardingGraphRecord.parent_ns.vnf_dependency.<elements>.target)
             - CollectionAttributeFetchImpl(collection=org.project.neutrino.nfvo.catalogue.mano.record.NetworkServiceRecord.vnffgr, querySpaceUid=<gen:100>, path=org.project.neutrino.nfvo.catalogue.mano.record.VNFForwardingGraphRecord.parent_ns.vnffgr)
                - (collection element) CollectionFetchableElementEntityGraph(entity=org.project.neutrino.nfvo.catalogue.mano.descriptor.VNFForwardingGraph, querySpaceUid=<gen:101>, path=org.project.neutrino.nfvo.catalogue.mano.record.VNFForwardingGraphRecord.parent_ns.vnffgr.<elements>)
             - EntityAttributeFetchImpl(entity=org.project.neutrino.nfvo.catalogue.mano.record.VirtualNetworkFunctionRecord, querySpaceUid=<gen:102>, path=org.project.neutrino.nfvo.catalogue.mano.record.VNFForwardingGraphRecord.parent_ns.vnfr)
    - QuerySpaces
       - EntityQuerySpaceImpl(uid=<gen:0>, entity=org.project.neutrino.nfvo.catalogue.mano.record.VNFForwardingGraphRecord)
          - SQL table alias mapping - vnfforward0_
          - alias suffix - 0_
          - suffixed key columns - {id1_92_0_}
          - JOIN (JoinDefinedByMetadata(connection_point)) : <gen:0> -> <gen:1>
             - CollectionQuerySpaceImpl(uid=<gen:1>, collection=org.project.neutrino.nfvo.catalogue.mano.record.VNFForwardingGraphRecord.connection_point)
                - SQL table alias mapping - connection1_
                - alias suffix - 1_
                - suffixed key columns - {vnfforwa1_92_1_}
                - entity-element alias suffix - 2_
                - 2_entity-element suffixed key columns - id1_4_2_
                - JOIN (JoinDefinedByMetadata(elements)) : <gen:1> -> <gen:2>
                   - EntityQuerySpaceImpl(uid=<gen:2>, entity=org.project.neutrino.nfvo.catalogue.mano.descriptor.VNFDConnectionPoint)
                      - SQL table alias mapping - vnfdconnec2_
                      - alias suffix - 2_
                      - suffixed key columns - {id1_4_2_}
          - JOIN (JoinDefinedByMetadata(dependent_virtual_link)) : <gen:0> -> <gen:3>
             - CollectionQuerySpaceImpl(uid=<gen:3>, collection=org.project.neutrino.nfvo.catalogue.mano.record.VNFForwardingGraphRecord.dependent_virtual_link)
                - SQL table alias mapping - dependent_3_
                - alias suffix - 3_
                - suffixed key columns - {vnfforwa1_92_3_}
                - entity-element alias suffix - 4_
                - 4_entity-element suffixed key columns - id1_54_4_
                - JOIN (JoinDefinedByMetadata(elements)) : <gen:3> -> <gen:4>
                   - EntityQuerySpaceImpl(uid=<gen:4>, entity=org.project.neutrino.nfvo.catalogue.mano.record.VirtualLinkRecord)
                      - SQL table alias mapping - virtuallin4_
                      - alias suffix - 4_
                      - suffixed key columns - {id1_54_4_}
                      - JOIN (JoinDefinedByMetadata(lifecycle_event_history)) : <gen:4> -> <gen:5>
                         - CollectionQuerySpaceImpl(uid=<gen:5>, collection=org.project.neutrino.nfvo.catalogue.mano.record.VirtualLinkRecord.lifecycle_event_history)
                            - SQL table alias mapping - lifecycle_5_
                            - alias suffix - 5_
                            - suffixed key columns - {virtual_1_54_5_}
                            - entity-element alias suffix - 6_
                            - 6_entity-element suffixed key columns - id1_10_6_
                            - JOIN (JoinDefinedByMetadata(elements)) : <gen:5> -> <gen:6>
                               - EntityQuerySpaceImpl(uid=<gen:6>, entity=org.project.neutrino.nfvo.catalogue.mano.common.LifecycleEvent)
                                  - SQL table alias mapping - lifecyclee6_
                                  - alias suffix - 6_
                                  - suffixed key columns - {id1_10_6_}
                      - JOIN (JoinDefinedByMetadata(vnffgr_reference)) : <gen:4> -> <gen:7>
                         - CollectionQuerySpaceImpl(uid=<gen:7>, collection=org.project.neutrino.nfvo.catalogue.mano.record.VirtualLinkRecord.vnffgr_reference)
                            - SQL table alias mapping - vnffgr_ref7_
                            - alias suffix - 7_
                            - suffixed key columns - {virtual_1_54_7_}
                            - entity-element alias suffix - 8_
                            - 8_entity-element suffixed key columns - id1_92_8_
                            - JOIN (JoinDefinedByMetadata(elements)) : <gen:7> -> <gen:8>
                               - EntityQuerySpaceImpl(uid=<gen:8>, entity=org.project.neutrino.nfvo.catalogue.mano.record.VNFForwardingGraphRecord)
                                  - SQL table alias mapping - vnfforward8_
                                  - alias suffix - 8_
                                  - suffixed key columns - {id1_92_8_}
          - JOIN (JoinDefinedByMetadata(descriptor_reference)) : <gen:0> -> <gen:16>
             - EntityQuerySpaceImpl(uid=<gen:16>, entity=org.project.neutrino.nfvo.catalogue.mano.descriptor.VNFForwardingGraph)
                - SQL table alias mapping - vnfforward9_
                - alias suffix - 9_
                - suffixed key columns - {id1_87_9_}
                - JOIN (JoinDefinedByMetadata(vnffgd_security)) : <gen:16> -> <gen:17>
                   - EntityQuerySpaceImpl(uid=<gen:17>, entity=org.project.neutrino.nfvo.catalogue.mano.common.Security)
                      - SQL table alias mapping - security10_
                      - alias suffix - 10_
                      - suffixed key columns - {id1_43_10_}
          - JOIN (JoinDefinedByMetadata(lifecycle_event_history)) : <gen:0> -> <gen:18>
             - CollectionQuerySpaceImpl(uid=<gen:18>, collection=org.project.neutrino.nfvo.catalogue.mano.record.VNFForwardingGraphRecord.lifecycle_event_history)
                - SQL table alias mapping - lifecycle_11_
                - alias suffix - 11_
                - suffixed key columns - {vnfforwa1_92_11_}
                - entity-element alias suffix - 12_
                - 12_entity-element suffixed key columns - id1_10_12_
                - JOIN (JoinDefinedByMetadata(elements)) : <gen:18> -> <gen:19>
                   - EntityQuerySpaceImpl(uid=<gen:19>, entity=org.project.neutrino.nfvo.catalogue.mano.common.LifecycleEvent)
                      - SQL table alias mapping - lifecyclee12_
                      - alias suffix - 12_
                      - suffixed key columns - {id1_10_12_}
          - JOIN (JoinDefinedByMetadata(member_vnfs)) : <gen:0> -> <gen:20>
             - CollectionQuerySpaceImpl(uid=<gen:20>, collection=org.project.neutrino.nfvo.catalogue.mano.record.VNFForwardingGraphRecord.member_vnfs)
                - SQL table alias mapping - member_vnf13_
                - alias suffix - 13_
                - suffixed key columns - {vnfforwa1_92_13_}
                - entity-element alias suffix - 14_
                - 14_entity-element suffixed key columns - id1_68_14_
                - JOIN (JoinDefinedByMetadata(elements)) : <gen:20> -> <gen:21>
                   - EntityQuerySpaceImpl(uid=<gen:21>, entity=org.project.neutrino.nfvo.catalogue.mano.record.VirtualNetworkFunctionRecord)
                      - SQL table alias mapping - virtualnet14_
                      - alias suffix - 14_
                      - suffixed key columns - {id1_68_14_}
                      - JOIN (JoinDefinedByMetadata(auto_scale_policy)) : <gen:21> -> <gen:22>
                         - CollectionQuerySpaceImpl(uid=<gen:22>, collection=org.project.neutrino.nfvo.catalogue.mano.record.VirtualNetworkFunctionRecord.auto_scale_policy)
                            - SQL table alias mapping - auto_scale15_
                            - alias suffix - 15_
                            - suffixed key columns - {virtual_1_68_15_}
                            - entity-element alias suffix - 16_
                            - 16_entity-element suffixed key columns - id1_3_16_
                            - JOIN (JoinDefinedByMetadata(elements)) : <gen:22> -> <gen:23>
                               - EntityQuerySpaceImpl(uid=<gen:23>, entity=org.project.neutrino.nfvo.catalogue.mano.common.AutoScalePolicy)
                                  - SQL table alias mapping - autoscalep16_
                                  - alias suffix - 16_
                                  - suffixed key columns - {id1_3_16_}
                      - JOIN (JoinDefinedByMetadata(connected_external_virtual_link)) : <gen:21> -> <gen:24>
                         - CollectionQuerySpaceImpl(uid=<gen:24>, collection=org.project.neutrino.nfvo.catalogue.mano.record.VirtualNetworkFunctionRecord.connected_external_virtual_link)
                            - SQL table alias mapping - connected_17_
                            - alias suffix - 17_
                            - suffixed key columns - {virtual_1_68_17_}
                            - entity-element alias suffix - 18_
                            - 18_entity-element suffixed key columns - id1_54_18_
                            - JOIN (JoinDefinedByMetadata(elements)) : <gen:24> -> <gen:25>
                               - EntityQuerySpaceImpl(uid=<gen:25>, entity=org.project.neutrino.nfvo.catalogue.mano.record.VirtualLinkRecord)
                                  - SQL table alias mapping - virtuallin18_
                                  - alias suffix - 18_
                                  - suffixed key columns - {id1_54_18_}
                      - JOIN (JoinDefinedByMetadata(connection_point)) : <gen:21> -> <gen:26>
                         - CollectionQuerySpaceImpl(uid=<gen:26>, collection=org.project.neutrino.nfvo.catalogue.mano.record.VirtualNetworkFunctionRecord.connection_point)
                            - SQL table alias mapping - connection19_
                            - alias suffix - 19_
                            - suffixed key columns - {virtual_1_68_19_}
                            - entity-element alias suffix - 20_
                            - 20_entity-element suffixed key columns - id1_4_20_
                            - JOIN (JoinDefinedByMetadata(elements)) : <gen:26> -> <gen:27>
                               - EntityQuerySpaceImpl(uid=<gen:27>, entity=org.project.neutrino.nfvo.catalogue.mano.common.ConnectionPoint)
                                  - SQL table alias mapping - connection20_
                                  - alias suffix - 20_
                                  - suffixed key columns - {id1_4_20_}
                      - JOIN (JoinDefinedByMetadata(dependency)) : <gen:21> -> <gen:28>
                         - CollectionQuerySpaceImpl(uid=<gen:28>, collection=org.project.neutrino.nfvo.catalogue.mano.record.VirtualNetworkFunctionRecord.dependency)
                            - SQL table alias mapping - dependency21_
                            - alias suffix - 21_
                            - suffixed key columns - {virtual_1_68_21_}
                            - entity-element alias suffix - 22_
                            - 22_entity-element suffixed key columns - id1_86_22_
                            - JOIN (JoinDefinedByMetadata(elements)) : <gen:28> -> <gen:29>
                               - EntityQuerySpaceImpl(uid=<gen:29>, entity=org.project.neutrino.nfvo.catalogue.mano.common.VNFDependency)
                                  - SQL table alias mapping - vnfdepende22_
                                  - alias suffix - 22_
                                  - suffixed key columns - {id1_86_22_}
                      - JOIN (JoinDefinedByMetadata(deployment_flavour)) : <gen:21> -> <gen:32>
                         - EntityQuerySpaceImpl(uid=<gen:32>, entity=org.project.neutrino.nfvo.catalogue.mano.descriptor.VNFDDeploymentFlavour)
                            - SQL table alias mapping - vnfddeploy23_
                            - alias suffix - 23_
                            - suffixed key columns - {id1_7_23_}
                      - JOIN (JoinDefinedByMetadata(lifecycle_event)) : <gen:21> -> <gen:34>
                         - EntityQuerySpaceImpl(uid=<gen:34>, entity=org.project.neutrino.nfvo.catalogue.mano.common.LifecycleEvent)
                            - SQL table alias mapping - lifecyclee24_
                            - alias suffix - 24_
                            - suffixed key columns - {id1_10_24_}
                      - JOIN (JoinDefinedByMetadata(lifecycle_event_history)) : <gen:21> -> <gen:35>
                         - CollectionQuerySpaceImpl(uid=<gen:35>, collection=org.project.neutrino.nfvo.catalogue.mano.record.VirtualNetworkFunctionRecord.lifecycle_event_history)
                            - SQL table alias mapping - lifecycle_25_
                            - alias suffix - 25_
                            - suffixed key columns - {virtual_1_68_25_}
                            - entity-element alias suffix - 26_
                            - 26_entity-element suffixed key columns - id1_10_26_
                            - JOIN (JoinDefinedByMetadata(elements)) : <gen:35> -> <gen:36>
                               - EntityQuerySpaceImpl(uid=<gen:36>, entity=org.project.neutrino.nfvo.catalogue.mano.common.LifecycleEvent)
                                  - SQL table alias mapping - lifecyclee26_
                                  - alias suffix - 26_
                                  - suffixed key columns - {id1_10_26_}
                      - JOIN (JoinDefinedByMetadata(parent_ns)) : <gen:21> -> <gen:37>
                         - EntityQuerySpaceImpl(uid=<gen:37>, entity=org.project.neutrino.nfvo.catalogue.mano.record.NetworkServiceRecord)
                            - SQL table alias mapping - networkser27_
                            - alias suffix - 27_
                            - suffixed key columns - {id1_18_27_}
                      - JOIN (JoinDefinedByMetadata(vdu)) : <gen:21> -> <gen:56>
                         - CollectionQuerySpaceImpl(uid=<gen:56>, collection=org.project.neutrino.nfvo.catalogue.mano.record.VirtualNetworkFunctionRecord.vdu)
                            - SQL table alias mapping - vdu28_
                            - alias suffix - 28_
                            - suffixed key columns - {virtual_1_68_28_}
                            - entity-element alias suffix - 29_
                            - 29_entity-element suffixed key columns - id1_47_29_
                            - JOIN (JoinDefinedByMetadata(elements)) : <gen:56> -> <gen:57>
                               - EntityQuerySpaceImpl(uid=<gen:57>, entity=org.project.neutrino.nfvo.catalogue.mano.descriptor.VirtualDeploymentUnit)
                                  - SQL table alias mapping - virtualdep29_
                                  - alias suffix - 29_
                                  - suffixed key columns - {id1_47_29_}
                      - JOIN (JoinDefinedByMetadata(virtual_link)) : <gen:21> -> <gen:60>
                         - CollectionQuerySpaceImpl(uid=<gen:60>, collection=org.project.neutrino.nfvo.catalogue.mano.record.VirtualNetworkFunctionRecord.virtual_link)
                            - SQL table alias mapping - virtual_li30_
                            - alias suffix - 30_
                            - suffixed key columns - {virtual_1_68_30_}
                            - entity-element alias suffix - 31_
                            - 31_entity-element suffixed key columns - id1_0_31_
                            - JOIN (JoinDefinedByMetadata(elements)) : <gen:60> -> <gen:61>
                               - EntityQuerySpaceImpl(uid=<gen:61>, entity=org.project.neutrino.nfvo.catalogue.mano.descriptor.InternalVirtualLink)
                                  - SQL table alias mapping - internalvi31_
                                  - alias suffix - 31_
                                  - suffixed key columns - {id1_0_31_}
          - JOIN (JoinDefinedByMetadata(network_forwarding_path)) : <gen:0> -> <gen:63>
             - EntityQuerySpaceImpl(uid=<gen:63>, entity=org.project.neutrino.nfvo.catalogue.mano.descriptor.NetworkForwardingPath)
                - SQL table alias mapping - networkfor32_
                - alias suffix - 32_
                - suffixed key columns - {id1_12_32_}
                - JOIN (JoinDefinedByMetadata(connection)) : <gen:63> -> <gen:64>
                   - CollectionQuerySpaceImpl(uid=<gen:64>, collection=org.project.neutrino.nfvo.catalogue.mano.descriptor.NetworkForwardingPath.connection)
                      - SQL table alias mapping - connection33_
                      - alias suffix - 33_
                      - suffixed key columns - {network_1_12_33_}
                - JOIN (JoinDefinedByMetadata(policy)) : <gen:63> -> <gen:65>
                   - EntityQuerySpaceImpl(uid=<gen:65>, entity=org.project.neutrino.nfvo.catalogue.mano.descriptor.Policy)
                      - SQL table alias mapping - policy34_
                      - alias suffix - 34_
                      - suffixed key columns - {id1_42_34_}
          - JOIN (JoinDefinedByMetadata(parent_ns)) : <gen:0> -> <gen:66>
             - EntityQuerySpaceImpl(uid=<gen:66>, entity=org.project.neutrino.nfvo.catalogue.mano.record.NetworkServiceRecord)
                - SQL table alias mapping - networkser35_
                - alias suffix - 35_
                - suffixed key columns - {id1_18_35_}
                - JOIN (JoinDefinedByMetadata(auto_scale_policy)) : <gen:66> -> <gen:67>
                   - CollectionQuerySpaceImpl(uid=<gen:67>, collection=org.project.neutrino.nfvo.catalogue.mano.record.NetworkServiceRecord.auto_scale_policy)
                      - SQL table alias mapping - auto_scale36_
                      - alias suffix - 36_
                      - suffixed key columns - {network_1_18_36_}
                      - entity-element alias suffix - 37_
                      - 37_entity-element suffixed key columns - id1_3_37_
                      - JOIN (JoinDefinedByMetadata(elements)) : <gen:67> -> <gen:68>
                         - EntityQuerySpaceImpl(uid=<gen:68>, entity=org.project.neutrino.nfvo.catalogue.mano.common.AutoScalePolicy)
                            - SQL table alias mapping - autoscalep37_
                            - alias suffix - 37_
                            - suffixed key columns - {id1_3_37_}
                - JOIN (JoinDefinedByMetadata(connection_point)) : <gen:66> -> <gen:69>
                   - CollectionQuerySpaceImpl(uid=<gen:69>, collection=org.project.neutrino.nfvo.catalogue.mano.record.NetworkServiceRecord.connection_point)
                      - SQL table alias mapping - connection38_
                      - alias suffix - 38_
                      - suffixed key columns - {network_1_18_38_}
                      - entity-element alias suffix - 39_
                      - 39_entity-element suffixed key columns - id1_4_39_
                      - JOIN (JoinDefinedByMetadata(elements)) : <gen:69> -> <gen:70>
                         - EntityQuerySpaceImpl(uid=<gen:70>, entity=org.project.neutrino.nfvo.catalogue.mano.common.ConnectionPoint)
                            - SQL table alias mapping - connection39_
                            - alias suffix - 39_
                            - suffixed key columns - {id1_4_39_}
                - JOIN (JoinDefinedByMetadata(descriptor_reference)) : <gen:66> -> <gen:71>
                   - EntityQuerySpaceImpl(uid=<gen:71>, entity=org.project.neutrino.nfvo.catalogue.mano.common.NFVEntityDescriptor)
                      - SQL table alias mapping - nfventityd40_
                      - alias suffix - 40_
                      - suffixed key columns - {id1_27_40_}
                - JOIN (JoinDefinedByMetadata(lifecycle_event)) : <gen:66> -> <gen:80>
                   - EntityQuerySpaceImpl(uid=<gen:80>, entity=org.project.neutrino.nfvo.catalogue.mano.common.LifecycleEvent)
                      - SQL table alias mapping - lifecyclee41_
                      - alias suffix - 41_
                      - suffixed key columns - {id1_10_41_}
                - JOIN (JoinDefinedByMetadata(lifecycle_event_history)) : <gen:66> -> <gen:81>
                   - CollectionQuerySpaceImpl(uid=<gen:81>, collection=org.project.neutrino.nfvo.catalogue.mano.record.NetworkServiceRecord.lifecycle_event_history)
                      - SQL table alias mapping - lifecycle_42_
                      - alias suffix - 42_
                      - suffixed key columns - {network_1_18_42_}
                      - entity-element alias suffix - 43_
                      - 43_entity-element suffixed key columns - id1_10_43_
                      - JOIN (JoinDefinedByMetadata(elements)) : <gen:81> -> <gen:82>
                         - EntityQuerySpaceImpl(uid=<gen:82>, entity=org.project.neutrino.nfvo.catalogue.mano.common.LifecycleEvent)
                            - SQL table alias mapping - lifecyclee43_
                            - alias suffix - 43_
                            - suffixed key columns - {id1_10_43_}
                - JOIN (JoinDefinedByMetadata(pnfr)) : <gen:66> -> <gen:83>
                   - CollectionQuerySpaceImpl(uid=<gen:83>, collection=org.project.neutrino.nfvo.catalogue.mano.record.NetworkServiceRecord.pnfr)
                      - SQL table alias mapping - pnfr44_
                      - alias suffix - 44_
                      - suffixed key columns - {network_1_18_44_}
                      - entity-element alias suffix - 45_
                      - 45_entity-element suffixed key columns - id1_37_45_
                      - JOIN (JoinDefinedByMetadata(elements)) : <gen:83> -> <gen:84>
                         - EntityQuerySpaceImpl(uid=<gen:84>, entity=org.project.neutrino.nfvo.catalogue.mano.record.PhysicalNetworkFunctionRecord)
                            - SQL table alias mapping - physicalne45_
                            - alias suffix - 45_
                            - suffixed key columns - {id1_37_45_}
                - JOIN (JoinDefinedByMetadata(service_deployment_flavour)) : <gen:66> -> <gen:93>
                   - EntityQuerySpaceImpl(uid=<gen:93>, entity=org.project.neutrino.nfvo.catalogue.mano.common.ServiceDeploymentFlavour)
                      - SQL table alias mapping - servicedep46_
                      - alias suffix - 46_
                      - suffixed key columns - {id1_7_46_}
                - JOIN (JoinDefinedByMetadata(vlr)) : <gen:66> -> <gen:94>
                   - CollectionQuerySpaceImpl(uid=<gen:94>, collection=org.project.neutrino.nfvo.catalogue.mano.record.NetworkServiceRecord.vlr)
                      - SQL table alias mapping - vlr47_
                      - alias suffix - 47_
                      - suffixed key columns - {network_1_18_47_}
                      - entity-element alias suffix - 48_
                      - 48_entity-element suffixed key columns - id1_54_48_
                      - JOIN (JoinDefinedByMetadata(elements)) : <gen:94> -> <gen:95>
                         - EntityQuerySpaceImpl(uid=<gen:95>, entity=org.project.neutrino.nfvo.catalogue.mano.record.VirtualLinkRecord)
                            - SQL table alias mapping - virtuallin48_
                            - alias suffix - 48_
                            - suffixed key columns - {id1_54_48_}
                - JOIN (JoinDefinedByMetadata(vnf_dependency)) : <gen:66> -> <gen:96>
                   - CollectionQuerySpaceImpl(uid=<gen:96>, collection=org.project.neutrino.nfvo.catalogue.mano.record.NetworkServiceRecord.vnf_dependency)
                      - SQL table alias mapping - vnf_depend49_
                      - alias suffix - 49_
                      - suffixed key columns - {network_1_18_49_}
                      - entity-element alias suffix - 50_
                      - 50_entity-element suffixed key columns - id1_86_50_
                      - JOIN (JoinDefinedByMetadata(elements)) : <gen:96> -> <gen:97>
                         - EntityQuerySpaceImpl(uid=<gen:97>, entity=org.project.neutrino.nfvo.catalogue.mano.common.VNFDependency)
                            - SQL table alias mapping - vnfdepende50_
                            - alias suffix - 50_
                            - suffixed key columns - {id1_86_50_}
                - JOIN (JoinDefinedByMetadata(vnffgr)) : <gen:66> -> <gen:100>
                   - CollectionQuerySpaceImpl(uid=<gen:100>, collection=org.project.neutrino.nfvo.catalogue.mano.record.NetworkServiceRecord.vnffgr)
                      - SQL table alias mapping - vnffgr51_
                      - alias suffix - 51_
                      - suffixed key columns - {network_1_18_51_}
                      - entity-element alias suffix - 52_
                      - 52_entity-element suffixed key columns - id1_87_52_
                      - JOIN (JoinDefinedByMetadata(elements)) : <gen:100> -> <gen:101>
                         - EntityQuerySpaceImpl(uid=<gen:101>, entity=org.project.neutrino.nfvo.catalogue.mano.descriptor.VNFForwardingGraph)
                            - SQL table alias mapping - vnfforward52_
                            - alias suffix - 52_
                            - suffixed key columns - {id1_87_52_}
                - JOIN (JoinDefinedByMetadata(vnfr)) : <gen:66> -> <gen:102>
                   - EntityQuerySpaceImpl(uid=<gen:102>, entity=org.project.neutrino.nfvo.catalogue.mano.record.VirtualNetworkFunctionRecord)
                      - SQL table alias mapping - virtualnet53_
                      - alias suffix - 53_
                      - suffixed key columns - {id1_68_53_}

14:11:16.100 [Test worker] DEBUG o.h.loader.entity.plan.EntityLoader - Static select for entity org.project.neutrino.nfvo.catalogue.mano.record.VNFForwardingGraphRecord [NONE]: select vnfforward0_.id as id1_92_0_, vnfforward0_.audit_log as audit_lo2_92_0_, vnfforward0_.descriptor_reference_id as descrip10_92_0_, vnfforward0_.network_forwarding_path_id as network11_92_0_, vnfforward0_.number_of_endpoints as number_o3_92_0_, vnfforward0_.number_of_pnfs as number_o4_92_0_, vnfforward0_.number_of_virtual_links as number_o5_92_0_, vnfforward0_.number_of_vnfs as number_o6_92_0_, vnfforward0_.parent_ns_id as parent_12_92_0_, vnfforward0_.status as status7_92_0_, vnfforward0_.vendor as vendor8_92_0_, vnfforward0_.version as version9_92_0_, connection1_.vnfforwarding_graph_record_id as vnfforwa1_92_1_, vnfdconnec2_.id as connecti2_93_1_, vnfdconnec2_.id as id1_4_2_, vnfdconnec2_.type as type2_4_2_, vnfdconnec2_.version as version3_4_2_, vnfdconnec2_.virtual_link_reference as virtual_1_82_2_, dependent_3_.vnfforwarding_graph_record_id as vnfforwa1_92_3_, virtuallin4_.id as dependen2_94_3_, virtuallin4_.id as id1_54_4_, virtuallin4_.connectivity_type as connecti2_54_4_, virtuallin4_.descriptor_reference as descript3_54_4_, virtuallin4_.leaf_requirement as leaf_req4_54_4_, virtuallin4_.number_of_enpoints as number_o5_54_4_, virtuallin4_.parent_ns as parent_n6_54_4_, virtuallin4_.root_requirement as root_req7_54_4_, virtuallin4_.status as status8_54_4_, virtuallin4_.test_access as test_acc9_54_4_, virtuallin4_.vendor as vendor10_54_4_, virtuallin4_.version as version11_54_4_, virtuallin4_.vim_id as vim_id12_54_4_, lifecycle_5_.virtual_link_record_id as virtual_1_54_5_, lifecyclee6_.id as lifecycl2_58_5_, lifecyclee6_.id as id1_10_6_, lifecyclee6_.version as version2_10_6_, vnffgr_ref7_.virtual_link_record_id as virtual_1_54_7_, vnfforward8_.id as vnffgr_r2_61_7_, vnfforward8_.id as id1_92_8_, vnfforward8_.audit_log as audit_lo2_92_8_, vnfforward8_.descriptor_reference_id as descrip10_92_8_, vnfforward8_.network_forwarding_path_id as network11_92_8_, vnfforward8_.number_of_endpoints as number_o3_92_8_, vnfforward8_.number_of_pnfs as number_o4_92_8_, vnfforward8_.number_of_virtual_links as number_o5_92_8_, vnfforward8_.number_of_vnfs as number_o6_92_8_, vnfforward8_.parent_ns_id as parent_12_92_8_, vnfforward8_.status as status7_92_8_, vnfforward8_.vendor as vendor8_92_8_, vnfforward8_.version as version9_92_8_, vnfforward9_.id as id1_87_9_, vnfforward9_.descriptor_version as descript2_87_9_, vnfforward9_.hb_version as hb_versi3_87_9_, vnfforward9_.number_of_endpoints as number_o4_87_9_, vnfforward9_.number_of_virtual_links as number_o5_87_9_, vnfforward9_.vendor as vendor6_87_9_, vnfforward9_.version as version7_87_9_, vnfforward9_.vnffgd_security_id as vnffgd_s8_87_9_, security10_.id as id1_43_10_, security10_.version as version2_43_10_, lifecycle_11_.vnfforwarding_graph_record_id as vnfforwa1_92_11_, lifecyclee12_.id as lifecycl2_95_11_, lifecyclee12_.id as id1_10_12_, lifecyclee12_.version as version2_10_12_, member_vnf13_.vnfforwarding_graph_record_id as vnfforwa1_92_13_, virtualnet14_.id as member_v2_96_13_, virtualnet14_.id as id1_68_14_, virtualnet14_.audit_log as audit_lo2_68_14_, virtualnet14_.deployment_flavour_id as deployme9_68_14_, virtualnet14_.descriptor_reference as descript3_68_14_, virtualnet14_.lifecycle_event_id as lifecyc10_68_14_, virtualnet14_.localization as localiza4_68_14_, virtualnet14_.parent_ns_id as parent_11_68_14_, virtualnet14_.status as status5_68_14_, virtualnet14_.vendor as vendor6_68_14_, virtualnet14_.version as version7_68_14_, virtualnet14_.vnfm_id as vnfm_id8_68_14_, auto_scale15_.virtual_network_function_record_id as virtual_1_68_15_, autoscalep16_.id as auto_sca2_69_15_, autoscalep16_.id as id1_3_16_, autoscalep16_.version as version2_3_16_, connected_17_.virtual_network_function_record_id as virtual_1_68_17_, virtuallin18_.id as connecte2_70_17_, virtuallin18_.id as id1_54_18_, virtuallin18_.connectivity_type as connecti2_54_18_, virtuallin18_.descriptor_reference as descript3_54_18_, virtuallin18_.leaf_requirement as leaf_req4_54_18_, virtuallin18_.number_of_enpoints as number_o5_54_18_, virtuallin18_.parent_ns as parent_n6_54_18_, virtuallin18_.root_requirement as root_req7_54_18_, virtuallin18_.status as status8_54_18_, virtuallin18_.test_access as test_acc9_54_18_, virtuallin18_.vendor as vendor10_54_18_, virtuallin18_.version as version11_54_18_, virtuallin18_.vim_id as vim_id12_54_18_, connection19_.virtual_network_function_record_id as virtual_1_68_19_, connection20_.id as connecti2_71_19_, connection20_.id as id1_4_20_, connection20_.type as type2_4_20_, connection20_.version as version3_4_20_, connection20_.virtual_link_reference as virtual_1_82_20_, connection20_.clazz_ as clazz_20_, dependency21_.virtual_network_function_record_id as virtual_1_68_21_, vnfdepende22_.id as dependen2_72_21_, vnfdepende22_.id as id1_86_22_, vnfdepende22_.source_Id as source_I3_86_22_, vnfdepende22_.target_Id as target_I4_86_22_, vnfdepende22_.version as version2_86_22_, vnfddeploy23_.id as id1_7_23_, vnfddeploy23_.flavour_key as flavour_2_7_23_, vnfddeploy23_.version as version3_7_23_, lifecyclee24_.id as id1_10_24_, lifecyclee24_.version as version2_10_24_, lifecycle_25_.virtual_network_function_record_id as virtual_1_68_25_, lifecyclee26_.id as lifecycl2_73_25_, lifecyclee26_.id as id1_10_26_, lifecyclee26_.version as version2_10_26_, networkser27_.id as id1_18_27_, networkser27_.audit_log as audit_lo2_18_27_, networkser27_.descriptor_reference_Id as descript9_18_27_, networkser27_.lifecycle_event_id as lifecyc10_18_27_, networkser27_.notification as notifica3_18_27_, networkser27_.resource_reservation as resource4_18_27_, networkser27_.runtime_policy_info as runtime_5_18_27_, networkser27_.service_deployment_flavour_id as service11_18_27_, networkser27_.status as status6_18_27_, networkser27_.vendor as vendor7_18_27_, networkser27_.version as version8_18_27_, networkser27_.vnfr_id as vnfr_id12_18_27_, vdu28_.virtual_network_function_record_id as virtual_1_68_28_, virtualdep29_.id as vdu_id2_77_28_, virtualdep29_.id as id1_47_29_, virtualdep29_.computation_requirement as computat2_47_29_, virtualdep29_.high_availability as high_ava3_47_29_, virtualdep29_.scale_in_out as scale_in4_47_29_, virtualdep29_.vdu_constraint as vdu_cons5_47_29_, virtualdep29_.version as version6_47_29_, virtualdep29_.virtual_memory_resource_element as virtual_7_47_29_, virtualdep29_.virtual_network_bandwidth_resource as virtual_8_47_29_, virtual_li30_.virtual_network_function_record_id as virtual_1_68_30_, internalvi31_.id as virtual_2_78_30_, internalvi31_.id as id1_0_31_, internalvi31_.connectivity_type as connecti2_0_31_, internalvi31_.leaf_requirement as leaf_req3_0_31_, internalvi31_.root_requirement as root_req4_0_31_, internalvi31_.version as version5_0_31_, networkfor32_.id as id1_12_32_, networkfor32_.policy_id as policy_i3_12_32_, networkfor32_.version as version2_12_32_, connection33_.network_forwarding_path_id as network_1_12_33_, connection33_.connection as connecti2_13_33_, connection33_.connection_key as connecti3_33_, policy34_.id as id1_42_34_, policy34_.version as version2_42_34_, networkser35_.id as id1_18_35_, networkser35_.audit_log as audit_lo2_18_35_, networkser35_.descriptor_reference_Id as descript9_18_35_, networkser35_.lifecycle_event_id as lifecyc10_18_35_, networkser35_.notification as notifica3_18_35_, networkser35_.resource_reservation as resource4_18_35_, networkser35_.runtime_policy_info as runtime_5_18_35_, networkser35_.service_deployment_flavour_id as service11_18_35_, networkser35_.status as status6_18_35_, networkser35_.vendor as vendor7_18_35_, networkser35_.version as version8_18_35_, networkser35_.vnfr_id as vnfr_id12_18_35_, auto_scale36_.network_service_record_id as network_1_18_36_, autoscalep37_.id as auto_sca2_19_36_, autoscalep37_.id as id1_3_37_, autoscalep37_.version as version2_3_37_, connection38_.network_service_record_id as network_1_18_38_, connection39_.id as connecti2_20_38_, connection39_.id as id1_4_39_, connection39_.type as type2_4_39_, connection39_.version as version3_4_39_, connection39_.virtual_link_reference as virtual_1_82_39_, connection39_.clazz_ as clazz_39_, nfventityd40_.id as id1_27_40_, nfventityd40_.hb_version as hb_versi2_27_40_, nfventityd40_.vendor as vendor3_27_40_, nfventityd40_.version as version4_27_40_, nfventityd40_.descriptor_version as descript1_62_40_, nfventityd40_.manifest_file as manifest2_62_40_, nfventityd40_.nsd_security_id as nsd_secu1_14_40_, nfventityd40_.clazz_ as clazz_40_, lifecyclee41_.id as id1_10_41_, lifecyclee41_.version as version2_10_41_, lifecycle_42_.network_service_record_id as network_1_18_42_, lifecyclee43_.id as lifecycl2_21_42_, lifecyclee43_.id as id1_10_43_, lifecyclee43_.version as version2_10_43_, pnfr44_.network_service_record_id as network_1_18_44_, physicalne45_.id as pnfr_id2_23_44_, physicalne45_.id as id1_37_45_, physicalne45_.description as descript2_37_45_, physicalne45_.descriptor_reference_id as descript6_37_45_, physicalne45_.oam_reference as oam_refe3_37_45_, physicalne45_.parent_ns_id as parent_n7_37_45_, physicalne45_.vendor as vendor4_37_45_, physicalne45_.version as version5_37_45_, servicedep46_.id as id1_7_46_, servicedep46_.flavour_key as flavour_2_7_46_, servicedep46_.version as version3_7_46_, vlr47_.network_service_record_id as network_1_18_47_, virtuallin48_.id as vlr_id2_24_47_, virtuallin48_.id as id1_54_48_, virtuallin48_.connectivity_type as connecti2_54_48_, virtuallin48_.descriptor_reference as descript3_54_48_, virtuallin48_.leaf_requirement as leaf_req4_54_48_, virtuallin48_.number_of_enpoints as number_o5_54_48_, virtuallin48_.parent_ns as parent_n6_54_48_, virtuallin48_.root_requirement as root_req7_54_48_, virtuallin48_.status as status8_54_48_, virtuallin48_.test_access as test_acc9_54_48_, virtuallin48_.vendor as vendor10_54_48_, virtuallin48_.version as version11_54_48_, virtuallin48_.vim_id as vim_id12_54_48_, vnf_depend49_.network_service_record_id as network_1_18_49_, vnfdepende50_.id as vnf_depe2_25_49_, vnfdepende50_.id as id1_86_50_, vnfdepende50_.source_Id as source_I3_86_50_, vnfdepende50_.target_Id as target_I4_86_50_, vnfdepende50_.version as version2_86_50_, vnffgr51_.network_service_record_id as network_1_18_51_, vnfforward52_.id as vnffgr_i2_26_51_, vnfforward52_.id as id1_87_52_, vnfforward52_.descriptor_version as descript2_87_52_, vnfforward52_.hb_version as hb_versi3_87_52_, vnfforward52_.number_of_endpoints as number_o4_87_52_, vnfforward52_.number_of_virtual_links as number_o5_87_52_, vnfforward52_.vendor as vendor6_87_52_, vnfforward52_.version as version7_87_52_, vnfforward52_.vnffgd_security_id as vnffgd_s8_87_52_, virtualnet53_.id as id1_68_53_, virtualnet53_.audit_log as audit_lo2_68_53_, virtualnet53_.deployment_flavour_id as deployme9_68_53_, virtualnet53_.descriptor_reference as descript3_68_53_, virtualnet53_.lifecycle_event_id as lifecyc10_68_53_, virtualnet53_.localization as localiza4_68_53_, virtualnet53_.parent_ns_id as parent_11_68_53_, virtualnet53_.status as status5_68_53_, virtualnet53_.vendor as vendor6_68_53_, virtualnet53_.version as version7_68_53_, virtualnet53_.vnfm_id as vnfm_id8_68_53_ from vnfforwarding_graph_record vnfforward0_ left outer join vnfforwarding_graph_record_connection_point connection1_ on vnfforward0_.id=connection1_.vnfforwarding_graph_record_id left outer join vnfdconnection_point vnfdconnec2_ on connection1_.connection_point_id=vnfdconnec2_.id left outer join vnfforwarding_graph_record_dependent_virtual_link dependent_3_ on vnfforward0_.id=dependent_3_.vnfforwarding_graph_record_id left outer join virtual_link_record virtuallin4_ on dependent_3_.dependent_virtual_link_id=virtuallin4_.id left outer join virtual_link_record_lifecycle_event_history lifecycle_5_ on virtuallin4_.id=lifecycle_5_.virtual_link_record_id left outer join lifecycle_event lifecyclee6_ on lifecycle_5_.lifecycle_event_history_id=lifecyclee6_.id left outer join virtual_link_record_vnffgr_reference vnffgr_ref7_ on virtuallin4_.id=vnffgr_ref7_.virtual_link_record_id left outer join vnfforwarding_graph_record vnfforward8_ on vnffgr_ref7_.vnffgr_reference_id=vnfforward8_.id left outer join vnfforwarding_graph vnfforward9_ on vnfforward0_.descriptor_reference_id=vnfforward9_.id left outer join security security10_ on vnfforward9_.vnffgd_security_id=security10_.id left outer join vnfforwarding_graph_record_lifecycle_event_history lifecycle_11_ on vnfforward0_.id=lifecycle_11_.vnfforwarding_graph_record_id left outer join lifecycle_event lifecyclee12_ on lifecycle_11_.lifecycle_event_history_id=lifecyclee12_.id left outer join vnfforwarding_graph_record_member_vnfs member_vnf13_ on vnfforward0_.id=member_vnf13_.vnfforwarding_graph_record_id left outer join virtual_network_function_record virtualnet14_ on member_vnf13_.member_vnfs_id=virtualnet14_.id left outer join virtual_network_function_record_auto_scale_policy auto_scale15_ on virtualnet14_.id=auto_scale15_.virtual_network_function_record_id left outer join auto_scale_policy autoscalep16_ on auto_scale15_.auto_scale_policy_id=autoscalep16_.id left outer join virtual_network_function_record_connected_external_virtual_link connected_17_ on virtualnet14_.id=connected_17_.virtual_network_function_record_id left outer join virtual_link_record virtuallin18_ on connected_17_.connected_external_virtual_link_id=virtuallin18_.id left outer join virtual_network_function_record_connection_point connection19_ on virtualnet14_.id=connection19_.virtual_network_function_record_id left outer join ( select id, type, version, null as virtual_link_reference, 0 as clazz_ from connection_point union select id, type, version, virtual_link_reference, 1 as clazz_ from vnfdconnection_point ) connection20_ on connection19_.connection_point_id=connection20_.id left outer join virtual_network_function_record_dependency dependency21_ on virtualnet14_.id=dependency21_.virtual_network_function_record_id left outer join vnfdependency vnfdepende22_ on dependency21_.dependency_id=vnfdepende22_.id left outer join vnfddeployment_flavour vnfddeploy23_ on virtualnet14_.deployment_flavour_id=vnfddeploy23_.id left outer join lifecycle_event lifecyclee24_ on virtualnet14_.lifecycle_event_id=lifecyclee24_.id left outer join virtual_network_function_record_lifecycle_event_history lifecycle_25_ on virtualnet14_.id=lifecycle_25_.virtual_network_function_record_id left outer join lifecycle_event lifecyclee26_ on lifecycle_25_.lifecycle_event_history_id=lifecyclee26_.id left outer join network_service_record networkser27_ on virtualnet14_.parent_ns_id=networkser27_.id left outer join virtual_network_function_record_vdu vdu28_ on virtualnet14_.id=vdu28_.virtual_network_function_record_id left outer join virtual_deployment_unit virtualdep29_ on vdu28_.vdu_id=virtualdep29_.id left outer join virtual_network_function_record_virtual_link virtual_li30_ on virtualnet14_.id=virtual_li30_.virtual_network_function_record_id left outer join internal_virtual_link internalvi31_ on virtual_li30_.virtual_link_id=internalvi31_.id left outer join network_forwarding_path networkfor32_ on vnfforward0_.network_forwarding_path_id=networkfor32_.id left outer join network_forwarding_path_connection connection33_ on networkfor32_.id=connection33_.network_forwarding_path_id left outer join policy policy34_ on networkfor32_.policy_id=policy34_.id left outer join network_service_record networkser35_ on vnfforward0_.parent_ns_id=networkser35_.id left outer join network_service_record_auto_scale_policy auto_scale36_ on networkser35_.id=auto_scale36_.network_service_record_id left outer join auto_scale_policy autoscalep37_ on auto_scale36_.auto_scale_policy_id=autoscalep37_.id left outer join network_service_record_connection_point connection38_ on networkser35_.id=connection38_.network_service_record_id left outer join ( select id, type, version, null as virtual_link_reference, 0 as clazz_ from connection_point union select id, type, version, virtual_link_reference, 1 as clazz_ from vnfdconnection_point ) connection39_ on connection38_.connection_point_id=connection39_.id left outer join ( select id, hb_version, vendor, version, descriptor_version, manifest_file, null as nsd_security_id, 1 as clazz_ from virtual_network_function_descriptor union select id, hb_version, vendor, version, null as descriptor_version, null as manifest_file, nsd_security_id, 2 as clazz_ from network_service_descriptor ) nfventityd40_ on networkser35_.descriptor_reference_Id=nfventityd40_.id left outer join lifecycle_event lifecyclee41_ on networkser35_.lifecycle_event_id=lifecyclee41_.id left outer join network_service_record_lifecycle_event_history lifecycle_42_ on networkser35_.id=lifecycle_42_.network_service_record_id left outer join lifecycle_event lifecyclee43_ on lifecycle_42_.lifecycle_event_history_id=lifecyclee43_.id left outer join network_service_record_pnfr pnfr44_ on networkser35_.id=pnfr44_.network_service_record_id left outer join physical_network_function_record physicalne45_ on pnfr44_.pnfr_id=physicalne45_.id left outer join service_deployment_flavour servicedep46_ on networkser35_.service_deployment_flavour_id=servicedep46_.id left outer join network_service_record_vlr vlr47_ on networkser35_.id=vlr47_.network_service_record_id left outer join virtual_link_record virtuallin48_ on vlr47_.vlr_id=virtuallin48_.id left outer join network_service_record_vnf_dependency vnf_depend49_ on networkser35_.id=vnf_depend49_.network_service_record_id left outer join vnfdependency vnfdepende50_ on vnf_depend49_.vnf_dependency_id=vnfdepende50_.id left outer join network_service_record_vnffgr vnffgr51_ on networkser35_.id=vnffgr51_.network_service_record_id left outer join vnfforwarding_graph vnfforward52_ on vnffgr51_.vnffgr_id=vnfforward52_.id left outer join virtual_network_function_record virtualnet53_ on networkser35_.vnfr_id=virtualnet53_.id where vnfforward0_.id=?
14:11:16.100 [Test worker] DEBUG o.h.l.p.b.i.spaces.QuerySpacesImpl - Adding QuerySpace : uid = <gen:0> -> org.hibernate.loader.plan.build.internal.spaces.EntityQuerySpaceImpl@39ad0eac]
14:11:16.101 [Test worker] DEBUG o.h.p.w.spi.MetamodelGraphWalker - Visiting attribute path : audit_log
14:11:16.102 [Test worker] DEBUG o.h.p.w.spi.MetamodelGraphWalker - Visiting attribute path : connection_point
14:11:16.102 [Test worker] DEBUG o.h.l.p.b.i.spaces.QuerySpacesImpl - Adding QuerySpace : uid = <gen:1> -> org.hibernate.loader.plan.build.internal.spaces.CollectionQuerySpaceImpl@c9bf1a5]
14:11:16.102 [Test worker] DEBUG o.h.l.p.b.i.spaces.QuerySpacesImpl - Adding QuerySpace : uid = <gen:2> -> org.hibernate.loader.plan.build.internal.spaces.EntityQuerySpaceImpl@52158e1a]
14:11:16.103 [Test worker] DEBUG o.h.p.w.spi.MetamodelGraphWalker - Visiting attribute path : connection_point.type
14:11:16.103 [Test worker] DEBUG o.h.p.w.spi.MetamodelGraphWalker - Visiting attribute path : connection_point.version
14:11:16.103 [Test worker] DEBUG o.h.p.w.spi.MetamodelGraphWalker - Visiting attribute path : connection_point.virtual_link_reference
14:11:16.103 [Test worker] DEBUG o.h.p.w.spi.MetamodelGraphWalker - Visiting attribute path : dependent_virtual_link
14:11:16.103 [Test worker] DEBUG o.h.l.p.b.i.spaces.QuerySpacesImpl - Adding QuerySpace : uid = <gen:3> -> org.hibernate.loader.plan.build.internal.spaces.CollectionQuerySpaceImpl@225ae047]
14:11:16.103 [Test worker] DEBUG o.h.l.p.b.i.spaces.QuerySpacesImpl - Adding QuerySpace : uid = <gen:4> -> org.hibernate.loader.plan.build.internal.spaces.EntityQuerySpaceImpl@7c3a66ef]
14:11:16.103 [Test worker] DEBUG o.h.p.w.spi.MetamodelGraphWalker - Visiting attribute path : dependent_virtual_link.allocated_capacity
14:11:16.103 [Test worker] DEBUG o.h.p.w.spi.MetamodelGraphWalker - Visiting attribute path : dependent_virtual_link.audit_log
14:11:16.103 [Test worker] DEBUG o.h.p.w.spi.MetamodelGraphWalker - Visiting attribute path : dependent_virtual_link.connection
14:11:16.103 [Test worker] DEBUG o.h.p.w.spi.MetamodelGraphWalker - Visiting attribute path : dependent_virtual_link.connectivity_type
14:11:16.103 [Test worker] DEBUG o.h.p.w.spi.MetamodelGraphWalker - Visiting attribute path : dependent_virtual_link.descriptor_reference
14:11:16.103 [Test worker] DEBUG o.h.p.w.spi.MetamodelGraphWalker - Visiting attribute path : dependent_virtual_link.leaf_requirement
14:11:16.104 [Test worker] DEBUG o.h.p.w.spi.MetamodelGraphWalker - Visiting attribute path : dependent_virtual_link.lifecycle_event_history
14:11:16.104 [Test worker] DEBUG o.h.l.p.b.i.spaces.QuerySpacesImpl - Adding QuerySpace : uid = <gen:5> -> org.hibernate.loader.plan.build.internal.spaces.CollectionQuerySpaceImpl@1d60e50b]
14:11:16.104 [Test worker] DEBUG o.h.l.p.b.i.spaces.QuerySpacesImpl - Adding QuerySpace : uid = <gen:6> -> org.hibernate.loader.plan.build.internal.spaces.EntityQuerySpaceImpl@445d443e]
14:11:16.104 [Test worker] DEBUG o.h.p.w.spi.MetamodelGraphWalker - Visiting attribute path : dependent_virtual_link.lifecycle_event_history.lifecycle_events
14:11:16.104 [Test worker] DEBUG o.h.p.w.spi.MetamodelGraphWalker - Visiting attribute path : dependent_virtual_link.lifecycle_event_history.version
14:11:16.104 [Test worker] DEBUG o.h.p.w.spi.MetamodelGraphWalker - Visiting attribute path : dependent_virtual_link.notification
14:11:16.104 [Test worker] DEBUG o.h.p.w.spi.MetamodelGraphWalker - Visiting attribute path : dependent_virtual_link.number_of_enpoints
14:11:16.104 [Test worker] DEBUG o.h.p.w.spi.MetamodelGraphWalker - Visiting attribute path : dependent_virtual_link.parent_ns
14:11:16.104 [Test worker] DEBUG o.h.p.w.spi.MetamodelGraphWalker - Visiting attribute path : dependent_virtual_link.qos
14:11:16.104 [Test worker] DEBUG o.h.p.w.spi.MetamodelGraphWalker - Visiting attribute path : dependent_virtual_link.root_requirement
14:11:16.104 [Test worker] DEBUG o.h.p.w.spi.MetamodelGraphWalker - Visiting attribute path : dependent_virtual_link.status
14:11:16.104 [Test worker] DEBUG o.h.p.w.spi.MetamodelGraphWalker - Visiting attribute path : dependent_virtual_link.test_access
14:11:16.104 [Test worker] DEBUG o.h.p.w.spi.MetamodelGraphWalker - Visiting attribute path : dependent_virtual_link.vendor
14:11:16.104 [Test worker] DEBUG o.h.p.w.spi.MetamodelGraphWalker - Visiting attribute path : dependent_virtual_link.version
14:11:16.104 [Test worker] DEBUG o.h.p.w.spi.MetamodelGraphWalker - Visiting attribute path : dependent_virtual_link.vim_id
14:11:16.104 [Test worker] DEBUG o.h.p.w.spi.MetamodelGraphWalker - Visiting attribute path : dependent_virtual_link.vnffgr_reference
14:11:16.104 [Test worker] DEBUG o.h.l.p.b.i.spaces.QuerySpacesImpl - Adding QuerySpace : uid = <gen:7> -> org.hibernate.loader.plan.build.internal.spaces.CollectionQuerySpaceImpl@58e28d65]
14:11:16.104 [Test worker] DEBUG o.h.l.p.b.i.spaces.QuerySpacesImpl - Adding QuerySpace : uid = <gen:8> -> org.hibernate.loader.plan.build.internal.spaces.EntityQuerySpaceImpl@1b10f7a]
14:11:16.105 [Test worker] DEBUG o.h.p.w.spi.MetamodelGraphWalker - Visiting attribute path : dependent_virtual_link.vnffgr_reference.audit_log
14:11:16.105 [Test worker] DEBUG o.h.p.w.spi.MetamodelGraphWalker - Visiting attribute path : dependent_virtual_link.vnffgr_reference.connection_point
14:11:16.105 [Test worker] DEBUG o.h.p.w.spi.MetamodelGraphWalker - Property path deemed to be circular : dependent_virtual_link.vnffgr_reference.connection_point
14:11:16.105 [Test worker] DEBUG o.h.p.w.spi.MetamodelGraphWalker - Visiting attribute path : dependent_virtual_link.vnffgr_reference.dependent_virtual_link
14:11:16.105 [Test worker] DEBUG o.h.p.w.spi.MetamodelGraphWalker - Property path deemed to be circular : dependent_virtual_link.vnffgr_reference.dependent_virtual_link
14:11:16.105 [Test worker] DEBUG o.h.p.w.spi.MetamodelGraphWalker - Visiting attribute path : dependent_virtual_link.vnffgr_reference.descriptor_reference
14:11:16.105 [Test worker] DEBUG o.h.l.p.b.i.spaces.QuerySpacesImpl - Adding QuerySpace : uid = <gen:9> -> org.hibernate.loader.plan.build.internal.spaces.EntityQuerySpaceImpl@36f94f72]
14:11:16.105 [Test worker] DEBUG o.h.p.w.spi.MetamodelGraphWalker - Visiting attribute path : dependent_virtual_link.vnffgr_reference.lifecycle_event_history
14:11:16.105 [Test worker] DEBUG o.h.l.p.b.i.spaces.QuerySpacesImpl - Adding QuerySpace : uid = <gen:10> -> org.hibernate.loader.plan.build.internal.spaces.CollectionQuerySpaceImpl@29cee190]
14:11:16.105 [Test worker] DEBUG o.h.l.p.b.i.spaces.QuerySpacesImpl - Adding QuerySpace : uid = <gen:11> -> org.hibernate.loader.plan.build.internal.spaces.EntityQuerySpaceImpl@4d3aca61]
14:11:16.105 [Test worker] DEBUG o.h.p.w.spi.MetamodelGraphWalker - Visiting attribute path : dependent_virtual_link.vnffgr_reference.member_vnfs
14:11:16.105 [Test worker] DEBUG o.h.l.p.b.i.spaces.QuerySpacesImpl - Adding QuerySpace : uid = <gen:12> -> org.hibernate.loader.plan.build.internal.spaces.CollectionQuerySpaceImpl@4ebccde3]
14:11:16.105 [Test worker] DEBUG o.h.l.p.b.i.spaces.QuerySpacesImpl - Adding QuerySpace : uid = <gen:13> -> org.hibernate.loader.plan.build.internal.spaces.EntityQuerySpaceImpl@4d711a77]
14:11:16.105 [Test worker] DEBUG o.h.p.w.spi.MetamodelGraphWalker - Visiting attribute path : dependent_virtual_link.vnffgr_reference.network_forwarding_path
14:11:16.105 [Test worker] DEBUG o.h.l.p.b.i.spaces.QuerySpacesImpl - Adding QuerySpace : uid = <gen:14> -> org.hibernate.loader.plan.build.internal.spaces.EntityQuerySpaceImpl@3c80a259]
14:11:16.105 [Test worker] DEBUG o.h.p.w.spi.MetamodelGraphWalker - Visiting attribute path : dependent_virtual_link.vnffgr_reference.notification
14:11:16.105 [Test worker] DEBUG o.h.p.w.spi.MetamodelGraphWalker - Visiting attribute path : dependent_virtual_link.vnffgr_reference.number_of_endpoints
14:11:16.105 [Test worker] DEBUG o.h.p.w.spi.MetamodelGraphWalker - Visiting attribute path : dependent_virtual_link.vnffgr_reference.number_of_pnfs
14:11:16.105 [Test worker] DEBUG o.h.p.w.spi.MetamodelGraphWalker - Visiting attribute path : dependent_virtual_link.vnffgr_reference.number_of_virtual_links
14:11:16.105 [Test worker] DEBUG o.h.p.w.spi.MetamodelGraphWalker - Visiting attribute path : dependent_virtual_link.vnffgr_reference.number_of_vnfs
14:11:16.105 [Test worker] DEBUG o.h.p.w.spi.MetamodelGraphWalker - Visiting attribute path : dependent_virtual_link.vnffgr_reference.parent_ns
14:11:16.105 [Test worker] DEBUG o.h.l.p.b.i.spaces.QuerySpacesImpl - Adding QuerySpace : uid = <gen:15> -> org.hibernate.loader.plan.build.internal.spaces.EntityQuerySpaceImpl@2122a017]
14:11:16.105 [Test worker] DEBUG o.h.p.w.spi.MetamodelGraphWalker - Visiting attribute path : dependent_virtual_link.vnffgr_reference.status
14:11:16.105 [Test worker] DEBUG o.h.p.w.spi.MetamodelGraphWalker - Visiting attribute path : dependent_virtual_link.vnffgr_reference.vendor
14:11:16.105 [Test worker] DEBUG o.h.p.w.spi.MetamodelGraphWalker - Visiting attribute path : dependent_virtual_link.vnffgr_reference.version
14:11:16.105 [Test worker] DEBUG o.h.p.w.spi.MetamodelGraphWalker - Visiting attribute path : descriptor_reference
14:11:16.105 [Test worker] DEBUG o.h.l.p.b.i.spaces.QuerySpacesImpl - Adding QuerySpace : uid = <gen:16> -> org.hibernate.loader.plan.build.internal.spaces.EntityQuerySpaceImpl@683c56ff]
14:11:16.105 [Test worker] DEBUG o.h.p.w.spi.MetamodelGraphWalker - Visiting attribute path : descriptor_reference.connection_point
14:11:16.105 [Test worker] DEBUG o.h.p.w.spi.MetamodelGraphWalker - Visiting attribute path : descriptor_reference.constituent_vnfs
14:11:16.106 [Test worker] DEBUG o.h.p.w.spi.MetamodelGraphWalker - Visiting attribute path : descriptor_reference.dependent_virtual_link
14:11:16.106 [Test worker] DEBUG o.h.p.w.spi.MetamodelGraphWalker - Visiting attribute path : descriptor_reference.descriptor_version
14:11:16.106 [Test worker] DEBUG o.h.p.w.spi.MetamodelGraphWalker - Visiting attribute path : descriptor_reference.hb_version
14:11:16.106 [Test worker] DEBUG o.h.p.w.spi.MetamodelGraphWalker - Visiting attribute path : descriptor_reference.network_forwarding_path
14:11:16.106 [Test worker] DEBUG o.h.p.w.spi.MetamodelGraphWalker - Visiting attribute path : descriptor_reference.number_of_endpoints
14:11:16.106 [Test worker] DEBUG o.h.p.w.spi.MetamodelGraphWalker - Visiting attribute path : descriptor_reference.number_of_virtual_links
14:11:16.106 [Test worker] DEBUG o.h.p.w.spi.MetamodelGraphWalker - Visiting attribute path : descriptor_reference.vendor
14:11:16.106 [Test worker] DEBUG o.h.p.w.spi.MetamodelGraphWalker - Visiting attribute path : descriptor_reference.version
14:11:16.106 [Test worker] DEBUG o.h.p.w.spi.MetamodelGraphWalker - Visiting attribute path : descriptor_reference.vnffgd_security
14:11:16.106 [Test worker] DEBUG o.h.l.p.b.i.spaces.QuerySpacesImpl - Adding QuerySpace : uid = <gen:17> -> org.hibernate.loader.plan.build.internal.spaces.EntityQuerySpaceImpl@363abd0]
14:11:16.106 [Test worker] DEBUG o.h.p.w.spi.MetamodelGraphWalker - Visiting attribute path : descriptor_reference.vnffgd_security.version
14:11:16.106 [Test worker] DEBUG o.h.p.w.spi.MetamodelGraphWalker - Visiting attribute path : lifecycle_event_history
14:11:16.106 [Test worker] DEBUG o.h.l.p.b.i.spaces.QuerySpacesImpl - Adding QuerySpace : uid = <gen:18> -> org.hibernate.loader.plan.build.internal.spaces.CollectionQuerySpaceImpl@6614007c]
14:11:16.106 [Test worker] DEBUG o.h.l.p.b.i.spaces.QuerySpacesImpl - Adding QuerySpace : uid = <gen:19> -> org.hibernate.loader.plan.build.internal.spaces.EntityQuerySpaceImpl@2b2c013f]
14:11:16.106 [Test worker] DEBUG o.h.p.w.spi.MetamodelGraphWalker - Visiting attribute path : lifecycle_event_history.lifecycle_events
14:11:16.106 [Test worker] DEBUG o.h.p.w.spi.MetamodelGraphWalker - Visiting attribute path : lifecycle_event_history.version
14:11:16.106 [Test worker] DEBUG o.h.p.w.spi.MetamodelGraphWalker - Visiting attribute path : member_vnfs
14:11:16.106 [Test worker] DEBUG o.h.l.p.b.i.spaces.QuerySpacesImpl - Adding QuerySpace : uid = <gen:20> -> org.hibernate.loader.plan.build.internal.spaces.CollectionQuerySpaceImpl@4dcb568c]
14:11:16.106 [Test worker] DEBUG o.h.l.p.b.i.spaces.QuerySpacesImpl - Adding QuerySpace : uid = <gen:21> -> org.hibernate.loader.plan.build.internal.spaces.EntityQuerySpaceImpl@609f293a]
14:11:16.106 [Test worker] DEBUG o.h.p.w.spi.MetamodelGraphWalker - Visiting attribute path : member_vnfs.audit_log
14:11:16.106 [Test worker] DEBUG o.h.p.w.spi.MetamodelGraphWalker - Visiting attribute path : member_vnfs.auto_scale_policy
14:11:16.107 [Test worker] DEBUG o.h.l.p.b.i.spaces.QuerySpacesImpl - Adding QuerySpace : uid = <gen:22> -> org.hibernate.loader.plan.build.internal.spaces.CollectionQuerySpaceImpl@5814ef1c]
14:11:16.107 [Test worker] DEBUG o.h.l.p.b.i.spaces.QuerySpacesImpl - Adding QuerySpace : uid = <gen:23> -> org.hibernate.loader.plan.build.internal.spaces.EntityQuerySpaceImpl@465e4471]
14:11:16.107 [Test worker] DEBUG o.h.p.w.spi.MetamodelGraphWalker - Visiting attribute path : member_vnfs.auto_scale_policy.version
14:11:16.107 [Test worker] DEBUG o.h.p.w.spi.MetamodelGraphWalker - Visiting attribute path : member_vnfs.connected_external_virtual_link
14:11:16.107 [Test worker] DEBUG o.h.l.p.b.i.spaces.QuerySpacesImpl - Adding QuerySpace : uid = <gen:24> -> org.hibernate.loader.plan.build.internal.spaces.CollectionQuerySpaceImpl@7dd69ce9]
14:11:16.107 [Test worker] DEBUG o.h.l.p.b.i.spaces.QuerySpacesImpl - Adding QuerySpace : uid = <gen:25> -> org.hibernate.loader.plan.build.internal.spaces.EntityQuerySpaceImpl@14d7c58a]
14:11:16.107 [Test worker] DEBUG o.h.p.w.spi.MetamodelGraphWalker - Visiting attribute path : member_vnfs.connected_external_virtual_link.allocated_capacity
14:11:16.107 [Test worker] DEBUG o.h.p.w.spi.MetamodelGraphWalker - Visiting attribute path : member_vnfs.connected_external_virtual_link.audit_log
14:11:16.107 [Test worker] DEBUG o.h.p.w.spi.MetamodelGraphWalker - Visiting attribute path : member_vnfs.connected_external_virtual_link.connection
14:11:16.107 [Test worker] DEBUG o.h.p.w.spi.MetamodelGraphWalker - Visiting attribute path : member_vnfs.connected_external_virtual_link.connectivity_type
14:11:16.107 [Test worker] DEBUG o.h.p.w.spi.MetamodelGraphWalker - Visiting attribute path : member_vnfs.connected_external_virtual_link.descriptor_reference
14:11:16.107 [Test worker] DEBUG o.h.p.w.spi.MetamodelGraphWalker - Visiting attribute path : member_vnfs.connected_external_virtual_link.leaf_requirement
14:11:16.107 [Test worker] DEBUG o.h.p.w.spi.MetamodelGraphWalker - Visiting attribute path : member_vnfs.connected_external_virtual_link.lifecycle_event_history
14:11:16.107 [Test worker] DEBUG o.h.p.w.spi.MetamodelGraphWalker - Property path deemed to be circular : member_vnfs.connected_external_virtual_link.lifecycle_event_history
14:11:16.107 [Test worker] DEBUG o.h.p.w.spi.MetamodelGraphWalker - Visiting attribute path : member_vnfs.connected_external_virtual_link.notification
14:11:16.107 [Test worker] DEBUG o.h.p.w.spi.MetamodelGraphWalker - Visiting attribute path : member_vnfs.connected_external_virtual_link.number_of_enpoints
14:11:16.107 [Test worker] DEBUG o.h.p.w.spi.MetamodelGraphWalker - Visiting attribute path : member_vnfs.connected_external_virtual_link.parent_ns
14:11:16.107 [Test worker] DEBUG o.h.p.w.spi.MetamodelGraphWalker - Visiting attribute path : member_vnfs.connected_external_virtual_link.qos
14:11:16.107 [Test worker] DEBUG o.h.p.w.spi.MetamodelGraphWalker - Visiting attribute path : member_vnfs.connected_external_virtual_link.root_requirement
14:11:16.107 [Test worker] DEBUG o.h.p.w.spi.MetamodelGraphWalker - Visiting attribute path : member_vnfs.connected_external_virtual_link.status
14:11:16.107 [Test worker] DEBUG o.h.p.w.spi.MetamodelGraphWalker - Visiting attribute path : member_vnfs.connected_external_virtual_link.test_access
14:11:16.107 [Test worker] DEBUG o.h.p.w.spi.MetamodelGraphWalker - Visiting attribute path : member_vnfs.connected_external_virtual_link.vendor
14:11:16.107 [Test worker] DEBUG o.h.p.w.spi.MetamodelGraphWalker - Visiting attribute path : member_vnfs.connected_external_virtual_link.version
14:11:16.107 [Test worker] DEBUG o.h.p.w.spi.MetamodelGraphWalker - Visiting attribute path : member_vnfs.connected_external_virtual_link.vim_id
14:11:16.107 [Test worker] DEBUG o.h.p.w.spi.MetamodelGraphWalker - Visiting attribute path : member_vnfs.connected_external_virtual_link.vnffgr_reference
14:11:16.107 [Test worker] DEBUG o.h.p.w.spi.MetamodelGraphWalker - Property path deemed to be circular : member_vnfs.connected_external_virtual_link.vnffgr_reference
14:11:16.107 [Test worker] DEBUG o.h.p.w.spi.MetamodelGraphWalker - Visiting attribute path : member_vnfs.connection_point
14:11:16.107 [Test worker] DEBUG o.h.l.p.b.i.spaces.QuerySpacesImpl - Adding QuerySpace : uid = <gen:26> -> org.hibernate.loader.plan.build.internal.spaces.CollectionQuerySpaceImpl@2904e6c3]
14:11:16.107 [Test worker] DEBUG o.h.l.p.b.i.spaces.QuerySpacesImpl - Adding QuerySpace : uid = <gen:27> -> org.hibernate.loader.plan.build.internal.spaces.EntityQuerySpaceImpl@ca213f]
14:11:16.107 [Test worker] DEBUG o.h.p.w.spi.MetamodelGraphWalker - Visiting attribute path : member_vnfs.connection_point.type
14:11:16.107 [Test worker] DEBUG o.h.p.w.spi.MetamodelGraphWalker - Visiting attribute path : member_vnfs.connection_point.version
14:11:16.107 [Test worker] DEBUG o.h.p.w.spi.MetamodelGraphWalker - Visiting attribute path : member_vnfs.connection_point.virtual_link_reference
14:11:16.107 [Test worker] DEBUG o.h.p.w.spi.MetamodelGraphWalker - Visiting attribute path : member_vnfs.dependency
14:11:16.107 [Test worker] DEBUG o.h.l.p.b.i.spaces.QuerySpacesImpl - Adding QuerySpace : uid = <gen:28> -> org.hibernate.loader.plan.build.internal.spaces.CollectionQuerySpaceImpl@5e4e3d62]
14:11:16.107 [Test worker] DEBUG o.h.l.p.b.i.spaces.QuerySpacesImpl - Adding QuerySpace : uid = <gen:29> -> org.hibernate.loader.plan.build.internal.spaces.EntityQuerySpaceImpl@62a01d4c]
14:11:16.107 [Test worker] DEBUG o.h.p.w.spi.MetamodelGraphWalker - Visiting attribute path : member_vnfs.dependency.source
14:11:16.107 [Test worker] DEBUG o.h.l.p.b.i.spaces.QuerySpacesImpl - Adding QuerySpace : uid = <gen:30> -> org.hibernate.loader.plan.build.internal.spaces.EntityQuerySpaceImpl@6941817d]
14:11:16.107 [Test worker] DEBUG o.h.p.w.spi.MetamodelGraphWalker - Visiting attribute path : member_vnfs.dependency.target
14:11:16.107 [Test worker] DEBUG o.h.l.p.b.i.spaces.QuerySpacesImpl - Adding QuerySpace : uid = <gen:31> -> org.hibernate.loader.plan.build.internal.spaces.EntityQuerySpaceImpl@4b9c6b87]
14:11:16.107 [Test worker] DEBUG o.h.p.w.spi.MetamodelGraphWalker - Visiting attribute path : member_vnfs.dependency.version
14:11:16.107 [Test worker] DEBUG o.h.p.w.spi.MetamodelGraphWalker - Visiting attribute path : member_vnfs.deployment_flavour
14:11:16.107 [Test worker] DEBUG o.h.l.p.b.i.spaces.QuerySpacesImpl - Adding QuerySpace : uid = <gen:32> -> org.hibernate.loader.plan.build.internal.spaces.EntityQuerySpaceImpl@a5792d9]
14:11:16.107 [Test worker] DEBUG o.h.p.w.spi.MetamodelGraphWalker - Visiting attribute path : member_vnfs.deployment_flavour.flavour_key
14:11:16.108 [Test worker] DEBUG o.h.p.w.spi.MetamodelGraphWalker - Visiting attribute path : member_vnfs.deployment_flavour.version
14:11:16.108 [Test worker] DEBUG o.h.p.w.spi.MetamodelGraphWalker - Visiting attribute path : member_vnfs.deployment_flavour.costituent_vdu
14:11:16.108 [Test worker] DEBUG o.h.p.w.spi.MetamodelGraphWalker - Visiting attribute path : member_vnfs.deployment_flavour.df_constraint
14:11:16.108 [Test worker] DEBUG o.h.l.p.b.i.spaces.QuerySpacesImpl - Adding QuerySpace : uid = <gen:33> -> org.hibernate.loader.plan.build.internal.spaces.CollectionQuerySpaceImpl@6678a9d0]
14:11:16.108 [Test worker] DEBUG o.h.p.w.spi.MetamodelGraphWalker - Visiting attribute path : member_vnfs.descriptor_reference
14:11:16.108 [Test worker] DEBUG o.h.p.w.spi.MetamodelGraphWalker - Visiting attribute path : member_vnfs.lifecycle_event
14:11:16.108 [Test worker] DEBUG o.h.l.p.b.i.spaces.QuerySpacesImpl - Adding QuerySpace : uid = <gen:34> -> org.hibernate.loader.plan.build.internal.spaces.EntityQuerySpaceImpl@7bd4cb3e]
14:11:16.108 [Test worker] DEBUG o.h.p.w.spi.MetamodelGraphWalker - Visiting attribute path : member_vnfs.lifecycle_event.lifecycle_events
14:11:16.108 [Test worker] DEBUG o.h.p.w.spi.MetamodelGraphWalker - Visiting attribute path : member_vnfs.lifecycle_event.version
14:11:16.108 [Test worker] DEBUG o.h.p.w.spi.MetamodelGraphWalker - Visiting attribute path : member_vnfs.lifecycle_event_history
14:11:16.108 [Test worker] DEBUG o.h.l.p.b.i.spaces.QuerySpacesImpl - Adding QuerySpace : uid = <gen:35> -> org.hibernate.loader.plan.build.internal.spaces.CollectionQuerySpaceImpl@1f7d3b8f]
14:11:16.108 [Test worker] DEBUG o.h.l.p.b.i.spaces.QuerySpacesImpl - Adding QuerySpace : uid = <gen:36> -> org.hibernate.loader.plan.build.internal.spaces.EntityQuerySpaceImpl@56d1396f]
14:11:16.108 [Test worker] DEBUG o.h.p.w.spi.MetamodelGraphWalker - Visiting attribute path : member_vnfs.lifecycle_event_history.lifecycle_events
14:11:16.108 [Test worker] DEBUG o.h.p.w.spi.MetamodelGraphWalker - Visiting attribute path : member_vnfs.lifecycle_event_history.version
14:11:16.108 [Test worker] DEBUG o.h.p.w.spi.MetamodelGraphWalker - Visiting attribute path : member_vnfs.localization
14:11:16.108 [Test worker] DEBUG o.h.p.w.spi.MetamodelGraphWalker - Visiting attribute path : member_vnfs.monitoring_parameter
14:11:16.108 [Test worker] DEBUG o.h.p.w.spi.MetamodelGraphWalker - Visiting attribute path : member_vnfs.notification
14:11:16.108 [Test worker] DEBUG o.h.p.w.spi.MetamodelGraphWalker - Visiting attribute path : member_vnfs.parent_ns
14:11:16.108 [Test worker] DEBUG o.h.l.p.b.i.spaces.QuerySpacesImpl - Adding QuerySpace : uid = <gen:37> -> org.hibernate.loader.plan.build.internal.spaces.EntityQuerySpaceImpl@19e2c287]
14:11:16.108 [Test worker] DEBUG o.h.p.w.spi.MetamodelGraphWalker - Visiting attribute path : member_vnfs.parent_ns.audit_log
14:11:16.108 [Test worker] DEBUG o.h.p.w.spi.MetamodelGraphWalker - Visiting attribute path : member_vnfs.parent_ns.auto_scale_policy
14:11:16.108 [Test worker] DEBUG o.h.l.p.b.i.spaces.QuerySpacesImpl - Adding QuerySpace : uid = <gen:38> -> org.hibernate.loader.plan.build.internal.spaces.CollectionQuerySpaceImpl@4ecd6270]
14:11:16.108 [Test worker] DEBUG o.h.l.p.b.i.spaces.QuerySpacesImpl - Adding QuerySpace : uid = <gen:39> -> org.hibernate.loader.plan.build.internal.spaces.EntityQuerySpaceImpl@df9cf7b]
14:11:16.108 [Test worker] DEBUG o.h.p.w.spi.MetamodelGraphWalker - Visiting attribute path : member_vnfs.parent_ns.connection_point
14:11:16.108 [Test worker] DEBUG o.h.l.p.b.i.spaces.QuerySpacesImpl - Adding QuerySpace : uid = <gen:40> -> org.hibernate.loader.plan.build.internal.spaces.CollectionQuerySpaceImpl@ba49b68]
14:11:16.108 [Test worker] DEBUG o.h.l.p.b.i.spaces.QuerySpacesImpl - Adding QuerySpace : uid = <gen:41> -> org.hibernate.loader.plan.build.internal.spaces.EntityQuerySpaceImpl@63d6ced0]
14:11:16.108 [Test worker] DEBUG o.h.p.w.spi.MetamodelGraphWalker - Visiting attribute path : member_vnfs.parent_ns.descriptor_reference
14:11:16.108 [Test worker] DEBUG o.h.l.p.b.i.spaces.QuerySpacesImpl - Adding QuerySpace : uid = <gen:42> -> org.hibernate.loader.plan.build.internal.spaces.EntityQuerySpaceImpl@2ba3ece5]
14:11:16.108 [Test worker] DEBUG o.h.p.w.spi.MetamodelGraphWalker - Visiting attribute path : member_vnfs.parent_ns.lifecycle_event
14:11:16.108 [Test worker] DEBUG o.h.l.p.b.i.spaces.QuerySpacesImpl - Adding QuerySpace : uid = <gen:43> -> org.hibernate.loader.plan.build.internal.spaces.EntityQuerySpaceImpl@1715c4c5]
14:11:16.108 [Test worker] DEBUG o.h.p.w.spi.MetamodelGraphWalker - Visiting attribute path : member_vnfs.parent_ns.lifecycle_event_history
14:11:16.108 [Test worker] DEBUG o.h.l.p.b.i.spaces.QuerySpacesImpl - Adding QuerySpace : uid = <gen:44> -> org.hibernate.loader.plan.build.internal.spaces.CollectionQuerySpaceImpl@16296d5a]
14:11:16.108 [Test worker] DEBUG o.h.l.p.b.i.spaces.QuerySpacesImpl - Adding QuerySpace : uid = <gen:45> -> org.hibernate.loader.plan.build.internal.spaces.EntityQuerySpaceImpl@79ca3b13]
14:11:16.108 [Test worker] DEBUG o.h.p.w.spi.MetamodelGraphWalker - Visiting attribute path : member_vnfs.parent_ns.monitoring_parameter
14:11:16.108 [Test worker] DEBUG o.h.p.w.spi.MetamodelGraphWalker - Visiting attribute path : member_vnfs.parent_ns.notification
14:11:16.108 [Test worker] DEBUG o.h.p.w.spi.MetamodelGraphWalker - Visiting attribute path : member_vnfs.parent_ns.pnfr
14:11:16.108 [Test worker] DEBUG o.h.l.p.b.i.spaces.QuerySpacesImpl - Adding QuerySpace : uid = <gen:46> -> org.hibernate.loader.plan.build.internal.spaces.CollectionQuerySpaceImpl@4bec9adc]
14:11:16.108 [Test worker] DEBUG o.h.l.p.b.i.spaces.QuerySpacesImpl - Adding QuerySpace : uid = <gen:47> -> org.hibernate.loader.plan.build.internal.spaces.EntityQuerySpaceImpl@1aab0875]
14:11:16.108 [Test worker] DEBUG o.h.p.w.spi.MetamodelGraphWalker - Visiting attribute path : member_vnfs.parent_ns.resource_reservation
14:11:16.108 [Test worker] DEBUG o.h.p.w.spi.MetamodelGraphWalker - Visiting attribute path : member_vnfs.parent_ns.runtime_policy_info
14:11:16.108 [Test worker] DEBUG o.h.p.w.spi.MetamodelGraphWalker - Visiting attribute path : member_vnfs.parent_ns.service_deployment_flavour
14:11:16.108 [Test worker] DEBUG o.h.l.p.b.i.spaces.QuerySpacesImpl - Adding QuerySpace : uid = <gen:48> -> org.hibernate.loader.plan.build.internal.spaces.EntityQuerySpaceImpl@52b84700]
14:11:16.108 [Test worker] DEBUG o.h.p.w.spi.MetamodelGraphWalker - Visiting attribute path : member_vnfs.parent_ns.status
14:11:16.109 [Test worker] DEBUG o.h.p.w.spi.MetamodelGraphWalker - Visiting attribute path : member_vnfs.parent_ns.vendor
14:11:16.109 [Test worker] DEBUG o.h.p.w.spi.MetamodelGraphWalker - Visiting attribute path : member_vnfs.parent_ns.version
14:11:16.109 [Test worker] DEBUG o.h.p.w.spi.MetamodelGraphWalker - Visiting attribute path : member_vnfs.parent_ns.vlr
14:11:16.109 [Test worker] DEBUG o.h.l.p.b.i.spaces.QuerySpacesImpl - Adding QuerySpace : uid = <gen:49> -> org.hibernate.loader.plan.build.internal.spaces.CollectionQuerySpaceImpl@403d7b6d]
14:11:16.109 [Test worker] DEBUG o.h.l.p.b.i.spaces.QuerySpacesImpl - Adding QuerySpace : uid = <gen:50> -> org.hibernate.loader.plan.build.internal.spaces.EntityQuerySpaceImpl@472520e]
14:11:16.109 [Test worker] DEBUG o.h.p.w.spi.MetamodelGraphWalker - Visiting attribute path : member_vnfs.parent_ns.vnf_dependency
14:11:16.109 [Test worker] DEBUG o.h.l.p.b.i.spaces.QuerySpacesImpl - Adding QuerySpace : uid = <gen:51> -> org.hibernate.loader.plan.build.internal.spaces.CollectionQuerySpaceImpl@6d691769]
14:11:16.109 [Test worker] DEBUG o.h.l.p.b.i.spaces.QuerySpacesImpl - Adding QuerySpace : uid = <gen:52> -> org.hibernate.loader.plan.build.internal.spaces.EntityQuerySpaceImpl@e80269d]
14:11:16.109 [Test worker] DEBUG o.h.p.w.spi.MetamodelGraphWalker - Visiting attribute path : member_vnfs.parent_ns.vnffgr
14:11:16.109 [Test worker] DEBUG o.h.l.p.b.i.spaces.QuerySpacesImpl - Adding QuerySpace : uid = <gen:53> -> org.hibernate.loader.plan.build.internal.spaces.CollectionQuerySpaceImpl@7f6714da]
14:11:16.109 [Test worker] DEBUG o.h.l.p.b.i.spaces.QuerySpacesImpl - Adding QuerySpace : uid = <gen:54> -> org.hibernate.loader.plan.build.internal.spaces.EntityQuerySpaceImpl@488a358e]
14:11:16.110 [Test worker] DEBUG o.h.p.w.spi.MetamodelGraphWalker - Visiting attribute path : member_vnfs.parent_ns.vnfr
14:11:16.111 [Test worker] DEBUG o.h.l.p.b.i.spaces.QuerySpacesImpl - Adding QuerySpace : uid = <gen:55> -> org.hibernate.loader.plan.build.internal.spaces.EntityQuerySpaceImpl@69c222d6]
14:11:16.111 [Test worker] DEBUG o.h.p.w.spi.MetamodelGraphWalker - Visiting attribute path : member_vnfs.runtime_policy_info
14:11:16.111 [Test worker] DEBUG o.h.p.w.spi.MetamodelGraphWalker - Visiting attribute path : member_vnfs.status
14:11:16.111 [Test worker] DEBUG o.h.p.w.spi.MetamodelGraphWalker - Visiting attribute path : member_vnfs.vdu
14:11:16.111 [Test worker] DEBUG o.h.l.p.b.i.spaces.QuerySpacesImpl - Adding QuerySpace : uid = <gen:56> -> org.hibernate.loader.plan.build.internal.spaces.CollectionQuerySpaceImpl@487d45d8]
14:11:16.111 [Test worker] DEBUG o.h.l.p.b.i.spaces.QuerySpacesImpl - Adding QuerySpace : uid = <gen:57> -> org.hibernate.loader.plan.build.internal.spaces.EntityQuerySpaceImpl@18748d16]
14:11:16.111 [Test worker] DEBUG o.h.p.w.spi.MetamodelGraphWalker - Visiting attribute path : member_vnfs.vdu.computation_requirement
14:11:16.111 [Test worker] DEBUG o.h.p.w.spi.MetamodelGraphWalker - Visiting attribute path : member_vnfs.vdu.high_availability
14:11:16.111 [Test worker] DEBUG o.h.p.w.spi.MetamodelGraphWalker - Visiting attribute path : member_vnfs.vdu.lifecycle_event
14:11:16.111 [Test worker] DEBUG o.h.p.w.spi.MetamodelGraphWalker - Visiting attribute path : member_vnfs.vdu.monitoring_parameter
14:11:16.111 [Test worker] DEBUG o.h.l.p.b.i.spaces.QuerySpacesImpl - Adding QuerySpace : uid = <gen:58> -> org.hibernate.loader.plan.build.internal.spaces.CollectionQuerySpaceImpl@36cae11e]
14:11:16.111 [Test worker] DEBUG o.h.p.w.spi.MetamodelGraphWalker - Visiting attribute path : member_vnfs.vdu.scale_in_out
14:11:16.111 [Test worker] DEBUG o.h.p.w.spi.MetamodelGraphWalker - Visiting attribute path : member_vnfs.vdu.vdu_constraint
14:11:16.111 [Test worker] DEBUG o.h.p.w.spi.MetamodelGraphWalker - Visiting attribute path : member_vnfs.vdu.version
14:11:16.111 [Test worker] DEBUG o.h.p.w.spi.MetamodelGraphWalker - Visiting attribute path : member_vnfs.vdu.virtual_memory_resource_element
14:11:16.111 [Test worker] DEBUG o.h.p.w.spi.MetamodelGraphWalker - Visiting attribute path : member_vnfs.vdu.virtual_network_bandwidth_resource
14:11:16.111 [Test worker] DEBUG o.h.p.w.spi.MetamodelGraphWalker - Visiting attribute path : member_vnfs.vdu.vm_image
14:11:16.111 [Test worker] DEBUG o.h.l.p.b.i.spaces.QuerySpacesImpl - Adding QuerySpace : uid = <gen:59> -> org.hibernate.loader.plan.build.internal.spaces.CollectionQuerySpaceImpl@418194ac]
14:11:16.111 [Test worker] DEBUG o.h.p.w.spi.MetamodelGraphWalker - Visiting attribute path : member_vnfs.vdu.vnfc
14:11:16.111 [Test worker] DEBUG o.h.p.w.spi.MetamodelGraphWalker - Visiting attribute path : member_vnfs.vendor
14:11:16.111 [Test worker] DEBUG o.h.p.w.spi.MetamodelGraphWalker - Visiting attribute path : member_vnfs.version
14:11:16.111 [Test worker] DEBUG o.h.p.w.spi.MetamodelGraphWalker - Visiting attribute path : member_vnfs.virtual_link
14:11:16.111 [Test worker] DEBUG o.h.l.p.b.i.spaces.QuerySpacesImpl - Adding QuerySpace : uid = <gen:60> -> org.hibernate.loader.plan.build.internal.spaces.CollectionQuerySpaceImpl@2247c9cd]
14:11:16.111 [Test worker] DEBUG o.h.l.p.b.i.spaces.QuerySpacesImpl - Adding QuerySpace : uid = <gen:61> -> org.hibernate.loader.plan.build.internal.spaces.EntityQuerySpaceImpl@1711c350]
14:11:16.111 [Test worker] DEBUG o.h.p.w.spi.MetamodelGraphWalker - Visiting attribute path : member_vnfs.virtual_link.connectivity_type
14:11:16.111 [Test worker] DEBUG o.h.p.w.spi.MetamodelGraphWalker - Visiting attribute path : member_vnfs.virtual_link.leaf_requirement
14:11:16.111 [Test worker] DEBUG o.h.p.w.spi.MetamodelGraphWalker - Visiting attribute path : member_vnfs.virtual_link.qos
14:11:16.111 [Test worker] DEBUG o.h.p.w.spi.MetamodelGraphWalker - Visiting attribute path : member_vnfs.virtual_link.root_requirement
14:11:16.111 [Test worker] DEBUG o.h.p.w.spi.MetamodelGraphWalker - Visiting attribute path : member_vnfs.virtual_link.test_access
14:11:16.111 [Test worker] DEBUG o.h.p.w.spi.MetamodelGraphWalker - Visiting attribute path : member_vnfs.virtual_link.version
14:11:16.111 [Test worker] DEBUG o.h.p.w.spi.MetamodelGraphWalker - Visiting attribute path : member_vnfs.virtual_link.connection_points_references
14:11:16.111 [Test worker] DEBUG o.h.l.p.b.i.spaces.QuerySpacesImpl - Adding QuerySpace : uid = <gen:62> -> org.hibernate.loader.plan.build.internal.spaces.CollectionQuerySpaceImpl@2ce6bbd8]
14:11:16.112 [Test worker] DEBUG o.h.p.w.spi.MetamodelGraphWalker - Visiting attribute path : member_vnfs.vnf_address
14:11:16.112 [Test worker] DEBUG o.h.p.w.spi.MetamodelGraphWalker - Visiting attribute path : member_vnfs.vnfm_id
14:11:16.112 [Test worker] DEBUG o.h.p.w.spi.MetamodelGraphWalker - Visiting attribute path : network_forwarding_path
14:11:16.112 [Test worker] DEBUG o.h.l.p.b.i.spaces.QuerySpacesImpl - Adding QuerySpace : uid = <gen:63> -> org.hibernate.loader.plan.build.internal.spaces.EntityQuerySpaceImpl@603678ef]
14:11:16.112 [Test worker] DEBUG o.h.p.w.spi.MetamodelGraphWalker - Visiting attribute path : network_forwarding_path.connection
14:11:16.112 [Test worker] DEBUG o.h.l.p.b.i.spaces.QuerySpacesImpl - Adding QuerySpace : uid = <gen:64> -> org.hibernate.loader.plan.build.internal.spaces.CollectionQuerySpaceImpl@7f1fd57c]
14:11:16.112 [Test worker] DEBUG o.h.p.w.spi.MetamodelGraphWalker - Visiting index for collection :  network_forwarding_path.connection
14:11:16.112 [Test worker] DEBUG o.h.p.w.spi.MetamodelGraphWalker - Visiting attribute path : network_forwarding_path.policy
14:11:16.112 [Test worker] DEBUG o.h.l.p.b.i.spaces.QuerySpacesImpl - Adding QuerySpace : uid = <gen:65> -> org.hibernate.loader.plan.build.internal.spaces.EntityQuerySpaceImpl@29b6d02e]
14:11:16.112 [Test worker] DEBUG o.h.p.w.spi.MetamodelGraphWalker - Visiting attribute path : network_forwarding_path.policy.version
14:11:16.112 [Test worker] DEBUG o.h.p.w.spi.MetamodelGraphWalker - Visiting attribute path : network_forwarding_path.version
14:11:16.112 [Test worker] DEBUG o.h.p.w.spi.MetamodelGraphWalker - Visiting attribute path : notification
14:11:16.112 [Test worker] DEBUG o.h.p.w.spi.MetamodelGraphWalker - Visiting attribute path : number_of_endpoints
14:11:16.112 [Test worker] DEBUG o.h.p.w.spi.MetamodelGraphWalker - Visiting attribute path : number_of_pnfs
14:11:16.112 [Test worker] DEBUG o.h.p.w.spi.MetamodelGraphWalker - Visiting attribute path : number_of_virtual_links
14:11:16.112 [Test worker] DEBUG o.h.p.w.spi.MetamodelGraphWalker - Visiting attribute path : number_of_vnfs
14:11:16.112 [Test worker] DEBUG o.h.p.w.spi.MetamodelGraphWalker - Visiting attribute path : parent_ns
14:11:16.112 [Test worker] DEBUG o.h.l.p.b.i.spaces.QuerySpacesImpl - Adding QuerySpace : uid = <gen:66> -> org.hibernate.loader.plan.build.internal.spaces.EntityQuerySpaceImpl@1c35122d]
14:11:16.112 [Test worker] DEBUG o.h.p.w.spi.MetamodelGraphWalker - Visiting attribute path : parent_ns.audit_log
14:11:16.112 [Test worker] DEBUG o.h.p.w.spi.MetamodelGraphWalker - Visiting attribute path : parent_ns.auto_scale_policy
14:11:16.113 [Test worker] DEBUG o.h.l.p.b.i.spaces.QuerySpacesImpl - Adding QuerySpace : uid = <gen:67> -> org.hibernate.loader.plan.build.internal.spaces.CollectionQuerySpaceImpl@1968265a]
14:11:16.113 [Test worker] DEBUG o.h.l.p.b.i.spaces.QuerySpacesImpl - Adding QuerySpace : uid = <gen:68> -> org.hibernate.loader.plan.build.internal.spaces.EntityQuerySpaceImpl@4adebbe]
14:11:16.113 [Test worker] DEBUG o.h.p.w.spi.MetamodelGraphWalker - Visiting attribute path : parent_ns.auto_scale_policy.version
14:11:16.113 [Test worker] DEBUG o.h.p.w.spi.MetamodelGraphWalker - Visiting attribute path : parent_ns.connection_point
14:11:16.113 [Test worker] DEBUG o.h.l.p.b.i.spaces.QuerySpacesImpl - Adding QuerySpace : uid = <gen:69> -> org.hibernate.loader.plan.build.internal.spaces.CollectionQuerySpaceImpl@1a2ba3d5]
14:11:16.113 [Test worker] DEBUG o.h.l.p.b.i.spaces.QuerySpacesImpl - Adding QuerySpace : uid = <gen:70> -> org.hibernate.loader.plan.build.internal.spaces.EntityQuerySpaceImpl@2711025f]
14:11:16.113 [Test worker] DEBUG o.h.p.w.spi.MetamodelGraphWalker - Visiting attribute path : parent_ns.connection_point.type
14:11:16.113 [Test worker] DEBUG o.h.p.w.spi.MetamodelGraphWalker - Visiting attribute path : parent_ns.connection_point.version
14:11:16.113 [Test worker] DEBUG o.h.p.w.spi.MetamodelGraphWalker - Visiting attribute path : parent_ns.connection_point.virtual_link_reference
14:11:16.113 [Test worker] DEBUG o.h.p.w.spi.MetamodelGraphWalker - Visiting attribute path : parent_ns.descriptor_reference
14:11:16.113 [Test worker] DEBUG o.h.l.p.b.i.spaces.QuerySpacesImpl - Adding QuerySpace : uid = <gen:71> -> org.hibernate.loader.plan.build.internal.spaces.EntityQuerySpaceImpl@7a70a760]
14:11:16.113 [Test worker] DEBUG o.h.p.w.spi.MetamodelGraphWalker - Visiting attribute path : parent_ns.descriptor_reference.auto_scale_policy
14:11:16.113 [Test worker] DEBUG o.h.p.w.spi.MetamodelGraphWalker - Visiting attribute path : parent_ns.descriptor_reference.connection_point
14:11:16.113 [Test worker] DEBUG o.h.p.w.spi.MetamodelGraphWalker - Visiting attribute path : parent_ns.descriptor_reference.hb_version
14:11:16.113 [Test worker] DEBUG o.h.p.w.spi.MetamodelGraphWalker - Visiting attribute path : parent_ns.descriptor_reference.lifecycle_event
14:11:16.113 [Test worker] DEBUG o.h.p.w.spi.MetamodelGraphWalker - Visiting attribute path : parent_ns.descriptor_reference.monitoring_parameter
14:11:16.113 [Test worker] DEBUG o.h.l.p.b.i.spaces.QuerySpacesImpl - Adding QuerySpace : uid = <gen:72> -> org.hibernate.loader.plan.build.internal.spaces.CollectionQuerySpaceImpl@44545305]
14:11:16.113 [Test worker] DEBUG o.h.p.w.spi.MetamodelGraphWalker - Visiting attribute path : parent_ns.descriptor_reference.service_deployment_flavour
14:11:16.113 [Test worker] DEBUG o.h.p.w.spi.MetamodelGraphWalker - Visiting attribute path : parent_ns.descriptor_reference.vendor
14:11:16.113 [Test worker] DEBUG o.h.p.w.spi.MetamodelGraphWalker - Visiting attribute path : parent_ns.descriptor_reference.version
14:11:16.114 [Test worker] DEBUG o.h.p.w.spi.MetamodelGraphWalker - Visiting attribute path : parent_ns.descriptor_reference.vld
14:11:16.114 [Test worker] DEBUG o.h.p.w.spi.MetamodelGraphWalker - Visiting attribute path : parent_ns.descriptor_reference.vnffgd
14:11:16.114 [Test worker] DEBUG o.h.p.w.spi.MetamodelGraphWalker - Visiting attribute path : parent_ns.descriptor_reference.deployment_flavour
14:11:16.114 [Test worker] DEBUG o.h.l.p.b.i.spaces.QuerySpacesImpl - Adding QuerySpace : uid = <gen:73> -> org.hibernate.loader.plan.build.internal.spaces.CollectionQuerySpaceImpl@7c16904e]
14:11:16.114 [Test worker] DEBUG o.h.l.p.b.i.spaces.QuerySpacesImpl - Adding QuerySpace : uid = <gen:74> -> org.hibernate.loader.plan.build.internal.spaces.EntityQuerySpaceImpl@2d5c3087]
14:11:16.114 [Test worker] DEBUG o.h.p.w.spi.MetamodelGraphWalker - Visiting attribute path : parent_ns.descriptor_reference.descriptor_version
14:11:16.114 [Test worker] DEBUG o.h.p.w.spi.MetamodelGraphWalker - Visiting attribute path : parent_ns.descriptor_reference.manifest_file
14:11:16.114 [Test worker] DEBUG o.h.p.w.spi.MetamodelGraphWalker - Visiting attribute path : parent_ns.descriptor_reference.manifest_file_security
14:11:16.114 [Test worker] DEBUG o.h.p.w.spi.MetamodelGraphWalker - Visiting attribute path : parent_ns.descriptor_reference.vdu
14:11:16.114 [Test worker] DEBUG o.h.p.w.spi.MetamodelGraphWalker - Visiting attribute path : parent_ns.descriptor_reference.vdu_dependency
14:11:16.114 [Test worker] DEBUG o.h.p.w.spi.MetamodelGraphWalker - Visiting attribute path : parent_ns.descriptor_reference.virtual_link
14:11:16.114 [Test worker] DEBUG o.h.p.w.spi.MetamodelGraphWalker - Visiting attribute path : parent_ns.descriptor_reference.nsd_security
14:11:16.114 [Test worker] DEBUG o.h.l.p.b.i.spaces.QuerySpacesImpl - Adding QuerySpace : uid = <gen:75> -> org.hibernate.loader.plan.build.internal.spaces.EntityQuerySpaceImpl@7f760654]
14:11:16.114 [Test worker] DEBUG o.h.p.w.spi.MetamodelGraphWalker - Visiting attribute path : parent_ns.descriptor_reference.pnfd
14:11:16.114 [Test worker] DEBUG o.h.p.w.spi.MetamodelGraphWalker - Visiting attribute path : parent_ns.descriptor_reference.vnf_dependency
14:11:16.114 [Test worker] DEBUG o.h.l.p.b.i.spaces.QuerySpacesImpl - Adding QuerySpace : uid = <gen:76> -> org.hibernate.loader.plan.build.internal.spaces.CollectionQuerySpaceImpl@1d99b62c]
14:11:16.114 [Test worker] DEBUG o.h.l.p.b.i.spaces.QuerySpacesImpl - Adding QuerySpace : uid = <gen:77> -> org.hibernate.loader.plan.build.internal.spaces.EntityQuerySpaceImpl@568711e2]
14:11:16.114 [Test worker] DEBUG o.h.p.w.spi.MetamodelGraphWalker - Visiting attribute path : parent_ns.descriptor_reference.vnfd
14:11:16.114 [Test worker] DEBUG o.h.l.p.b.i.spaces.QuerySpacesImpl - Adding QuerySpace : uid = <gen:78> -> org.hibernate.loader.plan.build.internal.spaces.CollectionQuerySpaceImpl@3da738cf]
14:11:16.114 [Test worker] DEBUG o.h.l.p.b.i.spaces.QuerySpacesImpl - Adding QuerySpace : uid = <gen:79> -> org.hibernate.loader.plan.build.internal.spaces.EntityQuerySpaceImpl@2d82bda8]
14:11:16.114 [Test worker] DEBUG o.h.p.w.spi.MetamodelGraphWalker - Visiting attribute path : parent_ns.lifecycle_event
14:11:16.114 [Test worker] DEBUG o.h.l.p.b.i.spaces.QuerySpacesImpl - Adding QuerySpace : uid = <gen:80> -> org.hibernate.loader.plan.build.internal.spaces.EntityQuerySpaceImpl@627177ef]
14:11:16.114 [Test worker] DEBUG o.h.p.w.spi.MetamodelGraphWalker - Visiting attribute path : parent_ns.lifecycle_event.lifecycle_events
14:11:16.115 [Test worker] DEBUG o.h.p.w.spi.MetamodelGraphWalker - Visiting attribute path : parent_ns.lifecycle_event.version
14:11:16.115 [Test worker] DEBUG o.h.p.w.spi.MetamodelGraphWalker - Visiting attribute path : parent_ns.lifecycle_event_history
14:11:16.115 [Test worker] DEBUG o.h.l.p.b.i.spaces.QuerySpacesImpl - Adding QuerySpace : uid = <gen:81> -> org.hibernate.loader.plan.build.internal.spaces.CollectionQuerySpaceImpl@20bb0006]
14:11:16.115 [Test worker] DEBUG o.h.l.p.b.i.spaces.QuerySpacesImpl - Adding QuerySpace : uid = <gen:82> -> org.hibernate.loader.plan.build.internal.spaces.EntityQuerySpaceImpl@54fe9ab3]
14:11:16.115 [Test worker] DEBUG o.h.p.w.spi.MetamodelGraphWalker - Visiting attribute path : parent_ns.lifecycle_event_history.lifecycle_events
14:11:16.115 [Test worker] DEBUG o.h.p.w.spi.MetamodelGraphWalker - Visiting attribute path : parent_ns.lifecycle_event_history.version
14:11:16.115 [Test worker] DEBUG o.h.p.w.spi.MetamodelGraphWalker - Visiting attribute path : parent_ns.monitoring_parameter
14:11:16.115 [Test worker] DEBUG o.h.p.w.spi.MetamodelGraphWalker - Visiting attribute path : parent_ns.notification
14:11:16.115 [Test worker] DEBUG o.h.p.w.spi.MetamodelGraphWalker - Visiting attribute path : parent_ns.pnfr
14:11:16.115 [Test worker] DEBUG o.h.l.p.b.i.spaces.QuerySpacesImpl - Adding QuerySpace : uid = <gen:83> -> org.hibernate.loader.plan.build.internal.spaces.CollectionQuerySpaceImpl@11ef5089]
14:11:16.115 [Test worker] DEBUG o.h.l.p.b.i.spaces.QuerySpacesImpl - Adding QuerySpace : uid = <gen:84> -> org.hibernate.loader.plan.build.internal.spaces.EntityQuerySpaceImpl@76905b91]
14:11:16.115 [Test worker] DEBUG o.h.p.w.spi.MetamodelGraphWalker - Visiting attribute path : parent_ns.pnfr.connected_virtual_link
14:11:16.115 [Test worker] DEBUG o.h.l.p.b.i.spaces.QuerySpacesImpl - Adding QuerySpace : uid = <gen:85> -> org.hibernate.loader.plan.build.internal.spaces.CollectionQuerySpaceImpl@2c207114]
14:11:16.115 [Test worker] DEBUG o.h.l.p.b.i.spaces.QuerySpacesImpl - Adding QuerySpace : uid = <gen:86> -> org.hibernate.loader.plan.build.internal.spaces.EntityQuerySpaceImpl@5dfeeae]
14:11:16.115 [Test worker] DEBUG o.h.p.w.spi.MetamodelGraphWalker - Visiting attribute path : parent_ns.pnfr.connection_point
14:11:16.115 [Test worker] DEBUG o.h.l.p.b.i.spaces.QuerySpacesImpl - Adding QuerySpace : uid = <gen:87> -> org.hibernate.loader.plan.build.internal.spaces.CollectionQuerySpaceImpl@30aee485]
14:11:16.115 [Test worker] DEBUG o.h.l.p.b.i.spaces.QuerySpacesImpl - Adding QuerySpace : uid = <gen:88> -> org.hibernate.loader.plan.build.internal.spaces.EntityQuerySpaceImpl@2a1cf0bb]
14:11:16.115 [Test worker] DEBUG o.h.p.w.spi.MetamodelGraphWalker - Visiting attribute path : parent_ns.pnfr.description
14:11:16.115 [Test worker] DEBUG o.h.p.w.spi.MetamodelGraphWalker - Visiting attribute path : parent_ns.pnfr.descriptor_reference
14:11:16.115 [Test worker] DEBUG o.h.l.p.b.i.spaces.QuerySpacesImpl - Adding QuerySpace : uid = <gen:89> -> org.hibernate.loader.plan.build.internal.spaces.EntityQuerySpaceImpl@52009a96]
14:11:16.115 [Test worker] DEBUG o.h.p.w.spi.MetamodelGraphWalker - Visiting attribute path : parent_ns.pnfr.oam_reference
14:11:16.115 [Test worker] DEBUG o.h.p.w.spi.MetamodelGraphWalker - Visiting attribute path : parent_ns.pnfr.parent_ns
14:11:16.115 [Test worker] DEBUG o.h.l.p.b.i.spaces.QuerySpacesImpl - Adding QuerySpace : uid = <gen:90> -> org.hibernate.loader.plan.build.internal.spaces.EntityQuerySpaceImpl@25a517e9]
14:11:16.115 [Test worker] DEBUG o.h.p.w.spi.MetamodelGraphWalker - Visiting attribute path : parent_ns.pnfr.pnf_address
14:11:16.116 [Test worker] DEBUG o.h.p.w.spi.MetamodelGraphWalker - Visiting attribute path : parent_ns.pnfr.vendor
14:11:16.116 [Test worker] DEBUG o.h.p.w.spi.MetamodelGraphWalker - Visiting attribute path : parent_ns.pnfr.version
14:11:16.116 [Test worker] DEBUG o.h.p.w.spi.MetamodelGraphWalker - Visiting attribute path : parent_ns.pnfr.vnffgr
14:11:16.116 [Test worker] DEBUG o.h.l.p.b.i.spaces.QuerySpacesImpl - Adding QuerySpace : uid = <gen:91> -> org.hibernate.loader.plan.build.internal.spaces.CollectionQuerySpaceImpl@79c4d54d]
14:11:16.116 [Test worker] DEBUG o.h.l.p.b.i.spaces.QuerySpacesImpl - Adding QuerySpace : uid = <gen:92> -> org.hibernate.loader.plan.build.internal.spaces.EntityQuerySpaceImpl@698ff0af]
14:11:16.116 [Test worker] DEBUG o.h.p.w.spi.MetamodelGraphWalker - Visiting attribute path : parent_ns.resource_reservation
14:11:16.116 [Test worker] DEBUG o.h.p.w.spi.MetamodelGraphWalker - Visiting attribute path : parent_ns.runtime_policy_info
14:11:16.116 [Test worker] DEBUG o.h.p.w.spi.MetamodelGraphWalker - Visiting attribute path : parent_ns.service_deployment_flavour
14:11:16.116 [Test worker] DEBUG o.h.l.p.b.i.spaces.QuerySpacesImpl - Adding QuerySpace : uid = <gen:93> -> org.hibernate.loader.plan.build.internal.spaces.EntityQuerySpaceImpl@6902a74d]
14:11:16.116 [Test worker] DEBUG o.h.p.w.spi.MetamodelGraphWalker - Visiting attribute path : parent_ns.service_deployment_flavour.flavour_key
14:11:16.116 [Test worker] DEBUG o.h.p.w.spi.MetamodelGraphWalker - Visiting attribute path : parent_ns.service_deployment_flavour.version
14:11:16.116 [Test worker] DEBUG o.h.p.w.spi.MetamodelGraphWalker - Visiting attribute path : parent_ns.service_deployment_flavour.constituent_vnf
14:11:16.116 [Test worker] DEBUG o.h.p.w.spi.MetamodelGraphWalker - Visiting attribute path : parent_ns.status
14:11:16.116 [Test worker] DEBUG o.h.p.w.spi.MetamodelGraphWalker - Visiting attribute path : parent_ns.vendor
14:11:16.116 [Test worker] DEBUG o.h.p.w.spi.MetamodelGraphWalker - Visiting attribute path : parent_ns.version
14:11:16.116 [Test worker] DEBUG o.h.p.w.spi.MetamodelGraphWalker - Visiting attribute path : parent_ns.vlr
14:11:16.116 [Test worker] DEBUG o.h.l.p.b.i.spaces.QuerySpacesImpl - Adding QuerySpace : uid = <gen:94> -> org.hibernate.loader.plan.build.internal.spaces.CollectionQuerySpaceImpl@2d950731]
14:11:16.116 [Test worker] DEBUG o.h.l.p.b.i.spaces.QuerySpacesImpl - Adding QuerySpace : uid = <gen:95> -> org.hibernate.loader.plan.build.internal.spaces.EntityQuerySpaceImpl@130b3958]
14:11:16.116 [Test worker] DEBUG o.h.p.w.spi.MetamodelGraphWalker - Visiting attribute path : parent_ns.vlr.allocated_capacity
14:11:16.116 [Test worker] DEBUG o.h.p.w.spi.MetamodelGraphWalker - Visiting attribute path : parent_ns.vlr.audit_log
14:11:16.116 [Test worker] DEBUG o.h.p.w.spi.MetamodelGraphWalker - Visiting attribute path : parent_ns.vlr.connection
14:11:16.116 [Test worker] DEBUG o.h.p.w.spi.MetamodelGraphWalker - Visiting attribute path : parent_ns.vlr.connectivity_type
14:11:16.116 [Test worker] DEBUG o.h.p.w.spi.MetamodelGraphWalker - Visiting attribute path : parent_ns.vlr.descriptor_reference
14:11:16.116 [Test worker] DEBUG o.h.p.w.spi.MetamodelGraphWalker - Visiting attribute path : parent_ns.vlr.leaf_requirement
14:11:16.116 [Test worker] DEBUG o.h.p.w.spi.MetamodelGraphWalker - Visiting attribute path : parent_ns.vlr.lifecycle_event_history
14:11:16.116 [Test worker] DEBUG o.h.p.w.spi.MetamodelGraphWalker - Property path deemed to be circular : parent_ns.vlr.lifecycle_event_history
14:11:16.116 [Test worker] DEBUG o.h.p.w.spi.MetamodelGraphWalker - Visiting attribute path : parent_ns.vlr.notification
14:11:16.116 [Test worker] DEBUG o.h.p.w.spi.MetamodelGraphWalker - Visiting attribute path : parent_ns.vlr.number_of_enpoints
14:11:16.116 [Test worker] DEBUG o.h.p.w.spi.MetamodelGraphWalker - Visiting attribute path : parent_ns.vlr.parent_ns
14:11:16.116 [Test worker] DEBUG o.h.p.w.spi.MetamodelGraphWalker - Visiting attribute path : parent_ns.vlr.qos
14:11:16.116 [Test worker] DEBUG o.h.p.w.spi.MetamodelGraphWalker - Visiting attribute path : parent_ns.vlr.root_requirement
14:11:16.116 [Test worker] DEBUG o.h.p.w.spi.MetamodelGraphWalker - Visiting attribute path : parent_ns.vlr.status
14:11:16.116 [Test worker] DEBUG o.h.p.w.spi.MetamodelGraphWalker - Visiting attribute path : parent_ns.vlr.test_access
14:11:16.116 [Test worker] DEBUG o.h.p.w.spi.MetamodelGraphWalker - Visiting attribute path : parent_ns.vlr.vendor
14:11:16.116 [Test worker] DEBUG o.h.p.w.spi.MetamodelGraphWalker - Visiting attribute path : parent_ns.vlr.version
14:11:16.116 [Test worker] DEBUG o.h.p.w.spi.MetamodelGraphWalker - Visiting attribute path : parent_ns.vlr.vim_id
14:11:16.116 [Test worker] DEBUG o.h.p.w.spi.MetamodelGraphWalker - Visiting attribute path : parent_ns.vlr.vnffgr_reference
14:11:16.117 [Test worker] DEBUG o.h.p.w.spi.MetamodelGraphWalker - Property path deemed to be circular : parent_ns.vlr.vnffgr_reference
14:11:16.117 [Test worker] DEBUG o.h.p.w.spi.MetamodelGraphWalker - Visiting attribute path : parent_ns.vnf_dependency
14:11:16.117 [Test worker] DEBUG o.h.l.p.b.i.spaces.QuerySpacesImpl - Adding QuerySpace : uid = <gen:96> -> org.hibernate.loader.plan.build.internal.spaces.CollectionQuerySpaceImpl@3b567a5d]
14:11:16.117 [Test worker] DEBUG o.h.l.p.b.i.spaces.QuerySpacesImpl - Adding QuerySpace : uid = <gen:97> -> org.hibernate.loader.plan.build.internal.spaces.EntityQuerySpaceImpl@2a7b8e1a]
14:11:16.117 [Test worker] DEBUG o.h.p.w.spi.MetamodelGraphWalker - Visiting attribute path : parent_ns.vnf_dependency.source
14:11:16.117 [Test worker] DEBUG o.h.l.p.b.i.spaces.QuerySpacesImpl - Adding QuerySpace : uid = <gen:98> -> org.hibernate.loader.plan.build.internal.spaces.EntityQuerySpaceImpl@7ae48ca0]
14:11:16.117 [Test worker] DEBUG o.h.p.w.spi.MetamodelGraphWalker - Visiting attribute path : parent_ns.vnf_dependency.target
14:11:16.117 [Test worker] DEBUG o.h.l.p.b.i.spaces.QuerySpacesImpl - Adding QuerySpace : uid = <gen:99> -> org.hibernate.loader.plan.build.internal.spaces.EntityQuerySpaceImpl@32cc9b68]
14:11:16.117 [Test worker] DEBUG o.h.p.w.spi.MetamodelGraphWalker - Visiting attribute path : parent_ns.vnf_dependency.version
14:11:16.117 [Test worker] DEBUG o.h.p.w.spi.MetamodelGraphWalker - Visiting attribute path : parent_ns.vnffgr
14:11:16.117 [Test worker] DEBUG o.h.l.p.b.i.spaces.QuerySpacesImpl - Adding QuerySpace : uid = <gen:100> -> org.hibernate.loader.plan.build.internal.spaces.CollectionQuerySpaceImpl@16eee2e6]
14:11:16.117 [Test worker] DEBUG o.h.l.p.b.i.spaces.QuerySpacesImpl - Adding QuerySpace : uid = <gen:101> -> org.hibernate.loader.plan.build.internal.spaces.EntityQuerySpaceImpl@1d7275cd]
14:11:16.117 [Test worker] DEBUG o.h.p.w.spi.MetamodelGraphWalker - Visiting attribute path : parent_ns.vnffgr.connection_point
14:11:16.117 [Test worker] DEBUG o.h.p.w.spi.MetamodelGraphWalker - Visiting attribute path : parent_ns.vnffgr.constituent_vnfs
14:11:16.117 [Test worker] DEBUG o.h.p.w.spi.MetamodelGraphWalker - Visiting attribute path : parent_ns.vnffgr.dependent_virtual_link
14:11:16.117 [Test worker] DEBUG o.h.p.w.spi.MetamodelGraphWalker - Visiting attribute path : parent_ns.vnffgr.descriptor_version
14:11:16.117 [Test worker] DEBUG o.h.p.w.spi.MetamodelGraphWalker - Visiting attribute path : parent_ns.vnffgr.hb_version
14:11:16.117 [Test worker] DEBUG o.h.p.w.spi.MetamodelGraphWalker - Visiting attribute path : parent_ns.vnffgr.network_forwarding_path
14:11:16.117 [Test worker] DEBUG o.h.p.w.spi.MetamodelGraphWalker - Visiting attribute path : parent_ns.vnffgr.number_of_endpoints
14:11:16.118 [Test worker] DEBUG o.h.p.w.spi.MetamodelGraphWalker - Visiting attribute path : parent_ns.vnffgr.number_of_virtual_links
14:11:16.118 [Test worker] DEBUG o.h.p.w.spi.MetamodelGraphWalker - Visiting attribute path : parent_ns.vnffgr.vendor
14:11:16.118 [Test worker] DEBUG o.h.p.w.spi.MetamodelGraphWalker - Visiting attribute path : parent_ns.vnffgr.version
14:11:16.118 [Test worker] DEBUG o.h.p.w.spi.MetamodelGraphWalker - Visiting attribute path : parent_ns.vnffgr.vnffgd_security
14:11:16.118 [Test worker] DEBUG o.h.p.w.spi.MetamodelGraphWalker - Property path deemed to be circular : parent_ns.vnffgr.vnffgd_security
14:11:16.118 [Test worker] DEBUG o.h.p.w.spi.MetamodelGraphWalker - Visiting attribute path : parent_ns.vnfr
14:11:16.118 [Test worker] DEBUG o.h.l.p.b.i.spaces.QuerySpacesImpl - Adding QuerySpace : uid = <gen:102> -> org.hibernate.loader.plan.build.internal.spaces.EntityQuerySpaceImpl@8f6b087]
14:11:16.118 [Test worker] DEBUG o.h.p.w.spi.MetamodelGraphWalker - Visiting attribute path : parent_ns.vnfr.audit_log
14:11:16.118 [Test worker] DEBUG o.h.p.w.spi.MetamodelGraphWalker - Visiting attribute path : parent_ns.vnfr.auto_scale_policy
14:11:16.118 [Test worker] DEBUG o.h.p.w.spi.MetamodelGraphWalker - Property path deemed to be circular : parent_ns.vnfr.auto_scale_policy
14:11:16.118 [Test worker] DEBUG o.h.p.w.spi.MetamodelGraphWalker - Visiting attribute path : parent_ns.vnfr.connected_external_virtual_link
14:11:16.118 [Test worker] DEBUG o.h.p.w.spi.MetamodelGraphWalker - Property path deemed to be circular : parent_ns.vnfr.connected_external_virtual_link
14:11:16.118 [Test worker] DEBUG o.h.p.w.spi.MetamodelGraphWalker - Visiting attribute path : parent_ns.vnfr.connection_point
14:11:16.118 [Test worker] DEBUG o.h.p.w.spi.MetamodelGraphWalker - Property path deemed to be circular : parent_ns.vnfr.connection_point
14:11:16.118 [Test worker] DEBUG o.h.p.w.spi.MetamodelGraphWalker - Visiting attribute path : parent_ns.vnfr.dependency
14:11:16.118 [Test worker] DEBUG o.h.p.w.spi.MetamodelGraphWalker - Property path deemed to be circular : parent_ns.vnfr.dependency
14:11:16.118 [Test worker] DEBUG o.h.p.w.spi.MetamodelGraphWalker - Visiting attribute path : parent_ns.vnfr.deployment_flavour
14:11:16.118 [Test worker] DEBUG o.h.p.w.spi.MetamodelGraphWalker - Property path deemed to be circular : parent_ns.vnfr.deployment_flavour
14:11:16.118 [Test worker] DEBUG o.h.p.w.spi.MetamodelGraphWalker - Visiting attribute path : parent_ns.vnfr.descriptor_reference
14:11:16.118 [Test worker] DEBUG o.h.p.w.spi.MetamodelGraphWalker - Visiting attribute path : parent_ns.vnfr.lifecycle_event
14:11:16.118 [Test worker] DEBUG o.h.p.w.spi.MetamodelGraphWalker - Property path deemed to be circular : parent_ns.vnfr.lifecycle_event
14:11:16.118 [Test worker] DEBUG o.h.p.w.spi.MetamodelGraphWalker - Visiting attribute path : parent_ns.vnfr.lifecycle_event_history
14:11:16.118 [Test worker] DEBUG o.h.p.w.spi.MetamodelGraphWalker - Property path deemed to be circular : parent_ns.vnfr.lifecycle_event_history
14:11:16.118 [Test worker] DEBUG o.h.p.w.spi.MetamodelGraphWalker - Visiting attribute path : parent_ns.vnfr.localization
14:11:16.118 [Test worker] DEBUG o.h.p.w.spi.MetamodelGraphWalker - Visiting attribute path : parent_ns.vnfr.monitoring_parameter
14:11:16.118 [Test worker] DEBUG o.h.p.w.spi.MetamodelGraphWalker - Visiting attribute path : parent_ns.vnfr.notification
14:11:16.118 [Test worker] DEBUG o.h.p.w.spi.MetamodelGraphWalker - Visiting attribute path : parent_ns.vnfr.parent_ns
14:11:16.118 [Test worker] DEBUG o.h.p.w.spi.MetamodelGraphWalker - Property path deemed to be circular : parent_ns.vnfr.parent_ns
14:11:16.118 [Test worker] DEBUG o.h.p.w.spi.MetamodelGraphWalker - Visiting attribute path : parent_ns.vnfr.runtime_policy_info
14:11:16.118 [Test worker] DEBUG o.h.p.w.spi.MetamodelGraphWalker - Visiting attribute path : parent_ns.vnfr.status
14:11:16.118 [Test worker] DEBUG o.h.p.w.spi.MetamodelGraphWalker - Visiting attribute path : parent_ns.vnfr.vdu
14:11:16.118 [Test worker] DEBUG o.h.p.w.spi.MetamodelGraphWalker - Property path deemed to be circular : parent_ns.vnfr.vdu
14:11:16.118 [Test worker] DEBUG o.h.p.w.spi.MetamodelGraphWalker - Visiting attribute path : parent_ns.vnfr.vendor
14:11:16.118 [Test worker] DEBUG o.h.p.w.spi.MetamodelGraphWalker - Visiting attribute path : parent_ns.vnfr.version
14:11:16.119 [Test worker] DEBUG o.h.p.w.spi.MetamodelGraphWalker - Visiting attribute path : parent_ns.vnfr.virtual_link
14:11:16.119 [Test worker] DEBUG o.h.p.w.spi.MetamodelGraphWalker - Property path deemed to be circular : parent_ns.vnfr.virtual_link
14:11:16.119 [Test worker] DEBUG o.h.p.w.spi.MetamodelGraphWalker - Visiting attribute path : parent_ns.vnfr.vnf_address
14:11:16.119 [Test worker] DEBUG o.h.p.w.spi.MetamodelGraphWalker - Visiting attribute path : parent_ns.vnfr.vnfm_id
14:11:16.119 [Test worker] DEBUG o.h.p.w.spi.MetamodelGraphWalker - Visiting attribute path : status
14:11:16.119 [Test worker] DEBUG o.h.p.w.spi.MetamodelGraphWalker - Visiting attribute path : vendor
14:11:16.119 [Test worker] DEBUG o.h.p.w.spi.MetamodelGraphWalker - Visiting attribute path : version
14:11:16.119 [Test worker] DEBUG o.h.l.p.b.i.FetchStyleLoadPlanBuildingAssociationVisitationStrategy - Building LoadPlan...
14:11:16.119 [Test worker] DEBUG o.h.l.p.e.i.LoadQueryJoinAndFetchProcessor - processing queryspace <gen:0>
14:11:16.125 [Test worker] DEBUG o.h.l.p.b.spi.LoadPlanTreePrinter - LoadPlan(entity=org.project.neutrino.nfvo.catalogue.mano.record.VNFForwardingGraphRecord)
    - Returns
       - EntityReturnImpl(entity=org.project.neutrino.nfvo.catalogue.mano.record.VNFForwardingGraphRecord, querySpaceUid=<gen:0>, path=org.project.neutrino.nfvo.catalogue.mano.record.VNFForwardingGraphRecord)
          - CollectionAttributeFetchImpl(collection=org.project.neutrino.nfvo.catalogue.mano.record.VNFForwardingGraphRecord.connection_point, querySpaceUid=<gen:1>, path=org.project.neutrino.nfvo.catalogue.mano.record.VNFForwardingGraphRecord.connection_point)
             - (collection element) CollectionFetchableElementEntityGraph(entity=org.project.neutrino.nfvo.catalogue.mano.descriptor.VNFDConnectionPoint, querySpaceUid=<gen:2>, path=org.project.neutrino.nfvo.catalogue.mano.record.VNFForwardingGraphRecord.connection_point.<elements>)
          - CollectionAttributeFetchImpl(collection=org.project.neutrino.nfvo.catalogue.mano.record.VNFForwardingGraphRecord.dependent_virtual_link, querySpaceUid=<gen:3>, path=org.project.neutrino.nfvo.catalogue.mano.record.VNFForwardingGraphRecord.dependent_virtual_link)
             - (collection element) CollectionFetchableElementEntityGraph(entity=org.project.neutrino.nfvo.catalogue.mano.record.VirtualLinkRecord, querySpaceUid=<gen:4>, path=org.project.neutrino.nfvo.catalogue.mano.record.VNFForwardingGraphRecord.dependent_virtual_link.<elements>)
                - CollectionAttributeFetchImpl(collection=org.project.neutrino.nfvo.catalogue.mano.record.VirtualLinkRecord.lifecycle_event_history, querySpaceUid=<gen:5>, path=org.project.neutrino.nfvo.catalogue.mano.record.VNFForwardingGraphRecord.dependent_virtual_link.<elements>.lifecycle_event_history)
                   - (collection element) CollectionFetchableElementEntityGraph(entity=org.project.neutrino.nfvo.catalogue.mano.common.LifecycleEvent, querySpaceUid=<gen:6>, path=org.project.neutrino.nfvo.catalogue.mano.record.VNFForwardingGraphRecord.dependent_virtual_link.<elements>.lifecycle_event_history.<elements>)
                - CollectionAttributeFetchImpl(collection=org.project.neutrino.nfvo.catalogue.mano.record.VirtualLinkRecord.vnffgr_reference, querySpaceUid=<gen:7>, path=org.project.neutrino.nfvo.catalogue.mano.record.VNFForwardingGraphRecord.dependent_virtual_link.<elements>.vnffgr_reference)
                   - (collection element) CollectionFetchableElementEntityGraph(entity=org.project.neutrino.nfvo.catalogue.mano.record.VNFForwardingGraphRecord, querySpaceUid=<gen:8>, path=org.project.neutrino.nfvo.catalogue.mano.record.VNFForwardingGraphRecord.dependent_virtual_link.<elements>.vnffgr_reference.<elements>)
                      - EntityAttributeFetchImpl(entity=org.project.neutrino.nfvo.catalogue.mano.descriptor.VNFForwardingGraph, querySpaceUid=<gen:9>, path=org.project.neutrino.nfvo.catalogue.mano.record.VNFForwardingGraphRecord.dependent_virtual_link.<elements>.vnffgr_reference.<elements>.descriptor_reference)
                      - CollectionAttributeFetchImpl(collection=org.project.neutrino.nfvo.catalogue.mano.record.VNFForwardingGraphRecord.lifecycle_event_history, querySpaceUid=<gen:10>, path=org.project.neutrino.nfvo.catalogue.mano.record.VNFForwardingGraphRecord.dependent_virtual_link.<elements>.vnffgr_reference.<elements>.lifecycle_event_history)
                         - (collection element) CollectionFetchableElementEntityGraph(entity=org.project.neutrino.nfvo.catalogue.mano.common.LifecycleEvent, querySpaceUid=<gen:11>, path=org.project.neutrino.nfvo.catalogue.mano.record.VNFForwardingGraphRecord.dependent_virtual_link.<elements>.vnffgr_reference.<elements>.lifecycle_event_history.<elements>)
                      - CollectionAttributeFetchImpl(collection=org.project.neutrino.nfvo.catalogue.mano.record.VNFForwardingGraphRecord.member_vnfs, querySpaceUid=<gen:12>, path=org.project.neutrino.nfvo.catalogue.mano.record.VNFForwardingGraphRecord.dependent_virtual_link.<elements>.vnffgr_reference.<elements>.member_vnfs)
                         - (collection element) CollectionFetchableElementEntityGraph(entity=org.project.neutrino.nfvo.catalogue.mano.record.VirtualNetworkFunctionRecord, querySpaceUid=<gen:13>, path=org.project.neutrino.nfvo.catalogue.mano.record.VNFForwardingGraphRecord.dependent_virtual_link.<elements>.vnffgr_reference.<elements>.member_vnfs.<elements>)
                      - EntityAttributeFetchImpl(entity=org.project.neutrino.nfvo.catalogue.mano.descriptor.NetworkForwardingPath, querySpaceUid=<gen:14>, path=org.project.neutrino.nfvo.catalogue.mano.record.VNFForwardingGraphRecord.dependent_virtual_link.<elements>.vnffgr_reference.<elements>.network_forwarding_path)
                      - EntityAttributeFetchImpl(entity=org.project.neutrino.nfvo.catalogue.mano.record.NetworkServiceRecord, querySpaceUid=<gen:15>, path=org.project.neutrino.nfvo.catalogue.mano.record.VNFForwardingGraphRecord.dependent_virtual_link.<elements>.vnffgr_reference.<elements>.parent_ns)
          - EntityAttributeFetchImpl(entity=org.project.neutrino.nfvo.catalogue.mano.descriptor.VNFForwardingGraph, querySpaceUid=<gen:16>, path=org.project.neutrino.nfvo.catalogue.mano.record.VNFForwardingGraphRecord.descriptor_reference)
             - EntityAttributeFetchImpl(entity=org.project.neutrino.nfvo.catalogue.mano.common.Security, querySpaceUid=<gen:17>, path=org.project.neutrino.nfvo.catalogue.mano.record.VNFForwardingGraphRecord.descriptor_reference.vnffgd_security)
          - CollectionAttributeFetchImpl(collection=org.project.neutrino.nfvo.catalogue.mano.record.VNFForwardingGraphRecord.lifecycle_event_history, querySpaceUid=<gen:18>, path=org.project.neutrino.nfvo.catalogue.mano.record.VNFForwardingGraphRecord.lifecycle_event_history)
             - (collection element) CollectionFetchableElementEntityGraph(entity=org.project.neutrino.nfvo.catalogue.mano.common.LifecycleEvent, querySpaceUid=<gen:19>, path=org.project.neutrino.nfvo.catalogue.mano.record.VNFForwardingGraphRecord.lifecycle_event_history.<elements>)
          - CollectionAttributeFetchImpl(collection=org.project.neutrino.nfvo.catalogue.mano.record.VNFForwardingGraphRecord.member_vnfs, querySpaceUid=<gen:20>, path=org.project.neutrino.nfvo.catalogue.mano.record.VNFForwardingGraphRecord.member_vnfs)
             - (collection element) CollectionFetchableElementEntityGraph(entity=org.project.neutrino.nfvo.catalogue.mano.record.VirtualNetworkFunctionRecord, querySpaceUid=<gen:21>, path=org.project.neutrino.nfvo.catalogue.mano.record.VNFForwardingGraphRecord.member_vnfs.<elements>)
                - CollectionAttributeFetchImpl(collection=org.project.neutrino.nfvo.catalogue.mano.record.VirtualNetworkFunctionRecord.auto_scale_policy, querySpaceUid=<gen:22>, path=org.project.neutrino.nfvo.catalogue.mano.record.VNFForwardingGraphRecord.member_vnfs.<elements>.auto_scale_policy)
                   - (collection element) CollectionFetchableElementEntityGraph(entity=org.project.neutrino.nfvo.catalogue.mano.common.AutoScalePolicy, querySpaceUid=<gen:23>, path=org.project.neutrino.nfvo.catalogue.mano.record.VNFForwardingGraphRecord.member_vnfs.<elements>.auto_scale_policy.<elements>)
                - CollectionAttributeFetchImpl(collection=org.project.neutrino.nfvo.catalogue.mano.record.VirtualNetworkFunctionRecord.connected_external_virtual_link, querySpaceUid=<gen:24>, path=org.project.neutrino.nfvo.catalogue.mano.record.VNFForwardingGraphRecord.member_vnfs.<elements>.connected_external_virtual_link)
                   - (collection element) CollectionFetchableElementEntityGraph(entity=org.project.neutrino.nfvo.catalogue.mano.record.VirtualLinkRecord, querySpaceUid=<gen:25>, path=org.project.neutrino.nfvo.catalogue.mano.record.VNFForwardingGraphRecord.member_vnfs.<elements>.connected_external_virtual_link.<elements>)
                - CollectionAttributeFetchImpl(collection=org.project.neutrino.nfvo.catalogue.mano.record.VirtualNetworkFunctionRecord.connection_point, querySpaceUid=<gen:26>, path=org.project.neutrino.nfvo.catalogue.mano.record.VNFForwardingGraphRecord.member_vnfs.<elements>.connection_point)
                   - (collection element) CollectionFetchableElementEntityGraph(entity=org.project.neutrino.nfvo.catalogue.mano.common.ConnectionPoint, querySpaceUid=<gen:27>, path=org.project.neutrino.nfvo.catalogue.mano.record.VNFForwardingGraphRecord.member_vnfs.<elements>.connection_point.<elements>)
                - CollectionAttributeFetchImpl(collection=org.project.neutrino.nfvo.catalogue.mano.record.VirtualNetworkFunctionRecord.dependency, querySpaceUid=<gen:28>, path=org.project.neutrino.nfvo.catalogue.mano.record.VNFForwardingGraphRecord.member_vnfs.<elements>.dependency)
                   - (collection element) CollectionFetchableElementEntityGraph(entity=org.project.neutrino.nfvo.catalogue.mano.common.VNFDependency, querySpaceUid=<gen:29>, path=org.project.neutrino.nfvo.catalogue.mano.record.VNFForwardingGraphRecord.member_vnfs.<elements>.dependency.<elements>)
                      - EntityAttributeFetchImpl(entity=org.project.neutrino.nfvo.catalogue.mano.descriptor.VirtualNetworkFunctionDescriptor, querySpaceUid=<gen:30>, path=org.project.neutrino.nfvo.catalogue.mano.record.VNFForwardingGraphRecord.member_vnfs.<elements>.dependency.<elements>.source)
                      - EntityAttributeFetchImpl(entity=org.project.neutrino.nfvo.catalogue.mano.descriptor.VirtualNetworkFunctionDescriptor, querySpaceUid=<gen:31>, path=org.project.neutrino.nfvo.catalogue.mano.record.VNFForwardingGraphRecord.member_vnfs.<elements>.dependency.<elements>.target)
                - EntityAttributeFetchImpl(entity=org.project.neutrino.nfvo.catalogue.mano.descriptor.VNFDDeploymentFlavour, querySpaceUid=<gen:32>, path=org.project.neutrino.nfvo.catalogue.mano.record.VNFForwardingGraphRecord.member_vnfs.<elements>.deployment_flavour)
                   - CollectionAttributeFetchImpl(collection=org.project.neutrino.nfvo.catalogue.mano.descriptor.VNFDDeploymentFlavour.df_constraint, querySpaceUid=<gen:33>, path=org.project.neutrino.nfvo.catalogue.mano.record.VNFForwardingGraphRecord.member_vnfs.<elements>.deployment_flavour.df_constraint)
                - EntityAttributeFetchImpl(entity=org.project.neutrino.nfvo.catalogue.mano.common.LifecycleEvent, querySpaceUid=<gen:34>, path=org.project.neutrino.nfvo.catalogue.mano.record.VNFForwardingGraphRecord.member_vnfs.<elements>.lifecycle_event)
                - CollectionAttributeFetchImpl(collection=org.project.neutrino.nfvo.catalogue.mano.record.VirtualNetworkFunctionRecord.lifecycle_event_history, querySpaceUid=<gen:35>, path=org.project.neutrino.nfvo.catalogue.mano.record.VNFForwardingGraphRecord.member_vnfs.<elements>.lifecycle_event_history)
                   - (collection element) CollectionFetchableElementEntityGraph(entity=org.project.neutrino.nfvo.catalogue.mano.common.LifecycleEvent, querySpaceUid=<gen:36>, path=org.project.neutrino.nfvo.catalogue.mano.record.VNFForwardingGraphRecord.member_vnfs.<elements>.lifecycle_event_history.<elements>)
                - EntityAttributeFetchImpl(entity=org.project.neutrino.nfvo.catalogue.mano.record.NetworkServiceRecord, querySpaceUid=<gen:37>, path=org.project.neutrino.nfvo.catalogue.mano.record.VNFForwardingGraphRecord.member_vnfs.<elements>.parent_ns)
                   - CollectionAttributeFetchImpl(collection=org.project.neutrino.nfvo.catalogue.mano.record.NetworkServiceRecord.auto_scale_policy, querySpaceUid=<gen:38>, path=org.project.neutrino.nfvo.catalogue.mano.record.VNFForwardingGraphRecord.member_vnfs.<elements>.parent_ns.auto_scale_policy)
                      - (collection element) CollectionFetchableElementEntityGraph(entity=org.project.neutrino.nfvo.catalogue.mano.common.AutoScalePolicy, querySpaceUid=<gen:39>, path=org.project.neutrino.nfvo.catalogue.mano.record.VNFForwardingGraphRecord.member_vnfs.<elements>.parent_ns.auto_scale_policy.<elements>)
                   - CollectionAttributeFetchImpl(collection=org.project.neutrino.nfvo.catalogue.mano.record.NetworkServiceRecord.connection_point, querySpaceUid=<gen:40>, path=org.project.neutrino.nfvo.catalogue.mano.record.VNFForwardingGraphRecord.member_vnfs.<elements>.parent_ns.connection_point)
                      - (collection element) CollectionFetchableElementEntityGraph(entity=org.project.neutrino.nfvo.catalogue.mano.common.ConnectionPoint, querySpaceUid=<gen:41>, path=org.project.neutrino.nfvo.catalogue.mano.record.VNFForwardingGraphRecord.member_vnfs.<elements>.parent_ns.connection_point.<elements>)
                   - EntityAttributeFetchImpl(entity=org.project.neutrino.nfvo.catalogue.mano.common.NFVEntityDescriptor, querySpaceUid=<gen:42>, path=org.project.neutrino.nfvo.catalogue.mano.record.VNFForwardingGraphRecord.member_vnfs.<elements>.parent_ns.descriptor_reference)
                   - EntityAttributeFetchImpl(entity=org.project.neutrino.nfvo.catalogue.mano.common.LifecycleEvent, querySpaceUid=<gen:43>, path=org.project.neutrino.nfvo.catalogue.mano.record.VNFForwardingGraphRecord.member_vnfs.<elements>.parent_ns.lifecycle_event)
                   - CollectionAttributeFetchImpl(collection=org.project.neutrino.nfvo.catalogue.mano.record.NetworkServiceRecord.lifecycle_event_history, querySpaceUid=<gen:44>, path=org.project.neutrino.nfvo.catalogue.mano.record.VNFForwardingGraphRecord.member_vnfs.<elements>.parent_ns.lifecycle_event_history)
                      - (collection element) CollectionFetchableElementEntityGraph(entity=org.project.neutrino.nfvo.catalogue.mano.common.LifecycleEvent, querySpaceUid=<gen:45>, path=org.project.neutrino.nfvo.catalogue.mano.record.VNFForwardingGraphRecord.member_vnfs.<elements>.parent_ns.lifecycle_event_history.<elements>)
                   - CollectionAttributeFetchImpl(collection=org.project.neutrino.nfvo.catalogue.mano.record.NetworkServiceRecord.pnfr, querySpaceUid=<gen:46>, path=org.project.neutrino.nfvo.catalogue.mano.record.VNFForwardingGraphRecord.member_vnfs.<elements>.parent_ns.pnfr)
                      - (collection element) CollectionFetchableElementEntityGraph(entity=org.project.neutrino.nfvo.catalogue.mano.record.PhysicalNetworkFunctionRecord, querySpaceUid=<gen:47>, path=org.project.neutrino.nfvo.catalogue.mano.record.VNFForwardingGraphRecord.member_vnfs.<elements>.parent_ns.pnfr.<elements>)
                   - EntityAttributeFetchImpl(entity=org.project.neutrino.nfvo.catalogue.mano.common.ServiceDeploymentFlavour, querySpaceUid=<gen:48>, path=org.project.neutrino.nfvo.catalogue.mano.record.VNFForwardingGraphRecord.member_vnfs.<elements>.parent_ns.service_deployment_flavour)
                   - CollectionAttributeFetchImpl(collection=org.project.neutrino.nfvo.catalogue.mano.record.NetworkServiceRecord.vlr, querySpaceUid=<gen:49>, path=org.project.neutrino.nfvo.catalogue.mano.record.VNFForwardingGraphRecord.member_vnfs.<elements>.parent_ns.vlr)
                      - (collection element) CollectionFetchableElementEntityGraph(entity=org.project.neutrino.nfvo.catalogue.mano.record.VirtualLinkRecord, querySpaceUid=<gen:50>, path=org.project.neutrino.nfvo.catalogue.mano.record.VNFForwardingGraphRecord.member_vnfs.<elements>.parent_ns.vlr.<elements>)
                   - CollectionAttributeFetchImpl(collection=org.project.neutrino.nfvo.catalogue.mano.record.NetworkServiceRecord.vnf_dependency, querySpaceUid=<gen:51>, path=org.project.neutrino.nfvo.catalogue.mano.record.VNFForwardingGraphRecord.member_vnfs.<elements>.parent_ns.vnf_dependency)
                      - (collection element) CollectionFetchableElementEntityGraph(entity=org.project.neutrino.nfvo.catalogue.mano.common.VNFDependency, querySpaceUid=<gen:52>, path=org.project.neutrino.nfvo.catalogue.mano.record.VNFForwardingGraphRecord.member_vnfs.<elements>.parent_ns.vnf_dependency.<elements>)
                   - CollectionAttributeFetchImpl(collection=org.project.neutrino.nfvo.catalogue.mano.record.NetworkServiceRecord.vnffgr, querySpaceUid=<gen:53>, path=org.project.neutrino.nfvo.catalogue.mano.record.VNFForwardingGraphRecord.member_vnfs.<elements>.parent_ns.vnffgr)
                      - (collection element) CollectionFetchableElementEntityGraph(entity=org.project.neutrino.nfvo.catalogue.mano.descriptor.VNFForwardingGraph, querySpaceUid=<gen:54>, path=org.project.neutrino.nfvo.catalogue.mano.record.VNFForwardingGraphRecord.member_vnfs.<elements>.parent_ns.vnffgr.<elements>)
                   - EntityAttributeFetchImpl(entity=org.project.neutrino.nfvo.catalogue.mano.record.VirtualNetworkFunctionRecord, querySpaceUid=<gen:55>, path=org.project.neutrino.nfvo.catalogue.mano.record.VNFForwardingGraphRecord.member_vnfs.<elements>.parent_ns.vnfr)
                - CollectionAttributeFetchImpl(collection=org.project.neutrino.nfvo.catalogue.mano.record.VirtualNetworkFunctionRecord.vdu, querySpaceUid=<gen:56>, path=org.project.neutrino.nfvo.catalogue.mano.record.VNFForwardingGraphRecord.member_vnfs.<elements>.vdu)
                   - (collection element) CollectionFetchableElementEntityGraph(entity=org.project.neutrino.nfvo.catalogue.mano.descriptor.VirtualDeploymentUnit, querySpaceUid=<gen:57>, path=org.project.neutrino.nfvo.catalogue.mano.record.VNFForwardingGraphRecord.member_vnfs.<elements>.vdu.<elements>)
                      - CollectionAttributeFetchImpl(collection=org.project.neutrino.nfvo.catalogue.mano.descriptor.VirtualDeploymentUnit.monitoring_parameter, querySpaceUid=<gen:58>, path=org.project.neutrino.nfvo.catalogue.mano.record.VNFForwardingGraphRecord.member_vnfs.<elements>.vdu.<elements>.monitoring_parameter)
                      - CollectionAttributeFetchImpl(collection=org.project.neutrino.nfvo.catalogue.mano.descriptor.VirtualDeploymentUnit.vm_image, querySpaceUid=<gen:59>, path=org.project.neutrino.nfvo.catalogue.mano.record.VNFForwardingGraphRecord.member_vnfs.<elements>.vdu.<elements>.vm_image)
                - CollectionAttributeFetchImpl(collection=org.project.neutrino.nfvo.catalogue.mano.record.VirtualNetworkFunctionRecord.virtual_link, querySpaceUid=<gen:60>, path=org.project.neutrino.nfvo.catalogue.mano.record.VNFForwardingGraphRecord.member_vnfs.<elements>.virtual_link)
                   - (collection element) CollectionFetchableElementEntityGraph(entity=org.project.neutrino.nfvo.catalogue.mano.descriptor.InternalVirtualLink, querySpaceUid=<gen:61>, path=org.project.neutrino.nfvo.catalogue.mano.record.VNFForwardingGraphRecord.member_vnfs.<elements>.virtual_link.<elements>)
                      - CollectionAttributeFetchImpl(collection=org.project.neutrino.nfvo.catalogue.mano.descriptor.InternalVirtualLink.connection_points_references, querySpaceUid=<gen:62>, path=org.project.neutrino.nfvo.catalogue.mano.record.VNFForwardingGraphRecord.member_vnfs.<elements>.virtual_link.<elements>.connection_points_references)
          - EntityAttributeFetchImpl(entity=org.project.neutrino.nfvo.catalogue.mano.descriptor.NetworkForwardingPath, querySpaceUid=<gen:63>, path=org.project.neutrino.nfvo.catalogue.mano.record.VNFForwardingGraphRecord.network_forwarding_path)
             - CollectionAttributeFetchImpl(collection=org.project.neutrino.nfvo.catalogue.mano.descriptor.NetworkForwardingPath.connection, querySpaceUid=<gen:64>, path=org.project.neutrino.nfvo.catalogue.mano.record.VNFForwardingGraphRecord.network_forwarding_path.connection)
             - EntityAttributeFetchImpl(entity=org.project.neutrino.nfvo.catalogue.mano.descriptor.Policy, querySpaceUid=<gen:65>, path=org.project.neutrino.nfvo.catalogue.mano.record.VNFForwardingGraphRecord.network_forwarding_path.policy)
          - EntityAttributeFetchImpl(entity=org.project.neutrino.nfvo.catalogue.mano.record.NetworkServiceRecord, querySpaceUid=<gen:66>, path=org.project.neutrino.nfvo.catalogue.mano.record.VNFForwardingGraphRecord.parent_ns)
             - CollectionAttributeFetchImpl(collection=org.project.neutrino.nfvo.catalogue.mano.record.NetworkServiceRecord.auto_scale_policy, querySpaceUid=<gen:67>, path=org.project.neutrino.nfvo.catalogue.mano.record.VNFForwardingGraphRecord.parent_ns.auto_scale_policy)
                - (collection element) CollectionFetchableElementEntityGraph(entity=org.project.neutrino.nfvo.catalogue.mano.common.AutoScalePolicy, querySpaceUid=<gen:68>, path=org.project.neutrino.nfvo.catalogue.mano.record.VNFForwardingGraphRecord.parent_ns.auto_scale_policy.<elements>)
             - CollectionAttributeFetchImpl(collection=org.project.neutrino.nfvo.catalogue.mano.record.NetworkServiceRecord.connection_point, querySpaceUid=<gen:69>, path=org.project.neutrino.nfvo.catalogue.mano.record.VNFForwardingGraphRecord.parent_ns.connection_point)
                - (collection element) CollectionFetchableElementEntityGraph(entity=org.project.neutrino.nfvo.catalogue.mano.common.ConnectionPoint, querySpaceUid=<gen:70>, path=org.project.neutrino.nfvo.catalogue.mano.record.VNFForwardingGraphRecord.parent_ns.connection_point.<elements>)
             - EntityAttributeFetchImpl(entity=org.project.neutrino.nfvo.catalogue.mano.common.NFVEntityDescriptor, querySpaceUid=<gen:71>, path=org.project.neutrino.nfvo.catalogue.mano.record.VNFForwardingGraphRecord.parent_ns.descriptor_reference)
                - CollectionAttributeFetchImpl(collection=org.project.neutrino.nfvo.catalogue.mano.common.NFVEntityDescriptor.monitoring_parameter, querySpaceUid=<gen:72>, path=org.project.neutrino.nfvo.catalogue.mano.record.VNFForwardingGraphRecord.parent_ns.descriptor_reference.monitoring_parameter)
                - CollectionAttributeFetchImpl(collection=org.project.neutrino.nfvo.catalogue.mano.descriptor.VirtualNetworkFunctionDescriptor.deployment_flavour, querySpaceUid=<gen:73>, path=org.project.neutrino.nfvo.catalogue.mano.record.VNFForwardingGraphRecord.parent_ns.descriptor_reference.deployment_flavour)
                   - (collection element) CollectionFetchableElementEntityGraph(entity=org.project.neutrino.nfvo.catalogue.mano.descriptor.VNFDDeploymentFlavour, querySpaceUid=<gen:74>, path=org.project.neutrino.nfvo.catalogue.mano.record.VNFForwardingGraphRecord.parent_ns.descriptor_reference.deployment_flavour.<elements>)
                - EntityAttributeFetchImpl(entity=org.project.neutrino.nfvo.catalogue.mano.common.Security, querySpaceUid=<gen:75>, path=org.project.neutrino.nfvo.catalogue.mano.record.VNFForwardingGraphRecord.parent_ns.descriptor_reference.nsd_security)
                - CollectionAttributeFetchImpl(collection=org.project.neutrino.nfvo.catalogue.mano.descriptor.NetworkServiceDescriptor.vnf_dependency, querySpaceUid=<gen:76>, path=org.project.neutrino.nfvo.catalogue.mano.record.VNFForwardingGraphRecord.parent_ns.descriptor_reference.vnf_dependency)
                   - (collection element) CollectionFetchableElementEntityGraph(entity=org.project.neutrino.nfvo.catalogue.mano.common.VNFDependency, querySpaceUid=<gen:77>, path=org.project.neutrino.nfvo.catalogue.mano.record.VNFForwardingGraphRecord.parent_ns.descriptor_reference.vnf_dependency.<elements>)
                - CollectionAttributeFetchImpl(collection=org.project.neutrino.nfvo.catalogue.mano.descriptor.NetworkServiceDescriptor.vnfd, querySpaceUid=<gen:78>, path=org.project.neutrino.nfvo.catalogue.mano.record.VNFForwardingGraphRecord.parent_ns.descriptor_reference.vnfd)
                   - (collection element) CollectionFetchableElementEntityGraph(entity=org.project.neutrino.nfvo.catalogue.mano.descriptor.VirtualNetworkFunctionDescriptor, querySpaceUid=<gen:79>, path=org.project.neutrino.nfvo.catalogue.mano.record.VNFForwardingGraphRecord.parent_ns.descriptor_reference.vnfd.<elements>)
             - EntityAttributeFetchImpl(entity=org.project.neutrino.nfvo.catalogue.mano.common.LifecycleEvent, querySpaceUid=<gen:80>, path=org.project.neutrino.nfvo.catalogue.mano.record.VNFForwardingGraphRecord.parent_ns.lifecycle_event)
             - CollectionAttributeFetchImpl(collection=org.project.neutrino.nfvo.catalogue.mano.record.NetworkServiceRecord.lifecycle_event_history, querySpaceUid=<gen:81>, path=org.project.neutrino.nfvo.catalogue.mano.record.VNFForwardingGraphRecord.parent_ns.lifecycle_event_history)
                - (collection element) CollectionFetchableElementEntityGraph(entity=org.project.neutrino.nfvo.catalogue.mano.common.LifecycleEvent, querySpaceUid=<gen:82>, path=org.project.neutrino.nfvo.catalogue.mano.record.VNFForwardingGraphRecord.parent_ns.lifecycle_event_history.<elements>)
             - CollectionAttributeFetchImpl(collection=org.project.neutrino.nfvo.catalogue.mano.record.NetworkServiceRecord.pnfr, querySpaceUid=<gen:83>, path=org.project.neutrino.nfvo.catalogue.mano.record.VNFForwardingGraphRecord.parent_ns.pnfr)
                - (collection element) CollectionFetchableElementEntityGraph(entity=org.project.neutrino.nfvo.catalogue.mano.record.PhysicalNetworkFunctionRecord, querySpaceUid=<gen:84>, path=org.project.neutrino.nfvo.catalogue.mano.record.VNFForwardingGraphRecord.parent_ns.pnfr.<elements>)
                   - CollectionAttributeFetchImpl(collection=org.project.neutrino.nfvo.catalogue.mano.record.PhysicalNetworkFunctionRecord.connected_virtual_link, querySpaceUid=<gen:85>, path=org.project.neutrino.nfvo.catalogue.mano.record.VNFForwardingGraphRecord.parent_ns.pnfr.<elements>.connected_virtual_link)
                      - (collection element) CollectionFetchableElementEntityGraph(entity=org.project.neutrino.nfvo.catalogue.mano.record.VirtualLinkRecord, querySpaceUid=<gen:86>, path=org.project.neutrino.nfvo.catalogue.mano.record.VNFForwardingGraphRecord.parent_ns.pnfr.<elements>.connected_virtual_link.<elements>)
                   - CollectionAttributeFetchImpl(collection=org.project.neutrino.nfvo.catalogue.mano.record.PhysicalNetworkFunctionRecord.connection_point, querySpaceUid=<gen:87>, path=org.project.neutrino.nfvo.catalogue.mano.record.VNFForwardingGraphRecord.parent_ns.pnfr.<elements>.connection_point)
                      - (collection element) CollectionFetchableElementEntityGraph(entity=org.project.neutrino.nfvo.catalogue.mano.common.ConnectionPoint, querySpaceUid=<gen:88>, path=org.project.neutrino.nfvo.catalogue.mano.record.VNFForwardingGraphRecord.parent_ns.pnfr.<elements>.connection_point.<elements>)
                   - EntityAttributeFetchImpl(entity=org.project.neutrino.nfvo.catalogue.mano.descriptor.PhysicalNetworkFunctionDescriptor, querySpaceUid=<gen:89>, path=org.project.neutrino.nfvo.catalogue.mano.record.VNFForwardingGraphRecord.parent_ns.pnfr.<elements>.descriptor_reference)
                   - EntityAttributeFetchImpl(entity=org.project.neutrino.nfvo.catalogue.mano.record.NetworkServiceRecord, querySpaceUid=<gen:90>, path=org.project.neutrino.nfvo.catalogue.mano.record.VNFForwardingGraphRecord.parent_ns.pnfr.<elements>.parent_ns)
                   - CollectionAttributeFetchImpl(collection=org.project.neutrino.nfvo.catalogue.mano.record.PhysicalNetworkFunctionRecord.vnffgr, querySpaceUid=<gen:91>, path=org.project.neutrino.nfvo.catalogue.mano.record.VNFForwardingGraphRecord.parent_ns.pnfr.<elements>.vnffgr)
                      - (collection element) CollectionFetchableElementEntityGraph(entity=org.project.neutrino.nfvo.catalogue.mano.record.VNFForwardingGraphRecord, querySpaceUid=<gen:92>, path=org.project.neutrino.nfvo.catalogue.mano.record.VNFForwardingGraphRecord.parent_ns.pnfr.<elements>.vnffgr.<elements>)
             - EntityAttributeFetchImpl(entity=org.project.neutrino.nfvo.catalogue.mano.common.ServiceDeploymentFlavour, querySpaceUid=<gen:93>, path=org.project.neutrino.nfvo.catalogue.mano.record.VNFForwardingGraphRecord.parent_ns.service_deployment_flavour)
             - CollectionAttributeFetchImpl(collection=org.project.neutrino.nfvo.catalogue.mano.record.NetworkServiceRecord.vlr, querySpaceUid=<gen:94>, path=org.project.neutrino.nfvo.catalogue.mano.record.VNFForwardingGraphRecord.parent_ns.vlr)
                - (collection element) CollectionFetchableElementEntityGraph(entity=org.project.neutrino.nfvo.catalogue.mano.record.VirtualLinkRecord, querySpaceUid=<gen:95>, path=org.project.neutrino.nfvo.catalogue.mano.record.VNFForwardingGraphRecord.parent_ns.vlr.<elements>)
             - CollectionAttributeFetchImpl(collection=org.project.neutrino.nfvo.catalogue.mano.record.NetworkServiceRecord.vnf_dependency, querySpaceUid=<gen:96>, path=org.project.neutrino.nfvo.catalogue.mano.record.VNFForwardingGraphRecord.parent_ns.vnf_dependency)
                - (collection element) CollectionFetchableElementEntityGraph(entity=org.project.neutrino.nfvo.catalogue.mano.common.VNFDependency, querySpaceUid=<gen:97>, path=org.project.neutrino.nfvo.catalogue.mano.record.VNFForwardingGraphRecord.parent_ns.vnf_dependency.<elements>)
                   - EntityAttributeFetchImpl(entity=org.project.neutrino.nfvo.catalogue.mano.descriptor.VirtualNetworkFunctionDescriptor, querySpaceUid=<gen:98>, path=org.project.neutrino.nfvo.catalogue.mano.record.VNFForwardingGraphRecord.parent_ns.vnf_dependency.<elements>.source)
                   - EntityAttributeFetchImpl(entity=org.project.neutrino.nfvo.catalogue.mano.descriptor.VirtualNetworkFunctionDescriptor, querySpaceUid=<gen:99>, path=org.project.neutrino.nfvo.catalogue.mano.record.VNFForwardingGraphRecord.parent_ns.vnf_dependency.<elements>.target)
             - CollectionAttributeFetchImpl(collection=org.project.neutrino.nfvo.catalogue.mano.record.NetworkServiceRecord.vnffgr, querySpaceUid=<gen:100>, path=org.project.neutrino.nfvo.catalogue.mano.record.VNFForwardingGraphRecord.parent_ns.vnffgr)
                - (collection element) CollectionFetchableElementEntityGraph(entity=org.project.neutrino.nfvo.catalogue.mano.descriptor.VNFForwardingGraph, querySpaceUid=<gen:101>, path=org.project.neutrino.nfvo.catalogue.mano.record.VNFForwardingGraphRecord.parent_ns.vnffgr.<elements>)
             - EntityAttributeFetchImpl(entity=org.project.neutrino.nfvo.catalogue.mano.record.VirtualNetworkFunctionRecord, querySpaceUid=<gen:102>, path=org.project.neutrino.nfvo.catalogue.mano.record.VNFForwardingGraphRecord.parent_ns.vnfr)
    - QuerySpaces
       - EntityQuerySpaceImpl(uid=<gen:0>, entity=org.project.neutrino.nfvo.catalogue.mano.record.VNFForwardingGraphRecord)
          - SQL table alias mapping - vnfforward0_
          - alias suffix - 0_
          - suffixed key columns - {id1_92_0_}
          - JOIN (JoinDefinedByMetadata(connection_point)) : <gen:0> -> <gen:1>
             - CollectionQuerySpaceImpl(uid=<gen:1>, collection=org.project.neutrino.nfvo.catalogue.mano.record.VNFForwardingGraphRecord.connection_point)
                - SQL table alias mapping - connection1_
                - alias suffix - 1_
                - suffixed key columns - {vnfforwa1_92_1_}
                - entity-element alias suffix - 2_
                - 2_entity-element suffixed key columns - id1_4_2_
                - JOIN (JoinDefinedByMetadata(elements)) : <gen:1> -> <gen:2>
                   - EntityQuerySpaceImpl(uid=<gen:2>, entity=org.project.neutrino.nfvo.catalogue.mano.descriptor.VNFDConnectionPoint)
                      - SQL table alias mapping - vnfdconnec2_
                      - alias suffix - 2_
                      - suffixed key columns - {id1_4_2_}
          - JOIN (JoinDefinedByMetadata(dependent_virtual_link)) : <gen:0> -> <gen:3>
             - CollectionQuerySpaceImpl(uid=<gen:3>, collection=org.project.neutrino.nfvo.catalogue.mano.record.VNFForwardingGraphRecord.dependent_virtual_link)
                - SQL table alias mapping - dependent_3_
                - alias suffix - 3_
                - suffixed key columns - {vnfforwa1_92_3_}
                - entity-element alias suffix - 4_
                - 4_entity-element suffixed key columns - id1_54_4_
                - JOIN (JoinDefinedByMetadata(elements)) : <gen:3> -> <gen:4>
                   - EntityQuerySpaceImpl(uid=<gen:4>, entity=org.project.neutrino.nfvo.catalogue.mano.record.VirtualLinkRecord)
                      - SQL table alias mapping - virtuallin4_
                      - alias suffix - 4_
                      - suffixed key columns - {id1_54_4_}
                      - JOIN (JoinDefinedByMetadata(lifecycle_event_history)) : <gen:4> -> <gen:5>
                         - CollectionQuerySpaceImpl(uid=<gen:5>, collection=org.project.neutrino.nfvo.catalogue.mano.record.VirtualLinkRecord.lifecycle_event_history)
                            - SQL table alias mapping - lifecycle_5_
                            - alias suffix - 5_
                            - suffixed key columns - {virtual_1_54_5_}
                            - entity-element alias suffix - 6_
                            - 6_entity-element suffixed key columns - id1_10_6_
                            - JOIN (JoinDefinedByMetadata(elements)) : <gen:5> -> <gen:6>
                               - EntityQuerySpaceImpl(uid=<gen:6>, entity=org.project.neutrino.nfvo.catalogue.mano.common.LifecycleEvent)
                                  - SQL table alias mapping - lifecyclee6_
                                  - alias suffix - 6_
                                  - suffixed key columns - {id1_10_6_}
                      - JOIN (JoinDefinedByMetadata(vnffgr_reference)) : <gen:4> -> <gen:7>
                         - CollectionQuerySpaceImpl(uid=<gen:7>, collection=org.project.neutrino.nfvo.catalogue.mano.record.VirtualLinkRecord.vnffgr_reference)
                            - SQL table alias mapping - vnffgr_ref7_
                            - alias suffix - 7_
                            - suffixed key columns - {virtual_1_54_7_}
                            - entity-element alias suffix - 8_
                            - 8_entity-element suffixed key columns - id1_92_8_
                            - JOIN (JoinDefinedByMetadata(elements)) : <gen:7> -> <gen:8>
                               - EntityQuerySpaceImpl(uid=<gen:8>, entity=org.project.neutrino.nfvo.catalogue.mano.record.VNFForwardingGraphRecord)
                                  - SQL table alias mapping - vnfforward8_
                                  - alias suffix - 8_
                                  - suffixed key columns - {id1_92_8_}
          - JOIN (JoinDefinedByMetadata(descriptor_reference)) : <gen:0> -> <gen:16>
             - EntityQuerySpaceImpl(uid=<gen:16>, entity=org.project.neutrino.nfvo.catalogue.mano.descriptor.VNFForwardingGraph)
                - SQL table alias mapping - vnfforward9_
                - alias suffix - 9_
                - suffixed key columns - {id1_87_9_}
                - JOIN (JoinDefinedByMetadata(vnffgd_security)) : <gen:16> -> <gen:17>
                   - EntityQuerySpaceImpl(uid=<gen:17>, entity=org.project.neutrino.nfvo.catalogue.mano.common.Security)
                      - SQL table alias mapping - security10_
                      - alias suffix - 10_
                      - suffixed key columns - {id1_43_10_}
          - JOIN (JoinDefinedByMetadata(lifecycle_event_history)) : <gen:0> -> <gen:18>
             - CollectionQuerySpaceImpl(uid=<gen:18>, collection=org.project.neutrino.nfvo.catalogue.mano.record.VNFForwardingGraphRecord.lifecycle_event_history)
                - SQL table alias mapping - lifecycle_11_
                - alias suffix - 11_
                - suffixed key columns - {vnfforwa1_92_11_}
                - entity-element alias suffix - 12_
                - 12_entity-element suffixed key columns - id1_10_12_
                - JOIN (JoinDefinedByMetadata(elements)) : <gen:18> -> <gen:19>
                   - EntityQuerySpaceImpl(uid=<gen:19>, entity=org.project.neutrino.nfvo.catalogue.mano.common.LifecycleEvent)
                      - SQL table alias mapping - lifecyclee12_
                      - alias suffix - 12_
                      - suffixed key columns - {id1_10_12_}
          - JOIN (JoinDefinedByMetadata(member_vnfs)) : <gen:0> -> <gen:20>
             - CollectionQuerySpaceImpl(uid=<gen:20>, collection=org.project.neutrino.nfvo.catalogue.mano.record.VNFForwardingGraphRecord.member_vnfs)
                - SQL table alias mapping - member_vnf13_
                - alias suffix - 13_
                - suffixed key columns - {vnfforwa1_92_13_}
                - entity-element alias suffix - 14_
                - 14_entity-element suffixed key columns - id1_68_14_
                - JOIN (JoinDefinedByMetadata(elements)) : <gen:20> -> <gen:21>
                   - EntityQuerySpaceImpl(uid=<gen:21>, entity=org.project.neutrino.nfvo.catalogue.mano.record.VirtualNetworkFunctionRecord)
                      - SQL table alias mapping - virtualnet14_
                      - alias suffix - 14_
                      - suffixed key columns - {id1_68_14_}
                      - JOIN (JoinDefinedByMetadata(auto_scale_policy)) : <gen:21> -> <gen:22>
                         - CollectionQuerySpaceImpl(uid=<gen:22>, collection=org.project.neutrino.nfvo.catalogue.mano.record.VirtualNetworkFunctionRecord.auto_scale_policy)
                            - SQL table alias mapping - auto_scale15_
                            - alias suffix - 15_
                            - suffixed key columns - {virtual_1_68_15_}
                            - entity-element alias suffix - 16_
                            - 16_entity-element suffixed key columns - id1_3_16_
                            - JOIN (JoinDefinedByMetadata(elements)) : <gen:22> -> <gen:23>
                               - EntityQuerySpaceImpl(uid=<gen:23>, entity=org.project.neutrino.nfvo.catalogue.mano.common.AutoScalePolicy)
                                  - SQL table alias mapping - autoscalep16_
                                  - alias suffix - 16_
                                  - suffixed key columns - {id1_3_16_}
                      - JOIN (JoinDefinedByMetadata(connected_external_virtual_link)) : <gen:21> -> <gen:24>
                         - CollectionQuerySpaceImpl(uid=<gen:24>, collection=org.project.neutrino.nfvo.catalogue.mano.record.VirtualNetworkFunctionRecord.connected_external_virtual_link)
                            - SQL table alias mapping - connected_17_
                            - alias suffix - 17_
                            - suffixed key columns - {virtual_1_68_17_}
                            - entity-element alias suffix - 18_
                            - 18_entity-element suffixed key columns - id1_54_18_
                            - JOIN (JoinDefinedByMetadata(elements)) : <gen:24> -> <gen:25>
                               - EntityQuerySpaceImpl(uid=<gen:25>, entity=org.project.neutrino.nfvo.catalogue.mano.record.VirtualLinkRecord)
                                  - SQL table alias mapping - virtuallin18_
                                  - alias suffix - 18_
                                  - suffixed key columns - {id1_54_18_}
                      - JOIN (JoinDefinedByMetadata(connection_point)) : <gen:21> -> <gen:26>
                         - CollectionQuerySpaceImpl(uid=<gen:26>, collection=org.project.neutrino.nfvo.catalogue.mano.record.VirtualNetworkFunctionRecord.connection_point)
                            - SQL table alias mapping - connection19_
                            - alias suffix - 19_
                            - suffixed key columns - {virtual_1_68_19_}
                            - entity-element alias suffix - 20_
                            - 20_entity-element suffixed key columns - id1_4_20_
                            - JOIN (JoinDefinedByMetadata(elements)) : <gen:26> -> <gen:27>
                               - EntityQuerySpaceImpl(uid=<gen:27>, entity=org.project.neutrino.nfvo.catalogue.mano.common.ConnectionPoint)
                                  - SQL table alias mapping - connection20_
                                  - alias suffix - 20_
                                  - suffixed key columns - {id1_4_20_}
                      - JOIN (JoinDefinedByMetadata(dependency)) : <gen:21> -> <gen:28>
                         - CollectionQuerySpaceImpl(uid=<gen:28>, collection=org.project.neutrino.nfvo.catalogue.mano.record.VirtualNetworkFunctionRecord.dependency)
                            - SQL table alias mapping - dependency21_
                            - alias suffix - 21_
                            - suffixed key columns - {virtual_1_68_21_}
                            - entity-element alias suffix - 22_
                            - 22_entity-element suffixed key columns - id1_86_22_
                            - JOIN (JoinDefinedByMetadata(elements)) : <gen:28> -> <gen:29>
                               - EntityQuerySpaceImpl(uid=<gen:29>, entity=org.project.neutrino.nfvo.catalogue.mano.common.VNFDependency)
                                  - SQL table alias mapping - vnfdepende22_
                                  - alias suffix - 22_
                                  - suffixed key columns - {id1_86_22_}
                      - JOIN (JoinDefinedByMetadata(deployment_flavour)) : <gen:21> -> <gen:32>
                         - EntityQuerySpaceImpl(uid=<gen:32>, entity=org.project.neutrino.nfvo.catalogue.mano.descriptor.VNFDDeploymentFlavour)
                            - SQL table alias mapping - vnfddeploy23_
                            - alias suffix - 23_
                            - suffixed key columns - {id1_7_23_}
                      - JOIN (JoinDefinedByMetadata(lifecycle_event)) : <gen:21> -> <gen:34>
                         - EntityQuerySpaceImpl(uid=<gen:34>, entity=org.project.neutrino.nfvo.catalogue.mano.common.LifecycleEvent)
                            - SQL table alias mapping - lifecyclee24_
                            - alias suffix - 24_
                            - suffixed key columns - {id1_10_24_}
                      - JOIN (JoinDefinedByMetadata(lifecycle_event_history)) : <gen:21> -> <gen:35>
                         - CollectionQuerySpaceImpl(uid=<gen:35>, collection=org.project.neutrino.nfvo.catalogue.mano.record.VirtualNetworkFunctionRecord.lifecycle_event_history)
                            - SQL table alias mapping - lifecycle_25_
                            - alias suffix - 25_
                            - suffixed key columns - {virtual_1_68_25_}
                            - entity-element alias suffix - 26_
                            - 26_entity-element suffixed key columns - id1_10_26_
                            - JOIN (JoinDefinedByMetadata(elements)) : <gen:35> -> <gen:36>
                               - EntityQuerySpaceImpl(uid=<gen:36>, entity=org.project.neutrino.nfvo.catalogue.mano.common.LifecycleEvent)
                                  - SQL table alias mapping - lifecyclee26_
                                  - alias suffix - 26_
                                  - suffixed key columns - {id1_10_26_}
                      - JOIN (JoinDefinedByMetadata(parent_ns)) : <gen:21> -> <gen:37>
                         - EntityQuerySpaceImpl(uid=<gen:37>, entity=org.project.neutrino.nfvo.catalogue.mano.record.NetworkServiceRecord)
                            - SQL table alias mapping - networkser27_
                            - alias suffix - 27_
                            - suffixed key columns - {id1_18_27_}
                      - JOIN (JoinDefinedByMetadata(vdu)) : <gen:21> -> <gen:56>
                         - CollectionQuerySpaceImpl(uid=<gen:56>, collection=org.project.neutrino.nfvo.catalogue.mano.record.VirtualNetworkFunctionRecord.vdu)
                            - SQL table alias mapping - vdu28_
                            - alias suffix - 28_
                            - suffixed key columns - {virtual_1_68_28_}
                            - entity-element alias suffix - 29_
                            - 29_entity-element suffixed key columns - id1_47_29_
                            - JOIN (JoinDefinedByMetadata(elements)) : <gen:56> -> <gen:57>
                               - EntityQuerySpaceImpl(uid=<gen:57>, entity=org.project.neutrino.nfvo.catalogue.mano.descriptor.VirtualDeploymentUnit)
                                  - SQL table alias mapping - virtualdep29_
                                  - alias suffix - 29_
                                  - suffixed key columns - {id1_47_29_}
                      - JOIN (JoinDefinedByMetadata(virtual_link)) : <gen:21> -> <gen:60>
                         - CollectionQuerySpaceImpl(uid=<gen:60>, collection=org.project.neutrino.nfvo.catalogue.mano.record.VirtualNetworkFunctionRecord.virtual_link)
                            - SQL table alias mapping - virtual_li30_
                            - alias suffix - 30_
                            - suffixed key columns - {virtual_1_68_30_}
                            - entity-element alias suffix - 31_
                            - 31_entity-element suffixed key columns - id1_0_31_
                            - JOIN (JoinDefinedByMetadata(elements)) : <gen:60> -> <gen:61>
                               - EntityQuerySpaceImpl(uid=<gen:61>, entity=org.project.neutrino.nfvo.catalogue.mano.descriptor.InternalVirtualLink)
                                  - SQL table alias mapping - internalvi31_
                                  - alias suffix - 31_
                                  - suffixed key columns - {id1_0_31_}
          - JOIN (JoinDefinedByMetadata(network_forwarding_path)) : <gen:0> -> <gen:63>
             - EntityQuerySpaceImpl(uid=<gen:63>, entity=org.project.neutrino.nfvo.catalogue.mano.descriptor.NetworkForwardingPath)
                - SQL table alias mapping - networkfor32_
                - alias suffix - 32_
                - suffixed key columns - {id1_12_32_}
                - JOIN (JoinDefinedByMetadata(connection)) : <gen:63> -> <gen:64>
                   - CollectionQuerySpaceImpl(uid=<gen:64>, collection=org.project.neutrino.nfvo.catalogue.mano.descriptor.NetworkForwardingPath.connection)
                      - SQL table alias mapping - connection33_
                      - alias suffix - 33_
                      - suffixed key columns - {network_1_12_33_}
                - JOIN (JoinDefinedByMetadata(policy)) : <gen:63> -> <gen:65>
                   - EntityQuerySpaceImpl(uid=<gen:65>, entity=org.project.neutrino.nfvo.catalogue.mano.descriptor.Policy)
                      - SQL table alias mapping - policy34_
                      - alias suffix - 34_
                      - suffixed key columns - {id1_42_34_}
          - JOIN (JoinDefinedByMetadata(parent_ns)) : <gen:0> -> <gen:66>
             - EntityQuerySpaceImpl(uid=<gen:66>, entity=org.project.neutrino.nfvo.catalogue.mano.record.NetworkServiceRecord)
                - SQL table alias mapping - networkser35_
                - alias suffix - 35_
                - suffixed key columns - {id1_18_35_}
                - JOIN (JoinDefinedByMetadata(auto_scale_policy)) : <gen:66> -> <gen:67>
                   - CollectionQuerySpaceImpl(uid=<gen:67>, collection=org.project.neutrino.nfvo.catalogue.mano.record.NetworkServiceRecord.auto_scale_policy)
                      - SQL table alias mapping - auto_scale36_
                      - alias suffix - 36_
                      - suffixed key columns - {network_1_18_36_}
                      - entity-element alias suffix - 37_
                      - 37_entity-element suffixed key columns - id1_3_37_
                      - JOIN (JoinDefinedByMetadata(elements)) : <gen:67> -> <gen:68>
                         - EntityQuerySpaceImpl(uid=<gen:68>, entity=org.project.neutrino.nfvo.catalogue.mano.common.AutoScalePolicy)
                            - SQL table alias mapping - autoscalep37_
                            - alias suffix - 37_
                            - suffixed key columns - {id1_3_37_}
                - JOIN (JoinDefinedByMetadata(connection_point)) : <gen:66> -> <gen:69>
                   - CollectionQuerySpaceImpl(uid=<gen:69>, collection=org.project.neutrino.nfvo.catalogue.mano.record.NetworkServiceRecord.connection_point)
                      - SQL table alias mapping - connection38_
                      - alias suffix - 38_
                      - suffixed key columns - {network_1_18_38_}
                      - entity-element alias suffix - 39_
                      - 39_entity-element suffixed key columns - id1_4_39_
                      - JOIN (JoinDefinedByMetadata(elements)) : <gen:69> -> <gen:70>
                         - EntityQuerySpaceImpl(uid=<gen:70>, entity=org.project.neutrino.nfvo.catalogue.mano.common.ConnectionPoint)
                            - SQL table alias mapping - connection39_
                            - alias suffix - 39_
                            - suffixed key columns - {id1_4_39_}
                - JOIN (JoinDefinedByMetadata(descriptor_reference)) : <gen:66> -> <gen:71>
                   - EntityQuerySpaceImpl(uid=<gen:71>, entity=org.project.neutrino.nfvo.catalogue.mano.common.NFVEntityDescriptor)
                      - SQL table alias mapping - nfventityd40_
                      - alias suffix - 40_
                      - suffixed key columns - {id1_27_40_}
                - JOIN (JoinDefinedByMetadata(lifecycle_event)) : <gen:66> -> <gen:80>
                   - EntityQuerySpaceImpl(uid=<gen:80>, entity=org.project.neutrino.nfvo.catalogue.mano.common.LifecycleEvent)
                      - SQL table alias mapping - lifecyclee41_
                      - alias suffix - 41_
                      - suffixed key columns - {id1_10_41_}
                - JOIN (JoinDefinedByMetadata(lifecycle_event_history)) : <gen:66> -> <gen:81>
                   - CollectionQuerySpaceImpl(uid=<gen:81>, collection=org.project.neutrino.nfvo.catalogue.mano.record.NetworkServiceRecord.lifecycle_event_history)
                      - SQL table alias mapping - lifecycle_42_
                      - alias suffix - 42_
                      - suffixed key columns - {network_1_18_42_}
                      - entity-element alias suffix - 43_
                      - 43_entity-element suffixed key columns - id1_10_43_
                      - JOIN (JoinDefinedByMetadata(elements)) : <gen:81> -> <gen:82>
                         - EntityQuerySpaceImpl(uid=<gen:82>, entity=org.project.neutrino.nfvo.catalogue.mano.common.LifecycleEvent)
                            - SQL table alias mapping - lifecyclee43_
                            - alias suffix - 43_
                            - suffixed key columns - {id1_10_43_}
                - JOIN (JoinDefinedByMetadata(pnfr)) : <gen:66> -> <gen:83>
                   - CollectionQuerySpaceImpl(uid=<gen:83>, collection=org.project.neutrino.nfvo.catalogue.mano.record.NetworkServiceRecord.pnfr)
                      - SQL table alias mapping - pnfr44_
                      - alias suffix - 44_
                      - suffixed key columns - {network_1_18_44_}
                      - entity-element alias suffix - 45_
                      - 45_entity-element suffixed key columns - id1_37_45_
                      - JOIN (JoinDefinedByMetadata(elements)) : <gen:83> -> <gen:84>
                         - EntityQuerySpaceImpl(uid=<gen:84>, entity=org.project.neutrino.nfvo.catalogue.mano.record.PhysicalNetworkFunctionRecord)
                            - SQL table alias mapping - physicalne45_
                            - alias suffix - 45_
                            - suffixed key columns - {id1_37_45_}
                - JOIN (JoinDefinedByMetadata(service_deployment_flavour)) : <gen:66> -> <gen:93>
                   - EntityQuerySpaceImpl(uid=<gen:93>, entity=org.project.neutrino.nfvo.catalogue.mano.common.ServiceDeploymentFlavour)
                      - SQL table alias mapping - servicedep46_
                      - alias suffix - 46_
                      - suffixed key columns - {id1_7_46_}
                - JOIN (JoinDefinedByMetadata(vlr)) : <gen:66> -> <gen:94>
                   - CollectionQuerySpaceImpl(uid=<gen:94>, collection=org.project.neutrino.nfvo.catalogue.mano.record.NetworkServiceRecord.vlr)
                      - SQL table alias mapping - vlr47_
                      - alias suffix - 47_
                      - suffixed key columns - {network_1_18_47_}
                      - entity-element alias suffix - 48_
                      - 48_entity-element suffixed key columns - id1_54_48_
                      - JOIN (JoinDefinedByMetadata(elements)) : <gen:94> -> <gen:95>
                         - EntityQuerySpaceImpl(uid=<gen:95>, entity=org.project.neutrino.nfvo.catalogue.mano.record.VirtualLinkRecord)
                            - SQL table alias mapping - virtuallin48_
                            - alias suffix - 48_
                            - suffixed key columns - {id1_54_48_}
                - JOIN (JoinDefinedByMetadata(vnf_dependency)) : <gen:66> -> <gen:96>
                   - CollectionQuerySpaceImpl(uid=<gen:96>, collection=org.project.neutrino.nfvo.catalogue.mano.record.NetworkServiceRecord.vnf_dependency)
                      - SQL table alias mapping - vnf_depend49_
                      - alias suffix - 49_
                      - suffixed key columns - {network_1_18_49_}
                      - entity-element alias suffix - 50_
                      - 50_entity-element suffixed key columns - id1_86_50_
                      - JOIN (JoinDefinedByMetadata(elements)) : <gen:96> -> <gen:97>
                         - EntityQuerySpaceImpl(uid=<gen:97>, entity=org.project.neutrino.nfvo.catalogue.mano.common.VNFDependency)
                            - SQL table alias mapping - vnfdepende50_
                            - alias suffix - 50_
                            - suffixed key columns - {id1_86_50_}
                - JOIN (JoinDefinedByMetadata(vnffgr)) : <gen:66> -> <gen:100>
                   - CollectionQuerySpaceImpl(uid=<gen:100>, collection=org.project.neutrino.nfvo.catalogue.mano.record.NetworkServiceRecord.vnffgr)
                      - SQL table alias mapping - vnffgr51_
                      - alias suffix - 51_
                      - suffixed key columns - {network_1_18_51_}
                      - entity-element alias suffix - 52_
                      - 52_entity-element suffixed key columns - id1_87_52_
                      - JOIN (JoinDefinedByMetadata(elements)) : <gen:100> -> <gen:101>
                         - EntityQuerySpaceImpl(uid=<gen:101>, entity=org.project.neutrino.nfvo.catalogue.mano.descriptor.VNFForwardingGraph)
                            - SQL table alias mapping - vnfforward52_
                            - alias suffix - 52_
                            - suffixed key columns - {id1_87_52_}
                - JOIN (JoinDefinedByMetadata(vnfr)) : <gen:66> -> <gen:102>
                   - EntityQuerySpaceImpl(uid=<gen:102>, entity=org.project.neutrino.nfvo.catalogue.mano.record.VirtualNetworkFunctionRecord)
                      - SQL table alias mapping - virtualnet53_
                      - alias suffix - 53_
                      - suffixed key columns - {id1_68_53_}

14:11:16.128 [Test worker] DEBUG o.h.loader.entity.plan.EntityLoader - Static select for entity org.project.neutrino.nfvo.catalogue.mano.record.VNFForwardingGraphRecord [READ]: select vnfforward0_.id as id1_92_0_, vnfforward0_.audit_log as audit_lo2_92_0_, vnfforward0_.descriptor_reference_id as descrip10_92_0_, vnfforward0_.network_forwarding_path_id as network11_92_0_, vnfforward0_.number_of_endpoints as number_o3_92_0_, vnfforward0_.number_of_pnfs as number_o4_92_0_, vnfforward0_.number_of_virtual_links as number_o5_92_0_, vnfforward0_.number_of_vnfs as number_o6_92_0_, vnfforward0_.parent_ns_id as parent_12_92_0_, vnfforward0_.status as status7_92_0_, vnfforward0_.vendor as vendor8_92_0_, vnfforward0_.version as version9_92_0_, connection1_.vnfforwarding_graph_record_id as vnfforwa1_92_1_, vnfdconnec2_.id as connecti2_93_1_, vnfdconnec2_.id as id1_4_2_, vnfdconnec2_.type as type2_4_2_, vnfdconnec2_.version as version3_4_2_, vnfdconnec2_.virtual_link_reference as virtual_1_82_2_, dependent_3_.vnfforwarding_graph_record_id as vnfforwa1_92_3_, virtuallin4_.id as dependen2_94_3_, virtuallin4_.id as id1_54_4_, virtuallin4_.connectivity_type as connecti2_54_4_, virtuallin4_.descriptor_reference as descript3_54_4_, virtuallin4_.leaf_requirement as leaf_req4_54_4_, virtuallin4_.number_of_enpoints as number_o5_54_4_, virtuallin4_.parent_ns as parent_n6_54_4_, virtuallin4_.root_requirement as root_req7_54_4_, virtuallin4_.status as status8_54_4_, virtuallin4_.test_access as test_acc9_54_4_, virtuallin4_.vendor as vendor10_54_4_, virtuallin4_.version as version11_54_4_, virtuallin4_.vim_id as vim_id12_54_4_, lifecycle_5_.virtual_link_record_id as virtual_1_54_5_, lifecyclee6_.id as lifecycl2_58_5_, lifecyclee6_.id as id1_10_6_, lifecyclee6_.version as version2_10_6_, vnffgr_ref7_.virtual_link_record_id as virtual_1_54_7_, vnfforward8_.id as vnffgr_r2_61_7_, vnfforward8_.id as id1_92_8_, vnfforward8_.audit_log as audit_lo2_92_8_, vnfforward8_.descriptor_reference_id as descrip10_92_8_, vnfforward8_.network_forwarding_path_id as network11_92_8_, vnfforward8_.number_of_endpoints as number_o3_92_8_, vnfforward8_.number_of_pnfs as number_o4_92_8_, vnfforward8_.number_of_virtual_links as number_o5_92_8_, vnfforward8_.number_of_vnfs as number_o6_92_8_, vnfforward8_.parent_ns_id as parent_12_92_8_, vnfforward8_.status as status7_92_8_, vnfforward8_.vendor as vendor8_92_8_, vnfforward8_.version as version9_92_8_, vnfforward9_.id as id1_87_9_, vnfforward9_.descriptor_version as descript2_87_9_, vnfforward9_.hb_version as hb_versi3_87_9_, vnfforward9_.number_of_endpoints as number_o4_87_9_, vnfforward9_.number_of_virtual_links as number_o5_87_9_, vnfforward9_.vendor as vendor6_87_9_, vnfforward9_.version as version7_87_9_, vnfforward9_.vnffgd_security_id as vnffgd_s8_87_9_, security10_.id as id1_43_10_, security10_.version as version2_43_10_, lifecycle_11_.vnfforwarding_graph_record_id as vnfforwa1_92_11_, lifecyclee12_.id as lifecycl2_95_11_, lifecyclee12_.id as id1_10_12_, lifecyclee12_.version as version2_10_12_, member_vnf13_.vnfforwarding_graph_record_id as vnfforwa1_92_13_, virtualnet14_.id as member_v2_96_13_, virtualnet14_.id as id1_68_14_, virtualnet14_.audit_log as audit_lo2_68_14_, virtualnet14_.deployment_flavour_id as deployme9_68_14_, virtualnet14_.descriptor_reference as descript3_68_14_, virtualnet14_.lifecycle_event_id as lifecyc10_68_14_, virtualnet14_.localization as localiza4_68_14_, virtualnet14_.parent_ns_id as parent_11_68_14_, virtualnet14_.status as status5_68_14_, virtualnet14_.vendor as vendor6_68_14_, virtualnet14_.version as version7_68_14_, virtualnet14_.vnfm_id as vnfm_id8_68_14_, auto_scale15_.virtual_network_function_record_id as virtual_1_68_15_, autoscalep16_.id as auto_sca2_69_15_, autoscalep16_.id as id1_3_16_, autoscalep16_.version as version2_3_16_, connected_17_.virtual_network_function_record_id as virtual_1_68_17_, virtuallin18_.id as connecte2_70_17_, virtuallin18_.id as id1_54_18_, virtuallin18_.connectivity_type as connecti2_54_18_, virtuallin18_.descriptor_reference as descript3_54_18_, virtuallin18_.leaf_requirement as leaf_req4_54_18_, virtuallin18_.number_of_enpoints as number_o5_54_18_, virtuallin18_.parent_ns as parent_n6_54_18_, virtuallin18_.root_requirement as root_req7_54_18_, virtuallin18_.status as status8_54_18_, virtuallin18_.test_access as test_acc9_54_18_, virtuallin18_.vendor as vendor10_54_18_, virtuallin18_.version as version11_54_18_, virtuallin18_.vim_id as vim_id12_54_18_, connection19_.virtual_network_function_record_id as virtual_1_68_19_, connection20_.id as connecti2_71_19_, connection20_.id as id1_4_20_, connection20_.type as type2_4_20_, connection20_.version as version3_4_20_, connection20_.virtual_link_reference as virtual_1_82_20_, connection20_.clazz_ as clazz_20_, dependency21_.virtual_network_function_record_id as virtual_1_68_21_, vnfdepende22_.id as dependen2_72_21_, vnfdepende22_.id as id1_86_22_, vnfdepende22_.source_Id as source_I3_86_22_, vnfdepende22_.target_Id as target_I4_86_22_, vnfdepende22_.version as version2_86_22_, vnfddeploy23_.id as id1_7_23_, vnfddeploy23_.flavour_key as flavour_2_7_23_, vnfddeploy23_.version as version3_7_23_, lifecyclee24_.id as id1_10_24_, lifecyclee24_.version as version2_10_24_, lifecycle_25_.virtual_network_function_record_id as virtual_1_68_25_, lifecyclee26_.id as lifecycl2_73_25_, lifecyclee26_.id as id1_10_26_, lifecyclee26_.version as version2_10_26_, networkser27_.id as id1_18_27_, networkser27_.audit_log as audit_lo2_18_27_, networkser27_.descriptor_reference_Id as descript9_18_27_, networkser27_.lifecycle_event_id as lifecyc10_18_27_, networkser27_.notification as notifica3_18_27_, networkser27_.resource_reservation as resource4_18_27_, networkser27_.runtime_policy_info as runtime_5_18_27_, networkser27_.service_deployment_flavour_id as service11_18_27_, networkser27_.status as status6_18_27_, networkser27_.vendor as vendor7_18_27_, networkser27_.version as version8_18_27_, networkser27_.vnfr_id as vnfr_id12_18_27_, vdu28_.virtual_network_function_record_id as virtual_1_68_28_, virtualdep29_.id as vdu_id2_77_28_, virtualdep29_.id as id1_47_29_, virtualdep29_.computation_requirement as computat2_47_29_, virtualdep29_.high_availability as high_ava3_47_29_, virtualdep29_.scale_in_out as scale_in4_47_29_, virtualdep29_.vdu_constraint as vdu_cons5_47_29_, virtualdep29_.version as version6_47_29_, virtualdep29_.virtual_memory_resource_element as virtual_7_47_29_, virtualdep29_.virtual_network_bandwidth_resource as virtual_8_47_29_, virtual_li30_.virtual_network_function_record_id as virtual_1_68_30_, internalvi31_.id as virtual_2_78_30_, internalvi31_.id as id1_0_31_, internalvi31_.connectivity_type as connecti2_0_31_, internalvi31_.leaf_requirement as leaf_req3_0_31_, internalvi31_.root_requirement as root_req4_0_31_, internalvi31_.version as version5_0_31_, networkfor32_.id as id1_12_32_, networkfor32_.policy_id as policy_i3_12_32_, networkfor32_.version as version2_12_32_, connection33_.network_forwarding_path_id as network_1_12_33_, connection33_.connection as connecti2_13_33_, connection33_.connection_key as connecti3_33_, policy34_.id as id1_42_34_, policy34_.version as version2_42_34_, networkser35_.id as id1_18_35_, networkser35_.audit_log as audit_lo2_18_35_, networkser35_.descriptor_reference_Id as descript9_18_35_, networkser35_.lifecycle_event_id as lifecyc10_18_35_, networkser35_.notification as notifica3_18_35_, networkser35_.resource_reservation as resource4_18_35_, networkser35_.runtime_policy_info as runtime_5_18_35_, networkser35_.service_deployment_flavour_id as service11_18_35_, networkser35_.status as status6_18_35_, networkser35_.vendor as vendor7_18_35_, networkser35_.version as version8_18_35_, networkser35_.vnfr_id as vnfr_id12_18_35_, auto_scale36_.network_service_record_id as network_1_18_36_, autoscalep37_.id as auto_sca2_19_36_, autoscalep37_.id as id1_3_37_, autoscalep37_.version as version2_3_37_, connection38_.network_service_record_id as network_1_18_38_, connection39_.id as connecti2_20_38_, connection39_.id as id1_4_39_, connection39_.type as type2_4_39_, connection39_.version as version3_4_39_, connection39_.virtual_link_reference as virtual_1_82_39_, connection39_.clazz_ as clazz_39_, nfventityd40_.id as id1_27_40_, nfventityd40_.hb_version as hb_versi2_27_40_, nfventityd40_.vendor as vendor3_27_40_, nfventityd40_.version as version4_27_40_, nfventityd40_.descriptor_version as descript1_62_40_, nfventityd40_.manifest_file as manifest2_62_40_, nfventityd40_.nsd_security_id as nsd_secu1_14_40_, nfventityd40_.clazz_ as clazz_40_, lifecyclee41_.id as id1_10_41_, lifecyclee41_.version as version2_10_41_, lifecycle_42_.network_service_record_id as network_1_18_42_, lifecyclee43_.id as lifecycl2_21_42_, lifecyclee43_.id as id1_10_43_, lifecyclee43_.version as version2_10_43_, pnfr44_.network_service_record_id as network_1_18_44_, physicalne45_.id as pnfr_id2_23_44_, physicalne45_.id as id1_37_45_, physicalne45_.description as descript2_37_45_, physicalne45_.descriptor_reference_id as descript6_37_45_, physicalne45_.oam_reference as oam_refe3_37_45_, physicalne45_.parent_ns_id as parent_n7_37_45_, physicalne45_.vendor as vendor4_37_45_, physicalne45_.version as version5_37_45_, servicedep46_.id as id1_7_46_, servicedep46_.flavour_key as flavour_2_7_46_, servicedep46_.version as version3_7_46_, vlr47_.network_service_record_id as network_1_18_47_, virtuallin48_.id as vlr_id2_24_47_, virtuallin48_.id as id1_54_48_, virtuallin48_.connectivity_type as connecti2_54_48_, virtuallin48_.descriptor_reference as descript3_54_48_, virtuallin48_.leaf_requirement as leaf_req4_54_48_, virtuallin48_.number_of_enpoints as number_o5_54_48_, virtuallin48_.parent_ns as parent_n6_54_48_, virtuallin48_.root_requirement as root_req7_54_48_, virtuallin48_.status as status8_54_48_, virtuallin48_.test_access as test_acc9_54_48_, virtuallin48_.vendor as vendor10_54_48_, virtuallin48_.version as version11_54_48_, virtuallin48_.vim_id as vim_id12_54_48_, vnf_depend49_.network_service_record_id as network_1_18_49_, vnfdepende50_.id as vnf_depe2_25_49_, vnfdepende50_.id as id1_86_50_, vnfdepende50_.source_Id as source_I3_86_50_, vnfdepende50_.target_Id as target_I4_86_50_, vnfdepende50_.version as version2_86_50_, vnffgr51_.network_service_record_id as network_1_18_51_, vnfforward52_.id as vnffgr_i2_26_51_, vnfforward52_.id as id1_87_52_, vnfforward52_.descriptor_version as descript2_87_52_, vnfforward52_.hb_version as hb_versi3_87_52_, vnfforward52_.number_of_endpoints as number_o4_87_52_, vnfforward52_.number_of_virtual_links as number_o5_87_52_, vnfforward52_.vendor as vendor6_87_52_, vnfforward52_.version as version7_87_52_, vnfforward52_.vnffgd_security_id as vnffgd_s8_87_52_, virtualnet53_.id as id1_68_53_, virtualnet53_.audit_log as audit_lo2_68_53_, virtualnet53_.deployment_flavour_id as deployme9_68_53_, virtualnet53_.descriptor_reference as descript3_68_53_, virtualnet53_.lifecycle_event_id as lifecyc10_68_53_, virtualnet53_.localization as localiza4_68_53_, virtualnet53_.parent_ns_id as parent_11_68_53_, virtualnet53_.status as status5_68_53_, virtualnet53_.vendor as vendor6_68_53_, virtualnet53_.version as version7_68_53_, virtualnet53_.vnfm_id as vnfm_id8_68_53_ from vnfforwarding_graph_record vnfforward0_ left outer join vnfforwarding_graph_record_connection_point connection1_ on vnfforward0_.id=connection1_.vnfforwarding_graph_record_id left outer join vnfdconnection_point vnfdconnec2_ on connection1_.connection_point_id=vnfdconnec2_.id left outer join vnfforwarding_graph_record_dependent_virtual_link dependent_3_ on vnfforward0_.id=dependent_3_.vnfforwarding_graph_record_id left outer join virtual_link_record virtuallin4_ on dependent_3_.dependent_virtual_link_id=virtuallin4_.id left outer join virtual_link_record_lifecycle_event_history lifecycle_5_ on virtuallin4_.id=lifecycle_5_.virtual_link_record_id left outer join lifecycle_event lifecyclee6_ on lifecycle_5_.lifecycle_event_history_id=lifecyclee6_.id left outer join virtual_link_record_vnffgr_reference vnffgr_ref7_ on virtuallin4_.id=vnffgr_ref7_.virtual_link_record_id left outer join vnfforwarding_graph_record vnfforward8_ on vnffgr_ref7_.vnffgr_reference_id=vnfforward8_.id left outer join vnfforwarding_graph vnfforward9_ on vnfforward0_.descriptor_reference_id=vnfforward9_.id left outer join security security10_ on vnfforward9_.vnffgd_security_id=security10_.id left outer join vnfforwarding_graph_record_lifecycle_event_history lifecycle_11_ on vnfforward0_.id=lifecycle_11_.vnfforwarding_graph_record_id left outer join lifecycle_event lifecyclee12_ on lifecycle_11_.lifecycle_event_history_id=lifecyclee12_.id left outer join vnfforwarding_graph_record_member_vnfs member_vnf13_ on vnfforward0_.id=member_vnf13_.vnfforwarding_graph_record_id left outer join virtual_network_function_record virtualnet14_ on member_vnf13_.member_vnfs_id=virtualnet14_.id left outer join virtual_network_function_record_auto_scale_policy auto_scale15_ on virtualnet14_.id=auto_scale15_.virtual_network_function_record_id left outer join auto_scale_policy autoscalep16_ on auto_scale15_.auto_scale_policy_id=autoscalep16_.id left outer join virtual_network_function_record_connected_external_virtual_link connected_17_ on virtualnet14_.id=connected_17_.virtual_network_function_record_id left outer join virtual_link_record virtuallin18_ on connected_17_.connected_external_virtual_link_id=virtuallin18_.id left outer join virtual_network_function_record_connection_point connection19_ on virtualnet14_.id=connection19_.virtual_network_function_record_id left outer join ( select id, type, version, null as virtual_link_reference, 0 as clazz_ from connection_point union select id, type, version, virtual_link_reference, 1 as clazz_ from vnfdconnection_point ) connection20_ on connection19_.connection_point_id=connection20_.id left outer join virtual_network_function_record_dependency dependency21_ on virtualnet14_.id=dependency21_.virtual_network_function_record_id left outer join vnfdependency vnfdepende22_ on dependency21_.dependency_id=vnfdepende22_.id left outer join vnfddeployment_flavour vnfddeploy23_ on virtualnet14_.deployment_flavour_id=vnfddeploy23_.id left outer join lifecycle_event lifecyclee24_ on virtualnet14_.lifecycle_event_id=lifecyclee24_.id left outer join virtual_network_function_record_lifecycle_event_history lifecycle_25_ on virtualnet14_.id=lifecycle_25_.virtual_network_function_record_id left outer join lifecycle_event lifecyclee26_ on lifecycle_25_.lifecycle_event_history_id=lifecyclee26_.id left outer join network_service_record networkser27_ on virtualnet14_.parent_ns_id=networkser27_.id left outer join virtual_network_function_record_vdu vdu28_ on virtualnet14_.id=vdu28_.virtual_network_function_record_id left outer join virtual_deployment_unit virtualdep29_ on vdu28_.vdu_id=virtualdep29_.id left outer join virtual_network_function_record_virtual_link virtual_li30_ on virtualnet14_.id=virtual_li30_.virtual_network_function_record_id left outer join internal_virtual_link internalvi31_ on virtual_li30_.virtual_link_id=internalvi31_.id left outer join network_forwarding_path networkfor32_ on vnfforward0_.network_forwarding_path_id=networkfor32_.id left outer join network_forwarding_path_connection connection33_ on networkfor32_.id=connection33_.network_forwarding_path_id left outer join policy policy34_ on networkfor32_.policy_id=policy34_.id left outer join network_service_record networkser35_ on vnfforward0_.parent_ns_id=networkser35_.id left outer join network_service_record_auto_scale_policy auto_scale36_ on networkser35_.id=auto_scale36_.network_service_record_id left outer join auto_scale_policy autoscalep37_ on auto_scale36_.auto_scale_policy_id=autoscalep37_.id left outer join network_service_record_connection_point connection38_ on networkser35_.id=connection38_.network_service_record_id left outer join ( select id, type, version, null as virtual_link_reference, 0 as clazz_ from connection_point union select id, type, version, virtual_link_reference, 1 as clazz_ from vnfdconnection_point ) connection39_ on connection38_.connection_point_id=connection39_.id left outer join ( select id, hb_version, vendor, version, descriptor_version, manifest_file, null as nsd_security_id, 1 as clazz_ from virtual_network_function_descriptor union select id, hb_version, vendor, version, null as descriptor_version, null as manifest_file, nsd_security_id, 2 as clazz_ from network_service_descriptor ) nfventityd40_ on networkser35_.descriptor_reference_Id=nfventityd40_.id left outer join lifecycle_event lifecyclee41_ on networkser35_.lifecycle_event_id=lifecyclee41_.id left outer join network_service_record_lifecycle_event_history lifecycle_42_ on networkser35_.id=lifecycle_42_.network_service_record_id left outer join lifecycle_event lifecyclee43_ on lifecycle_42_.lifecycle_event_history_id=lifecyclee43_.id left outer join network_service_record_pnfr pnfr44_ on networkser35_.id=pnfr44_.network_service_record_id left outer join physical_network_function_record physicalne45_ on pnfr44_.pnfr_id=physicalne45_.id left outer join service_deployment_flavour servicedep46_ on networkser35_.service_deployment_flavour_id=servicedep46_.id left outer join network_service_record_vlr vlr47_ on networkser35_.id=vlr47_.network_service_record_id left outer join virtual_link_record virtuallin48_ on vlr47_.vlr_id=virtuallin48_.id left outer join network_service_record_vnf_dependency vnf_depend49_ on networkser35_.id=vnf_depend49_.network_service_record_id left outer join vnfdependency vnfdepende50_ on vnf_depend49_.vnf_dependency_id=vnfdepende50_.id left outer join network_service_record_vnffgr vnffgr51_ on networkser35_.id=vnffgr51_.network_service_record_id left outer join vnfforwarding_graph vnfforward52_ on vnffgr51_.vnffgr_id=vnfforward52_.id left outer join virtual_network_function_record virtualnet53_ on networkser35_.vnfr_id=virtualnet53_.id where vnfforward0_.id=?
14:11:16.128 [Test worker] DEBUG o.h.l.p.b.i.spaces.QuerySpacesImpl - Adding QuerySpace : uid = <gen:0> -> org.hibernate.loader.plan.build.internal.spaces.EntityQuerySpaceImpl@56429bb7]
14:11:16.128 [Test worker] DEBUG o.h.p.w.spi.MetamodelGraphWalker - Visiting attribute path : audit_log
14:11:16.129 [Test worker] DEBUG o.h.p.w.spi.MetamodelGraphWalker - Visiting attribute path : connection_point
14:11:16.129 [Test worker] DEBUG o.h.l.p.b.i.spaces.QuerySpacesImpl - Adding QuerySpace : uid = <gen:1> -> org.hibernate.loader.plan.build.internal.spaces.CollectionQuerySpaceImpl@724ebfd2]
14:11:16.129 [Test worker] DEBUG o.h.l.p.b.i.spaces.QuerySpacesImpl - Adding QuerySpace : uid = <gen:2> -> org.hibernate.loader.plan.build.internal.spaces.EntityQuerySpaceImpl@1013ae9f]
14:11:16.129 [Test worker] DEBUG o.h.p.w.spi.MetamodelGraphWalker - Visiting attribute path : dependent_virtual_link
14:11:16.129 [Test worker] DEBUG o.h.l.p.b.i.spaces.QuerySpacesImpl - Adding QuerySpace : uid = <gen:3> -> org.hibernate.loader.plan.build.internal.spaces.CollectionQuerySpaceImpl@7c2d50f7]
14:11:16.129 [Test worker] DEBUG o.h.l.p.b.i.spaces.QuerySpacesImpl - Adding QuerySpace : uid = <gen:4> -> org.hibernate.loader.plan.build.internal.spaces.EntityQuerySpaceImpl@31ec7d2]
14:11:16.129 [Test worker] DEBUG o.h.p.w.spi.MetamodelGraphWalker - Visiting attribute path : descriptor_reference
14:11:16.129 [Test worker] DEBUG o.h.l.p.b.i.spaces.QuerySpacesImpl - Adding QuerySpace : uid = <gen:5> -> org.hibernate.loader.plan.build.internal.spaces.EntityQuerySpaceImpl@59d0ad97]
14:11:16.129 [Test worker] DEBUG o.h.p.w.spi.MetamodelGraphWalker - Visiting attribute path : lifecycle_event_history
14:11:16.129 [Test worker] DEBUG o.h.l.p.b.i.spaces.QuerySpacesImpl - Adding QuerySpace : uid = <gen:6> -> org.hibernate.loader.plan.build.internal.spaces.CollectionQuerySpaceImpl@1334c292]
14:11:16.129 [Test worker] DEBUG o.h.l.p.b.i.spaces.QuerySpacesImpl - Adding QuerySpace : uid = <gen:7> -> org.hibernate.loader.plan.build.internal.spaces.EntityQuerySpaceImpl@6cd20917]
14:11:16.129 [Test worker] DEBUG o.h.p.w.spi.MetamodelGraphWalker - Visiting attribute path : member_vnfs
14:11:16.129 [Test worker] DEBUG o.h.l.p.b.i.spaces.QuerySpacesImpl - Adding QuerySpace : uid = <gen:8> -> org.hibernate.loader.plan.build.internal.spaces.CollectionQuerySpaceImpl@5152fcd1]
14:11:16.129 [Test worker] DEBUG o.h.l.p.b.i.spaces.QuerySpacesImpl - Adding QuerySpace : uid = <gen:9> -> org.hibernate.loader.plan.build.internal.spaces.EntityQuerySpaceImpl@1f54270d]
14:11:16.129 [Test worker] DEBUG o.h.p.w.spi.MetamodelGraphWalker - Visiting attribute path : network_forwarding_path
14:11:16.129 [Test worker] DEBUG o.h.l.p.b.i.spaces.QuerySpacesImpl - Adding QuerySpace : uid = <gen:10> -> org.hibernate.loader.plan.build.internal.spaces.EntityQuerySpaceImpl@4dcfd68c]
14:11:16.129 [Test worker] DEBUG o.h.p.w.spi.MetamodelGraphWalker - Visiting attribute path : notification
14:11:16.129 [Test worker] DEBUG o.h.p.w.spi.MetamodelGraphWalker - Visiting attribute path : number_of_endpoints
14:11:16.129 [Test worker] DEBUG o.h.p.w.spi.MetamodelGraphWalker - Visiting attribute path : number_of_pnfs
14:11:16.129 [Test worker] DEBUG o.h.p.w.spi.MetamodelGraphWalker - Visiting attribute path : number_of_virtual_links
14:11:16.129 [Test worker] DEBUG o.h.p.w.spi.MetamodelGraphWalker - Visiting attribute path : number_of_vnfs
14:11:16.129 [Test worker] DEBUG o.h.p.w.spi.MetamodelGraphWalker - Visiting attribute path : parent_ns
14:11:16.129 [Test worker] DEBUG o.h.l.p.b.i.spaces.QuerySpacesImpl - Adding QuerySpace : uid = <gen:11> -> org.hibernate.loader.plan.build.internal.spaces.EntityQuerySpaceImpl@80ea93d]
14:11:16.129 [Test worker] DEBUG o.h.p.w.spi.MetamodelGraphWalker - Visiting attribute path : status
14:11:16.129 [Test worker] DEBUG o.h.p.w.spi.MetamodelGraphWalker - Visiting attribute path : vendor
14:11:16.129 [Test worker] DEBUG o.h.p.w.spi.MetamodelGraphWalker - Visiting attribute path : version
14:11:16.129 [Test worker] DEBUG o.h.l.p.b.i.FetchStyleLoadPlanBuildingAssociationVisitationStrategy - Building LoadPlan...
14:11:16.129 [Test worker] DEBUG o.h.l.p.e.i.LoadQueryJoinAndFetchProcessor - processing queryspace <gen:0>
14:11:16.130 [Test worker] DEBUG o.h.l.p.b.spi.LoadPlanTreePrinter - LoadPlan(entity=org.project.neutrino.nfvo.catalogue.mano.record.VNFForwardingGraphRecord)
    - Returns
       - EntityReturnImpl(entity=org.project.neutrino.nfvo.catalogue.mano.record.VNFForwardingGraphRecord, querySpaceUid=<gen:0>, path=org.project.neutrino.nfvo.catalogue.mano.record.VNFForwardingGraphRecord)
          - CollectionAttributeFetchImpl(collection=org.project.neutrino.nfvo.catalogue.mano.record.VNFForwardingGraphRecord.connection_point, querySpaceUid=<gen:1>, path=org.project.neutrino.nfvo.catalogue.mano.record.VNFForwardingGraphRecord.connection_point)
             - (collection element) CollectionFetchableElementEntityGraph(entity=org.project.neutrino.nfvo.catalogue.mano.descriptor.VNFDConnectionPoint, querySpaceUid=<gen:2>, path=org.project.neutrino.nfvo.catalogue.mano.record.VNFForwardingGraphRecord.connection_point.<elements>)
          - CollectionAttributeFetchImpl(collection=org.project.neutrino.nfvo.catalogue.mano.record.VNFForwardingGraphRecord.dependent_virtual_link, querySpaceUid=<gen:3>, path=org.project.neutrino.nfvo.catalogue.mano.record.VNFForwardingGraphRecord.dependent_virtual_link)
             - (collection element) CollectionFetchableElementEntityGraph(entity=org.project.neutrino.nfvo.catalogue.mano.record.VirtualLinkRecord, querySpaceUid=<gen:4>, path=org.project.neutrino.nfvo.catalogue.mano.record.VNFForwardingGraphRecord.dependent_virtual_link.<elements>)
          - EntityAttributeFetchImpl(entity=org.project.neutrino.nfvo.catalogue.mano.descriptor.VNFForwardingGraph, querySpaceUid=<gen:5>, path=org.project.neutrino.nfvo.catalogue.mano.record.VNFForwardingGraphRecord.descriptor_reference)
          - CollectionAttributeFetchImpl(collection=org.project.neutrino.nfvo.catalogue.mano.record.VNFForwardingGraphRecord.lifecycle_event_history, querySpaceUid=<gen:6>, path=org.project.neutrino.nfvo.catalogue.mano.record.VNFForwardingGraphRecord.lifecycle_event_history)
             - (collection element) CollectionFetchableElementEntityGraph(entity=org.project.neutrino.nfvo.catalogue.mano.common.LifecycleEvent, querySpaceUid=<gen:7>, path=org.project.neutrino.nfvo.catalogue.mano.record.VNFForwardingGraphRecord.lifecycle_event_history.<elements>)
          - CollectionAttributeFetchImpl(collection=org.project.neutrino.nfvo.catalogue.mano.record.VNFForwardingGraphRecord.member_vnfs, querySpaceUid=<gen:8>, path=org.project.neutrino.nfvo.catalogue.mano.record.VNFForwardingGraphRecord.member_vnfs)
             - (collection element) CollectionFetchableElementEntityGraph(entity=org.project.neutrino.nfvo.catalogue.mano.record.VirtualNetworkFunctionRecord, querySpaceUid=<gen:9>, path=org.project.neutrino.nfvo.catalogue.mano.record.VNFForwardingGraphRecord.member_vnfs.<elements>)
          - EntityAttributeFetchImpl(entity=org.project.neutrino.nfvo.catalogue.mano.descriptor.NetworkForwardingPath, querySpaceUid=<gen:10>, path=org.project.neutrino.nfvo.catalogue.mano.record.VNFForwardingGraphRecord.network_forwarding_path)
          - EntityAttributeFetchImpl(entity=org.project.neutrino.nfvo.catalogue.mano.record.NetworkServiceRecord, querySpaceUid=<gen:11>, path=org.project.neutrino.nfvo.catalogue.mano.record.VNFForwardingGraphRecord.parent_ns)
    - QuerySpaces
       - EntityQuerySpaceImpl(uid=<gen:0>, entity=org.project.neutrino.nfvo.catalogue.mano.record.VNFForwardingGraphRecord)
          - SQL table alias mapping - vnfforward0_
          - alias suffix - 0_
          - suffixed key columns - {id1_92_0_}

14:11:16.130 [Test worker] DEBUG o.h.loader.entity.plan.EntityLoader - Static select for entity org.project.neutrino.nfvo.catalogue.mano.record.VNFForwardingGraphRecord [UPGRADE]: select vnfforward0_.id as id1_92_0_, vnfforward0_.audit_log as audit_lo2_92_0_, vnfforward0_.descriptor_reference_id as descrip10_92_0_, vnfforward0_.network_forwarding_path_id as network11_92_0_, vnfforward0_.number_of_endpoints as number_o3_92_0_, vnfforward0_.number_of_pnfs as number_o4_92_0_, vnfforward0_.number_of_virtual_links as number_o5_92_0_, vnfforward0_.number_of_vnfs as number_o6_92_0_, vnfforward0_.parent_ns_id as parent_12_92_0_, vnfforward0_.status as status7_92_0_, vnfforward0_.vendor as vendor8_92_0_, vnfforward0_.version as version9_92_0_ from vnfforwarding_graph_record vnfforward0_ where vnfforward0_.id=? for update
14:11:16.130 [Test worker] DEBUG o.h.l.p.b.i.spaces.QuerySpacesImpl - Adding QuerySpace : uid = <gen:0> -> org.hibernate.loader.plan.build.internal.spaces.EntityQuerySpaceImpl@7a88e7ec]
14:11:16.131 [Test worker] DEBUG o.h.p.w.spi.MetamodelGraphWalker - Visiting attribute path : audit_log
14:11:16.131 [Test worker] DEBUG o.h.p.w.spi.MetamodelGraphWalker - Visiting attribute path : connection_point
14:11:16.131 [Test worker] DEBUG o.h.l.p.b.i.spaces.QuerySpacesImpl - Adding QuerySpace : uid = <gen:1> -> org.hibernate.loader.plan.build.internal.spaces.CollectionQuerySpaceImpl@ed3ff7a]
14:11:16.131 [Test worker] DEBUG o.h.l.p.b.i.spaces.QuerySpacesImpl - Adding QuerySpace : uid = <gen:2> -> org.hibernate.loader.plan.build.internal.spaces.EntityQuerySpaceImpl@29aa31]
14:11:16.131 [Test worker] DEBUG o.h.p.w.spi.MetamodelGraphWalker - Visiting attribute path : dependent_virtual_link
14:11:16.131 [Test worker] DEBUG o.h.l.p.b.i.spaces.QuerySpacesImpl - Adding QuerySpace : uid = <gen:3> -> org.hibernate.loader.plan.build.internal.spaces.CollectionQuerySpaceImpl@2f64770c]
14:11:16.131 [Test worker] DEBUG o.h.l.p.b.i.spaces.QuerySpacesImpl - Adding QuerySpace : uid = <gen:4> -> org.hibernate.loader.plan.build.internal.spaces.EntityQuerySpaceImpl@6cc3cd22]
14:11:16.132 [Test worker] DEBUG o.h.p.w.spi.MetamodelGraphWalker - Visiting attribute path : descriptor_reference
14:11:16.132 [Test worker] DEBUG o.h.l.p.b.i.spaces.QuerySpacesImpl - Adding QuerySpace : uid = <gen:5> -> org.hibernate.loader.plan.build.internal.spaces.EntityQuerySpaceImpl@2ad0aaf7]
14:11:16.132 [Test worker] DEBUG o.h.p.w.spi.MetamodelGraphWalker - Visiting attribute path : lifecycle_event_history
14:11:16.132 [Test worker] DEBUG o.h.l.p.b.i.spaces.QuerySpacesImpl - Adding QuerySpace : uid = <gen:6> -> org.hibernate.loader.plan.build.internal.spaces.CollectionQuerySpaceImpl@69885416]
14:11:16.132 [Test worker] DEBUG o.h.l.p.b.i.spaces.QuerySpacesImpl - Adding QuerySpace : uid = <gen:7> -> org.hibernate.loader.plan.build.internal.spaces.EntityQuerySpaceImpl@7548a67a]
14:11:16.132 [Test worker] DEBUG o.h.p.w.spi.MetamodelGraphWalker - Visiting attribute path : member_vnfs
14:11:16.132 [Test worker] DEBUG o.h.l.p.b.i.spaces.QuerySpacesImpl - Adding QuerySpace : uid = <gen:8> -> org.hibernate.loader.plan.build.internal.spaces.CollectionQuerySpaceImpl@74a9cfbd]
14:11:16.132 [Test worker] DEBUG o.h.l.p.b.i.spaces.QuerySpacesImpl - Adding QuerySpace : uid = <gen:9> -> org.hibernate.loader.plan.build.internal.spaces.EntityQuerySpaceImpl@3885bd21]
14:11:16.132 [Test worker] DEBUG o.h.p.w.spi.MetamodelGraphWalker - Visiting attribute path : network_forwarding_path
14:11:16.132 [Test worker] DEBUG o.h.l.p.b.i.spaces.QuerySpacesImpl - Adding QuerySpace : uid = <gen:10> -> org.hibernate.loader.plan.build.internal.spaces.EntityQuerySpaceImpl@5443de84]
14:11:16.132 [Test worker] DEBUG o.h.p.w.spi.MetamodelGraphWalker - Visiting attribute path : notification
14:11:16.132 [Test worker] DEBUG o.h.p.w.spi.MetamodelGraphWalker - Visiting attribute path : number_of_endpoints
14:11:16.132 [Test worker] DEBUG o.h.p.w.spi.MetamodelGraphWalker - Visiting attribute path : number_of_pnfs
14:11:16.132 [Test worker] DEBUG o.h.p.w.spi.MetamodelGraphWalker - Visiting attribute path : number_of_virtual_links
14:11:16.132 [Test worker] DEBUG o.h.p.w.spi.MetamodelGraphWalker - Visiting attribute path : number_of_vnfs
14:11:16.132 [Test worker] DEBUG o.h.p.w.spi.MetamodelGraphWalker - Visiting attribute path : parent_ns
14:11:16.132 [Test worker] DEBUG o.h.l.p.b.i.spaces.QuerySpacesImpl - Adding QuerySpace : uid = <gen:11> -> org.hibernate.loader.plan.build.internal.spaces.EntityQuerySpaceImpl@33c5d754]
14:11:16.132 [Test worker] DEBUG o.h.p.w.spi.MetamodelGraphWalker - Visiting attribute path : status
14:11:16.132 [Test worker] DEBUG o.h.p.w.spi.MetamodelGraphWalker - Visiting attribute path : vendor
14:11:16.132 [Test worker] DEBUG o.h.p.w.spi.MetamodelGraphWalker - Visiting attribute path : version
14:11:16.133 [Test worker] DEBUG o.h.l.p.b.i.FetchStyleLoadPlanBuildingAssociationVisitationStrategy - Building LoadPlan...
14:11:16.133 [Test worker] DEBUG o.h.l.p.e.i.LoadQueryJoinAndFetchProcessor - processing queryspace <gen:0>
14:11:16.133 [Test worker] DEBUG o.h.l.p.b.spi.LoadPlanTreePrinter - LoadPlan(entity=org.project.neutrino.nfvo.catalogue.mano.record.VNFForwardingGraphRecord)
    - Returns
       - EntityReturnImpl(entity=org.project.neutrino.nfvo.catalogue.mano.record.VNFForwardingGraphRecord, querySpaceUid=<gen:0>, path=org.project.neutrino.nfvo.catalogue.mano.record.VNFForwardingGraphRecord)
          - CollectionAttributeFetchImpl(collection=org.project.neutrino.nfvo.catalogue.mano.record.VNFForwardingGraphRecord.connection_point, querySpaceUid=<gen:1>, path=org.project.neutrino.nfvo.catalogue.mano.record.VNFForwardingGraphRecord.connection_point)
             - (collection element) CollectionFetchableElementEntityGraph(entity=org.project.neutrino.nfvo.catalogue.mano.descriptor.VNFDConnectionPoint, querySpaceUid=<gen:2>, path=org.project.neutrino.nfvo.catalogue.mano.record.VNFForwardingGraphRecord.connection_point.<elements>)
          - CollectionAttributeFetchImpl(collection=org.project.neutrino.nfvo.catalogue.mano.record.VNFForwardingGraphRecord.dependent_virtual_link, querySpaceUid=<gen:3>, path=org.project.neutrino.nfvo.catalogue.mano.record.VNFForwardingGraphRecord.dependent_virtual_link)
             - (collection element) CollectionFetchableElementEntityGraph(entity=org.project.neutrino.nfvo.catalogue.mano.record.VirtualLinkRecord, querySpaceUid=<gen:4>, path=org.project.neutrino.nfvo.catalogue.mano.record.VNFForwardingGraphRecord.dependent_virtual_link.<elements>)
          - EntityAttributeFetchImpl(entity=org.project.neutrino.nfvo.catalogue.mano.descriptor.VNFForwardingGraph, querySpaceUid=<gen:5>, path=org.project.neutrino.nfvo.catalogue.mano.record.VNFForwardingGraphRecord.descriptor_reference)
          - CollectionAttributeFetchImpl(collection=org.project.neutrino.nfvo.catalogue.mano.record.VNFForwardingGraphRecord.lifecycle_event_history, querySpaceUid=<gen:6>, path=org.project.neutrino.nfvo.catalogue.mano.record.VNFForwardingGraphRecord.lifecycle_event_history)
             - (collection element) CollectionFetchableElementEntityGraph(entity=org.project.neutrino.nfvo.catalogue.mano.common.LifecycleEvent, querySpaceUid=<gen:7>, path=org.project.neutrino.nfvo.catalogue.mano.record.VNFForwardingGraphRecord.lifecycle_event_history.<elements>)
          - CollectionAttributeFetchImpl(collection=org.project.neutrino.nfvo.catalogue.mano.record.VNFForwardingGraphRecord.member_vnfs, querySpaceUid=<gen:8>, path=org.project.neutrino.nfvo.catalogue.mano.record.VNFForwardingGraphRecord.member_vnfs)
             - (collection element) CollectionFetchableElementEntityGraph(entity=org.project.neutrino.nfvo.catalogue.mano.record.VirtualNetworkFunctionRecord, querySpaceUid=<gen:9>, path=org.project.neutrino.nfvo.catalogue.mano.record.VNFForwardingGraphRecord.member_vnfs.<elements>)
          - EntityAttributeFetchImpl(entity=org.project.neutrino.nfvo.catalogue.mano.descriptor.NetworkForwardingPath, querySpaceUid=<gen:10>, path=org.project.neutrino.nfvo.catalogue.mano.record.VNFForwardingGraphRecord.network_forwarding_path)
          - EntityAttributeFetchImpl(entity=org.project.neutrino.nfvo.catalogue.mano.record.NetworkServiceRecord, querySpaceUid=<gen:11>, path=org.project.neutrino.nfvo.catalogue.mano.record.VNFForwardingGraphRecord.parent_ns)
    - QuerySpaces
       - EntityQuerySpaceImpl(uid=<gen:0>, entity=org.project.neutrino.nfvo.catalogue.mano.record.VNFForwardingGraphRecord)
          - SQL table alias mapping - vnfforward0_
          - alias suffix - 0_
          - suffixed key columns - {id1_92_0_}

14:11:16.134 [Test worker] DEBUG o.h.loader.entity.plan.EntityLoader - Static select for entity org.project.neutrino.nfvo.catalogue.mano.record.VNFForwardingGraphRecord [UPGRADE_NOWAIT]: select vnfforward0_.id as id1_92_0_, vnfforward0_.audit_log as audit_lo2_92_0_, vnfforward0_.descriptor_reference_id as descrip10_92_0_, vnfforward0_.network_forwarding_path_id as network11_92_0_, vnfforward0_.number_of_endpoints as number_o3_92_0_, vnfforward0_.number_of_pnfs as number_o4_92_0_, vnfforward0_.number_of_virtual_links as number_o5_92_0_, vnfforward0_.number_of_vnfs as number_o6_92_0_, vnfforward0_.parent_ns_id as parent_12_92_0_, vnfforward0_.status as status7_92_0_, vnfforward0_.vendor as vendor8_92_0_, vnfforward0_.version as version9_92_0_ from vnfforwarding_graph_record vnfforward0_ where vnfforward0_.id=? for update
14:11:16.134 [Test worker] DEBUG o.h.l.p.b.i.spaces.QuerySpacesImpl - Adding QuerySpace : uid = <gen:0> -> org.hibernate.loader.plan.build.internal.spaces.EntityQuerySpaceImpl@1bbe65a]
14:11:16.134 [Test worker] DEBUG o.h.p.w.spi.MetamodelGraphWalker - Visiting attribute path : audit_log
14:11:16.134 [Test worker] DEBUG o.h.p.w.spi.MetamodelGraphWalker - Visiting attribute path : connection_point
14:11:16.134 [Test worker] DEBUG o.h.l.p.b.i.spaces.QuerySpacesImpl - Adding QuerySpace : uid = <gen:1> -> org.hibernate.loader.plan.build.internal.spaces.CollectionQuerySpaceImpl@638aa276]
14:11:16.134 [Test worker] DEBUG o.h.l.p.b.i.spaces.QuerySpacesImpl - Adding QuerySpace : uid = <gen:2> -> org.hibernate.loader.plan.build.internal.spaces.EntityQuerySpaceImpl@22b02408]
14:11:16.134 [Test worker] DEBUG o.h.p.w.spi.MetamodelGraphWalker - Visiting attribute path : dependent_virtual_link
14:11:16.134 [Test worker] DEBUG o.h.l.p.b.i.spaces.QuerySpacesImpl - Adding QuerySpace : uid = <gen:3> -> org.hibernate.loader.plan.build.internal.spaces.CollectionQuerySpaceImpl@5a0d9b02]
14:11:16.134 [Test worker] DEBUG o.h.l.p.b.i.spaces.QuerySpacesImpl - Adding QuerySpace : uid = <gen:4> -> org.hibernate.loader.plan.build.internal.spaces.EntityQuerySpaceImpl@333bce7e]
14:11:16.134 [Test worker] DEBUG o.h.p.w.spi.MetamodelGraphWalker - Visiting attribute path : descriptor_reference
14:11:16.134 [Test worker] DEBUG o.h.l.p.b.i.spaces.QuerySpacesImpl - Adding QuerySpace : uid = <gen:5> -> org.hibernate.loader.plan.build.internal.spaces.EntityQuerySpaceImpl@1b71cc79]
14:11:16.134 [Test worker] DEBUG o.h.p.w.spi.MetamodelGraphWalker - Visiting attribute path : lifecycle_event_history
14:11:16.134 [Test worker] DEBUG o.h.l.p.b.i.spaces.QuerySpacesImpl - Adding QuerySpace : uid = <gen:6> -> org.hibernate.loader.plan.build.internal.spaces.CollectionQuerySpaceImpl@4c272a02]
14:11:16.134 [Test worker] DEBUG o.h.l.p.b.i.spaces.QuerySpacesImpl - Adding QuerySpace : uid = <gen:7> -> org.hibernate.loader.plan.build.internal.spaces.EntityQuerySpaceImpl@1f37105d]
14:11:16.134 [Test worker] DEBUG o.h.p.w.spi.MetamodelGraphWalker - Visiting attribute path : member_vnfs
14:11:16.134 [Test worker] DEBUG o.h.l.p.b.i.spaces.QuerySpacesImpl - Adding QuerySpace : uid = <gen:8> -> org.hibernate.loader.plan.build.internal.spaces.CollectionQuerySpaceImpl@581359ad]
14:11:16.134 [Test worker] DEBUG o.h.l.p.b.i.spaces.QuerySpacesImpl - Adding QuerySpace : uid = <gen:9> -> org.hibernate.loader.plan.build.internal.spaces.EntityQuerySpaceImpl@5e649a07]
14:11:16.134 [Test worker] DEBUG o.h.p.w.spi.MetamodelGraphWalker - Visiting attribute path : network_forwarding_path
14:11:16.134 [Test worker] DEBUG o.h.l.p.b.i.spaces.QuerySpacesImpl - Adding QuerySpace : uid = <gen:10> -> org.hibernate.loader.plan.build.internal.spaces.EntityQuerySpaceImpl@1ebc71fb]
14:11:16.134 [Test worker] DEBUG o.h.p.w.spi.MetamodelGraphWalker - Visiting attribute path : notification
14:11:16.134 [Test worker] DEBUG o.h.p.w.spi.MetamodelGraphWalker - Visiting attribute path : number_of_endpoints
14:11:16.134 [Test worker] DEBUG o.h.p.w.spi.MetamodelGraphWalker - Visiting attribute path : number_of_pnfs
14:11:16.134 [Test worker] DEBUG o.h.p.w.spi.MetamodelGraphWalker - Visiting attribute path : number_of_virtual_links
14:11:16.134 [Test worker] DEBUG o.h.p.w.spi.MetamodelGraphWalker - Visiting attribute path : number_of_vnfs
14:11:16.134 [Test worker] DEBUG o.h.p.w.spi.MetamodelGraphWalker - Visiting attribute path : parent_ns
14:11:16.134 [Test worker] DEBUG o.h.l.p.b.i.spaces.QuerySpacesImpl - Adding QuerySpace : uid = <gen:11> -> org.hibernate.loader.plan.build.internal.spaces.EntityQuerySpaceImpl@65df2580]
14:11:16.135 [Test worker] DEBUG o.h.p.w.spi.MetamodelGraphWalker - Visiting attribute path : status
14:11:16.135 [Test worker] DEBUG o.h.p.w.spi.MetamodelGraphWalker - Visiting attribute path : vendor
14:11:16.135 [Test worker] DEBUG o.h.p.w.spi.MetamodelGraphWalker - Visiting attribute path : version
14:11:16.135 [Test worker] DEBUG o.h.l.p.b.i.FetchStyleLoadPlanBuildingAssociationVisitationStrategy - Building LoadPlan...
14:11:16.135 [Test worker] DEBUG o.h.l.p.e.i.LoadQueryJoinAndFetchProcessor - processing queryspace <gen:0>
14:11:16.136 [Test worker] DEBUG o.h.l.p.b.spi.LoadPlanTreePrinter - LoadPlan(entity=org.project.neutrino.nfvo.catalogue.mano.record.VNFForwardingGraphRecord)
    - Returns
       - EntityReturnImpl(entity=org.project.neutrino.nfvo.catalogue.mano.record.VNFForwardingGraphRecord, querySpaceUid=<gen:0>, path=org.project.neutrino.nfvo.catalogue.mano.record.VNFForwardingGraphRecord)
          - CollectionAttributeFetchImpl(collection=org.project.neutrino.nfvo.catalogue.mano.record.VNFForwardingGraphRecord.connection_point, querySpaceUid=<gen:1>, path=org.project.neutrino.nfvo.catalogue.mano.record.VNFForwardingGraphRecord.connection_point)
             - (collection element) CollectionFetchableElementEntityGraph(entity=org.project.neutrino.nfvo.catalogue.mano.descriptor.VNFDConnectionPoint, querySpaceUid=<gen:2>, path=org.project.neutrino.nfvo.catalogue.mano.record.VNFForwardingGraphRecord.connection_point.<elements>)
          - CollectionAttributeFetchImpl(collection=org.project.neutrino.nfvo.catalogue.mano.record.VNFForwardingGraphRecord.dependent_virtual_link, querySpaceUid=<gen:3>, path=org.project.neutrino.nfvo.catalogue.mano.record.VNFForwardingGraphRecord.dependent_virtual_link)
             - (collection element) CollectionFetchableElementEntityGraph(entity=org.project.neutrino.nfvo.catalogue.mano.record.VirtualLinkRecord, querySpaceUid=<gen:4>, path=org.project.neutrino.nfvo.catalogue.mano.record.VNFForwardingGraphRecord.dependent_virtual_link.<elements>)
          - EntityAttributeFetchImpl(entity=org.project.neutrino.nfvo.catalogue.mano.descriptor.VNFForwardingGraph, querySpaceUid=<gen:5>, path=org.project.neutrino.nfvo.catalogue.mano.record.VNFForwardingGraphRecord.descriptor_reference)
          - CollectionAttributeFetchImpl(collection=org.project.neutrino.nfvo.catalogue.mano.record.VNFForwardingGraphRecord.lifecycle_event_history, querySpaceUid=<gen:6>, path=org.project.neutrino.nfvo.catalogue.mano.record.VNFForwardingGraphRecord.lifecycle_event_history)
             - (collection element) CollectionFetchableElementEntityGraph(entity=org.project.neutrino.nfvo.catalogue.mano.common.LifecycleEvent, querySpaceUid=<gen:7>, path=org.project.neutrino.nfvo.catalogue.mano.record.VNFForwardingGraphRecord.lifecycle_event_history.<elements>)
          - CollectionAttributeFetchImpl(collection=org.project.neutrino.nfvo.catalogue.mano.record.VNFForwardingGraphRecord.member_vnfs, querySpaceUid=<gen:8>, path=org.project.neutrino.nfvo.catalogue.mano.record.VNFForwardingGraphRecord.member_vnfs)
             - (collection element) CollectionFetchableElementEntityGraph(entity=org.project.neutrino.nfvo.catalogue.mano.record.VirtualNetworkFunctionRecord, querySpaceUid=<gen:9>, path=org.project.neutrino.nfvo.catalogue.mano.record.VNFForwardingGraphRecord.member_vnfs.<elements>)
          - EntityAttributeFetchImpl(entity=org.project.neutrino.nfvo.catalogue.mano.descriptor.NetworkForwardingPath, querySpaceUid=<gen:10>, path=org.project.neutrino.nfvo.catalogue.mano.record.VNFForwardingGraphRecord.network_forwarding_path)
          - EntityAttributeFetchImpl(entity=org.project.neutrino.nfvo.catalogue.mano.record.NetworkServiceRecord, querySpaceUid=<gen:11>, path=org.project.neutrino.nfvo.catalogue.mano.record.VNFForwardingGraphRecord.parent_ns)
    - QuerySpaces
       - EntityQuerySpaceImpl(uid=<gen:0>, entity=org.project.neutrino.nfvo.catalogue.mano.record.VNFForwardingGraphRecord)
          - SQL table alias mapping - vnfforward0_
          - alias suffix - 0_
          - suffixed key columns - {id1_92_0_}

14:11:16.136 [Test worker] DEBUG o.h.loader.entity.plan.EntityLoader - Static select for entity org.project.neutrino.nfvo.catalogue.mano.record.VNFForwardingGraphRecord [UPGRADE_SKIPLOCKED]: select vnfforward0_.id as id1_92_0_, vnfforward0_.audit_log as audit_lo2_92_0_, vnfforward0_.descriptor_reference_id as descrip10_92_0_, vnfforward0_.network_forwarding_path_id as network11_92_0_, vnfforward0_.number_of_endpoints as number_o3_92_0_, vnfforward0_.number_of_pnfs as number_o4_92_0_, vnfforward0_.number_of_virtual_links as number_o5_92_0_, vnfforward0_.number_of_vnfs as number_o6_92_0_, vnfforward0_.parent_ns_id as parent_12_92_0_, vnfforward0_.status as status7_92_0_, vnfforward0_.vendor as vendor8_92_0_, vnfforward0_.version as version9_92_0_ from vnfforwarding_graph_record vnfforward0_ where vnfforward0_.id=? for update
14:11:16.136 [Test worker] DEBUG o.h.l.p.b.i.spaces.QuerySpacesImpl - Adding QuerySpace : uid = <gen:0> -> org.hibernate.loader.plan.build.internal.spaces.EntityQuerySpaceImpl@1d172ac0]
14:11:16.136 [Test worker] DEBUG o.h.p.w.spi.MetamodelGraphWalker - Visiting attribute path : audit_log
14:11:16.136 [Test worker] DEBUG o.h.p.w.spi.MetamodelGraphWalker - Visiting attribute path : connection_point
14:11:16.136 [Test worker] DEBUG o.h.l.p.b.i.spaces.QuerySpacesImpl - Adding QuerySpace : uid = <gen:1> -> org.hibernate.loader.plan.build.internal.spaces.CollectionQuerySpaceImpl@62d25438]
14:11:16.136 [Test worker] DEBUG o.h.l.p.b.i.spaces.QuerySpacesImpl - Adding QuerySpace : uid = <gen:2> -> org.hibernate.loader.plan.build.internal.spaces.EntityQuerySpaceImpl@5e975b37]
14:11:16.136 [Test worker] DEBUG o.h.p.w.spi.MetamodelGraphWalker - Visiting attribute path : dependent_virtual_link
14:11:16.136 [Test worker] DEBUG o.h.l.p.b.i.spaces.QuerySpacesImpl - Adding QuerySpace : uid = <gen:3> -> org.hibernate.loader.plan.build.internal.spaces.CollectionQuerySpaceImpl@22e5a865]
14:11:16.136 [Test worker] DEBUG o.h.l.p.b.i.spaces.QuerySpacesImpl - Adding QuerySpace : uid = <gen:4> -> org.hibernate.loader.plan.build.internal.spaces.EntityQuerySpaceImpl@139290c9]
14:11:16.136 [Test worker] DEBUG o.h.p.w.spi.MetamodelGraphWalker - Visiting attribute path : descriptor_reference
14:11:16.136 [Test worker] DEBUG o.h.l.p.b.i.spaces.QuerySpacesImpl - Adding QuerySpace : uid = <gen:5> -> org.hibernate.loader.plan.build.internal.spaces.EntityQuerySpaceImpl@7b5f8628]
14:11:16.136 [Test worker] DEBUG o.h.p.w.spi.MetamodelGraphWalker - Visiting attribute path : lifecycle_event_history
14:11:16.136 [Test worker] DEBUG o.h.l.p.b.i.spaces.QuerySpacesImpl - Adding QuerySpace : uid = <gen:6> -> org.hibernate.loader.plan.build.internal.spaces.CollectionQuerySpaceImpl@3c60eb5f]
14:11:16.136 [Test worker] DEBUG o.h.l.p.b.i.spaces.QuerySpacesImpl - Adding QuerySpace : uid = <gen:7> -> org.hibernate.loader.plan.build.internal.spaces.EntityQuerySpaceImpl@7efcc8f0]
14:11:16.136 [Test worker] DEBUG o.h.p.w.spi.MetamodelGraphWalker - Visiting attribute path : member_vnfs
14:11:16.136 [Test worker] DEBUG o.h.l.p.b.i.spaces.QuerySpacesImpl - Adding QuerySpace : uid = <gen:8> -> org.hibernate.loader.plan.build.internal.spaces.CollectionQuerySpaceImpl@5ec45b2]
14:11:16.136 [Test worker] DEBUG o.h.l.p.b.i.spaces.QuerySpacesImpl - Adding QuerySpace : uid = <gen:9> -> org.hibernate.loader.plan.build.internal.spaces.EntityQuerySpaceImpl@5ad3ac27]
14:11:16.137 [Test worker] DEBUG o.h.p.w.spi.MetamodelGraphWalker - Visiting attribute path : network_forwarding_path
14:11:16.137 [Test worker] DEBUG o.h.l.p.b.i.spaces.QuerySpacesImpl - Adding QuerySpace : uid = <gen:10> -> org.hibernate.loader.plan.build.internal.spaces.EntityQuerySpaceImpl@7ecb6306]
14:11:16.137 [Test worker] DEBUG o.h.p.w.spi.MetamodelGraphWalker - Visiting attribute path : notification
14:11:16.137 [Test worker] DEBUG o.h.p.w.spi.MetamodelGraphWalker - Visiting attribute path : number_of_endpoints
14:11:16.137 [Test worker] DEBUG o.h.p.w.spi.MetamodelGraphWalker - Visiting attribute path : number_of_pnfs
14:11:16.137 [Test worker] DEBUG o.h.p.w.spi.MetamodelGraphWalker - Visiting attribute path : number_of_virtual_links
14:11:16.137 [Test worker] DEBUG o.h.p.w.spi.MetamodelGraphWalker - Visiting attribute path : number_of_vnfs
14:11:16.137 [Test worker] DEBUG o.h.p.w.spi.MetamodelGraphWalker - Visiting attribute path : parent_ns
14:11:16.137 [Test worker] DEBUG o.h.l.p.b.i.spaces.QuerySpacesImpl - Adding QuerySpace : uid = <gen:11> -> org.hibernate.loader.plan.build.internal.spaces.EntityQuerySpaceImpl@5ad25ff2]
14:11:16.137 [Test worker] DEBUG o.h.p.w.spi.MetamodelGraphWalker - Visiting attribute path : status
14:11:16.137 [Test worker] DEBUG o.h.p.w.spi.MetamodelGraphWalker - Visiting attribute path : vendor
14:11:16.137 [Test worker] DEBUG o.h.p.w.spi.MetamodelGraphWalker - Visiting attribute path : version
14:11:16.137 [Test worker] DEBUG o.h.l.p.b.i.FetchStyleLoadPlanBuildingAssociationVisitationStrategy - Building LoadPlan...
14:11:16.137 [Test worker] DEBUG o.h.l.p.e.i.LoadQueryJoinAndFetchProcessor - processing queryspace <gen:0>
14:11:16.137 [Test worker] DEBUG o.h.l.p.b.spi.LoadPlanTreePrinter - LoadPlan(entity=org.project.neutrino.nfvo.catalogue.mano.record.VNFForwardingGraphRecord)
    - Returns
       - EntityReturnImpl(entity=org.project.neutrino.nfvo.catalogue.mano.record.VNFForwardingGraphRecord, querySpaceUid=<gen:0>, path=org.project.neutrino.nfvo.catalogue.mano.record.VNFForwardingGraphRecord)
          - CollectionAttributeFetchImpl(collection=org.project.neutrino.nfvo.catalogue.mano.record.VNFForwardingGraphRecord.connection_point, querySpaceUid=<gen:1>, path=org.project.neutrino.nfvo.catalogue.mano.record.VNFForwardingGraphRecord.connection_point)
             - (collection element) CollectionFetchableElementEntityGraph(entity=org.project.neutrino.nfvo.catalogue.mano.descriptor.VNFDConnectionPoint, querySpaceUid=<gen:2>, path=org.project.neutrino.nfvo.catalogue.mano.record.VNFForwardingGraphRecord.connection_point.<elements>)
          - CollectionAttributeFetchImpl(collection=org.project.neutrino.nfvo.catalogue.mano.record.VNFForwardingGraphRecord.dependent_virtual_link, querySpaceUid=<gen:3>, path=org.project.neutrino.nfvo.catalogue.mano.record.VNFForwardingGraphRecord.dependent_virtual_link)
             - (collection element) CollectionFetchableElementEntityGraph(entity=org.project.neutrino.nfvo.catalogue.mano.record.VirtualLinkRecord, querySpaceUid=<gen:4>, path=org.project.neutrino.nfvo.catalogue.mano.record.VNFForwardingGraphRecord.dependent_virtual_link.<elements>)
          - EntityAttributeFetchImpl(entity=org.project.neutrino.nfvo.catalogue.mano.descriptor.VNFForwardingGraph, querySpaceUid=<gen:5>, path=org.project.neutrino.nfvo.catalogue.mano.record.VNFForwardingGraphRecord.descriptor_reference)
          - CollectionAttributeFetchImpl(collection=org.project.neutrino.nfvo.catalogue.mano.record.VNFForwardingGraphRecord.lifecycle_event_history, querySpaceUid=<gen:6>, path=org.project.neutrino.nfvo.catalogue.mano.record.VNFForwardingGraphRecord.lifecycle_event_history)
             - (collection element) CollectionFetchableElementEntityGraph(entity=org.project.neutrino.nfvo.catalogue.mano.common.LifecycleEvent, querySpaceUid=<gen:7>, path=org.project.neutrino.nfvo.catalogue.mano.record.VNFForwardingGraphRecord.lifecycle_event_history.<elements>)
          - CollectionAttributeFetchImpl(collection=org.project.neutrino.nfvo.catalogue.mano.record.VNFForwardingGraphRecord.member_vnfs, querySpaceUid=<gen:8>, path=org.project.neutrino.nfvo.catalogue.mano.record.VNFForwardingGraphRecord.member_vnfs)
             - (collection element) CollectionFetchableElementEntityGraph(entity=org.project.neutrino.nfvo.catalogue.mano.record.VirtualNetworkFunctionRecord, querySpaceUid=<gen:9>, path=org.project.neutrino.nfvo.catalogue.mano.record.VNFForwardingGraphRecord.member_vnfs.<elements>)
          - EntityAttributeFetchImpl(entity=org.project.neutrino.nfvo.catalogue.mano.descriptor.NetworkForwardingPath, querySpaceUid=<gen:10>, path=org.project.neutrino.nfvo.catalogue.mano.record.VNFForwardingGraphRecord.network_forwarding_path)
          - EntityAttributeFetchImpl(entity=org.project.neutrino.nfvo.catalogue.mano.record.NetworkServiceRecord, querySpaceUid=<gen:11>, path=org.project.neutrino.nfvo.catalogue.mano.record.VNFForwardingGraphRecord.parent_ns)
    - QuerySpaces
       - EntityQuerySpaceImpl(uid=<gen:0>, entity=org.project.neutrino.nfvo.catalogue.mano.record.VNFForwardingGraphRecord)
          - SQL table alias mapping - vnfforward0_
          - alias suffix - 0_
          - suffixed key columns - {id1_92_0_}

14:11:16.138 [Test worker] DEBUG o.h.loader.entity.plan.EntityLoader - Static select for entity org.project.neutrino.nfvo.catalogue.mano.record.VNFForwardingGraphRecord [FORCE]: select vnfforward0_.id as id1_92_0_, vnfforward0_.audit_log as audit_lo2_92_0_, vnfforward0_.descriptor_reference_id as descrip10_92_0_, vnfforward0_.network_forwarding_path_id as network11_92_0_, vnfforward0_.number_of_endpoints as number_o3_92_0_, vnfforward0_.number_of_pnfs as number_o4_92_0_, vnfforward0_.number_of_virtual_links as number_o5_92_0_, vnfforward0_.number_of_vnfs as number_o6_92_0_, vnfforward0_.parent_ns_id as parent_12_92_0_, vnfforward0_.status as status7_92_0_, vnfforward0_.vendor as vendor8_92_0_, vnfforward0_.version as version9_92_0_ from vnfforwarding_graph_record vnfforward0_ where vnfforward0_.id=? for update
14:11:16.138 [Test worker] DEBUG o.h.l.p.b.i.spaces.QuerySpacesImpl - Adding QuerySpace : uid = <gen:0> -> org.hibernate.loader.plan.build.internal.spaces.EntityQuerySpaceImpl@29993773]
14:11:16.138 [Test worker] DEBUG o.h.p.w.spi.MetamodelGraphWalker - Visiting attribute path : audit_log
14:11:16.138 [Test worker] DEBUG o.h.p.w.spi.MetamodelGraphWalker - Visiting attribute path : connection_point
14:11:16.138 [Test worker] DEBUG o.h.l.p.b.i.spaces.QuerySpacesImpl - Adding QuerySpace : uid = <gen:1> -> org.hibernate.loader.plan.build.internal.spaces.CollectionQuerySpaceImpl@6f680781]
14:11:16.138 [Test worker] DEBUG o.h.l.p.b.i.spaces.QuerySpacesImpl - Adding QuerySpace : uid = <gen:2> -> org.hibernate.loader.plan.build.internal.spaces.EntityQuerySpaceImpl@16c4df4b]
14:11:16.138 [Test worker] DEBUG o.h.p.w.spi.MetamodelGraphWalker - Visiting attribute path : dependent_virtual_link
14:11:16.138 [Test worker] DEBUG o.h.l.p.b.i.spaces.QuerySpacesImpl - Adding QuerySpace : uid = <gen:3> -> org.hibernate.loader.plan.build.internal.spaces.CollectionQuerySpaceImpl@571fc09a]
14:11:16.138 [Test worker] DEBUG o.h.l.p.b.i.spaces.QuerySpacesImpl - Adding QuerySpace : uid = <gen:4> -> org.hibernate.loader.plan.build.internal.spaces.EntityQuerySpaceImpl@659deb25]
14:11:16.138 [Test worker] DEBUG o.h.p.w.spi.MetamodelGraphWalker - Visiting attribute path : descriptor_reference
14:11:16.138 [Test worker] DEBUG o.h.l.p.b.i.spaces.QuerySpacesImpl - Adding QuerySpace : uid = <gen:5> -> org.hibernate.loader.plan.build.internal.spaces.EntityQuerySpaceImpl@62b8fe41]
14:11:16.138 [Test worker] DEBUG o.h.p.w.spi.MetamodelGraphWalker - Visiting attribute path : lifecycle_event_history
14:11:16.138 [Test worker] DEBUG o.h.l.p.b.i.spaces.QuerySpacesImpl - Adding QuerySpace : uid = <gen:6> -> org.hibernate.loader.plan.build.internal.spaces.CollectionQuerySpaceImpl@5f3c9009]
14:11:16.138 [Test worker] DEBUG o.h.l.p.b.i.spaces.QuerySpacesImpl - Adding QuerySpace : uid = <gen:7> -> org.hibernate.loader.plan.build.internal.spaces.EntityQuerySpaceImpl@1146fb8]
14:11:16.138 [Test worker] DEBUG o.h.p.w.spi.MetamodelGraphWalker - Visiting attribute path : member_vnfs
14:11:16.138 [Test worker] DEBUG o.h.l.p.b.i.spaces.QuerySpacesImpl - Adding QuerySpace : uid = <gen:8> -> org.hibernate.loader.plan.build.internal.spaces.CollectionQuerySpaceImpl@64b29995]
14:11:16.138 [Test worker] DEBUG o.h.l.p.b.i.spaces.QuerySpacesImpl - Adding QuerySpace : uid = <gen:9> -> org.hibernate.loader.plan.build.internal.spaces.EntityQuerySpaceImpl@98138d9]
14:11:16.138 [Test worker] DEBUG o.h.p.w.spi.MetamodelGraphWalker - Visiting attribute path : network_forwarding_path
14:11:16.138 [Test worker] DEBUG o.h.l.p.b.i.spaces.QuerySpacesImpl - Adding QuerySpace : uid = <gen:10> -> org.hibernate.loader.plan.build.internal.spaces.EntityQuerySpaceImpl@2bb336f]
14:11:16.138 [Test worker] DEBUG o.h.p.w.spi.MetamodelGraphWalker - Visiting attribute path : notification
14:11:16.138 [Test worker] DEBUG o.h.p.w.spi.MetamodelGraphWalker - Visiting attribute path : number_of_endpoints
14:11:16.138 [Test worker] DEBUG o.h.p.w.spi.MetamodelGraphWalker - Visiting attribute path : number_of_pnfs
14:11:16.138 [Test worker] DEBUG o.h.p.w.spi.MetamodelGraphWalker - Visiting attribute path : number_of_virtual_links
14:11:16.138 [Test worker] DEBUG o.h.p.w.spi.MetamodelGraphWalker - Visiting attribute path : number_of_vnfs
14:11:16.138 [Test worker] DEBUG o.h.p.w.spi.MetamodelGraphWalker - Visiting attribute path : parent_ns
14:11:16.138 [Test worker] DEBUG o.h.l.p.b.i.spaces.QuerySpacesImpl - Adding QuerySpace : uid = <gen:11> -> org.hibernate.loader.plan.build.internal.spaces.EntityQuerySpaceImpl@502dbdcf]
14:11:16.138 [Test worker] DEBUG o.h.p.w.spi.MetamodelGraphWalker - Visiting attribute path : status
14:11:16.138 [Test worker] DEBUG o.h.p.w.spi.MetamodelGraphWalker - Visiting attribute path : vendor
14:11:16.139 [Test worker] DEBUG o.h.p.w.spi.MetamodelGraphWalker - Visiting attribute path : version
14:11:16.139 [Test worker] DEBUG o.h.l.p.b.i.FetchStyleLoadPlanBuildingAssociationVisitationStrategy - Building LoadPlan...
14:11:16.139 [Test worker] DEBUG o.h.l.p.e.i.LoadQueryJoinAndFetchProcessor - processing queryspace <gen:0>
14:11:16.139 [Test worker] DEBUG o.h.l.p.b.spi.LoadPlanTreePrinter - LoadPlan(entity=org.project.neutrino.nfvo.catalogue.mano.record.VNFForwardingGraphRecord)
    - Returns
       - EntityReturnImpl(entity=org.project.neutrino.nfvo.catalogue.mano.record.VNFForwardingGraphRecord, querySpaceUid=<gen:0>, path=org.project.neutrino.nfvo.catalogue.mano.record.VNFForwardingGraphRecord)
          - CollectionAttributeFetchImpl(collection=org.project.neutrino.nfvo.catalogue.mano.record.VNFForwardingGraphRecord.connection_point, querySpaceUid=<gen:1>, path=org.project.neutrino.nfvo.catalogue.mano.record.VNFForwardingGraphRecord.connection_point)
             - (collection element) CollectionFetchableElementEntityGraph(entity=org.project.neutrino.nfvo.catalogue.mano.descriptor.VNFDConnectionPoint, querySpaceUid=<gen:2>, path=org.project.neutrino.nfvo.catalogue.mano.record.VNFForwardingGraphRecord.connection_point.<elements>)
          - CollectionAttributeFetchImpl(collection=org.project.neutrino.nfvo.catalogue.mano.record.VNFForwardingGraphRecord.dependent_virtual_link, querySpaceUid=<gen:3>, path=org.project.neutrino.nfvo.catalogue.mano.record.VNFForwardingGraphRecord.dependent_virtual_link)
             - (collection element) CollectionFetchableElementEntityGraph(entity=org.project.neutrino.nfvo.catalogue.mano.record.VirtualLinkRecord, querySpaceUid=<gen:4>, path=org.project.neutrino.nfvo.catalogue.mano.record.VNFForwardingGraphRecord.dependent_virtual_link.<elements>)
          - EntityAttributeFetchImpl(entity=org.project.neutrino.nfvo.catalogue.mano.descriptor.VNFForwardingGraph, querySpaceUid=<gen:5>, path=org.project.neutrino.nfvo.catalogue.mano.record.VNFForwardingGraphRecord.descriptor_reference)
          - CollectionAttributeFetchImpl(collection=org.project.neutrino.nfvo.catalogue.mano.record.VNFForwardingGraphRecord.lifecycle_event_history, querySpaceUid=<gen:6>, path=org.project.neutrino.nfvo.catalogue.mano.record.VNFForwardingGraphRecord.lifecycle_event_history)
             - (collection element) CollectionFetchableElementEntityGraph(entity=org.project.neutrino.nfvo.catalogue.mano.common.LifecycleEvent, querySpaceUid=<gen:7>, path=org.project.neutrino.nfvo.catalogue.mano.record.VNFForwardingGraphRecord.lifecycle_event_history.<elements>)
          - CollectionAttributeFetchImpl(collection=org.project.neutrino.nfvo.catalogue.mano.record.VNFForwardingGraphRecord.member_vnfs, querySpaceUid=<gen:8>, path=org.project.neutrino.nfvo.catalogue.mano.record.VNFForwardingGraphRecord.member_vnfs)
             - (collection element) CollectionFetchableElementEntityGraph(entity=org.project.neutrino.nfvo.catalogue.mano.record.VirtualNetworkFunctionRecord, querySpaceUid=<gen:9>, path=org.project.neutrino.nfvo.catalogue.mano.record.VNFForwardingGraphRecord.member_vnfs.<elements>)
          - EntityAttributeFetchImpl(entity=org.project.neutrino.nfvo.catalogue.mano.descriptor.NetworkForwardingPath, querySpaceUid=<gen:10>, path=org.project.neutrino.nfvo.catalogue.mano.record.VNFForwardingGraphRecord.network_forwarding_path)
          - EntityAttributeFetchImpl(entity=org.project.neutrino.nfvo.catalogue.mano.record.NetworkServiceRecord, querySpaceUid=<gen:11>, path=org.project.neutrino.nfvo.catalogue.mano.record.VNFForwardingGraphRecord.parent_ns)
    - QuerySpaces
       - EntityQuerySpaceImpl(uid=<gen:0>, entity=org.project.neutrino.nfvo.catalogue.mano.record.VNFForwardingGraphRecord)
          - SQL table alias mapping - vnfforward0_
          - alias suffix - 0_
          - suffixed key columns - {id1_92_0_}

14:11:16.139 [Test worker] DEBUG o.h.loader.entity.plan.EntityLoader - Static select for entity org.project.neutrino.nfvo.catalogue.mano.record.VNFForwardingGraphRecord [PESSIMISTIC_READ]: select vnfforward0_.id as id1_92_0_, vnfforward0_.audit_log as audit_lo2_92_0_, vnfforward0_.descriptor_reference_id as descrip10_92_0_, vnfforward0_.network_forwarding_path_id as network11_92_0_, vnfforward0_.number_of_endpoints as number_o3_92_0_, vnfforward0_.number_of_pnfs as number_o4_92_0_, vnfforward0_.number_of_virtual_links as number_o5_92_0_, vnfforward0_.number_of_vnfs as number_o6_92_0_, vnfforward0_.parent_ns_id as parent_12_92_0_, vnfforward0_.status as status7_92_0_, vnfforward0_.vendor as vendor8_92_0_, vnfforward0_.version as version9_92_0_ from vnfforwarding_graph_record vnfforward0_ where vnfforward0_.id=? lock in share mode
14:11:16.139 [Test worker] DEBUG o.h.l.p.b.i.spaces.QuerySpacesImpl - Adding QuerySpace : uid = <gen:0> -> org.hibernate.loader.plan.build.internal.spaces.EntityQuerySpaceImpl@6b088a28]
14:11:16.140 [Test worker] DEBUG o.h.p.w.spi.MetamodelGraphWalker - Visiting attribute path : audit_log
14:11:16.140 [Test worker] DEBUG o.h.p.w.spi.MetamodelGraphWalker - Visiting attribute path : connection_point
14:11:16.140 [Test worker] DEBUG o.h.l.p.b.i.spaces.QuerySpacesImpl - Adding QuerySpace : uid = <gen:1> -> org.hibernate.loader.plan.build.internal.spaces.CollectionQuerySpaceImpl@3ddb547d]
14:11:16.140 [Test worker] DEBUG o.h.l.p.b.i.spaces.QuerySpacesImpl - Adding QuerySpace : uid = <gen:2> -> org.hibernate.loader.plan.build.internal.spaces.EntityQuerySpaceImpl@a87fa45]
14:11:16.140 [Test worker] DEBUG o.h.p.w.spi.MetamodelGraphWalker - Visiting attribute path : dependent_virtual_link
14:11:16.140 [Test worker] DEBUG o.h.l.p.b.i.spaces.QuerySpacesImpl - Adding QuerySpace : uid = <gen:3> -> org.hibernate.loader.plan.build.internal.spaces.CollectionQuerySpaceImpl@653fcd69]
14:11:16.140 [Test worker] DEBUG o.h.l.p.b.i.spaces.QuerySpacesImpl - Adding QuerySpace : uid = <gen:4> -> org.hibernate.loader.plan.build.internal.spaces.EntityQuerySpaceImpl@3fc6dc6d]
14:11:16.140 [Test worker] DEBUG o.h.p.w.spi.MetamodelGraphWalker - Visiting attribute path : descriptor_reference
14:11:16.140 [Test worker] DEBUG o.h.l.p.b.i.spaces.QuerySpacesImpl - Adding QuerySpace : uid = <gen:5> -> org.hibernate.loader.plan.build.internal.spaces.EntityQuerySpaceImpl@18b198d1]
14:11:16.140 [Test worker] DEBUG o.h.p.w.spi.MetamodelGraphWalker - Visiting attribute path : lifecycle_event_history
14:11:16.140 [Test worker] DEBUG o.h.l.p.b.i.spaces.QuerySpacesImpl - Adding QuerySpace : uid = <gen:6> -> org.hibernate.loader.plan.build.internal.spaces.CollectionQuerySpaceImpl@33a7ce01]
14:11:16.140 [Test worker] DEBUG o.h.l.p.b.i.spaces.QuerySpacesImpl - Adding QuerySpace : uid = <gen:7> -> org.hibernate.loader.plan.build.internal.spaces.EntityQuerySpaceImpl@4dc5be25]
14:11:16.141 [Test worker] DEBUG o.h.p.w.spi.MetamodelGraphWalker - Visiting attribute path : member_vnfs
14:11:16.141 [Test worker] DEBUG o.h.l.p.b.i.spaces.QuerySpacesImpl - Adding QuerySpace : uid = <gen:8> -> org.hibernate.loader.plan.build.internal.spaces.CollectionQuerySpaceImpl@71469706]
14:11:16.141 [Test worker] DEBUG o.h.l.p.b.i.spaces.QuerySpacesImpl - Adding QuerySpace : uid = <gen:9> -> org.hibernate.loader.plan.build.internal.spaces.EntityQuerySpaceImpl@51654503]
14:11:16.141 [Test worker] DEBUG o.h.p.w.spi.MetamodelGraphWalker - Visiting attribute path : network_forwarding_path
14:11:16.141 [Test worker] DEBUG o.h.l.p.b.i.spaces.QuerySpacesImpl - Adding QuerySpace : uid = <gen:10> -> org.hibernate.loader.plan.build.internal.spaces.EntityQuerySpaceImpl@4f95f1b4]
14:11:16.141 [Test worker] DEBUG o.h.p.w.spi.MetamodelGraphWalker - Visiting attribute path : notification
14:11:16.141 [Test worker] DEBUG o.h.p.w.spi.MetamodelGraphWalker - Visiting attribute path : number_of_endpoints
14:11:16.141 [Test worker] DEBUG o.h.p.w.spi.MetamodelGraphWalker - Visiting attribute path : number_of_pnfs
14:11:16.141 [Test worker] DEBUG o.h.p.w.spi.MetamodelGraphWalker - Visiting attribute path : number_of_virtual_links
14:11:16.141 [Test worker] DEBUG o.h.p.w.spi.MetamodelGraphWalker - Visiting attribute path : number_of_vnfs
14:11:16.141 [Test worker] DEBUG o.h.p.w.spi.MetamodelGraphWalker - Visiting attribute path : parent_ns
14:11:16.141 [Test worker] DEBUG o.h.l.p.b.i.spaces.QuerySpacesImpl - Adding QuerySpace : uid = <gen:11> -> org.hibernate.loader.plan.build.internal.spaces.EntityQuerySpaceImpl@7d2f893d]
14:11:16.141 [Test worker] DEBUG o.h.p.w.spi.MetamodelGraphWalker - Visiting attribute path : status
14:11:16.141 [Test worker] DEBUG o.h.p.w.spi.MetamodelGraphWalker - Visiting attribute path : vendor
14:11:16.141 [Test worker] DEBUG o.h.p.w.spi.MetamodelGraphWalker - Visiting attribute path : version
14:11:16.141 [Test worker] DEBUG o.h.l.p.b.i.FetchStyleLoadPlanBuildingAssociationVisitationStrategy - Building LoadPlan...
14:11:16.141 [Test worker] DEBUG o.h.l.p.e.i.LoadQueryJoinAndFetchProcessor - processing queryspace <gen:0>
14:11:16.142 [Test worker] DEBUG o.h.l.p.b.spi.LoadPlanTreePrinter - LoadPlan(entity=org.project.neutrino.nfvo.catalogue.mano.record.VNFForwardingGraphRecord)
    - Returns
       - EntityReturnImpl(entity=org.project.neutrino.nfvo.catalogue.mano.record.VNFForwardingGraphRecord, querySpaceUid=<gen:0>, path=org.project.neutrino.nfvo.catalogue.mano.record.VNFForwardingGraphRecord)
          - CollectionAttributeFetchImpl(collection=org.project.neutrino.nfvo.catalogue.mano.record.VNFForwardingGraphRecord.connection_point, querySpaceUid=<gen:1>, path=org.project.neutrino.nfvo.catalogue.mano.record.VNFForwardingGraphRecord.connection_point)
             - (collection element) CollectionFetchableElementEntityGraph(entity=org.project.neutrino.nfvo.catalogue.mano.descriptor.VNFDConnectionPoint, querySpaceUid=<gen:2>, path=org.project.neutrino.nfvo.catalogue.mano.record.VNFForwardingGraphRecord.connection_point.<elements>)
          - CollectionAttributeFetchImpl(collection=org.project.neutrino.nfvo.catalogue.mano.record.VNFForwardingGraphRecord.dependent_virtual_link, querySpaceUid=<gen:3>, path=org.project.neutrino.nfvo.catalogue.mano.record.VNFForwardingGraphRecord.dependent_virtual_link)
             - (collection element) CollectionFetchableElementEntityGraph(entity=org.project.neutrino.nfvo.catalogue.mano.record.VirtualLinkRecord, querySpaceUid=<gen:4>, path=org.project.neutrino.nfvo.catalogue.mano.record.VNFForwardingGraphRecord.dependent_virtual_link.<elements>)
          - EntityAttributeFetchImpl(entity=org.project.neutrino.nfvo.catalogue.mano.descriptor.VNFForwardingGraph, querySpaceUid=<gen:5>, path=org.project.neutrino.nfvo.catalogue.mano.record.VNFForwardingGraphRecord.descriptor_reference)
          - CollectionAttributeFetchImpl(collection=org.project.neutrino.nfvo.catalogue.mano.record.VNFForwardingGraphRecord.lifecycle_event_history, querySpaceUid=<gen:6>, path=org.project.neutrino.nfvo.catalogue.mano.record.VNFForwardingGraphRecord.lifecycle_event_history)
             - (collection element) CollectionFetchableElementEntityGraph(entity=org.project.neutrino.nfvo.catalogue.mano.common.LifecycleEvent, querySpaceUid=<gen:7>, path=org.project.neutrino.nfvo.catalogue.mano.record.VNFForwardingGraphRecord.lifecycle_event_history.<elements>)
          - CollectionAttributeFetchImpl(collection=org.project.neutrino.nfvo.catalogue.mano.record.VNFForwardingGraphRecord.member_vnfs, querySpaceUid=<gen:8>, path=org.project.neutrino.nfvo.catalogue.mano.record.VNFForwardingGraphRecord.member_vnfs)
             - (collection element) CollectionFetchableElementEntityGraph(entity=org.project.neutrino.nfvo.catalogue.mano.record.VirtualNetworkFunctionRecord, querySpaceUid=<gen:9>, path=org.project.neutrino.nfvo.catalogue.mano.record.VNFForwardingGraphRecord.member_vnfs.<elements>)
          - EntityAttributeFetchImpl(entity=org.project.neutrino.nfvo.catalogue.mano.descriptor.NetworkForwardingPath, querySpaceUid=<gen:10>, path=org.project.neutrino.nfvo.catalogue.mano.record.VNFForwardingGraphRecord.network_forwarding_path)
          - EntityAttributeFetchImpl(entity=org.project.neutrino.nfvo.catalogue.mano.record.NetworkServiceRecord, querySpaceUid=<gen:11>, path=org.project.neutrino.nfvo.catalogue.mano.record.VNFForwardingGraphRecord.parent_ns)
    - QuerySpaces
       - EntityQuerySpaceImpl(uid=<gen:0>, entity=org.project.neutrino.nfvo.catalogue.mano.record.VNFForwardingGraphRecord)
          - SQL table alias mapping - vnfforward0_
          - alias suffix - 0_
          - suffixed key columns - {id1_92_0_}

14:11:16.142 [Test worker] DEBUG o.h.loader.entity.plan.EntityLoader - Static select for entity org.project.neutrino.nfvo.catalogue.mano.record.VNFForwardingGraphRecord [PESSIMISTIC_WRITE]: select vnfforward0_.id as id1_92_0_, vnfforward0_.audit_log as audit_lo2_92_0_, vnfforward0_.descriptor_reference_id as descrip10_92_0_, vnfforward0_.network_forwarding_path_id as network11_92_0_, vnfforward0_.number_of_endpoints as number_o3_92_0_, vnfforward0_.number_of_pnfs as number_o4_92_0_, vnfforward0_.number_of_virtual_links as number_o5_92_0_, vnfforward0_.number_of_vnfs as number_o6_92_0_, vnfforward0_.parent_ns_id as parent_12_92_0_, vnfforward0_.status as status7_92_0_, vnfforward0_.vendor as vendor8_92_0_, vnfforward0_.version as version9_92_0_ from vnfforwarding_graph_record vnfforward0_ where vnfforward0_.id=? for update
14:11:16.142 [Test worker] DEBUG o.h.l.p.b.i.spaces.QuerySpacesImpl - Adding QuerySpace : uid = <gen:0> -> org.hibernate.loader.plan.build.internal.spaces.EntityQuerySpaceImpl@3bdb4400]
14:11:16.142 [Test worker] DEBUG o.h.p.w.spi.MetamodelGraphWalker - Visiting attribute path : audit_log
14:11:16.142 [Test worker] DEBUG o.h.p.w.spi.MetamodelGraphWalker - Visiting attribute path : connection_point
14:11:16.142 [Test worker] DEBUG o.h.l.p.b.i.spaces.QuerySpacesImpl - Adding QuerySpace : uid = <gen:1> -> org.hibernate.loader.plan.build.internal.spaces.CollectionQuerySpaceImpl@66b29aa5]
14:11:16.142 [Test worker] DEBUG o.h.l.p.b.i.spaces.QuerySpacesImpl - Adding QuerySpace : uid = <gen:2> -> org.hibernate.loader.plan.build.internal.spaces.EntityQuerySpaceImpl@57c6fb4f]
14:11:16.143 [Test worker] DEBUG o.h.p.w.spi.MetamodelGraphWalker - Visiting attribute path : dependent_virtual_link
14:11:16.143 [Test worker] DEBUG o.h.l.p.b.i.spaces.QuerySpacesImpl - Adding QuerySpace : uid = <gen:3> -> org.hibernate.loader.plan.build.internal.spaces.CollectionQuerySpaceImpl@489d2c8e]
14:11:16.143 [Test worker] DEBUG o.h.l.p.b.i.spaces.QuerySpacesImpl - Adding QuerySpace : uid = <gen:4> -> org.hibernate.loader.plan.build.internal.spaces.EntityQuerySpaceImpl@46d843e0]
14:11:16.143 [Test worker] DEBUG o.h.p.w.spi.MetamodelGraphWalker - Visiting attribute path : descriptor_reference
14:11:16.143 [Test worker] DEBUG o.h.l.p.b.i.spaces.QuerySpacesImpl - Adding QuerySpace : uid = <gen:5> -> org.hibernate.loader.plan.build.internal.spaces.EntityQuerySpaceImpl@20504b76]
14:11:16.143 [Test worker] DEBUG o.h.p.w.spi.MetamodelGraphWalker - Visiting attribute path : lifecycle_event_history
14:11:16.143 [Test worker] DEBUG o.h.l.p.b.i.spaces.QuerySpacesImpl - Adding QuerySpace : uid = <gen:6> -> org.hibernate.loader.plan.build.internal.spaces.CollectionQuerySpaceImpl@778a408c]
14:11:16.143 [Test worker] DEBUG o.h.l.p.b.i.spaces.QuerySpacesImpl - Adding QuerySpace : uid = <gen:7> -> org.hibernate.loader.plan.build.internal.spaces.EntityQuerySpaceImpl@1593e4a4]
14:11:16.143 [Test worker] DEBUG o.h.p.w.spi.MetamodelGraphWalker - Visiting attribute path : member_vnfs
14:11:16.143 [Test worker] DEBUG o.h.l.p.b.i.spaces.QuerySpacesImpl - Adding QuerySpace : uid = <gen:8> -> org.hibernate.loader.plan.build.internal.spaces.CollectionQuerySpaceImpl@2087d60d]
14:11:16.143 [Test worker] DEBUG o.h.l.p.b.i.spaces.QuerySpacesImpl - Adding QuerySpace : uid = <gen:9> -> org.hibernate.loader.plan.build.internal.spaces.EntityQuerySpaceImpl@35f6002a]
14:11:16.143 [Test worker] DEBUG o.h.p.w.spi.MetamodelGraphWalker - Visiting attribute path : network_forwarding_path
14:11:16.143 [Test worker] DEBUG o.h.l.p.b.i.spaces.QuerySpacesImpl - Adding QuerySpace : uid = <gen:10> -> org.hibernate.loader.plan.build.internal.spaces.EntityQuerySpaceImpl@2984e113]
14:11:16.143 [Test worker] DEBUG o.h.p.w.spi.MetamodelGraphWalker - Visiting attribute path : notification
14:11:16.143 [Test worker] DEBUG o.h.p.w.spi.MetamodelGraphWalker - Visiting attribute path : number_of_endpoints
14:11:16.143 [Test worker] DEBUG o.h.p.w.spi.MetamodelGraphWalker - Visiting attribute path : number_of_pnfs
14:11:16.143 [Test worker] DEBUG o.h.p.w.spi.MetamodelGraphWalker - Visiting attribute path : number_of_virtual_links
14:11:16.143 [Test worker] DEBUG o.h.p.w.spi.MetamodelGraphWalker - Visiting attribute path : number_of_vnfs
14:11:16.143 [Test worker] DEBUG o.h.p.w.spi.MetamodelGraphWalker - Visiting attribute path : parent_ns
14:11:16.143 [Test worker] DEBUG o.h.l.p.b.i.spaces.QuerySpacesImpl - Adding QuerySpace : uid = <gen:11> -> org.hibernate.loader.plan.build.internal.spaces.EntityQuerySpaceImpl@52d4bbb0]
14:11:16.143 [Test worker] DEBUG o.h.p.w.spi.MetamodelGraphWalker - Visiting attribute path : status
14:11:16.143 [Test worker] DEBUG o.h.p.w.spi.MetamodelGraphWalker - Visiting attribute path : vendor
14:11:16.143 [Test worker] DEBUG o.h.p.w.spi.MetamodelGraphWalker - Visiting attribute path : version
14:11:16.143 [Test worker] DEBUG o.h.l.p.b.i.FetchStyleLoadPlanBuildingAssociationVisitationStrategy - Building LoadPlan...
14:11:16.144 [Test worker] DEBUG o.h.l.p.e.i.LoadQueryJoinAndFetchProcessor - processing queryspace <gen:0>
14:11:16.144 [Test worker] DEBUG o.h.l.p.b.spi.LoadPlanTreePrinter - LoadPlan(entity=org.project.neutrino.nfvo.catalogue.mano.record.VNFForwardingGraphRecord)
    - Returns
       - EntityReturnImpl(entity=org.project.neutrino.nfvo.catalogue.mano.record.VNFForwardingGraphRecord, querySpaceUid=<gen:0>, path=org.project.neutrino.nfvo.catalogue.mano.record.VNFForwardingGraphRecord)
          - CollectionAttributeFetchImpl(collection=org.project.neutrino.nfvo.catalogue.mano.record.VNFForwardingGraphRecord.connection_point, querySpaceUid=<gen:1>, path=org.project.neutrino.nfvo.catalogue.mano.record.VNFForwardingGraphRecord.connection_point)
             - (collection element) CollectionFetchableElementEntityGraph(entity=org.project.neutrino.nfvo.catalogue.mano.descriptor.VNFDConnectionPoint, querySpaceUid=<gen:2>, path=org.project.neutrino.nfvo.catalogue.mano.record.VNFForwardingGraphRecord.connection_point.<elements>)
          - CollectionAttributeFetchImpl(collection=org.project.neutrino.nfvo.catalogue.mano.record.VNFForwardingGraphRecord.dependent_virtual_link, querySpaceUid=<gen:3>, path=org.project.neutrino.nfvo.catalogue.mano.record.VNFForwardingGraphRecord.dependent_virtual_link)
             - (collection element) CollectionFetchableElementEntityGraph(entity=org.project.neutrino.nfvo.catalogue.mano.record.VirtualLinkRecord, querySpaceUid=<gen:4>, path=org.project.neutrino.nfvo.catalogue.mano.record.VNFForwardingGraphRecord.dependent_virtual_link.<elements>)
          - EntityAttributeFetchImpl(entity=org.project.neutrino.nfvo.catalogue.mano.descriptor.VNFForwardingGraph, querySpaceUid=<gen:5>, path=org.project.neutrino.nfvo.catalogue.mano.record.VNFForwardingGraphRecord.descriptor_reference)
          - CollectionAttributeFetchImpl(collection=org.project.neutrino.nfvo.catalogue.mano.record.VNFForwardingGraphRecord.lifecycle_event_history, querySpaceUid=<gen:6>, path=org.project.neutrino.nfvo.catalogue.mano.record.VNFForwardingGraphRecord.lifecycle_event_history)
             - (collection element) CollectionFetchableElementEntityGraph(entity=org.project.neutrino.nfvo.catalogue.mano.common.LifecycleEvent, querySpaceUid=<gen:7>, path=org.project.neutrino.nfvo.catalogue.mano.record.VNFForwardingGraphRecord.lifecycle_event_history.<elements>)
          - CollectionAttributeFetchImpl(collection=org.project.neutrino.nfvo.catalogue.mano.record.VNFForwardingGraphRecord.member_vnfs, querySpaceUid=<gen:8>, path=org.project.neutrino.nfvo.catalogue.mano.record.VNFForwardingGraphRecord.member_vnfs)
             - (collection element) CollectionFetchableElementEntityGraph(entity=org.project.neutrino.nfvo.catalogue.mano.record.VirtualNetworkFunctionRecord, querySpaceUid=<gen:9>, path=org.project.neutrino.nfvo.catalogue.mano.record.VNFForwardingGraphRecord.member_vnfs.<elements>)
          - EntityAttributeFetchImpl(entity=org.project.neutrino.nfvo.catalogue.mano.descriptor.NetworkForwardingPath, querySpaceUid=<gen:10>, path=org.project.neutrino.nfvo.catalogue.mano.record.VNFForwardingGraphRecord.network_forwarding_path)
          - EntityAttributeFetchImpl(entity=org.project.neutrino.nfvo.catalogue.mano.record.NetworkServiceRecord, querySpaceUid=<gen:11>, path=org.project.neutrino.nfvo.catalogue.mano.record.VNFForwardingGraphRecord.parent_ns)
    - QuerySpaces
       - EntityQuerySpaceImpl(uid=<gen:0>, entity=org.project.neutrino.nfvo.catalogue.mano.record.VNFForwardingGraphRecord)
          - SQL table alias mapping - vnfforward0_
          - alias suffix - 0_
          - suffixed key columns - {id1_92_0_}

14:11:16.144 [Test worker] DEBUG o.h.loader.entity.plan.EntityLoader - Static select for entity org.project.neutrino.nfvo.catalogue.mano.record.VNFForwardingGraphRecord [PESSIMISTIC_FORCE_INCREMENT]: select vnfforward0_.id as id1_92_0_, vnfforward0_.audit_log as audit_lo2_92_0_, vnfforward0_.descriptor_reference_id as descrip10_92_0_, vnfforward0_.network_forwarding_path_id as network11_92_0_, vnfforward0_.number_of_endpoints as number_o3_92_0_, vnfforward0_.number_of_pnfs as number_o4_92_0_, vnfforward0_.number_of_virtual_links as number_o5_92_0_, vnfforward0_.number_of_vnfs as number_o6_92_0_, vnfforward0_.parent_ns_id as parent_12_92_0_, vnfforward0_.status as status7_92_0_, vnfforward0_.vendor as vendor8_92_0_, vnfforward0_.version as version9_92_0_ from vnfforwarding_graph_record vnfforward0_ where vnfforward0_.id=? for update
14:11:16.145 [Test worker] DEBUG o.h.l.p.b.i.spaces.QuerySpacesImpl - Adding QuerySpace : uid = <gen:0> -> org.hibernate.loader.plan.build.internal.spaces.EntityQuerySpaceImpl@c6e4a4c]
14:11:16.145 [Test worker] DEBUG o.h.p.w.spi.MetamodelGraphWalker - Visiting attribute path : audit_log
14:11:16.145 [Test worker] DEBUG o.h.p.w.spi.MetamodelGraphWalker - Visiting attribute path : connection_point
14:11:16.145 [Test worker] DEBUG o.h.l.p.b.i.spaces.QuerySpacesImpl - Adding QuerySpace : uid = <gen:1> -> org.hibernate.loader.plan.build.internal.spaces.CollectionQuerySpaceImpl@dd3c0f3]
14:11:16.145 [Test worker] DEBUG o.h.l.p.b.i.spaces.QuerySpacesImpl - Adding QuerySpace : uid = <gen:2> -> org.hibernate.loader.plan.build.internal.spaces.EntityQuerySpaceImpl@4920989c]
14:11:16.145 [Test worker] DEBUG o.h.p.w.spi.MetamodelGraphWalker - Visiting attribute path : dependent_virtual_link
14:11:16.145 [Test worker] DEBUG o.h.l.p.b.i.spaces.QuerySpacesImpl - Adding QuerySpace : uid = <gen:3> -> org.hibernate.loader.plan.build.internal.spaces.CollectionQuerySpaceImpl@7b034f45]
14:11:16.145 [Test worker] DEBUG o.h.l.p.b.i.spaces.QuerySpacesImpl - Adding QuerySpace : uid = <gen:4> -> org.hibernate.loader.plan.build.internal.spaces.EntityQuerySpaceImpl@16497a1b]
14:11:16.145 [Test worker] DEBUG o.h.p.w.spi.MetamodelGraphWalker - Visiting attribute path : descriptor_reference
14:11:16.145 [Test worker] DEBUG o.h.l.p.b.i.spaces.QuerySpacesImpl - Adding QuerySpace : uid = <gen:5> -> org.hibernate.loader.plan.build.internal.spaces.EntityQuerySpaceImpl@31ef8e0b]
14:11:16.145 [Test worker] DEBUG o.h.p.w.spi.MetamodelGraphWalker - Visiting attribute path : lifecycle_event_history
14:11:16.145 [Test worker] DEBUG o.h.l.p.b.i.spaces.QuerySpacesImpl - Adding QuerySpace : uid = <gen:6> -> org.hibernate.loader.plan.build.internal.spaces.CollectionQuerySpaceImpl@66568dc9]
14:11:16.145 [Test worker] DEBUG o.h.l.p.b.i.spaces.QuerySpacesImpl - Adding QuerySpace : uid = <gen:7> -> org.hibernate.loader.plan.build.internal.spaces.EntityQuerySpaceImpl@3c76bb9c]
14:11:16.145 [Test worker] DEBUG o.h.p.w.spi.MetamodelGraphWalker - Visiting attribute path : member_vnfs
14:11:16.145 [Test worker] DEBUG o.h.l.p.b.i.spaces.QuerySpacesImpl - Adding QuerySpace : uid = <gen:8> -> org.hibernate.loader.plan.build.internal.spaces.CollectionQuerySpaceImpl@17171dc7]
14:11:16.145 [Test worker] DEBUG o.h.l.p.b.i.spaces.QuerySpacesImpl - Adding QuerySpace : uid = <gen:9> -> org.hibernate.loader.plan.build.internal.spaces.EntityQuerySpaceImpl@6ea3ffa8]
14:11:16.145 [Test worker] DEBUG o.h.p.w.spi.MetamodelGraphWalker - Visiting attribute path : network_forwarding_path
14:11:16.145 [Test worker] DEBUG o.h.l.p.b.i.spaces.QuerySpacesImpl - Adding QuerySpace : uid = <gen:10> -> org.hibernate.loader.plan.build.internal.spaces.EntityQuerySpaceImpl@50e5a757]
14:11:16.145 [Test worker] DEBUG o.h.p.w.spi.MetamodelGraphWalker - Visiting attribute path : notification
14:11:16.145 [Test worker] DEBUG o.h.p.w.spi.MetamodelGraphWalker - Visiting attribute path : number_of_endpoints
14:11:16.145 [Test worker] DEBUG o.h.p.w.spi.MetamodelGraphWalker - Visiting attribute path : number_of_pnfs
14:11:16.145 [Test worker] DEBUG o.h.p.w.spi.MetamodelGraphWalker - Visiting attribute path : number_of_virtual_links
14:11:16.145 [Test worker] DEBUG o.h.p.w.spi.MetamodelGraphWalker - Visiting attribute path : number_of_vnfs
14:11:16.145 [Test worker] DEBUG o.h.p.w.spi.MetamodelGraphWalker - Visiting attribute path : parent_ns
14:11:16.145 [Test worker] DEBUG o.h.l.p.b.i.spaces.QuerySpacesImpl - Adding QuerySpace : uid = <gen:11> -> org.hibernate.loader.plan.build.internal.spaces.EntityQuerySpaceImpl@154d6a3f]
14:11:16.145 [Test worker] DEBUG o.h.p.w.spi.MetamodelGraphWalker - Visiting attribute path : status
14:11:16.145 [Test worker] DEBUG o.h.p.w.spi.MetamodelGraphWalker - Visiting attribute path : vendor
14:11:16.145 [Test worker] DEBUG o.h.p.w.spi.MetamodelGraphWalker - Visiting attribute path : version
14:11:16.146 [Test worker] DEBUG o.h.l.p.b.i.FetchStyleLoadPlanBuildingAssociationVisitationStrategy - Building LoadPlan...
14:11:16.146 [Test worker] DEBUG o.h.l.p.e.i.LoadQueryJoinAndFetchProcessor - processing queryspace <gen:0>
14:11:16.146 [Test worker] DEBUG o.h.l.p.b.spi.LoadPlanTreePrinter - LoadPlan(entity=org.project.neutrino.nfvo.catalogue.mano.record.VNFForwardingGraphRecord)
    - Returns
       - EntityReturnImpl(entity=org.project.neutrino.nfvo.catalogue.mano.record.VNFForwardingGraphRecord, querySpaceUid=<gen:0>, path=org.project.neutrino.nfvo.catalogue.mano.record.VNFForwardingGraphRecord)
          - CollectionAttributeFetchImpl(collection=org.project.neutrino.nfvo.catalogue.mano.record.VNFForwardingGraphRecord.connection_point, querySpaceUid=<gen:1>, path=org.project.neutrino.nfvo.catalogue.mano.record.VNFForwardingGraphRecord.connection_point)
             - (collection element) CollectionFetchableElementEntityGraph(entity=org.project.neutrino.nfvo.catalogue.mano.descriptor.VNFDConnectionPoint, querySpaceUid=<gen:2>, path=org.project.neutrino.nfvo.catalogue.mano.record.VNFForwardingGraphRecord.connection_point.<elements>)
          - CollectionAttributeFetchImpl(collection=org.project.neutrino.nfvo.catalogue.mano.record.VNFForwardingGraphRecord.dependent_virtual_link, querySpaceUid=<gen:3>, path=org.project.neutrino.nfvo.catalogue.mano.record.VNFForwardingGraphRecord.dependent_virtual_link)
             - (collection element) CollectionFetchableElementEntityGraph(entity=org.project.neutrino.nfvo.catalogue.mano.record.VirtualLinkRecord, querySpaceUid=<gen:4>, path=org.project.neutrino.nfvo.catalogue.mano.record.VNFForwardingGraphRecord.dependent_virtual_link.<elements>)
          - EntityAttributeFetchImpl(entity=org.project.neutrino.nfvo.catalogue.mano.descriptor.VNFForwardingGraph, querySpaceUid=<gen:5>, path=org.project.neutrino.nfvo.catalogue.mano.record.VNFForwardingGraphRecord.descriptor_reference)
          - CollectionAttributeFetchImpl(collection=org.project.neutrino.nfvo.catalogue.mano.record.VNFForwardingGraphRecord.lifecycle_event_history, querySpaceUid=<gen:6>, path=org.project.neutrino.nfvo.catalogue.mano.record.VNFForwardingGraphRecord.lifecycle_event_history)
             - (collection element) CollectionFetchableElementEntityGraph(entity=org.project.neutrino.nfvo.catalogue.mano.common.LifecycleEvent, querySpaceUid=<gen:7>, path=org.project.neutrino.nfvo.catalogue.mano.record.VNFForwardingGraphRecord.lifecycle_event_history.<elements>)
          - CollectionAttributeFetchImpl(collection=org.project.neutrino.nfvo.catalogue.mano.record.VNFForwardingGraphRecord.member_vnfs, querySpaceUid=<gen:8>, path=org.project.neutrino.nfvo.catalogue.mano.record.VNFForwardingGraphRecord.member_vnfs)
             - (collection element) CollectionFetchableElementEntityGraph(entity=org.project.neutrino.nfvo.catalogue.mano.record.VirtualNetworkFunctionRecord, querySpaceUid=<gen:9>, path=org.project.neutrino.nfvo.catalogue.mano.record.VNFForwardingGraphRecord.member_vnfs.<elements>)
          - EntityAttributeFetchImpl(entity=org.project.neutrino.nfvo.catalogue.mano.descriptor.NetworkForwardingPath, querySpaceUid=<gen:10>, path=org.project.neutrino.nfvo.catalogue.mano.record.VNFForwardingGraphRecord.network_forwarding_path)
          - EntityAttributeFetchImpl(entity=org.project.neutrino.nfvo.catalogue.mano.record.NetworkServiceRecord, querySpaceUid=<gen:11>, path=org.project.neutrino.nfvo.catalogue.mano.record.VNFForwardingGraphRecord.parent_ns)
    - QuerySpaces
       - EntityQuerySpaceImpl(uid=<gen:0>, entity=org.project.neutrino.nfvo.catalogue.mano.record.VNFForwardingGraphRecord)
          - SQL table alias mapping - vnfforward0_
          - alias suffix - 0_
          - suffixed key columns - {id1_92_0_}

14:11:16.146 [Test worker] DEBUG o.h.loader.entity.plan.EntityLoader - Static select for entity org.project.neutrino.nfvo.catalogue.mano.record.VNFForwardingGraphRecord [OPTIMISTIC]: select vnfforward0_.id as id1_92_0_, vnfforward0_.audit_log as audit_lo2_92_0_, vnfforward0_.descriptor_reference_id as descrip10_92_0_, vnfforward0_.network_forwarding_path_id as network11_92_0_, vnfforward0_.number_of_endpoints as number_o3_92_0_, vnfforward0_.number_of_pnfs as number_o4_92_0_, vnfforward0_.number_of_virtual_links as number_o5_92_0_, vnfforward0_.number_of_vnfs as number_o6_92_0_, vnfforward0_.parent_ns_id as parent_12_92_0_, vnfforward0_.status as status7_92_0_, vnfforward0_.vendor as vendor8_92_0_, vnfforward0_.version as version9_92_0_ from vnfforwarding_graph_record vnfforward0_ where vnfforward0_.id=?
14:11:16.147 [Test worker] DEBUG o.h.l.p.b.i.spaces.QuerySpacesImpl - Adding QuerySpace : uid = <gen:0> -> org.hibernate.loader.plan.build.internal.spaces.EntityQuerySpaceImpl@d7a5906]
14:11:16.147 [Test worker] DEBUG o.h.p.w.spi.MetamodelGraphWalker - Visiting attribute path : audit_log
14:11:16.147 [Test worker] DEBUG o.h.p.w.spi.MetamodelGraphWalker - Visiting attribute path : connection_point
14:11:16.147 [Test worker] DEBUG o.h.l.p.b.i.spaces.QuerySpacesImpl - Adding QuerySpace : uid = <gen:1> -> org.hibernate.loader.plan.build.internal.spaces.CollectionQuerySpaceImpl@35230488]
14:11:16.147 [Test worker] DEBUG o.h.l.p.b.i.spaces.QuerySpacesImpl - Adding QuerySpace : uid = <gen:2> -> org.hibernate.loader.plan.build.internal.spaces.EntityQuerySpaceImpl@dfe97f9]
14:11:16.147 [Test worker] DEBUG o.h.p.w.spi.MetamodelGraphWalker - Visiting attribute path : dependent_virtual_link
14:11:16.147 [Test worker] DEBUG o.h.l.p.b.i.spaces.QuerySpacesImpl - Adding QuerySpace : uid = <gen:3> -> org.hibernate.loader.plan.build.internal.spaces.CollectionQuerySpaceImpl@45ab639c]
14:11:16.147 [Test worker] DEBUG o.h.l.p.b.i.spaces.QuerySpacesImpl - Adding QuerySpace : uid = <gen:4> -> org.hibernate.loader.plan.build.internal.spaces.EntityQuerySpaceImpl@7718ba7f]
14:11:16.147 [Test worker] DEBUG o.h.p.w.spi.MetamodelGraphWalker - Visiting attribute path : descriptor_reference
14:11:16.147 [Test worker] DEBUG o.h.l.p.b.i.spaces.QuerySpacesImpl - Adding QuerySpace : uid = <gen:5> -> org.hibernate.loader.plan.build.internal.spaces.EntityQuerySpaceImpl@787c24ee]
14:11:16.147 [Test worker] DEBUG o.h.p.w.spi.MetamodelGraphWalker - Visiting attribute path : lifecycle_event_history
14:11:16.147 [Test worker] DEBUG o.h.l.p.b.i.spaces.QuerySpacesImpl - Adding QuerySpace : uid = <gen:6> -> org.hibernate.loader.plan.build.internal.spaces.CollectionQuerySpaceImpl@1e5cc30e]
14:11:16.147 [Test worker] DEBUG o.h.l.p.b.i.spaces.QuerySpacesImpl - Adding QuerySpace : uid = <gen:7> -> org.hibernate.loader.plan.build.internal.spaces.EntityQuerySpaceImpl@5c09dbb4]
14:11:16.147 [Test worker] DEBUG o.h.p.w.spi.MetamodelGraphWalker - Visiting attribute path : member_vnfs
14:11:16.147 [Test worker] DEBUG o.h.l.p.b.i.spaces.QuerySpacesImpl - Adding QuerySpace : uid = <gen:8> -> org.hibernate.loader.plan.build.internal.spaces.CollectionQuerySpaceImpl@b3735a1]
14:11:16.147 [Test worker] DEBUG o.h.l.p.b.i.spaces.QuerySpacesImpl - Adding QuerySpace : uid = <gen:9> -> org.hibernate.loader.plan.build.internal.spaces.EntityQuerySpaceImpl@55a1e2c7]
14:11:16.147 [Test worker] DEBUG o.h.p.w.spi.MetamodelGraphWalker - Visiting attribute path : network_forwarding_path
14:11:16.147 [Test worker] DEBUG o.h.l.p.b.i.spaces.QuerySpacesImpl - Adding QuerySpace : uid = <gen:10> -> org.hibernate.loader.plan.build.internal.spaces.EntityQuerySpaceImpl@772fa2bc]
14:11:16.147 [Test worker] DEBUG o.h.p.w.spi.MetamodelGraphWalker - Visiting attribute path : notification
14:11:16.147 [Test worker] DEBUG o.h.p.w.spi.MetamodelGraphWalker - Visiting attribute path : number_of_endpoints
14:11:16.147 [Test worker] DEBUG o.h.p.w.spi.MetamodelGraphWalker - Visiting attribute path : number_of_pnfs
14:11:16.147 [Test worker] DEBUG o.h.p.w.spi.MetamodelGraphWalker - Visiting attribute path : number_of_virtual_links
14:11:16.147 [Test worker] DEBUG o.h.p.w.spi.MetamodelGraphWalker - Visiting attribute path : number_of_vnfs
14:11:16.147 [Test worker] DEBUG o.h.p.w.spi.MetamodelGraphWalker - Visiting attribute path : parent_ns
14:11:16.147 [Test worker] DEBUG o.h.l.p.b.i.spaces.QuerySpacesImpl - Adding QuerySpace : uid = <gen:11> -> org.hibernate.loader.plan.build.internal.spaces.EntityQuerySpaceImpl@586521c5]
14:11:16.148 [Test worker] DEBUG o.h.p.w.spi.MetamodelGraphWalker - Visiting attribute path : status
14:11:16.148 [Test worker] DEBUG o.h.p.w.spi.MetamodelGraphWalker - Visiting attribute path : vendor
14:11:16.148 [Test worker] DEBUG o.h.p.w.spi.MetamodelGraphWalker - Visiting attribute path : version
14:11:16.148 [Test worker] DEBUG o.h.l.p.b.i.FetchStyleLoadPlanBuildingAssociationVisitationStrategy - Building LoadPlan...
14:11:16.148 [Test worker] DEBUG o.h.l.p.e.i.LoadQueryJoinAndFetchProcessor - processing queryspace <gen:0>
14:11:16.148 [Test worker] DEBUG o.h.l.p.b.spi.LoadPlanTreePrinter - LoadPlan(entity=org.project.neutrino.nfvo.catalogue.mano.record.VNFForwardingGraphRecord)
    - Returns
       - EntityReturnImpl(entity=org.project.neutrino.nfvo.catalogue.mano.record.VNFForwardingGraphRecord, querySpaceUid=<gen:0>, path=org.project.neutrino.nfvo.catalogue.mano.record.VNFForwardingGraphRecord)
          - CollectionAttributeFetchImpl(collection=org.project.neutrino.nfvo.catalogue.mano.record.VNFForwardingGraphRecord.connection_point, querySpaceUid=<gen:1>, path=org.project.neutrino.nfvo.catalogue.mano.record.VNFForwardingGraphRecord.connection_point)
             - (collection element) CollectionFetchableElementEntityGraph(entity=org.project.neutrino.nfvo.catalogue.mano.descriptor.VNFDConnectionPoint, querySpaceUid=<gen:2>, path=org.project.neutrino.nfvo.catalogue.mano.record.VNFForwardingGraphRecord.connection_point.<elements>)
          - CollectionAttributeFetchImpl(collection=org.project.neutrino.nfvo.catalogue.mano.record.VNFForwardingGraphRecord.dependent_virtual_link, querySpaceUid=<gen:3>, path=org.project.neutrino.nfvo.catalogue.mano.record.VNFForwardingGraphRecord.dependent_virtual_link)
             - (collection element) CollectionFetchableElementEntityGraph(entity=org.project.neutrino.nfvo.catalogue.mano.record.VirtualLinkRecord, querySpaceUid=<gen:4>, path=org.project.neutrino.nfvo.catalogue.mano.record.VNFForwardingGraphRecord.dependent_virtual_link.<elements>)
          - EntityAttributeFetchImpl(entity=org.project.neutrino.nfvo.catalogue.mano.descriptor.VNFForwardingGraph, querySpaceUid=<gen:5>, path=org.project.neutrino.nfvo.catalogue.mano.record.VNFForwardingGraphRecord.descriptor_reference)
          - CollectionAttributeFetchImpl(collection=org.project.neutrino.nfvo.catalogue.mano.record.VNFForwardingGraphRecord.lifecycle_event_history, querySpaceUid=<gen:6>, path=org.project.neutrino.nfvo.catalogue.mano.record.VNFForwardingGraphRecord.lifecycle_event_history)
             - (collection element) CollectionFetchableElementEntityGraph(entity=org.project.neutrino.nfvo.catalogue.mano.common.LifecycleEvent, querySpaceUid=<gen:7>, path=org.project.neutrino.nfvo.catalogue.mano.record.VNFForwardingGraphRecord.lifecycle_event_history.<elements>)
          - CollectionAttributeFetchImpl(collection=org.project.neutrino.nfvo.catalogue.mano.record.VNFForwardingGraphRecord.member_vnfs, querySpaceUid=<gen:8>, path=org.project.neutrino.nfvo.catalogue.mano.record.VNFForwardingGraphRecord.member_vnfs)
             - (collection element) CollectionFetchableElementEntityGraph(entity=org.project.neutrino.nfvo.catalogue.mano.record.VirtualNetworkFunctionRecord, querySpaceUid=<gen:9>, path=org.project.neutrino.nfvo.catalogue.mano.record.VNFForwardingGraphRecord.member_vnfs.<elements>)
          - EntityAttributeFetchImpl(entity=org.project.neutrino.nfvo.catalogue.mano.descriptor.NetworkForwardingPath, querySpaceUid=<gen:10>, path=org.project.neutrino.nfvo.catalogue.mano.record.VNFForwardingGraphRecord.network_forwarding_path)
          - EntityAttributeFetchImpl(entity=org.project.neutrino.nfvo.catalogue.mano.record.NetworkServiceRecord, querySpaceUid=<gen:11>, path=org.project.neutrino.nfvo.catalogue.mano.record.VNFForwardingGraphRecord.parent_ns)
    - QuerySpaces
       - EntityQuerySpaceImpl(uid=<gen:0>, entity=org.project.neutrino.nfvo.catalogue.mano.record.VNFForwardingGraphRecord)
          - SQL table alias mapping - vnfforward0_
          - alias suffix - 0_
          - suffixed key columns - {id1_92_0_}

14:11:16.148 [Test worker] DEBUG o.h.loader.entity.plan.EntityLoader - Static select for entity org.project.neutrino.nfvo.catalogue.mano.record.VNFForwardingGraphRecord [OPTIMISTIC_FORCE_INCREMENT]: select vnfforward0_.id as id1_92_0_, vnfforward0_.audit_log as audit_lo2_92_0_, vnfforward0_.descriptor_reference_id as descrip10_92_0_, vnfforward0_.network_forwarding_path_id as network11_92_0_, vnfforward0_.number_of_endpoints as number_o3_92_0_, vnfforward0_.number_of_pnfs as number_o4_92_0_, vnfforward0_.number_of_virtual_links as number_o5_92_0_, vnfforward0_.number_of_vnfs as number_o6_92_0_, vnfforward0_.parent_ns_id as parent_12_92_0_, vnfforward0_.status as status7_92_0_, vnfforward0_.vendor as vendor8_92_0_, vnfforward0_.version as version9_92_0_ from vnfforwarding_graph_record vnfforward0_ where vnfforward0_.id=?
14:11:16.150 [Test worker] DEBUG org.hibernate.loader.Loader - Static select for action ACTION_MERGE on entity org.project.neutrino.nfvo.catalogue.mano.record.VNFForwardingGraphRecord: select vnfforward0_.id as id1_92_10_, vnfforward0_.audit_log as audit_lo2_92_10_, vnfforward0_.descriptor_reference_id as descrip10_92_10_, vnfforward0_.network_forwarding_path_id as network11_92_10_, vnfforward0_.number_of_endpoints as number_o3_92_10_, vnfforward0_.number_of_pnfs as number_o4_92_10_, vnfforward0_.number_of_virtual_links as number_o5_92_10_, vnfforward0_.number_of_vnfs as number_o6_92_10_, vnfforward0_.parent_ns_id as parent_12_92_10_, vnfforward0_.status as status7_92_10_, vnfforward0_.vendor as vendor8_92_10_, vnfforward0_.version as version9_92_10_, connection1_.vnfforwarding_graph_record_id as vnfforwa1_92_12_, vnfdconnec2_.id as connecti2_93_12_, vnfdconnec2_.id as id1_4_0_, vnfdconnec2_.type as type2_4_0_, vnfdconnec2_.version as version3_4_0_, vnfdconnec2_.virtual_link_reference as virtual_1_82_0_, vnfforward3_.id as id1_87_1_, vnfforward3_.descriptor_version as descript2_87_1_, vnfforward3_.hb_version as hb_versi3_87_1_, vnfforward3_.number_of_endpoints as number_o4_87_1_, vnfforward3_.number_of_virtual_links as number_o5_87_1_, vnfforward3_.vendor as vendor6_87_1_, vnfforward3_.version as version7_87_1_, vnfforward3_.vnffgd_security_id as vnffgd_s8_87_1_, security4_.id as id1_43_2_, security4_.version as version2_43_2_, networkfor5_.id as id1_12_3_, networkfor5_.policy_id as policy_i3_12_3_, networkfor5_.version as version2_12_3_, policy6_.id as id1_42_4_, policy6_.version as version2_42_4_, networkser7_.id as id1_18_5_, networkser7_.audit_log as audit_lo2_18_5_, networkser7_.descriptor_reference_Id as descript9_18_5_, networkser7_.lifecycle_event_id as lifecyc10_18_5_, networkser7_.notification as notifica3_18_5_, networkser7_.resource_reservation as resource4_18_5_, networkser7_.runtime_policy_info as runtime_5_18_5_, networkser7_.service_deployment_flavour_id as service11_18_5_, networkser7_.status as status6_18_5_, networkser7_.vendor as vendor7_18_5_, networkser7_.version as version8_18_5_, networkser7_.vnfr_id as vnfr_id12_18_5_, nfventityd8_.id as id1_27_6_, nfventityd8_.hb_version as hb_versi2_27_6_, nfventityd8_.vendor as vendor3_27_6_, nfventityd8_.version as version4_27_6_, nfventityd8_.descriptor_version as descript1_62_6_, nfventityd8_.manifest_file as manifest2_62_6_, nfventityd8_.nsd_security_id as nsd_secu1_14_6_, nfventityd8_.clazz_ as clazz_6_, lifecyclee9_.id as id1_10_7_, lifecyclee9_.version as version2_10_7_, servicedep10_.id as id1_7_8_, servicedep10_.flavour_key as flavour_2_7_8_, servicedep10_.version as version3_7_8_, virtualnet11_.id as id1_68_9_, virtualnet11_.audit_log as audit_lo2_68_9_, virtualnet11_.deployment_flavour_id as deployme9_68_9_, virtualnet11_.descriptor_reference as descript3_68_9_, virtualnet11_.lifecycle_event_id as lifecyc10_68_9_, virtualnet11_.localization as localiza4_68_9_, virtualnet11_.parent_ns_id as parent_11_68_9_, virtualnet11_.status as status5_68_9_, virtualnet11_.vendor as vendor6_68_9_, virtualnet11_.version as version7_68_9_, virtualnet11_.vnfm_id as vnfm_id8_68_9_ from vnfforwarding_graph_record vnfforward0_ left outer join vnfforwarding_graph_record_connection_point connection1_ on vnfforward0_.id=connection1_.vnfforwarding_graph_record_id left outer join vnfdconnection_point vnfdconnec2_ on connection1_.connection_point_id=vnfdconnec2_.id left outer join vnfforwarding_graph vnfforward3_ on vnfforward0_.descriptor_reference_id=vnfforward3_.id left outer join security security4_ on vnfforward3_.vnffgd_security_id=security4_.id left outer join network_forwarding_path networkfor5_ on vnfforward0_.network_forwarding_path_id=networkfor5_.id left outer join policy policy6_ on networkfor5_.policy_id=policy6_.id left outer join network_service_record networkser7_ on vnfforward0_.parent_ns_id=networkser7_.id left outer join ( select id, hb_version, vendor, version, descriptor_version, manifest_file, null as nsd_security_id, 1 as clazz_ from virtual_network_function_descriptor union select id, hb_version, vendor, version, null as descriptor_version, null as manifest_file, nsd_security_id, 2 as clazz_ from network_service_descriptor ) nfventityd8_ on networkser7_.descriptor_reference_Id=nfventityd8_.id left outer join lifecycle_event lifecyclee9_ on networkser7_.lifecycle_event_id=lifecyclee9_.id left outer join service_deployment_flavour servicedep10_ on networkser7_.service_deployment_flavour_id=servicedep10_.id left outer join virtual_network_function_record virtualnet11_ on networkser7_.vnfr_id=virtualnet11_.id where vnfforward0_.id=?
14:11:16.151 [Test worker] DEBUG org.hibernate.loader.Loader - Static select for action ACTION_REFRESH on entity org.project.neutrino.nfvo.catalogue.mano.record.VNFForwardingGraphRecord: select vnfforward0_.id as id1_92_10_, vnfforward0_.audit_log as audit_lo2_92_10_, vnfforward0_.descriptor_reference_id as descrip10_92_10_, vnfforward0_.network_forwarding_path_id as network11_92_10_, vnfforward0_.number_of_endpoints as number_o3_92_10_, vnfforward0_.number_of_pnfs as number_o4_92_10_, vnfforward0_.number_of_virtual_links as number_o5_92_10_, vnfforward0_.number_of_vnfs as number_o6_92_10_, vnfforward0_.parent_ns_id as parent_12_92_10_, vnfforward0_.status as status7_92_10_, vnfforward0_.vendor as vendor8_92_10_, vnfforward0_.version as version9_92_10_, connection1_.vnfforwarding_graph_record_id as vnfforwa1_92_12_, vnfdconnec2_.id as connecti2_93_12_, vnfdconnec2_.id as id1_4_0_, vnfdconnec2_.type as type2_4_0_, vnfdconnec2_.version as version3_4_0_, vnfdconnec2_.virtual_link_reference as virtual_1_82_0_, vnfforward3_.id as id1_87_1_, vnfforward3_.descriptor_version as descript2_87_1_, vnfforward3_.hb_version as hb_versi3_87_1_, vnfforward3_.number_of_endpoints as number_o4_87_1_, vnfforward3_.number_of_virtual_links as number_o5_87_1_, vnfforward3_.vendor as vendor6_87_1_, vnfforward3_.version as version7_87_1_, vnfforward3_.vnffgd_security_id as vnffgd_s8_87_1_, security4_.id as id1_43_2_, security4_.version as version2_43_2_, networkfor5_.id as id1_12_3_, networkfor5_.policy_id as policy_i3_12_3_, networkfor5_.version as version2_12_3_, policy6_.id as id1_42_4_, policy6_.version as version2_42_4_, networkser7_.id as id1_18_5_, networkser7_.audit_log as audit_lo2_18_5_, networkser7_.descriptor_reference_Id as descript9_18_5_, networkser7_.lifecycle_event_id as lifecyc10_18_5_, networkser7_.notification as notifica3_18_5_, networkser7_.resource_reservation as resource4_18_5_, networkser7_.runtime_policy_info as runtime_5_18_5_, networkser7_.service_deployment_flavour_id as service11_18_5_, networkser7_.status as status6_18_5_, networkser7_.vendor as vendor7_18_5_, networkser7_.version as version8_18_5_, networkser7_.vnfr_id as vnfr_id12_18_5_, nfventityd8_.id as id1_27_6_, nfventityd8_.hb_version as hb_versi2_27_6_, nfventityd8_.vendor as vendor3_27_6_, nfventityd8_.version as version4_27_6_, nfventityd8_.descriptor_version as descript1_62_6_, nfventityd8_.manifest_file as manifest2_62_6_, nfventityd8_.nsd_security_id as nsd_secu1_14_6_, nfventityd8_.clazz_ as clazz_6_, lifecyclee9_.id as id1_10_7_, lifecyclee9_.version as version2_10_7_, servicedep10_.id as id1_7_8_, servicedep10_.flavour_key as flavour_2_7_8_, servicedep10_.version as version3_7_8_, virtualnet11_.id as id1_68_9_, virtualnet11_.audit_log as audit_lo2_68_9_, virtualnet11_.deployment_flavour_id as deployme9_68_9_, virtualnet11_.descriptor_reference as descript3_68_9_, virtualnet11_.lifecycle_event_id as lifecyc10_68_9_, virtualnet11_.localization as localiza4_68_9_, virtualnet11_.parent_ns_id as parent_11_68_9_, virtualnet11_.status as status5_68_9_, virtualnet11_.vendor as vendor6_68_9_, virtualnet11_.version as version7_68_9_, virtualnet11_.vnfm_id as vnfm_id8_68_9_ from vnfforwarding_graph_record vnfforward0_ left outer join vnfforwarding_graph_record_connection_point connection1_ on vnfforward0_.id=connection1_.vnfforwarding_graph_record_id left outer join vnfdconnection_point vnfdconnec2_ on connection1_.connection_point_id=vnfdconnec2_.id left outer join vnfforwarding_graph vnfforward3_ on vnfforward0_.descriptor_reference_id=vnfforward3_.id left outer join security security4_ on vnfforward3_.vnffgd_security_id=security4_.id left outer join network_forwarding_path networkfor5_ on vnfforward0_.network_forwarding_path_id=networkfor5_.id left outer join policy policy6_ on networkfor5_.policy_id=policy6_.id left outer join network_service_record networkser7_ on vnfforward0_.parent_ns_id=networkser7_.id left outer join ( select id, hb_version, vendor, version, descriptor_version, manifest_file, null as nsd_security_id, 1 as clazz_ from virtual_network_function_descriptor union select id, hb_version, vendor, version, null as descriptor_version, null as manifest_file, nsd_security_id, 2 as clazz_ from network_service_descriptor ) nfventityd8_ on networkser7_.descriptor_reference_Id=nfventityd8_.id left outer join lifecycle_event lifecyclee9_ on networkser7_.lifecycle_event_id=lifecyclee9_.id left outer join service_deployment_flavour servicedep10_ on networkser7_.service_deployment_flavour_id=servicedep10_.id left outer join virtual_network_function_record virtualnet11_ on networkser7_.vnfr_id=virtualnet11_.id where vnfforward0_.id=?
14:11:16.151 [Test worker] DEBUG o.h.p.entity.AbstractEntityPersister - Static SQL for entity: org.project.neutrino.nfvo.catalogue.mano.common.Security
14:11:16.151 [Test worker] DEBUG o.h.p.entity.AbstractEntityPersister -  Version select: select version from security where id =?
14:11:16.151 [Test worker] DEBUG o.h.p.entity.AbstractEntityPersister -  Snapshot select: select security_.id, security_.version as version2_43_ from security security_ where security_.id=?
14:11:16.151 [Test worker] DEBUG o.h.p.entity.AbstractEntityPersister -  Insert 0: insert into security (version, id) values (?, ?)
14:11:16.151 [Test worker] DEBUG o.h.p.entity.AbstractEntityPersister -  Update 0: update security set version=? where id=? and version=?
14:11:16.151 [Test worker] DEBUG o.h.p.entity.AbstractEntityPersister -  Delete 0: delete from security where id=? and version=?
14:11:16.152 [Test worker] DEBUG o.h.l.p.b.i.spaces.QuerySpacesImpl - Adding QuerySpace : uid = <gen:0> -> org.hibernate.loader.plan.build.internal.spaces.EntityQuerySpaceImpl@578c39d9]
14:11:16.152 [Test worker] DEBUG o.h.p.w.spi.MetamodelGraphWalker - Visiting attribute path : version
14:11:16.152 [Test worker] DEBUG o.h.l.p.b.i.FetchStyleLoadPlanBuildingAssociationVisitationStrategy - Building LoadPlan...
14:11:16.152 [Test worker] DEBUG o.h.l.p.e.i.LoadQueryJoinAndFetchProcessor - processing queryspace <gen:0>
14:11:16.152 [Test worker] DEBUG o.h.l.p.b.spi.LoadPlanTreePrinter - LoadPlan(entity=org.project.neutrino.nfvo.catalogue.mano.common.Security)
    - Returns
       - EntityReturnImpl(entity=org.project.neutrino.nfvo.catalogue.mano.common.Security, querySpaceUid=<gen:0>, path=org.project.neutrino.nfvo.catalogue.mano.common.Security)
    - QuerySpaces
       - EntityQuerySpaceImpl(uid=<gen:0>, entity=org.project.neutrino.nfvo.catalogue.mano.common.Security)
          - SQL table alias mapping - security0_
          - alias suffix - 0_
          - suffixed key columns - {id1_43_0_}

14:11:16.152 [Test worker] DEBUG o.h.loader.entity.plan.EntityLoader - Static select for entity org.project.neutrino.nfvo.catalogue.mano.common.Security [NONE]: select security0_.id as id1_43_0_, security0_.version as version2_43_0_ from security security0_ where security0_.id=?
14:11:16.152 [Test worker] DEBUG o.h.l.p.b.i.spaces.QuerySpacesImpl - Adding QuerySpace : uid = <gen:0> -> org.hibernate.loader.plan.build.internal.spaces.EntityQuerySpaceImpl@2707ad45]
14:11:16.152 [Test worker] DEBUG o.h.p.w.spi.MetamodelGraphWalker - Visiting attribute path : version
14:11:16.152 [Test worker] DEBUG o.h.l.p.b.i.FetchStyleLoadPlanBuildingAssociationVisitationStrategy - Building LoadPlan...
14:11:16.152 [Test worker] DEBUG o.h.l.p.e.i.LoadQueryJoinAndFetchProcessor - processing queryspace <gen:0>
14:11:16.152 [Test worker] DEBUG o.h.l.p.b.spi.LoadPlanTreePrinter - LoadPlan(entity=org.project.neutrino.nfvo.catalogue.mano.common.Security)
    - Returns
       - EntityReturnImpl(entity=org.project.neutrino.nfvo.catalogue.mano.common.Security, querySpaceUid=<gen:0>, path=org.project.neutrino.nfvo.catalogue.mano.common.Security)
    - QuerySpaces
       - EntityQuerySpaceImpl(uid=<gen:0>, entity=org.project.neutrino.nfvo.catalogue.mano.common.Security)
          - SQL table alias mapping - security0_
          - alias suffix - 0_
          - suffixed key columns - {id1_43_0_}

14:11:16.152 [Test worker] DEBUG o.h.loader.entity.plan.EntityLoader - Static select for entity org.project.neutrino.nfvo.catalogue.mano.common.Security [READ]: select security0_.id as id1_43_0_, security0_.version as version2_43_0_ from security security0_ where security0_.id=?
14:11:16.153 [Test worker] DEBUG o.h.l.p.b.i.spaces.QuerySpacesImpl - Adding QuerySpace : uid = <gen:0> -> org.hibernate.loader.plan.build.internal.spaces.EntityQuerySpaceImpl@284c086c]
14:11:16.153 [Test worker] DEBUG o.h.p.w.spi.MetamodelGraphWalker - Visiting attribute path : version
14:11:16.153 [Test worker] DEBUG o.h.l.p.b.i.FetchStyleLoadPlanBuildingAssociationVisitationStrategy - Building LoadPlan...
14:11:16.153 [Test worker] DEBUG o.h.l.p.e.i.LoadQueryJoinAndFetchProcessor - processing queryspace <gen:0>
14:11:16.153 [Test worker] DEBUG o.h.l.p.b.spi.LoadPlanTreePrinter - LoadPlan(entity=org.project.neutrino.nfvo.catalogue.mano.common.Security)
    - Returns
       - EntityReturnImpl(entity=org.project.neutrino.nfvo.catalogue.mano.common.Security, querySpaceUid=<gen:0>, path=org.project.neutrino.nfvo.catalogue.mano.common.Security)
    - QuerySpaces
       - EntityQuerySpaceImpl(uid=<gen:0>, entity=org.project.neutrino.nfvo.catalogue.mano.common.Security)
          - SQL table alias mapping - security0_
          - alias suffix - 0_
          - suffixed key columns - {id1_43_0_}

14:11:16.153 [Test worker] DEBUG o.h.loader.entity.plan.EntityLoader - Static select for entity org.project.neutrino.nfvo.catalogue.mano.common.Security [UPGRADE]: select security0_.id as id1_43_0_, security0_.version as version2_43_0_ from security security0_ where security0_.id=? for update
14:11:16.153 [Test worker] DEBUG o.h.l.p.b.i.spaces.QuerySpacesImpl - Adding QuerySpace : uid = <gen:0> -> org.hibernate.loader.plan.build.internal.spaces.EntityQuerySpaceImpl@79115865]
14:11:16.153 [Test worker] DEBUG o.h.p.w.spi.MetamodelGraphWalker - Visiting attribute path : version
14:11:16.153 [Test worker] DEBUG o.h.l.p.b.i.FetchStyleLoadPlanBuildingAssociationVisitationStrategy - Building LoadPlan...
14:11:16.153 [Test worker] DEBUG o.h.l.p.e.i.LoadQueryJoinAndFetchProcessor - processing queryspace <gen:0>
14:11:16.153 [Test worker] DEBUG o.h.l.p.b.spi.LoadPlanTreePrinter - LoadPlan(entity=org.project.neutrino.nfvo.catalogue.mano.common.Security)
    - Returns
       - EntityReturnImpl(entity=org.project.neutrino.nfvo.catalogue.mano.common.Security, querySpaceUid=<gen:0>, path=org.project.neutrino.nfvo.catalogue.mano.common.Security)
    - QuerySpaces
       - EntityQuerySpaceImpl(uid=<gen:0>, entity=org.project.neutrino.nfvo.catalogue.mano.common.Security)
          - SQL table alias mapping - security0_
          - alias suffix - 0_
          - suffixed key columns - {id1_43_0_}

14:11:16.153 [Test worker] DEBUG o.h.loader.entity.plan.EntityLoader - Static select for entity org.project.neutrino.nfvo.catalogue.mano.common.Security [UPGRADE_NOWAIT]: select security0_.id as id1_43_0_, security0_.version as version2_43_0_ from security security0_ where security0_.id=? for update
14:11:16.153 [Test worker] DEBUG o.h.l.p.b.i.spaces.QuerySpacesImpl - Adding QuerySpace : uid = <gen:0> -> org.hibernate.loader.plan.build.internal.spaces.EntityQuerySpaceImpl@2bb5e4e1]
14:11:16.153 [Test worker] DEBUG o.h.p.w.spi.MetamodelGraphWalker - Visiting attribute path : version
14:11:16.153 [Test worker] DEBUG o.h.l.p.b.i.FetchStyleLoadPlanBuildingAssociationVisitationStrategy - Building LoadPlan...
14:11:16.153 [Test worker] DEBUG o.h.l.p.e.i.LoadQueryJoinAndFetchProcessor - processing queryspace <gen:0>
14:11:16.153 [Test worker] DEBUG o.h.l.p.b.spi.LoadPlanTreePrinter - LoadPlan(entity=org.project.neutrino.nfvo.catalogue.mano.common.Security)
    - Returns
       - EntityReturnImpl(entity=org.project.neutrino.nfvo.catalogue.mano.common.Security, querySpaceUid=<gen:0>, path=org.project.neutrino.nfvo.catalogue.mano.common.Security)
    - QuerySpaces
       - EntityQuerySpaceImpl(uid=<gen:0>, entity=org.project.neutrino.nfvo.catalogue.mano.common.Security)
          - SQL table alias mapping - security0_
          - alias suffix - 0_
          - suffixed key columns - {id1_43_0_}

14:11:16.153 [Test worker] DEBUG o.h.loader.entity.plan.EntityLoader - Static select for entity org.project.neutrino.nfvo.catalogue.mano.common.Security [UPGRADE_SKIPLOCKED]: select security0_.id as id1_43_0_, security0_.version as version2_43_0_ from security security0_ where security0_.id=? for update
14:11:16.153 [Test worker] DEBUG o.h.l.p.b.i.spaces.QuerySpacesImpl - Adding QuerySpace : uid = <gen:0> -> org.hibernate.loader.plan.build.internal.spaces.EntityQuerySpaceImpl@45ed56a8]
14:11:16.154 [Test worker] DEBUG o.h.p.w.spi.MetamodelGraphWalker - Visiting attribute path : version
14:11:16.154 [Test worker] DEBUG o.h.l.p.b.i.FetchStyleLoadPlanBuildingAssociationVisitationStrategy - Building LoadPlan...
14:11:16.154 [Test worker] DEBUG o.h.l.p.e.i.LoadQueryJoinAndFetchProcessor - processing queryspace <gen:0>
14:11:16.157 [Test worker] DEBUG o.h.l.p.b.spi.LoadPlanTreePrinter - LoadPlan(entity=org.project.neutrino.nfvo.catalogue.mano.common.Security)
    - Returns
       - EntityReturnImpl(entity=org.project.neutrino.nfvo.catalogue.mano.common.Security, querySpaceUid=<gen:0>, path=org.project.neutrino.nfvo.catalogue.mano.common.Security)
    - QuerySpaces
       - EntityQuerySpaceImpl(uid=<gen:0>, entity=org.project.neutrino.nfvo.catalogue.mano.common.Security)
          - SQL table alias mapping - security0_
          - alias suffix - 0_
          - suffixed key columns - {id1_43_0_}

14:11:16.157 [Test worker] DEBUG o.h.loader.entity.plan.EntityLoader - Static select for entity org.project.neutrino.nfvo.catalogue.mano.common.Security [FORCE]: select security0_.id as id1_43_0_, security0_.version as version2_43_0_ from security security0_ where security0_.id=? for update
14:11:16.157 [Test worker] DEBUG o.h.l.p.b.i.spaces.QuerySpacesImpl - Adding QuerySpace : uid = <gen:0> -> org.hibernate.loader.plan.build.internal.spaces.EntityQuerySpaceImpl@13b357fd]
14:11:16.157 [Test worker] DEBUG o.h.p.w.spi.MetamodelGraphWalker - Visiting attribute path : version
14:11:16.157 [Test worker] DEBUG o.h.l.p.b.i.FetchStyleLoadPlanBuildingAssociationVisitationStrategy - Building LoadPlan...
14:11:16.158 [Test worker] DEBUG o.h.l.p.e.i.LoadQueryJoinAndFetchProcessor - processing queryspace <gen:0>
14:11:16.158 [Test worker] DEBUG o.h.l.p.b.spi.LoadPlanTreePrinter - LoadPlan(entity=org.project.neutrino.nfvo.catalogue.mano.common.Security)
    - Returns
       - EntityReturnImpl(entity=org.project.neutrino.nfvo.catalogue.mano.common.Security, querySpaceUid=<gen:0>, path=org.project.neutrino.nfvo.catalogue.mano.common.Security)
    - QuerySpaces
       - EntityQuerySpaceImpl(uid=<gen:0>, entity=org.project.neutrino.nfvo.catalogue.mano.common.Security)
          - SQL table alias mapping - security0_
          - alias suffix - 0_
          - suffixed key columns - {id1_43_0_}

14:11:16.158 [Test worker] DEBUG o.h.loader.entity.plan.EntityLoader - Static select for entity org.project.neutrino.nfvo.catalogue.mano.common.Security [PESSIMISTIC_READ]: select security0_.id as id1_43_0_, security0_.version as version2_43_0_ from security security0_ where security0_.id=? lock in share mode
14:11:16.158 [Test worker] DEBUG o.h.l.p.b.i.spaces.QuerySpacesImpl - Adding QuerySpace : uid = <gen:0> -> org.hibernate.loader.plan.build.internal.spaces.EntityQuerySpaceImpl@dda8b16]
14:11:16.158 [Test worker] DEBUG o.h.p.w.spi.MetamodelGraphWalker - Visiting attribute path : version
14:11:16.158 [Test worker] DEBUG o.h.l.p.b.i.FetchStyleLoadPlanBuildingAssociationVisitationStrategy - Building LoadPlan...
14:11:16.158 [Test worker] DEBUG o.h.l.p.e.i.LoadQueryJoinAndFetchProcessor - processing queryspace <gen:0>
14:11:16.158 [Test worker] DEBUG o.h.l.p.b.spi.LoadPlanTreePrinter - LoadPlan(entity=org.project.neutrino.nfvo.catalogue.mano.common.Security)
    - Returns
       - EntityReturnImpl(entity=org.project.neutrino.nfvo.catalogue.mano.common.Security, querySpaceUid=<gen:0>, path=org.project.neutrino.nfvo.catalogue.mano.common.Security)
    - QuerySpaces
       - EntityQuerySpaceImpl(uid=<gen:0>, entity=org.project.neutrino.nfvo.catalogue.mano.common.Security)
          - SQL table alias mapping - security0_
          - alias suffix - 0_
          - suffixed key columns - {id1_43_0_}

14:11:16.158 [Test worker] DEBUG o.h.loader.entity.plan.EntityLoader - Static select for entity org.project.neutrino.nfvo.catalogue.mano.common.Security [PESSIMISTIC_WRITE]: select security0_.id as id1_43_0_, security0_.version as version2_43_0_ from security security0_ where security0_.id=? for update
14:11:16.158 [Test worker] DEBUG o.h.l.p.b.i.spaces.QuerySpacesImpl - Adding QuerySpace : uid = <gen:0> -> org.hibernate.loader.plan.build.internal.spaces.EntityQuerySpaceImpl@34766cda]
14:11:16.158 [Test worker] DEBUG o.h.p.w.spi.MetamodelGraphWalker - Visiting attribute path : version
14:11:16.159 [Test worker] DEBUG o.h.l.p.b.i.FetchStyleLoadPlanBuildingAssociationVisitationStrategy - Building LoadPlan...
14:11:16.159 [Test worker] DEBUG o.h.l.p.e.i.LoadQueryJoinAndFetchProcessor - processing queryspace <gen:0>
14:11:16.159 [Test worker] DEBUG o.h.l.p.b.spi.LoadPlanTreePrinter - LoadPlan(entity=org.project.neutrino.nfvo.catalogue.mano.common.Security)
    - Returns
       - EntityReturnImpl(entity=org.project.neutrino.nfvo.catalogue.mano.common.Security, querySpaceUid=<gen:0>, path=org.project.neutrino.nfvo.catalogue.mano.common.Security)
    - QuerySpaces
       - EntityQuerySpaceImpl(uid=<gen:0>, entity=org.project.neutrino.nfvo.catalogue.mano.common.Security)
          - SQL table alias mapping - security0_
          - alias suffix - 0_
          - suffixed key columns - {id1_43_0_}

14:11:16.159 [Test worker] DEBUG o.h.loader.entity.plan.EntityLoader - Static select for entity org.project.neutrino.nfvo.catalogue.mano.common.Security [PESSIMISTIC_FORCE_INCREMENT]: select security0_.id as id1_43_0_, security0_.version as version2_43_0_ from security security0_ where security0_.id=? for update
14:11:16.159 [Test worker] DEBUG o.h.l.p.b.i.spaces.QuerySpacesImpl - Adding QuerySpace : uid = <gen:0> -> org.hibernate.loader.plan.build.internal.spaces.EntityQuerySpaceImpl@5d4878fb]
14:11:16.159 [Test worker] DEBUG o.h.p.w.spi.MetamodelGraphWalker - Visiting attribute path : version
14:11:16.159 [Test worker] DEBUG o.h.l.p.b.i.FetchStyleLoadPlanBuildingAssociationVisitationStrategy - Building LoadPlan...
14:11:16.159 [Test worker] DEBUG o.h.l.p.e.i.LoadQueryJoinAndFetchProcessor - processing queryspace <gen:0>
14:11:16.160 [Test worker] DEBUG o.h.l.p.b.spi.LoadPlanTreePrinter - LoadPlan(entity=org.project.neutrino.nfvo.catalogue.mano.common.Security)
    - Returns
       - EntityReturnImpl(entity=org.project.neutrino.nfvo.catalogue.mano.common.Security, querySpaceUid=<gen:0>, path=org.project.neutrino.nfvo.catalogue.mano.common.Security)
    - QuerySpaces
       - EntityQuerySpaceImpl(uid=<gen:0>, entity=org.project.neutrino.nfvo.catalogue.mano.common.Security)
          - SQL table alias mapping - security0_
          - alias suffix - 0_
          - suffixed key columns - {id1_43_0_}

14:11:16.160 [Test worker] DEBUG o.h.loader.entity.plan.EntityLoader - Static select for entity org.project.neutrino.nfvo.catalogue.mano.common.Security [OPTIMISTIC]: select security0_.id as id1_43_0_, security0_.version as version2_43_0_ from security security0_ where security0_.id=?
14:11:16.160 [Test worker] DEBUG o.h.l.p.b.i.spaces.QuerySpacesImpl - Adding QuerySpace : uid = <gen:0> -> org.hibernate.loader.plan.build.internal.spaces.EntityQuerySpaceImpl@1ab9f189]
14:11:16.160 [Test worker] DEBUG o.h.p.w.spi.MetamodelGraphWalker - Visiting attribute path : version
14:11:16.160 [Test worker] DEBUG o.h.l.p.b.i.FetchStyleLoadPlanBuildingAssociationVisitationStrategy - Building LoadPlan...
14:11:16.160 [Test worker] DEBUG o.h.l.p.e.i.LoadQueryJoinAndFetchProcessor - processing queryspace <gen:0>
14:11:16.160 [Test worker] DEBUG o.h.l.p.b.spi.LoadPlanTreePrinter - LoadPlan(entity=org.project.neutrino.nfvo.catalogue.mano.common.Security)
    - Returns
       - EntityReturnImpl(entity=org.project.neutrino.nfvo.catalogue.mano.common.Security, querySpaceUid=<gen:0>, path=org.project.neutrino.nfvo.catalogue.mano.common.Security)
    - QuerySpaces
       - EntityQuerySpaceImpl(uid=<gen:0>, entity=org.project.neutrino.nfvo.catalogue.mano.common.Security)
          - SQL table alias mapping - security0_
          - alias suffix - 0_
          - suffixed key columns - {id1_43_0_}

14:11:16.160 [Test worker] DEBUG o.h.loader.entity.plan.EntityLoader - Static select for entity org.project.neutrino.nfvo.catalogue.mano.common.Security [OPTIMISTIC_FORCE_INCREMENT]: select security0_.id as id1_43_0_, security0_.version as version2_43_0_ from security security0_ where security0_.id=?
14:11:16.160 [Test worker] DEBUG org.hibernate.loader.Loader - Static select for action ACTION_MERGE on entity org.project.neutrino.nfvo.catalogue.mano.common.Security: select security0_.id as id1_43_0_, security0_.version as version2_43_0_ from security security0_ where security0_.id=?
14:11:16.161 [Test worker] DEBUG org.hibernate.loader.Loader - Static select for action ACTION_REFRESH on entity org.project.neutrino.nfvo.catalogue.mano.common.Security: select security0_.id as id1_43_0_, security0_.version as version2_43_0_ from security security0_ where security0_.id=?
14:11:16.161 [Test worker] DEBUG o.h.p.entity.AbstractEntityPersister - Static SQL for entity: org.project.neutrino.nfvo.catalogue.mano.record.PhysicalNetworkFunctionRecord
14:11:16.161 [Test worker] DEBUG o.h.p.entity.AbstractEntityPersister -  Version select: select id from physical_network_function_record where id =?
14:11:16.161 [Test worker] DEBUG o.h.p.entity.AbstractEntityPersister -  Snapshot select: select physicalne_.id, physicalne_.description as descript2_37_, physicalne_.descriptor_reference_id as descript6_37_, physicalne_.oam_reference as oam_refe3_37_, physicalne_.parent_ns_id as parent_n7_37_, physicalne_.vendor as vendor4_37_, physicalne_.version as version5_37_ from physical_network_function_record physicalne_ where physicalne_.id=?
14:11:16.161 [Test worker] DEBUG o.h.p.entity.AbstractEntityPersister -  Insert 0: insert into physical_network_function_record (description, descriptor_reference_id, oam_reference, parent_ns_id, vendor, version, id) values (?, ?, ?, ?, ?, ?, ?)
14:11:16.161 [Test worker] DEBUG o.h.p.entity.AbstractEntityPersister -  Update 0: update physical_network_function_record set description=?, descriptor_reference_id=?, oam_reference=?, parent_ns_id=?, vendor=?, version=? where id=?
14:11:16.161 [Test worker] DEBUG o.h.p.entity.AbstractEntityPersister -  Delete 0: delete from physical_network_function_record where id=?
14:11:16.161 [Test worker] DEBUG o.h.l.p.b.i.spaces.QuerySpacesImpl - Adding QuerySpace : uid = <gen:0> -> org.hibernate.loader.plan.build.internal.spaces.EntityQuerySpaceImpl@45cf6558]
14:11:16.161 [Test worker] DEBUG o.h.p.w.spi.MetamodelGraphWalker - Visiting attribute path : connected_virtual_link
14:11:16.161 [Test worker] DEBUG o.h.l.p.b.i.spaces.QuerySpacesImpl - Adding QuerySpace : uid = <gen:1> -> org.hibernate.loader.plan.build.internal.spaces.CollectionQuerySpaceImpl@75f31b65]
14:11:16.161 [Test worker] DEBUG o.h.l.p.b.i.spaces.QuerySpacesImpl - Adding QuerySpace : uid = <gen:2> -> org.hibernate.loader.plan.build.internal.spaces.EntityQuerySpaceImpl@2b8bc062]
14:11:16.161 [Test worker] DEBUG o.h.p.w.spi.MetamodelGraphWalker - Visiting attribute path : connected_virtual_link.allocated_capacity
14:11:16.161 [Test worker] DEBUG o.h.p.w.spi.MetamodelGraphWalker - Visiting attribute path : connected_virtual_link.audit_log
14:11:16.161 [Test worker] DEBUG o.h.p.w.spi.MetamodelGraphWalker - Visiting attribute path : connected_virtual_link.connection
14:11:16.161 [Test worker] DEBUG o.h.p.w.spi.MetamodelGraphWalker - Visiting attribute path : connected_virtual_link.connectivity_type
14:11:16.161 [Test worker] DEBUG o.h.p.w.spi.MetamodelGraphWalker - Visiting attribute path : connected_virtual_link.descriptor_reference
14:11:16.161 [Test worker] DEBUG o.h.p.w.spi.MetamodelGraphWalker - Visiting attribute path : connected_virtual_link.leaf_requirement
14:11:16.161 [Test worker] DEBUG o.h.p.w.spi.MetamodelGraphWalker - Visiting attribute path : connected_virtual_link.lifecycle_event_history
14:11:16.161 [Test worker] DEBUG o.h.l.p.b.i.spaces.QuerySpacesImpl - Adding QuerySpace : uid = <gen:3> -> org.hibernate.loader.plan.build.internal.spaces.CollectionQuerySpaceImpl@35ad37f6]
14:11:16.161 [Test worker] DEBUG o.h.l.p.b.i.spaces.QuerySpacesImpl - Adding QuerySpace : uid = <gen:4> -> org.hibernate.loader.plan.build.internal.spaces.EntityQuerySpaceImpl@7f351301]
14:11:16.162 [Test worker] DEBUG o.h.p.w.spi.MetamodelGraphWalker - Visiting attribute path : connected_virtual_link.lifecycle_event_history.lifecycle_events
14:11:16.162 [Test worker] DEBUG o.h.p.w.spi.MetamodelGraphWalker - Visiting attribute path : connected_virtual_link.lifecycle_event_history.version
14:11:16.162 [Test worker] DEBUG o.h.p.w.spi.MetamodelGraphWalker - Visiting attribute path : connected_virtual_link.notification
14:11:16.162 [Test worker] DEBUG o.h.p.w.spi.MetamodelGraphWalker - Visiting attribute path : connected_virtual_link.number_of_enpoints
14:11:16.162 [Test worker] DEBUG o.h.p.w.spi.MetamodelGraphWalker - Visiting attribute path : connected_virtual_link.parent_ns
14:11:16.162 [Test worker] DEBUG o.h.p.w.spi.MetamodelGraphWalker - Visiting attribute path : connected_virtual_link.qos
14:11:16.162 [Test worker] DEBUG o.h.p.w.spi.MetamodelGraphWalker - Visiting attribute path : connected_virtual_link.root_requirement
14:11:16.162 [Test worker] DEBUG o.h.p.w.spi.MetamodelGraphWalker - Visiting attribute path : connected_virtual_link.status
14:11:16.162 [Test worker] DEBUG o.h.p.w.spi.MetamodelGraphWalker - Visiting attribute path : connected_virtual_link.test_access
14:11:16.162 [Test worker] DEBUG o.h.p.w.spi.MetamodelGraphWalker - Visiting attribute path : connected_virtual_link.vendor
14:11:16.162 [Test worker] DEBUG o.h.p.w.spi.MetamodelGraphWalker - Visiting attribute path : connected_virtual_link.version
14:11:16.162 [Test worker] DEBUG o.h.p.w.spi.MetamodelGraphWalker - Visiting attribute path : connected_virtual_link.vim_id
14:11:16.162 [Test worker] DEBUG o.h.p.w.spi.MetamodelGraphWalker - Visiting attribute path : connected_virtual_link.vnffgr_reference
14:11:16.162 [Test worker] DEBUG o.h.l.p.b.i.spaces.QuerySpacesImpl - Adding QuerySpace : uid = <gen:5> -> org.hibernate.loader.plan.build.internal.spaces.CollectionQuerySpaceImpl@52971fc2]
14:11:16.162 [Test worker] DEBUG o.h.l.p.b.i.spaces.QuerySpacesImpl - Adding QuerySpace : uid = <gen:6> -> org.hibernate.loader.plan.build.internal.spaces.EntityQuerySpaceImpl@3fa623ea]
14:11:16.162 [Test worker] DEBUG o.h.p.w.spi.MetamodelGraphWalker - Visiting attribute path : connected_virtual_link.vnffgr_reference.audit_log
14:11:16.162 [Test worker] DEBUG o.h.p.w.spi.MetamodelGraphWalker - Visiting attribute path : connected_virtual_link.vnffgr_reference.connection_point
14:11:16.162 [Test worker] DEBUG o.h.l.p.b.i.spaces.QuerySpacesImpl - Adding QuerySpace : uid = <gen:7> -> org.hibernate.loader.plan.build.internal.spaces.CollectionQuerySpaceImpl@305399c4]
14:11:16.162 [Test worker] DEBUG o.h.l.p.b.i.spaces.QuerySpacesImpl - Adding QuerySpace : uid = <gen:8> -> org.hibernate.loader.plan.build.internal.spaces.EntityQuerySpaceImpl@40942ba5]
14:11:16.162 [Test worker] DEBUG o.h.p.w.spi.MetamodelGraphWalker - Visiting attribute path : connected_virtual_link.vnffgr_reference.dependent_virtual_link
14:11:16.162 [Test worker] DEBUG o.h.l.p.b.i.spaces.QuerySpacesImpl - Adding QuerySpace : uid = <gen:9> -> org.hibernate.loader.plan.build.internal.spaces.CollectionQuerySpaceImpl@3fbd7ec2]
14:11:16.162 [Test worker] DEBUG o.h.l.p.b.i.spaces.QuerySpacesImpl - Adding QuerySpace : uid = <gen:10> -> org.hibernate.loader.plan.build.internal.spaces.EntityQuerySpaceImpl@31cd133f]
14:11:16.162 [Test worker] DEBUG o.h.p.w.spi.MetamodelGraphWalker - Visiting attribute path : connected_virtual_link.vnffgr_reference.descriptor_reference
14:11:16.162 [Test worker] DEBUG o.h.l.p.b.i.spaces.QuerySpacesImpl - Adding QuerySpace : uid = <gen:11> -> org.hibernate.loader.plan.build.internal.spaces.EntityQuerySpaceImpl@eaaa6a4]
14:11:16.162 [Test worker] DEBUG o.h.p.w.spi.MetamodelGraphWalker - Visiting attribute path : connected_virtual_link.vnffgr_reference.lifecycle_event_history
14:11:16.162 [Test worker] DEBUG o.h.l.p.b.i.spaces.QuerySpacesImpl - Adding QuerySpace : uid = <gen:12> -> org.hibernate.loader.plan.build.internal.spaces.CollectionQuerySpaceImpl@65a26081]
14:11:16.162 [Test worker] DEBUG o.h.l.p.b.i.spaces.QuerySpacesImpl - Adding QuerySpace : uid = <gen:13> -> org.hibernate.loader.plan.build.internal.spaces.EntityQuerySpaceImpl@76de948]
14:11:16.162 [Test worker] DEBUG o.h.p.w.spi.MetamodelGraphWalker - Visiting attribute path : connected_virtual_link.vnffgr_reference.member_vnfs
14:11:16.162 [Test worker] DEBUG o.h.l.p.b.i.spaces.QuerySpacesImpl - Adding QuerySpace : uid = <gen:14> -> org.hibernate.loader.plan.build.internal.spaces.CollectionQuerySpaceImpl@40ee79c7]
14:11:16.162 [Test worker] DEBUG o.h.l.p.b.i.spaces.QuerySpacesImpl - Adding QuerySpace : uid = <gen:15> -> org.hibernate.loader.plan.build.internal.spaces.EntityQuerySpaceImpl@687d191e]
14:11:16.162 [Test worker] DEBUG o.h.p.w.spi.MetamodelGraphWalker - Visiting attribute path : connected_virtual_link.vnffgr_reference.network_forwarding_path
14:11:16.163 [Test worker] DEBUG o.h.l.p.b.i.spaces.QuerySpacesImpl - Adding QuerySpace : uid = <gen:16> -> org.hibernate.loader.plan.build.internal.spaces.EntityQuerySpaceImpl@6cfc3629]
14:11:16.163 [Test worker] DEBUG o.h.p.w.spi.MetamodelGraphWalker - Visiting attribute path : connected_virtual_link.vnffgr_reference.notification
14:11:16.163 [Test worker] DEBUG o.h.p.w.spi.MetamodelGraphWalker - Visiting attribute path : connected_virtual_link.vnffgr_reference.number_of_endpoints
14:11:16.163 [Test worker] DEBUG o.h.p.w.spi.MetamodelGraphWalker - Visiting attribute path : connected_virtual_link.vnffgr_reference.number_of_pnfs
14:11:16.163 [Test worker] DEBUG o.h.p.w.spi.MetamodelGraphWalker - Visiting attribute path : connected_virtual_link.vnffgr_reference.number_of_virtual_links
14:11:16.163 [Test worker] DEBUG o.h.p.w.spi.MetamodelGraphWalker - Visiting attribute path : connected_virtual_link.vnffgr_reference.number_of_vnfs
14:11:16.163 [Test worker] DEBUG o.h.p.w.spi.MetamodelGraphWalker - Visiting attribute path : connected_virtual_link.vnffgr_reference.parent_ns
14:11:16.163 [Test worker] DEBUG o.h.l.p.b.i.spaces.QuerySpacesImpl - Adding QuerySpace : uid = <gen:17> -> org.hibernate.loader.plan.build.internal.spaces.EntityQuerySpaceImpl@2247f5a5]
14:11:16.163 [Test worker] DEBUG o.h.p.w.spi.MetamodelGraphWalker - Visiting attribute path : connected_virtual_link.vnffgr_reference.status
14:11:16.163 [Test worker] DEBUG o.h.p.w.spi.MetamodelGraphWalker - Visiting attribute path : connected_virtual_link.vnffgr_reference.vendor
14:11:16.163 [Test worker] DEBUG o.h.p.w.spi.MetamodelGraphWalker - Visiting attribute path : connected_virtual_link.vnffgr_reference.version
14:11:16.163 [Test worker] DEBUG o.h.p.w.spi.MetamodelGraphWalker - Visiting attribute path : connection_point
14:11:16.163 [Test worker] DEBUG o.h.l.p.b.i.spaces.QuerySpacesImpl - Adding QuerySpace : uid = <gen:18> -> org.hibernate.loader.plan.build.internal.spaces.CollectionQuerySpaceImpl@22503538]
14:11:16.163 [Test worker] DEBUG o.h.l.p.b.i.spaces.QuerySpacesImpl - Adding QuerySpace : uid = <gen:19> -> org.hibernate.loader.plan.build.internal.spaces.EntityQuerySpaceImpl@3fd60121]
14:11:16.163 [Test worker] DEBUG o.h.p.w.spi.MetamodelGraphWalker - Visiting attribute path : connection_point.type
14:11:16.163 [Test worker] DEBUG o.h.p.w.spi.MetamodelGraphWalker - Visiting attribute path : connection_point.version
14:11:16.163 [Test worker] DEBUG o.h.p.w.spi.MetamodelGraphWalker - Visiting attribute path : connection_point.virtual_link_reference
14:11:16.163 [Test worker] DEBUG o.h.p.w.spi.MetamodelGraphWalker - Visiting attribute path : description
14:11:16.163 [Test worker] DEBUG o.h.p.w.spi.MetamodelGraphWalker - Visiting attribute path : descriptor_reference
14:11:16.163 [Test worker] DEBUG o.h.l.p.b.i.spaces.QuerySpacesImpl - Adding QuerySpace : uid = <gen:20> -> org.hibernate.loader.plan.build.internal.spaces.EntityQuerySpaceImpl@43fc3bfb]
14:11:16.163 [Test worker] DEBUG o.h.p.w.spi.MetamodelGraphWalker - Visiting attribute path : descriptor_reference.connection_point
14:11:16.163 [Test worker] DEBUG o.h.p.w.spi.MetamodelGraphWalker - Visiting attribute path : descriptor_reference.description
14:11:16.163 [Test worker] DEBUG o.h.p.w.spi.MetamodelGraphWalker - Visiting attribute path : descriptor_reference.descriptor_version
14:11:16.163 [Test worker] DEBUG o.h.p.w.spi.MetamodelGraphWalker - Visiting attribute path : descriptor_reference.hb_version
14:11:16.163 [Test worker] DEBUG o.h.p.w.spi.MetamodelGraphWalker - Visiting attribute path : descriptor_reference.pnfd_security
14:11:16.163 [Test worker] DEBUG o.h.l.p.b.i.spaces.QuerySpacesImpl - Adding QuerySpace : uid = <gen:21> -> org.hibernate.loader.plan.build.internal.spaces.EntityQuerySpaceImpl@2cea5cd]
14:11:16.163 [Test worker] DEBUG o.h.p.w.spi.MetamodelGraphWalker - Visiting attribute path : descriptor_reference.pnfd_security.version
14:11:16.163 [Test worker] DEBUG o.h.p.w.spi.MetamodelGraphWalker - Visiting attribute path : descriptor_reference.vendor
14:11:16.163 [Test worker] DEBUG o.h.p.w.spi.MetamodelGraphWalker - Visiting attribute path : descriptor_reference.version
14:11:16.164 [Test worker] DEBUG o.h.p.w.spi.MetamodelGraphWalker - Visiting attribute path : oam_reference
14:11:16.164 [Test worker] DEBUG o.h.p.w.spi.MetamodelGraphWalker - Visiting attribute path : parent_ns
14:11:16.164 [Test worker] DEBUG o.h.l.p.b.i.spaces.QuerySpacesImpl - Adding QuerySpace : uid = <gen:22> -> org.hibernate.loader.plan.build.internal.spaces.EntityQuerySpaceImpl@5fd70f7e]
14:11:16.164 [Test worker] DEBUG o.h.p.w.spi.MetamodelGraphWalker - Visiting attribute path : parent_ns.audit_log
14:11:16.164 [Test worker] DEBUG o.h.p.w.spi.MetamodelGraphWalker - Visiting attribute path : parent_ns.auto_scale_policy
14:11:16.164 [Test worker] DEBUG o.h.l.p.b.i.spaces.QuerySpacesImpl - Adding QuerySpace : uid = <gen:23> -> org.hibernate.loader.plan.build.internal.spaces.CollectionQuerySpaceImpl@52e76b3d]
14:11:16.164 [Test worker] DEBUG o.h.l.p.b.i.spaces.QuerySpacesImpl - Adding QuerySpace : uid = <gen:24> -> org.hibernate.loader.plan.build.internal.spaces.EntityQuerySpaceImpl@57319c50]
14:11:16.164 [Test worker] DEBUG o.h.p.w.spi.MetamodelGraphWalker - Visiting attribute path : parent_ns.auto_scale_policy.version
14:11:16.164 [Test worker] DEBUG o.h.p.w.spi.MetamodelGraphWalker - Visiting attribute path : parent_ns.connection_point
14:11:16.164 [Test worker] DEBUG o.h.l.p.b.i.spaces.QuerySpacesImpl - Adding QuerySpace : uid = <gen:25> -> org.hibernate.loader.plan.build.internal.spaces.CollectionQuerySpaceImpl@3d2593b8]
14:11:16.164 [Test worker] DEBUG o.h.l.p.b.i.spaces.QuerySpacesImpl - Adding QuerySpace : uid = <gen:26> -> org.hibernate.loader.plan.build.internal.spaces.EntityQuerySpaceImpl@6e053464]
14:11:16.164 [Test worker] DEBUG o.h.p.w.spi.MetamodelGraphWalker - Visiting attribute path : parent_ns.connection_point.type
14:11:16.164 [Test worker] DEBUG o.h.p.w.spi.MetamodelGraphWalker - Visiting attribute path : parent_ns.connection_point.version
14:11:16.164 [Test worker] DEBUG o.h.p.w.spi.MetamodelGraphWalker - Visiting attribute path : parent_ns.connection_point.virtual_link_reference
14:11:16.164 [Test worker] DEBUG o.h.p.w.spi.MetamodelGraphWalker - Visiting attribute path : parent_ns.descriptor_reference
14:11:16.164 [Test worker] DEBUG o.h.l.p.b.i.spaces.QuerySpacesImpl - Adding QuerySpace : uid = <gen:27> -> org.hibernate.loader.plan.build.internal.spaces.EntityQuerySpaceImpl@83a6012]
14:11:16.164 [Test worker] DEBUG o.h.p.w.spi.MetamodelGraphWalker - Visiting attribute path : parent_ns.descriptor_reference.auto_scale_policy
14:11:16.164 [Test worker] DEBUG o.h.p.w.spi.MetamodelGraphWalker - Visiting attribute path : parent_ns.descriptor_reference.connection_point
14:11:16.164 [Test worker] DEBUG o.h.p.w.spi.MetamodelGraphWalker - Visiting attribute path : parent_ns.descriptor_reference.hb_version
14:11:16.164 [Test worker] DEBUG o.h.p.w.spi.MetamodelGraphWalker - Visiting attribute path : parent_ns.descriptor_reference.lifecycle_event
14:11:16.164 [Test worker] DEBUG o.h.p.w.spi.MetamodelGraphWalker - Visiting attribute path : parent_ns.descriptor_reference.monitoring_parameter
14:11:16.164 [Test worker] DEBUG o.h.l.p.b.i.spaces.QuerySpacesImpl - Adding QuerySpace : uid = <gen:28> -> org.hibernate.loader.plan.build.internal.spaces.CollectionQuerySpaceImpl@68d99656]
14:11:16.164 [Test worker] DEBUG o.h.p.w.spi.MetamodelGraphWalker - Visiting attribute path : parent_ns.descriptor_reference.service_deployment_flavour
14:11:16.164 [Test worker] DEBUG o.h.p.w.spi.MetamodelGraphWalker - Visiting attribute path : parent_ns.descriptor_reference.vendor
14:11:16.164 [Test worker] DEBUG o.h.p.w.spi.MetamodelGraphWalker - Visiting attribute path : parent_ns.descriptor_reference.version
14:11:16.164 [Test worker] DEBUG o.h.p.w.spi.MetamodelGraphWalker - Visiting attribute path : parent_ns.descriptor_reference.vld
14:11:16.164 [Test worker] DEBUG o.h.p.w.spi.MetamodelGraphWalker - Visiting attribute path : parent_ns.descriptor_reference.vnffgd
14:11:16.164 [Test worker] DEBUG o.h.p.w.spi.MetamodelGraphWalker - Visiting attribute path : parent_ns.descriptor_reference.deployment_flavour
14:11:16.164 [Test worker] DEBUG o.h.l.p.b.i.spaces.QuerySpacesImpl - Adding QuerySpace : uid = <gen:29> -> org.hibernate.loader.plan.build.internal.spaces.CollectionQuerySpaceImpl@251d1de1]
14:11:16.165 [Test worker] DEBUG o.h.l.p.b.i.spaces.QuerySpacesImpl - Adding QuerySpace : uid = <gen:30> -> org.hibernate.loader.plan.build.internal.spaces.EntityQuerySpaceImpl@1a94b1d0]
14:11:16.165 [Test worker] DEBUG o.h.p.w.spi.MetamodelGraphWalker - Visiting attribute path : parent_ns.descriptor_reference.descriptor_version
14:11:16.165 [Test worker] DEBUG o.h.p.w.spi.MetamodelGraphWalker - Visiting attribute path : parent_ns.descriptor_reference.manifest_file
14:11:16.165 [Test worker] DEBUG o.h.p.w.spi.MetamodelGraphWalker - Visiting attribute path : parent_ns.descriptor_reference.manifest_file_security
14:11:16.165 [Test worker] DEBUG o.h.p.w.spi.MetamodelGraphWalker - Visiting attribute path : parent_ns.descriptor_reference.vdu
14:11:16.165 [Test worker] DEBUG o.h.p.w.spi.MetamodelGraphWalker - Visiting attribute path : parent_ns.descriptor_reference.vdu_dependency
14:11:16.165 [Test worker] DEBUG o.h.p.w.spi.MetamodelGraphWalker - Visiting attribute path : parent_ns.descriptor_reference.virtual_link
14:11:16.165 [Test worker] DEBUG o.h.p.w.spi.MetamodelGraphWalker - Visiting attribute path : parent_ns.descriptor_reference.nsd_security
14:11:16.165 [Test worker] DEBUG o.h.l.p.b.i.spaces.QuerySpacesImpl - Adding QuerySpace : uid = <gen:31> -> org.hibernate.loader.plan.build.internal.spaces.EntityQuerySpaceImpl@1825dc52]
14:11:16.165 [Test worker] DEBUG o.h.p.w.spi.MetamodelGraphWalker - Visiting attribute path : parent_ns.descriptor_reference.pnfd
14:11:16.165 [Test worker] DEBUG o.h.p.w.spi.MetamodelGraphWalker - Visiting attribute path : parent_ns.descriptor_reference.vnf_dependency
14:11:16.165 [Test worker] DEBUG o.h.l.p.b.i.spaces.QuerySpacesImpl - Adding QuerySpace : uid = <gen:32> -> org.hibernate.loader.plan.build.internal.spaces.CollectionQuerySpaceImpl@5da397e0]
14:11:16.165 [Test worker] DEBUG o.h.l.p.b.i.spaces.QuerySpacesImpl - Adding QuerySpace : uid = <gen:33> -> org.hibernate.loader.plan.build.internal.spaces.EntityQuerySpaceImpl@1f482327]
14:11:16.165 [Test worker] DEBUG o.h.p.w.spi.MetamodelGraphWalker - Visiting attribute path : parent_ns.descriptor_reference.vnfd
14:11:16.165 [Test worker] DEBUG o.h.l.p.b.i.spaces.QuerySpacesImpl - Adding QuerySpace : uid = <gen:34> -> org.hibernate.loader.plan.build.internal.spaces.CollectionQuerySpaceImpl@38fbe57c]
14:11:16.165 [Test worker] DEBUG o.h.l.p.b.i.spaces.QuerySpacesImpl - Adding QuerySpace : uid = <gen:35> -> org.hibernate.loader.plan.build.internal.spaces.EntityQuerySpaceImpl@21974d1e]
14:11:16.165 [Test worker] DEBUG o.h.p.w.spi.MetamodelGraphWalker - Visiting attribute path : parent_ns.lifecycle_event
14:11:16.165 [Test worker] DEBUG o.h.l.p.b.i.spaces.QuerySpacesImpl - Adding QuerySpace : uid = <gen:36> -> org.hibernate.loader.plan.build.internal.spaces.EntityQuerySpaceImpl@5447fdcc]
14:11:16.165 [Test worker] DEBUG o.h.p.w.spi.MetamodelGraphWalker - Visiting attribute path : parent_ns.lifecycle_event.lifecycle_events
14:11:16.165 [Test worker] DEBUG o.h.p.w.spi.MetamodelGraphWalker - Visiting attribute path : parent_ns.lifecycle_event.version
14:11:16.165 [Test worker] DEBUG o.h.p.w.spi.MetamodelGraphWalker - Visiting attribute path : parent_ns.lifecycle_event_history
14:11:16.165 [Test worker] DEBUG o.h.l.p.b.i.spaces.QuerySpacesImpl - Adding QuerySpace : uid = <gen:37> -> org.hibernate.loader.plan.build.internal.spaces.CollectionQuerySpaceImpl@1ae433f1]
14:11:16.165 [Test worker] DEBUG o.h.l.p.b.i.spaces.QuerySpacesImpl - Adding QuerySpace : uid = <gen:38> -> org.hibernate.loader.plan.build.internal.spaces.EntityQuerySpaceImpl@7c0e2101]
14:11:16.165 [Test worker] DEBUG o.h.p.w.spi.MetamodelGraphWalker - Visiting attribute path : parent_ns.lifecycle_event_history.lifecycle_events
14:11:16.165 [Test worker] DEBUG o.h.p.w.spi.MetamodelGraphWalker - Visiting attribute path : parent_ns.lifecycle_event_history.version
14:11:16.165 [Test worker] DEBUG o.h.p.w.spi.MetamodelGraphWalker - Visiting attribute path : parent_ns.monitoring_parameter
14:11:16.165 [Test worker] DEBUG o.h.p.w.spi.MetamodelGraphWalker - Visiting attribute path : parent_ns.notification
14:11:16.165 [Test worker] DEBUG o.h.p.w.spi.MetamodelGraphWalker - Visiting attribute path : parent_ns.pnfr
14:11:16.165 [Test worker] DEBUG o.h.l.p.b.i.spaces.QuerySpacesImpl - Adding QuerySpace : uid = <gen:39> -> org.hibernate.loader.plan.build.internal.spaces.CollectionQuerySpaceImpl@7b9a4252]
14:11:16.165 [Test worker] DEBUG o.h.l.p.b.i.spaces.QuerySpacesImpl - Adding QuerySpace : uid = <gen:40> -> org.hibernate.loader.plan.build.internal.spaces.EntityQuerySpaceImpl@4c7854e3]
14:11:16.166 [Test worker] DEBUG o.h.p.w.spi.MetamodelGraphWalker - Visiting attribute path : parent_ns.pnfr.connected_virtual_link
14:11:16.166 [Test worker] DEBUG o.h.p.w.spi.MetamodelGraphWalker - Property path deemed to be circular : parent_ns.pnfr.connected_virtual_link
14:11:16.166 [Test worker] DEBUG o.h.p.w.spi.MetamodelGraphWalker - Visiting attribute path : parent_ns.pnfr.connection_point
14:11:16.166 [Test worker] DEBUG o.h.p.w.spi.MetamodelGraphWalker - Property path deemed to be circular : parent_ns.pnfr.connection_point
14:11:16.166 [Test worker] DEBUG o.h.p.w.spi.MetamodelGraphWalker - Visiting attribute path : parent_ns.pnfr.description
14:11:16.166 [Test worker] DEBUG o.h.p.w.spi.MetamodelGraphWalker - Visiting attribute path : parent_ns.pnfr.descriptor_reference
14:11:16.166 [Test worker] DEBUG o.h.p.w.spi.MetamodelGraphWalker - Property path deemed to be circular : parent_ns.pnfr.descriptor_reference
14:11:16.166 [Test worker] DEBUG o.h.p.w.spi.MetamodelGraphWalker - Visiting attribute path : parent_ns.pnfr.oam_reference
14:11:16.166 [Test worker] DEBUG o.h.p.w.spi.MetamodelGraphWalker - Visiting attribute path : parent_ns.pnfr.parent_ns
14:11:16.166 [Test worker] DEBUG o.h.p.w.spi.MetamodelGraphWalker - Property path deemed to be circular : parent_ns.pnfr.parent_ns
14:11:16.166 [Test worker] DEBUG o.h.p.w.spi.MetamodelGraphWalker - Visiting attribute path : parent_ns.pnfr.pnf_address
14:11:16.166 [Test worker] DEBUG o.h.p.w.spi.MetamodelGraphWalker - Visiting attribute path : parent_ns.pnfr.vendor
14:11:16.166 [Test worker] DEBUG o.h.p.w.spi.MetamodelGraphWalker - Visiting attribute path : parent_ns.pnfr.version
14:11:16.166 [Test worker] DEBUG o.h.p.w.spi.MetamodelGraphWalker - Visiting attribute path : parent_ns.pnfr.vnffgr
14:11:16.166 [Test worker] DEBUG o.h.l.p.b.i.spaces.QuerySpacesImpl - Adding QuerySpace : uid = <gen:41> -> org.hibernate.loader.plan.build.internal.spaces.CollectionQuerySpaceImpl@33157362]
14:11:16.166 [Test worker] DEBUG o.h.l.p.b.i.spaces.QuerySpacesImpl - Adding QuerySpace : uid = <gen:42> -> org.hibernate.loader.plan.build.internal.spaces.EntityQuerySpaceImpl@454a4121]
14:11:16.166 [Test worker] DEBUG o.h.p.w.spi.MetamodelGraphWalker - Visiting attribute path : parent_ns.resource_reservation
14:11:16.166 [Test worker] DEBUG o.h.p.w.spi.MetamodelGraphWalker - Visiting attribute path : parent_ns.runtime_policy_info
14:11:16.166 [Test worker] DEBUG o.h.p.w.spi.MetamodelGraphWalker - Visiting attribute path : parent_ns.service_deployment_flavour
14:11:16.166 [Test worker] DEBUG o.h.l.p.b.i.spaces.QuerySpacesImpl - Adding QuerySpace : uid = <gen:43> -> org.hibernate.loader.plan.build.internal.spaces.EntityQuerySpaceImpl@dfa0111]
14:11:16.166 [Test worker] DEBUG o.h.p.w.spi.MetamodelGraphWalker - Visiting attribute path : parent_ns.service_deployment_flavour.flavour_key
14:11:16.166 [Test worker] DEBUG o.h.p.w.spi.MetamodelGraphWalker - Visiting attribute path : parent_ns.service_deployment_flavour.version
14:11:16.166 [Test worker] DEBUG o.h.p.w.spi.MetamodelGraphWalker - Visiting attribute path : parent_ns.service_deployment_flavour.constituent_vnf
14:11:16.166 [Test worker] DEBUG o.h.p.w.spi.MetamodelGraphWalker - Visiting attribute path : parent_ns.status
14:11:16.166 [Test worker] DEBUG o.h.p.w.spi.MetamodelGraphWalker - Visiting attribute path : parent_ns.vendor
14:11:16.166 [Test worker] DEBUG o.h.p.w.spi.MetamodelGraphWalker - Visiting attribute path : parent_ns.version
14:11:16.166 [Test worker] DEBUG o.h.p.w.spi.MetamodelGraphWalker - Visiting attribute path : parent_ns.vlr
14:11:16.166 [Test worker] DEBUG o.h.l.p.b.i.spaces.QuerySpacesImpl - Adding QuerySpace : uid = <gen:44> -> org.hibernate.loader.plan.build.internal.spaces.CollectionQuerySpaceImpl@42a57f8c]
14:11:16.166 [Test worker] DEBUG o.h.l.p.b.i.spaces.QuerySpacesImpl - Adding QuerySpace : uid = <gen:45> -> org.hibernate.loader.plan.build.internal.spaces.EntityQuerySpaceImpl@7f58e282]
14:11:16.166 [Test worker] DEBUG o.h.p.w.spi.MetamodelGraphWalker - Visiting attribute path : parent_ns.vlr.allocated_capacity
14:11:16.166 [Test worker] DEBUG o.h.p.w.spi.MetamodelGraphWalker - Visiting attribute path : parent_ns.vlr.audit_log
14:11:16.166 [Test worker] DEBUG o.h.p.w.spi.MetamodelGraphWalker - Visiting attribute path : parent_ns.vlr.connection
14:11:16.166 [Test worker] DEBUG o.h.p.w.spi.MetamodelGraphWalker - Visiting attribute path : parent_ns.vlr.connectivity_type
14:11:16.166 [Test worker] DEBUG o.h.p.w.spi.MetamodelGraphWalker - Visiting attribute path : parent_ns.vlr.descriptor_reference
14:11:16.166 [Test worker] DEBUG o.h.p.w.spi.MetamodelGraphWalker - Visiting attribute path : parent_ns.vlr.leaf_requirement
14:11:16.166 [Test worker] DEBUG o.h.p.w.spi.MetamodelGraphWalker - Visiting attribute path : parent_ns.vlr.lifecycle_event_history
14:11:16.166 [Test worker] DEBUG o.h.p.w.spi.MetamodelGraphWalker - Property path deemed to be circular : parent_ns.vlr.lifecycle_event_history
14:11:16.166 [Test worker] DEBUG o.h.p.w.spi.MetamodelGraphWalker - Visiting attribute path : parent_ns.vlr.notification
14:11:16.166 [Test worker] DEBUG o.h.p.w.spi.MetamodelGraphWalker - Visiting attribute path : parent_ns.vlr.number_of_enpoints
14:11:16.167 [Test worker] DEBUG o.h.p.w.spi.MetamodelGraphWalker - Visiting attribute path : parent_ns.vlr.parent_ns
14:11:16.167 [Test worker] DEBUG o.h.p.w.spi.MetamodelGraphWalker - Visiting attribute path : parent_ns.vlr.qos
14:11:16.167 [Test worker] DEBUG o.h.p.w.spi.MetamodelGraphWalker - Visiting attribute path : parent_ns.vlr.root_requirement
14:11:16.167 [Test worker] DEBUG o.h.p.w.spi.MetamodelGraphWalker - Visiting attribute path : parent_ns.vlr.status
14:11:16.167 [Test worker] DEBUG o.h.p.w.spi.MetamodelGraphWalker - Visiting attribute path : parent_ns.vlr.test_access
14:11:16.167 [Test worker] DEBUG o.h.p.w.spi.MetamodelGraphWalker - Visiting attribute path : parent_ns.vlr.vendor
14:11:16.167 [Test worker] DEBUG o.h.p.w.spi.MetamodelGraphWalker - Visiting attribute path : parent_ns.vlr.version
14:11:16.167 [Test worker] DEBUG o.h.p.w.spi.MetamodelGraphWalker - Visiting attribute path : parent_ns.vlr.vim_id
14:11:16.167 [Test worker] DEBUG o.h.p.w.spi.MetamodelGraphWalker - Visiting attribute path : parent_ns.vlr.vnffgr_reference
14:11:16.167 [Test worker] DEBUG o.h.p.w.spi.MetamodelGraphWalker - Property path deemed to be circular : parent_ns.vlr.vnffgr_reference
14:11:16.167 [Test worker] DEBUG o.h.p.w.spi.MetamodelGraphWalker - Visiting attribute path : parent_ns.vnf_dependency
14:11:16.167 [Test worker] DEBUG o.h.l.p.b.i.spaces.QuerySpacesImpl - Adding QuerySpace : uid = <gen:46> -> org.hibernate.loader.plan.build.internal.spaces.CollectionQuerySpaceImpl@35aebf1f]
14:11:16.167 [Test worker] DEBUG o.h.l.p.b.i.spaces.QuerySpacesImpl - Adding QuerySpace : uid = <gen:47> -> org.hibernate.loader.plan.build.internal.spaces.EntityQuerySpaceImpl@6385a7c1]
14:11:16.167 [Test worker] DEBUG o.h.p.w.spi.MetamodelGraphWalker - Visiting attribute path : parent_ns.vnf_dependency.source
14:11:16.167 [Test worker] DEBUG o.h.l.p.b.i.spaces.QuerySpacesImpl - Adding QuerySpace : uid = <gen:48> -> org.hibernate.loader.plan.build.internal.spaces.EntityQuerySpaceImpl@3f2aebe4]
14:11:16.167 [Test worker] DEBUG o.h.p.w.spi.MetamodelGraphWalker - Visiting attribute path : parent_ns.vnf_dependency.target
14:11:16.167 [Test worker] DEBUG o.h.l.p.b.i.spaces.QuerySpacesImpl - Adding QuerySpace : uid = <gen:49> -> org.hibernate.loader.plan.build.internal.spaces.EntityQuerySpaceImpl@1ae4e622]
14:11:16.167 [Test worker] DEBUG o.h.p.w.spi.MetamodelGraphWalker - Visiting attribute path : parent_ns.vnf_dependency.version
14:11:16.167 [Test worker] DEBUG o.h.p.w.spi.MetamodelGraphWalker - Visiting attribute path : parent_ns.vnffgr
14:11:16.167 [Test worker] DEBUG o.h.l.p.b.i.spaces.QuerySpacesImpl - Adding QuerySpace : uid = <gen:50> -> org.hibernate.loader.plan.build.internal.spaces.CollectionQuerySpaceImpl@29c0cff9]
14:11:16.167 [Test worker] DEBUG o.h.l.p.b.i.spaces.QuerySpacesImpl - Adding QuerySpace : uid = <gen:51> -> org.hibernate.loader.plan.build.internal.spaces.EntityQuerySpaceImpl@3195f9d9]
14:11:16.167 [Test worker] DEBUG o.h.p.w.spi.MetamodelGraphWalker - Visiting attribute path : parent_ns.vnffgr.connection_point
14:11:16.167 [Test worker] DEBUG o.h.p.w.spi.MetamodelGraphWalker - Visiting attribute path : parent_ns.vnffgr.constituent_vnfs
14:11:16.167 [Test worker] DEBUG o.h.p.w.spi.MetamodelGraphWalker - Visiting attribute path : parent_ns.vnffgr.dependent_virtual_link
14:11:16.167 [Test worker] DEBUG o.h.p.w.spi.MetamodelGraphWalker - Visiting attribute path : parent_ns.vnffgr.descriptor_version
14:11:16.167 [Test worker] DEBUG o.h.p.w.spi.MetamodelGraphWalker - Visiting attribute path : parent_ns.vnffgr.hb_version
14:11:16.167 [Test worker] DEBUG o.h.p.w.spi.MetamodelGraphWalker - Visiting attribute path : parent_ns.vnffgr.network_forwarding_path
14:11:16.167 [Test worker] DEBUG o.h.p.w.spi.MetamodelGraphWalker - Visiting attribute path : parent_ns.vnffgr.number_of_endpoints
14:11:16.167 [Test worker] DEBUG o.h.p.w.spi.MetamodelGraphWalker - Visiting attribute path : parent_ns.vnffgr.number_of_virtual_links
14:11:16.167 [Test worker] DEBUG o.h.p.w.spi.MetamodelGraphWalker - Visiting attribute path : parent_ns.vnffgr.vendor
14:11:16.167 [Test worker] DEBUG o.h.p.w.spi.MetamodelGraphWalker - Visiting attribute path : parent_ns.vnffgr.version
14:11:16.167 [Test worker] DEBUG o.h.p.w.spi.MetamodelGraphWalker - Visiting attribute path : parent_ns.vnffgr.vnffgd_security
14:11:16.167 [Test worker] DEBUG o.h.l.p.b.i.spaces.QuerySpacesImpl - Adding QuerySpace : uid = <gen:52> -> org.hibernate.loader.plan.build.internal.spaces.EntityQuerySpaceImpl@6b9537b4]
14:11:16.167 [Test worker] DEBUG o.h.p.w.spi.MetamodelGraphWalker - Visiting attribute path : parent_ns.vnfr
14:11:16.168 [Test worker] DEBUG o.h.l.p.b.i.spaces.QuerySpacesImpl - Adding QuerySpace : uid = <gen:53> -> org.hibernate.loader.plan.build.internal.spaces.EntityQuerySpaceImpl@117c419a]
14:11:16.168 [Test worker] DEBUG o.h.p.w.spi.MetamodelGraphWalker - Visiting attribute path : parent_ns.vnfr.audit_log
14:11:16.168 [Test worker] DEBUG o.h.p.w.spi.MetamodelGraphWalker - Visiting attribute path : parent_ns.vnfr.auto_scale_policy
14:11:16.168 [Test worker] DEBUG o.h.l.p.b.i.spaces.QuerySpacesImpl - Adding QuerySpace : uid = <gen:54> -> org.hibernate.loader.plan.build.internal.spaces.CollectionQuerySpaceImpl@15df71f8]
14:11:16.168 [Test worker] DEBUG o.h.l.p.b.i.spaces.QuerySpacesImpl - Adding QuerySpace : uid = <gen:55> -> org.hibernate.loader.plan.build.internal.spaces.EntityQuerySpaceImpl@b35c00]
14:11:16.168 [Test worker] DEBUG o.h.p.w.spi.MetamodelGraphWalker - Visiting attribute path : parent_ns.vnfr.connected_external_virtual_link
14:11:16.168 [Test worker] DEBUG o.h.l.p.b.i.spaces.QuerySpacesImpl - Adding QuerySpace : uid = <gen:56> -> org.hibernate.loader.plan.build.internal.spaces.CollectionQuerySpaceImpl@7f5d045b]
14:11:16.168 [Test worker] DEBUG o.h.l.p.b.i.spaces.QuerySpacesImpl - Adding QuerySpace : uid = <gen:57> -> org.hibernate.loader.plan.build.internal.spaces.EntityQuerySpaceImpl@33c933b0]
14:11:16.168 [Test worker] DEBUG o.h.p.w.spi.MetamodelGraphWalker - Visiting attribute path : parent_ns.vnfr.connection_point
14:11:16.168 [Test worker] DEBUG o.h.l.p.b.i.spaces.QuerySpacesImpl - Adding QuerySpace : uid = <gen:58> -> org.hibernate.loader.plan.build.internal.spaces.CollectionQuerySpaceImpl@5e60825f]
14:11:16.168 [Test worker] DEBUG o.h.l.p.b.i.spaces.QuerySpacesImpl - Adding QuerySpace : uid = <gen:59> -> org.hibernate.loader.plan.build.internal.spaces.EntityQuerySpaceImpl@120f5b61]
14:11:16.168 [Test worker] DEBUG o.h.p.w.spi.MetamodelGraphWalker - Visiting attribute path : parent_ns.vnfr.dependency
14:11:16.168 [Test worker] DEBUG o.h.l.p.b.i.spaces.QuerySpacesImpl - Adding QuerySpace : uid = <gen:60> -> org.hibernate.loader.plan.build.internal.spaces.CollectionQuerySpaceImpl@2e38468a]
14:11:16.168 [Test worker] DEBUG o.h.l.p.b.i.spaces.QuerySpacesImpl - Adding QuerySpace : uid = <gen:61> -> org.hibernate.loader.plan.build.internal.spaces.EntityQuerySpaceImpl@709f25ba]
14:11:16.168 [Test worker] DEBUG o.h.p.w.spi.MetamodelGraphWalker - Visiting attribute path : parent_ns.vnfr.deployment_flavour
14:11:16.168 [Test worker] DEBUG o.h.l.p.b.i.spaces.QuerySpacesImpl - Adding QuerySpace : uid = <gen:62> -> org.hibernate.loader.plan.build.internal.spaces.EntityQuerySpaceImpl@60661019]
14:11:16.168 [Test worker] DEBUG o.h.p.w.spi.MetamodelGraphWalker - Visiting attribute path : parent_ns.vnfr.descriptor_reference
14:11:16.168 [Test worker] DEBUG o.h.p.w.spi.MetamodelGraphWalker - Visiting attribute path : parent_ns.vnfr.lifecycle_event
14:11:16.168 [Test worker] DEBUG o.h.l.p.b.i.spaces.QuerySpacesImpl - Adding QuerySpace : uid = <gen:63> -> org.hibernate.loader.plan.build.internal.spaces.EntityQuerySpaceImpl@4cab0ac0]
14:11:16.168 [Test worker] DEBUG o.h.p.w.spi.MetamodelGraphWalker - Visiting attribute path : parent_ns.vnfr.lifecycle_event_history
14:11:16.168 [Test worker] DEBUG o.h.l.p.b.i.spaces.QuerySpacesImpl - Adding QuerySpace : uid = <gen:64> -> org.hibernate.loader.plan.build.internal.spaces.CollectionQuerySpaceImpl@714eea92]
14:11:16.168 [Test worker] DEBUG o.h.l.p.b.i.spaces.QuerySpacesImpl - Adding QuerySpace : uid = <gen:65> -> org.hibernate.loader.plan.build.internal.spaces.EntityQuerySpaceImpl@740a515b]
14:11:16.168 [Test worker] DEBUG o.h.p.w.spi.MetamodelGraphWalker - Visiting attribute path : parent_ns.vnfr.localization
14:11:16.168 [Test worker] DEBUG o.h.p.w.spi.MetamodelGraphWalker - Visiting attribute path : parent_ns.vnfr.monitoring_parameter
14:11:16.168 [Test worker] DEBUG o.h.p.w.spi.MetamodelGraphWalker - Visiting attribute path : parent_ns.vnfr.notification
14:11:16.168 [Test worker] DEBUG o.h.p.w.spi.MetamodelGraphWalker - Visiting attribute path : parent_ns.vnfr.parent_ns
14:11:16.168 [Test worker] DEBUG o.h.l.p.b.i.spaces.QuerySpacesImpl - Adding QuerySpace : uid = <gen:66> -> org.hibernate.loader.plan.build.internal.spaces.EntityQuerySpaceImpl@516368e1]
14:11:16.168 [Test worker] DEBUG o.h.p.w.spi.MetamodelGraphWalker - Visiting attribute path : parent_ns.vnfr.runtime_policy_info
14:11:16.168 [Test worker] DEBUG o.h.p.w.spi.MetamodelGraphWalker - Visiting attribute path : parent_ns.vnfr.status
14:11:16.168 [Test worker] DEBUG o.h.p.w.spi.MetamodelGraphWalker - Visiting attribute path : parent_ns.vnfr.vdu
14:11:16.168 [Test worker] DEBUG o.h.l.p.b.i.spaces.QuerySpacesImpl - Adding QuerySpace : uid = <gen:67> -> org.hibernate.loader.plan.build.internal.spaces.CollectionQuerySpaceImpl@557ab585]
14:11:16.168 [Test worker] DEBUG o.h.l.p.b.i.spaces.QuerySpacesImpl - Adding QuerySpace : uid = <gen:68> -> org.hibernate.loader.plan.build.internal.spaces.EntityQuerySpaceImpl@6b235a9a]
14:11:16.168 [Test worker] DEBUG o.h.p.w.spi.MetamodelGraphWalker - Visiting attribute path : parent_ns.vnfr.vendor
14:11:16.168 [Test worker] DEBUG o.h.p.w.spi.MetamodelGraphWalker - Visiting attribute path : parent_ns.vnfr.version
14:11:16.169 [Test worker] DEBUG o.h.p.w.spi.MetamodelGraphWalker - Visiting attribute path : parent_ns.vnfr.virtual_link
14:11:16.169 [Test worker] DEBUG o.h.l.p.b.i.spaces.QuerySpacesImpl - Adding QuerySpace : uid = <gen:69> -> org.hibernate.loader.plan.build.internal.spaces.CollectionQuerySpaceImpl@5e116b69]
14:11:16.169 [Test worker] DEBUG o.h.l.p.b.i.spaces.QuerySpacesImpl - Adding QuerySpace : uid = <gen:70> -> org.hibernate.loader.plan.build.internal.spaces.EntityQuerySpaceImpl@49a2eabe]
14:11:16.169 [Test worker] DEBUG o.h.p.w.spi.MetamodelGraphWalker - Visiting attribute path : parent_ns.vnfr.vnf_address
14:11:16.169 [Test worker] DEBUG o.h.p.w.spi.MetamodelGraphWalker - Visiting attribute path : parent_ns.vnfr.vnfm_id
14:11:16.169 [Test worker] DEBUG o.h.p.w.spi.MetamodelGraphWalker - Visiting attribute path : pnf_address
14:11:16.169 [Test worker] DEBUG o.h.p.w.spi.MetamodelGraphWalker - Visiting attribute path : vendor
14:11:16.169 [Test worker] DEBUG o.h.p.w.spi.MetamodelGraphWalker - Visiting attribute path : version
14:11:16.169 [Test worker] DEBUG o.h.p.w.spi.MetamodelGraphWalker - Visiting attribute path : vnffgr
14:11:16.169 [Test worker] DEBUG o.h.l.p.b.i.spaces.QuerySpacesImpl - Adding QuerySpace : uid = <gen:71> -> org.hibernate.loader.plan.build.internal.spaces.CollectionQuerySpaceImpl@66e185b6]
14:11:16.169 [Test worker] DEBUG o.h.l.p.b.i.spaces.QuerySpacesImpl - Adding QuerySpace : uid = <gen:72> -> org.hibernate.loader.plan.build.internal.spaces.EntityQuerySpaceImpl@6011a47e]
14:11:16.169 [Test worker] DEBUG o.h.p.w.spi.MetamodelGraphWalker - Visiting attribute path : vnffgr.audit_log
14:11:16.169 [Test worker] DEBUG o.h.p.w.spi.MetamodelGraphWalker - Visiting attribute path : vnffgr.connection_point
14:11:16.169 [Test worker] DEBUG o.h.l.p.b.i.spaces.QuerySpacesImpl - Adding QuerySpace : uid = <gen:73> -> org.hibernate.loader.plan.build.internal.spaces.CollectionQuerySpaceImpl@68222d20]
14:11:16.169 [Test worker] DEBUG o.h.l.p.b.i.spaces.QuerySpacesImpl - Adding QuerySpace : uid = <gen:74> -> org.hibernate.loader.plan.build.internal.spaces.EntityQuerySpaceImpl@1bc0c549]
14:11:16.169 [Test worker] DEBUG o.h.p.w.spi.MetamodelGraphWalker - Visiting attribute path : vnffgr.connection_point.type
14:11:16.169 [Test worker] DEBUG o.h.p.w.spi.MetamodelGraphWalker - Visiting attribute path : vnffgr.connection_point.version
14:11:16.169 [Test worker] DEBUG o.h.p.w.spi.MetamodelGraphWalker - Visiting attribute path : vnffgr.connection_point.virtual_link_reference
14:11:16.169 [Test worker] DEBUG o.h.p.w.spi.MetamodelGraphWalker - Visiting attribute path : vnffgr.dependent_virtual_link
14:11:16.169 [Test worker] DEBUG o.h.l.p.b.i.spaces.QuerySpacesImpl - Adding QuerySpace : uid = <gen:75> -> org.hibernate.loader.plan.build.internal.spaces.CollectionQuerySpaceImpl@71badec]
14:11:16.169 [Test worker] DEBUG o.h.l.p.b.i.spaces.QuerySpacesImpl - Adding QuerySpace : uid = <gen:76> -> org.hibernate.loader.plan.build.internal.spaces.EntityQuerySpaceImpl@2a376499]
14:11:16.169 [Test worker] DEBUG o.h.p.w.spi.MetamodelGraphWalker - Visiting attribute path : vnffgr.dependent_virtual_link.allocated_capacity
14:11:16.170 [Test worker] DEBUG o.h.p.w.spi.MetamodelGraphWalker - Visiting attribute path : vnffgr.dependent_virtual_link.audit_log
14:11:16.170 [Test worker] DEBUG o.h.p.w.spi.MetamodelGraphWalker - Visiting attribute path : vnffgr.dependent_virtual_link.connection
14:11:16.170 [Test worker] DEBUG o.h.p.w.spi.MetamodelGraphWalker - Visiting attribute path : vnffgr.dependent_virtual_link.connectivity_type
14:11:16.170 [Test worker] DEBUG o.h.p.w.spi.MetamodelGraphWalker - Visiting attribute path : vnffgr.dependent_virtual_link.descriptor_reference
14:11:16.170 [Test worker] DEBUG o.h.p.w.spi.MetamodelGraphWalker - Visiting attribute path : vnffgr.dependent_virtual_link.leaf_requirement
14:11:16.170 [Test worker] DEBUG o.h.p.w.spi.MetamodelGraphWalker - Visiting attribute path : vnffgr.dependent_virtual_link.lifecycle_event_history
14:11:16.170 [Test worker] DEBUG o.h.p.w.spi.MetamodelGraphWalker - Property path deemed to be circular : vnffgr.dependent_virtual_link.lifecycle_event_history
14:11:16.170 [Test worker] DEBUG o.h.p.w.spi.MetamodelGraphWalker - Visiting attribute path : vnffgr.dependent_virtual_link.notification
14:11:16.170 [Test worker] DEBUG o.h.p.w.spi.MetamodelGraphWalker - Visiting attribute path : vnffgr.dependent_virtual_link.number_of_enpoints
14:11:16.170 [Test worker] DEBUG o.h.p.w.spi.MetamodelGraphWalker - Visiting attribute path : vnffgr.dependent_virtual_link.parent_ns
14:11:16.170 [Test worker] DEBUG o.h.p.w.spi.MetamodelGraphWalker - Visiting attribute path : vnffgr.dependent_virtual_link.qos
14:11:16.170 [Test worker] DEBUG o.h.p.w.spi.MetamodelGraphWalker - Visiting attribute path : vnffgr.dependent_virtual_link.root_requirement
14:11:16.170 [Test worker] DEBUG o.h.p.w.spi.MetamodelGraphWalker - Visiting attribute path : vnffgr.dependent_virtual_link.status
14:11:16.170 [Test worker] DEBUG o.h.p.w.spi.MetamodelGraphWalker - Visiting attribute path : vnffgr.dependent_virtual_link.test_access
14:11:16.170 [Test worker] DEBUG o.h.p.w.spi.MetamodelGraphWalker - Visiting attribute path : vnffgr.dependent_virtual_link.vendor
14:11:16.170 [Test worker] DEBUG o.h.p.w.spi.MetamodelGraphWalker - Visiting attribute path : vnffgr.dependent_virtual_link.version
14:11:16.170 [Test worker] DEBUG o.h.p.w.spi.MetamodelGraphWalker - Visiting attribute path : vnffgr.dependent_virtual_link.vim_id
14:11:16.170 [Test worker] DEBUG o.h.p.w.spi.MetamodelGraphWalker - Visiting attribute path : vnffgr.dependent_virtual_link.vnffgr_reference
14:11:16.170 [Test worker] DEBUG o.h.p.w.spi.MetamodelGraphWalker - Property path deemed to be circular : vnffgr.dependent_virtual_link.vnffgr_reference
14:11:16.170 [Test worker] DEBUG o.h.p.w.spi.MetamodelGraphWalker - Visiting attribute path : vnffgr.descriptor_reference
14:11:16.170 [Test worker] DEBUG o.h.l.p.b.i.spaces.QuerySpacesImpl - Adding QuerySpace : uid = <gen:77> -> org.hibernate.loader.plan.build.internal.spaces.EntityQuerySpaceImpl@69d03157]
14:11:16.170 [Test worker] DEBUG o.h.p.w.spi.MetamodelGraphWalker - Visiting attribute path : vnffgr.descriptor_reference.connection_point
14:11:16.170 [Test worker] DEBUG o.h.p.w.spi.MetamodelGraphWalker - Visiting attribute path : vnffgr.descriptor_reference.constituent_vnfs
14:11:16.170 [Test worker] DEBUG o.h.p.w.spi.MetamodelGraphWalker - Visiting attribute path : vnffgr.descriptor_reference.dependent_virtual_link
14:11:16.170 [Test worker] DEBUG o.h.p.w.spi.MetamodelGraphWalker - Visiting attribute path : vnffgr.descriptor_reference.descriptor_version
14:11:16.170 [Test worker] DEBUG o.h.p.w.spi.MetamodelGraphWalker - Visiting attribute path : vnffgr.descriptor_reference.hb_version
14:11:16.170 [Test worker] DEBUG o.h.p.w.spi.MetamodelGraphWalker - Visiting attribute path : vnffgr.descriptor_reference.network_forwarding_path
14:11:16.170 [Test worker] DEBUG o.h.p.w.spi.MetamodelGraphWalker - Visiting attribute path : vnffgr.descriptor_reference.number_of_endpoints
14:11:16.170 [Test worker] DEBUG o.h.p.w.spi.MetamodelGraphWalker - Visiting attribute path : vnffgr.descriptor_reference.number_of_virtual_links
14:11:16.170 [Test worker] DEBUG o.h.p.w.spi.MetamodelGraphWalker - Visiting attribute path : vnffgr.descriptor_reference.vendor
14:11:16.170 [Test worker] DEBUG o.h.p.w.spi.MetamodelGraphWalker - Visiting attribute path : vnffgr.descriptor_reference.version
14:11:16.170 [Test worker] DEBUG o.h.p.w.spi.MetamodelGraphWalker - Visiting attribute path : vnffgr.descriptor_reference.vnffgd_security
14:11:16.170 [Test worker] DEBUG o.h.l.p.b.i.spaces.QuerySpacesImpl - Adding QuerySpace : uid = <gen:78> -> org.hibernate.loader.plan.build.internal.spaces.EntityQuerySpaceImpl@4d147de]
14:11:16.170 [Test worker] DEBUG o.h.p.w.spi.MetamodelGraphWalker - Visiting attribute path : vnffgr.lifecycle_event_history
14:11:16.170 [Test worker] DEBUG o.h.l.p.b.i.spaces.QuerySpacesImpl - Adding QuerySpace : uid = <gen:79> -> org.hibernate.loader.plan.build.internal.spaces.CollectionQuerySpaceImpl@47c5424a]
14:11:16.170 [Test worker] DEBUG o.h.l.p.b.i.spaces.QuerySpacesImpl - Adding QuerySpace : uid = <gen:80> -> org.hibernate.loader.plan.build.internal.spaces.EntityQuerySpaceImpl@67832d15]
14:11:16.170 [Test worker] DEBUG o.h.p.w.spi.MetamodelGraphWalker - Visiting attribute path : vnffgr.lifecycle_event_history.lifecycle_events
14:11:16.170 [Test worker] DEBUG o.h.p.w.spi.MetamodelGraphWalker - Visiting attribute path : vnffgr.lifecycle_event_history.version
14:11:16.171 [Test worker] DEBUG o.h.p.w.spi.MetamodelGraphWalker - Visiting attribute path : vnffgr.member_vnfs
14:11:16.171 [Test worker] DEBUG o.h.l.p.b.i.spaces.QuerySpacesImpl - Adding QuerySpace : uid = <gen:81> -> org.hibernate.loader.plan.build.internal.spaces.CollectionQuerySpaceImpl@48b53def]
14:11:16.171 [Test worker] DEBUG o.h.l.p.b.i.spaces.QuerySpacesImpl - Adding QuerySpace : uid = <gen:82> -> org.hibernate.loader.plan.build.internal.spaces.EntityQuerySpaceImpl@72f53b33]
14:11:16.171 [Test worker] DEBUG o.h.p.w.spi.MetamodelGraphWalker - Visiting attribute path : vnffgr.member_vnfs.audit_log
14:11:16.171 [Test worker] DEBUG o.h.p.w.spi.MetamodelGraphWalker - Visiting attribute path : vnffgr.member_vnfs.auto_scale_policy
14:11:16.171 [Test worker] DEBUG o.h.l.p.b.i.spaces.QuerySpacesImpl - Adding QuerySpace : uid = <gen:83> -> org.hibernate.loader.plan.build.internal.spaces.CollectionQuerySpaceImpl@7df75478]
14:11:16.171 [Test worker] DEBUG o.h.l.p.b.i.spaces.QuerySpacesImpl - Adding QuerySpace : uid = <gen:84> -> org.hibernate.loader.plan.build.internal.spaces.EntityQuerySpaceImpl@78cad2e3]
14:11:16.171 [Test worker] DEBUG o.h.p.w.spi.MetamodelGraphWalker - Visiting attribute path : vnffgr.member_vnfs.connected_external_virtual_link
14:11:16.171 [Test worker] DEBUG o.h.l.p.b.i.spaces.QuerySpacesImpl - Adding QuerySpace : uid = <gen:85> -> org.hibernate.loader.plan.build.internal.spaces.CollectionQuerySpaceImpl@4bdb7309]
14:11:16.171 [Test worker] DEBUG o.h.l.p.b.i.spaces.QuerySpacesImpl - Adding QuerySpace : uid = <gen:86> -> org.hibernate.loader.plan.build.internal.spaces.EntityQuerySpaceImpl@345d7ac7]
14:11:16.171 [Test worker] DEBUG o.h.p.w.spi.MetamodelGraphWalker - Visiting attribute path : vnffgr.member_vnfs.connection_point
14:11:16.171 [Test worker] DEBUG o.h.l.p.b.i.spaces.QuerySpacesImpl - Adding QuerySpace : uid = <gen:87> -> org.hibernate.loader.plan.build.internal.spaces.CollectionQuerySpaceImpl@6527b9ac]
14:11:16.171 [Test worker] DEBUG o.h.l.p.b.i.spaces.QuerySpacesImpl - Adding QuerySpace : uid = <gen:88> -> org.hibernate.loader.plan.build.internal.spaces.EntityQuerySpaceImpl@130eff16]
14:11:16.171 [Test worker] DEBUG o.h.p.w.spi.MetamodelGraphWalker - Visiting attribute path : vnffgr.member_vnfs.dependency
14:11:16.171 [Test worker] DEBUG o.h.l.p.b.i.spaces.QuerySpacesImpl - Adding QuerySpace : uid = <gen:89> -> org.hibernate.loader.plan.build.internal.spaces.CollectionQuerySpaceImpl@3d8d0720]
14:11:16.171 [Test worker] DEBUG o.h.l.p.b.i.spaces.QuerySpacesImpl - Adding QuerySpace : uid = <gen:90> -> org.hibernate.loader.plan.build.internal.spaces.EntityQuerySpaceImpl@75cee571]
14:11:16.171 [Test worker] DEBUG o.h.p.w.spi.MetamodelGraphWalker - Visiting attribute path : vnffgr.member_vnfs.deployment_flavour
14:11:16.171 [Test worker] DEBUG o.h.l.p.b.i.spaces.QuerySpacesImpl - Adding QuerySpace : uid = <gen:91> -> org.hibernate.loader.plan.build.internal.spaces.EntityQuerySpaceImpl@62399a23]
14:11:16.171 [Test worker] DEBUG o.h.p.w.spi.MetamodelGraphWalker - Visiting attribute path : vnffgr.member_vnfs.descriptor_reference
14:11:16.171 [Test worker] DEBUG o.h.p.w.spi.MetamodelGraphWalker - Visiting attribute path : vnffgr.member_vnfs.lifecycle_event
14:11:16.171 [Test worker] DEBUG o.h.l.p.b.i.spaces.QuerySpacesImpl - Adding QuerySpace : uid = <gen:92> -> org.hibernate.loader.plan.build.internal.spaces.EntityQuerySpaceImpl@33b6a236]
14:11:16.171 [Test worker] DEBUG o.h.p.w.spi.MetamodelGraphWalker - Visiting attribute path : vnffgr.member_vnfs.lifecycle_event_history
14:11:16.171 [Test worker] DEBUG o.h.l.p.b.i.spaces.QuerySpacesImpl - Adding QuerySpace : uid = <gen:93> -> org.hibernate.loader.plan.build.internal.spaces.CollectionQuerySpaceImpl@1b53a1c0]
14:11:16.171 [Test worker] DEBUG o.h.l.p.b.i.spaces.QuerySpacesImpl - Adding QuerySpace : uid = <gen:94> -> org.hibernate.loader.plan.build.internal.spaces.EntityQuerySpaceImpl@fa05244]
14:11:16.171 [Test worker] DEBUG o.h.p.w.spi.MetamodelGraphWalker - Visiting attribute path : vnffgr.member_vnfs.localization
14:11:16.172 [Test worker] DEBUG o.h.p.w.spi.MetamodelGraphWalker - Visiting attribute path : vnffgr.member_vnfs.monitoring_parameter
14:11:16.172 [Test worker] DEBUG o.h.p.w.spi.MetamodelGraphWalker - Visiting attribute path : vnffgr.member_vnfs.notification
14:11:16.172 [Test worker] DEBUG o.h.p.w.spi.MetamodelGraphWalker - Visiting attribute path : vnffgr.member_vnfs.parent_ns
14:11:16.172 [Test worker] DEBUG o.h.l.p.b.i.spaces.QuerySpacesImpl - Adding QuerySpace : uid = <gen:95> -> org.hibernate.loader.plan.build.internal.spaces.EntityQuerySpaceImpl@6678f65f]
14:11:16.172 [Test worker] DEBUG o.h.p.w.spi.MetamodelGraphWalker - Visiting attribute path : vnffgr.member_vnfs.runtime_policy_info
14:11:16.172 [Test worker] DEBUG o.h.p.w.spi.MetamodelGraphWalker - Visiting attribute path : vnffgr.member_vnfs.status
14:11:16.172 [Test worker] DEBUG o.h.p.w.spi.MetamodelGraphWalker - Visiting attribute path : vnffgr.member_vnfs.vdu
14:11:16.172 [Test worker] DEBUG o.h.l.p.b.i.spaces.QuerySpacesImpl - Adding QuerySpace : uid = <gen:96> -> org.hibernate.loader.plan.build.internal.spaces.CollectionQuerySpaceImpl@f770b88]
14:11:16.172 [Test worker] DEBUG o.h.l.p.b.i.spaces.QuerySpacesImpl - Adding QuerySpace : uid = <gen:97> -> org.hibernate.loader.plan.build.internal.spaces.EntityQuerySpaceImpl@509615a6]
14:11:16.172 [Test worker] DEBUG o.h.p.w.spi.MetamodelGraphWalker - Visiting attribute path : vnffgr.member_vnfs.vendor
14:11:16.172 [Test worker] DEBUG o.h.p.w.spi.MetamodelGraphWalker - Visiting attribute path : vnffgr.member_vnfs.version
14:11:16.172 [Test worker] DEBUG o.h.p.w.spi.MetamodelGraphWalker - Visiting attribute path : vnffgr.member_vnfs.virtual_link
14:11:16.172 [Test worker] DEBUG o.h.l.p.b.i.spaces.QuerySpacesImpl - Adding QuerySpace : uid = <gen:98> -> org.hibernate.loader.plan.build.internal.spaces.CollectionQuerySpaceImpl@2d676e9f]
14:11:16.172 [Test worker] DEBUG o.h.l.p.b.i.spaces.QuerySpacesImpl - Adding QuerySpace : uid = <gen:99> -> org.hibernate.loader.plan.build.internal.spaces.EntityQuerySpaceImpl@618fa002]
14:11:16.172 [Test worker] DEBUG o.h.p.w.spi.MetamodelGraphWalker - Visiting attribute path : vnffgr.member_vnfs.vnf_address
14:11:16.172 [Test worker] DEBUG o.h.p.w.spi.MetamodelGraphWalker - Visiting attribute path : vnffgr.member_vnfs.vnfm_id
14:11:16.172 [Test worker] DEBUG o.h.p.w.spi.MetamodelGraphWalker - Visiting attribute path : vnffgr.network_forwarding_path
14:11:16.172 [Test worker] DEBUG o.h.l.p.b.i.spaces.QuerySpacesImpl - Adding QuerySpace : uid = <gen:100> -> org.hibernate.loader.plan.build.internal.spaces.EntityQuerySpaceImpl@1c521558]
14:11:16.172 [Test worker] DEBUG o.h.p.w.spi.MetamodelGraphWalker - Visiting attribute path : vnffgr.network_forwarding_path.connection
14:11:16.172 [Test worker] DEBUG o.h.l.p.b.i.spaces.QuerySpacesImpl - Adding QuerySpace : uid = <gen:101> -> org.hibernate.loader.plan.build.internal.spaces.CollectionQuerySpaceImpl@1d65b0c9]
14:11:16.172 [Test worker] DEBUG o.h.p.w.spi.MetamodelGraphWalker - Visiting attribute path : vnffgr.network_forwarding_path.policy
14:11:16.172 [Test worker] DEBUG o.h.l.p.b.i.spaces.QuerySpacesImpl - Adding QuerySpace : uid = <gen:102> -> org.hibernate.loader.plan.build.internal.spaces.EntityQuerySpaceImpl@7f396b32]
14:11:16.172 [Test worker] DEBUG o.h.p.w.spi.MetamodelGraphWalker - Visiting attribute path : vnffgr.network_forwarding_path.version
14:11:16.173 [Test worker] DEBUG o.h.p.w.spi.MetamodelGraphWalker - Visiting attribute path : vnffgr.notification
14:11:16.173 [Test worker] DEBUG o.h.p.w.spi.MetamodelGraphWalker - Visiting attribute path : vnffgr.number_of_endpoints
14:11:16.173 [Test worker] DEBUG o.h.p.w.spi.MetamodelGraphWalker - Visiting attribute path : vnffgr.number_of_pnfs
14:11:16.173 [Test worker] DEBUG o.h.p.w.spi.MetamodelGraphWalker - Visiting attribute path : vnffgr.number_of_virtual_links
14:11:16.173 [Test worker] DEBUG o.h.p.w.spi.MetamodelGraphWalker - Visiting attribute path : vnffgr.number_of_vnfs
14:11:16.173 [Test worker] DEBUG o.h.p.w.spi.MetamodelGraphWalker - Visiting attribute path : vnffgr.parent_ns
14:11:16.173 [Test worker] DEBUG o.h.l.p.b.i.spaces.QuerySpacesImpl - Adding QuerySpace : uid = <gen:103> -> org.hibernate.loader.plan.build.internal.spaces.EntityQuerySpaceImpl@12ace0df]
14:11:16.173 [Test worker] DEBUG o.h.p.w.spi.MetamodelGraphWalker - Visiting attribute path : vnffgr.parent_ns.audit_log
14:11:16.173 [Test worker] DEBUG o.h.p.w.spi.MetamodelGraphWalker - Visiting attribute path : vnffgr.parent_ns.auto_scale_policy
14:11:16.173 [Test worker] DEBUG o.h.p.w.spi.MetamodelGraphWalker - Property path deemed to be circular : vnffgr.parent_ns.auto_scale_policy
14:11:16.173 [Test worker] DEBUG o.h.p.w.spi.MetamodelGraphWalker - Visiting attribute path : vnffgr.parent_ns.connection_point
14:11:16.173 [Test worker] DEBUG o.h.p.w.spi.MetamodelGraphWalker - Property path deemed to be circular : vnffgr.parent_ns.connection_point
14:11:16.173 [Test worker] DEBUG o.h.p.w.spi.MetamodelGraphWalker - Visiting attribute path : vnffgr.parent_ns.descriptor_reference
14:11:16.173 [Test worker] DEBUG o.h.p.w.spi.MetamodelGraphWalker - Property path deemed to be circular : vnffgr.parent_ns.descriptor_reference
14:11:16.173 [Test worker] DEBUG o.h.p.w.spi.MetamodelGraphWalker - Visiting attribute path : vnffgr.parent_ns.lifecycle_event
14:11:16.173 [Test worker] DEBUG o.h.p.w.spi.MetamodelGraphWalker - Property path deemed to be circular : vnffgr.parent_ns.lifecycle_event
14:11:16.173 [Test worker] DEBUG o.h.p.w.spi.MetamodelGraphWalker - Visiting attribute path : vnffgr.parent_ns.lifecycle_event_history
14:11:16.173 [Test worker] DEBUG o.h.p.w.spi.MetamodelGraphWalker - Property path deemed to be circular : vnffgr.parent_ns.lifecycle_event_history
14:11:16.173 [Test worker] DEBUG o.h.p.w.spi.MetamodelGraphWalker - Visiting attribute path : vnffgr.parent_ns.monitoring_parameter
14:11:16.173 [Test worker] DEBUG o.h.p.w.spi.MetamodelGraphWalker - Visiting attribute path : vnffgr.parent_ns.notification
14:11:16.173 [Test worker] DEBUG o.h.p.w.spi.MetamodelGraphWalker - Visiting attribute path : vnffgr.parent_ns.pnfr
14:11:16.173 [Test worker] DEBUG o.h.p.w.spi.MetamodelGraphWalker - Property path deemed to be circular : vnffgr.parent_ns.pnfr
14:11:16.173 [Test worker] DEBUG o.h.p.w.spi.MetamodelGraphWalker - Visiting attribute path : vnffgr.parent_ns.resource_reservation
14:11:16.173 [Test worker] DEBUG o.h.p.w.spi.MetamodelGraphWalker - Visiting attribute path : vnffgr.parent_ns.runtime_policy_info
14:11:16.173 [Test worker] DEBUG o.h.p.w.spi.MetamodelGraphWalker - Visiting attribute path : vnffgr.parent_ns.service_deployment_flavour
14:11:16.173 [Test worker] DEBUG o.h.p.w.spi.MetamodelGraphWalker - Property path deemed to be circular : vnffgr.parent_ns.service_deployment_flavour
14:11:16.173 [Test worker] DEBUG o.h.p.w.spi.MetamodelGraphWalker - Visiting attribute path : vnffgr.parent_ns.status
14:11:16.173 [Test worker] DEBUG o.h.p.w.spi.MetamodelGraphWalker - Visiting attribute path : vnffgr.parent_ns.vendor
14:11:16.173 [Test worker] DEBUG o.h.p.w.spi.MetamodelGraphWalker - Visiting attribute path : vnffgr.parent_ns.version
14:11:16.173 [Test worker] DEBUG o.h.p.w.spi.MetamodelGraphWalker - Visiting attribute path : vnffgr.parent_ns.vlr
14:11:16.173 [Test worker] DEBUG o.h.p.w.spi.MetamodelGraphWalker - Property path deemed to be circular : vnffgr.parent_ns.vlr
14:11:16.173 [Test worker] DEBUG o.h.p.w.spi.MetamodelGraphWalker - Visiting attribute path : vnffgr.parent_ns.vnf_dependency
14:11:16.173 [Test worker] DEBUG o.h.p.w.spi.MetamodelGraphWalker - Property path deemed to be circular : vnffgr.parent_ns.vnf_dependency
14:11:16.173 [Test worker] DEBUG o.h.p.w.spi.MetamodelGraphWalker - Visiting attribute path : vnffgr.parent_ns.vnffgr
14:11:16.173 [Test worker] DEBUG o.h.p.w.spi.MetamodelGraphWalker - Property path deemed to be circular : vnffgr.parent_ns.vnffgr
14:11:16.173 [Test worker] DEBUG o.h.p.w.spi.MetamodelGraphWalker - Visiting attribute path : vnffgr.parent_ns.vnfr
14:11:16.173 [Test worker] DEBUG o.h.p.w.spi.MetamodelGraphWalker - Property path deemed to be circular : vnffgr.parent_ns.vnfr
14:11:16.174 [Test worker] DEBUG o.h.p.w.spi.MetamodelGraphWalker - Visiting attribute path : vnffgr.status
14:11:16.174 [Test worker] DEBUG o.h.p.w.spi.MetamodelGraphWalker - Visiting attribute path : vnffgr.vendor
14:11:16.174 [Test worker] DEBUG o.h.p.w.spi.MetamodelGraphWalker - Visiting attribute path : vnffgr.version
14:11:16.174 [Test worker] DEBUG o.h.l.p.b.i.FetchStyleLoadPlanBuildingAssociationVisitationStrategy - Building LoadPlan...
14:11:16.174 [Test worker] DEBUG o.h.l.p.e.i.LoadQueryJoinAndFetchProcessor - processing queryspace <gen:0>
14:11:16.180 [Test worker] DEBUG o.h.l.p.b.spi.LoadPlanTreePrinter - LoadPlan(entity=org.project.neutrino.nfvo.catalogue.mano.record.PhysicalNetworkFunctionRecord)
    - Returns
       - EntityReturnImpl(entity=org.project.neutrino.nfvo.catalogue.mano.record.PhysicalNetworkFunctionRecord, querySpaceUid=<gen:0>, path=org.project.neutrino.nfvo.catalogue.mano.record.PhysicalNetworkFunctionRecord)
          - CollectionAttributeFetchImpl(collection=org.project.neutrino.nfvo.catalogue.mano.record.PhysicalNetworkFunctionRecord.connected_virtual_link, querySpaceUid=<gen:1>, path=org.project.neutrino.nfvo.catalogue.mano.record.PhysicalNetworkFunctionRecord.connected_virtual_link)
             - (collection element) CollectionFetchableElementEntityGraph(entity=org.project.neutrino.nfvo.catalogue.mano.record.VirtualLinkRecord, querySpaceUid=<gen:2>, path=org.project.neutrino.nfvo.catalogue.mano.record.PhysicalNetworkFunctionRecord.connected_virtual_link.<elements>)
                - CollectionAttributeFetchImpl(collection=org.project.neutrino.nfvo.catalogue.mano.record.VirtualLinkRecord.lifecycle_event_history, querySpaceUid=<gen:3>, path=org.project.neutrino.nfvo.catalogue.mano.record.PhysicalNetworkFunctionRecord.connected_virtual_link.<elements>.lifecycle_event_history)
                   - (collection element) CollectionFetchableElementEntityGraph(entity=org.project.neutrino.nfvo.catalogue.mano.common.LifecycleEvent, querySpaceUid=<gen:4>, path=org.project.neutrino.nfvo.catalogue.mano.record.PhysicalNetworkFunctionRecord.connected_virtual_link.<elements>.lifecycle_event_history.<elements>)
                - CollectionAttributeFetchImpl(collection=org.project.neutrino.nfvo.catalogue.mano.record.VirtualLinkRecord.vnffgr_reference, querySpaceUid=<gen:5>, path=org.project.neutrino.nfvo.catalogue.mano.record.PhysicalNetworkFunctionRecord.connected_virtual_link.<elements>.vnffgr_reference)
                   - (collection element) CollectionFetchableElementEntityGraph(entity=org.project.neutrino.nfvo.catalogue.mano.record.VNFForwardingGraphRecord, querySpaceUid=<gen:6>, path=org.project.neutrino.nfvo.catalogue.mano.record.PhysicalNetworkFunctionRecord.connected_virtual_link.<elements>.vnffgr_reference.<elements>)
                      - CollectionAttributeFetchImpl(collection=org.project.neutrino.nfvo.catalogue.mano.record.VNFForwardingGraphRecord.connection_point, querySpaceUid=<gen:7>, path=org.project.neutrino.nfvo.catalogue.mano.record.PhysicalNetworkFunctionRecord.connected_virtual_link.<elements>.vnffgr_reference.<elements>.connection_point)
                         - (collection element) CollectionFetchableElementEntityGraph(entity=org.project.neutrino.nfvo.catalogue.mano.descriptor.VNFDConnectionPoint, querySpaceUid=<gen:8>, path=org.project.neutrino.nfvo.catalogue.mano.record.PhysicalNetworkFunctionRecord.connected_virtual_link.<elements>.vnffgr_reference.<elements>.connection_point.<elements>)
                      - CollectionAttributeFetchImpl(collection=org.project.neutrino.nfvo.catalogue.mano.record.VNFForwardingGraphRecord.dependent_virtual_link, querySpaceUid=<gen:9>, path=org.project.neutrino.nfvo.catalogue.mano.record.PhysicalNetworkFunctionRecord.connected_virtual_link.<elements>.vnffgr_reference.<elements>.dependent_virtual_link)
                         - (collection element) CollectionFetchableElementEntityGraph(entity=org.project.neutrino.nfvo.catalogue.mano.record.VirtualLinkRecord, querySpaceUid=<gen:10>, path=org.project.neutrino.nfvo.catalogue.mano.record.PhysicalNetworkFunctionRecord.connected_virtual_link.<elements>.vnffgr_reference.<elements>.dependent_virtual_link.<elements>)
                      - EntityAttributeFetchImpl(entity=org.project.neutrino.nfvo.catalogue.mano.descriptor.VNFForwardingGraph, querySpaceUid=<gen:11>, path=org.project.neutrino.nfvo.catalogue.mano.record.PhysicalNetworkFunctionRecord.connected_virtual_link.<elements>.vnffgr_reference.<elements>.descriptor_reference)
                      - CollectionAttributeFetchImpl(collection=org.project.neutrino.nfvo.catalogue.mano.record.VNFForwardingGraphRecord.lifecycle_event_history, querySpaceUid=<gen:12>, path=org.project.neutrino.nfvo.catalogue.mano.record.PhysicalNetworkFunctionRecord.connected_virtual_link.<elements>.vnffgr_reference.<elements>.lifecycle_event_history)
                         - (collection element) CollectionFetchableElementEntityGraph(entity=org.project.neutrino.nfvo.catalogue.mano.common.LifecycleEvent, querySpaceUid=<gen:13>, path=org.project.neutrino.nfvo.catalogue.mano.record.PhysicalNetworkFunctionRecord.connected_virtual_link.<elements>.vnffgr_reference.<elements>.lifecycle_event_history.<elements>)
                      - CollectionAttributeFetchImpl(collection=org.project.neutrino.nfvo.catalogue.mano.record.VNFForwardingGraphRecord.member_vnfs, querySpaceUid=<gen:14>, path=org.project.neutrino.nfvo.catalogue.mano.record.PhysicalNetworkFunctionRecord.connected_virtual_link.<elements>.vnffgr_reference.<elements>.member_vnfs)
                         - (collection element) CollectionFetchableElementEntityGraph(entity=org.project.neutrino.nfvo.catalogue.mano.record.VirtualNetworkFunctionRecord, querySpaceUid=<gen:15>, path=org.project.neutrino.nfvo.catalogue.mano.record.PhysicalNetworkFunctionRecord.connected_virtual_link.<elements>.vnffgr_reference.<elements>.member_vnfs.<elements>)
                      - EntityAttributeFetchImpl(entity=org.project.neutrino.nfvo.catalogue.mano.descriptor.NetworkForwardingPath, querySpaceUid=<gen:16>, path=org.project.neutrino.nfvo.catalogue.mano.record.PhysicalNetworkFunctionRecord.connected_virtual_link.<elements>.vnffgr_reference.<elements>.network_forwarding_path)
                      - EntityAttributeFetchImpl(entity=org.project.neutrino.nfvo.catalogue.mano.record.NetworkServiceRecord, querySpaceUid=<gen:17>, path=org.project.neutrino.nfvo.catalogue.mano.record.PhysicalNetworkFunctionRecord.connected_virtual_link.<elements>.vnffgr_reference.<elements>.parent_ns)
          - CollectionAttributeFetchImpl(collection=org.project.neutrino.nfvo.catalogue.mano.record.PhysicalNetworkFunctionRecord.connection_point, querySpaceUid=<gen:18>, path=org.project.neutrino.nfvo.catalogue.mano.record.PhysicalNetworkFunctionRecord.connection_point)
             - (collection element) CollectionFetchableElementEntityGraph(entity=org.project.neutrino.nfvo.catalogue.mano.common.ConnectionPoint, querySpaceUid=<gen:19>, path=org.project.neutrino.nfvo.catalogue.mano.record.PhysicalNetworkFunctionRecord.connection_point.<elements>)
          - EntityAttributeFetchImpl(entity=org.project.neutrino.nfvo.catalogue.mano.descriptor.PhysicalNetworkFunctionDescriptor, querySpaceUid=<gen:20>, path=org.project.neutrino.nfvo.catalogue.mano.record.PhysicalNetworkFunctionRecord.descriptor_reference)
             - EntityAttributeFetchImpl(entity=org.project.neutrino.nfvo.catalogue.mano.common.Security, querySpaceUid=<gen:21>, path=org.project.neutrino.nfvo.catalogue.mano.record.PhysicalNetworkFunctionRecord.descriptor_reference.pnfd_security)
          - EntityAttributeFetchImpl(entity=org.project.neutrino.nfvo.catalogue.mano.record.NetworkServiceRecord, querySpaceUid=<gen:22>, path=org.project.neutrino.nfvo.catalogue.mano.record.PhysicalNetworkFunctionRecord.parent_ns)
             - CollectionAttributeFetchImpl(collection=org.project.neutrino.nfvo.catalogue.mano.record.NetworkServiceRecord.auto_scale_policy, querySpaceUid=<gen:23>, path=org.project.neutrino.nfvo.catalogue.mano.record.PhysicalNetworkFunctionRecord.parent_ns.auto_scale_policy)
                - (collection element) CollectionFetchableElementEntityGraph(entity=org.project.neutrino.nfvo.catalogue.mano.common.AutoScalePolicy, querySpaceUid=<gen:24>, path=org.project.neutrino.nfvo.catalogue.mano.record.PhysicalNetworkFunctionRecord.parent_ns.auto_scale_policy.<elements>)
             - CollectionAttributeFetchImpl(collection=org.project.neutrino.nfvo.catalogue.mano.record.NetworkServiceRecord.connection_point, querySpaceUid=<gen:25>, path=org.project.neutrino.nfvo.catalogue.mano.record.PhysicalNetworkFunctionRecord.parent_ns.connection_point)
                - (collection element) CollectionFetchableElementEntityGraph(entity=org.project.neutrino.nfvo.catalogue.mano.common.ConnectionPoint, querySpaceUid=<gen:26>, path=org.project.neutrino.nfvo.catalogue.mano.record.PhysicalNetworkFunctionRecord.parent_ns.connection_point.<elements>)
             - EntityAttributeFetchImpl(entity=org.project.neutrino.nfvo.catalogue.mano.common.NFVEntityDescriptor, querySpaceUid=<gen:27>, path=org.project.neutrino.nfvo.catalogue.mano.record.PhysicalNetworkFunctionRecord.parent_ns.descriptor_reference)
                - CollectionAttributeFetchImpl(collection=org.project.neutrino.nfvo.catalogue.mano.common.NFVEntityDescriptor.monitoring_parameter, querySpaceUid=<gen:28>, path=org.project.neutrino.nfvo.catalogue.mano.record.PhysicalNetworkFunctionRecord.parent_ns.descriptor_reference.monitoring_parameter)
                - CollectionAttributeFetchImpl(collection=org.project.neutrino.nfvo.catalogue.mano.descriptor.VirtualNetworkFunctionDescriptor.deployment_flavour, querySpaceUid=<gen:29>, path=org.project.neutrino.nfvo.catalogue.mano.record.PhysicalNetworkFunctionRecord.parent_ns.descriptor_reference.deployment_flavour)
                   - (collection element) CollectionFetchableElementEntityGraph(entity=org.project.neutrino.nfvo.catalogue.mano.descriptor.VNFDDeploymentFlavour, querySpaceUid=<gen:30>, path=org.project.neutrino.nfvo.catalogue.mano.record.PhysicalNetworkFunctionRecord.parent_ns.descriptor_reference.deployment_flavour.<elements>)
                - EntityAttributeFetchImpl(entity=org.project.neutrino.nfvo.catalogue.mano.common.Security, querySpaceUid=<gen:31>, path=org.project.neutrino.nfvo.catalogue.mano.record.PhysicalNetworkFunctionRecord.parent_ns.descriptor_reference.nsd_security)
                - CollectionAttributeFetchImpl(collection=org.project.neutrino.nfvo.catalogue.mano.descriptor.NetworkServiceDescriptor.vnf_dependency, querySpaceUid=<gen:32>, path=org.project.neutrino.nfvo.catalogue.mano.record.PhysicalNetworkFunctionRecord.parent_ns.descriptor_reference.vnf_dependency)
                   - (collection element) CollectionFetchableElementEntityGraph(entity=org.project.neutrino.nfvo.catalogue.mano.common.VNFDependency, querySpaceUid=<gen:33>, path=org.project.neutrino.nfvo.catalogue.mano.record.PhysicalNetworkFunctionRecord.parent_ns.descriptor_reference.vnf_dependency.<elements>)
                - CollectionAttributeFetchImpl(collection=org.project.neutrino.nfvo.catalogue.mano.descriptor.NetworkServiceDescriptor.vnfd, querySpaceUid=<gen:34>, path=org.project.neutrino.nfvo.catalogue.mano.record.PhysicalNetworkFunctionRecord.parent_ns.descriptor_reference.vnfd)
                   - (collection element) CollectionFetchableElementEntityGraph(entity=org.project.neutrino.nfvo.catalogue.mano.descriptor.VirtualNetworkFunctionDescriptor, querySpaceUid=<gen:35>, path=org.project.neutrino.nfvo.catalogue.mano.record.PhysicalNetworkFunctionRecord.parent_ns.descriptor_reference.vnfd.<elements>)
             - EntityAttributeFetchImpl(entity=org.project.neutrino.nfvo.catalogue.mano.common.LifecycleEvent, querySpaceUid=<gen:36>, path=org.project.neutrino.nfvo.catalogue.mano.record.PhysicalNetworkFunctionRecord.parent_ns.lifecycle_event)
             - CollectionAttributeFetchImpl(collection=org.project.neutrino.nfvo.catalogue.mano.record.NetworkServiceRecord.lifecycle_event_history, querySpaceUid=<gen:37>, path=org.project.neutrino.nfvo.catalogue.mano.record.PhysicalNetworkFunctionRecord.parent_ns.lifecycle_event_history)
                - (collection element) CollectionFetchableElementEntityGraph(entity=org.project.neutrino.nfvo.catalogue.mano.common.LifecycleEvent, querySpaceUid=<gen:38>, path=org.project.neutrino.nfvo.catalogue.mano.record.PhysicalNetworkFunctionRecord.parent_ns.lifecycle_event_history.<elements>)
             - CollectionAttributeFetchImpl(collection=org.project.neutrino.nfvo.catalogue.mano.record.NetworkServiceRecord.pnfr, querySpaceUid=<gen:39>, path=org.project.neutrino.nfvo.catalogue.mano.record.PhysicalNetworkFunctionRecord.parent_ns.pnfr)
                - (collection element) CollectionFetchableElementEntityGraph(entity=org.project.neutrino.nfvo.catalogue.mano.record.PhysicalNetworkFunctionRecord, querySpaceUid=<gen:40>, path=org.project.neutrino.nfvo.catalogue.mano.record.PhysicalNetworkFunctionRecord.parent_ns.pnfr.<elements>)
                   - CollectionAttributeFetchImpl(collection=org.project.neutrino.nfvo.catalogue.mano.record.PhysicalNetworkFunctionRecord.vnffgr, querySpaceUid=<gen:41>, path=org.project.neutrino.nfvo.catalogue.mano.record.PhysicalNetworkFunctionRecord.parent_ns.pnfr.<elements>.vnffgr)
                      - (collection element) CollectionFetchableElementEntityGraph(entity=org.project.neutrino.nfvo.catalogue.mano.record.VNFForwardingGraphRecord, querySpaceUid=<gen:42>, path=org.project.neutrino.nfvo.catalogue.mano.record.PhysicalNetworkFunctionRecord.parent_ns.pnfr.<elements>.vnffgr.<elements>)
             - EntityAttributeFetchImpl(entity=org.project.neutrino.nfvo.catalogue.mano.common.ServiceDeploymentFlavour, querySpaceUid=<gen:43>, path=org.project.neutrino.nfvo.catalogue.mano.record.PhysicalNetworkFunctionRecord.parent_ns.service_deployment_flavour)
             - CollectionAttributeFetchImpl(collection=org.project.neutrino.nfvo.catalogue.mano.record.NetworkServiceRecord.vlr, querySpaceUid=<gen:44>, path=org.project.neutrino.nfvo.catalogue.mano.record.PhysicalNetworkFunctionRecord.parent_ns.vlr)
                - (collection element) CollectionFetchableElementEntityGraph(entity=org.project.neutrino.nfvo.catalogue.mano.record.VirtualLinkRecord, querySpaceUid=<gen:45>, path=org.project.neutrino.nfvo.catalogue.mano.record.PhysicalNetworkFunctionRecord.parent_ns.vlr.<elements>)
             - CollectionAttributeFetchImpl(collection=org.project.neutrino.nfvo.catalogue.mano.record.NetworkServiceRecord.vnf_dependency, querySpaceUid=<gen:46>, path=org.project.neutrino.nfvo.catalogue.mano.record.PhysicalNetworkFunctionRecord.parent_ns.vnf_dependency)
                - (collection element) CollectionFetchableElementEntityGraph(entity=org.project.neutrino.nfvo.catalogue.mano.common.VNFDependency, querySpaceUid=<gen:47>, path=org.project.neutrino.nfvo.catalogue.mano.record.PhysicalNetworkFunctionRecord.parent_ns.vnf_dependency.<elements>)
                   - EntityAttributeFetchImpl(entity=org.project.neutrino.nfvo.catalogue.mano.descriptor.VirtualNetworkFunctionDescriptor, querySpaceUid=<gen:48>, path=org.project.neutrino.nfvo.catalogue.mano.record.PhysicalNetworkFunctionRecord.parent_ns.vnf_dependency.<elements>.source)
                   - EntityAttributeFetchImpl(entity=org.project.neutrino.nfvo.catalogue.mano.descriptor.VirtualNetworkFunctionDescriptor, querySpaceUid=<gen:49>, path=org.project.neutrino.nfvo.catalogue.mano.record.PhysicalNetworkFunctionRecord.parent_ns.vnf_dependency.<elements>.target)
             - CollectionAttributeFetchImpl(collection=org.project.neutrino.nfvo.catalogue.mano.record.NetworkServiceRecord.vnffgr, querySpaceUid=<gen:50>, path=org.project.neutrino.nfvo.catalogue.mano.record.PhysicalNetworkFunctionRecord.parent_ns.vnffgr)
                - (collection element) CollectionFetchableElementEntityGraph(entity=org.project.neutrino.nfvo.catalogue.mano.descriptor.VNFForwardingGraph, querySpaceUid=<gen:51>, path=org.project.neutrino.nfvo.catalogue.mano.record.PhysicalNetworkFunctionRecord.parent_ns.vnffgr.<elements>)
                   - EntityAttributeFetchImpl(entity=org.project.neutrino.nfvo.catalogue.mano.common.Security, querySpaceUid=<gen:52>, path=org.project.neutrino.nfvo.catalogue.mano.record.PhysicalNetworkFunctionRecord.parent_ns.vnffgr.<elements>.vnffgd_security)
             - EntityAttributeFetchImpl(entity=org.project.neutrino.nfvo.catalogue.mano.record.VirtualNetworkFunctionRecord, querySpaceUid=<gen:53>, path=org.project.neutrino.nfvo.catalogue.mano.record.PhysicalNetworkFunctionRecord.parent_ns.vnfr)
                - CollectionAttributeFetchImpl(collection=org.project.neutrino.nfvo.catalogue.mano.record.VirtualNetworkFunctionRecord.auto_scale_policy, querySpaceUid=<gen:54>, path=org.project.neutrino.nfvo.catalogue.mano.record.PhysicalNetworkFunctionRecord.parent_ns.vnfr.auto_scale_policy)
                   - (collection element) CollectionFetchableElementEntityGraph(entity=org.project.neutrino.nfvo.catalogue.mano.common.AutoScalePolicy, querySpaceUid=<gen:55>, path=org.project.neutrino.nfvo.catalogue.mano.record.PhysicalNetworkFunctionRecord.parent_ns.vnfr.auto_scale_policy.<elements>)
                - CollectionAttributeFetchImpl(collection=org.project.neutrino.nfvo.catalogue.mano.record.VirtualNetworkFunctionRecord.connected_external_virtual_link, querySpaceUid=<gen:56>, path=org.project.neutrino.nfvo.catalogue.mano.record.PhysicalNetworkFunctionRecord.parent_ns.vnfr.connected_external_virtual_link)
                   - (collection element) CollectionFetchableElementEntityGraph(entity=org.project.neutrino.nfvo.catalogue.mano.record.VirtualLinkRecord, querySpaceUid=<gen:57>, path=org.project.neutrino.nfvo.catalogue.mano.record.PhysicalNetworkFunctionRecord.parent_ns.vnfr.connected_external_virtual_link.<elements>)
                - CollectionAttributeFetchImpl(collection=org.project.neutrino.nfvo.catalogue.mano.record.VirtualNetworkFunctionRecord.connection_point, querySpaceUid=<gen:58>, path=org.project.neutrino.nfvo.catalogue.mano.record.PhysicalNetworkFunctionRecord.parent_ns.vnfr.connection_point)
                   - (collection element) CollectionFetchableElementEntityGraph(entity=org.project.neutrino.nfvo.catalogue.mano.common.ConnectionPoint, querySpaceUid=<gen:59>, path=org.project.neutrino.nfvo.catalogue.mano.record.PhysicalNetworkFunctionRecord.parent_ns.vnfr.connection_point.<elements>)
                - CollectionAttributeFetchImpl(collection=org.project.neutrino.nfvo.catalogue.mano.record.VirtualNetworkFunctionRecord.dependency, querySpaceUid=<gen:60>, path=org.project.neutrino.nfvo.catalogue.mano.record.PhysicalNetworkFunctionRecord.parent_ns.vnfr.dependency)
                   - (collection element) CollectionFetchableElementEntityGraph(entity=org.project.neutrino.nfvo.catalogue.mano.common.VNFDependency, querySpaceUid=<gen:61>, path=org.project.neutrino.nfvo.catalogue.mano.record.PhysicalNetworkFunctionRecord.parent_ns.vnfr.dependency.<elements>)
                - EntityAttributeFetchImpl(entity=org.project.neutrino.nfvo.catalogue.mano.descriptor.VNFDDeploymentFlavour, querySpaceUid=<gen:62>, path=org.project.neutrino.nfvo.catalogue.mano.record.PhysicalNetworkFunctionRecord.parent_ns.vnfr.deployment_flavour)
                - EntityAttributeFetchImpl(entity=org.project.neutrino.nfvo.catalogue.mano.common.LifecycleEvent, querySpaceUid=<gen:63>, path=org.project.neutrino.nfvo.catalogue.mano.record.PhysicalNetworkFunctionRecord.parent_ns.vnfr.lifecycle_event)
                - CollectionAttributeFetchImpl(collection=org.project.neutrino.nfvo.catalogue.mano.record.VirtualNetworkFunctionRecord.lifecycle_event_history, querySpaceUid=<gen:64>, path=org.project.neutrino.nfvo.catalogue.mano.record.PhysicalNetworkFunctionRecord.parent_ns.vnfr.lifecycle_event_history)
                   - (collection element) CollectionFetchableElementEntityGraph(entity=org.project.neutrino.nfvo.catalogue.mano.common.LifecycleEvent, querySpaceUid=<gen:65>, path=org.project.neutrino.nfvo.catalogue.mano.record.PhysicalNetworkFunctionRecord.parent_ns.vnfr.lifecycle_event_history.<elements>)
                - EntityAttributeFetchImpl(entity=org.project.neutrino.nfvo.catalogue.mano.record.NetworkServiceRecord, querySpaceUid=<gen:66>, path=org.project.neutrino.nfvo.catalogue.mano.record.PhysicalNetworkFunctionRecord.parent_ns.vnfr.parent_ns)
                - CollectionAttributeFetchImpl(collection=org.project.neutrino.nfvo.catalogue.mano.record.VirtualNetworkFunctionRecord.vdu, querySpaceUid=<gen:67>, path=org.project.neutrino.nfvo.catalogue.mano.record.PhysicalNetworkFunctionRecord.parent_ns.vnfr.vdu)
                   - (collection element) CollectionFetchableElementEntityGraph(entity=org.project.neutrino.nfvo.catalogue.mano.descriptor.VirtualDeploymentUnit, querySpaceUid=<gen:68>, path=org.project.neutrino.nfvo.catalogue.mano.record.PhysicalNetworkFunctionRecord.parent_ns.vnfr.vdu.<elements>)
                - CollectionAttributeFetchImpl(collection=org.project.neutrino.nfvo.catalogue.mano.record.VirtualNetworkFunctionRecord.virtual_link, querySpaceUid=<gen:69>, path=org.project.neutrino.nfvo.catalogue.mano.record.PhysicalNetworkFunctionRecord.parent_ns.vnfr.virtual_link)
                   - (collection element) CollectionFetchableElementEntityGraph(entity=org.project.neutrino.nfvo.catalogue.mano.descriptor.InternalVirtualLink, querySpaceUid=<gen:70>, path=org.project.neutrino.nfvo.catalogue.mano.record.PhysicalNetworkFunctionRecord.parent_ns.vnfr.virtual_link.<elements>)
          - CollectionAttributeFetchImpl(collection=org.project.neutrino.nfvo.catalogue.mano.record.PhysicalNetworkFunctionRecord.vnffgr, querySpaceUid=<gen:71>, path=org.project.neutrino.nfvo.catalogue.mano.record.PhysicalNetworkFunctionRecord.vnffgr)
             - (collection element) CollectionFetchableElementEntityGraph(entity=org.project.neutrino.nfvo.catalogue.mano.record.VNFForwardingGraphRecord, querySpaceUid=<gen:72>, path=org.project.neutrino.nfvo.catalogue.mano.record.PhysicalNetworkFunctionRecord.vnffgr.<elements>)
                - CollectionAttributeFetchImpl(collection=org.project.neutrino.nfvo.catalogue.mano.record.VNFForwardingGraphRecord.connection_point, querySpaceUid=<gen:73>, path=org.project.neutrino.nfvo.catalogue.mano.record.PhysicalNetworkFunctionRecord.vnffgr.<elements>.connection_point)
                   - (collection element) CollectionFetchableElementEntityGraph(entity=org.project.neutrino.nfvo.catalogue.mano.descriptor.VNFDConnectionPoint, querySpaceUid=<gen:74>, path=org.project.neutrino.nfvo.catalogue.mano.record.PhysicalNetworkFunctionRecord.vnffgr.<elements>.connection_point.<elements>)
                - CollectionAttributeFetchImpl(collection=org.project.neutrino.nfvo.catalogue.mano.record.VNFForwardingGraphRecord.dependent_virtual_link, querySpaceUid=<gen:75>, path=org.project.neutrino.nfvo.catalogue.mano.record.PhysicalNetworkFunctionRecord.vnffgr.<elements>.dependent_virtual_link)
                   - (collection element) CollectionFetchableElementEntityGraph(entity=org.project.neutrino.nfvo.catalogue.mano.record.VirtualLinkRecord, querySpaceUid=<gen:76>, path=org.project.neutrino.nfvo.catalogue.mano.record.PhysicalNetworkFunctionRecord.vnffgr.<elements>.dependent_virtual_link.<elements>)
                - EntityAttributeFetchImpl(entity=org.project.neutrino.nfvo.catalogue.mano.descriptor.VNFForwardingGraph, querySpaceUid=<gen:77>, path=org.project.neutrino.nfvo.catalogue.mano.record.PhysicalNetworkFunctionRecord.vnffgr.<elements>.descriptor_reference)
                   - EntityAttributeFetchImpl(entity=org.project.neutrino.nfvo.catalogue.mano.common.Security, querySpaceUid=<gen:78>, path=org.project.neutrino.nfvo.catalogue.mano.record.PhysicalNetworkFunctionRecord.vnffgr.<elements>.descriptor_reference.vnffgd_security)
                - CollectionAttributeFetchImpl(collection=org.project.neutrino.nfvo.catalogue.mano.record.VNFForwardingGraphRecord.lifecycle_event_history, querySpaceUid=<gen:79>, path=org.project.neutrino.nfvo.catalogue.mano.record.PhysicalNetworkFunctionRecord.vnffgr.<elements>.lifecycle_event_history)
                   - (collection element) CollectionFetchableElementEntityGraph(entity=org.project.neutrino.nfvo.catalogue.mano.common.LifecycleEvent, querySpaceUid=<gen:80>, path=org.project.neutrino.nfvo.catalogue.mano.record.PhysicalNetworkFunctionRecord.vnffgr.<elements>.lifecycle_event_history.<elements>)
                - CollectionAttributeFetchImpl(collection=org.project.neutrino.nfvo.catalogue.mano.record.VNFForwardingGraphRecord.member_vnfs, querySpaceUid=<gen:81>, path=org.project.neutrino.nfvo.catalogue.mano.record.PhysicalNetworkFunctionRecord.vnffgr.<elements>.member_vnfs)
                   - (collection element) CollectionFetchableElementEntityGraph(entity=org.project.neutrino.nfvo.catalogue.mano.record.VirtualNetworkFunctionRecord, querySpaceUid=<gen:82>, path=org.project.neutrino.nfvo.catalogue.mano.record.PhysicalNetworkFunctionRecord.vnffgr.<elements>.member_vnfs.<elements>)
                      - CollectionAttributeFetchImpl(collection=org.project.neutrino.nfvo.catalogue.mano.record.VirtualNetworkFunctionRecord.auto_scale_policy, querySpaceUid=<gen:83>, path=org.project.neutrino.nfvo.catalogue.mano.record.PhysicalNetworkFunctionRecord.vnffgr.<elements>.member_vnfs.<elements>.auto_scale_policy)
                         - (collection element) CollectionFetchableElementEntityGraph(entity=org.project.neutrino.nfvo.catalogue.mano.common.AutoScalePolicy, querySpaceUid=<gen:84>, path=org.project.neutrino.nfvo.catalogue.mano.record.PhysicalNetworkFunctionRecord.vnffgr.<elements>.member_vnfs.<elements>.auto_scale_policy.<elements>)
                      - CollectionAttributeFetchImpl(collection=org.project.neutrino.nfvo.catalogue.mano.record.VirtualNetworkFunctionRecord.connected_external_virtual_link, querySpaceUid=<gen:85>, path=org.project.neutrino.nfvo.catalogue.mano.record.PhysicalNetworkFunctionRecord.vnffgr.<elements>.member_vnfs.<elements>.connected_external_virtual_link)
                         - (collection element) CollectionFetchableElementEntityGraph(entity=org.project.neutrino.nfvo.catalogue.mano.record.VirtualLinkRecord, querySpaceUid=<gen:86>, path=org.project.neutrino.nfvo.catalogue.mano.record.PhysicalNetworkFunctionRecord.vnffgr.<elements>.member_vnfs.<elements>.connected_external_virtual_link.<elements>)
                      - CollectionAttributeFetchImpl(collection=org.project.neutrino.nfvo.catalogue.mano.record.VirtualNetworkFunctionRecord.connection_point, querySpaceUid=<gen:87>, path=org.project.neutrino.nfvo.catalogue.mano.record.PhysicalNetworkFunctionRecord.vnffgr.<elements>.member_vnfs.<elements>.connection_point)
                         - (collection element) CollectionFetchableElementEntityGraph(entity=org.project.neutrino.nfvo.catalogue.mano.common.ConnectionPoint, querySpaceUid=<gen:88>, path=org.project.neutrino.nfvo.catalogue.mano.record.PhysicalNetworkFunctionRecord.vnffgr.<elements>.member_vnfs.<elements>.connection_point.<elements>)
                      - CollectionAttributeFetchImpl(collection=org.project.neutrino.nfvo.catalogue.mano.record.VirtualNetworkFunctionRecord.dependency, querySpaceUid=<gen:89>, path=org.project.neutrino.nfvo.catalogue.mano.record.PhysicalNetworkFunctionRecord.vnffgr.<elements>.member_vnfs.<elements>.dependency)
                         - (collection element) CollectionFetchableElementEntityGraph(entity=org.project.neutrino.nfvo.catalogue.mano.common.VNFDependency, querySpaceUid=<gen:90>, path=org.project.neutrino.nfvo.catalogue.mano.record.PhysicalNetworkFunctionRecord.vnffgr.<elements>.member_vnfs.<elements>.dependency.<elements>)
                      - EntityAttributeFetchImpl(entity=org.project.neutrino.nfvo.catalogue.mano.descriptor.VNFDDeploymentFlavour, querySpaceUid=<gen:91>, path=org.project.neutrino.nfvo.catalogue.mano.record.PhysicalNetworkFunctionRecord.vnffgr.<elements>.member_vnfs.<elements>.deployment_flavour)
                      - EntityAttributeFetchImpl(entity=org.project.neutrino.nfvo.catalogue.mano.common.LifecycleEvent, querySpaceUid=<gen:92>, path=org.project.neutrino.nfvo.catalogue.mano.record.PhysicalNetworkFunctionRecord.vnffgr.<elements>.member_vnfs.<elements>.lifecycle_event)
                      - CollectionAttributeFetchImpl(collection=org.project.neutrino.nfvo.catalogue.mano.record.VirtualNetworkFunctionRecord.lifecycle_event_history, querySpaceUid=<gen:93>, path=org.project.neutrino.nfvo.catalogue.mano.record.PhysicalNetworkFunctionRecord.vnffgr.<elements>.member_vnfs.<elements>.lifecycle_event_history)
                         - (collection element) CollectionFetchableElementEntityGraph(entity=org.project.neutrino.nfvo.catalogue.mano.common.LifecycleEvent, querySpaceUid=<gen:94>, path=org.project.neutrino.nfvo.catalogue.mano.record.PhysicalNetworkFunctionRecord.vnffgr.<elements>.member_vnfs.<elements>.lifecycle_event_history.<elements>)
                      - EntityAttributeFetchImpl(entity=org.project.neutrino.nfvo.catalogue.mano.record.NetworkServiceRecord, querySpaceUid=<gen:95>, path=org.project.neutrino.nfvo.catalogue.mano.record.PhysicalNetworkFunctionRecord.vnffgr.<elements>.member_vnfs.<elements>.parent_ns)
                      - CollectionAttributeFetchImpl(collection=org.project.neutrino.nfvo.catalogue.mano.record.VirtualNetworkFunctionRecord.vdu, querySpaceUid=<gen:96>, path=org.project.neutrino.nfvo.catalogue.mano.record.PhysicalNetworkFunctionRecord.vnffgr.<elements>.member_vnfs.<elements>.vdu)
                         - (collection element) CollectionFetchableElementEntityGraph(entity=org.project.neutrino.nfvo.catalogue.mano.descriptor.VirtualDeploymentUnit, querySpaceUid=<gen:97>, path=org.project.neutrino.nfvo.catalogue.mano.record.PhysicalNetworkFunctionRecord.vnffgr.<elements>.member_vnfs.<elements>.vdu.<elements>)
                      - CollectionAttributeFetchImpl(collection=org.project.neutrino.nfvo.catalogue.mano.record.VirtualNetworkFunctionRecord.virtual_link, querySpaceUid=<gen:98>, path=org.project.neutrino.nfvo.catalogue.mano.record.PhysicalNetworkFunctionRecord.vnffgr.<elements>.member_vnfs.<elements>.virtual_link)
                         - (collection element) CollectionFetchableElementEntityGraph(entity=org.project.neutrino.nfvo.catalogue.mano.descriptor.InternalVirtualLink, querySpaceUid=<gen:99>, path=org.project.neutrino.nfvo.catalogue.mano.record.PhysicalNetworkFunctionRecord.vnffgr.<elements>.member_vnfs.<elements>.virtual_link.<elements>)
                - EntityAttributeFetchImpl(entity=org.project.neutrino.nfvo.catalogue.mano.descriptor.NetworkForwardingPath, querySpaceUid=<gen:100>, path=org.project.neutrino.nfvo.catalogue.mano.record.PhysicalNetworkFunctionRecord.vnffgr.<elements>.network_forwarding_path)
                   - CollectionAttributeFetchImpl(collection=org.project.neutrino.nfvo.catalogue.mano.descriptor.NetworkForwardingPath.connection, querySpaceUid=<gen:101>, path=org.project.neutrino.nfvo.catalogue.mano.record.PhysicalNetworkFunctionRecord.vnffgr.<elements>.network_forwarding_path.connection)
                   - EntityAttributeFetchImpl(entity=org.project.neutrino.nfvo.catalogue.mano.descriptor.Policy, querySpaceUid=<gen:102>, path=org.project.neutrino.nfvo.catalogue.mano.record.PhysicalNetworkFunctionRecord.vnffgr.<elements>.network_forwarding_path.policy)
                - EntityAttributeFetchImpl(entity=org.project.neutrino.nfvo.catalogue.mano.record.NetworkServiceRecord, querySpaceUid=<gen:103>, path=org.project.neutrino.nfvo.catalogue.mano.record.PhysicalNetworkFunctionRecord.vnffgr.<elements>.parent_ns)
    - QuerySpaces
       - EntityQuerySpaceImpl(uid=<gen:0>, entity=org.project.neutrino.nfvo.catalogue.mano.record.PhysicalNetworkFunctionRecord)
          - SQL table alias mapping - physicalne0_
          - alias suffix - 0_
          - suffixed key columns - {id1_37_0_}
          - JOIN (JoinDefinedByMetadata(connected_virtual_link)) : <gen:0> -> <gen:1>
             - CollectionQuerySpaceImpl(uid=<gen:1>, collection=org.project.neutrino.nfvo.catalogue.mano.record.PhysicalNetworkFunctionRecord.connected_virtual_link)
                - SQL table alias mapping - connected_1_
                - alias suffix - 1_
                - suffixed key columns - {physical1_37_1_}
                - entity-element alias suffix - 2_
                - 2_entity-element suffixed key columns - id1_54_2_
                - JOIN (JoinDefinedByMetadata(elements)) : <gen:1> -> <gen:2>
                   - EntityQuerySpaceImpl(uid=<gen:2>, entity=org.project.neutrino.nfvo.catalogue.mano.record.VirtualLinkRecord)
                      - SQL table alias mapping - virtuallin2_
                      - alias suffix - 2_
                      - suffixed key columns - {id1_54_2_}
                      - JOIN (JoinDefinedByMetadata(lifecycle_event_history)) : <gen:2> -> <gen:3>
                         - CollectionQuerySpaceImpl(uid=<gen:3>, collection=org.project.neutrino.nfvo.catalogue.mano.record.VirtualLinkRecord.lifecycle_event_history)
                            - SQL table alias mapping - lifecycle_3_
                            - alias suffix - 3_
                            - suffixed key columns - {virtual_1_54_3_}
                            - entity-element alias suffix - 4_
                            - 4_entity-element suffixed key columns - id1_10_4_
                            - JOIN (JoinDefinedByMetadata(elements)) : <gen:3> -> <gen:4>
                               - EntityQuerySpaceImpl(uid=<gen:4>, entity=org.project.neutrino.nfvo.catalogue.mano.common.LifecycleEvent)
                                  - SQL table alias mapping - lifecyclee4_
                                  - alias suffix - 4_
                                  - suffixed key columns - {id1_10_4_}
                      - JOIN (JoinDefinedByMetadata(vnffgr_reference)) : <gen:2> -> <gen:5>
                         - CollectionQuerySpaceImpl(uid=<gen:5>, collection=org.project.neutrino.nfvo.catalogue.mano.record.VirtualLinkRecord.vnffgr_reference)
                            - SQL table alias mapping - vnffgr_ref5_
                            - alias suffix - 5_
                            - suffixed key columns - {virtual_1_54_5_}
                            - entity-element alias suffix - 6_
                            - 6_entity-element suffixed key columns - id1_92_6_
                            - JOIN (JoinDefinedByMetadata(elements)) : <gen:5> -> <gen:6>
                               - EntityQuerySpaceImpl(uid=<gen:6>, entity=org.project.neutrino.nfvo.catalogue.mano.record.VNFForwardingGraphRecord)
                                  - SQL table alias mapping - vnfforward6_
                                  - alias suffix - 6_
                                  - suffixed key columns - {id1_92_6_}
          - JOIN (JoinDefinedByMetadata(connection_point)) : <gen:0> -> <gen:18>
             - CollectionQuerySpaceImpl(uid=<gen:18>, collection=org.project.neutrino.nfvo.catalogue.mano.record.PhysicalNetworkFunctionRecord.connection_point)
                - SQL table alias mapping - connection7_
                - alias suffix - 7_
                - suffixed key columns - {physical1_37_7_}
                - entity-element alias suffix - 8_
                - 8_entity-element suffixed key columns - id1_4_8_
                - JOIN (JoinDefinedByMetadata(elements)) : <gen:18> -> <gen:19>
                   - EntityQuerySpaceImpl(uid=<gen:19>, entity=org.project.neutrino.nfvo.catalogue.mano.common.ConnectionPoint)
                      - SQL table alias mapping - connection8_
                      - alias suffix - 8_
                      - suffixed key columns - {id1_4_8_}
          - JOIN (JoinDefinedByMetadata(descriptor_reference)) : <gen:0> -> <gen:20>
             - EntityQuerySpaceImpl(uid=<gen:20>, entity=org.project.neutrino.nfvo.catalogue.mano.descriptor.PhysicalNetworkFunctionDescriptor)
                - SQL table alias mapping - physicalne9_
                - alias suffix - 9_
                - suffixed key columns - {id1_35_9_}
                - JOIN (JoinDefinedByMetadata(pnfd_security)) : <gen:20> -> <gen:21>
                   - EntityQuerySpaceImpl(uid=<gen:21>, entity=org.project.neutrino.nfvo.catalogue.mano.common.Security)
                      - SQL table alias mapping - security10_
                      - alias suffix - 10_
                      - suffixed key columns - {id1_43_10_}
          - JOIN (JoinDefinedByMetadata(parent_ns)) : <gen:0> -> <gen:22>
             - EntityQuerySpaceImpl(uid=<gen:22>, entity=org.project.neutrino.nfvo.catalogue.mano.record.NetworkServiceRecord)
                - SQL table alias mapping - networkser11_
                - alias suffix - 11_
                - suffixed key columns - {id1_18_11_}
                - JOIN (JoinDefinedByMetadata(auto_scale_policy)) : <gen:22> -> <gen:23>
                   - CollectionQuerySpaceImpl(uid=<gen:23>, collection=org.project.neutrino.nfvo.catalogue.mano.record.NetworkServiceRecord.auto_scale_policy)
                      - SQL table alias mapping - auto_scale12_
                      - alias suffix - 12_
                      - suffixed key columns - {network_1_18_12_}
                      - entity-element alias suffix - 13_
                      - 13_entity-element suffixed key columns - id1_3_13_
                      - JOIN (JoinDefinedByMetadata(elements)) : <gen:23> -> <gen:24>
                         - EntityQuerySpaceImpl(uid=<gen:24>, entity=org.project.neutrino.nfvo.catalogue.mano.common.AutoScalePolicy)
                            - SQL table alias mapping - autoscalep13_
                            - alias suffix - 13_
                            - suffixed key columns - {id1_3_13_}
                - JOIN (JoinDefinedByMetadata(connection_point)) : <gen:22> -> <gen:25>
                   - CollectionQuerySpaceImpl(uid=<gen:25>, collection=org.project.neutrino.nfvo.catalogue.mano.record.NetworkServiceRecord.connection_point)
                      - SQL table alias mapping - connection14_
                      - alias suffix - 14_
                      - suffixed key columns - {network_1_18_14_}
                      - entity-element alias suffix - 15_
                      - 15_entity-element suffixed key columns - id1_4_15_
                      - JOIN (JoinDefinedByMetadata(elements)) : <gen:25> -> <gen:26>
                         - EntityQuerySpaceImpl(uid=<gen:26>, entity=org.project.neutrino.nfvo.catalogue.mano.common.ConnectionPoint)
                            - SQL table alias mapping - connection15_
                            - alias suffix - 15_
                            - suffixed key columns - {id1_4_15_}
                - JOIN (JoinDefinedByMetadata(descriptor_reference)) : <gen:22> -> <gen:27>
                   - EntityQuerySpaceImpl(uid=<gen:27>, entity=org.project.neutrino.nfvo.catalogue.mano.common.NFVEntityDescriptor)
                      - SQL table alias mapping - nfventityd16_
                      - alias suffix - 16_
                      - suffixed key columns - {id1_27_16_}
                - JOIN (JoinDefinedByMetadata(lifecycle_event)) : <gen:22> -> <gen:36>
                   - EntityQuerySpaceImpl(uid=<gen:36>, entity=org.project.neutrino.nfvo.catalogue.mano.common.LifecycleEvent)
                      - SQL table alias mapping - lifecyclee17_
                      - alias suffix - 17_
                      - suffixed key columns - {id1_10_17_}
                - JOIN (JoinDefinedByMetadata(lifecycle_event_history)) : <gen:22> -> <gen:37>
                   - CollectionQuerySpaceImpl(uid=<gen:37>, collection=org.project.neutrino.nfvo.catalogue.mano.record.NetworkServiceRecord.lifecycle_event_history)
                      - SQL table alias mapping - lifecycle_18_
                      - alias suffix - 18_
                      - suffixed key columns - {network_1_18_18_}
                      - entity-element alias suffix - 19_
                      - 19_entity-element suffixed key columns - id1_10_19_
                      - JOIN (JoinDefinedByMetadata(elements)) : <gen:37> -> <gen:38>
                         - EntityQuerySpaceImpl(uid=<gen:38>, entity=org.project.neutrino.nfvo.catalogue.mano.common.LifecycleEvent)
                            - SQL table alias mapping - lifecyclee19_
                            - alias suffix - 19_
                            - suffixed key columns - {id1_10_19_}
                - JOIN (JoinDefinedByMetadata(pnfr)) : <gen:22> -> <gen:39>
                   - CollectionQuerySpaceImpl(uid=<gen:39>, collection=org.project.neutrino.nfvo.catalogue.mano.record.NetworkServiceRecord.pnfr)
                      - SQL table alias mapping - pnfr20_
                      - alias suffix - 20_
                      - suffixed key columns - {network_1_18_20_}
                      - entity-element alias suffix - 21_
                      - 21_entity-element suffixed key columns - id1_37_21_
                      - JOIN (JoinDefinedByMetadata(elements)) : <gen:39> -> <gen:40>
                         - EntityQuerySpaceImpl(uid=<gen:40>, entity=org.project.neutrino.nfvo.catalogue.mano.record.PhysicalNetworkFunctionRecord)
                            - SQL table alias mapping - physicalne21_
                            - alias suffix - 21_
                            - suffixed key columns - {id1_37_21_}
                - JOIN (JoinDefinedByMetadata(service_deployment_flavour)) : <gen:22> -> <gen:43>
                   - EntityQuerySpaceImpl(uid=<gen:43>, entity=org.project.neutrino.nfvo.catalogue.mano.common.ServiceDeploymentFlavour)
                      - SQL table alias mapping - servicedep22_
                      - alias suffix - 22_
                      - suffixed key columns - {id1_7_22_}
                - JOIN (JoinDefinedByMetadata(vlr)) : <gen:22> -> <gen:44>
                   - CollectionQuerySpaceImpl(uid=<gen:44>, collection=org.project.neutrino.nfvo.catalogue.mano.record.NetworkServiceRecord.vlr)
                      - SQL table alias mapping - vlr23_
                      - alias suffix - 23_
                      - suffixed key columns - {network_1_18_23_}
                      - entity-element alias suffix - 24_
                      - 24_entity-element suffixed key columns - id1_54_24_
                      - JOIN (JoinDefinedByMetadata(elements)) : <gen:44> -> <gen:45>
                         - EntityQuerySpaceImpl(uid=<gen:45>, entity=org.project.neutrino.nfvo.catalogue.mano.record.VirtualLinkRecord)
                            - SQL table alias mapping - virtuallin24_
                            - alias suffix - 24_
                            - suffixed key columns - {id1_54_24_}
                - JOIN (JoinDefinedByMetadata(vnf_dependency)) : <gen:22> -> <gen:46>
                   - CollectionQuerySpaceImpl(uid=<gen:46>, collection=org.project.neutrino.nfvo.catalogue.mano.record.NetworkServiceRecord.vnf_dependency)
                      - SQL table alias mapping - vnf_depend25_
                      - alias suffix - 25_
                      - suffixed key columns - {network_1_18_25_}
                      - entity-element alias suffix - 26_
                      - 26_entity-element suffixed key columns - id1_86_26_
                      - JOIN (JoinDefinedByMetadata(elements)) : <gen:46> -> <gen:47>
                         - EntityQuerySpaceImpl(uid=<gen:47>, entity=org.project.neutrino.nfvo.catalogue.mano.common.VNFDependency)
                            - SQL table alias mapping - vnfdepende26_
                            - alias suffix - 26_
                            - suffixed key columns - {id1_86_26_}
                - JOIN (JoinDefinedByMetadata(vnffgr)) : <gen:22> -> <gen:50>
                   - CollectionQuerySpaceImpl(uid=<gen:50>, collection=org.project.neutrino.nfvo.catalogue.mano.record.NetworkServiceRecord.vnffgr)
                      - SQL table alias mapping - vnffgr27_
                      - alias suffix - 27_
                      - suffixed key columns - {network_1_18_27_}
                      - entity-element alias suffix - 28_
                      - 28_entity-element suffixed key columns - id1_87_28_
                      - JOIN (JoinDefinedByMetadata(elements)) : <gen:50> -> <gen:51>
                         - EntityQuerySpaceImpl(uid=<gen:51>, entity=org.project.neutrino.nfvo.catalogue.mano.descriptor.VNFForwardingGraph)
                            - SQL table alias mapping - vnfforward28_
                            - alias suffix - 28_
                            - suffixed key columns - {id1_87_28_}
                - JOIN (JoinDefinedByMetadata(vnfr)) : <gen:22> -> <gen:53>
                   - EntityQuerySpaceImpl(uid=<gen:53>, entity=org.project.neutrino.nfvo.catalogue.mano.record.VirtualNetworkFunctionRecord)
                      - SQL table alias mapping - virtualnet29_
                      - alias suffix - 29_
                      - suffixed key columns - {id1_68_29_}
          - JOIN (JoinDefinedByMetadata(vnffgr)) : <gen:0> -> <gen:71>
             - CollectionQuerySpaceImpl(uid=<gen:71>, collection=org.project.neutrino.nfvo.catalogue.mano.record.PhysicalNetworkFunctionRecord.vnffgr)
                - SQL table alias mapping - vnffgr30_
                - alias suffix - 30_
                - suffixed key columns - {physical1_37_30_}
                - entity-element alias suffix - 31_
                - 31_entity-element suffixed key columns - id1_92_31_
                - JOIN (JoinDefinedByMetadata(elements)) : <gen:71> -> <gen:72>
                   - EntityQuerySpaceImpl(uid=<gen:72>, entity=org.project.neutrino.nfvo.catalogue.mano.record.VNFForwardingGraphRecord)
                      - SQL table alias mapping - vnfforward31_
                      - alias suffix - 31_
                      - suffixed key columns - {id1_92_31_}
                      - JOIN (JoinDefinedByMetadata(connection_point)) : <gen:72> -> <gen:73>
                         - CollectionQuerySpaceImpl(uid=<gen:73>, collection=org.project.neutrino.nfvo.catalogue.mano.record.VNFForwardingGraphRecord.connection_point)
                            - SQL table alias mapping - connection32_
                            - alias suffix - 32_
                            - suffixed key columns - {vnfforwa1_92_32_}
                            - entity-element alias suffix - 33_
                            - 33_entity-element suffixed key columns - id1_4_33_
                            - JOIN (JoinDefinedByMetadata(elements)) : <gen:73> -> <gen:74>
                               - EntityQuerySpaceImpl(uid=<gen:74>, entity=org.project.neutrino.nfvo.catalogue.mano.descriptor.VNFDConnectionPoint)
                                  - SQL table alias mapping - vnfdconnec33_
                                  - alias suffix - 33_
                                  - suffixed key columns - {id1_4_33_}
                      - JOIN (JoinDefinedByMetadata(dependent_virtual_link)) : <gen:72> -> <gen:75>
                         - CollectionQuerySpaceImpl(uid=<gen:75>, collection=org.project.neutrino.nfvo.catalogue.mano.record.VNFForwardingGraphRecord.dependent_virtual_link)
                            - SQL table alias mapping - dependent_34_
                            - alias suffix - 34_
                            - suffixed key columns - {vnfforwa1_92_34_}
                            - entity-element alias suffix - 35_
                            - 35_entity-element suffixed key columns - id1_54_35_
                            - JOIN (JoinDefinedByMetadata(elements)) : <gen:75> -> <gen:76>
                               - EntityQuerySpaceImpl(uid=<gen:76>, entity=org.project.neutrino.nfvo.catalogue.mano.record.VirtualLinkRecord)
                                  - SQL table alias mapping - virtuallin35_
                                  - alias suffix - 35_
                                  - suffixed key columns - {id1_54_35_}
                      - JOIN (JoinDefinedByMetadata(descriptor_reference)) : <gen:72> -> <gen:77>
                         - EntityQuerySpaceImpl(uid=<gen:77>, entity=org.project.neutrino.nfvo.catalogue.mano.descriptor.VNFForwardingGraph)
                            - SQL table alias mapping - vnfforward36_
                            - alias suffix - 36_
                            - suffixed key columns - {id1_87_36_}
                      - JOIN (JoinDefinedByMetadata(lifecycle_event_history)) : <gen:72> -> <gen:79>
                         - CollectionQuerySpaceImpl(uid=<gen:79>, collection=org.project.neutrino.nfvo.catalogue.mano.record.VNFForwardingGraphRecord.lifecycle_event_history)
                            - SQL table alias mapping - lifecycle_37_
                            - alias suffix - 37_
                            - suffixed key columns - {vnfforwa1_92_37_}
                            - entity-element alias suffix - 38_
                            - 38_entity-element suffixed key columns - id1_10_38_
                            - JOIN (JoinDefinedByMetadata(elements)) : <gen:79> -> <gen:80>
                               - EntityQuerySpaceImpl(uid=<gen:80>, entity=org.project.neutrino.nfvo.catalogue.mano.common.LifecycleEvent)
                                  - SQL table alias mapping - lifecyclee38_
                                  - alias suffix - 38_
                                  - suffixed key columns - {id1_10_38_}
                      - JOIN (JoinDefinedByMetadata(member_vnfs)) : <gen:72> -> <gen:81>
                         - CollectionQuerySpaceImpl(uid=<gen:81>, collection=org.project.neutrino.nfvo.catalogue.mano.record.VNFForwardingGraphRecord.member_vnfs)
                            - SQL table alias mapping - member_vnf39_
                            - alias suffix - 39_
                            - suffixed key columns - {vnfforwa1_92_39_}
                            - entity-element alias suffix - 40_
                            - 40_entity-element suffixed key columns - id1_68_40_
                            - JOIN (JoinDefinedByMetadata(elements)) : <gen:81> -> <gen:82>
                               - EntityQuerySpaceImpl(uid=<gen:82>, entity=org.project.neutrino.nfvo.catalogue.mano.record.VirtualNetworkFunctionRecord)
                                  - SQL table alias mapping - virtualnet40_
                                  - alias suffix - 40_
                                  - suffixed key columns - {id1_68_40_}
                      - JOIN (JoinDefinedByMetadata(network_forwarding_path)) : <gen:72> -> <gen:100>
                         - EntityQuerySpaceImpl(uid=<gen:100>, entity=org.project.neutrino.nfvo.catalogue.mano.descriptor.NetworkForwardingPath)
                            - SQL table alias mapping - networkfor41_
                            - alias suffix - 41_
                            - suffixed key columns - {id1_12_41_}
                      - JOIN (JoinDefinedByMetadata(parent_ns)) : <gen:72> -> <gen:103>
                         - EntityQuerySpaceImpl(uid=<gen:103>, entity=org.project.neutrino.nfvo.catalogue.mano.record.NetworkServiceRecord)
                            - SQL table alias mapping - networkser42_
                            - alias suffix - 42_
                            - suffixed key columns - {id1_18_42_}

14:11:16.182 [Test worker] DEBUG o.h.loader.entity.plan.EntityLoader - Static select for entity org.project.neutrino.nfvo.catalogue.mano.record.PhysicalNetworkFunctionRecord [NONE]: select physicalne0_.id as id1_37_0_, physicalne0_.description as descript2_37_0_, physicalne0_.descriptor_reference_id as descript6_37_0_, physicalne0_.oam_reference as oam_refe3_37_0_, physicalne0_.parent_ns_id as parent_n7_37_0_, physicalne0_.vendor as vendor4_37_0_, physicalne0_.version as version5_37_0_, connected_1_.physical_network_function_record_id as physical1_37_1_, virtuallin2_.id as connecte2_38_1_, virtuallin2_.id as id1_54_2_, virtuallin2_.connectivity_type as connecti2_54_2_, virtuallin2_.descriptor_reference as descript3_54_2_, virtuallin2_.leaf_requirement as leaf_req4_54_2_, virtuallin2_.number_of_enpoints as number_o5_54_2_, virtuallin2_.parent_ns as parent_n6_54_2_, virtuallin2_.root_requirement as root_req7_54_2_, virtuallin2_.status as status8_54_2_, virtuallin2_.test_access as test_acc9_54_2_, virtuallin2_.vendor as vendor10_54_2_, virtuallin2_.version as version11_54_2_, virtuallin2_.vim_id as vim_id12_54_2_, lifecycle_3_.virtual_link_record_id as virtual_1_54_3_, lifecyclee4_.id as lifecycl2_58_3_, lifecyclee4_.id as id1_10_4_, lifecyclee4_.version as version2_10_4_, vnffgr_ref5_.virtual_link_record_id as virtual_1_54_5_, vnfforward6_.id as vnffgr_r2_61_5_, vnfforward6_.id as id1_92_6_, vnfforward6_.audit_log as audit_lo2_92_6_, vnfforward6_.descriptor_reference_id as descrip10_92_6_, vnfforward6_.network_forwarding_path_id as network11_92_6_, vnfforward6_.number_of_endpoints as number_o3_92_6_, vnfforward6_.number_of_pnfs as number_o4_92_6_, vnfforward6_.number_of_virtual_links as number_o5_92_6_, vnfforward6_.number_of_vnfs as number_o6_92_6_, vnfforward6_.parent_ns_id as parent_12_92_6_, vnfforward6_.status as status7_92_6_, vnfforward6_.vendor as vendor8_92_6_, vnfforward6_.version as version9_92_6_, connection7_.physical_network_function_record_id as physical1_37_7_, connection8_.id as connecti2_39_7_, connection8_.id as id1_4_8_, connection8_.type as type2_4_8_, connection8_.version as version3_4_8_, connection8_.virtual_link_reference as virtual_1_82_8_, connection8_.clazz_ as clazz_8_, physicalne9_.id as id1_35_9_, physicalne9_.description as descript2_35_9_, physicalne9_.descriptor_version as descript3_35_9_, physicalne9_.hb_version as hb_versi4_35_9_, physicalne9_.pnfd_security_id as pnfd_sec7_35_9_, physicalne9_.vendor as vendor5_35_9_, physicalne9_.version as version6_35_9_, security10_.id as id1_43_10_, security10_.version as version2_43_10_, networkser11_.id as id1_18_11_, networkser11_.audit_log as audit_lo2_18_11_, networkser11_.descriptor_reference_Id as descript9_18_11_, networkser11_.lifecycle_event_id as lifecyc10_18_11_, networkser11_.notification as notifica3_18_11_, networkser11_.resource_reservation as resource4_18_11_, networkser11_.runtime_policy_info as runtime_5_18_11_, networkser11_.service_deployment_flavour_id as service11_18_11_, networkser11_.status as status6_18_11_, networkser11_.vendor as vendor7_18_11_, networkser11_.version as version8_18_11_, networkser11_.vnfr_id as vnfr_id12_18_11_, auto_scale12_.network_service_record_id as network_1_18_12_, autoscalep13_.id as auto_sca2_19_12_, autoscalep13_.id as id1_3_13_, autoscalep13_.version as version2_3_13_, connection14_.network_service_record_id as network_1_18_14_, connection15_.id as connecti2_20_14_, connection15_.id as id1_4_15_, connection15_.type as type2_4_15_, connection15_.version as version3_4_15_, connection15_.virtual_link_reference as virtual_1_82_15_, connection15_.clazz_ as clazz_15_, nfventityd16_.id as id1_27_16_, nfventityd16_.hb_version as hb_versi2_27_16_, nfventityd16_.vendor as vendor3_27_16_, nfventityd16_.version as version4_27_16_, nfventityd16_.descriptor_version as descript1_62_16_, nfventityd16_.manifest_file as manifest2_62_16_, nfventityd16_.nsd_security_id as nsd_secu1_14_16_, nfventityd16_.clazz_ as clazz_16_, lifecyclee17_.id as id1_10_17_, lifecyclee17_.version as version2_10_17_, lifecycle_18_.network_service_record_id as network_1_18_18_, lifecyclee19_.id as lifecycl2_21_18_, lifecyclee19_.id as id1_10_19_, lifecyclee19_.version as version2_10_19_, pnfr20_.network_service_record_id as network_1_18_20_, physicalne21_.id as pnfr_id2_23_20_, physicalne21_.id as id1_37_21_, physicalne21_.description as descript2_37_21_, physicalne21_.descriptor_reference_id as descript6_37_21_, physicalne21_.oam_reference as oam_refe3_37_21_, physicalne21_.parent_ns_id as parent_n7_37_21_, physicalne21_.vendor as vendor4_37_21_, physicalne21_.version as version5_37_21_, servicedep22_.id as id1_7_22_, servicedep22_.flavour_key as flavour_2_7_22_, servicedep22_.version as version3_7_22_, vlr23_.network_service_record_id as network_1_18_23_, virtuallin24_.id as vlr_id2_24_23_, virtuallin24_.id as id1_54_24_, virtuallin24_.connectivity_type as connecti2_54_24_, virtuallin24_.descriptor_reference as descript3_54_24_, virtuallin24_.leaf_requirement as leaf_req4_54_24_, virtuallin24_.number_of_enpoints as number_o5_54_24_, virtuallin24_.parent_ns as parent_n6_54_24_, virtuallin24_.root_requirement as root_req7_54_24_, virtuallin24_.status as status8_54_24_, virtuallin24_.test_access as test_acc9_54_24_, virtuallin24_.vendor as vendor10_54_24_, virtuallin24_.version as version11_54_24_, virtuallin24_.vim_id as vim_id12_54_24_, vnf_depend25_.network_service_record_id as network_1_18_25_, vnfdepende26_.id as vnf_depe2_25_25_, vnfdepende26_.id as id1_86_26_, vnfdepende26_.source_Id as source_I3_86_26_, vnfdepende26_.target_Id as target_I4_86_26_, vnfdepende26_.version as version2_86_26_, vnffgr27_.network_service_record_id as network_1_18_27_, vnfforward28_.id as vnffgr_i2_26_27_, vnfforward28_.id as id1_87_28_, vnfforward28_.descriptor_version as descript2_87_28_, vnfforward28_.hb_version as hb_versi3_87_28_, vnfforward28_.number_of_endpoints as number_o4_87_28_, vnfforward28_.number_of_virtual_links as number_o5_87_28_, vnfforward28_.vendor as vendor6_87_28_, vnfforward28_.version as version7_87_28_, vnfforward28_.vnffgd_security_id as vnffgd_s8_87_28_, virtualnet29_.id as id1_68_29_, virtualnet29_.audit_log as audit_lo2_68_29_, virtualnet29_.deployment_flavour_id as deployme9_68_29_, virtualnet29_.descriptor_reference as descript3_68_29_, virtualnet29_.lifecycle_event_id as lifecyc10_68_29_, virtualnet29_.localization as localiza4_68_29_, virtualnet29_.parent_ns_id as parent_11_68_29_, virtualnet29_.status as status5_68_29_, virtualnet29_.vendor as vendor6_68_29_, virtualnet29_.version as version7_68_29_, virtualnet29_.vnfm_id as vnfm_id8_68_29_, vnffgr30_.physical_network_function_record_id as physical1_37_30_, vnfforward31_.id as vnffgr_i2_41_30_, vnfforward31_.id as id1_92_31_, vnfforward31_.audit_log as audit_lo2_92_31_, vnfforward31_.descriptor_reference_id as descrip10_92_31_, vnfforward31_.network_forwarding_path_id as network11_92_31_, vnfforward31_.number_of_endpoints as number_o3_92_31_, vnfforward31_.number_of_pnfs as number_o4_92_31_, vnfforward31_.number_of_virtual_links as number_o5_92_31_, vnfforward31_.number_of_vnfs as number_o6_92_31_, vnfforward31_.parent_ns_id as parent_12_92_31_, vnfforward31_.status as status7_92_31_, vnfforward31_.vendor as vendor8_92_31_, vnfforward31_.version as version9_92_31_, connection32_.vnfforwarding_graph_record_id as vnfforwa1_92_32_, vnfdconnec33_.id as connecti2_93_32_, vnfdconnec33_.id as id1_4_33_, vnfdconnec33_.type as type2_4_33_, vnfdconnec33_.version as version3_4_33_, vnfdconnec33_.virtual_link_reference as virtual_1_82_33_, dependent_34_.vnfforwarding_graph_record_id as vnfforwa1_92_34_, virtuallin35_.id as dependen2_94_34_, virtuallin35_.id as id1_54_35_, virtuallin35_.connectivity_type as connecti2_54_35_, virtuallin35_.descriptor_reference as descript3_54_35_, virtuallin35_.leaf_requirement as leaf_req4_54_35_, virtuallin35_.number_of_enpoints as number_o5_54_35_, virtuallin35_.parent_ns as parent_n6_54_35_, virtuallin35_.root_requirement as root_req7_54_35_, virtuallin35_.status as status8_54_35_, virtuallin35_.test_access as test_acc9_54_35_, virtuallin35_.vendor as vendor10_54_35_, virtuallin35_.version as version11_54_35_, virtuallin35_.vim_id as vim_id12_54_35_, vnfforward36_.id as id1_87_36_, vnfforward36_.descriptor_version as descript2_87_36_, vnfforward36_.hb_version as hb_versi3_87_36_, vnfforward36_.number_of_endpoints as number_o4_87_36_, vnfforward36_.number_of_virtual_links as number_o5_87_36_, vnfforward36_.vendor as vendor6_87_36_, vnfforward36_.version as version7_87_36_, vnfforward36_.vnffgd_security_id as vnffgd_s8_87_36_, lifecycle_37_.vnfforwarding_graph_record_id as vnfforwa1_92_37_, lifecyclee38_.id as lifecycl2_95_37_, lifecyclee38_.id as id1_10_38_, lifecyclee38_.version as version2_10_38_, member_vnf39_.vnfforwarding_graph_record_id as vnfforwa1_92_39_, virtualnet40_.id as member_v2_96_39_, virtualnet40_.id as id1_68_40_, virtualnet40_.audit_log as audit_lo2_68_40_, virtualnet40_.deployment_flavour_id as deployme9_68_40_, virtualnet40_.descriptor_reference as descript3_68_40_, virtualnet40_.lifecycle_event_id as lifecyc10_68_40_, virtualnet40_.localization as localiza4_68_40_, virtualnet40_.parent_ns_id as parent_11_68_40_, virtualnet40_.status as status5_68_40_, virtualnet40_.vendor as vendor6_68_40_, virtualnet40_.version as version7_68_40_, virtualnet40_.vnfm_id as vnfm_id8_68_40_, networkfor41_.id as id1_12_41_, networkfor41_.policy_id as policy_i3_12_41_, networkfor41_.version as version2_12_41_, networkser42_.id as id1_18_42_, networkser42_.audit_log as audit_lo2_18_42_, networkser42_.descriptor_reference_Id as descript9_18_42_, networkser42_.lifecycle_event_id as lifecyc10_18_42_, networkser42_.notification as notifica3_18_42_, networkser42_.resource_reservation as resource4_18_42_, networkser42_.runtime_policy_info as runtime_5_18_42_, networkser42_.service_deployment_flavour_id as service11_18_42_, networkser42_.status as status6_18_42_, networkser42_.vendor as vendor7_18_42_, networkser42_.version as version8_18_42_, networkser42_.vnfr_id as vnfr_id12_18_42_ from physical_network_function_record physicalne0_ left outer join physical_network_function_record_connected_virtual_link connected_1_ on physicalne0_.id=connected_1_.physical_network_function_record_id left outer join virtual_link_record virtuallin2_ on connected_1_.connected_virtual_link_id=virtuallin2_.id left outer join virtual_link_record_lifecycle_event_history lifecycle_3_ on virtuallin2_.id=lifecycle_3_.virtual_link_record_id left outer join lifecycle_event lifecyclee4_ on lifecycle_3_.lifecycle_event_history_id=lifecyclee4_.id left outer join virtual_link_record_vnffgr_reference vnffgr_ref5_ on virtuallin2_.id=vnffgr_ref5_.virtual_link_record_id left outer join vnfforwarding_graph_record vnfforward6_ on vnffgr_ref5_.vnffgr_reference_id=vnfforward6_.id left outer join physical_network_function_record_connection_point connection7_ on physicalne0_.id=connection7_.physical_network_function_record_id left outer join ( select id, type, version, null as virtual_link_reference, 0 as clazz_ from connection_point union select id, type, version, virtual_link_reference, 1 as clazz_ from vnfdconnection_point ) connection8_ on connection7_.connection_point_id=connection8_.id left outer join physical_network_function_descriptor physicalne9_ on physicalne0_.descriptor_reference_id=physicalne9_.id left outer join security security10_ on physicalne9_.pnfd_security_id=security10_.id left outer join network_service_record networkser11_ on physicalne0_.parent_ns_id=networkser11_.id left outer join network_service_record_auto_scale_policy auto_scale12_ on networkser11_.id=auto_scale12_.network_service_record_id left outer join auto_scale_policy autoscalep13_ on auto_scale12_.auto_scale_policy_id=autoscalep13_.id left outer join network_service_record_connection_point connection14_ on networkser11_.id=connection14_.network_service_record_id left outer join ( select id, type, version, null as virtual_link_reference, 0 as clazz_ from connection_point union select id, type, version, virtual_link_reference, 1 as clazz_ from vnfdconnection_point ) connection15_ on connection14_.connection_point_id=connection15_.id left outer join ( select id, hb_version, vendor, version, descriptor_version, manifest_file, null as nsd_security_id, 1 as clazz_ from virtual_network_function_descriptor union select id, hb_version, vendor, version, null as descriptor_version, null as manifest_file, nsd_security_id, 2 as clazz_ from network_service_descriptor ) nfventityd16_ on networkser11_.descriptor_reference_Id=nfventityd16_.id left outer join lifecycle_event lifecyclee17_ on networkser11_.lifecycle_event_id=lifecyclee17_.id left outer join network_service_record_lifecycle_event_history lifecycle_18_ on networkser11_.id=lifecycle_18_.network_service_record_id left outer join lifecycle_event lifecyclee19_ on lifecycle_18_.lifecycle_event_history_id=lifecyclee19_.id left outer join network_service_record_pnfr pnfr20_ on networkser11_.id=pnfr20_.network_service_record_id left outer join physical_network_function_record physicalne21_ on pnfr20_.pnfr_id=physicalne21_.id left outer join service_deployment_flavour servicedep22_ on networkser11_.service_deployment_flavour_id=servicedep22_.id left outer join network_service_record_vlr vlr23_ on networkser11_.id=vlr23_.network_service_record_id left outer join virtual_link_record virtuallin24_ on vlr23_.vlr_id=virtuallin24_.id left outer join network_service_record_vnf_dependency vnf_depend25_ on networkser11_.id=vnf_depend25_.network_service_record_id left outer join vnfdependency vnfdepende26_ on vnf_depend25_.vnf_dependency_id=vnfdepende26_.id left outer join network_service_record_vnffgr vnffgr27_ on networkser11_.id=vnffgr27_.network_service_record_id left outer join vnfforwarding_graph vnfforward28_ on vnffgr27_.vnffgr_id=vnfforward28_.id left outer join virtual_network_function_record virtualnet29_ on networkser11_.vnfr_id=virtualnet29_.id left outer join physical_network_function_record_vnffgr vnffgr30_ on physicalne0_.id=vnffgr30_.physical_network_function_record_id left outer join vnfforwarding_graph_record vnfforward31_ on vnffgr30_.vnffgr_id=vnfforward31_.id left outer join vnfforwarding_graph_record_connection_point connection32_ on vnfforward31_.id=connection32_.vnfforwarding_graph_record_id left outer join vnfdconnection_point vnfdconnec33_ on connection32_.connection_point_id=vnfdconnec33_.id left outer join vnfforwarding_graph_record_dependent_virtual_link dependent_34_ on vnfforward31_.id=dependent_34_.vnfforwarding_graph_record_id left outer join virtual_link_record virtuallin35_ on dependent_34_.dependent_virtual_link_id=virtuallin35_.id left outer join vnfforwarding_graph vnfforward36_ on vnfforward31_.descriptor_reference_id=vnfforward36_.id left outer join vnfforwarding_graph_record_lifecycle_event_history lifecycle_37_ on vnfforward31_.id=lifecycle_37_.vnfforwarding_graph_record_id left outer join lifecycle_event lifecyclee38_ on lifecycle_37_.lifecycle_event_history_id=lifecyclee38_.id left outer join vnfforwarding_graph_record_member_vnfs member_vnf39_ on vnfforward31_.id=member_vnf39_.vnfforwarding_graph_record_id left outer join virtual_network_function_record virtualnet40_ on member_vnf39_.member_vnfs_id=virtualnet40_.id left outer join network_forwarding_path networkfor41_ on vnfforward31_.network_forwarding_path_id=networkfor41_.id left outer join network_service_record networkser42_ on vnfforward31_.parent_ns_id=networkser42_.id where physicalne0_.id=?
14:11:16.182 [Test worker] DEBUG o.h.l.p.b.i.spaces.QuerySpacesImpl - Adding QuerySpace : uid = <gen:0> -> org.hibernate.loader.plan.build.internal.spaces.EntityQuerySpaceImpl@2c9115ac]
14:11:16.183 [Test worker] DEBUG o.h.p.w.spi.MetamodelGraphWalker - Visiting attribute path : connected_virtual_link
14:11:16.183 [Test worker] DEBUG o.h.l.p.b.i.spaces.QuerySpacesImpl - Adding QuerySpace : uid = <gen:1> -> org.hibernate.loader.plan.build.internal.spaces.CollectionQuerySpaceImpl@372318b7]
14:11:16.183 [Test worker] DEBUG o.h.l.p.b.i.spaces.QuerySpacesImpl - Adding QuerySpace : uid = <gen:2> -> org.hibernate.loader.plan.build.internal.spaces.EntityQuerySpaceImpl@612bb2a8]
14:11:16.183 [Test worker] DEBUG o.h.p.w.spi.MetamodelGraphWalker - Visiting attribute path : connected_virtual_link.allocated_capacity
14:11:16.183 [Test worker] DEBUG o.h.p.w.spi.MetamodelGraphWalker - Visiting attribute path : connected_virtual_link.audit_log
14:11:16.183 [Test worker] DEBUG o.h.p.w.spi.MetamodelGraphWalker - Visiting attribute path : connected_virtual_link.connection
14:11:16.183 [Test worker] DEBUG o.h.p.w.spi.MetamodelGraphWalker - Visiting attribute path : connected_virtual_link.connectivity_type
14:11:16.183 [Test worker] DEBUG o.h.p.w.spi.MetamodelGraphWalker - Visiting attribute path : connected_virtual_link.descriptor_reference
14:11:16.183 [Test worker] DEBUG o.h.p.w.spi.MetamodelGraphWalker - Visiting attribute path : connected_virtual_link.leaf_requirement
14:11:16.183 [Test worker] DEBUG o.h.p.w.spi.MetamodelGraphWalker - Visiting attribute path : connected_virtual_link.lifecycle_event_history
14:11:16.183 [Test worker] DEBUG o.h.l.p.b.i.spaces.QuerySpacesImpl - Adding QuerySpace : uid = <gen:3> -> org.hibernate.loader.plan.build.internal.spaces.CollectionQuerySpaceImpl@39978617]
14:11:16.184 [Test worker] DEBUG o.h.l.p.b.i.spaces.QuerySpacesImpl - Adding QuerySpace : uid = <gen:4> -> org.hibernate.loader.plan.build.internal.spaces.EntityQuerySpaceImpl@ae46d8b]
14:11:16.184 [Test worker] DEBUG o.h.p.w.spi.MetamodelGraphWalker - Visiting attribute path : connected_virtual_link.lifecycle_event_history.lifecycle_events
14:11:16.184 [Test worker] DEBUG o.h.p.w.spi.MetamodelGraphWalker - Visiting attribute path : connected_virtual_link.lifecycle_event_history.version
14:11:16.184 [Test worker] DEBUG o.h.p.w.spi.MetamodelGraphWalker - Visiting attribute path : connected_virtual_link.notification
14:11:16.184 [Test worker] DEBUG o.h.p.w.spi.MetamodelGraphWalker - Visiting attribute path : connected_virtual_link.number_of_enpoints
14:11:16.184 [Test worker] DEBUG o.h.p.w.spi.MetamodelGraphWalker - Visiting attribute path : connected_virtual_link.parent_ns
14:11:16.184 [Test worker] DEBUG o.h.p.w.spi.MetamodelGraphWalker - Visiting attribute path : connected_virtual_link.qos
14:11:16.184 [Test worker] DEBUG o.h.p.w.spi.MetamodelGraphWalker - Visiting attribute path : connected_virtual_link.root_requirement
14:11:16.184 [Test worker] DEBUG o.h.p.w.spi.MetamodelGraphWalker - Visiting attribute path : connected_virtual_link.status
14:11:16.184 [Test worker] DEBUG o.h.p.w.spi.MetamodelGraphWalker - Visiting attribute path : connected_virtual_link.test_access
14:11:16.184 [Test worker] DEBUG o.h.p.w.spi.MetamodelGraphWalker - Visiting attribute path : connected_virtual_link.vendor
14:11:16.184 [Test worker] DEBUG o.h.p.w.spi.MetamodelGraphWalker - Visiting attribute path : connected_virtual_link.version
14:11:16.184 [Test worker] DEBUG o.h.p.w.spi.MetamodelGraphWalker - Visiting attribute path : connected_virtual_link.vim_id
14:11:16.184 [Test worker] DEBUG o.h.p.w.spi.MetamodelGraphWalker - Visiting attribute path : connected_virtual_link.vnffgr_reference
14:11:16.184 [Test worker] DEBUG o.h.l.p.b.i.spaces.QuerySpacesImpl - Adding QuerySpace : uid = <gen:5> -> org.hibernate.loader.plan.build.internal.spaces.CollectionQuerySpaceImpl@2bd23245]
14:11:16.184 [Test worker] DEBUG o.h.l.p.b.i.spaces.QuerySpacesImpl - Adding QuerySpace : uid = <gen:6> -> org.hibernate.loader.plan.build.internal.spaces.EntityQuerySpaceImpl@74e2667c]
14:11:16.184 [Test worker] DEBUG o.h.p.w.spi.MetamodelGraphWalker - Visiting attribute path : connected_virtual_link.vnffgr_reference.audit_log
14:11:16.184 [Test worker] DEBUG o.h.p.w.spi.MetamodelGraphWalker - Visiting attribute path : connected_virtual_link.vnffgr_reference.connection_point
14:11:16.184 [Test worker] DEBUG o.h.l.p.b.i.spaces.QuerySpacesImpl - Adding QuerySpace : uid = <gen:7> -> org.hibernate.loader.plan.build.internal.spaces.CollectionQuerySpaceImpl@4bb9b57e]
14:11:16.184 [Test worker] DEBUG o.h.l.p.b.i.spaces.QuerySpacesImpl - Adding QuerySpace : uid = <gen:8> -> org.hibernate.loader.plan.build.internal.spaces.EntityQuerySpaceImpl@d3a8a09]
14:11:16.184 [Test worker] DEBUG o.h.p.w.spi.MetamodelGraphWalker - Visiting attribute path : connected_virtual_link.vnffgr_reference.dependent_virtual_link
14:11:16.184 [Test worker] DEBUG o.h.l.p.b.i.spaces.QuerySpacesImpl - Adding QuerySpace : uid = <gen:9> -> org.hibernate.loader.plan.build.internal.spaces.CollectionQuerySpaceImpl@7e3c5ba7]
14:11:16.184 [Test worker] DEBUG o.h.l.p.b.i.spaces.QuerySpacesImpl - Adding QuerySpace : uid = <gen:10> -> org.hibernate.loader.plan.build.internal.spaces.EntityQuerySpaceImpl@2ca571b0]
14:11:16.184 [Test worker] DEBUG o.h.p.w.spi.MetamodelGraphWalker - Visiting attribute path : connected_virtual_link.vnffgr_reference.descriptor_reference
14:11:16.184 [Test worker] DEBUG o.h.l.p.b.i.spaces.QuerySpacesImpl - Adding QuerySpace : uid = <gen:11> -> org.hibernate.loader.plan.build.internal.spaces.EntityQuerySpaceImpl@21caf0b6]
14:11:16.184 [Test worker] DEBUG o.h.p.w.spi.MetamodelGraphWalker - Visiting attribute path : connected_virtual_link.vnffgr_reference.lifecycle_event_history
14:11:16.184 [Test worker] DEBUG o.h.l.p.b.i.spaces.QuerySpacesImpl - Adding QuerySpace : uid = <gen:12> -> org.hibernate.loader.plan.build.internal.spaces.CollectionQuerySpaceImpl@12814e0f]
14:11:16.184 [Test worker] DEBUG o.h.l.p.b.i.spaces.QuerySpacesImpl - Adding QuerySpace : uid = <gen:13> -> org.hibernate.loader.plan.build.internal.spaces.EntityQuerySpaceImpl@672bc446]
14:11:16.184 [Test worker] DEBUG o.h.p.w.spi.MetamodelGraphWalker - Visiting attribute path : connected_virtual_link.vnffgr_reference.member_vnfs
14:11:16.184 [Test worker] DEBUG o.h.l.p.b.i.spaces.QuerySpacesImpl - Adding QuerySpace : uid = <gen:14> -> org.hibernate.loader.plan.build.internal.spaces.CollectionQuerySpaceImpl@6a630494]
14:11:16.184 [Test worker] DEBUG o.h.l.p.b.i.spaces.QuerySpacesImpl - Adding QuerySpace : uid = <gen:15> -> org.hibernate.loader.plan.build.internal.spaces.EntityQuerySpaceImpl@ac1c71d]
14:11:16.184 [Test worker] DEBUG o.h.p.w.spi.MetamodelGraphWalker - Visiting attribute path : connected_virtual_link.vnffgr_reference.network_forwarding_path
14:11:16.184 [Test worker] DEBUG o.h.l.p.b.i.spaces.QuerySpacesImpl - Adding QuerySpace : uid = <gen:16> -> org.hibernate.loader.plan.build.internal.spaces.EntityQuerySpaceImpl@37f7466f]
14:11:16.184 [Test worker] DEBUG o.h.p.w.spi.MetamodelGraphWalker - Visiting attribute path : connected_virtual_link.vnffgr_reference.notification
14:11:16.184 [Test worker] DEBUG o.h.p.w.spi.MetamodelGraphWalker - Visiting attribute path : connected_virtual_link.vnffgr_reference.number_of_endpoints
14:11:16.184 [Test worker] DEBUG o.h.p.w.spi.MetamodelGraphWalker - Visiting attribute path : connected_virtual_link.vnffgr_reference.number_of_pnfs
14:11:16.184 [Test worker] DEBUG o.h.p.w.spi.MetamodelGraphWalker - Visiting attribute path : connected_virtual_link.vnffgr_reference.number_of_virtual_links
14:11:16.184 [Test worker] DEBUG o.h.p.w.spi.MetamodelGraphWalker - Visiting attribute path : connected_virtual_link.vnffgr_reference.number_of_vnfs
14:11:16.184 [Test worker] DEBUG o.h.p.w.spi.MetamodelGraphWalker - Visiting attribute path : connected_virtual_link.vnffgr_reference.parent_ns
14:11:16.184 [Test worker] DEBUG o.h.l.p.b.i.spaces.QuerySpacesImpl - Adding QuerySpace : uid = <gen:17> -> org.hibernate.loader.plan.build.internal.spaces.EntityQuerySpaceImpl@4b313e1d]
14:11:16.184 [Test worker] DEBUG o.h.p.w.spi.MetamodelGraphWalker - Visiting attribute path : connected_virtual_link.vnffgr_reference.status
14:11:16.184 [Test worker] DEBUG o.h.p.w.spi.MetamodelGraphWalker - Visiting attribute path : connected_virtual_link.vnffgr_reference.vendor
14:11:16.184 [Test worker] DEBUG o.h.p.w.spi.MetamodelGraphWalker - Visiting attribute path : connected_virtual_link.vnffgr_reference.version
14:11:16.185 [Test worker] DEBUG o.h.p.w.spi.MetamodelGraphWalker - Visiting attribute path : connection_point
14:11:16.185 [Test worker] DEBUG o.h.l.p.b.i.spaces.QuerySpacesImpl - Adding QuerySpace : uid = <gen:18> -> org.hibernate.loader.plan.build.internal.spaces.CollectionQuerySpaceImpl@de5087c]
14:11:16.185 [Test worker] DEBUG o.h.l.p.b.i.spaces.QuerySpacesImpl - Adding QuerySpace : uid = <gen:19> -> org.hibernate.loader.plan.build.internal.spaces.EntityQuerySpaceImpl@37900c04]
14:11:16.185 [Test worker] DEBUG o.h.p.w.spi.MetamodelGraphWalker - Visiting attribute path : connection_point.type
14:11:16.185 [Test worker] DEBUG o.h.p.w.spi.MetamodelGraphWalker - Visiting attribute path : connection_point.version
14:11:16.185 [Test worker] DEBUG o.h.p.w.spi.MetamodelGraphWalker - Visiting attribute path : connection_point.virtual_link_reference
14:11:16.185 [Test worker] DEBUG o.h.p.w.spi.MetamodelGraphWalker - Visiting attribute path : description
14:11:16.185 [Test worker] DEBUG o.h.p.w.spi.MetamodelGraphWalker - Visiting attribute path : descriptor_reference
14:11:16.185 [Test worker] DEBUG o.h.l.p.b.i.spaces.QuerySpacesImpl - Adding QuerySpace : uid = <gen:20> -> org.hibernate.loader.plan.build.internal.spaces.EntityQuerySpaceImpl@2204a360]
14:11:16.185 [Test worker] DEBUG o.h.p.w.spi.MetamodelGraphWalker - Visiting attribute path : descriptor_reference.connection_point
14:11:16.185 [Test worker] DEBUG o.h.p.w.spi.MetamodelGraphWalker - Visiting attribute path : descriptor_reference.description
14:11:16.185 [Test worker] DEBUG o.h.p.w.spi.MetamodelGraphWalker - Visiting attribute path : descriptor_reference.descriptor_version
14:11:16.185 [Test worker] DEBUG o.h.p.w.spi.MetamodelGraphWalker - Visiting attribute path : descriptor_reference.hb_version
14:11:16.185 [Test worker] DEBUG o.h.p.w.spi.MetamodelGraphWalker - Visiting attribute path : descriptor_reference.pnfd_security
14:11:16.185 [Test worker] DEBUG o.h.l.p.b.i.spaces.QuerySpacesImpl - Adding QuerySpace : uid = <gen:21> -> org.hibernate.loader.plan.build.internal.spaces.EntityQuerySpaceImpl@2a1b1137]
14:11:16.185 [Test worker] DEBUG o.h.p.w.spi.MetamodelGraphWalker - Visiting attribute path : descriptor_reference.pnfd_security.version
14:11:16.185 [Test worker] DEBUG o.h.p.w.spi.MetamodelGraphWalker - Visiting attribute path : descriptor_reference.vendor
14:11:16.185 [Test worker] DEBUG o.h.p.w.spi.MetamodelGraphWalker - Visiting attribute path : descriptor_reference.version
14:11:16.185 [Test worker] DEBUG o.h.p.w.spi.MetamodelGraphWalker - Visiting attribute path : oam_reference
14:11:16.185 [Test worker] DEBUG o.h.p.w.spi.MetamodelGraphWalker - Visiting attribute path : parent_ns
14:11:16.185 [Test worker] DEBUG o.h.l.p.b.i.spaces.QuerySpacesImpl - Adding QuerySpace : uid = <gen:22> -> org.hibernate.loader.plan.build.internal.spaces.EntityQuerySpaceImpl@1ee58592]
14:11:16.185 [Test worker] DEBUG o.h.p.w.spi.MetamodelGraphWalker - Visiting attribute path : parent_ns.audit_log
14:11:16.185 [Test worker] DEBUG o.h.p.w.spi.MetamodelGraphWalker - Visiting attribute path : parent_ns.auto_scale_policy
14:11:16.185 [Test worker] DEBUG o.h.l.p.b.i.spaces.QuerySpacesImpl - Adding QuerySpace : uid = <gen:23> -> org.hibernate.loader.plan.build.internal.spaces.CollectionQuerySpaceImpl@62723919]
14:11:16.185 [Test worker] DEBUG o.h.l.p.b.i.spaces.QuerySpacesImpl - Adding QuerySpace : uid = <gen:24> -> org.hibernate.loader.plan.build.internal.spaces.EntityQuerySpaceImpl@3902cacd]
14:11:16.185 [Test worker] DEBUG o.h.p.w.spi.MetamodelGraphWalker - Visiting attribute path : parent_ns.auto_scale_policy.version
14:11:16.185 [Test worker] DEBUG o.h.p.w.spi.MetamodelGraphWalker - Visiting attribute path : parent_ns.connection_point
14:11:16.185 [Test worker] DEBUG o.h.l.p.b.i.spaces.QuerySpacesImpl - Adding QuerySpace : uid = <gen:25> -> org.hibernate.loader.plan.build.internal.spaces.CollectionQuerySpaceImpl@373e8ad9]
14:11:16.185 [Test worker] DEBUG o.h.l.p.b.i.spaces.QuerySpacesImpl - Adding QuerySpace : uid = <gen:26> -> org.hibernate.loader.plan.build.internal.spaces.EntityQuerySpaceImpl@6b0dc8e4]
14:11:16.185 [Test worker] DEBUG o.h.p.w.spi.MetamodelGraphWalker - Visiting attribute path : parent_ns.connection_point.type
14:11:16.185 [Test worker] DEBUG o.h.p.w.spi.MetamodelGraphWalker - Visiting attribute path : parent_ns.connection_point.version
14:11:16.185 [Test worker] DEBUG o.h.p.w.spi.MetamodelGraphWalker - Visiting attribute path : parent_ns.connection_point.virtual_link_reference
14:11:16.185 [Test worker] DEBUG o.h.p.w.spi.MetamodelGraphWalker - Visiting attribute path : parent_ns.descriptor_reference
14:11:16.185 [Test worker] DEBUG o.h.l.p.b.i.spaces.QuerySpacesImpl - Adding QuerySpace : uid = <gen:27> -> org.hibernate.loader.plan.build.internal.spaces.EntityQuerySpaceImpl@6d886e34]
14:11:16.185 [Test worker] DEBUG o.h.p.w.spi.MetamodelGraphWalker - Visiting attribute path : parent_ns.descriptor_reference.auto_scale_policy
14:11:16.186 [Test worker] DEBUG o.h.p.w.spi.MetamodelGraphWalker - Visiting attribute path : parent_ns.descriptor_reference.connection_point
14:11:16.186 [Test worker] DEBUG o.h.p.w.spi.MetamodelGraphWalker - Visiting attribute path : parent_ns.descriptor_reference.hb_version
14:11:16.186 [Test worker] DEBUG o.h.p.w.spi.MetamodelGraphWalker - Visiting attribute path : parent_ns.descriptor_reference.lifecycle_event
14:11:16.186 [Test worker] DEBUG o.h.p.w.spi.MetamodelGraphWalker - Visiting attribute path : parent_ns.descriptor_reference.monitoring_parameter
14:11:16.186 [Test worker] DEBUG o.h.l.p.b.i.spaces.QuerySpacesImpl - Adding QuerySpace : uid = <gen:28> -> org.hibernate.loader.plan.build.internal.spaces.CollectionQuerySpaceImpl@7447e742]
14:11:16.186 [Test worker] DEBUG o.h.p.w.spi.MetamodelGraphWalker - Visiting attribute path : parent_ns.descriptor_reference.service_deployment_flavour
14:11:16.186 [Test worker] DEBUG o.h.p.w.spi.MetamodelGraphWalker - Visiting attribute path : parent_ns.descriptor_reference.vendor
14:11:16.186 [Test worker] DEBUG o.h.p.w.spi.MetamodelGraphWalker - Visiting attribute path : parent_ns.descriptor_reference.version
14:11:16.186 [Test worker] DEBUG o.h.p.w.spi.MetamodelGraphWalker - Visiting attribute path : parent_ns.descriptor_reference.vld
14:11:16.186 [Test worker] DEBUG o.h.p.w.spi.MetamodelGraphWalker - Visiting attribute path : parent_ns.descriptor_reference.vnffgd
14:11:16.186 [Test worker] DEBUG o.h.p.w.spi.MetamodelGraphWalker - Visiting attribute path : parent_ns.descriptor_reference.deployment_flavour
14:11:16.186 [Test worker] DEBUG o.h.l.p.b.i.spaces.QuerySpacesImpl - Adding QuerySpace : uid = <gen:29> -> org.hibernate.loader.plan.build.internal.spaces.CollectionQuerySpaceImpl@1c9fd9b2]
14:11:16.186 [Test worker] DEBUG o.h.l.p.b.i.spaces.QuerySpacesImpl - Adding QuerySpace : uid = <gen:30> -> org.hibernate.loader.plan.build.internal.spaces.EntityQuerySpaceImpl@428d43cc]
14:11:16.186 [Test worker] DEBUG o.h.p.w.spi.MetamodelGraphWalker - Visiting attribute path : parent_ns.descriptor_reference.descriptor_version
14:11:16.186 [Test worker] DEBUG o.h.p.w.spi.MetamodelGraphWalker - Visiting attribute path : parent_ns.descriptor_reference.manifest_file
14:11:16.186 [Test worker] DEBUG o.h.p.w.spi.MetamodelGraphWalker - Visiting attribute path : parent_ns.descriptor_reference.manifest_file_security
14:11:16.186 [Test worker] DEBUG o.h.p.w.spi.MetamodelGraphWalker - Visiting attribute path : parent_ns.descriptor_reference.vdu
14:11:16.186 [Test worker] DEBUG o.h.p.w.spi.MetamodelGraphWalker - Visiting attribute path : parent_ns.descriptor_reference.vdu_dependency
14:11:16.186 [Test worker] DEBUG o.h.p.w.spi.MetamodelGraphWalker - Visiting attribute path : parent_ns.descriptor_reference.virtual_link
14:11:16.186 [Test worker] DEBUG o.h.p.w.spi.MetamodelGraphWalker - Visiting attribute path : parent_ns.descriptor_reference.nsd_security
14:11:16.186 [Test worker] DEBUG o.h.l.p.b.i.spaces.QuerySpacesImpl - Adding QuerySpace : uid = <gen:31> -> org.hibernate.loader.plan.build.internal.spaces.EntityQuerySpaceImpl@485e2836]
14:11:16.186 [Test worker] DEBUG o.h.p.w.spi.MetamodelGraphWalker - Visiting attribute path : parent_ns.descriptor_reference.pnfd
14:11:16.186 [Test worker] DEBUG o.h.p.w.spi.MetamodelGraphWalker - Visiting attribute path : parent_ns.descriptor_reference.vnf_dependency
14:11:16.186 [Test worker] DEBUG o.h.l.p.b.i.spaces.QuerySpacesImpl - Adding QuerySpace : uid = <gen:32> -> org.hibernate.loader.plan.build.internal.spaces.CollectionQuerySpaceImpl@1da21658]
14:11:16.186 [Test worker] DEBUG o.h.l.p.b.i.spaces.QuerySpacesImpl - Adding QuerySpace : uid = <gen:33> -> org.hibernate.loader.plan.build.internal.spaces.EntityQuerySpaceImpl@7c68fa9a]
14:11:16.187 [Test worker] DEBUG o.h.p.w.spi.MetamodelGraphWalker - Visiting attribute path : parent_ns.descriptor_reference.vnfd
14:11:16.187 [Test worker] DEBUG o.h.l.p.b.i.spaces.QuerySpacesImpl - Adding QuerySpace : uid = <gen:34> -> org.hibernate.loader.plan.build.internal.spaces.CollectionQuerySpaceImpl@501cd445]
14:11:16.187 [Test worker] DEBUG o.h.l.p.b.i.spaces.QuerySpacesImpl - Adding QuerySpace : uid = <gen:35> -> org.hibernate.loader.plan.build.internal.spaces.EntityQuerySpaceImpl@14b4271a]
14:11:16.187 [Test worker] DEBUG o.h.p.w.spi.MetamodelGraphWalker - Visiting attribute path : parent_ns.lifecycle_event
14:11:16.187 [Test worker] DEBUG o.h.l.p.b.i.spaces.QuerySpacesImpl - Adding QuerySpace : uid = <gen:36> -> org.hibernate.loader.plan.build.internal.spaces.EntityQuerySpaceImpl@3f732694]
14:11:16.187 [Test worker] DEBUG o.h.p.w.spi.MetamodelGraphWalker - Visiting attribute path : parent_ns.lifecycle_event.lifecycle_events
14:11:16.187 [Test worker] DEBUG o.h.p.w.spi.MetamodelGraphWalker - Visiting attribute path : parent_ns.lifecycle_event.version
14:11:16.187 [Test worker] DEBUG o.h.p.w.spi.MetamodelGraphWalker - Visiting attribute path : parent_ns.lifecycle_event_history
14:11:16.187 [Test worker] DEBUG o.h.l.p.b.i.spaces.QuerySpacesImpl - Adding QuerySpace : uid = <gen:37> -> org.hibernate.loader.plan.build.internal.spaces.CollectionQuerySpaceImpl@5a356fe2]
14:11:16.187 [Test worker] DEBUG o.h.l.p.b.i.spaces.QuerySpacesImpl - Adding QuerySpace : uid = <gen:38> -> org.hibernate.loader.plan.build.internal.spaces.EntityQuerySpaceImpl@6a448cb2]
14:11:16.187 [Test worker] DEBUG o.h.p.w.spi.MetamodelGraphWalker - Visiting attribute path : parent_ns.lifecycle_event_history.lifecycle_events
14:11:16.187 [Test worker] DEBUG o.h.p.w.spi.MetamodelGraphWalker - Visiting attribute path : parent_ns.lifecycle_event_history.version
14:11:16.187 [Test worker] DEBUG o.h.p.w.spi.MetamodelGraphWalker - Visiting attribute path : parent_ns.monitoring_parameter
14:11:16.187 [Test worker] DEBUG o.h.p.w.spi.MetamodelGraphWalker - Visiting attribute path : parent_ns.notification
14:11:16.187 [Test worker] DEBUG o.h.p.w.spi.MetamodelGraphWalker - Visiting attribute path : parent_ns.pnfr
14:11:16.188 [Test worker] DEBUG o.h.l.p.b.i.spaces.QuerySpacesImpl - Adding QuerySpace : uid = <gen:39> -> org.hibernate.loader.plan.build.internal.spaces.CollectionQuerySpaceImpl@462cc1e9]
14:11:16.188 [Test worker] DEBUG o.h.l.p.b.i.spaces.QuerySpacesImpl - Adding QuerySpace : uid = <gen:40> -> org.hibernate.loader.plan.build.internal.spaces.EntityQuerySpaceImpl@246ecbfd]
14:11:16.188 [Test worker] DEBUG o.h.p.w.spi.MetamodelGraphWalker - Visiting attribute path : parent_ns.pnfr.connected_virtual_link
14:11:16.188 [Test worker] DEBUG o.h.p.w.spi.MetamodelGraphWalker - Property path deemed to be circular : parent_ns.pnfr.connected_virtual_link
14:11:16.188 [Test worker] DEBUG o.h.p.w.spi.MetamodelGraphWalker - Visiting attribute path : parent_ns.pnfr.connection_point
14:11:16.188 [Test worker] DEBUG o.h.p.w.spi.MetamodelGraphWalker - Property path deemed to be circular : parent_ns.pnfr.connection_point
14:11:16.188 [Test worker] DEBUG o.h.p.w.spi.MetamodelGraphWalker - Visiting attribute path : parent_ns.pnfr.description
14:11:16.188 [Test worker] DEBUG o.h.p.w.spi.MetamodelGraphWalker - Visiting attribute path : parent_ns.pnfr.descriptor_reference
14:11:16.188 [Test worker] DEBUG o.h.p.w.spi.MetamodelGraphWalker - Property path deemed to be circular : parent_ns.pnfr.descriptor_reference
14:11:16.188 [Test worker] DEBUG o.h.p.w.spi.MetamodelGraphWalker - Visiting attribute path : parent_ns.pnfr.oam_reference
14:11:16.188 [Test worker] DEBUG o.h.p.w.spi.MetamodelGraphWalker - Visiting attribute path : parent_ns.pnfr.parent_ns
14:11:16.188 [Test worker] DEBUG o.h.p.w.spi.MetamodelGraphWalker - Property path deemed to be circular : parent_ns.pnfr.parent_ns
14:11:16.188 [Test worker] DEBUG o.h.p.w.spi.MetamodelGraphWalker - Visiting attribute path : parent_ns.pnfr.pnf_address
14:11:16.188 [Test worker] DEBUG o.h.p.w.spi.MetamodelGraphWalker - Visiting attribute path : parent_ns.pnfr.vendor
14:11:16.188 [Test worker] DEBUG o.h.p.w.spi.MetamodelGraphWalker - Visiting attribute path : parent_ns.pnfr.version
14:11:16.188 [Test worker] DEBUG o.h.p.w.spi.MetamodelGraphWalker - Visiting attribute path : parent_ns.pnfr.vnffgr
14:11:16.188 [Test worker] DEBUG o.h.l.p.b.i.spaces.QuerySpacesImpl - Adding QuerySpace : uid = <gen:41> -> org.hibernate.loader.plan.build.internal.spaces.CollectionQuerySpaceImpl@205b460d]
14:11:16.188 [Test worker] DEBUG o.h.l.p.b.i.spaces.QuerySpacesImpl - Adding QuerySpace : uid = <gen:42> -> org.hibernate.loader.plan.build.internal.spaces.EntityQuerySpaceImpl@48541013]
14:11:16.188 [Test worker] DEBUG o.h.p.w.spi.MetamodelGraphWalker - Visiting attribute path : parent_ns.resource_reservation
14:11:16.188 [Test worker] DEBUG o.h.p.w.spi.MetamodelGraphWalker - Visiting attribute path : parent_ns.runtime_policy_info
14:11:16.188 [Test worker] DEBUG o.h.p.w.spi.MetamodelGraphWalker - Visiting attribute path : parent_ns.service_deployment_flavour
14:11:16.188 [Test worker] DEBUG o.h.l.p.b.i.spaces.QuerySpacesImpl - Adding QuerySpace : uid = <gen:43> -> org.hibernate.loader.plan.build.internal.spaces.EntityQuerySpaceImpl@6eb747e]
14:11:16.188 [Test worker] DEBUG o.h.p.w.spi.MetamodelGraphWalker - Visiting attribute path : parent_ns.service_deployment_flavour.flavour_key
14:11:16.188 [Test worker] DEBUG o.h.p.w.spi.MetamodelGraphWalker - Visiting attribute path : parent_ns.service_deployment_flavour.version
14:11:16.188 [Test worker] DEBUG o.h.p.w.spi.MetamodelGraphWalker - Visiting attribute path : parent_ns.service_deployment_flavour.constituent_vnf
14:11:16.188 [Test worker] DEBUG o.h.p.w.spi.MetamodelGraphWalker - Visiting attribute path : parent_ns.status
14:11:16.189 [Test worker] DEBUG o.h.p.w.spi.MetamodelGraphWalker - Visiting attribute path : parent_ns.vendor
14:11:16.189 [Test worker] DEBUG o.h.p.w.spi.MetamodelGraphWalker - Visiting attribute path : parent_ns.version
14:11:16.189 [Test worker] DEBUG o.h.p.w.spi.MetamodelGraphWalker - Visiting attribute path : parent_ns.vlr
14:11:16.189 [Test worker] DEBUG o.h.l.p.b.i.spaces.QuerySpacesImpl - Adding QuerySpace : uid = <gen:44> -> org.hibernate.loader.plan.build.internal.spaces.CollectionQuerySpaceImpl@1e4a3a04]
14:11:16.189 [Test worker] DEBUG o.h.l.p.b.i.spaces.QuerySpacesImpl - Adding QuerySpace : uid = <gen:45> -> org.hibernate.loader.plan.build.internal.spaces.EntityQuerySpaceImpl@1b26ec25]
14:11:16.189 [Test worker] DEBUG o.h.p.w.spi.MetamodelGraphWalker - Visiting attribute path : parent_ns.vlr.allocated_capacity
14:11:16.189 [Test worker] DEBUG o.h.p.w.spi.MetamodelGraphWalker - Visiting attribute path : parent_ns.vlr.audit_log
14:11:16.189 [Test worker] DEBUG o.h.p.w.spi.MetamodelGraphWalker - Visiting attribute path : parent_ns.vlr.connection
14:11:16.189 [Test worker] DEBUG o.h.p.w.spi.MetamodelGraphWalker - Visiting attribute path : parent_ns.vlr.connectivity_type
14:11:16.189 [Test worker] DEBUG o.h.p.w.spi.MetamodelGraphWalker - Visiting attribute path : parent_ns.vlr.descriptor_reference
14:11:16.189 [Test worker] DEBUG o.h.p.w.spi.MetamodelGraphWalker - Visiting attribute path : parent_ns.vlr.leaf_requirement
14:11:16.189 [Test worker] DEBUG o.h.p.w.spi.MetamodelGraphWalker - Visiting attribute path : parent_ns.vlr.lifecycle_event_history
14:11:16.189 [Test worker] DEBUG o.h.p.w.spi.MetamodelGraphWalker - Property path deemed to be circular : parent_ns.vlr.lifecycle_event_history
14:11:16.189 [Test worker] DEBUG o.h.p.w.spi.MetamodelGraphWalker - Visiting attribute path : parent_ns.vlr.notification
14:11:16.189 [Test worker] DEBUG o.h.p.w.spi.MetamodelGraphWalker - Visiting attribute path : parent_ns.vlr.number_of_enpoints
14:11:16.189 [Test worker] DEBUG o.h.p.w.spi.MetamodelGraphWalker - Visiting attribute path : parent_ns.vlr.parent_ns
14:11:16.189 [Test worker] DEBUG o.h.p.w.spi.MetamodelGraphWalker - Visiting attribute path : parent_ns.vlr.qos
14:11:16.189 [Test worker] DEBUG o.h.p.w.spi.MetamodelGraphWalker - Visiting attribute path : parent_ns.vlr.root_requirement
14:11:16.189 [Test worker] DEBUG o.h.p.w.spi.MetamodelGraphWalker - Visiting attribute path : parent_ns.vlr.status
14:11:16.189 [Test worker] DEBUG o.h.p.w.spi.MetamodelGraphWalker - Visiting attribute path : parent_ns.vlr.test_access
14:11:16.189 [Test worker] DEBUG o.h.p.w.spi.MetamodelGraphWalker - Visiting attribute path : parent_ns.vlr.vendor
14:11:16.189 [Test worker] DEBUG o.h.p.w.spi.MetamodelGraphWalker - Visiting attribute path : parent_ns.vlr.version
14:11:16.189 [Test worker] DEBUG o.h.p.w.spi.MetamodelGraphWalker - Visiting attribute path : parent_ns.vlr.vim_id
14:11:16.189 [Test worker] DEBUG o.h.p.w.spi.MetamodelGraphWalker - Visiting attribute path : parent_ns.vlr.vnffgr_reference
14:11:16.189 [Test worker] DEBUG o.h.p.w.spi.MetamodelGraphWalker - Property path deemed to be circular : parent_ns.vlr.vnffgr_reference
14:11:16.189 [Test worker] DEBUG o.h.p.w.spi.MetamodelGraphWalker - Visiting attribute path : parent_ns.vnf_dependency
14:11:16.189 [Test worker] DEBUG o.h.l.p.b.i.spaces.QuerySpacesImpl - Adding QuerySpace : uid = <gen:46> -> org.hibernate.loader.plan.build.internal.spaces.CollectionQuerySpaceImpl@6d9e2ec8]
14:11:16.189 [Test worker] DEBUG o.h.l.p.b.i.spaces.QuerySpacesImpl - Adding QuerySpace : uid = <gen:47> -> org.hibernate.loader.plan.build.internal.spaces.EntityQuerySpaceImpl@2c1184b1]
14:11:16.190 [Test worker] DEBUG o.h.p.w.spi.MetamodelGraphWalker - Visiting attribute path : parent_ns.vnf_dependency.source
14:11:16.190 [Test worker] DEBUG o.h.l.p.b.i.spaces.QuerySpacesImpl - Adding QuerySpace : uid = <gen:48> -> org.hibernate.loader.plan.build.internal.spaces.EntityQuerySpaceImpl@7bd3c61b]
14:11:16.190 [Test worker] DEBUG o.h.p.w.spi.MetamodelGraphWalker - Visiting attribute path : parent_ns.vnf_dependency.target
14:11:16.190 [Test worker] DEBUG o.h.l.p.b.i.spaces.QuerySpacesImpl - Adding QuerySpace : uid = <gen:49> -> org.hibernate.loader.plan.build.internal.spaces.EntityQuerySpaceImpl@c735620]
14:11:16.190 [Test worker] DEBUG o.h.p.w.spi.MetamodelGraphWalker - Visiting attribute path : parent_ns.vnf_dependency.version
14:11:16.190 [Test worker] DEBUG o.h.p.w.spi.MetamodelGraphWalker - Visiting attribute path : parent_ns.vnffgr
14:11:16.190 [Test worker] DEBUG o.h.l.p.b.i.spaces.QuerySpacesImpl - Adding QuerySpace : uid = <gen:50> -> org.hibernate.loader.plan.build.internal.spaces.CollectionQuerySpaceImpl@681b5542]
14:11:16.190 [Test worker] DEBUG o.h.l.p.b.i.spaces.QuerySpacesImpl - Adding QuerySpace : uid = <gen:51> -> org.hibernate.loader.plan.build.internal.spaces.EntityQuerySpaceImpl@5a7a9573]
14:11:16.190 [Test worker] DEBUG o.h.p.w.spi.MetamodelGraphWalker - Visiting attribute path : parent_ns.vnffgr.connection_point
14:11:16.190 [Test worker] DEBUG o.h.p.w.spi.MetamodelGraphWalker - Visiting attribute path : parent_ns.vnffgr.constituent_vnfs
14:11:16.190 [Test worker] DEBUG o.h.p.w.spi.MetamodelGraphWalker - Visiting attribute path : parent_ns.vnffgr.dependent_virtual_link
14:11:16.190 [Test worker] DEBUG o.h.p.w.spi.MetamodelGraphWalker - Visiting attribute path : parent_ns.vnffgr.descriptor_version
14:11:16.190 [Test worker] DEBUG o.h.p.w.spi.MetamodelGraphWalker - Visiting attribute path : parent_ns.vnffgr.hb_version
14:11:16.190 [Test worker] DEBUG o.h.p.w.spi.MetamodelGraphWalker - Visiting attribute path : parent_ns.vnffgr.network_forwarding_path
14:11:16.190 [Test worker] DEBUG o.h.p.w.spi.MetamodelGraphWalker - Visiting attribute path : parent_ns.vnffgr.number_of_endpoints
14:11:16.190 [Test worker] DEBUG o.h.p.w.spi.MetamodelGraphWalker - Visiting attribute path : parent_ns.vnffgr.number_of_virtual_links
14:11:16.190 [Test worker] DEBUG o.h.p.w.spi.MetamodelGraphWalker - Visiting attribute path : parent_ns.vnffgr.vendor
14:11:16.190 [Test worker] DEBUG o.h.p.w.spi.MetamodelGraphWalker - Visiting attribute path : parent_ns.vnffgr.version
14:11:16.190 [Test worker] DEBUG o.h.p.w.spi.MetamodelGraphWalker - Visiting attribute path : parent_ns.vnffgr.vnffgd_security
14:11:16.190 [Test worker] DEBUG o.h.l.p.b.i.spaces.QuerySpacesImpl - Adding QuerySpace : uid = <gen:52> -> org.hibernate.loader.plan.build.internal.spaces.EntityQuerySpaceImpl@47e4b801]
14:11:16.190 [Test worker] DEBUG o.h.p.w.spi.MetamodelGraphWalker - Visiting attribute path : parent_ns.vnfr
14:11:16.191 [Test worker] DEBUG o.h.l.p.b.i.spaces.QuerySpacesImpl - Adding QuerySpace : uid = <gen:53> -> org.hibernate.loader.plan.build.internal.spaces.EntityQuerySpaceImpl@78ec6e86]
14:11:16.191 [Test worker] DEBUG o.h.p.w.spi.MetamodelGraphWalker - Visiting attribute path : parent_ns.vnfr.audit_log
14:11:16.191 [Test worker] DEBUG o.h.p.w.spi.MetamodelGraphWalker - Visiting attribute path : parent_ns.vnfr.auto_scale_policy
14:11:16.191 [Test worker] DEBUG o.h.l.p.b.i.spaces.QuerySpacesImpl - Adding QuerySpace : uid = <gen:54> -> org.hibernate.loader.plan.build.internal.spaces.CollectionQuerySpaceImpl@3b8a58ee]
14:11:16.191 [Test worker] DEBUG o.h.l.p.b.i.spaces.QuerySpacesImpl - Adding QuerySpace : uid = <gen:55> -> org.hibernate.loader.plan.build.internal.spaces.EntityQuerySpaceImpl@77d48fcb]
14:11:16.191 [Test worker] DEBUG o.h.p.w.spi.MetamodelGraphWalker - Visiting attribute path : parent_ns.vnfr.connected_external_virtual_link
14:11:16.191 [Test worker] DEBUG o.h.l.p.b.i.spaces.QuerySpacesImpl - Adding QuerySpace : uid = <gen:56> -> org.hibernate.loader.plan.build.internal.spaces.CollectionQuerySpaceImpl@242c95e3]
14:11:16.191 [Test worker] DEBUG o.h.l.p.b.i.spaces.QuerySpacesImpl - Adding QuerySpace : uid = <gen:57> -> org.hibernate.loader.plan.build.internal.spaces.EntityQuerySpaceImpl@6b247ca2]
14:11:16.191 [Test worker] DEBUG o.h.p.w.spi.MetamodelGraphWalker - Visiting attribute path : parent_ns.vnfr.connection_point
14:11:16.191 [Test worker] DEBUG o.h.l.p.b.i.spaces.QuerySpacesImpl - Adding QuerySpace : uid = <gen:58> -> org.hibernate.loader.plan.build.internal.spaces.CollectionQuerySpaceImpl@2872a6a2]
14:11:16.191 [Test worker] DEBUG o.h.l.p.b.i.spaces.QuerySpacesImpl - Adding QuerySpace : uid = <gen:59> -> org.hibernate.loader.plan.build.internal.spaces.EntityQuerySpaceImpl@7f19ea6c]
14:11:16.191 [Test worker] DEBUG o.h.p.w.spi.MetamodelGraphWalker - Visiting attribute path : parent_ns.vnfr.dependency
14:11:16.191 [Test worker] DEBUG o.h.l.p.b.i.spaces.QuerySpacesImpl - Adding QuerySpace : uid = <gen:60> -> org.hibernate.loader.plan.build.internal.spaces.CollectionQuerySpaceImpl@7e6d99a4]
14:11:16.191 [Test worker] DEBUG o.h.l.p.b.i.spaces.QuerySpacesImpl - Adding QuerySpace : uid = <gen:61> -> org.hibernate.loader.plan.build.internal.spaces.EntityQuerySpaceImpl@4d821ed4]
14:11:16.191 [Test worker] DEBUG o.h.p.w.spi.MetamodelGraphWalker - Visiting attribute path : parent_ns.vnfr.deployment_flavour
14:11:16.191 [Test worker] DEBUG o.h.l.p.b.i.spaces.QuerySpacesImpl - Adding QuerySpace : uid = <gen:62> -> org.hibernate.loader.plan.build.internal.spaces.EntityQuerySpaceImpl@19b6180d]
14:11:16.191 [Test worker] DEBUG o.h.p.w.spi.MetamodelGraphWalker - Visiting attribute path : parent_ns.vnfr.descriptor_reference
14:11:16.191 [Test worker] DEBUG o.h.p.w.spi.MetamodelGraphWalker - Visiting attribute path : parent_ns.vnfr.lifecycle_event
14:11:16.191 [Test worker] DEBUG o.h.l.p.b.i.spaces.QuerySpacesImpl - Adding QuerySpace : uid = <gen:63> -> org.hibernate.loader.plan.build.internal.spaces.EntityQuerySpaceImpl@1e50aab]
14:11:16.191 [Test worker] DEBUG o.h.p.w.spi.MetamodelGraphWalker - Visiting attribute path : parent_ns.vnfr.lifecycle_event_history
14:11:16.191 [Test worker] DEBUG o.h.l.p.b.i.spaces.QuerySpacesImpl - Adding QuerySpace : uid = <gen:64> -> org.hibernate.loader.plan.build.internal.spaces.CollectionQuerySpaceImpl@641f6185]
14:11:16.191 [Test worker] DEBUG o.h.l.p.b.i.spaces.QuerySpacesImpl - Adding QuerySpace : uid = <gen:65> -> org.hibernate.loader.plan.build.internal.spaces.EntityQuerySpaceImpl@483b961d]
14:11:16.191 [Test worker] DEBUG o.h.p.w.spi.MetamodelGraphWalker - Visiting attribute path : parent_ns.vnfr.localization
14:11:16.192 [Test worker] DEBUG o.h.p.w.spi.MetamodelGraphWalker - Visiting attribute path : parent_ns.vnfr.monitoring_parameter
14:11:16.192 [Test worker] DEBUG o.h.p.w.spi.MetamodelGraphWalker - Visiting attribute path : parent_ns.vnfr.notification
14:11:16.192 [Test worker] DEBUG o.h.p.w.spi.MetamodelGraphWalker - Visiting attribute path : parent_ns.vnfr.parent_ns
14:11:16.192 [Test worker] DEBUG o.h.l.p.b.i.spaces.QuerySpacesImpl - Adding QuerySpace : uid = <gen:66> -> org.hibernate.loader.plan.build.internal.spaces.EntityQuerySpaceImpl@3ffc6ef7]
14:11:16.192 [Test worker] DEBUG o.h.p.w.spi.MetamodelGraphWalker - Visiting attribute path : parent_ns.vnfr.runtime_policy_info
14:11:16.192 [Test worker] DEBUG o.h.p.w.spi.MetamodelGraphWalker - Visiting attribute path : parent_ns.vnfr.status
14:11:16.192 [Test worker] DEBUG o.h.p.w.spi.MetamodelGraphWalker - Visiting attribute path : parent_ns.vnfr.vdu
14:11:16.192 [Test worker] DEBUG o.h.l.p.b.i.spaces.QuerySpacesImpl - Adding QuerySpace : uid = <gen:67> -> org.hibernate.loader.plan.build.internal.spaces.CollectionQuerySpaceImpl@55d93af2]
14:11:16.192 [Test worker] DEBUG o.h.l.p.b.i.spaces.QuerySpacesImpl - Adding QuerySpace : uid = <gen:68> -> org.hibernate.loader.plan.build.internal.spaces.EntityQuerySpaceImpl@28ad11e6]
14:11:16.192 [Test worker] DEBUG o.h.p.w.spi.MetamodelGraphWalker - Visiting attribute path : parent_ns.vnfr.vendor
14:11:16.192 [Test worker] DEBUG o.h.p.w.spi.MetamodelGraphWalker - Visiting attribute path : parent_ns.vnfr.version
14:11:16.192 [Test worker] DEBUG o.h.p.w.spi.MetamodelGraphWalker - Visiting attribute path : parent_ns.vnfr.virtual_link
14:11:16.192 [Test worker] DEBUG o.h.l.p.b.i.spaces.QuerySpacesImpl - Adding QuerySpace : uid = <gen:69> -> org.hibernate.loader.plan.build.internal.spaces.CollectionQuerySpaceImpl@7a7227e6]
14:11:16.192 [Test worker] DEBUG o.h.l.p.b.i.spaces.QuerySpacesImpl - Adding QuerySpace : uid = <gen:70> -> org.hibernate.loader.plan.build.internal.spaces.EntityQuerySpaceImpl@5c99abd7]
14:11:16.192 [Test worker] DEBUG o.h.p.w.spi.MetamodelGraphWalker - Visiting attribute path : parent_ns.vnfr.vnf_address
14:11:16.192 [Test worker] DEBUG o.h.p.w.spi.MetamodelGraphWalker - Visiting attribute path : parent_ns.vnfr.vnfm_id
14:11:16.192 [Test worker] DEBUG o.h.p.w.spi.MetamodelGraphWalker - Visiting attribute path : pnf_address
14:11:16.192 [Test worker] DEBUG o.h.p.w.spi.MetamodelGraphWalker - Visiting attribute path : vendor
14:11:16.192 [Test worker] DEBUG o.h.p.w.spi.MetamodelGraphWalker - Visiting attribute path : version
14:11:16.192 [Test worker] DEBUG o.h.p.w.spi.MetamodelGraphWalker - Visiting attribute path : vnffgr
14:11:16.192 [Test worker] DEBUG o.h.l.p.b.i.spaces.QuerySpacesImpl - Adding QuerySpace : uid = <gen:71> -> org.hibernate.loader.plan.build.internal.spaces.CollectionQuerySpaceImpl@6ce0dfbf]
14:11:16.192 [Test worker] DEBUG o.h.l.p.b.i.spaces.QuerySpacesImpl - Adding QuerySpace : uid = <gen:72> -> org.hibernate.loader.plan.build.internal.spaces.EntityQuerySpaceImpl@1f81ac71]
14:11:16.193 [Test worker] DEBUG o.h.p.w.spi.MetamodelGraphWalker - Visiting attribute path : vnffgr.audit_log
14:11:16.193 [Test worker] DEBUG o.h.p.w.spi.MetamodelGraphWalker - Visiting attribute path : vnffgr.connection_point
14:11:16.193 [Test worker] DEBUG o.h.l.p.b.i.spaces.QuerySpacesImpl - Adding QuerySpace : uid = <gen:73> -> org.hibernate.loader.plan.build.internal.spaces.CollectionQuerySpaceImpl@115c8f0e]
14:11:16.193 [Test worker] DEBUG o.h.l.p.b.i.spaces.QuerySpacesImpl - Adding QuerySpace : uid = <gen:74> -> org.hibernate.loader.plan.build.internal.spaces.EntityQuerySpaceImpl@53b3e909]
14:11:16.193 [Test worker] DEBUG o.h.p.w.spi.MetamodelGraphWalker - Visiting attribute path : vnffgr.connection_point.type
14:11:16.193 [Test worker] DEBUG o.h.p.w.spi.MetamodelGraphWalker - Visiting attribute path : vnffgr.connection_point.version
14:11:16.193 [Test worker] DEBUG o.h.p.w.spi.MetamodelGraphWalker - Visiting attribute path : vnffgr.connection_point.virtual_link_reference
14:11:16.193 [Test worker] DEBUG o.h.p.w.spi.MetamodelGraphWalker - Visiting attribute path : vnffgr.dependent_virtual_link
14:11:16.193 [Test worker] DEBUG o.h.l.p.b.i.spaces.QuerySpacesImpl - Adding QuerySpace : uid = <gen:75> -> org.hibernate.loader.plan.build.internal.spaces.CollectionQuerySpaceImpl@8c09fa7]
14:11:16.193 [Test worker] DEBUG o.h.l.p.b.i.spaces.QuerySpacesImpl - Adding QuerySpace : uid = <gen:76> -> org.hibernate.loader.plan.build.internal.spaces.EntityQuerySpaceImpl@1e31916e]
14:11:16.193 [Test worker] DEBUG o.h.p.w.spi.MetamodelGraphWalker - Visiting attribute path : vnffgr.dependent_virtual_link.allocated_capacity
14:11:16.193 [Test worker] DEBUG o.h.p.w.spi.MetamodelGraphWalker - Visiting attribute path : vnffgr.dependent_virtual_link.audit_log
14:11:16.193 [Test worker] DEBUG o.h.p.w.spi.MetamodelGraphWalker - Visiting attribute path : vnffgr.dependent_virtual_link.connection
14:11:16.193 [Test worker] DEBUG o.h.p.w.spi.MetamodelGraphWalker - Visiting attribute path : vnffgr.dependent_virtual_link.connectivity_type
14:11:16.193 [Test worker] DEBUG o.h.p.w.spi.MetamodelGraphWalker - Visiting attribute path : vnffgr.dependent_virtual_link.descriptor_reference
14:11:16.193 [Test worker] DEBUG o.h.p.w.spi.MetamodelGraphWalker - Visiting attribute path : vnffgr.dependent_virtual_link.leaf_requirement
14:11:16.193 [Test worker] DEBUG o.h.p.w.spi.MetamodelGraphWalker - Visiting attribute path : vnffgr.dependent_virtual_link.lifecycle_event_history
14:11:16.193 [Test worker] DEBUG o.h.p.w.spi.MetamodelGraphWalker - Property path deemed to be circular : vnffgr.dependent_virtual_link.lifecycle_event_history
14:11:16.193 [Test worker] DEBUG o.h.p.w.spi.MetamodelGraphWalker - Visiting attribute path : vnffgr.dependent_virtual_link.notification
14:11:16.193 [Test worker] DEBUG o.h.p.w.spi.MetamodelGraphWalker - Visiting attribute path : vnffgr.dependent_virtual_link.number_of_enpoints
14:11:16.193 [Test worker] DEBUG o.h.p.w.spi.MetamodelGraphWalker - Visiting attribute path : vnffgr.dependent_virtual_link.parent_ns
14:11:16.193 [Test worker] DEBUG o.h.p.w.spi.MetamodelGraphWalker - Visiting attribute path : vnffgr.dependent_virtual_link.qos
14:11:16.193 [Test worker] DEBUG o.h.p.w.spi.MetamodelGraphWalker - Visiting attribute path : vnffgr.dependent_virtual_link.root_requirement
14:11:16.193 [Test worker] DEBUG o.h.p.w.spi.MetamodelGraphWalker - Visiting attribute path : vnffgr.dependent_virtual_link.status
14:11:16.193 [Test worker] DEBUG o.h.p.w.spi.MetamodelGraphWalker - Visiting attribute path : vnffgr.dependent_virtual_link.test_access
14:11:16.193 [Test worker] DEBUG o.h.p.w.spi.MetamodelGraphWalker - Visiting attribute path : vnffgr.dependent_virtual_link.vendor
14:11:16.194 [Test worker] DEBUG o.h.p.w.spi.MetamodelGraphWalker - Visiting attribute path : vnffgr.dependent_virtual_link.version
14:11:16.194 [Test worker] DEBUG o.h.p.w.spi.MetamodelGraphWalker - Visiting attribute path : vnffgr.dependent_virtual_link.vim_id
14:11:16.194 [Test worker] DEBUG o.h.p.w.spi.MetamodelGraphWalker - Visiting attribute path : vnffgr.dependent_virtual_link.vnffgr_reference
14:11:16.194 [Test worker] DEBUG o.h.p.w.spi.MetamodelGraphWalker - Property path deemed to be circular : vnffgr.dependent_virtual_link.vnffgr_reference
14:11:16.194 [Test worker] DEBUG o.h.p.w.spi.MetamodelGraphWalker - Visiting attribute path : vnffgr.descriptor_reference
14:11:16.194 [Test worker] DEBUG o.h.l.p.b.i.spaces.QuerySpacesImpl - Adding QuerySpace : uid = <gen:77> -> org.hibernate.loader.plan.build.internal.spaces.EntityQuerySpaceImpl@322caef4]
14:11:16.194 [Test worker] DEBUG o.h.p.w.spi.MetamodelGraphWalker - Visiting attribute path : vnffgr.descriptor_reference.connection_point
14:11:16.194 [Test worker] DEBUG o.h.p.w.spi.MetamodelGraphWalker - Visiting attribute path : vnffgr.descriptor_reference.constituent_vnfs
14:11:16.194 [Test worker] DEBUG o.h.p.w.spi.MetamodelGraphWalker - Visiting attribute path : vnffgr.descriptor_reference.dependent_virtual_link
14:11:16.194 [Test worker] DEBUG o.h.p.w.spi.MetamodelGraphWalker - Visiting attribute path : vnffgr.descriptor_reference.descriptor_version
14:11:16.194 [Test worker] DEBUG o.h.p.w.spi.MetamodelGraphWalker - Visiting attribute path : vnffgr.descriptor_reference.hb_version
14:11:16.194 [Test worker] DEBUG o.h.p.w.spi.MetamodelGraphWalker - Visiting attribute path : vnffgr.descriptor_reference.network_forwarding_path
14:11:16.194 [Test worker] DEBUG o.h.p.w.spi.MetamodelGraphWalker - Visiting attribute path : vnffgr.descriptor_reference.number_of_endpoints
14:11:16.194 [Test worker] DEBUG o.h.p.w.spi.MetamodelGraphWalker - Visiting attribute path : vnffgr.descriptor_reference.number_of_virtual_links
14:11:16.194 [Test worker] DEBUG o.h.p.w.spi.MetamodelGraphWalker - Visiting attribute path : vnffgr.descriptor_reference.vendor
14:11:16.194 [Test worker] DEBUG o.h.p.w.spi.MetamodelGraphWalker - Visiting attribute path : vnffgr.descriptor_reference.version
14:11:16.194 [Test worker] DEBUG o.h.p.w.spi.MetamodelGraphWalker - Visiting attribute path : vnffgr.descriptor_reference.vnffgd_security
14:11:16.194 [Test worker] DEBUG o.h.l.p.b.i.spaces.QuerySpacesImpl - Adding QuerySpace : uid = <gen:78> -> org.hibernate.loader.plan.build.internal.spaces.EntityQuerySpaceImpl@62458b61]
14:11:16.194 [Test worker] DEBUG o.h.p.w.spi.MetamodelGraphWalker - Visiting attribute path : vnffgr.lifecycle_event_history
14:11:16.194 [Test worker] DEBUG o.h.l.p.b.i.spaces.QuerySpacesImpl - Adding QuerySpace : uid = <gen:79> -> org.hibernate.loader.plan.build.internal.spaces.CollectionQuerySpaceImpl@43c1bfae]
14:11:16.194 [Test worker] DEBUG o.h.l.p.b.i.spaces.QuerySpacesImpl - Adding QuerySpace : uid = <gen:80> -> org.hibernate.loader.plan.build.internal.spaces.EntityQuerySpaceImpl@650f5b42]
14:11:16.194 [Test worker] DEBUG o.h.p.w.spi.MetamodelGraphWalker - Visiting attribute path : vnffgr.lifecycle_event_history.lifecycle_events
14:11:16.194 [Test worker] DEBUG o.h.p.w.spi.MetamodelGraphWalker - Visiting attribute path : vnffgr.lifecycle_event_history.version
14:11:16.194 [Test worker] DEBUG o.h.p.w.spi.MetamodelGraphWalker - Visiting attribute path : vnffgr.member_vnfs
14:11:16.194 [Test worker] DEBUG o.h.l.p.b.i.spaces.QuerySpacesImpl - Adding QuerySpace : uid = <gen:81> -> org.hibernate.loader.plan.build.internal.spaces.CollectionQuerySpaceImpl@43df3bd0]
14:11:16.195 [Test worker] DEBUG o.h.l.p.b.i.spaces.QuerySpacesImpl - Adding QuerySpace : uid = <gen:82> -> org.hibernate.loader.plan.build.internal.spaces.EntityQuerySpaceImpl@74cff77f]
14:11:16.195 [Test worker] DEBUG o.h.p.w.spi.MetamodelGraphWalker - Visiting attribute path : vnffgr.member_vnfs.audit_log
14:11:16.195 [Test worker] DEBUG o.h.p.w.spi.MetamodelGraphWalker - Visiting attribute path : vnffgr.member_vnfs.auto_scale_policy
14:11:16.195 [Test worker] DEBUG o.h.l.p.b.i.spaces.QuerySpacesImpl - Adding QuerySpace : uid = <gen:83> -> org.hibernate.loader.plan.build.internal.spaces.CollectionQuerySpaceImpl@229eb758]
14:11:16.195 [Test worker] DEBUG o.h.l.p.b.i.spaces.QuerySpacesImpl - Adding QuerySpace : uid = <gen:84> -> org.hibernate.loader.plan.build.internal.spaces.EntityQuerySpaceImpl@62170429]
14:11:16.195 [Test worker] DEBUG o.h.p.w.spi.MetamodelGraphWalker - Visiting attribute path : vnffgr.member_vnfs.connected_external_virtual_link
14:11:16.195 [Test worker] DEBUG o.h.l.p.b.i.spaces.QuerySpacesImpl - Adding QuerySpace : uid = <gen:85> -> org.hibernate.loader.plan.build.internal.spaces.CollectionQuerySpaceImpl@5512520e]
14:11:16.195 [Test worker] DEBUG o.h.l.p.b.i.spaces.QuerySpacesImpl - Adding QuerySpace : uid = <gen:86> -> org.hibernate.loader.plan.build.internal.spaces.EntityQuerySpaceImpl@25c940c4]
14:11:16.195 [Test worker] DEBUG o.h.p.w.spi.MetamodelGraphWalker - Visiting attribute path : vnffgr.member_vnfs.connection_point
14:11:16.195 [Test worker] DEBUG o.h.l.p.b.i.spaces.QuerySpacesImpl - Adding QuerySpace : uid = <gen:87> -> org.hibernate.loader.plan.build.internal.spaces.CollectionQuerySpaceImpl@3fbb173d]
14:11:16.195 [Test worker] DEBUG o.h.l.p.b.i.spaces.QuerySpacesImpl - Adding QuerySpace : uid = <gen:88> -> org.hibernate.loader.plan.build.internal.spaces.EntityQuerySpaceImpl@13f2c67b]
14:11:16.195 [Test worker] DEBUG o.h.p.w.spi.MetamodelGraphWalker - Visiting attribute path : vnffgr.member_vnfs.dependency
14:11:16.195 [Test worker] DEBUG o.h.l.p.b.i.spaces.QuerySpacesImpl - Adding QuerySpace : uid = <gen:89> -> org.hibernate.loader.plan.build.internal.spaces.CollectionQuerySpaceImpl@27c4bf78]
14:11:16.195 [Test worker] DEBUG o.h.l.p.b.i.spaces.QuerySpacesImpl - Adding QuerySpace : uid = <gen:90> -> org.hibernate.loader.plan.build.internal.spaces.EntityQuerySpaceImpl@65f673ad]
14:11:16.195 [Test worker] DEBUG o.h.p.w.spi.MetamodelGraphWalker - Visiting attribute path : vnffgr.member_vnfs.deployment_flavour
14:11:16.195 [Test worker] DEBUG o.h.l.p.b.i.spaces.QuerySpacesImpl - Adding QuerySpace : uid = <gen:91> -> org.hibernate.loader.plan.build.internal.spaces.EntityQuerySpaceImpl@17249727]
14:11:16.195 [Test worker] DEBUG o.h.p.w.spi.MetamodelGraphWalker - Visiting attribute path : vnffgr.member_vnfs.descriptor_reference
14:11:16.195 [Test worker] DEBUG o.h.p.w.spi.MetamodelGraphWalker - Visiting attribute path : vnffgr.member_vnfs.lifecycle_event
14:11:16.195 [Test worker] DEBUG o.h.l.p.b.i.spaces.QuerySpacesImpl - Adding QuerySpace : uid = <gen:92> -> org.hibernate.loader.plan.build.internal.spaces.EntityQuerySpaceImpl@633f8d4f]
14:11:16.195 [Test worker] DEBUG o.h.p.w.spi.MetamodelGraphWalker - Visiting attribute path : vnffgr.member_vnfs.lifecycle_event_history
14:11:16.195 [Test worker] DEBUG o.h.l.p.b.i.spaces.QuerySpacesImpl - Adding QuerySpace : uid = <gen:93> -> org.hibernate.loader.plan.build.internal.spaces.CollectionQuerySpaceImpl@61567070]
14:11:16.195 [Test worker] DEBUG o.h.l.p.b.i.spaces.QuerySpacesImpl - Adding QuerySpace : uid = <gen:94> -> org.hibernate.loader.plan.build.internal.spaces.EntityQuerySpaceImpl@71effafc]
14:11:16.195 [Test worker] DEBUG o.h.p.w.spi.MetamodelGraphWalker - Visiting attribute path : vnffgr.member_vnfs.localization
14:11:16.195 [Test worker] DEBUG o.h.p.w.spi.MetamodelGraphWalker - Visiting attribute path : vnffgr.member_vnfs.monitoring_parameter
14:11:16.196 [Test worker] DEBUG o.h.p.w.spi.MetamodelGraphWalker - Visiting attribute path : vnffgr.member_vnfs.notification
14:11:16.196 [Test worker] DEBUG o.h.p.w.spi.MetamodelGraphWalker - Visiting attribute path : vnffgr.member_vnfs.parent_ns
14:11:16.196 [Test worker] DEBUG o.h.l.p.b.i.spaces.QuerySpacesImpl - Adding QuerySpace : uid = <gen:95> -> org.hibernate.loader.plan.build.internal.spaces.EntityQuerySpaceImpl@4246f0d4]
14:11:16.196 [Test worker] DEBUG o.h.p.w.spi.MetamodelGraphWalker - Visiting attribute path : vnffgr.member_vnfs.runtime_policy_info
14:11:16.196 [Test worker] DEBUG o.h.p.w.spi.MetamodelGraphWalker - Visiting attribute path : vnffgr.member_vnfs.status
14:11:16.196 [Test worker] DEBUG o.h.p.w.spi.MetamodelGraphWalker - Visiting attribute path : vnffgr.member_vnfs.vdu
14:11:16.196 [Test worker] DEBUG o.h.l.p.b.i.spaces.QuerySpacesImpl - Adding QuerySpace : uid = <gen:96> -> org.hibernate.loader.plan.build.internal.spaces.CollectionQuerySpaceImpl@3f6d104a]
14:11:16.196 [Test worker] DEBUG o.h.l.p.b.i.spaces.QuerySpacesImpl - Adding QuerySpace : uid = <gen:97> -> org.hibernate.loader.plan.build.internal.spaces.EntityQuerySpaceImpl@11488ace]
14:11:16.196 [Test worker] DEBUG o.h.p.w.spi.MetamodelGraphWalker - Visiting attribute path : vnffgr.member_vnfs.vendor
14:11:16.196 [Test worker] DEBUG o.h.p.w.spi.MetamodelGraphWalker - Visiting attribute path : vnffgr.member_vnfs.version
14:11:16.196 [Test worker] DEBUG o.h.p.w.spi.MetamodelGraphWalker - Visiting attribute path : vnffgr.member_vnfs.virtual_link
14:11:16.196 [Test worker] DEBUG o.h.l.p.b.i.spaces.QuerySpacesImpl - Adding QuerySpace : uid = <gen:98> -> org.hibernate.loader.plan.build.internal.spaces.CollectionQuerySpaceImpl@3190e33f]
14:11:16.196 [Test worker] DEBUG o.h.l.p.b.i.spaces.QuerySpacesImpl - Adding QuerySpace : uid = <gen:99> -> org.hibernate.loader.plan.build.internal.spaces.EntityQuerySpaceImpl@1f375685]
14:11:16.196 [Test worker] DEBUG o.h.p.w.spi.MetamodelGraphWalker - Visiting attribute path : vnffgr.member_vnfs.vnf_address
14:11:16.196 [Test worker] DEBUG o.h.p.w.spi.MetamodelGraphWalker - Visiting attribute path : vnffgr.member_vnfs.vnfm_id
14:11:16.196 [Test worker] DEBUG o.h.p.w.spi.MetamodelGraphWalker - Visiting attribute path : vnffgr.network_forwarding_path
14:11:16.196 [Test worker] DEBUG o.h.l.p.b.i.spaces.QuerySpacesImpl - Adding QuerySpace : uid = <gen:100> -> org.hibernate.loader.plan.build.internal.spaces.EntityQuerySpaceImpl@6a1145c5]
14:11:16.196 [Test worker] DEBUG o.h.p.w.spi.MetamodelGraphWalker - Visiting attribute path : vnffgr.network_forwarding_path.connection
14:11:16.196 [Test worker] DEBUG o.h.l.p.b.i.spaces.QuerySpacesImpl - Adding QuerySpace : uid = <gen:101> -> org.hibernate.loader.plan.build.internal.spaces.CollectionQuerySpaceImpl@74b2fee5]
14:11:16.196 [Test worker] DEBUG o.h.p.w.spi.MetamodelGraphWalker - Visiting attribute path : vnffgr.network_forwarding_path.policy
14:11:16.196 [Test worker] DEBUG o.h.l.p.b.i.spaces.QuerySpacesImpl - Adding QuerySpace : uid = <gen:102> -> org.hibernate.loader.plan.build.internal.spaces.EntityQuerySpaceImpl@137ca83e]
14:11:16.196 [Test worker] DEBUG o.h.p.w.spi.MetamodelGraphWalker - Visiting attribute path : vnffgr.network_forwarding_path.version
14:11:16.196 [Test worker] DEBUG o.h.p.w.spi.MetamodelGraphWalker - Visiting attribute path : vnffgr.notification
14:11:16.196 [Test worker] DEBUG o.h.p.w.spi.MetamodelGraphWalker - Visiting attribute path : vnffgr.number_of_endpoints
14:11:16.196 [Test worker] DEBUG o.h.p.w.spi.MetamodelGraphWalker - Visiting attribute path : vnffgr.number_of_pnfs
14:11:16.196 [Test worker] DEBUG o.h.p.w.spi.MetamodelGraphWalker - Visiting attribute path : vnffgr.number_of_virtual_links
14:11:16.196 [Test worker] DEBUG o.h.p.w.spi.MetamodelGraphWalker - Visiting attribute path : vnffgr.number_of_vnfs
14:11:16.196 [Test worker] DEBUG o.h.p.w.spi.MetamodelGraphWalker - Visiting attribute path : vnffgr.parent_ns
14:11:16.196 [Test worker] DEBUG o.h.l.p.b.i.spaces.QuerySpacesImpl - Adding QuerySpace : uid = <gen:103> -> org.hibernate.loader.plan.build.internal.spaces.EntityQuerySpaceImpl@5d098870]
14:11:16.197 [Test worker] DEBUG o.h.p.w.spi.MetamodelGraphWalker - Visiting attribute path : vnffgr.parent_ns.audit_log
14:11:16.197 [Test worker] DEBUG o.h.p.w.spi.MetamodelGraphWalker - Visiting attribute path : vnffgr.parent_ns.auto_scale_policy
14:11:16.197 [Test worker] DEBUG o.h.p.w.spi.MetamodelGraphWalker - Property path deemed to be circular : vnffgr.parent_ns.auto_scale_policy
14:11:16.197 [Test worker] DEBUG o.h.p.w.spi.MetamodelGraphWalker - Visiting attribute path : vnffgr.parent_ns.connection_point
14:11:16.197 [Test worker] DEBUG o.h.p.w.spi.MetamodelGraphWalker - Property path deemed to be circular : vnffgr.parent_ns.connection_point
14:11:16.197 [Test worker] DEBUG o.h.p.w.spi.MetamodelGraphWalker - Visiting attribute path : vnffgr.parent_ns.descriptor_reference
14:11:16.197 [Test worker] DEBUG o.h.p.w.spi.MetamodelGraphWalker - Property path deemed to be circular : vnffgr.parent_ns.descriptor_reference
14:11:16.197 [Test worker] DEBUG o.h.p.w.spi.MetamodelGraphWalker - Visiting attribute path : vnffgr.parent_ns.lifecycle_event
14:11:16.197 [Test worker] DEBUG o.h.p.w.spi.MetamodelGraphWalker - Property path deemed to be circular : vnffgr.parent_ns.lifecycle_event
14:11:16.197 [Test worker] DEBUG o.h.p.w.spi.MetamodelGraphWalker - Visiting attribute path : vnffgr.parent_ns.lifecycle_event_history
14:11:16.197 [Test worker] DEBUG o.h.p.w.spi.MetamodelGraphWalker - Property path deemed to be circular : vnffgr.parent_ns.lifecycle_event_history
14:11:16.197 [Test worker] DEBUG o.h.p.w.spi.MetamodelGraphWalker - Visiting attribute path : vnffgr.parent_ns.monitoring_parameter
14:11:16.197 [Test worker] DEBUG o.h.p.w.spi.MetamodelGraphWalker - Visiting attribute path : vnffgr.parent_ns.notification
14:11:16.197 [Test worker] DEBUG o.h.p.w.spi.MetamodelGraphWalker - Visiting attribute path : vnffgr.parent_ns.pnfr
14:11:16.197 [Test worker] DEBUG o.h.p.w.spi.MetamodelGraphWalker - Property path deemed to be circular : vnffgr.parent_ns.pnfr
14:11:16.197 [Test worker] DEBUG o.h.p.w.spi.MetamodelGraphWalker - Visiting attribute path : vnffgr.parent_ns.resource_reservation
14:11:16.197 [Test worker] DEBUG o.h.p.w.spi.MetamodelGraphWalker - Visiting attribute path : vnffgr.parent_ns.runtime_policy_info
14:11:16.197 [Test worker] DEBUG o.h.p.w.spi.MetamodelGraphWalker - Visiting attribute path : vnffgr.parent_ns.service_deployment_flavour
14:11:16.197 [Test worker] DEBUG o.h.p.w.spi.MetamodelGraphWalker - Property path deemed to be circular : vnffgr.parent_ns.service_deployment_flavour
14:11:16.197 [Test worker] DEBUG o.h.p.w.spi.MetamodelGraphWalker - Visiting attribute path : vnffgr.parent_ns.status
14:11:16.197 [Test worker] DEBUG o.h.p.w.spi.MetamodelGraphWalker - Visiting attribute path : vnffgr.parent_ns.vendor
14:11:16.197 [Test worker] DEBUG o.h.p.w.spi.MetamodelGraphWalker - Visiting attribute path : vnffgr.parent_ns.version
14:11:16.197 [Test worker] DEBUG o.h.p.w.spi.MetamodelGraphWalker - Visiting attribute path : vnffgr.parent_ns.vlr
14:11:16.197 [Test worker] DEBUG o.h.p.w.spi.MetamodelGraphWalker - Property path deemed to be circular : vnffgr.parent_ns.vlr
14:11:16.197 [Test worker] DEBUG o.h.p.w.spi.MetamodelGraphWalker - Visiting attribute path : vnffgr.parent_ns.vnf_dependency
14:11:16.197 [Test worker] DEBUG o.h.p.w.spi.MetamodelGraphWalker - Property path deemed to be circular : vnffgr.parent_ns.vnf_dependency
14:11:16.197 [Test worker] DEBUG o.h.p.w.spi.MetamodelGraphWalker - Visiting attribute path : vnffgr.parent_ns.vnffgr
14:11:16.197 [Test worker] DEBUG o.h.p.w.spi.MetamodelGraphWalker - Property path deemed to be circular : vnffgr.parent_ns.vnffgr
14:11:16.197 [Test worker] DEBUG o.h.p.w.spi.MetamodelGraphWalker - Visiting attribute path : vnffgr.parent_ns.vnfr
14:11:16.197 [Test worker] DEBUG o.h.p.w.spi.MetamodelGraphWalker - Property path deemed to be circular : vnffgr.parent_ns.vnfr
14:11:16.197 [Test worker] DEBUG o.h.p.w.spi.MetamodelGraphWalker - Visiting attribute path : vnffgr.status
14:11:16.197 [Test worker] DEBUG o.h.p.w.spi.MetamodelGraphWalker - Visiting attribute path : vnffgr.vendor
14:11:16.197 [Test worker] DEBUG o.h.p.w.spi.MetamodelGraphWalker - Visiting attribute path : vnffgr.version
14:11:16.197 [Test worker] DEBUG o.h.l.p.b.i.FetchStyleLoadPlanBuildingAssociationVisitationStrategy - Building LoadPlan...
14:11:16.197 [Test worker] DEBUG o.h.l.p.e.i.LoadQueryJoinAndFetchProcessor - processing queryspace <gen:0>
14:11:16.202 [Test worker] DEBUG o.h.l.p.b.spi.LoadPlanTreePrinter - LoadPlan(entity=org.project.neutrino.nfvo.catalogue.mano.record.PhysicalNetworkFunctionRecord)
    - Returns
       - EntityReturnImpl(entity=org.project.neutrino.nfvo.catalogue.mano.record.PhysicalNetworkFunctionRecord, querySpaceUid=<gen:0>, path=org.project.neutrino.nfvo.catalogue.mano.record.PhysicalNetworkFunctionRecord)
          - CollectionAttributeFetchImpl(collection=org.project.neutrino.nfvo.catalogue.mano.record.PhysicalNetworkFunctionRecord.connected_virtual_link, querySpaceUid=<gen:1>, path=org.project.neutrino.nfvo.catalogue.mano.record.PhysicalNetworkFunctionRecord.connected_virtual_link)
             - (collection element) CollectionFetchableElementEntityGraph(entity=org.project.neutrino.nfvo.catalogue.mano.record.VirtualLinkRecord, querySpaceUid=<gen:2>, path=org.project.neutrino.nfvo.catalogue.mano.record.PhysicalNetworkFunctionRecord.connected_virtual_link.<elements>)
                - CollectionAttributeFetchImpl(collection=org.project.neutrino.nfvo.catalogue.mano.record.VirtualLinkRecord.lifecycle_event_history, querySpaceUid=<gen:3>, path=org.project.neutrino.nfvo.catalogue.mano.record.PhysicalNetworkFunctionRecord.connected_virtual_link.<elements>.lifecycle_event_history)
                   - (collection element) CollectionFetchableElementEntityGraph(entity=org.project.neutrino.nfvo.catalogue.mano.common.LifecycleEvent, querySpaceUid=<gen:4>, path=org.project.neutrino.nfvo.catalogue.mano.record.PhysicalNetworkFunctionRecord.connected_virtual_link.<elements>.lifecycle_event_history.<elements>)
                - CollectionAttributeFetchImpl(collection=org.project.neutrino.nfvo.catalogue.mano.record.VirtualLinkRecord.vnffgr_reference, querySpaceUid=<gen:5>, path=org.project.neutrino.nfvo.catalogue.mano.record.PhysicalNetworkFunctionRecord.connected_virtual_link.<elements>.vnffgr_reference)
                   - (collection element) CollectionFetchableElementEntityGraph(entity=org.project.neutrino.nfvo.catalogue.mano.record.VNFForwardingGraphRecord, querySpaceUid=<gen:6>, path=org.project.neutrino.nfvo.catalogue.mano.record.PhysicalNetworkFunctionRecord.connected_virtual_link.<elements>.vnffgr_reference.<elements>)
                      - CollectionAttributeFetchImpl(collection=org.project.neutrino.nfvo.catalogue.mano.record.VNFForwardingGraphRecord.connection_point, querySpaceUid=<gen:7>, path=org.project.neutrino.nfvo.catalogue.mano.record.PhysicalNetworkFunctionRecord.connected_virtual_link.<elements>.vnffgr_reference.<elements>.connection_point)
                         - (collection element) CollectionFetchableElementEntityGraph(entity=org.project.neutrino.nfvo.catalogue.mano.descriptor.VNFDConnectionPoint, querySpaceUid=<gen:8>, path=org.project.neutrino.nfvo.catalogue.mano.record.PhysicalNetworkFunctionRecord.connected_virtual_link.<elements>.vnffgr_reference.<elements>.connection_point.<elements>)
                      - CollectionAttributeFetchImpl(collection=org.project.neutrino.nfvo.catalogue.mano.record.VNFForwardingGraphRecord.dependent_virtual_link, querySpaceUid=<gen:9>, path=org.project.neutrino.nfvo.catalogue.mano.record.PhysicalNetworkFunctionRecord.connected_virtual_link.<elements>.vnffgr_reference.<elements>.dependent_virtual_link)
                         - (collection element) CollectionFetchableElementEntityGraph(entity=org.project.neutrino.nfvo.catalogue.mano.record.VirtualLinkRecord, querySpaceUid=<gen:10>, path=org.project.neutrino.nfvo.catalogue.mano.record.PhysicalNetworkFunctionRecord.connected_virtual_link.<elements>.vnffgr_reference.<elements>.dependent_virtual_link.<elements>)
                      - EntityAttributeFetchImpl(entity=org.project.neutrino.nfvo.catalogue.mano.descriptor.VNFForwardingGraph, querySpaceUid=<gen:11>, path=org.project.neutrino.nfvo.catalogue.mano.record.PhysicalNetworkFunctionRecord.connected_virtual_link.<elements>.vnffgr_reference.<elements>.descriptor_reference)
                      - CollectionAttributeFetchImpl(collection=org.project.neutrino.nfvo.catalogue.mano.record.VNFForwardingGraphRecord.lifecycle_event_history, querySpaceUid=<gen:12>, path=org.project.neutrino.nfvo.catalogue.mano.record.PhysicalNetworkFunctionRecord.connected_virtual_link.<elements>.vnffgr_reference.<elements>.lifecycle_event_history)
                         - (collection element) CollectionFetchableElementEntityGraph(entity=org.project.neutrino.nfvo.catalogue.mano.common.LifecycleEvent, querySpaceUid=<gen:13>, path=org.project.neutrino.nfvo.catalogue.mano.record.PhysicalNetworkFunctionRecord.connected_virtual_link.<elements>.vnffgr_reference.<elements>.lifecycle_event_history.<elements>)
                      - CollectionAttributeFetchImpl(collection=org.project.neutrino.nfvo.catalogue.mano.record.VNFForwardingGraphRecord.member_vnfs, querySpaceUid=<gen:14>, path=org.project.neutrino.nfvo.catalogue.mano.record.PhysicalNetworkFunctionRecord.connected_virtual_link.<elements>.vnffgr_reference.<elements>.member_vnfs)
                         - (collection element) CollectionFetchableElementEntityGraph(entity=org.project.neutrino.nfvo.catalogue.mano.record.VirtualNetworkFunctionRecord, querySpaceUid=<gen:15>, path=org.project.neutrino.nfvo.catalogue.mano.record.PhysicalNetworkFunctionRecord.connected_virtual_link.<elements>.vnffgr_reference.<elements>.member_vnfs.<elements>)
                      - EntityAttributeFetchImpl(entity=org.project.neutrino.nfvo.catalogue.mano.descriptor.NetworkForwardingPath, querySpaceUid=<gen:16>, path=org.project.neutrino.nfvo.catalogue.mano.record.PhysicalNetworkFunctionRecord.connected_virtual_link.<elements>.vnffgr_reference.<elements>.network_forwarding_path)
                      - EntityAttributeFetchImpl(entity=org.project.neutrino.nfvo.catalogue.mano.record.NetworkServiceRecord, querySpaceUid=<gen:17>, path=org.project.neutrino.nfvo.catalogue.mano.record.PhysicalNetworkFunctionRecord.connected_virtual_link.<elements>.vnffgr_reference.<elements>.parent_ns)
          - CollectionAttributeFetchImpl(collection=org.project.neutrino.nfvo.catalogue.mano.record.PhysicalNetworkFunctionRecord.connection_point, querySpaceUid=<gen:18>, path=org.project.neutrino.nfvo.catalogue.mano.record.PhysicalNetworkFunctionRecord.connection_point)
             - (collection element) CollectionFetchableElementEntityGraph(entity=org.project.neutrino.nfvo.catalogue.mano.common.ConnectionPoint, querySpaceUid=<gen:19>, path=org.project.neutrino.nfvo.catalogue.mano.record.PhysicalNetworkFunctionRecord.connection_point.<elements>)
          - EntityAttributeFetchImpl(entity=org.project.neutrino.nfvo.catalogue.mano.descriptor.PhysicalNetworkFunctionDescriptor, querySpaceUid=<gen:20>, path=org.project.neutrino.nfvo.catalogue.mano.record.PhysicalNetworkFunctionRecord.descriptor_reference)
             - EntityAttributeFetchImpl(entity=org.project.neutrino.nfvo.catalogue.mano.common.Security, querySpaceUid=<gen:21>, path=org.project.neutrino.nfvo.catalogue.mano.record.PhysicalNetworkFunctionRecord.descriptor_reference.pnfd_security)
          - EntityAttributeFetchImpl(entity=org.project.neutrino.nfvo.catalogue.mano.record.NetworkServiceRecord, querySpaceUid=<gen:22>, path=org.project.neutrino.nfvo.catalogue.mano.record.PhysicalNetworkFunctionRecord.parent_ns)
             - CollectionAttributeFetchImpl(collection=org.project.neutrino.nfvo.catalogue.mano.record.NetworkServiceRecord.auto_scale_policy, querySpaceUid=<gen:23>, path=org.project.neutrino.nfvo.catalogue.mano.record.PhysicalNetworkFunctionRecord.parent_ns.auto_scale_policy)
                - (collection element) CollectionFetchableElementEntityGraph(entity=org.project.neutrino.nfvo.catalogue.mano.common.AutoScalePolicy, querySpaceUid=<gen:24>, path=org.project.neutrino.nfvo.catalogue.mano.record.PhysicalNetworkFunctionRecord.parent_ns.auto_scale_policy.<elements>)
             - CollectionAttributeFetchImpl(collection=org.project.neutrino.nfvo.catalogue.mano.record.NetworkServiceRecord.connection_point, querySpaceUid=<gen:25>, path=org.project.neutrino.nfvo.catalogue.mano.record.PhysicalNetworkFunctionRecord.parent_ns.connection_point)
                - (collection element) CollectionFetchableElementEntityGraph(entity=org.project.neutrino.nfvo.catalogue.mano.common.ConnectionPoint, querySpaceUid=<gen:26>, path=org.project.neutrino.nfvo.catalogue.mano.record.PhysicalNetworkFunctionRecord.parent_ns.connection_point.<elements>)
             - EntityAttributeFetchImpl(entity=org.project.neutrino.nfvo.catalogue.mano.common.NFVEntityDescriptor, querySpaceUid=<gen:27>, path=org.project.neutrino.nfvo.catalogue.mano.record.PhysicalNetworkFunctionRecord.parent_ns.descriptor_reference)
                - CollectionAttributeFetchImpl(collection=org.project.neutrino.nfvo.catalogue.mano.common.NFVEntityDescriptor.monitoring_parameter, querySpaceUid=<gen:28>, path=org.project.neutrino.nfvo.catalogue.mano.record.PhysicalNetworkFunctionRecord.parent_ns.descriptor_reference.monitoring_parameter)
                - CollectionAttributeFetchImpl(collection=org.project.neutrino.nfvo.catalogue.mano.descriptor.VirtualNetworkFunctionDescriptor.deployment_flavour, querySpaceUid=<gen:29>, path=org.project.neutrino.nfvo.catalogue.mano.record.PhysicalNetworkFunctionRecord.parent_ns.descriptor_reference.deployment_flavour)
                   - (collection element) CollectionFetchableElementEntityGraph(entity=org.project.neutrino.nfvo.catalogue.mano.descriptor.VNFDDeploymentFlavour, querySpaceUid=<gen:30>, path=org.project.neutrino.nfvo.catalogue.mano.record.PhysicalNetworkFunctionRecord.parent_ns.descriptor_reference.deployment_flavour.<elements>)
                - EntityAttributeFetchImpl(entity=org.project.neutrino.nfvo.catalogue.mano.common.Security, querySpaceUid=<gen:31>, path=org.project.neutrino.nfvo.catalogue.mano.record.PhysicalNetworkFunctionRecord.parent_ns.descriptor_reference.nsd_security)
                - CollectionAttributeFetchImpl(collection=org.project.neutrino.nfvo.catalogue.mano.descriptor.NetworkServiceDescriptor.vnf_dependency, querySpaceUid=<gen:32>, path=org.project.neutrino.nfvo.catalogue.mano.record.PhysicalNetworkFunctionRecord.parent_ns.descriptor_reference.vnf_dependency)
                   - (collection element) CollectionFetchableElementEntityGraph(entity=org.project.neutrino.nfvo.catalogue.mano.common.VNFDependency, querySpaceUid=<gen:33>, path=org.project.neutrino.nfvo.catalogue.mano.record.PhysicalNetworkFunctionRecord.parent_ns.descriptor_reference.vnf_dependency.<elements>)
                - CollectionAttributeFetchImpl(collection=org.project.neutrino.nfvo.catalogue.mano.descriptor.NetworkServiceDescriptor.vnfd, querySpaceUid=<gen:34>, path=org.project.neutrino.nfvo.catalogue.mano.record.PhysicalNetworkFunctionRecord.parent_ns.descriptor_reference.vnfd)
                   - (collection element) CollectionFetchableElementEntityGraph(entity=org.project.neutrino.nfvo.catalogue.mano.descriptor.VirtualNetworkFunctionDescriptor, querySpaceUid=<gen:35>, path=org.project.neutrino.nfvo.catalogue.mano.record.PhysicalNetworkFunctionRecord.parent_ns.descriptor_reference.vnfd.<elements>)
             - EntityAttributeFetchImpl(entity=org.project.neutrino.nfvo.catalogue.mano.common.LifecycleEvent, querySpaceUid=<gen:36>, path=org.project.neutrino.nfvo.catalogue.mano.record.PhysicalNetworkFunctionRecord.parent_ns.lifecycle_event)
             - CollectionAttributeFetchImpl(collection=org.project.neutrino.nfvo.catalogue.mano.record.NetworkServiceRecord.lifecycle_event_history, querySpaceUid=<gen:37>, path=org.project.neutrino.nfvo.catalogue.mano.record.PhysicalNetworkFunctionRecord.parent_ns.lifecycle_event_history)
                - (collection element) CollectionFetchableElementEntityGraph(entity=org.project.neutrino.nfvo.catalogue.mano.common.LifecycleEvent, querySpaceUid=<gen:38>, path=org.project.neutrino.nfvo.catalogue.mano.record.PhysicalNetworkFunctionRecord.parent_ns.lifecycle_event_history.<elements>)
             - CollectionAttributeFetchImpl(collection=org.project.neutrino.nfvo.catalogue.mano.record.NetworkServiceRecord.pnfr, querySpaceUid=<gen:39>, path=org.project.neutrino.nfvo.catalogue.mano.record.PhysicalNetworkFunctionRecord.parent_ns.pnfr)
                - (collection element) CollectionFetchableElementEntityGraph(entity=org.project.neutrino.nfvo.catalogue.mano.record.PhysicalNetworkFunctionRecord, querySpaceUid=<gen:40>, path=org.project.neutrino.nfvo.catalogue.mano.record.PhysicalNetworkFunctionRecord.parent_ns.pnfr.<elements>)
                   - CollectionAttributeFetchImpl(collection=org.project.neutrino.nfvo.catalogue.mano.record.PhysicalNetworkFunctionRecord.vnffgr, querySpaceUid=<gen:41>, path=org.project.neutrino.nfvo.catalogue.mano.record.PhysicalNetworkFunctionRecord.parent_ns.pnfr.<elements>.vnffgr)
                      - (collection element) CollectionFetchableElementEntityGraph(entity=org.project.neutrino.nfvo.catalogue.mano.record.VNFForwardingGraphRecord, querySpaceUid=<gen:42>, path=org.project.neutrino.nfvo.catalogue.mano.record.PhysicalNetworkFunctionRecord.parent_ns.pnfr.<elements>.vnffgr.<elements>)
             - EntityAttributeFetchImpl(entity=org.project.neutrino.nfvo.catalogue.mano.common.ServiceDeploymentFlavour, querySpaceUid=<gen:43>, path=org.project.neutrino.nfvo.catalogue.mano.record.PhysicalNetworkFunctionRecord.parent_ns.service_deployment_flavour)
             - CollectionAttributeFetchImpl(collection=org.project.neutrino.nfvo.catalogue.mano.record.NetworkServiceRecord.vlr, querySpaceUid=<gen:44>, path=org.project.neutrino.nfvo.catalogue.mano.record.PhysicalNetworkFunctionRecord.parent_ns.vlr)
                - (collection element) CollectionFetchableElementEntityGraph(entity=org.project.neutrino.nfvo.catalogue.mano.record.VirtualLinkRecord, querySpaceUid=<gen:45>, path=org.project.neutrino.nfvo.catalogue.mano.record.PhysicalNetworkFunctionRecord.parent_ns.vlr.<elements>)
             - CollectionAttributeFetchImpl(collection=org.project.neutrino.nfvo.catalogue.mano.record.NetworkServiceRecord.vnf_dependency, querySpaceUid=<gen:46>, path=org.project.neutrino.nfvo.catalogue.mano.record.PhysicalNetworkFunctionRecord.parent_ns.vnf_dependency)
                - (collection element) CollectionFetchableElementEntityGraph(entity=org.project.neutrino.nfvo.catalogue.mano.common.VNFDependency, querySpaceUid=<gen:47>, path=org.project.neutrino.nfvo.catalogue.mano.record.PhysicalNetworkFunctionRecord.parent_ns.vnf_dependency.<elements>)
                   - EntityAttributeFetchImpl(entity=org.project.neutrino.nfvo.catalogue.mano.descriptor.VirtualNetworkFunctionDescriptor, querySpaceUid=<gen:48>, path=org.project.neutrino.nfvo.catalogue.mano.record.PhysicalNetworkFunctionRecord.parent_ns.vnf_dependency.<elements>.source)
                   - EntityAttributeFetchImpl(entity=org.project.neutrino.nfvo.catalogue.mano.descriptor.VirtualNetworkFunctionDescriptor, querySpaceUid=<gen:49>, path=org.project.neutrino.nfvo.catalogue.mano.record.PhysicalNetworkFunctionRecord.parent_ns.vnf_dependency.<elements>.target)
             - CollectionAttributeFetchImpl(collection=org.project.neutrino.nfvo.catalogue.mano.record.NetworkServiceRecord.vnffgr, querySpaceUid=<gen:50>, path=org.project.neutrino.nfvo.catalogue.mano.record.PhysicalNetworkFunctionRecord.parent_ns.vnffgr)
                - (collection element) CollectionFetchableElementEntityGraph(entity=org.project.neutrino.nfvo.catalogue.mano.descriptor.VNFForwardingGraph, querySpaceUid=<gen:51>, path=org.project.neutrino.nfvo.catalogue.mano.record.PhysicalNetworkFunctionRecord.parent_ns.vnffgr.<elements>)
                   - EntityAttributeFetchImpl(entity=org.project.neutrino.nfvo.catalogue.mano.common.Security, querySpaceUid=<gen:52>, path=org.project.neutrino.nfvo.catalogue.mano.record.PhysicalNetworkFunctionRecord.parent_ns.vnffgr.<elements>.vnffgd_security)
             - EntityAttributeFetchImpl(entity=org.project.neutrino.nfvo.catalogue.mano.record.VirtualNetworkFunctionRecord, querySpaceUid=<gen:53>, path=org.project.neutrino.nfvo.catalogue.mano.record.PhysicalNetworkFunctionRecord.parent_ns.vnfr)
                - CollectionAttributeFetchImpl(collection=org.project.neutrino.nfvo.catalogue.mano.record.VirtualNetworkFunctionRecord.auto_scale_policy, querySpaceUid=<gen:54>, path=org.project.neutrino.nfvo.catalogue.mano.record.PhysicalNetworkFunctionRecord.parent_ns.vnfr.auto_scale_policy)
                   - (collection element) CollectionFetchableElementEntityGraph(entity=org.project.neutrino.nfvo.catalogue.mano.common.AutoScalePolicy, querySpaceUid=<gen:55>, path=org.project.neutrino.nfvo.catalogue.mano.record.PhysicalNetworkFunctionRecord.parent_ns.vnfr.auto_scale_policy.<elements>)
                - CollectionAttributeFetchImpl(collection=org.project.neutrino.nfvo.catalogue.mano.record.VirtualNetworkFunctionRecord.connected_external_virtual_link, querySpaceUid=<gen:56>, path=org.project.neutrino.nfvo.catalogue.mano.record.PhysicalNetworkFunctionRecord.parent_ns.vnfr.connected_external_virtual_link)
                   - (collection element) CollectionFetchableElementEntityGraph(entity=org.project.neutrino.nfvo.catalogue.mano.record.VirtualLinkRecord, querySpaceUid=<gen:57>, path=org.project.neutrino.nfvo.catalogue.mano.record.PhysicalNetworkFunctionRecord.parent_ns.vnfr.connected_external_virtual_link.<elements>)
                - CollectionAttributeFetchImpl(collection=org.project.neutrino.nfvo.catalogue.mano.record.VirtualNetworkFunctionRecord.connection_point, querySpaceUid=<gen:58>, path=org.project.neutrino.nfvo.catalogue.mano.record.PhysicalNetworkFunctionRecord.parent_ns.vnfr.connection_point)
                   - (collection element) CollectionFetchableElementEntityGraph(entity=org.project.neutrino.nfvo.catalogue.mano.common.ConnectionPoint, querySpaceUid=<gen:59>, path=org.project.neutrino.nfvo.catalogue.mano.record.PhysicalNetworkFunctionRecord.parent_ns.vnfr.connection_point.<elements>)
                - CollectionAttributeFetchImpl(collection=org.project.neutrino.nfvo.catalogue.mano.record.VirtualNetworkFunctionRecord.dependency, querySpaceUid=<gen:60>, path=org.project.neutrino.nfvo.catalogue.mano.record.PhysicalNetworkFunctionRecord.parent_ns.vnfr.dependency)
                   - (collection element) CollectionFetchableElementEntityGraph(entity=org.project.neutrino.nfvo.catalogue.mano.common.VNFDependency, querySpaceUid=<gen:61>, path=org.project.neutrino.nfvo.catalogue.mano.record.PhysicalNetworkFunctionRecord.parent_ns.vnfr.dependency.<elements>)
                - EntityAttributeFetchImpl(entity=org.project.neutrino.nfvo.catalogue.mano.descriptor.VNFDDeploymentFlavour, querySpaceUid=<gen:62>, path=org.project.neutrino.nfvo.catalogue.mano.record.PhysicalNetworkFunctionRecord.parent_ns.vnfr.deployment_flavour)
                - EntityAttributeFetchImpl(entity=org.project.neutrino.nfvo.catalogue.mano.common.LifecycleEvent, querySpaceUid=<gen:63>, path=org.project.neutrino.nfvo.catalogue.mano.record.PhysicalNetworkFunctionRecord.parent_ns.vnfr.lifecycle_event)
                - CollectionAttributeFetchImpl(collection=org.project.neutrino.nfvo.catalogue.mano.record.VirtualNetworkFunctionRecord.lifecycle_event_history, querySpaceUid=<gen:64>, path=org.project.neutrino.nfvo.catalogue.mano.record.PhysicalNetworkFunctionRecord.parent_ns.vnfr.lifecycle_event_history)
                   - (collection element) CollectionFetchableElementEntityGraph(entity=org.project.neutrino.nfvo.catalogue.mano.common.LifecycleEvent, querySpaceUid=<gen:65>, path=org.project.neutrino.nfvo.catalogue.mano.record.PhysicalNetworkFunctionRecord.parent_ns.vnfr.lifecycle_event_history.<elements>)
                - EntityAttributeFetchImpl(entity=org.project.neutrino.nfvo.catalogue.mano.record.NetworkServiceRecord, querySpaceUid=<gen:66>, path=org.project.neutrino.nfvo.catalogue.mano.record.PhysicalNetworkFunctionRecord.parent_ns.vnfr.parent_ns)
                - CollectionAttributeFetchImpl(collection=org.project.neutrino.nfvo.catalogue.mano.record.VirtualNetworkFunctionRecord.vdu, querySpaceUid=<gen:67>, path=org.project.neutrino.nfvo.catalogue.mano.record.PhysicalNetworkFunctionRecord.parent_ns.vnfr.vdu)
                   - (collection element) CollectionFetchableElementEntityGraph(entity=org.project.neutrino.nfvo.catalogue.mano.descriptor.VirtualDeploymentUnit, querySpaceUid=<gen:68>, path=org.project.neutrino.nfvo.catalogue.mano.record.PhysicalNetworkFunctionRecord.parent_ns.vnfr.vdu.<elements>)
                - CollectionAttributeFetchImpl(collection=org.project.neutrino.nfvo.catalogue.mano.record.VirtualNetworkFunctionRecord.virtual_link, querySpaceUid=<gen:69>, path=org.project.neutrino.nfvo.catalogue.mano.record.PhysicalNetworkFunctionRecord.parent_ns.vnfr.virtual_link)
                   - (collection element) CollectionFetchableElementEntityGraph(entity=org.project.neutrino.nfvo.catalogue.mano.descriptor.InternalVirtualLink, querySpaceUid=<gen:70>, path=org.project.neutrino.nfvo.catalogue.mano.record.PhysicalNetworkFunctionRecord.parent_ns.vnfr.virtual_link.<elements>)
          - CollectionAttributeFetchImpl(collection=org.project.neutrino.nfvo.catalogue.mano.record.PhysicalNetworkFunctionRecord.vnffgr, querySpaceUid=<gen:71>, path=org.project.neutrino.nfvo.catalogue.mano.record.PhysicalNetworkFunctionRecord.vnffgr)
             - (collection element) CollectionFetchableElementEntityGraph(entity=org.project.neutrino.nfvo.catalogue.mano.record.VNFForwardingGraphRecord, querySpaceUid=<gen:72>, path=org.project.neutrino.nfvo.catalogue.mano.record.PhysicalNetworkFunctionRecord.vnffgr.<elements>)
                - CollectionAttributeFetchImpl(collection=org.project.neutrino.nfvo.catalogue.mano.record.VNFForwardingGraphRecord.connection_point, querySpaceUid=<gen:73>, path=org.project.neutrino.nfvo.catalogue.mano.record.PhysicalNetworkFunctionRecord.vnffgr.<elements>.connection_point)
                   - (collection element) CollectionFetchableElementEntityGraph(entity=org.project.neutrino.nfvo.catalogue.mano.descriptor.VNFDConnectionPoint, querySpaceUid=<gen:74>, path=org.project.neutrino.nfvo.catalogue.mano.record.PhysicalNetworkFunctionRecord.vnffgr.<elements>.connection_point.<elements>)
                - CollectionAttributeFetchImpl(collection=org.project.neutrino.nfvo.catalogue.mano.record.VNFForwardingGraphRecord.dependent_virtual_link, querySpaceUid=<gen:75>, path=org.project.neutrino.nfvo.catalogue.mano.record.PhysicalNetworkFunctionRecord.vnffgr.<elements>.dependent_virtual_link)
                   - (collection element) CollectionFetchableElementEntityGraph(entity=org.project.neutrino.nfvo.catalogue.mano.record.VirtualLinkRecord, querySpaceUid=<gen:76>, path=org.project.neutrino.nfvo.catalogue.mano.record.PhysicalNetworkFunctionRecord.vnffgr.<elements>.dependent_virtual_link.<elements>)
                - EntityAttributeFetchImpl(entity=org.project.neutrino.nfvo.catalogue.mano.descriptor.VNFForwardingGraph, querySpaceUid=<gen:77>, path=org.project.neutrino.nfvo.catalogue.mano.record.PhysicalNetworkFunctionRecord.vnffgr.<elements>.descriptor_reference)
                   - EntityAttributeFetchImpl(entity=org.project.neutrino.nfvo.catalogue.mano.common.Security, querySpaceUid=<gen:78>, path=org.project.neutrino.nfvo.catalogue.mano.record.PhysicalNetworkFunctionRecord.vnffgr.<elements>.descriptor_reference.vnffgd_security)
                - CollectionAttributeFetchImpl(collection=org.project.neutrino.nfvo.catalogue.mano.record.VNFForwardingGraphRecord.lifecycle_event_history, querySpaceUid=<gen:79>, path=org.project.neutrino.nfvo.catalogue.mano.record.PhysicalNetworkFunctionRecord.vnffgr.<elements>.lifecycle_event_history)
                   - (collection element) CollectionFetchableElementEntityGraph(entity=org.project.neutrino.nfvo.catalogue.mano.common.LifecycleEvent, querySpaceUid=<gen:80>, path=org.project.neutrino.nfvo.catalogue.mano.record.PhysicalNetworkFunctionRecord.vnffgr.<elements>.lifecycle_event_history.<elements>)
                - CollectionAttributeFetchImpl(collection=org.project.neutrino.nfvo.catalogue.mano.record.VNFForwardingGraphRecord.member_vnfs, querySpaceUid=<gen:81>, path=org.project.neutrino.nfvo.catalogue.mano.record.PhysicalNetworkFunctionRecord.vnffgr.<elements>.member_vnfs)
                   - (collection element) CollectionFetchableElementEntityGraph(entity=org.project.neutrino.nfvo.catalogue.mano.record.VirtualNetworkFunctionRecord, querySpaceUid=<gen:82>, path=org.project.neutrino.nfvo.catalogue.mano.record.PhysicalNetworkFunctionRecord.vnffgr.<elements>.member_vnfs.<elements>)
                      - CollectionAttributeFetchImpl(collection=org.project.neutrino.nfvo.catalogue.mano.record.VirtualNetworkFunctionRecord.auto_scale_policy, querySpaceUid=<gen:83>, path=org.project.neutrino.nfvo.catalogue.mano.record.PhysicalNetworkFunctionRecord.vnffgr.<elements>.member_vnfs.<elements>.auto_scale_policy)
                         - (collection element) CollectionFetchableElementEntityGraph(entity=org.project.neutrino.nfvo.catalogue.mano.common.AutoScalePolicy, querySpaceUid=<gen:84>, path=org.project.neutrino.nfvo.catalogue.mano.record.PhysicalNetworkFunctionRecord.vnffgr.<elements>.member_vnfs.<elements>.auto_scale_policy.<elements>)
                      - CollectionAttributeFetchImpl(collection=org.project.neutrino.nfvo.catalogue.mano.record.VirtualNetworkFunctionRecord.connected_external_virtual_link, querySpaceUid=<gen:85>, path=org.project.neutrino.nfvo.catalogue.mano.record.PhysicalNetworkFunctionRecord.vnffgr.<elements>.member_vnfs.<elements>.connected_external_virtual_link)
                         - (collection element) CollectionFetchableElementEntityGraph(entity=org.project.neutrino.nfvo.catalogue.mano.record.VirtualLinkRecord, querySpaceUid=<gen:86>, path=org.project.neutrino.nfvo.catalogue.mano.record.PhysicalNetworkFunctionRecord.vnffgr.<elements>.member_vnfs.<elements>.connected_external_virtual_link.<elements>)
                      - CollectionAttributeFetchImpl(collection=org.project.neutrino.nfvo.catalogue.mano.record.VirtualNetworkFunctionRecord.connection_point, querySpaceUid=<gen:87>, path=org.project.neutrino.nfvo.catalogue.mano.record.PhysicalNetworkFunctionRecord.vnffgr.<elements>.member_vnfs.<elements>.connection_point)
                         - (collection element) CollectionFetchableElementEntityGraph(entity=org.project.neutrino.nfvo.catalogue.mano.common.ConnectionPoint, querySpaceUid=<gen:88>, path=org.project.neutrino.nfvo.catalogue.mano.record.PhysicalNetworkFunctionRecord.vnffgr.<elements>.member_vnfs.<elements>.connection_point.<elements>)
                      - CollectionAttributeFetchImpl(collection=org.project.neutrino.nfvo.catalogue.mano.record.VirtualNetworkFunctionRecord.dependency, querySpaceUid=<gen:89>, path=org.project.neutrino.nfvo.catalogue.mano.record.PhysicalNetworkFunctionRecord.vnffgr.<elements>.member_vnfs.<elements>.dependency)
                         - (collection element) CollectionFetchableElementEntityGraph(entity=org.project.neutrino.nfvo.catalogue.mano.common.VNFDependency, querySpaceUid=<gen:90>, path=org.project.neutrino.nfvo.catalogue.mano.record.PhysicalNetworkFunctionRecord.vnffgr.<elements>.member_vnfs.<elements>.dependency.<elements>)
                      - EntityAttributeFetchImpl(entity=org.project.neutrino.nfvo.catalogue.mano.descriptor.VNFDDeploymentFlavour, querySpaceUid=<gen:91>, path=org.project.neutrino.nfvo.catalogue.mano.record.PhysicalNetworkFunctionRecord.vnffgr.<elements>.member_vnfs.<elements>.deployment_flavour)
                      - EntityAttributeFetchImpl(entity=org.project.neutrino.nfvo.catalogue.mano.common.LifecycleEvent, querySpaceUid=<gen:92>, path=org.project.neutrino.nfvo.catalogue.mano.record.PhysicalNetworkFunctionRecord.vnffgr.<elements>.member_vnfs.<elements>.lifecycle_event)
                      - CollectionAttributeFetchImpl(collection=org.project.neutrino.nfvo.catalogue.mano.record.VirtualNetworkFunctionRecord.lifecycle_event_history, querySpaceUid=<gen:93>, path=org.project.neutrino.nfvo.catalogue.mano.record.PhysicalNetworkFunctionRecord.vnffgr.<elements>.member_vnfs.<elements>.lifecycle_event_history)
                         - (collection element) CollectionFetchableElementEntityGraph(entity=org.project.neutrino.nfvo.catalogue.mano.common.LifecycleEvent, querySpaceUid=<gen:94>, path=org.project.neutrino.nfvo.catalogue.mano.record.PhysicalNetworkFunctionRecord.vnffgr.<elements>.member_vnfs.<elements>.lifecycle_event_history.<elements>)
                      - EntityAttributeFetchImpl(entity=org.project.neutrino.nfvo.catalogue.mano.record.NetworkServiceRecord, querySpaceUid=<gen:95>, path=org.project.neutrino.nfvo.catalogue.mano.record.PhysicalNetworkFunctionRecord.vnffgr.<elements>.member_vnfs.<elements>.parent_ns)
                      - CollectionAttributeFetchImpl(collection=org.project.neutrino.nfvo.catalogue.mano.record.VirtualNetworkFunctionRecord.vdu, querySpaceUid=<gen:96>, path=org.project.neutrino.nfvo.catalogue.mano.record.PhysicalNetworkFunctionRecord.vnffgr.<elements>.member_vnfs.<elements>.vdu)
                         - (collection element) CollectionFetchableElementEntityGraph(entity=org.project.neutrino.nfvo.catalogue.mano.descriptor.VirtualDeploymentUnit, querySpaceUid=<gen:97>, path=org.project.neutrino.nfvo.catalogue.mano.record.PhysicalNetworkFunctionRecord.vnffgr.<elements>.member_vnfs.<elements>.vdu.<elements>)
                      - CollectionAttributeFetchImpl(collection=org.project.neutrino.nfvo.catalogue.mano.record.VirtualNetworkFunctionRecord.virtual_link, querySpaceUid=<gen:98>, path=org.project.neutrino.nfvo.catalogue.mano.record.PhysicalNetworkFunctionRecord.vnffgr.<elements>.member_vnfs.<elements>.virtual_link)
                         - (collection element) CollectionFetchableElementEntityGraph(entity=org.project.neutrino.nfvo.catalogue.mano.descriptor.InternalVirtualLink, querySpaceUid=<gen:99>, path=org.project.neutrino.nfvo.catalogue.mano.record.PhysicalNetworkFunctionRecord.vnffgr.<elements>.member_vnfs.<elements>.virtual_link.<elements>)
                - EntityAttributeFetchImpl(entity=org.project.neutrino.nfvo.catalogue.mano.descriptor.NetworkForwardingPath, querySpaceUid=<gen:100>, path=org.project.neutrino.nfvo.catalogue.mano.record.PhysicalNetworkFunctionRecord.vnffgr.<elements>.network_forwarding_path)
                   - CollectionAttributeFetchImpl(collection=org.project.neutrino.nfvo.catalogue.mano.descriptor.NetworkForwardingPath.connection, querySpaceUid=<gen:101>, path=org.project.neutrino.nfvo.catalogue.mano.record.PhysicalNetworkFunctionRecord.vnffgr.<elements>.network_forwarding_path.connection)
                   - EntityAttributeFetchImpl(entity=org.project.neutrino.nfvo.catalogue.mano.descriptor.Policy, querySpaceUid=<gen:102>, path=org.project.neutrino.nfvo.catalogue.mano.record.PhysicalNetworkFunctionRecord.vnffgr.<elements>.network_forwarding_path.policy)
                - EntityAttributeFetchImpl(entity=org.project.neutrino.nfvo.catalogue.mano.record.NetworkServiceRecord, querySpaceUid=<gen:103>, path=org.project.neutrino.nfvo.catalogue.mano.record.PhysicalNetworkFunctionRecord.vnffgr.<elements>.parent_ns)
    - QuerySpaces
       - EntityQuerySpaceImpl(uid=<gen:0>, entity=org.project.neutrino.nfvo.catalogue.mano.record.PhysicalNetworkFunctionRecord)
          - SQL table alias mapping - physicalne0_
          - alias suffix - 0_
          - suffixed key columns - {id1_37_0_}
          - JOIN (JoinDefinedByMetadata(connected_virtual_link)) : <gen:0> -> <gen:1>
             - CollectionQuerySpaceImpl(uid=<gen:1>, collection=org.project.neutrino.nfvo.catalogue.mano.record.PhysicalNetworkFunctionRecord.connected_virtual_link)
                - SQL table alias mapping - connected_1_
                - alias suffix - 1_
                - suffixed key columns - {physical1_37_1_}
                - entity-element alias suffix - 2_
                - 2_entity-element suffixed key columns - id1_54_2_
                - JOIN (JoinDefinedByMetadata(elements)) : <gen:1> -> <gen:2>
                   - EntityQuerySpaceImpl(uid=<gen:2>, entity=org.project.neutrino.nfvo.catalogue.mano.record.VirtualLinkRecord)
                      - SQL table alias mapping - virtuallin2_
                      - alias suffix - 2_
                      - suffixed key columns - {id1_54_2_}
                      - JOIN (JoinDefinedByMetadata(lifecycle_event_history)) : <gen:2> -> <gen:3>
                         - CollectionQuerySpaceImpl(uid=<gen:3>, collection=org.project.neutrino.nfvo.catalogue.mano.record.VirtualLinkRecord.lifecycle_event_history)
                            - SQL table alias mapping - lifecycle_3_
                            - alias suffix - 3_
                            - suffixed key columns - {virtual_1_54_3_}
                            - entity-element alias suffix - 4_
                            - 4_entity-element suffixed key columns - id1_10_4_
                            - JOIN (JoinDefinedByMetadata(elements)) : <gen:3> -> <gen:4>
                               - EntityQuerySpaceImpl(uid=<gen:4>, entity=org.project.neutrino.nfvo.catalogue.mano.common.LifecycleEvent)
                                  - SQL table alias mapping - lifecyclee4_
                                  - alias suffix - 4_
                                  - suffixed key columns - {id1_10_4_}
                      - JOIN (JoinDefinedByMetadata(vnffgr_reference)) : <gen:2> -> <gen:5>
                         - CollectionQuerySpaceImpl(uid=<gen:5>, collection=org.project.neutrino.nfvo.catalogue.mano.record.VirtualLinkRecord.vnffgr_reference)
                            - SQL table alias mapping - vnffgr_ref5_
                            - alias suffix - 5_
                            - suffixed key columns - {virtual_1_54_5_}
                            - entity-element alias suffix - 6_
                            - 6_entity-element suffixed key columns - id1_92_6_
                            - JOIN (JoinDefinedByMetadata(elements)) : <gen:5> -> <gen:6>
                               - EntityQuerySpaceImpl(uid=<gen:6>, entity=org.project.neutrino.nfvo.catalogue.mano.record.VNFForwardingGraphRecord)
                                  - SQL table alias mapping - vnfforward6_
                                  - alias suffix - 6_
                                  - suffixed key columns - {id1_92_6_}
          - JOIN (JoinDefinedByMetadata(connection_point)) : <gen:0> -> <gen:18>
             - CollectionQuerySpaceImpl(uid=<gen:18>, collection=org.project.neutrino.nfvo.catalogue.mano.record.PhysicalNetworkFunctionRecord.connection_point)
                - SQL table alias mapping - connection7_
                - alias suffix - 7_
                - suffixed key columns - {physical1_37_7_}
                - entity-element alias suffix - 8_
                - 8_entity-element suffixed key columns - id1_4_8_
                - JOIN (JoinDefinedByMetadata(elements)) : <gen:18> -> <gen:19>
                   - EntityQuerySpaceImpl(uid=<gen:19>, entity=org.project.neutrino.nfvo.catalogue.mano.common.ConnectionPoint)
                      - SQL table alias mapping - connection8_
                      - alias suffix - 8_
                      - suffixed key columns - {id1_4_8_}
          - JOIN (JoinDefinedByMetadata(descriptor_reference)) : <gen:0> -> <gen:20>
             - EntityQuerySpaceImpl(uid=<gen:20>, entity=org.project.neutrino.nfvo.catalogue.mano.descriptor.PhysicalNetworkFunctionDescriptor)
                - SQL table alias mapping - physicalne9_
                - alias suffix - 9_
                - suffixed key columns - {id1_35_9_}
                - JOIN (JoinDefinedByMetadata(pnfd_security)) : <gen:20> -> <gen:21>
                   - EntityQuerySpaceImpl(uid=<gen:21>, entity=org.project.neutrino.nfvo.catalogue.mano.common.Security)
                      - SQL table alias mapping - security10_
                      - alias suffix - 10_
                      - suffixed key columns - {id1_43_10_}
          - JOIN (JoinDefinedByMetadata(parent_ns)) : <gen:0> -> <gen:22>
             - EntityQuerySpaceImpl(uid=<gen:22>, entity=org.project.neutrino.nfvo.catalogue.mano.record.NetworkServiceRecord)
                - SQL table alias mapping - networkser11_
                - alias suffix - 11_
                - suffixed key columns - {id1_18_11_}
                - JOIN (JoinDefinedByMetadata(auto_scale_policy)) : <gen:22> -> <gen:23>
                   - CollectionQuerySpaceImpl(uid=<gen:23>, collection=org.project.neutrino.nfvo.catalogue.mano.record.NetworkServiceRecord.auto_scale_policy)
                      - SQL table alias mapping - auto_scale12_
                      - alias suffix - 12_
                      - suffixed key columns - {network_1_18_12_}
                      - entity-element alias suffix - 13_
                      - 13_entity-element suffixed key columns - id1_3_13_
                      - JOIN (JoinDefinedByMetadata(elements)) : <gen:23> -> <gen:24>
                         - EntityQuerySpaceImpl(uid=<gen:24>, entity=org.project.neutrino.nfvo.catalogue.mano.common.AutoScalePolicy)
                            - SQL table alias mapping - autoscalep13_
                            - alias suffix - 13_
                            - suffixed key columns - {id1_3_13_}
                - JOIN (JoinDefinedByMetadata(connection_point)) : <gen:22> -> <gen:25>
                   - CollectionQuerySpaceImpl(uid=<gen:25>, collection=org.project.neutrino.nfvo.catalogue.mano.record.NetworkServiceRecord.connection_point)
                      - SQL table alias mapping - connection14_
                      - alias suffix - 14_
                      - suffixed key columns - {network_1_18_14_}
                      - entity-element alias suffix - 15_
                      - 15_entity-element suffixed key columns - id1_4_15_
                      - JOIN (JoinDefinedByMetadata(elements)) : <gen:25> -> <gen:26>
                         - EntityQuerySpaceImpl(uid=<gen:26>, entity=org.project.neutrino.nfvo.catalogue.mano.common.ConnectionPoint)
                            - SQL table alias mapping - connection15_
                            - alias suffix - 15_
                            - suffixed key columns - {id1_4_15_}
                - JOIN (JoinDefinedByMetadata(descriptor_reference)) : <gen:22> -> <gen:27>
                   - EntityQuerySpaceImpl(uid=<gen:27>, entity=org.project.neutrino.nfvo.catalogue.mano.common.NFVEntityDescriptor)
                      - SQL table alias mapping - nfventityd16_
                      - alias suffix - 16_
                      - suffixed key columns - {id1_27_16_}
                - JOIN (JoinDefinedByMetadata(lifecycle_event)) : <gen:22> -> <gen:36>
                   - EntityQuerySpaceImpl(uid=<gen:36>, entity=org.project.neutrino.nfvo.catalogue.mano.common.LifecycleEvent)
                      - SQL table alias mapping - lifecyclee17_
                      - alias suffix - 17_
                      - suffixed key columns - {id1_10_17_}
                - JOIN (JoinDefinedByMetadata(lifecycle_event_history)) : <gen:22> -> <gen:37>
                   - CollectionQuerySpaceImpl(uid=<gen:37>, collection=org.project.neutrino.nfvo.catalogue.mano.record.NetworkServiceRecord.lifecycle_event_history)
                      - SQL table alias mapping - lifecycle_18_
                      - alias suffix - 18_
                      - suffixed key columns - {network_1_18_18_}
                      - entity-element alias suffix - 19_
                      - 19_entity-element suffixed key columns - id1_10_19_
                      - JOIN (JoinDefinedByMetadata(elements)) : <gen:37> -> <gen:38>
                         - EntityQuerySpaceImpl(uid=<gen:38>, entity=org.project.neutrino.nfvo.catalogue.mano.common.LifecycleEvent)
                            - SQL table alias mapping - lifecyclee19_
                            - alias suffix - 19_
                            - suffixed key columns - {id1_10_19_}
                - JOIN (JoinDefinedByMetadata(pnfr)) : <gen:22> -> <gen:39>
                   - CollectionQuerySpaceImpl(uid=<gen:39>, collection=org.project.neutrino.nfvo.catalogue.mano.record.NetworkServiceRecord.pnfr)
                      - SQL table alias mapping - pnfr20_
                      - alias suffix - 20_
                      - suffixed key columns - {network_1_18_20_}
                      - entity-element alias suffix - 21_
                      - 21_entity-element suffixed key columns - id1_37_21_
                      - JOIN (JoinDefinedByMetadata(elements)) : <gen:39> -> <gen:40>
                         - EntityQuerySpaceImpl(uid=<gen:40>, entity=org.project.neutrino.nfvo.catalogue.mano.record.PhysicalNetworkFunctionRecord)
                            - SQL table alias mapping - physicalne21_
                            - alias suffix - 21_
                            - suffixed key columns - {id1_37_21_}
                - JOIN (JoinDefinedByMetadata(service_deployment_flavour)) : <gen:22> -> <gen:43>
                   - EntityQuerySpaceImpl(uid=<gen:43>, entity=org.project.neutrino.nfvo.catalogue.mano.common.ServiceDeploymentFlavour)
                      - SQL table alias mapping - servicedep22_
                      - alias suffix - 22_
                      - suffixed key columns - {id1_7_22_}
                - JOIN (JoinDefinedByMetadata(vlr)) : <gen:22> -> <gen:44>
                   - CollectionQuerySpaceImpl(uid=<gen:44>, collection=org.project.neutrino.nfvo.catalogue.mano.record.NetworkServiceRecord.vlr)
                      - SQL table alias mapping - vlr23_
                      - alias suffix - 23_
                      - suffixed key columns - {network_1_18_23_}
                      - entity-element alias suffix - 24_
                      - 24_entity-element suffixed key columns - id1_54_24_
                      - JOIN (JoinDefinedByMetadata(elements)) : <gen:44> -> <gen:45>
                         - EntityQuerySpaceImpl(uid=<gen:45>, entity=org.project.neutrino.nfvo.catalogue.mano.record.VirtualLinkRecord)
                            - SQL table alias mapping - virtuallin24_
                            - alias suffix - 24_
                            - suffixed key columns - {id1_54_24_}
                - JOIN (JoinDefinedByMetadata(vnf_dependency)) : <gen:22> -> <gen:46>
                   - CollectionQuerySpaceImpl(uid=<gen:46>, collection=org.project.neutrino.nfvo.catalogue.mano.record.NetworkServiceRecord.vnf_dependency)
                      - SQL table alias mapping - vnf_depend25_
                      - alias suffix - 25_
                      - suffixed key columns - {network_1_18_25_}
                      - entity-element alias suffix - 26_
                      - 26_entity-element suffixed key columns - id1_86_26_
                      - JOIN (JoinDefinedByMetadata(elements)) : <gen:46> -> <gen:47>
                         - EntityQuerySpaceImpl(uid=<gen:47>, entity=org.project.neutrino.nfvo.catalogue.mano.common.VNFDependency)
                            - SQL table alias mapping - vnfdepende26_
                            - alias suffix - 26_
                            - suffixed key columns - {id1_86_26_}
                - JOIN (JoinDefinedByMetadata(vnffgr)) : <gen:22> -> <gen:50>
                   - CollectionQuerySpaceImpl(uid=<gen:50>, collection=org.project.neutrino.nfvo.catalogue.mano.record.NetworkServiceRecord.vnffgr)
                      - SQL table alias mapping - vnffgr27_
                      - alias suffix - 27_
                      - suffixed key columns - {network_1_18_27_}
                      - entity-element alias suffix - 28_
                      - 28_entity-element suffixed key columns - id1_87_28_
                      - JOIN (JoinDefinedByMetadata(elements)) : <gen:50> -> <gen:51>
                         - EntityQuerySpaceImpl(uid=<gen:51>, entity=org.project.neutrino.nfvo.catalogue.mano.descriptor.VNFForwardingGraph)
                            - SQL table alias mapping - vnfforward28_
                            - alias suffix - 28_
                            - suffixed key columns - {id1_87_28_}
                - JOIN (JoinDefinedByMetadata(vnfr)) : <gen:22> -> <gen:53>
                   - EntityQuerySpaceImpl(uid=<gen:53>, entity=org.project.neutrino.nfvo.catalogue.mano.record.VirtualNetworkFunctionRecord)
                      - SQL table alias mapping - virtualnet29_
                      - alias suffix - 29_
                      - suffixed key columns - {id1_68_29_}
          - JOIN (JoinDefinedByMetadata(vnffgr)) : <gen:0> -> <gen:71>
             - CollectionQuerySpaceImpl(uid=<gen:71>, collection=org.project.neutrino.nfvo.catalogue.mano.record.PhysicalNetworkFunctionRecord.vnffgr)
                - SQL table alias mapping - vnffgr30_
                - alias suffix - 30_
                - suffixed key columns - {physical1_37_30_}
                - entity-element alias suffix - 31_
                - 31_entity-element suffixed key columns - id1_92_31_
                - JOIN (JoinDefinedByMetadata(elements)) : <gen:71> -> <gen:72>
                   - EntityQuerySpaceImpl(uid=<gen:72>, entity=org.project.neutrino.nfvo.catalogue.mano.record.VNFForwardingGraphRecord)
                      - SQL table alias mapping - vnfforward31_
                      - alias suffix - 31_
                      - suffixed key columns - {id1_92_31_}
                      - JOIN (JoinDefinedByMetadata(connection_point)) : <gen:72> -> <gen:73>
                         - CollectionQuerySpaceImpl(uid=<gen:73>, collection=org.project.neutrino.nfvo.catalogue.mano.record.VNFForwardingGraphRecord.connection_point)
                            - SQL table alias mapping - connection32_
                            - alias suffix - 32_
                            - suffixed key columns - {vnfforwa1_92_32_}
                            - entity-element alias suffix - 33_
                            - 33_entity-element suffixed key columns - id1_4_33_
                            - JOIN (JoinDefinedByMetadata(elements)) : <gen:73> -> <gen:74>
                               - EntityQuerySpaceImpl(uid=<gen:74>, entity=org.project.neutrino.nfvo.catalogue.mano.descriptor.VNFDConnectionPoint)
                                  - SQL table alias mapping - vnfdconnec33_
                                  - alias suffix - 33_
                                  - suffixed key columns - {id1_4_33_}
                      - JOIN (JoinDefinedByMetadata(dependent_virtual_link)) : <gen:72> -> <gen:75>
                         - CollectionQuerySpaceImpl(uid=<gen:75>, collection=org.project.neutrino.nfvo.catalogue.mano.record.VNFForwardingGraphRecord.dependent_virtual_link)
                            - SQL table alias mapping - dependent_34_
                            - alias suffix - 34_
                            - suffixed key columns - {vnfforwa1_92_34_}
                            - entity-element alias suffix - 35_
                            - 35_entity-element suffixed key columns - id1_54_35_
                            - JOIN (JoinDefinedByMetadata(elements)) : <gen:75> -> <gen:76>
                               - EntityQuerySpaceImpl(uid=<gen:76>, entity=org.project.neutrino.nfvo.catalogue.mano.record.VirtualLinkRecord)
                                  - SQL table alias mapping - virtuallin35_
                                  - alias suffix - 35_
                                  - suffixed key columns - {id1_54_35_}
                      - JOIN (JoinDefinedByMetadata(descriptor_reference)) : <gen:72> -> <gen:77>
                         - EntityQuerySpaceImpl(uid=<gen:77>, entity=org.project.neutrino.nfvo.catalogue.mano.descriptor.VNFForwardingGraph)
                            - SQL table alias mapping - vnfforward36_
                            - alias suffix - 36_
                            - suffixed key columns - {id1_87_36_}
                      - JOIN (JoinDefinedByMetadata(lifecycle_event_history)) : <gen:72> -> <gen:79>
                         - CollectionQuerySpaceImpl(uid=<gen:79>, collection=org.project.neutrino.nfvo.catalogue.mano.record.VNFForwardingGraphRecord.lifecycle_event_history)
                            - SQL table alias mapping - lifecycle_37_
                            - alias suffix - 37_
                            - suffixed key columns - {vnfforwa1_92_37_}
                            - entity-element alias suffix - 38_
                            - 38_entity-element suffixed key columns - id1_10_38_
                            - JOIN (JoinDefinedByMetadata(elements)) : <gen:79> -> <gen:80>
                               - EntityQuerySpaceImpl(uid=<gen:80>, entity=org.project.neutrino.nfvo.catalogue.mano.common.LifecycleEvent)
                                  - SQL table alias mapping - lifecyclee38_
                                  - alias suffix - 38_
                                  - suffixed key columns - {id1_10_38_}
                      - JOIN (JoinDefinedByMetadata(member_vnfs)) : <gen:72> -> <gen:81>
                         - CollectionQuerySpaceImpl(uid=<gen:81>, collection=org.project.neutrino.nfvo.catalogue.mano.record.VNFForwardingGraphRecord.member_vnfs)
                            - SQL table alias mapping - member_vnf39_
                            - alias suffix - 39_
                            - suffixed key columns - {vnfforwa1_92_39_}
                            - entity-element alias suffix - 40_
                            - 40_entity-element suffixed key columns - id1_68_40_
                            - JOIN (JoinDefinedByMetadata(elements)) : <gen:81> -> <gen:82>
                               - EntityQuerySpaceImpl(uid=<gen:82>, entity=org.project.neutrino.nfvo.catalogue.mano.record.VirtualNetworkFunctionRecord)
                                  - SQL table alias mapping - virtualnet40_
                                  - alias suffix - 40_
                                  - suffixed key columns - {id1_68_40_}
                      - JOIN (JoinDefinedByMetadata(network_forwarding_path)) : <gen:72> -> <gen:100>
                         - EntityQuerySpaceImpl(uid=<gen:100>, entity=org.project.neutrino.nfvo.catalogue.mano.descriptor.NetworkForwardingPath)
                            - SQL table alias mapping - networkfor41_
                            - alias suffix - 41_
                            - suffixed key columns - {id1_12_41_}
                      - JOIN (JoinDefinedByMetadata(parent_ns)) : <gen:72> -> <gen:103>
                         - EntityQuerySpaceImpl(uid=<gen:103>, entity=org.project.neutrino.nfvo.catalogue.mano.record.NetworkServiceRecord)
                            - SQL table alias mapping - networkser42_
                            - alias suffix - 42_
                            - suffixed key columns - {id1_18_42_}

14:11:16.204 [Test worker] DEBUG o.h.loader.entity.plan.EntityLoader - Static select for entity org.project.neutrino.nfvo.catalogue.mano.record.PhysicalNetworkFunctionRecord [READ]: select physicalne0_.id as id1_37_0_, physicalne0_.description as descript2_37_0_, physicalne0_.descriptor_reference_id as descript6_37_0_, physicalne0_.oam_reference as oam_refe3_37_0_, physicalne0_.parent_ns_id as parent_n7_37_0_, physicalne0_.vendor as vendor4_37_0_, physicalne0_.version as version5_37_0_, connected_1_.physical_network_function_record_id as physical1_37_1_, virtuallin2_.id as connecte2_38_1_, virtuallin2_.id as id1_54_2_, virtuallin2_.connectivity_type as connecti2_54_2_, virtuallin2_.descriptor_reference as descript3_54_2_, virtuallin2_.leaf_requirement as leaf_req4_54_2_, virtuallin2_.number_of_enpoints as number_o5_54_2_, virtuallin2_.parent_ns as parent_n6_54_2_, virtuallin2_.root_requirement as root_req7_54_2_, virtuallin2_.status as status8_54_2_, virtuallin2_.test_access as test_acc9_54_2_, virtuallin2_.vendor as vendor10_54_2_, virtuallin2_.version as version11_54_2_, virtuallin2_.vim_id as vim_id12_54_2_, lifecycle_3_.virtual_link_record_id as virtual_1_54_3_, lifecyclee4_.id as lifecycl2_58_3_, lifecyclee4_.id as id1_10_4_, lifecyclee4_.version as version2_10_4_, vnffgr_ref5_.virtual_link_record_id as virtual_1_54_5_, vnfforward6_.id as vnffgr_r2_61_5_, vnfforward6_.id as id1_92_6_, vnfforward6_.audit_log as audit_lo2_92_6_, vnfforward6_.descriptor_reference_id as descrip10_92_6_, vnfforward6_.network_forwarding_path_id as network11_92_6_, vnfforward6_.number_of_endpoints as number_o3_92_6_, vnfforward6_.number_of_pnfs as number_o4_92_6_, vnfforward6_.number_of_virtual_links as number_o5_92_6_, vnfforward6_.number_of_vnfs as number_o6_92_6_, vnfforward6_.parent_ns_id as parent_12_92_6_, vnfforward6_.status as status7_92_6_, vnfforward6_.vendor as vendor8_92_6_, vnfforward6_.version as version9_92_6_, connection7_.physical_network_function_record_id as physical1_37_7_, connection8_.id as connecti2_39_7_, connection8_.id as id1_4_8_, connection8_.type as type2_4_8_, connection8_.version as version3_4_8_, connection8_.virtual_link_reference as virtual_1_82_8_, connection8_.clazz_ as clazz_8_, physicalne9_.id as id1_35_9_, physicalne9_.description as descript2_35_9_, physicalne9_.descriptor_version as descript3_35_9_, physicalne9_.hb_version as hb_versi4_35_9_, physicalne9_.pnfd_security_id as pnfd_sec7_35_9_, physicalne9_.vendor as vendor5_35_9_, physicalne9_.version as version6_35_9_, security10_.id as id1_43_10_, security10_.version as version2_43_10_, networkser11_.id as id1_18_11_, networkser11_.audit_log as audit_lo2_18_11_, networkser11_.descriptor_reference_Id as descript9_18_11_, networkser11_.lifecycle_event_id as lifecyc10_18_11_, networkser11_.notification as notifica3_18_11_, networkser11_.resource_reservation as resource4_18_11_, networkser11_.runtime_policy_info as runtime_5_18_11_, networkser11_.service_deployment_flavour_id as service11_18_11_, networkser11_.status as status6_18_11_, networkser11_.vendor as vendor7_18_11_, networkser11_.version as version8_18_11_, networkser11_.vnfr_id as vnfr_id12_18_11_, auto_scale12_.network_service_record_id as network_1_18_12_, autoscalep13_.id as auto_sca2_19_12_, autoscalep13_.id as id1_3_13_, autoscalep13_.version as version2_3_13_, connection14_.network_service_record_id as network_1_18_14_, connection15_.id as connecti2_20_14_, connection15_.id as id1_4_15_, connection15_.type as type2_4_15_, connection15_.version as version3_4_15_, connection15_.virtual_link_reference as virtual_1_82_15_, connection15_.clazz_ as clazz_15_, nfventityd16_.id as id1_27_16_, nfventityd16_.hb_version as hb_versi2_27_16_, nfventityd16_.vendor as vendor3_27_16_, nfventityd16_.version as version4_27_16_, nfventityd16_.descriptor_version as descript1_62_16_, nfventityd16_.manifest_file as manifest2_62_16_, nfventityd16_.nsd_security_id as nsd_secu1_14_16_, nfventityd16_.clazz_ as clazz_16_, lifecyclee17_.id as id1_10_17_, lifecyclee17_.version as version2_10_17_, lifecycle_18_.network_service_record_id as network_1_18_18_, lifecyclee19_.id as lifecycl2_21_18_, lifecyclee19_.id as id1_10_19_, lifecyclee19_.version as version2_10_19_, pnfr20_.network_service_record_id as network_1_18_20_, physicalne21_.id as pnfr_id2_23_20_, physicalne21_.id as id1_37_21_, physicalne21_.description as descript2_37_21_, physicalne21_.descriptor_reference_id as descript6_37_21_, physicalne21_.oam_reference as oam_refe3_37_21_, physicalne21_.parent_ns_id as parent_n7_37_21_, physicalne21_.vendor as vendor4_37_21_, physicalne21_.version as version5_37_21_, servicedep22_.id as id1_7_22_, servicedep22_.flavour_key as flavour_2_7_22_, servicedep22_.version as version3_7_22_, vlr23_.network_service_record_id as network_1_18_23_, virtuallin24_.id as vlr_id2_24_23_, virtuallin24_.id as id1_54_24_, virtuallin24_.connectivity_type as connecti2_54_24_, virtuallin24_.descriptor_reference as descript3_54_24_, virtuallin24_.leaf_requirement as leaf_req4_54_24_, virtuallin24_.number_of_enpoints as number_o5_54_24_, virtuallin24_.parent_ns as parent_n6_54_24_, virtuallin24_.root_requirement as root_req7_54_24_, virtuallin24_.status as status8_54_24_, virtuallin24_.test_access as test_acc9_54_24_, virtuallin24_.vendor as vendor10_54_24_, virtuallin24_.version as version11_54_24_, virtuallin24_.vim_id as vim_id12_54_24_, vnf_depend25_.network_service_record_id as network_1_18_25_, vnfdepende26_.id as vnf_depe2_25_25_, vnfdepende26_.id as id1_86_26_, vnfdepende26_.source_Id as source_I3_86_26_, vnfdepende26_.target_Id as target_I4_86_26_, vnfdepende26_.version as version2_86_26_, vnffgr27_.network_service_record_id as network_1_18_27_, vnfforward28_.id as vnffgr_i2_26_27_, vnfforward28_.id as id1_87_28_, vnfforward28_.descriptor_version as descript2_87_28_, vnfforward28_.hb_version as hb_versi3_87_28_, vnfforward28_.number_of_endpoints as number_o4_87_28_, vnfforward28_.number_of_virtual_links as number_o5_87_28_, vnfforward28_.vendor as vendor6_87_28_, vnfforward28_.version as version7_87_28_, vnfforward28_.vnffgd_security_id as vnffgd_s8_87_28_, virtualnet29_.id as id1_68_29_, virtualnet29_.audit_log as audit_lo2_68_29_, virtualnet29_.deployment_flavour_id as deployme9_68_29_, virtualnet29_.descriptor_reference as descript3_68_29_, virtualnet29_.lifecycle_event_id as lifecyc10_68_29_, virtualnet29_.localization as localiza4_68_29_, virtualnet29_.parent_ns_id as parent_11_68_29_, virtualnet29_.status as status5_68_29_, virtualnet29_.vendor as vendor6_68_29_, virtualnet29_.version as version7_68_29_, virtualnet29_.vnfm_id as vnfm_id8_68_29_, vnffgr30_.physical_network_function_record_id as physical1_37_30_, vnfforward31_.id as vnffgr_i2_41_30_, vnfforward31_.id as id1_92_31_, vnfforward31_.audit_log as audit_lo2_92_31_, vnfforward31_.descriptor_reference_id as descrip10_92_31_, vnfforward31_.network_forwarding_path_id as network11_92_31_, vnfforward31_.number_of_endpoints as number_o3_92_31_, vnfforward31_.number_of_pnfs as number_o4_92_31_, vnfforward31_.number_of_virtual_links as number_o5_92_31_, vnfforward31_.number_of_vnfs as number_o6_92_31_, vnfforward31_.parent_ns_id as parent_12_92_31_, vnfforward31_.status as status7_92_31_, vnfforward31_.vendor as vendor8_92_31_, vnfforward31_.version as version9_92_31_, connection32_.vnfforwarding_graph_record_id as vnfforwa1_92_32_, vnfdconnec33_.id as connecti2_93_32_, vnfdconnec33_.id as id1_4_33_, vnfdconnec33_.type as type2_4_33_, vnfdconnec33_.version as version3_4_33_, vnfdconnec33_.virtual_link_reference as virtual_1_82_33_, dependent_34_.vnfforwarding_graph_record_id as vnfforwa1_92_34_, virtuallin35_.id as dependen2_94_34_, virtuallin35_.id as id1_54_35_, virtuallin35_.connectivity_type as connecti2_54_35_, virtuallin35_.descriptor_reference as descript3_54_35_, virtuallin35_.leaf_requirement as leaf_req4_54_35_, virtuallin35_.number_of_enpoints as number_o5_54_35_, virtuallin35_.parent_ns as parent_n6_54_35_, virtuallin35_.root_requirement as root_req7_54_35_, virtuallin35_.status as status8_54_35_, virtuallin35_.test_access as test_acc9_54_35_, virtuallin35_.vendor as vendor10_54_35_, virtuallin35_.version as version11_54_35_, virtuallin35_.vim_id as vim_id12_54_35_, vnfforward36_.id as id1_87_36_, vnfforward36_.descriptor_version as descript2_87_36_, vnfforward36_.hb_version as hb_versi3_87_36_, vnfforward36_.number_of_endpoints as number_o4_87_36_, vnfforward36_.number_of_virtual_links as number_o5_87_36_, vnfforward36_.vendor as vendor6_87_36_, vnfforward36_.version as version7_87_36_, vnfforward36_.vnffgd_security_id as vnffgd_s8_87_36_, lifecycle_37_.vnfforwarding_graph_record_id as vnfforwa1_92_37_, lifecyclee38_.id as lifecycl2_95_37_, lifecyclee38_.id as id1_10_38_, lifecyclee38_.version as version2_10_38_, member_vnf39_.vnfforwarding_graph_record_id as vnfforwa1_92_39_, virtualnet40_.id as member_v2_96_39_, virtualnet40_.id as id1_68_40_, virtualnet40_.audit_log as audit_lo2_68_40_, virtualnet40_.deployment_flavour_id as deployme9_68_40_, virtualnet40_.descriptor_reference as descript3_68_40_, virtualnet40_.lifecycle_event_id as lifecyc10_68_40_, virtualnet40_.localization as localiza4_68_40_, virtualnet40_.parent_ns_id as parent_11_68_40_, virtualnet40_.status as status5_68_40_, virtualnet40_.vendor as vendor6_68_40_, virtualnet40_.version as version7_68_40_, virtualnet40_.vnfm_id as vnfm_id8_68_40_, networkfor41_.id as id1_12_41_, networkfor41_.policy_id as policy_i3_12_41_, networkfor41_.version as version2_12_41_, networkser42_.id as id1_18_42_, networkser42_.audit_log as audit_lo2_18_42_, networkser42_.descriptor_reference_Id as descript9_18_42_, networkser42_.lifecycle_event_id as lifecyc10_18_42_, networkser42_.notification as notifica3_18_42_, networkser42_.resource_reservation as resource4_18_42_, networkser42_.runtime_policy_info as runtime_5_18_42_, networkser42_.service_deployment_flavour_id as service11_18_42_, networkser42_.status as status6_18_42_, networkser42_.vendor as vendor7_18_42_, networkser42_.version as version8_18_42_, networkser42_.vnfr_id as vnfr_id12_18_42_ from physical_network_function_record physicalne0_ left outer join physical_network_function_record_connected_virtual_link connected_1_ on physicalne0_.id=connected_1_.physical_network_function_record_id left outer join virtual_link_record virtuallin2_ on connected_1_.connected_virtual_link_id=virtuallin2_.id left outer join virtual_link_record_lifecycle_event_history lifecycle_3_ on virtuallin2_.id=lifecycle_3_.virtual_link_record_id left outer join lifecycle_event lifecyclee4_ on lifecycle_3_.lifecycle_event_history_id=lifecyclee4_.id left outer join virtual_link_record_vnffgr_reference vnffgr_ref5_ on virtuallin2_.id=vnffgr_ref5_.virtual_link_record_id left outer join vnfforwarding_graph_record vnfforward6_ on vnffgr_ref5_.vnffgr_reference_id=vnfforward6_.id left outer join physical_network_function_record_connection_point connection7_ on physicalne0_.id=connection7_.physical_network_function_record_id left outer join ( select id, type, version, null as virtual_link_reference, 0 as clazz_ from connection_point union select id, type, version, virtual_link_reference, 1 as clazz_ from vnfdconnection_point ) connection8_ on connection7_.connection_point_id=connection8_.id left outer join physical_network_function_descriptor physicalne9_ on physicalne0_.descriptor_reference_id=physicalne9_.id left outer join security security10_ on physicalne9_.pnfd_security_id=security10_.id left outer join network_service_record networkser11_ on physicalne0_.parent_ns_id=networkser11_.id left outer join network_service_record_auto_scale_policy auto_scale12_ on networkser11_.id=auto_scale12_.network_service_record_id left outer join auto_scale_policy autoscalep13_ on auto_scale12_.auto_scale_policy_id=autoscalep13_.id left outer join network_service_record_connection_point connection14_ on networkser11_.id=connection14_.network_service_record_id left outer join ( select id, type, version, null as virtual_link_reference, 0 as clazz_ from connection_point union select id, type, version, virtual_link_reference, 1 as clazz_ from vnfdconnection_point ) connection15_ on connection14_.connection_point_id=connection15_.id left outer join ( select id, hb_version, vendor, version, descriptor_version, manifest_file, null as nsd_security_id, 1 as clazz_ from virtual_network_function_descriptor union select id, hb_version, vendor, version, null as descriptor_version, null as manifest_file, nsd_security_id, 2 as clazz_ from network_service_descriptor ) nfventityd16_ on networkser11_.descriptor_reference_Id=nfventityd16_.id left outer join lifecycle_event lifecyclee17_ on networkser11_.lifecycle_event_id=lifecyclee17_.id left outer join network_service_record_lifecycle_event_history lifecycle_18_ on networkser11_.id=lifecycle_18_.network_service_record_id left outer join lifecycle_event lifecyclee19_ on lifecycle_18_.lifecycle_event_history_id=lifecyclee19_.id left outer join network_service_record_pnfr pnfr20_ on networkser11_.id=pnfr20_.network_service_record_id left outer join physical_network_function_record physicalne21_ on pnfr20_.pnfr_id=physicalne21_.id left outer join service_deployment_flavour servicedep22_ on networkser11_.service_deployment_flavour_id=servicedep22_.id left outer join network_service_record_vlr vlr23_ on networkser11_.id=vlr23_.network_service_record_id left outer join virtual_link_record virtuallin24_ on vlr23_.vlr_id=virtuallin24_.id left outer join network_service_record_vnf_dependency vnf_depend25_ on networkser11_.id=vnf_depend25_.network_service_record_id left outer join vnfdependency vnfdepende26_ on vnf_depend25_.vnf_dependency_id=vnfdepende26_.id left outer join network_service_record_vnffgr vnffgr27_ on networkser11_.id=vnffgr27_.network_service_record_id left outer join vnfforwarding_graph vnfforward28_ on vnffgr27_.vnffgr_id=vnfforward28_.id left outer join virtual_network_function_record virtualnet29_ on networkser11_.vnfr_id=virtualnet29_.id left outer join physical_network_function_record_vnffgr vnffgr30_ on physicalne0_.id=vnffgr30_.physical_network_function_record_id left outer join vnfforwarding_graph_record vnfforward31_ on vnffgr30_.vnffgr_id=vnfforward31_.id left outer join vnfforwarding_graph_record_connection_point connection32_ on vnfforward31_.id=connection32_.vnfforwarding_graph_record_id left outer join vnfdconnection_point vnfdconnec33_ on connection32_.connection_point_id=vnfdconnec33_.id left outer join vnfforwarding_graph_record_dependent_virtual_link dependent_34_ on vnfforward31_.id=dependent_34_.vnfforwarding_graph_record_id left outer join virtual_link_record virtuallin35_ on dependent_34_.dependent_virtual_link_id=virtuallin35_.id left outer join vnfforwarding_graph vnfforward36_ on vnfforward31_.descriptor_reference_id=vnfforward36_.id left outer join vnfforwarding_graph_record_lifecycle_event_history lifecycle_37_ on vnfforward31_.id=lifecycle_37_.vnfforwarding_graph_record_id left outer join lifecycle_event lifecyclee38_ on lifecycle_37_.lifecycle_event_history_id=lifecyclee38_.id left outer join vnfforwarding_graph_record_member_vnfs member_vnf39_ on vnfforward31_.id=member_vnf39_.vnfforwarding_graph_record_id left outer join virtual_network_function_record virtualnet40_ on member_vnf39_.member_vnfs_id=virtualnet40_.id left outer join network_forwarding_path networkfor41_ on vnfforward31_.network_forwarding_path_id=networkfor41_.id left outer join network_service_record networkser42_ on vnfforward31_.parent_ns_id=networkser42_.id where physicalne0_.id=?
14:11:16.205 [Test worker] DEBUG o.h.l.p.b.i.spaces.QuerySpacesImpl - Adding QuerySpace : uid = <gen:0> -> org.hibernate.loader.plan.build.internal.spaces.EntityQuerySpaceImpl@58bfb945]
14:11:16.205 [Test worker] DEBUG o.h.p.w.spi.MetamodelGraphWalker - Visiting attribute path : connected_virtual_link
14:11:16.205 [Test worker] DEBUG o.h.l.p.b.i.spaces.QuerySpacesImpl - Adding QuerySpace : uid = <gen:1> -> org.hibernate.loader.plan.build.internal.spaces.CollectionQuerySpaceImpl@37d18c85]
14:11:16.205 [Test worker] DEBUG o.h.l.p.b.i.spaces.QuerySpacesImpl - Adding QuerySpace : uid = <gen:2> -> org.hibernate.loader.plan.build.internal.spaces.EntityQuerySpaceImpl@1e608c64]
14:11:16.205 [Test worker] DEBUG o.h.p.w.spi.MetamodelGraphWalker - Visiting attribute path : connection_point
14:11:16.205 [Test worker] DEBUG o.h.l.p.b.i.spaces.QuerySpacesImpl - Adding QuerySpace : uid = <gen:3> -> org.hibernate.loader.plan.build.internal.spaces.CollectionQuerySpaceImpl@54a108d0]
14:11:16.205 [Test worker] DEBUG o.h.l.p.b.i.spaces.QuerySpacesImpl - Adding QuerySpace : uid = <gen:4> -> org.hibernate.loader.plan.build.internal.spaces.EntityQuerySpaceImpl@1849bb18]
14:11:16.205 [Test worker] DEBUG o.h.p.w.spi.MetamodelGraphWalker - Visiting attribute path : description
14:11:16.205 [Test worker] DEBUG o.h.p.w.spi.MetamodelGraphWalker - Visiting attribute path : descriptor_reference
14:11:16.205 [Test worker] DEBUG o.h.l.p.b.i.spaces.QuerySpacesImpl - Adding QuerySpace : uid = <gen:5> -> org.hibernate.loader.plan.build.internal.spaces.EntityQuerySpaceImpl@109a311d]
14:11:16.205 [Test worker] DEBUG o.h.p.w.spi.MetamodelGraphWalker - Visiting attribute path : oam_reference
14:11:16.205 [Test worker] DEBUG o.h.p.w.spi.MetamodelGraphWalker - Visiting attribute path : parent_ns
14:11:16.205 [Test worker] DEBUG o.h.l.p.b.i.spaces.QuerySpacesImpl - Adding QuerySpace : uid = <gen:6> -> org.hibernate.loader.plan.build.internal.spaces.EntityQuerySpaceImpl@7b0e6f6e]
14:11:16.205 [Test worker] DEBUG o.h.p.w.spi.MetamodelGraphWalker - Visiting attribute path : pnf_address
14:11:16.205 [Test worker] DEBUG o.h.p.w.spi.MetamodelGraphWalker - Visiting attribute path : vendor
14:11:16.205 [Test worker] DEBUG o.h.p.w.spi.MetamodelGraphWalker - Visiting attribute path : version
14:11:16.205 [Test worker] DEBUG o.h.p.w.spi.MetamodelGraphWalker - Visiting attribute path : vnffgr
14:11:16.206 [Test worker] DEBUG o.h.l.p.b.i.spaces.QuerySpacesImpl - Adding QuerySpace : uid = <gen:7> -> org.hibernate.loader.plan.build.internal.spaces.CollectionQuerySpaceImpl@70b5dddf]
14:11:16.206 [Test worker] DEBUG o.h.l.p.b.i.spaces.QuerySpacesImpl - Adding QuerySpace : uid = <gen:8> -> org.hibernate.loader.plan.build.internal.spaces.EntityQuerySpaceImpl@33f99548]
14:11:16.206 [Test worker] DEBUG o.h.l.p.b.i.FetchStyleLoadPlanBuildingAssociationVisitationStrategy - Building LoadPlan...
14:11:16.206 [Test worker] DEBUG o.h.l.p.e.i.LoadQueryJoinAndFetchProcessor - processing queryspace <gen:0>
14:11:16.206 [Test worker] DEBUG o.h.l.p.b.spi.LoadPlanTreePrinter - LoadPlan(entity=org.project.neutrino.nfvo.catalogue.mano.record.PhysicalNetworkFunctionRecord)
    - Returns
       - EntityReturnImpl(entity=org.project.neutrino.nfvo.catalogue.mano.record.PhysicalNetworkFunctionRecord, querySpaceUid=<gen:0>, path=org.project.neutrino.nfvo.catalogue.mano.record.PhysicalNetworkFunctionRecord)
          - CollectionAttributeFetchImpl(collection=org.project.neutrino.nfvo.catalogue.mano.record.PhysicalNetworkFunctionRecord.connected_virtual_link, querySpaceUid=<gen:1>, path=org.project.neutrino.nfvo.catalogue.mano.record.PhysicalNetworkFunctionRecord.connected_virtual_link)
             - (collection element) CollectionFetchableElementEntityGraph(entity=org.project.neutrino.nfvo.catalogue.mano.record.VirtualLinkRecord, querySpaceUid=<gen:2>, path=org.project.neutrino.nfvo.catalogue.mano.record.PhysicalNetworkFunctionRecord.connected_virtual_link.<elements>)
          - CollectionAttributeFetchImpl(collection=org.project.neutrino.nfvo.catalogue.mano.record.PhysicalNetworkFunctionRecord.connection_point, querySpaceUid=<gen:3>, path=org.project.neutrino.nfvo.catalogue.mano.record.PhysicalNetworkFunctionRecord.connection_point)
             - (collection element) CollectionFetchableElementEntityGraph(entity=org.project.neutrino.nfvo.catalogue.mano.common.ConnectionPoint, querySpaceUid=<gen:4>, path=org.project.neutrino.nfvo.catalogue.mano.record.PhysicalNetworkFunctionRecord.connection_point.<elements>)
          - EntityAttributeFetchImpl(entity=org.project.neutrino.nfvo.catalogue.mano.descriptor.PhysicalNetworkFunctionDescriptor, querySpaceUid=<gen:5>, path=org.project.neutrino.nfvo.catalogue.mano.record.PhysicalNetworkFunctionRecord.descriptor_reference)
          - EntityAttributeFetchImpl(entity=org.project.neutrino.nfvo.catalogue.mano.record.NetworkServiceRecord, querySpaceUid=<gen:6>, path=org.project.neutrino.nfvo.catalogue.mano.record.PhysicalNetworkFunctionRecord.parent_ns)
          - CollectionAttributeFetchImpl(collection=org.project.neutrino.nfvo.catalogue.mano.record.PhysicalNetworkFunctionRecord.vnffgr, querySpaceUid=<gen:7>, path=org.project.neutrino.nfvo.catalogue.mano.record.PhysicalNetworkFunctionRecord.vnffgr)
             - (collection element) CollectionFetchableElementEntityGraph(entity=org.project.neutrino.nfvo.catalogue.mano.record.VNFForwardingGraphRecord, querySpaceUid=<gen:8>, path=org.project.neutrino.nfvo.catalogue.mano.record.PhysicalNetworkFunctionRecord.vnffgr.<elements>)
    - QuerySpaces
       - EntityQuerySpaceImpl(uid=<gen:0>, entity=org.project.neutrino.nfvo.catalogue.mano.record.PhysicalNetworkFunctionRecord)
          - SQL table alias mapping - physicalne0_
          - alias suffix - 0_
          - suffixed key columns - {id1_37_0_}

14:11:16.206 [Test worker] DEBUG o.h.loader.entity.plan.EntityLoader - Static select for entity org.project.neutrino.nfvo.catalogue.mano.record.PhysicalNetworkFunctionRecord [UPGRADE]: select physicalne0_.id as id1_37_0_, physicalne0_.description as descript2_37_0_, physicalne0_.descriptor_reference_id as descript6_37_0_, physicalne0_.oam_reference as oam_refe3_37_0_, physicalne0_.parent_ns_id as parent_n7_37_0_, physicalne0_.vendor as vendor4_37_0_, physicalne0_.version as version5_37_0_ from physical_network_function_record physicalne0_ where physicalne0_.id=? for update
14:11:16.206 [Test worker] DEBUG o.h.l.p.b.i.spaces.QuerySpacesImpl - Adding QuerySpace : uid = <gen:0> -> org.hibernate.loader.plan.build.internal.spaces.EntityQuerySpaceImpl@46b7c4a0]
14:11:16.206 [Test worker] DEBUG o.h.p.w.spi.MetamodelGraphWalker - Visiting attribute path : connected_virtual_link
14:11:16.206 [Test worker] DEBUG o.h.l.p.b.i.spaces.QuerySpacesImpl - Adding QuerySpace : uid = <gen:1> -> org.hibernate.loader.plan.build.internal.spaces.CollectionQuerySpaceImpl@1c99af01]
14:11:16.206 [Test worker] DEBUG o.h.l.p.b.i.spaces.QuerySpacesImpl - Adding QuerySpace : uid = <gen:2> -> org.hibernate.loader.plan.build.internal.spaces.EntityQuerySpaceImpl@2db07952]
14:11:16.206 [Test worker] DEBUG o.h.p.w.spi.MetamodelGraphWalker - Visiting attribute path : connection_point
14:11:16.206 [Test worker] DEBUG o.h.l.p.b.i.spaces.QuerySpacesImpl - Adding QuerySpace : uid = <gen:3> -> org.hibernate.loader.plan.build.internal.spaces.CollectionQuerySpaceImpl@1ced0ded]
14:11:16.206 [Test worker] DEBUG o.h.l.p.b.i.spaces.QuerySpacesImpl - Adding QuerySpace : uid = <gen:4> -> org.hibernate.loader.plan.build.internal.spaces.EntityQuerySpaceImpl@f2d5171]
14:11:16.206 [Test worker] DEBUG o.h.p.w.spi.MetamodelGraphWalker - Visiting attribute path : description
14:11:16.206 [Test worker] DEBUG o.h.p.w.spi.MetamodelGraphWalker - Visiting attribute path : descriptor_reference
14:11:16.206 [Test worker] DEBUG o.h.l.p.b.i.spaces.QuerySpacesImpl - Adding QuerySpace : uid = <gen:5> -> org.hibernate.loader.plan.build.internal.spaces.EntityQuerySpaceImpl@683dd97f]
14:11:16.206 [Test worker] DEBUG o.h.p.w.spi.MetamodelGraphWalker - Visiting attribute path : oam_reference
14:11:16.207 [Test worker] DEBUG o.h.p.w.spi.MetamodelGraphWalker - Visiting attribute path : parent_ns
14:11:16.207 [Test worker] DEBUG o.h.l.p.b.i.spaces.QuerySpacesImpl - Adding QuerySpace : uid = <gen:6> -> org.hibernate.loader.plan.build.internal.spaces.EntityQuerySpaceImpl@34925650]
14:11:16.207 [Test worker] DEBUG o.h.p.w.spi.MetamodelGraphWalker - Visiting attribute path : pnf_address
14:11:16.207 [Test worker] DEBUG o.h.p.w.spi.MetamodelGraphWalker - Visiting attribute path : vendor
14:11:16.207 [Test worker] DEBUG o.h.p.w.spi.MetamodelGraphWalker - Visiting attribute path : version
14:11:16.207 [Test worker] DEBUG o.h.p.w.spi.MetamodelGraphWalker - Visiting attribute path : vnffgr
14:11:16.207 [Test worker] DEBUG o.h.l.p.b.i.spaces.QuerySpacesImpl - Adding QuerySpace : uid = <gen:7> -> org.hibernate.loader.plan.build.internal.spaces.CollectionQuerySpaceImpl@7360b926]
14:11:16.207 [Test worker] DEBUG o.h.l.p.b.i.spaces.QuerySpacesImpl - Adding QuerySpace : uid = <gen:8> -> org.hibernate.loader.plan.build.internal.spaces.EntityQuerySpaceImpl@531ba8f7]
14:11:16.207 [Test worker] DEBUG o.h.l.p.b.i.FetchStyleLoadPlanBuildingAssociationVisitationStrategy - Building LoadPlan...
14:11:16.207 [Test worker] DEBUG o.h.l.p.e.i.LoadQueryJoinAndFetchProcessor - processing queryspace <gen:0>
14:11:16.207 [Test worker] DEBUG o.h.l.p.b.spi.LoadPlanTreePrinter - LoadPlan(entity=org.project.neutrino.nfvo.catalogue.mano.record.PhysicalNetworkFunctionRecord)
    - Returns
       - EntityReturnImpl(entity=org.project.neutrino.nfvo.catalogue.mano.record.PhysicalNetworkFunctionRecord, querySpaceUid=<gen:0>, path=org.project.neutrino.nfvo.catalogue.mano.record.PhysicalNetworkFunctionRecord)
          - CollectionAttributeFetchImpl(collection=org.project.neutrino.nfvo.catalogue.mano.record.PhysicalNetworkFunctionRecord.connected_virtual_link, querySpaceUid=<gen:1>, path=org.project.neutrino.nfvo.catalogue.mano.record.PhysicalNetworkFunctionRecord.connected_virtual_link)
             - (collection element) CollectionFetchableElementEntityGraph(entity=org.project.neutrino.nfvo.catalogue.mano.record.VirtualLinkRecord, querySpaceUid=<gen:2>, path=org.project.neutrino.nfvo.catalogue.mano.record.PhysicalNetworkFunctionRecord.connected_virtual_link.<elements>)
          - CollectionAttributeFetchImpl(collection=org.project.neutrino.nfvo.catalogue.mano.record.PhysicalNetworkFunctionRecord.connection_point, querySpaceUid=<gen:3>, path=org.project.neutrino.nfvo.catalogue.mano.record.PhysicalNetworkFunctionRecord.connection_point)
             - (collection element) CollectionFetchableElementEntityGraph(entity=org.project.neutrino.nfvo.catalogue.mano.common.ConnectionPoint, querySpaceUid=<gen:4>, path=org.project.neutrino.nfvo.catalogue.mano.record.PhysicalNetworkFunctionRecord.connection_point.<elements>)
          - EntityAttributeFetchImpl(entity=org.project.neutrino.nfvo.catalogue.mano.descriptor.PhysicalNetworkFunctionDescriptor, querySpaceUid=<gen:5>, path=org.project.neutrino.nfvo.catalogue.mano.record.PhysicalNetworkFunctionRecord.descriptor_reference)
          - EntityAttributeFetchImpl(entity=org.project.neutrino.nfvo.catalogue.mano.record.NetworkServiceRecord, querySpaceUid=<gen:6>, path=org.project.neutrino.nfvo.catalogue.mano.record.PhysicalNetworkFunctionRecord.parent_ns)
          - CollectionAttributeFetchImpl(collection=org.project.neutrino.nfvo.catalogue.mano.record.PhysicalNetworkFunctionRecord.vnffgr, querySpaceUid=<gen:7>, path=org.project.neutrino.nfvo.catalogue.mano.record.PhysicalNetworkFunctionRecord.vnffgr)
             - (collection element) CollectionFetchableElementEntityGraph(entity=org.project.neutrino.nfvo.catalogue.mano.record.VNFForwardingGraphRecord, querySpaceUid=<gen:8>, path=org.project.neutrino.nfvo.catalogue.mano.record.PhysicalNetworkFunctionRecord.vnffgr.<elements>)
    - QuerySpaces
       - EntityQuerySpaceImpl(uid=<gen:0>, entity=org.project.neutrino.nfvo.catalogue.mano.record.PhysicalNetworkFunctionRecord)
          - SQL table alias mapping - physicalne0_
          - alias suffix - 0_
          - suffixed key columns - {id1_37_0_}

14:11:16.207 [Test worker] DEBUG o.h.loader.entity.plan.EntityLoader - Static select for entity org.project.neutrino.nfvo.catalogue.mano.record.PhysicalNetworkFunctionRecord [UPGRADE_NOWAIT]: select physicalne0_.id as id1_37_0_, physicalne0_.description as descript2_37_0_, physicalne0_.descriptor_reference_id as descript6_37_0_, physicalne0_.oam_reference as oam_refe3_37_0_, physicalne0_.parent_ns_id as parent_n7_37_0_, physicalne0_.vendor as vendor4_37_0_, physicalne0_.version as version5_37_0_ from physical_network_function_record physicalne0_ where physicalne0_.id=? for update
14:11:16.208 [Test worker] DEBUG o.h.l.p.b.i.spaces.QuerySpacesImpl - Adding QuerySpace : uid = <gen:0> -> org.hibernate.loader.plan.build.internal.spaces.EntityQuerySpaceImpl@3cf21ac1]
14:11:16.208 [Test worker] DEBUG o.h.p.w.spi.MetamodelGraphWalker - Visiting attribute path : connected_virtual_link
14:11:16.208 [Test worker] DEBUG o.h.l.p.b.i.spaces.QuerySpacesImpl - Adding QuerySpace : uid = <gen:1> -> org.hibernate.loader.plan.build.internal.spaces.CollectionQuerySpaceImpl@2f552dde]
14:11:16.208 [Test worker] DEBUG o.h.l.p.b.i.spaces.QuerySpacesImpl - Adding QuerySpace : uid = <gen:2> -> org.hibernate.loader.plan.build.internal.spaces.EntityQuerySpaceImpl@1366219]
14:11:16.208 [Test worker] DEBUG o.h.p.w.spi.MetamodelGraphWalker - Visiting attribute path : connection_point
14:11:16.208 [Test worker] DEBUG o.h.l.p.b.i.spaces.QuerySpacesImpl - Adding QuerySpace : uid = <gen:3> -> org.hibernate.loader.plan.build.internal.spaces.CollectionQuerySpaceImpl@196257ee]
14:11:16.208 [Test worker] DEBUG o.h.l.p.b.i.spaces.QuerySpacesImpl - Adding QuerySpace : uid = <gen:4> -> org.hibernate.loader.plan.build.internal.spaces.EntityQuerySpaceImpl@77ad747]
14:11:16.208 [Test worker] DEBUG o.h.p.w.spi.MetamodelGraphWalker - Visiting attribute path : description
14:11:16.208 [Test worker] DEBUG o.h.p.w.spi.MetamodelGraphWalker - Visiting attribute path : descriptor_reference
14:11:16.208 [Test worker] DEBUG o.h.l.p.b.i.spaces.QuerySpacesImpl - Adding QuerySpace : uid = <gen:5> -> org.hibernate.loader.plan.build.internal.spaces.EntityQuerySpaceImpl@11cb7a27]
14:11:16.208 [Test worker] DEBUG o.h.p.w.spi.MetamodelGraphWalker - Visiting attribute path : oam_reference
14:11:16.208 [Test worker] DEBUG o.h.p.w.spi.MetamodelGraphWalker - Visiting attribute path : parent_ns
14:11:16.208 [Test worker] DEBUG o.h.l.p.b.i.spaces.QuerySpacesImpl - Adding QuerySpace : uid = <gen:6> -> org.hibernate.loader.plan.build.internal.spaces.EntityQuerySpaceImpl@45c09f91]
14:11:16.208 [Test worker] DEBUG o.h.p.w.spi.MetamodelGraphWalker - Visiting attribute path : pnf_address
14:11:16.208 [Test worker] DEBUG o.h.p.w.spi.MetamodelGraphWalker - Visiting attribute path : vendor
14:11:16.208 [Test worker] DEBUG o.h.p.w.spi.MetamodelGraphWalker - Visiting attribute path : version
14:11:16.208 [Test worker] DEBUG o.h.p.w.spi.MetamodelGraphWalker - Visiting attribute path : vnffgr
14:11:16.208 [Test worker] DEBUG o.h.l.p.b.i.spaces.QuerySpacesImpl - Adding QuerySpace : uid = <gen:7> -> org.hibernate.loader.plan.build.internal.spaces.CollectionQuerySpaceImpl@692c0c5d]
14:11:16.208 [Test worker] DEBUG o.h.l.p.b.i.spaces.QuerySpacesImpl - Adding QuerySpace : uid = <gen:8> -> org.hibernate.loader.plan.build.internal.spaces.EntityQuerySpaceImpl@4adfe39c]
14:11:16.208 [Test worker] DEBUG o.h.l.p.b.i.FetchStyleLoadPlanBuildingAssociationVisitationStrategy - Building LoadPlan...
14:11:16.208 [Test worker] DEBUG o.h.l.p.e.i.LoadQueryJoinAndFetchProcessor - processing queryspace <gen:0>
14:11:16.209 [Test worker] DEBUG o.h.l.p.b.spi.LoadPlanTreePrinter - LoadPlan(entity=org.project.neutrino.nfvo.catalogue.mano.record.PhysicalNetworkFunctionRecord)
    - Returns
       - EntityReturnImpl(entity=org.project.neutrino.nfvo.catalogue.mano.record.PhysicalNetworkFunctionRecord, querySpaceUid=<gen:0>, path=org.project.neutrino.nfvo.catalogue.mano.record.PhysicalNetworkFunctionRecord)
          - CollectionAttributeFetchImpl(collection=org.project.neutrino.nfvo.catalogue.mano.record.PhysicalNetworkFunctionRecord.connected_virtual_link, querySpaceUid=<gen:1>, path=org.project.neutrino.nfvo.catalogue.mano.record.PhysicalNetworkFunctionRecord.connected_virtual_link)
             - (collection element) CollectionFetchableElementEntityGraph(entity=org.project.neutrino.nfvo.catalogue.mano.record.VirtualLinkRecord, querySpaceUid=<gen:2>, path=org.project.neutrino.nfvo.catalogue.mano.record.PhysicalNetworkFunctionRecord.connected_virtual_link.<elements>)
          - CollectionAttributeFetchImpl(collection=org.project.neutrino.nfvo.catalogue.mano.record.PhysicalNetworkFunctionRecord.connection_point, querySpaceUid=<gen:3>, path=org.project.neutrino.nfvo.catalogue.mano.record.PhysicalNetworkFunctionRecord.connection_point)
             - (collection element) CollectionFetchableElementEntityGraph(entity=org.project.neutrino.nfvo.catalogue.mano.common.ConnectionPoint, querySpaceUid=<gen:4>, path=org.project.neutrino.nfvo.catalogue.mano.record.PhysicalNetworkFunctionRecord.connection_point.<elements>)
          - EntityAttributeFetchImpl(entity=org.project.neutrino.nfvo.catalogue.mano.descriptor.PhysicalNetworkFunctionDescriptor, querySpaceUid=<gen:5>, path=org.project.neutrino.nfvo.catalogue.mano.record.PhysicalNetworkFunctionRecord.descriptor_reference)
          - EntityAttributeFetchImpl(entity=org.project.neutrino.nfvo.catalogue.mano.record.NetworkServiceRecord, querySpaceUid=<gen:6>, path=org.project.neutrino.nfvo.catalogue.mano.record.PhysicalNetworkFunctionRecord.parent_ns)
          - CollectionAttributeFetchImpl(collection=org.project.neutrino.nfvo.catalogue.mano.record.PhysicalNetworkFunctionRecord.vnffgr, querySpaceUid=<gen:7>, path=org.project.neutrino.nfvo.catalogue.mano.record.PhysicalNetworkFunctionRecord.vnffgr)
             - (collection element) CollectionFetchableElementEntityGraph(entity=org.project.neutrino.nfvo.catalogue.mano.record.VNFForwardingGraphRecord, querySpaceUid=<gen:8>, path=org.project.neutrino.nfvo.catalogue.mano.record.PhysicalNetworkFunctionRecord.vnffgr.<elements>)
    - QuerySpaces
       - EntityQuerySpaceImpl(uid=<gen:0>, entity=org.project.neutrino.nfvo.catalogue.mano.record.PhysicalNetworkFunctionRecord)
          - SQL table alias mapping - physicalne0_
          - alias suffix - 0_
          - suffixed key columns - {id1_37_0_}

14:11:16.209 [Test worker] DEBUG o.h.loader.entity.plan.EntityLoader - Static select for entity org.project.neutrino.nfvo.catalogue.mano.record.PhysicalNetworkFunctionRecord [UPGRADE_SKIPLOCKED]: select physicalne0_.id as id1_37_0_, physicalne0_.description as descript2_37_0_, physicalne0_.descriptor_reference_id as descript6_37_0_, physicalne0_.oam_reference as oam_refe3_37_0_, physicalne0_.parent_ns_id as parent_n7_37_0_, physicalne0_.vendor as vendor4_37_0_, physicalne0_.version as version5_37_0_ from physical_network_function_record physicalne0_ where physicalne0_.id=? for update
14:11:16.209 [Test worker] DEBUG o.h.l.p.b.i.spaces.QuerySpacesImpl - Adding QuerySpace : uid = <gen:0> -> org.hibernate.loader.plan.build.internal.spaces.EntityQuerySpaceImpl@30d83d2b]
14:11:16.209 [Test worker] DEBUG o.h.p.w.spi.MetamodelGraphWalker - Visiting attribute path : connected_virtual_link
14:11:16.209 [Test worker] DEBUG o.h.l.p.b.i.spaces.QuerySpacesImpl - Adding QuerySpace : uid = <gen:1> -> org.hibernate.loader.plan.build.internal.spaces.CollectionQuerySpaceImpl@51cc1b24]
14:11:16.209 [Test worker] DEBUG o.h.l.p.b.i.spaces.QuerySpacesImpl - Adding QuerySpace : uid = <gen:2> -> org.hibernate.loader.plan.build.internal.spaces.EntityQuerySpaceImpl@2f0a0270]
14:11:16.209 [Test worker] DEBUG o.h.p.w.spi.MetamodelGraphWalker - Visiting attribute path : connection_point
14:11:16.209 [Test worker] DEBUG o.h.l.p.b.i.spaces.QuerySpacesImpl - Adding QuerySpace : uid = <gen:3> -> org.hibernate.loader.plan.build.internal.spaces.CollectionQuerySpaceImpl@3a261f30]
14:11:16.209 [Test worker] DEBUG o.h.l.p.b.i.spaces.QuerySpacesImpl - Adding QuerySpace : uid = <gen:4> -> org.hibernate.loader.plan.build.internal.spaces.EntityQuerySpaceImpl@1cc9a623]
14:11:16.209 [Test worker] DEBUG o.h.p.w.spi.MetamodelGraphWalker - Visiting attribute path : description
14:11:16.209 [Test worker] DEBUG o.h.p.w.spi.MetamodelGraphWalker - Visiting attribute path : descriptor_reference
14:11:16.209 [Test worker] DEBUG o.h.l.p.b.i.spaces.QuerySpacesImpl - Adding QuerySpace : uid = <gen:5> -> org.hibernate.loader.plan.build.internal.spaces.EntityQuerySpaceImpl@7aba5298]
14:11:16.209 [Test worker] DEBUG o.h.p.w.spi.MetamodelGraphWalker - Visiting attribute path : oam_reference
14:11:16.209 [Test worker] DEBUG o.h.p.w.spi.MetamodelGraphWalker - Visiting attribute path : parent_ns
14:11:16.209 [Test worker] DEBUG o.h.l.p.b.i.spaces.QuerySpacesImpl - Adding QuerySpace : uid = <gen:6> -> org.hibernate.loader.plan.build.internal.spaces.EntityQuerySpaceImpl@5e84b81a]
14:11:16.209 [Test worker] DEBUG o.h.p.w.spi.MetamodelGraphWalker - Visiting attribute path : pnf_address
14:11:16.209 [Test worker] DEBUG o.h.p.w.spi.MetamodelGraphWalker - Visiting attribute path : vendor
14:11:16.209 [Test worker] DEBUG o.h.p.w.spi.MetamodelGraphWalker - Visiting attribute path : version
14:11:16.209 [Test worker] DEBUG o.h.p.w.spi.MetamodelGraphWalker - Visiting attribute path : vnffgr
14:11:16.209 [Test worker] DEBUG o.h.l.p.b.i.spaces.QuerySpacesImpl - Adding QuerySpace : uid = <gen:7> -> org.hibernate.loader.plan.build.internal.spaces.CollectionQuerySpaceImpl@5b52e370]
14:11:16.209 [Test worker] DEBUG o.h.l.p.b.i.spaces.QuerySpacesImpl - Adding QuerySpace : uid = <gen:8> -> org.hibernate.loader.plan.build.internal.spaces.EntityQuerySpaceImpl@1ed1fce7]
14:11:16.209 [Test worker] DEBUG o.h.l.p.b.i.FetchStyleLoadPlanBuildingAssociationVisitationStrategy - Building LoadPlan...
14:11:16.209 [Test worker] DEBUG o.h.l.p.e.i.LoadQueryJoinAndFetchProcessor - processing queryspace <gen:0>
14:11:16.210 [Test worker] DEBUG o.h.l.p.b.spi.LoadPlanTreePrinter - LoadPlan(entity=org.project.neutrino.nfvo.catalogue.mano.record.PhysicalNetworkFunctionRecord)
    - Returns
       - EntityReturnImpl(entity=org.project.neutrino.nfvo.catalogue.mano.record.PhysicalNetworkFunctionRecord, querySpaceUid=<gen:0>, path=org.project.neutrino.nfvo.catalogue.mano.record.PhysicalNetworkFunctionRecord)
          - CollectionAttributeFetchImpl(collection=org.project.neutrino.nfvo.catalogue.mano.record.PhysicalNetworkFunctionRecord.connected_virtual_link, querySpaceUid=<gen:1>, path=org.project.neutrino.nfvo.catalogue.mano.record.PhysicalNetworkFunctionRecord.connected_virtual_link)
             - (collection element) CollectionFetchableElementEntityGraph(entity=org.project.neutrino.nfvo.catalogue.mano.record.VirtualLinkRecord, querySpaceUid=<gen:2>, path=org.project.neutrino.nfvo.catalogue.mano.record.PhysicalNetworkFunctionRecord.connected_virtual_link.<elements>)
          - CollectionAttributeFetchImpl(collection=org.project.neutrino.nfvo.catalogue.mano.record.PhysicalNetworkFunctionRecord.connection_point, querySpaceUid=<gen:3>, path=org.project.neutrino.nfvo.catalogue.mano.record.PhysicalNetworkFunctionRecord.connection_point)
             - (collection element) CollectionFetchableElementEntityGraph(entity=org.project.neutrino.nfvo.catalogue.mano.common.ConnectionPoint, querySpaceUid=<gen:4>, path=org.project.neutrino.nfvo.catalogue.mano.record.PhysicalNetworkFunctionRecord.connection_point.<elements>)
          - EntityAttributeFetchImpl(entity=org.project.neutrino.nfvo.catalogue.mano.descriptor.PhysicalNetworkFunctionDescriptor, querySpaceUid=<gen:5>, path=org.project.neutrino.nfvo.catalogue.mano.record.PhysicalNetworkFunctionRecord.descriptor_reference)
          - EntityAttributeFetchImpl(entity=org.project.neutrino.nfvo.catalogue.mano.record.NetworkServiceRecord, querySpaceUid=<gen:6>, path=org.project.neutrino.nfvo.catalogue.mano.record.PhysicalNetworkFunctionRecord.parent_ns)
          - CollectionAttributeFetchImpl(collection=org.project.neutrino.nfvo.catalogue.mano.record.PhysicalNetworkFunctionRecord.vnffgr, querySpaceUid=<gen:7>, path=org.project.neutrino.nfvo.catalogue.mano.record.PhysicalNetworkFunctionRecord.vnffgr)
             - (collection element) CollectionFetchableElementEntityGraph(entity=org.project.neutrino.nfvo.catalogue.mano.record.VNFForwardingGraphRecord, querySpaceUid=<gen:8>, path=org.project.neutrino.nfvo.catalogue.mano.record.PhysicalNetworkFunctionRecord.vnffgr.<elements>)
    - QuerySpaces
       - EntityQuerySpaceImpl(uid=<gen:0>, entity=org.project.neutrino.nfvo.catalogue.mano.record.PhysicalNetworkFunctionRecord)
          - SQL table alias mapping - physicalne0_
          - alias suffix - 0_
          - suffixed key columns - {id1_37_0_}

14:11:16.210 [Test worker] DEBUG o.h.loader.entity.plan.EntityLoader - Static select for entity org.project.neutrino.nfvo.catalogue.mano.record.PhysicalNetworkFunctionRecord [FORCE]: select physicalne0_.id as id1_37_0_, physicalne0_.description as descript2_37_0_, physicalne0_.descriptor_reference_id as descript6_37_0_, physicalne0_.oam_reference as oam_refe3_37_0_, physicalne0_.parent_ns_id as parent_n7_37_0_, physicalne0_.vendor as vendor4_37_0_, physicalne0_.version as version5_37_0_ from physical_network_function_record physicalne0_ where physicalne0_.id=? for update
14:11:16.210 [Test worker] DEBUG o.h.l.p.b.i.spaces.QuerySpacesImpl - Adding QuerySpace : uid = <gen:0> -> org.hibernate.loader.plan.build.internal.spaces.EntityQuerySpaceImpl@6c32b17f]
14:11:16.210 [Test worker] DEBUG o.h.p.w.spi.MetamodelGraphWalker - Visiting attribute path : connected_virtual_link
14:11:16.210 [Test worker] DEBUG o.h.l.p.b.i.spaces.QuerySpacesImpl - Adding QuerySpace : uid = <gen:1> -> org.hibernate.loader.plan.build.internal.spaces.CollectionQuerySpaceImpl@36554b52]
14:11:16.210 [Test worker] DEBUG o.h.l.p.b.i.spaces.QuerySpacesImpl - Adding QuerySpace : uid = <gen:2> -> org.hibernate.loader.plan.build.internal.spaces.EntityQuerySpaceImpl@19c4105c]
14:11:16.210 [Test worker] DEBUG o.h.p.w.spi.MetamodelGraphWalker - Visiting attribute path : connection_point
14:11:16.210 [Test worker] DEBUG o.h.l.p.b.i.spaces.QuerySpacesImpl - Adding QuerySpace : uid = <gen:3> -> org.hibernate.loader.plan.build.internal.spaces.CollectionQuerySpaceImpl@170e153b]
14:11:16.210 [Test worker] DEBUG o.h.l.p.b.i.spaces.QuerySpacesImpl - Adding QuerySpace : uid = <gen:4> -> org.hibernate.loader.plan.build.internal.spaces.EntityQuerySpaceImpl@1d93e050]
14:11:16.210 [Test worker] DEBUG o.h.p.w.spi.MetamodelGraphWalker - Visiting attribute path : description
14:11:16.211 [Test worker] DEBUG o.h.p.w.spi.MetamodelGraphWalker - Visiting attribute path : descriptor_reference
14:11:16.211 [Test worker] DEBUG o.h.l.p.b.i.spaces.QuerySpacesImpl - Adding QuerySpace : uid = <gen:5> -> org.hibernate.loader.plan.build.internal.spaces.EntityQuerySpaceImpl@576bb35b]
14:11:16.211 [Test worker] DEBUG o.h.p.w.spi.MetamodelGraphWalker - Visiting attribute path : oam_reference
14:11:16.211 [Test worker] DEBUG o.h.p.w.spi.MetamodelGraphWalker - Visiting attribute path : parent_ns
14:11:16.211 [Test worker] DEBUG o.h.l.p.b.i.spaces.QuerySpacesImpl - Adding QuerySpace : uid = <gen:6> -> org.hibernate.loader.plan.build.internal.spaces.EntityQuerySpaceImpl@5fcc4833]
14:11:16.211 [Test worker] DEBUG o.h.p.w.spi.MetamodelGraphWalker - Visiting attribute path : pnf_address
14:11:16.211 [Test worker] DEBUG o.h.p.w.spi.MetamodelGraphWalker - Visiting attribute path : vendor
14:11:16.211 [Test worker] DEBUG o.h.p.w.spi.MetamodelGraphWalker - Visiting attribute path : version
14:11:16.211 [Test worker] DEBUG o.h.p.w.spi.MetamodelGraphWalker - Visiting attribute path : vnffgr
14:11:16.211 [Test worker] DEBUG o.h.l.p.b.i.spaces.QuerySpacesImpl - Adding QuerySpace : uid = <gen:7> -> org.hibernate.loader.plan.build.internal.spaces.CollectionQuerySpaceImpl@5c983d67]
14:11:16.211 [Test worker] DEBUG o.h.l.p.b.i.spaces.QuerySpacesImpl - Adding QuerySpace : uid = <gen:8> -> org.hibernate.loader.plan.build.internal.spaces.EntityQuerySpaceImpl@ee764af]
14:11:16.211 [Test worker] DEBUG o.h.l.p.b.i.FetchStyleLoadPlanBuildingAssociationVisitationStrategy - Building LoadPlan...
14:11:16.211 [Test worker] DEBUG o.h.l.p.e.i.LoadQueryJoinAndFetchProcessor - processing queryspace <gen:0>
14:11:16.212 [Test worker] DEBUG o.h.l.p.b.spi.LoadPlanTreePrinter - LoadPlan(entity=org.project.neutrino.nfvo.catalogue.mano.record.PhysicalNetworkFunctionRecord)
    - Returns
       - EntityReturnImpl(entity=org.project.neutrino.nfvo.catalogue.mano.record.PhysicalNetworkFunctionRecord, querySpaceUid=<gen:0>, path=org.project.neutrino.nfvo.catalogue.mano.record.PhysicalNetworkFunctionRecord)
          - CollectionAttributeFetchImpl(collection=org.project.neutrino.nfvo.catalogue.mano.record.PhysicalNetworkFunctionRecord.connected_virtual_link, querySpaceUid=<gen:1>, path=org.project.neutrino.nfvo.catalogue.mano.record.PhysicalNetworkFunctionRecord.connected_virtual_link)
             - (collection element) CollectionFetchableElementEntityGraph(entity=org.project.neutrino.nfvo.catalogue.mano.record.VirtualLinkRecord, querySpaceUid=<gen:2>, path=org.project.neutrino.nfvo.catalogue.mano.record.PhysicalNetworkFunctionRecord.connected_virtual_link.<elements>)
          - CollectionAttributeFetchImpl(collection=org.project.neutrino.nfvo.catalogue.mano.record.PhysicalNetworkFunctionRecord.connection_point, querySpaceUid=<gen:3>, path=org.project.neutrino.nfvo.catalogue.mano.record.PhysicalNetworkFunctionRecord.connection_point)
             - (collection element) CollectionFetchableElementEntityGraph(entity=org.project.neutrino.nfvo.catalogue.mano.common.ConnectionPoint, querySpaceUid=<gen:4>, path=org.project.neutrino.nfvo.catalogue.mano.record.PhysicalNetworkFunctionRecord.connection_point.<elements>)
          - EntityAttributeFetchImpl(entity=org.project.neutrino.nfvo.catalogue.mano.descriptor.PhysicalNetworkFunctionDescriptor, querySpaceUid=<gen:5>, path=org.project.neutrino.nfvo.catalogue.mano.record.PhysicalNetworkFunctionRecord.descriptor_reference)
          - EntityAttributeFetchImpl(entity=org.project.neutrino.nfvo.catalogue.mano.record.NetworkServiceRecord, querySpaceUid=<gen:6>, path=org.project.neutrino.nfvo.catalogue.mano.record.PhysicalNetworkFunctionRecord.parent_ns)
          - CollectionAttributeFetchImpl(collection=org.project.neutrino.nfvo.catalogue.mano.record.PhysicalNetworkFunctionRecord.vnffgr, querySpaceUid=<gen:7>, path=org.project.neutrino.nfvo.catalogue.mano.record.PhysicalNetworkFunctionRecord.vnffgr)
             - (collection element) CollectionFetchableElementEntityGraph(entity=org.project.neutrino.nfvo.catalogue.mano.record.VNFForwardingGraphRecord, querySpaceUid=<gen:8>, path=org.project.neutrino.nfvo.catalogue.mano.record.PhysicalNetworkFunctionRecord.vnffgr.<elements>)
    - QuerySpaces
       - EntityQuerySpaceImpl(uid=<gen:0>, entity=org.project.neutrino.nfvo.catalogue.mano.record.PhysicalNetworkFunctionRecord)
          - SQL table alias mapping - physicalne0_
          - alias suffix - 0_
          - suffixed key columns - {id1_37_0_}

14:11:16.212 [Test worker] DEBUG o.h.loader.entity.plan.EntityLoader - Static select for entity org.project.neutrino.nfvo.catalogue.mano.record.PhysicalNetworkFunctionRecord [PESSIMISTIC_READ]: select physicalne0_.id as id1_37_0_, physicalne0_.description as descript2_37_0_, physicalne0_.descriptor_reference_id as descript6_37_0_, physicalne0_.oam_reference as oam_refe3_37_0_, physicalne0_.parent_ns_id as parent_n7_37_0_, physicalne0_.vendor as vendor4_37_0_, physicalne0_.version as version5_37_0_ from physical_network_function_record physicalne0_ where physicalne0_.id=? lock in share mode
14:11:16.212 [Test worker] DEBUG o.h.l.p.b.i.spaces.QuerySpacesImpl - Adding QuerySpace : uid = <gen:0> -> org.hibernate.loader.plan.build.internal.spaces.EntityQuerySpaceImpl@798324cd]
14:11:16.212 [Test worker] DEBUG o.h.p.w.spi.MetamodelGraphWalker - Visiting attribute path : connected_virtual_link
14:11:16.212 [Test worker] DEBUG o.h.l.p.b.i.spaces.QuerySpacesImpl - Adding QuerySpace : uid = <gen:1> -> org.hibernate.loader.plan.build.internal.spaces.CollectionQuerySpaceImpl@3e25dacc]
14:11:16.212 [Test worker] DEBUG o.h.l.p.b.i.spaces.QuerySpacesImpl - Adding QuerySpace : uid = <gen:2> -> org.hibernate.loader.plan.build.internal.spaces.EntityQuerySpaceImpl@273fa6f4]
14:11:16.212 [Test worker] DEBUG o.h.p.w.spi.MetamodelGraphWalker - Visiting attribute path : connection_point
14:11:16.212 [Test worker] DEBUG o.h.l.p.b.i.spaces.QuerySpacesImpl - Adding QuerySpace : uid = <gen:3> -> org.hibernate.loader.plan.build.internal.spaces.CollectionQuerySpaceImpl@43e9f14d]
14:11:16.212 [Test worker] DEBUG o.h.l.p.b.i.spaces.QuerySpacesImpl - Adding QuerySpace : uid = <gen:4> -> org.hibernate.loader.plan.build.internal.spaces.EntityQuerySpaceImpl@33e11910]
14:11:16.212 [Test worker] DEBUG o.h.p.w.spi.MetamodelGraphWalker - Visiting attribute path : description
14:11:16.212 [Test worker] DEBUG o.h.p.w.spi.MetamodelGraphWalker - Visiting attribute path : descriptor_reference
14:11:16.212 [Test worker] DEBUG o.h.l.p.b.i.spaces.QuerySpacesImpl - Adding QuerySpace : uid = <gen:5> -> org.hibernate.loader.plan.build.internal.spaces.EntityQuerySpaceImpl@7f34840b]
14:11:16.212 [Test worker] DEBUG o.h.p.w.spi.MetamodelGraphWalker - Visiting attribute path : oam_reference
14:11:16.212 [Test worker] DEBUG o.h.p.w.spi.MetamodelGraphWalker - Visiting attribute path : parent_ns
14:11:16.212 [Test worker] DEBUG o.h.l.p.b.i.spaces.QuerySpacesImpl - Adding QuerySpace : uid = <gen:6> -> org.hibernate.loader.plan.build.internal.spaces.EntityQuerySpaceImpl@50c92f6b]
14:11:16.212 [Test worker] DEBUG o.h.p.w.spi.MetamodelGraphWalker - Visiting attribute path : pnf_address
14:11:16.212 [Test worker] DEBUG o.h.p.w.spi.MetamodelGraphWalker - Visiting attribute path : vendor
14:11:16.212 [Test worker] DEBUG o.h.p.w.spi.MetamodelGraphWalker - Visiting attribute path : version
14:11:16.212 [Test worker] DEBUG o.h.p.w.spi.MetamodelGraphWalker - Visiting attribute path : vnffgr
14:11:16.212 [Test worker] DEBUG o.h.l.p.b.i.spaces.QuerySpacesImpl - Adding QuerySpace : uid = <gen:7> -> org.hibernate.loader.plan.build.internal.spaces.CollectionQuerySpaceImpl@4848433c]
14:11:16.212 [Test worker] DEBUG o.h.l.p.b.i.spaces.QuerySpacesImpl - Adding QuerySpace : uid = <gen:8> -> org.hibernate.loader.plan.build.internal.spaces.EntityQuerySpaceImpl@363d37]
14:11:16.212 [Test worker] DEBUG o.h.l.p.b.i.FetchStyleLoadPlanBuildingAssociationVisitationStrategy - Building LoadPlan...
14:11:16.212 [Test worker] DEBUG o.h.l.p.e.i.LoadQueryJoinAndFetchProcessor - processing queryspace <gen:0>
14:11:16.212 [Test worker] DEBUG o.h.l.p.b.spi.LoadPlanTreePrinter - LoadPlan(entity=org.project.neutrino.nfvo.catalogue.mano.record.PhysicalNetworkFunctionRecord)
    - Returns
       - EntityReturnImpl(entity=org.project.neutrino.nfvo.catalogue.mano.record.PhysicalNetworkFunctionRecord, querySpaceUid=<gen:0>, path=org.project.neutrino.nfvo.catalogue.mano.record.PhysicalNetworkFunctionRecord)
          - CollectionAttributeFetchImpl(collection=org.project.neutrino.nfvo.catalogue.mano.record.PhysicalNetworkFunctionRecord.connected_virtual_link, querySpaceUid=<gen:1>, path=org.project.neutrino.nfvo.catalogue.mano.record.PhysicalNetworkFunctionRecord.connected_virtual_link)
             - (collection element) CollectionFetchableElementEntityGraph(entity=org.project.neutrino.nfvo.catalogue.mano.record.VirtualLinkRecord, querySpaceUid=<gen:2>, path=org.project.neutrino.nfvo.catalogue.mano.record.PhysicalNetworkFunctionRecord.connected_virtual_link.<elements>)
          - CollectionAttributeFetchImpl(collection=org.project.neutrino.nfvo.catalogue.mano.record.PhysicalNetworkFunctionRecord.connection_point, querySpaceUid=<gen:3>, path=org.project.neutrino.nfvo.catalogue.mano.record.PhysicalNetworkFunctionRecord.connection_point)
             - (collection element) CollectionFetchableElementEntityGraph(entity=org.project.neutrino.nfvo.catalogue.mano.common.ConnectionPoint, querySpaceUid=<gen:4>, path=org.project.neutrino.nfvo.catalogue.mano.record.PhysicalNetworkFunctionRecord.connection_point.<elements>)
          - EntityAttributeFetchImpl(entity=org.project.neutrino.nfvo.catalogue.mano.descriptor.PhysicalNetworkFunctionDescriptor, querySpaceUid=<gen:5>, path=org.project.neutrino.nfvo.catalogue.mano.record.PhysicalNetworkFunctionRecord.descriptor_reference)
          - EntityAttributeFetchImpl(entity=org.project.neutrino.nfvo.catalogue.mano.record.NetworkServiceRecord, querySpaceUid=<gen:6>, path=org.project.neutrino.nfvo.catalogue.mano.record.PhysicalNetworkFunctionRecord.parent_ns)
          - CollectionAttributeFetchImpl(collection=org.project.neutrino.nfvo.catalogue.mano.record.PhysicalNetworkFunctionRecord.vnffgr, querySpaceUid=<gen:7>, path=org.project.neutrino.nfvo.catalogue.mano.record.PhysicalNetworkFunctionRecord.vnffgr)
             - (collection element) CollectionFetchableElementEntityGraph(entity=org.project.neutrino.nfvo.catalogue.mano.record.VNFForwardingGraphRecord, querySpaceUid=<gen:8>, path=org.project.neutrino.nfvo.catalogue.mano.record.PhysicalNetworkFunctionRecord.vnffgr.<elements>)
    - QuerySpaces
       - EntityQuerySpaceImpl(uid=<gen:0>, entity=org.project.neutrino.nfvo.catalogue.mano.record.PhysicalNetworkFunctionRecord)
          - SQL table alias mapping - physicalne0_
          - alias suffix - 0_
          - suffixed key columns - {id1_37_0_}

14:11:16.212 [Test worker] DEBUG o.h.loader.entity.plan.EntityLoader - Static select for entity org.project.neutrino.nfvo.catalogue.mano.record.PhysicalNetworkFunctionRecord [PESSIMISTIC_WRITE]: select physicalne0_.id as id1_37_0_, physicalne0_.description as descript2_37_0_, physicalne0_.descriptor_reference_id as descript6_37_0_, physicalne0_.oam_reference as oam_refe3_37_0_, physicalne0_.parent_ns_id as parent_n7_37_0_, physicalne0_.vendor as vendor4_37_0_, physicalne0_.version as version5_37_0_ from physical_network_function_record physicalne0_ where physicalne0_.id=? for update
14:11:16.213 [Test worker] DEBUG o.h.l.p.b.i.spaces.QuerySpacesImpl - Adding QuerySpace : uid = <gen:0> -> org.hibernate.loader.plan.build.internal.spaces.EntityQuerySpaceImpl@68ece5fc]
14:11:16.213 [Test worker] DEBUG o.h.p.w.spi.MetamodelGraphWalker - Visiting attribute path : connected_virtual_link
14:11:16.213 [Test worker] DEBUG o.h.l.p.b.i.spaces.QuerySpacesImpl - Adding QuerySpace : uid = <gen:1> -> org.hibernate.loader.plan.build.internal.spaces.CollectionQuerySpaceImpl@194d35d]
14:11:16.213 [Test worker] DEBUG o.h.l.p.b.i.spaces.QuerySpacesImpl - Adding QuerySpace : uid = <gen:2> -> org.hibernate.loader.plan.build.internal.spaces.EntityQuerySpaceImpl@51c07f7a]
14:11:16.213 [Test worker] DEBUG o.h.p.w.spi.MetamodelGraphWalker - Visiting attribute path : connection_point
14:11:16.213 [Test worker] DEBUG o.h.l.p.b.i.spaces.QuerySpacesImpl - Adding QuerySpace : uid = <gen:3> -> org.hibernate.loader.plan.build.internal.spaces.CollectionQuerySpaceImpl@34f14c84]
14:11:16.213 [Test worker] DEBUG o.h.l.p.b.i.spaces.QuerySpacesImpl - Adding QuerySpace : uid = <gen:4> -> org.hibernate.loader.plan.build.internal.spaces.EntityQuerySpaceImpl@4dd68943]
14:11:16.213 [Test worker] DEBUG o.h.p.w.spi.MetamodelGraphWalker - Visiting attribute path : description
14:11:16.213 [Test worker] DEBUG o.h.p.w.spi.MetamodelGraphWalker - Visiting attribute path : descriptor_reference
14:11:16.213 [Test worker] DEBUG o.h.l.p.b.i.spaces.QuerySpacesImpl - Adding QuerySpace : uid = <gen:5> -> org.hibernate.loader.plan.build.internal.spaces.EntityQuerySpaceImpl@3fcdb5a1]
14:11:16.213 [Test worker] DEBUG o.h.p.w.spi.MetamodelGraphWalker - Visiting attribute path : oam_reference
14:11:16.213 [Test worker] DEBUG o.h.p.w.spi.MetamodelGraphWalker - Visiting attribute path : parent_ns
14:11:16.213 [Test worker] DEBUG o.h.l.p.b.i.spaces.QuerySpacesImpl - Adding QuerySpace : uid = <gen:6> -> org.hibernate.loader.plan.build.internal.spaces.EntityQuerySpaceImpl@5a4f7dc0]
14:11:16.213 [Test worker] DEBUG o.h.p.w.spi.MetamodelGraphWalker - Visiting attribute path : pnf_address
14:11:16.213 [Test worker] DEBUG o.h.p.w.spi.MetamodelGraphWalker - Visiting attribute path : vendor
14:11:16.213 [Test worker] DEBUG o.h.p.w.spi.MetamodelGraphWalker - Visiting attribute path : version
14:11:16.213 [Test worker] DEBUG o.h.p.w.spi.MetamodelGraphWalker - Visiting attribute path : vnffgr
14:11:16.213 [Test worker] DEBUG o.h.l.p.b.i.spaces.QuerySpacesImpl - Adding QuerySpace : uid = <gen:7> -> org.hibernate.loader.plan.build.internal.spaces.CollectionQuerySpaceImpl@18c8f692]
14:11:16.213 [Test worker] DEBUG o.h.l.p.b.i.spaces.QuerySpacesImpl - Adding QuerySpace : uid = <gen:8> -> org.hibernate.loader.plan.build.internal.spaces.EntityQuerySpaceImpl@31b3f7f4]
14:11:16.213 [Test worker] DEBUG o.h.l.p.b.i.FetchStyleLoadPlanBuildingAssociationVisitationStrategy - Building LoadPlan...
14:11:16.213 [Test worker] DEBUG o.h.l.p.e.i.LoadQueryJoinAndFetchProcessor - processing queryspace <gen:0>
14:11:16.213 [Test worker] DEBUG o.h.l.p.b.spi.LoadPlanTreePrinter - LoadPlan(entity=org.project.neutrino.nfvo.catalogue.mano.record.PhysicalNetworkFunctionRecord)
    - Returns
       - EntityReturnImpl(entity=org.project.neutrino.nfvo.catalogue.mano.record.PhysicalNetworkFunctionRecord, querySpaceUid=<gen:0>, path=org.project.neutrino.nfvo.catalogue.mano.record.PhysicalNetworkFunctionRecord)
          - CollectionAttributeFetchImpl(collection=org.project.neutrino.nfvo.catalogue.mano.record.PhysicalNetworkFunctionRecord.connected_virtual_link, querySpaceUid=<gen:1>, path=org.project.neutrino.nfvo.catalogue.mano.record.PhysicalNetworkFunctionRecord.connected_virtual_link)
             - (collection element) CollectionFetchableElementEntityGraph(entity=org.project.neutrino.nfvo.catalogue.mano.record.VirtualLinkRecord, querySpaceUid=<gen:2>, path=org.project.neutrino.nfvo.catalogue.mano.record.PhysicalNetworkFunctionRecord.connected_virtual_link.<elements>)
          - CollectionAttributeFetchImpl(collection=org.project.neutrino.nfvo.catalogue.mano.record.PhysicalNetworkFunctionRecord.connection_point, querySpaceUid=<gen:3>, path=org.project.neutrino.nfvo.catalogue.mano.record.PhysicalNetworkFunctionRecord.connection_point)
             - (collection element) CollectionFetchableElementEntityGraph(entity=org.project.neutrino.nfvo.catalogue.mano.common.ConnectionPoint, querySpaceUid=<gen:4>, path=org.project.neutrino.nfvo.catalogue.mano.record.PhysicalNetworkFunctionRecord.connection_point.<elements>)
          - EntityAttributeFetchImpl(entity=org.project.neutrino.nfvo.catalogue.mano.descriptor.PhysicalNetworkFunctionDescriptor, querySpaceUid=<gen:5>, path=org.project.neutrino.nfvo.catalogue.mano.record.PhysicalNetworkFunctionRecord.descriptor_reference)
          - EntityAttributeFetchImpl(entity=org.project.neutrino.nfvo.catalogue.mano.record.NetworkServiceRecord, querySpaceUid=<gen:6>, path=org.project.neutrino.nfvo.catalogue.mano.record.PhysicalNetworkFunctionRecord.parent_ns)
          - CollectionAttributeFetchImpl(collection=org.project.neutrino.nfvo.catalogue.mano.record.PhysicalNetworkFunctionRecord.vnffgr, querySpaceUid=<gen:7>, path=org.project.neutrino.nfvo.catalogue.mano.record.PhysicalNetworkFunctionRecord.vnffgr)
             - (collection element) CollectionFetchableElementEntityGraph(entity=org.project.neutrino.nfvo.catalogue.mano.record.VNFForwardingGraphRecord, querySpaceUid=<gen:8>, path=org.project.neutrino.nfvo.catalogue.mano.record.PhysicalNetworkFunctionRecord.vnffgr.<elements>)
    - QuerySpaces
       - EntityQuerySpaceImpl(uid=<gen:0>, entity=org.project.neutrino.nfvo.catalogue.mano.record.PhysicalNetworkFunctionRecord)
          - SQL table alias mapping - physicalne0_
          - alias suffix - 0_
          - suffixed key columns - {id1_37_0_}

14:11:16.213 [Test worker] DEBUG o.h.loader.entity.plan.EntityLoader - Static select for entity org.project.neutrino.nfvo.catalogue.mano.record.PhysicalNetworkFunctionRecord [PESSIMISTIC_FORCE_INCREMENT]: select physicalne0_.id as id1_37_0_, physicalne0_.description as descript2_37_0_, physicalne0_.descriptor_reference_id as descript6_37_0_, physicalne0_.oam_reference as oam_refe3_37_0_, physicalne0_.parent_ns_id as parent_n7_37_0_, physicalne0_.vendor as vendor4_37_0_, physicalne0_.version as version5_37_0_ from physical_network_function_record physicalne0_ where physicalne0_.id=? for update
14:11:16.213 [Test worker] DEBUG o.h.l.p.b.i.spaces.QuerySpacesImpl - Adding QuerySpace : uid = <gen:0> -> org.hibernate.loader.plan.build.internal.spaces.EntityQuerySpaceImpl@1e5bcdaa]
14:11:16.213 [Test worker] DEBUG o.h.p.w.spi.MetamodelGraphWalker - Visiting attribute path : connected_virtual_link
14:11:16.213 [Test worker] DEBUG o.h.l.p.b.i.spaces.QuerySpacesImpl - Adding QuerySpace : uid = <gen:1> -> org.hibernate.loader.plan.build.internal.spaces.CollectionQuerySpaceImpl@711f6a35]
14:11:16.213 [Test worker] DEBUG o.h.l.p.b.i.spaces.QuerySpacesImpl - Adding QuerySpace : uid = <gen:2> -> org.hibernate.loader.plan.build.internal.spaces.EntityQuerySpaceImpl@4575f798]
14:11:16.213 [Test worker] DEBUG o.h.p.w.spi.MetamodelGraphWalker - Visiting attribute path : connection_point
14:11:16.214 [Test worker] DEBUG o.h.l.p.b.i.spaces.QuerySpacesImpl - Adding QuerySpace : uid = <gen:3> -> org.hibernate.loader.plan.build.internal.spaces.CollectionQuerySpaceImpl@43d23fc8]
14:11:16.214 [Test worker] DEBUG o.h.l.p.b.i.spaces.QuerySpacesImpl - Adding QuerySpace : uid = <gen:4> -> org.hibernate.loader.plan.build.internal.spaces.EntityQuerySpaceImpl@20598641]
14:11:16.214 [Test worker] DEBUG o.h.p.w.spi.MetamodelGraphWalker - Visiting attribute path : description
14:11:16.214 [Test worker] DEBUG o.h.p.w.spi.MetamodelGraphWalker - Visiting attribute path : descriptor_reference
14:11:16.214 [Test worker] DEBUG o.h.l.p.b.i.spaces.QuerySpacesImpl - Adding QuerySpace : uid = <gen:5> -> org.hibernate.loader.plan.build.internal.spaces.EntityQuerySpaceImpl@557d25fe]
14:11:16.214 [Test worker] DEBUG o.h.p.w.spi.MetamodelGraphWalker - Visiting attribute path : oam_reference
14:11:16.214 [Test worker] DEBUG o.h.p.w.spi.MetamodelGraphWalker - Visiting attribute path : parent_ns
14:11:16.214 [Test worker] DEBUG o.h.l.p.b.i.spaces.QuerySpacesImpl - Adding QuerySpace : uid = <gen:6> -> org.hibernate.loader.plan.build.internal.spaces.EntityQuerySpaceImpl@b49728b]
14:11:16.214 [Test worker] DEBUG o.h.p.w.spi.MetamodelGraphWalker - Visiting attribute path : pnf_address
14:11:16.214 [Test worker] DEBUG o.h.p.w.spi.MetamodelGraphWalker - Visiting attribute path : vendor
14:11:16.214 [Test worker] DEBUG o.h.p.w.spi.MetamodelGraphWalker - Visiting attribute path : version
14:11:16.214 [Test worker] DEBUG o.h.p.w.spi.MetamodelGraphWalker - Visiting attribute path : vnffgr
14:11:16.214 [Test worker] DEBUG o.h.l.p.b.i.spaces.QuerySpacesImpl - Adding QuerySpace : uid = <gen:7> -> org.hibernate.loader.plan.build.internal.spaces.CollectionQuerySpaceImpl@2ff0977]
14:11:16.214 [Test worker] DEBUG o.h.l.p.b.i.spaces.QuerySpacesImpl - Adding QuerySpace : uid = <gen:8> -> org.hibernate.loader.plan.build.internal.spaces.EntityQuerySpaceImpl@35c6652a]
14:11:16.214 [Test worker] DEBUG o.h.l.p.b.i.FetchStyleLoadPlanBuildingAssociationVisitationStrategy - Building LoadPlan...
14:11:16.214 [Test worker] DEBUG o.h.l.p.e.i.LoadQueryJoinAndFetchProcessor - processing queryspace <gen:0>
14:11:16.214 [Test worker] DEBUG o.h.l.p.b.spi.LoadPlanTreePrinter - LoadPlan(entity=org.project.neutrino.nfvo.catalogue.mano.record.PhysicalNetworkFunctionRecord)
    - Returns
       - EntityReturnImpl(entity=org.project.neutrino.nfvo.catalogue.mano.record.PhysicalNetworkFunctionRecord, querySpaceUid=<gen:0>, path=org.project.neutrino.nfvo.catalogue.mano.record.PhysicalNetworkFunctionRecord)
          - CollectionAttributeFetchImpl(collection=org.project.neutrino.nfvo.catalogue.mano.record.PhysicalNetworkFunctionRecord.connected_virtual_link, querySpaceUid=<gen:1>, path=org.project.neutrino.nfvo.catalogue.mano.record.PhysicalNetworkFunctionRecord.connected_virtual_link)
             - (collection element) CollectionFetchableElementEntityGraph(entity=org.project.neutrino.nfvo.catalogue.mano.record.VirtualLinkRecord, querySpaceUid=<gen:2>, path=org.project.neutrino.nfvo.catalogue.mano.record.PhysicalNetworkFunctionRecord.connected_virtual_link.<elements>)
          - CollectionAttributeFetchImpl(collection=org.project.neutrino.nfvo.catalogue.mano.record.PhysicalNetworkFunctionRecord.connection_point, querySpaceUid=<gen:3>, path=org.project.neutrino.nfvo.catalogue.mano.record.PhysicalNetworkFunctionRecord.connection_point)
             - (collection element) CollectionFetchableElementEntityGraph(entity=org.project.neutrino.nfvo.catalogue.mano.common.ConnectionPoint, querySpaceUid=<gen:4>, path=org.project.neutrino.nfvo.catalogue.mano.record.PhysicalNetworkFunctionRecord.connection_point.<elements>)
          - EntityAttributeFetchImpl(entity=org.project.neutrino.nfvo.catalogue.mano.descriptor.PhysicalNetworkFunctionDescriptor, querySpaceUid=<gen:5>, path=org.project.neutrino.nfvo.catalogue.mano.record.PhysicalNetworkFunctionRecord.descriptor_reference)
          - EntityAttributeFetchImpl(entity=org.project.neutrino.nfvo.catalogue.mano.record.NetworkServiceRecord, querySpaceUid=<gen:6>, path=org.project.neutrino.nfvo.catalogue.mano.record.PhysicalNetworkFunctionRecord.parent_ns)
          - CollectionAttributeFetchImpl(collection=org.project.neutrino.nfvo.catalogue.mano.record.PhysicalNetworkFunctionRecord.vnffgr, querySpaceUid=<gen:7>, path=org.project.neutrino.nfvo.catalogue.mano.record.PhysicalNetworkFunctionRecord.vnffgr)
             - (collection element) CollectionFetchableElementEntityGraph(entity=org.project.neutrino.nfvo.catalogue.mano.record.VNFForwardingGraphRecord, querySpaceUid=<gen:8>, path=org.project.neutrino.nfvo.catalogue.mano.record.PhysicalNetworkFunctionRecord.vnffgr.<elements>)
    - QuerySpaces
       - EntityQuerySpaceImpl(uid=<gen:0>, entity=org.project.neutrino.nfvo.catalogue.mano.record.PhysicalNetworkFunctionRecord)
          - SQL table alias mapping - physicalne0_
          - alias suffix - 0_
          - suffixed key columns - {id1_37_0_}

14:11:16.215 [Test worker] DEBUG o.h.loader.entity.plan.EntityLoader - Static select for entity org.project.neutrino.nfvo.catalogue.mano.record.PhysicalNetworkFunctionRecord [OPTIMISTIC]: select physicalne0_.id as id1_37_0_, physicalne0_.description as descript2_37_0_, physicalne0_.descriptor_reference_id as descript6_37_0_, physicalne0_.oam_reference as oam_refe3_37_0_, physicalne0_.parent_ns_id as parent_n7_37_0_, physicalne0_.vendor as vendor4_37_0_, physicalne0_.version as version5_37_0_ from physical_network_function_record physicalne0_ where physicalne0_.id=?
14:11:16.215 [Test worker] DEBUG o.h.l.p.b.i.spaces.QuerySpacesImpl - Adding QuerySpace : uid = <gen:0> -> org.hibernate.loader.plan.build.internal.spaces.EntityQuerySpaceImpl@741bc3fa]
14:11:16.215 [Test worker] DEBUG o.h.p.w.spi.MetamodelGraphWalker - Visiting attribute path : connected_virtual_link
14:11:16.215 [Test worker] DEBUG o.h.l.p.b.i.spaces.QuerySpacesImpl - Adding QuerySpace : uid = <gen:1> -> org.hibernate.loader.plan.build.internal.spaces.CollectionQuerySpaceImpl@1acbeebc]
14:11:16.215 [Test worker] DEBUG o.h.l.p.b.i.spaces.QuerySpacesImpl - Adding QuerySpace : uid = <gen:2> -> org.hibernate.loader.plan.build.internal.spaces.EntityQuerySpaceImpl@42a68662]
14:11:16.215 [Test worker] DEBUG o.h.p.w.spi.MetamodelGraphWalker - Visiting attribute path : connection_point
14:11:16.215 [Test worker] DEBUG o.h.l.p.b.i.spaces.QuerySpacesImpl - Adding QuerySpace : uid = <gen:3> -> org.hibernate.loader.plan.build.internal.spaces.CollectionQuerySpaceImpl@42c0ae1d]
14:11:16.215 [Test worker] DEBUG o.h.l.p.b.i.spaces.QuerySpacesImpl - Adding QuerySpace : uid = <gen:4> -> org.hibernate.loader.plan.build.internal.spaces.EntityQuerySpaceImpl@77e71427]
14:11:16.215 [Test worker] DEBUG o.h.p.w.spi.MetamodelGraphWalker - Visiting attribute path : description
14:11:16.215 [Test worker] DEBUG o.h.p.w.spi.MetamodelGraphWalker - Visiting attribute path : descriptor_reference
14:11:16.215 [Test worker] DEBUG o.h.l.p.b.i.spaces.QuerySpacesImpl - Adding QuerySpace : uid = <gen:5> -> org.hibernate.loader.plan.build.internal.spaces.EntityQuerySpaceImpl@63dc49f0]
14:11:16.215 [Test worker] DEBUG o.h.p.w.spi.MetamodelGraphWalker - Visiting attribute path : oam_reference
14:11:16.215 [Test worker] DEBUG o.h.p.w.spi.MetamodelGraphWalker - Visiting attribute path : parent_ns
14:11:16.215 [Test worker] DEBUG o.h.l.p.b.i.spaces.QuerySpacesImpl - Adding QuerySpace : uid = <gen:6> -> org.hibernate.loader.plan.build.internal.spaces.EntityQuerySpaceImpl@137a5ec8]
14:11:16.215 [Test worker] DEBUG o.h.p.w.spi.MetamodelGraphWalker - Visiting attribute path : pnf_address
14:11:16.215 [Test worker] DEBUG o.h.p.w.spi.MetamodelGraphWalker - Visiting attribute path : vendor
14:11:16.215 [Test worker] DEBUG o.h.p.w.spi.MetamodelGraphWalker - Visiting attribute path : version
14:11:16.215 [Test worker] DEBUG o.h.p.w.spi.MetamodelGraphWalker - Visiting attribute path : vnffgr
14:11:16.216 [Test worker] DEBUG o.h.l.p.b.i.spaces.QuerySpacesImpl - Adding QuerySpace : uid = <gen:7> -> org.hibernate.loader.plan.build.internal.spaces.CollectionQuerySpaceImpl@46e4a675]
14:11:16.216 [Test worker] DEBUG o.h.l.p.b.i.spaces.QuerySpacesImpl - Adding QuerySpace : uid = <gen:8> -> org.hibernate.loader.plan.build.internal.spaces.EntityQuerySpaceImpl@4d6c6faf]
14:11:16.216 [Test worker] DEBUG o.h.l.p.b.i.FetchStyleLoadPlanBuildingAssociationVisitationStrategy - Building LoadPlan...
14:11:16.216 [Test worker] DEBUG o.h.l.p.e.i.LoadQueryJoinAndFetchProcessor - processing queryspace <gen:0>
14:11:16.216 [Test worker] DEBUG o.h.l.p.b.spi.LoadPlanTreePrinter - LoadPlan(entity=org.project.neutrino.nfvo.catalogue.mano.record.PhysicalNetworkFunctionRecord)
    - Returns
       - EntityReturnImpl(entity=org.project.neutrino.nfvo.catalogue.mano.record.PhysicalNetworkFunctionRecord, querySpaceUid=<gen:0>, path=org.project.neutrino.nfvo.catalogue.mano.record.PhysicalNetworkFunctionRecord)
          - CollectionAttributeFetchImpl(collection=org.project.neutrino.nfvo.catalogue.mano.record.PhysicalNetworkFunctionRecord.connected_virtual_link, querySpaceUid=<gen:1>, path=org.project.neutrino.nfvo.catalogue.mano.record.PhysicalNetworkFunctionRecord.connected_virtual_link)
             - (collection element) CollectionFetchableElementEntityGraph(entity=org.project.neutrino.nfvo.catalogue.mano.record.VirtualLinkRecord, querySpaceUid=<gen:2>, path=org.project.neutrino.nfvo.catalogue.mano.record.PhysicalNetworkFunctionRecord.connected_virtual_link.<elements>)
          - CollectionAttributeFetchImpl(collection=org.project.neutrino.nfvo.catalogue.mano.record.PhysicalNetworkFunctionRecord.connection_point, querySpaceUid=<gen:3>, path=org.project.neutrino.nfvo.catalogue.mano.record.PhysicalNetworkFunctionRecord.connection_point)
             - (collection element) CollectionFetchableElementEntityGraph(entity=org.project.neutrino.nfvo.catalogue.mano.common.ConnectionPoint, querySpaceUid=<gen:4>, path=org.project.neutrino.nfvo.catalogue.mano.record.PhysicalNetworkFunctionRecord.connection_point.<elements>)
          - EntityAttributeFetchImpl(entity=org.project.neutrino.nfvo.catalogue.mano.descriptor.PhysicalNetworkFunctionDescriptor, querySpaceUid=<gen:5>, path=org.project.neutrino.nfvo.catalogue.mano.record.PhysicalNetworkFunctionRecord.descriptor_reference)
          - EntityAttributeFetchImpl(entity=org.project.neutrino.nfvo.catalogue.mano.record.NetworkServiceRecord, querySpaceUid=<gen:6>, path=org.project.neutrino.nfvo.catalogue.mano.record.PhysicalNetworkFunctionRecord.parent_ns)
          - CollectionAttributeFetchImpl(collection=org.project.neutrino.nfvo.catalogue.mano.record.PhysicalNetworkFunctionRecord.vnffgr, querySpaceUid=<gen:7>, path=org.project.neutrino.nfvo.catalogue.mano.record.PhysicalNetworkFunctionRecord.vnffgr)
             - (collection element) CollectionFetchableElementEntityGraph(entity=org.project.neutrino.nfvo.catalogue.mano.record.VNFForwardingGraphRecord, querySpaceUid=<gen:8>, path=org.project.neutrino.nfvo.catalogue.mano.record.PhysicalNetworkFunctionRecord.vnffgr.<elements>)
    - QuerySpaces
       - EntityQuerySpaceImpl(uid=<gen:0>, entity=org.project.neutrino.nfvo.catalogue.mano.record.PhysicalNetworkFunctionRecord)
          - SQL table alias mapping - physicalne0_
          - alias suffix - 0_
          - suffixed key columns - {id1_37_0_}

14:11:16.216 [Test worker] DEBUG o.h.loader.entity.plan.EntityLoader - Static select for entity org.project.neutrino.nfvo.catalogue.mano.record.PhysicalNetworkFunctionRecord [OPTIMISTIC_FORCE_INCREMENT]: select physicalne0_.id as id1_37_0_, physicalne0_.description as descript2_37_0_, physicalne0_.descriptor_reference_id as descript6_37_0_, physicalne0_.oam_reference as oam_refe3_37_0_, physicalne0_.parent_ns_id as parent_n7_37_0_, physicalne0_.vendor as vendor4_37_0_, physicalne0_.version as version5_37_0_ from physical_network_function_record physicalne0_ where physicalne0_.id=?
14:11:16.217 [Test worker] DEBUG org.hibernate.loader.Loader - Static select for action ACTION_MERGE on entity org.project.neutrino.nfvo.catalogue.mano.record.PhysicalNetworkFunctionRecord: select physicalne0_.id as id1_37_8_, physicalne0_.description as descript2_37_8_, physicalne0_.descriptor_reference_id as descript6_37_8_, physicalne0_.oam_reference as oam_refe3_37_8_, physicalne0_.parent_ns_id as parent_n7_37_8_, physicalne0_.vendor as vendor4_37_8_, physicalne0_.version as version5_37_8_, connected_1_.physical_network_function_record_id as physical1_37_10_, virtuallin2_.id as connecte2_38_10_, virtuallin2_.id as id1_54_0_, virtuallin2_.connectivity_type as connecti2_54_0_, virtuallin2_.descriptor_reference as descript3_54_0_, virtuallin2_.leaf_requirement as leaf_req4_54_0_, virtuallin2_.number_of_enpoints as number_o5_54_0_, virtuallin2_.parent_ns as parent_n6_54_0_, virtuallin2_.root_requirement as root_req7_54_0_, virtuallin2_.status as status8_54_0_, virtuallin2_.test_access as test_acc9_54_0_, virtuallin2_.vendor as vendor10_54_0_, virtuallin2_.version as version11_54_0_, virtuallin2_.vim_id as vim_id12_54_0_, physicalne3_.id as id1_35_1_, physicalne3_.description as descript2_35_1_, physicalne3_.descriptor_version as descript3_35_1_, physicalne3_.hb_version as hb_versi4_35_1_, physicalne3_.pnfd_security_id as pnfd_sec7_35_1_, physicalne3_.vendor as vendor5_35_1_, physicalne3_.version as version6_35_1_, security4_.id as id1_43_2_, security4_.version as version2_43_2_, networkser5_.id as id1_18_3_, networkser5_.audit_log as audit_lo2_18_3_, networkser5_.descriptor_reference_Id as descript9_18_3_, networkser5_.lifecycle_event_id as lifecyc10_18_3_, networkser5_.notification as notifica3_18_3_, networkser5_.resource_reservation as resource4_18_3_, networkser5_.runtime_policy_info as runtime_5_18_3_, networkser5_.service_deployment_flavour_id as service11_18_3_, networkser5_.status as status6_18_3_, networkser5_.vendor as vendor7_18_3_, networkser5_.version as version8_18_3_, networkser5_.vnfr_id as vnfr_id12_18_3_, nfventityd6_.id as id1_27_4_, nfventityd6_.hb_version as hb_versi2_27_4_, nfventityd6_.vendor as vendor3_27_4_, nfventityd6_.version as version4_27_4_, nfventityd6_.descriptor_version as descript1_62_4_, nfventityd6_.manifest_file as manifest2_62_4_, nfventityd6_.nsd_security_id as nsd_secu1_14_4_, nfventityd6_.clazz_ as clazz_4_, lifecyclee7_.id as id1_10_5_, lifecyclee7_.version as version2_10_5_, servicedep8_.id as id1_7_6_, servicedep8_.flavour_key as flavour_2_7_6_, servicedep8_.version as version3_7_6_, virtualnet9_.id as id1_68_7_, virtualnet9_.audit_log as audit_lo2_68_7_, virtualnet9_.deployment_flavour_id as deployme9_68_7_, virtualnet9_.descriptor_reference as descript3_68_7_, virtualnet9_.lifecycle_event_id as lifecyc10_68_7_, virtualnet9_.localization as localiza4_68_7_, virtualnet9_.parent_ns_id as parent_11_68_7_, virtualnet9_.status as status5_68_7_, virtualnet9_.vendor as vendor6_68_7_, virtualnet9_.version as version7_68_7_, virtualnet9_.vnfm_id as vnfm_id8_68_7_ from physical_network_function_record physicalne0_ left outer join physical_network_function_record_connected_virtual_link connected_1_ on physicalne0_.id=connected_1_.physical_network_function_record_id left outer join virtual_link_record virtuallin2_ on connected_1_.connected_virtual_link_id=virtuallin2_.id left outer join physical_network_function_descriptor physicalne3_ on physicalne0_.descriptor_reference_id=physicalne3_.id left outer join security security4_ on physicalne3_.pnfd_security_id=security4_.id left outer join network_service_record networkser5_ on physicalne0_.parent_ns_id=networkser5_.id left outer join ( select id, hb_version, vendor, version, descriptor_version, manifest_file, null as nsd_security_id, 1 as clazz_ from virtual_network_function_descriptor union select id, hb_version, vendor, version, null as descriptor_version, null as manifest_file, nsd_security_id, 2 as clazz_ from network_service_descriptor ) nfventityd6_ on networkser5_.descriptor_reference_Id=nfventityd6_.id left outer join lifecycle_event lifecyclee7_ on networkser5_.lifecycle_event_id=lifecyclee7_.id left outer join service_deployment_flavour servicedep8_ on networkser5_.service_deployment_flavour_id=servicedep8_.id left outer join virtual_network_function_record virtualnet9_ on networkser5_.vnfr_id=virtualnet9_.id where physicalne0_.id=?
14:11:16.218 [Test worker] DEBUG org.hibernate.loader.Loader - Static select for action ACTION_REFRESH on entity org.project.neutrino.nfvo.catalogue.mano.record.PhysicalNetworkFunctionRecord: select physicalne0_.id as id1_37_8_, physicalne0_.description as descript2_37_8_, physicalne0_.descriptor_reference_id as descript6_37_8_, physicalne0_.oam_reference as oam_refe3_37_8_, physicalne0_.parent_ns_id as parent_n7_37_8_, physicalne0_.vendor as vendor4_37_8_, physicalne0_.version as version5_37_8_, connected_1_.physical_network_function_record_id as physical1_37_10_, virtuallin2_.id as connecte2_38_10_, virtuallin2_.id as id1_54_0_, virtuallin2_.connectivity_type as connecti2_54_0_, virtuallin2_.descriptor_reference as descript3_54_0_, virtuallin2_.leaf_requirement as leaf_req4_54_0_, virtuallin2_.number_of_enpoints as number_o5_54_0_, virtuallin2_.parent_ns as parent_n6_54_0_, virtuallin2_.root_requirement as root_req7_54_0_, virtuallin2_.status as status8_54_0_, virtuallin2_.test_access as test_acc9_54_0_, virtuallin2_.vendor as vendor10_54_0_, virtuallin2_.version as version11_54_0_, virtuallin2_.vim_id as vim_id12_54_0_, physicalne3_.id as id1_35_1_, physicalne3_.description as descript2_35_1_, physicalne3_.descriptor_version as descript3_35_1_, physicalne3_.hb_version as hb_versi4_35_1_, physicalne3_.pnfd_security_id as pnfd_sec7_35_1_, physicalne3_.vendor as vendor5_35_1_, physicalne3_.version as version6_35_1_, security4_.id as id1_43_2_, security4_.version as version2_43_2_, networkser5_.id as id1_18_3_, networkser5_.audit_log as audit_lo2_18_3_, networkser5_.descriptor_reference_Id as descript9_18_3_, networkser5_.lifecycle_event_id as lifecyc10_18_3_, networkser5_.notification as notifica3_18_3_, networkser5_.resource_reservation as resource4_18_3_, networkser5_.runtime_policy_info as runtime_5_18_3_, networkser5_.service_deployment_flavour_id as service11_18_3_, networkser5_.status as status6_18_3_, networkser5_.vendor as vendor7_18_3_, networkser5_.version as version8_18_3_, networkser5_.vnfr_id as vnfr_id12_18_3_, nfventityd6_.id as id1_27_4_, nfventityd6_.hb_version as hb_versi2_27_4_, nfventityd6_.vendor as vendor3_27_4_, nfventityd6_.version as version4_27_4_, nfventityd6_.descriptor_version as descript1_62_4_, nfventityd6_.manifest_file as manifest2_62_4_, nfventityd6_.nsd_security_id as nsd_secu1_14_4_, nfventityd6_.clazz_ as clazz_4_, lifecyclee7_.id as id1_10_5_, lifecyclee7_.version as version2_10_5_, servicedep8_.id as id1_7_6_, servicedep8_.flavour_key as flavour_2_7_6_, servicedep8_.version as version3_7_6_, virtualnet9_.id as id1_68_7_, virtualnet9_.audit_log as audit_lo2_68_7_, virtualnet9_.deployment_flavour_id as deployme9_68_7_, virtualnet9_.descriptor_reference as descript3_68_7_, virtualnet9_.lifecycle_event_id as lifecyc10_68_7_, virtualnet9_.localization as localiza4_68_7_, virtualnet9_.parent_ns_id as parent_11_68_7_, virtualnet9_.status as status5_68_7_, virtualnet9_.vendor as vendor6_68_7_, virtualnet9_.version as version7_68_7_, virtualnet9_.vnfm_id as vnfm_id8_68_7_ from physical_network_function_record physicalne0_ left outer join physical_network_function_record_connected_virtual_link connected_1_ on physicalne0_.id=connected_1_.physical_network_function_record_id left outer join virtual_link_record virtuallin2_ on connected_1_.connected_virtual_link_id=virtuallin2_.id left outer join physical_network_function_descriptor physicalne3_ on physicalne0_.descriptor_reference_id=physicalne3_.id left outer join security security4_ on physicalne3_.pnfd_security_id=security4_.id left outer join network_service_record networkser5_ on physicalne0_.parent_ns_id=networkser5_.id left outer join ( select id, hb_version, vendor, version, descriptor_version, manifest_file, null as nsd_security_id, 1 as clazz_ from virtual_network_function_descriptor union select id, hb_version, vendor, version, null as descriptor_version, null as manifest_file, nsd_security_id, 2 as clazz_ from network_service_descriptor ) nfventityd6_ on networkser5_.descriptor_reference_Id=nfventityd6_.id left outer join lifecycle_event lifecyclee7_ on networkser5_.lifecycle_event_id=lifecyclee7_.id left outer join service_deployment_flavour servicedep8_ on networkser5_.service_deployment_flavour_id=servicedep8_.id left outer join virtual_network_function_record virtualnet9_ on networkser5_.vnfr_id=virtualnet9_.id where physicalne0_.id=?
14:11:16.224 [Test worker] DEBUG o.h.l.p.b.i.spaces.QuerySpacesImpl - Adding QuerySpace : uid = <gen:0> -> org.hibernate.loader.plan.build.internal.spaces.CollectionQuerySpaceImpl@2800c6e8]
14:11:16.224 [Test worker] DEBUG o.h.l.p.b.i.spaces.QuerySpacesImpl - Adding QuerySpace : uid = <gen:1> -> org.hibernate.loader.plan.build.internal.spaces.EntityQuerySpaceImpl@4b02bddc]
14:11:16.225 [Test worker] DEBUG o.h.p.w.spi.MetamodelGraphWalker - Visiting attribute path : connectivity_type
14:11:16.225 [Test worker] DEBUG o.h.p.w.spi.MetamodelGraphWalker - Visiting attribute path : leaf_requirement
14:11:16.225 [Test worker] DEBUG o.h.p.w.spi.MetamodelGraphWalker - Visiting attribute path : qos
14:11:16.225 [Test worker] DEBUG o.h.p.w.spi.MetamodelGraphWalker - Visiting attribute path : root_requirement
14:11:16.225 [Test worker] DEBUG o.h.p.w.spi.MetamodelGraphWalker - Visiting attribute path : test_access
14:11:16.225 [Test worker] DEBUG o.h.p.w.spi.MetamodelGraphWalker - Visiting attribute path : version
14:11:16.225 [Test worker] DEBUG o.h.p.w.spi.MetamodelGraphWalker - Visiting attribute path : connection_points_references
14:11:16.225 [Test worker] DEBUG o.h.l.p.b.i.spaces.QuerySpacesImpl - Adding QuerySpace : uid = <gen:2> -> org.hibernate.loader.plan.build.internal.spaces.CollectionQuerySpaceImpl@5dd47117]
14:11:16.225 [Test worker] DEBUG o.h.l.p.b.i.FetchStyleLoadPlanBuildingAssociationVisitationStrategy - Building LoadPlan...
14:11:16.226 [Test worker] DEBUG o.h.l.p.e.i.LoadQueryJoinAndFetchProcessor - processing queryspace <gen:0>
14:11:16.227 [Test worker] DEBUG o.h.l.p.b.spi.LoadPlanTreePrinter - LoadPlan(collection=org.project.neutrino.nfvo.catalogue.mano.descriptor.VirtualNetworkFunctionDescriptor.virtual_link)
    - Returns
       - CollectionReturnImpl(collection=org.project.neutrino.nfvo.catalogue.mano.descriptor.VirtualNetworkFunctionDescriptor.virtual_link, querySpaceUid=<gen:0>, path=[org.project.neutrino.nfvo.catalogue.mano.descriptor.VirtualNetworkFunctionDescriptor.virtual_link])
          - (collection element) CollectionFetchableElementEntityGraph(entity=org.project.neutrino.nfvo.catalogue.mano.descriptor.InternalVirtualLink, querySpaceUid=<gen:1>, path=[org.project.neutrino.nfvo.catalogue.mano.descriptor.VirtualNetworkFunctionDescriptor.virtual_link].<elements>)
             - CollectionAttributeFetchImpl(collection=org.project.neutrino.nfvo.catalogue.mano.descriptor.InternalVirtualLink.connection_points_references, querySpaceUid=<gen:2>, path=[org.project.neutrino.nfvo.catalogue.mano.descriptor.VirtualNetworkFunctionDescriptor.virtual_link].<elements>.connection_points_references)
    - QuerySpaces
       - CollectionQuerySpaceImpl(uid=<gen:0>, collection=org.project.neutrino.nfvo.catalogue.mano.descriptor.VirtualNetworkFunctionDescriptor.virtual_link)
          - SQL table alias mapping - virtual_li0_
          - alias suffix - 0_
          - suffixed key columns - {virtual_1_27_0_}
          - entity-element alias suffix - 1_
          - 1_entity-element suffixed key columns - id1_0_1_
          - JOIN (JoinDefinedByMetadata(elements)) : <gen:0> -> <gen:1>
             - EntityQuerySpaceImpl(uid=<gen:1>, entity=org.project.neutrino.nfvo.catalogue.mano.descriptor.InternalVirtualLink)
                - SQL table alias mapping - internalvi1_
                - alias suffix - 1_
                - suffixed key columns - {id1_0_1_}

14:11:16.227 [Test worker] DEBUG o.h.l.c.plan.CollectionLoader - Static select for collection org.project.neutrino.nfvo.catalogue.mano.descriptor.VirtualNetworkFunctionDescriptor.virtual_link: select virtual_li0_.virtual_network_function_descriptor_Id as virtual_1_27_0_, virtual_li0_.virtual_link_id as virtual_2_67_0_, internalvi1_.id as id1_0_1_, internalvi1_.connectivity_type as connecti2_0_1_, internalvi1_.leaf_requirement as leaf_req3_0_1_, internalvi1_.root_requirement as root_req4_0_1_, internalvi1_.version as version5_0_1_ from virtual_network_function_descriptor_virtual_link virtual_li0_ inner join internal_virtual_link internalvi1_ on virtual_li0_.virtual_link_id=internalvi1_.id where virtual_li0_.virtual_network_function_descriptor_Id=?
14:11:16.228 [Test worker] DEBUG o.h.l.p.b.i.spaces.QuerySpacesImpl - Adding QuerySpace : uid = <gen:0> -> org.hibernate.loader.plan.build.internal.spaces.CollectionQuerySpaceImpl@12874b23]
14:11:16.228 [Test worker] DEBUG o.h.l.p.b.i.spaces.QuerySpacesImpl - Adding QuerySpace : uid = <gen:1> -> org.hibernate.loader.plan.build.internal.spaces.EntityQuerySpaceImpl@7055f055]
14:11:16.228 [Test worker] DEBUG o.h.p.w.spi.MetamodelGraphWalker - Visiting attribute path : version
14:11:16.228 [Test worker] DEBUG o.h.l.p.b.i.FetchStyleLoadPlanBuildingAssociationVisitationStrategy - Building LoadPlan...
14:11:16.228 [Test worker] DEBUG o.h.l.p.e.i.LoadQueryJoinAndFetchProcessor - processing queryspace <gen:0>
14:11:16.228 [Test worker] DEBUG o.h.l.p.b.spi.LoadPlanTreePrinter - LoadPlan(collection=org.project.neutrino.nfvo.catalogue.mano.descriptor.VirtualNetworkFunctionDescriptor.manifest_file_security)
    - Returns
       - CollectionReturnImpl(collection=org.project.neutrino.nfvo.catalogue.mano.descriptor.VirtualNetworkFunctionDescriptor.manifest_file_security, querySpaceUid=<gen:0>, path=[org.project.neutrino.nfvo.catalogue.mano.descriptor.VirtualNetworkFunctionDescriptor.manifest_file_security])
          - (collection element) CollectionFetchableElementEntityGraph(entity=org.project.neutrino.nfvo.catalogue.mano.common.Security, querySpaceUid=<gen:1>, path=[org.project.neutrino.nfvo.catalogue.mano.descriptor.VirtualNetworkFunctionDescriptor.manifest_file_security].<elements>)
    - QuerySpaces
       - CollectionQuerySpaceImpl(uid=<gen:0>, collection=org.project.neutrino.nfvo.catalogue.mano.descriptor.VirtualNetworkFunctionDescriptor.manifest_file_security)
          - SQL table alias mapping - manifest_f0_
          - alias suffix - 0_
          - suffixed key columns - {virtual_1_27_0_}
          - entity-element alias suffix - 1_
          - 1_entity-element suffixed key columns - id1_43_1_
          - JOIN (JoinDefinedByMetadata(elements)) : <gen:0> -> <gen:1>
             - EntityQuerySpaceImpl(uid=<gen:1>, entity=org.project.neutrino.nfvo.catalogue.mano.common.Security)
                - SQL table alias mapping - security1_
                - alias suffix - 1_
                - suffixed key columns - {id1_43_1_}

14:11:16.228 [Test worker] DEBUG o.h.l.c.plan.CollectionLoader - Static select for collection org.project.neutrino.nfvo.catalogue.mano.descriptor.VirtualNetworkFunctionDescriptor.manifest_file_security: select manifest_f0_.virtual_network_function_descriptor_Id as virtual_1_27_0_, manifest_f0_.manifest_file_security_id as manifest2_64_0_, security1_.id as id1_43_1_, security1_.version as version2_43_1_ from virtual_network_function_descriptor_manifest_file_security manifest_f0_ inner join security security1_ on manifest_f0_.manifest_file_security_id=security1_.id where manifest_f0_.virtual_network_function_descriptor_Id=?
14:11:16.228 [Test worker] DEBUG o.h.l.p.b.i.spaces.QuerySpacesImpl - Adding QuerySpace : uid = <gen:0> -> org.hibernate.loader.plan.build.internal.spaces.CollectionQuerySpaceImpl@77f67adc]
14:11:16.228 [Test worker] DEBUG o.h.l.p.b.i.spaces.QuerySpacesImpl - Adding QuerySpace : uid = <gen:1> -> org.hibernate.loader.plan.build.internal.spaces.EntityQuerySpaceImpl@56fc3f0b]
14:11:16.229 [Test worker] DEBUG o.h.p.w.spi.MetamodelGraphWalker - Visiting attribute path : version
14:11:16.229 [Test worker] DEBUG o.h.l.p.b.i.FetchStyleLoadPlanBuildingAssociationVisitationStrategy - Building LoadPlan...
14:11:16.229 [Test worker] DEBUG o.h.l.p.e.i.LoadQueryJoinAndFetchProcessor - processing queryspace <gen:0>
14:11:16.229 [Test worker] DEBUG o.h.l.p.b.spi.LoadPlanTreePrinter - LoadPlan(collection=org.project.neutrino.nfvo.catalogue.mano.record.VirtualNetworkFunctionRecord.auto_scale_policy)
    - Returns
       - CollectionReturnImpl(collection=org.project.neutrino.nfvo.catalogue.mano.record.VirtualNetworkFunctionRecord.auto_scale_policy, querySpaceUid=<gen:0>, path=[org.project.neutrino.nfvo.catalogue.mano.record.VirtualNetworkFunctionRecord.auto_scale_policy])
          - (collection element) CollectionFetchableElementEntityGraph(entity=org.project.neutrino.nfvo.catalogue.mano.common.AutoScalePolicy, querySpaceUid=<gen:1>, path=[org.project.neutrino.nfvo.catalogue.mano.record.VirtualNetworkFunctionRecord.auto_scale_policy].<elements>)
    - QuerySpaces
       - CollectionQuerySpaceImpl(uid=<gen:0>, collection=org.project.neutrino.nfvo.catalogue.mano.record.VirtualNetworkFunctionRecord.auto_scale_policy)
          - SQL table alias mapping - auto_scale0_
          - alias suffix - 0_
          - suffixed key columns - {virtual_1_68_0_}
          - entity-element alias suffix - 1_
          - 1_entity-element suffixed key columns - id1_3_1_
          - JOIN (JoinDefinedByMetadata(elements)) : <gen:0> -> <gen:1>
             - EntityQuerySpaceImpl(uid=<gen:1>, entity=org.project.neutrino.nfvo.catalogue.mano.common.AutoScalePolicy)
                - SQL table alias mapping - autoscalep1_
                - alias suffix - 1_
                - suffixed key columns - {id1_3_1_}

14:11:16.229 [Test worker] DEBUG o.h.l.c.plan.CollectionLoader - Static select for collection org.project.neutrino.nfvo.catalogue.mano.record.VirtualNetworkFunctionRecord.auto_scale_policy: select auto_scale0_.virtual_network_function_record_id as virtual_1_68_0_, auto_scale0_.auto_scale_policy_id as auto_sca2_69_0_, autoscalep1_.id as id1_3_1_, autoscalep1_.version as version2_3_1_ from virtual_network_function_record_auto_scale_policy auto_scale0_ inner join auto_scale_policy autoscalep1_ on auto_scale0_.auto_scale_policy_id=autoscalep1_.id where auto_scale0_.virtual_network_function_record_id=?
14:11:16.229 [Test worker] DEBUG o.h.l.p.b.i.spaces.QuerySpacesImpl - Adding QuerySpace : uid = <gen:0> -> org.hibernate.loader.plan.build.internal.spaces.CollectionQuerySpaceImpl@28c3d5b4]
14:11:16.229 [Test worker] DEBUG o.h.l.p.b.i.spaces.QuerySpacesImpl - Adding QuerySpace : uid = <gen:1> -> org.hibernate.loader.plan.build.internal.spaces.EntityQuerySpaceImpl@51033154]
14:11:16.229 [Test worker] DEBUG o.h.p.w.spi.MetamodelGraphWalker - Visiting attribute path : connectivity_type
14:11:16.229 [Test worker] DEBUG o.h.p.w.spi.MetamodelGraphWalker - Visiting attribute path : leaf_requirement
14:11:16.229 [Test worker] DEBUG o.h.p.w.spi.MetamodelGraphWalker - Visiting attribute path : qos
14:11:16.229 [Test worker] DEBUG o.h.p.w.spi.MetamodelGraphWalker - Visiting attribute path : root_requirement
14:11:16.229 [Test worker] DEBUG o.h.p.w.spi.MetamodelGraphWalker - Visiting attribute path : test_access
14:11:16.229 [Test worker] DEBUG o.h.p.w.spi.MetamodelGraphWalker - Visiting attribute path : version
14:11:16.229 [Test worker] DEBUG o.h.p.w.spi.MetamodelGraphWalker - Visiting attribute path : connection_points_references
14:11:16.229 [Test worker] DEBUG o.h.l.p.b.i.spaces.QuerySpacesImpl - Adding QuerySpace : uid = <gen:2> -> org.hibernate.loader.plan.build.internal.spaces.CollectionQuerySpaceImpl@511be529]
14:11:16.229 [Test worker] DEBUG o.h.l.p.b.i.FetchStyleLoadPlanBuildingAssociationVisitationStrategy - Building LoadPlan...
14:11:16.230 [Test worker] DEBUG o.h.l.p.e.i.LoadQueryJoinAndFetchProcessor - processing queryspace <gen:0>
14:11:16.230 [Test worker] DEBUG o.h.l.p.b.spi.LoadPlanTreePrinter - LoadPlan(collection=org.project.neutrino.nfvo.catalogue.mano.record.VirtualNetworkFunctionRecord.virtual_link)
    - Returns
       - CollectionReturnImpl(collection=org.project.neutrino.nfvo.catalogue.mano.record.VirtualNetworkFunctionRecord.virtual_link, querySpaceUid=<gen:0>, path=[org.project.neutrino.nfvo.catalogue.mano.record.VirtualNetworkFunctionRecord.virtual_link])
          - (collection element) CollectionFetchableElementEntityGraph(entity=org.project.neutrino.nfvo.catalogue.mano.descriptor.InternalVirtualLink, querySpaceUid=<gen:1>, path=[org.project.neutrino.nfvo.catalogue.mano.record.VirtualNetworkFunctionRecord.virtual_link].<elements>)
             - CollectionAttributeFetchImpl(collection=org.project.neutrino.nfvo.catalogue.mano.descriptor.InternalVirtualLink.connection_points_references, querySpaceUid=<gen:2>, path=[org.project.neutrino.nfvo.catalogue.mano.record.VirtualNetworkFunctionRecord.virtual_link].<elements>.connection_points_references)
    - QuerySpaces
       - CollectionQuerySpaceImpl(uid=<gen:0>, collection=org.project.neutrino.nfvo.catalogue.mano.record.VirtualNetworkFunctionRecord.virtual_link)
          - SQL table alias mapping - virtual_li0_
          - alias suffix - 0_
          - suffixed key columns - {virtual_1_68_0_}
          - entity-element alias suffix - 1_
          - 1_entity-element suffixed key columns - id1_0_1_
          - JOIN (JoinDefinedByMetadata(elements)) : <gen:0> -> <gen:1>
             - EntityQuerySpaceImpl(uid=<gen:1>, entity=org.project.neutrino.nfvo.catalogue.mano.descriptor.InternalVirtualLink)
                - SQL table alias mapping - internalvi1_
                - alias suffix - 1_
                - suffixed key columns - {id1_0_1_}

14:11:16.230 [Test worker] DEBUG o.h.l.c.plan.CollectionLoader - Static select for collection org.project.neutrino.nfvo.catalogue.mano.record.VirtualNetworkFunctionRecord.virtual_link: select virtual_li0_.virtual_network_function_record_id as virtual_1_68_0_, virtual_li0_.virtual_link_id as virtual_2_78_0_, internalvi1_.id as id1_0_1_, internalvi1_.connectivity_type as connecti2_0_1_, internalvi1_.leaf_requirement as leaf_req3_0_1_, internalvi1_.root_requirement as root_req4_0_1_, internalvi1_.version as version5_0_1_ from virtual_network_function_record_virtual_link virtual_li0_ inner join internal_virtual_link internalvi1_ on virtual_li0_.virtual_link_id=internalvi1_.id where virtual_li0_.virtual_network_function_record_id=?
14:11:16.230 [Test worker] DEBUG o.h.l.p.b.i.spaces.QuerySpacesImpl - Adding QuerySpace : uid = <gen:0> -> org.hibernate.loader.plan.build.internal.spaces.CollectionQuerySpaceImpl@7e621058]
14:11:16.230 [Test worker] DEBUG o.h.l.p.b.i.spaces.QuerySpacesImpl - Adding QuerySpace : uid = <gen:1> -> org.hibernate.loader.plan.build.internal.spaces.EntityQuerySpaceImpl@581f423a]
14:11:16.230 [Test worker] DEBUG o.h.p.w.spi.MetamodelGraphWalker - Visiting attribute path : connection_point
14:11:16.230 [Test worker] DEBUG o.h.p.w.spi.MetamodelGraphWalker - Visiting attribute path : constituent_vnfs
14:11:16.230 [Test worker] DEBUG o.h.p.w.spi.MetamodelGraphWalker - Visiting attribute path : dependent_virtual_link
14:11:16.230 [Test worker] DEBUG o.h.p.w.spi.MetamodelGraphWalker - Visiting attribute path : descriptor_version
14:11:16.230 [Test worker] DEBUG o.h.p.w.spi.MetamodelGraphWalker - Visiting attribute path : hb_version
14:11:16.230 [Test worker] DEBUG o.h.p.w.spi.MetamodelGraphWalker - Visiting attribute path : network_forwarding_path
14:11:16.230 [Test worker] DEBUG o.h.p.w.spi.MetamodelGraphWalker - Visiting attribute path : number_of_endpoints
14:11:16.230 [Test worker] DEBUG o.h.p.w.spi.MetamodelGraphWalker - Visiting attribute path : number_of_virtual_links
14:11:16.230 [Test worker] DEBUG o.h.p.w.spi.MetamodelGraphWalker - Visiting attribute path : vendor
14:11:16.230 [Test worker] DEBUG o.h.p.w.spi.MetamodelGraphWalker - Visiting attribute path : version
14:11:16.230 [Test worker] DEBUG o.h.p.w.spi.MetamodelGraphWalker - Visiting attribute path : vnffgd_security
14:11:16.230 [Test worker] DEBUG o.h.l.p.b.i.spaces.QuerySpacesImpl - Adding QuerySpace : uid = <gen:2> -> org.hibernate.loader.plan.build.internal.spaces.EntityQuerySpaceImpl@d0a0086]
14:11:16.230 [Test worker] DEBUG o.h.p.w.spi.MetamodelGraphWalker - Visiting attribute path : vnffgd_security.version
14:11:16.230 [Test worker] DEBUG o.h.l.p.b.i.FetchStyleLoadPlanBuildingAssociationVisitationStrategy - Building LoadPlan...
14:11:16.231 [Test worker] DEBUG o.h.l.p.e.i.LoadQueryJoinAndFetchProcessor - processing queryspace <gen:0>
14:11:16.231 [Test worker] DEBUG o.h.l.p.b.spi.LoadPlanTreePrinter - LoadPlan(collection=org.project.neutrino.nfvo.catalogue.mano.common.NFVEntityDescriptor.vnffgd)
    - Returns
       - CollectionReturnImpl(collection=org.project.neutrino.nfvo.catalogue.mano.common.NFVEntityDescriptor.vnffgd, querySpaceUid=<gen:0>, path=[org.project.neutrino.nfvo.catalogue.mano.common.NFVEntityDescriptor.vnffgd])
          - (collection element) CollectionFetchableElementEntityGraph(entity=org.project.neutrino.nfvo.catalogue.mano.descriptor.VNFForwardingGraph, querySpaceUid=<gen:1>, path=[org.project.neutrino.nfvo.catalogue.mano.common.NFVEntityDescriptor.vnffgd].<elements>)
             - EntityAttributeFetchImpl(entity=org.project.neutrino.nfvo.catalogue.mano.common.Security, querySpaceUid=<gen:2>, path=[org.project.neutrino.nfvo.catalogue.mano.common.NFVEntityDescriptor.vnffgd].<elements>.vnffgd_security)
    - QuerySpaces
       - CollectionQuerySpaceImpl(uid=<gen:0>, collection=org.project.neutrino.nfvo.catalogue.mano.common.NFVEntityDescriptor.vnffgd)
          - SQL table alias mapping - vnffgd0_
          - alias suffix - 0_
          - suffixed key columns - {nfventit1_27_0_}
          - entity-element alias suffix - 1_
          - 1_entity-element suffixed key columns - id1_87_1_
          - JOIN (JoinDefinedByMetadata(elements)) : <gen:0> -> <gen:1>
             - EntityQuerySpaceImpl(uid=<gen:1>, entity=org.project.neutrino.nfvo.catalogue.mano.descriptor.VNFForwardingGraph)
                - SQL table alias mapping - vnfforward1_
                - alias suffix - 1_
                - suffixed key columns - {id1_87_1_}
                - JOIN (JoinDefinedByMetadata(vnffgd_security)) : <gen:1> -> <gen:2>
                   - EntityQuerySpaceImpl(uid=<gen:2>, entity=org.project.neutrino.nfvo.catalogue.mano.common.Security)
                      - SQL table alias mapping - security2_
                      - alias suffix - 2_
                      - suffixed key columns - {id1_43_2_}

14:11:16.231 [Test worker] DEBUG o.h.l.c.plan.CollectionLoader - Static select for collection org.project.neutrino.nfvo.catalogue.mano.common.NFVEntityDescriptor.vnffgd: select vnffgd0_.nfventity_descriptor_Id as nfventit1_27_0_, vnffgd0_.vnffgd_id as vnffgd_i2_34_0_, vnfforward1_.id as id1_87_1_, vnfforward1_.descriptor_version as descript2_87_1_, vnfforward1_.hb_version as hb_versi3_87_1_, vnfforward1_.number_of_endpoints as number_o4_87_1_, vnfforward1_.number_of_virtual_links as number_o5_87_1_, vnfforward1_.vendor as vendor6_87_1_, vnfforward1_.version as version7_87_1_, vnfforward1_.vnffgd_security_id as vnffgd_s8_87_1_, security2_.id as id1_43_2_, security2_.version as version2_43_2_ from nfventity_descriptor_vnffgd vnffgd0_ inner join vnfforwarding_graph vnfforward1_ on vnffgd0_.vnffgd_id=vnfforward1_.id left outer join security security2_ on vnfforward1_.vnffgd_security_id=security2_.id where vnffgd0_.nfventity_descriptor_Id=?
14:11:16.231 [Test worker] DEBUG o.h.l.p.b.i.spaces.QuerySpacesImpl - Adding QuerySpace : uid = <gen:0> -> org.hibernate.loader.plan.build.internal.spaces.CollectionQuerySpaceImpl@5c43ecf0]
14:11:16.231 [Test worker] DEBUG o.h.l.p.b.i.spaces.QuerySpacesImpl - Adding QuerySpace : uid = <gen:1> -> org.hibernate.loader.plan.build.internal.spaces.EntityQuerySpaceImpl@6f78afe2]
14:11:16.231 [Test worker] DEBUG o.h.p.w.spi.MetamodelGraphWalker - Visiting attribute path : connection
14:11:16.231 [Test worker] DEBUG o.h.l.p.b.i.spaces.QuerySpacesImpl - Adding QuerySpace : uid = <gen:2> -> org.hibernate.loader.plan.build.internal.spaces.CollectionQuerySpaceImpl@6241678e]
14:11:16.231 [Test worker] DEBUG o.h.p.w.spi.MetamodelGraphWalker - Visiting attribute path : policy
14:11:16.231 [Test worker] DEBUG o.h.l.p.b.i.spaces.QuerySpacesImpl - Adding QuerySpace : uid = <gen:3> -> org.hibernate.loader.plan.build.internal.spaces.EntityQuerySpaceImpl@33f5ce07]
14:11:16.231 [Test worker] DEBUG o.h.p.w.spi.MetamodelGraphWalker - Visiting attribute path : policy.version
14:11:16.231 [Test worker] DEBUG o.h.p.w.spi.MetamodelGraphWalker - Visiting attribute path : version
14:11:16.231 [Test worker] DEBUG o.h.l.p.b.i.FetchStyleLoadPlanBuildingAssociationVisitationStrategy - Building LoadPlan...
14:11:16.231 [Test worker] DEBUG o.h.l.p.e.i.LoadQueryJoinAndFetchProcessor - processing queryspace <gen:0>
14:11:16.232 [Test worker] DEBUG o.h.l.p.b.spi.LoadPlanTreePrinter - LoadPlan(collection=org.project.neutrino.nfvo.catalogue.mano.descriptor.VNFForwardingGraph.network_forwarding_path)
    - Returns
       - CollectionReturnImpl(collection=org.project.neutrino.nfvo.catalogue.mano.descriptor.VNFForwardingGraph.network_forwarding_path, querySpaceUid=<gen:0>, path=[org.project.neutrino.nfvo.catalogue.mano.descriptor.VNFForwardingGraph.network_forwarding_path])
          - (collection element) CollectionFetchableElementEntityGraph(entity=org.project.neutrino.nfvo.catalogue.mano.descriptor.NetworkForwardingPath, querySpaceUid=<gen:1>, path=[org.project.neutrino.nfvo.catalogue.mano.descriptor.VNFForwardingGraph.network_forwarding_path].<elements>)
             - CollectionAttributeFetchImpl(collection=org.project.neutrino.nfvo.catalogue.mano.descriptor.NetworkForwardingPath.connection, querySpaceUid=<gen:2>, path=[org.project.neutrino.nfvo.catalogue.mano.descriptor.VNFForwardingGraph.network_forwarding_path].<elements>.connection)
             - EntityAttributeFetchImpl(entity=org.project.neutrino.nfvo.catalogue.mano.descriptor.Policy, querySpaceUid=<gen:3>, path=[org.project.neutrino.nfvo.catalogue.mano.descriptor.VNFForwardingGraph.network_forwarding_path].<elements>.policy)
    - QuerySpaces
       - CollectionQuerySpaceImpl(uid=<gen:0>, collection=org.project.neutrino.nfvo.catalogue.mano.descriptor.VNFForwardingGraph.network_forwarding_path)
          - SQL table alias mapping - network_fo0_
          - alias suffix - 0_
          - suffixed key columns - {vnfforwa1_87_0_}
          - entity-element alias suffix - 1_
          - 1_entity-element suffixed key columns - id1_12_1_
          - JOIN (JoinDefinedByMetadata(elements)) : <gen:0> -> <gen:1>
             - EntityQuerySpaceImpl(uid=<gen:1>, entity=org.project.neutrino.nfvo.catalogue.mano.descriptor.NetworkForwardingPath)
                - SQL table alias mapping - networkfor1_
                - alias suffix - 1_
                - suffixed key columns - {id1_12_1_}
                - JOIN (JoinDefinedByMetadata(policy)) : <gen:1> -> <gen:3>
                   - EntityQuerySpaceImpl(uid=<gen:3>, entity=org.project.neutrino.nfvo.catalogue.mano.descriptor.Policy)
                      - SQL table alias mapping - policy2_
                      - alias suffix - 2_
                      - suffixed key columns - {id1_42_2_}

14:11:16.232 [Test worker] DEBUG o.h.l.c.plan.CollectionLoader - Static select for collection org.project.neutrino.nfvo.catalogue.mano.descriptor.VNFForwardingGraph.network_forwarding_path: select network_fo0_.vnfforwarding_graph_id as vnfforwa1_87_0_, network_fo0_.network_forwarding_path_id as network_2_91_0_, networkfor1_.id as id1_12_1_, networkfor1_.policy_id as policy_i3_12_1_, networkfor1_.version as version2_12_1_, policy2_.id as id1_42_2_, policy2_.version as version2_42_2_ from vnfforwarding_graph_network_forwarding_path network_fo0_ inner join network_forwarding_path networkfor1_ on network_fo0_.network_forwarding_path_id=networkfor1_.id left outer join policy policy2_ on networkfor1_.policy_id=policy2_.id where network_fo0_.vnfforwarding_graph_id=?
14:11:16.232 [Test worker] DEBUG o.h.l.p.b.i.spaces.QuerySpacesImpl - Adding QuerySpace : uid = <gen:0> -> org.hibernate.loader.plan.build.internal.spaces.CollectionQuerySpaceImpl@4bc43b39]
14:11:16.232 [Test worker] DEBUG o.h.l.p.b.i.spaces.QuerySpacesImpl - Adding QuerySpace : uid = <gen:1> -> org.hibernate.loader.plan.build.internal.spaces.EntityQuerySpaceImpl@400c420b]
14:11:16.232 [Test worker] DEBUG o.h.p.w.spi.MetamodelGraphWalker - Visiting attribute path : audit_log
14:11:16.232 [Test worker] DEBUG o.h.p.w.spi.MetamodelGraphWalker - Visiting attribute path : connection_point
14:11:16.232 [Test worker] DEBUG o.h.l.p.b.i.spaces.QuerySpacesImpl - Adding QuerySpace : uid = <gen:2> -> org.hibernate.loader.plan.build.internal.spaces.CollectionQuerySpaceImpl@d0578df]
14:11:16.232 [Test worker] DEBUG o.h.l.p.b.i.spaces.QuerySpacesImpl - Adding QuerySpace : uid = <gen:3> -> org.hibernate.loader.plan.build.internal.spaces.EntityQuerySpaceImpl@62427f26]
14:11:16.232 [Test worker] DEBUG o.h.p.w.spi.MetamodelGraphWalker - Visiting attribute path : dependent_virtual_link
14:11:16.232 [Test worker] DEBUG o.h.l.p.b.i.spaces.QuerySpacesImpl - Adding QuerySpace : uid = <gen:4> -> org.hibernate.loader.plan.build.internal.spaces.CollectionQuerySpaceImpl@7ba9ca2f]
14:11:16.232 [Test worker] DEBUG o.h.l.p.b.i.spaces.QuerySpacesImpl - Adding QuerySpace : uid = <gen:5> -> org.hibernate.loader.plan.build.internal.spaces.EntityQuerySpaceImpl@48191316]
14:11:16.232 [Test worker] DEBUG o.h.p.w.spi.MetamodelGraphWalker - Visiting attribute path : descriptor_reference
14:11:16.232 [Test worker] DEBUG o.h.l.p.b.i.spaces.QuerySpacesImpl - Adding QuerySpace : uid = <gen:6> -> org.hibernate.loader.plan.build.internal.spaces.EntityQuerySpaceImpl@66342e54]
14:11:16.232 [Test worker] DEBUG o.h.p.w.spi.MetamodelGraphWalker - Visiting attribute path : descriptor_reference.connection_point
14:11:16.232 [Test worker] DEBUG o.h.p.w.spi.MetamodelGraphWalker - Visiting attribute path : descriptor_reference.constituent_vnfs
14:11:16.232 [Test worker] DEBUG o.h.p.w.spi.MetamodelGraphWalker - Visiting attribute path : descriptor_reference.dependent_virtual_link
14:11:16.232 [Test worker] DEBUG o.h.p.w.spi.MetamodelGraphWalker - Visiting attribute path : descriptor_reference.descriptor_version
14:11:16.232 [Test worker] DEBUG o.h.p.w.spi.MetamodelGraphWalker - Visiting attribute path : descriptor_reference.hb_version
14:11:16.232 [Test worker] DEBUG o.h.p.w.spi.MetamodelGraphWalker - Visiting attribute path : descriptor_reference.network_forwarding_path
14:11:16.232 [Test worker] DEBUG o.h.p.w.spi.MetamodelGraphWalker - Visiting attribute path : descriptor_reference.number_of_endpoints
14:11:16.232 [Test worker] DEBUG o.h.p.w.spi.MetamodelGraphWalker - Visiting attribute path : descriptor_reference.number_of_virtual_links
14:11:16.232 [Test worker] DEBUG o.h.p.w.spi.MetamodelGraphWalker - Visiting attribute path : descriptor_reference.vendor
14:11:16.232 [Test worker] DEBUG o.h.p.w.spi.MetamodelGraphWalker - Visiting attribute path : descriptor_reference.version
14:11:16.232 [Test worker] DEBUG o.h.p.w.spi.MetamodelGraphWalker - Visiting attribute path : descriptor_reference.vnffgd_security
14:11:16.232 [Test worker] DEBUG o.h.l.p.b.i.spaces.QuerySpacesImpl - Adding QuerySpace : uid = <gen:7> -> org.hibernate.loader.plan.build.internal.spaces.EntityQuerySpaceImpl@1148392c]
14:11:16.232 [Test worker] DEBUG o.h.p.w.spi.MetamodelGraphWalker - Visiting attribute path : descriptor_reference.vnffgd_security.version
14:11:16.232 [Test worker] DEBUG o.h.p.w.spi.MetamodelGraphWalker - Visiting attribute path : lifecycle_event_history
14:11:16.232 [Test worker] DEBUG o.h.l.p.b.i.spaces.QuerySpacesImpl - Adding QuerySpace : uid = <gen:8> -> org.hibernate.loader.plan.build.internal.spaces.CollectionQuerySpaceImpl@2effbe46]
14:11:16.232 [Test worker] DEBUG o.h.l.p.b.i.spaces.QuerySpacesImpl - Adding QuerySpace : uid = <gen:9> -> org.hibernate.loader.plan.build.internal.spaces.EntityQuerySpaceImpl@1824fdc5]
14:11:16.232 [Test worker] DEBUG o.h.p.w.spi.MetamodelGraphWalker - Visiting attribute path : member_vnfs
14:11:16.233 [Test worker] DEBUG o.h.l.p.b.i.spaces.QuerySpacesImpl - Adding QuerySpace : uid = <gen:10> -> org.hibernate.loader.plan.build.internal.spaces.CollectionQuerySpaceImpl@24909ce5]
14:11:16.233 [Test worker] DEBUG o.h.l.p.b.i.spaces.QuerySpacesImpl - Adding QuerySpace : uid = <gen:11> -> org.hibernate.loader.plan.build.internal.spaces.EntityQuerySpaceImpl@122c9124]
14:11:16.233 [Test worker] DEBUG o.h.p.w.spi.MetamodelGraphWalker - Visiting attribute path : network_forwarding_path
14:11:16.233 [Test worker] DEBUG o.h.l.p.b.i.spaces.QuerySpacesImpl - Adding QuerySpace : uid = <gen:12> -> org.hibernate.loader.plan.build.internal.spaces.EntityQuerySpaceImpl@2becdbce]
14:11:16.233 [Test worker] DEBUG o.h.p.w.spi.MetamodelGraphWalker - Visiting attribute path : network_forwarding_path.connection
14:11:16.233 [Test worker] DEBUG o.h.l.p.b.i.spaces.QuerySpacesImpl - Adding QuerySpace : uid = <gen:13> -> org.hibernate.loader.plan.build.internal.spaces.CollectionQuerySpaceImpl@27c2b8a1]
14:11:16.233 [Test worker] DEBUG o.h.p.w.spi.MetamodelGraphWalker - Visiting attribute path : network_forwarding_path.policy
14:11:16.233 [Test worker] DEBUG o.h.l.p.b.i.spaces.QuerySpacesImpl - Adding QuerySpace : uid = <gen:14> -> org.hibernate.loader.plan.build.internal.spaces.EntityQuerySpaceImpl@60e7666b]
14:11:16.233 [Test worker] DEBUG o.h.p.w.spi.MetamodelGraphWalker - Visiting attribute path : network_forwarding_path.policy.version
14:11:16.233 [Test worker] DEBUG o.h.p.w.spi.MetamodelGraphWalker - Visiting attribute path : network_forwarding_path.version
14:11:16.233 [Test worker] DEBUG o.h.p.w.spi.MetamodelGraphWalker - Visiting attribute path : notification
14:11:16.233 [Test worker] DEBUG o.h.p.w.spi.MetamodelGraphWalker - Visiting attribute path : number_of_endpoints
14:11:16.233 [Test worker] DEBUG o.h.p.w.spi.MetamodelGraphWalker - Visiting attribute path : number_of_pnfs
14:11:16.233 [Test worker] DEBUG o.h.p.w.spi.MetamodelGraphWalker - Visiting attribute path : number_of_virtual_links
14:11:16.233 [Test worker] DEBUG o.h.p.w.spi.MetamodelGraphWalker - Visiting attribute path : number_of_vnfs
14:11:16.233 [Test worker] DEBUG o.h.p.w.spi.MetamodelGraphWalker - Visiting attribute path : parent_ns
14:11:16.233 [Test worker] DEBUG o.h.l.p.b.i.spaces.QuerySpacesImpl - Adding QuerySpace : uid = <gen:15> -> org.hibernate.loader.plan.build.internal.spaces.EntityQuerySpaceImpl@13cc507]
14:11:16.233 [Test worker] DEBUG o.h.p.w.spi.MetamodelGraphWalker - Visiting attribute path : parent_ns.audit_log
14:11:16.233 [Test worker] DEBUG o.h.p.w.spi.MetamodelGraphWalker - Visiting attribute path : parent_ns.auto_scale_policy
14:11:16.233 [Test worker] DEBUG o.h.l.p.b.i.spaces.QuerySpacesImpl - Adding QuerySpace : uid = <gen:16> -> org.hibernate.loader.plan.build.internal.spaces.CollectionQuerySpaceImpl@12dcbc63]
14:11:16.233 [Test worker] DEBUG o.h.l.p.b.i.spaces.QuerySpacesImpl - Adding QuerySpace : uid = <gen:17> -> org.hibernate.loader.plan.build.internal.spaces.EntityQuerySpaceImpl@59d41141]
14:11:16.233 [Test worker] DEBUG o.h.p.w.spi.MetamodelGraphWalker - Visiting attribute path : parent_ns.connection_point
14:11:16.234 [Test worker] DEBUG o.h.l.p.b.i.spaces.QuerySpacesImpl - Adding QuerySpace : uid = <gen:18> -> org.hibernate.loader.plan.build.internal.spaces.CollectionQuerySpaceImpl@71b8f079]
14:11:16.234 [Test worker] DEBUG o.h.l.p.b.i.spaces.QuerySpacesImpl - Adding QuerySpace : uid = <gen:19> -> org.hibernate.loader.plan.build.internal.spaces.EntityQuerySpaceImpl@24b3d243]
14:11:16.234 [Test worker] DEBUG o.h.p.w.spi.MetamodelGraphWalker - Visiting attribute path : parent_ns.descriptor_reference
14:11:16.234 [Test worker] DEBUG o.h.l.p.b.i.spaces.QuerySpacesImpl - Adding QuerySpace : uid = <gen:20> -> org.hibernate.loader.plan.build.internal.spaces.EntityQuerySpaceImpl@19b13f88]
14:11:16.234 [Test worker] DEBUG o.h.p.w.spi.MetamodelGraphWalker - Visiting attribute path : parent_ns.descriptor_reference.auto_scale_policy
14:11:16.234 [Test worker] DEBUG o.h.p.w.spi.MetamodelGraphWalker - Visiting attribute path : parent_ns.descriptor_reference.connection_point
14:11:16.234 [Test worker] DEBUG o.h.p.w.spi.MetamodelGraphWalker - Visiting attribute path : parent_ns.descriptor_reference.hb_version
14:11:16.234 [Test worker] DEBUG o.h.p.w.spi.MetamodelGraphWalker - Visiting attribute path : parent_ns.descriptor_reference.lifecycle_event
14:11:16.234 [Test worker] DEBUG o.h.p.w.spi.MetamodelGraphWalker - Visiting attribute path : parent_ns.descriptor_reference.monitoring_parameter
14:11:16.234 [Test worker] DEBUG o.h.l.p.b.i.spaces.QuerySpacesImpl - Adding QuerySpace : uid = <gen:21> -> org.hibernate.loader.plan.build.internal.spaces.CollectionQuerySpaceImpl@7752c723]
14:11:16.234 [Test worker] DEBUG o.h.p.w.spi.MetamodelGraphWalker - Visiting attribute path : parent_ns.descriptor_reference.service_deployment_flavour
14:11:16.234 [Test worker] DEBUG o.h.p.w.spi.MetamodelGraphWalker - Visiting attribute path : parent_ns.descriptor_reference.vendor
14:11:16.234 [Test worker] DEBUG o.h.p.w.spi.MetamodelGraphWalker - Visiting attribute path : parent_ns.descriptor_reference.version
14:11:16.234 [Test worker] DEBUG o.h.p.w.spi.MetamodelGraphWalker - Visiting attribute path : parent_ns.descriptor_reference.vld
14:11:16.234 [Test worker] DEBUG o.h.p.w.spi.MetamodelGraphWalker - Visiting attribute path : parent_ns.descriptor_reference.vnffgd
14:11:16.234 [Test worker] DEBUG o.h.p.w.spi.MetamodelGraphWalker - Visiting attribute path : parent_ns.descriptor_reference.deployment_flavour
14:11:16.234 [Test worker] DEBUG o.h.l.p.b.i.spaces.QuerySpacesImpl - Adding QuerySpace : uid = <gen:22> -> org.hibernate.loader.plan.build.internal.spaces.CollectionQuerySpaceImpl@5b900808]
14:11:16.234 [Test worker] DEBUG o.h.l.p.b.i.spaces.QuerySpacesImpl - Adding QuerySpace : uid = <gen:23> -> org.hibernate.loader.plan.build.internal.spaces.EntityQuerySpaceImpl@4cff742e]
14:11:16.234 [Test worker] DEBUG o.h.p.w.spi.MetamodelGraphWalker - Visiting attribute path : parent_ns.descriptor_reference.descriptor_version
14:11:16.234 [Test worker] DEBUG o.h.p.w.spi.MetamodelGraphWalker - Visiting attribute path : parent_ns.descriptor_reference.manifest_file
14:11:16.234 [Test worker] DEBUG o.h.p.w.spi.MetamodelGraphWalker - Visiting attribute path : parent_ns.descriptor_reference.manifest_file_security
14:11:16.235 [Test worker] DEBUG o.h.p.w.spi.MetamodelGraphWalker - Visiting attribute path : parent_ns.descriptor_reference.vdu
14:11:16.235 [Test worker] DEBUG o.h.p.w.spi.MetamodelGraphWalker - Visiting attribute path : parent_ns.descriptor_reference.vdu_dependency
14:11:16.235 [Test worker] DEBUG o.h.p.w.spi.MetamodelGraphWalker - Visiting attribute path : parent_ns.descriptor_reference.virtual_link
14:11:16.235 [Test worker] DEBUG o.h.p.w.spi.MetamodelGraphWalker - Visiting attribute path : parent_ns.descriptor_reference.nsd_security
14:11:16.235 [Test worker] DEBUG o.h.l.p.b.i.spaces.QuerySpacesImpl - Adding QuerySpace : uid = <gen:24> -> org.hibernate.loader.plan.build.internal.spaces.EntityQuerySpaceImpl@17249f80]
14:11:16.235 [Test worker] DEBUG o.h.p.w.spi.MetamodelGraphWalker - Visiting attribute path : parent_ns.descriptor_reference.pnfd
14:11:16.235 [Test worker] DEBUG o.h.p.w.spi.MetamodelGraphWalker - Visiting attribute path : parent_ns.descriptor_reference.vnf_dependency
14:11:16.235 [Test worker] DEBUG o.h.l.p.b.i.spaces.QuerySpacesImpl - Adding QuerySpace : uid = <gen:25> -> org.hibernate.loader.plan.build.internal.spaces.CollectionQuerySpaceImpl@6563985e]
14:11:16.235 [Test worker] DEBUG o.h.l.p.b.i.spaces.QuerySpacesImpl - Adding QuerySpace : uid = <gen:26> -> org.hibernate.loader.plan.build.internal.spaces.EntityQuerySpaceImpl@6da87752]
14:11:16.235 [Test worker] DEBUG o.h.p.w.spi.MetamodelGraphWalker - Visiting attribute path : parent_ns.descriptor_reference.vnfd
14:11:16.235 [Test worker] DEBUG o.h.l.p.b.i.spaces.QuerySpacesImpl - Adding QuerySpace : uid = <gen:27> -> org.hibernate.loader.plan.build.internal.spaces.CollectionQuerySpaceImpl@4f31e0bc]
14:11:16.235 [Test worker] DEBUG o.h.l.p.b.i.spaces.QuerySpacesImpl - Adding QuerySpace : uid = <gen:28> -> org.hibernate.loader.plan.build.internal.spaces.EntityQuerySpaceImpl@53997f42]
14:11:16.235 [Test worker] DEBUG o.h.p.w.spi.MetamodelGraphWalker - Visiting attribute path : parent_ns.lifecycle_event
14:11:16.235 [Test worker] DEBUG o.h.l.p.b.i.spaces.QuerySpacesImpl - Adding QuerySpace : uid = <gen:29> -> org.hibernate.loader.plan.build.internal.spaces.EntityQuerySpaceImpl@271f0ef]
14:11:16.235 [Test worker] DEBUG o.h.p.w.spi.MetamodelGraphWalker - Visiting attribute path : parent_ns.lifecycle_event.lifecycle_events
14:11:16.235 [Test worker] DEBUG o.h.p.w.spi.MetamodelGraphWalker - Visiting attribute path : parent_ns.lifecycle_event.version
14:11:16.235 [Test worker] DEBUG o.h.p.w.spi.MetamodelGraphWalker - Visiting attribute path : parent_ns.lifecycle_event_history
14:11:16.236 [Test worker] DEBUG o.h.l.p.b.i.spaces.QuerySpacesImpl - Adding QuerySpace : uid = <gen:30> -> org.hibernate.loader.plan.build.internal.spaces.CollectionQuerySpaceImpl@75f64cbb]
14:11:16.236 [Test worker] DEBUG o.h.l.p.b.i.spaces.QuerySpacesImpl - Adding QuerySpace : uid = <gen:31> -> org.hibernate.loader.plan.build.internal.spaces.EntityQuerySpaceImpl@7d27c57d]
14:11:16.236 [Test worker] DEBUG o.h.p.w.spi.MetamodelGraphWalker - Visiting attribute path : parent_ns.monitoring_parameter
14:11:16.236 [Test worker] DEBUG o.h.p.w.spi.MetamodelGraphWalker - Visiting attribute path : parent_ns.notification
14:11:16.236 [Test worker] DEBUG o.h.p.w.spi.MetamodelGraphWalker - Visiting attribute path : parent_ns.pnfr
14:11:16.236 [Test worker] DEBUG o.h.l.p.b.i.spaces.QuerySpacesImpl - Adding QuerySpace : uid = <gen:32> -> org.hibernate.loader.plan.build.internal.spaces.CollectionQuerySpaceImpl@3e16d1bc]
14:11:16.236 [Test worker] DEBUG o.h.l.p.b.i.spaces.QuerySpacesImpl - Adding QuerySpace : uid = <gen:33> -> org.hibernate.loader.plan.build.internal.spaces.EntityQuerySpaceImpl@4c23ad7c]
14:11:16.236 [Test worker] DEBUG o.h.p.w.spi.MetamodelGraphWalker - Visiting attribute path : parent_ns.resource_reservation
14:11:16.236 [Test worker] DEBUG o.h.p.w.spi.MetamodelGraphWalker - Visiting attribute path : parent_ns.runtime_policy_info
14:11:16.236 [Test worker] DEBUG o.h.p.w.spi.MetamodelGraphWalker - Visiting attribute path : parent_ns.service_deployment_flavour
14:11:16.236 [Test worker] DEBUG o.h.l.p.b.i.spaces.QuerySpacesImpl - Adding QuerySpace : uid = <gen:34> -> org.hibernate.loader.plan.build.internal.spaces.EntityQuerySpaceImpl@3a52cef1]
14:11:16.236 [Test worker] DEBUG o.h.p.w.spi.MetamodelGraphWalker - Visiting attribute path : parent_ns.service_deployment_flavour.flavour_key
14:11:16.236 [Test worker] DEBUG o.h.p.w.spi.MetamodelGraphWalker - Visiting attribute path : parent_ns.service_deployment_flavour.version
14:11:16.236 [Test worker] DEBUG o.h.p.w.spi.MetamodelGraphWalker - Visiting attribute path : parent_ns.service_deployment_flavour.constituent_vnf
14:11:16.236 [Test worker] DEBUG o.h.p.w.spi.MetamodelGraphWalker - Visiting attribute path : parent_ns.status
14:11:16.236 [Test worker] DEBUG o.h.p.w.spi.MetamodelGraphWalker - Visiting attribute path : parent_ns.vendor
14:11:16.236 [Test worker] DEBUG o.h.p.w.spi.MetamodelGraphWalker - Visiting attribute path : parent_ns.version
14:11:16.236 [Test worker] DEBUG o.h.p.w.spi.MetamodelGraphWalker - Visiting attribute path : parent_ns.vlr
14:11:16.236 [Test worker] DEBUG o.h.l.p.b.i.spaces.QuerySpacesImpl - Adding QuerySpace : uid = <gen:35> -> org.hibernate.loader.plan.build.internal.spaces.CollectionQuerySpaceImpl@3ff9620c]
14:11:16.236 [Test worker] DEBUG o.h.l.p.b.i.spaces.QuerySpacesImpl - Adding QuerySpace : uid = <gen:36> -> org.hibernate.loader.plan.build.internal.spaces.EntityQuerySpaceImpl@d9422a4]
14:11:16.236 [Test worker] DEBUG o.h.p.w.spi.MetamodelGraphWalker - Visiting attribute path : parent_ns.vnf_dependency
14:11:16.236 [Test worker] DEBUG o.h.l.p.b.i.spaces.QuerySpacesImpl - Adding QuerySpace : uid = <gen:37> -> org.hibernate.loader.plan.build.internal.spaces.CollectionQuerySpaceImpl@786e43f2]
14:11:16.236 [Test worker] DEBUG o.h.l.p.b.i.spaces.QuerySpacesImpl - Adding QuerySpace : uid = <gen:38> -> org.hibernate.loader.plan.build.internal.spaces.EntityQuerySpaceImpl@f2f02a3]
14:11:16.236 [Test worker] DEBUG o.h.p.w.spi.MetamodelGraphWalker - Visiting attribute path : parent_ns.vnffgr
14:11:16.236 [Test worker] DEBUG o.h.l.p.b.i.spaces.QuerySpacesImpl - Adding QuerySpace : uid = <gen:39> -> org.hibernate.loader.plan.build.internal.spaces.CollectionQuerySpaceImpl@5756231e]
14:11:16.237 [Test worker] DEBUG o.h.l.p.b.i.spaces.QuerySpacesImpl - Adding QuerySpace : uid = <gen:40> -> org.hibernate.loader.plan.build.internal.spaces.EntityQuerySpaceImpl@581bb35d]
14:11:16.237 [Test worker] DEBUG o.h.p.w.spi.MetamodelGraphWalker - Visiting attribute path : parent_ns.vnfr
14:11:16.237 [Test worker] DEBUG o.h.l.p.b.i.spaces.QuerySpacesImpl - Adding QuerySpace : uid = <gen:41> -> org.hibernate.loader.plan.build.internal.spaces.EntityQuerySpaceImpl@29ccbdc]
14:11:16.237 [Test worker] DEBUG o.h.p.w.spi.MetamodelGraphWalker - Visiting attribute path : parent_ns.vnfr.audit_log
14:11:16.237 [Test worker] DEBUG o.h.p.w.spi.MetamodelGraphWalker - Visiting attribute path : parent_ns.vnfr.auto_scale_policy
14:11:16.237 [Test worker] DEBUG o.h.l.p.b.i.spaces.QuerySpacesImpl - Adding QuerySpace : uid = <gen:42> -> org.hibernate.loader.plan.build.internal.spaces.CollectionQuerySpaceImpl@260bbaf0]
14:11:16.237 [Test worker] DEBUG o.h.l.p.b.i.spaces.QuerySpacesImpl - Adding QuerySpace : uid = <gen:43> -> org.hibernate.loader.plan.build.internal.spaces.EntityQuerySpaceImpl@4c1df613]
14:11:16.237 [Test worker] DEBUG o.h.p.w.spi.MetamodelGraphWalker - Visiting attribute path : parent_ns.vnfr.connected_external_virtual_link
14:11:16.237 [Test worker] DEBUG o.h.l.p.b.i.spaces.QuerySpacesImpl - Adding QuerySpace : uid = <gen:44> -> org.hibernate.loader.plan.build.internal.spaces.CollectionQuerySpaceImpl@4306806f]
14:11:16.237 [Test worker] DEBUG o.h.l.p.b.i.spaces.QuerySpacesImpl - Adding QuerySpace : uid = <gen:45> -> org.hibernate.loader.plan.build.internal.spaces.EntityQuerySpaceImpl@5fda19c9]
14:11:16.237 [Test worker] DEBUG o.h.p.w.spi.MetamodelGraphWalker - Visiting attribute path : parent_ns.vnfr.connection_point
14:11:16.237 [Test worker] DEBUG o.h.l.p.b.i.spaces.QuerySpacesImpl - Adding QuerySpace : uid = <gen:46> -> org.hibernate.loader.plan.build.internal.spaces.CollectionQuerySpaceImpl@67d30c48]
14:11:16.237 [Test worker] DEBUG o.h.l.p.b.i.spaces.QuerySpacesImpl - Adding QuerySpace : uid = <gen:47> -> org.hibernate.loader.plan.build.internal.spaces.EntityQuerySpaceImpl@50cb8038]
14:11:16.237 [Test worker] DEBUG o.h.p.w.spi.MetamodelGraphWalker - Visiting attribute path : parent_ns.vnfr.dependency
14:11:16.237 [Test worker] DEBUG o.h.l.p.b.i.spaces.QuerySpacesImpl - Adding QuerySpace : uid = <gen:48> -> org.hibernate.loader.plan.build.internal.spaces.CollectionQuerySpaceImpl@604f05f8]
14:11:16.237 [Test worker] DEBUG o.h.l.p.b.i.spaces.QuerySpacesImpl - Adding QuerySpace : uid = <gen:49> -> org.hibernate.loader.plan.build.internal.spaces.EntityQuerySpaceImpl@64110e2d]
14:11:16.237 [Test worker] DEBUG o.h.p.w.spi.MetamodelGraphWalker - Visiting attribute path : parent_ns.vnfr.deployment_flavour
14:11:16.237 [Test worker] DEBUG o.h.l.p.b.i.spaces.QuerySpacesImpl - Adding QuerySpace : uid = <gen:50> -> org.hibernate.loader.plan.build.internal.spaces.EntityQuerySpaceImpl@1bb9dfae]
14:11:16.237 [Test worker] DEBUG o.h.p.w.spi.MetamodelGraphWalker - Visiting attribute path : parent_ns.vnfr.descriptor_reference
14:11:16.237 [Test worker] DEBUG o.h.p.w.spi.MetamodelGraphWalker - Visiting attribute path : parent_ns.vnfr.lifecycle_event
14:11:16.238 [Test worker] DEBUG o.h.l.p.b.i.spaces.QuerySpacesImpl - Adding QuerySpace : uid = <gen:51> -> org.hibernate.loader.plan.build.internal.spaces.EntityQuerySpaceImpl@480c26ba]
14:11:16.238 [Test worker] DEBUG o.h.p.w.spi.MetamodelGraphWalker - Visiting attribute path : parent_ns.vnfr.lifecycle_event_history
14:11:16.238 [Test worker] DEBUG o.h.l.p.b.i.spaces.QuerySpacesImpl - Adding QuerySpace : uid = <gen:52> -> org.hibernate.loader.plan.build.internal.spaces.CollectionQuerySpaceImpl@15c2a24a]
14:11:16.238 [Test worker] DEBUG o.h.l.p.b.i.spaces.QuerySpacesImpl - Adding QuerySpace : uid = <gen:53> -> org.hibernate.loader.plan.build.internal.spaces.EntityQuerySpaceImpl@1d2cb36f]
14:11:16.238 [Test worker] DEBUG o.h.p.w.spi.MetamodelGraphWalker - Visiting attribute path : parent_ns.vnfr.localization
14:11:16.238 [Test worker] DEBUG o.h.p.w.spi.MetamodelGraphWalker - Visiting attribute path : parent_ns.vnfr.monitoring_parameter
14:11:16.238 [Test worker] DEBUG o.h.p.w.spi.MetamodelGraphWalker - Visiting attribute path : parent_ns.vnfr.notification
14:11:16.238 [Test worker] DEBUG o.h.p.w.spi.MetamodelGraphWalker - Visiting attribute path : parent_ns.vnfr.parent_ns
14:11:16.238 [Test worker] DEBUG o.h.l.p.b.i.spaces.QuerySpacesImpl - Adding QuerySpace : uid = <gen:54> -> org.hibernate.loader.plan.build.internal.spaces.EntityQuerySpaceImpl@61b84b5f]
14:11:16.238 [Test worker] DEBUG o.h.p.w.spi.MetamodelGraphWalker - Visiting attribute path : parent_ns.vnfr.runtime_policy_info
14:11:16.238 [Test worker] DEBUG o.h.p.w.spi.MetamodelGraphWalker - Visiting attribute path : parent_ns.vnfr.status
14:11:16.238 [Test worker] DEBUG o.h.p.w.spi.MetamodelGraphWalker - Visiting attribute path : parent_ns.vnfr.vdu
14:11:16.238 [Test worker] DEBUG o.h.l.p.b.i.spaces.QuerySpacesImpl - Adding QuerySpace : uid = <gen:55> -> org.hibernate.loader.plan.build.internal.spaces.CollectionQuerySpaceImpl@a5c7c18]
14:11:16.238 [Test worker] DEBUG o.h.l.p.b.i.spaces.QuerySpacesImpl - Adding QuerySpace : uid = <gen:56> -> org.hibernate.loader.plan.build.internal.spaces.EntityQuerySpaceImpl@3dd710f8]
14:11:16.238 [Test worker] DEBUG o.h.p.w.spi.MetamodelGraphWalker - Visiting attribute path : parent_ns.vnfr.vendor
14:11:16.238 [Test worker] DEBUG o.h.p.w.spi.MetamodelGraphWalker - Visiting attribute path : parent_ns.vnfr.version
14:11:16.238 [Test worker] DEBUG o.h.p.w.spi.MetamodelGraphWalker - Visiting attribute path : parent_ns.vnfr.virtual_link
14:11:16.238 [Test worker] DEBUG o.h.l.p.b.i.spaces.QuerySpacesImpl - Adding QuerySpace : uid = <gen:57> -> org.hibernate.loader.plan.build.internal.spaces.CollectionQuerySpaceImpl@729b297f]
14:11:16.238 [Test worker] DEBUG o.h.l.p.b.i.spaces.QuerySpacesImpl - Adding QuerySpace : uid = <gen:58> -> org.hibernate.loader.plan.build.internal.spaces.EntityQuerySpaceImpl@28c18ba1]
14:11:16.238 [Test worker] DEBUG o.h.p.w.spi.MetamodelGraphWalker - Visiting attribute path : parent_ns.vnfr.vnf_address
14:11:16.238 [Test worker] DEBUG o.h.p.w.spi.MetamodelGraphWalker - Visiting attribute path : parent_ns.vnfr.vnfm_id
14:11:16.238 [Test worker] DEBUG o.h.p.w.spi.MetamodelGraphWalker - Visiting attribute path : status
14:11:16.238 [Test worker] DEBUG o.h.p.w.spi.MetamodelGraphWalker - Visiting attribute path : vendor
14:11:16.238 [Test worker] DEBUG o.h.p.w.spi.MetamodelGraphWalker - Visiting attribute path : version
14:11:16.238 [Test worker] DEBUG o.h.l.p.b.i.FetchStyleLoadPlanBuildingAssociationVisitationStrategy - Building LoadPlan...
14:11:16.239 [Test worker] DEBUG o.h.l.p.e.i.LoadQueryJoinAndFetchProcessor - processing queryspace <gen:0>
14:11:16.240 [Test worker] DEBUG o.h.l.p.b.spi.LoadPlanTreePrinter - LoadPlan(collection=org.project.neutrino.nfvo.catalogue.mano.record.VirtualLinkRecord.vnffgr_reference)
    - Returns
       - CollectionReturnImpl(collection=org.project.neutrino.nfvo.catalogue.mano.record.VirtualLinkRecord.vnffgr_reference, querySpaceUid=<gen:0>, path=[org.project.neutrino.nfvo.catalogue.mano.record.VirtualLinkRecord.vnffgr_reference])
          - (collection element) CollectionFetchableElementEntityGraph(entity=org.project.neutrino.nfvo.catalogue.mano.record.VNFForwardingGraphRecord, querySpaceUid=<gen:1>, path=[org.project.neutrino.nfvo.catalogue.mano.record.VirtualLinkRecord.vnffgr_reference].<elements>)
             - CollectionAttributeFetchImpl(collection=org.project.neutrino.nfvo.catalogue.mano.record.VNFForwardingGraphRecord.connection_point, querySpaceUid=<gen:2>, path=[org.project.neutrino.nfvo.catalogue.mano.record.VirtualLinkRecord.vnffgr_reference].<elements>.connection_point)
                - (collection element) CollectionFetchableElementEntityGraph(entity=org.project.neutrino.nfvo.catalogue.mano.descriptor.VNFDConnectionPoint, querySpaceUid=<gen:3>, path=[org.project.neutrino.nfvo.catalogue.mano.record.VirtualLinkRecord.vnffgr_reference].<elements>.connection_point.<elements>)
             - CollectionAttributeFetchImpl(collection=org.project.neutrino.nfvo.catalogue.mano.record.VNFForwardingGraphRecord.dependent_virtual_link, querySpaceUid=<gen:4>, path=[org.project.neutrino.nfvo.catalogue.mano.record.VirtualLinkRecord.vnffgr_reference].<elements>.dependent_virtual_link)
                - (collection element) CollectionFetchableElementEntityGraph(entity=org.project.neutrino.nfvo.catalogue.mano.record.VirtualLinkRecord, querySpaceUid=<gen:5>, path=[org.project.neutrino.nfvo.catalogue.mano.record.VirtualLinkRecord.vnffgr_reference].<elements>.dependent_virtual_link.<elements>)
             - EntityAttributeFetchImpl(entity=org.project.neutrino.nfvo.catalogue.mano.descriptor.VNFForwardingGraph, querySpaceUid=<gen:6>, path=[org.project.neutrino.nfvo.catalogue.mano.record.VirtualLinkRecord.vnffgr_reference].<elements>.descriptor_reference)
                - EntityAttributeFetchImpl(entity=org.project.neutrino.nfvo.catalogue.mano.common.Security, querySpaceUid=<gen:7>, path=[org.project.neutrino.nfvo.catalogue.mano.record.VirtualLinkRecord.vnffgr_reference].<elements>.descriptor_reference.vnffgd_security)
             - CollectionAttributeFetchImpl(collection=org.project.neutrino.nfvo.catalogue.mano.record.VNFForwardingGraphRecord.lifecycle_event_history, querySpaceUid=<gen:8>, path=[org.project.neutrino.nfvo.catalogue.mano.record.VirtualLinkRecord.vnffgr_reference].<elements>.lifecycle_event_history)
                - (collection element) CollectionFetchableElementEntityGraph(entity=org.project.neutrino.nfvo.catalogue.mano.common.LifecycleEvent, querySpaceUid=<gen:9>, path=[org.project.neutrino.nfvo.catalogue.mano.record.VirtualLinkRecord.vnffgr_reference].<elements>.lifecycle_event_history.<elements>)
             - CollectionAttributeFetchImpl(collection=org.project.neutrino.nfvo.catalogue.mano.record.VNFForwardingGraphRecord.member_vnfs, querySpaceUid=<gen:10>, path=[org.project.neutrino.nfvo.catalogue.mano.record.VirtualLinkRecord.vnffgr_reference].<elements>.member_vnfs)
                - (collection element) CollectionFetchableElementEntityGraph(entity=org.project.neutrino.nfvo.catalogue.mano.record.VirtualNetworkFunctionRecord, querySpaceUid=<gen:11>, path=[org.project.neutrino.nfvo.catalogue.mano.record.VirtualLinkRecord.vnffgr_reference].<elements>.member_vnfs.<elements>)
             - EntityAttributeFetchImpl(entity=org.project.neutrino.nfvo.catalogue.mano.descriptor.NetworkForwardingPath, querySpaceUid=<gen:12>, path=[org.project.neutrino.nfvo.catalogue.mano.record.VirtualLinkRecord.vnffgr_reference].<elements>.network_forwarding_path)
                - CollectionAttributeFetchImpl(collection=org.project.neutrino.nfvo.catalogue.mano.descriptor.NetworkForwardingPath.connection, querySpaceUid=<gen:13>, path=[org.project.neutrino.nfvo.catalogue.mano.record.VirtualLinkRecord.vnffgr_reference].<elements>.network_forwarding_path.connection)
                - EntityAttributeFetchImpl(entity=org.project.neutrino.nfvo.catalogue.mano.descriptor.Policy, querySpaceUid=<gen:14>, path=[org.project.neutrino.nfvo.catalogue.mano.record.VirtualLinkRecord.vnffgr_reference].<elements>.network_forwarding_path.policy)
             - EntityAttributeFetchImpl(entity=org.project.neutrino.nfvo.catalogue.mano.record.NetworkServiceRecord, querySpaceUid=<gen:15>, path=[org.project.neutrino.nfvo.catalogue.mano.record.VirtualLinkRecord.vnffgr_reference].<elements>.parent_ns)
                - CollectionAttributeFetchImpl(collection=org.project.neutrino.nfvo.catalogue.mano.record.NetworkServiceRecord.auto_scale_policy, querySpaceUid=<gen:16>, path=[org.project.neutrino.nfvo.catalogue.mano.record.VirtualLinkRecord.vnffgr_reference].<elements>.parent_ns.auto_scale_policy)
                   - (collection element) CollectionFetchableElementEntityGraph(entity=org.project.neutrino.nfvo.catalogue.mano.common.AutoScalePolicy, querySpaceUid=<gen:17>, path=[org.project.neutrino.nfvo.catalogue.mano.record.VirtualLinkRecord.vnffgr_reference].<elements>.parent_ns.auto_scale_policy.<elements>)
                - CollectionAttributeFetchImpl(collection=org.project.neutrino.nfvo.catalogue.mano.record.NetworkServiceRecord.connection_point, querySpaceUid=<gen:18>, path=[org.project.neutrino.nfvo.catalogue.mano.record.VirtualLinkRecord.vnffgr_reference].<elements>.parent_ns.connection_point)
                   - (collection element) CollectionFetchableElementEntityGraph(entity=org.project.neutrino.nfvo.catalogue.mano.common.ConnectionPoint, querySpaceUid=<gen:19>, path=[org.project.neutrino.nfvo.catalogue.mano.record.VirtualLinkRecord.vnffgr_reference].<elements>.parent_ns.connection_point.<elements>)
                - EntityAttributeFetchImpl(entity=org.project.neutrino.nfvo.catalogue.mano.common.NFVEntityDescriptor, querySpaceUid=<gen:20>, path=[org.project.neutrino.nfvo.catalogue.mano.record.VirtualLinkRecord.vnffgr_reference].<elements>.parent_ns.descriptor_reference)
                   - CollectionAttributeFetchImpl(collection=org.project.neutrino.nfvo.catalogue.mano.common.NFVEntityDescriptor.monitoring_parameter, querySpaceUid=<gen:21>, path=[org.project.neutrino.nfvo.catalogue.mano.record.VirtualLinkRecord.vnffgr_reference].<elements>.parent_ns.descriptor_reference.monitoring_parameter)
                   - CollectionAttributeFetchImpl(collection=org.project.neutrino.nfvo.catalogue.mano.descriptor.VirtualNetworkFunctionDescriptor.deployment_flavour, querySpaceUid=<gen:22>, path=[org.project.neutrino.nfvo.catalogue.mano.record.VirtualLinkRecord.vnffgr_reference].<elements>.parent_ns.descriptor_reference.deployment_flavour)
                      - (collection element) CollectionFetchableElementEntityGraph(entity=org.project.neutrino.nfvo.catalogue.mano.descriptor.VNFDDeploymentFlavour, querySpaceUid=<gen:23>, path=[org.project.neutrino.nfvo.catalogue.mano.record.VirtualLinkRecord.vnffgr_reference].<elements>.parent_ns.descriptor_reference.deployment_flavour.<elements>)
                   - EntityAttributeFetchImpl(entity=org.project.neutrino.nfvo.catalogue.mano.common.Security, querySpaceUid=<gen:24>, path=[org.project.neutrino.nfvo.catalogue.mano.record.VirtualLinkRecord.vnffgr_reference].<elements>.parent_ns.descriptor_reference.nsd_security)
                   - CollectionAttributeFetchImpl(collection=org.project.neutrino.nfvo.catalogue.mano.descriptor.NetworkServiceDescriptor.vnf_dependency, querySpaceUid=<gen:25>, path=[org.project.neutrino.nfvo.catalogue.mano.record.VirtualLinkRecord.vnffgr_reference].<elements>.parent_ns.descriptor_reference.vnf_dependency)
                      - (collection element) CollectionFetchableElementEntityGraph(entity=org.project.neutrino.nfvo.catalogue.mano.common.VNFDependency, querySpaceUid=<gen:26>, path=[org.project.neutrino.nfvo.catalogue.mano.record.VirtualLinkRecord.vnffgr_reference].<elements>.parent_ns.descriptor_reference.vnf_dependency.<elements>)
                   - CollectionAttributeFetchImpl(collection=org.project.neutrino.nfvo.catalogue.mano.descriptor.NetworkServiceDescriptor.vnfd, querySpaceUid=<gen:27>, path=[org.project.neutrino.nfvo.catalogue.mano.record.VirtualLinkRecord.vnffgr_reference].<elements>.parent_ns.descriptor_reference.vnfd)
                      - (collection element) CollectionFetchableElementEntityGraph(entity=org.project.neutrino.nfvo.catalogue.mano.descriptor.VirtualNetworkFunctionDescriptor, querySpaceUid=<gen:28>, path=[org.project.neutrino.nfvo.catalogue.mano.record.VirtualLinkRecord.vnffgr_reference].<elements>.parent_ns.descriptor_reference.vnfd.<elements>)
                - EntityAttributeFetchImpl(entity=org.project.neutrino.nfvo.catalogue.mano.common.LifecycleEvent, querySpaceUid=<gen:29>, path=[org.project.neutrino.nfvo.catalogue.mano.record.VirtualLinkRecord.vnffgr_reference].<elements>.parent_ns.lifecycle_event)
                - CollectionAttributeFetchImpl(collection=org.project.neutrino.nfvo.catalogue.mano.record.NetworkServiceRecord.lifecycle_event_history, querySpaceUid=<gen:30>, path=[org.project.neutrino.nfvo.catalogue.mano.record.VirtualLinkRecord.vnffgr_reference].<elements>.parent_ns.lifecycle_event_history)
                   - (collection element) CollectionFetchableElementEntityGraph(entity=org.project.neutrino.nfvo.catalogue.mano.common.LifecycleEvent, querySpaceUid=<gen:31>, path=[org.project.neutrino.nfvo.catalogue.mano.record.VirtualLinkRecord.vnffgr_reference].<elements>.parent_ns.lifecycle_event_history.<elements>)
                - CollectionAttributeFetchImpl(collection=org.project.neutrino.nfvo.catalogue.mano.record.NetworkServiceRecord.pnfr, querySpaceUid=<gen:32>, path=[org.project.neutrino.nfvo.catalogue.mano.record.VirtualLinkRecord.vnffgr_reference].<elements>.parent_ns.pnfr)
                   - (collection element) CollectionFetchableElementEntityGraph(entity=org.project.neutrino.nfvo.catalogue.mano.record.PhysicalNetworkFunctionRecord, querySpaceUid=<gen:33>, path=[org.project.neutrino.nfvo.catalogue.mano.record.VirtualLinkRecord.vnffgr_reference].<elements>.parent_ns.pnfr.<elements>)
                - EntityAttributeFetchImpl(entity=org.project.neutrino.nfvo.catalogue.mano.common.ServiceDeploymentFlavour, querySpaceUid=<gen:34>, path=[org.project.neutrino.nfvo.catalogue.mano.record.VirtualLinkRecord.vnffgr_reference].<elements>.parent_ns.service_deployment_flavour)
                - CollectionAttributeFetchImpl(collection=org.project.neutrino.nfvo.catalogue.mano.record.NetworkServiceRecord.vlr, querySpaceUid=<gen:35>, path=[org.project.neutrino.nfvo.catalogue.mano.record.VirtualLinkRecord.vnffgr_reference].<elements>.parent_ns.vlr)
                   - (collection element) CollectionFetchableElementEntityGraph(entity=org.project.neutrino.nfvo.catalogue.mano.record.VirtualLinkRecord, querySpaceUid=<gen:36>, path=[org.project.neutrino.nfvo.catalogue.mano.record.VirtualLinkRecord.vnffgr_reference].<elements>.parent_ns.vlr.<elements>)
                - CollectionAttributeFetchImpl(collection=org.project.neutrino.nfvo.catalogue.mano.record.NetworkServiceRecord.vnf_dependency, querySpaceUid=<gen:37>, path=[org.project.neutrino.nfvo.catalogue.mano.record.VirtualLinkRecord.vnffgr_reference].<elements>.parent_ns.vnf_dependency)
                   - (collection element) CollectionFetchableElementEntityGraph(entity=org.project.neutrino.nfvo.catalogue.mano.common.VNFDependency, querySpaceUid=<gen:38>, path=[org.project.neutrino.nfvo.catalogue.mano.record.VirtualLinkRecord.vnffgr_reference].<elements>.parent_ns.vnf_dependency.<elements>)
                - CollectionAttributeFetchImpl(collection=org.project.neutrino.nfvo.catalogue.mano.record.NetworkServiceRecord.vnffgr, querySpaceUid=<gen:39>, path=[org.project.neutrino.nfvo.catalogue.mano.record.VirtualLinkRecord.vnffgr_reference].<elements>.parent_ns.vnffgr)
                   - (collection element) CollectionFetchableElementEntityGraph(entity=org.project.neutrino.nfvo.catalogue.mano.descriptor.VNFForwardingGraph, querySpaceUid=<gen:40>, path=[org.project.neutrino.nfvo.catalogue.mano.record.VirtualLinkRecord.vnffgr_reference].<elements>.parent_ns.vnffgr.<elements>)
                - EntityAttributeFetchImpl(entity=org.project.neutrino.nfvo.catalogue.mano.record.VirtualNetworkFunctionRecord, querySpaceUid=<gen:41>, path=[org.project.neutrino.nfvo.catalogue.mano.record.VirtualLinkRecord.vnffgr_reference].<elements>.parent_ns.vnfr)
                   - CollectionAttributeFetchImpl(collection=org.project.neutrino.nfvo.catalogue.mano.record.VirtualNetworkFunctionRecord.auto_scale_policy, querySpaceUid=<gen:42>, path=[org.project.neutrino.nfvo.catalogue.mano.record.VirtualLinkRecord.vnffgr_reference].<elements>.parent_ns.vnfr.auto_scale_policy)
                      - (collection element) CollectionFetchableElementEntityGraph(entity=org.project.neutrino.nfvo.catalogue.mano.common.AutoScalePolicy, querySpaceUid=<gen:43>, path=[org.project.neutrino.nfvo.catalogue.mano.record.VirtualLinkRecord.vnffgr_reference].<elements>.parent_ns.vnfr.auto_scale_policy.<elements>)
                   - CollectionAttributeFetchImpl(collection=org.project.neutrino.nfvo.catalogue.mano.record.VirtualNetworkFunctionRecord.connected_external_virtual_link, querySpaceUid=<gen:44>, path=[org.project.neutrino.nfvo.catalogue.mano.record.VirtualLinkRecord.vnffgr_reference].<elements>.parent_ns.vnfr.connected_external_virtual_link)
                      - (collection element) CollectionFetchableElementEntityGraph(entity=org.project.neutrino.nfvo.catalogue.mano.record.VirtualLinkRecord, querySpaceUid=<gen:45>, path=[org.project.neutrino.nfvo.catalogue.mano.record.VirtualLinkRecord.vnffgr_reference].<elements>.parent_ns.vnfr.connected_external_virtual_link.<elements>)
                   - CollectionAttributeFetchImpl(collection=org.project.neutrino.nfvo.catalogue.mano.record.VirtualNetworkFunctionRecord.connection_point, querySpaceUid=<gen:46>, path=[org.project.neutrino.nfvo.catalogue.mano.record.VirtualLinkRecord.vnffgr_reference].<elements>.parent_ns.vnfr.connection_point)
                      - (collection element) CollectionFetchableElementEntityGraph(entity=org.project.neutrino.nfvo.catalogue.mano.common.ConnectionPoint, querySpaceUid=<gen:47>, path=[org.project.neutrino.nfvo.catalogue.mano.record.VirtualLinkRecord.vnffgr_reference].<elements>.parent_ns.vnfr.connection_point.<elements>)
                   - CollectionAttributeFetchImpl(collection=org.project.neutrino.nfvo.catalogue.mano.record.VirtualNetworkFunctionRecord.dependency, querySpaceUid=<gen:48>, path=[org.project.neutrino.nfvo.catalogue.mano.record.VirtualLinkRecord.vnffgr_reference].<elements>.parent_ns.vnfr.dependency)
                      - (collection element) CollectionFetchableElementEntityGraph(entity=org.project.neutrino.nfvo.catalogue.mano.common.VNFDependency, querySpaceUid=<gen:49>, path=[org.project.neutrino.nfvo.catalogue.mano.record.VirtualLinkRecord.vnffgr_reference].<elements>.parent_ns.vnfr.dependency.<elements>)
                   - EntityAttributeFetchImpl(entity=org.project.neutrino.nfvo.catalogue.mano.descriptor.VNFDDeploymentFlavour, querySpaceUid=<gen:50>, path=[org.project.neutrino.nfvo.catalogue.mano.record.VirtualLinkRecord.vnffgr_reference].<elements>.parent_ns.vnfr.deployment_flavour)
                   - EntityAttributeFetchImpl(entity=org.project.neutrino.nfvo.catalogue.mano.common.LifecycleEvent, querySpaceUid=<gen:51>, path=[org.project.neutrino.nfvo.catalogue.mano.record.VirtualLinkRecord.vnffgr_reference].<elements>.parent_ns.vnfr.lifecycle_event)
                   - CollectionAttributeFetchImpl(collection=org.project.neutrino.nfvo.catalogue.mano.record.VirtualNetworkFunctionRecord.lifecycle_event_history, querySpaceUid=<gen:52>, path=[org.project.neutrino.nfvo.catalogue.mano.record.VirtualLinkRecord.vnffgr_reference].<elements>.parent_ns.vnfr.lifecycle_event_history)
                      - (collection element) CollectionFetchableElementEntityGraph(entity=org.project.neutrino.nfvo.catalogue.mano.common.LifecycleEvent, querySpaceUid=<gen:53>, path=[org.project.neutrino.nfvo.catalogue.mano.record.VirtualLinkRecord.vnffgr_reference].<elements>.parent_ns.vnfr.lifecycle_event_history.<elements>)
                   - EntityAttributeFetchImpl(entity=org.project.neutrino.nfvo.catalogue.mano.record.NetworkServiceRecord, querySpaceUid=<gen:54>, path=[org.project.neutrino.nfvo.catalogue.mano.record.VirtualLinkRecord.vnffgr_reference].<elements>.parent_ns.vnfr.parent_ns)
                   - CollectionAttributeFetchImpl(collection=org.project.neutrino.nfvo.catalogue.mano.record.VirtualNetworkFunctionRecord.vdu, querySpaceUid=<gen:55>, path=[org.project.neutrino.nfvo.catalogue.mano.record.VirtualLinkRecord.vnffgr_reference].<elements>.parent_ns.vnfr.vdu)
                      - (collection element) CollectionFetchableElementEntityGraph(entity=org.project.neutrino.nfvo.catalogue.mano.descriptor.VirtualDeploymentUnit, querySpaceUid=<gen:56>, path=[org.project.neutrino.nfvo.catalogue.mano.record.VirtualLinkRecord.vnffgr_reference].<elements>.parent_ns.vnfr.vdu.<elements>)
                   - CollectionAttributeFetchImpl(collection=org.project.neutrino.nfvo.catalogue.mano.record.VirtualNetworkFunctionRecord.virtual_link, querySpaceUid=<gen:57>, path=[org.project.neutrino.nfvo.catalogue.mano.record.VirtualLinkRecord.vnffgr_reference].<elements>.parent_ns.vnfr.virtual_link)
                      - (collection element) CollectionFetchableElementEntityGraph(entity=org.project.neutrino.nfvo.catalogue.mano.descriptor.InternalVirtualLink, querySpaceUid=<gen:58>, path=[org.project.neutrino.nfvo.catalogue.mano.record.VirtualLinkRecord.vnffgr_reference].<elements>.parent_ns.vnfr.virtual_link.<elements>)
    - QuerySpaces
       - CollectionQuerySpaceImpl(uid=<gen:0>, collection=org.project.neutrino.nfvo.catalogue.mano.record.VirtualLinkRecord.vnffgr_reference)
          - SQL table alias mapping - vnffgr_ref0_
          - alias suffix - 0_
          - suffixed key columns - {virtual_1_54_0_}
          - entity-element alias suffix - 1_
          - 1_entity-element suffixed key columns - id1_92_1_
          - JOIN (JoinDefinedByMetadata(elements)) : <gen:0> -> <gen:1>
             - EntityQuerySpaceImpl(uid=<gen:1>, entity=org.project.neutrino.nfvo.catalogue.mano.record.VNFForwardingGraphRecord)
                - SQL table alias mapping - vnfforward1_
                - alias suffix - 1_
                - suffixed key columns - {id1_92_1_}
                - JOIN (JoinDefinedByMetadata(descriptor_reference)) : <gen:1> -> <gen:6>
                   - EntityQuerySpaceImpl(uid=<gen:6>, entity=org.project.neutrino.nfvo.catalogue.mano.descriptor.VNFForwardingGraph)
                      - SQL table alias mapping - vnfforward2_
                      - alias suffix - 2_
                      - suffixed key columns - {id1_87_2_}
                      - JOIN (JoinDefinedByMetadata(vnffgd_security)) : <gen:6> -> <gen:7>
                         - EntityQuerySpaceImpl(uid=<gen:7>, entity=org.project.neutrino.nfvo.catalogue.mano.common.Security)
                            - SQL table alias mapping - security3_
                            - alias suffix - 3_
                            - suffixed key columns - {id1_43_3_}
                - JOIN (JoinDefinedByMetadata(network_forwarding_path)) : <gen:1> -> <gen:12>
                   - EntityQuerySpaceImpl(uid=<gen:12>, entity=org.project.neutrino.nfvo.catalogue.mano.descriptor.NetworkForwardingPath)
                      - SQL table alias mapping - networkfor4_
                      - alias suffix - 4_
                      - suffixed key columns - {id1_12_4_}
                      - JOIN (JoinDefinedByMetadata(policy)) : <gen:12> -> <gen:14>
                         - EntityQuerySpaceImpl(uid=<gen:14>, entity=org.project.neutrino.nfvo.catalogue.mano.descriptor.Policy)
                            - SQL table alias mapping - policy5_
                            - alias suffix - 5_
                            - suffixed key columns - {id1_42_5_}
                - JOIN (JoinDefinedByMetadata(parent_ns)) : <gen:1> -> <gen:15>
                   - EntityQuerySpaceImpl(uid=<gen:15>, entity=org.project.neutrino.nfvo.catalogue.mano.record.NetworkServiceRecord)
                      - SQL table alias mapping - networkser6_
                      - alias suffix - 6_
                      - suffixed key columns - {id1_18_6_}
                      - JOIN (JoinDefinedByMetadata(descriptor_reference)) : <gen:15> -> <gen:20>
                         - EntityQuerySpaceImpl(uid=<gen:20>, entity=org.project.neutrino.nfvo.catalogue.mano.common.NFVEntityDescriptor)
                            - SQL table alias mapping - nfventityd7_
                            - alias suffix - 7_
                            - suffixed key columns - {id1_27_7_}
                      - JOIN (JoinDefinedByMetadata(lifecycle_event)) : <gen:15> -> <gen:29>
                         - EntityQuerySpaceImpl(uid=<gen:29>, entity=org.project.neutrino.nfvo.catalogue.mano.common.LifecycleEvent)
                            - SQL table alias mapping - lifecyclee8_
                            - alias suffix - 8_
                            - suffixed key columns - {id1_10_8_}
                      - JOIN (JoinDefinedByMetadata(service_deployment_flavour)) : <gen:15> -> <gen:34>
                         - EntityQuerySpaceImpl(uid=<gen:34>, entity=org.project.neutrino.nfvo.catalogue.mano.common.ServiceDeploymentFlavour)
                            - SQL table alias mapping - servicedep9_
                            - alias suffix - 9_
                            - suffixed key columns - {id1_7_9_}
                      - JOIN (JoinDefinedByMetadata(vnfr)) : <gen:15> -> <gen:41>
                         - EntityQuerySpaceImpl(uid=<gen:41>, entity=org.project.neutrino.nfvo.catalogue.mano.record.VirtualNetworkFunctionRecord)
                            - SQL table alias mapping - virtualnet10_
                            - alias suffix - 10_
                            - suffixed key columns - {id1_68_10_}

14:11:16.241 [Test worker] DEBUG o.h.l.c.plan.CollectionLoader - Static select for collection org.project.neutrino.nfvo.catalogue.mano.record.VirtualLinkRecord.vnffgr_reference: select vnffgr_ref0_.virtual_link_record_id as virtual_1_54_0_, vnffgr_ref0_.vnffgr_reference_id as vnffgr_r2_61_0_, vnfforward1_.id as id1_92_1_, vnfforward1_.audit_log as audit_lo2_92_1_, vnfforward1_.descriptor_reference_id as descrip10_92_1_, vnfforward1_.network_forwarding_path_id as network11_92_1_, vnfforward1_.number_of_endpoints as number_o3_92_1_, vnfforward1_.number_of_pnfs as number_o4_92_1_, vnfforward1_.number_of_virtual_links as number_o5_92_1_, vnfforward1_.number_of_vnfs as number_o6_92_1_, vnfforward1_.parent_ns_id as parent_12_92_1_, vnfforward1_.status as status7_92_1_, vnfforward1_.vendor as vendor8_92_1_, vnfforward1_.version as version9_92_1_, vnfforward2_.id as id1_87_2_, vnfforward2_.descriptor_version as descript2_87_2_, vnfforward2_.hb_version as hb_versi3_87_2_, vnfforward2_.number_of_endpoints as number_o4_87_2_, vnfforward2_.number_of_virtual_links as number_o5_87_2_, vnfforward2_.vendor as vendor6_87_2_, vnfforward2_.version as version7_87_2_, vnfforward2_.vnffgd_security_id as vnffgd_s8_87_2_, security3_.id as id1_43_3_, security3_.version as version2_43_3_, networkfor4_.id as id1_12_4_, networkfor4_.policy_id as policy_i3_12_4_, networkfor4_.version as version2_12_4_, policy5_.id as id1_42_5_, policy5_.version as version2_42_5_, networkser6_.id as id1_18_6_, networkser6_.audit_log as audit_lo2_18_6_, networkser6_.descriptor_reference_Id as descript9_18_6_, networkser6_.lifecycle_event_id as lifecyc10_18_6_, networkser6_.notification as notifica3_18_6_, networkser6_.resource_reservation as resource4_18_6_, networkser6_.runtime_policy_info as runtime_5_18_6_, networkser6_.service_deployment_flavour_id as service11_18_6_, networkser6_.status as status6_18_6_, networkser6_.vendor as vendor7_18_6_, networkser6_.version as version8_18_6_, networkser6_.vnfr_id as vnfr_id12_18_6_, nfventityd7_.id as id1_27_7_, nfventityd7_.hb_version as hb_versi2_27_7_, nfventityd7_.vendor as vendor3_27_7_, nfventityd7_.version as version4_27_7_, nfventityd7_.descriptor_version as descript1_62_7_, nfventityd7_.manifest_file as manifest2_62_7_, nfventityd7_.nsd_security_id as nsd_secu1_14_7_, nfventityd7_.clazz_ as clazz_7_, lifecyclee8_.id as id1_10_8_, lifecyclee8_.version as version2_10_8_, servicedep9_.id as id1_7_9_, servicedep9_.flavour_key as flavour_2_7_9_, servicedep9_.version as version3_7_9_, virtualnet10_.id as id1_68_10_, virtualnet10_.audit_log as audit_lo2_68_10_, virtualnet10_.deployment_flavour_id as deployme9_68_10_, virtualnet10_.descriptor_reference as descript3_68_10_, virtualnet10_.lifecycle_event_id as lifecyc10_68_10_, virtualnet10_.localization as localiza4_68_10_, virtualnet10_.parent_ns_id as parent_11_68_10_, virtualnet10_.status as status5_68_10_, virtualnet10_.vendor as vendor6_68_10_, virtualnet10_.version as version7_68_10_, virtualnet10_.vnfm_id as vnfm_id8_68_10_ from virtual_link_record_vnffgr_reference vnffgr_ref0_ inner join vnfforwarding_graph_record vnfforward1_ on vnffgr_ref0_.vnffgr_reference_id=vnfforward1_.id left outer join vnfforwarding_graph vnfforward2_ on vnfforward1_.descriptor_reference_id=vnfforward2_.id left outer join security security3_ on vnfforward2_.vnffgd_security_id=security3_.id left outer join network_forwarding_path networkfor4_ on vnfforward1_.network_forwarding_path_id=networkfor4_.id left outer join policy policy5_ on networkfor4_.policy_id=policy5_.id left outer join network_service_record networkser6_ on vnfforward1_.parent_ns_id=networkser6_.id left outer join ( select id, hb_version, vendor, version, descriptor_version, manifest_file, null as nsd_security_id, 1 as clazz_ from virtual_network_function_descriptor union select id, hb_version, vendor, version, null as descriptor_version, null as manifest_file, nsd_security_id, 2 as clazz_ from network_service_descriptor ) nfventityd7_ on networkser6_.descriptor_reference_Id=nfventityd7_.id left outer join lifecycle_event lifecyclee8_ on networkser6_.lifecycle_event_id=lifecyclee8_.id left outer join service_deployment_flavour servicedep9_ on networkser6_.service_deployment_flavour_id=servicedep9_.id left outer join virtual_network_function_record virtualnet10_ on networkser6_.vnfr_id=virtualnet10_.id where vnffgr_ref0_.virtual_link_record_id=?
14:11:16.241 [Test worker] DEBUG o.h.l.p.b.i.spaces.QuerySpacesImpl - Adding QuerySpace : uid = <gen:0> -> org.hibernate.loader.plan.build.internal.spaces.CollectionQuerySpaceImpl@3ab60bee]
14:11:16.242 [Test worker] DEBUG o.h.l.p.b.i.FetchStyleLoadPlanBuildingAssociationVisitationStrategy - Building LoadPlan...
14:11:16.242 [Test worker] DEBUG o.h.l.p.e.i.LoadQueryJoinAndFetchProcessor - processing queryspace <gen:0>
14:11:16.242 [Test worker] DEBUG o.h.l.p.b.spi.LoadPlanTreePrinter - LoadPlan(collection=org.project.neutrino.nfvo.catalogue.mano.descriptor.VirtualDeploymentUnit.vm_image)
    - Returns
       - CollectionReturnImpl(collection=org.project.neutrino.nfvo.catalogue.mano.descriptor.VirtualDeploymentUnit.vm_image, querySpaceUid=<gen:0>, path=[org.project.neutrino.nfvo.catalogue.mano.descriptor.VirtualDeploymentUnit.vm_image])
    - QuerySpaces
       - CollectionQuerySpaceImpl(uid=<gen:0>, collection=org.project.neutrino.nfvo.catalogue.mano.descriptor.VirtualDeploymentUnit.vm_image)
          - SQL table alias mapping - vm_image0_
          - alias suffix - 0_
          - suffixed key columns - {virtual_1_47_0_}

14:11:16.242 [Test worker] DEBUG o.h.l.c.plan.CollectionLoader - Static select for collection org.project.neutrino.nfvo.catalogue.mano.descriptor.VirtualDeploymentUnit.vm_image: select vm_image0_.virtual_deployment_unit_id as virtual_1_47_0_, vm_image0_.vm_image as vm_image2_50_0_ from virtual_deployment_unit_vm_image vm_image0_ where vm_image0_.virtual_deployment_unit_id=?
14:11:16.242 [Test worker] DEBUG o.h.l.p.b.i.spaces.QuerySpacesImpl - Adding QuerySpace : uid = <gen:0> -> org.hibernate.loader.plan.build.internal.spaces.CollectionQuerySpaceImpl@64c22bf0]
14:11:16.242 [Test worker] DEBUG o.h.l.p.b.i.FetchStyleLoadPlanBuildingAssociationVisitationStrategy - Building LoadPlan...
14:11:16.242 [Test worker] DEBUG o.h.l.p.e.i.LoadQueryJoinAndFetchProcessor - processing queryspace <gen:0>
14:11:16.242 [Test worker] DEBUG o.h.l.p.b.spi.LoadPlanTreePrinter - LoadPlan(collection=org.project.neutrino.nfvo.catalogue.mano.descriptor.VNFDDeploymentFlavour.df_constraint)
    - Returns
       - CollectionReturnImpl(collection=org.project.neutrino.nfvo.catalogue.mano.descriptor.VNFDDeploymentFlavour.df_constraint, querySpaceUid=<gen:0>, path=[org.project.neutrino.nfvo.catalogue.mano.descriptor.VNFDDeploymentFlavour.df_constraint])
    - QuerySpaces
       - CollectionQuerySpaceImpl(uid=<gen:0>, collection=org.project.neutrino.nfvo.catalogue.mano.descriptor.VNFDDeploymentFlavour.df_constraint)
          - SQL table alias mapping - df_constra0_
          - alias suffix - 0_
          - suffixed key columns - {vnfddepl1_7_0_}

14:11:16.242 [Test worker] DEBUG o.h.l.c.plan.CollectionLoader - Static select for collection org.project.neutrino.nfvo.catalogue.mano.descriptor.VNFDDeploymentFlavour.df_constraint: select df_constra0_.vnfddeployment_flavour_id as vnfddepl1_7_0_, df_constra0_.df_constraint as df_const2_85_0_ from vnfddeployment_flavour_df_constraint df_constra0_ where df_constra0_.vnfddeployment_flavour_id=?
14:11:16.243 [Test worker] DEBUG o.h.l.p.b.i.spaces.QuerySpacesImpl - Adding QuerySpace : uid = <gen:0> -> org.hibernate.loader.plan.build.internal.spaces.CollectionQuerySpaceImpl@20a0a575]
14:11:16.243 [Test worker] DEBUG o.h.l.p.b.i.FetchStyleLoadPlanBuildingAssociationVisitationStrategy - Building LoadPlan...
14:11:16.243 [Test worker] DEBUG o.h.l.p.e.i.LoadQueryJoinAndFetchProcessor - processing queryspace <gen:0>
14:11:16.243 [Test worker] DEBUG o.h.l.p.b.spi.LoadPlanTreePrinter - LoadPlan(collection=org.project.neutrino.nfvo.catalogue.mano.record.NetworkServiceRecord.monitoring_parameter)
    - Returns
       - CollectionReturnImpl(collection=org.project.neutrino.nfvo.catalogue.mano.record.NetworkServiceRecord.monitoring_parameter, querySpaceUid=<gen:0>, path=[org.project.neutrino.nfvo.catalogue.mano.record.NetworkServiceRecord.monitoring_parameter])
    - QuerySpaces
       - CollectionQuerySpaceImpl(uid=<gen:0>, collection=org.project.neutrino.nfvo.catalogue.mano.record.NetworkServiceRecord.monitoring_parameter)
          - SQL table alias mapping - monitoring0_
          - alias suffix - 0_
          - suffixed key columns - {network_1_18_0_}

14:11:16.243 [Test worker] DEBUG o.h.l.c.plan.CollectionLoader - Static select for collection org.project.neutrino.nfvo.catalogue.mano.record.NetworkServiceRecord.monitoring_parameter: select monitoring0_.network_service_record_id as network_1_18_0_, monitoring0_.monitoring_parameter as monitori2_22_0_ from network_service_record_monitoring_parameter monitoring0_ where monitoring0_.network_service_record_id=?
14:11:16.243 [Test worker] DEBUG o.h.l.p.b.i.spaces.QuerySpacesImpl - Adding QuerySpace : uid = <gen:0> -> org.hibernate.loader.plan.build.internal.spaces.CollectionQuerySpaceImpl@40d0f56e]
14:11:16.243 [Test worker] DEBUG o.h.l.p.b.i.spaces.QuerySpacesImpl - Adding QuerySpace : uid = <gen:1> -> org.hibernate.loader.plan.build.internal.spaces.EntityQuerySpaceImpl@56a12a00]
14:11:16.243 [Test worker] DEBUG o.h.p.w.spi.MetamodelGraphWalker - Visiting attribute path : lifecycle_events
14:11:16.243 [Test worker] DEBUG o.h.p.w.spi.MetamodelGraphWalker - Visiting attribute path : version
14:11:16.243 [Test worker] DEBUG o.h.l.p.b.i.FetchStyleLoadPlanBuildingAssociationVisitationStrategy - Building LoadPlan...
14:11:16.244 [Test worker] DEBUG o.h.l.p.e.i.LoadQueryJoinAndFetchProcessor - processing queryspace <gen:0>
14:11:16.244 [Test worker] DEBUG o.h.l.p.b.spi.LoadPlanTreePrinter - LoadPlan(collection=org.project.neutrino.nfvo.catalogue.mano.record.VNFForwardingGraphRecord.lifecycle_event_history)
    - Returns
       - CollectionReturnImpl(collection=org.project.neutrino.nfvo.catalogue.mano.record.VNFForwardingGraphRecord.lifecycle_event_history, querySpaceUid=<gen:0>, path=[org.project.neutrino.nfvo.catalogue.mano.record.VNFForwardingGraphRecord.lifecycle_event_history])
          - (collection element) CollectionFetchableElementEntityGraph(entity=org.project.neutrino.nfvo.catalogue.mano.common.LifecycleEvent, querySpaceUid=<gen:1>, path=[org.project.neutrino.nfvo.catalogue.mano.record.VNFForwardingGraphRecord.lifecycle_event_history].<elements>)
    - QuerySpaces
       - CollectionQuerySpaceImpl(uid=<gen:0>, collection=org.project.neutrino.nfvo.catalogue.mano.record.VNFForwardingGraphRecord.lifecycle_event_history)
          - SQL table alias mapping - lifecycle_0_
          - alias suffix - 0_
          - suffixed key columns - {vnfforwa1_92_0_}
          - entity-element alias suffix - 1_
          - 1_entity-element suffixed key columns - id1_10_1_
          - JOIN (JoinDefinedByMetadata(elements)) : <gen:0> -> <gen:1>
             - EntityQuerySpaceImpl(uid=<gen:1>, entity=org.project.neutrino.nfvo.catalogue.mano.common.LifecycleEvent)
                - SQL table alias mapping - lifecyclee1_
                - alias suffix - 1_
                - suffixed key columns - {id1_10_1_}

14:11:16.244 [Test worker] DEBUG o.h.l.c.plan.CollectionLoader - Static select for collection org.project.neutrino.nfvo.catalogue.mano.record.VNFForwardingGraphRecord.lifecycle_event_history: select lifecycle_0_.vnfforwarding_graph_record_id as vnfforwa1_92_0_, lifecycle_0_.lifecycle_event_history_id as lifecycl2_95_0_, lifecyclee1_.id as id1_10_1_, lifecyclee1_.version as version2_10_1_ from vnfforwarding_graph_record_lifecycle_event_history lifecycle_0_ inner join lifecycle_event lifecyclee1_ on lifecycle_0_.lifecycle_event_history_id=lifecyclee1_.id where lifecycle_0_.vnfforwarding_graph_record_id=?
14:11:16.244 [Test worker] DEBUG o.h.l.p.b.i.spaces.QuerySpacesImpl - Adding QuerySpace : uid = <gen:0> -> org.hibernate.loader.plan.build.internal.spaces.CollectionQuerySpaceImpl@7e49c8e5]
14:11:16.244 [Test worker] DEBUG o.h.l.p.b.i.spaces.QuerySpacesImpl - Adding QuerySpace : uid = <gen:1> -> org.hibernate.loader.plan.build.internal.spaces.EntityQuerySpaceImpl@1e247329]
14:11:16.244 [Test worker] DEBUG o.h.p.w.spi.MetamodelGraphWalker - Visiting attribute path : flavour_key
14:11:16.244 [Test worker] DEBUG o.h.p.w.spi.MetamodelGraphWalker - Visiting attribute path : version
14:11:16.244 [Test worker] DEBUG o.h.p.w.spi.MetamodelGraphWalker - Visiting attribute path : costituent_vdu
14:11:16.244 [Test worker] DEBUG o.h.p.w.spi.MetamodelGraphWalker - Visiting attribute path : df_constraint
14:11:16.244 [Test worker] DEBUG o.h.l.p.b.i.spaces.QuerySpacesImpl - Adding QuerySpace : uid = <gen:2> -> org.hibernate.loader.plan.build.internal.spaces.CollectionQuerySpaceImpl@535ac0f0]
14:11:16.244 [Test worker] DEBUG o.h.l.p.b.i.FetchStyleLoadPlanBuildingAssociationVisitationStrategy - Building LoadPlan...
14:11:16.244 [Test worker] DEBUG o.h.l.p.e.i.LoadQueryJoinAndFetchProcessor - processing queryspace <gen:0>
14:11:16.245 [Test worker] DEBUG o.h.l.p.b.spi.LoadPlanTreePrinter - LoadPlan(collection=org.project.neutrino.nfvo.catalogue.mano.descriptor.VirtualNetworkFunctionDescriptor.deployment_flavour)
    - Returns
       - CollectionReturnImpl(collection=org.project.neutrino.nfvo.catalogue.mano.descriptor.VirtualNetworkFunctionDescriptor.deployment_flavour, querySpaceUid=<gen:0>, path=[org.project.neutrino.nfvo.catalogue.mano.descriptor.VirtualNetworkFunctionDescriptor.deployment_flavour])
          - (collection element) CollectionFetchableElementEntityGraph(entity=org.project.neutrino.nfvo.catalogue.mano.descriptor.VNFDDeploymentFlavour, querySpaceUid=<gen:1>, path=[org.project.neutrino.nfvo.catalogue.mano.descriptor.VirtualNetworkFunctionDescriptor.deployment_flavour].<elements>)
             - CollectionAttributeFetchImpl(collection=org.project.neutrino.nfvo.catalogue.mano.descriptor.VNFDDeploymentFlavour.df_constraint, querySpaceUid=<gen:2>, path=[org.project.neutrino.nfvo.catalogue.mano.descriptor.VirtualNetworkFunctionDescriptor.deployment_flavour].<elements>.df_constraint)
    - QuerySpaces
       - CollectionQuerySpaceImpl(uid=<gen:0>, collection=org.project.neutrino.nfvo.catalogue.mano.descriptor.VirtualNetworkFunctionDescriptor.deployment_flavour)
          - SQL table alias mapping - deployment0_
          - alias suffix - 0_
          - suffixed key columns - {virtual_1_27_0_}
          - entity-element alias suffix - 1_
          - 1_entity-element suffixed key columns - id1_7_1_
          - JOIN (JoinDefinedByMetadata(elements)) : <gen:0> -> <gen:1>
             - EntityQuerySpaceImpl(uid=<gen:1>, entity=org.project.neutrino.nfvo.catalogue.mano.descriptor.VNFDDeploymentFlavour)
                - SQL table alias mapping - vnfddeploy1_
                - alias suffix - 1_
                - suffixed key columns - {id1_7_1_}

14:11:16.245 [Test worker] DEBUG o.h.l.c.plan.CollectionLoader - Static select for collection org.project.neutrino.nfvo.catalogue.mano.descriptor.VirtualNetworkFunctionDescriptor.deployment_flavour: select deployment0_.virtual_network_function_descriptor_Id as virtual_1_27_0_, deployment0_.deployment_flavour_id as deployme2_63_0_, vnfddeploy1_.id as id1_7_1_, vnfddeploy1_.flavour_key as flavour_2_7_1_, vnfddeploy1_.version as version3_7_1_ from virtual_network_function_descriptor_deployment_flavour deployment0_ inner join vnfddeployment_flavour vnfddeploy1_ on deployment0_.deployment_flavour_id=vnfddeploy1_.id where deployment0_.virtual_network_function_descriptor_Id=?
14:11:16.245 [Test worker] DEBUG o.h.l.p.b.i.spaces.QuerySpacesImpl - Adding QuerySpace : uid = <gen:0> -> org.hibernate.loader.plan.build.internal.spaces.CollectionQuerySpaceImpl@6b30f750]
14:11:16.245 [Test worker] DEBUG o.h.l.p.b.i.FetchStyleLoadPlanBuildingAssociationVisitationStrategy - Building LoadPlan...
14:11:16.245 [Test worker] DEBUG o.h.l.p.e.i.LoadQueryJoinAndFetchProcessor - processing queryspace <gen:0>
14:11:16.245 [Test worker] DEBUG o.h.l.p.b.spi.LoadPlanTreePrinter - LoadPlan(collection=org.project.neutrino.nfvo.catalogue.mano.record.VirtualNetworkFunctionRecord.runtime_policy_info)
    - Returns
       - CollectionReturnImpl(collection=org.project.neutrino.nfvo.catalogue.mano.record.VirtualNetworkFunctionRecord.runtime_policy_info, querySpaceUid=<gen:0>, path=[org.project.neutrino.nfvo.catalogue.mano.record.VirtualNetworkFunctionRecord.runtime_policy_info])
    - QuerySpaces
       - CollectionQuerySpaceImpl(uid=<gen:0>, collection=org.project.neutrino.nfvo.catalogue.mano.record.VirtualNetworkFunctionRecord.runtime_policy_info)
          - SQL table alias mapping - runtime_po0_
          - alias suffix - 0_
          - suffixed key columns - {virtual_1_68_0_}

14:11:16.245 [Test worker] DEBUG o.h.l.c.plan.CollectionLoader - Static select for collection org.project.neutrino.nfvo.catalogue.mano.record.VirtualNetworkFunctionRecord.runtime_policy_info: select runtime_po0_.virtual_network_function_record_id as virtual_1_68_0_, runtime_po0_.runtime_policy_info as runtime_2_76_0_ from virtual_network_function_record_runtime_policy_info runtime_po0_ where runtime_po0_.virtual_network_function_record_id=?
14:11:16.246 [Test worker] DEBUG o.h.l.p.b.i.spaces.QuerySpacesImpl - Adding QuerySpace : uid = <gen:0> -> org.hibernate.loader.plan.build.internal.spaces.CollectionQuerySpaceImpl@4c1a7873]
14:11:16.246 [Test worker] DEBUG o.h.l.p.b.i.FetchStyleLoadPlanBuildingAssociationVisitationStrategy - Building LoadPlan...
14:11:16.246 [Test worker] DEBUG o.h.l.p.e.i.LoadQueryJoinAndFetchProcessor - processing queryspace <gen:0>
14:11:16.246 [Test worker] DEBUG o.h.l.p.b.spi.LoadPlanTreePrinter - LoadPlan(collection=org.project.neutrino.nfvo.catalogue.mano.descriptor.VirtualDeploymentUnit.monitoring_parameter)
    - Returns
       - CollectionReturnImpl(collection=org.project.neutrino.nfvo.catalogue.mano.descriptor.VirtualDeploymentUnit.monitoring_parameter, querySpaceUid=<gen:0>, path=[org.project.neutrino.nfvo.catalogue.mano.descriptor.VirtualDeploymentUnit.monitoring_parameter])
    - QuerySpaces
       - CollectionQuerySpaceImpl(uid=<gen:0>, collection=org.project.neutrino.nfvo.catalogue.mano.descriptor.VirtualDeploymentUnit.monitoring_parameter)
          - SQL table alias mapping - monitoring0_
          - alias suffix - 0_
          - suffixed key columns - {virtual_1_47_0_}

14:11:16.246 [Test worker] DEBUG o.h.l.c.plan.CollectionLoader - Static select for collection org.project.neutrino.nfvo.catalogue.mano.descriptor.VirtualDeploymentUnit.monitoring_parameter: select monitoring0_.virtual_deployment_unit_id as virtual_1_47_0_, monitoring0_.monitoring_parameter as monitori2_49_0_ from virtual_deployment_unit_monitoring_parameter monitoring0_ where monitoring0_.virtual_deployment_unit_id=?
14:11:16.246 [Test worker] DEBUG o.h.l.p.b.i.spaces.QuerySpacesImpl - Adding QuerySpace : uid = <gen:0> -> org.hibernate.loader.plan.build.internal.spaces.CollectionQuerySpaceImpl@e5a209e]
14:11:16.246 [Test worker] DEBUG o.h.l.p.b.i.spaces.QuerySpacesImpl - Adding QuerySpace : uid = <gen:1> -> org.hibernate.loader.plan.build.internal.spaces.EntityQuerySpaceImpl@3f136c6e]
14:11:16.246 [Test worker] DEBUG o.h.p.w.spi.MetamodelGraphWalker - Visiting attribute path : type
14:11:16.246 [Test worker] DEBUG o.h.p.w.spi.MetamodelGraphWalker - Visiting attribute path : version
14:11:16.246 [Test worker] DEBUG o.h.p.w.spi.MetamodelGraphWalker - Visiting attribute path : virtual_link_reference
14:11:16.246 [Test worker] DEBUG o.h.l.p.b.i.FetchStyleLoadPlanBuildingAssociationVisitationStrategy - Building LoadPlan...
14:11:16.246 [Test worker] DEBUG o.h.l.p.e.i.LoadQueryJoinAndFetchProcessor - processing queryspace <gen:0>
14:11:16.247 [Test worker] DEBUG o.h.l.p.b.spi.LoadPlanTreePrinter - LoadPlan(collection=org.project.neutrino.nfvo.catalogue.mano.common.NFVEntityDescriptor.connection_point)
    - Returns
       - CollectionReturnImpl(collection=org.project.neutrino.nfvo.catalogue.mano.common.NFVEntityDescriptor.connection_point, querySpaceUid=<gen:0>, path=[org.project.neutrino.nfvo.catalogue.mano.common.NFVEntityDescriptor.connection_point])
          - (collection element) CollectionFetchableElementEntityGraph(entity=org.project.neutrino.nfvo.catalogue.mano.common.ConnectionPoint, querySpaceUid=<gen:1>, path=[org.project.neutrino.nfvo.catalogue.mano.common.NFVEntityDescriptor.connection_point].<elements>)
    - QuerySpaces
       - CollectionQuerySpaceImpl(uid=<gen:0>, collection=org.project.neutrino.nfvo.catalogue.mano.common.NFVEntityDescriptor.connection_point)
          - SQL table alias mapping - connection0_
          - alias suffix - 0_
          - suffixed key columns - {nfventit1_27_0_}
          - entity-element alias suffix - 1_
          - 1_entity-element suffixed key columns - id1_4_1_
          - JOIN (JoinDefinedByMetadata(elements)) : <gen:0> -> <gen:1>
             - EntityQuerySpaceImpl(uid=<gen:1>, entity=org.project.neutrino.nfvo.catalogue.mano.common.ConnectionPoint)
                - SQL table alias mapping - connection1_
                - alias suffix - 1_
                - suffixed key columns - {id1_4_1_}

14:11:16.247 [Test worker] DEBUG o.h.l.c.plan.CollectionLoader - Static select for collection org.project.neutrino.nfvo.catalogue.mano.common.NFVEntityDescriptor.connection_point: select connection0_.nfventity_descriptor_Id as nfventit1_27_0_, connection0_.connection_point_id as connecti2_29_0_, connection1_.id as id1_4_1_, connection1_.type as type2_4_1_, connection1_.version as version3_4_1_, connection1_.virtual_link_reference as virtual_1_82_1_, connection1_.clazz_ as clazz_1_ from nfventity_descriptor_connection_point connection0_ inner join ( select id, type, version, null as virtual_link_reference, 0 as clazz_ from connection_point union select id, type, version, virtual_link_reference, 1 as clazz_ from vnfdconnection_point ) connection1_ on connection0_.connection_point_id=connection1_.id where connection0_.nfventity_descriptor_Id=?
14:11:16.247 [Test worker] DEBUG o.h.l.p.b.i.spaces.QuerySpacesImpl - Adding QuerySpace : uid = <gen:0> -> org.hibernate.loader.plan.build.internal.spaces.CollectionQuerySpaceImpl@769be582]
14:11:16.247 [Test worker] DEBUG o.h.p.w.spi.MetamodelGraphWalker - Visiting index for collection :  
14:11:16.247 [Test worker] DEBUG o.h.l.p.b.i.FetchStyleLoadPlanBuildingAssociationVisitationStrategy - Building LoadPlan...
14:11:16.247 [Test worker] DEBUG o.h.l.p.e.i.LoadQueryJoinAndFetchProcessor - processing queryspace <gen:0>
14:11:16.247 [Test worker] DEBUG o.h.l.p.b.spi.LoadPlanTreePrinter - LoadPlan(collection=org.project.neutrino.nfvo.catalogue.mano.descriptor.NetworkForwardingPath.connection)
    - Returns
       - CollectionReturnImpl(collection=org.project.neutrino.nfvo.catalogue.mano.descriptor.NetworkForwardingPath.connection, querySpaceUid=<gen:0>, path=[org.project.neutrino.nfvo.catalogue.mano.descriptor.NetworkForwardingPath.connection])
    - QuerySpaces
       - CollectionQuerySpaceImpl(uid=<gen:0>, collection=org.project.neutrino.nfvo.catalogue.mano.descriptor.NetworkForwardingPath.connection)
          - SQL table alias mapping - connection0_
          - alias suffix - 0_
          - suffixed key columns - {network_1_12_0_}

14:11:16.247 [Test worker] DEBUG o.h.l.c.plan.CollectionLoader - Static select for collection org.project.neutrino.nfvo.catalogue.mano.descriptor.NetworkForwardingPath.connection: select connection0_.network_forwarding_path_id as network_1_12_0_, connection0_.connection as connecti2_13_0_, connection0_.connection_key as connecti3_0_ from network_forwarding_path_connection connection0_ where connection0_.network_forwarding_path_id=?
14:11:16.247 [Test worker] DEBUG o.h.l.p.b.i.spaces.QuerySpacesImpl - Adding QuerySpace : uid = <gen:0> -> org.hibernate.loader.plan.build.internal.spaces.CollectionQuerySpaceImpl@5088354]
14:11:16.247 [Test worker] DEBUG o.h.l.p.b.i.spaces.QuerySpacesImpl - Adding QuerySpace : uid = <gen:1> -> org.hibernate.loader.plan.build.internal.spaces.EntityQuerySpaceImpl@71e60260]
14:11:16.247 [Test worker] DEBUG o.h.p.w.spi.MetamodelGraphWalker - Visiting attribute path : source
14:11:16.247 [Test worker] DEBUG o.h.l.p.b.i.spaces.QuerySpacesImpl - Adding QuerySpace : uid = <gen:2> -> org.hibernate.loader.plan.build.internal.spaces.EntityQuerySpaceImpl@1e4075ce]
14:11:16.247 [Test worker] DEBUG o.h.p.w.spi.MetamodelGraphWalker - Visiting attribute path : source.auto_scale_policy
14:11:16.247 [Test worker] DEBUG o.h.p.w.spi.MetamodelGraphWalker - Visiting attribute path : source.connection_point
14:11:16.248 [Test worker] DEBUG o.h.p.w.spi.MetamodelGraphWalker - Visiting attribute path : source.hb_version
14:11:16.248 [Test worker] DEBUG o.h.p.w.spi.MetamodelGraphWalker - Visiting attribute path : source.lifecycle_event
14:11:16.248 [Test worker] DEBUG o.h.p.w.spi.MetamodelGraphWalker - Visiting attribute path : source.monitoring_parameter
14:11:16.248 [Test worker] DEBUG o.h.l.p.b.i.spaces.QuerySpacesImpl - Adding QuerySpace : uid = <gen:3> -> org.hibernate.loader.plan.build.internal.spaces.CollectionQuerySpaceImpl@738e435a]
14:11:16.248 [Test worker] DEBUG o.h.p.w.spi.MetamodelGraphWalker - Visiting attribute path : source.service_deployment_flavour
14:11:16.248 [Test worker] DEBUG o.h.p.w.spi.MetamodelGraphWalker - Visiting attribute path : source.vendor
14:11:16.248 [Test worker] DEBUG o.h.p.w.spi.MetamodelGraphWalker - Visiting attribute path : source.version
14:11:16.248 [Test worker] DEBUG o.h.p.w.spi.MetamodelGraphWalker - Visiting attribute path : source.vld
14:11:16.248 [Test worker] DEBUG o.h.p.w.spi.MetamodelGraphWalker - Visiting attribute path : source.vnffgd
14:11:16.248 [Test worker] DEBUG o.h.p.w.spi.MetamodelGraphWalker - Visiting attribute path : source.deployment_flavour
14:11:16.248 [Test worker] DEBUG o.h.l.p.b.i.spaces.QuerySpacesImpl - Adding QuerySpace : uid = <gen:4> -> org.hibernate.loader.plan.build.internal.spaces.CollectionQuerySpaceImpl@e804fb]
14:11:16.248 [Test worker] DEBUG o.h.l.p.b.i.spaces.QuerySpacesImpl - Adding QuerySpace : uid = <gen:5> -> org.hibernate.loader.plan.build.internal.spaces.EntityQuerySpaceImpl@9efb34]
14:11:16.248 [Test worker] DEBUG o.h.p.w.spi.MetamodelGraphWalker - Visiting attribute path : source.descriptor_version
14:11:16.248 [Test worker] DEBUG o.h.p.w.spi.MetamodelGraphWalker - Visiting attribute path : source.manifest_file
14:11:16.248 [Test worker] DEBUG o.h.p.w.spi.MetamodelGraphWalker - Visiting attribute path : source.manifest_file_security
14:11:16.248 [Test worker] DEBUG o.h.p.w.spi.MetamodelGraphWalker - Visiting attribute path : source.vdu
14:11:16.248 [Test worker] DEBUG o.h.p.w.spi.MetamodelGraphWalker - Visiting attribute path : source.vdu_dependency
14:11:16.248 [Test worker] DEBUG o.h.p.w.spi.MetamodelGraphWalker - Visiting attribute path : source.virtual_link
14:11:16.248 [Test worker] DEBUG o.h.p.w.spi.MetamodelGraphWalker - Visiting attribute path : target
14:11:16.248 [Test worker] DEBUG o.h.l.p.b.i.spaces.QuerySpacesImpl - Adding QuerySpace : uid = <gen:6> -> org.hibernate.loader.plan.build.internal.spaces.EntityQuerySpaceImpl@457e133d]
14:11:16.248 [Test worker] DEBUG o.h.p.w.spi.MetamodelGraphWalker - Visiting attribute path : target.auto_scale_policy
14:11:16.248 [Test worker] DEBUG o.h.p.w.spi.MetamodelGraphWalker - Visiting attribute path : target.connection_point
14:11:16.248 [Test worker] DEBUG o.h.p.w.spi.MetamodelGraphWalker - Visiting attribute path : target.hb_version
14:11:16.248 [Test worker] DEBUG o.h.p.w.spi.MetamodelGraphWalker - Visiting attribute path : target.lifecycle_event
14:11:16.248 [Test worker] DEBUG o.h.p.w.spi.MetamodelGraphWalker - Visiting attribute path : target.monitoring_parameter
14:11:16.248 [Test worker] DEBUG o.h.l.p.b.i.spaces.QuerySpacesImpl - Adding QuerySpace : uid = <gen:7> -> org.hibernate.loader.plan.build.internal.spaces.CollectionQuerySpaceImpl@6a2dff9c]
14:11:16.248 [Test worker] DEBUG o.h.p.w.spi.MetamodelGraphWalker - Visiting attribute path : target.service_deployment_flavour
14:11:16.248 [Test worker] DEBUG o.h.p.w.spi.MetamodelGraphWalker - Visiting attribute path : target.vendor
14:11:16.248 [Test worker] DEBUG o.h.p.w.spi.MetamodelGraphWalker - Visiting attribute path : target.version
14:11:16.248 [Test worker] DEBUG o.h.p.w.spi.MetamodelGraphWalker - Visiting attribute path : target.vld
14:11:16.248 [Test worker] DEBUG o.h.p.w.spi.MetamodelGraphWalker - Visiting attribute path : target.vnffgd
14:11:16.248 [Test worker] DEBUG o.h.p.w.spi.MetamodelGraphWalker - Visiting attribute path : target.deployment_flavour
14:11:16.248 [Test worker] DEBUG o.h.l.p.b.i.spaces.QuerySpacesImpl - Adding QuerySpace : uid = <gen:8> -> org.hibernate.loader.plan.build.internal.spaces.CollectionQuerySpaceImpl@71e89139]
14:11:16.248 [Test worker] DEBUG o.h.l.p.b.i.spaces.QuerySpacesImpl - Adding QuerySpace : uid = <gen:9> -> org.hibernate.loader.plan.build.internal.spaces.EntityQuerySpaceImpl@5b966f9b]
14:11:16.248 [Test worker] DEBUG o.h.p.w.spi.MetamodelGraphWalker - Visiting attribute path : target.descriptor_version
14:11:16.248 [Test worker] DEBUG o.h.p.w.spi.MetamodelGraphWalker - Visiting attribute path : target.manifest_file
14:11:16.248 [Test worker] DEBUG o.h.p.w.spi.MetamodelGraphWalker - Visiting attribute path : target.manifest_file_security
14:11:16.248 [Test worker] DEBUG o.h.p.w.spi.MetamodelGraphWalker - Visiting attribute path : target.vdu
14:11:16.248 [Test worker] DEBUG o.h.p.w.spi.MetamodelGraphWalker - Visiting attribute path : target.vdu_dependency
14:11:16.248 [Test worker] DEBUG o.h.p.w.spi.MetamodelGraphWalker - Visiting attribute path : target.virtual_link
14:11:16.248 [Test worker] DEBUG o.h.p.w.spi.MetamodelGraphWalker - Visiting attribute path : version
14:11:16.249 [Test worker] DEBUG o.h.l.p.b.i.FetchStyleLoadPlanBuildingAssociationVisitationStrategy - Building LoadPlan...
14:11:16.249 [Test worker] DEBUG o.h.l.p.e.i.LoadQueryJoinAndFetchProcessor - processing queryspace <gen:0>
14:11:16.249 [Test worker] DEBUG o.h.l.p.b.spi.LoadPlanTreePrinter - LoadPlan(collection=org.project.neutrino.nfvo.catalogue.mano.descriptor.NetworkServiceDescriptor.vnf_dependency)
    - Returns
       - CollectionReturnImpl(collection=org.project.neutrino.nfvo.catalogue.mano.descriptor.NetworkServiceDescriptor.vnf_dependency, querySpaceUid=<gen:0>, path=[org.project.neutrino.nfvo.catalogue.mano.descriptor.NetworkServiceDescriptor.vnf_dependency])
          - (collection element) CollectionFetchableElementEntityGraph(entity=org.project.neutrino.nfvo.catalogue.mano.common.VNFDependency, querySpaceUid=<gen:1>, path=[org.project.neutrino.nfvo.catalogue.mano.descriptor.NetworkServiceDescriptor.vnf_dependency].<elements>)
             - EntityAttributeFetchImpl(entity=org.project.neutrino.nfvo.catalogue.mano.descriptor.VirtualNetworkFunctionDescriptor, querySpaceUid=<gen:2>, path=[org.project.neutrino.nfvo.catalogue.mano.descriptor.NetworkServiceDescriptor.vnf_dependency].<elements>.source)
                - CollectionAttributeFetchImpl(collection=org.project.neutrino.nfvo.catalogue.mano.common.NFVEntityDescriptor.monitoring_parameter, querySpaceUid=<gen:3>, path=[org.project.neutrino.nfvo.catalogue.mano.descriptor.NetworkServiceDescriptor.vnf_dependency].<elements>.source.monitoring_parameter)
                - CollectionAttributeFetchImpl(collection=org.project.neutrino.nfvo.catalogue.mano.descriptor.VirtualNetworkFunctionDescriptor.deployment_flavour, querySpaceUid=<gen:4>, path=[org.project.neutrino.nfvo.catalogue.mano.descriptor.NetworkServiceDescriptor.vnf_dependency].<elements>.source.deployment_flavour)
                   - (collection element) CollectionFetchableElementEntityGraph(entity=org.project.neutrino.nfvo.catalogue.mano.descriptor.VNFDDeploymentFlavour, querySpaceUid=<gen:5>, path=[org.project.neutrino.nfvo.catalogue.mano.descriptor.NetworkServiceDescriptor.vnf_dependency].<elements>.source.deployment_flavour.<elements>)
             - EntityAttributeFetchImpl(entity=org.project.neutrino.nfvo.catalogue.mano.descriptor.VirtualNetworkFunctionDescriptor, querySpaceUid=<gen:6>, path=[org.project.neutrino.nfvo.catalogue.mano.descriptor.NetworkServiceDescriptor.vnf_dependency].<elements>.target)
                - CollectionAttributeFetchImpl(collection=org.project.neutrino.nfvo.catalogue.mano.common.NFVEntityDescriptor.monitoring_parameter, querySpaceUid=<gen:7>, path=[org.project.neutrino.nfvo.catalogue.mano.descriptor.NetworkServiceDescriptor.vnf_dependency].<elements>.target.monitoring_parameter)
                - CollectionAttributeFetchImpl(collection=org.project.neutrino.nfvo.catalogue.mano.descriptor.VirtualNetworkFunctionDescriptor.deployment_flavour, querySpaceUid=<gen:8>, path=[org.project.neutrino.nfvo.catalogue.mano.descriptor.NetworkServiceDescriptor.vnf_dependency].<elements>.target.deployment_flavour)
                   - (collection element) CollectionFetchableElementEntityGraph(entity=org.project.neutrino.nfvo.catalogue.mano.descriptor.VNFDDeploymentFlavour, querySpaceUid=<gen:9>, path=[org.project.neutrino.nfvo.catalogue.mano.descriptor.NetworkServiceDescriptor.vnf_dependency].<elements>.target.deployment_flavour.<elements>)
    - QuerySpaces
       - CollectionQuerySpaceImpl(uid=<gen:0>, collection=org.project.neutrino.nfvo.catalogue.mano.descriptor.NetworkServiceDescriptor.vnf_dependency)
          - SQL table alias mapping - vnf_depend0_
          - alias suffix - 0_
          - suffixed key columns - {network_1_27_0_}
          - entity-element alias suffix - 1_
          - 1_entity-element suffixed key columns - id1_86_1_
          - JOIN (JoinDefinedByMetadata(elements)) : <gen:0> -> <gen:1>
             - EntityQuerySpaceImpl(uid=<gen:1>, entity=org.project.neutrino.nfvo.catalogue.mano.common.VNFDependency)
                - SQL table alias mapping - vnfdepende1_
                - alias suffix - 1_
                - suffixed key columns - {id1_86_1_}
                - JOIN (JoinDefinedByMetadata(source)) : <gen:1> -> <gen:2>
                   - EntityQuerySpaceImpl(uid=<gen:2>, entity=org.project.neutrino.nfvo.catalogue.mano.descriptor.VirtualNetworkFunctionDescriptor)
                      - SQL table alias mapping - virtualnet2_
                      - alias suffix - 2_
                      - suffixed key columns - {id1_27_2_}
                - JOIN (JoinDefinedByMetadata(target)) : <gen:1> -> <gen:6>
                   - EntityQuerySpaceImpl(uid=<gen:6>, entity=org.project.neutrino.nfvo.catalogue.mano.descriptor.VirtualNetworkFunctionDescriptor)
                      - SQL table alias mapping - virtualnet3_
                      - alias suffix - 3_
                      - suffixed key columns - {id1_27_3_}

14:11:16.250 [Test worker] DEBUG o.h.l.c.plan.CollectionLoader - Static select for collection org.project.neutrino.nfvo.catalogue.mano.descriptor.NetworkServiceDescriptor.vnf_dependency: select vnf_depend0_.network_service_descriptor_Id as network_1_27_0_, vnf_depend0_.vnf_dependency_id as vnf_depe2_16_0_, vnfdepende1_.id as id1_86_1_, vnfdepende1_.source_Id as source_I3_86_1_, vnfdepende1_.target_Id as target_I4_86_1_, vnfdepende1_.version as version2_86_1_, virtualnet2_.id as id1_27_2_, virtualnet2_.hb_version as hb_versi2_27_2_, virtualnet2_.vendor as vendor3_27_2_, virtualnet2_.version as version4_27_2_, virtualnet2_.descriptor_version as descript1_62_2_, virtualnet2_.manifest_file as manifest2_62_2_, virtualnet3_.id as id1_27_3_, virtualnet3_.hb_version as hb_versi2_27_3_, virtualnet3_.vendor as vendor3_27_3_, virtualnet3_.version as version4_27_3_, virtualnet3_.descriptor_version as descript1_62_3_, virtualnet3_.manifest_file as manifest2_62_3_ from network_service_descriptor_vnf_dependency vnf_depend0_ inner join vnfdependency vnfdepende1_ on vnf_depend0_.vnf_dependency_id=vnfdepende1_.id left outer join virtual_network_function_descriptor virtualnet2_ on vnfdepende1_.source_Id=virtualnet2_.id left outer join virtual_network_function_descriptor virtualnet3_ on vnfdepende1_.target_Id=virtualnet3_.id where vnf_depend0_.network_service_descriptor_Id=?
14:11:16.250 [Test worker] DEBUG o.h.l.p.b.i.spaces.QuerySpacesImpl - Adding QuerySpace : uid = <gen:0> -> org.hibernate.loader.plan.build.internal.spaces.CollectionQuerySpaceImpl@71795816]
14:11:16.250 [Test worker] DEBUG o.h.l.p.b.i.spaces.QuerySpacesImpl - Adding QuerySpace : uid = <gen:1> -> org.hibernate.loader.plan.build.internal.spaces.EntityQuerySpaceImpl@5586468d]
14:11:16.250 [Test worker] DEBUG o.h.p.w.spi.MetamodelGraphWalker - Visiting attribute path : type
14:11:16.250 [Test worker] DEBUG o.h.p.w.spi.MetamodelGraphWalker - Visiting attribute path : version
14:11:16.250 [Test worker] DEBUG o.h.p.w.spi.MetamodelGraphWalker - Visiting attribute path : virtual_link_reference
14:11:16.250 [Test worker] DEBUG o.h.l.p.b.i.FetchStyleLoadPlanBuildingAssociationVisitationStrategy - Building LoadPlan...
14:11:16.250 [Test worker] DEBUG o.h.l.p.e.i.LoadQueryJoinAndFetchProcessor - processing queryspace <gen:0>
14:11:16.250 [Test worker] DEBUG o.h.l.p.b.spi.LoadPlanTreePrinter - LoadPlan(collection=org.project.neutrino.nfvo.catalogue.mano.record.VNFForwardingGraphRecord.connection_point)
    - Returns
       - CollectionReturnImpl(collection=org.project.neutrino.nfvo.catalogue.mano.record.VNFForwardingGraphRecord.connection_point, querySpaceUid=<gen:0>, path=[org.project.neutrino.nfvo.catalogue.mano.record.VNFForwardingGraphRecord.connection_point])
          - (collection element) CollectionFetchableElementEntityGraph(entity=org.project.neutrino.nfvo.catalogue.mano.descriptor.VNFDConnectionPoint, querySpaceUid=<gen:1>, path=[org.project.neutrino.nfvo.catalogue.mano.record.VNFForwardingGraphRecord.connection_point].<elements>)
    - QuerySpaces
       - CollectionQuerySpaceImpl(uid=<gen:0>, collection=org.project.neutrino.nfvo.catalogue.mano.record.VNFForwardingGraphRecord.connection_point)
          - SQL table alias mapping - connection0_
          - alias suffix - 0_
          - suffixed key columns - {vnfforwa1_92_0_}
          - entity-element alias suffix - 1_
          - 1_entity-element suffixed key columns - id1_4_1_
          - JOIN (JoinDefinedByMetadata(elements)) : <gen:0> -> <gen:1>
             - EntityQuerySpaceImpl(uid=<gen:1>, entity=org.project.neutrino.nfvo.catalogue.mano.descriptor.VNFDConnectionPoint)
                - SQL table alias mapping - vnfdconnec1_
                - alias suffix - 1_
                - suffixed key columns - {id1_4_1_}

14:11:16.251 [Test worker] DEBUG o.h.l.c.plan.CollectionLoader - Static select for collection org.project.neutrino.nfvo.catalogue.mano.record.VNFForwardingGraphRecord.connection_point: select connection0_.vnfforwarding_graph_record_id as vnfforwa1_92_0_, connection0_.connection_point_id as connecti2_93_0_, vnfdconnec1_.id as id1_4_1_, vnfdconnec1_.type as type2_4_1_, vnfdconnec1_.version as version3_4_1_, vnfdconnec1_.virtual_link_reference as virtual_1_82_1_ from vnfforwarding_graph_record_connection_point connection0_ inner join vnfdconnection_point vnfdconnec1_ on connection0_.connection_point_id=vnfdconnec1_.id where connection0_.vnfforwarding_graph_record_id=?
14:11:16.251 [Test worker] DEBUG o.h.l.p.b.i.spaces.QuerySpacesImpl - Adding QuerySpace : uid = <gen:0> -> org.hibernate.loader.plan.build.internal.spaces.CollectionQuerySpaceImpl@45a2f7e5]
14:11:16.251 [Test worker] DEBUG o.h.l.p.b.i.FetchStyleLoadPlanBuildingAssociationVisitationStrategy - Building LoadPlan...
14:11:16.251 [Test worker] DEBUG o.h.l.p.e.i.LoadQueryJoinAndFetchProcessor - processing queryspace <gen:0>
14:11:16.251 [Test worker] DEBUG o.h.l.p.b.spi.LoadPlanTreePrinter - LoadPlan(collection=org.project.neutrino.nfvo.catalogue.mano.record.VirtualLinkRecord.notification)
    - Returns
       - CollectionReturnImpl(collection=org.project.neutrino.nfvo.catalogue.mano.record.VirtualLinkRecord.notification, querySpaceUid=<gen:0>, path=[org.project.neutrino.nfvo.catalogue.mano.record.VirtualLinkRecord.notification])
    - QuerySpaces
       - CollectionQuerySpaceImpl(uid=<gen:0>, collection=org.project.neutrino.nfvo.catalogue.mano.record.VirtualLinkRecord.notification)
          - SQL table alias mapping - notificati0_
          - alias suffix - 0_
          - suffixed key columns - {virtual_1_54_0_}

14:11:16.251 [Test worker] DEBUG o.h.l.c.plan.CollectionLoader - Static select for collection org.project.neutrino.nfvo.catalogue.mano.record.VirtualLinkRecord.notification: select notificati0_.virtual_link_record_id as virtual_1_54_0_, notificati0_.notification as notifica2_59_0_ from virtual_link_record_notification notificati0_ where notificati0_.virtual_link_record_id=?
14:11:16.251 [Test worker] DEBUG o.h.l.p.b.i.spaces.QuerySpacesImpl - Adding QuerySpace : uid = <gen:0> -> org.hibernate.loader.plan.build.internal.spaces.CollectionQuerySpaceImpl@d2c2c19]
14:11:16.251 [Test worker] DEBUG o.h.l.p.b.i.spaces.QuerySpacesImpl - Adding QuerySpace : uid = <gen:1> -> org.hibernate.loader.plan.build.internal.spaces.EntityQuerySpaceImpl@4f032410]
14:11:16.251 [Test worker] DEBUG o.h.p.w.spi.MetamodelGraphWalker - Visiting attribute path : constituent_vnfc
14:11:16.251 [Test worker] DEBUG o.h.p.w.spi.MetamodelGraphWalker - Visiting attribute path : number_of_instances
14:11:16.251 [Test worker] DEBUG o.h.p.w.spi.MetamodelGraphWalker - Visiting attribute path : vdu_reference
14:11:16.251 [Test worker] DEBUG o.h.p.w.spi.MetamodelGraphWalker - Visiting attribute path : version
14:11:16.251 [Test worker] DEBUG o.h.l.p.b.i.FetchStyleLoadPlanBuildingAssociationVisitationStrategy - Building LoadPlan...
14:11:16.251 [Test worker] DEBUG o.h.l.p.e.i.LoadQueryJoinAndFetchProcessor - processing queryspace <gen:0>
14:11:16.251 [Test worker] DEBUG o.h.l.p.b.spi.LoadPlanTreePrinter - LoadPlan(collection=org.project.neutrino.nfvo.catalogue.mano.descriptor.VNFDDeploymentFlavour.costituent_vdu)
    - Returns
       - CollectionReturnImpl(collection=org.project.neutrino.nfvo.catalogue.mano.descriptor.VNFDDeploymentFlavour.costituent_vdu, querySpaceUid=<gen:0>, path=[org.project.neutrino.nfvo.catalogue.mano.descriptor.VNFDDeploymentFlavour.costituent_vdu])
          - (collection element) CollectionFetchableElementEntityGraph(entity=org.project.neutrino.nfvo.catalogue.mano.common.CostituentVDU, querySpaceUid=<gen:1>, path=[org.project.neutrino.nfvo.catalogue.mano.descriptor.VNFDDeploymentFlavour.costituent_vdu].<elements>)
    - QuerySpaces
       - CollectionQuerySpaceImpl(uid=<gen:0>, collection=org.project.neutrino.nfvo.catalogue.mano.descriptor.VNFDDeploymentFlavour.costituent_vdu)
          - SQL table alias mapping - costituent0_
          - alias suffix - 0_
          - suffixed key columns - {vnfddepl1_7_0_}
          - entity-element alias suffix - 1_
          - 1_entity-element suffixed key columns - id1_5_1_
          - JOIN (JoinDefinedByMetadata(elements)) : <gen:0> -> <gen:1>
             - EntityQuerySpaceImpl(uid=<gen:1>, entity=org.project.neutrino.nfvo.catalogue.mano.common.CostituentVDU)
                - SQL table alias mapping - costituent1_
                - alias suffix - 1_
                - suffixed key columns - {id1_5_1_}

14:11:16.251 [Test worker] DEBUG o.h.l.c.plan.CollectionLoader - Static select for collection org.project.neutrino.nfvo.catalogue.mano.descriptor.VNFDDeploymentFlavour.costituent_vdu: select costituent0_.vnfddeployment_flavour_id as vnfddepl1_7_0_, costituent0_.costituent_vdu_id as costitue2_84_0_, costituent1_.id as id1_5_1_, costituent1_.constituent_vnfc as constitu2_5_1_, costituent1_.number_of_instances as number_o3_5_1_, costituent1_.vdu_reference as vdu_refe4_5_1_, costituent1_.version as version5_5_1_ from vnfddeployment_flavour_costituent_vdu costituent0_ inner join costituentvdu costituent1_ on costituent0_.costituent_vdu_id=costituent1_.id where costituent0_.vnfddeployment_flavour_id=?
14:11:16.252 [Test worker] DEBUG o.h.l.p.b.i.spaces.QuerySpacesImpl - Adding QuerySpace : uid = <gen:0> -> org.hibernate.loader.plan.build.internal.spaces.CollectionQuerySpaceImpl@19080dcc]
14:11:16.252 [Test worker] DEBUG o.h.l.p.b.i.spaces.QuerySpacesImpl - Adding QuerySpace : uid = <gen:1> -> org.hibernate.loader.plan.build.internal.spaces.EntityQuerySpaceImpl@5fc1d8ea]
14:11:16.252 [Test worker] DEBUG o.h.p.w.spi.MetamodelGraphWalker - Visiting attribute path : allocated_capacity
14:11:16.252 [Test worker] DEBUG o.h.p.w.spi.MetamodelGraphWalker - Visiting attribute path : audit_log
14:11:16.252 [Test worker] DEBUG o.h.p.w.spi.MetamodelGraphWalker - Visiting attribute path : connection
14:11:16.252 [Test worker] DEBUG o.h.p.w.spi.MetamodelGraphWalker - Visiting attribute path : connectivity_type
14:11:16.252 [Test worker] DEBUG o.h.p.w.spi.MetamodelGraphWalker - Visiting attribute path : descriptor_reference
14:11:16.252 [Test worker] DEBUG o.h.p.w.spi.MetamodelGraphWalker - Visiting attribute path : leaf_requirement
14:11:16.252 [Test worker] DEBUG o.h.p.w.spi.MetamodelGraphWalker - Visiting attribute path : lifecycle_event_history
14:11:16.252 [Test worker] DEBUG o.h.l.p.b.i.spaces.QuerySpacesImpl - Adding QuerySpace : uid = <gen:2> -> org.hibernate.loader.plan.build.internal.spaces.CollectionQuerySpaceImpl@aee17d]
14:11:16.252 [Test worker] DEBUG o.h.l.p.b.i.spaces.QuerySpacesImpl - Adding QuerySpace : uid = <gen:3> -> org.hibernate.loader.plan.build.internal.spaces.EntityQuerySpaceImpl@5955d5e4]
14:11:16.252 [Test worker] DEBUG o.h.p.w.spi.MetamodelGraphWalker - Visiting attribute path : notification
14:11:16.252 [Test worker] DEBUG o.h.p.w.spi.MetamodelGraphWalker - Visiting attribute path : number_of_enpoints
14:11:16.252 [Test worker] DEBUG o.h.p.w.spi.MetamodelGraphWalker - Visiting attribute path : parent_ns
14:11:16.252 [Test worker] DEBUG o.h.p.w.spi.MetamodelGraphWalker - Visiting attribute path : qos
14:11:16.252 [Test worker] DEBUG o.h.p.w.spi.MetamodelGraphWalker - Visiting attribute path : root_requirement
14:11:16.252 [Test worker] DEBUG o.h.p.w.spi.MetamodelGraphWalker - Visiting attribute path : status
14:11:16.252 [Test worker] DEBUG o.h.p.w.spi.MetamodelGraphWalker - Visiting attribute path : test_access
14:11:16.252 [Test worker] DEBUG o.h.p.w.spi.MetamodelGraphWalker - Visiting attribute path : vendor
14:11:16.252 [Test worker] DEBUG o.h.p.w.spi.MetamodelGraphWalker - Visiting attribute path : version
14:11:16.252 [Test worker] DEBUG o.h.p.w.spi.MetamodelGraphWalker - Visiting attribute path : vim_id
14:11:16.252 [Test worker] DEBUG o.h.p.w.spi.MetamodelGraphWalker - Visiting attribute path : vnffgr_reference
14:11:16.252 [Test worker] DEBUG o.h.l.p.b.i.spaces.QuerySpacesImpl - Adding QuerySpace : uid = <gen:4> -> org.hibernate.loader.plan.build.internal.spaces.CollectionQuerySpaceImpl@124d998e]
14:11:16.252 [Test worker] DEBUG o.h.l.p.b.i.spaces.QuerySpacesImpl - Adding QuerySpace : uid = <gen:5> -> org.hibernate.loader.plan.build.internal.spaces.EntityQuerySpaceImpl@249c4305]
14:11:16.252 [Test worker] DEBUG o.h.l.p.b.i.FetchStyleLoadPlanBuildingAssociationVisitationStrategy - Building LoadPlan...
14:11:16.252 [Test worker] DEBUG o.h.l.p.e.i.LoadQueryJoinAndFetchProcessor - processing queryspace <gen:0>
14:11:16.252 [Test worker] DEBUG o.h.l.p.b.spi.LoadPlanTreePrinter - LoadPlan(collection=org.project.neutrino.nfvo.catalogue.mano.record.NetworkServiceRecord.vlr)
    - Returns
       - CollectionReturnImpl(collection=org.project.neutrino.nfvo.catalogue.mano.record.NetworkServiceRecord.vlr, querySpaceUid=<gen:0>, path=[org.project.neutrino.nfvo.catalogue.mano.record.NetworkServiceRecord.vlr])
          - (collection element) CollectionFetchableElementEntityGraph(entity=org.project.neutrino.nfvo.catalogue.mano.record.VirtualLinkRecord, querySpaceUid=<gen:1>, path=[org.project.neutrino.nfvo.catalogue.mano.record.NetworkServiceRecord.vlr].<elements>)
             - CollectionAttributeFetchImpl(collection=org.project.neutrino.nfvo.catalogue.mano.record.VirtualLinkRecord.lifecycle_event_history, querySpaceUid=<gen:2>, path=[org.project.neutrino.nfvo.catalogue.mano.record.NetworkServiceRecord.vlr].<elements>.lifecycle_event_history)
                - (collection element) CollectionFetchableElementEntityGraph(entity=org.project.neutrino.nfvo.catalogue.mano.common.LifecycleEvent, querySpaceUid=<gen:3>, path=[org.project.neutrino.nfvo.catalogue.mano.record.NetworkServiceRecord.vlr].<elements>.lifecycle_event_history.<elements>)
             - CollectionAttributeFetchImpl(collection=org.project.neutrino.nfvo.catalogue.mano.record.VirtualLinkRecord.vnffgr_reference, querySpaceUid=<gen:4>, path=[org.project.neutrino.nfvo.catalogue.mano.record.NetworkServiceRecord.vlr].<elements>.vnffgr_reference)
                - (collection element) CollectionFetchableElementEntityGraph(entity=org.project.neutrino.nfvo.catalogue.mano.record.VNFForwardingGraphRecord, querySpaceUid=<gen:5>, path=[org.project.neutrino.nfvo.catalogue.mano.record.NetworkServiceRecord.vlr].<elements>.vnffgr_reference.<elements>)
    - QuerySpaces
       - CollectionQuerySpaceImpl(uid=<gen:0>, collection=org.project.neutrino.nfvo.catalogue.mano.record.NetworkServiceRecord.vlr)
          - SQL table alias mapping - vlr0_
          - alias suffix - 0_
          - suffixed key columns - {network_1_18_0_}
          - entity-element alias suffix - 1_
          - 1_entity-element suffixed key columns - id1_54_1_
          - JOIN (JoinDefinedByMetadata(elements)) : <gen:0> -> <gen:1>
             - EntityQuerySpaceImpl(uid=<gen:1>, entity=org.project.neutrino.nfvo.catalogue.mano.record.VirtualLinkRecord)
                - SQL table alias mapping - virtuallin1_
                - alias suffix - 1_
                - suffixed key columns - {id1_54_1_}

14:11:16.252 [Test worker] DEBUG o.h.l.c.plan.CollectionLoader - Static select for collection org.project.neutrino.nfvo.catalogue.mano.record.NetworkServiceRecord.vlr: select vlr0_.network_service_record_id as network_1_18_0_, vlr0_.vlr_id as vlr_id2_24_0_, virtuallin1_.id as id1_54_1_, virtuallin1_.connectivity_type as connecti2_54_1_, virtuallin1_.descriptor_reference as descript3_54_1_, virtuallin1_.leaf_requirement as leaf_req4_54_1_, virtuallin1_.number_of_enpoints as number_o5_54_1_, virtuallin1_.parent_ns as parent_n6_54_1_, virtuallin1_.root_requirement as root_req7_54_1_, virtuallin1_.status as status8_54_1_, virtuallin1_.test_access as test_acc9_54_1_, virtuallin1_.vendor as vendor10_54_1_, virtuallin1_.version as version11_54_1_, virtuallin1_.vim_id as vim_id12_54_1_ from network_service_record_vlr vlr0_ inner join virtual_link_record virtuallin1_ on vlr0_.vlr_id=virtuallin1_.id where vlr0_.network_service_record_id=?
14:11:16.252 [Test worker] DEBUG o.h.l.p.b.i.spaces.QuerySpacesImpl - Adding QuerySpace : uid = <gen:0> -> org.hibernate.loader.plan.build.internal.spaces.CollectionQuerySpaceImpl@ef4100a]
14:11:16.252 [Test worker] DEBUG o.h.l.p.b.i.spaces.QuerySpacesImpl - Adding QuerySpace : uid = <gen:1> -> org.hibernate.loader.plan.build.internal.spaces.EntityQuerySpaceImpl@39490831]
14:11:16.252 [Test worker] DEBUG o.h.p.w.spi.MetamodelGraphWalker - Visiting attribute path : source
14:11:16.252 [Test worker] DEBUG o.h.l.p.b.i.spaces.QuerySpacesImpl - Adding QuerySpace : uid = <gen:2> -> org.hibernate.loader.plan.build.internal.spaces.EntityQuerySpaceImpl@6b8d773]
14:11:16.253 [Test worker] DEBUG o.h.p.w.spi.MetamodelGraphWalker - Visiting attribute path : source.auto_scale_policy
14:11:16.253 [Test worker] DEBUG o.h.p.w.spi.MetamodelGraphWalker - Visiting attribute path : source.connection_point
14:11:16.253 [Test worker] DEBUG o.h.p.w.spi.MetamodelGraphWalker - Visiting attribute path : source.hb_version
14:11:16.253 [Test worker] DEBUG o.h.p.w.spi.MetamodelGraphWalker - Visiting attribute path : source.lifecycle_event
14:11:16.253 [Test worker] DEBUG o.h.p.w.spi.MetamodelGraphWalker - Visiting attribute path : source.monitoring_parameter
14:11:16.253 [Test worker] DEBUG o.h.l.p.b.i.spaces.QuerySpacesImpl - Adding QuerySpace : uid = <gen:3> -> org.hibernate.loader.plan.build.internal.spaces.CollectionQuerySpaceImpl@7fd73c51]
14:11:16.253 [Test worker] DEBUG o.h.p.w.spi.MetamodelGraphWalker - Visiting attribute path : source.service_deployment_flavour
14:11:16.253 [Test worker] DEBUG o.h.p.w.spi.MetamodelGraphWalker - Visiting attribute path : source.vendor
14:11:16.253 [Test worker] DEBUG o.h.p.w.spi.MetamodelGraphWalker - Visiting attribute path : source.version
14:11:16.253 [Test worker] DEBUG o.h.p.w.spi.MetamodelGraphWalker - Visiting attribute path : source.vld
14:11:16.253 [Test worker] DEBUG o.h.p.w.spi.MetamodelGraphWalker - Visiting attribute path : source.vnffgd
14:11:16.253 [Test worker] DEBUG o.h.p.w.spi.MetamodelGraphWalker - Visiting attribute path : source.deployment_flavour
14:11:16.253 [Test worker] DEBUG o.h.l.p.b.i.spaces.QuerySpacesImpl - Adding QuerySpace : uid = <gen:4> -> org.hibernate.loader.plan.build.internal.spaces.CollectionQuerySpaceImpl@bb92b69]
14:11:16.253 [Test worker] DEBUG o.h.l.p.b.i.spaces.QuerySpacesImpl - Adding QuerySpace : uid = <gen:5> -> org.hibernate.loader.plan.build.internal.spaces.EntityQuerySpaceImpl@29d10082]
14:11:16.253 [Test worker] DEBUG o.h.p.w.spi.MetamodelGraphWalker - Visiting attribute path : source.descriptor_version
14:11:16.253 [Test worker] DEBUG o.h.p.w.spi.MetamodelGraphWalker - Visiting attribute path : source.manifest_file
14:11:16.253 [Test worker] DEBUG o.h.p.w.spi.MetamodelGraphWalker - Visiting attribute path : source.manifest_file_security
14:11:16.254 [Test worker] DEBUG o.h.p.w.spi.MetamodelGraphWalker - Visiting attribute path : source.vdu
14:11:16.254 [Test worker] DEBUG o.h.p.w.spi.MetamodelGraphWalker - Visiting attribute path : source.vdu_dependency
14:11:16.254 [Test worker] DEBUG o.h.p.w.spi.MetamodelGraphWalker - Visiting attribute path : source.virtual_link
14:11:16.254 [Test worker] DEBUG o.h.p.w.spi.MetamodelGraphWalker - Visiting attribute path : target
14:11:16.254 [Test worker] DEBUG o.h.l.p.b.i.spaces.QuerySpacesImpl - Adding QuerySpace : uid = <gen:6> -> org.hibernate.loader.plan.build.internal.spaces.EntityQuerySpaceImpl@58786c40]
14:11:16.255 [Test worker] DEBUG o.h.p.w.spi.MetamodelGraphWalker - Visiting attribute path : target.auto_scale_policy
14:11:16.255 [Test worker] DEBUG o.h.p.w.spi.MetamodelGraphWalker - Visiting attribute path : target.connection_point
14:11:16.255 [Test worker] DEBUG o.h.p.w.spi.MetamodelGraphWalker - Visiting attribute path : target.hb_version
14:11:16.255 [Test worker] DEBUG o.h.p.w.spi.MetamodelGraphWalker - Visiting attribute path : target.lifecycle_event
14:11:16.255 [Test worker] DEBUG o.h.p.w.spi.MetamodelGraphWalker - Visiting attribute path : target.monitoring_parameter
14:11:16.255 [Test worker] DEBUG o.h.l.p.b.i.spaces.QuerySpacesImpl - Adding QuerySpace : uid = <gen:7> -> org.hibernate.loader.plan.build.internal.spaces.CollectionQuerySpaceImpl@1b0787da]
14:11:16.255 [Test worker] DEBUG o.h.p.w.spi.MetamodelGraphWalker - Visiting attribute path : target.service_deployment_flavour
14:11:16.255 [Test worker] DEBUG o.h.p.w.spi.MetamodelGraphWalker - Visiting attribute path : target.vendor
14:11:16.255 [Test worker] DEBUG o.h.p.w.spi.MetamodelGraphWalker - Visiting attribute path : target.version
14:11:16.255 [Test worker] DEBUG o.h.p.w.spi.MetamodelGraphWalker - Visiting attribute path : target.vld
14:11:16.255 [Test worker] DEBUG o.h.p.w.spi.MetamodelGraphWalker - Visiting attribute path : target.vnffgd
14:11:16.255 [Test worker] DEBUG o.h.p.w.spi.MetamodelGraphWalker - Visiting attribute path : target.deployment_flavour
14:11:16.255 [Test worker] DEBUG o.h.l.p.b.i.spaces.QuerySpacesImpl - Adding QuerySpace : uid = <gen:8> -> org.hibernate.loader.plan.build.internal.spaces.CollectionQuerySpaceImpl@b680713]
14:11:16.255 [Test worker] DEBUG o.h.l.p.b.i.spaces.QuerySpacesImpl - Adding QuerySpace : uid = <gen:9> -> org.hibernate.loader.plan.build.internal.spaces.EntityQuerySpaceImpl@5aa8763e]
14:11:16.256 [Test worker] DEBUG o.h.p.w.spi.MetamodelGraphWalker - Visiting attribute path : target.descriptor_version
14:11:16.256 [Test worker] DEBUG o.h.p.w.spi.MetamodelGraphWalker - Visiting attribute path : target.manifest_file
14:11:16.256 [Test worker] DEBUG o.h.p.w.spi.MetamodelGraphWalker - Visiting attribute path : target.manifest_file_security
14:11:16.256 [Test worker] DEBUG o.h.p.w.spi.MetamodelGraphWalker - Visiting attribute path : target.vdu
14:11:16.256 [Test worker] DEBUG o.h.p.w.spi.MetamodelGraphWalker - Visiting attribute path : target.vdu_dependency
14:11:16.256 [Test worker] DEBUG o.h.p.w.spi.MetamodelGraphWalker - Visiting attribute path : target.virtual_link
14:11:16.256 [Test worker] DEBUG o.h.p.w.spi.MetamodelGraphWalker - Visiting attribute path : version
14:11:16.256 [Test worker] DEBUG o.h.l.p.b.i.FetchStyleLoadPlanBuildingAssociationVisitationStrategy - Building LoadPlan...
14:11:16.256 [Test worker] DEBUG o.h.l.p.e.i.LoadQueryJoinAndFetchProcessor - processing queryspace <gen:0>
14:11:16.257 [Test worker] DEBUG o.h.l.p.b.spi.LoadPlanTreePrinter - LoadPlan(collection=org.project.neutrino.nfvo.catalogue.mano.record.VirtualNetworkFunctionRecord.dependency)
    - Returns
       - CollectionReturnImpl(collection=org.project.neutrino.nfvo.catalogue.mano.record.VirtualNetworkFunctionRecord.dependency, querySpaceUid=<gen:0>, path=[org.project.neutrino.nfvo.catalogue.mano.record.VirtualNetworkFunctionRecord.dependency])
          - (collection element) CollectionFetchableElementEntityGraph(entity=org.project.neutrino.nfvo.catalogue.mano.common.VNFDependency, querySpaceUid=<gen:1>, path=[org.project.neutrino.nfvo.catalogue.mano.record.VirtualNetworkFunctionRecord.dependency].<elements>)
             - EntityAttributeFetchImpl(entity=org.project.neutrino.nfvo.catalogue.mano.descriptor.VirtualNetworkFunctionDescriptor, querySpaceUid=<gen:2>, path=[org.project.neutrino.nfvo.catalogue.mano.record.VirtualNetworkFunctionRecord.dependency].<elements>.source)
                - CollectionAttributeFetchImpl(collection=org.project.neutrino.nfvo.catalogue.mano.common.NFVEntityDescriptor.monitoring_parameter, querySpaceUid=<gen:3>, path=[org.project.neutrino.nfvo.catalogue.mano.record.VirtualNetworkFunctionRecord.dependency].<elements>.source.monitoring_parameter)
                - CollectionAttributeFetchImpl(collection=org.project.neutrino.nfvo.catalogue.mano.descriptor.VirtualNetworkFunctionDescriptor.deployment_flavour, querySpaceUid=<gen:4>, path=[org.project.neutrino.nfvo.catalogue.mano.record.VirtualNetworkFunctionRecord.dependency].<elements>.source.deployment_flavour)
                   - (collection element) CollectionFetchableElementEntityGraph(entity=org.project.neutrino.nfvo.catalogue.mano.descriptor.VNFDDeploymentFlavour, querySpaceUid=<gen:5>, path=[org.project.neutrino.nfvo.catalogue.mano.record.VirtualNetworkFunctionRecord.dependency].<elements>.source.deployment_flavour.<elements>)
             - EntityAttributeFetchImpl(entity=org.project.neutrino.nfvo.catalogue.mano.descriptor.VirtualNetworkFunctionDescriptor, querySpaceUid=<gen:6>, path=[org.project.neutrino.nfvo.catalogue.mano.record.VirtualNetworkFunctionRecord.dependency].<elements>.target)
                - CollectionAttributeFetchImpl(collection=org.project.neutrino.nfvo.catalogue.mano.common.NFVEntityDescriptor.monitoring_parameter, querySpaceUid=<gen:7>, path=[org.project.neutrino.nfvo.catalogue.mano.record.VirtualNetworkFunctionRecord.dependency].<elements>.target.monitoring_parameter)
                - CollectionAttributeFetchImpl(collection=org.project.neutrino.nfvo.catalogue.mano.descriptor.VirtualNetworkFunctionDescriptor.deployment_flavour, querySpaceUid=<gen:8>, path=[org.project.neutrino.nfvo.catalogue.mano.record.VirtualNetworkFunctionRecord.dependency].<elements>.target.deployment_flavour)
                   - (collection element) CollectionFetchableElementEntityGraph(entity=org.project.neutrino.nfvo.catalogue.mano.descriptor.VNFDDeploymentFlavour, querySpaceUid=<gen:9>, path=[org.project.neutrino.nfvo.catalogue.mano.record.VirtualNetworkFunctionRecord.dependency].<elements>.target.deployment_flavour.<elements>)
    - QuerySpaces
       - CollectionQuerySpaceImpl(uid=<gen:0>, collection=org.project.neutrino.nfvo.catalogue.mano.record.VirtualNetworkFunctionRecord.dependency)
          - SQL table alias mapping - dependency0_
          - alias suffix - 0_
          - suffixed key columns - {virtual_1_68_0_}
          - entity-element alias suffix - 1_
          - 1_entity-element suffixed key columns - id1_86_1_
          - JOIN (JoinDefinedByMetadata(elements)) : <gen:0> -> <gen:1>
             - EntityQuerySpaceImpl(uid=<gen:1>, entity=org.project.neutrino.nfvo.catalogue.mano.common.VNFDependency)
                - SQL table alias mapping - vnfdepende1_
                - alias suffix - 1_
                - suffixed key columns - {id1_86_1_}
                - JOIN (JoinDefinedByMetadata(source)) : <gen:1> -> <gen:2>
                   - EntityQuerySpaceImpl(uid=<gen:2>, entity=org.project.neutrino.nfvo.catalogue.mano.descriptor.VirtualNetworkFunctionDescriptor)
                      - SQL table alias mapping - virtualnet2_
                      - alias suffix - 2_
                      - suffixed key columns - {id1_27_2_}
                - JOIN (JoinDefinedByMetadata(target)) : <gen:1> -> <gen:6>
                   - EntityQuerySpaceImpl(uid=<gen:6>, entity=org.project.neutrino.nfvo.catalogue.mano.descriptor.VirtualNetworkFunctionDescriptor)
                      - SQL table alias mapping - virtualnet3_
                      - alias suffix - 3_
                      - suffixed key columns - {id1_27_3_}

14:11:16.257 [Test worker] DEBUG o.h.l.c.plan.CollectionLoader - Static select for collection org.project.neutrino.nfvo.catalogue.mano.record.VirtualNetworkFunctionRecord.dependency: select dependency0_.virtual_network_function_record_id as virtual_1_68_0_, dependency0_.dependency_id as dependen2_72_0_, vnfdepende1_.id as id1_86_1_, vnfdepende1_.source_Id as source_I3_86_1_, vnfdepende1_.target_Id as target_I4_86_1_, vnfdepende1_.version as version2_86_1_, virtualnet2_.id as id1_27_2_, virtualnet2_.hb_version as hb_versi2_27_2_, virtualnet2_.vendor as vendor3_27_2_, virtualnet2_.version as version4_27_2_, virtualnet2_.descriptor_version as descript1_62_2_, virtualnet2_.manifest_file as manifest2_62_2_, virtualnet3_.id as id1_27_3_, virtualnet3_.hb_version as hb_versi2_27_3_, virtualnet3_.vendor as vendor3_27_3_, virtualnet3_.version as version4_27_3_, virtualnet3_.descriptor_version as descript1_62_3_, virtualnet3_.manifest_file as manifest2_62_3_ from virtual_network_function_record_dependency dependency0_ inner join vnfdependency vnfdepende1_ on dependency0_.dependency_id=vnfdepende1_.id left outer join virtual_network_function_descriptor virtualnet2_ on vnfdepende1_.source_Id=virtualnet2_.id left outer join virtual_network_function_descriptor virtualnet3_ on vnfdepende1_.target_Id=virtualnet3_.id where dependency0_.virtual_network_function_record_id=?
14:11:16.257 [Test worker] DEBUG o.h.l.p.b.i.spaces.QuerySpacesImpl - Adding QuerySpace : uid = <gen:0> -> org.hibernate.loader.plan.build.internal.spaces.CollectionQuerySpaceImpl@69eb0ef1]
14:11:16.257 [Test worker] DEBUG o.h.l.p.b.i.spaces.QuerySpacesImpl - Adding QuerySpace : uid = <gen:1> -> org.hibernate.loader.plan.build.internal.spaces.EntityQuerySpaceImpl@4722268a]
14:11:16.257 [Test worker] DEBUG o.h.p.w.spi.MetamodelGraphWalker - Visiting attribute path : type
14:11:16.257 [Test worker] DEBUG o.h.p.w.spi.MetamodelGraphWalker - Visiting attribute path : version
14:11:16.257 [Test worker] DEBUG o.h.p.w.spi.MetamodelGraphWalker - Visiting attribute path : virtual_link_reference
14:11:16.257 [Test worker] DEBUG o.h.l.p.b.i.FetchStyleLoadPlanBuildingAssociationVisitationStrategy - Building LoadPlan...
14:11:16.257 [Test worker] DEBUG o.h.l.p.e.i.LoadQueryJoinAndFetchProcessor - processing queryspace <gen:0>
14:11:16.258 [Test worker] DEBUG o.h.l.p.b.spi.LoadPlanTreePrinter - LoadPlan(collection=org.project.neutrino.nfvo.catalogue.mano.descriptor.VNFComponent.connection_point)
    - Returns
       - CollectionReturnImpl(collection=org.project.neutrino.nfvo.catalogue.mano.descriptor.VNFComponent.connection_point, querySpaceUid=<gen:0>, path=[org.project.neutrino.nfvo.catalogue.mano.descriptor.VNFComponent.connection_point])
          - (collection element) CollectionFetchableElementEntityGraph(entity=org.project.neutrino.nfvo.catalogue.mano.descriptor.VNFDConnectionPoint, querySpaceUid=<gen:1>, path=[org.project.neutrino.nfvo.catalogue.mano.descriptor.VNFComponent.connection_point].<elements>)
    - QuerySpaces
       - CollectionQuerySpaceImpl(uid=<gen:0>, collection=org.project.neutrino.nfvo.catalogue.mano.descriptor.VNFComponent.connection_point)
          - SQL table alias mapping - connection0_
          - alias suffix - 0_
          - suffixed key columns - {vnfcompo1_80_0_}
          - entity-element alias suffix - 1_
          - 1_entity-element suffixed key columns - id1_4_1_
          - JOIN (JoinDefinedByMetadata(elements)) : <gen:0> -> <gen:1>
             - EntityQuerySpaceImpl(uid=<gen:1>, entity=org.project.neutrino.nfvo.catalogue.mano.descriptor.VNFDConnectionPoint)
                - SQL table alias mapping - vnfdconnec1_
                - alias suffix - 1_
                - suffixed key columns - {id1_4_1_}

14:11:16.258 [Test worker] DEBUG o.h.l.c.plan.CollectionLoader - Static select for collection org.project.neutrino.nfvo.catalogue.mano.descriptor.VNFComponent.connection_point: select connection0_.vnfcomponent_id as vnfcompo1_80_0_, connection0_.connection_point_id as connecti2_81_0_, vnfdconnec1_.id as id1_4_1_, vnfdconnec1_.type as type2_4_1_, vnfdconnec1_.version as version3_4_1_, vnfdconnec1_.virtual_link_reference as virtual_1_82_1_ from vnfcomponent_connection_point connection0_ inner join vnfdconnection_point vnfdconnec1_ on connection0_.connection_point_id=vnfdconnec1_.id where connection0_.vnfcomponent_id=?
14:11:16.258 [Test worker] DEBUG o.h.l.p.b.i.spaces.QuerySpacesImpl - Adding QuerySpace : uid = <gen:0> -> org.hibernate.loader.plan.build.internal.spaces.CollectionQuerySpaceImpl@403d12c3]
14:11:16.258 [Test worker] DEBUG o.h.l.p.b.i.spaces.QuerySpacesImpl - Adding QuerySpace : uid = <gen:1> -> org.hibernate.loader.plan.build.internal.spaces.EntityQuerySpaceImpl@699ae127]
14:11:16.258 [Test worker] DEBUG o.h.p.w.spi.MetamodelGraphWalker - Visiting attribute path : flavour_key
14:11:16.258 [Test worker] DEBUG o.h.p.w.spi.MetamodelGraphWalker - Visiting attribute path : version
14:11:16.258 [Test worker] DEBUG o.h.p.w.spi.MetamodelGraphWalker - Visiting attribute path : constituent_vnf
14:11:16.258 [Test worker] DEBUG o.h.p.w.spi.MetamodelGraphWalker - Visiting attribute path : costituent_vdu
14:11:16.258 [Test worker] DEBUG o.h.p.w.spi.MetamodelGraphWalker - Visiting attribute path : df_constraint
14:11:16.258 [Test worker] DEBUG o.h.l.p.b.i.spaces.QuerySpacesImpl - Adding QuerySpace : uid = <gen:2> -> org.hibernate.loader.plan.build.internal.spaces.CollectionQuerySpaceImpl@763bc0f5]
14:11:16.258 [Test worker] DEBUG o.h.l.p.b.i.FetchStyleLoadPlanBuildingAssociationVisitationStrategy - Building LoadPlan...
14:11:16.259 [Test worker] DEBUG o.h.l.p.e.i.LoadQueryJoinAndFetchProcessor - processing queryspace <gen:0>
14:11:16.259 [Test worker] DEBUG o.h.l.p.b.spi.LoadPlanTreePrinter - LoadPlan(collection=org.project.neutrino.nfvo.catalogue.mano.common.NFVEntityDescriptor.service_deployment_flavour)
    - Returns
       - CollectionReturnImpl(collection=org.project.neutrino.nfvo.catalogue.mano.common.NFVEntityDescriptor.service_deployment_flavour, querySpaceUid=<gen:0>, path=[org.project.neutrino.nfvo.catalogue.mano.common.NFVEntityDescriptor.service_deployment_flavour])
          - (collection element) CollectionFetchableElementEntityGraph(entity=org.project.neutrino.nfvo.catalogue.mano.common.DeploymentFlavour, querySpaceUid=<gen:1>, path=[org.project.neutrino.nfvo.catalogue.mano.common.NFVEntityDescriptor.service_deployment_flavour].<elements>)
             - CollectionAttributeFetchImpl(collection=org.project.neutrino.nfvo.catalogue.mano.descriptor.VNFDDeploymentFlavour.df_constraint, querySpaceUid=<gen:2>, path=[org.project.neutrino.nfvo.catalogue.mano.common.NFVEntityDescriptor.service_deployment_flavour].<elements>.df_constraint)
    - QuerySpaces
       - CollectionQuerySpaceImpl(uid=<gen:0>, collection=org.project.neutrino.nfvo.catalogue.mano.common.NFVEntityDescriptor.service_deployment_flavour)
          - SQL table alias mapping - service_de0_
          - alias suffix - 0_
          - suffixed key columns - {nfventit1_27_0_}
          - entity-element alias suffix - 1_
          - 1_entity-element suffixed key columns - id1_7_1_
          - JOIN (JoinDefinedByMetadata(elements)) : <gen:0> -> <gen:1>
             - EntityQuerySpaceImpl(uid=<gen:1>, entity=org.project.neutrino.nfvo.catalogue.mano.common.DeploymentFlavour)
                - SQL table alias mapping - deployment1_
                - alias suffix - 1_
                - suffixed key columns - {id1_7_1_}

14:11:16.259 [Test worker] DEBUG o.h.l.c.plan.CollectionLoader - Static select for collection org.project.neutrino.nfvo.catalogue.mano.common.NFVEntityDescriptor.service_deployment_flavour: select service_de0_.nfventity_descriptor_Id as nfventit1_27_0_, service_de0_.service_deployment_flavour_id as service_2_32_0_, deployment1_.id as id1_7_1_, deployment1_.flavour_key as flavour_2_7_1_, deployment1_.version as version3_7_1_, deployment1_.clazz_ as clazz_1_ from nfventity_descriptor_service_deployment_flavour service_de0_ inner join ( select id, flavour_key, version, 0 as clazz_ from deployment_flavour union select id, flavour_key, version, 1 as clazz_ from service_deployment_flavour union select id, flavour_key, version, 2 as clazz_ from vnfddeployment_flavour ) deployment1_ on service_de0_.service_deployment_flavour_id=deployment1_.id where service_de0_.nfventity_descriptor_Id=?
14:11:16.259 [Test worker] DEBUG o.h.l.p.b.i.spaces.QuerySpacesImpl - Adding QuerySpace : uid = <gen:0> -> org.hibernate.loader.plan.build.internal.spaces.CollectionQuerySpaceImpl@4cf95177]
14:11:16.259 [Test worker] DEBUG o.h.l.p.b.i.spaces.QuerySpacesImpl - Adding QuerySpace : uid = <gen:1> -> org.hibernate.loader.plan.build.internal.spaces.EntityQuerySpaceImpl@453831c]
14:11:16.260 [Test worker] DEBUG o.h.p.w.spi.MetamodelGraphWalker - Visiting attribute path : type
14:11:16.260 [Test worker] DEBUG o.h.p.w.spi.MetamodelGraphWalker - Visiting attribute path : version
14:11:16.260 [Test worker] DEBUG o.h.p.w.spi.MetamodelGraphWalker - Visiting attribute path : virtual_link_reference
14:11:16.260 [Test worker] DEBUG o.h.l.p.b.i.FetchStyleLoadPlanBuildingAssociationVisitationStrategy - Building LoadPlan...
14:11:16.260 [Test worker] DEBUG o.h.l.p.e.i.LoadQueryJoinAndFetchProcessor - processing queryspace <gen:0>
14:11:16.260 [Test worker] DEBUG o.h.l.p.b.spi.LoadPlanTreePrinter - LoadPlan(collection=org.project.neutrino.nfvo.catalogue.mano.record.PhysicalNetworkFunctionRecord.connection_point)
    - Returns
       - CollectionReturnImpl(collection=org.project.neutrino.nfvo.catalogue.mano.record.PhysicalNetworkFunctionRecord.connection_point, querySpaceUid=<gen:0>, path=[org.project.neutrino.nfvo.catalogue.mano.record.PhysicalNetworkFunctionRecord.connection_point])
          - (collection element) CollectionFetchableElementEntityGraph(entity=org.project.neutrino.nfvo.catalogue.mano.common.ConnectionPoint, querySpaceUid=<gen:1>, path=[org.project.neutrino.nfvo.catalogue.mano.record.PhysicalNetworkFunctionRecord.connection_point].<elements>)
    - QuerySpaces
       - CollectionQuerySpaceImpl(uid=<gen:0>, collection=org.project.neutrino.nfvo.catalogue.mano.record.PhysicalNetworkFunctionRecord.connection_point)
          - SQL table alias mapping - connection0_
          - alias suffix - 0_
          - suffixed key columns - {physical1_37_0_}
          - entity-element alias suffix - 1_
          - 1_entity-element suffixed key columns - id1_4_1_
          - JOIN (JoinDefinedByMetadata(elements)) : <gen:0> -> <gen:1>
             - EntityQuerySpaceImpl(uid=<gen:1>, entity=org.project.neutrino.nfvo.catalogue.mano.common.ConnectionPoint)
                - SQL table alias mapping - connection1_
                - alias suffix - 1_
                - suffixed key columns - {id1_4_1_}

14:11:16.261 [Test worker] DEBUG o.h.l.c.plan.CollectionLoader - Static select for collection org.project.neutrino.nfvo.catalogue.mano.record.PhysicalNetworkFunctionRecord.connection_point: select connection0_.physical_network_function_record_id as physical1_37_0_, connection0_.connection_point_id as connecti2_39_0_, connection1_.id as id1_4_1_, connection1_.type as type2_4_1_, connection1_.version as version3_4_1_, connection1_.virtual_link_reference as virtual_1_82_1_, connection1_.clazz_ as clazz_1_ from physical_network_function_record_connection_point connection0_ inner join ( select id, type, version, null as virtual_link_reference, 0 as clazz_ from connection_point union select id, type, version, virtual_link_reference, 1 as clazz_ from vnfdconnection_point ) connection1_ on connection0_.connection_point_id=connection1_.id where connection0_.physical_network_function_record_id=?
14:11:16.261 [Test worker] DEBUG o.h.l.p.b.i.spaces.QuerySpacesImpl - Adding QuerySpace : uid = <gen:0> -> org.hibernate.loader.plan.build.internal.spaces.CollectionQuerySpaceImpl@329ca4e]
14:11:16.261 [Test worker] DEBUG o.h.l.p.b.i.spaces.QuerySpacesImpl - Adding QuerySpace : uid = <gen:1> -> org.hibernate.loader.plan.build.internal.spaces.EntityQuerySpaceImpl@2ca0c881]
14:11:16.261 [Test worker] DEBUG o.h.p.w.spi.MetamodelGraphWalker - Visiting attribute path : connectivity_type
14:11:16.261 [Test worker] DEBUG o.h.p.w.spi.MetamodelGraphWalker - Visiting attribute path : leaf_requirement
14:11:16.261 [Test worker] DEBUG o.h.p.w.spi.MetamodelGraphWalker - Visiting attribute path : qos
14:11:16.261 [Test worker] DEBUG o.h.p.w.spi.MetamodelGraphWalker - Visiting attribute path : root_requirement
14:11:16.261 [Test worker] DEBUG o.h.p.w.spi.MetamodelGraphWalker - Visiting attribute path : test_access
14:11:16.261 [Test worker] DEBUG o.h.p.w.spi.MetamodelGraphWalker - Visiting attribute path : version
14:11:16.261 [Test worker] DEBUG o.h.p.w.spi.MetamodelGraphWalker - Visiting attribute path : connection
14:11:16.261 [Test worker] DEBUG o.h.p.w.spi.MetamodelGraphWalker - Visiting attribute path : descriptor_version
14:11:16.261 [Test worker] DEBUG o.h.p.w.spi.MetamodelGraphWalker - Visiting attribute path : number_of_endpoints
14:11:16.261 [Test worker] DEBUG o.h.p.w.spi.MetamodelGraphWalker - Visiting attribute path : vendor
14:11:16.261 [Test worker] DEBUG o.h.p.w.spi.MetamodelGraphWalker - Visiting attribute path : vld_security
14:11:16.261 [Test worker] DEBUG o.h.l.p.b.i.spaces.QuerySpacesImpl - Adding QuerySpace : uid = <gen:2> -> org.hibernate.loader.plan.build.internal.spaces.EntityQuerySpaceImpl@30f041dc]
14:11:16.261 [Test worker] DEBUG o.h.p.w.spi.MetamodelGraphWalker - Visiting attribute path : vld_security.version
14:11:16.261 [Test worker] DEBUG o.h.l.p.b.i.FetchStyleLoadPlanBuildingAssociationVisitationStrategy - Building LoadPlan...
14:11:16.262 [Test worker] DEBUG o.h.l.p.e.i.LoadQueryJoinAndFetchProcessor - processing queryspace <gen:0>
14:11:16.262 [Test worker] DEBUG o.h.l.p.b.spi.LoadPlanTreePrinter - LoadPlan(collection=org.project.neutrino.nfvo.catalogue.mano.descriptor.VNFForwardingGraph.dependent_virtual_link)
    - Returns
       - CollectionReturnImpl(collection=org.project.neutrino.nfvo.catalogue.mano.descriptor.VNFForwardingGraph.dependent_virtual_link, querySpaceUid=<gen:0>, path=[org.project.neutrino.nfvo.catalogue.mano.descriptor.VNFForwardingGraph.dependent_virtual_link])
          - (collection element) CollectionFetchableElementEntityGraph(entity=org.project.neutrino.nfvo.catalogue.mano.descriptor.VirtualLinkDescriptor, querySpaceUid=<gen:1>, path=[org.project.neutrino.nfvo.catalogue.mano.descriptor.VNFForwardingGraph.dependent_virtual_link].<elements>)
             - EntityAttributeFetchImpl(entity=org.project.neutrino.nfvo.catalogue.mano.common.Security, querySpaceUid=<gen:2>, path=[org.project.neutrino.nfvo.catalogue.mano.descriptor.VNFForwardingGraph.dependent_virtual_link].<elements>.vld_security)
    - QuerySpaces
       - CollectionQuerySpaceImpl(uid=<gen:0>, collection=org.project.neutrino.nfvo.catalogue.mano.descriptor.VNFForwardingGraph.dependent_virtual_link)
          - SQL table alias mapping - dependent_0_
          - alias suffix - 0_
          - suffixed key columns - {vnfforwa1_87_0_}
          - entity-element alias suffix - 1_
          - 1_entity-element suffixed key columns - id1_0_1_
          - JOIN (JoinDefinedByMetadata(elements)) : <gen:0> -> <gen:1>
             - EntityQuerySpaceImpl(uid=<gen:1>, entity=org.project.neutrino.nfvo.catalogue.mano.descriptor.VirtualLinkDescriptor)
                - SQL table alias mapping - virtuallin1_
                - alias suffix - 1_
                - suffixed key columns - {id1_0_1_}
                - JOIN (JoinDefinedByMetadata(vld_security)) : <gen:1> -> <gen:2>
                   - EntityQuerySpaceImpl(uid=<gen:2>, entity=org.project.neutrino.nfvo.catalogue.mano.common.Security)
                      - SQL table alias mapping - security2_
                      - alias suffix - 2_
                      - suffixed key columns - {id1_43_2_}

14:11:16.262 [Test worker] DEBUG o.h.l.c.plan.CollectionLoader - Static select for collection org.project.neutrino.nfvo.catalogue.mano.descriptor.VNFForwardingGraph.dependent_virtual_link: select dependent_0_.vnfforwarding_graph_id as vnfforwa1_87_0_, dependent_0_.dependent_virtual_link_id as dependen2_90_0_, virtuallin1_.id as id1_0_1_, virtuallin1_.connectivity_type as connecti2_0_1_, virtuallin1_.leaf_requirement as leaf_req3_0_1_, virtuallin1_.root_requirement as root_req4_0_1_, virtuallin1_.version as version5_0_1_, virtuallin1_.descriptor_version as descript1_52_1_, virtuallin1_.number_of_endpoints as number_o2_52_1_, virtuallin1_.vendor as vendor3_52_1_, virtuallin1_.vld_security_id as vld_secu4_52_1_, security2_.id as id1_43_2_, security2_.version as version2_43_2_ from vnfforwarding_graph_dependent_virtual_link dependent_0_ inner join virtual_link_descriptor virtuallin1_ on dependent_0_.dependent_virtual_link_id=virtuallin1_.id left outer join security security2_ on virtuallin1_.vld_security_id=security2_.id where dependent_0_.vnfforwarding_graph_id=?
14:11:16.262 [Test worker] DEBUG o.h.l.p.b.i.spaces.QuerySpacesImpl - Adding QuerySpace : uid = <gen:0> -> org.hibernate.loader.plan.build.internal.spaces.CollectionQuerySpaceImpl@5571c88e]
14:11:16.262 [Test worker] DEBUG o.h.l.p.b.i.spaces.QuerySpacesImpl - Adding QuerySpace : uid = <gen:1> -> org.hibernate.loader.plan.build.internal.spaces.EntityQuerySpaceImpl@21260e75]
14:11:16.262 [Test worker] DEBUG o.h.p.w.spi.MetamodelGraphWalker - Visiting attribute path : type
14:11:16.262 [Test worker] DEBUG o.h.p.w.spi.MetamodelGraphWalker - Visiting attribute path : version
14:11:16.262 [Test worker] DEBUG o.h.p.w.spi.MetamodelGraphWalker - Visiting attribute path : virtual_link_reference
14:11:16.262 [Test worker] DEBUG o.h.l.p.b.i.FetchStyleLoadPlanBuildingAssociationVisitationStrategy - Building LoadPlan...
14:11:16.263 [Test worker] DEBUG o.h.l.p.e.i.LoadQueryJoinAndFetchProcessor - processing queryspace <gen:0>
14:11:16.263 [Test worker] DEBUG o.h.l.p.b.spi.LoadPlanTreePrinter - LoadPlan(collection=org.project.neutrino.nfvo.catalogue.mano.record.VirtualNetworkFunctionRecord.connection_point)
    - Returns
       - CollectionReturnImpl(collection=org.project.neutrino.nfvo.catalogue.mano.record.VirtualNetworkFunctionRecord.connection_point, querySpaceUid=<gen:0>, path=[org.project.neutrino.nfvo.catalogue.mano.record.VirtualNetworkFunctionRecord.connection_point])
          - (collection element) CollectionFetchableElementEntityGraph(entity=org.project.neutrino.nfvo.catalogue.mano.common.ConnectionPoint, querySpaceUid=<gen:1>, path=[org.project.neutrino.nfvo.catalogue.mano.record.VirtualNetworkFunctionRecord.connection_point].<elements>)
    - QuerySpaces
       - CollectionQuerySpaceImpl(uid=<gen:0>, collection=org.project.neutrino.nfvo.catalogue.mano.record.VirtualNetworkFunctionRecord.connection_point)
          - SQL table alias mapping - connection0_
          - alias suffix - 0_
          - suffixed key columns - {virtual_1_68_0_}
          - entity-element alias suffix - 1_
          - 1_entity-element suffixed key columns - id1_4_1_
          - JOIN (JoinDefinedByMetadata(elements)) : <gen:0> -> <gen:1>
             - EntityQuerySpaceImpl(uid=<gen:1>, entity=org.project.neutrino.nfvo.catalogue.mano.common.ConnectionPoint)
                - SQL table alias mapping - connection1_
                - alias suffix - 1_
                - suffixed key columns - {id1_4_1_}

14:11:16.263 [Test worker] DEBUG o.h.l.c.plan.CollectionLoader - Static select for collection org.project.neutrino.nfvo.catalogue.mano.record.VirtualNetworkFunctionRecord.connection_point: select connection0_.virtual_network_function_record_id as virtual_1_68_0_, connection0_.connection_point_id as connecti2_71_0_, connection1_.id as id1_4_1_, connection1_.type as type2_4_1_, connection1_.version as version3_4_1_, connection1_.virtual_link_reference as virtual_1_82_1_, connection1_.clazz_ as clazz_1_ from virtual_network_function_record_connection_point connection0_ inner join ( select id, type, version, null as virtual_link_reference, 0 as clazz_ from connection_point union select id, type, version, virtual_link_reference, 1 as clazz_ from vnfdconnection_point ) connection1_ on connection0_.connection_point_id=connection1_.id where connection0_.virtual_network_function_record_id=?
14:11:16.263 [Test worker] DEBUG o.h.l.p.b.i.spaces.QuerySpacesImpl - Adding QuerySpace : uid = <gen:0> -> org.hibernate.loader.plan.build.internal.spaces.CollectionQuerySpaceImpl@79a7f930]
14:11:16.263 [Test worker] DEBUG o.h.l.p.b.i.spaces.QuerySpacesImpl - Adding QuerySpace : uid = <gen:1> -> org.hibernate.loader.plan.build.internal.spaces.EntityQuerySpaceImpl@2d8fcb6]
14:11:16.263 [Test worker] DEBUG o.h.p.w.spi.MetamodelGraphWalker - Visiting attribute path : source
14:11:16.263 [Test worker] DEBUG o.h.l.p.b.i.spaces.QuerySpacesImpl - Adding QuerySpace : uid = <gen:2> -> org.hibernate.loader.plan.build.internal.spaces.EntityQuerySpaceImpl@1bf951e0]
14:11:16.263 [Test worker] DEBUG o.h.p.w.spi.MetamodelGraphWalker - Visiting attribute path : source.computation_requirement
14:11:16.263 [Test worker] DEBUG o.h.p.w.spi.MetamodelGraphWalker - Visiting attribute path : source.high_availability
14:11:16.263 [Test worker] DEBUG o.h.p.w.spi.MetamodelGraphWalker - Visiting attribute path : source.lifecycle_event
14:11:16.263 [Test worker] DEBUG o.h.p.w.spi.MetamodelGraphWalker - Visiting attribute path : source.monitoring_parameter
14:11:16.264 [Test worker] DEBUG o.h.l.p.b.i.spaces.QuerySpacesImpl - Adding QuerySpace : uid = <gen:3> -> org.hibernate.loader.plan.build.internal.spaces.CollectionQuerySpaceImpl@4730cfd2]
14:11:16.264 [Test worker] DEBUG o.h.p.w.spi.MetamodelGraphWalker - Visiting attribute path : source.scale_in_out
14:11:16.264 [Test worker] DEBUG o.h.p.w.spi.MetamodelGraphWalker - Visiting attribute path : source.vdu_constraint
14:11:16.264 [Test worker] DEBUG o.h.p.w.spi.MetamodelGraphWalker - Visiting attribute path : source.version
14:11:16.264 [Test worker] DEBUG o.h.p.w.spi.MetamodelGraphWalker - Visiting attribute path : source.virtual_memory_resource_element
14:11:16.264 [Test worker] DEBUG o.h.p.w.spi.MetamodelGraphWalker - Visiting attribute path : source.virtual_network_bandwidth_resource
14:11:16.264 [Test worker] DEBUG o.h.p.w.spi.MetamodelGraphWalker - Visiting attribute path : source.vm_image
14:11:16.264 [Test worker] DEBUG o.h.l.p.b.i.spaces.QuerySpacesImpl - Adding QuerySpace : uid = <gen:4> -> org.hibernate.loader.plan.build.internal.spaces.CollectionQuerySpaceImpl@559c0881]
14:11:16.264 [Test worker] DEBUG o.h.p.w.spi.MetamodelGraphWalker - Visiting attribute path : source.vnfc
14:11:16.264 [Test worker] DEBUG o.h.p.w.spi.MetamodelGraphWalker - Visiting attribute path : target
14:11:16.264 [Test worker] DEBUG o.h.l.p.b.i.spaces.QuerySpacesImpl - Adding QuerySpace : uid = <gen:5> -> org.hibernate.loader.plan.build.internal.spaces.EntityQuerySpaceImpl@76f2790f]
14:11:16.264 [Test worker] DEBUG o.h.p.w.spi.MetamodelGraphWalker - Visiting attribute path : target.computation_requirement
14:11:16.264 [Test worker] DEBUG o.h.p.w.spi.MetamodelGraphWalker - Visiting attribute path : target.high_availability
14:11:16.264 [Test worker] DEBUG o.h.p.w.spi.MetamodelGraphWalker - Visiting attribute path : target.lifecycle_event
14:11:16.264 [Test worker] DEBUG o.h.p.w.spi.MetamodelGraphWalker - Visiting attribute path : target.monitoring_parameter
14:11:16.264 [Test worker] DEBUG o.h.l.p.b.i.spaces.QuerySpacesImpl - Adding QuerySpace : uid = <gen:6> -> org.hibernate.loader.plan.build.internal.spaces.CollectionQuerySpaceImpl@1be0c069]
14:11:16.264 [Test worker] DEBUG o.h.p.w.spi.MetamodelGraphWalker - Visiting attribute path : target.scale_in_out
14:11:16.264 [Test worker] DEBUG o.h.p.w.spi.MetamodelGraphWalker - Visiting attribute path : target.vdu_constraint
14:11:16.264 [Test worker] DEBUG o.h.p.w.spi.MetamodelGraphWalker - Visiting attribute path : target.version
14:11:16.264 [Test worker] DEBUG o.h.p.w.spi.MetamodelGraphWalker - Visiting attribute path : target.virtual_memory_resource_element
14:11:16.264 [Test worker] DEBUG o.h.p.w.spi.MetamodelGraphWalker - Visiting attribute path : target.virtual_network_bandwidth_resource
14:11:16.264 [Test worker] DEBUG o.h.p.w.spi.MetamodelGraphWalker - Visiting attribute path : target.vm_image
14:11:16.264 [Test worker] DEBUG o.h.l.p.b.i.spaces.QuerySpacesImpl - Adding QuerySpace : uid = <gen:7> -> org.hibernate.loader.plan.build.internal.spaces.CollectionQuerySpaceImpl@40783bcb]
14:11:16.264 [Test worker] DEBUG o.h.p.w.spi.MetamodelGraphWalker - Visiting attribute path : target.vnfc
14:11:16.264 [Test worker] DEBUG o.h.p.w.spi.MetamodelGraphWalker - Visiting attribute path : version
14:11:16.265 [Test worker] DEBUG o.h.l.p.b.i.FetchStyleLoadPlanBuildingAssociationVisitationStrategy - Building LoadPlan...
14:11:16.265 [Test worker] DEBUG o.h.l.p.e.i.LoadQueryJoinAndFetchProcessor - processing queryspace <gen:0>
14:11:16.265 [Test worker] DEBUG o.h.l.p.b.spi.LoadPlanTreePrinter - LoadPlan(collection=org.project.neutrino.nfvo.catalogue.mano.descriptor.VirtualNetworkFunctionDescriptor.vdu_dependency)
    - Returns
       - CollectionReturnImpl(collection=org.project.neutrino.nfvo.catalogue.mano.descriptor.VirtualNetworkFunctionDescriptor.vdu_dependency, querySpaceUid=<gen:0>, path=[org.project.neutrino.nfvo.catalogue.mano.descriptor.VirtualNetworkFunctionDescriptor.vdu_dependency])
          - (collection element) CollectionFetchableElementEntityGraph(entity=org.project.neutrino.nfvo.catalogue.mano.descriptor.VDUDependency, querySpaceUid=<gen:1>, path=[org.project.neutrino.nfvo.catalogue.mano.descriptor.VirtualNetworkFunctionDescriptor.vdu_dependency].<elements>)
             - EntityAttributeFetchImpl(entity=org.project.neutrino.nfvo.catalogue.mano.descriptor.VirtualDeploymentUnit, querySpaceUid=<gen:2>, path=[org.project.neutrino.nfvo.catalogue.mano.descriptor.VirtualNetworkFunctionDescriptor.vdu_dependency].<elements>.source)
                - CollectionAttributeFetchImpl(collection=org.project.neutrino.nfvo.catalogue.mano.descriptor.VirtualDeploymentUnit.monitoring_parameter, querySpaceUid=<gen:3>, path=[org.project.neutrino.nfvo.catalogue.mano.descriptor.VirtualNetworkFunctionDescriptor.vdu_dependency].<elements>.source.monitoring_parameter)
                - CollectionAttributeFetchImpl(collection=org.project.neutrino.nfvo.catalogue.mano.descriptor.VirtualDeploymentUnit.vm_image, querySpaceUid=<gen:4>, path=[org.project.neutrino.nfvo.catalogue.mano.descriptor.VirtualNetworkFunctionDescriptor.vdu_dependency].<elements>.source.vm_image)
             - EntityAttributeFetchImpl(entity=org.project.neutrino.nfvo.catalogue.mano.descriptor.VirtualDeploymentUnit, querySpaceUid=<gen:5>, path=[org.project.neutrino.nfvo.catalogue.mano.descriptor.VirtualNetworkFunctionDescriptor.vdu_dependency].<elements>.target)
                - CollectionAttributeFetchImpl(collection=org.project.neutrino.nfvo.catalogue.mano.descriptor.VirtualDeploymentUnit.monitoring_parameter, querySpaceUid=<gen:6>, path=[org.project.neutrino.nfvo.catalogue.mano.descriptor.VirtualNetworkFunctionDescriptor.vdu_dependency].<elements>.target.monitoring_parameter)
                - CollectionAttributeFetchImpl(collection=org.project.neutrino.nfvo.catalogue.mano.descriptor.VirtualDeploymentUnit.vm_image, querySpaceUid=<gen:7>, path=[org.project.neutrino.nfvo.catalogue.mano.descriptor.VirtualNetworkFunctionDescriptor.vdu_dependency].<elements>.target.vm_image)
    - QuerySpaces
       - CollectionQuerySpaceImpl(uid=<gen:0>, collection=org.project.neutrino.nfvo.catalogue.mano.descriptor.VirtualNetworkFunctionDescriptor.vdu_dependency)
          - SQL table alias mapping - vdu_depend0_
          - alias suffix - 0_
          - suffixed key columns - {virtual_1_27_0_}
          - entity-element alias suffix - 1_
          - 1_entity-element suffixed key columns - id1_46_1_
          - JOIN (JoinDefinedByMetadata(elements)) : <gen:0> -> <gen:1>
             - EntityQuerySpaceImpl(uid=<gen:1>, entity=org.project.neutrino.nfvo.catalogue.mano.descriptor.VDUDependency)
                - SQL table alias mapping - vdudepende1_
                - alias suffix - 1_
                - suffixed key columns - {id1_46_1_}
                - JOIN (JoinDefinedByMetadata(source)) : <gen:1> -> <gen:2>
                   - EntityQuerySpaceImpl(uid=<gen:2>, entity=org.project.neutrino.nfvo.catalogue.mano.descriptor.VirtualDeploymentUnit)
                      - SQL table alias mapping - virtualdep2_
                      - alias suffix - 2_
                      - suffixed key columns - {id1_47_2_}
                - JOIN (JoinDefinedByMetadata(target)) : <gen:1> -> <gen:5>
                   - EntityQuerySpaceImpl(uid=<gen:5>, entity=org.project.neutrino.nfvo.catalogue.mano.descriptor.VirtualDeploymentUnit)
                      - SQL table alias mapping - virtualdep3_
                      - alias suffix - 3_
                      - suffixed key columns - {id1_47_3_}

14:11:16.265 [Test worker] DEBUG o.h.l.c.plan.CollectionLoader - Static select for collection org.project.neutrino.nfvo.catalogue.mano.descriptor.VirtualNetworkFunctionDescriptor.vdu_dependency: select vdu_depend0_.virtual_network_function_descriptor_Id as virtual_1_27_0_, vdu_depend0_.vdu_dependency_id as vdu_depe2_66_0_, vdudepende1_.id as id1_46_1_, vdudepende1_.source_id as source_i3_46_1_, vdudepende1_.target_id as target_i4_46_1_, vdudepende1_.version as version2_46_1_, virtualdep2_.id as id1_47_2_, virtualdep2_.computation_requirement as computat2_47_2_, virtualdep2_.high_availability as high_ava3_47_2_, virtualdep2_.scale_in_out as scale_in4_47_2_, virtualdep2_.vdu_constraint as vdu_cons5_47_2_, virtualdep2_.version as version6_47_2_, virtualdep2_.virtual_memory_resource_element as virtual_7_47_2_, virtualdep2_.virtual_network_bandwidth_resource as virtual_8_47_2_, virtualdep3_.id as id1_47_3_, virtualdep3_.computation_requirement as computat2_47_3_, virtualdep3_.high_availability as high_ava3_47_3_, virtualdep3_.scale_in_out as scale_in4_47_3_, virtualdep3_.vdu_constraint as vdu_cons5_47_3_, virtualdep3_.version as version6_47_3_, virtualdep3_.virtual_memory_resource_element as virtual_7_47_3_, virtualdep3_.virtual_network_bandwidth_resource as virtual_8_47_3_ from virtual_network_function_descriptor_vdu_dependency vdu_depend0_ inner join vdudependency vdudepende1_ on vdu_depend0_.vdu_dependency_id=vdudepende1_.id left outer join virtual_deployment_unit virtualdep2_ on vdudepende1_.source_id=virtualdep2_.id left outer join virtual_deployment_unit virtualdep3_ on vdudepende1_.target_id=virtualdep3_.id where vdu_depend0_.virtual_network_function_descriptor_Id=?
14:11:16.265 [Test worker] DEBUG o.h.l.p.b.i.spaces.QuerySpacesImpl - Adding QuerySpace : uid = <gen:0> -> org.hibernate.loader.plan.build.internal.spaces.CollectionQuerySpaceImpl@159dad7e]
14:11:16.265 [Test worker] DEBUG o.h.l.p.b.i.spaces.QuerySpacesImpl - Adding QuerySpace : uid = <gen:1> -> org.hibernate.loader.plan.build.internal.spaces.EntityQuerySpaceImpl@22e93648]
14:11:16.266 [Test worker] DEBUG o.h.p.w.spi.MetamodelGraphWalker - Visiting attribute path : auto_scale_policy
14:11:16.266 [Test worker] DEBUG o.h.p.w.spi.MetamodelGraphWalker - Visiting attribute path : connection_point
14:11:16.266 [Test worker] DEBUG o.h.p.w.spi.MetamodelGraphWalker - Visiting attribute path : hb_version
14:11:16.266 [Test worker] DEBUG o.h.p.w.spi.MetamodelGraphWalker - Visiting attribute path : lifecycle_event
14:11:16.266 [Test worker] DEBUG o.h.p.w.spi.MetamodelGraphWalker - Visiting attribute path : monitoring_parameter
14:11:16.266 [Test worker] DEBUG o.h.l.p.b.i.spaces.QuerySpacesImpl - Adding QuerySpace : uid = <gen:2> -> org.hibernate.loader.plan.build.internal.spaces.CollectionQuerySpaceImpl@3000644e]
14:11:16.266 [Test worker] DEBUG o.h.p.w.spi.MetamodelGraphWalker - Visiting attribute path : service_deployment_flavour
14:11:16.266 [Test worker] DEBUG o.h.p.w.spi.MetamodelGraphWalker - Visiting attribute path : vendor
14:11:16.266 [Test worker] DEBUG o.h.p.w.spi.MetamodelGraphWalker - Visiting attribute path : version
14:11:16.266 [Test worker] DEBUG o.h.p.w.spi.MetamodelGraphWalker - Visiting attribute path : vld
14:11:16.266 [Test worker] DEBUG o.h.p.w.spi.MetamodelGraphWalker - Visiting attribute path : vnffgd
14:11:16.266 [Test worker] DEBUG o.h.p.w.spi.MetamodelGraphWalker - Visiting attribute path : deployment_flavour
14:11:16.266 [Test worker] DEBUG o.h.l.p.b.i.spaces.QuerySpacesImpl - Adding QuerySpace : uid = <gen:3> -> org.hibernate.loader.plan.build.internal.spaces.CollectionQuerySpaceImpl@69b95580]
14:11:16.266 [Test worker] DEBUG o.h.l.p.b.i.spaces.QuerySpacesImpl - Adding QuerySpace : uid = <gen:4> -> org.hibernate.loader.plan.build.internal.spaces.EntityQuerySpaceImpl@69c7cba]
14:11:16.266 [Test worker] DEBUG o.h.p.w.spi.MetamodelGraphWalker - Visiting attribute path : descriptor_version
14:11:16.266 [Test worker] DEBUG o.h.p.w.spi.MetamodelGraphWalker - Visiting attribute path : manifest_file
14:11:16.266 [Test worker] DEBUG o.h.p.w.spi.MetamodelGraphWalker - Visiting attribute path : manifest_file_security
14:11:16.266 [Test worker] DEBUG o.h.p.w.spi.MetamodelGraphWalker - Visiting attribute path : vdu
14:11:16.266 [Test worker] DEBUG o.h.p.w.spi.MetamodelGraphWalker - Visiting attribute path : vdu_dependency
14:11:16.267 [Test worker] DEBUG o.h.p.w.spi.MetamodelGraphWalker - Visiting attribute path : virtual_link
14:11:16.267 [Test worker] DEBUG o.h.l.p.b.i.FetchStyleLoadPlanBuildingAssociationVisitationStrategy - Building LoadPlan...
14:11:16.267 [Test worker] DEBUG o.h.l.p.e.i.LoadQueryJoinAndFetchProcessor - processing queryspace <gen:0>
14:11:16.267 [Test worker] DEBUG o.h.l.p.b.spi.LoadPlanTreePrinter - LoadPlan(collection=org.project.neutrino.nfvo.catalogue.mano.descriptor.NetworkServiceDescriptor.vnfd)
    - Returns
       - CollectionReturnImpl(collection=org.project.neutrino.nfvo.catalogue.mano.descriptor.NetworkServiceDescriptor.vnfd, querySpaceUid=<gen:0>, path=[org.project.neutrino.nfvo.catalogue.mano.descriptor.NetworkServiceDescriptor.vnfd])
          - (collection element) CollectionFetchableElementEntityGraph(entity=org.project.neutrino.nfvo.catalogue.mano.descriptor.VirtualNetworkFunctionDescriptor, querySpaceUid=<gen:1>, path=[org.project.neutrino.nfvo.catalogue.mano.descriptor.NetworkServiceDescriptor.vnfd].<elements>)
             - CollectionAttributeFetchImpl(collection=org.project.neutrino.nfvo.catalogue.mano.common.NFVEntityDescriptor.monitoring_parameter, querySpaceUid=<gen:2>, path=[org.project.neutrino.nfvo.catalogue.mano.descriptor.NetworkServiceDescriptor.vnfd].<elements>.monitoring_parameter)
             - CollectionAttributeFetchImpl(collection=org.project.neutrino.nfvo.catalogue.mano.descriptor.VirtualNetworkFunctionDescriptor.deployment_flavour, querySpaceUid=<gen:3>, path=[org.project.neutrino.nfvo.catalogue.mano.descriptor.NetworkServiceDescriptor.vnfd].<elements>.deployment_flavour)
                - (collection element) CollectionFetchableElementEntityGraph(entity=org.project.neutrino.nfvo.catalogue.mano.descriptor.VNFDDeploymentFlavour, querySpaceUid=<gen:4>, path=[org.project.neutrino.nfvo.catalogue.mano.descriptor.NetworkServiceDescriptor.vnfd].<elements>.deployment_flavour.<elements>)
    - QuerySpaces
       - CollectionQuerySpaceImpl(uid=<gen:0>, collection=org.project.neutrino.nfvo.catalogue.mano.descriptor.NetworkServiceDescriptor.vnfd)
          - SQL table alias mapping - vnfd0_
          - alias suffix - 0_
          - suffixed key columns - {network_1_27_0_}
          - entity-element alias suffix - 1_
          - 1_entity-element suffixed key columns - id1_27_1_
          - JOIN (JoinDefinedByMetadata(elements)) : <gen:0> -> <gen:1>
             - EntityQuerySpaceImpl(uid=<gen:1>, entity=org.project.neutrino.nfvo.catalogue.mano.descriptor.VirtualNetworkFunctionDescriptor)
                - SQL table alias mapping - virtualnet1_
                - alias suffix - 1_
                - suffixed key columns - {id1_27_1_}

14:11:16.268 [Test worker] DEBUG o.h.l.c.plan.CollectionLoader - Static select for collection org.project.neutrino.nfvo.catalogue.mano.descriptor.NetworkServiceDescriptor.vnfd: select vnfd0_.network_service_descriptor_Id as network_1_27_0_, vnfd0_.vnfd_Id as vnfd_Id2_17_0_, virtualnet1_.id as id1_27_1_, virtualnet1_.hb_version as hb_versi2_27_1_, virtualnet1_.vendor as vendor3_27_1_, virtualnet1_.version as version4_27_1_, virtualnet1_.descriptor_version as descript1_62_1_, virtualnet1_.manifest_file as manifest2_62_1_ from network_service_descriptor_vnfd vnfd0_ inner join virtual_network_function_descriptor virtualnet1_ on vnfd0_.vnfd_Id=virtualnet1_.id where vnfd0_.network_service_descriptor_Id=?
14:11:16.268 [Test worker] DEBUG o.h.l.p.b.i.spaces.QuerySpacesImpl - Adding QuerySpace : uid = <gen:0> -> org.hibernate.loader.plan.build.internal.spaces.CollectionQuerySpaceImpl@bc09aba]
14:11:16.268 [Test worker] DEBUG o.h.l.p.b.i.spaces.QuerySpacesImpl - Adding QuerySpace : uid = <gen:1> -> org.hibernate.loader.plan.build.internal.spaces.EntityQuerySpaceImpl@11ee2f5d]
14:11:16.268 [Test worker] DEBUG o.h.p.w.spi.MetamodelGraphWalker - Visiting attribute path : type
14:11:16.268 [Test worker] DEBUG o.h.p.w.spi.MetamodelGraphWalker - Visiting attribute path : version
14:11:16.268 [Test worker] DEBUG o.h.p.w.spi.MetamodelGraphWalker - Visiting attribute path : virtual_link_reference
14:11:16.268 [Test worker] DEBUG o.h.l.p.b.i.FetchStyleLoadPlanBuildingAssociationVisitationStrategy - Building LoadPlan...
14:11:16.268 [Test worker] DEBUG o.h.l.p.e.i.LoadQueryJoinAndFetchProcessor - processing queryspace <gen:0>
14:11:16.268 [Test worker] DEBUG o.h.l.p.b.spi.LoadPlanTreePrinter - LoadPlan(collection=org.project.neutrino.nfvo.catalogue.mano.descriptor.PhysicalNetworkFunctionDescriptor.connection_point)
    - Returns
       - CollectionReturnImpl(collection=org.project.neutrino.nfvo.catalogue.mano.descriptor.PhysicalNetworkFunctionDescriptor.connection_point, querySpaceUid=<gen:0>, path=[org.project.neutrino.nfvo.catalogue.mano.descriptor.PhysicalNetworkFunctionDescriptor.connection_point])
          - (collection element) CollectionFetchableElementEntityGraph(entity=org.project.neutrino.nfvo.catalogue.mano.common.ConnectionPoint, querySpaceUid=<gen:1>, path=[org.project.neutrino.nfvo.catalogue.mano.descriptor.PhysicalNetworkFunctionDescriptor.connection_point].<elements>)
    - QuerySpaces
       - CollectionQuerySpaceImpl(uid=<gen:0>, collection=org.project.neutrino.nfvo.catalogue.mano.descriptor.PhysicalNetworkFunctionDescriptor.connection_point)
          - SQL table alias mapping - connection0_
          - alias suffix - 0_
          - suffixed key columns - {physical1_35_0_}
          - entity-element alias suffix - 1_
          - 1_entity-element suffixed key columns - id1_4_1_
          - JOIN (JoinDefinedByMetadata(elements)) : <gen:0> -> <gen:1>
             - EntityQuerySpaceImpl(uid=<gen:1>, entity=org.project.neutrino.nfvo.catalogue.mano.common.ConnectionPoint)
                - SQL table alias mapping - connection1_
                - alias suffix - 1_
                - suffixed key columns - {id1_4_1_}

14:11:16.269 [Test worker] DEBUG o.h.l.c.plan.CollectionLoader - Static select for collection org.project.neutrino.nfvo.catalogue.mano.descriptor.PhysicalNetworkFunctionDescriptor.connection_point: select connection0_.physical_network_function_descriptor_id as physical1_35_0_, connection0_.connection_point_id as connecti2_36_0_, connection1_.id as id1_4_1_, connection1_.type as type2_4_1_, connection1_.version as version3_4_1_, connection1_.virtual_link_reference as virtual_1_82_1_, connection1_.clazz_ as clazz_1_ from physical_network_function_descriptor_connection_point connection0_ inner join ( select id, type, version, null as virtual_link_reference, 0 as clazz_ from connection_point union select id, type, version, virtual_link_reference, 1 as clazz_ from vnfdconnection_point ) connection1_ on connection0_.connection_point_id=connection1_.id where connection0_.physical_network_function_descriptor_id=?
14:11:16.269 [Test worker] DEBUG o.h.l.p.b.i.spaces.QuerySpacesImpl - Adding QuerySpace : uid = <gen:0> -> org.hibernate.loader.plan.build.internal.spaces.CollectionQuerySpaceImpl@3c00019]
14:11:16.269 [Test worker] DEBUG o.h.l.p.b.i.spaces.QuerySpacesImpl - Adding QuerySpace : uid = <gen:1> -> org.hibernate.loader.plan.build.internal.spaces.EntityQuerySpaceImpl@32466b3b]
14:11:16.269 [Test worker] DEBUG o.h.p.w.spi.MetamodelGraphWalker - Visiting attribute path : lifecycle_events
14:11:16.269 [Test worker] DEBUG o.h.p.w.spi.MetamodelGraphWalker - Visiting attribute path : version
14:11:16.269 [Test worker] DEBUG o.h.l.p.b.i.FetchStyleLoadPlanBuildingAssociationVisitationStrategy - Building LoadPlan...
14:11:16.269 [Test worker] DEBUG o.h.l.p.e.i.LoadQueryJoinAndFetchProcessor - processing queryspace <gen:0>
14:11:16.269 [Test worker] DEBUG o.h.l.p.b.spi.LoadPlanTreePrinter - LoadPlan(collection=org.project.neutrino.nfvo.catalogue.mano.common.NFVEntityDescriptor.lifecycle_event)
    - Returns
       - CollectionReturnImpl(collection=org.project.neutrino.nfvo.catalogue.mano.common.NFVEntityDescriptor.lifecycle_event, querySpaceUid=<gen:0>, path=[org.project.neutrino.nfvo.catalogue.mano.common.NFVEntityDescriptor.lifecycle_event])
          - (collection element) CollectionFetchableElementEntityGraph(entity=org.project.neutrino.nfvo.catalogue.mano.common.LifecycleEvent, querySpaceUid=<gen:1>, path=[org.project.neutrino.nfvo.catalogue.mano.common.NFVEntityDescriptor.lifecycle_event].<elements>)
    - QuerySpaces
       - CollectionQuerySpaceImpl(uid=<gen:0>, collection=org.project.neutrino.nfvo.catalogue.mano.common.NFVEntityDescriptor.lifecycle_event)
          - SQL table alias mapping - lifecycle_0_
          - alias suffix - 0_
          - suffixed key columns - {nfventit1_27_0_}
          - entity-element alias suffix - 1_
          - 1_entity-element suffixed key columns - id1_10_1_
          - JOIN (JoinDefinedByMetadata(elements)) : <gen:0> -> <gen:1>
             - EntityQuerySpaceImpl(uid=<gen:1>, entity=org.project.neutrino.nfvo.catalogue.mano.common.LifecycleEvent)
                - SQL table alias mapping - lifecyclee1_
                - alias suffix - 1_
                - suffixed key columns - {id1_10_1_}

14:11:16.269 [Test worker] DEBUG o.h.l.c.plan.CollectionLoader - Static select for collection org.project.neutrino.nfvo.catalogue.mano.common.NFVEntityDescriptor.lifecycle_event: select lifecycle_0_.nfventity_descriptor_Id as nfventit1_27_0_, lifecycle_0_.lifecycle_event_id as lifecycl2_30_0_, lifecyclee1_.id as id1_10_1_, lifecyclee1_.version as version2_10_1_ from nfventity_descriptor_lifecycle_event lifecycle_0_ inner join lifecycle_event lifecyclee1_ on lifecycle_0_.lifecycle_event_id=lifecyclee1_.id where lifecycle_0_.nfventity_descriptor_Id=?
14:11:16.270 [Test worker] DEBUG o.h.l.p.b.i.spaces.QuerySpacesImpl - Adding QuerySpace : uid = <gen:0> -> org.hibernate.loader.plan.build.internal.spaces.CollectionQuerySpaceImpl@5ae67e00]
14:11:16.270 [Test worker] DEBUG o.h.l.p.b.i.FetchStyleLoadPlanBuildingAssociationVisitationStrategy - Building LoadPlan...
14:11:16.270 [Test worker] DEBUG o.h.l.p.e.i.LoadQueryJoinAndFetchProcessor - processing queryspace <gen:0>
14:11:16.270 [Test worker] DEBUG o.h.l.p.b.spi.LoadPlanTreePrinter - LoadPlan(collection=org.project.neutrino.nfvo.catalogue.mano.record.VirtualLinkRecord.connection)
    - Returns
       - CollectionReturnImpl(collection=org.project.neutrino.nfvo.catalogue.mano.record.VirtualLinkRecord.connection, querySpaceUid=<gen:0>, path=[org.project.neutrino.nfvo.catalogue.mano.record.VirtualLinkRecord.connection])
    - QuerySpaces
       - CollectionQuerySpaceImpl(uid=<gen:0>, collection=org.project.neutrino.nfvo.catalogue.mano.record.VirtualLinkRecord.connection)
          - SQL table alias mapping - connection0_
          - alias suffix - 0_
          - suffixed key columns - {virtual_1_54_0_}

14:11:16.270 [Test worker] DEBUG o.h.l.c.plan.CollectionLoader - Static select for collection org.project.neutrino.nfvo.catalogue.mano.record.VirtualLinkRecord.connection: select connection0_.virtual_link_record_id as virtual_1_54_0_, connection0_.connection as connecti2_57_0_ from virtual_link_record_connection connection0_ where connection0_.virtual_link_record_id=?
14:11:16.270 [Test worker] DEBUG o.h.l.p.b.i.spaces.QuerySpacesImpl - Adding QuerySpace : uid = <gen:0> -> org.hibernate.loader.plan.build.internal.spaces.CollectionQuerySpaceImpl@2b7d90f6]
14:11:16.270 [Test worker] DEBUG o.h.l.p.b.i.FetchStyleLoadPlanBuildingAssociationVisitationStrategy - Building LoadPlan...
14:11:16.270 [Test worker] DEBUG o.h.l.p.e.i.LoadQueryJoinAndFetchProcessor - processing queryspace <gen:0>
14:11:16.271 [Test worker] DEBUG o.h.l.p.b.spi.LoadPlanTreePrinter - LoadPlan(collection=org.project.neutrino.nfvo.catalogue.mano.record.VirtualNetworkFunctionRecord.notification)
    - Returns
       - CollectionReturnImpl(collection=org.project.neutrino.nfvo.catalogue.mano.record.VirtualNetworkFunctionRecord.notification, querySpaceUid=<gen:0>, path=[org.project.neutrino.nfvo.catalogue.mano.record.VirtualNetworkFunctionRecord.notification])
    - QuerySpaces
       - CollectionQuerySpaceImpl(uid=<gen:0>, collection=org.project.neutrino.nfvo.catalogue.mano.record.VirtualNetworkFunctionRecord.notification)
          - SQL table alias mapping - notificati0_
          - alias suffix - 0_
          - suffixed key columns - {virtual_1_68_0_}

14:11:16.271 [Test worker] DEBUG o.h.l.c.plan.CollectionLoader - Static select for collection org.project.neutrino.nfvo.catalogue.mano.record.VirtualNetworkFunctionRecord.notification: select notificati0_.virtual_network_function_record_id as virtual_1_68_0_, notificati0_.notification as notifica2_75_0_ from virtual_network_function_record_notification notificati0_ where notificati0_.virtual_network_function_record_id=?
14:11:16.271 [Test worker] DEBUG o.h.l.p.b.i.spaces.QuerySpacesImpl - Adding QuerySpace : uid = <gen:0> -> org.hibernate.loader.plan.build.internal.spaces.CollectionQuerySpaceImpl@7769afa9]
14:11:16.271 [Test worker] DEBUG o.h.l.p.b.i.FetchStyleLoadPlanBuildingAssociationVisitationStrategy - Building LoadPlan...
14:11:16.271 [Test worker] DEBUG o.h.l.p.e.i.LoadQueryJoinAndFetchProcessor - processing queryspace <gen:0>
14:11:16.271 [Test worker] DEBUG o.h.l.p.b.spi.LoadPlanTreePrinter - LoadPlan(collection=org.project.neutrino.nfvo.catalogue.mano.record.VirtualNetworkFunctionRecord.vnf_address)
    - Returns
       - CollectionReturnImpl(collection=org.project.neutrino.nfvo.catalogue.mano.record.VirtualNetworkFunctionRecord.vnf_address, querySpaceUid=<gen:0>, path=[org.project.neutrino.nfvo.catalogue.mano.record.VirtualNetworkFunctionRecord.vnf_address])
    - QuerySpaces
       - CollectionQuerySpaceImpl(uid=<gen:0>, collection=org.project.neutrino.nfvo.catalogue.mano.record.VirtualNetworkFunctionRecord.vnf_address)
          - SQL table alias mapping - vnf_addres0_
          - alias suffix - 0_
          - suffixed key columns - {virtual_1_68_0_}

14:11:16.271 [Test worker] DEBUG o.h.l.c.plan.CollectionLoader - Static select for collection org.project.neutrino.nfvo.catalogue.mano.record.VirtualNetworkFunctionRecord.vnf_address: select vnf_addres0_.virtual_network_function_record_id as virtual_1_68_0_, vnf_addres0_.vnf_address as vnf_addr2_79_0_ from virtual_network_function_record_vnf_address vnf_addres0_ where vnf_addres0_.virtual_network_function_record_id=?
14:11:16.271 [Test worker] DEBUG o.h.l.p.b.i.spaces.QuerySpacesImpl - Adding QuerySpace : uid = <gen:0> -> org.hibernate.loader.plan.build.internal.spaces.CollectionQuerySpaceImpl@5345b9bc]
14:11:16.271 [Test worker] DEBUG o.h.l.p.b.i.spaces.QuerySpacesImpl - Adding QuerySpace : uid = <gen:1> -> org.hibernate.loader.plan.build.internal.spaces.EntityQuerySpaceImpl@6a5105a]
14:11:16.271 [Test worker] DEBUG o.h.p.w.spi.MetamodelGraphWalker - Visiting attribute path : version
14:11:16.271 [Test worker] DEBUG o.h.l.p.b.i.FetchStyleLoadPlanBuildingAssociationVisitationStrategy - Building LoadPlan...
14:11:16.271 [Test worker] DEBUG o.h.l.p.e.i.LoadQueryJoinAndFetchProcessor - processing queryspace <gen:0>
14:11:16.272 [Test worker] DEBUG o.h.l.p.b.spi.LoadPlanTreePrinter - LoadPlan(collection=org.project.neutrino.nfvo.catalogue.mano.common.NFVEntityDescriptor.auto_scale_policy)
    - Returns
       - CollectionReturnImpl(collection=org.project.neutrino.nfvo.catalogue.mano.common.NFVEntityDescriptor.auto_scale_policy, querySpaceUid=<gen:0>, path=[org.project.neutrino.nfvo.catalogue.mano.common.NFVEntityDescriptor.auto_scale_policy])
          - (collection element) CollectionFetchableElementEntityGraph(entity=org.project.neutrino.nfvo.catalogue.mano.common.AutoScalePolicy, querySpaceUid=<gen:1>, path=[org.project.neutrino.nfvo.catalogue.mano.common.NFVEntityDescriptor.auto_scale_policy].<elements>)
    - QuerySpaces
       - CollectionQuerySpaceImpl(uid=<gen:0>, collection=org.project.neutrino.nfvo.catalogue.mano.common.NFVEntityDescriptor.auto_scale_policy)
          - SQL table alias mapping - auto_scale0_
          - alias suffix - 0_
          - suffixed key columns - {nfventit1_27_0_}
          - entity-element alias suffix - 1_
          - 1_entity-element suffixed key columns - id1_3_1_
          - JOIN (JoinDefinedByMetadata(elements)) : <gen:0> -> <gen:1>
             - EntityQuerySpaceImpl(uid=<gen:1>, entity=org.project.neutrino.nfvo.catalogue.mano.common.AutoScalePolicy)
                - SQL table alias mapping - autoscalep1_
                - alias suffix - 1_
                - suffixed key columns - {id1_3_1_}

14:11:16.272 [Test worker] DEBUG o.h.l.c.plan.CollectionLoader - Static select for collection org.project.neutrino.nfvo.catalogue.mano.common.NFVEntityDescriptor.auto_scale_policy: select auto_scale0_.nfventity_descriptor_Id as nfventit1_27_0_, auto_scale0_.auto_scale_policy_id as auto_sca2_28_0_, autoscalep1_.id as id1_3_1_, autoscalep1_.version as version2_3_1_ from nfventity_descriptor_auto_scale_policy auto_scale0_ inner join auto_scale_policy autoscalep1_ on auto_scale0_.auto_scale_policy_id=autoscalep1_.id where auto_scale0_.nfventity_descriptor_Id=?
14:11:16.272 [Test worker] DEBUG o.h.l.p.b.i.spaces.QuerySpacesImpl - Adding QuerySpace : uid = <gen:0> -> org.hibernate.loader.plan.build.internal.spaces.CollectionQuerySpaceImpl@7e42a983]
14:11:16.272 [Test worker] DEBUG o.h.l.p.b.i.spaces.QuerySpacesImpl - Adding QuerySpace : uid = <gen:1> -> org.hibernate.loader.plan.build.internal.spaces.EntityQuerySpaceImpl@4a871837]
14:11:16.272 [Test worker] DEBUG o.h.p.w.spi.MetamodelGraphWalker - Visiting attribute path : allocated_capacity
14:11:16.272 [Test worker] DEBUG o.h.p.w.spi.MetamodelGraphWalker - Visiting attribute path : audit_log
14:11:16.272 [Test worker] DEBUG o.h.p.w.spi.MetamodelGraphWalker - Visiting attribute path : connection
14:11:16.272 [Test worker] DEBUG o.h.p.w.spi.MetamodelGraphWalker - Visiting attribute path : connectivity_type
14:11:16.272 [Test worker] DEBUG o.h.p.w.spi.MetamodelGraphWalker - Visiting attribute path : descriptor_reference
14:11:16.272 [Test worker] DEBUG o.h.p.w.spi.MetamodelGraphWalker - Visiting attribute path : leaf_requirement
14:11:16.272 [Test worker] DEBUG o.h.p.w.spi.MetamodelGraphWalker - Visiting attribute path : lifecycle_event_history
14:11:16.272 [Test worker] DEBUG o.h.l.p.b.i.spaces.QuerySpacesImpl - Adding QuerySpace : uid = <gen:2> -> org.hibernate.loader.plan.build.internal.spaces.CollectionQuerySpaceImpl@1869be91]
14:11:16.272 [Test worker] DEBUG o.h.l.p.b.i.spaces.QuerySpacesImpl - Adding QuerySpace : uid = <gen:3> -> org.hibernate.loader.plan.build.internal.spaces.EntityQuerySpaceImpl@465e2e1c]
14:11:16.272 [Test worker] DEBUG o.h.p.w.spi.MetamodelGraphWalker - Visiting attribute path : notification
14:11:16.272 [Test worker] DEBUG o.h.p.w.spi.MetamodelGraphWalker - Visiting attribute path : number_of_enpoints
14:11:16.272 [Test worker] DEBUG o.h.p.w.spi.MetamodelGraphWalker - Visiting attribute path : parent_ns
14:11:16.272 [Test worker] DEBUG o.h.p.w.spi.MetamodelGraphWalker - Visiting attribute path : qos
14:11:16.272 [Test worker] DEBUG o.h.p.w.spi.MetamodelGraphWalker - Visiting attribute path : root_requirement
14:11:16.272 [Test worker] DEBUG o.h.p.w.spi.MetamodelGraphWalker - Visiting attribute path : status
14:11:16.272 [Test worker] DEBUG o.h.p.w.spi.MetamodelGraphWalker - Visiting attribute path : test_access
14:11:16.273 [Test worker] DEBUG o.h.p.w.spi.MetamodelGraphWalker - Visiting attribute path : vendor
14:11:16.273 [Test worker] DEBUG o.h.p.w.spi.MetamodelGraphWalker - Visiting attribute path : version
14:11:16.273 [Test worker] DEBUG o.h.p.w.spi.MetamodelGraphWalker - Visiting attribute path : vim_id
14:11:16.273 [Test worker] DEBUG o.h.p.w.spi.MetamodelGraphWalker - Visiting attribute path : vnffgr_reference
14:11:16.273 [Test worker] DEBUG o.h.l.p.b.i.spaces.QuerySpacesImpl - Adding QuerySpace : uid = <gen:4> -> org.hibernate.loader.plan.build.internal.spaces.CollectionQuerySpaceImpl@5125545b]
14:11:16.273 [Test worker] DEBUG o.h.l.p.b.i.spaces.QuerySpacesImpl - Adding QuerySpace : uid = <gen:5> -> org.hibernate.loader.plan.build.internal.spaces.EntityQuerySpaceImpl@69c54bfb]
14:11:16.273 [Test worker] DEBUG o.h.l.p.b.i.FetchStyleLoadPlanBuildingAssociationVisitationStrategy - Building LoadPlan...
14:11:16.273 [Test worker] DEBUG o.h.l.p.e.i.LoadQueryJoinAndFetchProcessor - processing queryspace <gen:0>
14:11:16.273 [Test worker] DEBUG o.h.l.p.b.spi.LoadPlanTreePrinter - LoadPlan(collection=org.project.neutrino.nfvo.catalogue.mano.record.VirtualNetworkFunctionRecord.connected_external_virtual_link)
    - Returns
       - CollectionReturnImpl(collection=org.project.neutrino.nfvo.catalogue.mano.record.VirtualNetworkFunctionRecord.connected_external_virtual_link, querySpaceUid=<gen:0>, path=[org.project.neutrino.nfvo.catalogue.mano.record.VirtualNetworkFunctionRecord.connected_external_virtual_link])
          - (collection element) CollectionFetchableElementEntityGraph(entity=org.project.neutrino.nfvo.catalogue.mano.record.VirtualLinkRecord, querySpaceUid=<gen:1>, path=[org.project.neutrino.nfvo.catalogue.mano.record.VirtualNetworkFunctionRecord.connected_external_virtual_link].<elements>)
             - CollectionAttributeFetchImpl(collection=org.project.neutrino.nfvo.catalogue.mano.record.VirtualLinkRecord.lifecycle_event_history, querySpaceUid=<gen:2>, path=[org.project.neutrino.nfvo.catalogue.mano.record.VirtualNetworkFunctionRecord.connected_external_virtual_link].<elements>.lifecycle_event_history)
                - (collection element) CollectionFetchableElementEntityGraph(entity=org.project.neutrino.nfvo.catalogue.mano.common.LifecycleEvent, querySpaceUid=<gen:3>, path=[org.project.neutrino.nfvo.catalogue.mano.record.VirtualNetworkFunctionRecord.connected_external_virtual_link].<elements>.lifecycle_event_history.<elements>)
             - CollectionAttributeFetchImpl(collection=org.project.neutrino.nfvo.catalogue.mano.record.VirtualLinkRecord.vnffgr_reference, querySpaceUid=<gen:4>, path=[org.project.neutrino.nfvo.catalogue.mano.record.VirtualNetworkFunctionRecord.connected_external_virtual_link].<elements>.vnffgr_reference)
                - (collection element) CollectionFetchableElementEntityGraph(entity=org.project.neutrino.nfvo.catalogue.mano.record.VNFForwardingGraphRecord, querySpaceUid=<gen:5>, path=[org.project.neutrino.nfvo.catalogue.mano.record.VirtualNetworkFunctionRecord.connected_external_virtual_link].<elements>.vnffgr_reference.<elements>)
    - QuerySpaces
       - CollectionQuerySpaceImpl(uid=<gen:0>, collection=org.project.neutrino.nfvo.catalogue.mano.record.VirtualNetworkFunctionRecord.connected_external_virtual_link)
          - SQL table alias mapping - connected_0_
          - alias suffix - 0_
          - suffixed key columns - {virtual_1_68_0_}
          - entity-element alias suffix - 1_
          - 1_entity-element suffixed key columns - id1_54_1_
          - JOIN (JoinDefinedByMetadata(elements)) : <gen:0> -> <gen:1>
             - EntityQuerySpaceImpl(uid=<gen:1>, entity=org.project.neutrino.nfvo.catalogue.mano.record.VirtualLinkRecord)
                - SQL table alias mapping - virtuallin1_
                - alias suffix - 1_
                - suffixed key columns - {id1_54_1_}

14:11:16.273 [Test worker] DEBUG o.h.l.c.plan.CollectionLoader - Static select for collection org.project.neutrino.nfvo.catalogue.mano.record.VirtualNetworkFunctionRecord.connected_external_virtual_link: select connected_0_.virtual_network_function_record_id as virtual_1_68_0_, connected_0_.connected_external_virtual_link_id as connecte2_70_0_, virtuallin1_.id as id1_54_1_, virtuallin1_.connectivity_type as connecti2_54_1_, virtuallin1_.descriptor_reference as descript3_54_1_, virtuallin1_.leaf_requirement as leaf_req4_54_1_, virtuallin1_.number_of_enpoints as number_o5_54_1_, virtuallin1_.parent_ns as parent_n6_54_1_, virtuallin1_.root_requirement as root_req7_54_1_, virtuallin1_.status as status8_54_1_, virtuallin1_.test_access as test_acc9_54_1_, virtuallin1_.vendor as vendor10_54_1_, virtuallin1_.version as version11_54_1_, virtuallin1_.vim_id as vim_id12_54_1_ from virtual_network_function_record_connected_external_virtual_link connected_0_ inner join virtual_link_record virtuallin1_ on connected_0_.connected_external_virtual_link_id=virtuallin1_.id where connected_0_.virtual_network_function_record_id=?
14:11:16.273 [Test worker] DEBUG o.h.l.p.b.i.spaces.QuerySpacesImpl - Adding QuerySpace : uid = <gen:0> -> org.hibernate.loader.plan.build.internal.spaces.CollectionQuerySpaceImpl@17ff81fd]
14:11:16.274 [Test worker] DEBUG o.h.l.p.b.i.spaces.QuerySpacesImpl - Adding QuerySpace : uid = <gen:1> -> org.hibernate.loader.plan.build.internal.spaces.EntityQuerySpaceImpl@7af155a]
14:11:16.274 [Test worker] DEBUG o.h.p.w.spi.MetamodelGraphWalker - Visiting attribute path : lifecycle_events
14:11:16.274 [Test worker] DEBUG o.h.p.w.spi.MetamodelGraphWalker - Visiting attribute path : version
14:11:16.274 [Test worker] DEBUG o.h.l.p.b.i.FetchStyleLoadPlanBuildingAssociationVisitationStrategy - Building LoadPlan...
14:11:16.274 [Test worker] DEBUG o.h.l.p.e.i.LoadQueryJoinAndFetchProcessor - processing queryspace <gen:0>
14:11:16.274 [Test worker] DEBUG o.h.l.p.b.spi.LoadPlanTreePrinter - LoadPlan(collection=org.project.neutrino.nfvo.catalogue.mano.record.NetworkServiceRecord.lifecycle_event_history)
    - Returns
       - CollectionReturnImpl(collection=org.project.neutrino.nfvo.catalogue.mano.record.NetworkServiceRecord.lifecycle_event_history, querySpaceUid=<gen:0>, path=[org.project.neutrino.nfvo.catalogue.mano.record.NetworkServiceRecord.lifecycle_event_history])
          - (collection element) CollectionFetchableElementEntityGraph(entity=org.project.neutrino.nfvo.catalogue.mano.common.LifecycleEvent, querySpaceUid=<gen:1>, path=[org.project.neutrino.nfvo.catalogue.mano.record.NetworkServiceRecord.lifecycle_event_history].<elements>)
    - QuerySpaces
       - CollectionQuerySpaceImpl(uid=<gen:0>, collection=org.project.neutrino.nfvo.catalogue.mano.record.NetworkServiceRecord.lifecycle_event_history)
          - SQL table alias mapping - lifecycle_0_
          - alias suffix - 0_
          - suffixed key columns - {network_1_18_0_}
          - entity-element alias suffix - 1_
          - 1_entity-element suffixed key columns - id1_10_1_
          - JOIN (JoinDefinedByMetadata(elements)) : <gen:0> -> <gen:1>
             - EntityQuerySpaceImpl(uid=<gen:1>, entity=org.project.neutrino.nfvo.catalogue.mano.common.LifecycleEvent)
                - SQL table alias mapping - lifecyclee1_
                - alias suffix - 1_
                - suffixed key columns - {id1_10_1_}

14:11:16.274 [Test worker] DEBUG o.h.l.c.plan.CollectionLoader - Static select for collection org.project.neutrino.nfvo.catalogue.mano.record.NetworkServiceRecord.lifecycle_event_history: select lifecycle_0_.network_service_record_id as network_1_18_0_, lifecycle_0_.lifecycle_event_history_id as lifecycl2_21_0_, lifecyclee1_.id as id1_10_1_, lifecyclee1_.version as version2_10_1_ from network_service_record_lifecycle_event_history lifecycle_0_ inner join lifecycle_event lifecyclee1_ on lifecycle_0_.lifecycle_event_history_id=lifecyclee1_.id where lifecycle_0_.network_service_record_id=?
14:11:16.274 [Test worker] DEBUG o.h.l.p.b.i.spaces.QuerySpacesImpl - Adding QuerySpace : uid = <gen:0> -> org.hibernate.loader.plan.build.internal.spaces.CollectionQuerySpaceImpl@2ee5e7fe]
14:11:16.274 [Test worker] DEBUG o.h.l.p.b.i.FetchStyleLoadPlanBuildingAssociationVisitationStrategy - Building LoadPlan...
14:11:16.274 [Test worker] DEBUG o.h.l.p.e.i.LoadQueryJoinAndFetchProcessor - processing queryspace <gen:0>
14:11:16.275 [Test worker] DEBUG o.h.l.p.b.spi.LoadPlanTreePrinter - LoadPlan(collection=org.project.neutrino.nfvo.catalogue.mano.common.NFVEntityDescriptor.monitoring_parameter)
    - Returns
       - CollectionReturnImpl(collection=org.project.neutrino.nfvo.catalogue.mano.common.NFVEntityDescriptor.monitoring_parameter, querySpaceUid=<gen:0>, path=[org.project.neutrino.nfvo.catalogue.mano.common.NFVEntityDescriptor.monitoring_parameter])
    - QuerySpaces
       - CollectionQuerySpaceImpl(uid=<gen:0>, collection=org.project.neutrino.nfvo.catalogue.mano.common.NFVEntityDescriptor.monitoring_parameter)
          - SQL table alias mapping - monitoring0_
          - alias suffix - 0_
          - suffixed key columns - {nfventit1_27_0_}

14:11:16.275 [Test worker] DEBUG o.h.l.c.plan.CollectionLoader - Static select for collection org.project.neutrino.nfvo.catalogue.mano.common.NFVEntityDescriptor.monitoring_parameter: select monitoring0_.nfventity_descriptor_Id as nfventit1_27_0_, monitoring0_.monitoring_parameter as monitori2_31_0_ from nfventity_descriptor_monitoring_parameter monitoring0_ where monitoring0_.nfventity_descriptor_Id=?
14:11:16.275 [Test worker] DEBUG o.h.l.p.b.i.spaces.QuerySpacesImpl - Adding QuerySpace : uid = <gen:0> -> org.hibernate.loader.plan.build.internal.spaces.CollectionQuerySpaceImpl@117e2d16]
14:11:16.275 [Test worker] DEBUG o.h.l.p.b.i.FetchStyleLoadPlanBuildingAssociationVisitationStrategy - Building LoadPlan...
14:11:16.275 [Test worker] DEBUG o.h.l.p.e.i.LoadQueryJoinAndFetchProcessor - processing queryspace <gen:0>
14:11:16.275 [Test worker] DEBUG o.h.l.p.b.spi.LoadPlanTreePrinter - LoadPlan(collection=org.project.neutrino.nfvo.catalogue.mano.descriptor.InternalVirtualLink.connection_points_references)
    - Returns
       - CollectionReturnImpl(collection=org.project.neutrino.nfvo.catalogue.mano.descriptor.InternalVirtualLink.connection_points_references, querySpaceUid=<gen:0>, path=[org.project.neutrino.nfvo.catalogue.mano.descriptor.InternalVirtualLink.connection_points_references])
    - QuerySpaces
       - CollectionQuerySpaceImpl(uid=<gen:0>, collection=org.project.neutrino.nfvo.catalogue.mano.descriptor.InternalVirtualLink.connection_points_references)
          - SQL table alias mapping - connection0_
          - alias suffix - 0_
          - suffixed key columns - {internal1_0_0_}

14:11:16.275 [Test worker] DEBUG o.h.l.c.plan.CollectionLoader - Static select for collection org.project.neutrino.nfvo.catalogue.mano.descriptor.InternalVirtualLink.connection_points_references: select connection0_.internal_virtual_link_id as internal1_0_0_, connection0_.connection_points_references as connecti2_9_0_ from internal_virtual_link_connection_points_references connection0_ where connection0_.internal_virtual_link_id=?
14:11:16.275 [Test worker] DEBUG o.h.l.p.b.i.spaces.QuerySpacesImpl - Adding QuerySpace : uid = <gen:0> -> org.hibernate.loader.plan.build.internal.spaces.CollectionQuerySpaceImpl@20b07a5a]
14:11:16.275 [Test worker] DEBUG o.h.l.p.b.i.FetchStyleLoadPlanBuildingAssociationVisitationStrategy - Building LoadPlan...
14:11:16.275 [Test worker] DEBUG o.h.l.p.e.i.LoadQueryJoinAndFetchProcessor - processing queryspace <gen:0>
14:11:16.276 [Test worker] DEBUG o.h.l.p.b.spi.LoadPlanTreePrinter - LoadPlan(collection=org.project.neutrino.nfvo.catalogue.mano.record.VirtualLinkRecord.allocated_capacity)
    - Returns
       - CollectionReturnImpl(collection=org.project.neutrino.nfvo.catalogue.mano.record.VirtualLinkRecord.allocated_capacity, querySpaceUid=<gen:0>, path=[org.project.neutrino.nfvo.catalogue.mano.record.VirtualLinkRecord.allocated_capacity])
    - QuerySpaces
       - CollectionQuerySpaceImpl(uid=<gen:0>, collection=org.project.neutrino.nfvo.catalogue.mano.record.VirtualLinkRecord.allocated_capacity)
          - SQL table alias mapping - allocated_0_
          - alias suffix - 0_
          - suffixed key columns - {virtual_1_54_0_}

14:11:16.276 [Test worker] DEBUG o.h.l.c.plan.CollectionLoader - Static select for collection org.project.neutrino.nfvo.catalogue.mano.record.VirtualLinkRecord.allocated_capacity: select allocated_0_.virtual_link_record_id as virtual_1_54_0_, allocated_0_.allocated_capacity as allocate2_55_0_ from virtual_link_record_allocated_capacity allocated_0_ where allocated_0_.virtual_link_record_id=?
14:11:16.276 [Test worker] DEBUG o.h.l.p.b.i.spaces.QuerySpacesImpl - Adding QuerySpace : uid = <gen:0> -> org.hibernate.loader.plan.build.internal.spaces.CollectionQuerySpaceImpl@2d64581f]
14:11:16.276 [Test worker] DEBUG o.h.l.p.b.i.spaces.QuerySpacesImpl - Adding QuerySpace : uid = <gen:1> -> org.hibernate.loader.plan.build.internal.spaces.EntityQuerySpaceImpl@16d57281]
14:11:16.276 [Test worker] DEBUG o.h.p.w.spi.MetamodelGraphWalker - Visiting attribute path : version
14:11:16.276 [Test worker] DEBUG o.h.l.p.b.i.FetchStyleLoadPlanBuildingAssociationVisitationStrategy - Building LoadPlan...
14:11:16.276 [Test worker] DEBUG o.h.l.p.e.i.LoadQueryJoinAndFetchProcessor - processing queryspace <gen:0>
14:11:16.276 [Test worker] DEBUG o.h.l.p.b.spi.LoadPlanTreePrinter - LoadPlan(collection=org.project.neutrino.nfvo.catalogue.mano.record.NetworkServiceRecord.auto_scale_policy)
    - Returns
       - CollectionReturnImpl(collection=org.project.neutrino.nfvo.catalogue.mano.record.NetworkServiceRecord.auto_scale_policy, querySpaceUid=<gen:0>, path=[org.project.neutrino.nfvo.catalogue.mano.record.NetworkServiceRecord.auto_scale_policy])
          - (collection element) CollectionFetchableElementEntityGraph(entity=org.project.neutrino.nfvo.catalogue.mano.common.AutoScalePolicy, querySpaceUid=<gen:1>, path=[org.project.neutrino.nfvo.catalogue.mano.record.NetworkServiceRecord.auto_scale_policy].<elements>)
    - QuerySpaces
       - CollectionQuerySpaceImpl(uid=<gen:0>, collection=org.project.neutrino.nfvo.catalogue.mano.record.NetworkServiceRecord.auto_scale_policy)
          - SQL table alias mapping - auto_scale0_
          - alias suffix - 0_
          - suffixed key columns - {network_1_18_0_}
          - entity-element alias suffix - 1_
          - 1_entity-element suffixed key columns - id1_3_1_
          - JOIN (JoinDefinedByMetadata(elements)) : <gen:0> -> <gen:1>
             - EntityQuerySpaceImpl(uid=<gen:1>, entity=org.project.neutrino.nfvo.catalogue.mano.common.AutoScalePolicy)
                - SQL table alias mapping - autoscalep1_
                - alias suffix - 1_
                - suffixed key columns - {id1_3_1_}

14:11:16.276 [Test worker] DEBUG o.h.l.c.plan.CollectionLoader - Static select for collection org.project.neutrino.nfvo.catalogue.mano.record.NetworkServiceRecord.auto_scale_policy: select auto_scale0_.network_service_record_id as network_1_18_0_, auto_scale0_.auto_scale_policy_id as auto_sca2_19_0_, autoscalep1_.id as id1_3_1_, autoscalep1_.version as version2_3_1_ from network_service_record_auto_scale_policy auto_scale0_ inner join auto_scale_policy autoscalep1_ on auto_scale0_.auto_scale_policy_id=autoscalep1_.id where auto_scale0_.network_service_record_id=?
14:11:16.276 [Test worker] DEBUG o.h.l.p.b.i.spaces.QuerySpacesImpl - Adding QuerySpace : uid = <gen:0> -> org.hibernate.loader.plan.build.internal.spaces.CollectionQuerySpaceImpl@f549539]
14:11:16.277 [Test worker] DEBUG o.h.l.p.b.i.spaces.QuerySpacesImpl - Adding QuerySpace : uid = <gen:1> -> org.hibernate.loader.plan.build.internal.spaces.EntityQuerySpaceImpl@7a10d90b]
14:11:16.277 [Test worker] DEBUG o.h.p.w.spi.MetamodelGraphWalker - Visiting attribute path : lifecycle_events
14:11:16.277 [Test worker] DEBUG o.h.p.w.spi.MetamodelGraphWalker - Visiting attribute path : version
14:11:16.277 [Test worker] DEBUG o.h.l.p.b.i.FetchStyleLoadPlanBuildingAssociationVisitationStrategy - Building LoadPlan...
14:11:16.277 [Test worker] DEBUG o.h.l.p.e.i.LoadQueryJoinAndFetchProcessor - processing queryspace <gen:0>
14:11:16.277 [Test worker] DEBUG o.h.l.p.b.spi.LoadPlanTreePrinter - LoadPlan(collection=org.project.neutrino.nfvo.catalogue.mano.record.VirtualLinkRecord.lifecycle_event_history)
    - Returns
       - CollectionReturnImpl(collection=org.project.neutrino.nfvo.catalogue.mano.record.VirtualLinkRecord.lifecycle_event_history, querySpaceUid=<gen:0>, path=[org.project.neutrino.nfvo.catalogue.mano.record.VirtualLinkRecord.lifecycle_event_history])
          - (collection element) CollectionFetchableElementEntityGraph(entity=org.project.neutrino.nfvo.catalogue.mano.common.LifecycleEvent, querySpaceUid=<gen:1>, path=[org.project.neutrino.nfvo.catalogue.mano.record.VirtualLinkRecord.lifecycle_event_history].<elements>)
    - QuerySpaces
       - CollectionQuerySpaceImpl(uid=<gen:0>, collection=org.project.neutrino.nfvo.catalogue.mano.record.VirtualLinkRecord.lifecycle_event_history)
          - SQL table alias mapping - lifecycle_0_
          - alias suffix - 0_
          - suffixed key columns - {virtual_1_54_0_}
          - entity-element alias suffix - 1_
          - 1_entity-element suffixed key columns - id1_10_1_
          - JOIN (JoinDefinedByMetadata(elements)) : <gen:0> -> <gen:1>
             - EntityQuerySpaceImpl(uid=<gen:1>, entity=org.project.neutrino.nfvo.catalogue.mano.common.LifecycleEvent)
                - SQL table alias mapping - lifecyclee1_
                - alias suffix - 1_
                - suffixed key columns - {id1_10_1_}

14:11:16.277 [Test worker] DEBUG o.h.l.c.plan.CollectionLoader - Static select for collection org.project.neutrino.nfvo.catalogue.mano.record.VirtualLinkRecord.lifecycle_event_history: select lifecycle_0_.virtual_link_record_id as virtual_1_54_0_, lifecycle_0_.lifecycle_event_history_id as lifecycl2_58_0_, lifecyclee1_.id as id1_10_1_, lifecyclee1_.version as version2_10_1_ from virtual_link_record_lifecycle_event_history lifecycle_0_ inner join lifecycle_event lifecyclee1_ on lifecycle_0_.lifecycle_event_history_id=lifecyclee1_.id where lifecycle_0_.virtual_link_record_id=?
14:11:16.277 [Test worker] DEBUG o.h.l.p.b.i.spaces.QuerySpacesImpl - Adding QuerySpace : uid = <gen:0> -> org.hibernate.loader.plan.build.internal.spaces.CollectionQuerySpaceImpl@6d342a07]
14:11:16.277 [Test worker] DEBUG o.h.l.p.b.i.FetchStyleLoadPlanBuildingAssociationVisitationStrategy - Building LoadPlan...
14:11:16.278 [Test worker] DEBUG o.h.l.p.e.i.LoadQueryJoinAndFetchProcessor - processing queryspace <gen:0>
14:11:16.278 [Test worker] DEBUG o.h.l.p.b.spi.LoadPlanTreePrinter - LoadPlan(collection=org.project.neutrino.nfvo.catalogue.mano.record.VirtualLinkRecord.audit_log)
    - Returns
       - CollectionReturnImpl(collection=org.project.neutrino.nfvo.catalogue.mano.record.VirtualLinkRecord.audit_log, querySpaceUid=<gen:0>, path=[org.project.neutrino.nfvo.catalogue.mano.record.VirtualLinkRecord.audit_log])
    - QuerySpaces
       - CollectionQuerySpaceImpl(uid=<gen:0>, collection=org.project.neutrino.nfvo.catalogue.mano.record.VirtualLinkRecord.audit_log)
          - SQL table alias mapping - audit_log0_
          - alias suffix - 0_
          - suffixed key columns - {virtual_1_54_0_}

14:11:16.278 [Test worker] DEBUG o.h.l.c.plan.CollectionLoader - Static select for collection org.project.neutrino.nfvo.catalogue.mano.record.VirtualLinkRecord.audit_log: select audit_log0_.virtual_link_record_id as virtual_1_54_0_, audit_log0_.audit_log as audit_lo2_56_0_ from virtual_link_record_audit_log audit_log0_ where audit_log0_.virtual_link_record_id=?
14:11:16.278 [Test worker] DEBUG o.h.l.p.b.i.spaces.QuerySpacesImpl - Adding QuerySpace : uid = <gen:0> -> org.hibernate.loader.plan.build.internal.spaces.CollectionQuerySpaceImpl@3fd87157]
14:11:16.278 [Test worker] DEBUG o.h.l.p.b.i.spaces.QuerySpacesImpl - Adding QuerySpace : uid = <gen:1> -> org.hibernate.loader.plan.build.internal.spaces.EntityQuerySpaceImpl@1af92780]
14:11:16.278 [Test worker] DEBUG o.h.p.w.spi.MetamodelGraphWalker - Visiting attribute path : type
14:11:16.278 [Test worker] DEBUG o.h.p.w.spi.MetamodelGraphWalker - Visiting attribute path : version
14:11:16.278 [Test worker] DEBUG o.h.p.w.spi.MetamodelGraphWalker - Visiting attribute path : virtual_link_reference
14:11:16.278 [Test worker] DEBUG o.h.l.p.b.i.FetchStyleLoadPlanBuildingAssociationVisitationStrategy - Building LoadPlan...
14:11:16.278 [Test worker] DEBUG o.h.l.p.e.i.LoadQueryJoinAndFetchProcessor - processing queryspace <gen:0>
14:11:16.279 [Test worker] DEBUG o.h.l.p.b.spi.LoadPlanTreePrinter - LoadPlan(collection=org.project.neutrino.nfvo.catalogue.mano.record.NetworkServiceRecord.connection_point)
    - Returns
       - CollectionReturnImpl(collection=org.project.neutrino.nfvo.catalogue.mano.record.NetworkServiceRecord.connection_point, querySpaceUid=<gen:0>, path=[org.project.neutrino.nfvo.catalogue.mano.record.NetworkServiceRecord.connection_point])
          - (collection element) CollectionFetchableElementEntityGraph(entity=org.project.neutrino.nfvo.catalogue.mano.common.ConnectionPoint, querySpaceUid=<gen:1>, path=[org.project.neutrino.nfvo.catalogue.mano.record.NetworkServiceRecord.connection_point].<elements>)
    - QuerySpaces
       - CollectionQuerySpaceImpl(uid=<gen:0>, collection=org.project.neutrino.nfvo.catalogue.mano.record.NetworkServiceRecord.connection_point)
          - SQL table alias mapping - connection0_
          - alias suffix - 0_
          - suffixed key columns - {network_1_18_0_}
          - entity-element alias suffix - 1_
          - 1_entity-element suffixed key columns - id1_4_1_
          - JOIN (JoinDefinedByMetadata(elements)) : <gen:0> -> <gen:1>
             - EntityQuerySpaceImpl(uid=<gen:1>, entity=org.project.neutrino.nfvo.catalogue.mano.common.ConnectionPoint)
                - SQL table alias mapping - connection1_
                - alias suffix - 1_
                - suffixed key columns - {id1_4_1_}

14:11:16.279 [Test worker] DEBUG o.h.l.c.plan.CollectionLoader - Static select for collection org.project.neutrino.nfvo.catalogue.mano.record.NetworkServiceRecord.connection_point: select connection0_.network_service_record_id as network_1_18_0_, connection0_.connection_point_id as connecti2_20_0_, connection1_.id as id1_4_1_, connection1_.type as type2_4_1_, connection1_.version as version3_4_1_, connection1_.virtual_link_reference as virtual_1_82_1_, connection1_.clazz_ as clazz_1_ from network_service_record_connection_point connection0_ inner join ( select id, type, version, null as virtual_link_reference, 0 as clazz_ from connection_point union select id, type, version, virtual_link_reference, 1 as clazz_ from vnfdconnection_point ) connection1_ on connection0_.connection_point_id=connection1_.id where connection0_.network_service_record_id=?
14:11:16.279 [Test worker] DEBUG o.h.l.p.b.i.spaces.QuerySpacesImpl - Adding QuerySpace : uid = <gen:0> -> org.hibernate.loader.plan.build.internal.spaces.CollectionQuerySpaceImpl@149e0dc3]
14:11:16.279 [Test worker] DEBUG o.h.l.p.b.i.spaces.QuerySpacesImpl - Adding QuerySpace : uid = <gen:1> -> org.hibernate.loader.plan.build.internal.spaces.EntityQuerySpaceImpl@149987c8]
14:11:16.279 [Test worker] DEBUG o.h.p.w.spi.MetamodelGraphWalker - Visiting attribute path : lifecycle_events
14:11:16.279 [Test worker] DEBUG o.h.p.w.spi.MetamodelGraphWalker - Visiting attribute path : version
14:11:16.279 [Test worker] DEBUG o.h.l.p.b.i.FetchStyleLoadPlanBuildingAssociationVisitationStrategy - Building LoadPlan...
14:11:16.279 [Test worker] DEBUG o.h.l.p.e.i.LoadQueryJoinAndFetchProcessor - processing queryspace <gen:0>
14:11:16.279 [Test worker] DEBUG o.h.l.p.b.spi.LoadPlanTreePrinter - LoadPlan(collection=org.project.neutrino.nfvo.catalogue.mano.record.VirtualNetworkFunctionRecord.lifecycle_event_history)
    - Returns
       - CollectionReturnImpl(collection=org.project.neutrino.nfvo.catalogue.mano.record.VirtualNetworkFunctionRecord.lifecycle_event_history, querySpaceUid=<gen:0>, path=[org.project.neutrino.nfvo.catalogue.mano.record.VirtualNetworkFunctionRecord.lifecycle_event_history])
          - (collection element) CollectionFetchableElementEntityGraph(entity=org.project.neutrino.nfvo.catalogue.mano.common.LifecycleEvent, querySpaceUid=<gen:1>, path=[org.project.neutrino.nfvo.catalogue.mano.record.VirtualNetworkFunctionRecord.lifecycle_event_history].<elements>)
    - QuerySpaces
       - CollectionQuerySpaceImpl(uid=<gen:0>, collection=org.project.neutrino.nfvo.catalogue.mano.record.VirtualNetworkFunctionRecord.lifecycle_event_history)
          - SQL table alias mapping - lifecycle_0_
          - alias suffix - 0_
          - suffixed key columns - {virtual_1_68_0_}
          - entity-element alias suffix - 1_
          - 1_entity-element suffixed key columns - id1_10_1_
          - JOIN (JoinDefinedByMetadata(elements)) : <gen:0> -> <gen:1>
             - EntityQuerySpaceImpl(uid=<gen:1>, entity=org.project.neutrino.nfvo.catalogue.mano.common.LifecycleEvent)
                - SQL table alias mapping - lifecyclee1_
                - alias suffix - 1_
                - suffixed key columns - {id1_10_1_}

14:11:16.279 [Test worker] DEBUG o.h.l.c.plan.CollectionLoader - Static select for collection org.project.neutrino.nfvo.catalogue.mano.record.VirtualNetworkFunctionRecord.lifecycle_event_history: select lifecycle_0_.virtual_network_function_record_id as virtual_1_68_0_, lifecycle_0_.lifecycle_event_history_id as lifecycl2_73_0_, lifecyclee1_.id as id1_10_1_, lifecyclee1_.version as version2_10_1_ from virtual_network_function_record_lifecycle_event_history lifecycle_0_ inner join lifecycle_event lifecyclee1_ on lifecycle_0_.lifecycle_event_history_id=lifecyclee1_.id where lifecycle_0_.virtual_network_function_record_id=?
14:11:16.279 [Test worker] DEBUG o.h.l.p.b.i.spaces.QuerySpacesImpl - Adding QuerySpace : uid = <gen:0> -> org.hibernate.loader.plan.build.internal.spaces.CollectionQuerySpaceImpl@3ce72daf]
14:11:16.279 [Test worker] DEBUG o.h.l.p.b.i.FetchStyleLoadPlanBuildingAssociationVisitationStrategy - Building LoadPlan...
14:11:16.280 [Test worker] DEBUG o.h.l.p.e.i.LoadQueryJoinAndFetchProcessor - processing queryspace <gen:0>
14:11:16.280 [Test worker] DEBUG o.h.l.p.b.spi.LoadPlanTreePrinter - LoadPlan(collection=org.project.neutrino.nfvo.catalogue.mano.common.AbstractVirtualLink.test_access)
    - Returns
       - CollectionReturnImpl(collection=org.project.neutrino.nfvo.catalogue.mano.common.AbstractVirtualLink.test_access, querySpaceUid=<gen:0>, path=[org.project.neutrino.nfvo.catalogue.mano.common.AbstractVirtualLink.test_access])
    - QuerySpaces
       - CollectionQuerySpaceImpl(uid=<gen:0>, collection=org.project.neutrino.nfvo.catalogue.mano.common.AbstractVirtualLink.test_access)
          - SQL table alias mapping - test_acces0_
          - alias suffix - 0_
          - suffixed key columns - {abstract1_0_0_}

14:11:16.280 [Test worker] DEBUG o.h.l.c.plan.CollectionLoader - Static select for collection org.project.neutrino.nfvo.catalogue.mano.common.AbstractVirtualLink.test_access: select test_acces0_.abstract_virtual_link_id as abstract1_0_0_, test_acces0_.test_access as test_acc2_2_0_ from abstract_virtual_link_test_access test_acces0_ where test_acces0_.abstract_virtual_link_id=?
14:11:16.280 [Test worker] DEBUG o.h.l.p.b.i.spaces.QuerySpacesImpl - Adding QuerySpace : uid = <gen:0> -> org.hibernate.loader.plan.build.internal.spaces.CollectionQuerySpaceImpl@5e487c00]
14:11:16.280 [Test worker] DEBUG o.h.l.p.b.i.spaces.QuerySpacesImpl - Adding QuerySpace : uid = <gen:1> -> org.hibernate.loader.plan.build.internal.spaces.EntityQuerySpaceImpl@68c5145b]
14:11:16.280 [Test worker] DEBUG o.h.p.w.spi.MetamodelGraphWalker - Visiting attribute path : audit_log
14:11:16.280 [Test worker] DEBUG o.h.p.w.spi.MetamodelGraphWalker - Visiting attribute path : auto_scale_policy
14:11:16.280 [Test worker] DEBUG o.h.l.p.b.i.spaces.QuerySpacesImpl - Adding QuerySpace : uid = <gen:2> -> org.hibernate.loader.plan.build.internal.spaces.CollectionQuerySpaceImpl@34f28ba5]
14:11:16.280 [Test worker] DEBUG o.h.l.p.b.i.spaces.QuerySpacesImpl - Adding QuerySpace : uid = <gen:3> -> org.hibernate.loader.plan.build.internal.spaces.EntityQuerySpaceImpl@1fae18cb]
14:11:16.280 [Test worker] DEBUG o.h.p.w.spi.MetamodelGraphWalker - Visiting attribute path : connected_external_virtual_link
14:11:16.280 [Test worker] DEBUG o.h.l.p.b.i.spaces.QuerySpacesImpl - Adding QuerySpace : uid = <gen:4> -> org.hibernate.loader.plan.build.internal.spaces.CollectionQuerySpaceImpl@5eddc7ac]
14:11:16.280 [Test worker] DEBUG o.h.l.p.b.i.spaces.QuerySpacesImpl - Adding QuerySpace : uid = <gen:5> -> org.hibernate.loader.plan.build.internal.spaces.EntityQuerySpaceImpl@32601ddc]
14:11:16.280 [Test worker] DEBUG o.h.p.w.spi.MetamodelGraphWalker - Visiting attribute path : connection_point
14:11:16.281 [Test worker] DEBUG o.h.l.p.b.i.spaces.QuerySpacesImpl - Adding QuerySpace : uid = <gen:6> -> org.hibernate.loader.plan.build.internal.spaces.CollectionQuerySpaceImpl@4448705a]
14:11:16.281 [Test worker] DEBUG o.h.l.p.b.i.spaces.QuerySpacesImpl - Adding QuerySpace : uid = <gen:7> -> org.hibernate.loader.plan.build.internal.spaces.EntityQuerySpaceImpl@6fc847bb]
14:11:16.281 [Test worker] DEBUG o.h.p.w.spi.MetamodelGraphWalker - Visiting attribute path : dependency
14:11:16.281 [Test worker] DEBUG o.h.l.p.b.i.spaces.QuerySpacesImpl - Adding QuerySpace : uid = <gen:8> -> org.hibernate.loader.plan.build.internal.spaces.CollectionQuerySpaceImpl@45dd7f52]
14:11:16.281 [Test worker] DEBUG o.h.l.p.b.i.spaces.QuerySpacesImpl - Adding QuerySpace : uid = <gen:9> -> org.hibernate.loader.plan.build.internal.spaces.EntityQuerySpaceImpl@50d20453]
14:11:16.281 [Test worker] DEBUG o.h.p.w.spi.MetamodelGraphWalker - Visiting attribute path : deployment_flavour
14:11:16.281 [Test worker] DEBUG o.h.l.p.b.i.spaces.QuerySpacesImpl - Adding QuerySpace : uid = <gen:10> -> org.hibernate.loader.plan.build.internal.spaces.EntityQuerySpaceImpl@c1a0e99]
14:11:16.281 [Test worker] DEBUG o.h.p.w.spi.MetamodelGraphWalker - Visiting attribute path : deployment_flavour.flavour_key
14:11:16.281 [Test worker] DEBUG o.h.p.w.spi.MetamodelGraphWalker - Visiting attribute path : deployment_flavour.version
14:11:16.281 [Test worker] DEBUG o.h.p.w.spi.MetamodelGraphWalker - Visiting attribute path : deployment_flavour.costituent_vdu
14:11:16.281 [Test worker] DEBUG o.h.p.w.spi.MetamodelGraphWalker - Visiting attribute path : deployment_flavour.df_constraint
14:11:16.281 [Test worker] DEBUG o.h.l.p.b.i.spaces.QuerySpacesImpl - Adding QuerySpace : uid = <gen:11> -> org.hibernate.loader.plan.build.internal.spaces.CollectionQuerySpaceImpl@1153eaff]
14:11:16.281 [Test worker] DEBUG o.h.p.w.spi.MetamodelGraphWalker - Visiting attribute path : descriptor_reference
14:11:16.281 [Test worker] DEBUG o.h.p.w.spi.MetamodelGraphWalker - Visiting attribute path : lifecycle_event
14:11:16.281 [Test worker] DEBUG o.h.l.p.b.i.spaces.QuerySpacesImpl - Adding QuerySpace : uid = <gen:12> -> org.hibernate.loader.plan.build.internal.spaces.EntityQuerySpaceImpl@1c69143c]
14:11:16.281 [Test worker] DEBUG o.h.p.w.spi.MetamodelGraphWalker - Visiting attribute path : lifecycle_event.lifecycle_events
14:11:16.281 [Test worker] DEBUG o.h.p.w.spi.MetamodelGraphWalker - Visiting attribute path : lifecycle_event.version
14:11:16.281 [Test worker] DEBUG o.h.p.w.spi.MetamodelGraphWalker - Visiting attribute path : lifecycle_event_history
14:11:16.282 [Test worker] DEBUG o.h.l.p.b.i.spaces.QuerySpacesImpl - Adding QuerySpace : uid = <gen:13> -> org.hibernate.loader.plan.build.internal.spaces.CollectionQuerySpaceImpl@3b6653c6]
14:11:16.282 [Test worker] DEBUG o.h.l.p.b.i.spaces.QuerySpacesImpl - Adding QuerySpace : uid = <gen:14> -> org.hibernate.loader.plan.build.internal.spaces.EntityQuerySpaceImpl@3b060aa1]
14:11:16.282 [Test worker] DEBUG o.h.p.w.spi.MetamodelGraphWalker - Visiting attribute path : localization
14:11:16.282 [Test worker] DEBUG o.h.p.w.spi.MetamodelGraphWalker - Visiting attribute path : monitoring_parameter
14:11:16.282 [Test worker] DEBUG o.h.p.w.spi.MetamodelGraphWalker - Visiting attribute path : notification
14:11:16.282 [Test worker] DEBUG o.h.p.w.spi.MetamodelGraphWalker - Visiting attribute path : parent_ns
14:11:16.282 [Test worker] DEBUG o.h.l.p.b.i.spaces.QuerySpacesImpl - Adding QuerySpace : uid = <gen:15> -> org.hibernate.loader.plan.build.internal.spaces.EntityQuerySpaceImpl@9a3ee4d]
14:11:16.282 [Test worker] DEBUG o.h.p.w.spi.MetamodelGraphWalker - Visiting attribute path : parent_ns.audit_log
14:11:16.282 [Test worker] DEBUG o.h.p.w.spi.MetamodelGraphWalker - Visiting attribute path : parent_ns.auto_scale_policy
14:11:16.282 [Test worker] DEBUG o.h.l.p.b.i.spaces.QuerySpacesImpl - Adding QuerySpace : uid = <gen:16> -> org.hibernate.loader.plan.build.internal.spaces.CollectionQuerySpaceImpl@3cf368c9]
14:11:16.282 [Test worker] DEBUG o.h.l.p.b.i.spaces.QuerySpacesImpl - Adding QuerySpace : uid = <gen:17> -> org.hibernate.loader.plan.build.internal.spaces.EntityQuerySpaceImpl@10648362]
14:11:16.282 [Test worker] DEBUG o.h.p.w.spi.MetamodelGraphWalker - Visiting attribute path : parent_ns.connection_point
14:11:16.282 [Test worker] DEBUG o.h.l.p.b.i.spaces.QuerySpacesImpl - Adding QuerySpace : uid = <gen:18> -> org.hibernate.loader.plan.build.internal.spaces.CollectionQuerySpaceImpl@36ed9f56]
14:11:16.282 [Test worker] DEBUG o.h.l.p.b.i.spaces.QuerySpacesImpl - Adding QuerySpace : uid = <gen:19> -> org.hibernate.loader.plan.build.internal.spaces.EntityQuerySpaceImpl@2a77e346]
14:11:16.282 [Test worker] DEBUG o.h.p.w.spi.MetamodelGraphWalker - Visiting attribute path : parent_ns.descriptor_reference
14:11:16.282 [Test worker] DEBUG o.h.l.p.b.i.spaces.QuerySpacesImpl - Adding QuerySpace : uid = <gen:20> -> org.hibernate.loader.plan.build.internal.spaces.EntityQuerySpaceImpl@24ea1e72]
14:11:16.282 [Test worker] DEBUG o.h.p.w.spi.MetamodelGraphWalker - Visiting attribute path : parent_ns.descriptor_reference.auto_scale_policy
14:11:16.282 [Test worker] DEBUG o.h.p.w.spi.MetamodelGraphWalker - Visiting attribute path : parent_ns.descriptor_reference.connection_point
14:11:16.282 [Test worker] DEBUG o.h.p.w.spi.MetamodelGraphWalker - Visiting attribute path : parent_ns.descriptor_reference.hb_version
14:11:16.282 [Test worker] DEBUG o.h.p.w.spi.MetamodelGraphWalker - Visiting attribute path : parent_ns.descriptor_reference.lifecycle_event
14:11:16.283 [Test worker] DEBUG o.h.p.w.spi.MetamodelGraphWalker - Visiting attribute path : parent_ns.descriptor_reference.monitoring_parameter
14:11:16.283 [Test worker] DEBUG o.h.l.p.b.i.spaces.QuerySpacesImpl - Adding QuerySpace : uid = <gen:21> -> org.hibernate.loader.plan.build.internal.spaces.CollectionQuerySpaceImpl@6373898a]
14:11:16.283 [Test worker] DEBUG o.h.p.w.spi.MetamodelGraphWalker - Visiting attribute path : parent_ns.descriptor_reference.service_deployment_flavour
14:11:16.283 [Test worker] DEBUG o.h.p.w.spi.MetamodelGraphWalker - Visiting attribute path : parent_ns.descriptor_reference.vendor
14:11:16.283 [Test worker] DEBUG o.h.p.w.spi.MetamodelGraphWalker - Visiting attribute path : parent_ns.descriptor_reference.version
14:11:16.283 [Test worker] DEBUG o.h.p.w.spi.MetamodelGraphWalker - Visiting attribute path : parent_ns.descriptor_reference.vld
14:11:16.283 [Test worker] DEBUG o.h.p.w.spi.MetamodelGraphWalker - Visiting attribute path : parent_ns.descriptor_reference.vnffgd
14:11:16.283 [Test worker] DEBUG o.h.p.w.spi.MetamodelGraphWalker - Visiting attribute path : parent_ns.descriptor_reference.deployment_flavour
14:11:16.283 [Test worker] DEBUG o.h.l.p.b.i.spaces.QuerySpacesImpl - Adding QuerySpace : uid = <gen:22> -> org.hibernate.loader.plan.build.internal.spaces.CollectionQuerySpaceImpl@364af608]
14:11:16.283 [Test worker] DEBUG o.h.l.p.b.i.spaces.QuerySpacesImpl - Adding QuerySpace : uid = <gen:23> -> org.hibernate.loader.plan.build.internal.spaces.EntityQuerySpaceImpl@735ea310]
14:11:16.283 [Test worker] DEBUG o.h.p.w.spi.MetamodelGraphWalker - Visiting attribute path : parent_ns.descriptor_reference.descriptor_version
14:11:16.283 [Test worker] DEBUG o.h.p.w.spi.MetamodelGraphWalker - Visiting attribute path : parent_ns.descriptor_reference.manifest_file
14:11:16.283 [Test worker] DEBUG o.h.p.w.spi.MetamodelGraphWalker - Visiting attribute path : parent_ns.descriptor_reference.manifest_file_security
14:11:16.283 [Test worker] DEBUG o.h.p.w.spi.MetamodelGraphWalker - Visiting attribute path : parent_ns.descriptor_reference.vdu
14:11:16.283 [Test worker] DEBUG o.h.p.w.spi.MetamodelGraphWalker - Visiting attribute path : parent_ns.descriptor_reference.vdu_dependency
14:11:16.283 [Test worker] DEBUG o.h.p.w.spi.MetamodelGraphWalker - Visiting attribute path : parent_ns.descriptor_reference.virtual_link
14:11:16.283 [Test worker] DEBUG o.h.p.w.spi.MetamodelGraphWalker - Visiting attribute path : parent_ns.descriptor_reference.nsd_security
14:11:16.283 [Test worker] DEBUG o.h.l.p.b.i.spaces.QuerySpacesImpl - Adding QuerySpace : uid = <gen:24> -> org.hibernate.loader.plan.build.internal.spaces.EntityQuerySpaceImpl@4a23aa9c]
14:11:16.283 [Test worker] DEBUG o.h.p.w.spi.MetamodelGraphWalker - Visiting attribute path : parent_ns.descriptor_reference.pnfd
14:11:16.283 [Test worker] DEBUG o.h.p.w.spi.MetamodelGraphWalker - Visiting attribute path : parent_ns.descriptor_reference.vnf_dependency
14:11:16.283 [Test worker] DEBUG o.h.l.p.b.i.spaces.QuerySpacesImpl - Adding QuerySpace : uid = <gen:25> -> org.hibernate.loader.plan.build.internal.spaces.CollectionQuerySpaceImpl@6b960dca]
14:11:16.284 [Test worker] DEBUG o.h.l.p.b.i.spaces.QuerySpacesImpl - Adding QuerySpace : uid = <gen:26> -> org.hibernate.loader.plan.build.internal.spaces.EntityQuerySpaceImpl@48637ff4]
14:11:16.284 [Test worker] DEBUG o.h.p.w.spi.MetamodelGraphWalker - Visiting attribute path : parent_ns.descriptor_reference.vnfd
14:11:16.284 [Test worker] DEBUG o.h.l.p.b.i.spaces.QuerySpacesImpl - Adding QuerySpace : uid = <gen:27> -> org.hibernate.loader.plan.build.internal.spaces.CollectionQuerySpaceImpl@7c65914c]
14:11:16.284 [Test worker] DEBUG o.h.l.p.b.i.spaces.QuerySpacesImpl - Adding QuerySpace : uid = <gen:28> -> org.hibernate.loader.plan.build.internal.spaces.EntityQuerySpaceImpl@70265461]
14:11:16.284 [Test worker] DEBUG o.h.p.w.spi.MetamodelGraphWalker - Visiting attribute path : parent_ns.lifecycle_event
14:11:16.284 [Test worker] DEBUG o.h.l.p.b.i.spaces.QuerySpacesImpl - Adding QuerySpace : uid = <gen:29> -> org.hibernate.loader.plan.build.internal.spaces.EntityQuerySpaceImpl@646de5cc]
14:11:16.284 [Test worker] DEBUG o.h.p.w.spi.MetamodelGraphWalker - Visiting attribute path : parent_ns.lifecycle_event.lifecycle_events
14:11:16.284 [Test worker] DEBUG o.h.p.w.spi.MetamodelGraphWalker - Visiting attribute path : parent_ns.lifecycle_event.version
14:11:16.284 [Test worker] DEBUG o.h.p.w.spi.MetamodelGraphWalker - Visiting attribute path : parent_ns.lifecycle_event_history
14:11:16.284 [Test worker] DEBUG o.h.l.p.b.i.spaces.QuerySpacesImpl - Adding QuerySpace : uid = <gen:30> -> org.hibernate.loader.plan.build.internal.spaces.CollectionQuerySpaceImpl@57435fc0]
14:11:16.284 [Test worker] DEBUG o.h.l.p.b.i.spaces.QuerySpacesImpl - Adding QuerySpace : uid = <gen:31> -> org.hibernate.loader.plan.build.internal.spaces.EntityQuerySpaceImpl@8436302]
14:11:16.284 [Test worker] DEBUG o.h.p.w.spi.MetamodelGraphWalker - Visiting attribute path : parent_ns.monitoring_parameter
14:11:16.284 [Test worker] DEBUG o.h.p.w.spi.MetamodelGraphWalker - Visiting attribute path : parent_ns.notification
14:11:16.284 [Test worker] DEBUG o.h.p.w.spi.MetamodelGraphWalker - Visiting attribute path : parent_ns.pnfr
14:11:16.284 [Test worker] DEBUG o.h.l.p.b.i.spaces.QuerySpacesImpl - Adding QuerySpace : uid = <gen:32> -> org.hibernate.loader.plan.build.internal.spaces.CollectionQuerySpaceImpl@191c8b]
14:11:16.284 [Test worker] DEBUG o.h.l.p.b.i.spaces.QuerySpacesImpl - Adding QuerySpace : uid = <gen:33> -> org.hibernate.loader.plan.build.internal.spaces.EntityQuerySpaceImpl@70a0e9b9]
14:11:16.284 [Test worker] DEBUG o.h.p.w.spi.MetamodelGraphWalker - Visiting attribute path : parent_ns.resource_reservation
14:11:16.284 [Test worker] DEBUG o.h.p.w.spi.MetamodelGraphWalker - Visiting attribute path : parent_ns.runtime_policy_info
14:11:16.284 [Test worker] DEBUG o.h.p.w.spi.MetamodelGraphWalker - Visiting attribute path : parent_ns.service_deployment_flavour
14:11:16.284 [Test worker] DEBUG o.h.l.p.b.i.spaces.QuerySpacesImpl - Adding QuerySpace : uid = <gen:34> -> org.hibernate.loader.plan.build.internal.spaces.EntityQuerySpaceImpl@5450aa73]
14:11:16.285 [Test worker] DEBUG o.h.p.w.spi.MetamodelGraphWalker - Visiting attribute path : parent_ns.service_deployment_flavour.flavour_key
14:11:16.285 [Test worker] DEBUG o.h.p.w.spi.MetamodelGraphWalker - Visiting attribute path : parent_ns.service_deployment_flavour.version
14:11:16.285 [Test worker] DEBUG o.h.p.w.spi.MetamodelGraphWalker - Visiting attribute path : parent_ns.service_deployment_flavour.constituent_vnf
14:11:16.285 [Test worker] DEBUG o.h.p.w.spi.MetamodelGraphWalker - Visiting attribute path : parent_ns.status
14:11:16.285 [Test worker] DEBUG o.h.p.w.spi.MetamodelGraphWalker - Visiting attribute path : parent_ns.vendor
14:11:16.285 [Test worker] DEBUG o.h.p.w.spi.MetamodelGraphWalker - Visiting attribute path : parent_ns.version
14:11:16.285 [Test worker] DEBUG o.h.p.w.spi.MetamodelGraphWalker - Visiting attribute path : parent_ns.vlr
14:11:16.285 [Test worker] DEBUG o.h.l.p.b.i.spaces.QuerySpacesImpl - Adding QuerySpace : uid = <gen:35> -> org.hibernate.loader.plan.build.internal.spaces.CollectionQuerySpaceImpl@5dc7b741]
14:11:16.285 [Test worker] DEBUG o.h.l.p.b.i.spaces.QuerySpacesImpl - Adding QuerySpace : uid = <gen:36> -> org.hibernate.loader.plan.build.internal.spaces.EntityQuerySpaceImpl@62d03c80]
14:11:16.285 [Test worker] DEBUG o.h.p.w.spi.MetamodelGraphWalker - Visiting attribute path : parent_ns.vnf_dependency
14:11:16.285 [Test worker] DEBUG o.h.l.p.b.i.spaces.QuerySpacesImpl - Adding QuerySpace : uid = <gen:37> -> org.hibernate.loader.plan.build.internal.spaces.CollectionQuerySpaceImpl@55342a2e]
14:11:16.285 [Test worker] DEBUG o.h.l.p.b.i.spaces.QuerySpacesImpl - Adding QuerySpace : uid = <gen:38> -> org.hibernate.loader.plan.build.internal.spaces.EntityQuerySpaceImpl@53bd5db5]
14:11:16.285 [Test worker] DEBUG o.h.p.w.spi.MetamodelGraphWalker - Visiting attribute path : parent_ns.vnffgr
14:11:16.285 [Test worker] DEBUG o.h.l.p.b.i.spaces.QuerySpacesImpl - Adding QuerySpace : uid = <gen:39> -> org.hibernate.loader.plan.build.internal.spaces.CollectionQuerySpaceImpl@35534106]
14:11:16.285 [Test worker] DEBUG o.h.l.p.b.i.spaces.QuerySpacesImpl - Adding QuerySpace : uid = <gen:40> -> org.hibernate.loader.plan.build.internal.spaces.EntityQuerySpaceImpl@6cd20c43]
14:11:16.285 [Test worker] DEBUG o.h.p.w.spi.MetamodelGraphWalker - Visiting attribute path : parent_ns.vnfr
14:11:16.285 [Test worker] DEBUG o.h.l.p.b.i.spaces.QuerySpacesImpl - Adding QuerySpace : uid = <gen:41> -> org.hibernate.loader.plan.build.internal.spaces.EntityQuerySpaceImpl@52233a85]
14:11:16.285 [Test worker] DEBUG o.h.p.w.spi.MetamodelGraphWalker - Visiting attribute path : parent_ns.vnfr.audit_log
14:11:16.285 [Test worker] DEBUG o.h.p.w.spi.MetamodelGraphWalker - Visiting attribute path : parent_ns.vnfr.auto_scale_policy
14:11:16.285 [Test worker] DEBUG o.h.l.p.b.i.spaces.QuerySpacesImpl - Adding QuerySpace : uid = <gen:42> -> org.hibernate.loader.plan.build.internal.spaces.CollectionQuerySpaceImpl@1468193e]
14:11:16.285 [Test worker] DEBUG o.h.l.p.b.i.spaces.QuerySpacesImpl - Adding QuerySpace : uid = <gen:43> -> org.hibernate.loader.plan.build.internal.spaces.EntityQuerySpaceImpl@3e513fe9]
14:11:16.285 [Test worker] DEBUG o.h.p.w.spi.MetamodelGraphWalker - Visiting attribute path : parent_ns.vnfr.connected_external_virtual_link
14:11:16.285 [Test worker] DEBUG o.h.l.p.b.i.spaces.QuerySpacesImpl - Adding QuerySpace : uid = <gen:44> -> org.hibernate.loader.plan.build.internal.spaces.CollectionQuerySpaceImpl@483af9f5]
14:11:16.285 [Test worker] DEBUG o.h.l.p.b.i.spaces.QuerySpacesImpl - Adding QuerySpace : uid = <gen:45> -> org.hibernate.loader.plan.build.internal.spaces.EntityQuerySpaceImpl@17f068df]
14:11:16.286 [Test worker] DEBUG o.h.p.w.spi.MetamodelGraphWalker - Visiting attribute path : parent_ns.vnfr.connection_point
14:11:16.286 [Test worker] DEBUG o.h.l.p.b.i.spaces.QuerySpacesImpl - Adding QuerySpace : uid = <gen:46> -> org.hibernate.loader.plan.build.internal.spaces.CollectionQuerySpaceImpl@287514c0]
14:11:16.286 [Test worker] DEBUG o.h.l.p.b.i.spaces.QuerySpacesImpl - Adding QuerySpace : uid = <gen:47> -> org.hibernate.loader.plan.build.internal.spaces.EntityQuerySpaceImpl@1ea55e00]
14:11:16.286 [Test worker] DEBUG o.h.p.w.spi.MetamodelGraphWalker - Visiting attribute path : parent_ns.vnfr.dependency
14:11:16.286 [Test worker] DEBUG o.h.l.p.b.i.spaces.QuerySpacesImpl - Adding QuerySpace : uid = <gen:48> -> org.hibernate.loader.plan.build.internal.spaces.CollectionQuerySpaceImpl@7abe61b7]
14:11:16.286 [Test worker] DEBUG o.h.l.p.b.i.spaces.QuerySpacesImpl - Adding QuerySpace : uid = <gen:49> -> org.hibernate.loader.plan.build.internal.spaces.EntityQuerySpaceImpl@69017455]
14:11:16.286 [Test worker] DEBUG o.h.p.w.spi.MetamodelGraphWalker - Visiting attribute path : parent_ns.vnfr.deployment_flavour
14:11:16.286 [Test worker] DEBUG o.h.p.w.spi.MetamodelGraphWalker - Property path deemed to be circular : parent_ns.vnfr.deployment_flavour
14:11:16.286 [Test worker] DEBUG o.h.p.w.spi.MetamodelGraphWalker - Visiting attribute path : parent_ns.vnfr.descriptor_reference
14:11:16.286 [Test worker] DEBUG o.h.p.w.spi.MetamodelGraphWalker - Visiting attribute path : parent_ns.vnfr.lifecycle_event
14:11:16.286 [Test worker] DEBUG o.h.p.w.spi.MetamodelGraphWalker - Property path deemed to be circular : parent_ns.vnfr.lifecycle_event
14:11:16.286 [Test worker] DEBUG o.h.p.w.spi.MetamodelGraphWalker - Visiting attribute path : parent_ns.vnfr.lifecycle_event_history
14:11:16.286 [Test worker] DEBUG o.h.l.p.b.i.spaces.QuerySpacesImpl - Adding QuerySpace : uid = <gen:50> -> org.hibernate.loader.plan.build.internal.spaces.CollectionQuerySpaceImpl@5e7cae4e]
14:11:16.286 [Test worker] DEBUG o.h.l.p.b.i.spaces.QuerySpacesImpl - Adding QuerySpace : uid = <gen:51> -> org.hibernate.loader.plan.build.internal.spaces.EntityQuerySpaceImpl@4b97b358]
14:11:16.286 [Test worker] DEBUG o.h.p.w.spi.MetamodelGraphWalker - Visiting attribute path : parent_ns.vnfr.localization
14:11:16.286 [Test worker] DEBUG o.h.p.w.spi.MetamodelGraphWalker - Visiting attribute path : parent_ns.vnfr.monitoring_parameter
14:11:16.286 [Test worker] DEBUG o.h.p.w.spi.MetamodelGraphWalker - Visiting attribute path : parent_ns.vnfr.notification
14:11:16.286 [Test worker] DEBUG o.h.p.w.spi.MetamodelGraphWalker - Visiting attribute path : parent_ns.vnfr.parent_ns
14:11:16.286 [Test worker] DEBUG o.h.p.w.spi.MetamodelGraphWalker - Property path deemed to be circular : parent_ns.vnfr.parent_ns
14:11:16.286 [Test worker] DEBUG o.h.p.w.spi.MetamodelGraphWalker - Visiting attribute path : parent_ns.vnfr.runtime_policy_info
14:11:16.286 [Test worker] DEBUG o.h.p.w.spi.MetamodelGraphWalker - Visiting attribute path : parent_ns.vnfr.status
14:11:16.286 [Test worker] DEBUG o.h.p.w.spi.MetamodelGraphWalker - Visiting attribute path : parent_ns.vnfr.vdu
14:11:16.286 [Test worker] DEBUG o.h.l.p.b.i.spaces.QuerySpacesImpl - Adding QuerySpace : uid = <gen:52> -> org.hibernate.loader.plan.build.internal.spaces.CollectionQuerySpaceImpl@547f7d2d]
14:11:16.287 [Test worker] DEBUG o.h.l.p.b.i.spaces.QuerySpacesImpl - Adding QuerySpace : uid = <gen:53> -> org.hibernate.loader.plan.build.internal.spaces.EntityQuerySpaceImpl@7df340b1]
14:11:16.287 [Test worker] DEBUG o.h.p.w.spi.MetamodelGraphWalker - Visiting attribute path : parent_ns.vnfr.vendor
14:11:16.287 [Test worker] DEBUG o.h.p.w.spi.MetamodelGraphWalker - Visiting attribute path : parent_ns.vnfr.version
14:11:16.287 [Test worker] DEBUG o.h.p.w.spi.MetamodelGraphWalker - Visiting attribute path : parent_ns.vnfr.virtual_link
14:11:16.289 [Test worker] DEBUG o.h.l.p.b.i.spaces.QuerySpacesImpl - Adding QuerySpace : uid = <gen:54> -> org.hibernate.loader.plan.build.internal.spaces.CollectionQuerySpaceImpl@6d1c6510]
14:11:16.289 [Test worker] DEBUG o.h.l.p.b.i.spaces.QuerySpacesImpl - Adding QuerySpace : uid = <gen:55> -> org.hibernate.loader.plan.build.internal.spaces.EntityQuerySpaceImpl@632f3566]
14:11:16.289 [Test worker] DEBUG o.h.p.w.spi.MetamodelGraphWalker - Visiting attribute path : parent_ns.vnfr.vnf_address
14:11:16.289 [Test worker] DEBUG o.h.p.w.spi.MetamodelGraphWalker - Visiting attribute path : parent_ns.vnfr.vnfm_id
14:11:16.289 [Test worker] DEBUG o.h.p.w.spi.MetamodelGraphWalker - Visiting attribute path : runtime_policy_info
14:11:16.289 [Test worker] DEBUG o.h.p.w.spi.MetamodelGraphWalker - Visiting attribute path : status
14:11:16.289 [Test worker] DEBUG o.h.p.w.spi.MetamodelGraphWalker - Visiting attribute path : vdu
14:11:16.289 [Test worker] DEBUG o.h.l.p.b.i.spaces.QuerySpacesImpl - Adding QuerySpace : uid = <gen:56> -> org.hibernate.loader.plan.build.internal.spaces.CollectionQuerySpaceImpl@305aee69]
14:11:16.289 [Test worker] DEBUG o.h.l.p.b.i.spaces.QuerySpacesImpl - Adding QuerySpace : uid = <gen:57> -> org.hibernate.loader.plan.build.internal.spaces.EntityQuerySpaceImpl@21da484c]
14:11:16.289 [Test worker] DEBUG o.h.p.w.spi.MetamodelGraphWalker - Visiting attribute path : vendor
14:11:16.289 [Test worker] DEBUG o.h.p.w.spi.MetamodelGraphWalker - Visiting attribute path : version
14:11:16.289 [Test worker] DEBUG o.h.p.w.spi.MetamodelGraphWalker - Visiting attribute path : virtual_link
14:11:16.289 [Test worker] DEBUG o.h.l.p.b.i.spaces.QuerySpacesImpl - Adding QuerySpace : uid = <gen:58> -> org.hibernate.loader.plan.build.internal.spaces.CollectionQuerySpaceImpl@1c086f1]
14:11:16.289 [Test worker] DEBUG o.h.l.p.b.i.spaces.QuerySpacesImpl - Adding QuerySpace : uid = <gen:59> -> org.hibernate.loader.plan.build.internal.spaces.EntityQuerySpaceImpl@6db391d]
14:11:16.289 [Test worker] DEBUG o.h.p.w.spi.MetamodelGraphWalker - Visiting attribute path : vnf_address
14:11:16.289 [Test worker] DEBUG o.h.p.w.spi.MetamodelGraphWalker - Visiting attribute path : vnfm_id
14:11:16.289 [Test worker] DEBUG o.h.l.p.b.i.FetchStyleLoadPlanBuildingAssociationVisitationStrategy - Building LoadPlan...
14:11:16.290 [Test worker] DEBUG o.h.l.p.e.i.LoadQueryJoinAndFetchProcessor - processing queryspace <gen:0>
14:11:16.291 [Test worker] DEBUG o.h.l.p.b.spi.LoadPlanTreePrinter - LoadPlan(collection=org.project.neutrino.nfvo.catalogue.mano.record.VNFForwardingGraphRecord.member_vnfs)
    - Returns
       - CollectionReturnImpl(collection=org.project.neutrino.nfvo.catalogue.mano.record.VNFForwardingGraphRecord.member_vnfs, querySpaceUid=<gen:0>, path=[org.project.neutrino.nfvo.catalogue.mano.record.VNFForwardingGraphRecord.member_vnfs])
          - (collection element) CollectionFetchableElementEntityGraph(entity=org.project.neutrino.nfvo.catalogue.mano.record.VirtualNetworkFunctionRecord, querySpaceUid=<gen:1>, path=[org.project.neutrino.nfvo.catalogue.mano.record.VNFForwardingGraphRecord.member_vnfs].<elements>)
             - CollectionAttributeFetchImpl(collection=org.project.neutrino.nfvo.catalogue.mano.record.VirtualNetworkFunctionRecord.auto_scale_policy, querySpaceUid=<gen:2>, path=[org.project.neutrino.nfvo.catalogue.mano.record.VNFForwardingGraphRecord.member_vnfs].<elements>.auto_scale_policy)
                - (collection element) CollectionFetchableElementEntityGraph(entity=org.project.neutrino.nfvo.catalogue.mano.common.AutoScalePolicy, querySpaceUid=<gen:3>, path=[org.project.neutrino.nfvo.catalogue.mano.record.VNFForwardingGraphRecord.member_vnfs].<elements>.auto_scale_policy.<elements>)
             - CollectionAttributeFetchImpl(collection=org.project.neutrino.nfvo.catalogue.mano.record.VirtualNetworkFunctionRecord.connected_external_virtual_link, querySpaceUid=<gen:4>, path=[org.project.neutrino.nfvo.catalogue.mano.record.VNFForwardingGraphRecord.member_vnfs].<elements>.connected_external_virtual_link)
                - (collection element) CollectionFetchableElementEntityGraph(entity=org.project.neutrino.nfvo.catalogue.mano.record.VirtualLinkRecord, querySpaceUid=<gen:5>, path=[org.project.neutrino.nfvo.catalogue.mano.record.VNFForwardingGraphRecord.member_vnfs].<elements>.connected_external_virtual_link.<elements>)
             - CollectionAttributeFetchImpl(collection=org.project.neutrino.nfvo.catalogue.mano.record.VirtualNetworkFunctionRecord.connection_point, querySpaceUid=<gen:6>, path=[org.project.neutrino.nfvo.catalogue.mano.record.VNFForwardingGraphRecord.member_vnfs].<elements>.connection_point)
                - (collection element) CollectionFetchableElementEntityGraph(entity=org.project.neutrino.nfvo.catalogue.mano.common.ConnectionPoint, querySpaceUid=<gen:7>, path=[org.project.neutrino.nfvo.catalogue.mano.record.VNFForwardingGraphRecord.member_vnfs].<elements>.connection_point.<elements>)
             - CollectionAttributeFetchImpl(collection=org.project.neutrino.nfvo.catalogue.mano.record.VirtualNetworkFunctionRecord.dependency, querySpaceUid=<gen:8>, path=[org.project.neutrino.nfvo.catalogue.mano.record.VNFForwardingGraphRecord.member_vnfs].<elements>.dependency)
                - (collection element) CollectionFetchableElementEntityGraph(entity=org.project.neutrino.nfvo.catalogue.mano.common.VNFDependency, querySpaceUid=<gen:9>, path=[org.project.neutrino.nfvo.catalogue.mano.record.VNFForwardingGraphRecord.member_vnfs].<elements>.dependency.<elements>)
             - EntityAttributeFetchImpl(entity=org.project.neutrino.nfvo.catalogue.mano.descriptor.VNFDDeploymentFlavour, querySpaceUid=<gen:10>, path=[org.project.neutrino.nfvo.catalogue.mano.record.VNFForwardingGraphRecord.member_vnfs].<elements>.deployment_flavour)
                - CollectionAttributeFetchImpl(collection=org.project.neutrino.nfvo.catalogue.mano.descriptor.VNFDDeploymentFlavour.df_constraint, querySpaceUid=<gen:11>, path=[org.project.neutrino.nfvo.catalogue.mano.record.VNFForwardingGraphRecord.member_vnfs].<elements>.deployment_flavour.df_constraint)
             - EntityAttributeFetchImpl(entity=org.project.neutrino.nfvo.catalogue.mano.common.LifecycleEvent, querySpaceUid=<gen:12>, path=[org.project.neutrino.nfvo.catalogue.mano.record.VNFForwardingGraphRecord.member_vnfs].<elements>.lifecycle_event)
             - CollectionAttributeFetchImpl(collection=org.project.neutrino.nfvo.catalogue.mano.record.VirtualNetworkFunctionRecord.lifecycle_event_history, querySpaceUid=<gen:13>, path=[org.project.neutrino.nfvo.catalogue.mano.record.VNFForwardingGraphRecord.member_vnfs].<elements>.lifecycle_event_history)
                - (collection element) CollectionFetchableElementEntityGraph(entity=org.project.neutrino.nfvo.catalogue.mano.common.LifecycleEvent, querySpaceUid=<gen:14>, path=[org.project.neutrino.nfvo.catalogue.mano.record.VNFForwardingGraphRecord.member_vnfs].<elements>.lifecycle_event_history.<elements>)
             - EntityAttributeFetchImpl(entity=org.project.neutrino.nfvo.catalogue.mano.record.NetworkServiceRecord, querySpaceUid=<gen:15>, path=[org.project.neutrino.nfvo.catalogue.mano.record.VNFForwardingGraphRecord.member_vnfs].<elements>.parent_ns)
                - CollectionAttributeFetchImpl(collection=org.project.neutrino.nfvo.catalogue.mano.record.NetworkServiceRecord.auto_scale_policy, querySpaceUid=<gen:16>, path=[org.project.neutrino.nfvo.catalogue.mano.record.VNFForwardingGraphRecord.member_vnfs].<elements>.parent_ns.auto_scale_policy)
                   - (collection element) CollectionFetchableElementEntityGraph(entity=org.project.neutrino.nfvo.catalogue.mano.common.AutoScalePolicy, querySpaceUid=<gen:17>, path=[org.project.neutrino.nfvo.catalogue.mano.record.VNFForwardingGraphRecord.member_vnfs].<elements>.parent_ns.auto_scale_policy.<elements>)
                - CollectionAttributeFetchImpl(collection=org.project.neutrino.nfvo.catalogue.mano.record.NetworkServiceRecord.connection_point, querySpaceUid=<gen:18>, path=[org.project.neutrino.nfvo.catalogue.mano.record.VNFForwardingGraphRecord.member_vnfs].<elements>.parent_ns.connection_point)
                   - (collection element) CollectionFetchableElementEntityGraph(entity=org.project.neutrino.nfvo.catalogue.mano.common.ConnectionPoint, querySpaceUid=<gen:19>, path=[org.project.neutrino.nfvo.catalogue.mano.record.VNFForwardingGraphRecord.member_vnfs].<elements>.parent_ns.connection_point.<elements>)
                - EntityAttributeFetchImpl(entity=org.project.neutrino.nfvo.catalogue.mano.common.NFVEntityDescriptor, querySpaceUid=<gen:20>, path=[org.project.neutrino.nfvo.catalogue.mano.record.VNFForwardingGraphRecord.member_vnfs].<elements>.parent_ns.descriptor_reference)
                   - CollectionAttributeFetchImpl(collection=org.project.neutrino.nfvo.catalogue.mano.common.NFVEntityDescriptor.monitoring_parameter, querySpaceUid=<gen:21>, path=[org.project.neutrino.nfvo.catalogue.mano.record.VNFForwardingGraphRecord.member_vnfs].<elements>.parent_ns.descriptor_reference.monitoring_parameter)
                   - CollectionAttributeFetchImpl(collection=org.project.neutrino.nfvo.catalogue.mano.descriptor.VirtualNetworkFunctionDescriptor.deployment_flavour, querySpaceUid=<gen:22>, path=[org.project.neutrino.nfvo.catalogue.mano.record.VNFForwardingGraphRecord.member_vnfs].<elements>.parent_ns.descriptor_reference.deployment_flavour)
                      - (collection element) CollectionFetchableElementEntityGraph(entity=org.project.neutrino.nfvo.catalogue.mano.descriptor.VNFDDeploymentFlavour, querySpaceUid=<gen:23>, path=[org.project.neutrino.nfvo.catalogue.mano.record.VNFForwardingGraphRecord.member_vnfs].<elements>.parent_ns.descriptor_reference.deployment_flavour.<elements>)
                   - EntityAttributeFetchImpl(entity=org.project.neutrino.nfvo.catalogue.mano.common.Security, querySpaceUid=<gen:24>, path=[org.project.neutrino.nfvo.catalogue.mano.record.VNFForwardingGraphRecord.member_vnfs].<elements>.parent_ns.descriptor_reference.nsd_security)
                   - CollectionAttributeFetchImpl(collection=org.project.neutrino.nfvo.catalogue.mano.descriptor.NetworkServiceDescriptor.vnf_dependency, querySpaceUid=<gen:25>, path=[org.project.neutrino.nfvo.catalogue.mano.record.VNFForwardingGraphRecord.member_vnfs].<elements>.parent_ns.descriptor_reference.vnf_dependency)
                      - (collection element) CollectionFetchableElementEntityGraph(entity=org.project.neutrino.nfvo.catalogue.mano.common.VNFDependency, querySpaceUid=<gen:26>, path=[org.project.neutrino.nfvo.catalogue.mano.record.VNFForwardingGraphRecord.member_vnfs].<elements>.parent_ns.descriptor_reference.vnf_dependency.<elements>)
                   - CollectionAttributeFetchImpl(collection=org.project.neutrino.nfvo.catalogue.mano.descriptor.NetworkServiceDescriptor.vnfd, querySpaceUid=<gen:27>, path=[org.project.neutrino.nfvo.catalogue.mano.record.VNFForwardingGraphRecord.member_vnfs].<elements>.parent_ns.descriptor_reference.vnfd)
                      - (collection element) CollectionFetchableElementEntityGraph(entity=org.project.neutrino.nfvo.catalogue.mano.descriptor.VirtualNetworkFunctionDescriptor, querySpaceUid=<gen:28>, path=[org.project.neutrino.nfvo.catalogue.mano.record.VNFForwardingGraphRecord.member_vnfs].<elements>.parent_ns.descriptor_reference.vnfd.<elements>)
                - EntityAttributeFetchImpl(entity=org.project.neutrino.nfvo.catalogue.mano.common.LifecycleEvent, querySpaceUid=<gen:29>, path=[org.project.neutrino.nfvo.catalogue.mano.record.VNFForwardingGraphRecord.member_vnfs].<elements>.parent_ns.lifecycle_event)
                - CollectionAttributeFetchImpl(collection=org.project.neutrino.nfvo.catalogue.mano.record.NetworkServiceRecord.lifecycle_event_history, querySpaceUid=<gen:30>, path=[org.project.neutrino.nfvo.catalogue.mano.record.VNFForwardingGraphRecord.member_vnfs].<elements>.parent_ns.lifecycle_event_history)
                   - (collection element) CollectionFetchableElementEntityGraph(entity=org.project.neutrino.nfvo.catalogue.mano.common.LifecycleEvent, querySpaceUid=<gen:31>, path=[org.project.neutrino.nfvo.catalogue.mano.record.VNFForwardingGraphRecord.member_vnfs].<elements>.parent_ns.lifecycle_event_history.<elements>)
                - CollectionAttributeFetchImpl(collection=org.project.neutrino.nfvo.catalogue.mano.record.NetworkServiceRecord.pnfr, querySpaceUid=<gen:32>, path=[org.project.neutrino.nfvo.catalogue.mano.record.VNFForwardingGraphRecord.member_vnfs].<elements>.parent_ns.pnfr)
                   - (collection element) CollectionFetchableElementEntityGraph(entity=org.project.neutrino.nfvo.catalogue.mano.record.PhysicalNetworkFunctionRecord, querySpaceUid=<gen:33>, path=[org.project.neutrino.nfvo.catalogue.mano.record.VNFForwardingGraphRecord.member_vnfs].<elements>.parent_ns.pnfr.<elements>)
                - EntityAttributeFetchImpl(entity=org.project.neutrino.nfvo.catalogue.mano.common.ServiceDeploymentFlavour, querySpaceUid=<gen:34>, path=[org.project.neutrino.nfvo.catalogue.mano.record.VNFForwardingGraphRecord.member_vnfs].<elements>.parent_ns.service_deployment_flavour)
                - CollectionAttributeFetchImpl(collection=org.project.neutrino.nfvo.catalogue.mano.record.NetworkServiceRecord.vlr, querySpaceUid=<gen:35>, path=[org.project.neutrino.nfvo.catalogue.mano.record.VNFForwardingGraphRecord.member_vnfs].<elements>.parent_ns.vlr)
                   - (collection element) CollectionFetchableElementEntityGraph(entity=org.project.neutrino.nfvo.catalogue.mano.record.VirtualLinkRecord, querySpaceUid=<gen:36>, path=[org.project.neutrino.nfvo.catalogue.mano.record.VNFForwardingGraphRecord.member_vnfs].<elements>.parent_ns.vlr.<elements>)
                - CollectionAttributeFetchImpl(collection=org.project.neutrino.nfvo.catalogue.mano.record.NetworkServiceRecord.vnf_dependency, querySpaceUid=<gen:37>, path=[org.project.neutrino.nfvo.catalogue.mano.record.VNFForwardingGraphRecord.member_vnfs].<elements>.parent_ns.vnf_dependency)
                   - (collection element) CollectionFetchableElementEntityGraph(entity=org.project.neutrino.nfvo.catalogue.mano.common.VNFDependency, querySpaceUid=<gen:38>, path=[org.project.neutrino.nfvo.catalogue.mano.record.VNFForwardingGraphRecord.member_vnfs].<elements>.parent_ns.vnf_dependency.<elements>)
                - CollectionAttributeFetchImpl(collection=org.project.neutrino.nfvo.catalogue.mano.record.NetworkServiceRecord.vnffgr, querySpaceUid=<gen:39>, path=[org.project.neutrino.nfvo.catalogue.mano.record.VNFForwardingGraphRecord.member_vnfs].<elements>.parent_ns.vnffgr)
                   - (collection element) CollectionFetchableElementEntityGraph(entity=org.project.neutrino.nfvo.catalogue.mano.descriptor.VNFForwardingGraph, querySpaceUid=<gen:40>, path=[org.project.neutrino.nfvo.catalogue.mano.record.VNFForwardingGraphRecord.member_vnfs].<elements>.parent_ns.vnffgr.<elements>)
                - EntityAttributeFetchImpl(entity=org.project.neutrino.nfvo.catalogue.mano.record.VirtualNetworkFunctionRecord, querySpaceUid=<gen:41>, path=[org.project.neutrino.nfvo.catalogue.mano.record.VNFForwardingGraphRecord.member_vnfs].<elements>.parent_ns.vnfr)
                   - CollectionAttributeFetchImpl(collection=org.project.neutrino.nfvo.catalogue.mano.record.VirtualNetworkFunctionRecord.auto_scale_policy, querySpaceUid=<gen:42>, path=[org.project.neutrino.nfvo.catalogue.mano.record.VNFForwardingGraphRecord.member_vnfs].<elements>.parent_ns.vnfr.auto_scale_policy)
                      - (collection element) CollectionFetchableElementEntityGraph(entity=org.project.neutrino.nfvo.catalogue.mano.common.AutoScalePolicy, querySpaceUid=<gen:43>, path=[org.project.neutrino.nfvo.catalogue.mano.record.VNFForwardingGraphRecord.member_vnfs].<elements>.parent_ns.vnfr.auto_scale_policy.<elements>)
                   - CollectionAttributeFetchImpl(collection=org.project.neutrino.nfvo.catalogue.mano.record.VirtualNetworkFunctionRecord.connected_external_virtual_link, querySpaceUid=<gen:44>, path=[org.project.neutrino.nfvo.catalogue.mano.record.VNFForwardingGraphRecord.member_vnfs].<elements>.parent_ns.vnfr.connected_external_virtual_link)
                      - (collection element) CollectionFetchableElementEntityGraph(entity=org.project.neutrino.nfvo.catalogue.mano.record.VirtualLinkRecord, querySpaceUid=<gen:45>, path=[org.project.neutrino.nfvo.catalogue.mano.record.VNFForwardingGraphRecord.member_vnfs].<elements>.parent_ns.vnfr.connected_external_virtual_link.<elements>)
                   - CollectionAttributeFetchImpl(collection=org.project.neutrino.nfvo.catalogue.mano.record.VirtualNetworkFunctionRecord.connection_point, querySpaceUid=<gen:46>, path=[org.project.neutrino.nfvo.catalogue.mano.record.VNFForwardingGraphRecord.member_vnfs].<elements>.parent_ns.vnfr.connection_point)
                      - (collection element) CollectionFetchableElementEntityGraph(entity=org.project.neutrino.nfvo.catalogue.mano.common.ConnectionPoint, querySpaceUid=<gen:47>, path=[org.project.neutrino.nfvo.catalogue.mano.record.VNFForwardingGraphRecord.member_vnfs].<elements>.parent_ns.vnfr.connection_point.<elements>)
                   - CollectionAttributeFetchImpl(collection=org.project.neutrino.nfvo.catalogue.mano.record.VirtualNetworkFunctionRecord.dependency, querySpaceUid=<gen:48>, path=[org.project.neutrino.nfvo.catalogue.mano.record.VNFForwardingGraphRecord.member_vnfs].<elements>.parent_ns.vnfr.dependency)
                      - (collection element) CollectionFetchableElementEntityGraph(entity=org.project.neutrino.nfvo.catalogue.mano.common.VNFDependency, querySpaceUid=<gen:49>, path=[org.project.neutrino.nfvo.catalogue.mano.record.VNFForwardingGraphRecord.member_vnfs].<elements>.parent_ns.vnfr.dependency.<elements>)
                   - CollectionAttributeFetchImpl(collection=org.project.neutrino.nfvo.catalogue.mano.record.VirtualNetworkFunctionRecord.lifecycle_event_history, querySpaceUid=<gen:50>, path=[org.project.neutrino.nfvo.catalogue.mano.record.VNFForwardingGraphRecord.member_vnfs].<elements>.parent_ns.vnfr.lifecycle_event_history)
                      - (collection element) CollectionFetchableElementEntityGraph(entity=org.project.neutrino.nfvo.catalogue.mano.common.LifecycleEvent, querySpaceUid=<gen:51>, path=[org.project.neutrino.nfvo.catalogue.mano.record.VNFForwardingGraphRecord.member_vnfs].<elements>.parent_ns.vnfr.lifecycle_event_history.<elements>)
                   - CollectionAttributeFetchImpl(collection=org.project.neutrino.nfvo.catalogue.mano.record.VirtualNetworkFunctionRecord.vdu, querySpaceUid=<gen:52>, path=[org.project.neutrino.nfvo.catalogue.mano.record.VNFForwardingGraphRecord.member_vnfs].<elements>.parent_ns.vnfr.vdu)
                      - (collection element) CollectionFetchableElementEntityGraph(entity=org.project.neutrino.nfvo.catalogue.mano.descriptor.VirtualDeploymentUnit, querySpaceUid=<gen:53>, path=[org.project.neutrino.nfvo.catalogue.mano.record.VNFForwardingGraphRecord.member_vnfs].<elements>.parent_ns.vnfr.vdu.<elements>)
                   - CollectionAttributeFetchImpl(collection=org.project.neutrino.nfvo.catalogue.mano.record.VirtualNetworkFunctionRecord.virtual_link, querySpaceUid=<gen:54>, path=[org.project.neutrino.nfvo.catalogue.mano.record.VNFForwardingGraphRecord.member_vnfs].<elements>.parent_ns.vnfr.virtual_link)
                      - (collection element) CollectionFetchableElementEntityGraph(entity=org.project.neutrino.nfvo.catalogue.mano.descriptor.InternalVirtualLink, querySpaceUid=<gen:55>, path=[org.project.neutrino.nfvo.catalogue.mano.record.VNFForwardingGraphRecord.member_vnfs].<elements>.parent_ns.vnfr.virtual_link.<elements>)
             - CollectionAttributeFetchImpl(collection=org.project.neutrino.nfvo.catalogue.mano.record.VirtualNetworkFunctionRecord.vdu, querySpaceUid=<gen:56>, path=[org.project.neutrino.nfvo.catalogue.mano.record.VNFForwardingGraphRecord.member_vnfs].<elements>.vdu)
                - (collection element) CollectionFetchableElementEntityGraph(entity=org.project.neutrino.nfvo.catalogue.mano.descriptor.VirtualDeploymentUnit, querySpaceUid=<gen:57>, path=[org.project.neutrino.nfvo.catalogue.mano.record.VNFForwardingGraphRecord.member_vnfs].<elements>.vdu.<elements>)
             - CollectionAttributeFetchImpl(collection=org.project.neutrino.nfvo.catalogue.mano.record.VirtualNetworkFunctionRecord.virtual_link, querySpaceUid=<gen:58>, path=[org.project.neutrino.nfvo.catalogue.mano.record.VNFForwardingGraphRecord.member_vnfs].<elements>.virtual_link)
                - (collection element) CollectionFetchableElementEntityGraph(entity=org.project.neutrino.nfvo.catalogue.mano.descriptor.InternalVirtualLink, querySpaceUid=<gen:59>, path=[org.project.neutrino.nfvo.catalogue.mano.record.VNFForwardingGraphRecord.member_vnfs].<elements>.virtual_link.<elements>)
    - QuerySpaces
       - CollectionQuerySpaceImpl(uid=<gen:0>, collection=org.project.neutrino.nfvo.catalogue.mano.record.VNFForwardingGraphRecord.member_vnfs)
          - SQL table alias mapping - member_vnf0_
          - alias suffix - 0_
          - suffixed key columns - {vnfforwa1_92_0_}
          - entity-element alias suffix - 1_
          - 1_entity-element suffixed key columns - id1_68_1_
          - JOIN (JoinDefinedByMetadata(elements)) : <gen:0> -> <gen:1>
             - EntityQuerySpaceImpl(uid=<gen:1>, entity=org.project.neutrino.nfvo.catalogue.mano.record.VirtualNetworkFunctionRecord)
                - SQL table alias mapping - virtualnet1_
                - alias suffix - 1_
                - suffixed key columns - {id1_68_1_}
                - JOIN (JoinDefinedByMetadata(deployment_flavour)) : <gen:1> -> <gen:10>
                   - EntityQuerySpaceImpl(uid=<gen:10>, entity=org.project.neutrino.nfvo.catalogue.mano.descriptor.VNFDDeploymentFlavour)
                      - SQL table alias mapping - vnfddeploy2_
                      - alias suffix - 2_
                      - suffixed key columns - {id1_7_2_}
                - JOIN (JoinDefinedByMetadata(lifecycle_event)) : <gen:1> -> <gen:12>
                   - EntityQuerySpaceImpl(uid=<gen:12>, entity=org.project.neutrino.nfvo.catalogue.mano.common.LifecycleEvent)
                      - SQL table alias mapping - lifecyclee3_
                      - alias suffix - 3_
                      - suffixed key columns - {id1_10_3_}
                - JOIN (JoinDefinedByMetadata(parent_ns)) : <gen:1> -> <gen:15>
                   - EntityQuerySpaceImpl(uid=<gen:15>, entity=org.project.neutrino.nfvo.catalogue.mano.record.NetworkServiceRecord)
                      - SQL table alias mapping - networkser4_
                      - alias suffix - 4_
                      - suffixed key columns - {id1_18_4_}
                      - JOIN (JoinDefinedByMetadata(descriptor_reference)) : <gen:15> -> <gen:20>
                         - EntityQuerySpaceImpl(uid=<gen:20>, entity=org.project.neutrino.nfvo.catalogue.mano.common.NFVEntityDescriptor)
                            - SQL table alias mapping - nfventityd5_
                            - alias suffix - 5_
                            - suffixed key columns - {id1_27_5_}
                      - JOIN (JoinDefinedByMetadata(lifecycle_event)) : <gen:15> -> <gen:29>
                         - EntityQuerySpaceImpl(uid=<gen:29>, entity=org.project.neutrino.nfvo.catalogue.mano.common.LifecycleEvent)
                            - SQL table alias mapping - lifecyclee6_
                            - alias suffix - 6_
                            - suffixed key columns - {id1_10_6_}
                      - JOIN (JoinDefinedByMetadata(service_deployment_flavour)) : <gen:15> -> <gen:34>
                         - EntityQuerySpaceImpl(uid=<gen:34>, entity=org.project.neutrino.nfvo.catalogue.mano.common.ServiceDeploymentFlavour)
                            - SQL table alias mapping - servicedep7_
                            - alias suffix - 7_
                            - suffixed key columns - {id1_7_7_}
                      - JOIN (JoinDefinedByMetadata(vnfr)) : <gen:15> -> <gen:41>
                         - EntityQuerySpaceImpl(uid=<gen:41>, entity=org.project.neutrino.nfvo.catalogue.mano.record.VirtualNetworkFunctionRecord)
                            - SQL table alias mapping - virtualnet8_
                            - alias suffix - 8_
                            - suffixed key columns - {id1_68_8_}

14:11:16.292 [Test worker] DEBUG o.h.l.c.plan.CollectionLoader - Static select for collection org.project.neutrino.nfvo.catalogue.mano.record.VNFForwardingGraphRecord.member_vnfs: select member_vnf0_.vnfforwarding_graph_record_id as vnfforwa1_92_0_, member_vnf0_.member_vnfs_id as member_v2_96_0_, virtualnet1_.id as id1_68_1_, virtualnet1_.audit_log as audit_lo2_68_1_, virtualnet1_.deployment_flavour_id as deployme9_68_1_, virtualnet1_.descriptor_reference as descript3_68_1_, virtualnet1_.lifecycle_event_id as lifecyc10_68_1_, virtualnet1_.localization as localiza4_68_1_, virtualnet1_.parent_ns_id as parent_11_68_1_, virtualnet1_.status as status5_68_1_, virtualnet1_.vendor as vendor6_68_1_, virtualnet1_.version as version7_68_1_, virtualnet1_.vnfm_id as vnfm_id8_68_1_, vnfddeploy2_.id as id1_7_2_, vnfddeploy2_.flavour_key as flavour_2_7_2_, vnfddeploy2_.version as version3_7_2_, lifecyclee3_.id as id1_10_3_, lifecyclee3_.version as version2_10_3_, networkser4_.id as id1_18_4_, networkser4_.audit_log as audit_lo2_18_4_, networkser4_.descriptor_reference_Id as descript9_18_4_, networkser4_.lifecycle_event_id as lifecyc10_18_4_, networkser4_.notification as notifica3_18_4_, networkser4_.resource_reservation as resource4_18_4_, networkser4_.runtime_policy_info as runtime_5_18_4_, networkser4_.service_deployment_flavour_id as service11_18_4_, networkser4_.status as status6_18_4_, networkser4_.vendor as vendor7_18_4_, networkser4_.version as version8_18_4_, networkser4_.vnfr_id as vnfr_id12_18_4_, nfventityd5_.id as id1_27_5_, nfventityd5_.hb_version as hb_versi2_27_5_, nfventityd5_.vendor as vendor3_27_5_, nfventityd5_.version as version4_27_5_, nfventityd5_.descriptor_version as descript1_62_5_, nfventityd5_.manifest_file as manifest2_62_5_, nfventityd5_.nsd_security_id as nsd_secu1_14_5_, nfventityd5_.clazz_ as clazz_5_, lifecyclee6_.id as id1_10_6_, lifecyclee6_.version as version2_10_6_, servicedep7_.id as id1_7_7_, servicedep7_.flavour_key as flavour_2_7_7_, servicedep7_.version as version3_7_7_, virtualnet8_.id as id1_68_8_, virtualnet8_.audit_log as audit_lo2_68_8_, virtualnet8_.deployment_flavour_id as deployme9_68_8_, virtualnet8_.descriptor_reference as descript3_68_8_, virtualnet8_.lifecycle_event_id as lifecyc10_68_8_, virtualnet8_.localization as localiza4_68_8_, virtualnet8_.parent_ns_id as parent_11_68_8_, virtualnet8_.status as status5_68_8_, virtualnet8_.vendor as vendor6_68_8_, virtualnet8_.version as version7_68_8_, virtualnet8_.vnfm_id as vnfm_id8_68_8_ from vnfforwarding_graph_record_member_vnfs member_vnf0_ inner join virtual_network_function_record virtualnet1_ on member_vnf0_.member_vnfs_id=virtualnet1_.id left outer join vnfddeployment_flavour vnfddeploy2_ on virtualnet1_.deployment_flavour_id=vnfddeploy2_.id left outer join lifecycle_event lifecyclee3_ on virtualnet1_.lifecycle_event_id=lifecyclee3_.id left outer join network_service_record networkser4_ on virtualnet1_.parent_ns_id=networkser4_.id left outer join ( select id, hb_version, vendor, version, descriptor_version, manifest_file, null as nsd_security_id, 1 as clazz_ from virtual_network_function_descriptor union select id, hb_version, vendor, version, null as descriptor_version, null as manifest_file, nsd_security_id, 2 as clazz_ from network_service_descriptor ) nfventityd5_ on networkser4_.descriptor_reference_Id=nfventityd5_.id left outer join lifecycle_event lifecyclee6_ on networkser4_.lifecycle_event_id=lifecyclee6_.id left outer join service_deployment_flavour servicedep7_ on networkser4_.service_deployment_flavour_id=servicedep7_.id left outer join virtual_network_function_record virtualnet8_ on networkser4_.vnfr_id=virtualnet8_.id where member_vnf0_.vnfforwarding_graph_record_id=?
14:11:16.292 [Test worker] DEBUG o.h.l.p.b.i.spaces.QuerySpacesImpl - Adding QuerySpace : uid = <gen:0> -> org.hibernate.loader.plan.build.internal.spaces.CollectionQuerySpaceImpl@2282a26f]
14:11:16.292 [Test worker] DEBUG o.h.l.p.b.i.spaces.QuerySpacesImpl - Adding QuerySpace : uid = <gen:1> -> org.hibernate.loader.plan.build.internal.spaces.EntityQuerySpaceImpl@2e76371c]
14:11:16.292 [Test worker] DEBUG o.h.p.w.spi.MetamodelGraphWalker - Visiting attribute path : computation_requirement
14:11:16.292 [Test worker] DEBUG o.h.p.w.spi.MetamodelGraphWalker - Visiting attribute path : high_availability
14:11:16.292 [Test worker] DEBUG o.h.p.w.spi.MetamodelGraphWalker - Visiting attribute path : lifecycle_event
14:11:16.292 [Test worker] DEBUG o.h.p.w.spi.MetamodelGraphWalker - Visiting attribute path : monitoring_parameter
14:11:16.292 [Test worker] DEBUG o.h.l.p.b.i.spaces.QuerySpacesImpl - Adding QuerySpace : uid = <gen:2> -> org.hibernate.loader.plan.build.internal.spaces.CollectionQuerySpaceImpl@575adbd1]
14:11:16.292 [Test worker] DEBUG o.h.p.w.spi.MetamodelGraphWalker - Visiting attribute path : scale_in_out
14:11:16.292 [Test worker] DEBUG o.h.p.w.spi.MetamodelGraphWalker - Visiting attribute path : vdu_constraint
14:11:16.292 [Test worker] DEBUG o.h.p.w.spi.MetamodelGraphWalker - Visiting attribute path : version
14:11:16.292 [Test worker] DEBUG o.h.p.w.spi.MetamodelGraphWalker - Visiting attribute path : virtual_memory_resource_element
14:11:16.292 [Test worker] DEBUG o.h.p.w.spi.MetamodelGraphWalker - Visiting attribute path : virtual_network_bandwidth_resource
14:11:16.292 [Test worker] DEBUG o.h.p.w.spi.MetamodelGraphWalker - Visiting attribute path : vm_image
14:11:16.292 [Test worker] DEBUG o.h.l.p.b.i.spaces.QuerySpacesImpl - Adding QuerySpace : uid = <gen:3> -> org.hibernate.loader.plan.build.internal.spaces.CollectionQuerySpaceImpl@e15a325]
14:11:16.293 [Test worker] DEBUG o.h.p.w.spi.MetamodelGraphWalker - Visiting attribute path : vnfc
14:11:16.293 [Test worker] DEBUG o.h.l.p.b.i.FetchStyleLoadPlanBuildingAssociationVisitationStrategy - Building LoadPlan...
14:11:16.293 [Test worker] DEBUG o.h.l.p.e.i.LoadQueryJoinAndFetchProcessor - processing queryspace <gen:0>
14:11:16.293 [Test worker] DEBUG o.h.l.p.b.spi.LoadPlanTreePrinter - LoadPlan(collection=org.project.neutrino.nfvo.catalogue.mano.record.VirtualNetworkFunctionRecord.vdu)
    - Returns
       - CollectionReturnImpl(collection=org.project.neutrino.nfvo.catalogue.mano.record.VirtualNetworkFunctionRecord.vdu, querySpaceUid=<gen:0>, path=[org.project.neutrino.nfvo.catalogue.mano.record.VirtualNetworkFunctionRecord.vdu])
          - (collection element) CollectionFetchableElementEntityGraph(entity=org.project.neutrino.nfvo.catalogue.mano.descriptor.VirtualDeploymentUnit, querySpaceUid=<gen:1>, path=[org.project.neutrino.nfvo.catalogue.mano.record.VirtualNetworkFunctionRecord.vdu].<elements>)
             - CollectionAttributeFetchImpl(collection=org.project.neutrino.nfvo.catalogue.mano.descriptor.VirtualDeploymentUnit.monitoring_parameter, querySpaceUid=<gen:2>, path=[org.project.neutrino.nfvo.catalogue.mano.record.VirtualNetworkFunctionRecord.vdu].<elements>.monitoring_parameter)
             - CollectionAttributeFetchImpl(collection=org.project.neutrino.nfvo.catalogue.mano.descriptor.VirtualDeploymentUnit.vm_image, querySpaceUid=<gen:3>, path=[org.project.neutrino.nfvo.catalogue.mano.record.VirtualNetworkFunctionRecord.vdu].<elements>.vm_image)
    - QuerySpaces
       - CollectionQuerySpaceImpl(uid=<gen:0>, collection=org.project.neutrino.nfvo.catalogue.mano.record.VirtualNetworkFunctionRecord.vdu)
          - SQL table alias mapping - vdu0_
          - alias suffix - 0_
          - suffixed key columns - {virtual_1_68_0_}
          - entity-element alias suffix - 1_
          - 1_entity-element suffixed key columns - id1_47_1_
          - JOIN (JoinDefinedByMetadata(elements)) : <gen:0> -> <gen:1>
             - EntityQuerySpaceImpl(uid=<gen:1>, entity=org.project.neutrino.nfvo.catalogue.mano.descriptor.VirtualDeploymentUnit)
                - SQL table alias mapping - virtualdep1_
                - alias suffix - 1_
                - suffixed key columns - {id1_47_1_}

14:11:16.293 [Test worker] DEBUG o.h.l.c.plan.CollectionLoader - Static select for collection org.project.neutrino.nfvo.catalogue.mano.record.VirtualNetworkFunctionRecord.vdu: select vdu0_.virtual_network_function_record_id as virtual_1_68_0_, vdu0_.vdu_id as vdu_id2_77_0_, virtualdep1_.id as id1_47_1_, virtualdep1_.computation_requirement as computat2_47_1_, virtualdep1_.high_availability as high_ava3_47_1_, virtualdep1_.scale_in_out as scale_in4_47_1_, virtualdep1_.vdu_constraint as vdu_cons5_47_1_, virtualdep1_.version as version6_47_1_, virtualdep1_.virtual_memory_resource_element as virtual_7_47_1_, virtualdep1_.virtual_network_bandwidth_resource as virtual_8_47_1_ from virtual_network_function_record_vdu vdu0_ inner join virtual_deployment_unit virtualdep1_ on vdu0_.vdu_id=virtualdep1_.id where vdu0_.virtual_network_function_record_id=?
14:11:16.293 [Test worker] DEBUG o.h.l.p.b.i.spaces.QuerySpacesImpl - Adding QuerySpace : uid = <gen:0> -> org.hibernate.loader.plan.build.internal.spaces.CollectionQuerySpaceImpl@2e89d95c]
14:11:16.294 [Test worker] DEBUG o.h.l.p.b.i.spaces.QuerySpacesImpl - Adding QuerySpace : uid = <gen:1> -> org.hibernate.loader.plan.build.internal.spaces.EntityQuerySpaceImpl@5c1d3ee2]
14:11:16.294 [Test worker] DEBUG o.h.p.w.spi.MetamodelGraphWalker - Visiting attribute path : type
14:11:16.294 [Test worker] DEBUG o.h.p.w.spi.MetamodelGraphWalker - Visiting attribute path : version
14:11:16.294 [Test worker] DEBUG o.h.p.w.spi.MetamodelGraphWalker - Visiting attribute path : virtual_link_reference
14:11:16.294 [Test worker] DEBUG o.h.l.p.b.i.FetchStyleLoadPlanBuildingAssociationVisitationStrategy - Building LoadPlan...
14:11:16.294 [Test worker] DEBUG o.h.l.p.e.i.LoadQueryJoinAndFetchProcessor - processing queryspace <gen:0>
14:11:16.294 [Test worker] DEBUG o.h.l.p.b.spi.LoadPlanTreePrinter - LoadPlan(collection=org.project.neutrino.nfvo.catalogue.mano.descriptor.VNFForwardingGraph.connection_point)
    - Returns
       - CollectionReturnImpl(collection=org.project.neutrino.nfvo.catalogue.mano.descriptor.VNFForwardingGraph.connection_point, querySpaceUid=<gen:0>, path=[org.project.neutrino.nfvo.catalogue.mano.descriptor.VNFForwardingGraph.connection_point])
          - (collection element) CollectionFetchableElementEntityGraph(entity=org.project.neutrino.nfvo.catalogue.mano.common.ConnectionPoint, querySpaceUid=<gen:1>, path=[org.project.neutrino.nfvo.catalogue.mano.descriptor.VNFForwardingGraph.connection_point].<elements>)
    - QuerySpaces
       - CollectionQuerySpaceImpl(uid=<gen:0>, collection=org.project.neutrino.nfvo.catalogue.mano.descriptor.VNFForwardingGraph.connection_point)
          - SQL table alias mapping - connection0_
          - alias suffix - 0_
          - suffixed key columns - {vnfforwa1_87_0_}
          - entity-element alias suffix - 1_
          - 1_entity-element suffixed key columns - id1_4_1_
          - JOIN (JoinDefinedByMetadata(elements)) : <gen:0> -> <gen:1>
             - EntityQuerySpaceImpl(uid=<gen:1>, entity=org.project.neutrino.nfvo.catalogue.mano.common.ConnectionPoint)
                - SQL table alias mapping - connection1_
                - alias suffix - 1_
                - suffixed key columns - {id1_4_1_}

14:11:16.294 [Test worker] DEBUG o.h.l.c.plan.CollectionLoader - Static select for collection org.project.neutrino.nfvo.catalogue.mano.descriptor.VNFForwardingGraph.connection_point: select connection0_.vnfforwarding_graph_id as vnfforwa1_87_0_, connection0_.connection_point_id as connecti2_88_0_, connection1_.id as id1_4_1_, connection1_.type as type2_4_1_, connection1_.version as version3_4_1_, connection1_.virtual_link_reference as virtual_1_82_1_, connection1_.clazz_ as clazz_1_ from vnfforwarding_graph_connection_point connection0_ inner join ( select id, type, version, null as virtual_link_reference, 0 as clazz_ from connection_point union select id, type, version, virtual_link_reference, 1 as clazz_ from vnfdconnection_point ) connection1_ on connection0_.connection_point_id=connection1_.id where connection0_.vnfforwarding_graph_id=?
14:11:16.294 [Test worker] DEBUG o.h.l.p.b.i.spaces.QuerySpacesImpl - Adding QuerySpace : uid = <gen:0> -> org.hibernate.loader.plan.build.internal.spaces.CollectionQuerySpaceImpl@343242ef]
14:11:16.294 [Test worker] DEBUG o.h.l.p.b.i.spaces.QuerySpacesImpl - Adding QuerySpace : uid = <gen:1> -> org.hibernate.loader.plan.build.internal.spaces.EntityQuerySpaceImpl@4fc873ae]
14:11:16.294 [Test worker] DEBUG o.h.p.w.spi.MetamodelGraphWalker - Visiting attribute path : connection_point
14:11:16.294 [Test worker] DEBUG o.h.p.w.spi.MetamodelGraphWalker - Visiting attribute path : description
14:11:16.294 [Test worker] DEBUG o.h.p.w.spi.MetamodelGraphWalker - Visiting attribute path : descriptor_version
14:11:16.294 [Test worker] DEBUG o.h.p.w.spi.MetamodelGraphWalker - Visiting attribute path : hb_version
14:11:16.294 [Test worker] DEBUG o.h.p.w.spi.MetamodelGraphWalker - Visiting attribute path : pnfd_security
14:11:16.294 [Test worker] DEBUG o.h.l.p.b.i.spaces.QuerySpacesImpl - Adding QuerySpace : uid = <gen:2> -> org.hibernate.loader.plan.build.internal.spaces.EntityQuerySpaceImpl@7c4dc992]
14:11:16.295 [Test worker] DEBUG o.h.p.w.spi.MetamodelGraphWalker - Visiting attribute path : pnfd_security.version
14:11:16.295 [Test worker] DEBUG o.h.p.w.spi.MetamodelGraphWalker - Visiting attribute path : vendor
14:11:16.295 [Test worker] DEBUG o.h.p.w.spi.MetamodelGraphWalker - Visiting attribute path : version
14:11:16.295 [Test worker] DEBUG o.h.l.p.b.i.FetchStyleLoadPlanBuildingAssociationVisitationStrategy - Building LoadPlan...
14:11:16.295 [Test worker] DEBUG o.h.l.p.e.i.LoadQueryJoinAndFetchProcessor - processing queryspace <gen:0>
14:11:16.295 [Test worker] DEBUG o.h.l.p.b.spi.LoadPlanTreePrinter - LoadPlan(collection=org.project.neutrino.nfvo.catalogue.mano.descriptor.NetworkServiceDescriptor.pnfd)
    - Returns
       - CollectionReturnImpl(collection=org.project.neutrino.nfvo.catalogue.mano.descriptor.NetworkServiceDescriptor.pnfd, querySpaceUid=<gen:0>, path=[org.project.neutrino.nfvo.catalogue.mano.descriptor.NetworkServiceDescriptor.pnfd])
          - (collection element) CollectionFetchableElementEntityGraph(entity=org.project.neutrino.nfvo.catalogue.mano.descriptor.PhysicalNetworkFunctionDescriptor, querySpaceUid=<gen:1>, path=[org.project.neutrino.nfvo.catalogue.mano.descriptor.NetworkServiceDescriptor.pnfd].<elements>)
             - EntityAttributeFetchImpl(entity=org.project.neutrino.nfvo.catalogue.mano.common.Security, querySpaceUid=<gen:2>, path=[org.project.neutrino.nfvo.catalogue.mano.descriptor.NetworkServiceDescriptor.pnfd].<elements>.pnfd_security)
    - QuerySpaces
       - CollectionQuerySpaceImpl(uid=<gen:0>, collection=org.project.neutrino.nfvo.catalogue.mano.descriptor.NetworkServiceDescriptor.pnfd)
          - SQL table alias mapping - pnfd0_
          - alias suffix - 0_
          - suffixed key columns - {network_1_27_0_}
          - entity-element alias suffix - 1_
          - 1_entity-element suffixed key columns - id1_35_1_
          - JOIN (JoinDefinedByMetadata(elements)) : <gen:0> -> <gen:1>
             - EntityQuerySpaceImpl(uid=<gen:1>, entity=org.project.neutrino.nfvo.catalogue.mano.descriptor.PhysicalNetworkFunctionDescriptor)
                - SQL table alias mapping - physicalne1_
                - alias suffix - 1_
                - suffixed key columns - {id1_35_1_}
                - JOIN (JoinDefinedByMetadata(pnfd_security)) : <gen:1> -> <gen:2>
                   - EntityQuerySpaceImpl(uid=<gen:2>, entity=org.project.neutrino.nfvo.catalogue.mano.common.Security)
                      - SQL table alias mapping - security2_
                      - alias suffix - 2_
                      - suffixed key columns - {id1_43_2_}

14:11:16.295 [Test worker] DEBUG o.h.l.c.plan.CollectionLoader - Static select for collection org.project.neutrino.nfvo.catalogue.mano.descriptor.NetworkServiceDescriptor.pnfd: select pnfd0_.network_service_descriptor_Id as network_1_27_0_, pnfd0_.pnfd_id as pnfd_id2_15_0_, physicalne1_.id as id1_35_1_, physicalne1_.description as descript2_35_1_, physicalne1_.descriptor_version as descript3_35_1_, physicalne1_.hb_version as hb_versi4_35_1_, physicalne1_.pnfd_security_id as pnfd_sec7_35_1_, physicalne1_.vendor as vendor5_35_1_, physicalne1_.version as version6_35_1_, security2_.id as id1_43_2_, security2_.version as version2_43_2_ from network_service_descriptor_pnfd pnfd0_ inner join physical_network_function_descriptor physicalne1_ on pnfd0_.pnfd_id=physicalne1_.id left outer join security security2_ on physicalne1_.pnfd_security_id=security2_.id where pnfd0_.network_service_descriptor_Id=?
14:11:16.295 [Test worker] DEBUG o.h.l.p.b.i.spaces.QuerySpacesImpl - Adding QuerySpace : uid = <gen:0> -> org.hibernate.loader.plan.build.internal.spaces.CollectionQuerySpaceImpl@554b9aee]
14:11:16.295 [Test worker] DEBUG o.h.l.p.b.i.spaces.QuerySpacesImpl - Adding QuerySpace : uid = <gen:1> -> org.hibernate.loader.plan.build.internal.spaces.EntityQuerySpaceImpl@56a8ab01]
14:11:16.295 [Test worker] DEBUG o.h.p.w.spi.MetamodelGraphWalker - Visiting attribute path : connectivity_type
14:11:16.295 [Test worker] DEBUG o.h.p.w.spi.MetamodelGraphWalker - Visiting attribute path : leaf_requirement
14:11:16.295 [Test worker] DEBUG o.h.p.w.spi.MetamodelGraphWalker - Visiting attribute path : qos
14:11:16.296 [Test worker] DEBUG o.h.p.w.spi.MetamodelGraphWalker - Visiting attribute path : root_requirement
14:11:16.296 [Test worker] DEBUG o.h.p.w.spi.MetamodelGraphWalker - Visiting attribute path : test_access
14:11:16.296 [Test worker] DEBUG o.h.p.w.spi.MetamodelGraphWalker - Visiting attribute path : version
14:11:16.296 [Test worker] DEBUG o.h.p.w.spi.MetamodelGraphWalker - Visiting attribute path : connection
14:11:16.296 [Test worker] DEBUG o.h.p.w.spi.MetamodelGraphWalker - Visiting attribute path : descriptor_version
14:11:16.296 [Test worker] DEBUG o.h.p.w.spi.MetamodelGraphWalker - Visiting attribute path : number_of_endpoints
14:11:16.296 [Test worker] DEBUG o.h.p.w.spi.MetamodelGraphWalker - Visiting attribute path : vendor
14:11:16.296 [Test worker] DEBUG o.h.p.w.spi.MetamodelGraphWalker - Visiting attribute path : vld_security
14:11:16.296 [Test worker] DEBUG o.h.l.p.b.i.spaces.QuerySpacesImpl - Adding QuerySpace : uid = <gen:2> -> org.hibernate.loader.plan.build.internal.spaces.EntityQuerySpaceImpl@270f7a44]
14:11:16.296 [Test worker] DEBUG o.h.p.w.spi.MetamodelGraphWalker - Visiting attribute path : vld_security.version
14:11:16.296 [Test worker] DEBUG o.h.l.p.b.i.FetchStyleLoadPlanBuildingAssociationVisitationStrategy - Building LoadPlan...
14:11:16.296 [Test worker] DEBUG o.h.l.p.e.i.LoadQueryJoinAndFetchProcessor - processing queryspace <gen:0>
14:11:16.296 [Test worker] DEBUG o.h.l.p.b.spi.LoadPlanTreePrinter - LoadPlan(collection=org.project.neutrino.nfvo.catalogue.mano.common.NFVEntityDescriptor.vld)
    - Returns
       - CollectionReturnImpl(collection=org.project.neutrino.nfvo.catalogue.mano.common.NFVEntityDescriptor.vld, querySpaceUid=<gen:0>, path=[org.project.neutrino.nfvo.catalogue.mano.common.NFVEntityDescriptor.vld])
          - (collection element) CollectionFetchableElementEntityGraph(entity=org.project.neutrino.nfvo.catalogue.mano.descriptor.VirtualLinkDescriptor, querySpaceUid=<gen:1>, path=[org.project.neutrino.nfvo.catalogue.mano.common.NFVEntityDescriptor.vld].<elements>)
             - EntityAttributeFetchImpl(entity=org.project.neutrino.nfvo.catalogue.mano.common.Security, querySpaceUid=<gen:2>, path=[org.project.neutrino.nfvo.catalogue.mano.common.NFVEntityDescriptor.vld].<elements>.vld_security)
    - QuerySpaces
       - CollectionQuerySpaceImpl(uid=<gen:0>, collection=org.project.neutrino.nfvo.catalogue.mano.common.NFVEntityDescriptor.vld)
          - SQL table alias mapping - vld0_
          - alias suffix - 0_
          - suffixed key columns - {nfventit1_27_0_}
          - entity-element alias suffix - 1_
          - 1_entity-element suffixed key columns - id1_0_1_
          - JOIN (JoinDefinedByMetadata(elements)) : <gen:0> -> <gen:1>
             - EntityQuerySpaceImpl(uid=<gen:1>, entity=org.project.neutrino.nfvo.catalogue.mano.descriptor.VirtualLinkDescriptor)
                - SQL table alias mapping - virtuallin1_
                - alias suffix - 1_
                - suffixed key columns - {id1_0_1_}
                - JOIN (JoinDefinedByMetadata(vld_security)) : <gen:1> -> <gen:2>
                   - EntityQuerySpaceImpl(uid=<gen:2>, entity=org.project.neutrino.nfvo.catalogue.mano.common.Security)
                      - SQL table alias mapping - security2_
                      - alias suffix - 2_
                      - suffixed key columns - {id1_43_2_}

14:11:16.296 [Test worker] DEBUG o.h.l.c.plan.CollectionLoader - Static select for collection org.project.neutrino.nfvo.catalogue.mano.common.NFVEntityDescriptor.vld: select vld0_.nfventity_descriptor_Id as nfventit1_27_0_, vld0_.vld_id as vld_id2_33_0_, virtuallin1_.id as id1_0_1_, virtuallin1_.connectivity_type as connecti2_0_1_, virtuallin1_.leaf_requirement as leaf_req3_0_1_, virtuallin1_.root_requirement as root_req4_0_1_, virtuallin1_.version as version5_0_1_, virtuallin1_.descriptor_version as descript1_52_1_, virtuallin1_.number_of_endpoints as number_o2_52_1_, virtuallin1_.vendor as vendor3_52_1_, virtuallin1_.vld_security_id as vld_secu4_52_1_, security2_.id as id1_43_2_, security2_.version as version2_43_2_ from nfventity_descriptor_vld vld0_ inner join virtual_link_descriptor virtuallin1_ on vld0_.vld_id=virtuallin1_.id left outer join security security2_ on virtuallin1_.vld_security_id=security2_.id where vld0_.nfventity_descriptor_Id=?
14:11:16.296 [Test worker] DEBUG o.h.l.p.b.i.spaces.QuerySpacesImpl - Adding QuerySpace : uid = <gen:0> -> org.hibernate.loader.plan.build.internal.spaces.CollectionQuerySpaceImpl@4140d129]
14:11:16.297 [Test worker] DEBUG o.h.l.p.b.i.FetchStyleLoadPlanBuildingAssociationVisitationStrategy - Building LoadPlan...
14:11:16.297 [Test worker] DEBUG o.h.l.p.e.i.LoadQueryJoinAndFetchProcessor - processing queryspace <gen:0>
14:11:16.297 [Test worker] DEBUG o.h.l.p.b.spi.LoadPlanTreePrinter - LoadPlan(collection=org.project.neutrino.nfvo.catalogue.mano.record.PhysicalNetworkFunctionRecord.pnf_address)
    - Returns
       - CollectionReturnImpl(collection=org.project.neutrino.nfvo.catalogue.mano.record.PhysicalNetworkFunctionRecord.pnf_address, querySpaceUid=<gen:0>, path=[org.project.neutrino.nfvo.catalogue.mano.record.PhysicalNetworkFunctionRecord.pnf_address])
    - QuerySpaces
       - CollectionQuerySpaceImpl(uid=<gen:0>, collection=org.project.neutrino.nfvo.catalogue.mano.record.PhysicalNetworkFunctionRecord.pnf_address)
          - SQL table alias mapping - pnf_addres0_
          - alias suffix - 0_
          - suffixed key columns - {physical1_37_0_}

14:11:16.297 [Test worker] DEBUG o.h.l.c.plan.CollectionLoader - Static select for collection org.project.neutrino.nfvo.catalogue.mano.record.PhysicalNetworkFunctionRecord.pnf_address: select pnf_addres0_.physical_network_function_record_id as physical1_37_0_, pnf_addres0_.pnf_address as pnf_addr2_40_0_ from physical_network_function_record_pnf_address pnf_addres0_ where pnf_addres0_.physical_network_function_record_id=?
14:11:16.297 [Test worker] DEBUG o.h.l.p.b.i.spaces.QuerySpacesImpl - Adding QuerySpace : uid = <gen:0> -> org.hibernate.loader.plan.build.internal.spaces.CollectionQuerySpaceImpl@e438228]
14:11:16.297 [Test worker] DEBUG o.h.l.p.b.i.spaces.QuerySpacesImpl - Adding QuerySpace : uid = <gen:1> -> org.hibernate.loader.plan.build.internal.spaces.EntityQuerySpaceImpl@72161768]
14:11:16.297 [Test worker] DEBUG o.h.p.w.spi.MetamodelGraphWalker - Visiting attribute path : connected_virtual_link
14:11:16.297 [Test worker] DEBUG o.h.l.p.b.i.spaces.QuerySpacesImpl - Adding QuerySpace : uid = <gen:2> -> org.hibernate.loader.plan.build.internal.spaces.CollectionQuerySpaceImpl@1dfffe5b]
14:11:16.297 [Test worker] DEBUG o.h.l.p.b.i.spaces.QuerySpacesImpl - Adding QuerySpace : uid = <gen:3> -> org.hibernate.loader.plan.build.internal.spaces.EntityQuerySpaceImpl@119417c0]
14:11:16.297 [Test worker] DEBUG o.h.p.w.spi.MetamodelGraphWalker - Visiting attribute path : connection_point
14:11:16.297 [Test worker] DEBUG o.h.l.p.b.i.spaces.QuerySpacesImpl - Adding QuerySpace : uid = <gen:4> -> org.hibernate.loader.plan.build.internal.spaces.CollectionQuerySpaceImpl@11a34744]
14:11:16.297 [Test worker] DEBUG o.h.l.p.b.i.spaces.QuerySpacesImpl - Adding QuerySpace : uid = <gen:5> -> org.hibernate.loader.plan.build.internal.spaces.EntityQuerySpaceImpl@769bca67]
14:11:16.297 [Test worker] DEBUG o.h.p.w.spi.MetamodelGraphWalker - Visiting attribute path : description
14:11:16.297 [Test worker] DEBUG o.h.p.w.spi.MetamodelGraphWalker - Visiting attribute path : descriptor_reference
14:11:16.297 [Test worker] DEBUG o.h.l.p.b.i.spaces.QuerySpacesImpl - Adding QuerySpace : uid = <gen:6> -> org.hibernate.loader.plan.build.internal.spaces.EntityQuerySpaceImpl@6e056d06]
14:11:16.297 [Test worker] DEBUG o.h.p.w.spi.MetamodelGraphWalker - Visiting attribute path : descriptor_reference.connection_point
14:11:16.297 [Test worker] DEBUG o.h.p.w.spi.MetamodelGraphWalker - Visiting attribute path : descriptor_reference.description
14:11:16.297 [Test worker] DEBUG o.h.p.w.spi.MetamodelGraphWalker - Visiting attribute path : descriptor_reference.descriptor_version
14:11:16.297 [Test worker] DEBUG o.h.p.w.spi.MetamodelGraphWalker - Visiting attribute path : descriptor_reference.hb_version
14:11:16.298 [Test worker] DEBUG o.h.p.w.spi.MetamodelGraphWalker - Visiting attribute path : descriptor_reference.pnfd_security
14:11:16.298 [Test worker] DEBUG o.h.l.p.b.i.spaces.QuerySpacesImpl - Adding QuerySpace : uid = <gen:7> -> org.hibernate.loader.plan.build.internal.spaces.EntityQuerySpaceImpl@5f4bd002]
14:11:16.298 [Test worker] DEBUG o.h.p.w.spi.MetamodelGraphWalker - Visiting attribute path : descriptor_reference.pnfd_security.version
14:11:16.298 [Test worker] DEBUG o.h.p.w.spi.MetamodelGraphWalker - Visiting attribute path : descriptor_reference.vendor
14:11:16.298 [Test worker] DEBUG o.h.p.w.spi.MetamodelGraphWalker - Visiting attribute path : descriptor_reference.version
14:11:16.298 [Test worker] DEBUG o.h.p.w.spi.MetamodelGraphWalker - Visiting attribute path : oam_reference
14:11:16.298 [Test worker] DEBUG o.h.p.w.spi.MetamodelGraphWalker - Visiting attribute path : parent_ns
14:11:16.298 [Test worker] DEBUG o.h.l.p.b.i.spaces.QuerySpacesImpl - Adding QuerySpace : uid = <gen:8> -> org.hibernate.loader.plan.build.internal.spaces.EntityQuerySpaceImpl@71b43e83]
14:11:16.298 [Test worker] DEBUG o.h.p.w.spi.MetamodelGraphWalker - Visiting attribute path : parent_ns.audit_log
14:11:16.298 [Test worker] DEBUG o.h.p.w.spi.MetamodelGraphWalker - Visiting attribute path : parent_ns.auto_scale_policy
14:11:16.298 [Test worker] DEBUG o.h.l.p.b.i.spaces.QuerySpacesImpl - Adding QuerySpace : uid = <gen:9> -> org.hibernate.loader.plan.build.internal.spaces.CollectionQuerySpaceImpl@614f5cd7]
14:11:16.298 [Test worker] DEBUG o.h.l.p.b.i.spaces.QuerySpacesImpl - Adding QuerySpace : uid = <gen:10> -> org.hibernate.loader.plan.build.internal.spaces.EntityQuerySpaceImpl@2158592a]
14:11:16.298 [Test worker] DEBUG o.h.p.w.spi.MetamodelGraphWalker - Visiting attribute path : parent_ns.connection_point
14:11:16.298 [Test worker] DEBUG o.h.l.p.b.i.spaces.QuerySpacesImpl - Adding QuerySpace : uid = <gen:11> -> org.hibernate.loader.plan.build.internal.spaces.CollectionQuerySpaceImpl@2f45e580]
14:11:16.298 [Test worker] DEBUG o.h.l.p.b.i.spaces.QuerySpacesImpl - Adding QuerySpace : uid = <gen:12> -> org.hibernate.loader.plan.build.internal.spaces.EntityQuerySpaceImpl@15de4ebf]
14:11:16.298 [Test worker] DEBUG o.h.p.w.spi.MetamodelGraphWalker - Visiting attribute path : parent_ns.descriptor_reference
14:11:16.298 [Test worker] DEBUG o.h.l.p.b.i.spaces.QuerySpacesImpl - Adding QuerySpace : uid = <gen:13> -> org.hibernate.loader.plan.build.internal.spaces.EntityQuerySpaceImpl@3603e8d0]
14:11:16.298 [Test worker] DEBUG o.h.p.w.spi.MetamodelGraphWalker - Visiting attribute path : parent_ns.descriptor_reference.auto_scale_policy
14:11:16.298 [Test worker] DEBUG o.h.p.w.spi.MetamodelGraphWalker - Visiting attribute path : parent_ns.descriptor_reference.connection_point
14:11:16.298 [Test worker] DEBUG o.h.p.w.spi.MetamodelGraphWalker - Visiting attribute path : parent_ns.descriptor_reference.hb_version
14:11:16.298 [Test worker] DEBUG o.h.p.w.spi.MetamodelGraphWalker - Visiting attribute path : parent_ns.descriptor_reference.lifecycle_event
14:11:16.298 [Test worker] DEBUG o.h.p.w.spi.MetamodelGraphWalker - Visiting attribute path : parent_ns.descriptor_reference.monitoring_parameter
14:11:16.298 [Test worker] DEBUG o.h.l.p.b.i.spaces.QuerySpacesImpl - Adding QuerySpace : uid = <gen:14> -> org.hibernate.loader.plan.build.internal.spaces.CollectionQuerySpaceImpl@61683052]
14:11:16.299 [Test worker] DEBUG o.h.p.w.spi.MetamodelGraphWalker - Visiting attribute path : parent_ns.descriptor_reference.service_deployment_flavour
14:11:16.299 [Test worker] DEBUG o.h.p.w.spi.MetamodelGraphWalker - Visiting attribute path : parent_ns.descriptor_reference.vendor
14:11:16.299 [Test worker] DEBUG o.h.p.w.spi.MetamodelGraphWalker - Visiting attribute path : parent_ns.descriptor_reference.version
14:11:16.299 [Test worker] DEBUG o.h.p.w.spi.MetamodelGraphWalker - Visiting attribute path : parent_ns.descriptor_reference.vld
14:11:16.299 [Test worker] DEBUG o.h.p.w.spi.MetamodelGraphWalker - Visiting attribute path : parent_ns.descriptor_reference.vnffgd
14:11:16.299 [Test worker] DEBUG o.h.p.w.spi.MetamodelGraphWalker - Visiting attribute path : parent_ns.descriptor_reference.deployment_flavour
14:11:16.299 [Test worker] DEBUG o.h.l.p.b.i.spaces.QuerySpacesImpl - Adding QuerySpace : uid = <gen:15> -> org.hibernate.loader.plan.build.internal.spaces.CollectionQuerySpaceImpl@7f3c8973]
14:11:16.299 [Test worker] DEBUG o.h.l.p.b.i.spaces.QuerySpacesImpl - Adding QuerySpace : uid = <gen:16> -> org.hibernate.loader.plan.build.internal.spaces.EntityQuerySpaceImpl@5f641e47]
14:11:16.299 [Test worker] DEBUG o.h.p.w.spi.MetamodelGraphWalker - Visiting attribute path : parent_ns.descriptor_reference.descriptor_version
14:11:16.299 [Test worker] DEBUG o.h.p.w.spi.MetamodelGraphWalker - Visiting attribute path : parent_ns.descriptor_reference.manifest_file
14:11:16.299 [Test worker] DEBUG o.h.p.w.spi.MetamodelGraphWalker - Visiting attribute path : parent_ns.descriptor_reference.manifest_file_security
14:11:16.299 [Test worker] DEBUG o.h.p.w.spi.MetamodelGraphWalker - Visiting attribute path : parent_ns.descriptor_reference.vdu
14:11:16.299 [Test worker] DEBUG o.h.p.w.spi.MetamodelGraphWalker - Visiting attribute path : parent_ns.descriptor_reference.vdu_dependency
14:11:16.299 [Test worker] DEBUG o.h.p.w.spi.MetamodelGraphWalker - Visiting attribute path : parent_ns.descriptor_reference.virtual_link
14:11:16.299 [Test worker] DEBUG o.h.p.w.spi.MetamodelGraphWalker - Visiting attribute path : parent_ns.descriptor_reference.nsd_security
14:11:16.299 [Test worker] DEBUG o.h.l.p.b.i.spaces.QuerySpacesImpl - Adding QuerySpace : uid = <gen:17> -> org.hibernate.loader.plan.build.internal.spaces.EntityQuerySpaceImpl@25fff83e]
14:11:16.299 [Test worker] DEBUG o.h.p.w.spi.MetamodelGraphWalker - Visiting attribute path : parent_ns.descriptor_reference.pnfd
14:11:16.299 [Test worker] DEBUG o.h.p.w.spi.MetamodelGraphWalker - Visiting attribute path : parent_ns.descriptor_reference.vnf_dependency
14:11:16.299 [Test worker] DEBUG o.h.l.p.b.i.spaces.QuerySpacesImpl - Adding QuerySpace : uid = <gen:18> -> org.hibernate.loader.plan.build.internal.spaces.CollectionQuerySpaceImpl@4802c1ef]
14:11:16.299 [Test worker] DEBUG o.h.l.p.b.i.spaces.QuerySpacesImpl - Adding QuerySpace : uid = <gen:19> -> org.hibernate.loader.plan.build.internal.spaces.EntityQuerySpaceImpl@2d0a56d8]
14:11:16.299 [Test worker] DEBUG o.h.p.w.spi.MetamodelGraphWalker - Visiting attribute path : parent_ns.descriptor_reference.vnfd
14:11:16.299 [Test worker] DEBUG o.h.l.p.b.i.spaces.QuerySpacesImpl - Adding QuerySpace : uid = <gen:20> -> org.hibernate.loader.plan.build.internal.spaces.CollectionQuerySpaceImpl@1cb9602]
14:11:16.299 [Test worker] DEBUG o.h.l.p.b.i.spaces.QuerySpacesImpl - Adding QuerySpace : uid = <gen:21> -> org.hibernate.loader.plan.build.internal.spaces.EntityQuerySpaceImpl@5ce55e39]
14:11:16.299 [Test worker] DEBUG o.h.p.w.spi.MetamodelGraphWalker - Visiting attribute path : parent_ns.lifecycle_event
14:11:16.299 [Test worker] DEBUG o.h.l.p.b.i.spaces.QuerySpacesImpl - Adding QuerySpace : uid = <gen:22> -> org.hibernate.loader.plan.build.internal.spaces.EntityQuerySpaceImpl@568d1fd4]
14:11:16.299 [Test worker] DEBUG o.h.p.w.spi.MetamodelGraphWalker - Visiting attribute path : parent_ns.lifecycle_event.lifecycle_events
14:11:16.300 [Test worker] DEBUG o.h.p.w.spi.MetamodelGraphWalker - Visiting attribute path : parent_ns.lifecycle_event.version
14:11:16.300 [Test worker] DEBUG o.h.p.w.spi.MetamodelGraphWalker - Visiting attribute path : parent_ns.lifecycle_event_history
14:11:16.300 [Test worker] DEBUG o.h.l.p.b.i.spaces.QuerySpacesImpl - Adding QuerySpace : uid = <gen:23> -> org.hibernate.loader.plan.build.internal.spaces.CollectionQuerySpaceImpl@5aab7e5a]
14:11:16.300 [Test worker] DEBUG o.h.l.p.b.i.spaces.QuerySpacesImpl - Adding QuerySpace : uid = <gen:24> -> org.hibernate.loader.plan.build.internal.spaces.EntityQuerySpaceImpl@30f47537]
14:11:16.300 [Test worker] DEBUG o.h.p.w.spi.MetamodelGraphWalker - Visiting attribute path : parent_ns.monitoring_parameter
14:11:16.300 [Test worker] DEBUG o.h.p.w.spi.MetamodelGraphWalker - Visiting attribute path : parent_ns.notification
14:11:16.300 [Test worker] DEBUG o.h.p.w.spi.MetamodelGraphWalker - Visiting attribute path : parent_ns.pnfr
14:11:16.300 [Test worker] DEBUG o.h.p.w.spi.MetamodelGraphWalker - Property path deemed to be circular : parent_ns.pnfr
14:11:16.300 [Test worker] DEBUG o.h.p.w.spi.MetamodelGraphWalker - Visiting attribute path : parent_ns.resource_reservation
14:11:16.300 [Test worker] DEBUG o.h.p.w.spi.MetamodelGraphWalker - Visiting attribute path : parent_ns.runtime_policy_info
14:11:16.300 [Test worker] DEBUG o.h.p.w.spi.MetamodelGraphWalker - Visiting attribute path : parent_ns.service_deployment_flavour
14:11:16.300 [Test worker] DEBUG o.h.l.p.b.i.spaces.QuerySpacesImpl - Adding QuerySpace : uid = <gen:25> -> org.hibernate.loader.plan.build.internal.spaces.EntityQuerySpaceImpl@13b86fd]
14:11:16.300 [Test worker] DEBUG o.h.p.w.spi.MetamodelGraphWalker - Visiting attribute path : parent_ns.service_deployment_flavour.flavour_key
14:11:16.300 [Test worker] DEBUG o.h.p.w.spi.MetamodelGraphWalker - Visiting attribute path : parent_ns.service_deployment_flavour.version
14:11:16.300 [Test worker] DEBUG o.h.p.w.spi.MetamodelGraphWalker - Visiting attribute path : parent_ns.service_deployment_flavour.constituent_vnf
14:11:16.300 [Test worker] DEBUG o.h.p.w.spi.MetamodelGraphWalker - Visiting attribute path : parent_ns.status
14:11:16.300 [Test worker] DEBUG o.h.p.w.spi.MetamodelGraphWalker - Visiting attribute path : parent_ns.vendor
14:11:16.300 [Test worker] DEBUG o.h.p.w.spi.MetamodelGraphWalker - Visiting attribute path : parent_ns.version
14:11:16.300 [Test worker] DEBUG o.h.p.w.spi.MetamodelGraphWalker - Visiting attribute path : parent_ns.vlr
14:11:16.300 [Test worker] DEBUG o.h.l.p.b.i.spaces.QuerySpacesImpl - Adding QuerySpace : uid = <gen:26> -> org.hibernate.loader.plan.build.internal.spaces.CollectionQuerySpaceImpl@4d46e723]
14:11:16.300 [Test worker] DEBUG o.h.l.p.b.i.spaces.QuerySpacesImpl - Adding QuerySpace : uid = <gen:27> -> org.hibernate.loader.plan.build.internal.spaces.EntityQuerySpaceImpl@69f0d277]
14:11:16.300 [Test worker] DEBUG o.h.p.w.spi.MetamodelGraphWalker - Visiting attribute path : parent_ns.vnf_dependency
14:11:16.300 [Test worker] DEBUG o.h.l.p.b.i.spaces.QuerySpacesImpl - Adding QuerySpace : uid = <gen:28> -> org.hibernate.loader.plan.build.internal.spaces.CollectionQuerySpaceImpl@4189b8f7]
14:11:16.300 [Test worker] DEBUG o.h.l.p.b.i.spaces.QuerySpacesImpl - Adding QuerySpace : uid = <gen:29> -> org.hibernate.loader.plan.build.internal.spaces.EntityQuerySpaceImpl@38ce81be]
14:11:16.300 [Test worker] DEBUG o.h.p.w.spi.MetamodelGraphWalker - Visiting attribute path : parent_ns.vnffgr
14:11:16.300 [Test worker] DEBUG o.h.l.p.b.i.spaces.QuerySpacesImpl - Adding QuerySpace : uid = <gen:30> -> org.hibernate.loader.plan.build.internal.spaces.CollectionQuerySpaceImpl@7da7fe14]
14:11:16.300 [Test worker] DEBUG o.h.l.p.b.i.spaces.QuerySpacesImpl - Adding QuerySpace : uid = <gen:31> -> org.hibernate.loader.plan.build.internal.spaces.EntityQuerySpaceImpl@201a137f]
14:11:16.300 [Test worker] DEBUG o.h.p.w.spi.MetamodelGraphWalker - Visiting attribute path : parent_ns.vnfr
14:11:16.301 [Test worker] DEBUG o.h.l.p.b.i.spaces.QuerySpacesImpl - Adding QuerySpace : uid = <gen:32> -> org.hibernate.loader.plan.build.internal.spaces.EntityQuerySpaceImpl@ff60750]
14:11:16.301 [Test worker] DEBUG o.h.p.w.spi.MetamodelGraphWalker - Visiting attribute path : parent_ns.vnfr.audit_log
14:11:16.301 [Test worker] DEBUG o.h.p.w.spi.MetamodelGraphWalker - Visiting attribute path : parent_ns.vnfr.auto_scale_policy
14:11:16.301 [Test worker] DEBUG o.h.l.p.b.i.spaces.QuerySpacesImpl - Adding QuerySpace : uid = <gen:33> -> org.hibernate.loader.plan.build.internal.spaces.CollectionQuerySpaceImpl@633e79e7]
14:11:16.301 [Test worker] DEBUG o.h.l.p.b.i.spaces.QuerySpacesImpl - Adding QuerySpace : uid = <gen:34> -> org.hibernate.loader.plan.build.internal.spaces.EntityQuerySpaceImpl@1ab55f98]
14:11:16.301 [Test worker] DEBUG o.h.p.w.spi.MetamodelGraphWalker - Visiting attribute path : parent_ns.vnfr.connected_external_virtual_link
14:11:16.301 [Test worker] DEBUG o.h.l.p.b.i.spaces.QuerySpacesImpl - Adding QuerySpace : uid = <gen:35> -> org.hibernate.loader.plan.build.internal.spaces.CollectionQuerySpaceImpl@799701da]
14:11:16.301 [Test worker] DEBUG o.h.l.p.b.i.spaces.QuerySpacesImpl - Adding QuerySpace : uid = <gen:36> -> org.hibernate.loader.plan.build.internal.spaces.EntityQuerySpaceImpl@28facd93]
14:11:16.301 [Test worker] DEBUG o.h.p.w.spi.MetamodelGraphWalker - Visiting attribute path : parent_ns.vnfr.connection_point
14:11:16.301 [Test worker] DEBUG o.h.l.p.b.i.spaces.QuerySpacesImpl - Adding QuerySpace : uid = <gen:37> -> org.hibernate.loader.plan.build.internal.spaces.CollectionQuerySpaceImpl@69ce82e9]
14:11:16.301 [Test worker] DEBUG o.h.l.p.b.i.spaces.QuerySpacesImpl - Adding QuerySpace : uid = <gen:38> -> org.hibernate.loader.plan.build.internal.spaces.EntityQuerySpaceImpl@74f4c543]
14:11:16.301 [Test worker] DEBUG o.h.p.w.spi.MetamodelGraphWalker - Visiting attribute path : parent_ns.vnfr.dependency
14:11:16.301 [Test worker] DEBUG o.h.l.p.b.i.spaces.QuerySpacesImpl - Adding QuerySpace : uid = <gen:39> -> org.hibernate.loader.plan.build.internal.spaces.CollectionQuerySpaceImpl@71c2edb1]
14:11:16.301 [Test worker] DEBUG o.h.l.p.b.i.spaces.QuerySpacesImpl - Adding QuerySpace : uid = <gen:40> -> org.hibernate.loader.plan.build.internal.spaces.EntityQuerySpaceImpl@348339d0]
14:11:16.301 [Test worker] DEBUG o.h.p.w.spi.MetamodelGraphWalker - Visiting attribute path : parent_ns.vnfr.deployment_flavour
14:11:16.301 [Test worker] DEBUG o.h.l.p.b.i.spaces.QuerySpacesImpl - Adding QuerySpace : uid = <gen:41> -> org.hibernate.loader.plan.build.internal.spaces.EntityQuerySpaceImpl@1348a19f]
14:11:16.301 [Test worker] DEBUG o.h.p.w.spi.MetamodelGraphWalker - Visiting attribute path : parent_ns.vnfr.descriptor_reference
14:11:16.301 [Test worker] DEBUG o.h.p.w.spi.MetamodelGraphWalker - Visiting attribute path : parent_ns.vnfr.lifecycle_event
14:11:16.301 [Test worker] DEBUG o.h.l.p.b.i.spaces.QuerySpacesImpl - Adding QuerySpace : uid = <gen:42> -> org.hibernate.loader.plan.build.internal.spaces.EntityQuerySpaceImpl@56ad79d]
14:11:16.301 [Test worker] DEBUG o.h.p.w.spi.MetamodelGraphWalker - Visiting attribute path : parent_ns.vnfr.lifecycle_event_history
14:11:16.301 [Test worker] DEBUG o.h.l.p.b.i.spaces.QuerySpacesImpl - Adding QuerySpace : uid = <gen:43> -> org.hibernate.loader.plan.build.internal.spaces.CollectionQuerySpaceImpl@29718732]
14:11:16.301 [Test worker] DEBUG o.h.l.p.b.i.spaces.QuerySpacesImpl - Adding QuerySpace : uid = <gen:44> -> org.hibernate.loader.plan.build.internal.spaces.EntityQuerySpaceImpl@5c62f8df]
14:11:16.301 [Test worker] DEBUG o.h.p.w.spi.MetamodelGraphWalker - Visiting attribute path : parent_ns.vnfr.localization
14:11:16.301 [Test worker] DEBUG o.h.p.w.spi.MetamodelGraphWalker - Visiting attribute path : parent_ns.vnfr.monitoring_parameter
14:11:16.301 [Test worker] DEBUG o.h.p.w.spi.MetamodelGraphWalker - Visiting attribute path : parent_ns.vnfr.notification
14:11:16.302 [Test worker] DEBUG o.h.p.w.spi.MetamodelGraphWalker - Visiting attribute path : parent_ns.vnfr.parent_ns
14:11:16.302 [Test worker] DEBUG o.h.l.p.b.i.spaces.QuerySpacesImpl - Adding QuerySpace : uid = <gen:45> -> org.hibernate.loader.plan.build.internal.spaces.EntityQuerySpaceImpl@65c127db]
14:11:16.302 [Test worker] DEBUG o.h.p.w.spi.MetamodelGraphWalker - Visiting attribute path : parent_ns.vnfr.runtime_policy_info
14:11:16.302 [Test worker] DEBUG o.h.p.w.spi.MetamodelGraphWalker - Visiting attribute path : parent_ns.vnfr.status
14:11:16.302 [Test worker] DEBUG o.h.p.w.spi.MetamodelGraphWalker - Visiting attribute path : parent_ns.vnfr.vdu
14:11:16.302 [Test worker] DEBUG o.h.l.p.b.i.spaces.QuerySpacesImpl - Adding QuerySpace : uid = <gen:46> -> org.hibernate.loader.plan.build.internal.spaces.CollectionQuerySpaceImpl@6c1fcf0d]
14:11:16.302 [Test worker] DEBUG o.h.l.p.b.i.spaces.QuerySpacesImpl - Adding QuerySpace : uid = <gen:47> -> org.hibernate.loader.plan.build.internal.spaces.EntityQuerySpaceImpl@1c5295f0]
14:11:16.302 [Test worker] DEBUG o.h.p.w.spi.MetamodelGraphWalker - Visiting attribute path : parent_ns.vnfr.vendor
14:11:16.302 [Test worker] DEBUG o.h.p.w.spi.MetamodelGraphWalker - Visiting attribute path : parent_ns.vnfr.version
14:11:16.302 [Test worker] DEBUG o.h.p.w.spi.MetamodelGraphWalker - Visiting attribute path : parent_ns.vnfr.virtual_link
14:11:16.302 [Test worker] DEBUG o.h.l.p.b.i.spaces.QuerySpacesImpl - Adding QuerySpace : uid = <gen:48> -> org.hibernate.loader.plan.build.internal.spaces.CollectionQuerySpaceImpl@71f1ce16]
14:11:16.302 [Test worker] DEBUG o.h.l.p.b.i.spaces.QuerySpacesImpl - Adding QuerySpace : uid = <gen:49> -> org.hibernate.loader.plan.build.internal.spaces.EntityQuerySpaceImpl@3a1140cb]
14:11:16.302 [Test worker] DEBUG o.h.p.w.spi.MetamodelGraphWalker - Visiting attribute path : parent_ns.vnfr.vnf_address
14:11:16.302 [Test worker] DEBUG o.h.p.w.spi.MetamodelGraphWalker - Visiting attribute path : parent_ns.vnfr.vnfm_id
14:11:16.302 [Test worker] DEBUG o.h.p.w.spi.MetamodelGraphWalker - Visiting attribute path : pnf_address
14:11:16.302 [Test worker] DEBUG o.h.p.w.spi.MetamodelGraphWalker - Visiting attribute path : vendor
14:11:16.302 [Test worker] DEBUG o.h.p.w.spi.MetamodelGraphWalker - Visiting attribute path : version
14:11:16.302 [Test worker] DEBUG o.h.p.w.spi.MetamodelGraphWalker - Visiting attribute path : vnffgr
14:11:16.302 [Test worker] DEBUG o.h.l.p.b.i.spaces.QuerySpacesImpl - Adding QuerySpace : uid = <gen:50> -> org.hibernate.loader.plan.build.internal.spaces.CollectionQuerySpaceImpl@42b4ed35]
14:11:16.302 [Test worker] DEBUG o.h.l.p.b.i.spaces.QuerySpacesImpl - Adding QuerySpace : uid = <gen:51> -> org.hibernate.loader.plan.build.internal.spaces.EntityQuerySpaceImpl@744154c9]
14:11:16.302 [Test worker] DEBUG o.h.l.p.b.i.FetchStyleLoadPlanBuildingAssociationVisitationStrategy - Building LoadPlan...
14:11:16.302 [Test worker] DEBUG o.h.l.p.e.i.LoadQueryJoinAndFetchProcessor - processing queryspace <gen:0>
14:11:16.304 [Test worker] DEBUG o.h.l.p.b.spi.LoadPlanTreePrinter - LoadPlan(collection=org.project.neutrino.nfvo.catalogue.mano.record.NetworkServiceRecord.pnfr)
    - Returns
       - CollectionReturnImpl(collection=org.project.neutrino.nfvo.catalogue.mano.record.NetworkServiceRecord.pnfr, querySpaceUid=<gen:0>, path=[org.project.neutrino.nfvo.catalogue.mano.record.NetworkServiceRecord.pnfr])
          - (collection element) CollectionFetchableElementEntityGraph(entity=org.project.neutrino.nfvo.catalogue.mano.record.PhysicalNetworkFunctionRecord, querySpaceUid=<gen:1>, path=[org.project.neutrino.nfvo.catalogue.mano.record.NetworkServiceRecord.pnfr].<elements>)
             - CollectionAttributeFetchImpl(collection=org.project.neutrino.nfvo.catalogue.mano.record.PhysicalNetworkFunctionRecord.connected_virtual_link, querySpaceUid=<gen:2>, path=[org.project.neutrino.nfvo.catalogue.mano.record.NetworkServiceRecord.pnfr].<elements>.connected_virtual_link)
                - (collection element) CollectionFetchableElementEntityGraph(entity=org.project.neutrino.nfvo.catalogue.mano.record.VirtualLinkRecord, querySpaceUid=<gen:3>, path=[org.project.neutrino.nfvo.catalogue.mano.record.NetworkServiceRecord.pnfr].<elements>.connected_virtual_link.<elements>)
             - CollectionAttributeFetchImpl(collection=org.project.neutrino.nfvo.catalogue.mano.record.PhysicalNetworkFunctionRecord.connection_point, querySpaceUid=<gen:4>, path=[org.project.neutrino.nfvo.catalogue.mano.record.NetworkServiceRecord.pnfr].<elements>.connection_point)
                - (collection element) CollectionFetchableElementEntityGraph(entity=org.project.neutrino.nfvo.catalogue.mano.common.ConnectionPoint, querySpaceUid=<gen:5>, path=[org.project.neutrino.nfvo.catalogue.mano.record.NetworkServiceRecord.pnfr].<elements>.connection_point.<elements>)
             - EntityAttributeFetchImpl(entity=org.project.neutrino.nfvo.catalogue.mano.descriptor.PhysicalNetworkFunctionDescriptor, querySpaceUid=<gen:6>, path=[org.project.neutrino.nfvo.catalogue.mano.record.NetworkServiceRecord.pnfr].<elements>.descriptor_reference)
                - EntityAttributeFetchImpl(entity=org.project.neutrino.nfvo.catalogue.mano.common.Security, querySpaceUid=<gen:7>, path=[org.project.neutrino.nfvo.catalogue.mano.record.NetworkServiceRecord.pnfr].<elements>.descriptor_reference.pnfd_security)
             - EntityAttributeFetchImpl(entity=org.project.neutrino.nfvo.catalogue.mano.record.NetworkServiceRecord, querySpaceUid=<gen:8>, path=[org.project.neutrino.nfvo.catalogue.mano.record.NetworkServiceRecord.pnfr].<elements>.parent_ns)
                - CollectionAttributeFetchImpl(collection=org.project.neutrino.nfvo.catalogue.mano.record.NetworkServiceRecord.auto_scale_policy, querySpaceUid=<gen:9>, path=[org.project.neutrino.nfvo.catalogue.mano.record.NetworkServiceRecord.pnfr].<elements>.parent_ns.auto_scale_policy)
                   - (collection element) CollectionFetchableElementEntityGraph(entity=org.project.neutrino.nfvo.catalogue.mano.common.AutoScalePolicy, querySpaceUid=<gen:10>, path=[org.project.neutrino.nfvo.catalogue.mano.record.NetworkServiceRecord.pnfr].<elements>.parent_ns.auto_scale_policy.<elements>)
                - CollectionAttributeFetchImpl(collection=org.project.neutrino.nfvo.catalogue.mano.record.NetworkServiceRecord.connection_point, querySpaceUid=<gen:11>, path=[org.project.neutrino.nfvo.catalogue.mano.record.NetworkServiceRecord.pnfr].<elements>.parent_ns.connection_point)
                   - (collection element) CollectionFetchableElementEntityGraph(entity=org.project.neutrino.nfvo.catalogue.mano.common.ConnectionPoint, querySpaceUid=<gen:12>, path=[org.project.neutrino.nfvo.catalogue.mano.record.NetworkServiceRecord.pnfr].<elements>.parent_ns.connection_point.<elements>)
                - EntityAttributeFetchImpl(entity=org.project.neutrino.nfvo.catalogue.mano.common.NFVEntityDescriptor, querySpaceUid=<gen:13>, path=[org.project.neutrino.nfvo.catalogue.mano.record.NetworkServiceRecord.pnfr].<elements>.parent_ns.descriptor_reference)
                   - CollectionAttributeFetchImpl(collection=org.project.neutrino.nfvo.catalogue.mano.common.NFVEntityDescriptor.monitoring_parameter, querySpaceUid=<gen:14>, path=[org.project.neutrino.nfvo.catalogue.mano.record.NetworkServiceRecord.pnfr].<elements>.parent_ns.descriptor_reference.monitoring_parameter)
                   - CollectionAttributeFetchImpl(collection=org.project.neutrino.nfvo.catalogue.mano.descriptor.VirtualNetworkFunctionDescriptor.deployment_flavour, querySpaceUid=<gen:15>, path=[org.project.neutrino.nfvo.catalogue.mano.record.NetworkServiceRecord.pnfr].<elements>.parent_ns.descriptor_reference.deployment_flavour)
                      - (collection element) CollectionFetchableElementEntityGraph(entity=org.project.neutrino.nfvo.catalogue.mano.descriptor.VNFDDeploymentFlavour, querySpaceUid=<gen:16>, path=[org.project.neutrino.nfvo.catalogue.mano.record.NetworkServiceRecord.pnfr].<elements>.parent_ns.descriptor_reference.deployment_flavour.<elements>)
                   - EntityAttributeFetchImpl(entity=org.project.neutrino.nfvo.catalogue.mano.common.Security, querySpaceUid=<gen:17>, path=[org.project.neutrino.nfvo.catalogue.mano.record.NetworkServiceRecord.pnfr].<elements>.parent_ns.descriptor_reference.nsd_security)
                   - CollectionAttributeFetchImpl(collection=org.project.neutrino.nfvo.catalogue.mano.descriptor.NetworkServiceDescriptor.vnf_dependency, querySpaceUid=<gen:18>, path=[org.project.neutrino.nfvo.catalogue.mano.record.NetworkServiceRecord.pnfr].<elements>.parent_ns.descriptor_reference.vnf_dependency)
                      - (collection element) CollectionFetchableElementEntityGraph(entity=org.project.neutrino.nfvo.catalogue.mano.common.VNFDependency, querySpaceUid=<gen:19>, path=[org.project.neutrino.nfvo.catalogue.mano.record.NetworkServiceRecord.pnfr].<elements>.parent_ns.descriptor_reference.vnf_dependency.<elements>)
                   - CollectionAttributeFetchImpl(collection=org.project.neutrino.nfvo.catalogue.mano.descriptor.NetworkServiceDescriptor.vnfd, querySpaceUid=<gen:20>, path=[org.project.neutrino.nfvo.catalogue.mano.record.NetworkServiceRecord.pnfr].<elements>.parent_ns.descriptor_reference.vnfd)
                      - (collection element) CollectionFetchableElementEntityGraph(entity=org.project.neutrino.nfvo.catalogue.mano.descriptor.VirtualNetworkFunctionDescriptor, querySpaceUid=<gen:21>, path=[org.project.neutrino.nfvo.catalogue.mano.record.NetworkServiceRecord.pnfr].<elements>.parent_ns.descriptor_reference.vnfd.<elements>)
                - EntityAttributeFetchImpl(entity=org.project.neutrino.nfvo.catalogue.mano.common.LifecycleEvent, querySpaceUid=<gen:22>, path=[org.project.neutrino.nfvo.catalogue.mano.record.NetworkServiceRecord.pnfr].<elements>.parent_ns.lifecycle_event)
                - CollectionAttributeFetchImpl(collection=org.project.neutrino.nfvo.catalogue.mano.record.NetworkServiceRecord.lifecycle_event_history, querySpaceUid=<gen:23>, path=[org.project.neutrino.nfvo.catalogue.mano.record.NetworkServiceRecord.pnfr].<elements>.parent_ns.lifecycle_event_history)
                   - (collection element) CollectionFetchableElementEntityGraph(entity=org.project.neutrino.nfvo.catalogue.mano.common.LifecycleEvent, querySpaceUid=<gen:24>, path=[org.project.neutrino.nfvo.catalogue.mano.record.NetworkServiceRecord.pnfr].<elements>.parent_ns.lifecycle_event_history.<elements>)
                - EntityAttributeFetchImpl(entity=org.project.neutrino.nfvo.catalogue.mano.common.ServiceDeploymentFlavour, querySpaceUid=<gen:25>, path=[org.project.neutrino.nfvo.catalogue.mano.record.NetworkServiceRecord.pnfr].<elements>.parent_ns.service_deployment_flavour)
                - CollectionAttributeFetchImpl(collection=org.project.neutrino.nfvo.catalogue.mano.record.NetworkServiceRecord.vlr, querySpaceUid=<gen:26>, path=[org.project.neutrino.nfvo.catalogue.mano.record.NetworkServiceRecord.pnfr].<elements>.parent_ns.vlr)
                   - (collection element) CollectionFetchableElementEntityGraph(entity=org.project.neutrino.nfvo.catalogue.mano.record.VirtualLinkRecord, querySpaceUid=<gen:27>, path=[org.project.neutrino.nfvo.catalogue.mano.record.NetworkServiceRecord.pnfr].<elements>.parent_ns.vlr.<elements>)
                - CollectionAttributeFetchImpl(collection=org.project.neutrino.nfvo.catalogue.mano.record.NetworkServiceRecord.vnf_dependency, querySpaceUid=<gen:28>, path=[org.project.neutrino.nfvo.catalogue.mano.record.NetworkServiceRecord.pnfr].<elements>.parent_ns.vnf_dependency)
                   - (collection element) CollectionFetchableElementEntityGraph(entity=org.project.neutrino.nfvo.catalogue.mano.common.VNFDependency, querySpaceUid=<gen:29>, path=[org.project.neutrino.nfvo.catalogue.mano.record.NetworkServiceRecord.pnfr].<elements>.parent_ns.vnf_dependency.<elements>)
                - CollectionAttributeFetchImpl(collection=org.project.neutrino.nfvo.catalogue.mano.record.NetworkServiceRecord.vnffgr, querySpaceUid=<gen:30>, path=[org.project.neutrino.nfvo.catalogue.mano.record.NetworkServiceRecord.pnfr].<elements>.parent_ns.vnffgr)
                   - (collection element) CollectionFetchableElementEntityGraph(entity=org.project.neutrino.nfvo.catalogue.mano.descriptor.VNFForwardingGraph, querySpaceUid=<gen:31>, path=[org.project.neutrino.nfvo.catalogue.mano.record.NetworkServiceRecord.pnfr].<elements>.parent_ns.vnffgr.<elements>)
                - EntityAttributeFetchImpl(entity=org.project.neutrino.nfvo.catalogue.mano.record.VirtualNetworkFunctionRecord, querySpaceUid=<gen:32>, path=[org.project.neutrino.nfvo.catalogue.mano.record.NetworkServiceRecord.pnfr].<elements>.parent_ns.vnfr)
                   - CollectionAttributeFetchImpl(collection=org.project.neutrino.nfvo.catalogue.mano.record.VirtualNetworkFunctionRecord.auto_scale_policy, querySpaceUid=<gen:33>, path=[org.project.neutrino.nfvo.catalogue.mano.record.NetworkServiceRecord.pnfr].<elements>.parent_ns.vnfr.auto_scale_policy)
                      - (collection element) CollectionFetchableElementEntityGraph(entity=org.project.neutrino.nfvo.catalogue.mano.common.AutoScalePolicy, querySpaceUid=<gen:34>, path=[org.project.neutrino.nfvo.catalogue.mano.record.NetworkServiceRecord.pnfr].<elements>.parent_ns.vnfr.auto_scale_policy.<elements>)
                   - CollectionAttributeFetchImpl(collection=org.project.neutrino.nfvo.catalogue.mano.record.VirtualNetworkFunctionRecord.connected_external_virtual_link, querySpaceUid=<gen:35>, path=[org.project.neutrino.nfvo.catalogue.mano.record.NetworkServiceRecord.pnfr].<elements>.parent_ns.vnfr.connected_external_virtual_link)
                      - (collection element) CollectionFetchableElementEntityGraph(entity=org.project.neutrino.nfvo.catalogue.mano.record.VirtualLinkRecord, querySpaceUid=<gen:36>, path=[org.project.neutrino.nfvo.catalogue.mano.record.NetworkServiceRecord.pnfr].<elements>.parent_ns.vnfr.connected_external_virtual_link.<elements>)
                   - CollectionAttributeFetchImpl(collection=org.project.neutrino.nfvo.catalogue.mano.record.VirtualNetworkFunctionRecord.connection_point, querySpaceUid=<gen:37>, path=[org.project.neutrino.nfvo.catalogue.mano.record.NetworkServiceRecord.pnfr].<elements>.parent_ns.vnfr.connection_point)
                      - (collection element) CollectionFetchableElementEntityGraph(entity=org.project.neutrino.nfvo.catalogue.mano.common.ConnectionPoint, querySpaceUid=<gen:38>, path=[org.project.neutrino.nfvo.catalogue.mano.record.NetworkServiceRecord.pnfr].<elements>.parent_ns.vnfr.connection_point.<elements>)
                   - CollectionAttributeFetchImpl(collection=org.project.neutrino.nfvo.catalogue.mano.record.VirtualNetworkFunctionRecord.dependency, querySpaceUid=<gen:39>, path=[org.project.neutrino.nfvo.catalogue.mano.record.NetworkServiceRecord.pnfr].<elements>.parent_ns.vnfr.dependency)
                      - (collection element) CollectionFetchableElementEntityGraph(entity=org.project.neutrino.nfvo.catalogue.mano.common.VNFDependency, querySpaceUid=<gen:40>, path=[org.project.neutrino.nfvo.catalogue.mano.record.NetworkServiceRecord.pnfr].<elements>.parent_ns.vnfr.dependency.<elements>)
                   - EntityAttributeFetchImpl(entity=org.project.neutrino.nfvo.catalogue.mano.descriptor.VNFDDeploymentFlavour, querySpaceUid=<gen:41>, path=[org.project.neutrino.nfvo.catalogue.mano.record.NetworkServiceRecord.pnfr].<elements>.parent_ns.vnfr.deployment_flavour)
                   - EntityAttributeFetchImpl(entity=org.project.neutrino.nfvo.catalogue.mano.common.LifecycleEvent, querySpaceUid=<gen:42>, path=[org.project.neutrino.nfvo.catalogue.mano.record.NetworkServiceRecord.pnfr].<elements>.parent_ns.vnfr.lifecycle_event)
                   - CollectionAttributeFetchImpl(collection=org.project.neutrino.nfvo.catalogue.mano.record.VirtualNetworkFunctionRecord.lifecycle_event_history, querySpaceUid=<gen:43>, path=[org.project.neutrino.nfvo.catalogue.mano.record.NetworkServiceRecord.pnfr].<elements>.parent_ns.vnfr.lifecycle_event_history)
                      - (collection element) CollectionFetchableElementEntityGraph(entity=org.project.neutrino.nfvo.catalogue.mano.common.LifecycleEvent, querySpaceUid=<gen:44>, path=[org.project.neutrino.nfvo.catalogue.mano.record.NetworkServiceRecord.pnfr].<elements>.parent_ns.vnfr.lifecycle_event_history.<elements>)
                   - EntityAttributeFetchImpl(entity=org.project.neutrino.nfvo.catalogue.mano.record.NetworkServiceRecord, querySpaceUid=<gen:45>, path=[org.project.neutrino.nfvo.catalogue.mano.record.NetworkServiceRecord.pnfr].<elements>.parent_ns.vnfr.parent_ns)
                   - CollectionAttributeFetchImpl(collection=org.project.neutrino.nfvo.catalogue.mano.record.VirtualNetworkFunctionRecord.vdu, querySpaceUid=<gen:46>, path=[org.project.neutrino.nfvo.catalogue.mano.record.NetworkServiceRecord.pnfr].<elements>.parent_ns.vnfr.vdu)
                      - (collection element) CollectionFetchableElementEntityGraph(entity=org.project.neutrino.nfvo.catalogue.mano.descriptor.VirtualDeploymentUnit, querySpaceUid=<gen:47>, path=[org.project.neutrino.nfvo.catalogue.mano.record.NetworkServiceRecord.pnfr].<elements>.parent_ns.vnfr.vdu.<elements>)
                   - CollectionAttributeFetchImpl(collection=org.project.neutrino.nfvo.catalogue.mano.record.VirtualNetworkFunctionRecord.virtual_link, querySpaceUid=<gen:48>, path=[org.project.neutrino.nfvo.catalogue.mano.record.NetworkServiceRecord.pnfr].<elements>.parent_ns.vnfr.virtual_link)
                      - (collection element) CollectionFetchableElementEntityGraph(entity=org.project.neutrino.nfvo.catalogue.mano.descriptor.InternalVirtualLink, querySpaceUid=<gen:49>, path=[org.project.neutrino.nfvo.catalogue.mano.record.NetworkServiceRecord.pnfr].<elements>.parent_ns.vnfr.virtual_link.<elements>)
             - CollectionAttributeFetchImpl(collection=org.project.neutrino.nfvo.catalogue.mano.record.PhysicalNetworkFunctionRecord.vnffgr, querySpaceUid=<gen:50>, path=[org.project.neutrino.nfvo.catalogue.mano.record.NetworkServiceRecord.pnfr].<elements>.vnffgr)
                - (collection element) CollectionFetchableElementEntityGraph(entity=org.project.neutrino.nfvo.catalogue.mano.record.VNFForwardingGraphRecord, querySpaceUid=<gen:51>, path=[org.project.neutrino.nfvo.catalogue.mano.record.NetworkServiceRecord.pnfr].<elements>.vnffgr.<elements>)
    - QuerySpaces
       - CollectionQuerySpaceImpl(uid=<gen:0>, collection=org.project.neutrino.nfvo.catalogue.mano.record.NetworkServiceRecord.pnfr)
          - SQL table alias mapping - pnfr0_
          - alias suffix - 0_
          - suffixed key columns - {network_1_18_0_}
          - entity-element alias suffix - 1_
          - 1_entity-element suffixed key columns - id1_37_1_
          - JOIN (JoinDefinedByMetadata(elements)) : <gen:0> -> <gen:1>
             - EntityQuerySpaceImpl(uid=<gen:1>, entity=org.project.neutrino.nfvo.catalogue.mano.record.PhysicalNetworkFunctionRecord)
                - SQL table alias mapping - physicalne1_
                - alias suffix - 1_
                - suffixed key columns - {id1_37_1_}
                - JOIN (JoinDefinedByMetadata(descriptor_reference)) : <gen:1> -> <gen:6>
                   - EntityQuerySpaceImpl(uid=<gen:6>, entity=org.project.neutrino.nfvo.catalogue.mano.descriptor.PhysicalNetworkFunctionDescriptor)
                      - SQL table alias mapping - physicalne2_
                      - alias suffix - 2_
                      - suffixed key columns - {id1_35_2_}
                      - JOIN (JoinDefinedByMetadata(pnfd_security)) : <gen:6> -> <gen:7>
                         - EntityQuerySpaceImpl(uid=<gen:7>, entity=org.project.neutrino.nfvo.catalogue.mano.common.Security)
                            - SQL table alias mapping - security3_
                            - alias suffix - 3_
                            - suffixed key columns - {id1_43_3_}
                - JOIN (JoinDefinedByMetadata(parent_ns)) : <gen:1> -> <gen:8>
                   - EntityQuerySpaceImpl(uid=<gen:8>, entity=org.project.neutrino.nfvo.catalogue.mano.record.NetworkServiceRecord)
                      - SQL table alias mapping - networkser4_
                      - alias suffix - 4_
                      - suffixed key columns - {id1_18_4_}
                      - JOIN (JoinDefinedByMetadata(descriptor_reference)) : <gen:8> -> <gen:13>
                         - EntityQuerySpaceImpl(uid=<gen:13>, entity=org.project.neutrino.nfvo.catalogue.mano.common.NFVEntityDescriptor)
                            - SQL table alias mapping - nfventityd5_
                            - alias suffix - 5_
                            - suffixed key columns - {id1_27_5_}
                      - JOIN (JoinDefinedByMetadata(lifecycle_event)) : <gen:8> -> <gen:22>
                         - EntityQuerySpaceImpl(uid=<gen:22>, entity=org.project.neutrino.nfvo.catalogue.mano.common.LifecycleEvent)
                            - SQL table alias mapping - lifecyclee6_
                            - alias suffix - 6_
                            - suffixed key columns - {id1_10_6_}
                      - JOIN (JoinDefinedByMetadata(service_deployment_flavour)) : <gen:8> -> <gen:25>
                         - EntityQuerySpaceImpl(uid=<gen:25>, entity=org.project.neutrino.nfvo.catalogue.mano.common.ServiceDeploymentFlavour)
                            - SQL table alias mapping - servicedep7_
                            - alias suffix - 7_
                            - suffixed key columns - {id1_7_7_}
                      - JOIN (JoinDefinedByMetadata(vnfr)) : <gen:8> -> <gen:32>
                         - EntityQuerySpaceImpl(uid=<gen:32>, entity=org.project.neutrino.nfvo.catalogue.mano.record.VirtualNetworkFunctionRecord)
                            - SQL table alias mapping - virtualnet8_
                            - alias suffix - 8_
                            - suffixed key columns - {id1_68_8_}

14:11:16.304 [Test worker] DEBUG o.h.l.c.plan.CollectionLoader - Static select for collection org.project.neutrino.nfvo.catalogue.mano.record.NetworkServiceRecord.pnfr: select pnfr0_.network_service_record_id as network_1_18_0_, pnfr0_.pnfr_id as pnfr_id2_23_0_, physicalne1_.id as id1_37_1_, physicalne1_.description as descript2_37_1_, physicalne1_.descriptor_reference_id as descript6_37_1_, physicalne1_.oam_reference as oam_refe3_37_1_, physicalne1_.parent_ns_id as parent_n7_37_1_, physicalne1_.vendor as vendor4_37_1_, physicalne1_.version as version5_37_1_, physicalne2_.id as id1_35_2_, physicalne2_.description as descript2_35_2_, physicalne2_.descriptor_version as descript3_35_2_, physicalne2_.hb_version as hb_versi4_35_2_, physicalne2_.pnfd_security_id as pnfd_sec7_35_2_, physicalne2_.vendor as vendor5_35_2_, physicalne2_.version as version6_35_2_, security3_.id as id1_43_3_, security3_.version as version2_43_3_, networkser4_.id as id1_18_4_, networkser4_.audit_log as audit_lo2_18_4_, networkser4_.descriptor_reference_Id as descript9_18_4_, networkser4_.lifecycle_event_id as lifecyc10_18_4_, networkser4_.notification as notifica3_18_4_, networkser4_.resource_reservation as resource4_18_4_, networkser4_.runtime_policy_info as runtime_5_18_4_, networkser4_.service_deployment_flavour_id as service11_18_4_, networkser4_.status as status6_18_4_, networkser4_.vendor as vendor7_18_4_, networkser4_.version as version8_18_4_, networkser4_.vnfr_id as vnfr_id12_18_4_, nfventityd5_.id as id1_27_5_, nfventityd5_.hb_version as hb_versi2_27_5_, nfventityd5_.vendor as vendor3_27_5_, nfventityd5_.version as version4_27_5_, nfventityd5_.descriptor_version as descript1_62_5_, nfventityd5_.manifest_file as manifest2_62_5_, nfventityd5_.nsd_security_id as nsd_secu1_14_5_, nfventityd5_.clazz_ as clazz_5_, lifecyclee6_.id as id1_10_6_, lifecyclee6_.version as version2_10_6_, servicedep7_.id as id1_7_7_, servicedep7_.flavour_key as flavour_2_7_7_, servicedep7_.version as version3_7_7_, virtualnet8_.id as id1_68_8_, virtualnet8_.audit_log as audit_lo2_68_8_, virtualnet8_.deployment_flavour_id as deployme9_68_8_, virtualnet8_.descriptor_reference as descript3_68_8_, virtualnet8_.lifecycle_event_id as lifecyc10_68_8_, virtualnet8_.localization as localiza4_68_8_, virtualnet8_.parent_ns_id as parent_11_68_8_, virtualnet8_.status as status5_68_8_, virtualnet8_.vendor as vendor6_68_8_, virtualnet8_.version as version7_68_8_, virtualnet8_.vnfm_id as vnfm_id8_68_8_ from network_service_record_pnfr pnfr0_ inner join physical_network_function_record physicalne1_ on pnfr0_.pnfr_id=physicalne1_.id left outer join physical_network_function_descriptor physicalne2_ on physicalne1_.descriptor_reference_id=physicalne2_.id left outer join security security3_ on physicalne2_.pnfd_security_id=security3_.id left outer join network_service_record networkser4_ on physicalne1_.parent_ns_id=networkser4_.id left outer join ( select id, hb_version, vendor, version, descriptor_version, manifest_file, null as nsd_security_id, 1 as clazz_ from virtual_network_function_descriptor union select id, hb_version, vendor, version, null as descriptor_version, null as manifest_file, nsd_security_id, 2 as clazz_ from network_service_descriptor ) nfventityd5_ on networkser4_.descriptor_reference_Id=nfventityd5_.id left outer join lifecycle_event lifecyclee6_ on networkser4_.lifecycle_event_id=lifecyclee6_.id left outer join service_deployment_flavour servicedep7_ on networkser4_.service_deployment_flavour_id=servicedep7_.id left outer join virtual_network_function_record virtualnet8_ on networkser4_.vnfr_id=virtualnet8_.id where pnfr0_.network_service_record_id=?
14:11:16.304 [Test worker] DEBUG o.h.l.p.b.i.spaces.QuerySpacesImpl - Adding QuerySpace : uid = <gen:0> -> org.hibernate.loader.plan.build.internal.spaces.CollectionQuerySpaceImpl@6d2593bf]
14:11:16.304 [Test worker] DEBUG o.h.l.p.b.i.spaces.QuerySpacesImpl - Adding QuerySpace : uid = <gen:1> -> org.hibernate.loader.plan.build.internal.spaces.EntityQuerySpaceImpl@3e071894]
14:11:16.304 [Test worker] DEBUG o.h.p.w.spi.MetamodelGraphWalker - Visiting attribute path : connection_point
14:11:16.304 [Test worker] DEBUG o.h.p.w.spi.MetamodelGraphWalker - Visiting attribute path : constituent_vnfs
14:11:16.304 [Test worker] DEBUG o.h.p.w.spi.MetamodelGraphWalker - Visiting attribute path : dependent_virtual_link
14:11:16.304 [Test worker] DEBUG o.h.p.w.spi.MetamodelGraphWalker - Visiting attribute path : descriptor_version
14:11:16.304 [Test worker] DEBUG o.h.p.w.spi.MetamodelGraphWalker - Visiting attribute path : hb_version
14:11:16.304 [Test worker] DEBUG o.h.p.w.spi.MetamodelGraphWalker - Visiting attribute path : network_forwarding_path
14:11:16.304 [Test worker] DEBUG o.h.p.w.spi.MetamodelGraphWalker - Visiting attribute path : number_of_endpoints
14:11:16.305 [Test worker] DEBUG o.h.p.w.spi.MetamodelGraphWalker - Visiting attribute path : number_of_virtual_links
14:11:16.305 [Test worker] DEBUG o.h.p.w.spi.MetamodelGraphWalker - Visiting attribute path : vendor
14:11:16.305 [Test worker] DEBUG o.h.p.w.spi.MetamodelGraphWalker - Visiting attribute path : version
14:11:16.305 [Test worker] DEBUG o.h.p.w.spi.MetamodelGraphWalker - Visiting attribute path : vnffgd_security
14:11:16.305 [Test worker] DEBUG o.h.l.p.b.i.spaces.QuerySpacesImpl - Adding QuerySpace : uid = <gen:2> -> org.hibernate.loader.plan.build.internal.spaces.EntityQuerySpaceImpl@193199cb]
14:11:16.305 [Test worker] DEBUG o.h.p.w.spi.MetamodelGraphWalker - Visiting attribute path : vnffgd_security.version
14:11:16.305 [Test worker] DEBUG o.h.l.p.b.i.FetchStyleLoadPlanBuildingAssociationVisitationStrategy - Building LoadPlan...
14:11:16.305 [Test worker] DEBUG o.h.l.p.e.i.LoadQueryJoinAndFetchProcessor - processing queryspace <gen:0>
14:11:16.305 [Test worker] DEBUG o.h.l.p.b.spi.LoadPlanTreePrinter - LoadPlan(collection=org.project.neutrino.nfvo.catalogue.mano.record.NetworkServiceRecord.vnffgr)
    - Returns
       - CollectionReturnImpl(collection=org.project.neutrino.nfvo.catalogue.mano.record.NetworkServiceRecord.vnffgr, querySpaceUid=<gen:0>, path=[org.project.neutrino.nfvo.catalogue.mano.record.NetworkServiceRecord.vnffgr])
          - (collection element) CollectionFetchableElementEntityGraph(entity=org.project.neutrino.nfvo.catalogue.mano.descriptor.VNFForwardingGraph, querySpaceUid=<gen:1>, path=[org.project.neutrino.nfvo.catalogue.mano.record.NetworkServiceRecord.vnffgr].<elements>)
             - EntityAttributeFetchImpl(entity=org.project.neutrino.nfvo.catalogue.mano.common.Security, querySpaceUid=<gen:2>, path=[org.project.neutrino.nfvo.catalogue.mano.record.NetworkServiceRecord.vnffgr].<elements>.vnffgd_security)
    - QuerySpaces
       - CollectionQuerySpaceImpl(uid=<gen:0>, collection=org.project.neutrino.nfvo.catalogue.mano.record.NetworkServiceRecord.vnffgr)
          - SQL table alias mapping - vnffgr0_
          - alias suffix - 0_
          - suffixed key columns - {network_1_18_0_}
          - entity-element alias suffix - 1_
          - 1_entity-element suffixed key columns - id1_87_1_
          - JOIN (JoinDefinedByMetadata(elements)) : <gen:0> -> <gen:1>
             - EntityQuerySpaceImpl(uid=<gen:1>, entity=org.project.neutrino.nfvo.catalogue.mano.descriptor.VNFForwardingGraph)
                - SQL table alias mapping - vnfforward1_
                - alias suffix - 1_
                - suffixed key columns - {id1_87_1_}
                - JOIN (JoinDefinedByMetadata(vnffgd_security)) : <gen:1> -> <gen:2>
                   - EntityQuerySpaceImpl(uid=<gen:2>, entity=org.project.neutrino.nfvo.catalogue.mano.common.Security)
                      - SQL table alias mapping - security2_
                      - alias suffix - 2_
                      - suffixed key columns - {id1_43_2_}

14:11:16.305 [Test worker] DEBUG o.h.l.c.plan.CollectionLoader - Static select for collection org.project.neutrino.nfvo.catalogue.mano.record.NetworkServiceRecord.vnffgr: select vnffgr0_.network_service_record_id as network_1_18_0_, vnffgr0_.vnffgr_id as vnffgr_i2_26_0_, vnfforward1_.id as id1_87_1_, vnfforward1_.descriptor_version as descript2_87_1_, vnfforward1_.hb_version as hb_versi3_87_1_, vnfforward1_.number_of_endpoints as number_o4_87_1_, vnfforward1_.number_of_virtual_links as number_o5_87_1_, vnfforward1_.vendor as vendor6_87_1_, vnfforward1_.version as version7_87_1_, vnfforward1_.vnffgd_security_id as vnffgd_s8_87_1_, security2_.id as id1_43_2_, security2_.version as version2_43_2_ from network_service_record_vnffgr vnffgr0_ inner join vnfforwarding_graph vnfforward1_ on vnffgr0_.vnffgr_id=vnfforward1_.id left outer join security security2_ on vnfforward1_.vnffgd_security_id=security2_.id where vnffgr0_.network_service_record_id=?
14:11:16.305 [Test worker] DEBUG o.h.l.p.b.i.spaces.QuerySpacesImpl - Adding QuerySpace : uid = <gen:0> -> org.hibernate.loader.plan.build.internal.spaces.CollectionQuerySpaceImpl@378c23db]
14:11:16.306 [Test worker] DEBUG o.h.l.p.b.i.FetchStyleLoadPlanBuildingAssociationVisitationStrategy - Building LoadPlan...
14:11:16.306 [Test worker] DEBUG o.h.l.p.e.i.LoadQueryJoinAndFetchProcessor - processing queryspace <gen:0>
14:11:16.306 [Test worker] DEBUG o.h.l.p.b.spi.LoadPlanTreePrinter - LoadPlan(collection=org.project.neutrino.nfvo.catalogue.mano.record.VirtualLinkRecord.qos)
    - Returns
       - CollectionReturnImpl(collection=org.project.neutrino.nfvo.catalogue.mano.record.VirtualLinkRecord.qos, querySpaceUid=<gen:0>, path=[org.project.neutrino.nfvo.catalogue.mano.record.VirtualLinkRecord.qos])
    - QuerySpaces
       - CollectionQuerySpaceImpl(uid=<gen:0>, collection=org.project.neutrino.nfvo.catalogue.mano.record.VirtualLinkRecord.qos)
          - SQL table alias mapping - qos0_
          - alias suffix - 0_
          - suffixed key columns - {virtual_1_54_0_}

14:11:16.306 [Test worker] DEBUG o.h.l.c.plan.CollectionLoader - Static select for collection org.project.neutrino.nfvo.catalogue.mano.record.VirtualLinkRecord.qos: select qos0_.virtual_link_record_id as virtual_1_54_0_, qos0_.qos as qos2_60_0_ from virtual_link_record_qos qos0_ where qos0_.virtual_link_record_id=?
14:11:16.306 [Test worker] DEBUG o.h.l.p.b.i.spaces.QuerySpacesImpl - Adding QuerySpace : uid = <gen:0> -> org.hibernate.loader.plan.build.internal.spaces.CollectionQuerySpaceImpl@3b6ddb86]
14:11:16.306 [Test worker] DEBUG o.h.l.p.b.i.spaces.QuerySpacesImpl - Adding QuerySpace : uid = <gen:1> -> org.hibernate.loader.plan.build.internal.spaces.EntityQuerySpaceImpl@296758e5]
14:11:16.306 [Test worker] DEBUG o.h.p.w.spi.MetamodelGraphWalker - Visiting attribute path : audit_log
14:11:16.306 [Test worker] DEBUG o.h.p.w.spi.MetamodelGraphWalker - Visiting attribute path : connection_point
14:11:16.306 [Test worker] DEBUG o.h.l.p.b.i.spaces.QuerySpacesImpl - Adding QuerySpace : uid = <gen:2> -> org.hibernate.loader.plan.build.internal.spaces.CollectionQuerySpaceImpl@13502273]
14:11:16.306 [Test worker] DEBUG o.h.l.p.b.i.spaces.QuerySpacesImpl - Adding QuerySpace : uid = <gen:3> -> org.hibernate.loader.plan.build.internal.spaces.EntityQuerySpaceImpl@7205b5ec]
14:11:16.306 [Test worker] DEBUG o.h.p.w.spi.MetamodelGraphWalker - Visiting attribute path : dependent_virtual_link
14:11:16.306 [Test worker] DEBUG o.h.l.p.b.i.spaces.QuerySpacesImpl - Adding QuerySpace : uid = <gen:4> -> org.hibernate.loader.plan.build.internal.spaces.CollectionQuerySpaceImpl@54ead36f]
14:11:16.306 [Test worker] DEBUG o.h.l.p.b.i.spaces.QuerySpacesImpl - Adding QuerySpace : uid = <gen:5> -> org.hibernate.loader.plan.build.internal.spaces.EntityQuerySpaceImpl@4df47f7]
14:11:16.306 [Test worker] DEBUG o.h.p.w.spi.MetamodelGraphWalker - Visiting attribute path : descriptor_reference
14:11:16.306 [Test worker] DEBUG o.h.l.p.b.i.spaces.QuerySpacesImpl - Adding QuerySpace : uid = <gen:6> -> org.hibernate.loader.plan.build.internal.spaces.EntityQuerySpaceImpl@5eedaba0]
14:11:16.307 [Test worker] DEBUG o.h.p.w.spi.MetamodelGraphWalker - Visiting attribute path : descriptor_reference.connection_point
14:11:16.307 [Test worker] DEBUG o.h.p.w.spi.MetamodelGraphWalker - Visiting attribute path : descriptor_reference.constituent_vnfs
14:11:16.307 [Test worker] DEBUG o.h.p.w.spi.MetamodelGraphWalker - Visiting attribute path : descriptor_reference.dependent_virtual_link
14:11:16.307 [Test worker] DEBUG o.h.p.w.spi.MetamodelGraphWalker - Visiting attribute path : descriptor_reference.descriptor_version
14:11:16.307 [Test worker] DEBUG o.h.p.w.spi.MetamodelGraphWalker - Visiting attribute path : descriptor_reference.hb_version
14:11:16.307 [Test worker] DEBUG o.h.p.w.spi.MetamodelGraphWalker - Visiting attribute path : descriptor_reference.network_forwarding_path
14:11:16.307 [Test worker] DEBUG o.h.p.w.spi.MetamodelGraphWalker - Visiting attribute path : descriptor_reference.number_of_endpoints
14:11:16.307 [Test worker] DEBUG o.h.p.w.spi.MetamodelGraphWalker - Visiting attribute path : descriptor_reference.number_of_virtual_links
14:11:16.307 [Test worker] DEBUG o.h.p.w.spi.MetamodelGraphWalker - Visiting attribute path : descriptor_reference.vendor
14:11:16.307 [Test worker] DEBUG o.h.p.w.spi.MetamodelGraphWalker - Visiting attribute path : descriptor_reference.version
14:11:16.307 [Test worker] DEBUG o.h.p.w.spi.MetamodelGraphWalker - Visiting attribute path : descriptor_reference.vnffgd_security
14:11:16.307 [Test worker] DEBUG o.h.l.p.b.i.spaces.QuerySpacesImpl - Adding QuerySpace : uid = <gen:7> -> org.hibernate.loader.plan.build.internal.spaces.EntityQuerySpaceImpl@3add6825]
14:11:16.307 [Test worker] DEBUG o.h.p.w.spi.MetamodelGraphWalker - Visiting attribute path : descriptor_reference.vnffgd_security.version
14:11:16.307 [Test worker] DEBUG o.h.p.w.spi.MetamodelGraphWalker - Visiting attribute path : lifecycle_event_history
14:11:16.307 [Test worker] DEBUG o.h.l.p.b.i.spaces.QuerySpacesImpl - Adding QuerySpace : uid = <gen:8> -> org.hibernate.loader.plan.build.internal.spaces.CollectionQuerySpaceImpl@7ab39f1e]
14:11:16.307 [Test worker] DEBUG o.h.l.p.b.i.spaces.QuerySpacesImpl - Adding QuerySpace : uid = <gen:9> -> org.hibernate.loader.plan.build.internal.spaces.EntityQuerySpaceImpl@2693a981]
14:11:16.307 [Test worker] DEBUG o.h.p.w.spi.MetamodelGraphWalker - Visiting attribute path : member_vnfs
14:11:16.307 [Test worker] DEBUG o.h.l.p.b.i.spaces.QuerySpacesImpl - Adding QuerySpace : uid = <gen:10> -> org.hibernate.loader.plan.build.internal.spaces.CollectionQuerySpaceImpl@285d67f0]
14:11:16.307 [Test worker] DEBUG o.h.l.p.b.i.spaces.QuerySpacesImpl - Adding QuerySpace : uid = <gen:11> -> org.hibernate.loader.plan.build.internal.spaces.EntityQuerySpaceImpl@c52d244]
14:11:16.307 [Test worker] DEBUG o.h.p.w.spi.MetamodelGraphWalker - Visiting attribute path : network_forwarding_path
14:11:16.307 [Test worker] DEBUG o.h.l.p.b.i.spaces.QuerySpacesImpl - Adding QuerySpace : uid = <gen:12> -> org.hibernate.loader.plan.build.internal.spaces.EntityQuerySpaceImpl@116a74ae]
14:11:16.307 [Test worker] DEBUG o.h.p.w.spi.MetamodelGraphWalker - Visiting attribute path : network_forwarding_path.connection
14:11:16.307 [Test worker] DEBUG o.h.l.p.b.i.spaces.QuerySpacesImpl - Adding QuerySpace : uid = <gen:13> -> org.hibernate.loader.plan.build.internal.spaces.CollectionQuerySpaceImpl@6f65b863]
14:11:16.307 [Test worker] DEBUG o.h.p.w.spi.MetamodelGraphWalker - Visiting attribute path : network_forwarding_path.policy
14:11:16.307 [Test worker] DEBUG o.h.l.p.b.i.spaces.QuerySpacesImpl - Adding QuerySpace : uid = <gen:14> -> org.hibernate.loader.plan.build.internal.spaces.EntityQuerySpaceImpl@7f2ca4b7]
14:11:16.307 [Test worker] DEBUG o.h.p.w.spi.MetamodelGraphWalker - Visiting attribute path : network_forwarding_path.policy.version
14:11:16.308 [Test worker] DEBUG o.h.p.w.spi.MetamodelGraphWalker - Visiting attribute path : network_forwarding_path.version
14:11:16.308 [Test worker] DEBUG o.h.p.w.spi.MetamodelGraphWalker - Visiting attribute path : notification
14:11:16.308 [Test worker] DEBUG o.h.p.w.spi.MetamodelGraphWalker - Visiting attribute path : number_of_endpoints
14:11:16.308 [Test worker] DEBUG o.h.p.w.spi.MetamodelGraphWalker - Visiting attribute path : number_of_pnfs
14:11:16.308 [Test worker] DEBUG o.h.p.w.spi.MetamodelGraphWalker - Visiting attribute path : number_of_virtual_links
14:11:16.308 [Test worker] DEBUG o.h.p.w.spi.MetamodelGraphWalker - Visiting attribute path : number_of_vnfs
14:11:16.308 [Test worker] DEBUG o.h.p.w.spi.MetamodelGraphWalker - Visiting attribute path : parent_ns
14:11:16.308 [Test worker] DEBUG o.h.l.p.b.i.spaces.QuerySpacesImpl - Adding QuerySpace : uid = <gen:15> -> org.hibernate.loader.plan.build.internal.spaces.EntityQuerySpaceImpl@80cf411]
14:11:16.308 [Test worker] DEBUG o.h.p.w.spi.MetamodelGraphWalker - Visiting attribute path : parent_ns.audit_log
14:11:16.308 [Test worker] DEBUG o.h.p.w.spi.MetamodelGraphWalker - Visiting attribute path : parent_ns.auto_scale_policy
14:11:16.308 [Test worker] DEBUG o.h.l.p.b.i.spaces.QuerySpacesImpl - Adding QuerySpace : uid = <gen:16> -> org.hibernate.loader.plan.build.internal.spaces.CollectionQuerySpaceImpl@1ac2b5e0]
14:11:16.308 [Test worker] DEBUG o.h.l.p.b.i.spaces.QuerySpacesImpl - Adding QuerySpace : uid = <gen:17> -> org.hibernate.loader.plan.build.internal.spaces.EntityQuerySpaceImpl@653292d9]
14:11:16.308 [Test worker] DEBUG o.h.p.w.spi.MetamodelGraphWalker - Visiting attribute path : parent_ns.connection_point
14:11:16.308 [Test worker] DEBUG o.h.l.p.b.i.spaces.QuerySpacesImpl - Adding QuerySpace : uid = <gen:18> -> org.hibernate.loader.plan.build.internal.spaces.CollectionQuerySpaceImpl@5b471876]
14:11:16.308 [Test worker] DEBUG o.h.l.p.b.i.spaces.QuerySpacesImpl - Adding QuerySpace : uid = <gen:19> -> org.hibernate.loader.plan.build.internal.spaces.EntityQuerySpaceImpl@189719cb]
14:11:16.308 [Test worker] DEBUG o.h.p.w.spi.MetamodelGraphWalker - Visiting attribute path : parent_ns.descriptor_reference
14:11:16.308 [Test worker] DEBUG o.h.l.p.b.i.spaces.QuerySpacesImpl - Adding QuerySpace : uid = <gen:20> -> org.hibernate.loader.plan.build.internal.spaces.EntityQuerySpaceImpl@681e6b09]
14:11:16.308 [Test worker] DEBUG o.h.p.w.spi.MetamodelGraphWalker - Visiting attribute path : parent_ns.descriptor_reference.auto_scale_policy
14:11:16.308 [Test worker] DEBUG o.h.p.w.spi.MetamodelGraphWalker - Visiting attribute path : parent_ns.descriptor_reference.connection_point
14:11:16.308 [Test worker] DEBUG o.h.p.w.spi.MetamodelGraphWalker - Visiting attribute path : parent_ns.descriptor_reference.hb_version
14:11:16.308 [Test worker] DEBUG o.h.p.w.spi.MetamodelGraphWalker - Visiting attribute path : parent_ns.descriptor_reference.lifecycle_event
14:11:16.308 [Test worker] DEBUG o.h.p.w.spi.MetamodelGraphWalker - Visiting attribute path : parent_ns.descriptor_reference.monitoring_parameter
14:11:16.308 [Test worker] DEBUG o.h.l.p.b.i.spaces.QuerySpacesImpl - Adding QuerySpace : uid = <gen:21> -> org.hibernate.loader.plan.build.internal.spaces.CollectionQuerySpaceImpl@1adda7]
14:11:16.308 [Test worker] DEBUG o.h.p.w.spi.MetamodelGraphWalker - Visiting attribute path : parent_ns.descriptor_reference.service_deployment_flavour
14:11:16.308 [Test worker] DEBUG o.h.p.w.spi.MetamodelGraphWalker - Visiting attribute path : parent_ns.descriptor_reference.vendor
14:11:16.308 [Test worker] DEBUG o.h.p.w.spi.MetamodelGraphWalker - Visiting attribute path : parent_ns.descriptor_reference.version
14:11:16.308 [Test worker] DEBUG o.h.p.w.spi.MetamodelGraphWalker - Visiting attribute path : parent_ns.descriptor_reference.vld
14:11:16.308 [Test worker] DEBUG o.h.p.w.spi.MetamodelGraphWalker - Visiting attribute path : parent_ns.descriptor_reference.vnffgd
14:11:16.308 [Test worker] DEBUG o.h.p.w.spi.MetamodelGraphWalker - Visiting attribute path : parent_ns.descriptor_reference.deployment_flavour
14:11:16.308 [Test worker] DEBUG o.h.l.p.b.i.spaces.QuerySpacesImpl - Adding QuerySpace : uid = <gen:22> -> org.hibernate.loader.plan.build.internal.spaces.CollectionQuerySpaceImpl@63cdfefe]
14:11:16.308 [Test worker] DEBUG o.h.l.p.b.i.spaces.QuerySpacesImpl - Adding QuerySpace : uid = <gen:23> -> org.hibernate.loader.plan.build.internal.spaces.EntityQuerySpaceImpl@692008e2]
14:11:16.308 [Test worker] DEBUG o.h.p.w.spi.MetamodelGraphWalker - Visiting attribute path : parent_ns.descriptor_reference.descriptor_version
14:11:16.308 [Test worker] DEBUG o.h.p.w.spi.MetamodelGraphWalker - Visiting attribute path : parent_ns.descriptor_reference.manifest_file
14:11:16.308 [Test worker] DEBUG o.h.p.w.spi.MetamodelGraphWalker - Visiting attribute path : parent_ns.descriptor_reference.manifest_file_security
14:11:16.308 [Test worker] DEBUG o.h.p.w.spi.MetamodelGraphWalker - Visiting attribute path : parent_ns.descriptor_reference.vdu
14:11:16.308 [Test worker] DEBUG o.h.p.w.spi.MetamodelGraphWalker - Visiting attribute path : parent_ns.descriptor_reference.vdu_dependency
14:11:16.308 [Test worker] DEBUG o.h.p.w.spi.MetamodelGraphWalker - Visiting attribute path : parent_ns.descriptor_reference.virtual_link
14:11:16.309 [Test worker] DEBUG o.h.p.w.spi.MetamodelGraphWalker - Visiting attribute path : parent_ns.descriptor_reference.nsd_security
14:11:16.309 [Test worker] DEBUG o.h.l.p.b.i.spaces.QuerySpacesImpl - Adding QuerySpace : uid = <gen:24> -> org.hibernate.loader.plan.build.internal.spaces.EntityQuerySpaceImpl@36276359]
14:11:16.309 [Test worker] DEBUG o.h.p.w.spi.MetamodelGraphWalker - Visiting attribute path : parent_ns.descriptor_reference.pnfd
14:11:16.309 [Test worker] DEBUG o.h.p.w.spi.MetamodelGraphWalker - Visiting attribute path : parent_ns.descriptor_reference.vnf_dependency
14:11:16.309 [Test worker] DEBUG o.h.l.p.b.i.spaces.QuerySpacesImpl - Adding QuerySpace : uid = <gen:25> -> org.hibernate.loader.plan.build.internal.spaces.CollectionQuerySpaceImpl@53eb83d5]
14:11:16.309 [Test worker] DEBUG o.h.l.p.b.i.spaces.QuerySpacesImpl - Adding QuerySpace : uid = <gen:26> -> org.hibernate.loader.plan.build.internal.spaces.EntityQuerySpaceImpl@b1c3ffe]
14:11:16.309 [Test worker] DEBUG o.h.p.w.spi.MetamodelGraphWalker - Visiting attribute path : parent_ns.descriptor_reference.vnfd
14:11:16.309 [Test worker] DEBUG o.h.l.p.b.i.spaces.QuerySpacesImpl - Adding QuerySpace : uid = <gen:27> -> org.hibernate.loader.plan.build.internal.spaces.CollectionQuerySpaceImpl@6bad4264]
14:11:16.309 [Test worker] DEBUG o.h.l.p.b.i.spaces.QuerySpacesImpl - Adding QuerySpace : uid = <gen:28> -> org.hibernate.loader.plan.build.internal.spaces.EntityQuerySpaceImpl@3be1ea76]
14:11:16.309 [Test worker] DEBUG o.h.p.w.spi.MetamodelGraphWalker - Visiting attribute path : parent_ns.lifecycle_event
14:11:16.309 [Test worker] DEBUG o.h.l.p.b.i.spaces.QuerySpacesImpl - Adding QuerySpace : uid = <gen:29> -> org.hibernate.loader.plan.build.internal.spaces.EntityQuerySpaceImpl@6ce807b0]
14:11:16.309 [Test worker] DEBUG o.h.p.w.spi.MetamodelGraphWalker - Visiting attribute path : parent_ns.lifecycle_event.lifecycle_events
14:11:16.309 [Test worker] DEBUG o.h.p.w.spi.MetamodelGraphWalker - Visiting attribute path : parent_ns.lifecycle_event.version
14:11:16.309 [Test worker] DEBUG o.h.p.w.spi.MetamodelGraphWalker - Visiting attribute path : parent_ns.lifecycle_event_history
14:11:16.309 [Test worker] DEBUG o.h.l.p.b.i.spaces.QuerySpacesImpl - Adding QuerySpace : uid = <gen:30> -> org.hibernate.loader.plan.build.internal.spaces.CollectionQuerySpaceImpl@13a063b9]
14:11:16.309 [Test worker] DEBUG o.h.l.p.b.i.spaces.QuerySpacesImpl - Adding QuerySpace : uid = <gen:31> -> org.hibernate.loader.plan.build.internal.spaces.EntityQuerySpaceImpl@6f310c0]
14:11:16.309 [Test worker] DEBUG o.h.p.w.spi.MetamodelGraphWalker - Visiting attribute path : parent_ns.monitoring_parameter
14:11:16.309 [Test worker] DEBUG o.h.p.w.spi.MetamodelGraphWalker - Visiting attribute path : parent_ns.notification
14:11:16.309 [Test worker] DEBUG o.h.p.w.spi.MetamodelGraphWalker - Visiting attribute path : parent_ns.pnfr
14:11:16.309 [Test worker] DEBUG o.h.l.p.b.i.spaces.QuerySpacesImpl - Adding QuerySpace : uid = <gen:32> -> org.hibernate.loader.plan.build.internal.spaces.CollectionQuerySpaceImpl@3fd0b0d0]
14:11:16.309 [Test worker] DEBUG o.h.l.p.b.i.spaces.QuerySpacesImpl - Adding QuerySpace : uid = <gen:33> -> org.hibernate.loader.plan.build.internal.spaces.EntityQuerySpaceImpl@1e08486b]
14:11:16.309 [Test worker] DEBUG o.h.p.w.spi.MetamodelGraphWalker - Visiting attribute path : parent_ns.resource_reservation
14:11:16.309 [Test worker] DEBUG o.h.p.w.spi.MetamodelGraphWalker - Visiting attribute path : parent_ns.runtime_policy_info
14:11:16.309 [Test worker] DEBUG o.h.p.w.spi.MetamodelGraphWalker - Visiting attribute path : parent_ns.service_deployment_flavour
14:11:16.310 [Test worker] DEBUG o.h.l.p.b.i.spaces.QuerySpacesImpl - Adding QuerySpace : uid = <gen:34> -> org.hibernate.loader.plan.build.internal.spaces.EntityQuerySpaceImpl@31ca7834]
14:11:16.310 [Test worker] DEBUG o.h.p.w.spi.MetamodelGraphWalker - Visiting attribute path : parent_ns.service_deployment_flavour.flavour_key
14:11:16.310 [Test worker] DEBUG o.h.p.w.spi.MetamodelGraphWalker - Visiting attribute path : parent_ns.service_deployment_flavour.version
14:11:16.310 [Test worker] DEBUG o.h.p.w.spi.MetamodelGraphWalker - Visiting attribute path : parent_ns.service_deployment_flavour.constituent_vnf
14:11:16.310 [Test worker] DEBUG o.h.p.w.spi.MetamodelGraphWalker - Visiting attribute path : parent_ns.status
14:11:16.310 [Test worker] DEBUG o.h.p.w.spi.MetamodelGraphWalker - Visiting attribute path : parent_ns.vendor
14:11:16.310 [Test worker] DEBUG o.h.p.w.spi.MetamodelGraphWalker - Visiting attribute path : parent_ns.version
14:11:16.310 [Test worker] DEBUG o.h.p.w.spi.MetamodelGraphWalker - Visiting attribute path : parent_ns.vlr
14:11:16.310 [Test worker] DEBUG o.h.l.p.b.i.spaces.QuerySpacesImpl - Adding QuerySpace : uid = <gen:35> -> org.hibernate.loader.plan.build.internal.spaces.CollectionQuerySpaceImpl@db9569]
14:11:16.310 [Test worker] DEBUG o.h.l.p.b.i.spaces.QuerySpacesImpl - Adding QuerySpace : uid = <gen:36> -> org.hibernate.loader.plan.build.internal.spaces.EntityQuerySpaceImpl@502e20ef]
14:11:16.310 [Test worker] DEBUG o.h.p.w.spi.MetamodelGraphWalker - Visiting attribute path : parent_ns.vnf_dependency
14:11:16.310 [Test worker] DEBUG o.h.l.p.b.i.spaces.QuerySpacesImpl - Adding QuerySpace : uid = <gen:37> -> org.hibernate.loader.plan.build.internal.spaces.CollectionQuerySpaceImpl@4745409]
14:11:16.310 [Test worker] DEBUG o.h.l.p.b.i.spaces.QuerySpacesImpl - Adding QuerySpace : uid = <gen:38> -> org.hibernate.loader.plan.build.internal.spaces.EntityQuerySpaceImpl@71391d27]
14:11:16.310 [Test worker] DEBUG o.h.p.w.spi.MetamodelGraphWalker - Visiting attribute path : parent_ns.vnffgr
14:11:16.310 [Test worker] DEBUG o.h.l.p.b.i.spaces.QuerySpacesImpl - Adding QuerySpace : uid = <gen:39> -> org.hibernate.loader.plan.build.internal.spaces.CollectionQuerySpaceImpl@5ca92583]
14:11:16.310 [Test worker] DEBUG o.h.l.p.b.i.spaces.QuerySpacesImpl - Adding QuerySpace : uid = <gen:40> -> org.hibernate.loader.plan.build.internal.spaces.EntityQuerySpaceImpl@64ddeafb]
14:11:16.310 [Test worker] DEBUG o.h.p.w.spi.MetamodelGraphWalker - Visiting attribute path : parent_ns.vnfr
14:11:16.310 [Test worker] DEBUG o.h.l.p.b.i.spaces.QuerySpacesImpl - Adding QuerySpace : uid = <gen:41> -> org.hibernate.loader.plan.build.internal.spaces.EntityQuerySpaceImpl@256e3879]
14:11:16.310 [Test worker] DEBUG o.h.p.w.spi.MetamodelGraphWalker - Visiting attribute path : parent_ns.vnfr.audit_log
14:11:16.310 [Test worker] DEBUG o.h.p.w.spi.MetamodelGraphWalker - Visiting attribute path : parent_ns.vnfr.auto_scale_policy
14:11:16.310 [Test worker] DEBUG o.h.l.p.b.i.spaces.QuerySpacesImpl - Adding QuerySpace : uid = <gen:42> -> org.hibernate.loader.plan.build.internal.spaces.CollectionQuerySpaceImpl@7fa1007a]
14:11:16.310 [Test worker] DEBUG o.h.l.p.b.i.spaces.QuerySpacesImpl - Adding QuerySpace : uid = <gen:43> -> org.hibernate.loader.plan.build.internal.spaces.EntityQuerySpaceImpl@23268b0c]
14:11:16.310 [Test worker] DEBUG o.h.p.w.spi.MetamodelGraphWalker - Visiting attribute path : parent_ns.vnfr.connected_external_virtual_link
14:11:16.310 [Test worker] DEBUG o.h.l.p.b.i.spaces.QuerySpacesImpl - Adding QuerySpace : uid = <gen:44> -> org.hibernate.loader.plan.build.internal.spaces.CollectionQuerySpaceImpl@3772d2db]
14:11:16.310 [Test worker] DEBUG o.h.l.p.b.i.spaces.QuerySpacesImpl - Adding QuerySpace : uid = <gen:45> -> org.hibernate.loader.plan.build.internal.spaces.EntityQuerySpaceImpl@5371444d]
14:11:16.310 [Test worker] DEBUG o.h.p.w.spi.MetamodelGraphWalker - Visiting attribute path : parent_ns.vnfr.connection_point
14:11:16.310 [Test worker] DEBUG o.h.l.p.b.i.spaces.QuerySpacesImpl - Adding QuerySpace : uid = <gen:46> -> org.hibernate.loader.plan.build.internal.spaces.CollectionQuerySpaceImpl@313b4607]
14:11:16.310 [Test worker] DEBUG o.h.l.p.b.i.spaces.QuerySpacesImpl - Adding QuerySpace : uid = <gen:47> -> org.hibernate.loader.plan.build.internal.spaces.EntityQuerySpaceImpl@2a728ed1]
14:11:16.311 [Test worker] DEBUG o.h.p.w.spi.MetamodelGraphWalker - Visiting attribute path : parent_ns.vnfr.dependency
14:11:16.311 [Test worker] DEBUG o.h.l.p.b.i.spaces.QuerySpacesImpl - Adding QuerySpace : uid = <gen:48> -> org.hibernate.loader.plan.build.internal.spaces.CollectionQuerySpaceImpl@46fe511c]
14:11:16.311 [Test worker] DEBUG o.h.l.p.b.i.spaces.QuerySpacesImpl - Adding QuerySpace : uid = <gen:49> -> org.hibernate.loader.plan.build.internal.spaces.EntityQuerySpaceImpl@627f29ad]
14:11:16.311 [Test worker] DEBUG o.h.p.w.spi.MetamodelGraphWalker - Visiting attribute path : parent_ns.vnfr.deployment_flavour
14:11:16.311 [Test worker] DEBUG o.h.l.p.b.i.spaces.QuerySpacesImpl - Adding QuerySpace : uid = <gen:50> -> org.hibernate.loader.plan.build.internal.spaces.EntityQuerySpaceImpl@a894f60]
14:11:16.311 [Test worker] DEBUG o.h.p.w.spi.MetamodelGraphWalker - Visiting attribute path : parent_ns.vnfr.descriptor_reference
14:11:16.311 [Test worker] DEBUG o.h.p.w.spi.MetamodelGraphWalker - Visiting attribute path : parent_ns.vnfr.lifecycle_event
14:11:16.311 [Test worker] DEBUG o.h.l.p.b.i.spaces.QuerySpacesImpl - Adding QuerySpace : uid = <gen:51> -> org.hibernate.loader.plan.build.internal.spaces.EntityQuerySpaceImpl@3cba2d07]
14:11:16.311 [Test worker] DEBUG o.h.p.w.spi.MetamodelGraphWalker - Visiting attribute path : parent_ns.vnfr.lifecycle_event_history
14:11:16.311 [Test worker] DEBUG o.h.l.p.b.i.spaces.QuerySpacesImpl - Adding QuerySpace : uid = <gen:52> -> org.hibernate.loader.plan.build.internal.spaces.CollectionQuerySpaceImpl@62e245b6]
14:11:16.311 [Test worker] DEBUG o.h.l.p.b.i.spaces.QuerySpacesImpl - Adding QuerySpace : uid = <gen:53> -> org.hibernate.loader.plan.build.internal.spaces.EntityQuerySpaceImpl@754ee271]
14:11:16.311 [Test worker] DEBUG o.h.p.w.spi.MetamodelGraphWalker - Visiting attribute path : parent_ns.vnfr.localization
14:11:16.311 [Test worker] DEBUG o.h.p.w.spi.MetamodelGraphWalker - Visiting attribute path : parent_ns.vnfr.monitoring_parameter
14:11:16.311 [Test worker] DEBUG o.h.p.w.spi.MetamodelGraphWalker - Visiting attribute path : parent_ns.vnfr.notification
14:11:16.311 [Test worker] DEBUG o.h.p.w.spi.MetamodelGraphWalker - Visiting attribute path : parent_ns.vnfr.parent_ns
14:11:16.311 [Test worker] DEBUG o.h.l.p.b.i.spaces.QuerySpacesImpl - Adding QuerySpace : uid = <gen:54> -> org.hibernate.loader.plan.build.internal.spaces.EntityQuerySpaceImpl@df4a4e2]
14:11:16.311 [Test worker] DEBUG o.h.p.w.spi.MetamodelGraphWalker - Visiting attribute path : parent_ns.vnfr.runtime_policy_info
14:11:16.311 [Test worker] DEBUG o.h.p.w.spi.MetamodelGraphWalker - Visiting attribute path : parent_ns.vnfr.status
14:11:16.311 [Test worker] DEBUG o.h.p.w.spi.MetamodelGraphWalker - Visiting attribute path : parent_ns.vnfr.vdu
14:11:16.311 [Test worker] DEBUG o.h.l.p.b.i.spaces.QuerySpacesImpl - Adding QuerySpace : uid = <gen:55> -> org.hibernate.loader.plan.build.internal.spaces.CollectionQuerySpaceImpl@3874f896]
14:11:16.311 [Test worker] DEBUG o.h.l.p.b.i.spaces.QuerySpacesImpl - Adding QuerySpace : uid = <gen:56> -> org.hibernate.loader.plan.build.internal.spaces.EntityQuerySpaceImpl@76c5ccf]
14:11:16.311 [Test worker] DEBUG o.h.p.w.spi.MetamodelGraphWalker - Visiting attribute path : parent_ns.vnfr.vendor
14:11:16.311 [Test worker] DEBUG o.h.p.w.spi.MetamodelGraphWalker - Visiting attribute path : parent_ns.vnfr.version
14:11:16.311 [Test worker] DEBUG o.h.p.w.spi.MetamodelGraphWalker - Visiting attribute path : parent_ns.vnfr.virtual_link
14:11:16.311 [Test worker] DEBUG o.h.l.p.b.i.spaces.QuerySpacesImpl - Adding QuerySpace : uid = <gen:57> -> org.hibernate.loader.plan.build.internal.spaces.CollectionQuerySpaceImpl@5b411dd7]
14:11:16.311 [Test worker] DEBUG o.h.l.p.b.i.spaces.QuerySpacesImpl - Adding QuerySpace : uid = <gen:58> -> org.hibernate.loader.plan.build.internal.spaces.EntityQuerySpaceImpl@100e3d0f]
14:11:16.311 [Test worker] DEBUG o.h.p.w.spi.MetamodelGraphWalker - Visiting attribute path : parent_ns.vnfr.vnf_address
14:11:16.311 [Test worker] DEBUG o.h.p.w.spi.MetamodelGraphWalker - Visiting attribute path : parent_ns.vnfr.vnfm_id
14:11:16.311 [Test worker] DEBUG o.h.p.w.spi.MetamodelGraphWalker - Visiting attribute path : status
14:11:16.311 [Test worker] DEBUG o.h.p.w.spi.MetamodelGraphWalker - Visiting attribute path : vendor
14:11:16.311 [Test worker] DEBUG o.h.p.w.spi.MetamodelGraphWalker - Visiting attribute path : version
14:11:16.311 [Test worker] DEBUG o.h.l.p.b.i.FetchStyleLoadPlanBuildingAssociationVisitationStrategy - Building LoadPlan...
14:11:16.312 [Test worker] DEBUG o.h.l.p.e.i.LoadQueryJoinAndFetchProcessor - processing queryspace <gen:0>
14:11:16.313 [Test worker] DEBUG o.h.l.p.b.spi.LoadPlanTreePrinter - LoadPlan(collection=org.project.neutrino.nfvo.catalogue.mano.record.PhysicalNetworkFunctionRecord.vnffgr)
    - Returns
       - CollectionReturnImpl(collection=org.project.neutrino.nfvo.catalogue.mano.record.PhysicalNetworkFunctionRecord.vnffgr, querySpaceUid=<gen:0>, path=[org.project.neutrino.nfvo.catalogue.mano.record.PhysicalNetworkFunctionRecord.vnffgr])
          - (collection element) CollectionFetchableElementEntityGraph(entity=org.project.neutrino.nfvo.catalogue.mano.record.VNFForwardingGraphRecord, querySpaceUid=<gen:1>, path=[org.project.neutrino.nfvo.catalogue.mano.record.PhysicalNetworkFunctionRecord.vnffgr].<elements>)
             - CollectionAttributeFetchImpl(collection=org.project.neutrino.nfvo.catalogue.mano.record.VNFForwardingGraphRecord.connection_point, querySpaceUid=<gen:2>, path=[org.project.neutrino.nfvo.catalogue.mano.record.PhysicalNetworkFunctionRecord.vnffgr].<elements>.connection_point)
                - (collection element) CollectionFetchableElementEntityGraph(entity=org.project.neutrino.nfvo.catalogue.mano.descriptor.VNFDConnectionPoint, querySpaceUid=<gen:3>, path=[org.project.neutrino.nfvo.catalogue.mano.record.PhysicalNetworkFunctionRecord.vnffgr].<elements>.connection_point.<elements>)
             - CollectionAttributeFetchImpl(collection=org.project.neutrino.nfvo.catalogue.mano.record.VNFForwardingGraphRecord.dependent_virtual_link, querySpaceUid=<gen:4>, path=[org.project.neutrino.nfvo.catalogue.mano.record.PhysicalNetworkFunctionRecord.vnffgr].<elements>.dependent_virtual_link)
                - (collection element) CollectionFetchableElementEntityGraph(entity=org.project.neutrino.nfvo.catalogue.mano.record.VirtualLinkRecord, querySpaceUid=<gen:5>, path=[org.project.neutrino.nfvo.catalogue.mano.record.PhysicalNetworkFunctionRecord.vnffgr].<elements>.dependent_virtual_link.<elements>)
             - EntityAttributeFetchImpl(entity=org.project.neutrino.nfvo.catalogue.mano.descriptor.VNFForwardingGraph, querySpaceUid=<gen:6>, path=[org.project.neutrino.nfvo.catalogue.mano.record.PhysicalNetworkFunctionRecord.vnffgr].<elements>.descriptor_reference)
                - EntityAttributeFetchImpl(entity=org.project.neutrino.nfvo.catalogue.mano.common.Security, querySpaceUid=<gen:7>, path=[org.project.neutrino.nfvo.catalogue.mano.record.PhysicalNetworkFunctionRecord.vnffgr].<elements>.descriptor_reference.vnffgd_security)
             - CollectionAttributeFetchImpl(collection=org.project.neutrino.nfvo.catalogue.mano.record.VNFForwardingGraphRecord.lifecycle_event_history, querySpaceUid=<gen:8>, path=[org.project.neutrino.nfvo.catalogue.mano.record.PhysicalNetworkFunctionRecord.vnffgr].<elements>.lifecycle_event_history)
                - (collection element) CollectionFetchableElementEntityGraph(entity=org.project.neutrino.nfvo.catalogue.mano.common.LifecycleEvent, querySpaceUid=<gen:9>, path=[org.project.neutrino.nfvo.catalogue.mano.record.PhysicalNetworkFunctionRecord.vnffgr].<elements>.lifecycle_event_history.<elements>)
             - CollectionAttributeFetchImpl(collection=org.project.neutrino.nfvo.catalogue.mano.record.VNFForwardingGraphRecord.member_vnfs, querySpaceUid=<gen:10>, path=[org.project.neutrino.nfvo.catalogue.mano.record.PhysicalNetworkFunctionRecord.vnffgr].<elements>.member_vnfs)
                - (collection element) CollectionFetchableElementEntityGraph(entity=org.project.neutrino.nfvo.catalogue.mano.record.VirtualNetworkFunctionRecord, querySpaceUid=<gen:11>, path=[org.project.neutrino.nfvo.catalogue.mano.record.PhysicalNetworkFunctionRecord.vnffgr].<elements>.member_vnfs.<elements>)
             - EntityAttributeFetchImpl(entity=org.project.neutrino.nfvo.catalogue.mano.descriptor.NetworkForwardingPath, querySpaceUid=<gen:12>, path=[org.project.neutrino.nfvo.catalogue.mano.record.PhysicalNetworkFunctionRecord.vnffgr].<elements>.network_forwarding_path)
                - CollectionAttributeFetchImpl(collection=org.project.neutrino.nfvo.catalogue.mano.descriptor.NetworkForwardingPath.connection, querySpaceUid=<gen:13>, path=[org.project.neutrino.nfvo.catalogue.mano.record.PhysicalNetworkFunctionRecord.vnffgr].<elements>.network_forwarding_path.connection)
                - EntityAttributeFetchImpl(entity=org.project.neutrino.nfvo.catalogue.mano.descriptor.Policy, querySpaceUid=<gen:14>, path=[org.project.neutrino.nfvo.catalogue.mano.record.PhysicalNetworkFunctionRecord.vnffgr].<elements>.network_forwarding_path.policy)
             - EntityAttributeFetchImpl(entity=org.project.neutrino.nfvo.catalogue.mano.record.NetworkServiceRecord, querySpaceUid=<gen:15>, path=[org.project.neutrino.nfvo.catalogue.mano.record.PhysicalNetworkFunctionRecord.vnffgr].<elements>.parent_ns)
                - CollectionAttributeFetchImpl(collection=org.project.neutrino.nfvo.catalogue.mano.record.NetworkServiceRecord.auto_scale_policy, querySpaceUid=<gen:16>, path=[org.project.neutrino.nfvo.catalogue.mano.record.PhysicalNetworkFunctionRecord.vnffgr].<elements>.parent_ns.auto_scale_policy)
                   - (collection element) CollectionFetchableElementEntityGraph(entity=org.project.neutrino.nfvo.catalogue.mano.common.AutoScalePolicy, querySpaceUid=<gen:17>, path=[org.project.neutrino.nfvo.catalogue.mano.record.PhysicalNetworkFunctionRecord.vnffgr].<elements>.parent_ns.auto_scale_policy.<elements>)
                - CollectionAttributeFetchImpl(collection=org.project.neutrino.nfvo.catalogue.mano.record.NetworkServiceRecord.connection_point, querySpaceUid=<gen:18>, path=[org.project.neutrino.nfvo.catalogue.mano.record.PhysicalNetworkFunctionRecord.vnffgr].<elements>.parent_ns.connection_point)
                   - (collection element) CollectionFetchableElementEntityGraph(entity=org.project.neutrino.nfvo.catalogue.mano.common.ConnectionPoint, querySpaceUid=<gen:19>, path=[org.project.neutrino.nfvo.catalogue.mano.record.PhysicalNetworkFunctionRecord.vnffgr].<elements>.parent_ns.connection_point.<elements>)
                - EntityAttributeFetchImpl(entity=org.project.neutrino.nfvo.catalogue.mano.common.NFVEntityDescriptor, querySpaceUid=<gen:20>, path=[org.project.neutrino.nfvo.catalogue.mano.record.PhysicalNetworkFunctionRecord.vnffgr].<elements>.parent_ns.descriptor_reference)
                   - CollectionAttributeFetchImpl(collection=org.project.neutrino.nfvo.catalogue.mano.common.NFVEntityDescriptor.monitoring_parameter, querySpaceUid=<gen:21>, path=[org.project.neutrino.nfvo.catalogue.mano.record.PhysicalNetworkFunctionRecord.vnffgr].<elements>.parent_ns.descriptor_reference.monitoring_parameter)
                   - CollectionAttributeFetchImpl(collection=org.project.neutrino.nfvo.catalogue.mano.descriptor.VirtualNetworkFunctionDescriptor.deployment_flavour, querySpaceUid=<gen:22>, path=[org.project.neutrino.nfvo.catalogue.mano.record.PhysicalNetworkFunctionRecord.vnffgr].<elements>.parent_ns.descriptor_reference.deployment_flavour)
                      - (collection element) CollectionFetchableElementEntityGraph(entity=org.project.neutrino.nfvo.catalogue.mano.descriptor.VNFDDeploymentFlavour, querySpaceUid=<gen:23>, path=[org.project.neutrino.nfvo.catalogue.mano.record.PhysicalNetworkFunctionRecord.vnffgr].<elements>.parent_ns.descriptor_reference.deployment_flavour.<elements>)
                   - EntityAttributeFetchImpl(entity=org.project.neutrino.nfvo.catalogue.mano.common.Security, querySpaceUid=<gen:24>, path=[org.project.neutrino.nfvo.catalogue.mano.record.PhysicalNetworkFunctionRecord.vnffgr].<elements>.parent_ns.descriptor_reference.nsd_security)
                   - CollectionAttributeFetchImpl(collection=org.project.neutrino.nfvo.catalogue.mano.descriptor.NetworkServiceDescriptor.vnf_dependency, querySpaceUid=<gen:25>, path=[org.project.neutrino.nfvo.catalogue.mano.record.PhysicalNetworkFunctionRecord.vnffgr].<elements>.parent_ns.descriptor_reference.vnf_dependency)
                      - (collection element) CollectionFetchableElementEntityGraph(entity=org.project.neutrino.nfvo.catalogue.mano.common.VNFDependency, querySpaceUid=<gen:26>, path=[org.project.neutrino.nfvo.catalogue.mano.record.PhysicalNetworkFunctionRecord.vnffgr].<elements>.parent_ns.descriptor_reference.vnf_dependency.<elements>)
                   - CollectionAttributeFetchImpl(collection=org.project.neutrino.nfvo.catalogue.mano.descriptor.NetworkServiceDescriptor.vnfd, querySpaceUid=<gen:27>, path=[org.project.neutrino.nfvo.catalogue.mano.record.PhysicalNetworkFunctionRecord.vnffgr].<elements>.parent_ns.descriptor_reference.vnfd)
                      - (collection element) CollectionFetchableElementEntityGraph(entity=org.project.neutrino.nfvo.catalogue.mano.descriptor.VirtualNetworkFunctionDescriptor, querySpaceUid=<gen:28>, path=[org.project.neutrino.nfvo.catalogue.mano.record.PhysicalNetworkFunctionRecord.vnffgr].<elements>.parent_ns.descriptor_reference.vnfd.<elements>)
                - EntityAttributeFetchImpl(entity=org.project.neutrino.nfvo.catalogue.mano.common.LifecycleEvent, querySpaceUid=<gen:29>, path=[org.project.neutrino.nfvo.catalogue.mano.record.PhysicalNetworkFunctionRecord.vnffgr].<elements>.parent_ns.lifecycle_event)
                - CollectionAttributeFetchImpl(collection=org.project.neutrino.nfvo.catalogue.mano.record.NetworkServiceRecord.lifecycle_event_history, querySpaceUid=<gen:30>, path=[org.project.neutrino.nfvo.catalogue.mano.record.PhysicalNetworkFunctionRecord.vnffgr].<elements>.parent_ns.lifecycle_event_history)
                   - (collection element) CollectionFetchableElementEntityGraph(entity=org.project.neutrino.nfvo.catalogue.mano.common.LifecycleEvent, querySpaceUid=<gen:31>, path=[org.project.neutrino.nfvo.catalogue.mano.record.PhysicalNetworkFunctionRecord.vnffgr].<elements>.parent_ns.lifecycle_event_history.<elements>)
                - CollectionAttributeFetchImpl(collection=org.project.neutrino.nfvo.catalogue.mano.record.NetworkServiceRecord.pnfr, querySpaceUid=<gen:32>, path=[org.project.neutrino.nfvo.catalogue.mano.record.PhysicalNetworkFunctionRecord.vnffgr].<elements>.parent_ns.pnfr)
                   - (collection element) CollectionFetchableElementEntityGraph(entity=org.project.neutrino.nfvo.catalogue.mano.record.PhysicalNetworkFunctionRecord, querySpaceUid=<gen:33>, path=[org.project.neutrino.nfvo.catalogue.mano.record.PhysicalNetworkFunctionRecord.vnffgr].<elements>.parent_ns.pnfr.<elements>)
                - EntityAttributeFetchImpl(entity=org.project.neutrino.nfvo.catalogue.mano.common.ServiceDeploymentFlavour, querySpaceUid=<gen:34>, path=[org.project.neutrino.nfvo.catalogue.mano.record.PhysicalNetworkFunctionRecord.vnffgr].<elements>.parent_ns.service_deployment_flavour)
                - CollectionAttributeFetchImpl(collection=org.project.neutrino.nfvo.catalogue.mano.record.NetworkServiceRecord.vlr, querySpaceUid=<gen:35>, path=[org.project.neutrino.nfvo.catalogue.mano.record.PhysicalNetworkFunctionRecord.vnffgr].<elements>.parent_ns.vlr)
                   - (collection element) CollectionFetchableElementEntityGraph(entity=org.project.neutrino.nfvo.catalogue.mano.record.VirtualLinkRecord, querySpaceUid=<gen:36>, path=[org.project.neutrino.nfvo.catalogue.mano.record.PhysicalNetworkFunctionRecord.vnffgr].<elements>.parent_ns.vlr.<elements>)
                - CollectionAttributeFetchImpl(collection=org.project.neutrino.nfvo.catalogue.mano.record.NetworkServiceRecord.vnf_dependency, querySpaceUid=<gen:37>, path=[org.project.neutrino.nfvo.catalogue.mano.record.PhysicalNetworkFunctionRecord.vnffgr].<elements>.parent_ns.vnf_dependency)
                   - (collection element) CollectionFetchableElementEntityGraph(entity=org.project.neutrino.nfvo.catalogue.mano.common.VNFDependency, querySpaceUid=<gen:38>, path=[org.project.neutrino.nfvo.catalogue.mano.record.PhysicalNetworkFunctionRecord.vnffgr].<elements>.parent_ns.vnf_dependency.<elements>)
                - CollectionAttributeFetchImpl(collection=org.project.neutrino.nfvo.catalogue.mano.record.NetworkServiceRecord.vnffgr, querySpaceUid=<gen:39>, path=[org.project.neutrino.nfvo.catalogue.mano.record.PhysicalNetworkFunctionRecord.vnffgr].<elements>.parent_ns.vnffgr)
                   - (collection element) CollectionFetchableElementEntityGraph(entity=org.project.neutrino.nfvo.catalogue.mano.descriptor.VNFForwardingGraph, querySpaceUid=<gen:40>, path=[org.project.neutrino.nfvo.catalogue.mano.record.PhysicalNetworkFunctionRecord.vnffgr].<elements>.parent_ns.vnffgr.<elements>)
                - EntityAttributeFetchImpl(entity=org.project.neutrino.nfvo.catalogue.mano.record.VirtualNetworkFunctionRecord, querySpaceUid=<gen:41>, path=[org.project.neutrino.nfvo.catalogue.mano.record.PhysicalNetworkFunctionRecord.vnffgr].<elements>.parent_ns.vnfr)
                   - CollectionAttributeFetchImpl(collection=org.project.neutrino.nfvo.catalogue.mano.record.VirtualNetworkFunctionRecord.auto_scale_policy, querySpaceUid=<gen:42>, path=[org.project.neutrino.nfvo.catalogue.mano.record.PhysicalNetworkFunctionRecord.vnffgr].<elements>.parent_ns.vnfr.auto_scale_policy)
                      - (collection element) CollectionFetchableElementEntityGraph(entity=org.project.neutrino.nfvo.catalogue.mano.common.AutoScalePolicy, querySpaceUid=<gen:43>, path=[org.project.neutrino.nfvo.catalogue.mano.record.PhysicalNetworkFunctionRecord.vnffgr].<elements>.parent_ns.vnfr.auto_scale_policy.<elements>)
                   - CollectionAttributeFetchImpl(collection=org.project.neutrino.nfvo.catalogue.mano.record.VirtualNetworkFunctionRecord.connected_external_virtual_link, querySpaceUid=<gen:44>, path=[org.project.neutrino.nfvo.catalogue.mano.record.PhysicalNetworkFunctionRecord.vnffgr].<elements>.parent_ns.vnfr.connected_external_virtual_link)
                      - (collection element) CollectionFetchableElementEntityGraph(entity=org.project.neutrino.nfvo.catalogue.mano.record.VirtualLinkRecord, querySpaceUid=<gen:45>, path=[org.project.neutrino.nfvo.catalogue.mano.record.PhysicalNetworkFunctionRecord.vnffgr].<elements>.parent_ns.vnfr.connected_external_virtual_link.<elements>)
                   - CollectionAttributeFetchImpl(collection=org.project.neutrino.nfvo.catalogue.mano.record.VirtualNetworkFunctionRecord.connection_point, querySpaceUid=<gen:46>, path=[org.project.neutrino.nfvo.catalogue.mano.record.PhysicalNetworkFunctionRecord.vnffgr].<elements>.parent_ns.vnfr.connection_point)
                      - (collection element) CollectionFetchableElementEntityGraph(entity=org.project.neutrino.nfvo.catalogue.mano.common.ConnectionPoint, querySpaceUid=<gen:47>, path=[org.project.neutrino.nfvo.catalogue.mano.record.PhysicalNetworkFunctionRecord.vnffgr].<elements>.parent_ns.vnfr.connection_point.<elements>)
                   - CollectionAttributeFetchImpl(collection=org.project.neutrino.nfvo.catalogue.mano.record.VirtualNetworkFunctionRecord.dependency, querySpaceUid=<gen:48>, path=[org.project.neutrino.nfvo.catalogue.mano.record.PhysicalNetworkFunctionRecord.vnffgr].<elements>.parent_ns.vnfr.dependency)
                      - (collection element) CollectionFetchableElementEntityGraph(entity=org.project.neutrino.nfvo.catalogue.mano.common.VNFDependency, querySpaceUid=<gen:49>, path=[org.project.neutrino.nfvo.catalogue.mano.record.PhysicalNetworkFunctionRecord.vnffgr].<elements>.parent_ns.vnfr.dependency.<elements>)
                   - EntityAttributeFetchImpl(entity=org.project.neutrino.nfvo.catalogue.mano.descriptor.VNFDDeploymentFlavour, querySpaceUid=<gen:50>, path=[org.project.neutrino.nfvo.catalogue.mano.record.PhysicalNetworkFunctionRecord.vnffgr].<elements>.parent_ns.vnfr.deployment_flavour)
                   - EntityAttributeFetchImpl(entity=org.project.neutrino.nfvo.catalogue.mano.common.LifecycleEvent, querySpaceUid=<gen:51>, path=[org.project.neutrino.nfvo.catalogue.mano.record.PhysicalNetworkFunctionRecord.vnffgr].<elements>.parent_ns.vnfr.lifecycle_event)
                   - CollectionAttributeFetchImpl(collection=org.project.neutrino.nfvo.catalogue.mano.record.VirtualNetworkFunctionRecord.lifecycle_event_history, querySpaceUid=<gen:52>, path=[org.project.neutrino.nfvo.catalogue.mano.record.PhysicalNetworkFunctionRecord.vnffgr].<elements>.parent_ns.vnfr.lifecycle_event_history)
                      - (collection element) CollectionFetchableElementEntityGraph(entity=org.project.neutrino.nfvo.catalogue.mano.common.LifecycleEvent, querySpaceUid=<gen:53>, path=[org.project.neutrino.nfvo.catalogue.mano.record.PhysicalNetworkFunctionRecord.vnffgr].<elements>.parent_ns.vnfr.lifecycle_event_history.<elements>)
                   - EntityAttributeFetchImpl(entity=org.project.neutrino.nfvo.catalogue.mano.record.NetworkServiceRecord, querySpaceUid=<gen:54>, path=[org.project.neutrino.nfvo.catalogue.mano.record.PhysicalNetworkFunctionRecord.vnffgr].<elements>.parent_ns.vnfr.parent_ns)
                   - CollectionAttributeFetchImpl(collection=org.project.neutrino.nfvo.catalogue.mano.record.VirtualNetworkFunctionRecord.vdu, querySpaceUid=<gen:55>, path=[org.project.neutrino.nfvo.catalogue.mano.record.PhysicalNetworkFunctionRecord.vnffgr].<elements>.parent_ns.vnfr.vdu)
                      - (collection element) CollectionFetchableElementEntityGraph(entity=org.project.neutrino.nfvo.catalogue.mano.descriptor.VirtualDeploymentUnit, querySpaceUid=<gen:56>, path=[org.project.neutrino.nfvo.catalogue.mano.record.PhysicalNetworkFunctionRecord.vnffgr].<elements>.parent_ns.vnfr.vdu.<elements>)
                   - CollectionAttributeFetchImpl(collection=org.project.neutrino.nfvo.catalogue.mano.record.VirtualNetworkFunctionRecord.virtual_link, querySpaceUid=<gen:57>, path=[org.project.neutrino.nfvo.catalogue.mano.record.PhysicalNetworkFunctionRecord.vnffgr].<elements>.parent_ns.vnfr.virtual_link)
                      - (collection element) CollectionFetchableElementEntityGraph(entity=org.project.neutrino.nfvo.catalogue.mano.descriptor.InternalVirtualLink, querySpaceUid=<gen:58>, path=[org.project.neutrino.nfvo.catalogue.mano.record.PhysicalNetworkFunctionRecord.vnffgr].<elements>.parent_ns.vnfr.virtual_link.<elements>)
    - QuerySpaces
       - CollectionQuerySpaceImpl(uid=<gen:0>, collection=org.project.neutrino.nfvo.catalogue.mano.record.PhysicalNetworkFunctionRecord.vnffgr)
          - SQL table alias mapping - vnffgr0_
          - alias suffix - 0_
          - suffixed key columns - {physical1_37_0_}
          - entity-element alias suffix - 1_
          - 1_entity-element suffixed key columns - id1_92_1_
          - JOIN (JoinDefinedByMetadata(elements)) : <gen:0> -> <gen:1>
             - EntityQuerySpaceImpl(uid=<gen:1>, entity=org.project.neutrino.nfvo.catalogue.mano.record.VNFForwardingGraphRecord)
                - SQL table alias mapping - vnfforward1_
                - alias suffix - 1_
                - suffixed key columns - {id1_92_1_}
                - JOIN (JoinDefinedByMetadata(descriptor_reference)) : <gen:1> -> <gen:6>
                   - EntityQuerySpaceImpl(uid=<gen:6>, entity=org.project.neutrino.nfvo.catalogue.mano.descriptor.VNFForwardingGraph)
                      - SQL table alias mapping - vnfforward2_
                      - alias suffix - 2_
                      - suffixed key columns - {id1_87_2_}
                      - JOIN (JoinDefinedByMetadata(vnffgd_security)) : <gen:6> -> <gen:7>
                         - EntityQuerySpaceImpl(uid=<gen:7>, entity=org.project.neutrino.nfvo.catalogue.mano.common.Security)
                            - SQL table alias mapping - security3_
                            - alias suffix - 3_
                            - suffixed key columns - {id1_43_3_}
                - JOIN (JoinDefinedByMetadata(network_forwarding_path)) : <gen:1> -> <gen:12>
                   - EntityQuerySpaceImpl(uid=<gen:12>, entity=org.project.neutrino.nfvo.catalogue.mano.descriptor.NetworkForwardingPath)
                      - SQL table alias mapping - networkfor4_
                      - alias suffix - 4_
                      - suffixed key columns - {id1_12_4_}
                      - JOIN (JoinDefinedByMetadata(policy)) : <gen:12> -> <gen:14>
                         - EntityQuerySpaceImpl(uid=<gen:14>, entity=org.project.neutrino.nfvo.catalogue.mano.descriptor.Policy)
                            - SQL table alias mapping - policy5_
                            - alias suffix - 5_
                            - suffixed key columns - {id1_42_5_}
                - JOIN (JoinDefinedByMetadata(parent_ns)) : <gen:1> -> <gen:15>
                   - EntityQuerySpaceImpl(uid=<gen:15>, entity=org.project.neutrino.nfvo.catalogue.mano.record.NetworkServiceRecord)
                      - SQL table alias mapping - networkser6_
                      - alias suffix - 6_
                      - suffixed key columns - {id1_18_6_}
                      - JOIN (JoinDefinedByMetadata(descriptor_reference)) : <gen:15> -> <gen:20>
                         - EntityQuerySpaceImpl(uid=<gen:20>, entity=org.project.neutrino.nfvo.catalogue.mano.common.NFVEntityDescriptor)
                            - SQL table alias mapping - nfventityd7_
                            - alias suffix - 7_
                            - suffixed key columns - {id1_27_7_}
                      - JOIN (JoinDefinedByMetadata(lifecycle_event)) : <gen:15> -> <gen:29>
                         - EntityQuerySpaceImpl(uid=<gen:29>, entity=org.project.neutrino.nfvo.catalogue.mano.common.LifecycleEvent)
                            - SQL table alias mapping - lifecyclee8_
                            - alias suffix - 8_
                            - suffixed key columns - {id1_10_8_}
                      - JOIN (JoinDefinedByMetadata(service_deployment_flavour)) : <gen:15> -> <gen:34>
                         - EntityQuerySpaceImpl(uid=<gen:34>, entity=org.project.neutrino.nfvo.catalogue.mano.common.ServiceDeploymentFlavour)
                            - SQL table alias mapping - servicedep9_
                            - alias suffix - 9_
                            - suffixed key columns - {id1_7_9_}
                      - JOIN (JoinDefinedByMetadata(vnfr)) : <gen:15> -> <gen:41>
                         - EntityQuerySpaceImpl(uid=<gen:41>, entity=org.project.neutrino.nfvo.catalogue.mano.record.VirtualNetworkFunctionRecord)
                            - SQL table alias mapping - virtualnet10_
                            - alias suffix - 10_
                            - suffixed key columns - {id1_68_10_}

14:11:16.314 [Test worker] DEBUG o.h.l.c.plan.CollectionLoader - Static select for collection org.project.neutrino.nfvo.catalogue.mano.record.PhysicalNetworkFunctionRecord.vnffgr: select vnffgr0_.physical_network_function_record_id as physical1_37_0_, vnffgr0_.vnffgr_id as vnffgr_i2_41_0_, vnfforward1_.id as id1_92_1_, vnfforward1_.audit_log as audit_lo2_92_1_, vnfforward1_.descriptor_reference_id as descrip10_92_1_, vnfforward1_.network_forwarding_path_id as network11_92_1_, vnfforward1_.number_of_endpoints as number_o3_92_1_, vnfforward1_.number_of_pnfs as number_o4_92_1_, vnfforward1_.number_of_virtual_links as number_o5_92_1_, vnfforward1_.number_of_vnfs as number_o6_92_1_, vnfforward1_.parent_ns_id as parent_12_92_1_, vnfforward1_.status as status7_92_1_, vnfforward1_.vendor as vendor8_92_1_, vnfforward1_.version as version9_92_1_, vnfforward2_.id as id1_87_2_, vnfforward2_.descriptor_version as descript2_87_2_, vnfforward2_.hb_version as hb_versi3_87_2_, vnfforward2_.number_of_endpoints as number_o4_87_2_, vnfforward2_.number_of_virtual_links as number_o5_87_2_, vnfforward2_.vendor as vendor6_87_2_, vnfforward2_.version as version7_87_2_, vnfforward2_.vnffgd_security_id as vnffgd_s8_87_2_, security3_.id as id1_43_3_, security3_.version as version2_43_3_, networkfor4_.id as id1_12_4_, networkfor4_.policy_id as policy_i3_12_4_, networkfor4_.version as version2_12_4_, policy5_.id as id1_42_5_, policy5_.version as version2_42_5_, networkser6_.id as id1_18_6_, networkser6_.audit_log as audit_lo2_18_6_, networkser6_.descriptor_reference_Id as descript9_18_6_, networkser6_.lifecycle_event_id as lifecyc10_18_6_, networkser6_.notification as notifica3_18_6_, networkser6_.resource_reservation as resource4_18_6_, networkser6_.runtime_policy_info as runtime_5_18_6_, networkser6_.service_deployment_flavour_id as service11_18_6_, networkser6_.status as status6_18_6_, networkser6_.vendor as vendor7_18_6_, networkser6_.version as version8_18_6_, networkser6_.vnfr_id as vnfr_id12_18_6_, nfventityd7_.id as id1_27_7_, nfventityd7_.hb_version as hb_versi2_27_7_, nfventityd7_.vendor as vendor3_27_7_, nfventityd7_.version as version4_27_7_, nfventityd7_.descriptor_version as descript1_62_7_, nfventityd7_.manifest_file as manifest2_62_7_, nfventityd7_.nsd_security_id as nsd_secu1_14_7_, nfventityd7_.clazz_ as clazz_7_, lifecyclee8_.id as id1_10_8_, lifecyclee8_.version as version2_10_8_, servicedep9_.id as id1_7_9_, servicedep9_.flavour_key as flavour_2_7_9_, servicedep9_.version as version3_7_9_, virtualnet10_.id as id1_68_10_, virtualnet10_.audit_log as audit_lo2_68_10_, virtualnet10_.deployment_flavour_id as deployme9_68_10_, virtualnet10_.descriptor_reference as descript3_68_10_, virtualnet10_.lifecycle_event_id as lifecyc10_68_10_, virtualnet10_.localization as localiza4_68_10_, virtualnet10_.parent_ns_id as parent_11_68_10_, virtualnet10_.status as status5_68_10_, virtualnet10_.vendor as vendor6_68_10_, virtualnet10_.version as version7_68_10_, virtualnet10_.vnfm_id as vnfm_id8_68_10_ from physical_network_function_record_vnffgr vnffgr0_ inner join vnfforwarding_graph_record vnfforward1_ on vnffgr0_.vnffgr_id=vnfforward1_.id left outer join vnfforwarding_graph vnfforward2_ on vnfforward1_.descriptor_reference_id=vnfforward2_.id left outer join security security3_ on vnfforward2_.vnffgd_security_id=security3_.id left outer join network_forwarding_path networkfor4_ on vnfforward1_.network_forwarding_path_id=networkfor4_.id left outer join policy policy5_ on networkfor4_.policy_id=policy5_.id left outer join network_service_record networkser6_ on vnfforward1_.parent_ns_id=networkser6_.id left outer join ( select id, hb_version, vendor, version, descriptor_version, manifest_file, null as nsd_security_id, 1 as clazz_ from virtual_network_function_descriptor union select id, hb_version, vendor, version, null as descriptor_version, null as manifest_file, nsd_security_id, 2 as clazz_ from network_service_descriptor ) nfventityd7_ on networkser6_.descriptor_reference_Id=nfventityd7_.id left outer join lifecycle_event lifecyclee8_ on networkser6_.lifecycle_event_id=lifecyclee8_.id left outer join service_deployment_flavour servicedep9_ on networkser6_.service_deployment_flavour_id=servicedep9_.id left outer join virtual_network_function_record virtualnet10_ on networkser6_.vnfr_id=virtualnet10_.id where vnffgr0_.physical_network_function_record_id=?
14:11:16.314 [Test worker] DEBUG o.h.l.p.b.i.spaces.QuerySpacesImpl - Adding QuerySpace : uid = <gen:0> -> org.hibernate.loader.plan.build.internal.spaces.CollectionQuerySpaceImpl@16caac05]
14:11:16.314 [Test worker] DEBUG o.h.l.p.b.i.spaces.QuerySpacesImpl - Adding QuerySpace : uid = <gen:1> -> org.hibernate.loader.plan.build.internal.spaces.EntityQuerySpaceImpl@53e387f3]
14:11:16.314 [Test worker] DEBUG o.h.p.w.spi.MetamodelGraphWalker - Visiting attribute path : affinity
14:11:16.314 [Test worker] DEBUG o.h.p.w.spi.MetamodelGraphWalker - Visiting attribute path : capability
14:11:16.314 [Test worker] DEBUG o.h.p.w.spi.MetamodelGraphWalker - Visiting attribute path : number_of_instances
14:11:16.314 [Test worker] DEBUG o.h.p.w.spi.MetamodelGraphWalker - Visiting attribute path : redundancy_model
14:11:16.314 [Test worker] DEBUG o.h.p.w.spi.MetamodelGraphWalker - Visiting attribute path : version
14:11:16.314 [Test worker] DEBUG o.h.p.w.spi.MetamodelGraphWalker - Visiting attribute path : vnf_flavour_id_reference
14:11:16.314 [Test worker] DEBUG o.h.p.w.spi.MetamodelGraphWalker - Visiting attribute path : vnf_reference
14:11:16.314 [Test worker] DEBUG o.h.l.p.b.i.FetchStyleLoadPlanBuildingAssociationVisitationStrategy - Building LoadPlan...
14:11:16.314 [Test worker] DEBUG o.h.l.p.e.i.LoadQueryJoinAndFetchProcessor - processing queryspace <gen:0>
14:11:16.315 [Test worker] DEBUG o.h.l.p.b.spi.LoadPlanTreePrinter - LoadPlan(collection=org.project.neutrino.nfvo.catalogue.mano.descriptor.VNFForwardingGraph.constituent_vnfs)
    - Returns
       - CollectionReturnImpl(collection=org.project.neutrino.nfvo.catalogue.mano.descriptor.VNFForwardingGraph.constituent_vnfs, querySpaceUid=<gen:0>, path=[org.project.neutrino.nfvo.catalogue.mano.descriptor.VNFForwardingGraph.constituent_vnfs])
          - (collection element) CollectionFetchableElementEntityGraph(entity=org.project.neutrino.nfvo.catalogue.mano.common.CostituentVNF, querySpaceUid=<gen:1>, path=[org.project.neutrino.nfvo.catalogue.mano.descriptor.VNFForwardingGraph.constituent_vnfs].<elements>)
    - QuerySpaces
       - CollectionQuerySpaceImpl(uid=<gen:0>, collection=org.project.neutrino.nfvo.catalogue.mano.descriptor.VNFForwardingGraph.constituent_vnfs)
          - SQL table alias mapping - constituen0_
          - alias suffix - 0_
          - suffixed key columns - {vnfforwa1_87_0_}
          - entity-element alias suffix - 1_
          - 1_entity-element suffixed key columns - id1_6_1_
          - JOIN (JoinDefinedByMetadata(elements)) : <gen:0> -> <gen:1>
             - EntityQuerySpaceImpl(uid=<gen:1>, entity=org.project.neutrino.nfvo.catalogue.mano.common.CostituentVNF)
                - SQL table alias mapping - costituent1_
                - alias suffix - 1_
                - suffixed key columns - {id1_6_1_}

14:11:16.315 [Test worker] DEBUG o.h.l.c.plan.CollectionLoader - Static select for collection org.project.neutrino.nfvo.catalogue.mano.descriptor.VNFForwardingGraph.constituent_vnfs: select constituen0_.vnfforwarding_graph_id as vnfforwa1_87_0_, constituen0_.constituent_vnfs_id as constitu2_89_0_, costituent1_.id as id1_6_1_, costituent1_.affinity as affinity2_6_1_, costituent1_.capability as capabili3_6_1_, costituent1_.number_of_instances as number_o4_6_1_, costituent1_.redundancy_model as redundan5_6_1_, costituent1_.version as version6_6_1_, costituent1_.vnf_flavour_id_reference as vnf_flav7_6_1_, costituent1_.vnf_reference as vnf_refe8_6_1_ from vnfforwarding_graph_constituent_vnfs constituen0_ inner join costituentvnf costituent1_ on constituen0_.constituent_vnfs_id=costituent1_.id where constituen0_.vnfforwarding_graph_id=?
14:11:16.315 [Test worker] DEBUG o.h.l.p.b.i.spaces.QuerySpacesImpl - Adding QuerySpace : uid = <gen:0> -> org.hibernate.loader.plan.build.internal.spaces.CollectionQuerySpaceImpl@94d8786]
14:11:16.315 [Test worker] DEBUG o.h.l.p.b.i.FetchStyleLoadPlanBuildingAssociationVisitationStrategy - Building LoadPlan...
14:11:16.315 [Test worker] DEBUG o.h.l.p.e.i.LoadQueryJoinAndFetchProcessor - processing queryspace <gen:0>
14:11:16.315 [Test worker] DEBUG o.h.l.p.b.spi.LoadPlanTreePrinter - LoadPlan(collection=org.project.neutrino.nfvo.catalogue.mano.record.VNFForwardingGraphRecord.notification)
    - Returns
       - CollectionReturnImpl(collection=org.project.neutrino.nfvo.catalogue.mano.record.VNFForwardingGraphRecord.notification, querySpaceUid=<gen:0>, path=[org.project.neutrino.nfvo.catalogue.mano.record.VNFForwardingGraphRecord.notification])
    - QuerySpaces
       - CollectionQuerySpaceImpl(uid=<gen:0>, collection=org.project.neutrino.nfvo.catalogue.mano.record.VNFForwardingGraphRecord.notification)
          - SQL table alias mapping - notificati0_
          - alias suffix - 0_
          - suffixed key columns - {vnfforwa1_92_0_}

14:11:16.315 [Test worker] DEBUG o.h.l.c.plan.CollectionLoader - Static select for collection org.project.neutrino.nfvo.catalogue.mano.record.VNFForwardingGraphRecord.notification: select notificati0_.vnfforwarding_graph_record_id as vnfforwa1_92_0_, notificati0_.notification as notifica2_97_0_ from vnfforwarding_graph_record_notification notificati0_ where notificati0_.vnfforwarding_graph_record_id=?
14:11:16.315 [Test worker] DEBUG o.h.l.p.b.i.spaces.QuerySpacesImpl - Adding QuerySpace : uid = <gen:0> -> org.hibernate.loader.plan.build.internal.spaces.CollectionQuerySpaceImpl@7dee33fd]
14:11:16.315 [Test worker] DEBUG o.h.l.p.b.i.spaces.QuerySpacesImpl - Adding QuerySpace : uid = <gen:1> -> org.hibernate.loader.plan.build.internal.spaces.EntityQuerySpaceImpl@219767a2]
14:11:16.315 [Test worker] DEBUG o.h.p.w.spi.MetamodelGraphWalker - Visiting attribute path : allocated_capacity
14:11:16.315 [Test worker] DEBUG o.h.p.w.spi.MetamodelGraphWalker - Visiting attribute path : audit_log
14:11:16.315 [Test worker] DEBUG o.h.p.w.spi.MetamodelGraphWalker - Visiting attribute path : connection
14:11:16.315 [Test worker] DEBUG o.h.p.w.spi.MetamodelGraphWalker - Visiting attribute path : connectivity_type
14:11:16.315 [Test worker] DEBUG o.h.p.w.spi.MetamodelGraphWalker - Visiting attribute path : descriptor_reference
14:11:16.315 [Test worker] DEBUG o.h.p.w.spi.MetamodelGraphWalker - Visiting attribute path : leaf_requirement
14:11:16.315 [Test worker] DEBUG o.h.p.w.spi.MetamodelGraphWalker - Visiting attribute path : lifecycle_event_history
14:11:16.315 [Test worker] DEBUG o.h.l.p.b.i.spaces.QuerySpacesImpl - Adding QuerySpace : uid = <gen:2> -> org.hibernate.loader.plan.build.internal.spaces.CollectionQuerySpaceImpl@212771de]
14:11:16.316 [Test worker] DEBUG o.h.l.p.b.i.spaces.QuerySpacesImpl - Adding QuerySpace : uid = <gen:3> -> org.hibernate.loader.plan.build.internal.spaces.EntityQuerySpaceImpl@24a4b6d3]
14:11:16.316 [Test worker] DEBUG o.h.p.w.spi.MetamodelGraphWalker - Visiting attribute path : notification
14:11:16.316 [Test worker] DEBUG o.h.p.w.spi.MetamodelGraphWalker - Visiting attribute path : number_of_enpoints
14:11:16.316 [Test worker] DEBUG o.h.p.w.spi.MetamodelGraphWalker - Visiting attribute path : parent_ns
14:11:16.316 [Test worker] DEBUG o.h.p.w.spi.MetamodelGraphWalker - Visiting attribute path : qos
14:11:16.316 [Test worker] DEBUG o.h.p.w.spi.MetamodelGraphWalker - Visiting attribute path : root_requirement
14:11:16.316 [Test worker] DEBUG o.h.p.w.spi.MetamodelGraphWalker - Visiting attribute path : status
14:11:16.316 [Test worker] DEBUG o.h.p.w.spi.MetamodelGraphWalker - Visiting attribute path : test_access
14:11:16.316 [Test worker] DEBUG o.h.p.w.spi.MetamodelGraphWalker - Visiting attribute path : vendor
14:11:16.316 [Test worker] DEBUG o.h.p.w.spi.MetamodelGraphWalker - Visiting attribute path : version
14:11:16.316 [Test worker] DEBUG o.h.p.w.spi.MetamodelGraphWalker - Visiting attribute path : vim_id
14:11:16.316 [Test worker] DEBUG o.h.p.w.spi.MetamodelGraphWalker - Visiting attribute path : vnffgr_reference
14:11:16.316 [Test worker] DEBUG o.h.l.p.b.i.spaces.QuerySpacesImpl - Adding QuerySpace : uid = <gen:4> -> org.hibernate.loader.plan.build.internal.spaces.CollectionQuerySpaceImpl@39dee970]
14:11:16.316 [Test worker] DEBUG o.h.l.p.b.i.spaces.QuerySpacesImpl - Adding QuerySpace : uid = <gen:5> -> org.hibernate.loader.plan.build.internal.spaces.EntityQuerySpaceImpl@59afd5be]
14:11:16.316 [Test worker] DEBUG o.h.l.p.b.i.FetchStyleLoadPlanBuildingAssociationVisitationStrategy - Building LoadPlan...
14:11:16.316 [Test worker] DEBUG o.h.l.p.e.i.LoadQueryJoinAndFetchProcessor - processing queryspace <gen:0>
14:11:16.316 [Test worker] DEBUG o.h.l.p.b.spi.LoadPlanTreePrinter - LoadPlan(collection=org.project.neutrino.nfvo.catalogue.mano.record.VNFForwardingGraphRecord.dependent_virtual_link)
    - Returns
       - CollectionReturnImpl(collection=org.project.neutrino.nfvo.catalogue.mano.record.VNFForwardingGraphRecord.dependent_virtual_link, querySpaceUid=<gen:0>, path=[org.project.neutrino.nfvo.catalogue.mano.record.VNFForwardingGraphRecord.dependent_virtual_link])
          - (collection element) CollectionFetchableElementEntityGraph(entity=org.project.neutrino.nfvo.catalogue.mano.record.VirtualLinkRecord, querySpaceUid=<gen:1>, path=[org.project.neutrino.nfvo.catalogue.mano.record.VNFForwardingGraphRecord.dependent_virtual_link].<elements>)
             - CollectionAttributeFetchImpl(collection=org.project.neutrino.nfvo.catalogue.mano.record.VirtualLinkRecord.lifecycle_event_history, querySpaceUid=<gen:2>, path=[org.project.neutrino.nfvo.catalogue.mano.record.VNFForwardingGraphRecord.dependent_virtual_link].<elements>.lifecycle_event_history)
                - (collection element) CollectionFetchableElementEntityGraph(entity=org.project.neutrino.nfvo.catalogue.mano.common.LifecycleEvent, querySpaceUid=<gen:3>, path=[org.project.neutrino.nfvo.catalogue.mano.record.VNFForwardingGraphRecord.dependent_virtual_link].<elements>.lifecycle_event_history.<elements>)
             - CollectionAttributeFetchImpl(collection=org.project.neutrino.nfvo.catalogue.mano.record.VirtualLinkRecord.vnffgr_reference, querySpaceUid=<gen:4>, path=[org.project.neutrino.nfvo.catalogue.mano.record.VNFForwardingGraphRecord.dependent_virtual_link].<elements>.vnffgr_reference)
                - (collection element) CollectionFetchableElementEntityGraph(entity=org.project.neutrino.nfvo.catalogue.mano.record.VNFForwardingGraphRecord, querySpaceUid=<gen:5>, path=[org.project.neutrino.nfvo.catalogue.mano.record.VNFForwardingGraphRecord.dependent_virtual_link].<elements>.vnffgr_reference.<elements>)
    - QuerySpaces
       - CollectionQuerySpaceImpl(uid=<gen:0>, collection=org.project.neutrino.nfvo.catalogue.mano.record.VNFForwardingGraphRecord.dependent_virtual_link)
          - SQL table alias mapping - dependent_0_
          - alias suffix - 0_
          - suffixed key columns - {vnfforwa1_92_0_}
          - entity-element alias suffix - 1_
          - 1_entity-element suffixed key columns - id1_54_1_
          - JOIN (JoinDefinedByMetadata(elements)) : <gen:0> -> <gen:1>
             - EntityQuerySpaceImpl(uid=<gen:1>, entity=org.project.neutrino.nfvo.catalogue.mano.record.VirtualLinkRecord)
                - SQL table alias mapping - virtuallin1_
                - alias suffix - 1_
                - suffixed key columns - {id1_54_1_}

14:11:16.317 [Test worker] DEBUG o.h.l.c.plan.CollectionLoader - Static select for collection org.project.neutrino.nfvo.catalogue.mano.record.VNFForwardingGraphRecord.dependent_virtual_link: select dependent_0_.vnfforwarding_graph_record_id as vnfforwa1_92_0_, dependent_0_.dependent_virtual_link_id as dependen2_94_0_, virtuallin1_.id as id1_54_1_, virtuallin1_.connectivity_type as connecti2_54_1_, virtuallin1_.descriptor_reference as descript3_54_1_, virtuallin1_.leaf_requirement as leaf_req4_54_1_, virtuallin1_.number_of_enpoints as number_o5_54_1_, virtuallin1_.parent_ns as parent_n6_54_1_, virtuallin1_.root_requirement as root_req7_54_1_, virtuallin1_.status as status8_54_1_, virtuallin1_.test_access as test_acc9_54_1_, virtuallin1_.vendor as vendor10_54_1_, virtuallin1_.version as version11_54_1_, virtuallin1_.vim_id as vim_id12_54_1_ from vnfforwarding_graph_record_dependent_virtual_link dependent_0_ inner join virtual_link_record virtuallin1_ on dependent_0_.dependent_virtual_link_id=virtuallin1_.id where dependent_0_.vnfforwarding_graph_record_id=?
14:11:16.317 [Test worker] DEBUG o.h.l.p.b.i.spaces.QuerySpacesImpl - Adding QuerySpace : uid = <gen:0> -> org.hibernate.loader.plan.build.internal.spaces.CollectionQuerySpaceImpl@26f9daf2]
14:11:16.317 [Test worker] DEBUG o.h.p.w.spi.MetamodelGraphWalker - Visiting index for collection :  
14:11:16.317 [Test worker] DEBUG o.h.l.p.b.i.FetchStyleLoadPlanBuildingAssociationVisitationStrategy - Building LoadPlan...
14:11:16.317 [Test worker] DEBUG o.h.l.p.e.i.LoadQueryJoinAndFetchProcessor - processing queryspace <gen:0>
14:11:16.317 [Test worker] DEBUG o.h.l.p.b.spi.LoadPlanTreePrinter - LoadPlan(collection=org.project.neutrino.nfvo.catalogue.mano.common.LifecycleEvent.lifecycle_events)
    - Returns
       - CollectionReturnImpl(collection=org.project.neutrino.nfvo.catalogue.mano.common.LifecycleEvent.lifecycle_events, querySpaceUid=<gen:0>, path=[org.project.neutrino.nfvo.catalogue.mano.common.LifecycleEvent.lifecycle_events])
    - QuerySpaces
       - CollectionQuerySpaceImpl(uid=<gen:0>, collection=org.project.neutrino.nfvo.catalogue.mano.common.LifecycleEvent.lifecycle_events)
          - SQL table alias mapping - lifecycle_0_
          - alias suffix - 0_
          - suffixed key columns - {lifecycl1_10_0_}

14:11:16.317 [Test worker] DEBUG o.h.l.c.plan.CollectionLoader - Static select for collection org.project.neutrino.nfvo.catalogue.mano.common.LifecycleEvent.lifecycle_events: select lifecycle_0_.lifecycle_event_id as lifecycl1_10_0_, lifecycle_0_.lifecycle_events as lifecycl2_11_0_, lifecycle_0_.lifecycle_events_key as lifecycl3_0_ from lifecycle_event_lifecycle_events lifecycle_0_ where lifecycle_0_.lifecycle_event_id=?
14:11:16.317 [Test worker] DEBUG o.h.l.p.b.i.spaces.QuerySpacesImpl - Adding QuerySpace : uid = <gen:0> -> org.hibernate.loader.plan.build.internal.spaces.CollectionQuerySpaceImpl@783e68dc]
14:11:16.317 [Test worker] DEBUG o.h.l.p.b.i.FetchStyleLoadPlanBuildingAssociationVisitationStrategy - Building LoadPlan...
14:11:16.317 [Test worker] DEBUG o.h.l.p.e.i.LoadQueryJoinAndFetchProcessor - processing queryspace <gen:0>
14:11:16.317 [Test worker] DEBUG o.h.l.p.b.spi.LoadPlanTreePrinter - LoadPlan(collection=org.project.neutrino.nfvo.catalogue.mano.descriptor.VirtualLinkDescriptor.connection)
    - Returns
       - CollectionReturnImpl(collection=org.project.neutrino.nfvo.catalogue.mano.descriptor.VirtualLinkDescriptor.connection, querySpaceUid=<gen:0>, path=[org.project.neutrino.nfvo.catalogue.mano.descriptor.VirtualLinkDescriptor.connection])
    - QuerySpaces
       - CollectionQuerySpaceImpl(uid=<gen:0>, collection=org.project.neutrino.nfvo.catalogue.mano.descriptor.VirtualLinkDescriptor.connection)
          - SQL table alias mapping - connection0_
          - alias suffix - 0_
          - suffixed key columns - {virtual_1_0_0_}

14:11:16.317 [Test worker] DEBUG o.h.l.c.plan.CollectionLoader - Static select for collection org.project.neutrino.nfvo.catalogue.mano.descriptor.VirtualLinkDescriptor.connection: select connection0_.virtual_link_descriptor_id as virtual_1_0_0_, connection0_.connection as connecti2_53_0_ from virtual_link_descriptor_connection connection0_ where connection0_.virtual_link_descriptor_id=?
14:11:16.318 [Test worker] DEBUG o.h.l.p.b.i.spaces.QuerySpacesImpl - Adding QuerySpace : uid = <gen:0> -> org.hibernate.loader.plan.build.internal.spaces.CollectionQuerySpaceImpl@4e3b9bed]
14:11:16.318 [Test worker] DEBUG o.h.l.p.b.i.spaces.QuerySpacesImpl - Adding QuerySpace : uid = <gen:1> -> org.hibernate.loader.plan.build.internal.spaces.EntityQuerySpaceImpl@2b7a0cbb]
14:11:16.318 [Test worker] DEBUG o.h.p.w.spi.MetamodelGraphWalker - Visiting attribute path : computation_requirement
14:11:16.318 [Test worker] DEBUG o.h.p.w.spi.MetamodelGraphWalker - Visiting attribute path : high_availability
14:11:16.318 [Test worker] DEBUG o.h.p.w.spi.MetamodelGraphWalker - Visiting attribute path : lifecycle_event
14:11:16.318 [Test worker] DEBUG o.h.p.w.spi.MetamodelGraphWalker - Visiting attribute path : monitoring_parameter
14:11:16.318 [Test worker] DEBUG o.h.l.p.b.i.spaces.QuerySpacesImpl - Adding QuerySpace : uid = <gen:2> -> org.hibernate.loader.plan.build.internal.spaces.CollectionQuerySpaceImpl@35895b43]
14:11:16.318 [Test worker] DEBUG o.h.p.w.spi.MetamodelGraphWalker - Visiting attribute path : scale_in_out
14:11:16.318 [Test worker] DEBUG o.h.p.w.spi.MetamodelGraphWalker - Visiting attribute path : vdu_constraint
14:11:16.318 [Test worker] DEBUG o.h.p.w.spi.MetamodelGraphWalker - Visiting attribute path : version
14:11:16.318 [Test worker] DEBUG o.h.p.w.spi.MetamodelGraphWalker - Visiting attribute path : virtual_memory_resource_element
14:11:16.318 [Test worker] DEBUG o.h.p.w.spi.MetamodelGraphWalker - Visiting attribute path : virtual_network_bandwidth_resource
14:11:16.318 [Test worker] DEBUG o.h.p.w.spi.MetamodelGraphWalker - Visiting attribute path : vm_image
14:11:16.318 [Test worker] DEBUG o.h.l.p.b.i.spaces.QuerySpacesImpl - Adding QuerySpace : uid = <gen:3> -> org.hibernate.loader.plan.build.internal.spaces.CollectionQuerySpaceImpl@4cc6a72a]
14:11:16.318 [Test worker] DEBUG o.h.p.w.spi.MetamodelGraphWalker - Visiting attribute path : vnfc
14:11:16.318 [Test worker] DEBUG o.h.l.p.b.i.FetchStyleLoadPlanBuildingAssociationVisitationStrategy - Building LoadPlan...
14:11:16.318 [Test worker] DEBUG o.h.l.p.e.i.LoadQueryJoinAndFetchProcessor - processing queryspace <gen:0>
14:11:16.318 [Test worker] DEBUG o.h.l.p.b.spi.LoadPlanTreePrinter - LoadPlan(collection=org.project.neutrino.nfvo.catalogue.mano.descriptor.VirtualNetworkFunctionDescriptor.vdu)
    - Returns
       - CollectionReturnImpl(collection=org.project.neutrino.nfvo.catalogue.mano.descriptor.VirtualNetworkFunctionDescriptor.vdu, querySpaceUid=<gen:0>, path=[org.project.neutrino.nfvo.catalogue.mano.descriptor.VirtualNetworkFunctionDescriptor.vdu])
          - (collection element) CollectionFetchableElementEntityGraph(entity=org.project.neutrino.nfvo.catalogue.mano.descriptor.VirtualDeploymentUnit, querySpaceUid=<gen:1>, path=[org.project.neutrino.nfvo.catalogue.mano.descriptor.VirtualNetworkFunctionDescriptor.vdu].<elements>)
             - CollectionAttributeFetchImpl(collection=org.project.neutrino.nfvo.catalogue.mano.descriptor.VirtualDeploymentUnit.monitoring_parameter, querySpaceUid=<gen:2>, path=[org.project.neutrino.nfvo.catalogue.mano.descriptor.VirtualNetworkFunctionDescriptor.vdu].<elements>.monitoring_parameter)
             - CollectionAttributeFetchImpl(collection=org.project.neutrino.nfvo.catalogue.mano.descriptor.VirtualDeploymentUnit.vm_image, querySpaceUid=<gen:3>, path=[org.project.neutrino.nfvo.catalogue.mano.descriptor.VirtualNetworkFunctionDescriptor.vdu].<elements>.vm_image)
    - QuerySpaces
       - CollectionQuerySpaceImpl(uid=<gen:0>, collection=org.project.neutrino.nfvo.catalogue.mano.descriptor.VirtualNetworkFunctionDescriptor.vdu)
          - SQL table alias mapping - vdu0_
          - alias suffix - 0_
          - suffixed key columns - {virtual_1_27_0_}
          - entity-element alias suffix - 1_
          - 1_entity-element suffixed key columns - id1_47_1_
          - JOIN (JoinDefinedByMetadata(elements)) : <gen:0> -> <gen:1>
             - EntityQuerySpaceImpl(uid=<gen:1>, entity=org.project.neutrino.nfvo.catalogue.mano.descriptor.VirtualDeploymentUnit)
                - SQL table alias mapping - virtualdep1_
                - alias suffix - 1_
                - suffixed key columns - {id1_47_1_}

14:11:16.319 [Test worker] DEBUG o.h.l.c.plan.CollectionLoader - Static select for collection org.project.neutrino.nfvo.catalogue.mano.descriptor.VirtualNetworkFunctionDescriptor.vdu: select vdu0_.virtual_network_function_descriptor_Id as virtual_1_27_0_, vdu0_.vdu_id as vdu_id2_65_0_, virtualdep1_.id as id1_47_1_, virtualdep1_.computation_requirement as computat2_47_1_, virtualdep1_.high_availability as high_ava3_47_1_, virtualdep1_.scale_in_out as scale_in4_47_1_, virtualdep1_.vdu_constraint as vdu_cons5_47_1_, virtualdep1_.version as version6_47_1_, virtualdep1_.virtual_memory_resource_element as virtual_7_47_1_, virtualdep1_.virtual_network_bandwidth_resource as virtual_8_47_1_ from virtual_network_function_descriptor_vdu vdu0_ inner join virtual_deployment_unit virtualdep1_ on vdu0_.vdu_id=virtualdep1_.id where vdu0_.virtual_network_function_descriptor_Id=?
14:11:16.319 [Test worker] DEBUG o.h.l.p.b.i.spaces.QuerySpacesImpl - Adding QuerySpace : uid = <gen:0> -> org.hibernate.loader.plan.build.internal.spaces.CollectionQuerySpaceImpl@608ddc7]
14:11:16.319 [Test worker] DEBUG o.h.l.p.b.i.spaces.QuerySpacesImpl - Adding QuerySpace : uid = <gen:1> -> org.hibernate.loader.plan.build.internal.spaces.EntityQuerySpaceImpl@301836e9]
14:11:16.319 [Test worker] DEBUG o.h.p.w.spi.MetamodelGraphWalker - Visiting attribute path : connection_point
14:11:16.319 [Test worker] DEBUG o.h.p.w.spi.MetamodelGraphWalker - Visiting attribute path : version
14:11:16.319 [Test worker] DEBUG o.h.l.p.b.i.FetchStyleLoadPlanBuildingAssociationVisitationStrategy - Building LoadPlan...
14:11:16.319 [Test worker] DEBUG o.h.l.p.e.i.LoadQueryJoinAndFetchProcessor - processing queryspace <gen:0>
14:11:16.319 [Test worker] DEBUG o.h.l.p.b.spi.LoadPlanTreePrinter - LoadPlan(collection=org.project.neutrino.nfvo.catalogue.mano.descriptor.VirtualDeploymentUnit.vnfc)
    - Returns
       - CollectionReturnImpl(collection=org.project.neutrino.nfvo.catalogue.mano.descriptor.VirtualDeploymentUnit.vnfc, querySpaceUid=<gen:0>, path=[org.project.neutrino.nfvo.catalogue.mano.descriptor.VirtualDeploymentUnit.vnfc])
          - (collection element) CollectionFetchableElementEntityGraph(entity=org.project.neutrino.nfvo.catalogue.mano.descriptor.VNFComponent, querySpaceUid=<gen:1>, path=[org.project.neutrino.nfvo.catalogue.mano.descriptor.VirtualDeploymentUnit.vnfc].<elements>)
    - QuerySpaces
       - CollectionQuerySpaceImpl(uid=<gen:0>, collection=org.project.neutrino.nfvo.catalogue.mano.descriptor.VirtualDeploymentUnit.vnfc)
          - SQL table alias mapping - vnfc0_
          - alias suffix - 0_
          - suffixed key columns - {virtual_1_47_0_}
          - entity-element alias suffix - 1_
          - 1_entity-element suffixed key columns - id1_80_1_
          - JOIN (JoinDefinedByMetadata(elements)) : <gen:0> -> <gen:1>
             - EntityQuerySpaceImpl(uid=<gen:1>, entity=org.project.neutrino.nfvo.catalogue.mano.descriptor.VNFComponent)
                - SQL table alias mapping - vnfcompone1_
                - alias suffix - 1_
                - suffixed key columns - {id1_80_1_}

14:11:16.319 [Test worker] DEBUG o.h.l.c.plan.CollectionLoader - Static select for collection org.project.neutrino.nfvo.catalogue.mano.descriptor.VirtualDeploymentUnit.vnfc: select vnfc0_.virtual_deployment_unit_id as virtual_1_47_0_, vnfc0_.vnfc_id as vnfc_id2_51_0_, vnfcompone1_.id as id1_80_1_, vnfcompone1_.version as version2_80_1_ from virtual_deployment_unit_vnfc vnfc0_ inner join vnfcomponent vnfcompone1_ on vnfc0_.vnfc_id=vnfcompone1_.id where vnfc0_.virtual_deployment_unit_id=?
14:11:16.319 [Test worker] DEBUG o.h.l.p.b.i.spaces.QuerySpacesImpl - Adding QuerySpace : uid = <gen:0> -> org.hibernate.loader.plan.build.internal.spaces.CollectionQuerySpaceImpl@4e514440]
14:11:16.319 [Test worker] DEBUG o.h.l.p.b.i.spaces.QuerySpacesImpl - Adding QuerySpace : uid = <gen:1> -> org.hibernate.loader.plan.build.internal.spaces.EntityQuerySpaceImpl@3957edeb]
14:11:16.320 [Test worker] DEBUG o.h.p.w.spi.MetamodelGraphWalker - Visiting attribute path : source
14:11:16.320 [Test worker] DEBUG o.h.l.p.b.i.spaces.QuerySpacesImpl - Adding QuerySpace : uid = <gen:2> -> org.hibernate.loader.plan.build.internal.spaces.EntityQuerySpaceImpl@db3cbc9]
14:11:16.320 [Test worker] DEBUG o.h.p.w.spi.MetamodelGraphWalker - Visiting attribute path : source.auto_scale_policy
14:11:16.320 [Test worker] DEBUG o.h.p.w.spi.MetamodelGraphWalker - Visiting attribute path : source.connection_point
14:11:16.320 [Test worker] DEBUG o.h.p.w.spi.MetamodelGraphWalker - Visiting attribute path : source.hb_version
14:11:16.320 [Test worker] DEBUG o.h.p.w.spi.MetamodelGraphWalker - Visiting attribute path : source.lifecycle_event
14:11:16.320 [Test worker] DEBUG o.h.p.w.spi.MetamodelGraphWalker - Visiting attribute path : source.monitoring_parameter
14:11:16.320 [Test worker] DEBUG o.h.l.p.b.i.spaces.QuerySpacesImpl - Adding QuerySpace : uid = <gen:3> -> org.hibernate.loader.plan.build.internal.spaces.CollectionQuerySpaceImpl@e41ca9a]
14:11:16.320 [Test worker] DEBUG o.h.p.w.spi.MetamodelGraphWalker - Visiting attribute path : source.service_deployment_flavour
14:11:16.320 [Test worker] DEBUG o.h.p.w.spi.MetamodelGraphWalker - Visiting attribute path : source.vendor
14:11:16.320 [Test worker] DEBUG o.h.p.w.spi.MetamodelGraphWalker - Visiting attribute path : source.version
14:11:16.320 [Test worker] DEBUG o.h.p.w.spi.MetamodelGraphWalker - Visiting attribute path : source.vld
14:11:16.320 [Test worker] DEBUG o.h.p.w.spi.MetamodelGraphWalker - Visiting attribute path : source.vnffgd
14:11:16.320 [Test worker] DEBUG o.h.p.w.spi.MetamodelGraphWalker - Visiting attribute path : source.deployment_flavour
14:11:16.320 [Test worker] DEBUG o.h.l.p.b.i.spaces.QuerySpacesImpl - Adding QuerySpace : uid = <gen:4> -> org.hibernate.loader.plan.build.internal.spaces.CollectionQuerySpaceImpl@15c4bc6]
14:11:16.320 [Test worker] DEBUG o.h.l.p.b.i.spaces.QuerySpacesImpl - Adding QuerySpace : uid = <gen:5> -> org.hibernate.loader.plan.build.internal.spaces.EntityQuerySpaceImpl@5272b4dc]
14:11:16.320 [Test worker] DEBUG o.h.p.w.spi.MetamodelGraphWalker - Visiting attribute path : source.descriptor_version
14:11:16.320 [Test worker] DEBUG o.h.p.w.spi.MetamodelGraphWalker - Visiting attribute path : source.manifest_file
14:11:16.320 [Test worker] DEBUG o.h.p.w.spi.MetamodelGraphWalker - Visiting attribute path : source.manifest_file_security
14:11:16.320 [Test worker] DEBUG o.h.p.w.spi.MetamodelGraphWalker - Visiting attribute path : source.vdu
14:11:16.320 [Test worker] DEBUG o.h.p.w.spi.MetamodelGraphWalker - Visiting attribute path : source.vdu_dependency
14:11:16.320 [Test worker] DEBUG o.h.p.w.spi.MetamodelGraphWalker - Visiting attribute path : source.virtual_link
14:11:16.320 [Test worker] DEBUG o.h.p.w.spi.MetamodelGraphWalker - Visiting attribute path : target
14:11:16.320 [Test worker] DEBUG o.h.l.p.b.i.spaces.QuerySpacesImpl - Adding QuerySpace : uid = <gen:6> -> org.hibernate.loader.plan.build.internal.spaces.EntityQuerySpaceImpl@68c001cd]
14:11:16.320 [Test worker] DEBUG o.h.p.w.spi.MetamodelGraphWalker - Visiting attribute path : target.auto_scale_policy
14:11:16.320 [Test worker] DEBUG o.h.p.w.spi.MetamodelGraphWalker - Visiting attribute path : target.connection_point
14:11:16.320 [Test worker] DEBUG o.h.p.w.spi.MetamodelGraphWalker - Visiting attribute path : target.hb_version
14:11:16.320 [Test worker] DEBUG o.h.p.w.spi.MetamodelGraphWalker - Visiting attribute path : target.lifecycle_event
14:11:16.321 [Test worker] DEBUG o.h.p.w.spi.MetamodelGraphWalker - Visiting attribute path : target.monitoring_parameter
14:11:16.321 [Test worker] DEBUG o.h.l.p.b.i.spaces.QuerySpacesImpl - Adding QuerySpace : uid = <gen:7> -> org.hibernate.loader.plan.build.internal.spaces.CollectionQuerySpaceImpl@7c4f7575]
14:11:16.321 [Test worker] DEBUG o.h.p.w.spi.MetamodelGraphWalker - Visiting attribute path : target.service_deployment_flavour
14:11:16.321 [Test worker] DEBUG o.h.p.w.spi.MetamodelGraphWalker - Visiting attribute path : target.vendor
14:11:16.321 [Test worker] DEBUG o.h.p.w.spi.MetamodelGraphWalker - Visiting attribute path : target.version
14:11:16.321 [Test worker] DEBUG o.h.p.w.spi.MetamodelGraphWalker - Visiting attribute path : target.vld
14:11:16.321 [Test worker] DEBUG o.h.p.w.spi.MetamodelGraphWalker - Visiting attribute path : target.vnffgd
14:11:16.321 [Test worker] DEBUG o.h.p.w.spi.MetamodelGraphWalker - Visiting attribute path : target.deployment_flavour
14:11:16.321 [Test worker] DEBUG o.h.l.p.b.i.spaces.QuerySpacesImpl - Adding QuerySpace : uid = <gen:8> -> org.hibernate.loader.plan.build.internal.spaces.CollectionQuerySpaceImpl@44a89415]
14:11:16.321 [Test worker] DEBUG o.h.l.p.b.i.spaces.QuerySpacesImpl - Adding QuerySpace : uid = <gen:9> -> org.hibernate.loader.plan.build.internal.spaces.EntityQuerySpaceImpl@179211ea]
14:11:16.321 [Test worker] DEBUG o.h.p.w.spi.MetamodelGraphWalker - Visiting attribute path : target.descriptor_version
14:11:16.321 [Test worker] DEBUG o.h.p.w.spi.MetamodelGraphWalker - Visiting attribute path : target.manifest_file
14:11:16.321 [Test worker] DEBUG o.h.p.w.spi.MetamodelGraphWalker - Visiting attribute path : target.manifest_file_security
14:11:16.321 [Test worker] DEBUG o.h.p.w.spi.MetamodelGraphWalker - Visiting attribute path : target.vdu
14:11:16.321 [Test worker] DEBUG o.h.p.w.spi.MetamodelGraphWalker - Visiting attribute path : target.vdu_dependency
14:11:16.321 [Test worker] DEBUG o.h.p.w.spi.MetamodelGraphWalker - Visiting attribute path : target.virtual_link
14:11:16.321 [Test worker] DEBUG o.h.p.w.spi.MetamodelGraphWalker - Visiting attribute path : version
14:11:16.321 [Test worker] DEBUG o.h.l.p.b.i.FetchStyleLoadPlanBuildingAssociationVisitationStrategy - Building LoadPlan...
14:11:16.321 [Test worker] DEBUG o.h.l.p.e.i.LoadQueryJoinAndFetchProcessor - processing queryspace <gen:0>
14:11:16.322 [Test worker] DEBUG o.h.l.p.b.spi.LoadPlanTreePrinter - LoadPlan(collection=org.project.neutrino.nfvo.catalogue.mano.record.NetworkServiceRecord.vnf_dependency)
    - Returns
       - CollectionReturnImpl(collection=org.project.neutrino.nfvo.catalogue.mano.record.NetworkServiceRecord.vnf_dependency, querySpaceUid=<gen:0>, path=[org.project.neutrino.nfvo.catalogue.mano.record.NetworkServiceRecord.vnf_dependency])
          - (collection element) CollectionFetchableElementEntityGraph(entity=org.project.neutrino.nfvo.catalogue.mano.common.VNFDependency, querySpaceUid=<gen:1>, path=[org.project.neutrino.nfvo.catalogue.mano.record.NetworkServiceRecord.vnf_dependency].<elements>)
             - EntityAttributeFetchImpl(entity=org.project.neutrino.nfvo.catalogue.mano.descriptor.VirtualNetworkFunctionDescriptor, querySpaceUid=<gen:2>, path=[org.project.neutrino.nfvo.catalogue.mano.record.NetworkServiceRecord.vnf_dependency].<elements>.source)
                - CollectionAttributeFetchImpl(collection=org.project.neutrino.nfvo.catalogue.mano.common.NFVEntityDescriptor.monitoring_parameter, querySpaceUid=<gen:3>, path=[org.project.neutrino.nfvo.catalogue.mano.record.NetworkServiceRecord.vnf_dependency].<elements>.source.monitoring_parameter)
                - CollectionAttributeFetchImpl(collection=org.project.neutrino.nfvo.catalogue.mano.descriptor.VirtualNetworkFunctionDescriptor.deployment_flavour, querySpaceUid=<gen:4>, path=[org.project.neutrino.nfvo.catalogue.mano.record.NetworkServiceRecord.vnf_dependency].<elements>.source.deployment_flavour)
                   - (collection element) CollectionFetchableElementEntityGraph(entity=org.project.neutrino.nfvo.catalogue.mano.descriptor.VNFDDeploymentFlavour, querySpaceUid=<gen:5>, path=[org.project.neutrino.nfvo.catalogue.mano.record.NetworkServiceRecord.vnf_dependency].<elements>.source.deployment_flavour.<elements>)
             - EntityAttributeFetchImpl(entity=org.project.neutrino.nfvo.catalogue.mano.descriptor.VirtualNetworkFunctionDescriptor, querySpaceUid=<gen:6>, path=[org.project.neutrino.nfvo.catalogue.mano.record.NetworkServiceRecord.vnf_dependency].<elements>.target)
                - CollectionAttributeFetchImpl(collection=org.project.neutrino.nfvo.catalogue.mano.common.NFVEntityDescriptor.monitoring_parameter, querySpaceUid=<gen:7>, path=[org.project.neutrino.nfvo.catalogue.mano.record.NetworkServiceRecord.vnf_dependency].<elements>.target.monitoring_parameter)
                - CollectionAttributeFetchImpl(collection=org.project.neutrino.nfvo.catalogue.mano.descriptor.VirtualNetworkFunctionDescriptor.deployment_flavour, querySpaceUid=<gen:8>, path=[org.project.neutrino.nfvo.catalogue.mano.record.NetworkServiceRecord.vnf_dependency].<elements>.target.deployment_flavour)
                   - (collection element) CollectionFetchableElementEntityGraph(entity=org.project.neutrino.nfvo.catalogue.mano.descriptor.VNFDDeploymentFlavour, querySpaceUid=<gen:9>, path=[org.project.neutrino.nfvo.catalogue.mano.record.NetworkServiceRecord.vnf_dependency].<elements>.target.deployment_flavour.<elements>)
    - QuerySpaces
       - CollectionQuerySpaceImpl(uid=<gen:0>, collection=org.project.neutrino.nfvo.catalogue.mano.record.NetworkServiceRecord.vnf_dependency)
          - SQL table alias mapping - vnf_depend0_
          - alias suffix - 0_
          - suffixed key columns - {network_1_18_0_}
          - entity-element alias suffix - 1_
          - 1_entity-element suffixed key columns - id1_86_1_
          - JOIN (JoinDefinedByMetadata(elements)) : <gen:0> -> <gen:1>
             - EntityQuerySpaceImpl(uid=<gen:1>, entity=org.project.neutrino.nfvo.catalogue.mano.common.VNFDependency)
                - SQL table alias mapping - vnfdepende1_
                - alias suffix - 1_
                - suffixed key columns - {id1_86_1_}
                - JOIN (JoinDefinedByMetadata(source)) : <gen:1> -> <gen:2>
                   - EntityQuerySpaceImpl(uid=<gen:2>, entity=org.project.neutrino.nfvo.catalogue.mano.descriptor.VirtualNetworkFunctionDescriptor)
                      - SQL table alias mapping - virtualnet2_
                      - alias suffix - 2_
                      - suffixed key columns - {id1_27_2_}
                - JOIN (JoinDefinedByMetadata(target)) : <gen:1> -> <gen:6>
                   - EntityQuerySpaceImpl(uid=<gen:6>, entity=org.project.neutrino.nfvo.catalogue.mano.descriptor.VirtualNetworkFunctionDescriptor)
                      - SQL table alias mapping - virtualnet3_
                      - alias suffix - 3_
                      - suffixed key columns - {id1_27_3_}

14:11:16.322 [Test worker] DEBUG o.h.l.c.plan.CollectionLoader - Static select for collection org.project.neutrino.nfvo.catalogue.mano.record.NetworkServiceRecord.vnf_dependency: select vnf_depend0_.network_service_record_id as network_1_18_0_, vnf_depend0_.vnf_dependency_id as vnf_depe2_25_0_, vnfdepende1_.id as id1_86_1_, vnfdepende1_.source_Id as source_I3_86_1_, vnfdepende1_.target_Id as target_I4_86_1_, vnfdepende1_.version as version2_86_1_, virtualnet2_.id as id1_27_2_, virtualnet2_.hb_version as hb_versi2_27_2_, virtualnet2_.vendor as vendor3_27_2_, virtualnet2_.version as version4_27_2_, virtualnet2_.descriptor_version as descript1_62_2_, virtualnet2_.manifest_file as manifest2_62_2_, virtualnet3_.id as id1_27_3_, virtualnet3_.hb_version as hb_versi2_27_3_, virtualnet3_.vendor as vendor3_27_3_, virtualnet3_.version as version4_27_3_, virtualnet3_.descriptor_version as descript1_62_3_, virtualnet3_.manifest_file as manifest2_62_3_ from network_service_record_vnf_dependency vnf_depend0_ inner join vnfdependency vnfdepende1_ on vnf_depend0_.vnf_dependency_id=vnfdepende1_.id left outer join virtual_network_function_descriptor virtualnet2_ on vnfdepende1_.source_Id=virtualnet2_.id left outer join virtual_network_function_descriptor virtualnet3_ on vnfdepende1_.target_Id=virtualnet3_.id where vnf_depend0_.network_service_record_id=?
14:11:16.322 [Test worker] DEBUG o.h.l.p.b.i.spaces.QuerySpacesImpl - Adding QuerySpace : uid = <gen:0> -> org.hibernate.loader.plan.build.internal.spaces.CollectionQuerySpaceImpl@76d625bc]
14:11:16.322 [Test worker] DEBUG o.h.l.p.b.i.FetchStyleLoadPlanBuildingAssociationVisitationStrategy - Building LoadPlan...
14:11:16.322 [Test worker] DEBUG o.h.l.p.e.i.LoadQueryJoinAndFetchProcessor - processing queryspace <gen:0>
14:11:16.322 [Test worker] DEBUG o.h.l.p.b.spi.LoadPlanTreePrinter - LoadPlan(collection=org.project.neutrino.nfvo.catalogue.mano.record.VirtualNetworkFunctionRecord.monitoring_parameter)
    - Returns
       - CollectionReturnImpl(collection=org.project.neutrino.nfvo.catalogue.mano.record.VirtualNetworkFunctionRecord.monitoring_parameter, querySpaceUid=<gen:0>, path=[org.project.neutrino.nfvo.catalogue.mano.record.VirtualNetworkFunctionRecord.monitoring_parameter])
    - QuerySpaces
       - CollectionQuerySpaceImpl(uid=<gen:0>, collection=org.project.neutrino.nfvo.catalogue.mano.record.VirtualNetworkFunctionRecord.monitoring_parameter)
          - SQL table alias mapping - monitoring0_
          - alias suffix - 0_
          - suffixed key columns - {virtual_1_68_0_}

14:11:16.322 [Test worker] DEBUG o.h.l.c.plan.CollectionLoader - Static select for collection org.project.neutrino.nfvo.catalogue.mano.record.VirtualNetworkFunctionRecord.monitoring_parameter: select monitoring0_.virtual_network_function_record_id as virtual_1_68_0_, monitoring0_.monitoring_parameter as monitori2_74_0_ from virtual_network_function_record_monitoring_parameter monitoring0_ where monitoring0_.virtual_network_function_record_id=?
14:11:16.322 [Test worker] DEBUG o.h.l.p.b.i.spaces.QuerySpacesImpl - Adding QuerySpace : uid = <gen:0> -> org.hibernate.loader.plan.build.internal.spaces.CollectionQuerySpaceImpl@3eefc773]
14:11:16.322 [Test worker] DEBUG o.h.l.p.b.i.spaces.QuerySpacesImpl - Adding QuerySpace : uid = <gen:1> -> org.hibernate.loader.plan.build.internal.spaces.EntityQuerySpaceImpl@700f6f4c]
14:11:16.322 [Test worker] DEBUG o.h.p.w.spi.MetamodelGraphWalker - Visiting attribute path : affinity
14:11:16.322 [Test worker] DEBUG o.h.p.w.spi.MetamodelGraphWalker - Visiting attribute path : capability
14:11:16.322 [Test worker] DEBUG o.h.p.w.spi.MetamodelGraphWalker - Visiting attribute path : number_of_instances
14:11:16.322 [Test worker] DEBUG o.h.p.w.spi.MetamodelGraphWalker - Visiting attribute path : redundancy_model
14:11:16.322 [Test worker] DEBUG o.h.p.w.spi.MetamodelGraphWalker - Visiting attribute path : version
14:11:16.323 [Test worker] DEBUG o.h.p.w.spi.MetamodelGraphWalker - Visiting attribute path : vnf_flavour_id_reference
14:11:16.323 [Test worker] DEBUG o.h.p.w.spi.MetamodelGraphWalker - Visiting attribute path : vnf_reference
14:11:16.323 [Test worker] DEBUG o.h.l.p.b.i.FetchStyleLoadPlanBuildingAssociationVisitationStrategy - Building LoadPlan...
14:11:16.323 [Test worker] DEBUG o.h.l.p.e.i.LoadQueryJoinAndFetchProcessor - processing queryspace <gen:0>
14:11:16.323 [Test worker] DEBUG o.h.l.p.b.spi.LoadPlanTreePrinter - LoadPlan(collection=org.project.neutrino.nfvo.catalogue.mano.common.ServiceDeploymentFlavour.constituent_vnf)
    - Returns
       - CollectionReturnImpl(collection=org.project.neutrino.nfvo.catalogue.mano.common.ServiceDeploymentFlavour.constituent_vnf, querySpaceUid=<gen:0>, path=[org.project.neutrino.nfvo.catalogue.mano.common.ServiceDeploymentFlavour.constituent_vnf])
          - (collection element) CollectionFetchableElementEntityGraph(entity=org.project.neutrino.nfvo.catalogue.mano.common.CostituentVNF, querySpaceUid=<gen:1>, path=[org.project.neutrino.nfvo.catalogue.mano.common.ServiceDeploymentFlavour.constituent_vnf].<elements>)
    - QuerySpaces
       - CollectionQuerySpaceImpl(uid=<gen:0>, collection=org.project.neutrino.nfvo.catalogue.mano.common.ServiceDeploymentFlavour.constituent_vnf)
          - SQL table alias mapping - constituen0_
          - alias suffix - 0_
          - suffixed key columns - {service_1_7_0_}
          - entity-element alias suffix - 1_
          - 1_entity-element suffixed key columns - id1_6_1_
          - JOIN (JoinDefinedByMetadata(elements)) : <gen:0> -> <gen:1>
             - EntityQuerySpaceImpl(uid=<gen:1>, entity=org.project.neutrino.nfvo.catalogue.mano.common.CostituentVNF)
                - SQL table alias mapping - costituent1_
                - alias suffix - 1_
                - suffixed key columns - {id1_6_1_}

14:11:16.323 [Test worker] DEBUG o.h.l.c.plan.CollectionLoader - Static select for collection org.project.neutrino.nfvo.catalogue.mano.common.ServiceDeploymentFlavour.constituent_vnf: select constituen0_.service_deployment_flavour_id as service_1_7_0_, constituen0_.constituent_vnf_id as constitu2_45_0_, costituent1_.id as id1_6_1_, costituent1_.affinity as affinity2_6_1_, costituent1_.capability as capabili3_6_1_, costituent1_.number_of_instances as number_o4_6_1_, costituent1_.redundancy_model as redundan5_6_1_, costituent1_.version as version6_6_1_, costituent1_.vnf_flavour_id_reference as vnf_flav7_6_1_, costituent1_.vnf_reference as vnf_refe8_6_1_ from service_deployment_flavour_constituent_vnf constituen0_ inner join costituentvnf costituent1_ on constituen0_.constituent_vnf_id=costituent1_.id where constituen0_.service_deployment_flavour_id=?
14:11:16.323 [Test worker] DEBUG o.h.l.p.b.i.spaces.QuerySpacesImpl - Adding QuerySpace : uid = <gen:0> -> org.hibernate.loader.plan.build.internal.spaces.CollectionQuerySpaceImpl@3fdcc849]
14:11:16.323 [Test worker] DEBUG o.h.l.p.b.i.FetchStyleLoadPlanBuildingAssociationVisitationStrategy - Building LoadPlan...
14:11:16.323 [Test worker] DEBUG o.h.l.p.e.i.LoadQueryJoinAndFetchProcessor - processing queryspace <gen:0>
14:11:16.323 [Test worker] DEBUG o.h.l.p.b.spi.LoadPlanTreePrinter - LoadPlan(collection=org.project.neutrino.nfvo.catalogue.mano.common.AbstractVirtualLink.qos)
    - Returns
       - CollectionReturnImpl(collection=org.project.neutrino.nfvo.catalogue.mano.common.AbstractVirtualLink.qos, querySpaceUid=<gen:0>, path=[org.project.neutrino.nfvo.catalogue.mano.common.AbstractVirtualLink.qos])
    - QuerySpaces
       - CollectionQuerySpaceImpl(uid=<gen:0>, collection=org.project.neutrino.nfvo.catalogue.mano.common.AbstractVirtualLink.qos)
          - SQL table alias mapping - qos0_
          - alias suffix - 0_
          - suffixed key columns - {abstract1_0_0_}

14:11:16.323 [Test worker] DEBUG o.h.l.c.plan.CollectionLoader - Static select for collection org.project.neutrino.nfvo.catalogue.mano.common.AbstractVirtualLink.qos: select qos0_.abstract_virtual_link_id as abstract1_0_0_, qos0_.qos as qos2_1_0_ from abstract_virtual_link_qos qos0_ where qos0_.abstract_virtual_link_id=?
14:11:16.324 [Test worker] DEBUG o.h.l.p.b.i.spaces.QuerySpacesImpl - Adding QuerySpace : uid = <gen:0> -> org.hibernate.loader.plan.build.internal.spaces.CollectionQuerySpaceImpl@29a59249]
14:11:16.324 [Test worker] DEBUG o.h.l.p.b.i.spaces.QuerySpacesImpl - Adding QuerySpace : uid = <gen:1> -> org.hibernate.loader.plan.build.internal.spaces.EntityQuerySpaceImpl@35270bfb]
14:11:16.324 [Test worker] DEBUG o.h.p.w.spi.MetamodelGraphWalker - Visiting attribute path : lifecycle_events
14:11:16.324 [Test worker] DEBUG o.h.p.w.spi.MetamodelGraphWalker - Visiting attribute path : version
14:11:16.324 [Test worker] DEBUG o.h.l.p.b.i.FetchStyleLoadPlanBuildingAssociationVisitationStrategy - Building LoadPlan...
14:11:16.324 [Test worker] DEBUG o.h.l.p.e.i.LoadQueryJoinAndFetchProcessor - processing queryspace <gen:0>
14:11:16.324 [Test worker] DEBUG o.h.l.p.b.spi.LoadPlanTreePrinter - LoadPlan(collection=org.project.neutrino.nfvo.catalogue.mano.descriptor.VirtualDeploymentUnit.lifecycle_event)
    - Returns
       - CollectionReturnImpl(collection=org.project.neutrino.nfvo.catalogue.mano.descriptor.VirtualDeploymentUnit.lifecycle_event, querySpaceUid=<gen:0>, path=[org.project.neutrino.nfvo.catalogue.mano.descriptor.VirtualDeploymentUnit.lifecycle_event])
          - (collection element) CollectionFetchableElementEntityGraph(entity=org.project.neutrino.nfvo.catalogue.mano.common.LifecycleEvent, querySpaceUid=<gen:1>, path=[org.project.neutrino.nfvo.catalogue.mano.descriptor.VirtualDeploymentUnit.lifecycle_event].<elements>)
    - QuerySpaces
       - CollectionQuerySpaceImpl(uid=<gen:0>, collection=org.project.neutrino.nfvo.catalogue.mano.descriptor.VirtualDeploymentUnit.lifecycle_event)
          - SQL table alias mapping - lifecycle_0_
          - alias suffix - 0_
          - suffixed key columns - {virtual_1_47_0_}
          - entity-element alias suffix - 1_
          - 1_entity-element suffixed key columns - id1_10_1_
          - JOIN (JoinDefinedByMetadata(elements)) : <gen:0> -> <gen:1>
             - EntityQuerySpaceImpl(uid=<gen:1>, entity=org.project.neutrino.nfvo.catalogue.mano.common.LifecycleEvent)
                - SQL table alias mapping - lifecyclee1_
                - alias suffix - 1_
                - suffixed key columns - {id1_10_1_}

14:11:16.324 [Test worker] DEBUG o.h.l.c.plan.CollectionLoader - Static select for collection org.project.neutrino.nfvo.catalogue.mano.descriptor.VirtualDeploymentUnit.lifecycle_event: select lifecycle_0_.virtual_deployment_unit_id as virtual_1_47_0_, lifecycle_0_.lifecycle_event_id as lifecycl2_48_0_, lifecyclee1_.id as id1_10_1_, lifecyclee1_.version as version2_10_1_ from virtual_deployment_unit_lifecycle_event lifecycle_0_ inner join lifecycle_event lifecyclee1_ on lifecycle_0_.lifecycle_event_id=lifecyclee1_.id where lifecycle_0_.virtual_deployment_unit_id=?
14:11:16.324 [Test worker] DEBUG o.h.l.p.b.i.spaces.QuerySpacesImpl - Adding QuerySpace : uid = <gen:0> -> org.hibernate.loader.plan.build.internal.spaces.CollectionQuerySpaceImpl@22bc5a59]
14:11:16.324 [Test worker] DEBUG o.h.l.p.b.i.spaces.QuerySpacesImpl - Adding QuerySpace : uid = <gen:1> -> org.hibernate.loader.plan.build.internal.spaces.EntityQuerySpaceImpl@7bcf9adf]
14:11:16.324 [Test worker] DEBUG o.h.p.w.spi.MetamodelGraphWalker - Visiting attribute path : allocated_capacity
14:11:16.325 [Test worker] DEBUG o.h.p.w.spi.MetamodelGraphWalker - Visiting attribute path : audit_log
14:11:16.325 [Test worker] DEBUG o.h.p.w.spi.MetamodelGraphWalker - Visiting attribute path : connection
14:11:16.325 [Test worker] DEBUG o.h.p.w.spi.MetamodelGraphWalker - Visiting attribute path : connectivity_type
14:11:16.325 [Test worker] DEBUG o.h.p.w.spi.MetamodelGraphWalker - Visiting attribute path : descriptor_reference
14:11:16.325 [Test worker] DEBUG o.h.p.w.spi.MetamodelGraphWalker - Visiting attribute path : leaf_requirement
14:11:16.325 [Test worker] DEBUG o.h.p.w.spi.MetamodelGraphWalker - Visiting attribute path : lifecycle_event_history
14:11:16.325 [Test worker] DEBUG o.h.l.p.b.i.spaces.QuerySpacesImpl - Adding QuerySpace : uid = <gen:2> -> org.hibernate.loader.plan.build.internal.spaces.CollectionQuerySpaceImpl@21fe792f]
14:11:16.325 [Test worker] DEBUG o.h.l.p.b.i.spaces.QuerySpacesImpl - Adding QuerySpace : uid = <gen:3> -> org.hibernate.loader.plan.build.internal.spaces.EntityQuerySpaceImpl@49c60e18]
14:11:16.325 [Test worker] DEBUG o.h.p.w.spi.MetamodelGraphWalker - Visiting attribute path : notification
14:11:16.325 [Test worker] DEBUG o.h.p.w.spi.MetamodelGraphWalker - Visiting attribute path : number_of_enpoints
14:11:16.325 [Test worker] DEBUG o.h.p.w.spi.MetamodelGraphWalker - Visiting attribute path : parent_ns
14:11:16.325 [Test worker] DEBUG o.h.p.w.spi.MetamodelGraphWalker - Visiting attribute path : qos
14:11:16.325 [Test worker] DEBUG o.h.p.w.spi.MetamodelGraphWalker - Visiting attribute path : root_requirement
14:11:16.325 [Test worker] DEBUG o.h.p.w.spi.MetamodelGraphWalker - Visiting attribute path : status
14:11:16.325 [Test worker] DEBUG o.h.p.w.spi.MetamodelGraphWalker - Visiting attribute path : test_access
14:11:16.325 [Test worker] DEBUG o.h.p.w.spi.MetamodelGraphWalker - Visiting attribute path : vendor
14:11:16.325 [Test worker] DEBUG o.h.p.w.spi.MetamodelGraphWalker - Visiting attribute path : version
14:11:16.325 [Test worker] DEBUG o.h.p.w.spi.MetamodelGraphWalker - Visiting attribute path : vim_id
14:11:16.325 [Test worker] DEBUG o.h.p.w.spi.MetamodelGraphWalker - Visiting attribute path : vnffgr_reference
14:11:16.325 [Test worker] DEBUG o.h.l.p.b.i.spaces.QuerySpacesImpl - Adding QuerySpace : uid = <gen:4> -> org.hibernate.loader.plan.build.internal.spaces.CollectionQuerySpaceImpl@69c76f7e]
14:11:16.325 [Test worker] DEBUG o.h.l.p.b.i.spaces.QuerySpacesImpl - Adding QuerySpace : uid = <gen:5> -> org.hibernate.loader.plan.build.internal.spaces.EntityQuerySpaceImpl@2468ef73]
14:11:16.325 [Test worker] DEBUG o.h.l.p.b.i.FetchStyleLoadPlanBuildingAssociationVisitationStrategy - Building LoadPlan...
14:11:16.325 [Test worker] DEBUG o.h.l.p.e.i.LoadQueryJoinAndFetchProcessor - processing queryspace <gen:0>
14:11:16.325 [Test worker] DEBUG o.h.l.p.b.spi.LoadPlanTreePrinter - LoadPlan(collection=org.project.neutrino.nfvo.catalogue.mano.record.PhysicalNetworkFunctionRecord.connected_virtual_link)
    - Returns
       - CollectionReturnImpl(collection=org.project.neutrino.nfvo.catalogue.mano.record.PhysicalNetworkFunctionRecord.connected_virtual_link, querySpaceUid=<gen:0>, path=[org.project.neutrino.nfvo.catalogue.mano.record.PhysicalNetworkFunctionRecord.connected_virtual_link])
          - (collection element) CollectionFetchableElementEntityGraph(entity=org.project.neutrino.nfvo.catalogue.mano.record.VirtualLinkRecord, querySpaceUid=<gen:1>, path=[org.project.neutrino.nfvo.catalogue.mano.record.PhysicalNetworkFunctionRecord.connected_virtual_link].<elements>)
             - CollectionAttributeFetchImpl(collection=org.project.neutrino.nfvo.catalogue.mano.record.VirtualLinkRecord.lifecycle_event_history, querySpaceUid=<gen:2>, path=[org.project.neutrino.nfvo.catalogue.mano.record.PhysicalNetworkFunctionRecord.connected_virtual_link].<elements>.lifecycle_event_history)
                - (collection element) CollectionFetchableElementEntityGraph(entity=org.project.neutrino.nfvo.catalogue.mano.common.LifecycleEvent, querySpaceUid=<gen:3>, path=[org.project.neutrino.nfvo.catalogue.mano.record.PhysicalNetworkFunctionRecord.connected_virtual_link].<elements>.lifecycle_event_history.<elements>)
             - CollectionAttributeFetchImpl(collection=org.project.neutrino.nfvo.catalogue.mano.record.VirtualLinkRecord.vnffgr_reference, querySpaceUid=<gen:4>, path=[org.project.neutrino.nfvo.catalogue.mano.record.PhysicalNetworkFunctionRecord.connected_virtual_link].<elements>.vnffgr_reference)
                - (collection element) CollectionFetchableElementEntityGraph(entity=org.project.neutrino.nfvo.catalogue.mano.record.VNFForwardingGraphRecord, querySpaceUid=<gen:5>, path=[org.project.neutrino.nfvo.catalogue.mano.record.PhysicalNetworkFunctionRecord.connected_virtual_link].<elements>.vnffgr_reference.<elements>)
    - QuerySpaces
       - CollectionQuerySpaceImpl(uid=<gen:0>, collection=org.project.neutrino.nfvo.catalogue.mano.record.PhysicalNetworkFunctionRecord.connected_virtual_link)
          - SQL table alias mapping - connected_0_
          - alias suffix - 0_
          - suffixed key columns - {physical1_37_0_}
          - entity-element alias suffix - 1_
          - 1_entity-element suffixed key columns - id1_54_1_
          - JOIN (JoinDefinedByMetadata(elements)) : <gen:0> -> <gen:1>
             - EntityQuerySpaceImpl(uid=<gen:1>, entity=org.project.neutrino.nfvo.catalogue.mano.record.VirtualLinkRecord)
                - SQL table alias mapping - virtuallin1_
                - alias suffix - 1_
                - suffixed key columns - {id1_54_1_}

14:11:16.325 [Test worker] DEBUG o.h.l.c.plan.CollectionLoader - Static select for collection org.project.neutrino.nfvo.catalogue.mano.record.PhysicalNetworkFunctionRecord.connected_virtual_link: select connected_0_.physical_network_function_record_id as physical1_37_0_, connected_0_.connected_virtual_link_id as connecte2_38_0_, virtuallin1_.id as id1_54_1_, virtuallin1_.connectivity_type as connecti2_54_1_, virtuallin1_.descriptor_reference as descript3_54_1_, virtuallin1_.leaf_requirement as leaf_req4_54_1_, virtuallin1_.number_of_enpoints as number_o5_54_1_, virtuallin1_.parent_ns as parent_n6_54_1_, virtuallin1_.root_requirement as root_req7_54_1_, virtuallin1_.status as status8_54_1_, virtuallin1_.test_access as test_acc9_54_1_, virtuallin1_.vendor as vendor10_54_1_, virtuallin1_.version as version11_54_1_, virtuallin1_.vim_id as vim_id12_54_1_ from physical_network_function_record_connected_virtual_link connected_0_ inner join virtual_link_record virtuallin1_ on connected_0_.connected_virtual_link_id=virtuallin1_.id where connected_0_.physical_network_function_record_id=?
14:11:16.328 [Test worker] DEBUG o.h.internal.SessionFactoryRegistry - Initializing SessionFactoryRegistry : org.hibernate.internal.SessionFactoryRegistry@71312a49
14:11:16.328 [Test worker] DEBUG o.h.internal.SessionFactoryRegistry - Registering SessionFactory: 92b0ad1b-f569-44af-8b15-cee0cbe5fc6c (<unnamed>)
14:11:16.328 [Test worker] DEBUG o.h.internal.SessionFactoryRegistry - Not binding SessionFactory to JNDI, no JNDI name configured
14:11:16.328 [Test worker] DEBUG o.h.internal.SessionFactoryImpl - Instantiated session factory
14:11:16.350 [Test worker] DEBUG org.hibernate.cfg.Configuration - Processing hbm.xml files
14:11:16.350 [Test worker] DEBUG org.hibernate.cfg.Configuration - Process annotated classes
14:11:16.350 [Test worker] DEBUG org.hibernate.cfg.Configuration - Processing fk mappings (*ToOne and JoinedSubclass)
14:11:16.350 [Test worker] DEBUG org.hibernate.cfg.Configuration - Processing extends queue
14:11:16.350 [Test worker] DEBUG org.hibernate.cfg.Configuration - Processing extends queue
14:11:16.350 [Test worker] DEBUG org.hibernate.cfg.Configuration - Processing collection mappings
14:11:16.350 [Test worker] DEBUG org.hibernate.cfg.Configuration - Processing native query and ResultSetMapping mappings
14:11:16.350 [Test worker] DEBUG org.hibernate.cfg.Configuration - Processing association property references
14:11:16.350 [Test worker] DEBUG org.hibernate.cfg.Configuration - Creating tables' unique integer identifiers
14:11:16.350 [Test worker] DEBUG org.hibernate.cfg.Configuration - Processing foreign key constraints
14:11:16.350 [Test worker] DEBUG org.hibernate.cfg.Configuration - Resolving reference to class: org.project.neutrino.nfvo.catalogue.mano.common.AbstractVirtualLink
14:11:16.350 [Test worker] DEBUG org.hibernate.cfg.Configuration - Resolving reference to class: org.project.neutrino.nfvo.catalogue.mano.common.AbstractVirtualLink
14:11:16.350 [Test worker] DEBUG org.hibernate.cfg.Configuration - Resolving reference to class: org.project.neutrino.nfvo.catalogue.mano.descriptor.InternalVirtualLink
14:11:16.350 [Test worker] DEBUG org.hibernate.cfg.Configuration - Resolving reference to class: org.project.neutrino.nfvo.catalogue.mano.common.LifecycleEvent
14:11:16.350 [Test worker] DEBUG org.hibernate.cfg.Configuration - Resolving reference to class: org.project.neutrino.nfvo.catalogue.mano.descriptor.Policy
14:11:16.350 [Test worker] DEBUG org.hibernate.cfg.Configuration - Resolving reference to class: org.project.neutrino.nfvo.catalogue.mano.descriptor.NetworkForwardingPath
14:11:16.350 [Test worker] DEBUG org.hibernate.cfg.Configuration - Resolving reference to class: org.project.neutrino.nfvo.catalogue.mano.common.Security
14:11:16.350 [Test worker] DEBUG org.hibernate.cfg.Configuration - Resolving reference to class: org.project.neutrino.nfvo.catalogue.mano.descriptor.PhysicalNetworkFunctionDescriptor
14:11:16.350 [Test worker] DEBUG org.hibernate.cfg.Configuration - Resolving reference to class: org.project.neutrino.nfvo.catalogue.mano.descriptor.NetworkServiceDescriptor
14:11:16.351 [Test worker] DEBUG org.hibernate.cfg.Configuration - Resolving reference to class: org.project.neutrino.nfvo.catalogue.mano.common.VNFDependency
14:11:16.351 [Test worker] DEBUG org.hibernate.cfg.Configuration - Resolving reference to class: org.project.neutrino.nfvo.catalogue.mano.descriptor.NetworkServiceDescriptor
14:11:16.351 [Test worker] DEBUG org.hibernate.cfg.Configuration - Resolving reference to class: org.project.neutrino.nfvo.catalogue.mano.descriptor.VirtualNetworkFunctionDescriptor
14:11:16.351 [Test worker] DEBUG org.hibernate.cfg.Configuration - Resolving reference to class: org.project.neutrino.nfvo.catalogue.mano.descriptor.NetworkServiceDescriptor
14:11:16.351 [Test worker] DEBUG org.hibernate.cfg.Configuration - Resolving reference to class: org.project.neutrino.nfvo.catalogue.mano.common.NFVEntityDescriptor
14:11:16.351 [Test worker] DEBUG org.hibernate.cfg.Configuration - Resolving reference to class: org.project.neutrino.nfvo.catalogue.mano.common.LifecycleEvent
14:11:16.351 [Test worker] DEBUG org.hibernate.cfg.Configuration - Resolving reference to class: org.project.neutrino.nfvo.catalogue.mano.common.ServiceDeploymentFlavour
14:11:16.351 [Test worker] DEBUG org.hibernate.cfg.Configuration - Resolving reference to class: org.project.neutrino.nfvo.catalogue.mano.record.VirtualNetworkFunctionRecord
14:11:16.351 [Test worker] DEBUG org.hibernate.cfg.Configuration - Resolving reference to class: org.project.neutrino.nfvo.catalogue.mano.common.AutoScalePolicy
14:11:16.351 [Test worker] DEBUG org.hibernate.cfg.Configuration - Resolving reference to class: org.project.neutrino.nfvo.catalogue.mano.record.NetworkServiceRecord
14:11:16.351 [Test worker] DEBUG org.hibernate.cfg.Configuration - Resolving reference to class: org.project.neutrino.nfvo.catalogue.mano.common.ConnectionPoint
14:11:16.351 [Test worker] DEBUG org.hibernate.cfg.Configuration - Resolving reference to class: org.project.neutrino.nfvo.catalogue.mano.record.NetworkServiceRecord
14:11:16.351 [Test worker] DEBUG org.hibernate.cfg.Configuration - Resolving reference to class: org.project.neutrino.nfvo.catalogue.mano.common.LifecycleEvent
14:11:16.351 [Test worker] DEBUG org.hibernate.cfg.Configuration - Resolving reference to class: org.project.neutrino.nfvo.catalogue.mano.record.NetworkServiceRecord
14:11:16.351 [Test worker] DEBUG org.hibernate.cfg.Configuration - Resolving reference to class: org.project.neutrino.nfvo.catalogue.mano.record.NetworkServiceRecord
14:11:16.351 [Test worker] DEBUG org.hibernate.cfg.Configuration - Resolving reference to class: org.project.neutrino.nfvo.catalogue.mano.record.PhysicalNetworkFunctionRecord
14:11:16.351 [Test worker] DEBUG org.hibernate.cfg.Configuration - Resolving reference to class: org.project.neutrino.nfvo.catalogue.mano.record.NetworkServiceRecord
14:11:16.351 [Test worker] DEBUG org.hibernate.cfg.Configuration - Resolving reference to class: org.project.neutrino.nfvo.catalogue.mano.record.VirtualLinkRecord
14:11:16.351 [Test worker] DEBUG org.hibernate.cfg.Configuration - Resolving reference to class: org.project.neutrino.nfvo.catalogue.mano.record.NetworkServiceRecord
14:11:16.351 [Test worker] DEBUG org.hibernate.cfg.Configuration - Resolving reference to class: org.project.neutrino.nfvo.catalogue.mano.common.VNFDependency
14:11:16.351 [Test worker] DEBUG org.hibernate.cfg.Configuration - Resolving reference to class: org.project.neutrino.nfvo.catalogue.mano.record.NetworkServiceRecord
14:11:16.351 [Test worker] DEBUG org.hibernate.cfg.Configuration - Resolving reference to class: org.project.neutrino.nfvo.catalogue.mano.descriptor.VNFForwardingGraph
14:11:16.351 [Test worker] DEBUG org.hibernate.cfg.Configuration - Resolving reference to class: org.project.neutrino.nfvo.catalogue.mano.record.NetworkServiceRecord
14:11:16.351 [Test worker] DEBUG org.hibernate.cfg.Configuration - Resolving reference to class: org.project.neutrino.nfvo.catalogue.mano.common.AutoScalePolicy
14:11:16.351 [Test worker] DEBUG org.hibernate.cfg.Configuration - Resolving reference to class: org.project.neutrino.nfvo.catalogue.mano.common.NFVEntityDescriptor
14:11:16.351 [Test worker] DEBUG org.hibernate.cfg.Configuration - Resolving reference to class: org.project.neutrino.nfvo.catalogue.mano.common.ConnectionPoint
14:11:16.351 [Test worker] DEBUG org.hibernate.cfg.Configuration - Resolving reference to class: org.project.neutrino.nfvo.catalogue.mano.common.NFVEntityDescriptor
14:11:16.351 [Test worker] DEBUG org.hibernate.cfg.Configuration - Resolving reference to class: org.project.neutrino.nfvo.catalogue.mano.common.LifecycleEvent
14:11:16.351 [Test worker] DEBUG org.hibernate.cfg.Configuration - Resolving reference to class: org.project.neutrino.nfvo.catalogue.mano.common.NFVEntityDescriptor
14:11:16.351 [Test worker] DEBUG org.hibernate.cfg.Configuration - Resolving reference to class: org.project.neutrino.nfvo.catalogue.mano.common.NFVEntityDescriptor
14:11:16.351 [Test worker] DEBUG org.hibernate.cfg.Configuration - Resolving reference to class: org.project.neutrino.nfvo.catalogue.mano.common.DeploymentFlavour
14:11:16.351 [Test worker] DEBUG org.hibernate.cfg.Configuration - Resolving reference to class: org.project.neutrino.nfvo.catalogue.mano.common.NFVEntityDescriptor
14:11:16.351 [Test worker] DEBUG org.hibernate.cfg.Configuration - Resolving reference to class: org.project.neutrino.nfvo.catalogue.mano.descriptor.VirtualLinkDescriptor
14:11:16.351 [Test worker] DEBUG org.hibernate.cfg.Configuration - Resolving reference to class: org.project.neutrino.nfvo.catalogue.mano.common.NFVEntityDescriptor
14:11:16.351 [Test worker] DEBUG org.hibernate.cfg.Configuration - Resolving reference to class: org.project.neutrino.nfvo.catalogue.mano.descriptor.VNFForwardingGraph
14:11:16.351 [Test worker] DEBUG org.hibernate.cfg.Configuration - Resolving reference to class: org.project.neutrino.nfvo.catalogue.mano.common.NFVEntityDescriptor
14:11:16.351 [Test worker] DEBUG org.hibernate.cfg.Configuration - Resolving reference to class: org.project.neutrino.nfvo.catalogue.mano.common.Security
14:11:16.351 [Test worker] DEBUG org.hibernate.cfg.Configuration - Resolving reference to class: org.project.neutrino.nfvo.catalogue.mano.common.ConnectionPoint
14:11:16.351 [Test worker] DEBUG org.hibernate.cfg.Configuration - Resolving reference to class: org.project.neutrino.nfvo.catalogue.mano.descriptor.PhysicalNetworkFunctionDescriptor
14:11:16.351 [Test worker] DEBUG org.hibernate.cfg.Configuration - Resolving reference to class: org.project.neutrino.nfvo.catalogue.mano.descriptor.PhysicalNetworkFunctionDescriptor
14:11:16.351 [Test worker] DEBUG org.hibernate.cfg.Configuration - Resolving reference to class: org.project.neutrino.nfvo.catalogue.mano.record.NetworkServiceRecord
14:11:16.351 [Test worker] DEBUG org.hibernate.cfg.Configuration - Resolving reference to class: org.project.neutrino.nfvo.catalogue.mano.record.VirtualLinkRecord
14:11:16.351 [Test worker] DEBUG org.hibernate.cfg.Configuration - Resolving reference to class: org.project.neutrino.nfvo.catalogue.mano.record.PhysicalNetworkFunctionRecord
14:11:16.351 [Test worker] DEBUG org.hibernate.cfg.Configuration - Resolving reference to class: org.project.neutrino.nfvo.catalogue.mano.common.ConnectionPoint
14:11:16.351 [Test worker] DEBUG org.hibernate.cfg.Configuration - Resolving reference to class: org.project.neutrino.nfvo.catalogue.mano.record.PhysicalNetworkFunctionRecord
14:11:16.351 [Test worker] DEBUG org.hibernate.cfg.Configuration - Resolving reference to class: org.project.neutrino.nfvo.catalogue.mano.record.PhysicalNetworkFunctionRecord
14:11:16.351 [Test worker] DEBUG org.hibernate.cfg.Configuration - Resolving reference to class: org.project.neutrino.nfvo.catalogue.mano.record.VNFForwardingGraphRecord
14:11:16.351 [Test worker] DEBUG org.hibernate.cfg.Configuration - Resolving reference to class: org.project.neutrino.nfvo.catalogue.mano.record.PhysicalNetworkFunctionRecord
14:11:16.351 [Test worker] DEBUG org.hibernate.cfg.Configuration - Resolving reference to class: org.project.neutrino.nfvo.catalogue.mano.common.CostituentVNF
14:11:16.351 [Test worker] DEBUG org.hibernate.cfg.Configuration - Resolving reference to class: org.project.neutrino.nfvo.catalogue.mano.common.ServiceDeploymentFlavour
14:11:16.351 [Test worker] DEBUG org.hibernate.cfg.Configuration - Resolving reference to class: org.project.neutrino.nfvo.catalogue.mano.descriptor.VirtualDeploymentUnit
14:11:16.351 [Test worker] DEBUG org.hibernate.cfg.Configuration - Resolving reference to class: org.project.neutrino.nfvo.catalogue.mano.descriptor.VirtualDeploymentUnit
14:11:16.351 [Test worker] DEBUG org.hibernate.cfg.Configuration - Resolving reference to class: org.project.neutrino.nfvo.catalogue.mano.common.LifecycleEvent
14:11:16.351 [Test worker] DEBUG org.hibernate.cfg.Configuration - Resolving reference to class: org.project.neutrino.nfvo.catalogue.mano.descriptor.VirtualDeploymentUnit
14:11:16.351 [Test worker] DEBUG org.hibernate.cfg.Configuration - Resolving reference to class: org.project.neutrino.nfvo.catalogue.mano.descriptor.VirtualDeploymentUnit
14:11:16.351 [Test worker] DEBUG org.hibernate.cfg.Configuration - Resolving reference to class: org.project.neutrino.nfvo.catalogue.mano.descriptor.VirtualDeploymentUnit
14:11:16.351 [Test worker] DEBUG org.hibernate.cfg.Configuration - Resolving reference to class: org.project.neutrino.nfvo.catalogue.mano.descriptor.VNFComponent
14:11:16.351 [Test worker] DEBUG org.hibernate.cfg.Configuration - Resolving reference to class: org.project.neutrino.nfvo.catalogue.mano.descriptor.VirtualDeploymentUnit
14:11:16.351 [Test worker] DEBUG org.hibernate.cfg.Configuration - Resolving reference to class: org.project.neutrino.nfvo.catalogue.mano.common.Security
14:11:16.351 [Test worker] DEBUG org.hibernate.cfg.Configuration - Resolving reference to class: org.project.neutrino.nfvo.catalogue.mano.descriptor.VirtualLinkDescriptor
14:11:16.351 [Test worker] DEBUG org.hibernate.cfg.Configuration - Resolving reference to class: org.project.neutrino.nfvo.catalogue.mano.record.VirtualLinkRecord
14:11:16.351 [Test worker] DEBUG org.hibernate.cfg.Configuration - Resolving reference to class: org.project.neutrino.nfvo.catalogue.mano.record.VirtualLinkRecord
14:11:16.351 [Test worker] DEBUG org.hibernate.cfg.Configuration - Resolving reference to class: org.project.neutrino.nfvo.catalogue.mano.record.VirtualLinkRecord
14:11:16.351 [Test worker] DEBUG org.hibernate.cfg.Configuration - Resolving reference to class: org.project.neutrino.nfvo.catalogue.mano.common.LifecycleEvent
14:11:16.351 [Test worker] DEBUG org.hibernate.cfg.Configuration - Resolving reference to class: org.project.neutrino.nfvo.catalogue.mano.record.VirtualLinkRecord
14:11:16.351 [Test worker] DEBUG org.hibernate.cfg.Configuration - Resolving reference to class: org.project.neutrino.nfvo.catalogue.mano.record.VirtualLinkRecord
14:11:16.351 [Test worker] DEBUG org.hibernate.cfg.Configuration - Resolving reference to class: org.project.neutrino.nfvo.catalogue.mano.record.VirtualLinkRecord
14:11:16.351 [Test worker] DEBUG org.hibernate.cfg.Configuration - Resolving reference to class: org.project.neutrino.nfvo.catalogue.mano.record.VNFForwardingGraphRecord
14:11:16.351 [Test worker] DEBUG org.hibernate.cfg.Configuration - Resolving reference to class: org.project.neutrino.nfvo.catalogue.mano.record.VirtualLinkRecord
14:11:16.351 [Test worker] DEBUG org.hibernate.cfg.Configuration - Resolving reference to class: org.project.neutrino.nfvo.catalogue.mano.descriptor.VNFDDeploymentFlavour
14:11:16.351 [Test worker] DEBUG org.hibernate.cfg.Configuration - Resolving reference to class: org.project.neutrino.nfvo.catalogue.mano.descriptor.VirtualNetworkFunctionDescriptor
14:11:16.351 [Test worker] DEBUG org.hibernate.cfg.Configuration - Resolving reference to class: org.project.neutrino.nfvo.catalogue.mano.common.Security
14:11:16.351 [Test worker] DEBUG org.hibernate.cfg.Configuration - Resolving reference to class: org.project.neutrino.nfvo.catalogue.mano.descriptor.VirtualNetworkFunctionDescriptor
14:11:16.351 [Test worker] DEBUG org.hibernate.cfg.Configuration - Resolving reference to class: org.project.neutrino.nfvo.catalogue.mano.descriptor.VirtualDeploymentUnit
14:11:16.351 [Test worker] DEBUG org.hibernate.cfg.Configuration - Resolving reference to class: org.project.neutrino.nfvo.catalogue.mano.descriptor.VirtualNetworkFunctionDescriptor
14:11:16.351 [Test worker] DEBUG org.hibernate.cfg.Configuration - Resolving reference to class: org.project.neutrino.nfvo.catalogue.mano.descriptor.VDUDependency
14:11:16.351 [Test worker] DEBUG org.hibernate.cfg.Configuration - Resolving reference to class: org.project.neutrino.nfvo.catalogue.mano.descriptor.VirtualNetworkFunctionDescriptor
14:11:16.351 [Test worker] DEBUG org.hibernate.cfg.Configuration - Resolving reference to class: org.project.neutrino.nfvo.catalogue.mano.descriptor.InternalVirtualLink
14:11:16.351 [Test worker] DEBUG org.hibernate.cfg.Configuration - Resolving reference to class: org.project.neutrino.nfvo.catalogue.mano.descriptor.VirtualNetworkFunctionDescriptor
14:11:16.351 [Test worker] DEBUG org.hibernate.cfg.Configuration - Resolving reference to class: org.project.neutrino.nfvo.catalogue.mano.descriptor.VNFDDeploymentFlavour
14:11:16.351 [Test worker] DEBUG org.hibernate.cfg.Configuration - Resolving reference to class: org.project.neutrino.nfvo.catalogue.mano.common.LifecycleEvent
14:11:16.351 [Test worker] DEBUG org.hibernate.cfg.Configuration - Resolving reference to class: org.project.neutrino.nfvo.catalogue.mano.record.NetworkServiceRecord
14:11:16.351 [Test worker] DEBUG org.hibernate.cfg.Configuration - Resolving reference to class: org.project.neutrino.nfvo.catalogue.mano.common.AutoScalePolicy
14:11:16.351 [Test worker] DEBUG org.hibernate.cfg.Configuration - Resolving reference to class: org.project.neutrino.nfvo.catalogue.mano.record.VirtualNetworkFunctionRecord
14:11:16.351 [Test worker] DEBUG org.hibernate.cfg.Configuration - Resolving reference to class: org.project.neutrino.nfvo.catalogue.mano.record.VirtualLinkRecord
14:11:16.351 [Test worker] DEBUG org.hibernate.cfg.Configuration - Resolving reference to class: org.project.neutrino.nfvo.catalogue.mano.record.VirtualNetworkFunctionRecord
14:11:16.351 [Test worker] DEBUG org.hibernate.cfg.Configuration - Resolving reference to class: org.project.neutrino.nfvo.catalogue.mano.common.ConnectionPoint
14:11:16.351 [Test worker] DEBUG org.hibernate.cfg.Configuration - Resolving reference to class: org.project.neutrino.nfvo.catalogue.mano.record.VirtualNetworkFunctionRecord
14:11:16.351 [Test worker] DEBUG org.hibernate.cfg.Configuration - Resolving reference to class: org.project.neutrino.nfvo.catalogue.mano.common.VNFDependency
14:11:16.351 [Test worker] DEBUG org.hibernate.cfg.Configuration - Resolving reference to class: org.project.neutrino.nfvo.catalogue.mano.record.VirtualNetworkFunctionRecord
14:11:16.351 [Test worker] DEBUG org.hibernate.cfg.Configuration - Resolving reference to class: org.project.neutrino.nfvo.catalogue.mano.common.LifecycleEvent
14:11:16.351 [Test worker] DEBUG org.hibernate.cfg.Configuration - Resolving reference to class: org.project.neutrino.nfvo.catalogue.mano.record.VirtualNetworkFunctionRecord
14:11:16.351 [Test worker] DEBUG org.hibernate.cfg.Configuration - Resolving reference to class: org.project.neutrino.nfvo.catalogue.mano.record.VirtualNetworkFunctionRecord
14:11:16.351 [Test worker] DEBUG org.hibernate.cfg.Configuration - Resolving reference to class: org.project.neutrino.nfvo.catalogue.mano.record.VirtualNetworkFunctionRecord
14:11:16.351 [Test worker] DEBUG org.hibernate.cfg.Configuration - Resolving reference to class: org.project.neutrino.nfvo.catalogue.mano.record.VirtualNetworkFunctionRecord
14:11:16.351 [Test worker] DEBUG org.hibernate.cfg.Configuration - Resolving reference to class: org.project.neutrino.nfvo.catalogue.mano.descriptor.VirtualDeploymentUnit
14:11:16.351 [Test worker] DEBUG org.hibernate.cfg.Configuration - Resolving reference to class: org.project.neutrino.nfvo.catalogue.mano.record.VirtualNetworkFunctionRecord
14:11:16.351 [Test worker] DEBUG org.hibernate.cfg.Configuration - Resolving reference to class: org.project.neutrino.nfvo.catalogue.mano.descriptor.InternalVirtualLink
14:11:16.351 [Test worker] DEBUG org.hibernate.cfg.Configuration - Resolving reference to class: org.project.neutrino.nfvo.catalogue.mano.record.VirtualNetworkFunctionRecord
14:11:16.351 [Test worker] DEBUG org.hibernate.cfg.Configuration - Resolving reference to class: org.project.neutrino.nfvo.catalogue.mano.record.VirtualNetworkFunctionRecord
14:11:16.351 [Test worker] DEBUG org.hibernate.cfg.Configuration - Resolving reference to class: org.project.neutrino.nfvo.catalogue.mano.descriptor.VNFDConnectionPoint
14:11:16.351 [Test worker] DEBUG org.hibernate.cfg.Configuration - Resolving reference to class: org.project.neutrino.nfvo.catalogue.mano.descriptor.VNFComponent
14:11:16.351 [Test worker] DEBUG org.hibernate.cfg.Configuration - Resolving reference to class: org.project.neutrino.nfvo.catalogue.mano.common.CostituentVDU
14:11:16.351 [Test worker] DEBUG org.hibernate.cfg.Configuration - Resolving reference to class: org.project.neutrino.nfvo.catalogue.mano.descriptor.VNFDDeploymentFlavour
14:11:16.351 [Test worker] DEBUG org.hibernate.cfg.Configuration - Resolving reference to class: org.project.neutrino.nfvo.catalogue.mano.descriptor.VNFDDeploymentFlavour
14:11:16.351 [Test worker] DEBUG org.hibernate.cfg.Configuration - Resolving reference to class: org.project.neutrino.nfvo.catalogue.mano.descriptor.VirtualNetworkFunctionDescriptor
14:11:16.351 [Test worker] DEBUG org.hibernate.cfg.Configuration - Resolving reference to class: org.project.neutrino.nfvo.catalogue.mano.descriptor.VirtualNetworkFunctionDescriptor
14:11:16.351 [Test worker] DEBUG org.hibernate.cfg.Configuration - Resolving reference to class: org.project.neutrino.nfvo.catalogue.mano.common.Security
14:11:16.352 [Test worker] DEBUG org.hibernate.cfg.Configuration - Resolving reference to class: org.project.neutrino.nfvo.catalogue.mano.common.ConnectionPoint
14:11:16.352 [Test worker] DEBUG org.hibernate.cfg.Configuration - Resolving reference to class: org.project.neutrino.nfvo.catalogue.mano.descriptor.VNFForwardingGraph
14:11:16.352 [Test worker] DEBUG org.hibernate.cfg.Configuration - Resolving reference to class: org.project.neutrino.nfvo.catalogue.mano.common.CostituentVNF
14:11:16.352 [Test worker] DEBUG org.hibernate.cfg.Configuration - Resolving reference to class: org.project.neutrino.nfvo.catalogue.mano.descriptor.VNFForwardingGraph
14:11:16.352 [Test worker] DEBUG org.hibernate.cfg.Configuration - Resolving reference to class: org.project.neutrino.nfvo.catalogue.mano.descriptor.VirtualLinkDescriptor
14:11:16.352 [Test worker] DEBUG org.hibernate.cfg.Configuration - Resolving reference to class: org.project.neutrino.nfvo.catalogue.mano.descriptor.VNFForwardingGraph
14:11:16.352 [Test worker] DEBUG org.hibernate.cfg.Configuration - Resolving reference to class: org.project.neutrino.nfvo.catalogue.mano.descriptor.NetworkForwardingPath
14:11:16.352 [Test worker] DEBUG org.hibernate.cfg.Configuration - Resolving reference to class: org.project.neutrino.nfvo.catalogue.mano.descriptor.VNFForwardingGraph
14:11:16.352 [Test worker] DEBUG org.hibernate.cfg.Configuration - Resolving reference to class: org.project.neutrino.nfvo.catalogue.mano.descriptor.VNFForwardingGraph
14:11:16.352 [Test worker] DEBUG org.hibernate.cfg.Configuration - Resolving reference to class: org.project.neutrino.nfvo.catalogue.mano.descriptor.NetworkForwardingPath
14:11:16.352 [Test worker] DEBUG org.hibernate.cfg.Configuration - Resolving reference to class: org.project.neutrino.nfvo.catalogue.mano.record.NetworkServiceRecord
14:11:16.352 [Test worker] DEBUG org.hibernate.cfg.Configuration - Resolving reference to class: org.project.neutrino.nfvo.catalogue.mano.descriptor.VNFDConnectionPoint
14:11:16.352 [Test worker] DEBUG org.hibernate.cfg.Configuration - Resolving reference to class: org.project.neutrino.nfvo.catalogue.mano.record.VNFForwardingGraphRecord
14:11:16.352 [Test worker] DEBUG org.hibernate.cfg.Configuration - Resolving reference to class: org.project.neutrino.nfvo.catalogue.mano.record.VirtualLinkRecord
14:11:16.352 [Test worker] DEBUG org.hibernate.cfg.Configuration - Resolving reference to class: org.project.neutrino.nfvo.catalogue.mano.record.VNFForwardingGraphRecord
14:11:16.352 [Test worker] DEBUG org.hibernate.cfg.Configuration - Resolving reference to class: org.project.neutrino.nfvo.catalogue.mano.common.LifecycleEvent
14:11:16.352 [Test worker] DEBUG org.hibernate.cfg.Configuration - Resolving reference to class: org.project.neutrino.nfvo.catalogue.mano.record.VNFForwardingGraphRecord
14:11:16.352 [Test worker] DEBUG org.hibernate.cfg.Configuration - Resolving reference to class: org.project.neutrino.nfvo.catalogue.mano.record.VirtualNetworkFunctionRecord
14:11:16.352 [Test worker] DEBUG org.hibernate.cfg.Configuration - Resolving reference to class: org.project.neutrino.nfvo.catalogue.mano.record.VNFForwardingGraphRecord
14:11:16.352 [Test worker] DEBUG org.hibernate.cfg.Configuration - Resolving reference to class: org.project.neutrino.nfvo.catalogue.mano.record.VNFForwardingGraphRecord
14:11:16.353 [Test worker] DEBUG o.h.i.f.i.DefaultIdentifierGeneratorFactory - Setting dialect [org.hibernate.dialect.MySQL5Dialect]
14:11:16.354 [Test worker] DEBUG o.h.i.f.i.DefaultIdentifierGeneratorFactory - Setting dialect [org.hibernate.dialect.MySQL5Dialect]
14:11:16.354 [Test worker] DEBUG o.h.i.f.i.DefaultIdentifierGeneratorFactory - Setting dialect [org.hibernate.dialect.MySQL5Dialect]
14:11:16.354 [Test worker] DEBUG o.h.i.f.i.DefaultIdentifierGeneratorFactory - Setting dialect [org.hibernate.dialect.MySQL5Dialect]
14:11:16.354 [Test worker] DEBUG o.h.i.f.i.DefaultIdentifierGeneratorFactory - Setting dialect [org.hibernate.dialect.MySQL5Dialect]
14:11:16.354 [Test worker] DEBUG o.h.i.f.i.DefaultIdentifierGeneratorFactory - Setting dialect [org.hibernate.dialect.MySQL5Dialect]
14:11:16.354 [Test worker] DEBUG o.h.i.f.i.DefaultIdentifierGeneratorFactory - Setting dialect [org.hibernate.dialect.MySQL5Dialect]
14:11:16.354 [Test worker] DEBUG o.h.i.f.i.DefaultIdentifierGeneratorFactory - Setting dialect [org.hibernate.dialect.MySQL5Dialect]
14:11:16.354 [Test worker] DEBUG o.h.i.f.i.DefaultIdentifierGeneratorFactory - Setting dialect [org.hibernate.dialect.MySQL5Dialect]
14:11:16.354 [Test worker] DEBUG o.h.i.f.i.DefaultIdentifierGeneratorFactory - Setting dialect [org.hibernate.dialect.MySQL5Dialect]
14:11:16.354 [Test worker] DEBUG o.h.i.f.i.DefaultIdentifierGeneratorFactory - Setting dialect [org.hibernate.dialect.MySQL5Dialect]
14:11:16.354 [Test worker] DEBUG o.h.i.f.i.DefaultIdentifierGeneratorFactory - Setting dialect [org.hibernate.dialect.MySQL5Dialect]
14:11:16.354 [Test worker] DEBUG o.h.i.f.i.DefaultIdentifierGeneratorFactory - Setting dialect [org.hibernate.dialect.MySQL5Dialect]
14:11:16.354 [Test worker] DEBUG o.h.i.f.i.DefaultIdentifierGeneratorFactory - Setting dialect [org.hibernate.dialect.MySQL5Dialect]
14:11:16.354 [Test worker] DEBUG o.h.i.f.i.DefaultIdentifierGeneratorFactory - Setting dialect [org.hibernate.dialect.MySQL5Dialect]
14:11:16.354 [Test worker] DEBUG o.h.i.f.i.DefaultIdentifierGeneratorFactory - Setting dialect [org.hibernate.dialect.MySQL5Dialect]
14:11:16.354 [Test worker] DEBUG o.h.i.f.i.DefaultIdentifierGeneratorFactory - Setting dialect [org.hibernate.dialect.MySQL5Dialect]
14:11:16.354 [Test worker] DEBUG o.h.i.f.i.DefaultIdentifierGeneratorFactory - Setting dialect [org.hibernate.dialect.MySQL5Dialect]
14:11:16.354 [Test worker] DEBUG o.h.i.f.i.DefaultIdentifierGeneratorFactory - Setting dialect [org.hibernate.dialect.MySQL5Dialect]
14:11:16.354 [Test worker] DEBUG o.h.i.f.i.DefaultIdentifierGeneratorFactory - Setting dialect [org.hibernate.dialect.MySQL5Dialect]
14:11:16.354 [Test worker] DEBUG o.h.i.f.i.DefaultIdentifierGeneratorFactory - Setting dialect [org.hibernate.dialect.MySQL5Dialect]
14:11:16.354 [Test worker] DEBUG o.h.i.f.i.DefaultIdentifierGeneratorFactory - Setting dialect [org.hibernate.dialect.MySQL5Dialect]
14:11:16.354 [Test worker] DEBUG org.hibernate.cfg.Configuration - Processing hbm.xml files
14:11:16.354 [Test worker] DEBUG org.hibernate.cfg.Configuration - Process annotated classes
14:11:16.354 [Test worker] DEBUG org.hibernate.cfg.Configuration - Processing fk mappings (*ToOne and JoinedSubclass)
14:11:16.354 [Test worker] DEBUG org.hibernate.cfg.Configuration - Processing extends queue
14:11:16.354 [Test worker] DEBUG org.hibernate.cfg.Configuration - Processing extends queue
14:11:16.355 [Test worker] DEBUG org.hibernate.cfg.Configuration - Processing collection mappings
14:11:16.355 [Test worker] DEBUG org.hibernate.cfg.Configuration - Processing native query and ResultSetMapping mappings
14:11:16.355 [Test worker] DEBUG org.hibernate.cfg.Configuration - Processing association property references
14:11:16.355 [Test worker] DEBUG org.hibernate.cfg.Configuration - Creating tables' unique integer identifiers
14:11:16.355 [Test worker] DEBUG org.hibernate.cfg.Configuration - Processing foreign key constraints
14:11:16.355 [Test worker] DEBUG org.hibernate.cfg.Configuration - Resolving reference to class: org.project.neutrino.nfvo.catalogue.mano.common.AbstractVirtualLink
14:11:16.355 [Test worker] DEBUG org.hibernate.cfg.Configuration - Resolving reference to class: org.project.neutrino.nfvo.catalogue.mano.common.AbstractVirtualLink
14:11:16.355 [Test worker] DEBUG org.hibernate.cfg.Configuration - Resolving reference to class: org.project.neutrino.nfvo.catalogue.mano.descriptor.InternalVirtualLink
14:11:16.355 [Test worker] DEBUG org.hibernate.cfg.Configuration - Resolving reference to class: org.project.neutrino.nfvo.catalogue.mano.common.LifecycleEvent
14:11:16.355 [Test worker] DEBUG org.hibernate.cfg.Configuration - Resolving reference to class: org.project.neutrino.nfvo.catalogue.mano.descriptor.Policy
14:11:16.355 [Test worker] DEBUG org.hibernate.cfg.Configuration - Resolving reference to class: org.project.neutrino.nfvo.catalogue.mano.descriptor.NetworkForwardingPath
14:11:16.355 [Test worker] DEBUG org.hibernate.cfg.Configuration - Resolving reference to class: org.project.neutrino.nfvo.catalogue.mano.common.Security
14:11:16.355 [Test worker] DEBUG org.hibernate.cfg.Configuration - Resolving reference to class: org.project.neutrino.nfvo.catalogue.mano.descriptor.PhysicalNetworkFunctionDescriptor
14:11:16.355 [Test worker] DEBUG org.hibernate.cfg.Configuration - Resolving reference to class: org.project.neutrino.nfvo.catalogue.mano.descriptor.NetworkServiceDescriptor
14:11:16.355 [Test worker] DEBUG org.hibernate.cfg.Configuration - Resolving reference to class: org.project.neutrino.nfvo.catalogue.mano.common.VNFDependency
14:11:16.355 [Test worker] DEBUG org.hibernate.cfg.Configuration - Resolving reference to class: org.project.neutrino.nfvo.catalogue.mano.descriptor.NetworkServiceDescriptor
14:11:16.355 [Test worker] DEBUG org.hibernate.cfg.Configuration - Resolving reference to class: org.project.neutrino.nfvo.catalogue.mano.descriptor.VirtualNetworkFunctionDescriptor
14:11:16.355 [Test worker] DEBUG org.hibernate.cfg.Configuration - Resolving reference to class: org.project.neutrino.nfvo.catalogue.mano.descriptor.NetworkServiceDescriptor
14:11:16.355 [Test worker] DEBUG org.hibernate.cfg.Configuration - Resolving reference to class: org.project.neutrino.nfvo.catalogue.mano.common.NFVEntityDescriptor
14:11:16.355 [Test worker] DEBUG org.hibernate.cfg.Configuration - Resolving reference to class: org.project.neutrino.nfvo.catalogue.mano.common.LifecycleEvent
14:11:16.355 [Test worker] DEBUG org.hibernate.cfg.Configuration - Resolving reference to class: org.project.neutrino.nfvo.catalogue.mano.common.ServiceDeploymentFlavour
14:11:16.355 [Test worker] DEBUG org.hibernate.cfg.Configuration - Resolving reference to class: org.project.neutrino.nfvo.catalogue.mano.record.VirtualNetworkFunctionRecord
14:11:16.355 [Test worker] DEBUG org.hibernate.cfg.Configuration - Resolving reference to class: org.project.neutrino.nfvo.catalogue.mano.common.AutoScalePolicy
14:11:16.355 [Test worker] DEBUG org.hibernate.cfg.Configuration - Resolving reference to class: org.project.neutrino.nfvo.catalogue.mano.record.NetworkServiceRecord
14:11:16.355 [Test worker] DEBUG org.hibernate.cfg.Configuration - Resolving reference to class: org.project.neutrino.nfvo.catalogue.mano.common.ConnectionPoint
14:11:16.355 [Test worker] DEBUG org.hibernate.cfg.Configuration - Resolving reference to class: org.project.neutrino.nfvo.catalogue.mano.record.NetworkServiceRecord
14:11:16.355 [Test worker] DEBUG org.hibernate.cfg.Configuration - Resolving reference to class: org.project.neutrino.nfvo.catalogue.mano.common.LifecycleEvent
14:11:16.355 [Test worker] DEBUG org.hibernate.cfg.Configuration - Resolving reference to class: org.project.neutrino.nfvo.catalogue.mano.record.NetworkServiceRecord
14:11:16.355 [Test worker] DEBUG org.hibernate.cfg.Configuration - Resolving reference to class: org.project.neutrino.nfvo.catalogue.mano.record.NetworkServiceRecord
14:11:16.355 [Test worker] DEBUG org.hibernate.cfg.Configuration - Resolving reference to class: org.project.neutrino.nfvo.catalogue.mano.record.PhysicalNetworkFunctionRecord
14:11:16.355 [Test worker] DEBUG org.hibernate.cfg.Configuration - Resolving reference to class: org.project.neutrino.nfvo.catalogue.mano.record.NetworkServiceRecord
14:11:16.355 [Test worker] DEBUG org.hibernate.cfg.Configuration - Resolving reference to class: org.project.neutrino.nfvo.catalogue.mano.record.VirtualLinkRecord
14:11:16.355 [Test worker] DEBUG org.hibernate.cfg.Configuration - Resolving reference to class: org.project.neutrino.nfvo.catalogue.mano.record.NetworkServiceRecord
14:11:16.355 [Test worker] DEBUG org.hibernate.cfg.Configuration - Resolving reference to class: org.project.neutrino.nfvo.catalogue.mano.common.VNFDependency
14:11:16.355 [Test worker] DEBUG org.hibernate.cfg.Configuration - Resolving reference to class: org.project.neutrino.nfvo.catalogue.mano.record.NetworkServiceRecord
14:11:16.355 [Test worker] DEBUG org.hibernate.cfg.Configuration - Resolving reference to class: org.project.neutrino.nfvo.catalogue.mano.descriptor.VNFForwardingGraph
14:11:16.355 [Test worker] DEBUG org.hibernate.cfg.Configuration - Resolving reference to class: org.project.neutrino.nfvo.catalogue.mano.record.NetworkServiceRecord
14:11:16.355 [Test worker] DEBUG org.hibernate.cfg.Configuration - Resolving reference to class: org.project.neutrino.nfvo.catalogue.mano.common.AutoScalePolicy
14:11:16.355 [Test worker] DEBUG org.hibernate.cfg.Configuration - Resolving reference to class: org.project.neutrino.nfvo.catalogue.mano.common.NFVEntityDescriptor
14:11:16.355 [Test worker] DEBUG org.hibernate.cfg.Configuration - Resolving reference to class: org.project.neutrino.nfvo.catalogue.mano.common.ConnectionPoint
14:11:16.355 [Test worker] DEBUG org.hibernate.cfg.Configuration - Resolving reference to class: org.project.neutrino.nfvo.catalogue.mano.common.NFVEntityDescriptor
14:11:16.355 [Test worker] DEBUG org.hibernate.cfg.Configuration - Resolving reference to class: org.project.neutrino.nfvo.catalogue.mano.common.LifecycleEvent
14:11:16.355 [Test worker] DEBUG org.hibernate.cfg.Configuration - Resolving reference to class: org.project.neutrino.nfvo.catalogue.mano.common.NFVEntityDescriptor
14:11:16.355 [Test worker] DEBUG org.hibernate.cfg.Configuration - Resolving reference to class: org.project.neutrino.nfvo.catalogue.mano.common.NFVEntityDescriptor
14:11:16.355 [Test worker] DEBUG org.hibernate.cfg.Configuration - Resolving reference to class: org.project.neutrino.nfvo.catalogue.mano.common.DeploymentFlavour
14:11:16.355 [Test worker] DEBUG org.hibernate.cfg.Configuration - Resolving reference to class: org.project.neutrino.nfvo.catalogue.mano.common.NFVEntityDescriptor
14:11:16.355 [Test worker] DEBUG org.hibernate.cfg.Configuration - Resolving reference to class: org.project.neutrino.nfvo.catalogue.mano.descriptor.VirtualLinkDescriptor
14:11:16.355 [Test worker] DEBUG org.hibernate.cfg.Configuration - Resolving reference to class: org.project.neutrino.nfvo.catalogue.mano.common.NFVEntityDescriptor
14:11:16.355 [Test worker] DEBUG org.hibernate.cfg.Configuration - Resolving reference to class: org.project.neutrino.nfvo.catalogue.mano.descriptor.VNFForwardingGraph
14:11:16.355 [Test worker] DEBUG org.hibernate.cfg.Configuration - Resolving reference to class: org.project.neutrino.nfvo.catalogue.mano.common.NFVEntityDescriptor
14:11:16.355 [Test worker] DEBUG org.hibernate.cfg.Configuration - Resolving reference to class: org.project.neutrino.nfvo.catalogue.mano.common.Security
14:11:16.355 [Test worker] DEBUG org.hibernate.cfg.Configuration - Resolving reference to class: org.project.neutrino.nfvo.catalogue.mano.common.ConnectionPoint
14:11:16.355 [Test worker] DEBUG org.hibernate.cfg.Configuration - Resolving reference to class: org.project.neutrino.nfvo.catalogue.mano.descriptor.PhysicalNetworkFunctionDescriptor
14:11:16.355 [Test worker] DEBUG org.hibernate.cfg.Configuration - Resolving reference to class: org.project.neutrino.nfvo.catalogue.mano.descriptor.PhysicalNetworkFunctionDescriptor
14:11:16.355 [Test worker] DEBUG org.hibernate.cfg.Configuration - Resolving reference to class: org.project.neutrino.nfvo.catalogue.mano.record.NetworkServiceRecord
14:11:16.355 [Test worker] DEBUG org.hibernate.cfg.Configuration - Resolving reference to class: org.project.neutrino.nfvo.catalogue.mano.record.VirtualLinkRecord
14:11:16.355 [Test worker] DEBUG org.hibernate.cfg.Configuration - Resolving reference to class: org.project.neutrino.nfvo.catalogue.mano.record.PhysicalNetworkFunctionRecord
14:11:16.355 [Test worker] DEBUG org.hibernate.cfg.Configuration - Resolving reference to class: org.project.neutrino.nfvo.catalogue.mano.common.ConnectionPoint
14:11:16.355 [Test worker] DEBUG org.hibernate.cfg.Configuration - Resolving reference to class: org.project.neutrino.nfvo.catalogue.mano.record.PhysicalNetworkFunctionRecord
14:11:16.355 [Test worker] DEBUG org.hibernate.cfg.Configuration - Resolving reference to class: org.project.neutrino.nfvo.catalogue.mano.record.PhysicalNetworkFunctionRecord
14:11:16.355 [Test worker] DEBUG org.hibernate.cfg.Configuration - Resolving reference to class: org.project.neutrino.nfvo.catalogue.mano.record.VNFForwardingGraphRecord
14:11:16.355 [Test worker] DEBUG org.hibernate.cfg.Configuration - Resolving reference to class: org.project.neutrino.nfvo.catalogue.mano.record.PhysicalNetworkFunctionRecord
14:11:16.355 [Test worker] DEBUG org.hibernate.cfg.Configuration - Resolving reference to class: org.project.neutrino.nfvo.catalogue.mano.common.CostituentVNF
14:11:16.355 [Test worker] DEBUG org.hibernate.cfg.Configuration - Resolving reference to class: org.project.neutrino.nfvo.catalogue.mano.common.ServiceDeploymentFlavour
14:11:16.355 [Test worker] DEBUG org.hibernate.cfg.Configuration - Resolving reference to class: org.project.neutrino.nfvo.catalogue.mano.descriptor.VirtualDeploymentUnit
14:11:16.355 [Test worker] DEBUG org.hibernate.cfg.Configuration - Resolving reference to class: org.project.neutrino.nfvo.catalogue.mano.descriptor.VirtualDeploymentUnit
14:11:16.355 [Test worker] DEBUG org.hibernate.cfg.Configuration - Resolving reference to class: org.project.neutrino.nfvo.catalogue.mano.common.LifecycleEvent
14:11:16.355 [Test worker] DEBUG org.hibernate.cfg.Configuration - Resolving reference to class: org.project.neutrino.nfvo.catalogue.mano.descriptor.VirtualDeploymentUnit
14:11:16.355 [Test worker] DEBUG org.hibernate.cfg.Configuration - Resolving reference to class: org.project.neutrino.nfvo.catalogue.mano.descriptor.VirtualDeploymentUnit
14:11:16.355 [Test worker] DEBUG org.hibernate.cfg.Configuration - Resolving reference to class: org.project.neutrino.nfvo.catalogue.mano.descriptor.VirtualDeploymentUnit
14:11:16.355 [Test worker] DEBUG org.hibernate.cfg.Configuration - Resolving reference to class: org.project.neutrino.nfvo.catalogue.mano.descriptor.VNFComponent
14:11:16.355 [Test worker] DEBUG org.hibernate.cfg.Configuration - Resolving reference to class: org.project.neutrino.nfvo.catalogue.mano.descriptor.VirtualDeploymentUnit
14:11:16.355 [Test worker] DEBUG org.hibernate.cfg.Configuration - Resolving reference to class: org.project.neutrino.nfvo.catalogue.mano.common.Security
14:11:16.355 [Test worker] DEBUG org.hibernate.cfg.Configuration - Resolving reference to class: org.project.neutrino.nfvo.catalogue.mano.descriptor.VirtualLinkDescriptor
14:11:16.355 [Test worker] DEBUG org.hibernate.cfg.Configuration - Resolving reference to class: org.project.neutrino.nfvo.catalogue.mano.record.VirtualLinkRecord
14:11:16.355 [Test worker] DEBUG org.hibernate.cfg.Configuration - Resolving reference to class: org.project.neutrino.nfvo.catalogue.mano.record.VirtualLinkRecord
14:11:16.355 [Test worker] DEBUG org.hibernate.cfg.Configuration - Resolving reference to class: org.project.neutrino.nfvo.catalogue.mano.record.VirtualLinkRecord
14:11:16.355 [Test worker] DEBUG org.hibernate.cfg.Configuration - Resolving reference to class: org.project.neutrino.nfvo.catalogue.mano.common.LifecycleEvent
14:11:16.355 [Test worker] DEBUG org.hibernate.cfg.Configuration - Resolving reference to class: org.project.neutrino.nfvo.catalogue.mano.record.VirtualLinkRecord
14:11:16.355 [Test worker] DEBUG org.hibernate.cfg.Configuration - Resolving reference to class: org.project.neutrino.nfvo.catalogue.mano.record.VirtualLinkRecord
14:11:16.355 [Test worker] DEBUG org.hibernate.cfg.Configuration - Resolving reference to class: org.project.neutrino.nfvo.catalogue.mano.record.VirtualLinkRecord
14:11:16.355 [Test worker] DEBUG org.hibernate.cfg.Configuration - Resolving reference to class: org.project.neutrino.nfvo.catalogue.mano.record.VNFForwardingGraphRecord
14:11:16.355 [Test worker] DEBUG org.hibernate.cfg.Configuration - Resolving reference to class: org.project.neutrino.nfvo.catalogue.mano.record.VirtualLinkRecord
14:11:16.355 [Test worker] DEBUG org.hibernate.cfg.Configuration - Resolving reference to class: org.project.neutrino.nfvo.catalogue.mano.descriptor.VNFDDeploymentFlavour
14:11:16.355 [Test worker] DEBUG org.hibernate.cfg.Configuration - Resolving reference to class: org.project.neutrino.nfvo.catalogue.mano.descriptor.VirtualNetworkFunctionDescriptor
14:11:16.355 [Test worker] DEBUG org.hibernate.cfg.Configuration - Resolving reference to class: org.project.neutrino.nfvo.catalogue.mano.common.Security
14:11:16.355 [Test worker] DEBUG org.hibernate.cfg.Configuration - Resolving reference to class: org.project.neutrino.nfvo.catalogue.mano.descriptor.VirtualNetworkFunctionDescriptor
14:11:16.355 [Test worker] DEBUG org.hibernate.cfg.Configuration - Resolving reference to class: org.project.neutrino.nfvo.catalogue.mano.descriptor.VirtualDeploymentUnit
14:11:16.355 [Test worker] DEBUG org.hibernate.cfg.Configuration - Resolving reference to class: org.project.neutrino.nfvo.catalogue.mano.descriptor.VirtualNetworkFunctionDescriptor
14:11:16.355 [Test worker] DEBUG org.hibernate.cfg.Configuration - Resolving reference to class: org.project.neutrino.nfvo.catalogue.mano.descriptor.VDUDependency
14:11:16.355 [Test worker] DEBUG org.hibernate.cfg.Configuration - Resolving reference to class: org.project.neutrino.nfvo.catalogue.mano.descriptor.VirtualNetworkFunctionDescriptor
14:11:16.355 [Test worker] DEBUG org.hibernate.cfg.Configuration - Resolving reference to class: org.project.neutrino.nfvo.catalogue.mano.descriptor.InternalVirtualLink
14:11:16.355 [Test worker] DEBUG org.hibernate.cfg.Configuration - Resolving reference to class: org.project.neutrino.nfvo.catalogue.mano.descriptor.VirtualNetworkFunctionDescriptor
14:11:16.355 [Test worker] DEBUG org.hibernate.cfg.Configuration - Resolving reference to class: org.project.neutrino.nfvo.catalogue.mano.descriptor.VNFDDeploymentFlavour
14:11:16.355 [Test worker] DEBUG org.hibernate.cfg.Configuration - Resolving reference to class: org.project.neutrino.nfvo.catalogue.mano.common.LifecycleEvent
14:11:16.355 [Test worker] DEBUG org.hibernate.cfg.Configuration - Resolving reference to class: org.project.neutrino.nfvo.catalogue.mano.record.NetworkServiceRecord
14:11:16.355 [Test worker] DEBUG org.hibernate.cfg.Configuration - Resolving reference to class: org.project.neutrino.nfvo.catalogue.mano.common.AutoScalePolicy
14:11:16.355 [Test worker] DEBUG org.hibernate.cfg.Configuration - Resolving reference to class: org.project.neutrino.nfvo.catalogue.mano.record.VirtualNetworkFunctionRecord
14:11:16.355 [Test worker] DEBUG org.hibernate.cfg.Configuration - Resolving reference to class: org.project.neutrino.nfvo.catalogue.mano.record.VirtualLinkRecord
14:11:16.355 [Test worker] DEBUG org.hibernate.cfg.Configuration - Resolving reference to class: org.project.neutrino.nfvo.catalogue.mano.record.VirtualNetworkFunctionRecord
14:11:16.355 [Test worker] DEBUG org.hibernate.cfg.Configuration - Resolving reference to class: org.project.neutrino.nfvo.catalogue.mano.common.ConnectionPoint
14:11:16.355 [Test worker] DEBUG org.hibernate.cfg.Configuration - Resolving reference to class: org.project.neutrino.nfvo.catalogue.mano.record.VirtualNetworkFunctionRecord
14:11:16.355 [Test worker] DEBUG org.hibernate.cfg.Configuration - Resolving reference to class: org.project.neutrino.nfvo.catalogue.mano.common.VNFDependency
14:11:16.355 [Test worker] DEBUG org.hibernate.cfg.Configuration - Resolving reference to class: org.project.neutrino.nfvo.catalogue.mano.record.VirtualNetworkFunctionRecord
14:11:16.355 [Test worker] DEBUG org.hibernate.cfg.Configuration - Resolving reference to class: org.project.neutrino.nfvo.catalogue.mano.common.LifecycleEvent
14:11:16.355 [Test worker] DEBUG org.hibernate.cfg.Configuration - Resolving reference to class: org.project.neutrino.nfvo.catalogue.mano.record.VirtualNetworkFunctionRecord
14:11:16.355 [Test worker] DEBUG org.hibernate.cfg.Configuration - Resolving reference to class: org.project.neutrino.nfvo.catalogue.mano.record.VirtualNetworkFunctionRecord
14:11:16.355 [Test worker] DEBUG org.hibernate.cfg.Configuration - Resolving reference to class: org.project.neutrino.nfvo.catalogue.mano.record.VirtualNetworkFunctionRecord
14:11:16.355 [Test worker] DEBUG org.hibernate.cfg.Configuration - Resolving reference to class: org.project.neutrino.nfvo.catalogue.mano.record.VirtualNetworkFunctionRecord
14:11:16.356 [Test worker] DEBUG org.hibernate.cfg.Configuration - Resolving reference to class: org.project.neutrino.nfvo.catalogue.mano.descriptor.VirtualDeploymentUnit
14:11:16.356 [Test worker] DEBUG org.hibernate.cfg.Configuration - Resolving reference to class: org.project.neutrino.nfvo.catalogue.mano.record.VirtualNetworkFunctionRecord
14:11:16.356 [Test worker] DEBUG org.hibernate.cfg.Configuration - Resolving reference to class: org.project.neutrino.nfvo.catalogue.mano.descriptor.InternalVirtualLink
14:11:16.356 [Test worker] DEBUG org.hibernate.cfg.Configuration - Resolving reference to class: org.project.neutrino.nfvo.catalogue.mano.record.VirtualNetworkFunctionRecord
14:11:16.356 [Test worker] DEBUG org.hibernate.cfg.Configuration - Resolving reference to class: org.project.neutrino.nfvo.catalogue.mano.record.VirtualNetworkFunctionRecord
14:11:16.356 [Test worker] DEBUG org.hibernate.cfg.Configuration - Resolving reference to class: org.project.neutrino.nfvo.catalogue.mano.descriptor.VNFDConnectionPoint
14:11:16.356 [Test worker] DEBUG org.hibernate.cfg.Configuration - Resolving reference to class: org.project.neutrino.nfvo.catalogue.mano.descriptor.VNFComponent
14:11:16.356 [Test worker] DEBUG org.hibernate.cfg.Configuration - Resolving reference to class: org.project.neutrino.nfvo.catalogue.mano.common.CostituentVDU
14:11:16.356 [Test worker] DEBUG org.hibernate.cfg.Configuration - Resolving reference to class: org.project.neutrino.nfvo.catalogue.mano.descriptor.VNFDDeploymentFlavour
14:11:16.356 [Test worker] DEBUG org.hibernate.cfg.Configuration - Resolving reference to class: org.project.neutrino.nfvo.catalogue.mano.descriptor.VNFDDeploymentFlavour
14:11:16.356 [Test worker] DEBUG org.hibernate.cfg.Configuration - Resolving reference to class: org.project.neutrino.nfvo.catalogue.mano.descriptor.VirtualNetworkFunctionDescriptor
14:11:16.356 [Test worker] DEBUG org.hibernate.cfg.Configuration - Resolving reference to class: org.project.neutrino.nfvo.catalogue.mano.descriptor.VirtualNetworkFunctionDescriptor
14:11:16.356 [Test worker] DEBUG org.hibernate.cfg.Configuration - Resolving reference to class: org.project.neutrino.nfvo.catalogue.mano.common.Security
14:11:16.356 [Test worker] DEBUG org.hibernate.cfg.Configuration - Resolving reference to class: org.project.neutrino.nfvo.catalogue.mano.common.ConnectionPoint
14:11:16.356 [Test worker] DEBUG org.hibernate.cfg.Configuration - Resolving reference to class: org.project.neutrino.nfvo.catalogue.mano.descriptor.VNFForwardingGraph
14:11:16.356 [Test worker] DEBUG org.hibernate.cfg.Configuration - Resolving reference to class: org.project.neutrino.nfvo.catalogue.mano.common.CostituentVNF
14:11:16.356 [Test worker] DEBUG org.hibernate.cfg.Configuration - Resolving reference to class: org.project.neutrino.nfvo.catalogue.mano.descriptor.VNFForwardingGraph
14:11:16.356 [Test worker] DEBUG org.hibernate.cfg.Configuration - Resolving reference to class: org.project.neutrino.nfvo.catalogue.mano.descriptor.VirtualLinkDescriptor
14:11:16.356 [Test worker] DEBUG org.hibernate.cfg.Configuration - Resolving reference to class: org.project.neutrino.nfvo.catalogue.mano.descriptor.VNFForwardingGraph
14:11:16.356 [Test worker] DEBUG org.hibernate.cfg.Configuration - Resolving reference to class: org.project.neutrino.nfvo.catalogue.mano.descriptor.NetworkForwardingPath
14:11:16.356 [Test worker] DEBUG org.hibernate.cfg.Configuration - Resolving reference to class: org.project.neutrino.nfvo.catalogue.mano.descriptor.VNFForwardingGraph
14:11:16.356 [Test worker] DEBUG org.hibernate.cfg.Configuration - Resolving reference to class: org.project.neutrino.nfvo.catalogue.mano.descriptor.VNFForwardingGraph
14:11:16.356 [Test worker] DEBUG org.hibernate.cfg.Configuration - Resolving reference to class: org.project.neutrino.nfvo.catalogue.mano.descriptor.NetworkForwardingPath
14:11:16.356 [Test worker] DEBUG org.hibernate.cfg.Configuration - Resolving reference to class: org.project.neutrino.nfvo.catalogue.mano.record.NetworkServiceRecord
14:11:16.356 [Test worker] DEBUG org.hibernate.cfg.Configuration - Resolving reference to class: org.project.neutrino.nfvo.catalogue.mano.descriptor.VNFDConnectionPoint
14:11:16.356 [Test worker] DEBUG org.hibernate.cfg.Configuration - Resolving reference to class: org.project.neutrino.nfvo.catalogue.mano.record.VNFForwardingGraphRecord
14:11:16.356 [Test worker] DEBUG org.hibernate.cfg.Configuration - Resolving reference to class: org.project.neutrino.nfvo.catalogue.mano.record.VirtualLinkRecord
14:11:16.356 [Test worker] DEBUG org.hibernate.cfg.Configuration - Resolving reference to class: org.project.neutrino.nfvo.catalogue.mano.record.VNFForwardingGraphRecord
14:11:16.356 [Test worker] DEBUG org.hibernate.cfg.Configuration - Resolving reference to class: org.project.neutrino.nfvo.catalogue.mano.common.LifecycleEvent
14:11:16.356 [Test worker] DEBUG org.hibernate.cfg.Configuration - Resolving reference to class: org.project.neutrino.nfvo.catalogue.mano.record.VNFForwardingGraphRecord
14:11:16.356 [Test worker] DEBUG org.hibernate.cfg.Configuration - Resolving reference to class: org.project.neutrino.nfvo.catalogue.mano.record.VirtualNetworkFunctionRecord
14:11:16.356 [Test worker] DEBUG org.hibernate.cfg.Configuration - Resolving reference to class: org.project.neutrino.nfvo.catalogue.mano.record.VNFForwardingGraphRecord
14:11:16.356 [Test worker] DEBUG org.hibernate.cfg.Configuration - Resolving reference to class: org.project.neutrino.nfvo.catalogue.mano.record.VNFForwardingGraphRecord
14:11:16.356 [Test worker] DEBUG o.h.i.f.i.DefaultIdentifierGeneratorFactory - Setting dialect [org.hibernate.dialect.MySQL5Dialect]
14:11:16.356 [Test worker] DEBUG o.h.i.f.i.DefaultIdentifierGeneratorFactory - Setting dialect [org.hibernate.dialect.MySQL5Dialect]
14:11:16.356 [Test worker] DEBUG o.h.i.f.i.DefaultIdentifierGeneratorFactory - Setting dialect [org.hibernate.dialect.MySQL5Dialect]
14:11:16.356 [Test worker] DEBUG o.h.i.f.i.DefaultIdentifierGeneratorFactory - Setting dialect [org.hibernate.dialect.MySQL5Dialect]
14:11:16.356 [Test worker] DEBUG o.h.i.f.i.DefaultIdentifierGeneratorFactory - Setting dialect [org.hibernate.dialect.MySQL5Dialect]
14:11:16.356 [Test worker] DEBUG o.h.i.f.i.DefaultIdentifierGeneratorFactory - Setting dialect [org.hibernate.dialect.MySQL5Dialect]
14:11:16.356 [Test worker] DEBUG o.h.i.f.i.DefaultIdentifierGeneratorFactory - Setting dialect [org.hibernate.dialect.MySQL5Dialect]
14:11:16.357 [Test worker] DEBUG o.h.i.f.i.DefaultIdentifierGeneratorFactory - Setting dialect [org.hibernate.dialect.MySQL5Dialect]
14:11:16.357 [Test worker] DEBUG o.h.i.f.i.DefaultIdentifierGeneratorFactory - Setting dialect [org.hibernate.dialect.MySQL5Dialect]
14:11:16.357 [Test worker] DEBUG o.h.i.f.i.DefaultIdentifierGeneratorFactory - Setting dialect [org.hibernate.dialect.MySQL5Dialect]
14:11:16.357 [Test worker] DEBUG o.h.i.f.i.DefaultIdentifierGeneratorFactory - Setting dialect [org.hibernate.dialect.MySQL5Dialect]
14:11:16.357 [Test worker] DEBUG o.h.i.f.i.DefaultIdentifierGeneratorFactory - Setting dialect [org.hibernate.dialect.MySQL5Dialect]
14:11:16.357 [Test worker] DEBUG o.h.i.f.i.DefaultIdentifierGeneratorFactory - Setting dialect [org.hibernate.dialect.MySQL5Dialect]
14:11:16.358 [Test worker] DEBUG o.h.i.f.i.DefaultIdentifierGeneratorFactory - Setting dialect [org.hibernate.dialect.MySQL5Dialect]
14:11:16.358 [Test worker] DEBUG o.h.i.f.i.DefaultIdentifierGeneratorFactory - Setting dialect [org.hibernate.dialect.MySQL5Dialect]
14:11:16.358 [Test worker] DEBUG o.h.i.f.i.DefaultIdentifierGeneratorFactory - Setting dialect [org.hibernate.dialect.MySQL5Dialect]
14:11:16.359 [Test worker] DEBUG o.h.i.f.i.DefaultIdentifierGeneratorFactory - Setting dialect [org.hibernate.dialect.MySQL5Dialect]
14:11:16.361 [Test worker] DEBUG o.h.i.f.i.DefaultIdentifierGeneratorFactory - Setting dialect [org.hibernate.dialect.MySQL5Dialect]
14:11:16.361 [Test worker] DEBUG o.h.i.f.i.DefaultIdentifierGeneratorFactory - Setting dialect [org.hibernate.dialect.MySQL5Dialect]
14:11:16.361 [Test worker] DEBUG o.h.i.f.i.DefaultIdentifierGeneratorFactory - Setting dialect [org.hibernate.dialect.MySQL5Dialect]
14:11:16.364 [Test worker] DEBUG o.h.i.f.i.DefaultIdentifierGeneratorFactory - Setting dialect [org.hibernate.dialect.MySQL5Dialect]
14:11:16.364 [Test worker] DEBUG o.h.i.f.i.DefaultIdentifierGeneratorFactory - Setting dialect [org.hibernate.dialect.MySQL5Dialect]
14:11:16.364 [Test worker] DEBUG o.h.i.f.i.DefaultIdentifierGeneratorFactory - Setting dialect [org.hibernate.dialect.MySQL5Dialect]
14:11:16.364 [Test worker] DEBUG o.h.i.f.i.DefaultIdentifierGeneratorFactory - Setting dialect [org.hibernate.dialect.MySQL5Dialect]
14:11:16.364 [Test worker] DEBUG o.h.i.f.i.DefaultIdentifierGeneratorFactory - Setting dialect [org.hibernate.dialect.MySQL5Dialect]
14:11:16.364 [Test worker] DEBUG o.h.i.f.i.DefaultIdentifierGeneratorFactory - Setting dialect [org.hibernate.dialect.MySQL5Dialect]
14:11:16.364 [Test worker] DEBUG o.h.i.f.i.DefaultIdentifierGeneratorFactory - Setting dialect [org.hibernate.dialect.MySQL5Dialect]
14:11:16.364 [Test worker] DEBUG o.h.i.f.i.DefaultIdentifierGeneratorFactory - Setting dialect [org.hibernate.dialect.MySQL5Dialect]
14:11:16.364 [Test worker] DEBUG o.h.i.f.i.DefaultIdentifierGeneratorFactory - Setting dialect [org.hibernate.dialect.MySQL5Dialect]
14:11:16.364 [Test worker] DEBUG o.h.i.f.i.DefaultIdentifierGeneratorFactory - Setting dialect [org.hibernate.dialect.MySQL5Dialect]
14:11:16.365 [Test worker] DEBUG o.h.i.f.i.DefaultIdentifierGeneratorFactory - Setting dialect [org.hibernate.dialect.MySQL5Dialect]
14:11:16.365 [Test worker] DEBUG o.h.i.f.i.DefaultIdentifierGeneratorFactory - Setting dialect [org.hibernate.dialect.MySQL5Dialect]
14:11:16.365 [Test worker] DEBUG o.h.i.f.i.DefaultIdentifierGeneratorFactory - Setting dialect [org.hibernate.dialect.MySQL5Dialect]
14:11:16.365 [Test worker] DEBUG o.h.i.f.i.DefaultIdentifierGeneratorFactory - Setting dialect [org.hibernate.dialect.MySQL5Dialect]
14:11:16.365 [Test worker] DEBUG o.h.i.f.i.DefaultIdentifierGeneratorFactory - Setting dialect [org.hibernate.dialect.MySQL5Dialect]
14:11:16.365 [Test worker] DEBUG o.h.i.f.i.DefaultIdentifierGeneratorFactory - Setting dialect [org.hibernate.dialect.MySQL5Dialect]
14:11:16.365 [Test worker] DEBUG o.h.i.f.i.DefaultIdentifierGeneratorFactory - Setting dialect [org.hibernate.dialect.MySQL5Dialect]
14:11:16.365 [Test worker] DEBUG o.h.i.f.i.DefaultIdentifierGeneratorFactory - Setting dialect [org.hibernate.dialect.MySQL5Dialect]
14:11:16.365 [Test worker] DEBUG o.h.i.f.i.DefaultIdentifierGeneratorFactory - Setting dialect [org.hibernate.dialect.MySQL5Dialect]
14:11:16.365 [Test worker] DEBUG o.h.i.f.i.DefaultIdentifierGeneratorFactory - Setting dialect [org.hibernate.dialect.MySQL5Dialect]
14:11:16.365 [Test worker] DEBUG o.h.i.f.i.DefaultIdentifierGeneratorFactory - Setting dialect [org.hibernate.dialect.MySQL5Dialect]
14:11:16.365 [Test worker] DEBUG o.h.i.f.i.DefaultIdentifierGeneratorFactory - Setting dialect [org.hibernate.dialect.MySQL5Dialect]
14:11:16.366 [Test worker] INFO  o.h.tool.hbm2ddl.SchemaExport - HHH000227: Running hbm2ddl schema export
14:11:16.367 [Test worker] DEBUG o.h.tool.hbm2ddl.SchemaExport - Import file not found: /import.sql
14:11:16.368 [Test worker] DEBUG o.s.j.d.SimpleDriverDataSource - Creating new JDBC Driver Connection to [jdbc:hsqldb:mem:testdb]
14:11:16.368 [Test worker] DEBUG org.hibernate.SQL - alter table internal_virtual_link_connection_points_references drop foreign key FK_6v4ibs98wl7i31i7s0dvv1xm3
14:11:16.370 [Test worker] ERROR o.h.tool.hbm2ddl.SchemaExport - HHH000389: Unsuccessful: alter table internal_virtual_link_connection_points_references drop foreign key FK_6v4ibs98wl7i31i7s0dvv1xm3
14:11:16.370 [Test worker] ERROR o.h.tool.hbm2ddl.SchemaExport - user lacks privilege or object not found: PUBLIC.INTERNAL_VIRTUAL_LINK_CONNECTION_POINTS_REFERENCES
14:11:16.370 [Test worker] DEBUG org.hibernate.SQL - alter table lifecycle_event_lifecycle_events drop foreign key FK_9dbjms0e0n3hdj74lls2x0fbq
14:11:16.370 [Test worker] ERROR o.h.tool.hbm2ddl.SchemaExport - HHH000389: Unsuccessful: alter table lifecycle_event_lifecycle_events drop foreign key FK_9dbjms0e0n3hdj74lls2x0fbq
14:11:16.370 [Test worker] ERROR o.h.tool.hbm2ddl.SchemaExport - user lacks privilege or object not found: PUBLIC.LIFECYCLE_EVENT_LIFECYCLE_EVENTS
14:11:16.370 [Test worker] DEBUG org.hibernate.SQL - alter table network_forwarding_path drop foreign key FK_cecdubyhq56m3bhx59wa5cqtw
14:11:16.370 [Test worker] ERROR o.h.tool.hbm2ddl.SchemaExport - HHH000389: Unsuccessful: alter table network_forwarding_path drop foreign key FK_cecdubyhq56m3bhx59wa5cqtw
14:11:16.370 [Test worker] ERROR o.h.tool.hbm2ddl.SchemaExport - user lacks privilege or object not found: PUBLIC.NETWORK_FORWARDING_PATH
14:11:16.370 [Test worker] DEBUG org.hibernate.SQL - alter table network_forwarding_path_connection drop foreign key FK_aoy89h8emsie8con5ag48n3pp
14:11:16.370 [Test worker] ERROR o.h.tool.hbm2ddl.SchemaExport - HHH000389: Unsuccessful: alter table network_forwarding_path_connection drop foreign key FK_aoy89h8emsie8con5ag48n3pp
14:11:16.370 [Test worker] ERROR o.h.tool.hbm2ddl.SchemaExport - user lacks privilege or object not found: PUBLIC.NETWORK_FORWARDING_PATH_CONNECTION
14:11:16.370 [Test worker] DEBUG org.hibernate.SQL - alter table network_service_descriptor drop foreign key FK_6jnbh5xkl98atrnmve1i59piw
14:11:16.370 [Test worker] ERROR o.h.tool.hbm2ddl.SchemaExport - HHH000389: Unsuccessful: alter table network_service_descriptor drop foreign key FK_6jnbh5xkl98atrnmve1i59piw
14:11:16.370 [Test worker] ERROR o.h.tool.hbm2ddl.SchemaExport - user lacks privilege or object not found: PUBLIC.NETWORK_SERVICE_DESCRIPTOR
14:11:16.370 [Test worker] DEBUG org.hibernate.SQL - alter table network_service_descriptor_pnfd drop foreign key FK_ix1oaawjdlcvfkvjbk2s4cce6
14:11:16.370 [Test worker] ERROR o.h.tool.hbm2ddl.SchemaExport - HHH000389: Unsuccessful: alter table network_service_descriptor_pnfd drop foreign key FK_ix1oaawjdlcvfkvjbk2s4cce6
14:11:16.370 [Test worker] ERROR o.h.tool.hbm2ddl.SchemaExport - user lacks privilege or object not found: PUBLIC.NETWORK_SERVICE_DESCRIPTOR_PNFD
14:11:16.370 [Test worker] DEBUG org.hibernate.SQL - alter table network_service_descriptor_pnfd drop foreign key FK_1629jppm4g7kjpdgjxawrnx3t
14:11:16.371 [Test worker] ERROR o.h.tool.hbm2ddl.SchemaExport - HHH000389: Unsuccessful: alter table network_service_descriptor_pnfd drop foreign key FK_1629jppm4g7kjpdgjxawrnx3t
14:11:16.371 [Test worker] ERROR o.h.tool.hbm2ddl.SchemaExport - user lacks privilege or object not found: PUBLIC.NETWORK_SERVICE_DESCRIPTOR_PNFD
14:11:16.371 [Test worker] DEBUG org.hibernate.SQL - alter table network_service_descriptor_vnf_dependency drop foreign key FK_6aruq4mnkev7qjo24ht1aufms
14:11:16.371 [Test worker] ERROR o.h.tool.hbm2ddl.SchemaExport - HHH000389: Unsuccessful: alter table network_service_descriptor_vnf_dependency drop foreign key FK_6aruq4mnkev7qjo24ht1aufms
14:11:16.371 [Test worker] ERROR o.h.tool.hbm2ddl.SchemaExport - user lacks privilege or object not found: PUBLIC.NETWORK_SERVICE_DESCRIPTOR_VNF_DEPENDENCY
14:11:16.371 [Test worker] DEBUG org.hibernate.SQL - alter table network_service_descriptor_vnf_dependency drop foreign key FK_t4wvcyr17jin1lscthl0wpa8d
14:11:16.371 [Test worker] ERROR o.h.tool.hbm2ddl.SchemaExport - HHH000389: Unsuccessful: alter table network_service_descriptor_vnf_dependency drop foreign key FK_t4wvcyr17jin1lscthl0wpa8d
14:11:16.371 [Test worker] ERROR o.h.tool.hbm2ddl.SchemaExport - user lacks privilege or object not found: PUBLIC.NETWORK_SERVICE_DESCRIPTOR_VNF_DEPENDENCY
14:11:16.371 [Test worker] DEBUG org.hibernate.SQL - alter table network_service_descriptor_vnfd drop foreign key FK_onnknjip9a6o1nyfhu9fle3iq
14:11:16.371 [Test worker] ERROR o.h.tool.hbm2ddl.SchemaExport - HHH000389: Unsuccessful: alter table network_service_descriptor_vnfd drop foreign key FK_onnknjip9a6o1nyfhu9fle3iq
14:11:16.371 [Test worker] ERROR o.h.tool.hbm2ddl.SchemaExport - user lacks privilege or object not found: PUBLIC.NETWORK_SERVICE_DESCRIPTOR_VNFD
14:11:16.371 [Test worker] DEBUG org.hibernate.SQL - alter table network_service_descriptor_vnfd drop foreign key FK_dgciw9d75gp0ej960jqbydbuw
14:11:16.371 [Test worker] ERROR o.h.tool.hbm2ddl.SchemaExport - HHH000389: Unsuccessful: alter table network_service_descriptor_vnfd drop foreign key FK_dgciw9d75gp0ej960jqbydbuw
14:11:16.371 [Test worker] ERROR o.h.tool.hbm2ddl.SchemaExport - user lacks privilege or object not found: PUBLIC.NETWORK_SERVICE_DESCRIPTOR_VNFD
14:11:16.371 [Test worker] DEBUG org.hibernate.SQL - alter table network_service_record drop foreign key FK_3s8jv34kiasky9fl3paaa2lbu
14:11:16.371 [Test worker] ERROR o.h.tool.hbm2ddl.SchemaExport - HHH000389: Unsuccessful: alter table network_service_record drop foreign key FK_3s8jv34kiasky9fl3paaa2lbu
14:11:16.371 [Test worker] ERROR o.h.tool.hbm2ddl.SchemaExport - user lacks privilege or object not found: PUBLIC.NETWORK_SERVICE_RECORD
14:11:16.371 [Test worker] DEBUG org.hibernate.SQL - alter table network_service_record drop foreign key FK_n3sw4fy3mej30w0fdeaulohvp
14:11:16.371 [Test worker] ERROR o.h.tool.hbm2ddl.SchemaExport - HHH000389: Unsuccessful: alter table network_service_record drop foreign key FK_n3sw4fy3mej30w0fdeaulohvp
14:11:16.371 [Test worker] ERROR o.h.tool.hbm2ddl.SchemaExport - user lacks privilege or object not found: PUBLIC.NETWORK_SERVICE_RECORD
14:11:16.371 [Test worker] DEBUG org.hibernate.SQL - alter table network_service_record drop foreign key FK_s282g8iiy57mjptyj0iq8svbp
14:11:16.372 [Test worker] ERROR o.h.tool.hbm2ddl.SchemaExport - HHH000389: Unsuccessful: alter table network_service_record drop foreign key FK_s282g8iiy57mjptyj0iq8svbp
14:11:16.372 [Test worker] ERROR o.h.tool.hbm2ddl.SchemaExport - user lacks privilege or object not found: PUBLIC.NETWORK_SERVICE_RECORD
14:11:16.372 [Test worker] DEBUG org.hibernate.SQL - alter table network_service_record_auto_scale_policy drop foreign key FK_gbre81dwsehi7utth7q20uq0e
14:11:16.372 [Test worker] ERROR o.h.tool.hbm2ddl.SchemaExport - HHH000389: Unsuccessful: alter table network_service_record_auto_scale_policy drop foreign key FK_gbre81dwsehi7utth7q20uq0e
14:11:16.372 [Test worker] ERROR o.h.tool.hbm2ddl.SchemaExport - user lacks privilege or object not found: PUBLIC.NETWORK_SERVICE_RECORD_AUTO_SCALE_POLICY
14:11:16.372 [Test worker] DEBUG org.hibernate.SQL - alter table network_service_record_auto_scale_policy drop foreign key FK_t90k4qt3e95rx3rq72jxaipwe
14:11:16.372 [Test worker] ERROR o.h.tool.hbm2ddl.SchemaExport - HHH000389: Unsuccessful: alter table network_service_record_auto_scale_policy drop foreign key FK_t90k4qt3e95rx3rq72jxaipwe
14:11:16.372 [Test worker] ERROR o.h.tool.hbm2ddl.SchemaExport - user lacks privilege or object not found: PUBLIC.NETWORK_SERVICE_RECORD_AUTO_SCALE_POLICY
14:11:16.372 [Test worker] DEBUG org.hibernate.SQL - alter table network_service_record_connection_point drop foreign key FK_5xfoqfc4o8buq11dl8uyifsik
14:11:16.372 [Test worker] ERROR o.h.tool.hbm2ddl.SchemaExport - HHH000389: Unsuccessful: alter table network_service_record_connection_point drop foreign key FK_5xfoqfc4o8buq11dl8uyifsik
14:11:16.372 [Test worker] ERROR o.h.tool.hbm2ddl.SchemaExport - user lacks privilege or object not found: PUBLIC.NETWORK_SERVICE_RECORD_CONNECTION_POINT
14:11:16.372 [Test worker] DEBUG org.hibernate.SQL - alter table network_service_record_lifecycle_event_history drop foreign key FK_379gnp8cxp1hsqql9k8b4ycpp
14:11:16.372 [Test worker] ERROR o.h.tool.hbm2ddl.SchemaExport - HHH000389: Unsuccessful: alter table network_service_record_lifecycle_event_history drop foreign key FK_379gnp8cxp1hsqql9k8b4ycpp
14:11:16.372 [Test worker] ERROR o.h.tool.hbm2ddl.SchemaExport - user lacks privilege or object not found: PUBLIC.NETWORK_SERVICE_RECORD_LIFECYCLE_EVENT_HISTORY
14:11:16.372 [Test worker] DEBUG org.hibernate.SQL - alter table network_service_record_lifecycle_event_history drop foreign key FK_gcvbqad4v6bdx3f73sn174khf
14:11:16.372 [Test worker] ERROR o.h.tool.hbm2ddl.SchemaExport - HHH000389: Unsuccessful: alter table network_service_record_lifecycle_event_history drop foreign key FK_gcvbqad4v6bdx3f73sn174khf
14:11:16.372 [Test worker] ERROR o.h.tool.hbm2ddl.SchemaExport - user lacks privilege or object not found: PUBLIC.NETWORK_SERVICE_RECORD_LIFECYCLE_EVENT_HISTORY
14:11:16.372 [Test worker] DEBUG org.hibernate.SQL - alter table network_service_record_monitoring_parameter drop foreign key FK_fqtv73obewb4i4g0g41b8piqy
14:11:16.372 [Test worker] ERROR o.h.tool.hbm2ddl.SchemaExport - HHH000389: Unsuccessful: alter table network_service_record_monitoring_parameter drop foreign key FK_fqtv73obewb4i4g0g41b8piqy
14:11:16.372 [Test worker] ERROR o.h.tool.hbm2ddl.SchemaExport - user lacks privilege or object not found: PUBLIC.NETWORK_SERVICE_RECORD_MONITORING_PARAMETER
14:11:16.372 [Test worker] DEBUG org.hibernate.SQL - alter table network_service_record_pnfr drop foreign key FK_nfr72rysj9lb8xwmd0ns5t926
14:11:16.372 [Test worker] ERROR o.h.tool.hbm2ddl.SchemaExport - HHH000389: Unsuccessful: alter table network_service_record_pnfr drop foreign key FK_nfr72rysj9lb8xwmd0ns5t926
14:11:16.372 [Test worker] ERROR o.h.tool.hbm2ddl.SchemaExport - user lacks privilege or object not found: PUBLIC.NETWORK_SERVICE_RECORD_PNFR
14:11:16.372 [Test worker] DEBUG org.hibernate.SQL - alter table network_service_record_pnfr drop foreign key FK_t57pa9ebwix99g01p7o71r060
14:11:16.372 [Test worker] ERROR o.h.tool.hbm2ddl.SchemaExport - HHH000389: Unsuccessful: alter table network_service_record_pnfr drop foreign key FK_t57pa9ebwix99g01p7o71r060
14:11:16.372 [Test worker] ERROR o.h.tool.hbm2ddl.SchemaExport - user lacks privilege or object not found: PUBLIC.NETWORK_SERVICE_RECORD_PNFR
14:11:16.372 [Test worker] DEBUG org.hibernate.SQL - alter table network_service_record_vlr drop foreign key FK_7xnjnxpvsj41xr295ooswn5s0
14:11:16.372 [Test worker] ERROR o.h.tool.hbm2ddl.SchemaExport - HHH000389: Unsuccessful: alter table network_service_record_vlr drop foreign key FK_7xnjnxpvsj41xr295ooswn5s0
14:11:16.372 [Test worker] ERROR o.h.tool.hbm2ddl.SchemaExport - user lacks privilege or object not found: PUBLIC.NETWORK_SERVICE_RECORD_VLR
14:11:16.372 [Test worker] DEBUG org.hibernate.SQL - alter table network_service_record_vlr drop foreign key FK_6ujpleewukxc31go92vyjd84g
14:11:16.372 [Test worker] ERROR o.h.tool.hbm2ddl.SchemaExport - HHH000389: Unsuccessful: alter table network_service_record_vlr drop foreign key FK_6ujpleewukxc31go92vyjd84g
14:11:16.372 [Test worker] ERROR o.h.tool.hbm2ddl.SchemaExport - user lacks privilege or object not found: PUBLIC.NETWORK_SERVICE_RECORD_VLR
14:11:16.372 [Test worker] DEBUG org.hibernate.SQL - alter table network_service_record_vnf_dependency drop foreign key FK_6d08jd1mdug22ugsjl5s6jw1s
14:11:16.373 [Test worker] ERROR o.h.tool.hbm2ddl.SchemaExport - HHH000389: Unsuccessful: alter table network_service_record_vnf_dependency drop foreign key FK_6d08jd1mdug22ugsjl5s6jw1s
14:11:16.373 [Test worker] ERROR o.h.tool.hbm2ddl.SchemaExport - user lacks privilege or object not found: PUBLIC.NETWORK_SERVICE_RECORD_VNF_DEPENDENCY
14:11:16.373 [Test worker] DEBUG org.hibernate.SQL - alter table network_service_record_vnf_dependency drop foreign key FK_h8xr44nmcggp8fwmf0ikctfhd
14:11:16.373 [Test worker] ERROR o.h.tool.hbm2ddl.SchemaExport - HHH000389: Unsuccessful: alter table network_service_record_vnf_dependency drop foreign key FK_h8xr44nmcggp8fwmf0ikctfhd
14:11:16.373 [Test worker] ERROR o.h.tool.hbm2ddl.SchemaExport - user lacks privilege or object not found: PUBLIC.NETWORK_SERVICE_RECORD_VNF_DEPENDENCY
14:11:16.373 [Test worker] DEBUG org.hibernate.SQL - alter table network_service_record_vnffgr drop foreign key FK_temtmb9npy7hue823c5y9jy09
14:11:16.373 [Test worker] ERROR o.h.tool.hbm2ddl.SchemaExport - HHH000389: Unsuccessful: alter table network_service_record_vnffgr drop foreign key FK_temtmb9npy7hue823c5y9jy09
14:11:16.373 [Test worker] ERROR o.h.tool.hbm2ddl.SchemaExport - user lacks privilege or object not found: PUBLIC.NETWORK_SERVICE_RECORD_VNFFGR
14:11:16.373 [Test worker] DEBUG org.hibernate.SQL - alter table network_service_record_vnffgr drop foreign key FK_pabcpie4838fq2ybk3hikib05
14:11:16.373 [Test worker] ERROR o.h.tool.hbm2ddl.SchemaExport - HHH000389: Unsuccessful: alter table network_service_record_vnffgr drop foreign key FK_pabcpie4838fq2ybk3hikib05
14:11:16.373 [Test worker] ERROR o.h.tool.hbm2ddl.SchemaExport - user lacks privilege or object not found: PUBLIC.NETWORK_SERVICE_RECORD_VNFFGR
14:11:16.373 [Test worker] DEBUG org.hibernate.SQL - alter table nfventity_descriptor_auto_scale_policy drop foreign key FK_tle9igt6m8dfb35qlfnejmnk8
14:11:16.373 [Test worker] ERROR o.h.tool.hbm2ddl.SchemaExport - HHH000389: Unsuccessful: alter table nfventity_descriptor_auto_scale_policy drop foreign key FK_tle9igt6m8dfb35qlfnejmnk8
14:11:16.373 [Test worker] ERROR o.h.tool.hbm2ddl.SchemaExport - user lacks privilege or object not found: PUBLIC.NFVENTITY_DESCRIPTOR_AUTO_SCALE_POLICY
14:11:16.373 [Test worker] DEBUG org.hibernate.SQL - alter table nfventity_descriptor_lifecycle_event drop foreign key FK_366orla7k7vx746e2cninjft8
14:11:16.373 [Test worker] ERROR o.h.tool.hbm2ddl.SchemaExport - HHH000389: Unsuccessful: alter table nfventity_descriptor_lifecycle_event drop foreign key FK_366orla7k7vx746e2cninjft8
14:11:16.373 [Test worker] ERROR o.h.tool.hbm2ddl.SchemaExport - user lacks privilege or object not found: PUBLIC.NFVENTITY_DESCRIPTOR_LIFECYCLE_EVENT
14:11:16.373 [Test worker] DEBUG org.hibernate.SQL - alter table nfventity_descriptor_vld drop foreign key FK_kpmwq3ckamg3gd1qsk7ec27ry
14:11:16.373 [Test worker] ERROR o.h.tool.hbm2ddl.SchemaExport - HHH000389: Unsuccessful: alter table nfventity_descriptor_vld drop foreign key FK_kpmwq3ckamg3gd1qsk7ec27ry
14:11:16.373 [Test worker] ERROR o.h.tool.hbm2ddl.SchemaExport - user lacks privilege or object not found: PUBLIC.NFVENTITY_DESCRIPTOR_VLD
14:11:16.373 [Test worker] DEBUG org.hibernate.SQL - alter table nfventity_descriptor_vnffgd drop foreign key FK_dkta9ecinon51e3c188pdoskg
14:11:16.373 [Test worker] ERROR o.h.tool.hbm2ddl.SchemaExport - HHH000389: Unsuccessful: alter table nfventity_descriptor_vnffgd drop foreign key FK_dkta9ecinon51e3c188pdoskg
14:11:16.373 [Test worker] ERROR o.h.tool.hbm2ddl.SchemaExport - user lacks privilege or object not found: PUBLIC.NFVENTITY_DESCRIPTOR_VNFFGD
14:11:16.373 [Test worker] DEBUG org.hibernate.SQL - alter table physical_network_function_descriptor drop foreign key FK_t0xdv12mb4vbjug96mjjh4tv9
14:11:16.373 [Test worker] ERROR o.h.tool.hbm2ddl.SchemaExport - HHH000389: Unsuccessful: alter table physical_network_function_descriptor drop foreign key FK_t0xdv12mb4vbjug96mjjh4tv9
14:11:16.373 [Test worker] ERROR o.h.tool.hbm2ddl.SchemaExport - user lacks privilege or object not found: PUBLIC.PHYSICAL_NETWORK_FUNCTION_DESCRIPTOR
14:11:16.373 [Test worker] DEBUG org.hibernate.SQL - alter table physical_network_function_descriptor_connection_point drop foreign key FK_gn3l1ljyid1o6vbxc7oqtvr8j
14:11:16.373 [Test worker] ERROR o.h.tool.hbm2ddl.SchemaExport - HHH000389: Unsuccessful: alter table physical_network_function_descriptor_connection_point drop foreign key FK_gn3l1ljyid1o6vbxc7oqtvr8j
14:11:16.373 [Test worker] ERROR o.h.tool.hbm2ddl.SchemaExport - user lacks privilege or object not found: PUBLIC.PHYSICAL_NETWORK_FUNCTION_DESCRIPTOR_CONNECTION_POINT
14:11:16.373 [Test worker] DEBUG org.hibernate.SQL - alter table physical_network_function_record drop foreign key FK_aexdj9ha8qbbqi9242fx3ptbr
14:11:16.373 [Test worker] ERROR o.h.tool.hbm2ddl.SchemaExport - HHH000389: Unsuccessful: alter table physical_network_function_record drop foreign key FK_aexdj9ha8qbbqi9242fx3ptbr
14:11:16.373 [Test worker] ERROR o.h.tool.hbm2ddl.SchemaExport - user lacks privilege or object not found: PUBLIC.PHYSICAL_NETWORK_FUNCTION_RECORD
14:11:16.373 [Test worker] DEBUG org.hibernate.SQL - alter table physical_network_function_record drop foreign key FK_oq232nfyihxuscxj0fdv3rd1g
14:11:16.373 [Test worker] ERROR o.h.tool.hbm2ddl.SchemaExport - HHH000389: Unsuccessful: alter table physical_network_function_record drop foreign key FK_oq232nfyihxuscxj0fdv3rd1g
14:11:16.373 [Test worker] ERROR o.h.tool.hbm2ddl.SchemaExport - user lacks privilege or object not found: PUBLIC.PHYSICAL_NETWORK_FUNCTION_RECORD
14:11:16.373 [Test worker] DEBUG org.hibernate.SQL - alter table physical_network_function_record_connected_virtual_link drop foreign key FK_pky2qty334bgqtr338hf9reuy
14:11:16.374 [Test worker] ERROR o.h.tool.hbm2ddl.SchemaExport - HHH000389: Unsuccessful: alter table physical_network_function_record_connected_virtual_link drop foreign key FK_pky2qty334bgqtr338hf9reuy
14:11:16.374 [Test worker] ERROR o.h.tool.hbm2ddl.SchemaExport - user lacks privilege or object not found: PUBLIC.PHYSICAL_NETWORK_FUNCTION_RECORD_CONNECTED_VIRTUAL_LINK
14:11:16.374 [Test worker] DEBUG org.hibernate.SQL - alter table physical_network_function_record_connected_virtual_link drop foreign key FK_rikre576a3iibe5ork01agjhu
14:11:16.374 [Test worker] ERROR o.h.tool.hbm2ddl.SchemaExport - HHH000389: Unsuccessful: alter table physical_network_function_record_connected_virtual_link drop foreign key FK_rikre576a3iibe5ork01agjhu
14:11:16.374 [Test worker] ERROR o.h.tool.hbm2ddl.SchemaExport - user lacks privilege or object not found: PUBLIC.PHYSICAL_NETWORK_FUNCTION_RECORD_CONNECTED_VIRTUAL_LINK
14:11:16.374 [Test worker] DEBUG org.hibernate.SQL - alter table physical_network_function_record_connection_point drop foreign key FK_16tske56yuvwovqhd2trjopfy
14:11:16.375 [Test worker] ERROR o.h.tool.hbm2ddl.SchemaExport - HHH000389: Unsuccessful: alter table physical_network_function_record_connection_point drop foreign key FK_16tske56yuvwovqhd2trjopfy
14:11:16.376 [Test worker] ERROR o.h.tool.hbm2ddl.SchemaExport - user lacks privilege or object not found: PUBLIC.PHYSICAL_NETWORK_FUNCTION_RECORD_CONNECTION_POINT
14:11:16.376 [Test worker] DEBUG org.hibernate.SQL - alter table physical_network_function_record_pnf_address drop foreign key FK_1b73cbadotte9gqub23bpjjb
14:11:16.376 [Test worker] ERROR o.h.tool.hbm2ddl.SchemaExport - HHH000389: Unsuccessful: alter table physical_network_function_record_pnf_address drop foreign key FK_1b73cbadotte9gqub23bpjjb
14:11:16.376 [Test worker] ERROR o.h.tool.hbm2ddl.SchemaExport - user lacks privilege or object not found: PUBLIC.PHYSICAL_NETWORK_FUNCTION_RECORD_PNF_ADDRESS
14:11:16.376 [Test worker] DEBUG org.hibernate.SQL - alter table physical_network_function_record_vnffgr drop foreign key FK_ixhj7hv7g6od511wgk0yh6tso
14:11:16.376 [Test worker] ERROR o.h.tool.hbm2ddl.SchemaExport - HHH000389: Unsuccessful: alter table physical_network_function_record_vnffgr drop foreign key FK_ixhj7hv7g6od511wgk0yh6tso
14:11:16.376 [Test worker] ERROR o.h.tool.hbm2ddl.SchemaExport - user lacks privilege or object not found: PUBLIC.PHYSICAL_NETWORK_FUNCTION_RECORD_VNFFGR
14:11:16.376 [Test worker] DEBUG org.hibernate.SQL - alter table physical_network_function_record_vnffgr drop foreign key FK_jd702qh2ljwv6krxtcvxjbcg5
14:11:16.376 [Test worker] ERROR o.h.tool.hbm2ddl.SchemaExport - HHH000389: Unsuccessful: alter table physical_network_function_record_vnffgr drop foreign key FK_jd702qh2ljwv6krxtcvxjbcg5
14:11:16.376 [Test worker] ERROR o.h.tool.hbm2ddl.SchemaExport - user lacks privilege or object not found: PUBLIC.PHYSICAL_NETWORK_FUNCTION_RECORD_VNFFGR
14:11:16.376 [Test worker] DEBUG org.hibernate.SQL - alter table service_deployment_flavour_constituent_vnf drop foreign key FK_svyqccew2airrvex17ea3c1m5
14:11:16.376 [Test worker] ERROR o.h.tool.hbm2ddl.SchemaExport - HHH000389: Unsuccessful: alter table service_deployment_flavour_constituent_vnf drop foreign key FK_svyqccew2airrvex17ea3c1m5
14:11:16.376 [Test worker] ERROR o.h.tool.hbm2ddl.SchemaExport - user lacks privilege or object not found: PUBLIC.SERVICE_DEPLOYMENT_FLAVOUR_CONSTITUENT_VNF
14:11:16.376 [Test worker] DEBUG org.hibernate.SQL - alter table service_deployment_flavour_constituent_vnf drop foreign key FK_ff422yw49qh7ry28b4r6mhrpx
14:11:16.376 [Test worker] ERROR o.h.tool.hbm2ddl.SchemaExport - HHH000389: Unsuccessful: alter table service_deployment_flavour_constituent_vnf drop foreign key FK_ff422yw49qh7ry28b4r6mhrpx
14:11:16.376 [Test worker] ERROR o.h.tool.hbm2ddl.SchemaExport - user lacks privilege or object not found: PUBLIC.SERVICE_DEPLOYMENT_FLAVOUR_CONSTITUENT_VNF
14:11:16.376 [Test worker] DEBUG org.hibernate.SQL - alter table vdudependency drop foreign key FK_r0x90p4asd4oac54fdxkv4cq7
14:11:16.376 [Test worker] ERROR o.h.tool.hbm2ddl.SchemaExport - HHH000389: Unsuccessful: alter table vdudependency drop foreign key FK_r0x90p4asd4oac54fdxkv4cq7
14:11:16.376 [Test worker] ERROR o.h.tool.hbm2ddl.SchemaExport - user lacks privilege or object not found: PUBLIC.VDUDEPENDENCY
14:11:16.376 [Test worker] DEBUG org.hibernate.SQL - alter table vdudependency drop foreign key FK_c8mhom2o0jckjcykg6memnckc
14:11:16.376 [Test worker] ERROR o.h.tool.hbm2ddl.SchemaExport - HHH000389: Unsuccessful: alter table vdudependency drop foreign key FK_c8mhom2o0jckjcykg6memnckc
14:11:16.376 [Test worker] ERROR o.h.tool.hbm2ddl.SchemaExport - user lacks privilege or object not found: PUBLIC.VDUDEPENDENCY
14:11:16.376 [Test worker] DEBUG org.hibernate.SQL - alter table virtual_deployment_unit_lifecycle_event drop foreign key FK_90vxxket63wgcbov153u0yu2x
14:11:16.376 [Test worker] ERROR o.h.tool.hbm2ddl.SchemaExport - HHH000389: Unsuccessful: alter table virtual_deployment_unit_lifecycle_event drop foreign key FK_90vxxket63wgcbov153u0yu2x
14:11:16.376 [Test worker] ERROR o.h.tool.hbm2ddl.SchemaExport - user lacks privilege or object not found: PUBLIC.VIRTUAL_DEPLOYMENT_UNIT_LIFECYCLE_EVENT
14:11:16.376 [Test worker] DEBUG org.hibernate.SQL - alter table virtual_deployment_unit_lifecycle_event drop foreign key FK_2o5mcpuaik9y553dqxubt22vk
14:11:16.376 [Test worker] ERROR o.h.tool.hbm2ddl.SchemaExport - HHH000389: Unsuccessful: alter table virtual_deployment_unit_lifecycle_event drop foreign key FK_2o5mcpuaik9y553dqxubt22vk
14:11:16.376 [Test worker] ERROR o.h.tool.hbm2ddl.SchemaExport - user lacks privilege or object not found: PUBLIC.VIRTUAL_DEPLOYMENT_UNIT_LIFECYCLE_EVENT
14:11:16.376 [Test worker] DEBUG org.hibernate.SQL - alter table virtual_deployment_unit_monitoring_parameter drop foreign key FK_4tba1vd21ocny30lu8678wvuf
14:11:16.376 [Test worker] ERROR o.h.tool.hbm2ddl.SchemaExport - HHH000389: Unsuccessful: alter table virtual_deployment_unit_monitoring_parameter drop foreign key FK_4tba1vd21ocny30lu8678wvuf
14:11:16.376 [Test worker] ERROR o.h.tool.hbm2ddl.SchemaExport - user lacks privilege or object not found: PUBLIC.VIRTUAL_DEPLOYMENT_UNIT_MONITORING_PARAMETER
14:11:16.376 [Test worker] DEBUG org.hibernate.SQL - alter table virtual_deployment_unit_vm_image drop foreign key FK_puna0oderfpbec9y1rt63ycfy
14:11:16.376 [Test worker] ERROR o.h.tool.hbm2ddl.SchemaExport - HHH000389: Unsuccessful: alter table virtual_deployment_unit_vm_image drop foreign key FK_puna0oderfpbec9y1rt63ycfy
14:11:16.376 [Test worker] ERROR o.h.tool.hbm2ddl.SchemaExport - user lacks privilege or object not found: PUBLIC.VIRTUAL_DEPLOYMENT_UNIT_VM_IMAGE
14:11:16.376 [Test worker] DEBUG org.hibernate.SQL - alter table virtual_deployment_unit_vnfc drop foreign key FK_pjxb6c6f4fboiccfaiy5kecdc
14:11:16.376 [Test worker] ERROR o.h.tool.hbm2ddl.SchemaExport - HHH000389: Unsuccessful: alter table virtual_deployment_unit_vnfc drop foreign key FK_pjxb6c6f4fboiccfaiy5kecdc
14:11:16.376 [Test worker] ERROR o.h.tool.hbm2ddl.SchemaExport - user lacks privilege or object not found: PUBLIC.VIRTUAL_DEPLOYMENT_UNIT_VNFC
14:11:16.376 [Test worker] DEBUG org.hibernate.SQL - alter table virtual_deployment_unit_vnfc drop foreign key FK_5uuns7xbqf2hty6d6ey20ceft
14:11:16.377 [Test worker] ERROR o.h.tool.hbm2ddl.SchemaExport - HHH000389: Unsuccessful: alter table virtual_deployment_unit_vnfc drop foreign key FK_5uuns7xbqf2hty6d6ey20ceft
14:11:16.377 [Test worker] ERROR o.h.tool.hbm2ddl.SchemaExport - user lacks privilege or object not found: PUBLIC.VIRTUAL_DEPLOYMENT_UNIT_VNFC
14:11:16.377 [Test worker] DEBUG org.hibernate.SQL - alter table virtual_link_descriptor drop foreign key FK_fge08bt6cd79kj5eqyuur1abk
14:11:16.377 [Test worker] ERROR o.h.tool.hbm2ddl.SchemaExport - HHH000389: Unsuccessful: alter table virtual_link_descriptor drop foreign key FK_fge08bt6cd79kj5eqyuur1abk
14:11:16.377 [Test worker] ERROR o.h.tool.hbm2ddl.SchemaExport - user lacks privilege or object not found: PUBLIC.VIRTUAL_LINK_DESCRIPTOR
14:11:16.377 [Test worker] DEBUG org.hibernate.SQL - alter table virtual_link_descriptor_connection drop foreign key FK_fse25vx1qsybq7bi9xps2mgyj
14:11:16.377 [Test worker] ERROR o.h.tool.hbm2ddl.SchemaExport - HHH000389: Unsuccessful: alter table virtual_link_descriptor_connection drop foreign key FK_fse25vx1qsybq7bi9xps2mgyj
14:11:16.377 [Test worker] ERROR o.h.tool.hbm2ddl.SchemaExport - user lacks privilege or object not found: PUBLIC.VIRTUAL_LINK_DESCRIPTOR_CONNECTION
14:11:16.377 [Test worker] DEBUG org.hibernate.SQL - alter table virtual_link_record_allocated_capacity drop foreign key FK_ak1niqch9ifsa570g11geav0t
14:11:16.377 [Test worker] ERROR o.h.tool.hbm2ddl.SchemaExport - HHH000389: Unsuccessful: alter table virtual_link_record_allocated_capacity drop foreign key FK_ak1niqch9ifsa570g11geav0t
14:11:16.377 [Test worker] ERROR o.h.tool.hbm2ddl.SchemaExport - user lacks privilege or object not found: PUBLIC.VIRTUAL_LINK_RECORD_ALLOCATED_CAPACITY
14:11:16.377 [Test worker] DEBUG org.hibernate.SQL - alter table virtual_link_record_audit_log drop foreign key FK_t6xcadpdhi060lqw177wr0464
14:11:16.377 [Test worker] ERROR o.h.tool.hbm2ddl.SchemaExport - HHH000389: Unsuccessful: alter table virtual_link_record_audit_log drop foreign key FK_t6xcadpdhi060lqw177wr0464
14:11:16.377 [Test worker] ERROR o.h.tool.hbm2ddl.SchemaExport - user lacks privilege or object not found: PUBLIC.VIRTUAL_LINK_RECORD_AUDIT_LOG
14:11:16.377 [Test worker] DEBUG org.hibernate.SQL - alter table virtual_link_record_connection drop foreign key FK_2ghcarjdp6jn5ihmxfrypspeb
14:11:16.377 [Test worker] ERROR o.h.tool.hbm2ddl.SchemaExport - HHH000389: Unsuccessful: alter table virtual_link_record_connection drop foreign key FK_2ghcarjdp6jn5ihmxfrypspeb
14:11:16.377 [Test worker] ERROR o.h.tool.hbm2ddl.SchemaExport - user lacks privilege or object not found: PUBLIC.VIRTUAL_LINK_RECORD_CONNECTION
14:11:16.377 [Test worker] DEBUG org.hibernate.SQL - alter table virtual_link_record_lifecycle_event_history drop foreign key FK_i2d7okljao9o1j89o4w853j4u
14:11:16.377 [Test worker] ERROR o.h.tool.hbm2ddl.SchemaExport - HHH000389: Unsuccessful: alter table virtual_link_record_lifecycle_event_history drop foreign key FK_i2d7okljao9o1j89o4w853j4u
14:11:16.377 [Test worker] ERROR o.h.tool.hbm2ddl.SchemaExport - user lacks privilege or object not found: PUBLIC.VIRTUAL_LINK_RECORD_LIFECYCLE_EVENT_HISTORY
14:11:16.377 [Test worker] DEBUG org.hibernate.SQL - alter table virtual_link_record_lifecycle_event_history drop foreign key FK_qkpribbd6sp3w7fqsh81rn19t
14:11:16.377 [Test worker] ERROR o.h.tool.hbm2ddl.SchemaExport - HHH000389: Unsuccessful: alter table virtual_link_record_lifecycle_event_history drop foreign key FK_qkpribbd6sp3w7fqsh81rn19t
14:11:16.377 [Test worker] ERROR o.h.tool.hbm2ddl.SchemaExport - user lacks privilege or object not found: PUBLIC.VIRTUAL_LINK_RECORD_LIFECYCLE_EVENT_HISTORY
14:11:16.377 [Test worker] DEBUG org.hibernate.SQL - alter table virtual_link_record_notification drop foreign key FK_ib8hytmo0o0ciky4b8b8d5kmt
14:11:16.377 [Test worker] ERROR o.h.tool.hbm2ddl.SchemaExport - HHH000389: Unsuccessful: alter table virtual_link_record_notification drop foreign key FK_ib8hytmo0o0ciky4b8b8d5kmt
14:11:16.377 [Test worker] ERROR o.h.tool.hbm2ddl.SchemaExport - user lacks privilege or object not found: PUBLIC.VIRTUAL_LINK_RECORD_NOTIFICATION
14:11:16.377 [Test worker] DEBUG org.hibernate.SQL - alter table virtual_link_record_qos drop foreign key FK_bssdmt2q3vs6s77huddmujo0l
14:11:16.377 [Test worker] ERROR o.h.tool.hbm2ddl.SchemaExport - HHH000389: Unsuccessful: alter table virtual_link_record_qos drop foreign key FK_bssdmt2q3vs6s77huddmujo0l
14:11:16.377 [Test worker] ERROR o.h.tool.hbm2ddl.SchemaExport - user lacks privilege or object not found: PUBLIC.VIRTUAL_LINK_RECORD_QOS
14:11:16.377 [Test worker] DEBUG org.hibernate.SQL - alter table virtual_link_record_vnffgr_reference drop foreign key FK_pgxhygyo36ked3u6msyp0n3p8
14:11:16.377 [Test worker] ERROR o.h.tool.hbm2ddl.SchemaExport - HHH000389: Unsuccessful: alter table virtual_link_record_vnffgr_reference drop foreign key FK_pgxhygyo36ked3u6msyp0n3p8
14:11:16.377 [Test worker] ERROR o.h.tool.hbm2ddl.SchemaExport - user lacks privilege or object not found: PUBLIC.VIRTUAL_LINK_RECORD_VNFFGR_REFERENCE
14:11:16.377 [Test worker] DEBUG org.hibernate.SQL - alter table virtual_link_record_vnffgr_reference drop foreign key FK_e5cjr2yjn64s9wnyvt574sph5
14:11:16.377 [Test worker] ERROR o.h.tool.hbm2ddl.SchemaExport - HHH000389: Unsuccessful: alter table virtual_link_record_vnffgr_reference drop foreign key FK_e5cjr2yjn64s9wnyvt574sph5
14:11:16.377 [Test worker] ERROR o.h.tool.hbm2ddl.SchemaExport - user lacks privilege or object not found: PUBLIC.VIRTUAL_LINK_RECORD_VNFFGR_REFERENCE
14:11:16.377 [Test worker] DEBUG org.hibernate.SQL - alter table virtual_network_function_descriptor_deployment_flavour drop foreign key FK_qy6fb2txh5ip9u5fjr6gyxema
14:11:16.377 [Test worker] ERROR o.h.tool.hbm2ddl.SchemaExport - HHH000389: Unsuccessful: alter table virtual_network_function_descriptor_deployment_flavour drop foreign key FK_qy6fb2txh5ip9u5fjr6gyxema
14:11:16.377 [Test worker] ERROR o.h.tool.hbm2ddl.SchemaExport - user lacks privilege or object not found: PUBLIC.VIRTUAL_NETWORK_FUNCTION_DESCRIPTOR_DEPLOYMENT_FLAVOUR
14:11:16.377 [Test worker] DEBUG org.hibernate.SQL - alter table virtual_network_function_descriptor_deployment_flavour drop foreign key FK_r4a4iaqb7g6ghpub7a0ypahas
14:11:16.377 [Test worker] ERROR o.h.tool.hbm2ddl.SchemaExport - HHH000389: Unsuccessful: alter table virtual_network_function_descriptor_deployment_flavour drop foreign key FK_r4a4iaqb7g6ghpub7a0ypahas
14:11:16.377 [Test worker] ERROR o.h.tool.hbm2ddl.SchemaExport - user lacks privilege or object not found: PUBLIC.VIRTUAL_NETWORK_FUNCTION_DESCRIPTOR_DEPLOYMENT_FLAVOUR
14:11:16.377 [Test worker] DEBUG org.hibernate.SQL - alter table virtual_network_function_descriptor_manifest_file_security drop foreign key FK_ckbtqcy71yxob7n23npet6rdb
14:11:16.377 [Test worker] ERROR o.h.tool.hbm2ddl.SchemaExport - HHH000389: Unsuccessful: alter table virtual_network_function_descriptor_manifest_file_security drop foreign key FK_ckbtqcy71yxob7n23npet6rdb
14:11:16.377 [Test worker] ERROR o.h.tool.hbm2ddl.SchemaExport - user lacks privilege or object not found: PUBLIC.VIRTUAL_NETWORK_FUNCTION_DESCRIPTOR_MANIFEST_FILE_SECURITY
14:11:16.377 [Test worker] DEBUG org.hibernate.SQL - alter table virtual_network_function_descriptor_manifest_file_security drop foreign key FK_pwfqubkh5ru44cq8w1qqll17n
14:11:16.377 [Test worker] ERROR o.h.tool.hbm2ddl.SchemaExport - HHH000389: Unsuccessful: alter table virtual_network_function_descriptor_manifest_file_security drop foreign key FK_pwfqubkh5ru44cq8w1qqll17n
14:11:16.377 [Test worker] ERROR o.h.tool.hbm2ddl.SchemaExport - user lacks privilege or object not found: PUBLIC.VIRTUAL_NETWORK_FUNCTION_DESCRIPTOR_MANIFEST_FILE_SECURITY
14:11:16.377 [Test worker] DEBUG org.hibernate.SQL - alter table virtual_network_function_descriptor_vdu drop foreign key FK_96sts9thyr1x7no9yom4b0s1c
14:11:16.377 [Test worker] ERROR o.h.tool.hbm2ddl.SchemaExport - HHH000389: Unsuccessful: alter table virtual_network_function_descriptor_vdu drop foreign key FK_96sts9thyr1x7no9yom4b0s1c
14:11:16.377 [Test worker] ERROR o.h.tool.hbm2ddl.SchemaExport - user lacks privilege or object not found: PUBLIC.VIRTUAL_NETWORK_FUNCTION_DESCRIPTOR_VDU
14:11:16.377 [Test worker] DEBUG org.hibernate.SQL - alter table virtual_network_function_descriptor_vdu drop foreign key FK_3xouvcrjky4slw8w4ar6gvnvp
14:11:16.377 [Test worker] ERROR o.h.tool.hbm2ddl.SchemaExport - HHH000389: Unsuccessful: alter table virtual_network_function_descriptor_vdu drop foreign key FK_3xouvcrjky4slw8w4ar6gvnvp
14:11:16.377 [Test worker] ERROR o.h.tool.hbm2ddl.SchemaExport - user lacks privilege or object not found: PUBLIC.VIRTUAL_NETWORK_FUNCTION_DESCRIPTOR_VDU
14:11:16.377 [Test worker] DEBUG org.hibernate.SQL - alter table virtual_network_function_descriptor_vdu_dependency drop foreign key FK_axpr6jtbydpdh8vebahipdrq
14:11:16.378 [Test worker] ERROR o.h.tool.hbm2ddl.SchemaExport - HHH000389: Unsuccessful: alter table virtual_network_function_descriptor_vdu_dependency drop foreign key FK_axpr6jtbydpdh8vebahipdrq
14:11:16.378 [Test worker] ERROR o.h.tool.hbm2ddl.SchemaExport - user lacks privilege or object not found: PUBLIC.VIRTUAL_NETWORK_FUNCTION_DESCRIPTOR_VDU_DEPENDENCY
14:11:16.378 [Test worker] DEBUG org.hibernate.SQL - alter table virtual_network_function_descriptor_vdu_dependency drop foreign key FK_7wcxi4f35jsvbt861eq5ominv
14:11:16.378 [Test worker] ERROR o.h.tool.hbm2ddl.SchemaExport - HHH000389: Unsuccessful: alter table virtual_network_function_descriptor_vdu_dependency drop foreign key FK_7wcxi4f35jsvbt861eq5ominv
14:11:16.378 [Test worker] ERROR o.h.tool.hbm2ddl.SchemaExport - user lacks privilege or object not found: PUBLIC.VIRTUAL_NETWORK_FUNCTION_DESCRIPTOR_VDU_DEPENDENCY
14:11:16.378 [Test worker] DEBUG org.hibernate.SQL - alter table virtual_network_function_descriptor_virtual_link drop foreign key FK_iqf0p1tckogpwhsil3mwrov6v
14:11:16.378 [Test worker] ERROR o.h.tool.hbm2ddl.SchemaExport - HHH000389: Unsuccessful: alter table virtual_network_function_descriptor_virtual_link drop foreign key FK_iqf0p1tckogpwhsil3mwrov6v
14:11:16.378 [Test worker] ERROR o.h.tool.hbm2ddl.SchemaExport - user lacks privilege or object not found: PUBLIC.VIRTUAL_NETWORK_FUNCTION_DESCRIPTOR_VIRTUAL_LINK
14:11:16.378 [Test worker] DEBUG org.hibernate.SQL - alter table virtual_network_function_descriptor_virtual_link drop foreign key FK_19u9tea8iqusnxhackts9pwrb
14:11:16.378 [Test worker] ERROR o.h.tool.hbm2ddl.SchemaExport - HHH000389: Unsuccessful: alter table virtual_network_function_descriptor_virtual_link drop foreign key FK_19u9tea8iqusnxhackts9pwrb
14:11:16.378 [Test worker] ERROR o.h.tool.hbm2ddl.SchemaExport - user lacks privilege or object not found: PUBLIC.VIRTUAL_NETWORK_FUNCTION_DESCRIPTOR_VIRTUAL_LINK
14:11:16.378 [Test worker] DEBUG org.hibernate.SQL - alter table virtual_network_function_record drop foreign key FK_3t5eqy1b758e1gynqcp14isb8
14:11:16.378 [Test worker] ERROR o.h.tool.hbm2ddl.SchemaExport - HHH000389: Unsuccessful: alter table virtual_network_function_record drop foreign key FK_3t5eqy1b758e1gynqcp14isb8
14:11:16.378 [Test worker] ERROR o.h.tool.hbm2ddl.SchemaExport - user lacks privilege or object not found: PUBLIC.VIRTUAL_NETWORK_FUNCTION_RECORD
14:11:16.378 [Test worker] DEBUG org.hibernate.SQL - alter table virtual_network_function_record drop foreign key FK_9t8lnarpm45nj7jfonk6qklgi
14:11:16.378 [Test worker] ERROR o.h.tool.hbm2ddl.SchemaExport - HHH000389: Unsuccessful: alter table virtual_network_function_record drop foreign key FK_9t8lnarpm45nj7jfonk6qklgi
14:11:16.378 [Test worker] ERROR o.h.tool.hbm2ddl.SchemaExport - user lacks privilege or object not found: PUBLIC.VIRTUAL_NETWORK_FUNCTION_RECORD
14:11:16.378 [Test worker] DEBUG org.hibernate.SQL - alter table virtual_network_function_record drop foreign key FK_snc57bp1dp994jro2k5wati7k
14:11:16.378 [Test worker] ERROR o.h.tool.hbm2ddl.SchemaExport - HHH000389: Unsuccessful: alter table virtual_network_function_record drop foreign key FK_snc57bp1dp994jro2k5wati7k
14:11:16.378 [Test worker] ERROR o.h.tool.hbm2ddl.SchemaExport - user lacks privilege or object not found: PUBLIC.VIRTUAL_NETWORK_FUNCTION_RECORD
14:11:16.378 [Test worker] DEBUG org.hibernate.SQL - alter table virtual_network_function_record_auto_scale_policy drop foreign key FK_qkuaprn9y0u7ajie9pdpxjex1
14:11:16.378 [Test worker] ERROR o.h.tool.hbm2ddl.SchemaExport - HHH000389: Unsuccessful: alter table virtual_network_function_record_auto_scale_policy drop foreign key FK_qkuaprn9y0u7ajie9pdpxjex1
14:11:16.378 [Test worker] ERROR o.h.tool.hbm2ddl.SchemaExport - user lacks privilege or object not found: PUBLIC.VIRTUAL_NETWORK_FUNCTION_RECORD_AUTO_SCALE_POLICY
14:11:16.378 [Test worker] DEBUG org.hibernate.SQL - alter table virtual_network_function_record_auto_scale_policy drop foreign key FK_mqo1yn4nd9fv3tfn3q2wiy7qq
14:11:16.378 [Test worker] ERROR o.h.tool.hbm2ddl.SchemaExport - HHH000389: Unsuccessful: alter table virtual_network_function_record_auto_scale_policy drop foreign key FK_mqo1yn4nd9fv3tfn3q2wiy7qq
14:11:16.378 [Test worker] ERROR o.h.tool.hbm2ddl.SchemaExport - user lacks privilege or object not found: PUBLIC.VIRTUAL_NETWORK_FUNCTION_RECORD_AUTO_SCALE_POLICY
14:11:16.378 [Test worker] DEBUG org.hibernate.SQL - alter table virtual_network_function_record_connected_external_virtual_link drop foreign key FK_1k6j0vi75tghmqw6eun3sugw0
14:11:16.378 [Test worker] ERROR o.h.tool.hbm2ddl.SchemaExport - HHH000389: Unsuccessful: alter table virtual_network_function_record_connected_external_virtual_link drop foreign key FK_1k6j0vi75tghmqw6eun3sugw0
14:11:16.378 [Test worker] ERROR o.h.tool.hbm2ddl.SchemaExport - user lacks privilege or object not found: PUBLIC.VIRTUAL_NETWORK_FUNCTION_RECORD_CONNECTED_EXTERNAL_VIRTUAL_LINK
14:11:16.378 [Test worker] DEBUG org.hibernate.SQL - alter table virtual_network_function_record_connected_external_virtual_link drop foreign key FK_2snxq21j0cj1he1n8oloytnsq
14:11:16.378 [Test worker] ERROR o.h.tool.hbm2ddl.SchemaExport - HHH000389: Unsuccessful: alter table virtual_network_function_record_connected_external_virtual_link drop foreign key FK_2snxq21j0cj1he1n8oloytnsq
14:11:16.378 [Test worker] ERROR o.h.tool.hbm2ddl.SchemaExport - user lacks privilege or object not found: PUBLIC.VIRTUAL_NETWORK_FUNCTION_RECORD_CONNECTED_EXTERNAL_VIRTUAL_LINK
14:11:16.378 [Test worker] DEBUG org.hibernate.SQL - alter table virtual_network_function_record_connection_point drop foreign key FK_lye1ywvn7l61juku4x185ffqx
14:11:16.378 [Test worker] ERROR o.h.tool.hbm2ddl.SchemaExport - HHH000389: Unsuccessful: alter table virtual_network_function_record_connection_point drop foreign key FK_lye1ywvn7l61juku4x185ffqx
14:11:16.378 [Test worker] ERROR o.h.tool.hbm2ddl.SchemaExport - user lacks privilege or object not found: PUBLIC.VIRTUAL_NETWORK_FUNCTION_RECORD_CONNECTION_POINT
14:11:16.378 [Test worker] DEBUG org.hibernate.SQL - alter table virtual_network_function_record_dependency drop foreign key FK_rp733b4ng77tf2twdvy9m7o84
14:11:16.378 [Test worker] ERROR o.h.tool.hbm2ddl.SchemaExport - HHH000389: Unsuccessful: alter table virtual_network_function_record_dependency drop foreign key FK_rp733b4ng77tf2twdvy9m7o84
14:11:16.378 [Test worker] ERROR o.h.tool.hbm2ddl.SchemaExport - user lacks privilege or object not found: PUBLIC.VIRTUAL_NETWORK_FUNCTION_RECORD_DEPENDENCY
14:11:16.378 [Test worker] DEBUG org.hibernate.SQL - alter table virtual_network_function_record_dependency drop foreign key FK_4dadnx98tve74m6dhjc9c264o
14:11:16.378 [Test worker] ERROR o.h.tool.hbm2ddl.SchemaExport - HHH000389: Unsuccessful: alter table virtual_network_function_record_dependency drop foreign key FK_4dadnx98tve74m6dhjc9c264o
14:11:16.378 [Test worker] ERROR o.h.tool.hbm2ddl.SchemaExport - user lacks privilege or object not found: PUBLIC.VIRTUAL_NETWORK_FUNCTION_RECORD_DEPENDENCY
14:11:16.378 [Test worker] DEBUG org.hibernate.SQL - alter table virtual_network_function_record_lifecycle_event_history drop foreign key FK_1ku0dk61dh0lhkhsei91n9mgh
14:11:16.378 [Test worker] ERROR o.h.tool.hbm2ddl.SchemaExport - HHH000389: Unsuccessful: alter table virtual_network_function_record_lifecycle_event_history drop foreign key FK_1ku0dk61dh0lhkhsei91n9mgh
14:11:16.378 [Test worker] ERROR o.h.tool.hbm2ddl.SchemaExport - user lacks privilege or object not found: PUBLIC.VIRTUAL_NETWORK_FUNCTION_RECORD_LIFECYCLE_EVENT_HISTORY
14:11:16.378 [Test worker] DEBUG org.hibernate.SQL - alter table virtual_network_function_record_lifecycle_event_history drop foreign key FK_wy34sdyi7kov9hsj6htg6ofo
14:11:16.378 [Test worker] ERROR o.h.tool.hbm2ddl.SchemaExport - HHH000389: Unsuccessful: alter table virtual_network_function_record_lifecycle_event_history drop foreign key FK_wy34sdyi7kov9hsj6htg6ofo
14:11:16.378 [Test worker] ERROR o.h.tool.hbm2ddl.SchemaExport - user lacks privilege or object not found: PUBLIC.VIRTUAL_NETWORK_FUNCTION_RECORD_LIFECYCLE_EVENT_HISTORY
14:11:16.378 [Test worker] DEBUG org.hibernate.SQL - alter table virtual_network_function_record_monitoring_parameter drop foreign key FK_cj1xjspedg91q32i28j017fb0
14:11:16.378 [Test worker] ERROR o.h.tool.hbm2ddl.SchemaExport - HHH000389: Unsuccessful: alter table virtual_network_function_record_monitoring_parameter drop foreign key FK_cj1xjspedg91q32i28j017fb0
14:11:16.378 [Test worker] ERROR o.h.tool.hbm2ddl.SchemaExport - user lacks privilege or object not found: PUBLIC.VIRTUAL_NETWORK_FUNCTION_RECORD_MONITORING_PARAMETER
14:11:16.378 [Test worker] DEBUG org.hibernate.SQL - alter table virtual_network_function_record_notification drop foreign key FK_5whomjkphdpijn3u03koifn1r
14:11:16.378 [Test worker] ERROR o.h.tool.hbm2ddl.SchemaExport - HHH000389: Unsuccessful: alter table virtual_network_function_record_notification drop foreign key FK_5whomjkphdpijn3u03koifn1r
14:11:16.378 [Test worker] ERROR o.h.tool.hbm2ddl.SchemaExport - user lacks privilege or object not found: PUBLIC.VIRTUAL_NETWORK_FUNCTION_RECORD_NOTIFICATION
14:11:16.378 [Test worker] DEBUG org.hibernate.SQL - alter table virtual_network_function_record_runtime_policy_info drop foreign key FK_dlsp01efmipkoicoih4vr3v25
14:11:16.378 [Test worker] ERROR o.h.tool.hbm2ddl.SchemaExport - HHH000389: Unsuccessful: alter table virtual_network_function_record_runtime_policy_info drop foreign key FK_dlsp01efmipkoicoih4vr3v25
14:11:16.378 [Test worker] ERROR o.h.tool.hbm2ddl.SchemaExport - user lacks privilege or object not found: PUBLIC.VIRTUAL_NETWORK_FUNCTION_RECORD_RUNTIME_POLICY_INFO
14:11:16.378 [Test worker] DEBUG org.hibernate.SQL - alter table virtual_network_function_record_vdu drop foreign key FK_nmrn2l5dr2b3io4i9amfps4f4
14:11:16.379 [Test worker] ERROR o.h.tool.hbm2ddl.SchemaExport - HHH000389: Unsuccessful: alter table virtual_network_function_record_vdu drop foreign key FK_nmrn2l5dr2b3io4i9amfps4f4
14:11:16.379 [Test worker] ERROR o.h.tool.hbm2ddl.SchemaExport - user lacks privilege or object not found: PUBLIC.VIRTUAL_NETWORK_FUNCTION_RECORD_VDU
14:11:16.379 [Test worker] DEBUG org.hibernate.SQL - alter table virtual_network_function_record_vdu drop foreign key FK_t5cs9vowca9wq8seer27drrsp
14:11:16.379 [Test worker] ERROR o.h.tool.hbm2ddl.SchemaExport - HHH000389: Unsuccessful: alter table virtual_network_function_record_vdu drop foreign key FK_t5cs9vowca9wq8seer27drrsp
14:11:16.379 [Test worker] ERROR o.h.tool.hbm2ddl.SchemaExport - user lacks privilege or object not found: PUBLIC.VIRTUAL_NETWORK_FUNCTION_RECORD_VDU
14:11:16.379 [Test worker] DEBUG org.hibernate.SQL - alter table virtual_network_function_record_virtual_link drop foreign key FK_4m1m2x7n9fx8dseiky79u63dc
14:11:16.379 [Test worker] ERROR o.h.tool.hbm2ddl.SchemaExport - HHH000389: Unsuccessful: alter table virtual_network_function_record_virtual_link drop foreign key FK_4m1m2x7n9fx8dseiky79u63dc
14:11:16.379 [Test worker] ERROR o.h.tool.hbm2ddl.SchemaExport - user lacks privilege or object not found: PUBLIC.VIRTUAL_NETWORK_FUNCTION_RECORD_VIRTUAL_LINK
14:11:16.379 [Test worker] DEBUG org.hibernate.SQL - alter table virtual_network_function_record_virtual_link drop foreign key FK_mirnuhwhpx13jy3h6dxhsrg05
14:11:16.379 [Test worker] ERROR o.h.tool.hbm2ddl.SchemaExport - HHH000389: Unsuccessful: alter table virtual_network_function_record_virtual_link drop foreign key FK_mirnuhwhpx13jy3h6dxhsrg05
14:11:16.379 [Test worker] ERROR o.h.tool.hbm2ddl.SchemaExport - user lacks privilege or object not found: PUBLIC.VIRTUAL_NETWORK_FUNCTION_RECORD_VIRTUAL_LINK
14:11:16.379 [Test worker] DEBUG org.hibernate.SQL - alter table virtual_network_function_record_vnf_address drop foreign key FK_d2np3laovylh6jdypett2esrc
14:11:16.379 [Test worker] ERROR o.h.tool.hbm2ddl.SchemaExport - HHH000389: Unsuccessful: alter table virtual_network_function_record_vnf_address drop foreign key FK_d2np3laovylh6jdypett2esrc
14:11:16.379 [Test worker] ERROR o.h.tool.hbm2ddl.SchemaExport - user lacks privilege or object not found: PUBLIC.VIRTUAL_NETWORK_FUNCTION_RECORD_VNF_ADDRESS
14:11:16.379 [Test worker] DEBUG org.hibernate.SQL - alter table vnfcomponent_connection_point drop foreign key FK_bi6sx7hj6snumdo1fnnbepvwt
14:11:16.379 [Test worker] ERROR o.h.tool.hbm2ddl.SchemaExport - HHH000389: Unsuccessful: alter table vnfcomponent_connection_point drop foreign key FK_bi6sx7hj6snumdo1fnnbepvwt
14:11:16.379 [Test worker] ERROR o.h.tool.hbm2ddl.SchemaExport - user lacks privilege or object not found: PUBLIC.VNFCOMPONENT_CONNECTION_POINT
14:11:16.379 [Test worker] DEBUG org.hibernate.SQL - alter table vnfcomponent_connection_point drop foreign key FK_21155ajf0s32h7d4mn28cwexn
14:11:16.379 [Test worker] ERROR o.h.tool.hbm2ddl.SchemaExport - HHH000389: Unsuccessful: alter table vnfcomponent_connection_point drop foreign key FK_21155ajf0s32h7d4mn28cwexn
14:11:16.379 [Test worker] ERROR o.h.tool.hbm2ddl.SchemaExport - user lacks privilege or object not found: PUBLIC.VNFCOMPONENT_CONNECTION_POINT
14:11:16.379 [Test worker] DEBUG org.hibernate.SQL - alter table vnfddeployment_flavour_costituent_vdu drop foreign key FK_hw6gb88kt2dbjs8u25gwapsru
14:11:16.379 [Test worker] ERROR o.h.tool.hbm2ddl.SchemaExport - HHH000389: Unsuccessful: alter table vnfddeployment_flavour_costituent_vdu drop foreign key FK_hw6gb88kt2dbjs8u25gwapsru
14:11:16.379 [Test worker] ERROR o.h.tool.hbm2ddl.SchemaExport - user lacks privilege or object not found: PUBLIC.VNFDDEPLOYMENT_FLAVOUR_COSTITUENT_VDU
14:11:16.379 [Test worker] DEBUG org.hibernate.SQL - alter table vnfddeployment_flavour_costituent_vdu drop foreign key FK_gcylr2844f15giub1wmmhh1fm
14:11:16.379 [Test worker] ERROR o.h.tool.hbm2ddl.SchemaExport - HHH000389: Unsuccessful: alter table vnfddeployment_flavour_costituent_vdu drop foreign key FK_gcylr2844f15giub1wmmhh1fm
14:11:16.379 [Test worker] ERROR o.h.tool.hbm2ddl.SchemaExport - user lacks privilege or object not found: PUBLIC.VNFDDEPLOYMENT_FLAVOUR_COSTITUENT_VDU
14:11:16.379 [Test worker] DEBUG org.hibernate.SQL - alter table vnfddeployment_flavour_df_constraint drop foreign key FK_fuy3akhfqhl5t30ajvkmngge5
14:11:16.379 [Test worker] ERROR o.h.tool.hbm2ddl.SchemaExport - HHH000389: Unsuccessful: alter table vnfddeployment_flavour_df_constraint drop foreign key FK_fuy3akhfqhl5t30ajvkmngge5
14:11:16.379 [Test worker] ERROR o.h.tool.hbm2ddl.SchemaExport - user lacks privilege or object not found: PUBLIC.VNFDDEPLOYMENT_FLAVOUR_DF_CONSTRAINT
14:11:16.379 [Test worker] DEBUG org.hibernate.SQL - alter table vnfdependency drop foreign key FK_li4tynpk97xteg18bkdrdiiln
14:11:16.379 [Test worker] ERROR o.h.tool.hbm2ddl.SchemaExport - HHH000389: Unsuccessful: alter table vnfdependency drop foreign key FK_li4tynpk97xteg18bkdrdiiln
14:11:16.379 [Test worker] ERROR o.h.tool.hbm2ddl.SchemaExport - user lacks privilege or object not found: PUBLIC.VNFDEPENDENCY
14:11:16.379 [Test worker] DEBUG org.hibernate.SQL - alter table vnfdependency drop foreign key FK_swih3hln70vtcqflheejpr4q
14:11:16.379 [Test worker] ERROR o.h.tool.hbm2ddl.SchemaExport - HHH000389: Unsuccessful: alter table vnfdependency drop foreign key FK_swih3hln70vtcqflheejpr4q
14:11:16.379 [Test worker] ERROR o.h.tool.hbm2ddl.SchemaExport - user lacks privilege or object not found: PUBLIC.VNFDEPENDENCY
14:11:16.379 [Test worker] DEBUG org.hibernate.SQL - alter table vnfforwarding_graph drop foreign key FK_5wjfvxrkgsldqey049q4i2vfr
14:11:16.379 [Test worker] ERROR o.h.tool.hbm2ddl.SchemaExport - HHH000389: Unsuccessful: alter table vnfforwarding_graph drop foreign key FK_5wjfvxrkgsldqey049q4i2vfr
14:11:16.379 [Test worker] ERROR o.h.tool.hbm2ddl.SchemaExport - user lacks privilege or object not found: PUBLIC.VNFFORWARDING_GRAPH
14:11:16.379 [Test worker] DEBUG org.hibernate.SQL - alter table vnfforwarding_graph_connection_point drop foreign key FK_nhac2v6yf2nlur2jefy3rf1nl
14:11:16.379 [Test worker] ERROR o.h.tool.hbm2ddl.SchemaExport - HHH000389: Unsuccessful: alter table vnfforwarding_graph_connection_point drop foreign key FK_nhac2v6yf2nlur2jefy3rf1nl
14:11:16.379 [Test worker] ERROR o.h.tool.hbm2ddl.SchemaExport - user lacks privilege or object not found: PUBLIC.VNFFORWARDING_GRAPH_CONNECTION_POINT
14:11:16.379 [Test worker] DEBUG org.hibernate.SQL - alter table vnfforwarding_graph_constituent_vnfs drop foreign key FK_o7nxvo6yjabmy6uig0rrh64ba
14:11:16.379 [Test worker] ERROR o.h.tool.hbm2ddl.SchemaExport - HHH000389: Unsuccessful: alter table vnfforwarding_graph_constituent_vnfs drop foreign key FK_o7nxvo6yjabmy6uig0rrh64ba
14:11:16.379 [Test worker] ERROR o.h.tool.hbm2ddl.SchemaExport - user lacks privilege or object not found: PUBLIC.VNFFORWARDING_GRAPH_CONSTITUENT_VNFS
14:11:16.379 [Test worker] DEBUG org.hibernate.SQL - alter table vnfforwarding_graph_constituent_vnfs drop foreign key FK_nv0xnygn47sslxpa9iteg2o7v
14:11:16.379 [Test worker] ERROR o.h.tool.hbm2ddl.SchemaExport - HHH000389: Unsuccessful: alter table vnfforwarding_graph_constituent_vnfs drop foreign key FK_nv0xnygn47sslxpa9iteg2o7v
14:11:16.379 [Test worker] ERROR o.h.tool.hbm2ddl.SchemaExport - user lacks privilege or object not found: PUBLIC.VNFFORWARDING_GRAPH_CONSTITUENT_VNFS
14:11:16.379 [Test worker] DEBUG org.hibernate.SQL - alter table vnfforwarding_graph_dependent_virtual_link drop foreign key FK_cf7kv1hweumtp0d3s55guah8l
14:11:16.379 [Test worker] ERROR o.h.tool.hbm2ddl.SchemaExport - HHH000389: Unsuccessful: alter table vnfforwarding_graph_dependent_virtual_link drop foreign key FK_cf7kv1hweumtp0d3s55guah8l
14:11:16.379 [Test worker] ERROR o.h.tool.hbm2ddl.SchemaExport - user lacks privilege or object not found: PUBLIC.VNFFORWARDING_GRAPH_DEPENDENT_VIRTUAL_LINK
14:11:16.379 [Test worker] DEBUG org.hibernate.SQL - alter table vnfforwarding_graph_dependent_virtual_link drop foreign key FK_jclfs47ub6p8h91ckygvwjmx9
14:11:16.379 [Test worker] ERROR o.h.tool.hbm2ddl.SchemaExport - HHH000389: Unsuccessful: alter table vnfforwarding_graph_dependent_virtual_link drop foreign key FK_jclfs47ub6p8h91ckygvwjmx9
14:11:16.379 [Test worker] ERROR o.h.tool.hbm2ddl.SchemaExport - user lacks privilege or object not found: PUBLIC.VNFFORWARDING_GRAPH_DEPENDENT_VIRTUAL_LINK
14:11:16.379 [Test worker] DEBUG org.hibernate.SQL - alter table vnfforwarding_graph_network_forwarding_path drop foreign key FK_eby8p1i7pvleohd3uyt143d8j
14:11:16.380 [Test worker] ERROR o.h.tool.hbm2ddl.SchemaExport - HHH000389: Unsuccessful: alter table vnfforwarding_graph_network_forwarding_path drop foreign key FK_eby8p1i7pvleohd3uyt143d8j
14:11:16.380 [Test worker] ERROR o.h.tool.hbm2ddl.SchemaExport - user lacks privilege or object not found: PUBLIC.VNFFORWARDING_GRAPH_NETWORK_FORWARDING_PATH
14:11:16.380 [Test worker] DEBUG org.hibernate.SQL - alter table vnfforwarding_graph_network_forwarding_path drop foreign key FK_1297krpm8dbitcpoff4ycb2mu
14:11:16.381 [Test worker] ERROR o.h.tool.hbm2ddl.SchemaExport - HHH000389: Unsuccessful: alter table vnfforwarding_graph_network_forwarding_path drop foreign key FK_1297krpm8dbitcpoff4ycb2mu
14:11:16.381 [Test worker] ERROR o.h.tool.hbm2ddl.SchemaExport - user lacks privilege or object not found: PUBLIC.VNFFORWARDING_GRAPH_NETWORK_FORWARDING_PATH
14:11:16.381 [Test worker] DEBUG org.hibernate.SQL - alter table vnfforwarding_graph_record drop foreign key FK_3aj4803cm52dcbdp87qcxjq6l
14:11:16.381 [Test worker] ERROR o.h.tool.hbm2ddl.SchemaExport - HHH000389: Unsuccessful: alter table vnfforwarding_graph_record drop foreign key FK_3aj4803cm52dcbdp87qcxjq6l
14:11:16.381 [Test worker] ERROR o.h.tool.hbm2ddl.SchemaExport - user lacks privilege or object not found: PUBLIC.VNFFORWARDING_GRAPH_RECORD
14:11:16.381 [Test worker] DEBUG org.hibernate.SQL - alter table vnfforwarding_graph_record drop foreign key FK_o636wgw1ts5tlis8y7l08dr34
14:11:16.381 [Test worker] ERROR o.h.tool.hbm2ddl.SchemaExport - HHH000389: Unsuccessful: alter table vnfforwarding_graph_record drop foreign key FK_o636wgw1ts5tlis8y7l08dr34
14:11:16.381 [Test worker] ERROR o.h.tool.hbm2ddl.SchemaExport - user lacks privilege or object not found: PUBLIC.VNFFORWARDING_GRAPH_RECORD
14:11:16.381 [Test worker] DEBUG org.hibernate.SQL - alter table vnfforwarding_graph_record drop foreign key FK_398f47dyk2nlunsi4252broij
14:11:16.381 [Test worker] ERROR o.h.tool.hbm2ddl.SchemaExport - HHH000389: Unsuccessful: alter table vnfforwarding_graph_record drop foreign key FK_398f47dyk2nlunsi4252broij
14:11:16.381 [Test worker] ERROR o.h.tool.hbm2ddl.SchemaExport - user lacks privilege or object not found: PUBLIC.VNFFORWARDING_GRAPH_RECORD
14:11:16.381 [Test worker] DEBUG org.hibernate.SQL - alter table vnfforwarding_graph_record_connection_point drop foreign key FK_6ylloi8n4jo3udl0uruw745sn
14:11:16.381 [Test worker] ERROR o.h.tool.hbm2ddl.SchemaExport - HHH000389: Unsuccessful: alter table vnfforwarding_graph_record_connection_point drop foreign key FK_6ylloi8n4jo3udl0uruw745sn
14:11:16.381 [Test worker] ERROR o.h.tool.hbm2ddl.SchemaExport - user lacks privilege or object not found: PUBLIC.VNFFORWARDING_GRAPH_RECORD_CONNECTION_POINT
14:11:16.381 [Test worker] DEBUG org.hibernate.SQL - alter table vnfforwarding_graph_record_connection_point drop foreign key FK_dp49ouxxp1y9hh09eg4e4rcso
14:11:16.381 [Test worker] ERROR o.h.tool.hbm2ddl.SchemaExport - HHH000389: Unsuccessful: alter table vnfforwarding_graph_record_connection_point drop foreign key FK_dp49ouxxp1y9hh09eg4e4rcso
14:11:16.381 [Test worker] ERROR o.h.tool.hbm2ddl.SchemaExport - user lacks privilege or object not found: PUBLIC.VNFFORWARDING_GRAPH_RECORD_CONNECTION_POINT
14:11:16.381 [Test worker] DEBUG org.hibernate.SQL - alter table vnfforwarding_graph_record_dependent_virtual_link drop foreign key FK_12ft43rho1yhh9f0xhr02joqa
14:11:16.382 [Test worker] ERROR o.h.tool.hbm2ddl.SchemaExport - HHH000389: Unsuccessful: alter table vnfforwarding_graph_record_dependent_virtual_link drop foreign key FK_12ft43rho1yhh9f0xhr02joqa
14:11:16.382 [Test worker] ERROR o.h.tool.hbm2ddl.SchemaExport - user lacks privilege or object not found: PUBLIC.VNFFORWARDING_GRAPH_RECORD_DEPENDENT_VIRTUAL_LINK
14:11:16.382 [Test worker] DEBUG org.hibernate.SQL - alter table vnfforwarding_graph_record_dependent_virtual_link drop foreign key FK_c56562j1tft667fd4rop7ui87
14:11:16.382 [Test worker] ERROR o.h.tool.hbm2ddl.SchemaExport - HHH000389: Unsuccessful: alter table vnfforwarding_graph_record_dependent_virtual_link drop foreign key FK_c56562j1tft667fd4rop7ui87
14:11:16.382 [Test worker] ERROR o.h.tool.hbm2ddl.SchemaExport - user lacks privilege or object not found: PUBLIC.VNFFORWARDING_GRAPH_RECORD_DEPENDENT_VIRTUAL_LINK
14:11:16.382 [Test worker] DEBUG org.hibernate.SQL - alter table vnfforwarding_graph_record_lifecycle_event_history drop foreign key FK_m3eps7t949ocklbqyfdxlecic
14:11:16.382 [Test worker] ERROR o.h.tool.hbm2ddl.SchemaExport - HHH000389: Unsuccessful: alter table vnfforwarding_graph_record_lifecycle_event_history drop foreign key FK_m3eps7t949ocklbqyfdxlecic
14:11:16.382 [Test worker] ERROR o.h.tool.hbm2ddl.SchemaExport - user lacks privilege or object not found: PUBLIC.VNFFORWARDING_GRAPH_RECORD_LIFECYCLE_EVENT_HISTORY
14:11:16.382 [Test worker] DEBUG org.hibernate.SQL - alter table vnfforwarding_graph_record_lifecycle_event_history drop foreign key FK_fsoel8h7wrdc79vv2fywjrrjb
14:11:16.382 [Test worker] ERROR o.h.tool.hbm2ddl.SchemaExport - HHH000389: Unsuccessful: alter table vnfforwarding_graph_record_lifecycle_event_history drop foreign key FK_fsoel8h7wrdc79vv2fywjrrjb
14:11:16.382 [Test worker] ERROR o.h.tool.hbm2ddl.SchemaExport - user lacks privilege or object not found: PUBLIC.VNFFORWARDING_GRAPH_RECORD_LIFECYCLE_EVENT_HISTORY
14:11:16.382 [Test worker] DEBUG org.hibernate.SQL - alter table vnfforwarding_graph_record_member_vnfs drop foreign key FK_98xhyjfyx7ao7ri9hsbwmd0gg
14:11:16.382 [Test worker] ERROR o.h.tool.hbm2ddl.SchemaExport - HHH000389: Unsuccessful: alter table vnfforwarding_graph_record_member_vnfs drop foreign key FK_98xhyjfyx7ao7ri9hsbwmd0gg
14:11:16.382 [Test worker] ERROR o.h.tool.hbm2ddl.SchemaExport - user lacks privilege or object not found: PUBLIC.VNFFORWARDING_GRAPH_RECORD_MEMBER_VNFS
14:11:16.382 [Test worker] DEBUG org.hibernate.SQL - alter table vnfforwarding_graph_record_member_vnfs drop foreign key FK_n2um818ue5vhs2vn072tfcqux
14:11:16.382 [Test worker] ERROR o.h.tool.hbm2ddl.SchemaExport - HHH000389: Unsuccessful: alter table vnfforwarding_graph_record_member_vnfs drop foreign key FK_n2um818ue5vhs2vn072tfcqux
14:11:16.382 [Test worker] ERROR o.h.tool.hbm2ddl.SchemaExport - user lacks privilege or object not found: PUBLIC.VNFFORWARDING_GRAPH_RECORD_MEMBER_VNFS
14:11:16.382 [Test worker] DEBUG org.hibernate.SQL - alter table vnfforwarding_graph_record_notification drop foreign key FK_pjr5xm5vxfd0ly31mw389707q
14:11:16.382 [Test worker] ERROR o.h.tool.hbm2ddl.SchemaExport - HHH000389: Unsuccessful: alter table vnfforwarding_graph_record_notification drop foreign key FK_pjr5xm5vxfd0ly31mw389707q
14:11:16.382 [Test worker] ERROR o.h.tool.hbm2ddl.SchemaExport - user lacks privilege or object not found: PUBLIC.VNFFORWARDING_GRAPH_RECORD_NOTIFICATION
14:11:16.382 [Test worker] DEBUG org.hibernate.SQL - drop table if exists abstract_virtual_link_qos
14:11:16.382 [Test worker] DEBUG org.hibernate.SQL - drop table if exists abstract_virtual_link_test_access
14:11:16.383 [Test worker] DEBUG org.hibernate.SQL - drop table if exists auto_scale_policy
14:11:16.383 [Test worker] DEBUG org.hibernate.SQL - drop table if exists connection_point
14:11:16.383 [Test worker] DEBUG org.hibernate.SQL - drop table if exists costituentvdu
14:11:16.383 [Test worker] DEBUG org.hibernate.SQL - drop table if exists costituentvnf
14:11:16.383 [Test worker] DEBUG org.hibernate.SQL - drop table if exists deployment_flavour
14:11:16.383 [Test worker] DEBUG org.hibernate.SQL - drop table if exists internal_virtual_link
14:11:16.383 [Test worker] DEBUG org.hibernate.SQL - drop table if exists internal_virtual_link_connection_points_references
14:11:16.383 [Test worker] DEBUG org.hibernate.SQL - drop table if exists lifecycle_event
14:11:16.383 [Test worker] DEBUG org.hibernate.SQL - drop table if exists lifecycle_event_lifecycle_events
14:11:16.383 [Test worker] DEBUG org.hibernate.SQL - drop table if exists network_forwarding_path
14:11:16.383 [Test worker] DEBUG org.hibernate.SQL - drop table if exists network_forwarding_path_connection
14:11:16.383 [Test worker] DEBUG org.hibernate.SQL - drop table if exists network_service_descriptor
14:11:16.384 [Test worker] DEBUG org.hibernate.SQL - drop table if exists network_service_descriptor_pnfd
14:11:16.384 [Test worker] DEBUG org.hibernate.SQL - drop table if exists network_service_descriptor_vnf_dependency
14:11:16.384 [Test worker] DEBUG org.hibernate.SQL - drop table if exists network_service_descriptor_vnfd
14:11:16.384 [Test worker] DEBUG org.hibernate.SQL - drop table if exists network_service_record
14:11:16.384 [Test worker] DEBUG org.hibernate.SQL - drop table if exists network_service_record_auto_scale_policy
14:11:16.384 [Test worker] DEBUG org.hibernate.SQL - drop table if exists network_service_record_connection_point
14:11:16.384 [Test worker] DEBUG org.hibernate.SQL - drop table if exists network_service_record_lifecycle_event_history
14:11:16.384 [Test worker] DEBUG org.hibernate.SQL - drop table if exists network_service_record_monitoring_parameter
14:11:16.384 [Test worker] DEBUG org.hibernate.SQL - drop table if exists network_service_record_pnfr
14:11:16.384 [Test worker] DEBUG org.hibernate.SQL - drop table if exists network_service_record_vlr
14:11:16.384 [Test worker] DEBUG org.hibernate.SQL - drop table if exists network_service_record_vnf_dependency
14:11:16.385 [Test worker] DEBUG org.hibernate.SQL - drop table if exists network_service_record_vnffgr
14:11:16.385 [Test worker] DEBUG org.hibernate.SQL - drop table if exists nfventity_descriptor_auto_scale_policy
14:11:16.385 [Test worker] DEBUG org.hibernate.SQL - drop table if exists nfventity_descriptor_connection_point
14:11:16.385 [Test worker] DEBUG org.hibernate.SQL - drop table if exists nfventity_descriptor_lifecycle_event
14:11:16.385 [Test worker] DEBUG org.hibernate.SQL - drop table if exists nfventity_descriptor_monitoring_parameter
14:11:16.385 [Test worker] DEBUG org.hibernate.SQL - drop table if exists nfventity_descriptor_service_deployment_flavour
14:11:16.385 [Test worker] DEBUG org.hibernate.SQL - drop table if exists nfventity_descriptor_vld
14:11:16.385 [Test worker] DEBUG org.hibernate.SQL - drop table if exists nfventity_descriptor_vnffgd
14:11:16.385 [Test worker] DEBUG org.hibernate.SQL - drop table if exists physical_network_function_descriptor
14:11:16.385 [Test worker] DEBUG org.hibernate.SQL - drop table if exists physical_network_function_descriptor_connection_point
14:11:16.385 [Test worker] DEBUG org.hibernate.SQL - drop table if exists physical_network_function_record
14:11:16.385 [Test worker] DEBUG org.hibernate.SQL - drop table if exists physical_network_function_record_connected_virtual_link
14:11:16.386 [Test worker] DEBUG org.hibernate.SQL - drop table if exists physical_network_function_record_connection_point
14:11:16.386 [Test worker] DEBUG org.hibernate.SQL - drop table if exists physical_network_function_record_pnf_address
14:11:16.386 [Test worker] DEBUG org.hibernate.SQL - drop table if exists physical_network_function_record_vnffgr
14:11:16.386 [Test worker] DEBUG org.hibernate.SQL - drop table if exists policy
14:11:16.386 [Test worker] DEBUG org.hibernate.SQL - drop table if exists security
14:11:16.386 [Test worker] DEBUG org.hibernate.SQL - drop table if exists service_deployment_flavour
14:11:16.386 [Test worker] DEBUG org.hibernate.SQL - drop table if exists service_deployment_flavour_constituent_vnf
14:11:16.386 [Test worker] DEBUG org.hibernate.SQL - drop table if exists vdudependency
14:11:16.386 [Test worker] DEBUG org.hibernate.SQL - drop table if exists virtual_deployment_unit
14:11:16.386 [Test worker] DEBUG org.hibernate.SQL - drop table if exists virtual_deployment_unit_lifecycle_event
14:11:16.386 [Test worker] DEBUG org.hibernate.SQL - drop table if exists virtual_deployment_unit_monitoring_parameter
14:11:16.386 [Test worker] DEBUG org.hibernate.SQL - drop table if exists virtual_deployment_unit_vm_image
14:11:16.387 [Test worker] DEBUG org.hibernate.SQL - drop table if exists virtual_deployment_unit_vnfc
14:11:16.387 [Test worker] DEBUG org.hibernate.SQL - drop table if exists virtual_link_descriptor
14:11:16.387 [Test worker] DEBUG org.hibernate.SQL - drop table if exists virtual_link_descriptor_connection
14:11:16.387 [Test worker] DEBUG org.hibernate.SQL - drop table if exists virtual_link_record
14:11:16.387 [Test worker] DEBUG org.hibernate.SQL - drop table if exists virtual_link_record_allocated_capacity
14:11:16.387 [Test worker] DEBUG org.hibernate.SQL - drop table if exists virtual_link_record_audit_log
14:11:16.387 [Test worker] DEBUG org.hibernate.SQL - drop table if exists virtual_link_record_connection
14:11:16.387 [Test worker] DEBUG org.hibernate.SQL - drop table if exists virtual_link_record_lifecycle_event_history
14:11:16.387 [Test worker] DEBUG org.hibernate.SQL - drop table if exists virtual_link_record_notification
14:11:16.387 [Test worker] DEBUG org.hibernate.SQL - drop table if exists virtual_link_record_qos
14:11:16.387 [Test worker] DEBUG org.hibernate.SQL - drop table if exists virtual_link_record_vnffgr_reference
14:11:16.387 [Test worker] DEBUG org.hibernate.SQL - drop table if exists virtual_network_function_descriptor
14:11:16.387 [Test worker] DEBUG org.hibernate.SQL - drop table if exists virtual_network_function_descriptor_deployment_flavour
14:11:16.388 [Test worker] DEBUG org.hibernate.SQL - drop table if exists virtual_network_function_descriptor_manifest_file_security
14:11:16.388 [Test worker] DEBUG org.hibernate.SQL - drop table if exists virtual_network_function_descriptor_vdu
14:11:16.388 [Test worker] DEBUG org.hibernate.SQL - drop table if exists virtual_network_function_descriptor_vdu_dependency
14:11:16.388 [Test worker] DEBUG org.hibernate.SQL - drop table if exists virtual_network_function_descriptor_virtual_link
14:11:16.388 [Test worker] DEBUG org.hibernate.SQL - drop table if exists virtual_network_function_record
14:11:16.388 [Test worker] DEBUG org.hibernate.SQL - drop table if exists virtual_network_function_record_auto_scale_policy
14:11:16.388 [Test worker] DEBUG org.hibernate.SQL - drop table if exists virtual_network_function_record_connected_external_virtual_link
14:11:16.388 [Test worker] DEBUG org.hibernate.SQL - drop table if exists virtual_network_function_record_connection_point
14:11:16.388 [Test worker] DEBUG org.hibernate.SQL - drop table if exists virtual_network_function_record_dependency
14:11:16.388 [Test worker] DEBUG org.hibernate.SQL - drop table if exists virtual_network_function_record_lifecycle_event_history
14:11:16.388 [Test worker] DEBUG org.hibernate.SQL - drop table if exists virtual_network_function_record_monitoring_parameter
14:11:16.388 [Test worker] DEBUG org.hibernate.SQL - drop table if exists virtual_network_function_record_notification
14:11:16.389 [Test worker] DEBUG org.hibernate.SQL - drop table if exists virtual_network_function_record_runtime_policy_info
14:11:16.389 [Test worker] DEBUG org.hibernate.SQL - drop table if exists virtual_network_function_record_vdu
14:11:16.389 [Test worker] DEBUG org.hibernate.SQL - drop table if exists virtual_network_function_record_virtual_link
14:11:16.389 [Test worker] DEBUG org.hibernate.SQL - drop table if exists virtual_network_function_record_vnf_address
14:11:16.389 [Test worker] DEBUG org.hibernate.SQL - drop table if exists vnfcomponent
14:11:16.389 [Test worker] DEBUG org.hibernate.SQL - drop table if exists vnfcomponent_connection_point
14:11:16.389 [Test worker] DEBUG org.hibernate.SQL - drop table if exists vnfdconnection_point
14:11:16.389 [Test worker] DEBUG org.hibernate.SQL - drop table if exists vnfddeployment_flavour
14:11:16.389 [Test worker] DEBUG org.hibernate.SQL - drop table if exists vnfddeployment_flavour_costituent_vdu
14:11:16.389 [Test worker] DEBUG org.hibernate.SQL - drop table if exists vnfddeployment_flavour_df_constraint
14:11:16.389 [Test worker] DEBUG org.hibernate.SQL - drop table if exists vnfdependency
14:11:16.389 [Test worker] DEBUG org.hibernate.SQL - drop table if exists vnfforwarding_graph
14:11:16.390 [Test worker] DEBUG org.hibernate.SQL - drop table if exists vnfforwarding_graph_connection_point
14:11:16.390 [Test worker] DEBUG org.hibernate.SQL - drop table if exists vnfforwarding_graph_constituent_vnfs
14:11:16.390 [Test worker] DEBUG org.hibernate.SQL - drop table if exists vnfforwarding_graph_dependent_virtual_link
14:11:16.390 [Test worker] DEBUG org.hibernate.SQL - drop table if exists vnfforwarding_graph_network_forwarding_path
14:11:16.390 [Test worker] DEBUG org.hibernate.SQL - drop table if exists vnfforwarding_graph_record
14:11:16.390 [Test worker] DEBUG org.hibernate.SQL - drop table if exists vnfforwarding_graph_record_connection_point
14:11:16.390 [Test worker] DEBUG org.hibernate.SQL - drop table if exists vnfforwarding_graph_record_dependent_virtual_link
14:11:16.390 [Test worker] DEBUG org.hibernate.SQL - drop table if exists vnfforwarding_graph_record_lifecycle_event_history
14:11:16.390 [Test worker] DEBUG org.hibernate.SQL - drop table if exists vnfforwarding_graph_record_member_vnfs
14:11:16.390 [Test worker] DEBUG org.hibernate.SQL - drop table if exists vnfforwarding_graph_record_notification
14:11:16.390 [Test worker] DEBUG org.hibernate.SQL - create table abstract_virtual_link_qos (abstract_virtual_link_id varchar(255) not null, qos varchar(255))
14:11:16.392 [Test worker] DEBUG org.hibernate.SQL - create table abstract_virtual_link_test_access (abstract_virtual_link_id varchar(255) not null, test_access varchar(255))
14:11:16.392 [Test worker] DEBUG org.hibernate.SQL - create table auto_scale_policy (id varchar(255) not null, version integer not null, primary key (id))
14:11:16.393 [Test worker] DEBUG org.hibernate.SQL - create table connection_point (id varchar(255) not null, type varchar(255), version integer not null, primary key (id))
14:11:16.393 [Test worker] DEBUG org.hibernate.SQL - create table costituentvdu (id varchar(255) not null, constituent_vnfc varchar(255), number_of_instances integer not null, vdu_reference varchar(255), version integer not null, primary key (id))
14:11:16.395 [Test worker] DEBUG org.hibernate.SQL - create table costituentvnf (id varchar(255) not null, affinity varchar(255), capability varchar(255), number_of_instances integer not null, redundancy_model varchar(255), version integer not null, vnf_flavour_id_reference varchar(255), vnf_reference varchar(255), primary key (id))
14:11:16.396 [Test worker] DEBUG org.hibernate.SQL - create table deployment_flavour (id varchar(255) not null, flavour_key varchar(255), version integer not null, primary key (id))
14:11:16.397 [Test worker] DEBUG org.hibernate.SQL - create table internal_virtual_link (id varchar(255) not null, connectivity_type varchar(255), leaf_requirement varchar(255), root_requirement varchar(255), version integer not null, primary key (id))
14:11:16.398 [Test worker] DEBUG org.hibernate.SQL - create table internal_virtual_link_connection_points_references (internal_virtual_link_id varchar(255) not null, connection_points_references varchar(255))
14:11:16.398 [Test worker] DEBUG org.hibernate.SQL - create table lifecycle_event (id varchar(255) not null, version integer not null, primary key (id))
14:11:16.399 [Test worker] DEBUG org.hibernate.SQL - create table lifecycle_event_lifecycle_events (lifecycle_event_id varchar(255) not null, lifecycle_events varchar(255), lifecycle_events_key integer, primary key (lifecycle_event_id, lifecycle_events_key))
14:11:16.399 [Test worker] DEBUG org.hibernate.SQL - create table network_forwarding_path (id varchar(255) not null, version integer not null, policy_id varchar(255), primary key (id))
14:11:16.400 [Test worker] DEBUG org.hibernate.SQL - create table network_forwarding_path_connection (network_forwarding_path_id varchar(255) not null, connection varchar(255), connection_key varchar(255), primary key (network_forwarding_path_id, connection_key))
14:11:16.400 [Test worker] DEBUG org.hibernate.SQL - create table network_service_descriptor (id varchar(255) not null, hb_version integer, vendor varchar(255), version varchar(255), nsd_security_id varchar(255), primary key (id))
14:11:16.401 [Test worker] DEBUG org.hibernate.SQL - create table network_service_descriptor_pnfd (network_service_descriptor_Id varchar(255) not null, pnfd_id varchar(255) not null)
14:11:16.401 [Test worker] DEBUG org.hibernate.SQL - create table network_service_descriptor_vnf_dependency (network_service_descriptor_Id varchar(255) not null, vnf_dependency_id varchar(255) not null)
14:11:16.403 [Test worker] DEBUG org.hibernate.SQL - create table network_service_descriptor_vnfd (network_service_descriptor_Id varchar(255) not null, vnfd_Id varchar(255) not null)
14:11:16.404 [Test worker] DEBUG org.hibernate.SQL - create table network_service_record (id varchar(255) not null, audit_log varchar(255), notification varchar(255), resource_reservation varchar(255), runtime_policy_info varchar(255), status varchar(255), vendor varchar(255), version varchar(255), descriptor_reference_Id varchar(255), lifecycle_event_id varchar(255), service_deployment_flavour_id varchar(255), vnfr_id varchar(255), primary key (id))
14:11:16.405 [Test worker] DEBUG org.hibernate.SQL - create table network_service_record_auto_scale_policy (network_service_record_id varchar(255) not null, auto_scale_policy_id varchar(255) not null)
14:11:16.406 [Test worker] DEBUG org.hibernate.SQL - create table network_service_record_connection_point (network_service_record_id varchar(255) not null, connection_point_id varchar(255) not null)
14:11:16.406 [Test worker] DEBUG org.hibernate.SQL - create table network_service_record_lifecycle_event_history (network_service_record_id varchar(255) not null, lifecycle_event_history_id varchar(255) not null)
14:11:16.407 [Test worker] DEBUG org.hibernate.SQL - create table network_service_record_monitoring_parameter (network_service_record_id varchar(255) not null, monitoring_parameter varchar(255))
14:11:16.407 [Test worker] DEBUG org.hibernate.SQL - create table network_service_record_pnfr (network_service_record_id varchar(255) not null, pnfr_id varchar(255) not null)
14:11:16.407 [Test worker] DEBUG org.hibernate.SQL - create table network_service_record_vlr (network_service_record_id varchar(255) not null, vlr_id varchar(255) not null)
14:11:16.408 [Test worker] DEBUG org.hibernate.SQL - create table network_service_record_vnf_dependency (network_service_record_id varchar(255) not null, vnf_dependency_id varchar(255) not null)
14:11:16.408 [Test worker] DEBUG org.hibernate.SQL - create table network_service_record_vnffgr (network_service_record_id varchar(255) not null, vnffgr_id varchar(255) not null)
14:11:16.408 [Test worker] DEBUG org.hibernate.SQL - create table nfventity_descriptor_auto_scale_policy (nfventity_descriptor_Id varchar(255) not null, auto_scale_policy_id varchar(255) not null)
14:11:16.409 [Test worker] DEBUG org.hibernate.SQL - create table nfventity_descriptor_connection_point (nfventity_descriptor_Id varchar(255) not null, connection_point_id varchar(255) not null)
14:11:16.409 [Test worker] DEBUG org.hibernate.SQL - create table nfventity_descriptor_lifecycle_event (nfventity_descriptor_Id varchar(255) not null, lifecycle_event_id varchar(255) not null)
14:11:16.410 [Test worker] DEBUG org.hibernate.SQL - create table nfventity_descriptor_monitoring_parameter (nfventity_descriptor_Id varchar(255) not null, monitoring_parameter varchar(255))
14:11:16.410 [Test worker] DEBUG org.hibernate.SQL - create table nfventity_descriptor_service_deployment_flavour (nfventity_descriptor_Id varchar(255) not null, service_deployment_flavour_id varchar(255) not null)
14:11:16.410 [Test worker] DEBUG org.hibernate.SQL - create table nfventity_descriptor_vld (nfventity_descriptor_Id varchar(255) not null, vld_id varchar(255) not null)
14:11:16.411 [Test worker] DEBUG org.hibernate.SQL - create table nfventity_descriptor_vnffgd (nfventity_descriptor_Id varchar(255) not null, vnffgd_id varchar(255) not null)
14:11:16.412 [Test worker] DEBUG org.hibernate.SQL - create table physical_network_function_descriptor (id varchar(255) not null, description varchar(255), descriptor_version varchar(255), hb_version integer not null, vendor varchar(255), version varchar(255), pnfd_security_id varchar(255), primary key (id))
14:11:16.412 [Test worker] DEBUG org.hibernate.SQL - create table physical_network_function_descriptor_connection_point (physical_network_function_descriptor_id varchar(255) not null, connection_point_id varchar(255) not null)
14:11:16.413 [Test worker] DEBUG org.hibernate.SQL - create table physical_network_function_record (id varchar(255) not null, description varchar(255), oam_reference varchar(255), vendor varchar(255), version varchar(255), descriptor_reference_id varchar(255), parent_ns_id varchar(255), primary key (id))
14:11:16.414 [Test worker] DEBUG org.hibernate.SQL - create table physical_network_function_record_connected_virtual_link (physical_network_function_record_id varchar(255) not null, connected_virtual_link_id varchar(255) not null)
14:11:16.414 [Test worker] DEBUG org.hibernate.SQL - create table physical_network_function_record_connection_point (physical_network_function_record_id varchar(255) not null, connection_point_id varchar(255) not null)
14:11:16.415 [Test worker] DEBUG org.hibernate.SQL - create table physical_network_function_record_pnf_address (physical_network_function_record_id varchar(255) not null, pnf_address varchar(255))
14:11:16.415 [Test worker] DEBUG org.hibernate.SQL - create table physical_network_function_record_vnffgr (physical_network_function_record_id varchar(255) not null, vnffgr_id varchar(255) not null)
14:11:16.416 [Test worker] DEBUG org.hibernate.SQL - create table policy (id varchar(255) not null, version integer not null, primary key (id))
14:11:16.417 [Test worker] DEBUG org.hibernate.SQL - create table security (id varchar(255) not null, version integer not null, primary key (id))
14:11:16.417 [Test worker] DEBUG org.hibernate.SQL - create table service_deployment_flavour (id varchar(255) not null, flavour_key varchar(255), version integer not null, primary key (id))
14:11:16.418 [Test worker] DEBUG org.hibernate.SQL - create table service_deployment_flavour_constituent_vnf (service_deployment_flavour_id varchar(255) not null, constituent_vnf_id varchar(255) not null)
14:11:16.419 [Test worker] DEBUG org.hibernate.SQL - create table vdudependency (id varchar(255) not null, version integer not null, source_id varchar(255), target_id varchar(255), primary key (id))
14:11:16.419 [Test worker] DEBUG org.hibernate.SQL - create table virtual_deployment_unit (id varchar(255) not null, computation_requirement varchar(255), high_availability varchar(255), scale_in_out integer not null, vdu_constraint varchar(255), version integer not null, virtual_memory_resource_element varchar(255), virtual_network_bandwidth_resource varchar(255), primary key (id))
14:11:16.420 [Test worker] DEBUG org.hibernate.SQL - create table virtual_deployment_unit_lifecycle_event (virtual_deployment_unit_id varchar(255) not null, lifecycle_event_id varchar(255) not null)
14:11:16.420 [Test worker] DEBUG org.hibernate.SQL - create table virtual_deployment_unit_monitoring_parameter (virtual_deployment_unit_id varchar(255) not null, monitoring_parameter varchar(255))
14:11:16.421 [Test worker] DEBUG org.hibernate.SQL - create table virtual_deployment_unit_vm_image (virtual_deployment_unit_id varchar(255) not null, vm_image varchar(255))
14:11:16.421 [Test worker] DEBUG org.hibernate.SQL - create table virtual_deployment_unit_vnfc (virtual_deployment_unit_id varchar(255) not null, vnfc_id varchar(255) not null)
14:11:16.421 [Test worker] DEBUG org.hibernate.SQL - create table virtual_link_descriptor (id varchar(255) not null, connectivity_type varchar(255), leaf_requirement varchar(255), root_requirement varchar(255), version integer not null, descriptor_version varchar(255), number_of_endpoints integer not null, vendor varchar(255), vld_security_id varchar(255), primary key (id))
14:11:16.422 [Test worker] DEBUG org.hibernate.SQL - create table virtual_link_descriptor_connection (virtual_link_descriptor_id varchar(255) not null, connection varchar(255))
14:11:16.422 [Test worker] DEBUG org.hibernate.SQL - create table virtual_link_record (id varchar(255) not null, connectivity_type varchar(255), descriptor_reference varchar(255), leaf_requirement varchar(255), number_of_enpoints integer not null, parent_ns varchar(255), root_requirement varchar(255), status varchar(255), test_access varchar(255), vendor varchar(255), version varchar(255), vim_id varchar(255), primary key (id))
14:11:16.423 [Test worker] DEBUG org.hibernate.SQL - create table virtual_link_record_allocated_capacity (virtual_link_record_id varchar(255) not null, allocated_capacity varchar(255))
14:11:16.423 [Test worker] DEBUG org.hibernate.SQL - create table virtual_link_record_audit_log (virtual_link_record_id varchar(255) not null, audit_log varchar(255))
14:11:16.423 [Test worker] DEBUG org.hibernate.SQL - create table virtual_link_record_connection (virtual_link_record_id varchar(255) not null, connection varchar(255))
14:11:16.424 [Test worker] DEBUG org.hibernate.SQL - create table virtual_link_record_lifecycle_event_history (virtual_link_record_id varchar(255) not null, lifecycle_event_history_id varchar(255) not null)
14:11:16.424 [Test worker] DEBUG org.hibernate.SQL - create table virtual_link_record_notification (virtual_link_record_id varchar(255) not null, notification varchar(255))
14:11:16.424 [Test worker] DEBUG org.hibernate.SQL - create table virtual_link_record_qos (virtual_link_record_id varchar(255) not null, qos varchar(255))
14:11:16.425 [Test worker] DEBUG org.hibernate.SQL - create table virtual_link_record_vnffgr_reference (virtual_link_record_id varchar(255) not null, vnffgr_reference_id varchar(255) not null)
14:11:16.425 [Test worker] DEBUG org.hibernate.SQL - create table virtual_network_function_descriptor (id varchar(255) not null, hb_version integer, vendor varchar(255), version varchar(255), descriptor_version varchar(255), manifest_file varchar(255), primary key (id))
14:11:16.425 [Test worker] DEBUG org.hibernate.SQL - create table virtual_network_function_descriptor_deployment_flavour (virtual_network_function_descriptor_Id varchar(255) not null, deployment_flavour_id varchar(255) not null)
14:11:16.426 [Test worker] DEBUG org.hibernate.SQL - create table virtual_network_function_descriptor_manifest_file_security (virtual_network_function_descriptor_Id varchar(255) not null, manifest_file_security_id varchar(255) not null)
14:11:16.426 [Test worker] DEBUG org.hibernate.SQL - create table virtual_network_function_descriptor_vdu (virtual_network_function_descriptor_Id varchar(255) not null, vdu_id varchar(255) not null)
14:11:16.427 [Test worker] DEBUG org.hibernate.SQL - create table virtual_network_function_descriptor_vdu_dependency (virtual_network_function_descriptor_Id varchar(255) not null, vdu_dependency_id varchar(255) not null)
14:11:16.427 [Test worker] DEBUG org.hibernate.SQL - create table virtual_network_function_descriptor_virtual_link (virtual_network_function_descriptor_Id varchar(255) not null, virtual_link_id varchar(255) not null)
14:11:16.427 [Test worker] DEBUG org.hibernate.SQL - create table virtual_network_function_record (id varchar(255) not null, audit_log varchar(255), descriptor_reference varchar(255), localization varchar(255), status varchar(255), vendor varchar(255), version varchar(255), vnfm_id varchar(255), deployment_flavour_id varchar(255), lifecycle_event_id varchar(255), parent_ns_id varchar(255), primary key (id))
14:11:16.428 [Test worker] DEBUG org.hibernate.SQL - create table virtual_network_function_record_auto_scale_policy (virtual_network_function_record_id varchar(255) not null, auto_scale_policy_id varchar(255) not null)
14:11:16.429 [Test worker] DEBUG org.hibernate.SQL - create table virtual_network_function_record_connected_external_virtual_link (virtual_network_function_record_id varchar(255) not null, connected_external_virtual_link_id varchar(255) not null)
14:11:16.429 [Test worker] DEBUG org.hibernate.SQL - create table virtual_network_function_record_connection_point (virtual_network_function_record_id varchar(255) not null, connection_point_id varchar(255) not null)
14:11:16.430 [Test worker] DEBUG org.hibernate.SQL - create table virtual_network_function_record_dependency (virtual_network_function_record_id varchar(255) not null, dependency_id varchar(255) not null)
14:11:16.430 [Test worker] DEBUG org.hibernate.SQL - create table virtual_network_function_record_lifecycle_event_history (virtual_network_function_record_id varchar(255) not null, lifecycle_event_history_id varchar(255) not null)
14:11:16.431 [Test worker] DEBUG org.hibernate.SQL - create table virtual_network_function_record_monitoring_parameter (virtual_network_function_record_id varchar(255) not null, monitoring_parameter varchar(255))
14:11:16.431 [Test worker] DEBUG org.hibernate.SQL - create table virtual_network_function_record_notification (virtual_network_function_record_id varchar(255) not null, notification varchar(255))
14:11:16.432 [Test worker] DEBUG org.hibernate.SQL - create table virtual_network_function_record_runtime_policy_info (virtual_network_function_record_id varchar(255) not null, runtime_policy_info varchar(255))
14:11:16.432 [Test worker] DEBUG org.hibernate.SQL - create table virtual_network_function_record_vdu (virtual_network_function_record_id varchar(255) not null, vdu_id varchar(255) not null)
14:11:16.433 [Test worker] DEBUG org.hibernate.SQL - create table virtual_network_function_record_virtual_link (virtual_network_function_record_id varchar(255) not null, virtual_link_id varchar(255) not null)
14:11:16.433 [Test worker] DEBUG org.hibernate.SQL - create table virtual_network_function_record_vnf_address (virtual_network_function_record_id varchar(255) not null, vnf_address varchar(255))
14:11:16.433 [Test worker] DEBUG org.hibernate.SQL - create table vnfcomponent (id varchar(255) not null, version integer not null, primary key (id))
14:11:16.434 [Test worker] DEBUG org.hibernate.SQL - create table vnfcomponent_connection_point (vnfcomponent_id varchar(255) not null, connection_point_id varchar(255) not null)
14:11:16.434 [Test worker] DEBUG org.hibernate.SQL - create table vnfdconnection_point (id varchar(255) not null, type varchar(255), version integer not null, virtual_link_reference varchar(255), primary key (id))
14:11:16.434 [Test worker] DEBUG org.hibernate.SQL - create table vnfddeployment_flavour (id varchar(255) not null, flavour_key varchar(255), version integer not null, primary key (id))
14:11:16.435 [Test worker] DEBUG org.hibernate.SQL - create table vnfddeployment_flavour_costituent_vdu (vnfddeployment_flavour_id varchar(255) not null, costituent_vdu_id varchar(255) not null)
14:11:16.436 [Test worker] DEBUG org.hibernate.SQL - create table vnfddeployment_flavour_df_constraint (vnfddeployment_flavour_id varchar(255) not null, df_constraint varchar(255))
14:11:16.437 [Test worker] DEBUG org.hibernate.SQL - create table vnfdependency (id varchar(255) not null, version integer not null, source_Id varchar(255), target_Id varchar(255), primary key (id))
14:11:16.437 [Test worker] DEBUG org.hibernate.SQL - create table vnfforwarding_graph (id varchar(255) not null, descriptor_version varchar(255), hb_version integer not null, number_of_endpoints integer not null, number_of_virtual_links integer not null, vendor varchar(255), version varchar(255), vnffgd_security_id varchar(255), primary key (id))
14:11:16.438 [Test worker] DEBUG org.hibernate.SQL - create table vnfforwarding_graph_connection_point (vnfforwarding_graph_id varchar(255) not null, connection_point_id varchar(255) not null)
14:11:16.439 [Test worker] DEBUG org.hibernate.SQL - create table vnfforwarding_graph_constituent_vnfs (vnfforwarding_graph_id varchar(255) not null, constituent_vnfs_id varchar(255) not null)
14:11:16.440 [Test worker] DEBUG org.hibernate.SQL - create table vnfforwarding_graph_dependent_virtual_link (vnfforwarding_graph_id varchar(255) not null, dependent_virtual_link_id varchar(255) not null)
14:11:16.440 [Test worker] DEBUG org.hibernate.SQL - create table vnfforwarding_graph_network_forwarding_path (vnfforwarding_graph_id varchar(255) not null, network_forwarding_path_id varchar(255) not null)
14:11:16.441 [Test worker] DEBUG org.hibernate.SQL - create table vnfforwarding_graph_record (id varchar(255) not null, audit_log varchar(255), number_of_endpoints integer not null, number_of_pnfs integer not null, number_of_virtual_links integer not null, number_of_vnfs integer not null, status varchar(255), vendor varchar(255), version varchar(255), descriptor_reference_id varchar(255), network_forwarding_path_id varchar(255), parent_ns_id varchar(255), primary key (id))
14:11:16.442 [Test worker] DEBUG org.hibernate.SQL - create table vnfforwarding_graph_record_connection_point (vnfforwarding_graph_record_id varchar(255) not null, connection_point_id varchar(255) not null)
14:11:16.443 [Test worker] DEBUG org.hibernate.SQL - create table vnfforwarding_graph_record_dependent_virtual_link (vnfforwarding_graph_record_id varchar(255) not null, dependent_virtual_link_id varchar(255) not null)
14:11:16.446 [Test worker] DEBUG org.hibernate.SQL - create table vnfforwarding_graph_record_lifecycle_event_history (vnfforwarding_graph_record_id varchar(255) not null, lifecycle_event_history_id varchar(255) not null)
14:11:16.447 [Test worker] DEBUG org.hibernate.SQL - create table vnfforwarding_graph_record_member_vnfs (vnfforwarding_graph_record_id varchar(255) not null, member_vnfs_id varchar(255) not null)
14:11:16.447 [Test worker] DEBUG org.hibernate.SQL - create table vnfforwarding_graph_record_notification (vnfforwarding_graph_record_id varchar(255) not null, notification varchar(255))
14:11:16.448 [Test worker] DEBUG org.hibernate.SQL - alter table network_service_descriptor_pnfd add constraint UK_ix1oaawjdlcvfkvjbk2s4cce6  unique (pnfd_id)
14:11:16.448 [Test worker] DEBUG org.hibernate.SQL - alter table network_service_descriptor_vnf_dependency add constraint UK_6aruq4mnkev7qjo24ht1aufms  unique (vnf_dependency_id)
14:11:16.449 [Test worker] DEBUG org.hibernate.SQL - alter table network_service_descriptor_vnfd add constraint UK_onnknjip9a6o1nyfhu9fle3iq  unique (vnfd_Id)
14:11:16.449 [Test worker] DEBUG org.hibernate.SQL - alter table network_service_record_auto_scale_policy add constraint UK_gbre81dwsehi7utth7q20uq0e  unique (auto_scale_policy_id)
14:11:16.450 [Test worker] DEBUG org.hibernate.SQL - alter table network_service_record_connection_point add constraint UK_5trtobe5l8bsegpgvtd8yq0s4  unique (connection_point_id)
14:11:16.451 [Test worker] DEBUG org.hibernate.SQL - alter table network_service_record_lifecycle_event_history add constraint UK_379gnp8cxp1hsqql9k8b4ycpp  unique (lifecycle_event_history_id)
14:11:16.451 [Test worker] DEBUG org.hibernate.SQL - alter table network_service_record_pnfr add constraint UK_nfr72rysj9lb8xwmd0ns5t926  unique (pnfr_id)
14:11:16.452 [Test worker] DEBUG org.hibernate.SQL - alter table network_service_record_vlr add constraint UK_7xnjnxpvsj41xr295ooswn5s0  unique (vlr_id)
14:11:16.452 [Test worker] DEBUG org.hibernate.SQL - alter table network_service_record_vnf_dependency add constraint UK_6d08jd1mdug22ugsjl5s6jw1s  unique (vnf_dependency_id)
14:11:16.453 [Test worker] DEBUG org.hibernate.SQL - alter table network_service_record_vnffgr add constraint UK_temtmb9npy7hue823c5y9jy09  unique (vnffgr_id)
14:11:16.454 [Test worker] DEBUG org.hibernate.SQL - alter table nfventity_descriptor_auto_scale_policy add constraint UK_tle9igt6m8dfb35qlfnejmnk8  unique (auto_scale_policy_id)
14:11:16.455 [Test worker] DEBUG org.hibernate.SQL - alter table nfventity_descriptor_connection_point add constraint UK_1ns40aeqyj1tdranfv9p9b5lc  unique (connection_point_id)
14:11:16.456 [Test worker] DEBUG org.hibernate.SQL - alter table nfventity_descriptor_lifecycle_event add constraint UK_366orla7k7vx746e2cninjft8  unique (lifecycle_event_id)
14:11:16.456 [Test worker] DEBUG org.hibernate.SQL - alter table nfventity_descriptor_service_deployment_flavour add constraint UK_po6itcgjhxpi3y45e0bb4qr3u  unique (service_deployment_flavour_id)
14:11:16.457 [Test worker] DEBUG org.hibernate.SQL - alter table nfventity_descriptor_vld add constraint UK_kpmwq3ckamg3gd1qsk7ec27ry  unique (vld_id)
14:11:16.457 [Test worker] DEBUG org.hibernate.SQL - alter table nfventity_descriptor_vnffgd add constraint UK_dkta9ecinon51e3c188pdoskg  unique (vnffgd_id)
14:11:16.458 [Test worker] DEBUG org.hibernate.SQL - alter table physical_network_function_descriptor_connection_point add constraint UK_btm821s642s2qwefky6chrqny  unique (connection_point_id)
14:11:16.458 [Test worker] DEBUG org.hibernate.SQL - alter table physical_network_function_record_connected_virtual_link add constraint UK_pky2qty334bgqtr338hf9reuy  unique (connected_virtual_link_id)
14:11:16.459 [Test worker] DEBUG org.hibernate.SQL - alter table physical_network_function_record_connection_point add constraint UK_m2a7nb4vw2jglfxd3m8hbcd38  unique (connection_point_id)
14:11:16.459 [Test worker] DEBUG org.hibernate.SQL - alter table physical_network_function_record_vnffgr add constraint UK_ixhj7hv7g6od511wgk0yh6tso  unique (vnffgr_id)
14:11:16.459 [Test worker] DEBUG org.hibernate.SQL - alter table service_deployment_flavour_constituent_vnf add constraint UK_svyqccew2airrvex17ea3c1m5  unique (constituent_vnf_id)
14:11:16.460 [Test worker] DEBUG org.hibernate.SQL - alter table virtual_deployment_unit_lifecycle_event add constraint UK_90vxxket63wgcbov153u0yu2x  unique (lifecycle_event_id)
14:11:16.461 [Test worker] DEBUG org.hibernate.SQL - alter table virtual_deployment_unit_vnfc add constraint UK_pjxb6c6f4fboiccfaiy5kecdc  unique (vnfc_id)
14:11:16.461 [Test worker] DEBUG org.hibernate.SQL - alter table virtual_link_record_lifecycle_event_history add constraint UK_i2d7okljao9o1j89o4w853j4u  unique (lifecycle_event_history_id)
14:11:16.462 [Test worker] DEBUG org.hibernate.SQL - alter table virtual_link_record_vnffgr_reference add constraint UK_pgxhygyo36ked3u6msyp0n3p8  unique (vnffgr_reference_id)
14:11:16.462 [Test worker] DEBUG org.hibernate.SQL - alter table virtual_network_function_descriptor_deployment_flavour add constraint UK_qy6fb2txh5ip9u5fjr6gyxema  unique (deployment_flavour_id)
14:11:16.463 [Test worker] DEBUG org.hibernate.SQL - alter table virtual_network_function_descriptor_manifest_file_security add constraint UK_ckbtqcy71yxob7n23npet6rdb  unique (manifest_file_security_id)
14:11:16.463 [Test worker] DEBUG org.hibernate.SQL - alter table virtual_network_function_descriptor_vdu add constraint UK_96sts9thyr1x7no9yom4b0s1c  unique (vdu_id)
14:11:16.464 [Test worker] DEBUG org.hibernate.SQL - alter table virtual_network_function_descriptor_vdu_dependency add constraint UK_axpr6jtbydpdh8vebahipdrq  unique (vdu_dependency_id)
14:11:16.464 [Test worker] DEBUG org.hibernate.SQL - alter table virtual_network_function_descriptor_virtual_link add constraint UK_iqf0p1tckogpwhsil3mwrov6v  unique (virtual_link_id)
14:11:16.465 [Test worker] DEBUG org.hibernate.SQL - alter table virtual_network_function_record_auto_scale_policy add constraint UK_qkuaprn9y0u7ajie9pdpxjex1  unique (auto_scale_policy_id)
14:11:16.465 [Test worker] DEBUG org.hibernate.SQL - alter table virtual_network_function_record_connected_external_virtual_link add constraint UK_1k6j0vi75tghmqw6eun3sugw0  unique (connected_external_virtual_link_id)
14:11:16.465 [Test worker] DEBUG org.hibernate.SQL - alter table virtual_network_function_record_connection_point add constraint UK_4iivr9l15yrkyaopkuam4te19  unique (connection_point_id)
14:11:16.466 [Test worker] DEBUG org.hibernate.SQL - alter table virtual_network_function_record_dependency add constraint UK_rp733b4ng77tf2twdvy9m7o84  unique (dependency_id)
14:11:16.467 [Test worker] DEBUG org.hibernate.SQL - alter table virtual_network_function_record_lifecycle_event_history add constraint UK_1ku0dk61dh0lhkhsei91n9mgh  unique (lifecycle_event_history_id)
14:11:16.467 [Test worker] DEBUG org.hibernate.SQL - alter table virtual_network_function_record_vdu add constraint UK_nmrn2l5dr2b3io4i9amfps4f4  unique (vdu_id)
14:11:16.468 [Test worker] DEBUG org.hibernate.SQL - alter table virtual_network_function_record_virtual_link add constraint UK_4m1m2x7n9fx8dseiky79u63dc  unique (virtual_link_id)
14:11:16.468 [Test worker] DEBUG org.hibernate.SQL - alter table vnfcomponent_connection_point add constraint UK_bi6sx7hj6snumdo1fnnbepvwt  unique (connection_point_id)
14:11:16.469 [Test worker] DEBUG org.hibernate.SQL - alter table vnfddeployment_flavour_costituent_vdu add constraint UK_hw6gb88kt2dbjs8u25gwapsru  unique (costituent_vdu_id)
14:11:16.469 [Test worker] DEBUG org.hibernate.SQL - alter table vnfforwarding_graph_connection_point add constraint UK_7kdj4ix3l2qo9r438q1g0tgvd  unique (connection_point_id)
14:11:16.470 [Test worker] DEBUG org.hibernate.SQL - alter table vnfforwarding_graph_constituent_vnfs add constraint UK_o7nxvo6yjabmy6uig0rrh64ba  unique (constituent_vnfs_id)
14:11:16.470 [Test worker] DEBUG org.hibernate.SQL - alter table vnfforwarding_graph_dependent_virtual_link add constraint UK_cf7kv1hweumtp0d3s55guah8l  unique (dependent_virtual_link_id)
14:11:16.471 [Test worker] DEBUG org.hibernate.SQL - alter table vnfforwarding_graph_network_forwarding_path add constraint UK_eby8p1i7pvleohd3uyt143d8j  unique (network_forwarding_path_id)
14:11:16.471 [Test worker] DEBUG org.hibernate.SQL - alter table vnfforwarding_graph_record_connection_point add constraint UK_6ylloi8n4jo3udl0uruw745sn  unique (connection_point_id)
14:11:16.472 [Test worker] DEBUG org.hibernate.SQL - alter table vnfforwarding_graph_record_dependent_virtual_link add constraint UK_12ft43rho1yhh9f0xhr02joqa  unique (dependent_virtual_link_id)
14:11:16.472 [Test worker] DEBUG org.hibernate.SQL - alter table vnfforwarding_graph_record_lifecycle_event_history add constraint UK_m3eps7t949ocklbqyfdxlecic  unique (lifecycle_event_history_id)
14:11:16.472 [Test worker] DEBUG org.hibernate.SQL - alter table vnfforwarding_graph_record_member_vnfs add constraint UK_98xhyjfyx7ao7ri9hsbwmd0gg  unique (member_vnfs_id)
14:11:16.473 [Test worker] DEBUG org.hibernate.SQL - alter table internal_virtual_link_connection_points_references add constraint FK_6v4ibs98wl7i31i7s0dvv1xm3 foreign key (internal_virtual_link_id) references internal_virtual_link (id)
14:11:16.473 [Test worker] DEBUG org.hibernate.SQL - alter table lifecycle_event_lifecycle_events add constraint FK_9dbjms0e0n3hdj74lls2x0fbq foreign key (lifecycle_event_id) references lifecycle_event (id)
14:11:16.474 [Test worker] DEBUG org.hibernate.SQL - alter table network_forwarding_path add constraint FK_cecdubyhq56m3bhx59wa5cqtw foreign key (policy_id) references policy (id)
14:11:16.474 [Test worker] DEBUG org.hibernate.SQL - alter table network_forwarding_path_connection add constraint FK_aoy89h8emsie8con5ag48n3pp foreign key (network_forwarding_path_id) references network_forwarding_path (id)
14:11:16.475 [Test worker] DEBUG org.hibernate.SQL - alter table network_service_descriptor add constraint FK_6jnbh5xkl98atrnmve1i59piw foreign key (nsd_security_id) references security (id)
14:11:16.475 [Test worker] DEBUG org.hibernate.SQL - alter table network_service_descriptor_pnfd add constraint FK_ix1oaawjdlcvfkvjbk2s4cce6 foreign key (pnfd_id) references physical_network_function_descriptor (id)
14:11:16.476 [Test worker] DEBUG org.hibernate.SQL - alter table network_service_descriptor_pnfd add constraint FK_1629jppm4g7kjpdgjxawrnx3t foreign key (network_service_descriptor_Id) references network_service_descriptor (id)
14:11:16.477 [Test worker] DEBUG org.hibernate.SQL - alter table network_service_descriptor_vnf_dependency add constraint FK_6aruq4mnkev7qjo24ht1aufms foreign key (vnf_dependency_id) references vnfdependency (id)
14:11:16.477 [Test worker] DEBUG org.hibernate.SQL - alter table network_service_descriptor_vnf_dependency add constraint FK_t4wvcyr17jin1lscthl0wpa8d foreign key (network_service_descriptor_Id) references network_service_descriptor (id)
14:11:16.478 [Test worker] DEBUG org.hibernate.SQL - alter table network_service_descriptor_vnfd add constraint FK_onnknjip9a6o1nyfhu9fle3iq foreign key (vnfd_Id) references virtual_network_function_descriptor (id)
14:11:16.478 [Test worker] DEBUG org.hibernate.SQL - alter table network_service_descriptor_vnfd add constraint FK_dgciw9d75gp0ej960jqbydbuw foreign key (network_service_descriptor_Id) references network_service_descriptor (id)
14:11:16.479 [Test worker] DEBUG org.hibernate.SQL - alter table network_service_record add constraint FK_3s8jv34kiasky9fl3paaa2lbu foreign key (lifecycle_event_id) references lifecycle_event (id)
14:11:16.479 [Test worker] DEBUG org.hibernate.SQL - alter table network_service_record add constraint FK_n3sw4fy3mej30w0fdeaulohvp foreign key (service_deployment_flavour_id) references service_deployment_flavour (id)
14:11:16.480 [Test worker] DEBUG org.hibernate.SQL - alter table network_service_record add constraint FK_s282g8iiy57mjptyj0iq8svbp foreign key (vnfr_id) references virtual_network_function_record (id)
14:11:16.480 [Test worker] DEBUG org.hibernate.SQL - alter table network_service_record_auto_scale_policy add constraint FK_gbre81dwsehi7utth7q20uq0e foreign key (auto_scale_policy_id) references auto_scale_policy (id)
14:11:16.481 [Test worker] DEBUG org.hibernate.SQL - alter table network_service_record_auto_scale_policy add constraint FK_t90k4qt3e95rx3rq72jxaipwe foreign key (network_service_record_id) references network_service_record (id)
14:11:16.482 [Test worker] DEBUG org.hibernate.SQL - alter table network_service_record_connection_point add constraint FK_5xfoqfc4o8buq11dl8uyifsik foreign key (network_service_record_id) references network_service_record (id)
14:11:16.482 [Test worker] DEBUG org.hibernate.SQL - alter table network_service_record_lifecycle_event_history add constraint FK_379gnp8cxp1hsqql9k8b4ycpp foreign key (lifecycle_event_history_id) references lifecycle_event (id)
14:11:16.483 [Test worker] DEBUG org.hibernate.SQL - alter table network_service_record_lifecycle_event_history add constraint FK_gcvbqad4v6bdx3f73sn174khf foreign key (network_service_record_id) references network_service_record (id)
14:11:16.483 [Test worker] DEBUG org.hibernate.SQL - alter table network_service_record_monitoring_parameter add constraint FK_fqtv73obewb4i4g0g41b8piqy foreign key (network_service_record_id) references network_service_record (id)
14:11:16.484 [Test worker] DEBUG org.hibernate.SQL - alter table network_service_record_pnfr add constraint FK_nfr72rysj9lb8xwmd0ns5t926 foreign key (pnfr_id) references physical_network_function_record (id)
14:11:16.484 [Test worker] DEBUG org.hibernate.SQL - alter table network_service_record_pnfr add constraint FK_t57pa9ebwix99g01p7o71r060 foreign key (network_service_record_id) references network_service_record (id)
14:11:16.485 [Test worker] DEBUG org.hibernate.SQL - alter table network_service_record_vlr add constraint FK_7xnjnxpvsj41xr295ooswn5s0 foreign key (vlr_id) references virtual_link_record (id)
14:11:16.485 [Test worker] DEBUG org.hibernate.SQL - alter table network_service_record_vlr add constraint FK_6ujpleewukxc31go92vyjd84g foreign key (network_service_record_id) references network_service_record (id)
14:11:16.486 [Test worker] DEBUG org.hibernate.SQL - alter table network_service_record_vnf_dependency add constraint FK_6d08jd1mdug22ugsjl5s6jw1s foreign key (vnf_dependency_id) references vnfdependency (id)
14:11:16.487 [Test worker] DEBUG org.hibernate.SQL - alter table network_service_record_vnf_dependency add constraint FK_h8xr44nmcggp8fwmf0ikctfhd foreign key (network_service_record_id) references network_service_record (id)
14:11:16.487 [Test worker] DEBUG org.hibernate.SQL - alter table network_service_record_vnffgr add constraint FK_temtmb9npy7hue823c5y9jy09 foreign key (vnffgr_id) references vnfforwarding_graph (id)
14:11:16.488 [Test worker] DEBUG org.hibernate.SQL - alter table network_service_record_vnffgr add constraint FK_pabcpie4838fq2ybk3hikib05 foreign key (network_service_record_id) references network_service_record (id)
14:11:16.488 [Test worker] DEBUG org.hibernate.SQL - alter table nfventity_descriptor_auto_scale_policy add constraint FK_tle9igt6m8dfb35qlfnejmnk8 foreign key (auto_scale_policy_id) references auto_scale_policy (id)
14:11:16.489 [Test worker] DEBUG org.hibernate.SQL - alter table nfventity_descriptor_lifecycle_event add constraint FK_366orla7k7vx746e2cninjft8 foreign key (lifecycle_event_id) references lifecycle_event (id)
14:11:16.489 [Test worker] DEBUG org.hibernate.SQL - alter table nfventity_descriptor_vld add constraint FK_kpmwq3ckamg3gd1qsk7ec27ry foreign key (vld_id) references virtual_link_descriptor (id)
14:11:16.490 [Test worker] DEBUG org.hibernate.SQL - alter table nfventity_descriptor_vnffgd add constraint FK_dkta9ecinon51e3c188pdoskg foreign key (vnffgd_id) references vnfforwarding_graph (id)
14:11:16.490 [Test worker] DEBUG org.hibernate.SQL - alter table physical_network_function_descriptor add constraint FK_t0xdv12mb4vbjug96mjjh4tv9 foreign key (pnfd_security_id) references security (id)
14:11:16.491 [Test worker] DEBUG org.hibernate.SQL - alter table physical_network_function_descriptor_connection_point add constraint FK_gn3l1ljyid1o6vbxc7oqtvr8j foreign key (physical_network_function_descriptor_id) references physical_network_function_descriptor (id)
14:11:16.492 [Test worker] DEBUG org.hibernate.SQL - alter table physical_network_function_record add constraint FK_aexdj9ha8qbbqi9242fx3ptbr foreign key (descriptor_reference_id) references physical_network_function_descriptor (id)
14:11:16.492 [Test worker] DEBUG org.hibernate.SQL - alter table physical_network_function_record add constraint FK_oq232nfyihxuscxj0fdv3rd1g foreign key (parent_ns_id) references network_service_record (id)
14:11:16.492 [Test worker] DEBUG org.hibernate.SQL - alter table physical_network_function_record_connected_virtual_link add constraint FK_pky2qty334bgqtr338hf9reuy foreign key (connected_virtual_link_id) references virtual_link_record (id)
14:11:16.493 [Test worker] DEBUG org.hibernate.SQL - alter table physical_network_function_record_connected_virtual_link add constraint FK_rikre576a3iibe5ork01agjhu foreign key (physical_network_function_record_id) references physical_network_function_record (id)
14:11:16.494 [Test worker] DEBUG org.hibernate.SQL - alter table physical_network_function_record_connection_point add constraint FK_16tske56yuvwovqhd2trjopfy foreign key (physical_network_function_record_id) references physical_network_function_record (id)
14:11:16.494 [Test worker] DEBUG org.hibernate.SQL - alter table physical_network_function_record_pnf_address add constraint FK_1b73cbadotte9gqub23bpjjb foreign key (physical_network_function_record_id) references physical_network_function_record (id)
14:11:16.495 [Test worker] DEBUG org.hibernate.SQL - alter table physical_network_function_record_vnffgr add constraint FK_ixhj7hv7g6od511wgk0yh6tso foreign key (vnffgr_id) references vnfforwarding_graph_record (id)
14:11:16.495 [Test worker] DEBUG org.hibernate.SQL - alter table physical_network_function_record_vnffgr add constraint FK_jd702qh2ljwv6krxtcvxjbcg5 foreign key (physical_network_function_record_id) references physical_network_function_record (id)
14:11:16.496 [Test worker] DEBUG org.hibernate.SQL - alter table service_deployment_flavour_constituent_vnf add constraint FK_svyqccew2airrvex17ea3c1m5 foreign key (constituent_vnf_id) references costituentvnf (id)
14:11:16.496 [Test worker] DEBUG org.hibernate.SQL - alter table service_deployment_flavour_constituent_vnf add constraint FK_ff422yw49qh7ry28b4r6mhrpx foreign key (service_deployment_flavour_id) references service_deployment_flavour (id)
14:11:16.497 [Test worker] DEBUG org.hibernate.SQL - alter table vdudependency add constraint FK_r0x90p4asd4oac54fdxkv4cq7 foreign key (source_id) references virtual_deployment_unit (id)
14:11:16.498 [Test worker] DEBUG org.hibernate.SQL - alter table vdudependency add constraint FK_c8mhom2o0jckjcykg6memnckc foreign key (target_id) references virtual_deployment_unit (id)
14:11:16.498 [Test worker] DEBUG org.hibernate.SQL - alter table virtual_deployment_unit_lifecycle_event add constraint FK_90vxxket63wgcbov153u0yu2x foreign key (lifecycle_event_id) references lifecycle_event (id)
14:11:16.499 [Test worker] DEBUG org.hibernate.SQL - alter table virtual_deployment_unit_lifecycle_event add constraint FK_2o5mcpuaik9y553dqxubt22vk foreign key (virtual_deployment_unit_id) references virtual_deployment_unit (id)
14:11:16.499 [Test worker] DEBUG org.hibernate.SQL - alter table virtual_deployment_unit_monitoring_parameter add constraint FK_4tba1vd21ocny30lu8678wvuf foreign key (virtual_deployment_unit_id) references virtual_deployment_unit (id)
14:11:16.500 [Test worker] DEBUG org.hibernate.SQL - alter table virtual_deployment_unit_vm_image add constraint FK_puna0oderfpbec9y1rt63ycfy foreign key (virtual_deployment_unit_id) references virtual_deployment_unit (id)
14:11:16.500 [Test worker] DEBUG org.hibernate.SQL - alter table virtual_deployment_unit_vnfc add constraint FK_pjxb6c6f4fboiccfaiy5kecdc foreign key (vnfc_id) references vnfcomponent (id)
14:11:16.501 [Test worker] DEBUG org.hibernate.SQL - alter table virtual_deployment_unit_vnfc add constraint FK_5uuns7xbqf2hty6d6ey20ceft foreign key (virtual_deployment_unit_id) references virtual_deployment_unit (id)
14:11:16.501 [Test worker] DEBUG org.hibernate.SQL - alter table virtual_link_descriptor add constraint FK_fge08bt6cd79kj5eqyuur1abk foreign key (vld_security_id) references security (id)
14:11:16.502 [Test worker] DEBUG org.hibernate.SQL - alter table virtual_link_descriptor_connection add constraint FK_fse25vx1qsybq7bi9xps2mgyj foreign key (virtual_link_descriptor_id) references virtual_link_descriptor (id)
14:11:16.503 [Test worker] DEBUG org.hibernate.SQL - alter table virtual_link_record_allocated_capacity add constraint FK_ak1niqch9ifsa570g11geav0t foreign key (virtual_link_record_id) references virtual_link_record (id)
14:11:16.503 [Test worker] DEBUG org.hibernate.SQL - alter table virtual_link_record_audit_log add constraint FK_t6xcadpdhi060lqw177wr0464 foreign key (virtual_link_record_id) references virtual_link_record (id)
14:11:16.503 [Test worker] DEBUG org.hibernate.SQL - alter table virtual_link_record_connection add constraint FK_2ghcarjdp6jn5ihmxfrypspeb foreign key (virtual_link_record_id) references virtual_link_record (id)
14:11:16.504 [Test worker] DEBUG org.hibernate.SQL - alter table virtual_link_record_lifecycle_event_history add constraint FK_i2d7okljao9o1j89o4w853j4u foreign key (lifecycle_event_history_id) references lifecycle_event (id)
14:11:16.504 [Test worker] DEBUG org.hibernate.SQL - alter table virtual_link_record_lifecycle_event_history add constraint FK_qkpribbd6sp3w7fqsh81rn19t foreign key (virtual_link_record_id) references virtual_link_record (id)
14:11:16.505 [Test worker] DEBUG org.hibernate.SQL - alter table virtual_link_record_notification add constraint FK_ib8hytmo0o0ciky4b8b8d5kmt foreign key (virtual_link_record_id) references virtual_link_record (id)
14:11:16.506 [Test worker] DEBUG org.hibernate.SQL - alter table virtual_link_record_qos add constraint FK_bssdmt2q3vs6s77huddmujo0l foreign key (virtual_link_record_id) references virtual_link_record (id)
14:11:16.506 [Test worker] DEBUG org.hibernate.SQL - alter table virtual_link_record_vnffgr_reference add constraint FK_pgxhygyo36ked3u6msyp0n3p8 foreign key (vnffgr_reference_id) references vnfforwarding_graph_record (id)
14:11:16.507 [Test worker] DEBUG org.hibernate.SQL - alter table virtual_link_record_vnffgr_reference add constraint FK_e5cjr2yjn64s9wnyvt574sph5 foreign key (virtual_link_record_id) references virtual_link_record (id)
14:11:16.507 [Test worker] DEBUG org.hibernate.SQL - alter table virtual_network_function_descriptor_deployment_flavour add constraint FK_qy6fb2txh5ip9u5fjr6gyxema foreign key (deployment_flavour_id) references vnfddeployment_flavour (id)
14:11:16.508 [Test worker] DEBUG org.hibernate.SQL - alter table virtual_network_function_descriptor_deployment_flavour add constraint FK_r4a4iaqb7g6ghpub7a0ypahas foreign key (virtual_network_function_descriptor_Id) references virtual_network_function_descriptor (id)
14:11:16.508 [Test worker] DEBUG org.hibernate.SQL - alter table virtual_network_function_descriptor_manifest_file_security add constraint FK_ckbtqcy71yxob7n23npet6rdb foreign key (manifest_file_security_id) references security (id)
14:11:16.509 [Test worker] DEBUG org.hibernate.SQL - alter table virtual_network_function_descriptor_manifest_file_security add constraint FK_pwfqubkh5ru44cq8w1qqll17n foreign key (virtual_network_function_descriptor_Id) references virtual_network_function_descriptor (id)
14:11:16.510 [Test worker] DEBUG org.hibernate.SQL - alter table virtual_network_function_descriptor_vdu add constraint FK_96sts9thyr1x7no9yom4b0s1c foreign key (vdu_id) references virtual_deployment_unit (id)
14:11:16.510 [Test worker] DEBUG org.hibernate.SQL - alter table virtual_network_function_descriptor_vdu add constraint FK_3xouvcrjky4slw8w4ar6gvnvp foreign key (virtual_network_function_descriptor_Id) references virtual_network_function_descriptor (id)
14:11:16.511 [Test worker] DEBUG org.hibernate.SQL - alter table virtual_network_function_descriptor_vdu_dependency add constraint FK_axpr6jtbydpdh8vebahipdrq foreign key (vdu_dependency_id) references vdudependency (id)
14:11:16.511 [Test worker] DEBUG org.hibernate.SQL - alter table virtual_network_function_descriptor_vdu_dependency add constraint FK_7wcxi4f35jsvbt861eq5ominv foreign key (virtual_network_function_descriptor_Id) references virtual_network_function_descriptor (id)
14:11:16.512 [Test worker] DEBUG org.hibernate.SQL - alter table virtual_network_function_descriptor_virtual_link add constraint FK_iqf0p1tckogpwhsil3mwrov6v foreign key (virtual_link_id) references internal_virtual_link (id)
14:11:16.513 [Test worker] DEBUG org.hibernate.SQL - alter table virtual_network_function_descriptor_virtual_link add constraint FK_19u9tea8iqusnxhackts9pwrb foreign key (virtual_network_function_descriptor_Id) references virtual_network_function_descriptor (id)
14:11:16.513 [Test worker] DEBUG org.hibernate.SQL - alter table virtual_network_function_record add constraint FK_3t5eqy1b758e1gynqcp14isb8 foreign key (deployment_flavour_id) references vnfddeployment_flavour (id)
14:11:16.514 [Test worker] DEBUG org.hibernate.SQL - alter table virtual_network_function_record add constraint FK_9t8lnarpm45nj7jfonk6qklgi foreign key (lifecycle_event_id) references lifecycle_event (id)
14:11:16.514 [Test worker] DEBUG org.hibernate.SQL - alter table virtual_network_function_record add constraint FK_snc57bp1dp994jro2k5wati7k foreign key (parent_ns_id) references network_service_record (id)
14:11:16.515 [Test worker] DEBUG org.hibernate.SQL - alter table virtual_network_function_record_auto_scale_policy add constraint FK_qkuaprn9y0u7ajie9pdpxjex1 foreign key (auto_scale_policy_id) references auto_scale_policy (id)
14:11:16.515 [Test worker] DEBUG org.hibernate.SQL - alter table virtual_network_function_record_auto_scale_policy add constraint FK_mqo1yn4nd9fv3tfn3q2wiy7qq foreign key (virtual_network_function_record_id) references virtual_network_function_record (id)
14:11:16.516 [Test worker] DEBUG org.hibernate.SQL - alter table virtual_network_function_record_connected_external_virtual_link add constraint FK_1k6j0vi75tghmqw6eun3sugw0 foreign key (connected_external_virtual_link_id) references virtual_link_record (id)
14:11:16.516 [Test worker] DEBUG org.hibernate.SQL - alter table virtual_network_function_record_connected_external_virtual_link add constraint FK_2snxq21j0cj1he1n8oloytnsq foreign key (virtual_network_function_record_id) references virtual_network_function_record (id)
14:11:16.517 [Test worker] DEBUG org.hibernate.SQL - alter table virtual_network_function_record_connection_point add constraint FK_lye1ywvn7l61juku4x185ffqx foreign key (virtual_network_function_record_id) references virtual_network_function_record (id)
14:11:16.518 [Test worker] DEBUG org.hibernate.SQL - alter table virtual_network_function_record_dependency add constraint FK_rp733b4ng77tf2twdvy9m7o84 foreign key (dependency_id) references vnfdependency (id)
14:11:16.518 [Test worker] DEBUG org.hibernate.SQL - alter table virtual_network_function_record_dependency add constraint FK_4dadnx98tve74m6dhjc9c264o foreign key (virtual_network_function_record_id) references virtual_network_function_record (id)
14:11:16.519 [Test worker] DEBUG org.hibernate.SQL - alter table virtual_network_function_record_lifecycle_event_history add constraint FK_1ku0dk61dh0lhkhsei91n9mgh foreign key (lifecycle_event_history_id) references lifecycle_event (id)
14:11:16.519 [Test worker] DEBUG org.hibernate.SQL - alter table virtual_network_function_record_lifecycle_event_history add constraint FK_wy34sdyi7kov9hsj6htg6ofo foreign key (virtual_network_function_record_id) references virtual_network_function_record (id)
14:11:16.520 [Test worker] DEBUG org.hibernate.SQL - alter table virtual_network_function_record_monitoring_parameter add constraint FK_cj1xjspedg91q32i28j017fb0 foreign key (virtual_network_function_record_id) references virtual_network_function_record (id)
14:11:16.520 [Test worker] DEBUG org.hibernate.SQL - alter table virtual_network_function_record_notification add constraint FK_5whomjkphdpijn3u03koifn1r foreign key (virtual_network_function_record_id) references virtual_network_function_record (id)
14:11:16.521 [Test worker] DEBUG org.hibernate.SQL - alter table virtual_network_function_record_runtime_policy_info add constraint FK_dlsp01efmipkoicoih4vr3v25 foreign key (virtual_network_function_record_id) references virtual_network_function_record (id)
14:11:16.521 [Test worker] DEBUG org.hibernate.SQL - alter table virtual_network_function_record_vdu add constraint FK_nmrn2l5dr2b3io4i9amfps4f4 foreign key (vdu_id) references virtual_deployment_unit (id)
14:11:16.522 [Test worker] DEBUG org.hibernate.SQL - alter table virtual_network_function_record_vdu add constraint FK_t5cs9vowca9wq8seer27drrsp foreign key (virtual_network_function_record_id) references virtual_network_function_record (id)
14:11:16.522 [Test worker] DEBUG org.hibernate.SQL - alter table virtual_network_function_record_virtual_link add constraint FK_4m1m2x7n9fx8dseiky79u63dc foreign key (virtual_link_id) references internal_virtual_link (id)
14:11:16.523 [Test worker] DEBUG org.hibernate.SQL - alter table virtual_network_function_record_virtual_link add constraint FK_mirnuhwhpx13jy3h6dxhsrg05 foreign key (virtual_network_function_record_id) references virtual_network_function_record (id)
14:11:16.523 [Test worker] DEBUG org.hibernate.SQL - alter table virtual_network_function_record_vnf_address add constraint FK_d2np3laovylh6jdypett2esrc foreign key (virtual_network_function_record_id) references virtual_network_function_record (id)
14:11:16.524 [Test worker] DEBUG org.hibernate.SQL - alter table vnfcomponent_connection_point add constraint FK_bi6sx7hj6snumdo1fnnbepvwt foreign key (connection_point_id) references vnfdconnection_point (id)
14:11:16.524 [Test worker] DEBUG org.hibernate.SQL - alter table vnfcomponent_connection_point add constraint FK_21155ajf0s32h7d4mn28cwexn foreign key (vnfcomponent_id) references vnfcomponent (id)
14:11:16.525 [Test worker] DEBUG org.hibernate.SQL - alter table vnfddeployment_flavour_costituent_vdu add constraint FK_hw6gb88kt2dbjs8u25gwapsru foreign key (costituent_vdu_id) references costituentvdu (id)
14:11:16.526 [Test worker] DEBUG org.hibernate.SQL - alter table vnfddeployment_flavour_costituent_vdu add constraint FK_gcylr2844f15giub1wmmhh1fm foreign key (vnfddeployment_flavour_id) references vnfddeployment_flavour (id)
14:11:16.526 [Test worker] DEBUG org.hibernate.SQL - alter table vnfddeployment_flavour_df_constraint add constraint FK_fuy3akhfqhl5t30ajvkmngge5 foreign key (vnfddeployment_flavour_id) references vnfddeployment_flavour (id)
14:11:16.527 [Test worker] DEBUG org.hibernate.SQL - alter table vnfdependency add constraint FK_li4tynpk97xteg18bkdrdiiln foreign key (source_Id) references virtual_network_function_descriptor (id)
14:11:16.528 [Test worker] DEBUG org.hibernate.SQL - alter table vnfdependency add constraint FK_swih3hln70vtcqflheejpr4q foreign key (target_Id) references virtual_network_function_descriptor (id)
14:11:16.529 [Test worker] DEBUG org.hibernate.SQL - alter table vnfforwarding_graph add constraint FK_5wjfvxrkgsldqey049q4i2vfr foreign key (vnffgd_security_id) references security (id)
14:11:16.530 [Test worker] DEBUG org.hibernate.SQL - alter table vnfforwarding_graph_connection_point add constraint FK_nhac2v6yf2nlur2jefy3rf1nl foreign key (vnfforwarding_graph_id) references vnfforwarding_graph (id)
14:11:16.531 [Test worker] DEBUG org.hibernate.SQL - alter table vnfforwarding_graph_constituent_vnfs add constraint FK_o7nxvo6yjabmy6uig0rrh64ba foreign key (constituent_vnfs_id) references costituentvnf (id)
14:11:16.532 [Test worker] DEBUG org.hibernate.SQL - alter table vnfforwarding_graph_constituent_vnfs add constraint FK_nv0xnygn47sslxpa9iteg2o7v foreign key (vnfforwarding_graph_id) references vnfforwarding_graph (id)
14:11:16.533 [Test worker] DEBUG org.hibernate.SQL - alter table vnfforwarding_graph_dependent_virtual_link add constraint FK_cf7kv1hweumtp0d3s55guah8l foreign key (dependent_virtual_link_id) references virtual_link_descriptor (id)
14:11:16.533 [Test worker] DEBUG org.hibernate.SQL - alter table vnfforwarding_graph_dependent_virtual_link add constraint FK_jclfs47ub6p8h91ckygvwjmx9 foreign key (vnfforwarding_graph_id) references vnfforwarding_graph (id)
14:11:16.534 [Test worker] DEBUG org.hibernate.SQL - alter table vnfforwarding_graph_network_forwarding_path add constraint FK_eby8p1i7pvleohd3uyt143d8j foreign key (network_forwarding_path_id) references network_forwarding_path (id)
14:11:16.535 [Test worker] DEBUG org.hibernate.SQL - alter table vnfforwarding_graph_network_forwarding_path add constraint FK_1297krpm8dbitcpoff4ycb2mu foreign key (vnfforwarding_graph_id) references vnfforwarding_graph (id)
14:11:16.536 [Test worker] DEBUG org.hibernate.SQL - alter table vnfforwarding_graph_record add constraint FK_3aj4803cm52dcbdp87qcxjq6l foreign key (descriptor_reference_id) references vnfforwarding_graph (id)
14:11:16.537 [Test worker] DEBUG org.hibernate.SQL - alter table vnfforwarding_graph_record add constraint FK_o636wgw1ts5tlis8y7l08dr34 foreign key (network_forwarding_path_id) references network_forwarding_path (id)
14:11:16.538 [Test worker] DEBUG org.hibernate.SQL - alter table vnfforwarding_graph_record add constraint FK_398f47dyk2nlunsi4252broij foreign key (parent_ns_id) references network_service_record (id)
14:11:16.539 [Test worker] DEBUG org.hibernate.SQL - alter table vnfforwarding_graph_record_connection_point add constraint FK_6ylloi8n4jo3udl0uruw745sn foreign key (connection_point_id) references vnfdconnection_point (id)
14:11:16.539 [Test worker] DEBUG org.hibernate.SQL - alter table vnfforwarding_graph_record_connection_point add constraint FK_dp49ouxxp1y9hh09eg4e4rcso foreign key (vnfforwarding_graph_record_id) references vnfforwarding_graph_record (id)
14:11:16.540 [Test worker] DEBUG org.hibernate.SQL - alter table vnfforwarding_graph_record_dependent_virtual_link add constraint FK_12ft43rho1yhh9f0xhr02joqa foreign key (dependent_virtual_link_id) references virtual_link_record (id)
14:11:16.541 [Test worker] DEBUG org.hibernate.SQL - alter table vnfforwarding_graph_record_dependent_virtual_link add constraint FK_c56562j1tft667fd4rop7ui87 foreign key (vnfforwarding_graph_record_id) references vnfforwarding_graph_record (id)
14:11:16.541 [Test worker] DEBUG org.hibernate.SQL - alter table vnfforwarding_graph_record_lifecycle_event_history add constraint FK_m3eps7t949ocklbqyfdxlecic foreign key (lifecycle_event_history_id) references lifecycle_event (id)
14:11:16.542 [Test worker] DEBUG org.hibernate.SQL - alter table vnfforwarding_graph_record_lifecycle_event_history add constraint FK_fsoel8h7wrdc79vv2fywjrrjb foreign key (vnfforwarding_graph_record_id) references vnfforwarding_graph_record (id)
14:11:16.543 [Test worker] DEBUG org.hibernate.SQL - alter table vnfforwarding_graph_record_member_vnfs add constraint FK_98xhyjfyx7ao7ri9hsbwmd0gg foreign key (member_vnfs_id) references virtual_network_function_record (id)
14:11:16.544 [Test worker] DEBUG org.hibernate.SQL - alter table vnfforwarding_graph_record_member_vnfs add constraint FK_n2um818ue5vhs2vn072tfcqux foreign key (vnfforwarding_graph_record_id) references vnfforwarding_graph_record (id)
14:11:16.545 [Test worker] DEBUG org.hibernate.SQL - alter table vnfforwarding_graph_record_notification add constraint FK_pjr5xm5vxfd0ly31mw389707q foreign key (vnfforwarding_graph_record_id) references vnfforwarding_graph_record (id)
14:11:16.545 [Test worker] INFO  o.h.tool.hbm2ddl.SchemaExport - HHH000230: Schema export complete
14:11:16.546 [Test worker] DEBUG org.hibernate.cfg.Configuration - Processing hbm.xml files
14:11:16.546 [Test worker] DEBUG org.hibernate.cfg.Configuration - Process annotated classes
14:11:16.546 [Test worker] DEBUG org.hibernate.cfg.Configuration - Processing fk mappings (*ToOne and JoinedSubclass)
14:11:16.546 [Test worker] DEBUG org.hibernate.cfg.Configuration - Processing extends queue
14:11:16.546 [Test worker] DEBUG org.hibernate.cfg.Configuration - Processing extends queue
14:11:16.546 [Test worker] DEBUG org.hibernate.cfg.Configuration - Processing collection mappings
14:11:16.546 [Test worker] DEBUG org.hibernate.cfg.Configuration - Processing native query and ResultSetMapping mappings
14:11:16.546 [Test worker] DEBUG org.hibernate.cfg.Configuration - Processing association property references
14:11:16.546 [Test worker] DEBUG org.hibernate.cfg.Configuration - Creating tables' unique integer identifiers
14:11:16.546 [Test worker] DEBUG org.hibernate.cfg.Configuration - Processing foreign key constraints
14:11:16.546 [Test worker] DEBUG org.hibernate.cfg.Configuration - Resolving reference to class: org.project.neutrino.nfvo.catalogue.mano.common.AbstractVirtualLink
14:11:16.546 [Test worker] DEBUG org.hibernate.cfg.Configuration - Resolving reference to class: org.project.neutrino.nfvo.catalogue.mano.common.AbstractVirtualLink
14:11:16.546 [Test worker] DEBUG org.hibernate.cfg.Configuration - Resolving reference to class: org.project.neutrino.nfvo.catalogue.mano.descriptor.InternalVirtualLink
14:11:16.546 [Test worker] DEBUG org.hibernate.cfg.Configuration - Resolving reference to class: org.project.neutrino.nfvo.catalogue.mano.common.LifecycleEvent
14:11:16.546 [Test worker] DEBUG org.hibernate.cfg.Configuration - Resolving reference to class: org.project.neutrino.nfvo.catalogue.mano.descriptor.Policy
14:11:16.546 [Test worker] DEBUG org.hibernate.cfg.Configuration - Resolving reference to class: org.project.neutrino.nfvo.catalogue.mano.descriptor.NetworkForwardingPath
14:11:16.546 [Test worker] DEBUG org.hibernate.cfg.Configuration - Resolving reference to class: org.project.neutrino.nfvo.catalogue.mano.common.Security
14:11:16.546 [Test worker] DEBUG org.hibernate.cfg.Configuration - Resolving reference to class: org.project.neutrino.nfvo.catalogue.mano.descriptor.PhysicalNetworkFunctionDescriptor
14:11:16.546 [Test worker] DEBUG org.hibernate.cfg.Configuration - Resolving reference to class: org.project.neutrino.nfvo.catalogue.mano.descriptor.NetworkServiceDescriptor
14:11:16.546 [Test worker] DEBUG org.hibernate.cfg.Configuration - Resolving reference to class: org.project.neutrino.nfvo.catalogue.mano.common.VNFDependency
14:11:16.546 [Test worker] DEBUG org.hibernate.cfg.Configuration - Resolving reference to class: org.project.neutrino.nfvo.catalogue.mano.descriptor.NetworkServiceDescriptor
14:11:16.546 [Test worker] DEBUG org.hibernate.cfg.Configuration - Resolving reference to class: org.project.neutrino.nfvo.catalogue.mano.descriptor.VirtualNetworkFunctionDescriptor
14:11:16.546 [Test worker] DEBUG org.hibernate.cfg.Configuration - Resolving reference to class: org.project.neutrino.nfvo.catalogue.mano.descriptor.NetworkServiceDescriptor
14:11:16.546 [Test worker] DEBUG org.hibernate.cfg.Configuration - Resolving reference to class: org.project.neutrino.nfvo.catalogue.mano.common.NFVEntityDescriptor
14:11:16.546 [Test worker] DEBUG org.hibernate.cfg.Configuration - Resolving reference to class: org.project.neutrino.nfvo.catalogue.mano.common.LifecycleEvent
14:11:16.546 [Test worker] DEBUG org.hibernate.cfg.Configuration - Resolving reference to class: org.project.neutrino.nfvo.catalogue.mano.common.ServiceDeploymentFlavour
14:11:16.546 [Test worker] DEBUG org.hibernate.cfg.Configuration - Resolving reference to class: org.project.neutrino.nfvo.catalogue.mano.record.VirtualNetworkFunctionRecord
14:11:16.546 [Test worker] DEBUG org.hibernate.cfg.Configuration - Resolving reference to class: org.project.neutrino.nfvo.catalogue.mano.common.AutoScalePolicy
14:11:16.546 [Test worker] DEBUG org.hibernate.cfg.Configuration - Resolving reference to class: org.project.neutrino.nfvo.catalogue.mano.record.NetworkServiceRecord
14:11:16.546 [Test worker] DEBUG org.hibernate.cfg.Configuration - Resolving reference to class: org.project.neutrino.nfvo.catalogue.mano.common.ConnectionPoint
14:11:16.546 [Test worker] DEBUG org.hibernate.cfg.Configuration - Resolving reference to class: org.project.neutrino.nfvo.catalogue.mano.record.NetworkServiceRecord
14:11:16.546 [Test worker] DEBUG org.hibernate.cfg.Configuration - Resolving reference to class: org.project.neutrino.nfvo.catalogue.mano.common.LifecycleEvent
14:11:16.546 [Test worker] DEBUG org.hibernate.cfg.Configuration - Resolving reference to class: org.project.neutrino.nfvo.catalogue.mano.record.NetworkServiceRecord
14:11:16.546 [Test worker] DEBUG org.hibernate.cfg.Configuration - Resolving reference to class: org.project.neutrino.nfvo.catalogue.mano.record.NetworkServiceRecord
14:11:16.546 [Test worker] DEBUG org.hibernate.cfg.Configuration - Resolving reference to class: org.project.neutrino.nfvo.catalogue.mano.record.PhysicalNetworkFunctionRecord
14:11:16.546 [Test worker] DEBUG org.hibernate.cfg.Configuration - Resolving reference to class: org.project.neutrino.nfvo.catalogue.mano.record.NetworkServiceRecord
14:11:16.546 [Test worker] DEBUG org.hibernate.cfg.Configuration - Resolving reference to class: org.project.neutrino.nfvo.catalogue.mano.record.VirtualLinkRecord
14:11:16.546 [Test worker] DEBUG org.hibernate.cfg.Configuration - Resolving reference to class: org.project.neutrino.nfvo.catalogue.mano.record.NetworkServiceRecord
14:11:16.546 [Test worker] DEBUG org.hibernate.cfg.Configuration - Resolving reference to class: org.project.neutrino.nfvo.catalogue.mano.common.VNFDependency
14:11:16.546 [Test worker] DEBUG org.hibernate.cfg.Configuration - Resolving reference to class: org.project.neutrino.nfvo.catalogue.mano.record.NetworkServiceRecord
14:11:16.546 [Test worker] DEBUG org.hibernate.cfg.Configuration - Resolving reference to class: org.project.neutrino.nfvo.catalogue.mano.descriptor.VNFForwardingGraph
14:11:16.546 [Test worker] DEBUG org.hibernate.cfg.Configuration - Resolving reference to class: org.project.neutrino.nfvo.catalogue.mano.record.NetworkServiceRecord
14:11:16.546 [Test worker] DEBUG org.hibernate.cfg.Configuration - Resolving reference to class: org.project.neutrino.nfvo.catalogue.mano.common.AutoScalePolicy
14:11:16.546 [Test worker] DEBUG org.hibernate.cfg.Configuration - Resolving reference to class: org.project.neutrino.nfvo.catalogue.mano.common.NFVEntityDescriptor
14:11:16.546 [Test worker] DEBUG org.hibernate.cfg.Configuration - Resolving reference to class: org.project.neutrino.nfvo.catalogue.mano.common.ConnectionPoint
14:11:16.546 [Test worker] DEBUG org.hibernate.cfg.Configuration - Resolving reference to class: org.project.neutrino.nfvo.catalogue.mano.common.NFVEntityDescriptor
14:11:16.546 [Test worker] DEBUG org.hibernate.cfg.Configuration - Resolving reference to class: org.project.neutrino.nfvo.catalogue.mano.common.LifecycleEvent
14:11:16.546 [Test worker] DEBUG org.hibernate.cfg.Configuration - Resolving reference to class: org.project.neutrino.nfvo.catalogue.mano.common.NFVEntityDescriptor
14:11:16.546 [Test worker] DEBUG org.hibernate.cfg.Configuration - Resolving reference to class: org.project.neutrino.nfvo.catalogue.mano.common.NFVEntityDescriptor
14:11:16.546 [Test worker] DEBUG org.hibernate.cfg.Configuration - Resolving reference to class: org.project.neutrino.nfvo.catalogue.mano.common.DeploymentFlavour
14:11:16.546 [Test worker] DEBUG org.hibernate.cfg.Configuration - Resolving reference to class: org.project.neutrino.nfvo.catalogue.mano.common.NFVEntityDescriptor
14:11:16.546 [Test worker] DEBUG org.hibernate.cfg.Configuration - Resolving reference to class: org.project.neutrino.nfvo.catalogue.mano.descriptor.VirtualLinkDescriptor
14:11:16.546 [Test worker] DEBUG org.hibernate.cfg.Configuration - Resolving reference to class: org.project.neutrino.nfvo.catalogue.mano.common.NFVEntityDescriptor
14:11:16.546 [Test worker] DEBUG org.hibernate.cfg.Configuration - Resolving reference to class: org.project.neutrino.nfvo.catalogue.mano.descriptor.VNFForwardingGraph
14:11:16.546 [Test worker] DEBUG org.hibernate.cfg.Configuration - Resolving reference to class: org.project.neutrino.nfvo.catalogue.mano.common.NFVEntityDescriptor
14:11:16.546 [Test worker] DEBUG org.hibernate.cfg.Configuration - Resolving reference to class: org.project.neutrino.nfvo.catalogue.mano.common.Security
14:11:16.546 [Test worker] DEBUG org.hibernate.cfg.Configuration - Resolving reference to class: org.project.neutrino.nfvo.catalogue.mano.common.ConnectionPoint
14:11:16.546 [Test worker] DEBUG org.hibernate.cfg.Configuration - Resolving reference to class: org.project.neutrino.nfvo.catalogue.mano.descriptor.PhysicalNetworkFunctionDescriptor
14:11:16.546 [Test worker] DEBUG org.hibernate.cfg.Configuration - Resolving reference to class: org.project.neutrino.nfvo.catalogue.mano.descriptor.PhysicalNetworkFunctionDescriptor
14:11:16.546 [Test worker] DEBUG org.hibernate.cfg.Configuration - Resolving reference to class: org.project.neutrino.nfvo.catalogue.mano.record.NetworkServiceRecord
14:11:16.546 [Test worker] DEBUG org.hibernate.cfg.Configuration - Resolving reference to class: org.project.neutrino.nfvo.catalogue.mano.record.VirtualLinkRecord
14:11:16.546 [Test worker] DEBUG org.hibernate.cfg.Configuration - Resolving reference to class: org.project.neutrino.nfvo.catalogue.mano.record.PhysicalNetworkFunctionRecord
14:11:16.546 [Test worker] DEBUG org.hibernate.cfg.Configuration - Resolving reference to class: org.project.neutrino.nfvo.catalogue.mano.common.ConnectionPoint
14:11:16.546 [Test worker] DEBUG org.hibernate.cfg.Configuration - Resolving reference to class: org.project.neutrino.nfvo.catalogue.mano.record.PhysicalNetworkFunctionRecord
14:11:16.546 [Test worker] DEBUG org.hibernate.cfg.Configuration - Resolving reference to class: org.project.neutrino.nfvo.catalogue.mano.record.PhysicalNetworkFunctionRecord
14:11:16.546 [Test worker] DEBUG org.hibernate.cfg.Configuration - Resolving reference to class: org.project.neutrino.nfvo.catalogue.mano.record.VNFForwardingGraphRecord
14:11:16.546 [Test worker] DEBUG org.hibernate.cfg.Configuration - Resolving reference to class: org.project.neutrino.nfvo.catalogue.mano.record.PhysicalNetworkFunctionRecord
14:11:16.546 [Test worker] DEBUG org.hibernate.cfg.Configuration - Resolving reference to class: org.project.neutrino.nfvo.catalogue.mano.common.CostituentVNF
14:11:16.546 [Test worker] DEBUG org.hibernate.cfg.Configuration - Resolving reference to class: org.project.neutrino.nfvo.catalogue.mano.common.ServiceDeploymentFlavour
14:11:16.546 [Test worker] DEBUG org.hibernate.cfg.Configuration - Resolving reference to class: org.project.neutrino.nfvo.catalogue.mano.descriptor.VirtualDeploymentUnit
14:11:16.546 [Test worker] DEBUG org.hibernate.cfg.Configuration - Resolving reference to class: org.project.neutrino.nfvo.catalogue.mano.descriptor.VirtualDeploymentUnit
14:11:16.546 [Test worker] DEBUG org.hibernate.cfg.Configuration - Resolving reference to class: org.project.neutrino.nfvo.catalogue.mano.common.LifecycleEvent
14:11:16.546 [Test worker] DEBUG org.hibernate.cfg.Configuration - Resolving reference to class: org.project.neutrino.nfvo.catalogue.mano.descriptor.VirtualDeploymentUnit
14:11:16.546 [Test worker] DEBUG org.hibernate.cfg.Configuration - Resolving reference to class: org.project.neutrino.nfvo.catalogue.mano.descriptor.VirtualDeploymentUnit
14:11:16.546 [Test worker] DEBUG org.hibernate.cfg.Configuration - Resolving reference to class: org.project.neutrino.nfvo.catalogue.mano.descriptor.VirtualDeploymentUnit
14:11:16.546 [Test worker] DEBUG org.hibernate.cfg.Configuration - Resolving reference to class: org.project.neutrino.nfvo.catalogue.mano.descriptor.VNFComponent
14:11:16.546 [Test worker] DEBUG org.hibernate.cfg.Configuration - Resolving reference to class: org.project.neutrino.nfvo.catalogue.mano.descriptor.VirtualDeploymentUnit
14:11:16.546 [Test worker] DEBUG org.hibernate.cfg.Configuration - Resolving reference to class: org.project.neutrino.nfvo.catalogue.mano.common.Security
14:11:16.546 [Test worker] DEBUG org.hibernate.cfg.Configuration - Resolving reference to class: org.project.neutrino.nfvo.catalogue.mano.descriptor.VirtualLinkDescriptor
14:11:16.546 [Test worker] DEBUG org.hibernate.cfg.Configuration - Resolving reference to class: org.project.neutrino.nfvo.catalogue.mano.record.VirtualLinkRecord
14:11:16.546 [Test worker] DEBUG org.hibernate.cfg.Configuration - Resolving reference to class: org.project.neutrino.nfvo.catalogue.mano.record.VirtualLinkRecord
14:11:16.546 [Test worker] DEBUG org.hibernate.cfg.Configuration - Resolving reference to class: org.project.neutrino.nfvo.catalogue.mano.record.VirtualLinkRecord
14:11:16.546 [Test worker] DEBUG org.hibernate.cfg.Configuration - Resolving reference to class: org.project.neutrino.nfvo.catalogue.mano.common.LifecycleEvent
14:11:16.546 [Test worker] DEBUG org.hibernate.cfg.Configuration - Resolving reference to class: org.project.neutrino.nfvo.catalogue.mano.record.VirtualLinkRecord
14:11:16.546 [Test worker] DEBUG org.hibernate.cfg.Configuration - Resolving reference to class: org.project.neutrino.nfvo.catalogue.mano.record.VirtualLinkRecord
14:11:16.546 [Test worker] DEBUG org.hibernate.cfg.Configuration - Resolving reference to class: org.project.neutrino.nfvo.catalogue.mano.record.VirtualLinkRecord
14:11:16.546 [Test worker] DEBUG org.hibernate.cfg.Configuration - Resolving reference to class: org.project.neutrino.nfvo.catalogue.mano.record.VNFForwardingGraphRecord
14:11:16.546 [Test worker] DEBUG org.hibernate.cfg.Configuration - Resolving reference to class: org.project.neutrino.nfvo.catalogue.mano.record.VirtualLinkRecord
14:11:16.546 [Test worker] DEBUG org.hibernate.cfg.Configuration - Resolving reference to class: org.project.neutrino.nfvo.catalogue.mano.descriptor.VNFDDeploymentFlavour
14:11:16.546 [Test worker] DEBUG org.hibernate.cfg.Configuration - Resolving reference to class: org.project.neutrino.nfvo.catalogue.mano.descriptor.VirtualNetworkFunctionDescriptor
14:11:16.546 [Test worker] DEBUG org.hibernate.cfg.Configuration - Resolving reference to class: org.project.neutrino.nfvo.catalogue.mano.common.Security
14:11:16.546 [Test worker] DEBUG org.hibernate.cfg.Configuration - Resolving reference to class: org.project.neutrino.nfvo.catalogue.mano.descriptor.VirtualNetworkFunctionDescriptor
14:11:16.546 [Test worker] DEBUG org.hibernate.cfg.Configuration - Resolving reference to class: org.project.neutrino.nfvo.catalogue.mano.descriptor.VirtualDeploymentUnit
14:11:16.546 [Test worker] DEBUG org.hibernate.cfg.Configuration - Resolving reference to class: org.project.neutrino.nfvo.catalogue.mano.descriptor.VirtualNetworkFunctionDescriptor
14:11:16.546 [Test worker] DEBUG org.hibernate.cfg.Configuration - Resolving reference to class: org.project.neutrino.nfvo.catalogue.mano.descriptor.VDUDependency
14:11:16.546 [Test worker] DEBUG org.hibernate.cfg.Configuration - Resolving reference to class: org.project.neutrino.nfvo.catalogue.mano.descriptor.VirtualNetworkFunctionDescriptor
14:11:16.546 [Test worker] DEBUG org.hibernate.cfg.Configuration - Resolving reference to class: org.project.neutrino.nfvo.catalogue.mano.descriptor.InternalVirtualLink
14:11:16.546 [Test worker] DEBUG org.hibernate.cfg.Configuration - Resolving reference to class: org.project.neutrino.nfvo.catalogue.mano.descriptor.VirtualNetworkFunctionDescriptor
14:11:16.546 [Test worker] DEBUG org.hibernate.cfg.Configuration - Resolving reference to class: org.project.neutrino.nfvo.catalogue.mano.descriptor.VNFDDeploymentFlavour
14:11:16.546 [Test worker] DEBUG org.hibernate.cfg.Configuration - Resolving reference to class: org.project.neutrino.nfvo.catalogue.mano.common.LifecycleEvent
14:11:16.546 [Test worker] DEBUG org.hibernate.cfg.Configuration - Resolving reference to class: org.project.neutrino.nfvo.catalogue.mano.record.NetworkServiceRecord
14:11:16.546 [Test worker] DEBUG org.hibernate.cfg.Configuration - Resolving reference to class: org.project.neutrino.nfvo.catalogue.mano.common.AutoScalePolicy
14:11:16.546 [Test worker] DEBUG org.hibernate.cfg.Configuration - Resolving reference to class: org.project.neutrino.nfvo.catalogue.mano.record.VirtualNetworkFunctionRecord
14:11:16.546 [Test worker] DEBUG org.hibernate.cfg.Configuration - Resolving reference to class: org.project.neutrino.nfvo.catalogue.mano.record.VirtualLinkRecord
14:11:16.546 [Test worker] DEBUG org.hibernate.cfg.Configuration - Resolving reference to class: org.project.neutrino.nfvo.catalogue.mano.record.VirtualNetworkFunctionRecord
14:11:16.546 [Test worker] DEBUG org.hibernate.cfg.Configuration - Resolving reference to class: org.project.neutrino.nfvo.catalogue.mano.common.ConnectionPoint
14:11:16.546 [Test worker] DEBUG org.hibernate.cfg.Configuration - Resolving reference to class: org.project.neutrino.nfvo.catalogue.mano.record.VirtualNetworkFunctionRecord
14:11:16.546 [Test worker] DEBUG org.hibernate.cfg.Configuration - Resolving reference to class: org.project.neutrino.nfvo.catalogue.mano.common.VNFDependency
14:11:16.546 [Test worker] DEBUG org.hibernate.cfg.Configuration - Resolving reference to class: org.project.neutrino.nfvo.catalogue.mano.record.VirtualNetworkFunctionRecord
14:11:16.546 [Test worker] DEBUG org.hibernate.cfg.Configuration - Resolving reference to class: org.project.neutrino.nfvo.catalogue.mano.common.LifecycleEvent
14:11:16.546 [Test worker] DEBUG org.hibernate.cfg.Configuration - Resolving reference to class: org.project.neutrino.nfvo.catalogue.mano.record.VirtualNetworkFunctionRecord
14:11:16.546 [Test worker] DEBUG org.hibernate.cfg.Configuration - Resolving reference to class: org.project.neutrino.nfvo.catalogue.mano.record.VirtualNetworkFunctionRecord
14:11:16.546 [Test worker] DEBUG org.hibernate.cfg.Configuration - Resolving reference to class: org.project.neutrino.nfvo.catalogue.mano.record.VirtualNetworkFunctionRecord
14:11:16.546 [Test worker] DEBUG org.hibernate.cfg.Configuration - Resolving reference to class: org.project.neutrino.nfvo.catalogue.mano.record.VirtualNetworkFunctionRecord
14:11:16.546 [Test worker] DEBUG org.hibernate.cfg.Configuration - Resolving reference to class: org.project.neutrino.nfvo.catalogue.mano.descriptor.VirtualDeploymentUnit
14:11:16.546 [Test worker] DEBUG org.hibernate.cfg.Configuration - Resolving reference to class: org.project.neutrino.nfvo.catalogue.mano.record.VirtualNetworkFunctionRecord
14:11:16.546 [Test worker] DEBUG org.hibernate.cfg.Configuration - Resolving reference to class: org.project.neutrino.nfvo.catalogue.mano.descriptor.InternalVirtualLink
14:11:16.546 [Test worker] DEBUG org.hibernate.cfg.Configuration - Resolving reference to class: org.project.neutrino.nfvo.catalogue.mano.record.VirtualNetworkFunctionRecord
14:11:16.546 [Test worker] DEBUG org.hibernate.cfg.Configuration - Resolving reference to class: org.project.neutrino.nfvo.catalogue.mano.record.VirtualNetworkFunctionRecord
14:11:16.546 [Test worker] DEBUG org.hibernate.cfg.Configuration - Resolving reference to class: org.project.neutrino.nfvo.catalogue.mano.descriptor.VNFDConnectionPoint
14:11:16.546 [Test worker] DEBUG org.hibernate.cfg.Configuration - Resolving reference to class: org.project.neutrino.nfvo.catalogue.mano.descriptor.VNFComponent
14:11:16.546 [Test worker] DEBUG org.hibernate.cfg.Configuration - Resolving reference to class: org.project.neutrino.nfvo.catalogue.mano.common.CostituentVDU
14:11:16.546 [Test worker] DEBUG org.hibernate.cfg.Configuration - Resolving reference to class: org.project.neutrino.nfvo.catalogue.mano.descriptor.VNFDDeploymentFlavour
14:11:16.546 [Test worker] DEBUG org.hibernate.cfg.Configuration - Resolving reference to class: org.project.neutrino.nfvo.catalogue.mano.descriptor.VNFDDeploymentFlavour
14:11:16.546 [Test worker] DEBUG org.hibernate.cfg.Configuration - Resolving reference to class: org.project.neutrino.nfvo.catalogue.mano.descriptor.VirtualNetworkFunctionDescriptor
14:11:16.546 [Test worker] DEBUG org.hibernate.cfg.Configuration - Resolving reference to class: org.project.neutrino.nfvo.catalogue.mano.descriptor.VirtualNetworkFunctionDescriptor
14:11:16.546 [Test worker] DEBUG org.hibernate.cfg.Configuration - Resolving reference to class: org.project.neutrino.nfvo.catalogue.mano.common.Security
14:11:16.546 [Test worker] DEBUG org.hibernate.cfg.Configuration - Resolving reference to class: org.project.neutrino.nfvo.catalogue.mano.common.ConnectionPoint
14:11:16.546 [Test worker] DEBUG org.hibernate.cfg.Configuration - Resolving reference to class: org.project.neutrino.nfvo.catalogue.mano.descriptor.VNFForwardingGraph
14:11:16.546 [Test worker] DEBUG org.hibernate.cfg.Configuration - Resolving reference to class: org.project.neutrino.nfvo.catalogue.mano.common.CostituentVNF
14:11:16.546 [Test worker] DEBUG org.hibernate.cfg.Configuration - Resolving reference to class: org.project.neutrino.nfvo.catalogue.mano.descriptor.VNFForwardingGraph
14:11:16.547 [Test worker] DEBUG org.hibernate.cfg.Configuration - Resolving reference to class: org.project.neutrino.nfvo.catalogue.mano.descriptor.VirtualLinkDescriptor
14:11:16.547 [Test worker] DEBUG org.hibernate.cfg.Configuration - Resolving reference to class: org.project.neutrino.nfvo.catalogue.mano.descriptor.VNFForwardingGraph
14:11:16.547 [Test worker] DEBUG org.hibernate.cfg.Configuration - Resolving reference to class: org.project.neutrino.nfvo.catalogue.mano.descriptor.NetworkForwardingPath
14:11:16.547 [Test worker] DEBUG org.hibernate.cfg.Configuration - Resolving reference to class: org.project.neutrino.nfvo.catalogue.mano.descriptor.VNFForwardingGraph
14:11:16.547 [Test worker] DEBUG org.hibernate.cfg.Configuration - Resolving reference to class: org.project.neutrino.nfvo.catalogue.mano.descriptor.VNFForwardingGraph
14:11:16.547 [Test worker] DEBUG org.hibernate.cfg.Configuration - Resolving reference to class: org.project.neutrino.nfvo.catalogue.mano.descriptor.NetworkForwardingPath
14:11:16.547 [Test worker] DEBUG org.hibernate.cfg.Configuration - Resolving reference to class: org.project.neutrino.nfvo.catalogue.mano.record.NetworkServiceRecord
14:11:16.547 [Test worker] DEBUG org.hibernate.cfg.Configuration - Resolving reference to class: org.project.neutrino.nfvo.catalogue.mano.descriptor.VNFDConnectionPoint
14:11:16.547 [Test worker] DEBUG org.hibernate.cfg.Configuration - Resolving reference to class: org.project.neutrino.nfvo.catalogue.mano.record.VNFForwardingGraphRecord
14:11:16.547 [Test worker] DEBUG org.hibernate.cfg.Configuration - Resolving reference to class: org.project.neutrino.nfvo.catalogue.mano.record.VirtualLinkRecord
14:11:16.547 [Test worker] DEBUG org.hibernate.cfg.Configuration - Resolving reference to class: org.project.neutrino.nfvo.catalogue.mano.record.VNFForwardingGraphRecord
14:11:16.547 [Test worker] DEBUG org.hibernate.cfg.Configuration - Resolving reference to class: org.project.neutrino.nfvo.catalogue.mano.common.LifecycleEvent
14:11:16.547 [Test worker] DEBUG org.hibernate.cfg.Configuration - Resolving reference to class: org.project.neutrino.nfvo.catalogue.mano.record.VNFForwardingGraphRecord
14:11:16.547 [Test worker] DEBUG org.hibernate.cfg.Configuration - Resolving reference to class: org.project.neutrino.nfvo.catalogue.mano.record.VirtualNetworkFunctionRecord
14:11:16.547 [Test worker] DEBUG org.hibernate.cfg.Configuration - Resolving reference to class: org.project.neutrino.nfvo.catalogue.mano.record.VNFForwardingGraphRecord
14:11:16.547 [Test worker] DEBUG org.hibernate.cfg.Configuration - Resolving reference to class: org.project.neutrino.nfvo.catalogue.mano.record.VNFForwardingGraphRecord
14:11:16.547 [Test worker] DEBUG o.h.i.f.i.DefaultIdentifierGeneratorFactory - Setting dialect [org.hibernate.dialect.MySQL5Dialect]
14:11:16.547 [Test worker] DEBUG o.h.i.f.i.DefaultIdentifierGeneratorFactory - Setting dialect [org.hibernate.dialect.MySQL5Dialect]
14:11:16.547 [Test worker] DEBUG o.h.i.f.i.DefaultIdentifierGeneratorFactory - Setting dialect [org.hibernate.dialect.MySQL5Dialect]
14:11:16.547 [Test worker] DEBUG o.h.i.f.i.DefaultIdentifierGeneratorFactory - Setting dialect [org.hibernate.dialect.MySQL5Dialect]
14:11:16.547 [Test worker] DEBUG o.h.i.f.i.DefaultIdentifierGeneratorFactory - Setting dialect [org.hibernate.dialect.MySQL5Dialect]
14:11:16.547 [Test worker] DEBUG o.h.i.f.i.DefaultIdentifierGeneratorFactory - Setting dialect [org.hibernate.dialect.MySQL5Dialect]
14:11:16.547 [Test worker] DEBUG o.h.i.f.i.DefaultIdentifierGeneratorFactory - Setting dialect [org.hibernate.dialect.MySQL5Dialect]
14:11:16.547 [Test worker] DEBUG o.h.i.f.i.DefaultIdentifierGeneratorFactory - Setting dialect [org.hibernate.dialect.MySQL5Dialect]
14:11:16.547 [Test worker] DEBUG o.h.i.f.i.DefaultIdentifierGeneratorFactory - Setting dialect [org.hibernate.dialect.MySQL5Dialect]
14:11:16.547 [Test worker] DEBUG o.h.i.f.i.DefaultIdentifierGeneratorFactory - Setting dialect [org.hibernate.dialect.MySQL5Dialect]
14:11:16.547 [Test worker] DEBUG o.h.i.f.i.DefaultIdentifierGeneratorFactory - Setting dialect [org.hibernate.dialect.MySQL5Dialect]
14:11:16.547 [Test worker] DEBUG o.h.i.f.i.DefaultIdentifierGeneratorFactory - Setting dialect [org.hibernate.dialect.MySQL5Dialect]
14:11:16.548 [Test worker] DEBUG o.h.i.f.i.DefaultIdentifierGeneratorFactory - Setting dialect [org.hibernate.dialect.MySQL5Dialect]
14:11:16.548 [Test worker] DEBUG o.h.i.f.i.DefaultIdentifierGeneratorFactory - Setting dialect [org.hibernate.dialect.MySQL5Dialect]
14:11:16.548 [Test worker] DEBUG o.h.i.f.i.DefaultIdentifierGeneratorFactory - Setting dialect [org.hibernate.dialect.MySQL5Dialect]
14:11:16.548 [Test worker] DEBUG o.h.i.f.i.DefaultIdentifierGeneratorFactory - Setting dialect [org.hibernate.dialect.MySQL5Dialect]
14:11:16.548 [Test worker] DEBUG o.h.i.f.i.DefaultIdentifierGeneratorFactory - Setting dialect [org.hibernate.dialect.MySQL5Dialect]
14:11:16.548 [Test worker] DEBUG o.h.i.f.i.DefaultIdentifierGeneratorFactory - Setting dialect [org.hibernate.dialect.MySQL5Dialect]
14:11:16.548 [Test worker] DEBUG o.h.i.f.i.DefaultIdentifierGeneratorFactory - Setting dialect [org.hibernate.dialect.MySQL5Dialect]
14:11:16.548 [Test worker] DEBUG o.h.i.f.i.DefaultIdentifierGeneratorFactory - Setting dialect [org.hibernate.dialect.MySQL5Dialect]
14:11:16.548 [Test worker] DEBUG o.h.i.f.i.DefaultIdentifierGeneratorFactory - Setting dialect [org.hibernate.dialect.MySQL5Dialect]
14:11:16.548 [Test worker] DEBUG o.h.i.f.i.DefaultIdentifierGeneratorFactory - Setting dialect [org.hibernate.dialect.MySQL5Dialect]
14:11:16.548 [Test worker] DEBUG org.hibernate.cfg.Configuration - Processing hbm.xml files
14:11:16.548 [Test worker] DEBUG org.hibernate.cfg.Configuration - Process annotated classes
14:11:16.548 [Test worker] DEBUG org.hibernate.cfg.Configuration - Processing fk mappings (*ToOne and JoinedSubclass)
14:11:16.548 [Test worker] DEBUG org.hibernate.cfg.Configuration - Processing extends queue
14:11:16.548 [Test worker] DEBUG org.hibernate.cfg.Configuration - Processing extends queue
14:11:16.548 [Test worker] DEBUG org.hibernate.cfg.Configuration - Processing collection mappings
14:11:16.548 [Test worker] DEBUG org.hibernate.cfg.Configuration - Processing native query and ResultSetMapping mappings
14:11:16.548 [Test worker] DEBUG org.hibernate.cfg.Configuration - Processing association property references
14:11:16.548 [Test worker] DEBUG org.hibernate.cfg.Configuration - Creating tables' unique integer identifiers
14:11:16.548 [Test worker] DEBUG org.hibernate.cfg.Configuration - Processing foreign key constraints
14:11:16.549 [Test worker] DEBUG org.hibernate.cfg.Configuration - Resolving reference to class: org.project.neutrino.nfvo.catalogue.mano.common.AbstractVirtualLink
14:11:16.549 [Test worker] DEBUG org.hibernate.cfg.Configuration - Resolving reference to class: org.project.neutrino.nfvo.catalogue.mano.common.AbstractVirtualLink
14:11:16.549 [Test worker] DEBUG org.hibernate.cfg.Configuration - Resolving reference to class: org.project.neutrino.nfvo.catalogue.mano.descriptor.InternalVirtualLink
14:11:16.549 [Test worker] DEBUG org.hibernate.cfg.Configuration - Resolving reference to class: org.project.neutrino.nfvo.catalogue.mano.common.LifecycleEvent
14:11:16.549 [Test worker] DEBUG org.hibernate.cfg.Configuration - Resolving reference to class: org.project.neutrino.nfvo.catalogue.mano.descriptor.Policy
14:11:16.549 [Test worker] DEBUG org.hibernate.cfg.Configuration - Resolving reference to class: org.project.neutrino.nfvo.catalogue.mano.descriptor.NetworkForwardingPath
14:11:16.549 [Test worker] DEBUG org.hibernate.cfg.Configuration - Resolving reference to class: org.project.neutrino.nfvo.catalogue.mano.common.Security
14:11:16.549 [Test worker] DEBUG org.hibernate.cfg.Configuration - Resolving reference to class: org.project.neutrino.nfvo.catalogue.mano.descriptor.PhysicalNetworkFunctionDescriptor
14:11:16.549 [Test worker] DEBUG org.hibernate.cfg.Configuration - Resolving reference to class: org.project.neutrino.nfvo.catalogue.mano.descriptor.NetworkServiceDescriptor
14:11:16.549 [Test worker] DEBUG org.hibernate.cfg.Configuration - Resolving reference to class: org.project.neutrino.nfvo.catalogue.mano.common.VNFDependency
14:11:16.549 [Test worker] DEBUG org.hibernate.cfg.Configuration - Resolving reference to class: org.project.neutrino.nfvo.catalogue.mano.descriptor.NetworkServiceDescriptor
14:11:16.549 [Test worker] DEBUG org.hibernate.cfg.Configuration - Resolving reference to class: org.project.neutrino.nfvo.catalogue.mano.descriptor.VirtualNetworkFunctionDescriptor
14:11:16.549 [Test worker] DEBUG org.hibernate.cfg.Configuration - Resolving reference to class: org.project.neutrino.nfvo.catalogue.mano.descriptor.NetworkServiceDescriptor
14:11:16.549 [Test worker] DEBUG org.hibernate.cfg.Configuration - Resolving reference to class: org.project.neutrino.nfvo.catalogue.mano.common.NFVEntityDescriptor
14:11:16.549 [Test worker] DEBUG org.hibernate.cfg.Configuration - Resolving reference to class: org.project.neutrino.nfvo.catalogue.mano.common.LifecycleEvent
14:11:16.549 [Test worker] DEBUG org.hibernate.cfg.Configuration - Resolving reference to class: org.project.neutrino.nfvo.catalogue.mano.common.ServiceDeploymentFlavour
14:11:16.549 [Test worker] DEBUG org.hibernate.cfg.Configuration - Resolving reference to class: org.project.neutrino.nfvo.catalogue.mano.record.VirtualNetworkFunctionRecord
14:11:16.549 [Test worker] DEBUG org.hibernate.cfg.Configuration - Resolving reference to class: org.project.neutrino.nfvo.catalogue.mano.common.AutoScalePolicy
14:11:16.549 [Test worker] DEBUG org.hibernate.cfg.Configuration - Resolving reference to class: org.project.neutrino.nfvo.catalogue.mano.record.NetworkServiceRecord
14:11:16.549 [Test worker] DEBUG org.hibernate.cfg.Configuration - Resolving reference to class: org.project.neutrino.nfvo.catalogue.mano.common.ConnectionPoint
14:11:16.549 [Test worker] DEBUG org.hibernate.cfg.Configuration - Resolving reference to class: org.project.neutrino.nfvo.catalogue.mano.record.NetworkServiceRecord
14:11:16.549 [Test worker] DEBUG org.hibernate.cfg.Configuration - Resolving reference to class: org.project.neutrino.nfvo.catalogue.mano.common.LifecycleEvent
14:11:16.549 [Test worker] DEBUG org.hibernate.cfg.Configuration - Resolving reference to class: org.project.neutrino.nfvo.catalogue.mano.record.NetworkServiceRecord
14:11:16.549 [Test worker] DEBUG org.hibernate.cfg.Configuration - Resolving reference to class: org.project.neutrino.nfvo.catalogue.mano.record.NetworkServiceRecord
14:11:16.549 [Test worker] DEBUG org.hibernate.cfg.Configuration - Resolving reference to class: org.project.neutrino.nfvo.catalogue.mano.record.PhysicalNetworkFunctionRecord
14:11:16.549 [Test worker] DEBUG org.hibernate.cfg.Configuration - Resolving reference to class: org.project.neutrino.nfvo.catalogue.mano.record.NetworkServiceRecord
14:11:16.549 [Test worker] DEBUG org.hibernate.cfg.Configuration - Resolving reference to class: org.project.neutrino.nfvo.catalogue.mano.record.VirtualLinkRecord
14:11:16.549 [Test worker] DEBUG org.hibernate.cfg.Configuration - Resolving reference to class: org.project.neutrino.nfvo.catalogue.mano.record.NetworkServiceRecord
14:11:16.549 [Test worker] DEBUG org.hibernate.cfg.Configuration - Resolving reference to class: org.project.neutrino.nfvo.catalogue.mano.common.VNFDependency
14:11:16.549 [Test worker] DEBUG org.hibernate.cfg.Configuration - Resolving reference to class: org.project.neutrino.nfvo.catalogue.mano.record.NetworkServiceRecord
14:11:16.549 [Test worker] DEBUG org.hibernate.cfg.Configuration - Resolving reference to class: org.project.neutrino.nfvo.catalogue.mano.descriptor.VNFForwardingGraph
14:11:16.549 [Test worker] DEBUG org.hibernate.cfg.Configuration - Resolving reference to class: org.project.neutrino.nfvo.catalogue.mano.record.NetworkServiceRecord
14:11:16.549 [Test worker] DEBUG org.hibernate.cfg.Configuration - Resolving reference to class: org.project.neutrino.nfvo.catalogue.mano.common.AutoScalePolicy
14:11:16.549 [Test worker] DEBUG org.hibernate.cfg.Configuration - Resolving reference to class: org.project.neutrino.nfvo.catalogue.mano.common.NFVEntityDescriptor
14:11:16.549 [Test worker] DEBUG org.hibernate.cfg.Configuration - Resolving reference to class: org.project.neutrino.nfvo.catalogue.mano.common.ConnectionPoint
14:11:16.549 [Test worker] DEBUG org.hibernate.cfg.Configuration - Resolving reference to class: org.project.neutrino.nfvo.catalogue.mano.common.NFVEntityDescriptor
14:11:16.549 [Test worker] DEBUG org.hibernate.cfg.Configuration - Resolving reference to class: org.project.neutrino.nfvo.catalogue.mano.common.LifecycleEvent
14:11:16.549 [Test worker] DEBUG org.hibernate.cfg.Configuration - Resolving reference to class: org.project.neutrino.nfvo.catalogue.mano.common.NFVEntityDescriptor
14:11:16.549 [Test worker] DEBUG org.hibernate.cfg.Configuration - Resolving reference to class: org.project.neutrino.nfvo.catalogue.mano.common.NFVEntityDescriptor
14:11:16.549 [Test worker] DEBUG org.hibernate.cfg.Configuration - Resolving reference to class: org.project.neutrino.nfvo.catalogue.mano.common.DeploymentFlavour
14:11:16.549 [Test worker] DEBUG org.hibernate.cfg.Configuration - Resolving reference to class: org.project.neutrino.nfvo.catalogue.mano.common.NFVEntityDescriptor
14:11:16.549 [Test worker] DEBUG org.hibernate.cfg.Configuration - Resolving reference to class: org.project.neutrino.nfvo.catalogue.mano.descriptor.VirtualLinkDescriptor
14:11:16.549 [Test worker] DEBUG org.hibernate.cfg.Configuration - Resolving reference to class: org.project.neutrino.nfvo.catalogue.mano.common.NFVEntityDescriptor
14:11:16.550 [Test worker] DEBUG org.hibernate.cfg.Configuration - Resolving reference to class: org.project.neutrino.nfvo.catalogue.mano.descriptor.VNFForwardingGraph
14:11:16.550 [Test worker] DEBUG org.hibernate.cfg.Configuration - Resolving reference to class: org.project.neutrino.nfvo.catalogue.mano.common.NFVEntityDescriptor
14:11:16.550 [Test worker] DEBUG org.hibernate.cfg.Configuration - Resolving reference to class: org.project.neutrino.nfvo.catalogue.mano.common.Security
14:11:16.550 [Test worker] DEBUG org.hibernate.cfg.Configuration - Resolving reference to class: org.project.neutrino.nfvo.catalogue.mano.common.ConnectionPoint
14:11:16.550 [Test worker] DEBUG org.hibernate.cfg.Configuration - Resolving reference to class: org.project.neutrino.nfvo.catalogue.mano.descriptor.PhysicalNetworkFunctionDescriptor
14:11:16.550 [Test worker] DEBUG org.hibernate.cfg.Configuration - Resolving reference to class: org.project.neutrino.nfvo.catalogue.mano.descriptor.PhysicalNetworkFunctionDescriptor
14:11:16.550 [Test worker] DEBUG org.hibernate.cfg.Configuration - Resolving reference to class: org.project.neutrino.nfvo.catalogue.mano.record.NetworkServiceRecord
14:11:16.550 [Test worker] DEBUG org.hibernate.cfg.Configuration - Resolving reference to class: org.project.neutrino.nfvo.catalogue.mano.record.VirtualLinkRecord
14:11:16.550 [Test worker] DEBUG org.hibernate.cfg.Configuration - Resolving reference to class: org.project.neutrino.nfvo.catalogue.mano.record.PhysicalNetworkFunctionRecord
14:11:16.550 [Test worker] DEBUG org.hibernate.cfg.Configuration - Resolving reference to class: org.project.neutrino.nfvo.catalogue.mano.common.ConnectionPoint
14:11:16.550 [Test worker] DEBUG org.hibernate.cfg.Configuration - Resolving reference to class: org.project.neutrino.nfvo.catalogue.mano.record.PhysicalNetworkFunctionRecord
14:11:16.550 [Test worker] DEBUG org.hibernate.cfg.Configuration - Resolving reference to class: org.project.neutrino.nfvo.catalogue.mano.record.PhysicalNetworkFunctionRecord
14:11:16.550 [Test worker] DEBUG org.hibernate.cfg.Configuration - Resolving reference to class: org.project.neutrino.nfvo.catalogue.mano.record.VNFForwardingGraphRecord
14:11:16.550 [Test worker] DEBUG org.hibernate.cfg.Configuration - Resolving reference to class: org.project.neutrino.nfvo.catalogue.mano.record.PhysicalNetworkFunctionRecord
14:11:16.550 [Test worker] DEBUG org.hibernate.cfg.Configuration - Resolving reference to class: org.project.neutrino.nfvo.catalogue.mano.common.CostituentVNF
14:11:16.550 [Test worker] DEBUG org.hibernate.cfg.Configuration - Resolving reference to class: org.project.neutrino.nfvo.catalogue.mano.common.ServiceDeploymentFlavour
14:11:16.550 [Test worker] DEBUG org.hibernate.cfg.Configuration - Resolving reference to class: org.project.neutrino.nfvo.catalogue.mano.descriptor.VirtualDeploymentUnit
14:11:16.550 [Test worker] DEBUG org.hibernate.cfg.Configuration - Resolving reference to class: org.project.neutrino.nfvo.catalogue.mano.descriptor.VirtualDeploymentUnit
14:11:16.550 [Test worker] DEBUG org.hibernate.cfg.Configuration - Resolving reference to class: org.project.neutrino.nfvo.catalogue.mano.common.LifecycleEvent
14:11:16.550 [Test worker] DEBUG org.hibernate.cfg.Configuration - Resolving reference to class: org.project.neutrino.nfvo.catalogue.mano.descriptor.VirtualDeploymentUnit
14:11:16.550 [Test worker] DEBUG org.hibernate.cfg.Configuration - Resolving reference to class: org.project.neutrino.nfvo.catalogue.mano.descriptor.VirtualDeploymentUnit
14:11:16.550 [Test worker] DEBUG org.hibernate.cfg.Configuration - Resolving reference to class: org.project.neutrino.nfvo.catalogue.mano.descriptor.VirtualDeploymentUnit
14:11:16.550 [Test worker] DEBUG org.hibernate.cfg.Configuration - Resolving reference to class: org.project.neutrino.nfvo.catalogue.mano.descriptor.VNFComponent
14:11:16.550 [Test worker] DEBUG org.hibernate.cfg.Configuration - Resolving reference to class: org.project.neutrino.nfvo.catalogue.mano.descriptor.VirtualDeploymentUnit
14:11:16.550 [Test worker] DEBUG org.hibernate.cfg.Configuration - Resolving reference to class: org.project.neutrino.nfvo.catalogue.mano.common.Security
14:11:16.550 [Test worker] DEBUG org.hibernate.cfg.Configuration - Resolving reference to class: org.project.neutrino.nfvo.catalogue.mano.descriptor.VirtualLinkDescriptor
14:11:16.550 [Test worker] DEBUG org.hibernate.cfg.Configuration - Resolving reference to class: org.project.neutrino.nfvo.catalogue.mano.record.VirtualLinkRecord
14:11:16.550 [Test worker] DEBUG org.hibernate.cfg.Configuration - Resolving reference to class: org.project.neutrino.nfvo.catalogue.mano.record.VirtualLinkRecord
14:11:16.550 [Test worker] DEBUG org.hibernate.cfg.Configuration - Resolving reference to class: org.project.neutrino.nfvo.catalogue.mano.record.VirtualLinkRecord
14:11:16.550 [Test worker] DEBUG org.hibernate.cfg.Configuration - Resolving reference to class: org.project.neutrino.nfvo.catalogue.mano.common.LifecycleEvent
14:11:16.550 [Test worker] DEBUG org.hibernate.cfg.Configuration - Resolving reference to class: org.project.neutrino.nfvo.catalogue.mano.record.VirtualLinkRecord
14:11:16.550 [Test worker] DEBUG org.hibernate.cfg.Configuration - Resolving reference to class: org.project.neutrino.nfvo.catalogue.mano.record.VirtualLinkRecord
14:11:16.550 [Test worker] DEBUG org.hibernate.cfg.Configuration - Resolving reference to class: org.project.neutrino.nfvo.catalogue.mano.record.VirtualLinkRecord
14:11:16.550 [Test worker] DEBUG org.hibernate.cfg.Configuration - Resolving reference to class: org.project.neutrino.nfvo.catalogue.mano.record.VNFForwardingGraphRecord
14:11:16.550 [Test worker] DEBUG org.hibernate.cfg.Configuration - Resolving reference to class: org.project.neutrino.nfvo.catalogue.mano.record.VirtualLinkRecord
14:11:16.550 [Test worker] DEBUG org.hibernate.cfg.Configuration - Resolving reference to class: org.project.neutrino.nfvo.catalogue.mano.descriptor.VNFDDeploymentFlavour
14:11:16.550 [Test worker] DEBUG org.hibernate.cfg.Configuration - Resolving reference to class: org.project.neutrino.nfvo.catalogue.mano.descriptor.VirtualNetworkFunctionDescriptor
14:11:16.550 [Test worker] DEBUG org.hibernate.cfg.Configuration - Resolving reference to class: org.project.neutrino.nfvo.catalogue.mano.common.Security
14:11:16.550 [Test worker] DEBUG org.hibernate.cfg.Configuration - Resolving reference to class: org.project.neutrino.nfvo.catalogue.mano.descriptor.VirtualNetworkFunctionDescriptor
14:11:16.550 [Test worker] DEBUG org.hibernate.cfg.Configuration - Resolving reference to class: org.project.neutrino.nfvo.catalogue.mano.descriptor.VirtualDeploymentUnit
14:11:16.550 [Test worker] DEBUG org.hibernate.cfg.Configuration - Resolving reference to class: org.project.neutrino.nfvo.catalogue.mano.descriptor.VirtualNetworkFunctionDescriptor
14:11:16.550 [Test worker] DEBUG org.hibernate.cfg.Configuration - Resolving reference to class: org.project.neutrino.nfvo.catalogue.mano.descriptor.VDUDependency
14:11:16.550 [Test worker] DEBUG org.hibernate.cfg.Configuration - Resolving reference to class: org.project.neutrino.nfvo.catalogue.mano.descriptor.VirtualNetworkFunctionDescriptor
14:11:16.550 [Test worker] DEBUG org.hibernate.cfg.Configuration - Resolving reference to class: org.project.neutrino.nfvo.catalogue.mano.descriptor.InternalVirtualLink
14:11:16.550 [Test worker] DEBUG org.hibernate.cfg.Configuration - Resolving reference to class: org.project.neutrino.nfvo.catalogue.mano.descriptor.VirtualNetworkFunctionDescriptor
14:11:16.550 [Test worker] DEBUG org.hibernate.cfg.Configuration - Resolving reference to class: org.project.neutrino.nfvo.catalogue.mano.descriptor.VNFDDeploymentFlavour
14:11:16.550 [Test worker] DEBUG org.hibernate.cfg.Configuration - Resolving reference to class: org.project.neutrino.nfvo.catalogue.mano.common.LifecycleEvent
14:11:16.550 [Test worker] DEBUG org.hibernate.cfg.Configuration - Resolving reference to class: org.project.neutrino.nfvo.catalogue.mano.record.NetworkServiceRecord
14:11:16.550 [Test worker] DEBUG org.hibernate.cfg.Configuration - Resolving reference to class: org.project.neutrino.nfvo.catalogue.mano.common.AutoScalePolicy
14:11:16.550 [Test worker] DEBUG org.hibernate.cfg.Configuration - Resolving reference to class: org.project.neutrino.nfvo.catalogue.mano.record.VirtualNetworkFunctionRecord
14:11:16.550 [Test worker] DEBUG org.hibernate.cfg.Configuration - Resolving reference to class: org.project.neutrino.nfvo.catalogue.mano.record.VirtualLinkRecord
14:11:16.550 [Test worker] DEBUG org.hibernate.cfg.Configuration - Resolving reference to class: org.project.neutrino.nfvo.catalogue.mano.record.VirtualNetworkFunctionRecord
14:11:16.550 [Test worker] DEBUG org.hibernate.cfg.Configuration - Resolving reference to class: org.project.neutrino.nfvo.catalogue.mano.common.ConnectionPoint
14:11:16.550 [Test worker] DEBUG org.hibernate.cfg.Configuration - Resolving reference to class: org.project.neutrino.nfvo.catalogue.mano.record.VirtualNetworkFunctionRecord
14:11:16.550 [Test worker] DEBUG org.hibernate.cfg.Configuration - Resolving reference to class: org.project.neutrino.nfvo.catalogue.mano.common.VNFDependency
14:11:16.550 [Test worker] DEBUG org.hibernate.cfg.Configuration - Resolving reference to class: org.project.neutrino.nfvo.catalogue.mano.record.VirtualNetworkFunctionRecord
14:11:16.550 [Test worker] DEBUG org.hibernate.cfg.Configuration - Resolving reference to class: org.project.neutrino.nfvo.catalogue.mano.common.LifecycleEvent
14:11:16.550 [Test worker] DEBUG org.hibernate.cfg.Configuration - Resolving reference to class: org.project.neutrino.nfvo.catalogue.mano.record.VirtualNetworkFunctionRecord
14:11:16.550 [Test worker] DEBUG org.hibernate.cfg.Configuration - Resolving reference to class: org.project.neutrino.nfvo.catalogue.mano.record.VirtualNetworkFunctionRecord
14:11:16.550 [Test worker] DEBUG org.hibernate.cfg.Configuration - Resolving reference to class: org.project.neutrino.nfvo.catalogue.mano.record.VirtualNetworkFunctionRecord
14:11:16.550 [Test worker] DEBUG org.hibernate.cfg.Configuration - Resolving reference to class: org.project.neutrino.nfvo.catalogue.mano.record.VirtualNetworkFunctionRecord
14:11:16.550 [Test worker] DEBUG org.hibernate.cfg.Configuration - Resolving reference to class: org.project.neutrino.nfvo.catalogue.mano.descriptor.VirtualDeploymentUnit
14:11:16.550 [Test worker] DEBUG org.hibernate.cfg.Configuration - Resolving reference to class: org.project.neutrino.nfvo.catalogue.mano.record.VirtualNetworkFunctionRecord
14:11:16.550 [Test worker] DEBUG org.hibernate.cfg.Configuration - Resolving reference to class: org.project.neutrino.nfvo.catalogue.mano.descriptor.InternalVirtualLink
14:11:16.550 [Test worker] DEBUG org.hibernate.cfg.Configuration - Resolving reference to class: org.project.neutrino.nfvo.catalogue.mano.record.VirtualNetworkFunctionRecord
14:11:16.550 [Test worker] DEBUG org.hibernate.cfg.Configuration - Resolving reference to class: org.project.neutrino.nfvo.catalogue.mano.record.VirtualNetworkFunctionRecord
14:11:16.550 [Test worker] DEBUG org.hibernate.cfg.Configuration - Resolving reference to class: org.project.neutrino.nfvo.catalogue.mano.descriptor.VNFDConnectionPoint
14:11:16.550 [Test worker] DEBUG org.hibernate.cfg.Configuration - Resolving reference to class: org.project.neutrino.nfvo.catalogue.mano.descriptor.VNFComponent
14:11:16.550 [Test worker] DEBUG org.hibernate.cfg.Configuration - Resolving reference to class: org.project.neutrino.nfvo.catalogue.mano.common.CostituentVDU
14:11:16.550 [Test worker] DEBUG org.hibernate.cfg.Configuration - Resolving reference to class: org.project.neutrino.nfvo.catalogue.mano.descriptor.VNFDDeploymentFlavour
14:11:16.550 [Test worker] DEBUG org.hibernate.cfg.Configuration - Resolving reference to class: org.project.neutrino.nfvo.catalogue.mano.descriptor.VNFDDeploymentFlavour
14:11:16.550 [Test worker] DEBUG org.hibernate.cfg.Configuration - Resolving reference to class: org.project.neutrino.nfvo.catalogue.mano.descriptor.VirtualNetworkFunctionDescriptor
14:11:16.550 [Test worker] DEBUG org.hibernate.cfg.Configuration - Resolving reference to class: org.project.neutrino.nfvo.catalogue.mano.descriptor.VirtualNetworkFunctionDescriptor
14:11:16.550 [Test worker] DEBUG org.hibernate.cfg.Configuration - Resolving reference to class: org.project.neutrino.nfvo.catalogue.mano.common.Security
14:11:16.550 [Test worker] DEBUG org.hibernate.cfg.Configuration - Resolving reference to class: org.project.neutrino.nfvo.catalogue.mano.common.ConnectionPoint
14:11:16.550 [Test worker] DEBUG org.hibernate.cfg.Configuration - Resolving reference to class: org.project.neutrino.nfvo.catalogue.mano.descriptor.VNFForwardingGraph
14:11:16.550 [Test worker] DEBUG org.hibernate.cfg.Configuration - Resolving reference to class: org.project.neutrino.nfvo.catalogue.mano.common.CostituentVNF
14:11:16.550 [Test worker] DEBUG org.hibernate.cfg.Configuration - Resolving reference to class: org.project.neutrino.nfvo.catalogue.mano.descriptor.VNFForwardingGraph
14:11:16.550 [Test worker] DEBUG org.hibernate.cfg.Configuration - Resolving reference to class: org.project.neutrino.nfvo.catalogue.mano.descriptor.VirtualLinkDescriptor
14:11:16.550 [Test worker] DEBUG org.hibernate.cfg.Configuration - Resolving reference to class: org.project.neutrino.nfvo.catalogue.mano.descriptor.VNFForwardingGraph
14:11:16.550 [Test worker] DEBUG org.hibernate.cfg.Configuration - Resolving reference to class: org.project.neutrino.nfvo.catalogue.mano.descriptor.NetworkForwardingPath
14:11:16.550 [Test worker] DEBUG org.hibernate.cfg.Configuration - Resolving reference to class: org.project.neutrino.nfvo.catalogue.mano.descriptor.VNFForwardingGraph
14:11:16.550 [Test worker] DEBUG org.hibernate.cfg.Configuration - Resolving reference to class: org.project.neutrino.nfvo.catalogue.mano.descriptor.VNFForwardingGraph
14:11:16.550 [Test worker] DEBUG org.hibernate.cfg.Configuration - Resolving reference to class: org.project.neutrino.nfvo.catalogue.mano.descriptor.NetworkForwardingPath
14:11:16.550 [Test worker] DEBUG org.hibernate.cfg.Configuration - Resolving reference to class: org.project.neutrino.nfvo.catalogue.mano.record.NetworkServiceRecord
14:11:16.550 [Test worker] DEBUG org.hibernate.cfg.Configuration - Resolving reference to class: org.project.neutrino.nfvo.catalogue.mano.descriptor.VNFDConnectionPoint
14:11:16.550 [Test worker] DEBUG org.hibernate.cfg.Configuration - Resolving reference to class: org.project.neutrino.nfvo.catalogue.mano.record.VNFForwardingGraphRecord
14:11:16.551 [Test worker] DEBUG org.hibernate.cfg.Configuration - Resolving reference to class: org.project.neutrino.nfvo.catalogue.mano.record.VirtualLinkRecord
14:11:16.551 [Test worker] DEBUG org.hibernate.cfg.Configuration - Resolving reference to class: org.project.neutrino.nfvo.catalogue.mano.record.VNFForwardingGraphRecord
14:11:16.551 [Test worker] DEBUG org.hibernate.cfg.Configuration - Resolving reference to class: org.project.neutrino.nfvo.catalogue.mano.common.LifecycleEvent
14:11:16.551 [Test worker] DEBUG org.hibernate.cfg.Configuration - Resolving reference to class: org.project.neutrino.nfvo.catalogue.mano.record.VNFForwardingGraphRecord
14:11:16.551 [Test worker] DEBUG org.hibernate.cfg.Configuration - Resolving reference to class: org.project.neutrino.nfvo.catalogue.mano.record.VirtualNetworkFunctionRecord
14:11:16.551 [Test worker] DEBUG org.hibernate.cfg.Configuration - Resolving reference to class: org.project.neutrino.nfvo.catalogue.mano.record.VNFForwardingGraphRecord
14:11:16.551 [Test worker] DEBUG org.hibernate.cfg.Configuration - Resolving reference to class: org.project.neutrino.nfvo.catalogue.mano.record.VNFForwardingGraphRecord
14:11:16.551 [Test worker] DEBUG o.h.i.f.i.DefaultIdentifierGeneratorFactory - Setting dialect [org.hibernate.dialect.MySQL5Dialect]
14:11:16.551 [Test worker] DEBUG o.h.i.f.i.DefaultIdentifierGeneratorFactory - Setting dialect [org.hibernate.dialect.MySQL5Dialect]
14:11:16.551 [Test worker] DEBUG o.h.i.f.i.DefaultIdentifierGeneratorFactory - Setting dialect [org.hibernate.dialect.MySQL5Dialect]
14:11:16.551 [Test worker] DEBUG o.h.i.f.i.DefaultIdentifierGeneratorFactory - Setting dialect [org.hibernate.dialect.MySQL5Dialect]
14:11:16.551 [Test worker] DEBUG o.h.i.f.i.DefaultIdentifierGeneratorFactory - Setting dialect [org.hibernate.dialect.MySQL5Dialect]
14:11:16.551 [Test worker] DEBUG o.h.i.f.i.DefaultIdentifierGeneratorFactory - Setting dialect [org.hibernate.dialect.MySQL5Dialect]
14:11:16.551 [Test worker] DEBUG o.h.i.f.i.DefaultIdentifierGeneratorFactory - Setting dialect [org.hibernate.dialect.MySQL5Dialect]
14:11:16.551 [Test worker] DEBUG o.h.i.f.i.DefaultIdentifierGeneratorFactory - Setting dialect [org.hibernate.dialect.MySQL5Dialect]
14:11:16.551 [Test worker] DEBUG o.h.i.f.i.DefaultIdentifierGeneratorFactory - Setting dialect [org.hibernate.dialect.MySQL5Dialect]
14:11:16.551 [Test worker] DEBUG o.h.i.f.i.DefaultIdentifierGeneratorFactory - Setting dialect [org.hibernate.dialect.MySQL5Dialect]
14:11:16.551 [Test worker] DEBUG o.h.i.f.i.DefaultIdentifierGeneratorFactory - Setting dialect [org.hibernate.dialect.MySQL5Dialect]
14:11:16.551 [Test worker] DEBUG o.h.i.f.i.DefaultIdentifierGeneratorFactory - Setting dialect [org.hibernate.dialect.MySQL5Dialect]
14:11:16.551 [Test worker] DEBUG o.h.i.f.i.DefaultIdentifierGeneratorFactory - Setting dialect [org.hibernate.dialect.MySQL5Dialect]
14:11:16.551 [Test worker] DEBUG o.h.i.f.i.DefaultIdentifierGeneratorFactory - Setting dialect [org.hibernate.dialect.MySQL5Dialect]
14:11:16.552 [Test worker] DEBUG o.h.i.f.i.DefaultIdentifierGeneratorFactory - Setting dialect [org.hibernate.dialect.MySQL5Dialect]
14:11:16.552 [Test worker] DEBUG o.h.i.f.i.DefaultIdentifierGeneratorFactory - Setting dialect [org.hibernate.dialect.MySQL5Dialect]
14:11:16.552 [Test worker] DEBUG o.h.i.f.i.DefaultIdentifierGeneratorFactory - Setting dialect [org.hibernate.dialect.MySQL5Dialect]
14:11:16.552 [Test worker] DEBUG o.h.i.f.i.DefaultIdentifierGeneratorFactory - Setting dialect [org.hibernate.dialect.MySQL5Dialect]
14:11:16.552 [Test worker] DEBUG o.h.i.f.i.DefaultIdentifierGeneratorFactory - Setting dialect [org.hibernate.dialect.MySQL5Dialect]
14:11:16.552 [Test worker] DEBUG o.h.i.f.i.DefaultIdentifierGeneratorFactory - Setting dialect [org.hibernate.dialect.MySQL5Dialect]
14:11:16.554 [Test worker] DEBUG o.h.i.f.i.DefaultIdentifierGeneratorFactory - Setting dialect [org.hibernate.dialect.MySQL5Dialect]
14:11:16.554 [Test worker] DEBUG o.h.i.f.i.DefaultIdentifierGeneratorFactory - Setting dialect [org.hibernate.dialect.MySQL5Dialect]
14:11:16.554 [Test worker] DEBUG o.h.i.f.i.DefaultIdentifierGeneratorFactory - Setting dialect [org.hibernate.dialect.MySQL5Dialect]
14:11:16.554 [Test worker] DEBUG o.h.i.f.i.DefaultIdentifierGeneratorFactory - Setting dialect [org.hibernate.dialect.MySQL5Dialect]
14:11:16.554 [Test worker] DEBUG o.h.i.f.i.DefaultIdentifierGeneratorFactory - Setting dialect [org.hibernate.dialect.MySQL5Dialect]
14:11:16.554 [Test worker] DEBUG o.h.i.f.i.DefaultIdentifierGeneratorFactory - Setting dialect [org.hibernate.dialect.MySQL5Dialect]
14:11:16.554 [Test worker] DEBUG o.h.i.f.i.DefaultIdentifierGeneratorFactory - Setting dialect [org.hibernate.dialect.MySQL5Dialect]
14:11:16.554 [Test worker] DEBUG o.h.i.f.i.DefaultIdentifierGeneratorFactory - Setting dialect [org.hibernate.dialect.MySQL5Dialect]
14:11:16.554 [Test worker] DEBUG o.h.i.f.i.DefaultIdentifierGeneratorFactory - Setting dialect [org.hibernate.dialect.MySQL5Dialect]
14:11:16.554 [Test worker] DEBUG o.h.i.f.i.DefaultIdentifierGeneratorFactory - Setting dialect [org.hibernate.dialect.MySQL5Dialect]
14:11:16.554 [Test worker] DEBUG o.h.i.f.i.DefaultIdentifierGeneratorFactory - Setting dialect [org.hibernate.dialect.MySQL5Dialect]
14:11:16.554 [Test worker] DEBUG o.h.i.f.i.DefaultIdentifierGeneratorFactory - Setting dialect [org.hibernate.dialect.MySQL5Dialect]
14:11:16.554 [Test worker] DEBUG o.h.i.f.i.DefaultIdentifierGeneratorFactory - Setting dialect [org.hibernate.dialect.MySQL5Dialect]
14:11:16.554 [Test worker] DEBUG o.h.i.f.i.DefaultIdentifierGeneratorFactory - Setting dialect [org.hibernate.dialect.MySQL5Dialect]
14:11:16.554 [Test worker] DEBUG o.h.i.f.i.DefaultIdentifierGeneratorFactory - Setting dialect [org.hibernate.dialect.MySQL5Dialect]
14:11:16.554 [Test worker] DEBUG o.h.i.f.i.DefaultIdentifierGeneratorFactory - Setting dialect [org.hibernate.dialect.MySQL5Dialect]
14:11:16.554 [Test worker] DEBUG o.h.i.f.i.DefaultIdentifierGeneratorFactory - Setting dialect [org.hibernate.dialect.MySQL5Dialect]
14:11:16.554 [Test worker] DEBUG o.h.i.f.i.DefaultIdentifierGeneratorFactory - Setting dialect [org.hibernate.dialect.MySQL5Dialect]
14:11:16.554 [Test worker] DEBUG o.h.i.f.i.DefaultIdentifierGeneratorFactory - Setting dialect [org.hibernate.dialect.MySQL5Dialect]
14:11:16.554 [Test worker] DEBUG o.h.i.f.i.DefaultIdentifierGeneratorFactory - Setting dialect [org.hibernate.dialect.MySQL5Dialect]
14:11:16.554 [Test worker] DEBUG o.h.i.f.i.DefaultIdentifierGeneratorFactory - Setting dialect [org.hibernate.dialect.MySQL5Dialect]
14:11:16.554 [Test worker] DEBUG o.h.i.f.i.DefaultIdentifierGeneratorFactory - Setting dialect [org.hibernate.dialect.MySQL5Dialect]
14:11:16.554 [Test worker] DEBUG o.h.internal.NamedQueryRepository - Checking 0 named HQL queries
14:11:16.554 [Test worker] DEBUG o.h.internal.NamedQueryRepository - Checking 0 named SQL queries
14:11:16.558 [Test worker] DEBUG o.h.s.internal.StatisticsInitiator - Statistics initialized [enabled=false]
14:11:16.565 [Test worker] DEBUG o.h.j.i.schemagen.JpaSchemaGenerator - No actions specified; doing nothing
14:11:16.615 [Test worker] DEBUG o.h.j.i.EntityManagerFactoryRegistry - Initializing EntityManagerFactoryRegistry : org.hibernate.jpa.internal.EntityManagerFactoryRegistry@2a85c128
14:11:16.615 [Test worker] DEBUG o.h.j.i.EntityManagerFactoryRegistry - Registering EntityManagerFactory: default 
14:11:16.619 [Test worker] DEBUG o.s.b.f.s.DefaultListableBeanFactory - Returning cached instance of singleton bean 'org.springframework.transaction.config.internalTransactionAdvisor'
14:11:16.619 [Test worker] DEBUG o.s.b.f.s.DefaultListableBeanFactory - Returning cached instance of singleton bean 'org.springframework.transaction.config.internalTransactionAdvisor'
14:11:16.620 [Test worker] DEBUG o.s.j.a.JmsListenerAnnotationBeanPostProcessor - No @JmsListener annotations found on bean class: class org.springframework.orm.jpa.LocalContainerEntityManagerFactoryBean
14:11:16.620 [Test worker] DEBUG o.s.b.f.s.DefaultListableBeanFactory - Finished creating instance of bean 'entityManagerFactory'
14:11:16.620 [Test worker] DEBUG o.s.b.f.s.DefaultListableBeanFactory - Pre-instantiating singletons in org.springframework.beans.factory.support.DefaultListableBeanFactory@658981e0: defining beans [org.springframework.context.annotation.internalConfigurationAnnotationProcessor,org.springframework.context.annotation.internalAutowiredAnnotationProcessor,org.springframework.context.annotation.internalRequiredAnnotationProcessor,org.springframework.context.annotation.internalCommonAnnotationProcessor,org.springframework.context.annotation.internalPersistenceAnnotationProcessor,applicationTest,org.springframework.context.annotation.ConfigurationClassPostProcessor.importAwareProcessor,org.springframework.context.annotation.ConfigurationClassPostProcessor.enhancedConfigurationProcessor,NSDRepository,VNFDRepository,dataSource,org.springframework.data.jpa.repository.config.JpaRepositoryConfigExtension#0,org.springframework.data.repository.core.support.RepositoryInterfaceAwareBeanPostProcessor,foo,jpaMappingContext,org.springframework.boot.autoconfigure.AutoConfigurationPackages,entityScanBeanPostProcessor,org.springframework.boot.autoconfigure.PropertyPlaceholderAutoConfiguration,org.springframework.boot.autoconfigure.condition.BeanTypeRegistry,propertySourcesPlaceholderConfigurer,org.springframework.boot.autoconfigure.aop.AopAutoConfiguration$JdkDynamicAutoProxyConfiguration,org.springframework.aop.config.internalAutoProxyCreator,org.springframework.boot.autoconfigure.aop.AopAutoConfiguration,org.springframework.boot.autoconfigure.jta.JtaAutoConfiguration,spring.jta.CONFIGURATION_PROPERTIES,org.springframework.boot.context.properties.ConfigurationPropertiesBindingPostProcessor,org.springframework.boot.context.properties.ConfigurationPropertiesBindingPostProcessor.store,org.springframework.boot.autoconfigure.jdbc.DataSourceAutoConfiguration$JdbcTemplateConfiguration,jdbcTemplate,namedParameterJdbcTemplate,org.springframework.boot.autoconfigure.jdbc.DataSourceAutoConfiguration$DataSourceInitializerConfiguration,dataSourceInitializer,org.springframework.boot.autoconfigure.jdbc.metadata.DataSourcePoolMetadataProvidersConfiguration$CommonsDbcpPoolDataSourceMetadataProviderConfiguration,commonsDbcpPoolDataSourceMetadataProvider,org.springframework.boot.autoconfigure.jdbc.metadata.DataSourcePoolMetadataProvidersConfiguration$TomcatDataSourcePoolMetadataProviderConfiguration,tomcatPoolDataSourceMetadataProvider,org.springframework.boot.autoconfigure.jdbc.metadata.DataSourcePoolMetadataProvidersConfiguration,org.springframework.boot.autoconfigure.jdbc.DataSourceAutoConfiguration,spring.datasource.CONFIGURATION_PROPERTIES,dataSourceInitializerPostProcessor,org.springframework.boot.autoconfigure.orm.jpa.HibernateJpaAutoConfiguration,transactionManager,jpaVendorAdapter,entityManagerFactoryBuilder,entityManagerFactory,spring.jpa.CONFIGURATION_PROPERTIES,dataSourceInitializedPublisher,org.springframework.boot.autoconfigure.dao.PersistenceExceptionTranslationAutoConfiguration,persistenceExceptionTranslationPostProcessor,org.springframework.boot.autoconfigure.jmx.JmxAutoConfiguration,mbeanExporter,objectNamingStrategy,mbeanServer,org.springframework.transaction.annotation.ProxyTransactionManagementConfiguration,org.springframework.transaction.config.internalTransactionAdvisor,transactionAttributeSource,transactionInterceptor,org.springframework.boot.autoconfigure.jdbc.DataSourceTransactionManagerAutoConfiguration$TransactionManagementConfiguration,org.springframework.boot.autoconfigure.jdbc.DataSourceTransactionManagerAutoConfiguration,org.springframework.boot.autoconfigure.jms.activemq.ActiveMQConnectionFactoryConfiguration,jmsConnectionFactory,org.springframework.boot.autoconfigure.jms.activemq.ActiveMQAutoConfiguration,spring.activemq.CONFIGURATION_PROPERTIES,org.springframework.boot.autoconfigure.jms.JmsAutoConfiguration$MessagingTemplateConfiguration,jmsMessagingTemplate,org.springframework.jms.annotation.JmsBootstrapConfiguration,org.springframework.jms.config.internalJmsListenerAnnotationProcessor,org.springframework.jms.config.internalJmsListenerEndpointRegistry,org.springframework.boot.autoconfigure.jms.JmsAnnotationDrivenConfiguration$EnableJmsConfiguration,org.springframework.boot.autoconfigure.jms.JmsAnnotationDrivenConfiguration,jmsListenerContainerFactory,org.springframework.boot.autoconfigure.jms.JmsAutoConfiguration,jmsTemplate,spring.jms.CONFIGURATION_PROPERTIES,org.springframework.orm.jpa.SharedEntityManagerCreator#0]; root of factory hierarchy
14:11:16.620 [Test worker] DEBUG o.s.b.f.s.DefaultListableBeanFactory - Returning cached instance of singleton bean 'org.springframework.context.annotation.internalConfigurationAnnotationProcessor'
14:11:16.620 [Test worker] DEBUG o.s.b.f.s.DefaultListableBeanFactory - Returning cached instance of singleton bean 'org.springframework.context.annotation.internalAutowiredAnnotationProcessor'
14:11:16.620 [Test worker] DEBUG o.s.b.f.s.DefaultListableBeanFactory - Returning cached instance of singleton bean 'org.springframework.context.annotation.internalRequiredAnnotationProcessor'
14:11:16.620 [Test worker] DEBUG o.s.b.f.s.DefaultListableBeanFactory - Returning cached instance of singleton bean 'org.springframework.context.annotation.internalCommonAnnotationProcessor'
14:11:16.620 [Test worker] DEBUG o.s.b.f.s.DefaultListableBeanFactory - Returning cached instance of singleton bean 'org.springframework.context.annotation.internalPersistenceAnnotationProcessor'
14:11:16.620 [Test worker] DEBUG o.s.b.f.s.DefaultListableBeanFactory - Returning cached instance of singleton bean 'applicationTest'
14:11:16.620 [Test worker] DEBUG o.s.b.f.s.DefaultListableBeanFactory - Returning cached instance of singleton bean 'org.springframework.context.annotation.ConfigurationClassPostProcessor.importAwareProcessor'
14:11:16.620 [Test worker] DEBUG o.s.b.f.s.DefaultListableBeanFactory - Returning cached instance of singleton bean 'org.springframework.context.annotation.ConfigurationClassPostProcessor.enhancedConfigurationProcessor'
14:11:16.621 [Test worker] DEBUG o.s.b.f.s.DefaultListableBeanFactory - Creating shared instance of singleton bean 'NSDRepository'
14:11:16.621 [Test worker] DEBUG o.s.b.f.s.DefaultListableBeanFactory - Creating instance of bean 'NSDRepository'
14:11:16.621 [Test worker] DEBUG o.s.b.f.s.DefaultListableBeanFactory - Returning cached instance of singleton bean 'org.springframework.transaction.config.internalTransactionAdvisor'
14:11:16.624 [Test worker] DEBUG o.s.b.f.annotation.InjectionMetadata - Registered injected element on class [org.project.neutrino.nfvo.repositories.NSDRepository]: PersistenceElement for private javax.persistence.EntityManager org.project.neutrino.nfvo.abstract_repositories.DatabaseRepository.entityManager
14:11:16.625 [Test worker] DEBUG o.s.b.f.s.DefaultListableBeanFactory - Eagerly caching bean 'NSDRepository' to allow for resolving potential circular references
14:11:16.627 [Test worker] DEBUG o.s.b.f.annotation.InjectionMetadata - Processing injected element of bean 'NSDRepository': PersistenceElement for private javax.persistence.EntityManager org.project.neutrino.nfvo.abstract_repositories.DatabaseRepository.entityManager
14:11:16.628 [Test worker] DEBUG o.s.b.f.s.DefaultListableBeanFactory - Returning cached instance of singleton bean 'entityManagerFactory'
14:11:16.628 [Test worker] DEBUG o.s.b.f.s.DefaultListableBeanFactory - Returning cached instance of singleton bean 'org.springframework.transaction.config.internalTransactionAdvisor'
14:11:16.628 [Test worker] DEBUG o.s.b.f.s.DefaultListableBeanFactory - Returning cached instance of singleton bean 'org.springframework.transaction.config.internalTransactionAdvisor'
14:11:16.630 [Test worker] DEBUG o.s.j.a.JmsListenerAnnotationBeanPostProcessor - No @JmsListener annotations found on bean class: class com.sun.proxy.$Proxy58
14:11:16.631 [Test worker] DEBUG o.s.jdbc.datasource.DataSourceUtils - Fetching JDBC Connection from DataSource
14:11:16.631 [Test worker] DEBUG o.s.j.d.SimpleDriverDataSource - Creating new JDBC Driver Connection to [jdbc:hsqldb:mem:testdb]
14:11:16.631 [Test worker] DEBUG o.s.jdbc.datasource.DataSourceUtils - Returning JDBC Connection to DataSource
14:11:16.632 [Test worker] DEBUG o.s.b.f.s.DefaultListableBeanFactory - Returning cached instance of singleton bean 'dataSourceInitializer'
14:11:16.674 [Test worker] DEBUG o.s.b.f.s.DefaultListableBeanFactory - Returning cached instance of singleton bean 'org.springframework.transaction.config.internalTransactionAdvisor'
14:11:16.674 [Test worker] DEBUG o.s.b.f.s.DefaultListableBeanFactory - Returning cached instance of singleton bean 'org.springframework.transaction.config.internalTransactionAdvisor'
14:11:16.675 [Test worker] DEBUG o.s.t.a.AnnotationTransactionAttributeSource - Adding transactional method 'NSDRepository.remove' with attribute: PROPAGATION_REQUIRES_NEW,ISOLATION_DEFAULT; ''
14:11:16.680 [Test worker] DEBUG o.s.a.a.a.AnnotationAwareAspectJAutoProxyCreator - Creating implicit proxy for bean 'NSDRepository' with 0 common interceptors and 1 specific interceptors
14:11:16.681 [Test worker] DEBUG o.s.aop.framework.JdkDynamicAopProxy - Creating JDK dynamic proxy: target source is SingletonTargetSource for target object [org.project.neutrino.nfvo.repositories.NSDRepository@3e322eb3]
14:11:16.684 [Test worker] DEBUG o.s.j.a.JmsListenerAnnotationBeanPostProcessor - No @JmsListener annotations found on bean class: class com.sun.proxy.$Proxy62
14:11:16.684 [Test worker] DEBUG o.s.b.f.s.DefaultListableBeanFactory - Finished creating instance of bean 'NSDRepository'
14:11:16.684 [Test worker] DEBUG o.s.b.f.s.DefaultListableBeanFactory - Creating shared instance of singleton bean 'VNFDRepository'
14:11:16.684 [Test worker] DEBUG o.s.b.f.s.DefaultListableBeanFactory - Creating instance of bean 'VNFDRepository'
14:11:16.684 [Test worker] DEBUG o.s.b.f.s.DefaultListableBeanFactory - Returning cached instance of singleton bean 'org.springframework.transaction.config.internalTransactionAdvisor'
14:11:16.685 [Test worker] DEBUG o.s.b.f.annotation.InjectionMetadata - Registered injected element on class [org.project.neutrino.nfvo.repositories.VNFDRepository]: PersistenceElement for private javax.persistence.EntityManager org.project.neutrino.nfvo.abstract_repositories.DatabaseRepository.entityManager
14:11:16.685 [Test worker] DEBUG o.s.b.f.s.DefaultListableBeanFactory - Eagerly caching bean 'VNFDRepository' to allow for resolving potential circular references
14:11:16.686 [Test worker] DEBUG o.s.b.f.annotation.InjectionMetadata - Processing injected element of bean 'VNFDRepository': PersistenceElement for private javax.persistence.EntityManager org.project.neutrino.nfvo.abstract_repositories.DatabaseRepository.entityManager
14:11:16.686 [Test worker] DEBUG o.s.b.f.s.DefaultListableBeanFactory - Returning cached instance of singleton bean 'entityManagerFactory'
14:11:16.687 [Test worker] DEBUG o.s.b.f.s.DefaultListableBeanFactory - Returning cached instance of singleton bean 'org.springframework.transaction.config.internalTransactionAdvisor'
14:11:16.687 [Test worker] DEBUG o.s.b.f.s.DefaultListableBeanFactory - Returning cached instance of singleton bean 'org.springframework.transaction.config.internalTransactionAdvisor'
14:11:16.687 [Test worker] DEBUG o.s.t.a.AnnotationTransactionAttributeSource - Adding transactional method 'VNFDRepository.remove' with attribute: PROPAGATION_REQUIRES_NEW,ISOLATION_DEFAULT; ''
14:11:16.687 [Test worker] DEBUG o.s.a.a.a.AnnotationAwareAspectJAutoProxyCreator - Creating implicit proxy for bean 'VNFDRepository' with 0 common interceptors and 1 specific interceptors
14:11:16.687 [Test worker] DEBUG o.s.aop.framework.JdkDynamicAopProxy - Creating JDK dynamic proxy: target source is SingletonTargetSource for target object [org.project.neutrino.nfvo.repositories.VNFDRepository@4cdecc9]
14:11:16.687 [Test worker] DEBUG o.s.b.f.s.DefaultListableBeanFactory - Finished creating instance of bean 'VNFDRepository'
14:11:16.687 [Test worker] DEBUG o.s.b.f.s.DefaultListableBeanFactory - Returning cached instance of singleton bean 'dataSource'
14:11:16.687 [Test worker] DEBUG o.s.b.f.s.DefaultListableBeanFactory - Returning cached instance of singleton bean 'org.springframework.data.repository.core.support.RepositoryInterfaceAwareBeanPostProcessor'
14:11:16.687 [Test worker] DEBUG o.s.b.f.s.DefaultListableBeanFactory - Returning cached instance of singleton bean 'foo'
14:11:16.687 [Test worker] DEBUG o.s.b.f.s.DefaultListableBeanFactory - Creating shared instance of singleton bean 'jpaMappingContext'
14:11:16.687 [Test worker] DEBUG o.s.b.f.s.DefaultListableBeanFactory - Creating instance of bean 'jpaMappingContext'
14:11:16.687 [Test worker] DEBUG o.s.b.f.s.DefaultListableBeanFactory - Returning cached instance of singleton bean 'org.springframework.transaction.config.internalTransactionAdvisor'
14:11:16.688 [Test worker] DEBUG o.s.b.f.s.DefaultListableBeanFactory - Eagerly caching bean 'jpaMappingContext' to allow for resolving potential circular references
14:11:16.690 [Test worker] DEBUG o.s.b.f.s.DefaultListableBeanFactory - Invoking afterPropertiesSet() on bean with name 'jpaMappingContext'
14:11:16.690 [Test worker] DEBUG o.s.b.f.s.DefaultListableBeanFactory - Returning cached instance of singleton bean 'entityManagerFactory'
14:11:16.840 [Test worker] DEBUG o.s.b.f.s.DefaultListableBeanFactory - Returning cached instance of singleton bean 'org.springframework.transaction.config.internalTransactionAdvisor'
14:11:16.840 [Test worker] DEBUG o.s.b.f.s.DefaultListableBeanFactory - Returning cached instance of singleton bean 'org.springframework.transaction.config.internalTransactionAdvisor'
14:11:16.841 [Test worker] DEBUG o.s.j.a.JmsListenerAnnotationBeanPostProcessor - No @JmsListener annotations found on bean class: class org.springframework.data.jpa.repository.config.JpaMetamodelMappingContextFactoryBean
14:11:16.841 [Test worker] DEBUG o.s.b.f.s.DefaultListableBeanFactory - Finished creating instance of bean 'jpaMappingContext'
14:11:16.841 [Test worker] DEBUG o.s.b.f.s.DefaultListableBeanFactory - Returning cached instance of singleton bean 'org.springframework.boot.autoconfigure.AutoConfigurationPackages'
14:11:16.841 [Test worker] DEBUG o.s.b.f.s.DefaultListableBeanFactory - Returning cached instance of singleton bean 'entityScanBeanPostProcessor'
14:11:16.841 [Test worker] DEBUG o.s.b.f.s.DefaultListableBeanFactory - Creating shared instance of singleton bean 'org.springframework.boot.autoconfigure.PropertyPlaceholderAutoConfiguration'
14:11:16.841 [Test worker] DEBUG o.s.b.f.s.DefaultListableBeanFactory - Creating instance of bean 'org.springframework.boot.autoconfigure.PropertyPlaceholderAutoConfiguration'
14:11:16.841 [Test worker] DEBUG o.s.b.f.s.DefaultListableBeanFactory - Returning cached instance of singleton bean 'org.springframework.transaction.config.internalTransactionAdvisor'
14:11:16.842 [Test worker] DEBUG o.s.b.f.s.DefaultListableBeanFactory - Eagerly caching bean 'org.springframework.boot.autoconfigure.PropertyPlaceholderAutoConfiguration' to allow for resolving potential circular references
14:11:16.844 [Test worker] DEBUG o.s.b.f.s.DefaultListableBeanFactory - Returning cached instance of singleton bean 'org.springframework.transaction.config.internalTransactionAdvisor'
14:11:16.844 [Test worker] DEBUG o.s.b.f.s.DefaultListableBeanFactory - Returning cached instance of singleton bean 'org.springframework.transaction.config.internalTransactionAdvisor'
14:11:16.845 [Test worker] DEBUG o.s.j.a.JmsListenerAnnotationBeanPostProcessor - No @JmsListener annotations found on bean class: class org.springframework.boot.autoconfigure.PropertyPlaceholderAutoConfiguration$$EnhancerBySpringCGLIB$$4c4ae244
14:11:16.845 [Test worker] DEBUG o.s.b.f.s.DefaultListableBeanFactory - Finished creating instance of bean 'org.springframework.boot.autoconfigure.PropertyPlaceholderAutoConfiguration'
14:11:16.845 [Test worker] DEBUG o.s.b.f.s.DefaultListableBeanFactory - Returning cached instance of singleton bean 'org.springframework.boot.autoconfigure.condition.BeanTypeRegistry'
14:11:16.845 [Test worker] DEBUG o.s.b.f.s.DefaultListableBeanFactory - Returning cached instance of singleton bean 'propertySourcesPlaceholderConfigurer'
14:11:16.845 [Test worker] DEBUG o.s.b.f.s.DefaultListableBeanFactory - Creating shared instance of singleton bean 'org.springframework.boot.autoconfigure.aop.AopAutoConfiguration$JdkDynamicAutoProxyConfiguration'
14:11:16.845 [Test worker] DEBUG o.s.b.f.s.DefaultListableBeanFactory - Creating instance of bean 'org.springframework.boot.autoconfigure.aop.AopAutoConfiguration$JdkDynamicAutoProxyConfiguration'
14:11:16.845 [Test worker] DEBUG o.s.b.f.s.DefaultListableBeanFactory - Returning cached instance of singleton bean 'org.springframework.transaction.config.internalTransactionAdvisor'
14:11:16.846 [Test worker] DEBUG o.s.b.f.s.DefaultListableBeanFactory - Eagerly caching bean 'org.springframework.boot.autoconfigure.aop.AopAutoConfiguration$JdkDynamicAutoProxyConfiguration' to allow for resolving potential circular references
14:11:16.848 [Test worker] DEBUG o.s.b.f.s.DefaultListableBeanFactory - Returning cached instance of singleton bean 'org.springframework.transaction.config.internalTransactionAdvisor'
14:11:16.848 [Test worker] DEBUG o.s.b.f.s.DefaultListableBeanFactory - Returning cached instance of singleton bean 'org.springframework.transaction.config.internalTransactionAdvisor'
14:11:16.848 [Test worker] DEBUG o.s.j.a.JmsListenerAnnotationBeanPostProcessor - No @JmsListener annotations found on bean class: class org.springframework.boot.autoconfigure.aop.AopAutoConfiguration$JdkDynamicAutoProxyConfiguration$$EnhancerBySpringCGLIB$$be02ee5b
14:11:16.848 [Test worker] DEBUG o.s.b.f.s.DefaultListableBeanFactory - Finished creating instance of bean 'org.springframework.boot.autoconfigure.aop.AopAutoConfiguration$JdkDynamicAutoProxyConfiguration'
14:11:16.848 [Test worker] DEBUG o.s.b.f.s.DefaultListableBeanFactory - Returning cached instance of singleton bean 'org.springframework.aop.config.internalAutoProxyCreator'
14:11:16.848 [Test worker] DEBUG o.s.b.f.s.DefaultListableBeanFactory - Creating shared instance of singleton bean 'org.springframework.boot.autoconfigure.aop.AopAutoConfiguration'
14:11:16.848 [Test worker] DEBUG o.s.b.f.s.DefaultListableBeanFactory - Creating instance of bean 'org.springframework.boot.autoconfigure.aop.AopAutoConfiguration'
14:11:16.848 [Test worker] DEBUG o.s.b.f.s.DefaultListableBeanFactory - Returning cached instance of singleton bean 'org.springframework.transaction.config.internalTransactionAdvisor'
14:11:16.849 [Test worker] DEBUG o.s.b.f.s.DefaultListableBeanFactory - Eagerly caching bean 'org.springframework.boot.autoconfigure.aop.AopAutoConfiguration' to allow for resolving potential circular references
14:11:16.850 [Test worker] DEBUG o.s.b.f.s.DefaultListableBeanFactory - Returning cached instance of singleton bean 'org.springframework.transaction.config.internalTransactionAdvisor'
14:11:16.850 [Test worker] DEBUG o.s.b.f.s.DefaultListableBeanFactory - Returning cached instance of singleton bean 'org.springframework.transaction.config.internalTransactionAdvisor'
14:11:16.851 [Test worker] DEBUG o.s.j.a.JmsListenerAnnotationBeanPostProcessor - No @JmsListener annotations found on bean class: class org.springframework.boot.autoconfigure.aop.AopAutoConfiguration$$EnhancerBySpringCGLIB$$8ae78f8c
14:11:16.851 [Test worker] DEBUG o.s.b.f.s.DefaultListableBeanFactory - Finished creating instance of bean 'org.springframework.boot.autoconfigure.aop.AopAutoConfiguration'
14:11:16.851 [Test worker] DEBUG o.s.b.f.s.DefaultListableBeanFactory - Creating shared instance of singleton bean 'org.springframework.boot.autoconfigure.jta.JtaAutoConfiguration'
14:11:16.851 [Test worker] DEBUG o.s.b.f.s.DefaultListableBeanFactory - Creating instance of bean 'org.springframework.boot.autoconfigure.jta.JtaAutoConfiguration'
14:11:16.851 [Test worker] DEBUG o.s.b.f.s.DefaultListableBeanFactory - Returning cached instance of singleton bean 'org.springframework.transaction.config.internalTransactionAdvisor'
14:11:16.851 [Test worker] DEBUG o.s.b.f.s.DefaultListableBeanFactory - Eagerly caching bean 'org.springframework.boot.autoconfigure.jta.JtaAutoConfiguration' to allow for resolving potential circular references
14:11:16.853 [Test worker] DEBUG o.s.b.f.s.DefaultListableBeanFactory - Returning cached instance of singleton bean 'org.springframework.transaction.config.internalTransactionAdvisor'
14:11:16.853 [Test worker] DEBUG o.s.b.f.s.DefaultListableBeanFactory - Returning cached instance of singleton bean 'org.springframework.transaction.config.internalTransactionAdvisor'
14:11:16.853 [Test worker] DEBUG o.s.j.a.JmsListenerAnnotationBeanPostProcessor - No @JmsListener annotations found on bean class: class org.springframework.boot.autoconfigure.jta.JtaAutoConfiguration
14:11:16.853 [Test worker] DEBUG o.s.b.f.s.DefaultListableBeanFactory - Finished creating instance of bean 'org.springframework.boot.autoconfigure.jta.JtaAutoConfiguration'
14:11:16.853 [Test worker] DEBUG o.s.b.f.s.DefaultListableBeanFactory - Creating shared instance of singleton bean 'spring.jta.CONFIGURATION_PROPERTIES'
14:11:16.853 [Test worker] DEBUG o.s.b.f.s.DefaultListableBeanFactory - Creating instance of bean 'spring.jta.CONFIGURATION_PROPERTIES'
14:11:16.853 [Test worker] DEBUG o.s.b.f.s.DefaultListableBeanFactory - Returning cached instance of singleton bean 'org.springframework.transaction.config.internalTransactionAdvisor'
14:11:16.854 [Test worker] DEBUG o.s.b.f.s.DefaultListableBeanFactory - Eagerly caching bean 'spring.jta.CONFIGURATION_PROPERTIES' to allow for resolving potential circular references
14:11:16.857 [Test worker] DEBUG o.s.core.env.MutablePropertySources - Adding [Inlined Test Properties] PropertySource with lowest search precedence
14:11:16.857 [Test worker] DEBUG o.s.core.env.MutablePropertySources - Adding [systemProperties] PropertySource with lowest search precedence
14:11:16.857 [Test worker] DEBUG o.s.core.env.MutablePropertySources - Adding [systemEnvironment] PropertySource with lowest search precedence
14:11:16.857 [Test worker] DEBUG o.s.core.env.MutablePropertySources - Adding [localProperties] PropertySource with lowest search precedence
14:11:16.857 [Test worker] DEBUG o.s.core.env.MutablePropertySources - Adding [Inlined Test Properties] PropertySource with lowest search precedence
14:11:16.857 [Test worker] DEBUG o.s.core.env.MutablePropertySources - Adding [systemProperties] PropertySource with lowest search precedence
14:11:16.857 [Test worker] DEBUG o.s.core.env.MutablePropertySources - Adding [systemEnvironment] PropertySource with lowest search precedence
14:11:16.857 [Test worker] DEBUG o.s.core.env.MutablePropertySources - Adding [localProperties] PropertySource with lowest search precedence
14:11:16.857 [Test worker] DEBUG o.s.c.e.PropertySourcesPropertyResolver - Searching for key 'timezone' in [Inlined Test Properties]
14:11:16.857 [Test worker] DEBUG o.s.c.e.PropertySourcesPropertyResolver - Found key 'timezone' in [Inlined Test Properties] with type [String] and value 'GMT'
14:11:16.857 [Test worker] DEBUG o.s.core.env.MutablePropertySources - Adding [Inlined Test Properties] PropertySource with lowest search precedence
14:11:16.857 [Test worker] DEBUG o.s.core.env.MutablePropertySources - Adding [systemProperties] PropertySource with lowest search precedence
14:11:16.857 [Test worker] DEBUG o.s.core.env.MutablePropertySources - Adding [systemEnvironment] PropertySource with lowest search precedence
14:11:16.857 [Test worker] DEBUG o.s.core.env.MutablePropertySources - Adding [localProperties] PropertySource with lowest search precedence
14:11:16.857 [Test worker] DEBUG o.s.c.e.PropertySourcesPropertyResolver - Searching for key 'port' in [Inlined Test Properties]
14:11:16.857 [Test worker] DEBUG o.s.c.e.PropertySourcesPropertyResolver - Found key 'port' in [Inlined Test Properties] with type [String] and value '4242'
14:11:16.858 [Test worker] DEBUG o.s.b.f.s.DefaultListableBeanFactory - Returning cached instance of singleton bean 'org.springframework.transaction.config.internalTransactionAdvisor'
14:11:16.858 [Test worker] DEBUG o.s.b.f.s.DefaultListableBeanFactory - Returning cached instance of singleton bean 'org.springframework.transaction.config.internalTransactionAdvisor'
14:11:16.858 [Test worker] DEBUG o.s.j.a.JmsListenerAnnotationBeanPostProcessor - No @JmsListener annotations found on bean class: class org.springframework.boot.autoconfigure.jta.JtaProperties
14:11:16.858 [Test worker] DEBUG o.s.b.f.s.DefaultListableBeanFactory - Finished creating instance of bean 'spring.jta.CONFIGURATION_PROPERTIES'
14:11:16.858 [Test worker] DEBUG o.s.b.f.s.DefaultListableBeanFactory - Returning cached instance of singleton bean 'org.springframework.boot.context.properties.ConfigurationPropertiesBindingPostProcessor'
14:11:16.858 [Test worker] DEBUG o.s.b.f.s.DefaultListableBeanFactory - Returning cached instance of singleton bean 'org.springframework.boot.context.properties.ConfigurationPropertiesBindingPostProcessor.store'
14:11:16.858 [Test worker] DEBUG o.s.b.f.s.DefaultListableBeanFactory - Creating shared instance of singleton bean 'org.springframework.boot.autoconfigure.jdbc.DataSourceAutoConfiguration$JdbcTemplateConfiguration'
14:11:16.858 [Test worker] DEBUG o.s.b.f.s.DefaultListableBeanFactory - Creating instance of bean 'org.springframework.boot.autoconfigure.jdbc.DataSourceAutoConfiguration$JdbcTemplateConfiguration'
14:11:16.858 [Test worker] DEBUG o.s.b.f.s.DefaultListableBeanFactory - Returning cached instance of singleton bean 'org.springframework.transaction.config.internalTransactionAdvisor'
14:11:16.859 [Test worker] DEBUG o.s.b.f.annotation.InjectionMetadata - Registered injected element on class [org.springframework.boot.autoconfigure.jdbc.DataSourceAutoConfiguration$JdbcTemplateConfiguration$$EnhancerBySpringCGLIB$$a5d5a47]: AutowiredFieldElement for private javax.sql.DataSource org.springframework.boot.autoconfigure.jdbc.DataSourceAutoConfiguration$JdbcTemplateConfiguration.dataSource
14:11:16.860 [Test worker] DEBUG o.s.b.f.s.DefaultListableBeanFactory - Eagerly caching bean 'org.springframework.boot.autoconfigure.jdbc.DataSourceAutoConfiguration$JdbcTemplateConfiguration' to allow for resolving potential circular references
14:11:16.862 [Test worker] DEBUG o.s.b.f.annotation.InjectionMetadata - Processing injected element of bean 'org.springframework.boot.autoconfigure.jdbc.DataSourceAutoConfiguration$JdbcTemplateConfiguration': AutowiredFieldElement for private javax.sql.DataSource org.springframework.boot.autoconfigure.jdbc.DataSourceAutoConfiguration$JdbcTemplateConfiguration.dataSource
14:11:16.863 [Test worker] DEBUG o.s.b.f.s.DefaultListableBeanFactory - Returning cached instance of singleton bean 'dataSource'
14:11:16.863 [Test worker] DEBUG o.s.b.f.a.AutowiredAnnotationBeanPostProcessor - Autowiring by type from bean name 'org.springframework.boot.autoconfigure.jdbc.DataSourceAutoConfiguration$JdbcTemplateConfiguration' to bean named 'dataSource'
14:11:16.863 [Test worker] DEBUG o.s.b.f.s.DefaultListableBeanFactory - Returning cached instance of singleton bean 'org.springframework.transaction.config.internalTransactionAdvisor'
14:11:16.863 [Test worker] DEBUG o.s.b.f.s.DefaultListableBeanFactory - Returning cached instance of singleton bean 'org.springframework.transaction.config.internalTransactionAdvisor'
14:11:16.865 [Test worker] DEBUG o.s.j.a.JmsListenerAnnotationBeanPostProcessor - No @JmsListener annotations found on bean class: class org.springframework.boot.autoconfigure.jdbc.DataSourceAutoConfiguration$JdbcTemplateConfiguration$$EnhancerBySpringCGLIB$$a5d5a47
14:11:16.865 [Test worker] DEBUG o.s.b.f.s.DefaultListableBeanFactory - Finished creating instance of bean 'org.springframework.boot.autoconfigure.jdbc.DataSourceAutoConfiguration$JdbcTemplateConfiguration'
14:11:16.865 [Test worker] DEBUG o.s.b.f.s.DefaultListableBeanFactory - Creating shared instance of singleton bean 'jdbcTemplate'
14:11:16.865 [Test worker] DEBUG o.s.b.f.s.DefaultListableBeanFactory - Creating instance of bean 'jdbcTemplate'
14:11:16.865 [Test worker] DEBUG o.s.b.f.s.DefaultListableBeanFactory - Returning cached instance of singleton bean 'org.springframework.transaction.config.internalTransactionAdvisor'
14:11:16.865 [Test worker] DEBUG o.s.b.f.s.DefaultListableBeanFactory - Returning cached instance of singleton bean 'org.springframework.boot.autoconfigure.jdbc.DataSourceAutoConfiguration$JdbcTemplateConfiguration'
14:11:16.877 [Test worker] DEBUG o.s.b.f.s.DefaultListableBeanFactory - Eagerly caching bean 'jdbcTemplate' to allow for resolving potential circular references
14:11:16.885 [Test worker] DEBUG o.s.b.f.s.DefaultListableBeanFactory - Invoking afterPropertiesSet() on bean with name 'jdbcTemplate'
14:11:16.885 [Test worker] DEBUG o.s.b.f.s.DefaultListableBeanFactory - Returning cached instance of singleton bean 'org.springframework.transaction.config.internalTransactionAdvisor'
14:11:16.885 [Test worker] DEBUG o.s.b.f.s.DefaultListableBeanFactory - Returning cached instance of singleton bean 'org.springframework.transaction.config.internalTransactionAdvisor'
14:11:16.897 [Test worker] DEBUG o.s.j.a.JmsListenerAnnotationBeanPostProcessor - No @JmsListener annotations found on bean class: class org.springframework.jdbc.core.JdbcTemplate
14:11:16.897 [Test worker] DEBUG o.s.b.f.s.DefaultListableBeanFactory - Finished creating instance of bean 'jdbcTemplate'
14:11:16.897 [Test worker] DEBUG o.s.b.f.s.DefaultListableBeanFactory - Creating shared instance of singleton bean 'namedParameterJdbcTemplate'
14:11:16.897 [Test worker] DEBUG o.s.b.f.s.DefaultListableBeanFactory - Creating instance of bean 'namedParameterJdbcTemplate'
14:11:16.897 [Test worker] DEBUG o.s.b.f.s.DefaultListableBeanFactory - Returning cached instance of singleton bean 'org.springframework.transaction.config.internalTransactionAdvisor'
14:11:16.897 [Test worker] DEBUG o.s.b.f.s.DefaultListableBeanFactory - Returning cached instance of singleton bean 'org.springframework.boot.autoconfigure.jdbc.DataSourceAutoConfiguration$JdbcTemplateConfiguration'
14:11:16.900 [Test worker] DEBUG o.s.b.f.s.DefaultListableBeanFactory - Eagerly caching bean 'namedParameterJdbcTemplate' to allow for resolving potential circular references
14:11:16.904 [Test worker] DEBUG o.s.b.f.s.DefaultListableBeanFactory - Returning cached instance of singleton bean 'org.springframework.transaction.config.internalTransactionAdvisor'
14:11:16.904 [Test worker] DEBUG o.s.b.f.s.DefaultListableBeanFactory - Returning cached instance of singleton bean 'org.springframework.transaction.config.internalTransactionAdvisor'
14:11:16.909 [Test worker] DEBUG o.s.j.a.JmsListenerAnnotationBeanPostProcessor - No @JmsListener annotations found on bean class: class org.springframework.jdbc.core.namedparam.NamedParameterJdbcTemplate
14:11:16.909 [Test worker] DEBUG o.s.b.f.s.DefaultListableBeanFactory - Finished creating instance of bean 'namedParameterJdbcTemplate'
14:11:16.909 [Test worker] DEBUG o.s.b.f.s.DefaultListableBeanFactory - Returning cached instance of singleton bean 'org.springframework.boot.autoconfigure.jdbc.DataSourceAutoConfiguration$DataSourceInitializerConfiguration'
14:11:16.909 [Test worker] DEBUG o.s.b.f.s.DefaultListableBeanFactory - Returning cached instance of singleton bean 'dataSourceInitializer'
14:11:16.909 [Test worker] DEBUG o.s.b.f.s.DefaultListableBeanFactory - Creating shared instance of singleton bean 'org.springframework.boot.autoconfigure.jdbc.metadata.DataSourcePoolMetadataProvidersConfiguration$CommonsDbcpPoolDataSourceMetadataProviderConfiguration'
14:11:16.909 [Test worker] DEBUG o.s.b.f.s.DefaultListableBeanFactory - Creating instance of bean 'org.springframework.boot.autoconfigure.jdbc.metadata.DataSourcePoolMetadataProvidersConfiguration$CommonsDbcpPoolDataSourceMetadataProviderConfiguration'
14:11:16.909 [Test worker] DEBUG o.s.b.f.s.DefaultListableBeanFactory - Returning cached instance of singleton bean 'org.springframework.transaction.config.internalTransactionAdvisor'
14:11:16.910 [Test worker] DEBUG o.s.b.f.s.DefaultListableBeanFactory - Eagerly caching bean 'org.springframework.boot.autoconfigure.jdbc.metadata.DataSourcePoolMetadataProvidersConfiguration$CommonsDbcpPoolDataSourceMetadataProviderConfiguration' to allow for resolving potential circular references
14:11:16.915 [Test worker] DEBUG o.s.b.f.s.DefaultListableBeanFactory - Returning cached instance of singleton bean 'org.springframework.transaction.config.internalTransactionAdvisor'
14:11:16.915 [Test worker] DEBUG o.s.b.f.s.DefaultListableBeanFactory - Returning cached instance of singleton bean 'org.springframework.transaction.config.internalTransactionAdvisor'
14:11:16.916 [Test worker] DEBUG o.s.j.a.JmsListenerAnnotationBeanPostProcessor - No @JmsListener annotations found on bean class: class org.springframework.boot.autoconfigure.jdbc.metadata.DataSourcePoolMetadataProvidersConfiguration$CommonsDbcpPoolDataSourceMetadataProviderConfiguration$$EnhancerBySpringCGLIB$$21479f39
14:11:16.916 [Test worker] DEBUG o.s.b.f.s.DefaultListableBeanFactory - Finished creating instance of bean 'org.springframework.boot.autoconfigure.jdbc.metadata.DataSourcePoolMetadataProvidersConfiguration$CommonsDbcpPoolDataSourceMetadataProviderConfiguration'
14:11:16.916 [Test worker] DEBUG o.s.b.f.s.DefaultListableBeanFactory - Creating shared instance of singleton bean 'commonsDbcpPoolDataSourceMetadataProvider'
14:11:16.916 [Test worker] DEBUG o.s.b.f.s.DefaultListableBeanFactory - Creating instance of bean 'commonsDbcpPoolDataSourceMetadataProvider'
14:11:16.916 [Test worker] DEBUG o.s.b.f.s.DefaultListableBeanFactory - Returning cached instance of singleton bean 'org.springframework.transaction.config.internalTransactionAdvisor'
14:11:16.916 [Test worker] DEBUG o.s.b.f.s.DefaultListableBeanFactory - Returning cached instance of singleton bean 'org.springframework.boot.autoconfigure.jdbc.metadata.DataSourcePoolMetadataProvidersConfiguration$CommonsDbcpPoolDataSourceMetadataProviderConfiguration'
14:11:16.921 [Test worker] DEBUG o.s.b.f.s.DefaultListableBeanFactory - Eagerly caching bean 'commonsDbcpPoolDataSourceMetadataProvider' to allow for resolving potential circular references
14:11:16.923 [Test worker] DEBUG o.s.b.f.s.DefaultListableBeanFactory - Returning cached instance of singleton bean 'org.springframework.transaction.config.internalTransactionAdvisor'
14:11:16.923 [Test worker] DEBUG o.s.b.f.s.DefaultListableBeanFactory - Returning cached instance of singleton bean 'org.springframework.transaction.config.internalTransactionAdvisor'
14:11:16.923 [Test worker] DEBUG o.s.j.a.JmsListenerAnnotationBeanPostProcessor - No @JmsListener annotations found on bean class: class org.springframework.boot.autoconfigure.jdbc.metadata.DataSourcePoolMetadataProvidersConfiguration$CommonsDbcpPoolDataSourceMetadataProviderConfiguration$1
14:11:16.923 [Test worker] DEBUG o.s.b.f.s.DefaultListableBeanFactory - Finished creating instance of bean 'commonsDbcpPoolDataSourceMetadataProvider'
14:11:16.923 [Test worker] DEBUG o.s.b.f.s.DefaultListableBeanFactory - Creating shared instance of singleton bean 'org.springframework.boot.autoconfigure.jdbc.metadata.DataSourcePoolMetadataProvidersConfiguration$TomcatDataSourcePoolMetadataProviderConfiguration'
14:11:16.923 [Test worker] DEBUG o.s.b.f.s.DefaultListableBeanFactory - Creating instance of bean 'org.springframework.boot.autoconfigure.jdbc.metadata.DataSourcePoolMetadataProvidersConfiguration$TomcatDataSourcePoolMetadataProviderConfiguration'
14:11:16.923 [Test worker] DEBUG o.s.b.f.s.DefaultListableBeanFactory - Returning cached instance of singleton bean 'org.springframework.transaction.config.internalTransactionAdvisor'
14:11:16.923 [Test worker] DEBUG o.s.b.f.s.DefaultListableBeanFactory - Eagerly caching bean 'org.springframework.boot.autoconfigure.jdbc.metadata.DataSourcePoolMetadataProvidersConfiguration$TomcatDataSourcePoolMetadataProviderConfiguration' to allow for resolving potential circular references
14:11:16.925 [Test worker] DEBUG o.s.b.f.s.DefaultListableBeanFactory - Returning cached instance of singleton bean 'org.springframework.transaction.config.internalTransactionAdvisor'
14:11:16.925 [Test worker] DEBUG o.s.b.f.s.DefaultListableBeanFactory - Returning cached instance of singleton bean 'org.springframework.transaction.config.internalTransactionAdvisor'
14:11:16.926 [Test worker] DEBUG o.s.j.a.JmsListenerAnnotationBeanPostProcessor - No @JmsListener annotations found on bean class: class org.springframework.boot.autoconfigure.jdbc.metadata.DataSourcePoolMetadataProvidersConfiguration$TomcatDataSourcePoolMetadataProviderConfiguration$$EnhancerBySpringCGLIB$$ca2d8178
14:11:16.926 [Test worker] DEBUG o.s.b.f.s.DefaultListableBeanFactory - Finished creating instance of bean 'org.springframework.boot.autoconfigure.jdbc.metadata.DataSourcePoolMetadataProvidersConfiguration$TomcatDataSourcePoolMetadataProviderConfiguration'
14:11:16.926 [Test worker] DEBUG o.s.b.f.s.DefaultListableBeanFactory - Creating shared instance of singleton bean 'tomcatPoolDataSourceMetadataProvider'
14:11:16.927 [Test worker] DEBUG o.s.b.f.s.DefaultListableBeanFactory - Creating instance of bean 'tomcatPoolDataSourceMetadataProvider'
14:11:16.927 [Test worker] DEBUG o.s.b.f.s.DefaultListableBeanFactory - Returning cached instance of singleton bean 'org.springframework.transaction.config.internalTransactionAdvisor'
14:11:16.927 [Test worker] DEBUG o.s.b.f.s.DefaultListableBeanFactory - Returning cached instance of singleton bean 'org.springframework.boot.autoconfigure.jdbc.metadata.DataSourcePoolMetadataProvidersConfiguration$TomcatDataSourcePoolMetadataProviderConfiguration'
14:11:16.932 [Test worker] DEBUG o.s.b.f.s.DefaultListableBeanFactory - Eagerly caching bean 'tomcatPoolDataSourceMetadataProvider' to allow for resolving potential circular references
14:11:16.934 [Test worker] DEBUG o.s.b.f.s.DefaultListableBeanFactory - Returning cached instance of singleton bean 'org.springframework.transaction.config.internalTransactionAdvisor'
14:11:16.934 [Test worker] DEBUG o.s.b.f.s.DefaultListableBeanFactory - Returning cached instance of singleton bean 'org.springframework.transaction.config.internalTransactionAdvisor'
14:11:16.934 [Test worker] DEBUG o.s.j.a.JmsListenerAnnotationBeanPostProcessor - No @JmsListener annotations found on bean class: class org.springframework.boot.autoconfigure.jdbc.metadata.DataSourcePoolMetadataProvidersConfiguration$TomcatDataSourcePoolMetadataProviderConfiguration$1
14:11:16.934 [Test worker] DEBUG o.s.b.f.s.DefaultListableBeanFactory - Finished creating instance of bean 'tomcatPoolDataSourceMetadataProvider'
14:11:16.934 [Test worker] DEBUG o.s.b.f.s.DefaultListableBeanFactory - Creating shared instance of singleton bean 'org.springframework.boot.autoconfigure.jdbc.metadata.DataSourcePoolMetadataProvidersConfiguration'
14:11:16.934 [Test worker] DEBUG o.s.b.f.s.DefaultListableBeanFactory - Creating instance of bean 'org.springframework.boot.autoconfigure.jdbc.metadata.DataSourcePoolMetadataProvidersConfiguration'
14:11:16.934 [Test worker] DEBUG o.s.b.f.s.DefaultListableBeanFactory - Returning cached instance of singleton bean 'org.springframework.transaction.config.internalTransactionAdvisor'
14:11:16.935 [Test worker] DEBUG o.s.b.f.s.DefaultListableBeanFactory - Eagerly caching bean 'org.springframework.boot.autoconfigure.jdbc.metadata.DataSourcePoolMetadataProvidersConfiguration' to allow for resolving potential circular references
14:11:16.937 [Test worker] DEBUG o.s.b.f.s.DefaultListableBeanFactory - Returning cached instance of singleton bean 'org.springframework.transaction.config.internalTransactionAdvisor'
14:11:16.937 [Test worker] DEBUG o.s.b.f.s.DefaultListableBeanFactory - Returning cached instance of singleton bean 'org.springframework.transaction.config.internalTransactionAdvisor'
14:11:16.937 [Test worker] DEBUG o.s.j.a.JmsListenerAnnotationBeanPostProcessor - No @JmsListener annotations found on bean class: class org.springframework.boot.autoconfigure.jdbc.metadata.DataSourcePoolMetadataProvidersConfiguration$$EnhancerBySpringCGLIB$$545eb52b
14:11:16.937 [Test worker] DEBUG o.s.b.f.s.DefaultListableBeanFactory - Finished creating instance of bean 'org.springframework.boot.autoconfigure.jdbc.metadata.DataSourcePoolMetadataProvidersConfiguration'
14:11:16.938 [Test worker] DEBUG o.s.b.f.s.DefaultListableBeanFactory - Creating shared instance of singleton bean 'org.springframework.boot.autoconfigure.jdbc.DataSourceAutoConfiguration'
14:11:16.938 [Test worker] DEBUG o.s.b.f.s.DefaultListableBeanFactory - Creating instance of bean 'org.springframework.boot.autoconfigure.jdbc.DataSourceAutoConfiguration'
14:11:16.938 [Test worker] DEBUG o.s.b.f.s.DefaultListableBeanFactory - Returning cached instance of singleton bean 'org.springframework.transaction.config.internalTransactionAdvisor'
14:11:16.938 [Test worker] DEBUG o.s.b.f.s.DefaultListableBeanFactory - Eagerly caching bean 'org.springframework.boot.autoconfigure.jdbc.DataSourceAutoConfiguration' to allow for resolving potential circular references
14:11:16.941 [Test worker] DEBUG o.s.b.f.s.DefaultListableBeanFactory - Returning cached instance of singleton bean 'org.springframework.transaction.config.internalTransactionAdvisor'
14:11:16.941 [Test worker] DEBUG o.s.b.f.s.DefaultListableBeanFactory - Returning cached instance of singleton bean 'org.springframework.transaction.config.internalTransactionAdvisor'
14:11:16.941 [Test worker] DEBUG o.s.j.a.JmsListenerAnnotationBeanPostProcessor - No @JmsListener annotations found on bean class: class org.springframework.boot.autoconfigure.jdbc.DataSourceAutoConfiguration$$EnhancerBySpringCGLIB$$8b14786a
14:11:16.941 [Test worker] DEBUG o.s.b.f.s.DefaultListableBeanFactory - Finished creating instance of bean 'org.springframework.boot.autoconfigure.jdbc.DataSourceAutoConfiguration'
14:11:16.942 [Test worker] DEBUG o.s.b.f.s.DefaultListableBeanFactory - Returning cached instance of singleton bean 'spring.datasource.CONFIGURATION_PROPERTIES'
14:11:16.942 [Test worker] DEBUG o.s.b.f.s.DefaultListableBeanFactory - Returning cached instance of singleton bean 'dataSourceInitializerPostProcessor'
14:11:16.942 [Test worker] DEBUG o.s.b.f.s.DefaultListableBeanFactory - Returning cached instance of singleton bean 'org.springframework.boot.autoconfigure.orm.jpa.HibernateJpaAutoConfiguration'
14:11:16.942 [Test worker] DEBUG o.s.b.f.s.DefaultListableBeanFactory - Creating shared instance of singleton bean 'transactionManager'
14:11:16.942 [Test worker] DEBUG o.s.b.f.s.DefaultListableBeanFactory - Creating instance of bean 'transactionManager'
14:11:16.942 [Test worker] DEBUG o.s.b.f.s.DefaultListableBeanFactory - Returning cached instance of singleton bean 'org.springframework.transaction.config.internalTransactionAdvisor'
14:11:16.942 [Test worker] DEBUG o.s.b.f.s.DefaultListableBeanFactory - Returning cached instance of singleton bean 'org.springframework.boot.autoconfigure.orm.jpa.HibernateJpaAutoConfiguration'
14:11:16.950 [Test worker] DEBUG o.s.b.f.s.DefaultListableBeanFactory - Eagerly caching bean 'transactionManager' to allow for resolving potential circular references
14:11:16.955 [Test worker] DEBUG o.s.b.f.s.DefaultListableBeanFactory - Returning cached instance of singleton bean 'entityManagerFactory'
14:11:16.956 [Test worker] DEBUG o.s.b.f.s.DefaultListableBeanFactory - Invoking afterPropertiesSet() on bean with name 'transactionManager'
14:11:16.957 [Test worker] DEBUG o.s.b.f.s.DefaultListableBeanFactory - Returning cached instance of singleton bean 'org.springframework.transaction.config.internalTransactionAdvisor'
14:11:16.957 [Test worker] DEBUG o.s.b.f.s.DefaultListableBeanFactory - Returning cached instance of singleton bean 'org.springframework.transaction.config.internalTransactionAdvisor'
14:11:16.958 [Test worker] DEBUG o.s.j.a.JmsListenerAnnotationBeanPostProcessor - No @JmsListener annotations found on bean class: class org.springframework.orm.jpa.JpaTransactionManager
14:11:16.958 [Test worker] DEBUG o.s.b.f.s.DefaultListableBeanFactory - Finished creating instance of bean 'transactionManager'
14:11:16.958 [Test worker] DEBUG o.s.b.f.s.DefaultListableBeanFactory - Returning cached instance of singleton bean 'jpaVendorAdapter'
14:11:16.958 [Test worker] DEBUG o.s.b.f.s.DefaultListableBeanFactory - Returning cached instance of singleton bean 'entityManagerFactoryBuilder'
14:11:16.959 [Test worker] DEBUG o.s.b.f.s.DefaultListableBeanFactory - Returning cached instance of singleton bean 'entityManagerFactory'
14:11:16.959 [Test worker] DEBUG o.s.b.f.s.DefaultListableBeanFactory - Returning cached instance of singleton bean 'spring.jpa.CONFIGURATION_PROPERTIES'
14:11:16.959 [Test worker] DEBUG o.s.b.f.s.DefaultListableBeanFactory - Returning cached instance of singleton bean 'dataSourceInitializedPublisher'
14:11:16.959 [Test worker] DEBUG o.s.b.f.s.DefaultListableBeanFactory - Creating shared instance of singleton bean 'org.springframework.boot.autoconfigure.dao.PersistenceExceptionTranslationAutoConfiguration'
14:11:16.959 [Test worker] DEBUG o.s.b.f.s.DefaultListableBeanFactory - Creating instance of bean 'org.springframework.boot.autoconfigure.dao.PersistenceExceptionTranslationAutoConfiguration'
14:11:16.959 [Test worker] DEBUG o.s.b.f.s.DefaultListableBeanFactory - Returning cached instance of singleton bean 'org.springframework.transaction.config.internalTransactionAdvisor'
14:11:16.960 [Test worker] DEBUG o.s.b.f.s.DefaultListableBeanFactory - Eagerly caching bean 'org.springframework.boot.autoconfigure.dao.PersistenceExceptionTranslationAutoConfiguration' to allow for resolving potential circular references
14:11:16.962 [Test worker] DEBUG o.s.b.f.s.DefaultListableBeanFactory - Returning cached instance of singleton bean 'org.springframework.transaction.config.internalTransactionAdvisor'
14:11:16.962 [Test worker] DEBUG o.s.b.f.s.DefaultListableBeanFactory - Returning cached instance of singleton bean 'org.springframework.transaction.config.internalTransactionAdvisor'
14:11:16.963 [Test worker] DEBUG o.s.j.a.JmsListenerAnnotationBeanPostProcessor - No @JmsListener annotations found on bean class: class org.springframework.boot.autoconfigure.dao.PersistenceExceptionTranslationAutoConfiguration
14:11:16.963 [Test worker] DEBUG o.s.b.f.s.DefaultListableBeanFactory - Finished creating instance of bean 'org.springframework.boot.autoconfigure.dao.PersistenceExceptionTranslationAutoConfiguration'
14:11:16.964 [Test worker] DEBUG o.s.b.f.s.DefaultListableBeanFactory - Returning cached instance of singleton bean 'persistenceExceptionTranslationPostProcessor'
14:11:16.964 [Test worker] DEBUG o.s.b.f.s.DefaultListableBeanFactory - Creating shared instance of singleton bean 'org.springframework.boot.autoconfigure.jmx.JmxAutoConfiguration'
14:11:16.964 [Test worker] DEBUG o.s.b.f.s.DefaultListableBeanFactory - Creating instance of bean 'org.springframework.boot.autoconfigure.jmx.JmxAutoConfiguration'
14:11:16.964 [Test worker] DEBUG o.s.b.f.s.DefaultListableBeanFactory - Returning cached instance of singleton bean 'org.springframework.transaction.config.internalTransactionAdvisor'
14:11:16.967 [Test worker] DEBUG o.s.b.f.s.DefaultListableBeanFactory - Eagerly caching bean 'org.springframework.boot.autoconfigure.jmx.JmxAutoConfiguration' to allow for resolving potential circular references
14:11:16.975 [Test worker] DEBUG o.s.b.f.s.DefaultListableBeanFactory - Returning cached instance of singleton bean 'org.springframework.transaction.config.internalTransactionAdvisor'
14:11:16.975 [Test worker] DEBUG o.s.b.f.s.DefaultListableBeanFactory - Returning cached instance of singleton bean 'org.springframework.transaction.config.internalTransactionAdvisor'
14:11:16.976 [Test worker] DEBUG o.s.j.a.JmsListenerAnnotationBeanPostProcessor - No @JmsListener annotations found on bean class: class org.springframework.boot.autoconfigure.jmx.JmxAutoConfiguration$$EnhancerBySpringCGLIB$$742d7ca6
14:11:16.976 [Test worker] DEBUG o.s.b.f.s.DefaultListableBeanFactory - Finished creating instance of bean 'org.springframework.boot.autoconfigure.jmx.JmxAutoConfiguration'
14:11:16.976 [Test worker] DEBUG o.s.b.f.s.DefaultListableBeanFactory - Creating shared instance of singleton bean 'mbeanExporter'
14:11:16.976 [Test worker] DEBUG o.s.b.f.s.DefaultListableBeanFactory - Creating instance of bean 'mbeanExporter'
14:11:16.976 [Test worker] DEBUG o.s.b.f.s.DefaultListableBeanFactory - Returning cached instance of singleton bean 'org.springframework.transaction.config.internalTransactionAdvisor'
14:11:16.976 [Test worker] DEBUG o.s.b.f.s.DefaultListableBeanFactory - Returning cached instance of singleton bean 'org.springframework.boot.autoconfigure.jmx.JmxAutoConfiguration'
14:11:16.978 [Test worker] DEBUG o.s.b.f.s.DefaultListableBeanFactory - Creating shared instance of singleton bean 'objectNamingStrategy'
14:11:16.978 [Test worker] DEBUG o.s.b.f.s.DefaultListableBeanFactory - Creating instance of bean 'objectNamingStrategy'
14:11:16.978 [Test worker] DEBUG o.s.b.f.s.DefaultListableBeanFactory - Returning cached instance of singleton bean 'org.springframework.transaction.config.internalTransactionAdvisor'
14:11:16.978 [Test worker] DEBUG o.s.b.f.s.DefaultListableBeanFactory - Returning cached instance of singleton bean 'org.springframework.boot.autoconfigure.jmx.JmxAutoConfiguration'
14:11:16.980 [Test worker] DEBUG o.s.b.f.s.DefaultListableBeanFactory - Eagerly caching bean 'objectNamingStrategy' to allow for resolving potential circular references
14:11:16.982 [Test worker] DEBUG o.s.b.f.s.DefaultListableBeanFactory - Invoking afterPropertiesSet() on bean with name 'objectNamingStrategy'
14:11:16.982 [Test worker] DEBUG o.s.b.f.s.DefaultListableBeanFactory - Returning cached instance of singleton bean 'org.springframework.transaction.config.internalTransactionAdvisor'
14:11:16.982 [Test worker] DEBUG o.s.b.f.s.DefaultListableBeanFactory - Returning cached instance of singleton bean 'org.springframework.transaction.config.internalTransactionAdvisor'
14:11:16.982 [Test worker] DEBUG o.s.j.a.JmsListenerAnnotationBeanPostProcessor - No @JmsListener annotations found on bean class: class org.springframework.boot.autoconfigure.jmx.ParentAwareNamingStrategy
14:11:16.982 [Test worker] DEBUG o.s.b.f.s.DefaultListableBeanFactory - Finished creating instance of bean 'objectNamingStrategy'
14:11:16.982 [Test worker] DEBUG o.s.b.f.s.DefaultListableBeanFactory - Autowiring by type from bean name 'mbeanExporter' via factory method to bean named 'objectNamingStrategy'
14:11:16.989 [Test worker] DEBUG o.s.b.f.s.DefaultListableBeanFactory - Creating shared instance of singleton bean 'mbeanServer'
14:11:16.989 [Test worker] DEBUG o.s.b.f.s.DefaultListableBeanFactory - Creating instance of bean 'mbeanServer'
14:11:16.989 [Test worker] DEBUG o.s.b.f.s.DefaultListableBeanFactory - Returning cached instance of singleton bean 'org.springframework.transaction.config.internalTransactionAdvisor'
14:11:16.989 [Test worker] DEBUG o.s.b.f.s.DefaultListableBeanFactory - Returning cached instance of singleton bean 'org.springframework.boot.autoconfigure.jmx.JmxAutoConfiguration'
14:11:17.031 [Test worker] DEBUG o.s.jmx.support.JmxUtils - Found MBeanServer: com.sun.jmx.mbeanserver.JmxMBeanServer@346bc66
14:11:17.033 [Test worker] DEBUG o.s.b.f.s.DefaultListableBeanFactory - Eagerly caching bean 'mbeanServer' to allow for resolving potential circular references
14:11:17.035 [Test worker] DEBUG o.s.b.f.s.DefaultListableBeanFactory - Returning cached instance of singleton bean 'org.springframework.transaction.config.internalTransactionAdvisor'
14:11:17.035 [Test worker] DEBUG o.s.b.f.s.DefaultListableBeanFactory - Returning cached instance of singleton bean 'org.springframework.transaction.config.internalTransactionAdvisor'
14:11:17.036 [Test worker] DEBUG o.s.j.a.JmsListenerAnnotationBeanPostProcessor - No @JmsListener annotations found on bean class: class com.sun.jmx.mbeanserver.JmxMBeanServer
14:11:17.036 [Test worker] DEBUG o.s.b.f.s.DefaultListableBeanFactory - Finished creating instance of bean 'mbeanServer'
14:11:17.038 [Test worker] DEBUG o.s.b.f.s.DefaultListableBeanFactory - Eagerly caching bean 'mbeanExporter' to allow for resolving potential circular references
14:11:17.042 [Test worker] DEBUG o.s.b.f.s.DefaultListableBeanFactory - Invoking afterPropertiesSet() on bean with name 'mbeanExporter'
14:11:17.042 [Test worker] DEBUG o.s.b.f.s.DefaultListableBeanFactory - Returning cached instance of singleton bean 'org.springframework.transaction.config.internalTransactionAdvisor'
14:11:17.042 [Test worker] DEBUG o.s.b.f.s.DefaultListableBeanFactory - Returning cached instance of singleton bean 'org.springframework.transaction.config.internalTransactionAdvisor'
14:11:17.043 [Test worker] DEBUG o.s.j.a.JmsListenerAnnotationBeanPostProcessor - No @JmsListener annotations found on bean class: class org.springframework.jmx.export.annotation.AnnotationMBeanExporter
14:11:17.043 [Test worker] DEBUG o.s.b.f.s.DefaultListableBeanFactory - Finished creating instance of bean 'mbeanExporter'
14:11:17.044 [Test worker] DEBUG o.s.b.f.s.DefaultListableBeanFactory - Returning cached instance of singleton bean 'objectNamingStrategy'
14:11:17.044 [Test worker] DEBUG o.s.b.f.s.DefaultListableBeanFactory - Returning cached instance of singleton bean 'mbeanServer'
14:11:17.044 [Test worker] DEBUG o.s.b.f.s.DefaultListableBeanFactory - Returning cached instance of singleton bean 'org.springframework.transaction.annotation.ProxyTransactionManagementConfiguration'
14:11:17.044 [Test worker] DEBUG o.s.b.f.s.DefaultListableBeanFactory - Returning cached instance of singleton bean 'org.springframework.transaction.config.internalTransactionAdvisor'
14:11:17.044 [Test worker] DEBUG o.s.b.f.s.DefaultListableBeanFactory - Returning cached instance of singleton bean 'transactionAttributeSource'
14:11:17.044 [Test worker] DEBUG o.s.b.f.s.DefaultListableBeanFactory - Returning cached instance of singleton bean 'transactionInterceptor'
14:11:17.044 [Test worker] DEBUG o.s.b.f.s.DefaultListableBeanFactory - Creating shared instance of singleton bean 'org.springframework.boot.autoconfigure.jdbc.DataSourceTransactionManagerAutoConfiguration$TransactionManagementConfiguration'
14:11:17.044 [Test worker] DEBUG o.s.b.f.s.DefaultListableBeanFactory - Creating instance of bean 'org.springframework.boot.autoconfigure.jdbc.DataSourceTransactionManagerAutoConfiguration$TransactionManagementConfiguration'
14:11:17.044 [Test worker] DEBUG o.s.b.f.s.DefaultListableBeanFactory - Returning cached instance of singleton bean 'org.springframework.transaction.config.internalTransactionAdvisor'
14:11:17.044 [Test worker] DEBUG o.s.b.f.s.DefaultListableBeanFactory - Eagerly caching bean 'org.springframework.boot.autoconfigure.jdbc.DataSourceTransactionManagerAutoConfiguration$TransactionManagementConfiguration' to allow for resolving potential circular references
14:11:17.047 [Test worker] DEBUG o.s.b.f.s.DefaultListableBeanFactory - Returning cached instance of singleton bean 'org.springframework.transaction.config.internalTransactionAdvisor'
14:11:17.047 [Test worker] DEBUG o.s.b.f.s.DefaultListableBeanFactory - Returning cached instance of singleton bean 'org.springframework.transaction.config.internalTransactionAdvisor'
14:11:17.047 [Test worker] DEBUG o.s.j.a.JmsListenerAnnotationBeanPostProcessor - No @JmsListener annotations found on bean class: class org.springframework.boot.autoconfigure.jdbc.DataSourceTransactionManagerAutoConfiguration$TransactionManagementConfiguration$$EnhancerBySpringCGLIB$$9caec7dc
14:11:17.047 [Test worker] DEBUG o.s.b.f.s.DefaultListableBeanFactory - Finished creating instance of bean 'org.springframework.boot.autoconfigure.jdbc.DataSourceTransactionManagerAutoConfiguration$TransactionManagementConfiguration'
14:11:17.047 [Test worker] DEBUG o.s.b.f.s.DefaultListableBeanFactory - Creating shared instance of singleton bean 'org.springframework.boot.autoconfigure.jdbc.DataSourceTransactionManagerAutoConfiguration'
14:11:17.047 [Test worker] DEBUG o.s.b.f.s.DefaultListableBeanFactory - Creating instance of bean 'org.springframework.boot.autoconfigure.jdbc.DataSourceTransactionManagerAutoConfiguration'
14:11:17.047 [Test worker] DEBUG o.s.b.f.s.DefaultListableBeanFactory - Returning cached instance of singleton bean 'org.springframework.transaction.config.internalTransactionAdvisor'
14:11:17.048 [Test worker] DEBUG o.s.b.f.annotation.InjectionMetadata - Registered injected element on class [org.springframework.boot.autoconfigure.jdbc.DataSourceTransactionManagerAutoConfiguration$$EnhancerBySpringCGLIB$$d564fb3b]: AutowiredFieldElement for private javax.sql.DataSource org.springframework.boot.autoconfigure.jdbc.DataSourceTransactionManagerAutoConfiguration.dataSource
14:11:17.049 [Test worker] DEBUG o.s.b.f.s.DefaultListableBeanFactory - Eagerly caching bean 'org.springframework.boot.autoconfigure.jdbc.DataSourceTransactionManagerAutoConfiguration' to allow for resolving potential circular references
14:11:17.050 [Test worker] DEBUG o.s.b.f.annotation.InjectionMetadata - Processing injected element of bean 'org.springframework.boot.autoconfigure.jdbc.DataSourceTransactionManagerAutoConfiguration': AutowiredFieldElement for private javax.sql.DataSource org.springframework.boot.autoconfigure.jdbc.DataSourceTransactionManagerAutoConfiguration.dataSource
14:11:17.051 [Test worker] DEBUG o.s.b.f.s.DefaultListableBeanFactory - Returning cached instance of singleton bean 'dataSource'
14:11:17.051 [Test worker] DEBUG o.s.b.f.a.AutowiredAnnotationBeanPostProcessor - Autowiring by type from bean name 'org.springframework.boot.autoconfigure.jdbc.DataSourceTransactionManagerAutoConfiguration' to bean named 'dataSource'
14:11:17.051 [Test worker] DEBUG o.s.b.f.s.DefaultListableBeanFactory - Returning cached instance of singleton bean 'org.springframework.transaction.config.internalTransactionAdvisor'
14:11:17.051 [Test worker] DEBUG o.s.b.f.s.DefaultListableBeanFactory - Returning cached instance of singleton bean 'org.springframework.transaction.config.internalTransactionAdvisor'
14:11:17.052 [Test worker] DEBUG o.s.j.a.JmsListenerAnnotationBeanPostProcessor - No @JmsListener annotations found on bean class: class org.springframework.boot.autoconfigure.jdbc.DataSourceTransactionManagerAutoConfiguration$$EnhancerBySpringCGLIB$$d564fb3b
14:11:17.052 [Test worker] DEBUG o.s.b.f.s.DefaultListableBeanFactory - Finished creating instance of bean 'org.springframework.boot.autoconfigure.jdbc.DataSourceTransactionManagerAutoConfiguration'
14:11:17.052 [Test worker] DEBUG o.s.b.f.s.DefaultListableBeanFactory - Creating shared instance of singleton bean 'org.springframework.boot.autoconfigure.jms.activemq.ActiveMQConnectionFactoryConfiguration'
14:11:17.052 [Test worker] DEBUG o.s.b.f.s.DefaultListableBeanFactory - Creating instance of bean 'org.springframework.boot.autoconfigure.jms.activemq.ActiveMQConnectionFactoryConfiguration'
14:11:17.052 [Test worker] DEBUG o.s.b.f.s.DefaultListableBeanFactory - Returning cached instance of singleton bean 'org.springframework.transaction.config.internalTransactionAdvisor'
14:11:17.053 [Test worker] DEBUG o.s.b.f.s.DefaultListableBeanFactory - Eagerly caching bean 'org.springframework.boot.autoconfigure.jms.activemq.ActiveMQConnectionFactoryConfiguration' to allow for resolving potential circular references
14:11:17.055 [Test worker] DEBUG o.s.b.f.s.DefaultListableBeanFactory - Returning cached instance of singleton bean 'org.springframework.transaction.config.internalTransactionAdvisor'
14:11:17.055 [Test worker] DEBUG o.s.b.f.s.DefaultListableBeanFactory - Returning cached instance of singleton bean 'org.springframework.transaction.config.internalTransactionAdvisor'
14:11:17.056 [Test worker] DEBUG o.s.j.a.JmsListenerAnnotationBeanPostProcessor - No @JmsListener annotations found on bean class: class org.springframework.boot.autoconfigure.jms.activemq.ActiveMQConnectionFactoryConfiguration$$EnhancerBySpringCGLIB$$4a22ea9d
14:11:17.056 [Test worker] DEBUG o.s.b.f.s.DefaultListableBeanFactory - Finished creating instance of bean 'org.springframework.boot.autoconfigure.jms.activemq.ActiveMQConnectionFactoryConfiguration'
14:11:17.056 [Test worker] DEBUG o.s.b.f.s.DefaultListableBeanFactory - Creating shared instance of singleton bean 'jmsConnectionFactory'
14:11:17.056 [Test worker] DEBUG o.s.b.f.s.DefaultListableBeanFactory - Creating instance of bean 'jmsConnectionFactory'
14:11:17.056 [Test worker] DEBUG o.s.b.f.s.DefaultListableBeanFactory - Returning cached instance of singleton bean 'org.springframework.transaction.config.internalTransactionAdvisor'
14:11:17.057 [Test worker] DEBUG o.s.b.f.s.DefaultListableBeanFactory - Returning cached instance of singleton bean 'org.springframework.boot.autoconfigure.jms.activemq.ActiveMQConnectionFactoryConfiguration'
14:11:17.058 [Test worker] DEBUG o.s.b.f.s.DefaultListableBeanFactory - Creating shared instance of singleton bean 'spring.activemq.CONFIGURATION_PROPERTIES'
14:11:17.059 [Test worker] DEBUG o.s.b.f.s.DefaultListableBeanFactory - Creating instance of bean 'spring.activemq.CONFIGURATION_PROPERTIES'
14:11:17.059 [Test worker] DEBUG o.s.b.f.s.DefaultListableBeanFactory - Returning cached instance of singleton bean 'org.springframework.transaction.config.internalTransactionAdvisor'
14:11:17.059 [Test worker] DEBUG o.s.b.f.s.DefaultListableBeanFactory - Eagerly caching bean 'spring.activemq.CONFIGURATION_PROPERTIES' to allow for resolving potential circular references
14:11:17.063 [Test worker] DEBUG o.s.core.env.MutablePropertySources - Adding [Inlined Test Properties] PropertySource with lowest search precedence
14:11:17.063 [Test worker] DEBUG o.s.core.env.MutablePropertySources - Adding [systemProperties] PropertySource with lowest search precedence
14:11:17.063 [Test worker] DEBUG o.s.core.env.MutablePropertySources - Adding [systemEnvironment] PropertySource with lowest search precedence
14:11:17.063 [Test worker] DEBUG o.s.core.env.MutablePropertySources - Adding [localProperties] PropertySource with lowest search precedence
14:11:17.064 [Test worker] DEBUG o.s.core.env.MutablePropertySources - Adding [Inlined Test Properties] PropertySource with lowest search precedence
14:11:17.064 [Test worker] DEBUG o.s.core.env.MutablePropertySources - Adding [systemProperties] PropertySource with lowest search precedence
14:11:17.064 [Test worker] DEBUG o.s.core.env.MutablePropertySources - Adding [systemEnvironment] PropertySource with lowest search precedence
14:11:17.064 [Test worker] DEBUG o.s.core.env.MutablePropertySources - Adding [localProperties] PropertySource with lowest search precedence
14:11:17.064 [Test worker] DEBUG o.s.c.e.PropertySourcesPropertyResolver - Searching for key 'timezone' in [Inlined Test Properties]
14:11:17.064 [Test worker] DEBUG o.s.c.e.PropertySourcesPropertyResolver - Found key 'timezone' in [Inlined Test Properties] with type [String] and value 'GMT'
14:11:17.064 [Test worker] DEBUG o.s.core.env.MutablePropertySources - Adding [Inlined Test Properties] PropertySource with lowest search precedence
14:11:17.064 [Test worker] DEBUG o.s.core.env.MutablePropertySources - Adding [systemProperties] PropertySource with lowest search precedence
14:11:17.064 [Test worker] DEBUG o.s.core.env.MutablePropertySources - Adding [systemEnvironment] PropertySource with lowest search precedence
14:11:17.064 [Test worker] DEBUG o.s.core.env.MutablePropertySources - Adding [localProperties] PropertySource with lowest search precedence
14:11:17.064 [Test worker] DEBUG o.s.c.e.PropertySourcesPropertyResolver - Searching for key 'port' in [Inlined Test Properties]
14:11:17.065 [Test worker] DEBUG o.s.c.e.PropertySourcesPropertyResolver - Found key 'port' in [Inlined Test Properties] with type [String] and value '4242'
14:11:17.065 [Test worker] DEBUG o.s.b.f.s.DefaultListableBeanFactory - Returning cached instance of singleton bean 'org.springframework.transaction.config.internalTransactionAdvisor'
14:11:17.065 [Test worker] DEBUG o.s.b.f.s.DefaultListableBeanFactory - Returning cached instance of singleton bean 'org.springframework.transaction.config.internalTransactionAdvisor'
14:11:17.066 [Test worker] DEBUG o.s.j.a.JmsListenerAnnotationBeanPostProcessor - No @JmsListener annotations found on bean class: class org.springframework.boot.autoconfigure.jms.activemq.ActiveMQProperties
14:11:17.066 [Test worker] DEBUG o.s.b.f.s.DefaultListableBeanFactory - Finished creating instance of bean 'spring.activemq.CONFIGURATION_PROPERTIES'
14:11:17.066 [Test worker] DEBUG o.s.b.f.s.DefaultListableBeanFactory - Autowiring by type from bean name 'jmsConnectionFactory' via factory method to bean named 'spring.activemq.CONFIGURATION_PROPERTIES'
14:11:17.096 [Test worker] DEBUG o.s.b.f.s.DefaultListableBeanFactory - Eagerly caching bean 'jmsConnectionFactory' to allow for resolving potential circular references
14:11:17.102 [Test worker] DEBUG o.s.b.f.s.DefaultListableBeanFactory - Returning cached instance of singleton bean 'org.springframework.transaction.config.internalTransactionAdvisor'
14:11:17.103 [Test worker] DEBUG o.s.b.f.s.DefaultListableBeanFactory - Returning cached instance of singleton bean 'org.springframework.transaction.config.internalTransactionAdvisor'
14:11:17.104 [Test worker] DEBUG o.s.j.a.JmsListenerAnnotationBeanPostProcessor - No @JmsListener annotations found on bean class: class org.apache.activemq.ActiveMQConnectionFactory
14:11:17.105 [Test worker] DEBUG o.s.b.f.s.DefaultListableBeanFactory - Finished creating instance of bean 'jmsConnectionFactory'
14:11:17.105 [Test worker] DEBUG o.s.b.f.s.DefaultListableBeanFactory - Creating shared instance of singleton bean 'org.springframework.boot.autoconfigure.jms.activemq.ActiveMQAutoConfiguration'
14:11:17.105 [Test worker] DEBUG o.s.b.f.s.DefaultListableBeanFactory - Creating instance of bean 'org.springframework.boot.autoconfigure.jms.activemq.ActiveMQAutoConfiguration'
14:11:17.105 [Test worker] DEBUG o.s.b.f.s.DefaultListableBeanFactory - Returning cached instance of singleton bean 'org.springframework.transaction.config.internalTransactionAdvisor'
14:11:17.106 [Test worker] DEBUG o.s.b.f.s.DefaultListableBeanFactory - Eagerly caching bean 'org.springframework.boot.autoconfigure.jms.activemq.ActiveMQAutoConfiguration' to allow for resolving potential circular references
14:11:17.107 [Test worker] DEBUG o.s.b.f.s.DefaultListableBeanFactory - Returning cached instance of singleton bean 'org.springframework.transaction.config.internalTransactionAdvisor'
14:11:17.108 [Test worker] DEBUG o.s.b.f.s.DefaultListableBeanFactory - Returning cached instance of singleton bean 'org.springframework.transaction.config.internalTransactionAdvisor'
14:11:17.108 [Test worker] DEBUG o.s.j.a.JmsListenerAnnotationBeanPostProcessor - No @JmsListener annotations found on bean class: class org.springframework.boot.autoconfigure.jms.activemq.ActiveMQAutoConfiguration$$EnhancerBySpringCGLIB$$5f9d8112
14:11:17.108 [Test worker] DEBUG o.s.b.f.s.DefaultListableBeanFactory - Finished creating instance of bean 'org.springframework.boot.autoconfigure.jms.activemq.ActiveMQAutoConfiguration'
14:11:17.108 [Test worker] DEBUG o.s.b.f.s.DefaultListableBeanFactory - Returning cached instance of singleton bean 'spring.activemq.CONFIGURATION_PROPERTIES'
14:11:17.108 [Test worker] DEBUG o.s.b.f.s.DefaultListableBeanFactory - Creating shared instance of singleton bean 'org.springframework.boot.autoconfigure.jms.JmsAutoConfiguration$MessagingTemplateConfiguration'
14:11:17.108 [Test worker] DEBUG o.s.b.f.s.DefaultListableBeanFactory - Creating instance of bean 'org.springframework.boot.autoconfigure.jms.JmsAutoConfiguration$MessagingTemplateConfiguration'
14:11:17.108 [Test worker] DEBUG o.s.b.f.s.DefaultListableBeanFactory - Returning cached instance of singleton bean 'org.springframework.transaction.config.internalTransactionAdvisor'
14:11:17.108 [Test worker] DEBUG o.s.b.f.s.DefaultListableBeanFactory - Eagerly caching bean 'org.springframework.boot.autoconfigure.jms.JmsAutoConfiguration$MessagingTemplateConfiguration' to allow for resolving potential circular references
14:11:17.109 [Test worker] DEBUG o.s.b.f.s.DefaultListableBeanFactory - Returning cached instance of singleton bean 'org.springframework.transaction.config.internalTransactionAdvisor'
14:11:17.109 [Test worker] DEBUG o.s.b.f.s.DefaultListableBeanFactory - Returning cached instance of singleton bean 'org.springframework.transaction.config.internalTransactionAdvisor'
14:11:17.109 [Test worker] DEBUG o.s.j.a.JmsListenerAnnotationBeanPostProcessor - No @JmsListener annotations found on bean class: class org.springframework.boot.autoconfigure.jms.JmsAutoConfiguration$MessagingTemplateConfiguration
14:11:17.109 [Test worker] DEBUG o.s.b.f.s.DefaultListableBeanFactory - Finished creating instance of bean 'org.springframework.boot.autoconfigure.jms.JmsAutoConfiguration$MessagingTemplateConfiguration'
14:11:17.109 [Test worker] DEBUG o.s.b.f.s.DefaultListableBeanFactory - Creating shared instance of singleton bean 'jmsMessagingTemplate'
14:11:17.109 [Test worker] DEBUG o.s.b.f.s.DefaultListableBeanFactory - Creating instance of bean 'jmsMessagingTemplate'
14:11:17.109 [Test worker] DEBUG o.s.b.f.s.DefaultListableBeanFactory - Returning cached instance of singleton bean 'org.springframework.transaction.config.internalTransactionAdvisor'
14:11:17.109 [Test worker] DEBUG o.s.b.f.s.DefaultListableBeanFactory - Returning cached instance of singleton bean 'org.springframework.boot.autoconfigure.jms.JmsAutoConfiguration$MessagingTemplateConfiguration'
14:11:17.110 [Test worker] DEBUG o.s.b.f.s.DefaultListableBeanFactory - Creating shared instance of singleton bean 'jmsTemplate'
14:11:17.110 [Test worker] DEBUG o.s.b.f.s.DefaultListableBeanFactory - Creating instance of bean 'jmsTemplate'
14:11:17.110 [Test worker] DEBUG o.s.b.f.s.DefaultListableBeanFactory - Returning cached instance of singleton bean 'org.springframework.transaction.config.internalTransactionAdvisor'
14:11:17.110 [Test worker] DEBUG o.s.b.f.s.DefaultListableBeanFactory - Creating shared instance of singleton bean 'org.springframework.boot.autoconfigure.jms.JmsAutoConfiguration'
14:11:17.110 [Test worker] DEBUG o.s.b.f.s.DefaultListableBeanFactory - Creating instance of bean 'org.springframework.boot.autoconfigure.jms.JmsAutoConfiguration'
14:11:17.110 [Test worker] DEBUG o.s.b.f.s.DefaultListableBeanFactory - Returning cached instance of singleton bean 'org.springframework.transaction.config.internalTransactionAdvisor'
14:11:17.112 [Test worker] DEBUG o.s.b.f.annotation.InjectionMetadata - Registered injected element on class [org.springframework.boot.autoconfigure.jms.JmsAutoConfiguration$$EnhancerBySpringCGLIB$$1d846af0]: AutowiredFieldElement for private org.springframework.boot.autoconfigure.jms.JmsProperties org.springframework.boot.autoconfigure.jms.JmsAutoConfiguration.properties
14:11:17.113 [Test worker] DEBUG o.s.b.f.annotation.InjectionMetadata - Registered injected element on class [org.springframework.boot.autoconfigure.jms.JmsAutoConfiguration$$EnhancerBySpringCGLIB$$1d846af0]: AutowiredFieldElement for private javax.jms.ConnectionFactory org.springframework.boot.autoconfigure.jms.JmsAutoConfiguration.connectionFactory
14:11:17.113 [Test worker] DEBUG o.s.b.f.annotation.InjectionMetadata - Registered injected element on class [org.springframework.boot.autoconfigure.jms.JmsAutoConfiguration$$EnhancerBySpringCGLIB$$1d846af0]: AutowiredFieldElement for private org.springframework.jms.support.destination.DestinationResolver org.springframework.boot.autoconfigure.jms.JmsAutoConfiguration.destinationResolver
14:11:17.113 [Test worker] DEBUG o.s.b.f.s.DefaultListableBeanFactory - Eagerly caching bean 'org.springframework.boot.autoconfigure.jms.JmsAutoConfiguration' to allow for resolving potential circular references
14:11:17.115 [Test worker] DEBUG o.s.b.f.annotation.InjectionMetadata - Processing injected element of bean 'org.springframework.boot.autoconfigure.jms.JmsAutoConfiguration': AutowiredFieldElement for private org.springframework.boot.autoconfigure.jms.JmsProperties org.springframework.boot.autoconfigure.jms.JmsAutoConfiguration.properties
14:11:17.116 [Test worker] DEBUG o.s.b.f.s.DefaultListableBeanFactory - Creating shared instance of singleton bean 'spring.jms.CONFIGURATION_PROPERTIES'
14:11:17.116 [Test worker] DEBUG o.s.b.f.s.DefaultListableBeanFactory - Creating instance of bean 'spring.jms.CONFIGURATION_PROPERTIES'
14:11:17.116 [Test worker] DEBUG o.s.b.f.s.DefaultListableBeanFactory - Returning cached instance of singleton bean 'org.springframework.transaction.config.internalTransactionAdvisor'
14:11:17.116 [Test worker] DEBUG o.s.b.f.s.DefaultListableBeanFactory - Eagerly caching bean 'spring.jms.CONFIGURATION_PROPERTIES' to allow for resolving potential circular references
14:11:17.119 [Test worker] DEBUG o.s.core.env.MutablePropertySources - Adding [Inlined Test Properties] PropertySource with lowest search precedence
14:11:17.119 [Test worker] DEBUG o.s.core.env.MutablePropertySources - Adding [systemProperties] PropertySource with lowest search precedence
14:11:17.119 [Test worker] DEBUG o.s.core.env.MutablePropertySources - Adding [systemEnvironment] PropertySource with lowest search precedence
14:11:17.119 [Test worker] DEBUG o.s.core.env.MutablePropertySources - Adding [localProperties] PropertySource with lowest search precedence
14:11:17.119 [Test worker] DEBUG o.s.core.env.MutablePropertySources - Adding [Inlined Test Properties] PropertySource with lowest search precedence
14:11:17.119 [Test worker] DEBUG o.s.core.env.MutablePropertySources - Adding [systemProperties] PropertySource with lowest search precedence
14:11:17.119 [Test worker] DEBUG o.s.core.env.MutablePropertySources - Adding [systemEnvironment] PropertySource with lowest search precedence
14:11:17.119 [Test worker] DEBUG o.s.core.env.MutablePropertySources - Adding [localProperties] PropertySource with lowest search precedence
14:11:17.120 [Test worker] DEBUG o.s.c.e.PropertySourcesPropertyResolver - Searching for key 'timezone' in [Inlined Test Properties]
14:11:17.120 [Test worker] DEBUG o.s.c.e.PropertySourcesPropertyResolver - Found key 'timezone' in [Inlined Test Properties] with type [String] and value 'GMT'
14:11:17.120 [Test worker] DEBUG o.s.core.env.MutablePropertySources - Adding [Inlined Test Properties] PropertySource with lowest search precedence
14:11:17.120 [Test worker] DEBUG o.s.core.env.MutablePropertySources - Adding [systemProperties] PropertySource with lowest search precedence
14:11:17.120 [Test worker] DEBUG o.s.core.env.MutablePropertySources - Adding [systemEnvironment] PropertySource with lowest search precedence
14:11:17.120 [Test worker] DEBUG o.s.core.env.MutablePropertySources - Adding [localProperties] PropertySource with lowest search precedence
14:11:17.120 [Test worker] DEBUG o.s.c.e.PropertySourcesPropertyResolver - Searching for key 'port' in [Inlined Test Properties]
14:11:17.120 [Test worker] DEBUG o.s.c.e.PropertySourcesPropertyResolver - Found key 'port' in [Inlined Test Properties] with type [String] and value '4242'
14:11:17.121 [Test worker] DEBUG o.s.b.f.s.DefaultListableBeanFactory - Returning cached instance of singleton bean 'org.springframework.transaction.config.internalTransactionAdvisor'
14:11:17.121 [Test worker] DEBUG o.s.b.f.s.DefaultListableBeanFactory - Returning cached instance of singleton bean 'org.springframework.transaction.config.internalTransactionAdvisor'
14:11:17.122 [Test worker] DEBUG o.s.j.a.JmsListenerAnnotationBeanPostProcessor - No @JmsListener annotations found on bean class: class org.springframework.boot.autoconfigure.jms.JmsProperties
14:11:17.122 [Test worker] DEBUG o.s.b.f.s.DefaultListableBeanFactory - Finished creating instance of bean 'spring.jms.CONFIGURATION_PROPERTIES'
14:11:17.122 [Test worker] DEBUG o.s.b.f.a.AutowiredAnnotationBeanPostProcessor - Autowiring by type from bean name 'org.springframework.boot.autoconfigure.jms.JmsAutoConfiguration' to bean named 'spring.jms.CONFIGURATION_PROPERTIES'
14:11:17.122 [Test worker] DEBUG o.s.b.f.annotation.InjectionMetadata - Processing injected element of bean 'org.springframework.boot.autoconfigure.jms.JmsAutoConfiguration': AutowiredFieldElement for private javax.jms.ConnectionFactory org.springframework.boot.autoconfigure.jms.JmsAutoConfiguration.connectionFactory
14:11:17.123 [Test worker] DEBUG o.s.b.f.s.DefaultListableBeanFactory - Returning cached instance of singleton bean 'jmsConnectionFactory'
14:11:17.123 [Test worker] DEBUG o.s.b.f.a.AutowiredAnnotationBeanPostProcessor - Autowiring by type from bean name 'org.springframework.boot.autoconfigure.jms.JmsAutoConfiguration' to bean named 'jmsConnectionFactory'
14:11:17.123 [Test worker] DEBUG o.s.b.f.annotation.InjectionMetadata - Processing injected element of bean 'org.springframework.boot.autoconfigure.jms.JmsAutoConfiguration': AutowiredFieldElement for private org.springframework.jms.support.destination.DestinationResolver org.springframework.boot.autoconfigure.jms.JmsAutoConfiguration.destinationResolver
14:11:17.124 [Test worker] DEBUG o.s.b.f.s.DefaultListableBeanFactory - Returning cached instance of singleton bean 'org.springframework.transaction.config.internalTransactionAdvisor'
14:11:17.124 [Test worker] DEBUG o.s.b.f.s.DefaultListableBeanFactory - Returning cached instance of singleton bean 'org.springframework.transaction.config.internalTransactionAdvisor'
14:11:17.124 [Test worker] DEBUG o.s.j.a.JmsListenerAnnotationBeanPostProcessor - No @JmsListener annotations found on bean class: class org.springframework.boot.autoconfigure.jms.JmsAutoConfiguration$$EnhancerBySpringCGLIB$$1d846af0
14:11:17.124 [Test worker] DEBUG o.s.b.f.s.DefaultListableBeanFactory - Finished creating instance of bean 'org.springframework.boot.autoconfigure.jms.JmsAutoConfiguration'
14:11:17.134 [Test worker] DEBUG o.s.b.f.s.DefaultListableBeanFactory - Eagerly caching bean 'jmsTemplate' to allow for resolving potential circular references
14:11:17.137 [Test worker] DEBUG o.s.b.f.s.DefaultListableBeanFactory - Invoking afterPropertiesSet() on bean with name 'jmsTemplate'
14:11:17.138 [Test worker] DEBUG o.s.b.f.s.DefaultListableBeanFactory - Returning cached instance of singleton bean 'org.springframework.transaction.config.internalTransactionAdvisor'
14:11:17.138 [Test worker] DEBUG o.s.b.f.s.DefaultListableBeanFactory - Returning cached instance of singleton bean 'org.springframework.transaction.config.internalTransactionAdvisor'
14:11:17.139 [Test worker] DEBUG o.s.j.a.JmsListenerAnnotationBeanPostProcessor - No @JmsListener annotations found on bean class: class org.springframework.jms.core.JmsTemplate
14:11:17.139 [Test worker] DEBUG o.s.b.f.s.DefaultListableBeanFactory - Finished creating instance of bean 'jmsTemplate'
14:11:17.139 [Test worker] DEBUG o.s.b.f.s.DefaultListableBeanFactory - Autowiring by type from bean name 'jmsMessagingTemplate' via factory method to bean named 'jmsTemplate'
14:11:17.147 [Test worker] DEBUG o.s.b.f.s.DefaultListableBeanFactory - Eagerly caching bean 'jmsMessagingTemplate' to allow for resolving potential circular references
14:11:17.154 [Test worker] DEBUG o.s.b.f.s.DefaultListableBeanFactory - Invoking afterPropertiesSet() on bean with name 'jmsMessagingTemplate'
14:11:17.154 [Test worker] DEBUG o.s.b.f.s.DefaultListableBeanFactory - Returning cached instance of singleton bean 'org.springframework.transaction.config.internalTransactionAdvisor'
14:11:17.154 [Test worker] DEBUG o.s.b.f.s.DefaultListableBeanFactory - Returning cached instance of singleton bean 'org.springframework.transaction.config.internalTransactionAdvisor'
14:11:17.155 [Test worker] DEBUG o.s.j.a.JmsListenerAnnotationBeanPostProcessor - No @JmsListener annotations found on bean class: class org.springframework.jms.core.JmsMessagingTemplate
14:11:17.156 [Test worker] DEBUG o.s.b.f.s.DefaultListableBeanFactory - Finished creating instance of bean 'jmsMessagingTemplate'
14:11:17.156 [Test worker] DEBUG o.s.b.f.s.DefaultListableBeanFactory - Returning cached instance of singleton bean 'org.springframework.jms.annotation.JmsBootstrapConfiguration'
14:11:17.156 [Test worker] DEBUG o.s.b.f.s.DefaultListableBeanFactory - Returning cached instance of singleton bean 'org.springframework.jms.config.internalJmsListenerAnnotationProcessor'
14:11:17.156 [Test worker] DEBUG o.s.b.f.s.DefaultListableBeanFactory - Creating shared instance of singleton bean 'org.springframework.jms.config.internalJmsListenerEndpointRegistry'
14:11:17.156 [Test worker] DEBUG o.s.b.f.s.DefaultListableBeanFactory - Creating instance of bean 'org.springframework.jms.config.internalJmsListenerEndpointRegistry'
14:11:17.156 [Test worker] DEBUG o.s.b.f.s.DefaultListableBeanFactory - Returning cached instance of singleton bean 'org.springframework.transaction.config.internalTransactionAdvisor'
14:11:17.156 [Test worker] DEBUG o.s.b.f.s.DefaultListableBeanFactory - Returning cached instance of singleton bean 'org.springframework.jms.annotation.JmsBootstrapConfiguration'
14:11:17.157 [Test worker] DEBUG o.s.b.f.s.DefaultListableBeanFactory - Eagerly caching bean 'org.springframework.jms.config.internalJmsListenerEndpointRegistry' to allow for resolving potential circular references
14:11:17.158 [Test worker] DEBUG o.s.b.f.s.DefaultListableBeanFactory - Returning cached instance of singleton bean 'org.springframework.transaction.config.internalTransactionAdvisor'
14:11:17.158 [Test worker] DEBUG o.s.b.f.s.DefaultListableBeanFactory - Returning cached instance of singleton bean 'org.springframework.transaction.config.internalTransactionAdvisor'
14:11:17.159 [Test worker] DEBUG o.s.j.a.JmsListenerAnnotationBeanPostProcessor - No @JmsListener annotations found on bean class: class org.springframework.jms.config.JmsListenerEndpointRegistry
14:11:17.159 [Test worker] DEBUG o.s.b.f.s.DefaultListableBeanFactory - Finished creating instance of bean 'org.springframework.jms.config.internalJmsListenerEndpointRegistry'
14:11:17.159 [Test worker] DEBUG o.s.b.f.s.DefaultListableBeanFactory - Creating shared instance of singleton bean 'org.springframework.boot.autoconfigure.jms.JmsAnnotationDrivenConfiguration$EnableJmsConfiguration'
14:11:17.159 [Test worker] DEBUG o.s.b.f.s.DefaultListableBeanFactory - Creating instance of bean 'org.springframework.boot.autoconfigure.jms.JmsAnnotationDrivenConfiguration$EnableJmsConfiguration'
14:11:17.159 [Test worker] DEBUG o.s.b.f.s.DefaultListableBeanFactory - Returning cached instance of singleton bean 'org.springframework.transaction.config.internalTransactionAdvisor'
14:11:17.160 [Test worker] DEBUG o.s.b.f.s.DefaultListableBeanFactory - Eagerly caching bean 'org.springframework.boot.autoconfigure.jms.JmsAnnotationDrivenConfiguration$EnableJmsConfiguration' to allow for resolving potential circular references
14:11:17.161 [Test worker] DEBUG o.s.b.f.s.DefaultListableBeanFactory - Returning cached instance of singleton bean 'org.springframework.transaction.config.internalTransactionAdvisor'
14:11:17.161 [Test worker] DEBUG o.s.b.f.s.DefaultListableBeanFactory - Returning cached instance of singleton bean 'org.springframework.transaction.config.internalTransactionAdvisor'
14:11:17.161 [Test worker] DEBUG o.s.j.a.JmsListenerAnnotationBeanPostProcessor - No @JmsListener annotations found on bean class: class org.springframework.boot.autoconfigure.jms.JmsAnnotationDrivenConfiguration$EnableJmsConfiguration
14:11:17.161 [Test worker] DEBUG o.s.b.f.s.DefaultListableBeanFactory - Finished creating instance of bean 'org.springframework.boot.autoconfigure.jms.JmsAnnotationDrivenConfiguration$EnableJmsConfiguration'
14:11:17.162 [Test worker] DEBUG o.s.b.f.s.DefaultListableBeanFactory - Creating shared instance of singleton bean 'org.springframework.boot.autoconfigure.jms.JmsAnnotationDrivenConfiguration'
14:11:17.162 [Test worker] DEBUG o.s.b.f.s.DefaultListableBeanFactory - Creating instance of bean 'org.springframework.boot.autoconfigure.jms.JmsAnnotationDrivenConfiguration'
14:11:17.162 [Test worker] DEBUG o.s.b.f.s.DefaultListableBeanFactory - Returning cached instance of singleton bean 'org.springframework.transaction.config.internalTransactionAdvisor'
14:11:17.163 [Test worker] DEBUG o.s.b.f.annotation.InjectionMetadata - Registered injected element on class [org.springframework.boot.autoconfigure.jms.JmsAnnotationDrivenConfiguration$$EnhancerBySpringCGLIB$$1ded0bec]: AutowiredFieldElement for private org.springframework.jms.support.destination.DestinationResolver org.springframework.boot.autoconfigure.jms.JmsAnnotationDrivenConfiguration.destinationResolver
14:11:17.163 [Test worker] DEBUG o.s.b.f.annotation.InjectionMetadata - Registered injected element on class [org.springframework.boot.autoconfigure.jms.JmsAnnotationDrivenConfiguration$$EnhancerBySpringCGLIB$$1ded0bec]: AutowiredFieldElement for private org.springframework.transaction.PlatformTransactionManager org.springframework.boot.autoconfigure.jms.JmsAnnotationDrivenConfiguration.transactionManager
14:11:17.164 [Test worker] DEBUG o.s.b.f.annotation.InjectionMetadata - Registered injected element on class [org.springframework.boot.autoconfigure.jms.JmsAnnotationDrivenConfiguration$$EnhancerBySpringCGLIB$$1ded0bec]: AutowiredFieldElement for private org.springframework.boot.autoconfigure.jms.JmsProperties org.springframework.boot.autoconfigure.jms.JmsAnnotationDrivenConfiguration.properties
14:11:17.164 [Test worker] DEBUG o.s.b.f.s.DefaultListableBeanFactory - Eagerly caching bean 'org.springframework.boot.autoconfigure.jms.JmsAnnotationDrivenConfiguration' to allow for resolving potential circular references
14:11:17.165 [Test worker] DEBUG o.s.b.f.annotation.InjectionMetadata - Processing injected element of bean 'org.springframework.boot.autoconfigure.jms.JmsAnnotationDrivenConfiguration': AutowiredFieldElement for private org.springframework.jms.support.destination.DestinationResolver org.springframework.boot.autoconfigure.jms.JmsAnnotationDrivenConfiguration.destinationResolver
14:11:17.165 [Test worker] DEBUG o.s.b.f.annotation.InjectionMetadata - Processing injected element of bean 'org.springframework.boot.autoconfigure.jms.JmsAnnotationDrivenConfiguration': AutowiredFieldElement for private org.springframework.transaction.PlatformTransactionManager org.springframework.boot.autoconfigure.jms.JmsAnnotationDrivenConfiguration.transactionManager
14:11:17.166 [Test worker] DEBUG o.s.b.f.s.DefaultListableBeanFactory - Returning cached instance of singleton bean 'transactionManager'
14:11:17.166 [Test worker] DEBUG o.s.b.f.a.AutowiredAnnotationBeanPostProcessor - Autowiring by type from bean name 'org.springframework.boot.autoconfigure.jms.JmsAnnotationDrivenConfiguration' to bean named 'transactionManager'
14:11:17.166 [Test worker] DEBUG o.s.b.f.annotation.InjectionMetadata - Processing injected element of bean 'org.springframework.boot.autoconfigure.jms.JmsAnnotationDrivenConfiguration': AutowiredFieldElement for private org.springframework.boot.autoconfigure.jms.JmsProperties org.springframework.boot.autoconfigure.jms.JmsAnnotationDrivenConfiguration.properties
14:11:17.166 [Test worker] DEBUG o.s.b.f.s.DefaultListableBeanFactory - Returning cached instance of singleton bean 'spring.jms.CONFIGURATION_PROPERTIES'
14:11:17.166 [Test worker] DEBUG o.s.b.f.a.AutowiredAnnotationBeanPostProcessor - Autowiring by type from bean name 'org.springframework.boot.autoconfigure.jms.JmsAnnotationDrivenConfiguration' to bean named 'spring.jms.CONFIGURATION_PROPERTIES'
14:11:17.167 [Test worker] DEBUG o.s.b.f.s.DefaultListableBeanFactory - Returning cached instance of singleton bean 'org.springframework.transaction.config.internalTransactionAdvisor'
14:11:17.167 [Test worker] DEBUG o.s.b.f.s.DefaultListableBeanFactory - Returning cached instance of singleton bean 'org.springframework.transaction.config.internalTransactionAdvisor'
14:11:17.167 [Test worker] DEBUG o.s.j.a.JmsListenerAnnotationBeanPostProcessor - No @JmsListener annotations found on bean class: class org.springframework.boot.autoconfigure.jms.JmsAnnotationDrivenConfiguration$$EnhancerBySpringCGLIB$$1ded0bec
14:11:17.167 [Test worker] DEBUG o.s.b.f.s.DefaultListableBeanFactory - Finished creating instance of bean 'org.springframework.boot.autoconfigure.jms.JmsAnnotationDrivenConfiguration'
14:11:17.167 [Test worker] DEBUG o.s.b.f.s.DefaultListableBeanFactory - Creating shared instance of singleton bean 'jmsListenerContainerFactory'
14:11:17.167 [Test worker] DEBUG o.s.b.f.s.DefaultListableBeanFactory - Creating instance of bean 'jmsListenerContainerFactory'
14:11:17.168 [Test worker] DEBUG o.s.b.f.s.DefaultListableBeanFactory - Returning cached instance of singleton bean 'org.springframework.transaction.config.internalTransactionAdvisor'
14:11:17.168 [Test worker] DEBUG o.s.b.f.s.DefaultListableBeanFactory - Returning cached instance of singleton bean 'org.springframework.boot.autoconfigure.jms.JmsAnnotationDrivenConfiguration'
14:11:17.168 [Test worker] DEBUG o.s.b.f.s.DefaultListableBeanFactory - Returning cached instance of singleton bean 'jmsConnectionFactory'
14:11:17.168 [Test worker] DEBUG o.s.b.f.s.DefaultListableBeanFactory - Autowiring by type from bean name 'jmsListenerContainerFactory' via factory method to bean named 'jmsConnectionFactory'
14:11:17.175 [Test worker] DEBUG o.s.b.f.s.DefaultListableBeanFactory - Eagerly caching bean 'jmsListenerContainerFactory' to allow for resolving potential circular references
14:11:17.178 [Test worker] DEBUG o.s.b.f.s.DefaultListableBeanFactory - Returning cached instance of singleton bean 'org.springframework.transaction.config.internalTransactionAdvisor'
14:11:17.178 [Test worker] DEBUG o.s.b.f.s.DefaultListableBeanFactory - Returning cached instance of singleton bean 'org.springframework.transaction.config.internalTransactionAdvisor'
14:11:17.179 [Test worker] DEBUG o.s.j.a.JmsListenerAnnotationBeanPostProcessor - No @JmsListener annotations found on bean class: class org.springframework.jms.config.DefaultJmsListenerContainerFactory
14:11:17.179 [Test worker] DEBUG o.s.b.f.s.DefaultListableBeanFactory - Finished creating instance of bean 'jmsListenerContainerFactory'
14:11:17.179 [Test worker] DEBUG o.s.b.f.s.DefaultListableBeanFactory - Returning cached instance of singleton bean 'org.springframework.boot.autoconfigure.jms.JmsAutoConfiguration'
14:11:17.179 [Test worker] DEBUG o.s.b.f.s.DefaultListableBeanFactory - Returning cached instance of singleton bean 'jmsTemplate'
14:11:17.179 [Test worker] DEBUG o.s.b.f.s.DefaultListableBeanFactory - Returning cached instance of singleton bean 'spring.jms.CONFIGURATION_PROPERTIES'
14:11:17.179 [Test worker] DEBUG o.s.b.f.s.DefaultListableBeanFactory - Creating shared instance of singleton bean 'org.springframework.orm.jpa.SharedEntityManagerCreator#0'
14:11:17.179 [Test worker] DEBUG o.s.b.f.s.DefaultListableBeanFactory - Creating instance of bean 'org.springframework.orm.jpa.SharedEntityManagerCreator#0'
14:11:17.179 [Test worker] DEBUG o.s.b.f.s.DefaultListableBeanFactory - Returning cached instance of singleton bean 'org.springframework.transaction.config.internalTransactionAdvisor'
14:11:17.179 [Test worker] DEBUG o.s.b.f.s.DefaultListableBeanFactory - Returning cached instance of singleton bean 'entityManagerFactory'
14:11:17.182 [Test worker] DEBUG o.s.b.f.s.DefaultListableBeanFactory - Eagerly caching bean 'org.springframework.orm.jpa.SharedEntityManagerCreator#0' to allow for resolving potential circular references
14:11:17.184 [Test worker] DEBUG o.s.b.f.s.DefaultListableBeanFactory - Returning cached instance of singleton bean 'org.springframework.transaction.config.internalTransactionAdvisor'
14:11:17.184 [Test worker] DEBUG o.s.b.f.s.DefaultListableBeanFactory - Returning cached instance of singleton bean 'org.springframework.transaction.config.internalTransactionAdvisor'
14:11:17.186 [Test worker] DEBUG o.s.j.a.JmsListenerAnnotationBeanPostProcessor - No @JmsListener annotations found on bean class: class com.sun.proxy.$Proxy61
14:11:17.186 [Test worker] DEBUG o.s.b.f.s.DefaultListableBeanFactory - Finished creating instance of bean 'org.springframework.orm.jpa.SharedEntityManagerCreator#0'
14:11:17.186 [Test worker] INFO  o.s.j.e.a.AnnotationMBeanExporter - Registering beans for JMX exposure on startup
14:11:17.186 [Test worker] DEBUG o.s.j.e.a.AnnotationMBeanExporter - Autodetecting user-defined JMX MBeans
14:11:17.189 [Test worker] DEBUG o.s.b.f.s.DefaultListableBeanFactory - Returning cached instance of singleton bean 'org.springframework.jms.config.internalJmsListenerEndpointRegistry'
14:11:17.190 [Test worker] DEBUG o.s.c.s.GenericApplicationContext - Unable to locate LifecycleProcessor with name 'lifecycleProcessor': using default [org.springframework.context.support.DefaultLifecycleProcessor@13b83f77]
14:11:17.191 [Test worker] DEBUG o.s.b.f.s.DefaultListableBeanFactory - Returning cached instance of singleton bean 'org.springframework.jms.config.internalJmsListenerEndpointRegistry'
14:11:17.191 [Test worker] DEBUG o.s.b.f.s.DefaultListableBeanFactory - Returning cached instance of singleton bean 'lifecycleProcessor'
14:11:17.192 [Test worker] INFO  o.s.c.s.DefaultLifecycleProcessor - Starting beans in phase 2147483647
14:11:17.193 [Test worker] DEBUG o.s.c.s.DefaultLifecycleProcessor - Starting bean 'org.springframework.jms.config.internalJmsListenerEndpointRegistry' of type [class org.springframework.jms.config.JmsListenerEndpointRegistry]
14:11:17.193 [Test worker] DEBUG o.s.c.s.DefaultLifecycleProcessor - Successfully started bean 'org.springframework.jms.config.internalJmsListenerEndpointRegistry'
14:11:17.194 [Test worker] DEBUG o.s.c.e.PropertySourcesPropertyResolver - Searching for key 'spring.liveBeansView.mbeanDomain' in [Inlined Test Properties]
14:11:17.194 [Test worker] DEBUG o.s.c.e.PropertySourcesPropertyResolver - Searching for key 'spring.liveBeansView.mbeanDomain' in [systemProperties]
14:11:17.194 [Test worker] DEBUG o.s.c.e.PropertySourcesPropertyResolver - Searching for key 'spring.liveBeansView.mbeanDomain' in [systemEnvironment]
14:11:17.194 [Test worker] DEBUG o.s.c.e.PropertySourcesPropertyResolver - Could not find key 'spring.liveBeansView.mbeanDomain' in any property source. Returning [null]
14:11:17.194 [Test worker] DEBUG o.s.t.c.DefaultCacheAwareContextLoaderDelegate - Storing ApplicationContext in cache under key [[MergedContextConfiguration@19a4f434 testClass = RepositoriesClassSuiteTest, locations = '{}', classes = '{class org.project.neutrino.nfvo.repositories.tests.ApplicationTest}', contextInitializerClasses = '[]', activeProfiles = '{}', propertySourceLocations = '{}', propertySourceProperties = '{timezone = GMT, port: 4242}', contextLoader = 'org.springframework.test.context.support.DelegatingSmartContextLoader', parent = [null]]]
14:11:17.194 [Test worker] DEBUG o.springframework.test.context.cache - Spring test ApplicationContext cache statistics: [ContextCache@33d7a245 size = 1, hitCount = 0, missCount = 1, parentContextCount = 0]
14:11:17.196 [Test worker] DEBUG o.s.b.f.annotation.InjectionMetadata - Processing injected element of bean 'org.project.neutrino.nfvo.repositories.tests.RepositoriesClassSuiteTest': AutowiredFieldElement for private org.springframework.context.ConfigurableApplicationContext org.project.neutrino.nfvo.repositories.tests.RepositoriesClassSuiteTest.ctx
14:11:17.197 [Test worker] DEBUG o.s.b.f.a.AutowiredAnnotationBeanPostProcessor - Autowiring by type from bean name 'org.project.neutrino.nfvo.repositories.tests.RepositoriesClassSuiteTest' to bean named 'org.springframework.context.support.GenericApplicationContext@5f281b8c'
14:11:17.197 [Test worker] DEBUG o.s.b.f.annotation.InjectionMetadata - Processing injected element of bean 'org.project.neutrino.nfvo.repositories.tests.RepositoriesClassSuiteTest': AutowiredFieldElement for private org.project.neutrino.nfvo.repositories_interfaces.GenericRepository org.project.neutrino.nfvo.repositories.tests.RepositoriesClassSuiteTest.nsdRepository
14:11:17.198 [Test worker] DEBUG o.s.b.f.s.DefaultListableBeanFactory - Returning cached instance of singleton bean 'NSDRepository'
14:11:17.199 [Test worker] DEBUG o.s.b.f.a.AutowiredAnnotationBeanPostProcessor - Autowiring by type from bean name 'org.project.neutrino.nfvo.repositories.tests.RepositoriesClassSuiteTest' to bean named 'NSDRepository'
14:11:17.199 [Test worker] DEBUG o.s.b.f.s.DefaultListableBeanFactory - Returning cached instance of singleton bean 'org.springframework.transaction.config.internalTransactionAdvisor'
14:11:17.199 [Test worker] DEBUG o.s.b.f.s.DefaultListableBeanFactory - Returning cached instance of singleton bean 'org.springframework.transaction.config.internalTransactionAdvisor'
14:11:17.200 [Test worker] DEBUG o.s.j.a.JmsListenerAnnotationBeanPostProcessor - No @JmsListener annotations found on bean class: class org.project.neutrino.nfvo.repositories.tests.RepositoriesClassSuiteTest
14:11:17.204 [Test worker] DEBUG o.s.t.annotation.ProfileValueUtils - Retrieved @ProfileValueSourceConfiguration [null] for test class [org.project.neutrino.nfvo.repositories.tests.RepositoriesClassSuiteTest]
14:11:17.204 [Test worker] DEBUG o.s.t.annotation.ProfileValueUtils - Retrieved ProfileValueSource type [class org.springframework.test.annotation.SystemProfileValueSource] for class [org.project.neutrino.nfvo.repositories.tests.RepositoriesClassSuiteTest]
14:11:17.204 [Test worker] DEBUG o.s.t.c.s.DependencyInjectionTestExecutionListener - Performing dependency injection for test context [[DefaultTestContext@267f59c7 testClass = RepositoriesClassSuiteTest, testInstance = org.project.neutrino.nfvo.repositories.tests.RepositoriesClassSuiteTest@4543765c, testMethod = [null], testException = [null], mergedContextConfiguration = [MergedContextConfiguration@19a4f434 testClass = RepositoriesClassSuiteTest, locations = '{}', classes = '{class org.project.neutrino.nfvo.repositories.tests.ApplicationTest}', contextInitializerClasses = '[]', activeProfiles = '{}', propertySourceLocations = '{}', propertySourceProperties = '{timezone = GMT, port: 4242}', contextLoader = 'org.springframework.test.context.support.DelegatingSmartContextLoader', parent = [null]]]].
14:11:17.206 [Test worker] DEBUG o.s.t.c.DefaultCacheAwareContextLoaderDelegate - Retrieved ApplicationContext from cache with key [[MergedContextConfiguration@19a4f434 testClass = RepositoriesClassSuiteTest, locations = '{}', classes = '{class org.project.neutrino.nfvo.repositories.tests.ApplicationTest}', contextInitializerClasses = '[]', activeProfiles = '{}', propertySourceLocations = '{}', propertySourceProperties = '{timezone = GMT, port: 4242}', contextLoader = 'org.springframework.test.context.support.DelegatingSmartContextLoader', parent = [null]]]
14:11:17.206 [Test worker] DEBUG o.springframework.test.context.cache - Spring test ApplicationContext cache statistics: [ContextCache@33d7a245 size = 1, hitCount = 1, missCount = 1, parentContextCount = 0]
14:11:17.206 [Test worker] DEBUG o.s.b.f.annotation.InjectionMetadata - Processing injected element of bean 'org.project.neutrino.nfvo.repositories.tests.RepositoriesClassSuiteTest': AutowiredFieldElement for private org.springframework.context.ConfigurableApplicationContext org.project.neutrino.nfvo.repositories.tests.RepositoriesClassSuiteTest.ctx
14:11:17.206 [Test worker] DEBUG o.s.b.f.annotation.InjectionMetadata - Processing injected element of bean 'org.project.neutrino.nfvo.repositories.tests.RepositoriesClassSuiteTest': AutowiredFieldElement for private org.project.neutrino.nfvo.repositories_interfaces.GenericRepository org.project.neutrino.nfvo.repositories.tests.RepositoriesClassSuiteTest.nsdRepository
14:11:17.206 [Test worker] DEBUG o.s.b.f.s.DefaultListableBeanFactory - Returning cached instance of singleton bean 'NSDRepository'
14:11:17.208 [Test worker] DEBUG o.s.t.a.AnnotationTransactionAttributeSource - Adding transactional method 'NSDRepository.create' with attribute: PROPAGATION_REQUIRES_NEW,ISOLATION_DEFAULT; ''
14:11:17.210 [Test worker] DEBUG o.s.b.f.s.DefaultListableBeanFactory - Returning cached instance of singleton bean 'transactionManager'
14:11:17.212 [Test worker] DEBUG o.s.orm.jpa.JpaTransactionManager - Creating new transaction with name [org.project.neutrino.nfvo.repositories.NSDRepository.create]: PROPAGATION_REQUIRES_NEW,ISOLATION_DEFAULT; ''
14:11:17.212 [Test worker] DEBUG o.s.orm.jpa.JpaTransactionManager - Opened new EntityManager [org.hibernate.jpa.internal.EntityManagerImpl@43cf5783] for JPA transaction
14:11:17.213 [Test worker] DEBUG o.h.e.t.spi.AbstractTransactionImpl - begin
14:11:17.213 [Test worker] DEBUG o.h.e.j.i.LogicalConnectionImpl - Obtaining JDBC connection
14:11:17.213 [Test worker] DEBUG o.s.j.d.SimpleDriverDataSource - Creating new JDBC Driver Connection to [jdbc:hsqldb:mem:testdb]
14:11:17.213 [Test worker] DEBUG o.h.e.j.i.LogicalConnectionImpl - Obtained JDBC connection
14:11:17.213 [Test worker] DEBUG o.h.e.t.i.jdbc.JdbcTransaction - initial autocommit status: true
14:11:17.213 [Test worker] DEBUG o.h.e.t.i.jdbc.JdbcTransaction - disabling autocommit
14:11:17.214 [Test worker] DEBUG o.s.orm.jpa.JpaTransactionManager - Exposing JPA transaction as JDBC transaction [org.springframework.orm.jpa.vendor.HibernateJpaDialect$HibernateConnectionHandle@2c46dc34]
14:11:17.214 [Test worker] DEBUG o.h.e.t.spi.AbstractTransactionImpl - begin
14:11:17.214 [Test worker] DEBUG o.h.e.j.i.LogicalConnectionImpl - Obtaining JDBC connection
14:11:17.214 [Test worker] DEBUG o.s.j.d.SimpleDriverDataSource - Creating new JDBC Driver Connection to [jdbc:hsqldb:mem:testdb]
14:11:17.215 [Test worker] DEBUG o.h.e.j.i.LogicalConnectionImpl - Obtained JDBC connection
14:11:17.215 [Test worker] DEBUG o.h.e.t.i.jdbc.JdbcTransaction - initial autocommit status: true
14:11:17.215 [Test worker] DEBUG o.h.e.t.i.jdbc.JdbcTransaction - disabling autocommit
14:11:17.215 [Test worker] DEBUG o.s.o.j.ExtendedEntityManagerCreator$ExtendedEntityManagerInvocationHandler - Starting resource-local transaction on application-managed EntityManager [org.hibernate.jpa.internal.EntityManagerImpl@15e40b56]
14:11:17.215 [Test worker] DEBUG o.s.o.j.ExtendedEntityManagerCreator$ExtendedEntityManagerInvocationHandler - Joined local transaction
14:11:17.219 [Test worker] DEBUG o.h.e.i.AbstractSaveEventListener - Generated identifier: c4cb43f2-0d5b-4218-92aa-c091e8194bc4, using strategy: org.hibernate.id.Assigned
14:11:17.239 [Test worker] DEBUG o.h.e.i.AbstractSaveEventListener - Generated identifier: 5700e126-b0f3-4939-86cd-450301d172ba, using strategy: org.hibernate.id.Assigned
14:11:17.239 [Test worker] DEBUG o.h.e.i.AbstractSaveEventListener - Generated identifier: 276f9463-66e4-4160-8814-bb11ff8a1939, using strategy: org.hibernate.id.Assigned
14:11:17.240 [Test worker] DEBUG o.s.orm.jpa.JpaTransactionManager - Initiating transaction commit
14:11:17.240 [Test worker] DEBUG o.s.orm.jpa.JpaTransactionManager - Committing JPA transaction on EntityManager [org.hibernate.jpa.internal.EntityManagerImpl@43cf5783]
14:11:17.240 [Test worker] DEBUG o.h.e.t.spi.AbstractTransactionImpl - committing
14:11:17.240 [Test worker] DEBUG o.h.e.t.i.jdbc.JdbcTransaction - committed JDBC Connection
14:11:17.240 [Test worker] DEBUG o.h.e.t.i.jdbc.JdbcTransaction - re-enabling autocommit
14:11:17.240 [Test worker] DEBUG o.h.e.t.spi.AbstractTransactionImpl - committing
14:11:17.241 [Test worker] DEBUG o.h.e.i.AbstractFlushingEventListener - Processing flush-time cascades
14:11:17.241 [Test worker] DEBUG o.h.e.i.AbstractFlushingEventListener - Dirty checking collections
14:11:17.245 [Test worker] DEBUG o.h.engine.internal.Collections - Collection found: [org.project.neutrino.nfvo.catalogue.mano.descriptor.NetworkServiceDescriptor.vnfd#c4cb43f2-0d5b-4218-92aa-c091e8194bc4], was: [<unreferenced>] (initialized)
14:11:17.245 [Test worker] DEBUG o.h.engine.internal.Collections - Collection found: [org.project.neutrino.nfvo.catalogue.mano.common.NFVEntityDescriptor.monitoring_parameter#5700e126-b0f3-4939-86cd-450301d172ba], was: [<unreferenced>] (initialized)
14:11:17.245 [Test worker] DEBUG o.h.engine.internal.Collections - Collection found: [org.project.neutrino.nfvo.catalogue.mano.descriptor.VirtualNetworkFunctionDescriptor.vdu#5700e126-b0f3-4939-86cd-450301d172ba], was: [<unreferenced>] (initialized)
14:11:17.246 [Test worker] DEBUG o.h.e.i.AbstractFlushingEventListener - Flushed: 3 insertions, 0 updates, 0 deletions to 3 objects
14:11:17.246 [Test worker] DEBUG o.h.e.i.AbstractFlushingEventListener - Flushed: 3 (re)creations, 0 updates, 0 removals to 3 collections
14:11:17.247 [Test worker] DEBUG o.h.internal.util.EntityPrinter - Listing entities:
14:11:17.247 [Test worker] DEBUG o.h.internal.util.EntityPrinter - org.project.neutrino.nfvo.catalogue.mano.descriptor.VirtualDeploymentUnit{id=276f9463-66e4-4160-8814-bb11ff8a1939, scale_in_out=0, vdu_constraint=null, computation_requirement=high_requirements, virtual_network_bandwidth_resource=null, lifecycle_event=null, monitoring_parameter=null, high_availability=ACTIVE_ACTIVE, vnfc=null, vm_image=null, virtual_memory_resource_element=null, version=0}
14:11:17.247 [Test worker] DEBUG o.h.internal.util.EntityPrinter - org.project.neutrino.nfvo.catalogue.mano.descriptor.NetworkServiceDescriptor{connection_point=null, vld=null, vendor=FOKUS, service_deployment_flavour=null, lifecycle_event=null, nsd_security=null, auto_scale_policy=null, version=null, vnffgd=null, pnfd=null, hb_version=0, vnf_dependency=null, Id=c4cb43f2-0d5b-4218-92aa-c091e8194bc4, vnfd=[org.project.neutrino.nfvo.catalogue.mano.descriptor.VirtualNetworkFunctionDescriptor#5700e126-b0f3-4939-86cd-450301d172ba], monitoring_parameter=null}
14:11:17.248 [Test worker] DEBUG o.h.internal.util.EntityPrinter - org.project.neutrino.nfvo.catalogue.mano.descriptor.VirtualNetworkFunctionDescriptor{connection_point=null, vld=null, vendor=null, service_deployment_flavour=null, manifest_file_security=null, lifecycle_event=null, auto_scale_policy=null, vdu=[org.project.neutrino.nfvo.catalogue.mano.descriptor.VirtualDeploymentUnit#276f9463-66e4-4160-8814-bb11ff8a1939], version=null, vdu_dependency=null, descriptor_version=null, vnffgd=null, virtual_link=null, hb_version=0, deployment_flavour=null, Id=5700e126-b0f3-4939-86cd-450301d172ba, manifest_file=null, monitoring_parameter=[monitor1, monitor2, monitor3]}
14:11:17.254 [Test worker] DEBUG org.hibernate.SQL - insert into network_service_descriptor (hb_version, vendor, version, nsd_security_id, id) values (?, ?, ?, ?, ?)
14:11:17.262 [Test worker] DEBUG org.hibernate.SQL - insert into virtual_network_function_descriptor (hb_version, vendor, version, descriptor_version, manifest_file, id) values (?, ?, ?, ?, ?, ?)
14:11:17.262 [Test worker] DEBUG org.hibernate.SQL - insert into virtual_deployment_unit (computation_requirement, high_availability, scale_in_out, vdu_constraint, version, virtual_memory_resource_element, virtual_network_bandwidth_resource, id) values (?, ?, ?, ?, ?, ?, ?, ?)
14:11:17.263 [Test worker] DEBUG o.h.p.c.AbstractCollectionPersister - Inserting collection: [org.project.neutrino.nfvo.catalogue.mano.descriptor.NetworkServiceDescriptor.vnfd#c4cb43f2-0d5b-4218-92aa-c091e8194bc4]
14:11:17.263 [Test worker] DEBUG org.hibernate.SQL - insert into network_service_descriptor_vnfd (network_service_descriptor_Id, vnfd_Id) values (?, ?)
14:11:17.263 [Test worker] DEBUG o.h.p.c.AbstractCollectionPersister - Done inserting collection: 1 rows inserted
14:11:17.263 [Test worker] DEBUG o.h.p.c.AbstractCollectionPersister - Inserting collection: [org.project.neutrino.nfvo.catalogue.mano.common.NFVEntityDescriptor.monitoring_parameter#5700e126-b0f3-4939-86cd-450301d172ba]
14:11:17.263 [Test worker] DEBUG org.hibernate.SQL - insert into nfventity_descriptor_monitoring_parameter (nfventity_descriptor_Id, monitoring_parameter) values (?, ?)
14:11:17.264 [Test worker] DEBUG org.hibernate.SQL - insert into nfventity_descriptor_monitoring_parameter (nfventity_descriptor_Id, monitoring_parameter) values (?, ?)
14:11:17.264 [Test worker] DEBUG org.hibernate.SQL - insert into nfventity_descriptor_monitoring_parameter (nfventity_descriptor_Id, monitoring_parameter) values (?, ?)
14:11:17.264 [Test worker] DEBUG o.h.p.c.AbstractCollectionPersister - Done inserting collection: 3 rows inserted
14:11:17.264 [Test worker] DEBUG o.h.p.c.AbstractCollectionPersister - Inserting collection: [org.project.neutrino.nfvo.catalogue.mano.descriptor.VirtualNetworkFunctionDescriptor.vdu#5700e126-b0f3-4939-86cd-450301d172ba]
14:11:17.264 [Test worker] DEBUG org.hibernate.SQL - insert into virtual_network_function_descriptor_vdu (virtual_network_function_descriptor_Id, vdu_id) values (?, ?)
14:11:17.265 [Test worker] DEBUG o.h.p.c.AbstractCollectionPersister - Done inserting collection: 1 rows inserted
14:11:17.265 [Test worker] DEBUG o.h.e.t.i.jdbc.JdbcTransaction - committed JDBC Connection
14:11:17.265 [Test worker] DEBUG o.h.e.t.i.jdbc.JdbcTransaction - re-enabling autocommit
14:11:17.266 [Test worker] DEBUG o.s.orm.jpa.JpaTransactionManager - Closing JPA EntityManager [org.hibernate.jpa.internal.EntityManagerImpl@43cf5783] after transaction
14:11:17.266 [Test worker] DEBUG o.s.o.jpa.EntityManagerFactoryUtils - Closing JPA EntityManager
14:11:17.266 [Test worker] DEBUG o.h.e.j.i.LogicalConnectionImpl - Releasing JDBC connection
14:11:17.266 [Test worker] DEBUG o.h.e.j.i.LogicalConnectionImpl - Released JDBC connection
14:11:17.267 [Test worker] DEBUG o.p.n.n.r.t.RepositoriesClassSuiteTest - Id is: c4cb43f2-0d5b-4218-92aa-c091e8194bc4
14:11:17.267 [Test worker] DEBUG o.s.t.annotation.ProfileValueUtils - Retrieved @ProfileValueSourceConfiguration [null] for test class [org.project.neutrino.nfvo.repositories.tests.RepositoriesClassSuiteTest]
14:11:17.267 [Test worker] DEBUG o.s.t.annotation.ProfileValueUtils - Retrieved ProfileValueSource type [class org.springframework.test.annotation.SystemProfileValueSource] for class [org.project.neutrino.nfvo.repositories.tests.RepositoriesClassSuiteTest]
14:11:17.268 [Test worker] DEBUG o.s.t.c.s.DependencyInjectionTestExecutionListener - Performing dependency injection for test context [[DefaultTestContext@267f59c7 testClass = RepositoriesClassSuiteTest, testInstance = org.project.neutrino.nfvo.repositories.tests.RepositoriesClassSuiteTest@7a9a6344, testMethod = [null], testException = [null], mergedContextConfiguration = [MergedContextConfiguration@19a4f434 testClass = RepositoriesClassSuiteTest, locations = '{}', classes = '{class org.project.neutrino.nfvo.repositories.tests.ApplicationTest}', contextInitializerClasses = '[]', activeProfiles = '{}', propertySourceLocations = '{}', propertySourceProperties = '{timezone = GMT, port: 4242}', contextLoader = 'org.springframework.test.context.support.DelegatingSmartContextLoader', parent = [null]]]].
14:11:17.268 [Test worker] DEBUG o.s.t.c.DefaultCacheAwareContextLoaderDelegate - Retrieved ApplicationContext from cache with key [[MergedContextConfiguration@19a4f434 testClass = RepositoriesClassSuiteTest, locations = '{}', classes = '{class org.project.neutrino.nfvo.repositories.tests.ApplicationTest}', contextInitializerClasses = '[]', activeProfiles = '{}', propertySourceLocations = '{}', propertySourceProperties = '{timezone = GMT, port: 4242}', contextLoader = 'org.springframework.test.context.support.DelegatingSmartContextLoader', parent = [null]]]
14:11:17.268 [Test worker] DEBUG o.springframework.test.context.cache - Spring test ApplicationContext cache statistics: [ContextCache@33d7a245 size = 1, hitCount = 2, missCount = 1, parentContextCount = 0]
14:11:17.268 [Test worker] DEBUG o.s.b.f.annotation.InjectionMetadata - Processing injected element of bean 'org.project.neutrino.nfvo.repositories.tests.RepositoriesClassSuiteTest': AutowiredFieldElement for private org.springframework.context.ConfigurableApplicationContext org.project.neutrino.nfvo.repositories.tests.RepositoriesClassSuiteTest.ctx
14:11:17.268 [Test worker] DEBUG o.s.b.f.annotation.InjectionMetadata - Processing injected element of bean 'org.project.neutrino.nfvo.repositories.tests.RepositoriesClassSuiteTest': AutowiredFieldElement for private org.project.neutrino.nfvo.repositories_interfaces.GenericRepository org.project.neutrino.nfvo.repositories.tests.RepositoriesClassSuiteTest.nsdRepository
14:11:17.268 [Test worker] DEBUG o.s.b.f.s.DefaultListableBeanFactory - Returning cached instance of singleton bean 'NSDRepository'
14:11:17.269 [Test worker] DEBUG o.s.orm.jpa.JpaTransactionManager - Creating new transaction with name [org.project.neutrino.nfvo.repositories.NSDRepository.create]: PROPAGATION_REQUIRES_NEW,ISOLATION_DEFAULT; ''
14:11:17.269 [Test worker] DEBUG o.s.orm.jpa.JpaTransactionManager - Opened new EntityManager [org.hibernate.jpa.internal.EntityManagerImpl@2deb443e] for JPA transaction
14:11:17.269 [Test worker] DEBUG o.h.e.t.spi.AbstractTransactionImpl - begin
14:11:17.269 [Test worker] DEBUG o.h.e.j.i.LogicalConnectionImpl - Obtaining JDBC connection
14:11:17.269 [Test worker] DEBUG o.s.j.d.SimpleDriverDataSource - Creating new JDBC Driver Connection to [jdbc:hsqldb:mem:testdb]
14:11:17.269 [Test worker] DEBUG o.h.e.j.i.LogicalConnectionImpl - Obtained JDBC connection
14:11:17.269 [Test worker] DEBUG o.h.e.t.i.jdbc.JdbcTransaction - initial autocommit status: true
14:11:17.269 [Test worker] DEBUG o.h.e.t.i.jdbc.JdbcTransaction - disabling autocommit
14:11:17.269 [Test worker] DEBUG o.s.orm.jpa.JpaTransactionManager - Exposing JPA transaction as JDBC transaction [org.springframework.orm.jpa.vendor.HibernateJpaDialect$HibernateConnectionHandle@30cd59ff]
14:11:17.269 [Test worker] DEBUG o.h.e.t.spi.AbstractTransactionImpl - begin
14:11:17.270 [Test worker] DEBUG o.h.e.t.i.jdbc.JdbcTransaction - initial autocommit status: true
14:11:17.270 [Test worker] DEBUG o.h.e.t.i.jdbc.JdbcTransaction - disabling autocommit
14:11:17.270 [Test worker] DEBUG o.s.o.j.ExtendedEntityManagerCreator$ExtendedEntityManagerInvocationHandler - Starting resource-local transaction on application-managed EntityManager [org.hibernate.jpa.internal.EntityManagerImpl@15e40b56]
14:11:17.270 [Test worker] DEBUG o.s.o.j.ExtendedEntityManagerCreator$ExtendedEntityManagerInvocationHandler - Joined local transaction
14:11:17.270 [Test worker] DEBUG o.h.e.i.AbstractSaveEventListener - Generated identifier: 4b4f023e-a4a9-4c2f-97aa-9fec5c14a7ba, using strategy: org.hibernate.id.Assigned
14:11:17.270 [Test worker] DEBUG o.h.e.i.AbstractSaveEventListener - Generated identifier: c3526040-9d5f-411e-89e2-6329aae046c8, using strategy: org.hibernate.id.Assigned
14:11:17.270 [Test worker] DEBUG o.h.e.i.AbstractSaveEventListener - Generated identifier: faf42b4b-63b0-4527-9911-947ab8d4386c, using strategy: org.hibernate.id.Assigned
14:11:17.271 [Test worker] DEBUG o.s.orm.jpa.JpaTransactionManager - Initiating transaction commit
14:11:17.271 [Test worker] DEBUG o.s.orm.jpa.JpaTransactionManager - Committing JPA transaction on EntityManager [org.hibernate.jpa.internal.EntityManagerImpl@2deb443e]
14:11:17.271 [Test worker] DEBUG o.h.e.t.spi.AbstractTransactionImpl - committing
14:11:17.271 [Test worker] DEBUG o.h.e.t.i.jdbc.JdbcTransaction - committed JDBC Connection
14:11:17.271 [Test worker] DEBUG o.h.e.t.i.jdbc.JdbcTransaction - re-enabling autocommit
14:11:17.271 [Test worker] DEBUG o.h.e.t.spi.AbstractTransactionImpl - committing
14:11:17.271 [Test worker] DEBUG o.h.e.i.AbstractFlushingEventListener - Processing flush-time cascades
14:11:17.271 [Test worker] DEBUG o.h.e.i.AbstractFlushingEventListener - Dirty checking collections
14:11:17.272 [Test worker] DEBUG o.h.engine.internal.Collections - Collection found: [org.project.neutrino.nfvo.catalogue.mano.descriptor.NetworkServiceDescriptor.vnfd#c4cb43f2-0d5b-4218-92aa-c091e8194bc4], was: [org.project.neutrino.nfvo.catalogue.mano.descriptor.NetworkServiceDescriptor.vnfd#c4cb43f2-0d5b-4218-92aa-c091e8194bc4] (initialized)
14:11:17.272 [Test worker] DEBUG o.h.engine.internal.Collections - Collection found: [org.project.neutrino.nfvo.catalogue.mano.common.NFVEntityDescriptor.monitoring_parameter#5700e126-b0f3-4939-86cd-450301d172ba], was: [org.project.neutrino.nfvo.catalogue.mano.common.NFVEntityDescriptor.monitoring_parameter#5700e126-b0f3-4939-86cd-450301d172ba] (initialized)
14:11:17.272 [Test worker] DEBUG o.h.engine.internal.Collections - Collection found: [org.project.neutrino.nfvo.catalogue.mano.descriptor.VirtualNetworkFunctionDescriptor.vdu#5700e126-b0f3-4939-86cd-450301d172ba], was: [org.project.neutrino.nfvo.catalogue.mano.descriptor.VirtualNetworkFunctionDescriptor.vdu#5700e126-b0f3-4939-86cd-450301d172ba] (initialized)
14:11:17.272 [Test worker] DEBUG o.h.engine.internal.Collections - Collection found: [org.project.neutrino.nfvo.catalogue.mano.descriptor.NetworkServiceDescriptor.vnfd#4b4f023e-a4a9-4c2f-97aa-9fec5c14a7ba], was: [<unreferenced>] (initialized)
14:11:17.272 [Test worker] DEBUG o.h.engine.internal.Collections - Collection found: [org.project.neutrino.nfvo.catalogue.mano.common.NFVEntityDescriptor.monitoring_parameter#c3526040-9d5f-411e-89e2-6329aae046c8], was: [<unreferenced>] (initialized)
14:11:17.272 [Test worker] DEBUG o.h.engine.internal.Collections - Collection found: [org.project.neutrino.nfvo.catalogue.mano.descriptor.VirtualNetworkFunctionDescriptor.vdu#c3526040-9d5f-411e-89e2-6329aae046c8], was: [<unreferenced>] (initialized)
14:11:17.273 [Test worker] DEBUG o.h.e.i.AbstractFlushingEventListener - Flushed: 3 insertions, 0 updates, 0 deletions to 6 objects
14:11:17.273 [Test worker] DEBUG o.h.e.i.AbstractFlushingEventListener - Flushed: 3 (re)creations, 0 updates, 0 removals to 6 collections
14:11:17.273 [Test worker] DEBUG o.h.internal.util.EntityPrinter - Listing entities:
14:11:17.273 [Test worker] DEBUG o.h.internal.util.EntityPrinter - org.project.neutrino.nfvo.catalogue.mano.descriptor.VirtualDeploymentUnit{id=faf42b4b-63b0-4527-9911-947ab8d4386c, scale_in_out=0, vdu_constraint=null, computation_requirement=high_requirements, virtual_network_bandwidth_resource=null, lifecycle_event=null, monitoring_parameter=null, high_availability=ACTIVE_ACTIVE, vnfc=null, vm_image=null, virtual_memory_resource_element=null, version=0}
14:11:17.273 [Test worker] DEBUG o.h.internal.util.EntityPrinter - org.project.neutrino.nfvo.catalogue.mano.descriptor.VirtualDeploymentUnit{id=276f9463-66e4-4160-8814-bb11ff8a1939, scale_in_out=0, vdu_constraint=null, computation_requirement=high_requirements, virtual_network_bandwidth_resource=null, lifecycle_event=null, monitoring_parameter=null, high_availability=ACTIVE_ACTIVE, vnfc=null, vm_image=null, virtual_memory_resource_element=null, version=0}
14:11:17.273 [Test worker] DEBUG o.h.internal.util.EntityPrinter - org.project.neutrino.nfvo.catalogue.mano.descriptor.NetworkServiceDescriptor{connection_point=null, vld=null, vendor=FOKUS, service_deployment_flavour=null, lifecycle_event=null, nsd_security=null, auto_scale_policy=null, version=null, vnffgd=null, pnfd=null, hb_version=0, vnf_dependency=null, Id=c4cb43f2-0d5b-4218-92aa-c091e8194bc4, vnfd=[org.project.neutrino.nfvo.catalogue.mano.descriptor.VirtualNetworkFunctionDescriptor#5700e126-b0f3-4939-86cd-450301d172ba], monitoring_parameter=null}
14:11:17.273 [Test worker] DEBUG o.h.internal.util.EntityPrinter - org.project.neutrino.nfvo.catalogue.mano.descriptor.VirtualNetworkFunctionDescriptor{connection_point=null, vld=null, vendor=null, service_deployment_flavour=null, manifest_file_security=null, lifecycle_event=null, auto_scale_policy=null, vdu=[org.project.neutrino.nfvo.catalogue.mano.descriptor.VirtualDeploymentUnit#faf42b4b-63b0-4527-9911-947ab8d4386c], version=null, vdu_dependency=null, descriptor_version=null, vnffgd=null, virtual_link=null, hb_version=0, deployment_flavour=null, Id=c3526040-9d5f-411e-89e2-6329aae046c8, manifest_file=null, monitoring_parameter=[monitor1, monitor2, monitor3]}
14:11:17.273 [Test worker] DEBUG o.h.internal.util.EntityPrinter - org.project.neutrino.nfvo.catalogue.mano.descriptor.NetworkServiceDescriptor{connection_point=null, vld=null, vendor=FOKUS, service_deployment_flavour=null, lifecycle_event=null, nsd_security=null, auto_scale_policy=null, version=null, vnffgd=null, pnfd=null, hb_version=0, vnf_dependency=null, Id=4b4f023e-a4a9-4c2f-97aa-9fec5c14a7ba, vnfd=[org.project.neutrino.nfvo.catalogue.mano.descriptor.VirtualNetworkFunctionDescriptor#c3526040-9d5f-411e-89e2-6329aae046c8], monitoring_parameter=null}
14:11:17.273 [Test worker] DEBUG o.h.internal.util.EntityPrinter - org.project.neutrino.nfvo.catalogue.mano.descriptor.VirtualNetworkFunctionDescriptor{connection_point=null, vld=null, vendor=null, service_deployment_flavour=null, manifest_file_security=null, lifecycle_event=null, auto_scale_policy=null, vdu=[org.project.neutrino.nfvo.catalogue.mano.descriptor.VirtualDeploymentUnit#276f9463-66e4-4160-8814-bb11ff8a1939], version=null, vdu_dependency=null, descriptor_version=null, vnffgd=null, virtual_link=null, hb_version=0, deployment_flavour=null, Id=5700e126-b0f3-4939-86cd-450301d172ba, manifest_file=null, monitoring_parameter=[monitor1, monitor2, monitor3]}
14:11:17.273 [Test worker] DEBUG org.hibernate.SQL - insert into network_service_descriptor (hb_version, vendor, version, nsd_security_id, id) values (?, ?, ?, ?, ?)
14:11:17.274 [Test worker] DEBUG org.hibernate.SQL - insert into virtual_network_function_descriptor (hb_version, vendor, version, descriptor_version, manifest_file, id) values (?, ?, ?, ?, ?, ?)
14:11:17.274 [Test worker] DEBUG org.hibernate.SQL - insert into virtual_deployment_unit (computation_requirement, high_availability, scale_in_out, vdu_constraint, version, virtual_memory_resource_element, virtual_network_bandwidth_resource, id) values (?, ?, ?, ?, ?, ?, ?, ?)
14:11:17.274 [Test worker] DEBUG o.h.p.c.AbstractCollectionPersister - Inserting collection: [org.project.neutrino.nfvo.catalogue.mano.descriptor.NetworkServiceDescriptor.vnfd#4b4f023e-a4a9-4c2f-97aa-9fec5c14a7ba]
14:11:17.274 [Test worker] DEBUG org.hibernate.SQL - insert into network_service_descriptor_vnfd (network_service_descriptor_Id, vnfd_Id) values (?, ?)
14:11:17.275 [Test worker] DEBUG o.h.p.c.AbstractCollectionPersister - Done inserting collection: 1 rows inserted
14:11:17.275 [Test worker] DEBUG o.h.p.c.AbstractCollectionPersister - Inserting collection: [org.project.neutrino.nfvo.catalogue.mano.common.NFVEntityDescriptor.monitoring_parameter#c3526040-9d5f-411e-89e2-6329aae046c8]
14:11:17.275 [Test worker] DEBUG org.hibernate.SQL - insert into nfventity_descriptor_monitoring_parameter (nfventity_descriptor_Id, monitoring_parameter) values (?, ?)
14:11:17.275 [Test worker] DEBUG org.hibernate.SQL - insert into nfventity_descriptor_monitoring_parameter (nfventity_descriptor_Id, monitoring_parameter) values (?, ?)
14:11:17.275 [Test worker] DEBUG org.hibernate.SQL - insert into nfventity_descriptor_monitoring_parameter (nfventity_descriptor_Id, monitoring_parameter) values (?, ?)
14:11:17.276 [Test worker] DEBUG o.h.p.c.AbstractCollectionPersister - Done inserting collection: 3 rows inserted
14:11:17.276 [Test worker] DEBUG o.h.p.c.AbstractCollectionPersister - Inserting collection: [org.project.neutrino.nfvo.catalogue.mano.descriptor.VirtualNetworkFunctionDescriptor.vdu#c3526040-9d5f-411e-89e2-6329aae046c8]
14:11:17.276 [Test worker] DEBUG org.hibernate.SQL - insert into virtual_network_function_descriptor_vdu (virtual_network_function_descriptor_Id, vdu_id) values (?, ?)
14:11:17.276 [Test worker] DEBUG o.h.p.c.AbstractCollectionPersister - Done inserting collection: 1 rows inserted
14:11:17.276 [Test worker] DEBUG o.h.e.t.i.jdbc.JdbcTransaction - committed JDBC Connection
14:11:17.276 [Test worker] DEBUG o.h.e.t.i.jdbc.JdbcTransaction - re-enabling autocommit
14:11:17.276 [Test worker] DEBUG o.s.orm.jpa.JpaTransactionManager - Closing JPA EntityManager [org.hibernate.jpa.internal.EntityManagerImpl@2deb443e] after transaction
14:11:17.276 [Test worker] DEBUG o.s.o.jpa.EntityManagerFactoryUtils - Closing JPA EntityManager
14:11:17.277 [Test worker] DEBUG o.h.e.j.i.LogicalConnectionImpl - Releasing JDBC connection
14:11:17.277 [Test worker] DEBUG o.h.e.j.i.LogicalConnectionImpl - Released JDBC connection
14:11:17.277 [Test worker] DEBUG o.p.n.n.r.t.RepositoriesClassSuiteTest - Id is: 4b4f023e-a4a9-4c2f-97aa-9fec5c14a7ba
14:11:17.332 [Test worker] DEBUG o.p.n.n.repositories.NSDRepository - TYPE: NetworkServiceDescriptor
14:11:17.332 [Test worker] DEBUG o.s.o.j.ExtendedEntityManagerCreator$ExtendedEntityManagerInvocationHandler - No local transaction to join
14:11:17.366 [Test worker] DEBUG o.h.h.i.ast.QueryTranslatorImpl - parse() - HQL: FROM org.project.neutrino.nfvo.catalogue.mano.descriptor.NetworkServiceDescriptor
14:11:17.372 [Test worker] DEBUG o.h.h.i.ast.QueryTranslatorImpl - --- HQL AST ---
 \-[QUERY] Node: 'query'
    \-[SELECT_FROM] Node: 'SELECT_FROM'
       \-[FROM] Node: 'FROM'
          \-[RANGE] Node: 'RANGE'
             \-[DOT] Node: '.'
                +-[DOT] Node: '.'
                |  +-[DOT] Node: '.'
                |  |  +-[DOT] Node: '.'
                |  |  |  +-[DOT] Node: '.'
                |  |  |  |  +-[DOT] Node: '.'
                |  |  |  |  |  +-[DOT] Node: '.'
                |  |  |  |  |  |  +-[IDENT] Node: 'org'
                |  |  |  |  |  |  \-[IDENT] Node: 'project'
                |  |  |  |  |  \-[IDENT] Node: 'neutrino'
                |  |  |  |  \-[IDENT] Node: 'nfvo'
                |  |  |  \-[IDENT] Node: 'catalogue'
                |  |  \-[IDENT] Node: 'mano'
                |  \-[IDENT] Node: 'descriptor'
                \-[IDENT] Node: 'NetworkServiceDescriptor'

14:11:17.372 [Test worker] DEBUG o.h.hql.internal.ast.ErrorCounter - throwQueryException() : no errors
14:11:17.391 [Test worker] DEBUG o.h.h.i.antlr.HqlSqlBaseWalker - select << begin [level=1, statement=select]
14:11:17.401 [Test worker] DEBUG o.h.h.internal.ast.tree.FromElement - FromClause{level=1} : org.project.neutrino.nfvo.catalogue.mano.descriptor.NetworkServiceDescriptor (<no alias>) -> networkser0_
14:11:17.402 [Test worker] DEBUG o.h.h.i.antlr.HqlSqlBaseWalker - select : finishing up [level=1, statement=select]
14:11:17.402 [Test worker] DEBUG o.h.hql.internal.ast.HqlSqlWalker - processQuery() :  ( SELECT ( FromClause{level=1} network_service_descriptor networkser0_ ) )
14:11:17.405 [Test worker] DEBUG o.h.hql.internal.ast.HqlSqlWalker - Derived SELECT clause created.
14:11:17.408 [Test worker] DEBUG o.h.h.i.ast.util.JoinProcessor - Using FROM fragment [network_service_descriptor networkser0_]
14:11:17.408 [Test worker] DEBUG o.h.h.i.antlr.HqlSqlBaseWalker - select >> end [level=1, statement=select]
14:11:17.409 [Test worker] DEBUG o.h.h.i.ast.QueryTranslatorImpl - --- SQL AST ---
 \-[SELECT] QueryNode: 'SELECT'  querySpaces (network_service_descriptor,nfventity_descriptor)
    +-[SELECT_CLAUSE] SelectClause: '{derived select clause}'
    |  +-[SELECT_EXPR] SelectExpressionImpl: 'networkser0_.id as id1_27_' {FromElement{explicit,not a collection join,not a fetch join,fetch non-lazy properties,classAlias=null,role=null,tableName=network_service_descriptor,tableAlias=networkser0_,origin=null,columns={,className=org.project.neutrino.nfvo.catalogue.mano.descriptor.NetworkServiceDescriptor}}}
    |  \-[SQL_TOKEN] SqlFragment: 'networkser0_.hb_version as hb_versi2_27_, networkser0_.vendor as vendor3_27_, networkser0_.version as version4_27_, networkser0_.nsd_security_id as nsd_secu1_14_'
    \-[FROM] FromClause: 'FROM' FromClause{level=1, fromElementCounter=1, fromElements=1, fromElementByClassAlias=[], fromElementByTableAlias=[networkser0_], fromElementsByPath=[], collectionJoinFromElementsByPath=[], impliedElements=[]}
       \-[FROM_FRAGMENT] FromElement: 'network_service_descriptor networkser0_' FromElement{explicit,not a collection join,not a fetch join,fetch non-lazy properties,classAlias=null,role=null,tableName=network_service_descriptor,tableAlias=networkser0_,origin=null,columns={,className=org.project.neutrino.nfvo.catalogue.mano.descriptor.NetworkServiceDescriptor}}

14:11:17.409 [Test worker] DEBUG o.h.hql.internal.ast.ErrorCounter - throwQueryException() : no errors
14:11:17.413 [Test worker] DEBUG o.h.h.i.ast.QueryTranslatorImpl - HQL: FROM org.project.neutrino.nfvo.catalogue.mano.descriptor.NetworkServiceDescriptor
14:11:17.413 [Test worker] DEBUG o.h.h.i.ast.QueryTranslatorImpl - SQL: select networkser0_.id as id1_27_, networkser0_.hb_version as hb_versi2_27_, networkser0_.vendor as vendor3_27_, networkser0_.version as version4_27_, networkser0_.nsd_security_id as nsd_secu1_14_ from network_service_descriptor networkser0_
14:11:17.413 [Test worker] DEBUG o.h.hql.internal.ast.ErrorCounter - throwQueryException() : no errors
14:11:17.419 [Test worker] DEBUG org.hibernate.SQL - select networkser0_.id as id1_27_, networkser0_.hb_version as hb_versi2_27_, networkser0_.vendor as vendor3_27_, networkser0_.version as version4_27_, networkser0_.nsd_security_id as nsd_secu1_14_ from network_service_descriptor networkser0_
14:11:17.421 [Test worker] DEBUG org.hibernate.loader.Loader - Result set row: 0
14:11:17.421 [Test worker] DEBUG org.hibernate.loader.Loader - Result row: EntityKey[org.project.neutrino.nfvo.catalogue.mano.descriptor.NetworkServiceDescriptor#4b4f023e-a4a9-4c2f-97aa-9fec5c14a7ba]
14:11:17.422 [Test worker] DEBUG org.hibernate.loader.Loader - Result set row: 1
14:11:17.422 [Test worker] DEBUG org.hibernate.loader.Loader - Result row: EntityKey[org.project.neutrino.nfvo.catalogue.mano.descriptor.NetworkServiceDescriptor#c4cb43f2-0d5b-4218-92aa-c091e8194bc4]
14:11:17.423 [Test worker] DEBUG o.p.n.n.r.t.RepositoriesClassSuiteTest - [NetworkServiceDescriptor [vnfd=[VirtualNetworkFunctionDescriptor [descriptor_version=null, vdu=[VirtualDeploymentUnit{id='faf42b4b-63b0-4527-9911-947ab8d4386c', version=0, vm_image=null, computation_requirement='high_requirements', virtual_memory_resource_element='null', virtual_network_bandwidth_resource='null', lifecycle_event=null, vdu_constraint='null', high_availability=ACTIVE_ACTIVE, scale_in_out=0, vnfc=null, monitoring_parameter=null}], virtual_link=null, vdu_dependency=null, deployment_flavour=null, manifest_file=null, manifest_file_security=null, Id=c3526040-9d5f-411e-89e2-6329aae046c8, hb_version=0, vendor=null, version=null, vnffgd=null, vld=null, lifecycle_event=null, monitoring_parameter=[monitor1, monitor2, monitor3], service_deployment_flavour=null, auto_scale_policy=null, connection_point=null]], vnf_dependency=null, pnfd=null, nsd_security=null, Id=4b4f023e-a4a9-4c2f-97aa-9fec5c14a7ba, hb_version=0, vendor=FOKUS, version=null, vnffgd=null, vld=null, lifecycle_event=null, monitoring_parameter=null, service_deployment_flavour=null, auto_scale_policy=null, connection_point=null], NetworkServiceDescriptor [vnfd=[VirtualNetworkFunctionDescriptor [descriptor_version=null, vdu=[VirtualDeploymentUnit{id='276f9463-66e4-4160-8814-bb11ff8a1939', version=0, vm_image=null, computation_requirement='high_requirements', virtual_memory_resource_element='null', virtual_network_bandwidth_resource='null', lifecycle_event=null, vdu_constraint='null', high_availability=ACTIVE_ACTIVE, scale_in_out=0, vnfc=null, monitoring_parameter=null}], virtual_link=null, vdu_dependency=null, deployment_flavour=null, manifest_file=null, manifest_file_security=null, Id=5700e126-b0f3-4939-86cd-450301d172ba, hb_version=0, vendor=null, version=null, vnffgd=null, vld=null, lifecycle_event=null, monitoring_parameter=[monitor1, monitor2, monitor3], service_deployment_flavour=null, auto_scale_policy=null, connection_point=null]], vnf_dependency=null, pnfd=null, nsd_security=null, Id=c4cb43f2-0d5b-4218-92aa-c091e8194bc4, hb_version=0, vendor=FOKUS, version=null, vnffgd=null, vld=null, lifecycle_event=null, monitoring_parameter=null, service_deployment_flavour=null, auto_scale_policy=null, connection_point=null]]
14:11:17.423 [Test worker] DEBUG o.p.n.n.r.t.RepositoriesClassSuiteTest - NetworkServiceDescriptor [vnfd=[VirtualNetworkFunctionDescriptor [descriptor_version=null, vdu=[VirtualDeploymentUnit{id='faf42b4b-63b0-4527-9911-947ab8d4386c', version=0, vm_image=null, computation_requirement='high_requirements', virtual_memory_resource_element='null', virtual_network_bandwidth_resource='null', lifecycle_event=null, vdu_constraint='null', high_availability=ACTIVE_ACTIVE, scale_in_out=0, vnfc=null, monitoring_parameter=null}], virtual_link=null, vdu_dependency=null, deployment_flavour=null, manifest_file=null, manifest_file_security=null, Id=c3526040-9d5f-411e-89e2-6329aae046c8, hb_version=0, vendor=null, version=null, vnffgd=null, vld=null, lifecycle_event=null, monitoring_parameter=[monitor1, monitor2, monitor3], service_deployment_flavour=null, auto_scale_policy=null, connection_point=null]], vnf_dependency=null, pnfd=null, nsd_security=null, Id=4b4f023e-a4a9-4c2f-97aa-9fec5c14a7ba, hb_version=0, vendor=FOKUS, version=null, vnffgd=null, vld=null, lifecycle_event=null, monitoring_parameter=null, service_deployment_flavour=null, auto_scale_policy=null, connection_point=null]
14:11:17.423 [Test worker] DEBUG o.p.n.n.r.t.RepositoriesClassSuiteTest - NetworkServiceDescriptor [vnfd=[VirtualNetworkFunctionDescriptor [descriptor_version=null, vdu=[VirtualDeploymentUnit{id='276f9463-66e4-4160-8814-bb11ff8a1939', version=0, vm_image=null, computation_requirement='high_requirements', virtual_memory_resource_element='null', virtual_network_bandwidth_resource='null', lifecycle_event=null, vdu_constraint='null', high_availability=ACTIVE_ACTIVE, scale_in_out=0, vnfc=null, monitoring_parameter=null}], virtual_link=null, vdu_dependency=null, deployment_flavour=null, manifest_file=null, manifest_file_security=null, Id=5700e126-b0f3-4939-86cd-450301d172ba, hb_version=0, vendor=null, version=null, vnffgd=null, vld=null, lifecycle_event=null, monitoring_parameter=[monitor1, monitor2, monitor3], service_deployment_flavour=null, auto_scale_policy=null, connection_point=null]], vnf_dependency=null, pnfd=null, nsd_security=null, Id=c4cb43f2-0d5b-4218-92aa-c091e8194bc4, hb_version=0, vendor=FOKUS, version=null, vnffgd=null, vld=null, lifecycle_event=null, monitoring_parameter=null, service_deployment_flavour=null, auto_scale_policy=null, connection_point=null]
14:11:17.423 [Test worker] DEBUG o.p.n.n.repositories.NSDRepository - Type is: NetworkServiceDescriptor
14:11:17.423 [Test worker] DEBUG o.s.o.j.ExtendedEntityManagerCreator$ExtendedEntityManagerInvocationHandler - No local transaction to join
14:11:17.424 [Test worker] DEBUG o.h.h.i.ast.QueryTranslatorImpl - parse() - HQL: FROM org.project.neutrino.nfvo.catalogue.mano.descriptor.NetworkServiceDescriptor WHERE id='4b4f023e-a4a9-4c2f-97aa-9fec5c14a7ba'
14:11:17.426 [Test worker] DEBUG o.h.h.i.ast.QueryTranslatorImpl - --- HQL AST ---
 \-[QUERY] Node: 'query'
    +-[SELECT_FROM] Node: 'SELECT_FROM'
    |  \-[FROM] Node: 'FROM'
    |     \-[RANGE] Node: 'RANGE'
    |        \-[DOT] Node: '.'
    |           +-[DOT] Node: '.'
    |           |  +-[DOT] Node: '.'
    |           |  |  +-[DOT] Node: '.'
    |           |  |  |  +-[DOT] Node: '.'
    |           |  |  |  |  +-[DOT] Node: '.'
    |           |  |  |  |  |  +-[DOT] Node: '.'
    |           |  |  |  |  |  |  +-[IDENT] Node: 'org'
    |           |  |  |  |  |  |  \-[IDENT] Node: 'project'
    |           |  |  |  |  |  \-[IDENT] Node: 'neutrino'
    |           |  |  |  |  \-[IDENT] Node: 'nfvo'
    |           |  |  |  \-[IDENT] Node: 'catalogue'
    |           |  |  \-[IDENT] Node: 'mano'
    |           |  \-[IDENT] Node: 'descriptor'
    |           \-[IDENT] Node: 'NetworkServiceDescriptor'
    \-[WHERE] Node: 'WHERE'
       \-[EQ] Node: '='
          +-[IDENT] Node: 'id'
          \-[QUOTED_STRING] Node: ''4b4f023e-a4a9-4c2f-97aa-9fec5c14a7ba''

14:11:17.426 [Test worker] DEBUG o.h.hql.internal.ast.ErrorCounter - throwQueryException() : no errors
14:11:17.426 [Test worker] DEBUG o.h.h.i.antlr.HqlSqlBaseWalker - select << begin [level=1, statement=select]
14:11:17.427 [Test worker] DEBUG o.h.h.internal.ast.tree.FromElement - FromClause{level=1} : org.project.neutrino.nfvo.catalogue.mano.descriptor.NetworkServiceDescriptor (<no alias>) -> networkser0_
14:11:17.428 [Test worker] DEBUG o.h.h.i.ast.tree.FromReferenceNode - Resolved : {synthetic-alias} -> {synthetic-alias}
14:11:17.429 [Test worker] DEBUG o.h.hql.internal.ast.tree.DotNode - getDataType() : id -> org.hibernate.type.StringType@5cc5ec95
14:11:17.429 [Test worker] DEBUG o.h.h.i.ast.tree.FromReferenceNode - Resolved : {synthetic-alias}.id -> networkser0_.id
14:11:17.430 [Test worker] DEBUG o.h.h.i.antlr.HqlSqlBaseWalker - select : finishing up [level=1, statement=select]
14:11:17.430 [Test worker] DEBUG o.h.hql.internal.ast.HqlSqlWalker - processQuery() :  ( SELECT ( FromClause{level=1} network_service_descriptor networkser0_ ) ( WHERE ( = ( networkser0_.id {synthetic-alias} id ) '4b4f023e-a4a9-4c2f-97aa-9fec5c14a7ba' ) ) )
14:11:17.430 [Test worker] DEBUG o.h.hql.internal.ast.HqlSqlWalker - Derived SELECT clause created.
14:11:17.430 [Test worker] DEBUG o.h.h.i.ast.util.JoinProcessor - Using FROM fragment [network_service_descriptor networkser0_]
14:11:17.430 [Test worker] DEBUG o.h.h.i.antlr.HqlSqlBaseWalker - select >> end [level=1, statement=select]
14:11:17.431 [Test worker] DEBUG o.h.h.i.ast.QueryTranslatorImpl - --- SQL AST ---
 \-[SELECT] QueryNode: 'SELECT'  querySpaces (network_service_descriptor,nfventity_descriptor)
    +-[SELECT_CLAUSE] SelectClause: '{derived select clause}'
    |  +-[SELECT_EXPR] SelectExpressionImpl: 'networkser0_.id as id1_27_' {FromElement{explicit,not a collection join,not a fetch join,fetch non-lazy properties,classAlias=null,role=null,tableName=network_service_descriptor,tableAlias=networkser0_,origin=null,columns={,className=org.project.neutrino.nfvo.catalogue.mano.descriptor.NetworkServiceDescriptor}}}
    |  \-[SQL_TOKEN] SqlFragment: 'networkser0_.hb_version as hb_versi2_27_, networkser0_.vendor as vendor3_27_, networkser0_.version as version4_27_, networkser0_.nsd_security_id as nsd_secu1_14_'
    +-[FROM] FromClause: 'FROM' FromClause{level=1, fromElementCounter=1, fromElements=1, fromElementByClassAlias=[], fromElementByTableAlias=[networkser0_], fromElementsByPath=[], collectionJoinFromElementsByPath=[], impliedElements=[]}
    |  \-[FROM_FRAGMENT] FromElement: 'network_service_descriptor networkser0_' FromElement{explicit,not a collection join,not a fetch join,fetch non-lazy properties,classAlias=null,role=null,tableName=network_service_descriptor,tableAlias=networkser0_,origin=null,columns={,className=org.project.neutrino.nfvo.catalogue.mano.descriptor.NetworkServiceDescriptor}}
    \-[WHERE] SqlNode: 'WHERE'
       \-[EQ] BinaryLogicOperatorNode: '='
          +-[DOT] DotNode: 'networkser0_.id' {propertyName=id,dereferenceType=PRIMITIVE,getPropertyPath=id,path={synthetic-alias}.id,tableAlias=networkser0_,className=org.project.neutrino.nfvo.catalogue.mano.descriptor.NetworkServiceDescriptor,classAlias=null}
          |  +-[IDENT] IdentNode: '{synthetic-alias}' {originalText={synthetic-alias}}
          |  \-[IDENT] IdentNode: 'id' {originalText=id}
          \-[QUOTED_STRING] LiteralNode: ''4b4f023e-a4a9-4c2f-97aa-9fec5c14a7ba''

14:11:17.431 [Test worker] DEBUG o.h.hql.internal.ast.ErrorCounter - throwQueryException() : no errors
14:11:17.431 [Test worker] DEBUG o.h.h.i.ast.QueryTranslatorImpl - HQL: FROM org.project.neutrino.nfvo.catalogue.mano.descriptor.NetworkServiceDescriptor WHERE id='4b4f023e-a4a9-4c2f-97aa-9fec5c14a7ba'
14:11:17.431 [Test worker] DEBUG o.h.h.i.ast.QueryTranslatorImpl - SQL: select networkser0_.id as id1_27_, networkser0_.hb_version as hb_versi2_27_, networkser0_.vendor as vendor3_27_, networkser0_.version as version4_27_, networkser0_.nsd_security_id as nsd_secu1_14_ from network_service_descriptor networkser0_ where networkser0_.id='4b4f023e-a4a9-4c2f-97aa-9fec5c14a7ba'
14:11:17.431 [Test worker] DEBUG o.h.hql.internal.ast.ErrorCounter - throwQueryException() : no errors
14:11:17.432 [Test worker] DEBUG org.hibernate.SQL - select networkser0_.id as id1_27_, networkser0_.hb_version as hb_versi2_27_, networkser0_.vendor as vendor3_27_, networkser0_.version as version4_27_, networkser0_.nsd_security_id as nsd_secu1_14_ from network_service_descriptor networkser0_ where networkser0_.id='4b4f023e-a4a9-4c2f-97aa-9fec5c14a7ba'
14:11:17.432 [Test worker] DEBUG org.hibernate.loader.Loader - Result set row: 0
14:11:17.433 [Test worker] DEBUG org.hibernate.loader.Loader - Result row: EntityKey[org.project.neutrino.nfvo.catalogue.mano.descriptor.NetworkServiceDescriptor#4b4f023e-a4a9-4c2f-97aa-9fec5c14a7ba]
]]></system-out>
  <system-err><![CDATA[]]></system-err>
</testsuite>
